{"(1, 0)": {"explain_plan": {"Plan": {"Node Type": "Aggregate", "Strategy": "Plain", "Startup Cost": 81432.16, "Total Cost": 81432.17, "Plan Rows": 1, "Plan Width": 123, "Plans": [{"Node Type": "Nested Loop", "Parent Relationship": "Outer", "Join Type": "Inner", "Startup Cost": 0.0, "Total Cost": 81432.14, "Plan Rows": 4, "Plan Width": 59, "Inner Unique": true, "Plans": [{"Node Type": "Nested Loop", "Parent Relationship": "Outer", "Join Type": "Inner", "Startup Cost": 0.0, "Total Cost": 81431.0, "Plan Rows": 4, "Plan Width": 63, "Inner Unique": true, "Plans": [{"Node Type": "Nested Loop", "Parent Relationship": "Outer", "Join Type": "Inner", "Startup Cost": 0.0, "Total Cost": 81429.56, "Plan Rows": 5, "Plan Width": 67, "Inner Unique": false, "Join Filter": "(mi.info_type_id = it1.id)", "Plans": [{"Node Type": "Seq Scan", "Parent Relationship": "Outer", "Relation Name": "info_type", "Alias": "it1", "Startup Cost": 0.0, "Total Cost": 2.4, "Plan Rows": 1, "Plan Width": 4, "Filter": "((info)::text = 'budget'::text)"}, {"Node Type": "Nested Loop", "Parent Relationship": "Inner", "Join Type": "Inner", "Startup Cost": 0.0, "Total Cost": 81413.14, "Plan Rows": 1122, "Plan Width": 71, "Inner Unique": false, "Join Filter": "(t.id = mi.movie_id)", "Plans": [{"Node Type": "Nested Loop", "Parent Relationship": "Outer", "Join Type": "Inner", "Startup Cost": 0.0, "Total Cost": 81260.48, "Plan Rows": 210, "Plan Width": 37, "Inner Unique": false, "Join Filter": "(t.id = mc.movie_id)", "Plans": [{"Node Type": "Nested Loop", "Parent Relationship": "Outer", "Join Type": "Inner", "Startup Cost": 0.0, "Total Cost": 81139.71, "Plan Rows": 311, "Plan Width": 25, "Inner Unique": false, "Join Filter": "(mi_idx.info_type_id = it2.id)", "Plans": [{"Node Type": "Seq Scan", "Parent Relationship": "Outer", "Relation Name": "info_type", "Alias": "it2", "Startup Cost": 0.0, "Total Cost": 2.4, "Plan Rows": 1, "Plan Width": 4, "Filter": "((info)::text = 'bottom 10 rank'::text)"}, {"Node Type": "Nested Loop", "Parent Relationship": "Inner", "Join Type": "Inner", "Startup Cost": 0.0, "Total Cost": 81132.36, "Plan Rows": 396, "Plan Width": 29, "Inner Unique": false, "Plans": [{"Node Type": "Seq Scan", "Parent Relationship": "Outer", "Relation Name": "title", "Alias": "t", "Startup Cost": 0.0, "Total Cost": 79031.44, "Plan Rows": 258, "Plan Width": 21, "Filter": "((production_year > 2000) AND (((title)::text ~~ 'Birdemic%'::text) OR ((title)::text ~~ '%Movie%'::text)))"}, {"Node Type": "Index Scan", "Parent Relationship": "Inner", "Scan Direction": "Forward", "Index Name": "movie_id_movie_info_idx", "Relation Name": "movie_info_idx", "Alias": "mi_idx", "Startup Cost": 0.0, "Total Cost": 8.12, "Plan Rows": 2, "Plan Width": 8, "Index Cond": "(movie_id = t.id)"}]}]}, {"Node Type": "Index Scan", "Parent Relationship": "Inner", "Scan Direction": "Forward", "Index Name": "movie_id_movie_companies", "Relation Name": "movie_companies", "Alias": "mc", "Startup Cost": 0.0, "Total Cost": 0.36, "Plan Rows": 2, "Plan Width": 12, "Index Cond": "(movie_id = mi_idx.movie_id)"}]}, {"Node Type": "Index Scan", "Parent Relationship": "Inner", "Scan Direction": "Forward", "Index Name": "movie_id_movie_info", "Relation Name": "movie_info", "Alias": "mi", "Startup Cost": 0.0, "Total Cost": 0.66, "Plan Rows": 5, "Plan Width": 50, "Index Cond": "(movie_id = mc.movie_id)"}]}]}, {"Node Type": "Index Scan", "Parent Relationship": "Inner", "Scan Direction": "Forward", "Index Name": "company_name_pkey", "Relation Name": "company_name", "Alias": "cn", "Startup Cost": 0.0, "Total Cost": 0.28, "Plan Rows": 1, "Plan Width": 4, "Index Cond": "(id = mc.company_id)", "Filter": "((country_code)::text = '[us]'::text)"}]}, {"Node Type": "Index Scan", "Parent Relationship": "Inner", "Scan Direction": "Forward", "Index Name": "company_type_pkey", "Relation Name": "company_type", "Alias": "ct", "Startup Cost": 0.0, "Total Cost": 0.28, "Plan Rows": 1, "Plan Width": 4, "Index Cond": "(id = mc.company_type_id)", "Filter": "((kind IS NOT NULL) AND (((kind)::text = 'production companies'::text) OR ((kind)::text = 'distributors'::text)))"}]}]}, "Unique SQL Id": 1682224415}, "explain_analyze_plan": {"Plan": {"Node Type": "Aggregate", "Strategy": "Plain", "Startup Cost": 81432.16, "Total Cost": 81432.17, "Plan Rows": 1, "Plan Width": 123, "Actual Startup Time": 1371.266, "Actual Total Time": 1371.266, "Actual Rows": 1, "Actual Loops": 1, "Plans": [{"Node Type": "Nested Loop", "Parent Relationship": "Outer", "Join Type": "Inner", "Startup Cost": 0.0, "Total Cost": 81432.14, "Plan Rows": 4, "Plan Width": 59, "Actual Startup Time": 973.085, "Actual Total Time": 1371.203, "Actual Rows": 5, "Actual Loops": 1, "Inner Unique": true, "Plans": [{"Node Type": "Nested Loop", "Parent Relationship": "Outer", "Join Type": "Inner", "Startup Cost": 0.0, "Total Cost": 81431.0, "Plan Rows": 4, "Plan Width": 63, "Actual Startup Time": 972.828, "Actual Total Time": 1371.159, "Actual Rows": 10, "Actual Loops": 1, "Inner Unique": true, "Plans": [{"Node Type": "Nested Loop", "Parent Relationship": "Outer", "Join Type": "Inner", "Startup Cost": 0.0, "Total Cost": 81429.56, "Plan Rows": 5, "Plan Width": 67, "Actual Startup Time": 972.803, "Actual Total Time": 1370.929, "Actual Rows": 33, "Actual Loops": 1, "Inner Unique": false, "Join Filter": "(mi.info_type_id = it1.id)", "Rows Removed by Join Filter": 4926, "Plans": [{"Node Type": "Seq Scan", "Parent Relationship": "Outer", "Relation Name": "info_type", "Alias": "it1", "Startup Cost": 0.0, "Total Cost": 2.4, "Plan Rows": 1, "Plan Width": 4, "Actual Startup Time": 0.067, "Actual Total Time": 0.078, "Actual Rows": 1, "Actual Loops": 1, "Filter": "((info)::text = 'budget'::text)", "Rows Removed by Filter": 111}, {"Node Type": "Nested Loop", "Parent Relationship": "Inner", "Join Type": "Inner", "Startup Cost": 0.0, "Total Cost": 81413.14, "Plan Rows": 1122, "Plan Width": 71, "Actual Startup Time": 972.653, "Actual Total Time": 1369.917, "Actual Rows": 4959, "Actual Loops": 1, "Inner Unique": false, "Join Filter": "(t.id = mi.movie_id)", "Rows Removed by Join Filter": 0, "Plans": [{"Node Type": "Nested Loop", "Parent Relationship": "Outer", "Join Type": "Inner", "Startup Cost": 0.0, "Total Cost": 81260.48, "Plan Rows": 210, "Plan Width": 37, "Actual Startup Time": 972.576, "Actual Total Time": 1365.779, "Actual Rows": 33, "Actual Loops": 1, "Inner Unique": false, "Join Filter": "(t.id = mc.movie_id)", "Rows Removed by Join Filter": 0, "Plans": [{"Node Type": "Nested Loop", "Parent Relationship": "Outer", "Join Type": "Inner", "Startup Cost": 0.0, "Total Cost": 81139.71, "Plan Rows": 311, "Plan Width": 25, "Actual Startup Time": 972.451, "Actual Total Time": 1365.601, "Actual Rows": 2, "Actual Loops": 1, "Inner Unique": false, "Join Filter": "(mi_idx.info_type_id = it2.id)", "Rows Removed by Join Filter": 2643, "Plans": [{"Node Type": "Seq Scan", "Parent Relationship": "Outer", "Relation Name": "info_type", "Alias": "it2", "Startup Cost": 0.0, "Total Cost": 2.4, "Plan Rows": 1, "Plan Width": 4, "Actual Startup Time": 0.044, "Actual Total Time": 0.051, "Actual Rows": 1, "Actual Loops": 1, "Filter": "((info)::text = 'bottom 10 rank'::text)", "Rows Removed by Filter": 111}, {"Node Type": "Nested Loop", "Parent Relationship": "Inner", "Join Type": "Inner", "Startup Cost": 0.0, "Total Cost": 81132.36, "Plan Rows": 396, "Plan Width": 29, "Actual Startup Time": 13.969, "Actual Total Time": 1364.883, "Actual Rows": 2645, "Actual Loops": 1, "Inner Unique": false, "Plans": [{"Node Type": "Seq Scan", "Parent Relationship": "Outer", "Relation Name": "title", "Alias": "t", "Startup Cost": 0.0, "Total Cost": 79031.44, "Plan Rows": 258, "Plan Width": 21, "Actual Startup Time": 0.371, "Actual Total Time": 1349.84, "Actual Rows": 2536, "Actual Loops": 1, "Filter": "((production_year > 2000) AND (((title)::text ~~ 'Birdemic%'::text) OR ((title)::text ~~ '%Movie%'::text)))", "Rows Removed by Filter": 2525775}, {"Node Type": "Index Scan", "Parent Relationship": "Inner", "Scan Direction": "Forward", "Index Name": "movie_id_movie_info_idx", "Relation Name": "movie_info_idx", "Alias": "mi_idx", "Startup Cost": 0.0, "Total Cost": 8.12, "Plan Rows": 2, "Plan Width": 8, "Actual Startup Time": 11.624, "Actual Total Time": 12.638, "Actual Rows": 2645, "Actual Loops": 2536, "Index Cond": "(movie_id = t.id)", "Rows Removed by Index Recheck": 0}]}]}, {"Node Type": "Index Scan", "Parent Relationship": "Inner", "Scan Direction": "Forward", "Index Name": "movie_id_movie_companies", "Relation Name": "movie_companies", "Alias": "mc", "Startup Cost": 0.0, "Total Cost": 0.36, "Plan Rows": 2, "Plan Width": 12, "Actual Startup Time": 0.033, "Actual Total Time": 0.054, "Actual Rows": 33, "Actual Loops": 2, "Index Cond": "(movie_id = mi_idx.movie_id)", "Rows Removed by Index Recheck": 0}]}, {"Node Type": "Index Scan", "Parent Relationship": "Inner", "Scan Direction": "Forward", "Index Name": "movie_id_movie_info", "Relation Name": "movie_info", "Alias": "mi", "Startup Cost": 0.0, "Total Cost": 0.66, "Plan Rows": 5, "Plan Width": 50, "Actual Startup Time": 0.527, "Actual Total Time": 2.538, "Actual Rows": 4959, "Actual Loops": 33, "Index Cond": "(movie_id = mc.movie_id)", "Rows Removed by Index Recheck": 0}]}]}, {"Node Type": "Index Scan", "Parent Relationship": "Inner", "Scan Direction": "Forward", "Index Name": "company_name_pkey", "Relation Name": "company_name", "Alias": "cn", "Startup Cost": 0.0, "Total Cost": 0.28, "Plan Rows": 1, "Plan Width": 4, "Actual Startup Time": 0.2, "Actual Total Time": 0.2, "Actual Rows": 10, "Actual Loops": 33, "Index Cond": "(id = mc.company_id)", "Rows Removed by Index Recheck": 0, "Filter": "((country_code)::text = '[us]'::text)", "Rows Removed by Filter": 23}]}, {"Node Type": "Index Scan", "Parent Relationship": "Inner", "Scan Direction": "Forward", "Index Name": "company_type_pkey", "Relation Name": "company_type", "Alias": "ct", "Startup Cost": 0.0, "Total Cost": 0.28, "Plan Rows": 1, "Plan Width": 4, "Actual Startup Time": 0.026, "Actual Total Time": 0.026, "Actual Rows": 5, "Actual Loops": 10, "Index Cond": "(id = mc.company_type_id)", "Rows Removed by Index Recheck": 0, "Filter": "((kind IS NOT NULL) AND (((kind)::text = 'production companies'::text) OR ((kind)::text = 'distributors'::text)))", "Rows Removed by Filter": 0}]}]}, "Triggers": [], "Planner Runtime": 98.34, "Total Runtime": 1371.638, "Unique SQL Id": 1682224415}}, "(1, 1)": {"explain_plan": {"Plan": {"Node Type": "Aggregate", "Strategy": "Plain", "Startup Cost": 131520.91, "Total Cost": 131520.92, "Plan Rows": 1, "Plan Width": 123, "Plans": [{"Node Type": "Nested Loop", "Parent Relationship": "Outer", "Join Type": "Inner", "Startup Cost": 0.0, "Total Cost": 131520.67, "Plan Rows": 48, "Plan Width": 59, "Inner Unique": true, "Plans": [{"Node Type": "Nested Loop", "Parent Relationship": "Outer", "Join Type": "Inner", "Startup Cost": 0.0, "Total Cost": 131506.99, "Plan Rows": 48, "Plan Width": 63, "Inner Unique": true, "Plans": [{"Node Type": "Nested Loop", "Parent Relationship": "Outer", "Join Type": "Inner", "Startup Cost": 0.0, "Total Cost": 131505.55, "Plan Rows": 5, "Plan Width": 67, "Inner Unique": false, "Join Filter": "(mi.info_type_id = it1.id)", "Plans": [{"Node Type": "Index Scan", "Parent Relationship": "Outer", "Scan Direction": "Forward", "Index Name": "info_type_pkey", "Relation Name": "info_type", "Alias": "it1", "Startup Cost": 0.0, "Total Cost": 14.21, "Plan Rows": 1, "Plan Width": 4, "Filter": "((info)::text = 'budget'::text)"}, {"Node Type": "Nested Loop", "Parent Relationship": "Inner", "Join Type": "Inner", "Startup Cost": 0.0, "Total Cost": 131477.32, "Plan Rows": 1122, "Plan Width": 71, "Inner Unique": false, "Join Filter": "(t.id = mi.movie_id)", "Plans": [{"Node Type": "Nested Loop", "Parent Relationship": "Outer", "Join Type": "Inner", "Startup Cost": 0.0, "Total Cost": 131324.66, "Plan Rows": 210, "Plan Width": 37, "Inner Unique": false, "Join Filter": "(t.id = mc.movie_id)", "Plans": [{"Node Type": "Nested Loop", "Parent Relationship": "Outer", "Join Type": "Inner", "Startup Cost": 0.0, "Total Cost": 131203.89, "Plan Rows": 311, "Plan Width": 25, "Inner Unique": true, "Join Filter": "(mi_idx.info_type_id = it2.id)", "Plans": [{"Node Type": "Nested Loop", "Parent Relationship": "Outer", "Join Type": "Inner", "Startup Cost": 0.0, "Total Cost": 131183.74, "Plan Rows": 396, "Plan Width": 29, "Inner Unique": false, "Plans": [{"Node Type": "Index Scan", "Parent Relationship": "Outer", "Scan Direction": "Forward", "Index Name": "title_pkey", "Relation Name": "title", "Alias": "t", "Startup Cost": 0.0, "Total Cost": 129082.82, "Plan Rows": 258, "Plan Width": 21, "Filter": "((production_year > 2000) AND (((title)::text ~~ 'Birdemic%'::text) OR ((title)::text ~~ '%Movie%'::text)))"}, {"Node Type": "Index Scan", "Parent Relationship": "Inner", "Scan Direction": "Forward", "Index Name": "movie_id_movie_info_idx", "Relation Name": "movie_info_idx", "Alias": "mi_idx", "Startup Cost": 0.0, "Total Cost": 8.12, "Plan Rows": 2, "Plan Width": 8, "Index Cond": "(movie_id = t.id)"}]}, {"Node Type": "Materialize", "Parent Relationship": "Inner", "Startup Cost": 0.0, "Total Cost": 14.22, "Plan Rows": 1, "Plan Width": 4, "Plans": [{"Node Type": "Index Scan", "Parent Relationship": "Outer", "Scan Direction": "Forward", "Index Name": "info_type_pkey", "Relation Name": "info_type", "Alias": "it2", "Startup Cost": 0.0, "Total Cost": 14.21, "Plan Rows": 1, "Plan Width": 4, "Filter": "((info)::text = 'bottom 10 rank'::text)"}]}]}, {"Node Type": "Index Scan", "Parent Relationship": "Inner", "Scan Direction": "Forward", "Index Name": "movie_id_movie_companies", "Relation Name": "movie_companies", "Alias": "mc", "Startup Cost": 0.0, "Total Cost": 0.36, "Plan Rows": 2, "Plan Width": 12, "Index Cond": "(movie_id = mi_idx.movie_id)"}]}, {"Node Type": "Index Scan", "Parent Relationship": "Inner", "Scan Direction": "Forward", "Index Name": "movie_id_movie_info", "Relation Name": "movie_info", "Alias": "mi", "Startup Cost": 0.0, "Total Cost": 0.66, "Plan Rows": 5, "Plan Width": 50, "Index Cond": "(movie_id = mc.movie_id)"}]}]}, {"Node Type": "Index Scan", "Parent Relationship": "Inner", "Scan Direction": "Forward", "Index Name": "company_name_pkey", "Relation Name": "company_name", "Alias": "cn", "Startup Cost": 0.0, "Total Cost": 0.28, "Plan Rows": 1, "Plan Width": 4, "Index Cond": "(id = mc.company_id)", "Filter": "((country_code)::text = '[us]'::text)"}]}, {"Node Type": "Index Scan", "Parent Relationship": "Inner", "Scan Direction": "Forward", "Index Name": "company_type_pkey", "Relation Name": "company_type", "Alias": "ct", "Startup Cost": 0.0, "Total Cost": 0.28, "Plan Rows": 1, "Plan Width": 4, "Index Cond": "(id = mc.company_type_id)", "Filter": "((kind IS NOT NULL) AND (((kind)::text = 'production companies'::text) OR ((kind)::text = 'distributors'::text)))"}]}]}, "Unique SQL Id": 1682224415}, "explain_analyze_plan": null}, "(1, 2)": {"explain_plan": {"Plan": {"Node Type": "Aggregate", "Strategy": "Plain", "Startup Cost": 84498.66, "Total Cost": 84498.67, "Plan Rows": 1, "Plan Width": 123, "Plans": [{"Node Type": "Nested Loop", "Parent Relationship": "Outer", "Join Type": "Inner", "Startup Cost": 5.1, "Total Cost": 84498.64, "Plan Rows": 4, "Plan Width": 59, "Inner Unique": true, "Join Filter": "(mc.company_type_id = ct.id)", "Plans": [{"Node Type": "Nested Loop", "Parent Relationship": "Outer", "Join Type": "Inner", "Startup Cost": 5.1, "Total Cost": 84497.47, "Plan Rows": 4, "Plan Width": 63, "Inner Unique": true, "Plans": [{"Node Type": "Nested Loop", "Parent Relationship": "Outer", "Join Type": "Inner", "Startup Cost": 4.84, "Total Cost": 84476.05, "Plan Rows": 5, "Plan Width": 67, "Inner Unique": false, "Join Filter": "(mi.info_type_id = it1.id)", "Plans": [{"Node Type": "Seq Scan", "Parent Relationship": "Outer", "Relation Name": "info_type", "Alias": "it1", "Startup Cost": 0.0, "Total Cost": 2.4, "Plan Rows": 1, "Plan Width": 4, "Filter": "((info)::text = 'budget'::text)"}, {"Node Type": "Nested Loop", "Parent Relationship": "Inner", "Join Type": "Inner", "Startup Cost": 4.84, "Total Cost": 84459.62, "Plan Rows": 1122, "Plan Width": 71, "Inner Unique": false, "Join Filter": "(t.id = mi.movie_id)", "Plans": [{"Node Type": "Nested Loop", "Parent Relationship": "Outer", "Join Type": "Inner", "Startup Cost": 4.47, "Total Cost": 83514.44, "Plan Rows": 210, "Plan Width": 37, "Inner Unique": false, "Join Filter": "(t.id = mc.movie_id)", "Plans": [{"Node Type": "Nested Loop", "Parent Relationship": "Outer", "Join Type": "Inner", "Startup Cost": 4.17, "Total Cost": 82163.69, "Plan Rows": 311, "Plan Width": 25, "Inner Unique": false, "Join Filter": "(mi_idx.info_type_id = it2.id)", "Plans": [{"Node Type": "Seq Scan", "Parent Relationship": "Outer", "Relation Name": "info_type", "Alias": "it2", "Startup Cost": 0.0, "Total Cost": 2.4, "Plan Rows": 1, "Plan Width": 4, "Filter": "((info)::text = 'bottom 10 rank'::text)"}, {"Node Type": "Nested Loop", "Parent Relationship": "Inner", "Join Type": "Inner", "Startup Cost": 4.17, "Total Cost": 82156.34, "Plan Rows": 396, "Plan Width": 29, "Inner Unique": false, "Plans": [{"Node Type": "Seq Scan", "Parent Relationship": "Outer", "Relation Name": "title", "Alias": "t", "Startup Cost": 0.0, "Total Cost": 79031.44, "Plan Rows": 258, "Plan Width": 21, "Filter": "((production_year > 2000) AND (((title)::text ~~ 'Birdemic%'::text) OR ((title)::text ~~ '%Movie%'::text)))"}, {"Node Type": "Bitmap Heap Scan", "Parent Relationship": "Inner", "Relation Name": "movie_info_idx", "Alias": "mi_idx", "Startup Cost": 4.17, "Total Cost": 12.09, "Plan Rows": 2, "Plan Width": 8, "Recheck Cond": "(movie_id = t.id)", "Plans": [{"Node Type": "Bitmap Index Scan", "Parent Relationship": "Outer", "Index Name": "movie_id_movie_info_idx", "Startup Cost": 0.0, "Total Cost": 4.17, "Plan Rows": 2, "Plan Width": 0, "Index Cond": "(movie_id = t.id)"}]}]}]}, {"Node Type": "Bitmap Heap Scan", "Parent Relationship": "Inner", "Relation Name": "movie_companies", "Alias": "mc", "Startup Cost": 0.29, "Total Cost": 4.32, "Plan Rows": 2, "Plan Width": 12, "Recheck Cond": "(movie_id = mi_idx.movie_id)", "Plans": [{"Node Type": "Bitmap Index Scan", "Parent Relationship": "Outer", "Index Name": "movie_id_movie_companies", "Startup Cost": 0.0, "Total Cost": 0.29, "Plan Rows": 2, "Plan Width": 0, "Index Cond": "(movie_id = mi_idx.movie_id)"}]}]}, {"Node Type": "Bitmap Heap Scan", "Parent Relationship": "Inner", "Relation Name": "movie_info", "Alias": "mi", "Startup Cost": 0.38, "Total Cost": 4.44, "Plan Rows": 5, "Plan Width": 50, "Recheck Cond": "(movie_id = mc.movie_id)", "Plans": [{"Node Type": "Bitmap Index Scan", "Parent Relationship": "Outer", "Index Name": "movie_id_movie_info", "Startup Cost": 0.0, "Total Cost": 0.37, "Plan Rows": 5, "Plan Width": 0, "Index Cond": "(movie_id = mc.movie_id)"}]}]}]}, {"Node Type": "Bitmap Heap Scan", "Parent Relationship": "Inner", "Relation Name": "company_name", "Alias": "cn", "Startup Cost": 0.26, "Total Cost": 4.27, "Plan Rows": 1, "Plan Width": 4, "Recheck Cond": "(id = mc.company_id)", "Filter": "((country_code)::text = '[us]'::text)", "Plans": [{"Node Type": "Bitmap Index Scan", "Parent Relationship": "Outer", "Index Name": "company_name_pkey", "Startup Cost": 0.0, "Total Cost": 0.26, "Plan Rows": 1, "Plan Width": 0, "Index Cond": "(id = mc.company_id)"}]}]}, {"Node Type": "Materialize", "Parent Relationship": "Inner", "Startup Cost": 0.0, "Total Cost": 1.05, "Plan Rows": 2, "Plan Width": 4, "Plans": [{"Node Type": "Seq Scan", "Parent Relationship": "Outer", "Relation Name": "company_type", "Alias": "ct", "Startup Cost": 0.0, "Total Cost": 1.04, "Plan Rows": 2, "Plan Width": 4, "Filter": "((kind IS NOT NULL) AND (((kind)::text = 'production companies'::text) OR ((kind)::text = 'distributors'::text)))"}]}]}]}, "Unique SQL Id": 1682224415}, "explain_analyze_plan": {"Plan": {"Node Type": "Aggregate", "Strategy": "Plain", "Startup Cost": 84498.66, "Total Cost": 84498.67, "Plan Rows": 1, "Plan Width": 123, "Actual Startup Time": 1368.298, "Actual Total Time": 1368.299, "Actual Rows": 1, "Actual Loops": 1, "Plans": [{"Node Type": "Nested Loop", "Parent Relationship": "Outer", "Join Type": "Inner", "Startup Cost": 5.1, "Total Cost": 84498.64, "Plan Rows": 4, "Plan Width": 59, "Actual Startup Time": 967.173, "Actual Total Time": 1368.24, "Actual Rows": 5, "Actual Loops": 1, "Inner Unique": true, "Join Filter": "(mc.company_type_id = ct.id)", "Rows Removed by Join Filter": 5, "Plans": [{"Node Type": "Nested Loop", "Parent Relationship": "Outer", "Join Type": "Inner", "Startup Cost": 5.1, "Total Cost": 84497.47, "Plan Rows": 4, "Plan Width": 63, "Actual Startup Time": 966.883, "Actual Total Time": 1368.195, "Actual Rows": 10, "Actual Loops": 1, "Inner Unique": true, "Plans": [{"Node Type": "Nested Loop", "Parent Relationship": "Outer", "Join Type": "Inner", "Startup Cost": 4.84, "Total Cost": 84476.05, "Plan Rows": 5, "Plan Width": 67, "Actual Startup Time": 966.856, "Actual Total Time": 1367.898, "Actual Rows": 33, "Actual Loops": 1, "Inner Unique": false, "Join Filter": "(mi.info_type_id = it1.id)", "Rows Removed by Join Filter": 4926, "Plans": [{"Node Type": "Seq Scan", "Parent Relationship": "Outer", "Relation Name": "info_type", "Alias": "it1", "Startup Cost": 0.0, "Total Cost": 2.4, "Plan Rows": 1, "Plan Width": 4, "Actual Startup Time": 0.055, "Actual Total Time": 0.062, "Actual Rows": 1, "Actual Loops": 1, "Filter": "((info)::text = 'budget'::text)", "Rows Removed by Filter": 111}, {"Node Type": "Nested Loop", "Parent Relationship": "Inner", "Join Type": "Inner", "Startup Cost": 4.84, "Total Cost": 84459.62, "Plan Rows": 1122, "Plan Width": 71, "Actual Startup Time": 966.73, "Actual Total Time": 1366.883, "Actual Rows": 4959, "Actual Loops": 1, "Inner Unique": false, "Join Filter": "(t.id = mi.movie_id)", "Rows Removed by Join Filter": 0, "Plans": [{"Node Type": "Nested Loop", "Parent Relationship": "Outer", "Join Type": "Inner", "Startup Cost": 4.47, "Total Cost": 83514.44, "Plan Rows": 210, "Plan Width": 37, "Actual Startup Time": 966.675, "Actual Total Time": 1362.7, "Actual Rows": 33, "Actual Loops": 1, "Inner Unique": false, "Join Filter": "(t.id = mc.movie_id)", "Rows Removed by Join Filter": 0, "Plans": [{"Node Type": "Nested Loop", "Parent Relationship": "Outer", "Join Type": "Inner", "Startup Cost": 4.17, "Total Cost": 82163.69, "Plan Rows": 311, "Plan Width": 25, "Actual Startup Time": 966.598, "Actual Total Time": 1362.569, "Actual Rows": 2, "Actual Loops": 1, "Inner Unique": false, "Join Filter": "(mi_idx.info_type_id = it2.id)", "Rows Removed by Join Filter": 2643, "Plans": [{"Node Type": "Seq Scan", "Parent Relationship": "Outer", "Relation Name": "info_type", "Alias": "it2", "Startup Cost": 0.0, "Total Cost": 2.4, "Plan Rows": 1, "Plan Width": 4, "Actual Startup Time": 0.041, "Actual Total Time": 0.046, "Actual Rows": 1, "Actual Loops": 1, "Filter": "((info)::text = 'bottom 10 rank'::text)", "Rows Removed by Filter": 111}, {"Node Type": "Nested Loop", "Parent Relationship": "Inner", "Join Type": "Inner", "Startup Cost": 4.17, "Total Cost": 82156.34, "Plan Rows": 396, "Plan Width": 29, "Actual Startup Time": 14.116, "Actual Total Time": 1361.789, "Actual Rows": 2645, "Actual Loops": 1, "Inner Unique": false, "Plans": [{"Node Type": "Seq Scan", "Parent Relationship": "Outer", "Relation Name": "title", "Alias": "t", "Startup Cost": 0.0, "Total Cost": 79031.44, "Plan Rows": 258, "Plan Width": 21, "Actual Startup Time": 0.372, "Actual Total Time": 1341.772, "Actual Rows": 2536, "Actual Loops": 1, "Filter": "((production_year > 2000) AND (((title)::text ~~ 'Birdemic%'::text) OR ((title)::text ~~ '%Movie%'::text)))", "Rows Removed by Filter": 2525775}, {"Node Type": "Bitmap Heap Scan", "Parent Relationship": "Inner", "Relation Name": "movie_info_idx", "Alias": "mi_idx", "Startup Cost": 4.17, "Total Cost": 12.09, "Plan Rows": 2, "Plan Width": 8, "Actual Startup Time": 14.961, "Actual Total Time": 15.336, "Actual Rows": 2645, "Actual Loops": 2536, "Recheck Cond": "(movie_id = t.id)", "Rows Removed by Index Recheck": 0, "Exact Heap Blocks": 890, "Lossy Heap Blocks": 890, "Plans": [{"Node Type": "Bitmap Index Scan", "Parent Relationship": "Outer", "Index Name": "movie_id_movie_info_idx", "Startup Cost": 0.0, "Total Cost": 4.17, "Plan Rows": 2, "Plan Width": 0, "Actual Startup Time": 10.951, "Actual Total Time": 10.951, "Actual Rows": 2645, "Actual Loops": 2536, "Index Cond": "(movie_id = t.id)"}]}]}]}, {"Node Type": "Bitmap Heap Scan", "Parent Relationship": "Inner", "Relation Name": "movie_companies", "Alias": "mc", "Startup Cost": 0.29, "Total Cost": 4.32, "Plan Rows": 2, "Plan Width": 12, "Actual Startup Time": 0.07, "Actual Total Time": 0.08, "Actual Rows": 33, "Actual Loops": 2, "Recheck Cond": "(movie_id = mi_idx.movie_id)", "Rows Removed by Index Recheck": 0, "Exact Heap Blocks": 4, "Lossy Heap Blocks": 4, "Plans": [{"Node Type": "Bitmap Index Scan", "Parent Relationship": "Outer", "Index Name": "movie_id_movie_companies", "Startup Cost": 0.0, "Total Cost": 0.29, "Plan Rows": 2, "Plan Width": 0, "Actual Startup Time": 0.033, "Actual Total Time": 0.033, "Actual Rows": 33, "Actual Loops": 2, "Index Cond": "(movie_id = mi_idx.movie_id)"}]}]}, {"Node Type": "Bitmap Heap Scan", "Parent Relationship": "Inner", "Relation Name": "movie_info", "Alias": "mi", "Startup Cost": 0.38, "Total Cost": 4.44, "Plan Rows": 5, "Plan Width": 50, "Actual Startup Time": 0.795, "Actual Total Time": 2.552, "Actual Rows": 4959, "Actual Loops": 33, "Recheck Cond": "(movie_id = mc.movie_id)", "Rows Removed by Index Recheck": 0, "Exact Heap Blocks": 710, "Lossy Heap Blocks": 710, "Plans": [{"Node Type": "Bitmap Index Scan", "Parent Relationship": "Outer", "Index Name": "movie_id_movie_info", "Startup Cost": 0.0, "Total Cost": 0.37, "Plan Rows": 5, "Plan Width": 0, "Actual Startup Time": 0.662, "Actual Total Time": 0.662, "Actual Rows": 4959, "Actual Loops": 33, "Index Cond": "(movie_id = mc.movie_id)"}]}]}]}, {"Node Type": "Bitmap Heap Scan", "Parent Relationship": "Inner", "Relation Name": "company_name", "Alias": "cn", "Startup Cost": 0.26, "Total Cost": 4.27, "Plan Rows": 1, "Plan Width": 4, "Actual Startup Time": 0.244, "Actual Total Time": 0.244, "Actual Rows": 10, "Actual Loops": 33, "Recheck Cond": "(id = mc.company_id)", "Rows Removed by Index Recheck": 0, "Filter": "((country_code)::text = '[us]'::text)", "Rows Removed by Filter": 23, "Exact Heap Blocks": 33, "Lossy Heap Blocks": 33, "Plans": [{"Node Type": "Bitmap Index Scan", "Parent Relationship": "Outer", "Index Name": "company_name_pkey", "Startup Cost": 0.0, "Total Cost": 0.26, "Plan Rows": 1, "Plan Width": 0, "Actual Startup Time": 0.137, "Actual Total Time": 0.137, "Actual Rows": 33, "Actual Loops": 33, "Index Cond": "(id = mc.company_id)"}]}]}, {"Node Type": "Materialize", "Parent Relationship": "Inner", "Startup Cost": 0.0, "Total Cost": 1.05, "Plan Rows": 2, "Plan Width": 4, "Actual Startup Time": 0.023, "Actual Total Time": 0.029, "Actual Rows": 10, "Actual Loops": 10, "Plans": [{"Node Type": "Seq Scan", "Parent Relationship": "Outer", "Relation Name": "company_type", "Alias": "ct", "Startup Cost": 0.0, "Total Cost": 1.04, "Plan Rows": 2, "Plan Width": 4, "Actual Startup Time": 0.013, "Actual Total Time": 0.018, "Actual Rows": 1, "Actual Loops": 1, "Filter": "((kind IS NOT NULL) AND (((kind)::text = 'production companies'::text) OR ((kind)::text = 'distributors'::text)))", "Rows Removed by Filter": 2}]}]}]}, "Triggers": [], "Planner Runtime": 89.734, "Total Runtime": 1368.646, "Unique SQL Id": 1682224415}}, "(1, 3)": {"explain_plan": {"Plan": {"Node Type": "Aggregate", "Strategy": "Plain", "Startup Cost": 1000012336498.63, "Total Cost": 1000012336498.64, "Plan Rows": 1, "Plan Width": 123, "Plans": [{"Node Type": "Nested Loop", "Parent Relationship": "Outer", "Join Type": "Inner", "Startup Cost": 10000000002.04, "Total Cost": 1000012336498.61, "Plan Rows": 4, "Plan Width": 59, "Inner Unique": true, "Plans": [{"Node Type": "Nested Loop", "Parent Relationship": "Outer", "Join Type": "Inner", "Startup Cost": 10000000001.78, "Total Cost": 1000012336438.65, "Plan Rows": 14, "Plan Width": 63, "Inner Unique": true, "Plans": [{"Node Type": "Nested Loop", "Parent Relationship": "Outer", "Join Type": "Inner", "Startup Cost": 10000000001.52, "Total Cost": 1000012336378.66, "Plan Rows": 14, "Plan Width": 67, "Inner Unique": true, "Plans": [{"Node Type": "Nested Loop", "Parent Relationship": "Outer", "Join Type": "Inner", "Startup Cost": 10000000001.26, "Total Cost": 1000012336100.24, "Plan Rows": 65, "Plan Width": 71, "Inner Unique": false, "Join Filter": "(t.id = mc.movie_id)", "Plans": [{"Node Type": "Nested Loop", "Parent Relationship": "Outer", "Join Type": "Inner", "Startup Cost": 10000000001.0, "Total Cost": 1000012335970.7, "Plan Rows": 30, "Plan Width": 75, "Inner Unique": true, "Plans": [{"Node Type": "Nested Loop", "Parent Relationship": "Outer", "Join Type": "Inner", "Startup Cost": 10000000000.74, "Total Cost": 1000012326904.12, "Plan Rows": 2117, "Plan Width": 79, "Inner Unique": false, "Join Filter": "(t.id = mi.movie_id)", "Plans": [{"Node Type": "Nested Loop", "Parent Relationship": "Outer", "Join Type": "Inner", "Startup Cost": 10000000000.28, "Total Cost": 1000012325091.05, "Plan Rows": 396, "Plan Width": 29, "Inner Unique": true, "Plans": [{"Node Type": "Index Scan", "Parent Relationship": "Outer", "Scan Direction": "Forward", "Index Name": "info_type_id_movie_info_idx", "Relation Name": "movie_info_idx", "Alias": "mi_idx", "Startup Cost": 10000000000.0, "Total Cost": 1000006370838.27, "Plan Rows": 1380034, "Plan Width": 8}, {"Node Type": "Bitmap Heap Scan", "Parent Relationship": "Inner", "Relation Name": "title", "Alias": "t", "Startup Cost": 0.28, "Total Cost": 4.3, "Plan Rows": 1, "Plan Width": 21, "Recheck Cond": "(id = mi_idx.movie_id)", "Filter": "((production_year > 2000) AND (((title)::text ~~ 'Birdemic%'::text) OR ((title)::text ~~ '%Movie%'::text)))", "Plans": [{"Node Type": "Bitmap Index Scan", "Parent Relationship": "Outer", "Index Name": "title_pkey", "Startup Cost": 0.0, "Total Cost": 0.28, "Plan Rows": 1, "Plan Width": 0, "Index Cond": "(id = mi_idx.movie_id)"}]}]}, {"Node Type": "Bitmap Heap Scan", "Parent Relationship": "Inner", "Relation Name": "movie_info", "Alias": "mi", "Startup Cost": 0.45, "Total Cost": 4.52, "Plan Rows": 5, "Plan Width": 50, "Recheck Cond": "(movie_id = mi_idx.movie_id)", "Plans": [{"Node Type": "Bitmap Index Scan", "Parent Relationship": "Outer", "Index Name": "movie_id_movie_info", "Startup Cost": 0.0, "Total Cost": 0.45, "Plan Rows": 5, "Plan Width": 0, "Index Cond": "(movie_id = mi_idx.movie_id)"}]}]}, {"Node Type": "Bitmap Heap Scan", "Parent Relationship": "Inner", "Relation Name": "info_type", "Alias": "it1", "Startup Cost": 0.26, "Total Cost": 4.27, "Plan Rows": 1, "Plan Width": 4, "Recheck Cond": "(id = mi.info_type_id)", "Filter": "((info)::text = 'budget'::text)", "Plans": [{"Node Type": "Bitmap Index Scan", "Parent Relationship": "Outer", "Index Name": "info_type_pkey", "Startup Cost": 0.0, "Total Cost": 0.26, "Plan Rows": 1, "Plan Width": 0, "Index Cond": "(id = mi.info_type_id)"}]}]}, {"Node Type": "Bitmap Heap Scan", "Parent Relationship": "Inner", "Relation Name": "movie_companies", "Alias": "mc", "Startup Cost": 0.27, "Total Cost": 4.29, "Plan Rows": 2, "Plan Width": 12, "Recheck Cond": "(movie_id = mi.movie_id)", "Plans": [{"Node Type": "Bitmap Index Scan", "Parent Relationship": "Outer", "Index Name": "movie_id_movie_companies", "Startup Cost": 0.0, "Total Cost": 0.27, "Plan Rows": 2, "Plan Width": 0, "Index Cond": "(movie_id = mi.movie_id)"}]}]}, {"Node Type": "Bitmap Heap Scan", "Parent Relationship": "Inner", "Relation Name": "company_name", "Alias": "cn", "Startup Cost": 0.26, "Total Cost": 4.27, "Plan Rows": 1, "Plan Width": 4, "Recheck Cond": "(id = mc.company_id)", "Filter": "((country_code)::text = '[us]'::text)", "Plans": [{"Node Type": "Bitmap Index Scan", "Parent Relationship": "Outer", "Index Name": "company_name_pkey", "Startup Cost": 0.0, "Total Cost": 0.26, "Plan Rows": 1, "Plan Width": 0, "Index Cond": "(id = mc.company_id)"}]}]}, {"Node Type": "Bitmap Heap Scan", "Parent Relationship": "Inner", "Relation Name": "company_type", "Alias": "ct", "Startup Cost": 0.26, "Total Cost": 4.28, "Plan Rows": 1, "Plan Width": 4, "Recheck Cond": "(id = mc.company_type_id)", "Filter": "((kind IS NOT NULL) AND (((kind)::text = 'production companies'::text) OR ((kind)::text = 'distributors'::text)))", "Plans": [{"Node Type": "Bitmap Index Scan", "Parent Relationship": "Outer", "Index Name": "company_type_pkey", "Startup Cost": 0.0, "Total Cost": 0.26, "Plan Rows": 1, "Plan Width": 0, "Index Cond": "(id = mc.company_type_id)"}]}]}, {"Node Type": "Bitmap Heap Scan", "Parent Relationship": "Inner", "Relation Name": "info_type", "Alias": "it2", "Startup Cost": 0.26, "Total Cost": 4.27, "Plan Rows": 1, "Plan Width": 4, "Recheck Cond": "(id = mi_idx.info_type_id)", "Filter": "((info)::text = 'bottom 10 rank'::text)", "Plans": [{"Node Type": "Bitmap Index Scan", "Parent Relationship": "Outer", "Index Name": "info_type_pkey", "Startup Cost": 0.0, "Total Cost": 0.26, "Plan Rows": 1, "Plan Width": 0, "Index Cond": "(id = mi_idx.info_type_id)"}]}]}]}, "Unique SQL Id": 1682224415}, "explain_analyze_plan": null}, "(1, 4)": {"explain_plan": {"Plan": {"Node Type": "Aggregate", "Strategy": "Plain", "Startup Cost": 81432.16, "Total Cost": 81432.17, "Plan Rows": 1, "Plan Width": 123, "Plans": [{"Node Type": "Nested Loop", "Parent Relationship": "Outer", "Join Type": "Inner", "Startup Cost": 0.0, "Total Cost": 81432.14, "Plan Rows": 4, "Plan Width": 59, "Inner Unique": true, "Plans": [{"Node Type": "Nested Loop", "Parent Relationship": "Outer", "Join Type": "Inner", "Startup Cost": 0.0, "Total Cost": 81431.0, "Plan Rows": 4, "Plan Width": 63, "Inner Unique": true, "Plans": [{"Node Type": "Nested Loop", "Parent Relationship": "Outer", "Join Type": "Inner", "Startup Cost": 0.0, "Total Cost": 81429.56, "Plan Rows": 5, "Plan Width": 67, "Inner Unique": false, "Join Filter": "(mi.info_type_id = it1.id)", "Plans": [{"Node Type": "Seq Scan", "Parent Relationship": "Outer", "Relation Name": "info_type", "Alias": "it1", "Startup Cost": 0.0, "Total Cost": 2.4, "Plan Rows": 1, "Plan Width": 4, "Filter": "((info)::text = 'budget'::text)"}, {"Node Type": "Nested Loop", "Parent Relationship": "Inner", "Join Type": "Inner", "Startup Cost": 0.0, "Total Cost": 81413.14, "Plan Rows": 1122, "Plan Width": 71, "Inner Unique": false, "Join Filter": "(t.id = mi.movie_id)", "Plans": [{"Node Type": "Nested Loop", "Parent Relationship": "Outer", "Join Type": "Inner", "Startup Cost": 0.0, "Total Cost": 81260.48, "Plan Rows": 210, "Plan Width": 37, "Inner Unique": false, "Join Filter": "(t.id = mc.movie_id)", "Plans": [{"Node Type": "Nested Loop", "Parent Relationship": "Outer", "Join Type": "Inner", "Startup Cost": 0.0, "Total Cost": 81139.71, "Plan Rows": 311, "Plan Width": 25, "Inner Unique": false, "Join Filter": "(mi_idx.info_type_id = it2.id)", "Plans": [{"Node Type": "Seq Scan", "Parent Relationship": "Outer", "Relation Name": "info_type", "Alias": "it2", "Startup Cost": 0.0, "Total Cost": 2.4, "Plan Rows": 1, "Plan Width": 4, "Filter": "((info)::text = 'bottom 10 rank'::text)"}, {"Node Type": "Nested Loop", "Parent Relationship": "Inner", "Join Type": "Inner", "Startup Cost": 0.0, "Total Cost": 81132.36, "Plan Rows": 396, "Plan Width": 29, "Inner Unique": false, "Plans": [{"Node Type": "Seq Scan", "Parent Relationship": "Outer", "Relation Name": "title", "Alias": "t", "Startup Cost": 0.0, "Total Cost": 79031.44, "Plan Rows": 258, "Plan Width": 21, "Filter": "((production_year > 2000) AND (((title)::text ~~ 'Birdemic%'::text) OR ((title)::text ~~ '%Movie%'::text)))"}, {"Node Type": "Index Scan", "Parent Relationship": "Inner", "Scan Direction": "Forward", "Index Name": "movie_id_movie_info_idx", "Relation Name": "movie_info_idx", "Alias": "mi_idx", "Startup Cost": 0.0, "Total Cost": 8.12, "Plan Rows": 2, "Plan Width": 8, "Index Cond": "(movie_id = t.id)"}]}]}, {"Node Type": "Index Scan", "Parent Relationship": "Inner", "Scan Direction": "Forward", "Index Name": "movie_id_movie_companies", "Relation Name": "movie_companies", "Alias": "mc", "Startup Cost": 0.0, "Total Cost": 0.36, "Plan Rows": 2, "Plan Width": 12, "Index Cond": "(movie_id = mi_idx.movie_id)"}]}, {"Node Type": "Index Scan", "Parent Relationship": "Inner", "Scan Direction": "Forward", "Index Name": "movie_id_movie_info", "Relation Name": "movie_info", "Alias": "mi", "Startup Cost": 0.0, "Total Cost": 0.66, "Plan Rows": 5, "Plan Width": 50, "Index Cond": "(movie_id = mc.movie_id)"}]}]}, {"Node Type": "Index Scan", "Parent Relationship": "Inner", "Scan Direction": "Forward", "Index Name": "company_name_pkey", "Relation Name": "company_name", "Alias": "cn", "Startup Cost": 0.0, "Total Cost": 0.28, "Plan Rows": 1, "Plan Width": 4, "Index Cond": "(id = mc.company_id)", "Filter": "((country_code)::text = '[us]'::text)"}]}, {"Node Type": "Index Scan", "Parent Relationship": "Inner", "Scan Direction": "Forward", "Index Name": "company_type_pkey", "Relation Name": "company_type", "Alias": "ct", "Startup Cost": 0.0, "Total Cost": 0.28, "Plan Rows": 1, "Plan Width": 4, "Index Cond": "(id = mc.company_type_id)", "Filter": "((kind IS NOT NULL) AND (((kind)::text = 'production companies'::text) OR ((kind)::text = 'distributors'::text)))"}]}]}, "Unique SQL Id": 1682224415}, "explain_analyze_plan": {"Plan": {"Node Type": "Aggregate", "Strategy": "Plain", "Startup Cost": 81432.16, "Total Cost": 81432.17, "Plan Rows": 1, "Plan Width": 123, "Actual Startup Time": 1371.266, "Actual Total Time": 1371.266, "Actual Rows": 1, "Actual Loops": 1, "Plans": [{"Node Type": "Nested Loop", "Parent Relationship": "Outer", "Join Type": "Inner", "Startup Cost": 0.0, "Total Cost": 81432.14, "Plan Rows": 4, "Plan Width": 59, "Actual Startup Time": 973.085, "Actual Total Time": 1371.203, "Actual Rows": 5, "Actual Loops": 1, "Inner Unique": true, "Plans": [{"Node Type": "Nested Loop", "Parent Relationship": "Outer", "Join Type": "Inner", "Startup Cost": 0.0, "Total Cost": 81431.0, "Plan Rows": 4, "Plan Width": 63, "Actual Startup Time": 972.828, "Actual Total Time": 1371.159, "Actual Rows": 10, "Actual Loops": 1, "Inner Unique": true, "Plans": [{"Node Type": "Nested Loop", "Parent Relationship": "Outer", "Join Type": "Inner", "Startup Cost": 0.0, "Total Cost": 81429.56, "Plan Rows": 5, "Plan Width": 67, "Actual Startup Time": 972.803, "Actual Total Time": 1370.929, "Actual Rows": 33, "Actual Loops": 1, "Inner Unique": false, "Join Filter": "(mi.info_type_id = it1.id)", "Rows Removed by Join Filter": 4926, "Plans": [{"Node Type": "Seq Scan", "Parent Relationship": "Outer", "Relation Name": "info_type", "Alias": "it1", "Startup Cost": 0.0, "Total Cost": 2.4, "Plan Rows": 1, "Plan Width": 4, "Actual Startup Time": 0.067, "Actual Total Time": 0.078, "Actual Rows": 1, "Actual Loops": 1, "Filter": "((info)::text = 'budget'::text)", "Rows Removed by Filter": 111}, {"Node Type": "Nested Loop", "Parent Relationship": "Inner", "Join Type": "Inner", "Startup Cost": 0.0, "Total Cost": 81413.14, "Plan Rows": 1122, "Plan Width": 71, "Actual Startup Time": 972.653, "Actual Total Time": 1369.917, "Actual Rows": 4959, "Actual Loops": 1, "Inner Unique": false, "Join Filter": "(t.id = mi.movie_id)", "Rows Removed by Join Filter": 0, "Plans": [{"Node Type": "Nested Loop", "Parent Relationship": "Outer", "Join Type": "Inner", "Startup Cost": 0.0, "Total Cost": 81260.48, "Plan Rows": 210, "Plan Width": 37, "Actual Startup Time": 972.576, "Actual Total Time": 1365.779, "Actual Rows": 33, "Actual Loops": 1, "Inner Unique": false, "Join Filter": "(t.id = mc.movie_id)", "Rows Removed by Join Filter": 0, "Plans": [{"Node Type": "Nested Loop", "Parent Relationship": "Outer", "Join Type": "Inner", "Startup Cost": 0.0, "Total Cost": 81139.71, "Plan Rows": 311, "Plan Width": 25, "Actual Startup Time": 972.451, "Actual Total Time": 1365.601, "Actual Rows": 2, "Actual Loops": 1, "Inner Unique": false, "Join Filter": "(mi_idx.info_type_id = it2.id)", "Rows Removed by Join Filter": 2643, "Plans": [{"Node Type": "Seq Scan", "Parent Relationship": "Outer", "Relation Name": "info_type", "Alias": "it2", "Startup Cost": 0.0, "Total Cost": 2.4, "Plan Rows": 1, "Plan Width": 4, "Actual Startup Time": 0.044, "Actual Total Time": 0.051, "Actual Rows": 1, "Actual Loops": 1, "Filter": "((info)::text = 'bottom 10 rank'::text)", "Rows Removed by Filter": 111}, {"Node Type": "Nested Loop", "Parent Relationship": "Inner", "Join Type": "Inner", "Startup Cost": 0.0, "Total Cost": 81132.36, "Plan Rows": 396, "Plan Width": 29, "Actual Startup Time": 13.969, "Actual Total Time": 1364.883, "Actual Rows": 2645, "Actual Loops": 1, "Inner Unique": false, "Plans": [{"Node Type": "Seq Scan", "Parent Relationship": "Outer", "Relation Name": "title", "Alias": "t", "Startup Cost": 0.0, "Total Cost": 79031.44, "Plan Rows": 258, "Plan Width": 21, "Actual Startup Time": 0.371, "Actual Total Time": 1349.84, "Actual Rows": 2536, "Actual Loops": 1, "Filter": "((production_year > 2000) AND (((title)::text ~~ 'Birdemic%'::text) OR ((title)::text ~~ '%Movie%'::text)))", "Rows Removed by Filter": 2525775}, {"Node Type": "Index Scan", "Parent Relationship": "Inner", "Scan Direction": "Forward", "Index Name": "movie_id_movie_info_idx", "Relation Name": "movie_info_idx", "Alias": "mi_idx", "Startup Cost": 0.0, "Total Cost": 8.12, "Plan Rows": 2, "Plan Width": 8, "Actual Startup Time": 11.624, "Actual Total Time": 12.638, "Actual Rows": 2645, "Actual Loops": 2536, "Index Cond": "(movie_id = t.id)", "Rows Removed by Index Recheck": 0}]}]}, {"Node Type": "Index Scan", "Parent Relationship": "Inner", "Scan Direction": "Forward", "Index Name": "movie_id_movie_companies", "Relation Name": "movie_companies", "Alias": "mc", "Startup Cost": 0.0, "Total Cost": 0.36, "Plan Rows": 2, "Plan Width": 12, "Actual Startup Time": 0.033, "Actual Total Time": 0.054, "Actual Rows": 33, "Actual Loops": 2, "Index Cond": "(movie_id = mi_idx.movie_id)", "Rows Removed by Index Recheck": 0}]}, {"Node Type": "Index Scan", "Parent Relationship": "Inner", "Scan Direction": "Forward", "Index Name": "movie_id_movie_info", "Relation Name": "movie_info", "Alias": "mi", "Startup Cost": 0.0, "Total Cost": 0.66, "Plan Rows": 5, "Plan Width": 50, "Actual Startup Time": 0.527, "Actual Total Time": 2.538, "Actual Rows": 4959, "Actual Loops": 33, "Index Cond": "(movie_id = mc.movie_id)", "Rows Removed by Index Recheck": 0}]}]}, {"Node Type": "Index Scan", "Parent Relationship": "Inner", "Scan Direction": "Forward", "Index Name": "company_name_pkey", "Relation Name": "company_name", "Alias": "cn", "Startup Cost": 0.0, "Total Cost": 0.28, "Plan Rows": 1, "Plan Width": 4, "Actual Startup Time": 0.2, "Actual Total Time": 0.2, "Actual Rows": 10, "Actual Loops": 33, "Index Cond": "(id = mc.company_id)", "Rows Removed by Index Recheck": 0, "Filter": "((country_code)::text = '[us]'::text)", "Rows Removed by Filter": 23}]}, {"Node Type": "Index Scan", "Parent Relationship": "Inner", "Scan Direction": "Forward", "Index Name": "company_type_pkey", "Relation Name": "company_type", "Alias": "ct", "Startup Cost": 0.0, "Total Cost": 0.28, "Plan Rows": 1, "Plan Width": 4, "Actual Startup Time": 0.026, "Actual Total Time": 0.026, "Actual Rows": 5, "Actual Loops": 10, "Index Cond": "(id = mc.company_type_id)", "Rows Removed by Index Recheck": 0, "Filter": "((kind IS NOT NULL) AND (((kind)::text = 'production companies'::text) OR ((kind)::text = 'distributors'::text)))", "Rows Removed by Filter": 0}]}]}, "Triggers": [], "Planner Runtime": 98.34, "Total Runtime": 1371.638, "Unique SQL Id": 1682224415}}, "(1, 5)": {"explain_plan": {"Plan": {"Node Type": "Aggregate", "Strategy": "Plain", "Startup Cost": 131520.91, "Total Cost": 131520.92, "Plan Rows": 1, "Plan Width": 123, "Plans": [{"Node Type": "Nested Loop", "Parent Relationship": "Outer", "Join Type": "Inner", "Startup Cost": 0.0, "Total Cost": 131520.67, "Plan Rows": 48, "Plan Width": 59, "Inner Unique": true, "Plans": [{"Node Type": "Nested Loop", "Parent Relationship": "Outer", "Join Type": "Inner", "Startup Cost": 0.0, "Total Cost": 131506.99, "Plan Rows": 48, "Plan Width": 63, "Inner Unique": true, "Plans": [{"Node Type": "Nested Loop", "Parent Relationship": "Outer", "Join Type": "Inner", "Startup Cost": 0.0, "Total Cost": 131505.55, "Plan Rows": 5, "Plan Width": 67, "Inner Unique": false, "Join Filter": "(mi.info_type_id = it1.id)", "Plans": [{"Node Type": "Index Scan", "Parent Relationship": "Outer", "Scan Direction": "Forward", "Index Name": "info_type_pkey", "Relation Name": "info_type", "Alias": "it1", "Startup Cost": 0.0, "Total Cost": 14.21, "Plan Rows": 1, "Plan Width": 4, "Filter": "((info)::text = 'budget'::text)"}, {"Node Type": "Nested Loop", "Parent Relationship": "Inner", "Join Type": "Inner", "Startup Cost": 0.0, "Total Cost": 131477.32, "Plan Rows": 1122, "Plan Width": 71, "Inner Unique": false, "Join Filter": "(t.id = mi.movie_id)", "Plans": [{"Node Type": "Nested Loop", "Parent Relationship": "Outer", "Join Type": "Inner", "Startup Cost": 0.0, "Total Cost": 131324.66, "Plan Rows": 210, "Plan Width": 37, "Inner Unique": false, "Join Filter": "(t.id = mc.movie_id)", "Plans": [{"Node Type": "Nested Loop", "Parent Relationship": "Outer", "Join Type": "Inner", "Startup Cost": 0.0, "Total Cost": 131203.89, "Plan Rows": 311, "Plan Width": 25, "Inner Unique": true, "Join Filter": "(mi_idx.info_type_id = it2.id)", "Plans": [{"Node Type": "Nested Loop", "Parent Relationship": "Outer", "Join Type": "Inner", "Startup Cost": 0.0, "Total Cost": 131183.74, "Plan Rows": 396, "Plan Width": 29, "Inner Unique": false, "Plans": [{"Node Type": "Index Scan", "Parent Relationship": "Outer", "Scan Direction": "Forward", "Index Name": "title_pkey", "Relation Name": "title", "Alias": "t", "Startup Cost": 0.0, "Total Cost": 129082.82, "Plan Rows": 258, "Plan Width": 21, "Filter": "((production_year > 2000) AND (((title)::text ~~ 'Birdemic%'::text) OR ((title)::text ~~ '%Movie%'::text)))"}, {"Node Type": "Index Scan", "Parent Relationship": "Inner", "Scan Direction": "Forward", "Index Name": "movie_id_movie_info_idx", "Relation Name": "movie_info_idx", "Alias": "mi_idx", "Startup Cost": 0.0, "Total Cost": 8.12, "Plan Rows": 2, "Plan Width": 8, "Index Cond": "(movie_id = t.id)"}]}, {"Node Type": "Materialize", "Parent Relationship": "Inner", "Startup Cost": 0.0, "Total Cost": 14.22, "Plan Rows": 1, "Plan Width": 4, "Plans": [{"Node Type": "Index Scan", "Parent Relationship": "Outer", "Scan Direction": "Forward", "Index Name": "info_type_pkey", "Relation Name": "info_type", "Alias": "it2", "Startup Cost": 0.0, "Total Cost": 14.21, "Plan Rows": 1, "Plan Width": 4, "Filter": "((info)::text = 'bottom 10 rank'::text)"}]}]}, {"Node Type": "Index Scan", "Parent Relationship": "Inner", "Scan Direction": "Forward", "Index Name": "movie_id_movie_companies", "Relation Name": "movie_companies", "Alias": "mc", "Startup Cost": 0.0, "Total Cost": 0.36, "Plan Rows": 2, "Plan Width": 12, "Index Cond": "(movie_id = mi_idx.movie_id)"}]}, {"Node Type": "Index Scan", "Parent Relationship": "Inner", "Scan Direction": "Forward", "Index Name": "movie_id_movie_info", "Relation Name": "movie_info", "Alias": "mi", "Startup Cost": 0.0, "Total Cost": 0.66, "Plan Rows": 5, "Plan Width": 50, "Index Cond": "(movie_id = mc.movie_id)"}]}]}, {"Node Type": "Index Scan", "Parent Relationship": "Inner", "Scan Direction": "Forward", "Index Name": "company_name_pkey", "Relation Name": "company_name", "Alias": "cn", "Startup Cost": 0.0, "Total Cost": 0.28, "Plan Rows": 1, "Plan Width": 4, "Index Cond": "(id = mc.company_id)", "Filter": "((country_code)::text = '[us]'::text)"}]}, {"Node Type": "Index Scan", "Parent Relationship": "Inner", "Scan Direction": "Forward", "Index Name": "company_type_pkey", "Relation Name": "company_type", "Alias": "ct", "Startup Cost": 0.0, "Total Cost": 0.28, "Plan Rows": 1, "Plan Width": 4, "Index Cond": "(id = mc.company_type_id)", "Filter": "((kind IS NOT NULL) AND (((kind)::text = 'production companies'::text) OR ((kind)::text = 'distributors'::text)))"}]}]}, "Unique SQL Id": 1682224415}, "explain_analyze_plan": null}, "(1, 6)": {"explain_plan": {"Plan": {"Node Type": "Aggregate", "Strategy": "Plain", "Startup Cost": 84498.66, "Total Cost": 84498.67, "Plan Rows": 1, "Plan Width": 123, "Plans": [{"Node Type": "Nested Loop", "Parent Relationship": "Outer", "Join Type": "Inner", "Startup Cost": 5.1, "Total Cost": 84498.64, "Plan Rows": 4, "Plan Width": 59, "Inner Unique": true, "Join Filter": "(mc.company_type_id = ct.id)", "Plans": [{"Node Type": "Nested Loop", "Parent Relationship": "Outer", "Join Type": "Inner", "Startup Cost": 5.1, "Total Cost": 84497.47, "Plan Rows": 4, "Plan Width": 63, "Inner Unique": true, "Plans": [{"Node Type": "Nested Loop", "Parent Relationship": "Outer", "Join Type": "Inner", "Startup Cost": 4.84, "Total Cost": 84476.05, "Plan Rows": 5, "Plan Width": 67, "Inner Unique": false, "Join Filter": "(mi.info_type_id = it1.id)", "Plans": [{"Node Type": "Seq Scan", "Parent Relationship": "Outer", "Relation Name": "info_type", "Alias": "it1", "Startup Cost": 0.0, "Total Cost": 2.4, "Plan Rows": 1, "Plan Width": 4, "Filter": "((info)::text = 'budget'::text)"}, {"Node Type": "Nested Loop", "Parent Relationship": "Inner", "Join Type": "Inner", "Startup Cost": 4.84, "Total Cost": 84459.62, "Plan Rows": 1122, "Plan Width": 71, "Inner Unique": false, "Join Filter": "(t.id = mi.movie_id)", "Plans": [{"Node Type": "Nested Loop", "Parent Relationship": "Outer", "Join Type": "Inner", "Startup Cost": 4.47, "Total Cost": 83514.44, "Plan Rows": 210, "Plan Width": 37, "Inner Unique": false, "Join Filter": "(t.id = mc.movie_id)", "Plans": [{"Node Type": "Nested Loop", "Parent Relationship": "Outer", "Join Type": "Inner", "Startup Cost": 4.17, "Total Cost": 82163.69, "Plan Rows": 311, "Plan Width": 25, "Inner Unique": false, "Join Filter": "(mi_idx.info_type_id = it2.id)", "Plans": [{"Node Type": "Seq Scan", "Parent Relationship": "Outer", "Relation Name": "info_type", "Alias": "it2", "Startup Cost": 0.0, "Total Cost": 2.4, "Plan Rows": 1, "Plan Width": 4, "Filter": "((info)::text = 'bottom 10 rank'::text)"}, {"Node Type": "Nested Loop", "Parent Relationship": "Inner", "Join Type": "Inner", "Startup Cost": 4.17, "Total Cost": 82156.34, "Plan Rows": 396, "Plan Width": 29, "Inner Unique": false, "Plans": [{"Node Type": "Seq Scan", "Parent Relationship": "Outer", "Relation Name": "title", "Alias": "t", "Startup Cost": 0.0, "Total Cost": 79031.44, "Plan Rows": 258, "Plan Width": 21, "Filter": "((production_year > 2000) AND (((title)::text ~~ 'Birdemic%'::text) OR ((title)::text ~~ '%Movie%'::text)))"}, {"Node Type": "Bitmap Heap Scan", "Parent Relationship": "Inner", "Relation Name": "movie_info_idx", "Alias": "mi_idx", "Startup Cost": 4.17, "Total Cost": 12.09, "Plan Rows": 2, "Plan Width": 8, "Recheck Cond": "(movie_id = t.id)", "Plans": [{"Node Type": "Bitmap Index Scan", "Parent Relationship": "Outer", "Index Name": "movie_id_movie_info_idx", "Startup Cost": 0.0, "Total Cost": 4.17, "Plan Rows": 2, "Plan Width": 0, "Index Cond": "(movie_id = t.id)"}]}]}]}, {"Node Type": "Bitmap Heap Scan", "Parent Relationship": "Inner", "Relation Name": "movie_companies", "Alias": "mc", "Startup Cost": 0.29, "Total Cost": 4.32, "Plan Rows": 2, "Plan Width": 12, "Recheck Cond": "(movie_id = mi_idx.movie_id)", "Plans": [{"Node Type": "Bitmap Index Scan", "Parent Relationship": "Outer", "Index Name": "movie_id_movie_companies", "Startup Cost": 0.0, "Total Cost": 0.29, "Plan Rows": 2, "Plan Width": 0, "Index Cond": "(movie_id = mi_idx.movie_id)"}]}]}, {"Node Type": "Bitmap Heap Scan", "Parent Relationship": "Inner", "Relation Name": "movie_info", "Alias": "mi", "Startup Cost": 0.38, "Total Cost": 4.44, "Plan Rows": 5, "Plan Width": 50, "Recheck Cond": "(movie_id = mc.movie_id)", "Plans": [{"Node Type": "Bitmap Index Scan", "Parent Relationship": "Outer", "Index Name": "movie_id_movie_info", "Startup Cost": 0.0, "Total Cost": 0.37, "Plan Rows": 5, "Plan Width": 0, "Index Cond": "(movie_id = mc.movie_id)"}]}]}]}, {"Node Type": "Bitmap Heap Scan", "Parent Relationship": "Inner", "Relation Name": "company_name", "Alias": "cn", "Startup Cost": 0.26, "Total Cost": 4.27, "Plan Rows": 1, "Plan Width": 4, "Recheck Cond": "(id = mc.company_id)", "Filter": "((country_code)::text = '[us]'::text)", "Plans": [{"Node Type": "Bitmap Index Scan", "Parent Relationship": "Outer", "Index Name": "company_name_pkey", "Startup Cost": 0.0, "Total Cost": 0.26, "Plan Rows": 1, "Plan Width": 0, "Index Cond": "(id = mc.company_id)"}]}]}, {"Node Type": "Materialize", "Parent Relationship": "Inner", "Startup Cost": 0.0, "Total Cost": 1.05, "Plan Rows": 2, "Plan Width": 4, "Plans": [{"Node Type": "Seq Scan", "Parent Relationship": "Outer", "Relation Name": "company_type", "Alias": "ct", "Startup Cost": 0.0, "Total Cost": 1.04, "Plan Rows": 2, "Plan Width": 4, "Filter": "((kind IS NOT NULL) AND (((kind)::text = 'production companies'::text) OR ((kind)::text = 'distributors'::text)))"}]}]}]}, "Unique SQL Id": 1682224415}, "explain_analyze_plan": {"Plan": {"Node Type": "Aggregate", "Strategy": "Plain", "Startup Cost": 84498.66, "Total Cost": 84498.67, "Plan Rows": 1, "Plan Width": 123, "Actual Startup Time": 1368.298, "Actual Total Time": 1368.299, "Actual Rows": 1, "Actual Loops": 1, "Plans": [{"Node Type": "Nested Loop", "Parent Relationship": "Outer", "Join Type": "Inner", "Startup Cost": 5.1, "Total Cost": 84498.64, "Plan Rows": 4, "Plan Width": 59, "Actual Startup Time": 967.173, "Actual Total Time": 1368.24, "Actual Rows": 5, "Actual Loops": 1, "Inner Unique": true, "Join Filter": "(mc.company_type_id = ct.id)", "Rows Removed by Join Filter": 5, "Plans": [{"Node Type": "Nested Loop", "Parent Relationship": "Outer", "Join Type": "Inner", "Startup Cost": 5.1, "Total Cost": 84497.47, "Plan Rows": 4, "Plan Width": 63, "Actual Startup Time": 966.883, "Actual Total Time": 1368.195, "Actual Rows": 10, "Actual Loops": 1, "Inner Unique": true, "Plans": [{"Node Type": "Nested Loop", "Parent Relationship": "Outer", "Join Type": "Inner", "Startup Cost": 4.84, "Total Cost": 84476.05, "Plan Rows": 5, "Plan Width": 67, "Actual Startup Time": 966.856, "Actual Total Time": 1367.898, "Actual Rows": 33, "Actual Loops": 1, "Inner Unique": false, "Join Filter": "(mi.info_type_id = it1.id)", "Rows Removed by Join Filter": 4926, "Plans": [{"Node Type": "Seq Scan", "Parent Relationship": "Outer", "Relation Name": "info_type", "Alias": "it1", "Startup Cost": 0.0, "Total Cost": 2.4, "Plan Rows": 1, "Plan Width": 4, "Actual Startup Time": 0.055, "Actual Total Time": 0.062, "Actual Rows": 1, "Actual Loops": 1, "Filter": "((info)::text = 'budget'::text)", "Rows Removed by Filter": 111}, {"Node Type": "Nested Loop", "Parent Relationship": "Inner", "Join Type": "Inner", "Startup Cost": 4.84, "Total Cost": 84459.62, "Plan Rows": 1122, "Plan Width": 71, "Actual Startup Time": 966.73, "Actual Total Time": 1366.883, "Actual Rows": 4959, "Actual Loops": 1, "Inner Unique": false, "Join Filter": "(t.id = mi.movie_id)", "Rows Removed by Join Filter": 0, "Plans": [{"Node Type": "Nested Loop", "Parent Relationship": "Outer", "Join Type": "Inner", "Startup Cost": 4.47, "Total Cost": 83514.44, "Plan Rows": 210, "Plan Width": 37, "Actual Startup Time": 966.675, "Actual Total Time": 1362.7, "Actual Rows": 33, "Actual Loops": 1, "Inner Unique": false, "Join Filter": "(t.id = mc.movie_id)", "Rows Removed by Join Filter": 0, "Plans": [{"Node Type": "Nested Loop", "Parent Relationship": "Outer", "Join Type": "Inner", "Startup Cost": 4.17, "Total Cost": 82163.69, "Plan Rows": 311, "Plan Width": 25, "Actual Startup Time": 966.598, "Actual Total Time": 1362.569, "Actual Rows": 2, "Actual Loops": 1, "Inner Unique": false, "Join Filter": "(mi_idx.info_type_id = it2.id)", "Rows Removed by Join Filter": 2643, "Plans": [{"Node Type": "Seq Scan", "Parent Relationship": "Outer", "Relation Name": "info_type", "Alias": "it2", "Startup Cost": 0.0, "Total Cost": 2.4, "Plan Rows": 1, "Plan Width": 4, "Actual Startup Time": 0.041, "Actual Total Time": 0.046, "Actual Rows": 1, "Actual Loops": 1, "Filter": "((info)::text = 'bottom 10 rank'::text)", "Rows Removed by Filter": 111}, {"Node Type": "Nested Loop", "Parent Relationship": "Inner", "Join Type": "Inner", "Startup Cost": 4.17, "Total Cost": 82156.34, "Plan Rows": 396, "Plan Width": 29, "Actual Startup Time": 14.116, "Actual Total Time": 1361.789, "Actual Rows": 2645, "Actual Loops": 1, "Inner Unique": false, "Plans": [{"Node Type": "Seq Scan", "Parent Relationship": "Outer", "Relation Name": "title", "Alias": "t", "Startup Cost": 0.0, "Total Cost": 79031.44, "Plan Rows": 258, "Plan Width": 21, "Actual Startup Time": 0.372, "Actual Total Time": 1341.772, "Actual Rows": 2536, "Actual Loops": 1, "Filter": "((production_year > 2000) AND (((title)::text ~~ 'Birdemic%'::text) OR ((title)::text ~~ '%Movie%'::text)))", "Rows Removed by Filter": 2525775}, {"Node Type": "Bitmap Heap Scan", "Parent Relationship": "Inner", "Relation Name": "movie_info_idx", "Alias": "mi_idx", "Startup Cost": 4.17, "Total Cost": 12.09, "Plan Rows": 2, "Plan Width": 8, "Actual Startup Time": 14.961, "Actual Total Time": 15.336, "Actual Rows": 2645, "Actual Loops": 2536, "Recheck Cond": "(movie_id = t.id)", "Rows Removed by Index Recheck": 0, "Exact Heap Blocks": 890, "Lossy Heap Blocks": 890, "Plans": [{"Node Type": "Bitmap Index Scan", "Parent Relationship": "Outer", "Index Name": "movie_id_movie_info_idx", "Startup Cost": 0.0, "Total Cost": 4.17, "Plan Rows": 2, "Plan Width": 0, "Actual Startup Time": 10.951, "Actual Total Time": 10.951, "Actual Rows": 2645, "Actual Loops": 2536, "Index Cond": "(movie_id = t.id)"}]}]}]}, {"Node Type": "Bitmap Heap Scan", "Parent Relationship": "Inner", "Relation Name": "movie_companies", "Alias": "mc", "Startup Cost": 0.29, "Total Cost": 4.32, "Plan Rows": 2, "Plan Width": 12, "Actual Startup Time": 0.07, "Actual Total Time": 0.08, "Actual Rows": 33, "Actual Loops": 2, "Recheck Cond": "(movie_id = mi_idx.movie_id)", "Rows Removed by Index Recheck": 0, "Exact Heap Blocks": 4, "Lossy Heap Blocks": 4, "Plans": [{"Node Type": "Bitmap Index Scan", "Parent Relationship": "Outer", "Index Name": "movie_id_movie_companies", "Startup Cost": 0.0, "Total Cost": 0.29, "Plan Rows": 2, "Plan Width": 0, "Actual Startup Time": 0.033, "Actual Total Time": 0.033, "Actual Rows": 33, "Actual Loops": 2, "Index Cond": "(movie_id = mi_idx.movie_id)"}]}]}, {"Node Type": "Bitmap Heap Scan", "Parent Relationship": "Inner", "Relation Name": "movie_info", "Alias": "mi", "Startup Cost": 0.38, "Total Cost": 4.44, "Plan Rows": 5, "Plan Width": 50, "Actual Startup Time": 0.795, "Actual Total Time": 2.552, "Actual Rows": 4959, "Actual Loops": 33, "Recheck Cond": "(movie_id = mc.movie_id)", "Rows Removed by Index Recheck": 0, "Exact Heap Blocks": 710, "Lossy Heap Blocks": 710, "Plans": [{"Node Type": "Bitmap Index Scan", "Parent Relationship": "Outer", "Index Name": "movie_id_movie_info", "Startup Cost": 0.0, "Total Cost": 0.37, "Plan Rows": 5, "Plan Width": 0, "Actual Startup Time": 0.662, "Actual Total Time": 0.662, "Actual Rows": 4959, "Actual Loops": 33, "Index Cond": "(movie_id = mc.movie_id)"}]}]}]}, {"Node Type": "Bitmap Heap Scan", "Parent Relationship": "Inner", "Relation Name": "company_name", "Alias": "cn", "Startup Cost": 0.26, "Total Cost": 4.27, "Plan Rows": 1, "Plan Width": 4, "Actual Startup Time": 0.244, "Actual Total Time": 0.244, "Actual Rows": 10, "Actual Loops": 33, "Recheck Cond": "(id = mc.company_id)", "Rows Removed by Index Recheck": 0, "Filter": "((country_code)::text = '[us]'::text)", "Rows Removed by Filter": 23, "Exact Heap Blocks": 33, "Lossy Heap Blocks": 33, "Plans": [{"Node Type": "Bitmap Index Scan", "Parent Relationship": "Outer", "Index Name": "company_name_pkey", "Startup Cost": 0.0, "Total Cost": 0.26, "Plan Rows": 1, "Plan Width": 0, "Actual Startup Time": 0.137, "Actual Total Time": 0.137, "Actual Rows": 33, "Actual Loops": 33, "Index Cond": "(id = mc.company_id)"}]}]}, {"Node Type": "Materialize", "Parent Relationship": "Inner", "Startup Cost": 0.0, "Total Cost": 1.05, "Plan Rows": 2, "Plan Width": 4, "Actual Startup Time": 0.023, "Actual Total Time": 0.029, "Actual Rows": 10, "Actual Loops": 10, "Plans": [{"Node Type": "Seq Scan", "Parent Relationship": "Outer", "Relation Name": "company_type", "Alias": "ct", "Startup Cost": 0.0, "Total Cost": 1.04, "Plan Rows": 2, "Plan Width": 4, "Actual Startup Time": 0.013, "Actual Total Time": 0.018, "Actual Rows": 1, "Actual Loops": 1, "Filter": "((kind IS NOT NULL) AND (((kind)::text = 'production companies'::text) OR ((kind)::text = 'distributors'::text)))", "Rows Removed by Filter": 2}]}]}]}, "Triggers": [], "Planner Runtime": 89.734, "Total Runtime": 1368.646, "Unique SQL Id": 1682224415}}, "(1, 7)": {"explain_plan": {"Plan": {"Node Type": "Aggregate", "Strategy": "Plain", "Startup Cost": 1000012336498.63, "Total Cost": 1000012336498.64, "Plan Rows": 1, "Plan Width": 123, "Plans": [{"Node Type": "Nested Loop", "Parent Relationship": "Outer", "Join Type": "Inner", "Startup Cost": 10000000002.04, "Total Cost": 1000012336498.61, "Plan Rows": 4, "Plan Width": 59, "Inner Unique": true, "Plans": [{"Node Type": "Nested Loop", "Parent Relationship": "Outer", "Join Type": "Inner", "Startup Cost": 10000000001.78, "Total Cost": 1000012336438.65, "Plan Rows": 14, "Plan Width": 63, "Inner Unique": true, "Plans": [{"Node Type": "Nested Loop", "Parent Relationship": "Outer", "Join Type": "Inner", "Startup Cost": 10000000001.52, "Total Cost": 1000012336378.66, "Plan Rows": 14, "Plan Width": 67, "Inner Unique": true, "Plans": [{"Node Type": "Nested Loop", "Parent Relationship": "Outer", "Join Type": "Inner", "Startup Cost": 10000000001.26, "Total Cost": 1000012336100.24, "Plan Rows": 65, "Plan Width": 71, "Inner Unique": false, "Join Filter": "(t.id = mc.movie_id)", "Plans": [{"Node Type": "Nested Loop", "Parent Relationship": "Outer", "Join Type": "Inner", "Startup Cost": 10000000001.0, "Total Cost": 1000012335970.7, "Plan Rows": 30, "Plan Width": 75, "Inner Unique": true, "Plans": [{"Node Type": "Nested Loop", "Parent Relationship": "Outer", "Join Type": "Inner", "Startup Cost": 10000000000.74, "Total Cost": 1000012326904.12, "Plan Rows": 2117, "Plan Width": 79, "Inner Unique": false, "Join Filter": "(t.id = mi.movie_id)", "Plans": [{"Node Type": "Nested Loop", "Parent Relationship": "Outer", "Join Type": "Inner", "Startup Cost": 10000000000.28, "Total Cost": 1000012325091.05, "Plan Rows": 396, "Plan Width": 29, "Inner Unique": true, "Plans": [{"Node Type": "Index Scan", "Parent Relationship": "Outer", "Scan Direction": "Forward", "Index Name": "info_type_id_movie_info_idx", "Relation Name": "movie_info_idx", "Alias": "mi_idx", "Startup Cost": 10000000000.0, "Total Cost": 1000006370838.27, "Plan Rows": 1380034, "Plan Width": 8}, {"Node Type": "Bitmap Heap Scan", "Parent Relationship": "Inner", "Relation Name": "title", "Alias": "t", "Startup Cost": 0.28, "Total Cost": 4.3, "Plan Rows": 1, "Plan Width": 21, "Recheck Cond": "(id = mi_idx.movie_id)", "Filter": "((production_year > 2000) AND (((title)::text ~~ 'Birdemic%'::text) OR ((title)::text ~~ '%Movie%'::text)))", "Plans": [{"Node Type": "Bitmap Index Scan", "Parent Relationship": "Outer", "Index Name": "title_pkey", "Startup Cost": 0.0, "Total Cost": 0.28, "Plan Rows": 1, "Plan Width": 0, "Index Cond": "(id = mi_idx.movie_id)"}]}]}, {"Node Type": "Bitmap Heap Scan", "Parent Relationship": "Inner", "Relation Name": "movie_info", "Alias": "mi", "Startup Cost": 0.45, "Total Cost": 4.52, "Plan Rows": 5, "Plan Width": 50, "Recheck Cond": "(movie_id = mi_idx.movie_id)", "Plans": [{"Node Type": "Bitmap Index Scan", "Parent Relationship": "Outer", "Index Name": "movie_id_movie_info", "Startup Cost": 0.0, "Total Cost": 0.45, "Plan Rows": 5, "Plan Width": 0, "Index Cond": "(movie_id = mi_idx.movie_id)"}]}]}, {"Node Type": "Bitmap Heap Scan", "Parent Relationship": "Inner", "Relation Name": "info_type", "Alias": "it1", "Startup Cost": 0.26, "Total Cost": 4.27, "Plan Rows": 1, "Plan Width": 4, "Recheck Cond": "(id = mi.info_type_id)", "Filter": "((info)::text = 'budget'::text)", "Plans": [{"Node Type": "Bitmap Index Scan", "Parent Relationship": "Outer", "Index Name": "info_type_pkey", "Startup Cost": 0.0, "Total Cost": 0.26, "Plan Rows": 1, "Plan Width": 0, "Index Cond": "(id = mi.info_type_id)"}]}]}, {"Node Type": "Bitmap Heap Scan", "Parent Relationship": "Inner", "Relation Name": "movie_companies", "Alias": "mc", "Startup Cost": 0.27, "Total Cost": 4.29, "Plan Rows": 2, "Plan Width": 12, "Recheck Cond": "(movie_id = mi.movie_id)", "Plans": [{"Node Type": "Bitmap Index Scan", "Parent Relationship": "Outer", "Index Name": "movie_id_movie_companies", "Startup Cost": 0.0, "Total Cost": 0.27, "Plan Rows": 2, "Plan Width": 0, "Index Cond": "(movie_id = mi.movie_id)"}]}]}, {"Node Type": "Bitmap Heap Scan", "Parent Relationship": "Inner", "Relation Name": "company_name", "Alias": "cn", "Startup Cost": 0.26, "Total Cost": 4.27, "Plan Rows": 1, "Plan Width": 4, "Recheck Cond": "(id = mc.company_id)", "Filter": "((country_code)::text = '[us]'::text)", "Plans": [{"Node Type": "Bitmap Index Scan", "Parent Relationship": "Outer", "Index Name": "company_name_pkey", "Startup Cost": 0.0, "Total Cost": 0.26, "Plan Rows": 1, "Plan Width": 0, "Index Cond": "(id = mc.company_id)"}]}]}, {"Node Type": "Bitmap Heap Scan", "Parent Relationship": "Inner", "Relation Name": "company_type", "Alias": "ct", "Startup Cost": 0.26, "Total Cost": 4.28, "Plan Rows": 1, "Plan Width": 4, "Recheck Cond": "(id = mc.company_type_id)", "Filter": "((kind IS NOT NULL) AND (((kind)::text = 'production companies'::text) OR ((kind)::text = 'distributors'::text)))", "Plans": [{"Node Type": "Bitmap Index Scan", "Parent Relationship": "Outer", "Index Name": "company_type_pkey", "Startup Cost": 0.0, "Total Cost": 0.26, "Plan Rows": 1, "Plan Width": 0, "Index Cond": "(id = mc.company_type_id)"}]}]}, {"Node Type": "Bitmap Heap Scan", "Parent Relationship": "Inner", "Relation Name": "info_type", "Alias": "it2", "Startup Cost": 0.26, "Total Cost": 4.27, "Plan Rows": 1, "Plan Width": 4, "Recheck Cond": "(id = mi_idx.info_type_id)", "Filter": "((info)::text = 'bottom 10 rank'::text)", "Plans": [{"Node Type": "Bitmap Index Scan", "Parent Relationship": "Outer", "Index Name": "info_type_pkey", "Startup Cost": 0.0, "Total Cost": 0.26, "Plan Rows": 1, "Plan Width": 0, "Index Cond": "(id = mi_idx.info_type_id)"}]}]}]}, "Unique SQL Id": 1682224415}, "explain_analyze_plan": null}, "(1, 8)": {"explain_plan": {"Plan": {"Node Type": "Aggregate", "Strategy": "Plain", "Startup Cost": 81432.16, "Total Cost": 81432.17, "Plan Rows": 1, "Plan Width": 123, "Plans": [{"Node Type": "Nested Loop", "Parent Relationship": "Outer", "Join Type": "Inner", "Startup Cost": 0.0, "Total Cost": 81432.14, "Plan Rows": 4, "Plan Width": 59, "Inner Unique": true, "Plans": [{"Node Type": "Nested Loop", "Parent Relationship": "Outer", "Join Type": "Inner", "Startup Cost": 0.0, "Total Cost": 81431.0, "Plan Rows": 4, "Plan Width": 63, "Inner Unique": true, "Plans": [{"Node Type": "Nested Loop", "Parent Relationship": "Outer", "Join Type": "Inner", "Startup Cost": 0.0, "Total Cost": 81429.56, "Plan Rows": 5, "Plan Width": 67, "Inner Unique": false, "Join Filter": "(mi.info_type_id = it1.id)", "Plans": [{"Node Type": "Seq Scan", "Parent Relationship": "Outer", "Relation Name": "info_type", "Alias": "it1", "Startup Cost": 0.0, "Total Cost": 2.4, "Plan Rows": 1, "Plan Width": 4, "Filter": "((info)::text = 'budget'::text)"}, {"Node Type": "Nested Loop", "Parent Relationship": "Inner", "Join Type": "Inner", "Startup Cost": 0.0, "Total Cost": 81413.14, "Plan Rows": 1122, "Plan Width": 71, "Inner Unique": false, "Join Filter": "(t.id = mi.movie_id)", "Plans": [{"Node Type": "Nested Loop", "Parent Relationship": "Outer", "Join Type": "Inner", "Startup Cost": 0.0, "Total Cost": 81260.48, "Plan Rows": 210, "Plan Width": 37, "Inner Unique": false, "Join Filter": "(t.id = mc.movie_id)", "Plans": [{"Node Type": "Nested Loop", "Parent Relationship": "Outer", "Join Type": "Inner", "Startup Cost": 0.0, "Total Cost": 81139.71, "Plan Rows": 311, "Plan Width": 25, "Inner Unique": false, "Join Filter": "(mi_idx.info_type_id = it2.id)", "Plans": [{"Node Type": "Seq Scan", "Parent Relationship": "Outer", "Relation Name": "info_type", "Alias": "it2", "Startup Cost": 0.0, "Total Cost": 2.4, "Plan Rows": 1, "Plan Width": 4, "Filter": "((info)::text = 'bottom 10 rank'::text)"}, {"Node Type": "Nested Loop", "Parent Relationship": "Inner", "Join Type": "Inner", "Startup Cost": 0.0, "Total Cost": 81132.36, "Plan Rows": 396, "Plan Width": 29, "Inner Unique": false, "Plans": [{"Node Type": "Seq Scan", "Parent Relationship": "Outer", "Relation Name": "title", "Alias": "t", "Startup Cost": 0.0, "Total Cost": 79031.44, "Plan Rows": 258, "Plan Width": 21, "Filter": "((production_year > 2000) AND (((title)::text ~~ 'Birdemic%'::text) OR ((title)::text ~~ '%Movie%'::text)))"}, {"Node Type": "Index Scan", "Parent Relationship": "Inner", "Scan Direction": "Forward", "Index Name": "movie_id_movie_info_idx", "Relation Name": "movie_info_idx", "Alias": "mi_idx", "Startup Cost": 0.0, "Total Cost": 8.12, "Plan Rows": 2, "Plan Width": 8, "Index Cond": "(movie_id = t.id)"}]}]}, {"Node Type": "Index Scan", "Parent Relationship": "Inner", "Scan Direction": "Forward", "Index Name": "movie_id_movie_companies", "Relation Name": "movie_companies", "Alias": "mc", "Startup Cost": 0.0, "Total Cost": 0.36, "Plan Rows": 2, "Plan Width": 12, "Index Cond": "(movie_id = mi_idx.movie_id)"}]}, {"Node Type": "Index Scan", "Parent Relationship": "Inner", "Scan Direction": "Forward", "Index Name": "movie_id_movie_info", "Relation Name": "movie_info", "Alias": "mi", "Startup Cost": 0.0, "Total Cost": 0.66, "Plan Rows": 5, "Plan Width": 50, "Index Cond": "(movie_id = mc.movie_id)"}]}]}, {"Node Type": "Index Scan", "Parent Relationship": "Inner", "Scan Direction": "Forward", "Index Name": "company_name_pkey", "Relation Name": "company_name", "Alias": "cn", "Startup Cost": 0.0, "Total Cost": 0.28, "Plan Rows": 1, "Plan Width": 4, "Index Cond": "(id = mc.company_id)", "Filter": "((country_code)::text = '[us]'::text)"}]}, {"Node Type": "Index Scan", "Parent Relationship": "Inner", "Scan Direction": "Forward", "Index Name": "company_type_pkey", "Relation Name": "company_type", "Alias": "ct", "Startup Cost": 0.0, "Total Cost": 0.28, "Plan Rows": 1, "Plan Width": 4, "Index Cond": "(id = mc.company_type_id)", "Filter": "((kind IS NOT NULL) AND (((kind)::text = 'production companies'::text) OR ((kind)::text = 'distributors'::text)))"}]}]}, "Unique SQL Id": 1682224415}, "explain_analyze_plan": {"Plan": {"Node Type": "Aggregate", "Strategy": "Plain", "Startup Cost": 81432.16, "Total Cost": 81432.17, "Plan Rows": 1, "Plan Width": 123, "Actual Startup Time": 1371.266, "Actual Total Time": 1371.266, "Actual Rows": 1, "Actual Loops": 1, "Plans": [{"Node Type": "Nested Loop", "Parent Relationship": "Outer", "Join Type": "Inner", "Startup Cost": 0.0, "Total Cost": 81432.14, "Plan Rows": 4, "Plan Width": 59, "Actual Startup Time": 973.085, "Actual Total Time": 1371.203, "Actual Rows": 5, "Actual Loops": 1, "Inner Unique": true, "Plans": [{"Node Type": "Nested Loop", "Parent Relationship": "Outer", "Join Type": "Inner", "Startup Cost": 0.0, "Total Cost": 81431.0, "Plan Rows": 4, "Plan Width": 63, "Actual Startup Time": 972.828, "Actual Total Time": 1371.159, "Actual Rows": 10, "Actual Loops": 1, "Inner Unique": true, "Plans": [{"Node Type": "Nested Loop", "Parent Relationship": "Outer", "Join Type": "Inner", "Startup Cost": 0.0, "Total Cost": 81429.56, "Plan Rows": 5, "Plan Width": 67, "Actual Startup Time": 972.803, "Actual Total Time": 1370.929, "Actual Rows": 33, "Actual Loops": 1, "Inner Unique": false, "Join Filter": "(mi.info_type_id = it1.id)", "Rows Removed by Join Filter": 4926, "Plans": [{"Node Type": "Seq Scan", "Parent Relationship": "Outer", "Relation Name": "info_type", "Alias": "it1", "Startup Cost": 0.0, "Total Cost": 2.4, "Plan Rows": 1, "Plan Width": 4, "Actual Startup Time": 0.067, "Actual Total Time": 0.078, "Actual Rows": 1, "Actual Loops": 1, "Filter": "((info)::text = 'budget'::text)", "Rows Removed by Filter": 111}, {"Node Type": "Nested Loop", "Parent Relationship": "Inner", "Join Type": "Inner", "Startup Cost": 0.0, "Total Cost": 81413.14, "Plan Rows": 1122, "Plan Width": 71, "Actual Startup Time": 972.653, "Actual Total Time": 1369.917, "Actual Rows": 4959, "Actual Loops": 1, "Inner Unique": false, "Join Filter": "(t.id = mi.movie_id)", "Rows Removed by Join Filter": 0, "Plans": [{"Node Type": "Nested Loop", "Parent Relationship": "Outer", "Join Type": "Inner", "Startup Cost": 0.0, "Total Cost": 81260.48, "Plan Rows": 210, "Plan Width": 37, "Actual Startup Time": 972.576, "Actual Total Time": 1365.779, "Actual Rows": 33, "Actual Loops": 1, "Inner Unique": false, "Join Filter": "(t.id = mc.movie_id)", "Rows Removed by Join Filter": 0, "Plans": [{"Node Type": "Nested Loop", "Parent Relationship": "Outer", "Join Type": "Inner", "Startup Cost": 0.0, "Total Cost": 81139.71, "Plan Rows": 311, "Plan Width": 25, "Actual Startup Time": 972.451, "Actual Total Time": 1365.601, "Actual Rows": 2, "Actual Loops": 1, "Inner Unique": false, "Join Filter": "(mi_idx.info_type_id = it2.id)", "Rows Removed by Join Filter": 2643, "Plans": [{"Node Type": "Seq Scan", "Parent Relationship": "Outer", "Relation Name": "info_type", "Alias": "it2", "Startup Cost": 0.0, "Total Cost": 2.4, "Plan Rows": 1, "Plan Width": 4, "Actual Startup Time": 0.044, "Actual Total Time": 0.051, "Actual Rows": 1, "Actual Loops": 1, "Filter": "((info)::text = 'bottom 10 rank'::text)", "Rows Removed by Filter": 111}, {"Node Type": "Nested Loop", "Parent Relationship": "Inner", "Join Type": "Inner", "Startup Cost": 0.0, "Total Cost": 81132.36, "Plan Rows": 396, "Plan Width": 29, "Actual Startup Time": 13.969, "Actual Total Time": 1364.883, "Actual Rows": 2645, "Actual Loops": 1, "Inner Unique": false, "Plans": [{"Node Type": "Seq Scan", "Parent Relationship": "Outer", "Relation Name": "title", "Alias": "t", "Startup Cost": 0.0, "Total Cost": 79031.44, "Plan Rows": 258, "Plan Width": 21, "Actual Startup Time": 0.371, "Actual Total Time": 1349.84, "Actual Rows": 2536, "Actual Loops": 1, "Filter": "((production_year > 2000) AND (((title)::text ~~ 'Birdemic%'::text) OR ((title)::text ~~ '%Movie%'::text)))", "Rows Removed by Filter": 2525775}, {"Node Type": "Index Scan", "Parent Relationship": "Inner", "Scan Direction": "Forward", "Index Name": "movie_id_movie_info_idx", "Relation Name": "movie_info_idx", "Alias": "mi_idx", "Startup Cost": 0.0, "Total Cost": 8.12, "Plan Rows": 2, "Plan Width": 8, "Actual Startup Time": 11.624, "Actual Total Time": 12.638, "Actual Rows": 2645, "Actual Loops": 2536, "Index Cond": "(movie_id = t.id)", "Rows Removed by Index Recheck": 0}]}]}, {"Node Type": "Index Scan", "Parent Relationship": "Inner", "Scan Direction": "Forward", "Index Name": "movie_id_movie_companies", "Relation Name": "movie_companies", "Alias": "mc", "Startup Cost": 0.0, "Total Cost": 0.36, "Plan Rows": 2, "Plan Width": 12, "Actual Startup Time": 0.033, "Actual Total Time": 0.054, "Actual Rows": 33, "Actual Loops": 2, "Index Cond": "(movie_id = mi_idx.movie_id)", "Rows Removed by Index Recheck": 0}]}, {"Node Type": "Index Scan", "Parent Relationship": "Inner", "Scan Direction": "Forward", "Index Name": "movie_id_movie_info", "Relation Name": "movie_info", "Alias": "mi", "Startup Cost": 0.0, "Total Cost": 0.66, "Plan Rows": 5, "Plan Width": 50, "Actual Startup Time": 0.527, "Actual Total Time": 2.538, "Actual Rows": 4959, "Actual Loops": 33, "Index Cond": "(movie_id = mc.movie_id)", "Rows Removed by Index Recheck": 0}]}]}, {"Node Type": "Index Scan", "Parent Relationship": "Inner", "Scan Direction": "Forward", "Index Name": "company_name_pkey", "Relation Name": "company_name", "Alias": "cn", "Startup Cost": 0.0, "Total Cost": 0.28, "Plan Rows": 1, "Plan Width": 4, "Actual Startup Time": 0.2, "Actual Total Time": 0.2, "Actual Rows": 10, "Actual Loops": 33, "Index Cond": "(id = mc.company_id)", "Rows Removed by Index Recheck": 0, "Filter": "((country_code)::text = '[us]'::text)", "Rows Removed by Filter": 23}]}, {"Node Type": "Index Scan", "Parent Relationship": "Inner", "Scan Direction": "Forward", "Index Name": "company_type_pkey", "Relation Name": "company_type", "Alias": "ct", "Startup Cost": 0.0, "Total Cost": 0.28, "Plan Rows": 1, "Plan Width": 4, "Actual Startup Time": 0.026, "Actual Total Time": 0.026, "Actual Rows": 5, "Actual Loops": 10, "Index Cond": "(id = mc.company_type_id)", "Rows Removed by Index Recheck": 0, "Filter": "((kind IS NOT NULL) AND (((kind)::text = 'production companies'::text) OR ((kind)::text = 'distributors'::text)))", "Rows Removed by Filter": 0}]}]}, "Triggers": [], "Planner Runtime": 98.34, "Total Runtime": 1371.638, "Unique SQL Id": 1682224415}}, "(1, 9)": {"explain_plan": {"Plan": {"Node Type": "Aggregate", "Strategy": "Plain", "Startup Cost": 131509.23, "Total Cost": 131509.24, "Plan Rows": 1, "Plan Width": 123, "Plans": [{"Node Type": "Nested Loop", "Parent Relationship": "Outer", "Join Type": "Inner", "Startup Cost": 0.0, "Total Cost": 131508.99, "Plan Rows": 48, "Plan Width": 59, "Inner Unique": true, "Plans": [{"Node Type": "Nested Loop", "Parent Relationship": "Outer", "Join Type": "Inner", "Startup Cost": 0.0, "Total Cost": 131506.98, "Plan Rows": 7, "Plan Width": 63, "Inner Unique": true, "Plans": [{"Node Type": "Nested Loop", "Parent Relationship": "Outer", "Join Type": "Inner", "Startup Cost": 0.0, "Total Cost": 131505.55, "Plan Rows": 5, "Plan Width": 67, "Inner Unique": false, "Join Filter": "(mi.info_type_id = it1.id)", "Plans": [{"Node Type": "Index Scan", "Parent Relationship": "Outer", "Scan Direction": "Forward", "Index Name": "info_type_pkey", "Relation Name": "info_type", "Alias": "it1", "Startup Cost": 0.0, "Total Cost": 14.21, "Plan Rows": 1, "Plan Width": 4, "Filter": "((info)::text = 'budget'::text)"}, {"Node Type": "Nested Loop", "Parent Relationship": "Inner", "Join Type": "Inner", "Startup Cost": 0.0, "Total Cost": 131477.32, "Plan Rows": 1122, "Plan Width": 71, "Inner Unique": false, "Join Filter": "(t.id = mi.movie_id)", "Plans": [{"Node Type": "Nested Loop", "Parent Relationship": "Outer", "Join Type": "Inner", "Startup Cost": 0.0, "Total Cost": 131324.66, "Plan Rows": 210, "Plan Width": 37, "Inner Unique": false, "Join Filter": "(t.id = mc.movie_id)", "Plans": [{"Node Type": "Nested Loop", "Parent Relationship": "Outer", "Join Type": "Inner", "Startup Cost": 0.0, "Total Cost": 131203.89, "Plan Rows": 311, "Plan Width": 25, "Inner Unique": true, "Join Filter": "(mi_idx.info_type_id = it2.id)", "Plans": [{"Node Type": "Nested Loop", "Parent Relationship": "Outer", "Join Type": "Inner", "Startup Cost": 0.0, "Total Cost": 131183.74, "Plan Rows": 396, "Plan Width": 29, "Inner Unique": false, "Plans": [{"Node Type": "Index Scan", "Parent Relationship": "Outer", "Scan Direction": "Forward", "Index Name": "title_pkey", "Relation Name": "title", "Alias": "t", "Startup Cost": 0.0, "Total Cost": 129082.82, "Plan Rows": 258, "Plan Width": 21, "Filter": "((production_year > 2000) AND (((title)::text ~~ 'Birdemic%'::text) OR ((title)::text ~~ '%Movie%'::text)))"}, {"Node Type": "Index Scan", "Parent Relationship": "Inner", "Scan Direction": "Forward", "Index Name": "movie_id_movie_info_idx", "Relation Name": "movie_info_idx", "Alias": "mi_idx", "Startup Cost": 0.0, "Total Cost": 8.12, "Plan Rows": 2, "Plan Width": 8, "Index Cond": "(movie_id = t.id)"}]}, {"Node Type": "Materialize", "Parent Relationship": "Inner", "Startup Cost": 0.0, "Total Cost": 14.22, "Plan Rows": 1, "Plan Width": 4, "Plans": [{"Node Type": "Index Scan", "Parent Relationship": "Outer", "Scan Direction": "Forward", "Index Name": "info_type_pkey", "Relation Name": "info_type", "Alias": "it2", "Startup Cost": 0.0, "Total Cost": 14.21, "Plan Rows": 1, "Plan Width": 4, "Filter": "((info)::text = 'bottom 10 rank'::text)"}]}]}, {"Node Type": "Index Scan", "Parent Relationship": "Inner", "Scan Direction": "Forward", "Index Name": "movie_id_movie_companies", "Relation Name": "movie_companies", "Alias": "mc", "Startup Cost": 0.0, "Total Cost": 0.36, "Plan Rows": 2, "Plan Width": 12, "Index Cond": "(movie_id = mi_idx.movie_id)"}]}, {"Node Type": "Index Scan", "Parent Relationship": "Inner", "Scan Direction": "Forward", "Index Name": "movie_id_movie_info", "Relation Name": "movie_info", "Alias": "mi", "Startup Cost": 0.0, "Total Cost": 0.66, "Plan Rows": 5, "Plan Width": 50, "Index Cond": "(movie_id = mc.movie_id)"}]}]}, {"Node Type": "Index Scan", "Parent Relationship": "Inner", "Scan Direction": "Forward", "Index Name": "company_type_pkey", "Relation Name": "company_type", "Alias": "ct", "Startup Cost": 0.0, "Total Cost": 0.28, "Plan Rows": 1, "Plan Width": 4, "Index Cond": "(id = mc.company_type_id)", "Filter": "((kind IS NOT NULL) AND (((kind)::text = 'production companies'::text) OR ((kind)::text = 'distributors'::text)))"}]}, {"Node Type": "Index Scan", "Parent Relationship": "Inner", "Scan Direction": "Forward", "Index Name": "company_name_pkey", "Relation Name": "company_name", "Alias": "cn", "Startup Cost": 0.0, "Total Cost": 0.28, "Plan Rows": 1, "Plan Width": 4, "Index Cond": "(id = mc.company_id)", "Filter": "((country_code)::text = '[us]'::text)"}]}]}, "Unique SQL Id": 1682224415}, "explain_analyze_plan": null}, "(1, 10)": {"explain_plan": {"Plan": {"Node Type": "Aggregate", "Strategy": "Plain", "Startup Cost": 500007.78, "Total Cost": 500007.79, "Plan Rows": 1, "Plan Width": 123, "Plans": [{"Node Type": "Nested Loop", "Parent Relationship": "Outer", "Join Type": "Inner", "Startup Cost": 163080.53, "Total Cost": 500007.76, "Plan Rows": 4, "Plan Width": 59, "Inner Unique": true, "Join Filter": "(mc.company_type_id = ct.id)", "Plans": [{"Node Type": "Hash Join", "Parent Relationship": "Outer", "Join Type": "Inner", "Startup Cost": 163080.53, "Total Cost": 500006.59, "Plan Rows": 4, "Plan Width": 63, "Inner Unique": true, "Hash Cond": "(mc.company_id = cn.id)", "Plans": [{"Node Type": "Hash Join", "Parent Relationship": "Outer", "Join Type": "Inner", "Startup Cost": 156112.45, "Total Cost": 493038.43, "Plan Rows": 5, "Plan Width": 67, "Inner Unique": false, "Hash Cond": "(mi.movie_id = t.id)", "Plans": [{"Node Type": "Hash Join", "Parent Relationship": "Outer", "Join Type": "Inner", "Startup Cost": 2.41, "Total Cost": 336382.21, "Plan Rows": 212428, "Plan Width": 46, "Inner Unique": true, "Hash Cond": "(mi.info_type_id = it1.id), (LLVM Optimized)", "Plans": [{"Node Type": "Seq Scan", "Parent Relationship": "Outer", "Relation Name": "movie_info", "Alias": "mi", "Startup Cost": 0.0, "Total Cost": 296987.66, "Plan Rows": 14869966, "Plan Width": 50}, {"Node Type": "Hash", "Parent Relationship": "Inner", "Startup Cost": 2.4, "Total Cost": 2.4, "Plan Rows": 1, "Plan Width": 4, "Plans": [{"Node Type": "Seq Scan", "Parent Relationship": "Outer", "Relation Name": "info_type", "Alias": "it1", "Startup Cost": 0.0, "Total Cost": 2.4, "Plan Rows": 1, "Plan Width": 4, "Filter": "((info)::text = 'budget'::text)"}]}]}, {"Node Type": "Hash", "Parent Relationship": "Inner", "Startup Cost": 156107.41, "Total Cost": 156107.41, "Plan Rows": 210, "Plan Width": 37, "Plans": [{"Node Type": "Hash Join", "Parent Relationship": "Outer", "Join Type": "Inner", "Startup Cost": 104499.33, "Total Cost": 156107.41, "Plan Rows": 210, "Plan Width": 37, "Inner Unique": false, "Hash Cond": "(mc.movie_id = t.id)", "Plans": [{"Node Type": "Seq Scan", "Parent Relationship": "Outer", "Relation Name": "movie_companies", "Alias": "mc", "Startup Cost": 0.0, "Total Cost": 41817.28, "Plan Rows": 2609128, "Plan Width": 12}, {"Node Type": "Hash", "Parent Relationship": "Inner", "Startup Cost": 104495.45, "Total Cost": 104495.45, "Plan Rows": 311, "Plan Width": 25, "Plans": [{"Node Type": "Nested Loop", "Parent Relationship": "Outer", "Join Type": "Inner", "Startup Cost": 79034.67, "Total Cost": 104495.45, "Plan Rows": 311, "Plan Width": 25, "Inner Unique": false, "Join Filter": "(mi_idx.info_type_id = it2.id)", "Plans": [{"Node Type": "Seq Scan", "Parent Relationship": "Outer", "Relation Name": "info_type", "Alias": "it2", "Startup Cost": 0.0, "Total Cost": 2.4, "Plan Rows": 1, "Plan Width": 4, "Filter": "((info)::text = 'bottom 10 rank'::text)"}, {"Node Type": "Hash Join", "Parent Relationship": "Inner", "Join Type": "Inner", "Startup Cost": 79034.67, "Total Cost": 104488.1, "Plan Rows": 396, "Plan Width": 29, "Inner Unique": true, "Hash Cond": "(mi_idx.movie_id = t.id)", "Plans": [{"Node Type": "Seq Scan", "Parent Relationship": "Outer", "Relation Name": "movie_info_idx", "Alias": "mi_idx", "Startup Cost": 0.0, "Total Cost": 20274.34, "Plan Rows": 1380034, "Plan Width": 8}, {"Node Type": "Hash", "Parent Relationship": "Inner", "Startup Cost": 79031.44, "Total Cost": 79031.44, "Plan Rows": 258, "Plan Width": 21, "Plans": [{"Node Type": "Seq Scan", "Parent Relationship": "Outer", "Relation Name": "title", "Alias": "t", "Startup Cost": 0.0, "Total Cost": 79031.44, "Plan Rows": 258, "Plan Width": 21, "Filter": "((production_year > 2000) AND (((title)::text ~~ 'Birdemic%'::text) OR ((title)::text ~~ '%Movie%'::text)))"}]}]}]}]}]}]}]}, {"Node Type": "Hash", "Parent Relationship": "Inner", "Startup Cost": 5903.45, "Total Cost": 5903.45, "Plan Rows": 85170, "Plan Width": 4, "Plans": [{"Node Type": "Seq Scan", "Parent Relationship": "Outer", "Relation Name": "company_name", "Alias": "cn", "Startup Cost": 0.0, "Total Cost": 5903.45, "Plan Rows": 85170, "Plan Width": 4, "Filter": "((country_code)::text = '[us]'::text)"}]}]}, {"Node Type": "Materialize", "Parent Relationship": "Inner", "Startup Cost": 0.0, "Total Cost": 1.05, "Plan Rows": 2, "Plan Width": 4, "Plans": [{"Node Type": "Seq Scan", "Parent Relationship": "Outer", "Relation Name": "company_type", "Alias": "ct", "Startup Cost": 0.0, "Total Cost": 1.04, "Plan Rows": 2, "Plan Width": 4, "Filter": "((kind IS NOT NULL) AND (((kind)::text = 'production companies'::text) OR ((kind)::text = 'distributors'::text)))"}]}]}]}, "Unique SQL Id": 1682224415}, "explain_analyze_plan": null}, "(1, 11)": {"explain_plan": {"Plan": {"Node Type": "Aggregate", "Strategy": "Plain", "Startup Cost": 7998688012676.64, "Total Cost": 7998688012676.65, "Plan Rows": 1, "Plan Width": 123, "Plans": [{"Node Type": "Nested Loop", "Parent Relationship": "Outer", "Join Type": "Inner", "Startup Cost": 80000000000.0, "Total Cost": 7998688012676.62, "Plan Rows": 4, "Plan Width": 59, "Inner Unique": false, "Join Filter": "(mi_idx.movie_id = t.id)", "Plans": [{"Node Type": "Nested Loop", "Parent Relationship": "Outer", "Join Type": "Inner", "Startup Cost": 20000000000.0, "Total Cost": 2000004672156.88, "Plan Rows": 345008, "Plan Width": 4, "Inner Unique": true, "Join Filter": "(it2.id = mi_idx.info_type_id), (LLVM Optimized)", "Plans": [{"Node Type": "Index Scan", "Parent Relationship": "Outer", "Scan Direction": "Forward", "Index Name": "movie_id_movie_info_idx", "Relation Name": "movie_info_idx", "Alias": "mi_idx", "Startup Cost": 10000000000.0, "Total Cost": 1000004650035.37, "Plan Rows": 1380034, "Plan Width": 8}, {"Node Type": "Materialize", "Parent Relationship": "Inner", "Startup Cost": 10000000000.0, "Total Cost": 1000000001421.0, "Plan Rows": 1, "Plan Width": 4, "Plans": [{"Node Type": "Index Scan", "Parent Relationship": "Outer", "Scan Direction": "Forward", "Index Name": "info_type_pkey", "Relation Name": "info_type", "Alias": "it2", "Startup Cost": 10000000000.0, "Total Cost": 1000000001421.0, "Plan Rows": 1, "Plan Width": 4, "Filter": "((info)::text = 'bottom 10 rank'::text)"}]}]}, {"Node Type": "Materialize", "Parent Relationship": "Inner", "Startup Cost": 60000000000.0, "Total Cost": 5998682688454.94, "Plan Rows": 126, "Plan Width": 71, "Plans": [{"Node Type": "Nested Loop", "Parent Relationship": "Outer", "Join Type": "Inner", "Startup Cost": 60000000000.0, "Total Cost": 5998682688454.31, "Plan Rows": 126, "Plan Width": 71, "Inner Unique": true, "Join Filter": "(mc.company_id = cn.id)", "Plans": [{"Node Type": "Nested Loop", "Parent Relationship": "Outer", "Join Type": "Inner", "Startup Cost": 50000000000.0, "Total Cost": 4998681311049.62, "Plan Rows": 256, "Plan Width": 75, "Inner Unique": true, "Join Filter": "(mi.info_type_id = it1.id)", "Plans": [{"Node Type": "Nested Loop", "Parent Relationship": "Outer", "Join Type": "Inner", "Startup Cost": 40000000000.0, "Total Cost": 3998681309583.78, "Plan Rows": 2989, "Plan Width": 79, "Inner Unique": true, "Join Filter": "(mc.company_type_id = ct.id)", "Plans": [{"Node Type": "Merge Join", "Parent Relationship": "Outer", "Join Type": "Inner", "Startup Cost": 30000000000.0, "Total Cost": 2998681308263.11, "Plan Rows": 2989, "Plan Width": 83, "Inner Unique": false, "Merge Cond": "(t.id = mc.movie_id)", "Plans": [{"Node Type": "Merge Join", "Parent Relationship": "Outer", "Join Type": "Inner", "Startup Cost": 20000000000.0, "Total Cost": 2000116762389.8, "Plan Rows": 1367, "Plan Width": 71, "Inner Unique": true, "Merge Cond": "(mi.movie_id = t.id)", "Plans": [{"Node Type": "Index Scan", "Parent Relationship": "Outer", "Scan Direction": "Forward", "Index Name": "movie_id_movie_info", "Relation Name": "movie_info", "Alias": "mi", "Startup Cost": 10000000000.0, "Total Cost": 1000103816912.22, "Plan Rows": 14869966, "Plan Width": 50}, {"Node Type": "Materialize", "Parent Relationship": "Inner", "Startup Cost": 10000000000.0, "Total Cost": 1000012908282.81, "Plan Rows": 258, "Plan Width": 21, "Plans": [{"Node Type": "Index Scan", "Parent Relationship": "Outer", "Scan Direction": "Forward", "Index Name": "title_pkey", "Relation Name": "title", "Alias": "t", "Startup Cost": 10000000000.0, "Total Cost": 1000012908282.16, "Plan Rows": 258, "Plan Width": 21, "Filter": "((production_year > 2000) AND (((title)::text ~~ 'Birdemic%'::text) OR ((title)::text ~~ '%Movie%'::text)))"}]}]}, {"Node Type": "Index Scan", "Parent Relationship": "Inner", "Scan Direction": "Forward", "Index Name": "movie_id_movie_companies", "Relation Name": "movie_companies", "Alias": "mc", "Startup Cost": 10000000000.0, "Total Cost": 1000013051946.13, "Plan Rows": 2609128, "Plan Width": 12}]}, {"Node Type": "Materialize", "Parent Relationship": "Inner", "Startup Cost": 10000000000.0, "Total Cost": 1000000001231.01, "Plan Rows": 2, "Plan Width": 4, "Plans": [{"Node Type": "Index Scan", "Parent Relationship": "Outer", "Scan Direction": "Forward", "Index Name": "company_type_pkey", "Relation Name": "company_type", "Alias": "ct", "Startup Cost": 10000000000.0, "Total Cost": 1000000001231.0, "Plan Rows": 2, "Plan Width": 4, "Filter": "((kind IS NOT NULL) AND (((kind)::text = 'production companies'::text) OR ((kind)::text = 'distributors'::text)))"}]}]}, {"Node Type": "Materialize", "Parent Relationship": "Inner", "Startup Cost": 10000000000.0, "Total Cost": 1000000001421.0, "Plan Rows": 1, "Plan Width": 4, "Plans": [{"Node Type": "Index Scan", "Parent Relationship": "Outer", "Scan Direction": "Forward", "Index Name": "info_type_pkey", "Relation Name": "info_type", "Alias": "it1", "Startup Cost": 10000000000.0, "Total Cost": 1000000001421.0, "Plan Rows": 1, "Plan Width": 4, "Filter": "((info)::text = 'budget'::text)"}]}]}, {"Node Type": "Materialize", "Parent Relationship": "Inner", "Startup Cost": 10000000000.0, "Total Cost": 1000001050564.82, "Plan Rows": 85170, "Plan Width": 4, "Plans": [{"Node Type": "Index Scan", "Parent Relationship": "Outer", "Scan Direction": "Forward", "Index Name": "company_name_pkey", "Relation Name": "company_name", "Alias": "cn", "Startup Cost": 10000000000.0, "Total Cost": 1000001050138.97, "Plan Rows": 85170, "Plan Width": 4, "Filter": "((country_code)::text = '[us]'::text)"}]}]}]}]}]}, "Unique SQL Id": 1682224415}, "explain_analyze_plan": null}, "(1, 12)": {"explain_plan": {"Plan": {"Node Type": "Aggregate", "Strategy": "Plain", "Startup Cost": 81432.16, "Total Cost": 81432.17, "Plan Rows": 1, "Plan Width": 123, "Plans": [{"Node Type": "Nested Loop", "Parent Relationship": "Outer", "Join Type": "Inner", "Startup Cost": 0.0, "Total Cost": 81432.14, "Plan Rows": 4, "Plan Width": 59, "Inner Unique": true, "Plans": [{"Node Type": "Nested Loop", "Parent Relationship": "Outer", "Join Type": "Inner", "Startup Cost": 0.0, "Total Cost": 81431.0, "Plan Rows": 4, "Plan Width": 63, "Inner Unique": true, "Plans": [{"Node Type": "Nested Loop", "Parent Relationship": "Outer", "Join Type": "Inner", "Startup Cost": 0.0, "Total Cost": 81429.56, "Plan Rows": 5, "Plan Width": 67, "Inner Unique": false, "Join Filter": "(mi.info_type_id = it1.id)", "Plans": [{"Node Type": "Seq Scan", "Parent Relationship": "Outer", "Relation Name": "info_type", "Alias": "it1", "Startup Cost": 0.0, "Total Cost": 2.4, "Plan Rows": 1, "Plan Width": 4, "Filter": "((info)::text = 'budget'::text)"}, {"Node Type": "Nested Loop", "Parent Relationship": "Inner", "Join Type": "Inner", "Startup Cost": 0.0, "Total Cost": 81413.14, "Plan Rows": 1122, "Plan Width": 71, "Inner Unique": false, "Join Filter": "(t.id = mi.movie_id)", "Plans": [{"Node Type": "Nested Loop", "Parent Relationship": "Outer", "Join Type": "Inner", "Startup Cost": 0.0, "Total Cost": 81260.48, "Plan Rows": 210, "Plan Width": 37, "Inner Unique": false, "Join Filter": "(t.id = mc.movie_id)", "Plans": [{"Node Type": "Nested Loop", "Parent Relationship": "Outer", "Join Type": "Inner", "Startup Cost": 0.0, "Total Cost": 81139.71, "Plan Rows": 311, "Plan Width": 25, "Inner Unique": false, "Join Filter": "(mi_idx.info_type_id = it2.id)", "Plans": [{"Node Type": "Seq Scan", "Parent Relationship": "Outer", "Relation Name": "info_type", "Alias": "it2", "Startup Cost": 0.0, "Total Cost": 2.4, "Plan Rows": 1, "Plan Width": 4, "Filter": "((info)::text = 'bottom 10 rank'::text)"}, {"Node Type": "Nested Loop", "Parent Relationship": "Inner", "Join Type": "Inner", "Startup Cost": 0.0, "Total Cost": 81132.36, "Plan Rows": 396, "Plan Width": 29, "Inner Unique": false, "Plans": [{"Node Type": "Seq Scan", "Parent Relationship": "Outer", "Relation Name": "title", "Alias": "t", "Startup Cost": 0.0, "Total Cost": 79031.44, "Plan Rows": 258, "Plan Width": 21, "Filter": "((production_year > 2000) AND (((title)::text ~~ 'Birdemic%'::text) OR ((title)::text ~~ '%Movie%'::text)))"}, {"Node Type": "Index Scan", "Parent Relationship": "Inner", "Scan Direction": "Forward", "Index Name": "movie_id_movie_info_idx", "Relation Name": "movie_info_idx", "Alias": "mi_idx", "Startup Cost": 0.0, "Total Cost": 8.12, "Plan Rows": 2, "Plan Width": 8, "Index Cond": "(movie_id = t.id)"}]}]}, {"Node Type": "Index Scan", "Parent Relationship": "Inner", "Scan Direction": "Forward", "Index Name": "movie_id_movie_companies", "Relation Name": "movie_companies", "Alias": "mc", "Startup Cost": 0.0, "Total Cost": 0.36, "Plan Rows": 2, "Plan Width": 12, "Index Cond": "(movie_id = mi_idx.movie_id)"}]}, {"Node Type": "Index Scan", "Parent Relationship": "Inner", "Scan Direction": "Forward", "Index Name": "movie_id_movie_info", "Relation Name": "movie_info", "Alias": "mi", "Startup Cost": 0.0, "Total Cost": 0.66, "Plan Rows": 5, "Plan Width": 50, "Index Cond": "(movie_id = mc.movie_id)"}]}]}, {"Node Type": "Index Scan", "Parent Relationship": "Inner", "Scan Direction": "Forward", "Index Name": "company_name_pkey", "Relation Name": "company_name", "Alias": "cn", "Startup Cost": 0.0, "Total Cost": 0.28, "Plan Rows": 1, "Plan Width": 4, "Index Cond": "(id = mc.company_id)", "Filter": "((country_code)::text = '[us]'::text)"}]}, {"Node Type": "Index Scan", "Parent Relationship": "Inner", "Scan Direction": "Forward", "Index Name": "company_type_pkey", "Relation Name": "company_type", "Alias": "ct", "Startup Cost": 0.0, "Total Cost": 0.28, "Plan Rows": 1, "Plan Width": 4, "Index Cond": "(id = mc.company_type_id)", "Filter": "((kind IS NOT NULL) AND (((kind)::text = 'production companies'::text) OR ((kind)::text = 'distributors'::text)))"}]}]}, "Unique SQL Id": 1682224415}, "explain_analyze_plan": {"Plan": {"Node Type": "Aggregate", "Strategy": "Plain", "Startup Cost": 81432.16, "Total Cost": 81432.17, "Plan Rows": 1, "Plan Width": 123, "Actual Startup Time": 1371.266, "Actual Total Time": 1371.266, "Actual Rows": 1, "Actual Loops": 1, "Plans": [{"Node Type": "Nested Loop", "Parent Relationship": "Outer", "Join Type": "Inner", "Startup Cost": 0.0, "Total Cost": 81432.14, "Plan Rows": 4, "Plan Width": 59, "Actual Startup Time": 973.085, "Actual Total Time": 1371.203, "Actual Rows": 5, "Actual Loops": 1, "Inner Unique": true, "Plans": [{"Node Type": "Nested Loop", "Parent Relationship": "Outer", "Join Type": "Inner", "Startup Cost": 0.0, "Total Cost": 81431.0, "Plan Rows": 4, "Plan Width": 63, "Actual Startup Time": 972.828, "Actual Total Time": 1371.159, "Actual Rows": 10, "Actual Loops": 1, "Inner Unique": true, "Plans": [{"Node Type": "Nested Loop", "Parent Relationship": "Outer", "Join Type": "Inner", "Startup Cost": 0.0, "Total Cost": 81429.56, "Plan Rows": 5, "Plan Width": 67, "Actual Startup Time": 972.803, "Actual Total Time": 1370.929, "Actual Rows": 33, "Actual Loops": 1, "Inner Unique": false, "Join Filter": "(mi.info_type_id = it1.id)", "Rows Removed by Join Filter": 4926, "Plans": [{"Node Type": "Seq Scan", "Parent Relationship": "Outer", "Relation Name": "info_type", "Alias": "it1", "Startup Cost": 0.0, "Total Cost": 2.4, "Plan Rows": 1, "Plan Width": 4, "Actual Startup Time": 0.067, "Actual Total Time": 0.078, "Actual Rows": 1, "Actual Loops": 1, "Filter": "((info)::text = 'budget'::text)", "Rows Removed by Filter": 111}, {"Node Type": "Nested Loop", "Parent Relationship": "Inner", "Join Type": "Inner", "Startup Cost": 0.0, "Total Cost": 81413.14, "Plan Rows": 1122, "Plan Width": 71, "Actual Startup Time": 972.653, "Actual Total Time": 1369.917, "Actual Rows": 4959, "Actual Loops": 1, "Inner Unique": false, "Join Filter": "(t.id = mi.movie_id)", "Rows Removed by Join Filter": 0, "Plans": [{"Node Type": "Nested Loop", "Parent Relationship": "Outer", "Join Type": "Inner", "Startup Cost": 0.0, "Total Cost": 81260.48, "Plan Rows": 210, "Plan Width": 37, "Actual Startup Time": 972.576, "Actual Total Time": 1365.779, "Actual Rows": 33, "Actual Loops": 1, "Inner Unique": false, "Join Filter": "(t.id = mc.movie_id)", "Rows Removed by Join Filter": 0, "Plans": [{"Node Type": "Nested Loop", "Parent Relationship": "Outer", "Join Type": "Inner", "Startup Cost": 0.0, "Total Cost": 81139.71, "Plan Rows": 311, "Plan Width": 25, "Actual Startup Time": 972.451, "Actual Total Time": 1365.601, "Actual Rows": 2, "Actual Loops": 1, "Inner Unique": false, "Join Filter": "(mi_idx.info_type_id = it2.id)", "Rows Removed by Join Filter": 2643, "Plans": [{"Node Type": "Seq Scan", "Parent Relationship": "Outer", "Relation Name": "info_type", "Alias": "it2", "Startup Cost": 0.0, "Total Cost": 2.4, "Plan Rows": 1, "Plan Width": 4, "Actual Startup Time": 0.044, "Actual Total Time": 0.051, "Actual Rows": 1, "Actual Loops": 1, "Filter": "((info)::text = 'bottom 10 rank'::text)", "Rows Removed by Filter": 111}, {"Node Type": "Nested Loop", "Parent Relationship": "Inner", "Join Type": "Inner", "Startup Cost": 0.0, "Total Cost": 81132.36, "Plan Rows": 396, "Plan Width": 29, "Actual Startup Time": 13.969, "Actual Total Time": 1364.883, "Actual Rows": 2645, "Actual Loops": 1, "Inner Unique": false, "Plans": [{"Node Type": "Seq Scan", "Parent Relationship": "Outer", "Relation Name": "title", "Alias": "t", "Startup Cost": 0.0, "Total Cost": 79031.44, "Plan Rows": 258, "Plan Width": 21, "Actual Startup Time": 0.371, "Actual Total Time": 1349.84, "Actual Rows": 2536, "Actual Loops": 1, "Filter": "((production_year > 2000) AND (((title)::text ~~ 'Birdemic%'::text) OR ((title)::text ~~ '%Movie%'::text)))", "Rows Removed by Filter": 2525775}, {"Node Type": "Index Scan", "Parent Relationship": "Inner", "Scan Direction": "Forward", "Index Name": "movie_id_movie_info_idx", "Relation Name": "movie_info_idx", "Alias": "mi_idx", "Startup Cost": 0.0, "Total Cost": 8.12, "Plan Rows": 2, "Plan Width": 8, "Actual Startup Time": 11.624, "Actual Total Time": 12.638, "Actual Rows": 2645, "Actual Loops": 2536, "Index Cond": "(movie_id = t.id)", "Rows Removed by Index Recheck": 0}]}]}, {"Node Type": "Index Scan", "Parent Relationship": "Inner", "Scan Direction": "Forward", "Index Name": "movie_id_movie_companies", "Relation Name": "movie_companies", "Alias": "mc", "Startup Cost": 0.0, "Total Cost": 0.36, "Plan Rows": 2, "Plan Width": 12, "Actual Startup Time": 0.033, "Actual Total Time": 0.054, "Actual Rows": 33, "Actual Loops": 2, "Index Cond": "(movie_id = mi_idx.movie_id)", "Rows Removed by Index Recheck": 0}]}, {"Node Type": "Index Scan", "Parent Relationship": "Inner", "Scan Direction": "Forward", "Index Name": "movie_id_movie_info", "Relation Name": "movie_info", "Alias": "mi", "Startup Cost": 0.0, "Total Cost": 0.66, "Plan Rows": 5, "Plan Width": 50, "Actual Startup Time": 0.527, "Actual Total Time": 2.538, "Actual Rows": 4959, "Actual Loops": 33, "Index Cond": "(movie_id = mc.movie_id)", "Rows Removed by Index Recheck": 0}]}]}, {"Node Type": "Index Scan", "Parent Relationship": "Inner", "Scan Direction": "Forward", "Index Name": "company_name_pkey", "Relation Name": "company_name", "Alias": "cn", "Startup Cost": 0.0, "Total Cost": 0.28, "Plan Rows": 1, "Plan Width": 4, "Actual Startup Time": 0.2, "Actual Total Time": 0.2, "Actual Rows": 10, "Actual Loops": 33, "Index Cond": "(id = mc.company_id)", "Rows Removed by Index Recheck": 0, "Filter": "((country_code)::text = '[us]'::text)", "Rows Removed by Filter": 23}]}, {"Node Type": "Index Scan", "Parent Relationship": "Inner", "Scan Direction": "Forward", "Index Name": "company_type_pkey", "Relation Name": "company_type", "Alias": "ct", "Startup Cost": 0.0, "Total Cost": 0.28, "Plan Rows": 1, "Plan Width": 4, "Actual Startup Time": 0.026, "Actual Total Time": 0.026, "Actual Rows": 5, "Actual Loops": 10, "Index Cond": "(id = mc.company_type_id)", "Rows Removed by Index Recheck": 0, "Filter": "((kind IS NOT NULL) AND (((kind)::text = 'production companies'::text) OR ((kind)::text = 'distributors'::text)))", "Rows Removed by Filter": 0}]}]}, "Triggers": [], "Planner Runtime": 98.34, "Total Runtime": 1371.638, "Unique SQL Id": 1682224415}}, "(1, 13)": {"explain_plan": {"Plan": {"Node Type": "Aggregate", "Strategy": "Plain", "Startup Cost": 131509.23, "Total Cost": 131509.24, "Plan Rows": 1, "Plan Width": 123, "Plans": [{"Node Type": "Nested Loop", "Parent Relationship": "Outer", "Join Type": "Inner", "Startup Cost": 0.0, "Total Cost": 131508.99, "Plan Rows": 48, "Plan Width": 59, "Inner Unique": true, "Plans": [{"Node Type": "Nested Loop", "Parent Relationship": "Outer", "Join Type": "Inner", "Startup Cost": 0.0, "Total Cost": 131506.98, "Plan Rows": 7, "Plan Width": 63, "Inner Unique": true, "Plans": [{"Node Type": "Nested Loop", "Parent Relationship": "Outer", "Join Type": "Inner", "Startup Cost": 0.0, "Total Cost": 131505.55, "Plan Rows": 5, "Plan Width": 67, "Inner Unique": false, "Join Filter": "(mi.info_type_id = it1.id)", "Plans": [{"Node Type": "Index Scan", "Parent Relationship": "Outer", "Scan Direction": "Forward", "Index Name": "info_type_pkey", "Relation Name": "info_type", "Alias": "it1", "Startup Cost": 0.0, "Total Cost": 14.21, "Plan Rows": 1, "Plan Width": 4, "Filter": "((info)::text = 'budget'::text)"}, {"Node Type": "Nested Loop", "Parent Relationship": "Inner", "Join Type": "Inner", "Startup Cost": 0.0, "Total Cost": 131477.32, "Plan Rows": 1122, "Plan Width": 71, "Inner Unique": false, "Join Filter": "(t.id = mi.movie_id)", "Plans": [{"Node Type": "Nested Loop", "Parent Relationship": "Outer", "Join Type": "Inner", "Startup Cost": 0.0, "Total Cost": 131324.66, "Plan Rows": 210, "Plan Width": 37, "Inner Unique": false, "Join Filter": "(t.id = mc.movie_id)", "Plans": [{"Node Type": "Nested Loop", "Parent Relationship": "Outer", "Join Type": "Inner", "Startup Cost": 0.0, "Total Cost": 131203.89, "Plan Rows": 311, "Plan Width": 25, "Inner Unique": true, "Join Filter": "(mi_idx.info_type_id = it2.id)", "Plans": [{"Node Type": "Nested Loop", "Parent Relationship": "Outer", "Join Type": "Inner", "Startup Cost": 0.0, "Total Cost": 131183.74, "Plan Rows": 396, "Plan Width": 29, "Inner Unique": false, "Plans": [{"Node Type": "Index Scan", "Parent Relationship": "Outer", "Scan Direction": "Forward", "Index Name": "title_pkey", "Relation Name": "title", "Alias": "t", "Startup Cost": 0.0, "Total Cost": 129082.82, "Plan Rows": 258, "Plan Width": 21, "Filter": "((production_year > 2000) AND (((title)::text ~~ 'Birdemic%'::text) OR ((title)::text ~~ '%Movie%'::text)))"}, {"Node Type": "Index Scan", "Parent Relationship": "Inner", "Scan Direction": "Forward", "Index Name": "movie_id_movie_info_idx", "Relation Name": "movie_info_idx", "Alias": "mi_idx", "Startup Cost": 0.0, "Total Cost": 8.12, "Plan Rows": 2, "Plan Width": 8, "Index Cond": "(movie_id = t.id)"}]}, {"Node Type": "Materialize", "Parent Relationship": "Inner", "Startup Cost": 0.0, "Total Cost": 14.22, "Plan Rows": 1, "Plan Width": 4, "Plans": [{"Node Type": "Index Scan", "Parent Relationship": "Outer", "Scan Direction": "Forward", "Index Name": "info_type_pkey", "Relation Name": "info_type", "Alias": "it2", "Startup Cost": 0.0, "Total Cost": 14.21, "Plan Rows": 1, "Plan Width": 4, "Filter": "((info)::text = 'bottom 10 rank'::text)"}]}]}, {"Node Type": "Index Scan", "Parent Relationship": "Inner", "Scan Direction": "Forward", "Index Name": "movie_id_movie_companies", "Relation Name": "movie_companies", "Alias": "mc", "Startup Cost": 0.0, "Total Cost": 0.36, "Plan Rows": 2, "Plan Width": 12, "Index Cond": "(movie_id = mi_idx.movie_id)"}]}, {"Node Type": "Index Scan", "Parent Relationship": "Inner", "Scan Direction": "Forward", "Index Name": "movie_id_movie_info", "Relation Name": "movie_info", "Alias": "mi", "Startup Cost": 0.0, "Total Cost": 0.66, "Plan Rows": 5, "Plan Width": 50, "Index Cond": "(movie_id = mc.movie_id)"}]}]}, {"Node Type": "Index Scan", "Parent Relationship": "Inner", "Scan Direction": "Forward", "Index Name": "company_type_pkey", "Relation Name": "company_type", "Alias": "ct", "Startup Cost": 0.0, "Total Cost": 0.28, "Plan Rows": 1, "Plan Width": 4, "Index Cond": "(id = mc.company_type_id)", "Filter": "((kind IS NOT NULL) AND (((kind)::text = 'production companies'::text) OR ((kind)::text = 'distributors'::text)))"}]}, {"Node Type": "Index Scan", "Parent Relationship": "Inner", "Scan Direction": "Forward", "Index Name": "company_name_pkey", "Relation Name": "company_name", "Alias": "cn", "Startup Cost": 0.0, "Total Cost": 0.28, "Plan Rows": 1, "Plan Width": 4, "Index Cond": "(id = mc.company_id)", "Filter": "((country_code)::text = '[us]'::text)"}]}]}, "Unique SQL Id": 1682224415}, "explain_analyze_plan": null}, "(1, 14)": {"explain_plan": {"Plan": {"Node Type": "Aggregate", "Strategy": "Plain", "Startup Cost": 500007.78, "Total Cost": 500007.79, "Plan Rows": 1, "Plan Width": 123, "Plans": [{"Node Type": "Nested Loop", "Parent Relationship": "Outer", "Join Type": "Inner", "Startup Cost": 163080.53, "Total Cost": 500007.76, "Plan Rows": 4, "Plan Width": 59, "Inner Unique": true, "Join Filter": "(mc.company_type_id = ct.id)", "Plans": [{"Node Type": "Hash Join", "Parent Relationship": "Outer", "Join Type": "Inner", "Startup Cost": 163080.53, "Total Cost": 500006.59, "Plan Rows": 4, "Plan Width": 63, "Inner Unique": true, "Hash Cond": "(mc.company_id = cn.id)", "Plans": [{"Node Type": "Hash Join", "Parent Relationship": "Outer", "Join Type": "Inner", "Startup Cost": 156112.45, "Total Cost": 493038.43, "Plan Rows": 5, "Plan Width": 67, "Inner Unique": false, "Hash Cond": "(mi.movie_id = t.id)", "Plans": [{"Node Type": "Hash Join", "Parent Relationship": "Outer", "Join Type": "Inner", "Startup Cost": 2.41, "Total Cost": 336382.21, "Plan Rows": 212428, "Plan Width": 46, "Inner Unique": true, "Hash Cond": "(mi.info_type_id = it1.id), (LLVM Optimized)", "Plans": [{"Node Type": "Seq Scan", "Parent Relationship": "Outer", "Relation Name": "movie_info", "Alias": "mi", "Startup Cost": 0.0, "Total Cost": 296987.66, "Plan Rows": 14869966, "Plan Width": 50}, {"Node Type": "Hash", "Parent Relationship": "Inner", "Startup Cost": 2.4, "Total Cost": 2.4, "Plan Rows": 1, "Plan Width": 4, "Plans": [{"Node Type": "Seq Scan", "Parent Relationship": "Outer", "Relation Name": "info_type", "Alias": "it1", "Startup Cost": 0.0, "Total Cost": 2.4, "Plan Rows": 1, "Plan Width": 4, "Filter": "((info)::text = 'budget'::text)"}]}]}, {"Node Type": "Hash", "Parent Relationship": "Inner", "Startup Cost": 156107.41, "Total Cost": 156107.41, "Plan Rows": 210, "Plan Width": 37, "Plans": [{"Node Type": "Hash Join", "Parent Relationship": "Outer", "Join Type": "Inner", "Startup Cost": 104499.33, "Total Cost": 156107.41, "Plan Rows": 210, "Plan Width": 37, "Inner Unique": false, "Hash Cond": "(mc.movie_id = t.id)", "Plans": [{"Node Type": "Seq Scan", "Parent Relationship": "Outer", "Relation Name": "movie_companies", "Alias": "mc", "Startup Cost": 0.0, "Total Cost": 41817.28, "Plan Rows": 2609128, "Plan Width": 12}, {"Node Type": "Hash", "Parent Relationship": "Inner", "Startup Cost": 104495.45, "Total Cost": 104495.45, "Plan Rows": 311, "Plan Width": 25, "Plans": [{"Node Type": "Nested Loop", "Parent Relationship": "Outer", "Join Type": "Inner", "Startup Cost": 79034.67, "Total Cost": 104495.45, "Plan Rows": 311, "Plan Width": 25, "Inner Unique": false, "Join Filter": "(mi_idx.info_type_id = it2.id)", "Plans": [{"Node Type": "Seq Scan", "Parent Relationship": "Outer", "Relation Name": "info_type", "Alias": "it2", "Startup Cost": 0.0, "Total Cost": 2.4, "Plan Rows": 1, "Plan Width": 4, "Filter": "((info)::text = 'bottom 10 rank'::text)"}, {"Node Type": "Hash Join", "Parent Relationship": "Inner", "Join Type": "Inner", "Startup Cost": 79034.67, "Total Cost": 104488.1, "Plan Rows": 396, "Plan Width": 29, "Inner Unique": true, "Hash Cond": "(mi_idx.movie_id = t.id)", "Plans": [{"Node Type": "Seq Scan", "Parent Relationship": "Outer", "Relation Name": "movie_info_idx", "Alias": "mi_idx", "Startup Cost": 0.0, "Total Cost": 20274.34, "Plan Rows": 1380034, "Plan Width": 8}, {"Node Type": "Hash", "Parent Relationship": "Inner", "Startup Cost": 79031.44, "Total Cost": 79031.44, "Plan Rows": 258, "Plan Width": 21, "Plans": [{"Node Type": "Seq Scan", "Parent Relationship": "Outer", "Relation Name": "title", "Alias": "t", "Startup Cost": 0.0, "Total Cost": 79031.44, "Plan Rows": 258, "Plan Width": 21, "Filter": "((production_year > 2000) AND (((title)::text ~~ 'Birdemic%'::text) OR ((title)::text ~~ '%Movie%'::text)))"}]}]}]}]}]}]}]}, {"Node Type": "Hash", "Parent Relationship": "Inner", "Startup Cost": 5903.45, "Total Cost": 5903.45, "Plan Rows": 85170, "Plan Width": 4, "Plans": [{"Node Type": "Seq Scan", "Parent Relationship": "Outer", "Relation Name": "company_name", "Alias": "cn", "Startup Cost": 0.0, "Total Cost": 5903.45, "Plan Rows": 85170, "Plan Width": 4, "Filter": "((country_code)::text = '[us]'::text)"}]}]}, {"Node Type": "Materialize", "Parent Relationship": "Inner", "Startup Cost": 0.0, "Total Cost": 1.05, "Plan Rows": 2, "Plan Width": 4, "Plans": [{"Node Type": "Seq Scan", "Parent Relationship": "Outer", "Relation Name": "company_type", "Alias": "ct", "Startup Cost": 0.0, "Total Cost": 1.04, "Plan Rows": 2, "Plan Width": 4, "Filter": "((kind IS NOT NULL) AND (((kind)::text = 'production companies'::text) OR ((kind)::text = 'distributors'::text)))"}]}]}]}, "Unique SQL Id": 1682224415}, "explain_analyze_plan": null}, "(1, 15)": {"explain_plan": {"Plan": {"Node Type": "Aggregate", "Strategy": "Plain", "Startup Cost": 7998688012676.64, "Total Cost": 7998688012676.65, "Plan Rows": 1, "Plan Width": 123, "Plans": [{"Node Type": "Nested Loop", "Parent Relationship": "Outer", "Join Type": "Inner", "Startup Cost": 80000000000.0, "Total Cost": 7998688012676.62, "Plan Rows": 4, "Plan Width": 59, "Inner Unique": false, "Join Filter": "(mi_idx.movie_id = t.id)", "Plans": [{"Node Type": "Nested Loop", "Parent Relationship": "Outer", "Join Type": "Inner", "Startup Cost": 20000000000.0, "Total Cost": 2000004672156.88, "Plan Rows": 345008, "Plan Width": 4, "Inner Unique": true, "Join Filter": "(it2.id = mi_idx.info_type_id), (LLVM Optimized)", "Plans": [{"Node Type": "Index Scan", "Parent Relationship": "Outer", "Scan Direction": "Forward", "Index Name": "movie_id_movie_info_idx", "Relation Name": "movie_info_idx", "Alias": "mi_idx", "Startup Cost": 10000000000.0, "Total Cost": 1000004650035.37, "Plan Rows": 1380034, "Plan Width": 8}, {"Node Type": "Materialize", "Parent Relationship": "Inner", "Startup Cost": 10000000000.0, "Total Cost": 1000000001421.0, "Plan Rows": 1, "Plan Width": 4, "Plans": [{"Node Type": "Index Scan", "Parent Relationship": "Outer", "Scan Direction": "Forward", "Index Name": "info_type_pkey", "Relation Name": "info_type", "Alias": "it2", "Startup Cost": 10000000000.0, "Total Cost": 1000000001421.0, "Plan Rows": 1, "Plan Width": 4, "Filter": "((info)::text = 'bottom 10 rank'::text)"}]}]}, {"Node Type": "Materialize", "Parent Relationship": "Inner", "Startup Cost": 60000000000.0, "Total Cost": 5998682688454.94, "Plan Rows": 126, "Plan Width": 71, "Plans": [{"Node Type": "Nested Loop", "Parent Relationship": "Outer", "Join Type": "Inner", "Startup Cost": 60000000000.0, "Total Cost": 5998682688454.31, "Plan Rows": 126, "Plan Width": 71, "Inner Unique": true, "Join Filter": "(mc.company_id = cn.id)", "Plans": [{"Node Type": "Nested Loop", "Parent Relationship": "Outer", "Join Type": "Inner", "Startup Cost": 50000000000.0, "Total Cost": 4998681311049.62, "Plan Rows": 256, "Plan Width": 75, "Inner Unique": true, "Join Filter": "(mi.info_type_id = it1.id)", "Plans": [{"Node Type": "Nested Loop", "Parent Relationship": "Outer", "Join Type": "Inner", "Startup Cost": 40000000000.0, "Total Cost": 3998681309583.78, "Plan Rows": 2989, "Plan Width": 79, "Inner Unique": true, "Join Filter": "(mc.company_type_id = ct.id)", "Plans": [{"Node Type": "Merge Join", "Parent Relationship": "Outer", "Join Type": "Inner", "Startup Cost": 30000000000.0, "Total Cost": 2998681308263.11, "Plan Rows": 2989, "Plan Width": 83, "Inner Unique": false, "Merge Cond": "(t.id = mc.movie_id)", "Plans": [{"Node Type": "Merge Join", "Parent Relationship": "Outer", "Join Type": "Inner", "Startup Cost": 20000000000.0, "Total Cost": 2000116762389.8, "Plan Rows": 1367, "Plan Width": 71, "Inner Unique": true, "Merge Cond": "(mi.movie_id = t.id)", "Plans": [{"Node Type": "Index Scan", "Parent Relationship": "Outer", "Scan Direction": "Forward", "Index Name": "movie_id_movie_info", "Relation Name": "movie_info", "Alias": "mi", "Startup Cost": 10000000000.0, "Total Cost": 1000103816912.22, "Plan Rows": 14869966, "Plan Width": 50}, {"Node Type": "Materialize", "Parent Relationship": "Inner", "Startup Cost": 10000000000.0, "Total Cost": 1000012908282.81, "Plan Rows": 258, "Plan Width": 21, "Plans": [{"Node Type": "Index Scan", "Parent Relationship": "Outer", "Scan Direction": "Forward", "Index Name": "title_pkey", "Relation Name": "title", "Alias": "t", "Startup Cost": 10000000000.0, "Total Cost": 1000012908282.16, "Plan Rows": 258, "Plan Width": 21, "Filter": "((production_year > 2000) AND (((title)::text ~~ 'Birdemic%'::text) OR ((title)::text ~~ '%Movie%'::text)))"}]}]}, {"Node Type": "Index Scan", "Parent Relationship": "Inner", "Scan Direction": "Forward", "Index Name": "movie_id_movie_companies", "Relation Name": "movie_companies", "Alias": "mc", "Startup Cost": 10000000000.0, "Total Cost": 1000013051946.13, "Plan Rows": 2609128, "Plan Width": 12}]}, {"Node Type": "Materialize", "Parent Relationship": "Inner", "Startup Cost": 10000000000.0, "Total Cost": 1000000001231.01, "Plan Rows": 2, "Plan Width": 4, "Plans": [{"Node Type": "Index Scan", "Parent Relationship": "Outer", "Scan Direction": "Forward", "Index Name": "company_type_pkey", "Relation Name": "company_type", "Alias": "ct", "Startup Cost": 10000000000.0, "Total Cost": 1000000001231.0, "Plan Rows": 2, "Plan Width": 4, "Filter": "((kind IS NOT NULL) AND (((kind)::text = 'production companies'::text) OR ((kind)::text = 'distributors'::text)))"}]}]}, {"Node Type": "Materialize", "Parent Relationship": "Inner", "Startup Cost": 10000000000.0, "Total Cost": 1000000001421.0, "Plan Rows": 1, "Plan Width": 4, "Plans": [{"Node Type": "Index Scan", "Parent Relationship": "Outer", "Scan Direction": "Forward", "Index Name": "info_type_pkey", "Relation Name": "info_type", "Alias": "it1", "Startup Cost": 10000000000.0, "Total Cost": 1000000001421.0, "Plan Rows": 1, "Plan Width": 4, "Filter": "((info)::text = 'budget'::text)"}]}]}, {"Node Type": "Materialize", "Parent Relationship": "Inner", "Startup Cost": 10000000000.0, "Total Cost": 1000001050564.82, "Plan Rows": 85170, "Plan Width": 4, "Plans": [{"Node Type": "Index Scan", "Parent Relationship": "Outer", "Scan Direction": "Forward", "Index Name": "company_name_pkey", "Relation Name": "company_name", "Alias": "cn", "Startup Cost": 10000000000.0, "Total Cost": 1000001050138.97, "Plan Rows": 85170, "Plan Width": 4, "Filter": "((country_code)::text = '[us]'::text)"}]}]}]}]}]}, "Unique SQL Id": 1682224415}, "explain_analyze_plan": null}, "(1, 16)": {"explain_plan": {"Plan": {"Node Type": "Aggregate", "Strategy": "Plain", "Startup Cost": 81432.16, "Total Cost": 81432.17, "Plan Rows": 1, "Plan Width": 123, "Plans": [{"Node Type": "Nested Loop", "Parent Relationship": "Outer", "Join Type": "Inner", "Startup Cost": 0.0, "Total Cost": 81432.14, "Plan Rows": 4, "Plan Width": 59, "Inner Unique": true, "Plans": [{"Node Type": "Nested Loop", "Parent Relationship": "Outer", "Join Type": "Inner", "Startup Cost": 0.0, "Total Cost": 81431.0, "Plan Rows": 4, "Plan Width": 63, "Inner Unique": true, "Plans": [{"Node Type": "Nested Loop", "Parent Relationship": "Outer", "Join Type": "Inner", "Startup Cost": 0.0, "Total Cost": 81429.56, "Plan Rows": 5, "Plan Width": 67, "Inner Unique": false, "Join Filter": "(mi.info_type_id = it1.id)", "Plans": [{"Node Type": "Seq Scan", "Parent Relationship": "Outer", "Relation Name": "info_type", "Alias": "it1", "Startup Cost": 0.0, "Total Cost": 2.4, "Plan Rows": 1, "Plan Width": 4, "Filter": "((info)::text = 'budget'::text)"}, {"Node Type": "Nested Loop", "Parent Relationship": "Inner", "Join Type": "Inner", "Startup Cost": 0.0, "Total Cost": 81413.14, "Plan Rows": 1122, "Plan Width": 71, "Inner Unique": false, "Join Filter": "(t.id = mi.movie_id)", "Plans": [{"Node Type": "Nested Loop", "Parent Relationship": "Outer", "Join Type": "Inner", "Startup Cost": 0.0, "Total Cost": 81260.48, "Plan Rows": 210, "Plan Width": 37, "Inner Unique": false, "Join Filter": "(t.id = mc.movie_id)", "Plans": [{"Node Type": "Nested Loop", "Parent Relationship": "Outer", "Join Type": "Inner", "Startup Cost": 0.0, "Total Cost": 81139.71, "Plan Rows": 311, "Plan Width": 25, "Inner Unique": false, "Join Filter": "(mi_idx.info_type_id = it2.id)", "Plans": [{"Node Type": "Seq Scan", "Parent Relationship": "Outer", "Relation Name": "info_type", "Alias": "it2", "Startup Cost": 0.0, "Total Cost": 2.4, "Plan Rows": 1, "Plan Width": 4, "Filter": "((info)::text = 'bottom 10 rank'::text)"}, {"Node Type": "Nested Loop", "Parent Relationship": "Inner", "Join Type": "Inner", "Startup Cost": 0.0, "Total Cost": 81132.36, "Plan Rows": 396, "Plan Width": 29, "Inner Unique": false, "Plans": [{"Node Type": "Seq Scan", "Parent Relationship": "Outer", "Relation Name": "title", "Alias": "t", "Startup Cost": 0.0, "Total Cost": 79031.44, "Plan Rows": 258, "Plan Width": 21, "Filter": "((production_year > 2000) AND (((title)::text ~~ 'Birdemic%'::text) OR ((title)::text ~~ '%Movie%'::text)))"}, {"Node Type": "Index Scan", "Parent Relationship": "Inner", "Scan Direction": "Forward", "Index Name": "movie_id_movie_info_idx", "Relation Name": "movie_info_idx", "Alias": "mi_idx", "Startup Cost": 0.0, "Total Cost": 8.12, "Plan Rows": 2, "Plan Width": 8, "Index Cond": "(movie_id = t.id)"}]}]}, {"Node Type": "Index Scan", "Parent Relationship": "Inner", "Scan Direction": "Forward", "Index Name": "movie_id_movie_companies", "Relation Name": "movie_companies", "Alias": "mc", "Startup Cost": 0.0, "Total Cost": 0.36, "Plan Rows": 2, "Plan Width": 12, "Index Cond": "(movie_id = mi_idx.movie_id)"}]}, {"Node Type": "Index Scan", "Parent Relationship": "Inner", "Scan Direction": "Forward", "Index Name": "movie_id_movie_info", "Relation Name": "movie_info", "Alias": "mi", "Startup Cost": 0.0, "Total Cost": 0.66, "Plan Rows": 5, "Plan Width": 50, "Index Cond": "(movie_id = mc.movie_id)"}]}]}, {"Node Type": "Index Scan", "Parent Relationship": "Inner", "Scan Direction": "Forward", "Index Name": "company_name_pkey", "Relation Name": "company_name", "Alias": "cn", "Startup Cost": 0.0, "Total Cost": 0.28, "Plan Rows": 1, "Plan Width": 4, "Index Cond": "(id = mc.company_id)", "Filter": "((country_code)::text = '[us]'::text)"}]}, {"Node Type": "Index Scan", "Parent Relationship": "Inner", "Scan Direction": "Forward", "Index Name": "company_type_pkey", "Relation Name": "company_type", "Alias": "ct", "Startup Cost": 0.0, "Total Cost": 0.28, "Plan Rows": 1, "Plan Width": 4, "Index Cond": "(id = mc.company_type_id)", "Filter": "((kind IS NOT NULL) AND (((kind)::text = 'production companies'::text) OR ((kind)::text = 'distributors'::text)))"}]}]}, "Unique SQL Id": 1682224415}, "explain_analyze_plan": {"Plan": {"Node Type": "Aggregate", "Strategy": "Plain", "Startup Cost": 81432.16, "Total Cost": 81432.17, "Plan Rows": 1, "Plan Width": 123, "Actual Startup Time": 1371.266, "Actual Total Time": 1371.266, "Actual Rows": 1, "Actual Loops": 1, "Plans": [{"Node Type": "Nested Loop", "Parent Relationship": "Outer", "Join Type": "Inner", "Startup Cost": 0.0, "Total Cost": 81432.14, "Plan Rows": 4, "Plan Width": 59, "Actual Startup Time": 973.085, "Actual Total Time": 1371.203, "Actual Rows": 5, "Actual Loops": 1, "Inner Unique": true, "Plans": [{"Node Type": "Nested Loop", "Parent Relationship": "Outer", "Join Type": "Inner", "Startup Cost": 0.0, "Total Cost": 81431.0, "Plan Rows": 4, "Plan Width": 63, "Actual Startup Time": 972.828, "Actual Total Time": 1371.159, "Actual Rows": 10, "Actual Loops": 1, "Inner Unique": true, "Plans": [{"Node Type": "Nested Loop", "Parent Relationship": "Outer", "Join Type": "Inner", "Startup Cost": 0.0, "Total Cost": 81429.56, "Plan Rows": 5, "Plan Width": 67, "Actual Startup Time": 972.803, "Actual Total Time": 1370.929, "Actual Rows": 33, "Actual Loops": 1, "Inner Unique": false, "Join Filter": "(mi.info_type_id = it1.id)", "Rows Removed by Join Filter": 4926, "Plans": [{"Node Type": "Seq Scan", "Parent Relationship": "Outer", "Relation Name": "info_type", "Alias": "it1", "Startup Cost": 0.0, "Total Cost": 2.4, "Plan Rows": 1, "Plan Width": 4, "Actual Startup Time": 0.067, "Actual Total Time": 0.078, "Actual Rows": 1, "Actual Loops": 1, "Filter": "((info)::text = 'budget'::text)", "Rows Removed by Filter": 111}, {"Node Type": "Nested Loop", "Parent Relationship": "Inner", "Join Type": "Inner", "Startup Cost": 0.0, "Total Cost": 81413.14, "Plan Rows": 1122, "Plan Width": 71, "Actual Startup Time": 972.653, "Actual Total Time": 1369.917, "Actual Rows": 4959, "Actual Loops": 1, "Inner Unique": false, "Join Filter": "(t.id = mi.movie_id)", "Rows Removed by Join Filter": 0, "Plans": [{"Node Type": "Nested Loop", "Parent Relationship": "Outer", "Join Type": "Inner", "Startup Cost": 0.0, "Total Cost": 81260.48, "Plan Rows": 210, "Plan Width": 37, "Actual Startup Time": 972.576, "Actual Total Time": 1365.779, "Actual Rows": 33, "Actual Loops": 1, "Inner Unique": false, "Join Filter": "(t.id = mc.movie_id)", "Rows Removed by Join Filter": 0, "Plans": [{"Node Type": "Nested Loop", "Parent Relationship": "Outer", "Join Type": "Inner", "Startup Cost": 0.0, "Total Cost": 81139.71, "Plan Rows": 311, "Plan Width": 25, "Actual Startup Time": 972.451, "Actual Total Time": 1365.601, "Actual Rows": 2, "Actual Loops": 1, "Inner Unique": false, "Join Filter": "(mi_idx.info_type_id = it2.id)", "Rows Removed by Join Filter": 2643, "Plans": [{"Node Type": "Seq Scan", "Parent Relationship": "Outer", "Relation Name": "info_type", "Alias": "it2", "Startup Cost": 0.0, "Total Cost": 2.4, "Plan Rows": 1, "Plan Width": 4, "Actual Startup Time": 0.044, "Actual Total Time": 0.051, "Actual Rows": 1, "Actual Loops": 1, "Filter": "((info)::text = 'bottom 10 rank'::text)", "Rows Removed by Filter": 111}, {"Node Type": "Nested Loop", "Parent Relationship": "Inner", "Join Type": "Inner", "Startup Cost": 0.0, "Total Cost": 81132.36, "Plan Rows": 396, "Plan Width": 29, "Actual Startup Time": 13.969, "Actual Total Time": 1364.883, "Actual Rows": 2645, "Actual Loops": 1, "Inner Unique": false, "Plans": [{"Node Type": "Seq Scan", "Parent Relationship": "Outer", "Relation Name": "title", "Alias": "t", "Startup Cost": 0.0, "Total Cost": 79031.44, "Plan Rows": 258, "Plan Width": 21, "Actual Startup Time": 0.371, "Actual Total Time": 1349.84, "Actual Rows": 2536, "Actual Loops": 1, "Filter": "((production_year > 2000) AND (((title)::text ~~ 'Birdemic%'::text) OR ((title)::text ~~ '%Movie%'::text)))", "Rows Removed by Filter": 2525775}, {"Node Type": "Index Scan", "Parent Relationship": "Inner", "Scan Direction": "Forward", "Index Name": "movie_id_movie_info_idx", "Relation Name": "movie_info_idx", "Alias": "mi_idx", "Startup Cost": 0.0, "Total Cost": 8.12, "Plan Rows": 2, "Plan Width": 8, "Actual Startup Time": 11.624, "Actual Total Time": 12.638, "Actual Rows": 2645, "Actual Loops": 2536, "Index Cond": "(movie_id = t.id)", "Rows Removed by Index Recheck": 0}]}]}, {"Node Type": "Index Scan", "Parent Relationship": "Inner", "Scan Direction": "Forward", "Index Name": "movie_id_movie_companies", "Relation Name": "movie_companies", "Alias": "mc", "Startup Cost": 0.0, "Total Cost": 0.36, "Plan Rows": 2, "Plan Width": 12, "Actual Startup Time": 0.033, "Actual Total Time": 0.054, "Actual Rows": 33, "Actual Loops": 2, "Index Cond": "(movie_id = mi_idx.movie_id)", "Rows Removed by Index Recheck": 0}]}, {"Node Type": "Index Scan", "Parent Relationship": "Inner", "Scan Direction": "Forward", "Index Name": "movie_id_movie_info", "Relation Name": "movie_info", "Alias": "mi", "Startup Cost": 0.0, "Total Cost": 0.66, "Plan Rows": 5, "Plan Width": 50, "Actual Startup Time": 0.527, "Actual Total Time": 2.538, "Actual Rows": 4959, "Actual Loops": 33, "Index Cond": "(movie_id = mc.movie_id)", "Rows Removed by Index Recheck": 0}]}]}, {"Node Type": "Index Scan", "Parent Relationship": "Inner", "Scan Direction": "Forward", "Index Name": "company_name_pkey", "Relation Name": "company_name", "Alias": "cn", "Startup Cost": 0.0, "Total Cost": 0.28, "Plan Rows": 1, "Plan Width": 4, "Actual Startup Time": 0.2, "Actual Total Time": 0.2, "Actual Rows": 10, "Actual Loops": 33, "Index Cond": "(id = mc.company_id)", "Rows Removed by Index Recheck": 0, "Filter": "((country_code)::text = '[us]'::text)", "Rows Removed by Filter": 23}]}, {"Node Type": "Index Scan", "Parent Relationship": "Inner", "Scan Direction": "Forward", "Index Name": "company_type_pkey", "Relation Name": "company_type", "Alias": "ct", "Startup Cost": 0.0, "Total Cost": 0.28, "Plan Rows": 1, "Plan Width": 4, "Actual Startup Time": 0.026, "Actual Total Time": 0.026, "Actual Rows": 5, "Actual Loops": 10, "Index Cond": "(id = mc.company_type_id)", "Rows Removed by Index Recheck": 0, "Filter": "((kind IS NOT NULL) AND (((kind)::text = 'production companies'::text) OR ((kind)::text = 'distributors'::text)))", "Rows Removed by Filter": 0}]}]}, "Triggers": [], "Planner Runtime": 98.34, "Total Runtime": 1371.638, "Unique SQL Id": 1682224415}}, "(1, 17)": {"explain_plan": {"Plan": {"Node Type": "Aggregate", "Strategy": "Plain", "Startup Cost": 131508.15, "Total Cost": 131508.16, "Plan Rows": 1, "Plan Width": 123, "Plans": [{"Node Type": "Nested Loop", "Parent Relationship": "Outer", "Join Type": "Inner", "Startup Cost": 0.0, "Total Cost": 131508.13, "Plan Rows": 4, "Plan Width": 59, "Inner Unique": true, "Plans": [{"Node Type": "Nested Loop", "Parent Relationship": "Outer", "Join Type": "Inner", "Startup Cost": 0.0, "Total Cost": 131506.99, "Plan Rows": 4, "Plan Width": 63, "Inner Unique": true, "Plans": [{"Node Type": "Nested Loop", "Parent Relationship": "Outer", "Join Type": "Inner", "Startup Cost": 0.0, "Total Cost": 131505.55, "Plan Rows": 5, "Plan Width": 67, "Inner Unique": false, "Join Filter": "(mi.info_type_id = it1.id)", "Plans": [{"Node Type": "Index Scan", "Parent Relationship": "Outer", "Scan Direction": "Forward", "Index Name": "info_type_pkey", "Relation Name": "info_type", "Alias": "it1", "Startup Cost": 0.0, "Total Cost": 14.21, "Plan Rows": 1, "Plan Width": 4, "Filter": "((info)::text = 'budget'::text)"}, {"Node Type": "Nested Loop", "Parent Relationship": "Inner", "Join Type": "Inner", "Startup Cost": 0.0, "Total Cost": 131477.32, "Plan Rows": 1122, "Plan Width": 71, "Inner Unique": false, "Join Filter": "(t.id = mi.movie_id)", "Plans": [{"Node Type": "Nested Loop", "Parent Relationship": "Outer", "Join Type": "Inner", "Startup Cost": 0.0, "Total Cost": 131324.66, "Plan Rows": 210, "Plan Width": 37, "Inner Unique": false, "Join Filter": "(t.id = mc.movie_id)", "Plans": [{"Node Type": "Nested Loop", "Parent Relationship": "Outer", "Join Type": "Inner", "Startup Cost": 0.0, "Total Cost": 131203.89, "Plan Rows": 311, "Plan Width": 25, "Inner Unique": true, "Join Filter": "(mi_idx.info_type_id = it2.id)", "Plans": [{"Node Type": "Nested Loop", "Parent Relationship": "Outer", "Join Type": "Inner", "Startup Cost": 0.0, "Total Cost": 131183.74, "Plan Rows": 396, "Plan Width": 29, "Inner Unique": false, "Plans": [{"Node Type": "Index Scan", "Parent Relationship": "Outer", "Scan Direction": "Forward", "Index Name": "title_pkey", "Relation Name": "title", "Alias": "t", "Startup Cost": 0.0, "Total Cost": 129082.82, "Plan Rows": 258, "Plan Width": 21, "Filter": "((production_year > 2000) AND (((title)::text ~~ 'Birdemic%'::text) OR ((title)::text ~~ '%Movie%'::text)))"}, {"Node Type": "Index Scan", "Parent Relationship": "Inner", "Scan Direction": "Forward", "Index Name": "movie_id_movie_info_idx", "Relation Name": "movie_info_idx", "Alias": "mi_idx", "Startup Cost": 0.0, "Total Cost": 8.12, "Plan Rows": 2, "Plan Width": 8, "Index Cond": "(movie_id = t.id)"}]}, {"Node Type": "Materialize", "Parent Relationship": "Inner", "Startup Cost": 0.0, "Total Cost": 14.22, "Plan Rows": 1, "Plan Width": 4, "Plans": [{"Node Type": "Index Scan", "Parent Relationship": "Outer", "Scan Direction": "Forward", "Index Name": "info_type_pkey", "Relation Name": "info_type", "Alias": "it2", "Startup Cost": 0.0, "Total Cost": 14.21, "Plan Rows": 1, "Plan Width": 4, "Filter": "((info)::text = 'bottom 10 rank'::text)"}]}]}, {"Node Type": "Index Scan", "Parent Relationship": "Inner", "Scan Direction": "Forward", "Index Name": "movie_id_movie_companies", "Relation Name": "movie_companies", "Alias": "mc", "Startup Cost": 0.0, "Total Cost": 0.36, "Plan Rows": 2, "Plan Width": 12, "Index Cond": "(movie_id = mi_idx.movie_id)"}]}, {"Node Type": "Index Scan", "Parent Relationship": "Inner", "Scan Direction": "Forward", "Index Name": "movie_id_movie_info", "Relation Name": "movie_info", "Alias": "mi", "Startup Cost": 0.0, "Total Cost": 0.66, "Plan Rows": 5, "Plan Width": 50, "Index Cond": "(movie_id = mc.movie_id)"}]}]}, {"Node Type": "Index Scan", "Parent Relationship": "Inner", "Scan Direction": "Forward", "Index Name": "company_name_pkey", "Relation Name": "company_name", "Alias": "cn", "Startup Cost": 0.0, "Total Cost": 0.28, "Plan Rows": 1, "Plan Width": 4, "Index Cond": "(id = mc.company_id)", "Filter": "((country_code)::text = '[us]'::text)"}]}, {"Node Type": "Index Scan", "Parent Relationship": "Inner", "Scan Direction": "Forward", "Index Name": "company_type_pkey", "Relation Name": "company_type", "Alias": "ct", "Startup Cost": 0.0, "Total Cost": 0.28, "Plan Rows": 1, "Plan Width": 4, "Index Cond": "(id = mc.company_type_id)", "Filter": "((kind IS NOT NULL) AND (((kind)::text = 'production companies'::text) OR ((kind)::text = 'distributors'::text)))"}]}]}, "Unique SQL Id": 1682224415}, "explain_analyze_plan": null}, "(1, 18)": {"explain_plan": {"Plan": {"Node Type": "Aggregate", "Strategy": "Plain", "Startup Cost": 84508.63, "Total Cost": 84508.64, "Plan Rows": 1, "Plan Width": 123, "Plans": [{"Node Type": "Nested Loop", "Parent Relationship": "Outer", "Join Type": "Inner", "Startup Cost": 5.1, "Total Cost": 84508.61, "Plan Rows": 4, "Plan Width": 59, "Inner Unique": true, "Plans": [{"Node Type": "Nested Loop", "Parent Relationship": "Outer", "Join Type": "Inner", "Startup Cost": 4.84, "Total Cost": 84478.63, "Plan Rows": 7, "Plan Width": 63, "Inner Unique": true, "Join Filter": "(mc.company_type_id = ct.id)", "Plans": [{"Node Type": "Nested Loop", "Parent Relationship": "Outer", "Join Type": "Inner", "Startup Cost": 4.84, "Total Cost": 84476.05, "Plan Rows": 51, "Plan Width": 67, "Inner Unique": false, "Join Filter": "(mi.info_type_id = it1.id)", "Plans": [{"Node Type": "Seq Scan", "Parent Relationship": "Outer", "Relation Name": "info_type", "Alias": "it1", "Startup Cost": 0.0, "Total Cost": 2.4, "Plan Rows": 1, "Plan Width": 4, "Filter": "((info)::text = 'budget'::text)"}, {"Node Type": "Nested Loop", "Parent Relationship": "Inner", "Join Type": "Inner", "Startup Cost": 4.84, "Total Cost": 84459.62, "Plan Rows": 1122, "Plan Width": 71, "Inner Unique": false, "Join Filter": "(t.id = mi.movie_id)", "Plans": [{"Node Type": "Nested Loop", "Parent Relationship": "Outer", "Join Type": "Inner", "Startup Cost": 4.47, "Total Cost": 83514.44, "Plan Rows": 210, "Plan Width": 37, "Inner Unique": false, "Join Filter": "(t.id = mc.movie_id)", "Plans": [{"Node Type": "Nested Loop", "Parent Relationship": "Outer", "Join Type": "Inner", "Startup Cost": 4.17, "Total Cost": 82163.69, "Plan Rows": 311, "Plan Width": 25, "Inner Unique": false, "Join Filter": "(mi_idx.info_type_id = it2.id)", "Plans": [{"Node Type": "Seq Scan", "Parent Relationship": "Outer", "Relation Name": "info_type", "Alias": "it2", "Startup Cost": 0.0, "Total Cost": 2.4, "Plan Rows": 1, "Plan Width": 4, "Filter": "((info)::text = 'bottom 10 rank'::text)"}, {"Node Type": "Nested Loop", "Parent Relationship": "Inner", "Join Type": "Inner", "Startup Cost": 4.17, "Total Cost": 82156.34, "Plan Rows": 396, "Plan Width": 29, "Inner Unique": false, "Plans": [{"Node Type": "Seq Scan", "Parent Relationship": "Outer", "Relation Name": "title", "Alias": "t", "Startup Cost": 0.0, "Total Cost": 79031.44, "Plan Rows": 258, "Plan Width": 21, "Filter": "((production_year > 2000) AND (((title)::text ~~ 'Birdemic%'::text) OR ((title)::text ~~ '%Movie%'::text)))"}, {"Node Type": "Bitmap Heap Scan", "Parent Relationship": "Inner", "Relation Name": "movie_info_idx", "Alias": "mi_idx", "Startup Cost": 4.17, "Total Cost": 12.09, "Plan Rows": 2, "Plan Width": 8, "Recheck Cond": "(movie_id = t.id)", "Plans": [{"Node Type": "Bitmap Index Scan", "Parent Relationship": "Outer", "Index Name": "movie_id_movie_info_idx", "Startup Cost": 0.0, "Total Cost": 4.17, "Plan Rows": 2, "Plan Width": 0, "Index Cond": "(movie_id = t.id)"}]}]}]}, {"Node Type": "Bitmap Heap Scan", "Parent Relationship": "Inner", "Relation Name": "movie_companies", "Alias": "mc", "Startup Cost": 0.29, "Total Cost": 4.32, "Plan Rows": 2, "Plan Width": 12, "Recheck Cond": "(movie_id = mi_idx.movie_id)", "Plans": [{"Node Type": "Bitmap Index Scan", "Parent Relationship": "Outer", "Index Name": "movie_id_movie_companies", "Startup Cost": 0.0, "Total Cost": 0.29, "Plan Rows": 2, "Plan Width": 0, "Index Cond": "(movie_id = mi_idx.movie_id)"}]}]}, {"Node Type": "Bitmap Heap Scan", "Parent Relationship": "Inner", "Relation Name": "movie_info", "Alias": "mi", "Startup Cost": 0.38, "Total Cost": 4.44, "Plan Rows": 5, "Plan Width": 50, "Recheck Cond": "(movie_id = mc.movie_id)", "Plans": [{"Node Type": "Bitmap Index Scan", "Parent Relationship": "Outer", "Index Name": "movie_id_movie_info", "Startup Cost": 0.0, "Total Cost": 0.37, "Plan Rows": 5, "Plan Width": 0, "Index Cond": "(movie_id = mc.movie_id)"}]}]}]}, {"Node Type": "Materialize", "Parent Relationship": "Inner", "Startup Cost": 0.0, "Total Cost": 1.05, "Plan Rows": 2, "Plan Width": 4, "Plans": [{"Node Type": "Seq Scan", "Parent Relationship": "Outer", "Relation Name": "company_type", "Alias": "ct", "Startup Cost": 0.0, "Total Cost": 1.04, "Plan Rows": 2, "Plan Width": 4, "Filter": "((kind IS NOT NULL) AND (((kind)::text = 'production companies'::text) OR ((kind)::text = 'distributors'::text)))"}]}]}, {"Node Type": "Bitmap Heap Scan", "Parent Relationship": "Inner", "Relation Name": "company_name", "Alias": "cn", "Startup Cost": 0.26, "Total Cost": 4.27, "Plan Rows": 1, "Plan Width": 4, "Recheck Cond": "(id = mc.company_id)", "Filter": "((country_code)::text = '[us]'::text)", "Plans": [{"Node Type": "Bitmap Index Scan", "Parent Relationship": "Outer", "Index Name": "company_name_pkey", "Startup Cost": 0.0, "Total Cost": 0.26, "Plan Rows": 1, "Plan Width": 0, "Index Cond": "(id = mc.company_id)"}]}]}]}, "Unique SQL Id": 1682224415}, "explain_analyze_plan": {"Plan": {"Node Type": "Aggregate", "Strategy": "Plain", "Startup Cost": 84508.63, "Total Cost": 84508.64, "Plan Rows": 1, "Plan Width": 123, "Actual Startup Time": 1368.058, "Actual Total Time": 1368.058, "Actual Rows": 1, "Actual Loops": 1, "Plans": [{"Node Type": "Nested Loop", "Parent Relationship": "Outer", "Join Type": "Inner", "Startup Cost": 5.1, "Total Cost": 84508.61, "Plan Rows": 4, "Plan Width": 59, "Actual Startup Time": 962.68, "Actual Total Time": 1368.004, "Actual Rows": 5, "Actual Loops": 1, "Inner Unique": true, "Plans": [{"Node Type": "Nested Loop", "Parent Relationship": "Outer", "Join Type": "Inner", "Startup Cost": 4.84, "Total Cost": 84478.63, "Plan Rows": 7, "Plan Width": 63, "Actual Startup Time": 962.652, "Actual Total Time": 1367.927, "Actual Rows": 5, "Actual Loops": 1, "Inner Unique": true, "Join Filter": "(mc.company_type_id = ct.id)", "Rows Removed by Join Filter": 28, "Plans": [{"Node Type": "Nested Loop", "Parent Relationship": "Outer", "Join Type": "Inner", "Startup Cost": 4.84, "Total Cost": 84476.05, "Plan Rows": 51, "Plan Width": 67, "Actual Startup Time": 962.384, "Actual Total Time": 1367.858, "Actual Rows": 33, "Actual Loops": 1, "Inner Unique": false, "Join Filter": "(mi.info_type_id = it1.id)", "Rows Removed by Join Filter": 4926, "Plans": [{"Node Type": "Seq Scan", "Parent Relationship": "Outer", "Relation Name": "info_type", "Alias": "it1", "Startup Cost": 0.0, "Total Cost": 2.4, "Plan Rows": 1, "Plan Width": 4, "Actual Startup Time": 0.059, "Actual Total Time": 0.073, "Actual Rows": 1, "Actual Loops": 1, "Filter": "((info)::text = 'budget'::text)", "Rows Removed by Filter": 111}, {"Node Type": "Nested Loop", "Parent Relationship": "Inner", "Join Type": "Inner", "Startup Cost": 4.84, "Total Cost": 84459.62, "Plan Rows": 1122, "Plan Width": 71, "Actual Startup Time": 962.258, "Actual Total Time": 1366.818, "Actual Rows": 4959, "Actual Loops": 1, "Inner Unique": false, "Join Filter": "(t.id = mi.movie_id)", "Rows Removed by Join Filter": 0, "Plans": [{"Node Type": "Nested Loop", "Parent Relationship": "Outer", "Join Type": "Inner", "Startup Cost": 4.47, "Total Cost": 83514.44, "Plan Rows": 210, "Plan Width": 37, "Actual Startup Time": 962.221, "Actual Total Time": 1362.698, "Actual Rows": 33, "Actual Loops": 1, "Inner Unique": false, "Join Filter": "(t.id = mc.movie_id)", "Rows Removed by Join Filter": 0, "Plans": [{"Node Type": "Nested Loop", "Parent Relationship": "Outer", "Join Type": "Inner", "Startup Cost": 4.17, "Total Cost": 82163.69, "Plan Rows": 311, "Plan Width": 25, "Actual Startup Time": 962.151, "Actual Total Time": 1362.574, "Actual Rows": 2, "Actual Loops": 1, "Inner Unique": false, "Join Filter": "(mi_idx.info_type_id = it2.id)", "Rows Removed by Join Filter": 2643, "Plans": [{"Node Type": "Seq Scan", "Parent Relationship": "Outer", "Relation Name": "info_type", "Alias": "it2", "Startup Cost": 0.0, "Total Cost": 2.4, "Plan Rows": 1, "Plan Width": 4, "Actual Startup Time": 0.047, "Actual Total Time": 0.057, "Actual Rows": 1, "Actual Loops": 1, "Filter": "((info)::text = 'bottom 10 rank'::text)", "Rows Removed by Filter": 111}, {"Node Type": "Nested Loop", "Parent Relationship": "Inner", "Join Type": "Inner", "Startup Cost": 4.17, "Total Cost": 82156.34, "Plan Rows": 396, "Plan Width": 29, "Actual Startup Time": 14.026, "Actual Total Time": 1361.761, "Actual Rows": 2645, "Actual Loops": 1, "Inner Unique": false, "Plans": [{"Node Type": "Seq Scan", "Parent Relationship": "Outer", "Relation Name": "title", "Alias": "t", "Startup Cost": 0.0, "Total Cost": 79031.44, "Plan Rows": 258, "Plan Width": 21, "Actual Startup Time": 0.369, "Actual Total Time": 1341.646, "Actual Rows": 2536, "Actual Loops": 1, "Filter": "((production_year > 2000) AND (((title)::text ~~ 'Birdemic%'::text) OR ((title)::text ~~ '%Movie%'::text)))", "Rows Removed by Filter": 2525775}, {"Node Type": "Bitmap Heap Scan", "Parent Relationship": "Inner", "Relation Name": "movie_info_idx", "Alias": "mi_idx", "Startup Cost": 4.17, "Total Cost": 12.09, "Plan Rows": 2, "Plan Width": 8, "Actual Startup Time": 15.137, "Actual Total Time": 15.494, "Actual Rows": 2645, "Actual Loops": 2536, "Recheck Cond": "(movie_id = t.id)", "Rows Removed by Index Recheck": 0, "Exact Heap Blocks": 890, "Lossy Heap Blocks": 890, "Plans": [{"Node Type": "Bitmap Index Scan", "Parent Relationship": "Outer", "Index Name": "movie_id_movie_info_idx", "Startup Cost": 0.0, "Total Cost": 4.17, "Plan Rows": 2, "Plan Width": 0, "Actual Startup Time": 11.177, "Actual Total Time": 11.177, "Actual Rows": 2645, "Actual Loops": 2536, "Index Cond": "(movie_id = t.id)"}]}]}]}, {"Node Type": "Bitmap Heap Scan", "Parent Relationship": "Inner", "Relation Name": "movie_companies", "Alias": "mc", "Startup Cost": 0.29, "Total Cost": 4.32, "Plan Rows": 2, "Plan Width": 12, "Actual Startup Time": 0.065, "Actual Total Time": 0.072, "Actual Rows": 33, "Actual Loops": 2, "Recheck Cond": "(movie_id = mi_idx.movie_id)", "Rows Removed by Index Recheck": 0, "Exact Heap Blocks": 4, "Lossy Heap Blocks": 4, "Plans": [{"Node Type": "Bitmap Index Scan", "Parent Relationship": "Outer", "Index Name": "movie_id_movie_companies", "Startup Cost": 0.0, "Total Cost": 0.29, "Plan Rows": 2, "Plan Width": 0, "Actual Startup Time": 0.031, "Actual Total Time": 0.031, "Actual Rows": 33, "Actual Loops": 2, "Index Cond": "(movie_id = mi_idx.movie_id)"}]}]}, {"Node Type": "Bitmap Heap Scan", "Parent Relationship": "Inner", "Relation Name": "movie_info", "Alias": "mi", "Startup Cost": 0.38, "Total Cost": 4.44, "Plan Rows": 5, "Plan Width": 50, "Actual Startup Time": 0.769, "Actual Total Time": 2.578, "Actual Rows": 4959, "Actual Loops": 33, "Recheck Cond": "(movie_id = mc.movie_id)", "Rows Removed by Index Recheck": 0, "Exact Heap Blocks": 710, "Lossy Heap Blocks": 710, "Plans": [{"Node Type": "Bitmap Index Scan", "Parent Relationship": "Outer", "Index Name": "movie_id_movie_info", "Startup Cost": 0.0, "Total Cost": 0.37, "Plan Rows": 5, "Plan Width": 0, "Actual Startup Time": 0.652, "Actual Total Time": 0.652, "Actual Rows": 4959, "Actual Loops": 33, "Index Cond": "(movie_id = mc.movie_id)"}]}]}]}, {"Node Type": "Materialize", "Parent Relationship": "Inner", "Startup Cost": 0.0, "Total Cost": 1.05, "Plan Rows": 2, "Plan Width": 4, "Actual Startup Time": 0.03, "Actual Total Time": 0.034, "Actual Rows": 33, "Actual Loops": 33, "Plans": [{"Node Type": "Seq Scan", "Parent Relationship": "Outer", "Relation Name": "company_type", "Alias": "ct", "Startup Cost": 0.0, "Total Cost": 1.04, "Plan Rows": 2, "Plan Width": 4, "Actual Startup Time": 0.014, "Actual Total Time": 0.017, "Actual Rows": 1, "Actual Loops": 1, "Filter": "((kind IS NOT NULL) AND (((kind)::text = 'production companies'::text) OR ((kind)::text = 'distributors'::text)))", "Rows Removed by Filter": 2}]}]}, {"Node Type": "Bitmap Heap Scan", "Parent Relationship": "Inner", "Relation Name": "company_name", "Alias": "cn", "Startup Cost": 0.26, "Total Cost": 4.27, "Plan Rows": 1, "Plan Width": 4, "Actual Startup Time": 0.06, "Actual Total Time": 0.06, "Actual Rows": 5, "Actual Loops": 5, "Recheck Cond": "(id = mc.company_id)", "Rows Removed by Index Recheck": 0, "Filter": "((country_code)::text = '[us]'::text)", "Rows Removed by Filter": 0, "Exact Heap Blocks": 5, "Lossy Heap Blocks": 5, "Plans": [{"Node Type": "Bitmap Index Scan", "Parent Relationship": "Outer", "Index Name": "company_name_pkey", "Startup Cost": 0.0, "Total Cost": 0.26, "Plan Rows": 1, "Plan Width": 0, "Actual Startup Time": 0.028, "Actual Total Time": 0.028, "Actual Rows": 5, "Actual Loops": 5, "Index Cond": "(id = mc.company_id)"}]}]}]}, "Triggers": [], "Planner Runtime": 56.784, "Total Runtime": 1368.478, "Unique SQL Id": 1682224415}}, "(1, 19)": {"explain_plan": {"Plan": {"Node Type": "Aggregate", "Strategy": "Plain", "Startup Cost": 1000012336498.63, "Total Cost": 1000012336498.64, "Plan Rows": 1, "Plan Width": 123, "Plans": [{"Node Type": "Nested Loop", "Parent Relationship": "Outer", "Join Type": "Inner", "Startup Cost": 10000000002.04, "Total Cost": 1000012336498.61, "Plan Rows": 4, "Plan Width": 59, "Inner Unique": true, "Plans": [{"Node Type": "Nested Loop", "Parent Relationship": "Outer", "Join Type": "Inner", "Startup Cost": 10000000001.78, "Total Cost": 1000012336438.65, "Plan Rows": 14, "Plan Width": 63, "Inner Unique": true, "Plans": [{"Node Type": "Nested Loop", "Parent Relationship": "Outer", "Join Type": "Inner", "Startup Cost": 10000000001.52, "Total Cost": 1000012336378.66, "Plan Rows": 14, "Plan Width": 67, "Inner Unique": true, "Plans": [{"Node Type": "Nested Loop", "Parent Relationship": "Outer", "Join Type": "Inner", "Startup Cost": 10000000001.26, "Total Cost": 1000012336100.24, "Plan Rows": 65, "Plan Width": 71, "Inner Unique": false, "Join Filter": "(t.id = mc.movie_id)", "Plans": [{"Node Type": "Nested Loop", "Parent Relationship": "Outer", "Join Type": "Inner", "Startup Cost": 10000000001.0, "Total Cost": 1000012335970.7, "Plan Rows": 30, "Plan Width": 75, "Inner Unique": true, "Plans": [{"Node Type": "Nested Loop", "Parent Relationship": "Outer", "Join Type": "Inner", "Startup Cost": 10000000000.74, "Total Cost": 1000012326904.12, "Plan Rows": 2117, "Plan Width": 79, "Inner Unique": false, "Join Filter": "(t.id = mi.movie_id)", "Plans": [{"Node Type": "Nested Loop", "Parent Relationship": "Outer", "Join Type": "Inner", "Startup Cost": 10000000000.28, "Total Cost": 1000012325091.05, "Plan Rows": 396, "Plan Width": 29, "Inner Unique": true, "Plans": [{"Node Type": "Index Scan", "Parent Relationship": "Outer", "Scan Direction": "Forward", "Index Name": "info_type_id_movie_info_idx", "Relation Name": "movie_info_idx", "Alias": "mi_idx", "Startup Cost": 10000000000.0, "Total Cost": 1000006370838.27, "Plan Rows": 1380034, "Plan Width": 8}, {"Node Type": "Bitmap Heap Scan", "Parent Relationship": "Inner", "Relation Name": "title", "Alias": "t", "Startup Cost": 0.28, "Total Cost": 4.3, "Plan Rows": 1, "Plan Width": 21, "Recheck Cond": "(id = mi_idx.movie_id)", "Filter": "((production_year > 2000) AND (((title)::text ~~ 'Birdemic%'::text) OR ((title)::text ~~ '%Movie%'::text)))", "Plans": [{"Node Type": "Bitmap Index Scan", "Parent Relationship": "Outer", "Index Name": "title_pkey", "Startup Cost": 0.0, "Total Cost": 0.28, "Plan Rows": 1, "Plan Width": 0, "Index Cond": "(id = mi_idx.movie_id)"}]}]}, {"Node Type": "Bitmap Heap Scan", "Parent Relationship": "Inner", "Relation Name": "movie_info", "Alias": "mi", "Startup Cost": 0.45, "Total Cost": 4.52, "Plan Rows": 5, "Plan Width": 50, "Recheck Cond": "(movie_id = mi_idx.movie_id)", "Plans": [{"Node Type": "Bitmap Index Scan", "Parent Relationship": "Outer", "Index Name": "movie_id_movie_info", "Startup Cost": 0.0, "Total Cost": 0.45, "Plan Rows": 5, "Plan Width": 0, "Index Cond": "(movie_id = mi_idx.movie_id)"}]}]}, {"Node Type": "Bitmap Heap Scan", "Parent Relationship": "Inner", "Relation Name": "info_type", "Alias": "it1", "Startup Cost": 0.26, "Total Cost": 4.27, "Plan Rows": 1, "Plan Width": 4, "Recheck Cond": "(id = mi.info_type_id)", "Filter": "((info)::text = 'budget'::text)", "Plans": [{"Node Type": "Bitmap Index Scan", "Parent Relationship": "Outer", "Index Name": "info_type_pkey", "Startup Cost": 0.0, "Total Cost": 0.26, "Plan Rows": 1, "Plan Width": 0, "Index Cond": "(id = mi.info_type_id)"}]}]}, {"Node Type": "Bitmap Heap Scan", "Parent Relationship": "Inner", "Relation Name": "movie_companies", "Alias": "mc", "Startup Cost": 0.27, "Total Cost": 4.29, "Plan Rows": 2, "Plan Width": 12, "Recheck Cond": "(movie_id = mi.movie_id)", "Plans": [{"Node Type": "Bitmap Index Scan", "Parent Relationship": "Outer", "Index Name": "movie_id_movie_companies", "Startup Cost": 0.0, "Total Cost": 0.27, "Plan Rows": 2, "Plan Width": 0, "Index Cond": "(movie_id = mi.movie_id)"}]}]}, {"Node Type": "Bitmap Heap Scan", "Parent Relationship": "Inner", "Relation Name": "company_name", "Alias": "cn", "Startup Cost": 0.26, "Total Cost": 4.27, "Plan Rows": 1, "Plan Width": 4, "Recheck Cond": "(id = mc.company_id)", "Filter": "((country_code)::text = '[us]'::text)", "Plans": [{"Node Type": "Bitmap Index Scan", "Parent Relationship": "Outer", "Index Name": "company_name_pkey", "Startup Cost": 0.0, "Total Cost": 0.26, "Plan Rows": 1, "Plan Width": 0, "Index Cond": "(id = mc.company_id)"}]}]}, {"Node Type": "Bitmap Heap Scan", "Parent Relationship": "Inner", "Relation Name": "company_type", "Alias": "ct", "Startup Cost": 0.26, "Total Cost": 4.28, "Plan Rows": 1, "Plan Width": 4, "Recheck Cond": "(id = mc.company_type_id)", "Filter": "((kind IS NOT NULL) AND (((kind)::text = 'production companies'::text) OR ((kind)::text = 'distributors'::text)))", "Plans": [{"Node Type": "Bitmap Index Scan", "Parent Relationship": "Outer", "Index Name": "company_type_pkey", "Startup Cost": 0.0, "Total Cost": 0.26, "Plan Rows": 1, "Plan Width": 0, "Index Cond": "(id = mc.company_type_id)"}]}]}, {"Node Type": "Bitmap Heap Scan", "Parent Relationship": "Inner", "Relation Name": "info_type", "Alias": "it2", "Startup Cost": 0.26, "Total Cost": 4.27, "Plan Rows": 1, "Plan Width": 4, "Recheck Cond": "(id = mi_idx.info_type_id)", "Filter": "((info)::text = 'bottom 10 rank'::text)", "Plans": [{"Node Type": "Bitmap Index Scan", "Parent Relationship": "Outer", "Index Name": "info_type_pkey", "Startup Cost": 0.0, "Total Cost": 0.26, "Plan Rows": 1, "Plan Width": 0, "Index Cond": "(id = mi_idx.info_type_id)"}]}]}]}, "Unique SQL Id": 1682224415}, "explain_analyze_plan": null}, "(1, 20)": {"explain_plan": {"Plan": {"Node Type": "Aggregate", "Strategy": "Plain", "Startup Cost": 81432.16, "Total Cost": 81432.17, "Plan Rows": 1, "Plan Width": 123, "Plans": [{"Node Type": "Nested Loop", "Parent Relationship": "Outer", "Join Type": "Inner", "Startup Cost": 0.0, "Total Cost": 81432.14, "Plan Rows": 4, "Plan Width": 59, "Inner Unique": true, "Plans": [{"Node Type": "Nested Loop", "Parent Relationship": "Outer", "Join Type": "Inner", "Startup Cost": 0.0, "Total Cost": 81431.0, "Plan Rows": 4, "Plan Width": 63, "Inner Unique": true, "Plans": [{"Node Type": "Nested Loop", "Parent Relationship": "Outer", "Join Type": "Inner", "Startup Cost": 0.0, "Total Cost": 81429.56, "Plan Rows": 5, "Plan Width": 67, "Inner Unique": false, "Join Filter": "(mi.info_type_id = it1.id)", "Plans": [{"Node Type": "Seq Scan", "Parent Relationship": "Outer", "Relation Name": "info_type", "Alias": "it1", "Startup Cost": 0.0, "Total Cost": 2.4, "Plan Rows": 1, "Plan Width": 4, "Filter": "((info)::text = 'budget'::text)"}, {"Node Type": "Nested Loop", "Parent Relationship": "Inner", "Join Type": "Inner", "Startup Cost": 0.0, "Total Cost": 81413.14, "Plan Rows": 1122, "Plan Width": 71, "Inner Unique": false, "Join Filter": "(t.id = mi.movie_id)", "Plans": [{"Node Type": "Nested Loop", "Parent Relationship": "Outer", "Join Type": "Inner", "Startup Cost": 0.0, "Total Cost": 81260.48, "Plan Rows": 210, "Plan Width": 37, "Inner Unique": false, "Join Filter": "(t.id = mc.movie_id)", "Plans": [{"Node Type": "Nested Loop", "Parent Relationship": "Outer", "Join Type": "Inner", "Startup Cost": 0.0, "Total Cost": 81139.71, "Plan Rows": 311, "Plan Width": 25, "Inner Unique": false, "Join Filter": "(mi_idx.info_type_id = it2.id)", "Plans": [{"Node Type": "Seq Scan", "Parent Relationship": "Outer", "Relation Name": "info_type", "Alias": "it2", "Startup Cost": 0.0, "Total Cost": 2.4, "Plan Rows": 1, "Plan Width": 4, "Filter": "((info)::text = 'bottom 10 rank'::text)"}, {"Node Type": "Nested Loop", "Parent Relationship": "Inner", "Join Type": "Inner", "Startup Cost": 0.0, "Total Cost": 81132.36, "Plan Rows": 396, "Plan Width": 29, "Inner Unique": false, "Plans": [{"Node Type": "Seq Scan", "Parent Relationship": "Outer", "Relation Name": "title", "Alias": "t", "Startup Cost": 0.0, "Total Cost": 79031.44, "Plan Rows": 258, "Plan Width": 21, "Filter": "((production_year > 2000) AND (((title)::text ~~ 'Birdemic%'::text) OR ((title)::text ~~ '%Movie%'::text)))"}, {"Node Type": "Index Scan", "Parent Relationship": "Inner", "Scan Direction": "Forward", "Index Name": "movie_id_movie_info_idx", "Relation Name": "movie_info_idx", "Alias": "mi_idx", "Startup Cost": 0.0, "Total Cost": 8.12, "Plan Rows": 2, "Plan Width": 8, "Index Cond": "(movie_id = t.id)"}]}]}, {"Node Type": "Index Scan", "Parent Relationship": "Inner", "Scan Direction": "Forward", "Index Name": "movie_id_movie_companies", "Relation Name": "movie_companies", "Alias": "mc", "Startup Cost": 0.0, "Total Cost": 0.36, "Plan Rows": 2, "Plan Width": 12, "Index Cond": "(movie_id = mi_idx.movie_id)"}]}, {"Node Type": "Index Scan", "Parent Relationship": "Inner", "Scan Direction": "Forward", "Index Name": "movie_id_movie_info", "Relation Name": "movie_info", "Alias": "mi", "Startup Cost": 0.0, "Total Cost": 0.66, "Plan Rows": 5, "Plan Width": 50, "Index Cond": "(movie_id = mc.movie_id)"}]}]}, {"Node Type": "Index Scan", "Parent Relationship": "Inner", "Scan Direction": "Forward", "Index Name": "company_name_pkey", "Relation Name": "company_name", "Alias": "cn", "Startup Cost": 0.0, "Total Cost": 0.28, "Plan Rows": 1, "Plan Width": 4, "Index Cond": "(id = mc.company_id)", "Filter": "((country_code)::text = '[us]'::text)"}]}, {"Node Type": "Index Scan", "Parent Relationship": "Inner", "Scan Direction": "Forward", "Index Name": "company_type_pkey", "Relation Name": "company_type", "Alias": "ct", "Startup Cost": 0.0, "Total Cost": 0.28, "Plan Rows": 1, "Plan Width": 4, "Index Cond": "(id = mc.company_type_id)", "Filter": "((kind IS NOT NULL) AND (((kind)::text = 'production companies'::text) OR ((kind)::text = 'distributors'::text)))"}]}]}, "Unique SQL Id": 1682224415}, "explain_analyze_plan": {"Plan": {"Node Type": "Aggregate", "Strategy": "Plain", "Startup Cost": 81432.16, "Total Cost": 81432.17, "Plan Rows": 1, "Plan Width": 123, "Actual Startup Time": 1371.266, "Actual Total Time": 1371.266, "Actual Rows": 1, "Actual Loops": 1, "Plans": [{"Node Type": "Nested Loop", "Parent Relationship": "Outer", "Join Type": "Inner", "Startup Cost": 0.0, "Total Cost": 81432.14, "Plan Rows": 4, "Plan Width": 59, "Actual Startup Time": 973.085, "Actual Total Time": 1371.203, "Actual Rows": 5, "Actual Loops": 1, "Inner Unique": true, "Plans": [{"Node Type": "Nested Loop", "Parent Relationship": "Outer", "Join Type": "Inner", "Startup Cost": 0.0, "Total Cost": 81431.0, "Plan Rows": 4, "Plan Width": 63, "Actual Startup Time": 972.828, "Actual Total Time": 1371.159, "Actual Rows": 10, "Actual Loops": 1, "Inner Unique": true, "Plans": [{"Node Type": "Nested Loop", "Parent Relationship": "Outer", "Join Type": "Inner", "Startup Cost": 0.0, "Total Cost": 81429.56, "Plan Rows": 5, "Plan Width": 67, "Actual Startup Time": 972.803, "Actual Total Time": 1370.929, "Actual Rows": 33, "Actual Loops": 1, "Inner Unique": false, "Join Filter": "(mi.info_type_id = it1.id)", "Rows Removed by Join Filter": 4926, "Plans": [{"Node Type": "Seq Scan", "Parent Relationship": "Outer", "Relation Name": "info_type", "Alias": "it1", "Startup Cost": 0.0, "Total Cost": 2.4, "Plan Rows": 1, "Plan Width": 4, "Actual Startup Time": 0.067, "Actual Total Time": 0.078, "Actual Rows": 1, "Actual Loops": 1, "Filter": "((info)::text = 'budget'::text)", "Rows Removed by Filter": 111}, {"Node Type": "Nested Loop", "Parent Relationship": "Inner", "Join Type": "Inner", "Startup Cost": 0.0, "Total Cost": 81413.14, "Plan Rows": 1122, "Plan Width": 71, "Actual Startup Time": 972.653, "Actual Total Time": 1369.917, "Actual Rows": 4959, "Actual Loops": 1, "Inner Unique": false, "Join Filter": "(t.id = mi.movie_id)", "Rows Removed by Join Filter": 0, "Plans": [{"Node Type": "Nested Loop", "Parent Relationship": "Outer", "Join Type": "Inner", "Startup Cost": 0.0, "Total Cost": 81260.48, "Plan Rows": 210, "Plan Width": 37, "Actual Startup Time": 972.576, "Actual Total Time": 1365.779, "Actual Rows": 33, "Actual Loops": 1, "Inner Unique": false, "Join Filter": "(t.id = mc.movie_id)", "Rows Removed by Join Filter": 0, "Plans": [{"Node Type": "Nested Loop", "Parent Relationship": "Outer", "Join Type": "Inner", "Startup Cost": 0.0, "Total Cost": 81139.71, "Plan Rows": 311, "Plan Width": 25, "Actual Startup Time": 972.451, "Actual Total Time": 1365.601, "Actual Rows": 2, "Actual Loops": 1, "Inner Unique": false, "Join Filter": "(mi_idx.info_type_id = it2.id)", "Rows Removed by Join Filter": 2643, "Plans": [{"Node Type": "Seq Scan", "Parent Relationship": "Outer", "Relation Name": "info_type", "Alias": "it2", "Startup Cost": 0.0, "Total Cost": 2.4, "Plan Rows": 1, "Plan Width": 4, "Actual Startup Time": 0.044, "Actual Total Time": 0.051, "Actual Rows": 1, "Actual Loops": 1, "Filter": "((info)::text = 'bottom 10 rank'::text)", "Rows Removed by Filter": 111}, {"Node Type": "Nested Loop", "Parent Relationship": "Inner", "Join Type": "Inner", "Startup Cost": 0.0, "Total Cost": 81132.36, "Plan Rows": 396, "Plan Width": 29, "Actual Startup Time": 13.969, "Actual Total Time": 1364.883, "Actual Rows": 2645, "Actual Loops": 1, "Inner Unique": false, "Plans": [{"Node Type": "Seq Scan", "Parent Relationship": "Outer", "Relation Name": "title", "Alias": "t", "Startup Cost": 0.0, "Total Cost": 79031.44, "Plan Rows": 258, "Plan Width": 21, "Actual Startup Time": 0.371, "Actual Total Time": 1349.84, "Actual Rows": 2536, "Actual Loops": 1, "Filter": "((production_year > 2000) AND (((title)::text ~~ 'Birdemic%'::text) OR ((title)::text ~~ '%Movie%'::text)))", "Rows Removed by Filter": 2525775}, {"Node Type": "Index Scan", "Parent Relationship": "Inner", "Scan Direction": "Forward", "Index Name": "movie_id_movie_info_idx", "Relation Name": "movie_info_idx", "Alias": "mi_idx", "Startup Cost": 0.0, "Total Cost": 8.12, "Plan Rows": 2, "Plan Width": 8, "Actual Startup Time": 11.624, "Actual Total Time": 12.638, "Actual Rows": 2645, "Actual Loops": 2536, "Index Cond": "(movie_id = t.id)", "Rows Removed by Index Recheck": 0}]}]}, {"Node Type": "Index Scan", "Parent Relationship": "Inner", "Scan Direction": "Forward", "Index Name": "movie_id_movie_companies", "Relation Name": "movie_companies", "Alias": "mc", "Startup Cost": 0.0, "Total Cost": 0.36, "Plan Rows": 2, "Plan Width": 12, "Actual Startup Time": 0.033, "Actual Total Time": 0.054, "Actual Rows": 33, "Actual Loops": 2, "Index Cond": "(movie_id = mi_idx.movie_id)", "Rows Removed by Index Recheck": 0}]}, {"Node Type": "Index Scan", "Parent Relationship": "Inner", "Scan Direction": "Forward", "Index Name": "movie_id_movie_info", "Relation Name": "movie_info", "Alias": "mi", "Startup Cost": 0.0, "Total Cost": 0.66, "Plan Rows": 5, "Plan Width": 50, "Actual Startup Time": 0.527, "Actual Total Time": 2.538, "Actual Rows": 4959, "Actual Loops": 33, "Index Cond": "(movie_id = mc.movie_id)", "Rows Removed by Index Recheck": 0}]}]}, {"Node Type": "Index Scan", "Parent Relationship": "Inner", "Scan Direction": "Forward", "Index Name": "company_name_pkey", "Relation Name": "company_name", "Alias": "cn", "Startup Cost": 0.0, "Total Cost": 0.28, "Plan Rows": 1, "Plan Width": 4, "Actual Startup Time": 0.2, "Actual Total Time": 0.2, "Actual Rows": 10, "Actual Loops": 33, "Index Cond": "(id = mc.company_id)", "Rows Removed by Index Recheck": 0, "Filter": "((country_code)::text = '[us]'::text)", "Rows Removed by Filter": 23}]}, {"Node Type": "Index Scan", "Parent Relationship": "Inner", "Scan Direction": "Forward", "Index Name": "company_type_pkey", "Relation Name": "company_type", "Alias": "ct", "Startup Cost": 0.0, "Total Cost": 0.28, "Plan Rows": 1, "Plan Width": 4, "Actual Startup Time": 0.026, "Actual Total Time": 0.026, "Actual Rows": 5, "Actual Loops": 10, "Index Cond": "(id = mc.company_type_id)", "Rows Removed by Index Recheck": 0, "Filter": "((kind IS NOT NULL) AND (((kind)::text = 'production companies'::text) OR ((kind)::text = 'distributors'::text)))", "Rows Removed by Filter": 0}]}]}, "Triggers": [], "Planner Runtime": 98.34, "Total Runtime": 1371.638, "Unique SQL Id": 1682224415}}, "(1, 21)": {"explain_plan": {"Plan": {"Node Type": "Aggregate", "Strategy": "Plain", "Startup Cost": 131508.15, "Total Cost": 131508.16, "Plan Rows": 1, "Plan Width": 123, "Plans": [{"Node Type": "Nested Loop", "Parent Relationship": "Outer", "Join Type": "Inner", "Startup Cost": 0.0, "Total Cost": 131508.13, "Plan Rows": 4, "Plan Width": 59, "Inner Unique": true, "Plans": [{"Node Type": "Nested Loop", "Parent Relationship": "Outer", "Join Type": "Inner", "Startup Cost": 0.0, "Total Cost": 131506.99, "Plan Rows": 4, "Plan Width": 63, "Inner Unique": true, "Plans": [{"Node Type": "Nested Loop", "Parent Relationship": "Outer", "Join Type": "Inner", "Startup Cost": 0.0, "Total Cost": 131505.55, "Plan Rows": 5, "Plan Width": 67, "Inner Unique": false, "Join Filter": "(mi.info_type_id = it1.id)", "Plans": [{"Node Type": "Index Scan", "Parent Relationship": "Outer", "Scan Direction": "Forward", "Index Name": "info_type_pkey", "Relation Name": "info_type", "Alias": "it1", "Startup Cost": 0.0, "Total Cost": 14.21, "Plan Rows": 1, "Plan Width": 4, "Filter": "((info)::text = 'budget'::text)"}, {"Node Type": "Nested Loop", "Parent Relationship": "Inner", "Join Type": "Inner", "Startup Cost": 0.0, "Total Cost": 131477.32, "Plan Rows": 1122, "Plan Width": 71, "Inner Unique": false, "Join Filter": "(t.id = mi.movie_id)", "Plans": [{"Node Type": "Nested Loop", "Parent Relationship": "Outer", "Join Type": "Inner", "Startup Cost": 0.0, "Total Cost": 131324.66, "Plan Rows": 210, "Plan Width": 37, "Inner Unique": false, "Join Filter": "(t.id = mc.movie_id)", "Plans": [{"Node Type": "Nested Loop", "Parent Relationship": "Outer", "Join Type": "Inner", "Startup Cost": 0.0, "Total Cost": 131203.89, "Plan Rows": 311, "Plan Width": 25, "Inner Unique": true, "Join Filter": "(mi_idx.info_type_id = it2.id)", "Plans": [{"Node Type": "Nested Loop", "Parent Relationship": "Outer", "Join Type": "Inner", "Startup Cost": 0.0, "Total Cost": 131183.74, "Plan Rows": 396, "Plan Width": 29, "Inner Unique": false, "Plans": [{"Node Type": "Index Scan", "Parent Relationship": "Outer", "Scan Direction": "Forward", "Index Name": "title_pkey", "Relation Name": "title", "Alias": "t", "Startup Cost": 0.0, "Total Cost": 129082.82, "Plan Rows": 258, "Plan Width": 21, "Filter": "((production_year > 2000) AND (((title)::text ~~ 'Birdemic%'::text) OR ((title)::text ~~ '%Movie%'::text)))"}, {"Node Type": "Index Scan", "Parent Relationship": "Inner", "Scan Direction": "Forward", "Index Name": "movie_id_movie_info_idx", "Relation Name": "movie_info_idx", "Alias": "mi_idx", "Startup Cost": 0.0, "Total Cost": 8.12, "Plan Rows": 2, "Plan Width": 8, "Index Cond": "(movie_id = t.id)"}]}, {"Node Type": "Materialize", "Parent Relationship": "Inner", "Startup Cost": 0.0, "Total Cost": 14.22, "Plan Rows": 1, "Plan Width": 4, "Plans": [{"Node Type": "Index Scan", "Parent Relationship": "Outer", "Scan Direction": "Forward", "Index Name": "info_type_pkey", "Relation Name": "info_type", "Alias": "it2", "Startup Cost": 0.0, "Total Cost": 14.21, "Plan Rows": 1, "Plan Width": 4, "Filter": "((info)::text = 'bottom 10 rank'::text)"}]}]}, {"Node Type": "Index Scan", "Parent Relationship": "Inner", "Scan Direction": "Forward", "Index Name": "movie_id_movie_companies", "Relation Name": "movie_companies", "Alias": "mc", "Startup Cost": 0.0, "Total Cost": 0.36, "Plan Rows": 2, "Plan Width": 12, "Index Cond": "(movie_id = mi_idx.movie_id)"}]}, {"Node Type": "Index Scan", "Parent Relationship": "Inner", "Scan Direction": "Forward", "Index Name": "movie_id_movie_info", "Relation Name": "movie_info", "Alias": "mi", "Startup Cost": 0.0, "Total Cost": 0.66, "Plan Rows": 5, "Plan Width": 50, "Index Cond": "(movie_id = mc.movie_id)"}]}]}, {"Node Type": "Index Scan", "Parent Relationship": "Inner", "Scan Direction": "Forward", "Index Name": "company_name_pkey", "Relation Name": "company_name", "Alias": "cn", "Startup Cost": 0.0, "Total Cost": 0.28, "Plan Rows": 1, "Plan Width": 4, "Index Cond": "(id = mc.company_id)", "Filter": "((country_code)::text = '[us]'::text)"}]}, {"Node Type": "Index Scan", "Parent Relationship": "Inner", "Scan Direction": "Forward", "Index Name": "company_type_pkey", "Relation Name": "company_type", "Alias": "ct", "Startup Cost": 0.0, "Total Cost": 0.28, "Plan Rows": 1, "Plan Width": 4, "Index Cond": "(id = mc.company_type_id)", "Filter": "((kind IS NOT NULL) AND (((kind)::text = 'production companies'::text) OR ((kind)::text = 'distributors'::text)))"}]}]}, "Unique SQL Id": 1682224415}, "explain_analyze_plan": null}, "(1, 22)": {"explain_plan": {"Plan": {"Node Type": "Aggregate", "Strategy": "Plain", "Startup Cost": 84508.63, "Total Cost": 84508.64, "Plan Rows": 1, "Plan Width": 123, "Plans": [{"Node Type": "Nested Loop", "Parent Relationship": "Outer", "Join Type": "Inner", "Startup Cost": 5.1, "Total Cost": 84508.61, "Plan Rows": 4, "Plan Width": 59, "Inner Unique": true, "Plans": [{"Node Type": "Nested Loop", "Parent Relationship": "Outer", "Join Type": "Inner", "Startup Cost": 4.84, "Total Cost": 84478.63, "Plan Rows": 7, "Plan Width": 63, "Inner Unique": true, "Join Filter": "(mc.company_type_id = ct.id)", "Plans": [{"Node Type": "Nested Loop", "Parent Relationship": "Outer", "Join Type": "Inner", "Startup Cost": 4.84, "Total Cost": 84476.05, "Plan Rows": 51, "Plan Width": 67, "Inner Unique": false, "Join Filter": "(mi.info_type_id = it1.id)", "Plans": [{"Node Type": "Seq Scan", "Parent Relationship": "Outer", "Relation Name": "info_type", "Alias": "it1", "Startup Cost": 0.0, "Total Cost": 2.4, "Plan Rows": 1, "Plan Width": 4, "Filter": "((info)::text = 'budget'::text)"}, {"Node Type": "Nested Loop", "Parent Relationship": "Inner", "Join Type": "Inner", "Startup Cost": 4.84, "Total Cost": 84459.62, "Plan Rows": 1122, "Plan Width": 71, "Inner Unique": false, "Join Filter": "(t.id = mi.movie_id)", "Plans": [{"Node Type": "Nested Loop", "Parent Relationship": "Outer", "Join Type": "Inner", "Startup Cost": 4.47, "Total Cost": 83514.44, "Plan Rows": 210, "Plan Width": 37, "Inner Unique": false, "Join Filter": "(t.id = mc.movie_id)", "Plans": [{"Node Type": "Nested Loop", "Parent Relationship": "Outer", "Join Type": "Inner", "Startup Cost": 4.17, "Total Cost": 82163.69, "Plan Rows": 311, "Plan Width": 25, "Inner Unique": false, "Join Filter": "(mi_idx.info_type_id = it2.id)", "Plans": [{"Node Type": "Seq Scan", "Parent Relationship": "Outer", "Relation Name": "info_type", "Alias": "it2", "Startup Cost": 0.0, "Total Cost": 2.4, "Plan Rows": 1, "Plan Width": 4, "Filter": "((info)::text = 'bottom 10 rank'::text)"}, {"Node Type": "Nested Loop", "Parent Relationship": "Inner", "Join Type": "Inner", "Startup Cost": 4.17, "Total Cost": 82156.34, "Plan Rows": 396, "Plan Width": 29, "Inner Unique": false, "Plans": [{"Node Type": "Seq Scan", "Parent Relationship": "Outer", "Relation Name": "title", "Alias": "t", "Startup Cost": 0.0, "Total Cost": 79031.44, "Plan Rows": 258, "Plan Width": 21, "Filter": "((production_year > 2000) AND (((title)::text ~~ 'Birdemic%'::text) OR ((title)::text ~~ '%Movie%'::text)))"}, {"Node Type": "Bitmap Heap Scan", "Parent Relationship": "Inner", "Relation Name": "movie_info_idx", "Alias": "mi_idx", "Startup Cost": 4.17, "Total Cost": 12.09, "Plan Rows": 2, "Plan Width": 8, "Recheck Cond": "(movie_id = t.id)", "Plans": [{"Node Type": "Bitmap Index Scan", "Parent Relationship": "Outer", "Index Name": "movie_id_movie_info_idx", "Startup Cost": 0.0, "Total Cost": 4.17, "Plan Rows": 2, "Plan Width": 0, "Index Cond": "(movie_id = t.id)"}]}]}]}, {"Node Type": "Bitmap Heap Scan", "Parent Relationship": "Inner", "Relation Name": "movie_companies", "Alias": "mc", "Startup Cost": 0.29, "Total Cost": 4.32, "Plan Rows": 2, "Plan Width": 12, "Recheck Cond": "(movie_id = mi_idx.movie_id)", "Plans": [{"Node Type": "Bitmap Index Scan", "Parent Relationship": "Outer", "Index Name": "movie_id_movie_companies", "Startup Cost": 0.0, "Total Cost": 0.29, "Plan Rows": 2, "Plan Width": 0, "Index Cond": "(movie_id = mi_idx.movie_id)"}]}]}, {"Node Type": "Bitmap Heap Scan", "Parent Relationship": "Inner", "Relation Name": "movie_info", "Alias": "mi", "Startup Cost": 0.38, "Total Cost": 4.44, "Plan Rows": 5, "Plan Width": 50, "Recheck Cond": "(movie_id = mc.movie_id)", "Plans": [{"Node Type": "Bitmap Index Scan", "Parent Relationship": "Outer", "Index Name": "movie_id_movie_info", "Startup Cost": 0.0, "Total Cost": 0.37, "Plan Rows": 5, "Plan Width": 0, "Index Cond": "(movie_id = mc.movie_id)"}]}]}]}, {"Node Type": "Materialize", "Parent Relationship": "Inner", "Startup Cost": 0.0, "Total Cost": 1.05, "Plan Rows": 2, "Plan Width": 4, "Plans": [{"Node Type": "Seq Scan", "Parent Relationship": "Outer", "Relation Name": "company_type", "Alias": "ct", "Startup Cost": 0.0, "Total Cost": 1.04, "Plan Rows": 2, "Plan Width": 4, "Filter": "((kind IS NOT NULL) AND (((kind)::text = 'production companies'::text) OR ((kind)::text = 'distributors'::text)))"}]}]}, {"Node Type": "Bitmap Heap Scan", "Parent Relationship": "Inner", "Relation Name": "company_name", "Alias": "cn", "Startup Cost": 0.26, "Total Cost": 4.27, "Plan Rows": 1, "Plan Width": 4, "Recheck Cond": "(id = mc.company_id)", "Filter": "((country_code)::text = '[us]'::text)", "Plans": [{"Node Type": "Bitmap Index Scan", "Parent Relationship": "Outer", "Index Name": "company_name_pkey", "Startup Cost": 0.0, "Total Cost": 0.26, "Plan Rows": 1, "Plan Width": 0, "Index Cond": "(id = mc.company_id)"}]}]}]}, "Unique SQL Id": 1682224415}, "explain_analyze_plan": {"Plan": {"Node Type": "Aggregate", "Strategy": "Plain", "Startup Cost": 84508.63, "Total Cost": 84508.64, "Plan Rows": 1, "Plan Width": 123, "Actual Startup Time": 1368.058, "Actual Total Time": 1368.058, "Actual Rows": 1, "Actual Loops": 1, "Plans": [{"Node Type": "Nested Loop", "Parent Relationship": "Outer", "Join Type": "Inner", "Startup Cost": 5.1, "Total Cost": 84508.61, "Plan Rows": 4, "Plan Width": 59, "Actual Startup Time": 962.68, "Actual Total Time": 1368.004, "Actual Rows": 5, "Actual Loops": 1, "Inner Unique": true, "Plans": [{"Node Type": "Nested Loop", "Parent Relationship": "Outer", "Join Type": "Inner", "Startup Cost": 4.84, "Total Cost": 84478.63, "Plan Rows": 7, "Plan Width": 63, "Actual Startup Time": 962.652, "Actual Total Time": 1367.927, "Actual Rows": 5, "Actual Loops": 1, "Inner Unique": true, "Join Filter": "(mc.company_type_id = ct.id)", "Rows Removed by Join Filter": 28, "Plans": [{"Node Type": "Nested Loop", "Parent Relationship": "Outer", "Join Type": "Inner", "Startup Cost": 4.84, "Total Cost": 84476.05, "Plan Rows": 51, "Plan Width": 67, "Actual Startup Time": 962.384, "Actual Total Time": 1367.858, "Actual Rows": 33, "Actual Loops": 1, "Inner Unique": false, "Join Filter": "(mi.info_type_id = it1.id)", "Rows Removed by Join Filter": 4926, "Plans": [{"Node Type": "Seq Scan", "Parent Relationship": "Outer", "Relation Name": "info_type", "Alias": "it1", "Startup Cost": 0.0, "Total Cost": 2.4, "Plan Rows": 1, "Plan Width": 4, "Actual Startup Time": 0.059, "Actual Total Time": 0.073, "Actual Rows": 1, "Actual Loops": 1, "Filter": "((info)::text = 'budget'::text)", "Rows Removed by Filter": 111}, {"Node Type": "Nested Loop", "Parent Relationship": "Inner", "Join Type": "Inner", "Startup Cost": 4.84, "Total Cost": 84459.62, "Plan Rows": 1122, "Plan Width": 71, "Actual Startup Time": 962.258, "Actual Total Time": 1366.818, "Actual Rows": 4959, "Actual Loops": 1, "Inner Unique": false, "Join Filter": "(t.id = mi.movie_id)", "Rows Removed by Join Filter": 0, "Plans": [{"Node Type": "Nested Loop", "Parent Relationship": "Outer", "Join Type": "Inner", "Startup Cost": 4.47, "Total Cost": 83514.44, "Plan Rows": 210, "Plan Width": 37, "Actual Startup Time": 962.221, "Actual Total Time": 1362.698, "Actual Rows": 33, "Actual Loops": 1, "Inner Unique": false, "Join Filter": "(t.id = mc.movie_id)", "Rows Removed by Join Filter": 0, "Plans": [{"Node Type": "Nested Loop", "Parent Relationship": "Outer", "Join Type": "Inner", "Startup Cost": 4.17, "Total Cost": 82163.69, "Plan Rows": 311, "Plan Width": 25, "Actual Startup Time": 962.151, "Actual Total Time": 1362.574, "Actual Rows": 2, "Actual Loops": 1, "Inner Unique": false, "Join Filter": "(mi_idx.info_type_id = it2.id)", "Rows Removed by Join Filter": 2643, "Plans": [{"Node Type": "Seq Scan", "Parent Relationship": "Outer", "Relation Name": "info_type", "Alias": "it2", "Startup Cost": 0.0, "Total Cost": 2.4, "Plan Rows": 1, "Plan Width": 4, "Actual Startup Time": 0.047, "Actual Total Time": 0.057, "Actual Rows": 1, "Actual Loops": 1, "Filter": "((info)::text = 'bottom 10 rank'::text)", "Rows Removed by Filter": 111}, {"Node Type": "Nested Loop", "Parent Relationship": "Inner", "Join Type": "Inner", "Startup Cost": 4.17, "Total Cost": 82156.34, "Plan Rows": 396, "Plan Width": 29, "Actual Startup Time": 14.026, "Actual Total Time": 1361.761, "Actual Rows": 2645, "Actual Loops": 1, "Inner Unique": false, "Plans": [{"Node Type": "Seq Scan", "Parent Relationship": "Outer", "Relation Name": "title", "Alias": "t", "Startup Cost": 0.0, "Total Cost": 79031.44, "Plan Rows": 258, "Plan Width": 21, "Actual Startup Time": 0.369, "Actual Total Time": 1341.646, "Actual Rows": 2536, "Actual Loops": 1, "Filter": "((production_year > 2000) AND (((title)::text ~~ 'Birdemic%'::text) OR ((title)::text ~~ '%Movie%'::text)))", "Rows Removed by Filter": 2525775}, {"Node Type": "Bitmap Heap Scan", "Parent Relationship": "Inner", "Relation Name": "movie_info_idx", "Alias": "mi_idx", "Startup Cost": 4.17, "Total Cost": 12.09, "Plan Rows": 2, "Plan Width": 8, "Actual Startup Time": 15.137, "Actual Total Time": 15.494, "Actual Rows": 2645, "Actual Loops": 2536, "Recheck Cond": "(movie_id = t.id)", "Rows Removed by Index Recheck": 0, "Exact Heap Blocks": 890, "Lossy Heap Blocks": 890, "Plans": [{"Node Type": "Bitmap Index Scan", "Parent Relationship": "Outer", "Index Name": "movie_id_movie_info_idx", "Startup Cost": 0.0, "Total Cost": 4.17, "Plan Rows": 2, "Plan Width": 0, "Actual Startup Time": 11.177, "Actual Total Time": 11.177, "Actual Rows": 2645, "Actual Loops": 2536, "Index Cond": "(movie_id = t.id)"}]}]}]}, {"Node Type": "Bitmap Heap Scan", "Parent Relationship": "Inner", "Relation Name": "movie_companies", "Alias": "mc", "Startup Cost": 0.29, "Total Cost": 4.32, "Plan Rows": 2, "Plan Width": 12, "Actual Startup Time": 0.065, "Actual Total Time": 0.072, "Actual Rows": 33, "Actual Loops": 2, "Recheck Cond": "(movie_id = mi_idx.movie_id)", "Rows Removed by Index Recheck": 0, "Exact Heap Blocks": 4, "Lossy Heap Blocks": 4, "Plans": [{"Node Type": "Bitmap Index Scan", "Parent Relationship": "Outer", "Index Name": "movie_id_movie_companies", "Startup Cost": 0.0, "Total Cost": 0.29, "Plan Rows": 2, "Plan Width": 0, "Actual Startup Time": 0.031, "Actual Total Time": 0.031, "Actual Rows": 33, "Actual Loops": 2, "Index Cond": "(movie_id = mi_idx.movie_id)"}]}]}, {"Node Type": "Bitmap Heap Scan", "Parent Relationship": "Inner", "Relation Name": "movie_info", "Alias": "mi", "Startup Cost": 0.38, "Total Cost": 4.44, "Plan Rows": 5, "Plan Width": 50, "Actual Startup Time": 0.769, "Actual Total Time": 2.578, "Actual Rows": 4959, "Actual Loops": 33, "Recheck Cond": "(movie_id = mc.movie_id)", "Rows Removed by Index Recheck": 0, "Exact Heap Blocks": 710, "Lossy Heap Blocks": 710, "Plans": [{"Node Type": "Bitmap Index Scan", "Parent Relationship": "Outer", "Index Name": "movie_id_movie_info", "Startup Cost": 0.0, "Total Cost": 0.37, "Plan Rows": 5, "Plan Width": 0, "Actual Startup Time": 0.652, "Actual Total Time": 0.652, "Actual Rows": 4959, "Actual Loops": 33, "Index Cond": "(movie_id = mc.movie_id)"}]}]}]}, {"Node Type": "Materialize", "Parent Relationship": "Inner", "Startup Cost": 0.0, "Total Cost": 1.05, "Plan Rows": 2, "Plan Width": 4, "Actual Startup Time": 0.03, "Actual Total Time": 0.034, "Actual Rows": 33, "Actual Loops": 33, "Plans": [{"Node Type": "Seq Scan", "Parent Relationship": "Outer", "Relation Name": "company_type", "Alias": "ct", "Startup Cost": 0.0, "Total Cost": 1.04, "Plan Rows": 2, "Plan Width": 4, "Actual Startup Time": 0.014, "Actual Total Time": 0.017, "Actual Rows": 1, "Actual Loops": 1, "Filter": "((kind IS NOT NULL) AND (((kind)::text = 'production companies'::text) OR ((kind)::text = 'distributors'::text)))", "Rows Removed by Filter": 2}]}]}, {"Node Type": "Bitmap Heap Scan", "Parent Relationship": "Inner", "Relation Name": "company_name", "Alias": "cn", "Startup Cost": 0.26, "Total Cost": 4.27, "Plan Rows": 1, "Plan Width": 4, "Actual Startup Time": 0.06, "Actual Total Time": 0.06, "Actual Rows": 5, "Actual Loops": 5, "Recheck Cond": "(id = mc.company_id)", "Rows Removed by Index Recheck": 0, "Filter": "((country_code)::text = '[us]'::text)", "Rows Removed by Filter": 0, "Exact Heap Blocks": 5, "Lossy Heap Blocks": 5, "Plans": [{"Node Type": "Bitmap Index Scan", "Parent Relationship": "Outer", "Index Name": "company_name_pkey", "Startup Cost": 0.0, "Total Cost": 0.26, "Plan Rows": 1, "Plan Width": 0, "Actual Startup Time": 0.028, "Actual Total Time": 0.028, "Actual Rows": 5, "Actual Loops": 5, "Index Cond": "(id = mc.company_id)"}]}]}]}, "Triggers": [], "Planner Runtime": 56.784, "Total Runtime": 1368.478, "Unique SQL Id": 1682224415}}, "(1, 23)": {"explain_plan": {"Plan": {"Node Type": "Aggregate", "Strategy": "Plain", "Startup Cost": 1000012336498.63, "Total Cost": 1000012336498.64, "Plan Rows": 1, "Plan Width": 123, "Plans": [{"Node Type": "Nested Loop", "Parent Relationship": "Outer", "Join Type": "Inner", "Startup Cost": 10000000002.04, "Total Cost": 1000012336498.61, "Plan Rows": 4, "Plan Width": 59, "Inner Unique": true, "Plans": [{"Node Type": "Nested Loop", "Parent Relationship": "Outer", "Join Type": "Inner", "Startup Cost": 10000000001.78, "Total Cost": 1000012336438.65, "Plan Rows": 14, "Plan Width": 63, "Inner Unique": true, "Plans": [{"Node Type": "Nested Loop", "Parent Relationship": "Outer", "Join Type": "Inner", "Startup Cost": 10000000001.52, "Total Cost": 1000012336378.66, "Plan Rows": 14, "Plan Width": 67, "Inner Unique": true, "Plans": [{"Node Type": "Nested Loop", "Parent Relationship": "Outer", "Join Type": "Inner", "Startup Cost": 10000000001.26, "Total Cost": 1000012336100.24, "Plan Rows": 65, "Plan Width": 71, "Inner Unique": false, "Join Filter": "(t.id = mc.movie_id)", "Plans": [{"Node Type": "Nested Loop", "Parent Relationship": "Outer", "Join Type": "Inner", "Startup Cost": 10000000001.0, "Total Cost": 1000012335970.7, "Plan Rows": 30, "Plan Width": 75, "Inner Unique": true, "Plans": [{"Node Type": "Nested Loop", "Parent Relationship": "Outer", "Join Type": "Inner", "Startup Cost": 10000000000.74, "Total Cost": 1000012326904.12, "Plan Rows": 2117, "Plan Width": 79, "Inner Unique": false, "Join Filter": "(t.id = mi.movie_id)", "Plans": [{"Node Type": "Nested Loop", "Parent Relationship": "Outer", "Join Type": "Inner", "Startup Cost": 10000000000.28, "Total Cost": 1000012325091.05, "Plan Rows": 396, "Plan Width": 29, "Inner Unique": true, "Plans": [{"Node Type": "Index Scan", "Parent Relationship": "Outer", "Scan Direction": "Forward", "Index Name": "info_type_id_movie_info_idx", "Relation Name": "movie_info_idx", "Alias": "mi_idx", "Startup Cost": 10000000000.0, "Total Cost": 1000006370838.27, "Plan Rows": 1380034, "Plan Width": 8}, {"Node Type": "Bitmap Heap Scan", "Parent Relationship": "Inner", "Relation Name": "title", "Alias": "t", "Startup Cost": 0.28, "Total Cost": 4.3, "Plan Rows": 1, "Plan Width": 21, "Recheck Cond": "(id = mi_idx.movie_id)", "Filter": "((production_year > 2000) AND (((title)::text ~~ 'Birdemic%'::text) OR ((title)::text ~~ '%Movie%'::text)))", "Plans": [{"Node Type": "Bitmap Index Scan", "Parent Relationship": "Outer", "Index Name": "title_pkey", "Startup Cost": 0.0, "Total Cost": 0.28, "Plan Rows": 1, "Plan Width": 0, "Index Cond": "(id = mi_idx.movie_id)"}]}]}, {"Node Type": "Bitmap Heap Scan", "Parent Relationship": "Inner", "Relation Name": "movie_info", "Alias": "mi", "Startup Cost": 0.45, "Total Cost": 4.52, "Plan Rows": 5, "Plan Width": 50, "Recheck Cond": "(movie_id = mi_idx.movie_id)", "Plans": [{"Node Type": "Bitmap Index Scan", "Parent Relationship": "Outer", "Index Name": "movie_id_movie_info", "Startup Cost": 0.0, "Total Cost": 0.45, "Plan Rows": 5, "Plan Width": 0, "Index Cond": "(movie_id = mi_idx.movie_id)"}]}]}, {"Node Type": "Bitmap Heap Scan", "Parent Relationship": "Inner", "Relation Name": "info_type", "Alias": "it1", "Startup Cost": 0.26, "Total Cost": 4.27, "Plan Rows": 1, "Plan Width": 4, "Recheck Cond": "(id = mi.info_type_id)", "Filter": "((info)::text = 'budget'::text)", "Plans": [{"Node Type": "Bitmap Index Scan", "Parent Relationship": "Outer", "Index Name": "info_type_pkey", "Startup Cost": 0.0, "Total Cost": 0.26, "Plan Rows": 1, "Plan Width": 0, "Index Cond": "(id = mi.info_type_id)"}]}]}, {"Node Type": "Bitmap Heap Scan", "Parent Relationship": "Inner", "Relation Name": "movie_companies", "Alias": "mc", "Startup Cost": 0.27, "Total Cost": 4.29, "Plan Rows": 2, "Plan Width": 12, "Recheck Cond": "(movie_id = mi.movie_id)", "Plans": [{"Node Type": "Bitmap Index Scan", "Parent Relationship": "Outer", "Index Name": "movie_id_movie_companies", "Startup Cost": 0.0, "Total Cost": 0.27, "Plan Rows": 2, "Plan Width": 0, "Index Cond": "(movie_id = mi.movie_id)"}]}]}, {"Node Type": "Bitmap Heap Scan", "Parent Relationship": "Inner", "Relation Name": "company_name", "Alias": "cn", "Startup Cost": 0.26, "Total Cost": 4.27, "Plan Rows": 1, "Plan Width": 4, "Recheck Cond": "(id = mc.company_id)", "Filter": "((country_code)::text = '[us]'::text)", "Plans": [{"Node Type": "Bitmap Index Scan", "Parent Relationship": "Outer", "Index Name": "company_name_pkey", "Startup Cost": 0.0, "Total Cost": 0.26, "Plan Rows": 1, "Plan Width": 0, "Index Cond": "(id = mc.company_id)"}]}]}, {"Node Type": "Bitmap Heap Scan", "Parent Relationship": "Inner", "Relation Name": "company_type", "Alias": "ct", "Startup Cost": 0.26, "Total Cost": 4.28, "Plan Rows": 1, "Plan Width": 4, "Recheck Cond": "(id = mc.company_type_id)", "Filter": "((kind IS NOT NULL) AND (((kind)::text = 'production companies'::text) OR ((kind)::text = 'distributors'::text)))", "Plans": [{"Node Type": "Bitmap Index Scan", "Parent Relationship": "Outer", "Index Name": "company_type_pkey", "Startup Cost": 0.0, "Total Cost": 0.26, "Plan Rows": 1, "Plan Width": 0, "Index Cond": "(id = mc.company_type_id)"}]}]}, {"Node Type": "Bitmap Heap Scan", "Parent Relationship": "Inner", "Relation Name": "info_type", "Alias": "it2", "Startup Cost": 0.26, "Total Cost": 4.27, "Plan Rows": 1, "Plan Width": 4, "Recheck Cond": "(id = mi_idx.info_type_id)", "Filter": "((info)::text = 'bottom 10 rank'::text)", "Plans": [{"Node Type": "Bitmap Index Scan", "Parent Relationship": "Outer", "Index Name": "info_type_pkey", "Startup Cost": 0.0, "Total Cost": 0.26, "Plan Rows": 1, "Plan Width": 0, "Index Cond": "(id = mi_idx.info_type_id)"}]}]}]}, "Unique SQL Id": 1682224415}, "explain_analyze_plan": null}, "(1, 24)": {"explain_plan": {"Plan": {"Node Type": "Aggregate", "Strategy": "Plain", "Startup Cost": 81432.16, "Total Cost": 81432.17, "Plan Rows": 1, "Plan Width": 123, "Plans": [{"Node Type": "Nested Loop", "Parent Relationship": "Outer", "Join Type": "Inner", "Startup Cost": 0.0, "Total Cost": 81432.14, "Plan Rows": 4, "Plan Width": 59, "Inner Unique": true, "Plans": [{"Node Type": "Nested Loop", "Parent Relationship": "Outer", "Join Type": "Inner", "Startup Cost": 0.0, "Total Cost": 81431.0, "Plan Rows": 4, "Plan Width": 63, "Inner Unique": true, "Plans": [{"Node Type": "Nested Loop", "Parent Relationship": "Outer", "Join Type": "Inner", "Startup Cost": 0.0, "Total Cost": 81429.56, "Plan Rows": 5, "Plan Width": 67, "Inner Unique": false, "Join Filter": "(mi.info_type_id = it1.id)", "Plans": [{"Node Type": "Seq Scan", "Parent Relationship": "Outer", "Relation Name": "info_type", "Alias": "it1", "Startup Cost": 0.0, "Total Cost": 2.4, "Plan Rows": 1, "Plan Width": 4, "Filter": "((info)::text = 'budget'::text)"}, {"Node Type": "Nested Loop", "Parent Relationship": "Inner", "Join Type": "Inner", "Startup Cost": 0.0, "Total Cost": 81413.14, "Plan Rows": 1122, "Plan Width": 71, "Inner Unique": false, "Join Filter": "(t.id = mi.movie_id)", "Plans": [{"Node Type": "Nested Loop", "Parent Relationship": "Outer", "Join Type": "Inner", "Startup Cost": 0.0, "Total Cost": 81260.48, "Plan Rows": 210, "Plan Width": 37, "Inner Unique": false, "Join Filter": "(t.id = mc.movie_id)", "Plans": [{"Node Type": "Nested Loop", "Parent Relationship": "Outer", "Join Type": "Inner", "Startup Cost": 0.0, "Total Cost": 81139.71, "Plan Rows": 311, "Plan Width": 25, "Inner Unique": false, "Join Filter": "(mi_idx.info_type_id = it2.id)", "Plans": [{"Node Type": "Seq Scan", "Parent Relationship": "Outer", "Relation Name": "info_type", "Alias": "it2", "Startup Cost": 0.0, "Total Cost": 2.4, "Plan Rows": 1, "Plan Width": 4, "Filter": "((info)::text = 'bottom 10 rank'::text)"}, {"Node Type": "Nested Loop", "Parent Relationship": "Inner", "Join Type": "Inner", "Startup Cost": 0.0, "Total Cost": 81132.36, "Plan Rows": 396, "Plan Width": 29, "Inner Unique": false, "Plans": [{"Node Type": "Seq Scan", "Parent Relationship": "Outer", "Relation Name": "title", "Alias": "t", "Startup Cost": 0.0, "Total Cost": 79031.44, "Plan Rows": 258, "Plan Width": 21, "Filter": "((production_year > 2000) AND (((title)::text ~~ 'Birdemic%'::text) OR ((title)::text ~~ '%Movie%'::text)))"}, {"Node Type": "Index Scan", "Parent Relationship": "Inner", "Scan Direction": "Forward", "Index Name": "movie_id_movie_info_idx", "Relation Name": "movie_info_idx", "Alias": "mi_idx", "Startup Cost": 0.0, "Total Cost": 8.12, "Plan Rows": 2, "Plan Width": 8, "Index Cond": "(movie_id = t.id)"}]}]}, {"Node Type": "Index Scan", "Parent Relationship": "Inner", "Scan Direction": "Forward", "Index Name": "movie_id_movie_companies", "Relation Name": "movie_companies", "Alias": "mc", "Startup Cost": 0.0, "Total Cost": 0.36, "Plan Rows": 2, "Plan Width": 12, "Index Cond": "(movie_id = mi_idx.movie_id)"}]}, {"Node Type": "Index Scan", "Parent Relationship": "Inner", "Scan Direction": "Forward", "Index Name": "movie_id_movie_info", "Relation Name": "movie_info", "Alias": "mi", "Startup Cost": 0.0, "Total Cost": 0.66, "Plan Rows": 5, "Plan Width": 50, "Index Cond": "(movie_id = mc.movie_id)"}]}]}, {"Node Type": "Index Scan", "Parent Relationship": "Inner", "Scan Direction": "Forward", "Index Name": "company_name_pkey", "Relation Name": "company_name", "Alias": "cn", "Startup Cost": 0.0, "Total Cost": 0.28, "Plan Rows": 1, "Plan Width": 4, "Index Cond": "(id = mc.company_id)", "Filter": "((country_code)::text = '[us]'::text)"}]}, {"Node Type": "Index Scan", "Parent Relationship": "Inner", "Scan Direction": "Forward", "Index Name": "company_type_pkey", "Relation Name": "company_type", "Alias": "ct", "Startup Cost": 0.0, "Total Cost": 0.28, "Plan Rows": 1, "Plan Width": 4, "Index Cond": "(id = mc.company_type_id)", "Filter": "((kind IS NOT NULL) AND (((kind)::text = 'production companies'::text) OR ((kind)::text = 'distributors'::text)))"}]}]}, "Unique SQL Id": 1682224415}, "explain_analyze_plan": {"Plan": {"Node Type": "Aggregate", "Strategy": "Plain", "Startup Cost": 81432.16, "Total Cost": 81432.17, "Plan Rows": 1, "Plan Width": 123, "Actual Startup Time": 1371.266, "Actual Total Time": 1371.266, "Actual Rows": 1, "Actual Loops": 1, "Plans": [{"Node Type": "Nested Loop", "Parent Relationship": "Outer", "Join Type": "Inner", "Startup Cost": 0.0, "Total Cost": 81432.14, "Plan Rows": 4, "Plan Width": 59, "Actual Startup Time": 973.085, "Actual Total Time": 1371.203, "Actual Rows": 5, "Actual Loops": 1, "Inner Unique": true, "Plans": [{"Node Type": "Nested Loop", "Parent Relationship": "Outer", "Join Type": "Inner", "Startup Cost": 0.0, "Total Cost": 81431.0, "Plan Rows": 4, "Plan Width": 63, "Actual Startup Time": 972.828, "Actual Total Time": 1371.159, "Actual Rows": 10, "Actual Loops": 1, "Inner Unique": true, "Plans": [{"Node Type": "Nested Loop", "Parent Relationship": "Outer", "Join Type": "Inner", "Startup Cost": 0.0, "Total Cost": 81429.56, "Plan Rows": 5, "Plan Width": 67, "Actual Startup Time": 972.803, "Actual Total Time": 1370.929, "Actual Rows": 33, "Actual Loops": 1, "Inner Unique": false, "Join Filter": "(mi.info_type_id = it1.id)", "Rows Removed by Join Filter": 4926, "Plans": [{"Node Type": "Seq Scan", "Parent Relationship": "Outer", "Relation Name": "info_type", "Alias": "it1", "Startup Cost": 0.0, "Total Cost": 2.4, "Plan Rows": 1, "Plan Width": 4, "Actual Startup Time": 0.067, "Actual Total Time": 0.078, "Actual Rows": 1, "Actual Loops": 1, "Filter": "((info)::text = 'budget'::text)", "Rows Removed by Filter": 111}, {"Node Type": "Nested Loop", "Parent Relationship": "Inner", "Join Type": "Inner", "Startup Cost": 0.0, "Total Cost": 81413.14, "Plan Rows": 1122, "Plan Width": 71, "Actual Startup Time": 972.653, "Actual Total Time": 1369.917, "Actual Rows": 4959, "Actual Loops": 1, "Inner Unique": false, "Join Filter": "(t.id = mi.movie_id)", "Rows Removed by Join Filter": 0, "Plans": [{"Node Type": "Nested Loop", "Parent Relationship": "Outer", "Join Type": "Inner", "Startup Cost": 0.0, "Total Cost": 81260.48, "Plan Rows": 210, "Plan Width": 37, "Actual Startup Time": 972.576, "Actual Total Time": 1365.779, "Actual Rows": 33, "Actual Loops": 1, "Inner Unique": false, "Join Filter": "(t.id = mc.movie_id)", "Rows Removed by Join Filter": 0, "Plans": [{"Node Type": "Nested Loop", "Parent Relationship": "Outer", "Join Type": "Inner", "Startup Cost": 0.0, "Total Cost": 81139.71, "Plan Rows": 311, "Plan Width": 25, "Actual Startup Time": 972.451, "Actual Total Time": 1365.601, "Actual Rows": 2, "Actual Loops": 1, "Inner Unique": false, "Join Filter": "(mi_idx.info_type_id = it2.id)", "Rows Removed by Join Filter": 2643, "Plans": [{"Node Type": "Seq Scan", "Parent Relationship": "Outer", "Relation Name": "info_type", "Alias": "it2", "Startup Cost": 0.0, "Total Cost": 2.4, "Plan Rows": 1, "Plan Width": 4, "Actual Startup Time": 0.044, "Actual Total Time": 0.051, "Actual Rows": 1, "Actual Loops": 1, "Filter": "((info)::text = 'bottom 10 rank'::text)", "Rows Removed by Filter": 111}, {"Node Type": "Nested Loop", "Parent Relationship": "Inner", "Join Type": "Inner", "Startup Cost": 0.0, "Total Cost": 81132.36, "Plan Rows": 396, "Plan Width": 29, "Actual Startup Time": 13.969, "Actual Total Time": 1364.883, "Actual Rows": 2645, "Actual Loops": 1, "Inner Unique": false, "Plans": [{"Node Type": "Seq Scan", "Parent Relationship": "Outer", "Relation Name": "title", "Alias": "t", "Startup Cost": 0.0, "Total Cost": 79031.44, "Plan Rows": 258, "Plan Width": 21, "Actual Startup Time": 0.371, "Actual Total Time": 1349.84, "Actual Rows": 2536, "Actual Loops": 1, "Filter": "((production_year > 2000) AND (((title)::text ~~ 'Birdemic%'::text) OR ((title)::text ~~ '%Movie%'::text)))", "Rows Removed by Filter": 2525775}, {"Node Type": "Index Scan", "Parent Relationship": "Inner", "Scan Direction": "Forward", "Index Name": "movie_id_movie_info_idx", "Relation Name": "movie_info_idx", "Alias": "mi_idx", "Startup Cost": 0.0, "Total Cost": 8.12, "Plan Rows": 2, "Plan Width": 8, "Actual Startup Time": 11.624, "Actual Total Time": 12.638, "Actual Rows": 2645, "Actual Loops": 2536, "Index Cond": "(movie_id = t.id)", "Rows Removed by Index Recheck": 0}]}]}, {"Node Type": "Index Scan", "Parent Relationship": "Inner", "Scan Direction": "Forward", "Index Name": "movie_id_movie_companies", "Relation Name": "movie_companies", "Alias": "mc", "Startup Cost": 0.0, "Total Cost": 0.36, "Plan Rows": 2, "Plan Width": 12, "Actual Startup Time": 0.033, "Actual Total Time": 0.054, "Actual Rows": 33, "Actual Loops": 2, "Index Cond": "(movie_id = mi_idx.movie_id)", "Rows Removed by Index Recheck": 0}]}, {"Node Type": "Index Scan", "Parent Relationship": "Inner", "Scan Direction": "Forward", "Index Name": "movie_id_movie_info", "Relation Name": "movie_info", "Alias": "mi", "Startup Cost": 0.0, "Total Cost": 0.66, "Plan Rows": 5, "Plan Width": 50, "Actual Startup Time": 0.527, "Actual Total Time": 2.538, "Actual Rows": 4959, "Actual Loops": 33, "Index Cond": "(movie_id = mc.movie_id)", "Rows Removed by Index Recheck": 0}]}]}, {"Node Type": "Index Scan", "Parent Relationship": "Inner", "Scan Direction": "Forward", "Index Name": "company_name_pkey", "Relation Name": "company_name", "Alias": "cn", "Startup Cost": 0.0, "Total Cost": 0.28, "Plan Rows": 1, "Plan Width": 4, "Actual Startup Time": 0.2, "Actual Total Time": 0.2, "Actual Rows": 10, "Actual Loops": 33, "Index Cond": "(id = mc.company_id)", "Rows Removed by Index Recheck": 0, "Filter": "((country_code)::text = '[us]'::text)", "Rows Removed by Filter": 23}]}, {"Node Type": "Index Scan", "Parent Relationship": "Inner", "Scan Direction": "Forward", "Index Name": "company_type_pkey", "Relation Name": "company_type", "Alias": "ct", "Startup Cost": 0.0, "Total Cost": 0.28, "Plan Rows": 1, "Plan Width": 4, "Actual Startup Time": 0.026, "Actual Total Time": 0.026, "Actual Rows": 5, "Actual Loops": 10, "Index Cond": "(id = mc.company_type_id)", "Rows Removed by Index Recheck": 0, "Filter": "((kind IS NOT NULL) AND (((kind)::text = 'production companies'::text) OR ((kind)::text = 'distributors'::text)))", "Rows Removed by Filter": 0}]}]}, "Triggers": [], "Planner Runtime": 98.34, "Total Runtime": 1371.638, "Unique SQL Id": 1682224415}}, "(1, 25)": {"explain_plan": {"Plan": {"Node Type": "Aggregate", "Strategy": "Plain", "Startup Cost": 131508.15, "Total Cost": 131508.16, "Plan Rows": 1, "Plan Width": 123, "Plans": [{"Node Type": "Nested Loop", "Parent Relationship": "Outer", "Join Type": "Inner", "Startup Cost": 0.0, "Total Cost": 131508.13, "Plan Rows": 4, "Plan Width": 59, "Inner Unique": true, "Plans": [{"Node Type": "Nested Loop", "Parent Relationship": "Outer", "Join Type": "Inner", "Startup Cost": 0.0, "Total Cost": 131506.99, "Plan Rows": 4, "Plan Width": 63, "Inner Unique": true, "Plans": [{"Node Type": "Nested Loop", "Parent Relationship": "Outer", "Join Type": "Inner", "Startup Cost": 0.0, "Total Cost": 131505.55, "Plan Rows": 5, "Plan Width": 67, "Inner Unique": false, "Join Filter": "(mi.info_type_id = it1.id)", "Plans": [{"Node Type": "Index Scan", "Parent Relationship": "Outer", "Scan Direction": "Forward", "Index Name": "info_type_pkey", "Relation Name": "info_type", "Alias": "it1", "Startup Cost": 0.0, "Total Cost": 14.21, "Plan Rows": 1, "Plan Width": 4, "Filter": "((info)::text = 'budget'::text)"}, {"Node Type": "Nested Loop", "Parent Relationship": "Inner", "Join Type": "Inner", "Startup Cost": 0.0, "Total Cost": 131477.32, "Plan Rows": 1122, "Plan Width": 71, "Inner Unique": false, "Join Filter": "(t.id = mi.movie_id)", "Plans": [{"Node Type": "Nested Loop", "Parent Relationship": "Outer", "Join Type": "Inner", "Startup Cost": 0.0, "Total Cost": 131324.66, "Plan Rows": 210, "Plan Width": 37, "Inner Unique": false, "Join Filter": "(t.id = mc.movie_id)", "Plans": [{"Node Type": "Nested Loop", "Parent Relationship": "Outer", "Join Type": "Inner", "Startup Cost": 0.0, "Total Cost": 131203.89, "Plan Rows": 311, "Plan Width": 25, "Inner Unique": true, "Join Filter": "(mi_idx.info_type_id = it2.id)", "Plans": [{"Node Type": "Nested Loop", "Parent Relationship": "Outer", "Join Type": "Inner", "Startup Cost": 0.0, "Total Cost": 131183.74, "Plan Rows": 396, "Plan Width": 29, "Inner Unique": false, "Plans": [{"Node Type": "Index Scan", "Parent Relationship": "Outer", "Scan Direction": "Forward", "Index Name": "title_pkey", "Relation Name": "title", "Alias": "t", "Startup Cost": 0.0, "Total Cost": 129082.82, "Plan Rows": 258, "Plan Width": 21, "Filter": "((production_year > 2000) AND (((title)::text ~~ 'Birdemic%'::text) OR ((title)::text ~~ '%Movie%'::text)))"}, {"Node Type": "Index Scan", "Parent Relationship": "Inner", "Scan Direction": "Forward", "Index Name": "movie_id_movie_info_idx", "Relation Name": "movie_info_idx", "Alias": "mi_idx", "Startup Cost": 0.0, "Total Cost": 8.12, "Plan Rows": 2, "Plan Width": 8, "Index Cond": "(movie_id = t.id)"}]}, {"Node Type": "Materialize", "Parent Relationship": "Inner", "Startup Cost": 0.0, "Total Cost": 14.22, "Plan Rows": 1, "Plan Width": 4, "Plans": [{"Node Type": "Index Scan", "Parent Relationship": "Outer", "Scan Direction": "Forward", "Index Name": "info_type_pkey", "Relation Name": "info_type", "Alias": "it2", "Startup Cost": 0.0, "Total Cost": 14.21, "Plan Rows": 1, "Plan Width": 4, "Filter": "((info)::text = 'bottom 10 rank'::text)"}]}]}, {"Node Type": "Index Scan", "Parent Relationship": "Inner", "Scan Direction": "Forward", "Index Name": "movie_id_movie_companies", "Relation Name": "movie_companies", "Alias": "mc", "Startup Cost": 0.0, "Total Cost": 0.36, "Plan Rows": 2, "Plan Width": 12, "Index Cond": "(movie_id = mi_idx.movie_id)"}]}, {"Node Type": "Index Scan", "Parent Relationship": "Inner", "Scan Direction": "Forward", "Index Name": "movie_id_movie_info", "Relation Name": "movie_info", "Alias": "mi", "Startup Cost": 0.0, "Total Cost": 0.66, "Plan Rows": 5, "Plan Width": 50, "Index Cond": "(movie_id = mc.movie_id)"}]}]}, {"Node Type": "Index Scan", "Parent Relationship": "Inner", "Scan Direction": "Forward", "Index Name": "company_name_pkey", "Relation Name": "company_name", "Alias": "cn", "Startup Cost": 0.0, "Total Cost": 0.28, "Plan Rows": 1, "Plan Width": 4, "Index Cond": "(id = mc.company_id)", "Filter": "((country_code)::text = '[us]'::text)"}]}, {"Node Type": "Index Scan", "Parent Relationship": "Inner", "Scan Direction": "Forward", "Index Name": "company_type_pkey", "Relation Name": "company_type", "Alias": "ct", "Startup Cost": 0.0, "Total Cost": 0.28, "Plan Rows": 1, "Plan Width": 4, "Index Cond": "(id = mc.company_type_id)", "Filter": "((kind IS NOT NULL) AND (((kind)::text = 'production companies'::text) OR ((kind)::text = 'distributors'::text)))"}]}]}, "Unique SQL Id": 1682224415}, "explain_analyze_plan": null}, "(1, 26)": {"explain_plan": {"Plan": {"Node Type": "Aggregate", "Strategy": "Plain", "Startup Cost": 1000526.19, "Total Cost": 1000526.2, "Plan Rows": 1, "Plan Width": 123, "Plans": [{"Node Type": "Nested Loop", "Parent Relationship": "Outer", "Join Type": "Inner", "Startup Cost": 969851.05, "Total Cost": 1000526.17, "Plan Rows": 4, "Plan Width": 59, "Inner Unique": false, "Join Filter": "(mc.company_id = cn.id)", "Plans": [{"Node Type": "Seq Scan", "Parent Relationship": "Outer", "Relation Name": "company_name", "Alias": "cn", "Startup Cost": 0.0, "Total Cost": 5903.45, "Plan Rows": 85170, "Plan Width": 4, "Filter": "((country_code)::text = '[us]'::text)"}, {"Node Type": "Materialize", "Parent Relationship": "Inner", "Startup Cost": 969851.05, "Total Cost": 985679.89, "Plan Rows": 7, "Plan Width": 63, "Plans": [{"Node Type": "Nested Loop", "Parent Relationship": "Outer", "Join Type": "Inner", "Startup Cost": 969851.05, "Total Cost": 985679.85, "Plan Rows": 7, "Plan Width": 63, "Inner Unique": true, "Join Filter": "(mc.company_type_id = ct.id)", "Plans": [{"Node Type": "Merge Join", "Parent Relationship": "Outer", "Join Type": "Inner", "Startup Cost": 969851.05, "Total Cost": 985677.27, "Plan Rows": 51, "Plan Width": 67, "Inner Unique": false, "Merge Cond": "(t.id = mi.movie_id)", "Plans": [{"Node Type": "Merge Join", "Parent Relationship": "Outer", "Join Type": "Inner", "Startup Cost": 468190.13, "Total Cost": 482951.51, "Plan Rows": 210, "Plan Width": 37, "Inner Unique": false, "Merge Cond": "(t.id = mi_idx.movie_id)", "Plans": [{"Node Type": "Merge Join", "Parent Relationship": "Outer", "Join Type": "Inner", "Startup Cost": 398928.65, "Total Cost": 411981.03, "Plan Rows": 545, "Plan Width": 33, "Inner Unique": false, "Merge Cond": "(t.id = mc.movie_id)", "Plans": [{"Node Type": "Sort", "Parent Relationship": "Outer", "Startup Cost": 79041.78, "Total Cost": 79042.42, "Plan Rows": 258, "Plan Width": 21, "Sort Key": ["t.id"], "Plans": [{"Node Type": "Seq Scan", "Parent Relationship": "Outer", "Relation Name": "title", "Alias": "t", "Startup Cost": 0.0, "Total Cost": 79031.44, "Plan Rows": 258, "Plan Width": 21, "Filter": "((production_year > 2000) AND (((title)::text ~~ 'Birdemic%'::text) OR ((title)::text ~~ '%Movie%'::text)))"}]}, {"Node Type": "Sort", "Parent Relationship": "Inner", "Startup Cost": 319886.87, "Total Cost": 326409.69, "Plan Rows": 2609128, "Plan Width": 12, "Sort Key": ["mc.movie_id"], "Plans": [{"Node Type": "Seq Scan", "Parent Relationship": "Outer", "Relation Name": "movie_companies", "Alias": "mc", "Startup Cost": 0.0, "Total Cost": 41817.28, "Plan Rows": 2609128, "Plan Width": 12}]}]}, {"Node Type": "Sort", "Parent Relationship": "Inner", "Startup Cost": 69261.47, "Total Cost": 70123.99, "Plan Rows": 345008, "Plan Width": 4, "Sort Key": ["mi_idx.movie_id"], "Plans": [{"Node Type": "Nested Loop", "Parent Relationship": "Outer", "Join Type": "Inner", "Startup Cost": 0.0, "Total Cost": 37527.17, "Plan Rows": 345008, "Plan Width": 4, "Inner Unique": false, "Join Filter": "(it2.id = mi_idx.info_type_id), (LLVM Optimized)", "Plans": [{"Node Type": "Seq Scan", "Parent Relationship": "Outer", "Relation Name": "info_type", "Alias": "it2", "Startup Cost": 0.0, "Total Cost": 2.4, "Plan Rows": 1, "Plan Width": 4, "Filter": "((info)::text = 'bottom 10 rank'::text)"}, {"Node Type": "Seq Scan", "Parent Relationship": "Inner", "Relation Name": "movie_info_idx", "Alias": "mi_idx", "Startup Cost": 0.0, "Total Cost": 20274.34, "Plan Rows": 1380034, "Plan Width": 8}]}]}]}, {"Node Type": "Sort", "Parent Relationship": "Inner", "Startup Cost": 501660.92, "Total Cost": 502191.99, "Plan Rows": 212428, "Plan Width": 46, "Sort Key": ["mi.movie_id"], "Plans": [{"Node Type": "Nested Loop", "Parent Relationship": "Outer", "Join Type": "Inner", "Startup Cost": 0.0, "Total Cost": 482864.64, "Plan Rows": 212428, "Plan Width": 46, "Inner Unique": false, "Join Filter": "(it1.id = mi.info_type_id), (LLVM Optimized)", "Plans": [{"Node Type": "Seq Scan", "Parent Relationship": "Outer", "Relation Name": "info_type", "Alias": "it1", "Startup Cost": 0.0, "Total Cost": 2.4, "Plan Rows": 1, "Plan Width": 4, "Filter": "((info)::text = 'budget'::text)"}, {"Node Type": "Seq Scan", "Parent Relationship": "Inner", "Relation Name": "movie_info", "Alias": "mi", "Startup Cost": 0.0, "Total Cost": 296987.66, "Plan Rows": 14869966, "Plan Width": 50}]}]}]}, {"Node Type": "Materialize", "Parent Relationship": "Inner", "Startup Cost": 0.0, "Total Cost": 1.05, "Plan Rows": 2, "Plan Width": 4, "Plans": [{"Node Type": "Seq Scan", "Parent Relationship": "Outer", "Relation Name": "company_type", "Alias": "ct", "Startup Cost": 0.0, "Total Cost": 1.04, "Plan Rows": 2, "Plan Width": 4, "Filter": "((kind IS NOT NULL) AND (((kind)::text = 'production companies'::text) OR ((kind)::text = 'distributors'::text)))"}]}]}]}]}]}, "Unique SQL Id": 1682224415}, "explain_analyze_plan": null}, "(1, 27)": {"explain_plan": {"Plan": {"Node Type": "Aggregate", "Strategy": "Plain", "Startup Cost": 7998688012676.64, "Total Cost": 7998688012676.65, "Plan Rows": 1, "Plan Width": 123, "Plans": [{"Node Type": "Nested Loop", "Parent Relationship": "Outer", "Join Type": "Inner", "Startup Cost": 80000000000.0, "Total Cost": 7998688012676.62, "Plan Rows": 4, "Plan Width": 59, "Inner Unique": false, "Join Filter": "(mi_idx.movie_id = t.id)", "Plans": [{"Node Type": "Nested Loop", "Parent Relationship": "Outer", "Join Type": "Inner", "Startup Cost": 20000000000.0, "Total Cost": 2000004672156.88, "Plan Rows": 345008, "Plan Width": 4, "Inner Unique": true, "Join Filter": "(it2.id = mi_idx.info_type_id), (LLVM Optimized)", "Plans": [{"Node Type": "Index Scan", "Parent Relationship": "Outer", "Scan Direction": "Forward", "Index Name": "movie_id_movie_info_idx", "Relation Name": "movie_info_idx", "Alias": "mi_idx", "Startup Cost": 10000000000.0, "Total Cost": 1000004650035.37, "Plan Rows": 1380034, "Plan Width": 8}, {"Node Type": "Materialize", "Parent Relationship": "Inner", "Startup Cost": 10000000000.0, "Total Cost": 1000000001421.0, "Plan Rows": 1, "Plan Width": 4, "Plans": [{"Node Type": "Index Scan", "Parent Relationship": "Outer", "Scan Direction": "Forward", "Index Name": "info_type_pkey", "Relation Name": "info_type", "Alias": "it2", "Startup Cost": 10000000000.0, "Total Cost": 1000000001421.0, "Plan Rows": 1, "Plan Width": 4, "Filter": "((info)::text = 'bottom 10 rank'::text)"}]}]}, {"Node Type": "Materialize", "Parent Relationship": "Inner", "Startup Cost": 60000000000.0, "Total Cost": 5998682688454.94, "Plan Rows": 126, "Plan Width": 71, "Plans": [{"Node Type": "Nested Loop", "Parent Relationship": "Outer", "Join Type": "Inner", "Startup Cost": 60000000000.0, "Total Cost": 5998682688454.31, "Plan Rows": 126, "Plan Width": 71, "Inner Unique": true, "Join Filter": "(mc.company_id = cn.id)", "Plans": [{"Node Type": "Nested Loop", "Parent Relationship": "Outer", "Join Type": "Inner", "Startup Cost": 50000000000.0, "Total Cost": 4998681311049.62, "Plan Rows": 256, "Plan Width": 75, "Inner Unique": true, "Join Filter": "(mi.info_type_id = it1.id)", "Plans": [{"Node Type": "Nested Loop", "Parent Relationship": "Outer", "Join Type": "Inner", "Startup Cost": 40000000000.0, "Total Cost": 3998681309583.78, "Plan Rows": 2989, "Plan Width": 79, "Inner Unique": true, "Join Filter": "(mc.company_type_id = ct.id)", "Plans": [{"Node Type": "Merge Join", "Parent Relationship": "Outer", "Join Type": "Inner", "Startup Cost": 30000000000.0, "Total Cost": 2998681308263.11, "Plan Rows": 2989, "Plan Width": 83, "Inner Unique": false, "Merge Cond": "(t.id = mc.movie_id)", "Plans": [{"Node Type": "Merge Join", "Parent Relationship": "Outer", "Join Type": "Inner", "Startup Cost": 20000000000.0, "Total Cost": 2000116762389.8, "Plan Rows": 1367, "Plan Width": 71, "Inner Unique": true, "Merge Cond": "(mi.movie_id = t.id)", "Plans": [{"Node Type": "Index Scan", "Parent Relationship": "Outer", "Scan Direction": "Forward", "Index Name": "movie_id_movie_info", "Relation Name": "movie_info", "Alias": "mi", "Startup Cost": 10000000000.0, "Total Cost": 1000103816912.22, "Plan Rows": 14869966, "Plan Width": 50}, {"Node Type": "Materialize", "Parent Relationship": "Inner", "Startup Cost": 10000000000.0, "Total Cost": 1000012908282.81, "Plan Rows": 258, "Plan Width": 21, "Plans": [{"Node Type": "Index Scan", "Parent Relationship": "Outer", "Scan Direction": "Forward", "Index Name": "title_pkey", "Relation Name": "title", "Alias": "t", "Startup Cost": 10000000000.0, "Total Cost": 1000012908282.16, "Plan Rows": 258, "Plan Width": 21, "Filter": "((production_year > 2000) AND (((title)::text ~~ 'Birdemic%'::text) OR ((title)::text ~~ '%Movie%'::text)))"}]}]}, {"Node Type": "Index Scan", "Parent Relationship": "Inner", "Scan Direction": "Forward", "Index Name": "movie_id_movie_companies", "Relation Name": "movie_companies", "Alias": "mc", "Startup Cost": 10000000000.0, "Total Cost": 1000013051946.13, "Plan Rows": 2609128, "Plan Width": 12}]}, {"Node Type": "Materialize", "Parent Relationship": "Inner", "Startup Cost": 10000000000.0, "Total Cost": 1000000001231.01, "Plan Rows": 2, "Plan Width": 4, "Plans": [{"Node Type": "Index Scan", "Parent Relationship": "Outer", "Scan Direction": "Forward", "Index Name": "company_type_pkey", "Relation Name": "company_type", "Alias": "ct", "Startup Cost": 10000000000.0, "Total Cost": 1000000001231.0, "Plan Rows": 2, "Plan Width": 4, "Filter": "((kind IS NOT NULL) AND (((kind)::text = 'production companies'::text) OR ((kind)::text = 'distributors'::text)))"}]}]}, {"Node Type": "Materialize", "Parent Relationship": "Inner", "Startup Cost": 10000000000.0, "Total Cost": 1000000001421.0, "Plan Rows": 1, "Plan Width": 4, "Plans": [{"Node Type": "Index Scan", "Parent Relationship": "Outer", "Scan Direction": "Forward", "Index Name": "info_type_pkey", "Relation Name": "info_type", "Alias": "it1", "Startup Cost": 10000000000.0, "Total Cost": 1000000001421.0, "Plan Rows": 1, "Plan Width": 4, "Filter": "((info)::text = 'budget'::text)"}]}]}, {"Node Type": "Materialize", "Parent Relationship": "Inner", "Startup Cost": 10000000000.0, "Total Cost": 1000001050564.82, "Plan Rows": 85170, "Plan Width": 4, "Plans": [{"Node Type": "Index Scan", "Parent Relationship": "Outer", "Scan Direction": "Forward", "Index Name": "company_name_pkey", "Relation Name": "company_name", "Alias": "cn", "Startup Cost": 10000000000.0, "Total Cost": 1000001050138.97, "Plan Rows": 85170, "Plan Width": 4, "Filter": "((country_code)::text = '[us]'::text)"}]}]}]}]}]}, "Unique SQL Id": 1682224415}, "explain_analyze_plan": null}, "(1, 28)": {"explain_plan": {"Plan": {"Node Type": "Aggregate", "Strategy": "Plain", "Startup Cost": 81432.16, "Total Cost": 81432.17, "Plan Rows": 1, "Plan Width": 123, "Plans": [{"Node Type": "Nested Loop", "Parent Relationship": "Outer", "Join Type": "Inner", "Startup Cost": 0.0, "Total Cost": 81432.14, "Plan Rows": 4, "Plan Width": 59, "Inner Unique": true, "Plans": [{"Node Type": "Nested Loop", "Parent Relationship": "Outer", "Join Type": "Inner", "Startup Cost": 0.0, "Total Cost": 81431.0, "Plan Rows": 4, "Plan Width": 63, "Inner Unique": true, "Plans": [{"Node Type": "Nested Loop", "Parent Relationship": "Outer", "Join Type": "Inner", "Startup Cost": 0.0, "Total Cost": 81429.56, "Plan Rows": 5, "Plan Width": 67, "Inner Unique": false, "Join Filter": "(mi.info_type_id = it1.id)", "Plans": [{"Node Type": "Seq Scan", "Parent Relationship": "Outer", "Relation Name": "info_type", "Alias": "it1", "Startup Cost": 0.0, "Total Cost": 2.4, "Plan Rows": 1, "Plan Width": 4, "Filter": "((info)::text = 'budget'::text)"}, {"Node Type": "Nested Loop", "Parent Relationship": "Inner", "Join Type": "Inner", "Startup Cost": 0.0, "Total Cost": 81413.14, "Plan Rows": 1122, "Plan Width": 71, "Inner Unique": false, "Join Filter": "(t.id = mi.movie_id)", "Plans": [{"Node Type": "Nested Loop", "Parent Relationship": "Outer", "Join Type": "Inner", "Startup Cost": 0.0, "Total Cost": 81260.48, "Plan Rows": 210, "Plan Width": 37, "Inner Unique": false, "Join Filter": "(t.id = mc.movie_id)", "Plans": [{"Node Type": "Nested Loop", "Parent Relationship": "Outer", "Join Type": "Inner", "Startup Cost": 0.0, "Total Cost": 81139.71, "Plan Rows": 311, "Plan Width": 25, "Inner Unique": false, "Join Filter": "(mi_idx.info_type_id = it2.id)", "Plans": [{"Node Type": "Seq Scan", "Parent Relationship": "Outer", "Relation Name": "info_type", "Alias": "it2", "Startup Cost": 0.0, "Total Cost": 2.4, "Plan Rows": 1, "Plan Width": 4, "Filter": "((info)::text = 'bottom 10 rank'::text)"}, {"Node Type": "Nested Loop", "Parent Relationship": "Inner", "Join Type": "Inner", "Startup Cost": 0.0, "Total Cost": 81132.36, "Plan Rows": 396, "Plan Width": 29, "Inner Unique": false, "Plans": [{"Node Type": "Seq Scan", "Parent Relationship": "Outer", "Relation Name": "title", "Alias": "t", "Startup Cost": 0.0, "Total Cost": 79031.44, "Plan Rows": 258, "Plan Width": 21, "Filter": "((production_year > 2000) AND (((title)::text ~~ 'Birdemic%'::text) OR ((title)::text ~~ '%Movie%'::text)))"}, {"Node Type": "Index Scan", "Parent Relationship": "Inner", "Scan Direction": "Forward", "Index Name": "movie_id_movie_info_idx", "Relation Name": "movie_info_idx", "Alias": "mi_idx", "Startup Cost": 0.0, "Total Cost": 8.12, "Plan Rows": 2, "Plan Width": 8, "Index Cond": "(movie_id = t.id)"}]}]}, {"Node Type": "Index Scan", "Parent Relationship": "Inner", "Scan Direction": "Forward", "Index Name": "movie_id_movie_companies", "Relation Name": "movie_companies", "Alias": "mc", "Startup Cost": 0.0, "Total Cost": 0.36, "Plan Rows": 2, "Plan Width": 12, "Index Cond": "(movie_id = mi_idx.movie_id)"}]}, {"Node Type": "Index Scan", "Parent Relationship": "Inner", "Scan Direction": "Forward", "Index Name": "movie_id_movie_info", "Relation Name": "movie_info", "Alias": "mi", "Startup Cost": 0.0, "Total Cost": 0.66, "Plan Rows": 5, "Plan Width": 50, "Index Cond": "(movie_id = mc.movie_id)"}]}]}, {"Node Type": "Index Scan", "Parent Relationship": "Inner", "Scan Direction": "Forward", "Index Name": "company_name_pkey", "Relation Name": "company_name", "Alias": "cn", "Startup Cost": 0.0, "Total Cost": 0.28, "Plan Rows": 1, "Plan Width": 4, "Index Cond": "(id = mc.company_id)", "Filter": "((country_code)::text = '[us]'::text)"}]}, {"Node Type": "Index Scan", "Parent Relationship": "Inner", "Scan Direction": "Forward", "Index Name": "company_type_pkey", "Relation Name": "company_type", "Alias": "ct", "Startup Cost": 0.0, "Total Cost": 0.28, "Plan Rows": 1, "Plan Width": 4, "Index Cond": "(id = mc.company_type_id)", "Filter": "((kind IS NOT NULL) AND (((kind)::text = 'production companies'::text) OR ((kind)::text = 'distributors'::text)))"}]}]}, "Unique SQL Id": 1682224415}, "explain_analyze_plan": {"Plan": {"Node Type": "Aggregate", "Strategy": "Plain", "Startup Cost": 81432.16, "Total Cost": 81432.17, "Plan Rows": 1, "Plan Width": 123, "Actual Startup Time": 1371.266, "Actual Total Time": 1371.266, "Actual Rows": 1, "Actual Loops": 1, "Plans": [{"Node Type": "Nested Loop", "Parent Relationship": "Outer", "Join Type": "Inner", "Startup Cost": 0.0, "Total Cost": 81432.14, "Plan Rows": 4, "Plan Width": 59, "Actual Startup Time": 973.085, "Actual Total Time": 1371.203, "Actual Rows": 5, "Actual Loops": 1, "Inner Unique": true, "Plans": [{"Node Type": "Nested Loop", "Parent Relationship": "Outer", "Join Type": "Inner", "Startup Cost": 0.0, "Total Cost": 81431.0, "Plan Rows": 4, "Plan Width": 63, "Actual Startup Time": 972.828, "Actual Total Time": 1371.159, "Actual Rows": 10, "Actual Loops": 1, "Inner Unique": true, "Plans": [{"Node Type": "Nested Loop", "Parent Relationship": "Outer", "Join Type": "Inner", "Startup Cost": 0.0, "Total Cost": 81429.56, "Plan Rows": 5, "Plan Width": 67, "Actual Startup Time": 972.803, "Actual Total Time": 1370.929, "Actual Rows": 33, "Actual Loops": 1, "Inner Unique": false, "Join Filter": "(mi.info_type_id = it1.id)", "Rows Removed by Join Filter": 4926, "Plans": [{"Node Type": "Seq Scan", "Parent Relationship": "Outer", "Relation Name": "info_type", "Alias": "it1", "Startup Cost": 0.0, "Total Cost": 2.4, "Plan Rows": 1, "Plan Width": 4, "Actual Startup Time": 0.067, "Actual Total Time": 0.078, "Actual Rows": 1, "Actual Loops": 1, "Filter": "((info)::text = 'budget'::text)", "Rows Removed by Filter": 111}, {"Node Type": "Nested Loop", "Parent Relationship": "Inner", "Join Type": "Inner", "Startup Cost": 0.0, "Total Cost": 81413.14, "Plan Rows": 1122, "Plan Width": 71, "Actual Startup Time": 972.653, "Actual Total Time": 1369.917, "Actual Rows": 4959, "Actual Loops": 1, "Inner Unique": false, "Join Filter": "(t.id = mi.movie_id)", "Rows Removed by Join Filter": 0, "Plans": [{"Node Type": "Nested Loop", "Parent Relationship": "Outer", "Join Type": "Inner", "Startup Cost": 0.0, "Total Cost": 81260.48, "Plan Rows": 210, "Plan Width": 37, "Actual Startup Time": 972.576, "Actual Total Time": 1365.779, "Actual Rows": 33, "Actual Loops": 1, "Inner Unique": false, "Join Filter": "(t.id = mc.movie_id)", "Rows Removed by Join Filter": 0, "Plans": [{"Node Type": "Nested Loop", "Parent Relationship": "Outer", "Join Type": "Inner", "Startup Cost": 0.0, "Total Cost": 81139.71, "Plan Rows": 311, "Plan Width": 25, "Actual Startup Time": 972.451, "Actual Total Time": 1365.601, "Actual Rows": 2, "Actual Loops": 1, "Inner Unique": false, "Join Filter": "(mi_idx.info_type_id = it2.id)", "Rows Removed by Join Filter": 2643, "Plans": [{"Node Type": "Seq Scan", "Parent Relationship": "Outer", "Relation Name": "info_type", "Alias": "it2", "Startup Cost": 0.0, "Total Cost": 2.4, "Plan Rows": 1, "Plan Width": 4, "Actual Startup Time": 0.044, "Actual Total Time": 0.051, "Actual Rows": 1, "Actual Loops": 1, "Filter": "((info)::text = 'bottom 10 rank'::text)", "Rows Removed by Filter": 111}, {"Node Type": "Nested Loop", "Parent Relationship": "Inner", "Join Type": "Inner", "Startup Cost": 0.0, "Total Cost": 81132.36, "Plan Rows": 396, "Plan Width": 29, "Actual Startup Time": 13.969, "Actual Total Time": 1364.883, "Actual Rows": 2645, "Actual Loops": 1, "Inner Unique": false, "Plans": [{"Node Type": "Seq Scan", "Parent Relationship": "Outer", "Relation Name": "title", "Alias": "t", "Startup Cost": 0.0, "Total Cost": 79031.44, "Plan Rows": 258, "Plan Width": 21, "Actual Startup Time": 0.371, "Actual Total Time": 1349.84, "Actual Rows": 2536, "Actual Loops": 1, "Filter": "((production_year > 2000) AND (((title)::text ~~ 'Birdemic%'::text) OR ((title)::text ~~ '%Movie%'::text)))", "Rows Removed by Filter": 2525775}, {"Node Type": "Index Scan", "Parent Relationship": "Inner", "Scan Direction": "Forward", "Index Name": "movie_id_movie_info_idx", "Relation Name": "movie_info_idx", "Alias": "mi_idx", "Startup Cost": 0.0, "Total Cost": 8.12, "Plan Rows": 2, "Plan Width": 8, "Actual Startup Time": 11.624, "Actual Total Time": 12.638, "Actual Rows": 2645, "Actual Loops": 2536, "Index Cond": "(movie_id = t.id)", "Rows Removed by Index Recheck": 0}]}]}, {"Node Type": "Index Scan", "Parent Relationship": "Inner", "Scan Direction": "Forward", "Index Name": "movie_id_movie_companies", "Relation Name": "movie_companies", "Alias": "mc", "Startup Cost": 0.0, "Total Cost": 0.36, "Plan Rows": 2, "Plan Width": 12, "Actual Startup Time": 0.033, "Actual Total Time": 0.054, "Actual Rows": 33, "Actual Loops": 2, "Index Cond": "(movie_id = mi_idx.movie_id)", "Rows Removed by Index Recheck": 0}]}, {"Node Type": "Index Scan", "Parent Relationship": "Inner", "Scan Direction": "Forward", "Index Name": "movie_id_movie_info", "Relation Name": "movie_info", "Alias": "mi", "Startup Cost": 0.0, "Total Cost": 0.66, "Plan Rows": 5, "Plan Width": 50, "Actual Startup Time": 0.527, "Actual Total Time": 2.538, "Actual Rows": 4959, "Actual Loops": 33, "Index Cond": "(movie_id = mc.movie_id)", "Rows Removed by Index Recheck": 0}]}]}, {"Node Type": "Index Scan", "Parent Relationship": "Inner", "Scan Direction": "Forward", "Index Name": "company_name_pkey", "Relation Name": "company_name", "Alias": "cn", "Startup Cost": 0.0, "Total Cost": 0.28, "Plan Rows": 1, "Plan Width": 4, "Actual Startup Time": 0.2, "Actual Total Time": 0.2, "Actual Rows": 10, "Actual Loops": 33, "Index Cond": "(id = mc.company_id)", "Rows Removed by Index Recheck": 0, "Filter": "((country_code)::text = '[us]'::text)", "Rows Removed by Filter": 23}]}, {"Node Type": "Index Scan", "Parent Relationship": "Inner", "Scan Direction": "Forward", "Index Name": "company_type_pkey", "Relation Name": "company_type", "Alias": "ct", "Startup Cost": 0.0, "Total Cost": 0.28, "Plan Rows": 1, "Plan Width": 4, "Actual Startup Time": 0.026, "Actual Total Time": 0.026, "Actual Rows": 5, "Actual Loops": 10, "Index Cond": "(id = mc.company_type_id)", "Rows Removed by Index Recheck": 0, "Filter": "((kind IS NOT NULL) AND (((kind)::text = 'production companies'::text) OR ((kind)::text = 'distributors'::text)))", "Rows Removed by Filter": 0}]}]}, "Triggers": [], "Planner Runtime": 98.34, "Total Runtime": 1371.638, "Unique SQL Id": 1682224415}}, "(1, 29)": {"explain_plan": {"Plan": {"Node Type": "Aggregate", "Strategy": "Plain", "Startup Cost": 131508.15, "Total Cost": 131508.16, "Plan Rows": 1, "Plan Width": 123, "Plans": [{"Node Type": "Nested Loop", "Parent Relationship": "Outer", "Join Type": "Inner", "Startup Cost": 0.0, "Total Cost": 131508.13, "Plan Rows": 4, "Plan Width": 59, "Inner Unique": true, "Plans": [{"Node Type": "Nested Loop", "Parent Relationship": "Outer", "Join Type": "Inner", "Startup Cost": 0.0, "Total Cost": 131506.99, "Plan Rows": 4, "Plan Width": 63, "Inner Unique": true, "Plans": [{"Node Type": "Nested Loop", "Parent Relationship": "Outer", "Join Type": "Inner", "Startup Cost": 0.0, "Total Cost": 131505.55, "Plan Rows": 5, "Plan Width": 67, "Inner Unique": false, "Join Filter": "(mi.info_type_id = it1.id)", "Plans": [{"Node Type": "Index Scan", "Parent Relationship": "Outer", "Scan Direction": "Forward", "Index Name": "info_type_pkey", "Relation Name": "info_type", "Alias": "it1", "Startup Cost": 0.0, "Total Cost": 14.21, "Plan Rows": 1, "Plan Width": 4, "Filter": "((info)::text = 'budget'::text)"}, {"Node Type": "Nested Loop", "Parent Relationship": "Inner", "Join Type": "Inner", "Startup Cost": 0.0, "Total Cost": 131477.32, "Plan Rows": 1122, "Plan Width": 71, "Inner Unique": false, "Join Filter": "(t.id = mi.movie_id)", "Plans": [{"Node Type": "Nested Loop", "Parent Relationship": "Outer", "Join Type": "Inner", "Startup Cost": 0.0, "Total Cost": 131324.66, "Plan Rows": 210, "Plan Width": 37, "Inner Unique": false, "Join Filter": "(t.id = mc.movie_id)", "Plans": [{"Node Type": "Nested Loop", "Parent Relationship": "Outer", "Join Type": "Inner", "Startup Cost": 0.0, "Total Cost": 131203.89, "Plan Rows": 311, "Plan Width": 25, "Inner Unique": true, "Join Filter": "(mi_idx.info_type_id = it2.id)", "Plans": [{"Node Type": "Nested Loop", "Parent Relationship": "Outer", "Join Type": "Inner", "Startup Cost": 0.0, "Total Cost": 131183.74, "Plan Rows": 396, "Plan Width": 29, "Inner Unique": false, "Plans": [{"Node Type": "Index Scan", "Parent Relationship": "Outer", "Scan Direction": "Forward", "Index Name": "title_pkey", "Relation Name": "title", "Alias": "t", "Startup Cost": 0.0, "Total Cost": 129082.82, "Plan Rows": 258, "Plan Width": 21, "Filter": "((production_year > 2000) AND (((title)::text ~~ 'Birdemic%'::text) OR ((title)::text ~~ '%Movie%'::text)))"}, {"Node Type": "Index Scan", "Parent Relationship": "Inner", "Scan Direction": "Forward", "Index Name": "movie_id_movie_info_idx", "Relation Name": "movie_info_idx", "Alias": "mi_idx", "Startup Cost": 0.0, "Total Cost": 8.12, "Plan Rows": 2, "Plan Width": 8, "Index Cond": "(movie_id = t.id)"}]}, {"Node Type": "Materialize", "Parent Relationship": "Inner", "Startup Cost": 0.0, "Total Cost": 14.22, "Plan Rows": 1, "Plan Width": 4, "Plans": [{"Node Type": "Index Scan", "Parent Relationship": "Outer", "Scan Direction": "Forward", "Index Name": "info_type_pkey", "Relation Name": "info_type", "Alias": "it2", "Startup Cost": 0.0, "Total Cost": 14.21, "Plan Rows": 1, "Plan Width": 4, "Filter": "((info)::text = 'bottom 10 rank'::text)"}]}]}, {"Node Type": "Index Scan", "Parent Relationship": "Inner", "Scan Direction": "Forward", "Index Name": "movie_id_movie_companies", "Relation Name": "movie_companies", "Alias": "mc", "Startup Cost": 0.0, "Total Cost": 0.36, "Plan Rows": 2, "Plan Width": 12, "Index Cond": "(movie_id = mi_idx.movie_id)"}]}, {"Node Type": "Index Scan", "Parent Relationship": "Inner", "Scan Direction": "Forward", "Index Name": "movie_id_movie_info", "Relation Name": "movie_info", "Alias": "mi", "Startup Cost": 0.0, "Total Cost": 0.66, "Plan Rows": 5, "Plan Width": 50, "Index Cond": "(movie_id = mc.movie_id)"}]}]}, {"Node Type": "Index Scan", "Parent Relationship": "Inner", "Scan Direction": "Forward", "Index Name": "company_name_pkey", "Relation Name": "company_name", "Alias": "cn", "Startup Cost": 0.0, "Total Cost": 0.28, "Plan Rows": 1, "Plan Width": 4, "Index Cond": "(id = mc.company_id)", "Filter": "((country_code)::text = '[us]'::text)"}]}, {"Node Type": "Index Scan", "Parent Relationship": "Inner", "Scan Direction": "Forward", "Index Name": "company_type_pkey", "Relation Name": "company_type", "Alias": "ct", "Startup Cost": 0.0, "Total Cost": 0.28, "Plan Rows": 1, "Plan Width": 4, "Index Cond": "(id = mc.company_type_id)", "Filter": "((kind IS NOT NULL) AND (((kind)::text = 'production companies'::text) OR ((kind)::text = 'distributors'::text)))"}]}]}, "Unique SQL Id": 1682224415}, "explain_analyze_plan": null}, "(1, 30)": {"explain_plan": {"Plan": {"Node Type": "Aggregate", "Strategy": "Plain", "Startup Cost": 1000526.19, "Total Cost": 1000526.2, "Plan Rows": 1, "Plan Width": 123, "Plans": [{"Node Type": "Nested Loop", "Parent Relationship": "Outer", "Join Type": "Inner", "Startup Cost": 969851.05, "Total Cost": 1000526.17, "Plan Rows": 4, "Plan Width": 59, "Inner Unique": false, "Join Filter": "(mc.company_id = cn.id)", "Plans": [{"Node Type": "Seq Scan", "Parent Relationship": "Outer", "Relation Name": "company_name", "Alias": "cn", "Startup Cost": 0.0, "Total Cost": 5903.45, "Plan Rows": 85170, "Plan Width": 4, "Filter": "((country_code)::text = '[us]'::text)"}, {"Node Type": "Materialize", "Parent Relationship": "Inner", "Startup Cost": 969851.05, "Total Cost": 985679.89, "Plan Rows": 7, "Plan Width": 63, "Plans": [{"Node Type": "Nested Loop", "Parent Relationship": "Outer", "Join Type": "Inner", "Startup Cost": 969851.05, "Total Cost": 985679.85, "Plan Rows": 7, "Plan Width": 63, "Inner Unique": true, "Join Filter": "(mc.company_type_id = ct.id)", "Plans": [{"Node Type": "Merge Join", "Parent Relationship": "Outer", "Join Type": "Inner", "Startup Cost": 969851.05, "Total Cost": 985677.27, "Plan Rows": 51, "Plan Width": 67, "Inner Unique": false, "Merge Cond": "(t.id = mi.movie_id)", "Plans": [{"Node Type": "Merge Join", "Parent Relationship": "Outer", "Join Type": "Inner", "Startup Cost": 468190.13, "Total Cost": 482951.51, "Plan Rows": 210, "Plan Width": 37, "Inner Unique": false, "Merge Cond": "(t.id = mi_idx.movie_id)", "Plans": [{"Node Type": "Merge Join", "Parent Relationship": "Outer", "Join Type": "Inner", "Startup Cost": 398928.65, "Total Cost": 411981.03, "Plan Rows": 545, "Plan Width": 33, "Inner Unique": false, "Merge Cond": "(t.id = mc.movie_id)", "Plans": [{"Node Type": "Sort", "Parent Relationship": "Outer", "Startup Cost": 79041.78, "Total Cost": 79042.42, "Plan Rows": 258, "Plan Width": 21, "Sort Key": ["t.id"], "Plans": [{"Node Type": "Seq Scan", "Parent Relationship": "Outer", "Relation Name": "title", "Alias": "t", "Startup Cost": 0.0, "Total Cost": 79031.44, "Plan Rows": 258, "Plan Width": 21, "Filter": "((production_year > 2000) AND (((title)::text ~~ 'Birdemic%'::text) OR ((title)::text ~~ '%Movie%'::text)))"}]}, {"Node Type": "Sort", "Parent Relationship": "Inner", "Startup Cost": 319886.87, "Total Cost": 326409.69, "Plan Rows": 2609128, "Plan Width": 12, "Sort Key": ["mc.movie_id"], "Plans": [{"Node Type": "Seq Scan", "Parent Relationship": "Outer", "Relation Name": "movie_companies", "Alias": "mc", "Startup Cost": 0.0, "Total Cost": 41817.28, "Plan Rows": 2609128, "Plan Width": 12}]}]}, {"Node Type": "Sort", "Parent Relationship": "Inner", "Startup Cost": 69261.47, "Total Cost": 70123.99, "Plan Rows": 345008, "Plan Width": 4, "Sort Key": ["mi_idx.movie_id"], "Plans": [{"Node Type": "Nested Loop", "Parent Relationship": "Outer", "Join Type": "Inner", "Startup Cost": 0.0, "Total Cost": 37527.17, "Plan Rows": 345008, "Plan Width": 4, "Inner Unique": false, "Join Filter": "(it2.id = mi_idx.info_type_id), (LLVM Optimized)", "Plans": [{"Node Type": "Seq Scan", "Parent Relationship": "Outer", "Relation Name": "info_type", "Alias": "it2", "Startup Cost": 0.0, "Total Cost": 2.4, "Plan Rows": 1, "Plan Width": 4, "Filter": "((info)::text = 'bottom 10 rank'::text)"}, {"Node Type": "Seq Scan", "Parent Relationship": "Inner", "Relation Name": "movie_info_idx", "Alias": "mi_idx", "Startup Cost": 0.0, "Total Cost": 20274.34, "Plan Rows": 1380034, "Plan Width": 8}]}]}]}, {"Node Type": "Sort", "Parent Relationship": "Inner", "Startup Cost": 501660.92, "Total Cost": 502191.99, "Plan Rows": 212428, "Plan Width": 46, "Sort Key": ["mi.movie_id"], "Plans": [{"Node Type": "Nested Loop", "Parent Relationship": "Outer", "Join Type": "Inner", "Startup Cost": 0.0, "Total Cost": 482864.64, "Plan Rows": 212428, "Plan Width": 46, "Inner Unique": false, "Join Filter": "(it1.id = mi.info_type_id), (LLVM Optimized)", "Plans": [{"Node Type": "Seq Scan", "Parent Relationship": "Outer", "Relation Name": "info_type", "Alias": "it1", "Startup Cost": 0.0, "Total Cost": 2.4, "Plan Rows": 1, "Plan Width": 4, "Filter": "((info)::text = 'budget'::text)"}, {"Node Type": "Seq Scan", "Parent Relationship": "Inner", "Relation Name": "movie_info", "Alias": "mi", "Startup Cost": 0.0, "Total Cost": 296987.66, "Plan Rows": 14869966, "Plan Width": 50}]}]}]}, {"Node Type": "Materialize", "Parent Relationship": "Inner", "Startup Cost": 0.0, "Total Cost": 1.05, "Plan Rows": 2, "Plan Width": 4, "Plans": [{"Node Type": "Seq Scan", "Parent Relationship": "Outer", "Relation Name": "company_type", "Alias": "ct", "Startup Cost": 0.0, "Total Cost": 1.04, "Plan Rows": 2, "Plan Width": 4, "Filter": "((kind IS NOT NULL) AND (((kind)::text = 'production companies'::text) OR ((kind)::text = 'distributors'::text)))"}]}]}]}]}]}, "Unique SQL Id": 1682224415}, "explain_analyze_plan": null}, "(1, 31)": {"explain_plan": {"Plan": {"Node Type": "Aggregate", "Strategy": "Plain", "Startup Cost": 7998688012676.64, "Total Cost": 7998688012676.65, "Plan Rows": 1, "Plan Width": 123, "Plans": [{"Node Type": "Nested Loop", "Parent Relationship": "Outer", "Join Type": "Inner", "Startup Cost": 80000000000.0, "Total Cost": 7998688012676.62, "Plan Rows": 4, "Plan Width": 59, "Inner Unique": false, "Join Filter": "(mi_idx.movie_id = t.id)", "Plans": [{"Node Type": "Nested Loop", "Parent Relationship": "Outer", "Join Type": "Inner", "Startup Cost": 20000000000.0, "Total Cost": 2000004672156.88, "Plan Rows": 345008, "Plan Width": 4, "Inner Unique": true, "Join Filter": "(it2.id = mi_idx.info_type_id), (LLVM Optimized)", "Plans": [{"Node Type": "Index Scan", "Parent Relationship": "Outer", "Scan Direction": "Forward", "Index Name": "movie_id_movie_info_idx", "Relation Name": "movie_info_idx", "Alias": "mi_idx", "Startup Cost": 10000000000.0, "Total Cost": 1000004650035.37, "Plan Rows": 1380034, "Plan Width": 8}, {"Node Type": "Materialize", "Parent Relationship": "Inner", "Startup Cost": 10000000000.0, "Total Cost": 1000000001421.0, "Plan Rows": 1, "Plan Width": 4, "Plans": [{"Node Type": "Index Scan", "Parent Relationship": "Outer", "Scan Direction": "Forward", "Index Name": "info_type_pkey", "Relation Name": "info_type", "Alias": "it2", "Startup Cost": 10000000000.0, "Total Cost": 1000000001421.0, "Plan Rows": 1, "Plan Width": 4, "Filter": "((info)::text = 'bottom 10 rank'::text)"}]}]}, {"Node Type": "Materialize", "Parent Relationship": "Inner", "Startup Cost": 60000000000.0, "Total Cost": 5998682688454.94, "Plan Rows": 126, "Plan Width": 71, "Plans": [{"Node Type": "Nested Loop", "Parent Relationship": "Outer", "Join Type": "Inner", "Startup Cost": 60000000000.0, "Total Cost": 5998682688454.31, "Plan Rows": 126, "Plan Width": 71, "Inner Unique": true, "Join Filter": "(mc.company_id = cn.id)", "Plans": [{"Node Type": "Nested Loop", "Parent Relationship": "Outer", "Join Type": "Inner", "Startup Cost": 50000000000.0, "Total Cost": 4998681311049.62, "Plan Rows": 256, "Plan Width": 75, "Inner Unique": true, "Join Filter": "(mi.info_type_id = it1.id)", "Plans": [{"Node Type": "Nested Loop", "Parent Relationship": "Outer", "Join Type": "Inner", "Startup Cost": 40000000000.0, "Total Cost": 3998681309583.78, "Plan Rows": 2989, "Plan Width": 79, "Inner Unique": true, "Join Filter": "(mc.company_type_id = ct.id)", "Plans": [{"Node Type": "Merge Join", "Parent Relationship": "Outer", "Join Type": "Inner", "Startup Cost": 30000000000.0, "Total Cost": 2998681308263.11, "Plan Rows": 2989, "Plan Width": 83, "Inner Unique": false, "Merge Cond": "(t.id = mc.movie_id)", "Plans": [{"Node Type": "Merge Join", "Parent Relationship": "Outer", "Join Type": "Inner", "Startup Cost": 20000000000.0, "Total Cost": 2000116762389.8, "Plan Rows": 1367, "Plan Width": 71, "Inner Unique": true, "Merge Cond": "(mi.movie_id = t.id)", "Plans": [{"Node Type": "Index Scan", "Parent Relationship": "Outer", "Scan Direction": "Forward", "Index Name": "movie_id_movie_info", "Relation Name": "movie_info", "Alias": "mi", "Startup Cost": 10000000000.0, "Total Cost": 1000103816912.22, "Plan Rows": 14869966, "Plan Width": 50}, {"Node Type": "Materialize", "Parent Relationship": "Inner", "Startup Cost": 10000000000.0, "Total Cost": 1000012908282.81, "Plan Rows": 258, "Plan Width": 21, "Plans": [{"Node Type": "Index Scan", "Parent Relationship": "Outer", "Scan Direction": "Forward", "Index Name": "title_pkey", "Relation Name": "title", "Alias": "t", "Startup Cost": 10000000000.0, "Total Cost": 1000012908282.16, "Plan Rows": 258, "Plan Width": 21, "Filter": "((production_year > 2000) AND (((title)::text ~~ 'Birdemic%'::text) OR ((title)::text ~~ '%Movie%'::text)))"}]}]}, {"Node Type": "Index Scan", "Parent Relationship": "Inner", "Scan Direction": "Forward", "Index Name": "movie_id_movie_companies", "Relation Name": "movie_companies", "Alias": "mc", "Startup Cost": 10000000000.0, "Total Cost": 1000013051946.13, "Plan Rows": 2609128, "Plan Width": 12}]}, {"Node Type": "Materialize", "Parent Relationship": "Inner", "Startup Cost": 10000000000.0, "Total Cost": 1000000001231.01, "Plan Rows": 2, "Plan Width": 4, "Plans": [{"Node Type": "Index Scan", "Parent Relationship": "Outer", "Scan Direction": "Forward", "Index Name": "company_type_pkey", "Relation Name": "company_type", "Alias": "ct", "Startup Cost": 10000000000.0, "Total Cost": 1000000001231.0, "Plan Rows": 2, "Plan Width": 4, "Filter": "((kind IS NOT NULL) AND (((kind)::text = 'production companies'::text) OR ((kind)::text = 'distributors'::text)))"}]}]}, {"Node Type": "Materialize", "Parent Relationship": "Inner", "Startup Cost": 10000000000.0, "Total Cost": 1000000001421.0, "Plan Rows": 1, "Plan Width": 4, "Plans": [{"Node Type": "Index Scan", "Parent Relationship": "Outer", "Scan Direction": "Forward", "Index Name": "info_type_pkey", "Relation Name": "info_type", "Alias": "it1", "Startup Cost": 10000000000.0, "Total Cost": 1000000001421.0, "Plan Rows": 1, "Plan Width": 4, "Filter": "((info)::text = 'budget'::text)"}]}]}, {"Node Type": "Materialize", "Parent Relationship": "Inner", "Startup Cost": 10000000000.0, "Total Cost": 1000001050564.82, "Plan Rows": 85170, "Plan Width": 4, "Plans": [{"Node Type": "Index Scan", "Parent Relationship": "Outer", "Scan Direction": "Forward", "Index Name": "company_name_pkey", "Relation Name": "company_name", "Alias": "cn", "Startup Cost": 10000000000.0, "Total Cost": 1000001050138.97, "Plan Rows": 85170, "Plan Width": 4, "Filter": "((country_code)::text = '[us]'::text)"}]}]}]}]}]}, "Unique SQL Id": 1682224415}, "explain_analyze_plan": null}, "(1, 32)": {"explain_plan": {"Plan": {"Node Type": "Aggregate", "Strategy": "Plain", "Startup Cost": 81432.16, "Total Cost": 81432.17, "Plan Rows": 1, "Plan Width": 123, "Plans": [{"Node Type": "Nested Loop", "Parent Relationship": "Outer", "Join Type": "Inner", "Startup Cost": 0.0, "Total Cost": 81432.14, "Plan Rows": 4, "Plan Width": 59, "Inner Unique": true, "Plans": [{"Node Type": "Nested Loop", "Parent Relationship": "Outer", "Join Type": "Inner", "Startup Cost": 0.0, "Total Cost": 81431.0, "Plan Rows": 4, "Plan Width": 63, "Inner Unique": true, "Plans": [{"Node Type": "Nested Loop", "Parent Relationship": "Outer", "Join Type": "Inner", "Startup Cost": 0.0, "Total Cost": 81429.56, "Plan Rows": 5, "Plan Width": 67, "Inner Unique": false, "Join Filter": "(mi.info_type_id = it1.id)", "Plans": [{"Node Type": "Seq Scan", "Parent Relationship": "Outer", "Relation Name": "info_type", "Alias": "it1", "Startup Cost": 0.0, "Total Cost": 2.4, "Plan Rows": 1, "Plan Width": 4, "Filter": "((info)::text = 'budget'::text)"}, {"Node Type": "Nested Loop", "Parent Relationship": "Inner", "Join Type": "Inner", "Startup Cost": 0.0, "Total Cost": 81413.14, "Plan Rows": 1122, "Plan Width": 71, "Inner Unique": false, "Join Filter": "(t.id = mi.movie_id)", "Plans": [{"Node Type": "Nested Loop", "Parent Relationship": "Outer", "Join Type": "Inner", "Startup Cost": 0.0, "Total Cost": 81260.48, "Plan Rows": 210, "Plan Width": 37, "Inner Unique": false, "Join Filter": "(t.id = mc.movie_id)", "Plans": [{"Node Type": "Nested Loop", "Parent Relationship": "Outer", "Join Type": "Inner", "Startup Cost": 0.0, "Total Cost": 81139.71, "Plan Rows": 311, "Plan Width": 25, "Inner Unique": false, "Join Filter": "(mi_idx.info_type_id = it2.id)", "Plans": [{"Node Type": "Seq Scan", "Parent Relationship": "Outer", "Relation Name": "info_type", "Alias": "it2", "Startup Cost": 0.0, "Total Cost": 2.4, "Plan Rows": 1, "Plan Width": 4, "Filter": "((info)::text = 'bottom 10 rank'::text)"}, {"Node Type": "Nested Loop", "Parent Relationship": "Inner", "Join Type": "Inner", "Startup Cost": 0.0, "Total Cost": 81132.36, "Plan Rows": 396, "Plan Width": 29, "Inner Unique": false, "Plans": [{"Node Type": "Seq Scan", "Parent Relationship": "Outer", "Relation Name": "title", "Alias": "t", "Startup Cost": 0.0, "Total Cost": 79031.44, "Plan Rows": 258, "Plan Width": 21, "Filter": "((production_year > 2000) AND (((title)::text ~~ 'Birdemic%'::text) OR ((title)::text ~~ '%Movie%'::text)))"}, {"Node Type": "Index Scan", "Parent Relationship": "Inner", "Scan Direction": "Forward", "Index Name": "movie_id_movie_info_idx", "Relation Name": "movie_info_idx", "Alias": "mi_idx", "Startup Cost": 0.0, "Total Cost": 8.12, "Plan Rows": 2, "Plan Width": 8, "Index Cond": "(movie_id = t.id)"}]}]}, {"Node Type": "Index Scan", "Parent Relationship": "Inner", "Scan Direction": "Forward", "Index Name": "movie_id_movie_companies", "Relation Name": "movie_companies", "Alias": "mc", "Startup Cost": 0.0, "Total Cost": 0.36, "Plan Rows": 2, "Plan Width": 12, "Index Cond": "(movie_id = mi_idx.movie_id)"}]}, {"Node Type": "Index Scan", "Parent Relationship": "Inner", "Scan Direction": "Forward", "Index Name": "movie_id_movie_info", "Relation Name": "movie_info", "Alias": "mi", "Startup Cost": 0.0, "Total Cost": 0.66, "Plan Rows": 5, "Plan Width": 50, "Index Cond": "(movie_id = mc.movie_id)"}]}]}, {"Node Type": "Index Scan", "Parent Relationship": "Inner", "Scan Direction": "Forward", "Index Name": "company_name_pkey", "Relation Name": "company_name", "Alias": "cn", "Startup Cost": 0.0, "Total Cost": 0.28, "Plan Rows": 1, "Plan Width": 4, "Index Cond": "(id = mc.company_id)", "Filter": "((country_code)::text = '[us]'::text)"}]}, {"Node Type": "Index Scan", "Parent Relationship": "Inner", "Scan Direction": "Forward", "Index Name": "company_type_pkey", "Relation Name": "company_type", "Alias": "ct", "Startup Cost": 0.0, "Total Cost": 0.28, "Plan Rows": 1, "Plan Width": 4, "Index Cond": "(id = mc.company_type_id)", "Filter": "((kind IS NOT NULL) AND (((kind)::text = 'production companies'::text) OR ((kind)::text = 'distributors'::text)))"}]}]}, "Unique SQL Id": 1682224415}, "explain_analyze_plan": {"Plan": {"Node Type": "Aggregate", "Strategy": "Plain", "Startup Cost": 81432.16, "Total Cost": 81432.17, "Plan Rows": 1, "Plan Width": 123, "Actual Startup Time": 1371.266, "Actual Total Time": 1371.266, "Actual Rows": 1, "Actual Loops": 1, "Plans": [{"Node Type": "Nested Loop", "Parent Relationship": "Outer", "Join Type": "Inner", "Startup Cost": 0.0, "Total Cost": 81432.14, "Plan Rows": 4, "Plan Width": 59, "Actual Startup Time": 973.085, "Actual Total Time": 1371.203, "Actual Rows": 5, "Actual Loops": 1, "Inner Unique": true, "Plans": [{"Node Type": "Nested Loop", "Parent Relationship": "Outer", "Join Type": "Inner", "Startup Cost": 0.0, "Total Cost": 81431.0, "Plan Rows": 4, "Plan Width": 63, "Actual Startup Time": 972.828, "Actual Total Time": 1371.159, "Actual Rows": 10, "Actual Loops": 1, "Inner Unique": true, "Plans": [{"Node Type": "Nested Loop", "Parent Relationship": "Outer", "Join Type": "Inner", "Startup Cost": 0.0, "Total Cost": 81429.56, "Plan Rows": 5, "Plan Width": 67, "Actual Startup Time": 972.803, "Actual Total Time": 1370.929, "Actual Rows": 33, "Actual Loops": 1, "Inner Unique": false, "Join Filter": "(mi.info_type_id = it1.id)", "Rows Removed by Join Filter": 4926, "Plans": [{"Node Type": "Seq Scan", "Parent Relationship": "Outer", "Relation Name": "info_type", "Alias": "it1", "Startup Cost": 0.0, "Total Cost": 2.4, "Plan Rows": 1, "Plan Width": 4, "Actual Startup Time": 0.067, "Actual Total Time": 0.078, "Actual Rows": 1, "Actual Loops": 1, "Filter": "((info)::text = 'budget'::text)", "Rows Removed by Filter": 111}, {"Node Type": "Nested Loop", "Parent Relationship": "Inner", "Join Type": "Inner", "Startup Cost": 0.0, "Total Cost": 81413.14, "Plan Rows": 1122, "Plan Width": 71, "Actual Startup Time": 972.653, "Actual Total Time": 1369.917, "Actual Rows": 4959, "Actual Loops": 1, "Inner Unique": false, "Join Filter": "(t.id = mi.movie_id)", "Rows Removed by Join Filter": 0, "Plans": [{"Node Type": "Nested Loop", "Parent Relationship": "Outer", "Join Type": "Inner", "Startup Cost": 0.0, "Total Cost": 81260.48, "Plan Rows": 210, "Plan Width": 37, "Actual Startup Time": 972.576, "Actual Total Time": 1365.779, "Actual Rows": 33, "Actual Loops": 1, "Inner Unique": false, "Join Filter": "(t.id = mc.movie_id)", "Rows Removed by Join Filter": 0, "Plans": [{"Node Type": "Nested Loop", "Parent Relationship": "Outer", "Join Type": "Inner", "Startup Cost": 0.0, "Total Cost": 81139.71, "Plan Rows": 311, "Plan Width": 25, "Actual Startup Time": 972.451, "Actual Total Time": 1365.601, "Actual Rows": 2, "Actual Loops": 1, "Inner Unique": false, "Join Filter": "(mi_idx.info_type_id = it2.id)", "Rows Removed by Join Filter": 2643, "Plans": [{"Node Type": "Seq Scan", "Parent Relationship": "Outer", "Relation Name": "info_type", "Alias": "it2", "Startup Cost": 0.0, "Total Cost": 2.4, "Plan Rows": 1, "Plan Width": 4, "Actual Startup Time": 0.044, "Actual Total Time": 0.051, "Actual Rows": 1, "Actual Loops": 1, "Filter": "((info)::text = 'bottom 10 rank'::text)", "Rows Removed by Filter": 111}, {"Node Type": "Nested Loop", "Parent Relationship": "Inner", "Join Type": "Inner", "Startup Cost": 0.0, "Total Cost": 81132.36, "Plan Rows": 396, "Plan Width": 29, "Actual Startup Time": 13.969, "Actual Total Time": 1364.883, "Actual Rows": 2645, "Actual Loops": 1, "Inner Unique": false, "Plans": [{"Node Type": "Seq Scan", "Parent Relationship": "Outer", "Relation Name": "title", "Alias": "t", "Startup Cost": 0.0, "Total Cost": 79031.44, "Plan Rows": 258, "Plan Width": 21, "Actual Startup Time": 0.371, "Actual Total Time": 1349.84, "Actual Rows": 2536, "Actual Loops": 1, "Filter": "((production_year > 2000) AND (((title)::text ~~ 'Birdemic%'::text) OR ((title)::text ~~ '%Movie%'::text)))", "Rows Removed by Filter": 2525775}, {"Node Type": "Index Scan", "Parent Relationship": "Inner", "Scan Direction": "Forward", "Index Name": "movie_id_movie_info_idx", "Relation Name": "movie_info_idx", "Alias": "mi_idx", "Startup Cost": 0.0, "Total Cost": 8.12, "Plan Rows": 2, "Plan Width": 8, "Actual Startup Time": 11.624, "Actual Total Time": 12.638, "Actual Rows": 2645, "Actual Loops": 2536, "Index Cond": "(movie_id = t.id)", "Rows Removed by Index Recheck": 0}]}]}, {"Node Type": "Index Scan", "Parent Relationship": "Inner", "Scan Direction": "Forward", "Index Name": "movie_id_movie_companies", "Relation Name": "movie_companies", "Alias": "mc", "Startup Cost": 0.0, "Total Cost": 0.36, "Plan Rows": 2, "Plan Width": 12, "Actual Startup Time": 0.033, "Actual Total Time": 0.054, "Actual Rows": 33, "Actual Loops": 2, "Index Cond": "(movie_id = mi_idx.movie_id)", "Rows Removed by Index Recheck": 0}]}, {"Node Type": "Index Scan", "Parent Relationship": "Inner", "Scan Direction": "Forward", "Index Name": "movie_id_movie_info", "Relation Name": "movie_info", "Alias": "mi", "Startup Cost": 0.0, "Total Cost": 0.66, "Plan Rows": 5, "Plan Width": 50, "Actual Startup Time": 0.527, "Actual Total Time": 2.538, "Actual Rows": 4959, "Actual Loops": 33, "Index Cond": "(movie_id = mc.movie_id)", "Rows Removed by Index Recheck": 0}]}]}, {"Node Type": "Index Scan", "Parent Relationship": "Inner", "Scan Direction": "Forward", "Index Name": "company_name_pkey", "Relation Name": "company_name", "Alias": "cn", "Startup Cost": 0.0, "Total Cost": 0.28, "Plan Rows": 1, "Plan Width": 4, "Actual Startup Time": 0.2, "Actual Total Time": 0.2, "Actual Rows": 10, "Actual Loops": 33, "Index Cond": "(id = mc.company_id)", "Rows Removed by Index Recheck": 0, "Filter": "((country_code)::text = '[us]'::text)", "Rows Removed by Filter": 23}]}, {"Node Type": "Index Scan", "Parent Relationship": "Inner", "Scan Direction": "Forward", "Index Name": "company_type_pkey", "Relation Name": "company_type", "Alias": "ct", "Startup Cost": 0.0, "Total Cost": 0.28, "Plan Rows": 1, "Plan Width": 4, "Actual Startup Time": 0.026, "Actual Total Time": 0.026, "Actual Rows": 5, "Actual Loops": 10, "Index Cond": "(id = mc.company_type_id)", "Rows Removed by Index Recheck": 0, "Filter": "((kind IS NOT NULL) AND (((kind)::text = 'production companies'::text) OR ((kind)::text = 'distributors'::text)))", "Rows Removed by Filter": 0}]}]}, "Triggers": [], "Planner Runtime": 98.34, "Total Runtime": 1371.638, "Unique SQL Id": 1682224415}}, "(1, 33)": {"explain_plan": {"Plan": {"Node Type": "Aggregate", "Strategy": "Plain", "Startup Cost": 131520.91, "Total Cost": 131520.92, "Plan Rows": 1, "Plan Width": 123, "Plans": [{"Node Type": "Nested Loop", "Parent Relationship": "Outer", "Join Type": "Inner", "Startup Cost": 0.0, "Total Cost": 131520.67, "Plan Rows": 48, "Plan Width": 59, "Inner Unique": true, "Plans": [{"Node Type": "Nested Loop", "Parent Relationship": "Outer", "Join Type": "Inner", "Startup Cost": 0.0, "Total Cost": 131506.99, "Plan Rows": 48, "Plan Width": 63, "Inner Unique": true, "Plans": [{"Node Type": "Nested Loop", "Parent Relationship": "Outer", "Join Type": "Inner", "Startup Cost": 0.0, "Total Cost": 131505.55, "Plan Rows": 5, "Plan Width": 67, "Inner Unique": false, "Join Filter": "(mi.info_type_id = it1.id)", "Plans": [{"Node Type": "Index Scan", "Parent Relationship": "Outer", "Scan Direction": "Forward", "Index Name": "info_type_pkey", "Relation Name": "info_type", "Alias": "it1", "Startup Cost": 0.0, "Total Cost": 14.21, "Plan Rows": 1, "Plan Width": 4, "Filter": "((info)::text = 'budget'::text)"}, {"Node Type": "Nested Loop", "Parent Relationship": "Inner", "Join Type": "Inner", "Startup Cost": 0.0, "Total Cost": 131477.32, "Plan Rows": 1122, "Plan Width": 71, "Inner Unique": false, "Join Filter": "(t.id = mi.movie_id)", "Plans": [{"Node Type": "Nested Loop", "Parent Relationship": "Outer", "Join Type": "Inner", "Startup Cost": 0.0, "Total Cost": 131324.66, "Plan Rows": 210, "Plan Width": 37, "Inner Unique": false, "Join Filter": "(t.id = mc.movie_id)", "Plans": [{"Node Type": "Nested Loop", "Parent Relationship": "Outer", "Join Type": "Inner", "Startup Cost": 0.0, "Total Cost": 131203.89, "Plan Rows": 311, "Plan Width": 25, "Inner Unique": true, "Join Filter": "(mi_idx.info_type_id = it2.id)", "Plans": [{"Node Type": "Nested Loop", "Parent Relationship": "Outer", "Join Type": "Inner", "Startup Cost": 0.0, "Total Cost": 131183.74, "Plan Rows": 396, "Plan Width": 29, "Inner Unique": false, "Plans": [{"Node Type": "Index Scan", "Parent Relationship": "Outer", "Scan Direction": "Forward", "Index Name": "title_pkey", "Relation Name": "title", "Alias": "t", "Startup Cost": 0.0, "Total Cost": 129082.82, "Plan Rows": 258, "Plan Width": 21, "Filter": "((production_year > 2000) AND (((title)::text ~~ 'Birdemic%'::text) OR ((title)::text ~~ '%Movie%'::text)))"}, {"Node Type": "Index Scan", "Parent Relationship": "Inner", "Scan Direction": "Forward", "Index Name": "movie_id_movie_info_idx", "Relation Name": "movie_info_idx", "Alias": "mi_idx", "Startup Cost": 0.0, "Total Cost": 8.12, "Plan Rows": 2, "Plan Width": 8, "Index Cond": "(movie_id = t.id)"}]}, {"Node Type": "Materialize", "Parent Relationship": "Inner", "Startup Cost": 0.0, "Total Cost": 14.22, "Plan Rows": 1, "Plan Width": 4, "Plans": [{"Node Type": "Index Scan", "Parent Relationship": "Outer", "Scan Direction": "Forward", "Index Name": "info_type_pkey", "Relation Name": "info_type", "Alias": "it2", "Startup Cost": 0.0, "Total Cost": 14.21, "Plan Rows": 1, "Plan Width": 4, "Filter": "((info)::text = 'bottom 10 rank'::text)"}]}]}, {"Node Type": "Index Scan", "Parent Relationship": "Inner", "Scan Direction": "Forward", "Index Name": "movie_id_movie_companies", "Relation Name": "movie_companies", "Alias": "mc", "Startup Cost": 0.0, "Total Cost": 0.36, "Plan Rows": 2, "Plan Width": 12, "Index Cond": "(movie_id = mi_idx.movie_id)"}]}, {"Node Type": "Index Scan", "Parent Relationship": "Inner", "Scan Direction": "Forward", "Index Name": "movie_id_movie_info", "Relation Name": "movie_info", "Alias": "mi", "Startup Cost": 0.0, "Total Cost": 0.66, "Plan Rows": 5, "Plan Width": 50, "Index Cond": "(movie_id = mc.movie_id)"}]}]}, {"Node Type": "Index Scan", "Parent Relationship": "Inner", "Scan Direction": "Forward", "Index Name": "company_name_pkey", "Relation Name": "company_name", "Alias": "cn", "Startup Cost": 0.0, "Total Cost": 0.28, "Plan Rows": 1, "Plan Width": 4, "Index Cond": "(id = mc.company_id)", "Filter": "((country_code)::text = '[us]'::text)"}]}, {"Node Type": "Index Scan", "Parent Relationship": "Inner", "Scan Direction": "Forward", "Index Name": "company_type_pkey", "Relation Name": "company_type", "Alias": "ct", "Startup Cost": 0.0, "Total Cost": 0.28, "Plan Rows": 1, "Plan Width": 4, "Index Cond": "(id = mc.company_type_id)", "Filter": "((kind IS NOT NULL) AND (((kind)::text = 'production companies'::text) OR ((kind)::text = 'distributors'::text)))"}]}]}, "Unique SQL Id": 1682224415}, "explain_analyze_plan": null}, "(1, 34)": {"explain_plan": {"Plan": {"Node Type": "Aggregate", "Strategy": "Plain", "Startup Cost": 84498.66, "Total Cost": 84498.67, "Plan Rows": 1, "Plan Width": 123, "Plans": [{"Node Type": "Nested Loop", "Parent Relationship": "Outer", "Join Type": "Inner", "Startup Cost": 5.1, "Total Cost": 84498.64, "Plan Rows": 4, "Plan Width": 59, "Inner Unique": true, "Join Filter": "(mc.company_type_id = ct.id)", "Plans": [{"Node Type": "Nested Loop", "Parent Relationship": "Outer", "Join Type": "Inner", "Startup Cost": 5.1, "Total Cost": 84497.47, "Plan Rows": 4, "Plan Width": 63, "Inner Unique": true, "Plans": [{"Node Type": "Nested Loop", "Parent Relationship": "Outer", "Join Type": "Inner", "Startup Cost": 4.84, "Total Cost": 84476.05, "Plan Rows": 5, "Plan Width": 67, "Inner Unique": false, "Join Filter": "(mi.info_type_id = it1.id)", "Plans": [{"Node Type": "Seq Scan", "Parent Relationship": "Outer", "Relation Name": "info_type", "Alias": "it1", "Startup Cost": 0.0, "Total Cost": 2.4, "Plan Rows": 1, "Plan Width": 4, "Filter": "((info)::text = 'budget'::text)"}, {"Node Type": "Nested Loop", "Parent Relationship": "Inner", "Join Type": "Inner", "Startup Cost": 4.84, "Total Cost": 84459.62, "Plan Rows": 1122, "Plan Width": 71, "Inner Unique": false, "Join Filter": "(t.id = mi.movie_id)", "Plans": [{"Node Type": "Nested Loop", "Parent Relationship": "Outer", "Join Type": "Inner", "Startup Cost": 4.47, "Total Cost": 83514.44, "Plan Rows": 210, "Plan Width": 37, "Inner Unique": false, "Join Filter": "(t.id = mc.movie_id)", "Plans": [{"Node Type": "Nested Loop", "Parent Relationship": "Outer", "Join Type": "Inner", "Startup Cost": 4.17, "Total Cost": 82163.69, "Plan Rows": 311, "Plan Width": 25, "Inner Unique": false, "Join Filter": "(mi_idx.info_type_id = it2.id)", "Plans": [{"Node Type": "Seq Scan", "Parent Relationship": "Outer", "Relation Name": "info_type", "Alias": "it2", "Startup Cost": 0.0, "Total Cost": 2.4, "Plan Rows": 1, "Plan Width": 4, "Filter": "((info)::text = 'bottom 10 rank'::text)"}, {"Node Type": "Nested Loop", "Parent Relationship": "Inner", "Join Type": "Inner", "Startup Cost": 4.17, "Total Cost": 82156.34, "Plan Rows": 396, "Plan Width": 29, "Inner Unique": false, "Plans": [{"Node Type": "Seq Scan", "Parent Relationship": "Outer", "Relation Name": "title", "Alias": "t", "Startup Cost": 0.0, "Total Cost": 79031.44, "Plan Rows": 258, "Plan Width": 21, "Filter": "((production_year > 2000) AND (((title)::text ~~ 'Birdemic%'::text) OR ((title)::text ~~ '%Movie%'::text)))"}, {"Node Type": "Bitmap Heap Scan", "Parent Relationship": "Inner", "Relation Name": "movie_info_idx", "Alias": "mi_idx", "Startup Cost": 4.17, "Total Cost": 12.09, "Plan Rows": 2, "Plan Width": 8, "Recheck Cond": "(movie_id = t.id)", "Plans": [{"Node Type": "Bitmap Index Scan", "Parent Relationship": "Outer", "Index Name": "movie_id_movie_info_idx", "Startup Cost": 0.0, "Total Cost": 4.17, "Plan Rows": 2, "Plan Width": 0, "Index Cond": "(movie_id = t.id)"}]}]}]}, {"Node Type": "Bitmap Heap Scan", "Parent Relationship": "Inner", "Relation Name": "movie_companies", "Alias": "mc", "Startup Cost": 0.29, "Total Cost": 4.32, "Plan Rows": 2, "Plan Width": 12, "Recheck Cond": "(movie_id = mi_idx.movie_id)", "Plans": [{"Node Type": "Bitmap Index Scan", "Parent Relationship": "Outer", "Index Name": "movie_id_movie_companies", "Startup Cost": 0.0, "Total Cost": 0.29, "Plan Rows": 2, "Plan Width": 0, "Index Cond": "(movie_id = mi_idx.movie_id)"}]}]}, {"Node Type": "Bitmap Heap Scan", "Parent Relationship": "Inner", "Relation Name": "movie_info", "Alias": "mi", "Startup Cost": 0.38, "Total Cost": 4.44, "Plan Rows": 5, "Plan Width": 50, "Recheck Cond": "(movie_id = mc.movie_id)", "Plans": [{"Node Type": "Bitmap Index Scan", "Parent Relationship": "Outer", "Index Name": "movie_id_movie_info", "Startup Cost": 0.0, "Total Cost": 0.37, "Plan Rows": 5, "Plan Width": 0, "Index Cond": "(movie_id = mc.movie_id)"}]}]}]}, {"Node Type": "Bitmap Heap Scan", "Parent Relationship": "Inner", "Relation Name": "company_name", "Alias": "cn", "Startup Cost": 0.26, "Total Cost": 4.27, "Plan Rows": 1, "Plan Width": 4, "Recheck Cond": "(id = mc.company_id)", "Filter": "((country_code)::text = '[us]'::text)", "Plans": [{"Node Type": "Bitmap Index Scan", "Parent Relationship": "Outer", "Index Name": "company_name_pkey", "Startup Cost": 0.0, "Total Cost": 0.26, "Plan Rows": 1, "Plan Width": 0, "Index Cond": "(id = mc.company_id)"}]}]}, {"Node Type": "Materialize", "Parent Relationship": "Inner", "Startup Cost": 0.0, "Total Cost": 1.05, "Plan Rows": 2, "Plan Width": 4, "Plans": [{"Node Type": "Seq Scan", "Parent Relationship": "Outer", "Relation Name": "company_type", "Alias": "ct", "Startup Cost": 0.0, "Total Cost": 1.04, "Plan Rows": 2, "Plan Width": 4, "Filter": "((kind IS NOT NULL) AND (((kind)::text = 'production companies'::text) OR ((kind)::text = 'distributors'::text)))"}]}]}]}, "Unique SQL Id": 1682224415}, "explain_analyze_plan": {"Plan": {"Node Type": "Aggregate", "Strategy": "Plain", "Startup Cost": 84498.66, "Total Cost": 84498.67, "Plan Rows": 1, "Plan Width": 123, "Actual Startup Time": 1368.298, "Actual Total Time": 1368.299, "Actual Rows": 1, "Actual Loops": 1, "Plans": [{"Node Type": "Nested Loop", "Parent Relationship": "Outer", "Join Type": "Inner", "Startup Cost": 5.1, "Total Cost": 84498.64, "Plan Rows": 4, "Plan Width": 59, "Actual Startup Time": 967.173, "Actual Total Time": 1368.24, "Actual Rows": 5, "Actual Loops": 1, "Inner Unique": true, "Join Filter": "(mc.company_type_id = ct.id)", "Rows Removed by Join Filter": 5, "Plans": [{"Node Type": "Nested Loop", "Parent Relationship": "Outer", "Join Type": "Inner", "Startup Cost": 5.1, "Total Cost": 84497.47, "Plan Rows": 4, "Plan Width": 63, "Actual Startup Time": 966.883, "Actual Total Time": 1368.195, "Actual Rows": 10, "Actual Loops": 1, "Inner Unique": true, "Plans": [{"Node Type": "Nested Loop", "Parent Relationship": "Outer", "Join Type": "Inner", "Startup Cost": 4.84, "Total Cost": 84476.05, "Plan Rows": 5, "Plan Width": 67, "Actual Startup Time": 966.856, "Actual Total Time": 1367.898, "Actual Rows": 33, "Actual Loops": 1, "Inner Unique": false, "Join Filter": "(mi.info_type_id = it1.id)", "Rows Removed by Join Filter": 4926, "Plans": [{"Node Type": "Seq Scan", "Parent Relationship": "Outer", "Relation Name": "info_type", "Alias": "it1", "Startup Cost": 0.0, "Total Cost": 2.4, "Plan Rows": 1, "Plan Width": 4, "Actual Startup Time": 0.055, "Actual Total Time": 0.062, "Actual Rows": 1, "Actual Loops": 1, "Filter": "((info)::text = 'budget'::text)", "Rows Removed by Filter": 111}, {"Node Type": "Nested Loop", "Parent Relationship": "Inner", "Join Type": "Inner", "Startup Cost": 4.84, "Total Cost": 84459.62, "Plan Rows": 1122, "Plan Width": 71, "Actual Startup Time": 966.73, "Actual Total Time": 1366.883, "Actual Rows": 4959, "Actual Loops": 1, "Inner Unique": false, "Join Filter": "(t.id = mi.movie_id)", "Rows Removed by Join Filter": 0, "Plans": [{"Node Type": "Nested Loop", "Parent Relationship": "Outer", "Join Type": "Inner", "Startup Cost": 4.47, "Total Cost": 83514.44, "Plan Rows": 210, "Plan Width": 37, "Actual Startup Time": 966.675, "Actual Total Time": 1362.7, "Actual Rows": 33, "Actual Loops": 1, "Inner Unique": false, "Join Filter": "(t.id = mc.movie_id)", "Rows Removed by Join Filter": 0, "Plans": [{"Node Type": "Nested Loop", "Parent Relationship": "Outer", "Join Type": "Inner", "Startup Cost": 4.17, "Total Cost": 82163.69, "Plan Rows": 311, "Plan Width": 25, "Actual Startup Time": 966.598, "Actual Total Time": 1362.569, "Actual Rows": 2, "Actual Loops": 1, "Inner Unique": false, "Join Filter": "(mi_idx.info_type_id = it2.id)", "Rows Removed by Join Filter": 2643, "Plans": [{"Node Type": "Seq Scan", "Parent Relationship": "Outer", "Relation Name": "info_type", "Alias": "it2", "Startup Cost": 0.0, "Total Cost": 2.4, "Plan Rows": 1, "Plan Width": 4, "Actual Startup Time": 0.041, "Actual Total Time": 0.046, "Actual Rows": 1, "Actual Loops": 1, "Filter": "((info)::text = 'bottom 10 rank'::text)", "Rows Removed by Filter": 111}, {"Node Type": "Nested Loop", "Parent Relationship": "Inner", "Join Type": "Inner", "Startup Cost": 4.17, "Total Cost": 82156.34, "Plan Rows": 396, "Plan Width": 29, "Actual Startup Time": 14.116, "Actual Total Time": 1361.789, "Actual Rows": 2645, "Actual Loops": 1, "Inner Unique": false, "Plans": [{"Node Type": "Seq Scan", "Parent Relationship": "Outer", "Relation Name": "title", "Alias": "t", "Startup Cost": 0.0, "Total Cost": 79031.44, "Plan Rows": 258, "Plan Width": 21, "Actual Startup Time": 0.372, "Actual Total Time": 1341.772, "Actual Rows": 2536, "Actual Loops": 1, "Filter": "((production_year > 2000) AND (((title)::text ~~ 'Birdemic%'::text) OR ((title)::text ~~ '%Movie%'::text)))", "Rows Removed by Filter": 2525775}, {"Node Type": "Bitmap Heap Scan", "Parent Relationship": "Inner", "Relation Name": "movie_info_idx", "Alias": "mi_idx", "Startup Cost": 4.17, "Total Cost": 12.09, "Plan Rows": 2, "Plan Width": 8, "Actual Startup Time": 14.961, "Actual Total Time": 15.336, "Actual Rows": 2645, "Actual Loops": 2536, "Recheck Cond": "(movie_id = t.id)", "Rows Removed by Index Recheck": 0, "Exact Heap Blocks": 890, "Lossy Heap Blocks": 890, "Plans": [{"Node Type": "Bitmap Index Scan", "Parent Relationship": "Outer", "Index Name": "movie_id_movie_info_idx", "Startup Cost": 0.0, "Total Cost": 4.17, "Plan Rows": 2, "Plan Width": 0, "Actual Startup Time": 10.951, "Actual Total Time": 10.951, "Actual Rows": 2645, "Actual Loops": 2536, "Index Cond": "(movie_id = t.id)"}]}]}]}, {"Node Type": "Bitmap Heap Scan", "Parent Relationship": "Inner", "Relation Name": "movie_companies", "Alias": "mc", "Startup Cost": 0.29, "Total Cost": 4.32, "Plan Rows": 2, "Plan Width": 12, "Actual Startup Time": 0.07, "Actual Total Time": 0.08, "Actual Rows": 33, "Actual Loops": 2, "Recheck Cond": "(movie_id = mi_idx.movie_id)", "Rows Removed by Index Recheck": 0, "Exact Heap Blocks": 4, "Lossy Heap Blocks": 4, "Plans": [{"Node Type": "Bitmap Index Scan", "Parent Relationship": "Outer", "Index Name": "movie_id_movie_companies", "Startup Cost": 0.0, "Total Cost": 0.29, "Plan Rows": 2, "Plan Width": 0, "Actual Startup Time": 0.033, "Actual Total Time": 0.033, "Actual Rows": 33, "Actual Loops": 2, "Index Cond": "(movie_id = mi_idx.movie_id)"}]}]}, {"Node Type": "Bitmap Heap Scan", "Parent Relationship": "Inner", "Relation Name": "movie_info", "Alias": "mi", "Startup Cost": 0.38, "Total Cost": 4.44, "Plan Rows": 5, "Plan Width": 50, "Actual Startup Time": 0.795, "Actual Total Time": 2.552, "Actual Rows": 4959, "Actual Loops": 33, "Recheck Cond": "(movie_id = mc.movie_id)", "Rows Removed by Index Recheck": 0, "Exact Heap Blocks": 710, "Lossy Heap Blocks": 710, "Plans": [{"Node Type": "Bitmap Index Scan", "Parent Relationship": "Outer", "Index Name": "movie_id_movie_info", "Startup Cost": 0.0, "Total Cost": 0.37, "Plan Rows": 5, "Plan Width": 0, "Actual Startup Time": 0.662, "Actual Total Time": 0.662, "Actual Rows": 4959, "Actual Loops": 33, "Index Cond": "(movie_id = mc.movie_id)"}]}]}]}, {"Node Type": "Bitmap Heap Scan", "Parent Relationship": "Inner", "Relation Name": "company_name", "Alias": "cn", "Startup Cost": 0.26, "Total Cost": 4.27, "Plan Rows": 1, "Plan Width": 4, "Actual Startup Time": 0.244, "Actual Total Time": 0.244, "Actual Rows": 10, "Actual Loops": 33, "Recheck Cond": "(id = mc.company_id)", "Rows Removed by Index Recheck": 0, "Filter": "((country_code)::text = '[us]'::text)", "Rows Removed by Filter": 23, "Exact Heap Blocks": 33, "Lossy Heap Blocks": 33, "Plans": [{"Node Type": "Bitmap Index Scan", "Parent Relationship": "Outer", "Index Name": "company_name_pkey", "Startup Cost": 0.0, "Total Cost": 0.26, "Plan Rows": 1, "Plan Width": 0, "Actual Startup Time": 0.137, "Actual Total Time": 0.137, "Actual Rows": 33, "Actual Loops": 33, "Index Cond": "(id = mc.company_id)"}]}]}, {"Node Type": "Materialize", "Parent Relationship": "Inner", "Startup Cost": 0.0, "Total Cost": 1.05, "Plan Rows": 2, "Plan Width": 4, "Actual Startup Time": 0.023, "Actual Total Time": 0.029, "Actual Rows": 10, "Actual Loops": 10, "Plans": [{"Node Type": "Seq Scan", "Parent Relationship": "Outer", "Relation Name": "company_type", "Alias": "ct", "Startup Cost": 0.0, "Total Cost": 1.04, "Plan Rows": 2, "Plan Width": 4, "Actual Startup Time": 0.013, "Actual Total Time": 0.018, "Actual Rows": 1, "Actual Loops": 1, "Filter": "((kind IS NOT NULL) AND (((kind)::text = 'production companies'::text) OR ((kind)::text = 'distributors'::text)))", "Rows Removed by Filter": 2}]}]}]}, "Triggers": [], "Planner Runtime": 89.734, "Total Runtime": 1368.646, "Unique SQL Id": 1682224415}}, "(1, 35)": {"explain_plan": {"Plan": {"Node Type": "Aggregate", "Strategy": "Plain", "Startup Cost": 1000012336498.63, "Total Cost": 1000012336498.64, "Plan Rows": 1, "Plan Width": 123, "Plans": [{"Node Type": "Nested Loop", "Parent Relationship": "Outer", "Join Type": "Inner", "Startup Cost": 10000000002.04, "Total Cost": 1000012336498.61, "Plan Rows": 4, "Plan Width": 59, "Inner Unique": true, "Plans": [{"Node Type": "Nested Loop", "Parent Relationship": "Outer", "Join Type": "Inner", "Startup Cost": 10000000001.78, "Total Cost": 1000012336438.65, "Plan Rows": 14, "Plan Width": 63, "Inner Unique": true, "Plans": [{"Node Type": "Nested Loop", "Parent Relationship": "Outer", "Join Type": "Inner", "Startup Cost": 10000000001.52, "Total Cost": 1000012336378.66, "Plan Rows": 14, "Plan Width": 67, "Inner Unique": true, "Plans": [{"Node Type": "Nested Loop", "Parent Relationship": "Outer", "Join Type": "Inner", "Startup Cost": 10000000001.26, "Total Cost": 1000012336100.24, "Plan Rows": 65, "Plan Width": 71, "Inner Unique": false, "Join Filter": "(t.id = mc.movie_id)", "Plans": [{"Node Type": "Nested Loop", "Parent Relationship": "Outer", "Join Type": "Inner", "Startup Cost": 10000000001.0, "Total Cost": 1000012335970.7, "Plan Rows": 30, "Plan Width": 75, "Inner Unique": true, "Plans": [{"Node Type": "Nested Loop", "Parent Relationship": "Outer", "Join Type": "Inner", "Startup Cost": 10000000000.74, "Total Cost": 1000012326904.12, "Plan Rows": 2117, "Plan Width": 79, "Inner Unique": false, "Join Filter": "(t.id = mi.movie_id)", "Plans": [{"Node Type": "Nested Loop", "Parent Relationship": "Outer", "Join Type": "Inner", "Startup Cost": 10000000000.28, "Total Cost": 1000012325091.05, "Plan Rows": 396, "Plan Width": 29, "Inner Unique": true, "Plans": [{"Node Type": "Index Scan", "Parent Relationship": "Outer", "Scan Direction": "Forward", "Index Name": "info_type_id_movie_info_idx", "Relation Name": "movie_info_idx", "Alias": "mi_idx", "Startup Cost": 10000000000.0, "Total Cost": 1000006370838.27, "Plan Rows": 1380034, "Plan Width": 8}, {"Node Type": "Bitmap Heap Scan", "Parent Relationship": "Inner", "Relation Name": "title", "Alias": "t", "Startup Cost": 0.28, "Total Cost": 4.3, "Plan Rows": 1, "Plan Width": 21, "Recheck Cond": "(id = mi_idx.movie_id)", "Filter": "((production_year > 2000) AND (((title)::text ~~ 'Birdemic%'::text) OR ((title)::text ~~ '%Movie%'::text)))", "Plans": [{"Node Type": "Bitmap Index Scan", "Parent Relationship": "Outer", "Index Name": "title_pkey", "Startup Cost": 0.0, "Total Cost": 0.28, "Plan Rows": 1, "Plan Width": 0, "Index Cond": "(id = mi_idx.movie_id)"}]}]}, {"Node Type": "Bitmap Heap Scan", "Parent Relationship": "Inner", "Relation Name": "movie_info", "Alias": "mi", "Startup Cost": 0.45, "Total Cost": 4.52, "Plan Rows": 5, "Plan Width": 50, "Recheck Cond": "(movie_id = mi_idx.movie_id)", "Plans": [{"Node Type": "Bitmap Index Scan", "Parent Relationship": "Outer", "Index Name": "movie_id_movie_info", "Startup Cost": 0.0, "Total Cost": 0.45, "Plan Rows": 5, "Plan Width": 0, "Index Cond": "(movie_id = mi_idx.movie_id)"}]}]}, {"Node Type": "Bitmap Heap Scan", "Parent Relationship": "Inner", "Relation Name": "info_type", "Alias": "it1", "Startup Cost": 0.26, "Total Cost": 4.27, "Plan Rows": 1, "Plan Width": 4, "Recheck Cond": "(id = mi.info_type_id)", "Filter": "((info)::text = 'budget'::text)", "Plans": [{"Node Type": "Bitmap Index Scan", "Parent Relationship": "Outer", "Index Name": "info_type_pkey", "Startup Cost": 0.0, "Total Cost": 0.26, "Plan Rows": 1, "Plan Width": 0, "Index Cond": "(id = mi.info_type_id)"}]}]}, {"Node Type": "Bitmap Heap Scan", "Parent Relationship": "Inner", "Relation Name": "movie_companies", "Alias": "mc", "Startup Cost": 0.27, "Total Cost": 4.29, "Plan Rows": 2, "Plan Width": 12, "Recheck Cond": "(movie_id = mi.movie_id)", "Plans": [{"Node Type": "Bitmap Index Scan", "Parent Relationship": "Outer", "Index Name": "movie_id_movie_companies", "Startup Cost": 0.0, "Total Cost": 0.27, "Plan Rows": 2, "Plan Width": 0, "Index Cond": "(movie_id = mi.movie_id)"}]}]}, {"Node Type": "Bitmap Heap Scan", "Parent Relationship": "Inner", "Relation Name": "company_name", "Alias": "cn", "Startup Cost": 0.26, "Total Cost": 4.27, "Plan Rows": 1, "Plan Width": 4, "Recheck Cond": "(id = mc.company_id)", "Filter": "((country_code)::text = '[us]'::text)", "Plans": [{"Node Type": "Bitmap Index Scan", "Parent Relationship": "Outer", "Index Name": "company_name_pkey", "Startup Cost": 0.0, "Total Cost": 0.26, "Plan Rows": 1, "Plan Width": 0, "Index Cond": "(id = mc.company_id)"}]}]}, {"Node Type": "Bitmap Heap Scan", "Parent Relationship": "Inner", "Relation Name": "company_type", "Alias": "ct", "Startup Cost": 0.26, "Total Cost": 4.28, "Plan Rows": 1, "Plan Width": 4, "Recheck Cond": "(id = mc.company_type_id)", "Filter": "((kind IS NOT NULL) AND (((kind)::text = 'production companies'::text) OR ((kind)::text = 'distributors'::text)))", "Plans": [{"Node Type": "Bitmap Index Scan", "Parent Relationship": "Outer", "Index Name": "company_type_pkey", "Startup Cost": 0.0, "Total Cost": 0.26, "Plan Rows": 1, "Plan Width": 0, "Index Cond": "(id = mc.company_type_id)"}]}]}, {"Node Type": "Bitmap Heap Scan", "Parent Relationship": "Inner", "Relation Name": "info_type", "Alias": "it2", "Startup Cost": 0.26, "Total Cost": 4.27, "Plan Rows": 1, "Plan Width": 4, "Recheck Cond": "(id = mi_idx.info_type_id)", "Filter": "((info)::text = 'bottom 10 rank'::text)", "Plans": [{"Node Type": "Bitmap Index Scan", "Parent Relationship": "Outer", "Index Name": "info_type_pkey", "Startup Cost": 0.0, "Total Cost": 0.26, "Plan Rows": 1, "Plan Width": 0, "Index Cond": "(id = mi_idx.info_type_id)"}]}]}]}, "Unique SQL Id": 1682224415}, "explain_analyze_plan": null}, "(1, 36)": {"explain_plan": {"Plan": {"Node Type": "Aggregate", "Strategy": "Plain", "Startup Cost": 81432.16, "Total Cost": 81432.17, "Plan Rows": 1, "Plan Width": 123, "Plans": [{"Node Type": "Nested Loop", "Parent Relationship": "Outer", "Join Type": "Inner", "Startup Cost": 0.0, "Total Cost": 81432.14, "Plan Rows": 4, "Plan Width": 59, "Inner Unique": true, "Plans": [{"Node Type": "Nested Loop", "Parent Relationship": "Outer", "Join Type": "Inner", "Startup Cost": 0.0, "Total Cost": 81431.0, "Plan Rows": 4, "Plan Width": 63, "Inner Unique": true, "Plans": [{"Node Type": "Nested Loop", "Parent Relationship": "Outer", "Join Type": "Inner", "Startup Cost": 0.0, "Total Cost": 81429.56, "Plan Rows": 5, "Plan Width": 67, "Inner Unique": false, "Join Filter": "(mi.info_type_id = it1.id)", "Plans": [{"Node Type": "Seq Scan", "Parent Relationship": "Outer", "Relation Name": "info_type", "Alias": "it1", "Startup Cost": 0.0, "Total Cost": 2.4, "Plan Rows": 1, "Plan Width": 4, "Filter": "((info)::text = 'budget'::text)"}, {"Node Type": "Nested Loop", "Parent Relationship": "Inner", "Join Type": "Inner", "Startup Cost": 0.0, "Total Cost": 81413.14, "Plan Rows": 1122, "Plan Width": 71, "Inner Unique": false, "Join Filter": "(t.id = mi.movie_id)", "Plans": [{"Node Type": "Nested Loop", "Parent Relationship": "Outer", "Join Type": "Inner", "Startup Cost": 0.0, "Total Cost": 81260.48, "Plan Rows": 210, "Plan Width": 37, "Inner Unique": false, "Join Filter": "(t.id = mc.movie_id)", "Plans": [{"Node Type": "Nested Loop", "Parent Relationship": "Outer", "Join Type": "Inner", "Startup Cost": 0.0, "Total Cost": 81139.71, "Plan Rows": 311, "Plan Width": 25, "Inner Unique": false, "Join Filter": "(mi_idx.info_type_id = it2.id)", "Plans": [{"Node Type": "Seq Scan", "Parent Relationship": "Outer", "Relation Name": "info_type", "Alias": "it2", "Startup Cost": 0.0, "Total Cost": 2.4, "Plan Rows": 1, "Plan Width": 4, "Filter": "((info)::text = 'bottom 10 rank'::text)"}, {"Node Type": "Nested Loop", "Parent Relationship": "Inner", "Join Type": "Inner", "Startup Cost": 0.0, "Total Cost": 81132.36, "Plan Rows": 396, "Plan Width": 29, "Inner Unique": false, "Plans": [{"Node Type": "Seq Scan", "Parent Relationship": "Outer", "Relation Name": "title", "Alias": "t", "Startup Cost": 0.0, "Total Cost": 79031.44, "Plan Rows": 258, "Plan Width": 21, "Filter": "((production_year > 2000) AND (((title)::text ~~ 'Birdemic%'::text) OR ((title)::text ~~ '%Movie%'::text)))"}, {"Node Type": "Index Scan", "Parent Relationship": "Inner", "Scan Direction": "Forward", "Index Name": "movie_id_movie_info_idx", "Relation Name": "movie_info_idx", "Alias": "mi_idx", "Startup Cost": 0.0, "Total Cost": 8.12, "Plan Rows": 2, "Plan Width": 8, "Index Cond": "(movie_id = t.id)"}]}]}, {"Node Type": "Index Scan", "Parent Relationship": "Inner", "Scan Direction": "Forward", "Index Name": "movie_id_movie_companies", "Relation Name": "movie_companies", "Alias": "mc", "Startup Cost": 0.0, "Total Cost": 0.36, "Plan Rows": 2, "Plan Width": 12, "Index Cond": "(movie_id = mi_idx.movie_id)"}]}, {"Node Type": "Index Scan", "Parent Relationship": "Inner", "Scan Direction": "Forward", "Index Name": "movie_id_movie_info", "Relation Name": "movie_info", "Alias": "mi", "Startup Cost": 0.0, "Total Cost": 0.66, "Plan Rows": 5, "Plan Width": 50, "Index Cond": "(movie_id = mc.movie_id)"}]}]}, {"Node Type": "Index Scan", "Parent Relationship": "Inner", "Scan Direction": "Forward", "Index Name": "company_name_pkey", "Relation Name": "company_name", "Alias": "cn", "Startup Cost": 0.0, "Total Cost": 0.28, "Plan Rows": 1, "Plan Width": 4, "Index Cond": "(id = mc.company_id)", "Filter": "((country_code)::text = '[us]'::text)"}]}, {"Node Type": "Index Scan", "Parent Relationship": "Inner", "Scan Direction": "Forward", "Index Name": "company_type_pkey", "Relation Name": "company_type", "Alias": "ct", "Startup Cost": 0.0, "Total Cost": 0.28, "Plan Rows": 1, "Plan Width": 4, "Index Cond": "(id = mc.company_type_id)", "Filter": "((kind IS NOT NULL) AND (((kind)::text = 'production companies'::text) OR ((kind)::text = 'distributors'::text)))"}]}]}, "Unique SQL Id": 1682224415}, "explain_analyze_plan": {"Plan": {"Node Type": "Aggregate", "Strategy": "Plain", "Startup Cost": 81432.16, "Total Cost": 81432.17, "Plan Rows": 1, "Plan Width": 123, "Actual Startup Time": 1371.266, "Actual Total Time": 1371.266, "Actual Rows": 1, "Actual Loops": 1, "Plans": [{"Node Type": "Nested Loop", "Parent Relationship": "Outer", "Join Type": "Inner", "Startup Cost": 0.0, "Total Cost": 81432.14, "Plan Rows": 4, "Plan Width": 59, "Actual Startup Time": 973.085, "Actual Total Time": 1371.203, "Actual Rows": 5, "Actual Loops": 1, "Inner Unique": true, "Plans": [{"Node Type": "Nested Loop", "Parent Relationship": "Outer", "Join Type": "Inner", "Startup Cost": 0.0, "Total Cost": 81431.0, "Plan Rows": 4, "Plan Width": 63, "Actual Startup Time": 972.828, "Actual Total Time": 1371.159, "Actual Rows": 10, "Actual Loops": 1, "Inner Unique": true, "Plans": [{"Node Type": "Nested Loop", "Parent Relationship": "Outer", "Join Type": "Inner", "Startup Cost": 0.0, "Total Cost": 81429.56, "Plan Rows": 5, "Plan Width": 67, "Actual Startup Time": 972.803, "Actual Total Time": 1370.929, "Actual Rows": 33, "Actual Loops": 1, "Inner Unique": false, "Join Filter": "(mi.info_type_id = it1.id)", "Rows Removed by Join Filter": 4926, "Plans": [{"Node Type": "Seq Scan", "Parent Relationship": "Outer", "Relation Name": "info_type", "Alias": "it1", "Startup Cost": 0.0, "Total Cost": 2.4, "Plan Rows": 1, "Plan Width": 4, "Actual Startup Time": 0.067, "Actual Total Time": 0.078, "Actual Rows": 1, "Actual Loops": 1, "Filter": "((info)::text = 'budget'::text)", "Rows Removed by Filter": 111}, {"Node Type": "Nested Loop", "Parent Relationship": "Inner", "Join Type": "Inner", "Startup Cost": 0.0, "Total Cost": 81413.14, "Plan Rows": 1122, "Plan Width": 71, "Actual Startup Time": 972.653, "Actual Total Time": 1369.917, "Actual Rows": 4959, "Actual Loops": 1, "Inner Unique": false, "Join Filter": "(t.id = mi.movie_id)", "Rows Removed by Join Filter": 0, "Plans": [{"Node Type": "Nested Loop", "Parent Relationship": "Outer", "Join Type": "Inner", "Startup Cost": 0.0, "Total Cost": 81260.48, "Plan Rows": 210, "Plan Width": 37, "Actual Startup Time": 972.576, "Actual Total Time": 1365.779, "Actual Rows": 33, "Actual Loops": 1, "Inner Unique": false, "Join Filter": "(t.id = mc.movie_id)", "Rows Removed by Join Filter": 0, "Plans": [{"Node Type": "Nested Loop", "Parent Relationship": "Outer", "Join Type": "Inner", "Startup Cost": 0.0, "Total Cost": 81139.71, "Plan Rows": 311, "Plan Width": 25, "Actual Startup Time": 972.451, "Actual Total Time": 1365.601, "Actual Rows": 2, "Actual Loops": 1, "Inner Unique": false, "Join Filter": "(mi_idx.info_type_id = it2.id)", "Rows Removed by Join Filter": 2643, "Plans": [{"Node Type": "Seq Scan", "Parent Relationship": "Outer", "Relation Name": "info_type", "Alias": "it2", "Startup Cost": 0.0, "Total Cost": 2.4, "Plan Rows": 1, "Plan Width": 4, "Actual Startup Time": 0.044, "Actual Total Time": 0.051, "Actual Rows": 1, "Actual Loops": 1, "Filter": "((info)::text = 'bottom 10 rank'::text)", "Rows Removed by Filter": 111}, {"Node Type": "Nested Loop", "Parent Relationship": "Inner", "Join Type": "Inner", "Startup Cost": 0.0, "Total Cost": 81132.36, "Plan Rows": 396, "Plan Width": 29, "Actual Startup Time": 13.969, "Actual Total Time": 1364.883, "Actual Rows": 2645, "Actual Loops": 1, "Inner Unique": false, "Plans": [{"Node Type": "Seq Scan", "Parent Relationship": "Outer", "Relation Name": "title", "Alias": "t", "Startup Cost": 0.0, "Total Cost": 79031.44, "Plan Rows": 258, "Plan Width": 21, "Actual Startup Time": 0.371, "Actual Total Time": 1349.84, "Actual Rows": 2536, "Actual Loops": 1, "Filter": "((production_year > 2000) AND (((title)::text ~~ 'Birdemic%'::text) OR ((title)::text ~~ '%Movie%'::text)))", "Rows Removed by Filter": 2525775}, {"Node Type": "Index Scan", "Parent Relationship": "Inner", "Scan Direction": "Forward", "Index Name": "movie_id_movie_info_idx", "Relation Name": "movie_info_idx", "Alias": "mi_idx", "Startup Cost": 0.0, "Total Cost": 8.12, "Plan Rows": 2, "Plan Width": 8, "Actual Startup Time": 11.624, "Actual Total Time": 12.638, "Actual Rows": 2645, "Actual Loops": 2536, "Index Cond": "(movie_id = t.id)", "Rows Removed by Index Recheck": 0}]}]}, {"Node Type": "Index Scan", "Parent Relationship": "Inner", "Scan Direction": "Forward", "Index Name": "movie_id_movie_companies", "Relation Name": "movie_companies", "Alias": "mc", "Startup Cost": 0.0, "Total Cost": 0.36, "Plan Rows": 2, "Plan Width": 12, "Actual Startup Time": 0.033, "Actual Total Time": 0.054, "Actual Rows": 33, "Actual Loops": 2, "Index Cond": "(movie_id = mi_idx.movie_id)", "Rows Removed by Index Recheck": 0}]}, {"Node Type": "Index Scan", "Parent Relationship": "Inner", "Scan Direction": "Forward", "Index Name": "movie_id_movie_info", "Relation Name": "movie_info", "Alias": "mi", "Startup Cost": 0.0, "Total Cost": 0.66, "Plan Rows": 5, "Plan Width": 50, "Actual Startup Time": 0.527, "Actual Total Time": 2.538, "Actual Rows": 4959, "Actual Loops": 33, "Index Cond": "(movie_id = mc.movie_id)", "Rows Removed by Index Recheck": 0}]}]}, {"Node Type": "Index Scan", "Parent Relationship": "Inner", "Scan Direction": "Forward", "Index Name": "company_name_pkey", "Relation Name": "company_name", "Alias": "cn", "Startup Cost": 0.0, "Total Cost": 0.28, "Plan Rows": 1, "Plan Width": 4, "Actual Startup Time": 0.2, "Actual Total Time": 0.2, "Actual Rows": 10, "Actual Loops": 33, "Index Cond": "(id = mc.company_id)", "Rows Removed by Index Recheck": 0, "Filter": "((country_code)::text = '[us]'::text)", "Rows Removed by Filter": 23}]}, {"Node Type": "Index Scan", "Parent Relationship": "Inner", "Scan Direction": "Forward", "Index Name": "company_type_pkey", "Relation Name": "company_type", "Alias": "ct", "Startup Cost": 0.0, "Total Cost": 0.28, "Plan Rows": 1, "Plan Width": 4, "Actual Startup Time": 0.026, "Actual Total Time": 0.026, "Actual Rows": 5, "Actual Loops": 10, "Index Cond": "(id = mc.company_type_id)", "Rows Removed by Index Recheck": 0, "Filter": "((kind IS NOT NULL) AND (((kind)::text = 'production companies'::text) OR ((kind)::text = 'distributors'::text)))", "Rows Removed by Filter": 0}]}]}, "Triggers": [], "Planner Runtime": 98.34, "Total Runtime": 1371.638, "Unique SQL Id": 1682224415}}, "(1, 37)": {"explain_plan": {"Plan": {"Node Type": "Aggregate", "Strategy": "Plain", "Startup Cost": 131520.91, "Total Cost": 131520.92, "Plan Rows": 1, "Plan Width": 123, "Plans": [{"Node Type": "Nested Loop", "Parent Relationship": "Outer", "Join Type": "Inner", "Startup Cost": 0.0, "Total Cost": 131520.67, "Plan Rows": 48, "Plan Width": 59, "Inner Unique": true, "Plans": [{"Node Type": "Nested Loop", "Parent Relationship": "Outer", "Join Type": "Inner", "Startup Cost": 0.0, "Total Cost": 131506.99, "Plan Rows": 48, "Plan Width": 63, "Inner Unique": true, "Plans": [{"Node Type": "Nested Loop", "Parent Relationship": "Outer", "Join Type": "Inner", "Startup Cost": 0.0, "Total Cost": 131505.55, "Plan Rows": 5, "Plan Width": 67, "Inner Unique": false, "Join Filter": "(mi.info_type_id = it1.id)", "Plans": [{"Node Type": "Index Scan", "Parent Relationship": "Outer", "Scan Direction": "Forward", "Index Name": "info_type_pkey", "Relation Name": "info_type", "Alias": "it1", "Startup Cost": 0.0, "Total Cost": 14.21, "Plan Rows": 1, "Plan Width": 4, "Filter": "((info)::text = 'budget'::text)"}, {"Node Type": "Nested Loop", "Parent Relationship": "Inner", "Join Type": "Inner", "Startup Cost": 0.0, "Total Cost": 131477.32, "Plan Rows": 1122, "Plan Width": 71, "Inner Unique": false, "Join Filter": "(t.id = mi.movie_id)", "Plans": [{"Node Type": "Nested Loop", "Parent Relationship": "Outer", "Join Type": "Inner", "Startup Cost": 0.0, "Total Cost": 131324.66, "Plan Rows": 210, "Plan Width": 37, "Inner Unique": false, "Join Filter": "(t.id = mc.movie_id)", "Plans": [{"Node Type": "Nested Loop", "Parent Relationship": "Outer", "Join Type": "Inner", "Startup Cost": 0.0, "Total Cost": 131203.89, "Plan Rows": 311, "Plan Width": 25, "Inner Unique": true, "Join Filter": "(mi_idx.info_type_id = it2.id)", "Plans": [{"Node Type": "Nested Loop", "Parent Relationship": "Outer", "Join Type": "Inner", "Startup Cost": 0.0, "Total Cost": 131183.74, "Plan Rows": 396, "Plan Width": 29, "Inner Unique": false, "Plans": [{"Node Type": "Index Scan", "Parent Relationship": "Outer", "Scan Direction": "Forward", "Index Name": "title_pkey", "Relation Name": "title", "Alias": "t", "Startup Cost": 0.0, "Total Cost": 129082.82, "Plan Rows": 258, "Plan Width": 21, "Filter": "((production_year > 2000) AND (((title)::text ~~ 'Birdemic%'::text) OR ((title)::text ~~ '%Movie%'::text)))"}, {"Node Type": "Index Scan", "Parent Relationship": "Inner", "Scan Direction": "Forward", "Index Name": "movie_id_movie_info_idx", "Relation Name": "movie_info_idx", "Alias": "mi_idx", "Startup Cost": 0.0, "Total Cost": 8.12, "Plan Rows": 2, "Plan Width": 8, "Index Cond": "(movie_id = t.id)"}]}, {"Node Type": "Materialize", "Parent Relationship": "Inner", "Startup Cost": 0.0, "Total Cost": 14.22, "Plan Rows": 1, "Plan Width": 4, "Plans": [{"Node Type": "Index Scan", "Parent Relationship": "Outer", "Scan Direction": "Forward", "Index Name": "info_type_pkey", "Relation Name": "info_type", "Alias": "it2", "Startup Cost": 0.0, "Total Cost": 14.21, "Plan Rows": 1, "Plan Width": 4, "Filter": "((info)::text = 'bottom 10 rank'::text)"}]}]}, {"Node Type": "Index Scan", "Parent Relationship": "Inner", "Scan Direction": "Forward", "Index Name": "movie_id_movie_companies", "Relation Name": "movie_companies", "Alias": "mc", "Startup Cost": 0.0, "Total Cost": 0.36, "Plan Rows": 2, "Plan Width": 12, "Index Cond": "(movie_id = mi_idx.movie_id)"}]}, {"Node Type": "Index Scan", "Parent Relationship": "Inner", "Scan Direction": "Forward", "Index Name": "movie_id_movie_info", "Relation Name": "movie_info", "Alias": "mi", "Startup Cost": 0.0, "Total Cost": 0.66, "Plan Rows": 5, "Plan Width": 50, "Index Cond": "(movie_id = mc.movie_id)"}]}]}, {"Node Type": "Index Scan", "Parent Relationship": "Inner", "Scan Direction": "Forward", "Index Name": "company_name_pkey", "Relation Name": "company_name", "Alias": "cn", "Startup Cost": 0.0, "Total Cost": 0.28, "Plan Rows": 1, "Plan Width": 4, "Index Cond": "(id = mc.company_id)", "Filter": "((country_code)::text = '[us]'::text)"}]}, {"Node Type": "Index Scan", "Parent Relationship": "Inner", "Scan Direction": "Forward", "Index Name": "company_type_pkey", "Relation Name": "company_type", "Alias": "ct", "Startup Cost": 0.0, "Total Cost": 0.28, "Plan Rows": 1, "Plan Width": 4, "Index Cond": "(id = mc.company_type_id)", "Filter": "((kind IS NOT NULL) AND (((kind)::text = 'production companies'::text) OR ((kind)::text = 'distributors'::text)))"}]}]}, "Unique SQL Id": 1682224415}, "explain_analyze_plan": null}, "(1, 38)": {"explain_plan": {"Plan": {"Node Type": "Aggregate", "Strategy": "Plain", "Startup Cost": 84498.66, "Total Cost": 84498.67, "Plan Rows": 1, "Plan Width": 123, "Plans": [{"Node Type": "Nested Loop", "Parent Relationship": "Outer", "Join Type": "Inner", "Startup Cost": 5.1, "Total Cost": 84498.64, "Plan Rows": 4, "Plan Width": 59, "Inner Unique": true, "Join Filter": "(mc.company_type_id = ct.id)", "Plans": [{"Node Type": "Nested Loop", "Parent Relationship": "Outer", "Join Type": "Inner", "Startup Cost": 5.1, "Total Cost": 84497.47, "Plan Rows": 4, "Plan Width": 63, "Inner Unique": true, "Plans": [{"Node Type": "Nested Loop", "Parent Relationship": "Outer", "Join Type": "Inner", "Startup Cost": 4.84, "Total Cost": 84476.05, "Plan Rows": 5, "Plan Width": 67, "Inner Unique": false, "Join Filter": "(mi.info_type_id = it1.id)", "Plans": [{"Node Type": "Seq Scan", "Parent Relationship": "Outer", "Relation Name": "info_type", "Alias": "it1", "Startup Cost": 0.0, "Total Cost": 2.4, "Plan Rows": 1, "Plan Width": 4, "Filter": "((info)::text = 'budget'::text)"}, {"Node Type": "Nested Loop", "Parent Relationship": "Inner", "Join Type": "Inner", "Startup Cost": 4.84, "Total Cost": 84459.62, "Plan Rows": 1122, "Plan Width": 71, "Inner Unique": false, "Join Filter": "(t.id = mi.movie_id)", "Plans": [{"Node Type": "Nested Loop", "Parent Relationship": "Outer", "Join Type": "Inner", "Startup Cost": 4.47, "Total Cost": 83514.44, "Plan Rows": 210, "Plan Width": 37, "Inner Unique": false, "Join Filter": "(t.id = mc.movie_id)", "Plans": [{"Node Type": "Nested Loop", "Parent Relationship": "Outer", "Join Type": "Inner", "Startup Cost": 4.17, "Total Cost": 82163.69, "Plan Rows": 311, "Plan Width": 25, "Inner Unique": false, "Join Filter": "(mi_idx.info_type_id = it2.id)", "Plans": [{"Node Type": "Seq Scan", "Parent Relationship": "Outer", "Relation Name": "info_type", "Alias": "it2", "Startup Cost": 0.0, "Total Cost": 2.4, "Plan Rows": 1, "Plan Width": 4, "Filter": "((info)::text = 'bottom 10 rank'::text)"}, {"Node Type": "Nested Loop", "Parent Relationship": "Inner", "Join Type": "Inner", "Startup Cost": 4.17, "Total Cost": 82156.34, "Plan Rows": 396, "Plan Width": 29, "Inner Unique": false, "Plans": [{"Node Type": "Seq Scan", "Parent Relationship": "Outer", "Relation Name": "title", "Alias": "t", "Startup Cost": 0.0, "Total Cost": 79031.44, "Plan Rows": 258, "Plan Width": 21, "Filter": "((production_year > 2000) AND (((title)::text ~~ 'Birdemic%'::text) OR ((title)::text ~~ '%Movie%'::text)))"}, {"Node Type": "Bitmap Heap Scan", "Parent Relationship": "Inner", "Relation Name": "movie_info_idx", "Alias": "mi_idx", "Startup Cost": 4.17, "Total Cost": 12.09, "Plan Rows": 2, "Plan Width": 8, "Recheck Cond": "(movie_id = t.id)", "Plans": [{"Node Type": "Bitmap Index Scan", "Parent Relationship": "Outer", "Index Name": "movie_id_movie_info_idx", "Startup Cost": 0.0, "Total Cost": 4.17, "Plan Rows": 2, "Plan Width": 0, "Index Cond": "(movie_id = t.id)"}]}]}]}, {"Node Type": "Bitmap Heap Scan", "Parent Relationship": "Inner", "Relation Name": "movie_companies", "Alias": "mc", "Startup Cost": 0.29, "Total Cost": 4.32, "Plan Rows": 2, "Plan Width": 12, "Recheck Cond": "(movie_id = mi_idx.movie_id)", "Plans": [{"Node Type": "Bitmap Index Scan", "Parent Relationship": "Outer", "Index Name": "movie_id_movie_companies", "Startup Cost": 0.0, "Total Cost": 0.29, "Plan Rows": 2, "Plan Width": 0, "Index Cond": "(movie_id = mi_idx.movie_id)"}]}]}, {"Node Type": "Bitmap Heap Scan", "Parent Relationship": "Inner", "Relation Name": "movie_info", "Alias": "mi", "Startup Cost": 0.38, "Total Cost": 4.44, "Plan Rows": 5, "Plan Width": 50, "Recheck Cond": "(movie_id = mc.movie_id)", "Plans": [{"Node Type": "Bitmap Index Scan", "Parent Relationship": "Outer", "Index Name": "movie_id_movie_info", "Startup Cost": 0.0, "Total Cost": 0.37, "Plan Rows": 5, "Plan Width": 0, "Index Cond": "(movie_id = mc.movie_id)"}]}]}]}, {"Node Type": "Bitmap Heap Scan", "Parent Relationship": "Inner", "Relation Name": "company_name", "Alias": "cn", "Startup Cost": 0.26, "Total Cost": 4.27, "Plan Rows": 1, "Plan Width": 4, "Recheck Cond": "(id = mc.company_id)", "Filter": "((country_code)::text = '[us]'::text)", "Plans": [{"Node Type": "Bitmap Index Scan", "Parent Relationship": "Outer", "Index Name": "company_name_pkey", "Startup Cost": 0.0, "Total Cost": 0.26, "Plan Rows": 1, "Plan Width": 0, "Index Cond": "(id = mc.company_id)"}]}]}, {"Node Type": "Materialize", "Parent Relationship": "Inner", "Startup Cost": 0.0, "Total Cost": 1.05, "Plan Rows": 2, "Plan Width": 4, "Plans": [{"Node Type": "Seq Scan", "Parent Relationship": "Outer", "Relation Name": "company_type", "Alias": "ct", "Startup Cost": 0.0, "Total Cost": 1.04, "Plan Rows": 2, "Plan Width": 4, "Filter": "((kind IS NOT NULL) AND (((kind)::text = 'production companies'::text) OR ((kind)::text = 'distributors'::text)))"}]}]}]}, "Unique SQL Id": 1682224415}, "explain_analyze_plan": {"Plan": {"Node Type": "Aggregate", "Strategy": "Plain", "Startup Cost": 84498.66, "Total Cost": 84498.67, "Plan Rows": 1, "Plan Width": 123, "Actual Startup Time": 1368.298, "Actual Total Time": 1368.299, "Actual Rows": 1, "Actual Loops": 1, "Plans": [{"Node Type": "Nested Loop", "Parent Relationship": "Outer", "Join Type": "Inner", "Startup Cost": 5.1, "Total Cost": 84498.64, "Plan Rows": 4, "Plan Width": 59, "Actual Startup Time": 967.173, "Actual Total Time": 1368.24, "Actual Rows": 5, "Actual Loops": 1, "Inner Unique": true, "Join Filter": "(mc.company_type_id = ct.id)", "Rows Removed by Join Filter": 5, "Plans": [{"Node Type": "Nested Loop", "Parent Relationship": "Outer", "Join Type": "Inner", "Startup Cost": 5.1, "Total Cost": 84497.47, "Plan Rows": 4, "Plan Width": 63, "Actual Startup Time": 966.883, "Actual Total Time": 1368.195, "Actual Rows": 10, "Actual Loops": 1, "Inner Unique": true, "Plans": [{"Node Type": "Nested Loop", "Parent Relationship": "Outer", "Join Type": "Inner", "Startup Cost": 4.84, "Total Cost": 84476.05, "Plan Rows": 5, "Plan Width": 67, "Actual Startup Time": 966.856, "Actual Total Time": 1367.898, "Actual Rows": 33, "Actual Loops": 1, "Inner Unique": false, "Join Filter": "(mi.info_type_id = it1.id)", "Rows Removed by Join Filter": 4926, "Plans": [{"Node Type": "Seq Scan", "Parent Relationship": "Outer", "Relation Name": "info_type", "Alias": "it1", "Startup Cost": 0.0, "Total Cost": 2.4, "Plan Rows": 1, "Plan Width": 4, "Actual Startup Time": 0.055, "Actual Total Time": 0.062, "Actual Rows": 1, "Actual Loops": 1, "Filter": "((info)::text = 'budget'::text)", "Rows Removed by Filter": 111}, {"Node Type": "Nested Loop", "Parent Relationship": "Inner", "Join Type": "Inner", "Startup Cost": 4.84, "Total Cost": 84459.62, "Plan Rows": 1122, "Plan Width": 71, "Actual Startup Time": 966.73, "Actual Total Time": 1366.883, "Actual Rows": 4959, "Actual Loops": 1, "Inner Unique": false, "Join Filter": "(t.id = mi.movie_id)", "Rows Removed by Join Filter": 0, "Plans": [{"Node Type": "Nested Loop", "Parent Relationship": "Outer", "Join Type": "Inner", "Startup Cost": 4.47, "Total Cost": 83514.44, "Plan Rows": 210, "Plan Width": 37, "Actual Startup Time": 966.675, "Actual Total Time": 1362.7, "Actual Rows": 33, "Actual Loops": 1, "Inner Unique": false, "Join Filter": "(t.id = mc.movie_id)", "Rows Removed by Join Filter": 0, "Plans": [{"Node Type": "Nested Loop", "Parent Relationship": "Outer", "Join Type": "Inner", "Startup Cost": 4.17, "Total Cost": 82163.69, "Plan Rows": 311, "Plan Width": 25, "Actual Startup Time": 966.598, "Actual Total Time": 1362.569, "Actual Rows": 2, "Actual Loops": 1, "Inner Unique": false, "Join Filter": "(mi_idx.info_type_id = it2.id)", "Rows Removed by Join Filter": 2643, "Plans": [{"Node Type": "Seq Scan", "Parent Relationship": "Outer", "Relation Name": "info_type", "Alias": "it2", "Startup Cost": 0.0, "Total Cost": 2.4, "Plan Rows": 1, "Plan Width": 4, "Actual Startup Time": 0.041, "Actual Total Time": 0.046, "Actual Rows": 1, "Actual Loops": 1, "Filter": "((info)::text = 'bottom 10 rank'::text)", "Rows Removed by Filter": 111}, {"Node Type": "Nested Loop", "Parent Relationship": "Inner", "Join Type": "Inner", "Startup Cost": 4.17, "Total Cost": 82156.34, "Plan Rows": 396, "Plan Width": 29, "Actual Startup Time": 14.116, "Actual Total Time": 1361.789, "Actual Rows": 2645, "Actual Loops": 1, "Inner Unique": false, "Plans": [{"Node Type": "Seq Scan", "Parent Relationship": "Outer", "Relation Name": "title", "Alias": "t", "Startup Cost": 0.0, "Total Cost": 79031.44, "Plan Rows": 258, "Plan Width": 21, "Actual Startup Time": 0.372, "Actual Total Time": 1341.772, "Actual Rows": 2536, "Actual Loops": 1, "Filter": "((production_year > 2000) AND (((title)::text ~~ 'Birdemic%'::text) OR ((title)::text ~~ '%Movie%'::text)))", "Rows Removed by Filter": 2525775}, {"Node Type": "Bitmap Heap Scan", "Parent Relationship": "Inner", "Relation Name": "movie_info_idx", "Alias": "mi_idx", "Startup Cost": 4.17, "Total Cost": 12.09, "Plan Rows": 2, "Plan Width": 8, "Actual Startup Time": 14.961, "Actual Total Time": 15.336, "Actual Rows": 2645, "Actual Loops": 2536, "Recheck Cond": "(movie_id = t.id)", "Rows Removed by Index Recheck": 0, "Exact Heap Blocks": 890, "Lossy Heap Blocks": 890, "Plans": [{"Node Type": "Bitmap Index Scan", "Parent Relationship": "Outer", "Index Name": "movie_id_movie_info_idx", "Startup Cost": 0.0, "Total Cost": 4.17, "Plan Rows": 2, "Plan Width": 0, "Actual Startup Time": 10.951, "Actual Total Time": 10.951, "Actual Rows": 2645, "Actual Loops": 2536, "Index Cond": "(movie_id = t.id)"}]}]}]}, {"Node Type": "Bitmap Heap Scan", "Parent Relationship": "Inner", "Relation Name": "movie_companies", "Alias": "mc", "Startup Cost": 0.29, "Total Cost": 4.32, "Plan Rows": 2, "Plan Width": 12, "Actual Startup Time": 0.07, "Actual Total Time": 0.08, "Actual Rows": 33, "Actual Loops": 2, "Recheck Cond": "(movie_id = mi_idx.movie_id)", "Rows Removed by Index Recheck": 0, "Exact Heap Blocks": 4, "Lossy Heap Blocks": 4, "Plans": [{"Node Type": "Bitmap Index Scan", "Parent Relationship": "Outer", "Index Name": "movie_id_movie_companies", "Startup Cost": 0.0, "Total Cost": 0.29, "Plan Rows": 2, "Plan Width": 0, "Actual Startup Time": 0.033, "Actual Total Time": 0.033, "Actual Rows": 33, "Actual Loops": 2, "Index Cond": "(movie_id = mi_idx.movie_id)"}]}]}, {"Node Type": "Bitmap Heap Scan", "Parent Relationship": "Inner", "Relation Name": "movie_info", "Alias": "mi", "Startup Cost": 0.38, "Total Cost": 4.44, "Plan Rows": 5, "Plan Width": 50, "Actual Startup Time": 0.795, "Actual Total Time": 2.552, "Actual Rows": 4959, "Actual Loops": 33, "Recheck Cond": "(movie_id = mc.movie_id)", "Rows Removed by Index Recheck": 0, "Exact Heap Blocks": 710, "Lossy Heap Blocks": 710, "Plans": [{"Node Type": "Bitmap Index Scan", "Parent Relationship": "Outer", "Index Name": "movie_id_movie_info", "Startup Cost": 0.0, "Total Cost": 0.37, "Plan Rows": 5, "Plan Width": 0, "Actual Startup Time": 0.662, "Actual Total Time": 0.662, "Actual Rows": 4959, "Actual Loops": 33, "Index Cond": "(movie_id = mc.movie_id)"}]}]}]}, {"Node Type": "Bitmap Heap Scan", "Parent Relationship": "Inner", "Relation Name": "company_name", "Alias": "cn", "Startup Cost": 0.26, "Total Cost": 4.27, "Plan Rows": 1, "Plan Width": 4, "Actual Startup Time": 0.244, "Actual Total Time": 0.244, "Actual Rows": 10, "Actual Loops": 33, "Recheck Cond": "(id = mc.company_id)", "Rows Removed by Index Recheck": 0, "Filter": "((country_code)::text = '[us]'::text)", "Rows Removed by Filter": 23, "Exact Heap Blocks": 33, "Lossy Heap Blocks": 33, "Plans": [{"Node Type": "Bitmap Index Scan", "Parent Relationship": "Outer", "Index Name": "company_name_pkey", "Startup Cost": 0.0, "Total Cost": 0.26, "Plan Rows": 1, "Plan Width": 0, "Actual Startup Time": 0.137, "Actual Total Time": 0.137, "Actual Rows": 33, "Actual Loops": 33, "Index Cond": "(id = mc.company_id)"}]}]}, {"Node Type": "Materialize", "Parent Relationship": "Inner", "Startup Cost": 0.0, "Total Cost": 1.05, "Plan Rows": 2, "Plan Width": 4, "Actual Startup Time": 0.023, "Actual Total Time": 0.029, "Actual Rows": 10, "Actual Loops": 10, "Plans": [{"Node Type": "Seq Scan", "Parent Relationship": "Outer", "Relation Name": "company_type", "Alias": "ct", "Startup Cost": 0.0, "Total Cost": 1.04, "Plan Rows": 2, "Plan Width": 4, "Actual Startup Time": 0.013, "Actual Total Time": 0.018, "Actual Rows": 1, "Actual Loops": 1, "Filter": "((kind IS NOT NULL) AND (((kind)::text = 'production companies'::text) OR ((kind)::text = 'distributors'::text)))", "Rows Removed by Filter": 2}]}]}]}, "Triggers": [], "Planner Runtime": 89.734, "Total Runtime": 1368.646, "Unique SQL Id": 1682224415}}, "(1, 39)": {"explain_plan": {"Plan": {"Node Type": "Aggregate", "Strategy": "Plain", "Startup Cost": 1000012336498.63, "Total Cost": 1000012336498.64, "Plan Rows": 1, "Plan Width": 123, "Plans": [{"Node Type": "Nested Loop", "Parent Relationship": "Outer", "Join Type": "Inner", "Startup Cost": 10000000002.04, "Total Cost": 1000012336498.61, "Plan Rows": 4, "Plan Width": 59, "Inner Unique": true, "Plans": [{"Node Type": "Nested Loop", "Parent Relationship": "Outer", "Join Type": "Inner", "Startup Cost": 10000000001.78, "Total Cost": 1000012336438.65, "Plan Rows": 14, "Plan Width": 63, "Inner Unique": true, "Plans": [{"Node Type": "Nested Loop", "Parent Relationship": "Outer", "Join Type": "Inner", "Startup Cost": 10000000001.52, "Total Cost": 1000012336378.66, "Plan Rows": 14, "Plan Width": 67, "Inner Unique": true, "Plans": [{"Node Type": "Nested Loop", "Parent Relationship": "Outer", "Join Type": "Inner", "Startup Cost": 10000000001.26, "Total Cost": 1000012336100.24, "Plan Rows": 65, "Plan Width": 71, "Inner Unique": false, "Join Filter": "(t.id = mc.movie_id)", "Plans": [{"Node Type": "Nested Loop", "Parent Relationship": "Outer", "Join Type": "Inner", "Startup Cost": 10000000001.0, "Total Cost": 1000012335970.7, "Plan Rows": 30, "Plan Width": 75, "Inner Unique": true, "Plans": [{"Node Type": "Nested Loop", "Parent Relationship": "Outer", "Join Type": "Inner", "Startup Cost": 10000000000.74, "Total Cost": 1000012326904.12, "Plan Rows": 2117, "Plan Width": 79, "Inner Unique": false, "Join Filter": "(t.id = mi.movie_id)", "Plans": [{"Node Type": "Nested Loop", "Parent Relationship": "Outer", "Join Type": "Inner", "Startup Cost": 10000000000.28, "Total Cost": 1000012325091.05, "Plan Rows": 396, "Plan Width": 29, "Inner Unique": true, "Plans": [{"Node Type": "Index Scan", "Parent Relationship": "Outer", "Scan Direction": "Forward", "Index Name": "info_type_id_movie_info_idx", "Relation Name": "movie_info_idx", "Alias": "mi_idx", "Startup Cost": 10000000000.0, "Total Cost": 1000006370838.27, "Plan Rows": 1380034, "Plan Width": 8}, {"Node Type": "Bitmap Heap Scan", "Parent Relationship": "Inner", "Relation Name": "title", "Alias": "t", "Startup Cost": 0.28, "Total Cost": 4.3, "Plan Rows": 1, "Plan Width": 21, "Recheck Cond": "(id = mi_idx.movie_id)", "Filter": "((production_year > 2000) AND (((title)::text ~~ 'Birdemic%'::text) OR ((title)::text ~~ '%Movie%'::text)))", "Plans": [{"Node Type": "Bitmap Index Scan", "Parent Relationship": "Outer", "Index Name": "title_pkey", "Startup Cost": 0.0, "Total Cost": 0.28, "Plan Rows": 1, "Plan Width": 0, "Index Cond": "(id = mi_idx.movie_id)"}]}]}, {"Node Type": "Bitmap Heap Scan", "Parent Relationship": "Inner", "Relation Name": "movie_info", "Alias": "mi", "Startup Cost": 0.45, "Total Cost": 4.52, "Plan Rows": 5, "Plan Width": 50, "Recheck Cond": "(movie_id = mi_idx.movie_id)", "Plans": [{"Node Type": "Bitmap Index Scan", "Parent Relationship": "Outer", "Index Name": "movie_id_movie_info", "Startup Cost": 0.0, "Total Cost": 0.45, "Plan Rows": 5, "Plan Width": 0, "Index Cond": "(movie_id = mi_idx.movie_id)"}]}]}, {"Node Type": "Bitmap Heap Scan", "Parent Relationship": "Inner", "Relation Name": "info_type", "Alias": "it1", "Startup Cost": 0.26, "Total Cost": 4.27, "Plan Rows": 1, "Plan Width": 4, "Recheck Cond": "(id = mi.info_type_id)", "Filter": "((info)::text = 'budget'::text)", "Plans": [{"Node Type": "Bitmap Index Scan", "Parent Relationship": "Outer", "Index Name": "info_type_pkey", "Startup Cost": 0.0, "Total Cost": 0.26, "Plan Rows": 1, "Plan Width": 0, "Index Cond": "(id = mi.info_type_id)"}]}]}, {"Node Type": "Bitmap Heap Scan", "Parent Relationship": "Inner", "Relation Name": "movie_companies", "Alias": "mc", "Startup Cost": 0.27, "Total Cost": 4.29, "Plan Rows": 2, "Plan Width": 12, "Recheck Cond": "(movie_id = mi.movie_id)", "Plans": [{"Node Type": "Bitmap Index Scan", "Parent Relationship": "Outer", "Index Name": "movie_id_movie_companies", "Startup Cost": 0.0, "Total Cost": 0.27, "Plan Rows": 2, "Plan Width": 0, "Index Cond": "(movie_id = mi.movie_id)"}]}]}, {"Node Type": "Bitmap Heap Scan", "Parent Relationship": "Inner", "Relation Name": "company_name", "Alias": "cn", "Startup Cost": 0.26, "Total Cost": 4.27, "Plan Rows": 1, "Plan Width": 4, "Recheck Cond": "(id = mc.company_id)", "Filter": "((country_code)::text = '[us]'::text)", "Plans": [{"Node Type": "Bitmap Index Scan", "Parent Relationship": "Outer", "Index Name": "company_name_pkey", "Startup Cost": 0.0, "Total Cost": 0.26, "Plan Rows": 1, "Plan Width": 0, "Index Cond": "(id = mc.company_id)"}]}]}, {"Node Type": "Bitmap Heap Scan", "Parent Relationship": "Inner", "Relation Name": "company_type", "Alias": "ct", "Startup Cost": 0.26, "Total Cost": 4.28, "Plan Rows": 1, "Plan Width": 4, "Recheck Cond": "(id = mc.company_type_id)", "Filter": "((kind IS NOT NULL) AND (((kind)::text = 'production companies'::text) OR ((kind)::text = 'distributors'::text)))", "Plans": [{"Node Type": "Bitmap Index Scan", "Parent Relationship": "Outer", "Index Name": "company_type_pkey", "Startup Cost": 0.0, "Total Cost": 0.26, "Plan Rows": 1, "Plan Width": 0, "Index Cond": "(id = mc.company_type_id)"}]}]}, {"Node Type": "Bitmap Heap Scan", "Parent Relationship": "Inner", "Relation Name": "info_type", "Alias": "it2", "Startup Cost": 0.26, "Total Cost": 4.27, "Plan Rows": 1, "Plan Width": 4, "Recheck Cond": "(id = mi_idx.info_type_id)", "Filter": "((info)::text = 'bottom 10 rank'::text)", "Plans": [{"Node Type": "Bitmap Index Scan", "Parent Relationship": "Outer", "Index Name": "info_type_pkey", "Startup Cost": 0.0, "Total Cost": 0.26, "Plan Rows": 1, "Plan Width": 0, "Index Cond": "(id = mi_idx.info_type_id)"}]}]}]}, "Unique SQL Id": 1682224415}, "explain_analyze_plan": null}, "(1, 40)": {"explain_plan": {"Plan": {"Node Type": "Aggregate", "Strategy": "Plain", "Startup Cost": 81432.16, "Total Cost": 81432.17, "Plan Rows": 1, "Plan Width": 123, "Plans": [{"Node Type": "Nested Loop", "Parent Relationship": "Outer", "Join Type": "Inner", "Startup Cost": 0.0, "Total Cost": 81432.14, "Plan Rows": 4, "Plan Width": 59, "Inner Unique": true, "Plans": [{"Node Type": "Nested Loop", "Parent Relationship": "Outer", "Join Type": "Inner", "Startup Cost": 0.0, "Total Cost": 81431.0, "Plan Rows": 4, "Plan Width": 63, "Inner Unique": true, "Plans": [{"Node Type": "Nested Loop", "Parent Relationship": "Outer", "Join Type": "Inner", "Startup Cost": 0.0, "Total Cost": 81429.56, "Plan Rows": 5, "Plan Width": 67, "Inner Unique": false, "Join Filter": "(mi.info_type_id = it1.id)", "Plans": [{"Node Type": "Seq Scan", "Parent Relationship": "Outer", "Relation Name": "info_type", "Alias": "it1", "Startup Cost": 0.0, "Total Cost": 2.4, "Plan Rows": 1, "Plan Width": 4, "Filter": "((info)::text = 'budget'::text)"}, {"Node Type": "Nested Loop", "Parent Relationship": "Inner", "Join Type": "Inner", "Startup Cost": 0.0, "Total Cost": 81413.14, "Plan Rows": 1122, "Plan Width": 71, "Inner Unique": false, "Join Filter": "(t.id = mi.movie_id)", "Plans": [{"Node Type": "Nested Loop", "Parent Relationship": "Outer", "Join Type": "Inner", "Startup Cost": 0.0, "Total Cost": 81260.48, "Plan Rows": 210, "Plan Width": 37, "Inner Unique": false, "Join Filter": "(t.id = mc.movie_id)", "Plans": [{"Node Type": "Nested Loop", "Parent Relationship": "Outer", "Join Type": "Inner", "Startup Cost": 0.0, "Total Cost": 81139.71, "Plan Rows": 311, "Plan Width": 25, "Inner Unique": false, "Join Filter": "(mi_idx.info_type_id = it2.id)", "Plans": [{"Node Type": "Seq Scan", "Parent Relationship": "Outer", "Relation Name": "info_type", "Alias": "it2", "Startup Cost": 0.0, "Total Cost": 2.4, "Plan Rows": 1, "Plan Width": 4, "Filter": "((info)::text = 'bottom 10 rank'::text)"}, {"Node Type": "Nested Loop", "Parent Relationship": "Inner", "Join Type": "Inner", "Startup Cost": 0.0, "Total Cost": 81132.36, "Plan Rows": 396, "Plan Width": 29, "Inner Unique": false, "Plans": [{"Node Type": "Seq Scan", "Parent Relationship": "Outer", "Relation Name": "title", "Alias": "t", "Startup Cost": 0.0, "Total Cost": 79031.44, "Plan Rows": 258, "Plan Width": 21, "Filter": "((production_year > 2000) AND (((title)::text ~~ 'Birdemic%'::text) OR ((title)::text ~~ '%Movie%'::text)))"}, {"Node Type": "Index Scan", "Parent Relationship": "Inner", "Scan Direction": "Forward", "Index Name": "movie_id_movie_info_idx", "Relation Name": "movie_info_idx", "Alias": "mi_idx", "Startup Cost": 0.0, "Total Cost": 8.12, "Plan Rows": 2, "Plan Width": 8, "Index Cond": "(movie_id = t.id)"}]}]}, {"Node Type": "Index Scan", "Parent Relationship": "Inner", "Scan Direction": "Forward", "Index Name": "movie_id_movie_companies", "Relation Name": "movie_companies", "Alias": "mc", "Startup Cost": 0.0, "Total Cost": 0.36, "Plan Rows": 2, "Plan Width": 12, "Index Cond": "(movie_id = mi_idx.movie_id)"}]}, {"Node Type": "Index Scan", "Parent Relationship": "Inner", "Scan Direction": "Forward", "Index Name": "movie_id_movie_info", "Relation Name": "movie_info", "Alias": "mi", "Startup Cost": 0.0, "Total Cost": 0.66, "Plan Rows": 5, "Plan Width": 50, "Index Cond": "(movie_id = mc.movie_id)"}]}]}, {"Node Type": "Index Scan", "Parent Relationship": "Inner", "Scan Direction": "Forward", "Index Name": "company_name_pkey", "Relation Name": "company_name", "Alias": "cn", "Startup Cost": 0.0, "Total Cost": 0.28, "Plan Rows": 1, "Plan Width": 4, "Index Cond": "(id = mc.company_id)", "Filter": "((country_code)::text = '[us]'::text)"}]}, {"Node Type": "Index Scan", "Parent Relationship": "Inner", "Scan Direction": "Forward", "Index Name": "company_type_pkey", "Relation Name": "company_type", "Alias": "ct", "Startup Cost": 0.0, "Total Cost": 0.28, "Plan Rows": 1, "Plan Width": 4, "Index Cond": "(id = mc.company_type_id)", "Filter": "((kind IS NOT NULL) AND (((kind)::text = 'production companies'::text) OR ((kind)::text = 'distributors'::text)))"}]}]}, "Unique SQL Id": 1682224415}, "explain_analyze_plan": {"Plan": {"Node Type": "Aggregate", "Strategy": "Plain", "Startup Cost": 81432.16, "Total Cost": 81432.17, "Plan Rows": 1, "Plan Width": 123, "Actual Startup Time": 1371.266, "Actual Total Time": 1371.266, "Actual Rows": 1, "Actual Loops": 1, "Plans": [{"Node Type": "Nested Loop", "Parent Relationship": "Outer", "Join Type": "Inner", "Startup Cost": 0.0, "Total Cost": 81432.14, "Plan Rows": 4, "Plan Width": 59, "Actual Startup Time": 973.085, "Actual Total Time": 1371.203, "Actual Rows": 5, "Actual Loops": 1, "Inner Unique": true, "Plans": [{"Node Type": "Nested Loop", "Parent Relationship": "Outer", "Join Type": "Inner", "Startup Cost": 0.0, "Total Cost": 81431.0, "Plan Rows": 4, "Plan Width": 63, "Actual Startup Time": 972.828, "Actual Total Time": 1371.159, "Actual Rows": 10, "Actual Loops": 1, "Inner Unique": true, "Plans": [{"Node Type": "Nested Loop", "Parent Relationship": "Outer", "Join Type": "Inner", "Startup Cost": 0.0, "Total Cost": 81429.56, "Plan Rows": 5, "Plan Width": 67, "Actual Startup Time": 972.803, "Actual Total Time": 1370.929, "Actual Rows": 33, "Actual Loops": 1, "Inner Unique": false, "Join Filter": "(mi.info_type_id = it1.id)", "Rows Removed by Join Filter": 4926, "Plans": [{"Node Type": "Seq Scan", "Parent Relationship": "Outer", "Relation Name": "info_type", "Alias": "it1", "Startup Cost": 0.0, "Total Cost": 2.4, "Plan Rows": 1, "Plan Width": 4, "Actual Startup Time": 0.067, "Actual Total Time": 0.078, "Actual Rows": 1, "Actual Loops": 1, "Filter": "((info)::text = 'budget'::text)", "Rows Removed by Filter": 111}, {"Node Type": "Nested Loop", "Parent Relationship": "Inner", "Join Type": "Inner", "Startup Cost": 0.0, "Total Cost": 81413.14, "Plan Rows": 1122, "Plan Width": 71, "Actual Startup Time": 972.653, "Actual Total Time": 1369.917, "Actual Rows": 4959, "Actual Loops": 1, "Inner Unique": false, "Join Filter": "(t.id = mi.movie_id)", "Rows Removed by Join Filter": 0, "Plans": [{"Node Type": "Nested Loop", "Parent Relationship": "Outer", "Join Type": "Inner", "Startup Cost": 0.0, "Total Cost": 81260.48, "Plan Rows": 210, "Plan Width": 37, "Actual Startup Time": 972.576, "Actual Total Time": 1365.779, "Actual Rows": 33, "Actual Loops": 1, "Inner Unique": false, "Join Filter": "(t.id = mc.movie_id)", "Rows Removed by Join Filter": 0, "Plans": [{"Node Type": "Nested Loop", "Parent Relationship": "Outer", "Join Type": "Inner", "Startup Cost": 0.0, "Total Cost": 81139.71, "Plan Rows": 311, "Plan Width": 25, "Actual Startup Time": 972.451, "Actual Total Time": 1365.601, "Actual Rows": 2, "Actual Loops": 1, "Inner Unique": false, "Join Filter": "(mi_idx.info_type_id = it2.id)", "Rows Removed by Join Filter": 2643, "Plans": [{"Node Type": "Seq Scan", "Parent Relationship": "Outer", "Relation Name": "info_type", "Alias": "it2", "Startup Cost": 0.0, "Total Cost": 2.4, "Plan Rows": 1, "Plan Width": 4, "Actual Startup Time": 0.044, "Actual Total Time": 0.051, "Actual Rows": 1, "Actual Loops": 1, "Filter": "((info)::text = 'bottom 10 rank'::text)", "Rows Removed by Filter": 111}, {"Node Type": "Nested Loop", "Parent Relationship": "Inner", "Join Type": "Inner", "Startup Cost": 0.0, "Total Cost": 81132.36, "Plan Rows": 396, "Plan Width": 29, "Actual Startup Time": 13.969, "Actual Total Time": 1364.883, "Actual Rows": 2645, "Actual Loops": 1, "Inner Unique": false, "Plans": [{"Node Type": "Seq Scan", "Parent Relationship": "Outer", "Relation Name": "title", "Alias": "t", "Startup Cost": 0.0, "Total Cost": 79031.44, "Plan Rows": 258, "Plan Width": 21, "Actual Startup Time": 0.371, "Actual Total Time": 1349.84, "Actual Rows": 2536, "Actual Loops": 1, "Filter": "((production_year > 2000) AND (((title)::text ~~ 'Birdemic%'::text) OR ((title)::text ~~ '%Movie%'::text)))", "Rows Removed by Filter": 2525775}, {"Node Type": "Index Scan", "Parent Relationship": "Inner", "Scan Direction": "Forward", "Index Name": "movie_id_movie_info_idx", "Relation Name": "movie_info_idx", "Alias": "mi_idx", "Startup Cost": 0.0, "Total Cost": 8.12, "Plan Rows": 2, "Plan Width": 8, "Actual Startup Time": 11.624, "Actual Total Time": 12.638, "Actual Rows": 2645, "Actual Loops": 2536, "Index Cond": "(movie_id = t.id)", "Rows Removed by Index Recheck": 0}]}]}, {"Node Type": "Index Scan", "Parent Relationship": "Inner", "Scan Direction": "Forward", "Index Name": "movie_id_movie_companies", "Relation Name": "movie_companies", "Alias": "mc", "Startup Cost": 0.0, "Total Cost": 0.36, "Plan Rows": 2, "Plan Width": 12, "Actual Startup Time": 0.033, "Actual Total Time": 0.054, "Actual Rows": 33, "Actual Loops": 2, "Index Cond": "(movie_id = mi_idx.movie_id)", "Rows Removed by Index Recheck": 0}]}, {"Node Type": "Index Scan", "Parent Relationship": "Inner", "Scan Direction": "Forward", "Index Name": "movie_id_movie_info", "Relation Name": "movie_info", "Alias": "mi", "Startup Cost": 0.0, "Total Cost": 0.66, "Plan Rows": 5, "Plan Width": 50, "Actual Startup Time": 0.527, "Actual Total Time": 2.538, "Actual Rows": 4959, "Actual Loops": 33, "Index Cond": "(movie_id = mc.movie_id)", "Rows Removed by Index Recheck": 0}]}]}, {"Node Type": "Index Scan", "Parent Relationship": "Inner", "Scan Direction": "Forward", "Index Name": "company_name_pkey", "Relation Name": "company_name", "Alias": "cn", "Startup Cost": 0.0, "Total Cost": 0.28, "Plan Rows": 1, "Plan Width": 4, "Actual Startup Time": 0.2, "Actual Total Time": 0.2, "Actual Rows": 10, "Actual Loops": 33, "Index Cond": "(id = mc.company_id)", "Rows Removed by Index Recheck": 0, "Filter": "((country_code)::text = '[us]'::text)", "Rows Removed by Filter": 23}]}, {"Node Type": "Index Scan", "Parent Relationship": "Inner", "Scan Direction": "Forward", "Index Name": "company_type_pkey", "Relation Name": "company_type", "Alias": "ct", "Startup Cost": 0.0, "Total Cost": 0.28, "Plan Rows": 1, "Plan Width": 4, "Actual Startup Time": 0.026, "Actual Total Time": 0.026, "Actual Rows": 5, "Actual Loops": 10, "Index Cond": "(id = mc.company_type_id)", "Rows Removed by Index Recheck": 0, "Filter": "((kind IS NOT NULL) AND (((kind)::text = 'production companies'::text) OR ((kind)::text = 'distributors'::text)))", "Rows Removed by Filter": 0}]}]}, "Triggers": [], "Planner Runtime": 98.34, "Total Runtime": 1371.638, "Unique SQL Id": 1682224415}}, "(1, 41)": {"explain_plan": {"Plan": {"Node Type": "Aggregate", "Strategy": "Plain", "Startup Cost": 131509.23, "Total Cost": 131509.24, "Plan Rows": 1, "Plan Width": 123, "Plans": [{"Node Type": "Nested Loop", "Parent Relationship": "Outer", "Join Type": "Inner", "Startup Cost": 0.0, "Total Cost": 131508.99, "Plan Rows": 48, "Plan Width": 59, "Inner Unique": true, "Plans": [{"Node Type": "Nested Loop", "Parent Relationship": "Outer", "Join Type": "Inner", "Startup Cost": 0.0, "Total Cost": 131506.98, "Plan Rows": 7, "Plan Width": 63, "Inner Unique": true, "Plans": [{"Node Type": "Nested Loop", "Parent Relationship": "Outer", "Join Type": "Inner", "Startup Cost": 0.0, "Total Cost": 131505.55, "Plan Rows": 5, "Plan Width": 67, "Inner Unique": false, "Join Filter": "(mi.info_type_id = it1.id)", "Plans": [{"Node Type": "Index Scan", "Parent Relationship": "Outer", "Scan Direction": "Forward", "Index Name": "info_type_pkey", "Relation Name": "info_type", "Alias": "it1", "Startup Cost": 0.0, "Total Cost": 14.21, "Plan Rows": 1, "Plan Width": 4, "Filter": "((info)::text = 'budget'::text)"}, {"Node Type": "Nested Loop", "Parent Relationship": "Inner", "Join Type": "Inner", "Startup Cost": 0.0, "Total Cost": 131477.32, "Plan Rows": 1122, "Plan Width": 71, "Inner Unique": false, "Join Filter": "(t.id = mi.movie_id)", "Plans": [{"Node Type": "Nested Loop", "Parent Relationship": "Outer", "Join Type": "Inner", "Startup Cost": 0.0, "Total Cost": 131324.66, "Plan Rows": 210, "Plan Width": 37, "Inner Unique": false, "Join Filter": "(t.id = mc.movie_id)", "Plans": [{"Node Type": "Nested Loop", "Parent Relationship": "Outer", "Join Type": "Inner", "Startup Cost": 0.0, "Total Cost": 131203.89, "Plan Rows": 311, "Plan Width": 25, "Inner Unique": true, "Join Filter": "(mi_idx.info_type_id = it2.id)", "Plans": [{"Node Type": "Nested Loop", "Parent Relationship": "Outer", "Join Type": "Inner", "Startup Cost": 0.0, "Total Cost": 131183.74, "Plan Rows": 396, "Plan Width": 29, "Inner Unique": false, "Plans": [{"Node Type": "Index Scan", "Parent Relationship": "Outer", "Scan Direction": "Forward", "Index Name": "title_pkey", "Relation Name": "title", "Alias": "t", "Startup Cost": 0.0, "Total Cost": 129082.82, "Plan Rows": 258, "Plan Width": 21, "Filter": "((production_year > 2000) AND (((title)::text ~~ 'Birdemic%'::text) OR ((title)::text ~~ '%Movie%'::text)))"}, {"Node Type": "Index Scan", "Parent Relationship": "Inner", "Scan Direction": "Forward", "Index Name": "movie_id_movie_info_idx", "Relation Name": "movie_info_idx", "Alias": "mi_idx", "Startup Cost": 0.0, "Total Cost": 8.12, "Plan Rows": 2, "Plan Width": 8, "Index Cond": "(movie_id = t.id)"}]}, {"Node Type": "Materialize", "Parent Relationship": "Inner", "Startup Cost": 0.0, "Total Cost": 14.22, "Plan Rows": 1, "Plan Width": 4, "Plans": [{"Node Type": "Index Scan", "Parent Relationship": "Outer", "Scan Direction": "Forward", "Index Name": "info_type_pkey", "Relation Name": "info_type", "Alias": "it2", "Startup Cost": 0.0, "Total Cost": 14.21, "Plan Rows": 1, "Plan Width": 4, "Filter": "((info)::text = 'bottom 10 rank'::text)"}]}]}, {"Node Type": "Index Scan", "Parent Relationship": "Inner", "Scan Direction": "Forward", "Index Name": "movie_id_movie_companies", "Relation Name": "movie_companies", "Alias": "mc", "Startup Cost": 0.0, "Total Cost": 0.36, "Plan Rows": 2, "Plan Width": 12, "Index Cond": "(movie_id = mi_idx.movie_id)"}]}, {"Node Type": "Index Scan", "Parent Relationship": "Inner", "Scan Direction": "Forward", "Index Name": "movie_id_movie_info", "Relation Name": "movie_info", "Alias": "mi", "Startup Cost": 0.0, "Total Cost": 0.66, "Plan Rows": 5, "Plan Width": 50, "Index Cond": "(movie_id = mc.movie_id)"}]}]}, {"Node Type": "Index Scan", "Parent Relationship": "Inner", "Scan Direction": "Forward", "Index Name": "company_type_pkey", "Relation Name": "company_type", "Alias": "ct", "Startup Cost": 0.0, "Total Cost": 0.28, "Plan Rows": 1, "Plan Width": 4, "Index Cond": "(id = mc.company_type_id)", "Filter": "((kind IS NOT NULL) AND (((kind)::text = 'production companies'::text) OR ((kind)::text = 'distributors'::text)))"}]}, {"Node Type": "Index Scan", "Parent Relationship": "Inner", "Scan Direction": "Forward", "Index Name": "company_name_pkey", "Relation Name": "company_name", "Alias": "cn", "Startup Cost": 0.0, "Total Cost": 0.28, "Plan Rows": 1, "Plan Width": 4, "Index Cond": "(id = mc.company_id)", "Filter": "((country_code)::text = '[us]'::text)"}]}]}, "Unique SQL Id": 1682224415}, "explain_analyze_plan": null}, "(1, 42)": {"explain_plan": {"Plan": {"Node Type": "Aggregate", "Strategy": "Plain", "Startup Cost": 500007.78, "Total Cost": 500007.79, "Plan Rows": 1, "Plan Width": 123, "Plans": [{"Node Type": "Nested Loop", "Parent Relationship": "Outer", "Join Type": "Inner", "Startup Cost": 163080.53, "Total Cost": 500007.76, "Plan Rows": 4, "Plan Width": 59, "Inner Unique": true, "Join Filter": "(mc.company_type_id = ct.id)", "Plans": [{"Node Type": "Hash Join", "Parent Relationship": "Outer", "Join Type": "Inner", "Startup Cost": 163080.53, "Total Cost": 500006.59, "Plan Rows": 4, "Plan Width": 63, "Inner Unique": true, "Hash Cond": "(mc.company_id = cn.id)", "Plans": [{"Node Type": "Hash Join", "Parent Relationship": "Outer", "Join Type": "Inner", "Startup Cost": 156112.45, "Total Cost": 493038.43, "Plan Rows": 5, "Plan Width": 67, "Inner Unique": false, "Hash Cond": "(mi.movie_id = t.id)", "Plans": [{"Node Type": "Hash Join", "Parent Relationship": "Outer", "Join Type": "Inner", "Startup Cost": 2.41, "Total Cost": 336382.21, "Plan Rows": 212428, "Plan Width": 46, "Inner Unique": true, "Hash Cond": "(mi.info_type_id = it1.id), (LLVM Optimized)", "Plans": [{"Node Type": "Seq Scan", "Parent Relationship": "Outer", "Relation Name": "movie_info", "Alias": "mi", "Startup Cost": 0.0, "Total Cost": 296987.66, "Plan Rows": 14869966, "Plan Width": 50}, {"Node Type": "Hash", "Parent Relationship": "Inner", "Startup Cost": 2.4, "Total Cost": 2.4, "Plan Rows": 1, "Plan Width": 4, "Plans": [{"Node Type": "Seq Scan", "Parent Relationship": "Outer", "Relation Name": "info_type", "Alias": "it1", "Startup Cost": 0.0, "Total Cost": 2.4, "Plan Rows": 1, "Plan Width": 4, "Filter": "((info)::text = 'budget'::text)"}]}]}, {"Node Type": "Hash", "Parent Relationship": "Inner", "Startup Cost": 156107.41, "Total Cost": 156107.41, "Plan Rows": 210, "Plan Width": 37, "Plans": [{"Node Type": "Hash Join", "Parent Relationship": "Outer", "Join Type": "Inner", "Startup Cost": 104499.33, "Total Cost": 156107.41, "Plan Rows": 210, "Plan Width": 37, "Inner Unique": false, "Hash Cond": "(mc.movie_id = t.id)", "Plans": [{"Node Type": "Seq Scan", "Parent Relationship": "Outer", "Relation Name": "movie_companies", "Alias": "mc", "Startup Cost": 0.0, "Total Cost": 41817.28, "Plan Rows": 2609128, "Plan Width": 12}, {"Node Type": "Hash", "Parent Relationship": "Inner", "Startup Cost": 104495.45, "Total Cost": 104495.45, "Plan Rows": 311, "Plan Width": 25, "Plans": [{"Node Type": "Nested Loop", "Parent Relationship": "Outer", "Join Type": "Inner", "Startup Cost": 79034.67, "Total Cost": 104495.45, "Plan Rows": 311, "Plan Width": 25, "Inner Unique": false, "Join Filter": "(mi_idx.info_type_id = it2.id)", "Plans": [{"Node Type": "Seq Scan", "Parent Relationship": "Outer", "Relation Name": "info_type", "Alias": "it2", "Startup Cost": 0.0, "Total Cost": 2.4, "Plan Rows": 1, "Plan Width": 4, "Filter": "((info)::text = 'bottom 10 rank'::text)"}, {"Node Type": "Hash Join", "Parent Relationship": "Inner", "Join Type": "Inner", "Startup Cost": 79034.67, "Total Cost": 104488.1, "Plan Rows": 396, "Plan Width": 29, "Inner Unique": true, "Hash Cond": "(mi_idx.movie_id = t.id)", "Plans": [{"Node Type": "Seq Scan", "Parent Relationship": "Outer", "Relation Name": "movie_info_idx", "Alias": "mi_idx", "Startup Cost": 0.0, "Total Cost": 20274.34, "Plan Rows": 1380034, "Plan Width": 8}, {"Node Type": "Hash", "Parent Relationship": "Inner", "Startup Cost": 79031.44, "Total Cost": 79031.44, "Plan Rows": 258, "Plan Width": 21, "Plans": [{"Node Type": "Seq Scan", "Parent Relationship": "Outer", "Relation Name": "title", "Alias": "t", "Startup Cost": 0.0, "Total Cost": 79031.44, "Plan Rows": 258, "Plan Width": 21, "Filter": "((production_year > 2000) AND (((title)::text ~~ 'Birdemic%'::text) OR ((title)::text ~~ '%Movie%'::text)))"}]}]}]}]}]}]}]}, {"Node Type": "Hash", "Parent Relationship": "Inner", "Startup Cost": 5903.45, "Total Cost": 5903.45, "Plan Rows": 85170, "Plan Width": 4, "Plans": [{"Node Type": "Seq Scan", "Parent Relationship": "Outer", "Relation Name": "company_name", "Alias": "cn", "Startup Cost": 0.0, "Total Cost": 5903.45, "Plan Rows": 85170, "Plan Width": 4, "Filter": "((country_code)::text = '[us]'::text)"}]}]}, {"Node Type": "Materialize", "Parent Relationship": "Inner", "Startup Cost": 0.0, "Total Cost": 1.05, "Plan Rows": 2, "Plan Width": 4, "Plans": [{"Node Type": "Seq Scan", "Parent Relationship": "Outer", "Relation Name": "company_type", "Alias": "ct", "Startup Cost": 0.0, "Total Cost": 1.04, "Plan Rows": 2, "Plan Width": 4, "Filter": "((kind IS NOT NULL) AND (((kind)::text = 'production companies'::text) OR ((kind)::text = 'distributors'::text)))"}]}]}]}, "Unique SQL Id": 1682224415}, "explain_analyze_plan": null}, "(1, 43)": {"explain_plan": {"Plan": {"Node Type": "Aggregate", "Strategy": "Plain", "Startup Cost": 8000138252195.44, "Total Cost": 8000138252195.45, "Plan Rows": 1, "Plan Width": 123, "Plans": [{"Node Type": "Nested Loop", "Parent Relationship": "Outer", "Join Type": "Inner", "Startup Cost": 80000000000.0, "Total Cost": 8000138252195.42, "Plan Rows": 4, "Plan Width": 59, "Inner Unique": true, "Join Filter": "(mc.company_type_id = ct.id)", "Plans": [{"Node Type": "Nested Loop", "Parent Relationship": "Outer", "Join Type": "Inner", "Startup Cost": 70000000000.0, "Total Cost": 7000138250964.3, "Plan Rows": 4, "Plan Width": 63, "Inner Unique": true, "Join Filter": "(mc.company_id = cn.id)", "Plans": [{"Node Type": "Nested Loop", "Parent Relationship": "Outer", "Join Type": "Inner", "Startup Cost": 60000000000.0, "Total Cost": 6000137180171.6, "Plan Rows": 16, "Plan Width": 67, "Inner Unique": false, "Join Filter": "(t.id = mc.movie_id)", "Plans": [{"Node Type": "Index Scan", "Parent Relationship": "Outer", "Scan Direction": "Forward", "Index Name": "company_type_id_movie_companies", "Relation Name": "movie_companies", "Alias": "mc", "Startup Cost": 10000000000.0, "Total Cost": 1000009318217.0, "Plan Rows": 2609128, "Plan Width": 12}, {"Node Type": "Materialize", "Parent Relationship": "Inner", "Startup Cost": 50000000000.0, "Total Cost": 5000123830852.1, "Plan Rows": 103, "Plan Width": 71, "Plans": [{"Node Type": "Nested Loop", "Parent Relationship": "Outer", "Join Type": "Inner", "Startup Cost": 50000000000.0, "Total Cost": 5000123830851.59, "Plan Rows": 103, "Plan Width": 71, "Inner Unique": false, "Join Filter": "(mi_idx.movie_id = t.id)", "Plans": [{"Node Type": "Nested Loop", "Parent Relationship": "Outer", "Join Type": "Inner", "Startup Cost": 20000000000.0, "Total Cost": 2000004672156.88, "Plan Rows": 345008, "Plan Width": 4, "Inner Unique": true, "Join Filter": "(it2.id = mi_idx.info_type_id), (LLVM Optimized)", "Plans": [{"Node Type": "Index Scan", "Parent Relationship": "Outer", "Scan Direction": "Forward", "Index Name": "movie_id_movie_info_idx", "Relation Name": "movie_info_idx", "Alias": "mi_idx", "Startup Cost": 10000000000.0, "Total Cost": 1000004650035.37, "Plan Rows": 1380034, "Plan Width": 8}, {"Node Type": "Materialize", "Parent Relationship": "Inner", "Startup Cost": 10000000000.0, "Total Cost": 1000000001421.0, "Plan Rows": 1, "Plan Width": 4, "Plans": [{"Node Type": "Index Scan", "Parent Relationship": "Outer", "Scan Direction": "Forward", "Index Name": "info_type_pkey", "Relation Name": "info_type", "Alias": "it2", "Startup Cost": 10000000000.0, "Total Cost": 1000000001421.0, "Plan Rows": 1, "Plan Width": 4, "Filter": "((info)::text = 'bottom 10 rank'::text)"}]}]}, {"Node Type": "Materialize", "Parent Relationship": "Inner", "Startup Cost": 30000000000.0, "Total Cost": 3000117771763.22, "Plan Rows": 268, "Plan Width": 67, "Plans": [{"Node Type": "Nested Loop", "Parent Relationship": "Outer", "Join Type": "Inner", "Startup Cost": 30000000000.0, "Total Cost": 3000117771761.88, "Plan Rows": 268, "Plan Width": 67, "Inner Unique": true, "Join Filter": "(mi.movie_id = t.id)", "Plans": [{"Node Type": "Nested Loop", "Parent Relationship": "Outer", "Join Type": "Inner", "Startup Cost": 20000000000.0, "Total Cost": 2000104041382.71, "Plan Rows": 212428, "Plan Width": 46, "Inner Unique": true, "Join Filter": "(it1.id = mi.info_type_id), (LLVM Optimized)", "Plans": [{"Node Type": "Index Scan", "Parent Relationship": "Outer", "Scan Direction": "Forward", "Index Name": "movie_id_movie_info", "Relation Name": "movie_info", "Alias": "mi", "Startup Cost": 10000000000.0, "Total Cost": 1000103816912.22, "Plan Rows": 14869966, "Plan Width": 50}, {"Node Type": "Materialize", "Parent Relationship": "Inner", "Startup Cost": 10000000000.0, "Total Cost": 1000000001421.0, "Plan Rows": 1, "Plan Width": 4, "Plans": [{"Node Type": "Index Scan", "Parent Relationship": "Outer", "Scan Direction": "Forward", "Index Name": "info_type_pkey", "Relation Name": "info_type", "Alias": "it1", "Startup Cost": 10000000000.0, "Total Cost": 1000000001421.0, "Plan Rows": 1, "Plan Width": 4, "Filter": "((info)::text = 'budget'::text)"}]}]}, {"Node Type": "Materialize", "Parent Relationship": "Inner", "Startup Cost": 10000000000.0, "Total Cost": 1000012908283.45, "Plan Rows": 258, "Plan Width": 21, "Plans": [{"Node Type": "Index Scan", "Parent Relationship": "Outer", "Scan Direction": "Forward", "Index Name": "title_pkey", "Relation Name": "title", "Alias": "t", "Startup Cost": 10000000000.0, "Total Cost": 1000012908282.16, "Plan Rows": 258, "Plan Width": 21, "Filter": "((production_year > 2000) AND (((title)::text ~~ 'Birdemic%'::text) OR ((title)::text ~~ '%Movie%'::text)))"}]}]}]}]}]}]}, {"Node Type": "Materialize", "Parent Relationship": "Inner", "Startup Cost": 10000000000.0, "Total Cost": 1000001050564.82, "Plan Rows": 85170, "Plan Width": 4, "Plans": [{"Node Type": "Index Scan", "Parent Relationship": "Outer", "Scan Direction": "Forward", "Index Name": "company_name_pkey", "Relation Name": "company_name", "Alias": "cn", "Startup Cost": 10000000000.0, "Total Cost": 1000001050138.97, "Plan Rows": 85170, "Plan Width": 4, "Filter": "((country_code)::text = '[us]'::text)"}]}]}, {"Node Type": "Materialize", "Parent Relationship": "Inner", "Startup Cost": 10000000000.0, "Total Cost": 1000000001231.01, "Plan Rows": 2, "Plan Width": 4, "Plans": [{"Node Type": "Index Scan", "Parent Relationship": "Outer", "Scan Direction": "Forward", "Index Name": "company_type_pkey", "Relation Name": "company_type", "Alias": "ct", "Startup Cost": 10000000000.0, "Total Cost": 1000000001231.0, "Plan Rows": 2, "Plan Width": 4, "Filter": "((kind IS NOT NULL) AND (((kind)::text = 'production companies'::text) OR ((kind)::text = 'distributors'::text)))"}]}]}]}, "Unique SQL Id": 1682224415}, "explain_analyze_plan": null}, "(1, 44)": {"explain_plan": {"Plan": {"Node Type": "Aggregate", "Strategy": "Plain", "Startup Cost": 81432.16, "Total Cost": 81432.17, "Plan Rows": 1, "Plan Width": 123, "Plans": [{"Node Type": "Nested Loop", "Parent Relationship": "Outer", "Join Type": "Inner", "Startup Cost": 0.0, "Total Cost": 81432.14, "Plan Rows": 4, "Plan Width": 59, "Inner Unique": true, "Plans": [{"Node Type": "Nested Loop", "Parent Relationship": "Outer", "Join Type": "Inner", "Startup Cost": 0.0, "Total Cost": 81431.0, "Plan Rows": 4, "Plan Width": 63, "Inner Unique": true, "Plans": [{"Node Type": "Nested Loop", "Parent Relationship": "Outer", "Join Type": "Inner", "Startup Cost": 0.0, "Total Cost": 81429.56, "Plan Rows": 5, "Plan Width": 67, "Inner Unique": false, "Join Filter": "(mi.info_type_id = it1.id)", "Plans": [{"Node Type": "Seq Scan", "Parent Relationship": "Outer", "Relation Name": "info_type", "Alias": "it1", "Startup Cost": 0.0, "Total Cost": 2.4, "Plan Rows": 1, "Plan Width": 4, "Filter": "((info)::text = 'budget'::text)"}, {"Node Type": "Nested Loop", "Parent Relationship": "Inner", "Join Type": "Inner", "Startup Cost": 0.0, "Total Cost": 81413.14, "Plan Rows": 1122, "Plan Width": 71, "Inner Unique": false, "Join Filter": "(t.id = mi.movie_id)", "Plans": [{"Node Type": "Nested Loop", "Parent Relationship": "Outer", "Join Type": "Inner", "Startup Cost": 0.0, "Total Cost": 81260.48, "Plan Rows": 210, "Plan Width": 37, "Inner Unique": false, "Join Filter": "(t.id = mc.movie_id)", "Plans": [{"Node Type": "Nested Loop", "Parent Relationship": "Outer", "Join Type": "Inner", "Startup Cost": 0.0, "Total Cost": 81139.71, "Plan Rows": 311, "Plan Width": 25, "Inner Unique": false, "Join Filter": "(mi_idx.info_type_id = it2.id)", "Plans": [{"Node Type": "Seq Scan", "Parent Relationship": "Outer", "Relation Name": "info_type", "Alias": "it2", "Startup Cost": 0.0, "Total Cost": 2.4, "Plan Rows": 1, "Plan Width": 4, "Filter": "((info)::text = 'bottom 10 rank'::text)"}, {"Node Type": "Nested Loop", "Parent Relationship": "Inner", "Join Type": "Inner", "Startup Cost": 0.0, "Total Cost": 81132.36, "Plan Rows": 396, "Plan Width": 29, "Inner Unique": false, "Plans": [{"Node Type": "Seq Scan", "Parent Relationship": "Outer", "Relation Name": "title", "Alias": "t", "Startup Cost": 0.0, "Total Cost": 79031.44, "Plan Rows": 258, "Plan Width": 21, "Filter": "((production_year > 2000) AND (((title)::text ~~ 'Birdemic%'::text) OR ((title)::text ~~ '%Movie%'::text)))"}, {"Node Type": "Index Scan", "Parent Relationship": "Inner", "Scan Direction": "Forward", "Index Name": "movie_id_movie_info_idx", "Relation Name": "movie_info_idx", "Alias": "mi_idx", "Startup Cost": 0.0, "Total Cost": 8.12, "Plan Rows": 2, "Plan Width": 8, "Index Cond": "(movie_id = t.id)"}]}]}, {"Node Type": "Index Scan", "Parent Relationship": "Inner", "Scan Direction": "Forward", "Index Name": "movie_id_movie_companies", "Relation Name": "movie_companies", "Alias": "mc", "Startup Cost": 0.0, "Total Cost": 0.36, "Plan Rows": 2, "Plan Width": 12, "Index Cond": "(movie_id = mi_idx.movie_id)"}]}, {"Node Type": "Index Scan", "Parent Relationship": "Inner", "Scan Direction": "Forward", "Index Name": "movie_id_movie_info", "Relation Name": "movie_info", "Alias": "mi", "Startup Cost": 0.0, "Total Cost": 0.66, "Plan Rows": 5, "Plan Width": 50, "Index Cond": "(movie_id = mc.movie_id)"}]}]}, {"Node Type": "Index Scan", "Parent Relationship": "Inner", "Scan Direction": "Forward", "Index Name": "company_name_pkey", "Relation Name": "company_name", "Alias": "cn", "Startup Cost": 0.0, "Total Cost": 0.28, "Plan Rows": 1, "Plan Width": 4, "Index Cond": "(id = mc.company_id)", "Filter": "((country_code)::text = '[us]'::text)"}]}, {"Node Type": "Index Scan", "Parent Relationship": "Inner", "Scan Direction": "Forward", "Index Name": "company_type_pkey", "Relation Name": "company_type", "Alias": "ct", "Startup Cost": 0.0, "Total Cost": 0.28, "Plan Rows": 1, "Plan Width": 4, "Index Cond": "(id = mc.company_type_id)", "Filter": "((kind IS NOT NULL) AND (((kind)::text = 'production companies'::text) OR ((kind)::text = 'distributors'::text)))"}]}]}, "Unique SQL Id": 1682224415}, "explain_analyze_plan": {"Plan": {"Node Type": "Aggregate", "Strategy": "Plain", "Startup Cost": 81432.16, "Total Cost": 81432.17, "Plan Rows": 1, "Plan Width": 123, "Actual Startup Time": 1371.266, "Actual Total Time": 1371.266, "Actual Rows": 1, "Actual Loops": 1, "Plans": [{"Node Type": "Nested Loop", "Parent Relationship": "Outer", "Join Type": "Inner", "Startup Cost": 0.0, "Total Cost": 81432.14, "Plan Rows": 4, "Plan Width": 59, "Actual Startup Time": 973.085, "Actual Total Time": 1371.203, "Actual Rows": 5, "Actual Loops": 1, "Inner Unique": true, "Plans": [{"Node Type": "Nested Loop", "Parent Relationship": "Outer", "Join Type": "Inner", "Startup Cost": 0.0, "Total Cost": 81431.0, "Plan Rows": 4, "Plan Width": 63, "Actual Startup Time": 972.828, "Actual Total Time": 1371.159, "Actual Rows": 10, "Actual Loops": 1, "Inner Unique": true, "Plans": [{"Node Type": "Nested Loop", "Parent Relationship": "Outer", "Join Type": "Inner", "Startup Cost": 0.0, "Total Cost": 81429.56, "Plan Rows": 5, "Plan Width": 67, "Actual Startup Time": 972.803, "Actual Total Time": 1370.929, "Actual Rows": 33, "Actual Loops": 1, "Inner Unique": false, "Join Filter": "(mi.info_type_id = it1.id)", "Rows Removed by Join Filter": 4926, "Plans": [{"Node Type": "Seq Scan", "Parent Relationship": "Outer", "Relation Name": "info_type", "Alias": "it1", "Startup Cost": 0.0, "Total Cost": 2.4, "Plan Rows": 1, "Plan Width": 4, "Actual Startup Time": 0.067, "Actual Total Time": 0.078, "Actual Rows": 1, "Actual Loops": 1, "Filter": "((info)::text = 'budget'::text)", "Rows Removed by Filter": 111}, {"Node Type": "Nested Loop", "Parent Relationship": "Inner", "Join Type": "Inner", "Startup Cost": 0.0, "Total Cost": 81413.14, "Plan Rows": 1122, "Plan Width": 71, "Actual Startup Time": 972.653, "Actual Total Time": 1369.917, "Actual Rows": 4959, "Actual Loops": 1, "Inner Unique": false, "Join Filter": "(t.id = mi.movie_id)", "Rows Removed by Join Filter": 0, "Plans": [{"Node Type": "Nested Loop", "Parent Relationship": "Outer", "Join Type": "Inner", "Startup Cost": 0.0, "Total Cost": 81260.48, "Plan Rows": 210, "Plan Width": 37, "Actual Startup Time": 972.576, "Actual Total Time": 1365.779, "Actual Rows": 33, "Actual Loops": 1, "Inner Unique": false, "Join Filter": "(t.id = mc.movie_id)", "Rows Removed by Join Filter": 0, "Plans": [{"Node Type": "Nested Loop", "Parent Relationship": "Outer", "Join Type": "Inner", "Startup Cost": 0.0, "Total Cost": 81139.71, "Plan Rows": 311, "Plan Width": 25, "Actual Startup Time": 972.451, "Actual Total Time": 1365.601, "Actual Rows": 2, "Actual Loops": 1, "Inner Unique": false, "Join Filter": "(mi_idx.info_type_id = it2.id)", "Rows Removed by Join Filter": 2643, "Plans": [{"Node Type": "Seq Scan", "Parent Relationship": "Outer", "Relation Name": "info_type", "Alias": "it2", "Startup Cost": 0.0, "Total Cost": 2.4, "Plan Rows": 1, "Plan Width": 4, "Actual Startup Time": 0.044, "Actual Total Time": 0.051, "Actual Rows": 1, "Actual Loops": 1, "Filter": "((info)::text = 'bottom 10 rank'::text)", "Rows Removed by Filter": 111}, {"Node Type": "Nested Loop", "Parent Relationship": "Inner", "Join Type": "Inner", "Startup Cost": 0.0, "Total Cost": 81132.36, "Plan Rows": 396, "Plan Width": 29, "Actual Startup Time": 13.969, "Actual Total Time": 1364.883, "Actual Rows": 2645, "Actual Loops": 1, "Inner Unique": false, "Plans": [{"Node Type": "Seq Scan", "Parent Relationship": "Outer", "Relation Name": "title", "Alias": "t", "Startup Cost": 0.0, "Total Cost": 79031.44, "Plan Rows": 258, "Plan Width": 21, "Actual Startup Time": 0.371, "Actual Total Time": 1349.84, "Actual Rows": 2536, "Actual Loops": 1, "Filter": "((production_year > 2000) AND (((title)::text ~~ 'Birdemic%'::text) OR ((title)::text ~~ '%Movie%'::text)))", "Rows Removed by Filter": 2525775}, {"Node Type": "Index Scan", "Parent Relationship": "Inner", "Scan Direction": "Forward", "Index Name": "movie_id_movie_info_idx", "Relation Name": "movie_info_idx", "Alias": "mi_idx", "Startup Cost": 0.0, "Total Cost": 8.12, "Plan Rows": 2, "Plan Width": 8, "Actual Startup Time": 11.624, "Actual Total Time": 12.638, "Actual Rows": 2645, "Actual Loops": 2536, "Index Cond": "(movie_id = t.id)", "Rows Removed by Index Recheck": 0}]}]}, {"Node Type": "Index Scan", "Parent Relationship": "Inner", "Scan Direction": "Forward", "Index Name": "movie_id_movie_companies", "Relation Name": "movie_companies", "Alias": "mc", "Startup Cost": 0.0, "Total Cost": 0.36, "Plan Rows": 2, "Plan Width": 12, "Actual Startup Time": 0.033, "Actual Total Time": 0.054, "Actual Rows": 33, "Actual Loops": 2, "Index Cond": "(movie_id = mi_idx.movie_id)", "Rows Removed by Index Recheck": 0}]}, {"Node Type": "Index Scan", "Parent Relationship": "Inner", "Scan Direction": "Forward", "Index Name": "movie_id_movie_info", "Relation Name": "movie_info", "Alias": "mi", "Startup Cost": 0.0, "Total Cost": 0.66, "Plan Rows": 5, "Plan Width": 50, "Actual Startup Time": 0.527, "Actual Total Time": 2.538, "Actual Rows": 4959, "Actual Loops": 33, "Index Cond": "(movie_id = mc.movie_id)", "Rows Removed by Index Recheck": 0}]}]}, {"Node Type": "Index Scan", "Parent Relationship": "Inner", "Scan Direction": "Forward", "Index Name": "company_name_pkey", "Relation Name": "company_name", "Alias": "cn", "Startup Cost": 0.0, "Total Cost": 0.28, "Plan Rows": 1, "Plan Width": 4, "Actual Startup Time": 0.2, "Actual Total Time": 0.2, "Actual Rows": 10, "Actual Loops": 33, "Index Cond": "(id = mc.company_id)", "Rows Removed by Index Recheck": 0, "Filter": "((country_code)::text = '[us]'::text)", "Rows Removed by Filter": 23}]}, {"Node Type": "Index Scan", "Parent Relationship": "Inner", "Scan Direction": "Forward", "Index Name": "company_type_pkey", "Relation Name": "company_type", "Alias": "ct", "Startup Cost": 0.0, "Total Cost": 0.28, "Plan Rows": 1, "Plan Width": 4, "Actual Startup Time": 0.026, "Actual Total Time": 0.026, "Actual Rows": 5, "Actual Loops": 10, "Index Cond": "(id = mc.company_type_id)", "Rows Removed by Index Recheck": 0, "Filter": "((kind IS NOT NULL) AND (((kind)::text = 'production companies'::text) OR ((kind)::text = 'distributors'::text)))", "Rows Removed by Filter": 0}]}]}, "Triggers": [], "Planner Runtime": 98.34, "Total Runtime": 1371.638, "Unique SQL Id": 1682224415}}, "(1, 45)": {"explain_plan": {"Plan": {"Node Type": "Aggregate", "Strategy": "Plain", "Startup Cost": 131509.23, "Total Cost": 131509.24, "Plan Rows": 1, "Plan Width": 123, "Plans": [{"Node Type": "Nested Loop", "Parent Relationship": "Outer", "Join Type": "Inner", "Startup Cost": 0.0, "Total Cost": 131508.99, "Plan Rows": 48, "Plan Width": 59, "Inner Unique": true, "Plans": [{"Node Type": "Nested Loop", "Parent Relationship": "Outer", "Join Type": "Inner", "Startup Cost": 0.0, "Total Cost": 131506.98, "Plan Rows": 7, "Plan Width": 63, "Inner Unique": true, "Plans": [{"Node Type": "Nested Loop", "Parent Relationship": "Outer", "Join Type": "Inner", "Startup Cost": 0.0, "Total Cost": 131505.55, "Plan Rows": 5, "Plan Width": 67, "Inner Unique": false, "Join Filter": "(mi.info_type_id = it1.id)", "Plans": [{"Node Type": "Index Scan", "Parent Relationship": "Outer", "Scan Direction": "Forward", "Index Name": "info_type_pkey", "Relation Name": "info_type", "Alias": "it1", "Startup Cost": 0.0, "Total Cost": 14.21, "Plan Rows": 1, "Plan Width": 4, "Filter": "((info)::text = 'budget'::text)"}, {"Node Type": "Nested Loop", "Parent Relationship": "Inner", "Join Type": "Inner", "Startup Cost": 0.0, "Total Cost": 131477.32, "Plan Rows": 1122, "Plan Width": 71, "Inner Unique": false, "Join Filter": "(t.id = mi.movie_id)", "Plans": [{"Node Type": "Nested Loop", "Parent Relationship": "Outer", "Join Type": "Inner", "Startup Cost": 0.0, "Total Cost": 131324.66, "Plan Rows": 210, "Plan Width": 37, "Inner Unique": false, "Join Filter": "(t.id = mc.movie_id)", "Plans": [{"Node Type": "Nested Loop", "Parent Relationship": "Outer", "Join Type": "Inner", "Startup Cost": 0.0, "Total Cost": 131203.89, "Plan Rows": 311, "Plan Width": 25, "Inner Unique": true, "Join Filter": "(mi_idx.info_type_id = it2.id)", "Plans": [{"Node Type": "Nested Loop", "Parent Relationship": "Outer", "Join Type": "Inner", "Startup Cost": 0.0, "Total Cost": 131183.74, "Plan Rows": 396, "Plan Width": 29, "Inner Unique": false, "Plans": [{"Node Type": "Index Scan", "Parent Relationship": "Outer", "Scan Direction": "Forward", "Index Name": "title_pkey", "Relation Name": "title", "Alias": "t", "Startup Cost": 0.0, "Total Cost": 129082.82, "Plan Rows": 258, "Plan Width": 21, "Filter": "((production_year > 2000) AND (((title)::text ~~ 'Birdemic%'::text) OR ((title)::text ~~ '%Movie%'::text)))"}, {"Node Type": "Index Scan", "Parent Relationship": "Inner", "Scan Direction": "Forward", "Index Name": "movie_id_movie_info_idx", "Relation Name": "movie_info_idx", "Alias": "mi_idx", "Startup Cost": 0.0, "Total Cost": 8.12, "Plan Rows": 2, "Plan Width": 8, "Index Cond": "(movie_id = t.id)"}]}, {"Node Type": "Materialize", "Parent Relationship": "Inner", "Startup Cost": 0.0, "Total Cost": 14.22, "Plan Rows": 1, "Plan Width": 4, "Plans": [{"Node Type": "Index Scan", "Parent Relationship": "Outer", "Scan Direction": "Forward", "Index Name": "info_type_pkey", "Relation Name": "info_type", "Alias": "it2", "Startup Cost": 0.0, "Total Cost": 14.21, "Plan Rows": 1, "Plan Width": 4, "Filter": "((info)::text = 'bottom 10 rank'::text)"}]}]}, {"Node Type": "Index Scan", "Parent Relationship": "Inner", "Scan Direction": "Forward", "Index Name": "movie_id_movie_companies", "Relation Name": "movie_companies", "Alias": "mc", "Startup Cost": 0.0, "Total Cost": 0.36, "Plan Rows": 2, "Plan Width": 12, "Index Cond": "(movie_id = mi_idx.movie_id)"}]}, {"Node Type": "Index Scan", "Parent Relationship": "Inner", "Scan Direction": "Forward", "Index Name": "movie_id_movie_info", "Relation Name": "movie_info", "Alias": "mi", "Startup Cost": 0.0, "Total Cost": 0.66, "Plan Rows": 5, "Plan Width": 50, "Index Cond": "(movie_id = mc.movie_id)"}]}]}, {"Node Type": "Index Scan", "Parent Relationship": "Inner", "Scan Direction": "Forward", "Index Name": "company_type_pkey", "Relation Name": "company_type", "Alias": "ct", "Startup Cost": 0.0, "Total Cost": 0.28, "Plan Rows": 1, "Plan Width": 4, "Index Cond": "(id = mc.company_type_id)", "Filter": "((kind IS NOT NULL) AND (((kind)::text = 'production companies'::text) OR ((kind)::text = 'distributors'::text)))"}]}, {"Node Type": "Index Scan", "Parent Relationship": "Inner", "Scan Direction": "Forward", "Index Name": "company_name_pkey", "Relation Name": "company_name", "Alias": "cn", "Startup Cost": 0.0, "Total Cost": 0.28, "Plan Rows": 1, "Plan Width": 4, "Index Cond": "(id = mc.company_id)", "Filter": "((country_code)::text = '[us]'::text)"}]}]}, "Unique SQL Id": 1682224415}, "explain_analyze_plan": null}, "(1, 46)": {"explain_plan": {"Plan": {"Node Type": "Aggregate", "Strategy": "Plain", "Startup Cost": 500007.78, "Total Cost": 500007.79, "Plan Rows": 1, "Plan Width": 123, "Plans": [{"Node Type": "Nested Loop", "Parent Relationship": "Outer", "Join Type": "Inner", "Startup Cost": 163080.53, "Total Cost": 500007.76, "Plan Rows": 4, "Plan Width": 59, "Inner Unique": true, "Join Filter": "(mc.company_type_id = ct.id)", "Plans": [{"Node Type": "Hash Join", "Parent Relationship": "Outer", "Join Type": "Inner", "Startup Cost": 163080.53, "Total Cost": 500006.59, "Plan Rows": 4, "Plan Width": 63, "Inner Unique": true, "Hash Cond": "(mc.company_id = cn.id)", "Plans": [{"Node Type": "Hash Join", "Parent Relationship": "Outer", "Join Type": "Inner", "Startup Cost": 156112.45, "Total Cost": 493038.43, "Plan Rows": 5, "Plan Width": 67, "Inner Unique": false, "Hash Cond": "(mi.movie_id = t.id)", "Plans": [{"Node Type": "Hash Join", "Parent Relationship": "Outer", "Join Type": "Inner", "Startup Cost": 2.41, "Total Cost": 336382.21, "Plan Rows": 212428, "Plan Width": 46, "Inner Unique": true, "Hash Cond": "(mi.info_type_id = it1.id), (LLVM Optimized)", "Plans": [{"Node Type": "Seq Scan", "Parent Relationship": "Outer", "Relation Name": "movie_info", "Alias": "mi", "Startup Cost": 0.0, "Total Cost": 296987.66, "Plan Rows": 14869966, "Plan Width": 50}, {"Node Type": "Hash", "Parent Relationship": "Inner", "Startup Cost": 2.4, "Total Cost": 2.4, "Plan Rows": 1, "Plan Width": 4, "Plans": [{"Node Type": "Seq Scan", "Parent Relationship": "Outer", "Relation Name": "info_type", "Alias": "it1", "Startup Cost": 0.0, "Total Cost": 2.4, "Plan Rows": 1, "Plan Width": 4, "Filter": "((info)::text = 'budget'::text)"}]}]}, {"Node Type": "Hash", "Parent Relationship": "Inner", "Startup Cost": 156107.41, "Total Cost": 156107.41, "Plan Rows": 210, "Plan Width": 37, "Plans": [{"Node Type": "Hash Join", "Parent Relationship": "Outer", "Join Type": "Inner", "Startup Cost": 104499.33, "Total Cost": 156107.41, "Plan Rows": 210, "Plan Width": 37, "Inner Unique": false, "Hash Cond": "(mc.movie_id = t.id)", "Plans": [{"Node Type": "Seq Scan", "Parent Relationship": "Outer", "Relation Name": "movie_companies", "Alias": "mc", "Startup Cost": 0.0, "Total Cost": 41817.28, "Plan Rows": 2609128, "Plan Width": 12}, {"Node Type": "Hash", "Parent Relationship": "Inner", "Startup Cost": 104495.45, "Total Cost": 104495.45, "Plan Rows": 311, "Plan Width": 25, "Plans": [{"Node Type": "Nested Loop", "Parent Relationship": "Outer", "Join Type": "Inner", "Startup Cost": 79034.67, "Total Cost": 104495.45, "Plan Rows": 311, "Plan Width": 25, "Inner Unique": false, "Join Filter": "(mi_idx.info_type_id = it2.id)", "Plans": [{"Node Type": "Seq Scan", "Parent Relationship": "Outer", "Relation Name": "info_type", "Alias": "it2", "Startup Cost": 0.0, "Total Cost": 2.4, "Plan Rows": 1, "Plan Width": 4, "Filter": "((info)::text = 'bottom 10 rank'::text)"}, {"Node Type": "Hash Join", "Parent Relationship": "Inner", "Join Type": "Inner", "Startup Cost": 79034.67, "Total Cost": 104488.1, "Plan Rows": 396, "Plan Width": 29, "Inner Unique": true, "Hash Cond": "(mi_idx.movie_id = t.id)", "Plans": [{"Node Type": "Seq Scan", "Parent Relationship": "Outer", "Relation Name": "movie_info_idx", "Alias": "mi_idx", "Startup Cost": 0.0, "Total Cost": 20274.34, "Plan Rows": 1380034, "Plan Width": 8}, {"Node Type": "Hash", "Parent Relationship": "Inner", "Startup Cost": 79031.44, "Total Cost": 79031.44, "Plan Rows": 258, "Plan Width": 21, "Plans": [{"Node Type": "Seq Scan", "Parent Relationship": "Outer", "Relation Name": "title", "Alias": "t", "Startup Cost": 0.0, "Total Cost": 79031.44, "Plan Rows": 258, "Plan Width": 21, "Filter": "((production_year > 2000) AND (((title)::text ~~ 'Birdemic%'::text) OR ((title)::text ~~ '%Movie%'::text)))"}]}]}]}]}]}]}]}, {"Node Type": "Hash", "Parent Relationship": "Inner", "Startup Cost": 5903.45, "Total Cost": 5903.45, "Plan Rows": 85170, "Plan Width": 4, "Plans": [{"Node Type": "Seq Scan", "Parent Relationship": "Outer", "Relation Name": "company_name", "Alias": "cn", "Startup Cost": 0.0, "Total Cost": 5903.45, "Plan Rows": 85170, "Plan Width": 4, "Filter": "((country_code)::text = '[us]'::text)"}]}]}, {"Node Type": "Materialize", "Parent Relationship": "Inner", "Startup Cost": 0.0, "Total Cost": 1.05, "Plan Rows": 2, "Plan Width": 4, "Plans": [{"Node Type": "Seq Scan", "Parent Relationship": "Outer", "Relation Name": "company_type", "Alias": "ct", "Startup Cost": 0.0, "Total Cost": 1.04, "Plan Rows": 2, "Plan Width": 4, "Filter": "((kind IS NOT NULL) AND (((kind)::text = 'production companies'::text) OR ((kind)::text = 'distributors'::text)))"}]}]}]}, "Unique SQL Id": 1682224415}, "explain_analyze_plan": null}, "(1, 47)": {"explain_plan": {"Plan": {"Node Type": "Aggregate", "Strategy": "Plain", "Startup Cost": 8000138252195.44, "Total Cost": 8000138252195.45, "Plan Rows": 1, "Plan Width": 123, "Plans": [{"Node Type": "Nested Loop", "Parent Relationship": "Outer", "Join Type": "Inner", "Startup Cost": 80000000000.0, "Total Cost": 8000138252195.42, "Plan Rows": 4, "Plan Width": 59, "Inner Unique": true, "Join Filter": "(mc.company_type_id = ct.id)", "Plans": [{"Node Type": "Nested Loop", "Parent Relationship": "Outer", "Join Type": "Inner", "Startup Cost": 70000000000.0, "Total Cost": 7000138250964.3, "Plan Rows": 4, "Plan Width": 63, "Inner Unique": true, "Join Filter": "(mc.company_id = cn.id)", "Plans": [{"Node Type": "Nested Loop", "Parent Relationship": "Outer", "Join Type": "Inner", "Startup Cost": 60000000000.0, "Total Cost": 6000137180171.6, "Plan Rows": 16, "Plan Width": 67, "Inner Unique": false, "Join Filter": "(t.id = mc.movie_id)", "Plans": [{"Node Type": "Index Scan", "Parent Relationship": "Outer", "Scan Direction": "Forward", "Index Name": "company_type_id_movie_companies", "Relation Name": "movie_companies", "Alias": "mc", "Startup Cost": 10000000000.0, "Total Cost": 1000009318217.0, "Plan Rows": 2609128, "Plan Width": 12}, {"Node Type": "Materialize", "Parent Relationship": "Inner", "Startup Cost": 50000000000.0, "Total Cost": 5000123830852.1, "Plan Rows": 103, "Plan Width": 71, "Plans": [{"Node Type": "Nested Loop", "Parent Relationship": "Outer", "Join Type": "Inner", "Startup Cost": 50000000000.0, "Total Cost": 5000123830851.59, "Plan Rows": 103, "Plan Width": 71, "Inner Unique": false, "Join Filter": "(mi_idx.movie_id = t.id)", "Plans": [{"Node Type": "Nested Loop", "Parent Relationship": "Outer", "Join Type": "Inner", "Startup Cost": 20000000000.0, "Total Cost": 2000004672156.88, "Plan Rows": 345008, "Plan Width": 4, "Inner Unique": true, "Join Filter": "(it2.id = mi_idx.info_type_id), (LLVM Optimized)", "Plans": [{"Node Type": "Index Scan", "Parent Relationship": "Outer", "Scan Direction": "Forward", "Index Name": "movie_id_movie_info_idx", "Relation Name": "movie_info_idx", "Alias": "mi_idx", "Startup Cost": 10000000000.0, "Total Cost": 1000004650035.37, "Plan Rows": 1380034, "Plan Width": 8}, {"Node Type": "Materialize", "Parent Relationship": "Inner", "Startup Cost": 10000000000.0, "Total Cost": 1000000001421.0, "Plan Rows": 1, "Plan Width": 4, "Plans": [{"Node Type": "Index Scan", "Parent Relationship": "Outer", "Scan Direction": "Forward", "Index Name": "info_type_pkey", "Relation Name": "info_type", "Alias": "it2", "Startup Cost": 10000000000.0, "Total Cost": 1000000001421.0, "Plan Rows": 1, "Plan Width": 4, "Filter": "((info)::text = 'bottom 10 rank'::text)"}]}]}, {"Node Type": "Materialize", "Parent Relationship": "Inner", "Startup Cost": 30000000000.0, "Total Cost": 3000117771763.22, "Plan Rows": 268, "Plan Width": 67, "Plans": [{"Node Type": "Nested Loop", "Parent Relationship": "Outer", "Join Type": "Inner", "Startup Cost": 30000000000.0, "Total Cost": 3000117771761.88, "Plan Rows": 268, "Plan Width": 67, "Inner Unique": true, "Join Filter": "(mi.movie_id = t.id)", "Plans": [{"Node Type": "Nested Loop", "Parent Relationship": "Outer", "Join Type": "Inner", "Startup Cost": 20000000000.0, "Total Cost": 2000104041382.71, "Plan Rows": 212428, "Plan Width": 46, "Inner Unique": true, "Join Filter": "(it1.id = mi.info_type_id), (LLVM Optimized)", "Plans": [{"Node Type": "Index Scan", "Parent Relationship": "Outer", "Scan Direction": "Forward", "Index Name": "movie_id_movie_info", "Relation Name": "movie_info", "Alias": "mi", "Startup Cost": 10000000000.0, "Total Cost": 1000103816912.22, "Plan Rows": 14869966, "Plan Width": 50}, {"Node Type": "Materialize", "Parent Relationship": "Inner", "Startup Cost": 10000000000.0, "Total Cost": 1000000001421.0, "Plan Rows": 1, "Plan Width": 4, "Plans": [{"Node Type": "Index Scan", "Parent Relationship": "Outer", "Scan Direction": "Forward", "Index Name": "info_type_pkey", "Relation Name": "info_type", "Alias": "it1", "Startup Cost": 10000000000.0, "Total Cost": 1000000001421.0, "Plan Rows": 1, "Plan Width": 4, "Filter": "((info)::text = 'budget'::text)"}]}]}, {"Node Type": "Materialize", "Parent Relationship": "Inner", "Startup Cost": 10000000000.0, "Total Cost": 1000012908283.45, "Plan Rows": 258, "Plan Width": 21, "Plans": [{"Node Type": "Index Scan", "Parent Relationship": "Outer", "Scan Direction": "Forward", "Index Name": "title_pkey", "Relation Name": "title", "Alias": "t", "Startup Cost": 10000000000.0, "Total Cost": 1000012908282.16, "Plan Rows": 258, "Plan Width": 21, "Filter": "((production_year > 2000) AND (((title)::text ~~ 'Birdemic%'::text) OR ((title)::text ~~ '%Movie%'::text)))"}]}]}]}]}]}]}, {"Node Type": "Materialize", "Parent Relationship": "Inner", "Startup Cost": 10000000000.0, "Total Cost": 1000001050564.82, "Plan Rows": 85170, "Plan Width": 4, "Plans": [{"Node Type": "Index Scan", "Parent Relationship": "Outer", "Scan Direction": "Forward", "Index Name": "company_name_pkey", "Relation Name": "company_name", "Alias": "cn", "Startup Cost": 10000000000.0, "Total Cost": 1000001050138.97, "Plan Rows": 85170, "Plan Width": 4, "Filter": "((country_code)::text = '[us]'::text)"}]}]}, {"Node Type": "Materialize", "Parent Relationship": "Inner", "Startup Cost": 10000000000.0, "Total Cost": 1000000001231.01, "Plan Rows": 2, "Plan Width": 4, "Plans": [{"Node Type": "Index Scan", "Parent Relationship": "Outer", "Scan Direction": "Forward", "Index Name": "company_type_pkey", "Relation Name": "company_type", "Alias": "ct", "Startup Cost": 10000000000.0, "Total Cost": 1000000001231.0, "Plan Rows": 2, "Plan Width": 4, "Filter": "((kind IS NOT NULL) AND (((kind)::text = 'production companies'::text) OR ((kind)::text = 'distributors'::text)))"}]}]}]}, "Unique SQL Id": 1682224415}, "explain_analyze_plan": null}, "(1, 48)": {"explain_plan": {"Plan": {"Node Type": "Aggregate", "Strategy": "Plain", "Startup Cost": 81432.16, "Total Cost": 81432.17, "Plan Rows": 1, "Plan Width": 123, "Plans": [{"Node Type": "Nested Loop", "Parent Relationship": "Outer", "Join Type": "Inner", "Startup Cost": 0.0, "Total Cost": 81432.14, "Plan Rows": 4, "Plan Width": 59, "Inner Unique": true, "Plans": [{"Node Type": "Nested Loop", "Parent Relationship": "Outer", "Join Type": "Inner", "Startup Cost": 0.0, "Total Cost": 81431.0, "Plan Rows": 4, "Plan Width": 63, "Inner Unique": true, "Plans": [{"Node Type": "Nested Loop", "Parent Relationship": "Outer", "Join Type": "Inner", "Startup Cost": 0.0, "Total Cost": 81429.56, "Plan Rows": 5, "Plan Width": 67, "Inner Unique": false, "Join Filter": "(mi.info_type_id = it1.id)", "Plans": [{"Node Type": "Seq Scan", "Parent Relationship": "Outer", "Relation Name": "info_type", "Alias": "it1", "Startup Cost": 0.0, "Total Cost": 2.4, "Plan Rows": 1, "Plan Width": 4, "Filter": "((info)::text = 'budget'::text)"}, {"Node Type": "Nested Loop", "Parent Relationship": "Inner", "Join Type": "Inner", "Startup Cost": 0.0, "Total Cost": 81413.14, "Plan Rows": 1122, "Plan Width": 71, "Inner Unique": false, "Join Filter": "(t.id = mi.movie_id)", "Plans": [{"Node Type": "Nested Loop", "Parent Relationship": "Outer", "Join Type": "Inner", "Startup Cost": 0.0, "Total Cost": 81260.48, "Plan Rows": 210, "Plan Width": 37, "Inner Unique": false, "Join Filter": "(t.id = mc.movie_id)", "Plans": [{"Node Type": "Nested Loop", "Parent Relationship": "Outer", "Join Type": "Inner", "Startup Cost": 0.0, "Total Cost": 81139.71, "Plan Rows": 311, "Plan Width": 25, "Inner Unique": false, "Join Filter": "(mi_idx.info_type_id = it2.id)", "Plans": [{"Node Type": "Seq Scan", "Parent Relationship": "Outer", "Relation Name": "info_type", "Alias": "it2", "Startup Cost": 0.0, "Total Cost": 2.4, "Plan Rows": 1, "Plan Width": 4, "Filter": "((info)::text = 'bottom 10 rank'::text)"}, {"Node Type": "Nested Loop", "Parent Relationship": "Inner", "Join Type": "Inner", "Startup Cost": 0.0, "Total Cost": 81132.36, "Plan Rows": 396, "Plan Width": 29, "Inner Unique": false, "Plans": [{"Node Type": "Seq Scan", "Parent Relationship": "Outer", "Relation Name": "title", "Alias": "t", "Startup Cost": 0.0, "Total Cost": 79031.44, "Plan Rows": 258, "Plan Width": 21, "Filter": "((production_year > 2000) AND (((title)::text ~~ 'Birdemic%'::text) OR ((title)::text ~~ '%Movie%'::text)))"}, {"Node Type": "Index Scan", "Parent Relationship": "Inner", "Scan Direction": "Forward", "Index Name": "movie_id_movie_info_idx", "Relation Name": "movie_info_idx", "Alias": "mi_idx", "Startup Cost": 0.0, "Total Cost": 8.12, "Plan Rows": 2, "Plan Width": 8, "Index Cond": "(movie_id = t.id)"}]}]}, {"Node Type": "Index Scan", "Parent Relationship": "Inner", "Scan Direction": "Forward", "Index Name": "movie_id_movie_companies", "Relation Name": "movie_companies", "Alias": "mc", "Startup Cost": 0.0, "Total Cost": 0.36, "Plan Rows": 2, "Plan Width": 12, "Index Cond": "(movie_id = mi_idx.movie_id)"}]}, {"Node Type": "Index Scan", "Parent Relationship": "Inner", "Scan Direction": "Forward", "Index Name": "movie_id_movie_info", "Relation Name": "movie_info", "Alias": "mi", "Startup Cost": 0.0, "Total Cost": 0.66, "Plan Rows": 5, "Plan Width": 50, "Index Cond": "(movie_id = mc.movie_id)"}]}]}, {"Node Type": "Index Scan", "Parent Relationship": "Inner", "Scan Direction": "Forward", "Index Name": "company_name_pkey", "Relation Name": "company_name", "Alias": "cn", "Startup Cost": 0.0, "Total Cost": 0.28, "Plan Rows": 1, "Plan Width": 4, "Index Cond": "(id = mc.company_id)", "Filter": "((country_code)::text = '[us]'::text)"}]}, {"Node Type": "Index Scan", "Parent Relationship": "Inner", "Scan Direction": "Forward", "Index Name": "company_type_pkey", "Relation Name": "company_type", "Alias": "ct", "Startup Cost": 0.0, "Total Cost": 0.28, "Plan Rows": 1, "Plan Width": 4, "Index Cond": "(id = mc.company_type_id)", "Filter": "((kind IS NOT NULL) AND (((kind)::text = 'production companies'::text) OR ((kind)::text = 'distributors'::text)))"}]}]}, "Unique SQL Id": 1682224415}, "explain_analyze_plan": {"Plan": {"Node Type": "Aggregate", "Strategy": "Plain", "Startup Cost": 81432.16, "Total Cost": 81432.17, "Plan Rows": 1, "Plan Width": 123, "Actual Startup Time": 1371.266, "Actual Total Time": 1371.266, "Actual Rows": 1, "Actual Loops": 1, "Plans": [{"Node Type": "Nested Loop", "Parent Relationship": "Outer", "Join Type": "Inner", "Startup Cost": 0.0, "Total Cost": 81432.14, "Plan Rows": 4, "Plan Width": 59, "Actual Startup Time": 973.085, "Actual Total Time": 1371.203, "Actual Rows": 5, "Actual Loops": 1, "Inner Unique": true, "Plans": [{"Node Type": "Nested Loop", "Parent Relationship": "Outer", "Join Type": "Inner", "Startup Cost": 0.0, "Total Cost": 81431.0, "Plan Rows": 4, "Plan Width": 63, "Actual Startup Time": 972.828, "Actual Total Time": 1371.159, "Actual Rows": 10, "Actual Loops": 1, "Inner Unique": true, "Plans": [{"Node Type": "Nested Loop", "Parent Relationship": "Outer", "Join Type": "Inner", "Startup Cost": 0.0, "Total Cost": 81429.56, "Plan Rows": 5, "Plan Width": 67, "Actual Startup Time": 972.803, "Actual Total Time": 1370.929, "Actual Rows": 33, "Actual Loops": 1, "Inner Unique": false, "Join Filter": "(mi.info_type_id = it1.id)", "Rows Removed by Join Filter": 4926, "Plans": [{"Node Type": "Seq Scan", "Parent Relationship": "Outer", "Relation Name": "info_type", "Alias": "it1", "Startup Cost": 0.0, "Total Cost": 2.4, "Plan Rows": 1, "Plan Width": 4, "Actual Startup Time": 0.067, "Actual Total Time": 0.078, "Actual Rows": 1, "Actual Loops": 1, "Filter": "((info)::text = 'budget'::text)", "Rows Removed by Filter": 111}, {"Node Type": "Nested Loop", "Parent Relationship": "Inner", "Join Type": "Inner", "Startup Cost": 0.0, "Total Cost": 81413.14, "Plan Rows": 1122, "Plan Width": 71, "Actual Startup Time": 972.653, "Actual Total Time": 1369.917, "Actual Rows": 4959, "Actual Loops": 1, "Inner Unique": false, "Join Filter": "(t.id = mi.movie_id)", "Rows Removed by Join Filter": 0, "Plans": [{"Node Type": "Nested Loop", "Parent Relationship": "Outer", "Join Type": "Inner", "Startup Cost": 0.0, "Total Cost": 81260.48, "Plan Rows": 210, "Plan Width": 37, "Actual Startup Time": 972.576, "Actual Total Time": 1365.779, "Actual Rows": 33, "Actual Loops": 1, "Inner Unique": false, "Join Filter": "(t.id = mc.movie_id)", "Rows Removed by Join Filter": 0, "Plans": [{"Node Type": "Nested Loop", "Parent Relationship": "Outer", "Join Type": "Inner", "Startup Cost": 0.0, "Total Cost": 81139.71, "Plan Rows": 311, "Plan Width": 25, "Actual Startup Time": 972.451, "Actual Total Time": 1365.601, "Actual Rows": 2, "Actual Loops": 1, "Inner Unique": false, "Join Filter": "(mi_idx.info_type_id = it2.id)", "Rows Removed by Join Filter": 2643, "Plans": [{"Node Type": "Seq Scan", "Parent Relationship": "Outer", "Relation Name": "info_type", "Alias": "it2", "Startup Cost": 0.0, "Total Cost": 2.4, "Plan Rows": 1, "Plan Width": 4, "Actual Startup Time": 0.044, "Actual Total Time": 0.051, "Actual Rows": 1, "Actual Loops": 1, "Filter": "((info)::text = 'bottom 10 rank'::text)", "Rows Removed by Filter": 111}, {"Node Type": "Nested Loop", "Parent Relationship": "Inner", "Join Type": "Inner", "Startup Cost": 0.0, "Total Cost": 81132.36, "Plan Rows": 396, "Plan Width": 29, "Actual Startup Time": 13.969, "Actual Total Time": 1364.883, "Actual Rows": 2645, "Actual Loops": 1, "Inner Unique": false, "Plans": [{"Node Type": "Seq Scan", "Parent Relationship": "Outer", "Relation Name": "title", "Alias": "t", "Startup Cost": 0.0, "Total Cost": 79031.44, "Plan Rows": 258, "Plan Width": 21, "Actual Startup Time": 0.371, "Actual Total Time": 1349.84, "Actual Rows": 2536, "Actual Loops": 1, "Filter": "((production_year > 2000) AND (((title)::text ~~ 'Birdemic%'::text) OR ((title)::text ~~ '%Movie%'::text)))", "Rows Removed by Filter": 2525775}, {"Node Type": "Index Scan", "Parent Relationship": "Inner", "Scan Direction": "Forward", "Index Name": "movie_id_movie_info_idx", "Relation Name": "movie_info_idx", "Alias": "mi_idx", "Startup Cost": 0.0, "Total Cost": 8.12, "Plan Rows": 2, "Plan Width": 8, "Actual Startup Time": 11.624, "Actual Total Time": 12.638, "Actual Rows": 2645, "Actual Loops": 2536, "Index Cond": "(movie_id = t.id)", "Rows Removed by Index Recheck": 0}]}]}, {"Node Type": "Index Scan", "Parent Relationship": "Inner", "Scan Direction": "Forward", "Index Name": "movie_id_movie_companies", "Relation Name": "movie_companies", "Alias": "mc", "Startup Cost": 0.0, "Total Cost": 0.36, "Plan Rows": 2, "Plan Width": 12, "Actual Startup Time": 0.033, "Actual Total Time": 0.054, "Actual Rows": 33, "Actual Loops": 2, "Index Cond": "(movie_id = mi_idx.movie_id)", "Rows Removed by Index Recheck": 0}]}, {"Node Type": "Index Scan", "Parent Relationship": "Inner", "Scan Direction": "Forward", "Index Name": "movie_id_movie_info", "Relation Name": "movie_info", "Alias": "mi", "Startup Cost": 0.0, "Total Cost": 0.66, "Plan Rows": 5, "Plan Width": 50, "Actual Startup Time": 0.527, "Actual Total Time": 2.538, "Actual Rows": 4959, "Actual Loops": 33, "Index Cond": "(movie_id = mc.movie_id)", "Rows Removed by Index Recheck": 0}]}]}, {"Node Type": "Index Scan", "Parent Relationship": "Inner", "Scan Direction": "Forward", "Index Name": "company_name_pkey", "Relation Name": "company_name", "Alias": "cn", "Startup Cost": 0.0, "Total Cost": 0.28, "Plan Rows": 1, "Plan Width": 4, "Actual Startup Time": 0.2, "Actual Total Time": 0.2, "Actual Rows": 10, "Actual Loops": 33, "Index Cond": "(id = mc.company_id)", "Rows Removed by Index Recheck": 0, "Filter": "((country_code)::text = '[us]'::text)", "Rows Removed by Filter": 23}]}, {"Node Type": "Index Scan", "Parent Relationship": "Inner", "Scan Direction": "Forward", "Index Name": "company_type_pkey", "Relation Name": "company_type", "Alias": "ct", "Startup Cost": 0.0, "Total Cost": 0.28, "Plan Rows": 1, "Plan Width": 4, "Actual Startup Time": 0.026, "Actual Total Time": 0.026, "Actual Rows": 5, "Actual Loops": 10, "Index Cond": "(id = mc.company_type_id)", "Rows Removed by Index Recheck": 0, "Filter": "((kind IS NOT NULL) AND (((kind)::text = 'production companies'::text) OR ((kind)::text = 'distributors'::text)))", "Rows Removed by Filter": 0}]}]}, "Triggers": [], "Planner Runtime": 98.34, "Total Runtime": 1371.638, "Unique SQL Id": 1682224415}}, "(1, 49)": {"explain_plan": {"Plan": {"Node Type": "Aggregate", "Strategy": "Plain", "Startup Cost": 131508.15, "Total Cost": 131508.16, "Plan Rows": 1, "Plan Width": 123, "Plans": [{"Node Type": "Nested Loop", "Parent Relationship": "Outer", "Join Type": "Inner", "Startup Cost": 0.0, "Total Cost": 131508.13, "Plan Rows": 4, "Plan Width": 59, "Inner Unique": true, "Plans": [{"Node Type": "Nested Loop", "Parent Relationship": "Outer", "Join Type": "Inner", "Startup Cost": 0.0, "Total Cost": 131506.99, "Plan Rows": 4, "Plan Width": 63, "Inner Unique": true, "Plans": [{"Node Type": "Nested Loop", "Parent Relationship": "Outer", "Join Type": "Inner", "Startup Cost": 0.0, "Total Cost": 131505.55, "Plan Rows": 5, "Plan Width": 67, "Inner Unique": false, "Join Filter": "(mi.info_type_id = it1.id)", "Plans": [{"Node Type": "Index Scan", "Parent Relationship": "Outer", "Scan Direction": "Forward", "Index Name": "info_type_pkey", "Relation Name": "info_type", "Alias": "it1", "Startup Cost": 0.0, "Total Cost": 14.21, "Plan Rows": 1, "Plan Width": 4, "Filter": "((info)::text = 'budget'::text)"}, {"Node Type": "Nested Loop", "Parent Relationship": "Inner", "Join Type": "Inner", "Startup Cost": 0.0, "Total Cost": 131477.32, "Plan Rows": 1122, "Plan Width": 71, "Inner Unique": false, "Join Filter": "(t.id = mi.movie_id)", "Plans": [{"Node Type": "Nested Loop", "Parent Relationship": "Outer", "Join Type": "Inner", "Startup Cost": 0.0, "Total Cost": 131324.66, "Plan Rows": 210, "Plan Width": 37, "Inner Unique": false, "Join Filter": "(t.id = mc.movie_id)", "Plans": [{"Node Type": "Nested Loop", "Parent Relationship": "Outer", "Join Type": "Inner", "Startup Cost": 0.0, "Total Cost": 131203.89, "Plan Rows": 311, "Plan Width": 25, "Inner Unique": true, "Join Filter": "(mi_idx.info_type_id = it2.id)", "Plans": [{"Node Type": "Nested Loop", "Parent Relationship": "Outer", "Join Type": "Inner", "Startup Cost": 0.0, "Total Cost": 131183.74, "Plan Rows": 396, "Plan Width": 29, "Inner Unique": false, "Plans": [{"Node Type": "Index Scan", "Parent Relationship": "Outer", "Scan Direction": "Forward", "Index Name": "title_pkey", "Relation Name": "title", "Alias": "t", "Startup Cost": 0.0, "Total Cost": 129082.82, "Plan Rows": 258, "Plan Width": 21, "Filter": "((production_year > 2000) AND (((title)::text ~~ 'Birdemic%'::text) OR ((title)::text ~~ '%Movie%'::text)))"}, {"Node Type": "Index Scan", "Parent Relationship": "Inner", "Scan Direction": "Forward", "Index Name": "movie_id_movie_info_idx", "Relation Name": "movie_info_idx", "Alias": "mi_idx", "Startup Cost": 0.0, "Total Cost": 8.12, "Plan Rows": 2, "Plan Width": 8, "Index Cond": "(movie_id = t.id)"}]}, {"Node Type": "Materialize", "Parent Relationship": "Inner", "Startup Cost": 0.0, "Total Cost": 14.22, "Plan Rows": 1, "Plan Width": 4, "Plans": [{"Node Type": "Index Scan", "Parent Relationship": "Outer", "Scan Direction": "Forward", "Index Name": "info_type_pkey", "Relation Name": "info_type", "Alias": "it2", "Startup Cost": 0.0, "Total Cost": 14.21, "Plan Rows": 1, "Plan Width": 4, "Filter": "((info)::text = 'bottom 10 rank'::text)"}]}]}, {"Node Type": "Index Scan", "Parent Relationship": "Inner", "Scan Direction": "Forward", "Index Name": "movie_id_movie_companies", "Relation Name": "movie_companies", "Alias": "mc", "Startup Cost": 0.0, "Total Cost": 0.36, "Plan Rows": 2, "Plan Width": 12, "Index Cond": "(movie_id = mi_idx.movie_id)"}]}, {"Node Type": "Index Scan", "Parent Relationship": "Inner", "Scan Direction": "Forward", "Index Name": "movie_id_movie_info", "Relation Name": "movie_info", "Alias": "mi", "Startup Cost": 0.0, "Total Cost": 0.66, "Plan Rows": 5, "Plan Width": 50, "Index Cond": "(movie_id = mc.movie_id)"}]}]}, {"Node Type": "Index Scan", "Parent Relationship": "Inner", "Scan Direction": "Forward", "Index Name": "company_name_pkey", "Relation Name": "company_name", "Alias": "cn", "Startup Cost": 0.0, "Total Cost": 0.28, "Plan Rows": 1, "Plan Width": 4, "Index Cond": "(id = mc.company_id)", "Filter": "((country_code)::text = '[us]'::text)"}]}, {"Node Type": "Index Scan", "Parent Relationship": "Inner", "Scan Direction": "Forward", "Index Name": "company_type_pkey", "Relation Name": "company_type", "Alias": "ct", "Startup Cost": 0.0, "Total Cost": 0.28, "Plan Rows": 1, "Plan Width": 4, "Index Cond": "(id = mc.company_type_id)", "Filter": "((kind IS NOT NULL) AND (((kind)::text = 'production companies'::text) OR ((kind)::text = 'distributors'::text)))"}]}]}, "Unique SQL Id": 1682224415}, "explain_analyze_plan": null}, "(1, 50)": {"explain_plan": {"Plan": {"Node Type": "Aggregate", "Strategy": "Plain", "Startup Cost": 84498.66, "Total Cost": 84498.67, "Plan Rows": 1, "Plan Width": 123, "Plans": [{"Node Type": "Nested Loop", "Parent Relationship": "Outer", "Join Type": "Inner", "Startup Cost": 5.1, "Total Cost": 84498.64, "Plan Rows": 4, "Plan Width": 59, "Inner Unique": true, "Join Filter": "(mc.company_type_id = ct.id)", "Plans": [{"Node Type": "Nested Loop", "Parent Relationship": "Outer", "Join Type": "Inner", "Startup Cost": 5.1, "Total Cost": 84497.47, "Plan Rows": 4, "Plan Width": 63, "Inner Unique": true, "Plans": [{"Node Type": "Nested Loop", "Parent Relationship": "Outer", "Join Type": "Inner", "Startup Cost": 4.84, "Total Cost": 84476.05, "Plan Rows": 5, "Plan Width": 67, "Inner Unique": false, "Join Filter": "(mi.info_type_id = it1.id)", "Plans": [{"Node Type": "Seq Scan", "Parent Relationship": "Outer", "Relation Name": "info_type", "Alias": "it1", "Startup Cost": 0.0, "Total Cost": 2.4, "Plan Rows": 1, "Plan Width": 4, "Filter": "((info)::text = 'budget'::text)"}, {"Node Type": "Nested Loop", "Parent Relationship": "Inner", "Join Type": "Inner", "Startup Cost": 4.84, "Total Cost": 84459.62, "Plan Rows": 1122, "Plan Width": 71, "Inner Unique": false, "Join Filter": "(t.id = mi.movie_id)", "Plans": [{"Node Type": "Nested Loop", "Parent Relationship": "Outer", "Join Type": "Inner", "Startup Cost": 4.47, "Total Cost": 83514.44, "Plan Rows": 210, "Plan Width": 37, "Inner Unique": false, "Join Filter": "(t.id = mc.movie_id)", "Plans": [{"Node Type": "Nested Loop", "Parent Relationship": "Outer", "Join Type": "Inner", "Startup Cost": 4.17, "Total Cost": 82163.69, "Plan Rows": 311, "Plan Width": 25, "Inner Unique": false, "Join Filter": "(mi_idx.info_type_id = it2.id)", "Plans": [{"Node Type": "Seq Scan", "Parent Relationship": "Outer", "Relation Name": "info_type", "Alias": "it2", "Startup Cost": 0.0, "Total Cost": 2.4, "Plan Rows": 1, "Plan Width": 4, "Filter": "((info)::text = 'bottom 10 rank'::text)"}, {"Node Type": "Nested Loop", "Parent Relationship": "Inner", "Join Type": "Inner", "Startup Cost": 4.17, "Total Cost": 82156.34, "Plan Rows": 396, "Plan Width": 29, "Inner Unique": false, "Plans": [{"Node Type": "Seq Scan", "Parent Relationship": "Outer", "Relation Name": "title", "Alias": "t", "Startup Cost": 0.0, "Total Cost": 79031.44, "Plan Rows": 258, "Plan Width": 21, "Filter": "((production_year > 2000) AND (((title)::text ~~ 'Birdemic%'::text) OR ((title)::text ~~ '%Movie%'::text)))"}, {"Node Type": "Bitmap Heap Scan", "Parent Relationship": "Inner", "Relation Name": "movie_info_idx", "Alias": "mi_idx", "Startup Cost": 4.17, "Total Cost": 12.09, "Plan Rows": 2, "Plan Width": 8, "Recheck Cond": "(movie_id = t.id)", "Plans": [{"Node Type": "Bitmap Index Scan", "Parent Relationship": "Outer", "Index Name": "movie_id_movie_info_idx", "Startup Cost": 0.0, "Total Cost": 4.17, "Plan Rows": 2, "Plan Width": 0, "Index Cond": "(movie_id = t.id)"}]}]}]}, {"Node Type": "Bitmap Heap Scan", "Parent Relationship": "Inner", "Relation Name": "movie_companies", "Alias": "mc", "Startup Cost": 0.29, "Total Cost": 4.32, "Plan Rows": 2, "Plan Width": 12, "Recheck Cond": "(movie_id = mi_idx.movie_id)", "Plans": [{"Node Type": "Bitmap Index Scan", "Parent Relationship": "Outer", "Index Name": "movie_id_movie_companies", "Startup Cost": 0.0, "Total Cost": 0.29, "Plan Rows": 2, "Plan Width": 0, "Index Cond": "(movie_id = mi_idx.movie_id)"}]}]}, {"Node Type": "Bitmap Heap Scan", "Parent Relationship": "Inner", "Relation Name": "movie_info", "Alias": "mi", "Startup Cost": 0.38, "Total Cost": 4.44, "Plan Rows": 5, "Plan Width": 50, "Recheck Cond": "(movie_id = mc.movie_id)", "Plans": [{"Node Type": "Bitmap Index Scan", "Parent Relationship": "Outer", "Index Name": "movie_id_movie_info", "Startup Cost": 0.0, "Total Cost": 0.37, "Plan Rows": 5, "Plan Width": 0, "Index Cond": "(movie_id = mc.movie_id)"}]}]}]}, {"Node Type": "Bitmap Heap Scan", "Parent Relationship": "Inner", "Relation Name": "company_name", "Alias": "cn", "Startup Cost": 0.26, "Total Cost": 4.27, "Plan Rows": 1, "Plan Width": 4, "Recheck Cond": "(id = mc.company_id)", "Filter": "((country_code)::text = '[us]'::text)", "Plans": [{"Node Type": "Bitmap Index Scan", "Parent Relationship": "Outer", "Index Name": "company_name_pkey", "Startup Cost": 0.0, "Total Cost": 0.26, "Plan Rows": 1, "Plan Width": 0, "Index Cond": "(id = mc.company_id)"}]}]}, {"Node Type": "Materialize", "Parent Relationship": "Inner", "Startup Cost": 0.0, "Total Cost": 1.05, "Plan Rows": 2, "Plan Width": 4, "Plans": [{"Node Type": "Seq Scan", "Parent Relationship": "Outer", "Relation Name": "company_type", "Alias": "ct", "Startup Cost": 0.0, "Total Cost": 1.04, "Plan Rows": 2, "Plan Width": 4, "Filter": "((kind IS NOT NULL) AND (((kind)::text = 'production companies'::text) OR ((kind)::text = 'distributors'::text)))"}]}]}]}, "Unique SQL Id": 1682224415}, "explain_analyze_plan": {"Plan": {"Node Type": "Aggregate", "Strategy": "Plain", "Startup Cost": 84498.66, "Total Cost": 84498.67, "Plan Rows": 1, "Plan Width": 123, "Actual Startup Time": 1368.298, "Actual Total Time": 1368.299, "Actual Rows": 1, "Actual Loops": 1, "Plans": [{"Node Type": "Nested Loop", "Parent Relationship": "Outer", "Join Type": "Inner", "Startup Cost": 5.1, "Total Cost": 84498.64, "Plan Rows": 4, "Plan Width": 59, "Actual Startup Time": 967.173, "Actual Total Time": 1368.24, "Actual Rows": 5, "Actual Loops": 1, "Inner Unique": true, "Join Filter": "(mc.company_type_id = ct.id)", "Rows Removed by Join Filter": 5, "Plans": [{"Node Type": "Nested Loop", "Parent Relationship": "Outer", "Join Type": "Inner", "Startup Cost": 5.1, "Total Cost": 84497.47, "Plan Rows": 4, "Plan Width": 63, "Actual Startup Time": 966.883, "Actual Total Time": 1368.195, "Actual Rows": 10, "Actual Loops": 1, "Inner Unique": true, "Plans": [{"Node Type": "Nested Loop", "Parent Relationship": "Outer", "Join Type": "Inner", "Startup Cost": 4.84, "Total Cost": 84476.05, "Plan Rows": 5, "Plan Width": 67, "Actual Startup Time": 966.856, "Actual Total Time": 1367.898, "Actual Rows": 33, "Actual Loops": 1, "Inner Unique": false, "Join Filter": "(mi.info_type_id = it1.id)", "Rows Removed by Join Filter": 4926, "Plans": [{"Node Type": "Seq Scan", "Parent Relationship": "Outer", "Relation Name": "info_type", "Alias": "it1", "Startup Cost": 0.0, "Total Cost": 2.4, "Plan Rows": 1, "Plan Width": 4, "Actual Startup Time": 0.055, "Actual Total Time": 0.062, "Actual Rows": 1, "Actual Loops": 1, "Filter": "((info)::text = 'budget'::text)", "Rows Removed by Filter": 111}, {"Node Type": "Nested Loop", "Parent Relationship": "Inner", "Join Type": "Inner", "Startup Cost": 4.84, "Total Cost": 84459.62, "Plan Rows": 1122, "Plan Width": 71, "Actual Startup Time": 966.73, "Actual Total Time": 1366.883, "Actual Rows": 4959, "Actual Loops": 1, "Inner Unique": false, "Join Filter": "(t.id = mi.movie_id)", "Rows Removed by Join Filter": 0, "Plans": [{"Node Type": "Nested Loop", "Parent Relationship": "Outer", "Join Type": "Inner", "Startup Cost": 4.47, "Total Cost": 83514.44, "Plan Rows": 210, "Plan Width": 37, "Actual Startup Time": 966.675, "Actual Total Time": 1362.7, "Actual Rows": 33, "Actual Loops": 1, "Inner Unique": false, "Join Filter": "(t.id = mc.movie_id)", "Rows Removed by Join Filter": 0, "Plans": [{"Node Type": "Nested Loop", "Parent Relationship": "Outer", "Join Type": "Inner", "Startup Cost": 4.17, "Total Cost": 82163.69, "Plan Rows": 311, "Plan Width": 25, "Actual Startup Time": 966.598, "Actual Total Time": 1362.569, "Actual Rows": 2, "Actual Loops": 1, "Inner Unique": false, "Join Filter": "(mi_idx.info_type_id = it2.id)", "Rows Removed by Join Filter": 2643, "Plans": [{"Node Type": "Seq Scan", "Parent Relationship": "Outer", "Relation Name": "info_type", "Alias": "it2", "Startup Cost": 0.0, "Total Cost": 2.4, "Plan Rows": 1, "Plan Width": 4, "Actual Startup Time": 0.041, "Actual Total Time": 0.046, "Actual Rows": 1, "Actual Loops": 1, "Filter": "((info)::text = 'bottom 10 rank'::text)", "Rows Removed by Filter": 111}, {"Node Type": "Nested Loop", "Parent Relationship": "Inner", "Join Type": "Inner", "Startup Cost": 4.17, "Total Cost": 82156.34, "Plan Rows": 396, "Plan Width": 29, "Actual Startup Time": 14.116, "Actual Total Time": 1361.789, "Actual Rows": 2645, "Actual Loops": 1, "Inner Unique": false, "Plans": [{"Node Type": "Seq Scan", "Parent Relationship": "Outer", "Relation Name": "title", "Alias": "t", "Startup Cost": 0.0, "Total Cost": 79031.44, "Plan Rows": 258, "Plan Width": 21, "Actual Startup Time": 0.372, "Actual Total Time": 1341.772, "Actual Rows": 2536, "Actual Loops": 1, "Filter": "((production_year > 2000) AND (((title)::text ~~ 'Birdemic%'::text) OR ((title)::text ~~ '%Movie%'::text)))", "Rows Removed by Filter": 2525775}, {"Node Type": "Bitmap Heap Scan", "Parent Relationship": "Inner", "Relation Name": "movie_info_idx", "Alias": "mi_idx", "Startup Cost": 4.17, "Total Cost": 12.09, "Plan Rows": 2, "Plan Width": 8, "Actual Startup Time": 14.961, "Actual Total Time": 15.336, "Actual Rows": 2645, "Actual Loops": 2536, "Recheck Cond": "(movie_id = t.id)", "Rows Removed by Index Recheck": 0, "Exact Heap Blocks": 890, "Lossy Heap Blocks": 890, "Plans": [{"Node Type": "Bitmap Index Scan", "Parent Relationship": "Outer", "Index Name": "movie_id_movie_info_idx", "Startup Cost": 0.0, "Total Cost": 4.17, "Plan Rows": 2, "Plan Width": 0, "Actual Startup Time": 10.951, "Actual Total Time": 10.951, "Actual Rows": 2645, "Actual Loops": 2536, "Index Cond": "(movie_id = t.id)"}]}]}]}, {"Node Type": "Bitmap Heap Scan", "Parent Relationship": "Inner", "Relation Name": "movie_companies", "Alias": "mc", "Startup Cost": 0.29, "Total Cost": 4.32, "Plan Rows": 2, "Plan Width": 12, "Actual Startup Time": 0.07, "Actual Total Time": 0.08, "Actual Rows": 33, "Actual Loops": 2, "Recheck Cond": "(movie_id = mi_idx.movie_id)", "Rows Removed by Index Recheck": 0, "Exact Heap Blocks": 4, "Lossy Heap Blocks": 4, "Plans": [{"Node Type": "Bitmap Index Scan", "Parent Relationship": "Outer", "Index Name": "movie_id_movie_companies", "Startup Cost": 0.0, "Total Cost": 0.29, "Plan Rows": 2, "Plan Width": 0, "Actual Startup Time": 0.033, "Actual Total Time": 0.033, "Actual Rows": 33, "Actual Loops": 2, "Index Cond": "(movie_id = mi_idx.movie_id)"}]}]}, {"Node Type": "Bitmap Heap Scan", "Parent Relationship": "Inner", "Relation Name": "movie_info", "Alias": "mi", "Startup Cost": 0.38, "Total Cost": 4.44, "Plan Rows": 5, "Plan Width": 50, "Actual Startup Time": 0.795, "Actual Total Time": 2.552, "Actual Rows": 4959, "Actual Loops": 33, "Recheck Cond": "(movie_id = mc.movie_id)", "Rows Removed by Index Recheck": 0, "Exact Heap Blocks": 710, "Lossy Heap Blocks": 710, "Plans": [{"Node Type": "Bitmap Index Scan", "Parent Relationship": "Outer", "Index Name": "movie_id_movie_info", "Startup Cost": 0.0, "Total Cost": 0.37, "Plan Rows": 5, "Plan Width": 0, "Actual Startup Time": 0.662, "Actual Total Time": 0.662, "Actual Rows": 4959, "Actual Loops": 33, "Index Cond": "(movie_id = mc.movie_id)"}]}]}]}, {"Node Type": "Bitmap Heap Scan", "Parent Relationship": "Inner", "Relation Name": "company_name", "Alias": "cn", "Startup Cost": 0.26, "Total Cost": 4.27, "Plan Rows": 1, "Plan Width": 4, "Actual Startup Time": 0.244, "Actual Total Time": 0.244, "Actual Rows": 10, "Actual Loops": 33, "Recheck Cond": "(id = mc.company_id)", "Rows Removed by Index Recheck": 0, "Filter": "((country_code)::text = '[us]'::text)", "Rows Removed by Filter": 23, "Exact Heap Blocks": 33, "Lossy Heap Blocks": 33, "Plans": [{"Node Type": "Bitmap Index Scan", "Parent Relationship": "Outer", "Index Name": "company_name_pkey", "Startup Cost": 0.0, "Total Cost": 0.26, "Plan Rows": 1, "Plan Width": 0, "Actual Startup Time": 0.137, "Actual Total Time": 0.137, "Actual Rows": 33, "Actual Loops": 33, "Index Cond": "(id = mc.company_id)"}]}]}, {"Node Type": "Materialize", "Parent Relationship": "Inner", "Startup Cost": 0.0, "Total Cost": 1.05, "Plan Rows": 2, "Plan Width": 4, "Actual Startup Time": 0.023, "Actual Total Time": 0.029, "Actual Rows": 10, "Actual Loops": 10, "Plans": [{"Node Type": "Seq Scan", "Parent Relationship": "Outer", "Relation Name": "company_type", "Alias": "ct", "Startup Cost": 0.0, "Total Cost": 1.04, "Plan Rows": 2, "Plan Width": 4, "Actual Startup Time": 0.013, "Actual Total Time": 0.018, "Actual Rows": 1, "Actual Loops": 1, "Filter": "((kind IS NOT NULL) AND (((kind)::text = 'production companies'::text) OR ((kind)::text = 'distributors'::text)))", "Rows Removed by Filter": 2}]}]}]}, "Triggers": [], "Planner Runtime": 89.734, "Total Runtime": 1368.646, "Unique SQL Id": 1682224415}}, "(1, 51)": {"explain_plan": {"Plan": {"Node Type": "Aggregate", "Strategy": "Plain", "Startup Cost": 1000012336498.63, "Total Cost": 1000012336498.64, "Plan Rows": 1, "Plan Width": 123, "Plans": [{"Node Type": "Nested Loop", "Parent Relationship": "Outer", "Join Type": "Inner", "Startup Cost": 10000000002.04, "Total Cost": 1000012336498.61, "Plan Rows": 4, "Plan Width": 59, "Inner Unique": true, "Plans": [{"Node Type": "Nested Loop", "Parent Relationship": "Outer", "Join Type": "Inner", "Startup Cost": 10000000001.78, "Total Cost": 1000012336438.65, "Plan Rows": 14, "Plan Width": 63, "Inner Unique": true, "Plans": [{"Node Type": "Nested Loop", "Parent Relationship": "Outer", "Join Type": "Inner", "Startup Cost": 10000000001.52, "Total Cost": 1000012336378.66, "Plan Rows": 14, "Plan Width": 67, "Inner Unique": true, "Plans": [{"Node Type": "Nested Loop", "Parent Relationship": "Outer", "Join Type": "Inner", "Startup Cost": 10000000001.26, "Total Cost": 1000012336100.24, "Plan Rows": 65, "Plan Width": 71, "Inner Unique": false, "Join Filter": "(t.id = mc.movie_id)", "Plans": [{"Node Type": "Nested Loop", "Parent Relationship": "Outer", "Join Type": "Inner", "Startup Cost": 10000000001.0, "Total Cost": 1000012335970.7, "Plan Rows": 30, "Plan Width": 75, "Inner Unique": true, "Plans": [{"Node Type": "Nested Loop", "Parent Relationship": "Outer", "Join Type": "Inner", "Startup Cost": 10000000000.74, "Total Cost": 1000012326904.12, "Plan Rows": 2117, "Plan Width": 79, "Inner Unique": false, "Join Filter": "(t.id = mi.movie_id)", "Plans": [{"Node Type": "Nested Loop", "Parent Relationship": "Outer", "Join Type": "Inner", "Startup Cost": 10000000000.28, "Total Cost": 1000012325091.05, "Plan Rows": 396, "Plan Width": 29, "Inner Unique": true, "Plans": [{"Node Type": "Index Scan", "Parent Relationship": "Outer", "Scan Direction": "Forward", "Index Name": "info_type_id_movie_info_idx", "Relation Name": "movie_info_idx", "Alias": "mi_idx", "Startup Cost": 10000000000.0, "Total Cost": 1000006370838.27, "Plan Rows": 1380034, "Plan Width": 8}, {"Node Type": "Bitmap Heap Scan", "Parent Relationship": "Inner", "Relation Name": "title", "Alias": "t", "Startup Cost": 0.28, "Total Cost": 4.3, "Plan Rows": 1, "Plan Width": 21, "Recheck Cond": "(id = mi_idx.movie_id)", "Filter": "((production_year > 2000) AND (((title)::text ~~ 'Birdemic%'::text) OR ((title)::text ~~ '%Movie%'::text)))", "Plans": [{"Node Type": "Bitmap Index Scan", "Parent Relationship": "Outer", "Index Name": "title_pkey", "Startup Cost": 0.0, "Total Cost": 0.28, "Plan Rows": 1, "Plan Width": 0, "Index Cond": "(id = mi_idx.movie_id)"}]}]}, {"Node Type": "Bitmap Heap Scan", "Parent Relationship": "Inner", "Relation Name": "movie_info", "Alias": "mi", "Startup Cost": 0.45, "Total Cost": 4.52, "Plan Rows": 5, "Plan Width": 50, "Recheck Cond": "(movie_id = mi_idx.movie_id)", "Plans": [{"Node Type": "Bitmap Index Scan", "Parent Relationship": "Outer", "Index Name": "movie_id_movie_info", "Startup Cost": 0.0, "Total Cost": 0.45, "Plan Rows": 5, "Plan Width": 0, "Index Cond": "(movie_id = mi_idx.movie_id)"}]}]}, {"Node Type": "Bitmap Heap Scan", "Parent Relationship": "Inner", "Relation Name": "info_type", "Alias": "it1", "Startup Cost": 0.26, "Total Cost": 4.27, "Plan Rows": 1, "Plan Width": 4, "Recheck Cond": "(id = mi.info_type_id)", "Filter": "((info)::text = 'budget'::text)", "Plans": [{"Node Type": "Bitmap Index Scan", "Parent Relationship": "Outer", "Index Name": "info_type_pkey", "Startup Cost": 0.0, "Total Cost": 0.26, "Plan Rows": 1, "Plan Width": 0, "Index Cond": "(id = mi.info_type_id)"}]}]}, {"Node Type": "Bitmap Heap Scan", "Parent Relationship": "Inner", "Relation Name": "movie_companies", "Alias": "mc", "Startup Cost": 0.27, "Total Cost": 4.29, "Plan Rows": 2, "Plan Width": 12, "Recheck Cond": "(movie_id = mi.movie_id)", "Plans": [{"Node Type": "Bitmap Index Scan", "Parent Relationship": "Outer", "Index Name": "movie_id_movie_companies", "Startup Cost": 0.0, "Total Cost": 0.27, "Plan Rows": 2, "Plan Width": 0, "Index Cond": "(movie_id = mi.movie_id)"}]}]}, {"Node Type": "Bitmap Heap Scan", "Parent Relationship": "Inner", "Relation Name": "company_name", "Alias": "cn", "Startup Cost": 0.26, "Total Cost": 4.27, "Plan Rows": 1, "Plan Width": 4, "Recheck Cond": "(id = mc.company_id)", "Filter": "((country_code)::text = '[us]'::text)", "Plans": [{"Node Type": "Bitmap Index Scan", "Parent Relationship": "Outer", "Index Name": "company_name_pkey", "Startup Cost": 0.0, "Total Cost": 0.26, "Plan Rows": 1, "Plan Width": 0, "Index Cond": "(id = mc.company_id)"}]}]}, {"Node Type": "Bitmap Heap Scan", "Parent Relationship": "Inner", "Relation Name": "company_type", "Alias": "ct", "Startup Cost": 0.26, "Total Cost": 4.28, "Plan Rows": 1, "Plan Width": 4, "Recheck Cond": "(id = mc.company_type_id)", "Filter": "((kind IS NOT NULL) AND (((kind)::text = 'production companies'::text) OR ((kind)::text = 'distributors'::text)))", "Plans": [{"Node Type": "Bitmap Index Scan", "Parent Relationship": "Outer", "Index Name": "company_type_pkey", "Startup Cost": 0.0, "Total Cost": 0.26, "Plan Rows": 1, "Plan Width": 0, "Index Cond": "(id = mc.company_type_id)"}]}]}, {"Node Type": "Bitmap Heap Scan", "Parent Relationship": "Inner", "Relation Name": "info_type", "Alias": "it2", "Startup Cost": 0.26, "Total Cost": 4.27, "Plan Rows": 1, "Plan Width": 4, "Recheck Cond": "(id = mi_idx.info_type_id)", "Filter": "((info)::text = 'bottom 10 rank'::text)", "Plans": [{"Node Type": "Bitmap Index Scan", "Parent Relationship": "Outer", "Index Name": "info_type_pkey", "Startup Cost": 0.0, "Total Cost": 0.26, "Plan Rows": 1, "Plan Width": 0, "Index Cond": "(id = mi_idx.info_type_id)"}]}]}]}, "Unique SQL Id": 1682224415}, "explain_analyze_plan": null}, "(1, 52)": {"explain_plan": {"Plan": {"Node Type": "Aggregate", "Strategy": "Plain", "Startup Cost": 81432.16, "Total Cost": 81432.17, "Plan Rows": 1, "Plan Width": 123, "Plans": [{"Node Type": "Nested Loop", "Parent Relationship": "Outer", "Join Type": "Inner", "Startup Cost": 0.0, "Total Cost": 81432.14, "Plan Rows": 4, "Plan Width": 59, "Inner Unique": true, "Plans": [{"Node Type": "Nested Loop", "Parent Relationship": "Outer", "Join Type": "Inner", "Startup Cost": 0.0, "Total Cost": 81431.0, "Plan Rows": 4, "Plan Width": 63, "Inner Unique": true, "Plans": [{"Node Type": "Nested Loop", "Parent Relationship": "Outer", "Join Type": "Inner", "Startup Cost": 0.0, "Total Cost": 81429.56, "Plan Rows": 5, "Plan Width": 67, "Inner Unique": false, "Join Filter": "(mi.info_type_id = it1.id)", "Plans": [{"Node Type": "Seq Scan", "Parent Relationship": "Outer", "Relation Name": "info_type", "Alias": "it1", "Startup Cost": 0.0, "Total Cost": 2.4, "Plan Rows": 1, "Plan Width": 4, "Filter": "((info)::text = 'budget'::text)"}, {"Node Type": "Nested Loop", "Parent Relationship": "Inner", "Join Type": "Inner", "Startup Cost": 0.0, "Total Cost": 81413.14, "Plan Rows": 1122, "Plan Width": 71, "Inner Unique": false, "Join Filter": "(t.id = mi.movie_id)", "Plans": [{"Node Type": "Nested Loop", "Parent Relationship": "Outer", "Join Type": "Inner", "Startup Cost": 0.0, "Total Cost": 81260.48, "Plan Rows": 210, "Plan Width": 37, "Inner Unique": false, "Join Filter": "(t.id = mc.movie_id)", "Plans": [{"Node Type": "Nested Loop", "Parent Relationship": "Outer", "Join Type": "Inner", "Startup Cost": 0.0, "Total Cost": 81139.71, "Plan Rows": 311, "Plan Width": 25, "Inner Unique": false, "Join Filter": "(mi_idx.info_type_id = it2.id)", "Plans": [{"Node Type": "Seq Scan", "Parent Relationship": "Outer", "Relation Name": "info_type", "Alias": "it2", "Startup Cost": 0.0, "Total Cost": 2.4, "Plan Rows": 1, "Plan Width": 4, "Filter": "((info)::text = 'bottom 10 rank'::text)"}, {"Node Type": "Nested Loop", "Parent Relationship": "Inner", "Join Type": "Inner", "Startup Cost": 0.0, "Total Cost": 81132.36, "Plan Rows": 396, "Plan Width": 29, "Inner Unique": false, "Plans": [{"Node Type": "Seq Scan", "Parent Relationship": "Outer", "Relation Name": "title", "Alias": "t", "Startup Cost": 0.0, "Total Cost": 79031.44, "Plan Rows": 258, "Plan Width": 21, "Filter": "((production_year > 2000) AND (((title)::text ~~ 'Birdemic%'::text) OR ((title)::text ~~ '%Movie%'::text)))"}, {"Node Type": "Index Scan", "Parent Relationship": "Inner", "Scan Direction": "Forward", "Index Name": "movie_id_movie_info_idx", "Relation Name": "movie_info_idx", "Alias": "mi_idx", "Startup Cost": 0.0, "Total Cost": 8.12, "Plan Rows": 2, "Plan Width": 8, "Index Cond": "(movie_id = t.id)"}]}]}, {"Node Type": "Index Scan", "Parent Relationship": "Inner", "Scan Direction": "Forward", "Index Name": "movie_id_movie_companies", "Relation Name": "movie_companies", "Alias": "mc", "Startup Cost": 0.0, "Total Cost": 0.36, "Plan Rows": 2, "Plan Width": 12, "Index Cond": "(movie_id = mi_idx.movie_id)"}]}, {"Node Type": "Index Scan", "Parent Relationship": "Inner", "Scan Direction": "Forward", "Index Name": "movie_id_movie_info", "Relation Name": "movie_info", "Alias": "mi", "Startup Cost": 0.0, "Total Cost": 0.66, "Plan Rows": 5, "Plan Width": 50, "Index Cond": "(movie_id = mc.movie_id)"}]}]}, {"Node Type": "Index Scan", "Parent Relationship": "Inner", "Scan Direction": "Forward", "Index Name": "company_name_pkey", "Relation Name": "company_name", "Alias": "cn", "Startup Cost": 0.0, "Total Cost": 0.28, "Plan Rows": 1, "Plan Width": 4, "Index Cond": "(id = mc.company_id)", "Filter": "((country_code)::text = '[us]'::text)"}]}, {"Node Type": "Index Scan", "Parent Relationship": "Inner", "Scan Direction": "Forward", "Index Name": "company_type_pkey", "Relation Name": "company_type", "Alias": "ct", "Startup Cost": 0.0, "Total Cost": 0.28, "Plan Rows": 1, "Plan Width": 4, "Index Cond": "(id = mc.company_type_id)", "Filter": "((kind IS NOT NULL) AND (((kind)::text = 'production companies'::text) OR ((kind)::text = 'distributors'::text)))"}]}]}, "Unique SQL Id": 1682224415}, "explain_analyze_plan": {"Plan": {"Node Type": "Aggregate", "Strategy": "Plain", "Startup Cost": 81432.16, "Total Cost": 81432.17, "Plan Rows": 1, "Plan Width": 123, "Actual Startup Time": 1371.266, "Actual Total Time": 1371.266, "Actual Rows": 1, "Actual Loops": 1, "Plans": [{"Node Type": "Nested Loop", "Parent Relationship": "Outer", "Join Type": "Inner", "Startup Cost": 0.0, "Total Cost": 81432.14, "Plan Rows": 4, "Plan Width": 59, "Actual Startup Time": 973.085, "Actual Total Time": 1371.203, "Actual Rows": 5, "Actual Loops": 1, "Inner Unique": true, "Plans": [{"Node Type": "Nested Loop", "Parent Relationship": "Outer", "Join Type": "Inner", "Startup Cost": 0.0, "Total Cost": 81431.0, "Plan Rows": 4, "Plan Width": 63, "Actual Startup Time": 972.828, "Actual Total Time": 1371.159, "Actual Rows": 10, "Actual Loops": 1, "Inner Unique": true, "Plans": [{"Node Type": "Nested Loop", "Parent Relationship": "Outer", "Join Type": "Inner", "Startup Cost": 0.0, "Total Cost": 81429.56, "Plan Rows": 5, "Plan Width": 67, "Actual Startup Time": 972.803, "Actual Total Time": 1370.929, "Actual Rows": 33, "Actual Loops": 1, "Inner Unique": false, "Join Filter": "(mi.info_type_id = it1.id)", "Rows Removed by Join Filter": 4926, "Plans": [{"Node Type": "Seq Scan", "Parent Relationship": "Outer", "Relation Name": "info_type", "Alias": "it1", "Startup Cost": 0.0, "Total Cost": 2.4, "Plan Rows": 1, "Plan Width": 4, "Actual Startup Time": 0.067, "Actual Total Time": 0.078, "Actual Rows": 1, "Actual Loops": 1, "Filter": "((info)::text = 'budget'::text)", "Rows Removed by Filter": 111}, {"Node Type": "Nested Loop", "Parent Relationship": "Inner", "Join Type": "Inner", "Startup Cost": 0.0, "Total Cost": 81413.14, "Plan Rows": 1122, "Plan Width": 71, "Actual Startup Time": 972.653, "Actual Total Time": 1369.917, "Actual Rows": 4959, "Actual Loops": 1, "Inner Unique": false, "Join Filter": "(t.id = mi.movie_id)", "Rows Removed by Join Filter": 0, "Plans": [{"Node Type": "Nested Loop", "Parent Relationship": "Outer", "Join Type": "Inner", "Startup Cost": 0.0, "Total Cost": 81260.48, "Plan Rows": 210, "Plan Width": 37, "Actual Startup Time": 972.576, "Actual Total Time": 1365.779, "Actual Rows": 33, "Actual Loops": 1, "Inner Unique": false, "Join Filter": "(t.id = mc.movie_id)", "Rows Removed by Join Filter": 0, "Plans": [{"Node Type": "Nested Loop", "Parent Relationship": "Outer", "Join Type": "Inner", "Startup Cost": 0.0, "Total Cost": 81139.71, "Plan Rows": 311, "Plan Width": 25, "Actual Startup Time": 972.451, "Actual Total Time": 1365.601, "Actual Rows": 2, "Actual Loops": 1, "Inner Unique": false, "Join Filter": "(mi_idx.info_type_id = it2.id)", "Rows Removed by Join Filter": 2643, "Plans": [{"Node Type": "Seq Scan", "Parent Relationship": "Outer", "Relation Name": "info_type", "Alias": "it2", "Startup Cost": 0.0, "Total Cost": 2.4, "Plan Rows": 1, "Plan Width": 4, "Actual Startup Time": 0.044, "Actual Total Time": 0.051, "Actual Rows": 1, "Actual Loops": 1, "Filter": "((info)::text = 'bottom 10 rank'::text)", "Rows Removed by Filter": 111}, {"Node Type": "Nested Loop", "Parent Relationship": "Inner", "Join Type": "Inner", "Startup Cost": 0.0, "Total Cost": 81132.36, "Plan Rows": 396, "Plan Width": 29, "Actual Startup Time": 13.969, "Actual Total Time": 1364.883, "Actual Rows": 2645, "Actual Loops": 1, "Inner Unique": false, "Plans": [{"Node Type": "Seq Scan", "Parent Relationship": "Outer", "Relation Name": "title", "Alias": "t", "Startup Cost": 0.0, "Total Cost": 79031.44, "Plan Rows": 258, "Plan Width": 21, "Actual Startup Time": 0.371, "Actual Total Time": 1349.84, "Actual Rows": 2536, "Actual Loops": 1, "Filter": "((production_year > 2000) AND (((title)::text ~~ 'Birdemic%'::text) OR ((title)::text ~~ '%Movie%'::text)))", "Rows Removed by Filter": 2525775}, {"Node Type": "Index Scan", "Parent Relationship": "Inner", "Scan Direction": "Forward", "Index Name": "movie_id_movie_info_idx", "Relation Name": "movie_info_idx", "Alias": "mi_idx", "Startup Cost": 0.0, "Total Cost": 8.12, "Plan Rows": 2, "Plan Width": 8, "Actual Startup Time": 11.624, "Actual Total Time": 12.638, "Actual Rows": 2645, "Actual Loops": 2536, "Index Cond": "(movie_id = t.id)", "Rows Removed by Index Recheck": 0}]}]}, {"Node Type": "Index Scan", "Parent Relationship": "Inner", "Scan Direction": "Forward", "Index Name": "movie_id_movie_companies", "Relation Name": "movie_companies", "Alias": "mc", "Startup Cost": 0.0, "Total Cost": 0.36, "Plan Rows": 2, "Plan Width": 12, "Actual Startup Time": 0.033, "Actual Total Time": 0.054, "Actual Rows": 33, "Actual Loops": 2, "Index Cond": "(movie_id = mi_idx.movie_id)", "Rows Removed by Index Recheck": 0}]}, {"Node Type": "Index Scan", "Parent Relationship": "Inner", "Scan Direction": "Forward", "Index Name": "movie_id_movie_info", "Relation Name": "movie_info", "Alias": "mi", "Startup Cost": 0.0, "Total Cost": 0.66, "Plan Rows": 5, "Plan Width": 50, "Actual Startup Time": 0.527, "Actual Total Time": 2.538, "Actual Rows": 4959, "Actual Loops": 33, "Index Cond": "(movie_id = mc.movie_id)", "Rows Removed by Index Recheck": 0}]}]}, {"Node Type": "Index Scan", "Parent Relationship": "Inner", "Scan Direction": "Forward", "Index Name": "company_name_pkey", "Relation Name": "company_name", "Alias": "cn", "Startup Cost": 0.0, "Total Cost": 0.28, "Plan Rows": 1, "Plan Width": 4, "Actual Startup Time": 0.2, "Actual Total Time": 0.2, "Actual Rows": 10, "Actual Loops": 33, "Index Cond": "(id = mc.company_id)", "Rows Removed by Index Recheck": 0, "Filter": "((country_code)::text = '[us]'::text)", "Rows Removed by Filter": 23}]}, {"Node Type": "Index Scan", "Parent Relationship": "Inner", "Scan Direction": "Forward", "Index Name": "company_type_pkey", "Relation Name": "company_type", "Alias": "ct", "Startup Cost": 0.0, "Total Cost": 0.28, "Plan Rows": 1, "Plan Width": 4, "Actual Startup Time": 0.026, "Actual Total Time": 0.026, "Actual Rows": 5, "Actual Loops": 10, "Index Cond": "(id = mc.company_type_id)", "Rows Removed by Index Recheck": 0, "Filter": "((kind IS NOT NULL) AND (((kind)::text = 'production companies'::text) OR ((kind)::text = 'distributors'::text)))", "Rows Removed by Filter": 0}]}]}, "Triggers": [], "Planner Runtime": 98.34, "Total Runtime": 1371.638, "Unique SQL Id": 1682224415}}, "(1, 53)": {"explain_plan": {"Plan": {"Node Type": "Aggregate", "Strategy": "Plain", "Startup Cost": 131508.15, "Total Cost": 131508.16, "Plan Rows": 1, "Plan Width": 123, "Plans": [{"Node Type": "Nested Loop", "Parent Relationship": "Outer", "Join Type": "Inner", "Startup Cost": 0.0, "Total Cost": 131508.13, "Plan Rows": 4, "Plan Width": 59, "Inner Unique": true, "Plans": [{"Node Type": "Nested Loop", "Parent Relationship": "Outer", "Join Type": "Inner", "Startup Cost": 0.0, "Total Cost": 131506.99, "Plan Rows": 4, "Plan Width": 63, "Inner Unique": true, "Plans": [{"Node Type": "Nested Loop", "Parent Relationship": "Outer", "Join Type": "Inner", "Startup Cost": 0.0, "Total Cost": 131505.55, "Plan Rows": 5, "Plan Width": 67, "Inner Unique": false, "Join Filter": "(mi.info_type_id = it1.id)", "Plans": [{"Node Type": "Index Scan", "Parent Relationship": "Outer", "Scan Direction": "Forward", "Index Name": "info_type_pkey", "Relation Name": "info_type", "Alias": "it1", "Startup Cost": 0.0, "Total Cost": 14.21, "Plan Rows": 1, "Plan Width": 4, "Filter": "((info)::text = 'budget'::text)"}, {"Node Type": "Nested Loop", "Parent Relationship": "Inner", "Join Type": "Inner", "Startup Cost": 0.0, "Total Cost": 131477.32, "Plan Rows": 1122, "Plan Width": 71, "Inner Unique": false, "Join Filter": "(t.id = mi.movie_id)", "Plans": [{"Node Type": "Nested Loop", "Parent Relationship": "Outer", "Join Type": "Inner", "Startup Cost": 0.0, "Total Cost": 131324.66, "Plan Rows": 210, "Plan Width": 37, "Inner Unique": false, "Join Filter": "(t.id = mc.movie_id)", "Plans": [{"Node Type": "Nested Loop", "Parent Relationship": "Outer", "Join Type": "Inner", "Startup Cost": 0.0, "Total Cost": 131203.89, "Plan Rows": 311, "Plan Width": 25, "Inner Unique": true, "Join Filter": "(mi_idx.info_type_id = it2.id)", "Plans": [{"Node Type": "Nested Loop", "Parent Relationship": "Outer", "Join Type": "Inner", "Startup Cost": 0.0, "Total Cost": 131183.74, "Plan Rows": 396, "Plan Width": 29, "Inner Unique": false, "Plans": [{"Node Type": "Index Scan", "Parent Relationship": "Outer", "Scan Direction": "Forward", "Index Name": "title_pkey", "Relation Name": "title", "Alias": "t", "Startup Cost": 0.0, "Total Cost": 129082.82, "Plan Rows": 258, "Plan Width": 21, "Filter": "((production_year > 2000) AND (((title)::text ~~ 'Birdemic%'::text) OR ((title)::text ~~ '%Movie%'::text)))"}, {"Node Type": "Index Scan", "Parent Relationship": "Inner", "Scan Direction": "Forward", "Index Name": "movie_id_movie_info_idx", "Relation Name": "movie_info_idx", "Alias": "mi_idx", "Startup Cost": 0.0, "Total Cost": 8.12, "Plan Rows": 2, "Plan Width": 8, "Index Cond": "(movie_id = t.id)"}]}, {"Node Type": "Materialize", "Parent Relationship": "Inner", "Startup Cost": 0.0, "Total Cost": 14.22, "Plan Rows": 1, "Plan Width": 4, "Plans": [{"Node Type": "Index Scan", "Parent Relationship": "Outer", "Scan Direction": "Forward", "Index Name": "info_type_pkey", "Relation Name": "info_type", "Alias": "it2", "Startup Cost": 0.0, "Total Cost": 14.21, "Plan Rows": 1, "Plan Width": 4, "Filter": "((info)::text = 'bottom 10 rank'::text)"}]}]}, {"Node Type": "Index Scan", "Parent Relationship": "Inner", "Scan Direction": "Forward", "Index Name": "movie_id_movie_companies", "Relation Name": "movie_companies", "Alias": "mc", "Startup Cost": 0.0, "Total Cost": 0.36, "Plan Rows": 2, "Plan Width": 12, "Index Cond": "(movie_id = mi_idx.movie_id)"}]}, {"Node Type": "Index Scan", "Parent Relationship": "Inner", "Scan Direction": "Forward", "Index Name": "movie_id_movie_info", "Relation Name": "movie_info", "Alias": "mi", "Startup Cost": 0.0, "Total Cost": 0.66, "Plan Rows": 5, "Plan Width": 50, "Index Cond": "(movie_id = mc.movie_id)"}]}]}, {"Node Type": "Index Scan", "Parent Relationship": "Inner", "Scan Direction": "Forward", "Index Name": "company_name_pkey", "Relation Name": "company_name", "Alias": "cn", "Startup Cost": 0.0, "Total Cost": 0.28, "Plan Rows": 1, "Plan Width": 4, "Index Cond": "(id = mc.company_id)", "Filter": "((country_code)::text = '[us]'::text)"}]}, {"Node Type": "Index Scan", "Parent Relationship": "Inner", "Scan Direction": "Forward", "Index Name": "company_type_pkey", "Relation Name": "company_type", "Alias": "ct", "Startup Cost": 0.0, "Total Cost": 0.28, "Plan Rows": 1, "Plan Width": 4, "Index Cond": "(id = mc.company_type_id)", "Filter": "((kind IS NOT NULL) AND (((kind)::text = 'production companies'::text) OR ((kind)::text = 'distributors'::text)))"}]}]}, "Unique SQL Id": 1682224415}, "explain_analyze_plan": null}, "(1, 54)": {"explain_plan": {"Plan": {"Node Type": "Aggregate", "Strategy": "Plain", "Startup Cost": 84498.66, "Total Cost": 84498.67, "Plan Rows": 1, "Plan Width": 123, "Plans": [{"Node Type": "Nested Loop", "Parent Relationship": "Outer", "Join Type": "Inner", "Startup Cost": 5.1, "Total Cost": 84498.64, "Plan Rows": 4, "Plan Width": 59, "Inner Unique": true, "Join Filter": "(mc.company_type_id = ct.id)", "Plans": [{"Node Type": "Nested Loop", "Parent Relationship": "Outer", "Join Type": "Inner", "Startup Cost": 5.1, "Total Cost": 84497.47, "Plan Rows": 4, "Plan Width": 63, "Inner Unique": true, "Plans": [{"Node Type": "Nested Loop", "Parent Relationship": "Outer", "Join Type": "Inner", "Startup Cost": 4.84, "Total Cost": 84476.05, "Plan Rows": 5, "Plan Width": 67, "Inner Unique": false, "Join Filter": "(mi.info_type_id = it1.id)", "Plans": [{"Node Type": "Seq Scan", "Parent Relationship": "Outer", "Relation Name": "info_type", "Alias": "it1", "Startup Cost": 0.0, "Total Cost": 2.4, "Plan Rows": 1, "Plan Width": 4, "Filter": "((info)::text = 'budget'::text)"}, {"Node Type": "Nested Loop", "Parent Relationship": "Inner", "Join Type": "Inner", "Startup Cost": 4.84, "Total Cost": 84459.62, "Plan Rows": 1122, "Plan Width": 71, "Inner Unique": false, "Join Filter": "(t.id = mi.movie_id)", "Plans": [{"Node Type": "Nested Loop", "Parent Relationship": "Outer", "Join Type": "Inner", "Startup Cost": 4.47, "Total Cost": 83514.44, "Plan Rows": 210, "Plan Width": 37, "Inner Unique": false, "Join Filter": "(t.id = mc.movie_id)", "Plans": [{"Node Type": "Nested Loop", "Parent Relationship": "Outer", "Join Type": "Inner", "Startup Cost": 4.17, "Total Cost": 82163.69, "Plan Rows": 311, "Plan Width": 25, "Inner Unique": false, "Join Filter": "(mi_idx.info_type_id = it2.id)", "Plans": [{"Node Type": "Seq Scan", "Parent Relationship": "Outer", "Relation Name": "info_type", "Alias": "it2", "Startup Cost": 0.0, "Total Cost": 2.4, "Plan Rows": 1, "Plan Width": 4, "Filter": "((info)::text = 'bottom 10 rank'::text)"}, {"Node Type": "Nested Loop", "Parent Relationship": "Inner", "Join Type": "Inner", "Startup Cost": 4.17, "Total Cost": 82156.34, "Plan Rows": 396, "Plan Width": 29, "Inner Unique": false, "Plans": [{"Node Type": "Seq Scan", "Parent Relationship": "Outer", "Relation Name": "title", "Alias": "t", "Startup Cost": 0.0, "Total Cost": 79031.44, "Plan Rows": 258, "Plan Width": 21, "Filter": "((production_year > 2000) AND (((title)::text ~~ 'Birdemic%'::text) OR ((title)::text ~~ '%Movie%'::text)))"}, {"Node Type": "Bitmap Heap Scan", "Parent Relationship": "Inner", "Relation Name": "movie_info_idx", "Alias": "mi_idx", "Startup Cost": 4.17, "Total Cost": 12.09, "Plan Rows": 2, "Plan Width": 8, "Recheck Cond": "(movie_id = t.id)", "Plans": [{"Node Type": "Bitmap Index Scan", "Parent Relationship": "Outer", "Index Name": "movie_id_movie_info_idx", "Startup Cost": 0.0, "Total Cost": 4.17, "Plan Rows": 2, "Plan Width": 0, "Index Cond": "(movie_id = t.id)"}]}]}]}, {"Node Type": "Bitmap Heap Scan", "Parent Relationship": "Inner", "Relation Name": "movie_companies", "Alias": "mc", "Startup Cost": 0.29, "Total Cost": 4.32, "Plan Rows": 2, "Plan Width": 12, "Recheck Cond": "(movie_id = mi_idx.movie_id)", "Plans": [{"Node Type": "Bitmap Index Scan", "Parent Relationship": "Outer", "Index Name": "movie_id_movie_companies", "Startup Cost": 0.0, "Total Cost": 0.29, "Plan Rows": 2, "Plan Width": 0, "Index Cond": "(movie_id = mi_idx.movie_id)"}]}]}, {"Node Type": "Bitmap Heap Scan", "Parent Relationship": "Inner", "Relation Name": "movie_info", "Alias": "mi", "Startup Cost": 0.38, "Total Cost": 4.44, "Plan Rows": 5, "Plan Width": 50, "Recheck Cond": "(movie_id = mc.movie_id)", "Plans": [{"Node Type": "Bitmap Index Scan", "Parent Relationship": "Outer", "Index Name": "movie_id_movie_info", "Startup Cost": 0.0, "Total Cost": 0.37, "Plan Rows": 5, "Plan Width": 0, "Index Cond": "(movie_id = mc.movie_id)"}]}]}]}, {"Node Type": "Bitmap Heap Scan", "Parent Relationship": "Inner", "Relation Name": "company_name", "Alias": "cn", "Startup Cost": 0.26, "Total Cost": 4.27, "Plan Rows": 1, "Plan Width": 4, "Recheck Cond": "(id = mc.company_id)", "Filter": "((country_code)::text = '[us]'::text)", "Plans": [{"Node Type": "Bitmap Index Scan", "Parent Relationship": "Outer", "Index Name": "company_name_pkey", "Startup Cost": 0.0, "Total Cost": 0.26, "Plan Rows": 1, "Plan Width": 0, "Index Cond": "(id = mc.company_id)"}]}]}, {"Node Type": "Materialize", "Parent Relationship": "Inner", "Startup Cost": 0.0, "Total Cost": 1.05, "Plan Rows": 2, "Plan Width": 4, "Plans": [{"Node Type": "Seq Scan", "Parent Relationship": "Outer", "Relation Name": "company_type", "Alias": "ct", "Startup Cost": 0.0, "Total Cost": 1.04, "Plan Rows": 2, "Plan Width": 4, "Filter": "((kind IS NOT NULL) AND (((kind)::text = 'production companies'::text) OR ((kind)::text = 'distributors'::text)))"}]}]}]}, "Unique SQL Id": 1682224415}, "explain_analyze_plan": {"Plan": {"Node Type": "Aggregate", "Strategy": "Plain", "Startup Cost": 84498.66, "Total Cost": 84498.67, "Plan Rows": 1, "Plan Width": 123, "Actual Startup Time": 1368.298, "Actual Total Time": 1368.299, "Actual Rows": 1, "Actual Loops": 1, "Plans": [{"Node Type": "Nested Loop", "Parent Relationship": "Outer", "Join Type": "Inner", "Startup Cost": 5.1, "Total Cost": 84498.64, "Plan Rows": 4, "Plan Width": 59, "Actual Startup Time": 967.173, "Actual Total Time": 1368.24, "Actual Rows": 5, "Actual Loops": 1, "Inner Unique": true, "Join Filter": "(mc.company_type_id = ct.id)", "Rows Removed by Join Filter": 5, "Plans": [{"Node Type": "Nested Loop", "Parent Relationship": "Outer", "Join Type": "Inner", "Startup Cost": 5.1, "Total Cost": 84497.47, "Plan Rows": 4, "Plan Width": 63, "Actual Startup Time": 966.883, "Actual Total Time": 1368.195, "Actual Rows": 10, "Actual Loops": 1, "Inner Unique": true, "Plans": [{"Node Type": "Nested Loop", "Parent Relationship": "Outer", "Join Type": "Inner", "Startup Cost": 4.84, "Total Cost": 84476.05, "Plan Rows": 5, "Plan Width": 67, "Actual Startup Time": 966.856, "Actual Total Time": 1367.898, "Actual Rows": 33, "Actual Loops": 1, "Inner Unique": false, "Join Filter": "(mi.info_type_id = it1.id)", "Rows Removed by Join Filter": 4926, "Plans": [{"Node Type": "Seq Scan", "Parent Relationship": "Outer", "Relation Name": "info_type", "Alias": "it1", "Startup Cost": 0.0, "Total Cost": 2.4, "Plan Rows": 1, "Plan Width": 4, "Actual Startup Time": 0.055, "Actual Total Time": 0.062, "Actual Rows": 1, "Actual Loops": 1, "Filter": "((info)::text = 'budget'::text)", "Rows Removed by Filter": 111}, {"Node Type": "Nested Loop", "Parent Relationship": "Inner", "Join Type": "Inner", "Startup Cost": 4.84, "Total Cost": 84459.62, "Plan Rows": 1122, "Plan Width": 71, "Actual Startup Time": 966.73, "Actual Total Time": 1366.883, "Actual Rows": 4959, "Actual Loops": 1, "Inner Unique": false, "Join Filter": "(t.id = mi.movie_id)", "Rows Removed by Join Filter": 0, "Plans": [{"Node Type": "Nested Loop", "Parent Relationship": "Outer", "Join Type": "Inner", "Startup Cost": 4.47, "Total Cost": 83514.44, "Plan Rows": 210, "Plan Width": 37, "Actual Startup Time": 966.675, "Actual Total Time": 1362.7, "Actual Rows": 33, "Actual Loops": 1, "Inner Unique": false, "Join Filter": "(t.id = mc.movie_id)", "Rows Removed by Join Filter": 0, "Plans": [{"Node Type": "Nested Loop", "Parent Relationship": "Outer", "Join Type": "Inner", "Startup Cost": 4.17, "Total Cost": 82163.69, "Plan Rows": 311, "Plan Width": 25, "Actual Startup Time": 966.598, "Actual Total Time": 1362.569, "Actual Rows": 2, "Actual Loops": 1, "Inner Unique": false, "Join Filter": "(mi_idx.info_type_id = it2.id)", "Rows Removed by Join Filter": 2643, "Plans": [{"Node Type": "Seq Scan", "Parent Relationship": "Outer", "Relation Name": "info_type", "Alias": "it2", "Startup Cost": 0.0, "Total Cost": 2.4, "Plan Rows": 1, "Plan Width": 4, "Actual Startup Time": 0.041, "Actual Total Time": 0.046, "Actual Rows": 1, "Actual Loops": 1, "Filter": "((info)::text = 'bottom 10 rank'::text)", "Rows Removed by Filter": 111}, {"Node Type": "Nested Loop", "Parent Relationship": "Inner", "Join Type": "Inner", "Startup Cost": 4.17, "Total Cost": 82156.34, "Plan Rows": 396, "Plan Width": 29, "Actual Startup Time": 14.116, "Actual Total Time": 1361.789, "Actual Rows": 2645, "Actual Loops": 1, "Inner Unique": false, "Plans": [{"Node Type": "Seq Scan", "Parent Relationship": "Outer", "Relation Name": "title", "Alias": "t", "Startup Cost": 0.0, "Total Cost": 79031.44, "Plan Rows": 258, "Plan Width": 21, "Actual Startup Time": 0.372, "Actual Total Time": 1341.772, "Actual Rows": 2536, "Actual Loops": 1, "Filter": "((production_year > 2000) AND (((title)::text ~~ 'Birdemic%'::text) OR ((title)::text ~~ '%Movie%'::text)))", "Rows Removed by Filter": 2525775}, {"Node Type": "Bitmap Heap Scan", "Parent Relationship": "Inner", "Relation Name": "movie_info_idx", "Alias": "mi_idx", "Startup Cost": 4.17, "Total Cost": 12.09, "Plan Rows": 2, "Plan Width": 8, "Actual Startup Time": 14.961, "Actual Total Time": 15.336, "Actual Rows": 2645, "Actual Loops": 2536, "Recheck Cond": "(movie_id = t.id)", "Rows Removed by Index Recheck": 0, "Exact Heap Blocks": 890, "Lossy Heap Blocks": 890, "Plans": [{"Node Type": "Bitmap Index Scan", "Parent Relationship": "Outer", "Index Name": "movie_id_movie_info_idx", "Startup Cost": 0.0, "Total Cost": 4.17, "Plan Rows": 2, "Plan Width": 0, "Actual Startup Time": 10.951, "Actual Total Time": 10.951, "Actual Rows": 2645, "Actual Loops": 2536, "Index Cond": "(movie_id = t.id)"}]}]}]}, {"Node Type": "Bitmap Heap Scan", "Parent Relationship": "Inner", "Relation Name": "movie_companies", "Alias": "mc", "Startup Cost": 0.29, "Total Cost": 4.32, "Plan Rows": 2, "Plan Width": 12, "Actual Startup Time": 0.07, "Actual Total Time": 0.08, "Actual Rows": 33, "Actual Loops": 2, "Recheck Cond": "(movie_id = mi_idx.movie_id)", "Rows Removed by Index Recheck": 0, "Exact Heap Blocks": 4, "Lossy Heap Blocks": 4, "Plans": [{"Node Type": "Bitmap Index Scan", "Parent Relationship": "Outer", "Index Name": "movie_id_movie_companies", "Startup Cost": 0.0, "Total Cost": 0.29, "Plan Rows": 2, "Plan Width": 0, "Actual Startup Time": 0.033, "Actual Total Time": 0.033, "Actual Rows": 33, "Actual Loops": 2, "Index Cond": "(movie_id = mi_idx.movie_id)"}]}]}, {"Node Type": "Bitmap Heap Scan", "Parent Relationship": "Inner", "Relation Name": "movie_info", "Alias": "mi", "Startup Cost": 0.38, "Total Cost": 4.44, "Plan Rows": 5, "Plan Width": 50, "Actual Startup Time": 0.795, "Actual Total Time": 2.552, "Actual Rows": 4959, "Actual Loops": 33, "Recheck Cond": "(movie_id = mc.movie_id)", "Rows Removed by Index Recheck": 0, "Exact Heap Blocks": 710, "Lossy Heap Blocks": 710, "Plans": [{"Node Type": "Bitmap Index Scan", "Parent Relationship": "Outer", "Index Name": "movie_id_movie_info", "Startup Cost": 0.0, "Total Cost": 0.37, "Plan Rows": 5, "Plan Width": 0, "Actual Startup Time": 0.662, "Actual Total Time": 0.662, "Actual Rows": 4959, "Actual Loops": 33, "Index Cond": "(movie_id = mc.movie_id)"}]}]}]}, {"Node Type": "Bitmap Heap Scan", "Parent Relationship": "Inner", "Relation Name": "company_name", "Alias": "cn", "Startup Cost": 0.26, "Total Cost": 4.27, "Plan Rows": 1, "Plan Width": 4, "Actual Startup Time": 0.244, "Actual Total Time": 0.244, "Actual Rows": 10, "Actual Loops": 33, "Recheck Cond": "(id = mc.company_id)", "Rows Removed by Index Recheck": 0, "Filter": "((country_code)::text = '[us]'::text)", "Rows Removed by Filter": 23, "Exact Heap Blocks": 33, "Lossy Heap Blocks": 33, "Plans": [{"Node Type": "Bitmap Index Scan", "Parent Relationship": "Outer", "Index Name": "company_name_pkey", "Startup Cost": 0.0, "Total Cost": 0.26, "Plan Rows": 1, "Plan Width": 0, "Actual Startup Time": 0.137, "Actual Total Time": 0.137, "Actual Rows": 33, "Actual Loops": 33, "Index Cond": "(id = mc.company_id)"}]}]}, {"Node Type": "Materialize", "Parent Relationship": "Inner", "Startup Cost": 0.0, "Total Cost": 1.05, "Plan Rows": 2, "Plan Width": 4, "Actual Startup Time": 0.023, "Actual Total Time": 0.029, "Actual Rows": 10, "Actual Loops": 10, "Plans": [{"Node Type": "Seq Scan", "Parent Relationship": "Outer", "Relation Name": "company_type", "Alias": "ct", "Startup Cost": 0.0, "Total Cost": 1.04, "Plan Rows": 2, "Plan Width": 4, "Actual Startup Time": 0.013, "Actual Total Time": 0.018, "Actual Rows": 1, "Actual Loops": 1, "Filter": "((kind IS NOT NULL) AND (((kind)::text = 'production companies'::text) OR ((kind)::text = 'distributors'::text)))", "Rows Removed by Filter": 2}]}]}]}, "Triggers": [], "Planner Runtime": 89.734, "Total Runtime": 1368.646, "Unique SQL Id": 1682224415}}, "(1, 55)": {"explain_plan": {"Plan": {"Node Type": "Aggregate", "Strategy": "Plain", "Startup Cost": 1000012336498.63, "Total Cost": 1000012336498.64, "Plan Rows": 1, "Plan Width": 123, "Plans": [{"Node Type": "Nested Loop", "Parent Relationship": "Outer", "Join Type": "Inner", "Startup Cost": 10000000002.04, "Total Cost": 1000012336498.61, "Plan Rows": 4, "Plan Width": 59, "Inner Unique": true, "Plans": [{"Node Type": "Nested Loop", "Parent Relationship": "Outer", "Join Type": "Inner", "Startup Cost": 10000000001.78, "Total Cost": 1000012336438.65, "Plan Rows": 14, "Plan Width": 63, "Inner Unique": true, "Plans": [{"Node Type": "Nested Loop", "Parent Relationship": "Outer", "Join Type": "Inner", "Startup Cost": 10000000001.52, "Total Cost": 1000012336378.66, "Plan Rows": 14, "Plan Width": 67, "Inner Unique": true, "Plans": [{"Node Type": "Nested Loop", "Parent Relationship": "Outer", "Join Type": "Inner", "Startup Cost": 10000000001.26, "Total Cost": 1000012336100.24, "Plan Rows": 65, "Plan Width": 71, "Inner Unique": false, "Join Filter": "(t.id = mc.movie_id)", "Plans": [{"Node Type": "Nested Loop", "Parent Relationship": "Outer", "Join Type": "Inner", "Startup Cost": 10000000001.0, "Total Cost": 1000012335970.7, "Plan Rows": 30, "Plan Width": 75, "Inner Unique": true, "Plans": [{"Node Type": "Nested Loop", "Parent Relationship": "Outer", "Join Type": "Inner", "Startup Cost": 10000000000.74, "Total Cost": 1000012326904.12, "Plan Rows": 2117, "Plan Width": 79, "Inner Unique": false, "Join Filter": "(t.id = mi.movie_id)", "Plans": [{"Node Type": "Nested Loop", "Parent Relationship": "Outer", "Join Type": "Inner", "Startup Cost": 10000000000.28, "Total Cost": 1000012325091.05, "Plan Rows": 396, "Plan Width": 29, "Inner Unique": true, "Plans": [{"Node Type": "Index Scan", "Parent Relationship": "Outer", "Scan Direction": "Forward", "Index Name": "info_type_id_movie_info_idx", "Relation Name": "movie_info_idx", "Alias": "mi_idx", "Startup Cost": 10000000000.0, "Total Cost": 1000006370838.27, "Plan Rows": 1380034, "Plan Width": 8}, {"Node Type": "Bitmap Heap Scan", "Parent Relationship": "Inner", "Relation Name": "title", "Alias": "t", "Startup Cost": 0.28, "Total Cost": 4.3, "Plan Rows": 1, "Plan Width": 21, "Recheck Cond": "(id = mi_idx.movie_id)", "Filter": "((production_year > 2000) AND (((title)::text ~~ 'Birdemic%'::text) OR ((title)::text ~~ '%Movie%'::text)))", "Plans": [{"Node Type": "Bitmap Index Scan", "Parent Relationship": "Outer", "Index Name": "title_pkey", "Startup Cost": 0.0, "Total Cost": 0.28, "Plan Rows": 1, "Plan Width": 0, "Index Cond": "(id = mi_idx.movie_id)"}]}]}, {"Node Type": "Bitmap Heap Scan", "Parent Relationship": "Inner", "Relation Name": "movie_info", "Alias": "mi", "Startup Cost": 0.45, "Total Cost": 4.52, "Plan Rows": 5, "Plan Width": 50, "Recheck Cond": "(movie_id = mi_idx.movie_id)", "Plans": [{"Node Type": "Bitmap Index Scan", "Parent Relationship": "Outer", "Index Name": "movie_id_movie_info", "Startup Cost": 0.0, "Total Cost": 0.45, "Plan Rows": 5, "Plan Width": 0, "Index Cond": "(movie_id = mi_idx.movie_id)"}]}]}, {"Node Type": "Bitmap Heap Scan", "Parent Relationship": "Inner", "Relation Name": "info_type", "Alias": "it1", "Startup Cost": 0.26, "Total Cost": 4.27, "Plan Rows": 1, "Plan Width": 4, "Recheck Cond": "(id = mi.info_type_id)", "Filter": "((info)::text = 'budget'::text)", "Plans": [{"Node Type": "Bitmap Index Scan", "Parent Relationship": "Outer", "Index Name": "info_type_pkey", "Startup Cost": 0.0, "Total Cost": 0.26, "Plan Rows": 1, "Plan Width": 0, "Index Cond": "(id = mi.info_type_id)"}]}]}, {"Node Type": "Bitmap Heap Scan", "Parent Relationship": "Inner", "Relation Name": "movie_companies", "Alias": "mc", "Startup Cost": 0.27, "Total Cost": 4.29, "Plan Rows": 2, "Plan Width": 12, "Recheck Cond": "(movie_id = mi.movie_id)", "Plans": [{"Node Type": "Bitmap Index Scan", "Parent Relationship": "Outer", "Index Name": "movie_id_movie_companies", "Startup Cost": 0.0, "Total Cost": 0.27, "Plan Rows": 2, "Plan Width": 0, "Index Cond": "(movie_id = mi.movie_id)"}]}]}, {"Node Type": "Bitmap Heap Scan", "Parent Relationship": "Inner", "Relation Name": "company_name", "Alias": "cn", "Startup Cost": 0.26, "Total Cost": 4.27, "Plan Rows": 1, "Plan Width": 4, "Recheck Cond": "(id = mc.company_id)", "Filter": "((country_code)::text = '[us]'::text)", "Plans": [{"Node Type": "Bitmap Index Scan", "Parent Relationship": "Outer", "Index Name": "company_name_pkey", "Startup Cost": 0.0, "Total Cost": 0.26, "Plan Rows": 1, "Plan Width": 0, "Index Cond": "(id = mc.company_id)"}]}]}, {"Node Type": "Bitmap Heap Scan", "Parent Relationship": "Inner", "Relation Name": "company_type", "Alias": "ct", "Startup Cost": 0.26, "Total Cost": 4.28, "Plan Rows": 1, "Plan Width": 4, "Recheck Cond": "(id = mc.company_type_id)", "Filter": "((kind IS NOT NULL) AND (((kind)::text = 'production companies'::text) OR ((kind)::text = 'distributors'::text)))", "Plans": [{"Node Type": "Bitmap Index Scan", "Parent Relationship": "Outer", "Index Name": "company_type_pkey", "Startup Cost": 0.0, "Total Cost": 0.26, "Plan Rows": 1, "Plan Width": 0, "Index Cond": "(id = mc.company_type_id)"}]}]}, {"Node Type": "Bitmap Heap Scan", "Parent Relationship": "Inner", "Relation Name": "info_type", "Alias": "it2", "Startup Cost": 0.26, "Total Cost": 4.27, "Plan Rows": 1, "Plan Width": 4, "Recheck Cond": "(id = mi_idx.info_type_id)", "Filter": "((info)::text = 'bottom 10 rank'::text)", "Plans": [{"Node Type": "Bitmap Index Scan", "Parent Relationship": "Outer", "Index Name": "info_type_pkey", "Startup Cost": 0.0, "Total Cost": 0.26, "Plan Rows": 1, "Plan Width": 0, "Index Cond": "(id = mi_idx.info_type_id)"}]}]}]}, "Unique SQL Id": 1682224415}, "explain_analyze_plan": null}, "(1, 56)": {"explain_plan": {"Plan": {"Node Type": "Aggregate", "Strategy": "Plain", "Startup Cost": 81432.16, "Total Cost": 81432.17, "Plan Rows": 1, "Plan Width": 123, "Plans": [{"Node Type": "Nested Loop", "Parent Relationship": "Outer", "Join Type": "Inner", "Startup Cost": 0.0, "Total Cost": 81432.14, "Plan Rows": 4, "Plan Width": 59, "Inner Unique": true, "Plans": [{"Node Type": "Nested Loop", "Parent Relationship": "Outer", "Join Type": "Inner", "Startup Cost": 0.0, "Total Cost": 81431.0, "Plan Rows": 4, "Plan Width": 63, "Inner Unique": true, "Plans": [{"Node Type": "Nested Loop", "Parent Relationship": "Outer", "Join Type": "Inner", "Startup Cost": 0.0, "Total Cost": 81429.56, "Plan Rows": 5, "Plan Width": 67, "Inner Unique": false, "Join Filter": "(mi.info_type_id = it1.id)", "Plans": [{"Node Type": "Seq Scan", "Parent Relationship": "Outer", "Relation Name": "info_type", "Alias": "it1", "Startup Cost": 0.0, "Total Cost": 2.4, "Plan Rows": 1, "Plan Width": 4, "Filter": "((info)::text = 'budget'::text)"}, {"Node Type": "Nested Loop", "Parent Relationship": "Inner", "Join Type": "Inner", "Startup Cost": 0.0, "Total Cost": 81413.14, "Plan Rows": 1122, "Plan Width": 71, "Inner Unique": false, "Join Filter": "(t.id = mi.movie_id)", "Plans": [{"Node Type": "Nested Loop", "Parent Relationship": "Outer", "Join Type": "Inner", "Startup Cost": 0.0, "Total Cost": 81260.48, "Plan Rows": 210, "Plan Width": 37, "Inner Unique": false, "Join Filter": "(t.id = mc.movie_id)", "Plans": [{"Node Type": "Nested Loop", "Parent Relationship": "Outer", "Join Type": "Inner", "Startup Cost": 0.0, "Total Cost": 81139.71, "Plan Rows": 311, "Plan Width": 25, "Inner Unique": false, "Join Filter": "(mi_idx.info_type_id = it2.id)", "Plans": [{"Node Type": "Seq Scan", "Parent Relationship": "Outer", "Relation Name": "info_type", "Alias": "it2", "Startup Cost": 0.0, "Total Cost": 2.4, "Plan Rows": 1, "Plan Width": 4, "Filter": "((info)::text = 'bottom 10 rank'::text)"}, {"Node Type": "Nested Loop", "Parent Relationship": "Inner", "Join Type": "Inner", "Startup Cost": 0.0, "Total Cost": 81132.36, "Plan Rows": 396, "Plan Width": 29, "Inner Unique": false, "Plans": [{"Node Type": "Seq Scan", "Parent Relationship": "Outer", "Relation Name": "title", "Alias": "t", "Startup Cost": 0.0, "Total Cost": 79031.44, "Plan Rows": 258, "Plan Width": 21, "Filter": "((production_year > 2000) AND (((title)::text ~~ 'Birdemic%'::text) OR ((title)::text ~~ '%Movie%'::text)))"}, {"Node Type": "Index Scan", "Parent Relationship": "Inner", "Scan Direction": "Forward", "Index Name": "movie_id_movie_info_idx", "Relation Name": "movie_info_idx", "Alias": "mi_idx", "Startup Cost": 0.0, "Total Cost": 8.12, "Plan Rows": 2, "Plan Width": 8, "Index Cond": "(movie_id = t.id)"}]}]}, {"Node Type": "Index Scan", "Parent Relationship": "Inner", "Scan Direction": "Forward", "Index Name": "movie_id_movie_companies", "Relation Name": "movie_companies", "Alias": "mc", "Startup Cost": 0.0, "Total Cost": 0.36, "Plan Rows": 2, "Plan Width": 12, "Index Cond": "(movie_id = mi_idx.movie_id)"}]}, {"Node Type": "Index Scan", "Parent Relationship": "Inner", "Scan Direction": "Forward", "Index Name": "movie_id_movie_info", "Relation Name": "movie_info", "Alias": "mi", "Startup Cost": 0.0, "Total Cost": 0.66, "Plan Rows": 5, "Plan Width": 50, "Index Cond": "(movie_id = mc.movie_id)"}]}]}, {"Node Type": "Index Scan", "Parent Relationship": "Inner", "Scan Direction": "Forward", "Index Name": "company_name_pkey", "Relation Name": "company_name", "Alias": "cn", "Startup Cost": 0.0, "Total Cost": 0.28, "Plan Rows": 1, "Plan Width": 4, "Index Cond": "(id = mc.company_id)", "Filter": "((country_code)::text = '[us]'::text)"}]}, {"Node Type": "Index Scan", "Parent Relationship": "Inner", "Scan Direction": "Forward", "Index Name": "company_type_pkey", "Relation Name": "company_type", "Alias": "ct", "Startup Cost": 0.0, "Total Cost": 0.28, "Plan Rows": 1, "Plan Width": 4, "Index Cond": "(id = mc.company_type_id)", "Filter": "((kind IS NOT NULL) AND (((kind)::text = 'production companies'::text) OR ((kind)::text = 'distributors'::text)))"}]}]}, "Unique SQL Id": 1682224415}, "explain_analyze_plan": {"Plan": {"Node Type": "Aggregate", "Strategy": "Plain", "Startup Cost": 81432.16, "Total Cost": 81432.17, "Plan Rows": 1, "Plan Width": 123, "Actual Startup Time": 1371.266, "Actual Total Time": 1371.266, "Actual Rows": 1, "Actual Loops": 1, "Plans": [{"Node Type": "Nested Loop", "Parent Relationship": "Outer", "Join Type": "Inner", "Startup Cost": 0.0, "Total Cost": 81432.14, "Plan Rows": 4, "Plan Width": 59, "Actual Startup Time": 973.085, "Actual Total Time": 1371.203, "Actual Rows": 5, "Actual Loops": 1, "Inner Unique": true, "Plans": [{"Node Type": "Nested Loop", "Parent Relationship": "Outer", "Join Type": "Inner", "Startup Cost": 0.0, "Total Cost": 81431.0, "Plan Rows": 4, "Plan Width": 63, "Actual Startup Time": 972.828, "Actual Total Time": 1371.159, "Actual Rows": 10, "Actual Loops": 1, "Inner Unique": true, "Plans": [{"Node Type": "Nested Loop", "Parent Relationship": "Outer", "Join Type": "Inner", "Startup Cost": 0.0, "Total Cost": 81429.56, "Plan Rows": 5, "Plan Width": 67, "Actual Startup Time": 972.803, "Actual Total Time": 1370.929, "Actual Rows": 33, "Actual Loops": 1, "Inner Unique": false, "Join Filter": "(mi.info_type_id = it1.id)", "Rows Removed by Join Filter": 4926, "Plans": [{"Node Type": "Seq Scan", "Parent Relationship": "Outer", "Relation Name": "info_type", "Alias": "it1", "Startup Cost": 0.0, "Total Cost": 2.4, "Plan Rows": 1, "Plan Width": 4, "Actual Startup Time": 0.067, "Actual Total Time": 0.078, "Actual Rows": 1, "Actual Loops": 1, "Filter": "((info)::text = 'budget'::text)", "Rows Removed by Filter": 111}, {"Node Type": "Nested Loop", "Parent Relationship": "Inner", "Join Type": "Inner", "Startup Cost": 0.0, "Total Cost": 81413.14, "Plan Rows": 1122, "Plan Width": 71, "Actual Startup Time": 972.653, "Actual Total Time": 1369.917, "Actual Rows": 4959, "Actual Loops": 1, "Inner Unique": false, "Join Filter": "(t.id = mi.movie_id)", "Rows Removed by Join Filter": 0, "Plans": [{"Node Type": "Nested Loop", "Parent Relationship": "Outer", "Join Type": "Inner", "Startup Cost": 0.0, "Total Cost": 81260.48, "Plan Rows": 210, "Plan Width": 37, "Actual Startup Time": 972.576, "Actual Total Time": 1365.779, "Actual Rows": 33, "Actual Loops": 1, "Inner Unique": false, "Join Filter": "(t.id = mc.movie_id)", "Rows Removed by Join Filter": 0, "Plans": [{"Node Type": "Nested Loop", "Parent Relationship": "Outer", "Join Type": "Inner", "Startup Cost": 0.0, "Total Cost": 81139.71, "Plan Rows": 311, "Plan Width": 25, "Actual Startup Time": 972.451, "Actual Total Time": 1365.601, "Actual Rows": 2, "Actual Loops": 1, "Inner Unique": false, "Join Filter": "(mi_idx.info_type_id = it2.id)", "Rows Removed by Join Filter": 2643, "Plans": [{"Node Type": "Seq Scan", "Parent Relationship": "Outer", "Relation Name": "info_type", "Alias": "it2", "Startup Cost": 0.0, "Total Cost": 2.4, "Plan Rows": 1, "Plan Width": 4, "Actual Startup Time": 0.044, "Actual Total Time": 0.051, "Actual Rows": 1, "Actual Loops": 1, "Filter": "((info)::text = 'bottom 10 rank'::text)", "Rows Removed by Filter": 111}, {"Node Type": "Nested Loop", "Parent Relationship": "Inner", "Join Type": "Inner", "Startup Cost": 0.0, "Total Cost": 81132.36, "Plan Rows": 396, "Plan Width": 29, "Actual Startup Time": 13.969, "Actual Total Time": 1364.883, "Actual Rows": 2645, "Actual Loops": 1, "Inner Unique": false, "Plans": [{"Node Type": "Seq Scan", "Parent Relationship": "Outer", "Relation Name": "title", "Alias": "t", "Startup Cost": 0.0, "Total Cost": 79031.44, "Plan Rows": 258, "Plan Width": 21, "Actual Startup Time": 0.371, "Actual Total Time": 1349.84, "Actual Rows": 2536, "Actual Loops": 1, "Filter": "((production_year > 2000) AND (((title)::text ~~ 'Birdemic%'::text) OR ((title)::text ~~ '%Movie%'::text)))", "Rows Removed by Filter": 2525775}, {"Node Type": "Index Scan", "Parent Relationship": "Inner", "Scan Direction": "Forward", "Index Name": "movie_id_movie_info_idx", "Relation Name": "movie_info_idx", "Alias": "mi_idx", "Startup Cost": 0.0, "Total Cost": 8.12, "Plan Rows": 2, "Plan Width": 8, "Actual Startup Time": 11.624, "Actual Total Time": 12.638, "Actual Rows": 2645, "Actual Loops": 2536, "Index Cond": "(movie_id = t.id)", "Rows Removed by Index Recheck": 0}]}]}, {"Node Type": "Index Scan", "Parent Relationship": "Inner", "Scan Direction": "Forward", "Index Name": "movie_id_movie_companies", "Relation Name": "movie_companies", "Alias": "mc", "Startup Cost": 0.0, "Total Cost": 0.36, "Plan Rows": 2, "Plan Width": 12, "Actual Startup Time": 0.033, "Actual Total Time": 0.054, "Actual Rows": 33, "Actual Loops": 2, "Index Cond": "(movie_id = mi_idx.movie_id)", "Rows Removed by Index Recheck": 0}]}, {"Node Type": "Index Scan", "Parent Relationship": "Inner", "Scan Direction": "Forward", "Index Name": "movie_id_movie_info", "Relation Name": "movie_info", "Alias": "mi", "Startup Cost": 0.0, "Total Cost": 0.66, "Plan Rows": 5, "Plan Width": 50, "Actual Startup Time": 0.527, "Actual Total Time": 2.538, "Actual Rows": 4959, "Actual Loops": 33, "Index Cond": "(movie_id = mc.movie_id)", "Rows Removed by Index Recheck": 0}]}]}, {"Node Type": "Index Scan", "Parent Relationship": "Inner", "Scan Direction": "Forward", "Index Name": "company_name_pkey", "Relation Name": "company_name", "Alias": "cn", "Startup Cost": 0.0, "Total Cost": 0.28, "Plan Rows": 1, "Plan Width": 4, "Actual Startup Time": 0.2, "Actual Total Time": 0.2, "Actual Rows": 10, "Actual Loops": 33, "Index Cond": "(id = mc.company_id)", "Rows Removed by Index Recheck": 0, "Filter": "((country_code)::text = '[us]'::text)", "Rows Removed by Filter": 23}]}, {"Node Type": "Index Scan", "Parent Relationship": "Inner", "Scan Direction": "Forward", "Index Name": "company_type_pkey", "Relation Name": "company_type", "Alias": "ct", "Startup Cost": 0.0, "Total Cost": 0.28, "Plan Rows": 1, "Plan Width": 4, "Actual Startup Time": 0.026, "Actual Total Time": 0.026, "Actual Rows": 5, "Actual Loops": 10, "Index Cond": "(id = mc.company_type_id)", "Rows Removed by Index Recheck": 0, "Filter": "((kind IS NOT NULL) AND (((kind)::text = 'production companies'::text) OR ((kind)::text = 'distributors'::text)))", "Rows Removed by Filter": 0}]}]}, "Triggers": [], "Planner Runtime": 98.34, "Total Runtime": 1371.638, "Unique SQL Id": 1682224415}}, "(1, 57)": {"explain_plan": {"Plan": {"Node Type": "Aggregate", "Strategy": "Plain", "Startup Cost": 131508.15, "Total Cost": 131508.16, "Plan Rows": 1, "Plan Width": 123, "Plans": [{"Node Type": "Nested Loop", "Parent Relationship": "Outer", "Join Type": "Inner", "Startup Cost": 0.0, "Total Cost": 131508.13, "Plan Rows": 4, "Plan Width": 59, "Inner Unique": true, "Plans": [{"Node Type": "Nested Loop", "Parent Relationship": "Outer", "Join Type": "Inner", "Startup Cost": 0.0, "Total Cost": 131506.99, "Plan Rows": 4, "Plan Width": 63, "Inner Unique": true, "Plans": [{"Node Type": "Nested Loop", "Parent Relationship": "Outer", "Join Type": "Inner", "Startup Cost": 0.0, "Total Cost": 131505.55, "Plan Rows": 5, "Plan Width": 67, "Inner Unique": false, "Join Filter": "(mi.info_type_id = it1.id)", "Plans": [{"Node Type": "Index Scan", "Parent Relationship": "Outer", "Scan Direction": "Forward", "Index Name": "info_type_pkey", "Relation Name": "info_type", "Alias": "it1", "Startup Cost": 0.0, "Total Cost": 14.21, "Plan Rows": 1, "Plan Width": 4, "Filter": "((info)::text = 'budget'::text)"}, {"Node Type": "Nested Loop", "Parent Relationship": "Inner", "Join Type": "Inner", "Startup Cost": 0.0, "Total Cost": 131477.32, "Plan Rows": 1122, "Plan Width": 71, "Inner Unique": false, "Join Filter": "(t.id = mi.movie_id)", "Plans": [{"Node Type": "Nested Loop", "Parent Relationship": "Outer", "Join Type": "Inner", "Startup Cost": 0.0, "Total Cost": 131324.66, "Plan Rows": 210, "Plan Width": 37, "Inner Unique": false, "Join Filter": "(t.id = mc.movie_id)", "Plans": [{"Node Type": "Nested Loop", "Parent Relationship": "Outer", "Join Type": "Inner", "Startup Cost": 0.0, "Total Cost": 131203.89, "Plan Rows": 311, "Plan Width": 25, "Inner Unique": true, "Join Filter": "(mi_idx.info_type_id = it2.id)", "Plans": [{"Node Type": "Nested Loop", "Parent Relationship": "Outer", "Join Type": "Inner", "Startup Cost": 0.0, "Total Cost": 131183.74, "Plan Rows": 396, "Plan Width": 29, "Inner Unique": false, "Plans": [{"Node Type": "Index Scan", "Parent Relationship": "Outer", "Scan Direction": "Forward", "Index Name": "title_pkey", "Relation Name": "title", "Alias": "t", "Startup Cost": 0.0, "Total Cost": 129082.82, "Plan Rows": 258, "Plan Width": 21, "Filter": "((production_year > 2000) AND (((title)::text ~~ 'Birdemic%'::text) OR ((title)::text ~~ '%Movie%'::text)))"}, {"Node Type": "Index Scan", "Parent Relationship": "Inner", "Scan Direction": "Forward", "Index Name": "movie_id_movie_info_idx", "Relation Name": "movie_info_idx", "Alias": "mi_idx", "Startup Cost": 0.0, "Total Cost": 8.12, "Plan Rows": 2, "Plan Width": 8, "Index Cond": "(movie_id = t.id)"}]}, {"Node Type": "Materialize", "Parent Relationship": "Inner", "Startup Cost": 0.0, "Total Cost": 14.22, "Plan Rows": 1, "Plan Width": 4, "Plans": [{"Node Type": "Index Scan", "Parent Relationship": "Outer", "Scan Direction": "Forward", "Index Name": "info_type_pkey", "Relation Name": "info_type", "Alias": "it2", "Startup Cost": 0.0, "Total Cost": 14.21, "Plan Rows": 1, "Plan Width": 4, "Filter": "((info)::text = 'bottom 10 rank'::text)"}]}]}, {"Node Type": "Index Scan", "Parent Relationship": "Inner", "Scan Direction": "Forward", "Index Name": "movie_id_movie_companies", "Relation Name": "movie_companies", "Alias": "mc", "Startup Cost": 0.0, "Total Cost": 0.36, "Plan Rows": 2, "Plan Width": 12, "Index Cond": "(movie_id = mi_idx.movie_id)"}]}, {"Node Type": "Index Scan", "Parent Relationship": "Inner", "Scan Direction": "Forward", "Index Name": "movie_id_movie_info", "Relation Name": "movie_info", "Alias": "mi", "Startup Cost": 0.0, "Total Cost": 0.66, "Plan Rows": 5, "Plan Width": 50, "Index Cond": "(movie_id = mc.movie_id)"}]}]}, {"Node Type": "Index Scan", "Parent Relationship": "Inner", "Scan Direction": "Forward", "Index Name": "company_name_pkey", "Relation Name": "company_name", "Alias": "cn", "Startup Cost": 0.0, "Total Cost": 0.28, "Plan Rows": 1, "Plan Width": 4, "Index Cond": "(id = mc.company_id)", "Filter": "((country_code)::text = '[us]'::text)"}]}, {"Node Type": "Index Scan", "Parent Relationship": "Inner", "Scan Direction": "Forward", "Index Name": "company_type_pkey", "Relation Name": "company_type", "Alias": "ct", "Startup Cost": 0.0, "Total Cost": 0.28, "Plan Rows": 1, "Plan Width": 4, "Index Cond": "(id = mc.company_type_id)", "Filter": "((kind IS NOT NULL) AND (((kind)::text = 'production companies'::text) OR ((kind)::text = 'distributors'::text)))"}]}]}, "Unique SQL Id": 1682224415}, "explain_analyze_plan": null}, "(1, 58)": {"explain_plan": {"Plan": {"Node Type": "Aggregate", "Strategy": "Plain", "Startup Cost": 3175658.14, "Total Cost": 3175658.15, "Plan Rows": 1, "Plan Width": 123, "Plans": [{"Node Type": "Nested Loop", "Parent Relationship": "Outer", "Join Type": "Inner", "Startup Cost": 0.0, "Total Cost": 3175658.12, "Plan Rows": 4, "Plan Width": 59, "Inner Unique": true, "Join Filter": "(mc.company_type_id = ct.id)", "Plans": [{"Node Type": "Nested Loop", "Parent Relationship": "Outer", "Join Type": "Inner", "Startup Cost": 0.0, "Total Cost": 3175656.95, "Plan Rows": 4, "Plan Width": 63, "Inner Unique": false, "Join Filter": "(mc.company_id = cn.id)", "Plans": [{"Node Type": "Seq Scan", "Parent Relationship": "Outer", "Relation Name": "company_name", "Alias": "cn", "Startup Cost": 0.0, "Total Cost": 5903.45, "Plan Rows": 85170, "Plan Width": 4, "Filter": "((country_code)::text = '[us]'::text)"}, {"Node Type": "Materialize", "Parent Relationship": "Inner", "Startup Cost": 0.0, "Total Cost": 3163365.76, "Plan Rows": 5, "Plan Width": 67, "Plans": [{"Node Type": "Nested Loop", "Parent Relationship": "Outer", "Join Type": "Inner", "Startup Cost": 0.0, "Total Cost": 3163365.74, "Plan Rows": 5, "Plan Width": 67, "Inner Unique": false, "Join Filter": "(t.id = mc.movie_id)", "Plans": [{"Node Type": "Seq Scan", "Parent Relationship": "Outer", "Relation Name": "movie_companies", "Alias": "mc", "Startup Cost": 0.0, "Total Cost": 41817.28, "Plan Rows": 2609128, "Plan Width": 12}, {"Node Type": "Materialize", "Parent Relationship": "Inner", "Startup Cost": 0.0, "Total Cost": 2808453.12, "Plan Rows": 8, "Plan Width": 71, "Plans": [{"Node Type": "Nested Loop", "Parent Relationship": "Outer", "Join Type": "Inner", "Startup Cost": 0.0, "Total Cost": 2808453.08, "Plan Rows": 8, "Plan Width": 71, "Inner Unique": false, "Join Filter": "(mi_idx.movie_id = t.id)", "Plans": [{"Node Type": "Nested Loop", "Parent Relationship": "Outer", "Join Type": "Inner", "Startup Cost": 0.0, "Total Cost": 37527.17, "Plan Rows": 345008, "Plan Width": 4, "Inner Unique": false, "Join Filter": "(it2.id = mi_idx.info_type_id), (LLVM Optimized)", "Plans": [{"Node Type": "Seq Scan", "Parent Relationship": "Outer", "Relation Name": "info_type", "Alias": "it2", "Startup Cost": 0.0, "Total Cost": 2.4, "Plan Rows": 1, "Plan Width": 4, "Filter": "((info)::text = 'bottom 10 rank'::text)"}, {"Node Type": "Seq Scan", "Parent Relationship": "Inner", "Relation Name": "movie_info_idx", "Alias": "mi_idx", "Startup Cost": 0.0, "Total Cost": 20274.34, "Plan Rows": 1380034, "Plan Width": 8}]}, {"Node Type": "Materialize", "Parent Relationship": "Inner", "Startup Cost": 0.0, "Total Cost": 1383994.42, "Plan Rows": 268, "Plan Width": 67, "Plans": [{"Node Type": "Nested Loop", "Parent Relationship": "Outer", "Join Type": "Inner", "Startup Cost": 0.0, "Total Cost": 1383993.08, "Plan Rows": 268, "Plan Width": 67, "Inner Unique": true, "Join Filter": "(mi.movie_id = t.id)", "Plans": [{"Node Type": "Nested Loop", "Parent Relationship": "Outer", "Join Type": "Inner", "Startup Cost": 0.0, "Total Cost": 482864.64, "Plan Rows": 212428, "Plan Width": 46, "Inner Unique": false, "Join Filter": "(it1.id = mi.info_type_id), (LLVM Optimized)", "Plans": [{"Node Type": "Seq Scan", "Parent Relationship": "Outer", "Relation Name": "info_type", "Alias": "it1", "Startup Cost": 0.0, "Total Cost": 2.4, "Plan Rows": 1, "Plan Width": 4, "Filter": "((info)::text = 'budget'::text)"}, {"Node Type": "Seq Scan", "Parent Relationship": "Inner", "Relation Name": "movie_info", "Alias": "mi", "Startup Cost": 0.0, "Total Cost": 296987.66, "Plan Rows": 14869966, "Plan Width": 50}]}, {"Node Type": "Materialize", "Parent Relationship": "Inner", "Startup Cost": 0.0, "Total Cost": 79032.73, "Plan Rows": 258, "Plan Width": 21, "Plans": [{"Node Type": "Seq Scan", "Parent Relationship": "Outer", "Relation Name": "title", "Alias": "t", "Startup Cost": 0.0, "Total Cost": 79031.44, "Plan Rows": 258, "Plan Width": 21, "Filter": "((production_year > 2000) AND (((title)::text ~~ 'Birdemic%'::text) OR ((title)::text ~~ '%Movie%'::text)))"}]}]}]}]}]}]}]}]}, {"Node Type": "Materialize", "Parent Relationship": "Inner", "Startup Cost": 0.0, "Total Cost": 1.05, "Plan Rows": 2, "Plan Width": 4, "Plans": [{"Node Type": "Seq Scan", "Parent Relationship": "Outer", "Relation Name": "company_type", "Alias": "ct", "Startup Cost": 0.0, "Total Cost": 1.04, "Plan Rows": 2, "Plan Width": 4, "Filter": "((kind IS NOT NULL) AND (((kind)::text = 'production companies'::text) OR ((kind)::text = 'distributors'::text)))"}]}]}]}, "Unique SQL Id": 1682224415}, "explain_analyze_plan": null}, "(1, 59)": {"explain_plan": {"Plan": {"Node Type": "Aggregate", "Strategy": "Plain", "Startup Cost": 8000134520134.75, "Total Cost": 8000134520134.76, "Plan Rows": 1, "Plan Width": 123, "Plans": [{"Node Type": "Nested Loop", "Parent Relationship": "Outer", "Join Type": "Inner", "Startup Cost": 80000000000.0, "Total Cost": 8000134520134.73, "Plan Rows": 4, "Plan Width": 59, "Inner Unique": true, "Join Filter": "(mc.company_type_id = ct.id)", "Plans": [{"Node Type": "Nested Loop", "Parent Relationship": "Outer", "Join Type": "Inner", "Startup Cost": 70000000000.0, "Total Cost": 7000134518903.61, "Plan Rows": 4, "Plan Width": 63, "Inner Unique": true, "Join Filter": "(mc.company_id = cn.id)", "Plans": [{"Node Type": "Nested Loop", "Parent Relationship": "Outer", "Join Type": "Inner", "Startup Cost": 60000000000.0, "Total Cost": 6000133462163.97, "Plan Rows": 5, "Plan Width": 67, "Inner Unique": false, "Join Filter": "(t.id = mc.movie_id)", "Plans": [{"Node Type": "Index Scan", "Parent Relationship": "Outer", "Scan Direction": "Forward", "Index Name": "company_type_id_movie_companies", "Relation Name": "movie_companies", "Alias": "mc", "Startup Cost": 10000000000.0, "Total Cost": 1000009318217.0, "Plan Rows": 2609128, "Plan Width": 12}, {"Node Type": "Materialize", "Parent Relationship": "Inner", "Startup Cost": 50000000000.0, "Total Cost": 5000123830851.63, "Plan Rows": 8, "Plan Width": 71, "Plans": [{"Node Type": "Nested Loop", "Parent Relationship": "Outer", "Join Type": "Inner", "Startup Cost": 50000000000.0, "Total Cost": 5000123830851.59, "Plan Rows": 8, "Plan Width": 71, "Inner Unique": false, "Join Filter": "(mi_idx.movie_id = t.id)", "Plans": [{"Node Type": "Nested Loop", "Parent Relationship": "Outer", "Join Type": "Inner", "Startup Cost": 20000000000.0, "Total Cost": 2000004672156.88, "Plan Rows": 345008, "Plan Width": 4, "Inner Unique": true, "Join Filter": "(it2.id = mi_idx.info_type_id), (LLVM Optimized)", "Plans": [{"Node Type": "Index Scan", "Parent Relationship": "Outer", "Scan Direction": "Forward", "Index Name": "movie_id_movie_info_idx", "Relation Name": "movie_info_idx", "Alias": "mi_idx", "Startup Cost": 10000000000.0, "Total Cost": 1000004650035.37, "Plan Rows": 1380034, "Plan Width": 8}, {"Node Type": "Materialize", "Parent Relationship": "Inner", "Startup Cost": 10000000000.0, "Total Cost": 1000000001421.0, "Plan Rows": 1, "Plan Width": 4, "Plans": [{"Node Type": "Index Scan", "Parent Relationship": "Outer", "Scan Direction": "Forward", "Index Name": "info_type_pkey", "Relation Name": "info_type", "Alias": "it2", "Startup Cost": 10000000000.0, "Total Cost": 1000000001421.0, "Plan Rows": 1, "Plan Width": 4, "Filter": "((info)::text = 'bottom 10 rank'::text)"}]}]}, {"Node Type": "Materialize", "Parent Relationship": "Inner", "Startup Cost": 30000000000.0, "Total Cost": 3000117771763.22, "Plan Rows": 268, "Plan Width": 67, "Plans": [{"Node Type": "Nested Loop", "Parent Relationship": "Outer", "Join Type": "Inner", "Startup Cost": 30000000000.0, "Total Cost": 3000117771761.88, "Plan Rows": 268, "Plan Width": 67, "Inner Unique": true, "Join Filter": "(mi.movie_id = t.id)", "Plans": [{"Node Type": "Nested Loop", "Parent Relationship": "Outer", "Join Type": "Inner", "Startup Cost": 20000000000.0, "Total Cost": 2000104041382.71, "Plan Rows": 212428, "Plan Width": 46, "Inner Unique": true, "Join Filter": "(it1.id = mi.info_type_id), (LLVM Optimized)", "Plans": [{"Node Type": "Index Scan", "Parent Relationship": "Outer", "Scan Direction": "Forward", "Index Name": "movie_id_movie_info", "Relation Name": "movie_info", "Alias": "mi", "Startup Cost": 10000000000.0, "Total Cost": 1000103816912.22, "Plan Rows": 14869966, "Plan Width": 50}, {"Node Type": "Materialize", "Parent Relationship": "Inner", "Startup Cost": 10000000000.0, "Total Cost": 1000000001421.0, "Plan Rows": 1, "Plan Width": 4, "Plans": [{"Node Type": "Index Scan", "Parent Relationship": "Outer", "Scan Direction": "Forward", "Index Name": "info_type_pkey", "Relation Name": "info_type", "Alias": "it1", "Startup Cost": 10000000000.0, "Total Cost": 1000000001421.0, "Plan Rows": 1, "Plan Width": 4, "Filter": "((info)::text = 'budget'::text)"}]}]}, {"Node Type": "Materialize", "Parent Relationship": "Inner", "Startup Cost": 10000000000.0, "Total Cost": 1000012908283.45, "Plan Rows": 258, "Plan Width": 21, "Plans": [{"Node Type": "Index Scan", "Parent Relationship": "Outer", "Scan Direction": "Forward", "Index Name": "title_pkey", "Relation Name": "title", "Alias": "t", "Startup Cost": 10000000000.0, "Total Cost": 1000012908282.16, "Plan Rows": 258, "Plan Width": 21, "Filter": "((production_year > 2000) AND (((title)::text ~~ 'Birdemic%'::text) OR ((title)::text ~~ '%Movie%'::text)))"}]}]}]}]}]}]}, {"Node Type": "Materialize", "Parent Relationship": "Inner", "Startup Cost": 10000000000.0, "Total Cost": 1000001050564.82, "Plan Rows": 85170, "Plan Width": 4, "Plans": [{"Node Type": "Index Scan", "Parent Relationship": "Outer", "Scan Direction": "Forward", "Index Name": "company_name_pkey", "Relation Name": "company_name", "Alias": "cn", "Startup Cost": 10000000000.0, "Total Cost": 1000001050138.97, "Plan Rows": 85170, "Plan Width": 4, "Filter": "((country_code)::text = '[us]'::text)"}]}]}, {"Node Type": "Materialize", "Parent Relationship": "Inner", "Startup Cost": 10000000000.0, "Total Cost": 1000000001231.01, "Plan Rows": 2, "Plan Width": 4, "Plans": [{"Node Type": "Index Scan", "Parent Relationship": "Outer", "Scan Direction": "Forward", "Index Name": "company_type_pkey", "Relation Name": "company_type", "Alias": "ct", "Startup Cost": 10000000000.0, "Total Cost": 1000000001231.0, "Plan Rows": 2, "Plan Width": 4, "Filter": "((kind IS NOT NULL) AND (((kind)::text = 'production companies'::text) OR ((kind)::text = 'distributors'::text)))"}]}]}]}, "Unique SQL Id": 1682224415}, "explain_analyze_plan": null}, "(1, 60)": {"explain_plan": {"Plan": {"Node Type": "Aggregate", "Strategy": "Plain", "Startup Cost": 81432.16, "Total Cost": 81432.17, "Plan Rows": 1, "Plan Width": 123, "Plans": [{"Node Type": "Nested Loop", "Parent Relationship": "Outer", "Join Type": "Inner", "Startup Cost": 0.0, "Total Cost": 81432.14, "Plan Rows": 4, "Plan Width": 59, "Inner Unique": true, "Plans": [{"Node Type": "Nested Loop", "Parent Relationship": "Outer", "Join Type": "Inner", "Startup Cost": 0.0, "Total Cost": 81431.0, "Plan Rows": 4, "Plan Width": 63, "Inner Unique": true, "Plans": [{"Node Type": "Nested Loop", "Parent Relationship": "Outer", "Join Type": "Inner", "Startup Cost": 0.0, "Total Cost": 81429.56, "Plan Rows": 5, "Plan Width": 67, "Inner Unique": false, "Join Filter": "(mi.info_type_id = it1.id)", "Plans": [{"Node Type": "Seq Scan", "Parent Relationship": "Outer", "Relation Name": "info_type", "Alias": "it1", "Startup Cost": 0.0, "Total Cost": 2.4, "Plan Rows": 1, "Plan Width": 4, "Filter": "((info)::text = 'budget'::text)"}, {"Node Type": "Nested Loop", "Parent Relationship": "Inner", "Join Type": "Inner", "Startup Cost": 0.0, "Total Cost": 81413.14, "Plan Rows": 1122, "Plan Width": 71, "Inner Unique": false, "Join Filter": "(t.id = mi.movie_id)", "Plans": [{"Node Type": "Nested Loop", "Parent Relationship": "Outer", "Join Type": "Inner", "Startup Cost": 0.0, "Total Cost": 81260.48, "Plan Rows": 210, "Plan Width": 37, "Inner Unique": false, "Join Filter": "(t.id = mc.movie_id)", "Plans": [{"Node Type": "Nested Loop", "Parent Relationship": "Outer", "Join Type": "Inner", "Startup Cost": 0.0, "Total Cost": 81139.71, "Plan Rows": 311, "Plan Width": 25, "Inner Unique": false, "Join Filter": "(mi_idx.info_type_id = it2.id)", "Plans": [{"Node Type": "Seq Scan", "Parent Relationship": "Outer", "Relation Name": "info_type", "Alias": "it2", "Startup Cost": 0.0, "Total Cost": 2.4, "Plan Rows": 1, "Plan Width": 4, "Filter": "((info)::text = 'bottom 10 rank'::text)"}, {"Node Type": "Nested Loop", "Parent Relationship": "Inner", "Join Type": "Inner", "Startup Cost": 0.0, "Total Cost": 81132.36, "Plan Rows": 396, "Plan Width": 29, "Inner Unique": false, "Plans": [{"Node Type": "Seq Scan", "Parent Relationship": "Outer", "Relation Name": "title", "Alias": "t", "Startup Cost": 0.0, "Total Cost": 79031.44, "Plan Rows": 258, "Plan Width": 21, "Filter": "((production_year > 2000) AND (((title)::text ~~ 'Birdemic%'::text) OR ((title)::text ~~ '%Movie%'::text)))"}, {"Node Type": "Index Scan", "Parent Relationship": "Inner", "Scan Direction": "Forward", "Index Name": "movie_id_movie_info_idx", "Relation Name": "movie_info_idx", "Alias": "mi_idx", "Startup Cost": 0.0, "Total Cost": 8.12, "Plan Rows": 2, "Plan Width": 8, "Index Cond": "(movie_id = t.id)"}]}]}, {"Node Type": "Index Scan", "Parent Relationship": "Inner", "Scan Direction": "Forward", "Index Name": "movie_id_movie_companies", "Relation Name": "movie_companies", "Alias": "mc", "Startup Cost": 0.0, "Total Cost": 0.36, "Plan Rows": 2, "Plan Width": 12, "Index Cond": "(movie_id = mi_idx.movie_id)"}]}, {"Node Type": "Index Scan", "Parent Relationship": "Inner", "Scan Direction": "Forward", "Index Name": "movie_id_movie_info", "Relation Name": "movie_info", "Alias": "mi", "Startup Cost": 0.0, "Total Cost": 0.66, "Plan Rows": 5, "Plan Width": 50, "Index Cond": "(movie_id = mc.movie_id)"}]}]}, {"Node Type": "Index Scan", "Parent Relationship": "Inner", "Scan Direction": "Forward", "Index Name": "company_name_pkey", "Relation Name": "company_name", "Alias": "cn", "Startup Cost": 0.0, "Total Cost": 0.28, "Plan Rows": 1, "Plan Width": 4, "Index Cond": "(id = mc.company_id)", "Filter": "((country_code)::text = '[us]'::text)"}]}, {"Node Type": "Index Scan", "Parent Relationship": "Inner", "Scan Direction": "Forward", "Index Name": "company_type_pkey", "Relation Name": "company_type", "Alias": "ct", "Startup Cost": 0.0, "Total Cost": 0.28, "Plan Rows": 1, "Plan Width": 4, "Index Cond": "(id = mc.company_type_id)", "Filter": "((kind IS NOT NULL) AND (((kind)::text = 'production companies'::text) OR ((kind)::text = 'distributors'::text)))"}]}]}, "Unique SQL Id": 1682224415}, "explain_analyze_plan": {"Plan": {"Node Type": "Aggregate", "Strategy": "Plain", "Startup Cost": 81432.16, "Total Cost": 81432.17, "Plan Rows": 1, "Plan Width": 123, "Actual Startup Time": 1371.266, "Actual Total Time": 1371.266, "Actual Rows": 1, "Actual Loops": 1, "Plans": [{"Node Type": "Nested Loop", "Parent Relationship": "Outer", "Join Type": "Inner", "Startup Cost": 0.0, "Total Cost": 81432.14, "Plan Rows": 4, "Plan Width": 59, "Actual Startup Time": 973.085, "Actual Total Time": 1371.203, "Actual Rows": 5, "Actual Loops": 1, "Inner Unique": true, "Plans": [{"Node Type": "Nested Loop", "Parent Relationship": "Outer", "Join Type": "Inner", "Startup Cost": 0.0, "Total Cost": 81431.0, "Plan Rows": 4, "Plan Width": 63, "Actual Startup Time": 972.828, "Actual Total Time": 1371.159, "Actual Rows": 10, "Actual Loops": 1, "Inner Unique": true, "Plans": [{"Node Type": "Nested Loop", "Parent Relationship": "Outer", "Join Type": "Inner", "Startup Cost": 0.0, "Total Cost": 81429.56, "Plan Rows": 5, "Plan Width": 67, "Actual Startup Time": 972.803, "Actual Total Time": 1370.929, "Actual Rows": 33, "Actual Loops": 1, "Inner Unique": false, "Join Filter": "(mi.info_type_id = it1.id)", "Rows Removed by Join Filter": 4926, "Plans": [{"Node Type": "Seq Scan", "Parent Relationship": "Outer", "Relation Name": "info_type", "Alias": "it1", "Startup Cost": 0.0, "Total Cost": 2.4, "Plan Rows": 1, "Plan Width": 4, "Actual Startup Time": 0.067, "Actual Total Time": 0.078, "Actual Rows": 1, "Actual Loops": 1, "Filter": "((info)::text = 'budget'::text)", "Rows Removed by Filter": 111}, {"Node Type": "Nested Loop", "Parent Relationship": "Inner", "Join Type": "Inner", "Startup Cost": 0.0, "Total Cost": 81413.14, "Plan Rows": 1122, "Plan Width": 71, "Actual Startup Time": 972.653, "Actual Total Time": 1369.917, "Actual Rows": 4959, "Actual Loops": 1, "Inner Unique": false, "Join Filter": "(t.id = mi.movie_id)", "Rows Removed by Join Filter": 0, "Plans": [{"Node Type": "Nested Loop", "Parent Relationship": "Outer", "Join Type": "Inner", "Startup Cost": 0.0, "Total Cost": 81260.48, "Plan Rows": 210, "Plan Width": 37, "Actual Startup Time": 972.576, "Actual Total Time": 1365.779, "Actual Rows": 33, "Actual Loops": 1, "Inner Unique": false, "Join Filter": "(t.id = mc.movie_id)", "Rows Removed by Join Filter": 0, "Plans": [{"Node Type": "Nested Loop", "Parent Relationship": "Outer", "Join Type": "Inner", "Startup Cost": 0.0, "Total Cost": 81139.71, "Plan Rows": 311, "Plan Width": 25, "Actual Startup Time": 972.451, "Actual Total Time": 1365.601, "Actual Rows": 2, "Actual Loops": 1, "Inner Unique": false, "Join Filter": "(mi_idx.info_type_id = it2.id)", "Rows Removed by Join Filter": 2643, "Plans": [{"Node Type": "Seq Scan", "Parent Relationship": "Outer", "Relation Name": "info_type", "Alias": "it2", "Startup Cost": 0.0, "Total Cost": 2.4, "Plan Rows": 1, "Plan Width": 4, "Actual Startup Time": 0.044, "Actual Total Time": 0.051, "Actual Rows": 1, "Actual Loops": 1, "Filter": "((info)::text = 'bottom 10 rank'::text)", "Rows Removed by Filter": 111}, {"Node Type": "Nested Loop", "Parent Relationship": "Inner", "Join Type": "Inner", "Startup Cost": 0.0, "Total Cost": 81132.36, "Plan Rows": 396, "Plan Width": 29, "Actual Startup Time": 13.969, "Actual Total Time": 1364.883, "Actual Rows": 2645, "Actual Loops": 1, "Inner Unique": false, "Plans": [{"Node Type": "Seq Scan", "Parent Relationship": "Outer", "Relation Name": "title", "Alias": "t", "Startup Cost": 0.0, "Total Cost": 79031.44, "Plan Rows": 258, "Plan Width": 21, "Actual Startup Time": 0.371, "Actual Total Time": 1349.84, "Actual Rows": 2536, "Actual Loops": 1, "Filter": "((production_year > 2000) AND (((title)::text ~~ 'Birdemic%'::text) OR ((title)::text ~~ '%Movie%'::text)))", "Rows Removed by Filter": 2525775}, {"Node Type": "Index Scan", "Parent Relationship": "Inner", "Scan Direction": "Forward", "Index Name": "movie_id_movie_info_idx", "Relation Name": "movie_info_idx", "Alias": "mi_idx", "Startup Cost": 0.0, "Total Cost": 8.12, "Plan Rows": 2, "Plan Width": 8, "Actual Startup Time": 11.624, "Actual Total Time": 12.638, "Actual Rows": 2645, "Actual Loops": 2536, "Index Cond": "(movie_id = t.id)", "Rows Removed by Index Recheck": 0}]}]}, {"Node Type": "Index Scan", "Parent Relationship": "Inner", "Scan Direction": "Forward", "Index Name": "movie_id_movie_companies", "Relation Name": "movie_companies", "Alias": "mc", "Startup Cost": 0.0, "Total Cost": 0.36, "Plan Rows": 2, "Plan Width": 12, "Actual Startup Time": 0.033, "Actual Total Time": 0.054, "Actual Rows": 33, "Actual Loops": 2, "Index Cond": "(movie_id = mi_idx.movie_id)", "Rows Removed by Index Recheck": 0}]}, {"Node Type": "Index Scan", "Parent Relationship": "Inner", "Scan Direction": "Forward", "Index Name": "movie_id_movie_info", "Relation Name": "movie_info", "Alias": "mi", "Startup Cost": 0.0, "Total Cost": 0.66, "Plan Rows": 5, "Plan Width": 50, "Actual Startup Time": 0.527, "Actual Total Time": 2.538, "Actual Rows": 4959, "Actual Loops": 33, "Index Cond": "(movie_id = mc.movie_id)", "Rows Removed by Index Recheck": 0}]}]}, {"Node Type": "Index Scan", "Parent Relationship": "Inner", "Scan Direction": "Forward", "Index Name": "company_name_pkey", "Relation Name": "company_name", "Alias": "cn", "Startup Cost": 0.0, "Total Cost": 0.28, "Plan Rows": 1, "Plan Width": 4, "Actual Startup Time": 0.2, "Actual Total Time": 0.2, "Actual Rows": 10, "Actual Loops": 33, "Index Cond": "(id = mc.company_id)", "Rows Removed by Index Recheck": 0, "Filter": "((country_code)::text = '[us]'::text)", "Rows Removed by Filter": 23}]}, {"Node Type": "Index Scan", "Parent Relationship": "Inner", "Scan Direction": "Forward", "Index Name": "company_type_pkey", "Relation Name": "company_type", "Alias": "ct", "Startup Cost": 0.0, "Total Cost": 0.28, "Plan Rows": 1, "Plan Width": 4, "Actual Startup Time": 0.026, "Actual Total Time": 0.026, "Actual Rows": 5, "Actual Loops": 10, "Index Cond": "(id = mc.company_type_id)", "Rows Removed by Index Recheck": 0, "Filter": "((kind IS NOT NULL) AND (((kind)::text = 'production companies'::text) OR ((kind)::text = 'distributors'::text)))", "Rows Removed by Filter": 0}]}]}, "Triggers": [], "Planner Runtime": 98.34, "Total Runtime": 1371.638, "Unique SQL Id": 1682224415}}, "(1, 61)": {"explain_plan": {"Plan": {"Node Type": "Aggregate", "Strategy": "Plain", "Startup Cost": 131508.15, "Total Cost": 131508.16, "Plan Rows": 1, "Plan Width": 123, "Plans": [{"Node Type": "Nested Loop", "Parent Relationship": "Outer", "Join Type": "Inner", "Startup Cost": 0.0, "Total Cost": 131508.13, "Plan Rows": 4, "Plan Width": 59, "Inner Unique": true, "Plans": [{"Node Type": "Nested Loop", "Parent Relationship": "Outer", "Join Type": "Inner", "Startup Cost": 0.0, "Total Cost": 131506.99, "Plan Rows": 4, "Plan Width": 63, "Inner Unique": true, "Plans": [{"Node Type": "Nested Loop", "Parent Relationship": "Outer", "Join Type": "Inner", "Startup Cost": 0.0, "Total Cost": 131505.55, "Plan Rows": 5, "Plan Width": 67, "Inner Unique": false, "Join Filter": "(mi.info_type_id = it1.id)", "Plans": [{"Node Type": "Index Scan", "Parent Relationship": "Outer", "Scan Direction": "Forward", "Index Name": "info_type_pkey", "Relation Name": "info_type", "Alias": "it1", "Startup Cost": 0.0, "Total Cost": 14.21, "Plan Rows": 1, "Plan Width": 4, "Filter": "((info)::text = 'budget'::text)"}, {"Node Type": "Nested Loop", "Parent Relationship": "Inner", "Join Type": "Inner", "Startup Cost": 0.0, "Total Cost": 131477.32, "Plan Rows": 1122, "Plan Width": 71, "Inner Unique": false, "Join Filter": "(t.id = mi.movie_id)", "Plans": [{"Node Type": "Nested Loop", "Parent Relationship": "Outer", "Join Type": "Inner", "Startup Cost": 0.0, "Total Cost": 131324.66, "Plan Rows": 210, "Plan Width": 37, "Inner Unique": false, "Join Filter": "(t.id = mc.movie_id)", "Plans": [{"Node Type": "Nested Loop", "Parent Relationship": "Outer", "Join Type": "Inner", "Startup Cost": 0.0, "Total Cost": 131203.89, "Plan Rows": 311, "Plan Width": 25, "Inner Unique": true, "Join Filter": "(mi_idx.info_type_id = it2.id)", "Plans": [{"Node Type": "Nested Loop", "Parent Relationship": "Outer", "Join Type": "Inner", "Startup Cost": 0.0, "Total Cost": 131183.74, "Plan Rows": 396, "Plan Width": 29, "Inner Unique": false, "Plans": [{"Node Type": "Index Scan", "Parent Relationship": "Outer", "Scan Direction": "Forward", "Index Name": "title_pkey", "Relation Name": "title", "Alias": "t", "Startup Cost": 0.0, "Total Cost": 129082.82, "Plan Rows": 258, "Plan Width": 21, "Filter": "((production_year > 2000) AND (((title)::text ~~ 'Birdemic%'::text) OR ((title)::text ~~ '%Movie%'::text)))"}, {"Node Type": "Index Scan", "Parent Relationship": "Inner", "Scan Direction": "Forward", "Index Name": "movie_id_movie_info_idx", "Relation Name": "movie_info_idx", "Alias": "mi_idx", "Startup Cost": 0.0, "Total Cost": 8.12, "Plan Rows": 2, "Plan Width": 8, "Index Cond": "(movie_id = t.id)"}]}, {"Node Type": "Materialize", "Parent Relationship": "Inner", "Startup Cost": 0.0, "Total Cost": 14.22, "Plan Rows": 1, "Plan Width": 4, "Plans": [{"Node Type": "Index Scan", "Parent Relationship": "Outer", "Scan Direction": "Forward", "Index Name": "info_type_pkey", "Relation Name": "info_type", "Alias": "it2", "Startup Cost": 0.0, "Total Cost": 14.21, "Plan Rows": 1, "Plan Width": 4, "Filter": "((info)::text = 'bottom 10 rank'::text)"}]}]}, {"Node Type": "Index Scan", "Parent Relationship": "Inner", "Scan Direction": "Forward", "Index Name": "movie_id_movie_companies", "Relation Name": "movie_companies", "Alias": "mc", "Startup Cost": 0.0, "Total Cost": 0.36, "Plan Rows": 2, "Plan Width": 12, "Index Cond": "(movie_id = mi_idx.movie_id)"}]}, {"Node Type": "Index Scan", "Parent Relationship": "Inner", "Scan Direction": "Forward", "Index Name": "movie_id_movie_info", "Relation Name": "movie_info", "Alias": "mi", "Startup Cost": 0.0, "Total Cost": 0.66, "Plan Rows": 5, "Plan Width": 50, "Index Cond": "(movie_id = mc.movie_id)"}]}]}, {"Node Type": "Index Scan", "Parent Relationship": "Inner", "Scan Direction": "Forward", "Index Name": "company_name_pkey", "Relation Name": "company_name", "Alias": "cn", "Startup Cost": 0.0, "Total Cost": 0.28, "Plan Rows": 1, "Plan Width": 4, "Index Cond": "(id = mc.company_id)", "Filter": "((country_code)::text = '[us]'::text)"}]}, {"Node Type": "Index Scan", "Parent Relationship": "Inner", "Scan Direction": "Forward", "Index Name": "company_type_pkey", "Relation Name": "company_type", "Alias": "ct", "Startup Cost": 0.0, "Total Cost": 0.28, "Plan Rows": 1, "Plan Width": 4, "Index Cond": "(id = mc.company_type_id)", "Filter": "((kind IS NOT NULL) AND (((kind)::text = 'production companies'::text) OR ((kind)::text = 'distributors'::text)))"}]}]}, "Unique SQL Id": 1682224415}, "explain_analyze_plan": null}, "(1, 62)": {"explain_plan": {"Plan": {"Node Type": "Aggregate", "Strategy": "Plain", "Startup Cost": 3175658.14, "Total Cost": 3175658.15, "Plan Rows": 1, "Plan Width": 123, "Plans": [{"Node Type": "Nested Loop", "Parent Relationship": "Outer", "Join Type": "Inner", "Startup Cost": 0.0, "Total Cost": 3175658.12, "Plan Rows": 4, "Plan Width": 59, "Inner Unique": true, "Join Filter": "(mc.company_type_id = ct.id)", "Plans": [{"Node Type": "Nested Loop", "Parent Relationship": "Outer", "Join Type": "Inner", "Startup Cost": 0.0, "Total Cost": 3175656.95, "Plan Rows": 4, "Plan Width": 63, "Inner Unique": false, "Join Filter": "(mc.company_id = cn.id)", "Plans": [{"Node Type": "Seq Scan", "Parent Relationship": "Outer", "Relation Name": "company_name", "Alias": "cn", "Startup Cost": 0.0, "Total Cost": 5903.45, "Plan Rows": 85170, "Plan Width": 4, "Filter": "((country_code)::text = '[us]'::text)"}, {"Node Type": "Materialize", "Parent Relationship": "Inner", "Startup Cost": 0.0, "Total Cost": 3163365.76, "Plan Rows": 5, "Plan Width": 67, "Plans": [{"Node Type": "Nested Loop", "Parent Relationship": "Outer", "Join Type": "Inner", "Startup Cost": 0.0, "Total Cost": 3163365.74, "Plan Rows": 5, "Plan Width": 67, "Inner Unique": false, "Join Filter": "(t.id = mc.movie_id)", "Plans": [{"Node Type": "Seq Scan", "Parent Relationship": "Outer", "Relation Name": "movie_companies", "Alias": "mc", "Startup Cost": 0.0, "Total Cost": 41817.28, "Plan Rows": 2609128, "Plan Width": 12}, {"Node Type": "Materialize", "Parent Relationship": "Inner", "Startup Cost": 0.0, "Total Cost": 2808453.12, "Plan Rows": 8, "Plan Width": 71, "Plans": [{"Node Type": "Nested Loop", "Parent Relationship": "Outer", "Join Type": "Inner", "Startup Cost": 0.0, "Total Cost": 2808453.08, "Plan Rows": 8, "Plan Width": 71, "Inner Unique": false, "Join Filter": "(mi_idx.movie_id = t.id)", "Plans": [{"Node Type": "Nested Loop", "Parent Relationship": "Outer", "Join Type": "Inner", "Startup Cost": 0.0, "Total Cost": 37527.17, "Plan Rows": 345008, "Plan Width": 4, "Inner Unique": false, "Join Filter": "(it2.id = mi_idx.info_type_id), (LLVM Optimized)", "Plans": [{"Node Type": "Seq Scan", "Parent Relationship": "Outer", "Relation Name": "info_type", "Alias": "it2", "Startup Cost": 0.0, "Total Cost": 2.4, "Plan Rows": 1, "Plan Width": 4, "Filter": "((info)::text = 'bottom 10 rank'::text)"}, {"Node Type": "Seq Scan", "Parent Relationship": "Inner", "Relation Name": "movie_info_idx", "Alias": "mi_idx", "Startup Cost": 0.0, "Total Cost": 20274.34, "Plan Rows": 1380034, "Plan Width": 8}]}, {"Node Type": "Materialize", "Parent Relationship": "Inner", "Startup Cost": 0.0, "Total Cost": 1383994.42, "Plan Rows": 268, "Plan Width": 67, "Plans": [{"Node Type": "Nested Loop", "Parent Relationship": "Outer", "Join Type": "Inner", "Startup Cost": 0.0, "Total Cost": 1383993.08, "Plan Rows": 268, "Plan Width": 67, "Inner Unique": true, "Join Filter": "(mi.movie_id = t.id)", "Plans": [{"Node Type": "Nested Loop", "Parent Relationship": "Outer", "Join Type": "Inner", "Startup Cost": 0.0, "Total Cost": 482864.64, "Plan Rows": 212428, "Plan Width": 46, "Inner Unique": false, "Join Filter": "(it1.id = mi.info_type_id), (LLVM Optimized)", "Plans": [{"Node Type": "Seq Scan", "Parent Relationship": "Outer", "Relation Name": "info_type", "Alias": "it1", "Startup Cost": 0.0, "Total Cost": 2.4, "Plan Rows": 1, "Plan Width": 4, "Filter": "((info)::text = 'budget'::text)"}, {"Node Type": "Seq Scan", "Parent Relationship": "Inner", "Relation Name": "movie_info", "Alias": "mi", "Startup Cost": 0.0, "Total Cost": 296987.66, "Plan Rows": 14869966, "Plan Width": 50}]}, {"Node Type": "Materialize", "Parent Relationship": "Inner", "Startup Cost": 0.0, "Total Cost": 79032.73, "Plan Rows": 258, "Plan Width": 21, "Plans": [{"Node Type": "Seq Scan", "Parent Relationship": "Outer", "Relation Name": "title", "Alias": "t", "Startup Cost": 0.0, "Total Cost": 79031.44, "Plan Rows": 258, "Plan Width": 21, "Filter": "((production_year > 2000) AND (((title)::text ~~ 'Birdemic%'::text) OR ((title)::text ~~ '%Movie%'::text)))"}]}]}]}]}]}]}]}]}, {"Node Type": "Materialize", "Parent Relationship": "Inner", "Startup Cost": 0.0, "Total Cost": 1.05, "Plan Rows": 2, "Plan Width": 4, "Plans": [{"Node Type": "Seq Scan", "Parent Relationship": "Outer", "Relation Name": "company_type", "Alias": "ct", "Startup Cost": 0.0, "Total Cost": 1.04, "Plan Rows": 2, "Plan Width": 4, "Filter": "((kind IS NOT NULL) AND (((kind)::text = 'production companies'::text) OR ((kind)::text = 'distributors'::text)))"}]}]}]}, "Unique SQL Id": 1682224415}, "explain_analyze_plan": null}, "(1, 63)": {"explain_plan": {"Plan": {"Node Type": "Aggregate", "Strategy": "Plain", "Startup Cost": 8000134520134.75, "Total Cost": 8000134520134.76, "Plan Rows": 1, "Plan Width": 123, "Plans": [{"Node Type": "Nested Loop", "Parent Relationship": "Outer", "Join Type": "Inner", "Startup Cost": 80000000000.0, "Total Cost": 8000134520134.73, "Plan Rows": 4, "Plan Width": 59, "Inner Unique": true, "Join Filter": "(mc.company_type_id = ct.id)", "Plans": [{"Node Type": "Nested Loop", "Parent Relationship": "Outer", "Join Type": "Inner", "Startup Cost": 70000000000.0, "Total Cost": 7000134518903.61, "Plan Rows": 4, "Plan Width": 63, "Inner Unique": true, "Join Filter": "(mc.company_id = cn.id)", "Plans": [{"Node Type": "Nested Loop", "Parent Relationship": "Outer", "Join Type": "Inner", "Startup Cost": 60000000000.0, "Total Cost": 6000133462163.97, "Plan Rows": 5, "Plan Width": 67, "Inner Unique": false, "Join Filter": "(t.id = mc.movie_id)", "Plans": [{"Node Type": "Index Scan", "Parent Relationship": "Outer", "Scan Direction": "Forward", "Index Name": "company_type_id_movie_companies", "Relation Name": "movie_companies", "Alias": "mc", "Startup Cost": 10000000000.0, "Total Cost": 1000009318217.0, "Plan Rows": 2609128, "Plan Width": 12}, {"Node Type": "Materialize", "Parent Relationship": "Inner", "Startup Cost": 50000000000.0, "Total Cost": 5000123830851.63, "Plan Rows": 8, "Plan Width": 71, "Plans": [{"Node Type": "Nested Loop", "Parent Relationship": "Outer", "Join Type": "Inner", "Startup Cost": 50000000000.0, "Total Cost": 5000123830851.59, "Plan Rows": 8, "Plan Width": 71, "Inner Unique": false, "Join Filter": "(mi_idx.movie_id = t.id)", "Plans": [{"Node Type": "Nested Loop", "Parent Relationship": "Outer", "Join Type": "Inner", "Startup Cost": 20000000000.0, "Total Cost": 2000004672156.88, "Plan Rows": 345008, "Plan Width": 4, "Inner Unique": true, "Join Filter": "(it2.id = mi_idx.info_type_id), (LLVM Optimized)", "Plans": [{"Node Type": "Index Scan", "Parent Relationship": "Outer", "Scan Direction": "Forward", "Index Name": "movie_id_movie_info_idx", "Relation Name": "movie_info_idx", "Alias": "mi_idx", "Startup Cost": 10000000000.0, "Total Cost": 1000004650035.37, "Plan Rows": 1380034, "Plan Width": 8}, {"Node Type": "Materialize", "Parent Relationship": "Inner", "Startup Cost": 10000000000.0, "Total Cost": 1000000001421.0, "Plan Rows": 1, "Plan Width": 4, "Plans": [{"Node Type": "Index Scan", "Parent Relationship": "Outer", "Scan Direction": "Forward", "Index Name": "info_type_pkey", "Relation Name": "info_type", "Alias": "it2", "Startup Cost": 10000000000.0, "Total Cost": 1000000001421.0, "Plan Rows": 1, "Plan Width": 4, "Filter": "((info)::text = 'bottom 10 rank'::text)"}]}]}, {"Node Type": "Materialize", "Parent Relationship": "Inner", "Startup Cost": 30000000000.0, "Total Cost": 3000117771763.22, "Plan Rows": 268, "Plan Width": 67, "Plans": [{"Node Type": "Nested Loop", "Parent Relationship": "Outer", "Join Type": "Inner", "Startup Cost": 30000000000.0, "Total Cost": 3000117771761.88, "Plan Rows": 268, "Plan Width": 67, "Inner Unique": true, "Join Filter": "(mi.movie_id = t.id)", "Plans": [{"Node Type": "Nested Loop", "Parent Relationship": "Outer", "Join Type": "Inner", "Startup Cost": 20000000000.0, "Total Cost": 2000104041382.71, "Plan Rows": 212428, "Plan Width": 46, "Inner Unique": true, "Join Filter": "(it1.id = mi.info_type_id), (LLVM Optimized)", "Plans": [{"Node Type": "Index Scan", "Parent Relationship": "Outer", "Scan Direction": "Forward", "Index Name": "movie_id_movie_info", "Relation Name": "movie_info", "Alias": "mi", "Startup Cost": 10000000000.0, "Total Cost": 1000103816912.22, "Plan Rows": 14869966, "Plan Width": 50}, {"Node Type": "Materialize", "Parent Relationship": "Inner", "Startup Cost": 10000000000.0, "Total Cost": 1000000001421.0, "Plan Rows": 1, "Plan Width": 4, "Plans": [{"Node Type": "Index Scan", "Parent Relationship": "Outer", "Scan Direction": "Forward", "Index Name": "info_type_pkey", "Relation Name": "info_type", "Alias": "it1", "Startup Cost": 10000000000.0, "Total Cost": 1000000001421.0, "Plan Rows": 1, "Plan Width": 4, "Filter": "((info)::text = 'budget'::text)"}]}]}, {"Node Type": "Materialize", "Parent Relationship": "Inner", "Startup Cost": 10000000000.0, "Total Cost": 1000012908283.45, "Plan Rows": 258, "Plan Width": 21, "Plans": [{"Node Type": "Index Scan", "Parent Relationship": "Outer", "Scan Direction": "Forward", "Index Name": "title_pkey", "Relation Name": "title", "Alias": "t", "Startup Cost": 10000000000.0, "Total Cost": 1000012908282.16, "Plan Rows": 258, "Plan Width": 21, "Filter": "((production_year > 2000) AND (((title)::text ~~ 'Birdemic%'::text) OR ((title)::text ~~ '%Movie%'::text)))"}]}]}]}]}]}]}, {"Node Type": "Materialize", "Parent Relationship": "Inner", "Startup Cost": 10000000000.0, "Total Cost": 1000001050564.82, "Plan Rows": 85170, "Plan Width": 4, "Plans": [{"Node Type": "Index Scan", "Parent Relationship": "Outer", "Scan Direction": "Forward", "Index Name": "company_name_pkey", "Relation Name": "company_name", "Alias": "cn", "Startup Cost": 10000000000.0, "Total Cost": 1000001050138.97, "Plan Rows": 85170, "Plan Width": 4, "Filter": "((country_code)::text = '[us]'::text)"}]}]}, {"Node Type": "Materialize", "Parent Relationship": "Inner", "Startup Cost": 10000000000.0, "Total Cost": 1000000001231.01, "Plan Rows": 2, "Plan Width": 4, "Plans": [{"Node Type": "Index Scan", "Parent Relationship": "Outer", "Scan Direction": "Forward", "Index Name": "company_type_pkey", "Relation Name": "company_type", "Alias": "ct", "Startup Cost": 10000000000.0, "Total Cost": 1000000001231.0, "Plan Rows": 2, "Plan Width": 4, "Filter": "((kind IS NOT NULL) AND (((kind)::text = 'production companies'::text) OR ((kind)::text = 'distributors'::text)))"}]}]}]}, "Unique SQL Id": 1682224415}, "explain_analyze_plan": null}, "(1, 64)": {"explain_plan": {"Plan": {"Node Type": "Aggregate", "Strategy": "Plain", "Startup Cost": 81839.24, "Total Cost": 81839.25, "Plan Rows": 1, "Plan Width": 123, "Plans": [{"Node Type": "Nested Loop", "Parent Relationship": "Outer", "Join Type": "Inner", "Startup Cost": 0.0, "Total Cost": 81839.22, "Plan Rows": 4, "Plan Width": 59, "Inner Unique": true, "Plans": [{"Node Type": "Nested Loop", "Parent Relationship": "Outer", "Join Type": "Inner", "Startup Cost": 0.0, "Total Cost": 81838.08, "Plan Rows": 4, "Plan Width": 63, "Inner Unique": true, "Plans": [{"Node Type": "Nested Loop", "Parent Relationship": "Outer", "Join Type": "Inner", "Startup Cost": 0.0, "Total Cost": 81834.63, "Plan Rows": 12, "Plan Width": 67, "Inner Unique": true, "Plans": [{"Node Type": "Nested Loop", "Parent Relationship": "Outer", "Join Type": "Inner", "Startup Cost": 0.0, "Total Cost": 81517.66, "Plan Rows": 1122, "Plan Width": 71, "Inner Unique": false, "Join Filter": "(t.id = mi.movie_id)", "Plans": [{"Node Type": "Nested Loop", "Parent Relationship": "Outer", "Join Type": "Inner", "Startup Cost": 0.0, "Total Cost": 81365.0, "Plan Rows": 210, "Plan Width": 37, "Inner Unique": false, "Join Filter": "(t.id = mc.movie_id)", "Plans": [{"Node Type": "Nested Loop", "Parent Relationship": "Outer", "Join Type": "Inner", "Startup Cost": 0.0, "Total Cost": 81244.23, "Plan Rows": 311, "Plan Width": 25, "Inner Unique": true, "Plans": [{"Node Type": "Nested Loop", "Parent Relationship": "Outer", "Join Type": "Inner", "Startup Cost": 0.0, "Total Cost": 81132.36, "Plan Rows": 396, "Plan Width": 29, "Inner Unique": false, "Plans": [{"Node Type": "Seq Scan", "Parent Relationship": "Outer", "Relation Name": "title", "Alias": "t", "Startup Cost": 0.0, "Total Cost": 79031.44, "Plan Rows": 258, "Plan Width": 21, "Filter": "((production_year > 2000) AND (((title)::text ~~ 'Birdemic%'::text) OR ((title)::text ~~ '%Movie%'::text)))"}, {"Node Type": "Index Scan", "Parent Relationship": "Inner", "Scan Direction": "Forward", "Index Name": "movie_id_movie_info_idx", "Relation Name": "movie_info_idx", "Alias": "mi_idx", "Startup Cost": 0.0, "Total Cost": 8.12, "Plan Rows": 2, "Plan Width": 8, "Index Cond": "(movie_id = t.id)"}]}, {"Node Type": "Index Scan", "Parent Relationship": "Inner", "Scan Direction": "Forward", "Index Name": "info_type_pkey", "Relation Name": "info_type", "Alias": "it2", "Startup Cost": 0.0, "Total Cost": 0.27, "Plan Rows": 1, "Plan Width": 4, "Index Cond": "(id = mi_idx.info_type_id)", "Filter": "((info)::text = 'bottom 10 rank'::text)"}]}, {"Node Type": "Index Scan", "Parent Relationship": "Inner", "Scan Direction": "Forward", "Index Name": "movie_id_movie_companies", "Relation Name": "movie_companies", "Alias": "mc", "Startup Cost": 0.0, "Total Cost": 0.36, "Plan Rows": 2, "Plan Width": 12, "Index Cond": "(movie_id = mi_idx.movie_id)"}]}, {"Node Type": "Index Scan", "Parent Relationship": "Inner", "Scan Direction": "Forward", "Index Name": "movie_id_movie_info", "Relation Name": "movie_info", "Alias": "mi", "Startup Cost": 0.0, "Total Cost": 0.66, "Plan Rows": 5, "Plan Width": 50, "Index Cond": "(movie_id = mc.movie_id)"}]}, {"Node Type": "Index Scan", "Parent Relationship": "Inner", "Scan Direction": "Forward", "Index Name": "info_type_pkey", "Relation Name": "info_type", "Alias": "it1", "Startup Cost": 0.0, "Total Cost": 0.27, "Plan Rows": 1, "Plan Width": 4, "Index Cond": "(id = mi.info_type_id)", "Filter": "((info)::text = 'budget'::text)"}]}, {"Node Type": "Index Scan", "Parent Relationship": "Inner", "Scan Direction": "Forward", "Index Name": "company_name_pkey", "Relation Name": "company_name", "Alias": "cn", "Startup Cost": 0.0, "Total Cost": 0.28, "Plan Rows": 1, "Plan Width": 4, "Index Cond": "(id = mc.company_id)", "Filter": "((country_code)::text = '[us]'::text)"}]}, {"Node Type": "Index Scan", "Parent Relationship": "Inner", "Scan Direction": "Forward", "Index Name": "company_type_pkey", "Relation Name": "company_type", "Alias": "ct", "Startup Cost": 0.0, "Total Cost": 0.28, "Plan Rows": 1, "Plan Width": 4, "Index Cond": "(id = mc.company_type_id)", "Filter": "((kind IS NOT NULL) AND (((kind)::text = 'production companies'::text) OR ((kind)::text = 'distributors'::text)))"}]}]}, "Unique SQL Id": 1682224415}, "explain_analyze_plan": {"Plan": {"Node Type": "Aggregate", "Strategy": "Plain", "Startup Cost": 81839.24, "Total Cost": 81839.25, "Plan Rows": 1, "Plan Width": 123, "Actual Startup Time": 1389.509, "Actual Total Time": 1389.509, "Actual Rows": 1, "Actual Loops": 1, "Plans": [{"Node Type": "Nested Loop", "Parent Relationship": "Outer", "Join Type": "Inner", "Startup Cost": 0.0, "Total Cost": 81839.22, "Plan Rows": 4, "Plan Width": 59, "Actual Startup Time": 976.112, "Actual Total Time": 1389.408, "Actual Rows": 5, "Actual Loops": 1, "Inner Unique": true, "Plans": [{"Node Type": "Nested Loop", "Parent Relationship": "Outer", "Join Type": "Inner", "Startup Cost": 0.0, "Total Cost": 81838.08, "Plan Rows": 4, "Plan Width": 63, "Actual Startup Time": 975.487, "Actual Total Time": 1389.357, "Actual Rows": 10, "Actual Loops": 1, "Inner Unique": true, "Plans": [{"Node Type": "Nested Loop", "Parent Relationship": "Outer", "Join Type": "Inner", "Startup Cost": 0.0, "Total Cost": 81834.63, "Plan Rows": 12, "Plan Width": 67, "Actual Startup Time": 975.469, "Actual Total Time": 1389.125, "Actual Rows": 33, "Actual Loops": 1, "Inner Unique": true, "Plans": [{"Node Type": "Nested Loop", "Parent Relationship": "Outer", "Join Type": "Inner", "Startup Cost": 0.0, "Total Cost": 81517.66, "Plan Rows": 1122, "Plan Width": 71, "Actual Startup Time": 975.299, "Actual Total Time": 1378.102, "Actual Rows": 4959, "Actual Loops": 1, "Inner Unique": false, "Join Filter": "(t.id = mi.movie_id)", "Rows Removed by Join Filter": 0, "Plans": [{"Node Type": "Nested Loop", "Parent Relationship": "Outer", "Join Type": "Inner", "Startup Cost": 0.0, "Total Cost": 81365.0, "Plan Rows": 210, "Plan Width": 37, "Actual Startup Time": 975.27, "Actual Total Time": 1373.713, "Actual Rows": 33, "Actual Loops": 1, "Inner Unique": false, "Join Filter": "(t.id = mc.movie_id)", "Rows Removed by Join Filter": 0, "Plans": [{"Node Type": "Nested Loop", "Parent Relationship": "Outer", "Join Type": "Inner", "Startup Cost": 0.0, "Total Cost": 81244.23, "Plan Rows": 311, "Plan Width": 25, "Actual Startup Time": 975.229, "Actual Total Time": 1373.619, "Actual Rows": 2, "Actual Loops": 1, "Inner Unique": true, "Plans": [{"Node Type": "Nested Loop", "Parent Relationship": "Outer", "Join Type": "Inner", "Startup Cost": 0.0, "Total Cost": 81132.36, "Plan Rows": 396, "Plan Width": 29, "Actual Startup Time": 13.988, "Actual Total Time": 1366.683, "Actual Rows": 2645, "Actual Loops": 1, "Inner Unique": false, "Plans": [{"Node Type": "Seq Scan", "Parent Relationship": "Outer", "Relation Name": "title", "Alias": "t", "Startup Cost": 0.0, "Total Cost": 79031.44, "Plan Rows": 258, "Plan Width": 21, "Actual Startup Time": 0.389, "Actual Total Time": 1351.799, "Actual Rows": 2536, "Actual Loops": 1, "Filter": "((production_year > 2000) AND (((title)::text ~~ 'Birdemic%'::text) OR ((title)::text ~~ '%Movie%'::text)))", "Rows Removed by Filter": 2525775}, {"Node Type": "Index Scan", "Parent Relationship": "Inner", "Scan Direction": "Forward", "Index Name": "movie_id_movie_info_idx", "Relation Name": "movie_info_idx", "Alias": "mi_idx", "Startup Cost": 0.0, "Total Cost": 8.12, "Plan Rows": 2, "Plan Width": 8, "Actual Startup Time": 11.368, "Actual Total Time": 12.337, "Actual Rows": 2645, "Actual Loops": 2536, "Index Cond": "(movie_id = t.id)", "Rows Removed by Index Recheck": 0}]}, {"Node Type": "Index Scan", "Parent Relationship": "Inner", "Scan Direction": "Forward", "Index Name": "info_type_pkey", "Relation Name": "info_type", "Alias": "it2", "Startup Cost": 0.0, "Total Cost": 0.27, "Plan Rows": 1, "Plan Width": 4, "Actual Startup Time": 5.455, "Actual Total Time": 5.455, "Actual Rows": 2, "Actual Loops": 2645, "Index Cond": "(id = mi_idx.info_type_id)", "Rows Removed by Index Recheck": 0, "Filter": "((info)::text = 'bottom 10 rank'::text)", "Rows Removed by Filter": 2643}]}, {"Node Type": "Index Scan", "Parent Relationship": "Inner", "Scan Direction": "Forward", "Index Name": "movie_id_movie_companies", "Relation Name": "movie_companies", "Alias": "mc", "Startup Cost": 0.0, "Total Cost": 0.36, "Plan Rows": 2, "Plan Width": 12, "Actual Startup Time": 0.024, "Actual Total Time": 0.05, "Actual Rows": 33, "Actual Loops": 2, "Index Cond": "(movie_id = mi_idx.movie_id)", "Rows Removed by Index Recheck": 0}]}, {"Node Type": "Index Scan", "Parent Relationship": "Inner", "Scan Direction": "Forward", "Index Name": "movie_id_movie_info", "Relation Name": "movie_info", "Alias": "mi", "Startup Cost": 0.0, "Total Cost": 0.66, "Plan Rows": 5, "Plan Width": 50, "Actual Startup Time": 0.505, "Actual Total Time": 2.577, "Actual Rows": 4959, "Actual Loops": 33, "Index Cond": "(movie_id = mc.movie_id)", "Rows Removed by Index Recheck": 0}]}, {"Node Type": "Index Scan", "Parent Relationship": "Inner", "Scan Direction": "Forward", "Index Name": "info_type_pkey", "Relation Name": "info_type", "Alias": "it1", "Startup Cost": 0.0, "Total Cost": 0.27, "Plan Rows": 1, "Plan Width": 4, "Actual Startup Time": 8.657, "Actual Total Time": 8.657, "Actual Rows": 33, "Actual Loops": 4959, "Index Cond": "(id = mi.info_type_id)", "Rows Removed by Index Recheck": 0, "Filter": "((info)::text = 'budget'::text)", "Rows Removed by Filter": 4864}]}, {"Node Type": "Index Scan", "Parent Relationship": "Inner", "Scan Direction": "Forward", "Index Name": "company_name_pkey", "Relation Name": "company_name", "Alias": "cn", "Startup Cost": 0.0, "Total Cost": 0.28, "Plan Rows": 1, "Plan Width": 4, "Actual Startup Time": 0.199, "Actual Total Time": 0.199, "Actual Rows": 10, "Actual Loops": 33, "Index Cond": "(id = mc.company_id)", "Rows Removed by Index Recheck": 0, "Filter": "((country_code)::text = '[us]'::text)", "Rows Removed by Filter": 23}]}, {"Node Type": "Index Scan", "Parent Relationship": "Inner", "Scan Direction": "Forward", "Index Name": "company_type_pkey", "Relation Name": "company_type", "Alias": "ct", "Startup Cost": 0.0, "Total Cost": 0.28, "Plan Rows": 1, "Plan Width": 4, "Actual Startup Time": 0.029, "Actual Total Time": 0.029, "Actual Rows": 5, "Actual Loops": 10, "Index Cond": "(id = mc.company_type_id)", "Rows Removed by Index Recheck": 0, "Filter": "((kind IS NOT NULL) AND (((kind)::text = 'production companies'::text) OR ((kind)::text = 'distributors'::text)))", "Rows Removed by Filter": 0}]}]}, "Triggers": [], "Planner Runtime": 97.252, "Total Runtime": 1389.846, "Unique SQL Id": 1682224415}}, "(1, 65)": {"explain_plan": {"Plan": {"Node Type": "Aggregate", "Strategy": "Plain", "Startup Cost": 131901.14, "Total Cost": 131901.15, "Plan Rows": 1, "Plan Width": 123, "Plans": [{"Node Type": "Nested Loop", "Parent Relationship": "Outer", "Join Type": "Inner", "Startup Cost": 0.0, "Total Cost": 131901.12, "Plan Rows": 4, "Plan Width": 59, "Inner Unique": true, "Plans": [{"Node Type": "Nested Loop", "Parent Relationship": "Outer", "Join Type": "Inner", "Startup Cost": 0.0, "Total Cost": 131887.44, "Plan Rows": 48, "Plan Width": 63, "Inner Unique": true, "Plans": [{"Node Type": "Nested Loop", "Parent Relationship": "Outer", "Join Type": "Inner", "Startup Cost": 0.0, "Total Cost": 131886.01, "Plan Rows": 5, "Plan Width": 67, "Inner Unique": true, "Plans": [{"Node Type": "Nested Loop", "Parent Relationship": "Outer", "Join Type": "Inner", "Startup Cost": 0.0, "Total Cost": 131569.04, "Plan Rows": 1122, "Plan Width": 71, "Inner Unique": false, "Join Filter": "(t.id = mi.movie_id)", "Plans": [{"Node Type": "Nested Loop", "Parent Relationship": "Outer", "Join Type": "Inner", "Startup Cost": 0.0, "Total Cost": 131416.38, "Plan Rows": 210, "Plan Width": 37, "Inner Unique": false, "Join Filter": "(t.id = mc.movie_id)", "Plans": [{"Node Type": "Nested Loop", "Parent Relationship": "Outer", "Join Type": "Inner", "Startup Cost": 0.0, "Total Cost": 131295.61, "Plan Rows": 311, "Plan Width": 25, "Inner Unique": true, "Plans": [{"Node Type": "Nested Loop", "Parent Relationship": "Outer", "Join Type": "Inner", "Startup Cost": 0.0, "Total Cost": 131183.74, "Plan Rows": 396, "Plan Width": 29, "Inner Unique": false, "Plans": [{"Node Type": "Index Scan", "Parent Relationship": "Outer", "Scan Direction": "Forward", "Index Name": "title_pkey", "Relation Name": "title", "Alias": "t", "Startup Cost": 0.0, "Total Cost": 129082.82, "Plan Rows": 258, "Plan Width": 21, "Filter": "((production_year > 2000) AND (((title)::text ~~ 'Birdemic%'::text) OR ((title)::text ~~ '%Movie%'::text)))"}, {"Node Type": "Index Scan", "Parent Relationship": "Inner", "Scan Direction": "Forward", "Index Name": "movie_id_movie_info_idx", "Relation Name": "movie_info_idx", "Alias": "mi_idx", "Startup Cost": 0.0, "Total Cost": 8.12, "Plan Rows": 2, "Plan Width": 8, "Index Cond": "(movie_id = t.id)"}]}, {"Node Type": "Index Scan", "Parent Relationship": "Inner", "Scan Direction": "Forward", "Index Name": "info_type_pkey", "Relation Name": "info_type", "Alias": "it2", "Startup Cost": 0.0, "Total Cost": 0.27, "Plan Rows": 1, "Plan Width": 4, "Index Cond": "(id = mi_idx.info_type_id)", "Filter": "((info)::text = 'bottom 10 rank'::text)"}]}, {"Node Type": "Index Scan", "Parent Relationship": "Inner", "Scan Direction": "Forward", "Index Name": "movie_id_movie_companies", "Relation Name": "movie_companies", "Alias": "mc", "Startup Cost": 0.0, "Total Cost": 0.36, "Plan Rows": 2, "Plan Width": 12, "Index Cond": "(movie_id = mi_idx.movie_id)"}]}, {"Node Type": "Index Scan", "Parent Relationship": "Inner", "Scan Direction": "Forward", "Index Name": "movie_id_movie_info", "Relation Name": "movie_info", "Alias": "mi", "Startup Cost": 0.0, "Total Cost": 0.66, "Plan Rows": 5, "Plan Width": 50, "Index Cond": "(movie_id = mc.movie_id)"}]}, {"Node Type": "Index Scan", "Parent Relationship": "Inner", "Scan Direction": "Forward", "Index Name": "info_type_pkey", "Relation Name": "info_type", "Alias": "it1", "Startup Cost": 0.0, "Total Cost": 0.27, "Plan Rows": 1, "Plan Width": 4, "Index Cond": "(id = mi.info_type_id)", "Filter": "((info)::text = 'budget'::text)"}]}, {"Node Type": "Index Scan", "Parent Relationship": "Inner", "Scan Direction": "Forward", "Index Name": "company_name_pkey", "Relation Name": "company_name", "Alias": "cn", "Startup Cost": 0.0, "Total Cost": 0.28, "Plan Rows": 1, "Plan Width": 4, "Index Cond": "(id = mc.company_id)", "Filter": "((country_code)::text = '[us]'::text)"}]}, {"Node Type": "Index Scan", "Parent Relationship": "Inner", "Scan Direction": "Forward", "Index Name": "company_type_pkey", "Relation Name": "company_type", "Alias": "ct", "Startup Cost": 0.0, "Total Cost": 0.28, "Plan Rows": 1, "Plan Width": 4, "Index Cond": "(id = mc.company_type_id)", "Filter": "((kind IS NOT NULL) AND (((kind)::text = 'production companies'::text) OR ((kind)::text = 'distributors'::text)))"}]}]}, "Unique SQL Id": 1682224415}, "explain_analyze_plan": null}, "(1, 66)": {"explain_plan": {"Plan": {"Node Type": "Aggregate", "Strategy": "Plain", "Startup Cost": 84864.02, "Total Cost": 84864.03, "Plan Rows": 1, "Plan Width": 123, "Plans": [{"Node Type": "Nested Loop", "Parent Relationship": "Outer", "Join Type": "Inner", "Startup Cost": 10.2, "Total Cost": 84864.0, "Plan Rows": 4, "Plan Width": 59, "Inner Unique": true, "Plans": [{"Node Type": "Nested Loop", "Parent Relationship": "Outer", "Join Type": "Inner", "Startup Cost": 9.95, "Total Cost": 84846.86, "Plan Rows": 4, "Plan Width": 63, "Inner Unique": true, "Plans": [{"Node Type": "Hash Join", "Parent Relationship": "Outer", "Join Type": "Inner", "Startup Cost": 9.69, "Total Cost": 84825.44, "Plan Rows": 5, "Plan Width": 67, "Inner Unique": true, "Hash Cond": "(mi_idx.info_type_id = it2.id)", "Plans": [{"Node Type": "Nested Loop", "Parent Relationship": "Outer", "Join Type": "Inner", "Startup Cost": 7.27, "Total Cost": 84822.71, "Plan Rows": 65, "Plan Width": 71, "Inner Unique": false, "Join Filter": "(t.id = mi_idx.movie_id)", "Plans": [{"Node Type": "Hash Join", "Parent Relationship": "Outer", "Join Type": "Inner", "Startup Cost": 7.01, "Total Cost": 84641.4, "Plan Rows": 42, "Plan Width": 79, "Inner Unique": true, "Hash Cond": "(mi.info_type_id = it1.id)", "Plans": [{"Node Type": "Nested Loop", "Parent Relationship": "Outer", "Join Type": "Inner", "Startup Cost": 4.59, "Total Cost": 84631.07, "Plan Rows": 2989, "Plan Width": 83, "Inner Unique": false, "Join Filter": "(t.id = mi.movie_id)", "Plans": [{"Node Type": "Nested Loop", "Parent Relationship": "Outer", "Join Type": "Inner", "Startup Cost": 4.22, "Total Cost": 82178.09, "Plan Rows": 545, "Plan Width": 33, "Inner Unique": false, "Plans": [{"Node Type": "Seq Scan", "Parent Relationship": "Outer", "Relation Name": "title", "Alias": "t", "Startup Cost": 0.0, "Total Cost": 79031.44, "Plan Rows": 258, "Plan Width": 21, "Filter": "((production_year > 2000) AND (((title)::text ~~ 'Birdemic%'::text) OR ((title)::text ~~ '%Movie%'::text)))"}, {"Node Type": "Bitmap Heap Scan", "Parent Relationship": "Inner", "Relation Name": "movie_companies", "Alias": "mc", "Startup Cost": 4.22, "Total Cost": 12.18, "Plan Rows": 2, "Plan Width": 12, "Recheck Cond": "(movie_id = t.id)", "Plans": [{"Node Type": "Bitmap Index Scan", "Parent Relationship": "Outer", "Index Name": "movie_id_movie_companies", "Startup Cost": 0.0, "Total Cost": 4.22, "Plan Rows": 2, "Plan Width": 0, "Index Cond": "(movie_id = t.id)"}]}]}, {"Node Type": "Bitmap Heap Scan", "Parent Relationship": "Inner", "Relation Name": "movie_info", "Alias": "mi", "Startup Cost": 0.38, "Total Cost": 4.44, "Plan Rows": 5, "Plan Width": 50, "Recheck Cond": "(movie_id = mc.movie_id)", "Plans": [{"Node Type": "Bitmap Index Scan", "Parent Relationship": "Outer", "Index Name": "movie_id_movie_info", "Startup Cost": 0.0, "Total Cost": 0.37, "Plan Rows": 5, "Plan Width": 0, "Index Cond": "(movie_id = mc.movie_id)"}]}]}, {"Node Type": "Hash", "Parent Relationship": "Inner", "Startup Cost": 2.4, "Total Cost": 2.4, "Plan Rows": 1, "Plan Width": 4, "Plans": [{"Node Type": "Seq Scan", "Parent Relationship": "Outer", "Relation Name": "info_type", "Alias": "it1", "Startup Cost": 0.0, "Total Cost": 2.4, "Plan Rows": 1, "Plan Width": 4, "Filter": "((info)::text = 'budget'::text)"}]}]}, {"Node Type": "Bitmap Heap Scan", "Parent Relationship": "Inner", "Relation Name": "movie_info_idx", "Alias": "mi_idx", "Startup Cost": 0.27, "Total Cost": 4.29, "Plan Rows": 2, "Plan Width": 8, "Recheck Cond": "(movie_id = mi.movie_id)", "Plans": [{"Node Type": "Bitmap Index Scan", "Parent Relationship": "Outer", "Index Name": "movie_id_movie_info_idx", "Startup Cost": 0.0, "Total Cost": 0.27, "Plan Rows": 2, "Plan Width": 0, "Index Cond": "(movie_id = mi.movie_id)"}]}]}, {"Node Type": "Hash", "Parent Relationship": "Inner", "Startup Cost": 2.4, "Total Cost": 2.4, "Plan Rows": 1, "Plan Width": 4, "Plans": [{"Node Type": "Seq Scan", "Parent Relationship": "Outer", "Relation Name": "info_type", "Alias": "it2", "Startup Cost": 0.0, "Total Cost": 2.4, "Plan Rows": 1, "Plan Width": 4, "Filter": "((info)::text = 'bottom 10 rank'::text)"}]}]}, {"Node Type": "Bitmap Heap Scan", "Parent Relationship": "Inner", "Relation Name": "company_name", "Alias": "cn", "Startup Cost": 0.26, "Total Cost": 4.27, "Plan Rows": 1, "Plan Width": 4, "Recheck Cond": "(id = mc.company_id)", "Filter": "((country_code)::text = '[us]'::text)", "Plans": [{"Node Type": "Bitmap Index Scan", "Parent Relationship": "Outer", "Index Name": "company_name_pkey", "Startup Cost": 0.0, "Total Cost": 0.26, "Plan Rows": 1, "Plan Width": 0, "Index Cond": "(id = mc.company_id)"}]}]}, {"Node Type": "Bitmap Heap Scan", "Parent Relationship": "Inner", "Relation Name": "company_type", "Alias": "ct", "Startup Cost": 0.26, "Total Cost": 4.28, "Plan Rows": 1, "Plan Width": 4, "Recheck Cond": "(id = mc.company_type_id)", "Filter": "((kind IS NOT NULL) AND (((kind)::text = 'production companies'::text) OR ((kind)::text = 'distributors'::text)))", "Plans": [{"Node Type": "Bitmap Index Scan", "Parent Relationship": "Outer", "Index Name": "company_type_pkey", "Startup Cost": 0.0, "Total Cost": 0.26, "Plan Rows": 1, "Plan Width": 0, "Index Cond": "(id = mc.company_type_id)"}]}]}]}, "Unique SQL Id": 1682224415}, "explain_analyze_plan": {"Plan": {"Node Type": "Aggregate", "Strategy": "Plain", "Startup Cost": 84864.02, "Total Cost": 84864.03, "Plan Rows": 1, "Plan Width": 123, "Actual Startup Time": 1614.858, "Actual Total Time": 1614.858, "Actual Rows": 1, "Actual Loops": 1, "Plans": [{"Node Type": "Nested Loop", "Parent Relationship": "Outer", "Join Type": "Inner", "Startup Cost": 10.2, "Total Cost": 84864.0, "Plan Rows": 4, "Plan Width": 59, "Actual Startup Time": 990.086, "Actual Total Time": 1614.821, "Actual Rows": 5, "Actual Loops": 1, "Inner Unique": true, "Plans": [{"Node Type": "Nested Loop", "Parent Relationship": "Outer", "Join Type": "Inner", "Startup Cost": 9.95, "Total Cost": 84846.86, "Plan Rows": 4, "Plan Width": 63, "Actual Startup Time": 989.763, "Actual Total Time": 1614.757, "Actual Rows": 10, "Actual Loops": 1, "Inner Unique": true, "Plans": [{"Node Type": "Hash Join", "Parent Relationship": "Outer", "Join Type": "Inner", "Startup Cost": 9.69, "Total Cost": 84825.44, "Plan Rows": 5, "Plan Width": 67, "Actual Startup Time": 989.727, "Actual Total Time": 1614.461, "Actual Rows": 33, "Actual Loops": 1, "Inner Unique": true, "Hash Cond": "(mi_idx.info_type_id = it2.id)", "Plans": [{"Node Type": "Nested Loop", "Parent Relationship": "Outer", "Join Type": "Inner", "Startup Cost": 7.27, "Total Cost": 84822.71, "Plan Rows": 65, "Plan Width": 71, "Actual Startup Time": 192.111, "Actual Total Time": 1613.638, "Actual Rows": 3102, "Actual Loops": 1, "Inner Unique": false, "Join Filter": "(t.id = mi_idx.movie_id)", "Rows Removed by Join Filter": 0, "Plans": [{"Node Type": "Hash Join", "Parent Relationship": "Outer", "Join Type": "Inner", "Startup Cost": 7.01, "Total Cost": 84641.4, "Plan Rows": 42, "Plan Width": 79, "Actual Startup Time": 69.965, "Actual Total Time": 1602.271, "Actual Rows": 1341, "Actual Loops": 1, "Inner Unique": true, "Hash Cond": "(mi.info_type_id = it1.id)", "Plans": [{"Node Type": "Nested Loop", "Parent Relationship": "Outer", "Join Type": "Inner", "Startup Cost": 4.59, "Total Cost": 84631.07, "Plan Rows": 2989, "Plan Width": 83, "Actual Startup Time": 3.577, "Actual Total Time": 1575.122, "Actual Rows": 166980, "Actual Loops": 1, "Inner Unique": false, "Join Filter": "(t.id = mi.movie_id)", "Rows Removed by Join Filter": 0, "Plans": [{"Node Type": "Nested Loop", "Parent Relationship": "Outer", "Join Type": "Inner", "Startup Cost": 4.22, "Total Cost": 82178.09, "Plan Rows": 545, "Plan Width": 33, "Actual Startup Time": 3.548, "Actual Total Time": 1349.14, "Actual Rows": 3968, "Actual Loops": 1, "Inner Unique": false, "Plans": [{"Node Type": "Seq Scan", "Parent Relationship": "Outer", "Relation Name": "title", "Alias": "t", "Startup Cost": 0.0, "Total Cost": 79031.44, "Plan Rows": 258, "Plan Width": 21, "Actual Startup Time": 0.37, "Actual Total Time": 1321.482, "Actual Rows": 2536, "Actual Loops": 1, "Filter": "((production_year > 2000) AND (((title)::text ~~ 'Birdemic%'::text) OR ((title)::text ~~ '%Movie%'::text)))", "Rows Removed by Filter": 2525775}, {"Node Type": "Bitmap Heap Scan", "Parent Relationship": "Inner", "Relation Name": "movie_companies", "Alias": "mc", "Startup Cost": 4.22, "Total Cost": 12.18, "Plan Rows": 2, "Plan Width": 12, "Actual Startup Time": 19.572, "Actual Total Time": 21.91, "Actual Rows": 3968, "Actual Loops": 2536, "Recheck Cond": "(movie_id = t.id)", "Rows Removed by Index Recheck": 0, "Exact Heap Blocks": 2364, "Lossy Heap Blocks": 2364, "Plans": [{"Node Type": "Bitmap Index Scan", "Parent Relationship": "Outer", "Index Name": "movie_id_movie_companies", "Startup Cost": 0.0, "Total Cost": 4.22, "Plan Rows": 2, "Plan Width": 0, "Actual Startup Time": 12.879, "Actual Total Time": 12.879, "Actual Rows": 3968, "Actual Loops": 2536, "Index Cond": "(movie_id = t.id)"}]}]}, {"Node Type": "Bitmap Heap Scan", "Parent Relationship": "Inner", "Relation Name": "movie_info", "Alias": "mi", "Startup Cost": 0.38, "Total Cost": 4.44, "Plan Rows": 5, "Plan Width": 50, "Actual Startup Time": 66.765, "Actual Total Time": 164.395, "Actual Rows": 166980, "Actual Loops": 3968, "Recheck Cond": "(movie_id = mc.movie_id)", "Rows Removed by Index Recheck": 0, "Exact Heap Blocks": 41219, "Lossy Heap Blocks": 41219, "Plans": [{"Node Type": "Bitmap Index Scan", "Parent Relationship": "Outer", "Index Name": "movie_id_movie_info", "Startup Cost": 0.0, "Total Cost": 0.37, "Plan Rows": 5, "Plan Width": 0, "Actual Startup Time": 52.686, "Actual Total Time": 52.686, "Actual Rows": 166980, "Actual Loops": 3968, "Index Cond": "(movie_id = mc.movie_id)"}]}]}, {"Node Type": "Hash", "Parent Relationship": "Inner", "Startup Cost": 2.4, "Total Cost": 2.4, "Plan Rows": 1, "Plan Width": 4, "Actual Startup Time": 0.048, "Actual Total Time": 0.048, "Actual Rows": 1, "Actual Loops": 1, "Hash Buckets": 32768, "Hash Batches": 1, "Original Hash Batches": 1, "Peak Memory Usage": 1, "Plans": [{"Node Type": "Seq Scan", "Parent Relationship": "Outer", "Relation Name": "info_type", "Alias": "it1", "Startup Cost": 0.0, "Total Cost": 2.4, "Plan Rows": 1, "Plan Width": 4, "Actual Startup Time": 0.039, "Actual Total Time": 0.042, "Actual Rows": 1, "Actual Loops": 1, "Filter": "((info)::text = 'budget'::text)", "Rows Removed by Filter": 111}]}]}, {"Node Type": "Bitmap Heap Scan", "Parent Relationship": "Inner", "Relation Name": "movie_info_idx", "Alias": "mi_idx", "Startup Cost": 0.27, "Total Cost": 4.29, "Plan Rows": 2, "Plan Width": 8, "Actual Startup Time": 7.329, "Actual Total Time": 7.801, "Actual Rows": 3102, "Actual Loops": 1341, "Recheck Cond": "(movie_id = mi.movie_id)", "Rows Removed by Index Recheck": 0, "Exact Heap Blocks": 1073, "Lossy Heap Blocks": 1073, "Plans": [{"Node Type": "Bitmap Index Scan", "Parent Relationship": "Outer", "Index Name": "movie_id_movie_info_idx", "Startup Cost": 0.0, "Total Cost": 0.27, "Plan Rows": 2, "Plan Width": 0, "Actual Startup Time": 4.913, "Actual Total Time": 4.913, "Actual Rows": 3102, "Actual Loops": 1341, "Index Cond": "(movie_id = mi.movie_id)"}]}]}, {"Node Type": "Hash", "Parent Relationship": "Inner", "Startup Cost": 2.4, "Total Cost": 2.4, "Plan Rows": 1, "Plan Width": 4, "Actual Startup Time": 0.075, "Actual Total Time": 0.075, "Actual Rows": 1, "Actual Loops": 1, "Hash Buckets": 32768, "Hash Batches": 1, "Original Hash Batches": 1, "Peak Memory Usage": 1, "Plans": [{"Node Type": "Seq Scan", "Parent Relationship": "Outer", "Relation Name": "info_type", "Alias": "it2", "Startup Cost": 0.0, "Total Cost": 2.4, "Plan Rows": 1, "Plan Width": 4, "Actual Startup Time": 0.063, "Actual Total Time": 0.066, "Actual Rows": 1, "Actual Loops": 1, "Filter": "((info)::text = 'bottom 10 rank'::text)", "Rows Removed by Filter": 111}]}]}, {"Node Type": "Bitmap Heap Scan", "Parent Relationship": "Inner", "Relation Name": "company_name", "Alias": "cn", "Startup Cost": 0.26, "Total Cost": 4.27, "Plan Rows": 1, "Plan Width": 4, "Actual Startup Time": 0.241, "Actual Total Time": 0.241, "Actual Rows": 10, "Actual Loops": 33, "Recheck Cond": "(id = mc.company_id)", "Rows Removed by Index Recheck": 0, "Filter": "((country_code)::text = '[us]'::text)", "Rows Removed by Filter": 23, "Exact Heap Blocks": 33, "Lossy Heap Blocks": 33, "Plans": [{"Node Type": "Bitmap Index Scan", "Parent Relationship": "Outer", "Index Name": "company_name_pkey", "Startup Cost": 0.0, "Total Cost": 0.26, "Plan Rows": 1, "Plan Width": 0, "Actual Startup Time": 0.122, "Actual Total Time": 0.122, "Actual Rows": 33, "Actual Loops": 33, "Index Cond": "(id = mc.company_id)"}]}]}, {"Node Type": "Bitmap Heap Scan", "Parent Relationship": "Inner", "Relation Name": "company_type", "Alias": "ct", "Startup Cost": 0.26, "Total Cost": 4.28, "Plan Rows": 1, "Plan Width": 4, "Actual Startup Time": 0.044, "Actual Total Time": 0.044, "Actual Rows": 5, "Actual Loops": 10, "Recheck Cond": "(id = mc.company_type_id)", "Rows Removed by Index Recheck": 0, "Filter": "((kind IS NOT NULL) AND (((kind)::text = 'production companies'::text) OR ((kind)::text = 'distributors'::text)))", "Rows Removed by Filter": 0, "Exact Heap Blocks": 5, "Lossy Heap Blocks": 5, "Plans": [{"Node Type": "Bitmap Index Scan", "Parent Relationship": "Outer", "Index Name": "company_type_pkey", "Startup Cost": 0.0, "Total Cost": 0.26, "Plan Rows": 1, "Plan Width": 0, "Actual Startup Time": 0.013, "Actual Total Time": 0.013, "Actual Rows": 5, "Actual Loops": 10, "Index Cond": "(id = mc.company_type_id)"}]}]}]}, "Triggers": [], "Planner Runtime": 92.473, "Total Runtime": 1615.141, "Unique SQL Id": 1682224415}}, "(1, 67)": {"explain_plan": {"Plan": {"Node Type": "Aggregate", "Strategy": "Plain", "Startup Cost": 1000012336498.63, "Total Cost": 1000012336498.64, "Plan Rows": 1, "Plan Width": 123, "Plans": [{"Node Type": "Nested Loop", "Parent Relationship": "Outer", "Join Type": "Inner", "Startup Cost": 10000000002.04, "Total Cost": 1000012336498.61, "Plan Rows": 4, "Plan Width": 59, "Inner Unique": true, "Plans": [{"Node Type": "Nested Loop", "Parent Relationship": "Outer", "Join Type": "Inner", "Startup Cost": 10000000001.78, "Total Cost": 1000012336438.65, "Plan Rows": 14, "Plan Width": 63, "Inner Unique": true, "Plans": [{"Node Type": "Nested Loop", "Parent Relationship": "Outer", "Join Type": "Inner", "Startup Cost": 10000000001.52, "Total Cost": 1000012336378.66, "Plan Rows": 14, "Plan Width": 67, "Inner Unique": true, "Plans": [{"Node Type": "Nested Loop", "Parent Relationship": "Outer", "Join Type": "Inner", "Startup Cost": 10000000001.26, "Total Cost": 1000012336100.24, "Plan Rows": 65, "Plan Width": 71, "Inner Unique": false, "Join Filter": "(t.id = mc.movie_id)", "Plans": [{"Node Type": "Nested Loop", "Parent Relationship": "Outer", "Join Type": "Inner", "Startup Cost": 10000000001.0, "Total Cost": 1000012335970.7, "Plan Rows": 30, "Plan Width": 75, "Inner Unique": true, "Plans": [{"Node Type": "Nested Loop", "Parent Relationship": "Outer", "Join Type": "Inner", "Startup Cost": 10000000000.74, "Total Cost": 1000012326904.12, "Plan Rows": 2117, "Plan Width": 79, "Inner Unique": false, "Join Filter": "(t.id = mi.movie_id)", "Plans": [{"Node Type": "Nested Loop", "Parent Relationship": "Outer", "Join Type": "Inner", "Startup Cost": 10000000000.28, "Total Cost": 1000012325091.05, "Plan Rows": 396, "Plan Width": 29, "Inner Unique": true, "Plans": [{"Node Type": "Index Scan", "Parent Relationship": "Outer", "Scan Direction": "Forward", "Index Name": "info_type_id_movie_info_idx", "Relation Name": "movie_info_idx", "Alias": "mi_idx", "Startup Cost": 10000000000.0, "Total Cost": 1000006370838.27, "Plan Rows": 1380034, "Plan Width": 8}, {"Node Type": "Bitmap Heap Scan", "Parent Relationship": "Inner", "Relation Name": "title", "Alias": "t", "Startup Cost": 0.28, "Total Cost": 4.3, "Plan Rows": 1, "Plan Width": 21, "Recheck Cond": "(id = mi_idx.movie_id)", "Filter": "((production_year > 2000) AND (((title)::text ~~ 'Birdemic%'::text) OR ((title)::text ~~ '%Movie%'::text)))", "Plans": [{"Node Type": "Bitmap Index Scan", "Parent Relationship": "Outer", "Index Name": "title_pkey", "Startup Cost": 0.0, "Total Cost": 0.28, "Plan Rows": 1, "Plan Width": 0, "Index Cond": "(id = mi_idx.movie_id)"}]}]}, {"Node Type": "Bitmap Heap Scan", "Parent Relationship": "Inner", "Relation Name": "movie_info", "Alias": "mi", "Startup Cost": 0.45, "Total Cost": 4.52, "Plan Rows": 5, "Plan Width": 50, "Recheck Cond": "(movie_id = mi_idx.movie_id)", "Plans": [{"Node Type": "Bitmap Index Scan", "Parent Relationship": "Outer", "Index Name": "movie_id_movie_info", "Startup Cost": 0.0, "Total Cost": 0.45, "Plan Rows": 5, "Plan Width": 0, "Index Cond": "(movie_id = mi_idx.movie_id)"}]}]}, {"Node Type": "Bitmap Heap Scan", "Parent Relationship": "Inner", "Relation Name": "info_type", "Alias": "it1", "Startup Cost": 0.26, "Total Cost": 4.27, "Plan Rows": 1, "Plan Width": 4, "Recheck Cond": "(id = mi.info_type_id)", "Filter": "((info)::text = 'budget'::text)", "Plans": [{"Node Type": "Bitmap Index Scan", "Parent Relationship": "Outer", "Index Name": "info_type_pkey", "Startup Cost": 0.0, "Total Cost": 0.26, "Plan Rows": 1, "Plan Width": 0, "Index Cond": "(id = mi.info_type_id)"}]}]}, {"Node Type": "Bitmap Heap Scan", "Parent Relationship": "Inner", "Relation Name": "movie_companies", "Alias": "mc", "Startup Cost": 0.27, "Total Cost": 4.29, "Plan Rows": 2, "Plan Width": 12, "Recheck Cond": "(movie_id = mi.movie_id)", "Plans": [{"Node Type": "Bitmap Index Scan", "Parent Relationship": "Outer", "Index Name": "movie_id_movie_companies", "Startup Cost": 0.0, "Total Cost": 0.27, "Plan Rows": 2, "Plan Width": 0, "Index Cond": "(movie_id = mi.movie_id)"}]}]}, {"Node Type": "Bitmap Heap Scan", "Parent Relationship": "Inner", "Relation Name": "company_name", "Alias": "cn", "Startup Cost": 0.26, "Total Cost": 4.27, "Plan Rows": 1, "Plan Width": 4, "Recheck Cond": "(id = mc.company_id)", "Filter": "((country_code)::text = '[us]'::text)", "Plans": [{"Node Type": "Bitmap Index Scan", "Parent Relationship": "Outer", "Index Name": "company_name_pkey", "Startup Cost": 0.0, "Total Cost": 0.26, "Plan Rows": 1, "Plan Width": 0, "Index Cond": "(id = mc.company_id)"}]}]}, {"Node Type": "Bitmap Heap Scan", "Parent Relationship": "Inner", "Relation Name": "company_type", "Alias": "ct", "Startup Cost": 0.26, "Total Cost": 4.28, "Plan Rows": 1, "Plan Width": 4, "Recheck Cond": "(id = mc.company_type_id)", "Filter": "((kind IS NOT NULL) AND (((kind)::text = 'production companies'::text) OR ((kind)::text = 'distributors'::text)))", "Plans": [{"Node Type": "Bitmap Index Scan", "Parent Relationship": "Outer", "Index Name": "company_type_pkey", "Startup Cost": 0.0, "Total Cost": 0.26, "Plan Rows": 1, "Plan Width": 0, "Index Cond": "(id = mc.company_type_id)"}]}]}, {"Node Type": "Bitmap Heap Scan", "Parent Relationship": "Inner", "Relation Name": "info_type", "Alias": "it2", "Startup Cost": 0.26, "Total Cost": 4.27, "Plan Rows": 1, "Plan Width": 4, "Recheck Cond": "(id = mi_idx.info_type_id)", "Filter": "((info)::text = 'bottom 10 rank'::text)", "Plans": [{"Node Type": "Bitmap Index Scan", "Parent Relationship": "Outer", "Index Name": "info_type_pkey", "Startup Cost": 0.0, "Total Cost": 0.26, "Plan Rows": 1, "Plan Width": 0, "Index Cond": "(id = mi_idx.info_type_id)"}]}]}]}, "Unique SQL Id": 1682224415}, "explain_analyze_plan": null}, "(1, 68)": {"explain_plan": {"Plan": {"Node Type": "Aggregate", "Strategy": "Plain", "Startup Cost": 81839.24, "Total Cost": 81839.25, "Plan Rows": 1, "Plan Width": 123, "Plans": [{"Node Type": "Nested Loop", "Parent Relationship": "Outer", "Join Type": "Inner", "Startup Cost": 0.0, "Total Cost": 81839.22, "Plan Rows": 4, "Plan Width": 59, "Inner Unique": true, "Plans": [{"Node Type": "Nested Loop", "Parent Relationship": "Outer", "Join Type": "Inner", "Startup Cost": 0.0, "Total Cost": 81838.08, "Plan Rows": 4, "Plan Width": 63, "Inner Unique": true, "Plans": [{"Node Type": "Nested Loop", "Parent Relationship": "Outer", "Join Type": "Inner", "Startup Cost": 0.0, "Total Cost": 81834.63, "Plan Rows": 12, "Plan Width": 67, "Inner Unique": true, "Plans": [{"Node Type": "Nested Loop", "Parent Relationship": "Outer", "Join Type": "Inner", "Startup Cost": 0.0, "Total Cost": 81517.66, "Plan Rows": 1122, "Plan Width": 71, "Inner Unique": false, "Join Filter": "(t.id = mi.movie_id)", "Plans": [{"Node Type": "Nested Loop", "Parent Relationship": "Outer", "Join Type": "Inner", "Startup Cost": 0.0, "Total Cost": 81365.0, "Plan Rows": 210, "Plan Width": 37, "Inner Unique": false, "Join Filter": "(t.id = mc.movie_id)", "Plans": [{"Node Type": "Nested Loop", "Parent Relationship": "Outer", "Join Type": "Inner", "Startup Cost": 0.0, "Total Cost": 81244.23, "Plan Rows": 311, "Plan Width": 25, "Inner Unique": true, "Plans": [{"Node Type": "Nested Loop", "Parent Relationship": "Outer", "Join Type": "Inner", "Startup Cost": 0.0, "Total Cost": 81132.36, "Plan Rows": 396, "Plan Width": 29, "Inner Unique": false, "Plans": [{"Node Type": "Seq Scan", "Parent Relationship": "Outer", "Relation Name": "title", "Alias": "t", "Startup Cost": 0.0, "Total Cost": 79031.44, "Plan Rows": 258, "Plan Width": 21, "Filter": "((production_year > 2000) AND (((title)::text ~~ 'Birdemic%'::text) OR ((title)::text ~~ '%Movie%'::text)))"}, {"Node Type": "Index Scan", "Parent Relationship": "Inner", "Scan Direction": "Forward", "Index Name": "movie_id_movie_info_idx", "Relation Name": "movie_info_idx", "Alias": "mi_idx", "Startup Cost": 0.0, "Total Cost": 8.12, "Plan Rows": 2, "Plan Width": 8, "Index Cond": "(movie_id = t.id)"}]}, {"Node Type": "Index Scan", "Parent Relationship": "Inner", "Scan Direction": "Forward", "Index Name": "info_type_pkey", "Relation Name": "info_type", "Alias": "it2", "Startup Cost": 0.0, "Total Cost": 0.27, "Plan Rows": 1, "Plan Width": 4, "Index Cond": "(id = mi_idx.info_type_id)", "Filter": "((info)::text = 'bottom 10 rank'::text)"}]}, {"Node Type": "Index Scan", "Parent Relationship": "Inner", "Scan Direction": "Forward", "Index Name": "movie_id_movie_companies", "Relation Name": "movie_companies", "Alias": "mc", "Startup Cost": 0.0, "Total Cost": 0.36, "Plan Rows": 2, "Plan Width": 12, "Index Cond": "(movie_id = mi_idx.movie_id)"}]}, {"Node Type": "Index Scan", "Parent Relationship": "Inner", "Scan Direction": "Forward", "Index Name": "movie_id_movie_info", "Relation Name": "movie_info", "Alias": "mi", "Startup Cost": 0.0, "Total Cost": 0.66, "Plan Rows": 5, "Plan Width": 50, "Index Cond": "(movie_id = mc.movie_id)"}]}, {"Node Type": "Index Scan", "Parent Relationship": "Inner", "Scan Direction": "Forward", "Index Name": "info_type_pkey", "Relation Name": "info_type", "Alias": "it1", "Startup Cost": 0.0, "Total Cost": 0.27, "Plan Rows": 1, "Plan Width": 4, "Index Cond": "(id = mi.info_type_id)", "Filter": "((info)::text = 'budget'::text)"}]}, {"Node Type": "Index Scan", "Parent Relationship": "Inner", "Scan Direction": "Forward", "Index Name": "company_name_pkey", "Relation Name": "company_name", "Alias": "cn", "Startup Cost": 0.0, "Total Cost": 0.28, "Plan Rows": 1, "Plan Width": 4, "Index Cond": "(id = mc.company_id)", "Filter": "((country_code)::text = '[us]'::text)"}]}, {"Node Type": "Index Scan", "Parent Relationship": "Inner", "Scan Direction": "Forward", "Index Name": "company_type_pkey", "Relation Name": "company_type", "Alias": "ct", "Startup Cost": 0.0, "Total Cost": 0.28, "Plan Rows": 1, "Plan Width": 4, "Index Cond": "(id = mc.company_type_id)", "Filter": "((kind IS NOT NULL) AND (((kind)::text = 'production companies'::text) OR ((kind)::text = 'distributors'::text)))"}]}]}, "Unique SQL Id": 1682224415}, "explain_analyze_plan": {"Plan": {"Node Type": "Aggregate", "Strategy": "Plain", "Startup Cost": 81839.24, "Total Cost": 81839.25, "Plan Rows": 1, "Plan Width": 123, "Actual Startup Time": 1389.509, "Actual Total Time": 1389.509, "Actual Rows": 1, "Actual Loops": 1, "Plans": [{"Node Type": "Nested Loop", "Parent Relationship": "Outer", "Join Type": "Inner", "Startup Cost": 0.0, "Total Cost": 81839.22, "Plan Rows": 4, "Plan Width": 59, "Actual Startup Time": 976.112, "Actual Total Time": 1389.408, "Actual Rows": 5, "Actual Loops": 1, "Inner Unique": true, "Plans": [{"Node Type": "Nested Loop", "Parent Relationship": "Outer", "Join Type": "Inner", "Startup Cost": 0.0, "Total Cost": 81838.08, "Plan Rows": 4, "Plan Width": 63, "Actual Startup Time": 975.487, "Actual Total Time": 1389.357, "Actual Rows": 10, "Actual Loops": 1, "Inner Unique": true, "Plans": [{"Node Type": "Nested Loop", "Parent Relationship": "Outer", "Join Type": "Inner", "Startup Cost": 0.0, "Total Cost": 81834.63, "Plan Rows": 12, "Plan Width": 67, "Actual Startup Time": 975.469, "Actual Total Time": 1389.125, "Actual Rows": 33, "Actual Loops": 1, "Inner Unique": true, "Plans": [{"Node Type": "Nested Loop", "Parent Relationship": "Outer", "Join Type": "Inner", "Startup Cost": 0.0, "Total Cost": 81517.66, "Plan Rows": 1122, "Plan Width": 71, "Actual Startup Time": 975.299, "Actual Total Time": 1378.102, "Actual Rows": 4959, "Actual Loops": 1, "Inner Unique": false, "Join Filter": "(t.id = mi.movie_id)", "Rows Removed by Join Filter": 0, "Plans": [{"Node Type": "Nested Loop", "Parent Relationship": "Outer", "Join Type": "Inner", "Startup Cost": 0.0, "Total Cost": 81365.0, "Plan Rows": 210, "Plan Width": 37, "Actual Startup Time": 975.27, "Actual Total Time": 1373.713, "Actual Rows": 33, "Actual Loops": 1, "Inner Unique": false, "Join Filter": "(t.id = mc.movie_id)", "Rows Removed by Join Filter": 0, "Plans": [{"Node Type": "Nested Loop", "Parent Relationship": "Outer", "Join Type": "Inner", "Startup Cost": 0.0, "Total Cost": 81244.23, "Plan Rows": 311, "Plan Width": 25, "Actual Startup Time": 975.229, "Actual Total Time": 1373.619, "Actual Rows": 2, "Actual Loops": 1, "Inner Unique": true, "Plans": [{"Node Type": "Nested Loop", "Parent Relationship": "Outer", "Join Type": "Inner", "Startup Cost": 0.0, "Total Cost": 81132.36, "Plan Rows": 396, "Plan Width": 29, "Actual Startup Time": 13.988, "Actual Total Time": 1366.683, "Actual Rows": 2645, "Actual Loops": 1, "Inner Unique": false, "Plans": [{"Node Type": "Seq Scan", "Parent Relationship": "Outer", "Relation Name": "title", "Alias": "t", "Startup Cost": 0.0, "Total Cost": 79031.44, "Plan Rows": 258, "Plan Width": 21, "Actual Startup Time": 0.389, "Actual Total Time": 1351.799, "Actual Rows": 2536, "Actual Loops": 1, "Filter": "((production_year > 2000) AND (((title)::text ~~ 'Birdemic%'::text) OR ((title)::text ~~ '%Movie%'::text)))", "Rows Removed by Filter": 2525775}, {"Node Type": "Index Scan", "Parent Relationship": "Inner", "Scan Direction": "Forward", "Index Name": "movie_id_movie_info_idx", "Relation Name": "movie_info_idx", "Alias": "mi_idx", "Startup Cost": 0.0, "Total Cost": 8.12, "Plan Rows": 2, "Plan Width": 8, "Actual Startup Time": 11.368, "Actual Total Time": 12.337, "Actual Rows": 2645, "Actual Loops": 2536, "Index Cond": "(movie_id = t.id)", "Rows Removed by Index Recheck": 0}]}, {"Node Type": "Index Scan", "Parent Relationship": "Inner", "Scan Direction": "Forward", "Index Name": "info_type_pkey", "Relation Name": "info_type", "Alias": "it2", "Startup Cost": 0.0, "Total Cost": 0.27, "Plan Rows": 1, "Plan Width": 4, "Actual Startup Time": 5.455, "Actual Total Time": 5.455, "Actual Rows": 2, "Actual Loops": 2645, "Index Cond": "(id = mi_idx.info_type_id)", "Rows Removed by Index Recheck": 0, "Filter": "((info)::text = 'bottom 10 rank'::text)", "Rows Removed by Filter": 2643}]}, {"Node Type": "Index Scan", "Parent Relationship": "Inner", "Scan Direction": "Forward", "Index Name": "movie_id_movie_companies", "Relation Name": "movie_companies", "Alias": "mc", "Startup Cost": 0.0, "Total Cost": 0.36, "Plan Rows": 2, "Plan Width": 12, "Actual Startup Time": 0.024, "Actual Total Time": 0.05, "Actual Rows": 33, "Actual Loops": 2, "Index Cond": "(movie_id = mi_idx.movie_id)", "Rows Removed by Index Recheck": 0}]}, {"Node Type": "Index Scan", "Parent Relationship": "Inner", "Scan Direction": "Forward", "Index Name": "movie_id_movie_info", "Relation Name": "movie_info", "Alias": "mi", "Startup Cost": 0.0, "Total Cost": 0.66, "Plan Rows": 5, "Plan Width": 50, "Actual Startup Time": 0.505, "Actual Total Time": 2.577, "Actual Rows": 4959, "Actual Loops": 33, "Index Cond": "(movie_id = mc.movie_id)", "Rows Removed by Index Recheck": 0}]}, {"Node Type": "Index Scan", "Parent Relationship": "Inner", "Scan Direction": "Forward", "Index Name": "info_type_pkey", "Relation Name": "info_type", "Alias": "it1", "Startup Cost": 0.0, "Total Cost": 0.27, "Plan Rows": 1, "Plan Width": 4, "Actual Startup Time": 8.657, "Actual Total Time": 8.657, "Actual Rows": 33, "Actual Loops": 4959, "Index Cond": "(id = mi.info_type_id)", "Rows Removed by Index Recheck": 0, "Filter": "((info)::text = 'budget'::text)", "Rows Removed by Filter": 4864}]}, {"Node Type": "Index Scan", "Parent Relationship": "Inner", "Scan Direction": "Forward", "Index Name": "company_name_pkey", "Relation Name": "company_name", "Alias": "cn", "Startup Cost": 0.0, "Total Cost": 0.28, "Plan Rows": 1, "Plan Width": 4, "Actual Startup Time": 0.199, "Actual Total Time": 0.199, "Actual Rows": 10, "Actual Loops": 33, "Index Cond": "(id = mc.company_id)", "Rows Removed by Index Recheck": 0, "Filter": "((country_code)::text = '[us]'::text)", "Rows Removed by Filter": 23}]}, {"Node Type": "Index Scan", "Parent Relationship": "Inner", "Scan Direction": "Forward", "Index Name": "company_type_pkey", "Relation Name": "company_type", "Alias": "ct", "Startup Cost": 0.0, "Total Cost": 0.28, "Plan Rows": 1, "Plan Width": 4, "Actual Startup Time": 0.029, "Actual Total Time": 0.029, "Actual Rows": 5, "Actual Loops": 10, "Index Cond": "(id = mc.company_type_id)", "Rows Removed by Index Recheck": 0, "Filter": "((kind IS NOT NULL) AND (((kind)::text = 'production companies'::text) OR ((kind)::text = 'distributors'::text)))", "Rows Removed by Filter": 0}]}]}, "Triggers": [], "Planner Runtime": 97.252, "Total Runtime": 1389.846, "Unique SQL Id": 1682224415}}, "(1, 69)": {"explain_plan": {"Plan": {"Node Type": "Aggregate", "Strategy": "Plain", "Startup Cost": 131901.14, "Total Cost": 131901.15, "Plan Rows": 1, "Plan Width": 123, "Plans": [{"Node Type": "Nested Loop", "Parent Relationship": "Outer", "Join Type": "Inner", "Startup Cost": 0.0, "Total Cost": 131901.12, "Plan Rows": 4, "Plan Width": 59, "Inner Unique": true, "Plans": [{"Node Type": "Nested Loop", "Parent Relationship": "Outer", "Join Type": "Inner", "Startup Cost": 0.0, "Total Cost": 131887.44, "Plan Rows": 48, "Plan Width": 63, "Inner Unique": true, "Plans": [{"Node Type": "Nested Loop", "Parent Relationship": "Outer", "Join Type": "Inner", "Startup Cost": 0.0, "Total Cost": 131886.01, "Plan Rows": 5, "Plan Width": 67, "Inner Unique": true, "Plans": [{"Node Type": "Nested Loop", "Parent Relationship": "Outer", "Join Type": "Inner", "Startup Cost": 0.0, "Total Cost": 131569.04, "Plan Rows": 1122, "Plan Width": 71, "Inner Unique": false, "Join Filter": "(t.id = mi.movie_id)", "Plans": [{"Node Type": "Nested Loop", "Parent Relationship": "Outer", "Join Type": "Inner", "Startup Cost": 0.0, "Total Cost": 131416.38, "Plan Rows": 210, "Plan Width": 37, "Inner Unique": false, "Join Filter": "(t.id = mc.movie_id)", "Plans": [{"Node Type": "Nested Loop", "Parent Relationship": "Outer", "Join Type": "Inner", "Startup Cost": 0.0, "Total Cost": 131295.61, "Plan Rows": 311, "Plan Width": 25, "Inner Unique": true, "Plans": [{"Node Type": "Nested Loop", "Parent Relationship": "Outer", "Join Type": "Inner", "Startup Cost": 0.0, "Total Cost": 131183.74, "Plan Rows": 396, "Plan Width": 29, "Inner Unique": false, "Plans": [{"Node Type": "Index Scan", "Parent Relationship": "Outer", "Scan Direction": "Forward", "Index Name": "title_pkey", "Relation Name": "title", "Alias": "t", "Startup Cost": 0.0, "Total Cost": 129082.82, "Plan Rows": 258, "Plan Width": 21, "Filter": "((production_year > 2000) AND (((title)::text ~~ 'Birdemic%'::text) OR ((title)::text ~~ '%Movie%'::text)))"}, {"Node Type": "Index Scan", "Parent Relationship": "Inner", "Scan Direction": "Forward", "Index Name": "movie_id_movie_info_idx", "Relation Name": "movie_info_idx", "Alias": "mi_idx", "Startup Cost": 0.0, "Total Cost": 8.12, "Plan Rows": 2, "Plan Width": 8, "Index Cond": "(movie_id = t.id)"}]}, {"Node Type": "Index Scan", "Parent Relationship": "Inner", "Scan Direction": "Forward", "Index Name": "info_type_pkey", "Relation Name": "info_type", "Alias": "it2", "Startup Cost": 0.0, "Total Cost": 0.27, "Plan Rows": 1, "Plan Width": 4, "Index Cond": "(id = mi_idx.info_type_id)", "Filter": "((info)::text = 'bottom 10 rank'::text)"}]}, {"Node Type": "Index Scan", "Parent Relationship": "Inner", "Scan Direction": "Forward", "Index Name": "movie_id_movie_companies", "Relation Name": "movie_companies", "Alias": "mc", "Startup Cost": 0.0, "Total Cost": 0.36, "Plan Rows": 2, "Plan Width": 12, "Index Cond": "(movie_id = mi_idx.movie_id)"}]}, {"Node Type": "Index Scan", "Parent Relationship": "Inner", "Scan Direction": "Forward", "Index Name": "movie_id_movie_info", "Relation Name": "movie_info", "Alias": "mi", "Startup Cost": 0.0, "Total Cost": 0.66, "Plan Rows": 5, "Plan Width": 50, "Index Cond": "(movie_id = mc.movie_id)"}]}, {"Node Type": "Index Scan", "Parent Relationship": "Inner", "Scan Direction": "Forward", "Index Name": "info_type_pkey", "Relation Name": "info_type", "Alias": "it1", "Startup Cost": 0.0, "Total Cost": 0.27, "Plan Rows": 1, "Plan Width": 4, "Index Cond": "(id = mi.info_type_id)", "Filter": "((info)::text = 'budget'::text)"}]}, {"Node Type": "Index Scan", "Parent Relationship": "Inner", "Scan Direction": "Forward", "Index Name": "company_name_pkey", "Relation Name": "company_name", "Alias": "cn", "Startup Cost": 0.0, "Total Cost": 0.28, "Plan Rows": 1, "Plan Width": 4, "Index Cond": "(id = mc.company_id)", "Filter": "((country_code)::text = '[us]'::text)"}]}, {"Node Type": "Index Scan", "Parent Relationship": "Inner", "Scan Direction": "Forward", "Index Name": "company_type_pkey", "Relation Name": "company_type", "Alias": "ct", "Startup Cost": 0.0, "Total Cost": 0.28, "Plan Rows": 1, "Plan Width": 4, "Index Cond": "(id = mc.company_type_id)", "Filter": "((kind IS NOT NULL) AND (((kind)::text = 'production companies'::text) OR ((kind)::text = 'distributors'::text)))"}]}]}, "Unique SQL Id": 1682224415}, "explain_analyze_plan": null}, "(1, 70)": {"explain_plan": {"Plan": {"Node Type": "Aggregate", "Strategy": "Plain", "Startup Cost": 84864.02, "Total Cost": 84864.03, "Plan Rows": 1, "Plan Width": 123, "Plans": [{"Node Type": "Nested Loop", "Parent Relationship": "Outer", "Join Type": "Inner", "Startup Cost": 10.2, "Total Cost": 84864.0, "Plan Rows": 4, "Plan Width": 59, "Inner Unique": true, "Plans": [{"Node Type": "Nested Loop", "Parent Relationship": "Outer", "Join Type": "Inner", "Startup Cost": 9.95, "Total Cost": 84846.86, "Plan Rows": 4, "Plan Width": 63, "Inner Unique": true, "Plans": [{"Node Type": "Hash Join", "Parent Relationship": "Outer", "Join Type": "Inner", "Startup Cost": 9.69, "Total Cost": 84825.44, "Plan Rows": 5, "Plan Width": 67, "Inner Unique": true, "Hash Cond": "(mi_idx.info_type_id = it2.id)", "Plans": [{"Node Type": "Nested Loop", "Parent Relationship": "Outer", "Join Type": "Inner", "Startup Cost": 7.27, "Total Cost": 84822.71, "Plan Rows": 65, "Plan Width": 71, "Inner Unique": false, "Join Filter": "(t.id = mi_idx.movie_id)", "Plans": [{"Node Type": "Hash Join", "Parent Relationship": "Outer", "Join Type": "Inner", "Startup Cost": 7.01, "Total Cost": 84641.4, "Plan Rows": 42, "Plan Width": 79, "Inner Unique": true, "Hash Cond": "(mi.info_type_id = it1.id)", "Plans": [{"Node Type": "Nested Loop", "Parent Relationship": "Outer", "Join Type": "Inner", "Startup Cost": 4.59, "Total Cost": 84631.07, "Plan Rows": 2989, "Plan Width": 83, "Inner Unique": false, "Join Filter": "(t.id = mi.movie_id)", "Plans": [{"Node Type": "Nested Loop", "Parent Relationship": "Outer", "Join Type": "Inner", "Startup Cost": 4.22, "Total Cost": 82178.09, "Plan Rows": 545, "Plan Width": 33, "Inner Unique": false, "Plans": [{"Node Type": "Seq Scan", "Parent Relationship": "Outer", "Relation Name": "title", "Alias": "t", "Startup Cost": 0.0, "Total Cost": 79031.44, "Plan Rows": 258, "Plan Width": 21, "Filter": "((production_year > 2000) AND (((title)::text ~~ 'Birdemic%'::text) OR ((title)::text ~~ '%Movie%'::text)))"}, {"Node Type": "Bitmap Heap Scan", "Parent Relationship": "Inner", "Relation Name": "movie_companies", "Alias": "mc", "Startup Cost": 4.22, "Total Cost": 12.18, "Plan Rows": 2, "Plan Width": 12, "Recheck Cond": "(movie_id = t.id)", "Plans": [{"Node Type": "Bitmap Index Scan", "Parent Relationship": "Outer", "Index Name": "movie_id_movie_companies", "Startup Cost": 0.0, "Total Cost": 4.22, "Plan Rows": 2, "Plan Width": 0, "Index Cond": "(movie_id = t.id)"}]}]}, {"Node Type": "Bitmap Heap Scan", "Parent Relationship": "Inner", "Relation Name": "movie_info", "Alias": "mi", "Startup Cost": 0.38, "Total Cost": 4.44, "Plan Rows": 5, "Plan Width": 50, "Recheck Cond": "(movie_id = mc.movie_id)", "Plans": [{"Node Type": "Bitmap Index Scan", "Parent Relationship": "Outer", "Index Name": "movie_id_movie_info", "Startup Cost": 0.0, "Total Cost": 0.37, "Plan Rows": 5, "Plan Width": 0, "Index Cond": "(movie_id = mc.movie_id)"}]}]}, {"Node Type": "Hash", "Parent Relationship": "Inner", "Startup Cost": 2.4, "Total Cost": 2.4, "Plan Rows": 1, "Plan Width": 4, "Plans": [{"Node Type": "Seq Scan", "Parent Relationship": "Outer", "Relation Name": "info_type", "Alias": "it1", "Startup Cost": 0.0, "Total Cost": 2.4, "Plan Rows": 1, "Plan Width": 4, "Filter": "((info)::text = 'budget'::text)"}]}]}, {"Node Type": "Bitmap Heap Scan", "Parent Relationship": "Inner", "Relation Name": "movie_info_idx", "Alias": "mi_idx", "Startup Cost": 0.27, "Total Cost": 4.29, "Plan Rows": 2, "Plan Width": 8, "Recheck Cond": "(movie_id = mi.movie_id)", "Plans": [{"Node Type": "Bitmap Index Scan", "Parent Relationship": "Outer", "Index Name": "movie_id_movie_info_idx", "Startup Cost": 0.0, "Total Cost": 0.27, "Plan Rows": 2, "Plan Width": 0, "Index Cond": "(movie_id = mi.movie_id)"}]}]}, {"Node Type": "Hash", "Parent Relationship": "Inner", "Startup Cost": 2.4, "Total Cost": 2.4, "Plan Rows": 1, "Plan Width": 4, "Plans": [{"Node Type": "Seq Scan", "Parent Relationship": "Outer", "Relation Name": "info_type", "Alias": "it2", "Startup Cost": 0.0, "Total Cost": 2.4, "Plan Rows": 1, "Plan Width": 4, "Filter": "((info)::text = 'bottom 10 rank'::text)"}]}]}, {"Node Type": "Bitmap Heap Scan", "Parent Relationship": "Inner", "Relation Name": "company_name", "Alias": "cn", "Startup Cost": 0.26, "Total Cost": 4.27, "Plan Rows": 1, "Plan Width": 4, "Recheck Cond": "(id = mc.company_id)", "Filter": "((country_code)::text = '[us]'::text)", "Plans": [{"Node Type": "Bitmap Index Scan", "Parent Relationship": "Outer", "Index Name": "company_name_pkey", "Startup Cost": 0.0, "Total Cost": 0.26, "Plan Rows": 1, "Plan Width": 0, "Index Cond": "(id = mc.company_id)"}]}]}, {"Node Type": "Bitmap Heap Scan", "Parent Relationship": "Inner", "Relation Name": "company_type", "Alias": "ct", "Startup Cost": 0.26, "Total Cost": 4.28, "Plan Rows": 1, "Plan Width": 4, "Recheck Cond": "(id = mc.company_type_id)", "Filter": "((kind IS NOT NULL) AND (((kind)::text = 'production companies'::text) OR ((kind)::text = 'distributors'::text)))", "Plans": [{"Node Type": "Bitmap Index Scan", "Parent Relationship": "Outer", "Index Name": "company_type_pkey", "Startup Cost": 0.0, "Total Cost": 0.26, "Plan Rows": 1, "Plan Width": 0, "Index Cond": "(id = mc.company_type_id)"}]}]}]}, "Unique SQL Id": 1682224415}, "explain_analyze_plan": {"Plan": {"Node Type": "Aggregate", "Strategy": "Plain", "Startup Cost": 84864.02, "Total Cost": 84864.03, "Plan Rows": 1, "Plan Width": 123, "Actual Startup Time": 1614.858, "Actual Total Time": 1614.858, "Actual Rows": 1, "Actual Loops": 1, "Plans": [{"Node Type": "Nested Loop", "Parent Relationship": "Outer", "Join Type": "Inner", "Startup Cost": 10.2, "Total Cost": 84864.0, "Plan Rows": 4, "Plan Width": 59, "Actual Startup Time": 990.086, "Actual Total Time": 1614.821, "Actual Rows": 5, "Actual Loops": 1, "Inner Unique": true, "Plans": [{"Node Type": "Nested Loop", "Parent Relationship": "Outer", "Join Type": "Inner", "Startup Cost": 9.95, "Total Cost": 84846.86, "Plan Rows": 4, "Plan Width": 63, "Actual Startup Time": 989.763, "Actual Total Time": 1614.757, "Actual Rows": 10, "Actual Loops": 1, "Inner Unique": true, "Plans": [{"Node Type": "Hash Join", "Parent Relationship": "Outer", "Join Type": "Inner", "Startup Cost": 9.69, "Total Cost": 84825.44, "Plan Rows": 5, "Plan Width": 67, "Actual Startup Time": 989.727, "Actual Total Time": 1614.461, "Actual Rows": 33, "Actual Loops": 1, "Inner Unique": true, "Hash Cond": "(mi_idx.info_type_id = it2.id)", "Plans": [{"Node Type": "Nested Loop", "Parent Relationship": "Outer", "Join Type": "Inner", "Startup Cost": 7.27, "Total Cost": 84822.71, "Plan Rows": 65, "Plan Width": 71, "Actual Startup Time": 192.111, "Actual Total Time": 1613.638, "Actual Rows": 3102, "Actual Loops": 1, "Inner Unique": false, "Join Filter": "(t.id = mi_idx.movie_id)", "Rows Removed by Join Filter": 0, "Plans": [{"Node Type": "Hash Join", "Parent Relationship": "Outer", "Join Type": "Inner", "Startup Cost": 7.01, "Total Cost": 84641.4, "Plan Rows": 42, "Plan Width": 79, "Actual Startup Time": 69.965, "Actual Total Time": 1602.271, "Actual Rows": 1341, "Actual Loops": 1, "Inner Unique": true, "Hash Cond": "(mi.info_type_id = it1.id)", "Plans": [{"Node Type": "Nested Loop", "Parent Relationship": "Outer", "Join Type": "Inner", "Startup Cost": 4.59, "Total Cost": 84631.07, "Plan Rows": 2989, "Plan Width": 83, "Actual Startup Time": 3.577, "Actual Total Time": 1575.122, "Actual Rows": 166980, "Actual Loops": 1, "Inner Unique": false, "Join Filter": "(t.id = mi.movie_id)", "Rows Removed by Join Filter": 0, "Plans": [{"Node Type": "Nested Loop", "Parent Relationship": "Outer", "Join Type": "Inner", "Startup Cost": 4.22, "Total Cost": 82178.09, "Plan Rows": 545, "Plan Width": 33, "Actual Startup Time": 3.548, "Actual Total Time": 1349.14, "Actual Rows": 3968, "Actual Loops": 1, "Inner Unique": false, "Plans": [{"Node Type": "Seq Scan", "Parent Relationship": "Outer", "Relation Name": "title", "Alias": "t", "Startup Cost": 0.0, "Total Cost": 79031.44, "Plan Rows": 258, "Plan Width": 21, "Actual Startup Time": 0.37, "Actual Total Time": 1321.482, "Actual Rows": 2536, "Actual Loops": 1, "Filter": "((production_year > 2000) AND (((title)::text ~~ 'Birdemic%'::text) OR ((title)::text ~~ '%Movie%'::text)))", "Rows Removed by Filter": 2525775}, {"Node Type": "Bitmap Heap Scan", "Parent Relationship": "Inner", "Relation Name": "movie_companies", "Alias": "mc", "Startup Cost": 4.22, "Total Cost": 12.18, "Plan Rows": 2, "Plan Width": 12, "Actual Startup Time": 19.572, "Actual Total Time": 21.91, "Actual Rows": 3968, "Actual Loops": 2536, "Recheck Cond": "(movie_id = t.id)", "Rows Removed by Index Recheck": 0, "Exact Heap Blocks": 2364, "Lossy Heap Blocks": 2364, "Plans": [{"Node Type": "Bitmap Index Scan", "Parent Relationship": "Outer", "Index Name": "movie_id_movie_companies", "Startup Cost": 0.0, "Total Cost": 4.22, "Plan Rows": 2, "Plan Width": 0, "Actual Startup Time": 12.879, "Actual Total Time": 12.879, "Actual Rows": 3968, "Actual Loops": 2536, "Index Cond": "(movie_id = t.id)"}]}]}, {"Node Type": "Bitmap Heap Scan", "Parent Relationship": "Inner", "Relation Name": "movie_info", "Alias": "mi", "Startup Cost": 0.38, "Total Cost": 4.44, "Plan Rows": 5, "Plan Width": 50, "Actual Startup Time": 66.765, "Actual Total Time": 164.395, "Actual Rows": 166980, "Actual Loops": 3968, "Recheck Cond": "(movie_id = mc.movie_id)", "Rows Removed by Index Recheck": 0, "Exact Heap Blocks": 41219, "Lossy Heap Blocks": 41219, "Plans": [{"Node Type": "Bitmap Index Scan", "Parent Relationship": "Outer", "Index Name": "movie_id_movie_info", "Startup Cost": 0.0, "Total Cost": 0.37, "Plan Rows": 5, "Plan Width": 0, "Actual Startup Time": 52.686, "Actual Total Time": 52.686, "Actual Rows": 166980, "Actual Loops": 3968, "Index Cond": "(movie_id = mc.movie_id)"}]}]}, {"Node Type": "Hash", "Parent Relationship": "Inner", "Startup Cost": 2.4, "Total Cost": 2.4, "Plan Rows": 1, "Plan Width": 4, "Actual Startup Time": 0.048, "Actual Total Time": 0.048, "Actual Rows": 1, "Actual Loops": 1, "Hash Buckets": 32768, "Hash Batches": 1, "Original Hash Batches": 1, "Peak Memory Usage": 1, "Plans": [{"Node Type": "Seq Scan", "Parent Relationship": "Outer", "Relation Name": "info_type", "Alias": "it1", "Startup Cost": 0.0, "Total Cost": 2.4, "Plan Rows": 1, "Plan Width": 4, "Actual Startup Time": 0.039, "Actual Total Time": 0.042, "Actual Rows": 1, "Actual Loops": 1, "Filter": "((info)::text = 'budget'::text)", "Rows Removed by Filter": 111}]}]}, {"Node Type": "Bitmap Heap Scan", "Parent Relationship": "Inner", "Relation Name": "movie_info_idx", "Alias": "mi_idx", "Startup Cost": 0.27, "Total Cost": 4.29, "Plan Rows": 2, "Plan Width": 8, "Actual Startup Time": 7.329, "Actual Total Time": 7.801, "Actual Rows": 3102, "Actual Loops": 1341, "Recheck Cond": "(movie_id = mi.movie_id)", "Rows Removed by Index Recheck": 0, "Exact Heap Blocks": 1073, "Lossy Heap Blocks": 1073, "Plans": [{"Node Type": "Bitmap Index Scan", "Parent Relationship": "Outer", "Index Name": "movie_id_movie_info_idx", "Startup Cost": 0.0, "Total Cost": 0.27, "Plan Rows": 2, "Plan Width": 0, "Actual Startup Time": 4.913, "Actual Total Time": 4.913, "Actual Rows": 3102, "Actual Loops": 1341, "Index Cond": "(movie_id = mi.movie_id)"}]}]}, {"Node Type": "Hash", "Parent Relationship": "Inner", "Startup Cost": 2.4, "Total Cost": 2.4, "Plan Rows": 1, "Plan Width": 4, "Actual Startup Time": 0.075, "Actual Total Time": 0.075, "Actual Rows": 1, "Actual Loops": 1, "Hash Buckets": 32768, "Hash Batches": 1, "Original Hash Batches": 1, "Peak Memory Usage": 1, "Plans": [{"Node Type": "Seq Scan", "Parent Relationship": "Outer", "Relation Name": "info_type", "Alias": "it2", "Startup Cost": 0.0, "Total Cost": 2.4, "Plan Rows": 1, "Plan Width": 4, "Actual Startup Time": 0.063, "Actual Total Time": 0.066, "Actual Rows": 1, "Actual Loops": 1, "Filter": "((info)::text = 'bottom 10 rank'::text)", "Rows Removed by Filter": 111}]}]}, {"Node Type": "Bitmap Heap Scan", "Parent Relationship": "Inner", "Relation Name": "company_name", "Alias": "cn", "Startup Cost": 0.26, "Total Cost": 4.27, "Plan Rows": 1, "Plan Width": 4, "Actual Startup Time": 0.241, "Actual Total Time": 0.241, "Actual Rows": 10, "Actual Loops": 33, "Recheck Cond": "(id = mc.company_id)", "Rows Removed by Index Recheck": 0, "Filter": "((country_code)::text = '[us]'::text)", "Rows Removed by Filter": 23, "Exact Heap Blocks": 33, "Lossy Heap Blocks": 33, "Plans": [{"Node Type": "Bitmap Index Scan", "Parent Relationship": "Outer", "Index Name": "company_name_pkey", "Startup Cost": 0.0, "Total Cost": 0.26, "Plan Rows": 1, "Plan Width": 0, "Actual Startup Time": 0.122, "Actual Total Time": 0.122, "Actual Rows": 33, "Actual Loops": 33, "Index Cond": "(id = mc.company_id)"}]}]}, {"Node Type": "Bitmap Heap Scan", "Parent Relationship": "Inner", "Relation Name": "company_type", "Alias": "ct", "Startup Cost": 0.26, "Total Cost": 4.28, "Plan Rows": 1, "Plan Width": 4, "Actual Startup Time": 0.044, "Actual Total Time": 0.044, "Actual Rows": 5, "Actual Loops": 10, "Recheck Cond": "(id = mc.company_type_id)", "Rows Removed by Index Recheck": 0, "Filter": "((kind IS NOT NULL) AND (((kind)::text = 'production companies'::text) OR ((kind)::text = 'distributors'::text)))", "Rows Removed by Filter": 0, "Exact Heap Blocks": 5, "Lossy Heap Blocks": 5, "Plans": [{"Node Type": "Bitmap Index Scan", "Parent Relationship": "Outer", "Index Name": "company_type_pkey", "Startup Cost": 0.0, "Total Cost": 0.26, "Plan Rows": 1, "Plan Width": 0, "Actual Startup Time": 0.013, "Actual Total Time": 0.013, "Actual Rows": 5, "Actual Loops": 10, "Index Cond": "(id = mc.company_type_id)"}]}]}]}, "Triggers": [], "Planner Runtime": 92.473, "Total Runtime": 1615.141, "Unique SQL Id": 1682224415}}, "(1, 71)": {"explain_plan": {"Plan": {"Node Type": "Aggregate", "Strategy": "Plain", "Startup Cost": 1000012336498.63, "Total Cost": 1000012336498.64, "Plan Rows": 1, "Plan Width": 123, "Plans": [{"Node Type": "Nested Loop", "Parent Relationship": "Outer", "Join Type": "Inner", "Startup Cost": 10000000002.04, "Total Cost": 1000012336498.61, "Plan Rows": 4, "Plan Width": 59, "Inner Unique": true, "Plans": [{"Node Type": "Nested Loop", "Parent Relationship": "Outer", "Join Type": "Inner", "Startup Cost": 10000000001.78, "Total Cost": 1000012336438.65, "Plan Rows": 14, "Plan Width": 63, "Inner Unique": true, "Plans": [{"Node Type": "Nested Loop", "Parent Relationship": "Outer", "Join Type": "Inner", "Startup Cost": 10000000001.52, "Total Cost": 1000012336378.66, "Plan Rows": 14, "Plan Width": 67, "Inner Unique": true, "Plans": [{"Node Type": "Nested Loop", "Parent Relationship": "Outer", "Join Type": "Inner", "Startup Cost": 10000000001.26, "Total Cost": 1000012336100.24, "Plan Rows": 65, "Plan Width": 71, "Inner Unique": false, "Join Filter": "(t.id = mc.movie_id)", "Plans": [{"Node Type": "Nested Loop", "Parent Relationship": "Outer", "Join Type": "Inner", "Startup Cost": 10000000001.0, "Total Cost": 1000012335970.7, "Plan Rows": 30, "Plan Width": 75, "Inner Unique": true, "Plans": [{"Node Type": "Nested Loop", "Parent Relationship": "Outer", "Join Type": "Inner", "Startup Cost": 10000000000.74, "Total Cost": 1000012326904.12, "Plan Rows": 2117, "Plan Width": 79, "Inner Unique": false, "Join Filter": "(t.id = mi.movie_id)", "Plans": [{"Node Type": "Nested Loop", "Parent Relationship": "Outer", "Join Type": "Inner", "Startup Cost": 10000000000.28, "Total Cost": 1000012325091.05, "Plan Rows": 396, "Plan Width": 29, "Inner Unique": true, "Plans": [{"Node Type": "Index Scan", "Parent Relationship": "Outer", "Scan Direction": "Forward", "Index Name": "info_type_id_movie_info_idx", "Relation Name": "movie_info_idx", "Alias": "mi_idx", "Startup Cost": 10000000000.0, "Total Cost": 1000006370838.27, "Plan Rows": 1380034, "Plan Width": 8}, {"Node Type": "Bitmap Heap Scan", "Parent Relationship": "Inner", "Relation Name": "title", "Alias": "t", "Startup Cost": 0.28, "Total Cost": 4.3, "Plan Rows": 1, "Plan Width": 21, "Recheck Cond": "(id = mi_idx.movie_id)", "Filter": "((production_year > 2000) AND (((title)::text ~~ 'Birdemic%'::text) OR ((title)::text ~~ '%Movie%'::text)))", "Plans": [{"Node Type": "Bitmap Index Scan", "Parent Relationship": "Outer", "Index Name": "title_pkey", "Startup Cost": 0.0, "Total Cost": 0.28, "Plan Rows": 1, "Plan Width": 0, "Index Cond": "(id = mi_idx.movie_id)"}]}]}, {"Node Type": "Bitmap Heap Scan", "Parent Relationship": "Inner", "Relation Name": "movie_info", "Alias": "mi", "Startup Cost": 0.45, "Total Cost": 4.52, "Plan Rows": 5, "Plan Width": 50, "Recheck Cond": "(movie_id = mi_idx.movie_id)", "Plans": [{"Node Type": "Bitmap Index Scan", "Parent Relationship": "Outer", "Index Name": "movie_id_movie_info", "Startup Cost": 0.0, "Total Cost": 0.45, "Plan Rows": 5, "Plan Width": 0, "Index Cond": "(movie_id = mi_idx.movie_id)"}]}]}, {"Node Type": "Bitmap Heap Scan", "Parent Relationship": "Inner", "Relation Name": "info_type", "Alias": "it1", "Startup Cost": 0.26, "Total Cost": 4.27, "Plan Rows": 1, "Plan Width": 4, "Recheck Cond": "(id = mi.info_type_id)", "Filter": "((info)::text = 'budget'::text)", "Plans": [{"Node Type": "Bitmap Index Scan", "Parent Relationship": "Outer", "Index Name": "info_type_pkey", "Startup Cost": 0.0, "Total Cost": 0.26, "Plan Rows": 1, "Plan Width": 0, "Index Cond": "(id = mi.info_type_id)"}]}]}, {"Node Type": "Bitmap Heap Scan", "Parent Relationship": "Inner", "Relation Name": "movie_companies", "Alias": "mc", "Startup Cost": 0.27, "Total Cost": 4.29, "Plan Rows": 2, "Plan Width": 12, "Recheck Cond": "(movie_id = mi.movie_id)", "Plans": [{"Node Type": "Bitmap Index Scan", "Parent Relationship": "Outer", "Index Name": "movie_id_movie_companies", "Startup Cost": 0.0, "Total Cost": 0.27, "Plan Rows": 2, "Plan Width": 0, "Index Cond": "(movie_id = mi.movie_id)"}]}]}, {"Node Type": "Bitmap Heap Scan", "Parent Relationship": "Inner", "Relation Name": "company_name", "Alias": "cn", "Startup Cost": 0.26, "Total Cost": 4.27, "Plan Rows": 1, "Plan Width": 4, "Recheck Cond": "(id = mc.company_id)", "Filter": "((country_code)::text = '[us]'::text)", "Plans": [{"Node Type": "Bitmap Index Scan", "Parent Relationship": "Outer", "Index Name": "company_name_pkey", "Startup Cost": 0.0, "Total Cost": 0.26, "Plan Rows": 1, "Plan Width": 0, "Index Cond": "(id = mc.company_id)"}]}]}, {"Node Type": "Bitmap Heap Scan", "Parent Relationship": "Inner", "Relation Name": "company_type", "Alias": "ct", "Startup Cost": 0.26, "Total Cost": 4.28, "Plan Rows": 1, "Plan Width": 4, "Recheck Cond": "(id = mc.company_type_id)", "Filter": "((kind IS NOT NULL) AND (((kind)::text = 'production companies'::text) OR ((kind)::text = 'distributors'::text)))", "Plans": [{"Node Type": "Bitmap Index Scan", "Parent Relationship": "Outer", "Index Name": "company_type_pkey", "Startup Cost": 0.0, "Total Cost": 0.26, "Plan Rows": 1, "Plan Width": 0, "Index Cond": "(id = mc.company_type_id)"}]}]}, {"Node Type": "Bitmap Heap Scan", "Parent Relationship": "Inner", "Relation Name": "info_type", "Alias": "it2", "Startup Cost": 0.26, "Total Cost": 4.27, "Plan Rows": 1, "Plan Width": 4, "Recheck Cond": "(id = mi_idx.info_type_id)", "Filter": "((info)::text = 'bottom 10 rank'::text)", "Plans": [{"Node Type": "Bitmap Index Scan", "Parent Relationship": "Outer", "Index Name": "info_type_pkey", "Startup Cost": 0.0, "Total Cost": 0.26, "Plan Rows": 1, "Plan Width": 0, "Index Cond": "(id = mi_idx.info_type_id)"}]}]}]}, "Unique SQL Id": 1682224415}, "explain_analyze_plan": null}, "(1, 72)": {"explain_plan": {"Plan": {"Node Type": "Aggregate", "Strategy": "Plain", "Startup Cost": 81837.23, "Total Cost": 81837.24, "Plan Rows": 1, "Plan Width": 123, "Plans": [{"Node Type": "Nested Loop", "Parent Relationship": "Outer", "Join Type": "Inner", "Startup Cost": 0.0, "Total Cost": 81837.21, "Plan Rows": 4, "Plan Width": 59, "Inner Unique": true, "Plans": [{"Node Type": "Nested Loop", "Parent Relationship": "Outer", "Join Type": "Inner", "Startup Cost": 0.0, "Total Cost": 81836.06, "Plan Rows": 4, "Plan Width": 63, "Inner Unique": true, "Plans": [{"Node Type": "Nested Loop", "Parent Relationship": "Outer", "Join Type": "Inner", "Startup Cost": 0.0, "Total Cost": 81834.63, "Plan Rows": 5, "Plan Width": 67, "Inner Unique": true, "Plans": [{"Node Type": "Nested Loop", "Parent Relationship": "Outer", "Join Type": "Inner", "Startup Cost": 0.0, "Total Cost": 81517.66, "Plan Rows": 1122, "Plan Width": 71, "Inner Unique": false, "Join Filter": "(t.id = mi.movie_id)", "Plans": [{"Node Type": "Nested Loop", "Parent Relationship": "Outer", "Join Type": "Inner", "Startup Cost": 0.0, "Total Cost": 81365.0, "Plan Rows": 210, "Plan Width": 37, "Inner Unique": false, "Join Filter": "(t.id = mc.movie_id)", "Plans": [{"Node Type": "Nested Loop", "Parent Relationship": "Outer", "Join Type": "Inner", "Startup Cost": 0.0, "Total Cost": 81244.23, "Plan Rows": 311, "Plan Width": 25, "Inner Unique": true, "Plans": [{"Node Type": "Nested Loop", "Parent Relationship": "Outer", "Join Type": "Inner", "Startup Cost": 0.0, "Total Cost": 81132.36, "Plan Rows": 396, "Plan Width": 29, "Inner Unique": false, "Plans": [{"Node Type": "Seq Scan", "Parent Relationship": "Outer", "Relation Name": "title", "Alias": "t", "Startup Cost": 0.0, "Total Cost": 79031.44, "Plan Rows": 258, "Plan Width": 21, "Filter": "((production_year > 2000) AND (((title)::text ~~ 'Birdemic%'::text) OR ((title)::text ~~ '%Movie%'::text)))"}, {"Node Type": "Index Scan", "Parent Relationship": "Inner", "Scan Direction": "Forward", "Index Name": "movie_id_movie_info_idx", "Relation Name": "movie_info_idx", "Alias": "mi_idx", "Startup Cost": 0.0, "Total Cost": 8.12, "Plan Rows": 2, "Plan Width": 8, "Index Cond": "(movie_id = t.id)"}]}, {"Node Type": "Index Scan", "Parent Relationship": "Inner", "Scan Direction": "Forward", "Index Name": "info_type_pkey", "Relation Name": "info_type", "Alias": "it2", "Startup Cost": 0.0, "Total Cost": 0.27, "Plan Rows": 1, "Plan Width": 4, "Index Cond": "(id = mi_idx.info_type_id)", "Filter": "((info)::text = 'bottom 10 rank'::text)"}]}, {"Node Type": "Index Scan", "Parent Relationship": "Inner", "Scan Direction": "Forward", "Index Name": "movie_id_movie_companies", "Relation Name": "movie_companies", "Alias": "mc", "Startup Cost": 0.0, "Total Cost": 0.36, "Plan Rows": 2, "Plan Width": 12, "Index Cond": "(movie_id = mi_idx.movie_id)"}]}, {"Node Type": "Index Scan", "Parent Relationship": "Inner", "Scan Direction": "Forward", "Index Name": "movie_id_movie_info", "Relation Name": "movie_info", "Alias": "mi", "Startup Cost": 0.0, "Total Cost": 0.66, "Plan Rows": 5, "Plan Width": 50, "Index Cond": "(movie_id = mc.movie_id)"}]}, {"Node Type": "Index Scan", "Parent Relationship": "Inner", "Scan Direction": "Forward", "Index Name": "info_type_pkey", "Relation Name": "info_type", "Alias": "it1", "Startup Cost": 0.0, "Total Cost": 0.27, "Plan Rows": 1, "Plan Width": 4, "Index Cond": "(id = mi.info_type_id)", "Filter": "((info)::text = 'budget'::text)"}]}, {"Node Type": "Index Scan", "Parent Relationship": "Inner", "Scan Direction": "Forward", "Index Name": "company_name_pkey", "Relation Name": "company_name", "Alias": "cn", "Startup Cost": 0.0, "Total Cost": 0.28, "Plan Rows": 1, "Plan Width": 4, "Index Cond": "(id = mc.company_id)", "Filter": "((country_code)::text = '[us]'::text)"}]}, {"Node Type": "Index Scan", "Parent Relationship": "Inner", "Scan Direction": "Forward", "Index Name": "company_type_pkey", "Relation Name": "company_type", "Alias": "ct", "Startup Cost": 0.0, "Total Cost": 0.28, "Plan Rows": 1, "Plan Width": 4, "Index Cond": "(id = mc.company_type_id)", "Filter": "((kind IS NOT NULL) AND (((kind)::text = 'production companies'::text) OR ((kind)::text = 'distributors'::text)))"}]}]}, "Unique SQL Id": 1682224415}, "explain_analyze_plan": {"Plan": {"Node Type": "Aggregate", "Strategy": "Plain", "Startup Cost": 81837.23, "Total Cost": 81837.24, "Plan Rows": 1, "Plan Width": 123, "Actual Startup Time": 1352.051, "Actual Total Time": 1352.052, "Actual Rows": 1, "Actual Loops": 1, "Plans": [{"Node Type": "Nested Loop", "Parent Relationship": "Outer", "Join Type": "Inner", "Startup Cost": 0.0, "Total Cost": 81837.21, "Plan Rows": 4, "Plan Width": 59, "Actual Startup Time": 940.615, "Actual Total Time": 1352.01, "Actual Rows": 5, "Actual Loops": 1, "Inner Unique": true, "Plans": [{"Node Type": "Nested Loop", "Parent Relationship": "Outer", "Join Type": "Inner", "Startup Cost": 0.0, "Total Cost": 81836.06, "Plan Rows": 4, "Plan Width": 63, "Actual Startup Time": 940.008, "Actual Total Time": 1351.971, "Actual Rows": 10, "Actual Loops": 1, "Inner Unique": true, "Plans": [{"Node Type": "Nested Loop", "Parent Relationship": "Outer", "Join Type": "Inner", "Startup Cost": 0.0, "Total Cost": 81834.63, "Plan Rows": 5, "Plan Width": 67, "Actual Startup Time": 939.992, "Actual Total Time": 1351.765, "Actual Rows": 33, "Actual Loops": 1, "Inner Unique": true, "Plans": [{"Node Type": "Nested Loop", "Parent Relationship": "Outer", "Join Type": "Inner", "Startup Cost": 0.0, "Total Cost": 81517.66, "Plan Rows": 1122, "Plan Width": 71, "Actual Startup Time": 939.82, "Actual Total Time": 1340.818, "Actual Rows": 4959, "Actual Loops": 1, "Inner Unique": false, "Join Filter": "(t.id = mi.movie_id)", "Rows Removed by Join Filter": 0, "Plans": [{"Node Type": "Nested Loop", "Parent Relationship": "Outer", "Join Type": "Inner", "Startup Cost": 0.0, "Total Cost": 81365.0, "Plan Rows": 210, "Plan Width": 37, "Actual Startup Time": 939.793, "Actual Total Time": 1336.44, "Actual Rows": 33, "Actual Loops": 1, "Inner Unique": false, "Join Filter": "(t.id = mc.movie_id)", "Rows Removed by Join Filter": 0, "Plans": [{"Node Type": "Nested Loop", "Parent Relationship": "Outer", "Join Type": "Inner", "Startup Cost": 0.0, "Total Cost": 81244.23, "Plan Rows": 311, "Plan Width": 25, "Actual Startup Time": 939.753, "Actual Total Time": 1336.353, "Actual Rows": 2, "Actual Loops": 1, "Inner Unique": true, "Plans": [{"Node Type": "Nested Loop", "Parent Relationship": "Outer", "Join Type": "Inner", "Startup Cost": 0.0, "Total Cost": 81132.36, "Plan Rows": 396, "Plan Width": 29, "Actual Startup Time": 13.999, "Actual Total Time": 1329.158, "Actual Rows": 2645, "Actual Loops": 1, "Inner Unique": false, "Plans": [{"Node Type": "Seq Scan", "Parent Relationship": "Outer", "Relation Name": "title", "Alias": "t", "Startup Cost": 0.0, "Total Cost": 79031.44, "Plan Rows": 258, "Plan Width": 21, "Actual Startup Time": 0.387, "Actual Total Time": 1314.964, "Actual Rows": 2536, "Actual Loops": 1, "Filter": "((production_year > 2000) AND (((title)::text ~~ 'Birdemic%'::text) OR ((title)::text ~~ '%Movie%'::text)))", "Rows Removed by Filter": 2525775}, {"Node Type": "Index Scan", "Parent Relationship": "Inner", "Scan Direction": "Forward", "Index Name": "movie_id_movie_info_idx", "Relation Name": "movie_info_idx", "Alias": "mi_idx", "Startup Cost": 0.0, "Total Cost": 8.12, "Plan Rows": 2, "Plan Width": 8, "Actual Startup Time": 10.642, "Actual Total Time": 11.588, "Actual Rows": 2645, "Actual Loops": 2536, "Index Cond": "(movie_id = t.id)", "Rows Removed by Index Recheck": 0}]}, {"Node Type": "Index Scan", "Parent Relationship": "Inner", "Scan Direction": "Forward", "Index Name": "info_type_pkey", "Relation Name": "info_type", "Alias": "it2", "Startup Cost": 0.0, "Total Cost": 0.27, "Plan Rows": 1, "Plan Width": 4, "Actual Startup Time": 5.582, "Actual Total Time": 5.582, "Actual Rows": 2, "Actual Loops": 2645, "Index Cond": "(id = mi_idx.info_type_id)", "Rows Removed by Index Recheck": 0, "Filter": "((info)::text = 'bottom 10 rank'::text)", "Rows Removed by Filter": 2643}]}, {"Node Type": "Index Scan", "Parent Relationship": "Inner", "Scan Direction": "Forward", "Index Name": "movie_id_movie_companies", "Relation Name": "movie_companies", "Alias": "mc", "Startup Cost": 0.0, "Total Cost": 0.36, "Plan Rows": 2, "Plan Width": 12, "Actual Startup Time": 0.021, "Actual Total Time": 0.039, "Actual Rows": 33, "Actual Loops": 2, "Index Cond": "(movie_id = mi_idx.movie_id)", "Rows Removed by Index Recheck": 0}]}, {"Node Type": "Index Scan", "Parent Relationship": "Inner", "Scan Direction": "Forward", "Index Name": "movie_id_movie_info", "Relation Name": "movie_info", "Alias": "mi", "Startup Cost": 0.0, "Total Cost": 0.66, "Plan Rows": 5, "Plan Width": 50, "Actual Startup Time": 0.497, "Actual Total Time": 2.577, "Actual Rows": 4959, "Actual Loops": 33, "Index Cond": "(movie_id = mc.movie_id)", "Rows Removed by Index Recheck": 0}]}, {"Node Type": "Index Scan", "Parent Relationship": "Inner", "Scan Direction": "Forward", "Index Name": "info_type_pkey", "Relation Name": "info_type", "Alias": "it1", "Startup Cost": 0.0, "Total Cost": 0.27, "Plan Rows": 1, "Plan Width": 4, "Actual Startup Time": 8.716, "Actual Total Time": 8.716, "Actual Rows": 33, "Actual Loops": 4959, "Index Cond": "(id = mi.info_type_id)", "Rows Removed by Index Recheck": 0, "Filter": "((info)::text = 'budget'::text)", "Rows Removed by Filter": 4864}]}, {"Node Type": "Index Scan", "Parent Relationship": "Inner", "Scan Direction": "Forward", "Index Name": "company_name_pkey", "Relation Name": "company_name", "Alias": "cn", "Startup Cost": 0.0, "Total Cost": 0.28, "Plan Rows": 1, "Plan Width": 4, "Actual Startup Time": 0.18, "Actual Total Time": 0.18, "Actual Rows": 10, "Actual Loops": 33, "Index Cond": "(id = mc.company_id)", "Rows Removed by Index Recheck": 0, "Filter": "((country_code)::text = '[us]'::text)", "Rows Removed by Filter": 23}]}, {"Node Type": "Index Scan", "Parent Relationship": "Inner", "Scan Direction": "Forward", "Index Name": "company_type_pkey", "Relation Name": "company_type", "Alias": "ct", "Startup Cost": 0.0, "Total Cost": 0.28, "Plan Rows": 1, "Plan Width": 4, "Actual Startup Time": 0.024, "Actual Total Time": 0.024, "Actual Rows": 5, "Actual Loops": 10, "Index Cond": "(id = mc.company_type_id)", "Rows Removed by Index Recheck": 0, "Filter": "((kind IS NOT NULL) AND (((kind)::text = 'production companies'::text) OR ((kind)::text = 'distributors'::text)))", "Rows Removed by Filter": 0}]}]}, "Triggers": [], "Planner Runtime": 100.768, "Total Runtime": 1352.452, "Unique SQL Id": 1682224415}}, "(1, 73)": {"explain_plan": {"Plan": {"Node Type": "Aggregate", "Strategy": "Plain", "Startup Cost": 131889.68, "Total Cost": 131889.69, "Plan Rows": 1, "Plan Width": 123, "Plans": [{"Node Type": "Nested Loop", "Parent Relationship": "Outer", "Join Type": "Inner", "Startup Cost": 0.0, "Total Cost": 131889.44, "Plan Rows": 48, "Plan Width": 59, "Inner Unique": true, "Plans": [{"Node Type": "Nested Loop", "Parent Relationship": "Outer", "Join Type": "Inner", "Startup Cost": 0.0, "Total Cost": 131887.43, "Plan Rows": 7, "Plan Width": 63, "Inner Unique": true, "Plans": [{"Node Type": "Nested Loop", "Parent Relationship": "Outer", "Join Type": "Inner", "Startup Cost": 0.0, "Total Cost": 131886.01, "Plan Rows": 5, "Plan Width": 67, "Inner Unique": true, "Plans": [{"Node Type": "Nested Loop", "Parent Relationship": "Outer", "Join Type": "Inner", "Startup Cost": 0.0, "Total Cost": 131569.04, "Plan Rows": 1122, "Plan Width": 71, "Inner Unique": false, "Join Filter": "(t.id = mi.movie_id)", "Plans": [{"Node Type": "Nested Loop", "Parent Relationship": "Outer", "Join Type": "Inner", "Startup Cost": 0.0, "Total Cost": 131416.38, "Plan Rows": 210, "Plan Width": 37, "Inner Unique": false, "Join Filter": "(t.id = mc.movie_id)", "Plans": [{"Node Type": "Nested Loop", "Parent Relationship": "Outer", "Join Type": "Inner", "Startup Cost": 0.0, "Total Cost": 131295.61, "Plan Rows": 311, "Plan Width": 25, "Inner Unique": true, "Plans": [{"Node Type": "Nested Loop", "Parent Relationship": "Outer", "Join Type": "Inner", "Startup Cost": 0.0, "Total Cost": 131183.74, "Plan Rows": 396, "Plan Width": 29, "Inner Unique": false, "Plans": [{"Node Type": "Index Scan", "Parent Relationship": "Outer", "Scan Direction": "Forward", "Index Name": "title_pkey", "Relation Name": "title", "Alias": "t", "Startup Cost": 0.0, "Total Cost": 129082.82, "Plan Rows": 258, "Plan Width": 21, "Filter": "((production_year > 2000) AND (((title)::text ~~ 'Birdemic%'::text) OR ((title)::text ~~ '%Movie%'::text)))"}, {"Node Type": "Index Scan", "Parent Relationship": "Inner", "Scan Direction": "Forward", "Index Name": "movie_id_movie_info_idx", "Relation Name": "movie_info_idx", "Alias": "mi_idx", "Startup Cost": 0.0, "Total Cost": 8.12, "Plan Rows": 2, "Plan Width": 8, "Index Cond": "(movie_id = t.id)"}]}, {"Node Type": "Index Scan", "Parent Relationship": "Inner", "Scan Direction": "Forward", "Index Name": "info_type_pkey", "Relation Name": "info_type", "Alias": "it2", "Startup Cost": 0.0, "Total Cost": 0.27, "Plan Rows": 1, "Plan Width": 4, "Index Cond": "(id = mi_idx.info_type_id)", "Filter": "((info)::text = 'bottom 10 rank'::text)"}]}, {"Node Type": "Index Scan", "Parent Relationship": "Inner", "Scan Direction": "Forward", "Index Name": "movie_id_movie_companies", "Relation Name": "movie_companies", "Alias": "mc", "Startup Cost": 0.0, "Total Cost": 0.36, "Plan Rows": 2, "Plan Width": 12, "Index Cond": "(movie_id = mi_idx.movie_id)"}]}, {"Node Type": "Index Scan", "Parent Relationship": "Inner", "Scan Direction": "Forward", "Index Name": "movie_id_movie_info", "Relation Name": "movie_info", "Alias": "mi", "Startup Cost": 0.0, "Total Cost": 0.66, "Plan Rows": 5, "Plan Width": 50, "Index Cond": "(movie_id = mc.movie_id)"}]}, {"Node Type": "Index Scan", "Parent Relationship": "Inner", "Scan Direction": "Forward", "Index Name": "info_type_pkey", "Relation Name": "info_type", "Alias": "it1", "Startup Cost": 0.0, "Total Cost": 0.27, "Plan Rows": 1, "Plan Width": 4, "Index Cond": "(id = mi.info_type_id)", "Filter": "((info)::text = 'budget'::text)"}]}, {"Node Type": "Index Scan", "Parent Relationship": "Inner", "Scan Direction": "Forward", "Index Name": "company_type_pkey", "Relation Name": "company_type", "Alias": "ct", "Startup Cost": 0.0, "Total Cost": 0.28, "Plan Rows": 1, "Plan Width": 4, "Index Cond": "(id = mc.company_type_id)", "Filter": "((kind IS NOT NULL) AND (((kind)::text = 'production companies'::text) OR ((kind)::text = 'distributors'::text)))"}]}, {"Node Type": "Index Scan", "Parent Relationship": "Inner", "Scan Direction": "Forward", "Index Name": "company_name_pkey", "Relation Name": "company_name", "Alias": "cn", "Startup Cost": 0.0, "Total Cost": 0.28, "Plan Rows": 1, "Plan Width": 4, "Index Cond": "(id = mc.company_id)", "Filter": "((country_code)::text = '[us]'::text)"}]}]}, "Unique SQL Id": 1682224415}, "explain_analyze_plan": null}, "(1, 74)": {"explain_plan": {"Plan": {"Node Type": "Aggregate", "Strategy": "Plain", "Startup Cost": 500006.8, "Total Cost": 500006.81, "Plan Rows": 1, "Plan Width": 123, "Plans": [{"Node Type": "Hash Join", "Parent Relationship": "Outer", "Join Type": "Inner", "Startup Cost": 163078.8, "Total Cost": 500006.56, "Plan Rows": 48, "Plan Width": 59, "Inner Unique": true, "Hash Cond": "(mc.company_type_id = ct.id)", "Plans": [{"Node Type": "Hash Join", "Parent Relationship": "Outer", "Join Type": "Inner", "Startup Cost": 163077.73, "Total Cost": 500004.83, "Plan Rows": 48, "Plan Width": 63, "Inner Unique": true, "Hash Cond": "(mc.company_id = cn.id)", "Plans": [{"Node Type": "Hash Join", "Parent Relationship": "Outer", "Join Type": "Inner", "Startup Cost": 156109.66, "Total Cost": 493035.64, "Plan Rows": 71, "Plan Width": 67, "Inner Unique": false, "Hash Cond": "(mi.movie_id = t.id)", "Plans": [{"Node Type": "Hash Join", "Parent Relationship": "Outer", "Join Type": "Inner", "Startup Cost": 2.41, "Total Cost": 336382.21, "Plan Rows": 212428, "Plan Width": 46, "Inner Unique": true, "Hash Cond": "(mi.info_type_id = it1.id), (LLVM Optimized)", "Plans": [{"Node Type": "Seq Scan", "Parent Relationship": "Outer", "Relation Name": "movie_info", "Alias": "mi", "Startup Cost": 0.0, "Total Cost": 296987.66, "Plan Rows": 14869966, "Plan Width": 50}, {"Node Type": "Hash", "Parent Relationship": "Inner", "Startup Cost": 2.4, "Total Cost": 2.4, "Plan Rows": 1, "Plan Width": 4, "Plans": [{"Node Type": "Seq Scan", "Parent Relationship": "Outer", "Relation Name": "info_type", "Alias": "it1", "Startup Cost": 0.0, "Total Cost": 2.4, "Plan Rows": 1, "Plan Width": 4, "Filter": "((info)::text = 'budget'::text)"}]}]}, {"Node Type": "Hash", "Parent Relationship": "Inner", "Startup Cost": 156104.62, "Total Cost": 156104.62, "Plan Rows": 210, "Plan Width": 37, "Plans": [{"Node Type": "Hash Join", "Parent Relationship": "Outer", "Join Type": "Inner", "Startup Cost": 104496.54, "Total Cost": 156104.62, "Plan Rows": 210, "Plan Width": 37, "Inner Unique": false, "Hash Cond": "(mc.movie_id = t.id)", "Plans": [{"Node Type": "Seq Scan", "Parent Relationship": "Outer", "Relation Name": "movie_companies", "Alias": "mc", "Startup Cost": 0.0, "Total Cost": 41817.28, "Plan Rows": 2609128, "Plan Width": 12}, {"Node Type": "Hash", "Parent Relationship": "Inner", "Startup Cost": 104492.65, "Total Cost": 104492.65, "Plan Rows": 311, "Plan Width": 25, "Plans": [{"Node Type": "Hash Join", "Parent Relationship": "Outer", "Join Type": "Inner", "Startup Cost": 79037.08, "Total Cost": 104492.65, "Plan Rows": 311, "Plan Width": 25, "Inner Unique": true, "Hash Cond": "(mi_idx.info_type_id = it2.id)", "Plans": [{"Node Type": "Hash Join", "Parent Relationship": "Outer", "Join Type": "Inner", "Startup Cost": 79034.67, "Total Cost": 104488.1, "Plan Rows": 396, "Plan Width": 29, "Inner Unique": true, "Hash Cond": "(mi_idx.movie_id = t.id)", "Plans": [{"Node Type": "Seq Scan", "Parent Relationship": "Outer", "Relation Name": "movie_info_idx", "Alias": "mi_idx", "Startup Cost": 0.0, "Total Cost": 20274.34, "Plan Rows": 1380034, "Plan Width": 8}, {"Node Type": "Hash", "Parent Relationship": "Inner", "Startup Cost": 79031.44, "Total Cost": 79031.44, "Plan Rows": 258, "Plan Width": 21, "Plans": [{"Node Type": "Seq Scan", "Parent Relationship": "Outer", "Relation Name": "title", "Alias": "t", "Startup Cost": 0.0, "Total Cost": 79031.44, "Plan Rows": 258, "Plan Width": 21, "Filter": "((production_year > 2000) AND (((title)::text ~~ 'Birdemic%'::text) OR ((title)::text ~~ '%Movie%'::text)))"}]}]}, {"Node Type": "Hash", "Parent Relationship": "Inner", "Startup Cost": 2.4, "Total Cost": 2.4, "Plan Rows": 1, "Plan Width": 4, "Plans": [{"Node Type": "Seq Scan", "Parent Relationship": "Outer", "Relation Name": "info_type", "Alias": "it2", "Startup Cost": 0.0, "Total Cost": 2.4, "Plan Rows": 1, "Plan Width": 4, "Filter": "((info)::text = 'bottom 10 rank'::text)"}]}]}]}]}]}]}, {"Node Type": "Hash", "Parent Relationship": "Inner", "Startup Cost": 5903.45, "Total Cost": 5903.45, "Plan Rows": 85170, "Plan Width": 4, "Plans": [{"Node Type": "Seq Scan", "Parent Relationship": "Outer", "Relation Name": "company_name", "Alias": "cn", "Startup Cost": 0.0, "Total Cost": 5903.45, "Plan Rows": 85170, "Plan Width": 4, "Filter": "((country_code)::text = '[us]'::text)"}]}]}, {"Node Type": "Hash", "Parent Relationship": "Inner", "Startup Cost": 1.04, "Total Cost": 1.04, "Plan Rows": 2, "Plan Width": 4, "Plans": [{"Node Type": "Seq Scan", "Parent Relationship": "Outer", "Relation Name": "company_type", "Alias": "ct", "Startup Cost": 0.0, "Total Cost": 1.04, "Plan Rows": 2, "Plan Width": 4, "Filter": "((kind IS NOT NULL) AND (((kind)::text = 'production companies'::text) OR ((kind)::text = 'distributors'::text)))"}]}]}]}, "Unique SQL Id": 1682224415}, "explain_analyze_plan": null}, "(1, 75)": {"explain_plan": {"Plan": {"Node Type": "Aggregate", "Strategy": "Plain", "Startup Cost": 7992975234797.77, "Total Cost": 7992975234797.78, "Plan Rows": 1, "Plan Width": 123, "Plans": [{"Node Type": "Hash Join", "Parent Relationship": "Outer", "Join Type": "Inner", "Startup Cost": 4040006794292.66, "Total Cost": 7992975234797.75, "Plan Rows": 4, "Plan Width": 59, "Inner Unique": true, "Hash Cond": "(mi_idx.info_type_id = it2.id)", "Plans": [{"Node Type": "Hash Join", "Parent Relationship": "Outer", "Join Type": "Inner", "Startup Cost": 3040006792871.65, "Total Cost": 6992975233375.7, "Plan Rows": 193, "Plan Width": 63, "Inner Unique": true, "Hash Cond": "(mi.info_type_id = it1.id)", "Plans": [{"Node Type": "Hash Join", "Parent Relationship": "Outer", "Join Type": "Inner", "Startup Cost": 2040006791450.64, "Total Cost": 5992975231943.38, "Plan Rows": 3899, "Plan Width": 67, "Inner Unique": true, "Hash Cond": "(mc.company_type_id = ct.id)", "Plans": [{"Node Type": "Hash Join", "Parent Relationship": "Outer", "Join Type": "Inner", "Startup Cost": 1040006790219.61, "Total Cost": 4992975230695.4, "Plan Rows": 1233, "Plan Width": 71, "Inner Unique": true, "Hash Cond": "(mc.company_id = cn.id)", "Plans": [{"Node Type": "Merge Join", "Parent Relationship": "Outer", "Join Type": "Inner", "Startup Cost": 40005739016.02, "Total Cost": 3992974179474.28, "Plan Rows": 2023, "Plan Width": 75, "Inner Unique": false, "Merge Cond": "(t.id = mi.movie_id)", "Plans": [{"Node Type": "Merge Join", "Parent Relationship": "Outer", "Join Type": "Inner", "Startup Cost": 30005739016.02, "Total Cost": 2996397545086.11, "Plan Rows": 841, "Plan Width": 41, "Inner Unique": false, "Merge Cond": "(t.id = mi_idx.movie_id)", "Plans": [{"Node Type": "Merge Join", "Parent Relationship": "Outer", "Join Type": "Inner", "Startup Cost": 20000000000.0, "Total Cost": 2000025966759.29, "Plan Rows": 545, "Plan Width": 33, "Inner Unique": true, "Merge Cond": "(mc.movie_id = t.id)", "Plans": [{"Node Type": "Index Scan", "Parent Relationship": "Outer", "Scan Direction": "Forward", "Index Name": "movie_id_movie_companies", "Relation Name": "movie_companies", "Alias": "mc", "Startup Cost": 10000000000.0, "Total Cost": 1000013051946.13, "Plan Rows": 2609128, "Plan Width": 12}, {"Node Type": "Materialize", "Parent Relationship": "Inner", "Startup Cost": 10000000000.0, "Total Cost": 1000012908282.81, "Plan Rows": 258, "Plan Width": 21, "Plans": [{"Node Type": "Index Scan", "Parent Relationship": "Outer", "Scan Direction": "Forward", "Index Name": "title_pkey", "Relation Name": "title", "Alias": "t", "Startup Cost": 10000000000.0, "Total Cost": 1000012908282.16, "Plan Rows": 258, "Plan Width": 21, "Filter": "((production_year > 2000) AND (((title)::text ~~ 'Birdemic%'::text) OR ((title)::text ~~ '%Movie%'::text)))"}]}]}, {"Node Type": "Index Scan", "Parent Relationship": "Inner", "Scan Direction": "Forward", "Index Name": "movie_id_movie_info_idx", "Relation Name": "movie_info_idx", "Alias": "mi_idx", "Startup Cost": 10000000000.0, "Total Cost": 1000004650035.37, "Plan Rows": 1380034, "Plan Width": 8}]}, {"Node Type": "Index Scan", "Parent Relationship": "Inner", "Scan Direction": "Forward", "Index Name": "movie_id_movie_info", "Relation Name": "movie_info", "Alias": "mi", "Startup Cost": 10000000000.0, "Total Cost": 1000103816912.22, "Plan Rows": 14869966, "Plan Width": 50}]}, {"Node Type": "Hash", "Parent Relationship": "Inner", "Startup Cost": 1000001050138.97, "Total Cost": 1000001050138.97, "Plan Rows": 85170, "Plan Width": 4, "Plans": [{"Node Type": "Index Scan", "Parent Relationship": "Outer", "Scan Direction": "Forward", "Index Name": "company_name_pkey", "Relation Name": "company_name", "Alias": "cn", "Startup Cost": 10000000000.0, "Total Cost": 1000001050138.97, "Plan Rows": 85170, "Plan Width": 4, "Filter": "((country_code)::text = '[us]'::text)"}]}]}, {"Node Type": "Hash", "Parent Relationship": "Inner", "Startup Cost": 1000000001231.0, "Total Cost": 1000000001231.0, "Plan Rows": 2, "Plan Width": 4, "Plans": [{"Node Type": "Index Scan", "Parent Relationship": "Outer", "Scan Direction": "Forward", "Index Name": "company_type_pkey", "Relation Name": "company_type", "Alias": "ct", "Startup Cost": 10000000000.0, "Total Cost": 1000000001231.0, "Plan Rows": 2, "Plan Width": 4, "Filter": "((kind IS NOT NULL) AND (((kind)::text = 'production companies'::text) OR ((kind)::text = 'distributors'::text)))"}]}]}, {"Node Type": "Hash", "Parent Relationship": "Inner", "Startup Cost": 1000000001421.0, "Total Cost": 1000000001421.0, "Plan Rows": 1, "Plan Width": 4, "Plans": [{"Node Type": "Index Scan", "Parent Relationship": "Outer", "Scan Direction": "Forward", "Index Name": "info_type_pkey", "Relation Name": "info_type", "Alias": "it1", "Startup Cost": 10000000000.0, "Total Cost": 1000000001421.0, "Plan Rows": 1, "Plan Width": 4, "Filter": "((info)::text = 'budget'::text)"}]}]}, {"Node Type": "Hash", "Parent Relationship": "Inner", "Startup Cost": 1000000001421.0, "Total Cost": 1000000001421.0, "Plan Rows": 1, "Plan Width": 4, "Plans": [{"Node Type": "Index Scan", "Parent Relationship": "Outer", "Scan Direction": "Forward", "Index Name": "info_type_pkey", "Relation Name": "info_type", "Alias": "it2", "Startup Cost": 10000000000.0, "Total Cost": 1000000001421.0, "Plan Rows": 1, "Plan Width": 4, "Filter": "((info)::text = 'bottom 10 rank'::text)"}]}]}]}, "Unique SQL Id": 1682224415}, "explain_analyze_plan": null}, "(1, 76)": {"explain_plan": {"Plan": {"Node Type": "Aggregate", "Strategy": "Plain", "Startup Cost": 81837.23, "Total Cost": 81837.24, "Plan Rows": 1, "Plan Width": 123, "Plans": [{"Node Type": "Nested Loop", "Parent Relationship": "Outer", "Join Type": "Inner", "Startup Cost": 0.0, "Total Cost": 81837.21, "Plan Rows": 4, "Plan Width": 59, "Inner Unique": true, "Plans": [{"Node Type": "Nested Loop", "Parent Relationship": "Outer", "Join Type": "Inner", "Startup Cost": 0.0, "Total Cost": 81836.06, "Plan Rows": 4, "Plan Width": 63, "Inner Unique": true, "Plans": [{"Node Type": "Nested Loop", "Parent Relationship": "Outer", "Join Type": "Inner", "Startup Cost": 0.0, "Total Cost": 81834.63, "Plan Rows": 5, "Plan Width": 67, "Inner Unique": true, "Plans": [{"Node Type": "Nested Loop", "Parent Relationship": "Outer", "Join Type": "Inner", "Startup Cost": 0.0, "Total Cost": 81517.66, "Plan Rows": 1122, "Plan Width": 71, "Inner Unique": false, "Join Filter": "(t.id = mi.movie_id)", "Plans": [{"Node Type": "Nested Loop", "Parent Relationship": "Outer", "Join Type": "Inner", "Startup Cost": 0.0, "Total Cost": 81365.0, "Plan Rows": 210, "Plan Width": 37, "Inner Unique": false, "Join Filter": "(t.id = mc.movie_id)", "Plans": [{"Node Type": "Nested Loop", "Parent Relationship": "Outer", "Join Type": "Inner", "Startup Cost": 0.0, "Total Cost": 81244.23, "Plan Rows": 311, "Plan Width": 25, "Inner Unique": true, "Plans": [{"Node Type": "Nested Loop", "Parent Relationship": "Outer", "Join Type": "Inner", "Startup Cost": 0.0, "Total Cost": 81132.36, "Plan Rows": 396, "Plan Width": 29, "Inner Unique": false, "Plans": [{"Node Type": "Seq Scan", "Parent Relationship": "Outer", "Relation Name": "title", "Alias": "t", "Startup Cost": 0.0, "Total Cost": 79031.44, "Plan Rows": 258, "Plan Width": 21, "Filter": "((production_year > 2000) AND (((title)::text ~~ 'Birdemic%'::text) OR ((title)::text ~~ '%Movie%'::text)))"}, {"Node Type": "Index Scan", "Parent Relationship": "Inner", "Scan Direction": "Forward", "Index Name": "movie_id_movie_info_idx", "Relation Name": "movie_info_idx", "Alias": "mi_idx", "Startup Cost": 0.0, "Total Cost": 8.12, "Plan Rows": 2, "Plan Width": 8, "Index Cond": "(movie_id = t.id)"}]}, {"Node Type": "Index Scan", "Parent Relationship": "Inner", "Scan Direction": "Forward", "Index Name": "info_type_pkey", "Relation Name": "info_type", "Alias": "it2", "Startup Cost": 0.0, "Total Cost": 0.27, "Plan Rows": 1, "Plan Width": 4, "Index Cond": "(id = mi_idx.info_type_id)", "Filter": "((info)::text = 'bottom 10 rank'::text)"}]}, {"Node Type": "Index Scan", "Parent Relationship": "Inner", "Scan Direction": "Forward", "Index Name": "movie_id_movie_companies", "Relation Name": "movie_companies", "Alias": "mc", "Startup Cost": 0.0, "Total Cost": 0.36, "Plan Rows": 2, "Plan Width": 12, "Index Cond": "(movie_id = mi_idx.movie_id)"}]}, {"Node Type": "Index Scan", "Parent Relationship": "Inner", "Scan Direction": "Forward", "Index Name": "movie_id_movie_info", "Relation Name": "movie_info", "Alias": "mi", "Startup Cost": 0.0, "Total Cost": 0.66, "Plan Rows": 5, "Plan Width": 50, "Index Cond": "(movie_id = mc.movie_id)"}]}, {"Node Type": "Index Scan", "Parent Relationship": "Inner", "Scan Direction": "Forward", "Index Name": "info_type_pkey", "Relation Name": "info_type", "Alias": "it1", "Startup Cost": 0.0, "Total Cost": 0.27, "Plan Rows": 1, "Plan Width": 4, "Index Cond": "(id = mi.info_type_id)", "Filter": "((info)::text = 'budget'::text)"}]}, {"Node Type": "Index Scan", "Parent Relationship": "Inner", "Scan Direction": "Forward", "Index Name": "company_name_pkey", "Relation Name": "company_name", "Alias": "cn", "Startup Cost": 0.0, "Total Cost": 0.28, "Plan Rows": 1, "Plan Width": 4, "Index Cond": "(id = mc.company_id)", "Filter": "((country_code)::text = '[us]'::text)"}]}, {"Node Type": "Index Scan", "Parent Relationship": "Inner", "Scan Direction": "Forward", "Index Name": "company_type_pkey", "Relation Name": "company_type", "Alias": "ct", "Startup Cost": 0.0, "Total Cost": 0.28, "Plan Rows": 1, "Plan Width": 4, "Index Cond": "(id = mc.company_type_id)", "Filter": "((kind IS NOT NULL) AND (((kind)::text = 'production companies'::text) OR ((kind)::text = 'distributors'::text)))"}]}]}, "Unique SQL Id": 1682224415}, "explain_analyze_plan": {"Plan": {"Node Type": "Aggregate", "Strategy": "Plain", "Startup Cost": 81837.23, "Total Cost": 81837.24, "Plan Rows": 1, "Plan Width": 123, "Actual Startup Time": 1352.051, "Actual Total Time": 1352.052, "Actual Rows": 1, "Actual Loops": 1, "Plans": [{"Node Type": "Nested Loop", "Parent Relationship": "Outer", "Join Type": "Inner", "Startup Cost": 0.0, "Total Cost": 81837.21, "Plan Rows": 4, "Plan Width": 59, "Actual Startup Time": 940.615, "Actual Total Time": 1352.01, "Actual Rows": 5, "Actual Loops": 1, "Inner Unique": true, "Plans": [{"Node Type": "Nested Loop", "Parent Relationship": "Outer", "Join Type": "Inner", "Startup Cost": 0.0, "Total Cost": 81836.06, "Plan Rows": 4, "Plan Width": 63, "Actual Startup Time": 940.008, "Actual Total Time": 1351.971, "Actual Rows": 10, "Actual Loops": 1, "Inner Unique": true, "Plans": [{"Node Type": "Nested Loop", "Parent Relationship": "Outer", "Join Type": "Inner", "Startup Cost": 0.0, "Total Cost": 81834.63, "Plan Rows": 5, "Plan Width": 67, "Actual Startup Time": 939.992, "Actual Total Time": 1351.765, "Actual Rows": 33, "Actual Loops": 1, "Inner Unique": true, "Plans": [{"Node Type": "Nested Loop", "Parent Relationship": "Outer", "Join Type": "Inner", "Startup Cost": 0.0, "Total Cost": 81517.66, "Plan Rows": 1122, "Plan Width": 71, "Actual Startup Time": 939.82, "Actual Total Time": 1340.818, "Actual Rows": 4959, "Actual Loops": 1, "Inner Unique": false, "Join Filter": "(t.id = mi.movie_id)", "Rows Removed by Join Filter": 0, "Plans": [{"Node Type": "Nested Loop", "Parent Relationship": "Outer", "Join Type": "Inner", "Startup Cost": 0.0, "Total Cost": 81365.0, "Plan Rows": 210, "Plan Width": 37, "Actual Startup Time": 939.793, "Actual Total Time": 1336.44, "Actual Rows": 33, "Actual Loops": 1, "Inner Unique": false, "Join Filter": "(t.id = mc.movie_id)", "Rows Removed by Join Filter": 0, "Plans": [{"Node Type": "Nested Loop", "Parent Relationship": "Outer", "Join Type": "Inner", "Startup Cost": 0.0, "Total Cost": 81244.23, "Plan Rows": 311, "Plan Width": 25, "Actual Startup Time": 939.753, "Actual Total Time": 1336.353, "Actual Rows": 2, "Actual Loops": 1, "Inner Unique": true, "Plans": [{"Node Type": "Nested Loop", "Parent Relationship": "Outer", "Join Type": "Inner", "Startup Cost": 0.0, "Total Cost": 81132.36, "Plan Rows": 396, "Plan Width": 29, "Actual Startup Time": 13.999, "Actual Total Time": 1329.158, "Actual Rows": 2645, "Actual Loops": 1, "Inner Unique": false, "Plans": [{"Node Type": "Seq Scan", "Parent Relationship": "Outer", "Relation Name": "title", "Alias": "t", "Startup Cost": 0.0, "Total Cost": 79031.44, "Plan Rows": 258, "Plan Width": 21, "Actual Startup Time": 0.387, "Actual Total Time": 1314.964, "Actual Rows": 2536, "Actual Loops": 1, "Filter": "((production_year > 2000) AND (((title)::text ~~ 'Birdemic%'::text) OR ((title)::text ~~ '%Movie%'::text)))", "Rows Removed by Filter": 2525775}, {"Node Type": "Index Scan", "Parent Relationship": "Inner", "Scan Direction": "Forward", "Index Name": "movie_id_movie_info_idx", "Relation Name": "movie_info_idx", "Alias": "mi_idx", "Startup Cost": 0.0, "Total Cost": 8.12, "Plan Rows": 2, "Plan Width": 8, "Actual Startup Time": 10.642, "Actual Total Time": 11.588, "Actual Rows": 2645, "Actual Loops": 2536, "Index Cond": "(movie_id = t.id)", "Rows Removed by Index Recheck": 0}]}, {"Node Type": "Index Scan", "Parent Relationship": "Inner", "Scan Direction": "Forward", "Index Name": "info_type_pkey", "Relation Name": "info_type", "Alias": "it2", "Startup Cost": 0.0, "Total Cost": 0.27, "Plan Rows": 1, "Plan Width": 4, "Actual Startup Time": 5.582, "Actual Total Time": 5.582, "Actual Rows": 2, "Actual Loops": 2645, "Index Cond": "(id = mi_idx.info_type_id)", "Rows Removed by Index Recheck": 0, "Filter": "((info)::text = 'bottom 10 rank'::text)", "Rows Removed by Filter": 2643}]}, {"Node Type": "Index Scan", "Parent Relationship": "Inner", "Scan Direction": "Forward", "Index Name": "movie_id_movie_companies", "Relation Name": "movie_companies", "Alias": "mc", "Startup Cost": 0.0, "Total Cost": 0.36, "Plan Rows": 2, "Plan Width": 12, "Actual Startup Time": 0.021, "Actual Total Time": 0.039, "Actual Rows": 33, "Actual Loops": 2, "Index Cond": "(movie_id = mi_idx.movie_id)", "Rows Removed by Index Recheck": 0}]}, {"Node Type": "Index Scan", "Parent Relationship": "Inner", "Scan Direction": "Forward", "Index Name": "movie_id_movie_info", "Relation Name": "movie_info", "Alias": "mi", "Startup Cost": 0.0, "Total Cost": 0.66, "Plan Rows": 5, "Plan Width": 50, "Actual Startup Time": 0.497, "Actual Total Time": 2.577, "Actual Rows": 4959, "Actual Loops": 33, "Index Cond": "(movie_id = mc.movie_id)", "Rows Removed by Index Recheck": 0}]}, {"Node Type": "Index Scan", "Parent Relationship": "Inner", "Scan Direction": "Forward", "Index Name": "info_type_pkey", "Relation Name": "info_type", "Alias": "it1", "Startup Cost": 0.0, "Total Cost": 0.27, "Plan Rows": 1, "Plan Width": 4, "Actual Startup Time": 8.716, "Actual Total Time": 8.716, "Actual Rows": 33, "Actual Loops": 4959, "Index Cond": "(id = mi.info_type_id)", "Rows Removed by Index Recheck": 0, "Filter": "((info)::text = 'budget'::text)", "Rows Removed by Filter": 4864}]}, {"Node Type": "Index Scan", "Parent Relationship": "Inner", "Scan Direction": "Forward", "Index Name": "company_name_pkey", "Relation Name": "company_name", "Alias": "cn", "Startup Cost": 0.0, "Total Cost": 0.28, "Plan Rows": 1, "Plan Width": 4, "Actual Startup Time": 0.18, "Actual Total Time": 0.18, "Actual Rows": 10, "Actual Loops": 33, "Index Cond": "(id = mc.company_id)", "Rows Removed by Index Recheck": 0, "Filter": "((country_code)::text = '[us]'::text)", "Rows Removed by Filter": 23}]}, {"Node Type": "Index Scan", "Parent Relationship": "Inner", "Scan Direction": "Forward", "Index Name": "company_type_pkey", "Relation Name": "company_type", "Alias": "ct", "Startup Cost": 0.0, "Total Cost": 0.28, "Plan Rows": 1, "Plan Width": 4, "Actual Startup Time": 0.024, "Actual Total Time": 0.024, "Actual Rows": 5, "Actual Loops": 10, "Index Cond": "(id = mc.company_type_id)", "Rows Removed by Index Recheck": 0, "Filter": "((kind IS NOT NULL) AND (((kind)::text = 'production companies'::text) OR ((kind)::text = 'distributors'::text)))", "Rows Removed by Filter": 0}]}]}, "Triggers": [], "Planner Runtime": 100.768, "Total Runtime": 1352.452, "Unique SQL Id": 1682224415}}, "(1, 77)": {"explain_plan": {"Plan": {"Node Type": "Aggregate", "Strategy": "Plain", "Startup Cost": 131889.68, "Total Cost": 131889.69, "Plan Rows": 1, "Plan Width": 123, "Plans": [{"Node Type": "Nested Loop", "Parent Relationship": "Outer", "Join Type": "Inner", "Startup Cost": 0.0, "Total Cost": 131889.44, "Plan Rows": 48, "Plan Width": 59, "Inner Unique": true, "Plans": [{"Node Type": "Nested Loop", "Parent Relationship": "Outer", "Join Type": "Inner", "Startup Cost": 0.0, "Total Cost": 131887.43, "Plan Rows": 7, "Plan Width": 63, "Inner Unique": true, "Plans": [{"Node Type": "Nested Loop", "Parent Relationship": "Outer", "Join Type": "Inner", "Startup Cost": 0.0, "Total Cost": 131886.01, "Plan Rows": 5, "Plan Width": 67, "Inner Unique": true, "Plans": [{"Node Type": "Nested Loop", "Parent Relationship": "Outer", "Join Type": "Inner", "Startup Cost": 0.0, "Total Cost": 131569.04, "Plan Rows": 1122, "Plan Width": 71, "Inner Unique": false, "Join Filter": "(t.id = mi.movie_id)", "Plans": [{"Node Type": "Nested Loop", "Parent Relationship": "Outer", "Join Type": "Inner", "Startup Cost": 0.0, "Total Cost": 131416.38, "Plan Rows": 210, "Plan Width": 37, "Inner Unique": false, "Join Filter": "(t.id = mc.movie_id)", "Plans": [{"Node Type": "Nested Loop", "Parent Relationship": "Outer", "Join Type": "Inner", "Startup Cost": 0.0, "Total Cost": 131295.61, "Plan Rows": 311, "Plan Width": 25, "Inner Unique": true, "Plans": [{"Node Type": "Nested Loop", "Parent Relationship": "Outer", "Join Type": "Inner", "Startup Cost": 0.0, "Total Cost": 131183.74, "Plan Rows": 396, "Plan Width": 29, "Inner Unique": false, "Plans": [{"Node Type": "Index Scan", "Parent Relationship": "Outer", "Scan Direction": "Forward", "Index Name": "title_pkey", "Relation Name": "title", "Alias": "t", "Startup Cost": 0.0, "Total Cost": 129082.82, "Plan Rows": 258, "Plan Width": 21, "Filter": "((production_year > 2000) AND (((title)::text ~~ 'Birdemic%'::text) OR ((title)::text ~~ '%Movie%'::text)))"}, {"Node Type": "Index Scan", "Parent Relationship": "Inner", "Scan Direction": "Forward", "Index Name": "movie_id_movie_info_idx", "Relation Name": "movie_info_idx", "Alias": "mi_idx", "Startup Cost": 0.0, "Total Cost": 8.12, "Plan Rows": 2, "Plan Width": 8, "Index Cond": "(movie_id = t.id)"}]}, {"Node Type": "Index Scan", "Parent Relationship": "Inner", "Scan Direction": "Forward", "Index Name": "info_type_pkey", "Relation Name": "info_type", "Alias": "it2", "Startup Cost": 0.0, "Total Cost": 0.27, "Plan Rows": 1, "Plan Width": 4, "Index Cond": "(id = mi_idx.info_type_id)", "Filter": "((info)::text = 'bottom 10 rank'::text)"}]}, {"Node Type": "Index Scan", "Parent Relationship": "Inner", "Scan Direction": "Forward", "Index Name": "movie_id_movie_companies", "Relation Name": "movie_companies", "Alias": "mc", "Startup Cost": 0.0, "Total Cost": 0.36, "Plan Rows": 2, "Plan Width": 12, "Index Cond": "(movie_id = mi_idx.movie_id)"}]}, {"Node Type": "Index Scan", "Parent Relationship": "Inner", "Scan Direction": "Forward", "Index Name": "movie_id_movie_info", "Relation Name": "movie_info", "Alias": "mi", "Startup Cost": 0.0, "Total Cost": 0.66, "Plan Rows": 5, "Plan Width": 50, "Index Cond": "(movie_id = mc.movie_id)"}]}, {"Node Type": "Index Scan", "Parent Relationship": "Inner", "Scan Direction": "Forward", "Index Name": "info_type_pkey", "Relation Name": "info_type", "Alias": "it1", "Startup Cost": 0.0, "Total Cost": 0.27, "Plan Rows": 1, "Plan Width": 4, "Index Cond": "(id = mi.info_type_id)", "Filter": "((info)::text = 'budget'::text)"}]}, {"Node Type": "Index Scan", "Parent Relationship": "Inner", "Scan Direction": "Forward", "Index Name": "company_type_pkey", "Relation Name": "company_type", "Alias": "ct", "Startup Cost": 0.0, "Total Cost": 0.28, "Plan Rows": 1, "Plan Width": 4, "Index Cond": "(id = mc.company_type_id)", "Filter": "((kind IS NOT NULL) AND (((kind)::text = 'production companies'::text) OR ((kind)::text = 'distributors'::text)))"}]}, {"Node Type": "Index Scan", "Parent Relationship": "Inner", "Scan Direction": "Forward", "Index Name": "company_name_pkey", "Relation Name": "company_name", "Alias": "cn", "Startup Cost": 0.0, "Total Cost": 0.28, "Plan Rows": 1, "Plan Width": 4, "Index Cond": "(id = mc.company_id)", "Filter": "((country_code)::text = '[us]'::text)"}]}]}, "Unique SQL Id": 1682224415}, "explain_analyze_plan": null}, "(1, 78)": {"explain_plan": {"Plan": {"Node Type": "Aggregate", "Strategy": "Plain", "Startup Cost": 500006.8, "Total Cost": 500006.81, "Plan Rows": 1, "Plan Width": 123, "Plans": [{"Node Type": "Hash Join", "Parent Relationship": "Outer", "Join Type": "Inner", "Startup Cost": 163078.8, "Total Cost": 500006.56, "Plan Rows": 48, "Plan Width": 59, "Inner Unique": true, "Hash Cond": "(mc.company_type_id = ct.id)", "Plans": [{"Node Type": "Hash Join", "Parent Relationship": "Outer", "Join Type": "Inner", "Startup Cost": 163077.73, "Total Cost": 500004.83, "Plan Rows": 48, "Plan Width": 63, "Inner Unique": true, "Hash Cond": "(mc.company_id = cn.id)", "Plans": [{"Node Type": "Hash Join", "Parent Relationship": "Outer", "Join Type": "Inner", "Startup Cost": 156109.66, "Total Cost": 493035.64, "Plan Rows": 71, "Plan Width": 67, "Inner Unique": false, "Hash Cond": "(mi.movie_id = t.id)", "Plans": [{"Node Type": "Hash Join", "Parent Relationship": "Outer", "Join Type": "Inner", "Startup Cost": 2.41, "Total Cost": 336382.21, "Plan Rows": 212428, "Plan Width": 46, "Inner Unique": true, "Hash Cond": "(mi.info_type_id = it1.id), (LLVM Optimized)", "Plans": [{"Node Type": "Seq Scan", "Parent Relationship": "Outer", "Relation Name": "movie_info", "Alias": "mi", "Startup Cost": 0.0, "Total Cost": 296987.66, "Plan Rows": 14869966, "Plan Width": 50}, {"Node Type": "Hash", "Parent Relationship": "Inner", "Startup Cost": 2.4, "Total Cost": 2.4, "Plan Rows": 1, "Plan Width": 4, "Plans": [{"Node Type": "Seq Scan", "Parent Relationship": "Outer", "Relation Name": "info_type", "Alias": "it1", "Startup Cost": 0.0, "Total Cost": 2.4, "Plan Rows": 1, "Plan Width": 4, "Filter": "((info)::text = 'budget'::text)"}]}]}, {"Node Type": "Hash", "Parent Relationship": "Inner", "Startup Cost": 156104.62, "Total Cost": 156104.62, "Plan Rows": 210, "Plan Width": 37, "Plans": [{"Node Type": "Hash Join", "Parent Relationship": "Outer", "Join Type": "Inner", "Startup Cost": 104496.54, "Total Cost": 156104.62, "Plan Rows": 210, "Plan Width": 37, "Inner Unique": false, "Hash Cond": "(mc.movie_id = t.id)", "Plans": [{"Node Type": "Seq Scan", "Parent Relationship": "Outer", "Relation Name": "movie_companies", "Alias": "mc", "Startup Cost": 0.0, "Total Cost": 41817.28, "Plan Rows": 2609128, "Plan Width": 12}, {"Node Type": "Hash", "Parent Relationship": "Inner", "Startup Cost": 104492.65, "Total Cost": 104492.65, "Plan Rows": 311, "Plan Width": 25, "Plans": [{"Node Type": "Hash Join", "Parent Relationship": "Outer", "Join Type": "Inner", "Startup Cost": 79037.08, "Total Cost": 104492.65, "Plan Rows": 311, "Plan Width": 25, "Inner Unique": true, "Hash Cond": "(mi_idx.info_type_id = it2.id)", "Plans": [{"Node Type": "Hash Join", "Parent Relationship": "Outer", "Join Type": "Inner", "Startup Cost": 79034.67, "Total Cost": 104488.1, "Plan Rows": 396, "Plan Width": 29, "Inner Unique": true, "Hash Cond": "(mi_idx.movie_id = t.id)", "Plans": [{"Node Type": "Seq Scan", "Parent Relationship": "Outer", "Relation Name": "movie_info_idx", "Alias": "mi_idx", "Startup Cost": 0.0, "Total Cost": 20274.34, "Plan Rows": 1380034, "Plan Width": 8}, {"Node Type": "Hash", "Parent Relationship": "Inner", "Startup Cost": 79031.44, "Total Cost": 79031.44, "Plan Rows": 258, "Plan Width": 21, "Plans": [{"Node Type": "Seq Scan", "Parent Relationship": "Outer", "Relation Name": "title", "Alias": "t", "Startup Cost": 0.0, "Total Cost": 79031.44, "Plan Rows": 258, "Plan Width": 21, "Filter": "((production_year > 2000) AND (((title)::text ~~ 'Birdemic%'::text) OR ((title)::text ~~ '%Movie%'::text)))"}]}]}, {"Node Type": "Hash", "Parent Relationship": "Inner", "Startup Cost": 2.4, "Total Cost": 2.4, "Plan Rows": 1, "Plan Width": 4, "Plans": [{"Node Type": "Seq Scan", "Parent Relationship": "Outer", "Relation Name": "info_type", "Alias": "it2", "Startup Cost": 0.0, "Total Cost": 2.4, "Plan Rows": 1, "Plan Width": 4, "Filter": "((info)::text = 'bottom 10 rank'::text)"}]}]}]}]}]}]}, {"Node Type": "Hash", "Parent Relationship": "Inner", "Startup Cost": 5903.45, "Total Cost": 5903.45, "Plan Rows": 85170, "Plan Width": 4, "Plans": [{"Node Type": "Seq Scan", "Parent Relationship": "Outer", "Relation Name": "company_name", "Alias": "cn", "Startup Cost": 0.0, "Total Cost": 5903.45, "Plan Rows": 85170, "Plan Width": 4, "Filter": "((country_code)::text = '[us]'::text)"}]}]}, {"Node Type": "Hash", "Parent Relationship": "Inner", "Startup Cost": 1.04, "Total Cost": 1.04, "Plan Rows": 2, "Plan Width": 4, "Plans": [{"Node Type": "Seq Scan", "Parent Relationship": "Outer", "Relation Name": "company_type", "Alias": "ct", "Startup Cost": 0.0, "Total Cost": 1.04, "Plan Rows": 2, "Plan Width": 4, "Filter": "((kind IS NOT NULL) AND (((kind)::text = 'production companies'::text) OR ((kind)::text = 'distributors'::text)))"}]}]}]}, "Unique SQL Id": 1682224415}, "explain_analyze_plan": null}, "(1, 79)": {"explain_plan": {"Plan": {"Node Type": "Aggregate", "Strategy": "Plain", "Startup Cost": 7992975234797.77, "Total Cost": 7992975234797.78, "Plan Rows": 1, "Plan Width": 123, "Plans": [{"Node Type": "Hash Join", "Parent Relationship": "Outer", "Join Type": "Inner", "Startup Cost": 4040006794292.66, "Total Cost": 7992975234797.75, "Plan Rows": 4, "Plan Width": 59, "Inner Unique": true, "Hash Cond": "(mi_idx.info_type_id = it2.id)", "Plans": [{"Node Type": "Hash Join", "Parent Relationship": "Outer", "Join Type": "Inner", "Startup Cost": 3040006792871.65, "Total Cost": 6992975233375.7, "Plan Rows": 193, "Plan Width": 63, "Inner Unique": true, "Hash Cond": "(mi.info_type_id = it1.id)", "Plans": [{"Node Type": "Hash Join", "Parent Relationship": "Outer", "Join Type": "Inner", "Startup Cost": 2040006791450.64, "Total Cost": 5992975231943.38, "Plan Rows": 3899, "Plan Width": 67, "Inner Unique": true, "Hash Cond": "(mc.company_type_id = ct.id)", "Plans": [{"Node Type": "Hash Join", "Parent Relationship": "Outer", "Join Type": "Inner", "Startup Cost": 1040006790219.61, "Total Cost": 4992975230695.4, "Plan Rows": 1233, "Plan Width": 71, "Inner Unique": true, "Hash Cond": "(mc.company_id = cn.id)", "Plans": [{"Node Type": "Merge Join", "Parent Relationship": "Outer", "Join Type": "Inner", "Startup Cost": 40005739016.02, "Total Cost": 3992974179474.28, "Plan Rows": 2023, "Plan Width": 75, "Inner Unique": false, "Merge Cond": "(t.id = mi.movie_id)", "Plans": [{"Node Type": "Merge Join", "Parent Relationship": "Outer", "Join Type": "Inner", "Startup Cost": 30005739016.02, "Total Cost": 2996397545086.11, "Plan Rows": 841, "Plan Width": 41, "Inner Unique": false, "Merge Cond": "(t.id = mi_idx.movie_id)", "Plans": [{"Node Type": "Merge Join", "Parent Relationship": "Outer", "Join Type": "Inner", "Startup Cost": 20000000000.0, "Total Cost": 2000025966759.29, "Plan Rows": 545, "Plan Width": 33, "Inner Unique": true, "Merge Cond": "(mc.movie_id = t.id)", "Plans": [{"Node Type": "Index Scan", "Parent Relationship": "Outer", "Scan Direction": "Forward", "Index Name": "movie_id_movie_companies", "Relation Name": "movie_companies", "Alias": "mc", "Startup Cost": 10000000000.0, "Total Cost": 1000013051946.13, "Plan Rows": 2609128, "Plan Width": 12}, {"Node Type": "Materialize", "Parent Relationship": "Inner", "Startup Cost": 10000000000.0, "Total Cost": 1000012908282.81, "Plan Rows": 258, "Plan Width": 21, "Plans": [{"Node Type": "Index Scan", "Parent Relationship": "Outer", "Scan Direction": "Forward", "Index Name": "title_pkey", "Relation Name": "title", "Alias": "t", "Startup Cost": 10000000000.0, "Total Cost": 1000012908282.16, "Plan Rows": 258, "Plan Width": 21, "Filter": "((production_year > 2000) AND (((title)::text ~~ 'Birdemic%'::text) OR ((title)::text ~~ '%Movie%'::text)))"}]}]}, {"Node Type": "Index Scan", "Parent Relationship": "Inner", "Scan Direction": "Forward", "Index Name": "movie_id_movie_info_idx", "Relation Name": "movie_info_idx", "Alias": "mi_idx", "Startup Cost": 10000000000.0, "Total Cost": 1000004650035.37, "Plan Rows": 1380034, "Plan Width": 8}]}, {"Node Type": "Index Scan", "Parent Relationship": "Inner", "Scan Direction": "Forward", "Index Name": "movie_id_movie_info", "Relation Name": "movie_info", "Alias": "mi", "Startup Cost": 10000000000.0, "Total Cost": 1000103816912.22, "Plan Rows": 14869966, "Plan Width": 50}]}, {"Node Type": "Hash", "Parent Relationship": "Inner", "Startup Cost": 1000001050138.97, "Total Cost": 1000001050138.97, "Plan Rows": 85170, "Plan Width": 4, "Plans": [{"Node Type": "Index Scan", "Parent Relationship": "Outer", "Scan Direction": "Forward", "Index Name": "company_name_pkey", "Relation Name": "company_name", "Alias": "cn", "Startup Cost": 10000000000.0, "Total Cost": 1000001050138.97, "Plan Rows": 85170, "Plan Width": 4, "Filter": "((country_code)::text = '[us]'::text)"}]}]}, {"Node Type": "Hash", "Parent Relationship": "Inner", "Startup Cost": 1000000001231.0, "Total Cost": 1000000001231.0, "Plan Rows": 2, "Plan Width": 4, "Plans": [{"Node Type": "Index Scan", "Parent Relationship": "Outer", "Scan Direction": "Forward", "Index Name": "company_type_pkey", "Relation Name": "company_type", "Alias": "ct", "Startup Cost": 10000000000.0, "Total Cost": 1000000001231.0, "Plan Rows": 2, "Plan Width": 4, "Filter": "((kind IS NOT NULL) AND (((kind)::text = 'production companies'::text) OR ((kind)::text = 'distributors'::text)))"}]}]}, {"Node Type": "Hash", "Parent Relationship": "Inner", "Startup Cost": 1000000001421.0, "Total Cost": 1000000001421.0, "Plan Rows": 1, "Plan Width": 4, "Plans": [{"Node Type": "Index Scan", "Parent Relationship": "Outer", "Scan Direction": "Forward", "Index Name": "info_type_pkey", "Relation Name": "info_type", "Alias": "it1", "Startup Cost": 10000000000.0, "Total Cost": 1000000001421.0, "Plan Rows": 1, "Plan Width": 4, "Filter": "((info)::text = 'budget'::text)"}]}]}, {"Node Type": "Hash", "Parent Relationship": "Inner", "Startup Cost": 1000000001421.0, "Total Cost": 1000000001421.0, "Plan Rows": 1, "Plan Width": 4, "Plans": [{"Node Type": "Index Scan", "Parent Relationship": "Outer", "Scan Direction": "Forward", "Index Name": "info_type_pkey", "Relation Name": "info_type", "Alias": "it2", "Startup Cost": 10000000000.0, "Total Cost": 1000000001421.0, "Plan Rows": 1, "Plan Width": 4, "Filter": "((info)::text = 'bottom 10 rank'::text)"}]}]}]}, "Unique SQL Id": 1682224415}, "explain_analyze_plan": null}, "(1, 80)": {"explain_plan": {"Plan": {"Node Type": "Aggregate", "Strategy": "Plain", "Startup Cost": 81837.23, "Total Cost": 81837.24, "Plan Rows": 1, "Plan Width": 123, "Plans": [{"Node Type": "Nested Loop", "Parent Relationship": "Outer", "Join Type": "Inner", "Startup Cost": 0.0, "Total Cost": 81837.21, "Plan Rows": 4, "Plan Width": 59, "Inner Unique": true, "Plans": [{"Node Type": "Nested Loop", "Parent Relationship": "Outer", "Join Type": "Inner", "Startup Cost": 0.0, "Total Cost": 81836.06, "Plan Rows": 4, "Plan Width": 63, "Inner Unique": true, "Plans": [{"Node Type": "Nested Loop", "Parent Relationship": "Outer", "Join Type": "Inner", "Startup Cost": 0.0, "Total Cost": 81834.63, "Plan Rows": 5, "Plan Width": 67, "Inner Unique": true, "Plans": [{"Node Type": "Nested Loop", "Parent Relationship": "Outer", "Join Type": "Inner", "Startup Cost": 0.0, "Total Cost": 81517.66, "Plan Rows": 1122, "Plan Width": 71, "Inner Unique": false, "Join Filter": "(t.id = mi.movie_id)", "Plans": [{"Node Type": "Nested Loop", "Parent Relationship": "Outer", "Join Type": "Inner", "Startup Cost": 0.0, "Total Cost": 81365.0, "Plan Rows": 210, "Plan Width": 37, "Inner Unique": false, "Join Filter": "(t.id = mc.movie_id)", "Plans": [{"Node Type": "Nested Loop", "Parent Relationship": "Outer", "Join Type": "Inner", "Startup Cost": 0.0, "Total Cost": 81244.23, "Plan Rows": 311, "Plan Width": 25, "Inner Unique": true, "Plans": [{"Node Type": "Nested Loop", "Parent Relationship": "Outer", "Join Type": "Inner", "Startup Cost": 0.0, "Total Cost": 81132.36, "Plan Rows": 396, "Plan Width": 29, "Inner Unique": false, "Plans": [{"Node Type": "Seq Scan", "Parent Relationship": "Outer", "Relation Name": "title", "Alias": "t", "Startup Cost": 0.0, "Total Cost": 79031.44, "Plan Rows": 258, "Plan Width": 21, "Filter": "((production_year > 2000) AND (((title)::text ~~ 'Birdemic%'::text) OR ((title)::text ~~ '%Movie%'::text)))"}, {"Node Type": "Index Scan", "Parent Relationship": "Inner", "Scan Direction": "Forward", "Index Name": "movie_id_movie_info_idx", "Relation Name": "movie_info_idx", "Alias": "mi_idx", "Startup Cost": 0.0, "Total Cost": 8.12, "Plan Rows": 2, "Plan Width": 8, "Index Cond": "(movie_id = t.id)"}]}, {"Node Type": "Index Scan", "Parent Relationship": "Inner", "Scan Direction": "Forward", "Index Name": "info_type_pkey", "Relation Name": "info_type", "Alias": "it2", "Startup Cost": 0.0, "Total Cost": 0.27, "Plan Rows": 1, "Plan Width": 4, "Index Cond": "(id = mi_idx.info_type_id)", "Filter": "((info)::text = 'bottom 10 rank'::text)"}]}, {"Node Type": "Index Scan", "Parent Relationship": "Inner", "Scan Direction": "Forward", "Index Name": "movie_id_movie_companies", "Relation Name": "movie_companies", "Alias": "mc", "Startup Cost": 0.0, "Total Cost": 0.36, "Plan Rows": 2, "Plan Width": 12, "Index Cond": "(movie_id = mi_idx.movie_id)"}]}, {"Node Type": "Index Scan", "Parent Relationship": "Inner", "Scan Direction": "Forward", "Index Name": "movie_id_movie_info", "Relation Name": "movie_info", "Alias": "mi", "Startup Cost": 0.0, "Total Cost": 0.66, "Plan Rows": 5, "Plan Width": 50, "Index Cond": "(movie_id = mc.movie_id)"}]}, {"Node Type": "Index Scan", "Parent Relationship": "Inner", "Scan Direction": "Forward", "Index Name": "info_type_pkey", "Relation Name": "info_type", "Alias": "it1", "Startup Cost": 0.0, "Total Cost": 0.27, "Plan Rows": 1, "Plan Width": 4, "Index Cond": "(id = mi.info_type_id)", "Filter": "((info)::text = 'budget'::text)"}]}, {"Node Type": "Index Scan", "Parent Relationship": "Inner", "Scan Direction": "Forward", "Index Name": "company_name_pkey", "Relation Name": "company_name", "Alias": "cn", "Startup Cost": 0.0, "Total Cost": 0.28, "Plan Rows": 1, "Plan Width": 4, "Index Cond": "(id = mc.company_id)", "Filter": "((country_code)::text = '[us]'::text)"}]}, {"Node Type": "Index Scan", "Parent Relationship": "Inner", "Scan Direction": "Forward", "Index Name": "company_type_pkey", "Relation Name": "company_type", "Alias": "ct", "Startup Cost": 0.0, "Total Cost": 0.28, "Plan Rows": 1, "Plan Width": 4, "Index Cond": "(id = mc.company_type_id)", "Filter": "((kind IS NOT NULL) AND (((kind)::text = 'production companies'::text) OR ((kind)::text = 'distributors'::text)))"}]}]}, "Unique SQL Id": 1682224415}, "explain_analyze_plan": {"Plan": {"Node Type": "Aggregate", "Strategy": "Plain", "Startup Cost": 81837.23, "Total Cost": 81837.24, "Plan Rows": 1, "Plan Width": 123, "Actual Startup Time": 1352.051, "Actual Total Time": 1352.052, "Actual Rows": 1, "Actual Loops": 1, "Plans": [{"Node Type": "Nested Loop", "Parent Relationship": "Outer", "Join Type": "Inner", "Startup Cost": 0.0, "Total Cost": 81837.21, "Plan Rows": 4, "Plan Width": 59, "Actual Startup Time": 940.615, "Actual Total Time": 1352.01, "Actual Rows": 5, "Actual Loops": 1, "Inner Unique": true, "Plans": [{"Node Type": "Nested Loop", "Parent Relationship": "Outer", "Join Type": "Inner", "Startup Cost": 0.0, "Total Cost": 81836.06, "Plan Rows": 4, "Plan Width": 63, "Actual Startup Time": 940.008, "Actual Total Time": 1351.971, "Actual Rows": 10, "Actual Loops": 1, "Inner Unique": true, "Plans": [{"Node Type": "Nested Loop", "Parent Relationship": "Outer", "Join Type": "Inner", "Startup Cost": 0.0, "Total Cost": 81834.63, "Plan Rows": 5, "Plan Width": 67, "Actual Startup Time": 939.992, "Actual Total Time": 1351.765, "Actual Rows": 33, "Actual Loops": 1, "Inner Unique": true, "Plans": [{"Node Type": "Nested Loop", "Parent Relationship": "Outer", "Join Type": "Inner", "Startup Cost": 0.0, "Total Cost": 81517.66, "Plan Rows": 1122, "Plan Width": 71, "Actual Startup Time": 939.82, "Actual Total Time": 1340.818, "Actual Rows": 4959, "Actual Loops": 1, "Inner Unique": false, "Join Filter": "(t.id = mi.movie_id)", "Rows Removed by Join Filter": 0, "Plans": [{"Node Type": "Nested Loop", "Parent Relationship": "Outer", "Join Type": "Inner", "Startup Cost": 0.0, "Total Cost": 81365.0, "Plan Rows": 210, "Plan Width": 37, "Actual Startup Time": 939.793, "Actual Total Time": 1336.44, "Actual Rows": 33, "Actual Loops": 1, "Inner Unique": false, "Join Filter": "(t.id = mc.movie_id)", "Rows Removed by Join Filter": 0, "Plans": [{"Node Type": "Nested Loop", "Parent Relationship": "Outer", "Join Type": "Inner", "Startup Cost": 0.0, "Total Cost": 81244.23, "Plan Rows": 311, "Plan Width": 25, "Actual Startup Time": 939.753, "Actual Total Time": 1336.353, "Actual Rows": 2, "Actual Loops": 1, "Inner Unique": true, "Plans": [{"Node Type": "Nested Loop", "Parent Relationship": "Outer", "Join Type": "Inner", "Startup Cost": 0.0, "Total Cost": 81132.36, "Plan Rows": 396, "Plan Width": 29, "Actual Startup Time": 13.999, "Actual Total Time": 1329.158, "Actual Rows": 2645, "Actual Loops": 1, "Inner Unique": false, "Plans": [{"Node Type": "Seq Scan", "Parent Relationship": "Outer", "Relation Name": "title", "Alias": "t", "Startup Cost": 0.0, "Total Cost": 79031.44, "Plan Rows": 258, "Plan Width": 21, "Actual Startup Time": 0.387, "Actual Total Time": 1314.964, "Actual Rows": 2536, "Actual Loops": 1, "Filter": "((production_year > 2000) AND (((title)::text ~~ 'Birdemic%'::text) OR ((title)::text ~~ '%Movie%'::text)))", "Rows Removed by Filter": 2525775}, {"Node Type": "Index Scan", "Parent Relationship": "Inner", "Scan Direction": "Forward", "Index Name": "movie_id_movie_info_idx", "Relation Name": "movie_info_idx", "Alias": "mi_idx", "Startup Cost": 0.0, "Total Cost": 8.12, "Plan Rows": 2, "Plan Width": 8, "Actual Startup Time": 10.642, "Actual Total Time": 11.588, "Actual Rows": 2645, "Actual Loops": 2536, "Index Cond": "(movie_id = t.id)", "Rows Removed by Index Recheck": 0}]}, {"Node Type": "Index Scan", "Parent Relationship": "Inner", "Scan Direction": "Forward", "Index Name": "info_type_pkey", "Relation Name": "info_type", "Alias": "it2", "Startup Cost": 0.0, "Total Cost": 0.27, "Plan Rows": 1, "Plan Width": 4, "Actual Startup Time": 5.582, "Actual Total Time": 5.582, "Actual Rows": 2, "Actual Loops": 2645, "Index Cond": "(id = mi_idx.info_type_id)", "Rows Removed by Index Recheck": 0, "Filter": "((info)::text = 'bottom 10 rank'::text)", "Rows Removed by Filter": 2643}]}, {"Node Type": "Index Scan", "Parent Relationship": "Inner", "Scan Direction": "Forward", "Index Name": "movie_id_movie_companies", "Relation Name": "movie_companies", "Alias": "mc", "Startup Cost": 0.0, "Total Cost": 0.36, "Plan Rows": 2, "Plan Width": 12, "Actual Startup Time": 0.021, "Actual Total Time": 0.039, "Actual Rows": 33, "Actual Loops": 2, "Index Cond": "(movie_id = mi_idx.movie_id)", "Rows Removed by Index Recheck": 0}]}, {"Node Type": "Index Scan", "Parent Relationship": "Inner", "Scan Direction": "Forward", "Index Name": "movie_id_movie_info", "Relation Name": "movie_info", "Alias": "mi", "Startup Cost": 0.0, "Total Cost": 0.66, "Plan Rows": 5, "Plan Width": 50, "Actual Startup Time": 0.497, "Actual Total Time": 2.577, "Actual Rows": 4959, "Actual Loops": 33, "Index Cond": "(movie_id = mc.movie_id)", "Rows Removed by Index Recheck": 0}]}, {"Node Type": "Index Scan", "Parent Relationship": "Inner", "Scan Direction": "Forward", "Index Name": "info_type_pkey", "Relation Name": "info_type", "Alias": "it1", "Startup Cost": 0.0, "Total Cost": 0.27, "Plan Rows": 1, "Plan Width": 4, "Actual Startup Time": 8.716, "Actual Total Time": 8.716, "Actual Rows": 33, "Actual Loops": 4959, "Index Cond": "(id = mi.info_type_id)", "Rows Removed by Index Recheck": 0, "Filter": "((info)::text = 'budget'::text)", "Rows Removed by Filter": 4864}]}, {"Node Type": "Index Scan", "Parent Relationship": "Inner", "Scan Direction": "Forward", "Index Name": "company_name_pkey", "Relation Name": "company_name", "Alias": "cn", "Startup Cost": 0.0, "Total Cost": 0.28, "Plan Rows": 1, "Plan Width": 4, "Actual Startup Time": 0.18, "Actual Total Time": 0.18, "Actual Rows": 10, "Actual Loops": 33, "Index Cond": "(id = mc.company_id)", "Rows Removed by Index Recheck": 0, "Filter": "((country_code)::text = '[us]'::text)", "Rows Removed by Filter": 23}]}, {"Node Type": "Index Scan", "Parent Relationship": "Inner", "Scan Direction": "Forward", "Index Name": "company_type_pkey", "Relation Name": "company_type", "Alias": "ct", "Startup Cost": 0.0, "Total Cost": 0.28, "Plan Rows": 1, "Plan Width": 4, "Actual Startup Time": 0.024, "Actual Total Time": 0.024, "Actual Rows": 5, "Actual Loops": 10, "Index Cond": "(id = mc.company_type_id)", "Rows Removed by Index Recheck": 0, "Filter": "((kind IS NOT NULL) AND (((kind)::text = 'production companies'::text) OR ((kind)::text = 'distributors'::text)))", "Rows Removed by Filter": 0}]}]}, "Triggers": [], "Planner Runtime": 100.768, "Total Runtime": 1352.452, "Unique SQL Id": 1682224415}}, "(1, 81)": {"explain_plan": {"Plan": {"Node Type": "Aggregate", "Strategy": "Plain", "Startup Cost": 131888.6, "Total Cost": 131888.61, "Plan Rows": 1, "Plan Width": 123, "Plans": [{"Node Type": "Nested Loop", "Parent Relationship": "Outer", "Join Type": "Inner", "Startup Cost": 0.0, "Total Cost": 131888.58, "Plan Rows": 4, "Plan Width": 59, "Inner Unique": true, "Plans": [{"Node Type": "Nested Loop", "Parent Relationship": "Outer", "Join Type": "Inner", "Startup Cost": 0.0, "Total Cost": 131887.44, "Plan Rows": 4, "Plan Width": 63, "Inner Unique": true, "Plans": [{"Node Type": "Nested Loop", "Parent Relationship": "Outer", "Join Type": "Inner", "Startup Cost": 0.0, "Total Cost": 131886.01, "Plan Rows": 5, "Plan Width": 67, "Inner Unique": true, "Plans": [{"Node Type": "Nested Loop", "Parent Relationship": "Outer", "Join Type": "Inner", "Startup Cost": 0.0, "Total Cost": 131569.04, "Plan Rows": 1122, "Plan Width": 71, "Inner Unique": false, "Join Filter": "(t.id = mi.movie_id)", "Plans": [{"Node Type": "Nested Loop", "Parent Relationship": "Outer", "Join Type": "Inner", "Startup Cost": 0.0, "Total Cost": 131416.38, "Plan Rows": 210, "Plan Width": 37, "Inner Unique": false, "Join Filter": "(t.id = mc.movie_id)", "Plans": [{"Node Type": "Nested Loop", "Parent Relationship": "Outer", "Join Type": "Inner", "Startup Cost": 0.0, "Total Cost": 131295.61, "Plan Rows": 311, "Plan Width": 25, "Inner Unique": true, "Plans": [{"Node Type": "Nested Loop", "Parent Relationship": "Outer", "Join Type": "Inner", "Startup Cost": 0.0, "Total Cost": 131183.74, "Plan Rows": 396, "Plan Width": 29, "Inner Unique": false, "Plans": [{"Node Type": "Index Scan", "Parent Relationship": "Outer", "Scan Direction": "Forward", "Index Name": "title_pkey", "Relation Name": "title", "Alias": "t", "Startup Cost": 0.0, "Total Cost": 129082.82, "Plan Rows": 258, "Plan Width": 21, "Filter": "((production_year > 2000) AND (((title)::text ~~ 'Birdemic%'::text) OR ((title)::text ~~ '%Movie%'::text)))"}, {"Node Type": "Index Scan", "Parent Relationship": "Inner", "Scan Direction": "Forward", "Index Name": "movie_id_movie_info_idx", "Relation Name": "movie_info_idx", "Alias": "mi_idx", "Startup Cost": 0.0, "Total Cost": 8.12, "Plan Rows": 2, "Plan Width": 8, "Index Cond": "(movie_id = t.id)"}]}, {"Node Type": "Index Scan", "Parent Relationship": "Inner", "Scan Direction": "Forward", "Index Name": "info_type_pkey", "Relation Name": "info_type", "Alias": "it2", "Startup Cost": 0.0, "Total Cost": 0.27, "Plan Rows": 1, "Plan Width": 4, "Index Cond": "(id = mi_idx.info_type_id)", "Filter": "((info)::text = 'bottom 10 rank'::text)"}]}, {"Node Type": "Index Scan", "Parent Relationship": "Inner", "Scan Direction": "Forward", "Index Name": "movie_id_movie_companies", "Relation Name": "movie_companies", "Alias": "mc", "Startup Cost": 0.0, "Total Cost": 0.36, "Plan Rows": 2, "Plan Width": 12, "Index Cond": "(movie_id = mi_idx.movie_id)"}]}, {"Node Type": "Index Scan", "Parent Relationship": "Inner", "Scan Direction": "Forward", "Index Name": "movie_id_movie_info", "Relation Name": "movie_info", "Alias": "mi", "Startup Cost": 0.0, "Total Cost": 0.66, "Plan Rows": 5, "Plan Width": 50, "Index Cond": "(movie_id = mc.movie_id)"}]}, {"Node Type": "Index Scan", "Parent Relationship": "Inner", "Scan Direction": "Forward", "Index Name": "info_type_pkey", "Relation Name": "info_type", "Alias": "it1", "Startup Cost": 0.0, "Total Cost": 0.27, "Plan Rows": 1, "Plan Width": 4, "Index Cond": "(id = mi.info_type_id)", "Filter": "((info)::text = 'budget'::text)"}]}, {"Node Type": "Index Scan", "Parent Relationship": "Inner", "Scan Direction": "Forward", "Index Name": "company_name_pkey", "Relation Name": "company_name", "Alias": "cn", "Startup Cost": 0.0, "Total Cost": 0.28, "Plan Rows": 1, "Plan Width": 4, "Index Cond": "(id = mc.company_id)", "Filter": "((country_code)::text = '[us]'::text)"}]}, {"Node Type": "Index Scan", "Parent Relationship": "Inner", "Scan Direction": "Forward", "Index Name": "company_type_pkey", "Relation Name": "company_type", "Alias": "ct", "Startup Cost": 0.0, "Total Cost": 0.28, "Plan Rows": 1, "Plan Width": 4, "Index Cond": "(id = mc.company_type_id)", "Filter": "((kind IS NOT NULL) AND (((kind)::text = 'production companies'::text) OR ((kind)::text = 'distributors'::text)))"}]}]}, "Unique SQL Id": 1682224415}, "explain_analyze_plan": null}, "(1, 82)": {"explain_plan": {"Plan": {"Node Type": "Aggregate", "Strategy": "Plain", "Startup Cost": 83808.77, "Total Cost": 83808.78, "Plan Rows": 1, "Plan Width": 123, "Plans": [{"Node Type": "Nested Loop", "Parent Relationship": "Outer", "Join Type": "Inner", "Startup Cost": 83739.82, "Total Cost": 83808.75, "Plan Rows": 4, "Plan Width": 59, "Inner Unique": true, "Plans": [{"Node Type": "Merge Join", "Parent Relationship": "Outer", "Join Type": "Inner", "Startup Cost": 83739.56, "Total Cost": 83740.21, "Plan Rows": 16, "Plan Width": 63, "Inner Unique": false, "Merge Cond": "(ct.id = mc.company_type_id)", "Plans": [{"Node Type": "Sort", "Parent Relationship": "Outer", "Startup Cost": 1.05, "Total Cost": 1.06, "Plan Rows": 2, "Plan Width": 4, "Sort Key": ["ct.id"], "Plans": [{"Node Type": "Seq Scan", "Parent Relationship": "Outer", "Relation Name": "company_type", "Alias": "ct", "Startup Cost": 0.0, "Total Cost": 1.04, "Plan Rows": 2, "Plan Width": 4, "Filter": "((kind IS NOT NULL) AND (((kind)::text = 'production companies'::text) OR ((kind)::text = 'distributors'::text)))"}]}, {"Node Type": "Sort", "Parent Relationship": "Inner", "Startup Cost": 83738.38, "Total Cost": 83738.51, "Plan Rows": 51, "Plan Width": 67, "Sort Key": ["mc.company_type_id"], "Plans": [{"Node Type": "Nested Loop", "Parent Relationship": "Outer", "Join Type": "Inner", "Startup Cost": 83694.57, "Total Cost": 83736.94, "Plan Rows": 51, "Plan Width": 67, "Inner Unique": false, "Join Filter": "(t.id = mc.movie_id)", "Plans": [{"Node Type": "Merge Join", "Parent Relationship": "Outer", "Join Type": "Inner", "Startup Cost": 83694.3, "Total Cost": 83702.39, "Plan Rows": 8, "Plan Width": 71, "Inner Unique": false, "Merge Cond": "(it1.id = mi.info_type_id)", "Plans": [{"Node Type": "Sort", "Parent Relationship": "Outer", "Startup Cost": 2.41, "Total Cost": 2.42, "Plan Rows": 1, "Plan Width": 4, "Sort Key": ["it1.id"], "Plans": [{"Node Type": "Seq Scan", "Parent Relationship": "Outer", "Relation Name": "info_type", "Alias": "it1", "Startup Cost": 0.0, "Total Cost": 2.4, "Plan Rows": 1, "Plan Width": 4, "Filter": "((info)::text = 'budget'::text)"}]}, {"Node Type": "Sort", "Parent Relationship": "Inner", "Startup Cost": 83691.44, "Total Cost": 83695.59, "Plan Rows": 1659, "Plan Width": 75, "Sort Key": ["mi.info_type_id"], "Plans": [{"Node Type": "Nested Loop", "Parent Relationship": "Outer", "Join Type": "Inner", "Startup Cost": 82176.3, "Total Cost": 83602.72, "Plan Rows": 1659, "Plan Width": 75, "Inner Unique": false, "Join Filter": "(t.id = mi.movie_id)", "Plans": [{"Node Type": "Merge Join", "Parent Relationship": "Outer", "Join Type": "Inner", "Startup Cost": 82175.85, "Total Cost": 82178.82, "Plan Rows": 311, "Plan Width": 25, "Inner Unique": false, "Merge Cond": "(it2.id = mi_idx.info_type_id)", "Plans": [{"Node Type": "Sort", "Parent Relationship": "Outer", "Startup Cost": 2.41, "Total Cost": 2.42, "Plan Rows": 1, "Plan Width": 4, "Sort Key": ["it2.id"], "Plans": [{"Node Type": "Seq Scan", "Parent Relationship": "Outer", "Relation Name": "info_type", "Alias": "it2", "Startup Cost": 0.0, "Total Cost": 2.4, "Plan Rows": 1, "Plan Width": 4, "Filter": "((info)::text = 'bottom 10 rank'::text)"}]}, {"Node Type": "Sort", "Parent Relationship": "Inner", "Startup Cost": 82173.43, "Total Cost": 82174.42, "Plan Rows": 396, "Plan Width": 29, "Sort Key": ["mi_idx.info_type_id"], "Plans": [{"Node Type": "Nested Loop", "Parent Relationship": "Outer", "Join Type": "Inner", "Startup Cost": 4.17, "Total Cost": 82156.34, "Plan Rows": 396, "Plan Width": 29, "Inner Unique": false, "Plans": [{"Node Type": "Seq Scan", "Parent Relationship": "Outer", "Relation Name": "title", "Alias": "t", "Startup Cost": 0.0, "Total Cost": 79031.44, "Plan Rows": 258, "Plan Width": 21, "Filter": "((production_year > 2000) AND (((title)::text ~~ 'Birdemic%'::text) OR ((title)::text ~~ '%Movie%'::text)))"}, {"Node Type": "Bitmap Heap Scan", "Parent Relationship": "Inner", "Relation Name": "movie_info_idx", "Alias": "mi_idx", "Startup Cost": 4.17, "Total Cost": 12.09, "Plan Rows": 2, "Plan Width": 8, "Recheck Cond": "(movie_id = t.id)", "Plans": [{"Node Type": "Bitmap Index Scan", "Parent Relationship": "Outer", "Index Name": "movie_id_movie_info_idx", "Startup Cost": 0.0, "Total Cost": 4.17, "Plan Rows": 2, "Plan Width": 0, "Index Cond": "(movie_id = t.id)"}]}]}]}]}, {"Node Type": "Bitmap Heap Scan", "Parent Relationship": "Inner", "Relation Name": "movie_info", "Alias": "mi", "Startup Cost": 0.45, "Total Cost": 4.52, "Plan Rows": 5, "Plan Width": 50, "Recheck Cond": "(movie_id = mi_idx.movie_id)", "Plans": [{"Node Type": "Bitmap Index Scan", "Parent Relationship": "Outer", "Index Name": "movie_id_movie_info", "Startup Cost": 0.0, "Total Cost": 0.45, "Plan Rows": 5, "Plan Width": 0, "Index Cond": "(movie_id = mi_idx.movie_id)"}]}]}]}]}, {"Node Type": "Bitmap Heap Scan", "Parent Relationship": "Inner", "Relation Name": "movie_companies", "Alias": "mc", "Startup Cost": 0.27, "Total Cost": 4.29, "Plan Rows": 2, "Plan Width": 12, "Recheck Cond": "(movie_id = mi.movie_id)", "Plans": [{"Node Type": "Bitmap Index Scan", "Parent Relationship": "Outer", "Index Name": "movie_id_movie_companies", "Startup Cost": 0.0, "Total Cost": 0.27, "Plan Rows": 2, "Plan Width": 0, "Index Cond": "(movie_id = mi.movie_id)"}]}]}]}]}, {"Node Type": "Bitmap Heap Scan", "Parent Relationship": "Inner", "Relation Name": "company_name", "Alias": "cn", "Startup Cost": 0.26, "Total Cost": 4.27, "Plan Rows": 1, "Plan Width": 4, "Recheck Cond": "(id = mc.company_id)", "Filter": "((country_code)::text = '[us]'::text)", "Plans": [{"Node Type": "Bitmap Index Scan", "Parent Relationship": "Outer", "Index Name": "company_name_pkey", "Startup Cost": 0.0, "Total Cost": 0.26, "Plan Rows": 1, "Plan Width": 0, "Index Cond": "(id = mc.company_id)"}]}]}]}, "Unique SQL Id": 1682224415}, "explain_analyze_plan": {"Plan": {"Node Type": "Aggregate", "Strategy": "Plain", "Startup Cost": 83808.77, "Total Cost": 83808.78, "Plan Rows": 1, "Plan Width": 123, "Actual Startup Time": 1335.403, "Actual Total Time": 1335.404, "Actual Rows": 1, "Actual Loops": 1, "Plans": [{"Node Type": "Nested Loop", "Parent Relationship": "Outer", "Join Type": "Inner", "Startup Cost": 83739.82, "Total Cost": 83808.75, "Plan Rows": 4, "Plan Width": 59, "Actual Startup Time": 1335.329, "Actual Total Time": 1335.372, "Actual Rows": 5, "Actual Loops": 1, "Inner Unique": true, "Plans": [{"Node Type": "Merge Join", "Parent Relationship": "Outer", "Join Type": "Inner", "Startup Cost": 83739.56, "Total Cost": 83740.21, "Plan Rows": 16, "Plan Width": 63, "Actual Startup Time": 1335.305, "Actual Total Time": 1335.31, "Actual Rows": 5, "Actual Loops": 1, "Inner Unique": false, "Merge Cond": "(ct.id = mc.company_type_id)", "Plans": [{"Node Type": "Sort", "Parent Relationship": "Outer", "Startup Cost": 1.05, "Total Cost": 1.06, "Plan Rows": 2, "Plan Width": 4, "Actual Startup Time": 0.06, "Actual Total Time": 0.06, "Actual Rows": 1, "Actual Loops": 1, "Sort Key": ["ct.id"], "Sort Method": "quicksort", "Sort Space Used": 25, "Sort Space Type": "Memory", "Plans": [{"Node Type": "Seq Scan", "Parent Relationship": "Outer", "Relation Name": "company_type", "Alias": "ct", "Startup Cost": 0.0, "Total Cost": 1.04, "Plan Rows": 2, "Plan Width": 4, "Actual Startup Time": 0.035, "Actual Total Time": 0.04, "Actual Rows": 1, "Actual Loops": 1, "Filter": "((kind IS NOT NULL) AND (((kind)::text = 'production companies'::text) OR ((kind)::text = 'distributors'::text)))", "Rows Removed by Filter": 2}]}, {"Node Type": "Sort", "Parent Relationship": "Inner", "Startup Cost": 83738.38, "Total Cost": 83738.51, "Plan Rows": 51, "Plan Width": 67, "Actual Startup Time": 1335.233, "Actual Total Time": 1335.236, "Actual Rows": 33, "Actual Loops": 1, "Sort Key": ["mc.company_type_id"], "Sort Method": "quicksort", "Sort Space Used": 28, "Sort Space Type": "Memory", "Plans": [{"Node Type": "Nested Loop", "Parent Relationship": "Outer", "Join Type": "Inner", "Startup Cost": 83694.57, "Total Cost": 83736.94, "Plan Rows": 51, "Plan Width": 67, "Actual Startup Time": 1335.176, "Actual Total Time": 1335.218, "Actual Rows": 33, "Actual Loops": 1, "Inner Unique": false, "Join Filter": "(t.id = mc.movie_id)", "Rows Removed by Join Filter": 0, "Plans": [{"Node Type": "Merge Join", "Parent Relationship": "Outer", "Join Type": "Inner", "Startup Cost": 83694.3, "Total Cost": 83702.39, "Plan Rows": 8, "Plan Width": 71, "Actual Startup Time": 1335.144, "Actual Total Time": 1335.147, "Actual Rows": 2, "Actual Loops": 1, "Inner Unique": false, "Merge Cond": "(it1.id = mi.info_type_id)", "Plans": [{"Node Type": "Sort", "Parent Relationship": "Outer", "Startup Cost": 2.41, "Total Cost": 2.42, "Plan Rows": 1, "Plan Width": 4, "Actual Startup Time": 0.051, "Actual Total Time": 0.051, "Actual Rows": 1, "Actual Loops": 1, "Sort Key": ["it1.id"], "Sort Method": "quicksort", "Sort Space Used": 25, "Sort Space Type": "Memory", "Plans": [{"Node Type": "Seq Scan", "Parent Relationship": "Outer", "Relation Name": "info_type", "Alias": "it1", "Startup Cost": 0.0, "Total Cost": 2.4, "Plan Rows": 1, "Plan Width": 4, "Actual Startup Time": 0.042, "Actual Total Time": 0.045, "Actual Rows": 1, "Actual Loops": 1, "Filter": "((info)::text = 'budget'::text)", "Rows Removed by Filter": 111}]}, {"Node Type": "Sort", "Parent Relationship": "Inner", "Startup Cost": 83691.44, "Total Cost": 83695.59, "Plan Rows": 1659, "Plan Width": 75, "Actual Startup Time": 1335.044, "Actual Total Time": 1335.057, "Actual Rows": 191, "Actual Loops": 1, "Sort Key": ["mi.info_type_id"], "Sort Method": "quicksort", "Sort Space Used": 72, "Sort Space Type": "Memory", "Plans": [{"Node Type": "Nested Loop", "Parent Relationship": "Outer", "Join Type": "Inner", "Startup Cost": 82176.3, "Total Cost": 83602.72, "Plan Rows": 1659, "Plan Width": 75, "Actual Startup Time": 1334.631, "Actual Total Time": 1334.93, "Actual Rows": 221, "Actual Loops": 1, "Inner Unique": false, "Join Filter": "(t.id = mi.movie_id)", "Rows Removed by Join Filter": 0, "Plans": [{"Node Type": "Merge Join", "Parent Relationship": "Outer", "Join Type": "Inner", "Startup Cost": 82175.85, "Total Cost": 82178.82, "Plan Rows": 311, "Plan Width": 25, "Actual Startup Time": 1334.547, "Actual Total Time": 1334.596, "Actual Rows": 2, "Actual Loops": 1, "Inner Unique": false, "Merge Cond": "(it2.id = mi_idx.info_type_id)", "Plans": [{"Node Type": "Sort", "Parent Relationship": "Outer", "Startup Cost": 2.41, "Total Cost": 2.42, "Plan Rows": 1, "Plan Width": 4, "Actual Startup Time": 0.054, "Actual Total Time": 0.055, "Actual Rows": 1, "Actual Loops": 1, "Sort Key": ["it2.id"], "Sort Method": "quicksort", "Sort Space Used": 25, "Sort Space Type": "Memory", "Plans": [{"Node Type": "Seq Scan", "Parent Relationship": "Outer", "Relation Name": "info_type", "Alias": "it2", "Startup Cost": 0.0, "Total Cost": 2.4, "Plan Rows": 1, "Plan Width": 4, "Actual Startup Time": 0.04, "Actual Total Time": 0.041, "Actual Rows": 1, "Actual Loops": 1, "Filter": "((info)::text = 'bottom 10 rank'::text)", "Rows Removed by Filter": 111}]}, {"Node Type": "Sort", "Parent Relationship": "Inner", "Startup Cost": 82173.43, "Total Cost": 82174.42, "Plan Rows": 396, "Plan Width": 29, "Actual Startup Time": 1333.797, "Actual Total Time": 1334.095, "Actual Rows": 2645, "Actual Loops": 1, "Sort Key": ["mi_idx.info_type_id"], "Sort Method": "quicksort", "Sort Space Used": 414, "Sort Space Type": "Memory", "Plans": [{"Node Type": "Nested Loop", "Parent Relationship": "Outer", "Join Type": "Inner", "Startup Cost": 4.17, "Total Cost": 82156.34, "Plan Rows": 396, "Plan Width": 29, "Actual Startup Time": 14.007, "Actual Total Time": 1332.453, "Actual Rows": 2645, "Actual Loops": 1, "Inner Unique": false, "Plans": [{"Node Type": "Seq Scan", "Parent Relationship": "Outer", "Relation Name": "title", "Alias": "t", "Startup Cost": 0.0, "Total Cost": 79031.44, "Plan Rows": 258, "Plan Width": 21, "Actual Startup Time": 0.372, "Actual Total Time": 1313.491, "Actual Rows": 2536, "Actual Loops": 1, "Filter": "((production_year > 2000) AND (((title)::text ~~ 'Birdemic%'::text) OR ((title)::text ~~ '%Movie%'::text)))", "Rows Removed by Filter": 2525775}, {"Node Type": "Bitmap Heap Scan", "Parent Relationship": "Inner", "Relation Name": "movie_info_idx", "Alias": "mi_idx", "Startup Cost": 4.17, "Total Cost": 12.09, "Plan Rows": 2, "Plan Width": 8, "Actual Startup Time": 13.985, "Actual Total Time": 14.365, "Actual Rows": 2645, "Actual Loops": 2536, "Recheck Cond": "(movie_id = t.id)", "Rows Removed by Index Recheck": 0, "Exact Heap Blocks": 890, "Lossy Heap Blocks": 890, "Plans": [{"Node Type": "Bitmap Index Scan", "Parent Relationship": "Outer", "Index Name": "movie_id_movie_info_idx", "Startup Cost": 0.0, "Total Cost": 4.17, "Plan Rows": 2, "Plan Width": 0, "Actual Startup Time": 10.157, "Actual Total Time": 10.157, "Actual Rows": 2645, "Actual Loops": 2536, "Index Cond": "(movie_id = t.id)"}]}]}]}]}, {"Node Type": "Bitmap Heap Scan", "Parent Relationship": "Inner", "Relation Name": "movie_info", "Alias": "mi", "Startup Cost": 0.45, "Total Cost": 4.52, "Plan Rows": 5, "Plan Width": 50, "Actual Startup Time": 0.076, "Actual Total Time": 0.221, "Actual Rows": 221, "Actual Loops": 2, "Recheck Cond": "(movie_id = mi_idx.movie_id)", "Rows Removed by Index Recheck": 0, "Exact Heap Blocks": 40, "Lossy Heap Blocks": 40, "Plans": [{"Node Type": "Bitmap Index Scan", "Parent Relationship": "Outer", "Index Name": "movie_id_movie_info", "Startup Cost": 0.0, "Total Cost": 0.45, "Plan Rows": 5, "Plan Width": 0, "Actual Startup Time": 0.053, "Actual Total Time": 0.053, "Actual Rows": 221, "Actual Loops": 2, "Index Cond": "(movie_id = mi_idx.movie_id)"}]}]}]}]}, {"Node Type": "Bitmap Heap Scan", "Parent Relationship": "Inner", "Relation Name": "movie_companies", "Alias": "mc", "Startup Cost": 0.27, "Total Cost": 4.29, "Plan Rows": 2, "Plan Width": 12, "Actual Startup Time": 0.038, "Actual Total Time": 0.049, "Actual Rows": 33, "Actual Loops": 2, "Recheck Cond": "(movie_id = mi.movie_id)", "Rows Removed by Index Recheck": 0, "Exact Heap Blocks": 4, "Lossy Heap Blocks": 4, "Plans": [{"Node Type": "Bitmap Index Scan", "Parent Relationship": "Outer", "Index Name": "movie_id_movie_companies", "Startup Cost": 0.0, "Total Cost": 0.27, "Plan Rows": 2, "Plan Width": 0, "Actual Startup Time": 0.023, "Actual Total Time": 0.023, "Actual Rows": 33, "Actual Loops": 2, "Index Cond": "(movie_id = mi.movie_id)"}]}]}]}]}, {"Node Type": "Bitmap Heap Scan", "Parent Relationship": "Inner", "Relation Name": "company_name", "Alias": "cn", "Startup Cost": 0.26, "Total Cost": 4.27, "Plan Rows": 1, "Plan Width": 4, "Actual Startup Time": 0.052, "Actual Total Time": 0.052, "Actual Rows": 5, "Actual Loops": 5, "Recheck Cond": "(id = mc.company_id)", "Rows Removed by Index Recheck": 0, "Filter": "((country_code)::text = '[us]'::text)", "Rows Removed by Filter": 0, "Exact Heap Blocks": 5, "Lossy Heap Blocks": 5, "Plans": [{"Node Type": "Bitmap Index Scan", "Parent Relationship": "Outer", "Index Name": "company_name_pkey", "Startup Cost": 0.0, "Total Cost": 0.26, "Plan Rows": 1, "Plan Width": 0, "Actual Startup Time": 0.025, "Actual Total Time": 0.025, "Actual Rows": 5, "Actual Loops": 5, "Index Cond": "(id = mc.company_id)"}]}]}]}, "Triggers": [], "Planner Runtime": 60.582, "Total Runtime": 1335.771, "Unique SQL Id": 1682224415}}, "(1, 83)": {"explain_plan": {"Plan": {"Node Type": "Aggregate", "Strategy": "Plain", "Startup Cost": 1000012336498.63, "Total Cost": 1000012336498.64, "Plan Rows": 1, "Plan Width": 123, "Plans": [{"Node Type": "Nested Loop", "Parent Relationship": "Outer", "Join Type": "Inner", "Startup Cost": 10000000002.04, "Total Cost": 1000012336498.61, "Plan Rows": 4, "Plan Width": 59, "Inner Unique": true, "Plans": [{"Node Type": "Nested Loop", "Parent Relationship": "Outer", "Join Type": "Inner", "Startup Cost": 10000000001.78, "Total Cost": 1000012336438.65, "Plan Rows": 14, "Plan Width": 63, "Inner Unique": true, "Plans": [{"Node Type": "Nested Loop", "Parent Relationship": "Outer", "Join Type": "Inner", "Startup Cost": 10000000001.52, "Total Cost": 1000012336378.66, "Plan Rows": 14, "Plan Width": 67, "Inner Unique": true, "Plans": [{"Node Type": "Nested Loop", "Parent Relationship": "Outer", "Join Type": "Inner", "Startup Cost": 10000000001.26, "Total Cost": 1000012336100.24, "Plan Rows": 65, "Plan Width": 71, "Inner Unique": false, "Join Filter": "(t.id = mc.movie_id)", "Plans": [{"Node Type": "Nested Loop", "Parent Relationship": "Outer", "Join Type": "Inner", "Startup Cost": 10000000001.0, "Total Cost": 1000012335970.7, "Plan Rows": 30, "Plan Width": 75, "Inner Unique": true, "Plans": [{"Node Type": "Nested Loop", "Parent Relationship": "Outer", "Join Type": "Inner", "Startup Cost": 10000000000.74, "Total Cost": 1000012326904.12, "Plan Rows": 2117, "Plan Width": 79, "Inner Unique": false, "Join Filter": "(t.id = mi.movie_id)", "Plans": [{"Node Type": "Nested Loop", "Parent Relationship": "Outer", "Join Type": "Inner", "Startup Cost": 10000000000.28, "Total Cost": 1000012325091.05, "Plan Rows": 396, "Plan Width": 29, "Inner Unique": true, "Plans": [{"Node Type": "Index Scan", "Parent Relationship": "Outer", "Scan Direction": "Forward", "Index Name": "info_type_id_movie_info_idx", "Relation Name": "movie_info_idx", "Alias": "mi_idx", "Startup Cost": 10000000000.0, "Total Cost": 1000006370838.27, "Plan Rows": 1380034, "Plan Width": 8}, {"Node Type": "Bitmap Heap Scan", "Parent Relationship": "Inner", "Relation Name": "title", "Alias": "t", "Startup Cost": 0.28, "Total Cost": 4.3, "Plan Rows": 1, "Plan Width": 21, "Recheck Cond": "(id = mi_idx.movie_id)", "Filter": "((production_year > 2000) AND (((title)::text ~~ 'Birdemic%'::text) OR ((title)::text ~~ '%Movie%'::text)))", "Plans": [{"Node Type": "Bitmap Index Scan", "Parent Relationship": "Outer", "Index Name": "title_pkey", "Startup Cost": 0.0, "Total Cost": 0.28, "Plan Rows": 1, "Plan Width": 0, "Index Cond": "(id = mi_idx.movie_id)"}]}]}, {"Node Type": "Bitmap Heap Scan", "Parent Relationship": "Inner", "Relation Name": "movie_info", "Alias": "mi", "Startup Cost": 0.45, "Total Cost": 4.52, "Plan Rows": 5, "Plan Width": 50, "Recheck Cond": "(movie_id = mi_idx.movie_id)", "Plans": [{"Node Type": "Bitmap Index Scan", "Parent Relationship": "Outer", "Index Name": "movie_id_movie_info", "Startup Cost": 0.0, "Total Cost": 0.45, "Plan Rows": 5, "Plan Width": 0, "Index Cond": "(movie_id = mi_idx.movie_id)"}]}]}, {"Node Type": "Bitmap Heap Scan", "Parent Relationship": "Inner", "Relation Name": "info_type", "Alias": "it1", "Startup Cost": 0.26, "Total Cost": 4.27, "Plan Rows": 1, "Plan Width": 4, "Recheck Cond": "(id = mi.info_type_id)", "Filter": "((info)::text = 'budget'::text)", "Plans": [{"Node Type": "Bitmap Index Scan", "Parent Relationship": "Outer", "Index Name": "info_type_pkey", "Startup Cost": 0.0, "Total Cost": 0.26, "Plan Rows": 1, "Plan Width": 0, "Index Cond": "(id = mi.info_type_id)"}]}]}, {"Node Type": "Bitmap Heap Scan", "Parent Relationship": "Inner", "Relation Name": "movie_companies", "Alias": "mc", "Startup Cost": 0.27, "Total Cost": 4.29, "Plan Rows": 2, "Plan Width": 12, "Recheck Cond": "(movie_id = mi.movie_id)", "Plans": [{"Node Type": "Bitmap Index Scan", "Parent Relationship": "Outer", "Index Name": "movie_id_movie_companies", "Startup Cost": 0.0, "Total Cost": 0.27, "Plan Rows": 2, "Plan Width": 0, "Index Cond": "(movie_id = mi.movie_id)"}]}]}, {"Node Type": "Bitmap Heap Scan", "Parent Relationship": "Inner", "Relation Name": "company_name", "Alias": "cn", "Startup Cost": 0.26, "Total Cost": 4.27, "Plan Rows": 1, "Plan Width": 4, "Recheck Cond": "(id = mc.company_id)", "Filter": "((country_code)::text = '[us]'::text)", "Plans": [{"Node Type": "Bitmap Index Scan", "Parent Relationship": "Outer", "Index Name": "company_name_pkey", "Startup Cost": 0.0, "Total Cost": 0.26, "Plan Rows": 1, "Plan Width": 0, "Index Cond": "(id = mc.company_id)"}]}]}, {"Node Type": "Bitmap Heap Scan", "Parent Relationship": "Inner", "Relation Name": "company_type", "Alias": "ct", "Startup Cost": 0.26, "Total Cost": 4.28, "Plan Rows": 1, "Plan Width": 4, "Recheck Cond": "(id = mc.company_type_id)", "Filter": "((kind IS NOT NULL) AND (((kind)::text = 'production companies'::text) OR ((kind)::text = 'distributors'::text)))", "Plans": [{"Node Type": "Bitmap Index Scan", "Parent Relationship": "Outer", "Index Name": "company_type_pkey", "Startup Cost": 0.0, "Total Cost": 0.26, "Plan Rows": 1, "Plan Width": 0, "Index Cond": "(id = mc.company_type_id)"}]}]}, {"Node Type": "Bitmap Heap Scan", "Parent Relationship": "Inner", "Relation Name": "info_type", "Alias": "it2", "Startup Cost": 0.26, "Total Cost": 4.27, "Plan Rows": 1, "Plan Width": 4, "Recheck Cond": "(id = mi_idx.info_type_id)", "Filter": "((info)::text = 'bottom 10 rank'::text)", "Plans": [{"Node Type": "Bitmap Index Scan", "Parent Relationship": "Outer", "Index Name": "info_type_pkey", "Startup Cost": 0.0, "Total Cost": 0.26, "Plan Rows": 1, "Plan Width": 0, "Index Cond": "(id = mi_idx.info_type_id)"}]}]}]}, "Unique SQL Id": 1682224415}, "explain_analyze_plan": null}, "(1, 84)": {"explain_plan": {"Plan": {"Node Type": "Aggregate", "Strategy": "Plain", "Startup Cost": 81837.23, "Total Cost": 81837.24, "Plan Rows": 1, "Plan Width": 123, "Plans": [{"Node Type": "Nested Loop", "Parent Relationship": "Outer", "Join Type": "Inner", "Startup Cost": 0.0, "Total Cost": 81837.21, "Plan Rows": 4, "Plan Width": 59, "Inner Unique": true, "Plans": [{"Node Type": "Nested Loop", "Parent Relationship": "Outer", "Join Type": "Inner", "Startup Cost": 0.0, "Total Cost": 81836.06, "Plan Rows": 4, "Plan Width": 63, "Inner Unique": true, "Plans": [{"Node Type": "Nested Loop", "Parent Relationship": "Outer", "Join Type": "Inner", "Startup Cost": 0.0, "Total Cost": 81834.63, "Plan Rows": 5, "Plan Width": 67, "Inner Unique": true, "Plans": [{"Node Type": "Nested Loop", "Parent Relationship": "Outer", "Join Type": "Inner", "Startup Cost": 0.0, "Total Cost": 81517.66, "Plan Rows": 1122, "Plan Width": 71, "Inner Unique": false, "Join Filter": "(t.id = mi.movie_id)", "Plans": [{"Node Type": "Nested Loop", "Parent Relationship": "Outer", "Join Type": "Inner", "Startup Cost": 0.0, "Total Cost": 81365.0, "Plan Rows": 210, "Plan Width": 37, "Inner Unique": false, "Join Filter": "(t.id = mc.movie_id)", "Plans": [{"Node Type": "Nested Loop", "Parent Relationship": "Outer", "Join Type": "Inner", "Startup Cost": 0.0, "Total Cost": 81244.23, "Plan Rows": 311, "Plan Width": 25, "Inner Unique": true, "Plans": [{"Node Type": "Nested Loop", "Parent Relationship": "Outer", "Join Type": "Inner", "Startup Cost": 0.0, "Total Cost": 81132.36, "Plan Rows": 396, "Plan Width": 29, "Inner Unique": false, "Plans": [{"Node Type": "Seq Scan", "Parent Relationship": "Outer", "Relation Name": "title", "Alias": "t", "Startup Cost": 0.0, "Total Cost": 79031.44, "Plan Rows": 258, "Plan Width": 21, "Filter": "((production_year > 2000) AND (((title)::text ~~ 'Birdemic%'::text) OR ((title)::text ~~ '%Movie%'::text)))"}, {"Node Type": "Index Scan", "Parent Relationship": "Inner", "Scan Direction": "Forward", "Index Name": "movie_id_movie_info_idx", "Relation Name": "movie_info_idx", "Alias": "mi_idx", "Startup Cost": 0.0, "Total Cost": 8.12, "Plan Rows": 2, "Plan Width": 8, "Index Cond": "(movie_id = t.id)"}]}, {"Node Type": "Index Scan", "Parent Relationship": "Inner", "Scan Direction": "Forward", "Index Name": "info_type_pkey", "Relation Name": "info_type", "Alias": "it2", "Startup Cost": 0.0, "Total Cost": 0.27, "Plan Rows": 1, "Plan Width": 4, "Index Cond": "(id = mi_idx.info_type_id)", "Filter": "((info)::text = 'bottom 10 rank'::text)"}]}, {"Node Type": "Index Scan", "Parent Relationship": "Inner", "Scan Direction": "Forward", "Index Name": "movie_id_movie_companies", "Relation Name": "movie_companies", "Alias": "mc", "Startup Cost": 0.0, "Total Cost": 0.36, "Plan Rows": 2, "Plan Width": 12, "Index Cond": "(movie_id = mi_idx.movie_id)"}]}, {"Node Type": "Index Scan", "Parent Relationship": "Inner", "Scan Direction": "Forward", "Index Name": "movie_id_movie_info", "Relation Name": "movie_info", "Alias": "mi", "Startup Cost": 0.0, "Total Cost": 0.66, "Plan Rows": 5, "Plan Width": 50, "Index Cond": "(movie_id = mc.movie_id)"}]}, {"Node Type": "Index Scan", "Parent Relationship": "Inner", "Scan Direction": "Forward", "Index Name": "info_type_pkey", "Relation Name": "info_type", "Alias": "it1", "Startup Cost": 0.0, "Total Cost": 0.27, "Plan Rows": 1, "Plan Width": 4, "Index Cond": "(id = mi.info_type_id)", "Filter": "((info)::text = 'budget'::text)"}]}, {"Node Type": "Index Scan", "Parent Relationship": "Inner", "Scan Direction": "Forward", "Index Name": "company_name_pkey", "Relation Name": "company_name", "Alias": "cn", "Startup Cost": 0.0, "Total Cost": 0.28, "Plan Rows": 1, "Plan Width": 4, "Index Cond": "(id = mc.company_id)", "Filter": "((country_code)::text = '[us]'::text)"}]}, {"Node Type": "Index Scan", "Parent Relationship": "Inner", "Scan Direction": "Forward", "Index Name": "company_type_pkey", "Relation Name": "company_type", "Alias": "ct", "Startup Cost": 0.0, "Total Cost": 0.28, "Plan Rows": 1, "Plan Width": 4, "Index Cond": "(id = mc.company_type_id)", "Filter": "((kind IS NOT NULL) AND (((kind)::text = 'production companies'::text) OR ((kind)::text = 'distributors'::text)))"}]}]}, "Unique SQL Id": 1682224415}, "explain_analyze_plan": {"Plan": {"Node Type": "Aggregate", "Strategy": "Plain", "Startup Cost": 81837.23, "Total Cost": 81837.24, "Plan Rows": 1, "Plan Width": 123, "Actual Startup Time": 1352.051, "Actual Total Time": 1352.052, "Actual Rows": 1, "Actual Loops": 1, "Plans": [{"Node Type": "Nested Loop", "Parent Relationship": "Outer", "Join Type": "Inner", "Startup Cost": 0.0, "Total Cost": 81837.21, "Plan Rows": 4, "Plan Width": 59, "Actual Startup Time": 940.615, "Actual Total Time": 1352.01, "Actual Rows": 5, "Actual Loops": 1, "Inner Unique": true, "Plans": [{"Node Type": "Nested Loop", "Parent Relationship": "Outer", "Join Type": "Inner", "Startup Cost": 0.0, "Total Cost": 81836.06, "Plan Rows": 4, "Plan Width": 63, "Actual Startup Time": 940.008, "Actual Total Time": 1351.971, "Actual Rows": 10, "Actual Loops": 1, "Inner Unique": true, "Plans": [{"Node Type": "Nested Loop", "Parent Relationship": "Outer", "Join Type": "Inner", "Startup Cost": 0.0, "Total Cost": 81834.63, "Plan Rows": 5, "Plan Width": 67, "Actual Startup Time": 939.992, "Actual Total Time": 1351.765, "Actual Rows": 33, "Actual Loops": 1, "Inner Unique": true, "Plans": [{"Node Type": "Nested Loop", "Parent Relationship": "Outer", "Join Type": "Inner", "Startup Cost": 0.0, "Total Cost": 81517.66, "Plan Rows": 1122, "Plan Width": 71, "Actual Startup Time": 939.82, "Actual Total Time": 1340.818, "Actual Rows": 4959, "Actual Loops": 1, "Inner Unique": false, "Join Filter": "(t.id = mi.movie_id)", "Rows Removed by Join Filter": 0, "Plans": [{"Node Type": "Nested Loop", "Parent Relationship": "Outer", "Join Type": "Inner", "Startup Cost": 0.0, "Total Cost": 81365.0, "Plan Rows": 210, "Plan Width": 37, "Actual Startup Time": 939.793, "Actual Total Time": 1336.44, "Actual Rows": 33, "Actual Loops": 1, "Inner Unique": false, "Join Filter": "(t.id = mc.movie_id)", "Rows Removed by Join Filter": 0, "Plans": [{"Node Type": "Nested Loop", "Parent Relationship": "Outer", "Join Type": "Inner", "Startup Cost": 0.0, "Total Cost": 81244.23, "Plan Rows": 311, "Plan Width": 25, "Actual Startup Time": 939.753, "Actual Total Time": 1336.353, "Actual Rows": 2, "Actual Loops": 1, "Inner Unique": true, "Plans": [{"Node Type": "Nested Loop", "Parent Relationship": "Outer", "Join Type": "Inner", "Startup Cost": 0.0, "Total Cost": 81132.36, "Plan Rows": 396, "Plan Width": 29, "Actual Startup Time": 13.999, "Actual Total Time": 1329.158, "Actual Rows": 2645, "Actual Loops": 1, "Inner Unique": false, "Plans": [{"Node Type": "Seq Scan", "Parent Relationship": "Outer", "Relation Name": "title", "Alias": "t", "Startup Cost": 0.0, "Total Cost": 79031.44, "Plan Rows": 258, "Plan Width": 21, "Actual Startup Time": 0.387, "Actual Total Time": 1314.964, "Actual Rows": 2536, "Actual Loops": 1, "Filter": "((production_year > 2000) AND (((title)::text ~~ 'Birdemic%'::text) OR ((title)::text ~~ '%Movie%'::text)))", "Rows Removed by Filter": 2525775}, {"Node Type": "Index Scan", "Parent Relationship": "Inner", "Scan Direction": "Forward", "Index Name": "movie_id_movie_info_idx", "Relation Name": "movie_info_idx", "Alias": "mi_idx", "Startup Cost": 0.0, "Total Cost": 8.12, "Plan Rows": 2, "Plan Width": 8, "Actual Startup Time": 10.642, "Actual Total Time": 11.588, "Actual Rows": 2645, "Actual Loops": 2536, "Index Cond": "(movie_id = t.id)", "Rows Removed by Index Recheck": 0}]}, {"Node Type": "Index Scan", "Parent Relationship": "Inner", "Scan Direction": "Forward", "Index Name": "info_type_pkey", "Relation Name": "info_type", "Alias": "it2", "Startup Cost": 0.0, "Total Cost": 0.27, "Plan Rows": 1, "Plan Width": 4, "Actual Startup Time": 5.582, "Actual Total Time": 5.582, "Actual Rows": 2, "Actual Loops": 2645, "Index Cond": "(id = mi_idx.info_type_id)", "Rows Removed by Index Recheck": 0, "Filter": "((info)::text = 'bottom 10 rank'::text)", "Rows Removed by Filter": 2643}]}, {"Node Type": "Index Scan", "Parent Relationship": "Inner", "Scan Direction": "Forward", "Index Name": "movie_id_movie_companies", "Relation Name": "movie_companies", "Alias": "mc", "Startup Cost": 0.0, "Total Cost": 0.36, "Plan Rows": 2, "Plan Width": 12, "Actual Startup Time": 0.021, "Actual Total Time": 0.039, "Actual Rows": 33, "Actual Loops": 2, "Index Cond": "(movie_id = mi_idx.movie_id)", "Rows Removed by Index Recheck": 0}]}, {"Node Type": "Index Scan", "Parent Relationship": "Inner", "Scan Direction": "Forward", "Index Name": "movie_id_movie_info", "Relation Name": "movie_info", "Alias": "mi", "Startup Cost": 0.0, "Total Cost": 0.66, "Plan Rows": 5, "Plan Width": 50, "Actual Startup Time": 0.497, "Actual Total Time": 2.577, "Actual Rows": 4959, "Actual Loops": 33, "Index Cond": "(movie_id = mc.movie_id)", "Rows Removed by Index Recheck": 0}]}, {"Node Type": "Index Scan", "Parent Relationship": "Inner", "Scan Direction": "Forward", "Index Name": "info_type_pkey", "Relation Name": "info_type", "Alias": "it1", "Startup Cost": 0.0, "Total Cost": 0.27, "Plan Rows": 1, "Plan Width": 4, "Actual Startup Time": 8.716, "Actual Total Time": 8.716, "Actual Rows": 33, "Actual Loops": 4959, "Index Cond": "(id = mi.info_type_id)", "Rows Removed by Index Recheck": 0, "Filter": "((info)::text = 'budget'::text)", "Rows Removed by Filter": 4864}]}, {"Node Type": "Index Scan", "Parent Relationship": "Inner", "Scan Direction": "Forward", "Index Name": "company_name_pkey", "Relation Name": "company_name", "Alias": "cn", "Startup Cost": 0.0, "Total Cost": 0.28, "Plan Rows": 1, "Plan Width": 4, "Actual Startup Time": 0.18, "Actual Total Time": 0.18, "Actual Rows": 10, "Actual Loops": 33, "Index Cond": "(id = mc.company_id)", "Rows Removed by Index Recheck": 0, "Filter": "((country_code)::text = '[us]'::text)", "Rows Removed by Filter": 23}]}, {"Node Type": "Index Scan", "Parent Relationship": "Inner", "Scan Direction": "Forward", "Index Name": "company_type_pkey", "Relation Name": "company_type", "Alias": "ct", "Startup Cost": 0.0, "Total Cost": 0.28, "Plan Rows": 1, "Plan Width": 4, "Actual Startup Time": 0.024, "Actual Total Time": 0.024, "Actual Rows": 5, "Actual Loops": 10, "Index Cond": "(id = mc.company_type_id)", "Rows Removed by Index Recheck": 0, "Filter": "((kind IS NOT NULL) AND (((kind)::text = 'production companies'::text) OR ((kind)::text = 'distributors'::text)))", "Rows Removed by Filter": 0}]}]}, "Triggers": [], "Planner Runtime": 100.768, "Total Runtime": 1352.452, "Unique SQL Id": 1682224415}}, "(1, 85)": {"explain_plan": {"Plan": {"Node Type": "Aggregate", "Strategy": "Plain", "Startup Cost": 131888.6, "Total Cost": 131888.61, "Plan Rows": 1, "Plan Width": 123, "Plans": [{"Node Type": "Nested Loop", "Parent Relationship": "Outer", "Join Type": "Inner", "Startup Cost": 0.0, "Total Cost": 131888.58, "Plan Rows": 4, "Plan Width": 59, "Inner Unique": true, "Plans": [{"Node Type": "Nested Loop", "Parent Relationship": "Outer", "Join Type": "Inner", "Startup Cost": 0.0, "Total Cost": 131887.44, "Plan Rows": 4, "Plan Width": 63, "Inner Unique": true, "Plans": [{"Node Type": "Nested Loop", "Parent Relationship": "Outer", "Join Type": "Inner", "Startup Cost": 0.0, "Total Cost": 131886.01, "Plan Rows": 5, "Plan Width": 67, "Inner Unique": true, "Plans": [{"Node Type": "Nested Loop", "Parent Relationship": "Outer", "Join Type": "Inner", "Startup Cost": 0.0, "Total Cost": 131569.04, "Plan Rows": 1122, "Plan Width": 71, "Inner Unique": false, "Join Filter": "(t.id = mi.movie_id)", "Plans": [{"Node Type": "Nested Loop", "Parent Relationship": "Outer", "Join Type": "Inner", "Startup Cost": 0.0, "Total Cost": 131416.38, "Plan Rows": 210, "Plan Width": 37, "Inner Unique": false, "Join Filter": "(t.id = mc.movie_id)", "Plans": [{"Node Type": "Nested Loop", "Parent Relationship": "Outer", "Join Type": "Inner", "Startup Cost": 0.0, "Total Cost": 131295.61, "Plan Rows": 311, "Plan Width": 25, "Inner Unique": true, "Plans": [{"Node Type": "Nested Loop", "Parent Relationship": "Outer", "Join Type": "Inner", "Startup Cost": 0.0, "Total Cost": 131183.74, "Plan Rows": 396, "Plan Width": 29, "Inner Unique": false, "Plans": [{"Node Type": "Index Scan", "Parent Relationship": "Outer", "Scan Direction": "Forward", "Index Name": "title_pkey", "Relation Name": "title", "Alias": "t", "Startup Cost": 0.0, "Total Cost": 129082.82, "Plan Rows": 258, "Plan Width": 21, "Filter": "((production_year > 2000) AND (((title)::text ~~ 'Birdemic%'::text) OR ((title)::text ~~ '%Movie%'::text)))"}, {"Node Type": "Index Scan", "Parent Relationship": "Inner", "Scan Direction": "Forward", "Index Name": "movie_id_movie_info_idx", "Relation Name": "movie_info_idx", "Alias": "mi_idx", "Startup Cost": 0.0, "Total Cost": 8.12, "Plan Rows": 2, "Plan Width": 8, "Index Cond": "(movie_id = t.id)"}]}, {"Node Type": "Index Scan", "Parent Relationship": "Inner", "Scan Direction": "Forward", "Index Name": "info_type_pkey", "Relation Name": "info_type", "Alias": "it2", "Startup Cost": 0.0, "Total Cost": 0.27, "Plan Rows": 1, "Plan Width": 4, "Index Cond": "(id = mi_idx.info_type_id)", "Filter": "((info)::text = 'bottom 10 rank'::text)"}]}, {"Node Type": "Index Scan", "Parent Relationship": "Inner", "Scan Direction": "Forward", "Index Name": "movie_id_movie_companies", "Relation Name": "movie_companies", "Alias": "mc", "Startup Cost": 0.0, "Total Cost": 0.36, "Plan Rows": 2, "Plan Width": 12, "Index Cond": "(movie_id = mi_idx.movie_id)"}]}, {"Node Type": "Index Scan", "Parent Relationship": "Inner", "Scan Direction": "Forward", "Index Name": "movie_id_movie_info", "Relation Name": "movie_info", "Alias": "mi", "Startup Cost": 0.0, "Total Cost": 0.66, "Plan Rows": 5, "Plan Width": 50, "Index Cond": "(movie_id = mc.movie_id)"}]}, {"Node Type": "Index Scan", "Parent Relationship": "Inner", "Scan Direction": "Forward", "Index Name": "info_type_pkey", "Relation Name": "info_type", "Alias": "it1", "Startup Cost": 0.0, "Total Cost": 0.27, "Plan Rows": 1, "Plan Width": 4, "Index Cond": "(id = mi.info_type_id)", "Filter": "((info)::text = 'budget'::text)"}]}, {"Node Type": "Index Scan", "Parent Relationship": "Inner", "Scan Direction": "Forward", "Index Name": "company_name_pkey", "Relation Name": "company_name", "Alias": "cn", "Startup Cost": 0.0, "Total Cost": 0.28, "Plan Rows": 1, "Plan Width": 4, "Index Cond": "(id = mc.company_id)", "Filter": "((country_code)::text = '[us]'::text)"}]}, {"Node Type": "Index Scan", "Parent Relationship": "Inner", "Scan Direction": "Forward", "Index Name": "company_type_pkey", "Relation Name": "company_type", "Alias": "ct", "Startup Cost": 0.0, "Total Cost": 0.28, "Plan Rows": 1, "Plan Width": 4, "Index Cond": "(id = mc.company_type_id)", "Filter": "((kind IS NOT NULL) AND (((kind)::text = 'production companies'::text) OR ((kind)::text = 'distributors'::text)))"}]}]}, "Unique SQL Id": 1682224415}, "explain_analyze_plan": null}, "(1, 86)": {"explain_plan": {"Plan": {"Node Type": "Aggregate", "Strategy": "Plain", "Startup Cost": 83808.77, "Total Cost": 83808.78, "Plan Rows": 1, "Plan Width": 123, "Plans": [{"Node Type": "Nested Loop", "Parent Relationship": "Outer", "Join Type": "Inner", "Startup Cost": 83739.82, "Total Cost": 83808.75, "Plan Rows": 4, "Plan Width": 59, "Inner Unique": true, "Plans": [{"Node Type": "Merge Join", "Parent Relationship": "Outer", "Join Type": "Inner", "Startup Cost": 83739.56, "Total Cost": 83740.21, "Plan Rows": 16, "Plan Width": 63, "Inner Unique": false, "Merge Cond": "(ct.id = mc.company_type_id)", "Plans": [{"Node Type": "Sort", "Parent Relationship": "Outer", "Startup Cost": 1.05, "Total Cost": 1.06, "Plan Rows": 2, "Plan Width": 4, "Sort Key": ["ct.id"], "Plans": [{"Node Type": "Seq Scan", "Parent Relationship": "Outer", "Relation Name": "company_type", "Alias": "ct", "Startup Cost": 0.0, "Total Cost": 1.04, "Plan Rows": 2, "Plan Width": 4, "Filter": "((kind IS NOT NULL) AND (((kind)::text = 'production companies'::text) OR ((kind)::text = 'distributors'::text)))"}]}, {"Node Type": "Sort", "Parent Relationship": "Inner", "Startup Cost": 83738.38, "Total Cost": 83738.51, "Plan Rows": 51, "Plan Width": 67, "Sort Key": ["mc.company_type_id"], "Plans": [{"Node Type": "Nested Loop", "Parent Relationship": "Outer", "Join Type": "Inner", "Startup Cost": 83694.57, "Total Cost": 83736.94, "Plan Rows": 51, "Plan Width": 67, "Inner Unique": false, "Join Filter": "(t.id = mc.movie_id)", "Plans": [{"Node Type": "Merge Join", "Parent Relationship": "Outer", "Join Type": "Inner", "Startup Cost": 83694.3, "Total Cost": 83702.39, "Plan Rows": 8, "Plan Width": 71, "Inner Unique": false, "Merge Cond": "(it1.id = mi.info_type_id)", "Plans": [{"Node Type": "Sort", "Parent Relationship": "Outer", "Startup Cost": 2.41, "Total Cost": 2.42, "Plan Rows": 1, "Plan Width": 4, "Sort Key": ["it1.id"], "Plans": [{"Node Type": "Seq Scan", "Parent Relationship": "Outer", "Relation Name": "info_type", "Alias": "it1", "Startup Cost": 0.0, "Total Cost": 2.4, "Plan Rows": 1, "Plan Width": 4, "Filter": "((info)::text = 'budget'::text)"}]}, {"Node Type": "Sort", "Parent Relationship": "Inner", "Startup Cost": 83691.44, "Total Cost": 83695.59, "Plan Rows": 1659, "Plan Width": 75, "Sort Key": ["mi.info_type_id"], "Plans": [{"Node Type": "Nested Loop", "Parent Relationship": "Outer", "Join Type": "Inner", "Startup Cost": 82176.3, "Total Cost": 83602.72, "Plan Rows": 1659, "Plan Width": 75, "Inner Unique": false, "Join Filter": "(t.id = mi.movie_id)", "Plans": [{"Node Type": "Merge Join", "Parent Relationship": "Outer", "Join Type": "Inner", "Startup Cost": 82175.85, "Total Cost": 82178.82, "Plan Rows": 311, "Plan Width": 25, "Inner Unique": false, "Merge Cond": "(it2.id = mi_idx.info_type_id)", "Plans": [{"Node Type": "Sort", "Parent Relationship": "Outer", "Startup Cost": 2.41, "Total Cost": 2.42, "Plan Rows": 1, "Plan Width": 4, "Sort Key": ["it2.id"], "Plans": [{"Node Type": "Seq Scan", "Parent Relationship": "Outer", "Relation Name": "info_type", "Alias": "it2", "Startup Cost": 0.0, "Total Cost": 2.4, "Plan Rows": 1, "Plan Width": 4, "Filter": "((info)::text = 'bottom 10 rank'::text)"}]}, {"Node Type": "Sort", "Parent Relationship": "Inner", "Startup Cost": 82173.43, "Total Cost": 82174.42, "Plan Rows": 396, "Plan Width": 29, "Sort Key": ["mi_idx.info_type_id"], "Plans": [{"Node Type": "Nested Loop", "Parent Relationship": "Outer", "Join Type": "Inner", "Startup Cost": 4.17, "Total Cost": 82156.34, "Plan Rows": 396, "Plan Width": 29, "Inner Unique": false, "Plans": [{"Node Type": "Seq Scan", "Parent Relationship": "Outer", "Relation Name": "title", "Alias": "t", "Startup Cost": 0.0, "Total Cost": 79031.44, "Plan Rows": 258, "Plan Width": 21, "Filter": "((production_year > 2000) AND (((title)::text ~~ 'Birdemic%'::text) OR ((title)::text ~~ '%Movie%'::text)))"}, {"Node Type": "Bitmap Heap Scan", "Parent Relationship": "Inner", "Relation Name": "movie_info_idx", "Alias": "mi_idx", "Startup Cost": 4.17, "Total Cost": 12.09, "Plan Rows": 2, "Plan Width": 8, "Recheck Cond": "(movie_id = t.id)", "Plans": [{"Node Type": "Bitmap Index Scan", "Parent Relationship": "Outer", "Index Name": "movie_id_movie_info_idx", "Startup Cost": 0.0, "Total Cost": 4.17, "Plan Rows": 2, "Plan Width": 0, "Index Cond": "(movie_id = t.id)"}]}]}]}]}, {"Node Type": "Bitmap Heap Scan", "Parent Relationship": "Inner", "Relation Name": "movie_info", "Alias": "mi", "Startup Cost": 0.45, "Total Cost": 4.52, "Plan Rows": 5, "Plan Width": 50, "Recheck Cond": "(movie_id = mi_idx.movie_id)", "Plans": [{"Node Type": "Bitmap Index Scan", "Parent Relationship": "Outer", "Index Name": "movie_id_movie_info", "Startup Cost": 0.0, "Total Cost": 0.45, "Plan Rows": 5, "Plan Width": 0, "Index Cond": "(movie_id = mi_idx.movie_id)"}]}]}]}]}, {"Node Type": "Bitmap Heap Scan", "Parent Relationship": "Inner", "Relation Name": "movie_companies", "Alias": "mc", "Startup Cost": 0.27, "Total Cost": 4.29, "Plan Rows": 2, "Plan Width": 12, "Recheck Cond": "(movie_id = mi.movie_id)", "Plans": [{"Node Type": "Bitmap Index Scan", "Parent Relationship": "Outer", "Index Name": "movie_id_movie_companies", "Startup Cost": 0.0, "Total Cost": 0.27, "Plan Rows": 2, "Plan Width": 0, "Index Cond": "(movie_id = mi.movie_id)"}]}]}]}]}, {"Node Type": "Bitmap Heap Scan", "Parent Relationship": "Inner", "Relation Name": "company_name", "Alias": "cn", "Startup Cost": 0.26, "Total Cost": 4.27, "Plan Rows": 1, "Plan Width": 4, "Recheck Cond": "(id = mc.company_id)", "Filter": "((country_code)::text = '[us]'::text)", "Plans": [{"Node Type": "Bitmap Index Scan", "Parent Relationship": "Outer", "Index Name": "company_name_pkey", "Startup Cost": 0.0, "Total Cost": 0.26, "Plan Rows": 1, "Plan Width": 0, "Index Cond": "(id = mc.company_id)"}]}]}]}, "Unique SQL Id": 1682224415}, "explain_analyze_plan": {"Plan": {"Node Type": "Aggregate", "Strategy": "Plain", "Startup Cost": 83808.77, "Total Cost": 83808.78, "Plan Rows": 1, "Plan Width": 123, "Actual Startup Time": 1335.403, "Actual Total Time": 1335.404, "Actual Rows": 1, "Actual Loops": 1, "Plans": [{"Node Type": "Nested Loop", "Parent Relationship": "Outer", "Join Type": "Inner", "Startup Cost": 83739.82, "Total Cost": 83808.75, "Plan Rows": 4, "Plan Width": 59, "Actual Startup Time": 1335.329, "Actual Total Time": 1335.372, "Actual Rows": 5, "Actual Loops": 1, "Inner Unique": true, "Plans": [{"Node Type": "Merge Join", "Parent Relationship": "Outer", "Join Type": "Inner", "Startup Cost": 83739.56, "Total Cost": 83740.21, "Plan Rows": 16, "Plan Width": 63, "Actual Startup Time": 1335.305, "Actual Total Time": 1335.31, "Actual Rows": 5, "Actual Loops": 1, "Inner Unique": false, "Merge Cond": "(ct.id = mc.company_type_id)", "Plans": [{"Node Type": "Sort", "Parent Relationship": "Outer", "Startup Cost": 1.05, "Total Cost": 1.06, "Plan Rows": 2, "Plan Width": 4, "Actual Startup Time": 0.06, "Actual Total Time": 0.06, "Actual Rows": 1, "Actual Loops": 1, "Sort Key": ["ct.id"], "Sort Method": "quicksort", "Sort Space Used": 25, "Sort Space Type": "Memory", "Plans": [{"Node Type": "Seq Scan", "Parent Relationship": "Outer", "Relation Name": "company_type", "Alias": "ct", "Startup Cost": 0.0, "Total Cost": 1.04, "Plan Rows": 2, "Plan Width": 4, "Actual Startup Time": 0.035, "Actual Total Time": 0.04, "Actual Rows": 1, "Actual Loops": 1, "Filter": "((kind IS NOT NULL) AND (((kind)::text = 'production companies'::text) OR ((kind)::text = 'distributors'::text)))", "Rows Removed by Filter": 2}]}, {"Node Type": "Sort", "Parent Relationship": "Inner", "Startup Cost": 83738.38, "Total Cost": 83738.51, "Plan Rows": 51, "Plan Width": 67, "Actual Startup Time": 1335.233, "Actual Total Time": 1335.236, "Actual Rows": 33, "Actual Loops": 1, "Sort Key": ["mc.company_type_id"], "Sort Method": "quicksort", "Sort Space Used": 28, "Sort Space Type": "Memory", "Plans": [{"Node Type": "Nested Loop", "Parent Relationship": "Outer", "Join Type": "Inner", "Startup Cost": 83694.57, "Total Cost": 83736.94, "Plan Rows": 51, "Plan Width": 67, "Actual Startup Time": 1335.176, "Actual Total Time": 1335.218, "Actual Rows": 33, "Actual Loops": 1, "Inner Unique": false, "Join Filter": "(t.id = mc.movie_id)", "Rows Removed by Join Filter": 0, "Plans": [{"Node Type": "Merge Join", "Parent Relationship": "Outer", "Join Type": "Inner", "Startup Cost": 83694.3, "Total Cost": 83702.39, "Plan Rows": 8, "Plan Width": 71, "Actual Startup Time": 1335.144, "Actual Total Time": 1335.147, "Actual Rows": 2, "Actual Loops": 1, "Inner Unique": false, "Merge Cond": "(it1.id = mi.info_type_id)", "Plans": [{"Node Type": "Sort", "Parent Relationship": "Outer", "Startup Cost": 2.41, "Total Cost": 2.42, "Plan Rows": 1, "Plan Width": 4, "Actual Startup Time": 0.051, "Actual Total Time": 0.051, "Actual Rows": 1, "Actual Loops": 1, "Sort Key": ["it1.id"], "Sort Method": "quicksort", "Sort Space Used": 25, "Sort Space Type": "Memory", "Plans": [{"Node Type": "Seq Scan", "Parent Relationship": "Outer", "Relation Name": "info_type", "Alias": "it1", "Startup Cost": 0.0, "Total Cost": 2.4, "Plan Rows": 1, "Plan Width": 4, "Actual Startup Time": 0.042, "Actual Total Time": 0.045, "Actual Rows": 1, "Actual Loops": 1, "Filter": "((info)::text = 'budget'::text)", "Rows Removed by Filter": 111}]}, {"Node Type": "Sort", "Parent Relationship": "Inner", "Startup Cost": 83691.44, "Total Cost": 83695.59, "Plan Rows": 1659, "Plan Width": 75, "Actual Startup Time": 1335.044, "Actual Total Time": 1335.057, "Actual Rows": 191, "Actual Loops": 1, "Sort Key": ["mi.info_type_id"], "Sort Method": "quicksort", "Sort Space Used": 72, "Sort Space Type": "Memory", "Plans": [{"Node Type": "Nested Loop", "Parent Relationship": "Outer", "Join Type": "Inner", "Startup Cost": 82176.3, "Total Cost": 83602.72, "Plan Rows": 1659, "Plan Width": 75, "Actual Startup Time": 1334.631, "Actual Total Time": 1334.93, "Actual Rows": 221, "Actual Loops": 1, "Inner Unique": false, "Join Filter": "(t.id = mi.movie_id)", "Rows Removed by Join Filter": 0, "Plans": [{"Node Type": "Merge Join", "Parent Relationship": "Outer", "Join Type": "Inner", "Startup Cost": 82175.85, "Total Cost": 82178.82, "Plan Rows": 311, "Plan Width": 25, "Actual Startup Time": 1334.547, "Actual Total Time": 1334.596, "Actual Rows": 2, "Actual Loops": 1, "Inner Unique": false, "Merge Cond": "(it2.id = mi_idx.info_type_id)", "Plans": [{"Node Type": "Sort", "Parent Relationship": "Outer", "Startup Cost": 2.41, "Total Cost": 2.42, "Plan Rows": 1, "Plan Width": 4, "Actual Startup Time": 0.054, "Actual Total Time": 0.055, "Actual Rows": 1, "Actual Loops": 1, "Sort Key": ["it2.id"], "Sort Method": "quicksort", "Sort Space Used": 25, "Sort Space Type": "Memory", "Plans": [{"Node Type": "Seq Scan", "Parent Relationship": "Outer", "Relation Name": "info_type", "Alias": "it2", "Startup Cost": 0.0, "Total Cost": 2.4, "Plan Rows": 1, "Plan Width": 4, "Actual Startup Time": 0.04, "Actual Total Time": 0.041, "Actual Rows": 1, "Actual Loops": 1, "Filter": "((info)::text = 'bottom 10 rank'::text)", "Rows Removed by Filter": 111}]}, {"Node Type": "Sort", "Parent Relationship": "Inner", "Startup Cost": 82173.43, "Total Cost": 82174.42, "Plan Rows": 396, "Plan Width": 29, "Actual Startup Time": 1333.797, "Actual Total Time": 1334.095, "Actual Rows": 2645, "Actual Loops": 1, "Sort Key": ["mi_idx.info_type_id"], "Sort Method": "quicksort", "Sort Space Used": 414, "Sort Space Type": "Memory", "Plans": [{"Node Type": "Nested Loop", "Parent Relationship": "Outer", "Join Type": "Inner", "Startup Cost": 4.17, "Total Cost": 82156.34, "Plan Rows": 396, "Plan Width": 29, "Actual Startup Time": 14.007, "Actual Total Time": 1332.453, "Actual Rows": 2645, "Actual Loops": 1, "Inner Unique": false, "Plans": [{"Node Type": "Seq Scan", "Parent Relationship": "Outer", "Relation Name": "title", "Alias": "t", "Startup Cost": 0.0, "Total Cost": 79031.44, "Plan Rows": 258, "Plan Width": 21, "Actual Startup Time": 0.372, "Actual Total Time": 1313.491, "Actual Rows": 2536, "Actual Loops": 1, "Filter": "((production_year > 2000) AND (((title)::text ~~ 'Birdemic%'::text) OR ((title)::text ~~ '%Movie%'::text)))", "Rows Removed by Filter": 2525775}, {"Node Type": "Bitmap Heap Scan", "Parent Relationship": "Inner", "Relation Name": "movie_info_idx", "Alias": "mi_idx", "Startup Cost": 4.17, "Total Cost": 12.09, "Plan Rows": 2, "Plan Width": 8, "Actual Startup Time": 13.985, "Actual Total Time": 14.365, "Actual Rows": 2645, "Actual Loops": 2536, "Recheck Cond": "(movie_id = t.id)", "Rows Removed by Index Recheck": 0, "Exact Heap Blocks": 890, "Lossy Heap Blocks": 890, "Plans": [{"Node Type": "Bitmap Index Scan", "Parent Relationship": "Outer", "Index Name": "movie_id_movie_info_idx", "Startup Cost": 0.0, "Total Cost": 4.17, "Plan Rows": 2, "Plan Width": 0, "Actual Startup Time": 10.157, "Actual Total Time": 10.157, "Actual Rows": 2645, "Actual Loops": 2536, "Index Cond": "(movie_id = t.id)"}]}]}]}]}, {"Node Type": "Bitmap Heap Scan", "Parent Relationship": "Inner", "Relation Name": "movie_info", "Alias": "mi", "Startup Cost": 0.45, "Total Cost": 4.52, "Plan Rows": 5, "Plan Width": 50, "Actual Startup Time": 0.076, "Actual Total Time": 0.221, "Actual Rows": 221, "Actual Loops": 2, "Recheck Cond": "(movie_id = mi_idx.movie_id)", "Rows Removed by Index Recheck": 0, "Exact Heap Blocks": 40, "Lossy Heap Blocks": 40, "Plans": [{"Node Type": "Bitmap Index Scan", "Parent Relationship": "Outer", "Index Name": "movie_id_movie_info", "Startup Cost": 0.0, "Total Cost": 0.45, "Plan Rows": 5, "Plan Width": 0, "Actual Startup Time": 0.053, "Actual Total Time": 0.053, "Actual Rows": 221, "Actual Loops": 2, "Index Cond": "(movie_id = mi_idx.movie_id)"}]}]}]}]}, {"Node Type": "Bitmap Heap Scan", "Parent Relationship": "Inner", "Relation Name": "movie_companies", "Alias": "mc", "Startup Cost": 0.27, "Total Cost": 4.29, "Plan Rows": 2, "Plan Width": 12, "Actual Startup Time": 0.038, "Actual Total Time": 0.049, "Actual Rows": 33, "Actual Loops": 2, "Recheck Cond": "(movie_id = mi.movie_id)", "Rows Removed by Index Recheck": 0, "Exact Heap Blocks": 4, "Lossy Heap Blocks": 4, "Plans": [{"Node Type": "Bitmap Index Scan", "Parent Relationship": "Outer", "Index Name": "movie_id_movie_companies", "Startup Cost": 0.0, "Total Cost": 0.27, "Plan Rows": 2, "Plan Width": 0, "Actual Startup Time": 0.023, "Actual Total Time": 0.023, "Actual Rows": 33, "Actual Loops": 2, "Index Cond": "(movie_id = mi.movie_id)"}]}]}]}]}, {"Node Type": "Bitmap Heap Scan", "Parent Relationship": "Inner", "Relation Name": "company_name", "Alias": "cn", "Startup Cost": 0.26, "Total Cost": 4.27, "Plan Rows": 1, "Plan Width": 4, "Actual Startup Time": 0.052, "Actual Total Time": 0.052, "Actual Rows": 5, "Actual Loops": 5, "Recheck Cond": "(id = mc.company_id)", "Rows Removed by Index Recheck": 0, "Filter": "((country_code)::text = '[us]'::text)", "Rows Removed by Filter": 0, "Exact Heap Blocks": 5, "Lossy Heap Blocks": 5, "Plans": [{"Node Type": "Bitmap Index Scan", "Parent Relationship": "Outer", "Index Name": "company_name_pkey", "Startup Cost": 0.0, "Total Cost": 0.26, "Plan Rows": 1, "Plan Width": 0, "Actual Startup Time": 0.025, "Actual Total Time": 0.025, "Actual Rows": 5, "Actual Loops": 5, "Index Cond": "(id = mc.company_id)"}]}]}]}, "Triggers": [], "Planner Runtime": 60.582, "Total Runtime": 1335.771, "Unique SQL Id": 1682224415}}, "(1, 87)": {"explain_plan": {"Plan": {"Node Type": "Aggregate", "Strategy": "Plain", "Startup Cost": 1000012336498.63, "Total Cost": 1000012336498.64, "Plan Rows": 1, "Plan Width": 123, "Plans": [{"Node Type": "Nested Loop", "Parent Relationship": "Outer", "Join Type": "Inner", "Startup Cost": 10000000002.04, "Total Cost": 1000012336498.61, "Plan Rows": 4, "Plan Width": 59, "Inner Unique": true, "Plans": [{"Node Type": "Nested Loop", "Parent Relationship": "Outer", "Join Type": "Inner", "Startup Cost": 10000000001.78, "Total Cost": 1000012336438.65, "Plan Rows": 14, "Plan Width": 63, "Inner Unique": true, "Plans": [{"Node Type": "Nested Loop", "Parent Relationship": "Outer", "Join Type": "Inner", "Startup Cost": 10000000001.52, "Total Cost": 1000012336378.66, "Plan Rows": 14, "Plan Width": 67, "Inner Unique": true, "Plans": [{"Node Type": "Nested Loop", "Parent Relationship": "Outer", "Join Type": "Inner", "Startup Cost": 10000000001.26, "Total Cost": 1000012336100.24, "Plan Rows": 65, "Plan Width": 71, "Inner Unique": false, "Join Filter": "(t.id = mc.movie_id)", "Plans": [{"Node Type": "Nested Loop", "Parent Relationship": "Outer", "Join Type": "Inner", "Startup Cost": 10000000001.0, "Total Cost": 1000012335970.7, "Plan Rows": 30, "Plan Width": 75, "Inner Unique": true, "Plans": [{"Node Type": "Nested Loop", "Parent Relationship": "Outer", "Join Type": "Inner", "Startup Cost": 10000000000.74, "Total Cost": 1000012326904.12, "Plan Rows": 2117, "Plan Width": 79, "Inner Unique": false, "Join Filter": "(t.id = mi.movie_id)", "Plans": [{"Node Type": "Nested Loop", "Parent Relationship": "Outer", "Join Type": "Inner", "Startup Cost": 10000000000.28, "Total Cost": 1000012325091.05, "Plan Rows": 396, "Plan Width": 29, "Inner Unique": true, "Plans": [{"Node Type": "Index Scan", "Parent Relationship": "Outer", "Scan Direction": "Forward", "Index Name": "info_type_id_movie_info_idx", "Relation Name": "movie_info_idx", "Alias": "mi_idx", "Startup Cost": 10000000000.0, "Total Cost": 1000006370838.27, "Plan Rows": 1380034, "Plan Width": 8}, {"Node Type": "Bitmap Heap Scan", "Parent Relationship": "Inner", "Relation Name": "title", "Alias": "t", "Startup Cost": 0.28, "Total Cost": 4.3, "Plan Rows": 1, "Plan Width": 21, "Recheck Cond": "(id = mi_idx.movie_id)", "Filter": "((production_year > 2000) AND (((title)::text ~~ 'Birdemic%'::text) OR ((title)::text ~~ '%Movie%'::text)))", "Plans": [{"Node Type": "Bitmap Index Scan", "Parent Relationship": "Outer", "Index Name": "title_pkey", "Startup Cost": 0.0, "Total Cost": 0.28, "Plan Rows": 1, "Plan Width": 0, "Index Cond": "(id = mi_idx.movie_id)"}]}]}, {"Node Type": "Bitmap Heap Scan", "Parent Relationship": "Inner", "Relation Name": "movie_info", "Alias": "mi", "Startup Cost": 0.45, "Total Cost": 4.52, "Plan Rows": 5, "Plan Width": 50, "Recheck Cond": "(movie_id = mi_idx.movie_id)", "Plans": [{"Node Type": "Bitmap Index Scan", "Parent Relationship": "Outer", "Index Name": "movie_id_movie_info", "Startup Cost": 0.0, "Total Cost": 0.45, "Plan Rows": 5, "Plan Width": 0, "Index Cond": "(movie_id = mi_idx.movie_id)"}]}]}, {"Node Type": "Bitmap Heap Scan", "Parent Relationship": "Inner", "Relation Name": "info_type", "Alias": "it1", "Startup Cost": 0.26, "Total Cost": 4.27, "Plan Rows": 1, "Plan Width": 4, "Recheck Cond": "(id = mi.info_type_id)", "Filter": "((info)::text = 'budget'::text)", "Plans": [{"Node Type": "Bitmap Index Scan", "Parent Relationship": "Outer", "Index Name": "info_type_pkey", "Startup Cost": 0.0, "Total Cost": 0.26, "Plan Rows": 1, "Plan Width": 0, "Index Cond": "(id = mi.info_type_id)"}]}]}, {"Node Type": "Bitmap Heap Scan", "Parent Relationship": "Inner", "Relation Name": "movie_companies", "Alias": "mc", "Startup Cost": 0.27, "Total Cost": 4.29, "Plan Rows": 2, "Plan Width": 12, "Recheck Cond": "(movie_id = mi.movie_id)", "Plans": [{"Node Type": "Bitmap Index Scan", "Parent Relationship": "Outer", "Index Name": "movie_id_movie_companies", "Startup Cost": 0.0, "Total Cost": 0.27, "Plan Rows": 2, "Plan Width": 0, "Index Cond": "(movie_id = mi.movie_id)"}]}]}, {"Node Type": "Bitmap Heap Scan", "Parent Relationship": "Inner", "Relation Name": "company_name", "Alias": "cn", "Startup Cost": 0.26, "Total Cost": 4.27, "Plan Rows": 1, "Plan Width": 4, "Recheck Cond": "(id = mc.company_id)", "Filter": "((country_code)::text = '[us]'::text)", "Plans": [{"Node Type": "Bitmap Index Scan", "Parent Relationship": "Outer", "Index Name": "company_name_pkey", "Startup Cost": 0.0, "Total Cost": 0.26, "Plan Rows": 1, "Plan Width": 0, "Index Cond": "(id = mc.company_id)"}]}]}, {"Node Type": "Bitmap Heap Scan", "Parent Relationship": "Inner", "Relation Name": "company_type", "Alias": "ct", "Startup Cost": 0.26, "Total Cost": 4.28, "Plan Rows": 1, "Plan Width": 4, "Recheck Cond": "(id = mc.company_type_id)", "Filter": "((kind IS NOT NULL) AND (((kind)::text = 'production companies'::text) OR ((kind)::text = 'distributors'::text)))", "Plans": [{"Node Type": "Bitmap Index Scan", "Parent Relationship": "Outer", "Index Name": "company_type_pkey", "Startup Cost": 0.0, "Total Cost": 0.26, "Plan Rows": 1, "Plan Width": 0, "Index Cond": "(id = mc.company_type_id)"}]}]}, {"Node Type": "Bitmap Heap Scan", "Parent Relationship": "Inner", "Relation Name": "info_type", "Alias": "it2", "Startup Cost": 0.26, "Total Cost": 4.27, "Plan Rows": 1, "Plan Width": 4, "Recheck Cond": "(id = mi_idx.info_type_id)", "Filter": "((info)::text = 'bottom 10 rank'::text)", "Plans": [{"Node Type": "Bitmap Index Scan", "Parent Relationship": "Outer", "Index Name": "info_type_pkey", "Startup Cost": 0.0, "Total Cost": 0.26, "Plan Rows": 1, "Plan Width": 0, "Index Cond": "(id = mi_idx.info_type_id)"}]}]}]}, "Unique SQL Id": 1682224415}, "explain_analyze_plan": null}, "(1, 88)": {"explain_plan": {"Plan": {"Node Type": "Aggregate", "Strategy": "Plain", "Startup Cost": 81837.23, "Total Cost": 81837.24, "Plan Rows": 1, "Plan Width": 123, "Plans": [{"Node Type": "Nested Loop", "Parent Relationship": "Outer", "Join Type": "Inner", "Startup Cost": 0.0, "Total Cost": 81837.21, "Plan Rows": 4, "Plan Width": 59, "Inner Unique": true, "Plans": [{"Node Type": "Nested Loop", "Parent Relationship": "Outer", "Join Type": "Inner", "Startup Cost": 0.0, "Total Cost": 81836.06, "Plan Rows": 4, "Plan Width": 63, "Inner Unique": true, "Plans": [{"Node Type": "Nested Loop", "Parent Relationship": "Outer", "Join Type": "Inner", "Startup Cost": 0.0, "Total Cost": 81834.63, "Plan Rows": 5, "Plan Width": 67, "Inner Unique": true, "Plans": [{"Node Type": "Nested Loop", "Parent Relationship": "Outer", "Join Type": "Inner", "Startup Cost": 0.0, "Total Cost": 81517.66, "Plan Rows": 1122, "Plan Width": 71, "Inner Unique": false, "Join Filter": "(t.id = mi.movie_id)", "Plans": [{"Node Type": "Nested Loop", "Parent Relationship": "Outer", "Join Type": "Inner", "Startup Cost": 0.0, "Total Cost": 81365.0, "Plan Rows": 210, "Plan Width": 37, "Inner Unique": false, "Join Filter": "(t.id = mc.movie_id)", "Plans": [{"Node Type": "Nested Loop", "Parent Relationship": "Outer", "Join Type": "Inner", "Startup Cost": 0.0, "Total Cost": 81244.23, "Plan Rows": 311, "Plan Width": 25, "Inner Unique": true, "Plans": [{"Node Type": "Nested Loop", "Parent Relationship": "Outer", "Join Type": "Inner", "Startup Cost": 0.0, "Total Cost": 81132.36, "Plan Rows": 396, "Plan Width": 29, "Inner Unique": false, "Plans": [{"Node Type": "Seq Scan", "Parent Relationship": "Outer", "Relation Name": "title", "Alias": "t", "Startup Cost": 0.0, "Total Cost": 79031.44, "Plan Rows": 258, "Plan Width": 21, "Filter": "((production_year > 2000) AND (((title)::text ~~ 'Birdemic%'::text) OR ((title)::text ~~ '%Movie%'::text)))"}, {"Node Type": "Index Scan", "Parent Relationship": "Inner", "Scan Direction": "Forward", "Index Name": "movie_id_movie_info_idx", "Relation Name": "movie_info_idx", "Alias": "mi_idx", "Startup Cost": 0.0, "Total Cost": 8.12, "Plan Rows": 2, "Plan Width": 8, "Index Cond": "(movie_id = t.id)"}]}, {"Node Type": "Index Scan", "Parent Relationship": "Inner", "Scan Direction": "Forward", "Index Name": "info_type_pkey", "Relation Name": "info_type", "Alias": "it2", "Startup Cost": 0.0, "Total Cost": 0.27, "Plan Rows": 1, "Plan Width": 4, "Index Cond": "(id = mi_idx.info_type_id)", "Filter": "((info)::text = 'bottom 10 rank'::text)"}]}, {"Node Type": "Index Scan", "Parent Relationship": "Inner", "Scan Direction": "Forward", "Index Name": "movie_id_movie_companies", "Relation Name": "movie_companies", "Alias": "mc", "Startup Cost": 0.0, "Total Cost": 0.36, "Plan Rows": 2, "Plan Width": 12, "Index Cond": "(movie_id = mi_idx.movie_id)"}]}, {"Node Type": "Index Scan", "Parent Relationship": "Inner", "Scan Direction": "Forward", "Index Name": "movie_id_movie_info", "Relation Name": "movie_info", "Alias": "mi", "Startup Cost": 0.0, "Total Cost": 0.66, "Plan Rows": 5, "Plan Width": 50, "Index Cond": "(movie_id = mc.movie_id)"}]}, {"Node Type": "Index Scan", "Parent Relationship": "Inner", "Scan Direction": "Forward", "Index Name": "info_type_pkey", "Relation Name": "info_type", "Alias": "it1", "Startup Cost": 0.0, "Total Cost": 0.27, "Plan Rows": 1, "Plan Width": 4, "Index Cond": "(id = mi.info_type_id)", "Filter": "((info)::text = 'budget'::text)"}]}, {"Node Type": "Index Scan", "Parent Relationship": "Inner", "Scan Direction": "Forward", "Index Name": "company_name_pkey", "Relation Name": "company_name", "Alias": "cn", "Startup Cost": 0.0, "Total Cost": 0.28, "Plan Rows": 1, "Plan Width": 4, "Index Cond": "(id = mc.company_id)", "Filter": "((country_code)::text = '[us]'::text)"}]}, {"Node Type": "Index Scan", "Parent Relationship": "Inner", "Scan Direction": "Forward", "Index Name": "company_type_pkey", "Relation Name": "company_type", "Alias": "ct", "Startup Cost": 0.0, "Total Cost": 0.28, "Plan Rows": 1, "Plan Width": 4, "Index Cond": "(id = mc.company_type_id)", "Filter": "((kind IS NOT NULL) AND (((kind)::text = 'production companies'::text) OR ((kind)::text = 'distributors'::text)))"}]}]}, "Unique SQL Id": 1682224415}, "explain_analyze_plan": {"Plan": {"Node Type": "Aggregate", "Strategy": "Plain", "Startup Cost": 81837.23, "Total Cost": 81837.24, "Plan Rows": 1, "Plan Width": 123, "Actual Startup Time": 1352.051, "Actual Total Time": 1352.052, "Actual Rows": 1, "Actual Loops": 1, "Plans": [{"Node Type": "Nested Loop", "Parent Relationship": "Outer", "Join Type": "Inner", "Startup Cost": 0.0, "Total Cost": 81837.21, "Plan Rows": 4, "Plan Width": 59, "Actual Startup Time": 940.615, "Actual Total Time": 1352.01, "Actual Rows": 5, "Actual Loops": 1, "Inner Unique": true, "Plans": [{"Node Type": "Nested Loop", "Parent Relationship": "Outer", "Join Type": "Inner", "Startup Cost": 0.0, "Total Cost": 81836.06, "Plan Rows": 4, "Plan Width": 63, "Actual Startup Time": 940.008, "Actual Total Time": 1351.971, "Actual Rows": 10, "Actual Loops": 1, "Inner Unique": true, "Plans": [{"Node Type": "Nested Loop", "Parent Relationship": "Outer", "Join Type": "Inner", "Startup Cost": 0.0, "Total Cost": 81834.63, "Plan Rows": 5, "Plan Width": 67, "Actual Startup Time": 939.992, "Actual Total Time": 1351.765, "Actual Rows": 33, "Actual Loops": 1, "Inner Unique": true, "Plans": [{"Node Type": "Nested Loop", "Parent Relationship": "Outer", "Join Type": "Inner", "Startup Cost": 0.0, "Total Cost": 81517.66, "Plan Rows": 1122, "Plan Width": 71, "Actual Startup Time": 939.82, "Actual Total Time": 1340.818, "Actual Rows": 4959, "Actual Loops": 1, "Inner Unique": false, "Join Filter": "(t.id = mi.movie_id)", "Rows Removed by Join Filter": 0, "Plans": [{"Node Type": "Nested Loop", "Parent Relationship": "Outer", "Join Type": "Inner", "Startup Cost": 0.0, "Total Cost": 81365.0, "Plan Rows": 210, "Plan Width": 37, "Actual Startup Time": 939.793, "Actual Total Time": 1336.44, "Actual Rows": 33, "Actual Loops": 1, "Inner Unique": false, "Join Filter": "(t.id = mc.movie_id)", "Rows Removed by Join Filter": 0, "Plans": [{"Node Type": "Nested Loop", "Parent Relationship": "Outer", "Join Type": "Inner", "Startup Cost": 0.0, "Total Cost": 81244.23, "Plan Rows": 311, "Plan Width": 25, "Actual Startup Time": 939.753, "Actual Total Time": 1336.353, "Actual Rows": 2, "Actual Loops": 1, "Inner Unique": true, "Plans": [{"Node Type": "Nested Loop", "Parent Relationship": "Outer", "Join Type": "Inner", "Startup Cost": 0.0, "Total Cost": 81132.36, "Plan Rows": 396, "Plan Width": 29, "Actual Startup Time": 13.999, "Actual Total Time": 1329.158, "Actual Rows": 2645, "Actual Loops": 1, "Inner Unique": false, "Plans": [{"Node Type": "Seq Scan", "Parent Relationship": "Outer", "Relation Name": "title", "Alias": "t", "Startup Cost": 0.0, "Total Cost": 79031.44, "Plan Rows": 258, "Plan Width": 21, "Actual Startup Time": 0.387, "Actual Total Time": 1314.964, "Actual Rows": 2536, "Actual Loops": 1, "Filter": "((production_year > 2000) AND (((title)::text ~~ 'Birdemic%'::text) OR ((title)::text ~~ '%Movie%'::text)))", "Rows Removed by Filter": 2525775}, {"Node Type": "Index Scan", "Parent Relationship": "Inner", "Scan Direction": "Forward", "Index Name": "movie_id_movie_info_idx", "Relation Name": "movie_info_idx", "Alias": "mi_idx", "Startup Cost": 0.0, "Total Cost": 8.12, "Plan Rows": 2, "Plan Width": 8, "Actual Startup Time": 10.642, "Actual Total Time": 11.588, "Actual Rows": 2645, "Actual Loops": 2536, "Index Cond": "(movie_id = t.id)", "Rows Removed by Index Recheck": 0}]}, {"Node Type": "Index Scan", "Parent Relationship": "Inner", "Scan Direction": "Forward", "Index Name": "info_type_pkey", "Relation Name": "info_type", "Alias": "it2", "Startup Cost": 0.0, "Total Cost": 0.27, "Plan Rows": 1, "Plan Width": 4, "Actual Startup Time": 5.582, "Actual Total Time": 5.582, "Actual Rows": 2, "Actual Loops": 2645, "Index Cond": "(id = mi_idx.info_type_id)", "Rows Removed by Index Recheck": 0, "Filter": "((info)::text = 'bottom 10 rank'::text)", "Rows Removed by Filter": 2643}]}, {"Node Type": "Index Scan", "Parent Relationship": "Inner", "Scan Direction": "Forward", "Index Name": "movie_id_movie_companies", "Relation Name": "movie_companies", "Alias": "mc", "Startup Cost": 0.0, "Total Cost": 0.36, "Plan Rows": 2, "Plan Width": 12, "Actual Startup Time": 0.021, "Actual Total Time": 0.039, "Actual Rows": 33, "Actual Loops": 2, "Index Cond": "(movie_id = mi_idx.movie_id)", "Rows Removed by Index Recheck": 0}]}, {"Node Type": "Index Scan", "Parent Relationship": "Inner", "Scan Direction": "Forward", "Index Name": "movie_id_movie_info", "Relation Name": "movie_info", "Alias": "mi", "Startup Cost": 0.0, "Total Cost": 0.66, "Plan Rows": 5, "Plan Width": 50, "Actual Startup Time": 0.497, "Actual Total Time": 2.577, "Actual Rows": 4959, "Actual Loops": 33, "Index Cond": "(movie_id = mc.movie_id)", "Rows Removed by Index Recheck": 0}]}, {"Node Type": "Index Scan", "Parent Relationship": "Inner", "Scan Direction": "Forward", "Index Name": "info_type_pkey", "Relation Name": "info_type", "Alias": "it1", "Startup Cost": 0.0, "Total Cost": 0.27, "Plan Rows": 1, "Plan Width": 4, "Actual Startup Time": 8.716, "Actual Total Time": 8.716, "Actual Rows": 33, "Actual Loops": 4959, "Index Cond": "(id = mi.info_type_id)", "Rows Removed by Index Recheck": 0, "Filter": "((info)::text = 'budget'::text)", "Rows Removed by Filter": 4864}]}, {"Node Type": "Index Scan", "Parent Relationship": "Inner", "Scan Direction": "Forward", "Index Name": "company_name_pkey", "Relation Name": "company_name", "Alias": "cn", "Startup Cost": 0.0, "Total Cost": 0.28, "Plan Rows": 1, "Plan Width": 4, "Actual Startup Time": 0.18, "Actual Total Time": 0.18, "Actual Rows": 10, "Actual Loops": 33, "Index Cond": "(id = mc.company_id)", "Rows Removed by Index Recheck": 0, "Filter": "((country_code)::text = '[us]'::text)", "Rows Removed by Filter": 23}]}, {"Node Type": "Index Scan", "Parent Relationship": "Inner", "Scan Direction": "Forward", "Index Name": "company_type_pkey", "Relation Name": "company_type", "Alias": "ct", "Startup Cost": 0.0, "Total Cost": 0.28, "Plan Rows": 1, "Plan Width": 4, "Actual Startup Time": 0.024, "Actual Total Time": 0.024, "Actual Rows": 5, "Actual Loops": 10, "Index Cond": "(id = mc.company_type_id)", "Rows Removed by Index Recheck": 0, "Filter": "((kind IS NOT NULL) AND (((kind)::text = 'production companies'::text) OR ((kind)::text = 'distributors'::text)))", "Rows Removed by Filter": 0}]}]}, "Triggers": [], "Planner Runtime": 100.768, "Total Runtime": 1352.452, "Unique SQL Id": 1682224415}}, "(1, 89)": {"explain_plan": {"Plan": {"Node Type": "Aggregate", "Strategy": "Plain", "Startup Cost": 131888.6, "Total Cost": 131888.61, "Plan Rows": 1, "Plan Width": 123, "Plans": [{"Node Type": "Nested Loop", "Parent Relationship": "Outer", "Join Type": "Inner", "Startup Cost": 0.0, "Total Cost": 131888.58, "Plan Rows": 4, "Plan Width": 59, "Inner Unique": true, "Plans": [{"Node Type": "Nested Loop", "Parent Relationship": "Outer", "Join Type": "Inner", "Startup Cost": 0.0, "Total Cost": 131887.44, "Plan Rows": 4, "Plan Width": 63, "Inner Unique": true, "Plans": [{"Node Type": "Nested Loop", "Parent Relationship": "Outer", "Join Type": "Inner", "Startup Cost": 0.0, "Total Cost": 131886.01, "Plan Rows": 5, "Plan Width": 67, "Inner Unique": true, "Plans": [{"Node Type": "Nested Loop", "Parent Relationship": "Outer", "Join Type": "Inner", "Startup Cost": 0.0, "Total Cost": 131569.04, "Plan Rows": 1122, "Plan Width": 71, "Inner Unique": false, "Join Filter": "(t.id = mi.movie_id)", "Plans": [{"Node Type": "Nested Loop", "Parent Relationship": "Outer", "Join Type": "Inner", "Startup Cost": 0.0, "Total Cost": 131416.38, "Plan Rows": 210, "Plan Width": 37, "Inner Unique": false, "Join Filter": "(t.id = mc.movie_id)", "Plans": [{"Node Type": "Nested Loop", "Parent Relationship": "Outer", "Join Type": "Inner", "Startup Cost": 0.0, "Total Cost": 131295.61, "Plan Rows": 311, "Plan Width": 25, "Inner Unique": true, "Plans": [{"Node Type": "Nested Loop", "Parent Relationship": "Outer", "Join Type": "Inner", "Startup Cost": 0.0, "Total Cost": 131183.74, "Plan Rows": 396, "Plan Width": 29, "Inner Unique": false, "Plans": [{"Node Type": "Index Scan", "Parent Relationship": "Outer", "Scan Direction": "Forward", "Index Name": "title_pkey", "Relation Name": "title", "Alias": "t", "Startup Cost": 0.0, "Total Cost": 129082.82, "Plan Rows": 258, "Plan Width": 21, "Filter": "((production_year > 2000) AND (((title)::text ~~ 'Birdemic%'::text) OR ((title)::text ~~ '%Movie%'::text)))"}, {"Node Type": "Index Scan", "Parent Relationship": "Inner", "Scan Direction": "Forward", "Index Name": "movie_id_movie_info_idx", "Relation Name": "movie_info_idx", "Alias": "mi_idx", "Startup Cost": 0.0, "Total Cost": 8.12, "Plan Rows": 2, "Plan Width": 8, "Index Cond": "(movie_id = t.id)"}]}, {"Node Type": "Index Scan", "Parent Relationship": "Inner", "Scan Direction": "Forward", "Index Name": "info_type_pkey", "Relation Name": "info_type", "Alias": "it2", "Startup Cost": 0.0, "Total Cost": 0.27, "Plan Rows": 1, "Plan Width": 4, "Index Cond": "(id = mi_idx.info_type_id)", "Filter": "((info)::text = 'bottom 10 rank'::text)"}]}, {"Node Type": "Index Scan", "Parent Relationship": "Inner", "Scan Direction": "Forward", "Index Name": "movie_id_movie_companies", "Relation Name": "movie_companies", "Alias": "mc", "Startup Cost": 0.0, "Total Cost": 0.36, "Plan Rows": 2, "Plan Width": 12, "Index Cond": "(movie_id = mi_idx.movie_id)"}]}, {"Node Type": "Index Scan", "Parent Relationship": "Inner", "Scan Direction": "Forward", "Index Name": "movie_id_movie_info", "Relation Name": "movie_info", "Alias": "mi", "Startup Cost": 0.0, "Total Cost": 0.66, "Plan Rows": 5, "Plan Width": 50, "Index Cond": "(movie_id = mc.movie_id)"}]}, {"Node Type": "Index Scan", "Parent Relationship": "Inner", "Scan Direction": "Forward", "Index Name": "info_type_pkey", "Relation Name": "info_type", "Alias": "it1", "Startup Cost": 0.0, "Total Cost": 0.27, "Plan Rows": 1, "Plan Width": 4, "Index Cond": "(id = mi.info_type_id)", "Filter": "((info)::text = 'budget'::text)"}]}, {"Node Type": "Index Scan", "Parent Relationship": "Inner", "Scan Direction": "Forward", "Index Name": "company_name_pkey", "Relation Name": "company_name", "Alias": "cn", "Startup Cost": 0.0, "Total Cost": 0.28, "Plan Rows": 1, "Plan Width": 4, "Index Cond": "(id = mc.company_id)", "Filter": "((country_code)::text = '[us]'::text)"}]}, {"Node Type": "Index Scan", "Parent Relationship": "Inner", "Scan Direction": "Forward", "Index Name": "company_type_pkey", "Relation Name": "company_type", "Alias": "ct", "Startup Cost": 0.0, "Total Cost": 0.28, "Plan Rows": 1, "Plan Width": 4, "Index Cond": "(id = mc.company_type_id)", "Filter": "((kind IS NOT NULL) AND (((kind)::text = 'production companies'::text) OR ((kind)::text = 'distributors'::text)))"}]}]}, "Unique SQL Id": 1682224415}, "explain_analyze_plan": null}, "(1, 90)": {"explain_plan": {"Plan": {"Node Type": "Aggregate", "Strategy": "Plain", "Startup Cost": 2736082.37, "Total Cost": 2736082.38, "Plan Rows": 1, "Plan Width": 123, "Plans": [{"Node Type": "Merge Join", "Parent Relationship": "Outer", "Join Type": "Inner", "Startup Cost": 2736082.17, "Total Cost": 2736082.35, "Plan Rows": 4, "Plan Width": 59, "Inner Unique": false, "Merge Cond": "(ct.id = mc.company_type_id)", "Plans": [{"Node Type": "Sort", "Parent Relationship": "Outer", "Startup Cost": 1.05, "Total Cost": 1.06, "Plan Rows": 2, "Plan Width": 4, "Sort Key": ["ct.id"], "Plans": [{"Node Type": "Seq Scan", "Parent Relationship": "Outer", "Relation Name": "company_type", "Alias": "ct", "Startup Cost": 0.0, "Total Cost": 1.04, "Plan Rows": 2, "Plan Width": 4, "Filter": "((kind IS NOT NULL) AND (((kind)::text = 'production companies'::text) OR ((kind)::text = 'distributors'::text)))"}]}, {"Node Type": "Sort", "Parent Relationship": "Inner", "Startup Cost": 2736081.08, "Total Cost": 2736081.11, "Plan Rows": 14, "Plan Width": 63, "Sort Key": ["mc.company_type_id"], "Plans": [{"Node Type": "Merge Join", "Parent Relationship": "Outer", "Join Type": "Inner", "Startup Cost": 2735654.46, "Total Cost": 2736080.81, "Plan Rows": 14, "Plan Width": 63, "Inner Unique": true, "Merge Cond": "(mc.company_id = cn.id)", "Plans": [{"Node Type": "Sort", "Parent Relationship": "Outer", "Startup Cost": 2722776.41, "Total Cost": 2722776.54, "Plan Rows": 51, "Plan Width": 67, "Sort Key": ["mc.company_id"], "Plans": [{"Node Type": "Merge Join", "Parent Relationship": "Outer", "Join Type": "Inner", "Startup Cost": 2722767.5, "Total Cost": 2722774.96, "Plan Rows": 51, "Plan Width": 67, "Inner Unique": false, "Merge Cond": "(it1.id = mi.info_type_id)", "Plans": [{"Node Type": "Sort", "Parent Relationship": "Outer", "Startup Cost": 2.41, "Total Cost": 2.42, "Plan Rows": 1, "Plan Width": 4, "Sort Key": ["it1.id"], "Plans": [{"Node Type": "Seq Scan", "Parent Relationship": "Outer", "Relation Name": "info_type", "Alias": "it1", "Startup Cost": 0.0, "Total Cost": 2.4, "Plan Rows": 1, "Plan Width": 4, "Filter": "((info)::text = 'budget'::text)"}]}, {"Node Type": "Sort", "Parent Relationship": "Inner", "Startup Cost": 2722764.67, "Total Cost": 2722768.5, "Plan Rows": 1531, "Plan Width": 71, "Sort Key": ["mi.info_type_id"], "Plans": [{"Node Type": "Merge Join", "Parent Relationship": "Outer", "Join Type": "Inner", "Startup Cost": 2635320.64, "Total Cost": 2722683.68, "Plan Rows": 1531, "Plan Width": 71, "Inner Unique": false, "Merge Cond": "(t.id = mc.movie_id)", "Plans": [{"Node Type": "Merge Join", "Parent Relationship": "Outer", "Join Type": "Inner", "Startup Cost": 2315433.76, "Total Cost": 2389801.63, "Plan Rows": 1659, "Plan Width": 75, "Inner Unique": false, "Merge Cond": "(t.id = mi.movie_id)", "Plans": [{"Node Type": "Sort", "Parent Relationship": "Outer", "Startup Cost": 246994.63, "Total Cost": 246995.41, "Plan Rows": 311, "Plan Width": 25, "Sort Key": ["mi_idx.movie_id"], "Plans": [{"Node Type": "Merge Join", "Parent Relationship": "Outer", "Join Type": "Inner", "Startup Cost": 246978.79, "Total Cost": 246981.76, "Plan Rows": 311, "Plan Width": 25, "Inner Unique": false, "Merge Cond": "(it2.id = mi_idx.info_type_id)", "Plans": [{"Node Type": "Sort", "Parent Relationship": "Outer", "Startup Cost": 2.41, "Total Cost": 2.42, "Plan Rows": 1, "Plan Width": 4, "Sort Key": ["it2.id"], "Plans": [{"Node Type": "Seq Scan", "Parent Relationship": "Outer", "Relation Name": "info_type", "Alias": "it2", "Startup Cost": 0.0, "Total Cost": 2.4, "Plan Rows": 1, "Plan Width": 4, "Filter": "((info)::text = 'bottom 10 rank'::text)"}]}, {"Node Type": "Sort", "Parent Relationship": "Inner", "Startup Cost": 246976.37, "Total Cost": 246977.36, "Plan Rows": 396, "Plan Width": 29, "Sort Key": ["mi_idx.info_type_id"], "Plans": [{"Node Type": "Merge Join", "Parent Relationship": "Outer", "Join Type": "Inner", "Startup Cost": 240053.9, "Total Cost": 246959.28, "Plan Rows": 396, "Plan Width": 29, "Inner Unique": false, "Merge Cond": "(t.id = mi_idx.movie_id)", "Plans": [{"Node Type": "Sort", "Parent Relationship": "Outer", "Startup Cost": 79041.78, "Total Cost": 79042.42, "Plan Rows": 258, "Plan Width": 21, "Sort Key": ["t.id"], "Plans": [{"Node Type": "Seq Scan", "Parent Relationship": "Outer", "Relation Name": "title", "Alias": "t", "Startup Cost": 0.0, "Total Cost": 79031.44, "Plan Rows": 258, "Plan Width": 21, "Filter": "((production_year > 2000) AND (((title)::text ~~ 'Birdemic%'::text) OR ((title)::text ~~ '%Movie%'::text)))"}]}, {"Node Type": "Sort", "Parent Relationship": "Inner", "Startup Cost": 161012.09, "Total Cost": 164462.17, "Plan Rows": 1380034, "Plan Width": 8, "Sort Key": ["mi_idx.movie_id"], "Plans": [{"Node Type": "Seq Scan", "Parent Relationship": "Outer", "Relation Name": "movie_info_idx", "Alias": "mi_idx", "Startup Cost": 0.0, "Total Cost": 20274.34, "Plan Rows": 1380034, "Plan Width": 8}]}]}]}]}]}, {"Node Type": "Sort", "Parent Relationship": "Inner", "Startup Cost": 2068439.13, "Total Cost": 2105614.04, "Plan Rows": 14869966, "Plan Width": 50, "Sort Key": ["mi.movie_id"], "Plans": [{"Node Type": "Seq Scan", "Parent Relationship": "Outer", "Relation Name": "movie_info", "Alias": "mi", "Startup Cost": 0.0, "Total Cost": 296987.66, "Plan Rows": 14869966, "Plan Width": 50}]}]}, {"Node Type": "Sort", "Parent Relationship": "Inner", "Startup Cost": 319886.87, "Total Cost": 326409.69, "Plan Rows": 2609128, "Plan Width": 12, "Sort Key": ["mc.movie_id"], "Plans": [{"Node Type": "Seq Scan", "Parent Relationship": "Outer", "Relation Name": "movie_companies", "Alias": "mc", "Startup Cost": 0.0, "Total Cost": 41817.28, "Plan Rows": 2609128, "Plan Width": 12}]}]}]}]}]}, {"Node Type": "Sort", "Parent Relationship": "Inner", "Startup Cost": 12878.05, "Total Cost": 13090.97, "Plan Rows": 85170, "Plan Width": 4, "Sort Key": ["cn.id"], "Plans": [{"Node Type": "Seq Scan", "Parent Relationship": "Outer", "Relation Name": "company_name", "Alias": "cn", "Startup Cost": 0.0, "Total Cost": 5903.45, "Plan Rows": 85170, "Plan Width": 4, "Filter": "((country_code)::text = '[us]'::text)"}]}]}]}]}]}, "Unique SQL Id": 1682224415}, "explain_analyze_plan": null}, "(1, 91)": {"explain_plan": {"Plan": {"Node Type": "Aggregate", "Strategy": "Plain", "Startup Cost": 7996295437599.52, "Total Cost": 7996295437599.53, "Plan Rows": 1, "Plan Width": 123, "Plans": [{"Node Type": "Merge Join", "Parent Relationship": "Outer", "Join Type": "Inner", "Startup Cost": 7006294387245.74, "Total Cost": 7996295437599.28, "Plan Rows": 48, "Plan Width": 59, "Inner Unique": true, "Merge Cond": "(mc.company_id = cn.id)", "Plans": [{"Node Type": "Sort", "Parent Relationship": "Outer", "Startup Cost": 6996294387245.73, "Total Cost": 6996294387245.97, "Plan Rows": 98, "Plan Width": 63, "Sort Key": ["mc.company_id"], "Plans": [{"Node Type": "Merge Join", "Parent Relationship": "Outer", "Join Type": "Inner", "Startup Cost": 6006294385803.55, "Total Cost": 6996294387242.48, "Plan Rows": 98, "Plan Width": 63, "Inner Unique": true, "Merge Cond": "(mi.info_type_id = it1.id)", "Plans": [{"Node Type": "Sort", "Parent Relationship": "Outer", "Startup Cost": 5996294385802.56, "Total Cost": 5996294385811.63, "Plan Rows": 3629, "Plan Width": 67, "Sort Key": ["mi.info_type_id"], "Plans": [{"Node Type": "Merge Join", "Parent Relationship": "Outer", "Join Type": "Inner", "Startup Cost": 4020011495603.29, "Total Cost": 5996294385587.99, "Plan Rows": 3629, "Plan Width": 67, "Inner Unique": false, "Merge Cond": "(mc.movie_id = t.id)", "Plans": [{"Node Type": "Sort", "Parent Relationship": "Outer", "Startup Cost": 2000009630131.7, "Total Cost": 2000009636654.52, "Plan Rows": 2609128, "Plan Width": 8, "Sort Key": ["mc.movie_id"], "Plans": [{"Node Type": "Merge Join", "Parent Relationship": "Outer", "Join Type": "Inner", "Startup Cost": 504554486367.56, "Total Cost": 2000009352062.11, "Plan Rows": 2609128, "Plan Width": 8, "Inner Unique": false, "Merge Cond": "(ct.id = mc.company_type_id)", "Plans": [{"Node Type": "Index Scan", "Parent Relationship": "Outer", "Scan Direction": "Forward", "Index Name": "company_type_pkey", "Relation Name": "company_type", "Alias": "ct", "Startup Cost": 10000000000.0, "Total Cost": 1000000001231.0, "Plan Rows": 2, "Plan Width": 4, "Filter": "((kind IS NOT NULL) AND (((kind)::text = 'production companies'::text) OR ((kind)::text = 'distributors'::text)))"}, {"Node Type": "Index Scan", "Parent Relationship": "Inner", "Scan Direction": "Forward", "Index Name": "company_type_id_movie_companies", "Relation Name": "movie_companies", "Alias": "mc", "Startup Cost": 10000000000.0, "Total Cost": 1000009318217.0, "Plan Rows": 2609128, "Plan Width": 12}]}]}, {"Node Type": "Materialize", "Parent Relationship": "Inner", "Startup Cost": 2020001865471.59, "Total Cost": 3998670116987.32, "Plan Rows": 1659, "Plan Width": 75, "Plans": [{"Node Type": "Merge Join", "Parent Relationship": "Outer", "Join Type": "Inner", "Startup Cost": 2020001865471.59, "Total Cost": 3998670116983.17, "Plan Rows": 1659, "Plan Width": 75, "Inner Unique": false, "Merge Cond": "(mi_idx.movie_id = t.id)", "Plans": [{"Node Type": "Sort", "Parent Relationship": "Outer", "Startup Cost": 2000001865471.58, "Total Cost": 2000001866334.1, "Plan Rows": 345008, "Plan Width": 4, "Sort Key": ["mi_idx.movie_id"], "Plans": [{"Node Type": "Nested Loop", "Parent Relationship": "Outer", "Join Type": "Inner", "Startup Cost": 20000007502.06, "Total Cost": 2000001833737.28, "Plan Rows": 345008, "Plan Width": 4, "Inner Unique": false, "Plans": [{"Node Type": "Index Scan", "Parent Relationship": "Outer", "Scan Direction": "Forward", "Index Name": "info_type_pkey", "Relation Name": "info_type", "Alias": "it2", "Startup Cost": 10000000000.0, "Total Cost": 1000000001421.0, "Plan Rows": 1, "Plan Width": 4, "Filter": "((info)::text = 'bottom 10 rank'::text)"}, {"Node Type": "Bitmap Heap Scan", "Parent Relationship": "Inner", "Relation Name": "movie_info_idx", "Alias": "mi_idx", "Startup Cost": 10000007502.06, "Total Cost": 1000001828866.2, "Plan Rows": 345008, "Plan Width": 8, "Recheck Cond": "(info_type_id = it2.id), (LLVM Optimized)", "Plans": [{"Node Type": "Bitmap Index Scan", "Parent Relationship": "Outer", "Index Name": "info_type_id_movie_info_idx", "Startup Cost": 0.0, "Total Cost": 7415.81, "Plan Rows": 345008, "Plan Width": 0, "Index Cond": "(info_type_id = it2.id)"}]}]}]}, {"Node Type": "Materialize", "Parent Relationship": "Inner", "Startup Cost": 20000000000.0, "Total Cost": 2000116762393.22, "Plan Rows": 1367, "Plan Width": 71, "Plans": [{"Node Type": "Merge Join", "Parent Relationship": "Outer", "Join Type": "Inner", "Startup Cost": 20000000000.0, "Total Cost": 2000116762389.8, "Plan Rows": 1367, "Plan Width": 71, "Inner Unique": true, "Merge Cond": "(mi.movie_id = t.id)", "Plans": [{"Node Type": "Index Scan", "Parent Relationship": "Outer", "Scan Direction": "Forward", "Index Name": "movie_id_movie_info", "Relation Name": "movie_info", "Alias": "mi", "Startup Cost": 10000000000.0, "Total Cost": 1000103816912.22, "Plan Rows": 14869966, "Plan Width": 50}, {"Node Type": "Materialize", "Parent Relationship": "Inner", "Startup Cost": 10000000000.0, "Total Cost": 1000012908282.81, "Plan Rows": 258, "Plan Width": 21, "Plans": [{"Node Type": "Index Scan", "Parent Relationship": "Outer", "Scan Direction": "Forward", "Index Name": "title_pkey", "Relation Name": "title", "Alias": "t", "Startup Cost": 10000000000.0, "Total Cost": 1000012908282.16, "Plan Rows": 258, "Plan Width": 21, "Filter": "((production_year > 2000) AND (((title)::text ~~ 'Birdemic%'::text) OR ((title)::text ~~ '%Movie%'::text)))"}]}]}]}]}]}]}]}, {"Node Type": "Materialize", "Parent Relationship": "Inner", "Startup Cost": 10000000000.0, "Total Cost": 1000000001421.0, "Plan Rows": 1, "Plan Width": 4, "Plans": [{"Node Type": "Index Scan", "Parent Relationship": "Outer", "Scan Direction": "Forward", "Index Name": "info_type_pkey", "Relation Name": "info_type", "Alias": "it1", "Startup Cost": 10000000000.0, "Total Cost": 1000000001421.0, "Plan Rows": 1, "Plan Width": 4, "Filter": "((info)::text = 'budget'::text)"}]}]}]}, {"Node Type": "Index Scan", "Parent Relationship": "Inner", "Scan Direction": "Forward", "Index Name": "company_name_pkey", "Relation Name": "company_name", "Alias": "cn", "Startup Cost": 10000000000.0, "Total Cost": 1000001050138.97, "Plan Rows": 85170, "Plan Width": 4, "Filter": "((country_code)::text = '[us]'::text)"}]}]}, "Unique SQL Id": 1682224415}, "explain_analyze_plan": null}, "(1, 92)": {"explain_plan": {"Plan": {"Node Type": "Aggregate", "Strategy": "Plain", "Startup Cost": 81837.23, "Total Cost": 81837.24, "Plan Rows": 1, "Plan Width": 123, "Plans": [{"Node Type": "Nested Loop", "Parent Relationship": "Outer", "Join Type": "Inner", "Startup Cost": 0.0, "Total Cost": 81837.21, "Plan Rows": 4, "Plan Width": 59, "Inner Unique": true, "Plans": [{"Node Type": "Nested Loop", "Parent Relationship": "Outer", "Join Type": "Inner", "Startup Cost": 0.0, "Total Cost": 81836.06, "Plan Rows": 4, "Plan Width": 63, "Inner Unique": true, "Plans": [{"Node Type": "Nested Loop", "Parent Relationship": "Outer", "Join Type": "Inner", "Startup Cost": 0.0, "Total Cost": 81834.63, "Plan Rows": 5, "Plan Width": 67, "Inner Unique": true, "Plans": [{"Node Type": "Nested Loop", "Parent Relationship": "Outer", "Join Type": "Inner", "Startup Cost": 0.0, "Total Cost": 81517.66, "Plan Rows": 1122, "Plan Width": 71, "Inner Unique": false, "Join Filter": "(t.id = mi.movie_id)", "Plans": [{"Node Type": "Nested Loop", "Parent Relationship": "Outer", "Join Type": "Inner", "Startup Cost": 0.0, "Total Cost": 81365.0, "Plan Rows": 210, "Plan Width": 37, "Inner Unique": false, "Join Filter": "(t.id = mc.movie_id)", "Plans": [{"Node Type": "Nested Loop", "Parent Relationship": "Outer", "Join Type": "Inner", "Startup Cost": 0.0, "Total Cost": 81244.23, "Plan Rows": 311, "Plan Width": 25, "Inner Unique": true, "Plans": [{"Node Type": "Nested Loop", "Parent Relationship": "Outer", "Join Type": "Inner", "Startup Cost": 0.0, "Total Cost": 81132.36, "Plan Rows": 396, "Plan Width": 29, "Inner Unique": false, "Plans": [{"Node Type": "Seq Scan", "Parent Relationship": "Outer", "Relation Name": "title", "Alias": "t", "Startup Cost": 0.0, "Total Cost": 79031.44, "Plan Rows": 258, "Plan Width": 21, "Filter": "((production_year > 2000) AND (((title)::text ~~ 'Birdemic%'::text) OR ((title)::text ~~ '%Movie%'::text)))"}, {"Node Type": "Index Scan", "Parent Relationship": "Inner", "Scan Direction": "Forward", "Index Name": "movie_id_movie_info_idx", "Relation Name": "movie_info_idx", "Alias": "mi_idx", "Startup Cost": 0.0, "Total Cost": 8.12, "Plan Rows": 2, "Plan Width": 8, "Index Cond": "(movie_id = t.id)"}]}, {"Node Type": "Index Scan", "Parent Relationship": "Inner", "Scan Direction": "Forward", "Index Name": "info_type_pkey", "Relation Name": "info_type", "Alias": "it2", "Startup Cost": 0.0, "Total Cost": 0.27, "Plan Rows": 1, "Plan Width": 4, "Index Cond": "(id = mi_idx.info_type_id)", "Filter": "((info)::text = 'bottom 10 rank'::text)"}]}, {"Node Type": "Index Scan", "Parent Relationship": "Inner", "Scan Direction": "Forward", "Index Name": "movie_id_movie_companies", "Relation Name": "movie_companies", "Alias": "mc", "Startup Cost": 0.0, "Total Cost": 0.36, "Plan Rows": 2, "Plan Width": 12, "Index Cond": "(movie_id = mi_idx.movie_id)"}]}, {"Node Type": "Index Scan", "Parent Relationship": "Inner", "Scan Direction": "Forward", "Index Name": "movie_id_movie_info", "Relation Name": "movie_info", "Alias": "mi", "Startup Cost": 0.0, "Total Cost": 0.66, "Plan Rows": 5, "Plan Width": 50, "Index Cond": "(movie_id = mc.movie_id)"}]}, {"Node Type": "Index Scan", "Parent Relationship": "Inner", "Scan Direction": "Forward", "Index Name": "info_type_pkey", "Relation Name": "info_type", "Alias": "it1", "Startup Cost": 0.0, "Total Cost": 0.27, "Plan Rows": 1, "Plan Width": 4, "Index Cond": "(id = mi.info_type_id)", "Filter": "((info)::text = 'budget'::text)"}]}, {"Node Type": "Index Scan", "Parent Relationship": "Inner", "Scan Direction": "Forward", "Index Name": "company_name_pkey", "Relation Name": "company_name", "Alias": "cn", "Startup Cost": 0.0, "Total Cost": 0.28, "Plan Rows": 1, "Plan Width": 4, "Index Cond": "(id = mc.company_id)", "Filter": "((country_code)::text = '[us]'::text)"}]}, {"Node Type": "Index Scan", "Parent Relationship": "Inner", "Scan Direction": "Forward", "Index Name": "company_type_pkey", "Relation Name": "company_type", "Alias": "ct", "Startup Cost": 0.0, "Total Cost": 0.28, "Plan Rows": 1, "Plan Width": 4, "Index Cond": "(id = mc.company_type_id)", "Filter": "((kind IS NOT NULL) AND (((kind)::text = 'production companies'::text) OR ((kind)::text = 'distributors'::text)))"}]}]}, "Unique SQL Id": 1682224415}, "explain_analyze_plan": {"Plan": {"Node Type": "Aggregate", "Strategy": "Plain", "Startup Cost": 81837.23, "Total Cost": 81837.24, "Plan Rows": 1, "Plan Width": 123, "Actual Startup Time": 1352.051, "Actual Total Time": 1352.052, "Actual Rows": 1, "Actual Loops": 1, "Plans": [{"Node Type": "Nested Loop", "Parent Relationship": "Outer", "Join Type": "Inner", "Startup Cost": 0.0, "Total Cost": 81837.21, "Plan Rows": 4, "Plan Width": 59, "Actual Startup Time": 940.615, "Actual Total Time": 1352.01, "Actual Rows": 5, "Actual Loops": 1, "Inner Unique": true, "Plans": [{"Node Type": "Nested Loop", "Parent Relationship": "Outer", "Join Type": "Inner", "Startup Cost": 0.0, "Total Cost": 81836.06, "Plan Rows": 4, "Plan Width": 63, "Actual Startup Time": 940.008, "Actual Total Time": 1351.971, "Actual Rows": 10, "Actual Loops": 1, "Inner Unique": true, "Plans": [{"Node Type": "Nested Loop", "Parent Relationship": "Outer", "Join Type": "Inner", "Startup Cost": 0.0, "Total Cost": 81834.63, "Plan Rows": 5, "Plan Width": 67, "Actual Startup Time": 939.992, "Actual Total Time": 1351.765, "Actual Rows": 33, "Actual Loops": 1, "Inner Unique": true, "Plans": [{"Node Type": "Nested Loop", "Parent Relationship": "Outer", "Join Type": "Inner", "Startup Cost": 0.0, "Total Cost": 81517.66, "Plan Rows": 1122, "Plan Width": 71, "Actual Startup Time": 939.82, "Actual Total Time": 1340.818, "Actual Rows": 4959, "Actual Loops": 1, "Inner Unique": false, "Join Filter": "(t.id = mi.movie_id)", "Rows Removed by Join Filter": 0, "Plans": [{"Node Type": "Nested Loop", "Parent Relationship": "Outer", "Join Type": "Inner", "Startup Cost": 0.0, "Total Cost": 81365.0, "Plan Rows": 210, "Plan Width": 37, "Actual Startup Time": 939.793, "Actual Total Time": 1336.44, "Actual Rows": 33, "Actual Loops": 1, "Inner Unique": false, "Join Filter": "(t.id = mc.movie_id)", "Rows Removed by Join Filter": 0, "Plans": [{"Node Type": "Nested Loop", "Parent Relationship": "Outer", "Join Type": "Inner", "Startup Cost": 0.0, "Total Cost": 81244.23, "Plan Rows": 311, "Plan Width": 25, "Actual Startup Time": 939.753, "Actual Total Time": 1336.353, "Actual Rows": 2, "Actual Loops": 1, "Inner Unique": true, "Plans": [{"Node Type": "Nested Loop", "Parent Relationship": "Outer", "Join Type": "Inner", "Startup Cost": 0.0, "Total Cost": 81132.36, "Plan Rows": 396, "Plan Width": 29, "Actual Startup Time": 13.999, "Actual Total Time": 1329.158, "Actual Rows": 2645, "Actual Loops": 1, "Inner Unique": false, "Plans": [{"Node Type": "Seq Scan", "Parent Relationship": "Outer", "Relation Name": "title", "Alias": "t", "Startup Cost": 0.0, "Total Cost": 79031.44, "Plan Rows": 258, "Plan Width": 21, "Actual Startup Time": 0.387, "Actual Total Time": 1314.964, "Actual Rows": 2536, "Actual Loops": 1, "Filter": "((production_year > 2000) AND (((title)::text ~~ 'Birdemic%'::text) OR ((title)::text ~~ '%Movie%'::text)))", "Rows Removed by Filter": 2525775}, {"Node Type": "Index Scan", "Parent Relationship": "Inner", "Scan Direction": "Forward", "Index Name": "movie_id_movie_info_idx", "Relation Name": "movie_info_idx", "Alias": "mi_idx", "Startup Cost": 0.0, "Total Cost": 8.12, "Plan Rows": 2, "Plan Width": 8, "Actual Startup Time": 10.642, "Actual Total Time": 11.588, "Actual Rows": 2645, "Actual Loops": 2536, "Index Cond": "(movie_id = t.id)", "Rows Removed by Index Recheck": 0}]}, {"Node Type": "Index Scan", "Parent Relationship": "Inner", "Scan Direction": "Forward", "Index Name": "info_type_pkey", "Relation Name": "info_type", "Alias": "it2", "Startup Cost": 0.0, "Total Cost": 0.27, "Plan Rows": 1, "Plan Width": 4, "Actual Startup Time": 5.582, "Actual Total Time": 5.582, "Actual Rows": 2, "Actual Loops": 2645, "Index Cond": "(id = mi_idx.info_type_id)", "Rows Removed by Index Recheck": 0, "Filter": "((info)::text = 'bottom 10 rank'::text)", "Rows Removed by Filter": 2643}]}, {"Node Type": "Index Scan", "Parent Relationship": "Inner", "Scan Direction": "Forward", "Index Name": "movie_id_movie_companies", "Relation Name": "movie_companies", "Alias": "mc", "Startup Cost": 0.0, "Total Cost": 0.36, "Plan Rows": 2, "Plan Width": 12, "Actual Startup Time": 0.021, "Actual Total Time": 0.039, "Actual Rows": 33, "Actual Loops": 2, "Index Cond": "(movie_id = mi_idx.movie_id)", "Rows Removed by Index Recheck": 0}]}, {"Node Type": "Index Scan", "Parent Relationship": "Inner", "Scan Direction": "Forward", "Index Name": "movie_id_movie_info", "Relation Name": "movie_info", "Alias": "mi", "Startup Cost": 0.0, "Total Cost": 0.66, "Plan Rows": 5, "Plan Width": 50, "Actual Startup Time": 0.497, "Actual Total Time": 2.577, "Actual Rows": 4959, "Actual Loops": 33, "Index Cond": "(movie_id = mc.movie_id)", "Rows Removed by Index Recheck": 0}]}, {"Node Type": "Index Scan", "Parent Relationship": "Inner", "Scan Direction": "Forward", "Index Name": "info_type_pkey", "Relation Name": "info_type", "Alias": "it1", "Startup Cost": 0.0, "Total Cost": 0.27, "Plan Rows": 1, "Plan Width": 4, "Actual Startup Time": 8.716, "Actual Total Time": 8.716, "Actual Rows": 33, "Actual Loops": 4959, "Index Cond": "(id = mi.info_type_id)", "Rows Removed by Index Recheck": 0, "Filter": "((info)::text = 'budget'::text)", "Rows Removed by Filter": 4864}]}, {"Node Type": "Index Scan", "Parent Relationship": "Inner", "Scan Direction": "Forward", "Index Name": "company_name_pkey", "Relation Name": "company_name", "Alias": "cn", "Startup Cost": 0.0, "Total Cost": 0.28, "Plan Rows": 1, "Plan Width": 4, "Actual Startup Time": 0.18, "Actual Total Time": 0.18, "Actual Rows": 10, "Actual Loops": 33, "Index Cond": "(id = mc.company_id)", "Rows Removed by Index Recheck": 0, "Filter": "((country_code)::text = '[us]'::text)", "Rows Removed by Filter": 23}]}, {"Node Type": "Index Scan", "Parent Relationship": "Inner", "Scan Direction": "Forward", "Index Name": "company_type_pkey", "Relation Name": "company_type", "Alias": "ct", "Startup Cost": 0.0, "Total Cost": 0.28, "Plan Rows": 1, "Plan Width": 4, "Actual Startup Time": 0.024, "Actual Total Time": 0.024, "Actual Rows": 5, "Actual Loops": 10, "Index Cond": "(id = mc.company_type_id)", "Rows Removed by Index Recheck": 0, "Filter": "((kind IS NOT NULL) AND (((kind)::text = 'production companies'::text) OR ((kind)::text = 'distributors'::text)))", "Rows Removed by Filter": 0}]}]}, "Triggers": [], "Planner Runtime": 100.768, "Total Runtime": 1352.452, "Unique SQL Id": 1682224415}}, "(1, 93)": {"explain_plan": {"Plan": {"Node Type": "Aggregate", "Strategy": "Plain", "Startup Cost": 131888.6, "Total Cost": 131888.61, "Plan Rows": 1, "Plan Width": 123, "Plans": [{"Node Type": "Nested Loop", "Parent Relationship": "Outer", "Join Type": "Inner", "Startup Cost": 0.0, "Total Cost": 131888.58, "Plan Rows": 4, "Plan Width": 59, "Inner Unique": true, "Plans": [{"Node Type": "Nested Loop", "Parent Relationship": "Outer", "Join Type": "Inner", "Startup Cost": 0.0, "Total Cost": 131887.44, "Plan Rows": 4, "Plan Width": 63, "Inner Unique": true, "Plans": [{"Node Type": "Nested Loop", "Parent Relationship": "Outer", "Join Type": "Inner", "Startup Cost": 0.0, "Total Cost": 131886.01, "Plan Rows": 5, "Plan Width": 67, "Inner Unique": true, "Plans": [{"Node Type": "Nested Loop", "Parent Relationship": "Outer", "Join Type": "Inner", "Startup Cost": 0.0, "Total Cost": 131569.04, "Plan Rows": 1122, "Plan Width": 71, "Inner Unique": false, "Join Filter": "(t.id = mi.movie_id)", "Plans": [{"Node Type": "Nested Loop", "Parent Relationship": "Outer", "Join Type": "Inner", "Startup Cost": 0.0, "Total Cost": 131416.38, "Plan Rows": 210, "Plan Width": 37, "Inner Unique": false, "Join Filter": "(t.id = mc.movie_id)", "Plans": [{"Node Type": "Nested Loop", "Parent Relationship": "Outer", "Join Type": "Inner", "Startup Cost": 0.0, "Total Cost": 131295.61, "Plan Rows": 311, "Plan Width": 25, "Inner Unique": true, "Plans": [{"Node Type": "Nested Loop", "Parent Relationship": "Outer", "Join Type": "Inner", "Startup Cost": 0.0, "Total Cost": 131183.74, "Plan Rows": 396, "Plan Width": 29, "Inner Unique": false, "Plans": [{"Node Type": "Index Scan", "Parent Relationship": "Outer", "Scan Direction": "Forward", "Index Name": "title_pkey", "Relation Name": "title", "Alias": "t", "Startup Cost": 0.0, "Total Cost": 129082.82, "Plan Rows": 258, "Plan Width": 21, "Filter": "((production_year > 2000) AND (((title)::text ~~ 'Birdemic%'::text) OR ((title)::text ~~ '%Movie%'::text)))"}, {"Node Type": "Index Scan", "Parent Relationship": "Inner", "Scan Direction": "Forward", "Index Name": "movie_id_movie_info_idx", "Relation Name": "movie_info_idx", "Alias": "mi_idx", "Startup Cost": 0.0, "Total Cost": 8.12, "Plan Rows": 2, "Plan Width": 8, "Index Cond": "(movie_id = t.id)"}]}, {"Node Type": "Index Scan", "Parent Relationship": "Inner", "Scan Direction": "Forward", "Index Name": "info_type_pkey", "Relation Name": "info_type", "Alias": "it2", "Startup Cost": 0.0, "Total Cost": 0.27, "Plan Rows": 1, "Plan Width": 4, "Index Cond": "(id = mi_idx.info_type_id)", "Filter": "((info)::text = 'bottom 10 rank'::text)"}]}, {"Node Type": "Index Scan", "Parent Relationship": "Inner", "Scan Direction": "Forward", "Index Name": "movie_id_movie_companies", "Relation Name": "movie_companies", "Alias": "mc", "Startup Cost": 0.0, "Total Cost": 0.36, "Plan Rows": 2, "Plan Width": 12, "Index Cond": "(movie_id = mi_idx.movie_id)"}]}, {"Node Type": "Index Scan", "Parent Relationship": "Inner", "Scan Direction": "Forward", "Index Name": "movie_id_movie_info", "Relation Name": "movie_info", "Alias": "mi", "Startup Cost": 0.0, "Total Cost": 0.66, "Plan Rows": 5, "Plan Width": 50, "Index Cond": "(movie_id = mc.movie_id)"}]}, {"Node Type": "Index Scan", "Parent Relationship": "Inner", "Scan Direction": "Forward", "Index Name": "info_type_pkey", "Relation Name": "info_type", "Alias": "it1", "Startup Cost": 0.0, "Total Cost": 0.27, "Plan Rows": 1, "Plan Width": 4, "Index Cond": "(id = mi.info_type_id)", "Filter": "((info)::text = 'budget'::text)"}]}, {"Node Type": "Index Scan", "Parent Relationship": "Inner", "Scan Direction": "Forward", "Index Name": "company_name_pkey", "Relation Name": "company_name", "Alias": "cn", "Startup Cost": 0.0, "Total Cost": 0.28, "Plan Rows": 1, "Plan Width": 4, "Index Cond": "(id = mc.company_id)", "Filter": "((country_code)::text = '[us]'::text)"}]}, {"Node Type": "Index Scan", "Parent Relationship": "Inner", "Scan Direction": "Forward", "Index Name": "company_type_pkey", "Relation Name": "company_type", "Alias": "ct", "Startup Cost": 0.0, "Total Cost": 0.28, "Plan Rows": 1, "Plan Width": 4, "Index Cond": "(id = mc.company_type_id)", "Filter": "((kind IS NOT NULL) AND (((kind)::text = 'production companies'::text) OR ((kind)::text = 'distributors'::text)))"}]}]}, "Unique SQL Id": 1682224415}, "explain_analyze_plan": null}, "(1, 94)": {"explain_plan": {"Plan": {"Node Type": "Aggregate", "Strategy": "Plain", "Startup Cost": 2736082.37, "Total Cost": 2736082.38, "Plan Rows": 1, "Plan Width": 123, "Plans": [{"Node Type": "Merge Join", "Parent Relationship": "Outer", "Join Type": "Inner", "Startup Cost": 2736082.17, "Total Cost": 2736082.35, "Plan Rows": 4, "Plan Width": 59, "Inner Unique": false, "Merge Cond": "(ct.id = mc.company_type_id)", "Plans": [{"Node Type": "Sort", "Parent Relationship": "Outer", "Startup Cost": 1.05, "Total Cost": 1.06, "Plan Rows": 2, "Plan Width": 4, "Sort Key": ["ct.id"], "Plans": [{"Node Type": "Seq Scan", "Parent Relationship": "Outer", "Relation Name": "company_type", "Alias": "ct", "Startup Cost": 0.0, "Total Cost": 1.04, "Plan Rows": 2, "Plan Width": 4, "Filter": "((kind IS NOT NULL) AND (((kind)::text = 'production companies'::text) OR ((kind)::text = 'distributors'::text)))"}]}, {"Node Type": "Sort", "Parent Relationship": "Inner", "Startup Cost": 2736081.08, "Total Cost": 2736081.11, "Plan Rows": 14, "Plan Width": 63, "Sort Key": ["mc.company_type_id"], "Plans": [{"Node Type": "Merge Join", "Parent Relationship": "Outer", "Join Type": "Inner", "Startup Cost": 2735654.46, "Total Cost": 2736080.81, "Plan Rows": 14, "Plan Width": 63, "Inner Unique": true, "Merge Cond": "(mc.company_id = cn.id)", "Plans": [{"Node Type": "Sort", "Parent Relationship": "Outer", "Startup Cost": 2722776.41, "Total Cost": 2722776.54, "Plan Rows": 51, "Plan Width": 67, "Sort Key": ["mc.company_id"], "Plans": [{"Node Type": "Merge Join", "Parent Relationship": "Outer", "Join Type": "Inner", "Startup Cost": 2722767.5, "Total Cost": 2722774.96, "Plan Rows": 51, "Plan Width": 67, "Inner Unique": false, "Merge Cond": "(it1.id = mi.info_type_id)", "Plans": [{"Node Type": "Sort", "Parent Relationship": "Outer", "Startup Cost": 2.41, "Total Cost": 2.42, "Plan Rows": 1, "Plan Width": 4, "Sort Key": ["it1.id"], "Plans": [{"Node Type": "Seq Scan", "Parent Relationship": "Outer", "Relation Name": "info_type", "Alias": "it1", "Startup Cost": 0.0, "Total Cost": 2.4, "Plan Rows": 1, "Plan Width": 4, "Filter": "((info)::text = 'budget'::text)"}]}, {"Node Type": "Sort", "Parent Relationship": "Inner", "Startup Cost": 2722764.67, "Total Cost": 2722768.5, "Plan Rows": 1531, "Plan Width": 71, "Sort Key": ["mi.info_type_id"], "Plans": [{"Node Type": "Merge Join", "Parent Relationship": "Outer", "Join Type": "Inner", "Startup Cost": 2635320.64, "Total Cost": 2722683.68, "Plan Rows": 1531, "Plan Width": 71, "Inner Unique": false, "Merge Cond": "(t.id = mc.movie_id)", "Plans": [{"Node Type": "Merge Join", "Parent Relationship": "Outer", "Join Type": "Inner", "Startup Cost": 2315433.76, "Total Cost": 2389801.63, "Plan Rows": 1659, "Plan Width": 75, "Inner Unique": false, "Merge Cond": "(t.id = mi.movie_id)", "Plans": [{"Node Type": "Sort", "Parent Relationship": "Outer", "Startup Cost": 246994.63, "Total Cost": 246995.41, "Plan Rows": 311, "Plan Width": 25, "Sort Key": ["mi_idx.movie_id"], "Plans": [{"Node Type": "Merge Join", "Parent Relationship": "Outer", "Join Type": "Inner", "Startup Cost": 246978.79, "Total Cost": 246981.76, "Plan Rows": 311, "Plan Width": 25, "Inner Unique": false, "Merge Cond": "(it2.id = mi_idx.info_type_id)", "Plans": [{"Node Type": "Sort", "Parent Relationship": "Outer", "Startup Cost": 2.41, "Total Cost": 2.42, "Plan Rows": 1, "Plan Width": 4, "Sort Key": ["it2.id"], "Plans": [{"Node Type": "Seq Scan", "Parent Relationship": "Outer", "Relation Name": "info_type", "Alias": "it2", "Startup Cost": 0.0, "Total Cost": 2.4, "Plan Rows": 1, "Plan Width": 4, "Filter": "((info)::text = 'bottom 10 rank'::text)"}]}, {"Node Type": "Sort", "Parent Relationship": "Inner", "Startup Cost": 246976.37, "Total Cost": 246977.36, "Plan Rows": 396, "Plan Width": 29, "Sort Key": ["mi_idx.info_type_id"], "Plans": [{"Node Type": "Merge Join", "Parent Relationship": "Outer", "Join Type": "Inner", "Startup Cost": 240053.9, "Total Cost": 246959.28, "Plan Rows": 396, "Plan Width": 29, "Inner Unique": false, "Merge Cond": "(t.id = mi_idx.movie_id)", "Plans": [{"Node Type": "Sort", "Parent Relationship": "Outer", "Startup Cost": 79041.78, "Total Cost": 79042.42, "Plan Rows": 258, "Plan Width": 21, "Sort Key": ["t.id"], "Plans": [{"Node Type": "Seq Scan", "Parent Relationship": "Outer", "Relation Name": "title", "Alias": "t", "Startup Cost": 0.0, "Total Cost": 79031.44, "Plan Rows": 258, "Plan Width": 21, "Filter": "((production_year > 2000) AND (((title)::text ~~ 'Birdemic%'::text) OR ((title)::text ~~ '%Movie%'::text)))"}]}, {"Node Type": "Sort", "Parent Relationship": "Inner", "Startup Cost": 161012.09, "Total Cost": 164462.17, "Plan Rows": 1380034, "Plan Width": 8, "Sort Key": ["mi_idx.movie_id"], "Plans": [{"Node Type": "Seq Scan", "Parent Relationship": "Outer", "Relation Name": "movie_info_idx", "Alias": "mi_idx", "Startup Cost": 0.0, "Total Cost": 20274.34, "Plan Rows": 1380034, "Plan Width": 8}]}]}]}]}]}, {"Node Type": "Sort", "Parent Relationship": "Inner", "Startup Cost": 2068439.13, "Total Cost": 2105614.04, "Plan Rows": 14869966, "Plan Width": 50, "Sort Key": ["mi.movie_id"], "Plans": [{"Node Type": "Seq Scan", "Parent Relationship": "Outer", "Relation Name": "movie_info", "Alias": "mi", "Startup Cost": 0.0, "Total Cost": 296987.66, "Plan Rows": 14869966, "Plan Width": 50}]}]}, {"Node Type": "Sort", "Parent Relationship": "Inner", "Startup Cost": 319886.87, "Total Cost": 326409.69, "Plan Rows": 2609128, "Plan Width": 12, "Sort Key": ["mc.movie_id"], "Plans": [{"Node Type": "Seq Scan", "Parent Relationship": "Outer", "Relation Name": "movie_companies", "Alias": "mc", "Startup Cost": 0.0, "Total Cost": 41817.28, "Plan Rows": 2609128, "Plan Width": 12}]}]}]}]}]}, {"Node Type": "Sort", "Parent Relationship": "Inner", "Startup Cost": 12878.05, "Total Cost": 13090.97, "Plan Rows": 85170, "Plan Width": 4, "Sort Key": ["cn.id"], "Plans": [{"Node Type": "Seq Scan", "Parent Relationship": "Outer", "Relation Name": "company_name", "Alias": "cn", "Startup Cost": 0.0, "Total Cost": 5903.45, "Plan Rows": 85170, "Plan Width": 4, "Filter": "((country_code)::text = '[us]'::text)"}]}]}]}]}]}, "Unique SQL Id": 1682224415}, "explain_analyze_plan": null}, "(1, 95)": {"explain_plan": {"Plan": {"Node Type": "Aggregate", "Strategy": "Plain", "Startup Cost": 7996295437599.52, "Total Cost": 7996295437599.53, "Plan Rows": 1, "Plan Width": 123, "Plans": [{"Node Type": "Merge Join", "Parent Relationship": "Outer", "Join Type": "Inner", "Startup Cost": 7006294387245.74, "Total Cost": 7996295437599.28, "Plan Rows": 48, "Plan Width": 59, "Inner Unique": true, "Merge Cond": "(mc.company_id = cn.id)", "Plans": [{"Node Type": "Sort", "Parent Relationship": "Outer", "Startup Cost": 6996294387245.73, "Total Cost": 6996294387245.97, "Plan Rows": 98, "Plan Width": 63, "Sort Key": ["mc.company_id"], "Plans": [{"Node Type": "Merge Join", "Parent Relationship": "Outer", "Join Type": "Inner", "Startup Cost": 6006294385803.55, "Total Cost": 6996294387242.48, "Plan Rows": 98, "Plan Width": 63, "Inner Unique": true, "Merge Cond": "(mi.info_type_id = it1.id)", "Plans": [{"Node Type": "Sort", "Parent Relationship": "Outer", "Startup Cost": 5996294385802.56, "Total Cost": 5996294385811.63, "Plan Rows": 3629, "Plan Width": 67, "Sort Key": ["mi.info_type_id"], "Plans": [{"Node Type": "Merge Join", "Parent Relationship": "Outer", "Join Type": "Inner", "Startup Cost": 4020011495603.29, "Total Cost": 5996294385587.99, "Plan Rows": 3629, "Plan Width": 67, "Inner Unique": false, "Merge Cond": "(mc.movie_id = t.id)", "Plans": [{"Node Type": "Sort", "Parent Relationship": "Outer", "Startup Cost": 2000009630131.7, "Total Cost": 2000009636654.52, "Plan Rows": 2609128, "Plan Width": 8, "Sort Key": ["mc.movie_id"], "Plans": [{"Node Type": "Merge Join", "Parent Relationship": "Outer", "Join Type": "Inner", "Startup Cost": 504554486367.56, "Total Cost": 2000009352062.11, "Plan Rows": 2609128, "Plan Width": 8, "Inner Unique": false, "Merge Cond": "(ct.id = mc.company_type_id)", "Plans": [{"Node Type": "Index Scan", "Parent Relationship": "Outer", "Scan Direction": "Forward", "Index Name": "company_type_pkey", "Relation Name": "company_type", "Alias": "ct", "Startup Cost": 10000000000.0, "Total Cost": 1000000001231.0, "Plan Rows": 2, "Plan Width": 4, "Filter": "((kind IS NOT NULL) AND (((kind)::text = 'production companies'::text) OR ((kind)::text = 'distributors'::text)))"}, {"Node Type": "Index Scan", "Parent Relationship": "Inner", "Scan Direction": "Forward", "Index Name": "company_type_id_movie_companies", "Relation Name": "movie_companies", "Alias": "mc", "Startup Cost": 10000000000.0, "Total Cost": 1000009318217.0, "Plan Rows": 2609128, "Plan Width": 12}]}]}, {"Node Type": "Materialize", "Parent Relationship": "Inner", "Startup Cost": 2020001865471.59, "Total Cost": 3998670116987.32, "Plan Rows": 1659, "Plan Width": 75, "Plans": [{"Node Type": "Merge Join", "Parent Relationship": "Outer", "Join Type": "Inner", "Startup Cost": 2020001865471.59, "Total Cost": 3998670116983.17, "Plan Rows": 1659, "Plan Width": 75, "Inner Unique": false, "Merge Cond": "(mi_idx.movie_id = t.id)", "Plans": [{"Node Type": "Sort", "Parent Relationship": "Outer", "Startup Cost": 2000001865471.58, "Total Cost": 2000001866334.1, "Plan Rows": 345008, "Plan Width": 4, "Sort Key": ["mi_idx.movie_id"], "Plans": [{"Node Type": "Nested Loop", "Parent Relationship": "Outer", "Join Type": "Inner", "Startup Cost": 20000007502.06, "Total Cost": 2000001833737.28, "Plan Rows": 345008, "Plan Width": 4, "Inner Unique": false, "Plans": [{"Node Type": "Index Scan", "Parent Relationship": "Outer", "Scan Direction": "Forward", "Index Name": "info_type_pkey", "Relation Name": "info_type", "Alias": "it2", "Startup Cost": 10000000000.0, "Total Cost": 1000000001421.0, "Plan Rows": 1, "Plan Width": 4, "Filter": "((info)::text = 'bottom 10 rank'::text)"}, {"Node Type": "Bitmap Heap Scan", "Parent Relationship": "Inner", "Relation Name": "movie_info_idx", "Alias": "mi_idx", "Startup Cost": 10000007502.06, "Total Cost": 1000001828866.2, "Plan Rows": 345008, "Plan Width": 8, "Recheck Cond": "(info_type_id = it2.id), (LLVM Optimized)", "Plans": [{"Node Type": "Bitmap Index Scan", "Parent Relationship": "Outer", "Index Name": "info_type_id_movie_info_idx", "Startup Cost": 0.0, "Total Cost": 7415.81, "Plan Rows": 345008, "Plan Width": 0, "Index Cond": "(info_type_id = it2.id)"}]}]}]}, {"Node Type": "Materialize", "Parent Relationship": "Inner", "Startup Cost": 20000000000.0, "Total Cost": 2000116762393.22, "Plan Rows": 1367, "Plan Width": 71, "Plans": [{"Node Type": "Merge Join", "Parent Relationship": "Outer", "Join Type": "Inner", "Startup Cost": 20000000000.0, "Total Cost": 2000116762389.8, "Plan Rows": 1367, "Plan Width": 71, "Inner Unique": true, "Merge Cond": "(mi.movie_id = t.id)", "Plans": [{"Node Type": "Index Scan", "Parent Relationship": "Outer", "Scan Direction": "Forward", "Index Name": "movie_id_movie_info", "Relation Name": "movie_info", "Alias": "mi", "Startup Cost": 10000000000.0, "Total Cost": 1000103816912.22, "Plan Rows": 14869966, "Plan Width": 50}, {"Node Type": "Materialize", "Parent Relationship": "Inner", "Startup Cost": 10000000000.0, "Total Cost": 1000012908282.81, "Plan Rows": 258, "Plan Width": 21, "Plans": [{"Node Type": "Index Scan", "Parent Relationship": "Outer", "Scan Direction": "Forward", "Index Name": "title_pkey", "Relation Name": "title", "Alias": "t", "Startup Cost": 10000000000.0, "Total Cost": 1000012908282.16, "Plan Rows": 258, "Plan Width": 21, "Filter": "((production_year > 2000) AND (((title)::text ~~ 'Birdemic%'::text) OR ((title)::text ~~ '%Movie%'::text)))"}]}]}]}]}]}]}]}, {"Node Type": "Materialize", "Parent Relationship": "Inner", "Startup Cost": 10000000000.0, "Total Cost": 1000000001421.0, "Plan Rows": 1, "Plan Width": 4, "Plans": [{"Node Type": "Index Scan", "Parent Relationship": "Outer", "Scan Direction": "Forward", "Index Name": "info_type_pkey", "Relation Name": "info_type", "Alias": "it1", "Startup Cost": 10000000000.0, "Total Cost": 1000000001421.0, "Plan Rows": 1, "Plan Width": 4, "Filter": "((info)::text = 'budget'::text)"}]}]}]}, {"Node Type": "Index Scan", "Parent Relationship": "Inner", "Scan Direction": "Forward", "Index Name": "company_name_pkey", "Relation Name": "company_name", "Alias": "cn", "Startup Cost": 10000000000.0, "Total Cost": 1000001050138.97, "Plan Rows": 85170, "Plan Width": 4, "Filter": "((country_code)::text = '[us]'::text)"}]}]}, "Unique SQL Id": 1682224415}, "explain_analyze_plan": null}, "(1, 96)": {"explain_plan": {"Plan": {"Node Type": "Aggregate", "Strategy": "Plain", "Startup Cost": 81837.23, "Total Cost": 81837.24, "Plan Rows": 1, "Plan Width": 123, "Plans": [{"Node Type": "Nested Loop", "Parent Relationship": "Outer", "Join Type": "Inner", "Startup Cost": 0.0, "Total Cost": 81837.21, "Plan Rows": 4, "Plan Width": 59, "Inner Unique": true, "Plans": [{"Node Type": "Nested Loop", "Parent Relationship": "Outer", "Join Type": "Inner", "Startup Cost": 0.0, "Total Cost": 81836.06, "Plan Rows": 4, "Plan Width": 63, "Inner Unique": true, "Plans": [{"Node Type": "Nested Loop", "Parent Relationship": "Outer", "Join Type": "Inner", "Startup Cost": 0.0, "Total Cost": 81834.63, "Plan Rows": 5, "Plan Width": 67, "Inner Unique": true, "Plans": [{"Node Type": "Nested Loop", "Parent Relationship": "Outer", "Join Type": "Inner", "Startup Cost": 0.0, "Total Cost": 81517.66, "Plan Rows": 1122, "Plan Width": 71, "Inner Unique": false, "Join Filter": "(t.id = mi.movie_id)", "Plans": [{"Node Type": "Nested Loop", "Parent Relationship": "Outer", "Join Type": "Inner", "Startup Cost": 0.0, "Total Cost": 81365.0, "Plan Rows": 210, "Plan Width": 37, "Inner Unique": false, "Join Filter": "(t.id = mc.movie_id)", "Plans": [{"Node Type": "Nested Loop", "Parent Relationship": "Outer", "Join Type": "Inner", "Startup Cost": 0.0, "Total Cost": 81244.23, "Plan Rows": 311, "Plan Width": 25, "Inner Unique": true, "Plans": [{"Node Type": "Nested Loop", "Parent Relationship": "Outer", "Join Type": "Inner", "Startup Cost": 0.0, "Total Cost": 81132.36, "Plan Rows": 396, "Plan Width": 29, "Inner Unique": false, "Plans": [{"Node Type": "Seq Scan", "Parent Relationship": "Outer", "Relation Name": "title", "Alias": "t", "Startup Cost": 0.0, "Total Cost": 79031.44, "Plan Rows": 258, "Plan Width": 21, "Filter": "((production_year > 2000) AND (((title)::text ~~ 'Birdemic%'::text) OR ((title)::text ~~ '%Movie%'::text)))"}, {"Node Type": "Index Scan", "Parent Relationship": "Inner", "Scan Direction": "Forward", "Index Name": "movie_id_movie_info_idx", "Relation Name": "movie_info_idx", "Alias": "mi_idx", "Startup Cost": 0.0, "Total Cost": 8.12, "Plan Rows": 2, "Plan Width": 8, "Index Cond": "(movie_id = t.id)"}]}, {"Node Type": "Index Scan", "Parent Relationship": "Inner", "Scan Direction": "Forward", "Index Name": "info_type_pkey", "Relation Name": "info_type", "Alias": "it2", "Startup Cost": 0.0, "Total Cost": 0.27, "Plan Rows": 1, "Plan Width": 4, "Index Cond": "(id = mi_idx.info_type_id)", "Filter": "((info)::text = 'bottom 10 rank'::text)"}]}, {"Node Type": "Index Scan", "Parent Relationship": "Inner", "Scan Direction": "Forward", "Index Name": "movie_id_movie_companies", "Relation Name": "movie_companies", "Alias": "mc", "Startup Cost": 0.0, "Total Cost": 0.36, "Plan Rows": 2, "Plan Width": 12, "Index Cond": "(movie_id = mi_idx.movie_id)"}]}, {"Node Type": "Index Scan", "Parent Relationship": "Inner", "Scan Direction": "Forward", "Index Name": "movie_id_movie_info", "Relation Name": "movie_info", "Alias": "mi", "Startup Cost": 0.0, "Total Cost": 0.66, "Plan Rows": 5, "Plan Width": 50, "Index Cond": "(movie_id = mc.movie_id)"}]}, {"Node Type": "Index Scan", "Parent Relationship": "Inner", "Scan Direction": "Forward", "Index Name": "info_type_pkey", "Relation Name": "info_type", "Alias": "it1", "Startup Cost": 0.0, "Total Cost": 0.27, "Plan Rows": 1, "Plan Width": 4, "Index Cond": "(id = mi.info_type_id)", "Filter": "((info)::text = 'budget'::text)"}]}, {"Node Type": "Index Scan", "Parent Relationship": "Inner", "Scan Direction": "Forward", "Index Name": "company_name_pkey", "Relation Name": "company_name", "Alias": "cn", "Startup Cost": 0.0, "Total Cost": 0.28, "Plan Rows": 1, "Plan Width": 4, "Index Cond": "(id = mc.company_id)", "Filter": "((country_code)::text = '[us]'::text)"}]}, {"Node Type": "Index Scan", "Parent Relationship": "Inner", "Scan Direction": "Forward", "Index Name": "company_type_pkey", "Relation Name": "company_type", "Alias": "ct", "Startup Cost": 0.0, "Total Cost": 0.28, "Plan Rows": 1, "Plan Width": 4, "Index Cond": "(id = mc.company_type_id)", "Filter": "((kind IS NOT NULL) AND (((kind)::text = 'production companies'::text) OR ((kind)::text = 'distributors'::text)))"}]}]}, "Unique SQL Id": 1682224415}, "explain_analyze_plan": {"Plan": {"Node Type": "Aggregate", "Strategy": "Plain", "Startup Cost": 81837.23, "Total Cost": 81837.24, "Plan Rows": 1, "Plan Width": 123, "Actual Startup Time": 1352.051, "Actual Total Time": 1352.052, "Actual Rows": 1, "Actual Loops": 1, "Plans": [{"Node Type": "Nested Loop", "Parent Relationship": "Outer", "Join Type": "Inner", "Startup Cost": 0.0, "Total Cost": 81837.21, "Plan Rows": 4, "Plan Width": 59, "Actual Startup Time": 940.615, "Actual Total Time": 1352.01, "Actual Rows": 5, "Actual Loops": 1, "Inner Unique": true, "Plans": [{"Node Type": "Nested Loop", "Parent Relationship": "Outer", "Join Type": "Inner", "Startup Cost": 0.0, "Total Cost": 81836.06, "Plan Rows": 4, "Plan Width": 63, "Actual Startup Time": 940.008, "Actual Total Time": 1351.971, "Actual Rows": 10, "Actual Loops": 1, "Inner Unique": true, "Plans": [{"Node Type": "Nested Loop", "Parent Relationship": "Outer", "Join Type": "Inner", "Startup Cost": 0.0, "Total Cost": 81834.63, "Plan Rows": 5, "Plan Width": 67, "Actual Startup Time": 939.992, "Actual Total Time": 1351.765, "Actual Rows": 33, "Actual Loops": 1, "Inner Unique": true, "Plans": [{"Node Type": "Nested Loop", "Parent Relationship": "Outer", "Join Type": "Inner", "Startup Cost": 0.0, "Total Cost": 81517.66, "Plan Rows": 1122, "Plan Width": 71, "Actual Startup Time": 939.82, "Actual Total Time": 1340.818, "Actual Rows": 4959, "Actual Loops": 1, "Inner Unique": false, "Join Filter": "(t.id = mi.movie_id)", "Rows Removed by Join Filter": 0, "Plans": [{"Node Type": "Nested Loop", "Parent Relationship": "Outer", "Join Type": "Inner", "Startup Cost": 0.0, "Total Cost": 81365.0, "Plan Rows": 210, "Plan Width": 37, "Actual Startup Time": 939.793, "Actual Total Time": 1336.44, "Actual Rows": 33, "Actual Loops": 1, "Inner Unique": false, "Join Filter": "(t.id = mc.movie_id)", "Rows Removed by Join Filter": 0, "Plans": [{"Node Type": "Nested Loop", "Parent Relationship": "Outer", "Join Type": "Inner", "Startup Cost": 0.0, "Total Cost": 81244.23, "Plan Rows": 311, "Plan Width": 25, "Actual Startup Time": 939.753, "Actual Total Time": 1336.353, "Actual Rows": 2, "Actual Loops": 1, "Inner Unique": true, "Plans": [{"Node Type": "Nested Loop", "Parent Relationship": "Outer", "Join Type": "Inner", "Startup Cost": 0.0, "Total Cost": 81132.36, "Plan Rows": 396, "Plan Width": 29, "Actual Startup Time": 13.999, "Actual Total Time": 1329.158, "Actual Rows": 2645, "Actual Loops": 1, "Inner Unique": false, "Plans": [{"Node Type": "Seq Scan", "Parent Relationship": "Outer", "Relation Name": "title", "Alias": "t", "Startup Cost": 0.0, "Total Cost": 79031.44, "Plan Rows": 258, "Plan Width": 21, "Actual Startup Time": 0.387, "Actual Total Time": 1314.964, "Actual Rows": 2536, "Actual Loops": 1, "Filter": "((production_year > 2000) AND (((title)::text ~~ 'Birdemic%'::text) OR ((title)::text ~~ '%Movie%'::text)))", "Rows Removed by Filter": 2525775}, {"Node Type": "Index Scan", "Parent Relationship": "Inner", "Scan Direction": "Forward", "Index Name": "movie_id_movie_info_idx", "Relation Name": "movie_info_idx", "Alias": "mi_idx", "Startup Cost": 0.0, "Total Cost": 8.12, "Plan Rows": 2, "Plan Width": 8, "Actual Startup Time": 10.642, "Actual Total Time": 11.588, "Actual Rows": 2645, "Actual Loops": 2536, "Index Cond": "(movie_id = t.id)", "Rows Removed by Index Recheck": 0}]}, {"Node Type": "Index Scan", "Parent Relationship": "Inner", "Scan Direction": "Forward", "Index Name": "info_type_pkey", "Relation Name": "info_type", "Alias": "it2", "Startup Cost": 0.0, "Total Cost": 0.27, "Plan Rows": 1, "Plan Width": 4, "Actual Startup Time": 5.582, "Actual Total Time": 5.582, "Actual Rows": 2, "Actual Loops": 2645, "Index Cond": "(id = mi_idx.info_type_id)", "Rows Removed by Index Recheck": 0, "Filter": "((info)::text = 'bottom 10 rank'::text)", "Rows Removed by Filter": 2643}]}, {"Node Type": "Index Scan", "Parent Relationship": "Inner", "Scan Direction": "Forward", "Index Name": "movie_id_movie_companies", "Relation Name": "movie_companies", "Alias": "mc", "Startup Cost": 0.0, "Total Cost": 0.36, "Plan Rows": 2, "Plan Width": 12, "Actual Startup Time": 0.021, "Actual Total Time": 0.039, "Actual Rows": 33, "Actual Loops": 2, "Index Cond": "(movie_id = mi_idx.movie_id)", "Rows Removed by Index Recheck": 0}]}, {"Node Type": "Index Scan", "Parent Relationship": "Inner", "Scan Direction": "Forward", "Index Name": "movie_id_movie_info", "Relation Name": "movie_info", "Alias": "mi", "Startup Cost": 0.0, "Total Cost": 0.66, "Plan Rows": 5, "Plan Width": 50, "Actual Startup Time": 0.497, "Actual Total Time": 2.577, "Actual Rows": 4959, "Actual Loops": 33, "Index Cond": "(movie_id = mc.movie_id)", "Rows Removed by Index Recheck": 0}]}, {"Node Type": "Index Scan", "Parent Relationship": "Inner", "Scan Direction": "Forward", "Index Name": "info_type_pkey", "Relation Name": "info_type", "Alias": "it1", "Startup Cost": 0.0, "Total Cost": 0.27, "Plan Rows": 1, "Plan Width": 4, "Actual Startup Time": 8.716, "Actual Total Time": 8.716, "Actual Rows": 33, "Actual Loops": 4959, "Index Cond": "(id = mi.info_type_id)", "Rows Removed by Index Recheck": 0, "Filter": "((info)::text = 'budget'::text)", "Rows Removed by Filter": 4864}]}, {"Node Type": "Index Scan", "Parent Relationship": "Inner", "Scan Direction": "Forward", "Index Name": "company_name_pkey", "Relation Name": "company_name", "Alias": "cn", "Startup Cost": 0.0, "Total Cost": 0.28, "Plan Rows": 1, "Plan Width": 4, "Actual Startup Time": 0.18, "Actual Total Time": 0.18, "Actual Rows": 10, "Actual Loops": 33, "Index Cond": "(id = mc.company_id)", "Rows Removed by Index Recheck": 0, "Filter": "((country_code)::text = '[us]'::text)", "Rows Removed by Filter": 23}]}, {"Node Type": "Index Scan", "Parent Relationship": "Inner", "Scan Direction": "Forward", "Index Name": "company_type_pkey", "Relation Name": "company_type", "Alias": "ct", "Startup Cost": 0.0, "Total Cost": 0.28, "Plan Rows": 1, "Plan Width": 4, "Actual Startup Time": 0.024, "Actual Total Time": 0.024, "Actual Rows": 5, "Actual Loops": 10, "Index Cond": "(id = mc.company_type_id)", "Rows Removed by Index Recheck": 0, "Filter": "((kind IS NOT NULL) AND (((kind)::text = 'production companies'::text) OR ((kind)::text = 'distributors'::text)))", "Rows Removed by Filter": 0}]}]}, "Triggers": [], "Planner Runtime": 100.768, "Total Runtime": 1352.452, "Unique SQL Id": 1682224415}}, "(1, 97)": {"explain_plan": {"Plan": {"Node Type": "Aggregate", "Strategy": "Plain", "Startup Cost": 131883.32, "Total Cost": 131883.33, "Plan Rows": 1, "Plan Width": 123, "Plans": [{"Node Type": "Nested Loop", "Parent Relationship": "Outer", "Join Type": "Inner", "Startup Cost": 0.0, "Total Cost": 131883.3, "Plan Rows": 4, "Plan Width": 59, "Inner Unique": true, "Plans": [{"Node Type": "Nested Loop", "Parent Relationship": "Outer", "Join Type": "Inner", "Startup Cost": 0.0, "Total Cost": 131869.62, "Plan Rows": 48, "Plan Width": 63, "Inner Unique": true, "Plans": [{"Node Type": "Nested Loop", "Parent Relationship": "Outer", "Join Type": "Inner", "Startup Cost": 0.0, "Total Cost": 131799.56, "Plan Rows": 248, "Plan Width": 67, "Inner Unique": false, "Join Filter": "(t.id = mi.movie_id)", "Plans": [{"Node Type": "Nested Loop", "Parent Relationship": "Outer", "Join Type": "Inner", "Startup Cost": 0.0, "Total Cost": 131476.79, "Plan Rows": 444, "Plan Width": 33, "Inner Unique": true, "Plans": [{"Node Type": "Nested Loop", "Parent Relationship": "Outer", "Join Type": "Inner", "Startup Cost": 0.0, "Total Cost": 131416.38, "Plan Rows": 210, "Plan Width": 37, "Inner Unique": false, "Join Filter": "(t.id = mc.movie_id)", "Plans": [{"Node Type": "Nested Loop", "Parent Relationship": "Outer", "Join Type": "Inner", "Startup Cost": 0.0, "Total Cost": 131295.61, "Plan Rows": 311, "Plan Width": 25, "Inner Unique": true, "Plans": [{"Node Type": "Nested Loop", "Parent Relationship": "Outer", "Join Type": "Inner", "Startup Cost": 0.0, "Total Cost": 131183.74, "Plan Rows": 396, "Plan Width": 29, "Inner Unique": false, "Plans": [{"Node Type": "Index Scan", "Parent Relationship": "Outer", "Scan Direction": "Forward", "Index Name": "title_pkey", "Relation Name": "title", "Alias": "t", "Startup Cost": 0.0, "Total Cost": 129082.82, "Plan Rows": 258, "Plan Width": 21, "Filter": "((production_year > 2000) AND (((title)::text ~~ 'Birdemic%'::text) OR ((title)::text ~~ '%Movie%'::text)))"}, {"Node Type": "Index Scan", "Parent Relationship": "Inner", "Scan Direction": "Forward", "Index Name": "movie_id_movie_info_idx", "Relation Name": "movie_info_idx", "Alias": "mi_idx", "Startup Cost": 0.0, "Total Cost": 8.12, "Plan Rows": 2, "Plan Width": 8, "Index Cond": "(movie_id = t.id)"}]}, {"Node Type": "Index Scan", "Parent Relationship": "Inner", "Scan Direction": "Forward", "Index Name": "info_type_pkey", "Relation Name": "info_type", "Alias": "it2", "Startup Cost": 0.0, "Total Cost": 0.27, "Plan Rows": 1, "Plan Width": 4, "Index Cond": "(id = mi_idx.info_type_id)", "Filter": "((info)::text = 'bottom 10 rank'::text)"}]}, {"Node Type": "Index Scan", "Parent Relationship": "Inner", "Scan Direction": "Forward", "Index Name": "movie_id_movie_companies", "Relation Name": "movie_companies", "Alias": "mc", "Startup Cost": 0.0, "Total Cost": 0.36, "Plan Rows": 2, "Plan Width": 12, "Index Cond": "(movie_id = mi_idx.movie_id)"}]}, {"Node Type": "Index Scan", "Parent Relationship": "Inner", "Scan Direction": "Forward", "Index Name": "company_name_pkey", "Relation Name": "company_name", "Alias": "cn", "Startup Cost": 0.0, "Total Cost": 0.28, "Plan Rows": 1, "Plan Width": 4, "Index Cond": "(id = mc.company_id)", "Filter": "((country_code)::text = '[us]'::text)"}]}, {"Node Type": "Index Scan", "Parent Relationship": "Inner", "Scan Direction": "Forward", "Index Name": "movie_id_movie_info", "Relation Name": "movie_info", "Alias": "mi", "Startup Cost": 0.0, "Total Cost": 0.66, "Plan Rows": 5, "Plan Width": 50, "Index Cond": "(movie_id = mc.movie_id)"}]}, {"Node Type": "Index Scan", "Parent Relationship": "Inner", "Scan Direction": "Forward", "Index Name": "info_type_pkey", "Relation Name": "info_type", "Alias": "it1", "Startup Cost": 0.0, "Total Cost": 0.27, "Plan Rows": 1, "Plan Width": 4, "Index Cond": "(id = mi.info_type_id)", "Filter": "((info)::text = 'budget'::text)"}]}, {"Node Type": "Index Scan", "Parent Relationship": "Inner", "Scan Direction": "Forward", "Index Name": "company_type_pkey", "Relation Name": "company_type", "Alias": "ct", "Startup Cost": 0.0, "Total Cost": 0.28, "Plan Rows": 1, "Plan Width": 4, "Index Cond": "(id = mc.company_type_id)", "Filter": "((kind IS NOT NULL) AND (((kind)::text = 'production companies'::text) OR ((kind)::text = 'distributors'::text)))"}]}]}, "Unique SQL Id": 1682224415}, "explain_analyze_plan": null}, "(1, 98)": {"explain_plan": {"Plan": {"Node Type": "Aggregate", "Strategy": "Plain", "Startup Cost": 84864.02, "Total Cost": 84864.03, "Plan Rows": 1, "Plan Width": 123, "Plans": [{"Node Type": "Nested Loop", "Parent Relationship": "Outer", "Join Type": "Inner", "Startup Cost": 10.2, "Total Cost": 84864.0, "Plan Rows": 4, "Plan Width": 59, "Inner Unique": true, "Plans": [{"Node Type": "Nested Loop", "Parent Relationship": "Outer", "Join Type": "Inner", "Startup Cost": 9.95, "Total Cost": 84846.86, "Plan Rows": 4, "Plan Width": 63, "Inner Unique": true, "Plans": [{"Node Type": "Hash Join", "Parent Relationship": "Outer", "Join Type": "Inner", "Startup Cost": 9.69, "Total Cost": 84825.44, "Plan Rows": 5, "Plan Width": 67, "Inner Unique": true, "Hash Cond": "(mi_idx.info_type_id = it2.id)", "Plans": [{"Node Type": "Nested Loop", "Parent Relationship": "Outer", "Join Type": "Inner", "Startup Cost": 7.27, "Total Cost": 84822.71, "Plan Rows": 65, "Plan Width": 71, "Inner Unique": false, "Join Filter": "(t.id = mi_idx.movie_id)", "Plans": [{"Node Type": "Hash Join", "Parent Relationship": "Outer", "Join Type": "Inner", "Startup Cost": 7.01, "Total Cost": 84641.4, "Plan Rows": 42, "Plan Width": 79, "Inner Unique": true, "Hash Cond": "(mi.info_type_id = it1.id)", "Plans": [{"Node Type": "Nested Loop", "Parent Relationship": "Outer", "Join Type": "Inner", "Startup Cost": 4.59, "Total Cost": 84631.07, "Plan Rows": 2989, "Plan Width": 83, "Inner Unique": false, "Join Filter": "(t.id = mi.movie_id)", "Plans": [{"Node Type": "Nested Loop", "Parent Relationship": "Outer", "Join Type": "Inner", "Startup Cost": 4.22, "Total Cost": 82178.09, "Plan Rows": 545, "Plan Width": 33, "Inner Unique": false, "Plans": [{"Node Type": "Seq Scan", "Parent Relationship": "Outer", "Relation Name": "title", "Alias": "t", "Startup Cost": 0.0, "Total Cost": 79031.44, "Plan Rows": 258, "Plan Width": 21, "Filter": "((production_year > 2000) AND (((title)::text ~~ 'Birdemic%'::text) OR ((title)::text ~~ '%Movie%'::text)))"}, {"Node Type": "Bitmap Heap Scan", "Parent Relationship": "Inner", "Relation Name": "movie_companies", "Alias": "mc", "Startup Cost": 4.22, "Total Cost": 12.18, "Plan Rows": 2, "Plan Width": 12, "Recheck Cond": "(movie_id = t.id)", "Plans": [{"Node Type": "Bitmap Index Scan", "Parent Relationship": "Outer", "Index Name": "movie_id_movie_companies", "Startup Cost": 0.0, "Total Cost": 4.22, "Plan Rows": 2, "Plan Width": 0, "Index Cond": "(movie_id = t.id)"}]}]}, {"Node Type": "Bitmap Heap Scan", "Parent Relationship": "Inner", "Relation Name": "movie_info", "Alias": "mi", "Startup Cost": 0.38, "Total Cost": 4.44, "Plan Rows": 5, "Plan Width": 50, "Recheck Cond": "(movie_id = mc.movie_id)", "Plans": [{"Node Type": "Bitmap Index Scan", "Parent Relationship": "Outer", "Index Name": "movie_id_movie_info", "Startup Cost": 0.0, "Total Cost": 0.37, "Plan Rows": 5, "Plan Width": 0, "Index Cond": "(movie_id = mc.movie_id)"}]}]}, {"Node Type": "Hash", "Parent Relationship": "Inner", "Startup Cost": 2.4, "Total Cost": 2.4, "Plan Rows": 1, "Plan Width": 4, "Plans": [{"Node Type": "Seq Scan", "Parent Relationship": "Outer", "Relation Name": "info_type", "Alias": "it1", "Startup Cost": 0.0, "Total Cost": 2.4, "Plan Rows": 1, "Plan Width": 4, "Filter": "((info)::text = 'budget'::text)"}]}]}, {"Node Type": "Bitmap Heap Scan", "Parent Relationship": "Inner", "Relation Name": "movie_info_idx", "Alias": "mi_idx", "Startup Cost": 0.27, "Total Cost": 4.29, "Plan Rows": 2, "Plan Width": 8, "Recheck Cond": "(movie_id = mi.movie_id)", "Plans": [{"Node Type": "Bitmap Index Scan", "Parent Relationship": "Outer", "Index Name": "movie_id_movie_info_idx", "Startup Cost": 0.0, "Total Cost": 0.27, "Plan Rows": 2, "Plan Width": 0, "Index Cond": "(movie_id = mi.movie_id)"}]}]}, {"Node Type": "Hash", "Parent Relationship": "Inner", "Startup Cost": 2.4, "Total Cost": 2.4, "Plan Rows": 1, "Plan Width": 4, "Plans": [{"Node Type": "Seq Scan", "Parent Relationship": "Outer", "Relation Name": "info_type", "Alias": "it2", "Startup Cost": 0.0, "Total Cost": 2.4, "Plan Rows": 1, "Plan Width": 4, "Filter": "((info)::text = 'bottom 10 rank'::text)"}]}]}, {"Node Type": "Bitmap Heap Scan", "Parent Relationship": "Inner", "Relation Name": "company_name", "Alias": "cn", "Startup Cost": 0.26, "Total Cost": 4.27, "Plan Rows": 1, "Plan Width": 4, "Recheck Cond": "(id = mc.company_id)", "Filter": "((country_code)::text = '[us]'::text)", "Plans": [{"Node Type": "Bitmap Index Scan", "Parent Relationship": "Outer", "Index Name": "company_name_pkey", "Startup Cost": 0.0, "Total Cost": 0.26, "Plan Rows": 1, "Plan Width": 0, "Index Cond": "(id = mc.company_id)"}]}]}, {"Node Type": "Bitmap Heap Scan", "Parent Relationship": "Inner", "Relation Name": "company_type", "Alias": "ct", "Startup Cost": 0.26, "Total Cost": 4.28, "Plan Rows": 1, "Plan Width": 4, "Recheck Cond": "(id = mc.company_type_id)", "Filter": "((kind IS NOT NULL) AND (((kind)::text = 'production companies'::text) OR ((kind)::text = 'distributors'::text)))", "Plans": [{"Node Type": "Bitmap Index Scan", "Parent Relationship": "Outer", "Index Name": "company_type_pkey", "Startup Cost": 0.0, "Total Cost": 0.26, "Plan Rows": 1, "Plan Width": 0, "Index Cond": "(id = mc.company_type_id)"}]}]}]}, "Unique SQL Id": 1682224415}, "explain_analyze_plan": {"Plan": {"Node Type": "Aggregate", "Strategy": "Plain", "Startup Cost": 84864.02, "Total Cost": 84864.03, "Plan Rows": 1, "Plan Width": 123, "Actual Startup Time": 1614.858, "Actual Total Time": 1614.858, "Actual Rows": 1, "Actual Loops": 1, "Plans": [{"Node Type": "Nested Loop", "Parent Relationship": "Outer", "Join Type": "Inner", "Startup Cost": 10.2, "Total Cost": 84864.0, "Plan Rows": 4, "Plan Width": 59, "Actual Startup Time": 990.086, "Actual Total Time": 1614.821, "Actual Rows": 5, "Actual Loops": 1, "Inner Unique": true, "Plans": [{"Node Type": "Nested Loop", "Parent Relationship": "Outer", "Join Type": "Inner", "Startup Cost": 9.95, "Total Cost": 84846.86, "Plan Rows": 4, "Plan Width": 63, "Actual Startup Time": 989.763, "Actual Total Time": 1614.757, "Actual Rows": 10, "Actual Loops": 1, "Inner Unique": true, "Plans": [{"Node Type": "Hash Join", "Parent Relationship": "Outer", "Join Type": "Inner", "Startup Cost": 9.69, "Total Cost": 84825.44, "Plan Rows": 5, "Plan Width": 67, "Actual Startup Time": 989.727, "Actual Total Time": 1614.461, "Actual Rows": 33, "Actual Loops": 1, "Inner Unique": true, "Hash Cond": "(mi_idx.info_type_id = it2.id)", "Plans": [{"Node Type": "Nested Loop", "Parent Relationship": "Outer", "Join Type": "Inner", "Startup Cost": 7.27, "Total Cost": 84822.71, "Plan Rows": 65, "Plan Width": 71, "Actual Startup Time": 192.111, "Actual Total Time": 1613.638, "Actual Rows": 3102, "Actual Loops": 1, "Inner Unique": false, "Join Filter": "(t.id = mi_idx.movie_id)", "Rows Removed by Join Filter": 0, "Plans": [{"Node Type": "Hash Join", "Parent Relationship": "Outer", "Join Type": "Inner", "Startup Cost": 7.01, "Total Cost": 84641.4, "Plan Rows": 42, "Plan Width": 79, "Actual Startup Time": 69.965, "Actual Total Time": 1602.271, "Actual Rows": 1341, "Actual Loops": 1, "Inner Unique": true, "Hash Cond": "(mi.info_type_id = it1.id)", "Plans": [{"Node Type": "Nested Loop", "Parent Relationship": "Outer", "Join Type": "Inner", "Startup Cost": 4.59, "Total Cost": 84631.07, "Plan Rows": 2989, "Plan Width": 83, "Actual Startup Time": 3.577, "Actual Total Time": 1575.122, "Actual Rows": 166980, "Actual Loops": 1, "Inner Unique": false, "Join Filter": "(t.id = mi.movie_id)", "Rows Removed by Join Filter": 0, "Plans": [{"Node Type": "Nested Loop", "Parent Relationship": "Outer", "Join Type": "Inner", "Startup Cost": 4.22, "Total Cost": 82178.09, "Plan Rows": 545, "Plan Width": 33, "Actual Startup Time": 3.548, "Actual Total Time": 1349.14, "Actual Rows": 3968, "Actual Loops": 1, "Inner Unique": false, "Plans": [{"Node Type": "Seq Scan", "Parent Relationship": "Outer", "Relation Name": "title", "Alias": "t", "Startup Cost": 0.0, "Total Cost": 79031.44, "Plan Rows": 258, "Plan Width": 21, "Actual Startup Time": 0.37, "Actual Total Time": 1321.482, "Actual Rows": 2536, "Actual Loops": 1, "Filter": "((production_year > 2000) AND (((title)::text ~~ 'Birdemic%'::text) OR ((title)::text ~~ '%Movie%'::text)))", "Rows Removed by Filter": 2525775}, {"Node Type": "Bitmap Heap Scan", "Parent Relationship": "Inner", "Relation Name": "movie_companies", "Alias": "mc", "Startup Cost": 4.22, "Total Cost": 12.18, "Plan Rows": 2, "Plan Width": 12, "Actual Startup Time": 19.572, "Actual Total Time": 21.91, "Actual Rows": 3968, "Actual Loops": 2536, "Recheck Cond": "(movie_id = t.id)", "Rows Removed by Index Recheck": 0, "Exact Heap Blocks": 2364, "Lossy Heap Blocks": 2364, "Plans": [{"Node Type": "Bitmap Index Scan", "Parent Relationship": "Outer", "Index Name": "movie_id_movie_companies", "Startup Cost": 0.0, "Total Cost": 4.22, "Plan Rows": 2, "Plan Width": 0, "Actual Startup Time": 12.879, "Actual Total Time": 12.879, "Actual Rows": 3968, "Actual Loops": 2536, "Index Cond": "(movie_id = t.id)"}]}]}, {"Node Type": "Bitmap Heap Scan", "Parent Relationship": "Inner", "Relation Name": "movie_info", "Alias": "mi", "Startup Cost": 0.38, "Total Cost": 4.44, "Plan Rows": 5, "Plan Width": 50, "Actual Startup Time": 66.765, "Actual Total Time": 164.395, "Actual Rows": 166980, "Actual Loops": 3968, "Recheck Cond": "(movie_id = mc.movie_id)", "Rows Removed by Index Recheck": 0, "Exact Heap Blocks": 41219, "Lossy Heap Blocks": 41219, "Plans": [{"Node Type": "Bitmap Index Scan", "Parent Relationship": "Outer", "Index Name": "movie_id_movie_info", "Startup Cost": 0.0, "Total Cost": 0.37, "Plan Rows": 5, "Plan Width": 0, "Actual Startup Time": 52.686, "Actual Total Time": 52.686, "Actual Rows": 166980, "Actual Loops": 3968, "Index Cond": "(movie_id = mc.movie_id)"}]}]}, {"Node Type": "Hash", "Parent Relationship": "Inner", "Startup Cost": 2.4, "Total Cost": 2.4, "Plan Rows": 1, "Plan Width": 4, "Actual Startup Time": 0.048, "Actual Total Time": 0.048, "Actual Rows": 1, "Actual Loops": 1, "Hash Buckets": 32768, "Hash Batches": 1, "Original Hash Batches": 1, "Peak Memory Usage": 1, "Plans": [{"Node Type": "Seq Scan", "Parent Relationship": "Outer", "Relation Name": "info_type", "Alias": "it1", "Startup Cost": 0.0, "Total Cost": 2.4, "Plan Rows": 1, "Plan Width": 4, "Actual Startup Time": 0.039, "Actual Total Time": 0.042, "Actual Rows": 1, "Actual Loops": 1, "Filter": "((info)::text = 'budget'::text)", "Rows Removed by Filter": 111}]}]}, {"Node Type": "Bitmap Heap Scan", "Parent Relationship": "Inner", "Relation Name": "movie_info_idx", "Alias": "mi_idx", "Startup Cost": 0.27, "Total Cost": 4.29, "Plan Rows": 2, "Plan Width": 8, "Actual Startup Time": 7.329, "Actual Total Time": 7.801, "Actual Rows": 3102, "Actual Loops": 1341, "Recheck Cond": "(movie_id = mi.movie_id)", "Rows Removed by Index Recheck": 0, "Exact Heap Blocks": 1073, "Lossy Heap Blocks": 1073, "Plans": [{"Node Type": "Bitmap Index Scan", "Parent Relationship": "Outer", "Index Name": "movie_id_movie_info_idx", "Startup Cost": 0.0, "Total Cost": 0.27, "Plan Rows": 2, "Plan Width": 0, "Actual Startup Time": 4.913, "Actual Total Time": 4.913, "Actual Rows": 3102, "Actual Loops": 1341, "Index Cond": "(movie_id = mi.movie_id)"}]}]}, {"Node Type": "Hash", "Parent Relationship": "Inner", "Startup Cost": 2.4, "Total Cost": 2.4, "Plan Rows": 1, "Plan Width": 4, "Actual Startup Time": 0.075, "Actual Total Time": 0.075, "Actual Rows": 1, "Actual Loops": 1, "Hash Buckets": 32768, "Hash Batches": 1, "Original Hash Batches": 1, "Peak Memory Usage": 1, "Plans": [{"Node Type": "Seq Scan", "Parent Relationship": "Outer", "Relation Name": "info_type", "Alias": "it2", "Startup Cost": 0.0, "Total Cost": 2.4, "Plan Rows": 1, "Plan Width": 4, "Actual Startup Time": 0.063, "Actual Total Time": 0.066, "Actual Rows": 1, "Actual Loops": 1, "Filter": "((info)::text = 'bottom 10 rank'::text)", "Rows Removed by Filter": 111}]}]}, {"Node Type": "Bitmap Heap Scan", "Parent Relationship": "Inner", "Relation Name": "company_name", "Alias": "cn", "Startup Cost": 0.26, "Total Cost": 4.27, "Plan Rows": 1, "Plan Width": 4, "Actual Startup Time": 0.241, "Actual Total Time": 0.241, "Actual Rows": 10, "Actual Loops": 33, "Recheck Cond": "(id = mc.company_id)", "Rows Removed by Index Recheck": 0, "Filter": "((country_code)::text = '[us]'::text)", "Rows Removed by Filter": 23, "Exact Heap Blocks": 33, "Lossy Heap Blocks": 33, "Plans": [{"Node Type": "Bitmap Index Scan", "Parent Relationship": "Outer", "Index Name": "company_name_pkey", "Startup Cost": 0.0, "Total Cost": 0.26, "Plan Rows": 1, "Plan Width": 0, "Actual Startup Time": 0.122, "Actual Total Time": 0.122, "Actual Rows": 33, "Actual Loops": 33, "Index Cond": "(id = mc.company_id)"}]}]}, {"Node Type": "Bitmap Heap Scan", "Parent Relationship": "Inner", "Relation Name": "company_type", "Alias": "ct", "Startup Cost": 0.26, "Total Cost": 4.28, "Plan Rows": 1, "Plan Width": 4, "Actual Startup Time": 0.044, "Actual Total Time": 0.044, "Actual Rows": 5, "Actual Loops": 10, "Recheck Cond": "(id = mc.company_type_id)", "Rows Removed by Index Recheck": 0, "Filter": "((kind IS NOT NULL) AND (((kind)::text = 'production companies'::text) OR ((kind)::text = 'distributors'::text)))", "Rows Removed by Filter": 0, "Exact Heap Blocks": 5, "Lossy Heap Blocks": 5, "Plans": [{"Node Type": "Bitmap Index Scan", "Parent Relationship": "Outer", "Index Name": "company_type_pkey", "Startup Cost": 0.0, "Total Cost": 0.26, "Plan Rows": 1, "Plan Width": 0, "Actual Startup Time": 0.013, "Actual Total Time": 0.013, "Actual Rows": 5, "Actual Loops": 10, "Index Cond": "(id = mc.company_type_id)"}]}]}]}, "Triggers": [], "Planner Runtime": 92.473, "Total Runtime": 1615.141, "Unique SQL Id": 1682224415}}, "(1, 99)": {"explain_plan": {"Plan": {"Node Type": "Aggregate", "Strategy": "Plain", "Startup Cost": 1000012336498.63, "Total Cost": 1000012336498.64, "Plan Rows": 1, "Plan Width": 123, "Plans": [{"Node Type": "Nested Loop", "Parent Relationship": "Outer", "Join Type": "Inner", "Startup Cost": 10000000002.04, "Total Cost": 1000012336498.61, "Plan Rows": 4, "Plan Width": 59, "Inner Unique": true, "Plans": [{"Node Type": "Nested Loop", "Parent Relationship": "Outer", "Join Type": "Inner", "Startup Cost": 10000000001.78, "Total Cost": 1000012336438.65, "Plan Rows": 14, "Plan Width": 63, "Inner Unique": true, "Plans": [{"Node Type": "Nested Loop", "Parent Relationship": "Outer", "Join Type": "Inner", "Startup Cost": 10000000001.52, "Total Cost": 1000012336378.66, "Plan Rows": 14, "Plan Width": 67, "Inner Unique": true, "Plans": [{"Node Type": "Nested Loop", "Parent Relationship": "Outer", "Join Type": "Inner", "Startup Cost": 10000000001.26, "Total Cost": 1000012336100.24, "Plan Rows": 65, "Plan Width": 71, "Inner Unique": false, "Join Filter": "(t.id = mc.movie_id)", "Plans": [{"Node Type": "Nested Loop", "Parent Relationship": "Outer", "Join Type": "Inner", "Startup Cost": 10000000001.0, "Total Cost": 1000012335970.7, "Plan Rows": 30, "Plan Width": 75, "Inner Unique": true, "Plans": [{"Node Type": "Nested Loop", "Parent Relationship": "Outer", "Join Type": "Inner", "Startup Cost": 10000000000.74, "Total Cost": 1000012326904.12, "Plan Rows": 2117, "Plan Width": 79, "Inner Unique": false, "Join Filter": "(t.id = mi.movie_id)", "Plans": [{"Node Type": "Nested Loop", "Parent Relationship": "Outer", "Join Type": "Inner", "Startup Cost": 10000000000.28, "Total Cost": 1000012325091.05, "Plan Rows": 396, "Plan Width": 29, "Inner Unique": true, "Plans": [{"Node Type": "Index Scan", "Parent Relationship": "Outer", "Scan Direction": "Forward", "Index Name": "info_type_id_movie_info_idx", "Relation Name": "movie_info_idx", "Alias": "mi_idx", "Startup Cost": 10000000000.0, "Total Cost": 1000006370838.27, "Plan Rows": 1380034, "Plan Width": 8}, {"Node Type": "Bitmap Heap Scan", "Parent Relationship": "Inner", "Relation Name": "title", "Alias": "t", "Startup Cost": 0.28, "Total Cost": 4.3, "Plan Rows": 1, "Plan Width": 21, "Recheck Cond": "(id = mi_idx.movie_id)", "Filter": "((production_year > 2000) AND (((title)::text ~~ 'Birdemic%'::text) OR ((title)::text ~~ '%Movie%'::text)))", "Plans": [{"Node Type": "Bitmap Index Scan", "Parent Relationship": "Outer", "Index Name": "title_pkey", "Startup Cost": 0.0, "Total Cost": 0.28, "Plan Rows": 1, "Plan Width": 0, "Index Cond": "(id = mi_idx.movie_id)"}]}]}, {"Node Type": "Bitmap Heap Scan", "Parent Relationship": "Inner", "Relation Name": "movie_info", "Alias": "mi", "Startup Cost": 0.45, "Total Cost": 4.52, "Plan Rows": 5, "Plan Width": 50, "Recheck Cond": "(movie_id = mi_idx.movie_id)", "Plans": [{"Node Type": "Bitmap Index Scan", "Parent Relationship": "Outer", "Index Name": "movie_id_movie_info", "Startup Cost": 0.0, "Total Cost": 0.45, "Plan Rows": 5, "Plan Width": 0, "Index Cond": "(movie_id = mi_idx.movie_id)"}]}]}, {"Node Type": "Bitmap Heap Scan", "Parent Relationship": "Inner", "Relation Name": "info_type", "Alias": "it1", "Startup Cost": 0.26, "Total Cost": 4.27, "Plan Rows": 1, "Plan Width": 4, "Recheck Cond": "(id = mi.info_type_id)", "Filter": "((info)::text = 'budget'::text)", "Plans": [{"Node Type": "Bitmap Index Scan", "Parent Relationship": "Outer", "Index Name": "info_type_pkey", "Startup Cost": 0.0, "Total Cost": 0.26, "Plan Rows": 1, "Plan Width": 0, "Index Cond": "(id = mi.info_type_id)"}]}]}, {"Node Type": "Bitmap Heap Scan", "Parent Relationship": "Inner", "Relation Name": "movie_companies", "Alias": "mc", "Startup Cost": 0.27, "Total Cost": 4.29, "Plan Rows": 2, "Plan Width": 12, "Recheck Cond": "(movie_id = mi.movie_id)", "Plans": [{"Node Type": "Bitmap Index Scan", "Parent Relationship": "Outer", "Index Name": "movie_id_movie_companies", "Startup Cost": 0.0, "Total Cost": 0.27, "Plan Rows": 2, "Plan Width": 0, "Index Cond": "(movie_id = mi.movie_id)"}]}]}, {"Node Type": "Bitmap Heap Scan", "Parent Relationship": "Inner", "Relation Name": "company_name", "Alias": "cn", "Startup Cost": 0.26, "Total Cost": 4.27, "Plan Rows": 1, "Plan Width": 4, "Recheck Cond": "(id = mc.company_id)", "Filter": "((country_code)::text = '[us]'::text)", "Plans": [{"Node Type": "Bitmap Index Scan", "Parent Relationship": "Outer", "Index Name": "company_name_pkey", "Startup Cost": 0.0, "Total Cost": 0.26, "Plan Rows": 1, "Plan Width": 0, "Index Cond": "(id = mc.company_id)"}]}]}, {"Node Type": "Bitmap Heap Scan", "Parent Relationship": "Inner", "Relation Name": "company_type", "Alias": "ct", "Startup Cost": 0.26, "Total Cost": 4.28, "Plan Rows": 1, "Plan Width": 4, "Recheck Cond": "(id = mc.company_type_id)", "Filter": "((kind IS NOT NULL) AND (((kind)::text = 'production companies'::text) OR ((kind)::text = 'distributors'::text)))", "Plans": [{"Node Type": "Bitmap Index Scan", "Parent Relationship": "Outer", "Index Name": "company_type_pkey", "Startup Cost": 0.0, "Total Cost": 0.26, "Plan Rows": 1, "Plan Width": 0, "Index Cond": "(id = mc.company_type_id)"}]}]}, {"Node Type": "Bitmap Heap Scan", "Parent Relationship": "Inner", "Relation Name": "info_type", "Alias": "it2", "Startup Cost": 0.26, "Total Cost": 4.27, "Plan Rows": 1, "Plan Width": 4, "Recheck Cond": "(id = mi_idx.info_type_id)", "Filter": "((info)::text = 'bottom 10 rank'::text)", "Plans": [{"Node Type": "Bitmap Index Scan", "Parent Relationship": "Outer", "Index Name": "info_type_pkey", "Startup Cost": 0.0, "Total Cost": 0.26, "Plan Rows": 1, "Plan Width": 0, "Index Cond": "(id = mi_idx.info_type_id)"}]}]}]}, "Unique SQL Id": 1682224415}, "explain_analyze_plan": null}, "(1, 100)": {"explain_plan": {"Plan": {"Node Type": "Aggregate", "Strategy": "Plain", "Startup Cost": 81837.23, "Total Cost": 81837.24, "Plan Rows": 1, "Plan Width": 123, "Plans": [{"Node Type": "Nested Loop", "Parent Relationship": "Outer", "Join Type": "Inner", "Startup Cost": 0.0, "Total Cost": 81837.21, "Plan Rows": 4, "Plan Width": 59, "Inner Unique": true, "Plans": [{"Node Type": "Nested Loop", "Parent Relationship": "Outer", "Join Type": "Inner", "Startup Cost": 0.0, "Total Cost": 81836.06, "Plan Rows": 4, "Plan Width": 63, "Inner Unique": true, "Plans": [{"Node Type": "Nested Loop", "Parent Relationship": "Outer", "Join Type": "Inner", "Startup Cost": 0.0, "Total Cost": 81834.63, "Plan Rows": 5, "Plan Width": 67, "Inner Unique": true, "Plans": [{"Node Type": "Nested Loop", "Parent Relationship": "Outer", "Join Type": "Inner", "Startup Cost": 0.0, "Total Cost": 81517.66, "Plan Rows": 1122, "Plan Width": 71, "Inner Unique": false, "Join Filter": "(t.id = mi.movie_id)", "Plans": [{"Node Type": "Nested Loop", "Parent Relationship": "Outer", "Join Type": "Inner", "Startup Cost": 0.0, "Total Cost": 81365.0, "Plan Rows": 210, "Plan Width": 37, "Inner Unique": false, "Join Filter": "(t.id = mc.movie_id)", "Plans": [{"Node Type": "Nested Loop", "Parent Relationship": "Outer", "Join Type": "Inner", "Startup Cost": 0.0, "Total Cost": 81244.23, "Plan Rows": 311, "Plan Width": 25, "Inner Unique": true, "Plans": [{"Node Type": "Nested Loop", "Parent Relationship": "Outer", "Join Type": "Inner", "Startup Cost": 0.0, "Total Cost": 81132.36, "Plan Rows": 396, "Plan Width": 29, "Inner Unique": false, "Plans": [{"Node Type": "Seq Scan", "Parent Relationship": "Outer", "Relation Name": "title", "Alias": "t", "Startup Cost": 0.0, "Total Cost": 79031.44, "Plan Rows": 258, "Plan Width": 21, "Filter": "((production_year > 2000) AND (((title)::text ~~ 'Birdemic%'::text) OR ((title)::text ~~ '%Movie%'::text)))"}, {"Node Type": "Index Scan", "Parent Relationship": "Inner", "Scan Direction": "Forward", "Index Name": "movie_id_movie_info_idx", "Relation Name": "movie_info_idx", "Alias": "mi_idx", "Startup Cost": 0.0, "Total Cost": 8.12, "Plan Rows": 2, "Plan Width": 8, "Index Cond": "(movie_id = t.id)"}]}, {"Node Type": "Index Scan", "Parent Relationship": "Inner", "Scan Direction": "Forward", "Index Name": "info_type_pkey", "Relation Name": "info_type", "Alias": "it2", "Startup Cost": 0.0, "Total Cost": 0.27, "Plan Rows": 1, "Plan Width": 4, "Index Cond": "(id = mi_idx.info_type_id)", "Filter": "((info)::text = 'bottom 10 rank'::text)"}]}, {"Node Type": "Index Scan", "Parent Relationship": "Inner", "Scan Direction": "Forward", "Index Name": "movie_id_movie_companies", "Relation Name": "movie_companies", "Alias": "mc", "Startup Cost": 0.0, "Total Cost": 0.36, "Plan Rows": 2, "Plan Width": 12, "Index Cond": "(movie_id = mi_idx.movie_id)"}]}, {"Node Type": "Index Scan", "Parent Relationship": "Inner", "Scan Direction": "Forward", "Index Name": "movie_id_movie_info", "Relation Name": "movie_info", "Alias": "mi", "Startup Cost": 0.0, "Total Cost": 0.66, "Plan Rows": 5, "Plan Width": 50, "Index Cond": "(movie_id = mc.movie_id)"}]}, {"Node Type": "Index Scan", "Parent Relationship": "Inner", "Scan Direction": "Forward", "Index Name": "info_type_pkey", "Relation Name": "info_type", "Alias": "it1", "Startup Cost": 0.0, "Total Cost": 0.27, "Plan Rows": 1, "Plan Width": 4, "Index Cond": "(id = mi.info_type_id)", "Filter": "((info)::text = 'budget'::text)"}]}, {"Node Type": "Index Scan", "Parent Relationship": "Inner", "Scan Direction": "Forward", "Index Name": "company_name_pkey", "Relation Name": "company_name", "Alias": "cn", "Startup Cost": 0.0, "Total Cost": 0.28, "Plan Rows": 1, "Plan Width": 4, "Index Cond": "(id = mc.company_id)", "Filter": "((country_code)::text = '[us]'::text)"}]}, {"Node Type": "Index Scan", "Parent Relationship": "Inner", "Scan Direction": "Forward", "Index Name": "company_type_pkey", "Relation Name": "company_type", "Alias": "ct", "Startup Cost": 0.0, "Total Cost": 0.28, "Plan Rows": 1, "Plan Width": 4, "Index Cond": "(id = mc.company_type_id)", "Filter": "((kind IS NOT NULL) AND (((kind)::text = 'production companies'::text) OR ((kind)::text = 'distributors'::text)))"}]}]}, "Unique SQL Id": 1682224415}, "explain_analyze_plan": {"Plan": {"Node Type": "Aggregate", "Strategy": "Plain", "Startup Cost": 81837.23, "Total Cost": 81837.24, "Plan Rows": 1, "Plan Width": 123, "Actual Startup Time": 1352.051, "Actual Total Time": 1352.052, "Actual Rows": 1, "Actual Loops": 1, "Plans": [{"Node Type": "Nested Loop", "Parent Relationship": "Outer", "Join Type": "Inner", "Startup Cost": 0.0, "Total Cost": 81837.21, "Plan Rows": 4, "Plan Width": 59, "Actual Startup Time": 940.615, "Actual Total Time": 1352.01, "Actual Rows": 5, "Actual Loops": 1, "Inner Unique": true, "Plans": [{"Node Type": "Nested Loop", "Parent Relationship": "Outer", "Join Type": "Inner", "Startup Cost": 0.0, "Total Cost": 81836.06, "Plan Rows": 4, "Plan Width": 63, "Actual Startup Time": 940.008, "Actual Total Time": 1351.971, "Actual Rows": 10, "Actual Loops": 1, "Inner Unique": true, "Plans": [{"Node Type": "Nested Loop", "Parent Relationship": "Outer", "Join Type": "Inner", "Startup Cost": 0.0, "Total Cost": 81834.63, "Plan Rows": 5, "Plan Width": 67, "Actual Startup Time": 939.992, "Actual Total Time": 1351.765, "Actual Rows": 33, "Actual Loops": 1, "Inner Unique": true, "Plans": [{"Node Type": "Nested Loop", "Parent Relationship": "Outer", "Join Type": "Inner", "Startup Cost": 0.0, "Total Cost": 81517.66, "Plan Rows": 1122, "Plan Width": 71, "Actual Startup Time": 939.82, "Actual Total Time": 1340.818, "Actual Rows": 4959, "Actual Loops": 1, "Inner Unique": false, "Join Filter": "(t.id = mi.movie_id)", "Rows Removed by Join Filter": 0, "Plans": [{"Node Type": "Nested Loop", "Parent Relationship": "Outer", "Join Type": "Inner", "Startup Cost": 0.0, "Total Cost": 81365.0, "Plan Rows": 210, "Plan Width": 37, "Actual Startup Time": 939.793, "Actual Total Time": 1336.44, "Actual Rows": 33, "Actual Loops": 1, "Inner Unique": false, "Join Filter": "(t.id = mc.movie_id)", "Rows Removed by Join Filter": 0, "Plans": [{"Node Type": "Nested Loop", "Parent Relationship": "Outer", "Join Type": "Inner", "Startup Cost": 0.0, "Total Cost": 81244.23, "Plan Rows": 311, "Plan Width": 25, "Actual Startup Time": 939.753, "Actual Total Time": 1336.353, "Actual Rows": 2, "Actual Loops": 1, "Inner Unique": true, "Plans": [{"Node Type": "Nested Loop", "Parent Relationship": "Outer", "Join Type": "Inner", "Startup Cost": 0.0, "Total Cost": 81132.36, "Plan Rows": 396, "Plan Width": 29, "Actual Startup Time": 13.999, "Actual Total Time": 1329.158, "Actual Rows": 2645, "Actual Loops": 1, "Inner Unique": false, "Plans": [{"Node Type": "Seq Scan", "Parent Relationship": "Outer", "Relation Name": "title", "Alias": "t", "Startup Cost": 0.0, "Total Cost": 79031.44, "Plan Rows": 258, "Plan Width": 21, "Actual Startup Time": 0.387, "Actual Total Time": 1314.964, "Actual Rows": 2536, "Actual Loops": 1, "Filter": "((production_year > 2000) AND (((title)::text ~~ 'Birdemic%'::text) OR ((title)::text ~~ '%Movie%'::text)))", "Rows Removed by Filter": 2525775}, {"Node Type": "Index Scan", "Parent Relationship": "Inner", "Scan Direction": "Forward", "Index Name": "movie_id_movie_info_idx", "Relation Name": "movie_info_idx", "Alias": "mi_idx", "Startup Cost": 0.0, "Total Cost": 8.12, "Plan Rows": 2, "Plan Width": 8, "Actual Startup Time": 10.642, "Actual Total Time": 11.588, "Actual Rows": 2645, "Actual Loops": 2536, "Index Cond": "(movie_id = t.id)", "Rows Removed by Index Recheck": 0}]}, {"Node Type": "Index Scan", "Parent Relationship": "Inner", "Scan Direction": "Forward", "Index Name": "info_type_pkey", "Relation Name": "info_type", "Alias": "it2", "Startup Cost": 0.0, "Total Cost": 0.27, "Plan Rows": 1, "Plan Width": 4, "Actual Startup Time": 5.582, "Actual Total Time": 5.582, "Actual Rows": 2, "Actual Loops": 2645, "Index Cond": "(id = mi_idx.info_type_id)", "Rows Removed by Index Recheck": 0, "Filter": "((info)::text = 'bottom 10 rank'::text)", "Rows Removed by Filter": 2643}]}, {"Node Type": "Index Scan", "Parent Relationship": "Inner", "Scan Direction": "Forward", "Index Name": "movie_id_movie_companies", "Relation Name": "movie_companies", "Alias": "mc", "Startup Cost": 0.0, "Total Cost": 0.36, "Plan Rows": 2, "Plan Width": 12, "Actual Startup Time": 0.021, "Actual Total Time": 0.039, "Actual Rows": 33, "Actual Loops": 2, "Index Cond": "(movie_id = mi_idx.movie_id)", "Rows Removed by Index Recheck": 0}]}, {"Node Type": "Index Scan", "Parent Relationship": "Inner", "Scan Direction": "Forward", "Index Name": "movie_id_movie_info", "Relation Name": "movie_info", "Alias": "mi", "Startup Cost": 0.0, "Total Cost": 0.66, "Plan Rows": 5, "Plan Width": 50, "Actual Startup Time": 0.497, "Actual Total Time": 2.577, "Actual Rows": 4959, "Actual Loops": 33, "Index Cond": "(movie_id = mc.movie_id)", "Rows Removed by Index Recheck": 0}]}, {"Node Type": "Index Scan", "Parent Relationship": "Inner", "Scan Direction": "Forward", "Index Name": "info_type_pkey", "Relation Name": "info_type", "Alias": "it1", "Startup Cost": 0.0, "Total Cost": 0.27, "Plan Rows": 1, "Plan Width": 4, "Actual Startup Time": 8.716, "Actual Total Time": 8.716, "Actual Rows": 33, "Actual Loops": 4959, "Index Cond": "(id = mi.info_type_id)", "Rows Removed by Index Recheck": 0, "Filter": "((info)::text = 'budget'::text)", "Rows Removed by Filter": 4864}]}, {"Node Type": "Index Scan", "Parent Relationship": "Inner", "Scan Direction": "Forward", "Index Name": "company_name_pkey", "Relation Name": "company_name", "Alias": "cn", "Startup Cost": 0.0, "Total Cost": 0.28, "Plan Rows": 1, "Plan Width": 4, "Actual Startup Time": 0.18, "Actual Total Time": 0.18, "Actual Rows": 10, "Actual Loops": 33, "Index Cond": "(id = mc.company_id)", "Rows Removed by Index Recheck": 0, "Filter": "((country_code)::text = '[us]'::text)", "Rows Removed by Filter": 23}]}, {"Node Type": "Index Scan", "Parent Relationship": "Inner", "Scan Direction": "Forward", "Index Name": "company_type_pkey", "Relation Name": "company_type", "Alias": "ct", "Startup Cost": 0.0, "Total Cost": 0.28, "Plan Rows": 1, "Plan Width": 4, "Actual Startup Time": 0.024, "Actual Total Time": 0.024, "Actual Rows": 5, "Actual Loops": 10, "Index Cond": "(id = mc.company_type_id)", "Rows Removed by Index Recheck": 0, "Filter": "((kind IS NOT NULL) AND (((kind)::text = 'production companies'::text) OR ((kind)::text = 'distributors'::text)))", "Rows Removed by Filter": 0}]}]}, "Triggers": [], "Planner Runtime": 100.768, "Total Runtime": 1352.452, "Unique SQL Id": 1682224415}}, "(1, 101)": {"explain_plan": {"Plan": {"Node Type": "Aggregate", "Strategy": "Plain", "Startup Cost": 131883.32, "Total Cost": 131883.33, "Plan Rows": 1, "Plan Width": 123, "Plans": [{"Node Type": "Nested Loop", "Parent Relationship": "Outer", "Join Type": "Inner", "Startup Cost": 0.0, "Total Cost": 131883.3, "Plan Rows": 4, "Plan Width": 59, "Inner Unique": true, "Plans": [{"Node Type": "Nested Loop", "Parent Relationship": "Outer", "Join Type": "Inner", "Startup Cost": 0.0, "Total Cost": 131869.62, "Plan Rows": 48, "Plan Width": 63, "Inner Unique": true, "Plans": [{"Node Type": "Nested Loop", "Parent Relationship": "Outer", "Join Type": "Inner", "Startup Cost": 0.0, "Total Cost": 131799.56, "Plan Rows": 248, "Plan Width": 67, "Inner Unique": false, "Join Filter": "(t.id = mi.movie_id)", "Plans": [{"Node Type": "Nested Loop", "Parent Relationship": "Outer", "Join Type": "Inner", "Startup Cost": 0.0, "Total Cost": 131476.79, "Plan Rows": 444, "Plan Width": 33, "Inner Unique": true, "Plans": [{"Node Type": "Nested Loop", "Parent Relationship": "Outer", "Join Type": "Inner", "Startup Cost": 0.0, "Total Cost": 131416.38, "Plan Rows": 210, "Plan Width": 37, "Inner Unique": false, "Join Filter": "(t.id = mc.movie_id)", "Plans": [{"Node Type": "Nested Loop", "Parent Relationship": "Outer", "Join Type": "Inner", "Startup Cost": 0.0, "Total Cost": 131295.61, "Plan Rows": 311, "Plan Width": 25, "Inner Unique": true, "Plans": [{"Node Type": "Nested Loop", "Parent Relationship": "Outer", "Join Type": "Inner", "Startup Cost": 0.0, "Total Cost": 131183.74, "Plan Rows": 396, "Plan Width": 29, "Inner Unique": false, "Plans": [{"Node Type": "Index Scan", "Parent Relationship": "Outer", "Scan Direction": "Forward", "Index Name": "title_pkey", "Relation Name": "title", "Alias": "t", "Startup Cost": 0.0, "Total Cost": 129082.82, "Plan Rows": 258, "Plan Width": 21, "Filter": "((production_year > 2000) AND (((title)::text ~~ 'Birdemic%'::text) OR ((title)::text ~~ '%Movie%'::text)))"}, {"Node Type": "Index Scan", "Parent Relationship": "Inner", "Scan Direction": "Forward", "Index Name": "movie_id_movie_info_idx", "Relation Name": "movie_info_idx", "Alias": "mi_idx", "Startup Cost": 0.0, "Total Cost": 8.12, "Plan Rows": 2, "Plan Width": 8, "Index Cond": "(movie_id = t.id)"}]}, {"Node Type": "Index Scan", "Parent Relationship": "Inner", "Scan Direction": "Forward", "Index Name": "info_type_pkey", "Relation Name": "info_type", "Alias": "it2", "Startup Cost": 0.0, "Total Cost": 0.27, "Plan Rows": 1, "Plan Width": 4, "Index Cond": "(id = mi_idx.info_type_id)", "Filter": "((info)::text = 'bottom 10 rank'::text)"}]}, {"Node Type": "Index Scan", "Parent Relationship": "Inner", "Scan Direction": "Forward", "Index Name": "movie_id_movie_companies", "Relation Name": "movie_companies", "Alias": "mc", "Startup Cost": 0.0, "Total Cost": 0.36, "Plan Rows": 2, "Plan Width": 12, "Index Cond": "(movie_id = mi_idx.movie_id)"}]}, {"Node Type": "Index Scan", "Parent Relationship": "Inner", "Scan Direction": "Forward", "Index Name": "company_name_pkey", "Relation Name": "company_name", "Alias": "cn", "Startup Cost": 0.0, "Total Cost": 0.28, "Plan Rows": 1, "Plan Width": 4, "Index Cond": "(id = mc.company_id)", "Filter": "((country_code)::text = '[us]'::text)"}]}, {"Node Type": "Index Scan", "Parent Relationship": "Inner", "Scan Direction": "Forward", "Index Name": "movie_id_movie_info", "Relation Name": "movie_info", "Alias": "mi", "Startup Cost": 0.0, "Total Cost": 0.66, "Plan Rows": 5, "Plan Width": 50, "Index Cond": "(movie_id = mc.movie_id)"}]}, {"Node Type": "Index Scan", "Parent Relationship": "Inner", "Scan Direction": "Forward", "Index Name": "info_type_pkey", "Relation Name": "info_type", "Alias": "it1", "Startup Cost": 0.0, "Total Cost": 0.27, "Plan Rows": 1, "Plan Width": 4, "Index Cond": "(id = mi.info_type_id)", "Filter": "((info)::text = 'budget'::text)"}]}, {"Node Type": "Index Scan", "Parent Relationship": "Inner", "Scan Direction": "Forward", "Index Name": "company_type_pkey", "Relation Name": "company_type", "Alias": "ct", "Startup Cost": 0.0, "Total Cost": 0.28, "Plan Rows": 1, "Plan Width": 4, "Index Cond": "(id = mc.company_type_id)", "Filter": "((kind IS NOT NULL) AND (((kind)::text = 'production companies'::text) OR ((kind)::text = 'distributors'::text)))"}]}]}, "Unique SQL Id": 1682224415}, "explain_analyze_plan": null}, "(1, 102)": {"explain_plan": {"Plan": {"Node Type": "Aggregate", "Strategy": "Plain", "Startup Cost": 84864.02, "Total Cost": 84864.03, "Plan Rows": 1, "Plan Width": 123, "Plans": [{"Node Type": "Nested Loop", "Parent Relationship": "Outer", "Join Type": "Inner", "Startup Cost": 10.2, "Total Cost": 84864.0, "Plan Rows": 4, "Plan Width": 59, "Inner Unique": true, "Plans": [{"Node Type": "Nested Loop", "Parent Relationship": "Outer", "Join Type": "Inner", "Startup Cost": 9.95, "Total Cost": 84846.86, "Plan Rows": 4, "Plan Width": 63, "Inner Unique": true, "Plans": [{"Node Type": "Hash Join", "Parent Relationship": "Outer", "Join Type": "Inner", "Startup Cost": 9.69, "Total Cost": 84825.44, "Plan Rows": 5, "Plan Width": 67, "Inner Unique": true, "Hash Cond": "(mi_idx.info_type_id = it2.id)", "Plans": [{"Node Type": "Nested Loop", "Parent Relationship": "Outer", "Join Type": "Inner", "Startup Cost": 7.27, "Total Cost": 84822.71, "Plan Rows": 65, "Plan Width": 71, "Inner Unique": false, "Join Filter": "(t.id = mi_idx.movie_id)", "Plans": [{"Node Type": "Hash Join", "Parent Relationship": "Outer", "Join Type": "Inner", "Startup Cost": 7.01, "Total Cost": 84641.4, "Plan Rows": 42, "Plan Width": 79, "Inner Unique": true, "Hash Cond": "(mi.info_type_id = it1.id)", "Plans": [{"Node Type": "Nested Loop", "Parent Relationship": "Outer", "Join Type": "Inner", "Startup Cost": 4.59, "Total Cost": 84631.07, "Plan Rows": 2989, "Plan Width": 83, "Inner Unique": false, "Join Filter": "(t.id = mi.movie_id)", "Plans": [{"Node Type": "Nested Loop", "Parent Relationship": "Outer", "Join Type": "Inner", "Startup Cost": 4.22, "Total Cost": 82178.09, "Plan Rows": 545, "Plan Width": 33, "Inner Unique": false, "Plans": [{"Node Type": "Seq Scan", "Parent Relationship": "Outer", "Relation Name": "title", "Alias": "t", "Startup Cost": 0.0, "Total Cost": 79031.44, "Plan Rows": 258, "Plan Width": 21, "Filter": "((production_year > 2000) AND (((title)::text ~~ 'Birdemic%'::text) OR ((title)::text ~~ '%Movie%'::text)))"}, {"Node Type": "Bitmap Heap Scan", "Parent Relationship": "Inner", "Relation Name": "movie_companies", "Alias": "mc", "Startup Cost": 4.22, "Total Cost": 12.18, "Plan Rows": 2, "Plan Width": 12, "Recheck Cond": "(movie_id = t.id)", "Plans": [{"Node Type": "Bitmap Index Scan", "Parent Relationship": "Outer", "Index Name": "movie_id_movie_companies", "Startup Cost": 0.0, "Total Cost": 4.22, "Plan Rows": 2, "Plan Width": 0, "Index Cond": "(movie_id = t.id)"}]}]}, {"Node Type": "Bitmap Heap Scan", "Parent Relationship": "Inner", "Relation Name": "movie_info", "Alias": "mi", "Startup Cost": 0.38, "Total Cost": 4.44, "Plan Rows": 5, "Plan Width": 50, "Recheck Cond": "(movie_id = mc.movie_id)", "Plans": [{"Node Type": "Bitmap Index Scan", "Parent Relationship": "Outer", "Index Name": "movie_id_movie_info", "Startup Cost": 0.0, "Total Cost": 0.37, "Plan Rows": 5, "Plan Width": 0, "Index Cond": "(movie_id = mc.movie_id)"}]}]}, {"Node Type": "Hash", "Parent Relationship": "Inner", "Startup Cost": 2.4, "Total Cost": 2.4, "Plan Rows": 1, "Plan Width": 4, "Plans": [{"Node Type": "Seq Scan", "Parent Relationship": "Outer", "Relation Name": "info_type", "Alias": "it1", "Startup Cost": 0.0, "Total Cost": 2.4, "Plan Rows": 1, "Plan Width": 4, "Filter": "((info)::text = 'budget'::text)"}]}]}, {"Node Type": "Bitmap Heap Scan", "Parent Relationship": "Inner", "Relation Name": "movie_info_idx", "Alias": "mi_idx", "Startup Cost": 0.27, "Total Cost": 4.29, "Plan Rows": 2, "Plan Width": 8, "Recheck Cond": "(movie_id = mi.movie_id)", "Plans": [{"Node Type": "Bitmap Index Scan", "Parent Relationship": "Outer", "Index Name": "movie_id_movie_info_idx", "Startup Cost": 0.0, "Total Cost": 0.27, "Plan Rows": 2, "Plan Width": 0, "Index Cond": "(movie_id = mi.movie_id)"}]}]}, {"Node Type": "Hash", "Parent Relationship": "Inner", "Startup Cost": 2.4, "Total Cost": 2.4, "Plan Rows": 1, "Plan Width": 4, "Plans": [{"Node Type": "Seq Scan", "Parent Relationship": "Outer", "Relation Name": "info_type", "Alias": "it2", "Startup Cost": 0.0, "Total Cost": 2.4, "Plan Rows": 1, "Plan Width": 4, "Filter": "((info)::text = 'bottom 10 rank'::text)"}]}]}, {"Node Type": "Bitmap Heap Scan", "Parent Relationship": "Inner", "Relation Name": "company_name", "Alias": "cn", "Startup Cost": 0.26, "Total Cost": 4.27, "Plan Rows": 1, "Plan Width": 4, "Recheck Cond": "(id = mc.company_id)", "Filter": "((country_code)::text = '[us]'::text)", "Plans": [{"Node Type": "Bitmap Index Scan", "Parent Relationship": "Outer", "Index Name": "company_name_pkey", "Startup Cost": 0.0, "Total Cost": 0.26, "Plan Rows": 1, "Plan Width": 0, "Index Cond": "(id = mc.company_id)"}]}]}, {"Node Type": "Bitmap Heap Scan", "Parent Relationship": "Inner", "Relation Name": "company_type", "Alias": "ct", "Startup Cost": 0.26, "Total Cost": 4.28, "Plan Rows": 1, "Plan Width": 4, "Recheck Cond": "(id = mc.company_type_id)", "Filter": "((kind IS NOT NULL) AND (((kind)::text = 'production companies'::text) OR ((kind)::text = 'distributors'::text)))", "Plans": [{"Node Type": "Bitmap Index Scan", "Parent Relationship": "Outer", "Index Name": "company_type_pkey", "Startup Cost": 0.0, "Total Cost": 0.26, "Plan Rows": 1, "Plan Width": 0, "Index Cond": "(id = mc.company_type_id)"}]}]}]}, "Unique SQL Id": 1682224415}, "explain_analyze_plan": {"Plan": {"Node Type": "Aggregate", "Strategy": "Plain", "Startup Cost": 84864.02, "Total Cost": 84864.03, "Plan Rows": 1, "Plan Width": 123, "Actual Startup Time": 1614.858, "Actual Total Time": 1614.858, "Actual Rows": 1, "Actual Loops": 1, "Plans": [{"Node Type": "Nested Loop", "Parent Relationship": "Outer", "Join Type": "Inner", "Startup Cost": 10.2, "Total Cost": 84864.0, "Plan Rows": 4, "Plan Width": 59, "Actual Startup Time": 990.086, "Actual Total Time": 1614.821, "Actual Rows": 5, "Actual Loops": 1, "Inner Unique": true, "Plans": [{"Node Type": "Nested Loop", "Parent Relationship": "Outer", "Join Type": "Inner", "Startup Cost": 9.95, "Total Cost": 84846.86, "Plan Rows": 4, "Plan Width": 63, "Actual Startup Time": 989.763, "Actual Total Time": 1614.757, "Actual Rows": 10, "Actual Loops": 1, "Inner Unique": true, "Plans": [{"Node Type": "Hash Join", "Parent Relationship": "Outer", "Join Type": "Inner", "Startup Cost": 9.69, "Total Cost": 84825.44, "Plan Rows": 5, "Plan Width": 67, "Actual Startup Time": 989.727, "Actual Total Time": 1614.461, "Actual Rows": 33, "Actual Loops": 1, "Inner Unique": true, "Hash Cond": "(mi_idx.info_type_id = it2.id)", "Plans": [{"Node Type": "Nested Loop", "Parent Relationship": "Outer", "Join Type": "Inner", "Startup Cost": 7.27, "Total Cost": 84822.71, "Plan Rows": 65, "Plan Width": 71, "Actual Startup Time": 192.111, "Actual Total Time": 1613.638, "Actual Rows": 3102, "Actual Loops": 1, "Inner Unique": false, "Join Filter": "(t.id = mi_idx.movie_id)", "Rows Removed by Join Filter": 0, "Plans": [{"Node Type": "Hash Join", "Parent Relationship": "Outer", "Join Type": "Inner", "Startup Cost": 7.01, "Total Cost": 84641.4, "Plan Rows": 42, "Plan Width": 79, "Actual Startup Time": 69.965, "Actual Total Time": 1602.271, "Actual Rows": 1341, "Actual Loops": 1, "Inner Unique": true, "Hash Cond": "(mi.info_type_id = it1.id)", "Plans": [{"Node Type": "Nested Loop", "Parent Relationship": "Outer", "Join Type": "Inner", "Startup Cost": 4.59, "Total Cost": 84631.07, "Plan Rows": 2989, "Plan Width": 83, "Actual Startup Time": 3.577, "Actual Total Time": 1575.122, "Actual Rows": 166980, "Actual Loops": 1, "Inner Unique": false, "Join Filter": "(t.id = mi.movie_id)", "Rows Removed by Join Filter": 0, "Plans": [{"Node Type": "Nested Loop", "Parent Relationship": "Outer", "Join Type": "Inner", "Startup Cost": 4.22, "Total Cost": 82178.09, "Plan Rows": 545, "Plan Width": 33, "Actual Startup Time": 3.548, "Actual Total Time": 1349.14, "Actual Rows": 3968, "Actual Loops": 1, "Inner Unique": false, "Plans": [{"Node Type": "Seq Scan", "Parent Relationship": "Outer", "Relation Name": "title", "Alias": "t", "Startup Cost": 0.0, "Total Cost": 79031.44, "Plan Rows": 258, "Plan Width": 21, "Actual Startup Time": 0.37, "Actual Total Time": 1321.482, "Actual Rows": 2536, "Actual Loops": 1, "Filter": "((production_year > 2000) AND (((title)::text ~~ 'Birdemic%'::text) OR ((title)::text ~~ '%Movie%'::text)))", "Rows Removed by Filter": 2525775}, {"Node Type": "Bitmap Heap Scan", "Parent Relationship": "Inner", "Relation Name": "movie_companies", "Alias": "mc", "Startup Cost": 4.22, "Total Cost": 12.18, "Plan Rows": 2, "Plan Width": 12, "Actual Startup Time": 19.572, "Actual Total Time": 21.91, "Actual Rows": 3968, "Actual Loops": 2536, "Recheck Cond": "(movie_id = t.id)", "Rows Removed by Index Recheck": 0, "Exact Heap Blocks": 2364, "Lossy Heap Blocks": 2364, "Plans": [{"Node Type": "Bitmap Index Scan", "Parent Relationship": "Outer", "Index Name": "movie_id_movie_companies", "Startup Cost": 0.0, "Total Cost": 4.22, "Plan Rows": 2, "Plan Width": 0, "Actual Startup Time": 12.879, "Actual Total Time": 12.879, "Actual Rows": 3968, "Actual Loops": 2536, "Index Cond": "(movie_id = t.id)"}]}]}, {"Node Type": "Bitmap Heap Scan", "Parent Relationship": "Inner", "Relation Name": "movie_info", "Alias": "mi", "Startup Cost": 0.38, "Total Cost": 4.44, "Plan Rows": 5, "Plan Width": 50, "Actual Startup Time": 66.765, "Actual Total Time": 164.395, "Actual Rows": 166980, "Actual Loops": 3968, "Recheck Cond": "(movie_id = mc.movie_id)", "Rows Removed by Index Recheck": 0, "Exact Heap Blocks": 41219, "Lossy Heap Blocks": 41219, "Plans": [{"Node Type": "Bitmap Index Scan", "Parent Relationship": "Outer", "Index Name": "movie_id_movie_info", "Startup Cost": 0.0, "Total Cost": 0.37, "Plan Rows": 5, "Plan Width": 0, "Actual Startup Time": 52.686, "Actual Total Time": 52.686, "Actual Rows": 166980, "Actual Loops": 3968, "Index Cond": "(movie_id = mc.movie_id)"}]}]}, {"Node Type": "Hash", "Parent Relationship": "Inner", "Startup Cost": 2.4, "Total Cost": 2.4, "Plan Rows": 1, "Plan Width": 4, "Actual Startup Time": 0.048, "Actual Total Time": 0.048, "Actual Rows": 1, "Actual Loops": 1, "Hash Buckets": 32768, "Hash Batches": 1, "Original Hash Batches": 1, "Peak Memory Usage": 1, "Plans": [{"Node Type": "Seq Scan", "Parent Relationship": "Outer", "Relation Name": "info_type", "Alias": "it1", "Startup Cost": 0.0, "Total Cost": 2.4, "Plan Rows": 1, "Plan Width": 4, "Actual Startup Time": 0.039, "Actual Total Time": 0.042, "Actual Rows": 1, "Actual Loops": 1, "Filter": "((info)::text = 'budget'::text)", "Rows Removed by Filter": 111}]}]}, {"Node Type": "Bitmap Heap Scan", "Parent Relationship": "Inner", "Relation Name": "movie_info_idx", "Alias": "mi_idx", "Startup Cost": 0.27, "Total Cost": 4.29, "Plan Rows": 2, "Plan Width": 8, "Actual Startup Time": 7.329, "Actual Total Time": 7.801, "Actual Rows": 3102, "Actual Loops": 1341, "Recheck Cond": "(movie_id = mi.movie_id)", "Rows Removed by Index Recheck": 0, "Exact Heap Blocks": 1073, "Lossy Heap Blocks": 1073, "Plans": [{"Node Type": "Bitmap Index Scan", "Parent Relationship": "Outer", "Index Name": "movie_id_movie_info_idx", "Startup Cost": 0.0, "Total Cost": 0.27, "Plan Rows": 2, "Plan Width": 0, "Actual Startup Time": 4.913, "Actual Total Time": 4.913, "Actual Rows": 3102, "Actual Loops": 1341, "Index Cond": "(movie_id = mi.movie_id)"}]}]}, {"Node Type": "Hash", "Parent Relationship": "Inner", "Startup Cost": 2.4, "Total Cost": 2.4, "Plan Rows": 1, "Plan Width": 4, "Actual Startup Time": 0.075, "Actual Total Time": 0.075, "Actual Rows": 1, "Actual Loops": 1, "Hash Buckets": 32768, "Hash Batches": 1, "Original Hash Batches": 1, "Peak Memory Usage": 1, "Plans": [{"Node Type": "Seq Scan", "Parent Relationship": "Outer", "Relation Name": "info_type", "Alias": "it2", "Startup Cost": 0.0, "Total Cost": 2.4, "Plan Rows": 1, "Plan Width": 4, "Actual Startup Time": 0.063, "Actual Total Time": 0.066, "Actual Rows": 1, "Actual Loops": 1, "Filter": "((info)::text = 'bottom 10 rank'::text)", "Rows Removed by Filter": 111}]}]}, {"Node Type": "Bitmap Heap Scan", "Parent Relationship": "Inner", "Relation Name": "company_name", "Alias": "cn", "Startup Cost": 0.26, "Total Cost": 4.27, "Plan Rows": 1, "Plan Width": 4, "Actual Startup Time": 0.241, "Actual Total Time": 0.241, "Actual Rows": 10, "Actual Loops": 33, "Recheck Cond": "(id = mc.company_id)", "Rows Removed by Index Recheck": 0, "Filter": "((country_code)::text = '[us]'::text)", "Rows Removed by Filter": 23, "Exact Heap Blocks": 33, "Lossy Heap Blocks": 33, "Plans": [{"Node Type": "Bitmap Index Scan", "Parent Relationship": "Outer", "Index Name": "company_name_pkey", "Startup Cost": 0.0, "Total Cost": 0.26, "Plan Rows": 1, "Plan Width": 0, "Actual Startup Time": 0.122, "Actual Total Time": 0.122, "Actual Rows": 33, "Actual Loops": 33, "Index Cond": "(id = mc.company_id)"}]}]}, {"Node Type": "Bitmap Heap Scan", "Parent Relationship": "Inner", "Relation Name": "company_type", "Alias": "ct", "Startup Cost": 0.26, "Total Cost": 4.28, "Plan Rows": 1, "Plan Width": 4, "Actual Startup Time": 0.044, "Actual Total Time": 0.044, "Actual Rows": 5, "Actual Loops": 10, "Recheck Cond": "(id = mc.company_type_id)", "Rows Removed by Index Recheck": 0, "Filter": "((kind IS NOT NULL) AND (((kind)::text = 'production companies'::text) OR ((kind)::text = 'distributors'::text)))", "Rows Removed by Filter": 0, "Exact Heap Blocks": 5, "Lossy Heap Blocks": 5, "Plans": [{"Node Type": "Bitmap Index Scan", "Parent Relationship": "Outer", "Index Name": "company_type_pkey", "Startup Cost": 0.0, "Total Cost": 0.26, "Plan Rows": 1, "Plan Width": 0, "Actual Startup Time": 0.013, "Actual Total Time": 0.013, "Actual Rows": 5, "Actual Loops": 10, "Index Cond": "(id = mc.company_type_id)"}]}]}]}, "Triggers": [], "Planner Runtime": 92.473, "Total Runtime": 1615.141, "Unique SQL Id": 1682224415}}, "(1, 103)": {"explain_plan": {"Plan": {"Node Type": "Aggregate", "Strategy": "Plain", "Startup Cost": 1000012336498.63, "Total Cost": 1000012336498.64, "Plan Rows": 1, "Plan Width": 123, "Plans": [{"Node Type": "Nested Loop", "Parent Relationship": "Outer", "Join Type": "Inner", "Startup Cost": 10000000002.04, "Total Cost": 1000012336498.61, "Plan Rows": 4, "Plan Width": 59, "Inner Unique": true, "Plans": [{"Node Type": "Nested Loop", "Parent Relationship": "Outer", "Join Type": "Inner", "Startup Cost": 10000000001.78, "Total Cost": 1000012336438.65, "Plan Rows": 14, "Plan Width": 63, "Inner Unique": true, "Plans": [{"Node Type": "Nested Loop", "Parent Relationship": "Outer", "Join Type": "Inner", "Startup Cost": 10000000001.52, "Total Cost": 1000012336378.66, "Plan Rows": 14, "Plan Width": 67, "Inner Unique": true, "Plans": [{"Node Type": "Nested Loop", "Parent Relationship": "Outer", "Join Type": "Inner", "Startup Cost": 10000000001.26, "Total Cost": 1000012336100.24, "Plan Rows": 65, "Plan Width": 71, "Inner Unique": false, "Join Filter": "(t.id = mc.movie_id)", "Plans": [{"Node Type": "Nested Loop", "Parent Relationship": "Outer", "Join Type": "Inner", "Startup Cost": 10000000001.0, "Total Cost": 1000012335970.7, "Plan Rows": 30, "Plan Width": 75, "Inner Unique": true, "Plans": [{"Node Type": "Nested Loop", "Parent Relationship": "Outer", "Join Type": "Inner", "Startup Cost": 10000000000.74, "Total Cost": 1000012326904.12, "Plan Rows": 2117, "Plan Width": 79, "Inner Unique": false, "Join Filter": "(t.id = mi.movie_id)", "Plans": [{"Node Type": "Nested Loop", "Parent Relationship": "Outer", "Join Type": "Inner", "Startup Cost": 10000000000.28, "Total Cost": 1000012325091.05, "Plan Rows": 396, "Plan Width": 29, "Inner Unique": true, "Plans": [{"Node Type": "Index Scan", "Parent Relationship": "Outer", "Scan Direction": "Forward", "Index Name": "info_type_id_movie_info_idx", "Relation Name": "movie_info_idx", "Alias": "mi_idx", "Startup Cost": 10000000000.0, "Total Cost": 1000006370838.27, "Plan Rows": 1380034, "Plan Width": 8}, {"Node Type": "Bitmap Heap Scan", "Parent Relationship": "Inner", "Relation Name": "title", "Alias": "t", "Startup Cost": 0.28, "Total Cost": 4.3, "Plan Rows": 1, "Plan Width": 21, "Recheck Cond": "(id = mi_idx.movie_id)", "Filter": "((production_year > 2000) AND (((title)::text ~~ 'Birdemic%'::text) OR ((title)::text ~~ '%Movie%'::text)))", "Plans": [{"Node Type": "Bitmap Index Scan", "Parent Relationship": "Outer", "Index Name": "title_pkey", "Startup Cost": 0.0, "Total Cost": 0.28, "Plan Rows": 1, "Plan Width": 0, "Index Cond": "(id = mi_idx.movie_id)"}]}]}, {"Node Type": "Bitmap Heap Scan", "Parent Relationship": "Inner", "Relation Name": "movie_info", "Alias": "mi", "Startup Cost": 0.45, "Total Cost": 4.52, "Plan Rows": 5, "Plan Width": 50, "Recheck Cond": "(movie_id = mi_idx.movie_id)", "Plans": [{"Node Type": "Bitmap Index Scan", "Parent Relationship": "Outer", "Index Name": "movie_id_movie_info", "Startup Cost": 0.0, "Total Cost": 0.45, "Plan Rows": 5, "Plan Width": 0, "Index Cond": "(movie_id = mi_idx.movie_id)"}]}]}, {"Node Type": "Bitmap Heap Scan", "Parent Relationship": "Inner", "Relation Name": "info_type", "Alias": "it1", "Startup Cost": 0.26, "Total Cost": 4.27, "Plan Rows": 1, "Plan Width": 4, "Recheck Cond": "(id = mi.info_type_id)", "Filter": "((info)::text = 'budget'::text)", "Plans": [{"Node Type": "Bitmap Index Scan", "Parent Relationship": "Outer", "Index Name": "info_type_pkey", "Startup Cost": 0.0, "Total Cost": 0.26, "Plan Rows": 1, "Plan Width": 0, "Index Cond": "(id = mi.info_type_id)"}]}]}, {"Node Type": "Bitmap Heap Scan", "Parent Relationship": "Inner", "Relation Name": "movie_companies", "Alias": "mc", "Startup Cost": 0.27, "Total Cost": 4.29, "Plan Rows": 2, "Plan Width": 12, "Recheck Cond": "(movie_id = mi.movie_id)", "Plans": [{"Node Type": "Bitmap Index Scan", "Parent Relationship": "Outer", "Index Name": "movie_id_movie_companies", "Startup Cost": 0.0, "Total Cost": 0.27, "Plan Rows": 2, "Plan Width": 0, "Index Cond": "(movie_id = mi.movie_id)"}]}]}, {"Node Type": "Bitmap Heap Scan", "Parent Relationship": "Inner", "Relation Name": "company_name", "Alias": "cn", "Startup Cost": 0.26, "Total Cost": 4.27, "Plan Rows": 1, "Plan Width": 4, "Recheck Cond": "(id = mc.company_id)", "Filter": "((country_code)::text = '[us]'::text)", "Plans": [{"Node Type": "Bitmap Index Scan", "Parent Relationship": "Outer", "Index Name": "company_name_pkey", "Startup Cost": 0.0, "Total Cost": 0.26, "Plan Rows": 1, "Plan Width": 0, "Index Cond": "(id = mc.company_id)"}]}]}, {"Node Type": "Bitmap Heap Scan", "Parent Relationship": "Inner", "Relation Name": "company_type", "Alias": "ct", "Startup Cost": 0.26, "Total Cost": 4.28, "Plan Rows": 1, "Plan Width": 4, "Recheck Cond": "(id = mc.company_type_id)", "Filter": "((kind IS NOT NULL) AND (((kind)::text = 'production companies'::text) OR ((kind)::text = 'distributors'::text)))", "Plans": [{"Node Type": "Bitmap Index Scan", "Parent Relationship": "Outer", "Index Name": "company_type_pkey", "Startup Cost": 0.0, "Total Cost": 0.26, "Plan Rows": 1, "Plan Width": 0, "Index Cond": "(id = mc.company_type_id)"}]}]}, {"Node Type": "Bitmap Heap Scan", "Parent Relationship": "Inner", "Relation Name": "info_type", "Alias": "it2", "Startup Cost": 0.26, "Total Cost": 4.27, "Plan Rows": 1, "Plan Width": 4, "Recheck Cond": "(id = mi_idx.info_type_id)", "Filter": "((info)::text = 'bottom 10 rank'::text)", "Plans": [{"Node Type": "Bitmap Index Scan", "Parent Relationship": "Outer", "Index Name": "info_type_pkey", "Startup Cost": 0.0, "Total Cost": 0.26, "Plan Rows": 1, "Plan Width": 0, "Index Cond": "(id = mi_idx.info_type_id)"}]}]}]}, "Unique SQL Id": 1682224415}, "explain_analyze_plan": null}, "(1, 104)": {"explain_plan": {"Plan": {"Node Type": "Aggregate", "Strategy": "Plain", "Startup Cost": 81837.23, "Total Cost": 81837.24, "Plan Rows": 1, "Plan Width": 123, "Plans": [{"Node Type": "Nested Loop", "Parent Relationship": "Outer", "Join Type": "Inner", "Startup Cost": 0.0, "Total Cost": 81837.21, "Plan Rows": 4, "Plan Width": 59, "Inner Unique": true, "Plans": [{"Node Type": "Nested Loop", "Parent Relationship": "Outer", "Join Type": "Inner", "Startup Cost": 0.0, "Total Cost": 81836.06, "Plan Rows": 4, "Plan Width": 63, "Inner Unique": true, "Plans": [{"Node Type": "Nested Loop", "Parent Relationship": "Outer", "Join Type": "Inner", "Startup Cost": 0.0, "Total Cost": 81834.63, "Plan Rows": 5, "Plan Width": 67, "Inner Unique": true, "Plans": [{"Node Type": "Nested Loop", "Parent Relationship": "Outer", "Join Type": "Inner", "Startup Cost": 0.0, "Total Cost": 81517.66, "Plan Rows": 1122, "Plan Width": 71, "Inner Unique": false, "Join Filter": "(t.id = mi.movie_id)", "Plans": [{"Node Type": "Nested Loop", "Parent Relationship": "Outer", "Join Type": "Inner", "Startup Cost": 0.0, "Total Cost": 81365.0, "Plan Rows": 210, "Plan Width": 37, "Inner Unique": false, "Join Filter": "(t.id = mc.movie_id)", "Plans": [{"Node Type": "Nested Loop", "Parent Relationship": "Outer", "Join Type": "Inner", "Startup Cost": 0.0, "Total Cost": 81244.23, "Plan Rows": 311, "Plan Width": 25, "Inner Unique": true, "Plans": [{"Node Type": "Nested Loop", "Parent Relationship": "Outer", "Join Type": "Inner", "Startup Cost": 0.0, "Total Cost": 81132.36, "Plan Rows": 396, "Plan Width": 29, "Inner Unique": false, "Plans": [{"Node Type": "Seq Scan", "Parent Relationship": "Outer", "Relation Name": "title", "Alias": "t", "Startup Cost": 0.0, "Total Cost": 79031.44, "Plan Rows": 258, "Plan Width": 21, "Filter": "((production_year > 2000) AND (((title)::text ~~ 'Birdemic%'::text) OR ((title)::text ~~ '%Movie%'::text)))"}, {"Node Type": "Index Scan", "Parent Relationship": "Inner", "Scan Direction": "Forward", "Index Name": "movie_id_movie_info_idx", "Relation Name": "movie_info_idx", "Alias": "mi_idx", "Startup Cost": 0.0, "Total Cost": 8.12, "Plan Rows": 2, "Plan Width": 8, "Index Cond": "(movie_id = t.id)"}]}, {"Node Type": "Index Scan", "Parent Relationship": "Inner", "Scan Direction": "Forward", "Index Name": "info_type_pkey", "Relation Name": "info_type", "Alias": "it2", "Startup Cost": 0.0, "Total Cost": 0.27, "Plan Rows": 1, "Plan Width": 4, "Index Cond": "(id = mi_idx.info_type_id)", "Filter": "((info)::text = 'bottom 10 rank'::text)"}]}, {"Node Type": "Index Scan", "Parent Relationship": "Inner", "Scan Direction": "Forward", "Index Name": "movie_id_movie_companies", "Relation Name": "movie_companies", "Alias": "mc", "Startup Cost": 0.0, "Total Cost": 0.36, "Plan Rows": 2, "Plan Width": 12, "Index Cond": "(movie_id = mi_idx.movie_id)"}]}, {"Node Type": "Index Scan", "Parent Relationship": "Inner", "Scan Direction": "Forward", "Index Name": "movie_id_movie_info", "Relation Name": "movie_info", "Alias": "mi", "Startup Cost": 0.0, "Total Cost": 0.66, "Plan Rows": 5, "Plan Width": 50, "Index Cond": "(movie_id = mc.movie_id)"}]}, {"Node Type": "Index Scan", "Parent Relationship": "Inner", "Scan Direction": "Forward", "Index Name": "info_type_pkey", "Relation Name": "info_type", "Alias": "it1", "Startup Cost": 0.0, "Total Cost": 0.27, "Plan Rows": 1, "Plan Width": 4, "Index Cond": "(id = mi.info_type_id)", "Filter": "((info)::text = 'budget'::text)"}]}, {"Node Type": "Index Scan", "Parent Relationship": "Inner", "Scan Direction": "Forward", "Index Name": "company_name_pkey", "Relation Name": "company_name", "Alias": "cn", "Startup Cost": 0.0, "Total Cost": 0.28, "Plan Rows": 1, "Plan Width": 4, "Index Cond": "(id = mc.company_id)", "Filter": "((country_code)::text = '[us]'::text)"}]}, {"Node Type": "Index Scan", "Parent Relationship": "Inner", "Scan Direction": "Forward", "Index Name": "company_type_pkey", "Relation Name": "company_type", "Alias": "ct", "Startup Cost": 0.0, "Total Cost": 0.28, "Plan Rows": 1, "Plan Width": 4, "Index Cond": "(id = mc.company_type_id)", "Filter": "((kind IS NOT NULL) AND (((kind)::text = 'production companies'::text) OR ((kind)::text = 'distributors'::text)))"}]}]}, "Unique SQL Id": 1682224415}, "explain_analyze_plan": {"Plan": {"Node Type": "Aggregate", "Strategy": "Plain", "Startup Cost": 81837.23, "Total Cost": 81837.24, "Plan Rows": 1, "Plan Width": 123, "Actual Startup Time": 1352.051, "Actual Total Time": 1352.052, "Actual Rows": 1, "Actual Loops": 1, "Plans": [{"Node Type": "Nested Loop", "Parent Relationship": "Outer", "Join Type": "Inner", "Startup Cost": 0.0, "Total Cost": 81837.21, "Plan Rows": 4, "Plan Width": 59, "Actual Startup Time": 940.615, "Actual Total Time": 1352.01, "Actual Rows": 5, "Actual Loops": 1, "Inner Unique": true, "Plans": [{"Node Type": "Nested Loop", "Parent Relationship": "Outer", "Join Type": "Inner", "Startup Cost": 0.0, "Total Cost": 81836.06, "Plan Rows": 4, "Plan Width": 63, "Actual Startup Time": 940.008, "Actual Total Time": 1351.971, "Actual Rows": 10, "Actual Loops": 1, "Inner Unique": true, "Plans": [{"Node Type": "Nested Loop", "Parent Relationship": "Outer", "Join Type": "Inner", "Startup Cost": 0.0, "Total Cost": 81834.63, "Plan Rows": 5, "Plan Width": 67, "Actual Startup Time": 939.992, "Actual Total Time": 1351.765, "Actual Rows": 33, "Actual Loops": 1, "Inner Unique": true, "Plans": [{"Node Type": "Nested Loop", "Parent Relationship": "Outer", "Join Type": "Inner", "Startup Cost": 0.0, "Total Cost": 81517.66, "Plan Rows": 1122, "Plan Width": 71, "Actual Startup Time": 939.82, "Actual Total Time": 1340.818, "Actual Rows": 4959, "Actual Loops": 1, "Inner Unique": false, "Join Filter": "(t.id = mi.movie_id)", "Rows Removed by Join Filter": 0, "Plans": [{"Node Type": "Nested Loop", "Parent Relationship": "Outer", "Join Type": "Inner", "Startup Cost": 0.0, "Total Cost": 81365.0, "Plan Rows": 210, "Plan Width": 37, "Actual Startup Time": 939.793, "Actual Total Time": 1336.44, "Actual Rows": 33, "Actual Loops": 1, "Inner Unique": false, "Join Filter": "(t.id = mc.movie_id)", "Rows Removed by Join Filter": 0, "Plans": [{"Node Type": "Nested Loop", "Parent Relationship": "Outer", "Join Type": "Inner", "Startup Cost": 0.0, "Total Cost": 81244.23, "Plan Rows": 311, "Plan Width": 25, "Actual Startup Time": 939.753, "Actual Total Time": 1336.353, "Actual Rows": 2, "Actual Loops": 1, "Inner Unique": true, "Plans": [{"Node Type": "Nested Loop", "Parent Relationship": "Outer", "Join Type": "Inner", "Startup Cost": 0.0, "Total Cost": 81132.36, "Plan Rows": 396, "Plan Width": 29, "Actual Startup Time": 13.999, "Actual Total Time": 1329.158, "Actual Rows": 2645, "Actual Loops": 1, "Inner Unique": false, "Plans": [{"Node Type": "Seq Scan", "Parent Relationship": "Outer", "Relation Name": "title", "Alias": "t", "Startup Cost": 0.0, "Total Cost": 79031.44, "Plan Rows": 258, "Plan Width": 21, "Actual Startup Time": 0.387, "Actual Total Time": 1314.964, "Actual Rows": 2536, "Actual Loops": 1, "Filter": "((production_year > 2000) AND (((title)::text ~~ 'Birdemic%'::text) OR ((title)::text ~~ '%Movie%'::text)))", "Rows Removed by Filter": 2525775}, {"Node Type": "Index Scan", "Parent Relationship": "Inner", "Scan Direction": "Forward", "Index Name": "movie_id_movie_info_idx", "Relation Name": "movie_info_idx", "Alias": "mi_idx", "Startup Cost": 0.0, "Total Cost": 8.12, "Plan Rows": 2, "Plan Width": 8, "Actual Startup Time": 10.642, "Actual Total Time": 11.588, "Actual Rows": 2645, "Actual Loops": 2536, "Index Cond": "(movie_id = t.id)", "Rows Removed by Index Recheck": 0}]}, {"Node Type": "Index Scan", "Parent Relationship": "Inner", "Scan Direction": "Forward", "Index Name": "info_type_pkey", "Relation Name": "info_type", "Alias": "it2", "Startup Cost": 0.0, "Total Cost": 0.27, "Plan Rows": 1, "Plan Width": 4, "Actual Startup Time": 5.582, "Actual Total Time": 5.582, "Actual Rows": 2, "Actual Loops": 2645, "Index Cond": "(id = mi_idx.info_type_id)", "Rows Removed by Index Recheck": 0, "Filter": "((info)::text = 'bottom 10 rank'::text)", "Rows Removed by Filter": 2643}]}, {"Node Type": "Index Scan", "Parent Relationship": "Inner", "Scan Direction": "Forward", "Index Name": "movie_id_movie_companies", "Relation Name": "movie_companies", "Alias": "mc", "Startup Cost": 0.0, "Total Cost": 0.36, "Plan Rows": 2, "Plan Width": 12, "Actual Startup Time": 0.021, "Actual Total Time": 0.039, "Actual Rows": 33, "Actual Loops": 2, "Index Cond": "(movie_id = mi_idx.movie_id)", "Rows Removed by Index Recheck": 0}]}, {"Node Type": "Index Scan", "Parent Relationship": "Inner", "Scan Direction": "Forward", "Index Name": "movie_id_movie_info", "Relation Name": "movie_info", "Alias": "mi", "Startup Cost": 0.0, "Total Cost": 0.66, "Plan Rows": 5, "Plan Width": 50, "Actual Startup Time": 0.497, "Actual Total Time": 2.577, "Actual Rows": 4959, "Actual Loops": 33, "Index Cond": "(movie_id = mc.movie_id)", "Rows Removed by Index Recheck": 0}]}, {"Node Type": "Index Scan", "Parent Relationship": "Inner", "Scan Direction": "Forward", "Index Name": "info_type_pkey", "Relation Name": "info_type", "Alias": "it1", "Startup Cost": 0.0, "Total Cost": 0.27, "Plan Rows": 1, "Plan Width": 4, "Actual Startup Time": 8.716, "Actual Total Time": 8.716, "Actual Rows": 33, "Actual Loops": 4959, "Index Cond": "(id = mi.info_type_id)", "Rows Removed by Index Recheck": 0, "Filter": "((info)::text = 'budget'::text)", "Rows Removed by Filter": 4864}]}, {"Node Type": "Index Scan", "Parent Relationship": "Inner", "Scan Direction": "Forward", "Index Name": "company_name_pkey", "Relation Name": "company_name", "Alias": "cn", "Startup Cost": 0.0, "Total Cost": 0.28, "Plan Rows": 1, "Plan Width": 4, "Actual Startup Time": 0.18, "Actual Total Time": 0.18, "Actual Rows": 10, "Actual Loops": 33, "Index Cond": "(id = mc.company_id)", "Rows Removed by Index Recheck": 0, "Filter": "((country_code)::text = '[us]'::text)", "Rows Removed by Filter": 23}]}, {"Node Type": "Index Scan", "Parent Relationship": "Inner", "Scan Direction": "Forward", "Index Name": "company_type_pkey", "Relation Name": "company_type", "Alias": "ct", "Startup Cost": 0.0, "Total Cost": 0.28, "Plan Rows": 1, "Plan Width": 4, "Actual Startup Time": 0.024, "Actual Total Time": 0.024, "Actual Rows": 5, "Actual Loops": 10, "Index Cond": "(id = mc.company_type_id)", "Rows Removed by Index Recheck": 0, "Filter": "((kind IS NOT NULL) AND (((kind)::text = 'production companies'::text) OR ((kind)::text = 'distributors'::text)))", "Rows Removed by Filter": 0}]}]}, "Triggers": [], "Planner Runtime": 100.768, "Total Runtime": 1352.452, "Unique SQL Id": 1682224415}}, "(1, 105)": {"explain_plan": {"Plan": {"Node Type": "Aggregate", "Strategy": "Plain", "Startup Cost": 131883.54, "Total Cost": 131883.55, "Plan Rows": 1, "Plan Width": 123, "Plans": [{"Node Type": "Nested Loop", "Parent Relationship": "Outer", "Join Type": "Inner", "Startup Cost": 0.0, "Total Cost": 131883.3, "Plan Rows": 48, "Plan Width": 59, "Inner Unique": true, "Plans": [{"Node Type": "Nested Loop", "Parent Relationship": "Outer", "Join Type": "Inner", "Startup Cost": 0.0, "Total Cost": 131869.62, "Plan Rows": 48, "Plan Width": 63, "Inner Unique": true, "Plans": [{"Node Type": "Nested Loop", "Parent Relationship": "Outer", "Join Type": "Inner", "Startup Cost": 0.0, "Total Cost": 131799.56, "Plan Rows": 248, "Plan Width": 67, "Inner Unique": false, "Join Filter": "(t.id = mi.movie_id)", "Plans": [{"Node Type": "Nested Loop", "Parent Relationship": "Outer", "Join Type": "Inner", "Startup Cost": 0.0, "Total Cost": 131476.79, "Plan Rows": 444, "Plan Width": 33, "Inner Unique": true, "Plans": [{"Node Type": "Nested Loop", "Parent Relationship": "Outer", "Join Type": "Inner", "Startup Cost": 0.0, "Total Cost": 131416.38, "Plan Rows": 210, "Plan Width": 37, "Inner Unique": false, "Join Filter": "(t.id = mc.movie_id)", "Plans": [{"Node Type": "Nested Loop", "Parent Relationship": "Outer", "Join Type": "Inner", "Startup Cost": 0.0, "Total Cost": 131295.61, "Plan Rows": 311, "Plan Width": 25, "Inner Unique": true, "Plans": [{"Node Type": "Nested Loop", "Parent Relationship": "Outer", "Join Type": "Inner", "Startup Cost": 0.0, "Total Cost": 131183.74, "Plan Rows": 396, "Plan Width": 29, "Inner Unique": false, "Plans": [{"Node Type": "Index Scan", "Parent Relationship": "Outer", "Scan Direction": "Forward", "Index Name": "title_pkey", "Relation Name": "title", "Alias": "t", "Startup Cost": 0.0, "Total Cost": 129082.82, "Plan Rows": 258, "Plan Width": 21, "Filter": "((production_year > 2000) AND (((title)::text ~~ 'Birdemic%'::text) OR ((title)::text ~~ '%Movie%'::text)))"}, {"Node Type": "Index Scan", "Parent Relationship": "Inner", "Scan Direction": "Forward", "Index Name": "movie_id_movie_info_idx", "Relation Name": "movie_info_idx", "Alias": "mi_idx", "Startup Cost": 0.0, "Total Cost": 8.12, "Plan Rows": 2, "Plan Width": 8, "Index Cond": "(movie_id = t.id)"}]}, {"Node Type": "Index Scan", "Parent Relationship": "Inner", "Scan Direction": "Forward", "Index Name": "info_type_pkey", "Relation Name": "info_type", "Alias": "it2", "Startup Cost": 0.0, "Total Cost": 0.27, "Plan Rows": 1, "Plan Width": 4, "Index Cond": "(id = mi_idx.info_type_id)", "Filter": "((info)::text = 'bottom 10 rank'::text)"}]}, {"Node Type": "Index Scan", "Parent Relationship": "Inner", "Scan Direction": "Forward", "Index Name": "movie_id_movie_companies", "Relation Name": "movie_companies", "Alias": "mc", "Startup Cost": 0.0, "Total Cost": 0.36, "Plan Rows": 2, "Plan Width": 12, "Index Cond": "(movie_id = mi_idx.movie_id)"}]}, {"Node Type": "Index Scan", "Parent Relationship": "Inner", "Scan Direction": "Forward", "Index Name": "company_name_pkey", "Relation Name": "company_name", "Alias": "cn", "Startup Cost": 0.0, "Total Cost": 0.28, "Plan Rows": 1, "Plan Width": 4, "Index Cond": "(id = mc.company_id)", "Filter": "((country_code)::text = '[us]'::text)"}]}, {"Node Type": "Index Scan", "Parent Relationship": "Inner", "Scan Direction": "Forward", "Index Name": "movie_id_movie_info", "Relation Name": "movie_info", "Alias": "mi", "Startup Cost": 0.0, "Total Cost": 0.66, "Plan Rows": 5, "Plan Width": 50, "Index Cond": "(movie_id = mc.movie_id)"}]}, {"Node Type": "Index Scan", "Parent Relationship": "Inner", "Scan Direction": "Forward", "Index Name": "info_type_pkey", "Relation Name": "info_type", "Alias": "it1", "Startup Cost": 0.0, "Total Cost": 0.27, "Plan Rows": 1, "Plan Width": 4, "Index Cond": "(id = mi.info_type_id)", "Filter": "((info)::text = 'budget'::text)"}]}, {"Node Type": "Index Scan", "Parent Relationship": "Inner", "Scan Direction": "Forward", "Index Name": "company_type_pkey", "Relation Name": "company_type", "Alias": "ct", "Startup Cost": 0.0, "Total Cost": 0.28, "Plan Rows": 1, "Plan Width": 4, "Index Cond": "(id = mc.company_type_id)", "Filter": "((kind IS NOT NULL) AND (((kind)::text = 'production companies'::text) OR ((kind)::text = 'distributors'::text)))"}]}]}, "Unique SQL Id": 1682224415}, "explain_analyze_plan": null}, "(1, 106)": {"explain_plan": {"Plan": {"Node Type": "Aggregate", "Strategy": "Plain", "Startup Cost": 500006.8, "Total Cost": 500006.81, "Plan Rows": 1, "Plan Width": 123, "Plans": [{"Node Type": "Hash Join", "Parent Relationship": "Outer", "Join Type": "Inner", "Startup Cost": 163078.8, "Total Cost": 500006.56, "Plan Rows": 48, "Plan Width": 59, "Inner Unique": true, "Hash Cond": "(mc.company_type_id = ct.id)", "Plans": [{"Node Type": "Hash Join", "Parent Relationship": "Outer", "Join Type": "Inner", "Startup Cost": 163077.73, "Total Cost": 500004.83, "Plan Rows": 48, "Plan Width": 63, "Inner Unique": true, "Hash Cond": "(mc.company_id = cn.id)", "Plans": [{"Node Type": "Hash Join", "Parent Relationship": "Outer", "Join Type": "Inner", "Startup Cost": 156109.66, "Total Cost": 493035.64, "Plan Rows": 71, "Plan Width": 67, "Inner Unique": false, "Hash Cond": "(mi.movie_id = t.id)", "Plans": [{"Node Type": "Hash Join", "Parent Relationship": "Outer", "Join Type": "Inner", "Startup Cost": 2.41, "Total Cost": 336382.21, "Plan Rows": 212428, "Plan Width": 46, "Inner Unique": true, "Hash Cond": "(mi.info_type_id = it1.id), (LLVM Optimized)", "Plans": [{"Node Type": "Seq Scan", "Parent Relationship": "Outer", "Relation Name": "movie_info", "Alias": "mi", "Startup Cost": 0.0, "Total Cost": 296987.66, "Plan Rows": 14869966, "Plan Width": 50}, {"Node Type": "Hash", "Parent Relationship": "Inner", "Startup Cost": 2.4, "Total Cost": 2.4, "Plan Rows": 1, "Plan Width": 4, "Plans": [{"Node Type": "Seq Scan", "Parent Relationship": "Outer", "Relation Name": "info_type", "Alias": "it1", "Startup Cost": 0.0, "Total Cost": 2.4, "Plan Rows": 1, "Plan Width": 4, "Filter": "((info)::text = 'budget'::text)"}]}]}, {"Node Type": "Hash", "Parent Relationship": "Inner", "Startup Cost": 156104.62, "Total Cost": 156104.62, "Plan Rows": 210, "Plan Width": 37, "Plans": [{"Node Type": "Hash Join", "Parent Relationship": "Outer", "Join Type": "Inner", "Startup Cost": 104496.54, "Total Cost": 156104.62, "Plan Rows": 210, "Plan Width": 37, "Inner Unique": false, "Hash Cond": "(mc.movie_id = t.id)", "Plans": [{"Node Type": "Seq Scan", "Parent Relationship": "Outer", "Relation Name": "movie_companies", "Alias": "mc", "Startup Cost": 0.0, "Total Cost": 41817.28, "Plan Rows": 2609128, "Plan Width": 12}, {"Node Type": "Hash", "Parent Relationship": "Inner", "Startup Cost": 104492.65, "Total Cost": 104492.65, "Plan Rows": 311, "Plan Width": 25, "Plans": [{"Node Type": "Hash Join", "Parent Relationship": "Outer", "Join Type": "Inner", "Startup Cost": 79037.08, "Total Cost": 104492.65, "Plan Rows": 311, "Plan Width": 25, "Inner Unique": true, "Hash Cond": "(mi_idx.info_type_id = it2.id)", "Plans": [{"Node Type": "Hash Join", "Parent Relationship": "Outer", "Join Type": "Inner", "Startup Cost": 79034.67, "Total Cost": 104488.1, "Plan Rows": 396, "Plan Width": 29, "Inner Unique": true, "Hash Cond": "(mi_idx.movie_id = t.id)", "Plans": [{"Node Type": "Seq Scan", "Parent Relationship": "Outer", "Relation Name": "movie_info_idx", "Alias": "mi_idx", "Startup Cost": 0.0, "Total Cost": 20274.34, "Plan Rows": 1380034, "Plan Width": 8}, {"Node Type": "Hash", "Parent Relationship": "Inner", "Startup Cost": 79031.44, "Total Cost": 79031.44, "Plan Rows": 258, "Plan Width": 21, "Plans": [{"Node Type": "Seq Scan", "Parent Relationship": "Outer", "Relation Name": "title", "Alias": "t", "Startup Cost": 0.0, "Total Cost": 79031.44, "Plan Rows": 258, "Plan Width": 21, "Filter": "((production_year > 2000) AND (((title)::text ~~ 'Birdemic%'::text) OR ((title)::text ~~ '%Movie%'::text)))"}]}]}, {"Node Type": "Hash", "Parent Relationship": "Inner", "Startup Cost": 2.4, "Total Cost": 2.4, "Plan Rows": 1, "Plan Width": 4, "Plans": [{"Node Type": "Seq Scan", "Parent Relationship": "Outer", "Relation Name": "info_type", "Alias": "it2", "Startup Cost": 0.0, "Total Cost": 2.4, "Plan Rows": 1, "Plan Width": 4, "Filter": "((info)::text = 'bottom 10 rank'::text)"}]}]}]}]}]}]}, {"Node Type": "Hash", "Parent Relationship": "Inner", "Startup Cost": 5903.45, "Total Cost": 5903.45, "Plan Rows": 85170, "Plan Width": 4, "Plans": [{"Node Type": "Seq Scan", "Parent Relationship": "Outer", "Relation Name": "company_name", "Alias": "cn", "Startup Cost": 0.0, "Total Cost": 5903.45, "Plan Rows": 85170, "Plan Width": 4, "Filter": "((country_code)::text = '[us]'::text)"}]}]}, {"Node Type": "Hash", "Parent Relationship": "Inner", "Startup Cost": 1.04, "Total Cost": 1.04, "Plan Rows": 2, "Plan Width": 4, "Plans": [{"Node Type": "Seq Scan", "Parent Relationship": "Outer", "Relation Name": "company_type", "Alias": "ct", "Startup Cost": 0.0, "Total Cost": 1.04, "Plan Rows": 2, "Plan Width": 4, "Filter": "((kind IS NOT NULL) AND (((kind)::text = 'production companies'::text) OR ((kind)::text = 'distributors'::text)))"}]}]}]}, "Unique SQL Id": 1682224415}, "explain_analyze_plan": null}, "(1, 107)": {"explain_plan": {"Plan": {"Node Type": "Aggregate", "Strategy": "Plain", "Startup Cost": 8000041468724.43, "Total Cost": 8000041468724.44, "Plan Rows": 1, "Plan Width": 123, "Plans": [{"Node Type": "Hash Join", "Parent Relationship": "Outer", "Join Type": "Inner", "Startup Cost": 6020025129099.57, "Total Cost": 8000041468724.36, "Plan Rows": 14, "Plan Width": 59, "Inner Unique": true, "Hash Cond": "(mc.company_type_id = ct.id)", "Plans": [{"Node Type": "Hash Join", "Parent Relationship": "Outer", "Join Type": "Inner", "Startup Cost": 5020025127868.55, "Total Cost": 7000041467493.14, "Plan Rows": 14, "Plan Width": 63, "Inner Unique": true, "Hash Cond": "(mc.company_id = cn.id)", "Plans": [{"Node Type": "Hash Join", "Parent Relationship": "Outer", "Join Type": "Inner", "Startup Cost": 4020024076664.95, "Total Cost": 6000040416289.36, "Plan Rows": 12, "Plan Width": 67, "Inner Unique": false, "Hash Cond": "(mi.movie_id = t.id)", "Plans": [{"Node Type": "Nested Loop", "Parent Relationship": "Outer", "Join Type": "Inner", "Startup Cost": 20000004894.57, "Total Cost": 2000016343720.19, "Plan Rows": 212428, "Plan Width": 46, "Inner Unique": false, "Plans": [{"Node Type": "Index Scan", "Parent Relationship": "Outer", "Scan Direction": "Forward", "Index Name": "info_type_pkey", "Relation Name": "info_type", "Alias": "it1", "Startup Cost": 10000000000.0, "Total Cost": 1000000001421.0, "Plan Rows": 1, "Plan Width": 4, "Filter": "((info)::text = 'budget'::text)"}, {"Node Type": "Bitmap Heap Scan", "Parent Relationship": "Inner", "Relation Name": "movie_info", "Alias": "mi", "Startup Cost": 10000004894.57, "Total Cost": 1000016340174.91, "Plan Rows": 212428, "Plan Width": 50, "Recheck Cond": "(info_type_id = it1.id), (LLVM Optimized)", "Plans": [{"Node Type": "Bitmap Index Scan", "Parent Relationship": "Outer", "Index Name": "info_type_id_movie_info", "Startup Cost": 0.0, "Total Cost": 4841.46, "Plan Rows": 212428, "Plan Width": 0, "Index Cond": "(info_type_id = it1.id)"}]}]}, {"Node Type": "Hash", "Parent Relationship": "Inner", "Startup Cost": 4000024071767.76, "Total Cost": 4000024071767.76, "Plan Rows": 210, "Plan Width": 37, "Plans": [{"Node Type": "Hash Join", "Parent Relationship": "Outer", "Join Type": "Inner", "Startup Cost": 2020022243800.94, "Total Cost": 4000024071767.76, "Plan Rows": 210, "Plan Width": 37, "Inner Unique": false, "Hash Cond": "(mi_idx.movie_id = t.id)", "Plans": [{"Node Type": "Nested Loop", "Parent Relationship": "Outer", "Join Type": "Inner", "Startup Cost": 20000007502.06, "Total Cost": 2000001833737.28, "Plan Rows": 345008, "Plan Width": 4, "Inner Unique": false, "Plans": [{"Node Type": "Index Scan", "Parent Relationship": "Outer", "Scan Direction": "Forward", "Index Name": "info_type_pkey", "Relation Name": "info_type", "Alias": "it2", "Startup Cost": 10000000000.0, "Total Cost": 1000000001421.0, "Plan Rows": 1, "Plan Width": 4, "Filter": "((info)::text = 'bottom 10 rank'::text)"}, {"Node Type": "Bitmap Heap Scan", "Parent Relationship": "Inner", "Relation Name": "movie_info_idx", "Alias": "mi_idx", "Startup Cost": 10000007502.06, "Total Cost": 1000001828866.2, "Plan Rows": 345008, "Plan Width": 8, "Recheck Cond": "(info_type_id = it2.id), (LLVM Optimized)", "Plans": [{"Node Type": "Bitmap Index Scan", "Parent Relationship": "Outer", "Index Name": "info_type_id_movie_info_idx", "Startup Cost": 0.0, "Total Cost": 7415.81, "Plan Rows": 345008, "Plan Width": 0, "Index Cond": "(info_type_id = it2.id)"}]}]}, {"Node Type": "Hash", "Parent Relationship": "Inner", "Startup Cost": 2000022236292.07, "Total Cost": 2000022236292.07, "Plan Rows": 545, "Plan Width": 33, "Plans": [{"Node Type": "Hash Join", "Parent Relationship": "Outer", "Join Type": "Inner", "Startup Cost": 1010012908285.39, "Total Cost": 2000022236292.07, "Plan Rows": 545, "Plan Width": 33, "Inner Unique": true, "Hash Cond": "(mc.movie_id = t.id)", "Plans": [{"Node Type": "Index Scan", "Parent Relationship": "Outer", "Scan Direction": "Forward", "Index Name": "company_type_id_movie_companies", "Relation Name": "movie_companies", "Alias": "mc", "Startup Cost": 10000000000.0, "Total Cost": 1000009318217.0, "Plan Rows": 2609128, "Plan Width": 12}, {"Node Type": "Hash", "Parent Relationship": "Inner", "Startup Cost": 1000012908282.16, "Total Cost": 1000012908282.16, "Plan Rows": 258, "Plan Width": 21, "Plans": [{"Node Type": "Index Scan", "Parent Relationship": "Outer", "Scan Direction": "Forward", "Index Name": "title_pkey", "Relation Name": "title", "Alias": "t", "Startup Cost": 10000000000.0, "Total Cost": 1000012908282.16, "Plan Rows": 258, "Plan Width": 21, "Filter": "((production_year > 2000) AND (((title)::text ~~ 'Birdemic%'::text) OR ((title)::text ~~ '%Movie%'::text)))"}]}]}]}]}]}]}, {"Node Type": "Hash", "Parent Relationship": "Inner", "Startup Cost": 1000001050138.97, "Total Cost": 1000001050138.97, "Plan Rows": 85170, "Plan Width": 4, "Plans": [{"Node Type": "Index Scan", "Parent Relationship": "Outer", "Scan Direction": "Forward", "Index Name": "company_name_pkey", "Relation Name": "company_name", "Alias": "cn", "Startup Cost": 10000000000.0, "Total Cost": 1000001050138.97, "Plan Rows": 85170, "Plan Width": 4, "Filter": "((country_code)::text = '[us]'::text)"}]}]}, {"Node Type": "Hash", "Parent Relationship": "Inner", "Startup Cost": 1000000001231.0, "Total Cost": 1000000001231.0, "Plan Rows": 2, "Plan Width": 4, "Plans": [{"Node Type": "Index Scan", "Parent Relationship": "Outer", "Scan Direction": "Forward", "Index Name": "company_type_pkey", "Relation Name": "company_type", "Alias": "ct", "Startup Cost": 10000000000.0, "Total Cost": 1000000001231.0, "Plan Rows": 2, "Plan Width": 4, "Filter": "((kind IS NOT NULL) AND (((kind)::text = 'production companies'::text) OR ((kind)::text = 'distributors'::text)))"}]}]}]}, "Unique SQL Id": 1682224415}, "explain_analyze_plan": null}, "(1, 108)": {"explain_plan": {"Plan": {"Node Type": "Aggregate", "Strategy": "Plain", "Startup Cost": 81837.23, "Total Cost": 81837.24, "Plan Rows": 1, "Plan Width": 123, "Plans": [{"Node Type": "Nested Loop", "Parent Relationship": "Outer", "Join Type": "Inner", "Startup Cost": 0.0, "Total Cost": 81837.21, "Plan Rows": 4, "Plan Width": 59, "Inner Unique": true, "Plans": [{"Node Type": "Nested Loop", "Parent Relationship": "Outer", "Join Type": "Inner", "Startup Cost": 0.0, "Total Cost": 81836.06, "Plan Rows": 4, "Plan Width": 63, "Inner Unique": true, "Plans": [{"Node Type": "Nested Loop", "Parent Relationship": "Outer", "Join Type": "Inner", "Startup Cost": 0.0, "Total Cost": 81834.63, "Plan Rows": 5, "Plan Width": 67, "Inner Unique": true, "Plans": [{"Node Type": "Nested Loop", "Parent Relationship": "Outer", "Join Type": "Inner", "Startup Cost": 0.0, "Total Cost": 81517.66, "Plan Rows": 1122, "Plan Width": 71, "Inner Unique": false, "Join Filter": "(t.id = mi.movie_id)", "Plans": [{"Node Type": "Nested Loop", "Parent Relationship": "Outer", "Join Type": "Inner", "Startup Cost": 0.0, "Total Cost": 81365.0, "Plan Rows": 210, "Plan Width": 37, "Inner Unique": false, "Join Filter": "(t.id = mc.movie_id)", "Plans": [{"Node Type": "Nested Loop", "Parent Relationship": "Outer", "Join Type": "Inner", "Startup Cost": 0.0, "Total Cost": 81244.23, "Plan Rows": 311, "Plan Width": 25, "Inner Unique": true, "Plans": [{"Node Type": "Nested Loop", "Parent Relationship": "Outer", "Join Type": "Inner", "Startup Cost": 0.0, "Total Cost": 81132.36, "Plan Rows": 396, "Plan Width": 29, "Inner Unique": false, "Plans": [{"Node Type": "Seq Scan", "Parent Relationship": "Outer", "Relation Name": "title", "Alias": "t", "Startup Cost": 0.0, "Total Cost": 79031.44, "Plan Rows": 258, "Plan Width": 21, "Filter": "((production_year > 2000) AND (((title)::text ~~ 'Birdemic%'::text) OR ((title)::text ~~ '%Movie%'::text)))"}, {"Node Type": "Index Scan", "Parent Relationship": "Inner", "Scan Direction": "Forward", "Index Name": "movie_id_movie_info_idx", "Relation Name": "movie_info_idx", "Alias": "mi_idx", "Startup Cost": 0.0, "Total Cost": 8.12, "Plan Rows": 2, "Plan Width": 8, "Index Cond": "(movie_id = t.id)"}]}, {"Node Type": "Index Scan", "Parent Relationship": "Inner", "Scan Direction": "Forward", "Index Name": "info_type_pkey", "Relation Name": "info_type", "Alias": "it2", "Startup Cost": 0.0, "Total Cost": 0.27, "Plan Rows": 1, "Plan Width": 4, "Index Cond": "(id = mi_idx.info_type_id)", "Filter": "((info)::text = 'bottom 10 rank'::text)"}]}, {"Node Type": "Index Scan", "Parent Relationship": "Inner", "Scan Direction": "Forward", "Index Name": "movie_id_movie_companies", "Relation Name": "movie_companies", "Alias": "mc", "Startup Cost": 0.0, "Total Cost": 0.36, "Plan Rows": 2, "Plan Width": 12, "Index Cond": "(movie_id = mi_idx.movie_id)"}]}, {"Node Type": "Index Scan", "Parent Relationship": "Inner", "Scan Direction": "Forward", "Index Name": "movie_id_movie_info", "Relation Name": "movie_info", "Alias": "mi", "Startup Cost": 0.0, "Total Cost": 0.66, "Plan Rows": 5, "Plan Width": 50, "Index Cond": "(movie_id = mc.movie_id)"}]}, {"Node Type": "Index Scan", "Parent Relationship": "Inner", "Scan Direction": "Forward", "Index Name": "info_type_pkey", "Relation Name": "info_type", "Alias": "it1", "Startup Cost": 0.0, "Total Cost": 0.27, "Plan Rows": 1, "Plan Width": 4, "Index Cond": "(id = mi.info_type_id)", "Filter": "((info)::text = 'budget'::text)"}]}, {"Node Type": "Index Scan", "Parent Relationship": "Inner", "Scan Direction": "Forward", "Index Name": "company_name_pkey", "Relation Name": "company_name", "Alias": "cn", "Startup Cost": 0.0, "Total Cost": 0.28, "Plan Rows": 1, "Plan Width": 4, "Index Cond": "(id = mc.company_id)", "Filter": "((country_code)::text = '[us]'::text)"}]}, {"Node Type": "Index Scan", "Parent Relationship": "Inner", "Scan Direction": "Forward", "Index Name": "company_type_pkey", "Relation Name": "company_type", "Alias": "ct", "Startup Cost": 0.0, "Total Cost": 0.28, "Plan Rows": 1, "Plan Width": 4, "Index Cond": "(id = mc.company_type_id)", "Filter": "((kind IS NOT NULL) AND (((kind)::text = 'production companies'::text) OR ((kind)::text = 'distributors'::text)))"}]}]}, "Unique SQL Id": 1682224415}, "explain_analyze_plan": {"Plan": {"Node Type": "Aggregate", "Strategy": "Plain", "Startup Cost": 81837.23, "Total Cost": 81837.24, "Plan Rows": 1, "Plan Width": 123, "Actual Startup Time": 1352.051, "Actual Total Time": 1352.052, "Actual Rows": 1, "Actual Loops": 1, "Plans": [{"Node Type": "Nested Loop", "Parent Relationship": "Outer", "Join Type": "Inner", "Startup Cost": 0.0, "Total Cost": 81837.21, "Plan Rows": 4, "Plan Width": 59, "Actual Startup Time": 940.615, "Actual Total Time": 1352.01, "Actual Rows": 5, "Actual Loops": 1, "Inner Unique": true, "Plans": [{"Node Type": "Nested Loop", "Parent Relationship": "Outer", "Join Type": "Inner", "Startup Cost": 0.0, "Total Cost": 81836.06, "Plan Rows": 4, "Plan Width": 63, "Actual Startup Time": 940.008, "Actual Total Time": 1351.971, "Actual Rows": 10, "Actual Loops": 1, "Inner Unique": true, "Plans": [{"Node Type": "Nested Loop", "Parent Relationship": "Outer", "Join Type": "Inner", "Startup Cost": 0.0, "Total Cost": 81834.63, "Plan Rows": 5, "Plan Width": 67, "Actual Startup Time": 939.992, "Actual Total Time": 1351.765, "Actual Rows": 33, "Actual Loops": 1, "Inner Unique": true, "Plans": [{"Node Type": "Nested Loop", "Parent Relationship": "Outer", "Join Type": "Inner", "Startup Cost": 0.0, "Total Cost": 81517.66, "Plan Rows": 1122, "Plan Width": 71, "Actual Startup Time": 939.82, "Actual Total Time": 1340.818, "Actual Rows": 4959, "Actual Loops": 1, "Inner Unique": false, "Join Filter": "(t.id = mi.movie_id)", "Rows Removed by Join Filter": 0, "Plans": [{"Node Type": "Nested Loop", "Parent Relationship": "Outer", "Join Type": "Inner", "Startup Cost": 0.0, "Total Cost": 81365.0, "Plan Rows": 210, "Plan Width": 37, "Actual Startup Time": 939.793, "Actual Total Time": 1336.44, "Actual Rows": 33, "Actual Loops": 1, "Inner Unique": false, "Join Filter": "(t.id = mc.movie_id)", "Rows Removed by Join Filter": 0, "Plans": [{"Node Type": "Nested Loop", "Parent Relationship": "Outer", "Join Type": "Inner", "Startup Cost": 0.0, "Total Cost": 81244.23, "Plan Rows": 311, "Plan Width": 25, "Actual Startup Time": 939.753, "Actual Total Time": 1336.353, "Actual Rows": 2, "Actual Loops": 1, "Inner Unique": true, "Plans": [{"Node Type": "Nested Loop", "Parent Relationship": "Outer", "Join Type": "Inner", "Startup Cost": 0.0, "Total Cost": 81132.36, "Plan Rows": 396, "Plan Width": 29, "Actual Startup Time": 13.999, "Actual Total Time": 1329.158, "Actual Rows": 2645, "Actual Loops": 1, "Inner Unique": false, "Plans": [{"Node Type": "Seq Scan", "Parent Relationship": "Outer", "Relation Name": "title", "Alias": "t", "Startup Cost": 0.0, "Total Cost": 79031.44, "Plan Rows": 258, "Plan Width": 21, "Actual Startup Time": 0.387, "Actual Total Time": 1314.964, "Actual Rows": 2536, "Actual Loops": 1, "Filter": "((production_year > 2000) AND (((title)::text ~~ 'Birdemic%'::text) OR ((title)::text ~~ '%Movie%'::text)))", "Rows Removed by Filter": 2525775}, {"Node Type": "Index Scan", "Parent Relationship": "Inner", "Scan Direction": "Forward", "Index Name": "movie_id_movie_info_idx", "Relation Name": "movie_info_idx", "Alias": "mi_idx", "Startup Cost": 0.0, "Total Cost": 8.12, "Plan Rows": 2, "Plan Width": 8, "Actual Startup Time": 10.642, "Actual Total Time": 11.588, "Actual Rows": 2645, "Actual Loops": 2536, "Index Cond": "(movie_id = t.id)", "Rows Removed by Index Recheck": 0}]}, {"Node Type": "Index Scan", "Parent Relationship": "Inner", "Scan Direction": "Forward", "Index Name": "info_type_pkey", "Relation Name": "info_type", "Alias": "it2", "Startup Cost": 0.0, "Total Cost": 0.27, "Plan Rows": 1, "Plan Width": 4, "Actual Startup Time": 5.582, "Actual Total Time": 5.582, "Actual Rows": 2, "Actual Loops": 2645, "Index Cond": "(id = mi_idx.info_type_id)", "Rows Removed by Index Recheck": 0, "Filter": "((info)::text = 'bottom 10 rank'::text)", "Rows Removed by Filter": 2643}]}, {"Node Type": "Index Scan", "Parent Relationship": "Inner", "Scan Direction": "Forward", "Index Name": "movie_id_movie_companies", "Relation Name": "movie_companies", "Alias": "mc", "Startup Cost": 0.0, "Total Cost": 0.36, "Plan Rows": 2, "Plan Width": 12, "Actual Startup Time": 0.021, "Actual Total Time": 0.039, "Actual Rows": 33, "Actual Loops": 2, "Index Cond": "(movie_id = mi_idx.movie_id)", "Rows Removed by Index Recheck": 0}]}, {"Node Type": "Index Scan", "Parent Relationship": "Inner", "Scan Direction": "Forward", "Index Name": "movie_id_movie_info", "Relation Name": "movie_info", "Alias": "mi", "Startup Cost": 0.0, "Total Cost": 0.66, "Plan Rows": 5, "Plan Width": 50, "Actual Startup Time": 0.497, "Actual Total Time": 2.577, "Actual Rows": 4959, "Actual Loops": 33, "Index Cond": "(movie_id = mc.movie_id)", "Rows Removed by Index Recheck": 0}]}, {"Node Type": "Index Scan", "Parent Relationship": "Inner", "Scan Direction": "Forward", "Index Name": "info_type_pkey", "Relation Name": "info_type", "Alias": "it1", "Startup Cost": 0.0, "Total Cost": 0.27, "Plan Rows": 1, "Plan Width": 4, "Actual Startup Time": 8.716, "Actual Total Time": 8.716, "Actual Rows": 33, "Actual Loops": 4959, "Index Cond": "(id = mi.info_type_id)", "Rows Removed by Index Recheck": 0, "Filter": "((info)::text = 'budget'::text)", "Rows Removed by Filter": 4864}]}, {"Node Type": "Index Scan", "Parent Relationship": "Inner", "Scan Direction": "Forward", "Index Name": "company_name_pkey", "Relation Name": "company_name", "Alias": "cn", "Startup Cost": 0.0, "Total Cost": 0.28, "Plan Rows": 1, "Plan Width": 4, "Actual Startup Time": 0.18, "Actual Total Time": 0.18, "Actual Rows": 10, "Actual Loops": 33, "Index Cond": "(id = mc.company_id)", "Rows Removed by Index Recheck": 0, "Filter": "((country_code)::text = '[us]'::text)", "Rows Removed by Filter": 23}]}, {"Node Type": "Index Scan", "Parent Relationship": "Inner", "Scan Direction": "Forward", "Index Name": "company_type_pkey", "Relation Name": "company_type", "Alias": "ct", "Startup Cost": 0.0, "Total Cost": 0.28, "Plan Rows": 1, "Plan Width": 4, "Actual Startup Time": 0.024, "Actual Total Time": 0.024, "Actual Rows": 5, "Actual Loops": 10, "Index Cond": "(id = mc.company_type_id)", "Rows Removed by Index Recheck": 0, "Filter": "((kind IS NOT NULL) AND (((kind)::text = 'production companies'::text) OR ((kind)::text = 'distributors'::text)))", "Rows Removed by Filter": 0}]}]}, "Triggers": [], "Planner Runtime": 100.768, "Total Runtime": 1352.452, "Unique SQL Id": 1682224415}}, "(1, 109)": {"explain_plan": {"Plan": {"Node Type": "Aggregate", "Strategy": "Plain", "Startup Cost": 131883.54, "Total Cost": 131883.55, "Plan Rows": 1, "Plan Width": 123, "Plans": [{"Node Type": "Nested Loop", "Parent Relationship": "Outer", "Join Type": "Inner", "Startup Cost": 0.0, "Total Cost": 131883.3, "Plan Rows": 48, "Plan Width": 59, "Inner Unique": true, "Plans": [{"Node Type": "Nested Loop", "Parent Relationship": "Outer", "Join Type": "Inner", "Startup Cost": 0.0, "Total Cost": 131869.62, "Plan Rows": 48, "Plan Width": 63, "Inner Unique": true, "Plans": [{"Node Type": "Nested Loop", "Parent Relationship": "Outer", "Join Type": "Inner", "Startup Cost": 0.0, "Total Cost": 131799.56, "Plan Rows": 248, "Plan Width": 67, "Inner Unique": false, "Join Filter": "(t.id = mi.movie_id)", "Plans": [{"Node Type": "Nested Loop", "Parent Relationship": "Outer", "Join Type": "Inner", "Startup Cost": 0.0, "Total Cost": 131476.79, "Plan Rows": 444, "Plan Width": 33, "Inner Unique": true, "Plans": [{"Node Type": "Nested Loop", "Parent Relationship": "Outer", "Join Type": "Inner", "Startup Cost": 0.0, "Total Cost": 131416.38, "Plan Rows": 210, "Plan Width": 37, "Inner Unique": false, "Join Filter": "(t.id = mc.movie_id)", "Plans": [{"Node Type": "Nested Loop", "Parent Relationship": "Outer", "Join Type": "Inner", "Startup Cost": 0.0, "Total Cost": 131295.61, "Plan Rows": 311, "Plan Width": 25, "Inner Unique": true, "Plans": [{"Node Type": "Nested Loop", "Parent Relationship": "Outer", "Join Type": "Inner", "Startup Cost": 0.0, "Total Cost": 131183.74, "Plan Rows": 396, "Plan Width": 29, "Inner Unique": false, "Plans": [{"Node Type": "Index Scan", "Parent Relationship": "Outer", "Scan Direction": "Forward", "Index Name": "title_pkey", "Relation Name": "title", "Alias": "t", "Startup Cost": 0.0, "Total Cost": 129082.82, "Plan Rows": 258, "Plan Width": 21, "Filter": "((production_year > 2000) AND (((title)::text ~~ 'Birdemic%'::text) OR ((title)::text ~~ '%Movie%'::text)))"}, {"Node Type": "Index Scan", "Parent Relationship": "Inner", "Scan Direction": "Forward", "Index Name": "movie_id_movie_info_idx", "Relation Name": "movie_info_idx", "Alias": "mi_idx", "Startup Cost": 0.0, "Total Cost": 8.12, "Plan Rows": 2, "Plan Width": 8, "Index Cond": "(movie_id = t.id)"}]}, {"Node Type": "Index Scan", "Parent Relationship": "Inner", "Scan Direction": "Forward", "Index Name": "info_type_pkey", "Relation Name": "info_type", "Alias": "it2", "Startup Cost": 0.0, "Total Cost": 0.27, "Plan Rows": 1, "Plan Width": 4, "Index Cond": "(id = mi_idx.info_type_id)", "Filter": "((info)::text = 'bottom 10 rank'::text)"}]}, {"Node Type": "Index Scan", "Parent Relationship": "Inner", "Scan Direction": "Forward", "Index Name": "movie_id_movie_companies", "Relation Name": "movie_companies", "Alias": "mc", "Startup Cost": 0.0, "Total Cost": 0.36, "Plan Rows": 2, "Plan Width": 12, "Index Cond": "(movie_id = mi_idx.movie_id)"}]}, {"Node Type": "Index Scan", "Parent Relationship": "Inner", "Scan Direction": "Forward", "Index Name": "company_name_pkey", "Relation Name": "company_name", "Alias": "cn", "Startup Cost": 0.0, "Total Cost": 0.28, "Plan Rows": 1, "Plan Width": 4, "Index Cond": "(id = mc.company_id)", "Filter": "((country_code)::text = '[us]'::text)"}]}, {"Node Type": "Index Scan", "Parent Relationship": "Inner", "Scan Direction": "Forward", "Index Name": "movie_id_movie_info", "Relation Name": "movie_info", "Alias": "mi", "Startup Cost": 0.0, "Total Cost": 0.66, "Plan Rows": 5, "Plan Width": 50, "Index Cond": "(movie_id = mc.movie_id)"}]}, {"Node Type": "Index Scan", "Parent Relationship": "Inner", "Scan Direction": "Forward", "Index Name": "info_type_pkey", "Relation Name": "info_type", "Alias": "it1", "Startup Cost": 0.0, "Total Cost": 0.27, "Plan Rows": 1, "Plan Width": 4, "Index Cond": "(id = mi.info_type_id)", "Filter": "((info)::text = 'budget'::text)"}]}, {"Node Type": "Index Scan", "Parent Relationship": "Inner", "Scan Direction": "Forward", "Index Name": "company_type_pkey", "Relation Name": "company_type", "Alias": "ct", "Startup Cost": 0.0, "Total Cost": 0.28, "Plan Rows": 1, "Plan Width": 4, "Index Cond": "(id = mc.company_type_id)", "Filter": "((kind IS NOT NULL) AND (((kind)::text = 'production companies'::text) OR ((kind)::text = 'distributors'::text)))"}]}]}, "Unique SQL Id": 1682224415}, "explain_analyze_plan": null}, "(1, 110)": {"explain_plan": {"Plan": {"Node Type": "Aggregate", "Strategy": "Plain", "Startup Cost": 500006.8, "Total Cost": 500006.81, "Plan Rows": 1, "Plan Width": 123, "Plans": [{"Node Type": "Hash Join", "Parent Relationship": "Outer", "Join Type": "Inner", "Startup Cost": 163078.8, "Total Cost": 500006.56, "Plan Rows": 48, "Plan Width": 59, "Inner Unique": true, "Hash Cond": "(mc.company_type_id = ct.id)", "Plans": [{"Node Type": "Hash Join", "Parent Relationship": "Outer", "Join Type": "Inner", "Startup Cost": 163077.73, "Total Cost": 500004.83, "Plan Rows": 48, "Plan Width": 63, "Inner Unique": true, "Hash Cond": "(mc.company_id = cn.id)", "Plans": [{"Node Type": "Hash Join", "Parent Relationship": "Outer", "Join Type": "Inner", "Startup Cost": 156109.66, "Total Cost": 493035.64, "Plan Rows": 71, "Plan Width": 67, "Inner Unique": false, "Hash Cond": "(mi.movie_id = t.id)", "Plans": [{"Node Type": "Hash Join", "Parent Relationship": "Outer", "Join Type": "Inner", "Startup Cost": 2.41, "Total Cost": 336382.21, "Plan Rows": 212428, "Plan Width": 46, "Inner Unique": true, "Hash Cond": "(mi.info_type_id = it1.id), (LLVM Optimized)", "Plans": [{"Node Type": "Seq Scan", "Parent Relationship": "Outer", "Relation Name": "movie_info", "Alias": "mi", "Startup Cost": 0.0, "Total Cost": 296987.66, "Plan Rows": 14869966, "Plan Width": 50}, {"Node Type": "Hash", "Parent Relationship": "Inner", "Startup Cost": 2.4, "Total Cost": 2.4, "Plan Rows": 1, "Plan Width": 4, "Plans": [{"Node Type": "Seq Scan", "Parent Relationship": "Outer", "Relation Name": "info_type", "Alias": "it1", "Startup Cost": 0.0, "Total Cost": 2.4, "Plan Rows": 1, "Plan Width": 4, "Filter": "((info)::text = 'budget'::text)"}]}]}, {"Node Type": "Hash", "Parent Relationship": "Inner", "Startup Cost": 156104.62, "Total Cost": 156104.62, "Plan Rows": 210, "Plan Width": 37, "Plans": [{"Node Type": "Hash Join", "Parent Relationship": "Outer", "Join Type": "Inner", "Startup Cost": 104496.54, "Total Cost": 156104.62, "Plan Rows": 210, "Plan Width": 37, "Inner Unique": false, "Hash Cond": "(mc.movie_id = t.id)", "Plans": [{"Node Type": "Seq Scan", "Parent Relationship": "Outer", "Relation Name": "movie_companies", "Alias": "mc", "Startup Cost": 0.0, "Total Cost": 41817.28, "Plan Rows": 2609128, "Plan Width": 12}, {"Node Type": "Hash", "Parent Relationship": "Inner", "Startup Cost": 104492.65, "Total Cost": 104492.65, "Plan Rows": 311, "Plan Width": 25, "Plans": [{"Node Type": "Hash Join", "Parent Relationship": "Outer", "Join Type": "Inner", "Startup Cost": 79037.08, "Total Cost": 104492.65, "Plan Rows": 311, "Plan Width": 25, "Inner Unique": true, "Hash Cond": "(mi_idx.info_type_id = it2.id)", "Plans": [{"Node Type": "Hash Join", "Parent Relationship": "Outer", "Join Type": "Inner", "Startup Cost": 79034.67, "Total Cost": 104488.1, "Plan Rows": 396, "Plan Width": 29, "Inner Unique": true, "Hash Cond": "(mi_idx.movie_id = t.id)", "Plans": [{"Node Type": "Seq Scan", "Parent Relationship": "Outer", "Relation Name": "movie_info_idx", "Alias": "mi_idx", "Startup Cost": 0.0, "Total Cost": 20274.34, "Plan Rows": 1380034, "Plan Width": 8}, {"Node Type": "Hash", "Parent Relationship": "Inner", "Startup Cost": 79031.44, "Total Cost": 79031.44, "Plan Rows": 258, "Plan Width": 21, "Plans": [{"Node Type": "Seq Scan", "Parent Relationship": "Outer", "Relation Name": "title", "Alias": "t", "Startup Cost": 0.0, "Total Cost": 79031.44, "Plan Rows": 258, "Plan Width": 21, "Filter": "((production_year > 2000) AND (((title)::text ~~ 'Birdemic%'::text) OR ((title)::text ~~ '%Movie%'::text)))"}]}]}, {"Node Type": "Hash", "Parent Relationship": "Inner", "Startup Cost": 2.4, "Total Cost": 2.4, "Plan Rows": 1, "Plan Width": 4, "Plans": [{"Node Type": "Seq Scan", "Parent Relationship": "Outer", "Relation Name": "info_type", "Alias": "it2", "Startup Cost": 0.0, "Total Cost": 2.4, "Plan Rows": 1, "Plan Width": 4, "Filter": "((info)::text = 'bottom 10 rank'::text)"}]}]}]}]}]}]}, {"Node Type": "Hash", "Parent Relationship": "Inner", "Startup Cost": 5903.45, "Total Cost": 5903.45, "Plan Rows": 85170, "Plan Width": 4, "Plans": [{"Node Type": "Seq Scan", "Parent Relationship": "Outer", "Relation Name": "company_name", "Alias": "cn", "Startup Cost": 0.0, "Total Cost": 5903.45, "Plan Rows": 85170, "Plan Width": 4, "Filter": "((country_code)::text = '[us]'::text)"}]}]}, {"Node Type": "Hash", "Parent Relationship": "Inner", "Startup Cost": 1.04, "Total Cost": 1.04, "Plan Rows": 2, "Plan Width": 4, "Plans": [{"Node Type": "Seq Scan", "Parent Relationship": "Outer", "Relation Name": "company_type", "Alias": "ct", "Startup Cost": 0.0, "Total Cost": 1.04, "Plan Rows": 2, "Plan Width": 4, "Filter": "((kind IS NOT NULL) AND (((kind)::text = 'production companies'::text) OR ((kind)::text = 'distributors'::text)))"}]}]}]}, "Unique SQL Id": 1682224415}, "explain_analyze_plan": null}, "(1, 111)": {"explain_plan": {"Plan": {"Node Type": "Aggregate", "Strategy": "Plain", "Startup Cost": 8000041468724.43, "Total Cost": 8000041468724.44, "Plan Rows": 1, "Plan Width": 123, "Plans": [{"Node Type": "Hash Join", "Parent Relationship": "Outer", "Join Type": "Inner", "Startup Cost": 6020025129099.57, "Total Cost": 8000041468724.36, "Plan Rows": 14, "Plan Width": 59, "Inner Unique": true, "Hash Cond": "(mc.company_type_id = ct.id)", "Plans": [{"Node Type": "Hash Join", "Parent Relationship": "Outer", "Join Type": "Inner", "Startup Cost": 5020025127868.55, "Total Cost": 7000041467493.14, "Plan Rows": 14, "Plan Width": 63, "Inner Unique": true, "Hash Cond": "(mc.company_id = cn.id)", "Plans": [{"Node Type": "Hash Join", "Parent Relationship": "Outer", "Join Type": "Inner", "Startup Cost": 4020024076664.95, "Total Cost": 6000040416289.36, "Plan Rows": 12, "Plan Width": 67, "Inner Unique": false, "Hash Cond": "(mi.movie_id = t.id)", "Plans": [{"Node Type": "Nested Loop", "Parent Relationship": "Outer", "Join Type": "Inner", "Startup Cost": 20000004894.57, "Total Cost": 2000016343720.19, "Plan Rows": 212428, "Plan Width": 46, "Inner Unique": false, "Plans": [{"Node Type": "Index Scan", "Parent Relationship": "Outer", "Scan Direction": "Forward", "Index Name": "info_type_pkey", "Relation Name": "info_type", "Alias": "it1", "Startup Cost": 10000000000.0, "Total Cost": 1000000001421.0, "Plan Rows": 1, "Plan Width": 4, "Filter": "((info)::text = 'budget'::text)"}, {"Node Type": "Bitmap Heap Scan", "Parent Relationship": "Inner", "Relation Name": "movie_info", "Alias": "mi", "Startup Cost": 10000004894.57, "Total Cost": 1000016340174.91, "Plan Rows": 212428, "Plan Width": 50, "Recheck Cond": "(info_type_id = it1.id), (LLVM Optimized)", "Plans": [{"Node Type": "Bitmap Index Scan", "Parent Relationship": "Outer", "Index Name": "info_type_id_movie_info", "Startup Cost": 0.0, "Total Cost": 4841.46, "Plan Rows": 212428, "Plan Width": 0, "Index Cond": "(info_type_id = it1.id)"}]}]}, {"Node Type": "Hash", "Parent Relationship": "Inner", "Startup Cost": 4000024071767.76, "Total Cost": 4000024071767.76, "Plan Rows": 210, "Plan Width": 37, "Plans": [{"Node Type": "Hash Join", "Parent Relationship": "Outer", "Join Type": "Inner", "Startup Cost": 2020022243800.94, "Total Cost": 4000024071767.76, "Plan Rows": 210, "Plan Width": 37, "Inner Unique": false, "Hash Cond": "(mi_idx.movie_id = t.id)", "Plans": [{"Node Type": "Nested Loop", "Parent Relationship": "Outer", "Join Type": "Inner", "Startup Cost": 20000007502.06, "Total Cost": 2000001833737.28, "Plan Rows": 345008, "Plan Width": 4, "Inner Unique": false, "Plans": [{"Node Type": "Index Scan", "Parent Relationship": "Outer", "Scan Direction": "Forward", "Index Name": "info_type_pkey", "Relation Name": "info_type", "Alias": "it2", "Startup Cost": 10000000000.0, "Total Cost": 1000000001421.0, "Plan Rows": 1, "Plan Width": 4, "Filter": "((info)::text = 'bottom 10 rank'::text)"}, {"Node Type": "Bitmap Heap Scan", "Parent Relationship": "Inner", "Relation Name": "movie_info_idx", "Alias": "mi_idx", "Startup Cost": 10000007502.06, "Total Cost": 1000001828866.2, "Plan Rows": 345008, "Plan Width": 8, "Recheck Cond": "(info_type_id = it2.id), (LLVM Optimized)", "Plans": [{"Node Type": "Bitmap Index Scan", "Parent Relationship": "Outer", "Index Name": "info_type_id_movie_info_idx", "Startup Cost": 0.0, "Total Cost": 7415.81, "Plan Rows": 345008, "Plan Width": 0, "Index Cond": "(info_type_id = it2.id)"}]}]}, {"Node Type": "Hash", "Parent Relationship": "Inner", "Startup Cost": 2000022236292.07, "Total Cost": 2000022236292.07, "Plan Rows": 545, "Plan Width": 33, "Plans": [{"Node Type": "Hash Join", "Parent Relationship": "Outer", "Join Type": "Inner", "Startup Cost": 1010012908285.39, "Total Cost": 2000022236292.07, "Plan Rows": 545, "Plan Width": 33, "Inner Unique": true, "Hash Cond": "(mc.movie_id = t.id)", "Plans": [{"Node Type": "Index Scan", "Parent Relationship": "Outer", "Scan Direction": "Forward", "Index Name": "company_type_id_movie_companies", "Relation Name": "movie_companies", "Alias": "mc", "Startup Cost": 10000000000.0, "Total Cost": 1000009318217.0, "Plan Rows": 2609128, "Plan Width": 12}, {"Node Type": "Hash", "Parent Relationship": "Inner", "Startup Cost": 1000012908282.16, "Total Cost": 1000012908282.16, "Plan Rows": 258, "Plan Width": 21, "Plans": [{"Node Type": "Index Scan", "Parent Relationship": "Outer", "Scan Direction": "Forward", "Index Name": "title_pkey", "Relation Name": "title", "Alias": "t", "Startup Cost": 10000000000.0, "Total Cost": 1000012908282.16, "Plan Rows": 258, "Plan Width": 21, "Filter": "((production_year > 2000) AND (((title)::text ~~ 'Birdemic%'::text) OR ((title)::text ~~ '%Movie%'::text)))"}]}]}]}]}]}]}, {"Node Type": "Hash", "Parent Relationship": "Inner", "Startup Cost": 1000001050138.97, "Total Cost": 1000001050138.97, "Plan Rows": 85170, "Plan Width": 4, "Plans": [{"Node Type": "Index Scan", "Parent Relationship": "Outer", "Scan Direction": "Forward", "Index Name": "company_name_pkey", "Relation Name": "company_name", "Alias": "cn", "Startup Cost": 10000000000.0, "Total Cost": 1000001050138.97, "Plan Rows": 85170, "Plan Width": 4, "Filter": "((country_code)::text = '[us]'::text)"}]}]}, {"Node Type": "Hash", "Parent Relationship": "Inner", "Startup Cost": 1000000001231.0, "Total Cost": 1000000001231.0, "Plan Rows": 2, "Plan Width": 4, "Plans": [{"Node Type": "Index Scan", "Parent Relationship": "Outer", "Scan Direction": "Forward", "Index Name": "company_type_pkey", "Relation Name": "company_type", "Alias": "ct", "Startup Cost": 10000000000.0, "Total Cost": 1000000001231.0, "Plan Rows": 2, "Plan Width": 4, "Filter": "((kind IS NOT NULL) AND (((kind)::text = 'production companies'::text) OR ((kind)::text = 'distributors'::text)))"}]}]}]}, "Unique SQL Id": 1682224415}, "explain_analyze_plan": null}, "(1, 112)": {"explain_plan": {"Plan": {"Node Type": "Aggregate", "Strategy": "Plain", "Startup Cost": 81432.16, "Total Cost": 81432.17, "Plan Rows": 1, "Plan Width": 123, "Plans": [{"Node Type": "Nested Loop", "Parent Relationship": "Outer", "Join Type": "Inner", "Startup Cost": 0.0, "Total Cost": 81432.14, "Plan Rows": 4, "Plan Width": 59, "Inner Unique": true, "Plans": [{"Node Type": "Nested Loop", "Parent Relationship": "Outer", "Join Type": "Inner", "Startup Cost": 0.0, "Total Cost": 81431.0, "Plan Rows": 4, "Plan Width": 63, "Inner Unique": true, "Plans": [{"Node Type": "Nested Loop", "Parent Relationship": "Outer", "Join Type": "Inner", "Startup Cost": 0.0, "Total Cost": 81429.56, "Plan Rows": 5, "Plan Width": 67, "Inner Unique": false, "Join Filter": "(mi.info_type_id = it1.id)", "Plans": [{"Node Type": "Seq Scan", "Parent Relationship": "Outer", "Relation Name": "info_type", "Alias": "it1", "Startup Cost": 0.0, "Total Cost": 2.4, "Plan Rows": 1, "Plan Width": 4, "Filter": "((info)::text = 'budget'::text)"}, {"Node Type": "Nested Loop", "Parent Relationship": "Inner", "Join Type": "Inner", "Startup Cost": 0.0, "Total Cost": 81413.14, "Plan Rows": 1122, "Plan Width": 71, "Inner Unique": false, "Join Filter": "(t.id = mi.movie_id)", "Plans": [{"Node Type": "Nested Loop", "Parent Relationship": "Outer", "Join Type": "Inner", "Startup Cost": 0.0, "Total Cost": 81260.48, "Plan Rows": 210, "Plan Width": 37, "Inner Unique": false, "Join Filter": "(t.id = mc.movie_id)", "Plans": [{"Node Type": "Nested Loop", "Parent Relationship": "Outer", "Join Type": "Inner", "Startup Cost": 0.0, "Total Cost": 81139.71, "Plan Rows": 311, "Plan Width": 25, "Inner Unique": false, "Join Filter": "(mi_idx.info_type_id = it2.id)", "Plans": [{"Node Type": "Seq Scan", "Parent Relationship": "Outer", "Relation Name": "info_type", "Alias": "it2", "Startup Cost": 0.0, "Total Cost": 2.4, "Plan Rows": 1, "Plan Width": 4, "Filter": "((info)::text = 'bottom 10 rank'::text)"}, {"Node Type": "Nested Loop", "Parent Relationship": "Inner", "Join Type": "Inner", "Startup Cost": 0.0, "Total Cost": 81132.36, "Plan Rows": 396, "Plan Width": 29, "Inner Unique": false, "Plans": [{"Node Type": "Seq Scan", "Parent Relationship": "Outer", "Relation Name": "title", "Alias": "t", "Startup Cost": 0.0, "Total Cost": 79031.44, "Plan Rows": 258, "Plan Width": 21, "Filter": "((production_year > 2000) AND (((title)::text ~~ 'Birdemic%'::text) OR ((title)::text ~~ '%Movie%'::text)))"}, {"Node Type": "Index Scan", "Parent Relationship": "Inner", "Scan Direction": "Forward", "Index Name": "movie_id_movie_info_idx", "Relation Name": "movie_info_idx", "Alias": "mi_idx", "Startup Cost": 0.0, "Total Cost": 8.12, "Plan Rows": 2, "Plan Width": 8, "Index Cond": "(movie_id = t.id)"}]}]}, {"Node Type": "Index Scan", "Parent Relationship": "Inner", "Scan Direction": "Forward", "Index Name": "movie_id_movie_companies", "Relation Name": "movie_companies", "Alias": "mc", "Startup Cost": 0.0, "Total Cost": 0.36, "Plan Rows": 2, "Plan Width": 12, "Index Cond": "(movie_id = mi_idx.movie_id)"}]}, {"Node Type": "Index Scan", "Parent Relationship": "Inner", "Scan Direction": "Forward", "Index Name": "movie_id_movie_info", "Relation Name": "movie_info", "Alias": "mi", "Startup Cost": 0.0, "Total Cost": 0.66, "Plan Rows": 5, "Plan Width": 50, "Index Cond": "(movie_id = mc.movie_id)"}]}]}, {"Node Type": "Index Scan", "Parent Relationship": "Inner", "Scan Direction": "Forward", "Index Name": "company_name_pkey", "Relation Name": "company_name", "Alias": "cn", "Startup Cost": 0.0, "Total Cost": 0.28, "Plan Rows": 1, "Plan Width": 4, "Index Cond": "(id = mc.company_id)", "Filter": "((country_code)::text = '[us]'::text)"}]}, {"Node Type": "Index Scan", "Parent Relationship": "Inner", "Scan Direction": "Forward", "Index Name": "company_type_pkey", "Relation Name": "company_type", "Alias": "ct", "Startup Cost": 0.0, "Total Cost": 0.28, "Plan Rows": 1, "Plan Width": 4, "Index Cond": "(id = mc.company_type_id)", "Filter": "((kind IS NOT NULL) AND (((kind)::text = 'production companies'::text) OR ((kind)::text = 'distributors'::text)))"}]}]}, "Unique SQL Id": 1682224415}, "explain_analyze_plan": {"Plan": {"Node Type": "Aggregate", "Strategy": "Plain", "Startup Cost": 81432.16, "Total Cost": 81432.17, "Plan Rows": 1, "Plan Width": 123, "Actual Startup Time": 1371.266, "Actual Total Time": 1371.266, "Actual Rows": 1, "Actual Loops": 1, "Plans": [{"Node Type": "Nested Loop", "Parent Relationship": "Outer", "Join Type": "Inner", "Startup Cost": 0.0, "Total Cost": 81432.14, "Plan Rows": 4, "Plan Width": 59, "Actual Startup Time": 973.085, "Actual Total Time": 1371.203, "Actual Rows": 5, "Actual Loops": 1, "Inner Unique": true, "Plans": [{"Node Type": "Nested Loop", "Parent Relationship": "Outer", "Join Type": "Inner", "Startup Cost": 0.0, "Total Cost": 81431.0, "Plan Rows": 4, "Plan Width": 63, "Actual Startup Time": 972.828, "Actual Total Time": 1371.159, "Actual Rows": 10, "Actual Loops": 1, "Inner Unique": true, "Plans": [{"Node Type": "Nested Loop", "Parent Relationship": "Outer", "Join Type": "Inner", "Startup Cost": 0.0, "Total Cost": 81429.56, "Plan Rows": 5, "Plan Width": 67, "Actual Startup Time": 972.803, "Actual Total Time": 1370.929, "Actual Rows": 33, "Actual Loops": 1, "Inner Unique": false, "Join Filter": "(mi.info_type_id = it1.id)", "Rows Removed by Join Filter": 4926, "Plans": [{"Node Type": "Seq Scan", "Parent Relationship": "Outer", "Relation Name": "info_type", "Alias": "it1", "Startup Cost": 0.0, "Total Cost": 2.4, "Plan Rows": 1, "Plan Width": 4, "Actual Startup Time": 0.067, "Actual Total Time": 0.078, "Actual Rows": 1, "Actual Loops": 1, "Filter": "((info)::text = 'budget'::text)", "Rows Removed by Filter": 111}, {"Node Type": "Nested Loop", "Parent Relationship": "Inner", "Join Type": "Inner", "Startup Cost": 0.0, "Total Cost": 81413.14, "Plan Rows": 1122, "Plan Width": 71, "Actual Startup Time": 972.653, "Actual Total Time": 1369.917, "Actual Rows": 4959, "Actual Loops": 1, "Inner Unique": false, "Join Filter": "(t.id = mi.movie_id)", "Rows Removed by Join Filter": 0, "Plans": [{"Node Type": "Nested Loop", "Parent Relationship": "Outer", "Join Type": "Inner", "Startup Cost": 0.0, "Total Cost": 81260.48, "Plan Rows": 210, "Plan Width": 37, "Actual Startup Time": 972.576, "Actual Total Time": 1365.779, "Actual Rows": 33, "Actual Loops": 1, "Inner Unique": false, "Join Filter": "(t.id = mc.movie_id)", "Rows Removed by Join Filter": 0, "Plans": [{"Node Type": "Nested Loop", "Parent Relationship": "Outer", "Join Type": "Inner", "Startup Cost": 0.0, "Total Cost": 81139.71, "Plan Rows": 311, "Plan Width": 25, "Actual Startup Time": 972.451, "Actual Total Time": 1365.601, "Actual Rows": 2, "Actual Loops": 1, "Inner Unique": false, "Join Filter": "(mi_idx.info_type_id = it2.id)", "Rows Removed by Join Filter": 2643, "Plans": [{"Node Type": "Seq Scan", "Parent Relationship": "Outer", "Relation Name": "info_type", "Alias": "it2", "Startup Cost": 0.0, "Total Cost": 2.4, "Plan Rows": 1, "Plan Width": 4, "Actual Startup Time": 0.044, "Actual Total Time": 0.051, "Actual Rows": 1, "Actual Loops": 1, "Filter": "((info)::text = 'bottom 10 rank'::text)", "Rows Removed by Filter": 111}, {"Node Type": "Nested Loop", "Parent Relationship": "Inner", "Join Type": "Inner", "Startup Cost": 0.0, "Total Cost": 81132.36, "Plan Rows": 396, "Plan Width": 29, "Actual Startup Time": 13.969, "Actual Total Time": 1364.883, "Actual Rows": 2645, "Actual Loops": 1, "Inner Unique": false, "Plans": [{"Node Type": "Seq Scan", "Parent Relationship": "Outer", "Relation Name": "title", "Alias": "t", "Startup Cost": 0.0, "Total Cost": 79031.44, "Plan Rows": 258, "Plan Width": 21, "Actual Startup Time": 0.371, "Actual Total Time": 1349.84, "Actual Rows": 2536, "Actual Loops": 1, "Filter": "((production_year > 2000) AND (((title)::text ~~ 'Birdemic%'::text) OR ((title)::text ~~ '%Movie%'::text)))", "Rows Removed by Filter": 2525775}, {"Node Type": "Index Scan", "Parent Relationship": "Inner", "Scan Direction": "Forward", "Index Name": "movie_id_movie_info_idx", "Relation Name": "movie_info_idx", "Alias": "mi_idx", "Startup Cost": 0.0, "Total Cost": 8.12, "Plan Rows": 2, "Plan Width": 8, "Actual Startup Time": 11.624, "Actual Total Time": 12.638, "Actual Rows": 2645, "Actual Loops": 2536, "Index Cond": "(movie_id = t.id)", "Rows Removed by Index Recheck": 0}]}]}, {"Node Type": "Index Scan", "Parent Relationship": "Inner", "Scan Direction": "Forward", "Index Name": "movie_id_movie_companies", "Relation Name": "movie_companies", "Alias": "mc", "Startup Cost": 0.0, "Total Cost": 0.36, "Plan Rows": 2, "Plan Width": 12, "Actual Startup Time": 0.033, "Actual Total Time": 0.054, "Actual Rows": 33, "Actual Loops": 2, "Index Cond": "(movie_id = mi_idx.movie_id)", "Rows Removed by Index Recheck": 0}]}, {"Node Type": "Index Scan", "Parent Relationship": "Inner", "Scan Direction": "Forward", "Index Name": "movie_id_movie_info", "Relation Name": "movie_info", "Alias": "mi", "Startup Cost": 0.0, "Total Cost": 0.66, "Plan Rows": 5, "Plan Width": 50, "Actual Startup Time": 0.527, "Actual Total Time": 2.538, "Actual Rows": 4959, "Actual Loops": 33, "Index Cond": "(movie_id = mc.movie_id)", "Rows Removed by Index Recheck": 0}]}]}, {"Node Type": "Index Scan", "Parent Relationship": "Inner", "Scan Direction": "Forward", "Index Name": "company_name_pkey", "Relation Name": "company_name", "Alias": "cn", "Startup Cost": 0.0, "Total Cost": 0.28, "Plan Rows": 1, "Plan Width": 4, "Actual Startup Time": 0.2, "Actual Total Time": 0.2, "Actual Rows": 10, "Actual Loops": 33, "Index Cond": "(id = mc.company_id)", "Rows Removed by Index Recheck": 0, "Filter": "((country_code)::text = '[us]'::text)", "Rows Removed by Filter": 23}]}, {"Node Type": "Index Scan", "Parent Relationship": "Inner", "Scan Direction": "Forward", "Index Name": "company_type_pkey", "Relation Name": "company_type", "Alias": "ct", "Startup Cost": 0.0, "Total Cost": 0.28, "Plan Rows": 1, "Plan Width": 4, "Actual Startup Time": 0.026, "Actual Total Time": 0.026, "Actual Rows": 5, "Actual Loops": 10, "Index Cond": "(id = mc.company_type_id)", "Rows Removed by Index Recheck": 0, "Filter": "((kind IS NOT NULL) AND (((kind)::text = 'production companies'::text) OR ((kind)::text = 'distributors'::text)))", "Rows Removed by Filter": 0}]}]}, "Triggers": [], "Planner Runtime": 98.34, "Total Runtime": 1371.638, "Unique SQL Id": 1682224415}}, "(1, 113)": {"explain_plan": {"Plan": {"Node Type": "Aggregate", "Strategy": "Plain", "Startup Cost": 131508.15, "Total Cost": 131508.16, "Plan Rows": 1, "Plan Width": 123, "Plans": [{"Node Type": "Nested Loop", "Parent Relationship": "Outer", "Join Type": "Inner", "Startup Cost": 0.0, "Total Cost": 131508.13, "Plan Rows": 4, "Plan Width": 59, "Inner Unique": true, "Plans": [{"Node Type": "Nested Loop", "Parent Relationship": "Outer", "Join Type": "Inner", "Startup Cost": 0.0, "Total Cost": 131506.99, "Plan Rows": 4, "Plan Width": 63, "Inner Unique": true, "Plans": [{"Node Type": "Nested Loop", "Parent Relationship": "Outer", "Join Type": "Inner", "Startup Cost": 0.0, "Total Cost": 131505.55, "Plan Rows": 5, "Plan Width": 67, "Inner Unique": false, "Join Filter": "(mi.info_type_id = it1.id)", "Plans": [{"Node Type": "Index Scan", "Parent Relationship": "Outer", "Scan Direction": "Forward", "Index Name": "info_type_pkey", "Relation Name": "info_type", "Alias": "it1", "Startup Cost": 0.0, "Total Cost": 14.21, "Plan Rows": 1, "Plan Width": 4, "Filter": "((info)::text = 'budget'::text)"}, {"Node Type": "Nested Loop", "Parent Relationship": "Inner", "Join Type": "Inner", "Startup Cost": 0.0, "Total Cost": 131477.32, "Plan Rows": 1122, "Plan Width": 71, "Inner Unique": false, "Join Filter": "(t.id = mi.movie_id)", "Plans": [{"Node Type": "Nested Loop", "Parent Relationship": "Outer", "Join Type": "Inner", "Startup Cost": 0.0, "Total Cost": 131324.66, "Plan Rows": 210, "Plan Width": 37, "Inner Unique": false, "Join Filter": "(t.id = mc.movie_id)", "Plans": [{"Node Type": "Nested Loop", "Parent Relationship": "Outer", "Join Type": "Inner", "Startup Cost": 0.0, "Total Cost": 131203.89, "Plan Rows": 311, "Plan Width": 25, "Inner Unique": true, "Join Filter": "(mi_idx.info_type_id = it2.id)", "Plans": [{"Node Type": "Nested Loop", "Parent Relationship": "Outer", "Join Type": "Inner", "Startup Cost": 0.0, "Total Cost": 131183.74, "Plan Rows": 396, "Plan Width": 29, "Inner Unique": false, "Plans": [{"Node Type": "Index Scan", "Parent Relationship": "Outer", "Scan Direction": "Forward", "Index Name": "title_pkey", "Relation Name": "title", "Alias": "t", "Startup Cost": 0.0, "Total Cost": 129082.82, "Plan Rows": 258, "Plan Width": 21, "Filter": "((production_year > 2000) AND (((title)::text ~~ 'Birdemic%'::text) OR ((title)::text ~~ '%Movie%'::text)))"}, {"Node Type": "Index Scan", "Parent Relationship": "Inner", "Scan Direction": "Forward", "Index Name": "movie_id_movie_info_idx", "Relation Name": "movie_info_idx", "Alias": "mi_idx", "Startup Cost": 0.0, "Total Cost": 8.12, "Plan Rows": 2, "Plan Width": 8, "Index Cond": "(movie_id = t.id)"}]}, {"Node Type": "Materialize", "Parent Relationship": "Inner", "Startup Cost": 0.0, "Total Cost": 14.22, "Plan Rows": 1, "Plan Width": 4, "Plans": [{"Node Type": "Index Scan", "Parent Relationship": "Outer", "Scan Direction": "Forward", "Index Name": "info_type_pkey", "Relation Name": "info_type", "Alias": "it2", "Startup Cost": 0.0, "Total Cost": 14.21, "Plan Rows": 1, "Plan Width": 4, "Filter": "((info)::text = 'bottom 10 rank'::text)"}]}]}, {"Node Type": "Index Scan", "Parent Relationship": "Inner", "Scan Direction": "Forward", "Index Name": "movie_id_movie_companies", "Relation Name": "movie_companies", "Alias": "mc", "Startup Cost": 0.0, "Total Cost": 0.36, "Plan Rows": 2, "Plan Width": 12, "Index Cond": "(movie_id = mi_idx.movie_id)"}]}, {"Node Type": "Index Scan", "Parent Relationship": "Inner", "Scan Direction": "Forward", "Index Name": "movie_id_movie_info", "Relation Name": "movie_info", "Alias": "mi", "Startup Cost": 0.0, "Total Cost": 0.66, "Plan Rows": 5, "Plan Width": 50, "Index Cond": "(movie_id = mc.movie_id)"}]}]}, {"Node Type": "Index Scan", "Parent Relationship": "Inner", "Scan Direction": "Forward", "Index Name": "company_name_pkey", "Relation Name": "company_name", "Alias": "cn", "Startup Cost": 0.0, "Total Cost": 0.28, "Plan Rows": 1, "Plan Width": 4, "Index Cond": "(id = mc.company_id)", "Filter": "((country_code)::text = '[us]'::text)"}]}, {"Node Type": "Index Scan", "Parent Relationship": "Inner", "Scan Direction": "Forward", "Index Name": "company_type_pkey", "Relation Name": "company_type", "Alias": "ct", "Startup Cost": 0.0, "Total Cost": 0.28, "Plan Rows": 1, "Plan Width": 4, "Index Cond": "(id = mc.company_type_id)", "Filter": "((kind IS NOT NULL) AND (((kind)::text = 'production companies'::text) OR ((kind)::text = 'distributors'::text)))"}]}]}, "Unique SQL Id": 1682224415}, "explain_analyze_plan": null}, "(1, 114)": {"explain_plan": {"Plan": {"Node Type": "Aggregate", "Strategy": "Plain", "Startup Cost": 84498.66, "Total Cost": 84498.67, "Plan Rows": 1, "Plan Width": 123, "Plans": [{"Node Type": "Nested Loop", "Parent Relationship": "Outer", "Join Type": "Inner", "Startup Cost": 5.1, "Total Cost": 84498.64, "Plan Rows": 4, "Plan Width": 59, "Inner Unique": true, "Join Filter": "(mc.company_type_id = ct.id)", "Plans": [{"Node Type": "Nested Loop", "Parent Relationship": "Outer", "Join Type": "Inner", "Startup Cost": 5.1, "Total Cost": 84497.47, "Plan Rows": 4, "Plan Width": 63, "Inner Unique": true, "Plans": [{"Node Type": "Nested Loop", "Parent Relationship": "Outer", "Join Type": "Inner", "Startup Cost": 4.84, "Total Cost": 84476.05, "Plan Rows": 5, "Plan Width": 67, "Inner Unique": false, "Join Filter": "(mi.info_type_id = it1.id)", "Plans": [{"Node Type": "Seq Scan", "Parent Relationship": "Outer", "Relation Name": "info_type", "Alias": "it1", "Startup Cost": 0.0, "Total Cost": 2.4, "Plan Rows": 1, "Plan Width": 4, "Filter": "((info)::text = 'budget'::text)"}, {"Node Type": "Nested Loop", "Parent Relationship": "Inner", "Join Type": "Inner", "Startup Cost": 4.84, "Total Cost": 84459.62, "Plan Rows": 1122, "Plan Width": 71, "Inner Unique": false, "Join Filter": "(t.id = mi.movie_id)", "Plans": [{"Node Type": "Nested Loop", "Parent Relationship": "Outer", "Join Type": "Inner", "Startup Cost": 4.47, "Total Cost": 83514.44, "Plan Rows": 210, "Plan Width": 37, "Inner Unique": false, "Join Filter": "(t.id = mc.movie_id)", "Plans": [{"Node Type": "Nested Loop", "Parent Relationship": "Outer", "Join Type": "Inner", "Startup Cost": 4.17, "Total Cost": 82163.69, "Plan Rows": 311, "Plan Width": 25, "Inner Unique": false, "Join Filter": "(mi_idx.info_type_id = it2.id)", "Plans": [{"Node Type": "Seq Scan", "Parent Relationship": "Outer", "Relation Name": "info_type", "Alias": "it2", "Startup Cost": 0.0, "Total Cost": 2.4, "Plan Rows": 1, "Plan Width": 4, "Filter": "((info)::text = 'bottom 10 rank'::text)"}, {"Node Type": "Nested Loop", "Parent Relationship": "Inner", "Join Type": "Inner", "Startup Cost": 4.17, "Total Cost": 82156.34, "Plan Rows": 396, "Plan Width": 29, "Inner Unique": false, "Plans": [{"Node Type": "Seq Scan", "Parent Relationship": "Outer", "Relation Name": "title", "Alias": "t", "Startup Cost": 0.0, "Total Cost": 79031.44, "Plan Rows": 258, "Plan Width": 21, "Filter": "((production_year > 2000) AND (((title)::text ~~ 'Birdemic%'::text) OR ((title)::text ~~ '%Movie%'::text)))"}, {"Node Type": "Bitmap Heap Scan", "Parent Relationship": "Inner", "Relation Name": "movie_info_idx", "Alias": "mi_idx", "Startup Cost": 4.17, "Total Cost": 12.09, "Plan Rows": 2, "Plan Width": 8, "Recheck Cond": "(movie_id = t.id)", "Plans": [{"Node Type": "Bitmap Index Scan", "Parent Relationship": "Outer", "Index Name": "movie_id_movie_info_idx", "Startup Cost": 0.0, "Total Cost": 4.17, "Plan Rows": 2, "Plan Width": 0, "Index Cond": "(movie_id = t.id)"}]}]}]}, {"Node Type": "Bitmap Heap Scan", "Parent Relationship": "Inner", "Relation Name": "movie_companies", "Alias": "mc", "Startup Cost": 0.29, "Total Cost": 4.32, "Plan Rows": 2, "Plan Width": 12, "Recheck Cond": "(movie_id = mi_idx.movie_id)", "Plans": [{"Node Type": "Bitmap Index Scan", "Parent Relationship": "Outer", "Index Name": "movie_id_movie_companies", "Startup Cost": 0.0, "Total Cost": 0.29, "Plan Rows": 2, "Plan Width": 0, "Index Cond": "(movie_id = mi_idx.movie_id)"}]}]}, {"Node Type": "Bitmap Heap Scan", "Parent Relationship": "Inner", "Relation Name": "movie_info", "Alias": "mi", "Startup Cost": 0.38, "Total Cost": 4.44, "Plan Rows": 5, "Plan Width": 50, "Recheck Cond": "(movie_id = mc.movie_id)", "Plans": [{"Node Type": "Bitmap Index Scan", "Parent Relationship": "Outer", "Index Name": "movie_id_movie_info", "Startup Cost": 0.0, "Total Cost": 0.37, "Plan Rows": 5, "Plan Width": 0, "Index Cond": "(movie_id = mc.movie_id)"}]}]}]}, {"Node Type": "Bitmap Heap Scan", "Parent Relationship": "Inner", "Relation Name": "company_name", "Alias": "cn", "Startup Cost": 0.26, "Total Cost": 4.27, "Plan Rows": 1, "Plan Width": 4, "Recheck Cond": "(id = mc.company_id)", "Filter": "((country_code)::text = '[us]'::text)", "Plans": [{"Node Type": "Bitmap Index Scan", "Parent Relationship": "Outer", "Index Name": "company_name_pkey", "Startup Cost": 0.0, "Total Cost": 0.26, "Plan Rows": 1, "Plan Width": 0, "Index Cond": "(id = mc.company_id)"}]}]}, {"Node Type": "Materialize", "Parent Relationship": "Inner", "Startup Cost": 0.0, "Total Cost": 1.05, "Plan Rows": 2, "Plan Width": 4, "Plans": [{"Node Type": "Seq Scan", "Parent Relationship": "Outer", "Relation Name": "company_type", "Alias": "ct", "Startup Cost": 0.0, "Total Cost": 1.04, "Plan Rows": 2, "Plan Width": 4, "Filter": "((kind IS NOT NULL) AND (((kind)::text = 'production companies'::text) OR ((kind)::text = 'distributors'::text)))"}]}]}]}, "Unique SQL Id": 1682224415}, "explain_analyze_plan": {"Plan": {"Node Type": "Aggregate", "Strategy": "Plain", "Startup Cost": 84498.66, "Total Cost": 84498.67, "Plan Rows": 1, "Plan Width": 123, "Actual Startup Time": 1368.298, "Actual Total Time": 1368.299, "Actual Rows": 1, "Actual Loops": 1, "Plans": [{"Node Type": "Nested Loop", "Parent Relationship": "Outer", "Join Type": "Inner", "Startup Cost": 5.1, "Total Cost": 84498.64, "Plan Rows": 4, "Plan Width": 59, "Actual Startup Time": 967.173, "Actual Total Time": 1368.24, "Actual Rows": 5, "Actual Loops": 1, "Inner Unique": true, "Join Filter": "(mc.company_type_id = ct.id)", "Rows Removed by Join Filter": 5, "Plans": [{"Node Type": "Nested Loop", "Parent Relationship": "Outer", "Join Type": "Inner", "Startup Cost": 5.1, "Total Cost": 84497.47, "Plan Rows": 4, "Plan Width": 63, "Actual Startup Time": 966.883, "Actual Total Time": 1368.195, "Actual Rows": 10, "Actual Loops": 1, "Inner Unique": true, "Plans": [{"Node Type": "Nested Loop", "Parent Relationship": "Outer", "Join Type": "Inner", "Startup Cost": 4.84, "Total Cost": 84476.05, "Plan Rows": 5, "Plan Width": 67, "Actual Startup Time": 966.856, "Actual Total Time": 1367.898, "Actual Rows": 33, "Actual Loops": 1, "Inner Unique": false, "Join Filter": "(mi.info_type_id = it1.id)", "Rows Removed by Join Filter": 4926, "Plans": [{"Node Type": "Seq Scan", "Parent Relationship": "Outer", "Relation Name": "info_type", "Alias": "it1", "Startup Cost": 0.0, "Total Cost": 2.4, "Plan Rows": 1, "Plan Width": 4, "Actual Startup Time": 0.055, "Actual Total Time": 0.062, "Actual Rows": 1, "Actual Loops": 1, "Filter": "((info)::text = 'budget'::text)", "Rows Removed by Filter": 111}, {"Node Type": "Nested Loop", "Parent Relationship": "Inner", "Join Type": "Inner", "Startup Cost": 4.84, "Total Cost": 84459.62, "Plan Rows": 1122, "Plan Width": 71, "Actual Startup Time": 966.73, "Actual Total Time": 1366.883, "Actual Rows": 4959, "Actual Loops": 1, "Inner Unique": false, "Join Filter": "(t.id = mi.movie_id)", "Rows Removed by Join Filter": 0, "Plans": [{"Node Type": "Nested Loop", "Parent Relationship": "Outer", "Join Type": "Inner", "Startup Cost": 4.47, "Total Cost": 83514.44, "Plan Rows": 210, "Plan Width": 37, "Actual Startup Time": 966.675, "Actual Total Time": 1362.7, "Actual Rows": 33, "Actual Loops": 1, "Inner Unique": false, "Join Filter": "(t.id = mc.movie_id)", "Rows Removed by Join Filter": 0, "Plans": [{"Node Type": "Nested Loop", "Parent Relationship": "Outer", "Join Type": "Inner", "Startup Cost": 4.17, "Total Cost": 82163.69, "Plan Rows": 311, "Plan Width": 25, "Actual Startup Time": 966.598, "Actual Total Time": 1362.569, "Actual Rows": 2, "Actual Loops": 1, "Inner Unique": false, "Join Filter": "(mi_idx.info_type_id = it2.id)", "Rows Removed by Join Filter": 2643, "Plans": [{"Node Type": "Seq Scan", "Parent Relationship": "Outer", "Relation Name": "info_type", "Alias": "it2", "Startup Cost": 0.0, "Total Cost": 2.4, "Plan Rows": 1, "Plan Width": 4, "Actual Startup Time": 0.041, "Actual Total Time": 0.046, "Actual Rows": 1, "Actual Loops": 1, "Filter": "((info)::text = 'bottom 10 rank'::text)", "Rows Removed by Filter": 111}, {"Node Type": "Nested Loop", "Parent Relationship": "Inner", "Join Type": "Inner", "Startup Cost": 4.17, "Total Cost": 82156.34, "Plan Rows": 396, "Plan Width": 29, "Actual Startup Time": 14.116, "Actual Total Time": 1361.789, "Actual Rows": 2645, "Actual Loops": 1, "Inner Unique": false, "Plans": [{"Node Type": "Seq Scan", "Parent Relationship": "Outer", "Relation Name": "title", "Alias": "t", "Startup Cost": 0.0, "Total Cost": 79031.44, "Plan Rows": 258, "Plan Width": 21, "Actual Startup Time": 0.372, "Actual Total Time": 1341.772, "Actual Rows": 2536, "Actual Loops": 1, "Filter": "((production_year > 2000) AND (((title)::text ~~ 'Birdemic%'::text) OR ((title)::text ~~ '%Movie%'::text)))", "Rows Removed by Filter": 2525775}, {"Node Type": "Bitmap Heap Scan", "Parent Relationship": "Inner", "Relation Name": "movie_info_idx", "Alias": "mi_idx", "Startup Cost": 4.17, "Total Cost": 12.09, "Plan Rows": 2, "Plan Width": 8, "Actual Startup Time": 14.961, "Actual Total Time": 15.336, "Actual Rows": 2645, "Actual Loops": 2536, "Recheck Cond": "(movie_id = t.id)", "Rows Removed by Index Recheck": 0, "Exact Heap Blocks": 890, "Lossy Heap Blocks": 890, "Plans": [{"Node Type": "Bitmap Index Scan", "Parent Relationship": "Outer", "Index Name": "movie_id_movie_info_idx", "Startup Cost": 0.0, "Total Cost": 4.17, "Plan Rows": 2, "Plan Width": 0, "Actual Startup Time": 10.951, "Actual Total Time": 10.951, "Actual Rows": 2645, "Actual Loops": 2536, "Index Cond": "(movie_id = t.id)"}]}]}]}, {"Node Type": "Bitmap Heap Scan", "Parent Relationship": "Inner", "Relation Name": "movie_companies", "Alias": "mc", "Startup Cost": 0.29, "Total Cost": 4.32, "Plan Rows": 2, "Plan Width": 12, "Actual Startup Time": 0.07, "Actual Total Time": 0.08, "Actual Rows": 33, "Actual Loops": 2, "Recheck Cond": "(movie_id = mi_idx.movie_id)", "Rows Removed by Index Recheck": 0, "Exact Heap Blocks": 4, "Lossy Heap Blocks": 4, "Plans": [{"Node Type": "Bitmap Index Scan", "Parent Relationship": "Outer", "Index Name": "movie_id_movie_companies", "Startup Cost": 0.0, "Total Cost": 0.29, "Plan Rows": 2, "Plan Width": 0, "Actual Startup Time": 0.033, "Actual Total Time": 0.033, "Actual Rows": 33, "Actual Loops": 2, "Index Cond": "(movie_id = mi_idx.movie_id)"}]}]}, {"Node Type": "Bitmap Heap Scan", "Parent Relationship": "Inner", "Relation Name": "movie_info", "Alias": "mi", "Startup Cost": 0.38, "Total Cost": 4.44, "Plan Rows": 5, "Plan Width": 50, "Actual Startup Time": 0.795, "Actual Total Time": 2.552, "Actual Rows": 4959, "Actual Loops": 33, "Recheck Cond": "(movie_id = mc.movie_id)", "Rows Removed by Index Recheck": 0, "Exact Heap Blocks": 710, "Lossy Heap Blocks": 710, "Plans": [{"Node Type": "Bitmap Index Scan", "Parent Relationship": "Outer", "Index Name": "movie_id_movie_info", "Startup Cost": 0.0, "Total Cost": 0.37, "Plan Rows": 5, "Plan Width": 0, "Actual Startup Time": 0.662, "Actual Total Time": 0.662, "Actual Rows": 4959, "Actual Loops": 33, "Index Cond": "(movie_id = mc.movie_id)"}]}]}]}, {"Node Type": "Bitmap Heap Scan", "Parent Relationship": "Inner", "Relation Name": "company_name", "Alias": "cn", "Startup Cost": 0.26, "Total Cost": 4.27, "Plan Rows": 1, "Plan Width": 4, "Actual Startup Time": 0.244, "Actual Total Time": 0.244, "Actual Rows": 10, "Actual Loops": 33, "Recheck Cond": "(id = mc.company_id)", "Rows Removed by Index Recheck": 0, "Filter": "((country_code)::text = '[us]'::text)", "Rows Removed by Filter": 23, "Exact Heap Blocks": 33, "Lossy Heap Blocks": 33, "Plans": [{"Node Type": "Bitmap Index Scan", "Parent Relationship": "Outer", "Index Name": "company_name_pkey", "Startup Cost": 0.0, "Total Cost": 0.26, "Plan Rows": 1, "Plan Width": 0, "Actual Startup Time": 0.137, "Actual Total Time": 0.137, "Actual Rows": 33, "Actual Loops": 33, "Index Cond": "(id = mc.company_id)"}]}]}, {"Node Type": "Materialize", "Parent Relationship": "Inner", "Startup Cost": 0.0, "Total Cost": 1.05, "Plan Rows": 2, "Plan Width": 4, "Actual Startup Time": 0.023, "Actual Total Time": 0.029, "Actual Rows": 10, "Actual Loops": 10, "Plans": [{"Node Type": "Seq Scan", "Parent Relationship": "Outer", "Relation Name": "company_type", "Alias": "ct", "Startup Cost": 0.0, "Total Cost": 1.04, "Plan Rows": 2, "Plan Width": 4, "Actual Startup Time": 0.013, "Actual Total Time": 0.018, "Actual Rows": 1, "Actual Loops": 1, "Filter": "((kind IS NOT NULL) AND (((kind)::text = 'production companies'::text) OR ((kind)::text = 'distributors'::text)))", "Rows Removed by Filter": 2}]}]}]}, "Triggers": [], "Planner Runtime": 89.734, "Total Runtime": 1368.646, "Unique SQL Id": 1682224415}}, "(1, 115)": {"explain_plan": {"Plan": {"Node Type": "Aggregate", "Strategy": "Plain", "Startup Cost": 1000012336498.63, "Total Cost": 1000012336498.64, "Plan Rows": 1, "Plan Width": 123, "Plans": [{"Node Type": "Nested Loop", "Parent Relationship": "Outer", "Join Type": "Inner", "Startup Cost": 10000000002.04, "Total Cost": 1000012336498.61, "Plan Rows": 4, "Plan Width": 59, "Inner Unique": true, "Plans": [{"Node Type": "Nested Loop", "Parent Relationship": "Outer", "Join Type": "Inner", "Startup Cost": 10000000001.78, "Total Cost": 1000012336438.65, "Plan Rows": 14, "Plan Width": 63, "Inner Unique": true, "Plans": [{"Node Type": "Nested Loop", "Parent Relationship": "Outer", "Join Type": "Inner", "Startup Cost": 10000000001.52, "Total Cost": 1000012336378.66, "Plan Rows": 14, "Plan Width": 67, "Inner Unique": true, "Plans": [{"Node Type": "Nested Loop", "Parent Relationship": "Outer", "Join Type": "Inner", "Startup Cost": 10000000001.26, "Total Cost": 1000012336100.24, "Plan Rows": 65, "Plan Width": 71, "Inner Unique": false, "Join Filter": "(t.id = mc.movie_id)", "Plans": [{"Node Type": "Nested Loop", "Parent Relationship": "Outer", "Join Type": "Inner", "Startup Cost": 10000000001.0, "Total Cost": 1000012335970.7, "Plan Rows": 30, "Plan Width": 75, "Inner Unique": true, "Plans": [{"Node Type": "Nested Loop", "Parent Relationship": "Outer", "Join Type": "Inner", "Startup Cost": 10000000000.74, "Total Cost": 1000012326904.12, "Plan Rows": 2117, "Plan Width": 79, "Inner Unique": false, "Join Filter": "(t.id = mi.movie_id)", "Plans": [{"Node Type": "Nested Loop", "Parent Relationship": "Outer", "Join Type": "Inner", "Startup Cost": 10000000000.28, "Total Cost": 1000012325091.05, "Plan Rows": 396, "Plan Width": 29, "Inner Unique": true, "Plans": [{"Node Type": "Index Scan", "Parent Relationship": "Outer", "Scan Direction": "Forward", "Index Name": "info_type_id_movie_info_idx", "Relation Name": "movie_info_idx", "Alias": "mi_idx", "Startup Cost": 10000000000.0, "Total Cost": 1000006370838.27, "Plan Rows": 1380034, "Plan Width": 8}, {"Node Type": "Bitmap Heap Scan", "Parent Relationship": "Inner", "Relation Name": "title", "Alias": "t", "Startup Cost": 0.28, "Total Cost": 4.3, "Plan Rows": 1, "Plan Width": 21, "Recheck Cond": "(id = mi_idx.movie_id)", "Filter": "((production_year > 2000) AND (((title)::text ~~ 'Birdemic%'::text) OR ((title)::text ~~ '%Movie%'::text)))", "Plans": [{"Node Type": "Bitmap Index Scan", "Parent Relationship": "Outer", "Index Name": "title_pkey", "Startup Cost": 0.0, "Total Cost": 0.28, "Plan Rows": 1, "Plan Width": 0, "Index Cond": "(id = mi_idx.movie_id)"}]}]}, {"Node Type": "Bitmap Heap Scan", "Parent Relationship": "Inner", "Relation Name": "movie_info", "Alias": "mi", "Startup Cost": 0.45, "Total Cost": 4.52, "Plan Rows": 5, "Plan Width": 50, "Recheck Cond": "(movie_id = mi_idx.movie_id)", "Plans": [{"Node Type": "Bitmap Index Scan", "Parent Relationship": "Outer", "Index Name": "movie_id_movie_info", "Startup Cost": 0.0, "Total Cost": 0.45, "Plan Rows": 5, "Plan Width": 0, "Index Cond": "(movie_id = mi_idx.movie_id)"}]}]}, {"Node Type": "Bitmap Heap Scan", "Parent Relationship": "Inner", "Relation Name": "info_type", "Alias": "it1", "Startup Cost": 0.26, "Total Cost": 4.27, "Plan Rows": 1, "Plan Width": 4, "Recheck Cond": "(id = mi.info_type_id)", "Filter": "((info)::text = 'budget'::text)", "Plans": [{"Node Type": "Bitmap Index Scan", "Parent Relationship": "Outer", "Index Name": "info_type_pkey", "Startup Cost": 0.0, "Total Cost": 0.26, "Plan Rows": 1, "Plan Width": 0, "Index Cond": "(id = mi.info_type_id)"}]}]}, {"Node Type": "Bitmap Heap Scan", "Parent Relationship": "Inner", "Relation Name": "movie_companies", "Alias": "mc", "Startup Cost": 0.27, "Total Cost": 4.29, "Plan Rows": 2, "Plan Width": 12, "Recheck Cond": "(movie_id = mi.movie_id)", "Plans": [{"Node Type": "Bitmap Index Scan", "Parent Relationship": "Outer", "Index Name": "movie_id_movie_companies", "Startup Cost": 0.0, "Total Cost": 0.27, "Plan Rows": 2, "Plan Width": 0, "Index Cond": "(movie_id = mi.movie_id)"}]}]}, {"Node Type": "Bitmap Heap Scan", "Parent Relationship": "Inner", "Relation Name": "company_name", "Alias": "cn", "Startup Cost": 0.26, "Total Cost": 4.27, "Plan Rows": 1, "Plan Width": 4, "Recheck Cond": "(id = mc.company_id)", "Filter": "((country_code)::text = '[us]'::text)", "Plans": [{"Node Type": "Bitmap Index Scan", "Parent Relationship": "Outer", "Index Name": "company_name_pkey", "Startup Cost": 0.0, "Total Cost": 0.26, "Plan Rows": 1, "Plan Width": 0, "Index Cond": "(id = mc.company_id)"}]}]}, {"Node Type": "Bitmap Heap Scan", "Parent Relationship": "Inner", "Relation Name": "company_type", "Alias": "ct", "Startup Cost": 0.26, "Total Cost": 4.28, "Plan Rows": 1, "Plan Width": 4, "Recheck Cond": "(id = mc.company_type_id)", "Filter": "((kind IS NOT NULL) AND (((kind)::text = 'production companies'::text) OR ((kind)::text = 'distributors'::text)))", "Plans": [{"Node Type": "Bitmap Index Scan", "Parent Relationship": "Outer", "Index Name": "company_type_pkey", "Startup Cost": 0.0, "Total Cost": 0.26, "Plan Rows": 1, "Plan Width": 0, "Index Cond": "(id = mc.company_type_id)"}]}]}, {"Node Type": "Bitmap Heap Scan", "Parent Relationship": "Inner", "Relation Name": "info_type", "Alias": "it2", "Startup Cost": 0.26, "Total Cost": 4.27, "Plan Rows": 1, "Plan Width": 4, "Recheck Cond": "(id = mi_idx.info_type_id)", "Filter": "((info)::text = 'bottom 10 rank'::text)", "Plans": [{"Node Type": "Bitmap Index Scan", "Parent Relationship": "Outer", "Index Name": "info_type_pkey", "Startup Cost": 0.0, "Total Cost": 0.26, "Plan Rows": 1, "Plan Width": 0, "Index Cond": "(id = mi_idx.info_type_id)"}]}]}]}, "Unique SQL Id": 1682224415}, "explain_analyze_plan": null}, "(1, 116)": {"explain_plan": {"Plan": {"Node Type": "Aggregate", "Strategy": "Plain", "Startup Cost": 81432.16, "Total Cost": 81432.17, "Plan Rows": 1, "Plan Width": 123, "Plans": [{"Node Type": "Nested Loop", "Parent Relationship": "Outer", "Join Type": "Inner", "Startup Cost": 0.0, "Total Cost": 81432.14, "Plan Rows": 4, "Plan Width": 59, "Inner Unique": true, "Plans": [{"Node Type": "Nested Loop", "Parent Relationship": "Outer", "Join Type": "Inner", "Startup Cost": 0.0, "Total Cost": 81431.0, "Plan Rows": 4, "Plan Width": 63, "Inner Unique": true, "Plans": [{"Node Type": "Nested Loop", "Parent Relationship": "Outer", "Join Type": "Inner", "Startup Cost": 0.0, "Total Cost": 81429.56, "Plan Rows": 5, "Plan Width": 67, "Inner Unique": false, "Join Filter": "(mi.info_type_id = it1.id)", "Plans": [{"Node Type": "Seq Scan", "Parent Relationship": "Outer", "Relation Name": "info_type", "Alias": "it1", "Startup Cost": 0.0, "Total Cost": 2.4, "Plan Rows": 1, "Plan Width": 4, "Filter": "((info)::text = 'budget'::text)"}, {"Node Type": "Nested Loop", "Parent Relationship": "Inner", "Join Type": "Inner", "Startup Cost": 0.0, "Total Cost": 81413.14, "Plan Rows": 1122, "Plan Width": 71, "Inner Unique": false, "Join Filter": "(t.id = mi.movie_id)", "Plans": [{"Node Type": "Nested Loop", "Parent Relationship": "Outer", "Join Type": "Inner", "Startup Cost": 0.0, "Total Cost": 81260.48, "Plan Rows": 210, "Plan Width": 37, "Inner Unique": false, "Join Filter": "(t.id = mc.movie_id)", "Plans": [{"Node Type": "Nested Loop", "Parent Relationship": "Outer", "Join Type": "Inner", "Startup Cost": 0.0, "Total Cost": 81139.71, "Plan Rows": 311, "Plan Width": 25, "Inner Unique": false, "Join Filter": "(mi_idx.info_type_id = it2.id)", "Plans": [{"Node Type": "Seq Scan", "Parent Relationship": "Outer", "Relation Name": "info_type", "Alias": "it2", "Startup Cost": 0.0, "Total Cost": 2.4, "Plan Rows": 1, "Plan Width": 4, "Filter": "((info)::text = 'bottom 10 rank'::text)"}, {"Node Type": "Nested Loop", "Parent Relationship": "Inner", "Join Type": "Inner", "Startup Cost": 0.0, "Total Cost": 81132.36, "Plan Rows": 396, "Plan Width": 29, "Inner Unique": false, "Plans": [{"Node Type": "Seq Scan", "Parent Relationship": "Outer", "Relation Name": "title", "Alias": "t", "Startup Cost": 0.0, "Total Cost": 79031.44, "Plan Rows": 258, "Plan Width": 21, "Filter": "((production_year > 2000) AND (((title)::text ~~ 'Birdemic%'::text) OR ((title)::text ~~ '%Movie%'::text)))"}, {"Node Type": "Index Scan", "Parent Relationship": "Inner", "Scan Direction": "Forward", "Index Name": "movie_id_movie_info_idx", "Relation Name": "movie_info_idx", "Alias": "mi_idx", "Startup Cost": 0.0, "Total Cost": 8.12, "Plan Rows": 2, "Plan Width": 8, "Index Cond": "(movie_id = t.id)"}]}]}, {"Node Type": "Index Scan", "Parent Relationship": "Inner", "Scan Direction": "Forward", "Index Name": "movie_id_movie_companies", "Relation Name": "movie_companies", "Alias": "mc", "Startup Cost": 0.0, "Total Cost": 0.36, "Plan Rows": 2, "Plan Width": 12, "Index Cond": "(movie_id = mi_idx.movie_id)"}]}, {"Node Type": "Index Scan", "Parent Relationship": "Inner", "Scan Direction": "Forward", "Index Name": "movie_id_movie_info", "Relation Name": "movie_info", "Alias": "mi", "Startup Cost": 0.0, "Total Cost": 0.66, "Plan Rows": 5, "Plan Width": 50, "Index Cond": "(movie_id = mc.movie_id)"}]}]}, {"Node Type": "Index Scan", "Parent Relationship": "Inner", "Scan Direction": "Forward", "Index Name": "company_name_pkey", "Relation Name": "company_name", "Alias": "cn", "Startup Cost": 0.0, "Total Cost": 0.28, "Plan Rows": 1, "Plan Width": 4, "Index Cond": "(id = mc.company_id)", "Filter": "((country_code)::text = '[us]'::text)"}]}, {"Node Type": "Index Scan", "Parent Relationship": "Inner", "Scan Direction": "Forward", "Index Name": "company_type_pkey", "Relation Name": "company_type", "Alias": "ct", "Startup Cost": 0.0, "Total Cost": 0.28, "Plan Rows": 1, "Plan Width": 4, "Index Cond": "(id = mc.company_type_id)", "Filter": "((kind IS NOT NULL) AND (((kind)::text = 'production companies'::text) OR ((kind)::text = 'distributors'::text)))"}]}]}, "Unique SQL Id": 1682224415}, "explain_analyze_plan": {"Plan": {"Node Type": "Aggregate", "Strategy": "Plain", "Startup Cost": 81432.16, "Total Cost": 81432.17, "Plan Rows": 1, "Plan Width": 123, "Actual Startup Time": 1371.266, "Actual Total Time": 1371.266, "Actual Rows": 1, "Actual Loops": 1, "Plans": [{"Node Type": "Nested Loop", "Parent Relationship": "Outer", "Join Type": "Inner", "Startup Cost": 0.0, "Total Cost": 81432.14, "Plan Rows": 4, "Plan Width": 59, "Actual Startup Time": 973.085, "Actual Total Time": 1371.203, "Actual Rows": 5, "Actual Loops": 1, "Inner Unique": true, "Plans": [{"Node Type": "Nested Loop", "Parent Relationship": "Outer", "Join Type": "Inner", "Startup Cost": 0.0, "Total Cost": 81431.0, "Plan Rows": 4, "Plan Width": 63, "Actual Startup Time": 972.828, "Actual Total Time": 1371.159, "Actual Rows": 10, "Actual Loops": 1, "Inner Unique": true, "Plans": [{"Node Type": "Nested Loop", "Parent Relationship": "Outer", "Join Type": "Inner", "Startup Cost": 0.0, "Total Cost": 81429.56, "Plan Rows": 5, "Plan Width": 67, "Actual Startup Time": 972.803, "Actual Total Time": 1370.929, "Actual Rows": 33, "Actual Loops": 1, "Inner Unique": false, "Join Filter": "(mi.info_type_id = it1.id)", "Rows Removed by Join Filter": 4926, "Plans": [{"Node Type": "Seq Scan", "Parent Relationship": "Outer", "Relation Name": "info_type", "Alias": "it1", "Startup Cost": 0.0, "Total Cost": 2.4, "Plan Rows": 1, "Plan Width": 4, "Actual Startup Time": 0.067, "Actual Total Time": 0.078, "Actual Rows": 1, "Actual Loops": 1, "Filter": "((info)::text = 'budget'::text)", "Rows Removed by Filter": 111}, {"Node Type": "Nested Loop", "Parent Relationship": "Inner", "Join Type": "Inner", "Startup Cost": 0.0, "Total Cost": 81413.14, "Plan Rows": 1122, "Plan Width": 71, "Actual Startup Time": 972.653, "Actual Total Time": 1369.917, "Actual Rows": 4959, "Actual Loops": 1, "Inner Unique": false, "Join Filter": "(t.id = mi.movie_id)", "Rows Removed by Join Filter": 0, "Plans": [{"Node Type": "Nested Loop", "Parent Relationship": "Outer", "Join Type": "Inner", "Startup Cost": 0.0, "Total Cost": 81260.48, "Plan Rows": 210, "Plan Width": 37, "Actual Startup Time": 972.576, "Actual Total Time": 1365.779, "Actual Rows": 33, "Actual Loops": 1, "Inner Unique": false, "Join Filter": "(t.id = mc.movie_id)", "Rows Removed by Join Filter": 0, "Plans": [{"Node Type": "Nested Loop", "Parent Relationship": "Outer", "Join Type": "Inner", "Startup Cost": 0.0, "Total Cost": 81139.71, "Plan Rows": 311, "Plan Width": 25, "Actual Startup Time": 972.451, "Actual Total Time": 1365.601, "Actual Rows": 2, "Actual Loops": 1, "Inner Unique": false, "Join Filter": "(mi_idx.info_type_id = it2.id)", "Rows Removed by Join Filter": 2643, "Plans": [{"Node Type": "Seq Scan", "Parent Relationship": "Outer", "Relation Name": "info_type", "Alias": "it2", "Startup Cost": 0.0, "Total Cost": 2.4, "Plan Rows": 1, "Plan Width": 4, "Actual Startup Time": 0.044, "Actual Total Time": 0.051, "Actual Rows": 1, "Actual Loops": 1, "Filter": "((info)::text = 'bottom 10 rank'::text)", "Rows Removed by Filter": 111}, {"Node Type": "Nested Loop", "Parent Relationship": "Inner", "Join Type": "Inner", "Startup Cost": 0.0, "Total Cost": 81132.36, "Plan Rows": 396, "Plan Width": 29, "Actual Startup Time": 13.969, "Actual Total Time": 1364.883, "Actual Rows": 2645, "Actual Loops": 1, "Inner Unique": false, "Plans": [{"Node Type": "Seq Scan", "Parent Relationship": "Outer", "Relation Name": "title", "Alias": "t", "Startup Cost": 0.0, "Total Cost": 79031.44, "Plan Rows": 258, "Plan Width": 21, "Actual Startup Time": 0.371, "Actual Total Time": 1349.84, "Actual Rows": 2536, "Actual Loops": 1, "Filter": "((production_year > 2000) AND (((title)::text ~~ 'Birdemic%'::text) OR ((title)::text ~~ '%Movie%'::text)))", "Rows Removed by Filter": 2525775}, {"Node Type": "Index Scan", "Parent Relationship": "Inner", "Scan Direction": "Forward", "Index Name": "movie_id_movie_info_idx", "Relation Name": "movie_info_idx", "Alias": "mi_idx", "Startup Cost": 0.0, "Total Cost": 8.12, "Plan Rows": 2, "Plan Width": 8, "Actual Startup Time": 11.624, "Actual Total Time": 12.638, "Actual Rows": 2645, "Actual Loops": 2536, "Index Cond": "(movie_id = t.id)", "Rows Removed by Index Recheck": 0}]}]}, {"Node Type": "Index Scan", "Parent Relationship": "Inner", "Scan Direction": "Forward", "Index Name": "movie_id_movie_companies", "Relation Name": "movie_companies", "Alias": "mc", "Startup Cost": 0.0, "Total Cost": 0.36, "Plan Rows": 2, "Plan Width": 12, "Actual Startup Time": 0.033, "Actual Total Time": 0.054, "Actual Rows": 33, "Actual Loops": 2, "Index Cond": "(movie_id = mi_idx.movie_id)", "Rows Removed by Index Recheck": 0}]}, {"Node Type": "Index Scan", "Parent Relationship": "Inner", "Scan Direction": "Forward", "Index Name": "movie_id_movie_info", "Relation Name": "movie_info", "Alias": "mi", "Startup Cost": 0.0, "Total Cost": 0.66, "Plan Rows": 5, "Plan Width": 50, "Actual Startup Time": 0.527, "Actual Total Time": 2.538, "Actual Rows": 4959, "Actual Loops": 33, "Index Cond": "(movie_id = mc.movie_id)", "Rows Removed by Index Recheck": 0}]}]}, {"Node Type": "Index Scan", "Parent Relationship": "Inner", "Scan Direction": "Forward", "Index Name": "company_name_pkey", "Relation Name": "company_name", "Alias": "cn", "Startup Cost": 0.0, "Total Cost": 0.28, "Plan Rows": 1, "Plan Width": 4, "Actual Startup Time": 0.2, "Actual Total Time": 0.2, "Actual Rows": 10, "Actual Loops": 33, "Index Cond": "(id = mc.company_id)", "Rows Removed by Index Recheck": 0, "Filter": "((country_code)::text = '[us]'::text)", "Rows Removed by Filter": 23}]}, {"Node Type": "Index Scan", "Parent Relationship": "Inner", "Scan Direction": "Forward", "Index Name": "company_type_pkey", "Relation Name": "company_type", "Alias": "ct", "Startup Cost": 0.0, "Total Cost": 0.28, "Plan Rows": 1, "Plan Width": 4, "Actual Startup Time": 0.026, "Actual Total Time": 0.026, "Actual Rows": 5, "Actual Loops": 10, "Index Cond": "(id = mc.company_type_id)", "Rows Removed by Index Recheck": 0, "Filter": "((kind IS NOT NULL) AND (((kind)::text = 'production companies'::text) OR ((kind)::text = 'distributors'::text)))", "Rows Removed by Filter": 0}]}]}, "Triggers": [], "Planner Runtime": 98.34, "Total Runtime": 1371.638, "Unique SQL Id": 1682224415}}, "(1, 117)": {"explain_plan": {"Plan": {"Node Type": "Aggregate", "Strategy": "Plain", "Startup Cost": 131508.15, "Total Cost": 131508.16, "Plan Rows": 1, "Plan Width": 123, "Plans": [{"Node Type": "Nested Loop", "Parent Relationship": "Outer", "Join Type": "Inner", "Startup Cost": 0.0, "Total Cost": 131508.13, "Plan Rows": 4, "Plan Width": 59, "Inner Unique": true, "Plans": [{"Node Type": "Nested Loop", "Parent Relationship": "Outer", "Join Type": "Inner", "Startup Cost": 0.0, "Total Cost": 131506.99, "Plan Rows": 4, "Plan Width": 63, "Inner Unique": true, "Plans": [{"Node Type": "Nested Loop", "Parent Relationship": "Outer", "Join Type": "Inner", "Startup Cost": 0.0, "Total Cost": 131505.55, "Plan Rows": 5, "Plan Width": 67, "Inner Unique": false, "Join Filter": "(mi.info_type_id = it1.id)", "Plans": [{"Node Type": "Index Scan", "Parent Relationship": "Outer", "Scan Direction": "Forward", "Index Name": "info_type_pkey", "Relation Name": "info_type", "Alias": "it1", "Startup Cost": 0.0, "Total Cost": 14.21, "Plan Rows": 1, "Plan Width": 4, "Filter": "((info)::text = 'budget'::text)"}, {"Node Type": "Nested Loop", "Parent Relationship": "Inner", "Join Type": "Inner", "Startup Cost": 0.0, "Total Cost": 131477.32, "Plan Rows": 1122, "Plan Width": 71, "Inner Unique": false, "Join Filter": "(t.id = mi.movie_id)", "Plans": [{"Node Type": "Nested Loop", "Parent Relationship": "Outer", "Join Type": "Inner", "Startup Cost": 0.0, "Total Cost": 131324.66, "Plan Rows": 210, "Plan Width": 37, "Inner Unique": false, "Join Filter": "(t.id = mc.movie_id)", "Plans": [{"Node Type": "Nested Loop", "Parent Relationship": "Outer", "Join Type": "Inner", "Startup Cost": 0.0, "Total Cost": 131203.89, "Plan Rows": 311, "Plan Width": 25, "Inner Unique": true, "Join Filter": "(mi_idx.info_type_id = it2.id)", "Plans": [{"Node Type": "Nested Loop", "Parent Relationship": "Outer", "Join Type": "Inner", "Startup Cost": 0.0, "Total Cost": 131183.74, "Plan Rows": 396, "Plan Width": 29, "Inner Unique": false, "Plans": [{"Node Type": "Index Scan", "Parent Relationship": "Outer", "Scan Direction": "Forward", "Index Name": "title_pkey", "Relation Name": "title", "Alias": "t", "Startup Cost": 0.0, "Total Cost": 129082.82, "Plan Rows": 258, "Plan Width": 21, "Filter": "((production_year > 2000) AND (((title)::text ~~ 'Birdemic%'::text) OR ((title)::text ~~ '%Movie%'::text)))"}, {"Node Type": "Index Scan", "Parent Relationship": "Inner", "Scan Direction": "Forward", "Index Name": "movie_id_movie_info_idx", "Relation Name": "movie_info_idx", "Alias": "mi_idx", "Startup Cost": 0.0, "Total Cost": 8.12, "Plan Rows": 2, "Plan Width": 8, "Index Cond": "(movie_id = t.id)"}]}, {"Node Type": "Materialize", "Parent Relationship": "Inner", "Startup Cost": 0.0, "Total Cost": 14.22, "Plan Rows": 1, "Plan Width": 4, "Plans": [{"Node Type": "Index Scan", "Parent Relationship": "Outer", "Scan Direction": "Forward", "Index Name": "info_type_pkey", "Relation Name": "info_type", "Alias": "it2", "Startup Cost": 0.0, "Total Cost": 14.21, "Plan Rows": 1, "Plan Width": 4, "Filter": "((info)::text = 'bottom 10 rank'::text)"}]}]}, {"Node Type": "Index Scan", "Parent Relationship": "Inner", "Scan Direction": "Forward", "Index Name": "movie_id_movie_companies", "Relation Name": "movie_companies", "Alias": "mc", "Startup Cost": 0.0, "Total Cost": 0.36, "Plan Rows": 2, "Plan Width": 12, "Index Cond": "(movie_id = mi_idx.movie_id)"}]}, {"Node Type": "Index Scan", "Parent Relationship": "Inner", "Scan Direction": "Forward", "Index Name": "movie_id_movie_info", "Relation Name": "movie_info", "Alias": "mi", "Startup Cost": 0.0, "Total Cost": 0.66, "Plan Rows": 5, "Plan Width": 50, "Index Cond": "(movie_id = mc.movie_id)"}]}]}, {"Node Type": "Index Scan", "Parent Relationship": "Inner", "Scan Direction": "Forward", "Index Name": "company_name_pkey", "Relation Name": "company_name", "Alias": "cn", "Startup Cost": 0.0, "Total Cost": 0.28, "Plan Rows": 1, "Plan Width": 4, "Index Cond": "(id = mc.company_id)", "Filter": "((country_code)::text = '[us]'::text)"}]}, {"Node Type": "Index Scan", "Parent Relationship": "Inner", "Scan Direction": "Forward", "Index Name": "company_type_pkey", "Relation Name": "company_type", "Alias": "ct", "Startup Cost": 0.0, "Total Cost": 0.28, "Plan Rows": 1, "Plan Width": 4, "Index Cond": "(id = mc.company_type_id)", "Filter": "((kind IS NOT NULL) AND (((kind)::text = 'production companies'::text) OR ((kind)::text = 'distributors'::text)))"}]}]}, "Unique SQL Id": 1682224415}, "explain_analyze_plan": null}, "(1, 118)": {"explain_plan": {"Plan": {"Node Type": "Aggregate", "Strategy": "Plain", "Startup Cost": 84498.66, "Total Cost": 84498.67, "Plan Rows": 1, "Plan Width": 123, "Plans": [{"Node Type": "Nested Loop", "Parent Relationship": "Outer", "Join Type": "Inner", "Startup Cost": 5.1, "Total Cost": 84498.64, "Plan Rows": 4, "Plan Width": 59, "Inner Unique": true, "Join Filter": "(mc.company_type_id = ct.id)", "Plans": [{"Node Type": "Nested Loop", "Parent Relationship": "Outer", "Join Type": "Inner", "Startup Cost": 5.1, "Total Cost": 84497.47, "Plan Rows": 4, "Plan Width": 63, "Inner Unique": true, "Plans": [{"Node Type": "Nested Loop", "Parent Relationship": "Outer", "Join Type": "Inner", "Startup Cost": 4.84, "Total Cost": 84476.05, "Plan Rows": 5, "Plan Width": 67, "Inner Unique": false, "Join Filter": "(mi.info_type_id = it1.id)", "Plans": [{"Node Type": "Seq Scan", "Parent Relationship": "Outer", "Relation Name": "info_type", "Alias": "it1", "Startup Cost": 0.0, "Total Cost": 2.4, "Plan Rows": 1, "Plan Width": 4, "Filter": "((info)::text = 'budget'::text)"}, {"Node Type": "Nested Loop", "Parent Relationship": "Inner", "Join Type": "Inner", "Startup Cost": 4.84, "Total Cost": 84459.62, "Plan Rows": 1122, "Plan Width": 71, "Inner Unique": false, "Join Filter": "(t.id = mi.movie_id)", "Plans": [{"Node Type": "Nested Loop", "Parent Relationship": "Outer", "Join Type": "Inner", "Startup Cost": 4.47, "Total Cost": 83514.44, "Plan Rows": 210, "Plan Width": 37, "Inner Unique": false, "Join Filter": "(t.id = mc.movie_id)", "Plans": [{"Node Type": "Nested Loop", "Parent Relationship": "Outer", "Join Type": "Inner", "Startup Cost": 4.17, "Total Cost": 82163.69, "Plan Rows": 311, "Plan Width": 25, "Inner Unique": false, "Join Filter": "(mi_idx.info_type_id = it2.id)", "Plans": [{"Node Type": "Seq Scan", "Parent Relationship": "Outer", "Relation Name": "info_type", "Alias": "it2", "Startup Cost": 0.0, "Total Cost": 2.4, "Plan Rows": 1, "Plan Width": 4, "Filter": "((info)::text = 'bottom 10 rank'::text)"}, {"Node Type": "Nested Loop", "Parent Relationship": "Inner", "Join Type": "Inner", "Startup Cost": 4.17, "Total Cost": 82156.34, "Plan Rows": 396, "Plan Width": 29, "Inner Unique": false, "Plans": [{"Node Type": "Seq Scan", "Parent Relationship": "Outer", "Relation Name": "title", "Alias": "t", "Startup Cost": 0.0, "Total Cost": 79031.44, "Plan Rows": 258, "Plan Width": 21, "Filter": "((production_year > 2000) AND (((title)::text ~~ 'Birdemic%'::text) OR ((title)::text ~~ '%Movie%'::text)))"}, {"Node Type": "Bitmap Heap Scan", "Parent Relationship": "Inner", "Relation Name": "movie_info_idx", "Alias": "mi_idx", "Startup Cost": 4.17, "Total Cost": 12.09, "Plan Rows": 2, "Plan Width": 8, "Recheck Cond": "(movie_id = t.id)", "Plans": [{"Node Type": "Bitmap Index Scan", "Parent Relationship": "Outer", "Index Name": "movie_id_movie_info_idx", "Startup Cost": 0.0, "Total Cost": 4.17, "Plan Rows": 2, "Plan Width": 0, "Index Cond": "(movie_id = t.id)"}]}]}]}, {"Node Type": "Bitmap Heap Scan", "Parent Relationship": "Inner", "Relation Name": "movie_companies", "Alias": "mc", "Startup Cost": 0.29, "Total Cost": 4.32, "Plan Rows": 2, "Plan Width": 12, "Recheck Cond": "(movie_id = mi_idx.movie_id)", "Plans": [{"Node Type": "Bitmap Index Scan", "Parent Relationship": "Outer", "Index Name": "movie_id_movie_companies", "Startup Cost": 0.0, "Total Cost": 0.29, "Plan Rows": 2, "Plan Width": 0, "Index Cond": "(movie_id = mi_idx.movie_id)"}]}]}, {"Node Type": "Bitmap Heap Scan", "Parent Relationship": "Inner", "Relation Name": "movie_info", "Alias": "mi", "Startup Cost": 0.38, "Total Cost": 4.44, "Plan Rows": 5, "Plan Width": 50, "Recheck Cond": "(movie_id = mc.movie_id)", "Plans": [{"Node Type": "Bitmap Index Scan", "Parent Relationship": "Outer", "Index Name": "movie_id_movie_info", "Startup Cost": 0.0, "Total Cost": 0.37, "Plan Rows": 5, "Plan Width": 0, "Index Cond": "(movie_id = mc.movie_id)"}]}]}]}, {"Node Type": "Bitmap Heap Scan", "Parent Relationship": "Inner", "Relation Name": "company_name", "Alias": "cn", "Startup Cost": 0.26, "Total Cost": 4.27, "Plan Rows": 1, "Plan Width": 4, "Recheck Cond": "(id = mc.company_id)", "Filter": "((country_code)::text = '[us]'::text)", "Plans": [{"Node Type": "Bitmap Index Scan", "Parent Relationship": "Outer", "Index Name": "company_name_pkey", "Startup Cost": 0.0, "Total Cost": 0.26, "Plan Rows": 1, "Plan Width": 0, "Index Cond": "(id = mc.company_id)"}]}]}, {"Node Type": "Materialize", "Parent Relationship": "Inner", "Startup Cost": 0.0, "Total Cost": 1.05, "Plan Rows": 2, "Plan Width": 4, "Plans": [{"Node Type": "Seq Scan", "Parent Relationship": "Outer", "Relation Name": "company_type", "Alias": "ct", "Startup Cost": 0.0, "Total Cost": 1.04, "Plan Rows": 2, "Plan Width": 4, "Filter": "((kind IS NOT NULL) AND (((kind)::text = 'production companies'::text) OR ((kind)::text = 'distributors'::text)))"}]}]}]}, "Unique SQL Id": 1682224415}, "explain_analyze_plan": {"Plan": {"Node Type": "Aggregate", "Strategy": "Plain", "Startup Cost": 84498.66, "Total Cost": 84498.67, "Plan Rows": 1, "Plan Width": 123, "Actual Startup Time": 1368.298, "Actual Total Time": 1368.299, "Actual Rows": 1, "Actual Loops": 1, "Plans": [{"Node Type": "Nested Loop", "Parent Relationship": "Outer", "Join Type": "Inner", "Startup Cost": 5.1, "Total Cost": 84498.64, "Plan Rows": 4, "Plan Width": 59, "Actual Startup Time": 967.173, "Actual Total Time": 1368.24, "Actual Rows": 5, "Actual Loops": 1, "Inner Unique": true, "Join Filter": "(mc.company_type_id = ct.id)", "Rows Removed by Join Filter": 5, "Plans": [{"Node Type": "Nested Loop", "Parent Relationship": "Outer", "Join Type": "Inner", "Startup Cost": 5.1, "Total Cost": 84497.47, "Plan Rows": 4, "Plan Width": 63, "Actual Startup Time": 966.883, "Actual Total Time": 1368.195, "Actual Rows": 10, "Actual Loops": 1, "Inner Unique": true, "Plans": [{"Node Type": "Nested Loop", "Parent Relationship": "Outer", "Join Type": "Inner", "Startup Cost": 4.84, "Total Cost": 84476.05, "Plan Rows": 5, "Plan Width": 67, "Actual Startup Time": 966.856, "Actual Total Time": 1367.898, "Actual Rows": 33, "Actual Loops": 1, "Inner Unique": false, "Join Filter": "(mi.info_type_id = it1.id)", "Rows Removed by Join Filter": 4926, "Plans": [{"Node Type": "Seq Scan", "Parent Relationship": "Outer", "Relation Name": "info_type", "Alias": "it1", "Startup Cost": 0.0, "Total Cost": 2.4, "Plan Rows": 1, "Plan Width": 4, "Actual Startup Time": 0.055, "Actual Total Time": 0.062, "Actual Rows": 1, "Actual Loops": 1, "Filter": "((info)::text = 'budget'::text)", "Rows Removed by Filter": 111}, {"Node Type": "Nested Loop", "Parent Relationship": "Inner", "Join Type": "Inner", "Startup Cost": 4.84, "Total Cost": 84459.62, "Plan Rows": 1122, "Plan Width": 71, "Actual Startup Time": 966.73, "Actual Total Time": 1366.883, "Actual Rows": 4959, "Actual Loops": 1, "Inner Unique": false, "Join Filter": "(t.id = mi.movie_id)", "Rows Removed by Join Filter": 0, "Plans": [{"Node Type": "Nested Loop", "Parent Relationship": "Outer", "Join Type": "Inner", "Startup Cost": 4.47, "Total Cost": 83514.44, "Plan Rows": 210, "Plan Width": 37, "Actual Startup Time": 966.675, "Actual Total Time": 1362.7, "Actual Rows": 33, "Actual Loops": 1, "Inner Unique": false, "Join Filter": "(t.id = mc.movie_id)", "Rows Removed by Join Filter": 0, "Plans": [{"Node Type": "Nested Loop", "Parent Relationship": "Outer", "Join Type": "Inner", "Startup Cost": 4.17, "Total Cost": 82163.69, "Plan Rows": 311, "Plan Width": 25, "Actual Startup Time": 966.598, "Actual Total Time": 1362.569, "Actual Rows": 2, "Actual Loops": 1, "Inner Unique": false, "Join Filter": "(mi_idx.info_type_id = it2.id)", "Rows Removed by Join Filter": 2643, "Plans": [{"Node Type": "Seq Scan", "Parent Relationship": "Outer", "Relation Name": "info_type", "Alias": "it2", "Startup Cost": 0.0, "Total Cost": 2.4, "Plan Rows": 1, "Plan Width": 4, "Actual Startup Time": 0.041, "Actual Total Time": 0.046, "Actual Rows": 1, "Actual Loops": 1, "Filter": "((info)::text = 'bottom 10 rank'::text)", "Rows Removed by Filter": 111}, {"Node Type": "Nested Loop", "Parent Relationship": "Inner", "Join Type": "Inner", "Startup Cost": 4.17, "Total Cost": 82156.34, "Plan Rows": 396, "Plan Width": 29, "Actual Startup Time": 14.116, "Actual Total Time": 1361.789, "Actual Rows": 2645, "Actual Loops": 1, "Inner Unique": false, "Plans": [{"Node Type": "Seq Scan", "Parent Relationship": "Outer", "Relation Name": "title", "Alias": "t", "Startup Cost": 0.0, "Total Cost": 79031.44, "Plan Rows": 258, "Plan Width": 21, "Actual Startup Time": 0.372, "Actual Total Time": 1341.772, "Actual Rows": 2536, "Actual Loops": 1, "Filter": "((production_year > 2000) AND (((title)::text ~~ 'Birdemic%'::text) OR ((title)::text ~~ '%Movie%'::text)))", "Rows Removed by Filter": 2525775}, {"Node Type": "Bitmap Heap Scan", "Parent Relationship": "Inner", "Relation Name": "movie_info_idx", "Alias": "mi_idx", "Startup Cost": 4.17, "Total Cost": 12.09, "Plan Rows": 2, "Plan Width": 8, "Actual Startup Time": 14.961, "Actual Total Time": 15.336, "Actual Rows": 2645, "Actual Loops": 2536, "Recheck Cond": "(movie_id = t.id)", "Rows Removed by Index Recheck": 0, "Exact Heap Blocks": 890, "Lossy Heap Blocks": 890, "Plans": [{"Node Type": "Bitmap Index Scan", "Parent Relationship": "Outer", "Index Name": "movie_id_movie_info_idx", "Startup Cost": 0.0, "Total Cost": 4.17, "Plan Rows": 2, "Plan Width": 0, "Actual Startup Time": 10.951, "Actual Total Time": 10.951, "Actual Rows": 2645, "Actual Loops": 2536, "Index Cond": "(movie_id = t.id)"}]}]}]}, {"Node Type": "Bitmap Heap Scan", "Parent Relationship": "Inner", "Relation Name": "movie_companies", "Alias": "mc", "Startup Cost": 0.29, "Total Cost": 4.32, "Plan Rows": 2, "Plan Width": 12, "Actual Startup Time": 0.07, "Actual Total Time": 0.08, "Actual Rows": 33, "Actual Loops": 2, "Recheck Cond": "(movie_id = mi_idx.movie_id)", "Rows Removed by Index Recheck": 0, "Exact Heap Blocks": 4, "Lossy Heap Blocks": 4, "Plans": [{"Node Type": "Bitmap Index Scan", "Parent Relationship": "Outer", "Index Name": "movie_id_movie_companies", "Startup Cost": 0.0, "Total Cost": 0.29, "Plan Rows": 2, "Plan Width": 0, "Actual Startup Time": 0.033, "Actual Total Time": 0.033, "Actual Rows": 33, "Actual Loops": 2, "Index Cond": "(movie_id = mi_idx.movie_id)"}]}]}, {"Node Type": "Bitmap Heap Scan", "Parent Relationship": "Inner", "Relation Name": "movie_info", "Alias": "mi", "Startup Cost": 0.38, "Total Cost": 4.44, "Plan Rows": 5, "Plan Width": 50, "Actual Startup Time": 0.795, "Actual Total Time": 2.552, "Actual Rows": 4959, "Actual Loops": 33, "Recheck Cond": "(movie_id = mc.movie_id)", "Rows Removed by Index Recheck": 0, "Exact Heap Blocks": 710, "Lossy Heap Blocks": 710, "Plans": [{"Node Type": "Bitmap Index Scan", "Parent Relationship": "Outer", "Index Name": "movie_id_movie_info", "Startup Cost": 0.0, "Total Cost": 0.37, "Plan Rows": 5, "Plan Width": 0, "Actual Startup Time": 0.662, "Actual Total Time": 0.662, "Actual Rows": 4959, "Actual Loops": 33, "Index Cond": "(movie_id = mc.movie_id)"}]}]}]}, {"Node Type": "Bitmap Heap Scan", "Parent Relationship": "Inner", "Relation Name": "company_name", "Alias": "cn", "Startup Cost": 0.26, "Total Cost": 4.27, "Plan Rows": 1, "Plan Width": 4, "Actual Startup Time": 0.244, "Actual Total Time": 0.244, "Actual Rows": 10, "Actual Loops": 33, "Recheck Cond": "(id = mc.company_id)", "Rows Removed by Index Recheck": 0, "Filter": "((country_code)::text = '[us]'::text)", "Rows Removed by Filter": 23, "Exact Heap Blocks": 33, "Lossy Heap Blocks": 33, "Plans": [{"Node Type": "Bitmap Index Scan", "Parent Relationship": "Outer", "Index Name": "company_name_pkey", "Startup Cost": 0.0, "Total Cost": 0.26, "Plan Rows": 1, "Plan Width": 0, "Actual Startup Time": 0.137, "Actual Total Time": 0.137, "Actual Rows": 33, "Actual Loops": 33, "Index Cond": "(id = mc.company_id)"}]}]}, {"Node Type": "Materialize", "Parent Relationship": "Inner", "Startup Cost": 0.0, "Total Cost": 1.05, "Plan Rows": 2, "Plan Width": 4, "Actual Startup Time": 0.023, "Actual Total Time": 0.029, "Actual Rows": 10, "Actual Loops": 10, "Plans": [{"Node Type": "Seq Scan", "Parent Relationship": "Outer", "Relation Name": "company_type", "Alias": "ct", "Startup Cost": 0.0, "Total Cost": 1.04, "Plan Rows": 2, "Plan Width": 4, "Actual Startup Time": 0.013, "Actual Total Time": 0.018, "Actual Rows": 1, "Actual Loops": 1, "Filter": "((kind IS NOT NULL) AND (((kind)::text = 'production companies'::text) OR ((kind)::text = 'distributors'::text)))", "Rows Removed by Filter": 2}]}]}]}, "Triggers": [], "Planner Runtime": 89.734, "Total Runtime": 1368.646, "Unique SQL Id": 1682224415}}, "(1, 119)": {"explain_plan": {"Plan": {"Node Type": "Aggregate", "Strategy": "Plain", "Startup Cost": 1000012336498.63, "Total Cost": 1000012336498.64, "Plan Rows": 1, "Plan Width": 123, "Plans": [{"Node Type": "Nested Loop", "Parent Relationship": "Outer", "Join Type": "Inner", "Startup Cost": 10000000002.04, "Total Cost": 1000012336498.61, "Plan Rows": 4, "Plan Width": 59, "Inner Unique": true, "Plans": [{"Node Type": "Nested Loop", "Parent Relationship": "Outer", "Join Type": "Inner", "Startup Cost": 10000000001.78, "Total Cost": 1000012336438.65, "Plan Rows": 14, "Plan Width": 63, "Inner Unique": true, "Plans": [{"Node Type": "Nested Loop", "Parent Relationship": "Outer", "Join Type": "Inner", "Startup Cost": 10000000001.52, "Total Cost": 1000012336378.66, "Plan Rows": 14, "Plan Width": 67, "Inner Unique": true, "Plans": [{"Node Type": "Nested Loop", "Parent Relationship": "Outer", "Join Type": "Inner", "Startup Cost": 10000000001.26, "Total Cost": 1000012336100.24, "Plan Rows": 65, "Plan Width": 71, "Inner Unique": false, "Join Filter": "(t.id = mc.movie_id)", "Plans": [{"Node Type": "Nested Loop", "Parent Relationship": "Outer", "Join Type": "Inner", "Startup Cost": 10000000001.0, "Total Cost": 1000012335970.7, "Plan Rows": 30, "Plan Width": 75, "Inner Unique": true, "Plans": [{"Node Type": "Nested Loop", "Parent Relationship": "Outer", "Join Type": "Inner", "Startup Cost": 10000000000.74, "Total Cost": 1000012326904.12, "Plan Rows": 2117, "Plan Width": 79, "Inner Unique": false, "Join Filter": "(t.id = mi.movie_id)", "Plans": [{"Node Type": "Nested Loop", "Parent Relationship": "Outer", "Join Type": "Inner", "Startup Cost": 10000000000.28, "Total Cost": 1000012325091.05, "Plan Rows": 396, "Plan Width": 29, "Inner Unique": true, "Plans": [{"Node Type": "Index Scan", "Parent Relationship": "Outer", "Scan Direction": "Forward", "Index Name": "info_type_id_movie_info_idx", "Relation Name": "movie_info_idx", "Alias": "mi_idx", "Startup Cost": 10000000000.0, "Total Cost": 1000006370838.27, "Plan Rows": 1380034, "Plan Width": 8}, {"Node Type": "Bitmap Heap Scan", "Parent Relationship": "Inner", "Relation Name": "title", "Alias": "t", "Startup Cost": 0.28, "Total Cost": 4.3, "Plan Rows": 1, "Plan Width": 21, "Recheck Cond": "(id = mi_idx.movie_id)", "Filter": "((production_year > 2000) AND (((title)::text ~~ 'Birdemic%'::text) OR ((title)::text ~~ '%Movie%'::text)))", "Plans": [{"Node Type": "Bitmap Index Scan", "Parent Relationship": "Outer", "Index Name": "title_pkey", "Startup Cost": 0.0, "Total Cost": 0.28, "Plan Rows": 1, "Plan Width": 0, "Index Cond": "(id = mi_idx.movie_id)"}]}]}, {"Node Type": "Bitmap Heap Scan", "Parent Relationship": "Inner", "Relation Name": "movie_info", "Alias": "mi", "Startup Cost": 0.45, "Total Cost": 4.52, "Plan Rows": 5, "Plan Width": 50, "Recheck Cond": "(movie_id = mi_idx.movie_id)", "Plans": [{"Node Type": "Bitmap Index Scan", "Parent Relationship": "Outer", "Index Name": "movie_id_movie_info", "Startup Cost": 0.0, "Total Cost": 0.45, "Plan Rows": 5, "Plan Width": 0, "Index Cond": "(movie_id = mi_idx.movie_id)"}]}]}, {"Node Type": "Bitmap Heap Scan", "Parent Relationship": "Inner", "Relation Name": "info_type", "Alias": "it1", "Startup Cost": 0.26, "Total Cost": 4.27, "Plan Rows": 1, "Plan Width": 4, "Recheck Cond": "(id = mi.info_type_id)", "Filter": "((info)::text = 'budget'::text)", "Plans": [{"Node Type": "Bitmap Index Scan", "Parent Relationship": "Outer", "Index Name": "info_type_pkey", "Startup Cost": 0.0, "Total Cost": 0.26, "Plan Rows": 1, "Plan Width": 0, "Index Cond": "(id = mi.info_type_id)"}]}]}, {"Node Type": "Bitmap Heap Scan", "Parent Relationship": "Inner", "Relation Name": "movie_companies", "Alias": "mc", "Startup Cost": 0.27, "Total Cost": 4.29, "Plan Rows": 2, "Plan Width": 12, "Recheck Cond": "(movie_id = mi.movie_id)", "Plans": [{"Node Type": "Bitmap Index Scan", "Parent Relationship": "Outer", "Index Name": "movie_id_movie_companies", "Startup Cost": 0.0, "Total Cost": 0.27, "Plan Rows": 2, "Plan Width": 0, "Index Cond": "(movie_id = mi.movie_id)"}]}]}, {"Node Type": "Bitmap Heap Scan", "Parent Relationship": "Inner", "Relation Name": "company_name", "Alias": "cn", "Startup Cost": 0.26, "Total Cost": 4.27, "Plan Rows": 1, "Plan Width": 4, "Recheck Cond": "(id = mc.company_id)", "Filter": "((country_code)::text = '[us]'::text)", "Plans": [{"Node Type": "Bitmap Index Scan", "Parent Relationship": "Outer", "Index Name": "company_name_pkey", "Startup Cost": 0.0, "Total Cost": 0.26, "Plan Rows": 1, "Plan Width": 0, "Index Cond": "(id = mc.company_id)"}]}]}, {"Node Type": "Bitmap Heap Scan", "Parent Relationship": "Inner", "Relation Name": "company_type", "Alias": "ct", "Startup Cost": 0.26, "Total Cost": 4.28, "Plan Rows": 1, "Plan Width": 4, "Recheck Cond": "(id = mc.company_type_id)", "Filter": "((kind IS NOT NULL) AND (((kind)::text = 'production companies'::text) OR ((kind)::text = 'distributors'::text)))", "Plans": [{"Node Type": "Bitmap Index Scan", "Parent Relationship": "Outer", "Index Name": "company_type_pkey", "Startup Cost": 0.0, "Total Cost": 0.26, "Plan Rows": 1, "Plan Width": 0, "Index Cond": "(id = mc.company_type_id)"}]}]}, {"Node Type": "Bitmap Heap Scan", "Parent Relationship": "Inner", "Relation Name": "info_type", "Alias": "it2", "Startup Cost": 0.26, "Total Cost": 4.27, "Plan Rows": 1, "Plan Width": 4, "Recheck Cond": "(id = mi_idx.info_type_id)", "Filter": "((info)::text = 'bottom 10 rank'::text)", "Plans": [{"Node Type": "Bitmap Index Scan", "Parent Relationship": "Outer", "Index Name": "info_type_pkey", "Startup Cost": 0.0, "Total Cost": 0.26, "Plan Rows": 1, "Plan Width": 0, "Index Cond": "(id = mi_idx.info_type_id)"}]}]}]}, "Unique SQL Id": 1682224415}, "explain_analyze_plan": null}, "(1, 120)": {"explain_plan": {"Plan": {"Node Type": "Aggregate", "Strategy": "Plain", "Startup Cost": 81432.16, "Total Cost": 81432.17, "Plan Rows": 1, "Plan Width": 123, "Plans": [{"Node Type": "Nested Loop", "Parent Relationship": "Outer", "Join Type": "Inner", "Startup Cost": 0.0, "Total Cost": 81432.14, "Plan Rows": 4, "Plan Width": 59, "Inner Unique": true, "Plans": [{"Node Type": "Nested Loop", "Parent Relationship": "Outer", "Join Type": "Inner", "Startup Cost": 0.0, "Total Cost": 81431.0, "Plan Rows": 4, "Plan Width": 63, "Inner Unique": true, "Plans": [{"Node Type": "Nested Loop", "Parent Relationship": "Outer", "Join Type": "Inner", "Startup Cost": 0.0, "Total Cost": 81429.56, "Plan Rows": 5, "Plan Width": 67, "Inner Unique": false, "Join Filter": "(mi.info_type_id = it1.id)", "Plans": [{"Node Type": "Seq Scan", "Parent Relationship": "Outer", "Relation Name": "info_type", "Alias": "it1", "Startup Cost": 0.0, "Total Cost": 2.4, "Plan Rows": 1, "Plan Width": 4, "Filter": "((info)::text = 'budget'::text)"}, {"Node Type": "Nested Loop", "Parent Relationship": "Inner", "Join Type": "Inner", "Startup Cost": 0.0, "Total Cost": 81413.14, "Plan Rows": 1122, "Plan Width": 71, "Inner Unique": false, "Join Filter": "(t.id = mi.movie_id)", "Plans": [{"Node Type": "Nested Loop", "Parent Relationship": "Outer", "Join Type": "Inner", "Startup Cost": 0.0, "Total Cost": 81260.48, "Plan Rows": 210, "Plan Width": 37, "Inner Unique": false, "Join Filter": "(t.id = mc.movie_id)", "Plans": [{"Node Type": "Nested Loop", "Parent Relationship": "Outer", "Join Type": "Inner", "Startup Cost": 0.0, "Total Cost": 81139.71, "Plan Rows": 311, "Plan Width": 25, "Inner Unique": false, "Join Filter": "(mi_idx.info_type_id = it2.id)", "Plans": [{"Node Type": "Seq Scan", "Parent Relationship": "Outer", "Relation Name": "info_type", "Alias": "it2", "Startup Cost": 0.0, "Total Cost": 2.4, "Plan Rows": 1, "Plan Width": 4, "Filter": "((info)::text = 'bottom 10 rank'::text)"}, {"Node Type": "Nested Loop", "Parent Relationship": "Inner", "Join Type": "Inner", "Startup Cost": 0.0, "Total Cost": 81132.36, "Plan Rows": 396, "Plan Width": 29, "Inner Unique": false, "Plans": [{"Node Type": "Seq Scan", "Parent Relationship": "Outer", "Relation Name": "title", "Alias": "t", "Startup Cost": 0.0, "Total Cost": 79031.44, "Plan Rows": 258, "Plan Width": 21, "Filter": "((production_year > 2000) AND (((title)::text ~~ 'Birdemic%'::text) OR ((title)::text ~~ '%Movie%'::text)))"}, {"Node Type": "Index Scan", "Parent Relationship": "Inner", "Scan Direction": "Forward", "Index Name": "movie_id_movie_info_idx", "Relation Name": "movie_info_idx", "Alias": "mi_idx", "Startup Cost": 0.0, "Total Cost": 8.12, "Plan Rows": 2, "Plan Width": 8, "Index Cond": "(movie_id = t.id)"}]}]}, {"Node Type": "Index Scan", "Parent Relationship": "Inner", "Scan Direction": "Forward", "Index Name": "movie_id_movie_companies", "Relation Name": "movie_companies", "Alias": "mc", "Startup Cost": 0.0, "Total Cost": 0.36, "Plan Rows": 2, "Plan Width": 12, "Index Cond": "(movie_id = mi_idx.movie_id)"}]}, {"Node Type": "Index Scan", "Parent Relationship": "Inner", "Scan Direction": "Forward", "Index Name": "movie_id_movie_info", "Relation Name": "movie_info", "Alias": "mi", "Startup Cost": 0.0, "Total Cost": 0.66, "Plan Rows": 5, "Plan Width": 50, "Index Cond": "(movie_id = mc.movie_id)"}]}]}, {"Node Type": "Index Scan", "Parent Relationship": "Inner", "Scan Direction": "Forward", "Index Name": "company_name_pkey", "Relation Name": "company_name", "Alias": "cn", "Startup Cost": 0.0, "Total Cost": 0.28, "Plan Rows": 1, "Plan Width": 4, "Index Cond": "(id = mc.company_id)", "Filter": "((country_code)::text = '[us]'::text)"}]}, {"Node Type": "Index Scan", "Parent Relationship": "Inner", "Scan Direction": "Forward", "Index Name": "company_type_pkey", "Relation Name": "company_type", "Alias": "ct", "Startup Cost": 0.0, "Total Cost": 0.28, "Plan Rows": 1, "Plan Width": 4, "Index Cond": "(id = mc.company_type_id)", "Filter": "((kind IS NOT NULL) AND (((kind)::text = 'production companies'::text) OR ((kind)::text = 'distributors'::text)))"}]}]}, "Unique SQL Id": 1682224415}, "explain_analyze_plan": {"Plan": {"Node Type": "Aggregate", "Strategy": "Plain", "Startup Cost": 81432.16, "Total Cost": 81432.17, "Plan Rows": 1, "Plan Width": 123, "Actual Startup Time": 1371.266, "Actual Total Time": 1371.266, "Actual Rows": 1, "Actual Loops": 1, "Plans": [{"Node Type": "Nested Loop", "Parent Relationship": "Outer", "Join Type": "Inner", "Startup Cost": 0.0, "Total Cost": 81432.14, "Plan Rows": 4, "Plan Width": 59, "Actual Startup Time": 973.085, "Actual Total Time": 1371.203, "Actual Rows": 5, "Actual Loops": 1, "Inner Unique": true, "Plans": [{"Node Type": "Nested Loop", "Parent Relationship": "Outer", "Join Type": "Inner", "Startup Cost": 0.0, "Total Cost": 81431.0, "Plan Rows": 4, "Plan Width": 63, "Actual Startup Time": 972.828, "Actual Total Time": 1371.159, "Actual Rows": 10, "Actual Loops": 1, "Inner Unique": true, "Plans": [{"Node Type": "Nested Loop", "Parent Relationship": "Outer", "Join Type": "Inner", "Startup Cost": 0.0, "Total Cost": 81429.56, "Plan Rows": 5, "Plan Width": 67, "Actual Startup Time": 972.803, "Actual Total Time": 1370.929, "Actual Rows": 33, "Actual Loops": 1, "Inner Unique": false, "Join Filter": "(mi.info_type_id = it1.id)", "Rows Removed by Join Filter": 4926, "Plans": [{"Node Type": "Seq Scan", "Parent Relationship": "Outer", "Relation Name": "info_type", "Alias": "it1", "Startup Cost": 0.0, "Total Cost": 2.4, "Plan Rows": 1, "Plan Width": 4, "Actual Startup Time": 0.067, "Actual Total Time": 0.078, "Actual Rows": 1, "Actual Loops": 1, "Filter": "((info)::text = 'budget'::text)", "Rows Removed by Filter": 111}, {"Node Type": "Nested Loop", "Parent Relationship": "Inner", "Join Type": "Inner", "Startup Cost": 0.0, "Total Cost": 81413.14, "Plan Rows": 1122, "Plan Width": 71, "Actual Startup Time": 972.653, "Actual Total Time": 1369.917, "Actual Rows": 4959, "Actual Loops": 1, "Inner Unique": false, "Join Filter": "(t.id = mi.movie_id)", "Rows Removed by Join Filter": 0, "Plans": [{"Node Type": "Nested Loop", "Parent Relationship": "Outer", "Join Type": "Inner", "Startup Cost": 0.0, "Total Cost": 81260.48, "Plan Rows": 210, "Plan Width": 37, "Actual Startup Time": 972.576, "Actual Total Time": 1365.779, "Actual Rows": 33, "Actual Loops": 1, "Inner Unique": false, "Join Filter": "(t.id = mc.movie_id)", "Rows Removed by Join Filter": 0, "Plans": [{"Node Type": "Nested Loop", "Parent Relationship": "Outer", "Join Type": "Inner", "Startup Cost": 0.0, "Total Cost": 81139.71, "Plan Rows": 311, "Plan Width": 25, "Actual Startup Time": 972.451, "Actual Total Time": 1365.601, "Actual Rows": 2, "Actual Loops": 1, "Inner Unique": false, "Join Filter": "(mi_idx.info_type_id = it2.id)", "Rows Removed by Join Filter": 2643, "Plans": [{"Node Type": "Seq Scan", "Parent Relationship": "Outer", "Relation Name": "info_type", "Alias": "it2", "Startup Cost": 0.0, "Total Cost": 2.4, "Plan Rows": 1, "Plan Width": 4, "Actual Startup Time": 0.044, "Actual Total Time": 0.051, "Actual Rows": 1, "Actual Loops": 1, "Filter": "((info)::text = 'bottom 10 rank'::text)", "Rows Removed by Filter": 111}, {"Node Type": "Nested Loop", "Parent Relationship": "Inner", "Join Type": "Inner", "Startup Cost": 0.0, "Total Cost": 81132.36, "Plan Rows": 396, "Plan Width": 29, "Actual Startup Time": 13.969, "Actual Total Time": 1364.883, "Actual Rows": 2645, "Actual Loops": 1, "Inner Unique": false, "Plans": [{"Node Type": "Seq Scan", "Parent Relationship": "Outer", "Relation Name": "title", "Alias": "t", "Startup Cost": 0.0, "Total Cost": 79031.44, "Plan Rows": 258, "Plan Width": 21, "Actual Startup Time": 0.371, "Actual Total Time": 1349.84, "Actual Rows": 2536, "Actual Loops": 1, "Filter": "((production_year > 2000) AND (((title)::text ~~ 'Birdemic%'::text) OR ((title)::text ~~ '%Movie%'::text)))", "Rows Removed by Filter": 2525775}, {"Node Type": "Index Scan", "Parent Relationship": "Inner", "Scan Direction": "Forward", "Index Name": "movie_id_movie_info_idx", "Relation Name": "movie_info_idx", "Alias": "mi_idx", "Startup Cost": 0.0, "Total Cost": 8.12, "Plan Rows": 2, "Plan Width": 8, "Actual Startup Time": 11.624, "Actual Total Time": 12.638, "Actual Rows": 2645, "Actual Loops": 2536, "Index Cond": "(movie_id = t.id)", "Rows Removed by Index Recheck": 0}]}]}, {"Node Type": "Index Scan", "Parent Relationship": "Inner", "Scan Direction": "Forward", "Index Name": "movie_id_movie_companies", "Relation Name": "movie_companies", "Alias": "mc", "Startup Cost": 0.0, "Total Cost": 0.36, "Plan Rows": 2, "Plan Width": 12, "Actual Startup Time": 0.033, "Actual Total Time": 0.054, "Actual Rows": 33, "Actual Loops": 2, "Index Cond": "(movie_id = mi_idx.movie_id)", "Rows Removed by Index Recheck": 0}]}, {"Node Type": "Index Scan", "Parent Relationship": "Inner", "Scan Direction": "Forward", "Index Name": "movie_id_movie_info", "Relation Name": "movie_info", "Alias": "mi", "Startup Cost": 0.0, "Total Cost": 0.66, "Plan Rows": 5, "Plan Width": 50, "Actual Startup Time": 0.527, "Actual Total Time": 2.538, "Actual Rows": 4959, "Actual Loops": 33, "Index Cond": "(movie_id = mc.movie_id)", "Rows Removed by Index Recheck": 0}]}]}, {"Node Type": "Index Scan", "Parent Relationship": "Inner", "Scan Direction": "Forward", "Index Name": "company_name_pkey", "Relation Name": "company_name", "Alias": "cn", "Startup Cost": 0.0, "Total Cost": 0.28, "Plan Rows": 1, "Plan Width": 4, "Actual Startup Time": 0.2, "Actual Total Time": 0.2, "Actual Rows": 10, "Actual Loops": 33, "Index Cond": "(id = mc.company_id)", "Rows Removed by Index Recheck": 0, "Filter": "((country_code)::text = '[us]'::text)", "Rows Removed by Filter": 23}]}, {"Node Type": "Index Scan", "Parent Relationship": "Inner", "Scan Direction": "Forward", "Index Name": "company_type_pkey", "Relation Name": "company_type", "Alias": "ct", "Startup Cost": 0.0, "Total Cost": 0.28, "Plan Rows": 1, "Plan Width": 4, "Actual Startup Time": 0.026, "Actual Total Time": 0.026, "Actual Rows": 5, "Actual Loops": 10, "Index Cond": "(id = mc.company_type_id)", "Rows Removed by Index Recheck": 0, "Filter": "((kind IS NOT NULL) AND (((kind)::text = 'production companies'::text) OR ((kind)::text = 'distributors'::text)))", "Rows Removed by Filter": 0}]}]}, "Triggers": [], "Planner Runtime": 98.34, "Total Runtime": 1371.638, "Unique SQL Id": 1682224415}}, "(1, 121)": {"explain_plan": {"Plan": {"Node Type": "Aggregate", "Strategy": "Plain", "Startup Cost": 131508.15, "Total Cost": 131508.16, "Plan Rows": 1, "Plan Width": 123, "Plans": [{"Node Type": "Nested Loop", "Parent Relationship": "Outer", "Join Type": "Inner", "Startup Cost": 0.0, "Total Cost": 131508.13, "Plan Rows": 4, "Plan Width": 59, "Inner Unique": true, "Plans": [{"Node Type": "Nested Loop", "Parent Relationship": "Outer", "Join Type": "Inner", "Startup Cost": 0.0, "Total Cost": 131506.99, "Plan Rows": 4, "Plan Width": 63, "Inner Unique": true, "Plans": [{"Node Type": "Nested Loop", "Parent Relationship": "Outer", "Join Type": "Inner", "Startup Cost": 0.0, "Total Cost": 131505.55, "Plan Rows": 5, "Plan Width": 67, "Inner Unique": false, "Join Filter": "(mi.info_type_id = it1.id)", "Plans": [{"Node Type": "Index Scan", "Parent Relationship": "Outer", "Scan Direction": "Forward", "Index Name": "info_type_pkey", "Relation Name": "info_type", "Alias": "it1", "Startup Cost": 0.0, "Total Cost": 14.21, "Plan Rows": 1, "Plan Width": 4, "Filter": "((info)::text = 'budget'::text)"}, {"Node Type": "Nested Loop", "Parent Relationship": "Inner", "Join Type": "Inner", "Startup Cost": 0.0, "Total Cost": 131477.32, "Plan Rows": 1122, "Plan Width": 71, "Inner Unique": false, "Join Filter": "(t.id = mi.movie_id)", "Plans": [{"Node Type": "Nested Loop", "Parent Relationship": "Outer", "Join Type": "Inner", "Startup Cost": 0.0, "Total Cost": 131324.66, "Plan Rows": 210, "Plan Width": 37, "Inner Unique": false, "Join Filter": "(t.id = mc.movie_id)", "Plans": [{"Node Type": "Nested Loop", "Parent Relationship": "Outer", "Join Type": "Inner", "Startup Cost": 0.0, "Total Cost": 131203.89, "Plan Rows": 311, "Plan Width": 25, "Inner Unique": true, "Join Filter": "(mi_idx.info_type_id = it2.id)", "Plans": [{"Node Type": "Nested Loop", "Parent Relationship": "Outer", "Join Type": "Inner", "Startup Cost": 0.0, "Total Cost": 131183.74, "Plan Rows": 396, "Plan Width": 29, "Inner Unique": false, "Plans": [{"Node Type": "Index Scan", "Parent Relationship": "Outer", "Scan Direction": "Forward", "Index Name": "title_pkey", "Relation Name": "title", "Alias": "t", "Startup Cost": 0.0, "Total Cost": 129082.82, "Plan Rows": 258, "Plan Width": 21, "Filter": "((production_year > 2000) AND (((title)::text ~~ 'Birdemic%'::text) OR ((title)::text ~~ '%Movie%'::text)))"}, {"Node Type": "Index Scan", "Parent Relationship": "Inner", "Scan Direction": "Forward", "Index Name": "movie_id_movie_info_idx", "Relation Name": "movie_info_idx", "Alias": "mi_idx", "Startup Cost": 0.0, "Total Cost": 8.12, "Plan Rows": 2, "Plan Width": 8, "Index Cond": "(movie_id = t.id)"}]}, {"Node Type": "Materialize", "Parent Relationship": "Inner", "Startup Cost": 0.0, "Total Cost": 14.22, "Plan Rows": 1, "Plan Width": 4, "Plans": [{"Node Type": "Index Scan", "Parent Relationship": "Outer", "Scan Direction": "Forward", "Index Name": "info_type_pkey", "Relation Name": "info_type", "Alias": "it2", "Startup Cost": 0.0, "Total Cost": 14.21, "Plan Rows": 1, "Plan Width": 4, "Filter": "((info)::text = 'bottom 10 rank'::text)"}]}]}, {"Node Type": "Index Scan", "Parent Relationship": "Inner", "Scan Direction": "Forward", "Index Name": "movie_id_movie_companies", "Relation Name": "movie_companies", "Alias": "mc", "Startup Cost": 0.0, "Total Cost": 0.36, "Plan Rows": 2, "Plan Width": 12, "Index Cond": "(movie_id = mi_idx.movie_id)"}]}, {"Node Type": "Index Scan", "Parent Relationship": "Inner", "Scan Direction": "Forward", "Index Name": "movie_id_movie_info", "Relation Name": "movie_info", "Alias": "mi", "Startup Cost": 0.0, "Total Cost": 0.66, "Plan Rows": 5, "Plan Width": 50, "Index Cond": "(movie_id = mc.movie_id)"}]}]}, {"Node Type": "Index Scan", "Parent Relationship": "Inner", "Scan Direction": "Forward", "Index Name": "company_name_pkey", "Relation Name": "company_name", "Alias": "cn", "Startup Cost": 0.0, "Total Cost": 0.28, "Plan Rows": 1, "Plan Width": 4, "Index Cond": "(id = mc.company_id)", "Filter": "((country_code)::text = '[us]'::text)"}]}, {"Node Type": "Index Scan", "Parent Relationship": "Inner", "Scan Direction": "Forward", "Index Name": "company_type_pkey", "Relation Name": "company_type", "Alias": "ct", "Startup Cost": 0.0, "Total Cost": 0.28, "Plan Rows": 1, "Plan Width": 4, "Index Cond": "(id = mc.company_type_id)", "Filter": "((kind IS NOT NULL) AND (((kind)::text = 'production companies'::text) OR ((kind)::text = 'distributors'::text)))"}]}]}, "Unique SQL Id": 1682224415}, "explain_analyze_plan": null}, "(1, 122)": {"explain_plan": {"Plan": {"Node Type": "Aggregate", "Strategy": "Plain", "Startup Cost": 3175658.14, "Total Cost": 3175658.15, "Plan Rows": 1, "Plan Width": 123, "Plans": [{"Node Type": "Nested Loop", "Parent Relationship": "Outer", "Join Type": "Inner", "Startup Cost": 0.0, "Total Cost": 3175658.12, "Plan Rows": 4, "Plan Width": 59, "Inner Unique": true, "Join Filter": "(mc.company_type_id = ct.id)", "Plans": [{"Node Type": "Nested Loop", "Parent Relationship": "Outer", "Join Type": "Inner", "Startup Cost": 0.0, "Total Cost": 3175656.95, "Plan Rows": 4, "Plan Width": 63, "Inner Unique": false, "Join Filter": "(mc.company_id = cn.id)", "Plans": [{"Node Type": "Seq Scan", "Parent Relationship": "Outer", "Relation Name": "company_name", "Alias": "cn", "Startup Cost": 0.0, "Total Cost": 5903.45, "Plan Rows": 85170, "Plan Width": 4, "Filter": "((country_code)::text = '[us]'::text)"}, {"Node Type": "Materialize", "Parent Relationship": "Inner", "Startup Cost": 0.0, "Total Cost": 3163365.76, "Plan Rows": 5, "Plan Width": 67, "Plans": [{"Node Type": "Nested Loop", "Parent Relationship": "Outer", "Join Type": "Inner", "Startup Cost": 0.0, "Total Cost": 3163365.74, "Plan Rows": 5, "Plan Width": 67, "Inner Unique": false, "Join Filter": "(t.id = mc.movie_id)", "Plans": [{"Node Type": "Seq Scan", "Parent Relationship": "Outer", "Relation Name": "movie_companies", "Alias": "mc", "Startup Cost": 0.0, "Total Cost": 41817.28, "Plan Rows": 2609128, "Plan Width": 12}, {"Node Type": "Materialize", "Parent Relationship": "Inner", "Startup Cost": 0.0, "Total Cost": 2808453.12, "Plan Rows": 8, "Plan Width": 71, "Plans": [{"Node Type": "Nested Loop", "Parent Relationship": "Outer", "Join Type": "Inner", "Startup Cost": 0.0, "Total Cost": 2808453.08, "Plan Rows": 8, "Plan Width": 71, "Inner Unique": false, "Join Filter": "(mi_idx.movie_id = t.id)", "Plans": [{"Node Type": "Nested Loop", "Parent Relationship": "Outer", "Join Type": "Inner", "Startup Cost": 0.0, "Total Cost": 37527.17, "Plan Rows": 345008, "Plan Width": 4, "Inner Unique": false, "Join Filter": "(it2.id = mi_idx.info_type_id), (LLVM Optimized)", "Plans": [{"Node Type": "Seq Scan", "Parent Relationship": "Outer", "Relation Name": "info_type", "Alias": "it2", "Startup Cost": 0.0, "Total Cost": 2.4, "Plan Rows": 1, "Plan Width": 4, "Filter": "((info)::text = 'bottom 10 rank'::text)"}, {"Node Type": "Seq Scan", "Parent Relationship": "Inner", "Relation Name": "movie_info_idx", "Alias": "mi_idx", "Startup Cost": 0.0, "Total Cost": 20274.34, "Plan Rows": 1380034, "Plan Width": 8}]}, {"Node Type": "Materialize", "Parent Relationship": "Inner", "Startup Cost": 0.0, "Total Cost": 1383994.42, "Plan Rows": 268, "Plan Width": 67, "Plans": [{"Node Type": "Nested Loop", "Parent Relationship": "Outer", "Join Type": "Inner", "Startup Cost": 0.0, "Total Cost": 1383993.08, "Plan Rows": 268, "Plan Width": 67, "Inner Unique": true, "Join Filter": "(mi.movie_id = t.id)", "Plans": [{"Node Type": "Nested Loop", "Parent Relationship": "Outer", "Join Type": "Inner", "Startup Cost": 0.0, "Total Cost": 482864.64, "Plan Rows": 212428, "Plan Width": 46, "Inner Unique": false, "Join Filter": "(it1.id = mi.info_type_id), (LLVM Optimized)", "Plans": [{"Node Type": "Seq Scan", "Parent Relationship": "Outer", "Relation Name": "info_type", "Alias": "it1", "Startup Cost": 0.0, "Total Cost": 2.4, "Plan Rows": 1, "Plan Width": 4, "Filter": "((info)::text = 'budget'::text)"}, {"Node Type": "Seq Scan", "Parent Relationship": "Inner", "Relation Name": "movie_info", "Alias": "mi", "Startup Cost": 0.0, "Total Cost": 296987.66, "Plan Rows": 14869966, "Plan Width": 50}]}, {"Node Type": "Materialize", "Parent Relationship": "Inner", "Startup Cost": 0.0, "Total Cost": 79032.73, "Plan Rows": 258, "Plan Width": 21, "Plans": [{"Node Type": "Seq Scan", "Parent Relationship": "Outer", "Relation Name": "title", "Alias": "t", "Startup Cost": 0.0, "Total Cost": 79031.44, "Plan Rows": 258, "Plan Width": 21, "Filter": "((production_year > 2000) AND (((title)::text ~~ 'Birdemic%'::text) OR ((title)::text ~~ '%Movie%'::text)))"}]}]}]}]}]}]}]}]}, {"Node Type": "Materialize", "Parent Relationship": "Inner", "Startup Cost": 0.0, "Total Cost": 1.05, "Plan Rows": 2, "Plan Width": 4, "Plans": [{"Node Type": "Seq Scan", "Parent Relationship": "Outer", "Relation Name": "company_type", "Alias": "ct", "Startup Cost": 0.0, "Total Cost": 1.04, "Plan Rows": 2, "Plan Width": 4, "Filter": "((kind IS NOT NULL) AND (((kind)::text = 'production companies'::text) OR ((kind)::text = 'distributors'::text)))"}]}]}]}, "Unique SQL Id": 1682224415}, "explain_analyze_plan": null}, "(1, 123)": {"explain_plan": {"Plan": {"Node Type": "Aggregate", "Strategy": "Plain", "Startup Cost": 8000134520134.75, "Total Cost": 8000134520134.76, "Plan Rows": 1, "Plan Width": 123, "Plans": [{"Node Type": "Nested Loop", "Parent Relationship": "Outer", "Join Type": "Inner", "Startup Cost": 80000000000.0, "Total Cost": 8000134520134.73, "Plan Rows": 4, "Plan Width": 59, "Inner Unique": true, "Join Filter": "(mc.company_type_id = ct.id)", "Plans": [{"Node Type": "Nested Loop", "Parent Relationship": "Outer", "Join Type": "Inner", "Startup Cost": 70000000000.0, "Total Cost": 7000134518903.61, "Plan Rows": 4, "Plan Width": 63, "Inner Unique": true, "Join Filter": "(mc.company_id = cn.id)", "Plans": [{"Node Type": "Nested Loop", "Parent Relationship": "Outer", "Join Type": "Inner", "Startup Cost": 60000000000.0, "Total Cost": 6000133462163.97, "Plan Rows": 5, "Plan Width": 67, "Inner Unique": false, "Join Filter": "(t.id = mc.movie_id)", "Plans": [{"Node Type": "Index Scan", "Parent Relationship": "Outer", "Scan Direction": "Forward", "Index Name": "company_type_id_movie_companies", "Relation Name": "movie_companies", "Alias": "mc", "Startup Cost": 10000000000.0, "Total Cost": 1000009318217.0, "Plan Rows": 2609128, "Plan Width": 12}, {"Node Type": "Materialize", "Parent Relationship": "Inner", "Startup Cost": 50000000000.0, "Total Cost": 5000123830851.63, "Plan Rows": 8, "Plan Width": 71, "Plans": [{"Node Type": "Nested Loop", "Parent Relationship": "Outer", "Join Type": "Inner", "Startup Cost": 50000000000.0, "Total Cost": 5000123830851.59, "Plan Rows": 8, "Plan Width": 71, "Inner Unique": false, "Join Filter": "(mi_idx.movie_id = t.id)", "Plans": [{"Node Type": "Nested Loop", "Parent Relationship": "Outer", "Join Type": "Inner", "Startup Cost": 20000000000.0, "Total Cost": 2000004672156.88, "Plan Rows": 345008, "Plan Width": 4, "Inner Unique": true, "Join Filter": "(it2.id = mi_idx.info_type_id), (LLVM Optimized)", "Plans": [{"Node Type": "Index Scan", "Parent Relationship": "Outer", "Scan Direction": "Forward", "Index Name": "movie_id_movie_info_idx", "Relation Name": "movie_info_idx", "Alias": "mi_idx", "Startup Cost": 10000000000.0, "Total Cost": 1000004650035.37, "Plan Rows": 1380034, "Plan Width": 8}, {"Node Type": "Materialize", "Parent Relationship": "Inner", "Startup Cost": 10000000000.0, "Total Cost": 1000000001421.0, "Plan Rows": 1, "Plan Width": 4, "Plans": [{"Node Type": "Index Scan", "Parent Relationship": "Outer", "Scan Direction": "Forward", "Index Name": "info_type_pkey", "Relation Name": "info_type", "Alias": "it2", "Startup Cost": 10000000000.0, "Total Cost": 1000000001421.0, "Plan Rows": 1, "Plan Width": 4, "Filter": "((info)::text = 'bottom 10 rank'::text)"}]}]}, {"Node Type": "Materialize", "Parent Relationship": "Inner", "Startup Cost": 30000000000.0, "Total Cost": 3000117771763.22, "Plan Rows": 268, "Plan Width": 67, "Plans": [{"Node Type": "Nested Loop", "Parent Relationship": "Outer", "Join Type": "Inner", "Startup Cost": 30000000000.0, "Total Cost": 3000117771761.88, "Plan Rows": 268, "Plan Width": 67, "Inner Unique": true, "Join Filter": "(mi.movie_id = t.id)", "Plans": [{"Node Type": "Nested Loop", "Parent Relationship": "Outer", "Join Type": "Inner", "Startup Cost": 20000000000.0, "Total Cost": 2000104041382.71, "Plan Rows": 212428, "Plan Width": 46, "Inner Unique": true, "Join Filter": "(it1.id = mi.info_type_id), (LLVM Optimized)", "Plans": [{"Node Type": "Index Scan", "Parent Relationship": "Outer", "Scan Direction": "Forward", "Index Name": "movie_id_movie_info", "Relation Name": "movie_info", "Alias": "mi", "Startup Cost": 10000000000.0, "Total Cost": 1000103816912.22, "Plan Rows": 14869966, "Plan Width": 50}, {"Node Type": "Materialize", "Parent Relationship": "Inner", "Startup Cost": 10000000000.0, "Total Cost": 1000000001421.0, "Plan Rows": 1, "Plan Width": 4, "Plans": [{"Node Type": "Index Scan", "Parent Relationship": "Outer", "Scan Direction": "Forward", "Index Name": "info_type_pkey", "Relation Name": "info_type", "Alias": "it1", "Startup Cost": 10000000000.0, "Total Cost": 1000000001421.0, "Plan Rows": 1, "Plan Width": 4, "Filter": "((info)::text = 'budget'::text)"}]}]}, {"Node Type": "Materialize", "Parent Relationship": "Inner", "Startup Cost": 10000000000.0, "Total Cost": 1000012908283.45, "Plan Rows": 258, "Plan Width": 21, "Plans": [{"Node Type": "Index Scan", "Parent Relationship": "Outer", "Scan Direction": "Forward", "Index Name": "title_pkey", "Relation Name": "title", "Alias": "t", "Startup Cost": 10000000000.0, "Total Cost": 1000012908282.16, "Plan Rows": 258, "Plan Width": 21, "Filter": "((production_year > 2000) AND (((title)::text ~~ 'Birdemic%'::text) OR ((title)::text ~~ '%Movie%'::text)))"}]}]}]}]}]}]}, {"Node Type": "Materialize", "Parent Relationship": "Inner", "Startup Cost": 10000000000.0, "Total Cost": 1000001050564.82, "Plan Rows": 85170, "Plan Width": 4, "Plans": [{"Node Type": "Index Scan", "Parent Relationship": "Outer", "Scan Direction": "Forward", "Index Name": "company_name_pkey", "Relation Name": "company_name", "Alias": "cn", "Startup Cost": 10000000000.0, "Total Cost": 1000001050138.97, "Plan Rows": 85170, "Plan Width": 4, "Filter": "((country_code)::text = '[us]'::text)"}]}]}, {"Node Type": "Materialize", "Parent Relationship": "Inner", "Startup Cost": 10000000000.0, "Total Cost": 1000000001231.01, "Plan Rows": 2, "Plan Width": 4, "Plans": [{"Node Type": "Index Scan", "Parent Relationship": "Outer", "Scan Direction": "Forward", "Index Name": "company_type_pkey", "Relation Name": "company_type", "Alias": "ct", "Startup Cost": 10000000000.0, "Total Cost": 1000000001231.0, "Plan Rows": 2, "Plan Width": 4, "Filter": "((kind IS NOT NULL) AND (((kind)::text = 'production companies'::text) OR ((kind)::text = 'distributors'::text)))"}]}]}]}, "Unique SQL Id": 1682224415}, "explain_analyze_plan": null}, "(1, 124)": {"explain_plan": {"Plan": {"Node Type": "Aggregate", "Strategy": "Plain", "Startup Cost": 81432.16, "Total Cost": 81432.17, "Plan Rows": 1, "Plan Width": 123, "Plans": [{"Node Type": "Nested Loop", "Parent Relationship": "Outer", "Join Type": "Inner", "Startup Cost": 0.0, "Total Cost": 81432.14, "Plan Rows": 4, "Plan Width": 59, "Inner Unique": true, "Plans": [{"Node Type": "Nested Loop", "Parent Relationship": "Outer", "Join Type": "Inner", "Startup Cost": 0.0, "Total Cost": 81431.0, "Plan Rows": 4, "Plan Width": 63, "Inner Unique": true, "Plans": [{"Node Type": "Nested Loop", "Parent Relationship": "Outer", "Join Type": "Inner", "Startup Cost": 0.0, "Total Cost": 81429.56, "Plan Rows": 5, "Plan Width": 67, "Inner Unique": false, "Join Filter": "(mi.info_type_id = it1.id)", "Plans": [{"Node Type": "Seq Scan", "Parent Relationship": "Outer", "Relation Name": "info_type", "Alias": "it1", "Startup Cost": 0.0, "Total Cost": 2.4, "Plan Rows": 1, "Plan Width": 4, "Filter": "((info)::text = 'budget'::text)"}, {"Node Type": "Nested Loop", "Parent Relationship": "Inner", "Join Type": "Inner", "Startup Cost": 0.0, "Total Cost": 81413.14, "Plan Rows": 1122, "Plan Width": 71, "Inner Unique": false, "Join Filter": "(t.id = mi.movie_id)", "Plans": [{"Node Type": "Nested Loop", "Parent Relationship": "Outer", "Join Type": "Inner", "Startup Cost": 0.0, "Total Cost": 81260.48, "Plan Rows": 210, "Plan Width": 37, "Inner Unique": false, "Join Filter": "(t.id = mc.movie_id)", "Plans": [{"Node Type": "Nested Loop", "Parent Relationship": "Outer", "Join Type": "Inner", "Startup Cost": 0.0, "Total Cost": 81139.71, "Plan Rows": 311, "Plan Width": 25, "Inner Unique": false, "Join Filter": "(mi_idx.info_type_id = it2.id)", "Plans": [{"Node Type": "Seq Scan", "Parent Relationship": "Outer", "Relation Name": "info_type", "Alias": "it2", "Startup Cost": 0.0, "Total Cost": 2.4, "Plan Rows": 1, "Plan Width": 4, "Filter": "((info)::text = 'bottom 10 rank'::text)"}, {"Node Type": "Nested Loop", "Parent Relationship": "Inner", "Join Type": "Inner", "Startup Cost": 0.0, "Total Cost": 81132.36, "Plan Rows": 396, "Plan Width": 29, "Inner Unique": false, "Plans": [{"Node Type": "Seq Scan", "Parent Relationship": "Outer", "Relation Name": "title", "Alias": "t", "Startup Cost": 0.0, "Total Cost": 79031.44, "Plan Rows": 258, "Plan Width": 21, "Filter": "((production_year > 2000) AND (((title)::text ~~ 'Birdemic%'::text) OR ((title)::text ~~ '%Movie%'::text)))"}, {"Node Type": "Index Scan", "Parent Relationship": "Inner", "Scan Direction": "Forward", "Index Name": "movie_id_movie_info_idx", "Relation Name": "movie_info_idx", "Alias": "mi_idx", "Startup Cost": 0.0, "Total Cost": 8.12, "Plan Rows": 2, "Plan Width": 8, "Index Cond": "(movie_id = t.id)"}]}]}, {"Node Type": "Index Scan", "Parent Relationship": "Inner", "Scan Direction": "Forward", "Index Name": "movie_id_movie_companies", "Relation Name": "movie_companies", "Alias": "mc", "Startup Cost": 0.0, "Total Cost": 0.36, "Plan Rows": 2, "Plan Width": 12, "Index Cond": "(movie_id = mi_idx.movie_id)"}]}, {"Node Type": "Index Scan", "Parent Relationship": "Inner", "Scan Direction": "Forward", "Index Name": "movie_id_movie_info", "Relation Name": "movie_info", "Alias": "mi", "Startup Cost": 0.0, "Total Cost": 0.66, "Plan Rows": 5, "Plan Width": 50, "Index Cond": "(movie_id = mc.movie_id)"}]}]}, {"Node Type": "Index Scan", "Parent Relationship": "Inner", "Scan Direction": "Forward", "Index Name": "company_name_pkey", "Relation Name": "company_name", "Alias": "cn", "Startup Cost": 0.0, "Total Cost": 0.28, "Plan Rows": 1, "Plan Width": 4, "Index Cond": "(id = mc.company_id)", "Filter": "((country_code)::text = '[us]'::text)"}]}, {"Node Type": "Index Scan", "Parent Relationship": "Inner", "Scan Direction": "Forward", "Index Name": "company_type_pkey", "Relation Name": "company_type", "Alias": "ct", "Startup Cost": 0.0, "Total Cost": 0.28, "Plan Rows": 1, "Plan Width": 4, "Index Cond": "(id = mc.company_type_id)", "Filter": "((kind IS NOT NULL) AND (((kind)::text = 'production companies'::text) OR ((kind)::text = 'distributors'::text)))"}]}]}, "Unique SQL Id": 1682224415}, "explain_analyze_plan": {"Plan": {"Node Type": "Aggregate", "Strategy": "Plain", "Startup Cost": 81432.16, "Total Cost": 81432.17, "Plan Rows": 1, "Plan Width": 123, "Actual Startup Time": 1371.266, "Actual Total Time": 1371.266, "Actual Rows": 1, "Actual Loops": 1, "Plans": [{"Node Type": "Nested Loop", "Parent Relationship": "Outer", "Join Type": "Inner", "Startup Cost": 0.0, "Total Cost": 81432.14, "Plan Rows": 4, "Plan Width": 59, "Actual Startup Time": 973.085, "Actual Total Time": 1371.203, "Actual Rows": 5, "Actual Loops": 1, "Inner Unique": true, "Plans": [{"Node Type": "Nested Loop", "Parent Relationship": "Outer", "Join Type": "Inner", "Startup Cost": 0.0, "Total Cost": 81431.0, "Plan Rows": 4, "Plan Width": 63, "Actual Startup Time": 972.828, "Actual Total Time": 1371.159, "Actual Rows": 10, "Actual Loops": 1, "Inner Unique": true, "Plans": [{"Node Type": "Nested Loop", "Parent Relationship": "Outer", "Join Type": "Inner", "Startup Cost": 0.0, "Total Cost": 81429.56, "Plan Rows": 5, "Plan Width": 67, "Actual Startup Time": 972.803, "Actual Total Time": 1370.929, "Actual Rows": 33, "Actual Loops": 1, "Inner Unique": false, "Join Filter": "(mi.info_type_id = it1.id)", "Rows Removed by Join Filter": 4926, "Plans": [{"Node Type": "Seq Scan", "Parent Relationship": "Outer", "Relation Name": "info_type", "Alias": "it1", "Startup Cost": 0.0, "Total Cost": 2.4, "Plan Rows": 1, "Plan Width": 4, "Actual Startup Time": 0.067, "Actual Total Time": 0.078, "Actual Rows": 1, "Actual Loops": 1, "Filter": "((info)::text = 'budget'::text)", "Rows Removed by Filter": 111}, {"Node Type": "Nested Loop", "Parent Relationship": "Inner", "Join Type": "Inner", "Startup Cost": 0.0, "Total Cost": 81413.14, "Plan Rows": 1122, "Plan Width": 71, "Actual Startup Time": 972.653, "Actual Total Time": 1369.917, "Actual Rows": 4959, "Actual Loops": 1, "Inner Unique": false, "Join Filter": "(t.id = mi.movie_id)", "Rows Removed by Join Filter": 0, "Plans": [{"Node Type": "Nested Loop", "Parent Relationship": "Outer", "Join Type": "Inner", "Startup Cost": 0.0, "Total Cost": 81260.48, "Plan Rows": 210, "Plan Width": 37, "Actual Startup Time": 972.576, "Actual Total Time": 1365.779, "Actual Rows": 33, "Actual Loops": 1, "Inner Unique": false, "Join Filter": "(t.id = mc.movie_id)", "Rows Removed by Join Filter": 0, "Plans": [{"Node Type": "Nested Loop", "Parent Relationship": "Outer", "Join Type": "Inner", "Startup Cost": 0.0, "Total Cost": 81139.71, "Plan Rows": 311, "Plan Width": 25, "Actual Startup Time": 972.451, "Actual Total Time": 1365.601, "Actual Rows": 2, "Actual Loops": 1, "Inner Unique": false, "Join Filter": "(mi_idx.info_type_id = it2.id)", "Rows Removed by Join Filter": 2643, "Plans": [{"Node Type": "Seq Scan", "Parent Relationship": "Outer", "Relation Name": "info_type", "Alias": "it2", "Startup Cost": 0.0, "Total Cost": 2.4, "Plan Rows": 1, "Plan Width": 4, "Actual Startup Time": 0.044, "Actual Total Time": 0.051, "Actual Rows": 1, "Actual Loops": 1, "Filter": "((info)::text = 'bottom 10 rank'::text)", "Rows Removed by Filter": 111}, {"Node Type": "Nested Loop", "Parent Relationship": "Inner", "Join Type": "Inner", "Startup Cost": 0.0, "Total Cost": 81132.36, "Plan Rows": 396, "Plan Width": 29, "Actual Startup Time": 13.969, "Actual Total Time": 1364.883, "Actual Rows": 2645, "Actual Loops": 1, "Inner Unique": false, "Plans": [{"Node Type": "Seq Scan", "Parent Relationship": "Outer", "Relation Name": "title", "Alias": "t", "Startup Cost": 0.0, "Total Cost": 79031.44, "Plan Rows": 258, "Plan Width": 21, "Actual Startup Time": 0.371, "Actual Total Time": 1349.84, "Actual Rows": 2536, "Actual Loops": 1, "Filter": "((production_year > 2000) AND (((title)::text ~~ 'Birdemic%'::text) OR ((title)::text ~~ '%Movie%'::text)))", "Rows Removed by Filter": 2525775}, {"Node Type": "Index Scan", "Parent Relationship": "Inner", "Scan Direction": "Forward", "Index Name": "movie_id_movie_info_idx", "Relation Name": "movie_info_idx", "Alias": "mi_idx", "Startup Cost": 0.0, "Total Cost": 8.12, "Plan Rows": 2, "Plan Width": 8, "Actual Startup Time": 11.624, "Actual Total Time": 12.638, "Actual Rows": 2645, "Actual Loops": 2536, "Index Cond": "(movie_id = t.id)", "Rows Removed by Index Recheck": 0}]}]}, {"Node Type": "Index Scan", "Parent Relationship": "Inner", "Scan Direction": "Forward", "Index Name": "movie_id_movie_companies", "Relation Name": "movie_companies", "Alias": "mc", "Startup Cost": 0.0, "Total Cost": 0.36, "Plan Rows": 2, "Plan Width": 12, "Actual Startup Time": 0.033, "Actual Total Time": 0.054, "Actual Rows": 33, "Actual Loops": 2, "Index Cond": "(movie_id = mi_idx.movie_id)", "Rows Removed by Index Recheck": 0}]}, {"Node Type": "Index Scan", "Parent Relationship": "Inner", "Scan Direction": "Forward", "Index Name": "movie_id_movie_info", "Relation Name": "movie_info", "Alias": "mi", "Startup Cost": 0.0, "Total Cost": 0.66, "Plan Rows": 5, "Plan Width": 50, "Actual Startup Time": 0.527, "Actual Total Time": 2.538, "Actual Rows": 4959, "Actual Loops": 33, "Index Cond": "(movie_id = mc.movie_id)", "Rows Removed by Index Recheck": 0}]}]}, {"Node Type": "Index Scan", "Parent Relationship": "Inner", "Scan Direction": "Forward", "Index Name": "company_name_pkey", "Relation Name": "company_name", "Alias": "cn", "Startup Cost": 0.0, "Total Cost": 0.28, "Plan Rows": 1, "Plan Width": 4, "Actual Startup Time": 0.2, "Actual Total Time": 0.2, "Actual Rows": 10, "Actual Loops": 33, "Index Cond": "(id = mc.company_id)", "Rows Removed by Index Recheck": 0, "Filter": "((country_code)::text = '[us]'::text)", "Rows Removed by Filter": 23}]}, {"Node Type": "Index Scan", "Parent Relationship": "Inner", "Scan Direction": "Forward", "Index Name": "company_type_pkey", "Relation Name": "company_type", "Alias": "ct", "Startup Cost": 0.0, "Total Cost": 0.28, "Plan Rows": 1, "Plan Width": 4, "Actual Startup Time": 0.026, "Actual Total Time": 0.026, "Actual Rows": 5, "Actual Loops": 10, "Index Cond": "(id = mc.company_type_id)", "Rows Removed by Index Recheck": 0, "Filter": "((kind IS NOT NULL) AND (((kind)::text = 'production companies'::text) OR ((kind)::text = 'distributors'::text)))", "Rows Removed by Filter": 0}]}]}, "Triggers": [], "Planner Runtime": 98.34, "Total Runtime": 1371.638, "Unique SQL Id": 1682224415}}, "(1, 125)": {"explain_plan": {"Plan": {"Node Type": "Aggregate", "Strategy": "Plain", "Startup Cost": 131508.15, "Total Cost": 131508.16, "Plan Rows": 1, "Plan Width": 123, "Plans": [{"Node Type": "Nested Loop", "Parent Relationship": "Outer", "Join Type": "Inner", "Startup Cost": 0.0, "Total Cost": 131508.13, "Plan Rows": 4, "Plan Width": 59, "Inner Unique": true, "Plans": [{"Node Type": "Nested Loop", "Parent Relationship": "Outer", "Join Type": "Inner", "Startup Cost": 0.0, "Total Cost": 131506.99, "Plan Rows": 4, "Plan Width": 63, "Inner Unique": true, "Plans": [{"Node Type": "Nested Loop", "Parent Relationship": "Outer", "Join Type": "Inner", "Startup Cost": 0.0, "Total Cost": 131505.55, "Plan Rows": 5, "Plan Width": 67, "Inner Unique": false, "Join Filter": "(mi.info_type_id = it1.id)", "Plans": [{"Node Type": "Index Scan", "Parent Relationship": "Outer", "Scan Direction": "Forward", "Index Name": "info_type_pkey", "Relation Name": "info_type", "Alias": "it1", "Startup Cost": 0.0, "Total Cost": 14.21, "Plan Rows": 1, "Plan Width": 4, "Filter": "((info)::text = 'budget'::text)"}, {"Node Type": "Nested Loop", "Parent Relationship": "Inner", "Join Type": "Inner", "Startup Cost": 0.0, "Total Cost": 131477.32, "Plan Rows": 1122, "Plan Width": 71, "Inner Unique": false, "Join Filter": "(t.id = mi.movie_id)", "Plans": [{"Node Type": "Nested Loop", "Parent Relationship": "Outer", "Join Type": "Inner", "Startup Cost": 0.0, "Total Cost": 131324.66, "Plan Rows": 210, "Plan Width": 37, "Inner Unique": false, "Join Filter": "(t.id = mc.movie_id)", "Plans": [{"Node Type": "Nested Loop", "Parent Relationship": "Outer", "Join Type": "Inner", "Startup Cost": 0.0, "Total Cost": 131203.89, "Plan Rows": 311, "Plan Width": 25, "Inner Unique": true, "Join Filter": "(mi_idx.info_type_id = it2.id)", "Plans": [{"Node Type": "Nested Loop", "Parent Relationship": "Outer", "Join Type": "Inner", "Startup Cost": 0.0, "Total Cost": 131183.74, "Plan Rows": 396, "Plan Width": 29, "Inner Unique": false, "Plans": [{"Node Type": "Index Scan", "Parent Relationship": "Outer", "Scan Direction": "Forward", "Index Name": "title_pkey", "Relation Name": "title", "Alias": "t", "Startup Cost": 0.0, "Total Cost": 129082.82, "Plan Rows": 258, "Plan Width": 21, "Filter": "((production_year > 2000) AND (((title)::text ~~ 'Birdemic%'::text) OR ((title)::text ~~ '%Movie%'::text)))"}, {"Node Type": "Index Scan", "Parent Relationship": "Inner", "Scan Direction": "Forward", "Index Name": "movie_id_movie_info_idx", "Relation Name": "movie_info_idx", "Alias": "mi_idx", "Startup Cost": 0.0, "Total Cost": 8.12, "Plan Rows": 2, "Plan Width": 8, "Index Cond": "(movie_id = t.id)"}]}, {"Node Type": "Materialize", "Parent Relationship": "Inner", "Startup Cost": 0.0, "Total Cost": 14.22, "Plan Rows": 1, "Plan Width": 4, "Plans": [{"Node Type": "Index Scan", "Parent Relationship": "Outer", "Scan Direction": "Forward", "Index Name": "info_type_pkey", "Relation Name": "info_type", "Alias": "it2", "Startup Cost": 0.0, "Total Cost": 14.21, "Plan Rows": 1, "Plan Width": 4, "Filter": "((info)::text = 'bottom 10 rank'::text)"}]}]}, {"Node Type": "Index Scan", "Parent Relationship": "Inner", "Scan Direction": "Forward", "Index Name": "movie_id_movie_companies", "Relation Name": "movie_companies", "Alias": "mc", "Startup Cost": 0.0, "Total Cost": 0.36, "Plan Rows": 2, "Plan Width": 12, "Index Cond": "(movie_id = mi_idx.movie_id)"}]}, {"Node Type": "Index Scan", "Parent Relationship": "Inner", "Scan Direction": "Forward", "Index Name": "movie_id_movie_info", "Relation Name": "movie_info", "Alias": "mi", "Startup Cost": 0.0, "Total Cost": 0.66, "Plan Rows": 5, "Plan Width": 50, "Index Cond": "(movie_id = mc.movie_id)"}]}]}, {"Node Type": "Index Scan", "Parent Relationship": "Inner", "Scan Direction": "Forward", "Index Name": "company_name_pkey", "Relation Name": "company_name", "Alias": "cn", "Startup Cost": 0.0, "Total Cost": 0.28, "Plan Rows": 1, "Plan Width": 4, "Index Cond": "(id = mc.company_id)", "Filter": "((country_code)::text = '[us]'::text)"}]}, {"Node Type": "Index Scan", "Parent Relationship": "Inner", "Scan Direction": "Forward", "Index Name": "company_type_pkey", "Relation Name": "company_type", "Alias": "ct", "Startup Cost": 0.0, "Total Cost": 0.28, "Plan Rows": 1, "Plan Width": 4, "Index Cond": "(id = mc.company_type_id)", "Filter": "((kind IS NOT NULL) AND (((kind)::text = 'production companies'::text) OR ((kind)::text = 'distributors'::text)))"}]}]}, "Unique SQL Id": 1682224415}, "explain_analyze_plan": null}, "(1, 126)": {"explain_plan": {"Plan": {"Node Type": "Aggregate", "Strategy": "Plain", "Startup Cost": 3175658.14, "Total Cost": 3175658.15, "Plan Rows": 1, "Plan Width": 123, "Plans": [{"Node Type": "Nested Loop", "Parent Relationship": "Outer", "Join Type": "Inner", "Startup Cost": 0.0, "Total Cost": 3175658.12, "Plan Rows": 4, "Plan Width": 59, "Inner Unique": true, "Join Filter": "(mc.company_type_id = ct.id)", "Plans": [{"Node Type": "Nested Loop", "Parent Relationship": "Outer", "Join Type": "Inner", "Startup Cost": 0.0, "Total Cost": 3175656.95, "Plan Rows": 4, "Plan Width": 63, "Inner Unique": false, "Join Filter": "(mc.company_id = cn.id)", "Plans": [{"Node Type": "Seq Scan", "Parent Relationship": "Outer", "Relation Name": "company_name", "Alias": "cn", "Startup Cost": 0.0, "Total Cost": 5903.45, "Plan Rows": 85170, "Plan Width": 4, "Filter": "((country_code)::text = '[us]'::text)"}, {"Node Type": "Materialize", "Parent Relationship": "Inner", "Startup Cost": 0.0, "Total Cost": 3163365.76, "Plan Rows": 5, "Plan Width": 67, "Plans": [{"Node Type": "Nested Loop", "Parent Relationship": "Outer", "Join Type": "Inner", "Startup Cost": 0.0, "Total Cost": 3163365.74, "Plan Rows": 5, "Plan Width": 67, "Inner Unique": false, "Join Filter": "(t.id = mc.movie_id)", "Plans": [{"Node Type": "Seq Scan", "Parent Relationship": "Outer", "Relation Name": "movie_companies", "Alias": "mc", "Startup Cost": 0.0, "Total Cost": 41817.28, "Plan Rows": 2609128, "Plan Width": 12}, {"Node Type": "Materialize", "Parent Relationship": "Inner", "Startup Cost": 0.0, "Total Cost": 2808453.12, "Plan Rows": 8, "Plan Width": 71, "Plans": [{"Node Type": "Nested Loop", "Parent Relationship": "Outer", "Join Type": "Inner", "Startup Cost": 0.0, "Total Cost": 2808453.08, "Plan Rows": 8, "Plan Width": 71, "Inner Unique": false, "Join Filter": "(mi_idx.movie_id = t.id)", "Plans": [{"Node Type": "Nested Loop", "Parent Relationship": "Outer", "Join Type": "Inner", "Startup Cost": 0.0, "Total Cost": 37527.17, "Plan Rows": 345008, "Plan Width": 4, "Inner Unique": false, "Join Filter": "(it2.id = mi_idx.info_type_id), (LLVM Optimized)", "Plans": [{"Node Type": "Seq Scan", "Parent Relationship": "Outer", "Relation Name": "info_type", "Alias": "it2", "Startup Cost": 0.0, "Total Cost": 2.4, "Plan Rows": 1, "Plan Width": 4, "Filter": "((info)::text = 'bottom 10 rank'::text)"}, {"Node Type": "Seq Scan", "Parent Relationship": "Inner", "Relation Name": "movie_info_idx", "Alias": "mi_idx", "Startup Cost": 0.0, "Total Cost": 20274.34, "Plan Rows": 1380034, "Plan Width": 8}]}, {"Node Type": "Materialize", "Parent Relationship": "Inner", "Startup Cost": 0.0, "Total Cost": 1383994.42, "Plan Rows": 268, "Plan Width": 67, "Plans": [{"Node Type": "Nested Loop", "Parent Relationship": "Outer", "Join Type": "Inner", "Startup Cost": 0.0, "Total Cost": 1383993.08, "Plan Rows": 268, "Plan Width": 67, "Inner Unique": true, "Join Filter": "(mi.movie_id = t.id)", "Plans": [{"Node Type": "Nested Loop", "Parent Relationship": "Outer", "Join Type": "Inner", "Startup Cost": 0.0, "Total Cost": 482864.64, "Plan Rows": 212428, "Plan Width": 46, "Inner Unique": false, "Join Filter": "(it1.id = mi.info_type_id), (LLVM Optimized)", "Plans": [{"Node Type": "Seq Scan", "Parent Relationship": "Outer", "Relation Name": "info_type", "Alias": "it1", "Startup Cost": 0.0, "Total Cost": 2.4, "Plan Rows": 1, "Plan Width": 4, "Filter": "((info)::text = 'budget'::text)"}, {"Node Type": "Seq Scan", "Parent Relationship": "Inner", "Relation Name": "movie_info", "Alias": "mi", "Startup Cost": 0.0, "Total Cost": 296987.66, "Plan Rows": 14869966, "Plan Width": 50}]}, {"Node Type": "Materialize", "Parent Relationship": "Inner", "Startup Cost": 0.0, "Total Cost": 79032.73, "Plan Rows": 258, "Plan Width": 21, "Plans": [{"Node Type": "Seq Scan", "Parent Relationship": "Outer", "Relation Name": "title", "Alias": "t", "Startup Cost": 0.0, "Total Cost": 79031.44, "Plan Rows": 258, "Plan Width": 21, "Filter": "((production_year > 2000) AND (((title)::text ~~ 'Birdemic%'::text) OR ((title)::text ~~ '%Movie%'::text)))"}]}]}]}]}]}]}]}]}, {"Node Type": "Materialize", "Parent Relationship": "Inner", "Startup Cost": 0.0, "Total Cost": 1.05, "Plan Rows": 2, "Plan Width": 4, "Plans": [{"Node Type": "Seq Scan", "Parent Relationship": "Outer", "Relation Name": "company_type", "Alias": "ct", "Startup Cost": 0.0, "Total Cost": 1.04, "Plan Rows": 2, "Plan Width": 4, "Filter": "((kind IS NOT NULL) AND (((kind)::text = 'production companies'::text) OR ((kind)::text = 'distributors'::text)))"}]}]}]}, "Unique SQL Id": 1682224415}, "explain_analyze_plan": null}, "(1, 127)": {"explain_plan": {"Plan": {"Node Type": "Aggregate", "Strategy": "Plain", "Startup Cost": 8000134520134.75, "Total Cost": 8000134520134.76, "Plan Rows": 1, "Plan Width": 123, "Plans": [{"Node Type": "Nested Loop", "Parent Relationship": "Outer", "Join Type": "Inner", "Startup Cost": 80000000000.0, "Total Cost": 8000134520134.73, "Plan Rows": 4, "Plan Width": 59, "Inner Unique": true, "Join Filter": "(mc.company_type_id = ct.id)", "Plans": [{"Node Type": "Nested Loop", "Parent Relationship": "Outer", "Join Type": "Inner", "Startup Cost": 70000000000.0, "Total Cost": 7000134518903.61, "Plan Rows": 4, "Plan Width": 63, "Inner Unique": true, "Join Filter": "(mc.company_id = cn.id)", "Plans": [{"Node Type": "Nested Loop", "Parent Relationship": "Outer", "Join Type": "Inner", "Startup Cost": 60000000000.0, "Total Cost": 6000133462163.97, "Plan Rows": 5, "Plan Width": 67, "Inner Unique": false, "Join Filter": "(t.id = mc.movie_id)", "Plans": [{"Node Type": "Index Scan", "Parent Relationship": "Outer", "Scan Direction": "Forward", "Index Name": "company_type_id_movie_companies", "Relation Name": "movie_companies", "Alias": "mc", "Startup Cost": 10000000000.0, "Total Cost": 1000009318217.0, "Plan Rows": 2609128, "Plan Width": 12}, {"Node Type": "Materialize", "Parent Relationship": "Inner", "Startup Cost": 50000000000.0, "Total Cost": 5000123830851.63, "Plan Rows": 8, "Plan Width": 71, "Plans": [{"Node Type": "Nested Loop", "Parent Relationship": "Outer", "Join Type": "Inner", "Startup Cost": 50000000000.0, "Total Cost": 5000123830851.59, "Plan Rows": 8, "Plan Width": 71, "Inner Unique": false, "Join Filter": "(mi_idx.movie_id = t.id)", "Plans": [{"Node Type": "Nested Loop", "Parent Relationship": "Outer", "Join Type": "Inner", "Startup Cost": 20000000000.0, "Total Cost": 2000004672156.88, "Plan Rows": 345008, "Plan Width": 4, "Inner Unique": true, "Join Filter": "(it2.id = mi_idx.info_type_id), (LLVM Optimized)", "Plans": [{"Node Type": "Index Scan", "Parent Relationship": "Outer", "Scan Direction": "Forward", "Index Name": "movie_id_movie_info_idx", "Relation Name": "movie_info_idx", "Alias": "mi_idx", "Startup Cost": 10000000000.0, "Total Cost": 1000004650035.37, "Plan Rows": 1380034, "Plan Width": 8}, {"Node Type": "Materialize", "Parent Relationship": "Inner", "Startup Cost": 10000000000.0, "Total Cost": 1000000001421.0, "Plan Rows": 1, "Plan Width": 4, "Plans": [{"Node Type": "Index Scan", "Parent Relationship": "Outer", "Scan Direction": "Forward", "Index Name": "info_type_pkey", "Relation Name": "info_type", "Alias": "it2", "Startup Cost": 10000000000.0, "Total Cost": 1000000001421.0, "Plan Rows": 1, "Plan Width": 4, "Filter": "((info)::text = 'bottom 10 rank'::text)"}]}]}, {"Node Type": "Materialize", "Parent Relationship": "Inner", "Startup Cost": 30000000000.0, "Total Cost": 3000117771763.22, "Plan Rows": 268, "Plan Width": 67, "Plans": [{"Node Type": "Nested Loop", "Parent Relationship": "Outer", "Join Type": "Inner", "Startup Cost": 30000000000.0, "Total Cost": 3000117771761.88, "Plan Rows": 268, "Plan Width": 67, "Inner Unique": true, "Join Filter": "(mi.movie_id = t.id)", "Plans": [{"Node Type": "Nested Loop", "Parent Relationship": "Outer", "Join Type": "Inner", "Startup Cost": 20000000000.0, "Total Cost": 2000104041382.71, "Plan Rows": 212428, "Plan Width": 46, "Inner Unique": true, "Join Filter": "(it1.id = mi.info_type_id), (LLVM Optimized)", "Plans": [{"Node Type": "Index Scan", "Parent Relationship": "Outer", "Scan Direction": "Forward", "Index Name": "movie_id_movie_info", "Relation Name": "movie_info", "Alias": "mi", "Startup Cost": 10000000000.0, "Total Cost": 1000103816912.22, "Plan Rows": 14869966, "Plan Width": 50}, {"Node Type": "Materialize", "Parent Relationship": "Inner", "Startup Cost": 10000000000.0, "Total Cost": 1000000001421.0, "Plan Rows": 1, "Plan Width": 4, "Plans": [{"Node Type": "Index Scan", "Parent Relationship": "Outer", "Scan Direction": "Forward", "Index Name": "info_type_pkey", "Relation Name": "info_type", "Alias": "it1", "Startup Cost": 10000000000.0, "Total Cost": 1000000001421.0, "Plan Rows": 1, "Plan Width": 4, "Filter": "((info)::text = 'budget'::text)"}]}]}, {"Node Type": "Materialize", "Parent Relationship": "Inner", "Startup Cost": 10000000000.0, "Total Cost": 1000012908283.45, "Plan Rows": 258, "Plan Width": 21, "Plans": [{"Node Type": "Index Scan", "Parent Relationship": "Outer", "Scan Direction": "Forward", "Index Name": "title_pkey", "Relation Name": "title", "Alias": "t", "Startup Cost": 10000000000.0, "Total Cost": 1000012908282.16, "Plan Rows": 258, "Plan Width": 21, "Filter": "((production_year > 2000) AND (((title)::text ~~ 'Birdemic%'::text) OR ((title)::text ~~ '%Movie%'::text)))"}]}]}]}]}]}]}, {"Node Type": "Materialize", "Parent Relationship": "Inner", "Startup Cost": 10000000000.0, "Total Cost": 1000001050564.82, "Plan Rows": 85170, "Plan Width": 4, "Plans": [{"Node Type": "Index Scan", "Parent Relationship": "Outer", "Scan Direction": "Forward", "Index Name": "company_name_pkey", "Relation Name": "company_name", "Alias": "cn", "Startup Cost": 10000000000.0, "Total Cost": 1000001050138.97, "Plan Rows": 85170, "Plan Width": 4, "Filter": "((country_code)::text = '[us]'::text)"}]}]}, {"Node Type": "Materialize", "Parent Relationship": "Inner", "Startup Cost": 10000000000.0, "Total Cost": 1000000001231.01, "Plan Rows": 2, "Plan Width": 4, "Plans": [{"Node Type": "Index Scan", "Parent Relationship": "Outer", "Scan Direction": "Forward", "Index Name": "company_type_pkey", "Relation Name": "company_type", "Alias": "ct", "Startup Cost": 10000000000.0, "Total Cost": 1000000001231.0, "Plan Rows": 2, "Plan Width": 4, "Filter": "((kind IS NOT NULL) AND (((kind)::text = 'production companies'::text) OR ((kind)::text = 'distributors'::text)))"}]}]}]}, "Unique SQL Id": 1682224415}, "explain_analyze_plan": null}, "(16, 0)": {"explain_plan": {"Plan": {"Node Type": "Aggregate", "Strategy": "Plain", "Startup Cost": 22395.63, "Total Cost": 22395.64, "Plan Rows": 1, "Plan Width": 123, "Plans": [{"Node Type": "Nested Loop", "Parent Relationship": "Outer", "Join Type": "Inner", "Startup Cost": 0.0, "Total Cost": 22395.61, "Plan Rows": 4, "Plan Width": 59, "Inner Unique": true, "Plans": [{"Node Type": "Nested Loop", "Parent Relationship": "Outer", "Join Type": "Inner", "Startup Cost": 0.0, "Total Cost": 22393.6, "Plan Rows": 7, "Plan Width": 63, "Inner Unique": true, "Join Filter": "(mc.company_type_id = ct.id)", "Plans": [{"Node Type": "Nested Loop", "Parent Relationship": "Outer", "Join Type": "Inner", "Startup Cost": 0.0, "Total Cost": 22392.19, "Plan Rows": 12, "Plan Width": 67, "Inner Unique": false, "Join Filter": "(t.id = mc.movie_id)", "Plans": [{"Node Type": "Nested Loop", "Parent Relationship": "Outer", "Join Type": "Inner", "Startup Cost": 0.0, "Total Cost": 22389.62, "Plan Rows": 8, "Plan Width": 71, "Inner Unique": false, "Join Filter": "(mi.info_type_id = it1.id)", "Plans": [{"Node Type": "Seq Scan", "Parent Relationship": "Outer", "Relation Name": "info_type", "Alias": "it1", "Startup Cost": 0.0, "Total Cost": 2.4, "Plan Rows": 1, "Plan Width": 4, "Filter": "((info)::text = 'budget'::text)"}, {"Node Type": "Nested Loop", "Parent Relationship": "Inner", "Join Type": "Inner", "Startup Cost": 0.0, "Total Cost": 22366.48, "Plan Rows": 1659, "Plan Width": 75, "Inner Unique": false, "Join Filter": "(t.id = mi.movie_id)", "Plans": [{"Node Type": "Nested Loop", "Parent Relationship": "Outer", "Join Type": "Inner", "Startup Cost": 0.0, "Total Cost": 22053.3, "Plan Rows": 311, "Plan Width": 25, "Inner Unique": false, "Join Filter": "(mi_idx.info_type_id = it2.id)", "Plans": [{"Node Type": "Seq Scan", "Parent Relationship": "Outer", "Relation Name": "info_type", "Alias": "it2", "Startup Cost": 0.0, "Total Cost": 2.4, "Plan Rows": 1, "Plan Width": 4, "Filter": "((info)::text = 'bottom 10 rank'::text)"}, {"Node Type": "Materialize", "Parent Relationship": "Inner", "Startup Cost": 0.0, "Total Cost": 22046.94, "Plan Rows": 396, "Plan Width": 29, "Plans": [{"Node Type": "Nested Loop", "Parent Relationship": "Outer", "Join Type": "Inner", "Startup Cost": 0.0, "Total Cost": 22045.95, "Plan Rows": 396, "Plan Width": 29, "Inner Unique": false, "Plans": [{"Node Type": "Streaming(type: LOCAL GATHER dop: 1/16)", "Parent Relationship": "Outer", "Startup Cost": 0.0, "Total Cost": 19945.03, "Plan Rows": 258, "Plan Width": 21, "Plans": [{"Node Type": "Seq Scan", "Parent Relationship": "Outer", "Relation Name": "title", "Alias": "t", "Startup Cost": 0.0, "Total Cost": 19939.47, "Plan Rows": 258, "Plan Width": 21, "Filter": "((production_year > 2000) AND (((title)::text ~~ 'Birdemic%'::text) OR ((title)::text ~~ '%Movie%'::text)))"}]}, {"Node Type": "Index Scan", "Parent Relationship": "Inner", "Scan Direction": "Forward", "Index Name": "movie_id_movie_info_idx", "Relation Name": "movie_info_idx", "Alias": "mi_idx", "Startup Cost": 0.0, "Total Cost": 8.12, "Plan Rows": 2, "Plan Width": 8, "Index Cond": "(movie_id = t.id)"}]}]}]}, {"Node Type": "Index Scan", "Parent Relationship": "Inner", "Scan Direction": "Forward", "Index Name": "movie_id_movie_info", "Relation Name": "movie_info", "Alias": "mi", "Startup Cost": 0.0, "Total Cost": 0.94, "Plan Rows": 5, "Plan Width": 50, "Index Cond": "(movie_id = mi_idx.movie_id)"}]}]}, {"Node Type": "Index Scan", "Parent Relationship": "Inner", "Scan Direction": "Forward", "Index Name": "movie_id_movie_companies", "Relation Name": "movie_companies", "Alias": "mc", "Startup Cost": 0.0, "Total Cost": 0.3, "Plan Rows": 2, "Plan Width": 12, "Index Cond": "(movie_id = mi.movie_id)"}]}, {"Node Type": "Materialize", "Parent Relationship": "Inner", "Startup Cost": 0.0, "Total Cost": 1.05, "Plan Rows": 2, "Plan Width": 4, "Plans": [{"Node Type": "Seq Scan", "Parent Relationship": "Outer", "Relation Name": "company_type", "Alias": "ct", "Startup Cost": 0.0, "Total Cost": 1.04, "Plan Rows": 2, "Plan Width": 4, "Filter": "((kind IS NOT NULL) AND (((kind)::text = 'production companies'::text) OR ((kind)::text = 'distributors'::text)))"}]}]}, {"Node Type": "Index Scan", "Parent Relationship": "Inner", "Scan Direction": "Forward", "Index Name": "company_name_pkey", "Relation Name": "company_name", "Alias": "cn", "Startup Cost": 0.0, "Total Cost": 0.28, "Plan Rows": 1, "Plan Width": 4, "Index Cond": "(id = mc.company_id)", "Filter": "((country_code)::text = '[us]'::text)"}]}]}, "Unique SQL Id": 1682224415}, "explain_analyze_plan": {"Plan": {"Node Type": "Aggregate", "Strategy": "Plain", "Startup Cost": 22395.63, "Total Cost": 22395.64, "Plan Rows": 1, "Plan Width": 123, "Actual Min Startup Time": 140.775, "Actual Max Startup Time": 140.775, "Actual Min Total Time": 140.775, "Actual Max Total Time": 140.775, "Actual Total Rows": 1, "Plans": [{"Node Type": "Nested Loop", "Parent Relationship": "Outer", "Join Type": "Inner", "Startup Cost": 0.0, "Total Cost": 22395.61, "Plan Rows": 4, "Plan Width": 59, "Actual Min Startup Time": 139.72, "Actual Max Startup Time": 139.72, "Actual Min Total Time": 140.741, "Actual Max Total Time": 140.741, "Actual Total Rows": 5, "Inner Unique": true, "Plans": [{"Node Type": "Nested Loop", "Parent Relationship": "Outer", "Join Type": "Inner", "Startup Cost": 0.0, "Total Cost": 22393.6, "Plan Rows": 7, "Plan Width": 63, "Actual Min Startup Time": 139.69, "Actual Max Startup Time": 139.69, "Actual Min Total Time": 140.667, "Actual Max Total Time": 140.667, "Actual Total Rows": 5, "Inner Unique": true, "Join Filter": "(mc.company_type_id = ct.id)", "Rows Removed by Join Filter": 28, "Plans": [{"Node Type": "Nested Loop", "Parent Relationship": "Outer", "Join Type": "Inner", "Startup Cost": 0.0, "Total Cost": 22392.19, "Plan Rows": 12, "Plan Width": 67, "Actual Min Startup Time": 139.612, "Actual Max Startup Time": 139.612, "Actual Min Total Time": 140.606, "Actual Max Total Time": 140.606, "Actual Total Rows": 33, "Inner Unique": false, "Join Filter": "(t.id = mc.movie_id)", "Rows Removed by Join Filter": 0, "Plans": [{"Node Type": "Nested Loop", "Parent Relationship": "Outer", "Join Type": "Inner", "Startup Cost": 0.0, "Total Cost": 22389.62, "Plan Rows": 8, "Plan Width": 71, "Actual Min Startup Time": 139.58, "Actual Max Startup Time": 139.58, "Actual Min Total Time": 140.526, "Actual Max Total Time": 140.526, "Actual Total Rows": 2, "Inner Unique": false, "Join Filter": "(mi.info_type_id = it1.id)", "Rows Removed by Join Filter": 219, "Plans": [{"Node Type": "Seq Scan", "Parent Relationship": "Outer", "Relation Name": "info_type", "Alias": "it1", "Startup Cost": 0.0, "Total Cost": 2.4, "Plan Rows": 1, "Plan Width": 4, "Actual Min Startup Time": 0.085, "Actual Max Startup Time": 0.085, "Actual Min Total Time": 0.096, "Actual Max Total Time": 0.096, "Actual Total Rows": 1, "Filter": "((info)::text = 'budget'::text)", "Rows Removed by Filter": 111}, {"Node Type": "Nested Loop", "Parent Relationship": "Inner", "Join Type": "Inner", "Startup Cost": 0.0, "Total Cost": 22366.48, "Plan Rows": 1659, "Plan Width": 75, "Actual Min Startup Time": 139.308, "Actual Max Startup Time": 139.308, "Actual Min Total Time": 140.321, "Actual Max Total Time": 140.321, "Actual Total Rows": 221, "Inner Unique": false, "Join Filter": "(t.id = mi.movie_id)", "Rows Removed by Join Filter": 0, "Plans": [{"Node Type": "Nested Loop", "Parent Relationship": "Outer", "Join Type": "Inner", "Startup Cost": 0.0, "Total Cost": 22053.3, "Plan Rows": 311, "Plan Width": 25, "Actual Min Startup Time": 139.258, "Actual Max Startup Time": 139.258, "Actual Min Total Time": 139.97, "Actual Max Total Time": 139.97, "Actual Total Rows": 2, "Inner Unique": false, "Join Filter": "(mi_idx.info_type_id = it2.id)", "Rows Removed by Join Filter": 2643, "Plans": [{"Node Type": "Seq Scan", "Parent Relationship": "Outer", "Relation Name": "info_type", "Alias": "it2", "Startup Cost": 0.0, "Total Cost": 2.4, "Plan Rows": 1, "Plan Width": 4, "Actual Min Startup Time": 0.08, "Actual Max Startup Time": 0.08, "Actual Min Total Time": 0.085, "Actual Max Total Time": 0.085, "Actual Total Rows": 1, "Filter": "((info)::text = 'bottom 10 rank'::text)", "Rows Removed by Filter": 111}, {"Node Type": "Materialize", "Parent Relationship": "Inner", "Startup Cost": 0.0, "Total Cost": 22046.94, "Plan Rows": 396, "Plan Width": 29, "Actual Min Startup Time": 138.976, "Actual Max Startup Time": 138.976, "Actual Min Total Time": 139.29, "Actual Max Total Time": 139.29, "Actual Total Rows": 2646, "Plans": [{"Node Type": "Nested Loop", "Parent Relationship": "Outer", "Join Type": "Inner", "Startup Cost": 0.0, "Total Cost": 22045.95, "Plan Rows": 396, "Plan Width": 29, "Actual Min Startup Time": 83.367, "Actual Max Startup Time": 83.367, "Actual Min Total Time": 138.066, "Actual Max Total Time": 138.066, "Actual Total Rows": 2645, "Inner Unique": false, "Plans": [{"Node Type": "Streaming(type: LOCAL GATHER dop: 1/16)", "Parent Relationship": "Outer", "Startup Cost": 0.0, "Total Cost": 19945.03, "Plan Rows": 258, "Plan Width": 21, "Actual Min Startup Time": 83.287, "Actual Max Startup Time": 83.287, "Actual Min Total Time": 121.213, "Actual Max Total Time": 121.213, "Actual Total Rows": 2536, "Plans": [{"Node Type": "Seq Scan", "Parent Relationship": "Outer", "Relation Name": "title", "Alias": "t", "Startup Cost": 0.0, "Total Cost": 19939.47, "Plan Rows": 258, "Plan Width": 21, "Actual Min Startup Time": 0.049, "Actual Max Startup Time": 5.595, "Actual Min Total Time": 84.557, "Actual Max Total Time": 107.152, "Actual Total Rows": 2536, "Filter": "((production_year > 2000) AND (((title)::text ~~ 'Birdemic%'::text) OR ((title)::text ~~ '%Movie%'::text)))", "Rows Removed by Filter": 2525775}]}, {"Node Type": "Index Scan", "Parent Relationship": "Inner", "Scan Direction": "Forward", "Index Name": "movie_id_movie_info_idx", "Relation Name": "movie_info_idx", "Alias": "mi_idx", "Startup Cost": 0.0, "Total Cost": 8.12, "Plan Rows": 2, "Plan Width": 8, "Actual Min Startup Time": 14.009, "Actual Max Startup Time": 14.009, "Actual Min Total Time": 15.039, "Actual Max Total Time": 15.039, "Actual Total Rows": 2645, "Index Cond": "(movie_id = t.id)", "Rows Removed by Index Recheck": 0}]}]}]}, {"Node Type": "Index Scan", "Parent Relationship": "Inner", "Scan Direction": "Forward", "Index Name": "movie_id_movie_info", "Relation Name": "movie_info", "Alias": "mi", "Startup Cost": 0.0, "Total Cost": 0.94, "Plan Rows": 5, "Plan Width": 50, "Actual Min Startup Time": 0.058, "Actual Max Startup Time": 0.058, "Actual Min Total Time": 0.27, "Actual Max Total Time": 0.27, "Actual Total Rows": 221, "Index Cond": "(movie_id = mi_idx.movie_id)", "Rows Removed by Index Recheck": 0}]}]}, {"Node Type": "Index Scan", "Parent Relationship": "Inner", "Scan Direction": "Forward", "Index Name": "movie_id_movie_companies", "Relation Name": "movie_companies", "Alias": "mc", "Startup Cost": 0.0, "Total Cost": 0.3, "Plan Rows": 2, "Plan Width": 12, "Actual Min Startup Time": 0.034, "Actual Max Startup Time": 0.034, "Actual Min Total Time": 0.053, "Actual Max Total Time": 0.053, "Actual Total Rows": 33, "Index Cond": "(movie_id = mi.movie_id)", "Rows Removed by Index Recheck": 0}]}, {"Node Type": "Materialize", "Parent Relationship": "Inner", "Startup Cost": 0.0, "Total Cost": 1.05, "Plan Rows": 2, "Plan Width": 4, "Actual Min Startup Time": 0.023, "Actual Max Startup Time": 0.023, "Actual Min Total Time": 0.032, "Actual Max Total Time": 0.032, "Actual Total Rows": 33, "Plans": [{"Node Type": "Seq Scan", "Parent Relationship": "Outer", "Relation Name": "company_type", "Alias": "ct", "Startup Cost": 0.0, "Total Cost": 1.04, "Plan Rows": 2, "Plan Width": 4, "Actual Min Startup Time": 0.017, "Actual Max Startup Time": 0.017, "Actual Min Total Time": 0.024, "Actual Max Total Time": 0.024, "Actual Total Rows": 1, "Filter": "((kind IS NOT NULL) AND (((kind)::text = 'production companies'::text) OR ((kind)::text = 'distributors'::text)))", "Rows Removed by Filter": 2}]}]}, {"Node Type": "Index Scan", "Parent Relationship": "Inner", "Scan Direction": "Forward", "Index Name": "company_name_pkey", "Relation Name": "company_name", "Alias": "cn", "Startup Cost": 0.0, "Total Cost": 0.28, "Plan Rows": 1, "Plan Width": 4, "Actual Min Startup Time": 0.063, "Actual Max Startup Time": 0.063, "Actual Min Total Time": 0.063, "Actual Max Total Time": 0.063, "Actual Total Rows": 5, "Index Cond": "(id = mc.company_id)", "Rows Removed by Index Recheck": 0, "Filter": "((country_code)::text = '[us]'::text)", "Rows Removed by Filter": 0}]}]}, "Triggers": [], "Planner Runtime": 277.921, "Total Runtime": 143.957, "Unique SQL Id": 1682224415}}, "(16, 1)": {"explain_plan": {"Plan": {"Node Type": "Aggregate", "Strategy": "Plain", "Startup Cost": 105046.13, "Total Cost": 105046.14, "Plan Rows": 1, "Plan Width": 123, "Plans": [{"Node Type": "Nested Loop", "Parent Relationship": "Outer", "Join Type": "Inner", "Startup Cost": 0.0, "Total Cost": 105045.89, "Plan Rows": 48, "Plan Width": 59, "Inner Unique": true, "Plans": [{"Node Type": "Nested Loop", "Parent Relationship": "Outer", "Join Type": "Inner", "Startup Cost": 0.0, "Total Cost": 105043.87, "Plan Rows": 7, "Plan Width": 63, "Inner Unique": true, "Join Filter": "(mc.company_type_id = ct.id)", "Plans": [{"Node Type": "Nested Loop", "Parent Relationship": "Outer", "Join Type": "Inner", "Startup Cost": 0.0, "Total Cost": 105030.03, "Plan Rows": 51, "Plan Width": 67, "Inner Unique": false, "Join Filter": "(mi.info_type_id = it1.id)", "Plans": [{"Node Type": "Index Scan", "Parent Relationship": "Outer", "Scan Direction": "Forward", "Index Name": "info_type_pkey", "Relation Name": "info_type", "Alias": "it1", "Startup Cost": 0.0, "Total Cost": 14.21, "Plan Rows": 1, "Plan Width": 4, "Filter": "((info)::text = 'budget'::text)"}, {"Node Type": "Nested Loop", "Parent Relationship": "Inner", "Join Type": "Inner", "Startup Cost": 0.0, "Total Cost": 105001.79, "Plan Rows": 1122, "Plan Width": 71, "Inner Unique": false, "Join Filter": "(t.id = mi.movie_id)", "Plans": [{"Node Type": "Nested Loop", "Parent Relationship": "Outer", "Join Type": "Inner", "Startup Cost": 0.0, "Total Cost": 104849.13, "Plan Rows": 210, "Plan Width": 37, "Inner Unique": false, "Join Filter": "(t.id = mc.movie_id)", "Plans": [{"Node Type": "Nested Loop", "Parent Relationship": "Outer", "Join Type": "Inner", "Startup Cost": 0.0, "Total Cost": 104728.36, "Plan Rows": 311, "Plan Width": 25, "Inner Unique": false, "Join Filter": "(mi_idx.info_type_id = it2.id)", "Plans": [{"Node Type": "Index Scan", "Parent Relationship": "Outer", "Scan Direction": "Forward", "Index Name": "info_type_pkey", "Relation Name": "info_type", "Alias": "it2", "Startup Cost": 0.0, "Total Cost": 14.21, "Plan Rows": 1, "Plan Width": 4, "Filter": "((info)::text = 'bottom 10 rank'::text)"}, {"Node Type": "Materialize", "Parent Relationship": "Inner", "Startup Cost": 0.0, "Total Cost": 104710.19, "Plan Rows": 396, "Plan Width": 29, "Plans": [{"Node Type": "Nested Loop", "Parent Relationship": "Outer", "Join Type": "Inner", "Startup Cost": 0.0, "Total Cost": 104709.2, "Plan Rows": 396, "Plan Width": 29, "Inner Unique": false, "Plans": [{"Node Type": "Streaming(type: LOCAL GATHER dop: 1/16)", "Parent Relationship": "Outer", "Startup Cost": 0.0, "Total Cost": 102608.29, "Plan Rows": 258, "Plan Width": 21, "Plans": [{"Node Type": "Index Scan", "Parent Relationship": "Outer", "Scan Direction": "Forward", "Index Name": "title_pkey", "Relation Name": "title", "Alias": "t", "Startup Cost": 0.0, "Total Cost": 102602.72, "Plan Rows": 258, "Plan Width": 21, "Filter": "((production_year > 2000) AND (((title)::text ~~ 'Birdemic%'::text) OR ((title)::text ~~ '%Movie%'::text)))"}]}, {"Node Type": "Index Scan", "Parent Relationship": "Inner", "Scan Direction": "Forward", "Index Name": "movie_id_movie_info_idx", "Relation Name": "movie_info_idx", "Alias": "mi_idx", "Startup Cost": 0.0, "Total Cost": 8.12, "Plan Rows": 2, "Plan Width": 8, "Index Cond": "(movie_id = t.id)"}]}]}]}, {"Node Type": "Index Scan", "Parent Relationship": "Inner", "Scan Direction": "Forward", "Index Name": "movie_id_movie_companies", "Relation Name": "movie_companies", "Alias": "mc", "Startup Cost": 0.0, "Total Cost": 0.36, "Plan Rows": 2, "Plan Width": 12, "Index Cond": "(movie_id = mi_idx.movie_id)"}]}, {"Node Type": "Index Scan", "Parent Relationship": "Inner", "Scan Direction": "Forward", "Index Name": "movie_id_movie_info", "Relation Name": "movie_info", "Alias": "mi", "Startup Cost": 0.0, "Total Cost": 0.66, "Plan Rows": 5, "Plan Width": 50, "Index Cond": "(movie_id = mc.movie_id)"}]}]}, {"Node Type": "Materialize", "Parent Relationship": "Inner", "Startup Cost": 0.0, "Total Cost": 12.32, "Plan Rows": 2, "Plan Width": 4, "Plans": [{"Node Type": "Index Scan", "Parent Relationship": "Outer", "Scan Direction": "Forward", "Index Name": "company_type_pkey", "Relation Name": "company_type", "Alias": "ct", "Startup Cost": 0.0, "Total Cost": 12.31, "Plan Rows": 2, "Plan Width": 4, "Filter": "((kind IS NOT NULL) AND (((kind)::text = 'production companies'::text) OR ((kind)::text = 'distributors'::text)))"}]}]}, {"Node Type": "Index Scan", "Parent Relationship": "Inner", "Scan Direction": "Forward", "Index Name": "company_name_pkey", "Relation Name": "company_name", "Alias": "cn", "Startup Cost": 0.0, "Total Cost": 0.28, "Plan Rows": 1, "Plan Width": 4, "Index Cond": "(id = mc.company_id)", "Filter": "((country_code)::text = '[us]'::text)"}]}]}, "Unique SQL Id": 1682224415}, "explain_analyze_plan": {"Plan": {"Node Type": "Aggregate", "Strategy": "Plain", "Startup Cost": 105046.13, "Total Cost": 105046.14, "Plan Rows": 1, "Plan Width": 123, "Actual Min Startup Time": 329.917, "Actual Max Startup Time": 329.917, "Actual Min Total Time": 329.917, "Actual Max Total Time": 329.917, "Actual Total Rows": 1, "Plans": [{"Node Type": "Nested Loop", "Parent Relationship": "Outer", "Join Type": "Inner", "Startup Cost": 0.0, "Total Cost": 105045.89, "Plan Rows": 48, "Plan Width": 59, "Actual Min Startup Time": 328.653, "Actual Max Startup Time": 328.653, "Actual Min Total Time": 329.889, "Actual Max Total Time": 329.889, "Actual Total Rows": 5, "Inner Unique": true, "Plans": [{"Node Type": "Nested Loop", "Parent Relationship": "Outer", "Join Type": "Inner", "Startup Cost": 0.0, "Total Cost": 105043.87, "Plan Rows": 7, "Plan Width": 63, "Actual Min Startup Time": 328.636, "Actual Max Startup Time": 328.636, "Actual Min Total Time": 329.841, "Actual Max Total Time": 329.841, "Actual Total Rows": 5, "Inner Unique": true, "Join Filter": "(mc.company_type_id = ct.id)", "Rows Removed by Join Filter": 28, "Plans": [{"Node Type": "Nested Loop", "Parent Relationship": "Outer", "Join Type": "Inner", "Startup Cost": 0.0, "Total Cost": 105030.03, "Plan Rows": 51, "Plan Width": 67, "Actual Min Startup Time": 324.578, "Actual Max Startup Time": 324.578, "Actual Min Total Time": 329.782, "Actual Max Total Time": 329.782, "Actual Total Rows": 33, "Inner Unique": false, "Join Filter": "(mi.info_type_id = it1.id)", "Rows Removed by Join Filter": 4926, "Plans": [{"Node Type": "Index Scan", "Parent Relationship": "Outer", "Scan Direction": "Forward", "Index Name": "info_type_pkey", "Relation Name": "info_type", "Alias": "it1", "Startup Cost": 0.0, "Total Cost": 14.21, "Plan Rows": 1, "Plan Width": 4, "Actual Min Startup Time": 0.111, "Actual Max Startup Time": 0.111, "Actual Min Total Time": 0.117, "Actual Max Total Time": 0.117, "Actual Total Rows": 1, "Filter": "((info)::text = 'budget'::text)", "Rows Removed by Filter": 111}, {"Node Type": "Nested Loop", "Parent Relationship": "Inner", "Join Type": "Inner", "Startup Cost": 0.0, "Total Cost": 105001.79, "Plan Rows": 1122, "Plan Width": 71, "Actual Min Startup Time": 324.319, "Actual Max Startup Time": 324.319, "Actual Min Total Time": 328.643, "Actual Max Total Time": 328.643, "Actual Total Rows": 4959, "Inner Unique": false, "Join Filter": "(t.id = mi.movie_id)", "Rows Removed by Join Filter": 0, "Plans": [{"Node Type": "Nested Loop", "Parent Relationship": "Outer", "Join Type": "Inner", "Startup Cost": 0.0, "Total Cost": 104849.13, "Plan Rows": 210, "Plan Width": 37, "Actual Min Startup Time": 324.29, "Actual Max Startup Time": 324.29, "Actual Min Total Time": 324.652, "Actual Max Total Time": 324.652, "Actual Total Rows": 33, "Inner Unique": false, "Join Filter": "(t.id = mc.movie_id)", "Rows Removed by Join Filter": 0, "Plans": [{"Node Type": "Nested Loop", "Parent Relationship": "Outer", "Join Type": "Inner", "Startup Cost": 0.0, "Total Cost": 104728.36, "Plan Rows": 311, "Plan Width": 25, "Actual Min Startup Time": 324.269, "Actual Max Startup Time": 324.269, "Actual Min Total Time": 324.593, "Actual Max Total Time": 324.593, "Actual Total Rows": 2, "Inner Unique": false, "Join Filter": "(mi_idx.info_type_id = it2.id)", "Rows Removed by Join Filter": 2643, "Plans": [{"Node Type": "Index Scan", "Parent Relationship": "Outer", "Scan Direction": "Forward", "Index Name": "info_type_pkey", "Relation Name": "info_type", "Alias": "it2", "Startup Cost": 0.0, "Total Cost": 14.21, "Plan Rows": 1, "Plan Width": 4, "Actual Min Startup Time": 0.083, "Actual Max Startup Time": 0.083, "Actual Min Total Time": 0.084, "Actual Max Total Time": 0.084, "Actual Total Rows": 1, "Filter": "((info)::text = 'bottom 10 rank'::text)", "Rows Removed by Filter": 111}, {"Node Type": "Materialize", "Parent Relationship": "Inner", "Startup Cost": 0.0, "Total Cost": 104710.19, "Plan Rows": 396, "Plan Width": 29, "Actual Min Startup Time": 323.605, "Actual Max Startup Time": 323.605, "Actual Min Total Time": 323.946, "Actual Max Total Time": 323.946, "Actual Total Rows": 2646, "Plans": [{"Node Type": "Nested Loop", "Parent Relationship": "Outer", "Join Type": "Inner", "Startup Cost": 0.0, "Total Cost": 104709.2, "Plan Rows": 396, "Plan Width": 29, "Actual Min Startup Time": 82.122, "Actual Max Startup Time": 82.122, "Actual Min Total Time": 322.569, "Actual Max Total Time": 322.569, "Actual Total Rows": 2645, "Inner Unique": false, "Plans": [{"Node Type": "Streaming(type: LOCAL GATHER dop: 1/16)", "Parent Relationship": "Outer", "Startup Cost": 0.0, "Total Cost": 102608.29, "Plan Rows": 258, "Plan Width": 21, "Actual Min Startup Time": 82.075, "Actual Max Startup Time": 82.075, "Actual Min Total Time": 310.697, "Actual Max Total Time": 310.697, "Actual Total Rows": 2536, "Plans": [{"Node Type": "Index Scan", "Parent Relationship": "Outer", "Scan Direction": "Forward", "Index Name": "title_pkey", "Relation Name": "title", "Alias": "t", "Startup Cost": 0.0, "Total Cost": 102602.72, "Plan Rows": 258, "Plan Width": 21, "Actual Min Startup Time": 16.026, "Actual Max Startup Time": 28.015, "Actual Min Total Time": 243.116, "Actual Max Total Time": 306.631, "Actual Total Rows": 2536, "Filter": "((production_year > 2000) AND (((title)::text ~~ 'Birdemic%'::text) OR ((title)::text ~~ '%Movie%'::text)))", "Rows Removed by Filter": 2525775}]}, {"Node Type": "Index Scan", "Parent Relationship": "Inner", "Scan Direction": "Forward", "Index Name": "movie_id_movie_info_idx", "Relation Name": "movie_info_idx", "Alias": "mi_idx", "Startup Cost": 0.0, "Total Cost": 8.12, "Plan Rows": 2, "Plan Width": 8, "Actual Min Startup Time": 8.8, "Actual Max Startup Time": 8.8, "Actual Min Total Time": 9.803, "Actual Max Total Time": 9.803, "Actual Total Rows": 2645, "Index Cond": "(movie_id = t.id)", "Rows Removed by Index Recheck": 0}]}]}]}, {"Node Type": "Index Scan", "Parent Relationship": "Inner", "Scan Direction": "Forward", "Index Name": "movie_id_movie_companies", "Relation Name": "movie_companies", "Alias": "mc", "Startup Cost": 0.0, "Total Cost": 0.36, "Plan Rows": 2, "Plan Width": 12, "Actual Min Startup Time": 0.023, "Actual Max Startup Time": 0.023, "Actual Min Total Time": 0.041, "Actual Max Total Time": 0.041, "Actual Total Rows": 33, "Index Cond": "(movie_id = mi_idx.movie_id)", "Rows Removed by Index Recheck": 0}]}, {"Node Type": "Index Scan", "Parent Relationship": "Inner", "Scan Direction": "Forward", "Index Name": "movie_id_movie_info", "Relation Name": "movie_info", "Alias": "mi", "Startup Cost": 0.0, "Total Cost": 0.66, "Plan Rows": 5, "Plan Width": 50, "Actual Min Startup Time": 0.49, "Actual Max Startup Time": 0.49, "Actual Min Total Time": 2.458, "Actual Max Total Time": 2.458, "Actual Total Rows": 4959, "Index Cond": "(movie_id = mc.movie_id)", "Rows Removed by Index Recheck": 0}]}]}, {"Node Type": "Materialize", "Parent Relationship": "Inner", "Startup Cost": 0.0, "Total Cost": 12.32, "Plan Rows": 2, "Plan Width": 4, "Actual Min Startup Time": 0.021, "Actual Max Startup Time": 0.021, "Actual Min Total Time": 0.026, "Actual Max Total Time": 0.026, "Actual Total Rows": 33, "Plans": [{"Node Type": "Index Scan", "Parent Relationship": "Outer", "Scan Direction": "Forward", "Index Name": "company_type_pkey", "Relation Name": "company_type", "Alias": "ct", "Startup Cost": 0.0, "Total Cost": 12.31, "Plan Rows": 2, "Plan Width": 4, "Actual Min Startup Time": 0.009, "Actual Max Startup Time": 0.009, "Actual Min Total Time": 0.014, "Actual Max Total Time": 0.014, "Actual Total Rows": 1, "Filter": "((kind IS NOT NULL) AND (((kind)::text = 'production companies'::text) OR ((kind)::text = 'distributors'::text)))", "Rows Removed by Filter": 2}]}]}, {"Node Type": "Index Scan", "Parent Relationship": "Inner", "Scan Direction": "Forward", "Index Name": "company_name_pkey", "Relation Name": "company_name", "Alias": "cn", "Startup Cost": 0.0, "Total Cost": 0.28, "Plan Rows": 1, "Plan Width": 4, "Actual Min Startup Time": 0.039, "Actual Max Startup Time": 0.039, "Actual Min Total Time": 0.039, "Actual Max Total Time": 0.039, "Actual Total Rows": 5, "Index Cond": "(id = mc.company_id)", "Rows Removed by Index Recheck": 0, "Filter": "((country_code)::text = '[us]'::text)", "Rows Removed by Filter": 0}]}]}, "Triggers": [], "Planner Runtime": 184.322, "Total Runtime": 332.989, "Unique SQL Id": 1682224415}}, "(16, 2)": {"explain_plan": {"Plan": {"Node Type": "Aggregate", "Strategy": "Plain", "Startup Cost": 24630.0, "Total Cost": 24630.01, "Plan Rows": 1, "Plan Width": 123, "Plans": [{"Node Type": "Nested Loop", "Parent Relationship": "Outer", "Join Type": "Inner", "Startup Cost": 5.15, "Total Cost": 24629.98, "Plan Rows": 4, "Plan Width": 59, "Inner Unique": true, "Plans": [{"Node Type": "Nested Loop", "Parent Relationship": "Outer", "Join Type": "Inner", "Startup Cost": 4.89, "Total Cost": 24561.45, "Plan Rows": 16, "Plan Width": 63, "Inner Unique": true, "Join Filter": "(mc.company_type_id = ct.id)", "Plans": [{"Node Type": "Nested Loop", "Parent Relationship": "Outer", "Join Type": "Inner", "Startup Cost": 4.89, "Total Cost": 24558.87, "Plan Rows": 51, "Plan Width": 67, "Inner Unique": false, "Join Filter": "(t.id = mc.movie_id)", "Plans": [{"Node Type": "Nested Loop", "Parent Relationship": "Outer", "Join Type": "Inner", "Startup Cost": 4.63, "Total Cost": 24524.32, "Plan Rows": 8, "Plan Width": 71, "Inner Unique": false, "Join Filter": "(mi.info_type_id = it1.id)", "Plans": [{"Node Type": "Seq Scan", "Parent Relationship": "Outer", "Relation Name": "info_type", "Alias": "it1", "Startup Cost": 0.0, "Total Cost": 2.4, "Plan Rows": 1, "Plan Width": 4, "Filter": "((info)::text = 'budget'::text)"}, {"Node Type": "Nested Loop", "Parent Relationship": "Inner", "Join Type": "Inner", "Startup Cost": 4.63, "Total Cost": 24501.18, "Plan Rows": 1659, "Plan Width": 75, "Inner Unique": false, "Join Filter": "(t.id = mi.movie_id)", "Plans": [{"Node Type": "Nested Loop", "Parent Relationship": "Outer", "Join Type": "Inner", "Startup Cost": 4.17, "Total Cost": 23077.28, "Plan Rows": 311, "Plan Width": 25, "Inner Unique": false, "Join Filter": "(mi_idx.info_type_id = it2.id)", "Plans": [{"Node Type": "Seq Scan", "Parent Relationship": "Outer", "Relation Name": "info_type", "Alias": "it2", "Startup Cost": 0.0, "Total Cost": 2.4, "Plan Rows": 1, "Plan Width": 4, "Filter": "((info)::text = 'bottom 10 rank'::text)"}, {"Node Type": "Materialize", "Parent Relationship": "Inner", "Startup Cost": 4.17, "Total Cost": 23070.92, "Plan Rows": 396, "Plan Width": 29, "Plans": [{"Node Type": "Nested Loop", "Parent Relationship": "Outer", "Join Type": "Inner", "Startup Cost": 4.17, "Total Cost": 23069.93, "Plan Rows": 396, "Plan Width": 29, "Inner Unique": false, "Plans": [{"Node Type": "Streaming(type: LOCAL GATHER dop: 1/16)", "Parent Relationship": "Outer", "Startup Cost": 0.0, "Total Cost": 19945.03, "Plan Rows": 258, "Plan Width": 21, "Plans": [{"Node Type": "Seq Scan", "Parent Relationship": "Outer", "Relation Name": "title", "Alias": "t", "Startup Cost": 0.0, "Total Cost": 19939.47, "Plan Rows": 258, "Plan Width": 21, "Filter": "((production_year > 2000) AND (((title)::text ~~ 'Birdemic%'::text) OR ((title)::text ~~ '%Movie%'::text)))"}]}, {"Node Type": "Bitmap Heap Scan", "Parent Relationship": "Inner", "Relation Name": "movie_info_idx", "Alias": "mi_idx", "Startup Cost": 4.17, "Total Cost": 12.09, "Plan Rows": 2, "Plan Width": 8, "Recheck Cond": "(movie_id = t.id)", "Plans": [{"Node Type": "Bitmap Index Scan", "Parent Relationship": "Outer", "Index Name": "movie_id_movie_info_idx", "Startup Cost": 0.0, "Total Cost": 4.17, "Plan Rows": 2, "Plan Width": 0, "Index Cond": "(movie_id = t.id)"}]}]}]}]}, {"Node Type": "Bitmap Heap Scan", "Parent Relationship": "Inner", "Relation Name": "movie_info", "Alias": "mi", "Startup Cost": 0.45, "Total Cost": 4.52, "Plan Rows": 5, "Plan Width": 50, "Recheck Cond": "(movie_id = mi_idx.movie_id)", "Plans": [{"Node Type": "Bitmap Index Scan", "Parent Relationship": "Outer", "Index Name": "movie_id_movie_info", "Startup Cost": 0.0, "Total Cost": 0.45, "Plan Rows": 5, "Plan Width": 0, "Index Cond": "(movie_id = mi_idx.movie_id)"}]}]}]}, {"Node Type": "Bitmap Heap Scan", "Parent Relationship": "Inner", "Relation Name": "movie_companies", "Alias": "mc", "Startup Cost": 0.27, "Total Cost": 4.29, "Plan Rows": 2, "Plan Width": 12, "Recheck Cond": "(movie_id = mi.movie_id)", "Plans": [{"Node Type": "Bitmap Index Scan", "Parent Relationship": "Outer", "Index Name": "movie_id_movie_companies", "Startup Cost": 0.0, "Total Cost": 0.27, "Plan Rows": 2, "Plan Width": 0, "Index Cond": "(movie_id = mi.movie_id)"}]}]}, {"Node Type": "Materialize", "Parent Relationship": "Inner", "Startup Cost": 0.0, "Total Cost": 1.05, "Plan Rows": 2, "Plan Width": 4, "Plans": [{"Node Type": "Seq Scan", "Parent Relationship": "Outer", "Relation Name": "company_type", "Alias": "ct", "Startup Cost": 0.0, "Total Cost": 1.04, "Plan Rows": 2, "Plan Width": 4, "Filter": "((kind IS NOT NULL) AND (((kind)::text = 'production companies'::text) OR ((kind)::text = 'distributors'::text)))"}]}]}, {"Node Type": "Bitmap Heap Scan", "Parent Relationship": "Inner", "Relation Name": "company_name", "Alias": "cn", "Startup Cost": 0.26, "Total Cost": 4.27, "Plan Rows": 1, "Plan Width": 4, "Recheck Cond": "(id = mc.company_id)", "Filter": "((country_code)::text = '[us]'::text)", "Plans": [{"Node Type": "Bitmap Index Scan", "Parent Relationship": "Outer", "Index Name": "company_name_pkey", "Startup Cost": 0.0, "Total Cost": 0.26, "Plan Rows": 1, "Plan Width": 0, "Index Cond": "(id = mc.company_id)"}]}]}]}, "Unique SQL Id": 1682224415}, "explain_analyze_plan": {"Plan": {"Node Type": "Aggregate", "Strategy": "Plain", "Startup Cost": 24630.0, "Total Cost": 24630.01, "Plan Rows": 1, "Plan Width": 123, "Actual Min Startup Time": 105.076, "Actual Max Startup Time": 105.076, "Actual Min Total Time": 105.077, "Actual Max Total Time": 105.077, "Actual Total Rows": 1, "Plans": [{"Node Type": "Nested Loop", "Parent Relationship": "Outer", "Join Type": "Inner", "Startup Cost": 5.15, "Total Cost": 24629.98, "Plan Rows": 4, "Plan Width": 59, "Actual Min Startup Time": 104.078, "Actual Max Startup Time": 104.078, "Actual Min Total Time": 105.045, "Actual Max Total Time": 105.045, "Actual Total Rows": 5, "Inner Unique": true, "Plans": [{"Node Type": "Nested Loop", "Parent Relationship": "Outer", "Join Type": "Inner", "Startup Cost": 4.89, "Total Cost": 24561.45, "Plan Rows": 16, "Plan Width": 63, "Actual Min Startup Time": 104.056, "Actual Max Startup Time": 104.056, "Actual Min Total Time": 104.984, "Actual Max Total Time": 104.984, "Actual Total Rows": 5, "Inner Unique": true, "Join Filter": "(mc.company_type_id = ct.id)", "Rows Removed by Join Filter": 28, "Plans": [{"Node Type": "Nested Loop", "Parent Relationship": "Outer", "Join Type": "Inner", "Startup Cost": 4.89, "Total Cost": 24558.87, "Plan Rows": 51, "Plan Width": 67, "Actual Min Startup Time": 103.998, "Actual Max Startup Time": 103.998, "Actual Min Total Time": 104.935, "Actual Max Total Time": 104.935, "Actual Total Rows": 33, "Inner Unique": false, "Join Filter": "(t.id = mc.movie_id)", "Rows Removed by Join Filter": 0, "Plans": [{"Node Type": "Nested Loop", "Parent Relationship": "Outer", "Join Type": "Inner", "Startup Cost": 4.63, "Total Cost": 24524.32, "Plan Rows": 8, "Plan Width": 71, "Actual Min Startup Time": 103.959, "Actual Max Startup Time": 103.959, "Actual Min Total Time": 104.859, "Actual Max Total Time": 104.859, "Actual Total Rows": 2, "Inner Unique": false, "Join Filter": "(mi.info_type_id = it1.id)", "Rows Removed by Join Filter": 219, "Plans": [{"Node Type": "Seq Scan", "Parent Relationship": "Outer", "Relation Name": "info_type", "Alias": "it1", "Startup Cost": 0.0, "Total Cost": 2.4, "Plan Rows": 1, "Plan Width": 4, "Actual Min Startup Time": 0.093, "Actual Max Startup Time": 0.093, "Actual Min Total Time": 0.103, "Actual Max Total Time": 0.103, "Actual Total Rows": 1, "Filter": "((info)::text = 'budget'::text)", "Rows Removed by Filter": 111}, {"Node Type": "Nested Loop", "Parent Relationship": "Inner", "Join Type": "Inner", "Startup Cost": 4.63, "Total Cost": 24501.18, "Plan Rows": 1659, "Plan Width": 75, "Actual Min Startup Time": 103.72, "Actual Max Startup Time": 103.72, "Actual Min Total Time": 104.66, "Actual Max Total Time": 104.66, "Actual Total Rows": 221, "Inner Unique": false, "Join Filter": "(t.id = mi.movie_id)", "Rows Removed by Join Filter": 0, "Plans": [{"Node Type": "Nested Loop", "Parent Relationship": "Outer", "Join Type": "Inner", "Startup Cost": 4.17, "Total Cost": 23077.28, "Plan Rows": 311, "Plan Width": 25, "Actual Min Startup Time": 103.665, "Actual Max Startup Time": 103.665, "Actual Min Total Time": 104.378, "Actual Max Total Time": 104.378, "Actual Total Rows": 2, "Inner Unique": false, "Join Filter": "(mi_idx.info_type_id = it2.id)", "Rows Removed by Join Filter": 2643, "Plans": [{"Node Type": "Seq Scan", "Parent Relationship": "Outer", "Relation Name": "info_type", "Alias": "it2", "Startup Cost": 0.0, "Total Cost": 2.4, "Plan Rows": 1, "Plan Width": 4, "Actual Min Startup Time": 0.08, "Actual Max Startup Time": 0.08, "Actual Min Total Time": 0.084, "Actual Max Total Time": 0.084, "Actual Total Rows": 1, "Filter": "((info)::text = 'bottom 10 rank'::text)", "Rows Removed by Filter": 111}, {"Node Type": "Materialize", "Parent Relationship": "Inner", "Startup Cost": 4.17, "Total Cost": 23070.92, "Plan Rows": 396, "Plan Width": 29, "Actual Min Startup Time": 103.425, "Actual Max Startup Time": 103.425, "Actual Min Total Time": 103.698, "Actual Max Total Time": 103.698, "Actual Total Rows": 2646, "Plans": [{"Node Type": "Nested Loop", "Parent Relationship": "Outer", "Join Type": "Inner", "Startup Cost": 4.17, "Total Cost": 23069.93, "Plan Rows": 396, "Plan Width": 29, "Actual Min Startup Time": 77.156, "Actual Max Startup Time": 77.156, "Actual Min Total Time": 102.587, "Actual Max Total Time": 102.587, "Actual Total Rows": 2645, "Inner Unique": false, "Plans": [{"Node Type": "Streaming(type: LOCAL GATHER dop: 1/16)", "Parent Relationship": "Outer", "Startup Cost": 0.0, "Total Cost": 19945.03, "Plan Rows": 258, "Plan Width": 21, "Actual Min Startup Time": 77.055, "Actual Max Startup Time": 77.055, "Actual Min Total Time": 87.707, "Actual Max Total Time": 87.707, "Actual Total Rows": 2536, "Plans": [{"Node Type": "Seq Scan", "Parent Relationship": "Outer", "Relation Name": "title", "Alias": "t", "Startup Cost": 0.0, "Total Cost": 19939.47, "Plan Rows": 258, "Plan Width": 21, "Actual Min Startup Time": 0.051, "Actual Max Startup Time": 5.353, "Actual Min Total Time": 80.125, "Actual Max Total Time": 84.353, "Actual Total Rows": 2536, "Filter": "((production_year > 2000) AND (((title)::text ~~ 'Birdemic%'::text) OR ((title)::text ~~ '%Movie%'::text)))", "Rows Removed by Filter": 2525775}]}, {"Node Type": "Bitmap Heap Scan", "Parent Relationship": "Inner", "Relation Name": "movie_info_idx", "Alias": "mi_idx", "Startup Cost": 4.17, "Total Cost": 12.09, "Plan Rows": 2, "Plan Width": 8, "Actual Min Startup Time": 11.147, "Actual Max Startup Time": 11.147, "Actual Min Total Time": 11.54, "Actual Max Total Time": 11.54, "Actual Total Rows": 2645, "Recheck Cond": "(movie_id = t.id)", "Rows Removed by Index Recheck": 0, "Exact Heap Blocks": 890, "Lossy Heap Blocks": 890, "Plans": [{"Node Type": "Bitmap Index Scan", "Parent Relationship": "Outer", "Index Name": "movie_id_movie_info_idx", "Startup Cost": 0.0, "Total Cost": 4.17, "Plan Rows": 2, "Plan Width": 0, "Actual Min Startup Time": 8.215, "Actual Max Startup Time": 8.215, "Actual Min Total Time": 8.215, "Actual Max Total Time": 8.215, "Actual Total Rows": 2645, "Index Cond": "(movie_id = t.id)"}]}]}]}]}, {"Node Type": "Bitmap Heap Scan", "Parent Relationship": "Inner", "Relation Name": "movie_info", "Alias": "mi", "Startup Cost": 0.45, "Total Cost": 4.52, "Plan Rows": 5, "Plan Width": 50, "Actual Min Startup Time": 0.066, "Actual Max Startup Time": 0.066, "Actual Min Total Time": 0.209, "Actual Max Total Time": 0.209, "Actual Total Rows": 221, "Recheck Cond": "(movie_id = mi_idx.movie_id)", "Rows Removed by Index Recheck": 0, "Exact Heap Blocks": 40, "Lossy Heap Blocks": 40, "Plans": [{"Node Type": "Bitmap Index Scan", "Parent Relationship": "Outer", "Index Name": "movie_id_movie_info", "Startup Cost": 0.0, "Total Cost": 0.45, "Plan Rows": 5, "Plan Width": 0, "Actual Min Startup Time": 0.05, "Actual Max Startup Time": 0.05, "Actual Min Total Time": 0.05, "Actual Max Total Time": 0.05, "Actual Total Rows": 221, "Index Cond": "(movie_id = mi_idx.movie_id)"}]}]}]}, {"Node Type": "Bitmap Heap Scan", "Parent Relationship": "Inner", "Relation Name": "movie_companies", "Alias": "mc", "Startup Cost": 0.27, "Total Cost": 4.29, "Plan Rows": 2, "Plan Width": 12, "Actual Min Startup Time": 0.044, "Actual Max Startup Time": 0.044, "Actual Min Total Time": 0.054, "Actual Max Total Time": 0.054, "Actual Total Rows": 33, "Recheck Cond": "(movie_id = mi.movie_id)", "Rows Removed by Index Recheck": 0, "Exact Heap Blocks": 4, "Lossy Heap Blocks": 4, "Plans": [{"Node Type": "Bitmap Index Scan", "Parent Relationship": "Outer", "Index Name": "movie_id_movie_companies", "Startup Cost": 0.0, "Total Cost": 0.27, "Plan Rows": 2, "Plan Width": 0, "Actual Min Startup Time": 0.021, "Actual Max Startup Time": 0.021, "Actual Min Total Time": 0.021, "Actual Max Total Time": 0.021, "Actual Total Rows": 33, "Index Cond": "(movie_id = mi.movie_id)"}]}]}, {"Node Type": "Materialize", "Parent Relationship": "Inner", "Startup Cost": 0.0, "Total Cost": 1.05, "Plan Rows": 2, "Plan Width": 4, "Actual Min Startup Time": 0.023, "Actual Max Startup Time": 0.023, "Actual Min Total Time": 0.028, "Actual Max Total Time": 0.028, "Actual Total Rows": 33, "Plans": [{"Node Type": "Seq Scan", "Parent Relationship": "Outer", "Relation Name": "company_type", "Alias": "ct", "Startup Cost": 0.0, "Total Cost": 1.04, "Plan Rows": 2, "Plan Width": 4, "Actual Min Startup Time": 0.015, "Actual Max Startup Time": 0.015, "Actual Min Total Time": 0.019, "Actual Max Total Time": 0.019, "Actual Total Rows": 1, "Filter": "((kind IS NOT NULL) AND (((kind)::text = 'production companies'::text) OR ((kind)::text = 'distributors'::text)))", "Rows Removed by Filter": 2}]}]}, {"Node Type": "Bitmap Heap Scan", "Parent Relationship": "Inner", "Relation Name": "company_name", "Alias": "cn", "Startup Cost": 0.26, "Total Cost": 4.27, "Plan Rows": 1, "Plan Width": 4, "Actual Min Startup Time": 0.047, "Actual Max Startup Time": 0.047, "Actual Min Total Time": 0.047, "Actual Max Total Time": 0.047, "Actual Total Rows": 5, "Recheck Cond": "(id = mc.company_id)", "Rows Removed by Index Recheck": 0, "Filter": "((country_code)::text = '[us]'::text)", "Rows Removed by Filter": 0, "Exact Heap Blocks": 5, "Lossy Heap Blocks": 5, "Plans": [{"Node Type": "Bitmap Index Scan", "Parent Relationship": "Outer", "Index Name": "company_name_pkey", "Startup Cost": 0.0, "Total Cost": 0.26, "Plan Rows": 1, "Plan Width": 0, "Actual Min Startup Time": 0.028, "Actual Max Startup Time": 0.028, "Actual Min Total Time": 0.028, "Actual Max Total Time": 0.028, "Actual Total Rows": 5, "Index Cond": "(id = mc.company_id)"}]}]}]}, "Triggers": [], "Planner Runtime": 287.789, "Total Runtime": 108.209, "Unique SQL Id": 1682224415}}, "(16, 3)": {"explain_plan": {"Plan": {"Node Type": "Aggregate", "Strategy": "Plain", "Startup Cost": 135083.51, "Total Cost": 135083.52, "Plan Rows": 1, "Plan Width": 123, "Plans": [{"Node Type": "Nested Loop", "Parent Relationship": "Outer", "Join Type": "Inner", "Startup Cost": 49668.32, "Total Cost": 135083.27, "Plan Rows": 48, "Plan Width": 59, "Inner Unique": true, "Plans": [{"Node Type": "Nested Loop", "Parent Relationship": "Outer", "Join Type": "Inner", "Startup Cost": 49668.06, "Total Cost": 135014.74, "Plan Rows": 16, "Plan Width": 63, "Inner Unique": true, "Plans": [{"Node Type": "Nested Loop", "Parent Relationship": "Outer", "Join Type": "Inner", "Startup Cost": 49667.8, "Total Cost": 134796.19, "Plan Rows": 51, "Plan Width": 67, "Inner Unique": true, "Plans": [{"Node Type": "Nested Loop", "Parent Relationship": "Outer", "Join Type": "Inner", "Startup Cost": 49667.54, "Total Cost": 134517.81, "Plan Rows": 65, "Plan Width": 71, "Inner Unique": false, "Join Filter": "(t.id = mi_idx.movie_id)", "Plans": [{"Node Type": "Nested Loop", "Parent Relationship": "Outer", "Join Type": "Inner", "Startup Cost": 49667.27, "Total Cost": 134336.51, "Plan Rows": 42, "Plan Width": 79, "Inner Unique": false, "Join Filter": "(mi.info_type_id = it1.id)", "Plans": [{"Node Type": "Bitmap Heap Scan", "Parent Relationship": "Outer", "Relation Name": "info_type", "Alias": "it1", "Startup Cost": 8.81, "Total Cost": 14.21, "Plan Rows": 1, "Plan Width": 4, "Filter": "((info)::text = 'budget'::text)", "Plans": [{"Node Type": "Bitmap Index Scan", "Parent Relationship": "Outer", "Index Name": "info_type_pkey", "Startup Cost": 0.0, "Total Cost": 8.81, "Plan Rows": 112, "Plan Width": 0}]}, {"Node Type": "Nested Loop", "Parent Relationship": "Inner", "Join Type": "Inner", "Startup Cost": 49658.46, "Total Cost": 134284.94, "Plan Rows": 2989, "Plan Width": 83, "Inner Unique": false, "Join Filter": "(t.id = mi.movie_id)", "Plans": [{"Node Type": "Nested Loop", "Parent Relationship": "Outer", "Join Type": "Inner", "Startup Cost": 49658.09, "Total Cost": 131831.96, "Plan Rows": 545, "Plan Width": 33, "Inner Unique": false, "Plans": [{"Node Type": "Bitmap Heap Scan", "Parent Relationship": "Outer", "Relation Name": "title", "Alias": "t", "Startup Cost": 49653.87, "Total Cost": 128685.31, "Plan Rows": 258, "Plan Width": 21, "Filter": "((production_year > 2000) AND (((title)::text ~~ 'Birdemic%'::text) OR ((title)::text ~~ '%Movie%'::text)))", "Plans": [{"Node Type": "Bitmap Index Scan", "Parent Relationship": "Outer", "Index Name": "title_pkey", "Startup Cost": 0.0, "Total Cost": 49653.81, "Plan Rows": 2528311, "Plan Width": 0}]}, {"Node Type": "Bitmap Heap Scan", "Parent Relationship": "Inner", "Relation Name": "movie_companies", "Alias": "mc", "Startup Cost": 4.22, "Total Cost": 12.18, "Plan Rows": 2, "Plan Width": 12, "Recheck Cond": "(movie_id = t.id)", "Plans": [{"Node Type": "Bitmap Index Scan", "Parent Relationship": "Outer", "Index Name": "movie_id_movie_companies", "Startup Cost": 0.0, "Total Cost": 4.22, "Plan Rows": 2, "Plan Width": 0, "Index Cond": "(movie_id = t.id)"}]}]}, {"Node Type": "Bitmap Heap Scan", "Parent Relationship": "Inner", "Relation Name": "movie_info", "Alias": "mi", "Startup Cost": 0.38, "Total Cost": 4.44, "Plan Rows": 5, "Plan Width": 50, "Recheck Cond": "(movie_id = mc.movie_id)", "Plans": [{"Node Type": "Bitmap Index Scan", "Parent Relationship": "Outer", "Index Name": "movie_id_movie_info", "Startup Cost": 0.0, "Total Cost": 0.37, "Plan Rows": 5, "Plan Width": 0, "Index Cond": "(movie_id = mc.movie_id)"}]}]}]}, {"Node Type": "Bitmap Heap Scan", "Parent Relationship": "Inner", "Relation Name": "movie_info_idx", "Alias": "mi_idx", "Startup Cost": 0.27, "Total Cost": 4.29, "Plan Rows": 2, "Plan Width": 8, "Recheck Cond": "(movie_id = mi.movie_id)", "Plans": [{"Node Type": "Bitmap Index Scan", "Parent Relationship": "Outer", "Index Name": "movie_id_movie_info_idx", "Startup Cost": 0.0, "Total Cost": 0.27, "Plan Rows": 2, "Plan Width": 0, "Index Cond": "(movie_id = mi.movie_id)"}]}]}, {"Node Type": "Bitmap Heap Scan", "Parent Relationship": "Inner", "Relation Name": "info_type", "Alias": "it2", "Startup Cost": 0.26, "Total Cost": 4.27, "Plan Rows": 1, "Plan Width": 4, "Recheck Cond": "(id = mi_idx.info_type_id)", "Filter": "((info)::text = 'bottom 10 rank'::text)", "Plans": [{"Node Type": "Bitmap Index Scan", "Parent Relationship": "Outer", "Index Name": "info_type_pkey", "Startup Cost": 0.0, "Total Cost": 0.26, "Plan Rows": 1, "Plan Width": 0, "Index Cond": "(id = mi_idx.info_type_id)"}]}]}, {"Node Type": "Bitmap Heap Scan", "Parent Relationship": "Inner", "Relation Name": "company_type", "Alias": "ct", "Startup Cost": 0.26, "Total Cost": 4.28, "Plan Rows": 1, "Plan Width": 4, "Recheck Cond": "(id = mc.company_type_id)", "Filter": "((kind IS NOT NULL) AND (((kind)::text = 'production companies'::text) OR ((kind)::text = 'distributors'::text)))", "Plans": [{"Node Type": "Bitmap Index Scan", "Parent Relationship": "Outer", "Index Name": "company_type_pkey", "Startup Cost": 0.0, "Total Cost": 0.26, "Plan Rows": 1, "Plan Width": 0, "Index Cond": "(id = mc.company_type_id)"}]}]}, {"Node Type": "Bitmap Heap Scan", "Parent Relationship": "Inner", "Relation Name": "company_name", "Alias": "cn", "Startup Cost": 0.26, "Total Cost": 4.27, "Plan Rows": 1, "Plan Width": 4, "Recheck Cond": "(id = mc.company_id)", "Filter": "((country_code)::text = '[us]'::text)", "Plans": [{"Node Type": "Bitmap Index Scan", "Parent Relationship": "Outer", "Index Name": "company_name_pkey", "Startup Cost": 0.0, "Total Cost": 0.26, "Plan Rows": 1, "Plan Width": 0, "Index Cond": "(id = mc.company_id)"}]}]}]}, "Unique SQL Id": 1682224415}, "explain_analyze_plan": null}, "(16, 4)": {"explain_plan": {"Plan": {"Node Type": "Aggregate", "Strategy": "Plain", "Startup Cost": 22395.63, "Total Cost": 22395.64, "Plan Rows": 1, "Plan Width": 123, "Plans": [{"Node Type": "Nested Loop", "Parent Relationship": "Outer", "Join Type": "Inner", "Startup Cost": 0.0, "Total Cost": 22395.61, "Plan Rows": 4, "Plan Width": 59, "Inner Unique": true, "Plans": [{"Node Type": "Nested Loop", "Parent Relationship": "Outer", "Join Type": "Inner", "Startup Cost": 0.0, "Total Cost": 22393.6, "Plan Rows": 7, "Plan Width": 63, "Inner Unique": true, "Join Filter": "(mc.company_type_id = ct.id)", "Plans": [{"Node Type": "Nested Loop", "Parent Relationship": "Outer", "Join Type": "Inner", "Startup Cost": 0.0, "Total Cost": 22392.19, "Plan Rows": 12, "Plan Width": 67, "Inner Unique": false, "Join Filter": "(t.id = mc.movie_id)", "Plans": [{"Node Type": "Nested Loop", "Parent Relationship": "Outer", "Join Type": "Inner", "Startup Cost": 0.0, "Total Cost": 22389.62, "Plan Rows": 8, "Plan Width": 71, "Inner Unique": false, "Join Filter": "(mi.info_type_id = it1.id)", "Plans": [{"Node Type": "Seq Scan", "Parent Relationship": "Outer", "Relation Name": "info_type", "Alias": "it1", "Startup Cost": 0.0, "Total Cost": 2.4, "Plan Rows": 1, "Plan Width": 4, "Filter": "((info)::text = 'budget'::text)"}, {"Node Type": "Nested Loop", "Parent Relationship": "Inner", "Join Type": "Inner", "Startup Cost": 0.0, "Total Cost": 22366.48, "Plan Rows": 1659, "Plan Width": 75, "Inner Unique": false, "Join Filter": "(t.id = mi.movie_id)", "Plans": [{"Node Type": "Nested Loop", "Parent Relationship": "Outer", "Join Type": "Inner", "Startup Cost": 0.0, "Total Cost": 22053.3, "Plan Rows": 311, "Plan Width": 25, "Inner Unique": false, "Join Filter": "(mi_idx.info_type_id = it2.id)", "Plans": [{"Node Type": "Seq Scan", "Parent Relationship": "Outer", "Relation Name": "info_type", "Alias": "it2", "Startup Cost": 0.0, "Total Cost": 2.4, "Plan Rows": 1, "Plan Width": 4, "Filter": "((info)::text = 'bottom 10 rank'::text)"}, {"Node Type": "Materialize", "Parent Relationship": "Inner", "Startup Cost": 0.0, "Total Cost": 22046.94, "Plan Rows": 396, "Plan Width": 29, "Plans": [{"Node Type": "Nested Loop", "Parent Relationship": "Outer", "Join Type": "Inner", "Startup Cost": 0.0, "Total Cost": 22045.95, "Plan Rows": 396, "Plan Width": 29, "Inner Unique": false, "Plans": [{"Node Type": "Streaming(type: LOCAL GATHER dop: 1/16)", "Parent Relationship": "Outer", "Startup Cost": 0.0, "Total Cost": 19945.03, "Plan Rows": 258, "Plan Width": 21, "Plans": [{"Node Type": "Seq Scan", "Parent Relationship": "Outer", "Relation Name": "title", "Alias": "t", "Startup Cost": 0.0, "Total Cost": 19939.47, "Plan Rows": 258, "Plan Width": 21, "Filter": "((production_year > 2000) AND (((title)::text ~~ 'Birdemic%'::text) OR ((title)::text ~~ '%Movie%'::text)))"}]}, {"Node Type": "Index Scan", "Parent Relationship": "Inner", "Scan Direction": "Forward", "Index Name": "movie_id_movie_info_idx", "Relation Name": "movie_info_idx", "Alias": "mi_idx", "Startup Cost": 0.0, "Total Cost": 8.12, "Plan Rows": 2, "Plan Width": 8, "Index Cond": "(movie_id = t.id)"}]}]}]}, {"Node Type": "Index Scan", "Parent Relationship": "Inner", "Scan Direction": "Forward", "Index Name": "movie_id_movie_info", "Relation Name": "movie_info", "Alias": "mi", "Startup Cost": 0.0, "Total Cost": 0.94, "Plan Rows": 5, "Plan Width": 50, "Index Cond": "(movie_id = mi_idx.movie_id)"}]}]}, {"Node Type": "Index Scan", "Parent Relationship": "Inner", "Scan Direction": "Forward", "Index Name": "movie_id_movie_companies", "Relation Name": "movie_companies", "Alias": "mc", "Startup Cost": 0.0, "Total Cost": 0.3, "Plan Rows": 2, "Plan Width": 12, "Index Cond": "(movie_id = mi.movie_id)"}]}, {"Node Type": "Materialize", "Parent Relationship": "Inner", "Startup Cost": 0.0, "Total Cost": 1.05, "Plan Rows": 2, "Plan Width": 4, "Plans": [{"Node Type": "Seq Scan", "Parent Relationship": "Outer", "Relation Name": "company_type", "Alias": "ct", "Startup Cost": 0.0, "Total Cost": 1.04, "Plan Rows": 2, "Plan Width": 4, "Filter": "((kind IS NOT NULL) AND (((kind)::text = 'production companies'::text) OR ((kind)::text = 'distributors'::text)))"}]}]}, {"Node Type": "Index Scan", "Parent Relationship": "Inner", "Scan Direction": "Forward", "Index Name": "company_name_pkey", "Relation Name": "company_name", "Alias": "cn", "Startup Cost": 0.0, "Total Cost": 0.28, "Plan Rows": 1, "Plan Width": 4, "Index Cond": "(id = mc.company_id)", "Filter": "((country_code)::text = '[us]'::text)"}]}]}, "Unique SQL Id": 1682224415}, "explain_analyze_plan": {"Plan": {"Node Type": "Aggregate", "Strategy": "Plain", "Startup Cost": 22395.63, "Total Cost": 22395.64, "Plan Rows": 1, "Plan Width": 123, "Actual Min Startup Time": 140.775, "Actual Max Startup Time": 140.775, "Actual Min Total Time": 140.775, "Actual Max Total Time": 140.775, "Actual Total Rows": 1, "Plans": [{"Node Type": "Nested Loop", "Parent Relationship": "Outer", "Join Type": "Inner", "Startup Cost": 0.0, "Total Cost": 22395.61, "Plan Rows": 4, "Plan Width": 59, "Actual Min Startup Time": 139.72, "Actual Max Startup Time": 139.72, "Actual Min Total Time": 140.741, "Actual Max Total Time": 140.741, "Actual Total Rows": 5, "Inner Unique": true, "Plans": [{"Node Type": "Nested Loop", "Parent Relationship": "Outer", "Join Type": "Inner", "Startup Cost": 0.0, "Total Cost": 22393.6, "Plan Rows": 7, "Plan Width": 63, "Actual Min Startup Time": 139.69, "Actual Max Startup Time": 139.69, "Actual Min Total Time": 140.667, "Actual Max Total Time": 140.667, "Actual Total Rows": 5, "Inner Unique": true, "Join Filter": "(mc.company_type_id = ct.id)", "Rows Removed by Join Filter": 28, "Plans": [{"Node Type": "Nested Loop", "Parent Relationship": "Outer", "Join Type": "Inner", "Startup Cost": 0.0, "Total Cost": 22392.19, "Plan Rows": 12, "Plan Width": 67, "Actual Min Startup Time": 139.612, "Actual Max Startup Time": 139.612, "Actual Min Total Time": 140.606, "Actual Max Total Time": 140.606, "Actual Total Rows": 33, "Inner Unique": false, "Join Filter": "(t.id = mc.movie_id)", "Rows Removed by Join Filter": 0, "Plans": [{"Node Type": "Nested Loop", "Parent Relationship": "Outer", "Join Type": "Inner", "Startup Cost": 0.0, "Total Cost": 22389.62, "Plan Rows": 8, "Plan Width": 71, "Actual Min Startup Time": 139.58, "Actual Max Startup Time": 139.58, "Actual Min Total Time": 140.526, "Actual Max Total Time": 140.526, "Actual Total Rows": 2, "Inner Unique": false, "Join Filter": "(mi.info_type_id = it1.id)", "Rows Removed by Join Filter": 219, "Plans": [{"Node Type": "Seq Scan", "Parent Relationship": "Outer", "Relation Name": "info_type", "Alias": "it1", "Startup Cost": 0.0, "Total Cost": 2.4, "Plan Rows": 1, "Plan Width": 4, "Actual Min Startup Time": 0.085, "Actual Max Startup Time": 0.085, "Actual Min Total Time": 0.096, "Actual Max Total Time": 0.096, "Actual Total Rows": 1, "Filter": "((info)::text = 'budget'::text)", "Rows Removed by Filter": 111}, {"Node Type": "Nested Loop", "Parent Relationship": "Inner", "Join Type": "Inner", "Startup Cost": 0.0, "Total Cost": 22366.48, "Plan Rows": 1659, "Plan Width": 75, "Actual Min Startup Time": 139.308, "Actual Max Startup Time": 139.308, "Actual Min Total Time": 140.321, "Actual Max Total Time": 140.321, "Actual Total Rows": 221, "Inner Unique": false, "Join Filter": "(t.id = mi.movie_id)", "Rows Removed by Join Filter": 0, "Plans": [{"Node Type": "Nested Loop", "Parent Relationship": "Outer", "Join Type": "Inner", "Startup Cost": 0.0, "Total Cost": 22053.3, "Plan Rows": 311, "Plan Width": 25, "Actual Min Startup Time": 139.258, "Actual Max Startup Time": 139.258, "Actual Min Total Time": 139.97, "Actual Max Total Time": 139.97, "Actual Total Rows": 2, "Inner Unique": false, "Join Filter": "(mi_idx.info_type_id = it2.id)", "Rows Removed by Join Filter": 2643, "Plans": [{"Node Type": "Seq Scan", "Parent Relationship": "Outer", "Relation Name": "info_type", "Alias": "it2", "Startup Cost": 0.0, "Total Cost": 2.4, "Plan Rows": 1, "Plan Width": 4, "Actual Min Startup Time": 0.08, "Actual Max Startup Time": 0.08, "Actual Min Total Time": 0.085, "Actual Max Total Time": 0.085, "Actual Total Rows": 1, "Filter": "((info)::text = 'bottom 10 rank'::text)", "Rows Removed by Filter": 111}, {"Node Type": "Materialize", "Parent Relationship": "Inner", "Startup Cost": 0.0, "Total Cost": 22046.94, "Plan Rows": 396, "Plan Width": 29, "Actual Min Startup Time": 138.976, "Actual Max Startup Time": 138.976, "Actual Min Total Time": 139.29, "Actual Max Total Time": 139.29, "Actual Total Rows": 2646, "Plans": [{"Node Type": "Nested Loop", "Parent Relationship": "Outer", "Join Type": "Inner", "Startup Cost": 0.0, "Total Cost": 22045.95, "Plan Rows": 396, "Plan Width": 29, "Actual Min Startup Time": 83.367, "Actual Max Startup Time": 83.367, "Actual Min Total Time": 138.066, "Actual Max Total Time": 138.066, "Actual Total Rows": 2645, "Inner Unique": false, "Plans": [{"Node Type": "Streaming(type: LOCAL GATHER dop: 1/16)", "Parent Relationship": "Outer", "Startup Cost": 0.0, "Total Cost": 19945.03, "Plan Rows": 258, "Plan Width": 21, "Actual Min Startup Time": 83.287, "Actual Max Startup Time": 83.287, "Actual Min Total Time": 121.213, "Actual Max Total Time": 121.213, "Actual Total Rows": 2536, "Plans": [{"Node Type": "Seq Scan", "Parent Relationship": "Outer", "Relation Name": "title", "Alias": "t", "Startup Cost": 0.0, "Total Cost": 19939.47, "Plan Rows": 258, "Plan Width": 21, "Actual Min Startup Time": 0.049, "Actual Max Startup Time": 5.595, "Actual Min Total Time": 84.557, "Actual Max Total Time": 107.152, "Actual Total Rows": 2536, "Filter": "((production_year > 2000) AND (((title)::text ~~ 'Birdemic%'::text) OR ((title)::text ~~ '%Movie%'::text)))", "Rows Removed by Filter": 2525775}]}, {"Node Type": "Index Scan", "Parent Relationship": "Inner", "Scan Direction": "Forward", "Index Name": "movie_id_movie_info_idx", "Relation Name": "movie_info_idx", "Alias": "mi_idx", "Startup Cost": 0.0, "Total Cost": 8.12, "Plan Rows": 2, "Plan Width": 8, "Actual Min Startup Time": 14.009, "Actual Max Startup Time": 14.009, "Actual Min Total Time": 15.039, "Actual Max Total Time": 15.039, "Actual Total Rows": 2645, "Index Cond": "(movie_id = t.id)", "Rows Removed by Index Recheck": 0}]}]}]}, {"Node Type": "Index Scan", "Parent Relationship": "Inner", "Scan Direction": "Forward", "Index Name": "movie_id_movie_info", "Relation Name": "movie_info", "Alias": "mi", "Startup Cost": 0.0, "Total Cost": 0.94, "Plan Rows": 5, "Plan Width": 50, "Actual Min Startup Time": 0.058, "Actual Max Startup Time": 0.058, "Actual Min Total Time": 0.27, "Actual Max Total Time": 0.27, "Actual Total Rows": 221, "Index Cond": "(movie_id = mi_idx.movie_id)", "Rows Removed by Index Recheck": 0}]}]}, {"Node Type": "Index Scan", "Parent Relationship": "Inner", "Scan Direction": "Forward", "Index Name": "movie_id_movie_companies", "Relation Name": "movie_companies", "Alias": "mc", "Startup Cost": 0.0, "Total Cost": 0.3, "Plan Rows": 2, "Plan Width": 12, "Actual Min Startup Time": 0.034, "Actual Max Startup Time": 0.034, "Actual Min Total Time": 0.053, "Actual Max Total Time": 0.053, "Actual Total Rows": 33, "Index Cond": "(movie_id = mi.movie_id)", "Rows Removed by Index Recheck": 0}]}, {"Node Type": "Materialize", "Parent Relationship": "Inner", "Startup Cost": 0.0, "Total Cost": 1.05, "Plan Rows": 2, "Plan Width": 4, "Actual Min Startup Time": 0.023, "Actual Max Startup Time": 0.023, "Actual Min Total Time": 0.032, "Actual Max Total Time": 0.032, "Actual Total Rows": 33, "Plans": [{"Node Type": "Seq Scan", "Parent Relationship": "Outer", "Relation Name": "company_type", "Alias": "ct", "Startup Cost": 0.0, "Total Cost": 1.04, "Plan Rows": 2, "Plan Width": 4, "Actual Min Startup Time": 0.017, "Actual Max Startup Time": 0.017, "Actual Min Total Time": 0.024, "Actual Max Total Time": 0.024, "Actual Total Rows": 1, "Filter": "((kind IS NOT NULL) AND (((kind)::text = 'production companies'::text) OR ((kind)::text = 'distributors'::text)))", "Rows Removed by Filter": 2}]}]}, {"Node Type": "Index Scan", "Parent Relationship": "Inner", "Scan Direction": "Forward", "Index Name": "company_name_pkey", "Relation Name": "company_name", "Alias": "cn", "Startup Cost": 0.0, "Total Cost": 0.28, "Plan Rows": 1, "Plan Width": 4, "Actual Min Startup Time": 0.063, "Actual Max Startup Time": 0.063, "Actual Min Total Time": 0.063, "Actual Max Total Time": 0.063, "Actual Total Rows": 5, "Index Cond": "(id = mc.company_id)", "Rows Removed by Index Recheck": 0, "Filter": "((country_code)::text = '[us]'::text)", "Rows Removed by Filter": 0}]}]}, "Triggers": [], "Planner Runtime": 277.921, "Total Runtime": 143.957, "Unique SQL Id": 1682224415}}, "(16, 5)": {"explain_plan": {"Plan": {"Node Type": "Aggregate", "Strategy": "Plain", "Startup Cost": 105046.13, "Total Cost": 105046.14, "Plan Rows": 1, "Plan Width": 123, "Plans": [{"Node Type": "Nested Loop", "Parent Relationship": "Outer", "Join Type": "Inner", "Startup Cost": 0.0, "Total Cost": 105045.89, "Plan Rows": 48, "Plan Width": 59, "Inner Unique": true, "Plans": [{"Node Type": "Nested Loop", "Parent Relationship": "Outer", "Join Type": "Inner", "Startup Cost": 0.0, "Total Cost": 105043.87, "Plan Rows": 7, "Plan Width": 63, "Inner Unique": true, "Join Filter": "(mc.company_type_id = ct.id)", "Plans": [{"Node Type": "Nested Loop", "Parent Relationship": "Outer", "Join Type": "Inner", "Startup Cost": 0.0, "Total Cost": 105030.03, "Plan Rows": 51, "Plan Width": 67, "Inner Unique": false, "Join Filter": "(mi.info_type_id = it1.id)", "Plans": [{"Node Type": "Index Scan", "Parent Relationship": "Outer", "Scan Direction": "Forward", "Index Name": "info_type_pkey", "Relation Name": "info_type", "Alias": "it1", "Startup Cost": 0.0, "Total Cost": 14.21, "Plan Rows": 1, "Plan Width": 4, "Filter": "((info)::text = 'budget'::text)"}, {"Node Type": "Nested Loop", "Parent Relationship": "Inner", "Join Type": "Inner", "Startup Cost": 0.0, "Total Cost": 105001.79, "Plan Rows": 1122, "Plan Width": 71, "Inner Unique": false, "Join Filter": "(t.id = mi.movie_id)", "Plans": [{"Node Type": "Nested Loop", "Parent Relationship": "Outer", "Join Type": "Inner", "Startup Cost": 0.0, "Total Cost": 104849.13, "Plan Rows": 210, "Plan Width": 37, "Inner Unique": false, "Join Filter": "(t.id = mc.movie_id)", "Plans": [{"Node Type": "Nested Loop", "Parent Relationship": "Outer", "Join Type": "Inner", "Startup Cost": 0.0, "Total Cost": 104728.36, "Plan Rows": 311, "Plan Width": 25, "Inner Unique": false, "Join Filter": "(mi_idx.info_type_id = it2.id)", "Plans": [{"Node Type": "Index Scan", "Parent Relationship": "Outer", "Scan Direction": "Forward", "Index Name": "info_type_pkey", "Relation Name": "info_type", "Alias": "it2", "Startup Cost": 0.0, "Total Cost": 14.21, "Plan Rows": 1, "Plan Width": 4, "Filter": "((info)::text = 'bottom 10 rank'::text)"}, {"Node Type": "Materialize", "Parent Relationship": "Inner", "Startup Cost": 0.0, "Total Cost": 104710.19, "Plan Rows": 396, "Plan Width": 29, "Plans": [{"Node Type": "Nested Loop", "Parent Relationship": "Outer", "Join Type": "Inner", "Startup Cost": 0.0, "Total Cost": 104709.2, "Plan Rows": 396, "Plan Width": 29, "Inner Unique": false, "Plans": [{"Node Type": "Streaming(type: LOCAL GATHER dop: 1/16)", "Parent Relationship": "Outer", "Startup Cost": 0.0, "Total Cost": 102608.29, "Plan Rows": 258, "Plan Width": 21, "Plans": [{"Node Type": "Index Scan", "Parent Relationship": "Outer", "Scan Direction": "Forward", "Index Name": "title_pkey", "Relation Name": "title", "Alias": "t", "Startup Cost": 0.0, "Total Cost": 102602.72, "Plan Rows": 258, "Plan Width": 21, "Filter": "((production_year > 2000) AND (((title)::text ~~ 'Birdemic%'::text) OR ((title)::text ~~ '%Movie%'::text)))"}]}, {"Node Type": "Index Scan", "Parent Relationship": "Inner", "Scan Direction": "Forward", "Index Name": "movie_id_movie_info_idx", "Relation Name": "movie_info_idx", "Alias": "mi_idx", "Startup Cost": 0.0, "Total Cost": 8.12, "Plan Rows": 2, "Plan Width": 8, "Index Cond": "(movie_id = t.id)"}]}]}]}, {"Node Type": "Index Scan", "Parent Relationship": "Inner", "Scan Direction": "Forward", "Index Name": "movie_id_movie_companies", "Relation Name": "movie_companies", "Alias": "mc", "Startup Cost": 0.0, "Total Cost": 0.36, "Plan Rows": 2, "Plan Width": 12, "Index Cond": "(movie_id = mi_idx.movie_id)"}]}, {"Node Type": "Index Scan", "Parent Relationship": "Inner", "Scan Direction": "Forward", "Index Name": "movie_id_movie_info", "Relation Name": "movie_info", "Alias": "mi", "Startup Cost": 0.0, "Total Cost": 0.66, "Plan Rows": 5, "Plan Width": 50, "Index Cond": "(movie_id = mc.movie_id)"}]}]}, {"Node Type": "Materialize", "Parent Relationship": "Inner", "Startup Cost": 0.0, "Total Cost": 12.32, "Plan Rows": 2, "Plan Width": 4, "Plans": [{"Node Type": "Index Scan", "Parent Relationship": "Outer", "Scan Direction": "Forward", "Index Name": "company_type_pkey", "Relation Name": "company_type", "Alias": "ct", "Startup Cost": 0.0, "Total Cost": 12.31, "Plan Rows": 2, "Plan Width": 4, "Filter": "((kind IS NOT NULL) AND (((kind)::text = 'production companies'::text) OR ((kind)::text = 'distributors'::text)))"}]}]}, {"Node Type": "Index Scan", "Parent Relationship": "Inner", "Scan Direction": "Forward", "Index Name": "company_name_pkey", "Relation Name": "company_name", "Alias": "cn", "Startup Cost": 0.0, "Total Cost": 0.28, "Plan Rows": 1, "Plan Width": 4, "Index Cond": "(id = mc.company_id)", "Filter": "((country_code)::text = '[us]'::text)"}]}]}, "Unique SQL Id": 1682224415}, "explain_analyze_plan": {"Plan": {"Node Type": "Aggregate", "Strategy": "Plain", "Startup Cost": 105046.13, "Total Cost": 105046.14, "Plan Rows": 1, "Plan Width": 123, "Actual Min Startup Time": 329.917, "Actual Max Startup Time": 329.917, "Actual Min Total Time": 329.917, "Actual Max Total Time": 329.917, "Actual Total Rows": 1, "Plans": [{"Node Type": "Nested Loop", "Parent Relationship": "Outer", "Join Type": "Inner", "Startup Cost": 0.0, "Total Cost": 105045.89, "Plan Rows": 48, "Plan Width": 59, "Actual Min Startup Time": 328.653, "Actual Max Startup Time": 328.653, "Actual Min Total Time": 329.889, "Actual Max Total Time": 329.889, "Actual Total Rows": 5, "Inner Unique": true, "Plans": [{"Node Type": "Nested Loop", "Parent Relationship": "Outer", "Join Type": "Inner", "Startup Cost": 0.0, "Total Cost": 105043.87, "Plan Rows": 7, "Plan Width": 63, "Actual Min Startup Time": 328.636, "Actual Max Startup Time": 328.636, "Actual Min Total Time": 329.841, "Actual Max Total Time": 329.841, "Actual Total Rows": 5, "Inner Unique": true, "Join Filter": "(mc.company_type_id = ct.id)", "Rows Removed by Join Filter": 28, "Plans": [{"Node Type": "Nested Loop", "Parent Relationship": "Outer", "Join Type": "Inner", "Startup Cost": 0.0, "Total Cost": 105030.03, "Plan Rows": 51, "Plan Width": 67, "Actual Min Startup Time": 324.578, "Actual Max Startup Time": 324.578, "Actual Min Total Time": 329.782, "Actual Max Total Time": 329.782, "Actual Total Rows": 33, "Inner Unique": false, "Join Filter": "(mi.info_type_id = it1.id)", "Rows Removed by Join Filter": 4926, "Plans": [{"Node Type": "Index Scan", "Parent Relationship": "Outer", "Scan Direction": "Forward", "Index Name": "info_type_pkey", "Relation Name": "info_type", "Alias": "it1", "Startup Cost": 0.0, "Total Cost": 14.21, "Plan Rows": 1, "Plan Width": 4, "Actual Min Startup Time": 0.111, "Actual Max Startup Time": 0.111, "Actual Min Total Time": 0.117, "Actual Max Total Time": 0.117, "Actual Total Rows": 1, "Filter": "((info)::text = 'budget'::text)", "Rows Removed by Filter": 111}, {"Node Type": "Nested Loop", "Parent Relationship": "Inner", "Join Type": "Inner", "Startup Cost": 0.0, "Total Cost": 105001.79, "Plan Rows": 1122, "Plan Width": 71, "Actual Min Startup Time": 324.319, "Actual Max Startup Time": 324.319, "Actual Min Total Time": 328.643, "Actual Max Total Time": 328.643, "Actual Total Rows": 4959, "Inner Unique": false, "Join Filter": "(t.id = mi.movie_id)", "Rows Removed by Join Filter": 0, "Plans": [{"Node Type": "Nested Loop", "Parent Relationship": "Outer", "Join Type": "Inner", "Startup Cost": 0.0, "Total Cost": 104849.13, "Plan Rows": 210, "Plan Width": 37, "Actual Min Startup Time": 324.29, "Actual Max Startup Time": 324.29, "Actual Min Total Time": 324.652, "Actual Max Total Time": 324.652, "Actual Total Rows": 33, "Inner Unique": false, "Join Filter": "(t.id = mc.movie_id)", "Rows Removed by Join Filter": 0, "Plans": [{"Node Type": "Nested Loop", "Parent Relationship": "Outer", "Join Type": "Inner", "Startup Cost": 0.0, "Total Cost": 104728.36, "Plan Rows": 311, "Plan Width": 25, "Actual Min Startup Time": 324.269, "Actual Max Startup Time": 324.269, "Actual Min Total Time": 324.593, "Actual Max Total Time": 324.593, "Actual Total Rows": 2, "Inner Unique": false, "Join Filter": "(mi_idx.info_type_id = it2.id)", "Rows Removed by Join Filter": 2643, "Plans": [{"Node Type": "Index Scan", "Parent Relationship": "Outer", "Scan Direction": "Forward", "Index Name": "info_type_pkey", "Relation Name": "info_type", "Alias": "it2", "Startup Cost": 0.0, "Total Cost": 14.21, "Plan Rows": 1, "Plan Width": 4, "Actual Min Startup Time": 0.083, "Actual Max Startup Time": 0.083, "Actual Min Total Time": 0.084, "Actual Max Total Time": 0.084, "Actual Total Rows": 1, "Filter": "((info)::text = 'bottom 10 rank'::text)", "Rows Removed by Filter": 111}, {"Node Type": "Materialize", "Parent Relationship": "Inner", "Startup Cost": 0.0, "Total Cost": 104710.19, "Plan Rows": 396, "Plan Width": 29, "Actual Min Startup Time": 323.605, "Actual Max Startup Time": 323.605, "Actual Min Total Time": 323.946, "Actual Max Total Time": 323.946, "Actual Total Rows": 2646, "Plans": [{"Node Type": "Nested Loop", "Parent Relationship": "Outer", "Join Type": "Inner", "Startup Cost": 0.0, "Total Cost": 104709.2, "Plan Rows": 396, "Plan Width": 29, "Actual Min Startup Time": 82.122, "Actual Max Startup Time": 82.122, "Actual Min Total Time": 322.569, "Actual Max Total Time": 322.569, "Actual Total Rows": 2645, "Inner Unique": false, "Plans": [{"Node Type": "Streaming(type: LOCAL GATHER dop: 1/16)", "Parent Relationship": "Outer", "Startup Cost": 0.0, "Total Cost": 102608.29, "Plan Rows": 258, "Plan Width": 21, "Actual Min Startup Time": 82.075, "Actual Max Startup Time": 82.075, "Actual Min Total Time": 310.697, "Actual Max Total Time": 310.697, "Actual Total Rows": 2536, "Plans": [{"Node Type": "Index Scan", "Parent Relationship": "Outer", "Scan Direction": "Forward", "Index Name": "title_pkey", "Relation Name": "title", "Alias": "t", "Startup Cost": 0.0, "Total Cost": 102602.72, "Plan Rows": 258, "Plan Width": 21, "Actual Min Startup Time": 16.026, "Actual Max Startup Time": 28.015, "Actual Min Total Time": 243.116, "Actual Max Total Time": 306.631, "Actual Total Rows": 2536, "Filter": "((production_year > 2000) AND (((title)::text ~~ 'Birdemic%'::text) OR ((title)::text ~~ '%Movie%'::text)))", "Rows Removed by Filter": 2525775}]}, {"Node Type": "Index Scan", "Parent Relationship": "Inner", "Scan Direction": "Forward", "Index Name": "movie_id_movie_info_idx", "Relation Name": "movie_info_idx", "Alias": "mi_idx", "Startup Cost": 0.0, "Total Cost": 8.12, "Plan Rows": 2, "Plan Width": 8, "Actual Min Startup Time": 8.8, "Actual Max Startup Time": 8.8, "Actual Min Total Time": 9.803, "Actual Max Total Time": 9.803, "Actual Total Rows": 2645, "Index Cond": "(movie_id = t.id)", "Rows Removed by Index Recheck": 0}]}]}]}, {"Node Type": "Index Scan", "Parent Relationship": "Inner", "Scan Direction": "Forward", "Index Name": "movie_id_movie_companies", "Relation Name": "movie_companies", "Alias": "mc", "Startup Cost": 0.0, "Total Cost": 0.36, "Plan Rows": 2, "Plan Width": 12, "Actual Min Startup Time": 0.023, "Actual Max Startup Time": 0.023, "Actual Min Total Time": 0.041, "Actual Max Total Time": 0.041, "Actual Total Rows": 33, "Index Cond": "(movie_id = mi_idx.movie_id)", "Rows Removed by Index Recheck": 0}]}, {"Node Type": "Index Scan", "Parent Relationship": "Inner", "Scan Direction": "Forward", "Index Name": "movie_id_movie_info", "Relation Name": "movie_info", "Alias": "mi", "Startup Cost": 0.0, "Total Cost": 0.66, "Plan Rows": 5, "Plan Width": 50, "Actual Min Startup Time": 0.49, "Actual Max Startup Time": 0.49, "Actual Min Total Time": 2.458, "Actual Max Total Time": 2.458, "Actual Total Rows": 4959, "Index Cond": "(movie_id = mc.movie_id)", "Rows Removed by Index Recheck": 0}]}]}, {"Node Type": "Materialize", "Parent Relationship": "Inner", "Startup Cost": 0.0, "Total Cost": 12.32, "Plan Rows": 2, "Plan Width": 4, "Actual Min Startup Time": 0.021, "Actual Max Startup Time": 0.021, "Actual Min Total Time": 0.026, "Actual Max Total Time": 0.026, "Actual Total Rows": 33, "Plans": [{"Node Type": "Index Scan", "Parent Relationship": "Outer", "Scan Direction": "Forward", "Index Name": "company_type_pkey", "Relation Name": "company_type", "Alias": "ct", "Startup Cost": 0.0, "Total Cost": 12.31, "Plan Rows": 2, "Plan Width": 4, "Actual Min Startup Time": 0.009, "Actual Max Startup Time": 0.009, "Actual Min Total Time": 0.014, "Actual Max Total Time": 0.014, "Actual Total Rows": 1, "Filter": "((kind IS NOT NULL) AND (((kind)::text = 'production companies'::text) OR ((kind)::text = 'distributors'::text)))", "Rows Removed by Filter": 2}]}]}, {"Node Type": "Index Scan", "Parent Relationship": "Inner", "Scan Direction": "Forward", "Index Name": "company_name_pkey", "Relation Name": "company_name", "Alias": "cn", "Startup Cost": 0.0, "Total Cost": 0.28, "Plan Rows": 1, "Plan Width": 4, "Actual Min Startup Time": 0.039, "Actual Max Startup Time": 0.039, "Actual Min Total Time": 0.039, "Actual Max Total Time": 0.039, "Actual Total Rows": 5, "Index Cond": "(id = mc.company_id)", "Rows Removed by Index Recheck": 0, "Filter": "((country_code)::text = '[us]'::text)", "Rows Removed by Filter": 0}]}]}, "Triggers": [], "Planner Runtime": 184.322, "Total Runtime": 332.989, "Unique SQL Id": 1682224415}}, "(16, 6)": {"explain_plan": {"Plan": {"Node Type": "Aggregate", "Strategy": "Plain", "Startup Cost": 24630.0, "Total Cost": 24630.01, "Plan Rows": 1, "Plan Width": 123, "Plans": [{"Node Type": "Nested Loop", "Parent Relationship": "Outer", "Join Type": "Inner", "Startup Cost": 5.15, "Total Cost": 24629.98, "Plan Rows": 4, "Plan Width": 59, "Inner Unique": true, "Plans": [{"Node Type": "Nested Loop", "Parent Relationship": "Outer", "Join Type": "Inner", "Startup Cost": 4.89, "Total Cost": 24561.45, "Plan Rows": 16, "Plan Width": 63, "Inner Unique": true, "Join Filter": "(mc.company_type_id = ct.id)", "Plans": [{"Node Type": "Nested Loop", "Parent Relationship": "Outer", "Join Type": "Inner", "Startup Cost": 4.89, "Total Cost": 24558.87, "Plan Rows": 51, "Plan Width": 67, "Inner Unique": false, "Join Filter": "(t.id = mc.movie_id)", "Plans": [{"Node Type": "Nested Loop", "Parent Relationship": "Outer", "Join Type": "Inner", "Startup Cost": 4.63, "Total Cost": 24524.32, "Plan Rows": 8, "Plan Width": 71, "Inner Unique": false, "Join Filter": "(mi.info_type_id = it1.id)", "Plans": [{"Node Type": "Seq Scan", "Parent Relationship": "Outer", "Relation Name": "info_type", "Alias": "it1", "Startup Cost": 0.0, "Total Cost": 2.4, "Plan Rows": 1, "Plan Width": 4, "Filter": "((info)::text = 'budget'::text)"}, {"Node Type": "Nested Loop", "Parent Relationship": "Inner", "Join Type": "Inner", "Startup Cost": 4.63, "Total Cost": 24501.18, "Plan Rows": 1659, "Plan Width": 75, "Inner Unique": false, "Join Filter": "(t.id = mi.movie_id)", "Plans": [{"Node Type": "Nested Loop", "Parent Relationship": "Outer", "Join Type": "Inner", "Startup Cost": 4.17, "Total Cost": 23077.28, "Plan Rows": 311, "Plan Width": 25, "Inner Unique": false, "Join Filter": "(mi_idx.info_type_id = it2.id)", "Plans": [{"Node Type": "Seq Scan", "Parent Relationship": "Outer", "Relation Name": "info_type", "Alias": "it2", "Startup Cost": 0.0, "Total Cost": 2.4, "Plan Rows": 1, "Plan Width": 4, "Filter": "((info)::text = 'bottom 10 rank'::text)"}, {"Node Type": "Materialize", "Parent Relationship": "Inner", "Startup Cost": 4.17, "Total Cost": 23070.92, "Plan Rows": 396, "Plan Width": 29, "Plans": [{"Node Type": "Nested Loop", "Parent Relationship": "Outer", "Join Type": "Inner", "Startup Cost": 4.17, "Total Cost": 23069.93, "Plan Rows": 396, "Plan Width": 29, "Inner Unique": false, "Plans": [{"Node Type": "Streaming(type: LOCAL GATHER dop: 1/16)", "Parent Relationship": "Outer", "Startup Cost": 0.0, "Total Cost": 19945.03, "Plan Rows": 258, "Plan Width": 21, "Plans": [{"Node Type": "Seq Scan", "Parent Relationship": "Outer", "Relation Name": "title", "Alias": "t", "Startup Cost": 0.0, "Total Cost": 19939.47, "Plan Rows": 258, "Plan Width": 21, "Filter": "((production_year > 2000) AND (((title)::text ~~ 'Birdemic%'::text) OR ((title)::text ~~ '%Movie%'::text)))"}]}, {"Node Type": "Bitmap Heap Scan", "Parent Relationship": "Inner", "Relation Name": "movie_info_idx", "Alias": "mi_idx", "Startup Cost": 4.17, "Total Cost": 12.09, "Plan Rows": 2, "Plan Width": 8, "Recheck Cond": "(movie_id = t.id)", "Plans": [{"Node Type": "Bitmap Index Scan", "Parent Relationship": "Outer", "Index Name": "movie_id_movie_info_idx", "Startup Cost": 0.0, "Total Cost": 4.17, "Plan Rows": 2, "Plan Width": 0, "Index Cond": "(movie_id = t.id)"}]}]}]}]}, {"Node Type": "Bitmap Heap Scan", "Parent Relationship": "Inner", "Relation Name": "movie_info", "Alias": "mi", "Startup Cost": 0.45, "Total Cost": 4.52, "Plan Rows": 5, "Plan Width": 50, "Recheck Cond": "(movie_id = mi_idx.movie_id)", "Plans": [{"Node Type": "Bitmap Index Scan", "Parent Relationship": "Outer", "Index Name": "movie_id_movie_info", "Startup Cost": 0.0, "Total Cost": 0.45, "Plan Rows": 5, "Plan Width": 0, "Index Cond": "(movie_id = mi_idx.movie_id)"}]}]}]}, {"Node Type": "Bitmap Heap Scan", "Parent Relationship": "Inner", "Relation Name": "movie_companies", "Alias": "mc", "Startup Cost": 0.27, "Total Cost": 4.29, "Plan Rows": 2, "Plan Width": 12, "Recheck Cond": "(movie_id = mi.movie_id)", "Plans": [{"Node Type": "Bitmap Index Scan", "Parent Relationship": "Outer", "Index Name": "movie_id_movie_companies", "Startup Cost": 0.0, "Total Cost": 0.27, "Plan Rows": 2, "Plan Width": 0, "Index Cond": "(movie_id = mi.movie_id)"}]}]}, {"Node Type": "Materialize", "Parent Relationship": "Inner", "Startup Cost": 0.0, "Total Cost": 1.05, "Plan Rows": 2, "Plan Width": 4, "Plans": [{"Node Type": "Seq Scan", "Parent Relationship": "Outer", "Relation Name": "company_type", "Alias": "ct", "Startup Cost": 0.0, "Total Cost": 1.04, "Plan Rows": 2, "Plan Width": 4, "Filter": "((kind IS NOT NULL) AND (((kind)::text = 'production companies'::text) OR ((kind)::text = 'distributors'::text)))"}]}]}, {"Node Type": "Bitmap Heap Scan", "Parent Relationship": "Inner", "Relation Name": "company_name", "Alias": "cn", "Startup Cost": 0.26, "Total Cost": 4.27, "Plan Rows": 1, "Plan Width": 4, "Recheck Cond": "(id = mc.company_id)", "Filter": "((country_code)::text = '[us]'::text)", "Plans": [{"Node Type": "Bitmap Index Scan", "Parent Relationship": "Outer", "Index Name": "company_name_pkey", "Startup Cost": 0.0, "Total Cost": 0.26, "Plan Rows": 1, "Plan Width": 0, "Index Cond": "(id = mc.company_id)"}]}]}]}, "Unique SQL Id": 1682224415}, "explain_analyze_plan": {"Plan": {"Node Type": "Aggregate", "Strategy": "Plain", "Startup Cost": 24630.0, "Total Cost": 24630.01, "Plan Rows": 1, "Plan Width": 123, "Actual Min Startup Time": 105.076, "Actual Max Startup Time": 105.076, "Actual Min Total Time": 105.077, "Actual Max Total Time": 105.077, "Actual Total Rows": 1, "Plans": [{"Node Type": "Nested Loop", "Parent Relationship": "Outer", "Join Type": "Inner", "Startup Cost": 5.15, "Total Cost": 24629.98, "Plan Rows": 4, "Plan Width": 59, "Actual Min Startup Time": 104.078, "Actual Max Startup Time": 104.078, "Actual Min Total Time": 105.045, "Actual Max Total Time": 105.045, "Actual Total Rows": 5, "Inner Unique": true, "Plans": [{"Node Type": "Nested Loop", "Parent Relationship": "Outer", "Join Type": "Inner", "Startup Cost": 4.89, "Total Cost": 24561.45, "Plan Rows": 16, "Plan Width": 63, "Actual Min Startup Time": 104.056, "Actual Max Startup Time": 104.056, "Actual Min Total Time": 104.984, "Actual Max Total Time": 104.984, "Actual Total Rows": 5, "Inner Unique": true, "Join Filter": "(mc.company_type_id = ct.id)", "Rows Removed by Join Filter": 28, "Plans": [{"Node Type": "Nested Loop", "Parent Relationship": "Outer", "Join Type": "Inner", "Startup Cost": 4.89, "Total Cost": 24558.87, "Plan Rows": 51, "Plan Width": 67, "Actual Min Startup Time": 103.998, "Actual Max Startup Time": 103.998, "Actual Min Total Time": 104.935, "Actual Max Total Time": 104.935, "Actual Total Rows": 33, "Inner Unique": false, "Join Filter": "(t.id = mc.movie_id)", "Rows Removed by Join Filter": 0, "Plans": [{"Node Type": "Nested Loop", "Parent Relationship": "Outer", "Join Type": "Inner", "Startup Cost": 4.63, "Total Cost": 24524.32, "Plan Rows": 8, "Plan Width": 71, "Actual Min Startup Time": 103.959, "Actual Max Startup Time": 103.959, "Actual Min Total Time": 104.859, "Actual Max Total Time": 104.859, "Actual Total Rows": 2, "Inner Unique": false, "Join Filter": "(mi.info_type_id = it1.id)", "Rows Removed by Join Filter": 219, "Plans": [{"Node Type": "Seq Scan", "Parent Relationship": "Outer", "Relation Name": "info_type", "Alias": "it1", "Startup Cost": 0.0, "Total Cost": 2.4, "Plan Rows": 1, "Plan Width": 4, "Actual Min Startup Time": 0.093, "Actual Max Startup Time": 0.093, "Actual Min Total Time": 0.103, "Actual Max Total Time": 0.103, "Actual Total Rows": 1, "Filter": "((info)::text = 'budget'::text)", "Rows Removed by Filter": 111}, {"Node Type": "Nested Loop", "Parent Relationship": "Inner", "Join Type": "Inner", "Startup Cost": 4.63, "Total Cost": 24501.18, "Plan Rows": 1659, "Plan Width": 75, "Actual Min Startup Time": 103.72, "Actual Max Startup Time": 103.72, "Actual Min Total Time": 104.66, "Actual Max Total Time": 104.66, "Actual Total Rows": 221, "Inner Unique": false, "Join Filter": "(t.id = mi.movie_id)", "Rows Removed by Join Filter": 0, "Plans": [{"Node Type": "Nested Loop", "Parent Relationship": "Outer", "Join Type": "Inner", "Startup Cost": 4.17, "Total Cost": 23077.28, "Plan Rows": 311, "Plan Width": 25, "Actual Min Startup Time": 103.665, "Actual Max Startup Time": 103.665, "Actual Min Total Time": 104.378, "Actual Max Total Time": 104.378, "Actual Total Rows": 2, "Inner Unique": false, "Join Filter": "(mi_idx.info_type_id = it2.id)", "Rows Removed by Join Filter": 2643, "Plans": [{"Node Type": "Seq Scan", "Parent Relationship": "Outer", "Relation Name": "info_type", "Alias": "it2", "Startup Cost": 0.0, "Total Cost": 2.4, "Plan Rows": 1, "Plan Width": 4, "Actual Min Startup Time": 0.08, "Actual Max Startup Time": 0.08, "Actual Min Total Time": 0.084, "Actual Max Total Time": 0.084, "Actual Total Rows": 1, "Filter": "((info)::text = 'bottom 10 rank'::text)", "Rows Removed by Filter": 111}, {"Node Type": "Materialize", "Parent Relationship": "Inner", "Startup Cost": 4.17, "Total Cost": 23070.92, "Plan Rows": 396, "Plan Width": 29, "Actual Min Startup Time": 103.425, "Actual Max Startup Time": 103.425, "Actual Min Total Time": 103.698, "Actual Max Total Time": 103.698, "Actual Total Rows": 2646, "Plans": [{"Node Type": "Nested Loop", "Parent Relationship": "Outer", "Join Type": "Inner", "Startup Cost": 4.17, "Total Cost": 23069.93, "Plan Rows": 396, "Plan Width": 29, "Actual Min Startup Time": 77.156, "Actual Max Startup Time": 77.156, "Actual Min Total Time": 102.587, "Actual Max Total Time": 102.587, "Actual Total Rows": 2645, "Inner Unique": false, "Plans": [{"Node Type": "Streaming(type: LOCAL GATHER dop: 1/16)", "Parent Relationship": "Outer", "Startup Cost": 0.0, "Total Cost": 19945.03, "Plan Rows": 258, "Plan Width": 21, "Actual Min Startup Time": 77.055, "Actual Max Startup Time": 77.055, "Actual Min Total Time": 87.707, "Actual Max Total Time": 87.707, "Actual Total Rows": 2536, "Plans": [{"Node Type": "Seq Scan", "Parent Relationship": "Outer", "Relation Name": "title", "Alias": "t", "Startup Cost": 0.0, "Total Cost": 19939.47, "Plan Rows": 258, "Plan Width": 21, "Actual Min Startup Time": 0.051, "Actual Max Startup Time": 5.353, "Actual Min Total Time": 80.125, "Actual Max Total Time": 84.353, "Actual Total Rows": 2536, "Filter": "((production_year > 2000) AND (((title)::text ~~ 'Birdemic%'::text) OR ((title)::text ~~ '%Movie%'::text)))", "Rows Removed by Filter": 2525775}]}, {"Node Type": "Bitmap Heap Scan", "Parent Relationship": "Inner", "Relation Name": "movie_info_idx", "Alias": "mi_idx", "Startup Cost": 4.17, "Total Cost": 12.09, "Plan Rows": 2, "Plan Width": 8, "Actual Min Startup Time": 11.147, "Actual Max Startup Time": 11.147, "Actual Min Total Time": 11.54, "Actual Max Total Time": 11.54, "Actual Total Rows": 2645, "Recheck Cond": "(movie_id = t.id)", "Rows Removed by Index Recheck": 0, "Exact Heap Blocks": 890, "Lossy Heap Blocks": 890, "Plans": [{"Node Type": "Bitmap Index Scan", "Parent Relationship": "Outer", "Index Name": "movie_id_movie_info_idx", "Startup Cost": 0.0, "Total Cost": 4.17, "Plan Rows": 2, "Plan Width": 0, "Actual Min Startup Time": 8.215, "Actual Max Startup Time": 8.215, "Actual Min Total Time": 8.215, "Actual Max Total Time": 8.215, "Actual Total Rows": 2645, "Index Cond": "(movie_id = t.id)"}]}]}]}]}, {"Node Type": "Bitmap Heap Scan", "Parent Relationship": "Inner", "Relation Name": "movie_info", "Alias": "mi", "Startup Cost": 0.45, "Total Cost": 4.52, "Plan Rows": 5, "Plan Width": 50, "Actual Min Startup Time": 0.066, "Actual Max Startup Time": 0.066, "Actual Min Total Time": 0.209, "Actual Max Total Time": 0.209, "Actual Total Rows": 221, "Recheck Cond": "(movie_id = mi_idx.movie_id)", "Rows Removed by Index Recheck": 0, "Exact Heap Blocks": 40, "Lossy Heap Blocks": 40, "Plans": [{"Node Type": "Bitmap Index Scan", "Parent Relationship": "Outer", "Index Name": "movie_id_movie_info", "Startup Cost": 0.0, "Total Cost": 0.45, "Plan Rows": 5, "Plan Width": 0, "Actual Min Startup Time": 0.05, "Actual Max Startup Time": 0.05, "Actual Min Total Time": 0.05, "Actual Max Total Time": 0.05, "Actual Total Rows": 221, "Index Cond": "(movie_id = mi_idx.movie_id)"}]}]}]}, {"Node Type": "Bitmap Heap Scan", "Parent Relationship": "Inner", "Relation Name": "movie_companies", "Alias": "mc", "Startup Cost": 0.27, "Total Cost": 4.29, "Plan Rows": 2, "Plan Width": 12, "Actual Min Startup Time": 0.044, "Actual Max Startup Time": 0.044, "Actual Min Total Time": 0.054, "Actual Max Total Time": 0.054, "Actual Total Rows": 33, "Recheck Cond": "(movie_id = mi.movie_id)", "Rows Removed by Index Recheck": 0, "Exact Heap Blocks": 4, "Lossy Heap Blocks": 4, "Plans": [{"Node Type": "Bitmap Index Scan", "Parent Relationship": "Outer", "Index Name": "movie_id_movie_companies", "Startup Cost": 0.0, "Total Cost": 0.27, "Plan Rows": 2, "Plan Width": 0, "Actual Min Startup Time": 0.021, "Actual Max Startup Time": 0.021, "Actual Min Total Time": 0.021, "Actual Max Total Time": 0.021, "Actual Total Rows": 33, "Index Cond": "(movie_id = mi.movie_id)"}]}]}, {"Node Type": "Materialize", "Parent Relationship": "Inner", "Startup Cost": 0.0, "Total Cost": 1.05, "Plan Rows": 2, "Plan Width": 4, "Actual Min Startup Time": 0.023, "Actual Max Startup Time": 0.023, "Actual Min Total Time": 0.028, "Actual Max Total Time": 0.028, "Actual Total Rows": 33, "Plans": [{"Node Type": "Seq Scan", "Parent Relationship": "Outer", "Relation Name": "company_type", "Alias": "ct", "Startup Cost": 0.0, "Total Cost": 1.04, "Plan Rows": 2, "Plan Width": 4, "Actual Min Startup Time": 0.015, "Actual Max Startup Time": 0.015, "Actual Min Total Time": 0.019, "Actual Max Total Time": 0.019, "Actual Total Rows": 1, "Filter": "((kind IS NOT NULL) AND (((kind)::text = 'production companies'::text) OR ((kind)::text = 'distributors'::text)))", "Rows Removed by Filter": 2}]}]}, {"Node Type": "Bitmap Heap Scan", "Parent Relationship": "Inner", "Relation Name": "company_name", "Alias": "cn", "Startup Cost": 0.26, "Total Cost": 4.27, "Plan Rows": 1, "Plan Width": 4, "Actual Min Startup Time": 0.047, "Actual Max Startup Time": 0.047, "Actual Min Total Time": 0.047, "Actual Max Total Time": 0.047, "Actual Total Rows": 5, "Recheck Cond": "(id = mc.company_id)", "Rows Removed by Index Recheck": 0, "Filter": "((country_code)::text = '[us]'::text)", "Rows Removed by Filter": 0, "Exact Heap Blocks": 5, "Lossy Heap Blocks": 5, "Plans": [{"Node Type": "Bitmap Index Scan", "Parent Relationship": "Outer", "Index Name": "company_name_pkey", "Startup Cost": 0.0, "Total Cost": 0.26, "Plan Rows": 1, "Plan Width": 0, "Actual Min Startup Time": 0.028, "Actual Max Startup Time": 0.028, "Actual Min Total Time": 0.028, "Actual Max Total Time": 0.028, "Actual Total Rows": 5, "Index Cond": "(id = mc.company_id)"}]}]}]}, "Triggers": [], "Planner Runtime": 287.789, "Total Runtime": 108.209, "Unique SQL Id": 1682224415}}, "(16, 7)": {"explain_plan": {"Plan": {"Node Type": "Aggregate", "Strategy": "Plain", "Startup Cost": 135083.51, "Total Cost": 135083.52, "Plan Rows": 1, "Plan Width": 123, "Plans": [{"Node Type": "Nested Loop", "Parent Relationship": "Outer", "Join Type": "Inner", "Startup Cost": 49668.32, "Total Cost": 135083.27, "Plan Rows": 48, "Plan Width": 59, "Inner Unique": true, "Plans": [{"Node Type": "Nested Loop", "Parent Relationship": "Outer", "Join Type": "Inner", "Startup Cost": 49668.06, "Total Cost": 135014.74, "Plan Rows": 16, "Plan Width": 63, "Inner Unique": true, "Plans": [{"Node Type": "Nested Loop", "Parent Relationship": "Outer", "Join Type": "Inner", "Startup Cost": 49667.8, "Total Cost": 134796.19, "Plan Rows": 51, "Plan Width": 67, "Inner Unique": true, "Plans": [{"Node Type": "Nested Loop", "Parent Relationship": "Outer", "Join Type": "Inner", "Startup Cost": 49667.54, "Total Cost": 134517.81, "Plan Rows": 65, "Plan Width": 71, "Inner Unique": false, "Join Filter": "(t.id = mi_idx.movie_id)", "Plans": [{"Node Type": "Nested Loop", "Parent Relationship": "Outer", "Join Type": "Inner", "Startup Cost": 49667.27, "Total Cost": 134336.51, "Plan Rows": 42, "Plan Width": 79, "Inner Unique": false, "Join Filter": "(mi.info_type_id = it1.id)", "Plans": [{"Node Type": "Bitmap Heap Scan", "Parent Relationship": "Outer", "Relation Name": "info_type", "Alias": "it1", "Startup Cost": 8.81, "Total Cost": 14.21, "Plan Rows": 1, "Plan Width": 4, "Filter": "((info)::text = 'budget'::text)", "Plans": [{"Node Type": "Bitmap Index Scan", "Parent Relationship": "Outer", "Index Name": "info_type_pkey", "Startup Cost": 0.0, "Total Cost": 8.81, "Plan Rows": 112, "Plan Width": 0}]}, {"Node Type": "Nested Loop", "Parent Relationship": "Inner", "Join Type": "Inner", "Startup Cost": 49658.46, "Total Cost": 134284.94, "Plan Rows": 2989, "Plan Width": 83, "Inner Unique": false, "Join Filter": "(t.id = mi.movie_id)", "Plans": [{"Node Type": "Nested Loop", "Parent Relationship": "Outer", "Join Type": "Inner", "Startup Cost": 49658.09, "Total Cost": 131831.96, "Plan Rows": 545, "Plan Width": 33, "Inner Unique": false, "Plans": [{"Node Type": "Bitmap Heap Scan", "Parent Relationship": "Outer", "Relation Name": "title", "Alias": "t", "Startup Cost": 49653.87, "Total Cost": 128685.31, "Plan Rows": 258, "Plan Width": 21, "Filter": "((production_year > 2000) AND (((title)::text ~~ 'Birdemic%'::text) OR ((title)::text ~~ '%Movie%'::text)))", "Plans": [{"Node Type": "Bitmap Index Scan", "Parent Relationship": "Outer", "Index Name": "title_pkey", "Startup Cost": 0.0, "Total Cost": 49653.81, "Plan Rows": 2528311, "Plan Width": 0}]}, {"Node Type": "Bitmap Heap Scan", "Parent Relationship": "Inner", "Relation Name": "movie_companies", "Alias": "mc", "Startup Cost": 4.22, "Total Cost": 12.18, "Plan Rows": 2, "Plan Width": 12, "Recheck Cond": "(movie_id = t.id)", "Plans": [{"Node Type": "Bitmap Index Scan", "Parent Relationship": "Outer", "Index Name": "movie_id_movie_companies", "Startup Cost": 0.0, "Total Cost": 4.22, "Plan Rows": 2, "Plan Width": 0, "Index Cond": "(movie_id = t.id)"}]}]}, {"Node Type": "Bitmap Heap Scan", "Parent Relationship": "Inner", "Relation Name": "movie_info", "Alias": "mi", "Startup Cost": 0.38, "Total Cost": 4.44, "Plan Rows": 5, "Plan Width": 50, "Recheck Cond": "(movie_id = mc.movie_id)", "Plans": [{"Node Type": "Bitmap Index Scan", "Parent Relationship": "Outer", "Index Name": "movie_id_movie_info", "Startup Cost": 0.0, "Total Cost": 0.37, "Plan Rows": 5, "Plan Width": 0, "Index Cond": "(movie_id = mc.movie_id)"}]}]}]}, {"Node Type": "Bitmap Heap Scan", "Parent Relationship": "Inner", "Relation Name": "movie_info_idx", "Alias": "mi_idx", "Startup Cost": 0.27, "Total Cost": 4.29, "Plan Rows": 2, "Plan Width": 8, "Recheck Cond": "(movie_id = mi.movie_id)", "Plans": [{"Node Type": "Bitmap Index Scan", "Parent Relationship": "Outer", "Index Name": "movie_id_movie_info_idx", "Startup Cost": 0.0, "Total Cost": 0.27, "Plan Rows": 2, "Plan Width": 0, "Index Cond": "(movie_id = mi.movie_id)"}]}]}, {"Node Type": "Bitmap Heap Scan", "Parent Relationship": "Inner", "Relation Name": "info_type", "Alias": "it2", "Startup Cost": 0.26, "Total Cost": 4.27, "Plan Rows": 1, "Plan Width": 4, "Recheck Cond": "(id = mi_idx.info_type_id)", "Filter": "((info)::text = 'bottom 10 rank'::text)", "Plans": [{"Node Type": "Bitmap Index Scan", "Parent Relationship": "Outer", "Index Name": "info_type_pkey", "Startup Cost": 0.0, "Total Cost": 0.26, "Plan Rows": 1, "Plan Width": 0, "Index Cond": "(id = mi_idx.info_type_id)"}]}]}, {"Node Type": "Bitmap Heap Scan", "Parent Relationship": "Inner", "Relation Name": "company_type", "Alias": "ct", "Startup Cost": 0.26, "Total Cost": 4.28, "Plan Rows": 1, "Plan Width": 4, "Recheck Cond": "(id = mc.company_type_id)", "Filter": "((kind IS NOT NULL) AND (((kind)::text = 'production companies'::text) OR ((kind)::text = 'distributors'::text)))", "Plans": [{"Node Type": "Bitmap Index Scan", "Parent Relationship": "Outer", "Index Name": "company_type_pkey", "Startup Cost": 0.0, "Total Cost": 0.26, "Plan Rows": 1, "Plan Width": 0, "Index Cond": "(id = mc.company_type_id)"}]}]}, {"Node Type": "Bitmap Heap Scan", "Parent Relationship": "Inner", "Relation Name": "company_name", "Alias": "cn", "Startup Cost": 0.26, "Total Cost": 4.27, "Plan Rows": 1, "Plan Width": 4, "Recheck Cond": "(id = mc.company_id)", "Filter": "((country_code)::text = '[us]'::text)", "Plans": [{"Node Type": "Bitmap Index Scan", "Parent Relationship": "Outer", "Index Name": "company_name_pkey", "Startup Cost": 0.0, "Total Cost": 0.26, "Plan Rows": 1, "Plan Width": 0, "Index Cond": "(id = mc.company_id)"}]}]}]}, "Unique SQL Id": 1682224415}, "explain_analyze_plan": null}, "(16, 8)": {"explain_plan": {"Plan": {"Node Type": "Aggregate", "Strategy": "Plain", "Startup Cost": 22395.63, "Total Cost": 22395.64, "Plan Rows": 1, "Plan Width": 123, "Plans": [{"Node Type": "Nested Loop", "Parent Relationship": "Outer", "Join Type": "Inner", "Startup Cost": 0.0, "Total Cost": 22395.61, "Plan Rows": 4, "Plan Width": 59, "Inner Unique": true, "Plans": [{"Node Type": "Nested Loop", "Parent Relationship": "Outer", "Join Type": "Inner", "Startup Cost": 0.0, "Total Cost": 22393.6, "Plan Rows": 7, "Plan Width": 63, "Inner Unique": true, "Join Filter": "(mc.company_type_id = ct.id)", "Plans": [{"Node Type": "Nested Loop", "Parent Relationship": "Outer", "Join Type": "Inner", "Startup Cost": 0.0, "Total Cost": 22392.19, "Plan Rows": 12, "Plan Width": 67, "Inner Unique": false, "Join Filter": "(t.id = mc.movie_id)", "Plans": [{"Node Type": "Nested Loop", "Parent Relationship": "Outer", "Join Type": "Inner", "Startup Cost": 0.0, "Total Cost": 22389.62, "Plan Rows": 8, "Plan Width": 71, "Inner Unique": false, "Join Filter": "(mi.info_type_id = it1.id)", "Plans": [{"Node Type": "Seq Scan", "Parent Relationship": "Outer", "Relation Name": "info_type", "Alias": "it1", "Startup Cost": 0.0, "Total Cost": 2.4, "Plan Rows": 1, "Plan Width": 4, "Filter": "((info)::text = 'budget'::text)"}, {"Node Type": "Nested Loop", "Parent Relationship": "Inner", "Join Type": "Inner", "Startup Cost": 0.0, "Total Cost": 22366.48, "Plan Rows": 1659, "Plan Width": 75, "Inner Unique": false, "Join Filter": "(t.id = mi.movie_id)", "Plans": [{"Node Type": "Nested Loop", "Parent Relationship": "Outer", "Join Type": "Inner", "Startup Cost": 0.0, "Total Cost": 22053.3, "Plan Rows": 311, "Plan Width": 25, "Inner Unique": false, "Join Filter": "(mi_idx.info_type_id = it2.id)", "Plans": [{"Node Type": "Seq Scan", "Parent Relationship": "Outer", "Relation Name": "info_type", "Alias": "it2", "Startup Cost": 0.0, "Total Cost": 2.4, "Plan Rows": 1, "Plan Width": 4, "Filter": "((info)::text = 'bottom 10 rank'::text)"}, {"Node Type": "Materialize", "Parent Relationship": "Inner", "Startup Cost": 0.0, "Total Cost": 22046.94, "Plan Rows": 396, "Plan Width": 29, "Plans": [{"Node Type": "Nested Loop", "Parent Relationship": "Outer", "Join Type": "Inner", "Startup Cost": 0.0, "Total Cost": 22045.95, "Plan Rows": 396, "Plan Width": 29, "Inner Unique": false, "Plans": [{"Node Type": "Streaming(type: LOCAL GATHER dop: 1/16)", "Parent Relationship": "Outer", "Startup Cost": 0.0, "Total Cost": 19945.03, "Plan Rows": 258, "Plan Width": 21, "Plans": [{"Node Type": "Seq Scan", "Parent Relationship": "Outer", "Relation Name": "title", "Alias": "t", "Startup Cost": 0.0, "Total Cost": 19939.47, "Plan Rows": 258, "Plan Width": 21, "Filter": "((production_year > 2000) AND (((title)::text ~~ 'Birdemic%'::text) OR ((title)::text ~~ '%Movie%'::text)))"}]}, {"Node Type": "Index Scan", "Parent Relationship": "Inner", "Scan Direction": "Forward", "Index Name": "movie_id_movie_info_idx", "Relation Name": "movie_info_idx", "Alias": "mi_idx", "Startup Cost": 0.0, "Total Cost": 8.12, "Plan Rows": 2, "Plan Width": 8, "Index Cond": "(movie_id = t.id)"}]}]}]}, {"Node Type": "Index Scan", "Parent Relationship": "Inner", "Scan Direction": "Forward", "Index Name": "movie_id_movie_info", "Relation Name": "movie_info", "Alias": "mi", "Startup Cost": 0.0, "Total Cost": 0.94, "Plan Rows": 5, "Plan Width": 50, "Index Cond": "(movie_id = mi_idx.movie_id)"}]}]}, {"Node Type": "Index Scan", "Parent Relationship": "Inner", "Scan Direction": "Forward", "Index Name": "movie_id_movie_companies", "Relation Name": "movie_companies", "Alias": "mc", "Startup Cost": 0.0, "Total Cost": 0.3, "Plan Rows": 2, "Plan Width": 12, "Index Cond": "(movie_id = mi.movie_id)"}]}, {"Node Type": "Materialize", "Parent Relationship": "Inner", "Startup Cost": 0.0, "Total Cost": 1.05, "Plan Rows": 2, "Plan Width": 4, "Plans": [{"Node Type": "Seq Scan", "Parent Relationship": "Outer", "Relation Name": "company_type", "Alias": "ct", "Startup Cost": 0.0, "Total Cost": 1.04, "Plan Rows": 2, "Plan Width": 4, "Filter": "((kind IS NOT NULL) AND (((kind)::text = 'production companies'::text) OR ((kind)::text = 'distributors'::text)))"}]}]}, {"Node Type": "Index Scan", "Parent Relationship": "Inner", "Scan Direction": "Forward", "Index Name": "company_name_pkey", "Relation Name": "company_name", "Alias": "cn", "Startup Cost": 0.0, "Total Cost": 0.28, "Plan Rows": 1, "Plan Width": 4, "Index Cond": "(id = mc.company_id)", "Filter": "((country_code)::text = '[us]'::text)"}]}]}, "Unique SQL Id": 1682224415}, "explain_analyze_plan": {"Plan": {"Node Type": "Aggregate", "Strategy": "Plain", "Startup Cost": 22395.63, "Total Cost": 22395.64, "Plan Rows": 1, "Plan Width": 123, "Actual Min Startup Time": 140.775, "Actual Max Startup Time": 140.775, "Actual Min Total Time": 140.775, "Actual Max Total Time": 140.775, "Actual Total Rows": 1, "Plans": [{"Node Type": "Nested Loop", "Parent Relationship": "Outer", "Join Type": "Inner", "Startup Cost": 0.0, "Total Cost": 22395.61, "Plan Rows": 4, "Plan Width": 59, "Actual Min Startup Time": 139.72, "Actual Max Startup Time": 139.72, "Actual Min Total Time": 140.741, "Actual Max Total Time": 140.741, "Actual Total Rows": 5, "Inner Unique": true, "Plans": [{"Node Type": "Nested Loop", "Parent Relationship": "Outer", "Join Type": "Inner", "Startup Cost": 0.0, "Total Cost": 22393.6, "Plan Rows": 7, "Plan Width": 63, "Actual Min Startup Time": 139.69, "Actual Max Startup Time": 139.69, "Actual Min Total Time": 140.667, "Actual Max Total Time": 140.667, "Actual Total Rows": 5, "Inner Unique": true, "Join Filter": "(mc.company_type_id = ct.id)", "Rows Removed by Join Filter": 28, "Plans": [{"Node Type": "Nested Loop", "Parent Relationship": "Outer", "Join Type": "Inner", "Startup Cost": 0.0, "Total Cost": 22392.19, "Plan Rows": 12, "Plan Width": 67, "Actual Min Startup Time": 139.612, "Actual Max Startup Time": 139.612, "Actual Min Total Time": 140.606, "Actual Max Total Time": 140.606, "Actual Total Rows": 33, "Inner Unique": false, "Join Filter": "(t.id = mc.movie_id)", "Rows Removed by Join Filter": 0, "Plans": [{"Node Type": "Nested Loop", "Parent Relationship": "Outer", "Join Type": "Inner", "Startup Cost": 0.0, "Total Cost": 22389.62, "Plan Rows": 8, "Plan Width": 71, "Actual Min Startup Time": 139.58, "Actual Max Startup Time": 139.58, "Actual Min Total Time": 140.526, "Actual Max Total Time": 140.526, "Actual Total Rows": 2, "Inner Unique": false, "Join Filter": "(mi.info_type_id = it1.id)", "Rows Removed by Join Filter": 219, "Plans": [{"Node Type": "Seq Scan", "Parent Relationship": "Outer", "Relation Name": "info_type", "Alias": "it1", "Startup Cost": 0.0, "Total Cost": 2.4, "Plan Rows": 1, "Plan Width": 4, "Actual Min Startup Time": 0.085, "Actual Max Startup Time": 0.085, "Actual Min Total Time": 0.096, "Actual Max Total Time": 0.096, "Actual Total Rows": 1, "Filter": "((info)::text = 'budget'::text)", "Rows Removed by Filter": 111}, {"Node Type": "Nested Loop", "Parent Relationship": "Inner", "Join Type": "Inner", "Startup Cost": 0.0, "Total Cost": 22366.48, "Plan Rows": 1659, "Plan Width": 75, "Actual Min Startup Time": 139.308, "Actual Max Startup Time": 139.308, "Actual Min Total Time": 140.321, "Actual Max Total Time": 140.321, "Actual Total Rows": 221, "Inner Unique": false, "Join Filter": "(t.id = mi.movie_id)", "Rows Removed by Join Filter": 0, "Plans": [{"Node Type": "Nested Loop", "Parent Relationship": "Outer", "Join Type": "Inner", "Startup Cost": 0.0, "Total Cost": 22053.3, "Plan Rows": 311, "Plan Width": 25, "Actual Min Startup Time": 139.258, "Actual Max Startup Time": 139.258, "Actual Min Total Time": 139.97, "Actual Max Total Time": 139.97, "Actual Total Rows": 2, "Inner Unique": false, "Join Filter": "(mi_idx.info_type_id = it2.id)", "Rows Removed by Join Filter": 2643, "Plans": [{"Node Type": "Seq Scan", "Parent Relationship": "Outer", "Relation Name": "info_type", "Alias": "it2", "Startup Cost": 0.0, "Total Cost": 2.4, "Plan Rows": 1, "Plan Width": 4, "Actual Min Startup Time": 0.08, "Actual Max Startup Time": 0.08, "Actual Min Total Time": 0.085, "Actual Max Total Time": 0.085, "Actual Total Rows": 1, "Filter": "((info)::text = 'bottom 10 rank'::text)", "Rows Removed by Filter": 111}, {"Node Type": "Materialize", "Parent Relationship": "Inner", "Startup Cost": 0.0, "Total Cost": 22046.94, "Plan Rows": 396, "Plan Width": 29, "Actual Min Startup Time": 138.976, "Actual Max Startup Time": 138.976, "Actual Min Total Time": 139.29, "Actual Max Total Time": 139.29, "Actual Total Rows": 2646, "Plans": [{"Node Type": "Nested Loop", "Parent Relationship": "Outer", "Join Type": "Inner", "Startup Cost": 0.0, "Total Cost": 22045.95, "Plan Rows": 396, "Plan Width": 29, "Actual Min Startup Time": 83.367, "Actual Max Startup Time": 83.367, "Actual Min Total Time": 138.066, "Actual Max Total Time": 138.066, "Actual Total Rows": 2645, "Inner Unique": false, "Plans": [{"Node Type": "Streaming(type: LOCAL GATHER dop: 1/16)", "Parent Relationship": "Outer", "Startup Cost": 0.0, "Total Cost": 19945.03, "Plan Rows": 258, "Plan Width": 21, "Actual Min Startup Time": 83.287, "Actual Max Startup Time": 83.287, "Actual Min Total Time": 121.213, "Actual Max Total Time": 121.213, "Actual Total Rows": 2536, "Plans": [{"Node Type": "Seq Scan", "Parent Relationship": "Outer", "Relation Name": "title", "Alias": "t", "Startup Cost": 0.0, "Total Cost": 19939.47, "Plan Rows": 258, "Plan Width": 21, "Actual Min Startup Time": 0.049, "Actual Max Startup Time": 5.595, "Actual Min Total Time": 84.557, "Actual Max Total Time": 107.152, "Actual Total Rows": 2536, "Filter": "((production_year > 2000) AND (((title)::text ~~ 'Birdemic%'::text) OR ((title)::text ~~ '%Movie%'::text)))", "Rows Removed by Filter": 2525775}]}, {"Node Type": "Index Scan", "Parent Relationship": "Inner", "Scan Direction": "Forward", "Index Name": "movie_id_movie_info_idx", "Relation Name": "movie_info_idx", "Alias": "mi_idx", "Startup Cost": 0.0, "Total Cost": 8.12, "Plan Rows": 2, "Plan Width": 8, "Actual Min Startup Time": 14.009, "Actual Max Startup Time": 14.009, "Actual Min Total Time": 15.039, "Actual Max Total Time": 15.039, "Actual Total Rows": 2645, "Index Cond": "(movie_id = t.id)", "Rows Removed by Index Recheck": 0}]}]}]}, {"Node Type": "Index Scan", "Parent Relationship": "Inner", "Scan Direction": "Forward", "Index Name": "movie_id_movie_info", "Relation Name": "movie_info", "Alias": "mi", "Startup Cost": 0.0, "Total Cost": 0.94, "Plan Rows": 5, "Plan Width": 50, "Actual Min Startup Time": 0.058, "Actual Max Startup Time": 0.058, "Actual Min Total Time": 0.27, "Actual Max Total Time": 0.27, "Actual Total Rows": 221, "Index Cond": "(movie_id = mi_idx.movie_id)", "Rows Removed by Index Recheck": 0}]}]}, {"Node Type": "Index Scan", "Parent Relationship": "Inner", "Scan Direction": "Forward", "Index Name": "movie_id_movie_companies", "Relation Name": "movie_companies", "Alias": "mc", "Startup Cost": 0.0, "Total Cost": 0.3, "Plan Rows": 2, "Plan Width": 12, "Actual Min Startup Time": 0.034, "Actual Max Startup Time": 0.034, "Actual Min Total Time": 0.053, "Actual Max Total Time": 0.053, "Actual Total Rows": 33, "Index Cond": "(movie_id = mi.movie_id)", "Rows Removed by Index Recheck": 0}]}, {"Node Type": "Materialize", "Parent Relationship": "Inner", "Startup Cost": 0.0, "Total Cost": 1.05, "Plan Rows": 2, "Plan Width": 4, "Actual Min Startup Time": 0.023, "Actual Max Startup Time": 0.023, "Actual Min Total Time": 0.032, "Actual Max Total Time": 0.032, "Actual Total Rows": 33, "Plans": [{"Node Type": "Seq Scan", "Parent Relationship": "Outer", "Relation Name": "company_type", "Alias": "ct", "Startup Cost": 0.0, "Total Cost": 1.04, "Plan Rows": 2, "Plan Width": 4, "Actual Min Startup Time": 0.017, "Actual Max Startup Time": 0.017, "Actual Min Total Time": 0.024, "Actual Max Total Time": 0.024, "Actual Total Rows": 1, "Filter": "((kind IS NOT NULL) AND (((kind)::text = 'production companies'::text) OR ((kind)::text = 'distributors'::text)))", "Rows Removed by Filter": 2}]}]}, {"Node Type": "Index Scan", "Parent Relationship": "Inner", "Scan Direction": "Forward", "Index Name": "company_name_pkey", "Relation Name": "company_name", "Alias": "cn", "Startup Cost": 0.0, "Total Cost": 0.28, "Plan Rows": 1, "Plan Width": 4, "Actual Min Startup Time": 0.063, "Actual Max Startup Time": 0.063, "Actual Min Total Time": 0.063, "Actual Max Total Time": 0.063, "Actual Total Rows": 5, "Index Cond": "(id = mc.company_id)", "Rows Removed by Index Recheck": 0, "Filter": "((country_code)::text = '[us]'::text)", "Rows Removed by Filter": 0}]}]}, "Triggers": [], "Planner Runtime": 277.921, "Total Runtime": 143.957, "Unique SQL Id": 1682224415}}, "(16, 9)": {"explain_plan": {"Plan": {"Node Type": "Aggregate", "Strategy": "Plain", "Startup Cost": 105045.39, "Total Cost": 105045.4, "Plan Rows": 1, "Plan Width": 123, "Plans": [{"Node Type": "Nested Loop", "Parent Relationship": "Outer", "Join Type": "Inner", "Startup Cost": 0.0, "Total Cost": 105045.15, "Plan Rows": 48, "Plan Width": 59, "Inner Unique": true, "Plans": [{"Node Type": "Nested Loop", "Parent Relationship": "Outer", "Join Type": "Inner", "Startup Cost": 0.0, "Total Cost": 105031.47, "Plan Rows": 48, "Plan Width": 63, "Inner Unique": true, "Plans": [{"Node Type": "Nested Loop", "Parent Relationship": "Outer", "Join Type": "Inner", "Startup Cost": 0.0, "Total Cost": 105030.03, "Plan Rows": 5, "Plan Width": 67, "Inner Unique": false, "Join Filter": "(mi.info_type_id = it1.id)", "Plans": [{"Node Type": "Index Scan", "Parent Relationship": "Outer", "Scan Direction": "Forward", "Index Name": "info_type_pkey", "Relation Name": "info_type", "Alias": "it1", "Startup Cost": 0.0, "Total Cost": 14.21, "Plan Rows": 1, "Plan Width": 4, "Filter": "((info)::text = 'budget'::text)"}, {"Node Type": "Nested Loop", "Parent Relationship": "Inner", "Join Type": "Inner", "Startup Cost": 0.0, "Total Cost": 105001.79, "Plan Rows": 1122, "Plan Width": 71, "Inner Unique": false, "Join Filter": "(t.id = mi.movie_id)", "Plans": [{"Node Type": "Nested Loop", "Parent Relationship": "Outer", "Join Type": "Inner", "Startup Cost": 0.0, "Total Cost": 104849.13, "Plan Rows": 210, "Plan Width": 37, "Inner Unique": false, "Join Filter": "(t.id = mc.movie_id)", "Plans": [{"Node Type": "Nested Loop", "Parent Relationship": "Outer", "Join Type": "Inner", "Startup Cost": 0.0, "Total Cost": 104728.36, "Plan Rows": 311, "Plan Width": 25, "Inner Unique": false, "Join Filter": "(mi_idx.info_type_id = it2.id)", "Plans": [{"Node Type": "Index Scan", "Parent Relationship": "Outer", "Scan Direction": "Forward", "Index Name": "info_type_pkey", "Relation Name": "info_type", "Alias": "it2", "Startup Cost": 0.0, "Total Cost": 14.21, "Plan Rows": 1, "Plan Width": 4, "Filter": "((info)::text = 'bottom 10 rank'::text)"}, {"Node Type": "Materialize", "Parent Relationship": "Inner", "Startup Cost": 0.0, "Total Cost": 104710.19, "Plan Rows": 396, "Plan Width": 29, "Plans": [{"Node Type": "Nested Loop", "Parent Relationship": "Outer", "Join Type": "Inner", "Startup Cost": 0.0, "Total Cost": 104709.2, "Plan Rows": 396, "Plan Width": 29, "Inner Unique": false, "Plans": [{"Node Type": "Streaming(type: LOCAL GATHER dop: 1/16)", "Parent Relationship": "Outer", "Startup Cost": 0.0, "Total Cost": 102608.29, "Plan Rows": 258, "Plan Width": 21, "Plans": [{"Node Type": "Index Scan", "Parent Relationship": "Outer", "Scan Direction": "Forward", "Index Name": "title_pkey", "Relation Name": "title", "Alias": "t", "Startup Cost": 0.0, "Total Cost": 102602.72, "Plan Rows": 258, "Plan Width": 21, "Filter": "((production_year > 2000) AND (((title)::text ~~ 'Birdemic%'::text) OR ((title)::text ~~ '%Movie%'::text)))"}]}, {"Node Type": "Index Scan", "Parent Relationship": "Inner", "Scan Direction": "Forward", "Index Name": "movie_id_movie_info_idx", "Relation Name": "movie_info_idx", "Alias": "mi_idx", "Startup Cost": 0.0, "Total Cost": 8.12, "Plan Rows": 2, "Plan Width": 8, "Index Cond": "(movie_id = t.id)"}]}]}]}, {"Node Type": "Index Scan", "Parent Relationship": "Inner", "Scan Direction": "Forward", "Index Name": "movie_id_movie_companies", "Relation Name": "movie_companies", "Alias": "mc", "Startup Cost": 0.0, "Total Cost": 0.36, "Plan Rows": 2, "Plan Width": 12, "Index Cond": "(movie_id = mi_idx.movie_id)"}]}, {"Node Type": "Index Scan", "Parent Relationship": "Inner", "Scan Direction": "Forward", "Index Name": "movie_id_movie_info", "Relation Name": "movie_info", "Alias": "mi", "Startup Cost": 0.0, "Total Cost": 0.66, "Plan Rows": 5, "Plan Width": 50, "Index Cond": "(movie_id = mc.movie_id)"}]}]}, {"Node Type": "Index Scan", "Parent Relationship": "Inner", "Scan Direction": "Forward", "Index Name": "company_name_pkey", "Relation Name": "company_name", "Alias": "cn", "Startup Cost": 0.0, "Total Cost": 0.28, "Plan Rows": 1, "Plan Width": 4, "Index Cond": "(id = mc.company_id)", "Filter": "((country_code)::text = '[us]'::text)"}]}, {"Node Type": "Index Scan", "Parent Relationship": "Inner", "Scan Direction": "Forward", "Index Name": "company_type_pkey", "Relation Name": "company_type", "Alias": "ct", "Startup Cost": 0.0, "Total Cost": 0.28, "Plan Rows": 1, "Plan Width": 4, "Index Cond": "(id = mc.company_type_id)", "Filter": "((kind IS NOT NULL) AND (((kind)::text = 'production companies'::text) OR ((kind)::text = 'distributors'::text)))"}]}]}, "Unique SQL Id": 1682224415}, "explain_analyze_plan": {"Plan": {"Node Type": "Aggregate", "Strategy": "Plain", "Startup Cost": 105045.39, "Total Cost": 105045.4, "Plan Rows": 1, "Plan Width": 123, "Actual Min Startup Time": 428.893, "Actual Max Startup Time": 428.893, "Actual Min Total Time": 428.894, "Actual Max Total Time": 428.894, "Actual Total Rows": 1, "Plans": [{"Node Type": "Nested Loop", "Parent Relationship": "Outer", "Join Type": "Inner", "Startup Cost": 0.0, "Total Cost": 105045.15, "Plan Rows": 48, "Plan Width": 59, "Actual Min Startup Time": 427.475, "Actual Max Startup Time": 427.475, "Actual Min Total Time": 428.857, "Actual Max Total Time": 428.857, "Actual Total Rows": 5, "Inner Unique": true, "Plans": [{"Node Type": "Nested Loop", "Parent Relationship": "Outer", "Join Type": "Inner", "Startup Cost": 0.0, "Total Cost": 105031.47, "Plan Rows": 48, "Plan Width": 63, "Actual Min Startup Time": 424.584, "Actual Max Startup Time": 424.584, "Actual Min Total Time": 428.81, "Actual Max Total Time": 428.81, "Actual Total Rows": 10, "Inner Unique": true, "Plans": [{"Node Type": "Nested Loop", "Parent Relationship": "Outer", "Join Type": "Inner", "Startup Cost": 0.0, "Total Cost": 105030.03, "Plan Rows": 5, "Plan Width": 67, "Actual Min Startup Time": 423.182, "Actual Max Startup Time": 423.182, "Actual Min Total Time": 428.54, "Actual Max Total Time": 428.54, "Actual Total Rows": 33, "Inner Unique": false, "Join Filter": "(mi.info_type_id = it1.id)", "Rows Removed by Join Filter": 4926, "Plans": [{"Node Type": "Index Scan", "Parent Relationship": "Outer", "Scan Direction": "Forward", "Index Name": "info_type_pkey", "Relation Name": "info_type", "Alias": "it1", "Startup Cost": 0.0, "Total Cost": 14.21, "Plan Rows": 1, "Plan Width": 4, "Actual Min Startup Time": 0.091, "Actual Max Startup Time": 0.091, "Actual Min Total Time": 0.1, "Actual Max Total Time": 0.1, "Actual Total Rows": 1, "Filter": "((info)::text = 'budget'::text)", "Rows Removed by Filter": 111}, {"Node Type": "Nested Loop", "Parent Relationship": "Inner", "Join Type": "Inner", "Startup Cost": 0.0, "Total Cost": 105001.79, "Plan Rows": 1122, "Plan Width": 71, "Actual Min Startup Time": 422.919, "Actual Max Startup Time": 422.919, "Actual Min Total Time": 427.403, "Actual Max Total Time": 427.403, "Actual Total Rows": 4959, "Inner Unique": false, "Join Filter": "(t.id = mi.movie_id)", "Rows Removed by Join Filter": 0, "Plans": [{"Node Type": "Nested Loop", "Parent Relationship": "Outer", "Join Type": "Inner", "Startup Cost": 0.0, "Total Cost": 104849.13, "Plan Rows": 210, "Plan Width": 37, "Actual Min Startup Time": 422.871, "Actual Max Startup Time": 422.871, "Actual Min Total Time": 423.296, "Actual Max Total Time": 423.296, "Actual Total Rows": 33, "Inner Unique": false, "Join Filter": "(t.id = mc.movie_id)", "Rows Removed by Join Filter": 0, "Plans": [{"Node Type": "Nested Loop", "Parent Relationship": "Outer", "Join Type": "Inner", "Startup Cost": 0.0, "Total Cost": 104728.36, "Plan Rows": 311, "Plan Width": 25, "Actual Min Startup Time": 422.839, "Actual Max Startup Time": 422.839, "Actual Min Total Time": 423.213, "Actual Max Total Time": 423.213, "Actual Total Rows": 2, "Inner Unique": false, "Join Filter": "(mi_idx.info_type_id = it2.id)", "Rows Removed by Join Filter": 2643, "Plans": [{"Node Type": "Index Scan", "Parent Relationship": "Outer", "Scan Direction": "Forward", "Index Name": "info_type_pkey", "Relation Name": "info_type", "Alias": "it2", "Startup Cost": 0.0, "Total Cost": 14.21, "Plan Rows": 1, "Plan Width": 4, "Actual Min Startup Time": 0.085, "Actual Max Startup Time": 0.085, "Actual Min Total Time": 0.086, "Actual Max Total Time": 0.086, "Actual Total Rows": 1, "Filter": "((info)::text = 'bottom 10 rank'::text)", "Rows Removed by Filter": 111}, {"Node Type": "Materialize", "Parent Relationship": "Inner", "Startup Cost": 0.0, "Total Cost": 104710.19, "Plan Rows": 396, "Plan Width": 29, "Actual Min Startup Time": 422.174, "Actual Max Startup Time": 422.174, "Actual Min Total Time": 422.543, "Actual Max Total Time": 422.543, "Actual Total Rows": 2646, "Plans": [{"Node Type": "Nested Loop", "Parent Relationship": "Outer", "Join Type": "Inner", "Startup Cost": 0.0, "Total Cost": 104709.2, "Plan Rows": 396, "Plan Width": 29, "Actual Min Startup Time": 129.083, "Actual Max Startup Time": 129.083, "Actual Min Total Time": 421.219, "Actual Max Total Time": 421.219, "Actual Total Rows": 2645, "Inner Unique": false, "Plans": [{"Node Type": "Streaming(type: LOCAL GATHER dop: 1/16)", "Parent Relationship": "Outer", "Startup Cost": 0.0, "Total Cost": 102608.29, "Plan Rows": 258, "Plan Width": 21, "Actual Min Startup Time": 129.043, "Actual Max Startup Time": 129.043, "Actual Min Total Time": 405.859, "Actual Max Total Time": 405.859, "Actual Total Rows": 2536, "Plans": [{"Node Type": "Index Scan", "Parent Relationship": "Outer", "Scan Direction": "Forward", "Index Name": "title_pkey", "Relation Name": "title", "Alias": "t", "Startup Cost": 0.0, "Total Cost": 102602.72, "Plan Rows": 258, "Plan Width": 21, "Actual Min Startup Time": 21.32, "Actual Max Startup Time": 42.499, "Actual Min Total Time": 349.176, "Actual Max Total Time": 394.75, "Actual Total Rows": 2536, "Filter": "((production_year > 2000) AND (((title)::text ~~ 'Birdemic%'::text) OR ((title)::text ~~ '%Movie%'::text)))", "Rows Removed by Filter": 2525775}]}, {"Node Type": "Index Scan", "Parent Relationship": "Inner", "Scan Direction": "Forward", "Index Name": "movie_id_movie_info_idx", "Relation Name": "movie_info_idx", "Alias": "mi_idx", "Startup Cost": 0.0, "Total Cost": 8.12, "Plan Rows": 2, "Plan Width": 8, "Actual Min Startup Time": 12.271, "Actual Max Startup Time": 12.271, "Actual Min Total Time": 13.318, "Actual Max Total Time": 13.318, "Actual Total Rows": 2645, "Index Cond": "(movie_id = t.id)", "Rows Removed by Index Recheck": 0}]}]}]}, {"Node Type": "Index Scan", "Parent Relationship": "Inner", "Scan Direction": "Forward", "Index Name": "movie_id_movie_companies", "Relation Name": "movie_companies", "Alias": "mc", "Startup Cost": 0.0, "Total Cost": 0.36, "Plan Rows": 2, "Plan Width": 12, "Actual Min Startup Time": 0.035, "Actual Max Startup Time": 0.035, "Actual Min Total Time": 0.06, "Actual Max Total Time": 0.06, "Actual Total Rows": 33, "Index Cond": "(movie_id = mi_idx.movie_id)", "Rows Removed by Index Recheck": 0}]}, {"Node Type": "Index Scan", "Parent Relationship": "Inner", "Scan Direction": "Forward", "Index Name": "movie_id_movie_info", "Relation Name": "movie_info", "Alias": "mi", "Startup Cost": 0.0, "Total Cost": 0.66, "Plan Rows": 5, "Plan Width": 50, "Actual Min Startup Time": 0.513, "Actual Max Startup Time": 0.513, "Actual Min Total Time": 2.557, "Actual Max Total Time": 2.557, "Actual Total Rows": 4959, "Index Cond": "(movie_id = mc.movie_id)", "Rows Removed by Index Recheck": 0}]}]}, {"Node Type": "Index Scan", "Parent Relationship": "Inner", "Scan Direction": "Forward", "Index Name": "company_name_pkey", "Relation Name": "company_name", "Alias": "cn", "Startup Cost": 0.0, "Total Cost": 0.28, "Plan Rows": 1, "Plan Width": 4, "Actual Min Startup Time": 0.243, "Actual Max Startup Time": 0.243, "Actual Min Total Time": 0.243, "Actual Max Total Time": 0.243, "Actual Total Rows": 10, "Index Cond": "(id = mc.company_id)", "Rows Removed by Index Recheck": 0, "Filter": "((country_code)::text = '[us]'::text)", "Rows Removed by Filter": 23}]}, {"Node Type": "Index Scan", "Parent Relationship": "Inner", "Scan Direction": "Forward", "Index Name": "company_type_pkey", "Relation Name": "company_type", "Alias": "ct", "Startup Cost": 0.0, "Total Cost": 0.28, "Plan Rows": 1, "Plan Width": 4, "Actual Min Startup Time": 0.032, "Actual Max Startup Time": 0.032, "Actual Min Total Time": 0.032, "Actual Max Total Time": 0.032, "Actual Total Rows": 5, "Index Cond": "(id = mc.company_type_id)", "Rows Removed by Index Recheck": 0, "Filter": "((kind IS NOT NULL) AND (((kind)::text = 'production companies'::text) OR ((kind)::text = 'distributors'::text)))", "Rows Removed by Filter": 0}]}]}, "Triggers": [], "Planner Runtime": 164.869, "Total Runtime": 432.154, "Unique SQL Id": 1682224415}}, "(16, 10)": {"explain_plan": {"Plan": {"Node Type": "Aggregate", "Strategy": "Plain", "Startup Cost": 140266.12, "Total Cost": 140266.13, "Plan Rows": 1, "Plan Width": 123, "Plans": [{"Node Type": "Nested Loop", "Parent Relationship": "Outer", "Join Type": "Inner", "Startup Cost": 107031.57, "Total Cost": 140266.05, "Plan Rows": 14, "Plan Width": 59, "Inner Unique": true, "Join Filter": "(mc.company_type_id = ct.id)", "Plans": [{"Node Type": "Nested Loop", "Parent Relationship": "Outer", "Join Type": "Inner", "Startup Cost": 107031.57, "Total Cost": 140264.58, "Plan Rows": 14, "Plan Width": 63, "Inner Unique": false, "Join Filter": "(mi_idx.info_type_id = it2.id)", "Plans": [{"Node Type": "Seq Scan", "Parent Relationship": "Outer", "Relation Name": "info_type", "Alias": "it2", "Startup Cost": 0.0, "Total Cost": 2.4, "Plan Rows": 1, "Plan Width": 4, "Filter": "((info)::text = 'bottom 10 rank'::text)"}, {"Node Type": "Materialize", "Parent Relationship": "Inner", "Startup Cost": 107031.57, "Total Cost": 140261.63, "Plan Rows": 55, "Plan Width": 67, "Plans": [{"Node Type": "Hash Join", "Parent Relationship": "Outer", "Join Type": "Inner", "Startup Cost": 107031.57, "Total Cost": 140261.49, "Plan Rows": 55, "Plan Width": 67, "Inner Unique": true, "Hash Cond": "(mc.company_id = cn.id)", "Plans": [{"Node Type": "Streaming(type: LOCAL GATHER dop: 1/16)", "Parent Relationship": "Outer", "Startup Cost": 104491.08, "Total Cost": 137719.99, "Plan Rows": 65, "Plan Width": 71, "Plans": [{"Node Type": "Hash Join", "Parent Relationship": "Outer", "Join Type": "Inner", "Startup Cost": 104491.08, "Total Cost": 137718.59, "Plan Rows": 65, "Plan Width": 71, "Inner Unique": false, "Hash Cond": "(t.id = mi_idx.movie_id)", "Plans": [{"Node Type": "Streaming(type: BROADCAST dop: 16/16)", "Parent Relationship": "Outer", "Startup Cost": 87145.78, "Total Cost": 120372.93, "Plan Rows": 672, "Plan Width": 79, "Plans": [{"Node Type": "Hash Join", "Parent Relationship": "Outer", "Join Type": "Inner", "Startup Cost": 87145.78, "Total Cost": 105371.23, "Plan Rows": 42, "Plan Width": 79, "Inner Unique": false, "Hash Cond": "(mc.movie_id = t.id)", "Plans": [{"Node Type": "Seq Scan", "Parent Relationship": "Outer", "Relation Name": "movie_companies", "Alias": "mc", "Startup Cost": 0.0, "Total Cost": 17613.58, "Plan Rows": 2609128, "Plan Width": 12}, {"Node Type": "Hash", "Parent Relationship": "Inner", "Startup Cost": 87142.43, "Total Cost": 87142.43, "Plan Rows": 4288, "Plan Width": 67, "Plans": [{"Node Type": "Streaming(type: BROADCAST dop: 16/1)", "Parent Relationship": "Outer", "Startup Cost": 34953.17, "Total Cost": 87142.43, "Plan Rows": 4288, "Plan Width": 67, "Plans": [{"Node Type": "Nested Loop", "Parent Relationship": "Outer", "Join Type": "Inner", "Startup Cost": 34953.17, "Total Cost": 72049.89, "Plan Rows": 268, "Plan Width": 67, "Inner Unique": false, "Join Filter": "(mi.info_type_id = it1.id)", "Plans": [{"Node Type": "Seq Scan", "Parent Relationship": "Outer", "Relation Name": "info_type", "Alias": "it1", "Startup Cost": 0.0, "Total Cost": 2.4, "Plan Rows": 1, "Plan Width": 4, "Filter": "((info)::text = 'budget'::text)"}, {"Node Type": "Materialize", "Parent Relationship": "Inner", "Startup Cost": 34953.17, "Total Cost": 72033.82, "Plan Rows": 1367, "Plan Width": 71, "Plans": [{"Node Type": "Streaming(type: LOCAL GATHER dop: 1/16)", "Parent Relationship": "Outer", "Startup Cost": 34953.17, "Total Cost": 72030.4, "Plan Rows": 1367, "Plan Width": 71, "Plans": [{"Node Type": "Hash Join", "Parent Relationship": "Outer", "Join Type": "Inner", "Startup Cost": 34953.17, "Total Cost": 72000.9, "Plan Rows": 1367, "Plan Width": 71, "Inner Unique": true, "Hash Cond": "(mi.movie_id = t.id)", "Plans": [{"Node Type": "Seq Scan", "Parent Relationship": "Outer", "Relation Name": "movie_info", "Alias": "mi", "Startup Cost": 0.0, "Total Cost": 33561.73, "Plan Rows": 14869966, "Plan Width": 50}, {"Node Type": "Hash", "Parent Relationship": "Inner", "Startup Cost": 34949.95, "Total Cost": 34949.95, "Plan Rows": 4128, "Plan Width": 21, "Plans": [{"Node Type": "Streaming(type: BROADCAST dop: 16/16)", "Parent Relationship": "Outer", "Startup Cost": 0.0, "Total Cost": 34949.95, "Plan Rows": 4128, "Plan Width": 21, "Plans": [{"Node Type": "Seq Scan", "Parent Relationship": "Outer", "Relation Name": "title", "Alias": "t", "Startup Cost": 0.0, "Total Cost": 19939.47, "Plan Rows": 258, "Plan Width": 21, "Filter": "((production_year > 2000) AND (((title)::text ~~ 'Birdemic%'::text) OR ((title)::text ~~ '%Movie%'::text)))"}]}]}]}]}]}]}]}]}]}]}, {"Node Type": "Hash", "Parent Relationship": "Inner", "Startup Cost": 16267.15, "Total Cost": 16267.15, "Plan Rows": 1380034, "Plan Width": 8, "Plans": [{"Node Type": "Seq Scan", "Parent Relationship": "Outer", "Relation Name": "movie_info_idx", "Alias": "mi_idx", "Startup Cost": 0.0, "Total Cost": 16267.15, "Plan Rows": 1380034, "Plan Width": 8}]}]}]}, {"Node Type": "Hash", "Parent Relationship": "Inner", "Startup Cost": 5903.45, "Total Cost": 5903.45, "Plan Rows": 85170, "Plan Width": 4, "Plans": [{"Node Type": "Seq Scan", "Parent Relationship": "Outer", "Relation Name": "company_name", "Alias": "cn", "Startup Cost": 0.0, "Total Cost": 5903.45, "Plan Rows": 85170, "Plan Width": 4, "Filter": "((country_code)::text = '[us]'::text)"}]}]}]}]}, {"Node Type": "Materialize", "Parent Relationship": "Inner", "Startup Cost": 0.0, "Total Cost": 1.05, "Plan Rows": 2, "Plan Width": 4, "Plans": [{"Node Type": "Seq Scan", "Parent Relationship": "Outer", "Relation Name": "company_type", "Alias": "ct", "Startup Cost": 0.0, "Total Cost": 1.04, "Plan Rows": 2, "Plan Width": 4, "Filter": "((kind IS NOT NULL) AND (((kind)::text = 'production companies'::text) OR ((kind)::text = 'distributors'::text)))"}]}]}]}, "Unique SQL Id": 1682224415}, "explain_analyze_plan": {"Plan": {"Node Type": "Aggregate", "Strategy": "Plain", "Startup Cost": 140266.12, "Total Cost": 140266.13, "Plan Rows": 1, "Plan Width": 123, "Actual Min Startup Time": 672.807, "Actual Max Startup Time": 672.807, "Actual Min Total Time": 672.808, "Actual Max Total Time": 672.808, "Actual Total Rows": 1, "Plans": [{"Node Type": "Nested Loop", "Parent Relationship": "Outer", "Join Type": "Inner", "Startup Cost": 107031.57, "Total Cost": 140266.05, "Plan Rows": 14, "Plan Width": 59, "Actual Min Startup Time": 672.372, "Actual Max Startup Time": 672.372, "Actual Min Total Time": 672.781, "Actual Max Total Time": 672.781, "Actual Total Rows": 5, "Inner Unique": true, "Join Filter": "(mc.company_type_id = ct.id)", "Rows Removed by Join Filter": 5, "Plans": [{"Node Type": "Nested Loop", "Parent Relationship": "Outer", "Join Type": "Inner", "Startup Cost": 107031.57, "Total Cost": 140264.58, "Plan Rows": 14, "Plan Width": 63, "Actual Min Startup Time": 672.332, "Actual Max Startup Time": 672.332, "Actual Min Total Time": 672.743, "Actual Max Total Time": 672.743, "Actual Total Rows": 10, "Inner Unique": false, "Join Filter": "(mi_idx.info_type_id = it2.id)", "Rows Removed by Join Filter": 1383, "Plans": [{"Node Type": "Seq Scan", "Parent Relationship": "Outer", "Relation Name": "info_type", "Alias": "it2", "Startup Cost": 0.0, "Total Cost": 2.4, "Plan Rows": 1, "Plan Width": 4, "Actual Min Startup Time": 0.064, "Actual Max Startup Time": 0.064, "Actual Min Total Time": 0.066, "Actual Max Total Time": 0.066, "Actual Total Rows": 1, "Filter": "((info)::text = 'bottom 10 rank'::text)", "Rows Removed by Filter": 111}, {"Node Type": "Materialize", "Parent Relationship": "Inner", "Startup Cost": 107031.57, "Total Cost": 140261.63, "Plan Rows": 55, "Plan Width": 67, "Actual Min Startup Time": 672.076, "Actual Max Startup Time": 672.076, "Actual Min Total Time": 672.217, "Actual Max Total Time": 672.217, "Actual Total Rows": 1394, "Plans": [{"Node Type": "Hash Join", "Parent Relationship": "Outer", "Join Type": "Inner", "Startup Cost": 107031.57, "Total Cost": 140261.49, "Plan Rows": 55, "Plan Width": 67, "Actual Min Startup Time": 631.186, "Actual Max Startup Time": 631.186, "Actual Min Total Time": 671.66, "Actual Max Total Time": 671.66, "Actual Total Rows": 1393, "Inner Unique": true, "Hash Cond": "(mc.company_id = cn.id)", "Plans": [{"Node Type": "Streaming(type: LOCAL GATHER dop: 1/16)", "Parent Relationship": "Outer", "Startup Cost": 104491.08, "Total Cost": 137719.99, "Plan Rows": 65, "Plan Width": 71, "Actual Min Startup Time": 514.053, "Actual Max Startup Time": 514.053, "Actual Min Total Time": 553.479, "Actual Max Total Time": 553.479, "Actual Total Rows": 3102, "Plans": [{"Node Type": "Hash Join", "Parent Relationship": "Outer", "Join Type": "Inner", "Startup Cost": 104491.08, "Total Cost": 137718.59, "Plan Rows": 65, "Plan Width": 71, "Actual Min Startup Time": 551.404, "Actual Max Startup Time": 609.013, "Actual Min Total Time": 585.515, "Actual Max Total Time": 619.916, "Actual Total Rows": 3102, "Inner Unique": false, "Hash Cond": "(t.id = mi_idx.movie_id)", "Plans": [{"Node Type": "Streaming(type: BROADCAST dop: 16/16)", "Parent Relationship": "Outer", "Startup Cost": 87145.78, "Total Cost": 120372.93, "Plan Rows": 672, "Plan Width": 79, "Actual Min Startup Time": 495.727, "Actual Max Startup Time": 531.068, "Actual Min Total Time": 534.819, "Actual Max Total Time": 570.647, "Actual Total Rows": 21456, "Plans": [{"Node Type": "Hash Join", "Parent Relationship": "Outer", "Join Type": "Inner", "Startup Cost": 87145.78, "Total Cost": 105371.23, "Plan Rows": 42, "Plan Width": 79, "Actual Min Startup Time": 516.86, "Actual Max Startup Time": 549.99, "Actual Min Total Time": 573.528, "Actual Max Total Time": 612.116, "Actual Total Rows": 1341, "Inner Unique": false, "Hash Cond": "(mc.movie_id = t.id)", "Plans": [{"Node Type": "Seq Scan", "Parent Relationship": "Outer", "Relation Name": "movie_companies", "Alias": "mc", "Startup Cost": 0.0, "Total Cost": 17613.58, "Plan Rows": 2609128, "Plan Width": 12, "Actual Min Startup Time": 0.039, "Actual Max Startup Time": 0.054, "Actual Min Total Time": 32.553, "Actual Max Total Time": 39.769, "Actual Total Rows": 2609128}, {"Node Type": "Hash", "Parent Relationship": "Inner", "Startup Cost": 87142.43, "Total Cost": 87142.43, "Plan Rows": 4288, "Plan Width": 67, "Actual Min Startup Time": 515.868, "Actual Max Startup Time": 544.218, "Actual Min Total Time": 515.868, "Actual Max Total Time": 544.218, "Actual Total Rows": 6928, "Max Hash Buckets": 32768, "Min Hash Buckets": 32768, "Max Hash Batches": 1, "Min Hash Batches": 1, "Max Original Hash Batches": 1, "Min Original Hash Batches": 1, "Max Peak Memory Usage": 33, "min Peak Memory Usage": 33, "Plans": [{"Node Type": "Streaming(type: BROADCAST dop: 16/1)", "Parent Relationship": "Outer", "Startup Cost": 34953.17, "Total Cost": 87142.43, "Plan Rows": 4288, "Plan Width": 67, "Actual Min Startup Time": 508.754, "Actual Max Startup Time": 537.122, "Actual Min Total Time": 515.697, "Actual Max Total Time": 544.035, "Actual Total Rows": 6928, "Plans": [{"Node Type": "Nested Loop", "Parent Relationship": "Outer", "Join Type": "Inner", "Startup Cost": 34953.17, "Total Cost": 72049.89, "Plan Rows": 268, "Plan Width": 67, "Actual Min Startup Time": 514.478, "Actual Max Startup Time": 514.478, "Actual Min Total Time": 519.312, "Actual Max Total Time": 519.312, "Actual Total Rows": 433, "Inner Unique": false, "Join Filter": "(mi.info_type_id = it1.id)", "Rows Removed by Join Filter": 24582, "Plans": [{"Node Type": "Seq Scan", "Parent Relationship": "Outer", "Relation Name": "info_type", "Alias": "it1", "Startup Cost": 0.0, "Total Cost": 2.4, "Plan Rows": 1, "Plan Width": 4, "Actual Min Startup Time": 0.084, "Actual Max Startup Time": 0.084, "Actual Min Total Time": 0.094, "Actual Max Total Time": 0.094, "Actual Total Rows": 1, "Filter": "((info)::text = 'budget'::text)", "Rows Removed by Filter": 111}, {"Node Type": "Materialize", "Parent Relationship": "Inner", "Startup Cost": 34953.17, "Total Cost": 72033.82, "Plan Rows": 1367, "Plan Width": 71, "Actual Min Startup Time": 509.499, "Actual Max Startup Time": 509.499, "Actual Min Total Time": 512.638, "Actual Max Total Time": 512.638, "Actual Total Rows": 25016, "Plans": [{"Node Type": "Streaming(type: LOCAL GATHER dop: 1/16)", "Parent Relationship": "Outer", "Startup Cost": 34953.17, "Total Cost": 72030.4, "Plan Rows": 1367, "Plan Width": 71, "Actual Min Startup Time": 117.543, "Actual Max Startup Time": 117.543, "Actual Min Total Time": 504.345, "Actual Max Total Time": 504.345, "Actual Total Rows": 25015, "Plans": [{"Node Type": "Hash Join", "Parent Relationship": "Outer", "Join Type": "Inner", "Startup Cost": 34953.17, "Total Cost": 72000.9, "Plan Rows": 1367, "Plan Width": 71, "Actual Min Startup Time": 81.935, "Actual Max Startup Time": 135.498, "Actual Min Total Time": 465.581, "Actual Max Total Time": 538.719, "Actual Total Rows": 25015, "Inner Unique": true, "Hash Cond": "(mi.movie_id = t.id)", "Plans": [{"Node Type": "Seq Scan", "Parent Relationship": "Outer", "Relation Name": "movie_info", "Alias": "mi", "Startup Cost": 0.0, "Total Cost": 33561.73, "Plan Rows": 14869966, "Plan Width": 50, "Actual Min Startup Time": 0.054, "Actual Max Startup Time": 0.068, "Actual Min Total Time": 220.737, "Actual Max Total Time": 250.94, "Actual Total Rows": 14835719}, {"Node Type": "Hash", "Parent Relationship": "Inner", "Startup Cost": 34949.95, "Total Cost": 34949.95, "Plan Rows": 4128, "Plan Width": 21, "Actual Min Startup Time": 81.751, "Actual Max Startup Time": 132.203, "Actual Min Total Time": 81.751, "Actual Max Total Time": 132.203, "Actual Total Rows": 40576, "Max Hash Buckets": 32768, "Min Hash Buckets": 32768, "Max Hash Batches": 1, "Min Hash Batches": 1, "Max Original Hash Batches": 1, "Min Original Hash Batches": 1, "Max Peak Memory Usage": 163, "min Peak Memory Usage": 163, "Plans": [{"Node Type": "Streaming(type: BROADCAST dop: 16/16)", "Parent Relationship": "Outer", "Startup Cost": 0.0, "Total Cost": 34949.95, "Plan Rows": 4128, "Plan Width": 21, "Actual Min Startup Time": 18.766, "Actual Max Startup Time": 69.228, "Actual Min Total Time": 80.95, "Actual Max Total Time": 131.56, "Actual Total Rows": 40576, "Plans": [{"Node Type": "Seq Scan", "Parent Relationship": "Outer", "Relation Name": "title", "Alias": "t", "Startup Cost": 0.0, "Total Cost": 19939.47, "Plan Rows": 258, "Plan Width": 21, "Actual Min Startup Time": 0.049, "Actual Max Startup Time": 5.391, "Actual Min Total Time": 80.134, "Actual Max Total Time": 84.651, "Actual Total Rows": 2536, "Filter": "((production_year > 2000) AND (((title)::text ~~ 'Birdemic%'::text) OR ((title)::text ~~ '%Movie%'::text)))", "Rows Removed by Filter": 2525775}]}]}]}]}]}]}]}]}]}]}, {"Node Type": "Hash", "Parent Relationship": "Inner", "Startup Cost": 16267.15, "Total Cost": 16267.15, "Plan Rows": 1380034, "Plan Width": 8, "Actual Min Startup Time": 47.237, "Actual Max Startup Time": 56.387, "Actual Min Total Time": 47.237, "Actual Max Total Time": 56.387, "Actual Total Rows": 1380034, "Max Hash Buckets": 131072, "Min Hash Buckets": 131072, "Max Hash Batches": 1, "Min Hash Batches": 1, "Max Original Hash Batches": 1, "Min Original Hash Batches": 1, "Max Peak Memory Usage": 3941, "min Peak Memory Usage": 3941, "Plans": [{"Node Type": "Seq Scan", "Parent Relationship": "Outer", "Relation Name": "movie_info_idx", "Alias": "mi_idx", "Startup Cost": 0.0, "Total Cost": 16267.15, "Plan Rows": 1380034, "Plan Width": 8, "Actual Min Startup Time": 0.042, "Actual Max Startup Time": 0.078, "Actual Min Total Time": 24.717, "Actual Max Total Time": 29.323, "Actual Total Rows": 1380034}]}]}]}, {"Node Type": "Hash", "Parent Relationship": "Inner", "Startup Cost": 5903.45, "Total Cost": 5903.45, "Plan Rows": 85170, "Plan Width": 4, "Actual Min Startup Time": 116.978, "Actual Max Startup Time": 116.978, "Actual Min Total Time": 116.978, "Actual Max Total Time": 116.978, "Actual Total Rows": 84843, "Max Hash Buckets": 131072, "Min Hash Buckets": 131072, "Max Hash Batches": 1, "Min Hash Batches": 1, "Max Original Hash Batches": 1, "Min Original Hash Batches": 1, "Max Peak Memory Usage": 2983, "min Peak Memory Usage": 2983, "Plans": [{"Node Type": "Seq Scan", "Parent Relationship": "Outer", "Relation Name": "company_name", "Alias": "cn", "Startup Cost": 0.0, "Total Cost": 5903.45, "Plan Rows": 85170, "Plan Width": 4, "Actual Min Startup Time": 0.069, "Actual Max Startup Time": 0.069, "Actual Min Total Time": 91.067, "Actual Max Total Time": 91.067, "Actual Total Rows": 84843, "Filter": "((country_code)::text = '[us]'::text)", "Rows Removed by Filter": 150153}]}]}]}]}, {"Node Type": "Materialize", "Parent Relationship": "Inner", "Startup Cost": 0.0, "Total Cost": 1.05, "Plan Rows": 2, "Plan Width": 4, "Actual Min Startup Time": 0.025, "Actual Max Startup Time": 0.025, "Actual Min Total Time": 0.03, "Actual Max Total Time": 0.03, "Actual Total Rows": 10, "Plans": [{"Node Type": "Seq Scan", "Parent Relationship": "Outer", "Relation Name": "company_type", "Alias": "ct", "Startup Cost": 0.0, "Total Cost": 1.04, "Plan Rows": 2, "Plan Width": 4, "Actual Min Startup Time": 0.015, "Actual Max Startup Time": 0.015, "Actual Min Total Time": 0.02, "Actual Max Total Time": 0.02, "Actual Total Rows": 1, "Filter": "((kind IS NOT NULL) AND (((kind)::text = 'production companies'::text) OR ((kind)::text = 'distributors'::text)))", "Rows Removed by Filter": 2}]}]}]}, "Triggers": [], "Planner Runtime": 365.938, "Total Runtime": 687.152, "Unique SQL Id": 1682224415}}, "(16, 11)": {"explain_plan": {"Plan": {"Node Type": "Aggregate", "Strategy": "Plain", "Startup Cost": 7998688012676.87, "Total Cost": 7998688012676.88, "Plan Rows": 1, "Plan Width": 123, "Plans": [{"Node Type": "Nested Loop", "Parent Relationship": "Outer", "Join Type": "Inner", "Startup Cost": 80000000000.0, "Total Cost": 7998688012676.62, "Plan Rows": 48, "Plan Width": 59, "Inner Unique": false, "Join Filter": "(mi_idx.movie_id = t.id)", "Plans": [{"Node Type": "Nested Loop", "Parent Relationship": "Outer", "Join Type": "Inner", "Startup Cost": 20000000000.0, "Total Cost": 2000004672156.88, "Plan Rows": 345008, "Plan Width": 4, "Inner Unique": true, "Join Filter": "(it2.id = mi_idx.info_type_id), (LLVM Optimized)", "Plans": [{"Node Type": "Index Scan", "Parent Relationship": "Outer", "Scan Direction": "Forward", "Index Name": "movie_id_movie_info_idx", "Relation Name": "movie_info_idx", "Alias": "mi_idx", "Startup Cost": 10000000000.0, "Total Cost": 1000004650035.37, "Plan Rows": 1380034, "Plan Width": 8}, {"Node Type": "Materialize", "Parent Relationship": "Inner", "Startup Cost": 10000000000.0, "Total Cost": 1000000001421.0, "Plan Rows": 1, "Plan Width": 4, "Plans": [{"Node Type": "Index Scan", "Parent Relationship": "Outer", "Scan Direction": "Forward", "Index Name": "info_type_pkey", "Relation Name": "info_type", "Alias": "it2", "Startup Cost": 10000000000.0, "Total Cost": 1000000001421.0, "Plan Rows": 1, "Plan Width": 4, "Filter": "((info)::text = 'bottom 10 rank'::text)"}]}]}, {"Node Type": "Materialize", "Parent Relationship": "Inner", "Startup Cost": 60000000000.0, "Total Cost": 5998682688454.94, "Plan Rows": 126, "Plan Width": 71, "Plans": [{"Node Type": "Nested Loop", "Parent Relationship": "Outer", "Join Type": "Inner", "Startup Cost": 60000000000.0, "Total Cost": 5998682688454.31, "Plan Rows": 126, "Plan Width": 71, "Inner Unique": true, "Join Filter": "(mc.company_id = cn.id)", "Plans": [{"Node Type": "Nested Loop", "Parent Relationship": "Outer", "Join Type": "Inner", "Startup Cost": 50000000000.0, "Total Cost": 4998681311049.62, "Plan Rows": 256, "Plan Width": 75, "Inner Unique": true, "Join Filter": "(mi.info_type_id = it1.id)", "Plans": [{"Node Type": "Nested Loop", "Parent Relationship": "Outer", "Join Type": "Inner", "Startup Cost": 40000000000.0, "Total Cost": 3998681309583.78, "Plan Rows": 2989, "Plan Width": 79, "Inner Unique": true, "Join Filter": "(mc.company_type_id = ct.id)", "Plans": [{"Node Type": "Merge Join", "Parent Relationship": "Outer", "Join Type": "Inner", "Startup Cost": 30000000000.0, "Total Cost": 2998681308263.11, "Plan Rows": 2989, "Plan Width": 83, "Inner Unique": false, "Merge Cond": "(t.id = mc.movie_id)", "Plans": [{"Node Type": "Merge Join", "Parent Relationship": "Outer", "Join Type": "Inner", "Startup Cost": 20000000000.0, "Total Cost": 2000116762389.8, "Plan Rows": 1367, "Plan Width": 71, "Inner Unique": true, "Merge Cond": "(mi.movie_id = t.id)", "Plans": [{"Node Type": "Index Scan", "Parent Relationship": "Outer", "Scan Direction": "Forward", "Index Name": "movie_id_movie_info", "Relation Name": "movie_info", "Alias": "mi", "Startup Cost": 10000000000.0, "Total Cost": 1000103816912.22, "Plan Rows": 14869966, "Plan Width": 50}, {"Node Type": "Materialize", "Parent Relationship": "Inner", "Startup Cost": 10000000000.0, "Total Cost": 1000012908282.81, "Plan Rows": 258, "Plan Width": 21, "Plans": [{"Node Type": "Index Scan", "Parent Relationship": "Outer", "Scan Direction": "Forward", "Index Name": "title_pkey", "Relation Name": "title", "Alias": "t", "Startup Cost": 10000000000.0, "Total Cost": 1000012908282.16, "Plan Rows": 258, "Plan Width": 21, "Filter": "((production_year > 2000) AND (((title)::text ~~ 'Birdemic%'::text) OR ((title)::text ~~ '%Movie%'::text)))"}]}]}, {"Node Type": "Index Scan", "Parent Relationship": "Inner", "Scan Direction": "Forward", "Index Name": "movie_id_movie_companies", "Relation Name": "movie_companies", "Alias": "mc", "Startup Cost": 10000000000.0, "Total Cost": 1000013051946.13, "Plan Rows": 2609128, "Plan Width": 12}]}, {"Node Type": "Materialize", "Parent Relationship": "Inner", "Startup Cost": 10000000000.0, "Total Cost": 1000000001231.01, "Plan Rows": 2, "Plan Width": 4, "Plans": [{"Node Type": "Index Scan", "Parent Relationship": "Outer", "Scan Direction": "Forward", "Index Name": "company_type_pkey", "Relation Name": "company_type", "Alias": "ct", "Startup Cost": 10000000000.0, "Total Cost": 1000000001231.0, "Plan Rows": 2, "Plan Width": 4, "Filter": "((kind IS NOT NULL) AND (((kind)::text = 'production companies'::text) OR ((kind)::text = 'distributors'::text)))"}]}]}, {"Node Type": "Materialize", "Parent Relationship": "Inner", "Startup Cost": 10000000000.0, "Total Cost": 1000000001421.0, "Plan Rows": 1, "Plan Width": 4, "Plans": [{"Node Type": "Index Scan", "Parent Relationship": "Outer", "Scan Direction": "Forward", "Index Name": "info_type_pkey", "Relation Name": "info_type", "Alias": "it1", "Startup Cost": 10000000000.0, "Total Cost": 1000000001421.0, "Plan Rows": 1, "Plan Width": 4, "Filter": "((info)::text = 'budget'::text)"}]}]}, {"Node Type": "Materialize", "Parent Relationship": "Inner", "Startup Cost": 10000000000.0, "Total Cost": 1000001050564.82, "Plan Rows": 85170, "Plan Width": 4, "Plans": [{"Node Type": "Index Scan", "Parent Relationship": "Outer", "Scan Direction": "Forward", "Index Name": "company_name_pkey", "Relation Name": "company_name", "Alias": "cn", "Startup Cost": 10000000000.0, "Total Cost": 1000001050138.97, "Plan Rows": 85170, "Plan Width": 4, "Filter": "((country_code)::text = '[us]'::text)"}]}]}]}]}]}, "Unique SQL Id": 1682224415}, "explain_analyze_plan": null}, "(16, 12)": {"explain_plan": {"Plan": {"Node Type": "Aggregate", "Strategy": "Plain", "Startup Cost": 22395.63, "Total Cost": 22395.64, "Plan Rows": 1, "Plan Width": 123, "Plans": [{"Node Type": "Nested Loop", "Parent Relationship": "Outer", "Join Type": "Inner", "Startup Cost": 0.0, "Total Cost": 22395.61, "Plan Rows": 4, "Plan Width": 59, "Inner Unique": true, "Plans": [{"Node Type": "Nested Loop", "Parent Relationship": "Outer", "Join Type": "Inner", "Startup Cost": 0.0, "Total Cost": 22393.6, "Plan Rows": 7, "Plan Width": 63, "Inner Unique": true, "Join Filter": "(mc.company_type_id = ct.id)", "Plans": [{"Node Type": "Nested Loop", "Parent Relationship": "Outer", "Join Type": "Inner", "Startup Cost": 0.0, "Total Cost": 22392.19, "Plan Rows": 12, "Plan Width": 67, "Inner Unique": false, "Join Filter": "(t.id = mc.movie_id)", "Plans": [{"Node Type": "Nested Loop", "Parent Relationship": "Outer", "Join Type": "Inner", "Startup Cost": 0.0, "Total Cost": 22389.62, "Plan Rows": 8, "Plan Width": 71, "Inner Unique": false, "Join Filter": "(mi.info_type_id = it1.id)", "Plans": [{"Node Type": "Seq Scan", "Parent Relationship": "Outer", "Relation Name": "info_type", "Alias": "it1", "Startup Cost": 0.0, "Total Cost": 2.4, "Plan Rows": 1, "Plan Width": 4, "Filter": "((info)::text = 'budget'::text)"}, {"Node Type": "Nested Loop", "Parent Relationship": "Inner", "Join Type": "Inner", "Startup Cost": 0.0, "Total Cost": 22366.48, "Plan Rows": 1659, "Plan Width": 75, "Inner Unique": false, "Join Filter": "(t.id = mi.movie_id)", "Plans": [{"Node Type": "Nested Loop", "Parent Relationship": "Outer", "Join Type": "Inner", "Startup Cost": 0.0, "Total Cost": 22053.3, "Plan Rows": 311, "Plan Width": 25, "Inner Unique": false, "Join Filter": "(mi_idx.info_type_id = it2.id)", "Plans": [{"Node Type": "Seq Scan", "Parent Relationship": "Outer", "Relation Name": "info_type", "Alias": "it2", "Startup Cost": 0.0, "Total Cost": 2.4, "Plan Rows": 1, "Plan Width": 4, "Filter": "((info)::text = 'bottom 10 rank'::text)"}, {"Node Type": "Materialize", "Parent Relationship": "Inner", "Startup Cost": 0.0, "Total Cost": 22046.94, "Plan Rows": 396, "Plan Width": 29, "Plans": [{"Node Type": "Nested Loop", "Parent Relationship": "Outer", "Join Type": "Inner", "Startup Cost": 0.0, "Total Cost": 22045.95, "Plan Rows": 396, "Plan Width": 29, "Inner Unique": false, "Plans": [{"Node Type": "Streaming(type: LOCAL GATHER dop: 1/16)", "Parent Relationship": "Outer", "Startup Cost": 0.0, "Total Cost": 19945.03, "Plan Rows": 258, "Plan Width": 21, "Plans": [{"Node Type": "Seq Scan", "Parent Relationship": "Outer", "Relation Name": "title", "Alias": "t", "Startup Cost": 0.0, "Total Cost": 19939.47, "Plan Rows": 258, "Plan Width": 21, "Filter": "((production_year > 2000) AND (((title)::text ~~ 'Birdemic%'::text) OR ((title)::text ~~ '%Movie%'::text)))"}]}, {"Node Type": "Index Scan", "Parent Relationship": "Inner", "Scan Direction": "Forward", "Index Name": "movie_id_movie_info_idx", "Relation Name": "movie_info_idx", "Alias": "mi_idx", "Startup Cost": 0.0, "Total Cost": 8.12, "Plan Rows": 2, "Plan Width": 8, "Index Cond": "(movie_id = t.id)"}]}]}]}, {"Node Type": "Index Scan", "Parent Relationship": "Inner", "Scan Direction": "Forward", "Index Name": "movie_id_movie_info", "Relation Name": "movie_info", "Alias": "mi", "Startup Cost": 0.0, "Total Cost": 0.94, "Plan Rows": 5, "Plan Width": 50, "Index Cond": "(movie_id = mi_idx.movie_id)"}]}]}, {"Node Type": "Index Scan", "Parent Relationship": "Inner", "Scan Direction": "Forward", "Index Name": "movie_id_movie_companies", "Relation Name": "movie_companies", "Alias": "mc", "Startup Cost": 0.0, "Total Cost": 0.3, "Plan Rows": 2, "Plan Width": 12, "Index Cond": "(movie_id = mi.movie_id)"}]}, {"Node Type": "Materialize", "Parent Relationship": "Inner", "Startup Cost": 0.0, "Total Cost": 1.05, "Plan Rows": 2, "Plan Width": 4, "Plans": [{"Node Type": "Seq Scan", "Parent Relationship": "Outer", "Relation Name": "company_type", "Alias": "ct", "Startup Cost": 0.0, "Total Cost": 1.04, "Plan Rows": 2, "Plan Width": 4, "Filter": "((kind IS NOT NULL) AND (((kind)::text = 'production companies'::text) OR ((kind)::text = 'distributors'::text)))"}]}]}, {"Node Type": "Index Scan", "Parent Relationship": "Inner", "Scan Direction": "Forward", "Index Name": "company_name_pkey", "Relation Name": "company_name", "Alias": "cn", "Startup Cost": 0.0, "Total Cost": 0.28, "Plan Rows": 1, "Plan Width": 4, "Index Cond": "(id = mc.company_id)", "Filter": "((country_code)::text = '[us]'::text)"}]}]}, "Unique SQL Id": 1682224415}, "explain_analyze_plan": {"Plan": {"Node Type": "Aggregate", "Strategy": "Plain", "Startup Cost": 22395.63, "Total Cost": 22395.64, "Plan Rows": 1, "Plan Width": 123, "Actual Min Startup Time": 140.775, "Actual Max Startup Time": 140.775, "Actual Min Total Time": 140.775, "Actual Max Total Time": 140.775, "Actual Total Rows": 1, "Plans": [{"Node Type": "Nested Loop", "Parent Relationship": "Outer", "Join Type": "Inner", "Startup Cost": 0.0, "Total Cost": 22395.61, "Plan Rows": 4, "Plan Width": 59, "Actual Min Startup Time": 139.72, "Actual Max Startup Time": 139.72, "Actual Min Total Time": 140.741, "Actual Max Total Time": 140.741, "Actual Total Rows": 5, "Inner Unique": true, "Plans": [{"Node Type": "Nested Loop", "Parent Relationship": "Outer", "Join Type": "Inner", "Startup Cost": 0.0, "Total Cost": 22393.6, "Plan Rows": 7, "Plan Width": 63, "Actual Min Startup Time": 139.69, "Actual Max Startup Time": 139.69, "Actual Min Total Time": 140.667, "Actual Max Total Time": 140.667, "Actual Total Rows": 5, "Inner Unique": true, "Join Filter": "(mc.company_type_id = ct.id)", "Rows Removed by Join Filter": 28, "Plans": [{"Node Type": "Nested Loop", "Parent Relationship": "Outer", "Join Type": "Inner", "Startup Cost": 0.0, "Total Cost": 22392.19, "Plan Rows": 12, "Plan Width": 67, "Actual Min Startup Time": 139.612, "Actual Max Startup Time": 139.612, "Actual Min Total Time": 140.606, "Actual Max Total Time": 140.606, "Actual Total Rows": 33, "Inner Unique": false, "Join Filter": "(t.id = mc.movie_id)", "Rows Removed by Join Filter": 0, "Plans": [{"Node Type": "Nested Loop", "Parent Relationship": "Outer", "Join Type": "Inner", "Startup Cost": 0.0, "Total Cost": 22389.62, "Plan Rows": 8, "Plan Width": 71, "Actual Min Startup Time": 139.58, "Actual Max Startup Time": 139.58, "Actual Min Total Time": 140.526, "Actual Max Total Time": 140.526, "Actual Total Rows": 2, "Inner Unique": false, "Join Filter": "(mi.info_type_id = it1.id)", "Rows Removed by Join Filter": 219, "Plans": [{"Node Type": "Seq Scan", "Parent Relationship": "Outer", "Relation Name": "info_type", "Alias": "it1", "Startup Cost": 0.0, "Total Cost": 2.4, "Plan Rows": 1, "Plan Width": 4, "Actual Min Startup Time": 0.085, "Actual Max Startup Time": 0.085, "Actual Min Total Time": 0.096, "Actual Max Total Time": 0.096, "Actual Total Rows": 1, "Filter": "((info)::text = 'budget'::text)", "Rows Removed by Filter": 111}, {"Node Type": "Nested Loop", "Parent Relationship": "Inner", "Join Type": "Inner", "Startup Cost": 0.0, "Total Cost": 22366.48, "Plan Rows": 1659, "Plan Width": 75, "Actual Min Startup Time": 139.308, "Actual Max Startup Time": 139.308, "Actual Min Total Time": 140.321, "Actual Max Total Time": 140.321, "Actual Total Rows": 221, "Inner Unique": false, "Join Filter": "(t.id = mi.movie_id)", "Rows Removed by Join Filter": 0, "Plans": [{"Node Type": "Nested Loop", "Parent Relationship": "Outer", "Join Type": "Inner", "Startup Cost": 0.0, "Total Cost": 22053.3, "Plan Rows": 311, "Plan Width": 25, "Actual Min Startup Time": 139.258, "Actual Max Startup Time": 139.258, "Actual Min Total Time": 139.97, "Actual Max Total Time": 139.97, "Actual Total Rows": 2, "Inner Unique": false, "Join Filter": "(mi_idx.info_type_id = it2.id)", "Rows Removed by Join Filter": 2643, "Plans": [{"Node Type": "Seq Scan", "Parent Relationship": "Outer", "Relation Name": "info_type", "Alias": "it2", "Startup Cost": 0.0, "Total Cost": 2.4, "Plan Rows": 1, "Plan Width": 4, "Actual Min Startup Time": 0.08, "Actual Max Startup Time": 0.08, "Actual Min Total Time": 0.085, "Actual Max Total Time": 0.085, "Actual Total Rows": 1, "Filter": "((info)::text = 'bottom 10 rank'::text)", "Rows Removed by Filter": 111}, {"Node Type": "Materialize", "Parent Relationship": "Inner", "Startup Cost": 0.0, "Total Cost": 22046.94, "Plan Rows": 396, "Plan Width": 29, "Actual Min Startup Time": 138.976, "Actual Max Startup Time": 138.976, "Actual Min Total Time": 139.29, "Actual Max Total Time": 139.29, "Actual Total Rows": 2646, "Plans": [{"Node Type": "Nested Loop", "Parent Relationship": "Outer", "Join Type": "Inner", "Startup Cost": 0.0, "Total Cost": 22045.95, "Plan Rows": 396, "Plan Width": 29, "Actual Min Startup Time": 83.367, "Actual Max Startup Time": 83.367, "Actual Min Total Time": 138.066, "Actual Max Total Time": 138.066, "Actual Total Rows": 2645, "Inner Unique": false, "Plans": [{"Node Type": "Streaming(type: LOCAL GATHER dop: 1/16)", "Parent Relationship": "Outer", "Startup Cost": 0.0, "Total Cost": 19945.03, "Plan Rows": 258, "Plan Width": 21, "Actual Min Startup Time": 83.287, "Actual Max Startup Time": 83.287, "Actual Min Total Time": 121.213, "Actual Max Total Time": 121.213, "Actual Total Rows": 2536, "Plans": [{"Node Type": "Seq Scan", "Parent Relationship": "Outer", "Relation Name": "title", "Alias": "t", "Startup Cost": 0.0, "Total Cost": 19939.47, "Plan Rows": 258, "Plan Width": 21, "Actual Min Startup Time": 0.049, "Actual Max Startup Time": 5.595, "Actual Min Total Time": 84.557, "Actual Max Total Time": 107.152, "Actual Total Rows": 2536, "Filter": "((production_year > 2000) AND (((title)::text ~~ 'Birdemic%'::text) OR ((title)::text ~~ '%Movie%'::text)))", "Rows Removed by Filter": 2525775}]}, {"Node Type": "Index Scan", "Parent Relationship": "Inner", "Scan Direction": "Forward", "Index Name": "movie_id_movie_info_idx", "Relation Name": "movie_info_idx", "Alias": "mi_idx", "Startup Cost": 0.0, "Total Cost": 8.12, "Plan Rows": 2, "Plan Width": 8, "Actual Min Startup Time": 14.009, "Actual Max Startup Time": 14.009, "Actual Min Total Time": 15.039, "Actual Max Total Time": 15.039, "Actual Total Rows": 2645, "Index Cond": "(movie_id = t.id)", "Rows Removed by Index Recheck": 0}]}]}]}, {"Node Type": "Index Scan", "Parent Relationship": "Inner", "Scan Direction": "Forward", "Index Name": "movie_id_movie_info", "Relation Name": "movie_info", "Alias": "mi", "Startup Cost": 0.0, "Total Cost": 0.94, "Plan Rows": 5, "Plan Width": 50, "Actual Min Startup Time": 0.058, "Actual Max Startup Time": 0.058, "Actual Min Total Time": 0.27, "Actual Max Total Time": 0.27, "Actual Total Rows": 221, "Index Cond": "(movie_id = mi_idx.movie_id)", "Rows Removed by Index Recheck": 0}]}]}, {"Node Type": "Index Scan", "Parent Relationship": "Inner", "Scan Direction": "Forward", "Index Name": "movie_id_movie_companies", "Relation Name": "movie_companies", "Alias": "mc", "Startup Cost": 0.0, "Total Cost": 0.3, "Plan Rows": 2, "Plan Width": 12, "Actual Min Startup Time": 0.034, "Actual Max Startup Time": 0.034, "Actual Min Total Time": 0.053, "Actual Max Total Time": 0.053, "Actual Total Rows": 33, "Index Cond": "(movie_id = mi.movie_id)", "Rows Removed by Index Recheck": 0}]}, {"Node Type": "Materialize", "Parent Relationship": "Inner", "Startup Cost": 0.0, "Total Cost": 1.05, "Plan Rows": 2, "Plan Width": 4, "Actual Min Startup Time": 0.023, "Actual Max Startup Time": 0.023, "Actual Min Total Time": 0.032, "Actual Max Total Time": 0.032, "Actual Total Rows": 33, "Plans": [{"Node Type": "Seq Scan", "Parent Relationship": "Outer", "Relation Name": "company_type", "Alias": "ct", "Startup Cost": 0.0, "Total Cost": 1.04, "Plan Rows": 2, "Plan Width": 4, "Actual Min Startup Time": 0.017, "Actual Max Startup Time": 0.017, "Actual Min Total Time": 0.024, "Actual Max Total Time": 0.024, "Actual Total Rows": 1, "Filter": "((kind IS NOT NULL) AND (((kind)::text = 'production companies'::text) OR ((kind)::text = 'distributors'::text)))", "Rows Removed by Filter": 2}]}]}, {"Node Type": "Index Scan", "Parent Relationship": "Inner", "Scan Direction": "Forward", "Index Name": "company_name_pkey", "Relation Name": "company_name", "Alias": "cn", "Startup Cost": 0.0, "Total Cost": 0.28, "Plan Rows": 1, "Plan Width": 4, "Actual Min Startup Time": 0.063, "Actual Max Startup Time": 0.063, "Actual Min Total Time": 0.063, "Actual Max Total Time": 0.063, "Actual Total Rows": 5, "Index Cond": "(id = mc.company_id)", "Rows Removed by Index Recheck": 0, "Filter": "((country_code)::text = '[us]'::text)", "Rows Removed by Filter": 0}]}]}, "Triggers": [], "Planner Runtime": 277.921, "Total Runtime": 143.957, "Unique SQL Id": 1682224415}}, "(16, 13)": {"explain_plan": {"Plan": {"Node Type": "Aggregate", "Strategy": "Plain", "Startup Cost": 105045.39, "Total Cost": 105045.4, "Plan Rows": 1, "Plan Width": 123, "Plans": [{"Node Type": "Nested Loop", "Parent Relationship": "Outer", "Join Type": "Inner", "Startup Cost": 0.0, "Total Cost": 105045.15, "Plan Rows": 48, "Plan Width": 59, "Inner Unique": true, "Plans": [{"Node Type": "Nested Loop", "Parent Relationship": "Outer", "Join Type": "Inner", "Startup Cost": 0.0, "Total Cost": 105031.47, "Plan Rows": 48, "Plan Width": 63, "Inner Unique": true, "Plans": [{"Node Type": "Nested Loop", "Parent Relationship": "Outer", "Join Type": "Inner", "Startup Cost": 0.0, "Total Cost": 105030.03, "Plan Rows": 5, "Plan Width": 67, "Inner Unique": false, "Join Filter": "(mi.info_type_id = it1.id)", "Plans": [{"Node Type": "Index Scan", "Parent Relationship": "Outer", "Scan Direction": "Forward", "Index Name": "info_type_pkey", "Relation Name": "info_type", "Alias": "it1", "Startup Cost": 0.0, "Total Cost": 14.21, "Plan Rows": 1, "Plan Width": 4, "Filter": "((info)::text = 'budget'::text)"}, {"Node Type": "Nested Loop", "Parent Relationship": "Inner", "Join Type": "Inner", "Startup Cost": 0.0, "Total Cost": 105001.79, "Plan Rows": 1122, "Plan Width": 71, "Inner Unique": false, "Join Filter": "(t.id = mi.movie_id)", "Plans": [{"Node Type": "Nested Loop", "Parent Relationship": "Outer", "Join Type": "Inner", "Startup Cost": 0.0, "Total Cost": 104849.13, "Plan Rows": 210, "Plan Width": 37, "Inner Unique": false, "Join Filter": "(t.id = mc.movie_id)", "Plans": [{"Node Type": "Nested Loop", "Parent Relationship": "Outer", "Join Type": "Inner", "Startup Cost": 0.0, "Total Cost": 104728.36, "Plan Rows": 311, "Plan Width": 25, "Inner Unique": false, "Join Filter": "(mi_idx.info_type_id = it2.id)", "Plans": [{"Node Type": "Index Scan", "Parent Relationship": "Outer", "Scan Direction": "Forward", "Index Name": "info_type_pkey", "Relation Name": "info_type", "Alias": "it2", "Startup Cost": 0.0, "Total Cost": 14.21, "Plan Rows": 1, "Plan Width": 4, "Filter": "((info)::text = 'bottom 10 rank'::text)"}, {"Node Type": "Materialize", "Parent Relationship": "Inner", "Startup Cost": 0.0, "Total Cost": 104710.19, "Plan Rows": 396, "Plan Width": 29, "Plans": [{"Node Type": "Nested Loop", "Parent Relationship": "Outer", "Join Type": "Inner", "Startup Cost": 0.0, "Total Cost": 104709.2, "Plan Rows": 396, "Plan Width": 29, "Inner Unique": false, "Plans": [{"Node Type": "Streaming(type: LOCAL GATHER dop: 1/16)", "Parent Relationship": "Outer", "Startup Cost": 0.0, "Total Cost": 102608.29, "Plan Rows": 258, "Plan Width": 21, "Plans": [{"Node Type": "Index Scan", "Parent Relationship": "Outer", "Scan Direction": "Forward", "Index Name": "title_pkey", "Relation Name": "title", "Alias": "t", "Startup Cost": 0.0, "Total Cost": 102602.72, "Plan Rows": 258, "Plan Width": 21, "Filter": "((production_year > 2000) AND (((title)::text ~~ 'Birdemic%'::text) OR ((title)::text ~~ '%Movie%'::text)))"}]}, {"Node Type": "Index Scan", "Parent Relationship": "Inner", "Scan Direction": "Forward", "Index Name": "movie_id_movie_info_idx", "Relation Name": "movie_info_idx", "Alias": "mi_idx", "Startup Cost": 0.0, "Total Cost": 8.12, "Plan Rows": 2, "Plan Width": 8, "Index Cond": "(movie_id = t.id)"}]}]}]}, {"Node Type": "Index Scan", "Parent Relationship": "Inner", "Scan Direction": "Forward", "Index Name": "movie_id_movie_companies", "Relation Name": "movie_companies", "Alias": "mc", "Startup Cost": 0.0, "Total Cost": 0.36, "Plan Rows": 2, "Plan Width": 12, "Index Cond": "(movie_id = mi_idx.movie_id)"}]}, {"Node Type": "Index Scan", "Parent Relationship": "Inner", "Scan Direction": "Forward", "Index Name": "movie_id_movie_info", "Relation Name": "movie_info", "Alias": "mi", "Startup Cost": 0.0, "Total Cost": 0.66, "Plan Rows": 5, "Plan Width": 50, "Index Cond": "(movie_id = mc.movie_id)"}]}]}, {"Node Type": "Index Scan", "Parent Relationship": "Inner", "Scan Direction": "Forward", "Index Name": "company_name_pkey", "Relation Name": "company_name", "Alias": "cn", "Startup Cost": 0.0, "Total Cost": 0.28, "Plan Rows": 1, "Plan Width": 4, "Index Cond": "(id = mc.company_id)", "Filter": "((country_code)::text = '[us]'::text)"}]}, {"Node Type": "Index Scan", "Parent Relationship": "Inner", "Scan Direction": "Forward", "Index Name": "company_type_pkey", "Relation Name": "company_type", "Alias": "ct", "Startup Cost": 0.0, "Total Cost": 0.28, "Plan Rows": 1, "Plan Width": 4, "Index Cond": "(id = mc.company_type_id)", "Filter": "((kind IS NOT NULL) AND (((kind)::text = 'production companies'::text) OR ((kind)::text = 'distributors'::text)))"}]}]}, "Unique SQL Id": 1682224415}, "explain_analyze_plan": {"Plan": {"Node Type": "Aggregate", "Strategy": "Plain", "Startup Cost": 105045.39, "Total Cost": 105045.4, "Plan Rows": 1, "Plan Width": 123, "Actual Min Startup Time": 428.893, "Actual Max Startup Time": 428.893, "Actual Min Total Time": 428.894, "Actual Max Total Time": 428.894, "Actual Total Rows": 1, "Plans": [{"Node Type": "Nested Loop", "Parent Relationship": "Outer", "Join Type": "Inner", "Startup Cost": 0.0, "Total Cost": 105045.15, "Plan Rows": 48, "Plan Width": 59, "Actual Min Startup Time": 427.475, "Actual Max Startup Time": 427.475, "Actual Min Total Time": 428.857, "Actual Max Total Time": 428.857, "Actual Total Rows": 5, "Inner Unique": true, "Plans": [{"Node Type": "Nested Loop", "Parent Relationship": "Outer", "Join Type": "Inner", "Startup Cost": 0.0, "Total Cost": 105031.47, "Plan Rows": 48, "Plan Width": 63, "Actual Min Startup Time": 424.584, "Actual Max Startup Time": 424.584, "Actual Min Total Time": 428.81, "Actual Max Total Time": 428.81, "Actual Total Rows": 10, "Inner Unique": true, "Plans": [{"Node Type": "Nested Loop", "Parent Relationship": "Outer", "Join Type": "Inner", "Startup Cost": 0.0, "Total Cost": 105030.03, "Plan Rows": 5, "Plan Width": 67, "Actual Min Startup Time": 423.182, "Actual Max Startup Time": 423.182, "Actual Min Total Time": 428.54, "Actual Max Total Time": 428.54, "Actual Total Rows": 33, "Inner Unique": false, "Join Filter": "(mi.info_type_id = it1.id)", "Rows Removed by Join Filter": 4926, "Plans": [{"Node Type": "Index Scan", "Parent Relationship": "Outer", "Scan Direction": "Forward", "Index Name": "info_type_pkey", "Relation Name": "info_type", "Alias": "it1", "Startup Cost": 0.0, "Total Cost": 14.21, "Plan Rows": 1, "Plan Width": 4, "Actual Min Startup Time": 0.091, "Actual Max Startup Time": 0.091, "Actual Min Total Time": 0.1, "Actual Max Total Time": 0.1, "Actual Total Rows": 1, "Filter": "((info)::text = 'budget'::text)", "Rows Removed by Filter": 111}, {"Node Type": "Nested Loop", "Parent Relationship": "Inner", "Join Type": "Inner", "Startup Cost": 0.0, "Total Cost": 105001.79, "Plan Rows": 1122, "Plan Width": 71, "Actual Min Startup Time": 422.919, "Actual Max Startup Time": 422.919, "Actual Min Total Time": 427.403, "Actual Max Total Time": 427.403, "Actual Total Rows": 4959, "Inner Unique": false, "Join Filter": "(t.id = mi.movie_id)", "Rows Removed by Join Filter": 0, "Plans": [{"Node Type": "Nested Loop", "Parent Relationship": "Outer", "Join Type": "Inner", "Startup Cost": 0.0, "Total Cost": 104849.13, "Plan Rows": 210, "Plan Width": 37, "Actual Min Startup Time": 422.871, "Actual Max Startup Time": 422.871, "Actual Min Total Time": 423.296, "Actual Max Total Time": 423.296, "Actual Total Rows": 33, "Inner Unique": false, "Join Filter": "(t.id = mc.movie_id)", "Rows Removed by Join Filter": 0, "Plans": [{"Node Type": "Nested Loop", "Parent Relationship": "Outer", "Join Type": "Inner", "Startup Cost": 0.0, "Total Cost": 104728.36, "Plan Rows": 311, "Plan Width": 25, "Actual Min Startup Time": 422.839, "Actual Max Startup Time": 422.839, "Actual Min Total Time": 423.213, "Actual Max Total Time": 423.213, "Actual Total Rows": 2, "Inner Unique": false, "Join Filter": "(mi_idx.info_type_id = it2.id)", "Rows Removed by Join Filter": 2643, "Plans": [{"Node Type": "Index Scan", "Parent Relationship": "Outer", "Scan Direction": "Forward", "Index Name": "info_type_pkey", "Relation Name": "info_type", "Alias": "it2", "Startup Cost": 0.0, "Total Cost": 14.21, "Plan Rows": 1, "Plan Width": 4, "Actual Min Startup Time": 0.085, "Actual Max Startup Time": 0.085, "Actual Min Total Time": 0.086, "Actual Max Total Time": 0.086, "Actual Total Rows": 1, "Filter": "((info)::text = 'bottom 10 rank'::text)", "Rows Removed by Filter": 111}, {"Node Type": "Materialize", "Parent Relationship": "Inner", "Startup Cost": 0.0, "Total Cost": 104710.19, "Plan Rows": 396, "Plan Width": 29, "Actual Min Startup Time": 422.174, "Actual Max Startup Time": 422.174, "Actual Min Total Time": 422.543, "Actual Max Total Time": 422.543, "Actual Total Rows": 2646, "Plans": [{"Node Type": "Nested Loop", "Parent Relationship": "Outer", "Join Type": "Inner", "Startup Cost": 0.0, "Total Cost": 104709.2, "Plan Rows": 396, "Plan Width": 29, "Actual Min Startup Time": 129.083, "Actual Max Startup Time": 129.083, "Actual Min Total Time": 421.219, "Actual Max Total Time": 421.219, "Actual Total Rows": 2645, "Inner Unique": false, "Plans": [{"Node Type": "Streaming(type: LOCAL GATHER dop: 1/16)", "Parent Relationship": "Outer", "Startup Cost": 0.0, "Total Cost": 102608.29, "Plan Rows": 258, "Plan Width": 21, "Actual Min Startup Time": 129.043, "Actual Max Startup Time": 129.043, "Actual Min Total Time": 405.859, "Actual Max Total Time": 405.859, "Actual Total Rows": 2536, "Plans": [{"Node Type": "Index Scan", "Parent Relationship": "Outer", "Scan Direction": "Forward", "Index Name": "title_pkey", "Relation Name": "title", "Alias": "t", "Startup Cost": 0.0, "Total Cost": 102602.72, "Plan Rows": 258, "Plan Width": 21, "Actual Min Startup Time": 21.32, "Actual Max Startup Time": 42.499, "Actual Min Total Time": 349.176, "Actual Max Total Time": 394.75, "Actual Total Rows": 2536, "Filter": "((production_year > 2000) AND (((title)::text ~~ 'Birdemic%'::text) OR ((title)::text ~~ '%Movie%'::text)))", "Rows Removed by Filter": 2525775}]}, {"Node Type": "Index Scan", "Parent Relationship": "Inner", "Scan Direction": "Forward", "Index Name": "movie_id_movie_info_idx", "Relation Name": "movie_info_idx", "Alias": "mi_idx", "Startup Cost": 0.0, "Total Cost": 8.12, "Plan Rows": 2, "Plan Width": 8, "Actual Min Startup Time": 12.271, "Actual Max Startup Time": 12.271, "Actual Min Total Time": 13.318, "Actual Max Total Time": 13.318, "Actual Total Rows": 2645, "Index Cond": "(movie_id = t.id)", "Rows Removed by Index Recheck": 0}]}]}]}, {"Node Type": "Index Scan", "Parent Relationship": "Inner", "Scan Direction": "Forward", "Index Name": "movie_id_movie_companies", "Relation Name": "movie_companies", "Alias": "mc", "Startup Cost": 0.0, "Total Cost": 0.36, "Plan Rows": 2, "Plan Width": 12, "Actual Min Startup Time": 0.035, "Actual Max Startup Time": 0.035, "Actual Min Total Time": 0.06, "Actual Max Total Time": 0.06, "Actual Total Rows": 33, "Index Cond": "(movie_id = mi_idx.movie_id)", "Rows Removed by Index Recheck": 0}]}, {"Node Type": "Index Scan", "Parent Relationship": "Inner", "Scan Direction": "Forward", "Index Name": "movie_id_movie_info", "Relation Name": "movie_info", "Alias": "mi", "Startup Cost": 0.0, "Total Cost": 0.66, "Plan Rows": 5, "Plan Width": 50, "Actual Min Startup Time": 0.513, "Actual Max Startup Time": 0.513, "Actual Min Total Time": 2.557, "Actual Max Total Time": 2.557, "Actual Total Rows": 4959, "Index Cond": "(movie_id = mc.movie_id)", "Rows Removed by Index Recheck": 0}]}]}, {"Node Type": "Index Scan", "Parent Relationship": "Inner", "Scan Direction": "Forward", "Index Name": "company_name_pkey", "Relation Name": "company_name", "Alias": "cn", "Startup Cost": 0.0, "Total Cost": 0.28, "Plan Rows": 1, "Plan Width": 4, "Actual Min Startup Time": 0.243, "Actual Max Startup Time": 0.243, "Actual Min Total Time": 0.243, "Actual Max Total Time": 0.243, "Actual Total Rows": 10, "Index Cond": "(id = mc.company_id)", "Rows Removed by Index Recheck": 0, "Filter": "((country_code)::text = '[us]'::text)", "Rows Removed by Filter": 23}]}, {"Node Type": "Index Scan", "Parent Relationship": "Inner", "Scan Direction": "Forward", "Index Name": "company_type_pkey", "Relation Name": "company_type", "Alias": "ct", "Startup Cost": 0.0, "Total Cost": 0.28, "Plan Rows": 1, "Plan Width": 4, "Actual Min Startup Time": 0.032, "Actual Max Startup Time": 0.032, "Actual Min Total Time": 0.032, "Actual Max Total Time": 0.032, "Actual Total Rows": 5, "Index Cond": "(id = mc.company_type_id)", "Rows Removed by Index Recheck": 0, "Filter": "((kind IS NOT NULL) AND (((kind)::text = 'production companies'::text) OR ((kind)::text = 'distributors'::text)))", "Rows Removed by Filter": 0}]}]}, "Triggers": [], "Planner Runtime": 164.869, "Total Runtime": 432.154, "Unique SQL Id": 1682224415}}, "(16, 14)": {"explain_plan": {"Plan": {"Node Type": "Aggregate", "Strategy": "Plain", "Startup Cost": 140266.12, "Total Cost": 140266.13, "Plan Rows": 1, "Plan Width": 123, "Plans": [{"Node Type": "Nested Loop", "Parent Relationship": "Outer", "Join Type": "Inner", "Startup Cost": 107031.57, "Total Cost": 140266.05, "Plan Rows": 14, "Plan Width": 59, "Inner Unique": true, "Join Filter": "(mc.company_type_id = ct.id)", "Plans": [{"Node Type": "Nested Loop", "Parent Relationship": "Outer", "Join Type": "Inner", "Startup Cost": 107031.57, "Total Cost": 140264.58, "Plan Rows": 14, "Plan Width": 63, "Inner Unique": false, "Join Filter": "(mi_idx.info_type_id = it2.id)", "Plans": [{"Node Type": "Seq Scan", "Parent Relationship": "Outer", "Relation Name": "info_type", "Alias": "it2", "Startup Cost": 0.0, "Total Cost": 2.4, "Plan Rows": 1, "Plan Width": 4, "Filter": "((info)::text = 'bottom 10 rank'::text)"}, {"Node Type": "Materialize", "Parent Relationship": "Inner", "Startup Cost": 107031.57, "Total Cost": 140261.63, "Plan Rows": 55, "Plan Width": 67, "Plans": [{"Node Type": "Hash Join", "Parent Relationship": "Outer", "Join Type": "Inner", "Startup Cost": 107031.57, "Total Cost": 140261.49, "Plan Rows": 55, "Plan Width": 67, "Inner Unique": true, "Hash Cond": "(mc.company_id = cn.id)", "Plans": [{"Node Type": "Streaming(type: LOCAL GATHER dop: 1/16)", "Parent Relationship": "Outer", "Startup Cost": 104491.08, "Total Cost": 137719.99, "Plan Rows": 65, "Plan Width": 71, "Plans": [{"Node Type": "Hash Join", "Parent Relationship": "Outer", "Join Type": "Inner", "Startup Cost": 104491.08, "Total Cost": 137718.59, "Plan Rows": 65, "Plan Width": 71, "Inner Unique": false, "Hash Cond": "(t.id = mi_idx.movie_id)", "Plans": [{"Node Type": "Streaming(type: BROADCAST dop: 16/16)", "Parent Relationship": "Outer", "Startup Cost": 87145.78, "Total Cost": 120372.93, "Plan Rows": 672, "Plan Width": 79, "Plans": [{"Node Type": "Hash Join", "Parent Relationship": "Outer", "Join Type": "Inner", "Startup Cost": 87145.78, "Total Cost": 105371.23, "Plan Rows": 42, "Plan Width": 79, "Inner Unique": false, "Hash Cond": "(mc.movie_id = t.id)", "Plans": [{"Node Type": "Seq Scan", "Parent Relationship": "Outer", "Relation Name": "movie_companies", "Alias": "mc", "Startup Cost": 0.0, "Total Cost": 17613.58, "Plan Rows": 2609128, "Plan Width": 12}, {"Node Type": "Hash", "Parent Relationship": "Inner", "Startup Cost": 87142.43, "Total Cost": 87142.43, "Plan Rows": 4288, "Plan Width": 67, "Plans": [{"Node Type": "Streaming(type: BROADCAST dop: 16/1)", "Parent Relationship": "Outer", "Startup Cost": 34953.17, "Total Cost": 87142.43, "Plan Rows": 4288, "Plan Width": 67, "Plans": [{"Node Type": "Nested Loop", "Parent Relationship": "Outer", "Join Type": "Inner", "Startup Cost": 34953.17, "Total Cost": 72049.89, "Plan Rows": 268, "Plan Width": 67, "Inner Unique": false, "Join Filter": "(mi.info_type_id = it1.id)", "Plans": [{"Node Type": "Seq Scan", "Parent Relationship": "Outer", "Relation Name": "info_type", "Alias": "it1", "Startup Cost": 0.0, "Total Cost": 2.4, "Plan Rows": 1, "Plan Width": 4, "Filter": "((info)::text = 'budget'::text)"}, {"Node Type": "Materialize", "Parent Relationship": "Inner", "Startup Cost": 34953.17, "Total Cost": 72033.82, "Plan Rows": 1367, "Plan Width": 71, "Plans": [{"Node Type": "Streaming(type: LOCAL GATHER dop: 1/16)", "Parent Relationship": "Outer", "Startup Cost": 34953.17, "Total Cost": 72030.4, "Plan Rows": 1367, "Plan Width": 71, "Plans": [{"Node Type": "Hash Join", "Parent Relationship": "Outer", "Join Type": "Inner", "Startup Cost": 34953.17, "Total Cost": 72000.9, "Plan Rows": 1367, "Plan Width": 71, "Inner Unique": true, "Hash Cond": "(mi.movie_id = t.id)", "Plans": [{"Node Type": "Seq Scan", "Parent Relationship": "Outer", "Relation Name": "movie_info", "Alias": "mi", "Startup Cost": 0.0, "Total Cost": 33561.73, "Plan Rows": 14869966, "Plan Width": 50}, {"Node Type": "Hash", "Parent Relationship": "Inner", "Startup Cost": 34949.95, "Total Cost": 34949.95, "Plan Rows": 4128, "Plan Width": 21, "Plans": [{"Node Type": "Streaming(type: BROADCAST dop: 16/16)", "Parent Relationship": "Outer", "Startup Cost": 0.0, "Total Cost": 34949.95, "Plan Rows": 4128, "Plan Width": 21, "Plans": [{"Node Type": "Seq Scan", "Parent Relationship": "Outer", "Relation Name": "title", "Alias": "t", "Startup Cost": 0.0, "Total Cost": 19939.47, "Plan Rows": 258, "Plan Width": 21, "Filter": "((production_year > 2000) AND (((title)::text ~~ 'Birdemic%'::text) OR ((title)::text ~~ '%Movie%'::text)))"}]}]}]}]}]}]}]}]}]}]}, {"Node Type": "Hash", "Parent Relationship": "Inner", "Startup Cost": 16267.15, "Total Cost": 16267.15, "Plan Rows": 1380034, "Plan Width": 8, "Plans": [{"Node Type": "Seq Scan", "Parent Relationship": "Outer", "Relation Name": "movie_info_idx", "Alias": "mi_idx", "Startup Cost": 0.0, "Total Cost": 16267.15, "Plan Rows": 1380034, "Plan Width": 8}]}]}]}, {"Node Type": "Hash", "Parent Relationship": "Inner", "Startup Cost": 5903.45, "Total Cost": 5903.45, "Plan Rows": 85170, "Plan Width": 4, "Plans": [{"Node Type": "Seq Scan", "Parent Relationship": "Outer", "Relation Name": "company_name", "Alias": "cn", "Startup Cost": 0.0, "Total Cost": 5903.45, "Plan Rows": 85170, "Plan Width": 4, "Filter": "((country_code)::text = '[us]'::text)"}]}]}]}]}, {"Node Type": "Materialize", "Parent Relationship": "Inner", "Startup Cost": 0.0, "Total Cost": 1.05, "Plan Rows": 2, "Plan Width": 4, "Plans": [{"Node Type": "Seq Scan", "Parent Relationship": "Outer", "Relation Name": "company_type", "Alias": "ct", "Startup Cost": 0.0, "Total Cost": 1.04, "Plan Rows": 2, "Plan Width": 4, "Filter": "((kind IS NOT NULL) AND (((kind)::text = 'production companies'::text) OR ((kind)::text = 'distributors'::text)))"}]}]}]}, "Unique SQL Id": 1682224415}, "explain_analyze_plan": {"Plan": {"Node Type": "Aggregate", "Strategy": "Plain", "Startup Cost": 140266.12, "Total Cost": 140266.13, "Plan Rows": 1, "Plan Width": 123, "Actual Min Startup Time": 672.807, "Actual Max Startup Time": 672.807, "Actual Min Total Time": 672.808, "Actual Max Total Time": 672.808, "Actual Total Rows": 1, "Plans": [{"Node Type": "Nested Loop", "Parent Relationship": "Outer", "Join Type": "Inner", "Startup Cost": 107031.57, "Total Cost": 140266.05, "Plan Rows": 14, "Plan Width": 59, "Actual Min Startup Time": 672.372, "Actual Max Startup Time": 672.372, "Actual Min Total Time": 672.781, "Actual Max Total Time": 672.781, "Actual Total Rows": 5, "Inner Unique": true, "Join Filter": "(mc.company_type_id = ct.id)", "Rows Removed by Join Filter": 5, "Plans": [{"Node Type": "Nested Loop", "Parent Relationship": "Outer", "Join Type": "Inner", "Startup Cost": 107031.57, "Total Cost": 140264.58, "Plan Rows": 14, "Plan Width": 63, "Actual Min Startup Time": 672.332, "Actual Max Startup Time": 672.332, "Actual Min Total Time": 672.743, "Actual Max Total Time": 672.743, "Actual Total Rows": 10, "Inner Unique": false, "Join Filter": "(mi_idx.info_type_id = it2.id)", "Rows Removed by Join Filter": 1383, "Plans": [{"Node Type": "Seq Scan", "Parent Relationship": "Outer", "Relation Name": "info_type", "Alias": "it2", "Startup Cost": 0.0, "Total Cost": 2.4, "Plan Rows": 1, "Plan Width": 4, "Actual Min Startup Time": 0.064, "Actual Max Startup Time": 0.064, "Actual Min Total Time": 0.066, "Actual Max Total Time": 0.066, "Actual Total Rows": 1, "Filter": "((info)::text = 'bottom 10 rank'::text)", "Rows Removed by Filter": 111}, {"Node Type": "Materialize", "Parent Relationship": "Inner", "Startup Cost": 107031.57, "Total Cost": 140261.63, "Plan Rows": 55, "Plan Width": 67, "Actual Min Startup Time": 672.076, "Actual Max Startup Time": 672.076, "Actual Min Total Time": 672.217, "Actual Max Total Time": 672.217, "Actual Total Rows": 1394, "Plans": [{"Node Type": "Hash Join", "Parent Relationship": "Outer", "Join Type": "Inner", "Startup Cost": 107031.57, "Total Cost": 140261.49, "Plan Rows": 55, "Plan Width": 67, "Actual Min Startup Time": 631.186, "Actual Max Startup Time": 631.186, "Actual Min Total Time": 671.66, "Actual Max Total Time": 671.66, "Actual Total Rows": 1393, "Inner Unique": true, "Hash Cond": "(mc.company_id = cn.id)", "Plans": [{"Node Type": "Streaming(type: LOCAL GATHER dop: 1/16)", "Parent Relationship": "Outer", "Startup Cost": 104491.08, "Total Cost": 137719.99, "Plan Rows": 65, "Plan Width": 71, "Actual Min Startup Time": 514.053, "Actual Max Startup Time": 514.053, "Actual Min Total Time": 553.479, "Actual Max Total Time": 553.479, "Actual Total Rows": 3102, "Plans": [{"Node Type": "Hash Join", "Parent Relationship": "Outer", "Join Type": "Inner", "Startup Cost": 104491.08, "Total Cost": 137718.59, "Plan Rows": 65, "Plan Width": 71, "Actual Min Startup Time": 551.404, "Actual Max Startup Time": 609.013, "Actual Min Total Time": 585.515, "Actual Max Total Time": 619.916, "Actual Total Rows": 3102, "Inner Unique": false, "Hash Cond": "(t.id = mi_idx.movie_id)", "Plans": [{"Node Type": "Streaming(type: BROADCAST dop: 16/16)", "Parent Relationship": "Outer", "Startup Cost": 87145.78, "Total Cost": 120372.93, "Plan Rows": 672, "Plan Width": 79, "Actual Min Startup Time": 495.727, "Actual Max Startup Time": 531.068, "Actual Min Total Time": 534.819, "Actual Max Total Time": 570.647, "Actual Total Rows": 21456, "Plans": [{"Node Type": "Hash Join", "Parent Relationship": "Outer", "Join Type": "Inner", "Startup Cost": 87145.78, "Total Cost": 105371.23, "Plan Rows": 42, "Plan Width": 79, "Actual Min Startup Time": 516.86, "Actual Max Startup Time": 549.99, "Actual Min Total Time": 573.528, "Actual Max Total Time": 612.116, "Actual Total Rows": 1341, "Inner Unique": false, "Hash Cond": "(mc.movie_id = t.id)", "Plans": [{"Node Type": "Seq Scan", "Parent Relationship": "Outer", "Relation Name": "movie_companies", "Alias": "mc", "Startup Cost": 0.0, "Total Cost": 17613.58, "Plan Rows": 2609128, "Plan Width": 12, "Actual Min Startup Time": 0.039, "Actual Max Startup Time": 0.054, "Actual Min Total Time": 32.553, "Actual Max Total Time": 39.769, "Actual Total Rows": 2609128}, {"Node Type": "Hash", "Parent Relationship": "Inner", "Startup Cost": 87142.43, "Total Cost": 87142.43, "Plan Rows": 4288, "Plan Width": 67, "Actual Min Startup Time": 515.868, "Actual Max Startup Time": 544.218, "Actual Min Total Time": 515.868, "Actual Max Total Time": 544.218, "Actual Total Rows": 6928, "Max Hash Buckets": 32768, "Min Hash Buckets": 32768, "Max Hash Batches": 1, "Min Hash Batches": 1, "Max Original Hash Batches": 1, "Min Original Hash Batches": 1, "Max Peak Memory Usage": 33, "min Peak Memory Usage": 33, "Plans": [{"Node Type": "Streaming(type: BROADCAST dop: 16/1)", "Parent Relationship": "Outer", "Startup Cost": 34953.17, "Total Cost": 87142.43, "Plan Rows": 4288, "Plan Width": 67, "Actual Min Startup Time": 508.754, "Actual Max Startup Time": 537.122, "Actual Min Total Time": 515.697, "Actual Max Total Time": 544.035, "Actual Total Rows": 6928, "Plans": [{"Node Type": "Nested Loop", "Parent Relationship": "Outer", "Join Type": "Inner", "Startup Cost": 34953.17, "Total Cost": 72049.89, "Plan Rows": 268, "Plan Width": 67, "Actual Min Startup Time": 514.478, "Actual Max Startup Time": 514.478, "Actual Min Total Time": 519.312, "Actual Max Total Time": 519.312, "Actual Total Rows": 433, "Inner Unique": false, "Join Filter": "(mi.info_type_id = it1.id)", "Rows Removed by Join Filter": 24582, "Plans": [{"Node Type": "Seq Scan", "Parent Relationship": "Outer", "Relation Name": "info_type", "Alias": "it1", "Startup Cost": 0.0, "Total Cost": 2.4, "Plan Rows": 1, "Plan Width": 4, "Actual Min Startup Time": 0.084, "Actual Max Startup Time": 0.084, "Actual Min Total Time": 0.094, "Actual Max Total Time": 0.094, "Actual Total Rows": 1, "Filter": "((info)::text = 'budget'::text)", "Rows Removed by Filter": 111}, {"Node Type": "Materialize", "Parent Relationship": "Inner", "Startup Cost": 34953.17, "Total Cost": 72033.82, "Plan Rows": 1367, "Plan Width": 71, "Actual Min Startup Time": 509.499, "Actual Max Startup Time": 509.499, "Actual Min Total Time": 512.638, "Actual Max Total Time": 512.638, "Actual Total Rows": 25016, "Plans": [{"Node Type": "Streaming(type: LOCAL GATHER dop: 1/16)", "Parent Relationship": "Outer", "Startup Cost": 34953.17, "Total Cost": 72030.4, "Plan Rows": 1367, "Plan Width": 71, "Actual Min Startup Time": 117.543, "Actual Max Startup Time": 117.543, "Actual Min Total Time": 504.345, "Actual Max Total Time": 504.345, "Actual Total Rows": 25015, "Plans": [{"Node Type": "Hash Join", "Parent Relationship": "Outer", "Join Type": "Inner", "Startup Cost": 34953.17, "Total Cost": 72000.9, "Plan Rows": 1367, "Plan Width": 71, "Actual Min Startup Time": 81.935, "Actual Max Startup Time": 135.498, "Actual Min Total Time": 465.581, "Actual Max Total Time": 538.719, "Actual Total Rows": 25015, "Inner Unique": true, "Hash Cond": "(mi.movie_id = t.id)", "Plans": [{"Node Type": "Seq Scan", "Parent Relationship": "Outer", "Relation Name": "movie_info", "Alias": "mi", "Startup Cost": 0.0, "Total Cost": 33561.73, "Plan Rows": 14869966, "Plan Width": 50, "Actual Min Startup Time": 0.054, "Actual Max Startup Time": 0.068, "Actual Min Total Time": 220.737, "Actual Max Total Time": 250.94, "Actual Total Rows": 14835719}, {"Node Type": "Hash", "Parent Relationship": "Inner", "Startup Cost": 34949.95, "Total Cost": 34949.95, "Plan Rows": 4128, "Plan Width": 21, "Actual Min Startup Time": 81.751, "Actual Max Startup Time": 132.203, "Actual Min Total Time": 81.751, "Actual Max Total Time": 132.203, "Actual Total Rows": 40576, "Max Hash Buckets": 32768, "Min Hash Buckets": 32768, "Max Hash Batches": 1, "Min Hash Batches": 1, "Max Original Hash Batches": 1, "Min Original Hash Batches": 1, "Max Peak Memory Usage": 163, "min Peak Memory Usage": 163, "Plans": [{"Node Type": "Streaming(type: BROADCAST dop: 16/16)", "Parent Relationship": "Outer", "Startup Cost": 0.0, "Total Cost": 34949.95, "Plan Rows": 4128, "Plan Width": 21, "Actual Min Startup Time": 18.766, "Actual Max Startup Time": 69.228, "Actual Min Total Time": 80.95, "Actual Max Total Time": 131.56, "Actual Total Rows": 40576, "Plans": [{"Node Type": "Seq Scan", "Parent Relationship": "Outer", "Relation Name": "title", "Alias": "t", "Startup Cost": 0.0, "Total Cost": 19939.47, "Plan Rows": 258, "Plan Width": 21, "Actual Min Startup Time": 0.049, "Actual Max Startup Time": 5.391, "Actual Min Total Time": 80.134, "Actual Max Total Time": 84.651, "Actual Total Rows": 2536, "Filter": "((production_year > 2000) AND (((title)::text ~~ 'Birdemic%'::text) OR ((title)::text ~~ '%Movie%'::text)))", "Rows Removed by Filter": 2525775}]}]}]}]}]}]}]}]}]}]}, {"Node Type": "Hash", "Parent Relationship": "Inner", "Startup Cost": 16267.15, "Total Cost": 16267.15, "Plan Rows": 1380034, "Plan Width": 8, "Actual Min Startup Time": 47.237, "Actual Max Startup Time": 56.387, "Actual Min Total Time": 47.237, "Actual Max Total Time": 56.387, "Actual Total Rows": 1380034, "Max Hash Buckets": 131072, "Min Hash Buckets": 131072, "Max Hash Batches": 1, "Min Hash Batches": 1, "Max Original Hash Batches": 1, "Min Original Hash Batches": 1, "Max Peak Memory Usage": 3941, "min Peak Memory Usage": 3941, "Plans": [{"Node Type": "Seq Scan", "Parent Relationship": "Outer", "Relation Name": "movie_info_idx", "Alias": "mi_idx", "Startup Cost": 0.0, "Total Cost": 16267.15, "Plan Rows": 1380034, "Plan Width": 8, "Actual Min Startup Time": 0.042, "Actual Max Startup Time": 0.078, "Actual Min Total Time": 24.717, "Actual Max Total Time": 29.323, "Actual Total Rows": 1380034}]}]}]}, {"Node Type": "Hash", "Parent Relationship": "Inner", "Startup Cost": 5903.45, "Total Cost": 5903.45, "Plan Rows": 85170, "Plan Width": 4, "Actual Min Startup Time": 116.978, "Actual Max Startup Time": 116.978, "Actual Min Total Time": 116.978, "Actual Max Total Time": 116.978, "Actual Total Rows": 84843, "Max Hash Buckets": 131072, "Min Hash Buckets": 131072, "Max Hash Batches": 1, "Min Hash Batches": 1, "Max Original Hash Batches": 1, "Min Original Hash Batches": 1, "Max Peak Memory Usage": 2983, "min Peak Memory Usage": 2983, "Plans": [{"Node Type": "Seq Scan", "Parent Relationship": "Outer", "Relation Name": "company_name", "Alias": "cn", "Startup Cost": 0.0, "Total Cost": 5903.45, "Plan Rows": 85170, "Plan Width": 4, "Actual Min Startup Time": 0.069, "Actual Max Startup Time": 0.069, "Actual Min Total Time": 91.067, "Actual Max Total Time": 91.067, "Actual Total Rows": 84843, "Filter": "((country_code)::text = '[us]'::text)", "Rows Removed by Filter": 150153}]}]}]}]}, {"Node Type": "Materialize", "Parent Relationship": "Inner", "Startup Cost": 0.0, "Total Cost": 1.05, "Plan Rows": 2, "Plan Width": 4, "Actual Min Startup Time": 0.025, "Actual Max Startup Time": 0.025, "Actual Min Total Time": 0.03, "Actual Max Total Time": 0.03, "Actual Total Rows": 10, "Plans": [{"Node Type": "Seq Scan", "Parent Relationship": "Outer", "Relation Name": "company_type", "Alias": "ct", "Startup Cost": 0.0, "Total Cost": 1.04, "Plan Rows": 2, "Plan Width": 4, "Actual Min Startup Time": 0.015, "Actual Max Startup Time": 0.015, "Actual Min Total Time": 0.02, "Actual Max Total Time": 0.02, "Actual Total Rows": 1, "Filter": "((kind IS NOT NULL) AND (((kind)::text = 'production companies'::text) OR ((kind)::text = 'distributors'::text)))", "Rows Removed by Filter": 2}]}]}]}, "Triggers": [], "Planner Runtime": 365.938, "Total Runtime": 687.152, "Unique SQL Id": 1682224415}}, "(16, 15)": {"explain_plan": {"Plan": {"Node Type": "Aggregate", "Strategy": "Plain", "Startup Cost": 7998688012676.87, "Total Cost": 7998688012676.88, "Plan Rows": 1, "Plan Width": 123, "Plans": [{"Node Type": "Nested Loop", "Parent Relationship": "Outer", "Join Type": "Inner", "Startup Cost": 80000000000.0, "Total Cost": 7998688012676.62, "Plan Rows": 48, "Plan Width": 59, "Inner Unique": false, "Join Filter": "(mi_idx.movie_id = t.id)", "Plans": [{"Node Type": "Nested Loop", "Parent Relationship": "Outer", "Join Type": "Inner", "Startup Cost": 20000000000.0, "Total Cost": 2000004672156.88, "Plan Rows": 345008, "Plan Width": 4, "Inner Unique": true, "Join Filter": "(it2.id = mi_idx.info_type_id), (LLVM Optimized)", "Plans": [{"Node Type": "Index Scan", "Parent Relationship": "Outer", "Scan Direction": "Forward", "Index Name": "movie_id_movie_info_idx", "Relation Name": "movie_info_idx", "Alias": "mi_idx", "Startup Cost": 10000000000.0, "Total Cost": 1000004650035.37, "Plan Rows": 1380034, "Plan Width": 8}, {"Node Type": "Materialize", "Parent Relationship": "Inner", "Startup Cost": 10000000000.0, "Total Cost": 1000000001421.0, "Plan Rows": 1, "Plan Width": 4, "Plans": [{"Node Type": "Index Scan", "Parent Relationship": "Outer", "Scan Direction": "Forward", "Index Name": "info_type_pkey", "Relation Name": "info_type", "Alias": "it2", "Startup Cost": 10000000000.0, "Total Cost": 1000000001421.0, "Plan Rows": 1, "Plan Width": 4, "Filter": "((info)::text = 'bottom 10 rank'::text)"}]}]}, {"Node Type": "Materialize", "Parent Relationship": "Inner", "Startup Cost": 60000000000.0, "Total Cost": 5998682688454.94, "Plan Rows": 126, "Plan Width": 71, "Plans": [{"Node Type": "Nested Loop", "Parent Relationship": "Outer", "Join Type": "Inner", "Startup Cost": 60000000000.0, "Total Cost": 5998682688454.31, "Plan Rows": 126, "Plan Width": 71, "Inner Unique": true, "Join Filter": "(mc.company_id = cn.id)", "Plans": [{"Node Type": "Nested Loop", "Parent Relationship": "Outer", "Join Type": "Inner", "Startup Cost": 50000000000.0, "Total Cost": 4998681311049.62, "Plan Rows": 256, "Plan Width": 75, "Inner Unique": true, "Join Filter": "(mi.info_type_id = it1.id)", "Plans": [{"Node Type": "Nested Loop", "Parent Relationship": "Outer", "Join Type": "Inner", "Startup Cost": 40000000000.0, "Total Cost": 3998681309583.78, "Plan Rows": 2989, "Plan Width": 79, "Inner Unique": true, "Join Filter": "(mc.company_type_id = ct.id)", "Plans": [{"Node Type": "Merge Join", "Parent Relationship": "Outer", "Join Type": "Inner", "Startup Cost": 30000000000.0, "Total Cost": 2998681308263.11, "Plan Rows": 2989, "Plan Width": 83, "Inner Unique": false, "Merge Cond": "(t.id = mc.movie_id)", "Plans": [{"Node Type": "Merge Join", "Parent Relationship": "Outer", "Join Type": "Inner", "Startup Cost": 20000000000.0, "Total Cost": 2000116762389.8, "Plan Rows": 1367, "Plan Width": 71, "Inner Unique": true, "Merge Cond": "(mi.movie_id = t.id)", "Plans": [{"Node Type": "Index Scan", "Parent Relationship": "Outer", "Scan Direction": "Forward", "Index Name": "movie_id_movie_info", "Relation Name": "movie_info", "Alias": "mi", "Startup Cost": 10000000000.0, "Total Cost": 1000103816912.22, "Plan Rows": 14869966, "Plan Width": 50}, {"Node Type": "Materialize", "Parent Relationship": "Inner", "Startup Cost": 10000000000.0, "Total Cost": 1000012908282.81, "Plan Rows": 258, "Plan Width": 21, "Plans": [{"Node Type": "Index Scan", "Parent Relationship": "Outer", "Scan Direction": "Forward", "Index Name": "title_pkey", "Relation Name": "title", "Alias": "t", "Startup Cost": 10000000000.0, "Total Cost": 1000012908282.16, "Plan Rows": 258, "Plan Width": 21, "Filter": "((production_year > 2000) AND (((title)::text ~~ 'Birdemic%'::text) OR ((title)::text ~~ '%Movie%'::text)))"}]}]}, {"Node Type": "Index Scan", "Parent Relationship": "Inner", "Scan Direction": "Forward", "Index Name": "movie_id_movie_companies", "Relation Name": "movie_companies", "Alias": "mc", "Startup Cost": 10000000000.0, "Total Cost": 1000013051946.13, "Plan Rows": 2609128, "Plan Width": 12}]}, {"Node Type": "Materialize", "Parent Relationship": "Inner", "Startup Cost": 10000000000.0, "Total Cost": 1000000001231.01, "Plan Rows": 2, "Plan Width": 4, "Plans": [{"Node Type": "Index Scan", "Parent Relationship": "Outer", "Scan Direction": "Forward", "Index Name": "company_type_pkey", "Relation Name": "company_type", "Alias": "ct", "Startup Cost": 10000000000.0, "Total Cost": 1000000001231.0, "Plan Rows": 2, "Plan Width": 4, "Filter": "((kind IS NOT NULL) AND (((kind)::text = 'production companies'::text) OR ((kind)::text = 'distributors'::text)))"}]}]}, {"Node Type": "Materialize", "Parent Relationship": "Inner", "Startup Cost": 10000000000.0, "Total Cost": 1000000001421.0, "Plan Rows": 1, "Plan Width": 4, "Plans": [{"Node Type": "Index Scan", "Parent Relationship": "Outer", "Scan Direction": "Forward", "Index Name": "info_type_pkey", "Relation Name": "info_type", "Alias": "it1", "Startup Cost": 10000000000.0, "Total Cost": 1000000001421.0, "Plan Rows": 1, "Plan Width": 4, "Filter": "((info)::text = 'budget'::text)"}]}]}, {"Node Type": "Materialize", "Parent Relationship": "Inner", "Startup Cost": 10000000000.0, "Total Cost": 1000001050564.82, "Plan Rows": 85170, "Plan Width": 4, "Plans": [{"Node Type": "Index Scan", "Parent Relationship": "Outer", "Scan Direction": "Forward", "Index Name": "company_name_pkey", "Relation Name": "company_name", "Alias": "cn", "Startup Cost": 10000000000.0, "Total Cost": 1000001050138.97, "Plan Rows": 85170, "Plan Width": 4, "Filter": "((country_code)::text = '[us]'::text)"}]}]}]}]}]}, "Unique SQL Id": 1682224415}, "explain_analyze_plan": null}, "(16, 16)": {"explain_plan": {"Plan": {"Node Type": "Aggregate", "Strategy": "Plain", "Startup Cost": 22347.77, "Total Cost": 22347.78, "Plan Rows": 1, "Plan Width": 123, "Plans": [{"Node Type": "Nested Loop", "Parent Relationship": "Outer", "Join Type": "Inner", "Startup Cost": 0.0, "Total Cost": 22347.75, "Plan Rows": 4, "Plan Width": 59, "Inner Unique": true, "Plans": [{"Node Type": "Nested Loop", "Parent Relationship": "Outer", "Join Type": "Inner", "Startup Cost": 0.0, "Total Cost": 22345.73, "Plan Rows": 7, "Plan Width": 63, "Inner Unique": true, "Join Filter": "(mc.company_type_id = ct.id)", "Plans": [{"Node Type": "Nested Loop", "Parent Relationship": "Outer", "Join Type": "Inner", "Startup Cost": 0.0, "Total Cost": 22343.15, "Plan Rows": 51, "Plan Width": 67, "Inner Unique": false, "Join Filter": "(mi.info_type_id = it1.id)", "Plans": [{"Node Type": "Seq Scan", "Parent Relationship": "Outer", "Relation Name": "info_type", "Alias": "it1", "Startup Cost": 0.0, "Total Cost": 2.4, "Plan Rows": 1, "Plan Width": 4, "Filter": "((info)::text = 'budget'::text)"}, {"Node Type": "Nested Loop", "Parent Relationship": "Inner", "Join Type": "Inner", "Startup Cost": 0.0, "Total Cost": 22326.73, "Plan Rows": 1122, "Plan Width": 71, "Inner Unique": false, "Join Filter": "(t.id = mi.movie_id)", "Plans": [{"Node Type": "Nested Loop", "Parent Relationship": "Outer", "Join Type": "Inner", "Startup Cost": 0.0, "Total Cost": 22174.07, "Plan Rows": 210, "Plan Width": 37, "Inner Unique": false, "Join Filter": "(t.id = mc.movie_id)", "Plans": [{"Node Type": "Nested Loop", "Parent Relationship": "Outer", "Join Type": "Inner", "Startup Cost": 0.0, "Total Cost": 22053.3, "Plan Rows": 311, "Plan Width": 25, "Inner Unique": false, "Join Filter": "(mi_idx.info_type_id = it2.id)", "Plans": [{"Node Type": "Seq Scan", "Parent Relationship": "Outer", "Relation Name": "info_type", "Alias": "it2", "Startup Cost": 0.0, "Total Cost": 2.4, "Plan Rows": 1, "Plan Width": 4, "Filter": "((info)::text = 'bottom 10 rank'::text)"}, {"Node Type": "Materialize", "Parent Relationship": "Inner", "Startup Cost": 0.0, "Total Cost": 22046.94, "Plan Rows": 396, "Plan Width": 29, "Plans": [{"Node Type": "Nested Loop", "Parent Relationship": "Outer", "Join Type": "Inner", "Startup Cost": 0.0, "Total Cost": 22045.95, "Plan Rows": 396, "Plan Width": 29, "Inner Unique": false, "Plans": [{"Node Type": "Streaming(type: LOCAL GATHER dop: 1/16)", "Parent Relationship": "Outer", "Startup Cost": 0.0, "Total Cost": 19945.03, "Plan Rows": 258, "Plan Width": 21, "Plans": [{"Node Type": "Seq Scan", "Parent Relationship": "Outer", "Relation Name": "title", "Alias": "t", "Startup Cost": 0.0, "Total Cost": 19939.47, "Plan Rows": 258, "Plan Width": 21, "Filter": "((production_year > 2000) AND (((title)::text ~~ 'Birdemic%'::text) OR ((title)::text ~~ '%Movie%'::text)))"}]}, {"Node Type": "Index Scan", "Parent Relationship": "Inner", "Scan Direction": "Forward", "Index Name": "movie_id_movie_info_idx", "Relation Name": "movie_info_idx", "Alias": "mi_idx", "Startup Cost": 0.0, "Total Cost": 8.12, "Plan Rows": 2, "Plan Width": 8, "Index Cond": "(movie_id = t.id)"}]}]}]}, {"Node Type": "Index Scan", "Parent Relationship": "Inner", "Scan Direction": "Forward", "Index Name": "movie_id_movie_companies", "Relation Name": "movie_companies", "Alias": "mc", "Startup Cost": 0.0, "Total Cost": 0.36, "Plan Rows": 2, "Plan Width": 12, "Index Cond": "(movie_id = mi_idx.movie_id)"}]}, {"Node Type": "Index Scan", "Parent Relationship": "Inner", "Scan Direction": "Forward", "Index Name": "movie_id_movie_info", "Relation Name": "movie_info", "Alias": "mi", "Startup Cost": 0.0, "Total Cost": 0.66, "Plan Rows": 5, "Plan Width": 50, "Index Cond": "(movie_id = mc.movie_id)"}]}]}, {"Node Type": "Materialize", "Parent Relationship": "Inner", "Startup Cost": 0.0, "Total Cost": 1.05, "Plan Rows": 2, "Plan Width": 4, "Plans": [{"Node Type": "Seq Scan", "Parent Relationship": "Outer", "Relation Name": "company_type", "Alias": "ct", "Startup Cost": 0.0, "Total Cost": 1.04, "Plan Rows": 2, "Plan Width": 4, "Filter": "((kind IS NOT NULL) AND (((kind)::text = 'production companies'::text) OR ((kind)::text = 'distributors'::text)))"}]}]}, {"Node Type": "Index Scan", "Parent Relationship": "Inner", "Scan Direction": "Forward", "Index Name": "company_name_pkey", "Relation Name": "company_name", "Alias": "cn", "Startup Cost": 0.0, "Total Cost": 0.28, "Plan Rows": 1, "Plan Width": 4, "Index Cond": "(id = mc.company_id)", "Filter": "((country_code)::text = '[us]'::text)"}]}]}, "Unique SQL Id": 1682224415}, "explain_analyze_plan": {"Plan": {"Node Type": "Aggregate", "Strategy": "Plain", "Startup Cost": 22347.77, "Total Cost": 22347.78, "Plan Rows": 1, "Plan Width": 123, "Actual Min Startup Time": 126.775, "Actual Max Startup Time": 126.775, "Actual Min Total Time": 126.775, "Actual Max Total Time": 126.775, "Actual Total Rows": 1, "Plans": [{"Node Type": "Nested Loop", "Parent Relationship": "Outer", "Join Type": "Inner", "Startup Cost": 0.0, "Total Cost": 22347.75, "Plan Rows": 4, "Plan Width": 59, "Actual Min Startup Time": 125.08, "Actual Max Startup Time": 125.08, "Actual Min Total Time": 126.745, "Actual Max Total Time": 126.745, "Actual Total Rows": 5, "Inner Unique": true, "Plans": [{"Node Type": "Nested Loop", "Parent Relationship": "Outer", "Join Type": "Inner", "Startup Cost": 0.0, "Total Cost": 22345.73, "Plan Rows": 7, "Plan Width": 63, "Actual Min Startup Time": 125.052, "Actual Max Startup Time": 125.052, "Actual Min Total Time": 126.671, "Actual Max Total Time": 126.671, "Actual Total Rows": 5, "Inner Unique": true, "Join Filter": "(mc.company_type_id = ct.id)", "Rows Removed by Join Filter": 28, "Plans": [{"Node Type": "Nested Loop", "Parent Relationship": "Outer", "Join Type": "Inner", "Startup Cost": 0.0, "Total Cost": 22343.15, "Plan Rows": 51, "Plan Width": 67, "Actual Min Startup Time": 120.954, "Actual Max Startup Time": 120.954, "Actual Min Total Time": 126.615, "Actual Max Total Time": 126.615, "Actual Total Rows": 33, "Inner Unique": false, "Join Filter": "(mi.info_type_id = it1.id)", "Rows Removed by Join Filter": 4926, "Plans": [{"Node Type": "Seq Scan", "Parent Relationship": "Outer", "Relation Name": "info_type", "Alias": "it1", "Startup Cost": 0.0, "Total Cost": 2.4, "Plan Rows": 1, "Plan Width": 4, "Actual Min Startup Time": 0.071, "Actual Max Startup Time": 0.071, "Actual Min Total Time": 0.082, "Actual Max Total Time": 0.082, "Actual Total Rows": 1, "Filter": "((info)::text = 'budget'::text)", "Rows Removed by Filter": 111}, {"Node Type": "Nested Loop", "Parent Relationship": "Inner", "Join Type": "Inner", "Startup Cost": 0.0, "Total Cost": 22326.73, "Plan Rows": 1122, "Plan Width": 71, "Actual Min Startup Time": 120.7, "Actual Max Startup Time": 120.7, "Actual Min Total Time": 125.529, "Actual Max Total Time": 125.529, "Actual Total Rows": 4959, "Inner Unique": false, "Join Filter": "(t.id = mi.movie_id)", "Rows Removed by Join Filter": 0, "Plans": [{"Node Type": "Nested Loop", "Parent Relationship": "Outer", "Join Type": "Inner", "Startup Cost": 0.0, "Total Cost": 22174.07, "Plan Rows": 210, "Plan Width": 37, "Actual Min Startup Time": 120.656, "Actual Max Startup Time": 120.656, "Actual Min Total Time": 121.415, "Actual Max Total Time": 121.415, "Actual Total Rows": 33, "Inner Unique": false, "Join Filter": "(t.id = mc.movie_id)", "Rows Removed by Join Filter": 0, "Plans": [{"Node Type": "Nested Loop", "Parent Relationship": "Outer", "Join Type": "Inner", "Startup Cost": 0.0, "Total Cost": 22053.3, "Plan Rows": 311, "Plan Width": 25, "Actual Min Startup Time": 120.623, "Actual Max Startup Time": 120.623, "Actual Min Total Time": 121.331, "Actual Max Total Time": 121.331, "Actual Total Rows": 2, "Inner Unique": false, "Join Filter": "(mi_idx.info_type_id = it2.id)", "Rows Removed by Join Filter": 2643, "Plans": [{"Node Type": "Seq Scan", "Parent Relationship": "Outer", "Relation Name": "info_type", "Alias": "it2", "Startup Cost": 0.0, "Total Cost": 2.4, "Plan Rows": 1, "Plan Width": 4, "Actual Min Startup Time": 0.067, "Actual Max Startup Time": 0.067, "Actual Min Total Time": 0.07, "Actual Max Total Time": 0.07, "Actual Total Rows": 1, "Filter": "((info)::text = 'bottom 10 rank'::text)", "Rows Removed by Filter": 111}, {"Node Type": "Materialize", "Parent Relationship": "Inner", "Startup Cost": 0.0, "Total Cost": 22046.94, "Plan Rows": 396, "Plan Width": 29, "Actual Min Startup Time": 120.387, "Actual Max Startup Time": 120.387, "Actual Min Total Time": 120.683, "Actual Max Total Time": 120.683, "Actual Total Rows": 2646, "Plans": [{"Node Type": "Nested Loop", "Parent Relationship": "Outer", "Join Type": "Inner", "Startup Cost": 0.0, "Total Cost": 22045.95, "Plan Rows": 396, "Plan Width": 29, "Actual Min Startup Time": 89.436, "Actual Max Startup Time": 89.436, "Actual Min Total Time": 119.509, "Actual Max Total Time": 119.509, "Actual Total Rows": 2645, "Inner Unique": false, "Plans": [{"Node Type": "Streaming(type: LOCAL GATHER dop: 1/16)", "Parent Relationship": "Outer", "Startup Cost": 0.0, "Total Cost": 19945.03, "Plan Rows": 258, "Plan Width": 21, "Actual Min Startup Time": 89.364, "Actual Max Startup Time": 89.364, "Actual Min Total Time": 103.492, "Actual Max Total Time": 103.492, "Actual Total Rows": 2536, "Plans": [{"Node Type": "Seq Scan", "Parent Relationship": "Outer", "Relation Name": "title", "Alias": "t", "Startup Cost": 0.0, "Total Cost": 19939.47, "Plan Rows": 258, "Plan Width": 21, "Actual Min Startup Time": 0.041, "Actual Max Startup Time": 5.606, "Actual Min Total Time": 83.881, "Actual Max Total Time": 88.883, "Actual Total Rows": 2536, "Filter": "((production_year > 2000) AND (((title)::text ~~ 'Birdemic%'::text) OR ((title)::text ~~ '%Movie%'::text)))", "Rows Removed by Filter": 2525775}]}, {"Node Type": "Index Scan", "Parent Relationship": "Inner", "Scan Direction": "Forward", "Index Name": "movie_id_movie_info_idx", "Relation Name": "movie_info_idx", "Alias": "mi_idx", "Startup Cost": 0.0, "Total Cost": 8.12, "Plan Rows": 2, "Plan Width": 8, "Actual Min Startup Time": 13.162, "Actual Max Startup Time": 13.162, "Actual Min Total Time": 14.205, "Actual Max Total Time": 14.205, "Actual Total Rows": 2645, "Index Cond": "(movie_id = t.id)", "Rows Removed by Index Recheck": 0}]}]}]}, {"Node Type": "Index Scan", "Parent Relationship": "Inner", "Scan Direction": "Forward", "Index Name": "movie_id_movie_companies", "Relation Name": "movie_companies", "Alias": "mc", "Startup Cost": 0.0, "Total Cost": 0.36, "Plan Rows": 2, "Plan Width": 12, "Actual Min Startup Time": 0.036, "Actual Max Startup Time": 0.036, "Actual Min Total Time": 0.056, "Actual Max Total Time": 0.056, "Actual Total Rows": 33, "Index Cond": "(movie_id = mi_idx.movie_id)", "Rows Removed by Index Recheck": 0}]}, {"Node Type": "Index Scan", "Parent Relationship": "Inner", "Scan Direction": "Forward", "Index Name": "movie_id_movie_info", "Relation Name": "movie_info", "Alias": "mi", "Startup Cost": 0.0, "Total Cost": 0.66, "Plan Rows": 5, "Plan Width": 50, "Actual Min Startup Time": 0.504, "Actual Max Startup Time": 0.504, "Actual Min Total Time": 2.531, "Actual Max Total Time": 2.531, "Actual Total Rows": 4959, "Index Cond": "(movie_id = mc.movie_id)", "Rows Removed by Index Recheck": 0}]}]}, {"Node Type": "Materialize", "Parent Relationship": "Inner", "Startup Cost": 0.0, "Total Cost": 1.05, "Plan Rows": 2, "Plan Width": 4, "Actual Min Startup Time": 0.029, "Actual Max Startup Time": 0.029, "Actual Min Total Time": 0.037, "Actual Max Total Time": 0.037, "Actual Total Rows": 33, "Plans": [{"Node Type": "Seq Scan", "Parent Relationship": "Outer", "Relation Name": "company_type", "Alias": "ct", "Startup Cost": 0.0, "Total Cost": 1.04, "Plan Rows": 2, "Plan Width": 4, "Actual Min Startup Time": 0.021, "Actual Max Startup Time": 0.021, "Actual Min Total Time": 0.028, "Actual Max Total Time": 0.028, "Actual Total Rows": 1, "Filter": "((kind IS NOT NULL) AND (((kind)::text = 'production companies'::text) OR ((kind)::text = 'distributors'::text)))", "Rows Removed by Filter": 2}]}]}, {"Node Type": "Index Scan", "Parent Relationship": "Inner", "Scan Direction": "Forward", "Index Name": "company_name_pkey", "Relation Name": "company_name", "Alias": "cn", "Startup Cost": 0.0, "Total Cost": 0.28, "Plan Rows": 1, "Plan Width": 4, "Actual Min Startup Time": 0.062, "Actual Max Startup Time": 0.062, "Actual Min Total Time": 0.062, "Actual Max Total Time": 0.062, "Actual Total Rows": 5, "Index Cond": "(id = mc.company_id)", "Rows Removed by Index Recheck": 0, "Filter": "((country_code)::text = '[us]'::text)", "Rows Removed by Filter": 0}]}]}, "Triggers": [], "Planner Runtime": 59.065, "Total Runtime": 130.125, "Unique SQL Id": 1682224415}}, "(16, 17)": {"explain_plan": {"Plan": {"Node Type": "Aggregate", "Strategy": "Plain", "Startup Cost": 105032.63, "Total Cost": 105032.64, "Plan Rows": 1, "Plan Width": 123, "Plans": [{"Node Type": "Nested Loop", "Parent Relationship": "Outer", "Join Type": "Inner", "Startup Cost": 0.0, "Total Cost": 105032.61, "Plan Rows": 4, "Plan Width": 59, "Inner Unique": true, "Plans": [{"Node Type": "Nested Loop", "Parent Relationship": "Outer", "Join Type": "Inner", "Startup Cost": 0.0, "Total Cost": 105031.47, "Plan Rows": 4, "Plan Width": 63, "Inner Unique": true, "Plans": [{"Node Type": "Nested Loop", "Parent Relationship": "Outer", "Join Type": "Inner", "Startup Cost": 0.0, "Total Cost": 105030.03, "Plan Rows": 5, "Plan Width": 67, "Inner Unique": false, "Join Filter": "(mi.info_type_id = it1.id)", "Plans": [{"Node Type": "Index Scan", "Parent Relationship": "Outer", "Scan Direction": "Forward", "Index Name": "info_type_pkey", "Relation Name": "info_type", "Alias": "it1", "Startup Cost": 0.0, "Total Cost": 14.21, "Plan Rows": 1, "Plan Width": 4, "Filter": "((info)::text = 'budget'::text)"}, {"Node Type": "Nested Loop", "Parent Relationship": "Inner", "Join Type": "Inner", "Startup Cost": 0.0, "Total Cost": 105001.79, "Plan Rows": 1122, "Plan Width": 71, "Inner Unique": false, "Join Filter": "(t.id = mi.movie_id)", "Plans": [{"Node Type": "Nested Loop", "Parent Relationship": "Outer", "Join Type": "Inner", "Startup Cost": 0.0, "Total Cost": 104849.13, "Plan Rows": 210, "Plan Width": 37, "Inner Unique": false, "Join Filter": "(t.id = mc.movie_id)", "Plans": [{"Node Type": "Nested Loop", "Parent Relationship": "Outer", "Join Type": "Inner", "Startup Cost": 0.0, "Total Cost": 104728.36, "Plan Rows": 311, "Plan Width": 25, "Inner Unique": false, "Join Filter": "(mi_idx.info_type_id = it2.id)", "Plans": [{"Node Type": "Index Scan", "Parent Relationship": "Outer", "Scan Direction": "Forward", "Index Name": "info_type_pkey", "Relation Name": "info_type", "Alias": "it2", "Startup Cost": 0.0, "Total Cost": 14.21, "Plan Rows": 1, "Plan Width": 4, "Filter": "((info)::text = 'bottom 10 rank'::text)"}, {"Node Type": "Materialize", "Parent Relationship": "Inner", "Startup Cost": 0.0, "Total Cost": 104710.19, "Plan Rows": 396, "Plan Width": 29, "Plans": [{"Node Type": "Nested Loop", "Parent Relationship": "Outer", "Join Type": "Inner", "Startup Cost": 0.0, "Total Cost": 104709.2, "Plan Rows": 396, "Plan Width": 29, "Inner Unique": false, "Plans": [{"Node Type": "Streaming(type: LOCAL GATHER dop: 1/16)", "Parent Relationship": "Outer", "Startup Cost": 0.0, "Total Cost": 102608.29, "Plan Rows": 258, "Plan Width": 21, "Plans": [{"Node Type": "Index Scan", "Parent Relationship": "Outer", "Scan Direction": "Forward", "Index Name": "title_pkey", "Relation Name": "title", "Alias": "t", "Startup Cost": 0.0, "Total Cost": 102602.72, "Plan Rows": 258, "Plan Width": 21, "Filter": "((production_year > 2000) AND (((title)::text ~~ 'Birdemic%'::text) OR ((title)::text ~~ '%Movie%'::text)))"}]}, {"Node Type": "Index Scan", "Parent Relationship": "Inner", "Scan Direction": "Forward", "Index Name": "movie_id_movie_info_idx", "Relation Name": "movie_info_idx", "Alias": "mi_idx", "Startup Cost": 0.0, "Total Cost": 8.12, "Plan Rows": 2, "Plan Width": 8, "Index Cond": "(movie_id = t.id)"}]}]}]}, {"Node Type": "Index Scan", "Parent Relationship": "Inner", "Scan Direction": "Forward", "Index Name": "movie_id_movie_companies", "Relation Name": "movie_companies", "Alias": "mc", "Startup Cost": 0.0, "Total Cost": 0.36, "Plan Rows": 2, "Plan Width": 12, "Index Cond": "(movie_id = mi_idx.movie_id)"}]}, {"Node Type": "Index Scan", "Parent Relationship": "Inner", "Scan Direction": "Forward", "Index Name": "movie_id_movie_info", "Relation Name": "movie_info", "Alias": "mi", "Startup Cost": 0.0, "Total Cost": 0.66, "Plan Rows": 5, "Plan Width": 50, "Index Cond": "(movie_id = mc.movie_id)"}]}]}, {"Node Type": "Index Scan", "Parent Relationship": "Inner", "Scan Direction": "Forward", "Index Name": "company_name_pkey", "Relation Name": "company_name", "Alias": "cn", "Startup Cost": 0.0, "Total Cost": 0.28, "Plan Rows": 1, "Plan Width": 4, "Index Cond": "(id = mc.company_id)", "Filter": "((country_code)::text = '[us]'::text)"}]}, {"Node Type": "Index Scan", "Parent Relationship": "Inner", "Scan Direction": "Forward", "Index Name": "company_type_pkey", "Relation Name": "company_type", "Alias": "ct", "Startup Cost": 0.0, "Total Cost": 0.28, "Plan Rows": 1, "Plan Width": 4, "Index Cond": "(id = mc.company_type_id)", "Filter": "((kind IS NOT NULL) AND (((kind)::text = 'production companies'::text) OR ((kind)::text = 'distributors'::text)))"}]}]}, "Unique SQL Id": 1682224415}, "explain_analyze_plan": {"Plan": {"Node Type": "Aggregate", "Strategy": "Plain", "Startup Cost": 105032.63, "Total Cost": 105032.64, "Plan Rows": 1, "Plan Width": 123, "Actual Min Startup Time": 288.744, "Actual Max Startup Time": 288.744, "Actual Min Total Time": 288.744, "Actual Max Total Time": 288.744, "Actual Total Rows": 1, "Plans": [{"Node Type": "Nested Loop", "Parent Relationship": "Outer", "Join Type": "Inner", "Startup Cost": 0.0, "Total Cost": 105032.61, "Plan Rows": 4, "Plan Width": 59, "Actual Min Startup Time": 287.379, "Actual Max Startup Time": 287.379, "Actual Min Total Time": 288.702, "Actual Max Total Time": 288.702, "Actual Total Rows": 5, "Inner Unique": true, "Plans": [{"Node Type": "Nested Loop", "Parent Relationship": "Outer", "Join Type": "Inner", "Startup Cost": 0.0, "Total Cost": 105031.47, "Plan Rows": 4, "Plan Width": 63, "Actual Min Startup Time": 284.536, "Actual Max Startup Time": 284.536, "Actual Min Total Time": 288.667, "Actual Max Total Time": 288.667, "Actual Total Rows": 10, "Inner Unique": true, "Plans": [{"Node Type": "Nested Loop", "Parent Relationship": "Outer", "Join Type": "Inner", "Startup Cost": 0.0, "Total Cost": 105030.03, "Plan Rows": 5, "Plan Width": 67, "Actual Min Startup Time": 283.152, "Actual Max Startup Time": 283.152, "Actual Min Total Time": 288.453, "Actual Max Total Time": 288.453, "Actual Total Rows": 33, "Inner Unique": false, "Join Filter": "(mi.info_type_id = it1.id)", "Rows Removed by Join Filter": 4926, "Plans": [{"Node Type": "Index Scan", "Parent Relationship": "Outer", "Scan Direction": "Forward", "Index Name": "info_type_pkey", "Relation Name": "info_type", "Alias": "it1", "Startup Cost": 0.0, "Total Cost": 14.21, "Plan Rows": 1, "Plan Width": 4, "Actual Min Startup Time": 0.109, "Actual Max Startup Time": 0.109, "Actual Min Total Time": 0.116, "Actual Max Total Time": 0.116, "Actual Total Rows": 1, "Filter": "((info)::text = 'budget'::text)", "Rows Removed by Filter": 111}, {"Node Type": "Nested Loop", "Parent Relationship": "Inner", "Join Type": "Inner", "Startup Cost": 0.0, "Total Cost": 105001.79, "Plan Rows": 1122, "Plan Width": 71, "Actual Min Startup Time": 282.882, "Actual Max Startup Time": 282.882, "Actual Min Total Time": 287.361, "Actual Max Total Time": 287.361, "Actual Total Rows": 4959, "Inner Unique": false, "Join Filter": "(t.id = mi.movie_id)", "Rows Removed by Join Filter": 0, "Plans": [{"Node Type": "Nested Loop", "Parent Relationship": "Outer", "Join Type": "Inner", "Startup Cost": 0.0, "Total Cost": 104849.13, "Plan Rows": 210, "Plan Width": 37, "Actual Min Startup Time": 282.848, "Actual Max Startup Time": 282.848, "Actual Min Total Time": 283.245, "Actual Max Total Time": 283.245, "Actual Total Rows": 33, "Inner Unique": false, "Join Filter": "(t.id = mc.movie_id)", "Rows Removed by Join Filter": 0, "Plans": [{"Node Type": "Nested Loop", "Parent Relationship": "Outer", "Join Type": "Inner", "Startup Cost": 0.0, "Total Cost": 104728.36, "Plan Rows": 311, "Plan Width": 25, "Actual Min Startup Time": 282.824, "Actual Max Startup Time": 282.824, "Actual Min Total Time": 283.177, "Actual Max Total Time": 283.177, "Actual Total Rows": 2, "Inner Unique": false, "Join Filter": "(mi_idx.info_type_id = it2.id)", "Rows Removed by Join Filter": 2643, "Plans": [{"Node Type": "Index Scan", "Parent Relationship": "Outer", "Scan Direction": "Forward", "Index Name": "info_type_pkey", "Relation Name": "info_type", "Alias": "it2", "Startup Cost": 0.0, "Total Cost": 14.21, "Plan Rows": 1, "Plan Width": 4, "Actual Min Startup Time": 0.08, "Actual Max Startup Time": 0.08, "Actual Min Total Time": 0.08, "Actual Max Total Time": 0.08, "Actual Total Rows": 1, "Filter": "((info)::text = 'bottom 10 rank'::text)", "Rows Removed by Filter": 111}, {"Node Type": "Materialize", "Parent Relationship": "Inner", "Startup Cost": 0.0, "Total Cost": 104710.19, "Plan Rows": 396, "Plan Width": 29, "Actual Min Startup Time": 281.979, "Actual Max Startup Time": 281.979, "Actual Min Total Time": 282.441, "Actual Max Total Time": 282.441, "Actual Total Rows": 2646, "Plans": [{"Node Type": "Nested Loop", "Parent Relationship": "Outer", "Join Type": "Inner", "Startup Cost": 0.0, "Total Cost": 104709.2, "Plan Rows": 396, "Plan Width": 29, "Actual Min Startup Time": 81.307, "Actual Max Startup Time": 81.307, "Actual Min Total Time": 280.904, "Actual Max Total Time": 280.904, "Actual Total Rows": 2645, "Inner Unique": false, "Plans": [{"Node Type": "Streaming(type: LOCAL GATHER dop: 1/16)", "Parent Relationship": "Outer", "Startup Cost": 0.0, "Total Cost": 102608.29, "Plan Rows": 258, "Plan Width": 21, "Actual Min Startup Time": 81.253, "Actual Max Startup Time": 81.253, "Actual Min Total Time": 268.275, "Actual Max Total Time": 268.275, "Actual Total Rows": 2536, "Plans": [{"Node Type": "Index Scan", "Parent Relationship": "Outer", "Scan Direction": "Forward", "Index Name": "title_pkey", "Relation Name": "title", "Alias": "t", "Startup Cost": 0.0, "Total Cost": 102602.72, "Plan Rows": 258, "Plan Width": 21, "Actual Min Startup Time": 9.904, "Actual Max Startup Time": 25.069, "Actual Min Total Time": 238.632, "Actual Max Total Time": 275.078, "Actual Total Rows": 2536, "Filter": "((production_year > 2000) AND (((title)::text ~~ 'Birdemic%'::text) OR ((title)::text ~~ '%Movie%'::text)))", "Rows Removed by Filter": 2525775}]}, {"Node Type": "Index Scan", "Parent Relationship": "Inner", "Scan Direction": "Forward", "Index Name": "movie_id_movie_info_idx", "Relation Name": "movie_info_idx", "Alias": "mi_idx", "Startup Cost": 0.0, "Total Cost": 8.12, "Plan Rows": 2, "Plan Width": 8, "Actual Min Startup Time": 9.535, "Actual Max Startup Time": 9.535, "Actual Min Total Time": 10.518, "Actual Max Total Time": 10.518, "Actual Total Rows": 2645, "Index Cond": "(movie_id = t.id)", "Rows Removed by Index Recheck": 0}]}]}]}, {"Node Type": "Index Scan", "Parent Relationship": "Inner", "Scan Direction": "Forward", "Index Name": "movie_id_movie_companies", "Relation Name": "movie_companies", "Alias": "mc", "Startup Cost": 0.0, "Total Cost": 0.36, "Plan Rows": 2, "Plan Width": 12, "Actual Min Startup Time": 0.027, "Actual Max Startup Time": 0.027, "Actual Min Total Time": 0.048, "Actual Max Total Time": 0.048, "Actual Total Rows": 33, "Index Cond": "(movie_id = mi_idx.movie_id)", "Rows Removed by Index Recheck": 0}]}, {"Node Type": "Index Scan", "Parent Relationship": "Inner", "Scan Direction": "Forward", "Index Name": "movie_id_movie_info", "Relation Name": "movie_info", "Alias": "mi", "Startup Cost": 0.0, "Total Cost": 0.66, "Plan Rows": 5, "Plan Width": 50, "Actual Min Startup Time": 0.503, "Actual Max Startup Time": 0.503, "Actual Min Total Time": 2.531, "Actual Max Total Time": 2.531, "Actual Total Rows": 4959, "Index Cond": "(movie_id = mc.movie_id)", "Rows Removed by Index Recheck": 0}]}]}, {"Node Type": "Index Scan", "Parent Relationship": "Inner", "Scan Direction": "Forward", "Index Name": "company_name_pkey", "Relation Name": "company_name", "Alias": "cn", "Startup Cost": 0.0, "Total Cost": 0.28, "Plan Rows": 1, "Plan Width": 4, "Actual Min Startup Time": 0.191, "Actual Max Startup Time": 0.191, "Actual Min Total Time": 0.191, "Actual Max Total Time": 0.191, "Actual Total Rows": 10, "Index Cond": "(id = mc.company_id)", "Rows Removed by Index Recheck": 0, "Filter": "((country_code)::text = '[us]'::text)", "Rows Removed by Filter": 23}]}, {"Node Type": "Index Scan", "Parent Relationship": "Inner", "Scan Direction": "Forward", "Index Name": "company_type_pkey", "Relation Name": "company_type", "Alias": "ct", "Startup Cost": 0.0, "Total Cost": 0.28, "Plan Rows": 1, "Plan Width": 4, "Actual Min Startup Time": 0.024, "Actual Max Startup Time": 0.024, "Actual Min Total Time": 0.024, "Actual Max Total Time": 0.024, "Actual Total Rows": 5, "Index Cond": "(id = mc.company_type_id)", "Rows Removed by Index Recheck": 0, "Filter": "((kind IS NOT NULL) AND (((kind)::text = 'production companies'::text) OR ((kind)::text = 'distributors'::text)))", "Rows Removed by Filter": 0}]}]}, "Triggers": [], "Planner Runtime": 65.028, "Total Runtime": 291.894, "Unique SQL Id": 1682224415}}, "(16, 18)": {"explain_plan": {"Plan": {"Node Type": "Aggregate", "Strategy": "Plain", "Startup Cost": 24591.45, "Total Cost": 24591.46, "Plan Rows": 1, "Plan Width": 123, "Plans": [{"Node Type": "Nested Loop", "Parent Relationship": "Outer", "Join Type": "Inner", "Startup Cost": 5.15, "Total Cost": 24591.43, "Plan Rows": 4, "Plan Width": 59, "Inner Unique": true, "Plans": [{"Node Type": "Nested Loop", "Parent Relationship": "Outer", "Join Type": "Inner", "Startup Cost": 4.89, "Total Cost": 24561.45, "Plan Rows": 7, "Plan Width": 63, "Inner Unique": true, "Join Filter": "(mc.company_type_id = ct.id)", "Plans": [{"Node Type": "Nested Loop", "Parent Relationship": "Outer", "Join Type": "Inner", "Startup Cost": 4.89, "Total Cost": 24558.87, "Plan Rows": 51, "Plan Width": 67, "Inner Unique": false, "Join Filter": "(t.id = mc.movie_id)", "Plans": [{"Node Type": "Nested Loop", "Parent Relationship": "Outer", "Join Type": "Inner", "Startup Cost": 4.63, "Total Cost": 24524.32, "Plan Rows": 8, "Plan Width": 71, "Inner Unique": false, "Join Filter": "(mi.info_type_id = it1.id)", "Plans": [{"Node Type": "Seq Scan", "Parent Relationship": "Outer", "Relation Name": "info_type", "Alias": "it1", "Startup Cost": 0.0, "Total Cost": 2.4, "Plan Rows": 1, "Plan Width": 4, "Filter": "((info)::text = 'budget'::text)"}, {"Node Type": "Nested Loop", "Parent Relationship": "Inner", "Join Type": "Inner", "Startup Cost": 4.63, "Total Cost": 24501.18, "Plan Rows": 1659, "Plan Width": 75, "Inner Unique": false, "Join Filter": "(t.id = mi.movie_id)", "Plans": [{"Node Type": "Nested Loop", "Parent Relationship": "Outer", "Join Type": "Inner", "Startup Cost": 4.17, "Total Cost": 23077.28, "Plan Rows": 311, "Plan Width": 25, "Inner Unique": false, "Join Filter": "(mi_idx.info_type_id = it2.id)", "Plans": [{"Node Type": "Seq Scan", "Parent Relationship": "Outer", "Relation Name": "info_type", "Alias": "it2", "Startup Cost": 0.0, "Total Cost": 2.4, "Plan Rows": 1, "Plan Width": 4, "Filter": "((info)::text = 'bottom 10 rank'::text)"}, {"Node Type": "Materialize", "Parent Relationship": "Inner", "Startup Cost": 4.17, "Total Cost": 23070.92, "Plan Rows": 396, "Plan Width": 29, "Plans": [{"Node Type": "Nested Loop", "Parent Relationship": "Outer", "Join Type": "Inner", "Startup Cost": 4.17, "Total Cost": 23069.93, "Plan Rows": 396, "Plan Width": 29, "Inner Unique": false, "Plans": [{"Node Type": "Streaming(type: LOCAL GATHER dop: 1/16)", "Parent Relationship": "Outer", "Startup Cost": 0.0, "Total Cost": 19945.03, "Plan Rows": 258, "Plan Width": 21, "Plans": [{"Node Type": "Seq Scan", "Parent Relationship": "Outer", "Relation Name": "title", "Alias": "t", "Startup Cost": 0.0, "Total Cost": 19939.47, "Plan Rows": 258, "Plan Width": 21, "Filter": "((production_year > 2000) AND (((title)::text ~~ 'Birdemic%'::text) OR ((title)::text ~~ '%Movie%'::text)))"}]}, {"Node Type": "Bitmap Heap Scan", "Parent Relationship": "Inner", "Relation Name": "movie_info_idx", "Alias": "mi_idx", "Startup Cost": 4.17, "Total Cost": 12.09, "Plan Rows": 2, "Plan Width": 8, "Recheck Cond": "(movie_id = t.id)", "Plans": [{"Node Type": "Bitmap Index Scan", "Parent Relationship": "Outer", "Index Name": "movie_id_movie_info_idx", "Startup Cost": 0.0, "Total Cost": 4.17, "Plan Rows": 2, "Plan Width": 0, "Index Cond": "(movie_id = t.id)"}]}]}]}]}, {"Node Type": "Bitmap Heap Scan", "Parent Relationship": "Inner", "Relation Name": "movie_info", "Alias": "mi", "Startup Cost": 0.45, "Total Cost": 4.52, "Plan Rows": 5, "Plan Width": 50, "Recheck Cond": "(movie_id = mi_idx.movie_id)", "Plans": [{"Node Type": "Bitmap Index Scan", "Parent Relationship": "Outer", "Index Name": "movie_id_movie_info", "Startup Cost": 0.0, "Total Cost": 0.45, "Plan Rows": 5, "Plan Width": 0, "Index Cond": "(movie_id = mi_idx.movie_id)"}]}]}]}, {"Node Type": "Bitmap Heap Scan", "Parent Relationship": "Inner", "Relation Name": "movie_companies", "Alias": "mc", "Startup Cost": 0.27, "Total Cost": 4.29, "Plan Rows": 2, "Plan Width": 12, "Recheck Cond": "(movie_id = mi.movie_id)", "Plans": [{"Node Type": "Bitmap Index Scan", "Parent Relationship": "Outer", "Index Name": "movie_id_movie_companies", "Startup Cost": 0.0, "Total Cost": 0.27, "Plan Rows": 2, "Plan Width": 0, "Index Cond": "(movie_id = mi.movie_id)"}]}]}, {"Node Type": "Materialize", "Parent Relationship": "Inner", "Startup Cost": 0.0, "Total Cost": 1.05, "Plan Rows": 2, "Plan Width": 4, "Plans": [{"Node Type": "Seq Scan", "Parent Relationship": "Outer", "Relation Name": "company_type", "Alias": "ct", "Startup Cost": 0.0, "Total Cost": 1.04, "Plan Rows": 2, "Plan Width": 4, "Filter": "((kind IS NOT NULL) AND (((kind)::text = 'production companies'::text) OR ((kind)::text = 'distributors'::text)))"}]}]}, {"Node Type": "Bitmap Heap Scan", "Parent Relationship": "Inner", "Relation Name": "company_name", "Alias": "cn", "Startup Cost": 0.26, "Total Cost": 4.27, "Plan Rows": 1, "Plan Width": 4, "Recheck Cond": "(id = mc.company_id)", "Filter": "((country_code)::text = '[us]'::text)", "Plans": [{"Node Type": "Bitmap Index Scan", "Parent Relationship": "Outer", "Index Name": "company_name_pkey", "Startup Cost": 0.0, "Total Cost": 0.26, "Plan Rows": 1, "Plan Width": 0, "Index Cond": "(id = mc.company_id)"}]}]}]}, "Unique SQL Id": 1682224415}, "explain_analyze_plan": {"Plan": {"Node Type": "Aggregate", "Strategy": "Plain", "Startup Cost": 24591.45, "Total Cost": 24591.46, "Plan Rows": 1, "Plan Width": 123, "Actual Min Startup Time": 105.686, "Actual Max Startup Time": 105.686, "Actual Min Total Time": 105.687, "Actual Max Total Time": 105.687, "Actual Total Rows": 1, "Plans": [{"Node Type": "Nested Loop", "Parent Relationship": "Outer", "Join Type": "Inner", "Startup Cost": 5.15, "Total Cost": 24591.43, "Plan Rows": 4, "Plan Width": 59, "Actual Min Startup Time": 104.606, "Actual Max Startup Time": 104.606, "Actual Min Total Time": 105.657, "Actual Max Total Time": 105.657, "Actual Total Rows": 5, "Inner Unique": true, "Plans": [{"Node Type": "Nested Loop", "Parent Relationship": "Outer", "Join Type": "Inner", "Startup Cost": 4.89, "Total Cost": 24561.45, "Plan Rows": 7, "Plan Width": 63, "Actual Min Startup Time": 104.585, "Actual Max Startup Time": 104.585, "Actual Min Total Time": 105.597, "Actual Max Total Time": 105.597, "Actual Total Rows": 5, "Inner Unique": true, "Join Filter": "(mc.company_type_id = ct.id)", "Rows Removed by Join Filter": 28, "Plans": [{"Node Type": "Nested Loop", "Parent Relationship": "Outer", "Join Type": "Inner", "Startup Cost": 4.89, "Total Cost": 24558.87, "Plan Rows": 51, "Plan Width": 67, "Actual Min Startup Time": 104.529, "Actual Max Startup Time": 104.529, "Actual Min Total Time": 105.549, "Actual Max Total Time": 105.549, "Actual Total Rows": 33, "Inner Unique": false, "Join Filter": "(t.id = mc.movie_id)", "Rows Removed by Join Filter": 0, "Plans": [{"Node Type": "Nested Loop", "Parent Relationship": "Outer", "Join Type": "Inner", "Startup Cost": 4.63, "Total Cost": 24524.32, "Plan Rows": 8, "Plan Width": 71, "Actual Min Startup Time": 104.481, "Actual Max Startup Time": 104.481, "Actual Min Total Time": 105.464, "Actual Max Total Time": 105.464, "Actual Total Rows": 2, "Inner Unique": false, "Join Filter": "(mi.info_type_id = it1.id)", "Rows Removed by Join Filter": 219, "Plans": [{"Node Type": "Seq Scan", "Parent Relationship": "Outer", "Relation Name": "info_type", "Alias": "it1", "Startup Cost": 0.0, "Total Cost": 2.4, "Plan Rows": 1, "Plan Width": 4, "Actual Min Startup Time": 0.084, "Actual Max Startup Time": 0.084, "Actual Min Total Time": 0.09, "Actual Max Total Time": 0.09, "Actual Total Rows": 1, "Filter": "((info)::text = 'budget'::text)", "Rows Removed by Filter": 111}, {"Node Type": "Nested Loop", "Parent Relationship": "Inner", "Join Type": "Inner", "Startup Cost": 4.63, "Total Cost": 24501.18, "Plan Rows": 1659, "Plan Width": 75, "Actual Min Startup Time": 104.248, "Actual Max Startup Time": 104.248, "Actual Min Total Time": 105.275, "Actual Max Total Time": 105.275, "Actual Total Rows": 221, "Inner Unique": false, "Join Filter": "(t.id = mi.movie_id)", "Rows Removed by Join Filter": 0, "Plans": [{"Node Type": "Nested Loop", "Parent Relationship": "Outer", "Join Type": "Inner", "Startup Cost": 4.17, "Total Cost": 23077.28, "Plan Rows": 311, "Plan Width": 25, "Actual Min Startup Time": 104.197, "Actual Max Startup Time": 104.197, "Actual Min Total Time": 104.994, "Actual Max Total Time": 104.994, "Actual Total Rows": 2, "Inner Unique": false, "Join Filter": "(mi_idx.info_type_id = it2.id)", "Rows Removed by Join Filter": 2643, "Plans": [{"Node Type": "Seq Scan", "Parent Relationship": "Outer", "Relation Name": "info_type", "Alias": "it2", "Startup Cost": 0.0, "Total Cost": 2.4, "Plan Rows": 1, "Plan Width": 4, "Actual Min Startup Time": 0.084, "Actual Max Startup Time": 0.084, "Actual Min Total Time": 0.087, "Actual Max Total Time": 0.087, "Actual Total Rows": 1, "Filter": "((info)::text = 'bottom 10 rank'::text)", "Rows Removed by Filter": 111}, {"Node Type": "Materialize", "Parent Relationship": "Inner", "Startup Cost": 4.17, "Total Cost": 23070.92, "Plan Rows": 396, "Plan Width": 29, "Actual Min Startup Time": 104.023, "Actual Max Startup Time": 104.023, "Actual Min Total Time": 104.297, "Actual Max Total Time": 104.297, "Actual Total Rows": 2646, "Plans": [{"Node Type": "Nested Loop", "Parent Relationship": "Outer", "Join Type": "Inner", "Startup Cost": 4.17, "Total Cost": 23069.93, "Plan Rows": 396, "Plan Width": 29, "Actual Min Startup Time": 77.83, "Actual Max Startup Time": 77.83, "Actual Min Total Time": 103.225, "Actual Max Total Time": 103.225, "Actual Total Rows": 2645, "Inner Unique": false, "Plans": [{"Node Type": "Streaming(type: LOCAL GATHER dop: 1/16)", "Parent Relationship": "Outer", "Startup Cost": 0.0, "Total Cost": 19945.03, "Plan Rows": 258, "Plan Width": 21, "Actual Min Startup Time": 77.729, "Actual Max Startup Time": 77.729, "Actual Min Total Time": 88.139, "Actual Max Total Time": 88.139, "Actual Total Rows": 2536, "Plans": [{"Node Type": "Seq Scan", "Parent Relationship": "Outer", "Relation Name": "title", "Alias": "t", "Startup Cost": 0.0, "Total Cost": 19939.47, "Plan Rows": 258, "Plan Width": 21, "Actual Min Startup Time": 0.052, "Actual Max Startup Time": 5.369, "Actual Min Total Time": 79.994, "Actual Max Total Time": 84.25, "Actual Total Rows": 2536, "Filter": "((production_year > 2000) AND (((title)::text ~~ 'Birdemic%'::text) OR ((title)::text ~~ '%Movie%'::text)))", "Rows Removed by Filter": 2525775}]}, {"Node Type": "Bitmap Heap Scan", "Parent Relationship": "Inner", "Relation Name": "movie_info_idx", "Alias": "mi_idx", "Startup Cost": 4.17, "Total Cost": 12.09, "Plan Rows": 2, "Plan Width": 8, "Actual Min Startup Time": 11.349, "Actual Max Startup Time": 11.349, "Actual Min Total Time": 11.72, "Actual Max Total Time": 11.72, "Actual Total Rows": 2645, "Recheck Cond": "(movie_id = t.id)", "Rows Removed by Index Recheck": 0, "Exact Heap Blocks": 890, "Lossy Heap Blocks": 890, "Plans": [{"Node Type": "Bitmap Index Scan", "Parent Relationship": "Outer", "Index Name": "movie_id_movie_info_idx", "Startup Cost": 0.0, "Total Cost": 4.17, "Plan Rows": 2, "Plan Width": 0, "Actual Min Startup Time": 8.378, "Actual Max Startup Time": 8.378, "Actual Min Total Time": 8.378, "Actual Max Total Time": 8.378, "Actual Total Rows": 2645, "Index Cond": "(movie_id = t.id)"}]}]}]}]}, {"Node Type": "Bitmap Heap Scan", "Parent Relationship": "Inner", "Relation Name": "movie_info", "Alias": "mi", "Startup Cost": 0.45, "Total Cost": 4.52, "Plan Rows": 5, "Plan Width": 50, "Actual Min Startup Time": 0.064, "Actual Max Startup Time": 0.064, "Actual Min Total Time": 0.199, "Actual Max Total Time": 0.199, "Actual Total Rows": 221, "Recheck Cond": "(movie_id = mi_idx.movie_id)", "Rows Removed by Index Recheck": 0, "Exact Heap Blocks": 40, "Lossy Heap Blocks": 40, "Plans": [{"Node Type": "Bitmap Index Scan", "Parent Relationship": "Outer", "Index Name": "movie_id_movie_info", "Startup Cost": 0.0, "Total Cost": 0.45, "Plan Rows": 5, "Plan Width": 0, "Actual Min Startup Time": 0.046, "Actual Max Startup Time": 0.046, "Actual Min Total Time": 0.046, "Actual Max Total Time": 0.046, "Actual Total Rows": 221, "Index Cond": "(movie_id = mi_idx.movie_id)"}]}]}]}, {"Node Type": "Bitmap Heap Scan", "Parent Relationship": "Inner", "Relation Name": "movie_companies", "Alias": "mc", "Startup Cost": 0.27, "Total Cost": 4.29, "Plan Rows": 2, "Plan Width": 12, "Actual Min Startup Time": 0.054, "Actual Max Startup Time": 0.054, "Actual Min Total Time": 0.063, "Actual Max Total Time": 0.063, "Actual Total Rows": 33, "Recheck Cond": "(movie_id = mi.movie_id)", "Rows Removed by Index Recheck": 0, "Exact Heap Blocks": 4, "Lossy Heap Blocks": 4, "Plans": [{"Node Type": "Bitmap Index Scan", "Parent Relationship": "Outer", "Index Name": "movie_id_movie_companies", "Startup Cost": 0.0, "Total Cost": 0.27, "Plan Rows": 2, "Plan Width": 0, "Actual Min Startup Time": 0.021, "Actual Max Startup Time": 0.021, "Actual Min Total Time": 0.021, "Actual Max Total Time": 0.021, "Actual Total Rows": 33, "Index Cond": "(movie_id = mi.movie_id)"}]}]}, {"Node Type": "Materialize", "Parent Relationship": "Inner", "Startup Cost": 0.0, "Total Cost": 1.05, "Plan Rows": 2, "Plan Width": 4, "Actual Min Startup Time": 0.022, "Actual Max Startup Time": 0.022, "Actual Min Total Time": 0.029, "Actual Max Total Time": 0.029, "Actual Total Rows": 33, "Plans": [{"Node Type": "Seq Scan", "Parent Relationship": "Outer", "Relation Name": "company_type", "Alias": "ct", "Startup Cost": 0.0, "Total Cost": 1.04, "Plan Rows": 2, "Plan Width": 4, "Actual Min Startup Time": 0.014, "Actual Max Startup Time": 0.014, "Actual Min Total Time": 0.018, "Actual Max Total Time": 0.018, "Actual Total Rows": 1, "Filter": "((kind IS NOT NULL) AND (((kind)::text = 'production companies'::text) OR ((kind)::text = 'distributors'::text)))", "Rows Removed by Filter": 2}]}]}, {"Node Type": "Bitmap Heap Scan", "Parent Relationship": "Inner", "Relation Name": "company_name", "Alias": "cn", "Startup Cost": 0.26, "Total Cost": 4.27, "Plan Rows": 1, "Plan Width": 4, "Actual Min Startup Time": 0.048, "Actual Max Startup Time": 0.048, "Actual Min Total Time": 0.048, "Actual Max Total Time": 0.048, "Actual Total Rows": 5, "Recheck Cond": "(id = mc.company_id)", "Rows Removed by Index Recheck": 0, "Filter": "((country_code)::text = '[us]'::text)", "Rows Removed by Filter": 0, "Exact Heap Blocks": 5, "Lossy Heap Blocks": 5, "Plans": [{"Node Type": "Bitmap Index Scan", "Parent Relationship": "Outer", "Index Name": "company_name_pkey", "Startup Cost": 0.0, "Total Cost": 0.26, "Plan Rows": 1, "Plan Width": 0, "Actual Min Startup Time": 0.027, "Actual Max Startup Time": 0.027, "Actual Min Total Time": 0.027, "Actual Max Total Time": 0.027, "Actual Total Rows": 5, "Index Cond": "(id = mc.company_id)"}]}]}]}, "Triggers": [], "Planner Runtime": 70.388, "Total Runtime": 108.56, "Unique SQL Id": 1682224415}}, "(16, 19)": {"explain_plan": {"Plan": {"Node Type": "Aggregate", "Strategy": "Plain", "Startup Cost": 134877.62, "Total Cost": 134877.63, "Plan Rows": 1, "Plan Width": 123, "Plans": [{"Node Type": "Nested Loop", "Parent Relationship": "Outer", "Join Type": "Inner", "Startup Cost": 49668.32, "Total Cost": 134877.6, "Plan Rows": 4, "Plan Width": 59, "Inner Unique": true, "Plans": [{"Node Type": "Nested Loop", "Parent Relationship": "Outer", "Join Type": "Inner", "Startup Cost": 49668.06, "Total Cost": 134847.62, "Plan Rows": 7, "Plan Width": 63, "Inner Unique": true, "Plans": [{"Node Type": "Nested Loop", "Parent Relationship": "Outer", "Join Type": "Inner", "Startup Cost": 49667.8, "Total Cost": 134796.19, "Plan Rows": 12, "Plan Width": 67, "Inner Unique": true, "Plans": [{"Node Type": "Nested Loop", "Parent Relationship": "Outer", "Join Type": "Inner", "Startup Cost": 49667.54, "Total Cost": 134517.81, "Plan Rows": 65, "Plan Width": 71, "Inner Unique": false, "Join Filter": "(t.id = mi_idx.movie_id)", "Plans": [{"Node Type": "Nested Loop", "Parent Relationship": "Outer", "Join Type": "Inner", "Startup Cost": 49667.27, "Total Cost": 134336.51, "Plan Rows": 42, "Plan Width": 79, "Inner Unique": false, "Join Filter": "(mi.info_type_id = it1.id)", "Plans": [{"Node Type": "Bitmap Heap Scan", "Parent Relationship": "Outer", "Relation Name": "info_type", "Alias": "it1", "Startup Cost": 8.81, "Total Cost": 14.21, "Plan Rows": 1, "Plan Width": 4, "Filter": "((info)::text = 'budget'::text)", "Plans": [{"Node Type": "Bitmap Index Scan", "Parent Relationship": "Outer", "Index Name": "info_type_pkey", "Startup Cost": 0.0, "Total Cost": 8.81, "Plan Rows": 112, "Plan Width": 0}]}, {"Node Type": "Nested Loop", "Parent Relationship": "Inner", "Join Type": "Inner", "Startup Cost": 49658.46, "Total Cost": 134284.94, "Plan Rows": 2989, "Plan Width": 83, "Inner Unique": false, "Join Filter": "(t.id = mi.movie_id)", "Plans": [{"Node Type": "Nested Loop", "Parent Relationship": "Outer", "Join Type": "Inner", "Startup Cost": 49658.09, "Total Cost": 131831.96, "Plan Rows": 545, "Plan Width": 33, "Inner Unique": false, "Plans": [{"Node Type": "Bitmap Heap Scan", "Parent Relationship": "Outer", "Relation Name": "title", "Alias": "t", "Startup Cost": 49653.87, "Total Cost": 128685.31, "Plan Rows": 258, "Plan Width": 21, "Filter": "((production_year > 2000) AND (((title)::text ~~ 'Birdemic%'::text) OR ((title)::text ~~ '%Movie%'::text)))", "Plans": [{"Node Type": "Bitmap Index Scan", "Parent Relationship": "Outer", "Index Name": "title_pkey", "Startup Cost": 0.0, "Total Cost": 49653.81, "Plan Rows": 2528311, "Plan Width": 0}]}, {"Node Type": "Bitmap Heap Scan", "Parent Relationship": "Inner", "Relation Name": "movie_companies", "Alias": "mc", "Startup Cost": 4.22, "Total Cost": 12.18, "Plan Rows": 2, "Plan Width": 12, "Recheck Cond": "(movie_id = t.id)", "Plans": [{"Node Type": "Bitmap Index Scan", "Parent Relationship": "Outer", "Index Name": "movie_id_movie_companies", "Startup Cost": 0.0, "Total Cost": 4.22, "Plan Rows": 2, "Plan Width": 0, "Index Cond": "(movie_id = t.id)"}]}]}, {"Node Type": "Bitmap Heap Scan", "Parent Relationship": "Inner", "Relation Name": "movie_info", "Alias": "mi", "Startup Cost": 0.38, "Total Cost": 4.44, "Plan Rows": 5, "Plan Width": 50, "Recheck Cond": "(movie_id = mc.movie_id)", "Plans": [{"Node Type": "Bitmap Index Scan", "Parent Relationship": "Outer", "Index Name": "movie_id_movie_info", "Startup Cost": 0.0, "Total Cost": 0.37, "Plan Rows": 5, "Plan Width": 0, "Index Cond": "(movie_id = mc.movie_id)"}]}]}]}, {"Node Type": "Bitmap Heap Scan", "Parent Relationship": "Inner", "Relation Name": "movie_info_idx", "Alias": "mi_idx", "Startup Cost": 0.27, "Total Cost": 4.29, "Plan Rows": 2, "Plan Width": 8, "Recheck Cond": "(movie_id = mi.movie_id)", "Plans": [{"Node Type": "Bitmap Index Scan", "Parent Relationship": "Outer", "Index Name": "movie_id_movie_info_idx", "Startup Cost": 0.0, "Total Cost": 0.27, "Plan Rows": 2, "Plan Width": 0, "Index Cond": "(movie_id = mi.movie_id)"}]}]}, {"Node Type": "Bitmap Heap Scan", "Parent Relationship": "Inner", "Relation Name": "info_type", "Alias": "it2", "Startup Cost": 0.26, "Total Cost": 4.27, "Plan Rows": 1, "Plan Width": 4, "Recheck Cond": "(id = mi_idx.info_type_id)", "Filter": "((info)::text = 'bottom 10 rank'::text)", "Plans": [{"Node Type": "Bitmap Index Scan", "Parent Relationship": "Outer", "Index Name": "info_type_pkey", "Startup Cost": 0.0, "Total Cost": 0.26, "Plan Rows": 1, "Plan Width": 0, "Index Cond": "(id = mi_idx.info_type_id)"}]}]}, {"Node Type": "Bitmap Heap Scan", "Parent Relationship": "Inner", "Relation Name": "company_type", "Alias": "ct", "Startup Cost": 0.26, "Total Cost": 4.28, "Plan Rows": 1, "Plan Width": 4, "Recheck Cond": "(id = mc.company_type_id)", "Filter": "((kind IS NOT NULL) AND (((kind)::text = 'production companies'::text) OR ((kind)::text = 'distributors'::text)))", "Plans": [{"Node Type": "Bitmap Index Scan", "Parent Relationship": "Outer", "Index Name": "company_type_pkey", "Startup Cost": 0.0, "Total Cost": 0.26, "Plan Rows": 1, "Plan Width": 0, "Index Cond": "(id = mc.company_type_id)"}]}]}, {"Node Type": "Bitmap Heap Scan", "Parent Relationship": "Inner", "Relation Name": "company_name", "Alias": "cn", "Startup Cost": 0.26, "Total Cost": 4.27, "Plan Rows": 1, "Plan Width": 4, "Recheck Cond": "(id = mc.company_id)", "Filter": "((country_code)::text = '[us]'::text)", "Plans": [{"Node Type": "Bitmap Index Scan", "Parent Relationship": "Outer", "Index Name": "company_name_pkey", "Startup Cost": 0.0, "Total Cost": 0.26, "Plan Rows": 1, "Plan Width": 0, "Index Cond": "(id = mc.company_id)"}]}]}]}, "Unique SQL Id": 1682224415}, "explain_analyze_plan": null}, "(16, 20)": {"explain_plan": {"Plan": {"Node Type": "Aggregate", "Strategy": "Plain", "Startup Cost": 22347.77, "Total Cost": 22347.78, "Plan Rows": 1, "Plan Width": 123, "Plans": [{"Node Type": "Nested Loop", "Parent Relationship": "Outer", "Join Type": "Inner", "Startup Cost": 0.0, "Total Cost": 22347.75, "Plan Rows": 4, "Plan Width": 59, "Inner Unique": true, "Plans": [{"Node Type": "Nested Loop", "Parent Relationship": "Outer", "Join Type": "Inner", "Startup Cost": 0.0, "Total Cost": 22345.73, "Plan Rows": 7, "Plan Width": 63, "Inner Unique": true, "Join Filter": "(mc.company_type_id = ct.id)", "Plans": [{"Node Type": "Nested Loop", "Parent Relationship": "Outer", "Join Type": "Inner", "Startup Cost": 0.0, "Total Cost": 22343.15, "Plan Rows": 51, "Plan Width": 67, "Inner Unique": false, "Join Filter": "(mi.info_type_id = it1.id)", "Plans": [{"Node Type": "Seq Scan", "Parent Relationship": "Outer", "Relation Name": "info_type", "Alias": "it1", "Startup Cost": 0.0, "Total Cost": 2.4, "Plan Rows": 1, "Plan Width": 4, "Filter": "((info)::text = 'budget'::text)"}, {"Node Type": "Nested Loop", "Parent Relationship": "Inner", "Join Type": "Inner", "Startup Cost": 0.0, "Total Cost": 22326.73, "Plan Rows": 1122, "Plan Width": 71, "Inner Unique": false, "Join Filter": "(t.id = mi.movie_id)", "Plans": [{"Node Type": "Nested Loop", "Parent Relationship": "Outer", "Join Type": "Inner", "Startup Cost": 0.0, "Total Cost": 22174.07, "Plan Rows": 210, "Plan Width": 37, "Inner Unique": false, "Join Filter": "(t.id = mc.movie_id)", "Plans": [{"Node Type": "Nested Loop", "Parent Relationship": "Outer", "Join Type": "Inner", "Startup Cost": 0.0, "Total Cost": 22053.3, "Plan Rows": 311, "Plan Width": 25, "Inner Unique": false, "Join Filter": "(mi_idx.info_type_id = it2.id)", "Plans": [{"Node Type": "Seq Scan", "Parent Relationship": "Outer", "Relation Name": "info_type", "Alias": "it2", "Startup Cost": 0.0, "Total Cost": 2.4, "Plan Rows": 1, "Plan Width": 4, "Filter": "((info)::text = 'bottom 10 rank'::text)"}, {"Node Type": "Materialize", "Parent Relationship": "Inner", "Startup Cost": 0.0, "Total Cost": 22046.94, "Plan Rows": 396, "Plan Width": 29, "Plans": [{"Node Type": "Nested Loop", "Parent Relationship": "Outer", "Join Type": "Inner", "Startup Cost": 0.0, "Total Cost": 22045.95, "Plan Rows": 396, "Plan Width": 29, "Inner Unique": false, "Plans": [{"Node Type": "Streaming(type: LOCAL GATHER dop: 1/16)", "Parent Relationship": "Outer", "Startup Cost": 0.0, "Total Cost": 19945.03, "Plan Rows": 258, "Plan Width": 21, "Plans": [{"Node Type": "Seq Scan", "Parent Relationship": "Outer", "Relation Name": "title", "Alias": "t", "Startup Cost": 0.0, "Total Cost": 19939.47, "Plan Rows": 258, "Plan Width": 21, "Filter": "((production_year > 2000) AND (((title)::text ~~ 'Birdemic%'::text) OR ((title)::text ~~ '%Movie%'::text)))"}]}, {"Node Type": "Index Scan", "Parent Relationship": "Inner", "Scan Direction": "Forward", "Index Name": "movie_id_movie_info_idx", "Relation Name": "movie_info_idx", "Alias": "mi_idx", "Startup Cost": 0.0, "Total Cost": 8.12, "Plan Rows": 2, "Plan Width": 8, "Index Cond": "(movie_id = t.id)"}]}]}]}, {"Node Type": "Index Scan", "Parent Relationship": "Inner", "Scan Direction": "Forward", "Index Name": "movie_id_movie_companies", "Relation Name": "movie_companies", "Alias": "mc", "Startup Cost": 0.0, "Total Cost": 0.36, "Plan Rows": 2, "Plan Width": 12, "Index Cond": "(movie_id = mi_idx.movie_id)"}]}, {"Node Type": "Index Scan", "Parent Relationship": "Inner", "Scan Direction": "Forward", "Index Name": "movie_id_movie_info", "Relation Name": "movie_info", "Alias": "mi", "Startup Cost": 0.0, "Total Cost": 0.66, "Plan Rows": 5, "Plan Width": 50, "Index Cond": "(movie_id = mc.movie_id)"}]}]}, {"Node Type": "Materialize", "Parent Relationship": "Inner", "Startup Cost": 0.0, "Total Cost": 1.05, "Plan Rows": 2, "Plan Width": 4, "Plans": [{"Node Type": "Seq Scan", "Parent Relationship": "Outer", "Relation Name": "company_type", "Alias": "ct", "Startup Cost": 0.0, "Total Cost": 1.04, "Plan Rows": 2, "Plan Width": 4, "Filter": "((kind IS NOT NULL) AND (((kind)::text = 'production companies'::text) OR ((kind)::text = 'distributors'::text)))"}]}]}, {"Node Type": "Index Scan", "Parent Relationship": "Inner", "Scan Direction": "Forward", "Index Name": "company_name_pkey", "Relation Name": "company_name", "Alias": "cn", "Startup Cost": 0.0, "Total Cost": 0.28, "Plan Rows": 1, "Plan Width": 4, "Index Cond": "(id = mc.company_id)", "Filter": "((country_code)::text = '[us]'::text)"}]}]}, "Unique SQL Id": 1682224415}, "explain_analyze_plan": {"Plan": {"Node Type": "Aggregate", "Strategy": "Plain", "Startup Cost": 22347.77, "Total Cost": 22347.78, "Plan Rows": 1, "Plan Width": 123, "Actual Min Startup Time": 126.775, "Actual Max Startup Time": 126.775, "Actual Min Total Time": 126.775, "Actual Max Total Time": 126.775, "Actual Total Rows": 1, "Plans": [{"Node Type": "Nested Loop", "Parent Relationship": "Outer", "Join Type": "Inner", "Startup Cost": 0.0, "Total Cost": 22347.75, "Plan Rows": 4, "Plan Width": 59, "Actual Min Startup Time": 125.08, "Actual Max Startup Time": 125.08, "Actual Min Total Time": 126.745, "Actual Max Total Time": 126.745, "Actual Total Rows": 5, "Inner Unique": true, "Plans": [{"Node Type": "Nested Loop", "Parent Relationship": "Outer", "Join Type": "Inner", "Startup Cost": 0.0, "Total Cost": 22345.73, "Plan Rows": 7, "Plan Width": 63, "Actual Min Startup Time": 125.052, "Actual Max Startup Time": 125.052, "Actual Min Total Time": 126.671, "Actual Max Total Time": 126.671, "Actual Total Rows": 5, "Inner Unique": true, "Join Filter": "(mc.company_type_id = ct.id)", "Rows Removed by Join Filter": 28, "Plans": [{"Node Type": "Nested Loop", "Parent Relationship": "Outer", "Join Type": "Inner", "Startup Cost": 0.0, "Total Cost": 22343.15, "Plan Rows": 51, "Plan Width": 67, "Actual Min Startup Time": 120.954, "Actual Max Startup Time": 120.954, "Actual Min Total Time": 126.615, "Actual Max Total Time": 126.615, "Actual Total Rows": 33, "Inner Unique": false, "Join Filter": "(mi.info_type_id = it1.id)", "Rows Removed by Join Filter": 4926, "Plans": [{"Node Type": "Seq Scan", "Parent Relationship": "Outer", "Relation Name": "info_type", "Alias": "it1", "Startup Cost": 0.0, "Total Cost": 2.4, "Plan Rows": 1, "Plan Width": 4, "Actual Min Startup Time": 0.071, "Actual Max Startup Time": 0.071, "Actual Min Total Time": 0.082, "Actual Max Total Time": 0.082, "Actual Total Rows": 1, "Filter": "((info)::text = 'budget'::text)", "Rows Removed by Filter": 111}, {"Node Type": "Nested Loop", "Parent Relationship": "Inner", "Join Type": "Inner", "Startup Cost": 0.0, "Total Cost": 22326.73, "Plan Rows": 1122, "Plan Width": 71, "Actual Min Startup Time": 120.7, "Actual Max Startup Time": 120.7, "Actual Min Total Time": 125.529, "Actual Max Total Time": 125.529, "Actual Total Rows": 4959, "Inner Unique": false, "Join Filter": "(t.id = mi.movie_id)", "Rows Removed by Join Filter": 0, "Plans": [{"Node Type": "Nested Loop", "Parent Relationship": "Outer", "Join Type": "Inner", "Startup Cost": 0.0, "Total Cost": 22174.07, "Plan Rows": 210, "Plan Width": 37, "Actual Min Startup Time": 120.656, "Actual Max Startup Time": 120.656, "Actual Min Total Time": 121.415, "Actual Max Total Time": 121.415, "Actual Total Rows": 33, "Inner Unique": false, "Join Filter": "(t.id = mc.movie_id)", "Rows Removed by Join Filter": 0, "Plans": [{"Node Type": "Nested Loop", "Parent Relationship": "Outer", "Join Type": "Inner", "Startup Cost": 0.0, "Total Cost": 22053.3, "Plan Rows": 311, "Plan Width": 25, "Actual Min Startup Time": 120.623, "Actual Max Startup Time": 120.623, "Actual Min Total Time": 121.331, "Actual Max Total Time": 121.331, "Actual Total Rows": 2, "Inner Unique": false, "Join Filter": "(mi_idx.info_type_id = it2.id)", "Rows Removed by Join Filter": 2643, "Plans": [{"Node Type": "Seq Scan", "Parent Relationship": "Outer", "Relation Name": "info_type", "Alias": "it2", "Startup Cost": 0.0, "Total Cost": 2.4, "Plan Rows": 1, "Plan Width": 4, "Actual Min Startup Time": 0.067, "Actual Max Startup Time": 0.067, "Actual Min Total Time": 0.07, "Actual Max Total Time": 0.07, "Actual Total Rows": 1, "Filter": "((info)::text = 'bottom 10 rank'::text)", "Rows Removed by Filter": 111}, {"Node Type": "Materialize", "Parent Relationship": "Inner", "Startup Cost": 0.0, "Total Cost": 22046.94, "Plan Rows": 396, "Plan Width": 29, "Actual Min Startup Time": 120.387, "Actual Max Startup Time": 120.387, "Actual Min Total Time": 120.683, "Actual Max Total Time": 120.683, "Actual Total Rows": 2646, "Plans": [{"Node Type": "Nested Loop", "Parent Relationship": "Outer", "Join Type": "Inner", "Startup Cost": 0.0, "Total Cost": 22045.95, "Plan Rows": 396, "Plan Width": 29, "Actual Min Startup Time": 89.436, "Actual Max Startup Time": 89.436, "Actual Min Total Time": 119.509, "Actual Max Total Time": 119.509, "Actual Total Rows": 2645, "Inner Unique": false, "Plans": [{"Node Type": "Streaming(type: LOCAL GATHER dop: 1/16)", "Parent Relationship": "Outer", "Startup Cost": 0.0, "Total Cost": 19945.03, "Plan Rows": 258, "Plan Width": 21, "Actual Min Startup Time": 89.364, "Actual Max Startup Time": 89.364, "Actual Min Total Time": 103.492, "Actual Max Total Time": 103.492, "Actual Total Rows": 2536, "Plans": [{"Node Type": "Seq Scan", "Parent Relationship": "Outer", "Relation Name": "title", "Alias": "t", "Startup Cost": 0.0, "Total Cost": 19939.47, "Plan Rows": 258, "Plan Width": 21, "Actual Min Startup Time": 0.041, "Actual Max Startup Time": 5.606, "Actual Min Total Time": 83.881, "Actual Max Total Time": 88.883, "Actual Total Rows": 2536, "Filter": "((production_year > 2000) AND (((title)::text ~~ 'Birdemic%'::text) OR ((title)::text ~~ '%Movie%'::text)))", "Rows Removed by Filter": 2525775}]}, {"Node Type": "Index Scan", "Parent Relationship": "Inner", "Scan Direction": "Forward", "Index Name": "movie_id_movie_info_idx", "Relation Name": "movie_info_idx", "Alias": "mi_idx", "Startup Cost": 0.0, "Total Cost": 8.12, "Plan Rows": 2, "Plan Width": 8, "Actual Min Startup Time": 13.162, "Actual Max Startup Time": 13.162, "Actual Min Total Time": 14.205, "Actual Max Total Time": 14.205, "Actual Total Rows": 2645, "Index Cond": "(movie_id = t.id)", "Rows Removed by Index Recheck": 0}]}]}]}, {"Node Type": "Index Scan", "Parent Relationship": "Inner", "Scan Direction": "Forward", "Index Name": "movie_id_movie_companies", "Relation Name": "movie_companies", "Alias": "mc", "Startup Cost": 0.0, "Total Cost": 0.36, "Plan Rows": 2, "Plan Width": 12, "Actual Min Startup Time": 0.036, "Actual Max Startup Time": 0.036, "Actual Min Total Time": 0.056, "Actual Max Total Time": 0.056, "Actual Total Rows": 33, "Index Cond": "(movie_id = mi_idx.movie_id)", "Rows Removed by Index Recheck": 0}]}, {"Node Type": "Index Scan", "Parent Relationship": "Inner", "Scan Direction": "Forward", "Index Name": "movie_id_movie_info", "Relation Name": "movie_info", "Alias": "mi", "Startup Cost": 0.0, "Total Cost": 0.66, "Plan Rows": 5, "Plan Width": 50, "Actual Min Startup Time": 0.504, "Actual Max Startup Time": 0.504, "Actual Min Total Time": 2.531, "Actual Max Total Time": 2.531, "Actual Total Rows": 4959, "Index Cond": "(movie_id = mc.movie_id)", "Rows Removed by Index Recheck": 0}]}]}, {"Node Type": "Materialize", "Parent Relationship": "Inner", "Startup Cost": 0.0, "Total Cost": 1.05, "Plan Rows": 2, "Plan Width": 4, "Actual Min Startup Time": 0.029, "Actual Max Startup Time": 0.029, "Actual Min Total Time": 0.037, "Actual Max Total Time": 0.037, "Actual Total Rows": 33, "Plans": [{"Node Type": "Seq Scan", "Parent Relationship": "Outer", "Relation Name": "company_type", "Alias": "ct", "Startup Cost": 0.0, "Total Cost": 1.04, "Plan Rows": 2, "Plan Width": 4, "Actual Min Startup Time": 0.021, "Actual Max Startup Time": 0.021, "Actual Min Total Time": 0.028, "Actual Max Total Time": 0.028, "Actual Total Rows": 1, "Filter": "((kind IS NOT NULL) AND (((kind)::text = 'production companies'::text) OR ((kind)::text = 'distributors'::text)))", "Rows Removed by Filter": 2}]}]}, {"Node Type": "Index Scan", "Parent Relationship": "Inner", "Scan Direction": "Forward", "Index Name": "company_name_pkey", "Relation Name": "company_name", "Alias": "cn", "Startup Cost": 0.0, "Total Cost": 0.28, "Plan Rows": 1, "Plan Width": 4, "Actual Min Startup Time": 0.062, "Actual Max Startup Time": 0.062, "Actual Min Total Time": 0.062, "Actual Max Total Time": 0.062, "Actual Total Rows": 5, "Index Cond": "(id = mc.company_id)", "Rows Removed by Index Recheck": 0, "Filter": "((country_code)::text = '[us]'::text)", "Rows Removed by Filter": 0}]}]}, "Triggers": [], "Planner Runtime": 59.065, "Total Runtime": 130.125, "Unique SQL Id": 1682224415}}, "(16, 21)": {"explain_plan": {"Plan": {"Node Type": "Aggregate", "Strategy": "Plain", "Startup Cost": 105032.63, "Total Cost": 105032.64, "Plan Rows": 1, "Plan Width": 123, "Plans": [{"Node Type": "Nested Loop", "Parent Relationship": "Outer", "Join Type": "Inner", "Startup Cost": 0.0, "Total Cost": 105032.61, "Plan Rows": 4, "Plan Width": 59, "Inner Unique": true, "Plans": [{"Node Type": "Nested Loop", "Parent Relationship": "Outer", "Join Type": "Inner", "Startup Cost": 0.0, "Total Cost": 105031.47, "Plan Rows": 4, "Plan Width": 63, "Inner Unique": true, "Plans": [{"Node Type": "Nested Loop", "Parent Relationship": "Outer", "Join Type": "Inner", "Startup Cost": 0.0, "Total Cost": 105030.03, "Plan Rows": 5, "Plan Width": 67, "Inner Unique": false, "Join Filter": "(mi.info_type_id = it1.id)", "Plans": [{"Node Type": "Index Scan", "Parent Relationship": "Outer", "Scan Direction": "Forward", "Index Name": "info_type_pkey", "Relation Name": "info_type", "Alias": "it1", "Startup Cost": 0.0, "Total Cost": 14.21, "Plan Rows": 1, "Plan Width": 4, "Filter": "((info)::text = 'budget'::text)"}, {"Node Type": "Nested Loop", "Parent Relationship": "Inner", "Join Type": "Inner", "Startup Cost": 0.0, "Total Cost": 105001.79, "Plan Rows": 1122, "Plan Width": 71, "Inner Unique": false, "Join Filter": "(t.id = mi.movie_id)", "Plans": [{"Node Type": "Nested Loop", "Parent Relationship": "Outer", "Join Type": "Inner", "Startup Cost": 0.0, "Total Cost": 104849.13, "Plan Rows": 210, "Plan Width": 37, "Inner Unique": false, "Join Filter": "(t.id = mc.movie_id)", "Plans": [{"Node Type": "Nested Loop", "Parent Relationship": "Outer", "Join Type": "Inner", "Startup Cost": 0.0, "Total Cost": 104728.36, "Plan Rows": 311, "Plan Width": 25, "Inner Unique": false, "Join Filter": "(mi_idx.info_type_id = it2.id)", "Plans": [{"Node Type": "Index Scan", "Parent Relationship": "Outer", "Scan Direction": "Forward", "Index Name": "info_type_pkey", "Relation Name": "info_type", "Alias": "it2", "Startup Cost": 0.0, "Total Cost": 14.21, "Plan Rows": 1, "Plan Width": 4, "Filter": "((info)::text = 'bottom 10 rank'::text)"}, {"Node Type": "Materialize", "Parent Relationship": "Inner", "Startup Cost": 0.0, "Total Cost": 104710.19, "Plan Rows": 396, "Plan Width": 29, "Plans": [{"Node Type": "Nested Loop", "Parent Relationship": "Outer", "Join Type": "Inner", "Startup Cost": 0.0, "Total Cost": 104709.2, "Plan Rows": 396, "Plan Width": 29, "Inner Unique": false, "Plans": [{"Node Type": "Streaming(type: LOCAL GATHER dop: 1/16)", "Parent Relationship": "Outer", "Startup Cost": 0.0, "Total Cost": 102608.29, "Plan Rows": 258, "Plan Width": 21, "Plans": [{"Node Type": "Index Scan", "Parent Relationship": "Outer", "Scan Direction": "Forward", "Index Name": "title_pkey", "Relation Name": "title", "Alias": "t", "Startup Cost": 0.0, "Total Cost": 102602.72, "Plan Rows": 258, "Plan Width": 21, "Filter": "((production_year > 2000) AND (((title)::text ~~ 'Birdemic%'::text) OR ((title)::text ~~ '%Movie%'::text)))"}]}, {"Node Type": "Index Scan", "Parent Relationship": "Inner", "Scan Direction": "Forward", "Index Name": "movie_id_movie_info_idx", "Relation Name": "movie_info_idx", "Alias": "mi_idx", "Startup Cost": 0.0, "Total Cost": 8.12, "Plan Rows": 2, "Plan Width": 8, "Index Cond": "(movie_id = t.id)"}]}]}]}, {"Node Type": "Index Scan", "Parent Relationship": "Inner", "Scan Direction": "Forward", "Index Name": "movie_id_movie_companies", "Relation Name": "movie_companies", "Alias": "mc", "Startup Cost": 0.0, "Total Cost": 0.36, "Plan Rows": 2, "Plan Width": 12, "Index Cond": "(movie_id = mi_idx.movie_id)"}]}, {"Node Type": "Index Scan", "Parent Relationship": "Inner", "Scan Direction": "Forward", "Index Name": "movie_id_movie_info", "Relation Name": "movie_info", "Alias": "mi", "Startup Cost": 0.0, "Total Cost": 0.66, "Plan Rows": 5, "Plan Width": 50, "Index Cond": "(movie_id = mc.movie_id)"}]}]}, {"Node Type": "Index Scan", "Parent Relationship": "Inner", "Scan Direction": "Forward", "Index Name": "company_name_pkey", "Relation Name": "company_name", "Alias": "cn", "Startup Cost": 0.0, "Total Cost": 0.28, "Plan Rows": 1, "Plan Width": 4, "Index Cond": "(id = mc.company_id)", "Filter": "((country_code)::text = '[us]'::text)"}]}, {"Node Type": "Index Scan", "Parent Relationship": "Inner", "Scan Direction": "Forward", "Index Name": "company_type_pkey", "Relation Name": "company_type", "Alias": "ct", "Startup Cost": 0.0, "Total Cost": 0.28, "Plan Rows": 1, "Plan Width": 4, "Index Cond": "(id = mc.company_type_id)", "Filter": "((kind IS NOT NULL) AND (((kind)::text = 'production companies'::text) OR ((kind)::text = 'distributors'::text)))"}]}]}, "Unique SQL Id": 1682224415}, "explain_analyze_plan": {"Plan": {"Node Type": "Aggregate", "Strategy": "Plain", "Startup Cost": 105032.63, "Total Cost": 105032.64, "Plan Rows": 1, "Plan Width": 123, "Actual Min Startup Time": 288.744, "Actual Max Startup Time": 288.744, "Actual Min Total Time": 288.744, "Actual Max Total Time": 288.744, "Actual Total Rows": 1, "Plans": [{"Node Type": "Nested Loop", "Parent Relationship": "Outer", "Join Type": "Inner", "Startup Cost": 0.0, "Total Cost": 105032.61, "Plan Rows": 4, "Plan Width": 59, "Actual Min Startup Time": 287.379, "Actual Max Startup Time": 287.379, "Actual Min Total Time": 288.702, "Actual Max Total Time": 288.702, "Actual Total Rows": 5, "Inner Unique": true, "Plans": [{"Node Type": "Nested Loop", "Parent Relationship": "Outer", "Join Type": "Inner", "Startup Cost": 0.0, "Total Cost": 105031.47, "Plan Rows": 4, "Plan Width": 63, "Actual Min Startup Time": 284.536, "Actual Max Startup Time": 284.536, "Actual Min Total Time": 288.667, "Actual Max Total Time": 288.667, "Actual Total Rows": 10, "Inner Unique": true, "Plans": [{"Node Type": "Nested Loop", "Parent Relationship": "Outer", "Join Type": "Inner", "Startup Cost": 0.0, "Total Cost": 105030.03, "Plan Rows": 5, "Plan Width": 67, "Actual Min Startup Time": 283.152, "Actual Max Startup Time": 283.152, "Actual Min Total Time": 288.453, "Actual Max Total Time": 288.453, "Actual Total Rows": 33, "Inner Unique": false, "Join Filter": "(mi.info_type_id = it1.id)", "Rows Removed by Join Filter": 4926, "Plans": [{"Node Type": "Index Scan", "Parent Relationship": "Outer", "Scan Direction": "Forward", "Index Name": "info_type_pkey", "Relation Name": "info_type", "Alias": "it1", "Startup Cost": 0.0, "Total Cost": 14.21, "Plan Rows": 1, "Plan Width": 4, "Actual Min Startup Time": 0.109, "Actual Max Startup Time": 0.109, "Actual Min Total Time": 0.116, "Actual Max Total Time": 0.116, "Actual Total Rows": 1, "Filter": "((info)::text = 'budget'::text)", "Rows Removed by Filter": 111}, {"Node Type": "Nested Loop", "Parent Relationship": "Inner", "Join Type": "Inner", "Startup Cost": 0.0, "Total Cost": 105001.79, "Plan Rows": 1122, "Plan Width": 71, "Actual Min Startup Time": 282.882, "Actual Max Startup Time": 282.882, "Actual Min Total Time": 287.361, "Actual Max Total Time": 287.361, "Actual Total Rows": 4959, "Inner Unique": false, "Join Filter": "(t.id = mi.movie_id)", "Rows Removed by Join Filter": 0, "Plans": [{"Node Type": "Nested Loop", "Parent Relationship": "Outer", "Join Type": "Inner", "Startup Cost": 0.0, "Total Cost": 104849.13, "Plan Rows": 210, "Plan Width": 37, "Actual Min Startup Time": 282.848, "Actual Max Startup Time": 282.848, "Actual Min Total Time": 283.245, "Actual Max Total Time": 283.245, "Actual Total Rows": 33, "Inner Unique": false, "Join Filter": "(t.id = mc.movie_id)", "Rows Removed by Join Filter": 0, "Plans": [{"Node Type": "Nested Loop", "Parent Relationship": "Outer", "Join Type": "Inner", "Startup Cost": 0.0, "Total Cost": 104728.36, "Plan Rows": 311, "Plan Width": 25, "Actual Min Startup Time": 282.824, "Actual Max Startup Time": 282.824, "Actual Min Total Time": 283.177, "Actual Max Total Time": 283.177, "Actual Total Rows": 2, "Inner Unique": false, "Join Filter": "(mi_idx.info_type_id = it2.id)", "Rows Removed by Join Filter": 2643, "Plans": [{"Node Type": "Index Scan", "Parent Relationship": "Outer", "Scan Direction": "Forward", "Index Name": "info_type_pkey", "Relation Name": "info_type", "Alias": "it2", "Startup Cost": 0.0, "Total Cost": 14.21, "Plan Rows": 1, "Plan Width": 4, "Actual Min Startup Time": 0.08, "Actual Max Startup Time": 0.08, "Actual Min Total Time": 0.08, "Actual Max Total Time": 0.08, "Actual Total Rows": 1, "Filter": "((info)::text = 'bottom 10 rank'::text)", "Rows Removed by Filter": 111}, {"Node Type": "Materialize", "Parent Relationship": "Inner", "Startup Cost": 0.0, "Total Cost": 104710.19, "Plan Rows": 396, "Plan Width": 29, "Actual Min Startup Time": 281.979, "Actual Max Startup Time": 281.979, "Actual Min Total Time": 282.441, "Actual Max Total Time": 282.441, "Actual Total Rows": 2646, "Plans": [{"Node Type": "Nested Loop", "Parent Relationship": "Outer", "Join Type": "Inner", "Startup Cost": 0.0, "Total Cost": 104709.2, "Plan Rows": 396, "Plan Width": 29, "Actual Min Startup Time": 81.307, "Actual Max Startup Time": 81.307, "Actual Min Total Time": 280.904, "Actual Max Total Time": 280.904, "Actual Total Rows": 2645, "Inner Unique": false, "Plans": [{"Node Type": "Streaming(type: LOCAL GATHER dop: 1/16)", "Parent Relationship": "Outer", "Startup Cost": 0.0, "Total Cost": 102608.29, "Plan Rows": 258, "Plan Width": 21, "Actual Min Startup Time": 81.253, "Actual Max Startup Time": 81.253, "Actual Min Total Time": 268.275, "Actual Max Total Time": 268.275, "Actual Total Rows": 2536, "Plans": [{"Node Type": "Index Scan", "Parent Relationship": "Outer", "Scan Direction": "Forward", "Index Name": "title_pkey", "Relation Name": "title", "Alias": "t", "Startup Cost": 0.0, "Total Cost": 102602.72, "Plan Rows": 258, "Plan Width": 21, "Actual Min Startup Time": 9.904, "Actual Max Startup Time": 25.069, "Actual Min Total Time": 238.632, "Actual Max Total Time": 275.078, "Actual Total Rows": 2536, "Filter": "((production_year > 2000) AND (((title)::text ~~ 'Birdemic%'::text) OR ((title)::text ~~ '%Movie%'::text)))", "Rows Removed by Filter": 2525775}]}, {"Node Type": "Index Scan", "Parent Relationship": "Inner", "Scan Direction": "Forward", "Index Name": "movie_id_movie_info_idx", "Relation Name": "movie_info_idx", "Alias": "mi_idx", "Startup Cost": 0.0, "Total Cost": 8.12, "Plan Rows": 2, "Plan Width": 8, "Actual Min Startup Time": 9.535, "Actual Max Startup Time": 9.535, "Actual Min Total Time": 10.518, "Actual Max Total Time": 10.518, "Actual Total Rows": 2645, "Index Cond": "(movie_id = t.id)", "Rows Removed by Index Recheck": 0}]}]}]}, {"Node Type": "Index Scan", "Parent Relationship": "Inner", "Scan Direction": "Forward", "Index Name": "movie_id_movie_companies", "Relation Name": "movie_companies", "Alias": "mc", "Startup Cost": 0.0, "Total Cost": 0.36, "Plan Rows": 2, "Plan Width": 12, "Actual Min Startup Time": 0.027, "Actual Max Startup Time": 0.027, "Actual Min Total Time": 0.048, "Actual Max Total Time": 0.048, "Actual Total Rows": 33, "Index Cond": "(movie_id = mi_idx.movie_id)", "Rows Removed by Index Recheck": 0}]}, {"Node Type": "Index Scan", "Parent Relationship": "Inner", "Scan Direction": "Forward", "Index Name": "movie_id_movie_info", "Relation Name": "movie_info", "Alias": "mi", "Startup Cost": 0.0, "Total Cost": 0.66, "Plan Rows": 5, "Plan Width": 50, "Actual Min Startup Time": 0.503, "Actual Max Startup Time": 0.503, "Actual Min Total Time": 2.531, "Actual Max Total Time": 2.531, "Actual Total Rows": 4959, "Index Cond": "(movie_id = mc.movie_id)", "Rows Removed by Index Recheck": 0}]}]}, {"Node Type": "Index Scan", "Parent Relationship": "Inner", "Scan Direction": "Forward", "Index Name": "company_name_pkey", "Relation Name": "company_name", "Alias": "cn", "Startup Cost": 0.0, "Total Cost": 0.28, "Plan Rows": 1, "Plan Width": 4, "Actual Min Startup Time": 0.191, "Actual Max Startup Time": 0.191, "Actual Min Total Time": 0.191, "Actual Max Total Time": 0.191, "Actual Total Rows": 10, "Index Cond": "(id = mc.company_id)", "Rows Removed by Index Recheck": 0, "Filter": "((country_code)::text = '[us]'::text)", "Rows Removed by Filter": 23}]}, {"Node Type": "Index Scan", "Parent Relationship": "Inner", "Scan Direction": "Forward", "Index Name": "company_type_pkey", "Relation Name": "company_type", "Alias": "ct", "Startup Cost": 0.0, "Total Cost": 0.28, "Plan Rows": 1, "Plan Width": 4, "Actual Min Startup Time": 0.024, "Actual Max Startup Time": 0.024, "Actual Min Total Time": 0.024, "Actual Max Total Time": 0.024, "Actual Total Rows": 5, "Index Cond": "(id = mc.company_type_id)", "Rows Removed by Index Recheck": 0, "Filter": "((kind IS NOT NULL) AND (((kind)::text = 'production companies'::text) OR ((kind)::text = 'distributors'::text)))", "Rows Removed by Filter": 0}]}]}, "Triggers": [], "Planner Runtime": 65.028, "Total Runtime": 291.894, "Unique SQL Id": 1682224415}}, "(16, 22)": {"explain_plan": {"Plan": {"Node Type": "Aggregate", "Strategy": "Plain", "Startup Cost": 24591.45, "Total Cost": 24591.46, "Plan Rows": 1, "Plan Width": 123, "Plans": [{"Node Type": "Nested Loop", "Parent Relationship": "Outer", "Join Type": "Inner", "Startup Cost": 5.15, "Total Cost": 24591.43, "Plan Rows": 4, "Plan Width": 59, "Inner Unique": true, "Plans": [{"Node Type": "Nested Loop", "Parent Relationship": "Outer", "Join Type": "Inner", "Startup Cost": 4.89, "Total Cost": 24561.45, "Plan Rows": 7, "Plan Width": 63, "Inner Unique": true, "Join Filter": "(mc.company_type_id = ct.id)", "Plans": [{"Node Type": "Nested Loop", "Parent Relationship": "Outer", "Join Type": "Inner", "Startup Cost": 4.89, "Total Cost": 24558.87, "Plan Rows": 51, "Plan Width": 67, "Inner Unique": false, "Join Filter": "(t.id = mc.movie_id)", "Plans": [{"Node Type": "Nested Loop", "Parent Relationship": "Outer", "Join Type": "Inner", "Startup Cost": 4.63, "Total Cost": 24524.32, "Plan Rows": 8, "Plan Width": 71, "Inner Unique": false, "Join Filter": "(mi.info_type_id = it1.id)", "Plans": [{"Node Type": "Seq Scan", "Parent Relationship": "Outer", "Relation Name": "info_type", "Alias": "it1", "Startup Cost": 0.0, "Total Cost": 2.4, "Plan Rows": 1, "Plan Width": 4, "Filter": "((info)::text = 'budget'::text)"}, {"Node Type": "Nested Loop", "Parent Relationship": "Inner", "Join Type": "Inner", "Startup Cost": 4.63, "Total Cost": 24501.18, "Plan Rows": 1659, "Plan Width": 75, "Inner Unique": false, "Join Filter": "(t.id = mi.movie_id)", "Plans": [{"Node Type": "Nested Loop", "Parent Relationship": "Outer", "Join Type": "Inner", "Startup Cost": 4.17, "Total Cost": 23077.28, "Plan Rows": 311, "Plan Width": 25, "Inner Unique": false, "Join Filter": "(mi_idx.info_type_id = it2.id)", "Plans": [{"Node Type": "Seq Scan", "Parent Relationship": "Outer", "Relation Name": "info_type", "Alias": "it2", "Startup Cost": 0.0, "Total Cost": 2.4, "Plan Rows": 1, "Plan Width": 4, "Filter": "((info)::text = 'bottom 10 rank'::text)"}, {"Node Type": "Materialize", "Parent Relationship": "Inner", "Startup Cost": 4.17, "Total Cost": 23070.92, "Plan Rows": 396, "Plan Width": 29, "Plans": [{"Node Type": "Nested Loop", "Parent Relationship": "Outer", "Join Type": "Inner", "Startup Cost": 4.17, "Total Cost": 23069.93, "Plan Rows": 396, "Plan Width": 29, "Inner Unique": false, "Plans": [{"Node Type": "Streaming(type: LOCAL GATHER dop: 1/16)", "Parent Relationship": "Outer", "Startup Cost": 0.0, "Total Cost": 19945.03, "Plan Rows": 258, "Plan Width": 21, "Plans": [{"Node Type": "Seq Scan", "Parent Relationship": "Outer", "Relation Name": "title", "Alias": "t", "Startup Cost": 0.0, "Total Cost": 19939.47, "Plan Rows": 258, "Plan Width": 21, "Filter": "((production_year > 2000) AND (((title)::text ~~ 'Birdemic%'::text) OR ((title)::text ~~ '%Movie%'::text)))"}]}, {"Node Type": "Bitmap Heap Scan", "Parent Relationship": "Inner", "Relation Name": "movie_info_idx", "Alias": "mi_idx", "Startup Cost": 4.17, "Total Cost": 12.09, "Plan Rows": 2, "Plan Width": 8, "Recheck Cond": "(movie_id = t.id)", "Plans": [{"Node Type": "Bitmap Index Scan", "Parent Relationship": "Outer", "Index Name": "movie_id_movie_info_idx", "Startup Cost": 0.0, "Total Cost": 4.17, "Plan Rows": 2, "Plan Width": 0, "Index Cond": "(movie_id = t.id)"}]}]}]}]}, {"Node Type": "Bitmap Heap Scan", "Parent Relationship": "Inner", "Relation Name": "movie_info", "Alias": "mi", "Startup Cost": 0.45, "Total Cost": 4.52, "Plan Rows": 5, "Plan Width": 50, "Recheck Cond": "(movie_id = mi_idx.movie_id)", "Plans": [{"Node Type": "Bitmap Index Scan", "Parent Relationship": "Outer", "Index Name": "movie_id_movie_info", "Startup Cost": 0.0, "Total Cost": 0.45, "Plan Rows": 5, "Plan Width": 0, "Index Cond": "(movie_id = mi_idx.movie_id)"}]}]}]}, {"Node Type": "Bitmap Heap Scan", "Parent Relationship": "Inner", "Relation Name": "movie_companies", "Alias": "mc", "Startup Cost": 0.27, "Total Cost": 4.29, "Plan Rows": 2, "Plan Width": 12, "Recheck Cond": "(movie_id = mi.movie_id)", "Plans": [{"Node Type": "Bitmap Index Scan", "Parent Relationship": "Outer", "Index Name": "movie_id_movie_companies", "Startup Cost": 0.0, "Total Cost": 0.27, "Plan Rows": 2, "Plan Width": 0, "Index Cond": "(movie_id = mi.movie_id)"}]}]}, {"Node Type": "Materialize", "Parent Relationship": "Inner", "Startup Cost": 0.0, "Total Cost": 1.05, "Plan Rows": 2, "Plan Width": 4, "Plans": [{"Node Type": "Seq Scan", "Parent Relationship": "Outer", "Relation Name": "company_type", "Alias": "ct", "Startup Cost": 0.0, "Total Cost": 1.04, "Plan Rows": 2, "Plan Width": 4, "Filter": "((kind IS NOT NULL) AND (((kind)::text = 'production companies'::text) OR ((kind)::text = 'distributors'::text)))"}]}]}, {"Node Type": "Bitmap Heap Scan", "Parent Relationship": "Inner", "Relation Name": "company_name", "Alias": "cn", "Startup Cost": 0.26, "Total Cost": 4.27, "Plan Rows": 1, "Plan Width": 4, "Recheck Cond": "(id = mc.company_id)", "Filter": "((country_code)::text = '[us]'::text)", "Plans": [{"Node Type": "Bitmap Index Scan", "Parent Relationship": "Outer", "Index Name": "company_name_pkey", "Startup Cost": 0.0, "Total Cost": 0.26, "Plan Rows": 1, "Plan Width": 0, "Index Cond": "(id = mc.company_id)"}]}]}]}, "Unique SQL Id": 1682224415}, "explain_analyze_plan": {"Plan": {"Node Type": "Aggregate", "Strategy": "Plain", "Startup Cost": 24591.45, "Total Cost": 24591.46, "Plan Rows": 1, "Plan Width": 123, "Actual Min Startup Time": 105.686, "Actual Max Startup Time": 105.686, "Actual Min Total Time": 105.687, "Actual Max Total Time": 105.687, "Actual Total Rows": 1, "Plans": [{"Node Type": "Nested Loop", "Parent Relationship": "Outer", "Join Type": "Inner", "Startup Cost": 5.15, "Total Cost": 24591.43, "Plan Rows": 4, "Plan Width": 59, "Actual Min Startup Time": 104.606, "Actual Max Startup Time": 104.606, "Actual Min Total Time": 105.657, "Actual Max Total Time": 105.657, "Actual Total Rows": 5, "Inner Unique": true, "Plans": [{"Node Type": "Nested Loop", "Parent Relationship": "Outer", "Join Type": "Inner", "Startup Cost": 4.89, "Total Cost": 24561.45, "Plan Rows": 7, "Plan Width": 63, "Actual Min Startup Time": 104.585, "Actual Max Startup Time": 104.585, "Actual Min Total Time": 105.597, "Actual Max Total Time": 105.597, "Actual Total Rows": 5, "Inner Unique": true, "Join Filter": "(mc.company_type_id = ct.id)", "Rows Removed by Join Filter": 28, "Plans": [{"Node Type": "Nested Loop", "Parent Relationship": "Outer", "Join Type": "Inner", "Startup Cost": 4.89, "Total Cost": 24558.87, "Plan Rows": 51, "Plan Width": 67, "Actual Min Startup Time": 104.529, "Actual Max Startup Time": 104.529, "Actual Min Total Time": 105.549, "Actual Max Total Time": 105.549, "Actual Total Rows": 33, "Inner Unique": false, "Join Filter": "(t.id = mc.movie_id)", "Rows Removed by Join Filter": 0, "Plans": [{"Node Type": "Nested Loop", "Parent Relationship": "Outer", "Join Type": "Inner", "Startup Cost": 4.63, "Total Cost": 24524.32, "Plan Rows": 8, "Plan Width": 71, "Actual Min Startup Time": 104.481, "Actual Max Startup Time": 104.481, "Actual Min Total Time": 105.464, "Actual Max Total Time": 105.464, "Actual Total Rows": 2, "Inner Unique": false, "Join Filter": "(mi.info_type_id = it1.id)", "Rows Removed by Join Filter": 219, "Plans": [{"Node Type": "Seq Scan", "Parent Relationship": "Outer", "Relation Name": "info_type", "Alias": "it1", "Startup Cost": 0.0, "Total Cost": 2.4, "Plan Rows": 1, "Plan Width": 4, "Actual Min Startup Time": 0.084, "Actual Max Startup Time": 0.084, "Actual Min Total Time": 0.09, "Actual Max Total Time": 0.09, "Actual Total Rows": 1, "Filter": "((info)::text = 'budget'::text)", "Rows Removed by Filter": 111}, {"Node Type": "Nested Loop", "Parent Relationship": "Inner", "Join Type": "Inner", "Startup Cost": 4.63, "Total Cost": 24501.18, "Plan Rows": 1659, "Plan Width": 75, "Actual Min Startup Time": 104.248, "Actual Max Startup Time": 104.248, "Actual Min Total Time": 105.275, "Actual Max Total Time": 105.275, "Actual Total Rows": 221, "Inner Unique": false, "Join Filter": "(t.id = mi.movie_id)", "Rows Removed by Join Filter": 0, "Plans": [{"Node Type": "Nested Loop", "Parent Relationship": "Outer", "Join Type": "Inner", "Startup Cost": 4.17, "Total Cost": 23077.28, "Plan Rows": 311, "Plan Width": 25, "Actual Min Startup Time": 104.197, "Actual Max Startup Time": 104.197, "Actual Min Total Time": 104.994, "Actual Max Total Time": 104.994, "Actual Total Rows": 2, "Inner Unique": false, "Join Filter": "(mi_idx.info_type_id = it2.id)", "Rows Removed by Join Filter": 2643, "Plans": [{"Node Type": "Seq Scan", "Parent Relationship": "Outer", "Relation Name": "info_type", "Alias": "it2", "Startup Cost": 0.0, "Total Cost": 2.4, "Plan Rows": 1, "Plan Width": 4, "Actual Min Startup Time": 0.084, "Actual Max Startup Time": 0.084, "Actual Min Total Time": 0.087, "Actual Max Total Time": 0.087, "Actual Total Rows": 1, "Filter": "((info)::text = 'bottom 10 rank'::text)", "Rows Removed by Filter": 111}, {"Node Type": "Materialize", "Parent Relationship": "Inner", "Startup Cost": 4.17, "Total Cost": 23070.92, "Plan Rows": 396, "Plan Width": 29, "Actual Min Startup Time": 104.023, "Actual Max Startup Time": 104.023, "Actual Min Total Time": 104.297, "Actual Max Total Time": 104.297, "Actual Total Rows": 2646, "Plans": [{"Node Type": "Nested Loop", "Parent Relationship": "Outer", "Join Type": "Inner", "Startup Cost": 4.17, "Total Cost": 23069.93, "Plan Rows": 396, "Plan Width": 29, "Actual Min Startup Time": 77.83, "Actual Max Startup Time": 77.83, "Actual Min Total Time": 103.225, "Actual Max Total Time": 103.225, "Actual Total Rows": 2645, "Inner Unique": false, "Plans": [{"Node Type": "Streaming(type: LOCAL GATHER dop: 1/16)", "Parent Relationship": "Outer", "Startup Cost": 0.0, "Total Cost": 19945.03, "Plan Rows": 258, "Plan Width": 21, "Actual Min Startup Time": 77.729, "Actual Max Startup Time": 77.729, "Actual Min Total Time": 88.139, "Actual Max Total Time": 88.139, "Actual Total Rows": 2536, "Plans": [{"Node Type": "Seq Scan", "Parent Relationship": "Outer", "Relation Name": "title", "Alias": "t", "Startup Cost": 0.0, "Total Cost": 19939.47, "Plan Rows": 258, "Plan Width": 21, "Actual Min Startup Time": 0.052, "Actual Max Startup Time": 5.369, "Actual Min Total Time": 79.994, "Actual Max Total Time": 84.25, "Actual Total Rows": 2536, "Filter": "((production_year > 2000) AND (((title)::text ~~ 'Birdemic%'::text) OR ((title)::text ~~ '%Movie%'::text)))", "Rows Removed by Filter": 2525775}]}, {"Node Type": "Bitmap Heap Scan", "Parent Relationship": "Inner", "Relation Name": "movie_info_idx", "Alias": "mi_idx", "Startup Cost": 4.17, "Total Cost": 12.09, "Plan Rows": 2, "Plan Width": 8, "Actual Min Startup Time": 11.349, "Actual Max Startup Time": 11.349, "Actual Min Total Time": 11.72, "Actual Max Total Time": 11.72, "Actual Total Rows": 2645, "Recheck Cond": "(movie_id = t.id)", "Rows Removed by Index Recheck": 0, "Exact Heap Blocks": 890, "Lossy Heap Blocks": 890, "Plans": [{"Node Type": "Bitmap Index Scan", "Parent Relationship": "Outer", "Index Name": "movie_id_movie_info_idx", "Startup Cost": 0.0, "Total Cost": 4.17, "Plan Rows": 2, "Plan Width": 0, "Actual Min Startup Time": 8.378, "Actual Max Startup Time": 8.378, "Actual Min Total Time": 8.378, "Actual Max Total Time": 8.378, "Actual Total Rows": 2645, "Index Cond": "(movie_id = t.id)"}]}]}]}]}, {"Node Type": "Bitmap Heap Scan", "Parent Relationship": "Inner", "Relation Name": "movie_info", "Alias": "mi", "Startup Cost": 0.45, "Total Cost": 4.52, "Plan Rows": 5, "Plan Width": 50, "Actual Min Startup Time": 0.064, "Actual Max Startup Time": 0.064, "Actual Min Total Time": 0.199, "Actual Max Total Time": 0.199, "Actual Total Rows": 221, "Recheck Cond": "(movie_id = mi_idx.movie_id)", "Rows Removed by Index Recheck": 0, "Exact Heap Blocks": 40, "Lossy Heap Blocks": 40, "Plans": [{"Node Type": "Bitmap Index Scan", "Parent Relationship": "Outer", "Index Name": "movie_id_movie_info", "Startup Cost": 0.0, "Total Cost": 0.45, "Plan Rows": 5, "Plan Width": 0, "Actual Min Startup Time": 0.046, "Actual Max Startup Time": 0.046, "Actual Min Total Time": 0.046, "Actual Max Total Time": 0.046, "Actual Total Rows": 221, "Index Cond": "(movie_id = mi_idx.movie_id)"}]}]}]}, {"Node Type": "Bitmap Heap Scan", "Parent Relationship": "Inner", "Relation Name": "movie_companies", "Alias": "mc", "Startup Cost": 0.27, "Total Cost": 4.29, "Plan Rows": 2, "Plan Width": 12, "Actual Min Startup Time": 0.054, "Actual Max Startup Time": 0.054, "Actual Min Total Time": 0.063, "Actual Max Total Time": 0.063, "Actual Total Rows": 33, "Recheck Cond": "(movie_id = mi.movie_id)", "Rows Removed by Index Recheck": 0, "Exact Heap Blocks": 4, "Lossy Heap Blocks": 4, "Plans": [{"Node Type": "Bitmap Index Scan", "Parent Relationship": "Outer", "Index Name": "movie_id_movie_companies", "Startup Cost": 0.0, "Total Cost": 0.27, "Plan Rows": 2, "Plan Width": 0, "Actual Min Startup Time": 0.021, "Actual Max Startup Time": 0.021, "Actual Min Total Time": 0.021, "Actual Max Total Time": 0.021, "Actual Total Rows": 33, "Index Cond": "(movie_id = mi.movie_id)"}]}]}, {"Node Type": "Materialize", "Parent Relationship": "Inner", "Startup Cost": 0.0, "Total Cost": 1.05, "Plan Rows": 2, "Plan Width": 4, "Actual Min Startup Time": 0.022, "Actual Max Startup Time": 0.022, "Actual Min Total Time": 0.029, "Actual Max Total Time": 0.029, "Actual Total Rows": 33, "Plans": [{"Node Type": "Seq Scan", "Parent Relationship": "Outer", "Relation Name": "company_type", "Alias": "ct", "Startup Cost": 0.0, "Total Cost": 1.04, "Plan Rows": 2, "Plan Width": 4, "Actual Min Startup Time": 0.014, "Actual Max Startup Time": 0.014, "Actual Min Total Time": 0.018, "Actual Max Total Time": 0.018, "Actual Total Rows": 1, "Filter": "((kind IS NOT NULL) AND (((kind)::text = 'production companies'::text) OR ((kind)::text = 'distributors'::text)))", "Rows Removed by Filter": 2}]}]}, {"Node Type": "Bitmap Heap Scan", "Parent Relationship": "Inner", "Relation Name": "company_name", "Alias": "cn", "Startup Cost": 0.26, "Total Cost": 4.27, "Plan Rows": 1, "Plan Width": 4, "Actual Min Startup Time": 0.048, "Actual Max Startup Time": 0.048, "Actual Min Total Time": 0.048, "Actual Max Total Time": 0.048, "Actual Total Rows": 5, "Recheck Cond": "(id = mc.company_id)", "Rows Removed by Index Recheck": 0, "Filter": "((country_code)::text = '[us]'::text)", "Rows Removed by Filter": 0, "Exact Heap Blocks": 5, "Lossy Heap Blocks": 5, "Plans": [{"Node Type": "Bitmap Index Scan", "Parent Relationship": "Outer", "Index Name": "company_name_pkey", "Startup Cost": 0.0, "Total Cost": 0.26, "Plan Rows": 1, "Plan Width": 0, "Actual Min Startup Time": 0.027, "Actual Max Startup Time": 0.027, "Actual Min Total Time": 0.027, "Actual Max Total Time": 0.027, "Actual Total Rows": 5, "Index Cond": "(id = mc.company_id)"}]}]}]}, "Triggers": [], "Planner Runtime": 70.388, "Total Runtime": 108.56, "Unique SQL Id": 1682224415}}, "(16, 23)": {"explain_plan": {"Plan": {"Node Type": "Aggregate", "Strategy": "Plain", "Startup Cost": 134877.62, "Total Cost": 134877.63, "Plan Rows": 1, "Plan Width": 123, "Plans": [{"Node Type": "Nested Loop", "Parent Relationship": "Outer", "Join Type": "Inner", "Startup Cost": 49668.32, "Total Cost": 134877.6, "Plan Rows": 4, "Plan Width": 59, "Inner Unique": true, "Plans": [{"Node Type": "Nested Loop", "Parent Relationship": "Outer", "Join Type": "Inner", "Startup Cost": 49668.06, "Total Cost": 134847.62, "Plan Rows": 7, "Plan Width": 63, "Inner Unique": true, "Plans": [{"Node Type": "Nested Loop", "Parent Relationship": "Outer", "Join Type": "Inner", "Startup Cost": 49667.8, "Total Cost": 134796.19, "Plan Rows": 12, "Plan Width": 67, "Inner Unique": true, "Plans": [{"Node Type": "Nested Loop", "Parent Relationship": "Outer", "Join Type": "Inner", "Startup Cost": 49667.54, "Total Cost": 134517.81, "Plan Rows": 65, "Plan Width": 71, "Inner Unique": false, "Join Filter": "(t.id = mi_idx.movie_id)", "Plans": [{"Node Type": "Nested Loop", "Parent Relationship": "Outer", "Join Type": "Inner", "Startup Cost": 49667.27, "Total Cost": 134336.51, "Plan Rows": 42, "Plan Width": 79, "Inner Unique": false, "Join Filter": "(mi.info_type_id = it1.id)", "Plans": [{"Node Type": "Bitmap Heap Scan", "Parent Relationship": "Outer", "Relation Name": "info_type", "Alias": "it1", "Startup Cost": 8.81, "Total Cost": 14.21, "Plan Rows": 1, "Plan Width": 4, "Filter": "((info)::text = 'budget'::text)", "Plans": [{"Node Type": "Bitmap Index Scan", "Parent Relationship": "Outer", "Index Name": "info_type_pkey", "Startup Cost": 0.0, "Total Cost": 8.81, "Plan Rows": 112, "Plan Width": 0}]}, {"Node Type": "Nested Loop", "Parent Relationship": "Inner", "Join Type": "Inner", "Startup Cost": 49658.46, "Total Cost": 134284.94, "Plan Rows": 2989, "Plan Width": 83, "Inner Unique": false, "Join Filter": "(t.id = mi.movie_id)", "Plans": [{"Node Type": "Nested Loop", "Parent Relationship": "Outer", "Join Type": "Inner", "Startup Cost": 49658.09, "Total Cost": 131831.96, "Plan Rows": 545, "Plan Width": 33, "Inner Unique": false, "Plans": [{"Node Type": "Bitmap Heap Scan", "Parent Relationship": "Outer", "Relation Name": "title", "Alias": "t", "Startup Cost": 49653.87, "Total Cost": 128685.31, "Plan Rows": 258, "Plan Width": 21, "Filter": "((production_year > 2000) AND (((title)::text ~~ 'Birdemic%'::text) OR ((title)::text ~~ '%Movie%'::text)))", "Plans": [{"Node Type": "Bitmap Index Scan", "Parent Relationship": "Outer", "Index Name": "title_pkey", "Startup Cost": 0.0, "Total Cost": 49653.81, "Plan Rows": 2528311, "Plan Width": 0}]}, {"Node Type": "Bitmap Heap Scan", "Parent Relationship": "Inner", "Relation Name": "movie_companies", "Alias": "mc", "Startup Cost": 4.22, "Total Cost": 12.18, "Plan Rows": 2, "Plan Width": 12, "Recheck Cond": "(movie_id = t.id)", "Plans": [{"Node Type": "Bitmap Index Scan", "Parent Relationship": "Outer", "Index Name": "movie_id_movie_companies", "Startup Cost": 0.0, "Total Cost": 4.22, "Plan Rows": 2, "Plan Width": 0, "Index Cond": "(movie_id = t.id)"}]}]}, {"Node Type": "Bitmap Heap Scan", "Parent Relationship": "Inner", "Relation Name": "movie_info", "Alias": "mi", "Startup Cost": 0.38, "Total Cost": 4.44, "Plan Rows": 5, "Plan Width": 50, "Recheck Cond": "(movie_id = mc.movie_id)", "Plans": [{"Node Type": "Bitmap Index Scan", "Parent Relationship": "Outer", "Index Name": "movie_id_movie_info", "Startup Cost": 0.0, "Total Cost": 0.37, "Plan Rows": 5, "Plan Width": 0, "Index Cond": "(movie_id = mc.movie_id)"}]}]}]}, {"Node Type": "Bitmap Heap Scan", "Parent Relationship": "Inner", "Relation Name": "movie_info_idx", "Alias": "mi_idx", "Startup Cost": 0.27, "Total Cost": 4.29, "Plan Rows": 2, "Plan Width": 8, "Recheck Cond": "(movie_id = mi.movie_id)", "Plans": [{"Node Type": "Bitmap Index Scan", "Parent Relationship": "Outer", "Index Name": "movie_id_movie_info_idx", "Startup Cost": 0.0, "Total Cost": 0.27, "Plan Rows": 2, "Plan Width": 0, "Index Cond": "(movie_id = mi.movie_id)"}]}]}, {"Node Type": "Bitmap Heap Scan", "Parent Relationship": "Inner", "Relation Name": "info_type", "Alias": "it2", "Startup Cost": 0.26, "Total Cost": 4.27, "Plan Rows": 1, "Plan Width": 4, "Recheck Cond": "(id = mi_idx.info_type_id)", "Filter": "((info)::text = 'bottom 10 rank'::text)", "Plans": [{"Node Type": "Bitmap Index Scan", "Parent Relationship": "Outer", "Index Name": "info_type_pkey", "Startup Cost": 0.0, "Total Cost": 0.26, "Plan Rows": 1, "Plan Width": 0, "Index Cond": "(id = mi_idx.info_type_id)"}]}]}, {"Node Type": "Bitmap Heap Scan", "Parent Relationship": "Inner", "Relation Name": "company_type", "Alias": "ct", "Startup Cost": 0.26, "Total Cost": 4.28, "Plan Rows": 1, "Plan Width": 4, "Recheck Cond": "(id = mc.company_type_id)", "Filter": "((kind IS NOT NULL) AND (((kind)::text = 'production companies'::text) OR ((kind)::text = 'distributors'::text)))", "Plans": [{"Node Type": "Bitmap Index Scan", "Parent Relationship": "Outer", "Index Name": "company_type_pkey", "Startup Cost": 0.0, "Total Cost": 0.26, "Plan Rows": 1, "Plan Width": 0, "Index Cond": "(id = mc.company_type_id)"}]}]}, {"Node Type": "Bitmap Heap Scan", "Parent Relationship": "Inner", "Relation Name": "company_name", "Alias": "cn", "Startup Cost": 0.26, "Total Cost": 4.27, "Plan Rows": 1, "Plan Width": 4, "Recheck Cond": "(id = mc.company_id)", "Filter": "((country_code)::text = '[us]'::text)", "Plans": [{"Node Type": "Bitmap Index Scan", "Parent Relationship": "Outer", "Index Name": "company_name_pkey", "Startup Cost": 0.0, "Total Cost": 0.26, "Plan Rows": 1, "Plan Width": 0, "Index Cond": "(id = mc.company_id)"}]}]}]}, "Unique SQL Id": 1682224415}, "explain_analyze_plan": null}, "(16, 24)": {"explain_plan": {"Plan": {"Node Type": "Aggregate", "Strategy": "Plain", "Startup Cost": 22346.6, "Total Cost": 22346.61, "Plan Rows": 1, "Plan Width": 123, "Plans": [{"Node Type": "Nested Loop", "Parent Relationship": "Outer", "Join Type": "Inner", "Startup Cost": 0.0, "Total Cost": 22346.58, "Plan Rows": 4, "Plan Width": 59, "Inner Unique": true, "Plans": [{"Node Type": "Nested Loop", "Parent Relationship": "Outer", "Join Type": "Inner", "Startup Cost": 0.0, "Total Cost": 22344.56, "Plan Rows": 7, "Plan Width": 63, "Inner Unique": true, "Join Filter": "(mc.company_type_id = ct.id)", "Plans": [{"Node Type": "Nested Loop", "Parent Relationship": "Outer", "Join Type": "Inner", "Startup Cost": 0.0, "Total Cost": 22343.15, "Plan Rows": 12, "Plan Width": 67, "Inner Unique": false, "Join Filter": "(mi.info_type_id = it1.id)", "Plans": [{"Node Type": "Seq Scan", "Parent Relationship": "Outer", "Relation Name": "info_type", "Alias": "it1", "Startup Cost": 0.0, "Total Cost": 2.4, "Plan Rows": 1, "Plan Width": 4, "Filter": "((info)::text = 'budget'::text)"}, {"Node Type": "Nested Loop", "Parent Relationship": "Inner", "Join Type": "Inner", "Startup Cost": 0.0, "Total Cost": 22326.73, "Plan Rows": 1122, "Plan Width": 71, "Inner Unique": false, "Join Filter": "(t.id = mi.movie_id)", "Plans": [{"Node Type": "Nested Loop", "Parent Relationship": "Outer", "Join Type": "Inner", "Startup Cost": 0.0, "Total Cost": 22174.07, "Plan Rows": 210, "Plan Width": 37, "Inner Unique": false, "Join Filter": "(t.id = mc.movie_id)", "Plans": [{"Node Type": "Nested Loop", "Parent Relationship": "Outer", "Join Type": "Inner", "Startup Cost": 0.0, "Total Cost": 22053.3, "Plan Rows": 311, "Plan Width": 25, "Inner Unique": false, "Join Filter": "(mi_idx.info_type_id = it2.id)", "Plans": [{"Node Type": "Seq Scan", "Parent Relationship": "Outer", "Relation Name": "info_type", "Alias": "it2", "Startup Cost": 0.0, "Total Cost": 2.4, "Plan Rows": 1, "Plan Width": 4, "Filter": "((info)::text = 'bottom 10 rank'::text)"}, {"Node Type": "Materialize", "Parent Relationship": "Inner", "Startup Cost": 0.0, "Total Cost": 22046.94, "Plan Rows": 396, "Plan Width": 29, "Plans": [{"Node Type": "Nested Loop", "Parent Relationship": "Outer", "Join Type": "Inner", "Startup Cost": 0.0, "Total Cost": 22045.95, "Plan Rows": 396, "Plan Width": 29, "Inner Unique": false, "Plans": [{"Node Type": "Streaming(type: LOCAL GATHER dop: 1/16)", "Parent Relationship": "Outer", "Startup Cost": 0.0, "Total Cost": 19945.03, "Plan Rows": 258, "Plan Width": 21, "Plans": [{"Node Type": "Seq Scan", "Parent Relationship": "Outer", "Relation Name": "title", "Alias": "t", "Startup Cost": 0.0, "Total Cost": 19939.47, "Plan Rows": 258, "Plan Width": 21, "Filter": "((production_year > 2000) AND (((title)::text ~~ 'Birdemic%'::text) OR ((title)::text ~~ '%Movie%'::text)))"}]}, {"Node Type": "Index Scan", "Parent Relationship": "Inner", "Scan Direction": "Forward", "Index Name": "movie_id_movie_info_idx", "Relation Name": "movie_info_idx", "Alias": "mi_idx", "Startup Cost": 0.0, "Total Cost": 8.12, "Plan Rows": 2, "Plan Width": 8, "Index Cond": "(movie_id = t.id)"}]}]}]}, {"Node Type": "Index Scan", "Parent Relationship": "Inner", "Scan Direction": "Forward", "Index Name": "movie_id_movie_companies", "Relation Name": "movie_companies", "Alias": "mc", "Startup Cost": 0.0, "Total Cost": 0.36, "Plan Rows": 2, "Plan Width": 12, "Index Cond": "(movie_id = mi_idx.movie_id)"}]}, {"Node Type": "Index Scan", "Parent Relationship": "Inner", "Scan Direction": "Forward", "Index Name": "movie_id_movie_info", "Relation Name": "movie_info", "Alias": "mi", "Startup Cost": 0.0, "Total Cost": 0.66, "Plan Rows": 5, "Plan Width": 50, "Index Cond": "(movie_id = mc.movie_id)"}]}]}, {"Node Type": "Materialize", "Parent Relationship": "Inner", "Startup Cost": 0.0, "Total Cost": 1.05, "Plan Rows": 2, "Plan Width": 4, "Plans": [{"Node Type": "Seq Scan", "Parent Relationship": "Outer", "Relation Name": "company_type", "Alias": "ct", "Startup Cost": 0.0, "Total Cost": 1.04, "Plan Rows": 2, "Plan Width": 4, "Filter": "((kind IS NOT NULL) AND (((kind)::text = 'production companies'::text) OR ((kind)::text = 'distributors'::text)))"}]}]}, {"Node Type": "Index Scan", "Parent Relationship": "Inner", "Scan Direction": "Forward", "Index Name": "company_name_pkey", "Relation Name": "company_name", "Alias": "cn", "Startup Cost": 0.0, "Total Cost": 0.28, "Plan Rows": 1, "Plan Width": 4, "Index Cond": "(id = mc.company_id)", "Filter": "((country_code)::text = '[us]'::text)"}]}]}, "Unique SQL Id": 1682224415}, "explain_analyze_plan": {"Plan": {"Node Type": "Aggregate", "Strategy": "Plain", "Startup Cost": 22346.6, "Total Cost": 22346.61, "Plan Rows": 1, "Plan Width": 123, "Actual Min Startup Time": 108.547, "Actual Max Startup Time": 108.547, "Actual Min Total Time": 108.548, "Actual Max Total Time": 108.548, "Actual Total Rows": 1, "Plans": [{"Node Type": "Nested Loop", "Parent Relationship": "Outer", "Join Type": "Inner", "Startup Cost": 0.0, "Total Cost": 22346.58, "Plan Rows": 4, "Plan Width": 59, "Actual Min Startup Time": 106.851, "Actual Max Startup Time": 106.851, "Actual Min Total Time": 108.509, "Actual Max Total Time": 108.509, "Actual Total Rows": 5, "Inner Unique": true, "Plans": [{"Node Type": "Nested Loop", "Parent Relationship": "Outer", "Join Type": "Inner", "Startup Cost": 0.0, "Total Cost": 22344.56, "Plan Rows": 7, "Plan Width": 63, "Actual Min Startup Time": 106.834, "Actual Max Startup Time": 106.834, "Actual Min Total Time": 108.461, "Actual Max Total Time": 108.461, "Actual Total Rows": 5, "Inner Unique": true, "Join Filter": "(mc.company_type_id = ct.id)", "Rows Removed by Join Filter": 28, "Plans": [{"Node Type": "Nested Loop", "Parent Relationship": "Outer", "Join Type": "Inner", "Startup Cost": 0.0, "Total Cost": 22343.15, "Plan Rows": 12, "Plan Width": 67, "Actual Min Startup Time": 102.766, "Actual Max Startup Time": 102.766, "Actual Min Total Time": 108.406, "Actual Max Total Time": 108.406, "Actual Total Rows": 33, "Inner Unique": false, "Join Filter": "(mi.info_type_id = it1.id)", "Rows Removed by Join Filter": 4926, "Plans": [{"Node Type": "Seq Scan", "Parent Relationship": "Outer", "Relation Name": "info_type", "Alias": "it1", "Startup Cost": 0.0, "Total Cost": 2.4, "Plan Rows": 1, "Plan Width": 4, "Actual Min Startup Time": 0.083, "Actual Max Startup Time": 0.083, "Actual Min Total Time": 0.09, "Actual Max Total Time": 0.09, "Actual Total Rows": 1, "Filter": "((info)::text = 'budget'::text)", "Rows Removed by Filter": 111}, {"Node Type": "Nested Loop", "Parent Relationship": "Inner", "Join Type": "Inner", "Startup Cost": 0.0, "Total Cost": 22326.73, "Plan Rows": 1122, "Plan Width": 71, "Actual Min Startup Time": 102.536, "Actual Max Startup Time": 102.536, "Actual Min Total Time": 107.342, "Actual Max Total Time": 107.342, "Actual Total Rows": 4959, "Inner Unique": false, "Join Filter": "(t.id = mi.movie_id)", "Rows Removed by Join Filter": 0, "Plans": [{"Node Type": "Nested Loop", "Parent Relationship": "Outer", "Join Type": "Inner", "Startup Cost": 0.0, "Total Cost": 22174.07, "Plan Rows": 210, "Plan Width": 37, "Actual Min Startup Time": 102.506, "Actual Max Startup Time": 102.506, "Actual Min Total Time": 103.31, "Actual Max Total Time": 103.31, "Actual Total Rows": 33, "Inner Unique": false, "Join Filter": "(t.id = mc.movie_id)", "Rows Removed by Join Filter": 0, "Plans": [{"Node Type": "Nested Loop", "Parent Relationship": "Outer", "Join Type": "Inner", "Startup Cost": 0.0, "Total Cost": 22053.3, "Plan Rows": 311, "Plan Width": 25, "Actual Min Startup Time": 102.485, "Actual Max Startup Time": 102.485, "Actual Min Total Time": 103.251, "Actual Max Total Time": 103.251, "Actual Total Rows": 2, "Inner Unique": false, "Join Filter": "(mi_idx.info_type_id = it2.id)", "Rows Removed by Join Filter": 2643, "Plans": [{"Node Type": "Seq Scan", "Parent Relationship": "Outer", "Relation Name": "info_type", "Alias": "it2", "Startup Cost": 0.0, "Total Cost": 2.4, "Plan Rows": 1, "Plan Width": 4, "Actual Min Startup Time": 0.073, "Actual Max Startup Time": 0.073, "Actual Min Total Time": 0.076, "Actual Max Total Time": 0.076, "Actual Total Rows": 1, "Filter": "((info)::text = 'bottom 10 rank'::text)", "Rows Removed by Filter": 111}, {"Node Type": "Materialize", "Parent Relationship": "Inner", "Startup Cost": 0.0, "Total Cost": 22046.94, "Plan Rows": 396, "Plan Width": 29, "Actual Min Startup Time": 102.275, "Actual Max Startup Time": 102.275, "Actual Min Total Time": 102.604, "Actual Max Total Time": 102.604, "Actual Total Rows": 2646, "Plans": [{"Node Type": "Nested Loop", "Parent Relationship": "Outer", "Join Type": "Inner", "Startup Cost": 0.0, "Total Cost": 22045.95, "Plan Rows": 396, "Plan Width": 29, "Actual Min Startup Time": 77.38, "Actual Max Startup Time": 77.38, "Actual Min Total Time": 101.416, "Actual Max Total Time": 101.416, "Actual Total Rows": 2645, "Inner Unique": false, "Plans": [{"Node Type": "Streaming(type: LOCAL GATHER dop: 1/16)", "Parent Relationship": "Outer", "Startup Cost": 0.0, "Total Cost": 19945.03, "Plan Rows": 258, "Plan Width": 21, "Actual Min Startup Time": 77.313, "Actual Max Startup Time": 77.313, "Actual Min Total Time": 89.688, "Actual Max Total Time": 89.688, "Actual Total Rows": 2536, "Plans": [{"Node Type": "Seq Scan", "Parent Relationship": "Outer", "Relation Name": "title", "Alias": "t", "Startup Cost": 0.0, "Total Cost": 19939.47, "Plan Rows": 258, "Plan Width": 21, "Actual Min Startup Time": 0.042, "Actual Max Startup Time": 5.361, "Actual Min Total Time": 79.873, "Actual Max Total Time": 84.321, "Actual Total Rows": 2536, "Filter": "((production_year > 2000) AND (((title)::text ~~ 'Birdemic%'::text) OR ((title)::text ~~ '%Movie%'::text)))", "Rows Removed by Filter": 2525775}]}, {"Node Type": "Index Scan", "Parent Relationship": "Inner", "Scan Direction": "Forward", "Index Name": "movie_id_movie_info_idx", "Relation Name": "movie_info_idx", "Alias": "mi_idx", "Startup Cost": 0.0, "Total Cost": 8.12, "Plan Rows": 2, "Plan Width": 8, "Actual Min Startup Time": 8.958, "Actual Max Startup Time": 8.958, "Actual Min Total Time": 9.904, "Actual Max Total Time": 9.904, "Actual Total Rows": 2645, "Index Cond": "(movie_id = t.id)", "Rows Removed by Index Recheck": 0}]}]}]}, {"Node Type": "Index Scan", "Parent Relationship": "Inner", "Scan Direction": "Forward", "Index Name": "movie_id_movie_companies", "Relation Name": "movie_companies", "Alias": "mc", "Startup Cost": 0.0, "Total Cost": 0.36, "Plan Rows": 2, "Plan Width": 12, "Actual Min Startup Time": 0.023, "Actual Max Startup Time": 0.023, "Actual Min Total Time": 0.04, "Actual Max Total Time": 0.04, "Actual Total Rows": 33, "Index Cond": "(movie_id = mi_idx.movie_id)", "Rows Removed by Index Recheck": 0}]}, {"Node Type": "Index Scan", "Parent Relationship": "Inner", "Scan Direction": "Forward", "Index Name": "movie_id_movie_info", "Relation Name": "movie_info", "Alias": "mi", "Startup Cost": 0.0, "Total Cost": 0.66, "Plan Rows": 5, "Plan Width": 50, "Actual Min Startup Time": 0.486, "Actual Max Startup Time": 0.486, "Actual Min Total Time": 2.424, "Actual Max Total Time": 2.424, "Actual Total Rows": 4959, "Index Cond": "(movie_id = mc.movie_id)", "Rows Removed by Index Recheck": 0}]}]}, {"Node Type": "Materialize", "Parent Relationship": "Inner", "Startup Cost": 0.0, "Total Cost": 1.05, "Plan Rows": 2, "Plan Width": 4, "Actual Min Startup Time": 0.026, "Actual Max Startup Time": 0.026, "Actual Min Total Time": 0.033, "Actual Max Total Time": 0.033, "Actual Total Rows": 33, "Plans": [{"Node Type": "Seq Scan", "Parent Relationship": "Outer", "Relation Name": "company_type", "Alias": "ct", "Startup Cost": 0.0, "Total Cost": 1.04, "Plan Rows": 2, "Plan Width": 4, "Actual Min Startup Time": 0.018, "Actual Max Startup Time": 0.018, "Actual Min Total Time": 0.022, "Actual Max Total Time": 0.022, "Actual Total Rows": 1, "Filter": "((kind IS NOT NULL) AND (((kind)::text = 'production companies'::text) OR ((kind)::text = 'distributors'::text)))", "Rows Removed by Filter": 2}]}]}, {"Node Type": "Index Scan", "Parent Relationship": "Inner", "Scan Direction": "Forward", "Index Name": "company_name_pkey", "Relation Name": "company_name", "Alias": "cn", "Startup Cost": 0.0, "Total Cost": 0.28, "Plan Rows": 1, "Plan Width": 4, "Actual Min Startup Time": 0.039, "Actual Max Startup Time": 0.039, "Actual Min Total Time": 0.039, "Actual Max Total Time": 0.039, "Actual Total Rows": 5, "Index Cond": "(id = mc.company_id)", "Rows Removed by Index Recheck": 0, "Filter": "((country_code)::text = '[us]'::text)", "Rows Removed by Filter": 0}]}]}, "Triggers": [], "Planner Runtime": 55.951, "Total Runtime": 111.353, "Unique SQL Id": 1682224415}}, "(16, 25)": {"explain_plan": {"Plan": {"Node Type": "Aggregate", "Strategy": "Plain", "Startup Cost": 105032.63, "Total Cost": 105032.64, "Plan Rows": 1, "Plan Width": 123, "Plans": [{"Node Type": "Nested Loop", "Parent Relationship": "Outer", "Join Type": "Inner", "Startup Cost": 0.0, "Total Cost": 105032.61, "Plan Rows": 4, "Plan Width": 59, "Inner Unique": true, "Plans": [{"Node Type": "Nested Loop", "Parent Relationship": "Outer", "Join Type": "Inner", "Startup Cost": 0.0, "Total Cost": 105031.47, "Plan Rows": 4, "Plan Width": 63, "Inner Unique": true, "Plans": [{"Node Type": "Nested Loop", "Parent Relationship": "Outer", "Join Type": "Inner", "Startup Cost": 0.0, "Total Cost": 105030.03, "Plan Rows": 5, "Plan Width": 67, "Inner Unique": false, "Join Filter": "(mi.info_type_id = it1.id)", "Plans": [{"Node Type": "Index Scan", "Parent Relationship": "Outer", "Scan Direction": "Forward", "Index Name": "info_type_pkey", "Relation Name": "info_type", "Alias": "it1", "Startup Cost": 0.0, "Total Cost": 14.21, "Plan Rows": 1, "Plan Width": 4, "Filter": "((info)::text = 'budget'::text)"}, {"Node Type": "Nested Loop", "Parent Relationship": "Inner", "Join Type": "Inner", "Startup Cost": 0.0, "Total Cost": 105001.79, "Plan Rows": 1122, "Plan Width": 71, "Inner Unique": false, "Join Filter": "(t.id = mi.movie_id)", "Plans": [{"Node Type": "Nested Loop", "Parent Relationship": "Outer", "Join Type": "Inner", "Startup Cost": 0.0, "Total Cost": 104849.13, "Plan Rows": 210, "Plan Width": 37, "Inner Unique": false, "Join Filter": "(t.id = mc.movie_id)", "Plans": [{"Node Type": "Nested Loop", "Parent Relationship": "Outer", "Join Type": "Inner", "Startup Cost": 0.0, "Total Cost": 104728.36, "Plan Rows": 311, "Plan Width": 25, "Inner Unique": false, "Join Filter": "(mi_idx.info_type_id = it2.id)", "Plans": [{"Node Type": "Index Scan", "Parent Relationship": "Outer", "Scan Direction": "Forward", "Index Name": "info_type_pkey", "Relation Name": "info_type", "Alias": "it2", "Startup Cost": 0.0, "Total Cost": 14.21, "Plan Rows": 1, "Plan Width": 4, "Filter": "((info)::text = 'bottom 10 rank'::text)"}, {"Node Type": "Materialize", "Parent Relationship": "Inner", "Startup Cost": 0.0, "Total Cost": 104710.19, "Plan Rows": 396, "Plan Width": 29, "Plans": [{"Node Type": "Nested Loop", "Parent Relationship": "Outer", "Join Type": "Inner", "Startup Cost": 0.0, "Total Cost": 104709.2, "Plan Rows": 396, "Plan Width": 29, "Inner Unique": false, "Plans": [{"Node Type": "Streaming(type: LOCAL GATHER dop: 1/16)", "Parent Relationship": "Outer", "Startup Cost": 0.0, "Total Cost": 102608.29, "Plan Rows": 258, "Plan Width": 21, "Plans": [{"Node Type": "Index Scan", "Parent Relationship": "Outer", "Scan Direction": "Forward", "Index Name": "title_pkey", "Relation Name": "title", "Alias": "t", "Startup Cost": 0.0, "Total Cost": 102602.72, "Plan Rows": 258, "Plan Width": 21, "Filter": "((production_year > 2000) AND (((title)::text ~~ 'Birdemic%'::text) OR ((title)::text ~~ '%Movie%'::text)))"}]}, {"Node Type": "Index Scan", "Parent Relationship": "Inner", "Scan Direction": "Forward", "Index Name": "movie_id_movie_info_idx", "Relation Name": "movie_info_idx", "Alias": "mi_idx", "Startup Cost": 0.0, "Total Cost": 8.12, "Plan Rows": 2, "Plan Width": 8, "Index Cond": "(movie_id = t.id)"}]}]}]}, {"Node Type": "Index Scan", "Parent Relationship": "Inner", "Scan Direction": "Forward", "Index Name": "movie_id_movie_companies", "Relation Name": "movie_companies", "Alias": "mc", "Startup Cost": 0.0, "Total Cost": 0.36, "Plan Rows": 2, "Plan Width": 12, "Index Cond": "(movie_id = mi_idx.movie_id)"}]}, {"Node Type": "Index Scan", "Parent Relationship": "Inner", "Scan Direction": "Forward", "Index Name": "movie_id_movie_info", "Relation Name": "movie_info", "Alias": "mi", "Startup Cost": 0.0, "Total Cost": 0.66, "Plan Rows": 5, "Plan Width": 50, "Index Cond": "(movie_id = mc.movie_id)"}]}]}, {"Node Type": "Index Scan", "Parent Relationship": "Inner", "Scan Direction": "Forward", "Index Name": "company_name_pkey", "Relation Name": "company_name", "Alias": "cn", "Startup Cost": 0.0, "Total Cost": 0.28, "Plan Rows": 1, "Plan Width": 4, "Index Cond": "(id = mc.company_id)", "Filter": "((country_code)::text = '[us]'::text)"}]}, {"Node Type": "Index Scan", "Parent Relationship": "Inner", "Scan Direction": "Forward", "Index Name": "company_type_pkey", "Relation Name": "company_type", "Alias": "ct", "Startup Cost": 0.0, "Total Cost": 0.28, "Plan Rows": 1, "Plan Width": 4, "Index Cond": "(id = mc.company_type_id)", "Filter": "((kind IS NOT NULL) AND (((kind)::text = 'production companies'::text) OR ((kind)::text = 'distributors'::text)))"}]}]}, "Unique SQL Id": 1682224415}, "explain_analyze_plan": {"Plan": {"Node Type": "Aggregate", "Strategy": "Plain", "Startup Cost": 105032.63, "Total Cost": 105032.64, "Plan Rows": 1, "Plan Width": 123, "Actual Min Startup Time": 288.744, "Actual Max Startup Time": 288.744, "Actual Min Total Time": 288.744, "Actual Max Total Time": 288.744, "Actual Total Rows": 1, "Plans": [{"Node Type": "Nested Loop", "Parent Relationship": "Outer", "Join Type": "Inner", "Startup Cost": 0.0, "Total Cost": 105032.61, "Plan Rows": 4, "Plan Width": 59, "Actual Min Startup Time": 287.379, "Actual Max Startup Time": 287.379, "Actual Min Total Time": 288.702, "Actual Max Total Time": 288.702, "Actual Total Rows": 5, "Inner Unique": true, "Plans": [{"Node Type": "Nested Loop", "Parent Relationship": "Outer", "Join Type": "Inner", "Startup Cost": 0.0, "Total Cost": 105031.47, "Plan Rows": 4, "Plan Width": 63, "Actual Min Startup Time": 284.536, "Actual Max Startup Time": 284.536, "Actual Min Total Time": 288.667, "Actual Max Total Time": 288.667, "Actual Total Rows": 10, "Inner Unique": true, "Plans": [{"Node Type": "Nested Loop", "Parent Relationship": "Outer", "Join Type": "Inner", "Startup Cost": 0.0, "Total Cost": 105030.03, "Plan Rows": 5, "Plan Width": 67, "Actual Min Startup Time": 283.152, "Actual Max Startup Time": 283.152, "Actual Min Total Time": 288.453, "Actual Max Total Time": 288.453, "Actual Total Rows": 33, "Inner Unique": false, "Join Filter": "(mi.info_type_id = it1.id)", "Rows Removed by Join Filter": 4926, "Plans": [{"Node Type": "Index Scan", "Parent Relationship": "Outer", "Scan Direction": "Forward", "Index Name": "info_type_pkey", "Relation Name": "info_type", "Alias": "it1", "Startup Cost": 0.0, "Total Cost": 14.21, "Plan Rows": 1, "Plan Width": 4, "Actual Min Startup Time": 0.109, "Actual Max Startup Time": 0.109, "Actual Min Total Time": 0.116, "Actual Max Total Time": 0.116, "Actual Total Rows": 1, "Filter": "((info)::text = 'budget'::text)", "Rows Removed by Filter": 111}, {"Node Type": "Nested Loop", "Parent Relationship": "Inner", "Join Type": "Inner", "Startup Cost": 0.0, "Total Cost": 105001.79, "Plan Rows": 1122, "Plan Width": 71, "Actual Min Startup Time": 282.882, "Actual Max Startup Time": 282.882, "Actual Min Total Time": 287.361, "Actual Max Total Time": 287.361, "Actual Total Rows": 4959, "Inner Unique": false, "Join Filter": "(t.id = mi.movie_id)", "Rows Removed by Join Filter": 0, "Plans": [{"Node Type": "Nested Loop", "Parent Relationship": "Outer", "Join Type": "Inner", "Startup Cost": 0.0, "Total Cost": 104849.13, "Plan Rows": 210, "Plan Width": 37, "Actual Min Startup Time": 282.848, "Actual Max Startup Time": 282.848, "Actual Min Total Time": 283.245, "Actual Max Total Time": 283.245, "Actual Total Rows": 33, "Inner Unique": false, "Join Filter": "(t.id = mc.movie_id)", "Rows Removed by Join Filter": 0, "Plans": [{"Node Type": "Nested Loop", "Parent Relationship": "Outer", "Join Type": "Inner", "Startup Cost": 0.0, "Total Cost": 104728.36, "Plan Rows": 311, "Plan Width": 25, "Actual Min Startup Time": 282.824, "Actual Max Startup Time": 282.824, "Actual Min Total Time": 283.177, "Actual Max Total Time": 283.177, "Actual Total Rows": 2, "Inner Unique": false, "Join Filter": "(mi_idx.info_type_id = it2.id)", "Rows Removed by Join Filter": 2643, "Plans": [{"Node Type": "Index Scan", "Parent Relationship": "Outer", "Scan Direction": "Forward", "Index Name": "info_type_pkey", "Relation Name": "info_type", "Alias": "it2", "Startup Cost": 0.0, "Total Cost": 14.21, "Plan Rows": 1, "Plan Width": 4, "Actual Min Startup Time": 0.08, "Actual Max Startup Time": 0.08, "Actual Min Total Time": 0.08, "Actual Max Total Time": 0.08, "Actual Total Rows": 1, "Filter": "((info)::text = 'bottom 10 rank'::text)", "Rows Removed by Filter": 111}, {"Node Type": "Materialize", "Parent Relationship": "Inner", "Startup Cost": 0.0, "Total Cost": 104710.19, "Plan Rows": 396, "Plan Width": 29, "Actual Min Startup Time": 281.979, "Actual Max Startup Time": 281.979, "Actual Min Total Time": 282.441, "Actual Max Total Time": 282.441, "Actual Total Rows": 2646, "Plans": [{"Node Type": "Nested Loop", "Parent Relationship": "Outer", "Join Type": "Inner", "Startup Cost": 0.0, "Total Cost": 104709.2, "Plan Rows": 396, "Plan Width": 29, "Actual Min Startup Time": 81.307, "Actual Max Startup Time": 81.307, "Actual Min Total Time": 280.904, "Actual Max Total Time": 280.904, "Actual Total Rows": 2645, "Inner Unique": false, "Plans": [{"Node Type": "Streaming(type: LOCAL GATHER dop: 1/16)", "Parent Relationship": "Outer", "Startup Cost": 0.0, "Total Cost": 102608.29, "Plan Rows": 258, "Plan Width": 21, "Actual Min Startup Time": 81.253, "Actual Max Startup Time": 81.253, "Actual Min Total Time": 268.275, "Actual Max Total Time": 268.275, "Actual Total Rows": 2536, "Plans": [{"Node Type": "Index Scan", "Parent Relationship": "Outer", "Scan Direction": "Forward", "Index Name": "title_pkey", "Relation Name": "title", "Alias": "t", "Startup Cost": 0.0, "Total Cost": 102602.72, "Plan Rows": 258, "Plan Width": 21, "Actual Min Startup Time": 9.904, "Actual Max Startup Time": 25.069, "Actual Min Total Time": 238.632, "Actual Max Total Time": 275.078, "Actual Total Rows": 2536, "Filter": "((production_year > 2000) AND (((title)::text ~~ 'Birdemic%'::text) OR ((title)::text ~~ '%Movie%'::text)))", "Rows Removed by Filter": 2525775}]}, {"Node Type": "Index Scan", "Parent Relationship": "Inner", "Scan Direction": "Forward", "Index Name": "movie_id_movie_info_idx", "Relation Name": "movie_info_idx", "Alias": "mi_idx", "Startup Cost": 0.0, "Total Cost": 8.12, "Plan Rows": 2, "Plan Width": 8, "Actual Min Startup Time": 9.535, "Actual Max Startup Time": 9.535, "Actual Min Total Time": 10.518, "Actual Max Total Time": 10.518, "Actual Total Rows": 2645, "Index Cond": "(movie_id = t.id)", "Rows Removed by Index Recheck": 0}]}]}]}, {"Node Type": "Index Scan", "Parent Relationship": "Inner", "Scan Direction": "Forward", "Index Name": "movie_id_movie_companies", "Relation Name": "movie_companies", "Alias": "mc", "Startup Cost": 0.0, "Total Cost": 0.36, "Plan Rows": 2, "Plan Width": 12, "Actual Min Startup Time": 0.027, "Actual Max Startup Time": 0.027, "Actual Min Total Time": 0.048, "Actual Max Total Time": 0.048, "Actual Total Rows": 33, "Index Cond": "(movie_id = mi_idx.movie_id)", "Rows Removed by Index Recheck": 0}]}, {"Node Type": "Index Scan", "Parent Relationship": "Inner", "Scan Direction": "Forward", "Index Name": "movie_id_movie_info", "Relation Name": "movie_info", "Alias": "mi", "Startup Cost": 0.0, "Total Cost": 0.66, "Plan Rows": 5, "Plan Width": 50, "Actual Min Startup Time": 0.503, "Actual Max Startup Time": 0.503, "Actual Min Total Time": 2.531, "Actual Max Total Time": 2.531, "Actual Total Rows": 4959, "Index Cond": "(movie_id = mc.movie_id)", "Rows Removed by Index Recheck": 0}]}]}, {"Node Type": "Index Scan", "Parent Relationship": "Inner", "Scan Direction": "Forward", "Index Name": "company_name_pkey", "Relation Name": "company_name", "Alias": "cn", "Startup Cost": 0.0, "Total Cost": 0.28, "Plan Rows": 1, "Plan Width": 4, "Actual Min Startup Time": 0.191, "Actual Max Startup Time": 0.191, "Actual Min Total Time": 0.191, "Actual Max Total Time": 0.191, "Actual Total Rows": 10, "Index Cond": "(id = mc.company_id)", "Rows Removed by Index Recheck": 0, "Filter": "((country_code)::text = '[us]'::text)", "Rows Removed by Filter": 23}]}, {"Node Type": "Index Scan", "Parent Relationship": "Inner", "Scan Direction": "Forward", "Index Name": "company_type_pkey", "Relation Name": "company_type", "Alias": "ct", "Startup Cost": 0.0, "Total Cost": 0.28, "Plan Rows": 1, "Plan Width": 4, "Actual Min Startup Time": 0.024, "Actual Max Startup Time": 0.024, "Actual Min Total Time": 0.024, "Actual Max Total Time": 0.024, "Actual Total Rows": 5, "Index Cond": "(id = mc.company_type_id)", "Rows Removed by Index Recheck": 0, "Filter": "((kind IS NOT NULL) AND (((kind)::text = 'production companies'::text) OR ((kind)::text = 'distributors'::text)))", "Rows Removed by Filter": 0}]}]}, "Triggers": [], "Planner Runtime": 65.028, "Total Runtime": 291.894, "Unique SQL Id": 1682224415}}, "(16, 26)": {"explain_plan": {"Plan": {"Node Type": "Aggregate", "Strategy": "Plain", "Startup Cost": 247687.29, "Total Cost": 247687.3, "Plan Rows": 1, "Plan Width": 123, "Plans": [{"Node Type": "Nested Loop", "Parent Relationship": "Outer", "Join Type": "Inner", "Startup Cost": 0.0, "Total Cost": 247687.27, "Plan Rows": 4, "Plan Width": 59, "Inner Unique": true, "Join Filter": "(mc.company_type_id = ct.id)", "Plans": [{"Node Type": "Nested Loop", "Parent Relationship": "Outer", "Join Type": "Inner", "Startup Cost": 0.0, "Total Cost": 247686.1, "Plan Rows": 4, "Plan Width": 63, "Inner Unique": false, "Join Filter": "(mc.company_id = cn.id)", "Plans": [{"Node Type": "Seq Scan", "Parent Relationship": "Outer", "Relation Name": "company_name", "Alias": "cn", "Startup Cost": 0.0, "Total Cost": 5903.45, "Plan Rows": 85170, "Plan Width": 4, "Filter": "((country_code)::text = '[us]'::text)"}, {"Node Type": "Materialize", "Parent Relationship": "Inner", "Startup Cost": 0.0, "Total Cost": 235394.91, "Plan Rows": 5, "Plan Width": 67, "Plans": [{"Node Type": "Streaming(type: LOCAL GATHER dop: 1/16)", "Parent Relationship": "Outer", "Startup Cost": 0.0, "Total Cost": 235394.89, "Plan Rows": 5, "Plan Width": 67, "Plans": [{"Node Type": "Nested Loop", "Parent Relationship": "Outer", "Join Type": "Inner", "Startup Cost": 0.0, "Total Cost": 235394.78, "Plan Rows": 5, "Plan Width": 67, "Inner Unique": false, "Join Filter": "(t.id = mc.movie_id)", "Plans": [{"Node Type": "Seq Scan", "Parent Relationship": "Outer", "Relation Name": "movie_companies", "Alias": "mc", "Startup Cost": 0.0, "Total Cost": 17613.58, "Plan Rows": 2609128, "Plan Width": 12}, {"Node Type": "Materialize", "Parent Relationship": "Inner", "Startup Cost": 0.0, "Total Cost": 198212.76, "Plan Rows": 128, "Plan Width": 71, "Plans": [{"Node Type": "Streaming(type: BROADCAST dop: 16/16)", "Parent Relationship": "Outer", "Startup Cost": 0.0, "Total Cost": 198212.72, "Plan Rows": 128, "Plan Width": 71, "Plans": [{"Node Type": "Nested Loop", "Parent Relationship": "Outer", "Join Type": "Inner", "Startup Cost": 0.0, "Total Cost": 183212.4, "Plan Rows": 8, "Plan Width": 71, "Inner Unique": false, "Join Filter": "(mi_idx.movie_id = t.id)", "Plans": [{"Node Type": "Streaming(type: LOCAL REDISTRIBUTE dop: 16/16)", "Parent Relationship": "Outer", "Startup Cost": 0.0, "Total Cost": 48655.3, "Plan Rows": 345008, "Plan Width": 4, "Plans": [{"Node Type": "Nested Loop", "Parent Relationship": "Outer", "Join Type": "Inner", "Startup Cost": 0.0, "Total Cost": 32348.04, "Plan Rows": 345008, "Plan Width": 4, "Inner Unique": false, "Join Filter": "(it2.id = mi_idx.info_type_id), (LLVM Optimized)", "Plans": [{"Node Type": "Streaming(type: BROADCAST dop: 16/1)", "Parent Relationship": "Outer", "Startup Cost": 0.0, "Total Cost": 15002.75, "Plan Rows": 16, "Plan Width": 4, "Plans": [{"Node Type": "Seq Scan", "Parent Relationship": "Outer", "Relation Name": "info_type", "Alias": "it2", "Startup Cost": 0.0, "Total Cost": 2.4, "Plan Rows": 1, "Plan Width": 4, "Filter": "((info)::text = 'bottom 10 rank'::text)"}]}, {"Node Type": "Seq Scan", "Parent Relationship": "Inner", "Relation Name": "movie_info_idx", "Alias": "mi_idx", "Startup Cost": 0.0, "Total Cost": 16267.15, "Plan Rows": 1380034, "Plan Width": 8}]}]}, {"Node Type": "Materialize", "Parent Relationship": "Inner", "Startup Cost": 0.0, "Total Cost": 129139.43, "Plan Rows": 268, "Plan Width": 67, "Plans": [{"Node Type": "Streaming(type: LOCAL REDISTRIBUTE dop: 16/16)", "Parent Relationship": "Outer", "Startup Cost": 0.0, "Total Cost": 129139.35, "Plan Rows": 268, "Plan Width": 67, "Plans": [{"Node Type": "Nested Loop", "Parent Relationship": "Outer", "Join Type": "Inner", "Startup Cost": 0.0, "Total Cost": 114138.33, "Plan Rows": 268, "Plan Width": 67, "Inner Unique": true, "Join Filter": "(mi.movie_id = t.id)", "Plans": [{"Node Type": "Streaming(type: LOCAL REDISTRIBUTE dop: 16/16)", "Parent Relationship": "Outer", "Startup Cost": 0.0, "Total Cost": 75986.54, "Plan Rows": 212428, "Plan Width": 46, "Plans": [{"Node Type": "Nested Loop", "Parent Relationship": "Outer", "Join Type": "Inner", "Startup Cost": 0.0, "Total Cost": 60181.64, "Plan Rows": 212428, "Plan Width": 46, "Inner Unique": false, "Join Filter": "(it1.id = mi.info_type_id), (LLVM Optimized)", "Plans": [{"Node Type": "Streaming(type: BROADCAST dop: 16/1)", "Parent Relationship": "Outer", "Startup Cost": 0.0, "Total Cost": 15002.75, "Plan Rows": 16, "Plan Width": 4, "Plans": [{"Node Type": "Seq Scan", "Parent Relationship": "Outer", "Relation Name": "info_type", "Alias": "it1", "Startup Cost": 0.0, "Total Cost": 2.4, "Plan Rows": 1, "Plan Width": 4, "Filter": "((info)::text = 'budget'::text)"}]}, {"Node Type": "Seq Scan", "Parent Relationship": "Inner", "Relation Name": "movie_info", "Alias": "mi", "Startup Cost": 0.0, "Total Cost": 33561.73, "Plan Rows": 14869966, "Plan Width": 50}]}]}, {"Node Type": "Materialize", "Parent Relationship": "Inner", "Startup Cost": 0.0, "Total Cost": 34940.52, "Plan Rows": 258, "Plan Width": 21, "Plans": [{"Node Type": "Streaming(type: LOCAL REDISTRIBUTE dop: 16/16)", "Parent Relationship": "Outer", "Startup Cost": 0.0, "Total Cost": 34940.44, "Plan Rows": 258, "Plan Width": 21, "Plans": [{"Node Type": "Seq Scan", "Parent Relationship": "Outer", "Relation Name": "title", "Alias": "t", "Startup Cost": 0.0, "Total Cost": 19939.47, "Plan Rows": 258, "Plan Width": 21, "Filter": "((production_year > 2000) AND (((title)::text ~~ 'Birdemic%'::text) OR ((title)::text ~~ '%Movie%'::text)))"}]}]}]}]}]}]}]}]}]}]}]}]}, {"Node Type": "Materialize", "Parent Relationship": "Inner", "Startup Cost": 0.0, "Total Cost": 1.05, "Plan Rows": 2, "Plan Width": 4, "Plans": [{"Node Type": "Seq Scan", "Parent Relationship": "Outer", "Relation Name": "company_type", "Alias": "ct", "Startup Cost": 0.0, "Total Cost": 1.04, "Plan Rows": 2, "Plan Width": 4, "Filter": "((kind IS NOT NULL) AND (((kind)::text = 'production companies'::text) OR ((kind)::text = 'distributors'::text)))"}]}]}]}, "Unique SQL Id": 1682224415}, "explain_analyze_plan": null}, "(16, 27)": {"explain_plan": {"Plan": {"Node Type": "Aggregate", "Strategy": "Plain", "Startup Cost": 7998688012676.87, "Total Cost": 7998688012676.88, "Plan Rows": 1, "Plan Width": 123, "Plans": [{"Node Type": "Nested Loop", "Parent Relationship": "Outer", "Join Type": "Inner", "Startup Cost": 80000000000.0, "Total Cost": 7998688012676.62, "Plan Rows": 48, "Plan Width": 59, "Inner Unique": false, "Join Filter": "(mi_idx.movie_id = t.id)", "Plans": [{"Node Type": "Nested Loop", "Parent Relationship": "Outer", "Join Type": "Inner", "Startup Cost": 20000000000.0, "Total Cost": 2000004672156.88, "Plan Rows": 345008, "Plan Width": 4, "Inner Unique": true, "Join Filter": "(it2.id = mi_idx.info_type_id), (LLVM Optimized)", "Plans": [{"Node Type": "Index Scan", "Parent Relationship": "Outer", "Scan Direction": "Forward", "Index Name": "movie_id_movie_info_idx", "Relation Name": "movie_info_idx", "Alias": "mi_idx", "Startup Cost": 10000000000.0, "Total Cost": 1000004650035.37, "Plan Rows": 1380034, "Plan Width": 8}, {"Node Type": "Materialize", "Parent Relationship": "Inner", "Startup Cost": 10000000000.0, "Total Cost": 1000000001421.0, "Plan Rows": 1, "Plan Width": 4, "Plans": [{"Node Type": "Index Scan", "Parent Relationship": "Outer", "Scan Direction": "Forward", "Index Name": "info_type_pkey", "Relation Name": "info_type", "Alias": "it2", "Startup Cost": 10000000000.0, "Total Cost": 1000000001421.0, "Plan Rows": 1, "Plan Width": 4, "Filter": "((info)::text = 'bottom 10 rank'::text)"}]}]}, {"Node Type": "Materialize", "Parent Relationship": "Inner", "Startup Cost": 60000000000.0, "Total Cost": 5998682688454.94, "Plan Rows": 126, "Plan Width": 71, "Plans": [{"Node Type": "Nested Loop", "Parent Relationship": "Outer", "Join Type": "Inner", "Startup Cost": 60000000000.0, "Total Cost": 5998682688454.31, "Plan Rows": 126, "Plan Width": 71, "Inner Unique": true, "Join Filter": "(mc.company_id = cn.id)", "Plans": [{"Node Type": "Nested Loop", "Parent Relationship": "Outer", "Join Type": "Inner", "Startup Cost": 50000000000.0, "Total Cost": 4998681311049.62, "Plan Rows": 256, "Plan Width": 75, "Inner Unique": true, "Join Filter": "(mi.info_type_id = it1.id)", "Plans": [{"Node Type": "Nested Loop", "Parent Relationship": "Outer", "Join Type": "Inner", "Startup Cost": 40000000000.0, "Total Cost": 3998681309583.78, "Plan Rows": 2989, "Plan Width": 79, "Inner Unique": true, "Join Filter": "(mc.company_type_id = ct.id)", "Plans": [{"Node Type": "Merge Join", "Parent Relationship": "Outer", "Join Type": "Inner", "Startup Cost": 30000000000.0, "Total Cost": 2998681308263.11, "Plan Rows": 2989, "Plan Width": 83, "Inner Unique": false, "Merge Cond": "(t.id = mc.movie_id)", "Plans": [{"Node Type": "Merge Join", "Parent Relationship": "Outer", "Join Type": "Inner", "Startup Cost": 20000000000.0, "Total Cost": 2000116762389.8, "Plan Rows": 1367, "Plan Width": 71, "Inner Unique": true, "Merge Cond": "(mi.movie_id = t.id)", "Plans": [{"Node Type": "Index Scan", "Parent Relationship": "Outer", "Scan Direction": "Forward", "Index Name": "movie_id_movie_info", "Relation Name": "movie_info", "Alias": "mi", "Startup Cost": 10000000000.0, "Total Cost": 1000103816912.22, "Plan Rows": 14869966, "Plan Width": 50}, {"Node Type": "Materialize", "Parent Relationship": "Inner", "Startup Cost": 10000000000.0, "Total Cost": 1000012908282.81, "Plan Rows": 258, "Plan Width": 21, "Plans": [{"Node Type": "Index Scan", "Parent Relationship": "Outer", "Scan Direction": "Forward", "Index Name": "title_pkey", "Relation Name": "title", "Alias": "t", "Startup Cost": 10000000000.0, "Total Cost": 1000012908282.16, "Plan Rows": 258, "Plan Width": 21, "Filter": "((production_year > 2000) AND (((title)::text ~~ 'Birdemic%'::text) OR ((title)::text ~~ '%Movie%'::text)))"}]}]}, {"Node Type": "Index Scan", "Parent Relationship": "Inner", "Scan Direction": "Forward", "Index Name": "movie_id_movie_companies", "Relation Name": "movie_companies", "Alias": "mc", "Startup Cost": 10000000000.0, "Total Cost": 1000013051946.13, "Plan Rows": 2609128, "Plan Width": 12}]}, {"Node Type": "Materialize", "Parent Relationship": "Inner", "Startup Cost": 10000000000.0, "Total Cost": 1000000001231.01, "Plan Rows": 2, "Plan Width": 4, "Plans": [{"Node Type": "Index Scan", "Parent Relationship": "Outer", "Scan Direction": "Forward", "Index Name": "company_type_pkey", "Relation Name": "company_type", "Alias": "ct", "Startup Cost": 10000000000.0, "Total Cost": 1000000001231.0, "Plan Rows": 2, "Plan Width": 4, "Filter": "((kind IS NOT NULL) AND (((kind)::text = 'production companies'::text) OR ((kind)::text = 'distributors'::text)))"}]}]}, {"Node Type": "Materialize", "Parent Relationship": "Inner", "Startup Cost": 10000000000.0, "Total Cost": 1000000001421.0, "Plan Rows": 1, "Plan Width": 4, "Plans": [{"Node Type": "Index Scan", "Parent Relationship": "Outer", "Scan Direction": "Forward", "Index Name": "info_type_pkey", "Relation Name": "info_type", "Alias": "it1", "Startup Cost": 10000000000.0, "Total Cost": 1000000001421.0, "Plan Rows": 1, "Plan Width": 4, "Filter": "((info)::text = 'budget'::text)"}]}]}, {"Node Type": "Materialize", "Parent Relationship": "Inner", "Startup Cost": 10000000000.0, "Total Cost": 1000001050564.82, "Plan Rows": 85170, "Plan Width": 4, "Plans": [{"Node Type": "Index Scan", "Parent Relationship": "Outer", "Scan Direction": "Forward", "Index Name": "company_name_pkey", "Relation Name": "company_name", "Alias": "cn", "Startup Cost": 10000000000.0, "Total Cost": 1000001050138.97, "Plan Rows": 85170, "Plan Width": 4, "Filter": "((country_code)::text = '[us]'::text)"}]}]}]}]}]}, "Unique SQL Id": 1682224415}, "explain_analyze_plan": null}, "(16, 28)": {"explain_plan": {"Plan": {"Node Type": "Aggregate", "Strategy": "Plain", "Startup Cost": 22346.6, "Total Cost": 22346.61, "Plan Rows": 1, "Plan Width": 123, "Plans": [{"Node Type": "Nested Loop", "Parent Relationship": "Outer", "Join Type": "Inner", "Startup Cost": 0.0, "Total Cost": 22346.58, "Plan Rows": 4, "Plan Width": 59, "Inner Unique": true, "Plans": [{"Node Type": "Nested Loop", "Parent Relationship": "Outer", "Join Type": "Inner", "Startup Cost": 0.0, "Total Cost": 22344.56, "Plan Rows": 7, "Plan Width": 63, "Inner Unique": true, "Join Filter": "(mc.company_type_id = ct.id)", "Plans": [{"Node Type": "Nested Loop", "Parent Relationship": "Outer", "Join Type": "Inner", "Startup Cost": 0.0, "Total Cost": 22343.15, "Plan Rows": 12, "Plan Width": 67, "Inner Unique": false, "Join Filter": "(mi.info_type_id = it1.id)", "Plans": [{"Node Type": "Seq Scan", "Parent Relationship": "Outer", "Relation Name": "info_type", "Alias": "it1", "Startup Cost": 0.0, "Total Cost": 2.4, "Plan Rows": 1, "Plan Width": 4, "Filter": "((info)::text = 'budget'::text)"}, {"Node Type": "Nested Loop", "Parent Relationship": "Inner", "Join Type": "Inner", "Startup Cost": 0.0, "Total Cost": 22326.73, "Plan Rows": 1122, "Plan Width": 71, "Inner Unique": false, "Join Filter": "(t.id = mi.movie_id)", "Plans": [{"Node Type": "Nested Loop", "Parent Relationship": "Outer", "Join Type": "Inner", "Startup Cost": 0.0, "Total Cost": 22174.07, "Plan Rows": 210, "Plan Width": 37, "Inner Unique": false, "Join Filter": "(t.id = mc.movie_id)", "Plans": [{"Node Type": "Nested Loop", "Parent Relationship": "Outer", "Join Type": "Inner", "Startup Cost": 0.0, "Total Cost": 22053.3, "Plan Rows": 311, "Plan Width": 25, "Inner Unique": false, "Join Filter": "(mi_idx.info_type_id = it2.id)", "Plans": [{"Node Type": "Seq Scan", "Parent Relationship": "Outer", "Relation Name": "info_type", "Alias": "it2", "Startup Cost": 0.0, "Total Cost": 2.4, "Plan Rows": 1, "Plan Width": 4, "Filter": "((info)::text = 'bottom 10 rank'::text)"}, {"Node Type": "Materialize", "Parent Relationship": "Inner", "Startup Cost": 0.0, "Total Cost": 22046.94, "Plan Rows": 396, "Plan Width": 29, "Plans": [{"Node Type": "Nested Loop", "Parent Relationship": "Outer", "Join Type": "Inner", "Startup Cost": 0.0, "Total Cost": 22045.95, "Plan Rows": 396, "Plan Width": 29, "Inner Unique": false, "Plans": [{"Node Type": "Streaming(type: LOCAL GATHER dop: 1/16)", "Parent Relationship": "Outer", "Startup Cost": 0.0, "Total Cost": 19945.03, "Plan Rows": 258, "Plan Width": 21, "Plans": [{"Node Type": "Seq Scan", "Parent Relationship": "Outer", "Relation Name": "title", "Alias": "t", "Startup Cost": 0.0, "Total Cost": 19939.47, "Plan Rows": 258, "Plan Width": 21, "Filter": "((production_year > 2000) AND (((title)::text ~~ 'Birdemic%'::text) OR ((title)::text ~~ '%Movie%'::text)))"}]}, {"Node Type": "Index Scan", "Parent Relationship": "Inner", "Scan Direction": "Forward", "Index Name": "movie_id_movie_info_idx", "Relation Name": "movie_info_idx", "Alias": "mi_idx", "Startup Cost": 0.0, "Total Cost": 8.12, "Plan Rows": 2, "Plan Width": 8, "Index Cond": "(movie_id = t.id)"}]}]}]}, {"Node Type": "Index Scan", "Parent Relationship": "Inner", "Scan Direction": "Forward", "Index Name": "movie_id_movie_companies", "Relation Name": "movie_companies", "Alias": "mc", "Startup Cost": 0.0, "Total Cost": 0.36, "Plan Rows": 2, "Plan Width": 12, "Index Cond": "(movie_id = mi_idx.movie_id)"}]}, {"Node Type": "Index Scan", "Parent Relationship": "Inner", "Scan Direction": "Forward", "Index Name": "movie_id_movie_info", "Relation Name": "movie_info", "Alias": "mi", "Startup Cost": 0.0, "Total Cost": 0.66, "Plan Rows": 5, "Plan Width": 50, "Index Cond": "(movie_id = mc.movie_id)"}]}]}, {"Node Type": "Materialize", "Parent Relationship": "Inner", "Startup Cost": 0.0, "Total Cost": 1.05, "Plan Rows": 2, "Plan Width": 4, "Plans": [{"Node Type": "Seq Scan", "Parent Relationship": "Outer", "Relation Name": "company_type", "Alias": "ct", "Startup Cost": 0.0, "Total Cost": 1.04, "Plan Rows": 2, "Plan Width": 4, "Filter": "((kind IS NOT NULL) AND (((kind)::text = 'production companies'::text) OR ((kind)::text = 'distributors'::text)))"}]}]}, {"Node Type": "Index Scan", "Parent Relationship": "Inner", "Scan Direction": "Forward", "Index Name": "company_name_pkey", "Relation Name": "company_name", "Alias": "cn", "Startup Cost": 0.0, "Total Cost": 0.28, "Plan Rows": 1, "Plan Width": 4, "Index Cond": "(id = mc.company_id)", "Filter": "((country_code)::text = '[us]'::text)"}]}]}, "Unique SQL Id": 1682224415}, "explain_analyze_plan": {"Plan": {"Node Type": "Aggregate", "Strategy": "Plain", "Startup Cost": 22346.6, "Total Cost": 22346.61, "Plan Rows": 1, "Plan Width": 123, "Actual Min Startup Time": 108.547, "Actual Max Startup Time": 108.547, "Actual Min Total Time": 108.548, "Actual Max Total Time": 108.548, "Actual Total Rows": 1, "Plans": [{"Node Type": "Nested Loop", "Parent Relationship": "Outer", "Join Type": "Inner", "Startup Cost": 0.0, "Total Cost": 22346.58, "Plan Rows": 4, "Plan Width": 59, "Actual Min Startup Time": 106.851, "Actual Max Startup Time": 106.851, "Actual Min Total Time": 108.509, "Actual Max Total Time": 108.509, "Actual Total Rows": 5, "Inner Unique": true, "Plans": [{"Node Type": "Nested Loop", "Parent Relationship": "Outer", "Join Type": "Inner", "Startup Cost": 0.0, "Total Cost": 22344.56, "Plan Rows": 7, "Plan Width": 63, "Actual Min Startup Time": 106.834, "Actual Max Startup Time": 106.834, "Actual Min Total Time": 108.461, "Actual Max Total Time": 108.461, "Actual Total Rows": 5, "Inner Unique": true, "Join Filter": "(mc.company_type_id = ct.id)", "Rows Removed by Join Filter": 28, "Plans": [{"Node Type": "Nested Loop", "Parent Relationship": "Outer", "Join Type": "Inner", "Startup Cost": 0.0, "Total Cost": 22343.15, "Plan Rows": 12, "Plan Width": 67, "Actual Min Startup Time": 102.766, "Actual Max Startup Time": 102.766, "Actual Min Total Time": 108.406, "Actual Max Total Time": 108.406, "Actual Total Rows": 33, "Inner Unique": false, "Join Filter": "(mi.info_type_id = it1.id)", "Rows Removed by Join Filter": 4926, "Plans": [{"Node Type": "Seq Scan", "Parent Relationship": "Outer", "Relation Name": "info_type", "Alias": "it1", "Startup Cost": 0.0, "Total Cost": 2.4, "Plan Rows": 1, "Plan Width": 4, "Actual Min Startup Time": 0.083, "Actual Max Startup Time": 0.083, "Actual Min Total Time": 0.09, "Actual Max Total Time": 0.09, "Actual Total Rows": 1, "Filter": "((info)::text = 'budget'::text)", "Rows Removed by Filter": 111}, {"Node Type": "Nested Loop", "Parent Relationship": "Inner", "Join Type": "Inner", "Startup Cost": 0.0, "Total Cost": 22326.73, "Plan Rows": 1122, "Plan Width": 71, "Actual Min Startup Time": 102.536, "Actual Max Startup Time": 102.536, "Actual Min Total Time": 107.342, "Actual Max Total Time": 107.342, "Actual Total Rows": 4959, "Inner Unique": false, "Join Filter": "(t.id = mi.movie_id)", "Rows Removed by Join Filter": 0, "Plans": [{"Node Type": "Nested Loop", "Parent Relationship": "Outer", "Join Type": "Inner", "Startup Cost": 0.0, "Total Cost": 22174.07, "Plan Rows": 210, "Plan Width": 37, "Actual Min Startup Time": 102.506, "Actual Max Startup Time": 102.506, "Actual Min Total Time": 103.31, "Actual Max Total Time": 103.31, "Actual Total Rows": 33, "Inner Unique": false, "Join Filter": "(t.id = mc.movie_id)", "Rows Removed by Join Filter": 0, "Plans": [{"Node Type": "Nested Loop", "Parent Relationship": "Outer", "Join Type": "Inner", "Startup Cost": 0.0, "Total Cost": 22053.3, "Plan Rows": 311, "Plan Width": 25, "Actual Min Startup Time": 102.485, "Actual Max Startup Time": 102.485, "Actual Min Total Time": 103.251, "Actual Max Total Time": 103.251, "Actual Total Rows": 2, "Inner Unique": false, "Join Filter": "(mi_idx.info_type_id = it2.id)", "Rows Removed by Join Filter": 2643, "Plans": [{"Node Type": "Seq Scan", "Parent Relationship": "Outer", "Relation Name": "info_type", "Alias": "it2", "Startup Cost": 0.0, "Total Cost": 2.4, "Plan Rows": 1, "Plan Width": 4, "Actual Min Startup Time": 0.073, "Actual Max Startup Time": 0.073, "Actual Min Total Time": 0.076, "Actual Max Total Time": 0.076, "Actual Total Rows": 1, "Filter": "((info)::text = 'bottom 10 rank'::text)", "Rows Removed by Filter": 111}, {"Node Type": "Materialize", "Parent Relationship": "Inner", "Startup Cost": 0.0, "Total Cost": 22046.94, "Plan Rows": 396, "Plan Width": 29, "Actual Min Startup Time": 102.275, "Actual Max Startup Time": 102.275, "Actual Min Total Time": 102.604, "Actual Max Total Time": 102.604, "Actual Total Rows": 2646, "Plans": [{"Node Type": "Nested Loop", "Parent Relationship": "Outer", "Join Type": "Inner", "Startup Cost": 0.0, "Total Cost": 22045.95, "Plan Rows": 396, "Plan Width": 29, "Actual Min Startup Time": 77.38, "Actual Max Startup Time": 77.38, "Actual Min Total Time": 101.416, "Actual Max Total Time": 101.416, "Actual Total Rows": 2645, "Inner Unique": false, "Plans": [{"Node Type": "Streaming(type: LOCAL GATHER dop: 1/16)", "Parent Relationship": "Outer", "Startup Cost": 0.0, "Total Cost": 19945.03, "Plan Rows": 258, "Plan Width": 21, "Actual Min Startup Time": 77.313, "Actual Max Startup Time": 77.313, "Actual Min Total Time": 89.688, "Actual Max Total Time": 89.688, "Actual Total Rows": 2536, "Plans": [{"Node Type": "Seq Scan", "Parent Relationship": "Outer", "Relation Name": "title", "Alias": "t", "Startup Cost": 0.0, "Total Cost": 19939.47, "Plan Rows": 258, "Plan Width": 21, "Actual Min Startup Time": 0.042, "Actual Max Startup Time": 5.361, "Actual Min Total Time": 79.873, "Actual Max Total Time": 84.321, "Actual Total Rows": 2536, "Filter": "((production_year > 2000) AND (((title)::text ~~ 'Birdemic%'::text) OR ((title)::text ~~ '%Movie%'::text)))", "Rows Removed by Filter": 2525775}]}, {"Node Type": "Index Scan", "Parent Relationship": "Inner", "Scan Direction": "Forward", "Index Name": "movie_id_movie_info_idx", "Relation Name": "movie_info_idx", "Alias": "mi_idx", "Startup Cost": 0.0, "Total Cost": 8.12, "Plan Rows": 2, "Plan Width": 8, "Actual Min Startup Time": 8.958, "Actual Max Startup Time": 8.958, "Actual Min Total Time": 9.904, "Actual Max Total Time": 9.904, "Actual Total Rows": 2645, "Index Cond": "(movie_id = t.id)", "Rows Removed by Index Recheck": 0}]}]}]}, {"Node Type": "Index Scan", "Parent Relationship": "Inner", "Scan Direction": "Forward", "Index Name": "movie_id_movie_companies", "Relation Name": "movie_companies", "Alias": "mc", "Startup Cost": 0.0, "Total Cost": 0.36, "Plan Rows": 2, "Plan Width": 12, "Actual Min Startup Time": 0.023, "Actual Max Startup Time": 0.023, "Actual Min Total Time": 0.04, "Actual Max Total Time": 0.04, "Actual Total Rows": 33, "Index Cond": "(movie_id = mi_idx.movie_id)", "Rows Removed by Index Recheck": 0}]}, {"Node Type": "Index Scan", "Parent Relationship": "Inner", "Scan Direction": "Forward", "Index Name": "movie_id_movie_info", "Relation Name": "movie_info", "Alias": "mi", "Startup Cost": 0.0, "Total Cost": 0.66, "Plan Rows": 5, "Plan Width": 50, "Actual Min Startup Time": 0.486, "Actual Max Startup Time": 0.486, "Actual Min Total Time": 2.424, "Actual Max Total Time": 2.424, "Actual Total Rows": 4959, "Index Cond": "(movie_id = mc.movie_id)", "Rows Removed by Index Recheck": 0}]}]}, {"Node Type": "Materialize", "Parent Relationship": "Inner", "Startup Cost": 0.0, "Total Cost": 1.05, "Plan Rows": 2, "Plan Width": 4, "Actual Min Startup Time": 0.026, "Actual Max Startup Time": 0.026, "Actual Min Total Time": 0.033, "Actual Max Total Time": 0.033, "Actual Total Rows": 33, "Plans": [{"Node Type": "Seq Scan", "Parent Relationship": "Outer", "Relation Name": "company_type", "Alias": "ct", "Startup Cost": 0.0, "Total Cost": 1.04, "Plan Rows": 2, "Plan Width": 4, "Actual Min Startup Time": 0.018, "Actual Max Startup Time": 0.018, "Actual Min Total Time": 0.022, "Actual Max Total Time": 0.022, "Actual Total Rows": 1, "Filter": "((kind IS NOT NULL) AND (((kind)::text = 'production companies'::text) OR ((kind)::text = 'distributors'::text)))", "Rows Removed by Filter": 2}]}]}, {"Node Type": "Index Scan", "Parent Relationship": "Inner", "Scan Direction": "Forward", "Index Name": "company_name_pkey", "Relation Name": "company_name", "Alias": "cn", "Startup Cost": 0.0, "Total Cost": 0.28, "Plan Rows": 1, "Plan Width": 4, "Actual Min Startup Time": 0.039, "Actual Max Startup Time": 0.039, "Actual Min Total Time": 0.039, "Actual Max Total Time": 0.039, "Actual Total Rows": 5, "Index Cond": "(id = mc.company_id)", "Rows Removed by Index Recheck": 0, "Filter": "((country_code)::text = '[us]'::text)", "Rows Removed by Filter": 0}]}]}, "Triggers": [], "Planner Runtime": 55.951, "Total Runtime": 111.353, "Unique SQL Id": 1682224415}}, "(16, 29)": {"explain_plan": {"Plan": {"Node Type": "Aggregate", "Strategy": "Plain", "Startup Cost": 105032.63, "Total Cost": 105032.64, "Plan Rows": 1, "Plan Width": 123, "Plans": [{"Node Type": "Nested Loop", "Parent Relationship": "Outer", "Join Type": "Inner", "Startup Cost": 0.0, "Total Cost": 105032.61, "Plan Rows": 4, "Plan Width": 59, "Inner Unique": true, "Plans": [{"Node Type": "Nested Loop", "Parent Relationship": "Outer", "Join Type": "Inner", "Startup Cost": 0.0, "Total Cost": 105031.47, "Plan Rows": 4, "Plan Width": 63, "Inner Unique": true, "Plans": [{"Node Type": "Nested Loop", "Parent Relationship": "Outer", "Join Type": "Inner", "Startup Cost": 0.0, "Total Cost": 105030.03, "Plan Rows": 5, "Plan Width": 67, "Inner Unique": false, "Join Filter": "(mi.info_type_id = it1.id)", "Plans": [{"Node Type": "Index Scan", "Parent Relationship": "Outer", "Scan Direction": "Forward", "Index Name": "info_type_pkey", "Relation Name": "info_type", "Alias": "it1", "Startup Cost": 0.0, "Total Cost": 14.21, "Plan Rows": 1, "Plan Width": 4, "Filter": "((info)::text = 'budget'::text)"}, {"Node Type": "Nested Loop", "Parent Relationship": "Inner", "Join Type": "Inner", "Startup Cost": 0.0, "Total Cost": 105001.79, "Plan Rows": 1122, "Plan Width": 71, "Inner Unique": false, "Join Filter": "(t.id = mi.movie_id)", "Plans": [{"Node Type": "Nested Loop", "Parent Relationship": "Outer", "Join Type": "Inner", "Startup Cost": 0.0, "Total Cost": 104849.13, "Plan Rows": 210, "Plan Width": 37, "Inner Unique": false, "Join Filter": "(t.id = mc.movie_id)", "Plans": [{"Node Type": "Nested Loop", "Parent Relationship": "Outer", "Join Type": "Inner", "Startup Cost": 0.0, "Total Cost": 104728.36, "Plan Rows": 311, "Plan Width": 25, "Inner Unique": false, "Join Filter": "(mi_idx.info_type_id = it2.id)", "Plans": [{"Node Type": "Index Scan", "Parent Relationship": "Outer", "Scan Direction": "Forward", "Index Name": "info_type_pkey", "Relation Name": "info_type", "Alias": "it2", "Startup Cost": 0.0, "Total Cost": 14.21, "Plan Rows": 1, "Plan Width": 4, "Filter": "((info)::text = 'bottom 10 rank'::text)"}, {"Node Type": "Materialize", "Parent Relationship": "Inner", "Startup Cost": 0.0, "Total Cost": 104710.19, "Plan Rows": 396, "Plan Width": 29, "Plans": [{"Node Type": "Nested Loop", "Parent Relationship": "Outer", "Join Type": "Inner", "Startup Cost": 0.0, "Total Cost": 104709.2, "Plan Rows": 396, "Plan Width": 29, "Inner Unique": false, "Plans": [{"Node Type": "Streaming(type: LOCAL GATHER dop: 1/16)", "Parent Relationship": "Outer", "Startup Cost": 0.0, "Total Cost": 102608.29, "Plan Rows": 258, "Plan Width": 21, "Plans": [{"Node Type": "Index Scan", "Parent Relationship": "Outer", "Scan Direction": "Forward", "Index Name": "title_pkey", "Relation Name": "title", "Alias": "t", "Startup Cost": 0.0, "Total Cost": 102602.72, "Plan Rows": 258, "Plan Width": 21, "Filter": "((production_year > 2000) AND (((title)::text ~~ 'Birdemic%'::text) OR ((title)::text ~~ '%Movie%'::text)))"}]}, {"Node Type": "Index Scan", "Parent Relationship": "Inner", "Scan Direction": "Forward", "Index Name": "movie_id_movie_info_idx", "Relation Name": "movie_info_idx", "Alias": "mi_idx", "Startup Cost": 0.0, "Total Cost": 8.12, "Plan Rows": 2, "Plan Width": 8, "Index Cond": "(movie_id = t.id)"}]}]}]}, {"Node Type": "Index Scan", "Parent Relationship": "Inner", "Scan Direction": "Forward", "Index Name": "movie_id_movie_companies", "Relation Name": "movie_companies", "Alias": "mc", "Startup Cost": 0.0, "Total Cost": 0.36, "Plan Rows": 2, "Plan Width": 12, "Index Cond": "(movie_id = mi_idx.movie_id)"}]}, {"Node Type": "Index Scan", "Parent Relationship": "Inner", "Scan Direction": "Forward", "Index Name": "movie_id_movie_info", "Relation Name": "movie_info", "Alias": "mi", "Startup Cost": 0.0, "Total Cost": 0.66, "Plan Rows": 5, "Plan Width": 50, "Index Cond": "(movie_id = mc.movie_id)"}]}]}, {"Node Type": "Index Scan", "Parent Relationship": "Inner", "Scan Direction": "Forward", "Index Name": "company_name_pkey", "Relation Name": "company_name", "Alias": "cn", "Startup Cost": 0.0, "Total Cost": 0.28, "Plan Rows": 1, "Plan Width": 4, "Index Cond": "(id = mc.company_id)", "Filter": "((country_code)::text = '[us]'::text)"}]}, {"Node Type": "Index Scan", "Parent Relationship": "Inner", "Scan Direction": "Forward", "Index Name": "company_type_pkey", "Relation Name": "company_type", "Alias": "ct", "Startup Cost": 0.0, "Total Cost": 0.28, "Plan Rows": 1, "Plan Width": 4, "Index Cond": "(id = mc.company_type_id)", "Filter": "((kind IS NOT NULL) AND (((kind)::text = 'production companies'::text) OR ((kind)::text = 'distributors'::text)))"}]}]}, "Unique SQL Id": 1682224415}, "explain_analyze_plan": {"Plan": {"Node Type": "Aggregate", "Strategy": "Plain", "Startup Cost": 105032.63, "Total Cost": 105032.64, "Plan Rows": 1, "Plan Width": 123, "Actual Min Startup Time": 288.744, "Actual Max Startup Time": 288.744, "Actual Min Total Time": 288.744, "Actual Max Total Time": 288.744, "Actual Total Rows": 1, "Plans": [{"Node Type": "Nested Loop", "Parent Relationship": "Outer", "Join Type": "Inner", "Startup Cost": 0.0, "Total Cost": 105032.61, "Plan Rows": 4, "Plan Width": 59, "Actual Min Startup Time": 287.379, "Actual Max Startup Time": 287.379, "Actual Min Total Time": 288.702, "Actual Max Total Time": 288.702, "Actual Total Rows": 5, "Inner Unique": true, "Plans": [{"Node Type": "Nested Loop", "Parent Relationship": "Outer", "Join Type": "Inner", "Startup Cost": 0.0, "Total Cost": 105031.47, "Plan Rows": 4, "Plan Width": 63, "Actual Min Startup Time": 284.536, "Actual Max Startup Time": 284.536, "Actual Min Total Time": 288.667, "Actual Max Total Time": 288.667, "Actual Total Rows": 10, "Inner Unique": true, "Plans": [{"Node Type": "Nested Loop", "Parent Relationship": "Outer", "Join Type": "Inner", "Startup Cost": 0.0, "Total Cost": 105030.03, "Plan Rows": 5, "Plan Width": 67, "Actual Min Startup Time": 283.152, "Actual Max Startup Time": 283.152, "Actual Min Total Time": 288.453, "Actual Max Total Time": 288.453, "Actual Total Rows": 33, "Inner Unique": false, "Join Filter": "(mi.info_type_id = it1.id)", "Rows Removed by Join Filter": 4926, "Plans": [{"Node Type": "Index Scan", "Parent Relationship": "Outer", "Scan Direction": "Forward", "Index Name": "info_type_pkey", "Relation Name": "info_type", "Alias": "it1", "Startup Cost": 0.0, "Total Cost": 14.21, "Plan Rows": 1, "Plan Width": 4, "Actual Min Startup Time": 0.109, "Actual Max Startup Time": 0.109, "Actual Min Total Time": 0.116, "Actual Max Total Time": 0.116, "Actual Total Rows": 1, "Filter": "((info)::text = 'budget'::text)", "Rows Removed by Filter": 111}, {"Node Type": "Nested Loop", "Parent Relationship": "Inner", "Join Type": "Inner", "Startup Cost": 0.0, "Total Cost": 105001.79, "Plan Rows": 1122, "Plan Width": 71, "Actual Min Startup Time": 282.882, "Actual Max Startup Time": 282.882, "Actual Min Total Time": 287.361, "Actual Max Total Time": 287.361, "Actual Total Rows": 4959, "Inner Unique": false, "Join Filter": "(t.id = mi.movie_id)", "Rows Removed by Join Filter": 0, "Plans": [{"Node Type": "Nested Loop", "Parent Relationship": "Outer", "Join Type": "Inner", "Startup Cost": 0.0, "Total Cost": 104849.13, "Plan Rows": 210, "Plan Width": 37, "Actual Min Startup Time": 282.848, "Actual Max Startup Time": 282.848, "Actual Min Total Time": 283.245, "Actual Max Total Time": 283.245, "Actual Total Rows": 33, "Inner Unique": false, "Join Filter": "(t.id = mc.movie_id)", "Rows Removed by Join Filter": 0, "Plans": [{"Node Type": "Nested Loop", "Parent Relationship": "Outer", "Join Type": "Inner", "Startup Cost": 0.0, "Total Cost": 104728.36, "Plan Rows": 311, "Plan Width": 25, "Actual Min Startup Time": 282.824, "Actual Max Startup Time": 282.824, "Actual Min Total Time": 283.177, "Actual Max Total Time": 283.177, "Actual Total Rows": 2, "Inner Unique": false, "Join Filter": "(mi_idx.info_type_id = it2.id)", "Rows Removed by Join Filter": 2643, "Plans": [{"Node Type": "Index Scan", "Parent Relationship": "Outer", "Scan Direction": "Forward", "Index Name": "info_type_pkey", "Relation Name": "info_type", "Alias": "it2", "Startup Cost": 0.0, "Total Cost": 14.21, "Plan Rows": 1, "Plan Width": 4, "Actual Min Startup Time": 0.08, "Actual Max Startup Time": 0.08, "Actual Min Total Time": 0.08, "Actual Max Total Time": 0.08, "Actual Total Rows": 1, "Filter": "((info)::text = 'bottom 10 rank'::text)", "Rows Removed by Filter": 111}, {"Node Type": "Materialize", "Parent Relationship": "Inner", "Startup Cost": 0.0, "Total Cost": 104710.19, "Plan Rows": 396, "Plan Width": 29, "Actual Min Startup Time": 281.979, "Actual Max Startup Time": 281.979, "Actual Min Total Time": 282.441, "Actual Max Total Time": 282.441, "Actual Total Rows": 2646, "Plans": [{"Node Type": "Nested Loop", "Parent Relationship": "Outer", "Join Type": "Inner", "Startup Cost": 0.0, "Total Cost": 104709.2, "Plan Rows": 396, "Plan Width": 29, "Actual Min Startup Time": 81.307, "Actual Max Startup Time": 81.307, "Actual Min Total Time": 280.904, "Actual Max Total Time": 280.904, "Actual Total Rows": 2645, "Inner Unique": false, "Plans": [{"Node Type": "Streaming(type: LOCAL GATHER dop: 1/16)", "Parent Relationship": "Outer", "Startup Cost": 0.0, "Total Cost": 102608.29, "Plan Rows": 258, "Plan Width": 21, "Actual Min Startup Time": 81.253, "Actual Max Startup Time": 81.253, "Actual Min Total Time": 268.275, "Actual Max Total Time": 268.275, "Actual Total Rows": 2536, "Plans": [{"Node Type": "Index Scan", "Parent Relationship": "Outer", "Scan Direction": "Forward", "Index Name": "title_pkey", "Relation Name": "title", "Alias": "t", "Startup Cost": 0.0, "Total Cost": 102602.72, "Plan Rows": 258, "Plan Width": 21, "Actual Min Startup Time": 9.904, "Actual Max Startup Time": 25.069, "Actual Min Total Time": 238.632, "Actual Max Total Time": 275.078, "Actual Total Rows": 2536, "Filter": "((production_year > 2000) AND (((title)::text ~~ 'Birdemic%'::text) OR ((title)::text ~~ '%Movie%'::text)))", "Rows Removed by Filter": 2525775}]}, {"Node Type": "Index Scan", "Parent Relationship": "Inner", "Scan Direction": "Forward", "Index Name": "movie_id_movie_info_idx", "Relation Name": "movie_info_idx", "Alias": "mi_idx", "Startup Cost": 0.0, "Total Cost": 8.12, "Plan Rows": 2, "Plan Width": 8, "Actual Min Startup Time": 9.535, "Actual Max Startup Time": 9.535, "Actual Min Total Time": 10.518, "Actual Max Total Time": 10.518, "Actual Total Rows": 2645, "Index Cond": "(movie_id = t.id)", "Rows Removed by Index Recheck": 0}]}]}]}, {"Node Type": "Index Scan", "Parent Relationship": "Inner", "Scan Direction": "Forward", "Index Name": "movie_id_movie_companies", "Relation Name": "movie_companies", "Alias": "mc", "Startup Cost": 0.0, "Total Cost": 0.36, "Plan Rows": 2, "Plan Width": 12, "Actual Min Startup Time": 0.027, "Actual Max Startup Time": 0.027, "Actual Min Total Time": 0.048, "Actual Max Total Time": 0.048, "Actual Total Rows": 33, "Index Cond": "(movie_id = mi_idx.movie_id)", "Rows Removed by Index Recheck": 0}]}, {"Node Type": "Index Scan", "Parent Relationship": "Inner", "Scan Direction": "Forward", "Index Name": "movie_id_movie_info", "Relation Name": "movie_info", "Alias": "mi", "Startup Cost": 0.0, "Total Cost": 0.66, "Plan Rows": 5, "Plan Width": 50, "Actual Min Startup Time": 0.503, "Actual Max Startup Time": 0.503, "Actual Min Total Time": 2.531, "Actual Max Total Time": 2.531, "Actual Total Rows": 4959, "Index Cond": "(movie_id = mc.movie_id)", "Rows Removed by Index Recheck": 0}]}]}, {"Node Type": "Index Scan", "Parent Relationship": "Inner", "Scan Direction": "Forward", "Index Name": "company_name_pkey", "Relation Name": "company_name", "Alias": "cn", "Startup Cost": 0.0, "Total Cost": 0.28, "Plan Rows": 1, "Plan Width": 4, "Actual Min Startup Time": 0.191, "Actual Max Startup Time": 0.191, "Actual Min Total Time": 0.191, "Actual Max Total Time": 0.191, "Actual Total Rows": 10, "Index Cond": "(id = mc.company_id)", "Rows Removed by Index Recheck": 0, "Filter": "((country_code)::text = '[us]'::text)", "Rows Removed by Filter": 23}]}, {"Node Type": "Index Scan", "Parent Relationship": "Inner", "Scan Direction": "Forward", "Index Name": "company_type_pkey", "Relation Name": "company_type", "Alias": "ct", "Startup Cost": 0.0, "Total Cost": 0.28, "Plan Rows": 1, "Plan Width": 4, "Actual Min Startup Time": 0.024, "Actual Max Startup Time": 0.024, "Actual Min Total Time": 0.024, "Actual Max Total Time": 0.024, "Actual Total Rows": 5, "Index Cond": "(id = mc.company_type_id)", "Rows Removed by Index Recheck": 0, "Filter": "((kind IS NOT NULL) AND (((kind)::text = 'production companies'::text) OR ((kind)::text = 'distributors'::text)))", "Rows Removed by Filter": 0}]}]}, "Triggers": [], "Planner Runtime": 65.028, "Total Runtime": 291.894, "Unique SQL Id": 1682224415}}, "(16, 30)": {"explain_plan": {"Plan": {"Node Type": "Aggregate", "Strategy": "Plain", "Startup Cost": 247687.29, "Total Cost": 247687.3, "Plan Rows": 1, "Plan Width": 123, "Plans": [{"Node Type": "Nested Loop", "Parent Relationship": "Outer", "Join Type": "Inner", "Startup Cost": 0.0, "Total Cost": 247687.27, "Plan Rows": 4, "Plan Width": 59, "Inner Unique": true, "Join Filter": "(mc.company_type_id = ct.id)", "Plans": [{"Node Type": "Nested Loop", "Parent Relationship": "Outer", "Join Type": "Inner", "Startup Cost": 0.0, "Total Cost": 247686.1, "Plan Rows": 4, "Plan Width": 63, "Inner Unique": false, "Join Filter": "(mc.company_id = cn.id)", "Plans": [{"Node Type": "Seq Scan", "Parent Relationship": "Outer", "Relation Name": "company_name", "Alias": "cn", "Startup Cost": 0.0, "Total Cost": 5903.45, "Plan Rows": 85170, "Plan Width": 4, "Filter": "((country_code)::text = '[us]'::text)"}, {"Node Type": "Materialize", "Parent Relationship": "Inner", "Startup Cost": 0.0, "Total Cost": 235394.91, "Plan Rows": 5, "Plan Width": 67, "Plans": [{"Node Type": "Streaming(type: LOCAL GATHER dop: 1/16)", "Parent Relationship": "Outer", "Startup Cost": 0.0, "Total Cost": 235394.89, "Plan Rows": 5, "Plan Width": 67, "Plans": [{"Node Type": "Nested Loop", "Parent Relationship": "Outer", "Join Type": "Inner", "Startup Cost": 0.0, "Total Cost": 235394.78, "Plan Rows": 5, "Plan Width": 67, "Inner Unique": false, "Join Filter": "(t.id = mc.movie_id)", "Plans": [{"Node Type": "Seq Scan", "Parent Relationship": "Outer", "Relation Name": "movie_companies", "Alias": "mc", "Startup Cost": 0.0, "Total Cost": 17613.58, "Plan Rows": 2609128, "Plan Width": 12}, {"Node Type": "Materialize", "Parent Relationship": "Inner", "Startup Cost": 0.0, "Total Cost": 198212.76, "Plan Rows": 128, "Plan Width": 71, "Plans": [{"Node Type": "Streaming(type: BROADCAST dop: 16/16)", "Parent Relationship": "Outer", "Startup Cost": 0.0, "Total Cost": 198212.72, "Plan Rows": 128, "Plan Width": 71, "Plans": [{"Node Type": "Nested Loop", "Parent Relationship": "Outer", "Join Type": "Inner", "Startup Cost": 0.0, "Total Cost": 183212.4, "Plan Rows": 8, "Plan Width": 71, "Inner Unique": false, "Join Filter": "(mi_idx.movie_id = t.id)", "Plans": [{"Node Type": "Streaming(type: LOCAL REDISTRIBUTE dop: 16/16)", "Parent Relationship": "Outer", "Startup Cost": 0.0, "Total Cost": 48655.3, "Plan Rows": 345008, "Plan Width": 4, "Plans": [{"Node Type": "Nested Loop", "Parent Relationship": "Outer", "Join Type": "Inner", "Startup Cost": 0.0, "Total Cost": 32348.04, "Plan Rows": 345008, "Plan Width": 4, "Inner Unique": false, "Join Filter": "(it2.id = mi_idx.info_type_id), (LLVM Optimized)", "Plans": [{"Node Type": "Streaming(type: BROADCAST dop: 16/1)", "Parent Relationship": "Outer", "Startup Cost": 0.0, "Total Cost": 15002.75, "Plan Rows": 16, "Plan Width": 4, "Plans": [{"Node Type": "Seq Scan", "Parent Relationship": "Outer", "Relation Name": "info_type", "Alias": "it2", "Startup Cost": 0.0, "Total Cost": 2.4, "Plan Rows": 1, "Plan Width": 4, "Filter": "((info)::text = 'bottom 10 rank'::text)"}]}, {"Node Type": "Seq Scan", "Parent Relationship": "Inner", "Relation Name": "movie_info_idx", "Alias": "mi_idx", "Startup Cost": 0.0, "Total Cost": 16267.15, "Plan Rows": 1380034, "Plan Width": 8}]}]}, {"Node Type": "Materialize", "Parent Relationship": "Inner", "Startup Cost": 0.0, "Total Cost": 129139.43, "Plan Rows": 268, "Plan Width": 67, "Plans": [{"Node Type": "Streaming(type: LOCAL REDISTRIBUTE dop: 16/16)", "Parent Relationship": "Outer", "Startup Cost": 0.0, "Total Cost": 129139.35, "Plan Rows": 268, "Plan Width": 67, "Plans": [{"Node Type": "Nested Loop", "Parent Relationship": "Outer", "Join Type": "Inner", "Startup Cost": 0.0, "Total Cost": 114138.33, "Plan Rows": 268, "Plan Width": 67, "Inner Unique": true, "Join Filter": "(mi.movie_id = t.id)", "Plans": [{"Node Type": "Streaming(type: LOCAL REDISTRIBUTE dop: 16/16)", "Parent Relationship": "Outer", "Startup Cost": 0.0, "Total Cost": 75986.54, "Plan Rows": 212428, "Plan Width": 46, "Plans": [{"Node Type": "Nested Loop", "Parent Relationship": "Outer", "Join Type": "Inner", "Startup Cost": 0.0, "Total Cost": 60181.64, "Plan Rows": 212428, "Plan Width": 46, "Inner Unique": false, "Join Filter": "(it1.id = mi.info_type_id), (LLVM Optimized)", "Plans": [{"Node Type": "Streaming(type: BROADCAST dop: 16/1)", "Parent Relationship": "Outer", "Startup Cost": 0.0, "Total Cost": 15002.75, "Plan Rows": 16, "Plan Width": 4, "Plans": [{"Node Type": "Seq Scan", "Parent Relationship": "Outer", "Relation Name": "info_type", "Alias": "it1", "Startup Cost": 0.0, "Total Cost": 2.4, "Plan Rows": 1, "Plan Width": 4, "Filter": "((info)::text = 'budget'::text)"}]}, {"Node Type": "Seq Scan", "Parent Relationship": "Inner", "Relation Name": "movie_info", "Alias": "mi", "Startup Cost": 0.0, "Total Cost": 33561.73, "Plan Rows": 14869966, "Plan Width": 50}]}]}, {"Node Type": "Materialize", "Parent Relationship": "Inner", "Startup Cost": 0.0, "Total Cost": 34940.52, "Plan Rows": 258, "Plan Width": 21, "Plans": [{"Node Type": "Streaming(type: LOCAL REDISTRIBUTE dop: 16/16)", "Parent Relationship": "Outer", "Startup Cost": 0.0, "Total Cost": 34940.44, "Plan Rows": 258, "Plan Width": 21, "Plans": [{"Node Type": "Seq Scan", "Parent Relationship": "Outer", "Relation Name": "title", "Alias": "t", "Startup Cost": 0.0, "Total Cost": 19939.47, "Plan Rows": 258, "Plan Width": 21, "Filter": "((production_year > 2000) AND (((title)::text ~~ 'Birdemic%'::text) OR ((title)::text ~~ '%Movie%'::text)))"}]}]}]}]}]}]}]}]}]}]}]}]}, {"Node Type": "Materialize", "Parent Relationship": "Inner", "Startup Cost": 0.0, "Total Cost": 1.05, "Plan Rows": 2, "Plan Width": 4, "Plans": [{"Node Type": "Seq Scan", "Parent Relationship": "Outer", "Relation Name": "company_type", "Alias": "ct", "Startup Cost": 0.0, "Total Cost": 1.04, "Plan Rows": 2, "Plan Width": 4, "Filter": "((kind IS NOT NULL) AND (((kind)::text = 'production companies'::text) OR ((kind)::text = 'distributors'::text)))"}]}]}]}, "Unique SQL Id": 1682224415}, "explain_analyze_plan": null}, "(16, 31)": {"explain_plan": {"Plan": {"Node Type": "Aggregate", "Strategy": "Plain", "Startup Cost": 7998688012676.87, "Total Cost": 7998688012676.88, "Plan Rows": 1, "Plan Width": 123, "Plans": [{"Node Type": "Nested Loop", "Parent Relationship": "Outer", "Join Type": "Inner", "Startup Cost": 80000000000.0, "Total Cost": 7998688012676.62, "Plan Rows": 48, "Plan Width": 59, "Inner Unique": false, "Join Filter": "(mi_idx.movie_id = t.id)", "Plans": [{"Node Type": "Nested Loop", "Parent Relationship": "Outer", "Join Type": "Inner", "Startup Cost": 20000000000.0, "Total Cost": 2000004672156.88, "Plan Rows": 345008, "Plan Width": 4, "Inner Unique": true, "Join Filter": "(it2.id = mi_idx.info_type_id), (LLVM Optimized)", "Plans": [{"Node Type": "Index Scan", "Parent Relationship": "Outer", "Scan Direction": "Forward", "Index Name": "movie_id_movie_info_idx", "Relation Name": "movie_info_idx", "Alias": "mi_idx", "Startup Cost": 10000000000.0, "Total Cost": 1000004650035.37, "Plan Rows": 1380034, "Plan Width": 8}, {"Node Type": "Materialize", "Parent Relationship": "Inner", "Startup Cost": 10000000000.0, "Total Cost": 1000000001421.0, "Plan Rows": 1, "Plan Width": 4, "Plans": [{"Node Type": "Index Scan", "Parent Relationship": "Outer", "Scan Direction": "Forward", "Index Name": "info_type_pkey", "Relation Name": "info_type", "Alias": "it2", "Startup Cost": 10000000000.0, "Total Cost": 1000000001421.0, "Plan Rows": 1, "Plan Width": 4, "Filter": "((info)::text = 'bottom 10 rank'::text)"}]}]}, {"Node Type": "Materialize", "Parent Relationship": "Inner", "Startup Cost": 60000000000.0, "Total Cost": 5998682688454.94, "Plan Rows": 126, "Plan Width": 71, "Plans": [{"Node Type": "Nested Loop", "Parent Relationship": "Outer", "Join Type": "Inner", "Startup Cost": 60000000000.0, "Total Cost": 5998682688454.31, "Plan Rows": 126, "Plan Width": 71, "Inner Unique": true, "Join Filter": "(mc.company_id = cn.id)", "Plans": [{"Node Type": "Nested Loop", "Parent Relationship": "Outer", "Join Type": "Inner", "Startup Cost": 50000000000.0, "Total Cost": 4998681311049.62, "Plan Rows": 256, "Plan Width": 75, "Inner Unique": true, "Join Filter": "(mi.info_type_id = it1.id)", "Plans": [{"Node Type": "Nested Loop", "Parent Relationship": "Outer", "Join Type": "Inner", "Startup Cost": 40000000000.0, "Total Cost": 3998681309583.78, "Plan Rows": 2989, "Plan Width": 79, "Inner Unique": true, "Join Filter": "(mc.company_type_id = ct.id)", "Plans": [{"Node Type": "Merge Join", "Parent Relationship": "Outer", "Join Type": "Inner", "Startup Cost": 30000000000.0, "Total Cost": 2998681308263.11, "Plan Rows": 2989, "Plan Width": 83, "Inner Unique": false, "Merge Cond": "(t.id = mc.movie_id)", "Plans": [{"Node Type": "Merge Join", "Parent Relationship": "Outer", "Join Type": "Inner", "Startup Cost": 20000000000.0, "Total Cost": 2000116762389.8, "Plan Rows": 1367, "Plan Width": 71, "Inner Unique": true, "Merge Cond": "(mi.movie_id = t.id)", "Plans": [{"Node Type": "Index Scan", "Parent Relationship": "Outer", "Scan Direction": "Forward", "Index Name": "movie_id_movie_info", "Relation Name": "movie_info", "Alias": "mi", "Startup Cost": 10000000000.0, "Total Cost": 1000103816912.22, "Plan Rows": 14869966, "Plan Width": 50}, {"Node Type": "Materialize", "Parent Relationship": "Inner", "Startup Cost": 10000000000.0, "Total Cost": 1000012908282.81, "Plan Rows": 258, "Plan Width": 21, "Plans": [{"Node Type": "Index Scan", "Parent Relationship": "Outer", "Scan Direction": "Forward", "Index Name": "title_pkey", "Relation Name": "title", "Alias": "t", "Startup Cost": 10000000000.0, "Total Cost": 1000012908282.16, "Plan Rows": 258, "Plan Width": 21, "Filter": "((production_year > 2000) AND (((title)::text ~~ 'Birdemic%'::text) OR ((title)::text ~~ '%Movie%'::text)))"}]}]}, {"Node Type": "Index Scan", "Parent Relationship": "Inner", "Scan Direction": "Forward", "Index Name": "movie_id_movie_companies", "Relation Name": "movie_companies", "Alias": "mc", "Startup Cost": 10000000000.0, "Total Cost": 1000013051946.13, "Plan Rows": 2609128, "Plan Width": 12}]}, {"Node Type": "Materialize", "Parent Relationship": "Inner", "Startup Cost": 10000000000.0, "Total Cost": 1000000001231.01, "Plan Rows": 2, "Plan Width": 4, "Plans": [{"Node Type": "Index Scan", "Parent Relationship": "Outer", "Scan Direction": "Forward", "Index Name": "company_type_pkey", "Relation Name": "company_type", "Alias": "ct", "Startup Cost": 10000000000.0, "Total Cost": 1000000001231.0, "Plan Rows": 2, "Plan Width": 4, "Filter": "((kind IS NOT NULL) AND (((kind)::text = 'production companies'::text) OR ((kind)::text = 'distributors'::text)))"}]}]}, {"Node Type": "Materialize", "Parent Relationship": "Inner", "Startup Cost": 10000000000.0, "Total Cost": 1000000001421.0, "Plan Rows": 1, "Plan Width": 4, "Plans": [{"Node Type": "Index Scan", "Parent Relationship": "Outer", "Scan Direction": "Forward", "Index Name": "info_type_pkey", "Relation Name": "info_type", "Alias": "it1", "Startup Cost": 10000000000.0, "Total Cost": 1000000001421.0, "Plan Rows": 1, "Plan Width": 4, "Filter": "((info)::text = 'budget'::text)"}]}]}, {"Node Type": "Materialize", "Parent Relationship": "Inner", "Startup Cost": 10000000000.0, "Total Cost": 1000001050564.82, "Plan Rows": 85170, "Plan Width": 4, "Plans": [{"Node Type": "Index Scan", "Parent Relationship": "Outer", "Scan Direction": "Forward", "Index Name": "company_name_pkey", "Relation Name": "company_name", "Alias": "cn", "Startup Cost": 10000000000.0, "Total Cost": 1000001050138.97, "Plan Rows": 85170, "Plan Width": 4, "Filter": "((country_code)::text = '[us]'::text)"}]}]}]}]}]}, "Unique SQL Id": 1682224415}, "explain_analyze_plan": null}, "(16, 32)": {"explain_plan": {"Plan": {"Node Type": "Aggregate", "Strategy": "Plain", "Startup Cost": 22395.63, "Total Cost": 22395.64, "Plan Rows": 1, "Plan Width": 123, "Plans": [{"Node Type": "Nested Loop", "Parent Relationship": "Outer", "Join Type": "Inner", "Startup Cost": 0.0, "Total Cost": 22395.61, "Plan Rows": 4, "Plan Width": 59, "Inner Unique": true, "Plans": [{"Node Type": "Nested Loop", "Parent Relationship": "Outer", "Join Type": "Inner", "Startup Cost": 0.0, "Total Cost": 22393.6, "Plan Rows": 7, "Plan Width": 63, "Inner Unique": true, "Join Filter": "(mc.company_type_id = ct.id)", "Plans": [{"Node Type": "Nested Loop", "Parent Relationship": "Outer", "Join Type": "Inner", "Startup Cost": 0.0, "Total Cost": 22392.19, "Plan Rows": 12, "Plan Width": 67, "Inner Unique": false, "Join Filter": "(t.id = mc.movie_id)", "Plans": [{"Node Type": "Nested Loop", "Parent Relationship": "Outer", "Join Type": "Inner", "Startup Cost": 0.0, "Total Cost": 22389.62, "Plan Rows": 8, "Plan Width": 71, "Inner Unique": false, "Join Filter": "(mi.info_type_id = it1.id)", "Plans": [{"Node Type": "Seq Scan", "Parent Relationship": "Outer", "Relation Name": "info_type", "Alias": "it1", "Startup Cost": 0.0, "Total Cost": 2.4, "Plan Rows": 1, "Plan Width": 4, "Filter": "((info)::text = 'budget'::text)"}, {"Node Type": "Nested Loop", "Parent Relationship": "Inner", "Join Type": "Inner", "Startup Cost": 0.0, "Total Cost": 22366.48, "Plan Rows": 1659, "Plan Width": 75, "Inner Unique": false, "Join Filter": "(t.id = mi.movie_id)", "Plans": [{"Node Type": "Nested Loop", "Parent Relationship": "Outer", "Join Type": "Inner", "Startup Cost": 0.0, "Total Cost": 22053.3, "Plan Rows": 311, "Plan Width": 25, "Inner Unique": false, "Join Filter": "(mi_idx.info_type_id = it2.id)", "Plans": [{"Node Type": "Seq Scan", "Parent Relationship": "Outer", "Relation Name": "info_type", "Alias": "it2", "Startup Cost": 0.0, "Total Cost": 2.4, "Plan Rows": 1, "Plan Width": 4, "Filter": "((info)::text = 'bottom 10 rank'::text)"}, {"Node Type": "Materialize", "Parent Relationship": "Inner", "Startup Cost": 0.0, "Total Cost": 22046.94, "Plan Rows": 396, "Plan Width": 29, "Plans": [{"Node Type": "Nested Loop", "Parent Relationship": "Outer", "Join Type": "Inner", "Startup Cost": 0.0, "Total Cost": 22045.95, "Plan Rows": 396, "Plan Width": 29, "Inner Unique": false, "Plans": [{"Node Type": "Streaming(type: LOCAL GATHER dop: 1/16)", "Parent Relationship": "Outer", "Startup Cost": 0.0, "Total Cost": 19945.03, "Plan Rows": 258, "Plan Width": 21, "Plans": [{"Node Type": "Seq Scan", "Parent Relationship": "Outer", "Relation Name": "title", "Alias": "t", "Startup Cost": 0.0, "Total Cost": 19939.47, "Plan Rows": 258, "Plan Width": 21, "Filter": "((production_year > 2000) AND (((title)::text ~~ 'Birdemic%'::text) OR ((title)::text ~~ '%Movie%'::text)))"}]}, {"Node Type": "Index Scan", "Parent Relationship": "Inner", "Scan Direction": "Forward", "Index Name": "movie_id_movie_info_idx", "Relation Name": "movie_info_idx", "Alias": "mi_idx", "Startup Cost": 0.0, "Total Cost": 8.12, "Plan Rows": 2, "Plan Width": 8, "Index Cond": "(movie_id = t.id)"}]}]}]}, {"Node Type": "Index Scan", "Parent Relationship": "Inner", "Scan Direction": "Forward", "Index Name": "movie_id_movie_info", "Relation Name": "movie_info", "Alias": "mi", "Startup Cost": 0.0, "Total Cost": 0.94, "Plan Rows": 5, "Plan Width": 50, "Index Cond": "(movie_id = mi_idx.movie_id)"}]}]}, {"Node Type": "Index Scan", "Parent Relationship": "Inner", "Scan Direction": "Forward", "Index Name": "movie_id_movie_companies", "Relation Name": "movie_companies", "Alias": "mc", "Startup Cost": 0.0, "Total Cost": 0.3, "Plan Rows": 2, "Plan Width": 12, "Index Cond": "(movie_id = mi.movie_id)"}]}, {"Node Type": "Materialize", "Parent Relationship": "Inner", "Startup Cost": 0.0, "Total Cost": 1.05, "Plan Rows": 2, "Plan Width": 4, "Plans": [{"Node Type": "Seq Scan", "Parent Relationship": "Outer", "Relation Name": "company_type", "Alias": "ct", "Startup Cost": 0.0, "Total Cost": 1.04, "Plan Rows": 2, "Plan Width": 4, "Filter": "((kind IS NOT NULL) AND (((kind)::text = 'production companies'::text) OR ((kind)::text = 'distributors'::text)))"}]}]}, {"Node Type": "Index Scan", "Parent Relationship": "Inner", "Scan Direction": "Forward", "Index Name": "company_name_pkey", "Relation Name": "company_name", "Alias": "cn", "Startup Cost": 0.0, "Total Cost": 0.28, "Plan Rows": 1, "Plan Width": 4, "Index Cond": "(id = mc.company_id)", "Filter": "((country_code)::text = '[us]'::text)"}]}]}, "Unique SQL Id": 1682224415}, "explain_analyze_plan": {"Plan": {"Node Type": "Aggregate", "Strategy": "Plain", "Startup Cost": 22395.63, "Total Cost": 22395.64, "Plan Rows": 1, "Plan Width": 123, "Actual Min Startup Time": 140.775, "Actual Max Startup Time": 140.775, "Actual Min Total Time": 140.775, "Actual Max Total Time": 140.775, "Actual Total Rows": 1, "Plans": [{"Node Type": "Nested Loop", "Parent Relationship": "Outer", "Join Type": "Inner", "Startup Cost": 0.0, "Total Cost": 22395.61, "Plan Rows": 4, "Plan Width": 59, "Actual Min Startup Time": 139.72, "Actual Max Startup Time": 139.72, "Actual Min Total Time": 140.741, "Actual Max Total Time": 140.741, "Actual Total Rows": 5, "Inner Unique": true, "Plans": [{"Node Type": "Nested Loop", "Parent Relationship": "Outer", "Join Type": "Inner", "Startup Cost": 0.0, "Total Cost": 22393.6, "Plan Rows": 7, "Plan Width": 63, "Actual Min Startup Time": 139.69, "Actual Max Startup Time": 139.69, "Actual Min Total Time": 140.667, "Actual Max Total Time": 140.667, "Actual Total Rows": 5, "Inner Unique": true, "Join Filter": "(mc.company_type_id = ct.id)", "Rows Removed by Join Filter": 28, "Plans": [{"Node Type": "Nested Loop", "Parent Relationship": "Outer", "Join Type": "Inner", "Startup Cost": 0.0, "Total Cost": 22392.19, "Plan Rows": 12, "Plan Width": 67, "Actual Min Startup Time": 139.612, "Actual Max Startup Time": 139.612, "Actual Min Total Time": 140.606, "Actual Max Total Time": 140.606, "Actual Total Rows": 33, "Inner Unique": false, "Join Filter": "(t.id = mc.movie_id)", "Rows Removed by Join Filter": 0, "Plans": [{"Node Type": "Nested Loop", "Parent Relationship": "Outer", "Join Type": "Inner", "Startup Cost": 0.0, "Total Cost": 22389.62, "Plan Rows": 8, "Plan Width": 71, "Actual Min Startup Time": 139.58, "Actual Max Startup Time": 139.58, "Actual Min Total Time": 140.526, "Actual Max Total Time": 140.526, "Actual Total Rows": 2, "Inner Unique": false, "Join Filter": "(mi.info_type_id = it1.id)", "Rows Removed by Join Filter": 219, "Plans": [{"Node Type": "Seq Scan", "Parent Relationship": "Outer", "Relation Name": "info_type", "Alias": "it1", "Startup Cost": 0.0, "Total Cost": 2.4, "Plan Rows": 1, "Plan Width": 4, "Actual Min Startup Time": 0.085, "Actual Max Startup Time": 0.085, "Actual Min Total Time": 0.096, "Actual Max Total Time": 0.096, "Actual Total Rows": 1, "Filter": "((info)::text = 'budget'::text)", "Rows Removed by Filter": 111}, {"Node Type": "Nested Loop", "Parent Relationship": "Inner", "Join Type": "Inner", "Startup Cost": 0.0, "Total Cost": 22366.48, "Plan Rows": 1659, "Plan Width": 75, "Actual Min Startup Time": 139.308, "Actual Max Startup Time": 139.308, "Actual Min Total Time": 140.321, "Actual Max Total Time": 140.321, "Actual Total Rows": 221, "Inner Unique": false, "Join Filter": "(t.id = mi.movie_id)", "Rows Removed by Join Filter": 0, "Plans": [{"Node Type": "Nested Loop", "Parent Relationship": "Outer", "Join Type": "Inner", "Startup Cost": 0.0, "Total Cost": 22053.3, "Plan Rows": 311, "Plan Width": 25, "Actual Min Startup Time": 139.258, "Actual Max Startup Time": 139.258, "Actual Min Total Time": 139.97, "Actual Max Total Time": 139.97, "Actual Total Rows": 2, "Inner Unique": false, "Join Filter": "(mi_idx.info_type_id = it2.id)", "Rows Removed by Join Filter": 2643, "Plans": [{"Node Type": "Seq Scan", "Parent Relationship": "Outer", "Relation Name": "info_type", "Alias": "it2", "Startup Cost": 0.0, "Total Cost": 2.4, "Plan Rows": 1, "Plan Width": 4, "Actual Min Startup Time": 0.08, "Actual Max Startup Time": 0.08, "Actual Min Total Time": 0.085, "Actual Max Total Time": 0.085, "Actual Total Rows": 1, "Filter": "((info)::text = 'bottom 10 rank'::text)", "Rows Removed by Filter": 111}, {"Node Type": "Materialize", "Parent Relationship": "Inner", "Startup Cost": 0.0, "Total Cost": 22046.94, "Plan Rows": 396, "Plan Width": 29, "Actual Min Startup Time": 138.976, "Actual Max Startup Time": 138.976, "Actual Min Total Time": 139.29, "Actual Max Total Time": 139.29, "Actual Total Rows": 2646, "Plans": [{"Node Type": "Nested Loop", "Parent Relationship": "Outer", "Join Type": "Inner", "Startup Cost": 0.0, "Total Cost": 22045.95, "Plan Rows": 396, "Plan Width": 29, "Actual Min Startup Time": 83.367, "Actual Max Startup Time": 83.367, "Actual Min Total Time": 138.066, "Actual Max Total Time": 138.066, "Actual Total Rows": 2645, "Inner Unique": false, "Plans": [{"Node Type": "Streaming(type: LOCAL GATHER dop: 1/16)", "Parent Relationship": "Outer", "Startup Cost": 0.0, "Total Cost": 19945.03, "Plan Rows": 258, "Plan Width": 21, "Actual Min Startup Time": 83.287, "Actual Max Startup Time": 83.287, "Actual Min Total Time": 121.213, "Actual Max Total Time": 121.213, "Actual Total Rows": 2536, "Plans": [{"Node Type": "Seq Scan", "Parent Relationship": "Outer", "Relation Name": "title", "Alias": "t", "Startup Cost": 0.0, "Total Cost": 19939.47, "Plan Rows": 258, "Plan Width": 21, "Actual Min Startup Time": 0.049, "Actual Max Startup Time": 5.595, "Actual Min Total Time": 84.557, "Actual Max Total Time": 107.152, "Actual Total Rows": 2536, "Filter": "((production_year > 2000) AND (((title)::text ~~ 'Birdemic%'::text) OR ((title)::text ~~ '%Movie%'::text)))", "Rows Removed by Filter": 2525775}]}, {"Node Type": "Index Scan", "Parent Relationship": "Inner", "Scan Direction": "Forward", "Index Name": "movie_id_movie_info_idx", "Relation Name": "movie_info_idx", "Alias": "mi_idx", "Startup Cost": 0.0, "Total Cost": 8.12, "Plan Rows": 2, "Plan Width": 8, "Actual Min Startup Time": 14.009, "Actual Max Startup Time": 14.009, "Actual Min Total Time": 15.039, "Actual Max Total Time": 15.039, "Actual Total Rows": 2645, "Index Cond": "(movie_id = t.id)", "Rows Removed by Index Recheck": 0}]}]}]}, {"Node Type": "Index Scan", "Parent Relationship": "Inner", "Scan Direction": "Forward", "Index Name": "movie_id_movie_info", "Relation Name": "movie_info", "Alias": "mi", "Startup Cost": 0.0, "Total Cost": 0.94, "Plan Rows": 5, "Plan Width": 50, "Actual Min Startup Time": 0.058, "Actual Max Startup Time": 0.058, "Actual Min Total Time": 0.27, "Actual Max Total Time": 0.27, "Actual Total Rows": 221, "Index Cond": "(movie_id = mi_idx.movie_id)", "Rows Removed by Index Recheck": 0}]}]}, {"Node Type": "Index Scan", "Parent Relationship": "Inner", "Scan Direction": "Forward", "Index Name": "movie_id_movie_companies", "Relation Name": "movie_companies", "Alias": "mc", "Startup Cost": 0.0, "Total Cost": 0.3, "Plan Rows": 2, "Plan Width": 12, "Actual Min Startup Time": 0.034, "Actual Max Startup Time": 0.034, "Actual Min Total Time": 0.053, "Actual Max Total Time": 0.053, "Actual Total Rows": 33, "Index Cond": "(movie_id = mi.movie_id)", "Rows Removed by Index Recheck": 0}]}, {"Node Type": "Materialize", "Parent Relationship": "Inner", "Startup Cost": 0.0, "Total Cost": 1.05, "Plan Rows": 2, "Plan Width": 4, "Actual Min Startup Time": 0.023, "Actual Max Startup Time": 0.023, "Actual Min Total Time": 0.032, "Actual Max Total Time": 0.032, "Actual Total Rows": 33, "Plans": [{"Node Type": "Seq Scan", "Parent Relationship": "Outer", "Relation Name": "company_type", "Alias": "ct", "Startup Cost": 0.0, "Total Cost": 1.04, "Plan Rows": 2, "Plan Width": 4, "Actual Min Startup Time": 0.017, "Actual Max Startup Time": 0.017, "Actual Min Total Time": 0.024, "Actual Max Total Time": 0.024, "Actual Total Rows": 1, "Filter": "((kind IS NOT NULL) AND (((kind)::text = 'production companies'::text) OR ((kind)::text = 'distributors'::text)))", "Rows Removed by Filter": 2}]}]}, {"Node Type": "Index Scan", "Parent Relationship": "Inner", "Scan Direction": "Forward", "Index Name": "company_name_pkey", "Relation Name": "company_name", "Alias": "cn", "Startup Cost": 0.0, "Total Cost": 0.28, "Plan Rows": 1, "Plan Width": 4, "Actual Min Startup Time": 0.063, "Actual Max Startup Time": 0.063, "Actual Min Total Time": 0.063, "Actual Max Total Time": 0.063, "Actual Total Rows": 5, "Index Cond": "(id = mc.company_id)", "Rows Removed by Index Recheck": 0, "Filter": "((country_code)::text = '[us]'::text)", "Rows Removed by Filter": 0}]}]}, "Triggers": [], "Planner Runtime": 277.921, "Total Runtime": 143.957, "Unique SQL Id": 1682224415}}, "(16, 33)": {"explain_plan": {"Plan": {"Node Type": "Aggregate", "Strategy": "Plain", "Startup Cost": 105058.62, "Total Cost": 105058.63, "Plan Rows": 1, "Plan Width": 123, "Plans": [{"Node Type": "Nested Loop", "Parent Relationship": "Outer", "Join Type": "Inner", "Startup Cost": 0.0, "Total Cost": 105058.38, "Plan Rows": 48, "Plan Width": 59, "Inner Unique": true, "Plans": [{"Node Type": "Nested Loop", "Parent Relationship": "Outer", "Join Type": "Inner", "Startup Cost": 0.0, "Total Cost": 105044.7, "Plan Rows": 48, "Plan Width": 63, "Inner Unique": true, "Plans": [{"Node Type": "Nested Loop", "Parent Relationship": "Outer", "Join Type": "Inner", "Startup Cost": 0.0, "Total Cost": 105030.03, "Plan Rows": 51, "Plan Width": 67, "Inner Unique": false, "Join Filter": "(mi.info_type_id = it1.id)", "Plans": [{"Node Type": "Index Scan", "Parent Relationship": "Outer", "Scan Direction": "Forward", "Index Name": "info_type_pkey", "Relation Name": "info_type", "Alias": "it1", "Startup Cost": 0.0, "Total Cost": 14.21, "Plan Rows": 1, "Plan Width": 4, "Filter": "((info)::text = 'budget'::text)"}, {"Node Type": "Nested Loop", "Parent Relationship": "Inner", "Join Type": "Inner", "Startup Cost": 0.0, "Total Cost": 105001.79, "Plan Rows": 1122, "Plan Width": 71, "Inner Unique": false, "Join Filter": "(t.id = mi.movie_id)", "Plans": [{"Node Type": "Nested Loop", "Parent Relationship": "Outer", "Join Type": "Inner", "Startup Cost": 0.0, "Total Cost": 104849.13, "Plan Rows": 210, "Plan Width": 37, "Inner Unique": false, "Join Filter": "(t.id = mc.movie_id)", "Plans": [{"Node Type": "Nested Loop", "Parent Relationship": "Outer", "Join Type": "Inner", "Startup Cost": 0.0, "Total Cost": 104728.36, "Plan Rows": 311, "Plan Width": 25, "Inner Unique": false, "Join Filter": "(mi_idx.info_type_id = it2.id)", "Plans": [{"Node Type": "Index Scan", "Parent Relationship": "Outer", "Scan Direction": "Forward", "Index Name": "info_type_pkey", "Relation Name": "info_type", "Alias": "it2", "Startup Cost": 0.0, "Total Cost": 14.21, "Plan Rows": 1, "Plan Width": 4, "Filter": "((info)::text = 'bottom 10 rank'::text)"}, {"Node Type": "Materialize", "Parent Relationship": "Inner", "Startup Cost": 0.0, "Total Cost": 104710.19, "Plan Rows": 396, "Plan Width": 29, "Plans": [{"Node Type": "Nested Loop", "Parent Relationship": "Outer", "Join Type": "Inner", "Startup Cost": 0.0, "Total Cost": 104709.2, "Plan Rows": 396, "Plan Width": 29, "Inner Unique": false, "Plans": [{"Node Type": "Streaming(type: LOCAL GATHER dop: 1/16)", "Parent Relationship": "Outer", "Startup Cost": 0.0, "Total Cost": 102608.29, "Plan Rows": 258, "Plan Width": 21, "Plans": [{"Node Type": "Index Scan", "Parent Relationship": "Outer", "Scan Direction": "Forward", "Index Name": "title_pkey", "Relation Name": "title", "Alias": "t", "Startup Cost": 0.0, "Total Cost": 102602.72, "Plan Rows": 258, "Plan Width": 21, "Filter": "((production_year > 2000) AND (((title)::text ~~ 'Birdemic%'::text) OR ((title)::text ~~ '%Movie%'::text)))"}]}, {"Node Type": "Index Scan", "Parent Relationship": "Inner", "Scan Direction": "Forward", "Index Name": "movie_id_movie_info_idx", "Relation Name": "movie_info_idx", "Alias": "mi_idx", "Startup Cost": 0.0, "Total Cost": 8.12, "Plan Rows": 2, "Plan Width": 8, "Index Cond": "(movie_id = t.id)"}]}]}]}, {"Node Type": "Index Scan", "Parent Relationship": "Inner", "Scan Direction": "Forward", "Index Name": "movie_id_movie_companies", "Relation Name": "movie_companies", "Alias": "mc", "Startup Cost": 0.0, "Total Cost": 0.36, "Plan Rows": 2, "Plan Width": 12, "Index Cond": "(movie_id = mi_idx.movie_id)"}]}, {"Node Type": "Index Scan", "Parent Relationship": "Inner", "Scan Direction": "Forward", "Index Name": "movie_id_movie_info", "Relation Name": "movie_info", "Alias": "mi", "Startup Cost": 0.0, "Total Cost": 0.66, "Plan Rows": 5, "Plan Width": 50, "Index Cond": "(movie_id = mc.movie_id)"}]}]}, {"Node Type": "Index Scan", "Parent Relationship": "Inner", "Scan Direction": "Forward", "Index Name": "company_name_pkey", "Relation Name": "company_name", "Alias": "cn", "Startup Cost": 0.0, "Total Cost": 0.28, "Plan Rows": 1, "Plan Width": 4, "Index Cond": "(id = mc.company_id)", "Filter": "((country_code)::text = '[us]'::text)"}]}, {"Node Type": "Index Scan", "Parent Relationship": "Inner", "Scan Direction": "Forward", "Index Name": "company_type_pkey", "Relation Name": "company_type", "Alias": "ct", "Startup Cost": 0.0, "Total Cost": 0.28, "Plan Rows": 1, "Plan Width": 4, "Index Cond": "(id = mc.company_type_id)", "Filter": "((kind IS NOT NULL) AND (((kind)::text = 'production companies'::text) OR ((kind)::text = 'distributors'::text)))"}]}]}, "Unique SQL Id": 1682224415}, "explain_analyze_plan": {"Plan": {"Node Type": "Aggregate", "Strategy": "Plain", "Startup Cost": 105058.62, "Total Cost": 105058.63, "Plan Rows": 1, "Plan Width": 123, "Actual Min Startup Time": 293.26, "Actual Max Startup Time": 293.26, "Actual Min Total Time": 293.26, "Actual Max Total Time": 293.26, "Actual Total Rows": 1, "Plans": [{"Node Type": "Nested Loop", "Parent Relationship": "Outer", "Join Type": "Inner", "Startup Cost": 0.0, "Total Cost": 105058.38, "Plan Rows": 48, "Plan Width": 59, "Actual Min Startup Time": 292.174, "Actual Max Startup Time": 292.174, "Actual Min Total Time": 293.233, "Actual Max Total Time": 293.233, "Actual Total Rows": 5, "Inner Unique": true, "Plans": [{"Node Type": "Nested Loop", "Parent Relationship": "Outer", "Join Type": "Inner", "Startup Cost": 0.0, "Total Cost": 105044.7, "Plan Rows": 48, "Plan Width": 63, "Actual Min Startup Time": 289.347, "Actual Max Startup Time": 289.347, "Actual Min Total Time": 293.194, "Actual Max Total Time": 293.194, "Actual Total Rows": 10, "Inner Unique": true, "Plans": [{"Node Type": "Nested Loop", "Parent Relationship": "Outer", "Join Type": "Inner", "Startup Cost": 0.0, "Total Cost": 105030.03, "Plan Rows": 51, "Plan Width": 67, "Actual Min Startup Time": 287.998, "Actual Max Startup Time": 287.998, "Actual Min Total Time": 292.99, "Actual Max Total Time": 292.99, "Actual Total Rows": 33, "Inner Unique": false, "Join Filter": "(mi.info_type_id = it1.id)", "Rows Removed by Join Filter": 4926, "Plans": [{"Node Type": "Index Scan", "Parent Relationship": "Outer", "Scan Direction": "Forward", "Index Name": "info_type_pkey", "Relation Name": "info_type", "Alias": "it1", "Startup Cost": 0.0, "Total Cost": 14.21, "Plan Rows": 1, "Plan Width": 4, "Actual Min Startup Time": 0.107, "Actual Max Startup Time": 0.107, "Actual Min Total Time": 0.114, "Actual Max Total Time": 0.114, "Actual Total Rows": 1, "Filter": "((info)::text = 'budget'::text)", "Rows Removed by Filter": 111}, {"Node Type": "Nested Loop", "Parent Relationship": "Inner", "Join Type": "Inner", "Startup Cost": 0.0, "Total Cost": 105001.79, "Plan Rows": 1122, "Plan Width": 71, "Actual Min Startup Time": 287.747, "Actual Max Startup Time": 287.747, "Actual Min Total Time": 291.898, "Actual Max Total Time": 291.898, "Actual Total Rows": 4959, "Inner Unique": false, "Join Filter": "(t.id = mi.movie_id)", "Rows Removed by Join Filter": 0, "Plans": [{"Node Type": "Nested Loop", "Parent Relationship": "Outer", "Join Type": "Inner", "Startup Cost": 0.0, "Total Cost": 104849.13, "Plan Rows": 210, "Plan Width": 37, "Actual Min Startup Time": 287.718, "Actual Max Startup Time": 287.718, "Actual Min Total Time": 287.9, "Actual Max Total Time": 287.9, "Actual Total Rows": 33, "Inner Unique": false, "Join Filter": "(t.id = mc.movie_id)", "Rows Removed by Join Filter": 0, "Plans": [{"Node Type": "Nested Loop", "Parent Relationship": "Outer", "Join Type": "Inner", "Startup Cost": 0.0, "Total Cost": 104728.36, "Plan Rows": 311, "Plan Width": 25, "Actual Min Startup Time": 287.694, "Actual Max Startup Time": 287.694, "Actual Min Total Time": 287.838, "Actual Max Total Time": 287.838, "Actual Total Rows": 2, "Inner Unique": false, "Join Filter": "(mi_idx.info_type_id = it2.id)", "Rows Removed by Join Filter": 2643, "Plans": [{"Node Type": "Index Scan", "Parent Relationship": "Outer", "Scan Direction": "Forward", "Index Name": "info_type_pkey", "Relation Name": "info_type", "Alias": "it2", "Startup Cost": 0.0, "Total Cost": 14.21, "Plan Rows": 1, "Plan Width": 4, "Actual Min Startup Time": 0.083, "Actual Max Startup Time": 0.083, "Actual Min Total Time": 0.084, "Actual Max Total Time": 0.084, "Actual Total Rows": 1, "Filter": "((info)::text = 'bottom 10 rank'::text)", "Rows Removed by Filter": 111}, {"Node Type": "Materialize", "Parent Relationship": "Inner", "Startup Cost": 0.0, "Total Cost": 104710.19, "Plan Rows": 396, "Plan Width": 29, "Actual Min Startup Time": 286.833, "Actual Max Startup Time": 286.833, "Actual Min Total Time": 287.196, "Actual Max Total Time": 287.196, "Actual Total Rows": 2646, "Plans": [{"Node Type": "Nested Loop", "Parent Relationship": "Outer", "Join Type": "Inner", "Startup Cost": 0.0, "Total Cost": 104709.2, "Plan Rows": 396, "Plan Width": 29, "Actual Min Startup Time": 76.892, "Actual Max Startup Time": 76.892, "Actual Min Total Time": 285.809, "Actual Max Total Time": 285.809, "Actual Total Rows": 2645, "Inner Unique": false, "Plans": [{"Node Type": "Streaming(type: LOCAL GATHER dop: 1/16)", "Parent Relationship": "Outer", "Startup Cost": 0.0, "Total Cost": 102608.29, "Plan Rows": 258, "Plan Width": 21, "Actual Min Startup Time": 76.847, "Actual Max Startup Time": 76.847, "Actual Min Total Time": 274.103, "Actual Max Total Time": 274.103, "Actual Total Rows": 2536, "Plans": [{"Node Type": "Index Scan", "Parent Relationship": "Outer", "Scan Direction": "Forward", "Index Name": "title_pkey", "Relation Name": "title", "Alias": "t", "Startup Cost": 0.0, "Total Cost": 102602.72, "Plan Rows": 258, "Plan Width": 21, "Actual Min Startup Time": 11.531, "Actual Max Startup Time": 23.868, "Actual Min Total Time": 241.574, "Actual Max Total Time": 278.879, "Actual Total Rows": 2536, "Filter": "((production_year > 2000) AND (((title)::text ~~ 'Birdemic%'::text) OR ((title)::text ~~ '%Movie%'::text)))", "Rows Removed by Filter": 2525775}]}, {"Node Type": "Index Scan", "Parent Relationship": "Inner", "Scan Direction": "Forward", "Index Name": "movie_id_movie_info_idx", "Relation Name": "movie_info_idx", "Alias": "mi_idx", "Startup Cost": 0.0, "Total Cost": 8.12, "Plan Rows": 2, "Plan Width": 8, "Actual Min Startup Time": 8.68, "Actual Max Startup Time": 8.68, "Actual Min Total Time": 9.632, "Actual Max Total Time": 9.632, "Actual Total Rows": 2645, "Index Cond": "(movie_id = t.id)", "Rows Removed by Index Recheck": 0}]}]}]}, {"Node Type": "Index Scan", "Parent Relationship": "Inner", "Scan Direction": "Forward", "Index Name": "movie_id_movie_companies", "Relation Name": "movie_companies", "Alias": "mc", "Startup Cost": 0.0, "Total Cost": 0.36, "Plan Rows": 2, "Plan Width": 12, "Actual Min Startup Time": 0.021, "Actual Max Startup Time": 0.021, "Actual Min Total Time": 0.042, "Actual Max Total Time": 0.042, "Actual Total Rows": 33, "Index Cond": "(movie_id = mi_idx.movie_id)", "Rows Removed by Index Recheck": 0}]}, {"Node Type": "Index Scan", "Parent Relationship": "Inner", "Scan Direction": "Forward", "Index Name": "movie_id_movie_info", "Relation Name": "movie_info", "Alias": "mi", "Startup Cost": 0.0, "Total Cost": 0.66, "Plan Rows": 5, "Plan Width": 50, "Actual Min Startup Time": 0.49, "Actual Max Startup Time": 0.49, "Actual Min Total Time": 2.496, "Actual Max Total Time": 2.496, "Actual Total Rows": 4959, "Index Cond": "(movie_id = mc.movie_id)", "Rows Removed by Index Recheck": 0}]}]}, {"Node Type": "Index Scan", "Parent Relationship": "Inner", "Scan Direction": "Forward", "Index Name": "company_name_pkey", "Relation Name": "company_name", "Alias": "cn", "Startup Cost": 0.0, "Total Cost": 0.28, "Plan Rows": 1, "Plan Width": 4, "Actual Min Startup Time": 0.177, "Actual Max Startup Time": 0.177, "Actual Min Total Time": 0.177, "Actual Max Total Time": 0.177, "Actual Total Rows": 10, "Index Cond": "(id = mc.company_id)", "Rows Removed by Index Recheck": 0, "Filter": "((country_code)::text = '[us]'::text)", "Rows Removed by Filter": 23}]}, {"Node Type": "Index Scan", "Parent Relationship": "Inner", "Scan Direction": "Forward", "Index Name": "company_type_pkey", "Relation Name": "company_type", "Alias": "ct", "Startup Cost": 0.0, "Total Cost": 0.28, "Plan Rows": 1, "Plan Width": 4, "Actual Min Startup Time": 0.025, "Actual Max Startup Time": 0.025, "Actual Min Total Time": 0.025, "Actual Max Total Time": 0.025, "Actual Total Rows": 5, "Index Cond": "(id = mc.company_type_id)", "Rows Removed by Index Recheck": 0, "Filter": "((kind IS NOT NULL) AND (((kind)::text = 'production companies'::text) OR ((kind)::text = 'distributors'::text)))", "Rows Removed by Filter": 0}]}]}, "Triggers": [], "Planner Runtime": 147.891, "Total Runtime": 296.007, "Unique SQL Id": 1682224415}}, "(16, 34)": {"explain_plan": {"Plan": {"Node Type": "Aggregate", "Strategy": "Plain", "Startup Cost": 24630.0, "Total Cost": 24630.01, "Plan Rows": 1, "Plan Width": 123, "Plans": [{"Node Type": "Nested Loop", "Parent Relationship": "Outer", "Join Type": "Inner", "Startup Cost": 5.15, "Total Cost": 24629.98, "Plan Rows": 4, "Plan Width": 59, "Inner Unique": true, "Plans": [{"Node Type": "Nested Loop", "Parent Relationship": "Outer", "Join Type": "Inner", "Startup Cost": 4.89, "Total Cost": 24561.45, "Plan Rows": 16, "Plan Width": 63, "Inner Unique": true, "Join Filter": "(mc.company_type_id = ct.id)", "Plans": [{"Node Type": "Nested Loop", "Parent Relationship": "Outer", "Join Type": "Inner", "Startup Cost": 4.89, "Total Cost": 24558.87, "Plan Rows": 51, "Plan Width": 67, "Inner Unique": false, "Join Filter": "(t.id = mc.movie_id)", "Plans": [{"Node Type": "Nested Loop", "Parent Relationship": "Outer", "Join Type": "Inner", "Startup Cost": 4.63, "Total Cost": 24524.32, "Plan Rows": 8, "Plan Width": 71, "Inner Unique": false, "Join Filter": "(mi.info_type_id = it1.id)", "Plans": [{"Node Type": "Seq Scan", "Parent Relationship": "Outer", "Relation Name": "info_type", "Alias": "it1", "Startup Cost": 0.0, "Total Cost": 2.4, "Plan Rows": 1, "Plan Width": 4, "Filter": "((info)::text = 'budget'::text)"}, {"Node Type": "Nested Loop", "Parent Relationship": "Inner", "Join Type": "Inner", "Startup Cost": 4.63, "Total Cost": 24501.18, "Plan Rows": 1659, "Plan Width": 75, "Inner Unique": false, "Join Filter": "(t.id = mi.movie_id)", "Plans": [{"Node Type": "Nested Loop", "Parent Relationship": "Outer", "Join Type": "Inner", "Startup Cost": 4.17, "Total Cost": 23077.28, "Plan Rows": 311, "Plan Width": 25, "Inner Unique": false, "Join Filter": "(mi_idx.info_type_id = it2.id)", "Plans": [{"Node Type": "Seq Scan", "Parent Relationship": "Outer", "Relation Name": "info_type", "Alias": "it2", "Startup Cost": 0.0, "Total Cost": 2.4, "Plan Rows": 1, "Plan Width": 4, "Filter": "((info)::text = 'bottom 10 rank'::text)"}, {"Node Type": "Materialize", "Parent Relationship": "Inner", "Startup Cost": 4.17, "Total Cost": 23070.92, "Plan Rows": 396, "Plan Width": 29, "Plans": [{"Node Type": "Nested Loop", "Parent Relationship": "Outer", "Join Type": "Inner", "Startup Cost": 4.17, "Total Cost": 23069.93, "Plan Rows": 396, "Plan Width": 29, "Inner Unique": false, "Plans": [{"Node Type": "Streaming(type: LOCAL GATHER dop: 1/16)", "Parent Relationship": "Outer", "Startup Cost": 0.0, "Total Cost": 19945.03, "Plan Rows": 258, "Plan Width": 21, "Plans": [{"Node Type": "Seq Scan", "Parent Relationship": "Outer", "Relation Name": "title", "Alias": "t", "Startup Cost": 0.0, "Total Cost": 19939.47, "Plan Rows": 258, "Plan Width": 21, "Filter": "((production_year > 2000) AND (((title)::text ~~ 'Birdemic%'::text) OR ((title)::text ~~ '%Movie%'::text)))"}]}, {"Node Type": "Bitmap Heap Scan", "Parent Relationship": "Inner", "Relation Name": "movie_info_idx", "Alias": "mi_idx", "Startup Cost": 4.17, "Total Cost": 12.09, "Plan Rows": 2, "Plan Width": 8, "Recheck Cond": "(movie_id = t.id)", "Plans": [{"Node Type": "Bitmap Index Scan", "Parent Relationship": "Outer", "Index Name": "movie_id_movie_info_idx", "Startup Cost": 0.0, "Total Cost": 4.17, "Plan Rows": 2, "Plan Width": 0, "Index Cond": "(movie_id = t.id)"}]}]}]}]}, {"Node Type": "Bitmap Heap Scan", "Parent Relationship": "Inner", "Relation Name": "movie_info", "Alias": "mi", "Startup Cost": 0.45, "Total Cost": 4.52, "Plan Rows": 5, "Plan Width": 50, "Recheck Cond": "(movie_id = mi_idx.movie_id)", "Plans": [{"Node Type": "Bitmap Index Scan", "Parent Relationship": "Outer", "Index Name": "movie_id_movie_info", "Startup Cost": 0.0, "Total Cost": 0.45, "Plan Rows": 5, "Plan Width": 0, "Index Cond": "(movie_id = mi_idx.movie_id)"}]}]}]}, {"Node Type": "Bitmap Heap Scan", "Parent Relationship": "Inner", "Relation Name": "movie_companies", "Alias": "mc", "Startup Cost": 0.27, "Total Cost": 4.29, "Plan Rows": 2, "Plan Width": 12, "Recheck Cond": "(movie_id = mi.movie_id)", "Plans": [{"Node Type": "Bitmap Index Scan", "Parent Relationship": "Outer", "Index Name": "movie_id_movie_companies", "Startup Cost": 0.0, "Total Cost": 0.27, "Plan Rows": 2, "Plan Width": 0, "Index Cond": "(movie_id = mi.movie_id)"}]}]}, {"Node Type": "Materialize", "Parent Relationship": "Inner", "Startup Cost": 0.0, "Total Cost": 1.05, "Plan Rows": 2, "Plan Width": 4, "Plans": [{"Node Type": "Seq Scan", "Parent Relationship": "Outer", "Relation Name": "company_type", "Alias": "ct", "Startup Cost": 0.0, "Total Cost": 1.04, "Plan Rows": 2, "Plan Width": 4, "Filter": "((kind IS NOT NULL) AND (((kind)::text = 'production companies'::text) OR ((kind)::text = 'distributors'::text)))"}]}]}, {"Node Type": "Bitmap Heap Scan", "Parent Relationship": "Inner", "Relation Name": "company_name", "Alias": "cn", "Startup Cost": 0.26, "Total Cost": 4.27, "Plan Rows": 1, "Plan Width": 4, "Recheck Cond": "(id = mc.company_id)", "Filter": "((country_code)::text = '[us]'::text)", "Plans": [{"Node Type": "Bitmap Index Scan", "Parent Relationship": "Outer", "Index Name": "company_name_pkey", "Startup Cost": 0.0, "Total Cost": 0.26, "Plan Rows": 1, "Plan Width": 0, "Index Cond": "(id = mc.company_id)"}]}]}]}, "Unique SQL Id": 1682224415}, "explain_analyze_plan": {"Plan": {"Node Type": "Aggregate", "Strategy": "Plain", "Startup Cost": 24630.0, "Total Cost": 24630.01, "Plan Rows": 1, "Plan Width": 123, "Actual Min Startup Time": 105.076, "Actual Max Startup Time": 105.076, "Actual Min Total Time": 105.077, "Actual Max Total Time": 105.077, "Actual Total Rows": 1, "Plans": [{"Node Type": "Nested Loop", "Parent Relationship": "Outer", "Join Type": "Inner", "Startup Cost": 5.15, "Total Cost": 24629.98, "Plan Rows": 4, "Plan Width": 59, "Actual Min Startup Time": 104.078, "Actual Max Startup Time": 104.078, "Actual Min Total Time": 105.045, "Actual Max Total Time": 105.045, "Actual Total Rows": 5, "Inner Unique": true, "Plans": [{"Node Type": "Nested Loop", "Parent Relationship": "Outer", "Join Type": "Inner", "Startup Cost": 4.89, "Total Cost": 24561.45, "Plan Rows": 16, "Plan Width": 63, "Actual Min Startup Time": 104.056, "Actual Max Startup Time": 104.056, "Actual Min Total Time": 104.984, "Actual Max Total Time": 104.984, "Actual Total Rows": 5, "Inner Unique": true, "Join Filter": "(mc.company_type_id = ct.id)", "Rows Removed by Join Filter": 28, "Plans": [{"Node Type": "Nested Loop", "Parent Relationship": "Outer", "Join Type": "Inner", "Startup Cost": 4.89, "Total Cost": 24558.87, "Plan Rows": 51, "Plan Width": 67, "Actual Min Startup Time": 103.998, "Actual Max Startup Time": 103.998, "Actual Min Total Time": 104.935, "Actual Max Total Time": 104.935, "Actual Total Rows": 33, "Inner Unique": false, "Join Filter": "(t.id = mc.movie_id)", "Rows Removed by Join Filter": 0, "Plans": [{"Node Type": "Nested Loop", "Parent Relationship": "Outer", "Join Type": "Inner", "Startup Cost": 4.63, "Total Cost": 24524.32, "Plan Rows": 8, "Plan Width": 71, "Actual Min Startup Time": 103.959, "Actual Max Startup Time": 103.959, "Actual Min Total Time": 104.859, "Actual Max Total Time": 104.859, "Actual Total Rows": 2, "Inner Unique": false, "Join Filter": "(mi.info_type_id = it1.id)", "Rows Removed by Join Filter": 219, "Plans": [{"Node Type": "Seq Scan", "Parent Relationship": "Outer", "Relation Name": "info_type", "Alias": "it1", "Startup Cost": 0.0, "Total Cost": 2.4, "Plan Rows": 1, "Plan Width": 4, "Actual Min Startup Time": 0.093, "Actual Max Startup Time": 0.093, "Actual Min Total Time": 0.103, "Actual Max Total Time": 0.103, "Actual Total Rows": 1, "Filter": "((info)::text = 'budget'::text)", "Rows Removed by Filter": 111}, {"Node Type": "Nested Loop", "Parent Relationship": "Inner", "Join Type": "Inner", "Startup Cost": 4.63, "Total Cost": 24501.18, "Plan Rows": 1659, "Plan Width": 75, "Actual Min Startup Time": 103.72, "Actual Max Startup Time": 103.72, "Actual Min Total Time": 104.66, "Actual Max Total Time": 104.66, "Actual Total Rows": 221, "Inner Unique": false, "Join Filter": "(t.id = mi.movie_id)", "Rows Removed by Join Filter": 0, "Plans": [{"Node Type": "Nested Loop", "Parent Relationship": "Outer", "Join Type": "Inner", "Startup Cost": 4.17, "Total Cost": 23077.28, "Plan Rows": 311, "Plan Width": 25, "Actual Min Startup Time": 103.665, "Actual Max Startup Time": 103.665, "Actual Min Total Time": 104.378, "Actual Max Total Time": 104.378, "Actual Total Rows": 2, "Inner Unique": false, "Join Filter": "(mi_idx.info_type_id = it2.id)", "Rows Removed by Join Filter": 2643, "Plans": [{"Node Type": "Seq Scan", "Parent Relationship": "Outer", "Relation Name": "info_type", "Alias": "it2", "Startup Cost": 0.0, "Total Cost": 2.4, "Plan Rows": 1, "Plan Width": 4, "Actual Min Startup Time": 0.08, "Actual Max Startup Time": 0.08, "Actual Min Total Time": 0.084, "Actual Max Total Time": 0.084, "Actual Total Rows": 1, "Filter": "((info)::text = 'bottom 10 rank'::text)", "Rows Removed by Filter": 111}, {"Node Type": "Materialize", "Parent Relationship": "Inner", "Startup Cost": 4.17, "Total Cost": 23070.92, "Plan Rows": 396, "Plan Width": 29, "Actual Min Startup Time": 103.425, "Actual Max Startup Time": 103.425, "Actual Min Total Time": 103.698, "Actual Max Total Time": 103.698, "Actual Total Rows": 2646, "Plans": [{"Node Type": "Nested Loop", "Parent Relationship": "Outer", "Join Type": "Inner", "Startup Cost": 4.17, "Total Cost": 23069.93, "Plan Rows": 396, "Plan Width": 29, "Actual Min Startup Time": 77.156, "Actual Max Startup Time": 77.156, "Actual Min Total Time": 102.587, "Actual Max Total Time": 102.587, "Actual Total Rows": 2645, "Inner Unique": false, "Plans": [{"Node Type": "Streaming(type: LOCAL GATHER dop: 1/16)", "Parent Relationship": "Outer", "Startup Cost": 0.0, "Total Cost": 19945.03, "Plan Rows": 258, "Plan Width": 21, "Actual Min Startup Time": 77.055, "Actual Max Startup Time": 77.055, "Actual Min Total Time": 87.707, "Actual Max Total Time": 87.707, "Actual Total Rows": 2536, "Plans": [{"Node Type": "Seq Scan", "Parent Relationship": "Outer", "Relation Name": "title", "Alias": "t", "Startup Cost": 0.0, "Total Cost": 19939.47, "Plan Rows": 258, "Plan Width": 21, "Actual Min Startup Time": 0.051, "Actual Max Startup Time": 5.353, "Actual Min Total Time": 80.125, "Actual Max Total Time": 84.353, "Actual Total Rows": 2536, "Filter": "((production_year > 2000) AND (((title)::text ~~ 'Birdemic%'::text) OR ((title)::text ~~ '%Movie%'::text)))", "Rows Removed by Filter": 2525775}]}, {"Node Type": "Bitmap Heap Scan", "Parent Relationship": "Inner", "Relation Name": "movie_info_idx", "Alias": "mi_idx", "Startup Cost": 4.17, "Total Cost": 12.09, "Plan Rows": 2, "Plan Width": 8, "Actual Min Startup Time": 11.147, "Actual Max Startup Time": 11.147, "Actual Min Total Time": 11.54, "Actual Max Total Time": 11.54, "Actual Total Rows": 2645, "Recheck Cond": "(movie_id = t.id)", "Rows Removed by Index Recheck": 0, "Exact Heap Blocks": 890, "Lossy Heap Blocks": 890, "Plans": [{"Node Type": "Bitmap Index Scan", "Parent Relationship": "Outer", "Index Name": "movie_id_movie_info_idx", "Startup Cost": 0.0, "Total Cost": 4.17, "Plan Rows": 2, "Plan Width": 0, "Actual Min Startup Time": 8.215, "Actual Max Startup Time": 8.215, "Actual Min Total Time": 8.215, "Actual Max Total Time": 8.215, "Actual Total Rows": 2645, "Index Cond": "(movie_id = t.id)"}]}]}]}]}, {"Node Type": "Bitmap Heap Scan", "Parent Relationship": "Inner", "Relation Name": "movie_info", "Alias": "mi", "Startup Cost": 0.45, "Total Cost": 4.52, "Plan Rows": 5, "Plan Width": 50, "Actual Min Startup Time": 0.066, "Actual Max Startup Time": 0.066, "Actual Min Total Time": 0.209, "Actual Max Total Time": 0.209, "Actual Total Rows": 221, "Recheck Cond": "(movie_id = mi_idx.movie_id)", "Rows Removed by Index Recheck": 0, "Exact Heap Blocks": 40, "Lossy Heap Blocks": 40, "Plans": [{"Node Type": "Bitmap Index Scan", "Parent Relationship": "Outer", "Index Name": "movie_id_movie_info", "Startup Cost": 0.0, "Total Cost": 0.45, "Plan Rows": 5, "Plan Width": 0, "Actual Min Startup Time": 0.05, "Actual Max Startup Time": 0.05, "Actual Min Total Time": 0.05, "Actual Max Total Time": 0.05, "Actual Total Rows": 221, "Index Cond": "(movie_id = mi_idx.movie_id)"}]}]}]}, {"Node Type": "Bitmap Heap Scan", "Parent Relationship": "Inner", "Relation Name": "movie_companies", "Alias": "mc", "Startup Cost": 0.27, "Total Cost": 4.29, "Plan Rows": 2, "Plan Width": 12, "Actual Min Startup Time": 0.044, "Actual Max Startup Time": 0.044, "Actual Min Total Time": 0.054, "Actual Max Total Time": 0.054, "Actual Total Rows": 33, "Recheck Cond": "(movie_id = mi.movie_id)", "Rows Removed by Index Recheck": 0, "Exact Heap Blocks": 4, "Lossy Heap Blocks": 4, "Plans": [{"Node Type": "Bitmap Index Scan", "Parent Relationship": "Outer", "Index Name": "movie_id_movie_companies", "Startup Cost": 0.0, "Total Cost": 0.27, "Plan Rows": 2, "Plan Width": 0, "Actual Min Startup Time": 0.021, "Actual Max Startup Time": 0.021, "Actual Min Total Time": 0.021, "Actual Max Total Time": 0.021, "Actual Total Rows": 33, "Index Cond": "(movie_id = mi.movie_id)"}]}]}, {"Node Type": "Materialize", "Parent Relationship": "Inner", "Startup Cost": 0.0, "Total Cost": 1.05, "Plan Rows": 2, "Plan Width": 4, "Actual Min Startup Time": 0.023, "Actual Max Startup Time": 0.023, "Actual Min Total Time": 0.028, "Actual Max Total Time": 0.028, "Actual Total Rows": 33, "Plans": [{"Node Type": "Seq Scan", "Parent Relationship": "Outer", "Relation Name": "company_type", "Alias": "ct", "Startup Cost": 0.0, "Total Cost": 1.04, "Plan Rows": 2, "Plan Width": 4, "Actual Min Startup Time": 0.015, "Actual Max Startup Time": 0.015, "Actual Min Total Time": 0.019, "Actual Max Total Time": 0.019, "Actual Total Rows": 1, "Filter": "((kind IS NOT NULL) AND (((kind)::text = 'production companies'::text) OR ((kind)::text = 'distributors'::text)))", "Rows Removed by Filter": 2}]}]}, {"Node Type": "Bitmap Heap Scan", "Parent Relationship": "Inner", "Relation Name": "company_name", "Alias": "cn", "Startup Cost": 0.26, "Total Cost": 4.27, "Plan Rows": 1, "Plan Width": 4, "Actual Min Startup Time": 0.047, "Actual Max Startup Time": 0.047, "Actual Min Total Time": 0.047, "Actual Max Total Time": 0.047, "Actual Total Rows": 5, "Recheck Cond": "(id = mc.company_id)", "Rows Removed by Index Recheck": 0, "Filter": "((country_code)::text = '[us]'::text)", "Rows Removed by Filter": 0, "Exact Heap Blocks": 5, "Lossy Heap Blocks": 5, "Plans": [{"Node Type": "Bitmap Index Scan", "Parent Relationship": "Outer", "Index Name": "company_name_pkey", "Startup Cost": 0.0, "Total Cost": 0.26, "Plan Rows": 1, "Plan Width": 0, "Actual Min Startup Time": 0.028, "Actual Max Startup Time": 0.028, "Actual Min Total Time": 0.028, "Actual Max Total Time": 0.028, "Actual Total Rows": 5, "Index Cond": "(id = mc.company_id)"}]}]}]}, "Triggers": [], "Planner Runtime": 287.789, "Total Runtime": 108.209, "Unique SQL Id": 1682224415}}, "(16, 35)": {"explain_plan": {"Plan": {"Node Type": "Aggregate", "Strategy": "Plain", "Startup Cost": 135083.51, "Total Cost": 135083.52, "Plan Rows": 1, "Plan Width": 123, "Plans": [{"Node Type": "Nested Loop", "Parent Relationship": "Outer", "Join Type": "Inner", "Startup Cost": 49668.32, "Total Cost": 135083.27, "Plan Rows": 48, "Plan Width": 59, "Inner Unique": true, "Plans": [{"Node Type": "Nested Loop", "Parent Relationship": "Outer", "Join Type": "Inner", "Startup Cost": 49668.06, "Total Cost": 135014.74, "Plan Rows": 16, "Plan Width": 63, "Inner Unique": true, "Plans": [{"Node Type": "Nested Loop", "Parent Relationship": "Outer", "Join Type": "Inner", "Startup Cost": 49667.8, "Total Cost": 134796.19, "Plan Rows": 51, "Plan Width": 67, "Inner Unique": true, "Plans": [{"Node Type": "Nested Loop", "Parent Relationship": "Outer", "Join Type": "Inner", "Startup Cost": 49667.54, "Total Cost": 134517.81, "Plan Rows": 65, "Plan Width": 71, "Inner Unique": false, "Join Filter": "(t.id = mi_idx.movie_id)", "Plans": [{"Node Type": "Nested Loop", "Parent Relationship": "Outer", "Join Type": "Inner", "Startup Cost": 49667.27, "Total Cost": 134336.51, "Plan Rows": 42, "Plan Width": 79, "Inner Unique": false, "Join Filter": "(mi.info_type_id = it1.id)", "Plans": [{"Node Type": "Bitmap Heap Scan", "Parent Relationship": "Outer", "Relation Name": "info_type", "Alias": "it1", "Startup Cost": 8.81, "Total Cost": 14.21, "Plan Rows": 1, "Plan Width": 4, "Filter": "((info)::text = 'budget'::text)", "Plans": [{"Node Type": "Bitmap Index Scan", "Parent Relationship": "Outer", "Index Name": "info_type_pkey", "Startup Cost": 0.0, "Total Cost": 8.81, "Plan Rows": 112, "Plan Width": 0}]}, {"Node Type": "Nested Loop", "Parent Relationship": "Inner", "Join Type": "Inner", "Startup Cost": 49658.46, "Total Cost": 134284.94, "Plan Rows": 2989, "Plan Width": 83, "Inner Unique": false, "Join Filter": "(t.id = mi.movie_id)", "Plans": [{"Node Type": "Nested Loop", "Parent Relationship": "Outer", "Join Type": "Inner", "Startup Cost": 49658.09, "Total Cost": 131831.96, "Plan Rows": 545, "Plan Width": 33, "Inner Unique": false, "Plans": [{"Node Type": "Bitmap Heap Scan", "Parent Relationship": "Outer", "Relation Name": "title", "Alias": "t", "Startup Cost": 49653.87, "Total Cost": 128685.31, "Plan Rows": 258, "Plan Width": 21, "Filter": "((production_year > 2000) AND (((title)::text ~~ 'Birdemic%'::text) OR ((title)::text ~~ '%Movie%'::text)))", "Plans": [{"Node Type": "Bitmap Index Scan", "Parent Relationship": "Outer", "Index Name": "title_pkey", "Startup Cost": 0.0, "Total Cost": 49653.81, "Plan Rows": 2528311, "Plan Width": 0}]}, {"Node Type": "Bitmap Heap Scan", "Parent Relationship": "Inner", "Relation Name": "movie_companies", "Alias": "mc", "Startup Cost": 4.22, "Total Cost": 12.18, "Plan Rows": 2, "Plan Width": 12, "Recheck Cond": "(movie_id = t.id)", "Plans": [{"Node Type": "Bitmap Index Scan", "Parent Relationship": "Outer", "Index Name": "movie_id_movie_companies", "Startup Cost": 0.0, "Total Cost": 4.22, "Plan Rows": 2, "Plan Width": 0, "Index Cond": "(movie_id = t.id)"}]}]}, {"Node Type": "Bitmap Heap Scan", "Parent Relationship": "Inner", "Relation Name": "movie_info", "Alias": "mi", "Startup Cost": 0.38, "Total Cost": 4.44, "Plan Rows": 5, "Plan Width": 50, "Recheck Cond": "(movie_id = mc.movie_id)", "Plans": [{"Node Type": "Bitmap Index Scan", "Parent Relationship": "Outer", "Index Name": "movie_id_movie_info", "Startup Cost": 0.0, "Total Cost": 0.37, "Plan Rows": 5, "Plan Width": 0, "Index Cond": "(movie_id = mc.movie_id)"}]}]}]}, {"Node Type": "Bitmap Heap Scan", "Parent Relationship": "Inner", "Relation Name": "movie_info_idx", "Alias": "mi_idx", "Startup Cost": 0.27, "Total Cost": 4.29, "Plan Rows": 2, "Plan Width": 8, "Recheck Cond": "(movie_id = mi.movie_id)", "Plans": [{"Node Type": "Bitmap Index Scan", "Parent Relationship": "Outer", "Index Name": "movie_id_movie_info_idx", "Startup Cost": 0.0, "Total Cost": 0.27, "Plan Rows": 2, "Plan Width": 0, "Index Cond": "(movie_id = mi.movie_id)"}]}]}, {"Node Type": "Bitmap Heap Scan", "Parent Relationship": "Inner", "Relation Name": "info_type", "Alias": "it2", "Startup Cost": 0.26, "Total Cost": 4.27, "Plan Rows": 1, "Plan Width": 4, "Recheck Cond": "(id = mi_idx.info_type_id)", "Filter": "((info)::text = 'bottom 10 rank'::text)", "Plans": [{"Node Type": "Bitmap Index Scan", "Parent Relationship": "Outer", "Index Name": "info_type_pkey", "Startup Cost": 0.0, "Total Cost": 0.26, "Plan Rows": 1, "Plan Width": 0, "Index Cond": "(id = mi_idx.info_type_id)"}]}]}, {"Node Type": "Bitmap Heap Scan", "Parent Relationship": "Inner", "Relation Name": "company_type", "Alias": "ct", "Startup Cost": 0.26, "Total Cost": 4.28, "Plan Rows": 1, "Plan Width": 4, "Recheck Cond": "(id = mc.company_type_id)", "Filter": "((kind IS NOT NULL) AND (((kind)::text = 'production companies'::text) OR ((kind)::text = 'distributors'::text)))", "Plans": [{"Node Type": "Bitmap Index Scan", "Parent Relationship": "Outer", "Index Name": "company_type_pkey", "Startup Cost": 0.0, "Total Cost": 0.26, "Plan Rows": 1, "Plan Width": 0, "Index Cond": "(id = mc.company_type_id)"}]}]}, {"Node Type": "Bitmap Heap Scan", "Parent Relationship": "Inner", "Relation Name": "company_name", "Alias": "cn", "Startup Cost": 0.26, "Total Cost": 4.27, "Plan Rows": 1, "Plan Width": 4, "Recheck Cond": "(id = mc.company_id)", "Filter": "((country_code)::text = '[us]'::text)", "Plans": [{"Node Type": "Bitmap Index Scan", "Parent Relationship": "Outer", "Index Name": "company_name_pkey", "Startup Cost": 0.0, "Total Cost": 0.26, "Plan Rows": 1, "Plan Width": 0, "Index Cond": "(id = mc.company_id)"}]}]}]}, "Unique SQL Id": 1682224415}, "explain_analyze_plan": null}, "(16, 36)": {"explain_plan": {"Plan": {"Node Type": "Aggregate", "Strategy": "Plain", "Startup Cost": 22395.63, "Total Cost": 22395.64, "Plan Rows": 1, "Plan Width": 123, "Plans": [{"Node Type": "Nested Loop", "Parent Relationship": "Outer", "Join Type": "Inner", "Startup Cost": 0.0, "Total Cost": 22395.61, "Plan Rows": 4, "Plan Width": 59, "Inner Unique": true, "Plans": [{"Node Type": "Nested Loop", "Parent Relationship": "Outer", "Join Type": "Inner", "Startup Cost": 0.0, "Total Cost": 22393.6, "Plan Rows": 7, "Plan Width": 63, "Inner Unique": true, "Join Filter": "(mc.company_type_id = ct.id)", "Plans": [{"Node Type": "Nested Loop", "Parent Relationship": "Outer", "Join Type": "Inner", "Startup Cost": 0.0, "Total Cost": 22392.19, "Plan Rows": 12, "Plan Width": 67, "Inner Unique": false, "Join Filter": "(t.id = mc.movie_id)", "Plans": [{"Node Type": "Nested Loop", "Parent Relationship": "Outer", "Join Type": "Inner", "Startup Cost": 0.0, "Total Cost": 22389.62, "Plan Rows": 8, "Plan Width": 71, "Inner Unique": false, "Join Filter": "(mi.info_type_id = it1.id)", "Plans": [{"Node Type": "Seq Scan", "Parent Relationship": "Outer", "Relation Name": "info_type", "Alias": "it1", "Startup Cost": 0.0, "Total Cost": 2.4, "Plan Rows": 1, "Plan Width": 4, "Filter": "((info)::text = 'budget'::text)"}, {"Node Type": "Nested Loop", "Parent Relationship": "Inner", "Join Type": "Inner", "Startup Cost": 0.0, "Total Cost": 22366.48, "Plan Rows": 1659, "Plan Width": 75, "Inner Unique": false, "Join Filter": "(t.id = mi.movie_id)", "Plans": [{"Node Type": "Nested Loop", "Parent Relationship": "Outer", "Join Type": "Inner", "Startup Cost": 0.0, "Total Cost": 22053.3, "Plan Rows": 311, "Plan Width": 25, "Inner Unique": false, "Join Filter": "(mi_idx.info_type_id = it2.id)", "Plans": [{"Node Type": "Seq Scan", "Parent Relationship": "Outer", "Relation Name": "info_type", "Alias": "it2", "Startup Cost": 0.0, "Total Cost": 2.4, "Plan Rows": 1, "Plan Width": 4, "Filter": "((info)::text = 'bottom 10 rank'::text)"}, {"Node Type": "Materialize", "Parent Relationship": "Inner", "Startup Cost": 0.0, "Total Cost": 22046.94, "Plan Rows": 396, "Plan Width": 29, "Plans": [{"Node Type": "Nested Loop", "Parent Relationship": "Outer", "Join Type": "Inner", "Startup Cost": 0.0, "Total Cost": 22045.95, "Plan Rows": 396, "Plan Width": 29, "Inner Unique": false, "Plans": [{"Node Type": "Streaming(type: LOCAL GATHER dop: 1/16)", "Parent Relationship": "Outer", "Startup Cost": 0.0, "Total Cost": 19945.03, "Plan Rows": 258, "Plan Width": 21, "Plans": [{"Node Type": "Seq Scan", "Parent Relationship": "Outer", "Relation Name": "title", "Alias": "t", "Startup Cost": 0.0, "Total Cost": 19939.47, "Plan Rows": 258, "Plan Width": 21, "Filter": "((production_year > 2000) AND (((title)::text ~~ 'Birdemic%'::text) OR ((title)::text ~~ '%Movie%'::text)))"}]}, {"Node Type": "Index Scan", "Parent Relationship": "Inner", "Scan Direction": "Forward", "Index Name": "movie_id_movie_info_idx", "Relation Name": "movie_info_idx", "Alias": "mi_idx", "Startup Cost": 0.0, "Total Cost": 8.12, "Plan Rows": 2, "Plan Width": 8, "Index Cond": "(movie_id = t.id)"}]}]}]}, {"Node Type": "Index Scan", "Parent Relationship": "Inner", "Scan Direction": "Forward", "Index Name": "movie_id_movie_info", "Relation Name": "movie_info", "Alias": "mi", "Startup Cost": 0.0, "Total Cost": 0.94, "Plan Rows": 5, "Plan Width": 50, "Index Cond": "(movie_id = mi_idx.movie_id)"}]}]}, {"Node Type": "Index Scan", "Parent Relationship": "Inner", "Scan Direction": "Forward", "Index Name": "movie_id_movie_companies", "Relation Name": "movie_companies", "Alias": "mc", "Startup Cost": 0.0, "Total Cost": 0.3, "Plan Rows": 2, "Plan Width": 12, "Index Cond": "(movie_id = mi.movie_id)"}]}, {"Node Type": "Materialize", "Parent Relationship": "Inner", "Startup Cost": 0.0, "Total Cost": 1.05, "Plan Rows": 2, "Plan Width": 4, "Plans": [{"Node Type": "Seq Scan", "Parent Relationship": "Outer", "Relation Name": "company_type", "Alias": "ct", "Startup Cost": 0.0, "Total Cost": 1.04, "Plan Rows": 2, "Plan Width": 4, "Filter": "((kind IS NOT NULL) AND (((kind)::text = 'production companies'::text) OR ((kind)::text = 'distributors'::text)))"}]}]}, {"Node Type": "Index Scan", "Parent Relationship": "Inner", "Scan Direction": "Forward", "Index Name": "company_name_pkey", "Relation Name": "company_name", "Alias": "cn", "Startup Cost": 0.0, "Total Cost": 0.28, "Plan Rows": 1, "Plan Width": 4, "Index Cond": "(id = mc.company_id)", "Filter": "((country_code)::text = '[us]'::text)"}]}]}, "Unique SQL Id": 1682224415}, "explain_analyze_plan": {"Plan": {"Node Type": "Aggregate", "Strategy": "Plain", "Startup Cost": 22395.63, "Total Cost": 22395.64, "Plan Rows": 1, "Plan Width": 123, "Actual Min Startup Time": 140.775, "Actual Max Startup Time": 140.775, "Actual Min Total Time": 140.775, "Actual Max Total Time": 140.775, "Actual Total Rows": 1, "Plans": [{"Node Type": "Nested Loop", "Parent Relationship": "Outer", "Join Type": "Inner", "Startup Cost": 0.0, "Total Cost": 22395.61, "Plan Rows": 4, "Plan Width": 59, "Actual Min Startup Time": 139.72, "Actual Max Startup Time": 139.72, "Actual Min Total Time": 140.741, "Actual Max Total Time": 140.741, "Actual Total Rows": 5, "Inner Unique": true, "Plans": [{"Node Type": "Nested Loop", "Parent Relationship": "Outer", "Join Type": "Inner", "Startup Cost": 0.0, "Total Cost": 22393.6, "Plan Rows": 7, "Plan Width": 63, "Actual Min Startup Time": 139.69, "Actual Max Startup Time": 139.69, "Actual Min Total Time": 140.667, "Actual Max Total Time": 140.667, "Actual Total Rows": 5, "Inner Unique": true, "Join Filter": "(mc.company_type_id = ct.id)", "Rows Removed by Join Filter": 28, "Plans": [{"Node Type": "Nested Loop", "Parent Relationship": "Outer", "Join Type": "Inner", "Startup Cost": 0.0, "Total Cost": 22392.19, "Plan Rows": 12, "Plan Width": 67, "Actual Min Startup Time": 139.612, "Actual Max Startup Time": 139.612, "Actual Min Total Time": 140.606, "Actual Max Total Time": 140.606, "Actual Total Rows": 33, "Inner Unique": false, "Join Filter": "(t.id = mc.movie_id)", "Rows Removed by Join Filter": 0, "Plans": [{"Node Type": "Nested Loop", "Parent Relationship": "Outer", "Join Type": "Inner", "Startup Cost": 0.0, "Total Cost": 22389.62, "Plan Rows": 8, "Plan Width": 71, "Actual Min Startup Time": 139.58, "Actual Max Startup Time": 139.58, "Actual Min Total Time": 140.526, "Actual Max Total Time": 140.526, "Actual Total Rows": 2, "Inner Unique": false, "Join Filter": "(mi.info_type_id = it1.id)", "Rows Removed by Join Filter": 219, "Plans": [{"Node Type": "Seq Scan", "Parent Relationship": "Outer", "Relation Name": "info_type", "Alias": "it1", "Startup Cost": 0.0, "Total Cost": 2.4, "Plan Rows": 1, "Plan Width": 4, "Actual Min Startup Time": 0.085, "Actual Max Startup Time": 0.085, "Actual Min Total Time": 0.096, "Actual Max Total Time": 0.096, "Actual Total Rows": 1, "Filter": "((info)::text = 'budget'::text)", "Rows Removed by Filter": 111}, {"Node Type": "Nested Loop", "Parent Relationship": "Inner", "Join Type": "Inner", "Startup Cost": 0.0, "Total Cost": 22366.48, "Plan Rows": 1659, "Plan Width": 75, "Actual Min Startup Time": 139.308, "Actual Max Startup Time": 139.308, "Actual Min Total Time": 140.321, "Actual Max Total Time": 140.321, "Actual Total Rows": 221, "Inner Unique": false, "Join Filter": "(t.id = mi.movie_id)", "Rows Removed by Join Filter": 0, "Plans": [{"Node Type": "Nested Loop", "Parent Relationship": "Outer", "Join Type": "Inner", "Startup Cost": 0.0, "Total Cost": 22053.3, "Plan Rows": 311, "Plan Width": 25, "Actual Min Startup Time": 139.258, "Actual Max Startup Time": 139.258, "Actual Min Total Time": 139.97, "Actual Max Total Time": 139.97, "Actual Total Rows": 2, "Inner Unique": false, "Join Filter": "(mi_idx.info_type_id = it2.id)", "Rows Removed by Join Filter": 2643, "Plans": [{"Node Type": "Seq Scan", "Parent Relationship": "Outer", "Relation Name": "info_type", "Alias": "it2", "Startup Cost": 0.0, "Total Cost": 2.4, "Plan Rows": 1, "Plan Width": 4, "Actual Min Startup Time": 0.08, "Actual Max Startup Time": 0.08, "Actual Min Total Time": 0.085, "Actual Max Total Time": 0.085, "Actual Total Rows": 1, "Filter": "((info)::text = 'bottom 10 rank'::text)", "Rows Removed by Filter": 111}, {"Node Type": "Materialize", "Parent Relationship": "Inner", "Startup Cost": 0.0, "Total Cost": 22046.94, "Plan Rows": 396, "Plan Width": 29, "Actual Min Startup Time": 138.976, "Actual Max Startup Time": 138.976, "Actual Min Total Time": 139.29, "Actual Max Total Time": 139.29, "Actual Total Rows": 2646, "Plans": [{"Node Type": "Nested Loop", "Parent Relationship": "Outer", "Join Type": "Inner", "Startup Cost": 0.0, "Total Cost": 22045.95, "Plan Rows": 396, "Plan Width": 29, "Actual Min Startup Time": 83.367, "Actual Max Startup Time": 83.367, "Actual Min Total Time": 138.066, "Actual Max Total Time": 138.066, "Actual Total Rows": 2645, "Inner Unique": false, "Plans": [{"Node Type": "Streaming(type: LOCAL GATHER dop: 1/16)", "Parent Relationship": "Outer", "Startup Cost": 0.0, "Total Cost": 19945.03, "Plan Rows": 258, "Plan Width": 21, "Actual Min Startup Time": 83.287, "Actual Max Startup Time": 83.287, "Actual Min Total Time": 121.213, "Actual Max Total Time": 121.213, "Actual Total Rows": 2536, "Plans": [{"Node Type": "Seq Scan", "Parent Relationship": "Outer", "Relation Name": "title", "Alias": "t", "Startup Cost": 0.0, "Total Cost": 19939.47, "Plan Rows": 258, "Plan Width": 21, "Actual Min Startup Time": 0.049, "Actual Max Startup Time": 5.595, "Actual Min Total Time": 84.557, "Actual Max Total Time": 107.152, "Actual Total Rows": 2536, "Filter": "((production_year > 2000) AND (((title)::text ~~ 'Birdemic%'::text) OR ((title)::text ~~ '%Movie%'::text)))", "Rows Removed by Filter": 2525775}]}, {"Node Type": "Index Scan", "Parent Relationship": "Inner", "Scan Direction": "Forward", "Index Name": "movie_id_movie_info_idx", "Relation Name": "movie_info_idx", "Alias": "mi_idx", "Startup Cost": 0.0, "Total Cost": 8.12, "Plan Rows": 2, "Plan Width": 8, "Actual Min Startup Time": 14.009, "Actual Max Startup Time": 14.009, "Actual Min Total Time": 15.039, "Actual Max Total Time": 15.039, "Actual Total Rows": 2645, "Index Cond": "(movie_id = t.id)", "Rows Removed by Index Recheck": 0}]}]}]}, {"Node Type": "Index Scan", "Parent Relationship": "Inner", "Scan Direction": "Forward", "Index Name": "movie_id_movie_info", "Relation Name": "movie_info", "Alias": "mi", "Startup Cost": 0.0, "Total Cost": 0.94, "Plan Rows": 5, "Plan Width": 50, "Actual Min Startup Time": 0.058, "Actual Max Startup Time": 0.058, "Actual Min Total Time": 0.27, "Actual Max Total Time": 0.27, "Actual Total Rows": 221, "Index Cond": "(movie_id = mi_idx.movie_id)", "Rows Removed by Index Recheck": 0}]}]}, {"Node Type": "Index Scan", "Parent Relationship": "Inner", "Scan Direction": "Forward", "Index Name": "movie_id_movie_companies", "Relation Name": "movie_companies", "Alias": "mc", "Startup Cost": 0.0, "Total Cost": 0.3, "Plan Rows": 2, "Plan Width": 12, "Actual Min Startup Time": 0.034, "Actual Max Startup Time": 0.034, "Actual Min Total Time": 0.053, "Actual Max Total Time": 0.053, "Actual Total Rows": 33, "Index Cond": "(movie_id = mi.movie_id)", "Rows Removed by Index Recheck": 0}]}, {"Node Type": "Materialize", "Parent Relationship": "Inner", "Startup Cost": 0.0, "Total Cost": 1.05, "Plan Rows": 2, "Plan Width": 4, "Actual Min Startup Time": 0.023, "Actual Max Startup Time": 0.023, "Actual Min Total Time": 0.032, "Actual Max Total Time": 0.032, "Actual Total Rows": 33, "Plans": [{"Node Type": "Seq Scan", "Parent Relationship": "Outer", "Relation Name": "company_type", "Alias": "ct", "Startup Cost": 0.0, "Total Cost": 1.04, "Plan Rows": 2, "Plan Width": 4, "Actual Min Startup Time": 0.017, "Actual Max Startup Time": 0.017, "Actual Min Total Time": 0.024, "Actual Max Total Time": 0.024, "Actual Total Rows": 1, "Filter": "((kind IS NOT NULL) AND (((kind)::text = 'production companies'::text) OR ((kind)::text = 'distributors'::text)))", "Rows Removed by Filter": 2}]}]}, {"Node Type": "Index Scan", "Parent Relationship": "Inner", "Scan Direction": "Forward", "Index Name": "company_name_pkey", "Relation Name": "company_name", "Alias": "cn", "Startup Cost": 0.0, "Total Cost": 0.28, "Plan Rows": 1, "Plan Width": 4, "Actual Min Startup Time": 0.063, "Actual Max Startup Time": 0.063, "Actual Min Total Time": 0.063, "Actual Max Total Time": 0.063, "Actual Total Rows": 5, "Index Cond": "(id = mc.company_id)", "Rows Removed by Index Recheck": 0, "Filter": "((country_code)::text = '[us]'::text)", "Rows Removed by Filter": 0}]}]}, "Triggers": [], "Planner Runtime": 277.921, "Total Runtime": 143.957, "Unique SQL Id": 1682224415}}, "(16, 37)": {"explain_plan": {"Plan": {"Node Type": "Aggregate", "Strategy": "Plain", "Startup Cost": 105058.62, "Total Cost": 105058.63, "Plan Rows": 1, "Plan Width": 123, "Plans": [{"Node Type": "Nested Loop", "Parent Relationship": "Outer", "Join Type": "Inner", "Startup Cost": 0.0, "Total Cost": 105058.38, "Plan Rows": 48, "Plan Width": 59, "Inner Unique": true, "Plans": [{"Node Type": "Nested Loop", "Parent Relationship": "Outer", "Join Type": "Inner", "Startup Cost": 0.0, "Total Cost": 105044.7, "Plan Rows": 48, "Plan Width": 63, "Inner Unique": true, "Plans": [{"Node Type": "Nested Loop", "Parent Relationship": "Outer", "Join Type": "Inner", "Startup Cost": 0.0, "Total Cost": 105030.03, "Plan Rows": 51, "Plan Width": 67, "Inner Unique": false, "Join Filter": "(mi.info_type_id = it1.id)", "Plans": [{"Node Type": "Index Scan", "Parent Relationship": "Outer", "Scan Direction": "Forward", "Index Name": "info_type_pkey", "Relation Name": "info_type", "Alias": "it1", "Startup Cost": 0.0, "Total Cost": 14.21, "Plan Rows": 1, "Plan Width": 4, "Filter": "((info)::text = 'budget'::text)"}, {"Node Type": "Nested Loop", "Parent Relationship": "Inner", "Join Type": "Inner", "Startup Cost": 0.0, "Total Cost": 105001.79, "Plan Rows": 1122, "Plan Width": 71, "Inner Unique": false, "Join Filter": "(t.id = mi.movie_id)", "Plans": [{"Node Type": "Nested Loop", "Parent Relationship": "Outer", "Join Type": "Inner", "Startup Cost": 0.0, "Total Cost": 104849.13, "Plan Rows": 210, "Plan Width": 37, "Inner Unique": false, "Join Filter": "(t.id = mc.movie_id)", "Plans": [{"Node Type": "Nested Loop", "Parent Relationship": "Outer", "Join Type": "Inner", "Startup Cost": 0.0, "Total Cost": 104728.36, "Plan Rows": 311, "Plan Width": 25, "Inner Unique": false, "Join Filter": "(mi_idx.info_type_id = it2.id)", "Plans": [{"Node Type": "Index Scan", "Parent Relationship": "Outer", "Scan Direction": "Forward", "Index Name": "info_type_pkey", "Relation Name": "info_type", "Alias": "it2", "Startup Cost": 0.0, "Total Cost": 14.21, "Plan Rows": 1, "Plan Width": 4, "Filter": "((info)::text = 'bottom 10 rank'::text)"}, {"Node Type": "Materialize", "Parent Relationship": "Inner", "Startup Cost": 0.0, "Total Cost": 104710.19, "Plan Rows": 396, "Plan Width": 29, "Plans": [{"Node Type": "Nested Loop", "Parent Relationship": "Outer", "Join Type": "Inner", "Startup Cost": 0.0, "Total Cost": 104709.2, "Plan Rows": 396, "Plan Width": 29, "Inner Unique": false, "Plans": [{"Node Type": "Streaming(type: LOCAL GATHER dop: 1/16)", "Parent Relationship": "Outer", "Startup Cost": 0.0, "Total Cost": 102608.29, "Plan Rows": 258, "Plan Width": 21, "Plans": [{"Node Type": "Index Scan", "Parent Relationship": "Outer", "Scan Direction": "Forward", "Index Name": "title_pkey", "Relation Name": "title", "Alias": "t", "Startup Cost": 0.0, "Total Cost": 102602.72, "Plan Rows": 258, "Plan Width": 21, "Filter": "((production_year > 2000) AND (((title)::text ~~ 'Birdemic%'::text) OR ((title)::text ~~ '%Movie%'::text)))"}]}, {"Node Type": "Index Scan", "Parent Relationship": "Inner", "Scan Direction": "Forward", "Index Name": "movie_id_movie_info_idx", "Relation Name": "movie_info_idx", "Alias": "mi_idx", "Startup Cost": 0.0, "Total Cost": 8.12, "Plan Rows": 2, "Plan Width": 8, "Index Cond": "(movie_id = t.id)"}]}]}]}, {"Node Type": "Index Scan", "Parent Relationship": "Inner", "Scan Direction": "Forward", "Index Name": "movie_id_movie_companies", "Relation Name": "movie_companies", "Alias": "mc", "Startup Cost": 0.0, "Total Cost": 0.36, "Plan Rows": 2, "Plan Width": 12, "Index Cond": "(movie_id = mi_idx.movie_id)"}]}, {"Node Type": "Index Scan", "Parent Relationship": "Inner", "Scan Direction": "Forward", "Index Name": "movie_id_movie_info", "Relation Name": "movie_info", "Alias": "mi", "Startup Cost": 0.0, "Total Cost": 0.66, "Plan Rows": 5, "Plan Width": 50, "Index Cond": "(movie_id = mc.movie_id)"}]}]}, {"Node Type": "Index Scan", "Parent Relationship": "Inner", "Scan Direction": "Forward", "Index Name": "company_name_pkey", "Relation Name": "company_name", "Alias": "cn", "Startup Cost": 0.0, "Total Cost": 0.28, "Plan Rows": 1, "Plan Width": 4, "Index Cond": "(id = mc.company_id)", "Filter": "((country_code)::text = '[us]'::text)"}]}, {"Node Type": "Index Scan", "Parent Relationship": "Inner", "Scan Direction": "Forward", "Index Name": "company_type_pkey", "Relation Name": "company_type", "Alias": "ct", "Startup Cost": 0.0, "Total Cost": 0.28, "Plan Rows": 1, "Plan Width": 4, "Index Cond": "(id = mc.company_type_id)", "Filter": "((kind IS NOT NULL) AND (((kind)::text = 'production companies'::text) OR ((kind)::text = 'distributors'::text)))"}]}]}, "Unique SQL Id": 1682224415}, "explain_analyze_plan": {"Plan": {"Node Type": "Aggregate", "Strategy": "Plain", "Startup Cost": 105058.62, "Total Cost": 105058.63, "Plan Rows": 1, "Plan Width": 123, "Actual Min Startup Time": 293.26, "Actual Max Startup Time": 293.26, "Actual Min Total Time": 293.26, "Actual Max Total Time": 293.26, "Actual Total Rows": 1, "Plans": [{"Node Type": "Nested Loop", "Parent Relationship": "Outer", "Join Type": "Inner", "Startup Cost": 0.0, "Total Cost": 105058.38, "Plan Rows": 48, "Plan Width": 59, "Actual Min Startup Time": 292.174, "Actual Max Startup Time": 292.174, "Actual Min Total Time": 293.233, "Actual Max Total Time": 293.233, "Actual Total Rows": 5, "Inner Unique": true, "Plans": [{"Node Type": "Nested Loop", "Parent Relationship": "Outer", "Join Type": "Inner", "Startup Cost": 0.0, "Total Cost": 105044.7, "Plan Rows": 48, "Plan Width": 63, "Actual Min Startup Time": 289.347, "Actual Max Startup Time": 289.347, "Actual Min Total Time": 293.194, "Actual Max Total Time": 293.194, "Actual Total Rows": 10, "Inner Unique": true, "Plans": [{"Node Type": "Nested Loop", "Parent Relationship": "Outer", "Join Type": "Inner", "Startup Cost": 0.0, "Total Cost": 105030.03, "Plan Rows": 51, "Plan Width": 67, "Actual Min Startup Time": 287.998, "Actual Max Startup Time": 287.998, "Actual Min Total Time": 292.99, "Actual Max Total Time": 292.99, "Actual Total Rows": 33, "Inner Unique": false, "Join Filter": "(mi.info_type_id = it1.id)", "Rows Removed by Join Filter": 4926, "Plans": [{"Node Type": "Index Scan", "Parent Relationship": "Outer", "Scan Direction": "Forward", "Index Name": "info_type_pkey", "Relation Name": "info_type", "Alias": "it1", "Startup Cost": 0.0, "Total Cost": 14.21, "Plan Rows": 1, "Plan Width": 4, "Actual Min Startup Time": 0.107, "Actual Max Startup Time": 0.107, "Actual Min Total Time": 0.114, "Actual Max Total Time": 0.114, "Actual Total Rows": 1, "Filter": "((info)::text = 'budget'::text)", "Rows Removed by Filter": 111}, {"Node Type": "Nested Loop", "Parent Relationship": "Inner", "Join Type": "Inner", "Startup Cost": 0.0, "Total Cost": 105001.79, "Plan Rows": 1122, "Plan Width": 71, "Actual Min Startup Time": 287.747, "Actual Max Startup Time": 287.747, "Actual Min Total Time": 291.898, "Actual Max Total Time": 291.898, "Actual Total Rows": 4959, "Inner Unique": false, "Join Filter": "(t.id = mi.movie_id)", "Rows Removed by Join Filter": 0, "Plans": [{"Node Type": "Nested Loop", "Parent Relationship": "Outer", "Join Type": "Inner", "Startup Cost": 0.0, "Total Cost": 104849.13, "Plan Rows": 210, "Plan Width": 37, "Actual Min Startup Time": 287.718, "Actual Max Startup Time": 287.718, "Actual Min Total Time": 287.9, "Actual Max Total Time": 287.9, "Actual Total Rows": 33, "Inner Unique": false, "Join Filter": "(t.id = mc.movie_id)", "Rows Removed by Join Filter": 0, "Plans": [{"Node Type": "Nested Loop", "Parent Relationship": "Outer", "Join Type": "Inner", "Startup Cost": 0.0, "Total Cost": 104728.36, "Plan Rows": 311, "Plan Width": 25, "Actual Min Startup Time": 287.694, "Actual Max Startup Time": 287.694, "Actual Min Total Time": 287.838, "Actual Max Total Time": 287.838, "Actual Total Rows": 2, "Inner Unique": false, "Join Filter": "(mi_idx.info_type_id = it2.id)", "Rows Removed by Join Filter": 2643, "Plans": [{"Node Type": "Index Scan", "Parent Relationship": "Outer", "Scan Direction": "Forward", "Index Name": "info_type_pkey", "Relation Name": "info_type", "Alias": "it2", "Startup Cost": 0.0, "Total Cost": 14.21, "Plan Rows": 1, "Plan Width": 4, "Actual Min Startup Time": 0.083, "Actual Max Startup Time": 0.083, "Actual Min Total Time": 0.084, "Actual Max Total Time": 0.084, "Actual Total Rows": 1, "Filter": "((info)::text = 'bottom 10 rank'::text)", "Rows Removed by Filter": 111}, {"Node Type": "Materialize", "Parent Relationship": "Inner", "Startup Cost": 0.0, "Total Cost": 104710.19, "Plan Rows": 396, "Plan Width": 29, "Actual Min Startup Time": 286.833, "Actual Max Startup Time": 286.833, "Actual Min Total Time": 287.196, "Actual Max Total Time": 287.196, "Actual Total Rows": 2646, "Plans": [{"Node Type": "Nested Loop", "Parent Relationship": "Outer", "Join Type": "Inner", "Startup Cost": 0.0, "Total Cost": 104709.2, "Plan Rows": 396, "Plan Width": 29, "Actual Min Startup Time": 76.892, "Actual Max Startup Time": 76.892, "Actual Min Total Time": 285.809, "Actual Max Total Time": 285.809, "Actual Total Rows": 2645, "Inner Unique": false, "Plans": [{"Node Type": "Streaming(type: LOCAL GATHER dop: 1/16)", "Parent Relationship": "Outer", "Startup Cost": 0.0, "Total Cost": 102608.29, "Plan Rows": 258, "Plan Width": 21, "Actual Min Startup Time": 76.847, "Actual Max Startup Time": 76.847, "Actual Min Total Time": 274.103, "Actual Max Total Time": 274.103, "Actual Total Rows": 2536, "Plans": [{"Node Type": "Index Scan", "Parent Relationship": "Outer", "Scan Direction": "Forward", "Index Name": "title_pkey", "Relation Name": "title", "Alias": "t", "Startup Cost": 0.0, "Total Cost": 102602.72, "Plan Rows": 258, "Plan Width": 21, "Actual Min Startup Time": 11.531, "Actual Max Startup Time": 23.868, "Actual Min Total Time": 241.574, "Actual Max Total Time": 278.879, "Actual Total Rows": 2536, "Filter": "((production_year > 2000) AND (((title)::text ~~ 'Birdemic%'::text) OR ((title)::text ~~ '%Movie%'::text)))", "Rows Removed by Filter": 2525775}]}, {"Node Type": "Index Scan", "Parent Relationship": "Inner", "Scan Direction": "Forward", "Index Name": "movie_id_movie_info_idx", "Relation Name": "movie_info_idx", "Alias": "mi_idx", "Startup Cost": 0.0, "Total Cost": 8.12, "Plan Rows": 2, "Plan Width": 8, "Actual Min Startup Time": 8.68, "Actual Max Startup Time": 8.68, "Actual Min Total Time": 9.632, "Actual Max Total Time": 9.632, "Actual Total Rows": 2645, "Index Cond": "(movie_id = t.id)", "Rows Removed by Index Recheck": 0}]}]}]}, {"Node Type": "Index Scan", "Parent Relationship": "Inner", "Scan Direction": "Forward", "Index Name": "movie_id_movie_companies", "Relation Name": "movie_companies", "Alias": "mc", "Startup Cost": 0.0, "Total Cost": 0.36, "Plan Rows": 2, "Plan Width": 12, "Actual Min Startup Time": 0.021, "Actual Max Startup Time": 0.021, "Actual Min Total Time": 0.042, "Actual Max Total Time": 0.042, "Actual Total Rows": 33, "Index Cond": "(movie_id = mi_idx.movie_id)", "Rows Removed by Index Recheck": 0}]}, {"Node Type": "Index Scan", "Parent Relationship": "Inner", "Scan Direction": "Forward", "Index Name": "movie_id_movie_info", "Relation Name": "movie_info", "Alias": "mi", "Startup Cost": 0.0, "Total Cost": 0.66, "Plan Rows": 5, "Plan Width": 50, "Actual Min Startup Time": 0.49, "Actual Max Startup Time": 0.49, "Actual Min Total Time": 2.496, "Actual Max Total Time": 2.496, "Actual Total Rows": 4959, "Index Cond": "(movie_id = mc.movie_id)", "Rows Removed by Index Recheck": 0}]}]}, {"Node Type": "Index Scan", "Parent Relationship": "Inner", "Scan Direction": "Forward", "Index Name": "company_name_pkey", "Relation Name": "company_name", "Alias": "cn", "Startup Cost": 0.0, "Total Cost": 0.28, "Plan Rows": 1, "Plan Width": 4, "Actual Min Startup Time": 0.177, "Actual Max Startup Time": 0.177, "Actual Min Total Time": 0.177, "Actual Max Total Time": 0.177, "Actual Total Rows": 10, "Index Cond": "(id = mc.company_id)", "Rows Removed by Index Recheck": 0, "Filter": "((country_code)::text = '[us]'::text)", "Rows Removed by Filter": 23}]}, {"Node Type": "Index Scan", "Parent Relationship": "Inner", "Scan Direction": "Forward", "Index Name": "company_type_pkey", "Relation Name": "company_type", "Alias": "ct", "Startup Cost": 0.0, "Total Cost": 0.28, "Plan Rows": 1, "Plan Width": 4, "Actual Min Startup Time": 0.025, "Actual Max Startup Time": 0.025, "Actual Min Total Time": 0.025, "Actual Max Total Time": 0.025, "Actual Total Rows": 5, "Index Cond": "(id = mc.company_type_id)", "Rows Removed by Index Recheck": 0, "Filter": "((kind IS NOT NULL) AND (((kind)::text = 'production companies'::text) OR ((kind)::text = 'distributors'::text)))", "Rows Removed by Filter": 0}]}]}, "Triggers": [], "Planner Runtime": 147.891, "Total Runtime": 296.007, "Unique SQL Id": 1682224415}}, "(16, 38)": {"explain_plan": {"Plan": {"Node Type": "Aggregate", "Strategy": "Plain", "Startup Cost": 24630.0, "Total Cost": 24630.01, "Plan Rows": 1, "Plan Width": 123, "Plans": [{"Node Type": "Nested Loop", "Parent Relationship": "Outer", "Join Type": "Inner", "Startup Cost": 5.15, "Total Cost": 24629.98, "Plan Rows": 4, "Plan Width": 59, "Inner Unique": true, "Plans": [{"Node Type": "Nested Loop", "Parent Relationship": "Outer", "Join Type": "Inner", "Startup Cost": 4.89, "Total Cost": 24561.45, "Plan Rows": 16, "Plan Width": 63, "Inner Unique": true, "Join Filter": "(mc.company_type_id = ct.id)", "Plans": [{"Node Type": "Nested Loop", "Parent Relationship": "Outer", "Join Type": "Inner", "Startup Cost": 4.89, "Total Cost": 24558.87, "Plan Rows": 51, "Plan Width": 67, "Inner Unique": false, "Join Filter": "(t.id = mc.movie_id)", "Plans": [{"Node Type": "Nested Loop", "Parent Relationship": "Outer", "Join Type": "Inner", "Startup Cost": 4.63, "Total Cost": 24524.32, "Plan Rows": 8, "Plan Width": 71, "Inner Unique": false, "Join Filter": "(mi.info_type_id = it1.id)", "Plans": [{"Node Type": "Seq Scan", "Parent Relationship": "Outer", "Relation Name": "info_type", "Alias": "it1", "Startup Cost": 0.0, "Total Cost": 2.4, "Plan Rows": 1, "Plan Width": 4, "Filter": "((info)::text = 'budget'::text)"}, {"Node Type": "Nested Loop", "Parent Relationship": "Inner", "Join Type": "Inner", "Startup Cost": 4.63, "Total Cost": 24501.18, "Plan Rows": 1659, "Plan Width": 75, "Inner Unique": false, "Join Filter": "(t.id = mi.movie_id)", "Plans": [{"Node Type": "Nested Loop", "Parent Relationship": "Outer", "Join Type": "Inner", "Startup Cost": 4.17, "Total Cost": 23077.28, "Plan Rows": 311, "Plan Width": 25, "Inner Unique": false, "Join Filter": "(mi_idx.info_type_id = it2.id)", "Plans": [{"Node Type": "Seq Scan", "Parent Relationship": "Outer", "Relation Name": "info_type", "Alias": "it2", "Startup Cost": 0.0, "Total Cost": 2.4, "Plan Rows": 1, "Plan Width": 4, "Filter": "((info)::text = 'bottom 10 rank'::text)"}, {"Node Type": "Materialize", "Parent Relationship": "Inner", "Startup Cost": 4.17, "Total Cost": 23070.92, "Plan Rows": 396, "Plan Width": 29, "Plans": [{"Node Type": "Nested Loop", "Parent Relationship": "Outer", "Join Type": "Inner", "Startup Cost": 4.17, "Total Cost": 23069.93, "Plan Rows": 396, "Plan Width": 29, "Inner Unique": false, "Plans": [{"Node Type": "Streaming(type: LOCAL GATHER dop: 1/16)", "Parent Relationship": "Outer", "Startup Cost": 0.0, "Total Cost": 19945.03, "Plan Rows": 258, "Plan Width": 21, "Plans": [{"Node Type": "Seq Scan", "Parent Relationship": "Outer", "Relation Name": "title", "Alias": "t", "Startup Cost": 0.0, "Total Cost": 19939.47, "Plan Rows": 258, "Plan Width": 21, "Filter": "((production_year > 2000) AND (((title)::text ~~ 'Birdemic%'::text) OR ((title)::text ~~ '%Movie%'::text)))"}]}, {"Node Type": "Bitmap Heap Scan", "Parent Relationship": "Inner", "Relation Name": "movie_info_idx", "Alias": "mi_idx", "Startup Cost": 4.17, "Total Cost": 12.09, "Plan Rows": 2, "Plan Width": 8, "Recheck Cond": "(movie_id = t.id)", "Plans": [{"Node Type": "Bitmap Index Scan", "Parent Relationship": "Outer", "Index Name": "movie_id_movie_info_idx", "Startup Cost": 0.0, "Total Cost": 4.17, "Plan Rows": 2, "Plan Width": 0, "Index Cond": "(movie_id = t.id)"}]}]}]}]}, {"Node Type": "Bitmap Heap Scan", "Parent Relationship": "Inner", "Relation Name": "movie_info", "Alias": "mi", "Startup Cost": 0.45, "Total Cost": 4.52, "Plan Rows": 5, "Plan Width": 50, "Recheck Cond": "(movie_id = mi_idx.movie_id)", "Plans": [{"Node Type": "Bitmap Index Scan", "Parent Relationship": "Outer", "Index Name": "movie_id_movie_info", "Startup Cost": 0.0, "Total Cost": 0.45, "Plan Rows": 5, "Plan Width": 0, "Index Cond": "(movie_id = mi_idx.movie_id)"}]}]}]}, {"Node Type": "Bitmap Heap Scan", "Parent Relationship": "Inner", "Relation Name": "movie_companies", "Alias": "mc", "Startup Cost": 0.27, "Total Cost": 4.29, "Plan Rows": 2, "Plan Width": 12, "Recheck Cond": "(movie_id = mi.movie_id)", "Plans": [{"Node Type": "Bitmap Index Scan", "Parent Relationship": "Outer", "Index Name": "movie_id_movie_companies", "Startup Cost": 0.0, "Total Cost": 0.27, "Plan Rows": 2, "Plan Width": 0, "Index Cond": "(movie_id = mi.movie_id)"}]}]}, {"Node Type": "Materialize", "Parent Relationship": "Inner", "Startup Cost": 0.0, "Total Cost": 1.05, "Plan Rows": 2, "Plan Width": 4, "Plans": [{"Node Type": "Seq Scan", "Parent Relationship": "Outer", "Relation Name": "company_type", "Alias": "ct", "Startup Cost": 0.0, "Total Cost": 1.04, "Plan Rows": 2, "Plan Width": 4, "Filter": "((kind IS NOT NULL) AND (((kind)::text = 'production companies'::text) OR ((kind)::text = 'distributors'::text)))"}]}]}, {"Node Type": "Bitmap Heap Scan", "Parent Relationship": "Inner", "Relation Name": "company_name", "Alias": "cn", "Startup Cost": 0.26, "Total Cost": 4.27, "Plan Rows": 1, "Plan Width": 4, "Recheck Cond": "(id = mc.company_id)", "Filter": "((country_code)::text = '[us]'::text)", "Plans": [{"Node Type": "Bitmap Index Scan", "Parent Relationship": "Outer", "Index Name": "company_name_pkey", "Startup Cost": 0.0, "Total Cost": 0.26, "Plan Rows": 1, "Plan Width": 0, "Index Cond": "(id = mc.company_id)"}]}]}]}, "Unique SQL Id": 1682224415}, "explain_analyze_plan": {"Plan": {"Node Type": "Aggregate", "Strategy": "Plain", "Startup Cost": 24630.0, "Total Cost": 24630.01, "Plan Rows": 1, "Plan Width": 123, "Actual Min Startup Time": 105.076, "Actual Max Startup Time": 105.076, "Actual Min Total Time": 105.077, "Actual Max Total Time": 105.077, "Actual Total Rows": 1, "Plans": [{"Node Type": "Nested Loop", "Parent Relationship": "Outer", "Join Type": "Inner", "Startup Cost": 5.15, "Total Cost": 24629.98, "Plan Rows": 4, "Plan Width": 59, "Actual Min Startup Time": 104.078, "Actual Max Startup Time": 104.078, "Actual Min Total Time": 105.045, "Actual Max Total Time": 105.045, "Actual Total Rows": 5, "Inner Unique": true, "Plans": [{"Node Type": "Nested Loop", "Parent Relationship": "Outer", "Join Type": "Inner", "Startup Cost": 4.89, "Total Cost": 24561.45, "Plan Rows": 16, "Plan Width": 63, "Actual Min Startup Time": 104.056, "Actual Max Startup Time": 104.056, "Actual Min Total Time": 104.984, "Actual Max Total Time": 104.984, "Actual Total Rows": 5, "Inner Unique": true, "Join Filter": "(mc.company_type_id = ct.id)", "Rows Removed by Join Filter": 28, "Plans": [{"Node Type": "Nested Loop", "Parent Relationship": "Outer", "Join Type": "Inner", "Startup Cost": 4.89, "Total Cost": 24558.87, "Plan Rows": 51, "Plan Width": 67, "Actual Min Startup Time": 103.998, "Actual Max Startup Time": 103.998, "Actual Min Total Time": 104.935, "Actual Max Total Time": 104.935, "Actual Total Rows": 33, "Inner Unique": false, "Join Filter": "(t.id = mc.movie_id)", "Rows Removed by Join Filter": 0, "Plans": [{"Node Type": "Nested Loop", "Parent Relationship": "Outer", "Join Type": "Inner", "Startup Cost": 4.63, "Total Cost": 24524.32, "Plan Rows": 8, "Plan Width": 71, "Actual Min Startup Time": 103.959, "Actual Max Startup Time": 103.959, "Actual Min Total Time": 104.859, "Actual Max Total Time": 104.859, "Actual Total Rows": 2, "Inner Unique": false, "Join Filter": "(mi.info_type_id = it1.id)", "Rows Removed by Join Filter": 219, "Plans": [{"Node Type": "Seq Scan", "Parent Relationship": "Outer", "Relation Name": "info_type", "Alias": "it1", "Startup Cost": 0.0, "Total Cost": 2.4, "Plan Rows": 1, "Plan Width": 4, "Actual Min Startup Time": 0.093, "Actual Max Startup Time": 0.093, "Actual Min Total Time": 0.103, "Actual Max Total Time": 0.103, "Actual Total Rows": 1, "Filter": "((info)::text = 'budget'::text)", "Rows Removed by Filter": 111}, {"Node Type": "Nested Loop", "Parent Relationship": "Inner", "Join Type": "Inner", "Startup Cost": 4.63, "Total Cost": 24501.18, "Plan Rows": 1659, "Plan Width": 75, "Actual Min Startup Time": 103.72, "Actual Max Startup Time": 103.72, "Actual Min Total Time": 104.66, "Actual Max Total Time": 104.66, "Actual Total Rows": 221, "Inner Unique": false, "Join Filter": "(t.id = mi.movie_id)", "Rows Removed by Join Filter": 0, "Plans": [{"Node Type": "Nested Loop", "Parent Relationship": "Outer", "Join Type": "Inner", "Startup Cost": 4.17, "Total Cost": 23077.28, "Plan Rows": 311, "Plan Width": 25, "Actual Min Startup Time": 103.665, "Actual Max Startup Time": 103.665, "Actual Min Total Time": 104.378, "Actual Max Total Time": 104.378, "Actual Total Rows": 2, "Inner Unique": false, "Join Filter": "(mi_idx.info_type_id = it2.id)", "Rows Removed by Join Filter": 2643, "Plans": [{"Node Type": "Seq Scan", "Parent Relationship": "Outer", "Relation Name": "info_type", "Alias": "it2", "Startup Cost": 0.0, "Total Cost": 2.4, "Plan Rows": 1, "Plan Width": 4, "Actual Min Startup Time": 0.08, "Actual Max Startup Time": 0.08, "Actual Min Total Time": 0.084, "Actual Max Total Time": 0.084, "Actual Total Rows": 1, "Filter": "((info)::text = 'bottom 10 rank'::text)", "Rows Removed by Filter": 111}, {"Node Type": "Materialize", "Parent Relationship": "Inner", "Startup Cost": 4.17, "Total Cost": 23070.92, "Plan Rows": 396, "Plan Width": 29, "Actual Min Startup Time": 103.425, "Actual Max Startup Time": 103.425, "Actual Min Total Time": 103.698, "Actual Max Total Time": 103.698, "Actual Total Rows": 2646, "Plans": [{"Node Type": "Nested Loop", "Parent Relationship": "Outer", "Join Type": "Inner", "Startup Cost": 4.17, "Total Cost": 23069.93, "Plan Rows": 396, "Plan Width": 29, "Actual Min Startup Time": 77.156, "Actual Max Startup Time": 77.156, "Actual Min Total Time": 102.587, "Actual Max Total Time": 102.587, "Actual Total Rows": 2645, "Inner Unique": false, "Plans": [{"Node Type": "Streaming(type: LOCAL GATHER dop: 1/16)", "Parent Relationship": "Outer", "Startup Cost": 0.0, "Total Cost": 19945.03, "Plan Rows": 258, "Plan Width": 21, "Actual Min Startup Time": 77.055, "Actual Max Startup Time": 77.055, "Actual Min Total Time": 87.707, "Actual Max Total Time": 87.707, "Actual Total Rows": 2536, "Plans": [{"Node Type": "Seq Scan", "Parent Relationship": "Outer", "Relation Name": "title", "Alias": "t", "Startup Cost": 0.0, "Total Cost": 19939.47, "Plan Rows": 258, "Plan Width": 21, "Actual Min Startup Time": 0.051, "Actual Max Startup Time": 5.353, "Actual Min Total Time": 80.125, "Actual Max Total Time": 84.353, "Actual Total Rows": 2536, "Filter": "((production_year > 2000) AND (((title)::text ~~ 'Birdemic%'::text) OR ((title)::text ~~ '%Movie%'::text)))", "Rows Removed by Filter": 2525775}]}, {"Node Type": "Bitmap Heap Scan", "Parent Relationship": "Inner", "Relation Name": "movie_info_idx", "Alias": "mi_idx", "Startup Cost": 4.17, "Total Cost": 12.09, "Plan Rows": 2, "Plan Width": 8, "Actual Min Startup Time": 11.147, "Actual Max Startup Time": 11.147, "Actual Min Total Time": 11.54, "Actual Max Total Time": 11.54, "Actual Total Rows": 2645, "Recheck Cond": "(movie_id = t.id)", "Rows Removed by Index Recheck": 0, "Exact Heap Blocks": 890, "Lossy Heap Blocks": 890, "Plans": [{"Node Type": "Bitmap Index Scan", "Parent Relationship": "Outer", "Index Name": "movie_id_movie_info_idx", "Startup Cost": 0.0, "Total Cost": 4.17, "Plan Rows": 2, "Plan Width": 0, "Actual Min Startup Time": 8.215, "Actual Max Startup Time": 8.215, "Actual Min Total Time": 8.215, "Actual Max Total Time": 8.215, "Actual Total Rows": 2645, "Index Cond": "(movie_id = t.id)"}]}]}]}]}, {"Node Type": "Bitmap Heap Scan", "Parent Relationship": "Inner", "Relation Name": "movie_info", "Alias": "mi", "Startup Cost": 0.45, "Total Cost": 4.52, "Plan Rows": 5, "Plan Width": 50, "Actual Min Startup Time": 0.066, "Actual Max Startup Time": 0.066, "Actual Min Total Time": 0.209, "Actual Max Total Time": 0.209, "Actual Total Rows": 221, "Recheck Cond": "(movie_id = mi_idx.movie_id)", "Rows Removed by Index Recheck": 0, "Exact Heap Blocks": 40, "Lossy Heap Blocks": 40, "Plans": [{"Node Type": "Bitmap Index Scan", "Parent Relationship": "Outer", "Index Name": "movie_id_movie_info", "Startup Cost": 0.0, "Total Cost": 0.45, "Plan Rows": 5, "Plan Width": 0, "Actual Min Startup Time": 0.05, "Actual Max Startup Time": 0.05, "Actual Min Total Time": 0.05, "Actual Max Total Time": 0.05, "Actual Total Rows": 221, "Index Cond": "(movie_id = mi_idx.movie_id)"}]}]}]}, {"Node Type": "Bitmap Heap Scan", "Parent Relationship": "Inner", "Relation Name": "movie_companies", "Alias": "mc", "Startup Cost": 0.27, "Total Cost": 4.29, "Plan Rows": 2, "Plan Width": 12, "Actual Min Startup Time": 0.044, "Actual Max Startup Time": 0.044, "Actual Min Total Time": 0.054, "Actual Max Total Time": 0.054, "Actual Total Rows": 33, "Recheck Cond": "(movie_id = mi.movie_id)", "Rows Removed by Index Recheck": 0, "Exact Heap Blocks": 4, "Lossy Heap Blocks": 4, "Plans": [{"Node Type": "Bitmap Index Scan", "Parent Relationship": "Outer", "Index Name": "movie_id_movie_companies", "Startup Cost": 0.0, "Total Cost": 0.27, "Plan Rows": 2, "Plan Width": 0, "Actual Min Startup Time": 0.021, "Actual Max Startup Time": 0.021, "Actual Min Total Time": 0.021, "Actual Max Total Time": 0.021, "Actual Total Rows": 33, "Index Cond": "(movie_id = mi.movie_id)"}]}]}, {"Node Type": "Materialize", "Parent Relationship": "Inner", "Startup Cost": 0.0, "Total Cost": 1.05, "Plan Rows": 2, "Plan Width": 4, "Actual Min Startup Time": 0.023, "Actual Max Startup Time": 0.023, "Actual Min Total Time": 0.028, "Actual Max Total Time": 0.028, "Actual Total Rows": 33, "Plans": [{"Node Type": "Seq Scan", "Parent Relationship": "Outer", "Relation Name": "company_type", "Alias": "ct", "Startup Cost": 0.0, "Total Cost": 1.04, "Plan Rows": 2, "Plan Width": 4, "Actual Min Startup Time": 0.015, "Actual Max Startup Time": 0.015, "Actual Min Total Time": 0.019, "Actual Max Total Time": 0.019, "Actual Total Rows": 1, "Filter": "((kind IS NOT NULL) AND (((kind)::text = 'production companies'::text) OR ((kind)::text = 'distributors'::text)))", "Rows Removed by Filter": 2}]}]}, {"Node Type": "Bitmap Heap Scan", "Parent Relationship": "Inner", "Relation Name": "company_name", "Alias": "cn", "Startup Cost": 0.26, "Total Cost": 4.27, "Plan Rows": 1, "Plan Width": 4, "Actual Min Startup Time": 0.047, "Actual Max Startup Time": 0.047, "Actual Min Total Time": 0.047, "Actual Max Total Time": 0.047, "Actual Total Rows": 5, "Recheck Cond": "(id = mc.company_id)", "Rows Removed by Index Recheck": 0, "Filter": "((country_code)::text = '[us]'::text)", "Rows Removed by Filter": 0, "Exact Heap Blocks": 5, "Lossy Heap Blocks": 5, "Plans": [{"Node Type": "Bitmap Index Scan", "Parent Relationship": "Outer", "Index Name": "company_name_pkey", "Startup Cost": 0.0, "Total Cost": 0.26, "Plan Rows": 1, "Plan Width": 0, "Actual Min Startup Time": 0.028, "Actual Max Startup Time": 0.028, "Actual Min Total Time": 0.028, "Actual Max Total Time": 0.028, "Actual Total Rows": 5, "Index Cond": "(id = mc.company_id)"}]}]}]}, "Triggers": [], "Planner Runtime": 287.789, "Total Runtime": 108.209, "Unique SQL Id": 1682224415}}, "(16, 39)": {"explain_plan": {"Plan": {"Node Type": "Aggregate", "Strategy": "Plain", "Startup Cost": 135083.51, "Total Cost": 135083.52, "Plan Rows": 1, "Plan Width": 123, "Plans": [{"Node Type": "Nested Loop", "Parent Relationship": "Outer", "Join Type": "Inner", "Startup Cost": 49668.32, "Total Cost": 135083.27, "Plan Rows": 48, "Plan Width": 59, "Inner Unique": true, "Plans": [{"Node Type": "Nested Loop", "Parent Relationship": "Outer", "Join Type": "Inner", "Startup Cost": 49668.06, "Total Cost": 135014.74, "Plan Rows": 16, "Plan Width": 63, "Inner Unique": true, "Plans": [{"Node Type": "Nested Loop", "Parent Relationship": "Outer", "Join Type": "Inner", "Startup Cost": 49667.8, "Total Cost": 134796.19, "Plan Rows": 51, "Plan Width": 67, "Inner Unique": true, "Plans": [{"Node Type": "Nested Loop", "Parent Relationship": "Outer", "Join Type": "Inner", "Startup Cost": 49667.54, "Total Cost": 134517.81, "Plan Rows": 65, "Plan Width": 71, "Inner Unique": false, "Join Filter": "(t.id = mi_idx.movie_id)", "Plans": [{"Node Type": "Nested Loop", "Parent Relationship": "Outer", "Join Type": "Inner", "Startup Cost": 49667.27, "Total Cost": 134336.51, "Plan Rows": 42, "Plan Width": 79, "Inner Unique": false, "Join Filter": "(mi.info_type_id = it1.id)", "Plans": [{"Node Type": "Bitmap Heap Scan", "Parent Relationship": "Outer", "Relation Name": "info_type", "Alias": "it1", "Startup Cost": 8.81, "Total Cost": 14.21, "Plan Rows": 1, "Plan Width": 4, "Filter": "((info)::text = 'budget'::text)", "Plans": [{"Node Type": "Bitmap Index Scan", "Parent Relationship": "Outer", "Index Name": "info_type_pkey", "Startup Cost": 0.0, "Total Cost": 8.81, "Plan Rows": 112, "Plan Width": 0}]}, {"Node Type": "Nested Loop", "Parent Relationship": "Inner", "Join Type": "Inner", "Startup Cost": 49658.46, "Total Cost": 134284.94, "Plan Rows": 2989, "Plan Width": 83, "Inner Unique": false, "Join Filter": "(t.id = mi.movie_id)", "Plans": [{"Node Type": "Nested Loop", "Parent Relationship": "Outer", "Join Type": "Inner", "Startup Cost": 49658.09, "Total Cost": 131831.96, "Plan Rows": 545, "Plan Width": 33, "Inner Unique": false, "Plans": [{"Node Type": "Bitmap Heap Scan", "Parent Relationship": "Outer", "Relation Name": "title", "Alias": "t", "Startup Cost": 49653.87, "Total Cost": 128685.31, "Plan Rows": 258, "Plan Width": 21, "Filter": "((production_year > 2000) AND (((title)::text ~~ 'Birdemic%'::text) OR ((title)::text ~~ '%Movie%'::text)))", "Plans": [{"Node Type": "Bitmap Index Scan", "Parent Relationship": "Outer", "Index Name": "title_pkey", "Startup Cost": 0.0, "Total Cost": 49653.81, "Plan Rows": 2528311, "Plan Width": 0}]}, {"Node Type": "Bitmap Heap Scan", "Parent Relationship": "Inner", "Relation Name": "movie_companies", "Alias": "mc", "Startup Cost": 4.22, "Total Cost": 12.18, "Plan Rows": 2, "Plan Width": 12, "Recheck Cond": "(movie_id = t.id)", "Plans": [{"Node Type": "Bitmap Index Scan", "Parent Relationship": "Outer", "Index Name": "movie_id_movie_companies", "Startup Cost": 0.0, "Total Cost": 4.22, "Plan Rows": 2, "Plan Width": 0, "Index Cond": "(movie_id = t.id)"}]}]}, {"Node Type": "Bitmap Heap Scan", "Parent Relationship": "Inner", "Relation Name": "movie_info", "Alias": "mi", "Startup Cost": 0.38, "Total Cost": 4.44, "Plan Rows": 5, "Plan Width": 50, "Recheck Cond": "(movie_id = mc.movie_id)", "Plans": [{"Node Type": "Bitmap Index Scan", "Parent Relationship": "Outer", "Index Name": "movie_id_movie_info", "Startup Cost": 0.0, "Total Cost": 0.37, "Plan Rows": 5, "Plan Width": 0, "Index Cond": "(movie_id = mc.movie_id)"}]}]}]}, {"Node Type": "Bitmap Heap Scan", "Parent Relationship": "Inner", "Relation Name": "movie_info_idx", "Alias": "mi_idx", "Startup Cost": 0.27, "Total Cost": 4.29, "Plan Rows": 2, "Plan Width": 8, "Recheck Cond": "(movie_id = mi.movie_id)", "Plans": [{"Node Type": "Bitmap Index Scan", "Parent Relationship": "Outer", "Index Name": "movie_id_movie_info_idx", "Startup Cost": 0.0, "Total Cost": 0.27, "Plan Rows": 2, "Plan Width": 0, "Index Cond": "(movie_id = mi.movie_id)"}]}]}, {"Node Type": "Bitmap Heap Scan", "Parent Relationship": "Inner", "Relation Name": "info_type", "Alias": "it2", "Startup Cost": 0.26, "Total Cost": 4.27, "Plan Rows": 1, "Plan Width": 4, "Recheck Cond": "(id = mi_idx.info_type_id)", "Filter": "((info)::text = 'bottom 10 rank'::text)", "Plans": [{"Node Type": "Bitmap Index Scan", "Parent Relationship": "Outer", "Index Name": "info_type_pkey", "Startup Cost": 0.0, "Total Cost": 0.26, "Plan Rows": 1, "Plan Width": 0, "Index Cond": "(id = mi_idx.info_type_id)"}]}]}, {"Node Type": "Bitmap Heap Scan", "Parent Relationship": "Inner", "Relation Name": "company_type", "Alias": "ct", "Startup Cost": 0.26, "Total Cost": 4.28, "Plan Rows": 1, "Plan Width": 4, "Recheck Cond": "(id = mc.company_type_id)", "Filter": "((kind IS NOT NULL) AND (((kind)::text = 'production companies'::text) OR ((kind)::text = 'distributors'::text)))", "Plans": [{"Node Type": "Bitmap Index Scan", "Parent Relationship": "Outer", "Index Name": "company_type_pkey", "Startup Cost": 0.0, "Total Cost": 0.26, "Plan Rows": 1, "Plan Width": 0, "Index Cond": "(id = mc.company_type_id)"}]}]}, {"Node Type": "Bitmap Heap Scan", "Parent Relationship": "Inner", "Relation Name": "company_name", "Alias": "cn", "Startup Cost": 0.26, "Total Cost": 4.27, "Plan Rows": 1, "Plan Width": 4, "Recheck Cond": "(id = mc.company_id)", "Filter": "((country_code)::text = '[us]'::text)", "Plans": [{"Node Type": "Bitmap Index Scan", "Parent Relationship": "Outer", "Index Name": "company_name_pkey", "Startup Cost": 0.0, "Total Cost": 0.26, "Plan Rows": 1, "Plan Width": 0, "Index Cond": "(id = mc.company_id)"}]}]}]}, "Unique SQL Id": 1682224415}, "explain_analyze_plan": null}, "(16, 40)": {"explain_plan": {"Plan": {"Node Type": "Aggregate", "Strategy": "Plain", "Startup Cost": 22395.63, "Total Cost": 22395.64, "Plan Rows": 1, "Plan Width": 123, "Plans": [{"Node Type": "Nested Loop", "Parent Relationship": "Outer", "Join Type": "Inner", "Startup Cost": 0.0, "Total Cost": 22395.61, "Plan Rows": 4, "Plan Width": 59, "Inner Unique": true, "Plans": [{"Node Type": "Nested Loop", "Parent Relationship": "Outer", "Join Type": "Inner", "Startup Cost": 0.0, "Total Cost": 22393.6, "Plan Rows": 7, "Plan Width": 63, "Inner Unique": true, "Join Filter": "(mc.company_type_id = ct.id)", "Plans": [{"Node Type": "Nested Loop", "Parent Relationship": "Outer", "Join Type": "Inner", "Startup Cost": 0.0, "Total Cost": 22392.19, "Plan Rows": 12, "Plan Width": 67, "Inner Unique": false, "Join Filter": "(t.id = mc.movie_id)", "Plans": [{"Node Type": "Nested Loop", "Parent Relationship": "Outer", "Join Type": "Inner", "Startup Cost": 0.0, "Total Cost": 22389.62, "Plan Rows": 8, "Plan Width": 71, "Inner Unique": false, "Join Filter": "(mi.info_type_id = it1.id)", "Plans": [{"Node Type": "Seq Scan", "Parent Relationship": "Outer", "Relation Name": "info_type", "Alias": "it1", "Startup Cost": 0.0, "Total Cost": 2.4, "Plan Rows": 1, "Plan Width": 4, "Filter": "((info)::text = 'budget'::text)"}, {"Node Type": "Nested Loop", "Parent Relationship": "Inner", "Join Type": "Inner", "Startup Cost": 0.0, "Total Cost": 22366.48, "Plan Rows": 1659, "Plan Width": 75, "Inner Unique": false, "Join Filter": "(t.id = mi.movie_id)", "Plans": [{"Node Type": "Nested Loop", "Parent Relationship": "Outer", "Join Type": "Inner", "Startup Cost": 0.0, "Total Cost": 22053.3, "Plan Rows": 311, "Plan Width": 25, "Inner Unique": false, "Join Filter": "(mi_idx.info_type_id = it2.id)", "Plans": [{"Node Type": "Seq Scan", "Parent Relationship": "Outer", "Relation Name": "info_type", "Alias": "it2", "Startup Cost": 0.0, "Total Cost": 2.4, "Plan Rows": 1, "Plan Width": 4, "Filter": "((info)::text = 'bottom 10 rank'::text)"}, {"Node Type": "Materialize", "Parent Relationship": "Inner", "Startup Cost": 0.0, "Total Cost": 22046.94, "Plan Rows": 396, "Plan Width": 29, "Plans": [{"Node Type": "Nested Loop", "Parent Relationship": "Outer", "Join Type": "Inner", "Startup Cost": 0.0, "Total Cost": 22045.95, "Plan Rows": 396, "Plan Width": 29, "Inner Unique": false, "Plans": [{"Node Type": "Streaming(type: LOCAL GATHER dop: 1/16)", "Parent Relationship": "Outer", "Startup Cost": 0.0, "Total Cost": 19945.03, "Plan Rows": 258, "Plan Width": 21, "Plans": [{"Node Type": "Seq Scan", "Parent Relationship": "Outer", "Relation Name": "title", "Alias": "t", "Startup Cost": 0.0, "Total Cost": 19939.47, "Plan Rows": 258, "Plan Width": 21, "Filter": "((production_year > 2000) AND (((title)::text ~~ 'Birdemic%'::text) OR ((title)::text ~~ '%Movie%'::text)))"}]}, {"Node Type": "Index Scan", "Parent Relationship": "Inner", "Scan Direction": "Forward", "Index Name": "movie_id_movie_info_idx", "Relation Name": "movie_info_idx", "Alias": "mi_idx", "Startup Cost": 0.0, "Total Cost": 8.12, "Plan Rows": 2, "Plan Width": 8, "Index Cond": "(movie_id = t.id)"}]}]}]}, {"Node Type": "Index Scan", "Parent Relationship": "Inner", "Scan Direction": "Forward", "Index Name": "movie_id_movie_info", "Relation Name": "movie_info", "Alias": "mi", "Startup Cost": 0.0, "Total Cost": 0.94, "Plan Rows": 5, "Plan Width": 50, "Index Cond": "(movie_id = mi_idx.movie_id)"}]}]}, {"Node Type": "Index Scan", "Parent Relationship": "Inner", "Scan Direction": "Forward", "Index Name": "movie_id_movie_companies", "Relation Name": "movie_companies", "Alias": "mc", "Startup Cost": 0.0, "Total Cost": 0.3, "Plan Rows": 2, "Plan Width": 12, "Index Cond": "(movie_id = mi.movie_id)"}]}, {"Node Type": "Materialize", "Parent Relationship": "Inner", "Startup Cost": 0.0, "Total Cost": 1.05, "Plan Rows": 2, "Plan Width": 4, "Plans": [{"Node Type": "Seq Scan", "Parent Relationship": "Outer", "Relation Name": "company_type", "Alias": "ct", "Startup Cost": 0.0, "Total Cost": 1.04, "Plan Rows": 2, "Plan Width": 4, "Filter": "((kind IS NOT NULL) AND (((kind)::text = 'production companies'::text) OR ((kind)::text = 'distributors'::text)))"}]}]}, {"Node Type": "Index Scan", "Parent Relationship": "Inner", "Scan Direction": "Forward", "Index Name": "company_name_pkey", "Relation Name": "company_name", "Alias": "cn", "Startup Cost": 0.0, "Total Cost": 0.28, "Plan Rows": 1, "Plan Width": 4, "Index Cond": "(id = mc.company_id)", "Filter": "((country_code)::text = '[us]'::text)"}]}]}, "Unique SQL Id": 1682224415}, "explain_analyze_plan": {"Plan": {"Node Type": "Aggregate", "Strategy": "Plain", "Startup Cost": 22395.63, "Total Cost": 22395.64, "Plan Rows": 1, "Plan Width": 123, "Actual Min Startup Time": 140.775, "Actual Max Startup Time": 140.775, "Actual Min Total Time": 140.775, "Actual Max Total Time": 140.775, "Actual Total Rows": 1, "Plans": [{"Node Type": "Nested Loop", "Parent Relationship": "Outer", "Join Type": "Inner", "Startup Cost": 0.0, "Total Cost": 22395.61, "Plan Rows": 4, "Plan Width": 59, "Actual Min Startup Time": 139.72, "Actual Max Startup Time": 139.72, "Actual Min Total Time": 140.741, "Actual Max Total Time": 140.741, "Actual Total Rows": 5, "Inner Unique": true, "Plans": [{"Node Type": "Nested Loop", "Parent Relationship": "Outer", "Join Type": "Inner", "Startup Cost": 0.0, "Total Cost": 22393.6, "Plan Rows": 7, "Plan Width": 63, "Actual Min Startup Time": 139.69, "Actual Max Startup Time": 139.69, "Actual Min Total Time": 140.667, "Actual Max Total Time": 140.667, "Actual Total Rows": 5, "Inner Unique": true, "Join Filter": "(mc.company_type_id = ct.id)", "Rows Removed by Join Filter": 28, "Plans": [{"Node Type": "Nested Loop", "Parent Relationship": "Outer", "Join Type": "Inner", "Startup Cost": 0.0, "Total Cost": 22392.19, "Plan Rows": 12, "Plan Width": 67, "Actual Min Startup Time": 139.612, "Actual Max Startup Time": 139.612, "Actual Min Total Time": 140.606, "Actual Max Total Time": 140.606, "Actual Total Rows": 33, "Inner Unique": false, "Join Filter": "(t.id = mc.movie_id)", "Rows Removed by Join Filter": 0, "Plans": [{"Node Type": "Nested Loop", "Parent Relationship": "Outer", "Join Type": "Inner", "Startup Cost": 0.0, "Total Cost": 22389.62, "Plan Rows": 8, "Plan Width": 71, "Actual Min Startup Time": 139.58, "Actual Max Startup Time": 139.58, "Actual Min Total Time": 140.526, "Actual Max Total Time": 140.526, "Actual Total Rows": 2, "Inner Unique": false, "Join Filter": "(mi.info_type_id = it1.id)", "Rows Removed by Join Filter": 219, "Plans": [{"Node Type": "Seq Scan", "Parent Relationship": "Outer", "Relation Name": "info_type", "Alias": "it1", "Startup Cost": 0.0, "Total Cost": 2.4, "Plan Rows": 1, "Plan Width": 4, "Actual Min Startup Time": 0.085, "Actual Max Startup Time": 0.085, "Actual Min Total Time": 0.096, "Actual Max Total Time": 0.096, "Actual Total Rows": 1, "Filter": "((info)::text = 'budget'::text)", "Rows Removed by Filter": 111}, {"Node Type": "Nested Loop", "Parent Relationship": "Inner", "Join Type": "Inner", "Startup Cost": 0.0, "Total Cost": 22366.48, "Plan Rows": 1659, "Plan Width": 75, "Actual Min Startup Time": 139.308, "Actual Max Startup Time": 139.308, "Actual Min Total Time": 140.321, "Actual Max Total Time": 140.321, "Actual Total Rows": 221, "Inner Unique": false, "Join Filter": "(t.id = mi.movie_id)", "Rows Removed by Join Filter": 0, "Plans": [{"Node Type": "Nested Loop", "Parent Relationship": "Outer", "Join Type": "Inner", "Startup Cost": 0.0, "Total Cost": 22053.3, "Plan Rows": 311, "Plan Width": 25, "Actual Min Startup Time": 139.258, "Actual Max Startup Time": 139.258, "Actual Min Total Time": 139.97, "Actual Max Total Time": 139.97, "Actual Total Rows": 2, "Inner Unique": false, "Join Filter": "(mi_idx.info_type_id = it2.id)", "Rows Removed by Join Filter": 2643, "Plans": [{"Node Type": "Seq Scan", "Parent Relationship": "Outer", "Relation Name": "info_type", "Alias": "it2", "Startup Cost": 0.0, "Total Cost": 2.4, "Plan Rows": 1, "Plan Width": 4, "Actual Min Startup Time": 0.08, "Actual Max Startup Time": 0.08, "Actual Min Total Time": 0.085, "Actual Max Total Time": 0.085, "Actual Total Rows": 1, "Filter": "((info)::text = 'bottom 10 rank'::text)", "Rows Removed by Filter": 111}, {"Node Type": "Materialize", "Parent Relationship": "Inner", "Startup Cost": 0.0, "Total Cost": 22046.94, "Plan Rows": 396, "Plan Width": 29, "Actual Min Startup Time": 138.976, "Actual Max Startup Time": 138.976, "Actual Min Total Time": 139.29, "Actual Max Total Time": 139.29, "Actual Total Rows": 2646, "Plans": [{"Node Type": "Nested Loop", "Parent Relationship": "Outer", "Join Type": "Inner", "Startup Cost": 0.0, "Total Cost": 22045.95, "Plan Rows": 396, "Plan Width": 29, "Actual Min Startup Time": 83.367, "Actual Max Startup Time": 83.367, "Actual Min Total Time": 138.066, "Actual Max Total Time": 138.066, "Actual Total Rows": 2645, "Inner Unique": false, "Plans": [{"Node Type": "Streaming(type: LOCAL GATHER dop: 1/16)", "Parent Relationship": "Outer", "Startup Cost": 0.0, "Total Cost": 19945.03, "Plan Rows": 258, "Plan Width": 21, "Actual Min Startup Time": 83.287, "Actual Max Startup Time": 83.287, "Actual Min Total Time": 121.213, "Actual Max Total Time": 121.213, "Actual Total Rows": 2536, "Plans": [{"Node Type": "Seq Scan", "Parent Relationship": "Outer", "Relation Name": "title", "Alias": "t", "Startup Cost": 0.0, "Total Cost": 19939.47, "Plan Rows": 258, "Plan Width": 21, "Actual Min Startup Time": 0.049, "Actual Max Startup Time": 5.595, "Actual Min Total Time": 84.557, "Actual Max Total Time": 107.152, "Actual Total Rows": 2536, "Filter": "((production_year > 2000) AND (((title)::text ~~ 'Birdemic%'::text) OR ((title)::text ~~ '%Movie%'::text)))", "Rows Removed by Filter": 2525775}]}, {"Node Type": "Index Scan", "Parent Relationship": "Inner", "Scan Direction": "Forward", "Index Name": "movie_id_movie_info_idx", "Relation Name": "movie_info_idx", "Alias": "mi_idx", "Startup Cost": 0.0, "Total Cost": 8.12, "Plan Rows": 2, "Plan Width": 8, "Actual Min Startup Time": 14.009, "Actual Max Startup Time": 14.009, "Actual Min Total Time": 15.039, "Actual Max Total Time": 15.039, "Actual Total Rows": 2645, "Index Cond": "(movie_id = t.id)", "Rows Removed by Index Recheck": 0}]}]}]}, {"Node Type": "Index Scan", "Parent Relationship": "Inner", "Scan Direction": "Forward", "Index Name": "movie_id_movie_info", "Relation Name": "movie_info", "Alias": "mi", "Startup Cost": 0.0, "Total Cost": 0.94, "Plan Rows": 5, "Plan Width": 50, "Actual Min Startup Time": 0.058, "Actual Max Startup Time": 0.058, "Actual Min Total Time": 0.27, "Actual Max Total Time": 0.27, "Actual Total Rows": 221, "Index Cond": "(movie_id = mi_idx.movie_id)", "Rows Removed by Index Recheck": 0}]}]}, {"Node Type": "Index Scan", "Parent Relationship": "Inner", "Scan Direction": "Forward", "Index Name": "movie_id_movie_companies", "Relation Name": "movie_companies", "Alias": "mc", "Startup Cost": 0.0, "Total Cost": 0.3, "Plan Rows": 2, "Plan Width": 12, "Actual Min Startup Time": 0.034, "Actual Max Startup Time": 0.034, "Actual Min Total Time": 0.053, "Actual Max Total Time": 0.053, "Actual Total Rows": 33, "Index Cond": "(movie_id = mi.movie_id)", "Rows Removed by Index Recheck": 0}]}, {"Node Type": "Materialize", "Parent Relationship": "Inner", "Startup Cost": 0.0, "Total Cost": 1.05, "Plan Rows": 2, "Plan Width": 4, "Actual Min Startup Time": 0.023, "Actual Max Startup Time": 0.023, "Actual Min Total Time": 0.032, "Actual Max Total Time": 0.032, "Actual Total Rows": 33, "Plans": [{"Node Type": "Seq Scan", "Parent Relationship": "Outer", "Relation Name": "company_type", "Alias": "ct", "Startup Cost": 0.0, "Total Cost": 1.04, "Plan Rows": 2, "Plan Width": 4, "Actual Min Startup Time": 0.017, "Actual Max Startup Time": 0.017, "Actual Min Total Time": 0.024, "Actual Max Total Time": 0.024, "Actual Total Rows": 1, "Filter": "((kind IS NOT NULL) AND (((kind)::text = 'production companies'::text) OR ((kind)::text = 'distributors'::text)))", "Rows Removed by Filter": 2}]}]}, {"Node Type": "Index Scan", "Parent Relationship": "Inner", "Scan Direction": "Forward", "Index Name": "company_name_pkey", "Relation Name": "company_name", "Alias": "cn", "Startup Cost": 0.0, "Total Cost": 0.28, "Plan Rows": 1, "Plan Width": 4, "Actual Min Startup Time": 0.063, "Actual Max Startup Time": 0.063, "Actual Min Total Time": 0.063, "Actual Max Total Time": 0.063, "Actual Total Rows": 5, "Index Cond": "(id = mc.company_id)", "Rows Removed by Index Recheck": 0, "Filter": "((country_code)::text = '[us]'::text)", "Rows Removed by Filter": 0}]}]}, "Triggers": [], "Planner Runtime": 277.921, "Total Runtime": 143.957, "Unique SQL Id": 1682224415}}, "(16, 41)": {"explain_plan": {"Plan": {"Node Type": "Aggregate", "Strategy": "Plain", "Startup Cost": 105045.39, "Total Cost": 105045.4, "Plan Rows": 1, "Plan Width": 123, "Plans": [{"Node Type": "Nested Loop", "Parent Relationship": "Outer", "Join Type": "Inner", "Startup Cost": 0.0, "Total Cost": 105045.15, "Plan Rows": 48, "Plan Width": 59, "Inner Unique": true, "Plans": [{"Node Type": "Nested Loop", "Parent Relationship": "Outer", "Join Type": "Inner", "Startup Cost": 0.0, "Total Cost": 105031.47, "Plan Rows": 48, "Plan Width": 63, "Inner Unique": true, "Plans": [{"Node Type": "Nested Loop", "Parent Relationship": "Outer", "Join Type": "Inner", "Startup Cost": 0.0, "Total Cost": 105030.03, "Plan Rows": 5, "Plan Width": 67, "Inner Unique": false, "Join Filter": "(mi.info_type_id = it1.id)", "Plans": [{"Node Type": "Index Scan", "Parent Relationship": "Outer", "Scan Direction": "Forward", "Index Name": "info_type_pkey", "Relation Name": "info_type", "Alias": "it1", "Startup Cost": 0.0, "Total Cost": 14.21, "Plan Rows": 1, "Plan Width": 4, "Filter": "((info)::text = 'budget'::text)"}, {"Node Type": "Nested Loop", "Parent Relationship": "Inner", "Join Type": "Inner", "Startup Cost": 0.0, "Total Cost": 105001.79, "Plan Rows": 1122, "Plan Width": 71, "Inner Unique": false, "Join Filter": "(t.id = mi.movie_id)", "Plans": [{"Node Type": "Nested Loop", "Parent Relationship": "Outer", "Join Type": "Inner", "Startup Cost": 0.0, "Total Cost": 104849.13, "Plan Rows": 210, "Plan Width": 37, "Inner Unique": false, "Join Filter": "(t.id = mc.movie_id)", "Plans": [{"Node Type": "Nested Loop", "Parent Relationship": "Outer", "Join Type": "Inner", "Startup Cost": 0.0, "Total Cost": 104728.36, "Plan Rows": 311, "Plan Width": 25, "Inner Unique": false, "Join Filter": "(mi_idx.info_type_id = it2.id)", "Plans": [{"Node Type": "Index Scan", "Parent Relationship": "Outer", "Scan Direction": "Forward", "Index Name": "info_type_pkey", "Relation Name": "info_type", "Alias": "it2", "Startup Cost": 0.0, "Total Cost": 14.21, "Plan Rows": 1, "Plan Width": 4, "Filter": "((info)::text = 'bottom 10 rank'::text)"}, {"Node Type": "Materialize", "Parent Relationship": "Inner", "Startup Cost": 0.0, "Total Cost": 104710.19, "Plan Rows": 396, "Plan Width": 29, "Plans": [{"Node Type": "Nested Loop", "Parent Relationship": "Outer", "Join Type": "Inner", "Startup Cost": 0.0, "Total Cost": 104709.2, "Plan Rows": 396, "Plan Width": 29, "Inner Unique": false, "Plans": [{"Node Type": "Streaming(type: LOCAL GATHER dop: 1/16)", "Parent Relationship": "Outer", "Startup Cost": 0.0, "Total Cost": 102608.29, "Plan Rows": 258, "Plan Width": 21, "Plans": [{"Node Type": "Index Scan", "Parent Relationship": "Outer", "Scan Direction": "Forward", "Index Name": "title_pkey", "Relation Name": "title", "Alias": "t", "Startup Cost": 0.0, "Total Cost": 102602.72, "Plan Rows": 258, "Plan Width": 21, "Filter": "((production_year > 2000) AND (((title)::text ~~ 'Birdemic%'::text) OR ((title)::text ~~ '%Movie%'::text)))"}]}, {"Node Type": "Index Scan", "Parent Relationship": "Inner", "Scan Direction": "Forward", "Index Name": "movie_id_movie_info_idx", "Relation Name": "movie_info_idx", "Alias": "mi_idx", "Startup Cost": 0.0, "Total Cost": 8.12, "Plan Rows": 2, "Plan Width": 8, "Index Cond": "(movie_id = t.id)"}]}]}]}, {"Node Type": "Index Scan", "Parent Relationship": "Inner", "Scan Direction": "Forward", "Index Name": "movie_id_movie_companies", "Relation Name": "movie_companies", "Alias": "mc", "Startup Cost": 0.0, "Total Cost": 0.36, "Plan Rows": 2, "Plan Width": 12, "Index Cond": "(movie_id = mi_idx.movie_id)"}]}, {"Node Type": "Index Scan", "Parent Relationship": "Inner", "Scan Direction": "Forward", "Index Name": "movie_id_movie_info", "Relation Name": "movie_info", "Alias": "mi", "Startup Cost": 0.0, "Total Cost": 0.66, "Plan Rows": 5, "Plan Width": 50, "Index Cond": "(movie_id = mc.movie_id)"}]}]}, {"Node Type": "Index Scan", "Parent Relationship": "Inner", "Scan Direction": "Forward", "Index Name": "company_name_pkey", "Relation Name": "company_name", "Alias": "cn", "Startup Cost": 0.0, "Total Cost": 0.28, "Plan Rows": 1, "Plan Width": 4, "Index Cond": "(id = mc.company_id)", "Filter": "((country_code)::text = '[us]'::text)"}]}, {"Node Type": "Index Scan", "Parent Relationship": "Inner", "Scan Direction": "Forward", "Index Name": "company_type_pkey", "Relation Name": "company_type", "Alias": "ct", "Startup Cost": 0.0, "Total Cost": 0.28, "Plan Rows": 1, "Plan Width": 4, "Index Cond": "(id = mc.company_type_id)", "Filter": "((kind IS NOT NULL) AND (((kind)::text = 'production companies'::text) OR ((kind)::text = 'distributors'::text)))"}]}]}, "Unique SQL Id": 1682224415}, "explain_analyze_plan": {"Plan": {"Node Type": "Aggregate", "Strategy": "Plain", "Startup Cost": 105045.39, "Total Cost": 105045.4, "Plan Rows": 1, "Plan Width": 123, "Actual Min Startup Time": 428.893, "Actual Max Startup Time": 428.893, "Actual Min Total Time": 428.894, "Actual Max Total Time": 428.894, "Actual Total Rows": 1, "Plans": [{"Node Type": "Nested Loop", "Parent Relationship": "Outer", "Join Type": "Inner", "Startup Cost": 0.0, "Total Cost": 105045.15, "Plan Rows": 48, "Plan Width": 59, "Actual Min Startup Time": 427.475, "Actual Max Startup Time": 427.475, "Actual Min Total Time": 428.857, "Actual Max Total Time": 428.857, "Actual Total Rows": 5, "Inner Unique": true, "Plans": [{"Node Type": "Nested Loop", "Parent Relationship": "Outer", "Join Type": "Inner", "Startup Cost": 0.0, "Total Cost": 105031.47, "Plan Rows": 48, "Plan Width": 63, "Actual Min Startup Time": 424.584, "Actual Max Startup Time": 424.584, "Actual Min Total Time": 428.81, "Actual Max Total Time": 428.81, "Actual Total Rows": 10, "Inner Unique": true, "Plans": [{"Node Type": "Nested Loop", "Parent Relationship": "Outer", "Join Type": "Inner", "Startup Cost": 0.0, "Total Cost": 105030.03, "Plan Rows": 5, "Plan Width": 67, "Actual Min Startup Time": 423.182, "Actual Max Startup Time": 423.182, "Actual Min Total Time": 428.54, "Actual Max Total Time": 428.54, "Actual Total Rows": 33, "Inner Unique": false, "Join Filter": "(mi.info_type_id = it1.id)", "Rows Removed by Join Filter": 4926, "Plans": [{"Node Type": "Index Scan", "Parent Relationship": "Outer", "Scan Direction": "Forward", "Index Name": "info_type_pkey", "Relation Name": "info_type", "Alias": "it1", "Startup Cost": 0.0, "Total Cost": 14.21, "Plan Rows": 1, "Plan Width": 4, "Actual Min Startup Time": 0.091, "Actual Max Startup Time": 0.091, "Actual Min Total Time": 0.1, "Actual Max Total Time": 0.1, "Actual Total Rows": 1, "Filter": "((info)::text = 'budget'::text)", "Rows Removed by Filter": 111}, {"Node Type": "Nested Loop", "Parent Relationship": "Inner", "Join Type": "Inner", "Startup Cost": 0.0, "Total Cost": 105001.79, "Plan Rows": 1122, "Plan Width": 71, "Actual Min Startup Time": 422.919, "Actual Max Startup Time": 422.919, "Actual Min Total Time": 427.403, "Actual Max Total Time": 427.403, "Actual Total Rows": 4959, "Inner Unique": false, "Join Filter": "(t.id = mi.movie_id)", "Rows Removed by Join Filter": 0, "Plans": [{"Node Type": "Nested Loop", "Parent Relationship": "Outer", "Join Type": "Inner", "Startup Cost": 0.0, "Total Cost": 104849.13, "Plan Rows": 210, "Plan Width": 37, "Actual Min Startup Time": 422.871, "Actual Max Startup Time": 422.871, "Actual Min Total Time": 423.296, "Actual Max Total Time": 423.296, "Actual Total Rows": 33, "Inner Unique": false, "Join Filter": "(t.id = mc.movie_id)", "Rows Removed by Join Filter": 0, "Plans": [{"Node Type": "Nested Loop", "Parent Relationship": "Outer", "Join Type": "Inner", "Startup Cost": 0.0, "Total Cost": 104728.36, "Plan Rows": 311, "Plan Width": 25, "Actual Min Startup Time": 422.839, "Actual Max Startup Time": 422.839, "Actual Min Total Time": 423.213, "Actual Max Total Time": 423.213, "Actual Total Rows": 2, "Inner Unique": false, "Join Filter": "(mi_idx.info_type_id = it2.id)", "Rows Removed by Join Filter": 2643, "Plans": [{"Node Type": "Index Scan", "Parent Relationship": "Outer", "Scan Direction": "Forward", "Index Name": "info_type_pkey", "Relation Name": "info_type", "Alias": "it2", "Startup Cost": 0.0, "Total Cost": 14.21, "Plan Rows": 1, "Plan Width": 4, "Actual Min Startup Time": 0.085, "Actual Max Startup Time": 0.085, "Actual Min Total Time": 0.086, "Actual Max Total Time": 0.086, "Actual Total Rows": 1, "Filter": "((info)::text = 'bottom 10 rank'::text)", "Rows Removed by Filter": 111}, {"Node Type": "Materialize", "Parent Relationship": "Inner", "Startup Cost": 0.0, "Total Cost": 104710.19, "Plan Rows": 396, "Plan Width": 29, "Actual Min Startup Time": 422.174, "Actual Max Startup Time": 422.174, "Actual Min Total Time": 422.543, "Actual Max Total Time": 422.543, "Actual Total Rows": 2646, "Plans": [{"Node Type": "Nested Loop", "Parent Relationship": "Outer", "Join Type": "Inner", "Startup Cost": 0.0, "Total Cost": 104709.2, "Plan Rows": 396, "Plan Width": 29, "Actual Min Startup Time": 129.083, "Actual Max Startup Time": 129.083, "Actual Min Total Time": 421.219, "Actual Max Total Time": 421.219, "Actual Total Rows": 2645, "Inner Unique": false, "Plans": [{"Node Type": "Streaming(type: LOCAL GATHER dop: 1/16)", "Parent Relationship": "Outer", "Startup Cost": 0.0, "Total Cost": 102608.29, "Plan Rows": 258, "Plan Width": 21, "Actual Min Startup Time": 129.043, "Actual Max Startup Time": 129.043, "Actual Min Total Time": 405.859, "Actual Max Total Time": 405.859, "Actual Total Rows": 2536, "Plans": [{"Node Type": "Index Scan", "Parent Relationship": "Outer", "Scan Direction": "Forward", "Index Name": "title_pkey", "Relation Name": "title", "Alias": "t", "Startup Cost": 0.0, "Total Cost": 102602.72, "Plan Rows": 258, "Plan Width": 21, "Actual Min Startup Time": 21.32, "Actual Max Startup Time": 42.499, "Actual Min Total Time": 349.176, "Actual Max Total Time": 394.75, "Actual Total Rows": 2536, "Filter": "((production_year > 2000) AND (((title)::text ~~ 'Birdemic%'::text) OR ((title)::text ~~ '%Movie%'::text)))", "Rows Removed by Filter": 2525775}]}, {"Node Type": "Index Scan", "Parent Relationship": "Inner", "Scan Direction": "Forward", "Index Name": "movie_id_movie_info_idx", "Relation Name": "movie_info_idx", "Alias": "mi_idx", "Startup Cost": 0.0, "Total Cost": 8.12, "Plan Rows": 2, "Plan Width": 8, "Actual Min Startup Time": 12.271, "Actual Max Startup Time": 12.271, "Actual Min Total Time": 13.318, "Actual Max Total Time": 13.318, "Actual Total Rows": 2645, "Index Cond": "(movie_id = t.id)", "Rows Removed by Index Recheck": 0}]}]}]}, {"Node Type": "Index Scan", "Parent Relationship": "Inner", "Scan Direction": "Forward", "Index Name": "movie_id_movie_companies", "Relation Name": "movie_companies", "Alias": "mc", "Startup Cost": 0.0, "Total Cost": 0.36, "Plan Rows": 2, "Plan Width": 12, "Actual Min Startup Time": 0.035, "Actual Max Startup Time": 0.035, "Actual Min Total Time": 0.06, "Actual Max Total Time": 0.06, "Actual Total Rows": 33, "Index Cond": "(movie_id = mi_idx.movie_id)", "Rows Removed by Index Recheck": 0}]}, {"Node Type": "Index Scan", "Parent Relationship": "Inner", "Scan Direction": "Forward", "Index Name": "movie_id_movie_info", "Relation Name": "movie_info", "Alias": "mi", "Startup Cost": 0.0, "Total Cost": 0.66, "Plan Rows": 5, "Plan Width": 50, "Actual Min Startup Time": 0.513, "Actual Max Startup Time": 0.513, "Actual Min Total Time": 2.557, "Actual Max Total Time": 2.557, "Actual Total Rows": 4959, "Index Cond": "(movie_id = mc.movie_id)", "Rows Removed by Index Recheck": 0}]}]}, {"Node Type": "Index Scan", "Parent Relationship": "Inner", "Scan Direction": "Forward", "Index Name": "company_name_pkey", "Relation Name": "company_name", "Alias": "cn", "Startup Cost": 0.0, "Total Cost": 0.28, "Plan Rows": 1, "Plan Width": 4, "Actual Min Startup Time": 0.243, "Actual Max Startup Time": 0.243, "Actual Min Total Time": 0.243, "Actual Max Total Time": 0.243, "Actual Total Rows": 10, "Index Cond": "(id = mc.company_id)", "Rows Removed by Index Recheck": 0, "Filter": "((country_code)::text = '[us]'::text)", "Rows Removed by Filter": 23}]}, {"Node Type": "Index Scan", "Parent Relationship": "Inner", "Scan Direction": "Forward", "Index Name": "company_type_pkey", "Relation Name": "company_type", "Alias": "ct", "Startup Cost": 0.0, "Total Cost": 0.28, "Plan Rows": 1, "Plan Width": 4, "Actual Min Startup Time": 0.032, "Actual Max Startup Time": 0.032, "Actual Min Total Time": 0.032, "Actual Max Total Time": 0.032, "Actual Total Rows": 5, "Index Cond": "(id = mc.company_type_id)", "Rows Removed by Index Recheck": 0, "Filter": "((kind IS NOT NULL) AND (((kind)::text = 'production companies'::text) OR ((kind)::text = 'distributors'::text)))", "Rows Removed by Filter": 0}]}]}, "Triggers": [], "Planner Runtime": 164.869, "Total Runtime": 432.154, "Unique SQL Id": 1682224415}}, "(16, 42)": {"explain_plan": {"Plan": {"Node Type": "Aggregate", "Strategy": "Plain", "Startup Cost": 140265.77, "Total Cost": 140265.78, "Plan Rows": 1, "Plan Width": 123, "Plans": [{"Node Type": "Nested Loop", "Parent Relationship": "Outer", "Join Type": "Inner", "Startup Cost": 107031.57, "Total Cost": 140265.75, "Plan Rows": 4, "Plan Width": 59, "Inner Unique": true, "Join Filter": "(mc.company_type_id = ct.id)", "Plans": [{"Node Type": "Nested Loop", "Parent Relationship": "Outer", "Join Type": "Inner", "Startup Cost": 107031.57, "Total Cost": 140264.58, "Plan Rows": 4, "Plan Width": 63, "Inner Unique": false, "Join Filter": "(mi_idx.info_type_id = it2.id)", "Plans": [{"Node Type": "Seq Scan", "Parent Relationship": "Outer", "Relation Name": "info_type", "Alias": "it2", "Startup Cost": 0.0, "Total Cost": 2.4, "Plan Rows": 1, "Plan Width": 4, "Filter": "((info)::text = 'bottom 10 rank'::text)"}, {"Node Type": "Materialize", "Parent Relationship": "Inner", "Startup Cost": 107031.57, "Total Cost": 140261.63, "Plan Rows": 55, "Plan Width": 67, "Plans": [{"Node Type": "Hash Join", "Parent Relationship": "Outer", "Join Type": "Inner", "Startup Cost": 107031.57, "Total Cost": 140261.49, "Plan Rows": 55, "Plan Width": 67, "Inner Unique": true, "Hash Cond": "(mc.company_id = cn.id)", "Plans": [{"Node Type": "Streaming(type: LOCAL GATHER dop: 1/16)", "Parent Relationship": "Outer", "Startup Cost": 104491.08, "Total Cost": 137719.99, "Plan Rows": 65, "Plan Width": 71, "Plans": [{"Node Type": "Hash Join", "Parent Relationship": "Outer", "Join Type": "Inner", "Startup Cost": 104491.08, "Total Cost": 137718.59, "Plan Rows": 65, "Plan Width": 71, "Inner Unique": false, "Hash Cond": "(t.id = mi_idx.movie_id)", "Plans": [{"Node Type": "Streaming(type: BROADCAST dop: 16/16)", "Parent Relationship": "Outer", "Startup Cost": 87145.78, "Total Cost": 120372.93, "Plan Rows": 672, "Plan Width": 79, "Plans": [{"Node Type": "Hash Join", "Parent Relationship": "Outer", "Join Type": "Inner", "Startup Cost": 87145.78, "Total Cost": 105371.23, "Plan Rows": 42, "Plan Width": 79, "Inner Unique": false, "Hash Cond": "(mc.movie_id = t.id)", "Plans": [{"Node Type": "Seq Scan", "Parent Relationship": "Outer", "Relation Name": "movie_companies", "Alias": "mc", "Startup Cost": 0.0, "Total Cost": 17613.58, "Plan Rows": 2609128, "Plan Width": 12}, {"Node Type": "Hash", "Parent Relationship": "Inner", "Startup Cost": 87142.43, "Total Cost": 87142.43, "Plan Rows": 4288, "Plan Width": 67, "Plans": [{"Node Type": "Streaming(type: BROADCAST dop: 16/1)", "Parent Relationship": "Outer", "Startup Cost": 34953.17, "Total Cost": 87142.43, "Plan Rows": 4288, "Plan Width": 67, "Plans": [{"Node Type": "Nested Loop", "Parent Relationship": "Outer", "Join Type": "Inner", "Startup Cost": 34953.17, "Total Cost": 72049.89, "Plan Rows": 268, "Plan Width": 67, "Inner Unique": false, "Join Filter": "(mi.info_type_id = it1.id)", "Plans": [{"Node Type": "Seq Scan", "Parent Relationship": "Outer", "Relation Name": "info_type", "Alias": "it1", "Startup Cost": 0.0, "Total Cost": 2.4, "Plan Rows": 1, "Plan Width": 4, "Filter": "((info)::text = 'budget'::text)"}, {"Node Type": "Materialize", "Parent Relationship": "Inner", "Startup Cost": 34953.17, "Total Cost": 72033.82, "Plan Rows": 1367, "Plan Width": 71, "Plans": [{"Node Type": "Streaming(type: LOCAL GATHER dop: 1/16)", "Parent Relationship": "Outer", "Startup Cost": 34953.17, "Total Cost": 72030.4, "Plan Rows": 1367, "Plan Width": 71, "Plans": [{"Node Type": "Hash Join", "Parent Relationship": "Outer", "Join Type": "Inner", "Startup Cost": 34953.17, "Total Cost": 72000.9, "Plan Rows": 1367, "Plan Width": 71, "Inner Unique": true, "Hash Cond": "(mi.movie_id = t.id)", "Plans": [{"Node Type": "Seq Scan", "Parent Relationship": "Outer", "Relation Name": "movie_info", "Alias": "mi", "Startup Cost": 0.0, "Total Cost": 33561.73, "Plan Rows": 14869966, "Plan Width": 50}, {"Node Type": "Hash", "Parent Relationship": "Inner", "Startup Cost": 34949.95, "Total Cost": 34949.95, "Plan Rows": 4128, "Plan Width": 21, "Plans": [{"Node Type": "Streaming(type: BROADCAST dop: 16/16)", "Parent Relationship": "Outer", "Startup Cost": 0.0, "Total Cost": 34949.95, "Plan Rows": 4128, "Plan Width": 21, "Plans": [{"Node Type": "Seq Scan", "Parent Relationship": "Outer", "Relation Name": "title", "Alias": "t", "Startup Cost": 0.0, "Total Cost": 19939.47, "Plan Rows": 258, "Plan Width": 21, "Filter": "((production_year > 2000) AND (((title)::text ~~ 'Birdemic%'::text) OR ((title)::text ~~ '%Movie%'::text)))"}]}]}]}]}]}]}]}]}]}]}, {"Node Type": "Hash", "Parent Relationship": "Inner", "Startup Cost": 16267.15, "Total Cost": 16267.15, "Plan Rows": 1380034, "Plan Width": 8, "Plans": [{"Node Type": "Seq Scan", "Parent Relationship": "Outer", "Relation Name": "movie_info_idx", "Alias": "mi_idx", "Startup Cost": 0.0, "Total Cost": 16267.15, "Plan Rows": 1380034, "Plan Width": 8}]}]}]}, {"Node Type": "Hash", "Parent Relationship": "Inner", "Startup Cost": 5903.45, "Total Cost": 5903.45, "Plan Rows": 85170, "Plan Width": 4, "Plans": [{"Node Type": "Seq Scan", "Parent Relationship": "Outer", "Relation Name": "company_name", "Alias": "cn", "Startup Cost": 0.0, "Total Cost": 5903.45, "Plan Rows": 85170, "Plan Width": 4, "Filter": "((country_code)::text = '[us]'::text)"}]}]}]}]}, {"Node Type": "Materialize", "Parent Relationship": "Inner", "Startup Cost": 0.0, "Total Cost": 1.05, "Plan Rows": 2, "Plan Width": 4, "Plans": [{"Node Type": "Seq Scan", "Parent Relationship": "Outer", "Relation Name": "company_type", "Alias": "ct", "Startup Cost": 0.0, "Total Cost": 1.04, "Plan Rows": 2, "Plan Width": 4, "Filter": "((kind IS NOT NULL) AND (((kind)::text = 'production companies'::text) OR ((kind)::text = 'distributors'::text)))"}]}]}]}, "Unique SQL Id": 1682224415}, "explain_analyze_plan": {"Plan": {"Node Type": "Aggregate", "Strategy": "Plain", "Startup Cost": 140265.77, "Total Cost": 140265.78, "Plan Rows": 1, "Plan Width": 123, "Actual Min Startup Time": 777.452, "Actual Max Startup Time": 777.452, "Actual Min Total Time": 777.453, "Actual Max Total Time": 777.453, "Actual Total Rows": 1, "Plans": [{"Node Type": "Nested Loop", "Parent Relationship": "Outer", "Join Type": "Inner", "Startup Cost": 107031.57, "Total Cost": 140265.75, "Plan Rows": 4, "Plan Width": 59, "Actual Min Startup Time": 776.981, "Actual Max Startup Time": 776.981, "Actual Min Total Time": 777.428, "Actual Max Total Time": 777.428, "Actual Total Rows": 5, "Inner Unique": true, "Join Filter": "(mc.company_type_id = ct.id)", "Rows Removed by Join Filter": 5, "Plans": [{"Node Type": "Nested Loop", "Parent Relationship": "Outer", "Join Type": "Inner", "Startup Cost": 107031.57, "Total Cost": 140264.58, "Plan Rows": 4, "Plan Width": 63, "Actual Min Startup Time": 776.93, "Actual Max Startup Time": 776.93, "Actual Min Total Time": 777.376, "Actual Max Total Time": 777.376, "Actual Total Rows": 10, "Inner Unique": false, "Join Filter": "(mi_idx.info_type_id = it2.id)", "Rows Removed by Join Filter": 1383, "Plans": [{"Node Type": "Seq Scan", "Parent Relationship": "Outer", "Relation Name": "info_type", "Alias": "it2", "Startup Cost": 0.0, "Total Cost": 2.4, "Plan Rows": 1, "Plan Width": 4, "Actual Min Startup Time": 0.081, "Actual Max Startup Time": 0.081, "Actual Min Total Time": 0.084, "Actual Max Total Time": 0.084, "Actual Total Rows": 1, "Filter": "((info)::text = 'bottom 10 rank'::text)", "Rows Removed by Filter": 111}, {"Node Type": "Materialize", "Parent Relationship": "Inner", "Startup Cost": 107031.57, "Total Cost": 140261.63, "Plan Rows": 55, "Plan Width": 67, "Actual Min Startup Time": 776.598, "Actual Max Startup Time": 776.598, "Actual Min Total Time": 776.776, "Actual Max Total Time": 776.776, "Actual Total Rows": 1394, "Plans": [{"Node Type": "Hash Join", "Parent Relationship": "Outer", "Join Type": "Inner", "Startup Cost": 107031.57, "Total Cost": 140261.49, "Plan Rows": 55, "Plan Width": 67, "Actual Min Startup Time": 734.626, "Actual Max Startup Time": 734.626, "Actual Min Total Time": 776.177, "Actual Max Total Time": 776.177, "Actual Total Rows": 1393, "Inner Unique": true, "Hash Cond": "(mc.company_id = cn.id)", "Plans": [{"Node Type": "Streaming(type: LOCAL GATHER dop: 1/16)", "Parent Relationship": "Outer", "Startup Cost": 104491.08, "Total Cost": 137719.99, "Plan Rows": 65, "Plan Width": 71, "Actual Min Startup Time": 613.237, "Actual Max Startup Time": 613.237, "Actual Min Total Time": 653.467, "Actual Max Total Time": 653.467, "Actual Total Rows": 3102, "Plans": [{"Node Type": "Hash Join", "Parent Relationship": "Outer", "Join Type": "Inner", "Startup Cost": 104491.08, "Total Cost": 137718.59, "Plan Rows": 65, "Plan Width": 71, "Actual Min Startup Time": 561.788, "Actual Max Startup Time": 610.52, "Actual Min Total Time": 601.849, "Actual Max Total Time": 617.898, "Actual Total Rows": 3102, "Inner Unique": false, "Hash Cond": "(t.id = mi_idx.movie_id)", "Plans": [{"Node Type": "Streaming(type: BROADCAST dop: 16/16)", "Parent Relationship": "Outer", "Startup Cost": 87145.78, "Total Cost": 120372.93, "Plan Rows": 672, "Plan Width": 79, "Actual Min Startup Time": 499.111, "Actual Max Startup Time": 530.277, "Actual Min Total Time": 539.087, "Actual Max Total Time": 570.545, "Actual Total Rows": 21456, "Plans": [{"Node Type": "Hash Join", "Parent Relationship": "Outer", "Join Type": "Inner", "Startup Cost": 87145.78, "Total Cost": 105371.23, "Plan Rows": 42, "Plan Width": 79, "Actual Min Startup Time": 534.617, "Actual Max Startup Time": 594.884, "Actual Min Total Time": 598.622, "Actual Max Total Time": 659.81, "Actual Total Rows": 1341, "Inner Unique": false, "Hash Cond": "(mc.movie_id = t.id)", "Plans": [{"Node Type": "Seq Scan", "Parent Relationship": "Outer", "Relation Name": "movie_companies", "Alias": "mc", "Startup Cost": 0.0, "Total Cost": 17613.58, "Plan Rows": 2609128, "Plan Width": 12, "Actual Min Startup Time": 0.044, "Actual Max Startup Time": 0.069, "Actual Min Total Time": 32.788, "Actual Max Total Time": 40.384, "Actual Total Rows": 2609128}, {"Node Type": "Hash", "Parent Relationship": "Inner", "Startup Cost": 87142.43, "Total Cost": 87142.43, "Plan Rows": 4288, "Plan Width": 67, "Actual Min Startup Time": 530.639, "Actual Max Startup Time": 593.38, "Actual Min Total Time": 530.639, "Actual Max Total Time": 593.38, "Actual Total Rows": 6928, "Max Hash Buckets": 32768, "Min Hash Buckets": 32768, "Max Hash Batches": 1, "Min Hash Batches": 1, "Max Original Hash Batches": 1, "Min Original Hash Batches": 1, "Max Peak Memory Usage": 33, "min Peak Memory Usage": 33, "Plans": [{"Node Type": "Streaming(type: BROADCAST dop: 16/1)", "Parent Relationship": "Outer", "Startup Cost": 34953.17, "Total Cost": 87142.43, "Plan Rows": 4288, "Plan Width": 67, "Actual Min Startup Time": 520.847, "Actual Max Startup Time": 583.562, "Actual Min Total Time": 530.391, "Actual Max Total Time": 593.196, "Actual Total Rows": 6928, "Plans": [{"Node Type": "Nested Loop", "Parent Relationship": "Outer", "Join Type": "Inner", "Startup Cost": 34953.17, "Total Cost": 72049.89, "Plan Rows": 268, "Plan Width": 67, "Actual Min Startup Time": 527.08, "Actual Max Startup Time": 527.08, "Actual Min Total Time": 533.361, "Actual Max Total Time": 533.361, "Actual Total Rows": 433, "Inner Unique": false, "Join Filter": "(mi.info_type_id = it1.id)", "Rows Removed by Join Filter": 24582, "Plans": [{"Node Type": "Seq Scan", "Parent Relationship": "Outer", "Relation Name": "info_type", "Alias": "it1", "Startup Cost": 0.0, "Total Cost": 2.4, "Plan Rows": 1, "Plan Width": 4, "Actual Min Startup Time": 0.083, "Actual Max Startup Time": 0.083, "Actual Min Total Time": 0.092, "Actual Max Total Time": 0.092, "Actual Total Rows": 1, "Filter": "((info)::text = 'budget'::text)", "Rows Removed by Filter": 111}, {"Node Type": "Materialize", "Parent Relationship": "Inner", "Startup Cost": 34953.17, "Total Cost": 72033.82, "Plan Rows": 1367, "Plan Width": 71, "Actual Min Startup Time": 521.15, "Actual Max Startup Time": 521.15, "Actual Min Total Time": 525.943, "Actual Max Total Time": 525.943, "Actual Total Rows": 25016, "Plans": [{"Node Type": "Streaming(type: LOCAL GATHER dop: 1/16)", "Parent Relationship": "Outer", "Startup Cost": 34953.17, "Total Cost": 72030.4, "Plan Rows": 1367, "Plan Width": 71, "Actual Min Startup Time": 115.264, "Actual Max Startup Time": 115.264, "Actual Min Total Time": 515.956, "Actual Max Total Time": 515.956, "Actual Total Rows": 25015, "Plans": [{"Node Type": "Hash Join", "Parent Relationship": "Outer", "Join Type": "Inner", "Startup Cost": 34953.17, "Total Cost": 72000.9, "Plan Rows": 1367, "Plan Width": 71, "Actual Min Startup Time": 90.744, "Actual Max Startup Time": 135.548, "Actual Min Total Time": 499.359, "Actual Max Total Time": 524.328, "Actual Total Rows": 25015, "Inner Unique": true, "Hash Cond": "(mi.movie_id = t.id)", "Plans": [{"Node Type": "Seq Scan", "Parent Relationship": "Outer", "Relation Name": "movie_info", "Alias": "mi", "Startup Cost": 0.0, "Total Cost": 33561.73, "Plan Rows": 14869966, "Plan Width": 50, "Actual Min Startup Time": 0.057, "Actual Max Startup Time": 0.073, "Actual Min Total Time": 225.099, "Actual Max Total Time": 256.427, "Actual Total Rows": 14835719}, {"Node Type": "Hash", "Parent Relationship": "Inner", "Startup Cost": 34949.95, "Total Cost": 34949.95, "Plan Rows": 4128, "Plan Width": 21, "Actual Min Startup Time": 88.995, "Actual Max Startup Time": 132.338, "Actual Min Total Time": 88.995, "Actual Max Total Time": 132.338, "Actual Total Rows": 40576, "Max Hash Buckets": 32768, "Min Hash Buckets": 32768, "Max Hash Batches": 1, "Min Hash Batches": 1, "Max Original Hash Batches": 1, "Min Original Hash Batches": 1, "Max Peak Memory Usage": 163, "min Peak Memory Usage": 163, "Plans": [{"Node Type": "Streaming(type: BROADCAST dop: 16/16)", "Parent Relationship": "Outer", "Startup Cost": 0.0, "Total Cost": 34949.95, "Plan Rows": 4128, "Plan Width": 21, "Actual Min Startup Time": 47.4, "Actual Max Startup Time": 90.712, "Actual Min Total Time": 87.726, "Actual Max Total Time": 131.647, "Actual Total Rows": 40576, "Plans": [{"Node Type": "Seq Scan", "Parent Relationship": "Outer", "Relation Name": "title", "Alias": "t", "Startup Cost": 0.0, "Total Cost": 19939.47, "Plan Rows": 258, "Plan Width": 21, "Actual Min Startup Time": 0.045, "Actual Max Startup Time": 6.075, "Actual Min Total Time": 84.938, "Actual Max Total Time": 90.895, "Actual Total Rows": 2536, "Filter": "((production_year > 2000) AND (((title)::text ~~ 'Birdemic%'::text) OR ((title)::text ~~ '%Movie%'::text)))", "Rows Removed by Filter": 2525775}]}]}]}]}]}]}]}]}]}]}, {"Node Type": "Hash", "Parent Relationship": "Inner", "Startup Cost": 16267.15, "Total Cost": 16267.15, "Plan Rows": 1380034, "Plan Width": 8, "Actual Min Startup Time": 46.788, "Actual Max Startup Time": 63.855, "Actual Min Total Time": 46.788, "Actual Max Total Time": 63.855, "Actual Total Rows": 1380034, "Max Hash Buckets": 131072, "Min Hash Buckets": 131072, "Max Hash Batches": 1, "Min Hash Batches": 1, "Max Original Hash Batches": 1, "Min Original Hash Batches": 1, "Max Peak Memory Usage": 3941, "min Peak Memory Usage": 3941, "Plans": [{"Node Type": "Seq Scan", "Parent Relationship": "Outer", "Relation Name": "movie_info_idx", "Alias": "mi_idx", "Startup Cost": 0.0, "Total Cost": 16267.15, "Plan Rows": 1380034, "Plan Width": 8, "Actual Min Startup Time": 0.045, "Actual Max Startup Time": 0.092, "Actual Min Total Time": 24.8, "Actual Max Total Time": 31.402, "Actual Total Rows": 1380034}]}]}]}, {"Node Type": "Hash", "Parent Relationship": "Inner", "Startup Cost": 5903.45, "Total Cost": 5903.45, "Plan Rows": 85170, "Plan Width": 4, "Actual Min Startup Time": 121.134, "Actual Max Startup Time": 121.134, "Actual Min Total Time": 121.134, "Actual Max Total Time": 121.134, "Actual Total Rows": 84843, "Max Hash Buckets": 131072, "Min Hash Buckets": 131072, "Max Hash Batches": 1, "Min Hash Batches": 1, "Max Original Hash Batches": 1, "Min Original Hash Batches": 1, "Max Peak Memory Usage": 2983, "min Peak Memory Usage": 2983, "Plans": [{"Node Type": "Seq Scan", "Parent Relationship": "Outer", "Relation Name": "company_name", "Alias": "cn", "Startup Cost": 0.0, "Total Cost": 5903.45, "Plan Rows": 85170, "Plan Width": 4, "Actual Min Startup Time": 0.054, "Actual Max Startup Time": 0.054, "Actual Min Total Time": 96.567, "Actual Max Total Time": 96.567, "Actual Total Rows": 84843, "Filter": "((country_code)::text = '[us]'::text)", "Rows Removed by Filter": 150153}]}]}]}]}, {"Node Type": "Materialize", "Parent Relationship": "Inner", "Startup Cost": 0.0, "Total Cost": 1.05, "Plan Rows": 2, "Plan Width": 4, "Actual Min Startup Time": 0.034, "Actual Max Startup Time": 0.034, "Actual Min Total Time": 0.04, "Actual Max Total Time": 0.04, "Actual Total Rows": 10, "Plans": [{"Node Type": "Seq Scan", "Parent Relationship": "Outer", "Relation Name": "company_type", "Alias": "ct", "Startup Cost": 0.0, "Total Cost": 1.04, "Plan Rows": 2, "Plan Width": 4, "Actual Min Startup Time": 0.021, "Actual Max Startup Time": 0.021, "Actual Min Total Time": 0.026, "Actual Max Total Time": 0.026, "Actual Total Rows": 1, "Filter": "((kind IS NOT NULL) AND (((kind)::text = 'production companies'::text) OR ((kind)::text = 'distributors'::text)))", "Rows Removed by Filter": 2}]}]}]}, "Triggers": [], "Planner Runtime": 358.277, "Total Runtime": 794.24, "Unique SQL Id": 1682224415}}, "(16, 43)": {"explain_plan": {"Plan": {"Node Type": "Aggregate", "Strategy": "Plain", "Startup Cost": 8000138512817.18, "Total Cost": 8000138512817.19, "Plan Rows": 1, "Plan Width": 123, "Plans": [{"Node Type": "Nested Loop", "Parent Relationship": "Outer", "Join Type": "Inner", "Startup Cost": 80000000000.0, "Total Cost": 8000138512816.94, "Plan Rows": 48, "Plan Width": 59, "Inner Unique": true, "Join Filter": "(mc.company_type_id = ct.id)", "Plans": [{"Node Type": "Nested Loop", "Parent Relationship": "Outer", "Join Type": "Inner", "Startup Cost": 70000000000.0, "Total Cost": 7000138511584.5, "Plan Rows": 48, "Plan Width": 63, "Inner Unique": true, "Join Filter": "(mc.company_id = cn.id)", "Plans": [{"Node Type": "Nested Loop", "Parent Relationship": "Outer", "Join Type": "Inner", "Startup Cost": 60000000000.0, "Total Cost": 6000137180171.6, "Plan Rows": 220, "Plan Width": 67, "Inner Unique": false, "Join Filter": "(t.id = mc.movie_id)", "Plans": [{"Node Type": "Index Scan", "Parent Relationship": "Outer", "Scan Direction": "Forward", "Index Name": "company_type_id_movie_companies", "Relation Name": "movie_companies", "Alias": "mc", "Startup Cost": 10000000000.0, "Total Cost": 1000009318217.0, "Plan Rows": 2609128, "Plan Width": 12}, {"Node Type": "Materialize", "Parent Relationship": "Inner", "Startup Cost": 50000000000.0, "Total Cost": 5000123830852.1, "Plan Rows": 103, "Plan Width": 71, "Plans": [{"Node Type": "Nested Loop", "Parent Relationship": "Outer", "Join Type": "Inner", "Startup Cost": 50000000000.0, "Total Cost": 5000123830851.59, "Plan Rows": 103, "Plan Width": 71, "Inner Unique": false, "Join Filter": "(mi_idx.movie_id = t.id)", "Plans": [{"Node Type": "Nested Loop", "Parent Relationship": "Outer", "Join Type": "Inner", "Startup Cost": 20000000000.0, "Total Cost": 2000004672156.88, "Plan Rows": 345008, "Plan Width": 4, "Inner Unique": true, "Join Filter": "(it2.id = mi_idx.info_type_id), (LLVM Optimized)", "Plans": [{"Node Type": "Index Scan", "Parent Relationship": "Outer", "Scan Direction": "Forward", "Index Name": "movie_id_movie_info_idx", "Relation Name": "movie_info_idx", "Alias": "mi_idx", "Startup Cost": 10000000000.0, "Total Cost": 1000004650035.37, "Plan Rows": 1380034, "Plan Width": 8}, {"Node Type": "Materialize", "Parent Relationship": "Inner", "Startup Cost": 10000000000.0, "Total Cost": 1000000001421.0, "Plan Rows": 1, "Plan Width": 4, "Plans": [{"Node Type": "Index Scan", "Parent Relationship": "Outer", "Scan Direction": "Forward", "Index Name": "info_type_pkey", "Relation Name": "info_type", "Alias": "it2", "Startup Cost": 10000000000.0, "Total Cost": 1000000001421.0, "Plan Rows": 1, "Plan Width": 4, "Filter": "((info)::text = 'bottom 10 rank'::text)"}]}]}, {"Node Type": "Materialize", "Parent Relationship": "Inner", "Startup Cost": 30000000000.0, "Total Cost": 3000117771763.22, "Plan Rows": 268, "Plan Width": 67, "Plans": [{"Node Type": "Nested Loop", "Parent Relationship": "Outer", "Join Type": "Inner", "Startup Cost": 30000000000.0, "Total Cost": 3000117771761.88, "Plan Rows": 268, "Plan Width": 67, "Inner Unique": true, "Join Filter": "(mi.movie_id = t.id)", "Plans": [{"Node Type": "Nested Loop", "Parent Relationship": "Outer", "Join Type": "Inner", "Startup Cost": 20000000000.0, "Total Cost": 2000104041382.71, "Plan Rows": 212428, "Plan Width": 46, "Inner Unique": true, "Join Filter": "(it1.id = mi.info_type_id), (LLVM Optimized)", "Plans": [{"Node Type": "Index Scan", "Parent Relationship": "Outer", "Scan Direction": "Forward", "Index Name": "movie_id_movie_info", "Relation Name": "movie_info", "Alias": "mi", "Startup Cost": 10000000000.0, "Total Cost": 1000103816912.22, "Plan Rows": 14869966, "Plan Width": 50}, {"Node Type": "Materialize", "Parent Relationship": "Inner", "Startup Cost": 10000000000.0, "Total Cost": 1000000001421.0, "Plan Rows": 1, "Plan Width": 4, "Plans": [{"Node Type": "Index Scan", "Parent Relationship": "Outer", "Scan Direction": "Forward", "Index Name": "info_type_pkey", "Relation Name": "info_type", "Alias": "it1", "Startup Cost": 10000000000.0, "Total Cost": 1000000001421.0, "Plan Rows": 1, "Plan Width": 4, "Filter": "((info)::text = 'budget'::text)"}]}]}, {"Node Type": "Materialize", "Parent Relationship": "Inner", "Startup Cost": 10000000000.0, "Total Cost": 1000012908283.45, "Plan Rows": 258, "Plan Width": 21, "Plans": [{"Node Type": "Index Scan", "Parent Relationship": "Outer", "Scan Direction": "Forward", "Index Name": "title_pkey", "Relation Name": "title", "Alias": "t", "Startup Cost": 10000000000.0, "Total Cost": 1000012908282.16, "Plan Rows": 258, "Plan Width": 21, "Filter": "((production_year > 2000) AND (((title)::text ~~ 'Birdemic%'::text) OR ((title)::text ~~ '%Movie%'::text)))"}]}]}]}]}]}]}, {"Node Type": "Materialize", "Parent Relationship": "Inner", "Startup Cost": 10000000000.0, "Total Cost": 1000001050564.82, "Plan Rows": 85170, "Plan Width": 4, "Plans": [{"Node Type": "Index Scan", "Parent Relationship": "Outer", "Scan Direction": "Forward", "Index Name": "company_name_pkey", "Relation Name": "company_name", "Alias": "cn", "Startup Cost": 10000000000.0, "Total Cost": 1000001050138.97, "Plan Rows": 85170, "Plan Width": 4, "Filter": "((country_code)::text = '[us]'::text)"}]}]}, {"Node Type": "Materialize", "Parent Relationship": "Inner", "Startup Cost": 10000000000.0, "Total Cost": 1000000001231.01, "Plan Rows": 2, "Plan Width": 4, "Plans": [{"Node Type": "Index Scan", "Parent Relationship": "Outer", "Scan Direction": "Forward", "Index Name": "company_type_pkey", "Relation Name": "company_type", "Alias": "ct", "Startup Cost": 10000000000.0, "Total Cost": 1000000001231.0, "Plan Rows": 2, "Plan Width": 4, "Filter": "((kind IS NOT NULL) AND (((kind)::text = 'production companies'::text) OR ((kind)::text = 'distributors'::text)))"}]}]}]}, "Unique SQL Id": 1682224415}, "explain_analyze_plan": null}, "(16, 44)": {"explain_plan": {"Plan": {"Node Type": "Aggregate", "Strategy": "Plain", "Startup Cost": 22395.63, "Total Cost": 22395.64, "Plan Rows": 1, "Plan Width": 123, "Plans": [{"Node Type": "Nested Loop", "Parent Relationship": "Outer", "Join Type": "Inner", "Startup Cost": 0.0, "Total Cost": 22395.61, "Plan Rows": 4, "Plan Width": 59, "Inner Unique": true, "Plans": [{"Node Type": "Nested Loop", "Parent Relationship": "Outer", "Join Type": "Inner", "Startup Cost": 0.0, "Total Cost": 22393.6, "Plan Rows": 7, "Plan Width": 63, "Inner Unique": true, "Join Filter": "(mc.company_type_id = ct.id)", "Plans": [{"Node Type": "Nested Loop", "Parent Relationship": "Outer", "Join Type": "Inner", "Startup Cost": 0.0, "Total Cost": 22392.19, "Plan Rows": 12, "Plan Width": 67, "Inner Unique": false, "Join Filter": "(t.id = mc.movie_id)", "Plans": [{"Node Type": "Nested Loop", "Parent Relationship": "Outer", "Join Type": "Inner", "Startup Cost": 0.0, "Total Cost": 22389.62, "Plan Rows": 8, "Plan Width": 71, "Inner Unique": false, "Join Filter": "(mi.info_type_id = it1.id)", "Plans": [{"Node Type": "Seq Scan", "Parent Relationship": "Outer", "Relation Name": "info_type", "Alias": "it1", "Startup Cost": 0.0, "Total Cost": 2.4, "Plan Rows": 1, "Plan Width": 4, "Filter": "((info)::text = 'budget'::text)"}, {"Node Type": "Nested Loop", "Parent Relationship": "Inner", "Join Type": "Inner", "Startup Cost": 0.0, "Total Cost": 22366.48, "Plan Rows": 1659, "Plan Width": 75, "Inner Unique": false, "Join Filter": "(t.id = mi.movie_id)", "Plans": [{"Node Type": "Nested Loop", "Parent Relationship": "Outer", "Join Type": "Inner", "Startup Cost": 0.0, "Total Cost": 22053.3, "Plan Rows": 311, "Plan Width": 25, "Inner Unique": false, "Join Filter": "(mi_idx.info_type_id = it2.id)", "Plans": [{"Node Type": "Seq Scan", "Parent Relationship": "Outer", "Relation Name": "info_type", "Alias": "it2", "Startup Cost": 0.0, "Total Cost": 2.4, "Plan Rows": 1, "Plan Width": 4, "Filter": "((info)::text = 'bottom 10 rank'::text)"}, {"Node Type": "Materialize", "Parent Relationship": "Inner", "Startup Cost": 0.0, "Total Cost": 22046.94, "Plan Rows": 396, "Plan Width": 29, "Plans": [{"Node Type": "Nested Loop", "Parent Relationship": "Outer", "Join Type": "Inner", "Startup Cost": 0.0, "Total Cost": 22045.95, "Plan Rows": 396, "Plan Width": 29, "Inner Unique": false, "Plans": [{"Node Type": "Streaming(type: LOCAL GATHER dop: 1/16)", "Parent Relationship": "Outer", "Startup Cost": 0.0, "Total Cost": 19945.03, "Plan Rows": 258, "Plan Width": 21, "Plans": [{"Node Type": "Seq Scan", "Parent Relationship": "Outer", "Relation Name": "title", "Alias": "t", "Startup Cost": 0.0, "Total Cost": 19939.47, "Plan Rows": 258, "Plan Width": 21, "Filter": "((production_year > 2000) AND (((title)::text ~~ 'Birdemic%'::text) OR ((title)::text ~~ '%Movie%'::text)))"}]}, {"Node Type": "Index Scan", "Parent Relationship": "Inner", "Scan Direction": "Forward", "Index Name": "movie_id_movie_info_idx", "Relation Name": "movie_info_idx", "Alias": "mi_idx", "Startup Cost": 0.0, "Total Cost": 8.12, "Plan Rows": 2, "Plan Width": 8, "Index Cond": "(movie_id = t.id)"}]}]}]}, {"Node Type": "Index Scan", "Parent Relationship": "Inner", "Scan Direction": "Forward", "Index Name": "movie_id_movie_info", "Relation Name": "movie_info", "Alias": "mi", "Startup Cost": 0.0, "Total Cost": 0.94, "Plan Rows": 5, "Plan Width": 50, "Index Cond": "(movie_id = mi_idx.movie_id)"}]}]}, {"Node Type": "Index Scan", "Parent Relationship": "Inner", "Scan Direction": "Forward", "Index Name": "movie_id_movie_companies", "Relation Name": "movie_companies", "Alias": "mc", "Startup Cost": 0.0, "Total Cost": 0.3, "Plan Rows": 2, "Plan Width": 12, "Index Cond": "(movie_id = mi.movie_id)"}]}, {"Node Type": "Materialize", "Parent Relationship": "Inner", "Startup Cost": 0.0, "Total Cost": 1.05, "Plan Rows": 2, "Plan Width": 4, "Plans": [{"Node Type": "Seq Scan", "Parent Relationship": "Outer", "Relation Name": "company_type", "Alias": "ct", "Startup Cost": 0.0, "Total Cost": 1.04, "Plan Rows": 2, "Plan Width": 4, "Filter": "((kind IS NOT NULL) AND (((kind)::text = 'production companies'::text) OR ((kind)::text = 'distributors'::text)))"}]}]}, {"Node Type": "Index Scan", "Parent Relationship": "Inner", "Scan Direction": "Forward", "Index Name": "company_name_pkey", "Relation Name": "company_name", "Alias": "cn", "Startup Cost": 0.0, "Total Cost": 0.28, "Plan Rows": 1, "Plan Width": 4, "Index Cond": "(id = mc.company_id)", "Filter": "((country_code)::text = '[us]'::text)"}]}]}, "Unique SQL Id": 1682224415}, "explain_analyze_plan": {"Plan": {"Node Type": "Aggregate", "Strategy": "Plain", "Startup Cost": 22395.63, "Total Cost": 22395.64, "Plan Rows": 1, "Plan Width": 123, "Actual Min Startup Time": 140.775, "Actual Max Startup Time": 140.775, "Actual Min Total Time": 140.775, "Actual Max Total Time": 140.775, "Actual Total Rows": 1, "Plans": [{"Node Type": "Nested Loop", "Parent Relationship": "Outer", "Join Type": "Inner", "Startup Cost": 0.0, "Total Cost": 22395.61, "Plan Rows": 4, "Plan Width": 59, "Actual Min Startup Time": 139.72, "Actual Max Startup Time": 139.72, "Actual Min Total Time": 140.741, "Actual Max Total Time": 140.741, "Actual Total Rows": 5, "Inner Unique": true, "Plans": [{"Node Type": "Nested Loop", "Parent Relationship": "Outer", "Join Type": "Inner", "Startup Cost": 0.0, "Total Cost": 22393.6, "Plan Rows": 7, "Plan Width": 63, "Actual Min Startup Time": 139.69, "Actual Max Startup Time": 139.69, "Actual Min Total Time": 140.667, "Actual Max Total Time": 140.667, "Actual Total Rows": 5, "Inner Unique": true, "Join Filter": "(mc.company_type_id = ct.id)", "Rows Removed by Join Filter": 28, "Plans": [{"Node Type": "Nested Loop", "Parent Relationship": "Outer", "Join Type": "Inner", "Startup Cost": 0.0, "Total Cost": 22392.19, "Plan Rows": 12, "Plan Width": 67, "Actual Min Startup Time": 139.612, "Actual Max Startup Time": 139.612, "Actual Min Total Time": 140.606, "Actual Max Total Time": 140.606, "Actual Total Rows": 33, "Inner Unique": false, "Join Filter": "(t.id = mc.movie_id)", "Rows Removed by Join Filter": 0, "Plans": [{"Node Type": "Nested Loop", "Parent Relationship": "Outer", "Join Type": "Inner", "Startup Cost": 0.0, "Total Cost": 22389.62, "Plan Rows": 8, "Plan Width": 71, "Actual Min Startup Time": 139.58, "Actual Max Startup Time": 139.58, "Actual Min Total Time": 140.526, "Actual Max Total Time": 140.526, "Actual Total Rows": 2, "Inner Unique": false, "Join Filter": "(mi.info_type_id = it1.id)", "Rows Removed by Join Filter": 219, "Plans": [{"Node Type": "Seq Scan", "Parent Relationship": "Outer", "Relation Name": "info_type", "Alias": "it1", "Startup Cost": 0.0, "Total Cost": 2.4, "Plan Rows": 1, "Plan Width": 4, "Actual Min Startup Time": 0.085, "Actual Max Startup Time": 0.085, "Actual Min Total Time": 0.096, "Actual Max Total Time": 0.096, "Actual Total Rows": 1, "Filter": "((info)::text = 'budget'::text)", "Rows Removed by Filter": 111}, {"Node Type": "Nested Loop", "Parent Relationship": "Inner", "Join Type": "Inner", "Startup Cost": 0.0, "Total Cost": 22366.48, "Plan Rows": 1659, "Plan Width": 75, "Actual Min Startup Time": 139.308, "Actual Max Startup Time": 139.308, "Actual Min Total Time": 140.321, "Actual Max Total Time": 140.321, "Actual Total Rows": 221, "Inner Unique": false, "Join Filter": "(t.id = mi.movie_id)", "Rows Removed by Join Filter": 0, "Plans": [{"Node Type": "Nested Loop", "Parent Relationship": "Outer", "Join Type": "Inner", "Startup Cost": 0.0, "Total Cost": 22053.3, "Plan Rows": 311, "Plan Width": 25, "Actual Min Startup Time": 139.258, "Actual Max Startup Time": 139.258, "Actual Min Total Time": 139.97, "Actual Max Total Time": 139.97, "Actual Total Rows": 2, "Inner Unique": false, "Join Filter": "(mi_idx.info_type_id = it2.id)", "Rows Removed by Join Filter": 2643, "Plans": [{"Node Type": "Seq Scan", "Parent Relationship": "Outer", "Relation Name": "info_type", "Alias": "it2", "Startup Cost": 0.0, "Total Cost": 2.4, "Plan Rows": 1, "Plan Width": 4, "Actual Min Startup Time": 0.08, "Actual Max Startup Time": 0.08, "Actual Min Total Time": 0.085, "Actual Max Total Time": 0.085, "Actual Total Rows": 1, "Filter": "((info)::text = 'bottom 10 rank'::text)", "Rows Removed by Filter": 111}, {"Node Type": "Materialize", "Parent Relationship": "Inner", "Startup Cost": 0.0, "Total Cost": 22046.94, "Plan Rows": 396, "Plan Width": 29, "Actual Min Startup Time": 138.976, "Actual Max Startup Time": 138.976, "Actual Min Total Time": 139.29, "Actual Max Total Time": 139.29, "Actual Total Rows": 2646, "Plans": [{"Node Type": "Nested Loop", "Parent Relationship": "Outer", "Join Type": "Inner", "Startup Cost": 0.0, "Total Cost": 22045.95, "Plan Rows": 396, "Plan Width": 29, "Actual Min Startup Time": 83.367, "Actual Max Startup Time": 83.367, "Actual Min Total Time": 138.066, "Actual Max Total Time": 138.066, "Actual Total Rows": 2645, "Inner Unique": false, "Plans": [{"Node Type": "Streaming(type: LOCAL GATHER dop: 1/16)", "Parent Relationship": "Outer", "Startup Cost": 0.0, "Total Cost": 19945.03, "Plan Rows": 258, "Plan Width": 21, "Actual Min Startup Time": 83.287, "Actual Max Startup Time": 83.287, "Actual Min Total Time": 121.213, "Actual Max Total Time": 121.213, "Actual Total Rows": 2536, "Plans": [{"Node Type": "Seq Scan", "Parent Relationship": "Outer", "Relation Name": "title", "Alias": "t", "Startup Cost": 0.0, "Total Cost": 19939.47, "Plan Rows": 258, "Plan Width": 21, "Actual Min Startup Time": 0.049, "Actual Max Startup Time": 5.595, "Actual Min Total Time": 84.557, "Actual Max Total Time": 107.152, "Actual Total Rows": 2536, "Filter": "((production_year > 2000) AND (((title)::text ~~ 'Birdemic%'::text) OR ((title)::text ~~ '%Movie%'::text)))", "Rows Removed by Filter": 2525775}]}, {"Node Type": "Index Scan", "Parent Relationship": "Inner", "Scan Direction": "Forward", "Index Name": "movie_id_movie_info_idx", "Relation Name": "movie_info_idx", "Alias": "mi_idx", "Startup Cost": 0.0, "Total Cost": 8.12, "Plan Rows": 2, "Plan Width": 8, "Actual Min Startup Time": 14.009, "Actual Max Startup Time": 14.009, "Actual Min Total Time": 15.039, "Actual Max Total Time": 15.039, "Actual Total Rows": 2645, "Index Cond": "(movie_id = t.id)", "Rows Removed by Index Recheck": 0}]}]}]}, {"Node Type": "Index Scan", "Parent Relationship": "Inner", "Scan Direction": "Forward", "Index Name": "movie_id_movie_info", "Relation Name": "movie_info", "Alias": "mi", "Startup Cost": 0.0, "Total Cost": 0.94, "Plan Rows": 5, "Plan Width": 50, "Actual Min Startup Time": 0.058, "Actual Max Startup Time": 0.058, "Actual Min Total Time": 0.27, "Actual Max Total Time": 0.27, "Actual Total Rows": 221, "Index Cond": "(movie_id = mi_idx.movie_id)", "Rows Removed by Index Recheck": 0}]}]}, {"Node Type": "Index Scan", "Parent Relationship": "Inner", "Scan Direction": "Forward", "Index Name": "movie_id_movie_companies", "Relation Name": "movie_companies", "Alias": "mc", "Startup Cost": 0.0, "Total Cost": 0.3, "Plan Rows": 2, "Plan Width": 12, "Actual Min Startup Time": 0.034, "Actual Max Startup Time": 0.034, "Actual Min Total Time": 0.053, "Actual Max Total Time": 0.053, "Actual Total Rows": 33, "Index Cond": "(movie_id = mi.movie_id)", "Rows Removed by Index Recheck": 0}]}, {"Node Type": "Materialize", "Parent Relationship": "Inner", "Startup Cost": 0.0, "Total Cost": 1.05, "Plan Rows": 2, "Plan Width": 4, "Actual Min Startup Time": 0.023, "Actual Max Startup Time": 0.023, "Actual Min Total Time": 0.032, "Actual Max Total Time": 0.032, "Actual Total Rows": 33, "Plans": [{"Node Type": "Seq Scan", "Parent Relationship": "Outer", "Relation Name": "company_type", "Alias": "ct", "Startup Cost": 0.0, "Total Cost": 1.04, "Plan Rows": 2, "Plan Width": 4, "Actual Min Startup Time": 0.017, "Actual Max Startup Time": 0.017, "Actual Min Total Time": 0.024, "Actual Max Total Time": 0.024, "Actual Total Rows": 1, "Filter": "((kind IS NOT NULL) AND (((kind)::text = 'production companies'::text) OR ((kind)::text = 'distributors'::text)))", "Rows Removed by Filter": 2}]}]}, {"Node Type": "Index Scan", "Parent Relationship": "Inner", "Scan Direction": "Forward", "Index Name": "company_name_pkey", "Relation Name": "company_name", "Alias": "cn", "Startup Cost": 0.0, "Total Cost": 0.28, "Plan Rows": 1, "Plan Width": 4, "Actual Min Startup Time": 0.063, "Actual Max Startup Time": 0.063, "Actual Min Total Time": 0.063, "Actual Max Total Time": 0.063, "Actual Total Rows": 5, "Index Cond": "(id = mc.company_id)", "Rows Removed by Index Recheck": 0, "Filter": "((country_code)::text = '[us]'::text)", "Rows Removed by Filter": 0}]}]}, "Triggers": [], "Planner Runtime": 277.921, "Total Runtime": 143.957, "Unique SQL Id": 1682224415}}, "(16, 45)": {"explain_plan": {"Plan": {"Node Type": "Aggregate", "Strategy": "Plain", "Startup Cost": 105045.39, "Total Cost": 105045.4, "Plan Rows": 1, "Plan Width": 123, "Plans": [{"Node Type": "Nested Loop", "Parent Relationship": "Outer", "Join Type": "Inner", "Startup Cost": 0.0, "Total Cost": 105045.15, "Plan Rows": 48, "Plan Width": 59, "Inner Unique": true, "Plans": [{"Node Type": "Nested Loop", "Parent Relationship": "Outer", "Join Type": "Inner", "Startup Cost": 0.0, "Total Cost": 105031.47, "Plan Rows": 48, "Plan Width": 63, "Inner Unique": true, "Plans": [{"Node Type": "Nested Loop", "Parent Relationship": "Outer", "Join Type": "Inner", "Startup Cost": 0.0, "Total Cost": 105030.03, "Plan Rows": 5, "Plan Width": 67, "Inner Unique": false, "Join Filter": "(mi.info_type_id = it1.id)", "Plans": [{"Node Type": "Index Scan", "Parent Relationship": "Outer", "Scan Direction": "Forward", "Index Name": "info_type_pkey", "Relation Name": "info_type", "Alias": "it1", "Startup Cost": 0.0, "Total Cost": 14.21, "Plan Rows": 1, "Plan Width": 4, "Filter": "((info)::text = 'budget'::text)"}, {"Node Type": "Nested Loop", "Parent Relationship": "Inner", "Join Type": "Inner", "Startup Cost": 0.0, "Total Cost": 105001.79, "Plan Rows": 1122, "Plan Width": 71, "Inner Unique": false, "Join Filter": "(t.id = mi.movie_id)", "Plans": [{"Node Type": "Nested Loop", "Parent Relationship": "Outer", "Join Type": "Inner", "Startup Cost": 0.0, "Total Cost": 104849.13, "Plan Rows": 210, "Plan Width": 37, "Inner Unique": false, "Join Filter": "(t.id = mc.movie_id)", "Plans": [{"Node Type": "Nested Loop", "Parent Relationship": "Outer", "Join Type": "Inner", "Startup Cost": 0.0, "Total Cost": 104728.36, "Plan Rows": 311, "Plan Width": 25, "Inner Unique": false, "Join Filter": "(mi_idx.info_type_id = it2.id)", "Plans": [{"Node Type": "Index Scan", "Parent Relationship": "Outer", "Scan Direction": "Forward", "Index Name": "info_type_pkey", "Relation Name": "info_type", "Alias": "it2", "Startup Cost": 0.0, "Total Cost": 14.21, "Plan Rows": 1, "Plan Width": 4, "Filter": "((info)::text = 'bottom 10 rank'::text)"}, {"Node Type": "Materialize", "Parent Relationship": "Inner", "Startup Cost": 0.0, "Total Cost": 104710.19, "Plan Rows": 396, "Plan Width": 29, "Plans": [{"Node Type": "Nested Loop", "Parent Relationship": "Outer", "Join Type": "Inner", "Startup Cost": 0.0, "Total Cost": 104709.2, "Plan Rows": 396, "Plan Width": 29, "Inner Unique": false, "Plans": [{"Node Type": "Streaming(type: LOCAL GATHER dop: 1/16)", "Parent Relationship": "Outer", "Startup Cost": 0.0, "Total Cost": 102608.29, "Plan Rows": 258, "Plan Width": 21, "Plans": [{"Node Type": "Index Scan", "Parent Relationship": "Outer", "Scan Direction": "Forward", "Index Name": "title_pkey", "Relation Name": "title", "Alias": "t", "Startup Cost": 0.0, "Total Cost": 102602.72, "Plan Rows": 258, "Plan Width": 21, "Filter": "((production_year > 2000) AND (((title)::text ~~ 'Birdemic%'::text) OR ((title)::text ~~ '%Movie%'::text)))"}]}, {"Node Type": "Index Scan", "Parent Relationship": "Inner", "Scan Direction": "Forward", "Index Name": "movie_id_movie_info_idx", "Relation Name": "movie_info_idx", "Alias": "mi_idx", "Startup Cost": 0.0, "Total Cost": 8.12, "Plan Rows": 2, "Plan Width": 8, "Index Cond": "(movie_id = t.id)"}]}]}]}, {"Node Type": "Index Scan", "Parent Relationship": "Inner", "Scan Direction": "Forward", "Index Name": "movie_id_movie_companies", "Relation Name": "movie_companies", "Alias": "mc", "Startup Cost": 0.0, "Total Cost": 0.36, "Plan Rows": 2, "Plan Width": 12, "Index Cond": "(movie_id = mi_idx.movie_id)"}]}, {"Node Type": "Index Scan", "Parent Relationship": "Inner", "Scan Direction": "Forward", "Index Name": "movie_id_movie_info", "Relation Name": "movie_info", "Alias": "mi", "Startup Cost": 0.0, "Total Cost": 0.66, "Plan Rows": 5, "Plan Width": 50, "Index Cond": "(movie_id = mc.movie_id)"}]}]}, {"Node Type": "Index Scan", "Parent Relationship": "Inner", "Scan Direction": "Forward", "Index Name": "company_name_pkey", "Relation Name": "company_name", "Alias": "cn", "Startup Cost": 0.0, "Total Cost": 0.28, "Plan Rows": 1, "Plan Width": 4, "Index Cond": "(id = mc.company_id)", "Filter": "((country_code)::text = '[us]'::text)"}]}, {"Node Type": "Index Scan", "Parent Relationship": "Inner", "Scan Direction": "Forward", "Index Name": "company_type_pkey", "Relation Name": "company_type", "Alias": "ct", "Startup Cost": 0.0, "Total Cost": 0.28, "Plan Rows": 1, "Plan Width": 4, "Index Cond": "(id = mc.company_type_id)", "Filter": "((kind IS NOT NULL) AND (((kind)::text = 'production companies'::text) OR ((kind)::text = 'distributors'::text)))"}]}]}, "Unique SQL Id": 1682224415}, "explain_analyze_plan": {"Plan": {"Node Type": "Aggregate", "Strategy": "Plain", "Startup Cost": 105045.39, "Total Cost": 105045.4, "Plan Rows": 1, "Plan Width": 123, "Actual Min Startup Time": 428.893, "Actual Max Startup Time": 428.893, "Actual Min Total Time": 428.894, "Actual Max Total Time": 428.894, "Actual Total Rows": 1, "Plans": [{"Node Type": "Nested Loop", "Parent Relationship": "Outer", "Join Type": "Inner", "Startup Cost": 0.0, "Total Cost": 105045.15, "Plan Rows": 48, "Plan Width": 59, "Actual Min Startup Time": 427.475, "Actual Max Startup Time": 427.475, "Actual Min Total Time": 428.857, "Actual Max Total Time": 428.857, "Actual Total Rows": 5, "Inner Unique": true, "Plans": [{"Node Type": "Nested Loop", "Parent Relationship": "Outer", "Join Type": "Inner", "Startup Cost": 0.0, "Total Cost": 105031.47, "Plan Rows": 48, "Plan Width": 63, "Actual Min Startup Time": 424.584, "Actual Max Startup Time": 424.584, "Actual Min Total Time": 428.81, "Actual Max Total Time": 428.81, "Actual Total Rows": 10, "Inner Unique": true, "Plans": [{"Node Type": "Nested Loop", "Parent Relationship": "Outer", "Join Type": "Inner", "Startup Cost": 0.0, "Total Cost": 105030.03, "Plan Rows": 5, "Plan Width": 67, "Actual Min Startup Time": 423.182, "Actual Max Startup Time": 423.182, "Actual Min Total Time": 428.54, "Actual Max Total Time": 428.54, "Actual Total Rows": 33, "Inner Unique": false, "Join Filter": "(mi.info_type_id = it1.id)", "Rows Removed by Join Filter": 4926, "Plans": [{"Node Type": "Index Scan", "Parent Relationship": "Outer", "Scan Direction": "Forward", "Index Name": "info_type_pkey", "Relation Name": "info_type", "Alias": "it1", "Startup Cost": 0.0, "Total Cost": 14.21, "Plan Rows": 1, "Plan Width": 4, "Actual Min Startup Time": 0.091, "Actual Max Startup Time": 0.091, "Actual Min Total Time": 0.1, "Actual Max Total Time": 0.1, "Actual Total Rows": 1, "Filter": "((info)::text = 'budget'::text)", "Rows Removed by Filter": 111}, {"Node Type": "Nested Loop", "Parent Relationship": "Inner", "Join Type": "Inner", "Startup Cost": 0.0, "Total Cost": 105001.79, "Plan Rows": 1122, "Plan Width": 71, "Actual Min Startup Time": 422.919, "Actual Max Startup Time": 422.919, "Actual Min Total Time": 427.403, "Actual Max Total Time": 427.403, "Actual Total Rows": 4959, "Inner Unique": false, "Join Filter": "(t.id = mi.movie_id)", "Rows Removed by Join Filter": 0, "Plans": [{"Node Type": "Nested Loop", "Parent Relationship": "Outer", "Join Type": "Inner", "Startup Cost": 0.0, "Total Cost": 104849.13, "Plan Rows": 210, "Plan Width": 37, "Actual Min Startup Time": 422.871, "Actual Max Startup Time": 422.871, "Actual Min Total Time": 423.296, "Actual Max Total Time": 423.296, "Actual Total Rows": 33, "Inner Unique": false, "Join Filter": "(t.id = mc.movie_id)", "Rows Removed by Join Filter": 0, "Plans": [{"Node Type": "Nested Loop", "Parent Relationship": "Outer", "Join Type": "Inner", "Startup Cost": 0.0, "Total Cost": 104728.36, "Plan Rows": 311, "Plan Width": 25, "Actual Min Startup Time": 422.839, "Actual Max Startup Time": 422.839, "Actual Min Total Time": 423.213, "Actual Max Total Time": 423.213, "Actual Total Rows": 2, "Inner Unique": false, "Join Filter": "(mi_idx.info_type_id = it2.id)", "Rows Removed by Join Filter": 2643, "Plans": [{"Node Type": "Index Scan", "Parent Relationship": "Outer", "Scan Direction": "Forward", "Index Name": "info_type_pkey", "Relation Name": "info_type", "Alias": "it2", "Startup Cost": 0.0, "Total Cost": 14.21, "Plan Rows": 1, "Plan Width": 4, "Actual Min Startup Time": 0.085, "Actual Max Startup Time": 0.085, "Actual Min Total Time": 0.086, "Actual Max Total Time": 0.086, "Actual Total Rows": 1, "Filter": "((info)::text = 'bottom 10 rank'::text)", "Rows Removed by Filter": 111}, {"Node Type": "Materialize", "Parent Relationship": "Inner", "Startup Cost": 0.0, "Total Cost": 104710.19, "Plan Rows": 396, "Plan Width": 29, "Actual Min Startup Time": 422.174, "Actual Max Startup Time": 422.174, "Actual Min Total Time": 422.543, "Actual Max Total Time": 422.543, "Actual Total Rows": 2646, "Plans": [{"Node Type": "Nested Loop", "Parent Relationship": "Outer", "Join Type": "Inner", "Startup Cost": 0.0, "Total Cost": 104709.2, "Plan Rows": 396, "Plan Width": 29, "Actual Min Startup Time": 129.083, "Actual Max Startup Time": 129.083, "Actual Min Total Time": 421.219, "Actual Max Total Time": 421.219, "Actual Total Rows": 2645, "Inner Unique": false, "Plans": [{"Node Type": "Streaming(type: LOCAL GATHER dop: 1/16)", "Parent Relationship": "Outer", "Startup Cost": 0.0, "Total Cost": 102608.29, "Plan Rows": 258, "Plan Width": 21, "Actual Min Startup Time": 129.043, "Actual Max Startup Time": 129.043, "Actual Min Total Time": 405.859, "Actual Max Total Time": 405.859, "Actual Total Rows": 2536, "Plans": [{"Node Type": "Index Scan", "Parent Relationship": "Outer", "Scan Direction": "Forward", "Index Name": "title_pkey", "Relation Name": "title", "Alias": "t", "Startup Cost": 0.0, "Total Cost": 102602.72, "Plan Rows": 258, "Plan Width": 21, "Actual Min Startup Time": 21.32, "Actual Max Startup Time": 42.499, "Actual Min Total Time": 349.176, "Actual Max Total Time": 394.75, "Actual Total Rows": 2536, "Filter": "((production_year > 2000) AND (((title)::text ~~ 'Birdemic%'::text) OR ((title)::text ~~ '%Movie%'::text)))", "Rows Removed by Filter": 2525775}]}, {"Node Type": "Index Scan", "Parent Relationship": "Inner", "Scan Direction": "Forward", "Index Name": "movie_id_movie_info_idx", "Relation Name": "movie_info_idx", "Alias": "mi_idx", "Startup Cost": 0.0, "Total Cost": 8.12, "Plan Rows": 2, "Plan Width": 8, "Actual Min Startup Time": 12.271, "Actual Max Startup Time": 12.271, "Actual Min Total Time": 13.318, "Actual Max Total Time": 13.318, "Actual Total Rows": 2645, "Index Cond": "(movie_id = t.id)", "Rows Removed by Index Recheck": 0}]}]}]}, {"Node Type": "Index Scan", "Parent Relationship": "Inner", "Scan Direction": "Forward", "Index Name": "movie_id_movie_companies", "Relation Name": "movie_companies", "Alias": "mc", "Startup Cost": 0.0, "Total Cost": 0.36, "Plan Rows": 2, "Plan Width": 12, "Actual Min Startup Time": 0.035, "Actual Max Startup Time": 0.035, "Actual Min Total Time": 0.06, "Actual Max Total Time": 0.06, "Actual Total Rows": 33, "Index Cond": "(movie_id = mi_idx.movie_id)", "Rows Removed by Index Recheck": 0}]}, {"Node Type": "Index Scan", "Parent Relationship": "Inner", "Scan Direction": "Forward", "Index Name": "movie_id_movie_info", "Relation Name": "movie_info", "Alias": "mi", "Startup Cost": 0.0, "Total Cost": 0.66, "Plan Rows": 5, "Plan Width": 50, "Actual Min Startup Time": 0.513, "Actual Max Startup Time": 0.513, "Actual Min Total Time": 2.557, "Actual Max Total Time": 2.557, "Actual Total Rows": 4959, "Index Cond": "(movie_id = mc.movie_id)", "Rows Removed by Index Recheck": 0}]}]}, {"Node Type": "Index Scan", "Parent Relationship": "Inner", "Scan Direction": "Forward", "Index Name": "company_name_pkey", "Relation Name": "company_name", "Alias": "cn", "Startup Cost": 0.0, "Total Cost": 0.28, "Plan Rows": 1, "Plan Width": 4, "Actual Min Startup Time": 0.243, "Actual Max Startup Time": 0.243, "Actual Min Total Time": 0.243, "Actual Max Total Time": 0.243, "Actual Total Rows": 10, "Index Cond": "(id = mc.company_id)", "Rows Removed by Index Recheck": 0, "Filter": "((country_code)::text = '[us]'::text)", "Rows Removed by Filter": 23}]}, {"Node Type": "Index Scan", "Parent Relationship": "Inner", "Scan Direction": "Forward", "Index Name": "company_type_pkey", "Relation Name": "company_type", "Alias": "ct", "Startup Cost": 0.0, "Total Cost": 0.28, "Plan Rows": 1, "Plan Width": 4, "Actual Min Startup Time": 0.032, "Actual Max Startup Time": 0.032, "Actual Min Total Time": 0.032, "Actual Max Total Time": 0.032, "Actual Total Rows": 5, "Index Cond": "(id = mc.company_type_id)", "Rows Removed by Index Recheck": 0, "Filter": "((kind IS NOT NULL) AND (((kind)::text = 'production companies'::text) OR ((kind)::text = 'distributors'::text)))", "Rows Removed by Filter": 0}]}]}, "Triggers": [], "Planner Runtime": 164.869, "Total Runtime": 432.154, "Unique SQL Id": 1682224415}}, "(16, 46)": {"explain_plan": {"Plan": {"Node Type": "Aggregate", "Strategy": "Plain", "Startup Cost": 140265.77, "Total Cost": 140265.78, "Plan Rows": 1, "Plan Width": 123, "Plans": [{"Node Type": "Nested Loop", "Parent Relationship": "Outer", "Join Type": "Inner", "Startup Cost": 107031.57, "Total Cost": 140265.75, "Plan Rows": 4, "Plan Width": 59, "Inner Unique": true, "Join Filter": "(mc.company_type_id = ct.id)", "Plans": [{"Node Type": "Nested Loop", "Parent Relationship": "Outer", "Join Type": "Inner", "Startup Cost": 107031.57, "Total Cost": 140264.58, "Plan Rows": 4, "Plan Width": 63, "Inner Unique": false, "Join Filter": "(mi_idx.info_type_id = it2.id)", "Plans": [{"Node Type": "Seq Scan", "Parent Relationship": "Outer", "Relation Name": "info_type", "Alias": "it2", "Startup Cost": 0.0, "Total Cost": 2.4, "Plan Rows": 1, "Plan Width": 4, "Filter": "((info)::text = 'bottom 10 rank'::text)"}, {"Node Type": "Materialize", "Parent Relationship": "Inner", "Startup Cost": 107031.57, "Total Cost": 140261.63, "Plan Rows": 55, "Plan Width": 67, "Plans": [{"Node Type": "Hash Join", "Parent Relationship": "Outer", "Join Type": "Inner", "Startup Cost": 107031.57, "Total Cost": 140261.49, "Plan Rows": 55, "Plan Width": 67, "Inner Unique": true, "Hash Cond": "(mc.company_id = cn.id)", "Plans": [{"Node Type": "Streaming(type: LOCAL GATHER dop: 1/16)", "Parent Relationship": "Outer", "Startup Cost": 104491.08, "Total Cost": 137719.99, "Plan Rows": 65, "Plan Width": 71, "Plans": [{"Node Type": "Hash Join", "Parent Relationship": "Outer", "Join Type": "Inner", "Startup Cost": 104491.08, "Total Cost": 137718.59, "Plan Rows": 65, "Plan Width": 71, "Inner Unique": false, "Hash Cond": "(t.id = mi_idx.movie_id)", "Plans": [{"Node Type": "Streaming(type: BROADCAST dop: 16/16)", "Parent Relationship": "Outer", "Startup Cost": 87145.78, "Total Cost": 120372.93, "Plan Rows": 672, "Plan Width": 79, "Plans": [{"Node Type": "Hash Join", "Parent Relationship": "Outer", "Join Type": "Inner", "Startup Cost": 87145.78, "Total Cost": 105371.23, "Plan Rows": 42, "Plan Width": 79, "Inner Unique": false, "Hash Cond": "(mc.movie_id = t.id)", "Plans": [{"Node Type": "Seq Scan", "Parent Relationship": "Outer", "Relation Name": "movie_companies", "Alias": "mc", "Startup Cost": 0.0, "Total Cost": 17613.58, "Plan Rows": 2609128, "Plan Width": 12}, {"Node Type": "Hash", "Parent Relationship": "Inner", "Startup Cost": 87142.43, "Total Cost": 87142.43, "Plan Rows": 4288, "Plan Width": 67, "Plans": [{"Node Type": "Streaming(type: BROADCAST dop: 16/1)", "Parent Relationship": "Outer", "Startup Cost": 34953.17, "Total Cost": 87142.43, "Plan Rows": 4288, "Plan Width": 67, "Plans": [{"Node Type": "Nested Loop", "Parent Relationship": "Outer", "Join Type": "Inner", "Startup Cost": 34953.17, "Total Cost": 72049.89, "Plan Rows": 268, "Plan Width": 67, "Inner Unique": false, "Join Filter": "(mi.info_type_id = it1.id)", "Plans": [{"Node Type": "Seq Scan", "Parent Relationship": "Outer", "Relation Name": "info_type", "Alias": "it1", "Startup Cost": 0.0, "Total Cost": 2.4, "Plan Rows": 1, "Plan Width": 4, "Filter": "((info)::text = 'budget'::text)"}, {"Node Type": "Materialize", "Parent Relationship": "Inner", "Startup Cost": 34953.17, "Total Cost": 72033.82, "Plan Rows": 1367, "Plan Width": 71, "Plans": [{"Node Type": "Streaming(type: LOCAL GATHER dop: 1/16)", "Parent Relationship": "Outer", "Startup Cost": 34953.17, "Total Cost": 72030.4, "Plan Rows": 1367, "Plan Width": 71, "Plans": [{"Node Type": "Hash Join", "Parent Relationship": "Outer", "Join Type": "Inner", "Startup Cost": 34953.17, "Total Cost": 72000.9, "Plan Rows": 1367, "Plan Width": 71, "Inner Unique": true, "Hash Cond": "(mi.movie_id = t.id)", "Plans": [{"Node Type": "Seq Scan", "Parent Relationship": "Outer", "Relation Name": "movie_info", "Alias": "mi", "Startup Cost": 0.0, "Total Cost": 33561.73, "Plan Rows": 14869966, "Plan Width": 50}, {"Node Type": "Hash", "Parent Relationship": "Inner", "Startup Cost": 34949.95, "Total Cost": 34949.95, "Plan Rows": 4128, "Plan Width": 21, "Plans": [{"Node Type": "Streaming(type: BROADCAST dop: 16/16)", "Parent Relationship": "Outer", "Startup Cost": 0.0, "Total Cost": 34949.95, "Plan Rows": 4128, "Plan Width": 21, "Plans": [{"Node Type": "Seq Scan", "Parent Relationship": "Outer", "Relation Name": "title", "Alias": "t", "Startup Cost": 0.0, "Total Cost": 19939.47, "Plan Rows": 258, "Plan Width": 21, "Filter": "((production_year > 2000) AND (((title)::text ~~ 'Birdemic%'::text) OR ((title)::text ~~ '%Movie%'::text)))"}]}]}]}]}]}]}]}]}]}]}, {"Node Type": "Hash", "Parent Relationship": "Inner", "Startup Cost": 16267.15, "Total Cost": 16267.15, "Plan Rows": 1380034, "Plan Width": 8, "Plans": [{"Node Type": "Seq Scan", "Parent Relationship": "Outer", "Relation Name": "movie_info_idx", "Alias": "mi_idx", "Startup Cost": 0.0, "Total Cost": 16267.15, "Plan Rows": 1380034, "Plan Width": 8}]}]}]}, {"Node Type": "Hash", "Parent Relationship": "Inner", "Startup Cost": 5903.45, "Total Cost": 5903.45, "Plan Rows": 85170, "Plan Width": 4, "Plans": [{"Node Type": "Seq Scan", "Parent Relationship": "Outer", "Relation Name": "company_name", "Alias": "cn", "Startup Cost": 0.0, "Total Cost": 5903.45, "Plan Rows": 85170, "Plan Width": 4, "Filter": "((country_code)::text = '[us]'::text)"}]}]}]}]}, {"Node Type": "Materialize", "Parent Relationship": "Inner", "Startup Cost": 0.0, "Total Cost": 1.05, "Plan Rows": 2, "Plan Width": 4, "Plans": [{"Node Type": "Seq Scan", "Parent Relationship": "Outer", "Relation Name": "company_type", "Alias": "ct", "Startup Cost": 0.0, "Total Cost": 1.04, "Plan Rows": 2, "Plan Width": 4, "Filter": "((kind IS NOT NULL) AND (((kind)::text = 'production companies'::text) OR ((kind)::text = 'distributors'::text)))"}]}]}]}, "Unique SQL Id": 1682224415}, "explain_analyze_plan": {"Plan": {"Node Type": "Aggregate", "Strategy": "Plain", "Startup Cost": 140265.77, "Total Cost": 140265.78, "Plan Rows": 1, "Plan Width": 123, "Actual Min Startup Time": 777.452, "Actual Max Startup Time": 777.452, "Actual Min Total Time": 777.453, "Actual Max Total Time": 777.453, "Actual Total Rows": 1, "Plans": [{"Node Type": "Nested Loop", "Parent Relationship": "Outer", "Join Type": "Inner", "Startup Cost": 107031.57, "Total Cost": 140265.75, "Plan Rows": 4, "Plan Width": 59, "Actual Min Startup Time": 776.981, "Actual Max Startup Time": 776.981, "Actual Min Total Time": 777.428, "Actual Max Total Time": 777.428, "Actual Total Rows": 5, "Inner Unique": true, "Join Filter": "(mc.company_type_id = ct.id)", "Rows Removed by Join Filter": 5, "Plans": [{"Node Type": "Nested Loop", "Parent Relationship": "Outer", "Join Type": "Inner", "Startup Cost": 107031.57, "Total Cost": 140264.58, "Plan Rows": 4, "Plan Width": 63, "Actual Min Startup Time": 776.93, "Actual Max Startup Time": 776.93, "Actual Min Total Time": 777.376, "Actual Max Total Time": 777.376, "Actual Total Rows": 10, "Inner Unique": false, "Join Filter": "(mi_idx.info_type_id = it2.id)", "Rows Removed by Join Filter": 1383, "Plans": [{"Node Type": "Seq Scan", "Parent Relationship": "Outer", "Relation Name": "info_type", "Alias": "it2", "Startup Cost": 0.0, "Total Cost": 2.4, "Plan Rows": 1, "Plan Width": 4, "Actual Min Startup Time": 0.081, "Actual Max Startup Time": 0.081, "Actual Min Total Time": 0.084, "Actual Max Total Time": 0.084, "Actual Total Rows": 1, "Filter": "((info)::text = 'bottom 10 rank'::text)", "Rows Removed by Filter": 111}, {"Node Type": "Materialize", "Parent Relationship": "Inner", "Startup Cost": 107031.57, "Total Cost": 140261.63, "Plan Rows": 55, "Plan Width": 67, "Actual Min Startup Time": 776.598, "Actual Max Startup Time": 776.598, "Actual Min Total Time": 776.776, "Actual Max Total Time": 776.776, "Actual Total Rows": 1394, "Plans": [{"Node Type": "Hash Join", "Parent Relationship": "Outer", "Join Type": "Inner", "Startup Cost": 107031.57, "Total Cost": 140261.49, "Plan Rows": 55, "Plan Width": 67, "Actual Min Startup Time": 734.626, "Actual Max Startup Time": 734.626, "Actual Min Total Time": 776.177, "Actual Max Total Time": 776.177, "Actual Total Rows": 1393, "Inner Unique": true, "Hash Cond": "(mc.company_id = cn.id)", "Plans": [{"Node Type": "Streaming(type: LOCAL GATHER dop: 1/16)", "Parent Relationship": "Outer", "Startup Cost": 104491.08, "Total Cost": 137719.99, "Plan Rows": 65, "Plan Width": 71, "Actual Min Startup Time": 613.237, "Actual Max Startup Time": 613.237, "Actual Min Total Time": 653.467, "Actual Max Total Time": 653.467, "Actual Total Rows": 3102, "Plans": [{"Node Type": "Hash Join", "Parent Relationship": "Outer", "Join Type": "Inner", "Startup Cost": 104491.08, "Total Cost": 137718.59, "Plan Rows": 65, "Plan Width": 71, "Actual Min Startup Time": 561.788, "Actual Max Startup Time": 610.52, "Actual Min Total Time": 601.849, "Actual Max Total Time": 617.898, "Actual Total Rows": 3102, "Inner Unique": false, "Hash Cond": "(t.id = mi_idx.movie_id)", "Plans": [{"Node Type": "Streaming(type: BROADCAST dop: 16/16)", "Parent Relationship": "Outer", "Startup Cost": 87145.78, "Total Cost": 120372.93, "Plan Rows": 672, "Plan Width": 79, "Actual Min Startup Time": 499.111, "Actual Max Startup Time": 530.277, "Actual Min Total Time": 539.087, "Actual Max Total Time": 570.545, "Actual Total Rows": 21456, "Plans": [{"Node Type": "Hash Join", "Parent Relationship": "Outer", "Join Type": "Inner", "Startup Cost": 87145.78, "Total Cost": 105371.23, "Plan Rows": 42, "Plan Width": 79, "Actual Min Startup Time": 534.617, "Actual Max Startup Time": 594.884, "Actual Min Total Time": 598.622, "Actual Max Total Time": 659.81, "Actual Total Rows": 1341, "Inner Unique": false, "Hash Cond": "(mc.movie_id = t.id)", "Plans": [{"Node Type": "Seq Scan", "Parent Relationship": "Outer", "Relation Name": "movie_companies", "Alias": "mc", "Startup Cost": 0.0, "Total Cost": 17613.58, "Plan Rows": 2609128, "Plan Width": 12, "Actual Min Startup Time": 0.044, "Actual Max Startup Time": 0.069, "Actual Min Total Time": 32.788, "Actual Max Total Time": 40.384, "Actual Total Rows": 2609128}, {"Node Type": "Hash", "Parent Relationship": "Inner", "Startup Cost": 87142.43, "Total Cost": 87142.43, "Plan Rows": 4288, "Plan Width": 67, "Actual Min Startup Time": 530.639, "Actual Max Startup Time": 593.38, "Actual Min Total Time": 530.639, "Actual Max Total Time": 593.38, "Actual Total Rows": 6928, "Max Hash Buckets": 32768, "Min Hash Buckets": 32768, "Max Hash Batches": 1, "Min Hash Batches": 1, "Max Original Hash Batches": 1, "Min Original Hash Batches": 1, "Max Peak Memory Usage": 33, "min Peak Memory Usage": 33, "Plans": [{"Node Type": "Streaming(type: BROADCAST dop: 16/1)", "Parent Relationship": "Outer", "Startup Cost": 34953.17, "Total Cost": 87142.43, "Plan Rows": 4288, "Plan Width": 67, "Actual Min Startup Time": 520.847, "Actual Max Startup Time": 583.562, "Actual Min Total Time": 530.391, "Actual Max Total Time": 593.196, "Actual Total Rows": 6928, "Plans": [{"Node Type": "Nested Loop", "Parent Relationship": "Outer", "Join Type": "Inner", "Startup Cost": 34953.17, "Total Cost": 72049.89, "Plan Rows": 268, "Plan Width": 67, "Actual Min Startup Time": 527.08, "Actual Max Startup Time": 527.08, "Actual Min Total Time": 533.361, "Actual Max Total Time": 533.361, "Actual Total Rows": 433, "Inner Unique": false, "Join Filter": "(mi.info_type_id = it1.id)", "Rows Removed by Join Filter": 24582, "Plans": [{"Node Type": "Seq Scan", "Parent Relationship": "Outer", "Relation Name": "info_type", "Alias": "it1", "Startup Cost": 0.0, "Total Cost": 2.4, "Plan Rows": 1, "Plan Width": 4, "Actual Min Startup Time": 0.083, "Actual Max Startup Time": 0.083, "Actual Min Total Time": 0.092, "Actual Max Total Time": 0.092, "Actual Total Rows": 1, "Filter": "((info)::text = 'budget'::text)", "Rows Removed by Filter": 111}, {"Node Type": "Materialize", "Parent Relationship": "Inner", "Startup Cost": 34953.17, "Total Cost": 72033.82, "Plan Rows": 1367, "Plan Width": 71, "Actual Min Startup Time": 521.15, "Actual Max Startup Time": 521.15, "Actual Min Total Time": 525.943, "Actual Max Total Time": 525.943, "Actual Total Rows": 25016, "Plans": [{"Node Type": "Streaming(type: LOCAL GATHER dop: 1/16)", "Parent Relationship": "Outer", "Startup Cost": 34953.17, "Total Cost": 72030.4, "Plan Rows": 1367, "Plan Width": 71, "Actual Min Startup Time": 115.264, "Actual Max Startup Time": 115.264, "Actual Min Total Time": 515.956, "Actual Max Total Time": 515.956, "Actual Total Rows": 25015, "Plans": [{"Node Type": "Hash Join", "Parent Relationship": "Outer", "Join Type": "Inner", "Startup Cost": 34953.17, "Total Cost": 72000.9, "Plan Rows": 1367, "Plan Width": 71, "Actual Min Startup Time": 90.744, "Actual Max Startup Time": 135.548, "Actual Min Total Time": 499.359, "Actual Max Total Time": 524.328, "Actual Total Rows": 25015, "Inner Unique": true, "Hash Cond": "(mi.movie_id = t.id)", "Plans": [{"Node Type": "Seq Scan", "Parent Relationship": "Outer", "Relation Name": "movie_info", "Alias": "mi", "Startup Cost": 0.0, "Total Cost": 33561.73, "Plan Rows": 14869966, "Plan Width": 50, "Actual Min Startup Time": 0.057, "Actual Max Startup Time": 0.073, "Actual Min Total Time": 225.099, "Actual Max Total Time": 256.427, "Actual Total Rows": 14835719}, {"Node Type": "Hash", "Parent Relationship": "Inner", "Startup Cost": 34949.95, "Total Cost": 34949.95, "Plan Rows": 4128, "Plan Width": 21, "Actual Min Startup Time": 88.995, "Actual Max Startup Time": 132.338, "Actual Min Total Time": 88.995, "Actual Max Total Time": 132.338, "Actual Total Rows": 40576, "Max Hash Buckets": 32768, "Min Hash Buckets": 32768, "Max Hash Batches": 1, "Min Hash Batches": 1, "Max Original Hash Batches": 1, "Min Original Hash Batches": 1, "Max Peak Memory Usage": 163, "min Peak Memory Usage": 163, "Plans": [{"Node Type": "Streaming(type: BROADCAST dop: 16/16)", "Parent Relationship": "Outer", "Startup Cost": 0.0, "Total Cost": 34949.95, "Plan Rows": 4128, "Plan Width": 21, "Actual Min Startup Time": 47.4, "Actual Max Startup Time": 90.712, "Actual Min Total Time": 87.726, "Actual Max Total Time": 131.647, "Actual Total Rows": 40576, "Plans": [{"Node Type": "Seq Scan", "Parent Relationship": "Outer", "Relation Name": "title", "Alias": "t", "Startup Cost": 0.0, "Total Cost": 19939.47, "Plan Rows": 258, "Plan Width": 21, "Actual Min Startup Time": 0.045, "Actual Max Startup Time": 6.075, "Actual Min Total Time": 84.938, "Actual Max Total Time": 90.895, "Actual Total Rows": 2536, "Filter": "((production_year > 2000) AND (((title)::text ~~ 'Birdemic%'::text) OR ((title)::text ~~ '%Movie%'::text)))", "Rows Removed by Filter": 2525775}]}]}]}]}]}]}]}]}]}]}, {"Node Type": "Hash", "Parent Relationship": "Inner", "Startup Cost": 16267.15, "Total Cost": 16267.15, "Plan Rows": 1380034, "Plan Width": 8, "Actual Min Startup Time": 46.788, "Actual Max Startup Time": 63.855, "Actual Min Total Time": 46.788, "Actual Max Total Time": 63.855, "Actual Total Rows": 1380034, "Max Hash Buckets": 131072, "Min Hash Buckets": 131072, "Max Hash Batches": 1, "Min Hash Batches": 1, "Max Original Hash Batches": 1, "Min Original Hash Batches": 1, "Max Peak Memory Usage": 3941, "min Peak Memory Usage": 3941, "Plans": [{"Node Type": "Seq Scan", "Parent Relationship": "Outer", "Relation Name": "movie_info_idx", "Alias": "mi_idx", "Startup Cost": 0.0, "Total Cost": 16267.15, "Plan Rows": 1380034, "Plan Width": 8, "Actual Min Startup Time": 0.045, "Actual Max Startup Time": 0.092, "Actual Min Total Time": 24.8, "Actual Max Total Time": 31.402, "Actual Total Rows": 1380034}]}]}]}, {"Node Type": "Hash", "Parent Relationship": "Inner", "Startup Cost": 5903.45, "Total Cost": 5903.45, "Plan Rows": 85170, "Plan Width": 4, "Actual Min Startup Time": 121.134, "Actual Max Startup Time": 121.134, "Actual Min Total Time": 121.134, "Actual Max Total Time": 121.134, "Actual Total Rows": 84843, "Max Hash Buckets": 131072, "Min Hash Buckets": 131072, "Max Hash Batches": 1, "Min Hash Batches": 1, "Max Original Hash Batches": 1, "Min Original Hash Batches": 1, "Max Peak Memory Usage": 2983, "min Peak Memory Usage": 2983, "Plans": [{"Node Type": "Seq Scan", "Parent Relationship": "Outer", "Relation Name": "company_name", "Alias": "cn", "Startup Cost": 0.0, "Total Cost": 5903.45, "Plan Rows": 85170, "Plan Width": 4, "Actual Min Startup Time": 0.054, "Actual Max Startup Time": 0.054, "Actual Min Total Time": 96.567, "Actual Max Total Time": 96.567, "Actual Total Rows": 84843, "Filter": "((country_code)::text = '[us]'::text)", "Rows Removed by Filter": 150153}]}]}]}]}, {"Node Type": "Materialize", "Parent Relationship": "Inner", "Startup Cost": 0.0, "Total Cost": 1.05, "Plan Rows": 2, "Plan Width": 4, "Actual Min Startup Time": 0.034, "Actual Max Startup Time": 0.034, "Actual Min Total Time": 0.04, "Actual Max Total Time": 0.04, "Actual Total Rows": 10, "Plans": [{"Node Type": "Seq Scan", "Parent Relationship": "Outer", "Relation Name": "company_type", "Alias": "ct", "Startup Cost": 0.0, "Total Cost": 1.04, "Plan Rows": 2, "Plan Width": 4, "Actual Min Startup Time": 0.021, "Actual Max Startup Time": 0.021, "Actual Min Total Time": 0.026, "Actual Max Total Time": 0.026, "Actual Total Rows": 1, "Filter": "((kind IS NOT NULL) AND (((kind)::text = 'production companies'::text) OR ((kind)::text = 'distributors'::text)))", "Rows Removed by Filter": 2}]}]}]}, "Triggers": [], "Planner Runtime": 358.277, "Total Runtime": 794.24, "Unique SQL Id": 1682224415}}, "(16, 47)": {"explain_plan": {"Plan": {"Node Type": "Aggregate", "Strategy": "Plain", "Startup Cost": 8000138512817.18, "Total Cost": 8000138512817.19, "Plan Rows": 1, "Plan Width": 123, "Plans": [{"Node Type": "Nested Loop", "Parent Relationship": "Outer", "Join Type": "Inner", "Startup Cost": 80000000000.0, "Total Cost": 8000138512816.94, "Plan Rows": 48, "Plan Width": 59, "Inner Unique": true, "Join Filter": "(mc.company_type_id = ct.id)", "Plans": [{"Node Type": "Nested Loop", "Parent Relationship": "Outer", "Join Type": "Inner", "Startup Cost": 70000000000.0, "Total Cost": 7000138511584.5, "Plan Rows": 48, "Plan Width": 63, "Inner Unique": true, "Join Filter": "(mc.company_id = cn.id)", "Plans": [{"Node Type": "Nested Loop", "Parent Relationship": "Outer", "Join Type": "Inner", "Startup Cost": 60000000000.0, "Total Cost": 6000137180171.6, "Plan Rows": 220, "Plan Width": 67, "Inner Unique": false, "Join Filter": "(t.id = mc.movie_id)", "Plans": [{"Node Type": "Index Scan", "Parent Relationship": "Outer", "Scan Direction": "Forward", "Index Name": "company_type_id_movie_companies", "Relation Name": "movie_companies", "Alias": "mc", "Startup Cost": 10000000000.0, "Total Cost": 1000009318217.0, "Plan Rows": 2609128, "Plan Width": 12}, {"Node Type": "Materialize", "Parent Relationship": "Inner", "Startup Cost": 50000000000.0, "Total Cost": 5000123830852.1, "Plan Rows": 103, "Plan Width": 71, "Plans": [{"Node Type": "Nested Loop", "Parent Relationship": "Outer", "Join Type": "Inner", "Startup Cost": 50000000000.0, "Total Cost": 5000123830851.59, "Plan Rows": 103, "Plan Width": 71, "Inner Unique": false, "Join Filter": "(mi_idx.movie_id = t.id)", "Plans": [{"Node Type": "Nested Loop", "Parent Relationship": "Outer", "Join Type": "Inner", "Startup Cost": 20000000000.0, "Total Cost": 2000004672156.88, "Plan Rows": 345008, "Plan Width": 4, "Inner Unique": true, "Join Filter": "(it2.id = mi_idx.info_type_id), (LLVM Optimized)", "Plans": [{"Node Type": "Index Scan", "Parent Relationship": "Outer", "Scan Direction": "Forward", "Index Name": "movie_id_movie_info_idx", "Relation Name": "movie_info_idx", "Alias": "mi_idx", "Startup Cost": 10000000000.0, "Total Cost": 1000004650035.37, "Plan Rows": 1380034, "Plan Width": 8}, {"Node Type": "Materialize", "Parent Relationship": "Inner", "Startup Cost": 10000000000.0, "Total Cost": 1000000001421.0, "Plan Rows": 1, "Plan Width": 4, "Plans": [{"Node Type": "Index Scan", "Parent Relationship": "Outer", "Scan Direction": "Forward", "Index Name": "info_type_pkey", "Relation Name": "info_type", "Alias": "it2", "Startup Cost": 10000000000.0, "Total Cost": 1000000001421.0, "Plan Rows": 1, "Plan Width": 4, "Filter": "((info)::text = 'bottom 10 rank'::text)"}]}]}, {"Node Type": "Materialize", "Parent Relationship": "Inner", "Startup Cost": 30000000000.0, "Total Cost": 3000117771763.22, "Plan Rows": 268, "Plan Width": 67, "Plans": [{"Node Type": "Nested Loop", "Parent Relationship": "Outer", "Join Type": "Inner", "Startup Cost": 30000000000.0, "Total Cost": 3000117771761.88, "Plan Rows": 268, "Plan Width": 67, "Inner Unique": true, "Join Filter": "(mi.movie_id = t.id)", "Plans": [{"Node Type": "Nested Loop", "Parent Relationship": "Outer", "Join Type": "Inner", "Startup Cost": 20000000000.0, "Total Cost": 2000104041382.71, "Plan Rows": 212428, "Plan Width": 46, "Inner Unique": true, "Join Filter": "(it1.id = mi.info_type_id), (LLVM Optimized)", "Plans": [{"Node Type": "Index Scan", "Parent Relationship": "Outer", "Scan Direction": "Forward", "Index Name": "movie_id_movie_info", "Relation Name": "movie_info", "Alias": "mi", "Startup Cost": 10000000000.0, "Total Cost": 1000103816912.22, "Plan Rows": 14869966, "Plan Width": 50}, {"Node Type": "Materialize", "Parent Relationship": "Inner", "Startup Cost": 10000000000.0, "Total Cost": 1000000001421.0, "Plan Rows": 1, "Plan Width": 4, "Plans": [{"Node Type": "Index Scan", "Parent Relationship": "Outer", "Scan Direction": "Forward", "Index Name": "info_type_pkey", "Relation Name": "info_type", "Alias": "it1", "Startup Cost": 10000000000.0, "Total Cost": 1000000001421.0, "Plan Rows": 1, "Plan Width": 4, "Filter": "((info)::text = 'budget'::text)"}]}]}, {"Node Type": "Materialize", "Parent Relationship": "Inner", "Startup Cost": 10000000000.0, "Total Cost": 1000012908283.45, "Plan Rows": 258, "Plan Width": 21, "Plans": [{"Node Type": "Index Scan", "Parent Relationship": "Outer", "Scan Direction": "Forward", "Index Name": "title_pkey", "Relation Name": "title", "Alias": "t", "Startup Cost": 10000000000.0, "Total Cost": 1000012908282.16, "Plan Rows": 258, "Plan Width": 21, "Filter": "((production_year > 2000) AND (((title)::text ~~ 'Birdemic%'::text) OR ((title)::text ~~ '%Movie%'::text)))"}]}]}]}]}]}]}, {"Node Type": "Materialize", "Parent Relationship": "Inner", "Startup Cost": 10000000000.0, "Total Cost": 1000001050564.82, "Plan Rows": 85170, "Plan Width": 4, "Plans": [{"Node Type": "Index Scan", "Parent Relationship": "Outer", "Scan Direction": "Forward", "Index Name": "company_name_pkey", "Relation Name": "company_name", "Alias": "cn", "Startup Cost": 10000000000.0, "Total Cost": 1000001050138.97, "Plan Rows": 85170, "Plan Width": 4, "Filter": "((country_code)::text = '[us]'::text)"}]}]}, {"Node Type": "Materialize", "Parent Relationship": "Inner", "Startup Cost": 10000000000.0, "Total Cost": 1000000001231.01, "Plan Rows": 2, "Plan Width": 4, "Plans": [{"Node Type": "Index Scan", "Parent Relationship": "Outer", "Scan Direction": "Forward", "Index Name": "company_type_pkey", "Relation Name": "company_type", "Alias": "ct", "Startup Cost": 10000000000.0, "Total Cost": 1000000001231.0, "Plan Rows": 2, "Plan Width": 4, "Filter": "((kind IS NOT NULL) AND (((kind)::text = 'production companies'::text) OR ((kind)::text = 'distributors'::text)))"}]}]}]}, "Unique SQL Id": 1682224415}, "explain_analyze_plan": null}, "(16, 48)": {"explain_plan": {"Plan": {"Node Type": "Aggregate", "Strategy": "Plain", "Startup Cost": 22345.75, "Total Cost": 22345.76, "Plan Rows": 1, "Plan Width": 123, "Plans": [{"Node Type": "Nested Loop", "Parent Relationship": "Outer", "Join Type": "Inner", "Startup Cost": 0.0, "Total Cost": 22345.73, "Plan Rows": 4, "Plan Width": 59, "Inner Unique": true, "Plans": [{"Node Type": "Nested Loop", "Parent Relationship": "Outer", "Join Type": "Inner", "Startup Cost": 0.0, "Total Cost": 22344.59, "Plan Rows": 4, "Plan Width": 63, "Inner Unique": true, "Plans": [{"Node Type": "Nested Loop", "Parent Relationship": "Outer", "Join Type": "Inner", "Startup Cost": 0.0, "Total Cost": 22343.15, "Plan Rows": 5, "Plan Width": 67, "Inner Unique": false, "Join Filter": "(mi.info_type_id = it1.id)", "Plans": [{"Node Type": "Seq Scan", "Parent Relationship": "Outer", "Relation Name": "info_type", "Alias": "it1", "Startup Cost": 0.0, "Total Cost": 2.4, "Plan Rows": 1, "Plan Width": 4, "Filter": "((info)::text = 'budget'::text)"}, {"Node Type": "Nested Loop", "Parent Relationship": "Inner", "Join Type": "Inner", "Startup Cost": 0.0, "Total Cost": 22326.73, "Plan Rows": 1122, "Plan Width": 71, "Inner Unique": false, "Join Filter": "(t.id = mi.movie_id)", "Plans": [{"Node Type": "Nested Loop", "Parent Relationship": "Outer", "Join Type": "Inner", "Startup Cost": 0.0, "Total Cost": 22174.07, "Plan Rows": 210, "Plan Width": 37, "Inner Unique": false, "Join Filter": "(t.id = mc.movie_id)", "Plans": [{"Node Type": "Nested Loop", "Parent Relationship": "Outer", "Join Type": "Inner", "Startup Cost": 0.0, "Total Cost": 22053.3, "Plan Rows": 311, "Plan Width": 25, "Inner Unique": false, "Join Filter": "(mi_idx.info_type_id = it2.id)", "Plans": [{"Node Type": "Seq Scan", "Parent Relationship": "Outer", "Relation Name": "info_type", "Alias": "it2", "Startup Cost": 0.0, "Total Cost": 2.4, "Plan Rows": 1, "Plan Width": 4, "Filter": "((info)::text = 'bottom 10 rank'::text)"}, {"Node Type": "Materialize", "Parent Relationship": "Inner", "Startup Cost": 0.0, "Total Cost": 22046.94, "Plan Rows": 396, "Plan Width": 29, "Plans": [{"Node Type": "Nested Loop", "Parent Relationship": "Outer", "Join Type": "Inner", "Startup Cost": 0.0, "Total Cost": 22045.95, "Plan Rows": 396, "Plan Width": 29, "Inner Unique": false, "Plans": [{"Node Type": "Streaming(type: LOCAL GATHER dop: 1/16)", "Parent Relationship": "Outer", "Startup Cost": 0.0, "Total Cost": 19945.03, "Plan Rows": 258, "Plan Width": 21, "Plans": [{"Node Type": "Seq Scan", "Parent Relationship": "Outer", "Relation Name": "title", "Alias": "t", "Startup Cost": 0.0, "Total Cost": 19939.47, "Plan Rows": 258, "Plan Width": 21, "Filter": "((production_year > 2000) AND (((title)::text ~~ 'Birdemic%'::text) OR ((title)::text ~~ '%Movie%'::text)))"}]}, {"Node Type": "Index Scan", "Parent Relationship": "Inner", "Scan Direction": "Forward", "Index Name": "movie_id_movie_info_idx", "Relation Name": "movie_info_idx", "Alias": "mi_idx", "Startup Cost": 0.0, "Total Cost": 8.12, "Plan Rows": 2, "Plan Width": 8, "Index Cond": "(movie_id = t.id)"}]}]}]}, {"Node Type": "Index Scan", "Parent Relationship": "Inner", "Scan Direction": "Forward", "Index Name": "movie_id_movie_companies", "Relation Name": "movie_companies", "Alias": "mc", "Startup Cost": 0.0, "Total Cost": 0.36, "Plan Rows": 2, "Plan Width": 12, "Index Cond": "(movie_id = mi_idx.movie_id)"}]}, {"Node Type": "Index Scan", "Parent Relationship": "Inner", "Scan Direction": "Forward", "Index Name": "movie_id_movie_info", "Relation Name": "movie_info", "Alias": "mi", "Startup Cost": 0.0, "Total Cost": 0.66, "Plan Rows": 5, "Plan Width": 50, "Index Cond": "(movie_id = mc.movie_id)"}]}]}, {"Node Type": "Index Scan", "Parent Relationship": "Inner", "Scan Direction": "Forward", "Index Name": "company_name_pkey", "Relation Name": "company_name", "Alias": "cn", "Startup Cost": 0.0, "Total Cost": 0.28, "Plan Rows": 1, "Plan Width": 4, "Index Cond": "(id = mc.company_id)", "Filter": "((country_code)::text = '[us]'::text)"}]}, {"Node Type": "Index Scan", "Parent Relationship": "Inner", "Scan Direction": "Forward", "Index Name": "company_type_pkey", "Relation Name": "company_type", "Alias": "ct", "Startup Cost": 0.0, "Total Cost": 0.28, "Plan Rows": 1, "Plan Width": 4, "Index Cond": "(id = mc.company_type_id)", "Filter": "((kind IS NOT NULL) AND (((kind)::text = 'production companies'::text) OR ((kind)::text = 'distributors'::text)))"}]}]}, "Unique SQL Id": 1682224415}, "explain_analyze_plan": {"Plan": {"Node Type": "Aggregate", "Strategy": "Plain", "Startup Cost": 22345.75, "Total Cost": 22345.76, "Plan Rows": 1, "Plan Width": 123, "Actual Min Startup Time": 109.506, "Actual Max Startup Time": 109.506, "Actual Min Total Time": 109.506, "Actual Max Total Time": 109.506, "Actual Total Rows": 1, "Plans": [{"Node Type": "Nested Loop", "Parent Relationship": "Outer", "Join Type": "Inner", "Startup Cost": 0.0, "Total Cost": 22345.73, "Plan Rows": 4, "Plan Width": 59, "Actual Min Startup Time": 107.8, "Actual Max Startup Time": 107.8, "Actual Min Total Time": 109.47, "Actual Max Total Time": 109.47, "Actual Total Rows": 5, "Inner Unique": true, "Plans": [{"Node Type": "Nested Loop", "Parent Relationship": "Outer", "Join Type": "Inner", "Startup Cost": 0.0, "Total Cost": 22344.59, "Plan Rows": 4, "Plan Width": 63, "Actual Min Startup Time": 104.97, "Actual Max Startup Time": 104.97, "Actual Min Total Time": 109.442, "Actual Max Total Time": 109.442, "Actual Total Rows": 10, "Inner Unique": true, "Plans": [{"Node Type": "Nested Loop", "Parent Relationship": "Outer", "Join Type": "Inner", "Startup Cost": 0.0, "Total Cost": 22343.15, "Plan Rows": 5, "Plan Width": 67, "Actual Min Startup Time": 103.615, "Actual Max Startup Time": 103.615, "Actual Min Total Time": 109.245, "Actual Max Total Time": 109.245, "Actual Total Rows": 33, "Inner Unique": false, "Join Filter": "(mi.info_type_id = it1.id)", "Rows Removed by Join Filter": 4926, "Plans": [{"Node Type": "Seq Scan", "Parent Relationship": "Outer", "Relation Name": "info_type", "Alias": "it1", "Startup Cost": 0.0, "Total Cost": 2.4, "Plan Rows": 1, "Plan Width": 4, "Actual Min Startup Time": 0.084, "Actual Max Startup Time": 0.084, "Actual Min Total Time": 0.092, "Actual Max Total Time": 0.092, "Actual Total Rows": 1, "Filter": "((info)::text = 'budget'::text)", "Rows Removed by Filter": 111}, {"Node Type": "Nested Loop", "Parent Relationship": "Inner", "Join Type": "Inner", "Startup Cost": 0.0, "Total Cost": 22326.73, "Plan Rows": 1122, "Plan Width": 71, "Actual Min Startup Time": 103.384, "Actual Max Startup Time": 103.384, "Actual Min Total Time": 108.147, "Actual Max Total Time": 108.147, "Actual Total Rows": 4959, "Inner Unique": false, "Join Filter": "(t.id = mi.movie_id)", "Rows Removed by Join Filter": 0, "Plans": [{"Node Type": "Nested Loop", "Parent Relationship": "Outer", "Join Type": "Inner", "Startup Cost": 0.0, "Total Cost": 22174.07, "Plan Rows": 210, "Plan Width": 37, "Actual Min Startup Time": 103.354, "Actual Max Startup Time": 103.354, "Actual Min Total Time": 104.141, "Actual Max Total Time": 104.141, "Actual Total Rows": 33, "Inner Unique": false, "Join Filter": "(t.id = mc.movie_id)", "Rows Removed by Join Filter": 0, "Plans": [{"Node Type": "Nested Loop", "Parent Relationship": "Outer", "Join Type": "Inner", "Startup Cost": 0.0, "Total Cost": 22053.3, "Plan Rows": 311, "Plan Width": 25, "Actual Min Startup Time": 103.33, "Actual Max Startup Time": 103.33, "Actual Min Total Time": 104.082, "Actual Max Total Time": 104.082, "Actual Total Rows": 2, "Inner Unique": false, "Join Filter": "(mi_idx.info_type_id = it2.id)", "Rows Removed by Join Filter": 2643, "Plans": [{"Node Type": "Seq Scan", "Parent Relationship": "Outer", "Relation Name": "info_type", "Alias": "it2", "Startup Cost": 0.0, "Total Cost": 2.4, "Plan Rows": 1, "Plan Width": 4, "Actual Min Startup Time": 0.075, "Actual Max Startup Time": 0.075, "Actual Min Total Time": 0.08, "Actual Max Total Time": 0.08, "Actual Total Rows": 1, "Filter": "((info)::text = 'bottom 10 rank'::text)", "Rows Removed by Filter": 111}, {"Node Type": "Materialize", "Parent Relationship": "Inner", "Startup Cost": 0.0, "Total Cost": 22046.94, "Plan Rows": 396, "Plan Width": 29, "Actual Min Startup Time": 103.112, "Actual Max Startup Time": 103.112, "Actual Min Total Time": 103.423, "Actual Max Total Time": 103.423, "Actual Total Rows": 2646, "Plans": [{"Node Type": "Nested Loop", "Parent Relationship": "Outer", "Join Type": "Inner", "Startup Cost": 0.0, "Total Cost": 22045.95, "Plan Rows": 396, "Plan Width": 29, "Actual Min Startup Time": 77.489, "Actual Max Startup Time": 77.489, "Actual Min Total Time": 102.25, "Actual Max Total Time": 102.25, "Actual Total Rows": 2645, "Inner Unique": false, "Plans": [{"Node Type": "Streaming(type: LOCAL GATHER dop: 1/16)", "Parent Relationship": "Outer", "Startup Cost": 0.0, "Total Cost": 19945.03, "Plan Rows": 258, "Plan Width": 21, "Actual Min Startup Time": 77.412, "Actual Max Startup Time": 77.412, "Actual Min Total Time": 90.685, "Actual Max Total Time": 90.685, "Actual Total Rows": 2536, "Plans": [{"Node Type": "Seq Scan", "Parent Relationship": "Outer", "Relation Name": "title", "Alias": "t", "Startup Cost": 0.0, "Total Cost": 19939.47, "Plan Rows": 258, "Plan Width": 21, "Actual Min Startup Time": 0.04, "Actual Max Startup Time": 5.381, "Actual Min Total Time": 79.981, "Actual Max Total Time": 84.188, "Actual Total Rows": 2536, "Filter": "((production_year > 2000) AND (((title)::text ~~ 'Birdemic%'::text) OR ((title)::text ~~ '%Movie%'::text)))", "Rows Removed by Filter": 2525775}]}, {"Node Type": "Index Scan", "Parent Relationship": "Inner", "Scan Direction": "Forward", "Index Name": "movie_id_movie_info_idx", "Relation Name": "movie_info_idx", "Alias": "mi_idx", "Startup Cost": 0.0, "Total Cost": 8.12, "Plan Rows": 2, "Plan Width": 8, "Actual Min Startup Time": 8.8, "Actual Max Startup Time": 8.8, "Actual Min Total Time": 9.763, "Actual Max Total Time": 9.763, "Actual Total Rows": 2645, "Index Cond": "(movie_id = t.id)", "Rows Removed by Index Recheck": 0}]}]}]}, {"Node Type": "Index Scan", "Parent Relationship": "Inner", "Scan Direction": "Forward", "Index Name": "movie_id_movie_companies", "Relation Name": "movie_companies", "Alias": "mc", "Startup Cost": 0.0, "Total Cost": 0.36, "Plan Rows": 2, "Plan Width": 12, "Actual Min Startup Time": 0.024, "Actual Max Startup Time": 0.024, "Actual Min Total Time": 0.04, "Actual Max Total Time": 0.04, "Actual Total Rows": 33, "Index Cond": "(movie_id = mi_idx.movie_id)", "Rows Removed by Index Recheck": 0}]}, {"Node Type": "Index Scan", "Parent Relationship": "Inner", "Scan Direction": "Forward", "Index Name": "movie_id_movie_info", "Relation Name": "movie_info", "Alias": "mi", "Startup Cost": 0.0, "Total Cost": 0.66, "Plan Rows": 5, "Plan Width": 50, "Actual Min Startup Time": 0.491, "Actual Max Startup Time": 0.491, "Actual Min Total Time": 2.431, "Actual Max Total Time": 2.431, "Actual Total Rows": 4959, "Index Cond": "(movie_id = mc.movie_id)", "Rows Removed by Index Recheck": 0}]}]}, {"Node Type": "Index Scan", "Parent Relationship": "Inner", "Scan Direction": "Forward", "Index Name": "company_name_pkey", "Relation Name": "company_name", "Alias": "cn", "Startup Cost": 0.0, "Total Cost": 0.28, "Plan Rows": 1, "Plan Width": 4, "Actual Min Startup Time": 0.171, "Actual Max Startup Time": 0.171, "Actual Min Total Time": 0.171, "Actual Max Total Time": 0.171, "Actual Total Rows": 10, "Index Cond": "(id = mc.company_id)", "Rows Removed by Index Recheck": 0, "Filter": "((country_code)::text = '[us]'::text)", "Rows Removed by Filter": 23}]}, {"Node Type": "Index Scan", "Parent Relationship": "Inner", "Scan Direction": "Forward", "Index Name": "company_type_pkey", "Relation Name": "company_type", "Alias": "ct", "Startup Cost": 0.0, "Total Cost": 0.28, "Plan Rows": 1, "Plan Width": 4, "Actual Min Startup Time": 0.021, "Actual Max Startup Time": 0.021, "Actual Min Total Time": 0.021, "Actual Max Total Time": 0.021, "Actual Total Rows": 5, "Index Cond": "(id = mc.company_type_id)", "Rows Removed by Index Recheck": 0, "Filter": "((kind IS NOT NULL) AND (((kind)::text = 'production companies'::text) OR ((kind)::text = 'distributors'::text)))", "Rows Removed by Filter": 0}]}]}, "Triggers": [], "Planner Runtime": 22.219, "Total Runtime": 112.631, "Unique SQL Id": 1682224415}}, "(16, 49)": {"explain_plan": {"Plan": {"Node Type": "Aggregate", "Strategy": "Plain", "Startup Cost": 105032.63, "Total Cost": 105032.64, "Plan Rows": 1, "Plan Width": 123, "Plans": [{"Node Type": "Nested Loop", "Parent Relationship": "Outer", "Join Type": "Inner", "Startup Cost": 0.0, "Total Cost": 105032.61, "Plan Rows": 4, "Plan Width": 59, "Inner Unique": true, "Plans": [{"Node Type": "Nested Loop", "Parent Relationship": "Outer", "Join Type": "Inner", "Startup Cost": 0.0, "Total Cost": 105031.47, "Plan Rows": 4, "Plan Width": 63, "Inner Unique": true, "Plans": [{"Node Type": "Nested Loop", "Parent Relationship": "Outer", "Join Type": "Inner", "Startup Cost": 0.0, "Total Cost": 105030.03, "Plan Rows": 5, "Plan Width": 67, "Inner Unique": false, "Join Filter": "(mi.info_type_id = it1.id)", "Plans": [{"Node Type": "Index Scan", "Parent Relationship": "Outer", "Scan Direction": "Forward", "Index Name": "info_type_pkey", "Relation Name": "info_type", "Alias": "it1", "Startup Cost": 0.0, "Total Cost": 14.21, "Plan Rows": 1, "Plan Width": 4, "Filter": "((info)::text = 'budget'::text)"}, {"Node Type": "Nested Loop", "Parent Relationship": "Inner", "Join Type": "Inner", "Startup Cost": 0.0, "Total Cost": 105001.79, "Plan Rows": 1122, "Plan Width": 71, "Inner Unique": false, "Join Filter": "(t.id = mi.movie_id)", "Plans": [{"Node Type": "Nested Loop", "Parent Relationship": "Outer", "Join Type": "Inner", "Startup Cost": 0.0, "Total Cost": 104849.13, "Plan Rows": 210, "Plan Width": 37, "Inner Unique": false, "Join Filter": "(t.id = mc.movie_id)", "Plans": [{"Node Type": "Nested Loop", "Parent Relationship": "Outer", "Join Type": "Inner", "Startup Cost": 0.0, "Total Cost": 104728.36, "Plan Rows": 311, "Plan Width": 25, "Inner Unique": false, "Join Filter": "(mi_idx.info_type_id = it2.id)", "Plans": [{"Node Type": "Index Scan", "Parent Relationship": "Outer", "Scan Direction": "Forward", "Index Name": "info_type_pkey", "Relation Name": "info_type", "Alias": "it2", "Startup Cost": 0.0, "Total Cost": 14.21, "Plan Rows": 1, "Plan Width": 4, "Filter": "((info)::text = 'bottom 10 rank'::text)"}, {"Node Type": "Materialize", "Parent Relationship": "Inner", "Startup Cost": 0.0, "Total Cost": 104710.19, "Plan Rows": 396, "Plan Width": 29, "Plans": [{"Node Type": "Nested Loop", "Parent Relationship": "Outer", "Join Type": "Inner", "Startup Cost": 0.0, "Total Cost": 104709.2, "Plan Rows": 396, "Plan Width": 29, "Inner Unique": false, "Plans": [{"Node Type": "Streaming(type: LOCAL GATHER dop: 1/16)", "Parent Relationship": "Outer", "Startup Cost": 0.0, "Total Cost": 102608.29, "Plan Rows": 258, "Plan Width": 21, "Plans": [{"Node Type": "Index Scan", "Parent Relationship": "Outer", "Scan Direction": "Forward", "Index Name": "title_pkey", "Relation Name": "title", "Alias": "t", "Startup Cost": 0.0, "Total Cost": 102602.72, "Plan Rows": 258, "Plan Width": 21, "Filter": "((production_year > 2000) AND (((title)::text ~~ 'Birdemic%'::text) OR ((title)::text ~~ '%Movie%'::text)))"}]}, {"Node Type": "Index Scan", "Parent Relationship": "Inner", "Scan Direction": "Forward", "Index Name": "movie_id_movie_info_idx", "Relation Name": "movie_info_idx", "Alias": "mi_idx", "Startup Cost": 0.0, "Total Cost": 8.12, "Plan Rows": 2, "Plan Width": 8, "Index Cond": "(movie_id = t.id)"}]}]}]}, {"Node Type": "Index Scan", "Parent Relationship": "Inner", "Scan Direction": "Forward", "Index Name": "movie_id_movie_companies", "Relation Name": "movie_companies", "Alias": "mc", "Startup Cost": 0.0, "Total Cost": 0.36, "Plan Rows": 2, "Plan Width": 12, "Index Cond": "(movie_id = mi_idx.movie_id)"}]}, {"Node Type": "Index Scan", "Parent Relationship": "Inner", "Scan Direction": "Forward", "Index Name": "movie_id_movie_info", "Relation Name": "movie_info", "Alias": "mi", "Startup Cost": 0.0, "Total Cost": 0.66, "Plan Rows": 5, "Plan Width": 50, "Index Cond": "(movie_id = mc.movie_id)"}]}]}, {"Node Type": "Index Scan", "Parent Relationship": "Inner", "Scan Direction": "Forward", "Index Name": "company_name_pkey", "Relation Name": "company_name", "Alias": "cn", "Startup Cost": 0.0, "Total Cost": 0.28, "Plan Rows": 1, "Plan Width": 4, "Index Cond": "(id = mc.company_id)", "Filter": "((country_code)::text = '[us]'::text)"}]}, {"Node Type": "Index Scan", "Parent Relationship": "Inner", "Scan Direction": "Forward", "Index Name": "company_type_pkey", "Relation Name": "company_type", "Alias": "ct", "Startup Cost": 0.0, "Total Cost": 0.28, "Plan Rows": 1, "Plan Width": 4, "Index Cond": "(id = mc.company_type_id)", "Filter": "((kind IS NOT NULL) AND (((kind)::text = 'production companies'::text) OR ((kind)::text = 'distributors'::text)))"}]}]}, "Unique SQL Id": 1682224415}, "explain_analyze_plan": {"Plan": {"Node Type": "Aggregate", "Strategy": "Plain", "Startup Cost": 105032.63, "Total Cost": 105032.64, "Plan Rows": 1, "Plan Width": 123, "Actual Min Startup Time": 288.744, "Actual Max Startup Time": 288.744, "Actual Min Total Time": 288.744, "Actual Max Total Time": 288.744, "Actual Total Rows": 1, "Plans": [{"Node Type": "Nested Loop", "Parent Relationship": "Outer", "Join Type": "Inner", "Startup Cost": 0.0, "Total Cost": 105032.61, "Plan Rows": 4, "Plan Width": 59, "Actual Min Startup Time": 287.379, "Actual Max Startup Time": 287.379, "Actual Min Total Time": 288.702, "Actual Max Total Time": 288.702, "Actual Total Rows": 5, "Inner Unique": true, "Plans": [{"Node Type": "Nested Loop", "Parent Relationship": "Outer", "Join Type": "Inner", "Startup Cost": 0.0, "Total Cost": 105031.47, "Plan Rows": 4, "Plan Width": 63, "Actual Min Startup Time": 284.536, "Actual Max Startup Time": 284.536, "Actual Min Total Time": 288.667, "Actual Max Total Time": 288.667, "Actual Total Rows": 10, "Inner Unique": true, "Plans": [{"Node Type": "Nested Loop", "Parent Relationship": "Outer", "Join Type": "Inner", "Startup Cost": 0.0, "Total Cost": 105030.03, "Plan Rows": 5, "Plan Width": 67, "Actual Min Startup Time": 283.152, "Actual Max Startup Time": 283.152, "Actual Min Total Time": 288.453, "Actual Max Total Time": 288.453, "Actual Total Rows": 33, "Inner Unique": false, "Join Filter": "(mi.info_type_id = it1.id)", "Rows Removed by Join Filter": 4926, "Plans": [{"Node Type": "Index Scan", "Parent Relationship": "Outer", "Scan Direction": "Forward", "Index Name": "info_type_pkey", "Relation Name": "info_type", "Alias": "it1", "Startup Cost": 0.0, "Total Cost": 14.21, "Plan Rows": 1, "Plan Width": 4, "Actual Min Startup Time": 0.109, "Actual Max Startup Time": 0.109, "Actual Min Total Time": 0.116, "Actual Max Total Time": 0.116, "Actual Total Rows": 1, "Filter": "((info)::text = 'budget'::text)", "Rows Removed by Filter": 111}, {"Node Type": "Nested Loop", "Parent Relationship": "Inner", "Join Type": "Inner", "Startup Cost": 0.0, "Total Cost": 105001.79, "Plan Rows": 1122, "Plan Width": 71, "Actual Min Startup Time": 282.882, "Actual Max Startup Time": 282.882, "Actual Min Total Time": 287.361, "Actual Max Total Time": 287.361, "Actual Total Rows": 4959, "Inner Unique": false, "Join Filter": "(t.id = mi.movie_id)", "Rows Removed by Join Filter": 0, "Plans": [{"Node Type": "Nested Loop", "Parent Relationship": "Outer", "Join Type": "Inner", "Startup Cost": 0.0, "Total Cost": 104849.13, "Plan Rows": 210, "Plan Width": 37, "Actual Min Startup Time": 282.848, "Actual Max Startup Time": 282.848, "Actual Min Total Time": 283.245, "Actual Max Total Time": 283.245, "Actual Total Rows": 33, "Inner Unique": false, "Join Filter": "(t.id = mc.movie_id)", "Rows Removed by Join Filter": 0, "Plans": [{"Node Type": "Nested Loop", "Parent Relationship": "Outer", "Join Type": "Inner", "Startup Cost": 0.0, "Total Cost": 104728.36, "Plan Rows": 311, "Plan Width": 25, "Actual Min Startup Time": 282.824, "Actual Max Startup Time": 282.824, "Actual Min Total Time": 283.177, "Actual Max Total Time": 283.177, "Actual Total Rows": 2, "Inner Unique": false, "Join Filter": "(mi_idx.info_type_id = it2.id)", "Rows Removed by Join Filter": 2643, "Plans": [{"Node Type": "Index Scan", "Parent Relationship": "Outer", "Scan Direction": "Forward", "Index Name": "info_type_pkey", "Relation Name": "info_type", "Alias": "it2", "Startup Cost": 0.0, "Total Cost": 14.21, "Plan Rows": 1, "Plan Width": 4, "Actual Min Startup Time": 0.08, "Actual Max Startup Time": 0.08, "Actual Min Total Time": 0.08, "Actual Max Total Time": 0.08, "Actual Total Rows": 1, "Filter": "((info)::text = 'bottom 10 rank'::text)", "Rows Removed by Filter": 111}, {"Node Type": "Materialize", "Parent Relationship": "Inner", "Startup Cost": 0.0, "Total Cost": 104710.19, "Plan Rows": 396, "Plan Width": 29, "Actual Min Startup Time": 281.979, "Actual Max Startup Time": 281.979, "Actual Min Total Time": 282.441, "Actual Max Total Time": 282.441, "Actual Total Rows": 2646, "Plans": [{"Node Type": "Nested Loop", "Parent Relationship": "Outer", "Join Type": "Inner", "Startup Cost": 0.0, "Total Cost": 104709.2, "Plan Rows": 396, "Plan Width": 29, "Actual Min Startup Time": 81.307, "Actual Max Startup Time": 81.307, "Actual Min Total Time": 280.904, "Actual Max Total Time": 280.904, "Actual Total Rows": 2645, "Inner Unique": false, "Plans": [{"Node Type": "Streaming(type: LOCAL GATHER dop: 1/16)", "Parent Relationship": "Outer", "Startup Cost": 0.0, "Total Cost": 102608.29, "Plan Rows": 258, "Plan Width": 21, "Actual Min Startup Time": 81.253, "Actual Max Startup Time": 81.253, "Actual Min Total Time": 268.275, "Actual Max Total Time": 268.275, "Actual Total Rows": 2536, "Plans": [{"Node Type": "Index Scan", "Parent Relationship": "Outer", "Scan Direction": "Forward", "Index Name": "title_pkey", "Relation Name": "title", "Alias": "t", "Startup Cost": 0.0, "Total Cost": 102602.72, "Plan Rows": 258, "Plan Width": 21, "Actual Min Startup Time": 9.904, "Actual Max Startup Time": 25.069, "Actual Min Total Time": 238.632, "Actual Max Total Time": 275.078, "Actual Total Rows": 2536, "Filter": "((production_year > 2000) AND (((title)::text ~~ 'Birdemic%'::text) OR ((title)::text ~~ '%Movie%'::text)))", "Rows Removed by Filter": 2525775}]}, {"Node Type": "Index Scan", "Parent Relationship": "Inner", "Scan Direction": "Forward", "Index Name": "movie_id_movie_info_idx", "Relation Name": "movie_info_idx", "Alias": "mi_idx", "Startup Cost": 0.0, "Total Cost": 8.12, "Plan Rows": 2, "Plan Width": 8, "Actual Min Startup Time": 9.535, "Actual Max Startup Time": 9.535, "Actual Min Total Time": 10.518, "Actual Max Total Time": 10.518, "Actual Total Rows": 2645, "Index Cond": "(movie_id = t.id)", "Rows Removed by Index Recheck": 0}]}]}]}, {"Node Type": "Index Scan", "Parent Relationship": "Inner", "Scan Direction": "Forward", "Index Name": "movie_id_movie_companies", "Relation Name": "movie_companies", "Alias": "mc", "Startup Cost": 0.0, "Total Cost": 0.36, "Plan Rows": 2, "Plan Width": 12, "Actual Min Startup Time": 0.027, "Actual Max Startup Time": 0.027, "Actual Min Total Time": 0.048, "Actual Max Total Time": 0.048, "Actual Total Rows": 33, "Index Cond": "(movie_id = mi_idx.movie_id)", "Rows Removed by Index Recheck": 0}]}, {"Node Type": "Index Scan", "Parent Relationship": "Inner", "Scan Direction": "Forward", "Index Name": "movie_id_movie_info", "Relation Name": "movie_info", "Alias": "mi", "Startup Cost": 0.0, "Total Cost": 0.66, "Plan Rows": 5, "Plan Width": 50, "Actual Min Startup Time": 0.503, "Actual Max Startup Time": 0.503, "Actual Min Total Time": 2.531, "Actual Max Total Time": 2.531, "Actual Total Rows": 4959, "Index Cond": "(movie_id = mc.movie_id)", "Rows Removed by Index Recheck": 0}]}]}, {"Node Type": "Index Scan", "Parent Relationship": "Inner", "Scan Direction": "Forward", "Index Name": "company_name_pkey", "Relation Name": "company_name", "Alias": "cn", "Startup Cost": 0.0, "Total Cost": 0.28, "Plan Rows": 1, "Plan Width": 4, "Actual Min Startup Time": 0.191, "Actual Max Startup Time": 0.191, "Actual Min Total Time": 0.191, "Actual Max Total Time": 0.191, "Actual Total Rows": 10, "Index Cond": "(id = mc.company_id)", "Rows Removed by Index Recheck": 0, "Filter": "((country_code)::text = '[us]'::text)", "Rows Removed by Filter": 23}]}, {"Node Type": "Index Scan", "Parent Relationship": "Inner", "Scan Direction": "Forward", "Index Name": "company_type_pkey", "Relation Name": "company_type", "Alias": "ct", "Startup Cost": 0.0, "Total Cost": 0.28, "Plan Rows": 1, "Plan Width": 4, "Actual Min Startup Time": 0.024, "Actual Max Startup Time": 0.024, "Actual Min Total Time": 0.024, "Actual Max Total Time": 0.024, "Actual Total Rows": 5, "Index Cond": "(id = mc.company_type_id)", "Rows Removed by Index Recheck": 0, "Filter": "((kind IS NOT NULL) AND (((kind)::text = 'production companies'::text) OR ((kind)::text = 'distributors'::text)))", "Rows Removed by Filter": 0}]}]}, "Triggers": [], "Planner Runtime": 65.028, "Total Runtime": 291.894, "Unique SQL Id": 1682224415}}, "(16, 50)": {"explain_plan": {"Plan": {"Node Type": "Aggregate", "Strategy": "Plain", "Startup Cost": 24581.47, "Total Cost": 24581.48, "Plan Rows": 1, "Plan Width": 123, "Plans": [{"Node Type": "Nested Loop", "Parent Relationship": "Outer", "Join Type": "Inner", "Startup Cost": 5.15, "Total Cost": 24581.45, "Plan Rows": 4, "Plan Width": 59, "Inner Unique": true, "Join Filter": "(mc.company_type_id = ct.id)", "Plans": [{"Node Type": "Nested Loop", "Parent Relationship": "Outer", "Join Type": "Inner", "Startup Cost": 5.15, "Total Cost": 24580.28, "Plan Rows": 4, "Plan Width": 63, "Inner Unique": true, "Plans": [{"Node Type": "Nested Loop", "Parent Relationship": "Outer", "Join Type": "Inner", "Startup Cost": 4.89, "Total Cost": 24558.87, "Plan Rows": 5, "Plan Width": 67, "Inner Unique": false, "Join Filter": "(t.id = mc.movie_id)", "Plans": [{"Node Type": "Nested Loop", "Parent Relationship": "Outer", "Join Type": "Inner", "Startup Cost": 4.63, "Total Cost": 24524.32, "Plan Rows": 8, "Plan Width": 71, "Inner Unique": false, "Join Filter": "(mi.info_type_id = it1.id)", "Plans": [{"Node Type": "Seq Scan", "Parent Relationship": "Outer", "Relation Name": "info_type", "Alias": "it1", "Startup Cost": 0.0, "Total Cost": 2.4, "Plan Rows": 1, "Plan Width": 4, "Filter": "((info)::text = 'budget'::text)"}, {"Node Type": "Nested Loop", "Parent Relationship": "Inner", "Join Type": "Inner", "Startup Cost": 4.63, "Total Cost": 24501.18, "Plan Rows": 1659, "Plan Width": 75, "Inner Unique": false, "Join Filter": "(t.id = mi.movie_id)", "Plans": [{"Node Type": "Nested Loop", "Parent Relationship": "Outer", "Join Type": "Inner", "Startup Cost": 4.17, "Total Cost": 23077.28, "Plan Rows": 311, "Plan Width": 25, "Inner Unique": false, "Join Filter": "(mi_idx.info_type_id = it2.id)", "Plans": [{"Node Type": "Seq Scan", "Parent Relationship": "Outer", "Relation Name": "info_type", "Alias": "it2", "Startup Cost": 0.0, "Total Cost": 2.4, "Plan Rows": 1, "Plan Width": 4, "Filter": "((info)::text = 'bottom 10 rank'::text)"}, {"Node Type": "Materialize", "Parent Relationship": "Inner", "Startup Cost": 4.17, "Total Cost": 23070.92, "Plan Rows": 396, "Plan Width": 29, "Plans": [{"Node Type": "Nested Loop", "Parent Relationship": "Outer", "Join Type": "Inner", "Startup Cost": 4.17, "Total Cost": 23069.93, "Plan Rows": 396, "Plan Width": 29, "Inner Unique": false, "Plans": [{"Node Type": "Streaming(type: LOCAL GATHER dop: 1/16)", "Parent Relationship": "Outer", "Startup Cost": 0.0, "Total Cost": 19945.03, "Plan Rows": 258, "Plan Width": 21, "Plans": [{"Node Type": "Seq Scan", "Parent Relationship": "Outer", "Relation Name": "title", "Alias": "t", "Startup Cost": 0.0, "Total Cost": 19939.47, "Plan Rows": 258, "Plan Width": 21, "Filter": "((production_year > 2000) AND (((title)::text ~~ 'Birdemic%'::text) OR ((title)::text ~~ '%Movie%'::text)))"}]}, {"Node Type": "Bitmap Heap Scan", "Parent Relationship": "Inner", "Relation Name": "movie_info_idx", "Alias": "mi_idx", "Startup Cost": 4.17, "Total Cost": 12.09, "Plan Rows": 2, "Plan Width": 8, "Recheck Cond": "(movie_id = t.id)", "Plans": [{"Node Type": "Bitmap Index Scan", "Parent Relationship": "Outer", "Index Name": "movie_id_movie_info_idx", "Startup Cost": 0.0, "Total Cost": 4.17, "Plan Rows": 2, "Plan Width": 0, "Index Cond": "(movie_id = t.id)"}]}]}]}]}, {"Node Type": "Bitmap Heap Scan", "Parent Relationship": "Inner", "Relation Name": "movie_info", "Alias": "mi", "Startup Cost": 0.45, "Total Cost": 4.52, "Plan Rows": 5, "Plan Width": 50, "Recheck Cond": "(movie_id = mi_idx.movie_id)", "Plans": [{"Node Type": "Bitmap Index Scan", "Parent Relationship": "Outer", "Index Name": "movie_id_movie_info", "Startup Cost": 0.0, "Total Cost": 0.45, "Plan Rows": 5, "Plan Width": 0, "Index Cond": "(movie_id = mi_idx.movie_id)"}]}]}]}, {"Node Type": "Bitmap Heap Scan", "Parent Relationship": "Inner", "Relation Name": "movie_companies", "Alias": "mc", "Startup Cost": 0.27, "Total Cost": 4.29, "Plan Rows": 2, "Plan Width": 12, "Recheck Cond": "(movie_id = mi.movie_id)", "Plans": [{"Node Type": "Bitmap Index Scan", "Parent Relationship": "Outer", "Index Name": "movie_id_movie_companies", "Startup Cost": 0.0, "Total Cost": 0.27, "Plan Rows": 2, "Plan Width": 0, "Index Cond": "(movie_id = mi.movie_id)"}]}]}, {"Node Type": "Bitmap Heap Scan", "Parent Relationship": "Inner", "Relation Name": "company_name", "Alias": "cn", "Startup Cost": 0.26, "Total Cost": 4.27, "Plan Rows": 1, "Plan Width": 4, "Recheck Cond": "(id = mc.company_id)", "Filter": "((country_code)::text = '[us]'::text)", "Plans": [{"Node Type": "Bitmap Index Scan", "Parent Relationship": "Outer", "Index Name": "company_name_pkey", "Startup Cost": 0.0, "Total Cost": 0.26, "Plan Rows": 1, "Plan Width": 0, "Index Cond": "(id = mc.company_id)"}]}]}, {"Node Type": "Materialize", "Parent Relationship": "Inner", "Startup Cost": 0.0, "Total Cost": 1.05, "Plan Rows": 2, "Plan Width": 4, "Plans": [{"Node Type": "Seq Scan", "Parent Relationship": "Outer", "Relation Name": "company_type", "Alias": "ct", "Startup Cost": 0.0, "Total Cost": 1.04, "Plan Rows": 2, "Plan Width": 4, "Filter": "((kind IS NOT NULL) AND (((kind)::text = 'production companies'::text) OR ((kind)::text = 'distributors'::text)))"}]}]}]}, "Unique SQL Id": 1682224415}, "explain_analyze_plan": {"Plan": {"Node Type": "Aggregate", "Strategy": "Plain", "Startup Cost": 24581.47, "Total Cost": 24581.48, "Plan Rows": 1, "Plan Width": 123, "Actual Min Startup Time": 105.759, "Actual Max Startup Time": 105.759, "Actual Min Total Time": 105.76, "Actual Max Total Time": 105.76, "Actual Total Rows": 1, "Plans": [{"Node Type": "Nested Loop", "Parent Relationship": "Outer", "Join Type": "Inner", "Startup Cost": 5.15, "Total Cost": 24581.45, "Plan Rows": 4, "Plan Width": 59, "Actual Min Startup Time": 104.716, "Actual Max Startup Time": 104.716, "Actual Min Total Time": 105.731, "Actual Max Total Time": 105.731, "Actual Total Rows": 5, "Inner Unique": true, "Join Filter": "(mc.company_type_id = ct.id)", "Rows Removed by Join Filter": 5, "Plans": [{"Node Type": "Nested Loop", "Parent Relationship": "Outer", "Join Type": "Inner", "Startup Cost": 5.15, "Total Cost": 24580.28, "Plan Rows": 4, "Plan Width": 63, "Actual Min Startup Time": 104.557, "Actual Max Startup Time": 104.557, "Actual Min Total Time": 105.696, "Actual Max Total Time": 105.696, "Actual Total Rows": 10, "Inner Unique": true, "Plans": [{"Node Type": "Nested Loop", "Parent Relationship": "Outer", "Join Type": "Inner", "Startup Cost": 4.89, "Total Cost": 24558.87, "Plan Rows": 5, "Plan Width": 67, "Actual Min Startup Time": 104.46, "Actual Max Startup Time": 104.46, "Actual Min Total Time": 105.437, "Actual Max Total Time": 105.437, "Actual Total Rows": 33, "Inner Unique": false, "Join Filter": "(t.id = mc.movie_id)", "Rows Removed by Join Filter": 0, "Plans": [{"Node Type": "Nested Loop", "Parent Relationship": "Outer", "Join Type": "Inner", "Startup Cost": 4.63, "Total Cost": 24524.32, "Plan Rows": 8, "Plan Width": 71, "Actual Min Startup Time": 104.414, "Actual Max Startup Time": 104.414, "Actual Min Total Time": 105.351, "Actual Max Total Time": 105.351, "Actual Total Rows": 2, "Inner Unique": false, "Join Filter": "(mi.info_type_id = it1.id)", "Rows Removed by Join Filter": 219, "Plans": [{"Node Type": "Seq Scan", "Parent Relationship": "Outer", "Relation Name": "info_type", "Alias": "it1", "Startup Cost": 0.0, "Total Cost": 2.4, "Plan Rows": 1, "Plan Width": 4, "Actual Min Startup Time": 0.084, "Actual Max Startup Time": 0.084, "Actual Min Total Time": 0.093, "Actual Max Total Time": 0.093, "Actual Total Rows": 1, "Filter": "((info)::text = 'budget'::text)", "Rows Removed by Filter": 111}, {"Node Type": "Nested Loop", "Parent Relationship": "Inner", "Join Type": "Inner", "Startup Cost": 4.63, "Total Cost": 24501.18, "Plan Rows": 1659, "Plan Width": 75, "Actual Min Startup Time": 104.184, "Actual Max Startup Time": 104.184, "Actual Min Total Time": 105.162, "Actual Max Total Time": 105.162, "Actual Total Rows": 221, "Inner Unique": false, "Join Filter": "(t.id = mi.movie_id)", "Rows Removed by Join Filter": 0, "Plans": [{"Node Type": "Nested Loop", "Parent Relationship": "Outer", "Join Type": "Inner", "Startup Cost": 4.17, "Total Cost": 23077.28, "Plan Rows": 311, "Plan Width": 25, "Actual Min Startup Time": 104.135, "Actual Max Startup Time": 104.135, "Actual Min Total Time": 104.876, "Actual Max Total Time": 104.876, "Actual Total Rows": 2, "Inner Unique": false, "Join Filter": "(mi_idx.info_type_id = it2.id)", "Rows Removed by Join Filter": 2643, "Plans": [{"Node Type": "Seq Scan", "Parent Relationship": "Outer", "Relation Name": "info_type", "Alias": "it2", "Startup Cost": 0.0, "Total Cost": 2.4, "Plan Rows": 1, "Plan Width": 4, "Actual Min Startup Time": 0.074, "Actual Max Startup Time": 0.074, "Actual Min Total Time": 0.078, "Actual Max Total Time": 0.078, "Actual Total Rows": 1, "Filter": "((info)::text = 'bottom 10 rank'::text)", "Rows Removed by Filter": 111}, {"Node Type": "Materialize", "Parent Relationship": "Inner", "Startup Cost": 4.17, "Total Cost": 23070.92, "Plan Rows": 396, "Plan Width": 29, "Actual Min Startup Time": 103.932, "Actual Max Startup Time": 103.932, "Actual Min Total Time": 104.249, "Actual Max Total Time": 104.249, "Actual Total Rows": 2646, "Plans": [{"Node Type": "Nested Loop", "Parent Relationship": "Outer", "Join Type": "Inner", "Startup Cost": 4.17, "Total Cost": 23069.93, "Plan Rows": 396, "Plan Width": 29, "Actual Min Startup Time": 77.399, "Actual Max Startup Time": 77.399, "Actual Min Total Time": 103.094, "Actual Max Total Time": 103.094, "Actual Total Rows": 2645, "Inner Unique": false, "Plans": [{"Node Type": "Streaming(type: LOCAL GATHER dop: 1/16)", "Parent Relationship": "Outer", "Startup Cost": 0.0, "Total Cost": 19945.03, "Plan Rows": 258, "Plan Width": 21, "Actual Min Startup Time": 77.296, "Actual Max Startup Time": 77.296, "Actual Min Total Time": 88.217, "Actual Max Total Time": 88.217, "Actual Total Rows": 2536, "Plans": [{"Node Type": "Seq Scan", "Parent Relationship": "Outer", "Relation Name": "title", "Alias": "t", "Startup Cost": 0.0, "Total Cost": 19939.47, "Plan Rows": 258, "Plan Width": 21, "Actual Min Startup Time": 0.037, "Actual Max Startup Time": 5.358, "Actual Min Total Time": 79.922, "Actual Max Total Time": 84.145, "Actual Total Rows": 2536, "Filter": "((production_year > 2000) AND (((title)::text ~~ 'Birdemic%'::text) OR ((title)::text ~~ '%Movie%'::text)))", "Rows Removed by Filter": 2525775}]}, {"Node Type": "Bitmap Heap Scan", "Parent Relationship": "Inner", "Relation Name": "movie_info_idx", "Alias": "mi_idx", "Startup Cost": 4.17, "Total Cost": 12.09, "Plan Rows": 2, "Plan Width": 8, "Actual Min Startup Time": 11.145, "Actual Max Startup Time": 11.145, "Actual Min Total Time": 11.529, "Actual Max Total Time": 11.529, "Actual Total Rows": 2645, "Recheck Cond": "(movie_id = t.id)", "Rows Removed by Index Recheck": 0, "Exact Heap Blocks": 890, "Lossy Heap Blocks": 890, "Plans": [{"Node Type": "Bitmap Index Scan", "Parent Relationship": "Outer", "Index Name": "movie_id_movie_info_idx", "Startup Cost": 0.0, "Total Cost": 4.17, "Plan Rows": 2, "Plan Width": 0, "Actual Min Startup Time": 8.237, "Actual Max Startup Time": 8.237, "Actual Min Total Time": 8.237, "Actual Max Total Time": 8.237, "Actual Total Rows": 2645, "Index Cond": "(movie_id = t.id)"}]}]}]}]}, {"Node Type": "Bitmap Heap Scan", "Parent Relationship": "Inner", "Relation Name": "movie_info", "Alias": "mi", "Startup Cost": 0.45, "Total Cost": 4.52, "Plan Rows": 5, "Plan Width": 50, "Actual Min Startup Time": 0.062, "Actual Max Startup Time": 0.062, "Actual Min Total Time": 0.195, "Actual Max Total Time": 0.195, "Actual Total Rows": 221, "Recheck Cond": "(movie_id = mi_idx.movie_id)", "Rows Removed by Index Recheck": 0, "Exact Heap Blocks": 40, "Lossy Heap Blocks": 40, "Plans": [{"Node Type": "Bitmap Index Scan", "Parent Relationship": "Outer", "Index Name": "movie_id_movie_info", "Startup Cost": 0.0, "Total Cost": 0.45, "Plan Rows": 5, "Plan Width": 0, "Actual Min Startup Time": 0.044, "Actual Max Startup Time": 0.044, "Actual Min Total Time": 0.044, "Actual Max Total Time": 0.044, "Actual Total Rows": 221, "Index Cond": "(movie_id = mi_idx.movie_id)"}]}]}]}, {"Node Type": "Bitmap Heap Scan", "Parent Relationship": "Inner", "Relation Name": "movie_companies", "Alias": "mc", "Startup Cost": 0.27, "Total Cost": 4.29, "Plan Rows": 2, "Plan Width": 12, "Actual Min Startup Time": 0.05, "Actual Max Startup Time": 0.05, "Actual Min Total Time": 0.061, "Actual Max Total Time": 0.061, "Actual Total Rows": 33, "Recheck Cond": "(movie_id = mi.movie_id)", "Rows Removed by Index Recheck": 0, "Exact Heap Blocks": 4, "Lossy Heap Blocks": 4, "Plans": [{"Node Type": "Bitmap Index Scan", "Parent Relationship": "Outer", "Index Name": "movie_id_movie_companies", "Startup Cost": 0.0, "Total Cost": 0.27, "Plan Rows": 2, "Plan Width": 0, "Actual Min Startup Time": 0.02, "Actual Max Startup Time": 0.02, "Actual Min Total Time": 0.02, "Actual Max Total Time": 0.02, "Actual Total Rows": 33, "Index Cond": "(movie_id = mi.movie_id)"}]}]}, {"Node Type": "Bitmap Heap Scan", "Parent Relationship": "Inner", "Relation Name": "company_name", "Alias": "cn", "Startup Cost": 0.26, "Total Cost": 4.27, "Plan Rows": 1, "Plan Width": 4, "Actual Min Startup Time": 0.217, "Actual Max Startup Time": 0.217, "Actual Min Total Time": 0.217, "Actual Max Total Time": 0.217, "Actual Total Rows": 10, "Recheck Cond": "(id = mc.company_id)", "Rows Removed by Index Recheck": 0, "Filter": "((country_code)::text = '[us]'::text)", "Rows Removed by Filter": 23, "Exact Heap Blocks": 33, "Lossy Heap Blocks": 33, "Plans": [{"Node Type": "Bitmap Index Scan", "Parent Relationship": "Outer", "Index Name": "company_name_pkey", "Startup Cost": 0.0, "Total Cost": 0.26, "Plan Rows": 1, "Plan Width": 0, "Actual Min Startup Time": 0.117, "Actual Max Startup Time": 0.117, "Actual Min Total Time": 0.117, "Actual Max Total Time": 0.117, "Actual Total Rows": 33, "Index Cond": "(id = mc.company_id)"}]}]}, {"Node Type": "Materialize", "Parent Relationship": "Inner", "Startup Cost": 0.0, "Total Cost": 1.05, "Plan Rows": 2, "Plan Width": 4, "Actual Min Startup Time": 0.02, "Actual Max Startup Time": 0.02, "Actual Min Total Time": 0.025, "Actual Max Total Time": 0.025, "Actual Total Rows": 10, "Plans": [{"Node Type": "Seq Scan", "Parent Relationship": "Outer", "Relation Name": "company_type", "Alias": "ct", "Startup Cost": 0.0, "Total Cost": 1.04, "Plan Rows": 2, "Plan Width": 4, "Actual Min Startup Time": 0.011, "Actual Max Startup Time": 0.011, "Actual Min Total Time": 0.016, "Actual Max Total Time": 0.016, "Actual Total Rows": 1, "Filter": "((kind IS NOT NULL) AND (((kind)::text = 'production companies'::text) OR ((kind)::text = 'distributors'::text)))", "Rows Removed by Filter": 2}]}]}]}, "Triggers": [], "Planner Runtime": 47.479, "Total Runtime": 108.532, "Unique SQL Id": 1682224415}}, "(16, 51)": {"explain_plan": {"Plan": {"Node Type": "Aggregate", "Strategy": "Plain", "Startup Cost": 134834.77, "Total Cost": 134834.78, "Plan Rows": 1, "Plan Width": 123, "Plans": [{"Node Type": "Nested Loop", "Parent Relationship": "Outer", "Join Type": "Inner", "Startup Cost": 49668.32, "Total Cost": 134834.75, "Plan Rows": 4, "Plan Width": 59, "Inner Unique": true, "Plans": [{"Node Type": "Nested Loop", "Parent Relationship": "Outer", "Join Type": "Inner", "Startup Cost": 49668.06, "Total Cost": 134817.61, "Plan Rows": 4, "Plan Width": 63, "Inner Unique": true, "Plans": [{"Node Type": "Nested Loop", "Parent Relationship": "Outer", "Join Type": "Inner", "Startup Cost": 49667.8, "Total Cost": 134796.19, "Plan Rows": 5, "Plan Width": 67, "Inner Unique": true, "Plans": [{"Node Type": "Nested Loop", "Parent Relationship": "Outer", "Join Type": "Inner", "Startup Cost": 49667.54, "Total Cost": 134517.81, "Plan Rows": 65, "Plan Width": 71, "Inner Unique": false, "Join Filter": "(t.id = mi_idx.movie_id)", "Plans": [{"Node Type": "Nested Loop", "Parent Relationship": "Outer", "Join Type": "Inner", "Startup Cost": 49667.27, "Total Cost": 134336.51, "Plan Rows": 42, "Plan Width": 79, "Inner Unique": false, "Join Filter": "(mi.info_type_id = it1.id)", "Plans": [{"Node Type": "Bitmap Heap Scan", "Parent Relationship": "Outer", "Relation Name": "info_type", "Alias": "it1", "Startup Cost": 8.81, "Total Cost": 14.21, "Plan Rows": 1, "Plan Width": 4, "Filter": "((info)::text = 'budget'::text)", "Plans": [{"Node Type": "Bitmap Index Scan", "Parent Relationship": "Outer", "Index Name": "info_type_pkey", "Startup Cost": 0.0, "Total Cost": 8.81, "Plan Rows": 112, "Plan Width": 0}]}, {"Node Type": "Nested Loop", "Parent Relationship": "Inner", "Join Type": "Inner", "Startup Cost": 49658.46, "Total Cost": 134284.94, "Plan Rows": 2989, "Plan Width": 83, "Inner Unique": false, "Join Filter": "(t.id = mi.movie_id)", "Plans": [{"Node Type": "Nested Loop", "Parent Relationship": "Outer", "Join Type": "Inner", "Startup Cost": 49658.09, "Total Cost": 131831.96, "Plan Rows": 545, "Plan Width": 33, "Inner Unique": false, "Plans": [{"Node Type": "Bitmap Heap Scan", "Parent Relationship": "Outer", "Relation Name": "title", "Alias": "t", "Startup Cost": 49653.87, "Total Cost": 128685.31, "Plan Rows": 258, "Plan Width": 21, "Filter": "((production_year > 2000) AND (((title)::text ~~ 'Birdemic%'::text) OR ((title)::text ~~ '%Movie%'::text)))", "Plans": [{"Node Type": "Bitmap Index Scan", "Parent Relationship": "Outer", "Index Name": "title_pkey", "Startup Cost": 0.0, "Total Cost": 49653.81, "Plan Rows": 2528311, "Plan Width": 0}]}, {"Node Type": "Bitmap Heap Scan", "Parent Relationship": "Inner", "Relation Name": "movie_companies", "Alias": "mc", "Startup Cost": 4.22, "Total Cost": 12.18, "Plan Rows": 2, "Plan Width": 12, "Recheck Cond": "(movie_id = t.id)", "Plans": [{"Node Type": "Bitmap Index Scan", "Parent Relationship": "Outer", "Index Name": "movie_id_movie_companies", "Startup Cost": 0.0, "Total Cost": 4.22, "Plan Rows": 2, "Plan Width": 0, "Index Cond": "(movie_id = t.id)"}]}]}, {"Node Type": "Bitmap Heap Scan", "Parent Relationship": "Inner", "Relation Name": "movie_info", "Alias": "mi", "Startup Cost": 0.38, "Total Cost": 4.44, "Plan Rows": 5, "Plan Width": 50, "Recheck Cond": "(movie_id = mc.movie_id)", "Plans": [{"Node Type": "Bitmap Index Scan", "Parent Relationship": "Outer", "Index Name": "movie_id_movie_info", "Startup Cost": 0.0, "Total Cost": 0.37, "Plan Rows": 5, "Plan Width": 0, "Index Cond": "(movie_id = mc.movie_id)"}]}]}]}, {"Node Type": "Bitmap Heap Scan", "Parent Relationship": "Inner", "Relation Name": "movie_info_idx", "Alias": "mi_idx", "Startup Cost": 0.27, "Total Cost": 4.29, "Plan Rows": 2, "Plan Width": 8, "Recheck Cond": "(movie_id = mi.movie_id)", "Plans": [{"Node Type": "Bitmap Index Scan", "Parent Relationship": "Outer", "Index Name": "movie_id_movie_info_idx", "Startup Cost": 0.0, "Total Cost": 0.27, "Plan Rows": 2, "Plan Width": 0, "Index Cond": "(movie_id = mi.movie_id)"}]}]}, {"Node Type": "Bitmap Heap Scan", "Parent Relationship": "Inner", "Relation Name": "info_type", "Alias": "it2", "Startup Cost": 0.26, "Total Cost": 4.27, "Plan Rows": 1, "Plan Width": 4, "Recheck Cond": "(id = mi_idx.info_type_id)", "Filter": "((info)::text = 'bottom 10 rank'::text)", "Plans": [{"Node Type": "Bitmap Index Scan", "Parent Relationship": "Outer", "Index Name": "info_type_pkey", "Startup Cost": 0.0, "Total Cost": 0.26, "Plan Rows": 1, "Plan Width": 0, "Index Cond": "(id = mi_idx.info_type_id)"}]}]}, {"Node Type": "Bitmap Heap Scan", "Parent Relationship": "Inner", "Relation Name": "company_name", "Alias": "cn", "Startup Cost": 0.26, "Total Cost": 4.27, "Plan Rows": 1, "Plan Width": 4, "Recheck Cond": "(id = mc.company_id)", "Filter": "((country_code)::text = '[us]'::text)", "Plans": [{"Node Type": "Bitmap Index Scan", "Parent Relationship": "Outer", "Index Name": "company_name_pkey", "Startup Cost": 0.0, "Total Cost": 0.26, "Plan Rows": 1, "Plan Width": 0, "Index Cond": "(id = mc.company_id)"}]}]}, {"Node Type": "Bitmap Heap Scan", "Parent Relationship": "Inner", "Relation Name": "company_type", "Alias": "ct", "Startup Cost": 0.26, "Total Cost": 4.28, "Plan Rows": 1, "Plan Width": 4, "Recheck Cond": "(id = mc.company_type_id)", "Filter": "((kind IS NOT NULL) AND (((kind)::text = 'production companies'::text) OR ((kind)::text = 'distributors'::text)))", "Plans": [{"Node Type": "Bitmap Index Scan", "Parent Relationship": "Outer", "Index Name": "company_type_pkey", "Startup Cost": 0.0, "Total Cost": 0.26, "Plan Rows": 1, "Plan Width": 0, "Index Cond": "(id = mc.company_type_id)"}]}]}]}, "Unique SQL Id": 1682224415}, "explain_analyze_plan": null}, "(16, 52)": {"explain_plan": {"Plan": {"Node Type": "Aggregate", "Strategy": "Plain", "Startup Cost": 22345.75, "Total Cost": 22345.76, "Plan Rows": 1, "Plan Width": 123, "Plans": [{"Node Type": "Nested Loop", "Parent Relationship": "Outer", "Join Type": "Inner", "Startup Cost": 0.0, "Total Cost": 22345.73, "Plan Rows": 4, "Plan Width": 59, "Inner Unique": true, "Plans": [{"Node Type": "Nested Loop", "Parent Relationship": "Outer", "Join Type": "Inner", "Startup Cost": 0.0, "Total Cost": 22344.59, "Plan Rows": 4, "Plan Width": 63, "Inner Unique": true, "Plans": [{"Node Type": "Nested Loop", "Parent Relationship": "Outer", "Join Type": "Inner", "Startup Cost": 0.0, "Total Cost": 22343.15, "Plan Rows": 5, "Plan Width": 67, "Inner Unique": false, "Join Filter": "(mi.info_type_id = it1.id)", "Plans": [{"Node Type": "Seq Scan", "Parent Relationship": "Outer", "Relation Name": "info_type", "Alias": "it1", "Startup Cost": 0.0, "Total Cost": 2.4, "Plan Rows": 1, "Plan Width": 4, "Filter": "((info)::text = 'budget'::text)"}, {"Node Type": "Nested Loop", "Parent Relationship": "Inner", "Join Type": "Inner", "Startup Cost": 0.0, "Total Cost": 22326.73, "Plan Rows": 1122, "Plan Width": 71, "Inner Unique": false, "Join Filter": "(t.id = mi.movie_id)", "Plans": [{"Node Type": "Nested Loop", "Parent Relationship": "Outer", "Join Type": "Inner", "Startup Cost": 0.0, "Total Cost": 22174.07, "Plan Rows": 210, "Plan Width": 37, "Inner Unique": false, "Join Filter": "(t.id = mc.movie_id)", "Plans": [{"Node Type": "Nested Loop", "Parent Relationship": "Outer", "Join Type": "Inner", "Startup Cost": 0.0, "Total Cost": 22053.3, "Plan Rows": 311, "Plan Width": 25, "Inner Unique": false, "Join Filter": "(mi_idx.info_type_id = it2.id)", "Plans": [{"Node Type": "Seq Scan", "Parent Relationship": "Outer", "Relation Name": "info_type", "Alias": "it2", "Startup Cost": 0.0, "Total Cost": 2.4, "Plan Rows": 1, "Plan Width": 4, "Filter": "((info)::text = 'bottom 10 rank'::text)"}, {"Node Type": "Materialize", "Parent Relationship": "Inner", "Startup Cost": 0.0, "Total Cost": 22046.94, "Plan Rows": 396, "Plan Width": 29, "Plans": [{"Node Type": "Nested Loop", "Parent Relationship": "Outer", "Join Type": "Inner", "Startup Cost": 0.0, "Total Cost": 22045.95, "Plan Rows": 396, "Plan Width": 29, "Inner Unique": false, "Plans": [{"Node Type": "Streaming(type: LOCAL GATHER dop: 1/16)", "Parent Relationship": "Outer", "Startup Cost": 0.0, "Total Cost": 19945.03, "Plan Rows": 258, "Plan Width": 21, "Plans": [{"Node Type": "Seq Scan", "Parent Relationship": "Outer", "Relation Name": "title", "Alias": "t", "Startup Cost": 0.0, "Total Cost": 19939.47, "Plan Rows": 258, "Plan Width": 21, "Filter": "((production_year > 2000) AND (((title)::text ~~ 'Birdemic%'::text) OR ((title)::text ~~ '%Movie%'::text)))"}]}, {"Node Type": "Index Scan", "Parent Relationship": "Inner", "Scan Direction": "Forward", "Index Name": "movie_id_movie_info_idx", "Relation Name": "movie_info_idx", "Alias": "mi_idx", "Startup Cost": 0.0, "Total Cost": 8.12, "Plan Rows": 2, "Plan Width": 8, "Index Cond": "(movie_id = t.id)"}]}]}]}, {"Node Type": "Index Scan", "Parent Relationship": "Inner", "Scan Direction": "Forward", "Index Name": "movie_id_movie_companies", "Relation Name": "movie_companies", "Alias": "mc", "Startup Cost": 0.0, "Total Cost": 0.36, "Plan Rows": 2, "Plan Width": 12, "Index Cond": "(movie_id = mi_idx.movie_id)"}]}, {"Node Type": "Index Scan", "Parent Relationship": "Inner", "Scan Direction": "Forward", "Index Name": "movie_id_movie_info", "Relation Name": "movie_info", "Alias": "mi", "Startup Cost": 0.0, "Total Cost": 0.66, "Plan Rows": 5, "Plan Width": 50, "Index Cond": "(movie_id = mc.movie_id)"}]}]}, {"Node Type": "Index Scan", "Parent Relationship": "Inner", "Scan Direction": "Forward", "Index Name": "company_name_pkey", "Relation Name": "company_name", "Alias": "cn", "Startup Cost": 0.0, "Total Cost": 0.28, "Plan Rows": 1, "Plan Width": 4, "Index Cond": "(id = mc.company_id)", "Filter": "((country_code)::text = '[us]'::text)"}]}, {"Node Type": "Index Scan", "Parent Relationship": "Inner", "Scan Direction": "Forward", "Index Name": "company_type_pkey", "Relation Name": "company_type", "Alias": "ct", "Startup Cost": 0.0, "Total Cost": 0.28, "Plan Rows": 1, "Plan Width": 4, "Index Cond": "(id = mc.company_type_id)", "Filter": "((kind IS NOT NULL) AND (((kind)::text = 'production companies'::text) OR ((kind)::text = 'distributors'::text)))"}]}]}, "Unique SQL Id": 1682224415}, "explain_analyze_plan": {"Plan": {"Node Type": "Aggregate", "Strategy": "Plain", "Startup Cost": 22345.75, "Total Cost": 22345.76, "Plan Rows": 1, "Plan Width": 123, "Actual Min Startup Time": 109.506, "Actual Max Startup Time": 109.506, "Actual Min Total Time": 109.506, "Actual Max Total Time": 109.506, "Actual Total Rows": 1, "Plans": [{"Node Type": "Nested Loop", "Parent Relationship": "Outer", "Join Type": "Inner", "Startup Cost": 0.0, "Total Cost": 22345.73, "Plan Rows": 4, "Plan Width": 59, "Actual Min Startup Time": 107.8, "Actual Max Startup Time": 107.8, "Actual Min Total Time": 109.47, "Actual Max Total Time": 109.47, "Actual Total Rows": 5, "Inner Unique": true, "Plans": [{"Node Type": "Nested Loop", "Parent Relationship": "Outer", "Join Type": "Inner", "Startup Cost": 0.0, "Total Cost": 22344.59, "Plan Rows": 4, "Plan Width": 63, "Actual Min Startup Time": 104.97, "Actual Max Startup Time": 104.97, "Actual Min Total Time": 109.442, "Actual Max Total Time": 109.442, "Actual Total Rows": 10, "Inner Unique": true, "Plans": [{"Node Type": "Nested Loop", "Parent Relationship": "Outer", "Join Type": "Inner", "Startup Cost": 0.0, "Total Cost": 22343.15, "Plan Rows": 5, "Plan Width": 67, "Actual Min Startup Time": 103.615, "Actual Max Startup Time": 103.615, "Actual Min Total Time": 109.245, "Actual Max Total Time": 109.245, "Actual Total Rows": 33, "Inner Unique": false, "Join Filter": "(mi.info_type_id = it1.id)", "Rows Removed by Join Filter": 4926, "Plans": [{"Node Type": "Seq Scan", "Parent Relationship": "Outer", "Relation Name": "info_type", "Alias": "it1", "Startup Cost": 0.0, "Total Cost": 2.4, "Plan Rows": 1, "Plan Width": 4, "Actual Min Startup Time": 0.084, "Actual Max Startup Time": 0.084, "Actual Min Total Time": 0.092, "Actual Max Total Time": 0.092, "Actual Total Rows": 1, "Filter": "((info)::text = 'budget'::text)", "Rows Removed by Filter": 111}, {"Node Type": "Nested Loop", "Parent Relationship": "Inner", "Join Type": "Inner", "Startup Cost": 0.0, "Total Cost": 22326.73, "Plan Rows": 1122, "Plan Width": 71, "Actual Min Startup Time": 103.384, "Actual Max Startup Time": 103.384, "Actual Min Total Time": 108.147, "Actual Max Total Time": 108.147, "Actual Total Rows": 4959, "Inner Unique": false, "Join Filter": "(t.id = mi.movie_id)", "Rows Removed by Join Filter": 0, "Plans": [{"Node Type": "Nested Loop", "Parent Relationship": "Outer", "Join Type": "Inner", "Startup Cost": 0.0, "Total Cost": 22174.07, "Plan Rows": 210, "Plan Width": 37, "Actual Min Startup Time": 103.354, "Actual Max Startup Time": 103.354, "Actual Min Total Time": 104.141, "Actual Max Total Time": 104.141, "Actual Total Rows": 33, "Inner Unique": false, "Join Filter": "(t.id = mc.movie_id)", "Rows Removed by Join Filter": 0, "Plans": [{"Node Type": "Nested Loop", "Parent Relationship": "Outer", "Join Type": "Inner", "Startup Cost": 0.0, "Total Cost": 22053.3, "Plan Rows": 311, "Plan Width": 25, "Actual Min Startup Time": 103.33, "Actual Max Startup Time": 103.33, "Actual Min Total Time": 104.082, "Actual Max Total Time": 104.082, "Actual Total Rows": 2, "Inner Unique": false, "Join Filter": "(mi_idx.info_type_id = it2.id)", "Rows Removed by Join Filter": 2643, "Plans": [{"Node Type": "Seq Scan", "Parent Relationship": "Outer", "Relation Name": "info_type", "Alias": "it2", "Startup Cost": 0.0, "Total Cost": 2.4, "Plan Rows": 1, "Plan Width": 4, "Actual Min Startup Time": 0.075, "Actual Max Startup Time": 0.075, "Actual Min Total Time": 0.08, "Actual Max Total Time": 0.08, "Actual Total Rows": 1, "Filter": "((info)::text = 'bottom 10 rank'::text)", "Rows Removed by Filter": 111}, {"Node Type": "Materialize", "Parent Relationship": "Inner", "Startup Cost": 0.0, "Total Cost": 22046.94, "Plan Rows": 396, "Plan Width": 29, "Actual Min Startup Time": 103.112, "Actual Max Startup Time": 103.112, "Actual Min Total Time": 103.423, "Actual Max Total Time": 103.423, "Actual Total Rows": 2646, "Plans": [{"Node Type": "Nested Loop", "Parent Relationship": "Outer", "Join Type": "Inner", "Startup Cost": 0.0, "Total Cost": 22045.95, "Plan Rows": 396, "Plan Width": 29, "Actual Min Startup Time": 77.489, "Actual Max Startup Time": 77.489, "Actual Min Total Time": 102.25, "Actual Max Total Time": 102.25, "Actual Total Rows": 2645, "Inner Unique": false, "Plans": [{"Node Type": "Streaming(type: LOCAL GATHER dop: 1/16)", "Parent Relationship": "Outer", "Startup Cost": 0.0, "Total Cost": 19945.03, "Plan Rows": 258, "Plan Width": 21, "Actual Min Startup Time": 77.412, "Actual Max Startup Time": 77.412, "Actual Min Total Time": 90.685, "Actual Max Total Time": 90.685, "Actual Total Rows": 2536, "Plans": [{"Node Type": "Seq Scan", "Parent Relationship": "Outer", "Relation Name": "title", "Alias": "t", "Startup Cost": 0.0, "Total Cost": 19939.47, "Plan Rows": 258, "Plan Width": 21, "Actual Min Startup Time": 0.04, "Actual Max Startup Time": 5.381, "Actual Min Total Time": 79.981, "Actual Max Total Time": 84.188, "Actual Total Rows": 2536, "Filter": "((production_year > 2000) AND (((title)::text ~~ 'Birdemic%'::text) OR ((title)::text ~~ '%Movie%'::text)))", "Rows Removed by Filter": 2525775}]}, {"Node Type": "Index Scan", "Parent Relationship": "Inner", "Scan Direction": "Forward", "Index Name": "movie_id_movie_info_idx", "Relation Name": "movie_info_idx", "Alias": "mi_idx", "Startup Cost": 0.0, "Total Cost": 8.12, "Plan Rows": 2, "Plan Width": 8, "Actual Min Startup Time": 8.8, "Actual Max Startup Time": 8.8, "Actual Min Total Time": 9.763, "Actual Max Total Time": 9.763, "Actual Total Rows": 2645, "Index Cond": "(movie_id = t.id)", "Rows Removed by Index Recheck": 0}]}]}]}, {"Node Type": "Index Scan", "Parent Relationship": "Inner", "Scan Direction": "Forward", "Index Name": "movie_id_movie_companies", "Relation Name": "movie_companies", "Alias": "mc", "Startup Cost": 0.0, "Total Cost": 0.36, "Plan Rows": 2, "Plan Width": 12, "Actual Min Startup Time": 0.024, "Actual Max Startup Time": 0.024, "Actual Min Total Time": 0.04, "Actual Max Total Time": 0.04, "Actual Total Rows": 33, "Index Cond": "(movie_id = mi_idx.movie_id)", "Rows Removed by Index Recheck": 0}]}, {"Node Type": "Index Scan", "Parent Relationship": "Inner", "Scan Direction": "Forward", "Index Name": "movie_id_movie_info", "Relation Name": "movie_info", "Alias": "mi", "Startup Cost": 0.0, "Total Cost": 0.66, "Plan Rows": 5, "Plan Width": 50, "Actual Min Startup Time": 0.491, "Actual Max Startup Time": 0.491, "Actual Min Total Time": 2.431, "Actual Max Total Time": 2.431, "Actual Total Rows": 4959, "Index Cond": "(movie_id = mc.movie_id)", "Rows Removed by Index Recheck": 0}]}]}, {"Node Type": "Index Scan", "Parent Relationship": "Inner", "Scan Direction": "Forward", "Index Name": "company_name_pkey", "Relation Name": "company_name", "Alias": "cn", "Startup Cost": 0.0, "Total Cost": 0.28, "Plan Rows": 1, "Plan Width": 4, "Actual Min Startup Time": 0.171, "Actual Max Startup Time": 0.171, "Actual Min Total Time": 0.171, "Actual Max Total Time": 0.171, "Actual Total Rows": 10, "Index Cond": "(id = mc.company_id)", "Rows Removed by Index Recheck": 0, "Filter": "((country_code)::text = '[us]'::text)", "Rows Removed by Filter": 23}]}, {"Node Type": "Index Scan", "Parent Relationship": "Inner", "Scan Direction": "Forward", "Index Name": "company_type_pkey", "Relation Name": "company_type", "Alias": "ct", "Startup Cost": 0.0, "Total Cost": 0.28, "Plan Rows": 1, "Plan Width": 4, "Actual Min Startup Time": 0.021, "Actual Max Startup Time": 0.021, "Actual Min Total Time": 0.021, "Actual Max Total Time": 0.021, "Actual Total Rows": 5, "Index Cond": "(id = mc.company_type_id)", "Rows Removed by Index Recheck": 0, "Filter": "((kind IS NOT NULL) AND (((kind)::text = 'production companies'::text) OR ((kind)::text = 'distributors'::text)))", "Rows Removed by Filter": 0}]}]}, "Triggers": [], "Planner Runtime": 22.219, "Total Runtime": 112.631, "Unique SQL Id": 1682224415}}, "(16, 53)": {"explain_plan": {"Plan": {"Node Type": "Aggregate", "Strategy": "Plain", "Startup Cost": 105032.63, "Total Cost": 105032.64, "Plan Rows": 1, "Plan Width": 123, "Plans": [{"Node Type": "Nested Loop", "Parent Relationship": "Outer", "Join Type": "Inner", "Startup Cost": 0.0, "Total Cost": 105032.61, "Plan Rows": 4, "Plan Width": 59, "Inner Unique": true, "Plans": [{"Node Type": "Nested Loop", "Parent Relationship": "Outer", "Join Type": "Inner", "Startup Cost": 0.0, "Total Cost": 105031.47, "Plan Rows": 4, "Plan Width": 63, "Inner Unique": true, "Plans": [{"Node Type": "Nested Loop", "Parent Relationship": "Outer", "Join Type": "Inner", "Startup Cost": 0.0, "Total Cost": 105030.03, "Plan Rows": 5, "Plan Width": 67, "Inner Unique": false, "Join Filter": "(mi.info_type_id = it1.id)", "Plans": [{"Node Type": "Index Scan", "Parent Relationship": "Outer", "Scan Direction": "Forward", "Index Name": "info_type_pkey", "Relation Name": "info_type", "Alias": "it1", "Startup Cost": 0.0, "Total Cost": 14.21, "Plan Rows": 1, "Plan Width": 4, "Filter": "((info)::text = 'budget'::text)"}, {"Node Type": "Nested Loop", "Parent Relationship": "Inner", "Join Type": "Inner", "Startup Cost": 0.0, "Total Cost": 105001.79, "Plan Rows": 1122, "Plan Width": 71, "Inner Unique": false, "Join Filter": "(t.id = mi.movie_id)", "Plans": [{"Node Type": "Nested Loop", "Parent Relationship": "Outer", "Join Type": "Inner", "Startup Cost": 0.0, "Total Cost": 104849.13, "Plan Rows": 210, "Plan Width": 37, "Inner Unique": false, "Join Filter": "(t.id = mc.movie_id)", "Plans": [{"Node Type": "Nested Loop", "Parent Relationship": "Outer", "Join Type": "Inner", "Startup Cost": 0.0, "Total Cost": 104728.36, "Plan Rows": 311, "Plan Width": 25, "Inner Unique": false, "Join Filter": "(mi_idx.info_type_id = it2.id)", "Plans": [{"Node Type": "Index Scan", "Parent Relationship": "Outer", "Scan Direction": "Forward", "Index Name": "info_type_pkey", "Relation Name": "info_type", "Alias": "it2", "Startup Cost": 0.0, "Total Cost": 14.21, "Plan Rows": 1, "Plan Width": 4, "Filter": "((info)::text = 'bottom 10 rank'::text)"}, {"Node Type": "Materialize", "Parent Relationship": "Inner", "Startup Cost": 0.0, "Total Cost": 104710.19, "Plan Rows": 396, "Plan Width": 29, "Plans": [{"Node Type": "Nested Loop", "Parent Relationship": "Outer", "Join Type": "Inner", "Startup Cost": 0.0, "Total Cost": 104709.2, "Plan Rows": 396, "Plan Width": 29, "Inner Unique": false, "Plans": [{"Node Type": "Streaming(type: LOCAL GATHER dop: 1/16)", "Parent Relationship": "Outer", "Startup Cost": 0.0, "Total Cost": 102608.29, "Plan Rows": 258, "Plan Width": 21, "Plans": [{"Node Type": "Index Scan", "Parent Relationship": "Outer", "Scan Direction": "Forward", "Index Name": "title_pkey", "Relation Name": "title", "Alias": "t", "Startup Cost": 0.0, "Total Cost": 102602.72, "Plan Rows": 258, "Plan Width": 21, "Filter": "((production_year > 2000) AND (((title)::text ~~ 'Birdemic%'::text) OR ((title)::text ~~ '%Movie%'::text)))"}]}, {"Node Type": "Index Scan", "Parent Relationship": "Inner", "Scan Direction": "Forward", "Index Name": "movie_id_movie_info_idx", "Relation Name": "movie_info_idx", "Alias": "mi_idx", "Startup Cost": 0.0, "Total Cost": 8.12, "Plan Rows": 2, "Plan Width": 8, "Index Cond": "(movie_id = t.id)"}]}]}]}, {"Node Type": "Index Scan", "Parent Relationship": "Inner", "Scan Direction": "Forward", "Index Name": "movie_id_movie_companies", "Relation Name": "movie_companies", "Alias": "mc", "Startup Cost": 0.0, "Total Cost": 0.36, "Plan Rows": 2, "Plan Width": 12, "Index Cond": "(movie_id = mi_idx.movie_id)"}]}, {"Node Type": "Index Scan", "Parent Relationship": "Inner", "Scan Direction": "Forward", "Index Name": "movie_id_movie_info", "Relation Name": "movie_info", "Alias": "mi", "Startup Cost": 0.0, "Total Cost": 0.66, "Plan Rows": 5, "Plan Width": 50, "Index Cond": "(movie_id = mc.movie_id)"}]}]}, {"Node Type": "Index Scan", "Parent Relationship": "Inner", "Scan Direction": "Forward", "Index Name": "company_name_pkey", "Relation Name": "company_name", "Alias": "cn", "Startup Cost": 0.0, "Total Cost": 0.28, "Plan Rows": 1, "Plan Width": 4, "Index Cond": "(id = mc.company_id)", "Filter": "((country_code)::text = '[us]'::text)"}]}, {"Node Type": "Index Scan", "Parent Relationship": "Inner", "Scan Direction": "Forward", "Index Name": "company_type_pkey", "Relation Name": "company_type", "Alias": "ct", "Startup Cost": 0.0, "Total Cost": 0.28, "Plan Rows": 1, "Plan Width": 4, "Index Cond": "(id = mc.company_type_id)", "Filter": "((kind IS NOT NULL) AND (((kind)::text = 'production companies'::text) OR ((kind)::text = 'distributors'::text)))"}]}]}, "Unique SQL Id": 1682224415}, "explain_analyze_plan": {"Plan": {"Node Type": "Aggregate", "Strategy": "Plain", "Startup Cost": 105032.63, "Total Cost": 105032.64, "Plan Rows": 1, "Plan Width": 123, "Actual Min Startup Time": 288.744, "Actual Max Startup Time": 288.744, "Actual Min Total Time": 288.744, "Actual Max Total Time": 288.744, "Actual Total Rows": 1, "Plans": [{"Node Type": "Nested Loop", "Parent Relationship": "Outer", "Join Type": "Inner", "Startup Cost": 0.0, "Total Cost": 105032.61, "Plan Rows": 4, "Plan Width": 59, "Actual Min Startup Time": 287.379, "Actual Max Startup Time": 287.379, "Actual Min Total Time": 288.702, "Actual Max Total Time": 288.702, "Actual Total Rows": 5, "Inner Unique": true, "Plans": [{"Node Type": "Nested Loop", "Parent Relationship": "Outer", "Join Type": "Inner", "Startup Cost": 0.0, "Total Cost": 105031.47, "Plan Rows": 4, "Plan Width": 63, "Actual Min Startup Time": 284.536, "Actual Max Startup Time": 284.536, "Actual Min Total Time": 288.667, "Actual Max Total Time": 288.667, "Actual Total Rows": 10, "Inner Unique": true, "Plans": [{"Node Type": "Nested Loop", "Parent Relationship": "Outer", "Join Type": "Inner", "Startup Cost": 0.0, "Total Cost": 105030.03, "Plan Rows": 5, "Plan Width": 67, "Actual Min Startup Time": 283.152, "Actual Max Startup Time": 283.152, "Actual Min Total Time": 288.453, "Actual Max Total Time": 288.453, "Actual Total Rows": 33, "Inner Unique": false, "Join Filter": "(mi.info_type_id = it1.id)", "Rows Removed by Join Filter": 4926, "Plans": [{"Node Type": "Index Scan", "Parent Relationship": "Outer", "Scan Direction": "Forward", "Index Name": "info_type_pkey", "Relation Name": "info_type", "Alias": "it1", "Startup Cost": 0.0, "Total Cost": 14.21, "Plan Rows": 1, "Plan Width": 4, "Actual Min Startup Time": 0.109, "Actual Max Startup Time": 0.109, "Actual Min Total Time": 0.116, "Actual Max Total Time": 0.116, "Actual Total Rows": 1, "Filter": "((info)::text = 'budget'::text)", "Rows Removed by Filter": 111}, {"Node Type": "Nested Loop", "Parent Relationship": "Inner", "Join Type": "Inner", "Startup Cost": 0.0, "Total Cost": 105001.79, "Plan Rows": 1122, "Plan Width": 71, "Actual Min Startup Time": 282.882, "Actual Max Startup Time": 282.882, "Actual Min Total Time": 287.361, "Actual Max Total Time": 287.361, "Actual Total Rows": 4959, "Inner Unique": false, "Join Filter": "(t.id = mi.movie_id)", "Rows Removed by Join Filter": 0, "Plans": [{"Node Type": "Nested Loop", "Parent Relationship": "Outer", "Join Type": "Inner", "Startup Cost": 0.0, "Total Cost": 104849.13, "Plan Rows": 210, "Plan Width": 37, "Actual Min Startup Time": 282.848, "Actual Max Startup Time": 282.848, "Actual Min Total Time": 283.245, "Actual Max Total Time": 283.245, "Actual Total Rows": 33, "Inner Unique": false, "Join Filter": "(t.id = mc.movie_id)", "Rows Removed by Join Filter": 0, "Plans": [{"Node Type": "Nested Loop", "Parent Relationship": "Outer", "Join Type": "Inner", "Startup Cost": 0.0, "Total Cost": 104728.36, "Plan Rows": 311, "Plan Width": 25, "Actual Min Startup Time": 282.824, "Actual Max Startup Time": 282.824, "Actual Min Total Time": 283.177, "Actual Max Total Time": 283.177, "Actual Total Rows": 2, "Inner Unique": false, "Join Filter": "(mi_idx.info_type_id = it2.id)", "Rows Removed by Join Filter": 2643, "Plans": [{"Node Type": "Index Scan", "Parent Relationship": "Outer", "Scan Direction": "Forward", "Index Name": "info_type_pkey", "Relation Name": "info_type", "Alias": "it2", "Startup Cost": 0.0, "Total Cost": 14.21, "Plan Rows": 1, "Plan Width": 4, "Actual Min Startup Time": 0.08, "Actual Max Startup Time": 0.08, "Actual Min Total Time": 0.08, "Actual Max Total Time": 0.08, "Actual Total Rows": 1, "Filter": "((info)::text = 'bottom 10 rank'::text)", "Rows Removed by Filter": 111}, {"Node Type": "Materialize", "Parent Relationship": "Inner", "Startup Cost": 0.0, "Total Cost": 104710.19, "Plan Rows": 396, "Plan Width": 29, "Actual Min Startup Time": 281.979, "Actual Max Startup Time": 281.979, "Actual Min Total Time": 282.441, "Actual Max Total Time": 282.441, "Actual Total Rows": 2646, "Plans": [{"Node Type": "Nested Loop", "Parent Relationship": "Outer", "Join Type": "Inner", "Startup Cost": 0.0, "Total Cost": 104709.2, "Plan Rows": 396, "Plan Width": 29, "Actual Min Startup Time": 81.307, "Actual Max Startup Time": 81.307, "Actual Min Total Time": 280.904, "Actual Max Total Time": 280.904, "Actual Total Rows": 2645, "Inner Unique": false, "Plans": [{"Node Type": "Streaming(type: LOCAL GATHER dop: 1/16)", "Parent Relationship": "Outer", "Startup Cost": 0.0, "Total Cost": 102608.29, "Plan Rows": 258, "Plan Width": 21, "Actual Min Startup Time": 81.253, "Actual Max Startup Time": 81.253, "Actual Min Total Time": 268.275, "Actual Max Total Time": 268.275, "Actual Total Rows": 2536, "Plans": [{"Node Type": "Index Scan", "Parent Relationship": "Outer", "Scan Direction": "Forward", "Index Name": "title_pkey", "Relation Name": "title", "Alias": "t", "Startup Cost": 0.0, "Total Cost": 102602.72, "Plan Rows": 258, "Plan Width": 21, "Actual Min Startup Time": 9.904, "Actual Max Startup Time": 25.069, "Actual Min Total Time": 238.632, "Actual Max Total Time": 275.078, "Actual Total Rows": 2536, "Filter": "((production_year > 2000) AND (((title)::text ~~ 'Birdemic%'::text) OR ((title)::text ~~ '%Movie%'::text)))", "Rows Removed by Filter": 2525775}]}, {"Node Type": "Index Scan", "Parent Relationship": "Inner", "Scan Direction": "Forward", "Index Name": "movie_id_movie_info_idx", "Relation Name": "movie_info_idx", "Alias": "mi_idx", "Startup Cost": 0.0, "Total Cost": 8.12, "Plan Rows": 2, "Plan Width": 8, "Actual Min Startup Time": 9.535, "Actual Max Startup Time": 9.535, "Actual Min Total Time": 10.518, "Actual Max Total Time": 10.518, "Actual Total Rows": 2645, "Index Cond": "(movie_id = t.id)", "Rows Removed by Index Recheck": 0}]}]}]}, {"Node Type": "Index Scan", "Parent Relationship": "Inner", "Scan Direction": "Forward", "Index Name": "movie_id_movie_companies", "Relation Name": "movie_companies", "Alias": "mc", "Startup Cost": 0.0, "Total Cost": 0.36, "Plan Rows": 2, "Plan Width": 12, "Actual Min Startup Time": 0.027, "Actual Max Startup Time": 0.027, "Actual Min Total Time": 0.048, "Actual Max Total Time": 0.048, "Actual Total Rows": 33, "Index Cond": "(movie_id = mi_idx.movie_id)", "Rows Removed by Index Recheck": 0}]}, {"Node Type": "Index Scan", "Parent Relationship": "Inner", "Scan Direction": "Forward", "Index Name": "movie_id_movie_info", "Relation Name": "movie_info", "Alias": "mi", "Startup Cost": 0.0, "Total Cost": 0.66, "Plan Rows": 5, "Plan Width": 50, "Actual Min Startup Time": 0.503, "Actual Max Startup Time": 0.503, "Actual Min Total Time": 2.531, "Actual Max Total Time": 2.531, "Actual Total Rows": 4959, "Index Cond": "(movie_id = mc.movie_id)", "Rows Removed by Index Recheck": 0}]}]}, {"Node Type": "Index Scan", "Parent Relationship": "Inner", "Scan Direction": "Forward", "Index Name": "company_name_pkey", "Relation Name": "company_name", "Alias": "cn", "Startup Cost": 0.0, "Total Cost": 0.28, "Plan Rows": 1, "Plan Width": 4, "Actual Min Startup Time": 0.191, "Actual Max Startup Time": 0.191, "Actual Min Total Time": 0.191, "Actual Max Total Time": 0.191, "Actual Total Rows": 10, "Index Cond": "(id = mc.company_id)", "Rows Removed by Index Recheck": 0, "Filter": "((country_code)::text = '[us]'::text)", "Rows Removed by Filter": 23}]}, {"Node Type": "Index Scan", "Parent Relationship": "Inner", "Scan Direction": "Forward", "Index Name": "company_type_pkey", "Relation Name": "company_type", "Alias": "ct", "Startup Cost": 0.0, "Total Cost": 0.28, "Plan Rows": 1, "Plan Width": 4, "Actual Min Startup Time": 0.024, "Actual Max Startup Time": 0.024, "Actual Min Total Time": 0.024, "Actual Max Total Time": 0.024, "Actual Total Rows": 5, "Index Cond": "(id = mc.company_type_id)", "Rows Removed by Index Recheck": 0, "Filter": "((kind IS NOT NULL) AND (((kind)::text = 'production companies'::text) OR ((kind)::text = 'distributors'::text)))", "Rows Removed by Filter": 0}]}]}, "Triggers": [], "Planner Runtime": 65.028, "Total Runtime": 291.894, "Unique SQL Id": 1682224415}}, "(16, 54)": {"explain_plan": {"Plan": {"Node Type": "Aggregate", "Strategy": "Plain", "Startup Cost": 24581.47, "Total Cost": 24581.48, "Plan Rows": 1, "Plan Width": 123, "Plans": [{"Node Type": "Nested Loop", "Parent Relationship": "Outer", "Join Type": "Inner", "Startup Cost": 5.15, "Total Cost": 24581.45, "Plan Rows": 4, "Plan Width": 59, "Inner Unique": true, "Join Filter": "(mc.company_type_id = ct.id)", "Plans": [{"Node Type": "Nested Loop", "Parent Relationship": "Outer", "Join Type": "Inner", "Startup Cost": 5.15, "Total Cost": 24580.28, "Plan Rows": 4, "Plan Width": 63, "Inner Unique": true, "Plans": [{"Node Type": "Nested Loop", "Parent Relationship": "Outer", "Join Type": "Inner", "Startup Cost": 4.89, "Total Cost": 24558.87, "Plan Rows": 5, "Plan Width": 67, "Inner Unique": false, "Join Filter": "(t.id = mc.movie_id)", "Plans": [{"Node Type": "Nested Loop", "Parent Relationship": "Outer", "Join Type": "Inner", "Startup Cost": 4.63, "Total Cost": 24524.32, "Plan Rows": 8, "Plan Width": 71, "Inner Unique": false, "Join Filter": "(mi.info_type_id = it1.id)", "Plans": [{"Node Type": "Seq Scan", "Parent Relationship": "Outer", "Relation Name": "info_type", "Alias": "it1", "Startup Cost": 0.0, "Total Cost": 2.4, "Plan Rows": 1, "Plan Width": 4, "Filter": "((info)::text = 'budget'::text)"}, {"Node Type": "Nested Loop", "Parent Relationship": "Inner", "Join Type": "Inner", "Startup Cost": 4.63, "Total Cost": 24501.18, "Plan Rows": 1659, "Plan Width": 75, "Inner Unique": false, "Join Filter": "(t.id = mi.movie_id)", "Plans": [{"Node Type": "Nested Loop", "Parent Relationship": "Outer", "Join Type": "Inner", "Startup Cost": 4.17, "Total Cost": 23077.28, "Plan Rows": 311, "Plan Width": 25, "Inner Unique": false, "Join Filter": "(mi_idx.info_type_id = it2.id)", "Plans": [{"Node Type": "Seq Scan", "Parent Relationship": "Outer", "Relation Name": "info_type", "Alias": "it2", "Startup Cost": 0.0, "Total Cost": 2.4, "Plan Rows": 1, "Plan Width": 4, "Filter": "((info)::text = 'bottom 10 rank'::text)"}, {"Node Type": "Materialize", "Parent Relationship": "Inner", "Startup Cost": 4.17, "Total Cost": 23070.92, "Plan Rows": 396, "Plan Width": 29, "Plans": [{"Node Type": "Nested Loop", "Parent Relationship": "Outer", "Join Type": "Inner", "Startup Cost": 4.17, "Total Cost": 23069.93, "Plan Rows": 396, "Plan Width": 29, "Inner Unique": false, "Plans": [{"Node Type": "Streaming(type: LOCAL GATHER dop: 1/16)", "Parent Relationship": "Outer", "Startup Cost": 0.0, "Total Cost": 19945.03, "Plan Rows": 258, "Plan Width": 21, "Plans": [{"Node Type": "Seq Scan", "Parent Relationship": "Outer", "Relation Name": "title", "Alias": "t", "Startup Cost": 0.0, "Total Cost": 19939.47, "Plan Rows": 258, "Plan Width": 21, "Filter": "((production_year > 2000) AND (((title)::text ~~ 'Birdemic%'::text) OR ((title)::text ~~ '%Movie%'::text)))"}]}, {"Node Type": "Bitmap Heap Scan", "Parent Relationship": "Inner", "Relation Name": "movie_info_idx", "Alias": "mi_idx", "Startup Cost": 4.17, "Total Cost": 12.09, "Plan Rows": 2, "Plan Width": 8, "Recheck Cond": "(movie_id = t.id)", "Plans": [{"Node Type": "Bitmap Index Scan", "Parent Relationship": "Outer", "Index Name": "movie_id_movie_info_idx", "Startup Cost": 0.0, "Total Cost": 4.17, "Plan Rows": 2, "Plan Width": 0, "Index Cond": "(movie_id = t.id)"}]}]}]}]}, {"Node Type": "Bitmap Heap Scan", "Parent Relationship": "Inner", "Relation Name": "movie_info", "Alias": "mi", "Startup Cost": 0.45, "Total Cost": 4.52, "Plan Rows": 5, "Plan Width": 50, "Recheck Cond": "(movie_id = mi_idx.movie_id)", "Plans": [{"Node Type": "Bitmap Index Scan", "Parent Relationship": "Outer", "Index Name": "movie_id_movie_info", "Startup Cost": 0.0, "Total Cost": 0.45, "Plan Rows": 5, "Plan Width": 0, "Index Cond": "(movie_id = mi_idx.movie_id)"}]}]}]}, {"Node Type": "Bitmap Heap Scan", "Parent Relationship": "Inner", "Relation Name": "movie_companies", "Alias": "mc", "Startup Cost": 0.27, "Total Cost": 4.29, "Plan Rows": 2, "Plan Width": 12, "Recheck Cond": "(movie_id = mi.movie_id)", "Plans": [{"Node Type": "Bitmap Index Scan", "Parent Relationship": "Outer", "Index Name": "movie_id_movie_companies", "Startup Cost": 0.0, "Total Cost": 0.27, "Plan Rows": 2, "Plan Width": 0, "Index Cond": "(movie_id = mi.movie_id)"}]}]}, {"Node Type": "Bitmap Heap Scan", "Parent Relationship": "Inner", "Relation Name": "company_name", "Alias": "cn", "Startup Cost": 0.26, "Total Cost": 4.27, "Plan Rows": 1, "Plan Width": 4, "Recheck Cond": "(id = mc.company_id)", "Filter": "((country_code)::text = '[us]'::text)", "Plans": [{"Node Type": "Bitmap Index Scan", "Parent Relationship": "Outer", "Index Name": "company_name_pkey", "Startup Cost": 0.0, "Total Cost": 0.26, "Plan Rows": 1, "Plan Width": 0, "Index Cond": "(id = mc.company_id)"}]}]}, {"Node Type": "Materialize", "Parent Relationship": "Inner", "Startup Cost": 0.0, "Total Cost": 1.05, "Plan Rows": 2, "Plan Width": 4, "Plans": [{"Node Type": "Seq Scan", "Parent Relationship": "Outer", "Relation Name": "company_type", "Alias": "ct", "Startup Cost": 0.0, "Total Cost": 1.04, "Plan Rows": 2, "Plan Width": 4, "Filter": "((kind IS NOT NULL) AND (((kind)::text = 'production companies'::text) OR ((kind)::text = 'distributors'::text)))"}]}]}]}, "Unique SQL Id": 1682224415}, "explain_analyze_plan": {"Plan": {"Node Type": "Aggregate", "Strategy": "Plain", "Startup Cost": 24581.47, "Total Cost": 24581.48, "Plan Rows": 1, "Plan Width": 123, "Actual Min Startup Time": 105.759, "Actual Max Startup Time": 105.759, "Actual Min Total Time": 105.76, "Actual Max Total Time": 105.76, "Actual Total Rows": 1, "Plans": [{"Node Type": "Nested Loop", "Parent Relationship": "Outer", "Join Type": "Inner", "Startup Cost": 5.15, "Total Cost": 24581.45, "Plan Rows": 4, "Plan Width": 59, "Actual Min Startup Time": 104.716, "Actual Max Startup Time": 104.716, "Actual Min Total Time": 105.731, "Actual Max Total Time": 105.731, "Actual Total Rows": 5, "Inner Unique": true, "Join Filter": "(mc.company_type_id = ct.id)", "Rows Removed by Join Filter": 5, "Plans": [{"Node Type": "Nested Loop", "Parent Relationship": "Outer", "Join Type": "Inner", "Startup Cost": 5.15, "Total Cost": 24580.28, "Plan Rows": 4, "Plan Width": 63, "Actual Min Startup Time": 104.557, "Actual Max Startup Time": 104.557, "Actual Min Total Time": 105.696, "Actual Max Total Time": 105.696, "Actual Total Rows": 10, "Inner Unique": true, "Plans": [{"Node Type": "Nested Loop", "Parent Relationship": "Outer", "Join Type": "Inner", "Startup Cost": 4.89, "Total Cost": 24558.87, "Plan Rows": 5, "Plan Width": 67, "Actual Min Startup Time": 104.46, "Actual Max Startup Time": 104.46, "Actual Min Total Time": 105.437, "Actual Max Total Time": 105.437, "Actual Total Rows": 33, "Inner Unique": false, "Join Filter": "(t.id = mc.movie_id)", "Rows Removed by Join Filter": 0, "Plans": [{"Node Type": "Nested Loop", "Parent Relationship": "Outer", "Join Type": "Inner", "Startup Cost": 4.63, "Total Cost": 24524.32, "Plan Rows": 8, "Plan Width": 71, "Actual Min Startup Time": 104.414, "Actual Max Startup Time": 104.414, "Actual Min Total Time": 105.351, "Actual Max Total Time": 105.351, "Actual Total Rows": 2, "Inner Unique": false, "Join Filter": "(mi.info_type_id = it1.id)", "Rows Removed by Join Filter": 219, "Plans": [{"Node Type": "Seq Scan", "Parent Relationship": "Outer", "Relation Name": "info_type", "Alias": "it1", "Startup Cost": 0.0, "Total Cost": 2.4, "Plan Rows": 1, "Plan Width": 4, "Actual Min Startup Time": 0.084, "Actual Max Startup Time": 0.084, "Actual Min Total Time": 0.093, "Actual Max Total Time": 0.093, "Actual Total Rows": 1, "Filter": "((info)::text = 'budget'::text)", "Rows Removed by Filter": 111}, {"Node Type": "Nested Loop", "Parent Relationship": "Inner", "Join Type": "Inner", "Startup Cost": 4.63, "Total Cost": 24501.18, "Plan Rows": 1659, "Plan Width": 75, "Actual Min Startup Time": 104.184, "Actual Max Startup Time": 104.184, "Actual Min Total Time": 105.162, "Actual Max Total Time": 105.162, "Actual Total Rows": 221, "Inner Unique": false, "Join Filter": "(t.id = mi.movie_id)", "Rows Removed by Join Filter": 0, "Plans": [{"Node Type": "Nested Loop", "Parent Relationship": "Outer", "Join Type": "Inner", "Startup Cost": 4.17, "Total Cost": 23077.28, "Plan Rows": 311, "Plan Width": 25, "Actual Min Startup Time": 104.135, "Actual Max Startup Time": 104.135, "Actual Min Total Time": 104.876, "Actual Max Total Time": 104.876, "Actual Total Rows": 2, "Inner Unique": false, "Join Filter": "(mi_idx.info_type_id = it2.id)", "Rows Removed by Join Filter": 2643, "Plans": [{"Node Type": "Seq Scan", "Parent Relationship": "Outer", "Relation Name": "info_type", "Alias": "it2", "Startup Cost": 0.0, "Total Cost": 2.4, "Plan Rows": 1, "Plan Width": 4, "Actual Min Startup Time": 0.074, "Actual Max Startup Time": 0.074, "Actual Min Total Time": 0.078, "Actual Max Total Time": 0.078, "Actual Total Rows": 1, "Filter": "((info)::text = 'bottom 10 rank'::text)", "Rows Removed by Filter": 111}, {"Node Type": "Materialize", "Parent Relationship": "Inner", "Startup Cost": 4.17, "Total Cost": 23070.92, "Plan Rows": 396, "Plan Width": 29, "Actual Min Startup Time": 103.932, "Actual Max Startup Time": 103.932, "Actual Min Total Time": 104.249, "Actual Max Total Time": 104.249, "Actual Total Rows": 2646, "Plans": [{"Node Type": "Nested Loop", "Parent Relationship": "Outer", "Join Type": "Inner", "Startup Cost": 4.17, "Total Cost": 23069.93, "Plan Rows": 396, "Plan Width": 29, "Actual Min Startup Time": 77.399, "Actual Max Startup Time": 77.399, "Actual Min Total Time": 103.094, "Actual Max Total Time": 103.094, "Actual Total Rows": 2645, "Inner Unique": false, "Plans": [{"Node Type": "Streaming(type: LOCAL GATHER dop: 1/16)", "Parent Relationship": "Outer", "Startup Cost": 0.0, "Total Cost": 19945.03, "Plan Rows": 258, "Plan Width": 21, "Actual Min Startup Time": 77.296, "Actual Max Startup Time": 77.296, "Actual Min Total Time": 88.217, "Actual Max Total Time": 88.217, "Actual Total Rows": 2536, "Plans": [{"Node Type": "Seq Scan", "Parent Relationship": "Outer", "Relation Name": "title", "Alias": "t", "Startup Cost": 0.0, "Total Cost": 19939.47, "Plan Rows": 258, "Plan Width": 21, "Actual Min Startup Time": 0.037, "Actual Max Startup Time": 5.358, "Actual Min Total Time": 79.922, "Actual Max Total Time": 84.145, "Actual Total Rows": 2536, "Filter": "((production_year > 2000) AND (((title)::text ~~ 'Birdemic%'::text) OR ((title)::text ~~ '%Movie%'::text)))", "Rows Removed by Filter": 2525775}]}, {"Node Type": "Bitmap Heap Scan", "Parent Relationship": "Inner", "Relation Name": "movie_info_idx", "Alias": "mi_idx", "Startup Cost": 4.17, "Total Cost": 12.09, "Plan Rows": 2, "Plan Width": 8, "Actual Min Startup Time": 11.145, "Actual Max Startup Time": 11.145, "Actual Min Total Time": 11.529, "Actual Max Total Time": 11.529, "Actual Total Rows": 2645, "Recheck Cond": "(movie_id = t.id)", "Rows Removed by Index Recheck": 0, "Exact Heap Blocks": 890, "Lossy Heap Blocks": 890, "Plans": [{"Node Type": "Bitmap Index Scan", "Parent Relationship": "Outer", "Index Name": "movie_id_movie_info_idx", "Startup Cost": 0.0, "Total Cost": 4.17, "Plan Rows": 2, "Plan Width": 0, "Actual Min Startup Time": 8.237, "Actual Max Startup Time": 8.237, "Actual Min Total Time": 8.237, "Actual Max Total Time": 8.237, "Actual Total Rows": 2645, "Index Cond": "(movie_id = t.id)"}]}]}]}]}, {"Node Type": "Bitmap Heap Scan", "Parent Relationship": "Inner", "Relation Name": "movie_info", "Alias": "mi", "Startup Cost": 0.45, "Total Cost": 4.52, "Plan Rows": 5, "Plan Width": 50, "Actual Min Startup Time": 0.062, "Actual Max Startup Time": 0.062, "Actual Min Total Time": 0.195, "Actual Max Total Time": 0.195, "Actual Total Rows": 221, "Recheck Cond": "(movie_id = mi_idx.movie_id)", "Rows Removed by Index Recheck": 0, "Exact Heap Blocks": 40, "Lossy Heap Blocks": 40, "Plans": [{"Node Type": "Bitmap Index Scan", "Parent Relationship": "Outer", "Index Name": "movie_id_movie_info", "Startup Cost": 0.0, "Total Cost": 0.45, "Plan Rows": 5, "Plan Width": 0, "Actual Min Startup Time": 0.044, "Actual Max Startup Time": 0.044, "Actual Min Total Time": 0.044, "Actual Max Total Time": 0.044, "Actual Total Rows": 221, "Index Cond": "(movie_id = mi_idx.movie_id)"}]}]}]}, {"Node Type": "Bitmap Heap Scan", "Parent Relationship": "Inner", "Relation Name": "movie_companies", "Alias": "mc", "Startup Cost": 0.27, "Total Cost": 4.29, "Plan Rows": 2, "Plan Width": 12, "Actual Min Startup Time": 0.05, "Actual Max Startup Time": 0.05, "Actual Min Total Time": 0.061, "Actual Max Total Time": 0.061, "Actual Total Rows": 33, "Recheck Cond": "(movie_id = mi.movie_id)", "Rows Removed by Index Recheck": 0, "Exact Heap Blocks": 4, "Lossy Heap Blocks": 4, "Plans": [{"Node Type": "Bitmap Index Scan", "Parent Relationship": "Outer", "Index Name": "movie_id_movie_companies", "Startup Cost": 0.0, "Total Cost": 0.27, "Plan Rows": 2, "Plan Width": 0, "Actual Min Startup Time": 0.02, "Actual Max Startup Time": 0.02, "Actual Min Total Time": 0.02, "Actual Max Total Time": 0.02, "Actual Total Rows": 33, "Index Cond": "(movie_id = mi.movie_id)"}]}]}, {"Node Type": "Bitmap Heap Scan", "Parent Relationship": "Inner", "Relation Name": "company_name", "Alias": "cn", "Startup Cost": 0.26, "Total Cost": 4.27, "Plan Rows": 1, "Plan Width": 4, "Actual Min Startup Time": 0.217, "Actual Max Startup Time": 0.217, "Actual Min Total Time": 0.217, "Actual Max Total Time": 0.217, "Actual Total Rows": 10, "Recheck Cond": "(id = mc.company_id)", "Rows Removed by Index Recheck": 0, "Filter": "((country_code)::text = '[us]'::text)", "Rows Removed by Filter": 23, "Exact Heap Blocks": 33, "Lossy Heap Blocks": 33, "Plans": [{"Node Type": "Bitmap Index Scan", "Parent Relationship": "Outer", "Index Name": "company_name_pkey", "Startup Cost": 0.0, "Total Cost": 0.26, "Plan Rows": 1, "Plan Width": 0, "Actual Min Startup Time": 0.117, "Actual Max Startup Time": 0.117, "Actual Min Total Time": 0.117, "Actual Max Total Time": 0.117, "Actual Total Rows": 33, "Index Cond": "(id = mc.company_id)"}]}]}, {"Node Type": "Materialize", "Parent Relationship": "Inner", "Startup Cost": 0.0, "Total Cost": 1.05, "Plan Rows": 2, "Plan Width": 4, "Actual Min Startup Time": 0.02, "Actual Max Startup Time": 0.02, "Actual Min Total Time": 0.025, "Actual Max Total Time": 0.025, "Actual Total Rows": 10, "Plans": [{"Node Type": "Seq Scan", "Parent Relationship": "Outer", "Relation Name": "company_type", "Alias": "ct", "Startup Cost": 0.0, "Total Cost": 1.04, "Plan Rows": 2, "Plan Width": 4, "Actual Min Startup Time": 0.011, "Actual Max Startup Time": 0.011, "Actual Min Total Time": 0.016, "Actual Max Total Time": 0.016, "Actual Total Rows": 1, "Filter": "((kind IS NOT NULL) AND (((kind)::text = 'production companies'::text) OR ((kind)::text = 'distributors'::text)))", "Rows Removed by Filter": 2}]}]}]}, "Triggers": [], "Planner Runtime": 47.479, "Total Runtime": 108.532, "Unique SQL Id": 1682224415}}, "(16, 55)": {"explain_plan": {"Plan": {"Node Type": "Aggregate", "Strategy": "Plain", "Startup Cost": 134834.77, "Total Cost": 134834.78, "Plan Rows": 1, "Plan Width": 123, "Plans": [{"Node Type": "Nested Loop", "Parent Relationship": "Outer", "Join Type": "Inner", "Startup Cost": 49668.32, "Total Cost": 134834.75, "Plan Rows": 4, "Plan Width": 59, "Inner Unique": true, "Plans": [{"Node Type": "Nested Loop", "Parent Relationship": "Outer", "Join Type": "Inner", "Startup Cost": 49668.06, "Total Cost": 134817.61, "Plan Rows": 4, "Plan Width": 63, "Inner Unique": true, "Plans": [{"Node Type": "Nested Loop", "Parent Relationship": "Outer", "Join Type": "Inner", "Startup Cost": 49667.8, "Total Cost": 134796.19, "Plan Rows": 5, "Plan Width": 67, "Inner Unique": true, "Plans": [{"Node Type": "Nested Loop", "Parent Relationship": "Outer", "Join Type": "Inner", "Startup Cost": 49667.54, "Total Cost": 134517.81, "Plan Rows": 65, "Plan Width": 71, "Inner Unique": false, "Join Filter": "(t.id = mi_idx.movie_id)", "Plans": [{"Node Type": "Nested Loop", "Parent Relationship": "Outer", "Join Type": "Inner", "Startup Cost": 49667.27, "Total Cost": 134336.51, "Plan Rows": 42, "Plan Width": 79, "Inner Unique": false, "Join Filter": "(mi.info_type_id = it1.id)", "Plans": [{"Node Type": "Bitmap Heap Scan", "Parent Relationship": "Outer", "Relation Name": "info_type", "Alias": "it1", "Startup Cost": 8.81, "Total Cost": 14.21, "Plan Rows": 1, "Plan Width": 4, "Filter": "((info)::text = 'budget'::text)", "Plans": [{"Node Type": "Bitmap Index Scan", "Parent Relationship": "Outer", "Index Name": "info_type_pkey", "Startup Cost": 0.0, "Total Cost": 8.81, "Plan Rows": 112, "Plan Width": 0}]}, {"Node Type": "Nested Loop", "Parent Relationship": "Inner", "Join Type": "Inner", "Startup Cost": 49658.46, "Total Cost": 134284.94, "Plan Rows": 2989, "Plan Width": 83, "Inner Unique": false, "Join Filter": "(t.id = mi.movie_id)", "Plans": [{"Node Type": "Nested Loop", "Parent Relationship": "Outer", "Join Type": "Inner", "Startup Cost": 49658.09, "Total Cost": 131831.96, "Plan Rows": 545, "Plan Width": 33, "Inner Unique": false, "Plans": [{"Node Type": "Bitmap Heap Scan", "Parent Relationship": "Outer", "Relation Name": "title", "Alias": "t", "Startup Cost": 49653.87, "Total Cost": 128685.31, "Plan Rows": 258, "Plan Width": 21, "Filter": "((production_year > 2000) AND (((title)::text ~~ 'Birdemic%'::text) OR ((title)::text ~~ '%Movie%'::text)))", "Plans": [{"Node Type": "Bitmap Index Scan", "Parent Relationship": "Outer", "Index Name": "title_pkey", "Startup Cost": 0.0, "Total Cost": 49653.81, "Plan Rows": 2528311, "Plan Width": 0}]}, {"Node Type": "Bitmap Heap Scan", "Parent Relationship": "Inner", "Relation Name": "movie_companies", "Alias": "mc", "Startup Cost": 4.22, "Total Cost": 12.18, "Plan Rows": 2, "Plan Width": 12, "Recheck Cond": "(movie_id = t.id)", "Plans": [{"Node Type": "Bitmap Index Scan", "Parent Relationship": "Outer", "Index Name": "movie_id_movie_companies", "Startup Cost": 0.0, "Total Cost": 4.22, "Plan Rows": 2, "Plan Width": 0, "Index Cond": "(movie_id = t.id)"}]}]}, {"Node Type": "Bitmap Heap Scan", "Parent Relationship": "Inner", "Relation Name": "movie_info", "Alias": "mi", "Startup Cost": 0.38, "Total Cost": 4.44, "Plan Rows": 5, "Plan Width": 50, "Recheck Cond": "(movie_id = mc.movie_id)", "Plans": [{"Node Type": "Bitmap Index Scan", "Parent Relationship": "Outer", "Index Name": "movie_id_movie_info", "Startup Cost": 0.0, "Total Cost": 0.37, "Plan Rows": 5, "Plan Width": 0, "Index Cond": "(movie_id = mc.movie_id)"}]}]}]}, {"Node Type": "Bitmap Heap Scan", "Parent Relationship": "Inner", "Relation Name": "movie_info_idx", "Alias": "mi_idx", "Startup Cost": 0.27, "Total Cost": 4.29, "Plan Rows": 2, "Plan Width": 8, "Recheck Cond": "(movie_id = mi.movie_id)", "Plans": [{"Node Type": "Bitmap Index Scan", "Parent Relationship": "Outer", "Index Name": "movie_id_movie_info_idx", "Startup Cost": 0.0, "Total Cost": 0.27, "Plan Rows": 2, "Plan Width": 0, "Index Cond": "(movie_id = mi.movie_id)"}]}]}, {"Node Type": "Bitmap Heap Scan", "Parent Relationship": "Inner", "Relation Name": "info_type", "Alias": "it2", "Startup Cost": 0.26, "Total Cost": 4.27, "Plan Rows": 1, "Plan Width": 4, "Recheck Cond": "(id = mi_idx.info_type_id)", "Filter": "((info)::text = 'bottom 10 rank'::text)", "Plans": [{"Node Type": "Bitmap Index Scan", "Parent Relationship": "Outer", "Index Name": "info_type_pkey", "Startup Cost": 0.0, "Total Cost": 0.26, "Plan Rows": 1, "Plan Width": 0, "Index Cond": "(id = mi_idx.info_type_id)"}]}]}, {"Node Type": "Bitmap Heap Scan", "Parent Relationship": "Inner", "Relation Name": "company_name", "Alias": "cn", "Startup Cost": 0.26, "Total Cost": 4.27, "Plan Rows": 1, "Plan Width": 4, "Recheck Cond": "(id = mc.company_id)", "Filter": "((country_code)::text = '[us]'::text)", "Plans": [{"Node Type": "Bitmap Index Scan", "Parent Relationship": "Outer", "Index Name": "company_name_pkey", "Startup Cost": 0.0, "Total Cost": 0.26, "Plan Rows": 1, "Plan Width": 0, "Index Cond": "(id = mc.company_id)"}]}]}, {"Node Type": "Bitmap Heap Scan", "Parent Relationship": "Inner", "Relation Name": "company_type", "Alias": "ct", "Startup Cost": 0.26, "Total Cost": 4.28, "Plan Rows": 1, "Plan Width": 4, "Recheck Cond": "(id = mc.company_type_id)", "Filter": "((kind IS NOT NULL) AND (((kind)::text = 'production companies'::text) OR ((kind)::text = 'distributors'::text)))", "Plans": [{"Node Type": "Bitmap Index Scan", "Parent Relationship": "Outer", "Index Name": "company_type_pkey", "Startup Cost": 0.0, "Total Cost": 0.26, "Plan Rows": 1, "Plan Width": 0, "Index Cond": "(id = mc.company_type_id)"}]}]}]}, "Unique SQL Id": 1682224415}, "explain_analyze_plan": null}, "(16, 56)": {"explain_plan": {"Plan": {"Node Type": "Aggregate", "Strategy": "Plain", "Startup Cost": 22345.75, "Total Cost": 22345.76, "Plan Rows": 1, "Plan Width": 123, "Plans": [{"Node Type": "Nested Loop", "Parent Relationship": "Outer", "Join Type": "Inner", "Startup Cost": 0.0, "Total Cost": 22345.73, "Plan Rows": 4, "Plan Width": 59, "Inner Unique": true, "Plans": [{"Node Type": "Nested Loop", "Parent Relationship": "Outer", "Join Type": "Inner", "Startup Cost": 0.0, "Total Cost": 22344.59, "Plan Rows": 4, "Plan Width": 63, "Inner Unique": true, "Plans": [{"Node Type": "Nested Loop", "Parent Relationship": "Outer", "Join Type": "Inner", "Startup Cost": 0.0, "Total Cost": 22343.15, "Plan Rows": 5, "Plan Width": 67, "Inner Unique": false, "Join Filter": "(mi.info_type_id = it1.id)", "Plans": [{"Node Type": "Seq Scan", "Parent Relationship": "Outer", "Relation Name": "info_type", "Alias": "it1", "Startup Cost": 0.0, "Total Cost": 2.4, "Plan Rows": 1, "Plan Width": 4, "Filter": "((info)::text = 'budget'::text)"}, {"Node Type": "Nested Loop", "Parent Relationship": "Inner", "Join Type": "Inner", "Startup Cost": 0.0, "Total Cost": 22326.73, "Plan Rows": 1122, "Plan Width": 71, "Inner Unique": false, "Join Filter": "(t.id = mi.movie_id)", "Plans": [{"Node Type": "Nested Loop", "Parent Relationship": "Outer", "Join Type": "Inner", "Startup Cost": 0.0, "Total Cost": 22174.07, "Plan Rows": 210, "Plan Width": 37, "Inner Unique": false, "Join Filter": "(t.id = mc.movie_id)", "Plans": [{"Node Type": "Nested Loop", "Parent Relationship": "Outer", "Join Type": "Inner", "Startup Cost": 0.0, "Total Cost": 22053.3, "Plan Rows": 311, "Plan Width": 25, "Inner Unique": false, "Join Filter": "(mi_idx.info_type_id = it2.id)", "Plans": [{"Node Type": "Seq Scan", "Parent Relationship": "Outer", "Relation Name": "info_type", "Alias": "it2", "Startup Cost": 0.0, "Total Cost": 2.4, "Plan Rows": 1, "Plan Width": 4, "Filter": "((info)::text = 'bottom 10 rank'::text)"}, {"Node Type": "Materialize", "Parent Relationship": "Inner", "Startup Cost": 0.0, "Total Cost": 22046.94, "Plan Rows": 396, "Plan Width": 29, "Plans": [{"Node Type": "Nested Loop", "Parent Relationship": "Outer", "Join Type": "Inner", "Startup Cost": 0.0, "Total Cost": 22045.95, "Plan Rows": 396, "Plan Width": 29, "Inner Unique": false, "Plans": [{"Node Type": "Streaming(type: LOCAL GATHER dop: 1/16)", "Parent Relationship": "Outer", "Startup Cost": 0.0, "Total Cost": 19945.03, "Plan Rows": 258, "Plan Width": 21, "Plans": [{"Node Type": "Seq Scan", "Parent Relationship": "Outer", "Relation Name": "title", "Alias": "t", "Startup Cost": 0.0, "Total Cost": 19939.47, "Plan Rows": 258, "Plan Width": 21, "Filter": "((production_year > 2000) AND (((title)::text ~~ 'Birdemic%'::text) OR ((title)::text ~~ '%Movie%'::text)))"}]}, {"Node Type": "Index Scan", "Parent Relationship": "Inner", "Scan Direction": "Forward", "Index Name": "movie_id_movie_info_idx", "Relation Name": "movie_info_idx", "Alias": "mi_idx", "Startup Cost": 0.0, "Total Cost": 8.12, "Plan Rows": 2, "Plan Width": 8, "Index Cond": "(movie_id = t.id)"}]}]}]}, {"Node Type": "Index Scan", "Parent Relationship": "Inner", "Scan Direction": "Forward", "Index Name": "movie_id_movie_companies", "Relation Name": "movie_companies", "Alias": "mc", "Startup Cost": 0.0, "Total Cost": 0.36, "Plan Rows": 2, "Plan Width": 12, "Index Cond": "(movie_id = mi_idx.movie_id)"}]}, {"Node Type": "Index Scan", "Parent Relationship": "Inner", "Scan Direction": "Forward", "Index Name": "movie_id_movie_info", "Relation Name": "movie_info", "Alias": "mi", "Startup Cost": 0.0, "Total Cost": 0.66, "Plan Rows": 5, "Plan Width": 50, "Index Cond": "(movie_id = mc.movie_id)"}]}]}, {"Node Type": "Index Scan", "Parent Relationship": "Inner", "Scan Direction": "Forward", "Index Name": "company_name_pkey", "Relation Name": "company_name", "Alias": "cn", "Startup Cost": 0.0, "Total Cost": 0.28, "Plan Rows": 1, "Plan Width": 4, "Index Cond": "(id = mc.company_id)", "Filter": "((country_code)::text = '[us]'::text)"}]}, {"Node Type": "Index Scan", "Parent Relationship": "Inner", "Scan Direction": "Forward", "Index Name": "company_type_pkey", "Relation Name": "company_type", "Alias": "ct", "Startup Cost": 0.0, "Total Cost": 0.28, "Plan Rows": 1, "Plan Width": 4, "Index Cond": "(id = mc.company_type_id)", "Filter": "((kind IS NOT NULL) AND (((kind)::text = 'production companies'::text) OR ((kind)::text = 'distributors'::text)))"}]}]}, "Unique SQL Id": 1682224415}, "explain_analyze_plan": {"Plan": {"Node Type": "Aggregate", "Strategy": "Plain", "Startup Cost": 22345.75, "Total Cost": 22345.76, "Plan Rows": 1, "Plan Width": 123, "Actual Min Startup Time": 109.506, "Actual Max Startup Time": 109.506, "Actual Min Total Time": 109.506, "Actual Max Total Time": 109.506, "Actual Total Rows": 1, "Plans": [{"Node Type": "Nested Loop", "Parent Relationship": "Outer", "Join Type": "Inner", "Startup Cost": 0.0, "Total Cost": 22345.73, "Plan Rows": 4, "Plan Width": 59, "Actual Min Startup Time": 107.8, "Actual Max Startup Time": 107.8, "Actual Min Total Time": 109.47, "Actual Max Total Time": 109.47, "Actual Total Rows": 5, "Inner Unique": true, "Plans": [{"Node Type": "Nested Loop", "Parent Relationship": "Outer", "Join Type": "Inner", "Startup Cost": 0.0, "Total Cost": 22344.59, "Plan Rows": 4, "Plan Width": 63, "Actual Min Startup Time": 104.97, "Actual Max Startup Time": 104.97, "Actual Min Total Time": 109.442, "Actual Max Total Time": 109.442, "Actual Total Rows": 10, "Inner Unique": true, "Plans": [{"Node Type": "Nested Loop", "Parent Relationship": "Outer", "Join Type": "Inner", "Startup Cost": 0.0, "Total Cost": 22343.15, "Plan Rows": 5, "Plan Width": 67, "Actual Min Startup Time": 103.615, "Actual Max Startup Time": 103.615, "Actual Min Total Time": 109.245, "Actual Max Total Time": 109.245, "Actual Total Rows": 33, "Inner Unique": false, "Join Filter": "(mi.info_type_id = it1.id)", "Rows Removed by Join Filter": 4926, "Plans": [{"Node Type": "Seq Scan", "Parent Relationship": "Outer", "Relation Name": "info_type", "Alias": "it1", "Startup Cost": 0.0, "Total Cost": 2.4, "Plan Rows": 1, "Plan Width": 4, "Actual Min Startup Time": 0.084, "Actual Max Startup Time": 0.084, "Actual Min Total Time": 0.092, "Actual Max Total Time": 0.092, "Actual Total Rows": 1, "Filter": "((info)::text = 'budget'::text)", "Rows Removed by Filter": 111}, {"Node Type": "Nested Loop", "Parent Relationship": "Inner", "Join Type": "Inner", "Startup Cost": 0.0, "Total Cost": 22326.73, "Plan Rows": 1122, "Plan Width": 71, "Actual Min Startup Time": 103.384, "Actual Max Startup Time": 103.384, "Actual Min Total Time": 108.147, "Actual Max Total Time": 108.147, "Actual Total Rows": 4959, "Inner Unique": false, "Join Filter": "(t.id = mi.movie_id)", "Rows Removed by Join Filter": 0, "Plans": [{"Node Type": "Nested Loop", "Parent Relationship": "Outer", "Join Type": "Inner", "Startup Cost": 0.0, "Total Cost": 22174.07, "Plan Rows": 210, "Plan Width": 37, "Actual Min Startup Time": 103.354, "Actual Max Startup Time": 103.354, "Actual Min Total Time": 104.141, "Actual Max Total Time": 104.141, "Actual Total Rows": 33, "Inner Unique": false, "Join Filter": "(t.id = mc.movie_id)", "Rows Removed by Join Filter": 0, "Plans": [{"Node Type": "Nested Loop", "Parent Relationship": "Outer", "Join Type": "Inner", "Startup Cost": 0.0, "Total Cost": 22053.3, "Plan Rows": 311, "Plan Width": 25, "Actual Min Startup Time": 103.33, "Actual Max Startup Time": 103.33, "Actual Min Total Time": 104.082, "Actual Max Total Time": 104.082, "Actual Total Rows": 2, "Inner Unique": false, "Join Filter": "(mi_idx.info_type_id = it2.id)", "Rows Removed by Join Filter": 2643, "Plans": [{"Node Type": "Seq Scan", "Parent Relationship": "Outer", "Relation Name": "info_type", "Alias": "it2", "Startup Cost": 0.0, "Total Cost": 2.4, "Plan Rows": 1, "Plan Width": 4, "Actual Min Startup Time": 0.075, "Actual Max Startup Time": 0.075, "Actual Min Total Time": 0.08, "Actual Max Total Time": 0.08, "Actual Total Rows": 1, "Filter": "((info)::text = 'bottom 10 rank'::text)", "Rows Removed by Filter": 111}, {"Node Type": "Materialize", "Parent Relationship": "Inner", "Startup Cost": 0.0, "Total Cost": 22046.94, "Plan Rows": 396, "Plan Width": 29, "Actual Min Startup Time": 103.112, "Actual Max Startup Time": 103.112, "Actual Min Total Time": 103.423, "Actual Max Total Time": 103.423, "Actual Total Rows": 2646, "Plans": [{"Node Type": "Nested Loop", "Parent Relationship": "Outer", "Join Type": "Inner", "Startup Cost": 0.0, "Total Cost": 22045.95, "Plan Rows": 396, "Plan Width": 29, "Actual Min Startup Time": 77.489, "Actual Max Startup Time": 77.489, "Actual Min Total Time": 102.25, "Actual Max Total Time": 102.25, "Actual Total Rows": 2645, "Inner Unique": false, "Plans": [{"Node Type": "Streaming(type: LOCAL GATHER dop: 1/16)", "Parent Relationship": "Outer", "Startup Cost": 0.0, "Total Cost": 19945.03, "Plan Rows": 258, "Plan Width": 21, "Actual Min Startup Time": 77.412, "Actual Max Startup Time": 77.412, "Actual Min Total Time": 90.685, "Actual Max Total Time": 90.685, "Actual Total Rows": 2536, "Plans": [{"Node Type": "Seq Scan", "Parent Relationship": "Outer", "Relation Name": "title", "Alias": "t", "Startup Cost": 0.0, "Total Cost": 19939.47, "Plan Rows": 258, "Plan Width": 21, "Actual Min Startup Time": 0.04, "Actual Max Startup Time": 5.381, "Actual Min Total Time": 79.981, "Actual Max Total Time": 84.188, "Actual Total Rows": 2536, "Filter": "((production_year > 2000) AND (((title)::text ~~ 'Birdemic%'::text) OR ((title)::text ~~ '%Movie%'::text)))", "Rows Removed by Filter": 2525775}]}, {"Node Type": "Index Scan", "Parent Relationship": "Inner", "Scan Direction": "Forward", "Index Name": "movie_id_movie_info_idx", "Relation Name": "movie_info_idx", "Alias": "mi_idx", "Startup Cost": 0.0, "Total Cost": 8.12, "Plan Rows": 2, "Plan Width": 8, "Actual Min Startup Time": 8.8, "Actual Max Startup Time": 8.8, "Actual Min Total Time": 9.763, "Actual Max Total Time": 9.763, "Actual Total Rows": 2645, "Index Cond": "(movie_id = t.id)", "Rows Removed by Index Recheck": 0}]}]}]}, {"Node Type": "Index Scan", "Parent Relationship": "Inner", "Scan Direction": "Forward", "Index Name": "movie_id_movie_companies", "Relation Name": "movie_companies", "Alias": "mc", "Startup Cost": 0.0, "Total Cost": 0.36, "Plan Rows": 2, "Plan Width": 12, "Actual Min Startup Time": 0.024, "Actual Max Startup Time": 0.024, "Actual Min Total Time": 0.04, "Actual Max Total Time": 0.04, "Actual Total Rows": 33, "Index Cond": "(movie_id = mi_idx.movie_id)", "Rows Removed by Index Recheck": 0}]}, {"Node Type": "Index Scan", "Parent Relationship": "Inner", "Scan Direction": "Forward", "Index Name": "movie_id_movie_info", "Relation Name": "movie_info", "Alias": "mi", "Startup Cost": 0.0, "Total Cost": 0.66, "Plan Rows": 5, "Plan Width": 50, "Actual Min Startup Time": 0.491, "Actual Max Startup Time": 0.491, "Actual Min Total Time": 2.431, "Actual Max Total Time": 2.431, "Actual Total Rows": 4959, "Index Cond": "(movie_id = mc.movie_id)", "Rows Removed by Index Recheck": 0}]}]}, {"Node Type": "Index Scan", "Parent Relationship": "Inner", "Scan Direction": "Forward", "Index Name": "company_name_pkey", "Relation Name": "company_name", "Alias": "cn", "Startup Cost": 0.0, "Total Cost": 0.28, "Plan Rows": 1, "Plan Width": 4, "Actual Min Startup Time": 0.171, "Actual Max Startup Time": 0.171, "Actual Min Total Time": 0.171, "Actual Max Total Time": 0.171, "Actual Total Rows": 10, "Index Cond": "(id = mc.company_id)", "Rows Removed by Index Recheck": 0, "Filter": "((country_code)::text = '[us]'::text)", "Rows Removed by Filter": 23}]}, {"Node Type": "Index Scan", "Parent Relationship": "Inner", "Scan Direction": "Forward", "Index Name": "company_type_pkey", "Relation Name": "company_type", "Alias": "ct", "Startup Cost": 0.0, "Total Cost": 0.28, "Plan Rows": 1, "Plan Width": 4, "Actual Min Startup Time": 0.021, "Actual Max Startup Time": 0.021, "Actual Min Total Time": 0.021, "Actual Max Total Time": 0.021, "Actual Total Rows": 5, "Index Cond": "(id = mc.company_type_id)", "Rows Removed by Index Recheck": 0, "Filter": "((kind IS NOT NULL) AND (((kind)::text = 'production companies'::text) OR ((kind)::text = 'distributors'::text)))", "Rows Removed by Filter": 0}]}]}, "Triggers": [], "Planner Runtime": 22.219, "Total Runtime": 112.631, "Unique SQL Id": 1682224415}}, "(16, 57)": {"explain_plan": {"Plan": {"Node Type": "Aggregate", "Strategy": "Plain", "Startup Cost": 105032.63, "Total Cost": 105032.64, "Plan Rows": 1, "Plan Width": 123, "Plans": [{"Node Type": "Nested Loop", "Parent Relationship": "Outer", "Join Type": "Inner", "Startup Cost": 0.0, "Total Cost": 105032.61, "Plan Rows": 4, "Plan Width": 59, "Inner Unique": true, "Plans": [{"Node Type": "Nested Loop", "Parent Relationship": "Outer", "Join Type": "Inner", "Startup Cost": 0.0, "Total Cost": 105031.47, "Plan Rows": 4, "Plan Width": 63, "Inner Unique": true, "Plans": [{"Node Type": "Nested Loop", "Parent Relationship": "Outer", "Join Type": "Inner", "Startup Cost": 0.0, "Total Cost": 105030.03, "Plan Rows": 5, "Plan Width": 67, "Inner Unique": false, "Join Filter": "(mi.info_type_id = it1.id)", "Plans": [{"Node Type": "Index Scan", "Parent Relationship": "Outer", "Scan Direction": "Forward", "Index Name": "info_type_pkey", "Relation Name": "info_type", "Alias": "it1", "Startup Cost": 0.0, "Total Cost": 14.21, "Plan Rows": 1, "Plan Width": 4, "Filter": "((info)::text = 'budget'::text)"}, {"Node Type": "Nested Loop", "Parent Relationship": "Inner", "Join Type": "Inner", "Startup Cost": 0.0, "Total Cost": 105001.79, "Plan Rows": 1122, "Plan Width": 71, "Inner Unique": false, "Join Filter": "(t.id = mi.movie_id)", "Plans": [{"Node Type": "Nested Loop", "Parent Relationship": "Outer", "Join Type": "Inner", "Startup Cost": 0.0, "Total Cost": 104849.13, "Plan Rows": 210, "Plan Width": 37, "Inner Unique": false, "Join Filter": "(t.id = mc.movie_id)", "Plans": [{"Node Type": "Nested Loop", "Parent Relationship": "Outer", "Join Type": "Inner", "Startup Cost": 0.0, "Total Cost": 104728.36, "Plan Rows": 311, "Plan Width": 25, "Inner Unique": false, "Join Filter": "(mi_idx.info_type_id = it2.id)", "Plans": [{"Node Type": "Index Scan", "Parent Relationship": "Outer", "Scan Direction": "Forward", "Index Name": "info_type_pkey", "Relation Name": "info_type", "Alias": "it2", "Startup Cost": 0.0, "Total Cost": 14.21, "Plan Rows": 1, "Plan Width": 4, "Filter": "((info)::text = 'bottom 10 rank'::text)"}, {"Node Type": "Materialize", "Parent Relationship": "Inner", "Startup Cost": 0.0, "Total Cost": 104710.19, "Plan Rows": 396, "Plan Width": 29, "Plans": [{"Node Type": "Nested Loop", "Parent Relationship": "Outer", "Join Type": "Inner", "Startup Cost": 0.0, "Total Cost": 104709.2, "Plan Rows": 396, "Plan Width": 29, "Inner Unique": false, "Plans": [{"Node Type": "Streaming(type: LOCAL GATHER dop: 1/16)", "Parent Relationship": "Outer", "Startup Cost": 0.0, "Total Cost": 102608.29, "Plan Rows": 258, "Plan Width": 21, "Plans": [{"Node Type": "Index Scan", "Parent Relationship": "Outer", "Scan Direction": "Forward", "Index Name": "title_pkey", "Relation Name": "title", "Alias": "t", "Startup Cost": 0.0, "Total Cost": 102602.72, "Plan Rows": 258, "Plan Width": 21, "Filter": "((production_year > 2000) AND (((title)::text ~~ 'Birdemic%'::text) OR ((title)::text ~~ '%Movie%'::text)))"}]}, {"Node Type": "Index Scan", "Parent Relationship": "Inner", "Scan Direction": "Forward", "Index Name": "movie_id_movie_info_idx", "Relation Name": "movie_info_idx", "Alias": "mi_idx", "Startup Cost": 0.0, "Total Cost": 8.12, "Plan Rows": 2, "Plan Width": 8, "Index Cond": "(movie_id = t.id)"}]}]}]}, {"Node Type": "Index Scan", "Parent Relationship": "Inner", "Scan Direction": "Forward", "Index Name": "movie_id_movie_companies", "Relation Name": "movie_companies", "Alias": "mc", "Startup Cost": 0.0, "Total Cost": 0.36, "Plan Rows": 2, "Plan Width": 12, "Index Cond": "(movie_id = mi_idx.movie_id)"}]}, {"Node Type": "Index Scan", "Parent Relationship": "Inner", "Scan Direction": "Forward", "Index Name": "movie_id_movie_info", "Relation Name": "movie_info", "Alias": "mi", "Startup Cost": 0.0, "Total Cost": 0.66, "Plan Rows": 5, "Plan Width": 50, "Index Cond": "(movie_id = mc.movie_id)"}]}]}, {"Node Type": "Index Scan", "Parent Relationship": "Inner", "Scan Direction": "Forward", "Index Name": "company_name_pkey", "Relation Name": "company_name", "Alias": "cn", "Startup Cost": 0.0, "Total Cost": 0.28, "Plan Rows": 1, "Plan Width": 4, "Index Cond": "(id = mc.company_id)", "Filter": "((country_code)::text = '[us]'::text)"}]}, {"Node Type": "Index Scan", "Parent Relationship": "Inner", "Scan Direction": "Forward", "Index Name": "company_type_pkey", "Relation Name": "company_type", "Alias": "ct", "Startup Cost": 0.0, "Total Cost": 0.28, "Plan Rows": 1, "Plan Width": 4, "Index Cond": "(id = mc.company_type_id)", "Filter": "((kind IS NOT NULL) AND (((kind)::text = 'production companies'::text) OR ((kind)::text = 'distributors'::text)))"}]}]}, "Unique SQL Id": 1682224415}, "explain_analyze_plan": {"Plan": {"Node Type": "Aggregate", "Strategy": "Plain", "Startup Cost": 105032.63, "Total Cost": 105032.64, "Plan Rows": 1, "Plan Width": 123, "Actual Min Startup Time": 288.744, "Actual Max Startup Time": 288.744, "Actual Min Total Time": 288.744, "Actual Max Total Time": 288.744, "Actual Total Rows": 1, "Plans": [{"Node Type": "Nested Loop", "Parent Relationship": "Outer", "Join Type": "Inner", "Startup Cost": 0.0, "Total Cost": 105032.61, "Plan Rows": 4, "Plan Width": 59, "Actual Min Startup Time": 287.379, "Actual Max Startup Time": 287.379, "Actual Min Total Time": 288.702, "Actual Max Total Time": 288.702, "Actual Total Rows": 5, "Inner Unique": true, "Plans": [{"Node Type": "Nested Loop", "Parent Relationship": "Outer", "Join Type": "Inner", "Startup Cost": 0.0, "Total Cost": 105031.47, "Plan Rows": 4, "Plan Width": 63, "Actual Min Startup Time": 284.536, "Actual Max Startup Time": 284.536, "Actual Min Total Time": 288.667, "Actual Max Total Time": 288.667, "Actual Total Rows": 10, "Inner Unique": true, "Plans": [{"Node Type": "Nested Loop", "Parent Relationship": "Outer", "Join Type": "Inner", "Startup Cost": 0.0, "Total Cost": 105030.03, "Plan Rows": 5, "Plan Width": 67, "Actual Min Startup Time": 283.152, "Actual Max Startup Time": 283.152, "Actual Min Total Time": 288.453, "Actual Max Total Time": 288.453, "Actual Total Rows": 33, "Inner Unique": false, "Join Filter": "(mi.info_type_id = it1.id)", "Rows Removed by Join Filter": 4926, "Plans": [{"Node Type": "Index Scan", "Parent Relationship": "Outer", "Scan Direction": "Forward", "Index Name": "info_type_pkey", "Relation Name": "info_type", "Alias": "it1", "Startup Cost": 0.0, "Total Cost": 14.21, "Plan Rows": 1, "Plan Width": 4, "Actual Min Startup Time": 0.109, "Actual Max Startup Time": 0.109, "Actual Min Total Time": 0.116, "Actual Max Total Time": 0.116, "Actual Total Rows": 1, "Filter": "((info)::text = 'budget'::text)", "Rows Removed by Filter": 111}, {"Node Type": "Nested Loop", "Parent Relationship": "Inner", "Join Type": "Inner", "Startup Cost": 0.0, "Total Cost": 105001.79, "Plan Rows": 1122, "Plan Width": 71, "Actual Min Startup Time": 282.882, "Actual Max Startup Time": 282.882, "Actual Min Total Time": 287.361, "Actual Max Total Time": 287.361, "Actual Total Rows": 4959, "Inner Unique": false, "Join Filter": "(t.id = mi.movie_id)", "Rows Removed by Join Filter": 0, "Plans": [{"Node Type": "Nested Loop", "Parent Relationship": "Outer", "Join Type": "Inner", "Startup Cost": 0.0, "Total Cost": 104849.13, "Plan Rows": 210, "Plan Width": 37, "Actual Min Startup Time": 282.848, "Actual Max Startup Time": 282.848, "Actual Min Total Time": 283.245, "Actual Max Total Time": 283.245, "Actual Total Rows": 33, "Inner Unique": false, "Join Filter": "(t.id = mc.movie_id)", "Rows Removed by Join Filter": 0, "Plans": [{"Node Type": "Nested Loop", "Parent Relationship": "Outer", "Join Type": "Inner", "Startup Cost": 0.0, "Total Cost": 104728.36, "Plan Rows": 311, "Plan Width": 25, "Actual Min Startup Time": 282.824, "Actual Max Startup Time": 282.824, "Actual Min Total Time": 283.177, "Actual Max Total Time": 283.177, "Actual Total Rows": 2, "Inner Unique": false, "Join Filter": "(mi_idx.info_type_id = it2.id)", "Rows Removed by Join Filter": 2643, "Plans": [{"Node Type": "Index Scan", "Parent Relationship": "Outer", "Scan Direction": "Forward", "Index Name": "info_type_pkey", "Relation Name": "info_type", "Alias": "it2", "Startup Cost": 0.0, "Total Cost": 14.21, "Plan Rows": 1, "Plan Width": 4, "Actual Min Startup Time": 0.08, "Actual Max Startup Time": 0.08, "Actual Min Total Time": 0.08, "Actual Max Total Time": 0.08, "Actual Total Rows": 1, "Filter": "((info)::text = 'bottom 10 rank'::text)", "Rows Removed by Filter": 111}, {"Node Type": "Materialize", "Parent Relationship": "Inner", "Startup Cost": 0.0, "Total Cost": 104710.19, "Plan Rows": 396, "Plan Width": 29, "Actual Min Startup Time": 281.979, "Actual Max Startup Time": 281.979, "Actual Min Total Time": 282.441, "Actual Max Total Time": 282.441, "Actual Total Rows": 2646, "Plans": [{"Node Type": "Nested Loop", "Parent Relationship": "Outer", "Join Type": "Inner", "Startup Cost": 0.0, "Total Cost": 104709.2, "Plan Rows": 396, "Plan Width": 29, "Actual Min Startup Time": 81.307, "Actual Max Startup Time": 81.307, "Actual Min Total Time": 280.904, "Actual Max Total Time": 280.904, "Actual Total Rows": 2645, "Inner Unique": false, "Plans": [{"Node Type": "Streaming(type: LOCAL GATHER dop: 1/16)", "Parent Relationship": "Outer", "Startup Cost": 0.0, "Total Cost": 102608.29, "Plan Rows": 258, "Plan Width": 21, "Actual Min Startup Time": 81.253, "Actual Max Startup Time": 81.253, "Actual Min Total Time": 268.275, "Actual Max Total Time": 268.275, "Actual Total Rows": 2536, "Plans": [{"Node Type": "Index Scan", "Parent Relationship": "Outer", "Scan Direction": "Forward", "Index Name": "title_pkey", "Relation Name": "title", "Alias": "t", "Startup Cost": 0.0, "Total Cost": 102602.72, "Plan Rows": 258, "Plan Width": 21, "Actual Min Startup Time": 9.904, "Actual Max Startup Time": 25.069, "Actual Min Total Time": 238.632, "Actual Max Total Time": 275.078, "Actual Total Rows": 2536, "Filter": "((production_year > 2000) AND (((title)::text ~~ 'Birdemic%'::text) OR ((title)::text ~~ '%Movie%'::text)))", "Rows Removed by Filter": 2525775}]}, {"Node Type": "Index Scan", "Parent Relationship": "Inner", "Scan Direction": "Forward", "Index Name": "movie_id_movie_info_idx", "Relation Name": "movie_info_idx", "Alias": "mi_idx", "Startup Cost": 0.0, "Total Cost": 8.12, "Plan Rows": 2, "Plan Width": 8, "Actual Min Startup Time": 9.535, "Actual Max Startup Time": 9.535, "Actual Min Total Time": 10.518, "Actual Max Total Time": 10.518, "Actual Total Rows": 2645, "Index Cond": "(movie_id = t.id)", "Rows Removed by Index Recheck": 0}]}]}]}, {"Node Type": "Index Scan", "Parent Relationship": "Inner", "Scan Direction": "Forward", "Index Name": "movie_id_movie_companies", "Relation Name": "movie_companies", "Alias": "mc", "Startup Cost": 0.0, "Total Cost": 0.36, "Plan Rows": 2, "Plan Width": 12, "Actual Min Startup Time": 0.027, "Actual Max Startup Time": 0.027, "Actual Min Total Time": 0.048, "Actual Max Total Time": 0.048, "Actual Total Rows": 33, "Index Cond": "(movie_id = mi_idx.movie_id)", "Rows Removed by Index Recheck": 0}]}, {"Node Type": "Index Scan", "Parent Relationship": "Inner", "Scan Direction": "Forward", "Index Name": "movie_id_movie_info", "Relation Name": "movie_info", "Alias": "mi", "Startup Cost": 0.0, "Total Cost": 0.66, "Plan Rows": 5, "Plan Width": 50, "Actual Min Startup Time": 0.503, "Actual Max Startup Time": 0.503, "Actual Min Total Time": 2.531, "Actual Max Total Time": 2.531, "Actual Total Rows": 4959, "Index Cond": "(movie_id = mc.movie_id)", "Rows Removed by Index Recheck": 0}]}]}, {"Node Type": "Index Scan", "Parent Relationship": "Inner", "Scan Direction": "Forward", "Index Name": "company_name_pkey", "Relation Name": "company_name", "Alias": "cn", "Startup Cost": 0.0, "Total Cost": 0.28, "Plan Rows": 1, "Plan Width": 4, "Actual Min Startup Time": 0.191, "Actual Max Startup Time": 0.191, "Actual Min Total Time": 0.191, "Actual Max Total Time": 0.191, "Actual Total Rows": 10, "Index Cond": "(id = mc.company_id)", "Rows Removed by Index Recheck": 0, "Filter": "((country_code)::text = '[us]'::text)", "Rows Removed by Filter": 23}]}, {"Node Type": "Index Scan", "Parent Relationship": "Inner", "Scan Direction": "Forward", "Index Name": "company_type_pkey", "Relation Name": "company_type", "Alias": "ct", "Startup Cost": 0.0, "Total Cost": 0.28, "Plan Rows": 1, "Plan Width": 4, "Actual Min Startup Time": 0.024, "Actual Max Startup Time": 0.024, "Actual Min Total Time": 0.024, "Actual Max Total Time": 0.024, "Actual Total Rows": 5, "Index Cond": "(id = mc.company_type_id)", "Rows Removed by Index Recheck": 0, "Filter": "((kind IS NOT NULL) AND (((kind)::text = 'production companies'::text) OR ((kind)::text = 'distributors'::text)))", "Rows Removed by Filter": 0}]}]}, "Triggers": [], "Planner Runtime": 65.028, "Total Runtime": 291.894, "Unique SQL Id": 1682224415}}, "(16, 58)": {"explain_plan": {"Plan": {"Node Type": "Aggregate", "Strategy": "Plain", "Startup Cost": 247687.29, "Total Cost": 247687.3, "Plan Rows": 1, "Plan Width": 123, "Plans": [{"Node Type": "Nested Loop", "Parent Relationship": "Outer", "Join Type": "Inner", "Startup Cost": 0.0, "Total Cost": 247687.27, "Plan Rows": 4, "Plan Width": 59, "Inner Unique": true, "Join Filter": "(mc.company_type_id = ct.id)", "Plans": [{"Node Type": "Nested Loop", "Parent Relationship": "Outer", "Join Type": "Inner", "Startup Cost": 0.0, "Total Cost": 247686.1, "Plan Rows": 4, "Plan Width": 63, "Inner Unique": false, "Join Filter": "(mc.company_id = cn.id)", "Plans": [{"Node Type": "Seq Scan", "Parent Relationship": "Outer", "Relation Name": "company_name", "Alias": "cn", "Startup Cost": 0.0, "Total Cost": 5903.45, "Plan Rows": 85170, "Plan Width": 4, "Filter": "((country_code)::text = '[us]'::text)"}, {"Node Type": "Materialize", "Parent Relationship": "Inner", "Startup Cost": 0.0, "Total Cost": 235394.91, "Plan Rows": 5, "Plan Width": 67, "Plans": [{"Node Type": "Streaming(type: LOCAL GATHER dop: 1/16)", "Parent Relationship": "Outer", "Startup Cost": 0.0, "Total Cost": 235394.89, "Plan Rows": 5, "Plan Width": 67, "Plans": [{"Node Type": "Nested Loop", "Parent Relationship": "Outer", "Join Type": "Inner", "Startup Cost": 0.0, "Total Cost": 235394.78, "Plan Rows": 5, "Plan Width": 67, "Inner Unique": false, "Join Filter": "(t.id = mc.movie_id)", "Plans": [{"Node Type": "Seq Scan", "Parent Relationship": "Outer", "Relation Name": "movie_companies", "Alias": "mc", "Startup Cost": 0.0, "Total Cost": 17613.58, "Plan Rows": 2609128, "Plan Width": 12}, {"Node Type": "Materialize", "Parent Relationship": "Inner", "Startup Cost": 0.0, "Total Cost": 198212.76, "Plan Rows": 128, "Plan Width": 71, "Plans": [{"Node Type": "Streaming(type: BROADCAST dop: 16/16)", "Parent Relationship": "Outer", "Startup Cost": 0.0, "Total Cost": 198212.72, "Plan Rows": 128, "Plan Width": 71, "Plans": [{"Node Type": "Nested Loop", "Parent Relationship": "Outer", "Join Type": "Inner", "Startup Cost": 0.0, "Total Cost": 183212.4, "Plan Rows": 8, "Plan Width": 71, "Inner Unique": false, "Join Filter": "(mi_idx.movie_id = t.id)", "Plans": [{"Node Type": "Streaming(type: LOCAL REDISTRIBUTE dop: 16/16)", "Parent Relationship": "Outer", "Startup Cost": 0.0, "Total Cost": 48655.3, "Plan Rows": 345008, "Plan Width": 4, "Plans": [{"Node Type": "Nested Loop", "Parent Relationship": "Outer", "Join Type": "Inner", "Startup Cost": 0.0, "Total Cost": 32348.04, "Plan Rows": 345008, "Plan Width": 4, "Inner Unique": false, "Join Filter": "(it2.id = mi_idx.info_type_id), (LLVM Optimized)", "Plans": [{"Node Type": "Streaming(type: BROADCAST dop: 16/1)", "Parent Relationship": "Outer", "Startup Cost": 0.0, "Total Cost": 15002.75, "Plan Rows": 16, "Plan Width": 4, "Plans": [{"Node Type": "Seq Scan", "Parent Relationship": "Outer", "Relation Name": "info_type", "Alias": "it2", "Startup Cost": 0.0, "Total Cost": 2.4, "Plan Rows": 1, "Plan Width": 4, "Filter": "((info)::text = 'bottom 10 rank'::text)"}]}, {"Node Type": "Seq Scan", "Parent Relationship": "Inner", "Relation Name": "movie_info_idx", "Alias": "mi_idx", "Startup Cost": 0.0, "Total Cost": 16267.15, "Plan Rows": 1380034, "Plan Width": 8}]}]}, {"Node Type": "Materialize", "Parent Relationship": "Inner", "Startup Cost": 0.0, "Total Cost": 129139.43, "Plan Rows": 268, "Plan Width": 67, "Plans": [{"Node Type": "Streaming(type: LOCAL REDISTRIBUTE dop: 16/16)", "Parent Relationship": "Outer", "Startup Cost": 0.0, "Total Cost": 129139.35, "Plan Rows": 268, "Plan Width": 67, "Plans": [{"Node Type": "Nested Loop", "Parent Relationship": "Outer", "Join Type": "Inner", "Startup Cost": 0.0, "Total Cost": 114138.33, "Plan Rows": 268, "Plan Width": 67, "Inner Unique": true, "Join Filter": "(mi.movie_id = t.id)", "Plans": [{"Node Type": "Streaming(type: LOCAL REDISTRIBUTE dop: 16/16)", "Parent Relationship": "Outer", "Startup Cost": 0.0, "Total Cost": 75986.54, "Plan Rows": 212428, "Plan Width": 46, "Plans": [{"Node Type": "Nested Loop", "Parent Relationship": "Outer", "Join Type": "Inner", "Startup Cost": 0.0, "Total Cost": 60181.64, "Plan Rows": 212428, "Plan Width": 46, "Inner Unique": false, "Join Filter": "(it1.id = mi.info_type_id), (LLVM Optimized)", "Plans": [{"Node Type": "Streaming(type: BROADCAST dop: 16/1)", "Parent Relationship": "Outer", "Startup Cost": 0.0, "Total Cost": 15002.75, "Plan Rows": 16, "Plan Width": 4, "Plans": [{"Node Type": "Seq Scan", "Parent Relationship": "Outer", "Relation Name": "info_type", "Alias": "it1", "Startup Cost": 0.0, "Total Cost": 2.4, "Plan Rows": 1, "Plan Width": 4, "Filter": "((info)::text = 'budget'::text)"}]}, {"Node Type": "Seq Scan", "Parent Relationship": "Inner", "Relation Name": "movie_info", "Alias": "mi", "Startup Cost": 0.0, "Total Cost": 33561.73, "Plan Rows": 14869966, "Plan Width": 50}]}]}, {"Node Type": "Materialize", "Parent Relationship": "Inner", "Startup Cost": 0.0, "Total Cost": 34940.52, "Plan Rows": 258, "Plan Width": 21, "Plans": [{"Node Type": "Streaming(type: LOCAL REDISTRIBUTE dop: 16/16)", "Parent Relationship": "Outer", "Startup Cost": 0.0, "Total Cost": 34940.44, "Plan Rows": 258, "Plan Width": 21, "Plans": [{"Node Type": "Seq Scan", "Parent Relationship": "Outer", "Relation Name": "title", "Alias": "t", "Startup Cost": 0.0, "Total Cost": 19939.47, "Plan Rows": 258, "Plan Width": 21, "Filter": "((production_year > 2000) AND (((title)::text ~~ 'Birdemic%'::text) OR ((title)::text ~~ '%Movie%'::text)))"}]}]}]}]}]}]}]}]}]}]}]}]}, {"Node Type": "Materialize", "Parent Relationship": "Inner", "Startup Cost": 0.0, "Total Cost": 1.05, "Plan Rows": 2, "Plan Width": 4, "Plans": [{"Node Type": "Seq Scan", "Parent Relationship": "Outer", "Relation Name": "company_type", "Alias": "ct", "Startup Cost": 0.0, "Total Cost": 1.04, "Plan Rows": 2, "Plan Width": 4, "Filter": "((kind IS NOT NULL) AND (((kind)::text = 'production companies'::text) OR ((kind)::text = 'distributors'::text)))"}]}]}]}, "Unique SQL Id": 1682224415}, "explain_analyze_plan": null}, "(16, 59)": {"explain_plan": {"Plan": {"Node Type": "Aggregate", "Strategy": "Plain", "Startup Cost": 8000134520134.75, "Total Cost": 8000134520134.76, "Plan Rows": 1, "Plan Width": 123, "Plans": [{"Node Type": "Nested Loop", "Parent Relationship": "Outer", "Join Type": "Inner", "Startup Cost": 80000000000.0, "Total Cost": 8000134520134.73, "Plan Rows": 4, "Plan Width": 59, "Inner Unique": true, "Join Filter": "(mc.company_type_id = ct.id)", "Plans": [{"Node Type": "Nested Loop", "Parent Relationship": "Outer", "Join Type": "Inner", "Startup Cost": 70000000000.0, "Total Cost": 7000134518903.61, "Plan Rows": 4, "Plan Width": 63, "Inner Unique": true, "Join Filter": "(mc.company_id = cn.id)", "Plans": [{"Node Type": "Nested Loop", "Parent Relationship": "Outer", "Join Type": "Inner", "Startup Cost": 60000000000.0, "Total Cost": 6000133462163.97, "Plan Rows": 5, "Plan Width": 67, "Inner Unique": false, "Join Filter": "(t.id = mc.movie_id)", "Plans": [{"Node Type": "Index Scan", "Parent Relationship": "Outer", "Scan Direction": "Forward", "Index Name": "company_type_id_movie_companies", "Relation Name": "movie_companies", "Alias": "mc", "Startup Cost": 10000000000.0, "Total Cost": 1000009318217.0, "Plan Rows": 2609128, "Plan Width": 12}, {"Node Type": "Materialize", "Parent Relationship": "Inner", "Startup Cost": 50000000000.0, "Total Cost": 5000123830851.63, "Plan Rows": 8, "Plan Width": 71, "Plans": [{"Node Type": "Nested Loop", "Parent Relationship": "Outer", "Join Type": "Inner", "Startup Cost": 50000000000.0, "Total Cost": 5000123830851.59, "Plan Rows": 8, "Plan Width": 71, "Inner Unique": false, "Join Filter": "(mi_idx.movie_id = t.id)", "Plans": [{"Node Type": "Nested Loop", "Parent Relationship": "Outer", "Join Type": "Inner", "Startup Cost": 20000000000.0, "Total Cost": 2000004672156.88, "Plan Rows": 345008, "Plan Width": 4, "Inner Unique": true, "Join Filter": "(it2.id = mi_idx.info_type_id), (LLVM Optimized)", "Plans": [{"Node Type": "Index Scan", "Parent Relationship": "Outer", "Scan Direction": "Forward", "Index Name": "movie_id_movie_info_idx", "Relation Name": "movie_info_idx", "Alias": "mi_idx", "Startup Cost": 10000000000.0, "Total Cost": 1000004650035.37, "Plan Rows": 1380034, "Plan Width": 8}, {"Node Type": "Materialize", "Parent Relationship": "Inner", "Startup Cost": 10000000000.0, "Total Cost": 1000000001421.0, "Plan Rows": 1, "Plan Width": 4, "Plans": [{"Node Type": "Index Scan", "Parent Relationship": "Outer", "Scan Direction": "Forward", "Index Name": "info_type_pkey", "Relation Name": "info_type", "Alias": "it2", "Startup Cost": 10000000000.0, "Total Cost": 1000000001421.0, "Plan Rows": 1, "Plan Width": 4, "Filter": "((info)::text = 'bottom 10 rank'::text)"}]}]}, {"Node Type": "Materialize", "Parent Relationship": "Inner", "Startup Cost": 30000000000.0, "Total Cost": 3000117771763.22, "Plan Rows": 268, "Plan Width": 67, "Plans": [{"Node Type": "Nested Loop", "Parent Relationship": "Outer", "Join Type": "Inner", "Startup Cost": 30000000000.0, "Total Cost": 3000117771761.88, "Plan Rows": 268, "Plan Width": 67, "Inner Unique": true, "Join Filter": "(mi.movie_id = t.id)", "Plans": [{"Node Type": "Nested Loop", "Parent Relationship": "Outer", "Join Type": "Inner", "Startup Cost": 20000000000.0, "Total Cost": 2000104041382.71, "Plan Rows": 212428, "Plan Width": 46, "Inner Unique": true, "Join Filter": "(it1.id = mi.info_type_id), (LLVM Optimized)", "Plans": [{"Node Type": "Index Scan", "Parent Relationship": "Outer", "Scan Direction": "Forward", "Index Name": "movie_id_movie_info", "Relation Name": "movie_info", "Alias": "mi", "Startup Cost": 10000000000.0, "Total Cost": 1000103816912.22, "Plan Rows": 14869966, "Plan Width": 50}, {"Node Type": "Materialize", "Parent Relationship": "Inner", "Startup Cost": 10000000000.0, "Total Cost": 1000000001421.0, "Plan Rows": 1, "Plan Width": 4, "Plans": [{"Node Type": "Index Scan", "Parent Relationship": "Outer", "Scan Direction": "Forward", "Index Name": "info_type_pkey", "Relation Name": "info_type", "Alias": "it1", "Startup Cost": 10000000000.0, "Total Cost": 1000000001421.0, "Plan Rows": 1, "Plan Width": 4, "Filter": "((info)::text = 'budget'::text)"}]}]}, {"Node Type": "Materialize", "Parent Relationship": "Inner", "Startup Cost": 10000000000.0, "Total Cost": 1000012908283.45, "Plan Rows": 258, "Plan Width": 21, "Plans": [{"Node Type": "Index Scan", "Parent Relationship": "Outer", "Scan Direction": "Forward", "Index Name": "title_pkey", "Relation Name": "title", "Alias": "t", "Startup Cost": 10000000000.0, "Total Cost": 1000012908282.16, "Plan Rows": 258, "Plan Width": 21, "Filter": "((production_year > 2000) AND (((title)::text ~~ 'Birdemic%'::text) OR ((title)::text ~~ '%Movie%'::text)))"}]}]}]}]}]}]}, {"Node Type": "Materialize", "Parent Relationship": "Inner", "Startup Cost": 10000000000.0, "Total Cost": 1000001050564.82, "Plan Rows": 85170, "Plan Width": 4, "Plans": [{"Node Type": "Index Scan", "Parent Relationship": "Outer", "Scan Direction": "Forward", "Index Name": "company_name_pkey", "Relation Name": "company_name", "Alias": "cn", "Startup Cost": 10000000000.0, "Total Cost": 1000001050138.97, "Plan Rows": 85170, "Plan Width": 4, "Filter": "((country_code)::text = '[us]'::text)"}]}]}, {"Node Type": "Materialize", "Parent Relationship": "Inner", "Startup Cost": 10000000000.0, "Total Cost": 1000000001231.01, "Plan Rows": 2, "Plan Width": 4, "Plans": [{"Node Type": "Index Scan", "Parent Relationship": "Outer", "Scan Direction": "Forward", "Index Name": "company_type_pkey", "Relation Name": "company_type", "Alias": "ct", "Startup Cost": 10000000000.0, "Total Cost": 1000000001231.0, "Plan Rows": 2, "Plan Width": 4, "Filter": "((kind IS NOT NULL) AND (((kind)::text = 'production companies'::text) OR ((kind)::text = 'distributors'::text)))"}]}]}]}, "Unique SQL Id": 1682224415}, "explain_analyze_plan": null}, "(16, 60)": {"explain_plan": {"Plan": {"Node Type": "Aggregate", "Strategy": "Plain", "Startup Cost": 22345.75, "Total Cost": 22345.76, "Plan Rows": 1, "Plan Width": 123, "Plans": [{"Node Type": "Nested Loop", "Parent Relationship": "Outer", "Join Type": "Inner", "Startup Cost": 0.0, "Total Cost": 22345.73, "Plan Rows": 4, "Plan Width": 59, "Inner Unique": true, "Plans": [{"Node Type": "Nested Loop", "Parent Relationship": "Outer", "Join Type": "Inner", "Startup Cost": 0.0, "Total Cost": 22344.59, "Plan Rows": 4, "Plan Width": 63, "Inner Unique": true, "Plans": [{"Node Type": "Nested Loop", "Parent Relationship": "Outer", "Join Type": "Inner", "Startup Cost": 0.0, "Total Cost": 22343.15, "Plan Rows": 5, "Plan Width": 67, "Inner Unique": false, "Join Filter": "(mi.info_type_id = it1.id)", "Plans": [{"Node Type": "Seq Scan", "Parent Relationship": "Outer", "Relation Name": "info_type", "Alias": "it1", "Startup Cost": 0.0, "Total Cost": 2.4, "Plan Rows": 1, "Plan Width": 4, "Filter": "((info)::text = 'budget'::text)"}, {"Node Type": "Nested Loop", "Parent Relationship": "Inner", "Join Type": "Inner", "Startup Cost": 0.0, "Total Cost": 22326.73, "Plan Rows": 1122, "Plan Width": 71, "Inner Unique": false, "Join Filter": "(t.id = mi.movie_id)", "Plans": [{"Node Type": "Nested Loop", "Parent Relationship": "Outer", "Join Type": "Inner", "Startup Cost": 0.0, "Total Cost": 22174.07, "Plan Rows": 210, "Plan Width": 37, "Inner Unique": false, "Join Filter": "(t.id = mc.movie_id)", "Plans": [{"Node Type": "Nested Loop", "Parent Relationship": "Outer", "Join Type": "Inner", "Startup Cost": 0.0, "Total Cost": 22053.3, "Plan Rows": 311, "Plan Width": 25, "Inner Unique": false, "Join Filter": "(mi_idx.info_type_id = it2.id)", "Plans": [{"Node Type": "Seq Scan", "Parent Relationship": "Outer", "Relation Name": "info_type", "Alias": "it2", "Startup Cost": 0.0, "Total Cost": 2.4, "Plan Rows": 1, "Plan Width": 4, "Filter": "((info)::text = 'bottom 10 rank'::text)"}, {"Node Type": "Materialize", "Parent Relationship": "Inner", "Startup Cost": 0.0, "Total Cost": 22046.94, "Plan Rows": 396, "Plan Width": 29, "Plans": [{"Node Type": "Nested Loop", "Parent Relationship": "Outer", "Join Type": "Inner", "Startup Cost": 0.0, "Total Cost": 22045.95, "Plan Rows": 396, "Plan Width": 29, "Inner Unique": false, "Plans": [{"Node Type": "Streaming(type: LOCAL GATHER dop: 1/16)", "Parent Relationship": "Outer", "Startup Cost": 0.0, "Total Cost": 19945.03, "Plan Rows": 258, "Plan Width": 21, "Plans": [{"Node Type": "Seq Scan", "Parent Relationship": "Outer", "Relation Name": "title", "Alias": "t", "Startup Cost": 0.0, "Total Cost": 19939.47, "Plan Rows": 258, "Plan Width": 21, "Filter": "((production_year > 2000) AND (((title)::text ~~ 'Birdemic%'::text) OR ((title)::text ~~ '%Movie%'::text)))"}]}, {"Node Type": "Index Scan", "Parent Relationship": "Inner", "Scan Direction": "Forward", "Index Name": "movie_id_movie_info_idx", "Relation Name": "movie_info_idx", "Alias": "mi_idx", "Startup Cost": 0.0, "Total Cost": 8.12, "Plan Rows": 2, "Plan Width": 8, "Index Cond": "(movie_id = t.id)"}]}]}]}, {"Node Type": "Index Scan", "Parent Relationship": "Inner", "Scan Direction": "Forward", "Index Name": "movie_id_movie_companies", "Relation Name": "movie_companies", "Alias": "mc", "Startup Cost": 0.0, "Total Cost": 0.36, "Plan Rows": 2, "Plan Width": 12, "Index Cond": "(movie_id = mi_idx.movie_id)"}]}, {"Node Type": "Index Scan", "Parent Relationship": "Inner", "Scan Direction": "Forward", "Index Name": "movie_id_movie_info", "Relation Name": "movie_info", "Alias": "mi", "Startup Cost": 0.0, "Total Cost": 0.66, "Plan Rows": 5, "Plan Width": 50, "Index Cond": "(movie_id = mc.movie_id)"}]}]}, {"Node Type": "Index Scan", "Parent Relationship": "Inner", "Scan Direction": "Forward", "Index Name": "company_name_pkey", "Relation Name": "company_name", "Alias": "cn", "Startup Cost": 0.0, "Total Cost": 0.28, "Plan Rows": 1, "Plan Width": 4, "Index Cond": "(id = mc.company_id)", "Filter": "((country_code)::text = '[us]'::text)"}]}, {"Node Type": "Index Scan", "Parent Relationship": "Inner", "Scan Direction": "Forward", "Index Name": "company_type_pkey", "Relation Name": "company_type", "Alias": "ct", "Startup Cost": 0.0, "Total Cost": 0.28, "Plan Rows": 1, "Plan Width": 4, "Index Cond": "(id = mc.company_type_id)", "Filter": "((kind IS NOT NULL) AND (((kind)::text = 'production companies'::text) OR ((kind)::text = 'distributors'::text)))"}]}]}, "Unique SQL Id": 1682224415}, "explain_analyze_plan": {"Plan": {"Node Type": "Aggregate", "Strategy": "Plain", "Startup Cost": 22345.75, "Total Cost": 22345.76, "Plan Rows": 1, "Plan Width": 123, "Actual Min Startup Time": 109.506, "Actual Max Startup Time": 109.506, "Actual Min Total Time": 109.506, "Actual Max Total Time": 109.506, "Actual Total Rows": 1, "Plans": [{"Node Type": "Nested Loop", "Parent Relationship": "Outer", "Join Type": "Inner", "Startup Cost": 0.0, "Total Cost": 22345.73, "Plan Rows": 4, "Plan Width": 59, "Actual Min Startup Time": 107.8, "Actual Max Startup Time": 107.8, "Actual Min Total Time": 109.47, "Actual Max Total Time": 109.47, "Actual Total Rows": 5, "Inner Unique": true, "Plans": [{"Node Type": "Nested Loop", "Parent Relationship": "Outer", "Join Type": "Inner", "Startup Cost": 0.0, "Total Cost": 22344.59, "Plan Rows": 4, "Plan Width": 63, "Actual Min Startup Time": 104.97, "Actual Max Startup Time": 104.97, "Actual Min Total Time": 109.442, "Actual Max Total Time": 109.442, "Actual Total Rows": 10, "Inner Unique": true, "Plans": [{"Node Type": "Nested Loop", "Parent Relationship": "Outer", "Join Type": "Inner", "Startup Cost": 0.0, "Total Cost": 22343.15, "Plan Rows": 5, "Plan Width": 67, "Actual Min Startup Time": 103.615, "Actual Max Startup Time": 103.615, "Actual Min Total Time": 109.245, "Actual Max Total Time": 109.245, "Actual Total Rows": 33, "Inner Unique": false, "Join Filter": "(mi.info_type_id = it1.id)", "Rows Removed by Join Filter": 4926, "Plans": [{"Node Type": "Seq Scan", "Parent Relationship": "Outer", "Relation Name": "info_type", "Alias": "it1", "Startup Cost": 0.0, "Total Cost": 2.4, "Plan Rows": 1, "Plan Width": 4, "Actual Min Startup Time": 0.084, "Actual Max Startup Time": 0.084, "Actual Min Total Time": 0.092, "Actual Max Total Time": 0.092, "Actual Total Rows": 1, "Filter": "((info)::text = 'budget'::text)", "Rows Removed by Filter": 111}, {"Node Type": "Nested Loop", "Parent Relationship": "Inner", "Join Type": "Inner", "Startup Cost": 0.0, "Total Cost": 22326.73, "Plan Rows": 1122, "Plan Width": 71, "Actual Min Startup Time": 103.384, "Actual Max Startup Time": 103.384, "Actual Min Total Time": 108.147, "Actual Max Total Time": 108.147, "Actual Total Rows": 4959, "Inner Unique": false, "Join Filter": "(t.id = mi.movie_id)", "Rows Removed by Join Filter": 0, "Plans": [{"Node Type": "Nested Loop", "Parent Relationship": "Outer", "Join Type": "Inner", "Startup Cost": 0.0, "Total Cost": 22174.07, "Plan Rows": 210, "Plan Width": 37, "Actual Min Startup Time": 103.354, "Actual Max Startup Time": 103.354, "Actual Min Total Time": 104.141, "Actual Max Total Time": 104.141, "Actual Total Rows": 33, "Inner Unique": false, "Join Filter": "(t.id = mc.movie_id)", "Rows Removed by Join Filter": 0, "Plans": [{"Node Type": "Nested Loop", "Parent Relationship": "Outer", "Join Type": "Inner", "Startup Cost": 0.0, "Total Cost": 22053.3, "Plan Rows": 311, "Plan Width": 25, "Actual Min Startup Time": 103.33, "Actual Max Startup Time": 103.33, "Actual Min Total Time": 104.082, "Actual Max Total Time": 104.082, "Actual Total Rows": 2, "Inner Unique": false, "Join Filter": "(mi_idx.info_type_id = it2.id)", "Rows Removed by Join Filter": 2643, "Plans": [{"Node Type": "Seq Scan", "Parent Relationship": "Outer", "Relation Name": "info_type", "Alias": "it2", "Startup Cost": 0.0, "Total Cost": 2.4, "Plan Rows": 1, "Plan Width": 4, "Actual Min Startup Time": 0.075, "Actual Max Startup Time": 0.075, "Actual Min Total Time": 0.08, "Actual Max Total Time": 0.08, "Actual Total Rows": 1, "Filter": "((info)::text = 'bottom 10 rank'::text)", "Rows Removed by Filter": 111}, {"Node Type": "Materialize", "Parent Relationship": "Inner", "Startup Cost": 0.0, "Total Cost": 22046.94, "Plan Rows": 396, "Plan Width": 29, "Actual Min Startup Time": 103.112, "Actual Max Startup Time": 103.112, "Actual Min Total Time": 103.423, "Actual Max Total Time": 103.423, "Actual Total Rows": 2646, "Plans": [{"Node Type": "Nested Loop", "Parent Relationship": "Outer", "Join Type": "Inner", "Startup Cost": 0.0, "Total Cost": 22045.95, "Plan Rows": 396, "Plan Width": 29, "Actual Min Startup Time": 77.489, "Actual Max Startup Time": 77.489, "Actual Min Total Time": 102.25, "Actual Max Total Time": 102.25, "Actual Total Rows": 2645, "Inner Unique": false, "Plans": [{"Node Type": "Streaming(type: LOCAL GATHER dop: 1/16)", "Parent Relationship": "Outer", "Startup Cost": 0.0, "Total Cost": 19945.03, "Plan Rows": 258, "Plan Width": 21, "Actual Min Startup Time": 77.412, "Actual Max Startup Time": 77.412, "Actual Min Total Time": 90.685, "Actual Max Total Time": 90.685, "Actual Total Rows": 2536, "Plans": [{"Node Type": "Seq Scan", "Parent Relationship": "Outer", "Relation Name": "title", "Alias": "t", "Startup Cost": 0.0, "Total Cost": 19939.47, "Plan Rows": 258, "Plan Width": 21, "Actual Min Startup Time": 0.04, "Actual Max Startup Time": 5.381, "Actual Min Total Time": 79.981, "Actual Max Total Time": 84.188, "Actual Total Rows": 2536, "Filter": "((production_year > 2000) AND (((title)::text ~~ 'Birdemic%'::text) OR ((title)::text ~~ '%Movie%'::text)))", "Rows Removed by Filter": 2525775}]}, {"Node Type": "Index Scan", "Parent Relationship": "Inner", "Scan Direction": "Forward", "Index Name": "movie_id_movie_info_idx", "Relation Name": "movie_info_idx", "Alias": "mi_idx", "Startup Cost": 0.0, "Total Cost": 8.12, "Plan Rows": 2, "Plan Width": 8, "Actual Min Startup Time": 8.8, "Actual Max Startup Time": 8.8, "Actual Min Total Time": 9.763, "Actual Max Total Time": 9.763, "Actual Total Rows": 2645, "Index Cond": "(movie_id = t.id)", "Rows Removed by Index Recheck": 0}]}]}]}, {"Node Type": "Index Scan", "Parent Relationship": "Inner", "Scan Direction": "Forward", "Index Name": "movie_id_movie_companies", "Relation Name": "movie_companies", "Alias": "mc", "Startup Cost": 0.0, "Total Cost": 0.36, "Plan Rows": 2, "Plan Width": 12, "Actual Min Startup Time": 0.024, "Actual Max Startup Time": 0.024, "Actual Min Total Time": 0.04, "Actual Max Total Time": 0.04, "Actual Total Rows": 33, "Index Cond": "(movie_id = mi_idx.movie_id)", "Rows Removed by Index Recheck": 0}]}, {"Node Type": "Index Scan", "Parent Relationship": "Inner", "Scan Direction": "Forward", "Index Name": "movie_id_movie_info", "Relation Name": "movie_info", "Alias": "mi", "Startup Cost": 0.0, "Total Cost": 0.66, "Plan Rows": 5, "Plan Width": 50, "Actual Min Startup Time": 0.491, "Actual Max Startup Time": 0.491, "Actual Min Total Time": 2.431, "Actual Max Total Time": 2.431, "Actual Total Rows": 4959, "Index Cond": "(movie_id = mc.movie_id)", "Rows Removed by Index Recheck": 0}]}]}, {"Node Type": "Index Scan", "Parent Relationship": "Inner", "Scan Direction": "Forward", "Index Name": "company_name_pkey", "Relation Name": "company_name", "Alias": "cn", "Startup Cost": 0.0, "Total Cost": 0.28, "Plan Rows": 1, "Plan Width": 4, "Actual Min Startup Time": 0.171, "Actual Max Startup Time": 0.171, "Actual Min Total Time": 0.171, "Actual Max Total Time": 0.171, "Actual Total Rows": 10, "Index Cond": "(id = mc.company_id)", "Rows Removed by Index Recheck": 0, "Filter": "((country_code)::text = '[us]'::text)", "Rows Removed by Filter": 23}]}, {"Node Type": "Index Scan", "Parent Relationship": "Inner", "Scan Direction": "Forward", "Index Name": "company_type_pkey", "Relation Name": "company_type", "Alias": "ct", "Startup Cost": 0.0, "Total Cost": 0.28, "Plan Rows": 1, "Plan Width": 4, "Actual Min Startup Time": 0.021, "Actual Max Startup Time": 0.021, "Actual Min Total Time": 0.021, "Actual Max Total Time": 0.021, "Actual Total Rows": 5, "Index Cond": "(id = mc.company_type_id)", "Rows Removed by Index Recheck": 0, "Filter": "((kind IS NOT NULL) AND (((kind)::text = 'production companies'::text) OR ((kind)::text = 'distributors'::text)))", "Rows Removed by Filter": 0}]}]}, "Triggers": [], "Planner Runtime": 22.219, "Total Runtime": 112.631, "Unique SQL Id": 1682224415}}, "(16, 61)": {"explain_plan": {"Plan": {"Node Type": "Aggregate", "Strategy": "Plain", "Startup Cost": 105032.63, "Total Cost": 105032.64, "Plan Rows": 1, "Plan Width": 123, "Plans": [{"Node Type": "Nested Loop", "Parent Relationship": "Outer", "Join Type": "Inner", "Startup Cost": 0.0, "Total Cost": 105032.61, "Plan Rows": 4, "Plan Width": 59, "Inner Unique": true, "Plans": [{"Node Type": "Nested Loop", "Parent Relationship": "Outer", "Join Type": "Inner", "Startup Cost": 0.0, "Total Cost": 105031.47, "Plan Rows": 4, "Plan Width": 63, "Inner Unique": true, "Plans": [{"Node Type": "Nested Loop", "Parent Relationship": "Outer", "Join Type": "Inner", "Startup Cost": 0.0, "Total Cost": 105030.03, "Plan Rows": 5, "Plan Width": 67, "Inner Unique": false, "Join Filter": "(mi.info_type_id = it1.id)", "Plans": [{"Node Type": "Index Scan", "Parent Relationship": "Outer", "Scan Direction": "Forward", "Index Name": "info_type_pkey", "Relation Name": "info_type", "Alias": "it1", "Startup Cost": 0.0, "Total Cost": 14.21, "Plan Rows": 1, "Plan Width": 4, "Filter": "((info)::text = 'budget'::text)"}, {"Node Type": "Nested Loop", "Parent Relationship": "Inner", "Join Type": "Inner", "Startup Cost": 0.0, "Total Cost": 105001.79, "Plan Rows": 1122, "Plan Width": 71, "Inner Unique": false, "Join Filter": "(t.id = mi.movie_id)", "Plans": [{"Node Type": "Nested Loop", "Parent Relationship": "Outer", "Join Type": "Inner", "Startup Cost": 0.0, "Total Cost": 104849.13, "Plan Rows": 210, "Plan Width": 37, "Inner Unique": false, "Join Filter": "(t.id = mc.movie_id)", "Plans": [{"Node Type": "Nested Loop", "Parent Relationship": "Outer", "Join Type": "Inner", "Startup Cost": 0.0, "Total Cost": 104728.36, "Plan Rows": 311, "Plan Width": 25, "Inner Unique": false, "Join Filter": "(mi_idx.info_type_id = it2.id)", "Plans": [{"Node Type": "Index Scan", "Parent Relationship": "Outer", "Scan Direction": "Forward", "Index Name": "info_type_pkey", "Relation Name": "info_type", "Alias": "it2", "Startup Cost": 0.0, "Total Cost": 14.21, "Plan Rows": 1, "Plan Width": 4, "Filter": "((info)::text = 'bottom 10 rank'::text)"}, {"Node Type": "Materialize", "Parent Relationship": "Inner", "Startup Cost": 0.0, "Total Cost": 104710.19, "Plan Rows": 396, "Plan Width": 29, "Plans": [{"Node Type": "Nested Loop", "Parent Relationship": "Outer", "Join Type": "Inner", "Startup Cost": 0.0, "Total Cost": 104709.2, "Plan Rows": 396, "Plan Width": 29, "Inner Unique": false, "Plans": [{"Node Type": "Streaming(type: LOCAL GATHER dop: 1/16)", "Parent Relationship": "Outer", "Startup Cost": 0.0, "Total Cost": 102608.29, "Plan Rows": 258, "Plan Width": 21, "Plans": [{"Node Type": "Index Scan", "Parent Relationship": "Outer", "Scan Direction": "Forward", "Index Name": "title_pkey", "Relation Name": "title", "Alias": "t", "Startup Cost": 0.0, "Total Cost": 102602.72, "Plan Rows": 258, "Plan Width": 21, "Filter": "((production_year > 2000) AND (((title)::text ~~ 'Birdemic%'::text) OR ((title)::text ~~ '%Movie%'::text)))"}]}, {"Node Type": "Index Scan", "Parent Relationship": "Inner", "Scan Direction": "Forward", "Index Name": "movie_id_movie_info_idx", "Relation Name": "movie_info_idx", "Alias": "mi_idx", "Startup Cost": 0.0, "Total Cost": 8.12, "Plan Rows": 2, "Plan Width": 8, "Index Cond": "(movie_id = t.id)"}]}]}]}, {"Node Type": "Index Scan", "Parent Relationship": "Inner", "Scan Direction": "Forward", "Index Name": "movie_id_movie_companies", "Relation Name": "movie_companies", "Alias": "mc", "Startup Cost": 0.0, "Total Cost": 0.36, "Plan Rows": 2, "Plan Width": 12, "Index Cond": "(movie_id = mi_idx.movie_id)"}]}, {"Node Type": "Index Scan", "Parent Relationship": "Inner", "Scan Direction": "Forward", "Index Name": "movie_id_movie_info", "Relation Name": "movie_info", "Alias": "mi", "Startup Cost": 0.0, "Total Cost": 0.66, "Plan Rows": 5, "Plan Width": 50, "Index Cond": "(movie_id = mc.movie_id)"}]}]}, {"Node Type": "Index Scan", "Parent Relationship": "Inner", "Scan Direction": "Forward", "Index Name": "company_name_pkey", "Relation Name": "company_name", "Alias": "cn", "Startup Cost": 0.0, "Total Cost": 0.28, "Plan Rows": 1, "Plan Width": 4, "Index Cond": "(id = mc.company_id)", "Filter": "((country_code)::text = '[us]'::text)"}]}, {"Node Type": "Index Scan", "Parent Relationship": "Inner", "Scan Direction": "Forward", "Index Name": "company_type_pkey", "Relation Name": "company_type", "Alias": "ct", "Startup Cost": 0.0, "Total Cost": 0.28, "Plan Rows": 1, "Plan Width": 4, "Index Cond": "(id = mc.company_type_id)", "Filter": "((kind IS NOT NULL) AND (((kind)::text = 'production companies'::text) OR ((kind)::text = 'distributors'::text)))"}]}]}, "Unique SQL Id": 1682224415}, "explain_analyze_plan": {"Plan": {"Node Type": "Aggregate", "Strategy": "Plain", "Startup Cost": 105032.63, "Total Cost": 105032.64, "Plan Rows": 1, "Plan Width": 123, "Actual Min Startup Time": 288.744, "Actual Max Startup Time": 288.744, "Actual Min Total Time": 288.744, "Actual Max Total Time": 288.744, "Actual Total Rows": 1, "Plans": [{"Node Type": "Nested Loop", "Parent Relationship": "Outer", "Join Type": "Inner", "Startup Cost": 0.0, "Total Cost": 105032.61, "Plan Rows": 4, "Plan Width": 59, "Actual Min Startup Time": 287.379, "Actual Max Startup Time": 287.379, "Actual Min Total Time": 288.702, "Actual Max Total Time": 288.702, "Actual Total Rows": 5, "Inner Unique": true, "Plans": [{"Node Type": "Nested Loop", "Parent Relationship": "Outer", "Join Type": "Inner", "Startup Cost": 0.0, "Total Cost": 105031.47, "Plan Rows": 4, "Plan Width": 63, "Actual Min Startup Time": 284.536, "Actual Max Startup Time": 284.536, "Actual Min Total Time": 288.667, "Actual Max Total Time": 288.667, "Actual Total Rows": 10, "Inner Unique": true, "Plans": [{"Node Type": "Nested Loop", "Parent Relationship": "Outer", "Join Type": "Inner", "Startup Cost": 0.0, "Total Cost": 105030.03, "Plan Rows": 5, "Plan Width": 67, "Actual Min Startup Time": 283.152, "Actual Max Startup Time": 283.152, "Actual Min Total Time": 288.453, "Actual Max Total Time": 288.453, "Actual Total Rows": 33, "Inner Unique": false, "Join Filter": "(mi.info_type_id = it1.id)", "Rows Removed by Join Filter": 4926, "Plans": [{"Node Type": "Index Scan", "Parent Relationship": "Outer", "Scan Direction": "Forward", "Index Name": "info_type_pkey", "Relation Name": "info_type", "Alias": "it1", "Startup Cost": 0.0, "Total Cost": 14.21, "Plan Rows": 1, "Plan Width": 4, "Actual Min Startup Time": 0.109, "Actual Max Startup Time": 0.109, "Actual Min Total Time": 0.116, "Actual Max Total Time": 0.116, "Actual Total Rows": 1, "Filter": "((info)::text = 'budget'::text)", "Rows Removed by Filter": 111}, {"Node Type": "Nested Loop", "Parent Relationship": "Inner", "Join Type": "Inner", "Startup Cost": 0.0, "Total Cost": 105001.79, "Plan Rows": 1122, "Plan Width": 71, "Actual Min Startup Time": 282.882, "Actual Max Startup Time": 282.882, "Actual Min Total Time": 287.361, "Actual Max Total Time": 287.361, "Actual Total Rows": 4959, "Inner Unique": false, "Join Filter": "(t.id = mi.movie_id)", "Rows Removed by Join Filter": 0, "Plans": [{"Node Type": "Nested Loop", "Parent Relationship": "Outer", "Join Type": "Inner", "Startup Cost": 0.0, "Total Cost": 104849.13, "Plan Rows": 210, "Plan Width": 37, "Actual Min Startup Time": 282.848, "Actual Max Startup Time": 282.848, "Actual Min Total Time": 283.245, "Actual Max Total Time": 283.245, "Actual Total Rows": 33, "Inner Unique": false, "Join Filter": "(t.id = mc.movie_id)", "Rows Removed by Join Filter": 0, "Plans": [{"Node Type": "Nested Loop", "Parent Relationship": "Outer", "Join Type": "Inner", "Startup Cost": 0.0, "Total Cost": 104728.36, "Plan Rows": 311, "Plan Width": 25, "Actual Min Startup Time": 282.824, "Actual Max Startup Time": 282.824, "Actual Min Total Time": 283.177, "Actual Max Total Time": 283.177, "Actual Total Rows": 2, "Inner Unique": false, "Join Filter": "(mi_idx.info_type_id = it2.id)", "Rows Removed by Join Filter": 2643, "Plans": [{"Node Type": "Index Scan", "Parent Relationship": "Outer", "Scan Direction": "Forward", "Index Name": "info_type_pkey", "Relation Name": "info_type", "Alias": "it2", "Startup Cost": 0.0, "Total Cost": 14.21, "Plan Rows": 1, "Plan Width": 4, "Actual Min Startup Time": 0.08, "Actual Max Startup Time": 0.08, "Actual Min Total Time": 0.08, "Actual Max Total Time": 0.08, "Actual Total Rows": 1, "Filter": "((info)::text = 'bottom 10 rank'::text)", "Rows Removed by Filter": 111}, {"Node Type": "Materialize", "Parent Relationship": "Inner", "Startup Cost": 0.0, "Total Cost": 104710.19, "Plan Rows": 396, "Plan Width": 29, "Actual Min Startup Time": 281.979, "Actual Max Startup Time": 281.979, "Actual Min Total Time": 282.441, "Actual Max Total Time": 282.441, "Actual Total Rows": 2646, "Plans": [{"Node Type": "Nested Loop", "Parent Relationship": "Outer", "Join Type": "Inner", "Startup Cost": 0.0, "Total Cost": 104709.2, "Plan Rows": 396, "Plan Width": 29, "Actual Min Startup Time": 81.307, "Actual Max Startup Time": 81.307, "Actual Min Total Time": 280.904, "Actual Max Total Time": 280.904, "Actual Total Rows": 2645, "Inner Unique": false, "Plans": [{"Node Type": "Streaming(type: LOCAL GATHER dop: 1/16)", "Parent Relationship": "Outer", "Startup Cost": 0.0, "Total Cost": 102608.29, "Plan Rows": 258, "Plan Width": 21, "Actual Min Startup Time": 81.253, "Actual Max Startup Time": 81.253, "Actual Min Total Time": 268.275, "Actual Max Total Time": 268.275, "Actual Total Rows": 2536, "Plans": [{"Node Type": "Index Scan", "Parent Relationship": "Outer", "Scan Direction": "Forward", "Index Name": "title_pkey", "Relation Name": "title", "Alias": "t", "Startup Cost": 0.0, "Total Cost": 102602.72, "Plan Rows": 258, "Plan Width": 21, "Actual Min Startup Time": 9.904, "Actual Max Startup Time": 25.069, "Actual Min Total Time": 238.632, "Actual Max Total Time": 275.078, "Actual Total Rows": 2536, "Filter": "((production_year > 2000) AND (((title)::text ~~ 'Birdemic%'::text) OR ((title)::text ~~ '%Movie%'::text)))", "Rows Removed by Filter": 2525775}]}, {"Node Type": "Index Scan", "Parent Relationship": "Inner", "Scan Direction": "Forward", "Index Name": "movie_id_movie_info_idx", "Relation Name": "movie_info_idx", "Alias": "mi_idx", "Startup Cost": 0.0, "Total Cost": 8.12, "Plan Rows": 2, "Plan Width": 8, "Actual Min Startup Time": 9.535, "Actual Max Startup Time": 9.535, "Actual Min Total Time": 10.518, "Actual Max Total Time": 10.518, "Actual Total Rows": 2645, "Index Cond": "(movie_id = t.id)", "Rows Removed by Index Recheck": 0}]}]}]}, {"Node Type": "Index Scan", "Parent Relationship": "Inner", "Scan Direction": "Forward", "Index Name": "movie_id_movie_companies", "Relation Name": "movie_companies", "Alias": "mc", "Startup Cost": 0.0, "Total Cost": 0.36, "Plan Rows": 2, "Plan Width": 12, "Actual Min Startup Time": 0.027, "Actual Max Startup Time": 0.027, "Actual Min Total Time": 0.048, "Actual Max Total Time": 0.048, "Actual Total Rows": 33, "Index Cond": "(movie_id = mi_idx.movie_id)", "Rows Removed by Index Recheck": 0}]}, {"Node Type": "Index Scan", "Parent Relationship": "Inner", "Scan Direction": "Forward", "Index Name": "movie_id_movie_info", "Relation Name": "movie_info", "Alias": "mi", "Startup Cost": 0.0, "Total Cost": 0.66, "Plan Rows": 5, "Plan Width": 50, "Actual Min Startup Time": 0.503, "Actual Max Startup Time": 0.503, "Actual Min Total Time": 2.531, "Actual Max Total Time": 2.531, "Actual Total Rows": 4959, "Index Cond": "(movie_id = mc.movie_id)", "Rows Removed by Index Recheck": 0}]}]}, {"Node Type": "Index Scan", "Parent Relationship": "Inner", "Scan Direction": "Forward", "Index Name": "company_name_pkey", "Relation Name": "company_name", "Alias": "cn", "Startup Cost": 0.0, "Total Cost": 0.28, "Plan Rows": 1, "Plan Width": 4, "Actual Min Startup Time": 0.191, "Actual Max Startup Time": 0.191, "Actual Min Total Time": 0.191, "Actual Max Total Time": 0.191, "Actual Total Rows": 10, "Index Cond": "(id = mc.company_id)", "Rows Removed by Index Recheck": 0, "Filter": "((country_code)::text = '[us]'::text)", "Rows Removed by Filter": 23}]}, {"Node Type": "Index Scan", "Parent Relationship": "Inner", "Scan Direction": "Forward", "Index Name": "company_type_pkey", "Relation Name": "company_type", "Alias": "ct", "Startup Cost": 0.0, "Total Cost": 0.28, "Plan Rows": 1, "Plan Width": 4, "Actual Min Startup Time": 0.024, "Actual Max Startup Time": 0.024, "Actual Min Total Time": 0.024, "Actual Max Total Time": 0.024, "Actual Total Rows": 5, "Index Cond": "(id = mc.company_type_id)", "Rows Removed by Index Recheck": 0, "Filter": "((kind IS NOT NULL) AND (((kind)::text = 'production companies'::text) OR ((kind)::text = 'distributors'::text)))", "Rows Removed by Filter": 0}]}]}, "Triggers": [], "Planner Runtime": 65.028, "Total Runtime": 291.894, "Unique SQL Id": 1682224415}}, "(16, 62)": {"explain_plan": {"Plan": {"Node Type": "Aggregate", "Strategy": "Plain", "Startup Cost": 247687.29, "Total Cost": 247687.3, "Plan Rows": 1, "Plan Width": 123, "Plans": [{"Node Type": "Nested Loop", "Parent Relationship": "Outer", "Join Type": "Inner", "Startup Cost": 0.0, "Total Cost": 247687.27, "Plan Rows": 4, "Plan Width": 59, "Inner Unique": true, "Join Filter": "(mc.company_type_id = ct.id)", "Plans": [{"Node Type": "Nested Loop", "Parent Relationship": "Outer", "Join Type": "Inner", "Startup Cost": 0.0, "Total Cost": 247686.1, "Plan Rows": 4, "Plan Width": 63, "Inner Unique": false, "Join Filter": "(mc.company_id = cn.id)", "Plans": [{"Node Type": "Seq Scan", "Parent Relationship": "Outer", "Relation Name": "company_name", "Alias": "cn", "Startup Cost": 0.0, "Total Cost": 5903.45, "Plan Rows": 85170, "Plan Width": 4, "Filter": "((country_code)::text = '[us]'::text)"}, {"Node Type": "Materialize", "Parent Relationship": "Inner", "Startup Cost": 0.0, "Total Cost": 235394.91, "Plan Rows": 5, "Plan Width": 67, "Plans": [{"Node Type": "Streaming(type: LOCAL GATHER dop: 1/16)", "Parent Relationship": "Outer", "Startup Cost": 0.0, "Total Cost": 235394.89, "Plan Rows": 5, "Plan Width": 67, "Plans": [{"Node Type": "Nested Loop", "Parent Relationship": "Outer", "Join Type": "Inner", "Startup Cost": 0.0, "Total Cost": 235394.78, "Plan Rows": 5, "Plan Width": 67, "Inner Unique": false, "Join Filter": "(t.id = mc.movie_id)", "Plans": [{"Node Type": "Seq Scan", "Parent Relationship": "Outer", "Relation Name": "movie_companies", "Alias": "mc", "Startup Cost": 0.0, "Total Cost": 17613.58, "Plan Rows": 2609128, "Plan Width": 12}, {"Node Type": "Materialize", "Parent Relationship": "Inner", "Startup Cost": 0.0, "Total Cost": 198212.76, "Plan Rows": 128, "Plan Width": 71, "Plans": [{"Node Type": "Streaming(type: BROADCAST dop: 16/16)", "Parent Relationship": "Outer", "Startup Cost": 0.0, "Total Cost": 198212.72, "Plan Rows": 128, "Plan Width": 71, "Plans": [{"Node Type": "Nested Loop", "Parent Relationship": "Outer", "Join Type": "Inner", "Startup Cost": 0.0, "Total Cost": 183212.4, "Plan Rows": 8, "Plan Width": 71, "Inner Unique": false, "Join Filter": "(mi_idx.movie_id = t.id)", "Plans": [{"Node Type": "Streaming(type: LOCAL REDISTRIBUTE dop: 16/16)", "Parent Relationship": "Outer", "Startup Cost": 0.0, "Total Cost": 48655.3, "Plan Rows": 345008, "Plan Width": 4, "Plans": [{"Node Type": "Nested Loop", "Parent Relationship": "Outer", "Join Type": "Inner", "Startup Cost": 0.0, "Total Cost": 32348.04, "Plan Rows": 345008, "Plan Width": 4, "Inner Unique": false, "Join Filter": "(it2.id = mi_idx.info_type_id), (LLVM Optimized)", "Plans": [{"Node Type": "Streaming(type: BROADCAST dop: 16/1)", "Parent Relationship": "Outer", "Startup Cost": 0.0, "Total Cost": 15002.75, "Plan Rows": 16, "Plan Width": 4, "Plans": [{"Node Type": "Seq Scan", "Parent Relationship": "Outer", "Relation Name": "info_type", "Alias": "it2", "Startup Cost": 0.0, "Total Cost": 2.4, "Plan Rows": 1, "Plan Width": 4, "Filter": "((info)::text = 'bottom 10 rank'::text)"}]}, {"Node Type": "Seq Scan", "Parent Relationship": "Inner", "Relation Name": "movie_info_idx", "Alias": "mi_idx", "Startup Cost": 0.0, "Total Cost": 16267.15, "Plan Rows": 1380034, "Plan Width": 8}]}]}, {"Node Type": "Materialize", "Parent Relationship": "Inner", "Startup Cost": 0.0, "Total Cost": 129139.43, "Plan Rows": 268, "Plan Width": 67, "Plans": [{"Node Type": "Streaming(type: LOCAL REDISTRIBUTE dop: 16/16)", "Parent Relationship": "Outer", "Startup Cost": 0.0, "Total Cost": 129139.35, "Plan Rows": 268, "Plan Width": 67, "Plans": [{"Node Type": "Nested Loop", "Parent Relationship": "Outer", "Join Type": "Inner", "Startup Cost": 0.0, "Total Cost": 114138.33, "Plan Rows": 268, "Plan Width": 67, "Inner Unique": true, "Join Filter": "(mi.movie_id = t.id)", "Plans": [{"Node Type": "Streaming(type: LOCAL REDISTRIBUTE dop: 16/16)", "Parent Relationship": "Outer", "Startup Cost": 0.0, "Total Cost": 75986.54, "Plan Rows": 212428, "Plan Width": 46, "Plans": [{"Node Type": "Nested Loop", "Parent Relationship": "Outer", "Join Type": "Inner", "Startup Cost": 0.0, "Total Cost": 60181.64, "Plan Rows": 212428, "Plan Width": 46, "Inner Unique": false, "Join Filter": "(it1.id = mi.info_type_id), (LLVM Optimized)", "Plans": [{"Node Type": "Streaming(type: BROADCAST dop: 16/1)", "Parent Relationship": "Outer", "Startup Cost": 0.0, "Total Cost": 15002.75, "Plan Rows": 16, "Plan Width": 4, "Plans": [{"Node Type": "Seq Scan", "Parent Relationship": "Outer", "Relation Name": "info_type", "Alias": "it1", "Startup Cost": 0.0, "Total Cost": 2.4, "Plan Rows": 1, "Plan Width": 4, "Filter": "((info)::text = 'budget'::text)"}]}, {"Node Type": "Seq Scan", "Parent Relationship": "Inner", "Relation Name": "movie_info", "Alias": "mi", "Startup Cost": 0.0, "Total Cost": 33561.73, "Plan Rows": 14869966, "Plan Width": 50}]}]}, {"Node Type": "Materialize", "Parent Relationship": "Inner", "Startup Cost": 0.0, "Total Cost": 34940.52, "Plan Rows": 258, "Plan Width": 21, "Plans": [{"Node Type": "Streaming(type: LOCAL REDISTRIBUTE dop: 16/16)", "Parent Relationship": "Outer", "Startup Cost": 0.0, "Total Cost": 34940.44, "Plan Rows": 258, "Plan Width": 21, "Plans": [{"Node Type": "Seq Scan", "Parent Relationship": "Outer", "Relation Name": "title", "Alias": "t", "Startup Cost": 0.0, "Total Cost": 19939.47, "Plan Rows": 258, "Plan Width": 21, "Filter": "((production_year > 2000) AND (((title)::text ~~ 'Birdemic%'::text) OR ((title)::text ~~ '%Movie%'::text)))"}]}]}]}]}]}]}]}]}]}]}]}]}, {"Node Type": "Materialize", "Parent Relationship": "Inner", "Startup Cost": 0.0, "Total Cost": 1.05, "Plan Rows": 2, "Plan Width": 4, "Plans": [{"Node Type": "Seq Scan", "Parent Relationship": "Outer", "Relation Name": "company_type", "Alias": "ct", "Startup Cost": 0.0, "Total Cost": 1.04, "Plan Rows": 2, "Plan Width": 4, "Filter": "((kind IS NOT NULL) AND (((kind)::text = 'production companies'::text) OR ((kind)::text = 'distributors'::text)))"}]}]}]}, "Unique SQL Id": 1682224415}, "explain_analyze_plan": null}, "(16, 63)": {"explain_plan": {"Plan": {"Node Type": "Aggregate", "Strategy": "Plain", "Startup Cost": 8000134520134.75, "Total Cost": 8000134520134.76, "Plan Rows": 1, "Plan Width": 123, "Plans": [{"Node Type": "Nested Loop", "Parent Relationship": "Outer", "Join Type": "Inner", "Startup Cost": 80000000000.0, "Total Cost": 8000134520134.73, "Plan Rows": 4, "Plan Width": 59, "Inner Unique": true, "Join Filter": "(mc.company_type_id = ct.id)", "Plans": [{"Node Type": "Nested Loop", "Parent Relationship": "Outer", "Join Type": "Inner", "Startup Cost": 70000000000.0, "Total Cost": 7000134518903.61, "Plan Rows": 4, "Plan Width": 63, "Inner Unique": true, "Join Filter": "(mc.company_id = cn.id)", "Plans": [{"Node Type": "Nested Loop", "Parent Relationship": "Outer", "Join Type": "Inner", "Startup Cost": 60000000000.0, "Total Cost": 6000133462163.97, "Plan Rows": 5, "Plan Width": 67, "Inner Unique": false, "Join Filter": "(t.id = mc.movie_id)", "Plans": [{"Node Type": "Index Scan", "Parent Relationship": "Outer", "Scan Direction": "Forward", "Index Name": "company_type_id_movie_companies", "Relation Name": "movie_companies", "Alias": "mc", "Startup Cost": 10000000000.0, "Total Cost": 1000009318217.0, "Plan Rows": 2609128, "Plan Width": 12}, {"Node Type": "Materialize", "Parent Relationship": "Inner", "Startup Cost": 50000000000.0, "Total Cost": 5000123830851.63, "Plan Rows": 8, "Plan Width": 71, "Plans": [{"Node Type": "Nested Loop", "Parent Relationship": "Outer", "Join Type": "Inner", "Startup Cost": 50000000000.0, "Total Cost": 5000123830851.59, "Plan Rows": 8, "Plan Width": 71, "Inner Unique": false, "Join Filter": "(mi_idx.movie_id = t.id)", "Plans": [{"Node Type": "Nested Loop", "Parent Relationship": "Outer", "Join Type": "Inner", "Startup Cost": 20000000000.0, "Total Cost": 2000004672156.88, "Plan Rows": 345008, "Plan Width": 4, "Inner Unique": true, "Join Filter": "(it2.id = mi_idx.info_type_id), (LLVM Optimized)", "Plans": [{"Node Type": "Index Scan", "Parent Relationship": "Outer", "Scan Direction": "Forward", "Index Name": "movie_id_movie_info_idx", "Relation Name": "movie_info_idx", "Alias": "mi_idx", "Startup Cost": 10000000000.0, "Total Cost": 1000004650035.37, "Plan Rows": 1380034, "Plan Width": 8}, {"Node Type": "Materialize", "Parent Relationship": "Inner", "Startup Cost": 10000000000.0, "Total Cost": 1000000001421.0, "Plan Rows": 1, "Plan Width": 4, "Plans": [{"Node Type": "Index Scan", "Parent Relationship": "Outer", "Scan Direction": "Forward", "Index Name": "info_type_pkey", "Relation Name": "info_type", "Alias": "it2", "Startup Cost": 10000000000.0, "Total Cost": 1000000001421.0, "Plan Rows": 1, "Plan Width": 4, "Filter": "((info)::text = 'bottom 10 rank'::text)"}]}]}, {"Node Type": "Materialize", "Parent Relationship": "Inner", "Startup Cost": 30000000000.0, "Total Cost": 3000117771763.22, "Plan Rows": 268, "Plan Width": 67, "Plans": [{"Node Type": "Nested Loop", "Parent Relationship": "Outer", "Join Type": "Inner", "Startup Cost": 30000000000.0, "Total Cost": 3000117771761.88, "Plan Rows": 268, "Plan Width": 67, "Inner Unique": true, "Join Filter": "(mi.movie_id = t.id)", "Plans": [{"Node Type": "Nested Loop", "Parent Relationship": "Outer", "Join Type": "Inner", "Startup Cost": 20000000000.0, "Total Cost": 2000104041382.71, "Plan Rows": 212428, "Plan Width": 46, "Inner Unique": true, "Join Filter": "(it1.id = mi.info_type_id), (LLVM Optimized)", "Plans": [{"Node Type": "Index Scan", "Parent Relationship": "Outer", "Scan Direction": "Forward", "Index Name": "movie_id_movie_info", "Relation Name": "movie_info", "Alias": "mi", "Startup Cost": 10000000000.0, "Total Cost": 1000103816912.22, "Plan Rows": 14869966, "Plan Width": 50}, {"Node Type": "Materialize", "Parent Relationship": "Inner", "Startup Cost": 10000000000.0, "Total Cost": 1000000001421.0, "Plan Rows": 1, "Plan Width": 4, "Plans": [{"Node Type": "Index Scan", "Parent Relationship": "Outer", "Scan Direction": "Forward", "Index Name": "info_type_pkey", "Relation Name": "info_type", "Alias": "it1", "Startup Cost": 10000000000.0, "Total Cost": 1000000001421.0, "Plan Rows": 1, "Plan Width": 4, "Filter": "((info)::text = 'budget'::text)"}]}]}, {"Node Type": "Materialize", "Parent Relationship": "Inner", "Startup Cost": 10000000000.0, "Total Cost": 1000012908283.45, "Plan Rows": 258, "Plan Width": 21, "Plans": [{"Node Type": "Index Scan", "Parent Relationship": "Outer", "Scan Direction": "Forward", "Index Name": "title_pkey", "Relation Name": "title", "Alias": "t", "Startup Cost": 10000000000.0, "Total Cost": 1000012908282.16, "Plan Rows": 258, "Plan Width": 21, "Filter": "((production_year > 2000) AND (((title)::text ~~ 'Birdemic%'::text) OR ((title)::text ~~ '%Movie%'::text)))"}]}]}]}]}]}]}, {"Node Type": "Materialize", "Parent Relationship": "Inner", "Startup Cost": 10000000000.0, "Total Cost": 1000001050564.82, "Plan Rows": 85170, "Plan Width": 4, "Plans": [{"Node Type": "Index Scan", "Parent Relationship": "Outer", "Scan Direction": "Forward", "Index Name": "company_name_pkey", "Relation Name": "company_name", "Alias": "cn", "Startup Cost": 10000000000.0, "Total Cost": 1000001050138.97, "Plan Rows": 85170, "Plan Width": 4, "Filter": "((country_code)::text = '[us]'::text)"}]}]}, {"Node Type": "Materialize", "Parent Relationship": "Inner", "Startup Cost": 10000000000.0, "Total Cost": 1000000001231.01, "Plan Rows": 2, "Plan Width": 4, "Plans": [{"Node Type": "Index Scan", "Parent Relationship": "Outer", "Scan Direction": "Forward", "Index Name": "company_type_pkey", "Relation Name": "company_type", "Alias": "ct", "Startup Cost": 10000000000.0, "Total Cost": 1000000001231.0, "Plan Rows": 2, "Plan Width": 4, "Filter": "((kind IS NOT NULL) AND (((kind)::text = 'production companies'::text) OR ((kind)::text = 'distributors'::text)))"}]}]}]}, "Unique SQL Id": 1682224415}, "explain_analyze_plan": null}, "(16, 64)": {"explain_plan": {"Plan": {"Node Type": "Aggregate", "Strategy": "Plain", "Startup Cost": 22588.16, "Total Cost": 22588.17, "Plan Rows": 1, "Plan Width": 123, "Plans": [{"Node Type": "Nested Loop", "Parent Relationship": "Outer", "Join Type": "Inner", "Startup Cost": 2.41, "Total Cost": 22587.92, "Plan Rows": 48, "Plan Width": 59, "Inner Unique": true, "Plans": [{"Node Type": "Nested Loop", "Parent Relationship": "Outer", "Join Type": "Inner", "Startup Cost": 2.41, "Total Cost": 22574.24, "Plan Rows": 48, "Plan Width": 63, "Inner Unique": true, "Plans": [{"Node Type": "Nested Loop", "Parent Relationship": "Outer", "Join Type": "Inner", "Startup Cost": 2.41, "Total Cost": 22510.96, "Plan Rows": 220, "Plan Width": 67, "Inner Unique": false, "Join Filter": "(t.id = mc.movie_id)", "Plans": [{"Node Type": "Hash Join", "Parent Relationship": "Outer", "Join Type": "Inner", "Startup Cost": 2.41, "Total Cost": 22477.81, "Plan Rows": 103, "Plan Width": 71, "Inner Unique": true, "Hash Cond": "(mi.info_type_id = it1.id)", "Plans": [{"Node Type": "Nested Loop", "Parent Relationship": "Outer", "Join Type": "Inner", "Startup Cost": 0.0, "Total Cost": 22471.0, "Plan Rows": 1659, "Plan Width": 75, "Inner Unique": false, "Join Filter": "(t.id = mi.movie_id)", "Plans": [{"Node Type": "Nested Loop", "Parent Relationship": "Outer", "Join Type": "Inner", "Startup Cost": 0.0, "Total Cost": 22157.82, "Plan Rows": 311, "Plan Width": 25, "Inner Unique": true, "Plans": [{"Node Type": "Nested Loop", "Parent Relationship": "Outer", "Join Type": "Inner", "Startup Cost": 0.0, "Total Cost": 22045.95, "Plan Rows": 396, "Plan Width": 29, "Inner Unique": false, "Plans": [{"Node Type": "Streaming(type: LOCAL GATHER dop: 1/16)", "Parent Relationship": "Outer", "Startup Cost": 0.0, "Total Cost": 19945.03, "Plan Rows": 258, "Plan Width": 21, "Plans": [{"Node Type": "Seq Scan", "Parent Relationship": "Outer", "Relation Name": "title", "Alias": "t", "Startup Cost": 0.0, "Total Cost": 19939.47, "Plan Rows": 258, "Plan Width": 21, "Filter": "((production_year > 2000) AND (((title)::text ~~ 'Birdemic%'::text) OR ((title)::text ~~ '%Movie%'::text)))"}]}, {"Node Type": "Index Scan", "Parent Relationship": "Inner", "Scan Direction": "Forward", "Index Name": "movie_id_movie_info_idx", "Relation Name": "movie_info_idx", "Alias": "mi_idx", "Startup Cost": 0.0, "Total Cost": 8.12, "Plan Rows": 2, "Plan Width": 8, "Index Cond": "(movie_id = t.id)"}]}, {"Node Type": "Index Scan", "Parent Relationship": "Inner", "Scan Direction": "Forward", "Index Name": "info_type_pkey", "Relation Name": "info_type", "Alias": "it2", "Startup Cost": 0.0, "Total Cost": 0.27, "Plan Rows": 1, "Plan Width": 4, "Index Cond": "(id = mi_idx.info_type_id)", "Filter": "((info)::text = 'bottom 10 rank'::text)"}]}, {"Node Type": "Index Scan", "Parent Relationship": "Inner", "Scan Direction": "Forward", "Index Name": "movie_id_movie_info", "Relation Name": "movie_info", "Alias": "mi", "Startup Cost": 0.0, "Total Cost": 0.94, "Plan Rows": 5, "Plan Width": 50, "Index Cond": "(movie_id = mi_idx.movie_id)"}]}, {"Node Type": "Hash", "Parent Relationship": "Inner", "Startup Cost": 2.4, "Total Cost": 2.4, "Plan Rows": 1, "Plan Width": 4, "Plans": [{"Node Type": "Seq Scan", "Parent Relationship": "Outer", "Relation Name": "info_type", "Alias": "it1", "Startup Cost": 0.0, "Total Cost": 2.4, "Plan Rows": 1, "Plan Width": 4, "Filter": "((info)::text = 'budget'::text)"}]}]}, {"Node Type": "Index Scan", "Parent Relationship": "Inner", "Scan Direction": "Forward", "Index Name": "movie_id_movie_companies", "Relation Name": "movie_companies", "Alias": "mc", "Startup Cost": 0.0, "Total Cost": 0.3, "Plan Rows": 2, "Plan Width": 12, "Index Cond": "(movie_id = mi.movie_id)"}]}, {"Node Type": "Index Scan", "Parent Relationship": "Inner", "Scan Direction": "Forward", "Index Name": "company_name_pkey", "Relation Name": "company_name", "Alias": "cn", "Startup Cost": 0.0, "Total Cost": 0.28, "Plan Rows": 1, "Plan Width": 4, "Index Cond": "(id = mc.company_id)", "Filter": "((country_code)::text = '[us]'::text)"}]}, {"Node Type": "Index Scan", "Parent Relationship": "Inner", "Scan Direction": "Forward", "Index Name": "company_type_pkey", "Relation Name": "company_type", "Alias": "ct", "Startup Cost": 0.0, "Total Cost": 0.28, "Plan Rows": 1, "Plan Width": 4, "Index Cond": "(id = mc.company_type_id)", "Filter": "((kind IS NOT NULL) AND (((kind)::text = 'production companies'::text) OR ((kind)::text = 'distributors'::text)))"}]}]}, "Unique SQL Id": 1682224415}, "explain_analyze_plan": {"Plan": {"Node Type": "Aggregate", "Strategy": "Plain", "Startup Cost": 22588.16, "Total Cost": 22588.17, "Plan Rows": 1, "Plan Width": 123, "Actual Min Startup Time": 127.614, "Actual Max Startup Time": 127.614, "Actual Min Total Time": 127.615, "Actual Max Total Time": 127.615, "Actual Total Rows": 1, "Plans": [{"Node Type": "Nested Loop", "Parent Relationship": "Outer", "Join Type": "Inner", "Startup Cost": 2.41, "Total Cost": 22587.92, "Plan Rows": 48, "Plan Width": 59, "Actual Min Startup Time": 101.959, "Actual Max Startup Time": 101.959, "Actual Min Total Time": 127.574, "Actual Max Total Time": 127.574, "Actual Total Rows": 5, "Inner Unique": true, "Plans": [{"Node Type": "Nested Loop", "Parent Relationship": "Outer", "Join Type": "Inner", "Startup Cost": 2.41, "Total Cost": 22574.24, "Plan Rows": 48, "Plan Width": 63, "Actual Min Startup Time": 101.795, "Actual Max Startup Time": 101.795, "Actual Min Total Time": 127.526, "Actual Max Total Time": 127.526, "Actual Total Rows": 10, "Inner Unique": true, "Plans": [{"Node Type": "Nested Loop", "Parent Relationship": "Outer", "Join Type": "Inner", "Startup Cost": 2.41, "Total Cost": 22510.96, "Plan Rows": 220, "Plan Width": 67, "Actual Min Startup Time": 101.672, "Actual Max Startup Time": 101.672, "Actual Min Total Time": 127.228, "Actual Max Total Time": 127.228, "Actual Total Rows": 33, "Inner Unique": false, "Join Filter": "(t.id = mc.movie_id)", "Rows Removed by Join Filter": 0, "Plans": [{"Node Type": "Hash Join", "Parent Relationship": "Outer", "Join Type": "Inner", "Startup Cost": 2.41, "Total Cost": 22477.81, "Plan Rows": 103, "Plan Width": 71, "Actual Min Startup Time": 101.638, "Actual Max Startup Time": 101.638, "Actual Min Total Time": 127.1, "Actual Max Total Time": 127.1, "Actual Total Rows": 2, "Inner Unique": true, "Hash Cond": "(mi.info_type_id = it1.id)", "Plans": [{"Node Type": "Nested Loop", "Parent Relationship": "Outer", "Join Type": "Inner", "Startup Cost": 0.0, "Total Cost": 22471.0, "Plan Rows": 1659, "Plan Width": 75, "Actual Min Startup Time": 101.293, "Actual Max Startup Time": 101.293, "Actual Min Total Time": 126.887, "Actual Max Total Time": 126.887, "Actual Total Rows": 221, "Inner Unique": false, "Join Filter": "(t.id = mi.movie_id)", "Rows Removed by Join Filter": 0, "Plans": [{"Node Type": "Nested Loop", "Parent Relationship": "Outer", "Join Type": "Inner", "Startup Cost": 0.0, "Total Cost": 22157.82, "Plan Rows": 311, "Plan Width": 25, "Actual Min Startup Time": 101.236, "Actual Max Startup Time": 101.236, "Actual Min Total Time": 126.507, "Actual Max Total Time": 126.507, "Actual Total Rows": 2, "Inner Unique": true, "Plans": [{"Node Type": "Nested Loop", "Parent Relationship": "Outer", "Join Type": "Inner", "Startup Cost": 0.0, "Total Cost": 22045.95, "Plan Rows": 396, "Plan Width": 29, "Actual Min Startup Time": 94.353, "Actual Max Startup Time": 94.353, "Actual Min Total Time": 120.322, "Actual Max Total Time": 120.322, "Actual Total Rows": 2645, "Inner Unique": false, "Plans": [{"Node Type": "Streaming(type: LOCAL GATHER dop: 1/16)", "Parent Relationship": "Outer", "Startup Cost": 0.0, "Total Cost": 19945.03, "Plan Rows": 258, "Plan Width": 21, "Actual Min Startup Time": 94.282, "Actual Max Startup Time": 94.282, "Actual Min Total Time": 103.611, "Actual Max Total Time": 103.611, "Actual Total Rows": 2536, "Plans": [{"Node Type": "Seq Scan", "Parent Relationship": "Outer", "Relation Name": "title", "Alias": "t", "Startup Cost": 0.0, "Total Cost": 19939.47, "Plan Rows": 258, "Plan Width": 21, "Actual Min Startup Time": 0.047, "Actual Max Startup Time": 5.682, "Actual Min Total Time": 84.492, "Actual Max Total Time": 89.102, "Actual Total Rows": 2536, "Filter": "((production_year > 2000) AND (((title)::text ~~ 'Birdemic%'::text) OR ((title)::text ~~ '%Movie%'::text)))", "Rows Removed by Filter": 2525775}]}, {"Node Type": "Index Scan", "Parent Relationship": "Inner", "Scan Direction": "Forward", "Index Name": "movie_id_movie_info_idx", "Relation Name": "movie_info_idx", "Alias": "mi_idx", "Startup Cost": 0.0, "Total Cost": 8.12, "Plan Rows": 2, "Plan Width": 8, "Actual Min Startup Time": 13.777, "Actual Max Startup Time": 13.777, "Actual Min Total Time": 14.843, "Actual Max Total Time": 14.843, "Actual Total Rows": 2645, "Index Cond": "(movie_id = t.id)", "Rows Removed by Index Recheck": 0}]}, {"Node Type": "Index Scan", "Parent Relationship": "Inner", "Scan Direction": "Forward", "Index Name": "info_type_pkey", "Relation Name": "info_type", "Alias": "it2", "Startup Cost": 0.0, "Total Cost": 0.27, "Plan Rows": 1, "Plan Width": 4, "Actual Min Startup Time": 4.98, "Actual Max Startup Time": 4.98, "Actual Min Total Time": 4.98, "Actual Max Total Time": 4.98, "Actual Total Rows": 2, "Index Cond": "(id = mi_idx.info_type_id)", "Rows Removed by Index Recheck": 0, "Filter": "((info)::text = 'bottom 10 rank'::text)", "Rows Removed by Filter": 2643}]}, {"Node Type": "Index Scan", "Parent Relationship": "Inner", "Scan Direction": "Forward", "Index Name": "movie_id_movie_info", "Relation Name": "movie_info", "Alias": "mi", "Startup Cost": 0.0, "Total Cost": 0.94, "Plan Rows": 5, "Plan Width": 50, "Actual Min Startup Time": 0.058, "Actual Max Startup Time": 0.058, "Actual Min Total Time": 0.262, "Actual Max Total Time": 0.262, "Actual Total Rows": 221, "Index Cond": "(movie_id = mi_idx.movie_id)", "Rows Removed by Index Recheck": 0}]}, {"Node Type": "Hash", "Parent Relationship": "Inner", "Startup Cost": 2.4, "Total Cost": 2.4, "Plan Rows": 1, "Plan Width": 4, "Actual Min Startup Time": 0.104, "Actual Max Startup Time": 0.104, "Actual Min Total Time": 0.104, "Actual Max Total Time": 0.104, "Actual Total Rows": 1, "Max Hash Buckets": 32768, "Min Hash Buckets": 32768, "Max Hash Batches": 1, "Min Hash Batches": 1, "Max Original Hash Batches": 1, "Min Original Hash Batches": 1, "Max Peak Memory Usage": 1, "min Peak Memory Usage": 1, "Plans": [{"Node Type": "Seq Scan", "Parent Relationship": "Outer", "Relation Name": "info_type", "Alias": "it1", "Startup Cost": 0.0, "Total Cost": 2.4, "Plan Rows": 1, "Plan Width": 4, "Actual Min Startup Time": 0.078, "Actual Max Startup Time": 0.078, "Actual Min Total Time": 0.086, "Actual Max Total Time": 0.086, "Actual Total Rows": 1, "Filter": "((info)::text = 'budget'::text)", "Rows Removed by Filter": 111}]}]}, {"Node Type": "Index Scan", "Parent Relationship": "Inner", "Scan Direction": "Forward", "Index Name": "movie_id_movie_companies", "Relation Name": "movie_companies", "Alias": "mc", "Startup Cost": 0.0, "Total Cost": 0.3, "Plan Rows": 2, "Plan Width": 12, "Actual Min Startup Time": 0.04, "Actual Max Startup Time": 0.04, "Actual Min Total Time": 0.062, "Actual Max Total Time": 0.062, "Actual Total Rows": 33, "Index Cond": "(movie_id = mi.movie_id)", "Rows Removed by Index Recheck": 0}]}, {"Node Type": "Index Scan", "Parent Relationship": "Inner", "Scan Direction": "Forward", "Index Name": "company_name_pkey", "Relation Name": "company_name", "Alias": "cn", "Startup Cost": 0.0, "Total Cost": 0.28, "Plan Rows": 1, "Plan Width": 4, "Actual Min Startup Time": 0.267, "Actual Max Startup Time": 0.267, "Actual Min Total Time": 0.267, "Actual Max Total Time": 0.267, "Actual Total Rows": 10, "Index Cond": "(id = mc.company_id)", "Rows Removed by Index Recheck": 0, "Filter": "((country_code)::text = '[us]'::text)", "Rows Removed by Filter": 23}]}, {"Node Type": "Index Scan", "Parent Relationship": "Inner", "Scan Direction": "Forward", "Index Name": "company_type_pkey", "Relation Name": "company_type", "Alias": "ct", "Startup Cost": 0.0, "Total Cost": 0.28, "Plan Rows": 1, "Plan Width": 4, "Actual Min Startup Time": 0.03, "Actual Max Startup Time": 0.03, "Actual Min Total Time": 0.03, "Actual Max Total Time": 0.03, "Actual Total Rows": 5, "Index Cond": "(id = mc.company_type_id)", "Rows Removed by Index Recheck": 0, "Filter": "((kind IS NOT NULL) AND (((kind)::text = 'production companies'::text) OR ((kind)::text = 'distributors'::text)))", "Rows Removed by Filter": 0}]}]}, "Triggers": [], "Planner Runtime": 227.628, "Total Runtime": 130.69, "Unique SQL Id": 1682224415}}, "(16, 65)": {"explain_plan": {"Plan": {"Node Type": "Aggregate", "Strategy": "Plain", "Startup Cost": 105488.68, "Total Cost": 105488.69, "Plan Rows": 1, "Plan Width": 123, "Plans": [{"Node Type": "Nested Loop", "Parent Relationship": "Outer", "Join Type": "Inner", "Startup Cost": 0.0, "Total Cost": 105488.44, "Plan Rows": 48, "Plan Width": 59, "Inner Unique": true, "Plans": [{"Node Type": "Nested Loop", "Parent Relationship": "Outer", "Join Type": "Inner", "Startup Cost": 0.0, "Total Cost": 105474.76, "Plan Rows": 48, "Plan Width": 63, "Inner Unique": true, "Plans": [{"Node Type": "Nested Loop", "Parent Relationship": "Outer", "Join Type": "Inner", "Startup Cost": 0.0, "Total Cost": 105411.47, "Plan Rows": 220, "Plan Width": 67, "Inner Unique": true, "Plans": [{"Node Type": "Nested Loop", "Parent Relationship": "Outer", "Join Type": "Inner", "Startup Cost": 0.0, "Total Cost": 105094.51, "Plan Rows": 1122, "Plan Width": 71, "Inner Unique": false, "Join Filter": "(t.id = mi.movie_id)", "Plans": [{"Node Type": "Nested Loop", "Parent Relationship": "Outer", "Join Type": "Inner", "Startup Cost": 0.0, "Total Cost": 104941.85, "Plan Rows": 210, "Plan Width": 37, "Inner Unique": false, "Join Filter": "(t.id = mc.movie_id)", "Plans": [{"Node Type": "Nested Loop", "Parent Relationship": "Outer", "Join Type": "Inner", "Startup Cost": 0.0, "Total Cost": 104821.08, "Plan Rows": 311, "Plan Width": 25, "Inner Unique": true, "Plans": [{"Node Type": "Nested Loop", "Parent Relationship": "Outer", "Join Type": "Inner", "Startup Cost": 0.0, "Total Cost": 104709.2, "Plan Rows": 396, "Plan Width": 29, "Inner Unique": false, "Plans": [{"Node Type": "Streaming(type: LOCAL GATHER dop: 1/16)", "Parent Relationship": "Outer", "Startup Cost": 0.0, "Total Cost": 102608.29, "Plan Rows": 258, "Plan Width": 21, "Plans": [{"Node Type": "Index Scan", "Parent Relationship": "Outer", "Scan Direction": "Forward", "Index Name": "title_pkey", "Relation Name": "title", "Alias": "t", "Startup Cost": 0.0, "Total Cost": 102602.72, "Plan Rows": 258, "Plan Width": 21, "Filter": "((production_year > 2000) AND (((title)::text ~~ 'Birdemic%'::text) OR ((title)::text ~~ '%Movie%'::text)))"}]}, {"Node Type": "Index Scan", "Parent Relationship": "Inner", "Scan Direction": "Forward", "Index Name": "movie_id_movie_info_idx", "Relation Name": "movie_info_idx", "Alias": "mi_idx", "Startup Cost": 0.0, "Total Cost": 8.12, "Plan Rows": 2, "Plan Width": 8, "Index Cond": "(movie_id = t.id)"}]}, {"Node Type": "Index Scan", "Parent Relationship": "Inner", "Scan Direction": "Forward", "Index Name": "info_type_pkey", "Relation Name": "info_type", "Alias": "it2", "Startup Cost": 0.0, "Total Cost": 0.27, "Plan Rows": 1, "Plan Width": 4, "Index Cond": "(id = mi_idx.info_type_id)", "Filter": "((info)::text = 'bottom 10 rank'::text)"}]}, {"Node Type": "Index Scan", "Parent Relationship": "Inner", "Scan Direction": "Forward", "Index Name": "movie_id_movie_companies", "Relation Name": "movie_companies", "Alias": "mc", "Startup Cost": 0.0, "Total Cost": 0.36, "Plan Rows": 2, "Plan Width": 12, "Index Cond": "(movie_id = mi_idx.movie_id)"}]}, {"Node Type": "Index Scan", "Parent Relationship": "Inner", "Scan Direction": "Forward", "Index Name": "movie_id_movie_info", "Relation Name": "movie_info", "Alias": "mi", "Startup Cost": 0.0, "Total Cost": 0.66, "Plan Rows": 5, "Plan Width": 50, "Index Cond": "(movie_id = mc.movie_id)"}]}, {"Node Type": "Index Scan", "Parent Relationship": "Inner", "Scan Direction": "Forward", "Index Name": "info_type_pkey", "Relation Name": "info_type", "Alias": "it1", "Startup Cost": 0.0, "Total Cost": 0.27, "Plan Rows": 1, "Plan Width": 4, "Index Cond": "(id = mi.info_type_id)", "Filter": "((info)::text = 'budget'::text)"}]}, {"Node Type": "Index Scan", "Parent Relationship": "Inner", "Scan Direction": "Forward", "Index Name": "company_name_pkey", "Relation Name": "company_name", "Alias": "cn", "Startup Cost": 0.0, "Total Cost": 0.28, "Plan Rows": 1, "Plan Width": 4, "Index Cond": "(id = mc.company_id)", "Filter": "((country_code)::text = '[us]'::text)"}]}, {"Node Type": "Index Scan", "Parent Relationship": "Inner", "Scan Direction": "Forward", "Index Name": "company_type_pkey", "Relation Name": "company_type", "Alias": "ct", "Startup Cost": 0.0, "Total Cost": 0.28, "Plan Rows": 1, "Plan Width": 4, "Index Cond": "(id = mc.company_type_id)", "Filter": "((kind IS NOT NULL) AND (((kind)::text = 'production companies'::text) OR ((kind)::text = 'distributors'::text)))"}]}]}, "Unique SQL Id": 1682224415}, "explain_analyze_plan": {"Plan": {"Node Type": "Aggregate", "Strategy": "Plain", "Startup Cost": 105488.68, "Total Cost": 105488.69, "Plan Rows": 1, "Plan Width": 123, "Actual Min Startup Time": 418.245, "Actual Max Startup Time": 418.245, "Actual Min Total Time": 418.245, "Actual Max Total Time": 418.245, "Actual Total Rows": 1, "Plans": [{"Node Type": "Nested Loop", "Parent Relationship": "Outer", "Join Type": "Inner", "Startup Cost": 0.0, "Total Cost": 105488.44, "Plan Rows": 48, "Plan Width": 59, "Actual Min Startup Time": 384.608, "Actual Max Startup Time": 384.608, "Actual Min Total Time": 418.207, "Actual Max Total Time": 418.207, "Actual Total Rows": 5, "Inner Unique": true, "Plans": [{"Node Type": "Nested Loop", "Parent Relationship": "Outer", "Join Type": "Inner", "Startup Cost": 0.0, "Total Cost": 105474.76, "Plan Rows": 48, "Plan Width": 63, "Actual Min Startup Time": 375.628, "Actual Max Startup Time": 375.628, "Actual Min Total Time": 418.139, "Actual Max Total Time": 418.139, "Actual Total Rows": 10, "Inner Unique": true, "Plans": [{"Node Type": "Nested Loop", "Parent Relationship": "Outer", "Join Type": "Inner", "Startup Cost": 0.0, "Total Cost": 105411.47, "Plan Rows": 220, "Plan Width": 67, "Actual Min Startup Time": 371.345, "Actual Max Startup Time": 371.345, "Actual Min Total Time": 417.758, "Actual Max Total Time": 417.758, "Actual Total Rows": 33, "Inner Unique": true, "Plans": [{"Node Type": "Nested Loop", "Parent Relationship": "Outer", "Join Type": "Inner", "Startup Cost": 0.0, "Total Cost": 105094.51, "Plan Rows": 1122, "Plan Width": 71, "Actual Min Startup Time": 370.876, "Actual Max Startup Time": 370.876, "Actual Min Total Time": 406.696, "Actual Max Total Time": 406.696, "Actual Total Rows": 4959, "Inner Unique": false, "Join Filter": "(t.id = mi.movie_id)", "Rows Removed by Join Filter": 0, "Plans": [{"Node Type": "Nested Loop", "Parent Relationship": "Outer", "Join Type": "Inner", "Startup Cost": 0.0, "Total Cost": 104941.85, "Plan Rows": 210, "Plan Width": 37, "Actual Min Startup Time": 370.825, "Actual Max Startup Time": 370.825, "Actual Min Total Time": 401.855, "Actual Max Total Time": 401.855, "Actual Total Rows": 33, "Inner Unique": false, "Join Filter": "(t.id = mc.movie_id)", "Rows Removed by Join Filter": 0, "Plans": [{"Node Type": "Nested Loop", "Parent Relationship": "Outer", "Join Type": "Inner", "Startup Cost": 0.0, "Total Cost": 104821.08, "Plan Rows": 311, "Plan Width": 25, "Actual Min Startup Time": 370.778, "Actual Max Startup Time": 370.778, "Actual Min Total Time": 401.713, "Actual Max Total Time": 401.713, "Actual Total Rows": 2, "Inner Unique": true, "Plans": [{"Node Type": "Nested Loop", "Parent Relationship": "Outer", "Join Type": "Inner", "Startup Cost": 0.0, "Total Cost": 104709.2, "Plan Rows": 396, "Plan Width": 29, "Actual Min Startup Time": 135.76, "Actual Max Startup Time": 135.76, "Actual Min Total Time": 395.226, "Actual Max Total Time": 395.226, "Actual Total Rows": 2645, "Inner Unique": false, "Plans": [{"Node Type": "Streaming(type: LOCAL GATHER dop: 1/16)", "Parent Relationship": "Outer", "Startup Cost": 0.0, "Total Cost": 102608.29, "Plan Rows": 258, "Plan Width": 21, "Actual Min Startup Time": 135.706, "Actual Max Startup Time": 135.706, "Actual Min Total Time": 379.298, "Actual Max Total Time": 379.298, "Actual Total Rows": 2536, "Plans": [{"Node Type": "Index Scan", "Parent Relationship": "Outer", "Scan Direction": "Forward", "Index Name": "title_pkey", "Relation Name": "title", "Alias": "t", "Startup Cost": 0.0, "Total Cost": 102602.72, "Plan Rows": 258, "Plan Width": 21, "Actual Min Startup Time": 24.169, "Actual Max Startup Time": 43.383, "Actual Min Total Time": 296.913, "Actual Max Total Time": 388.197, "Actual Total Rows": 2536, "Filter": "((production_year > 2000) AND (((title)::text ~~ 'Birdemic%'::text) OR ((title)::text ~~ '%Movie%'::text)))", "Rows Removed by Filter": 2525775}]}, {"Node Type": "Index Scan", "Parent Relationship": "Inner", "Scan Direction": "Forward", "Index Name": "movie_id_movie_info_idx", "Relation Name": "movie_info_idx", "Alias": "mi_idx", "Startup Cost": 0.0, "Total Cost": 8.12, "Plan Rows": 2, "Plan Width": 8, "Actual Min Startup Time": 12.81, "Actual Max Startup Time": 12.81, "Actual Min Total Time": 13.824, "Actual Max Total Time": 13.824, "Actual Total Rows": 2645, "Index Cond": "(movie_id = t.id)", "Rows Removed by Index Recheck": 0}]}, {"Node Type": "Index Scan", "Parent Relationship": "Inner", "Scan Direction": "Forward", "Index Name": "info_type_pkey", "Relation Name": "info_type", "Alias": "it2", "Startup Cost": 0.0, "Total Cost": 0.27, "Plan Rows": 1, "Plan Width": 4, "Actual Min Startup Time": 5.15, "Actual Max Startup Time": 5.15, "Actual Min Total Time": 5.15, "Actual Max Total Time": 5.15, "Actual Total Rows": 2, "Index Cond": "(id = mi_idx.info_type_id)", "Rows Removed by Index Recheck": 0, "Filter": "((info)::text = 'bottom 10 rank'::text)", "Rows Removed by Filter": 2643}]}, {"Node Type": "Index Scan", "Parent Relationship": "Inner", "Scan Direction": "Forward", "Index Name": "movie_id_movie_companies", "Relation Name": "movie_companies", "Alias": "mc", "Startup Cost": 0.0, "Total Cost": 0.36, "Plan Rows": 2, "Plan Width": 12, "Actual Min Startup Time": 0.044, "Actual Max Startup Time": 0.044, "Actual Min Total Time": 0.084, "Actual Max Total Time": 0.084, "Actual Total Rows": 33, "Index Cond": "(movie_id = mi_idx.movie_id)", "Rows Removed by Index Recheck": 0}]}, {"Node Type": "Index Scan", "Parent Relationship": "Inner", "Scan Direction": "Forward", "Index Name": "movie_id_movie_info", "Relation Name": "movie_info", "Alias": "mi", "Startup Cost": 0.0, "Total Cost": 0.66, "Plan Rows": 5, "Plan Width": 50, "Actual Min Startup Time": 0.573, "Actual Max Startup Time": 0.573, "Actual Min Total Time": 2.999, "Actual Max Total Time": 2.999, "Actual Total Rows": 4959, "Index Cond": "(movie_id = mc.movie_id)", "Rows Removed by Index Recheck": 0}]}, {"Node Type": "Index Scan", "Parent Relationship": "Inner", "Scan Direction": "Forward", "Index Name": "info_type_pkey", "Relation Name": "info_type", "Alias": "it1", "Startup Cost": 0.0, "Total Cost": 0.27, "Plan Rows": 1, "Plan Width": 4, "Actual Min Startup Time": 8.723, "Actual Max Startup Time": 8.723, "Actual Min Total Time": 8.723, "Actual Max Total Time": 8.723, "Actual Total Rows": 33, "Index Cond": "(id = mi.info_type_id)", "Rows Removed by Index Recheck": 0, "Filter": "((info)::text = 'budget'::text)", "Rows Removed by Filter": 4864}]}, {"Node Type": "Index Scan", "Parent Relationship": "Inner", "Scan Direction": "Forward", "Index Name": "company_name_pkey", "Relation Name": "company_name", "Alias": "cn", "Startup Cost": 0.0, "Total Cost": 0.28, "Plan Rows": 1, "Plan Width": 4, "Actual Min Startup Time": 0.336, "Actual Max Startup Time": 0.336, "Actual Min Total Time": 0.336, "Actual Max Total Time": 0.336, "Actual Total Rows": 10, "Index Cond": "(id = mc.company_id)", "Rows Removed by Index Recheck": 0, "Filter": "((country_code)::text = '[us]'::text)", "Rows Removed by Filter": 23}]}, {"Node Type": "Index Scan", "Parent Relationship": "Inner", "Scan Direction": "Forward", "Index Name": "company_type_pkey", "Relation Name": "company_type", "Alias": "ct", "Startup Cost": 0.0, "Total Cost": 0.28, "Plan Rows": 1, "Plan Width": 4, "Actual Min Startup Time": 0.044, "Actual Max Startup Time": 0.044, "Actual Min Total Time": 0.044, "Actual Max Total Time": 0.044, "Actual Total Rows": 5, "Index Cond": "(id = mc.company_type_id)", "Rows Removed by Index Recheck": 0, "Filter": "((kind IS NOT NULL) AND (((kind)::text = 'production companies'::text) OR ((kind)::text = 'distributors'::text)))", "Rows Removed by Filter": 0}]}]}, "Triggers": [], "Planner Runtime": 176.772, "Total Runtime": 421.319, "Unique SQL Id": 1682224415}}, "(16, 66)": {"explain_plan": {"Plan": {"Node Type": "Aggregate", "Strategy": "Plain", "Startup Cost": 25373.63, "Total Cost": 25373.64, "Plan Rows": 1, "Plan Width": 123, "Plans": [{"Node Type": "Nested Loop", "Parent Relationship": "Outer", "Join Type": "Inner", "Startup Cost": 11.05, "Total Cost": 25373.39, "Plan Rows": 48, "Plan Width": 59, "Inner Unique": true, "Plans": [{"Node Type": "Hash Join", "Parent Relationship": "Outer", "Join Type": "Inner", "Startup Cost": 10.79, "Total Cost": 24953.62, "Plan Rows": 98, "Plan Width": 63, "Inner Unique": true, "Hash Cond": "(mc.company_type_id = ct.id)", "Plans": [{"Node Type": "Nested Loop", "Parent Relationship": "Outer", "Join Type": "Inner", "Startup Cost": 9.72, "Total Cost": 24949.8, "Plan Rows": 220, "Plan Width": 67, "Inner Unique": false, "Join Filter": "(t.id = mc.movie_id)", "Plans": [{"Node Type": "Hash Join", "Parent Relationship": "Outer", "Join Type": "Inner", "Startup Cost": 9.45, "Total Cost": 24505.04, "Plan Rows": 103, "Plan Width": 71, "Inner Unique": true, "Hash Cond": "(mi.info_type_id = it1.id)", "Plans": [{"Node Type": "Nested Loop", "Parent Relationship": "Outer", "Join Type": "Inner", "Startup Cost": 7.04, "Total Cost": 24498.23, "Plan Rows": 1659, "Plan Width": 75, "Inner Unique": false, "Join Filter": "(t.id = mi.movie_id)", "Plans": [{"Node Type": "Hash Join", "Parent Relationship": "Outer", "Join Type": "Inner", "Startup Cost": 6.58, "Total Cost": 23074.33, "Plan Rows": 311, "Plan Width": 25, "Inner Unique": true, "Hash Cond": "(mi_idx.info_type_id = it2.id)", "Plans": [{"Node Type": "Nested Loop", "Parent Relationship": "Outer", "Join Type": "Inner", "Startup Cost": 4.17, "Total Cost": 23069.93, "Plan Rows": 396, "Plan Width": 29, "Inner Unique": false, "Plans": [{"Node Type": "Streaming(type: LOCAL GATHER dop: 1/16)", "Parent Relationship": "Outer", "Startup Cost": 0.0, "Total Cost": 19945.03, "Plan Rows": 258, "Plan Width": 21, "Plans": [{"Node Type": "Seq Scan", "Parent Relationship": "Outer", "Relation Name": "title", "Alias": "t", "Startup Cost": 0.0, "Total Cost": 19939.47, "Plan Rows": 258, "Plan Width": 21, "Filter": "((production_year > 2000) AND (((title)::text ~~ 'Birdemic%'::text) OR ((title)::text ~~ '%Movie%'::text)))"}]}, {"Node Type": "Bitmap Heap Scan", "Parent Relationship": "Inner", "Relation Name": "movie_info_idx", "Alias": "mi_idx", "Startup Cost": 4.17, "Total Cost": 12.09, "Plan Rows": 2, "Plan Width": 8, "Recheck Cond": "(movie_id = t.id)", "Plans": [{"Node Type": "Bitmap Index Scan", "Parent Relationship": "Outer", "Index Name": "movie_id_movie_info_idx", "Startup Cost": 0.0, "Total Cost": 4.17, "Plan Rows": 2, "Plan Width": 0, "Index Cond": "(movie_id = t.id)"}]}]}, {"Node Type": "Hash", "Parent Relationship": "Inner", "Startup Cost": 2.4, "Total Cost": 2.4, "Plan Rows": 1, "Plan Width": 4, "Plans": [{"Node Type": "Seq Scan", "Parent Relationship": "Outer", "Relation Name": "info_type", "Alias": "it2", "Startup Cost": 0.0, "Total Cost": 2.4, "Plan Rows": 1, "Plan Width": 4, "Filter": "((info)::text = 'bottom 10 rank'::text)"}]}]}, {"Node Type": "Bitmap Heap Scan", "Parent Relationship": "Inner", "Relation Name": "movie_info", "Alias": "mi", "Startup Cost": 0.45, "Total Cost": 4.52, "Plan Rows": 5, "Plan Width": 50, "Recheck Cond": "(movie_id = mi_idx.movie_id)", "Plans": [{"Node Type": "Bitmap Index Scan", "Parent Relationship": "Outer", "Index Name": "movie_id_movie_info", "Startup Cost": 0.0, "Total Cost": 0.45, "Plan Rows": 5, "Plan Width": 0, "Index Cond": "(movie_id = mi_idx.movie_id)"}]}]}, {"Node Type": "Hash", "Parent Relationship": "Inner", "Startup Cost": 2.4, "Total Cost": 2.4, "Plan Rows": 1, "Plan Width": 4, "Plans": [{"Node Type": "Seq Scan", "Parent Relationship": "Outer", "Relation Name": "info_type", "Alias": "it1", "Startup Cost": 0.0, "Total Cost": 2.4, "Plan Rows": 1, "Plan Width": 4, "Filter": "((info)::text = 'budget'::text)"}]}]}, {"Node Type": "Bitmap Heap Scan", "Parent Relationship": "Inner", "Relation Name": "movie_companies", "Alias": "mc", "Startup Cost": 0.27, "Total Cost": 4.29, "Plan Rows": 2, "Plan Width": 12, "Recheck Cond": "(movie_id = mi.movie_id)", "Plans": [{"Node Type": "Bitmap Index Scan", "Parent Relationship": "Outer", "Index Name": "movie_id_movie_companies", "Startup Cost": 0.0, "Total Cost": 0.27, "Plan Rows": 2, "Plan Width": 0, "Index Cond": "(movie_id = mi.movie_id)"}]}]}, {"Node Type": "Hash", "Parent Relationship": "Inner", "Startup Cost": 1.04, "Total Cost": 1.04, "Plan Rows": 2, "Plan Width": 4, "Plans": [{"Node Type": "Seq Scan", "Parent Relationship": "Outer", "Relation Name": "company_type", "Alias": "ct", "Startup Cost": 0.0, "Total Cost": 1.04, "Plan Rows": 2, "Plan Width": 4, "Filter": "((kind IS NOT NULL) AND (((kind)::text = 'production companies'::text) OR ((kind)::text = 'distributors'::text)))"}]}]}, {"Node Type": "Bitmap Heap Scan", "Parent Relationship": "Inner", "Relation Name": "company_name", "Alias": "cn", "Startup Cost": 0.26, "Total Cost": 4.27, "Plan Rows": 1, "Plan Width": 4, "Recheck Cond": "(id = mc.company_id)", "Filter": "((country_code)::text = '[us]'::text)", "Plans": [{"Node Type": "Bitmap Index Scan", "Parent Relationship": "Outer", "Index Name": "company_name_pkey", "Startup Cost": 0.0, "Total Cost": 0.26, "Plan Rows": 1, "Plan Width": 0, "Index Cond": "(id = mc.company_id)"}]}]}]}, "Unique SQL Id": 1682224415}, "explain_analyze_plan": {"Plan": {"Node Type": "Aggregate", "Strategy": "Plain", "Startup Cost": 25373.63, "Total Cost": 25373.64, "Plan Rows": 1, "Plan Width": 123, "Actual Min Startup Time": 120.435, "Actual Max Startup Time": 120.435, "Actual Min Total Time": 120.436, "Actual Max Total Time": 120.436, "Actual Total Rows": 1, "Plans": [{"Node Type": "Nested Loop", "Parent Relationship": "Outer", "Join Type": "Inner", "Startup Cost": 11.05, "Total Cost": 25373.39, "Plan Rows": 48, "Plan Width": 59, "Actual Min Startup Time": 97.698, "Actual Max Startup Time": 97.698, "Actual Min Total Time": 120.401, "Actual Max Total Time": 120.401, "Actual Total Rows": 5, "Inner Unique": true, "Plans": [{"Node Type": "Hash Join", "Parent Relationship": "Outer", "Join Type": "Inner", "Startup Cost": 10.79, "Total Cost": 24953.62, "Plan Rows": 98, "Plan Width": 63, "Actual Min Startup Time": 97.634, "Actual Max Startup Time": 97.634, "Actual Min Total Time": 120.258, "Actual Max Total Time": 120.258, "Actual Total Rows": 5, "Inner Unique": true, "Hash Cond": "(mc.company_type_id = ct.id)", "Plans": [{"Node Type": "Nested Loop", "Parent Relationship": "Outer", "Join Type": "Inner", "Startup Cost": 9.72, "Total Cost": 24949.8, "Plan Rows": 220, "Plan Width": 67, "Actual Min Startup Time": 97.484, "Actual Max Startup Time": 97.484, "Actual Min Total Time": 120.124, "Actual Max Total Time": 120.124, "Actual Total Rows": 33, "Inner Unique": false, "Join Filter": "(t.id = mc.movie_id)", "Rows Removed by Join Filter": 0, "Plans": [{"Node Type": "Hash Join", "Parent Relationship": "Outer", "Join Type": "Inner", "Startup Cost": 9.45, "Total Cost": 24505.04, "Plan Rows": 103, "Plan Width": 71, "Actual Min Startup Time": 97.283, "Actual Max Startup Time": 97.283, "Actual Min Total Time": 119.855, "Actual Max Total Time": 119.855, "Actual Total Rows": 2, "Inner Unique": true, "Hash Cond": "(mi.info_type_id = it1.id)", "Plans": [{"Node Type": "Nested Loop", "Parent Relationship": "Outer", "Join Type": "Inner", "Startup Cost": 7.04, "Total Cost": 24498.23, "Plan Rows": 1659, "Plan Width": 75, "Actual Min Startup Time": 96.953, "Actual Max Startup Time": 96.953, "Actual Min Total Time": 119.675, "Actual Max Total Time": 119.675, "Actual Total Rows": 221, "Inner Unique": false, "Join Filter": "(t.id = mi.movie_id)", "Rows Removed by Join Filter": 0, "Plans": [{"Node Type": "Hash Join", "Parent Relationship": "Outer", "Join Type": "Inner", "Startup Cost": 6.58, "Total Cost": 23074.33, "Plan Rows": 311, "Plan Width": 25, "Actual Min Startup Time": 96.884, "Actual Max Startup Time": 96.884, "Actual Min Total Time": 119.239, "Actual Max Total Time": 119.239, "Actual Total Rows": 2, "Inner Unique": true, "Hash Cond": "(mi_idx.info_type_id = it2.id)", "Plans": [{"Node Type": "Nested Loop", "Parent Relationship": "Outer", "Join Type": "Inner", "Startup Cost": 4.17, "Total Cost": 23069.93, "Plan Rows": 396, "Plan Width": 29, "Actual Min Startup Time": 91.049, "Actual Max Startup Time": 91.049, "Actual Min Total Time": 118.645, "Actual Max Total Time": 118.645, "Actual Total Rows": 2645, "Inner Unique": false, "Plans": [{"Node Type": "Streaming(type: LOCAL GATHER dop: 1/16)", "Parent Relationship": "Outer", "Startup Cost": 0.0, "Total Cost": 19945.03, "Plan Rows": 258, "Plan Width": 21, "Actual Min Startup Time": 90.95, "Actual Max Startup Time": 90.95, "Actual Min Total Time": 101.855, "Actual Max Total Time": 101.855, "Actual Total Rows": 2536, "Plans": [{"Node Type": "Seq Scan", "Parent Relationship": "Outer", "Relation Name": "title", "Alias": "t", "Startup Cost": 0.0, "Total Cost": 19939.47, "Plan Rows": 258, "Plan Width": 21, "Actual Min Startup Time": 0.048, "Actual Max Startup Time": 5.671, "Actual Min Total Time": 84.671, "Actual Max Total Time": 89.572, "Actual Total Rows": 2536, "Filter": "((production_year > 2000) AND (((title)::text ~~ 'Birdemic%'::text) OR ((title)::text ~~ '%Movie%'::text)))", "Rows Removed by Filter": 2525775}]}, {"Node Type": "Bitmap Heap Scan", "Parent Relationship": "Inner", "Relation Name": "movie_info_idx", "Alias": "mi_idx", "Startup Cost": 4.17, "Total Cost": 12.09, "Plan Rows": 2, "Plan Width": 8, "Actual Min Startup Time": 13.065, "Actual Max Startup Time": 13.065, "Actual Min Total Time": 13.441, "Actual Max Total Time": 13.441, "Actual Total Rows": 2645, "Recheck Cond": "(movie_id = t.id)", "Rows Removed by Index Recheck": 0, "Exact Heap Blocks": 890, "Lossy Heap Blocks": 890, "Plans": [{"Node Type": "Bitmap Index Scan", "Parent Relationship": "Outer", "Index Name": "movie_id_movie_info_idx", "Startup Cost": 0.0, "Total Cost": 4.17, "Plan Rows": 2, "Plan Width": 0, "Actual Min Startup Time": 9.748, "Actual Max Startup Time": 9.748, "Actual Min Total Time": 9.748, "Actual Max Total Time": 9.748, "Actual Total Rows": 2645, "Index Cond": "(movie_id = t.id)"}]}]}, {"Node Type": "Hash", "Parent Relationship": "Inner", "Startup Cost": 2.4, "Total Cost": 2.4, "Plan Rows": 1, "Plan Width": 4, "Actual Min Startup Time": 0.062, "Actual Max Startup Time": 0.062, "Actual Min Total Time": 0.062, "Actual Max Total Time": 0.062, "Actual Total Rows": 1, "Max Hash Buckets": 32768, "Min Hash Buckets": 32768, "Max Hash Batches": 1, "Min Hash Batches": 1, "Max Original Hash Batches": 1, "Min Original Hash Batches": 1, "Max Peak Memory Usage": 1, "min Peak Memory Usage": 1, "Plans": [{"Node Type": "Seq Scan", "Parent Relationship": "Outer", "Relation Name": "info_type", "Alias": "it2", "Startup Cost": 0.0, "Total Cost": 2.4, "Plan Rows": 1, "Plan Width": 4, "Actual Min Startup Time": 0.05, "Actual Max Startup Time": 0.05, "Actual Min Total Time": 0.052, "Actual Max Total Time": 0.052, "Actual Total Rows": 1, "Filter": "((info)::text = 'bottom 10 rank'::text)", "Rows Removed by Filter": 111}]}]}, {"Node Type": "Bitmap Heap Scan", "Parent Relationship": "Inner", "Relation Name": "movie_info", "Alias": "mi", "Startup Cost": 0.45, "Total Cost": 4.52, "Plan Rows": 5, "Plan Width": 50, "Actual Min Startup Time": 0.081, "Actual Max Startup Time": 0.081, "Actual Min Total Time": 0.302, "Actual Max Total Time": 0.302, "Actual Total Rows": 221, "Recheck Cond": "(movie_id = mi_idx.movie_id)", "Rows Removed by Index Recheck": 0, "Exact Heap Blocks": 40, "Lossy Heap Blocks": 40, "Plans": [{"Node Type": "Bitmap Index Scan", "Parent Relationship": "Outer", "Index Name": "movie_id_movie_info", "Startup Cost": 0.0, "Total Cost": 0.45, "Plan Rows": 5, "Plan Width": 0, "Actual Min Startup Time": 0.062, "Actual Max Startup Time": 0.062, "Actual Min Total Time": 0.062, "Actual Max Total Time": 0.062, "Actual Total Rows": 221, "Index Cond": "(movie_id = mi_idx.movie_id)"}]}]}, {"Node Type": "Hash", "Parent Relationship": "Inner", "Startup Cost": 2.4, "Total Cost": 2.4, "Plan Rows": 1, "Plan Width": 4, "Actual Min Startup Time": 0.071, "Actual Max Startup Time": 0.071, "Actual Min Total Time": 0.071, "Actual Max Total Time": 0.071, "Actual Total Rows": 1, "Max Hash Buckets": 32768, "Min Hash Buckets": 32768, "Max Hash Batches": 1, "Min Hash Batches": 1, "Max Original Hash Batches": 1, "Min Original Hash Batches": 1, "Max Peak Memory Usage": 1, "min Peak Memory Usage": 1, "Plans": [{"Node Type": "Seq Scan", "Parent Relationship": "Outer", "Relation Name": "info_type", "Alias": "it1", "Startup Cost": 0.0, "Total Cost": 2.4, "Plan Rows": 1, "Plan Width": 4, "Actual Min Startup Time": 0.055, "Actual Max Startup Time": 0.055, "Actual Min Total Time": 0.058, "Actual Max Total Time": 0.058, "Actual Total Rows": 1, "Filter": "((info)::text = 'budget'::text)", "Rows Removed by Filter": 111}]}]}, {"Node Type": "Bitmap Heap Scan", "Parent Relationship": "Inner", "Relation Name": "movie_companies", "Alias": "mc", "Startup Cost": 0.27, "Total Cost": 4.29, "Plan Rows": 2, "Plan Width": 12, "Actual Min Startup Time": 0.168, "Actual Max Startup Time": 0.168, "Actual Min Total Time": 0.183, "Actual Max Total Time": 0.183, "Actual Total Rows": 33, "Recheck Cond": "(movie_id = mi.movie_id)", "Rows Removed by Index Recheck": 0, "Exact Heap Blocks": 4, "Lossy Heap Blocks": 4, "Plans": [{"Node Type": "Bitmap Index Scan", "Parent Relationship": "Outer", "Index Name": "movie_id_movie_companies", "Startup Cost": 0.0, "Total Cost": 0.27, "Plan Rows": 2, "Plan Width": 0, "Actual Min Startup Time": 0.113, "Actual Max Startup Time": 0.113, "Actual Min Total Time": 0.113, "Actual Max Total Time": 0.113, "Actual Total Rows": 33, "Index Cond": "(movie_id = mi.movie_id)"}]}]}, {"Node Type": "Hash", "Parent Relationship": "Inner", "Startup Cost": 1.04, "Total Cost": 1.04, "Plan Rows": 2, "Plan Width": 4, "Actual Min Startup Time": 0.046, "Actual Max Startup Time": 0.046, "Actual Min Total Time": 0.046, "Actual Max Total Time": 0.046, "Actual Total Rows": 1, "Max Hash Buckets": 32768, "Min Hash Buckets": 32768, "Max Hash Batches": 1, "Min Hash Batches": 1, "Max Original Hash Batches": 1, "Min Original Hash Batches": 1, "Max Peak Memory Usage": 1, "min Peak Memory Usage": 1, "Plans": [{"Node Type": "Seq Scan", "Parent Relationship": "Outer", "Relation Name": "company_type", "Alias": "ct", "Startup Cost": 0.0, "Total Cost": 1.04, "Plan Rows": 2, "Plan Width": 4, "Actual Min Startup Time": 0.031, "Actual Max Startup Time": 0.031, "Actual Min Total Time": 0.038, "Actual Max Total Time": 0.038, "Actual Total Rows": 1, "Filter": "((kind IS NOT NULL) AND (((kind)::text = 'production companies'::text) OR ((kind)::text = 'distributors'::text)))", "Rows Removed by Filter": 2}]}]}, {"Node Type": "Bitmap Heap Scan", "Parent Relationship": "Inner", "Relation Name": "company_name", "Alias": "cn", "Startup Cost": 0.26, "Total Cost": 4.27, "Plan Rows": 1, "Plan Width": 4, "Actual Min Startup Time": 0.102, "Actual Max Startup Time": 0.102, "Actual Min Total Time": 0.102, "Actual Max Total Time": 0.102, "Actual Total Rows": 5, "Recheck Cond": "(id = mc.company_id)", "Rows Removed by Index Recheck": 0, "Filter": "((country_code)::text = '[us]'::text)", "Rows Removed by Filter": 0, "Exact Heap Blocks": 5, "Lossy Heap Blocks": 5, "Plans": [{"Node Type": "Bitmap Index Scan", "Parent Relationship": "Outer", "Index Name": "company_name_pkey", "Startup Cost": 0.0, "Total Cost": 0.26, "Plan Rows": 1, "Plan Width": 0, "Actual Min Startup Time": 0.051, "Actual Max Startup Time": 0.051, "Actual Min Total Time": 0.051, "Actual Max Total Time": 0.051, "Actual Total Rows": 5, "Index Cond": "(id = mc.company_id)"}]}]}]}, "Triggers": [], "Planner Runtime": 253.504, "Total Runtime": 123.651, "Unique SQL Id": 1682224415}}, "(16, 67)": {"explain_plan": {"Plan": {"Node Type": "Aggregate", "Strategy": "Plain", "Startup Cost": 135054.09, "Total Cost": 135054.1, "Plan Rows": 1, "Plan Width": 123, "Plans": [{"Node Type": "Nested Loop", "Parent Relationship": "Outer", "Join Type": "Inner", "Startup Cost": 49673.73, "Total Cost": 135053.85, "Plan Rows": 48, "Plan Width": 59, "Inner Unique": true, "Plans": [{"Node Type": "Nested Loop", "Parent Relationship": "Outer", "Join Type": "Inner", "Startup Cost": 49673.47, "Total Cost": 134985.31, "Plan Rows": 16, "Plan Width": 63, "Inner Unique": true, "Plans": [{"Node Type": "Nested Loop", "Parent Relationship": "Outer", "Join Type": "Inner", "Startup Cost": 49673.21, "Total Cost": 134766.76, "Plan Rows": 51, "Plan Width": 67, "Inner Unique": true, "Plans": [{"Node Type": "Nested Loop", "Parent Relationship": "Outer", "Join Type": "Inner", "Startup Cost": 49672.95, "Total Cost": 134488.39, "Plan Rows": 65, "Plan Width": 71, "Inner Unique": false, "Join Filter": "(t.id = mi_idx.movie_id)", "Plans": [{"Node Type": "Hash Join", "Parent Relationship": "Outer", "Join Type": "Inner", "Startup Cost": 49672.69, "Total Cost": 134307.08, "Plan Rows": 42, "Plan Width": 79, "Inner Unique": true, "Hash Cond": "(mi.info_type_id = it1.id)", "Plans": [{"Node Type": "Nested Loop", "Parent Relationship": "Outer", "Join Type": "Inner", "Startup Cost": 49658.46, "Total Cost": 134284.94, "Plan Rows": 2989, "Plan Width": 83, "Inner Unique": false, "Join Filter": "(t.id = mi.movie_id)", "Plans": [{"Node Type": "Nested Loop", "Parent Relationship": "Outer", "Join Type": "Inner", "Startup Cost": 49658.09, "Total Cost": 131831.96, "Plan Rows": 545, "Plan Width": 33, "Inner Unique": false, "Plans": [{"Node Type": "Bitmap Heap Scan", "Parent Relationship": "Outer", "Relation Name": "title", "Alias": "t", "Startup Cost": 49653.87, "Total Cost": 128685.31, "Plan Rows": 258, "Plan Width": 21, "Filter": "((production_year > 2000) AND (((title)::text ~~ 'Birdemic%'::text) OR ((title)::text ~~ '%Movie%'::text)))", "Plans": [{"Node Type": "Bitmap Index Scan", "Parent Relationship": "Outer", "Index Name": "title_pkey", "Startup Cost": 0.0, "Total Cost": 49653.81, "Plan Rows": 2528311, "Plan Width": 0}]}, {"Node Type": "Bitmap Heap Scan", "Parent Relationship": "Inner", "Relation Name": "movie_companies", "Alias": "mc", "Startup Cost": 4.22, "Total Cost": 12.18, "Plan Rows": 2, "Plan Width": 12, "Recheck Cond": "(movie_id = t.id)", "Plans": [{"Node Type": "Bitmap Index Scan", "Parent Relationship": "Outer", "Index Name": "movie_id_movie_companies", "Startup Cost": 0.0, "Total Cost": 4.22, "Plan Rows": 2, "Plan Width": 0, "Index Cond": "(movie_id = t.id)"}]}]}, {"Node Type": "Bitmap Heap Scan", "Parent Relationship": "Inner", "Relation Name": "movie_info", "Alias": "mi", "Startup Cost": 0.38, "Total Cost": 4.44, "Plan Rows": 5, "Plan Width": 50, "Recheck Cond": "(movie_id = mc.movie_id)", "Plans": [{"Node Type": "Bitmap Index Scan", "Parent Relationship": "Outer", "Index Name": "movie_id_movie_info", "Startup Cost": 0.0, "Total Cost": 0.37, "Plan Rows": 5, "Plan Width": 0, "Index Cond": "(movie_id = mc.movie_id)"}]}]}, {"Node Type": "Hash", "Parent Relationship": "Inner", "Startup Cost": 14.21, "Total Cost": 14.21, "Plan Rows": 1, "Plan Width": 4, "Plans": [{"Node Type": "Bitmap Heap Scan", "Parent Relationship": "Outer", "Relation Name": "info_type", "Alias": "it1", "Startup Cost": 8.81, "Total Cost": 14.21, "Plan Rows": 1, "Plan Width": 4, "Filter": "((info)::text = 'budget'::text)", "Plans": [{"Node Type": "Bitmap Index Scan", "Parent Relationship": "Outer", "Index Name": "info_type_pkey", "Startup Cost": 0.0, "Total Cost": 8.81, "Plan Rows": 112, "Plan Width": 0}]}]}]}, {"Node Type": "Bitmap Heap Scan", "Parent Relationship": "Inner", "Relation Name": "movie_info_idx", "Alias": "mi_idx", "Startup Cost": 0.27, "Total Cost": 4.29, "Plan Rows": 2, "Plan Width": 8, "Recheck Cond": "(movie_id = mi.movie_id)", "Plans": [{"Node Type": "Bitmap Index Scan", "Parent Relationship": "Outer", "Index Name": "movie_id_movie_info_idx", "Startup Cost": 0.0, "Total Cost": 0.27, "Plan Rows": 2, "Plan Width": 0, "Index Cond": "(movie_id = mi.movie_id)"}]}]}, {"Node Type": "Bitmap Heap Scan", "Parent Relationship": "Inner", "Relation Name": "info_type", "Alias": "it2", "Startup Cost": 0.26, "Total Cost": 4.27, "Plan Rows": 1, "Plan Width": 4, "Recheck Cond": "(id = mi_idx.info_type_id)", "Filter": "((info)::text = 'bottom 10 rank'::text)", "Plans": [{"Node Type": "Bitmap Index Scan", "Parent Relationship": "Outer", "Index Name": "info_type_pkey", "Startup Cost": 0.0, "Total Cost": 0.26, "Plan Rows": 1, "Plan Width": 0, "Index Cond": "(id = mi_idx.info_type_id)"}]}]}, {"Node Type": "Bitmap Heap Scan", "Parent Relationship": "Inner", "Relation Name": "company_type", "Alias": "ct", "Startup Cost": 0.26, "Total Cost": 4.28, "Plan Rows": 1, "Plan Width": 4, "Recheck Cond": "(id = mc.company_type_id)", "Filter": "((kind IS NOT NULL) AND (((kind)::text = 'production companies'::text) OR ((kind)::text = 'distributors'::text)))", "Plans": [{"Node Type": "Bitmap Index Scan", "Parent Relationship": "Outer", "Index Name": "company_type_pkey", "Startup Cost": 0.0, "Total Cost": 0.26, "Plan Rows": 1, "Plan Width": 0, "Index Cond": "(id = mc.company_type_id)"}]}]}, {"Node Type": "Bitmap Heap Scan", "Parent Relationship": "Inner", "Relation Name": "company_name", "Alias": "cn", "Startup Cost": 0.26, "Total Cost": 4.27, "Plan Rows": 1, "Plan Width": 4, "Recheck Cond": "(id = mc.company_id)", "Filter": "((country_code)::text = '[us]'::text)", "Plans": [{"Node Type": "Bitmap Index Scan", "Parent Relationship": "Outer", "Index Name": "company_name_pkey", "Startup Cost": 0.0, "Total Cost": 0.26, "Plan Rows": 1, "Plan Width": 0, "Index Cond": "(id = mc.company_id)"}]}]}]}, "Unique SQL Id": 1682224415}, "explain_analyze_plan": null}, "(16, 68)": {"explain_plan": {"Plan": {"Node Type": "Aggregate", "Strategy": "Plain", "Startup Cost": 22588.16, "Total Cost": 22588.17, "Plan Rows": 1, "Plan Width": 123, "Plans": [{"Node Type": "Nested Loop", "Parent Relationship": "Outer", "Join Type": "Inner", "Startup Cost": 2.41, "Total Cost": 22587.92, "Plan Rows": 48, "Plan Width": 59, "Inner Unique": true, "Plans": [{"Node Type": "Nested Loop", "Parent Relationship": "Outer", "Join Type": "Inner", "Startup Cost": 2.41, "Total Cost": 22574.24, "Plan Rows": 48, "Plan Width": 63, "Inner Unique": true, "Plans": [{"Node Type": "Nested Loop", "Parent Relationship": "Outer", "Join Type": "Inner", "Startup Cost": 2.41, "Total Cost": 22510.96, "Plan Rows": 220, "Plan Width": 67, "Inner Unique": false, "Join Filter": "(t.id = mc.movie_id)", "Plans": [{"Node Type": "Hash Join", "Parent Relationship": "Outer", "Join Type": "Inner", "Startup Cost": 2.41, "Total Cost": 22477.81, "Plan Rows": 103, "Plan Width": 71, "Inner Unique": true, "Hash Cond": "(mi.info_type_id = it1.id)", "Plans": [{"Node Type": "Nested Loop", "Parent Relationship": "Outer", "Join Type": "Inner", "Startup Cost": 0.0, "Total Cost": 22471.0, "Plan Rows": 1659, "Plan Width": 75, "Inner Unique": false, "Join Filter": "(t.id = mi.movie_id)", "Plans": [{"Node Type": "Nested Loop", "Parent Relationship": "Outer", "Join Type": "Inner", "Startup Cost": 0.0, "Total Cost": 22157.82, "Plan Rows": 311, "Plan Width": 25, "Inner Unique": true, "Plans": [{"Node Type": "Nested Loop", "Parent Relationship": "Outer", "Join Type": "Inner", "Startup Cost": 0.0, "Total Cost": 22045.95, "Plan Rows": 396, "Plan Width": 29, "Inner Unique": false, "Plans": [{"Node Type": "Streaming(type: LOCAL GATHER dop: 1/16)", "Parent Relationship": "Outer", "Startup Cost": 0.0, "Total Cost": 19945.03, "Plan Rows": 258, "Plan Width": 21, "Plans": [{"Node Type": "Seq Scan", "Parent Relationship": "Outer", "Relation Name": "title", "Alias": "t", "Startup Cost": 0.0, "Total Cost": 19939.47, "Plan Rows": 258, "Plan Width": 21, "Filter": "((production_year > 2000) AND (((title)::text ~~ 'Birdemic%'::text) OR ((title)::text ~~ '%Movie%'::text)))"}]}, {"Node Type": "Index Scan", "Parent Relationship": "Inner", "Scan Direction": "Forward", "Index Name": "movie_id_movie_info_idx", "Relation Name": "movie_info_idx", "Alias": "mi_idx", "Startup Cost": 0.0, "Total Cost": 8.12, "Plan Rows": 2, "Plan Width": 8, "Index Cond": "(movie_id = t.id)"}]}, {"Node Type": "Index Scan", "Parent Relationship": "Inner", "Scan Direction": "Forward", "Index Name": "info_type_pkey", "Relation Name": "info_type", "Alias": "it2", "Startup Cost": 0.0, "Total Cost": 0.27, "Plan Rows": 1, "Plan Width": 4, "Index Cond": "(id = mi_idx.info_type_id)", "Filter": "((info)::text = 'bottom 10 rank'::text)"}]}, {"Node Type": "Index Scan", "Parent Relationship": "Inner", "Scan Direction": "Forward", "Index Name": "movie_id_movie_info", "Relation Name": "movie_info", "Alias": "mi", "Startup Cost": 0.0, "Total Cost": 0.94, "Plan Rows": 5, "Plan Width": 50, "Index Cond": "(movie_id = mi_idx.movie_id)"}]}, {"Node Type": "Hash", "Parent Relationship": "Inner", "Startup Cost": 2.4, "Total Cost": 2.4, "Plan Rows": 1, "Plan Width": 4, "Plans": [{"Node Type": "Seq Scan", "Parent Relationship": "Outer", "Relation Name": "info_type", "Alias": "it1", "Startup Cost": 0.0, "Total Cost": 2.4, "Plan Rows": 1, "Plan Width": 4, "Filter": "((info)::text = 'budget'::text)"}]}]}, {"Node Type": "Index Scan", "Parent Relationship": "Inner", "Scan Direction": "Forward", "Index Name": "movie_id_movie_companies", "Relation Name": "movie_companies", "Alias": "mc", "Startup Cost": 0.0, "Total Cost": 0.3, "Plan Rows": 2, "Plan Width": 12, "Index Cond": "(movie_id = mi.movie_id)"}]}, {"Node Type": "Index Scan", "Parent Relationship": "Inner", "Scan Direction": "Forward", "Index Name": "company_name_pkey", "Relation Name": "company_name", "Alias": "cn", "Startup Cost": 0.0, "Total Cost": 0.28, "Plan Rows": 1, "Plan Width": 4, "Index Cond": "(id = mc.company_id)", "Filter": "((country_code)::text = '[us]'::text)"}]}, {"Node Type": "Index Scan", "Parent Relationship": "Inner", "Scan Direction": "Forward", "Index Name": "company_type_pkey", "Relation Name": "company_type", "Alias": "ct", "Startup Cost": 0.0, "Total Cost": 0.28, "Plan Rows": 1, "Plan Width": 4, "Index Cond": "(id = mc.company_type_id)", "Filter": "((kind IS NOT NULL) AND (((kind)::text = 'production companies'::text) OR ((kind)::text = 'distributors'::text)))"}]}]}, "Unique SQL Id": 1682224415}, "explain_analyze_plan": {"Plan": {"Node Type": "Aggregate", "Strategy": "Plain", "Startup Cost": 22588.16, "Total Cost": 22588.17, "Plan Rows": 1, "Plan Width": 123, "Actual Min Startup Time": 127.614, "Actual Max Startup Time": 127.614, "Actual Min Total Time": 127.615, "Actual Max Total Time": 127.615, "Actual Total Rows": 1, "Plans": [{"Node Type": "Nested Loop", "Parent Relationship": "Outer", "Join Type": "Inner", "Startup Cost": 2.41, "Total Cost": 22587.92, "Plan Rows": 48, "Plan Width": 59, "Actual Min Startup Time": 101.959, "Actual Max Startup Time": 101.959, "Actual Min Total Time": 127.574, "Actual Max Total Time": 127.574, "Actual Total Rows": 5, "Inner Unique": true, "Plans": [{"Node Type": "Nested Loop", "Parent Relationship": "Outer", "Join Type": "Inner", "Startup Cost": 2.41, "Total Cost": 22574.24, "Plan Rows": 48, "Plan Width": 63, "Actual Min Startup Time": 101.795, "Actual Max Startup Time": 101.795, "Actual Min Total Time": 127.526, "Actual Max Total Time": 127.526, "Actual Total Rows": 10, "Inner Unique": true, "Plans": [{"Node Type": "Nested Loop", "Parent Relationship": "Outer", "Join Type": "Inner", "Startup Cost": 2.41, "Total Cost": 22510.96, "Plan Rows": 220, "Plan Width": 67, "Actual Min Startup Time": 101.672, "Actual Max Startup Time": 101.672, "Actual Min Total Time": 127.228, "Actual Max Total Time": 127.228, "Actual Total Rows": 33, "Inner Unique": false, "Join Filter": "(t.id = mc.movie_id)", "Rows Removed by Join Filter": 0, "Plans": [{"Node Type": "Hash Join", "Parent Relationship": "Outer", "Join Type": "Inner", "Startup Cost": 2.41, "Total Cost": 22477.81, "Plan Rows": 103, "Plan Width": 71, "Actual Min Startup Time": 101.638, "Actual Max Startup Time": 101.638, "Actual Min Total Time": 127.1, "Actual Max Total Time": 127.1, "Actual Total Rows": 2, "Inner Unique": true, "Hash Cond": "(mi.info_type_id = it1.id)", "Plans": [{"Node Type": "Nested Loop", "Parent Relationship": "Outer", "Join Type": "Inner", "Startup Cost": 0.0, "Total Cost": 22471.0, "Plan Rows": 1659, "Plan Width": 75, "Actual Min Startup Time": 101.293, "Actual Max Startup Time": 101.293, "Actual Min Total Time": 126.887, "Actual Max Total Time": 126.887, "Actual Total Rows": 221, "Inner Unique": false, "Join Filter": "(t.id = mi.movie_id)", "Rows Removed by Join Filter": 0, "Plans": [{"Node Type": "Nested Loop", "Parent Relationship": "Outer", "Join Type": "Inner", "Startup Cost": 0.0, "Total Cost": 22157.82, "Plan Rows": 311, "Plan Width": 25, "Actual Min Startup Time": 101.236, "Actual Max Startup Time": 101.236, "Actual Min Total Time": 126.507, "Actual Max Total Time": 126.507, "Actual Total Rows": 2, "Inner Unique": true, "Plans": [{"Node Type": "Nested Loop", "Parent Relationship": "Outer", "Join Type": "Inner", "Startup Cost": 0.0, "Total Cost": 22045.95, "Plan Rows": 396, "Plan Width": 29, "Actual Min Startup Time": 94.353, "Actual Max Startup Time": 94.353, "Actual Min Total Time": 120.322, "Actual Max Total Time": 120.322, "Actual Total Rows": 2645, "Inner Unique": false, "Plans": [{"Node Type": "Streaming(type: LOCAL GATHER dop: 1/16)", "Parent Relationship": "Outer", "Startup Cost": 0.0, "Total Cost": 19945.03, "Plan Rows": 258, "Plan Width": 21, "Actual Min Startup Time": 94.282, "Actual Max Startup Time": 94.282, "Actual Min Total Time": 103.611, "Actual Max Total Time": 103.611, "Actual Total Rows": 2536, "Plans": [{"Node Type": "Seq Scan", "Parent Relationship": "Outer", "Relation Name": "title", "Alias": "t", "Startup Cost": 0.0, "Total Cost": 19939.47, "Plan Rows": 258, "Plan Width": 21, "Actual Min Startup Time": 0.047, "Actual Max Startup Time": 5.682, "Actual Min Total Time": 84.492, "Actual Max Total Time": 89.102, "Actual Total Rows": 2536, "Filter": "((production_year > 2000) AND (((title)::text ~~ 'Birdemic%'::text) OR ((title)::text ~~ '%Movie%'::text)))", "Rows Removed by Filter": 2525775}]}, {"Node Type": "Index Scan", "Parent Relationship": "Inner", "Scan Direction": "Forward", "Index Name": "movie_id_movie_info_idx", "Relation Name": "movie_info_idx", "Alias": "mi_idx", "Startup Cost": 0.0, "Total Cost": 8.12, "Plan Rows": 2, "Plan Width": 8, "Actual Min Startup Time": 13.777, "Actual Max Startup Time": 13.777, "Actual Min Total Time": 14.843, "Actual Max Total Time": 14.843, "Actual Total Rows": 2645, "Index Cond": "(movie_id = t.id)", "Rows Removed by Index Recheck": 0}]}, {"Node Type": "Index Scan", "Parent Relationship": "Inner", "Scan Direction": "Forward", "Index Name": "info_type_pkey", "Relation Name": "info_type", "Alias": "it2", "Startup Cost": 0.0, "Total Cost": 0.27, "Plan Rows": 1, "Plan Width": 4, "Actual Min Startup Time": 4.98, "Actual Max Startup Time": 4.98, "Actual Min Total Time": 4.98, "Actual Max Total Time": 4.98, "Actual Total Rows": 2, "Index Cond": "(id = mi_idx.info_type_id)", "Rows Removed by Index Recheck": 0, "Filter": "((info)::text = 'bottom 10 rank'::text)", "Rows Removed by Filter": 2643}]}, {"Node Type": "Index Scan", "Parent Relationship": "Inner", "Scan Direction": "Forward", "Index Name": "movie_id_movie_info", "Relation Name": "movie_info", "Alias": "mi", "Startup Cost": 0.0, "Total Cost": 0.94, "Plan Rows": 5, "Plan Width": 50, "Actual Min Startup Time": 0.058, "Actual Max Startup Time": 0.058, "Actual Min Total Time": 0.262, "Actual Max Total Time": 0.262, "Actual Total Rows": 221, "Index Cond": "(movie_id = mi_idx.movie_id)", "Rows Removed by Index Recheck": 0}]}, {"Node Type": "Hash", "Parent Relationship": "Inner", "Startup Cost": 2.4, "Total Cost": 2.4, "Plan Rows": 1, "Plan Width": 4, "Actual Min Startup Time": 0.104, "Actual Max Startup Time": 0.104, "Actual Min Total Time": 0.104, "Actual Max Total Time": 0.104, "Actual Total Rows": 1, "Max Hash Buckets": 32768, "Min Hash Buckets": 32768, "Max Hash Batches": 1, "Min Hash Batches": 1, "Max Original Hash Batches": 1, "Min Original Hash Batches": 1, "Max Peak Memory Usage": 1, "min Peak Memory Usage": 1, "Plans": [{"Node Type": "Seq Scan", "Parent Relationship": "Outer", "Relation Name": "info_type", "Alias": "it1", "Startup Cost": 0.0, "Total Cost": 2.4, "Plan Rows": 1, "Plan Width": 4, "Actual Min Startup Time": 0.078, "Actual Max Startup Time": 0.078, "Actual Min Total Time": 0.086, "Actual Max Total Time": 0.086, "Actual Total Rows": 1, "Filter": "((info)::text = 'budget'::text)", "Rows Removed by Filter": 111}]}]}, {"Node Type": "Index Scan", "Parent Relationship": "Inner", "Scan Direction": "Forward", "Index Name": "movie_id_movie_companies", "Relation Name": "movie_companies", "Alias": "mc", "Startup Cost": 0.0, "Total Cost": 0.3, "Plan Rows": 2, "Plan Width": 12, "Actual Min Startup Time": 0.04, "Actual Max Startup Time": 0.04, "Actual Min Total Time": 0.062, "Actual Max Total Time": 0.062, "Actual Total Rows": 33, "Index Cond": "(movie_id = mi.movie_id)", "Rows Removed by Index Recheck": 0}]}, {"Node Type": "Index Scan", "Parent Relationship": "Inner", "Scan Direction": "Forward", "Index Name": "company_name_pkey", "Relation Name": "company_name", "Alias": "cn", "Startup Cost": 0.0, "Total Cost": 0.28, "Plan Rows": 1, "Plan Width": 4, "Actual Min Startup Time": 0.267, "Actual Max Startup Time": 0.267, "Actual Min Total Time": 0.267, "Actual Max Total Time": 0.267, "Actual Total Rows": 10, "Index Cond": "(id = mc.company_id)", "Rows Removed by Index Recheck": 0, "Filter": "((country_code)::text = '[us]'::text)", "Rows Removed by Filter": 23}]}, {"Node Type": "Index Scan", "Parent Relationship": "Inner", "Scan Direction": "Forward", "Index Name": "company_type_pkey", "Relation Name": "company_type", "Alias": "ct", "Startup Cost": 0.0, "Total Cost": 0.28, "Plan Rows": 1, "Plan Width": 4, "Actual Min Startup Time": 0.03, "Actual Max Startup Time": 0.03, "Actual Min Total Time": 0.03, "Actual Max Total Time": 0.03, "Actual Total Rows": 5, "Index Cond": "(id = mc.company_type_id)", "Rows Removed by Index Recheck": 0, "Filter": "((kind IS NOT NULL) AND (((kind)::text = 'production companies'::text) OR ((kind)::text = 'distributors'::text)))", "Rows Removed by Filter": 0}]}]}, "Triggers": [], "Planner Runtime": 227.628, "Total Runtime": 130.69, "Unique SQL Id": 1682224415}}, "(16, 69)": {"explain_plan": {"Plan": {"Node Type": "Aggregate", "Strategy": "Plain", "Startup Cost": 105488.68, "Total Cost": 105488.69, "Plan Rows": 1, "Plan Width": 123, "Plans": [{"Node Type": "Nested Loop", "Parent Relationship": "Outer", "Join Type": "Inner", "Startup Cost": 0.0, "Total Cost": 105488.44, "Plan Rows": 48, "Plan Width": 59, "Inner Unique": true, "Plans": [{"Node Type": "Nested Loop", "Parent Relationship": "Outer", "Join Type": "Inner", "Startup Cost": 0.0, "Total Cost": 105474.76, "Plan Rows": 48, "Plan Width": 63, "Inner Unique": true, "Plans": [{"Node Type": "Nested Loop", "Parent Relationship": "Outer", "Join Type": "Inner", "Startup Cost": 0.0, "Total Cost": 105411.47, "Plan Rows": 220, "Plan Width": 67, "Inner Unique": true, "Plans": [{"Node Type": "Nested Loop", "Parent Relationship": "Outer", "Join Type": "Inner", "Startup Cost": 0.0, "Total Cost": 105094.51, "Plan Rows": 1122, "Plan Width": 71, "Inner Unique": false, "Join Filter": "(t.id = mi.movie_id)", "Plans": [{"Node Type": "Nested Loop", "Parent Relationship": "Outer", "Join Type": "Inner", "Startup Cost": 0.0, "Total Cost": 104941.85, "Plan Rows": 210, "Plan Width": 37, "Inner Unique": false, "Join Filter": "(t.id = mc.movie_id)", "Plans": [{"Node Type": "Nested Loop", "Parent Relationship": "Outer", "Join Type": "Inner", "Startup Cost": 0.0, "Total Cost": 104821.08, "Plan Rows": 311, "Plan Width": 25, "Inner Unique": true, "Plans": [{"Node Type": "Nested Loop", "Parent Relationship": "Outer", "Join Type": "Inner", "Startup Cost": 0.0, "Total Cost": 104709.2, "Plan Rows": 396, "Plan Width": 29, "Inner Unique": false, "Plans": [{"Node Type": "Streaming(type: LOCAL GATHER dop: 1/16)", "Parent Relationship": "Outer", "Startup Cost": 0.0, "Total Cost": 102608.29, "Plan Rows": 258, "Plan Width": 21, "Plans": [{"Node Type": "Index Scan", "Parent Relationship": "Outer", "Scan Direction": "Forward", "Index Name": "title_pkey", "Relation Name": "title", "Alias": "t", "Startup Cost": 0.0, "Total Cost": 102602.72, "Plan Rows": 258, "Plan Width": 21, "Filter": "((production_year > 2000) AND (((title)::text ~~ 'Birdemic%'::text) OR ((title)::text ~~ '%Movie%'::text)))"}]}, {"Node Type": "Index Scan", "Parent Relationship": "Inner", "Scan Direction": "Forward", "Index Name": "movie_id_movie_info_idx", "Relation Name": "movie_info_idx", "Alias": "mi_idx", "Startup Cost": 0.0, "Total Cost": 8.12, "Plan Rows": 2, "Plan Width": 8, "Index Cond": "(movie_id = t.id)"}]}, {"Node Type": "Index Scan", "Parent Relationship": "Inner", "Scan Direction": "Forward", "Index Name": "info_type_pkey", "Relation Name": "info_type", "Alias": "it2", "Startup Cost": 0.0, "Total Cost": 0.27, "Plan Rows": 1, "Plan Width": 4, "Index Cond": "(id = mi_idx.info_type_id)", "Filter": "((info)::text = 'bottom 10 rank'::text)"}]}, {"Node Type": "Index Scan", "Parent Relationship": "Inner", "Scan Direction": "Forward", "Index Name": "movie_id_movie_companies", "Relation Name": "movie_companies", "Alias": "mc", "Startup Cost": 0.0, "Total Cost": 0.36, "Plan Rows": 2, "Plan Width": 12, "Index Cond": "(movie_id = mi_idx.movie_id)"}]}, {"Node Type": "Index Scan", "Parent Relationship": "Inner", "Scan Direction": "Forward", "Index Name": "movie_id_movie_info", "Relation Name": "movie_info", "Alias": "mi", "Startup Cost": 0.0, "Total Cost": 0.66, "Plan Rows": 5, "Plan Width": 50, "Index Cond": "(movie_id = mc.movie_id)"}]}, {"Node Type": "Index Scan", "Parent Relationship": "Inner", "Scan Direction": "Forward", "Index Name": "info_type_pkey", "Relation Name": "info_type", "Alias": "it1", "Startup Cost": 0.0, "Total Cost": 0.27, "Plan Rows": 1, "Plan Width": 4, "Index Cond": "(id = mi.info_type_id)", "Filter": "((info)::text = 'budget'::text)"}]}, {"Node Type": "Index Scan", "Parent Relationship": "Inner", "Scan Direction": "Forward", "Index Name": "company_name_pkey", "Relation Name": "company_name", "Alias": "cn", "Startup Cost": 0.0, "Total Cost": 0.28, "Plan Rows": 1, "Plan Width": 4, "Index Cond": "(id = mc.company_id)", "Filter": "((country_code)::text = '[us]'::text)"}]}, {"Node Type": "Index Scan", "Parent Relationship": "Inner", "Scan Direction": "Forward", "Index Name": "company_type_pkey", "Relation Name": "company_type", "Alias": "ct", "Startup Cost": 0.0, "Total Cost": 0.28, "Plan Rows": 1, "Plan Width": 4, "Index Cond": "(id = mc.company_type_id)", "Filter": "((kind IS NOT NULL) AND (((kind)::text = 'production companies'::text) OR ((kind)::text = 'distributors'::text)))"}]}]}, "Unique SQL Id": 1682224415}, "explain_analyze_plan": {"Plan": {"Node Type": "Aggregate", "Strategy": "Plain", "Startup Cost": 105488.68, "Total Cost": 105488.69, "Plan Rows": 1, "Plan Width": 123, "Actual Min Startup Time": 418.245, "Actual Max Startup Time": 418.245, "Actual Min Total Time": 418.245, "Actual Max Total Time": 418.245, "Actual Total Rows": 1, "Plans": [{"Node Type": "Nested Loop", "Parent Relationship": "Outer", "Join Type": "Inner", "Startup Cost": 0.0, "Total Cost": 105488.44, "Plan Rows": 48, "Plan Width": 59, "Actual Min Startup Time": 384.608, "Actual Max Startup Time": 384.608, "Actual Min Total Time": 418.207, "Actual Max Total Time": 418.207, "Actual Total Rows": 5, "Inner Unique": true, "Plans": [{"Node Type": "Nested Loop", "Parent Relationship": "Outer", "Join Type": "Inner", "Startup Cost": 0.0, "Total Cost": 105474.76, "Plan Rows": 48, "Plan Width": 63, "Actual Min Startup Time": 375.628, "Actual Max Startup Time": 375.628, "Actual Min Total Time": 418.139, "Actual Max Total Time": 418.139, "Actual Total Rows": 10, "Inner Unique": true, "Plans": [{"Node Type": "Nested Loop", "Parent Relationship": "Outer", "Join Type": "Inner", "Startup Cost": 0.0, "Total Cost": 105411.47, "Plan Rows": 220, "Plan Width": 67, "Actual Min Startup Time": 371.345, "Actual Max Startup Time": 371.345, "Actual Min Total Time": 417.758, "Actual Max Total Time": 417.758, "Actual Total Rows": 33, "Inner Unique": true, "Plans": [{"Node Type": "Nested Loop", "Parent Relationship": "Outer", "Join Type": "Inner", "Startup Cost": 0.0, "Total Cost": 105094.51, "Plan Rows": 1122, "Plan Width": 71, "Actual Min Startup Time": 370.876, "Actual Max Startup Time": 370.876, "Actual Min Total Time": 406.696, "Actual Max Total Time": 406.696, "Actual Total Rows": 4959, "Inner Unique": false, "Join Filter": "(t.id = mi.movie_id)", "Rows Removed by Join Filter": 0, "Plans": [{"Node Type": "Nested Loop", "Parent Relationship": "Outer", "Join Type": "Inner", "Startup Cost": 0.0, "Total Cost": 104941.85, "Plan Rows": 210, "Plan Width": 37, "Actual Min Startup Time": 370.825, "Actual Max Startup Time": 370.825, "Actual Min Total Time": 401.855, "Actual Max Total Time": 401.855, "Actual Total Rows": 33, "Inner Unique": false, "Join Filter": "(t.id = mc.movie_id)", "Rows Removed by Join Filter": 0, "Plans": [{"Node Type": "Nested Loop", "Parent Relationship": "Outer", "Join Type": "Inner", "Startup Cost": 0.0, "Total Cost": 104821.08, "Plan Rows": 311, "Plan Width": 25, "Actual Min Startup Time": 370.778, "Actual Max Startup Time": 370.778, "Actual Min Total Time": 401.713, "Actual Max Total Time": 401.713, "Actual Total Rows": 2, "Inner Unique": true, "Plans": [{"Node Type": "Nested Loop", "Parent Relationship": "Outer", "Join Type": "Inner", "Startup Cost": 0.0, "Total Cost": 104709.2, "Plan Rows": 396, "Plan Width": 29, "Actual Min Startup Time": 135.76, "Actual Max Startup Time": 135.76, "Actual Min Total Time": 395.226, "Actual Max Total Time": 395.226, "Actual Total Rows": 2645, "Inner Unique": false, "Plans": [{"Node Type": "Streaming(type: LOCAL GATHER dop: 1/16)", "Parent Relationship": "Outer", "Startup Cost": 0.0, "Total Cost": 102608.29, "Plan Rows": 258, "Plan Width": 21, "Actual Min Startup Time": 135.706, "Actual Max Startup Time": 135.706, "Actual Min Total Time": 379.298, "Actual Max Total Time": 379.298, "Actual Total Rows": 2536, "Plans": [{"Node Type": "Index Scan", "Parent Relationship": "Outer", "Scan Direction": "Forward", "Index Name": "title_pkey", "Relation Name": "title", "Alias": "t", "Startup Cost": 0.0, "Total Cost": 102602.72, "Plan Rows": 258, "Plan Width": 21, "Actual Min Startup Time": 24.169, "Actual Max Startup Time": 43.383, "Actual Min Total Time": 296.913, "Actual Max Total Time": 388.197, "Actual Total Rows": 2536, "Filter": "((production_year > 2000) AND (((title)::text ~~ 'Birdemic%'::text) OR ((title)::text ~~ '%Movie%'::text)))", "Rows Removed by Filter": 2525775}]}, {"Node Type": "Index Scan", "Parent Relationship": "Inner", "Scan Direction": "Forward", "Index Name": "movie_id_movie_info_idx", "Relation Name": "movie_info_idx", "Alias": "mi_idx", "Startup Cost": 0.0, "Total Cost": 8.12, "Plan Rows": 2, "Plan Width": 8, "Actual Min Startup Time": 12.81, "Actual Max Startup Time": 12.81, "Actual Min Total Time": 13.824, "Actual Max Total Time": 13.824, "Actual Total Rows": 2645, "Index Cond": "(movie_id = t.id)", "Rows Removed by Index Recheck": 0}]}, {"Node Type": "Index Scan", "Parent Relationship": "Inner", "Scan Direction": "Forward", "Index Name": "info_type_pkey", "Relation Name": "info_type", "Alias": "it2", "Startup Cost": 0.0, "Total Cost": 0.27, "Plan Rows": 1, "Plan Width": 4, "Actual Min Startup Time": 5.15, "Actual Max Startup Time": 5.15, "Actual Min Total Time": 5.15, "Actual Max Total Time": 5.15, "Actual Total Rows": 2, "Index Cond": "(id = mi_idx.info_type_id)", "Rows Removed by Index Recheck": 0, "Filter": "((info)::text = 'bottom 10 rank'::text)", "Rows Removed by Filter": 2643}]}, {"Node Type": "Index Scan", "Parent Relationship": "Inner", "Scan Direction": "Forward", "Index Name": "movie_id_movie_companies", "Relation Name": "movie_companies", "Alias": "mc", "Startup Cost": 0.0, "Total Cost": 0.36, "Plan Rows": 2, "Plan Width": 12, "Actual Min Startup Time": 0.044, "Actual Max Startup Time": 0.044, "Actual Min Total Time": 0.084, "Actual Max Total Time": 0.084, "Actual Total Rows": 33, "Index Cond": "(movie_id = mi_idx.movie_id)", "Rows Removed by Index Recheck": 0}]}, {"Node Type": "Index Scan", "Parent Relationship": "Inner", "Scan Direction": "Forward", "Index Name": "movie_id_movie_info", "Relation Name": "movie_info", "Alias": "mi", "Startup Cost": 0.0, "Total Cost": 0.66, "Plan Rows": 5, "Plan Width": 50, "Actual Min Startup Time": 0.573, "Actual Max Startup Time": 0.573, "Actual Min Total Time": 2.999, "Actual Max Total Time": 2.999, "Actual Total Rows": 4959, "Index Cond": "(movie_id = mc.movie_id)", "Rows Removed by Index Recheck": 0}]}, {"Node Type": "Index Scan", "Parent Relationship": "Inner", "Scan Direction": "Forward", "Index Name": "info_type_pkey", "Relation Name": "info_type", "Alias": "it1", "Startup Cost": 0.0, "Total Cost": 0.27, "Plan Rows": 1, "Plan Width": 4, "Actual Min Startup Time": 8.723, "Actual Max Startup Time": 8.723, "Actual Min Total Time": 8.723, "Actual Max Total Time": 8.723, "Actual Total Rows": 33, "Index Cond": "(id = mi.info_type_id)", "Rows Removed by Index Recheck": 0, "Filter": "((info)::text = 'budget'::text)", "Rows Removed by Filter": 4864}]}, {"Node Type": "Index Scan", "Parent Relationship": "Inner", "Scan Direction": "Forward", "Index Name": "company_name_pkey", "Relation Name": "company_name", "Alias": "cn", "Startup Cost": 0.0, "Total Cost": 0.28, "Plan Rows": 1, "Plan Width": 4, "Actual Min Startup Time": 0.336, "Actual Max Startup Time": 0.336, "Actual Min Total Time": 0.336, "Actual Max Total Time": 0.336, "Actual Total Rows": 10, "Index Cond": "(id = mc.company_id)", "Rows Removed by Index Recheck": 0, "Filter": "((country_code)::text = '[us]'::text)", "Rows Removed by Filter": 23}]}, {"Node Type": "Index Scan", "Parent Relationship": "Inner", "Scan Direction": "Forward", "Index Name": "company_type_pkey", "Relation Name": "company_type", "Alias": "ct", "Startup Cost": 0.0, "Total Cost": 0.28, "Plan Rows": 1, "Plan Width": 4, "Actual Min Startup Time": 0.044, "Actual Max Startup Time": 0.044, "Actual Min Total Time": 0.044, "Actual Max Total Time": 0.044, "Actual Total Rows": 5, "Index Cond": "(id = mc.company_type_id)", "Rows Removed by Index Recheck": 0, "Filter": "((kind IS NOT NULL) AND (((kind)::text = 'production companies'::text) OR ((kind)::text = 'distributors'::text)))", "Rows Removed by Filter": 0}]}]}, "Triggers": [], "Planner Runtime": 176.772, "Total Runtime": 421.319, "Unique SQL Id": 1682224415}}, "(16, 70)": {"explain_plan": {"Plan": {"Node Type": "Aggregate", "Strategy": "Plain", "Startup Cost": 25373.63, "Total Cost": 25373.64, "Plan Rows": 1, "Plan Width": 123, "Plans": [{"Node Type": "Nested Loop", "Parent Relationship": "Outer", "Join Type": "Inner", "Startup Cost": 11.05, "Total Cost": 25373.39, "Plan Rows": 48, "Plan Width": 59, "Inner Unique": true, "Plans": [{"Node Type": "Hash Join", "Parent Relationship": "Outer", "Join Type": "Inner", "Startup Cost": 10.79, "Total Cost": 24953.62, "Plan Rows": 98, "Plan Width": 63, "Inner Unique": true, "Hash Cond": "(mc.company_type_id = ct.id)", "Plans": [{"Node Type": "Nested Loop", "Parent Relationship": "Outer", "Join Type": "Inner", "Startup Cost": 9.72, "Total Cost": 24949.8, "Plan Rows": 220, "Plan Width": 67, "Inner Unique": false, "Join Filter": "(t.id = mc.movie_id)", "Plans": [{"Node Type": "Hash Join", "Parent Relationship": "Outer", "Join Type": "Inner", "Startup Cost": 9.45, "Total Cost": 24505.04, "Plan Rows": 103, "Plan Width": 71, "Inner Unique": true, "Hash Cond": "(mi.info_type_id = it1.id)", "Plans": [{"Node Type": "Nested Loop", "Parent Relationship": "Outer", "Join Type": "Inner", "Startup Cost": 7.04, "Total Cost": 24498.23, "Plan Rows": 1659, "Plan Width": 75, "Inner Unique": false, "Join Filter": "(t.id = mi.movie_id)", "Plans": [{"Node Type": "Hash Join", "Parent Relationship": "Outer", "Join Type": "Inner", "Startup Cost": 6.58, "Total Cost": 23074.33, "Plan Rows": 311, "Plan Width": 25, "Inner Unique": true, "Hash Cond": "(mi_idx.info_type_id = it2.id)", "Plans": [{"Node Type": "Nested Loop", "Parent Relationship": "Outer", "Join Type": "Inner", "Startup Cost": 4.17, "Total Cost": 23069.93, "Plan Rows": 396, "Plan Width": 29, "Inner Unique": false, "Plans": [{"Node Type": "Streaming(type: LOCAL GATHER dop: 1/16)", "Parent Relationship": "Outer", "Startup Cost": 0.0, "Total Cost": 19945.03, "Plan Rows": 258, "Plan Width": 21, "Plans": [{"Node Type": "Seq Scan", "Parent Relationship": "Outer", "Relation Name": "title", "Alias": "t", "Startup Cost": 0.0, "Total Cost": 19939.47, "Plan Rows": 258, "Plan Width": 21, "Filter": "((production_year > 2000) AND (((title)::text ~~ 'Birdemic%'::text) OR ((title)::text ~~ '%Movie%'::text)))"}]}, {"Node Type": "Bitmap Heap Scan", "Parent Relationship": "Inner", "Relation Name": "movie_info_idx", "Alias": "mi_idx", "Startup Cost": 4.17, "Total Cost": 12.09, "Plan Rows": 2, "Plan Width": 8, "Recheck Cond": "(movie_id = t.id)", "Plans": [{"Node Type": "Bitmap Index Scan", "Parent Relationship": "Outer", "Index Name": "movie_id_movie_info_idx", "Startup Cost": 0.0, "Total Cost": 4.17, "Plan Rows": 2, "Plan Width": 0, "Index Cond": "(movie_id = t.id)"}]}]}, {"Node Type": "Hash", "Parent Relationship": "Inner", "Startup Cost": 2.4, "Total Cost": 2.4, "Plan Rows": 1, "Plan Width": 4, "Plans": [{"Node Type": "Seq Scan", "Parent Relationship": "Outer", "Relation Name": "info_type", "Alias": "it2", "Startup Cost": 0.0, "Total Cost": 2.4, "Plan Rows": 1, "Plan Width": 4, "Filter": "((info)::text = 'bottom 10 rank'::text)"}]}]}, {"Node Type": "Bitmap Heap Scan", "Parent Relationship": "Inner", "Relation Name": "movie_info", "Alias": "mi", "Startup Cost": 0.45, "Total Cost": 4.52, "Plan Rows": 5, "Plan Width": 50, "Recheck Cond": "(movie_id = mi_idx.movie_id)", "Plans": [{"Node Type": "Bitmap Index Scan", "Parent Relationship": "Outer", "Index Name": "movie_id_movie_info", "Startup Cost": 0.0, "Total Cost": 0.45, "Plan Rows": 5, "Plan Width": 0, "Index Cond": "(movie_id = mi_idx.movie_id)"}]}]}, {"Node Type": "Hash", "Parent Relationship": "Inner", "Startup Cost": 2.4, "Total Cost": 2.4, "Plan Rows": 1, "Plan Width": 4, "Plans": [{"Node Type": "Seq Scan", "Parent Relationship": "Outer", "Relation Name": "info_type", "Alias": "it1", "Startup Cost": 0.0, "Total Cost": 2.4, "Plan Rows": 1, "Plan Width": 4, "Filter": "((info)::text = 'budget'::text)"}]}]}, {"Node Type": "Bitmap Heap Scan", "Parent Relationship": "Inner", "Relation Name": "movie_companies", "Alias": "mc", "Startup Cost": 0.27, "Total Cost": 4.29, "Plan Rows": 2, "Plan Width": 12, "Recheck Cond": "(movie_id = mi.movie_id)", "Plans": [{"Node Type": "Bitmap Index Scan", "Parent Relationship": "Outer", "Index Name": "movie_id_movie_companies", "Startup Cost": 0.0, "Total Cost": 0.27, "Plan Rows": 2, "Plan Width": 0, "Index Cond": "(movie_id = mi.movie_id)"}]}]}, {"Node Type": "Hash", "Parent Relationship": "Inner", "Startup Cost": 1.04, "Total Cost": 1.04, "Plan Rows": 2, "Plan Width": 4, "Plans": [{"Node Type": "Seq Scan", "Parent Relationship": "Outer", "Relation Name": "company_type", "Alias": "ct", "Startup Cost": 0.0, "Total Cost": 1.04, "Plan Rows": 2, "Plan Width": 4, "Filter": "((kind IS NOT NULL) AND (((kind)::text = 'production companies'::text) OR ((kind)::text = 'distributors'::text)))"}]}]}, {"Node Type": "Bitmap Heap Scan", "Parent Relationship": "Inner", "Relation Name": "company_name", "Alias": "cn", "Startup Cost": 0.26, "Total Cost": 4.27, "Plan Rows": 1, "Plan Width": 4, "Recheck Cond": "(id = mc.company_id)", "Filter": "((country_code)::text = '[us]'::text)", "Plans": [{"Node Type": "Bitmap Index Scan", "Parent Relationship": "Outer", "Index Name": "company_name_pkey", "Startup Cost": 0.0, "Total Cost": 0.26, "Plan Rows": 1, "Plan Width": 0, "Index Cond": "(id = mc.company_id)"}]}]}]}, "Unique SQL Id": 1682224415}, "explain_analyze_plan": {"Plan": {"Node Type": "Aggregate", "Strategy": "Plain", "Startup Cost": 25373.63, "Total Cost": 25373.64, "Plan Rows": 1, "Plan Width": 123, "Actual Min Startup Time": 120.435, "Actual Max Startup Time": 120.435, "Actual Min Total Time": 120.436, "Actual Max Total Time": 120.436, "Actual Total Rows": 1, "Plans": [{"Node Type": "Nested Loop", "Parent Relationship": "Outer", "Join Type": "Inner", "Startup Cost": 11.05, "Total Cost": 25373.39, "Plan Rows": 48, "Plan Width": 59, "Actual Min Startup Time": 97.698, "Actual Max Startup Time": 97.698, "Actual Min Total Time": 120.401, "Actual Max Total Time": 120.401, "Actual Total Rows": 5, "Inner Unique": true, "Plans": [{"Node Type": "Hash Join", "Parent Relationship": "Outer", "Join Type": "Inner", "Startup Cost": 10.79, "Total Cost": 24953.62, "Plan Rows": 98, "Plan Width": 63, "Actual Min Startup Time": 97.634, "Actual Max Startup Time": 97.634, "Actual Min Total Time": 120.258, "Actual Max Total Time": 120.258, "Actual Total Rows": 5, "Inner Unique": true, "Hash Cond": "(mc.company_type_id = ct.id)", "Plans": [{"Node Type": "Nested Loop", "Parent Relationship": "Outer", "Join Type": "Inner", "Startup Cost": 9.72, "Total Cost": 24949.8, "Plan Rows": 220, "Plan Width": 67, "Actual Min Startup Time": 97.484, "Actual Max Startup Time": 97.484, "Actual Min Total Time": 120.124, "Actual Max Total Time": 120.124, "Actual Total Rows": 33, "Inner Unique": false, "Join Filter": "(t.id = mc.movie_id)", "Rows Removed by Join Filter": 0, "Plans": [{"Node Type": "Hash Join", "Parent Relationship": "Outer", "Join Type": "Inner", "Startup Cost": 9.45, "Total Cost": 24505.04, "Plan Rows": 103, "Plan Width": 71, "Actual Min Startup Time": 97.283, "Actual Max Startup Time": 97.283, "Actual Min Total Time": 119.855, "Actual Max Total Time": 119.855, "Actual Total Rows": 2, "Inner Unique": true, "Hash Cond": "(mi.info_type_id = it1.id)", "Plans": [{"Node Type": "Nested Loop", "Parent Relationship": "Outer", "Join Type": "Inner", "Startup Cost": 7.04, "Total Cost": 24498.23, "Plan Rows": 1659, "Plan Width": 75, "Actual Min Startup Time": 96.953, "Actual Max Startup Time": 96.953, "Actual Min Total Time": 119.675, "Actual Max Total Time": 119.675, "Actual Total Rows": 221, "Inner Unique": false, "Join Filter": "(t.id = mi.movie_id)", "Rows Removed by Join Filter": 0, "Plans": [{"Node Type": "Hash Join", "Parent Relationship": "Outer", "Join Type": "Inner", "Startup Cost": 6.58, "Total Cost": 23074.33, "Plan Rows": 311, "Plan Width": 25, "Actual Min Startup Time": 96.884, "Actual Max Startup Time": 96.884, "Actual Min Total Time": 119.239, "Actual Max Total Time": 119.239, "Actual Total Rows": 2, "Inner Unique": true, "Hash Cond": "(mi_idx.info_type_id = it2.id)", "Plans": [{"Node Type": "Nested Loop", "Parent Relationship": "Outer", "Join Type": "Inner", "Startup Cost": 4.17, "Total Cost": 23069.93, "Plan Rows": 396, "Plan Width": 29, "Actual Min Startup Time": 91.049, "Actual Max Startup Time": 91.049, "Actual Min Total Time": 118.645, "Actual Max Total Time": 118.645, "Actual Total Rows": 2645, "Inner Unique": false, "Plans": [{"Node Type": "Streaming(type: LOCAL GATHER dop: 1/16)", "Parent Relationship": "Outer", "Startup Cost": 0.0, "Total Cost": 19945.03, "Plan Rows": 258, "Plan Width": 21, "Actual Min Startup Time": 90.95, "Actual Max Startup Time": 90.95, "Actual Min Total Time": 101.855, "Actual Max Total Time": 101.855, "Actual Total Rows": 2536, "Plans": [{"Node Type": "Seq Scan", "Parent Relationship": "Outer", "Relation Name": "title", "Alias": "t", "Startup Cost": 0.0, "Total Cost": 19939.47, "Plan Rows": 258, "Plan Width": 21, "Actual Min Startup Time": 0.048, "Actual Max Startup Time": 5.671, "Actual Min Total Time": 84.671, "Actual Max Total Time": 89.572, "Actual Total Rows": 2536, "Filter": "((production_year > 2000) AND (((title)::text ~~ 'Birdemic%'::text) OR ((title)::text ~~ '%Movie%'::text)))", "Rows Removed by Filter": 2525775}]}, {"Node Type": "Bitmap Heap Scan", "Parent Relationship": "Inner", "Relation Name": "movie_info_idx", "Alias": "mi_idx", "Startup Cost": 4.17, "Total Cost": 12.09, "Plan Rows": 2, "Plan Width": 8, "Actual Min Startup Time": 13.065, "Actual Max Startup Time": 13.065, "Actual Min Total Time": 13.441, "Actual Max Total Time": 13.441, "Actual Total Rows": 2645, "Recheck Cond": "(movie_id = t.id)", "Rows Removed by Index Recheck": 0, "Exact Heap Blocks": 890, "Lossy Heap Blocks": 890, "Plans": [{"Node Type": "Bitmap Index Scan", "Parent Relationship": "Outer", "Index Name": "movie_id_movie_info_idx", "Startup Cost": 0.0, "Total Cost": 4.17, "Plan Rows": 2, "Plan Width": 0, "Actual Min Startup Time": 9.748, "Actual Max Startup Time": 9.748, "Actual Min Total Time": 9.748, "Actual Max Total Time": 9.748, "Actual Total Rows": 2645, "Index Cond": "(movie_id = t.id)"}]}]}, {"Node Type": "Hash", "Parent Relationship": "Inner", "Startup Cost": 2.4, "Total Cost": 2.4, "Plan Rows": 1, "Plan Width": 4, "Actual Min Startup Time": 0.062, "Actual Max Startup Time": 0.062, "Actual Min Total Time": 0.062, "Actual Max Total Time": 0.062, "Actual Total Rows": 1, "Max Hash Buckets": 32768, "Min Hash Buckets": 32768, "Max Hash Batches": 1, "Min Hash Batches": 1, "Max Original Hash Batches": 1, "Min Original Hash Batches": 1, "Max Peak Memory Usage": 1, "min Peak Memory Usage": 1, "Plans": [{"Node Type": "Seq Scan", "Parent Relationship": "Outer", "Relation Name": "info_type", "Alias": "it2", "Startup Cost": 0.0, "Total Cost": 2.4, "Plan Rows": 1, "Plan Width": 4, "Actual Min Startup Time": 0.05, "Actual Max Startup Time": 0.05, "Actual Min Total Time": 0.052, "Actual Max Total Time": 0.052, "Actual Total Rows": 1, "Filter": "((info)::text = 'bottom 10 rank'::text)", "Rows Removed by Filter": 111}]}]}, {"Node Type": "Bitmap Heap Scan", "Parent Relationship": "Inner", "Relation Name": "movie_info", "Alias": "mi", "Startup Cost": 0.45, "Total Cost": 4.52, "Plan Rows": 5, "Plan Width": 50, "Actual Min Startup Time": 0.081, "Actual Max Startup Time": 0.081, "Actual Min Total Time": 0.302, "Actual Max Total Time": 0.302, "Actual Total Rows": 221, "Recheck Cond": "(movie_id = mi_idx.movie_id)", "Rows Removed by Index Recheck": 0, "Exact Heap Blocks": 40, "Lossy Heap Blocks": 40, "Plans": [{"Node Type": "Bitmap Index Scan", "Parent Relationship": "Outer", "Index Name": "movie_id_movie_info", "Startup Cost": 0.0, "Total Cost": 0.45, "Plan Rows": 5, "Plan Width": 0, "Actual Min Startup Time": 0.062, "Actual Max Startup Time": 0.062, "Actual Min Total Time": 0.062, "Actual Max Total Time": 0.062, "Actual Total Rows": 221, "Index Cond": "(movie_id = mi_idx.movie_id)"}]}]}, {"Node Type": "Hash", "Parent Relationship": "Inner", "Startup Cost": 2.4, "Total Cost": 2.4, "Plan Rows": 1, "Plan Width": 4, "Actual Min Startup Time": 0.071, "Actual Max Startup Time": 0.071, "Actual Min Total Time": 0.071, "Actual Max Total Time": 0.071, "Actual Total Rows": 1, "Max Hash Buckets": 32768, "Min Hash Buckets": 32768, "Max Hash Batches": 1, "Min Hash Batches": 1, "Max Original Hash Batches": 1, "Min Original Hash Batches": 1, "Max Peak Memory Usage": 1, "min Peak Memory Usage": 1, "Plans": [{"Node Type": "Seq Scan", "Parent Relationship": "Outer", "Relation Name": "info_type", "Alias": "it1", "Startup Cost": 0.0, "Total Cost": 2.4, "Plan Rows": 1, "Plan Width": 4, "Actual Min Startup Time": 0.055, "Actual Max Startup Time": 0.055, "Actual Min Total Time": 0.058, "Actual Max Total Time": 0.058, "Actual Total Rows": 1, "Filter": "((info)::text = 'budget'::text)", "Rows Removed by Filter": 111}]}]}, {"Node Type": "Bitmap Heap Scan", "Parent Relationship": "Inner", "Relation Name": "movie_companies", "Alias": "mc", "Startup Cost": 0.27, "Total Cost": 4.29, "Plan Rows": 2, "Plan Width": 12, "Actual Min Startup Time": 0.168, "Actual Max Startup Time": 0.168, "Actual Min Total Time": 0.183, "Actual Max Total Time": 0.183, "Actual Total Rows": 33, "Recheck Cond": "(movie_id = mi.movie_id)", "Rows Removed by Index Recheck": 0, "Exact Heap Blocks": 4, "Lossy Heap Blocks": 4, "Plans": [{"Node Type": "Bitmap Index Scan", "Parent Relationship": "Outer", "Index Name": "movie_id_movie_companies", "Startup Cost": 0.0, "Total Cost": 0.27, "Plan Rows": 2, "Plan Width": 0, "Actual Min Startup Time": 0.113, "Actual Max Startup Time": 0.113, "Actual Min Total Time": 0.113, "Actual Max Total Time": 0.113, "Actual Total Rows": 33, "Index Cond": "(movie_id = mi.movie_id)"}]}]}, {"Node Type": "Hash", "Parent Relationship": "Inner", "Startup Cost": 1.04, "Total Cost": 1.04, "Plan Rows": 2, "Plan Width": 4, "Actual Min Startup Time": 0.046, "Actual Max Startup Time": 0.046, "Actual Min Total Time": 0.046, "Actual Max Total Time": 0.046, "Actual Total Rows": 1, "Max Hash Buckets": 32768, "Min Hash Buckets": 32768, "Max Hash Batches": 1, "Min Hash Batches": 1, "Max Original Hash Batches": 1, "Min Original Hash Batches": 1, "Max Peak Memory Usage": 1, "min Peak Memory Usage": 1, "Plans": [{"Node Type": "Seq Scan", "Parent Relationship": "Outer", "Relation Name": "company_type", "Alias": "ct", "Startup Cost": 0.0, "Total Cost": 1.04, "Plan Rows": 2, "Plan Width": 4, "Actual Min Startup Time": 0.031, "Actual Max Startup Time": 0.031, "Actual Min Total Time": 0.038, "Actual Max Total Time": 0.038, "Actual Total Rows": 1, "Filter": "((kind IS NOT NULL) AND (((kind)::text = 'production companies'::text) OR ((kind)::text = 'distributors'::text)))", "Rows Removed by Filter": 2}]}]}, {"Node Type": "Bitmap Heap Scan", "Parent Relationship": "Inner", "Relation Name": "company_name", "Alias": "cn", "Startup Cost": 0.26, "Total Cost": 4.27, "Plan Rows": 1, "Plan Width": 4, "Actual Min Startup Time": 0.102, "Actual Max Startup Time": 0.102, "Actual Min Total Time": 0.102, "Actual Max Total Time": 0.102, "Actual Total Rows": 5, "Recheck Cond": "(id = mc.company_id)", "Rows Removed by Index Recheck": 0, "Filter": "((country_code)::text = '[us]'::text)", "Rows Removed by Filter": 0, "Exact Heap Blocks": 5, "Lossy Heap Blocks": 5, "Plans": [{"Node Type": "Bitmap Index Scan", "Parent Relationship": "Outer", "Index Name": "company_name_pkey", "Startup Cost": 0.0, "Total Cost": 0.26, "Plan Rows": 1, "Plan Width": 0, "Actual Min Startup Time": 0.051, "Actual Max Startup Time": 0.051, "Actual Min Total Time": 0.051, "Actual Max Total Time": 0.051, "Actual Total Rows": 5, "Index Cond": "(id = mc.company_id)"}]}]}]}, "Triggers": [], "Planner Runtime": 253.504, "Total Runtime": 123.651, "Unique SQL Id": 1682224415}}, "(16, 71)": {"explain_plan": {"Plan": {"Node Type": "Aggregate", "Strategy": "Plain", "Startup Cost": 135054.09, "Total Cost": 135054.1, "Plan Rows": 1, "Plan Width": 123, "Plans": [{"Node Type": "Nested Loop", "Parent Relationship": "Outer", "Join Type": "Inner", "Startup Cost": 49673.73, "Total Cost": 135053.85, "Plan Rows": 48, "Plan Width": 59, "Inner Unique": true, "Plans": [{"Node Type": "Nested Loop", "Parent Relationship": "Outer", "Join Type": "Inner", "Startup Cost": 49673.47, "Total Cost": 134985.31, "Plan Rows": 16, "Plan Width": 63, "Inner Unique": true, "Plans": [{"Node Type": "Nested Loop", "Parent Relationship": "Outer", "Join Type": "Inner", "Startup Cost": 49673.21, "Total Cost": 134766.76, "Plan Rows": 51, "Plan Width": 67, "Inner Unique": true, "Plans": [{"Node Type": "Nested Loop", "Parent Relationship": "Outer", "Join Type": "Inner", "Startup Cost": 49672.95, "Total Cost": 134488.39, "Plan Rows": 65, "Plan Width": 71, "Inner Unique": false, "Join Filter": "(t.id = mi_idx.movie_id)", "Plans": [{"Node Type": "Hash Join", "Parent Relationship": "Outer", "Join Type": "Inner", "Startup Cost": 49672.69, "Total Cost": 134307.08, "Plan Rows": 42, "Plan Width": 79, "Inner Unique": true, "Hash Cond": "(mi.info_type_id = it1.id)", "Plans": [{"Node Type": "Nested Loop", "Parent Relationship": "Outer", "Join Type": "Inner", "Startup Cost": 49658.46, "Total Cost": 134284.94, "Plan Rows": 2989, "Plan Width": 83, "Inner Unique": false, "Join Filter": "(t.id = mi.movie_id)", "Plans": [{"Node Type": "Nested Loop", "Parent Relationship": "Outer", "Join Type": "Inner", "Startup Cost": 49658.09, "Total Cost": 131831.96, "Plan Rows": 545, "Plan Width": 33, "Inner Unique": false, "Plans": [{"Node Type": "Bitmap Heap Scan", "Parent Relationship": "Outer", "Relation Name": "title", "Alias": "t", "Startup Cost": 49653.87, "Total Cost": 128685.31, "Plan Rows": 258, "Plan Width": 21, "Filter": "((production_year > 2000) AND (((title)::text ~~ 'Birdemic%'::text) OR ((title)::text ~~ '%Movie%'::text)))", "Plans": [{"Node Type": "Bitmap Index Scan", "Parent Relationship": "Outer", "Index Name": "title_pkey", "Startup Cost": 0.0, "Total Cost": 49653.81, "Plan Rows": 2528311, "Plan Width": 0}]}, {"Node Type": "Bitmap Heap Scan", "Parent Relationship": "Inner", "Relation Name": "movie_companies", "Alias": "mc", "Startup Cost": 4.22, "Total Cost": 12.18, "Plan Rows": 2, "Plan Width": 12, "Recheck Cond": "(movie_id = t.id)", "Plans": [{"Node Type": "Bitmap Index Scan", "Parent Relationship": "Outer", "Index Name": "movie_id_movie_companies", "Startup Cost": 0.0, "Total Cost": 4.22, "Plan Rows": 2, "Plan Width": 0, "Index Cond": "(movie_id = t.id)"}]}]}, {"Node Type": "Bitmap Heap Scan", "Parent Relationship": "Inner", "Relation Name": "movie_info", "Alias": "mi", "Startup Cost": 0.38, "Total Cost": 4.44, "Plan Rows": 5, "Plan Width": 50, "Recheck Cond": "(movie_id = mc.movie_id)", "Plans": [{"Node Type": "Bitmap Index Scan", "Parent Relationship": "Outer", "Index Name": "movie_id_movie_info", "Startup Cost": 0.0, "Total Cost": 0.37, "Plan Rows": 5, "Plan Width": 0, "Index Cond": "(movie_id = mc.movie_id)"}]}]}, {"Node Type": "Hash", "Parent Relationship": "Inner", "Startup Cost": 14.21, "Total Cost": 14.21, "Plan Rows": 1, "Plan Width": 4, "Plans": [{"Node Type": "Bitmap Heap Scan", "Parent Relationship": "Outer", "Relation Name": "info_type", "Alias": "it1", "Startup Cost": 8.81, "Total Cost": 14.21, "Plan Rows": 1, "Plan Width": 4, "Filter": "((info)::text = 'budget'::text)", "Plans": [{"Node Type": "Bitmap Index Scan", "Parent Relationship": "Outer", "Index Name": "info_type_pkey", "Startup Cost": 0.0, "Total Cost": 8.81, "Plan Rows": 112, "Plan Width": 0}]}]}]}, {"Node Type": "Bitmap Heap Scan", "Parent Relationship": "Inner", "Relation Name": "movie_info_idx", "Alias": "mi_idx", "Startup Cost": 0.27, "Total Cost": 4.29, "Plan Rows": 2, "Plan Width": 8, "Recheck Cond": "(movie_id = mi.movie_id)", "Plans": [{"Node Type": "Bitmap Index Scan", "Parent Relationship": "Outer", "Index Name": "movie_id_movie_info_idx", "Startup Cost": 0.0, "Total Cost": 0.27, "Plan Rows": 2, "Plan Width": 0, "Index Cond": "(movie_id = mi.movie_id)"}]}]}, {"Node Type": "Bitmap Heap Scan", "Parent Relationship": "Inner", "Relation Name": "info_type", "Alias": "it2", "Startup Cost": 0.26, "Total Cost": 4.27, "Plan Rows": 1, "Plan Width": 4, "Recheck Cond": "(id = mi_idx.info_type_id)", "Filter": "((info)::text = 'bottom 10 rank'::text)", "Plans": [{"Node Type": "Bitmap Index Scan", "Parent Relationship": "Outer", "Index Name": "info_type_pkey", "Startup Cost": 0.0, "Total Cost": 0.26, "Plan Rows": 1, "Plan Width": 0, "Index Cond": "(id = mi_idx.info_type_id)"}]}]}, {"Node Type": "Bitmap Heap Scan", "Parent Relationship": "Inner", "Relation Name": "company_type", "Alias": "ct", "Startup Cost": 0.26, "Total Cost": 4.28, "Plan Rows": 1, "Plan Width": 4, "Recheck Cond": "(id = mc.company_type_id)", "Filter": "((kind IS NOT NULL) AND (((kind)::text = 'production companies'::text) OR ((kind)::text = 'distributors'::text)))", "Plans": [{"Node Type": "Bitmap Index Scan", "Parent Relationship": "Outer", "Index Name": "company_type_pkey", "Startup Cost": 0.0, "Total Cost": 0.26, "Plan Rows": 1, "Plan Width": 0, "Index Cond": "(id = mc.company_type_id)"}]}]}, {"Node Type": "Bitmap Heap Scan", "Parent Relationship": "Inner", "Relation Name": "company_name", "Alias": "cn", "Startup Cost": 0.26, "Total Cost": 4.27, "Plan Rows": 1, "Plan Width": 4, "Recheck Cond": "(id = mc.company_id)", "Filter": "((country_code)::text = '[us]'::text)", "Plans": [{"Node Type": "Bitmap Index Scan", "Parent Relationship": "Outer", "Index Name": "company_name_pkey", "Startup Cost": 0.0, "Total Cost": 0.26, "Plan Rows": 1, "Plan Width": 0, "Index Cond": "(id = mc.company_id)"}]}]}]}, "Unique SQL Id": 1682224415}, "explain_analyze_plan": null}, "(16, 72)": {"explain_plan": {"Plan": {"Node Type": "Aggregate", "Strategy": "Plain", "Startup Cost": 22484.22, "Total Cost": 22484.23, "Plan Rows": 1, "Plan Width": 123, "Plans": [{"Node Type": "Nested Loop", "Parent Relationship": "Outer", "Join Type": "Inner", "Startup Cost": 2.41, "Total Cost": 22484.2, "Plan Rows": 4, "Plan Width": 59, "Inner Unique": true, "Plans": [{"Node Type": "Nested Loop", "Parent Relationship": "Outer", "Join Type": "Inner", "Startup Cost": 2.41, "Total Cost": 22482.19, "Plan Rows": 7, "Plan Width": 63, "Inner Unique": true, "Plans": [{"Node Type": "Nested Loop", "Parent Relationship": "Outer", "Join Type": "Inner", "Startup Cost": 2.41, "Total Cost": 22480.76, "Plan Rows": 5, "Plan Width": 67, "Inner Unique": true, "Plans": [{"Node Type": "Nested Loop", "Parent Relationship": "Outer", "Join Type": "Inner", "Startup Cost": 2.41, "Total Cost": 22462.4, "Plan Rows": 65, "Plan Width": 71, "Inner Unique": false, "Join Filter": "(t.id = mc.movie_id)", "Plans": [{"Node Type": "Hash Join", "Parent Relationship": "Outer", "Join Type": "Inner", "Startup Cost": 2.41, "Total Cost": 22452.74, "Plan Rows": 30, "Plan Width": 75, "Inner Unique": true, "Hash Cond": "(mi.info_type_id = it1.id)", "Plans": [{"Node Type": "Nested Loop", "Parent Relationship": "Outer", "Join Type": "Inner", "Startup Cost": 0.0, "Total Cost": 22444.72, "Plan Rows": 2117, "Plan Width": 79, "Inner Unique": false, "Join Filter": "(t.id = mi.movie_id)", "Plans": [{"Node Type": "Nested Loop", "Parent Relationship": "Outer", "Join Type": "Inner", "Startup Cost": 0.0, "Total Cost": 22045.95, "Plan Rows": 396, "Plan Width": 29, "Inner Unique": false, "Plans": [{"Node Type": "Streaming(type: LOCAL GATHER dop: 1/16)", "Parent Relationship": "Outer", "Startup Cost": 0.0, "Total Cost": 19945.03, "Plan Rows": 258, "Plan Width": 21, "Plans": [{"Node Type": "Seq Scan", "Parent Relationship": "Outer", "Relation Name": "title", "Alias": "t", "Startup Cost": 0.0, "Total Cost": 19939.47, "Plan Rows": 258, "Plan Width": 21, "Filter": "((production_year > 2000) AND (((title)::text ~~ 'Birdemic%'::text) OR ((title)::text ~~ '%Movie%'::text)))"}]}, {"Node Type": "Index Scan", "Parent Relationship": "Inner", "Scan Direction": "Forward", "Index Name": "movie_id_movie_info_idx", "Relation Name": "movie_info_idx", "Alias": "mi_idx", "Startup Cost": 0.0, "Total Cost": 8.12, "Plan Rows": 2, "Plan Width": 8, "Index Cond": "(movie_id = t.id)"}]}, {"Node Type": "Index Scan", "Parent Relationship": "Inner", "Scan Direction": "Forward", "Index Name": "movie_id_movie_info", "Relation Name": "movie_info", "Alias": "mi", "Startup Cost": 0.0, "Total Cost": 0.94, "Plan Rows": 5, "Plan Width": 50, "Index Cond": "(movie_id = mi_idx.movie_id)"}]}, {"Node Type": "Hash", "Parent Relationship": "Inner", "Startup Cost": 2.4, "Total Cost": 2.4, "Plan Rows": 1, "Plan Width": 4, "Plans": [{"Node Type": "Seq Scan", "Parent Relationship": "Outer", "Relation Name": "info_type", "Alias": "it1", "Startup Cost": 0.0, "Total Cost": 2.4, "Plan Rows": 1, "Plan Width": 4, "Filter": "((info)::text = 'budget'::text)"}]}]}, {"Node Type": "Index Scan", "Parent Relationship": "Inner", "Scan Direction": "Forward", "Index Name": "movie_id_movie_companies", "Relation Name": "movie_companies", "Alias": "mc", "Startup Cost": 0.0, "Total Cost": 0.3, "Plan Rows": 2, "Plan Width": 12, "Index Cond": "(movie_id = mi.movie_id)"}]}, {"Node Type": "Index Scan", "Parent Relationship": "Inner", "Scan Direction": "Forward", "Index Name": "info_type_pkey", "Relation Name": "info_type", "Alias": "it2", "Startup Cost": 0.0, "Total Cost": 0.27, "Plan Rows": 1, "Plan Width": 4, "Index Cond": "(id = mi_idx.info_type_id)", "Filter": "((info)::text = 'bottom 10 rank'::text)"}]}, {"Node Type": "Index Scan", "Parent Relationship": "Inner", "Scan Direction": "Forward", "Index Name": "company_type_pkey", "Relation Name": "company_type", "Alias": "ct", "Startup Cost": 0.0, "Total Cost": 0.28, "Plan Rows": 1, "Plan Width": 4, "Index Cond": "(id = mc.company_type_id)", "Filter": "((kind IS NOT NULL) AND (((kind)::text = 'production companies'::text) OR ((kind)::text = 'distributors'::text)))"}]}, {"Node Type": "Index Scan", "Parent Relationship": "Inner", "Scan Direction": "Forward", "Index Name": "company_name_pkey", "Relation Name": "company_name", "Alias": "cn", "Startup Cost": 0.0, "Total Cost": 0.28, "Plan Rows": 1, "Plan Width": 4, "Index Cond": "(id = mc.company_id)", "Filter": "((country_code)::text = '[us]'::text)"}]}]}, "Unique SQL Id": 1682224415}, "explain_analyze_plan": {"Plan": {"Node Type": "Aggregate", "Strategy": "Plain", "Startup Cost": 22484.22, "Total Cost": 22484.23, "Plan Rows": 1, "Plan Width": 123, "Actual Min Startup Time": 175.857, "Actual Max Startup Time": 175.857, "Actual Min Total Time": 175.858, "Actual Max Total Time": 175.858, "Actual Total Rows": 1, "Plans": [{"Node Type": "Nested Loop", "Parent Relationship": "Outer", "Join Type": "Inner", "Startup Cost": 2.41, "Total Cost": 22484.2, "Plan Rows": 4, "Plan Width": 59, "Actual Min Startup Time": 89.71, "Actual Max Startup Time": 89.71, "Actual Min Total Time": 175.806, "Actual Max Total Time": 175.806, "Actual Total Rows": 5, "Inner Unique": true, "Plans": [{"Node Type": "Nested Loop", "Parent Relationship": "Outer", "Join Type": "Inner", "Startup Cost": 2.41, "Total Cost": 22482.19, "Plan Rows": 7, "Plan Width": 63, "Actual Min Startup Time": 89.693, "Actual Max Startup Time": 89.693, "Actual Min Total Time": 175.752, "Actual Max Total Time": 175.752, "Actual Total Rows": 5, "Inner Unique": true, "Plans": [{"Node Type": "Nested Loop", "Parent Relationship": "Outer", "Join Type": "Inner", "Startup Cost": 2.41, "Total Cost": 22480.76, "Plan Rows": 5, "Plan Width": 67, "Actual Min Startup Time": 89.556, "Actual Max Startup Time": 89.556, "Actual Min Total Time": 175.674, "Actual Max Total Time": 175.674, "Actual Total Rows": 33, "Inner Unique": true, "Plans": [{"Node Type": "Nested Loop", "Parent Relationship": "Outer", "Join Type": "Inner", "Startup Cost": 2.41, "Total Cost": 22462.4, "Plan Rows": 65, "Plan Width": 71, "Actual Min Startup Time": 78.857, "Actual Max Startup Time": 78.857, "Actual Min Total Time": 168.103, "Actual Max Total Time": 168.103, "Actual Total Rows": 3102, "Inner Unique": false, "Join Filter": "(t.id = mc.movie_id)", "Rows Removed by Join Filter": 0, "Plans": [{"Node Type": "Hash Join", "Parent Relationship": "Outer", "Join Type": "Inner", "Startup Cost": 2.41, "Total Cost": 22452.74, "Plan Rows": 30, "Plan Width": 75, "Actual Min Startup Time": 78.84, "Actual Max Startup Time": 78.84, "Actual Min Total Time": 162.426, "Actual Max Total Time": 162.426, "Actual Total Rows": 620, "Inner Unique": true, "Hash Cond": "(mi.info_type_id = it1.id)", "Plans": [{"Node Type": "Nested Loop", "Parent Relationship": "Outer", "Join Type": "Inner", "Startup Cost": 0.0, "Total Cost": 22444.72, "Plan Rows": 2117, "Plan Width": 79, "Actual Min Startup Time": 77.779, "Actual Max Startup Time": 77.779, "Actual Min Total Time": 154.002, "Actual Max Total Time": 154.002, "Actual Total Rows": 49580, "Inner Unique": false, "Join Filter": "(t.id = mi.movie_id)", "Rows Removed by Join Filter": 0, "Plans": [{"Node Type": "Nested Loop", "Parent Relationship": "Outer", "Join Type": "Inner", "Startup Cost": 0.0, "Total Cost": 22045.95, "Plan Rows": 396, "Plan Width": 29, "Actual Min Startup Time": 77.746, "Actual Max Startup Time": 77.746, "Actual Min Total Time": 90.922, "Actual Max Total Time": 90.922, "Actual Total Rows": 2645, "Inner Unique": false, "Plans": [{"Node Type": "Streaming(type: LOCAL GATHER dop: 1/16)", "Parent Relationship": "Outer", "Startup Cost": 0.0, "Total Cost": 19945.03, "Plan Rows": 258, "Plan Width": 21, "Actual Min Startup Time": 77.679, "Actual Max Startup Time": 77.679, "Actual Min Total Time": 78.647, "Actual Max Total Time": 78.647, "Actual Total Rows": 2536, "Plans": [{"Node Type": "Seq Scan", "Parent Relationship": "Outer", "Relation Name": "title", "Alias": "t", "Startup Cost": 0.0, "Total Cost": 19939.47, "Plan Rows": 258, "Plan Width": 21, "Actual Min Startup Time": 0.057, "Actual Max Startup Time": 5.43, "Actual Min Total Time": 80.005, "Actual Max Total Time": 84.262, "Actual Total Rows": 2536, "Filter": "((production_year > 2000) AND (((title)::text ~~ 'Birdemic%'::text) OR ((title)::text ~~ '%Movie%'::text)))", "Rows Removed by Filter": 2525775}]}, {"Node Type": "Index Scan", "Parent Relationship": "Inner", "Scan Direction": "Forward", "Index Name": "movie_id_movie_info_idx", "Relation Name": "movie_info_idx", "Alias": "mi_idx", "Startup Cost": 0.0, "Total Cost": 8.12, "Plan Rows": 2, "Plan Width": 8, "Actual Min Startup Time": 9.491, "Actual Max Startup Time": 9.491, "Actual Min Total Time": 10.382, "Actual Max Total Time": 10.382, "Actual Total Rows": 2645, "Index Cond": "(movie_id = t.id)", "Rows Removed by Index Recheck": 0}]}, {"Node Type": "Index Scan", "Parent Relationship": "Inner", "Scan Direction": "Forward", "Index Name": "movie_id_movie_info", "Relation Name": "movie_info", "Alias": "mi", "Startup Cost": 0.0, "Total Cost": 0.94, "Plan Rows": 5, "Plan Width": 50, "Actual Min Startup Time": 13.462, "Actual Max Startup Time": 13.462, "Actual Min Total Time": 44.48, "Actual Max Total Time": 44.48, "Actual Total Rows": 49580, "Index Cond": "(movie_id = mi_idx.movie_id)", "Rows Removed by Index Recheck": 0}]}, {"Node Type": "Hash", "Parent Relationship": "Inner", "Startup Cost": 2.4, "Total Cost": 2.4, "Plan Rows": 1, "Plan Width": 4, "Actual Min Startup Time": 0.113, "Actual Max Startup Time": 0.113, "Actual Min Total Time": 0.113, "Actual Max Total Time": 0.113, "Actual Total Rows": 1, "Max Hash Buckets": 32768, "Min Hash Buckets": 32768, "Max Hash Batches": 1, "Min Hash Batches": 1, "Max Original Hash Batches": 1, "Min Original Hash Batches": 1, "Max Peak Memory Usage": 1, "min Peak Memory Usage": 1, "Plans": [{"Node Type": "Seq Scan", "Parent Relationship": "Outer", "Relation Name": "info_type", "Alias": "it1", "Startup Cost": 0.0, "Total Cost": 2.4, "Plan Rows": 1, "Plan Width": 4, "Actual Min Startup Time": 0.093, "Actual Max Startup Time": 0.093, "Actual Min Total Time": 0.099, "Actual Max Total Time": 0.099, "Actual Total Rows": 1, "Filter": "((info)::text = 'budget'::text)", "Rows Removed by Filter": 111}]}]}, {"Node Type": "Index Scan", "Parent Relationship": "Inner", "Scan Direction": "Forward", "Index Name": "movie_id_movie_companies", "Relation Name": "movie_companies", "Alias": "mc", "Startup Cost": 0.0, "Total Cost": 0.3, "Plan Rows": 2, "Plan Width": 12, "Actual Min Startup Time": 2.661, "Actual Max Startup Time": 2.661, "Actual Min Total Time": 4.143, "Actual Max Total Time": 4.143, "Actual Total Rows": 3102, "Index Cond": "(movie_id = mi.movie_id)", "Rows Removed by Index Recheck": 0}]}, {"Node Type": "Index Scan", "Parent Relationship": "Inner", "Scan Direction": "Forward", "Index Name": "info_type_pkey", "Relation Name": "info_type", "Alias": "it2", "Startup Cost": 0.0, "Total Cost": 0.27, "Plan Rows": 1, "Plan Width": 4, "Actual Min Startup Time": 6.055, "Actual Max Startup Time": 6.055, "Actual Min Total Time": 6.055, "Actual Max Total Time": 6.055, "Actual Total Rows": 33, "Index Cond": "(id = mi_idx.info_type_id)", "Rows Removed by Index Recheck": 0, "Filter": "((info)::text = 'bottom 10 rank'::text)", "Rows Removed by Filter": 3069}]}, {"Node Type": "Index Scan", "Parent Relationship": "Inner", "Scan Direction": "Forward", "Index Name": "company_type_pkey", "Relation Name": "company_type", "Alias": "ct", "Startup Cost": 0.0, "Total Cost": 0.28, "Plan Rows": 1, "Plan Width": 4, "Actual Min Startup Time": 0.059, "Actual Max Startup Time": 0.059, "Actual Min Total Time": 0.059, "Actual Max Total Time": 0.059, "Actual Total Rows": 5, "Index Cond": "(id = mc.company_type_id)", "Rows Removed by Index Recheck": 0, "Filter": "((kind IS NOT NULL) AND (((kind)::text = 'production companies'::text) OR ((kind)::text = 'distributors'::text)))", "Rows Removed by Filter": 0}]}, {"Node Type": "Index Scan", "Parent Relationship": "Inner", "Scan Direction": "Forward", "Index Name": "company_name_pkey", "Relation Name": "company_name", "Alias": "cn", "Startup Cost": 0.0, "Total Cost": 0.28, "Plan Rows": 1, "Plan Width": 4, "Actual Min Startup Time": 0.041, "Actual Max Startup Time": 0.041, "Actual Min Total Time": 0.041, "Actual Max Total Time": 0.041, "Actual Total Rows": 5, "Index Cond": "(id = mc.company_id)", "Rows Removed by Index Recheck": 0, "Filter": "((country_code)::text = '[us]'::text)", "Rows Removed by Filter": 0}]}]}, "Triggers": [], "Planner Runtime": 271.102, "Total Runtime": 178.832, "Unique SQL Id": 1682224415}}, "(16, 73)": {"explain_plan": {"Plan": {"Node Type": "Aggregate", "Strategy": "Plain", "Startup Cost": 105409.0, "Total Cost": 105409.01, "Plan Rows": 1, "Plan Width": 123, "Plans": [{"Node Type": "Nested Loop", "Parent Relationship": "Outer", "Join Type": "Inner", "Startup Cost": 0.0, "Total Cost": 105408.76, "Plan Rows": 48, "Plan Width": 59, "Inner Unique": true, "Plans": [{"Node Type": "Nested Loop", "Parent Relationship": "Outer", "Join Type": "Inner", "Startup Cost": 0.0, "Total Cost": 105395.08, "Plan Rows": 48, "Plan Width": 63, "Inner Unique": true, "Plans": [{"Node Type": "Nested Loop", "Parent Relationship": "Outer", "Join Type": "Inner", "Startup Cost": 0.0, "Total Cost": 105325.02, "Plan Rows": 248, "Plan Width": 67, "Inner Unique": false, "Join Filter": "(t.id = mi.movie_id)", "Plans": [{"Node Type": "Nested Loop", "Parent Relationship": "Outer", "Join Type": "Inner", "Startup Cost": 0.0, "Total Cost": 105002.25, "Plan Rows": 444, "Plan Width": 33, "Inner Unique": true, "Plans": [{"Node Type": "Nested Loop", "Parent Relationship": "Outer", "Join Type": "Inner", "Startup Cost": 0.0, "Total Cost": 104941.85, "Plan Rows": 210, "Plan Width": 37, "Inner Unique": false, "Join Filter": "(t.id = mc.movie_id)", "Plans": [{"Node Type": "Nested Loop", "Parent Relationship": "Outer", "Join Type": "Inner", "Startup Cost": 0.0, "Total Cost": 104821.08, "Plan Rows": 311, "Plan Width": 25, "Inner Unique": true, "Plans": [{"Node Type": "Nested Loop", "Parent Relationship": "Outer", "Join Type": "Inner", "Startup Cost": 0.0, "Total Cost": 104709.2, "Plan Rows": 396, "Plan Width": 29, "Inner Unique": false, "Plans": [{"Node Type": "Streaming(type: LOCAL GATHER dop: 1/16)", "Parent Relationship": "Outer", "Startup Cost": 0.0, "Total Cost": 102608.29, "Plan Rows": 258, "Plan Width": 21, "Plans": [{"Node Type": "Index Scan", "Parent Relationship": "Outer", "Scan Direction": "Forward", "Index Name": "title_pkey", "Relation Name": "title", "Alias": "t", "Startup Cost": 0.0, "Total Cost": 102602.72, "Plan Rows": 258, "Plan Width": 21, "Filter": "((production_year > 2000) AND (((title)::text ~~ 'Birdemic%'::text) OR ((title)::text ~~ '%Movie%'::text)))"}]}, {"Node Type": "Index Scan", "Parent Relationship": "Inner", "Scan Direction": "Forward", "Index Name": "movie_id_movie_info_idx", "Relation Name": "movie_info_idx", "Alias": "mi_idx", "Startup Cost": 0.0, "Total Cost": 8.12, "Plan Rows": 2, "Plan Width": 8, "Index Cond": "(movie_id = t.id)"}]}, {"Node Type": "Index Scan", "Parent Relationship": "Inner", "Scan Direction": "Forward", "Index Name": "info_type_pkey", "Relation Name": "info_type", "Alias": "it2", "Startup Cost": 0.0, "Total Cost": 0.27, "Plan Rows": 1, "Plan Width": 4, "Index Cond": "(id = mi_idx.info_type_id)", "Filter": "((info)::text = 'bottom 10 rank'::text)"}]}, {"Node Type": "Index Scan", "Parent Relationship": "Inner", "Scan Direction": "Forward", "Index Name": "movie_id_movie_companies", "Relation Name": "movie_companies", "Alias": "mc", "Startup Cost": 0.0, "Total Cost": 0.36, "Plan Rows": 2, "Plan Width": 12, "Index Cond": "(movie_id = mi_idx.movie_id)"}]}, {"Node Type": "Index Scan", "Parent Relationship": "Inner", "Scan Direction": "Forward", "Index Name": "company_name_pkey", "Relation Name": "company_name", "Alias": "cn", "Startup Cost": 0.0, "Total Cost": 0.28, "Plan Rows": 1, "Plan Width": 4, "Index Cond": "(id = mc.company_id)", "Filter": "((country_code)::text = '[us]'::text)"}]}, {"Node Type": "Index Scan", "Parent Relationship": "Inner", "Scan Direction": "Forward", "Index Name": "movie_id_movie_info", "Relation Name": "movie_info", "Alias": "mi", "Startup Cost": 0.0, "Total Cost": 0.66, "Plan Rows": 5, "Plan Width": 50, "Index Cond": "(movie_id = mc.movie_id)"}]}, {"Node Type": "Index Scan", "Parent Relationship": "Inner", "Scan Direction": "Forward", "Index Name": "info_type_pkey", "Relation Name": "info_type", "Alias": "it1", "Startup Cost": 0.0, "Total Cost": 0.27, "Plan Rows": 1, "Plan Width": 4, "Index Cond": "(id = mi.info_type_id)", "Filter": "((info)::text = 'budget'::text)"}]}, {"Node Type": "Index Scan", "Parent Relationship": "Inner", "Scan Direction": "Forward", "Index Name": "company_type_pkey", "Relation Name": "company_type", "Alias": "ct", "Startup Cost": 0.0, "Total Cost": 0.28, "Plan Rows": 1, "Plan Width": 4, "Index Cond": "(id = mc.company_type_id)", "Filter": "((kind IS NOT NULL) AND (((kind)::text = 'production companies'::text) OR ((kind)::text = 'distributors'::text)))"}]}]}, "Unique SQL Id": 1682224415}, "explain_analyze_plan": {"Plan": {"Node Type": "Aggregate", "Strategy": "Plain", "Startup Cost": 105409.0, "Total Cost": 105409.01, "Plan Rows": 1, "Plan Width": 123, "Actual Min Startup Time": 292.646, "Actual Max Startup Time": 292.646, "Actual Min Total Time": 292.646, "Actual Max Total Time": 292.646, "Actual Total Rows": 1, "Plans": [{"Node Type": "Nested Loop", "Parent Relationship": "Outer", "Join Type": "Inner", "Startup Cost": 0.0, "Total Cost": 105408.76, "Plan Rows": 48, "Plan Width": 59, "Actual Min Startup Time": 248.798, "Actual Max Startup Time": 248.798, "Actual Min Total Time": 292.603, "Actual Max Total Time": 292.603, "Actual Total Rows": 5, "Inner Unique": true, "Plans": [{"Node Type": "Nested Loop", "Parent Relationship": "Outer", "Join Type": "Inner", "Startup Cost": 0.0, "Total Cost": 105395.08, "Plan Rows": 48, "Plan Width": 63, "Actual Min Startup Time": 247.656, "Actual Max Startup Time": 247.656, "Actual Min Total Time": 292.563, "Actual Max Total Time": 292.563, "Actual Total Rows": 10, "Inner Unique": true, "Plans": [{"Node Type": "Nested Loop", "Parent Relationship": "Outer", "Join Type": "Inner", "Startup Cost": 0.0, "Total Cost": 105325.02, "Plan Rows": 248, "Plan Width": 67, "Actual Min Startup Time": 247.242, "Actual Max Startup Time": 247.242, "Actual Min Total Time": 289.845, "Actual Max Total Time": 289.845, "Actual Total Rows": 1210, "Inner Unique": false, "Join Filter": "(t.id = mi.movie_id)", "Rows Removed by Join Filter": 0, "Plans": [{"Node Type": "Nested Loop", "Parent Relationship": "Outer", "Join Type": "Inner", "Startup Cost": 0.0, "Total Cost": 105002.25, "Plan Rows": 444, "Plan Width": 33, "Actual Min Startup Time": 247.209, "Actual Max Startup Time": 247.209, "Actual Min Total Time": 288.676, "Actual Max Total Time": 288.676, "Actual Total Rows": 10, "Inner Unique": true, "Plans": [{"Node Type": "Nested Loop", "Parent Relationship": "Outer", "Join Type": "Inner", "Startup Cost": 0.0, "Total Cost": 104941.85, "Plan Rows": 210, "Plan Width": 37, "Actual Min Startup Time": 247.129, "Actual Max Startup Time": 247.129, "Actual Min Total Time": 288.46, "Actual Max Total Time": 288.46, "Actual Total Rows": 33, "Inner Unique": false, "Join Filter": "(t.id = mc.movie_id)", "Rows Removed by Join Filter": 0, "Plans": [{"Node Type": "Nested Loop", "Parent Relationship": "Outer", "Join Type": "Inner", "Startup Cost": 0.0, "Total Cost": 104821.08, "Plan Rows": 311, "Plan Width": 25, "Actual Min Startup Time": 247.091, "Actual Max Startup Time": 247.091, "Actual Min Total Time": 288.37, "Actual Max Total Time": 288.37, "Actual Total Rows": 2, "Inner Unique": true, "Plans": [{"Node Type": "Nested Loop", "Parent Relationship": "Outer", "Join Type": "Inner", "Startup Cost": 0.0, "Total Cost": 104709.2, "Plan Rows": 396, "Plan Width": 29, "Actual Min Startup Time": 84.146, "Actual Max Startup Time": 84.146, "Actual Min Total Time": 281.82, "Actual Max Total Time": 281.82, "Actual Total Rows": 2645, "Inner Unique": false, "Plans": [{"Node Type": "Streaming(type: LOCAL GATHER dop: 1/16)", "Parent Relationship": "Outer", "Startup Cost": 0.0, "Total Cost": 102608.29, "Plan Rows": 258, "Plan Width": 21, "Actual Min Startup Time": 84.091, "Actual Max Startup Time": 84.091, "Actual Min Total Time": 270.133, "Actual Max Total Time": 270.133, "Actual Total Rows": 2536, "Plans": [{"Node Type": "Index Scan", "Parent Relationship": "Outer", "Scan Direction": "Forward", "Index Name": "title_pkey", "Relation Name": "title", "Alias": "t", "Startup Cost": 0.0, "Total Cost": 102602.72, "Plan Rows": 258, "Plan Width": 21, "Actual Min Startup Time": 16.127, "Actual Max Startup Time": 27.372, "Actual Min Total Time": 244.49, "Actual Max Total Time": 275.229, "Actual Total Rows": 2536, "Filter": "((production_year > 2000) AND (((title)::text ~~ 'Birdemic%'::text) OR ((title)::text ~~ '%Movie%'::text)))", "Rows Removed by Filter": 2525775}]}, {"Node Type": "Index Scan", "Parent Relationship": "Inner", "Scan Direction": "Forward", "Index Name": "movie_id_movie_info_idx", "Relation Name": "movie_info_idx", "Alias": "mi_idx", "Startup Cost": 0.0, "Total Cost": 8.12, "Plan Rows": 2, "Plan Width": 8, "Actual Min Startup Time": 8.746, "Actual Max Startup Time": 8.746, "Actual Min Total Time": 9.634, "Actual Max Total Time": 9.634, "Actual Total Rows": 2645, "Index Cond": "(movie_id = t.id)", "Rows Removed by Index Recheck": 0}]}, {"Node Type": "Index Scan", "Parent Relationship": "Inner", "Scan Direction": "Forward", "Index Name": "info_type_pkey", "Relation Name": "info_type", "Alias": "it2", "Startup Cost": 0.0, "Total Cost": 0.27, "Plan Rows": 1, "Plan Width": 4, "Actual Min Startup Time": 5.265, "Actual Max Startup Time": 5.265, "Actual Min Total Time": 5.265, "Actual Max Total Time": 5.265, "Actual Total Rows": 2, "Index Cond": "(id = mi_idx.info_type_id)", "Rows Removed by Index Recheck": 0, "Filter": "((info)::text = 'bottom 10 rank'::text)", "Rows Removed by Filter": 2643}]}, {"Node Type": "Index Scan", "Parent Relationship": "Inner", "Scan Direction": "Forward", "Index Name": "movie_id_movie_companies", "Relation Name": "movie_companies", "Alias": "mc", "Startup Cost": 0.0, "Total Cost": 0.36, "Plan Rows": 2, "Plan Width": 12, "Actual Min Startup Time": 0.022, "Actual Max Startup Time": 0.022, "Actual Min Total Time": 0.045, "Actual Max Total Time": 0.045, "Actual Total Rows": 33, "Index Cond": "(movie_id = mi_idx.movie_id)", "Rows Removed by Index Recheck": 0}]}, {"Node Type": "Index Scan", "Parent Relationship": "Inner", "Scan Direction": "Forward", "Index Name": "company_name_pkey", "Relation Name": "company_name", "Alias": "cn", "Startup Cost": 0.0, "Total Cost": 0.28, "Plan Rows": 1, "Plan Width": 4, "Actual Min Startup Time": 0.187, "Actual Max Startup Time": 0.187, "Actual Min Total Time": 0.187, "Actual Max Total Time": 0.187, "Actual Total Rows": 10, "Index Cond": "(id = mc.company_id)", "Rows Removed by Index Recheck": 0, "Filter": "((country_code)::text = '[us]'::text)", "Rows Removed by Filter": 23}]}, {"Node Type": "Index Scan", "Parent Relationship": "Inner", "Scan Direction": "Forward", "Index Name": "movie_id_movie_info", "Relation Name": "movie_info", "Alias": "mi", "Startup Cost": 0.0, "Total Cost": 0.66, "Plan Rows": 5, "Plan Width": 50, "Actual Min Startup Time": 0.145, "Actual Max Startup Time": 0.145, "Actual Min Total Time": 0.731, "Actual Max Total Time": 0.731, "Actual Total Rows": 1210, "Index Cond": "(movie_id = mc.movie_id)", "Rows Removed by Index Recheck": 0}]}, {"Node Type": "Index Scan", "Parent Relationship": "Inner", "Scan Direction": "Forward", "Index Name": "info_type_pkey", "Relation Name": "info_type", "Alias": "it1", "Startup Cost": 0.0, "Total Cost": 0.27, "Plan Rows": 1, "Plan Width": 4, "Actual Min Startup Time": 2.125, "Actual Max Startup Time": 2.125, "Actual Min Total Time": 2.125, "Actual Max Total Time": 2.125, "Actual Total Rows": 10, "Index Cond": "(id = mi.info_type_id)", "Rows Removed by Index Recheck": 0, "Filter": "((info)::text = 'budget'::text)", "Rows Removed by Filter": 1184}]}, {"Node Type": "Index Scan", "Parent Relationship": "Inner", "Scan Direction": "Forward", "Index Name": "company_type_pkey", "Relation Name": "company_type", "Alias": "ct", "Startup Cost": 0.0, "Total Cost": 0.28, "Plan Rows": 1, "Plan Width": 4, "Actual Min Startup Time": 0.03, "Actual Max Startup Time": 0.03, "Actual Min Total Time": 0.03, "Actual Max Total Time": 0.03, "Actual Total Rows": 5, "Index Cond": "(id = mc.company_type_id)", "Rows Removed by Index Recheck": 0, "Filter": "((kind IS NOT NULL) AND (((kind)::text = 'production companies'::text) OR ((kind)::text = 'distributors'::text)))", "Rows Removed by Filter": 0}]}]}, "Triggers": [], "Planner Runtime": 162.071, "Total Runtime": 295.392, "Unique SQL Id": 1682224415}}, "(16, 74)": {"explain_plan": {"Plan": {"Node Type": "Aggregate", "Strategy": "Plain", "Startup Cost": 140310.24, "Total Cost": 140310.25, "Plan Rows": 1, "Plan Width": 123, "Plans": [{"Node Type": "Hash Join", "Parent Relationship": "Outer", "Join Type": "Inner", "Startup Cost": 107021.94, "Total Cost": 140310.0, "Plan Rows": 48, "Plan Width": 59, "Inner Unique": true, "Hash Cond": "(mc.company_type_id = ct.id)", "Plans": [{"Node Type": "Hash Join", "Parent Relationship": "Outer", "Join Type": "Inner", "Startup Cost": 107020.87, "Total Cost": 140308.27, "Plan Rows": 48, "Plan Width": 63, "Inner Unique": true, "Hash Cond": "(mi_idx.info_type_id = it2.id)", "Plans": [{"Node Type": "Hash Join", "Parent Relationship": "Outer", "Join Type": "Inner", "Startup Cost": 107018.46, "Total Cost": 140304.81, "Plan Rows": 193, "Plan Width": 67, "Inner Unique": true, "Hash Cond": "(mc.company_id = cn.id)", "Plans": [{"Node Type": "Streaming(type: LOCAL GATHER dop: 1/16)", "Parent Relationship": "Outer", "Startup Cost": 104477.97, "Total Cost": 137750.53, "Plan Rows": 880, "Plan Width": 71, "Plans": [{"Node Type": "Hash Join", "Parent Relationship": "Outer", "Join Type": "Inner", "Startup Cost": 104477.97, "Total Cost": 137731.54, "Plan Rows": 880, "Plan Width": 71, "Inner Unique": false, "Hash Cond": "(t.id = mi_idx.movie_id)", "Plans": [{"Node Type": "Streaming(type: BROADCAST dop: 16/16)", "Parent Relationship": "Outer", "Startup Cost": 87132.67, "Total Cost": 120381.4, "Plan Rows": 9168, "Plan Width": 79, "Plans": [{"Node Type": "Hash Join", "Parent Relationship": "Outer", "Join Type": "Inner", "Startup Cost": 87132.67, "Total Cost": 105358.12, "Plan Rows": 573, "Plan Width": 79, "Inner Unique": false, "Hash Cond": "(mc.movie_id = t.id)", "Plans": [{"Node Type": "Seq Scan", "Parent Relationship": "Outer", "Relation Name": "movie_companies", "Alias": "mc", "Startup Cost": 0.0, "Total Cost": 17613.58, "Plan Rows": 2609128, "Plan Width": 12}, {"Node Type": "Hash", "Parent Relationship": "Inner", "Startup Cost": 87129.32, "Total Cost": 87129.32, "Plan Rows": 4288, "Plan Width": 67, "Plans": [{"Node Type": "Streaming(type: BROADCAST dop: 16/1)", "Parent Relationship": "Outer", "Startup Cost": 34955.58, "Total Cost": 87129.32, "Plan Rows": 4288, "Plan Width": 67, "Plans": [{"Node Type": "Hash Join", "Parent Relationship": "Outer", "Join Type": "Inner", "Startup Cost": 34955.58, "Total Cost": 72036.78, "Plan Rows": 268, "Plan Width": 67, "Inner Unique": true, "Hash Cond": "(mi.info_type_id = it1.id)", "Plans": [{"Node Type": "Streaming(type: LOCAL GATHER dop: 1/16)", "Parent Relationship": "Outer", "Startup Cost": 34953.17, "Total Cost": 72030.4, "Plan Rows": 1367, "Plan Width": 71, "Plans": [{"Node Type": "Hash Join", "Parent Relationship": "Outer", "Join Type": "Inner", "Startup Cost": 34953.17, "Total Cost": 72000.9, "Plan Rows": 1367, "Plan Width": 71, "Inner Unique": true, "Hash Cond": "(mi.movie_id = t.id)", "Plans": [{"Node Type": "Seq Scan", "Parent Relationship": "Outer", "Relation Name": "movie_info", "Alias": "mi", "Startup Cost": 0.0, "Total Cost": 33561.73, "Plan Rows": 14869966, "Plan Width": 50}, {"Node Type": "Hash", "Parent Relationship": "Inner", "Startup Cost": 34949.95, "Total Cost": 34949.95, "Plan Rows": 4128, "Plan Width": 21, "Plans": [{"Node Type": "Streaming(type: BROADCAST dop: 16/16)", "Parent Relationship": "Outer", "Startup Cost": 0.0, "Total Cost": 34949.95, "Plan Rows": 4128, "Plan Width": 21, "Plans": [{"Node Type": "Seq Scan", "Parent Relationship": "Outer", "Relation Name": "title", "Alias": "t", "Startup Cost": 0.0, "Total Cost": 19939.47, "Plan Rows": 258, "Plan Width": 21, "Filter": "((production_year > 2000) AND (((title)::text ~~ 'Birdemic%'::text) OR ((title)::text ~~ '%Movie%'::text)))"}]}]}]}]}, {"Node Type": "Hash", "Parent Relationship": "Inner", "Startup Cost": 2.4, "Total Cost": 2.4, "Plan Rows": 1, "Plan Width": 4, "Plans": [{"Node Type": "Seq Scan", "Parent Relationship": "Outer", "Relation Name": "info_type", "Alias": "it1", "Startup Cost": 0.0, "Total Cost": 2.4, "Plan Rows": 1, "Plan Width": 4, "Filter": "((info)::text = 'budget'::text)"}]}]}]}]}]}]}, {"Node Type": "Hash", "Parent Relationship": "Inner", "Startup Cost": 16267.15, "Total Cost": 16267.15, "Plan Rows": 1380034, "Plan Width": 8, "Plans": [{"Node Type": "Seq Scan", "Parent Relationship": "Outer", "Relation Name": "movie_info_idx", "Alias": "mi_idx", "Startup Cost": 0.0, "Total Cost": 16267.15, "Plan Rows": 1380034, "Plan Width": 8}]}]}]}, {"Node Type": "Hash", "Parent Relationship": "Inner", "Startup Cost": 5903.45, "Total Cost": 5903.45, "Plan Rows": 85170, "Plan Width": 4, "Plans": [{"Node Type": "Seq Scan", "Parent Relationship": "Outer", "Relation Name": "company_name", "Alias": "cn", "Startup Cost": 0.0, "Total Cost": 5903.45, "Plan Rows": 85170, "Plan Width": 4, "Filter": "((country_code)::text = '[us]'::text)"}]}]}, {"Node Type": "Hash", "Parent Relationship": "Inner", "Startup Cost": 2.4, "Total Cost": 2.4, "Plan Rows": 1, "Plan Width": 4, "Plans": [{"Node Type": "Seq Scan", "Parent Relationship": "Outer", "Relation Name": "info_type", "Alias": "it2", "Startup Cost": 0.0, "Total Cost": 2.4, "Plan Rows": 1, "Plan Width": 4, "Filter": "((info)::text = 'bottom 10 rank'::text)"}]}]}, {"Node Type": "Hash", "Parent Relationship": "Inner", "Startup Cost": 1.04, "Total Cost": 1.04, "Plan Rows": 2, "Plan Width": 4, "Plans": [{"Node Type": "Seq Scan", "Parent Relationship": "Outer", "Relation Name": "company_type", "Alias": "ct", "Startup Cost": 0.0, "Total Cost": 1.04, "Plan Rows": 2, "Plan Width": 4, "Filter": "((kind IS NOT NULL) AND (((kind)::text = 'production companies'::text) OR ((kind)::text = 'distributors'::text)))"}]}]}]}, "Unique SQL Id": 1682224415}, "explain_analyze_plan": {"Plan": {"Node Type": "Aggregate", "Strategy": "Plain", "Startup Cost": 140310.24, "Total Cost": 140310.25, "Plan Rows": 1, "Plan Width": 123, "Actual Min Startup Time": 771.192, "Actual Max Startup Time": 771.192, "Actual Min Total Time": 771.192, "Actual Max Total Time": 771.192, "Actual Total Rows": 1, "Plans": [{"Node Type": "Hash Join", "Parent Relationship": "Outer", "Join Type": "Inner", "Startup Cost": 107021.94, "Total Cost": 140310.0, "Plan Rows": 48, "Plan Width": 59, "Actual Min Startup Time": 762.414, "Actual Max Startup Time": 762.414, "Actual Min Total Time": 771.167, "Actual Max Total Time": 771.167, "Actual Total Rows": 5, "Inner Unique": true, "Hash Cond": "(mc.company_type_id = ct.id)", "Plans": [{"Node Type": "Hash Join", "Parent Relationship": "Outer", "Join Type": "Inner", "Startup Cost": 107020.87, "Total Cost": 140308.27, "Plan Rows": 48, "Plan Width": 63, "Actual Min Startup Time": 762.235, "Actual Max Startup Time": 762.235, "Actual Min Total Time": 770.977, "Actual Max Total Time": 770.977, "Actual Total Rows": 10, "Inner Unique": true, "Hash Cond": "(mi_idx.info_type_id = it2.id)", "Plans": [{"Node Type": "Hash Join", "Parent Relationship": "Outer", "Join Type": "Inner", "Startup Cost": 107018.46, "Total Cost": 140304.81, "Plan Rows": 193, "Plan Width": 67, "Actual Min Startup Time": 728.633, "Actual Max Startup Time": 728.633, "Actual Min Total Time": 770.475, "Actual Max Total Time": 770.475, "Actual Total Rows": 1393, "Inner Unique": true, "Hash Cond": "(mc.company_id = cn.id)", "Plans": [{"Node Type": "Streaming(type: LOCAL GATHER dop: 1/16)", "Parent Relationship": "Outer", "Startup Cost": 104477.97, "Total Cost": 137750.53, "Plan Rows": 880, "Plan Width": 71, "Actual Min Startup Time": 607.567, "Actual Max Startup Time": 607.567, "Actual Min Total Time": 648.096, "Actual Max Total Time": 648.096, "Actual Total Rows": 3102, "Plans": [{"Node Type": "Hash Join", "Parent Relationship": "Outer", "Join Type": "Inner", "Startup Cost": 104477.97, "Total Cost": 137731.54, "Plan Rows": 880, "Plan Width": 71, "Actual Min Startup Time": 548.351, "Actual Max Startup Time": 613.076, "Actual Min Total Time": 589.111, "Actual Max Total Time": 618.718, "Actual Total Rows": 3102, "Inner Unique": false, "Hash Cond": "(t.id = mi_idx.movie_id)", "Plans": [{"Node Type": "Streaming(type: BROADCAST dop: 16/16)", "Parent Relationship": "Outer", "Startup Cost": 87132.67, "Total Cost": 120381.4, "Plan Rows": 9168, "Plan Width": 79, "Actual Min Startup Time": 487.595, "Actual Max Startup Time": 530.844, "Actual Min Total Time": 527.884, "Actual Max Total Time": 571.214, "Actual Total Rows": 21456, "Plans": [{"Node Type": "Hash Join", "Parent Relationship": "Outer", "Join Type": "Inner", "Startup Cost": 87132.67, "Total Cost": 105358.12, "Plan Rows": 573, "Plan Width": 79, "Actual Min Startup Time": 519.728, "Actual Max Startup Time": 564.387, "Actual Min Total Time": 582.506, "Actual Max Total Time": 621.212, "Actual Total Rows": 1341, "Inner Unique": false, "Hash Cond": "(mc.movie_id = t.id)", "Plans": [{"Node Type": "Seq Scan", "Parent Relationship": "Outer", "Relation Name": "movie_companies", "Alias": "mc", "Startup Cost": 0.0, "Total Cost": 17613.58, "Plan Rows": 2609128, "Plan Width": 12, "Actual Min Startup Time": 0.045, "Actual Max Startup Time": 0.072, "Actual Min Total Time": 32.721, "Actual Max Total Time": 40.599, "Actual Total Rows": 2609128}, {"Node Type": "Hash", "Parent Relationship": "Inner", "Startup Cost": 87129.32, "Total Cost": 87129.32, "Plan Rows": 4288, "Plan Width": 67, "Actual Min Startup Time": 517.911, "Actual Max Startup Time": 554.826, "Actual Min Total Time": 517.911, "Actual Max Total Time": 554.826, "Actual Total Rows": 6928, "Max Hash Buckets": 32768, "Min Hash Buckets": 32768, "Max Hash Batches": 1, "Min Hash Batches": 1, "Max Original Hash Batches": 1, "Min Original Hash Batches": 1, "Max Peak Memory Usage": 33, "min Peak Memory Usage": 33, "Plans": [{"Node Type": "Streaming(type: BROADCAST dop: 16/1)", "Parent Relationship": "Outer", "Startup Cost": 34955.58, "Total Cost": 87129.32, "Plan Rows": 4288, "Plan Width": 67, "Actual Min Startup Time": 346.904, "Actual Max Startup Time": 383.843, "Actual Min Total Time": 517.596, "Actual Max Total Time": 554.643, "Actual Total Rows": 6928, "Plans": [{"Node Type": "Hash Join", "Parent Relationship": "Outer", "Join Type": "Inner", "Startup Cost": 34955.58, "Total Cost": 72036.78, "Plan Rows": 268, "Plan Width": 67, "Actual Min Startup Time": 347.821, "Actual Max Startup Time": 347.821, "Actual Min Total Time": 534.56, "Actual Max Total Time": 534.56, "Actual Total Rows": 433, "Inner Unique": true, "Hash Cond": "(mi.info_type_id = it1.id)", "Plans": [{"Node Type": "Streaming(type: LOCAL GATHER dop: 1/16)", "Parent Relationship": "Outer", "Startup Cost": 34953.17, "Total Cost": 72030.4, "Plan Rows": 1367, "Plan Width": 71, "Actual Min Startup Time": 132.313, "Actual Max Startup Time": 132.313, "Actual Min Total Time": 529.908, "Actual Max Total Time": 529.908, "Actual Total Rows": 25015, "Plans": [{"Node Type": "Hash Join", "Parent Relationship": "Outer", "Join Type": "Inner", "Startup Cost": 34953.17, "Total Cost": 72000.9, "Plan Rows": 1367, "Plan Width": 71, "Actual Min Startup Time": 92.617, "Actual Max Startup Time": 138.422, "Actual Min Total Time": 487.219, "Actual Max Total Time": 525.005, "Actual Total Rows": 25015, "Inner Unique": true, "Hash Cond": "(mi.movie_id = t.id)", "Plans": [{"Node Type": "Seq Scan", "Parent Relationship": "Outer", "Relation Name": "movie_info", "Alias": "mi", "Startup Cost": 0.0, "Total Cost": 33561.73, "Plan Rows": 14869966, "Plan Width": 50, "Actual Min Startup Time": 0.059, "Actual Max Startup Time": 0.073, "Actual Min Total Time": 224.938, "Actual Max Total Time": 257.891, "Actual Total Rows": 14835719}, {"Node Type": "Hash", "Parent Relationship": "Inner", "Startup Cost": 34949.95, "Total Cost": 34949.95, "Plan Rows": 4128, "Plan Width": 21, "Actual Min Startup Time": 92.462, "Actual Max Startup Time": 135.17, "Actual Min Total Time": 92.462, "Actual Max Total Time": 135.17, "Actual Total Rows": 40576, "Max Hash Buckets": 32768, "Min Hash Buckets": 32768, "Max Hash Batches": 1, "Min Hash Batches": 1, "Max Original Hash Batches": 1, "Min Original Hash Batches": 1, "Max Peak Memory Usage": 163, "min Peak Memory Usage": 163, "Plans": [{"Node Type": "Streaming(type: BROADCAST dop: 16/16)", "Parent Relationship": "Outer", "Startup Cost": 0.0, "Total Cost": 34949.95, "Plan Rows": 4128, "Plan Width": 21, "Actual Min Startup Time": 0.068, "Actual Max Startup Time": 13.238, "Actual Min Total Time": 91.353, "Actual Max Total Time": 134.363, "Actual Total Rows": 40576, "Plans": [{"Node Type": "Seq Scan", "Parent Relationship": "Outer", "Relation Name": "title", "Alias": "t", "Startup Cost": 0.0, "Total Cost": 19939.47, "Plan Rows": 258, "Plan Width": 21, "Actual Min Startup Time": 0.049, "Actual Max Startup Time": 5.625, "Actual Min Total Time": 85.009, "Actual Max Total Time": 90.465, "Actual Total Rows": 2536, "Filter": "((production_year > 2000) AND (((title)::text ~~ 'Birdemic%'::text) OR ((title)::text ~~ '%Movie%'::text)))", "Rows Removed by Filter": 2525775}]}]}]}]}, {"Node Type": "Hash", "Parent Relationship": "Inner", "Startup Cost": 2.4, "Total Cost": 2.4, "Plan Rows": 1, "Plan Width": 4, "Actual Min Startup Time": 0.08, "Actual Max Startup Time": 0.08, "Actual Min Total Time": 0.08, "Actual Max Total Time": 0.08, "Actual Total Rows": 1, "Max Hash Buckets": 32768, "Min Hash Buckets": 32768, "Max Hash Batches": 1, "Min Hash Batches": 1, "Max Original Hash Batches": 1, "Min Original Hash Batches": 1, "Max Peak Memory Usage": 1, "min Peak Memory Usage": 1, "Plans": [{"Node Type": "Seq Scan", "Parent Relationship": "Outer", "Relation Name": "info_type", "Alias": "it1", "Startup Cost": 0.0, "Total Cost": 2.4, "Plan Rows": 1, "Plan Width": 4, "Actual Min Startup Time": 0.066, "Actual Max Startup Time": 0.066, "Actual Min Total Time": 0.071, "Actual Max Total Time": 0.071, "Actual Total Rows": 1, "Filter": "((info)::text = 'budget'::text)", "Rows Removed by Filter": 111}]}]}]}]}]}]}, {"Node Type": "Hash", "Parent Relationship": "Inner", "Startup Cost": 16267.15, "Total Cost": 16267.15, "Plan Rows": 1380034, "Plan Width": 8, "Actual Min Startup Time": 46.862, "Actual Max Startup Time": 63.177, "Actual Min Total Time": 46.862, "Actual Max Total Time": 63.177, "Actual Total Rows": 1380034, "Max Hash Buckets": 131072, "Min Hash Buckets": 131072, "Max Hash Batches": 1, "Min Hash Batches": 1, "Max Original Hash Batches": 1, "Min Original Hash Batches": 1, "Max Peak Memory Usage": 3941, "min Peak Memory Usage": 3941, "Plans": [{"Node Type": "Seq Scan", "Parent Relationship": "Outer", "Relation Name": "movie_info_idx", "Alias": "mi_idx", "Startup Cost": 0.0, "Total Cost": 16267.15, "Plan Rows": 1380034, "Plan Width": 8, "Actual Min Startup Time": 0.04, "Actual Max Startup Time": 0.074, "Actual Min Total Time": 24.829, "Actual Max Total Time": 31.263, "Actual Total Rows": 1380034}]}]}]}, {"Node Type": "Hash", "Parent Relationship": "Inner", "Startup Cost": 5903.45, "Total Cost": 5903.45, "Plan Rows": 85170, "Plan Width": 4, "Actual Min Startup Time": 120.841, "Actual Max Startup Time": 120.841, "Actual Min Total Time": 120.841, "Actual Max Total Time": 120.841, "Actual Total Rows": 84843, "Max Hash Buckets": 131072, "Min Hash Buckets": 131072, "Max Hash Batches": 1, "Min Hash Batches": 1, "Max Original Hash Batches": 1, "Min Original Hash Batches": 1, "Max Peak Memory Usage": 2983, "min Peak Memory Usage": 2983, "Plans": [{"Node Type": "Seq Scan", "Parent Relationship": "Outer", "Relation Name": "company_name", "Alias": "cn", "Startup Cost": 0.0, "Total Cost": 5903.45, "Plan Rows": 85170, "Plan Width": 4, "Actual Min Startup Time": 0.041, "Actual Max Startup Time": 0.041, "Actual Min Total Time": 96.178, "Actual Max Total Time": 96.178, "Actual Total Rows": 84843, "Filter": "((country_code)::text = '[us]'::text)", "Rows Removed by Filter": 150153}]}]}, {"Node Type": "Hash", "Parent Relationship": "Inner", "Startup Cost": 2.4, "Total Cost": 2.4, "Plan Rows": 1, "Plan Width": 4, "Actual Min Startup Time": 0.067, "Actual Max Startup Time": 0.067, "Actual Min Total Time": 0.067, "Actual Max Total Time": 0.067, "Actual Total Rows": 1, "Max Hash Buckets": 32768, "Min Hash Buckets": 32768, "Max Hash Batches": 1, "Min Hash Batches": 1, "Max Original Hash Batches": 1, "Min Original Hash Batches": 1, "Max Peak Memory Usage": 1, "min Peak Memory Usage": 1, "Plans": [{"Node Type": "Seq Scan", "Parent Relationship": "Outer", "Relation Name": "info_type", "Alias": "it2", "Startup Cost": 0.0, "Total Cost": 2.4, "Plan Rows": 1, "Plan Width": 4, "Actual Min Startup Time": 0.055, "Actual Max Startup Time": 0.055, "Actual Min Total Time": 0.057, "Actual Max Total Time": 0.057, "Actual Total Rows": 1, "Filter": "((info)::text = 'bottom 10 rank'::text)", "Rows Removed by Filter": 111}]}]}, {"Node Type": "Hash", "Parent Relationship": "Inner", "Startup Cost": 1.04, "Total Cost": 1.04, "Plan Rows": 2, "Plan Width": 4, "Actual Min Startup Time": 0.066, "Actual Max Startup Time": 0.066, "Actual Min Total Time": 0.066, "Actual Max Total Time": 0.066, "Actual Total Rows": 1, "Max Hash Buckets": 32768, "Min Hash Buckets": 32768, "Max Hash Batches": 1, "Min Hash Batches": 1, "Max Original Hash Batches": 1, "Min Original Hash Batches": 1, "Max Peak Memory Usage": 1, "min Peak Memory Usage": 1, "Plans": [{"Node Type": "Seq Scan", "Parent Relationship": "Outer", "Relation Name": "company_type", "Alias": "ct", "Startup Cost": 0.0, "Total Cost": 1.04, "Plan Rows": 2, "Plan Width": 4, "Actual Min Startup Time": 0.04, "Actual Max Startup Time": 0.04, "Actual Min Total Time": 0.048, "Actual Max Total Time": 0.048, "Actual Total Rows": 1, "Filter": "((kind IS NOT NULL) AND (((kind)::text = 'production companies'::text) OR ((kind)::text = 'distributors'::text)))", "Rows Removed by Filter": 2}]}]}]}, "Triggers": [], "Planner Runtime": 390.207, "Total Runtime": 786.945, "Unique SQL Id": 1682224415}}, "(16, 75)": {"explain_plan": {"Plan": {"Node Type": "Aggregate", "Strategy": "Plain", "Startup Cost": 7992975234889.96, "Total Cost": 7992975234889.97, "Plan Rows": 1, "Plan Width": 123, "Plans": [{"Node Type": "Hash Join", "Parent Relationship": "Outer", "Join Type": "Inner", "Startup Cost": 4040006794292.66, "Total Cost": 7992975234889.72, "Plan Rows": 48, "Plan Width": 59, "Inner Unique": true, "Hash Cond": "(mi_idx.info_type_id = it2.id)", "Plans": [{"Node Type": "Hash Join", "Parent Relationship": "Outer", "Join Type": "Inner", "Startup Cost": 3040006792871.65, "Total Cost": 6992975233467.67, "Plan Rows": 193, "Plan Width": 63, "Inner Unique": true, "Hash Cond": "(mi.info_type_id = it1.id)", "Plans": [{"Node Type": "Hash Join", "Parent Relationship": "Outer", "Join Type": "Inner", "Startup Cost": 2040006791450.64, "Total Cost": 5992975232035.35, "Plan Rows": 3899, "Plan Width": 67, "Inner Unique": true, "Hash Cond": "(mc.company_type_id = ct.id)", "Plans": [{"Node Type": "Hash Join", "Parent Relationship": "Outer", "Join Type": "Inner", "Startup Cost": 1040006790219.61, "Total Cost": 4992975230750.71, "Plan Rows": 3899, "Plan Width": 71, "Inner Unique": true, "Hash Cond": "(mc.company_id = cn.id)", "Plans": [{"Node Type": "Merge Join", "Parent Relationship": "Outer", "Join Type": "Inner", "Startup Cost": 40005739016.02, "Total Cost": 3992974179474.28, "Plan Rows": 4648, "Plan Width": 75, "Inner Unique": false, "Merge Cond": "(t.id = mi.movie_id)", "Plans": [{"Node Type": "Merge Join", "Parent Relationship": "Outer", "Join Type": "Inner", "Startup Cost": 30005739016.02, "Total Cost": 2996397545086.11, "Plan Rows": 841, "Plan Width": 41, "Inner Unique": false, "Merge Cond": "(t.id = mi_idx.movie_id)", "Plans": [{"Node Type": "Merge Join", "Parent Relationship": "Outer", "Join Type": "Inner", "Startup Cost": 20000000000.0, "Total Cost": 2000025966759.29, "Plan Rows": 545, "Plan Width": 33, "Inner Unique": true, "Merge Cond": "(mc.movie_id = t.id)", "Plans": [{"Node Type": "Index Scan", "Parent Relationship": "Outer", "Scan Direction": "Forward", "Index Name": "movie_id_movie_companies", "Relation Name": "movie_companies", "Alias": "mc", "Startup Cost": 10000000000.0, "Total Cost": 1000013051946.13, "Plan Rows": 2609128, "Plan Width": 12}, {"Node Type": "Materialize", "Parent Relationship": "Inner", "Startup Cost": 10000000000.0, "Total Cost": 1000012908282.81, "Plan Rows": 258, "Plan Width": 21, "Plans": [{"Node Type": "Index Scan", "Parent Relationship": "Outer", "Scan Direction": "Forward", "Index Name": "title_pkey", "Relation Name": "title", "Alias": "t", "Startup Cost": 10000000000.0, "Total Cost": 1000012908282.16, "Plan Rows": 258, "Plan Width": 21, "Filter": "((production_year > 2000) AND (((title)::text ~~ 'Birdemic%'::text) OR ((title)::text ~~ '%Movie%'::text)))"}]}]}, {"Node Type": "Index Scan", "Parent Relationship": "Inner", "Scan Direction": "Forward", "Index Name": "movie_id_movie_info_idx", "Relation Name": "movie_info_idx", "Alias": "mi_idx", "Startup Cost": 10000000000.0, "Total Cost": 1000004650035.37, "Plan Rows": 1380034, "Plan Width": 8}]}, {"Node Type": "Index Scan", "Parent Relationship": "Inner", "Scan Direction": "Forward", "Index Name": "movie_id_movie_info", "Relation Name": "movie_info", "Alias": "mi", "Startup Cost": 10000000000.0, "Total Cost": 1000103816912.22, "Plan Rows": 14869966, "Plan Width": 50}]}, {"Node Type": "Hash", "Parent Relationship": "Inner", "Startup Cost": 1000001050138.97, "Total Cost": 1000001050138.97, "Plan Rows": 85170, "Plan Width": 4, "Plans": [{"Node Type": "Index Scan", "Parent Relationship": "Outer", "Scan Direction": "Forward", "Index Name": "company_name_pkey", "Relation Name": "company_name", "Alias": "cn", "Startup Cost": 10000000000.0, "Total Cost": 1000001050138.97, "Plan Rows": 85170, "Plan Width": 4, "Filter": "((country_code)::text = '[us]'::text)"}]}]}, {"Node Type": "Hash", "Parent Relationship": "Inner", "Startup Cost": 1000000001231.0, "Total Cost": 1000000001231.0, "Plan Rows": 2, "Plan Width": 4, "Plans": [{"Node Type": "Index Scan", "Parent Relationship": "Outer", "Scan Direction": "Forward", "Index Name": "company_type_pkey", "Relation Name": "company_type", "Alias": "ct", "Startup Cost": 10000000000.0, "Total Cost": 1000000001231.0, "Plan Rows": 2, "Plan Width": 4, "Filter": "((kind IS NOT NULL) AND (((kind)::text = 'production companies'::text) OR ((kind)::text = 'distributors'::text)))"}]}]}, {"Node Type": "Hash", "Parent Relationship": "Inner", "Startup Cost": 1000000001421.0, "Total Cost": 1000000001421.0, "Plan Rows": 1, "Plan Width": 4, "Plans": [{"Node Type": "Index Scan", "Parent Relationship": "Outer", "Scan Direction": "Forward", "Index Name": "info_type_pkey", "Relation Name": "info_type", "Alias": "it1", "Startup Cost": 10000000000.0, "Total Cost": 1000000001421.0, "Plan Rows": 1, "Plan Width": 4, "Filter": "((info)::text = 'budget'::text)"}]}]}, {"Node Type": "Hash", "Parent Relationship": "Inner", "Startup Cost": 1000000001421.0, "Total Cost": 1000000001421.0, "Plan Rows": 1, "Plan Width": 4, "Plans": [{"Node Type": "Index Scan", "Parent Relationship": "Outer", "Scan Direction": "Forward", "Index Name": "info_type_pkey", "Relation Name": "info_type", "Alias": "it2", "Startup Cost": 10000000000.0, "Total Cost": 1000000001421.0, "Plan Rows": 1, "Plan Width": 4, "Filter": "((info)::text = 'bottom 10 rank'::text)"}]}]}]}, "Unique SQL Id": 1682224415}, "explain_analyze_plan": null}, "(16, 76)": {"explain_plan": {"Plan": {"Node Type": "Aggregate", "Strategy": "Plain", "Startup Cost": 22484.22, "Total Cost": 22484.23, "Plan Rows": 1, "Plan Width": 123, "Plans": [{"Node Type": "Nested Loop", "Parent Relationship": "Outer", "Join Type": "Inner", "Startup Cost": 2.41, "Total Cost": 22484.2, "Plan Rows": 4, "Plan Width": 59, "Inner Unique": true, "Plans": [{"Node Type": "Nested Loop", "Parent Relationship": "Outer", "Join Type": "Inner", "Startup Cost": 2.41, "Total Cost": 22482.19, "Plan Rows": 7, "Plan Width": 63, "Inner Unique": true, "Plans": [{"Node Type": "Nested Loop", "Parent Relationship": "Outer", "Join Type": "Inner", "Startup Cost": 2.41, "Total Cost": 22480.76, "Plan Rows": 5, "Plan Width": 67, "Inner Unique": true, "Plans": [{"Node Type": "Nested Loop", "Parent Relationship": "Outer", "Join Type": "Inner", "Startup Cost": 2.41, "Total Cost": 22462.4, "Plan Rows": 65, "Plan Width": 71, "Inner Unique": false, "Join Filter": "(t.id = mc.movie_id)", "Plans": [{"Node Type": "Hash Join", "Parent Relationship": "Outer", "Join Type": "Inner", "Startup Cost": 2.41, "Total Cost": 22452.74, "Plan Rows": 30, "Plan Width": 75, "Inner Unique": true, "Hash Cond": "(mi.info_type_id = it1.id)", "Plans": [{"Node Type": "Nested Loop", "Parent Relationship": "Outer", "Join Type": "Inner", "Startup Cost": 0.0, "Total Cost": 22444.72, "Plan Rows": 2117, "Plan Width": 79, "Inner Unique": false, "Join Filter": "(t.id = mi.movie_id)", "Plans": [{"Node Type": "Nested Loop", "Parent Relationship": "Outer", "Join Type": "Inner", "Startup Cost": 0.0, "Total Cost": 22045.95, "Plan Rows": 396, "Plan Width": 29, "Inner Unique": false, "Plans": [{"Node Type": "Streaming(type: LOCAL GATHER dop: 1/16)", "Parent Relationship": "Outer", "Startup Cost": 0.0, "Total Cost": 19945.03, "Plan Rows": 258, "Plan Width": 21, "Plans": [{"Node Type": "Seq Scan", "Parent Relationship": "Outer", "Relation Name": "title", "Alias": "t", "Startup Cost": 0.0, "Total Cost": 19939.47, "Plan Rows": 258, "Plan Width": 21, "Filter": "((production_year > 2000) AND (((title)::text ~~ 'Birdemic%'::text) OR ((title)::text ~~ '%Movie%'::text)))"}]}, {"Node Type": "Index Scan", "Parent Relationship": "Inner", "Scan Direction": "Forward", "Index Name": "movie_id_movie_info_idx", "Relation Name": "movie_info_idx", "Alias": "mi_idx", "Startup Cost": 0.0, "Total Cost": 8.12, "Plan Rows": 2, "Plan Width": 8, "Index Cond": "(movie_id = t.id)"}]}, {"Node Type": "Index Scan", "Parent Relationship": "Inner", "Scan Direction": "Forward", "Index Name": "movie_id_movie_info", "Relation Name": "movie_info", "Alias": "mi", "Startup Cost": 0.0, "Total Cost": 0.94, "Plan Rows": 5, "Plan Width": 50, "Index Cond": "(movie_id = mi_idx.movie_id)"}]}, {"Node Type": "Hash", "Parent Relationship": "Inner", "Startup Cost": 2.4, "Total Cost": 2.4, "Plan Rows": 1, "Plan Width": 4, "Plans": [{"Node Type": "Seq Scan", "Parent Relationship": "Outer", "Relation Name": "info_type", "Alias": "it1", "Startup Cost": 0.0, "Total Cost": 2.4, "Plan Rows": 1, "Plan Width": 4, "Filter": "((info)::text = 'budget'::text)"}]}]}, {"Node Type": "Index Scan", "Parent Relationship": "Inner", "Scan Direction": "Forward", "Index Name": "movie_id_movie_companies", "Relation Name": "movie_companies", "Alias": "mc", "Startup Cost": 0.0, "Total Cost": 0.3, "Plan Rows": 2, "Plan Width": 12, "Index Cond": "(movie_id = mi.movie_id)"}]}, {"Node Type": "Index Scan", "Parent Relationship": "Inner", "Scan Direction": "Forward", "Index Name": "info_type_pkey", "Relation Name": "info_type", "Alias": "it2", "Startup Cost": 0.0, "Total Cost": 0.27, "Plan Rows": 1, "Plan Width": 4, "Index Cond": "(id = mi_idx.info_type_id)", "Filter": "((info)::text = 'bottom 10 rank'::text)"}]}, {"Node Type": "Index Scan", "Parent Relationship": "Inner", "Scan Direction": "Forward", "Index Name": "company_type_pkey", "Relation Name": "company_type", "Alias": "ct", "Startup Cost": 0.0, "Total Cost": 0.28, "Plan Rows": 1, "Plan Width": 4, "Index Cond": "(id = mc.company_type_id)", "Filter": "((kind IS NOT NULL) AND (((kind)::text = 'production companies'::text) OR ((kind)::text = 'distributors'::text)))"}]}, {"Node Type": "Index Scan", "Parent Relationship": "Inner", "Scan Direction": "Forward", "Index Name": "company_name_pkey", "Relation Name": "company_name", "Alias": "cn", "Startup Cost": 0.0, "Total Cost": 0.28, "Plan Rows": 1, "Plan Width": 4, "Index Cond": "(id = mc.company_id)", "Filter": "((country_code)::text = '[us]'::text)"}]}]}, "Unique SQL Id": 1682224415}, "explain_analyze_plan": {"Plan": {"Node Type": "Aggregate", "Strategy": "Plain", "Startup Cost": 22484.22, "Total Cost": 22484.23, "Plan Rows": 1, "Plan Width": 123, "Actual Min Startup Time": 175.857, "Actual Max Startup Time": 175.857, "Actual Min Total Time": 175.858, "Actual Max Total Time": 175.858, "Actual Total Rows": 1, "Plans": [{"Node Type": "Nested Loop", "Parent Relationship": "Outer", "Join Type": "Inner", "Startup Cost": 2.41, "Total Cost": 22484.2, "Plan Rows": 4, "Plan Width": 59, "Actual Min Startup Time": 89.71, "Actual Max Startup Time": 89.71, "Actual Min Total Time": 175.806, "Actual Max Total Time": 175.806, "Actual Total Rows": 5, "Inner Unique": true, "Plans": [{"Node Type": "Nested Loop", "Parent Relationship": "Outer", "Join Type": "Inner", "Startup Cost": 2.41, "Total Cost": 22482.19, "Plan Rows": 7, "Plan Width": 63, "Actual Min Startup Time": 89.693, "Actual Max Startup Time": 89.693, "Actual Min Total Time": 175.752, "Actual Max Total Time": 175.752, "Actual Total Rows": 5, "Inner Unique": true, "Plans": [{"Node Type": "Nested Loop", "Parent Relationship": "Outer", "Join Type": "Inner", "Startup Cost": 2.41, "Total Cost": 22480.76, "Plan Rows": 5, "Plan Width": 67, "Actual Min Startup Time": 89.556, "Actual Max Startup Time": 89.556, "Actual Min Total Time": 175.674, "Actual Max Total Time": 175.674, "Actual Total Rows": 33, "Inner Unique": true, "Plans": [{"Node Type": "Nested Loop", "Parent Relationship": "Outer", "Join Type": "Inner", "Startup Cost": 2.41, "Total Cost": 22462.4, "Plan Rows": 65, "Plan Width": 71, "Actual Min Startup Time": 78.857, "Actual Max Startup Time": 78.857, "Actual Min Total Time": 168.103, "Actual Max Total Time": 168.103, "Actual Total Rows": 3102, "Inner Unique": false, "Join Filter": "(t.id = mc.movie_id)", "Rows Removed by Join Filter": 0, "Plans": [{"Node Type": "Hash Join", "Parent Relationship": "Outer", "Join Type": "Inner", "Startup Cost": 2.41, "Total Cost": 22452.74, "Plan Rows": 30, "Plan Width": 75, "Actual Min Startup Time": 78.84, "Actual Max Startup Time": 78.84, "Actual Min Total Time": 162.426, "Actual Max Total Time": 162.426, "Actual Total Rows": 620, "Inner Unique": true, "Hash Cond": "(mi.info_type_id = it1.id)", "Plans": [{"Node Type": "Nested Loop", "Parent Relationship": "Outer", "Join Type": "Inner", "Startup Cost": 0.0, "Total Cost": 22444.72, "Plan Rows": 2117, "Plan Width": 79, "Actual Min Startup Time": 77.779, "Actual Max Startup Time": 77.779, "Actual Min Total Time": 154.002, "Actual Max Total Time": 154.002, "Actual Total Rows": 49580, "Inner Unique": false, "Join Filter": "(t.id = mi.movie_id)", "Rows Removed by Join Filter": 0, "Plans": [{"Node Type": "Nested Loop", "Parent Relationship": "Outer", "Join Type": "Inner", "Startup Cost": 0.0, "Total Cost": 22045.95, "Plan Rows": 396, "Plan Width": 29, "Actual Min Startup Time": 77.746, "Actual Max Startup Time": 77.746, "Actual Min Total Time": 90.922, "Actual Max Total Time": 90.922, "Actual Total Rows": 2645, "Inner Unique": false, "Plans": [{"Node Type": "Streaming(type: LOCAL GATHER dop: 1/16)", "Parent Relationship": "Outer", "Startup Cost": 0.0, "Total Cost": 19945.03, "Plan Rows": 258, "Plan Width": 21, "Actual Min Startup Time": 77.679, "Actual Max Startup Time": 77.679, "Actual Min Total Time": 78.647, "Actual Max Total Time": 78.647, "Actual Total Rows": 2536, "Plans": [{"Node Type": "Seq Scan", "Parent Relationship": "Outer", "Relation Name": "title", "Alias": "t", "Startup Cost": 0.0, "Total Cost": 19939.47, "Plan Rows": 258, "Plan Width": 21, "Actual Min Startup Time": 0.057, "Actual Max Startup Time": 5.43, "Actual Min Total Time": 80.005, "Actual Max Total Time": 84.262, "Actual Total Rows": 2536, "Filter": "((production_year > 2000) AND (((title)::text ~~ 'Birdemic%'::text) OR ((title)::text ~~ '%Movie%'::text)))", "Rows Removed by Filter": 2525775}]}, {"Node Type": "Index Scan", "Parent Relationship": "Inner", "Scan Direction": "Forward", "Index Name": "movie_id_movie_info_idx", "Relation Name": "movie_info_idx", "Alias": "mi_idx", "Startup Cost": 0.0, "Total Cost": 8.12, "Plan Rows": 2, "Plan Width": 8, "Actual Min Startup Time": 9.491, "Actual Max Startup Time": 9.491, "Actual Min Total Time": 10.382, "Actual Max Total Time": 10.382, "Actual Total Rows": 2645, "Index Cond": "(movie_id = t.id)", "Rows Removed by Index Recheck": 0}]}, {"Node Type": "Index Scan", "Parent Relationship": "Inner", "Scan Direction": "Forward", "Index Name": "movie_id_movie_info", "Relation Name": "movie_info", "Alias": "mi", "Startup Cost": 0.0, "Total Cost": 0.94, "Plan Rows": 5, "Plan Width": 50, "Actual Min Startup Time": 13.462, "Actual Max Startup Time": 13.462, "Actual Min Total Time": 44.48, "Actual Max Total Time": 44.48, "Actual Total Rows": 49580, "Index Cond": "(movie_id = mi_idx.movie_id)", "Rows Removed by Index Recheck": 0}]}, {"Node Type": "Hash", "Parent Relationship": "Inner", "Startup Cost": 2.4, "Total Cost": 2.4, "Plan Rows": 1, "Plan Width": 4, "Actual Min Startup Time": 0.113, "Actual Max Startup Time": 0.113, "Actual Min Total Time": 0.113, "Actual Max Total Time": 0.113, "Actual Total Rows": 1, "Max Hash Buckets": 32768, "Min Hash Buckets": 32768, "Max Hash Batches": 1, "Min Hash Batches": 1, "Max Original Hash Batches": 1, "Min Original Hash Batches": 1, "Max Peak Memory Usage": 1, "min Peak Memory Usage": 1, "Plans": [{"Node Type": "Seq Scan", "Parent Relationship": "Outer", "Relation Name": "info_type", "Alias": "it1", "Startup Cost": 0.0, "Total Cost": 2.4, "Plan Rows": 1, "Plan Width": 4, "Actual Min Startup Time": 0.093, "Actual Max Startup Time": 0.093, "Actual Min Total Time": 0.099, "Actual Max Total Time": 0.099, "Actual Total Rows": 1, "Filter": "((info)::text = 'budget'::text)", "Rows Removed by Filter": 111}]}]}, {"Node Type": "Index Scan", "Parent Relationship": "Inner", "Scan Direction": "Forward", "Index Name": "movie_id_movie_companies", "Relation Name": "movie_companies", "Alias": "mc", "Startup Cost": 0.0, "Total Cost": 0.3, "Plan Rows": 2, "Plan Width": 12, "Actual Min Startup Time": 2.661, "Actual Max Startup Time": 2.661, "Actual Min Total Time": 4.143, "Actual Max Total Time": 4.143, "Actual Total Rows": 3102, "Index Cond": "(movie_id = mi.movie_id)", "Rows Removed by Index Recheck": 0}]}, {"Node Type": "Index Scan", "Parent Relationship": "Inner", "Scan Direction": "Forward", "Index Name": "info_type_pkey", "Relation Name": "info_type", "Alias": "it2", "Startup Cost": 0.0, "Total Cost": 0.27, "Plan Rows": 1, "Plan Width": 4, "Actual Min Startup Time": 6.055, "Actual Max Startup Time": 6.055, "Actual Min Total Time": 6.055, "Actual Max Total Time": 6.055, "Actual Total Rows": 33, "Index Cond": "(id = mi_idx.info_type_id)", "Rows Removed by Index Recheck": 0, "Filter": "((info)::text = 'bottom 10 rank'::text)", "Rows Removed by Filter": 3069}]}, {"Node Type": "Index Scan", "Parent Relationship": "Inner", "Scan Direction": "Forward", "Index Name": "company_type_pkey", "Relation Name": "company_type", "Alias": "ct", "Startup Cost": 0.0, "Total Cost": 0.28, "Plan Rows": 1, "Plan Width": 4, "Actual Min Startup Time": 0.059, "Actual Max Startup Time": 0.059, "Actual Min Total Time": 0.059, "Actual Max Total Time": 0.059, "Actual Total Rows": 5, "Index Cond": "(id = mc.company_type_id)", "Rows Removed by Index Recheck": 0, "Filter": "((kind IS NOT NULL) AND (((kind)::text = 'production companies'::text) OR ((kind)::text = 'distributors'::text)))", "Rows Removed by Filter": 0}]}, {"Node Type": "Index Scan", "Parent Relationship": "Inner", "Scan Direction": "Forward", "Index Name": "company_name_pkey", "Relation Name": "company_name", "Alias": "cn", "Startup Cost": 0.0, "Total Cost": 0.28, "Plan Rows": 1, "Plan Width": 4, "Actual Min Startup Time": 0.041, "Actual Max Startup Time": 0.041, "Actual Min Total Time": 0.041, "Actual Max Total Time": 0.041, "Actual Total Rows": 5, "Index Cond": "(id = mc.company_id)", "Rows Removed by Index Recheck": 0, "Filter": "((country_code)::text = '[us]'::text)", "Rows Removed by Filter": 0}]}]}, "Triggers": [], "Planner Runtime": 271.102, "Total Runtime": 178.832, "Unique SQL Id": 1682224415}}, "(16, 77)": {"explain_plan": {"Plan": {"Node Type": "Aggregate", "Strategy": "Plain", "Startup Cost": 105409.0, "Total Cost": 105409.01, "Plan Rows": 1, "Plan Width": 123, "Plans": [{"Node Type": "Nested Loop", "Parent Relationship": "Outer", "Join Type": "Inner", "Startup Cost": 0.0, "Total Cost": 105408.76, "Plan Rows": 48, "Plan Width": 59, "Inner Unique": true, "Plans": [{"Node Type": "Nested Loop", "Parent Relationship": "Outer", "Join Type": "Inner", "Startup Cost": 0.0, "Total Cost": 105395.08, "Plan Rows": 48, "Plan Width": 63, "Inner Unique": true, "Plans": [{"Node Type": "Nested Loop", "Parent Relationship": "Outer", "Join Type": "Inner", "Startup Cost": 0.0, "Total Cost": 105325.02, "Plan Rows": 248, "Plan Width": 67, "Inner Unique": false, "Join Filter": "(t.id = mi.movie_id)", "Plans": [{"Node Type": "Nested Loop", "Parent Relationship": "Outer", "Join Type": "Inner", "Startup Cost": 0.0, "Total Cost": 105002.25, "Plan Rows": 444, "Plan Width": 33, "Inner Unique": true, "Plans": [{"Node Type": "Nested Loop", "Parent Relationship": "Outer", "Join Type": "Inner", "Startup Cost": 0.0, "Total Cost": 104941.85, "Plan Rows": 210, "Plan Width": 37, "Inner Unique": false, "Join Filter": "(t.id = mc.movie_id)", "Plans": [{"Node Type": "Nested Loop", "Parent Relationship": "Outer", "Join Type": "Inner", "Startup Cost": 0.0, "Total Cost": 104821.08, "Plan Rows": 311, "Plan Width": 25, "Inner Unique": true, "Plans": [{"Node Type": "Nested Loop", "Parent Relationship": "Outer", "Join Type": "Inner", "Startup Cost": 0.0, "Total Cost": 104709.2, "Plan Rows": 396, "Plan Width": 29, "Inner Unique": false, "Plans": [{"Node Type": "Streaming(type: LOCAL GATHER dop: 1/16)", "Parent Relationship": "Outer", "Startup Cost": 0.0, "Total Cost": 102608.29, "Plan Rows": 258, "Plan Width": 21, "Plans": [{"Node Type": "Index Scan", "Parent Relationship": "Outer", "Scan Direction": "Forward", "Index Name": "title_pkey", "Relation Name": "title", "Alias": "t", "Startup Cost": 0.0, "Total Cost": 102602.72, "Plan Rows": 258, "Plan Width": 21, "Filter": "((production_year > 2000) AND (((title)::text ~~ 'Birdemic%'::text) OR ((title)::text ~~ '%Movie%'::text)))"}]}, {"Node Type": "Index Scan", "Parent Relationship": "Inner", "Scan Direction": "Forward", "Index Name": "movie_id_movie_info_idx", "Relation Name": "movie_info_idx", "Alias": "mi_idx", "Startup Cost": 0.0, "Total Cost": 8.12, "Plan Rows": 2, "Plan Width": 8, "Index Cond": "(movie_id = t.id)"}]}, {"Node Type": "Index Scan", "Parent Relationship": "Inner", "Scan Direction": "Forward", "Index Name": "info_type_pkey", "Relation Name": "info_type", "Alias": "it2", "Startup Cost": 0.0, "Total Cost": 0.27, "Plan Rows": 1, "Plan Width": 4, "Index Cond": "(id = mi_idx.info_type_id)", "Filter": "((info)::text = 'bottom 10 rank'::text)"}]}, {"Node Type": "Index Scan", "Parent Relationship": "Inner", "Scan Direction": "Forward", "Index Name": "movie_id_movie_companies", "Relation Name": "movie_companies", "Alias": "mc", "Startup Cost": 0.0, "Total Cost": 0.36, "Plan Rows": 2, "Plan Width": 12, "Index Cond": "(movie_id = mi_idx.movie_id)"}]}, {"Node Type": "Index Scan", "Parent Relationship": "Inner", "Scan Direction": "Forward", "Index Name": "company_name_pkey", "Relation Name": "company_name", "Alias": "cn", "Startup Cost": 0.0, "Total Cost": 0.28, "Plan Rows": 1, "Plan Width": 4, "Index Cond": "(id = mc.company_id)", "Filter": "((country_code)::text = '[us]'::text)"}]}, {"Node Type": "Index Scan", "Parent Relationship": "Inner", "Scan Direction": "Forward", "Index Name": "movie_id_movie_info", "Relation Name": "movie_info", "Alias": "mi", "Startup Cost": 0.0, "Total Cost": 0.66, "Plan Rows": 5, "Plan Width": 50, "Index Cond": "(movie_id = mc.movie_id)"}]}, {"Node Type": "Index Scan", "Parent Relationship": "Inner", "Scan Direction": "Forward", "Index Name": "info_type_pkey", "Relation Name": "info_type", "Alias": "it1", "Startup Cost": 0.0, "Total Cost": 0.27, "Plan Rows": 1, "Plan Width": 4, "Index Cond": "(id = mi.info_type_id)", "Filter": "((info)::text = 'budget'::text)"}]}, {"Node Type": "Index Scan", "Parent Relationship": "Inner", "Scan Direction": "Forward", "Index Name": "company_type_pkey", "Relation Name": "company_type", "Alias": "ct", "Startup Cost": 0.0, "Total Cost": 0.28, "Plan Rows": 1, "Plan Width": 4, "Index Cond": "(id = mc.company_type_id)", "Filter": "((kind IS NOT NULL) AND (((kind)::text = 'production companies'::text) OR ((kind)::text = 'distributors'::text)))"}]}]}, "Unique SQL Id": 1682224415}, "explain_analyze_plan": {"Plan": {"Node Type": "Aggregate", "Strategy": "Plain", "Startup Cost": 105409.0, "Total Cost": 105409.01, "Plan Rows": 1, "Plan Width": 123, "Actual Min Startup Time": 292.646, "Actual Max Startup Time": 292.646, "Actual Min Total Time": 292.646, "Actual Max Total Time": 292.646, "Actual Total Rows": 1, "Plans": [{"Node Type": "Nested Loop", "Parent Relationship": "Outer", "Join Type": "Inner", "Startup Cost": 0.0, "Total Cost": 105408.76, "Plan Rows": 48, "Plan Width": 59, "Actual Min Startup Time": 248.798, "Actual Max Startup Time": 248.798, "Actual Min Total Time": 292.603, "Actual Max Total Time": 292.603, "Actual Total Rows": 5, "Inner Unique": true, "Plans": [{"Node Type": "Nested Loop", "Parent Relationship": "Outer", "Join Type": "Inner", "Startup Cost": 0.0, "Total Cost": 105395.08, "Plan Rows": 48, "Plan Width": 63, "Actual Min Startup Time": 247.656, "Actual Max Startup Time": 247.656, "Actual Min Total Time": 292.563, "Actual Max Total Time": 292.563, "Actual Total Rows": 10, "Inner Unique": true, "Plans": [{"Node Type": "Nested Loop", "Parent Relationship": "Outer", "Join Type": "Inner", "Startup Cost": 0.0, "Total Cost": 105325.02, "Plan Rows": 248, "Plan Width": 67, "Actual Min Startup Time": 247.242, "Actual Max Startup Time": 247.242, "Actual Min Total Time": 289.845, "Actual Max Total Time": 289.845, "Actual Total Rows": 1210, "Inner Unique": false, "Join Filter": "(t.id = mi.movie_id)", "Rows Removed by Join Filter": 0, "Plans": [{"Node Type": "Nested Loop", "Parent Relationship": "Outer", "Join Type": "Inner", "Startup Cost": 0.0, "Total Cost": 105002.25, "Plan Rows": 444, "Plan Width": 33, "Actual Min Startup Time": 247.209, "Actual Max Startup Time": 247.209, "Actual Min Total Time": 288.676, "Actual Max Total Time": 288.676, "Actual Total Rows": 10, "Inner Unique": true, "Plans": [{"Node Type": "Nested Loop", "Parent Relationship": "Outer", "Join Type": "Inner", "Startup Cost": 0.0, "Total Cost": 104941.85, "Plan Rows": 210, "Plan Width": 37, "Actual Min Startup Time": 247.129, "Actual Max Startup Time": 247.129, "Actual Min Total Time": 288.46, "Actual Max Total Time": 288.46, "Actual Total Rows": 33, "Inner Unique": false, "Join Filter": "(t.id = mc.movie_id)", "Rows Removed by Join Filter": 0, "Plans": [{"Node Type": "Nested Loop", "Parent Relationship": "Outer", "Join Type": "Inner", "Startup Cost": 0.0, "Total Cost": 104821.08, "Plan Rows": 311, "Plan Width": 25, "Actual Min Startup Time": 247.091, "Actual Max Startup Time": 247.091, "Actual Min Total Time": 288.37, "Actual Max Total Time": 288.37, "Actual Total Rows": 2, "Inner Unique": true, "Plans": [{"Node Type": "Nested Loop", "Parent Relationship": "Outer", "Join Type": "Inner", "Startup Cost": 0.0, "Total Cost": 104709.2, "Plan Rows": 396, "Plan Width": 29, "Actual Min Startup Time": 84.146, "Actual Max Startup Time": 84.146, "Actual Min Total Time": 281.82, "Actual Max Total Time": 281.82, "Actual Total Rows": 2645, "Inner Unique": false, "Plans": [{"Node Type": "Streaming(type: LOCAL GATHER dop: 1/16)", "Parent Relationship": "Outer", "Startup Cost": 0.0, "Total Cost": 102608.29, "Plan Rows": 258, "Plan Width": 21, "Actual Min Startup Time": 84.091, "Actual Max Startup Time": 84.091, "Actual Min Total Time": 270.133, "Actual Max Total Time": 270.133, "Actual Total Rows": 2536, "Plans": [{"Node Type": "Index Scan", "Parent Relationship": "Outer", "Scan Direction": "Forward", "Index Name": "title_pkey", "Relation Name": "title", "Alias": "t", "Startup Cost": 0.0, "Total Cost": 102602.72, "Plan Rows": 258, "Plan Width": 21, "Actual Min Startup Time": 16.127, "Actual Max Startup Time": 27.372, "Actual Min Total Time": 244.49, "Actual Max Total Time": 275.229, "Actual Total Rows": 2536, "Filter": "((production_year > 2000) AND (((title)::text ~~ 'Birdemic%'::text) OR ((title)::text ~~ '%Movie%'::text)))", "Rows Removed by Filter": 2525775}]}, {"Node Type": "Index Scan", "Parent Relationship": "Inner", "Scan Direction": "Forward", "Index Name": "movie_id_movie_info_idx", "Relation Name": "movie_info_idx", "Alias": "mi_idx", "Startup Cost": 0.0, "Total Cost": 8.12, "Plan Rows": 2, "Plan Width": 8, "Actual Min Startup Time": 8.746, "Actual Max Startup Time": 8.746, "Actual Min Total Time": 9.634, "Actual Max Total Time": 9.634, "Actual Total Rows": 2645, "Index Cond": "(movie_id = t.id)", "Rows Removed by Index Recheck": 0}]}, {"Node Type": "Index Scan", "Parent Relationship": "Inner", "Scan Direction": "Forward", "Index Name": "info_type_pkey", "Relation Name": "info_type", "Alias": "it2", "Startup Cost": 0.0, "Total Cost": 0.27, "Plan Rows": 1, "Plan Width": 4, "Actual Min Startup Time": 5.265, "Actual Max Startup Time": 5.265, "Actual Min Total Time": 5.265, "Actual Max Total Time": 5.265, "Actual Total Rows": 2, "Index Cond": "(id = mi_idx.info_type_id)", "Rows Removed by Index Recheck": 0, "Filter": "((info)::text = 'bottom 10 rank'::text)", "Rows Removed by Filter": 2643}]}, {"Node Type": "Index Scan", "Parent Relationship": "Inner", "Scan Direction": "Forward", "Index Name": "movie_id_movie_companies", "Relation Name": "movie_companies", "Alias": "mc", "Startup Cost": 0.0, "Total Cost": 0.36, "Plan Rows": 2, "Plan Width": 12, "Actual Min Startup Time": 0.022, "Actual Max Startup Time": 0.022, "Actual Min Total Time": 0.045, "Actual Max Total Time": 0.045, "Actual Total Rows": 33, "Index Cond": "(movie_id = mi_idx.movie_id)", "Rows Removed by Index Recheck": 0}]}, {"Node Type": "Index Scan", "Parent Relationship": "Inner", "Scan Direction": "Forward", "Index Name": "company_name_pkey", "Relation Name": "company_name", "Alias": "cn", "Startup Cost": 0.0, "Total Cost": 0.28, "Plan Rows": 1, "Plan Width": 4, "Actual Min Startup Time": 0.187, "Actual Max Startup Time": 0.187, "Actual Min Total Time": 0.187, "Actual Max Total Time": 0.187, "Actual Total Rows": 10, "Index Cond": "(id = mc.company_id)", "Rows Removed by Index Recheck": 0, "Filter": "((country_code)::text = '[us]'::text)", "Rows Removed by Filter": 23}]}, {"Node Type": "Index Scan", "Parent Relationship": "Inner", "Scan Direction": "Forward", "Index Name": "movie_id_movie_info", "Relation Name": "movie_info", "Alias": "mi", "Startup Cost": 0.0, "Total Cost": 0.66, "Plan Rows": 5, "Plan Width": 50, "Actual Min Startup Time": 0.145, "Actual Max Startup Time": 0.145, "Actual Min Total Time": 0.731, "Actual Max Total Time": 0.731, "Actual Total Rows": 1210, "Index Cond": "(movie_id = mc.movie_id)", "Rows Removed by Index Recheck": 0}]}, {"Node Type": "Index Scan", "Parent Relationship": "Inner", "Scan Direction": "Forward", "Index Name": "info_type_pkey", "Relation Name": "info_type", "Alias": "it1", "Startup Cost": 0.0, "Total Cost": 0.27, "Plan Rows": 1, "Plan Width": 4, "Actual Min Startup Time": 2.125, "Actual Max Startup Time": 2.125, "Actual Min Total Time": 2.125, "Actual Max Total Time": 2.125, "Actual Total Rows": 10, "Index Cond": "(id = mi.info_type_id)", "Rows Removed by Index Recheck": 0, "Filter": "((info)::text = 'budget'::text)", "Rows Removed by Filter": 1184}]}, {"Node Type": "Index Scan", "Parent Relationship": "Inner", "Scan Direction": "Forward", "Index Name": "company_type_pkey", "Relation Name": "company_type", "Alias": "ct", "Startup Cost": 0.0, "Total Cost": 0.28, "Plan Rows": 1, "Plan Width": 4, "Actual Min Startup Time": 0.03, "Actual Max Startup Time": 0.03, "Actual Min Total Time": 0.03, "Actual Max Total Time": 0.03, "Actual Total Rows": 5, "Index Cond": "(id = mc.company_type_id)", "Rows Removed by Index Recheck": 0, "Filter": "((kind IS NOT NULL) AND (((kind)::text = 'production companies'::text) OR ((kind)::text = 'distributors'::text)))", "Rows Removed by Filter": 0}]}]}, "Triggers": [], "Planner Runtime": 162.071, "Total Runtime": 295.392, "Unique SQL Id": 1682224415}}, "(16, 78)": {"explain_plan": {"Plan": {"Node Type": "Aggregate", "Strategy": "Plain", "Startup Cost": 140310.24, "Total Cost": 140310.25, "Plan Rows": 1, "Plan Width": 123, "Plans": [{"Node Type": "Hash Join", "Parent Relationship": "Outer", "Join Type": "Inner", "Startup Cost": 107021.94, "Total Cost": 140310.0, "Plan Rows": 48, "Plan Width": 59, "Inner Unique": true, "Hash Cond": "(mc.company_type_id = ct.id)", "Plans": [{"Node Type": "Hash Join", "Parent Relationship": "Outer", "Join Type": "Inner", "Startup Cost": 107020.87, "Total Cost": 140308.27, "Plan Rows": 48, "Plan Width": 63, "Inner Unique": true, "Hash Cond": "(mi_idx.info_type_id = it2.id)", "Plans": [{"Node Type": "Hash Join", "Parent Relationship": "Outer", "Join Type": "Inner", "Startup Cost": 107018.46, "Total Cost": 140304.81, "Plan Rows": 193, "Plan Width": 67, "Inner Unique": true, "Hash Cond": "(mc.company_id = cn.id)", "Plans": [{"Node Type": "Streaming(type: LOCAL GATHER dop: 1/16)", "Parent Relationship": "Outer", "Startup Cost": 104477.97, "Total Cost": 137750.53, "Plan Rows": 880, "Plan Width": 71, "Plans": [{"Node Type": "Hash Join", "Parent Relationship": "Outer", "Join Type": "Inner", "Startup Cost": 104477.97, "Total Cost": 137731.54, "Plan Rows": 880, "Plan Width": 71, "Inner Unique": false, "Hash Cond": "(t.id = mi_idx.movie_id)", "Plans": [{"Node Type": "Streaming(type: BROADCAST dop: 16/16)", "Parent Relationship": "Outer", "Startup Cost": 87132.67, "Total Cost": 120381.4, "Plan Rows": 9168, "Plan Width": 79, "Plans": [{"Node Type": "Hash Join", "Parent Relationship": "Outer", "Join Type": "Inner", "Startup Cost": 87132.67, "Total Cost": 105358.12, "Plan Rows": 573, "Plan Width": 79, "Inner Unique": false, "Hash Cond": "(mc.movie_id = t.id)", "Plans": [{"Node Type": "Seq Scan", "Parent Relationship": "Outer", "Relation Name": "movie_companies", "Alias": "mc", "Startup Cost": 0.0, "Total Cost": 17613.58, "Plan Rows": 2609128, "Plan Width": 12}, {"Node Type": "Hash", "Parent Relationship": "Inner", "Startup Cost": 87129.32, "Total Cost": 87129.32, "Plan Rows": 4288, "Plan Width": 67, "Plans": [{"Node Type": "Streaming(type: BROADCAST dop: 16/1)", "Parent Relationship": "Outer", "Startup Cost": 34955.58, "Total Cost": 87129.32, "Plan Rows": 4288, "Plan Width": 67, "Plans": [{"Node Type": "Hash Join", "Parent Relationship": "Outer", "Join Type": "Inner", "Startup Cost": 34955.58, "Total Cost": 72036.78, "Plan Rows": 268, "Plan Width": 67, "Inner Unique": true, "Hash Cond": "(mi.info_type_id = it1.id)", "Plans": [{"Node Type": "Streaming(type: LOCAL GATHER dop: 1/16)", "Parent Relationship": "Outer", "Startup Cost": 34953.17, "Total Cost": 72030.4, "Plan Rows": 1367, "Plan Width": 71, "Plans": [{"Node Type": "Hash Join", "Parent Relationship": "Outer", "Join Type": "Inner", "Startup Cost": 34953.17, "Total Cost": 72000.9, "Plan Rows": 1367, "Plan Width": 71, "Inner Unique": true, "Hash Cond": "(mi.movie_id = t.id)", "Plans": [{"Node Type": "Seq Scan", "Parent Relationship": "Outer", "Relation Name": "movie_info", "Alias": "mi", "Startup Cost": 0.0, "Total Cost": 33561.73, "Plan Rows": 14869966, "Plan Width": 50}, {"Node Type": "Hash", "Parent Relationship": "Inner", "Startup Cost": 34949.95, "Total Cost": 34949.95, "Plan Rows": 4128, "Plan Width": 21, "Plans": [{"Node Type": "Streaming(type: BROADCAST dop: 16/16)", "Parent Relationship": "Outer", "Startup Cost": 0.0, "Total Cost": 34949.95, "Plan Rows": 4128, "Plan Width": 21, "Plans": [{"Node Type": "Seq Scan", "Parent Relationship": "Outer", "Relation Name": "title", "Alias": "t", "Startup Cost": 0.0, "Total Cost": 19939.47, "Plan Rows": 258, "Plan Width": 21, "Filter": "((production_year > 2000) AND (((title)::text ~~ 'Birdemic%'::text) OR ((title)::text ~~ '%Movie%'::text)))"}]}]}]}]}, {"Node Type": "Hash", "Parent Relationship": "Inner", "Startup Cost": 2.4, "Total Cost": 2.4, "Plan Rows": 1, "Plan Width": 4, "Plans": [{"Node Type": "Seq Scan", "Parent Relationship": "Outer", "Relation Name": "info_type", "Alias": "it1", "Startup Cost": 0.0, "Total Cost": 2.4, "Plan Rows": 1, "Plan Width": 4, "Filter": "((info)::text = 'budget'::text)"}]}]}]}]}]}]}, {"Node Type": "Hash", "Parent Relationship": "Inner", "Startup Cost": 16267.15, "Total Cost": 16267.15, "Plan Rows": 1380034, "Plan Width": 8, "Plans": [{"Node Type": "Seq Scan", "Parent Relationship": "Outer", "Relation Name": "movie_info_idx", "Alias": "mi_idx", "Startup Cost": 0.0, "Total Cost": 16267.15, "Plan Rows": 1380034, "Plan Width": 8}]}]}]}, {"Node Type": "Hash", "Parent Relationship": "Inner", "Startup Cost": 5903.45, "Total Cost": 5903.45, "Plan Rows": 85170, "Plan Width": 4, "Plans": [{"Node Type": "Seq Scan", "Parent Relationship": "Outer", "Relation Name": "company_name", "Alias": "cn", "Startup Cost": 0.0, "Total Cost": 5903.45, "Plan Rows": 85170, "Plan Width": 4, "Filter": "((country_code)::text = '[us]'::text)"}]}]}, {"Node Type": "Hash", "Parent Relationship": "Inner", "Startup Cost": 2.4, "Total Cost": 2.4, "Plan Rows": 1, "Plan Width": 4, "Plans": [{"Node Type": "Seq Scan", "Parent Relationship": "Outer", "Relation Name": "info_type", "Alias": "it2", "Startup Cost": 0.0, "Total Cost": 2.4, "Plan Rows": 1, "Plan Width": 4, "Filter": "((info)::text = 'bottom 10 rank'::text)"}]}]}, {"Node Type": "Hash", "Parent Relationship": "Inner", "Startup Cost": 1.04, "Total Cost": 1.04, "Plan Rows": 2, "Plan Width": 4, "Plans": [{"Node Type": "Seq Scan", "Parent Relationship": "Outer", "Relation Name": "company_type", "Alias": "ct", "Startup Cost": 0.0, "Total Cost": 1.04, "Plan Rows": 2, "Plan Width": 4, "Filter": "((kind IS NOT NULL) AND (((kind)::text = 'production companies'::text) OR ((kind)::text = 'distributors'::text)))"}]}]}]}, "Unique SQL Id": 1682224415}, "explain_analyze_plan": {"Plan": {"Node Type": "Aggregate", "Strategy": "Plain", "Startup Cost": 140310.24, "Total Cost": 140310.25, "Plan Rows": 1, "Plan Width": 123, "Actual Min Startup Time": 771.192, "Actual Max Startup Time": 771.192, "Actual Min Total Time": 771.192, "Actual Max Total Time": 771.192, "Actual Total Rows": 1, "Plans": [{"Node Type": "Hash Join", "Parent Relationship": "Outer", "Join Type": "Inner", "Startup Cost": 107021.94, "Total Cost": 140310.0, "Plan Rows": 48, "Plan Width": 59, "Actual Min Startup Time": 762.414, "Actual Max Startup Time": 762.414, "Actual Min Total Time": 771.167, "Actual Max Total Time": 771.167, "Actual Total Rows": 5, "Inner Unique": true, "Hash Cond": "(mc.company_type_id = ct.id)", "Plans": [{"Node Type": "Hash Join", "Parent Relationship": "Outer", "Join Type": "Inner", "Startup Cost": 107020.87, "Total Cost": 140308.27, "Plan Rows": 48, "Plan Width": 63, "Actual Min Startup Time": 762.235, "Actual Max Startup Time": 762.235, "Actual Min Total Time": 770.977, "Actual Max Total Time": 770.977, "Actual Total Rows": 10, "Inner Unique": true, "Hash Cond": "(mi_idx.info_type_id = it2.id)", "Plans": [{"Node Type": "Hash Join", "Parent Relationship": "Outer", "Join Type": "Inner", "Startup Cost": 107018.46, "Total Cost": 140304.81, "Plan Rows": 193, "Plan Width": 67, "Actual Min Startup Time": 728.633, "Actual Max Startup Time": 728.633, "Actual Min Total Time": 770.475, "Actual Max Total Time": 770.475, "Actual Total Rows": 1393, "Inner Unique": true, "Hash Cond": "(mc.company_id = cn.id)", "Plans": [{"Node Type": "Streaming(type: LOCAL GATHER dop: 1/16)", "Parent Relationship": "Outer", "Startup Cost": 104477.97, "Total Cost": 137750.53, "Plan Rows": 880, "Plan Width": 71, "Actual Min Startup Time": 607.567, "Actual Max Startup Time": 607.567, "Actual Min Total Time": 648.096, "Actual Max Total Time": 648.096, "Actual Total Rows": 3102, "Plans": [{"Node Type": "Hash Join", "Parent Relationship": "Outer", "Join Type": "Inner", "Startup Cost": 104477.97, "Total Cost": 137731.54, "Plan Rows": 880, "Plan Width": 71, "Actual Min Startup Time": 548.351, "Actual Max Startup Time": 613.076, "Actual Min Total Time": 589.111, "Actual Max Total Time": 618.718, "Actual Total Rows": 3102, "Inner Unique": false, "Hash Cond": "(t.id = mi_idx.movie_id)", "Plans": [{"Node Type": "Streaming(type: BROADCAST dop: 16/16)", "Parent Relationship": "Outer", "Startup Cost": 87132.67, "Total Cost": 120381.4, "Plan Rows": 9168, "Plan Width": 79, "Actual Min Startup Time": 487.595, "Actual Max Startup Time": 530.844, "Actual Min Total Time": 527.884, "Actual Max Total Time": 571.214, "Actual Total Rows": 21456, "Plans": [{"Node Type": "Hash Join", "Parent Relationship": "Outer", "Join Type": "Inner", "Startup Cost": 87132.67, "Total Cost": 105358.12, "Plan Rows": 573, "Plan Width": 79, "Actual Min Startup Time": 519.728, "Actual Max Startup Time": 564.387, "Actual Min Total Time": 582.506, "Actual Max Total Time": 621.212, "Actual Total Rows": 1341, "Inner Unique": false, "Hash Cond": "(mc.movie_id = t.id)", "Plans": [{"Node Type": "Seq Scan", "Parent Relationship": "Outer", "Relation Name": "movie_companies", "Alias": "mc", "Startup Cost": 0.0, "Total Cost": 17613.58, "Plan Rows": 2609128, "Plan Width": 12, "Actual Min Startup Time": 0.045, "Actual Max Startup Time": 0.072, "Actual Min Total Time": 32.721, "Actual Max Total Time": 40.599, "Actual Total Rows": 2609128}, {"Node Type": "Hash", "Parent Relationship": "Inner", "Startup Cost": 87129.32, "Total Cost": 87129.32, "Plan Rows": 4288, "Plan Width": 67, "Actual Min Startup Time": 517.911, "Actual Max Startup Time": 554.826, "Actual Min Total Time": 517.911, "Actual Max Total Time": 554.826, "Actual Total Rows": 6928, "Max Hash Buckets": 32768, "Min Hash Buckets": 32768, "Max Hash Batches": 1, "Min Hash Batches": 1, "Max Original Hash Batches": 1, "Min Original Hash Batches": 1, "Max Peak Memory Usage": 33, "min Peak Memory Usage": 33, "Plans": [{"Node Type": "Streaming(type: BROADCAST dop: 16/1)", "Parent Relationship": "Outer", "Startup Cost": 34955.58, "Total Cost": 87129.32, "Plan Rows": 4288, "Plan Width": 67, "Actual Min Startup Time": 346.904, "Actual Max Startup Time": 383.843, "Actual Min Total Time": 517.596, "Actual Max Total Time": 554.643, "Actual Total Rows": 6928, "Plans": [{"Node Type": "Hash Join", "Parent Relationship": "Outer", "Join Type": "Inner", "Startup Cost": 34955.58, "Total Cost": 72036.78, "Plan Rows": 268, "Plan Width": 67, "Actual Min Startup Time": 347.821, "Actual Max Startup Time": 347.821, "Actual Min Total Time": 534.56, "Actual Max Total Time": 534.56, "Actual Total Rows": 433, "Inner Unique": true, "Hash Cond": "(mi.info_type_id = it1.id)", "Plans": [{"Node Type": "Streaming(type: LOCAL GATHER dop: 1/16)", "Parent Relationship": "Outer", "Startup Cost": 34953.17, "Total Cost": 72030.4, "Plan Rows": 1367, "Plan Width": 71, "Actual Min Startup Time": 132.313, "Actual Max Startup Time": 132.313, "Actual Min Total Time": 529.908, "Actual Max Total Time": 529.908, "Actual Total Rows": 25015, "Plans": [{"Node Type": "Hash Join", "Parent Relationship": "Outer", "Join Type": "Inner", "Startup Cost": 34953.17, "Total Cost": 72000.9, "Plan Rows": 1367, "Plan Width": 71, "Actual Min Startup Time": 92.617, "Actual Max Startup Time": 138.422, "Actual Min Total Time": 487.219, "Actual Max Total Time": 525.005, "Actual Total Rows": 25015, "Inner Unique": true, "Hash Cond": "(mi.movie_id = t.id)", "Plans": [{"Node Type": "Seq Scan", "Parent Relationship": "Outer", "Relation Name": "movie_info", "Alias": "mi", "Startup Cost": 0.0, "Total Cost": 33561.73, "Plan Rows": 14869966, "Plan Width": 50, "Actual Min Startup Time": 0.059, "Actual Max Startup Time": 0.073, "Actual Min Total Time": 224.938, "Actual Max Total Time": 257.891, "Actual Total Rows": 14835719}, {"Node Type": "Hash", "Parent Relationship": "Inner", "Startup Cost": 34949.95, "Total Cost": 34949.95, "Plan Rows": 4128, "Plan Width": 21, "Actual Min Startup Time": 92.462, "Actual Max Startup Time": 135.17, "Actual Min Total Time": 92.462, "Actual Max Total Time": 135.17, "Actual Total Rows": 40576, "Max Hash Buckets": 32768, "Min Hash Buckets": 32768, "Max Hash Batches": 1, "Min Hash Batches": 1, "Max Original Hash Batches": 1, "Min Original Hash Batches": 1, "Max Peak Memory Usage": 163, "min Peak Memory Usage": 163, "Plans": [{"Node Type": "Streaming(type: BROADCAST dop: 16/16)", "Parent Relationship": "Outer", "Startup Cost": 0.0, "Total Cost": 34949.95, "Plan Rows": 4128, "Plan Width": 21, "Actual Min Startup Time": 0.068, "Actual Max Startup Time": 13.238, "Actual Min Total Time": 91.353, "Actual Max Total Time": 134.363, "Actual Total Rows": 40576, "Plans": [{"Node Type": "Seq Scan", "Parent Relationship": "Outer", "Relation Name": "title", "Alias": "t", "Startup Cost": 0.0, "Total Cost": 19939.47, "Plan Rows": 258, "Plan Width": 21, "Actual Min Startup Time": 0.049, "Actual Max Startup Time": 5.625, "Actual Min Total Time": 85.009, "Actual Max Total Time": 90.465, "Actual Total Rows": 2536, "Filter": "((production_year > 2000) AND (((title)::text ~~ 'Birdemic%'::text) OR ((title)::text ~~ '%Movie%'::text)))", "Rows Removed by Filter": 2525775}]}]}]}]}, {"Node Type": "Hash", "Parent Relationship": "Inner", "Startup Cost": 2.4, "Total Cost": 2.4, "Plan Rows": 1, "Plan Width": 4, "Actual Min Startup Time": 0.08, "Actual Max Startup Time": 0.08, "Actual Min Total Time": 0.08, "Actual Max Total Time": 0.08, "Actual Total Rows": 1, "Max Hash Buckets": 32768, "Min Hash Buckets": 32768, "Max Hash Batches": 1, "Min Hash Batches": 1, "Max Original Hash Batches": 1, "Min Original Hash Batches": 1, "Max Peak Memory Usage": 1, "min Peak Memory Usage": 1, "Plans": [{"Node Type": "Seq Scan", "Parent Relationship": "Outer", "Relation Name": "info_type", "Alias": "it1", "Startup Cost": 0.0, "Total Cost": 2.4, "Plan Rows": 1, "Plan Width": 4, "Actual Min Startup Time": 0.066, "Actual Max Startup Time": 0.066, "Actual Min Total Time": 0.071, "Actual Max Total Time": 0.071, "Actual Total Rows": 1, "Filter": "((info)::text = 'budget'::text)", "Rows Removed by Filter": 111}]}]}]}]}]}]}, {"Node Type": "Hash", "Parent Relationship": "Inner", "Startup Cost": 16267.15, "Total Cost": 16267.15, "Plan Rows": 1380034, "Plan Width": 8, "Actual Min Startup Time": 46.862, "Actual Max Startup Time": 63.177, "Actual Min Total Time": 46.862, "Actual Max Total Time": 63.177, "Actual Total Rows": 1380034, "Max Hash Buckets": 131072, "Min Hash Buckets": 131072, "Max Hash Batches": 1, "Min Hash Batches": 1, "Max Original Hash Batches": 1, "Min Original Hash Batches": 1, "Max Peak Memory Usage": 3941, "min Peak Memory Usage": 3941, "Plans": [{"Node Type": "Seq Scan", "Parent Relationship": "Outer", "Relation Name": "movie_info_idx", "Alias": "mi_idx", "Startup Cost": 0.0, "Total Cost": 16267.15, "Plan Rows": 1380034, "Plan Width": 8, "Actual Min Startup Time": 0.04, "Actual Max Startup Time": 0.074, "Actual Min Total Time": 24.829, "Actual Max Total Time": 31.263, "Actual Total Rows": 1380034}]}]}]}, {"Node Type": "Hash", "Parent Relationship": "Inner", "Startup Cost": 5903.45, "Total Cost": 5903.45, "Plan Rows": 85170, "Plan Width": 4, "Actual Min Startup Time": 120.841, "Actual Max Startup Time": 120.841, "Actual Min Total Time": 120.841, "Actual Max Total Time": 120.841, "Actual Total Rows": 84843, "Max Hash Buckets": 131072, "Min Hash Buckets": 131072, "Max Hash Batches": 1, "Min Hash Batches": 1, "Max Original Hash Batches": 1, "Min Original Hash Batches": 1, "Max Peak Memory Usage": 2983, "min Peak Memory Usage": 2983, "Plans": [{"Node Type": "Seq Scan", "Parent Relationship": "Outer", "Relation Name": "company_name", "Alias": "cn", "Startup Cost": 0.0, "Total Cost": 5903.45, "Plan Rows": 85170, "Plan Width": 4, "Actual Min Startup Time": 0.041, "Actual Max Startup Time": 0.041, "Actual Min Total Time": 96.178, "Actual Max Total Time": 96.178, "Actual Total Rows": 84843, "Filter": "((country_code)::text = '[us]'::text)", "Rows Removed by Filter": 150153}]}]}, {"Node Type": "Hash", "Parent Relationship": "Inner", "Startup Cost": 2.4, "Total Cost": 2.4, "Plan Rows": 1, "Plan Width": 4, "Actual Min Startup Time": 0.067, "Actual Max Startup Time": 0.067, "Actual Min Total Time": 0.067, "Actual Max Total Time": 0.067, "Actual Total Rows": 1, "Max Hash Buckets": 32768, "Min Hash Buckets": 32768, "Max Hash Batches": 1, "Min Hash Batches": 1, "Max Original Hash Batches": 1, "Min Original Hash Batches": 1, "Max Peak Memory Usage": 1, "min Peak Memory Usage": 1, "Plans": [{"Node Type": "Seq Scan", "Parent Relationship": "Outer", "Relation Name": "info_type", "Alias": "it2", "Startup Cost": 0.0, "Total Cost": 2.4, "Plan Rows": 1, "Plan Width": 4, "Actual Min Startup Time": 0.055, "Actual Max Startup Time": 0.055, "Actual Min Total Time": 0.057, "Actual Max Total Time": 0.057, "Actual Total Rows": 1, "Filter": "((info)::text = 'bottom 10 rank'::text)", "Rows Removed by Filter": 111}]}]}, {"Node Type": "Hash", "Parent Relationship": "Inner", "Startup Cost": 1.04, "Total Cost": 1.04, "Plan Rows": 2, "Plan Width": 4, "Actual Min Startup Time": 0.066, "Actual Max Startup Time": 0.066, "Actual Min Total Time": 0.066, "Actual Max Total Time": 0.066, "Actual Total Rows": 1, "Max Hash Buckets": 32768, "Min Hash Buckets": 32768, "Max Hash Batches": 1, "Min Hash Batches": 1, "Max Original Hash Batches": 1, "Min Original Hash Batches": 1, "Max Peak Memory Usage": 1, "min Peak Memory Usage": 1, "Plans": [{"Node Type": "Seq Scan", "Parent Relationship": "Outer", "Relation Name": "company_type", "Alias": "ct", "Startup Cost": 0.0, "Total Cost": 1.04, "Plan Rows": 2, "Plan Width": 4, "Actual Min Startup Time": 0.04, "Actual Max Startup Time": 0.04, "Actual Min Total Time": 0.048, "Actual Max Total Time": 0.048, "Actual Total Rows": 1, "Filter": "((kind IS NOT NULL) AND (((kind)::text = 'production companies'::text) OR ((kind)::text = 'distributors'::text)))", "Rows Removed by Filter": 2}]}]}]}, "Triggers": [], "Planner Runtime": 390.207, "Total Runtime": 786.945, "Unique SQL Id": 1682224415}}, "(16, 79)": {"explain_plan": {"Plan": {"Node Type": "Aggregate", "Strategy": "Plain", "Startup Cost": 7992975234889.96, "Total Cost": 7992975234889.97, "Plan Rows": 1, "Plan Width": 123, "Plans": [{"Node Type": "Hash Join", "Parent Relationship": "Outer", "Join Type": "Inner", "Startup Cost": 4040006794292.66, "Total Cost": 7992975234889.72, "Plan Rows": 48, "Plan Width": 59, "Inner Unique": true, "Hash Cond": "(mi_idx.info_type_id = it2.id)", "Plans": [{"Node Type": "Hash Join", "Parent Relationship": "Outer", "Join Type": "Inner", "Startup Cost": 3040006792871.65, "Total Cost": 6992975233467.67, "Plan Rows": 193, "Plan Width": 63, "Inner Unique": true, "Hash Cond": "(mi.info_type_id = it1.id)", "Plans": [{"Node Type": "Hash Join", "Parent Relationship": "Outer", "Join Type": "Inner", "Startup Cost": 2040006791450.64, "Total Cost": 5992975232035.35, "Plan Rows": 3899, "Plan Width": 67, "Inner Unique": true, "Hash Cond": "(mc.company_type_id = ct.id)", "Plans": [{"Node Type": "Hash Join", "Parent Relationship": "Outer", "Join Type": "Inner", "Startup Cost": 1040006790219.61, "Total Cost": 4992975230750.71, "Plan Rows": 3899, "Plan Width": 71, "Inner Unique": true, "Hash Cond": "(mc.company_id = cn.id)", "Plans": [{"Node Type": "Merge Join", "Parent Relationship": "Outer", "Join Type": "Inner", "Startup Cost": 40005739016.02, "Total Cost": 3992974179474.28, "Plan Rows": 4648, "Plan Width": 75, "Inner Unique": false, "Merge Cond": "(t.id = mi.movie_id)", "Plans": [{"Node Type": "Merge Join", "Parent Relationship": "Outer", "Join Type": "Inner", "Startup Cost": 30005739016.02, "Total Cost": 2996397545086.11, "Plan Rows": 841, "Plan Width": 41, "Inner Unique": false, "Merge Cond": "(t.id = mi_idx.movie_id)", "Plans": [{"Node Type": "Merge Join", "Parent Relationship": "Outer", "Join Type": "Inner", "Startup Cost": 20000000000.0, "Total Cost": 2000025966759.29, "Plan Rows": 545, "Plan Width": 33, "Inner Unique": true, "Merge Cond": "(mc.movie_id = t.id)", "Plans": [{"Node Type": "Index Scan", "Parent Relationship": "Outer", "Scan Direction": "Forward", "Index Name": "movie_id_movie_companies", "Relation Name": "movie_companies", "Alias": "mc", "Startup Cost": 10000000000.0, "Total Cost": 1000013051946.13, "Plan Rows": 2609128, "Plan Width": 12}, {"Node Type": "Materialize", "Parent Relationship": "Inner", "Startup Cost": 10000000000.0, "Total Cost": 1000012908282.81, "Plan Rows": 258, "Plan Width": 21, "Plans": [{"Node Type": "Index Scan", "Parent Relationship": "Outer", "Scan Direction": "Forward", "Index Name": "title_pkey", "Relation Name": "title", "Alias": "t", "Startup Cost": 10000000000.0, "Total Cost": 1000012908282.16, "Plan Rows": 258, "Plan Width": 21, "Filter": "((production_year > 2000) AND (((title)::text ~~ 'Birdemic%'::text) OR ((title)::text ~~ '%Movie%'::text)))"}]}]}, {"Node Type": "Index Scan", "Parent Relationship": "Inner", "Scan Direction": "Forward", "Index Name": "movie_id_movie_info_idx", "Relation Name": "movie_info_idx", "Alias": "mi_idx", "Startup Cost": 10000000000.0, "Total Cost": 1000004650035.37, "Plan Rows": 1380034, "Plan Width": 8}]}, {"Node Type": "Index Scan", "Parent Relationship": "Inner", "Scan Direction": "Forward", "Index Name": "movie_id_movie_info", "Relation Name": "movie_info", "Alias": "mi", "Startup Cost": 10000000000.0, "Total Cost": 1000103816912.22, "Plan Rows": 14869966, "Plan Width": 50}]}, {"Node Type": "Hash", "Parent Relationship": "Inner", "Startup Cost": 1000001050138.97, "Total Cost": 1000001050138.97, "Plan Rows": 85170, "Plan Width": 4, "Plans": [{"Node Type": "Index Scan", "Parent Relationship": "Outer", "Scan Direction": "Forward", "Index Name": "company_name_pkey", "Relation Name": "company_name", "Alias": "cn", "Startup Cost": 10000000000.0, "Total Cost": 1000001050138.97, "Plan Rows": 85170, "Plan Width": 4, "Filter": "((country_code)::text = '[us]'::text)"}]}]}, {"Node Type": "Hash", "Parent Relationship": "Inner", "Startup Cost": 1000000001231.0, "Total Cost": 1000000001231.0, "Plan Rows": 2, "Plan Width": 4, "Plans": [{"Node Type": "Index Scan", "Parent Relationship": "Outer", "Scan Direction": "Forward", "Index Name": "company_type_pkey", "Relation Name": "company_type", "Alias": "ct", "Startup Cost": 10000000000.0, "Total Cost": 1000000001231.0, "Plan Rows": 2, "Plan Width": 4, "Filter": "((kind IS NOT NULL) AND (((kind)::text = 'production companies'::text) OR ((kind)::text = 'distributors'::text)))"}]}]}, {"Node Type": "Hash", "Parent Relationship": "Inner", "Startup Cost": 1000000001421.0, "Total Cost": 1000000001421.0, "Plan Rows": 1, "Plan Width": 4, "Plans": [{"Node Type": "Index Scan", "Parent Relationship": "Outer", "Scan Direction": "Forward", "Index Name": "info_type_pkey", "Relation Name": "info_type", "Alias": "it1", "Startup Cost": 10000000000.0, "Total Cost": 1000000001421.0, "Plan Rows": 1, "Plan Width": 4, "Filter": "((info)::text = 'budget'::text)"}]}]}, {"Node Type": "Hash", "Parent Relationship": "Inner", "Startup Cost": 1000000001421.0, "Total Cost": 1000000001421.0, "Plan Rows": 1, "Plan Width": 4, "Plans": [{"Node Type": "Index Scan", "Parent Relationship": "Outer", "Scan Direction": "Forward", "Index Name": "info_type_pkey", "Relation Name": "info_type", "Alias": "it2", "Startup Cost": 10000000000.0, "Total Cost": 1000000001421.0, "Plan Rows": 1, "Plan Width": 4, "Filter": "((info)::text = 'bottom 10 rank'::text)"}]}]}]}, "Unique SQL Id": 1682224415}, "explain_analyze_plan": null}, "(16, 80)": {"explain_plan": {"Plan": {"Node Type": "Aggregate", "Strategy": "Plain", "Startup Cost": 22498.88, "Total Cost": 22498.89, "Plan Rows": 1, "Plan Width": 123, "Plans": [{"Node Type": "Nested Loop", "Parent Relationship": "Outer", "Join Type": "Inner", "Startup Cost": 22490.81, "Total Cost": 22498.86, "Plan Rows": 4, "Plan Width": 59, "Inner Unique": true, "Plans": [{"Node Type": "Nested Loop", "Parent Relationship": "Outer", "Join Type": "Inner", "Startup Cost": 22490.81, "Total Cost": 22497.72, "Plan Rows": 4, "Plan Width": 63, "Inner Unique": true, "Plans": [{"Node Type": "Merge Join", "Parent Relationship": "Outer", "Join Type": "Inner", "Startup Cost": 22490.81, "Total Cost": 22496.28, "Plan Rows": 5, "Plan Width": 67, "Inner Unique": false, "Merge Cond": "(it1.id = mi.info_type_id)", "Plans": [{"Node Type": "Sort", "Parent Relationship": "Outer", "Startup Cost": 2.41, "Total Cost": 2.42, "Plan Rows": 1, "Plan Width": 4, "Sort Key": ["it1.id"], "Plans": [{"Node Type": "Seq Scan", "Parent Relationship": "Outer", "Relation Name": "info_type", "Alias": "it1", "Startup Cost": 0.0, "Total Cost": 2.4, "Plan Rows": 1, "Plan Width": 4, "Filter": "((info)::text = 'budget'::text)"}]}, {"Node Type": "Sort", "Parent Relationship": "Inner", "Startup Cost": 22488.09, "Total Cost": 22490.9, "Plan Rows": 1122, "Plan Width": 71, "Sort Key": ["mi.info_type_id"], "Plans": [{"Node Type": "Nested Loop", "Parent Relationship": "Outer", "Join Type": "Inner", "Startup Cost": 0.0, "Total Cost": 22431.25, "Plan Rows": 1122, "Plan Width": 71, "Inner Unique": false, "Join Filter": "(t.id = mi.movie_id)", "Plans": [{"Node Type": "Nested Loop", "Parent Relationship": "Outer", "Join Type": "Inner", "Startup Cost": 0.0, "Total Cost": 22278.59, "Plan Rows": 210, "Plan Width": 37, "Inner Unique": false, "Join Filter": "(t.id = mc.movie_id)", "Plans": [{"Node Type": "Nested Loop", "Parent Relationship": "Outer", "Join Type": "Inner", "Startup Cost": 0.0, "Total Cost": 22157.82, "Plan Rows": 311, "Plan Width": 25, "Inner Unique": true, "Plans": [{"Node Type": "Nested Loop", "Parent Relationship": "Outer", "Join Type": "Inner", "Startup Cost": 0.0, "Total Cost": 22045.95, "Plan Rows": 396, "Plan Width": 29, "Inner Unique": false, "Plans": [{"Node Type": "Streaming(type: LOCAL GATHER dop: 1/16)", "Parent Relationship": "Outer", "Startup Cost": 0.0, "Total Cost": 19945.03, "Plan Rows": 258, "Plan Width": 21, "Plans": [{"Node Type": "Seq Scan", "Parent Relationship": "Outer", "Relation Name": "title", "Alias": "t", "Startup Cost": 0.0, "Total Cost": 19939.47, "Plan Rows": 258, "Plan Width": 21, "Filter": "((production_year > 2000) AND (((title)::text ~~ 'Birdemic%'::text) OR ((title)::text ~~ '%Movie%'::text)))"}]}, {"Node Type": "Index Scan", "Parent Relationship": "Inner", "Scan Direction": "Forward", "Index Name": "movie_id_movie_info_idx", "Relation Name": "movie_info_idx", "Alias": "mi_idx", "Startup Cost": 0.0, "Total Cost": 8.12, "Plan Rows": 2, "Plan Width": 8, "Index Cond": "(movie_id = t.id)"}]}, {"Node Type": "Index Scan", "Parent Relationship": "Inner", "Scan Direction": "Forward", "Index Name": "info_type_pkey", "Relation Name": "info_type", "Alias": "it2", "Startup Cost": 0.0, "Total Cost": 0.27, "Plan Rows": 1, "Plan Width": 4, "Index Cond": "(id = mi_idx.info_type_id)", "Filter": "((info)::text = 'bottom 10 rank'::text)"}]}, {"Node Type": "Index Scan", "Parent Relationship": "Inner", "Scan Direction": "Forward", "Index Name": "movie_id_movie_companies", "Relation Name": "movie_companies", "Alias": "mc", "Startup Cost": 0.0, "Total Cost": 0.36, "Plan Rows": 2, "Plan Width": 12, "Index Cond": "(movie_id = mi_idx.movie_id)"}]}, {"Node Type": "Index Scan", "Parent Relationship": "Inner", "Scan Direction": "Forward", "Index Name": "movie_id_movie_info", "Relation Name": "movie_info", "Alias": "mi", "Startup Cost": 0.0, "Total Cost": 0.66, "Plan Rows": 5, "Plan Width": 50, "Index Cond": "(movie_id = mc.movie_id)"}]}]}]}, {"Node Type": "Index Scan", "Parent Relationship": "Inner", "Scan Direction": "Forward", "Index Name": "company_name_pkey", "Relation Name": "company_name", "Alias": "cn", "Startup Cost": 0.0, "Total Cost": 0.28, "Plan Rows": 1, "Plan Width": 4, "Index Cond": "(id = mc.company_id)", "Filter": "((country_code)::text = '[us]'::text)"}]}, {"Node Type": "Index Scan", "Parent Relationship": "Inner", "Scan Direction": "Forward", "Index Name": "company_type_pkey", "Relation Name": "company_type", "Alias": "ct", "Startup Cost": 0.0, "Total Cost": 0.28, "Plan Rows": 1, "Plan Width": 4, "Index Cond": "(id = mc.company_type_id)", "Filter": "((kind IS NOT NULL) AND (((kind)::text = 'production companies'::text) OR ((kind)::text = 'distributors'::text)))"}]}]}, "Unique SQL Id": 1682224415}, "explain_analyze_plan": {"Plan": {"Node Type": "Aggregate", "Strategy": "Plain", "Startup Cost": 22498.88, "Total Cost": 22498.89, "Plan Rows": 1, "Plan Width": 123, "Actual Min Startup Time": 114.278, "Actual Max Startup Time": 114.278, "Actual Min Total Time": 114.278, "Actual Max Total Time": 114.278, "Actual Total Rows": 1, "Plans": [{"Node Type": "Nested Loop", "Parent Relationship": "Outer", "Join Type": "Inner", "Startup Cost": 22490.81, "Total Cost": 22498.86, "Plan Rows": 4, "Plan Width": 59, "Actual Min Startup Time": 114.009, "Actual Max Startup Time": 114.009, "Actual Min Total Time": 114.249, "Actual Max Total Time": 114.249, "Actual Total Rows": 5, "Inner Unique": true, "Plans": [{"Node Type": "Nested Loop", "Parent Relationship": "Outer", "Join Type": "Inner", "Startup Cost": 22490.81, "Total Cost": 22497.72, "Plan Rows": 4, "Plan Width": 63, "Actual Min Startup Time": 113.996, "Actual Max Startup Time": 113.996, "Actual Min Total Time": 114.219, "Actual Max Total Time": 114.219, "Actual Total Rows": 10, "Inner Unique": true, "Plans": [{"Node Type": "Merge Join", "Parent Relationship": "Outer", "Join Type": "Inner", "Startup Cost": 22490.81, "Total Cost": 22496.28, "Plan Rows": 5, "Plan Width": 67, "Actual Min Startup Time": 113.929, "Actual Max Startup Time": 113.929, "Actual Min Total Time": 113.99, "Actual Max Total Time": 113.99, "Actual Total Rows": 33, "Inner Unique": false, "Merge Cond": "(it1.id = mi.info_type_id)", "Plans": [{"Node Type": "Sort", "Parent Relationship": "Outer", "Startup Cost": 2.41, "Total Cost": 2.42, "Plan Rows": 1, "Plan Width": 4, "Actual Min Startup Time": 0.117, "Actual Max Startup Time": 0.117, "Actual Min Total Time": 0.117, "Actual Max Total Time": 0.117, "Actual Total Rows": 1, "Sort Key": ["it1.id"], "Sort Method": "quicksort", "Sort Space Min Used": 25, "Sort Space Max Used": 25, "Sort Space Type": "Memory", "Plans": [{"Node Type": "Seq Scan", "Parent Relationship": "Outer", "Relation Name": "info_type", "Alias": "it1", "Startup Cost": 0.0, "Total Cost": 2.4, "Plan Rows": 1, "Plan Width": 4, "Actual Min Startup Time": 0.084, "Actual Max Startup Time": 0.084, "Actual Min Total Time": 0.089, "Actual Max Total Time": 0.089, "Actual Total Rows": 1, "Filter": "((info)::text = 'budget'::text)", "Rows Removed by Filter": 111}]}, {"Node Type": "Sort", "Parent Relationship": "Inner", "Startup Cost": 22488.09, "Total Cost": 22490.9, "Plan Rows": 1122, "Plan Width": 71, "Actual Min Startup Time": 112.673, "Actual Max Startup Time": 112.673, "Actual Min Total Time": 113.159, "Actual Max Total Time": 113.159, "Actual Total Rows": 4061, "Sort Key": ["mi.info_type_id"], "Sort Method": "quicksort", "Sort Space Min Used": 1164, "Sort Space Max Used": 1164, "Sort Space Type": "Memory", "Plans": [{"Node Type": "Nested Loop", "Parent Relationship": "Outer", "Join Type": "Inner", "Startup Cost": 0.0, "Total Cost": 22431.25, "Plan Rows": 1122, "Plan Width": 71, "Actual Min Startup Time": 82.308, "Actual Max Startup Time": 82.308, "Actual Min Total Time": 110.592, "Actual Max Total Time": 110.592, "Actual Total Rows": 4959, "Inner Unique": false, "Join Filter": "(t.id = mi.movie_id)", "Rows Removed by Join Filter": 0, "Plans": [{"Node Type": "Nested Loop", "Parent Relationship": "Outer", "Join Type": "Inner", "Startup Cost": 0.0, "Total Cost": 22278.59, "Plan Rows": 210, "Plan Width": 37, "Actual Min Startup Time": 82.275, "Actual Max Startup Time": 82.275, "Actual Min Total Time": 106.43, "Actual Max Total Time": 106.43, "Actual Total Rows": 33, "Inner Unique": false, "Join Filter": "(t.id = mc.movie_id)", "Rows Removed by Join Filter": 0, "Plans": [{"Node Type": "Nested Loop", "Parent Relationship": "Outer", "Join Type": "Inner", "Startup Cost": 0.0, "Total Cost": 22157.82, "Plan Rows": 311, "Plan Width": 25, "Actual Min Startup Time": 82.245, "Actual Max Startup Time": 82.245, "Actual Min Total Time": 106.351, "Actual Max Total Time": 106.351, "Actual Total Rows": 2, "Inner Unique": true, "Plans": [{"Node Type": "Nested Loop", "Parent Relationship": "Outer", "Join Type": "Inner", "Startup Cost": 0.0, "Total Cost": 22045.95, "Plan Rows": 396, "Plan Width": 29, "Actual Min Startup Time": 78.501, "Actual Max Startup Time": 78.501, "Actual Min Total Time": 100.142, "Actual Max Total Time": 100.142, "Actual Total Rows": 2645, "Inner Unique": false, "Plans": [{"Node Type": "Streaming(type: LOCAL GATHER dop: 1/16)", "Parent Relationship": "Outer", "Startup Cost": 0.0, "Total Cost": 19945.03, "Plan Rows": 258, "Plan Width": 21, "Actual Min Startup Time": 78.44, "Actual Max Startup Time": 78.44, "Actual Min Total Time": 87.941, "Actual Max Total Time": 87.941, "Actual Total Rows": 2536, "Plans": [{"Node Type": "Seq Scan", "Parent Relationship": "Outer", "Relation Name": "title", "Alias": "t", "Startup Cost": 0.0, "Total Cost": 19939.47, "Plan Rows": 258, "Plan Width": 21, "Actual Min Startup Time": 0.057, "Actual Max Startup Time": 5.377, "Actual Min Total Time": 80.074, "Actual Max Total Time": 84.618, "Actual Total Rows": 2536, "Filter": "((production_year > 2000) AND (((title)::text ~~ 'Birdemic%'::text) OR ((title)::text ~~ '%Movie%'::text)))", "Rows Removed by Filter": 2525775}]}, {"Node Type": "Index Scan", "Parent Relationship": "Inner", "Scan Direction": "Forward", "Index Name": "movie_id_movie_info_idx", "Relation Name": "movie_info_idx", "Alias": "mi_idx", "Startup Cost": 0.0, "Total Cost": 8.12, "Plan Rows": 2, "Plan Width": 8, "Actual Min Startup Time": 9.381, "Actual Max Startup Time": 9.381, "Actual Min Total Time": 10.347, "Actual Max Total Time": 10.347, "Actual Total Rows": 2645, "Index Cond": "(movie_id = t.id)", "Rows Removed by Index Recheck": 0}]}, {"Node Type": "Index Scan", "Parent Relationship": "Inner", "Scan Direction": "Forward", "Index Name": "info_type_pkey", "Relation Name": "info_type", "Alias": "it2", "Startup Cost": 0.0, "Total Cost": 0.27, "Plan Rows": 1, "Plan Width": 4, "Actual Min Startup Time": 4.976, "Actual Max Startup Time": 4.976, "Actual Min Total Time": 4.976, "Actual Max Total Time": 4.976, "Actual Total Rows": 2, "Index Cond": "(id = mi_idx.info_type_id)", "Rows Removed by Index Recheck": 0, "Filter": "((info)::text = 'bottom 10 rank'::text)", "Rows Removed by Filter": 2643}]}, {"Node Type": "Index Scan", "Parent Relationship": "Inner", "Scan Direction": "Forward", "Index Name": "movie_id_movie_companies", "Relation Name": "movie_companies", "Alias": "mc", "Startup Cost": 0.0, "Total Cost": 0.36, "Plan Rows": 2, "Plan Width": 12, "Actual Min Startup Time": 0.021, "Actual Max Startup Time": 0.021, "Actual Min Total Time": 0.036, "Actual Max Total Time": 0.036, "Actual Total Rows": 33, "Index Cond": "(movie_id = mi_idx.movie_id)", "Rows Removed by Index Recheck": 0}]}, {"Node Type": "Index Scan", "Parent Relationship": "Inner", "Scan Direction": "Forward", "Index Name": "movie_id_movie_info", "Relation Name": "movie_info", "Alias": "mi", "Startup Cost": 0.0, "Total Cost": 0.66, "Plan Rows": 5, "Plan Width": 50, "Actual Min Startup Time": 0.514, "Actual Max Startup Time": 0.514, "Actual Min Total Time": 2.537, "Actual Max Total Time": 2.537, "Actual Total Rows": 4959, "Index Cond": "(movie_id = mc.movie_id)", "Rows Removed by Index Recheck": 0}]}]}]}, {"Node Type": "Index Scan", "Parent Relationship": "Inner", "Scan Direction": "Forward", "Index Name": "company_name_pkey", "Relation Name": "company_name", "Alias": "cn", "Startup Cost": 0.0, "Total Cost": 0.28, "Plan Rows": 1, "Plan Width": 4, "Actual Min Startup Time": 0.202, "Actual Max Startup Time": 0.202, "Actual Min Total Time": 0.202, "Actual Max Total Time": 0.202, "Actual Total Rows": 10, "Index Cond": "(id = mc.company_id)", "Rows Removed by Index Recheck": 0, "Filter": "((country_code)::text = '[us]'::text)", "Rows Removed by Filter": 23}]}, {"Node Type": "Index Scan", "Parent Relationship": "Inner", "Scan Direction": "Forward", "Index Name": "company_type_pkey", "Relation Name": "company_type", "Alias": "ct", "Startup Cost": 0.0, "Total Cost": 0.28, "Plan Rows": 1, "Plan Width": 4, "Actual Min Startup Time": 0.019, "Actual Max Startup Time": 0.019, "Actual Min Total Time": 0.019, "Actual Max Total Time": 0.019, "Actual Total Rows": 5, "Index Cond": "(id = mc.company_type_id)", "Rows Removed by Index Recheck": 0, "Filter": "((kind IS NOT NULL) AND (((kind)::text = 'production companies'::text) OR ((kind)::text = 'distributors'::text)))", "Rows Removed by Filter": 0}]}]}, "Triggers": [], "Planner Runtime": 65.311, "Total Runtime": 117.662, "Unique SQL Id": 1682224415}}, "(16, 81)": {"explain_plan": {"Plan": {"Node Type": "Aggregate", "Strategy": "Plain", "Startup Cost": 105414.07, "Total Cost": 105414.08, "Plan Rows": 1, "Plan Width": 123, "Plans": [{"Node Type": "Nested Loop", "Parent Relationship": "Outer", "Join Type": "Inner", "Startup Cost": 0.0, "Total Cost": 105414.05, "Plan Rows": 4, "Plan Width": 59, "Inner Unique": true, "Plans": [{"Node Type": "Nested Loop", "Parent Relationship": "Outer", "Join Type": "Inner", "Startup Cost": 0.0, "Total Cost": 105412.91, "Plan Rows": 4, "Plan Width": 63, "Inner Unique": true, "Plans": [{"Node Type": "Nested Loop", "Parent Relationship": "Outer", "Join Type": "Inner", "Startup Cost": 0.0, "Total Cost": 105411.47, "Plan Rows": 5, "Plan Width": 67, "Inner Unique": true, "Plans": [{"Node Type": "Nested Loop", "Parent Relationship": "Outer", "Join Type": "Inner", "Startup Cost": 0.0, "Total Cost": 105094.51, "Plan Rows": 1122, "Plan Width": 71, "Inner Unique": false, "Join Filter": "(t.id = mi.movie_id)", "Plans": [{"Node Type": "Nested Loop", "Parent Relationship": "Outer", "Join Type": "Inner", "Startup Cost": 0.0, "Total Cost": 104941.85, "Plan Rows": 210, "Plan Width": 37, "Inner Unique": false, "Join Filter": "(t.id = mc.movie_id)", "Plans": [{"Node Type": "Nested Loop", "Parent Relationship": "Outer", "Join Type": "Inner", "Startup Cost": 0.0, "Total Cost": 104821.08, "Plan Rows": 311, "Plan Width": 25, "Inner Unique": true, "Plans": [{"Node Type": "Nested Loop", "Parent Relationship": "Outer", "Join Type": "Inner", "Startup Cost": 0.0, "Total Cost": 104709.2, "Plan Rows": 396, "Plan Width": 29, "Inner Unique": false, "Plans": [{"Node Type": "Streaming(type: LOCAL GATHER dop: 1/16)", "Parent Relationship": "Outer", "Startup Cost": 0.0, "Total Cost": 102608.29, "Plan Rows": 258, "Plan Width": 21, "Plans": [{"Node Type": "Index Scan", "Parent Relationship": "Outer", "Scan Direction": "Forward", "Index Name": "title_pkey", "Relation Name": "title", "Alias": "t", "Startup Cost": 0.0, "Total Cost": 102602.72, "Plan Rows": 258, "Plan Width": 21, "Filter": "((production_year > 2000) AND (((title)::text ~~ 'Birdemic%'::text) OR ((title)::text ~~ '%Movie%'::text)))"}]}, {"Node Type": "Index Scan", "Parent Relationship": "Inner", "Scan Direction": "Forward", "Index Name": "movie_id_movie_info_idx", "Relation Name": "movie_info_idx", "Alias": "mi_idx", "Startup Cost": 0.0, "Total Cost": 8.12, "Plan Rows": 2, "Plan Width": 8, "Index Cond": "(movie_id = t.id)"}]}, {"Node Type": "Index Scan", "Parent Relationship": "Inner", "Scan Direction": "Forward", "Index Name": "info_type_pkey", "Relation Name": "info_type", "Alias": "it2", "Startup Cost": 0.0, "Total Cost": 0.27, "Plan Rows": 1, "Plan Width": 4, "Index Cond": "(id = mi_idx.info_type_id)", "Filter": "((info)::text = 'bottom 10 rank'::text)"}]}, {"Node Type": "Index Scan", "Parent Relationship": "Inner", "Scan Direction": "Forward", "Index Name": "movie_id_movie_companies", "Relation Name": "movie_companies", "Alias": "mc", "Startup Cost": 0.0, "Total Cost": 0.36, "Plan Rows": 2, "Plan Width": 12, "Index Cond": "(movie_id = mi_idx.movie_id)"}]}, {"Node Type": "Index Scan", "Parent Relationship": "Inner", "Scan Direction": "Forward", "Index Name": "movie_id_movie_info", "Relation Name": "movie_info", "Alias": "mi", "Startup Cost": 0.0, "Total Cost": 0.66, "Plan Rows": 5, "Plan Width": 50, "Index Cond": "(movie_id = mc.movie_id)"}]}, {"Node Type": "Index Scan", "Parent Relationship": "Inner", "Scan Direction": "Forward", "Index Name": "info_type_pkey", "Relation Name": "info_type", "Alias": "it1", "Startup Cost": 0.0, "Total Cost": 0.27, "Plan Rows": 1, "Plan Width": 4, "Index Cond": "(id = mi.info_type_id)", "Filter": "((info)::text = 'budget'::text)"}]}, {"Node Type": "Index Scan", "Parent Relationship": "Inner", "Scan Direction": "Forward", "Index Name": "company_name_pkey", "Relation Name": "company_name", "Alias": "cn", "Startup Cost": 0.0, "Total Cost": 0.28, "Plan Rows": 1, "Plan Width": 4, "Index Cond": "(id = mc.company_id)", "Filter": "((country_code)::text = '[us]'::text)"}]}, {"Node Type": "Index Scan", "Parent Relationship": "Inner", "Scan Direction": "Forward", "Index Name": "company_type_pkey", "Relation Name": "company_type", "Alias": "ct", "Startup Cost": 0.0, "Total Cost": 0.28, "Plan Rows": 1, "Plan Width": 4, "Index Cond": "(id = mc.company_type_id)", "Filter": "((kind IS NOT NULL) AND (((kind)::text = 'production companies'::text) OR ((kind)::text = 'distributors'::text)))"}]}]}, "Unique SQL Id": 1682224415}, "explain_analyze_plan": {"Plan": {"Node Type": "Aggregate", "Strategy": "Plain", "Startup Cost": 105414.07, "Total Cost": 105414.08, "Plan Rows": 1, "Plan Width": 123, "Actual Min Startup Time": 309.263, "Actual Max Startup Time": 309.263, "Actual Min Total Time": 309.263, "Actual Max Total Time": 309.263, "Actual Total Rows": 1, "Plans": [{"Node Type": "Nested Loop", "Parent Relationship": "Outer", "Join Type": "Inner", "Startup Cost": 0.0, "Total Cost": 105414.05, "Plan Rows": 4, "Plan Width": 59, "Actual Min Startup Time": 282.63, "Actual Max Startup Time": 282.63, "Actual Min Total Time": 309.228, "Actual Max Total Time": 309.228, "Actual Total Rows": 5, "Inner Unique": true, "Plans": [{"Node Type": "Nested Loop", "Parent Relationship": "Outer", "Join Type": "Inner", "Startup Cost": 0.0, "Total Cost": 105412.91, "Plan Rows": 4, "Plan Width": 63, "Actual Min Startup Time": 273.934, "Actual Max Startup Time": 273.934, "Actual Min Total Time": 309.179, "Actual Max Total Time": 309.179, "Actual Total Rows": 10, "Inner Unique": true, "Plans": [{"Node Type": "Nested Loop", "Parent Relationship": "Outer", "Join Type": "Inner", "Startup Cost": 0.0, "Total Cost": 105411.47, "Plan Rows": 5, "Plan Width": 67, "Actual Min Startup Time": 269.823, "Actual Max Startup Time": 269.823, "Actual Min Total Time": 308.954, "Actual Max Total Time": 308.954, "Actual Total Rows": 33, "Inner Unique": true, "Plans": [{"Node Type": "Nested Loop", "Parent Relationship": "Outer", "Join Type": "Inner", "Startup Cost": 0.0, "Total Cost": 105094.51, "Plan Rows": 1122, "Plan Width": 71, "Actual Min Startup Time": 269.397, "Actual Max Startup Time": 269.397, "Actual Min Total Time": 297.973, "Actual Max Total Time": 297.973, "Actual Total Rows": 4959, "Inner Unique": false, "Join Filter": "(t.id = mi.movie_id)", "Rows Removed by Join Filter": 0, "Plans": [{"Node Type": "Nested Loop", "Parent Relationship": "Outer", "Join Type": "Inner", "Startup Cost": 0.0, "Total Cost": 104941.85, "Plan Rows": 210, "Plan Width": 37, "Actual Min Startup Time": 269.362, "Actual Max Startup Time": 269.362, "Actual Min Total Time": 293.501, "Actual Max Total Time": 293.501, "Actual Total Rows": 33, "Inner Unique": false, "Join Filter": "(t.id = mc.movie_id)", "Rows Removed by Join Filter": 0, "Plans": [{"Node Type": "Nested Loop", "Parent Relationship": "Outer", "Join Type": "Inner", "Startup Cost": 0.0, "Total Cost": 104821.08, "Plan Rows": 311, "Plan Width": 25, "Actual Min Startup Time": 269.323, "Actual Max Startup Time": 269.323, "Actual Min Total Time": 293.416, "Actual Max Total Time": 293.416, "Actual Total Rows": 2, "Inner Unique": true, "Plans": [{"Node Type": "Nested Loop", "Parent Relationship": "Outer", "Join Type": "Inner", "Startup Cost": 0.0, "Total Cost": 104709.2, "Plan Rows": 396, "Plan Width": 29, "Actual Min Startup Time": 91.746, "Actual Max Startup Time": 91.746, "Actual Min Total Time": 287.088, "Actual Max Total Time": 287.088, "Actual Total Rows": 2645, "Inner Unique": false, "Plans": [{"Node Type": "Streaming(type: LOCAL GATHER dop: 1/16)", "Parent Relationship": "Outer", "Startup Cost": 0.0, "Total Cost": 102608.29, "Plan Rows": 258, "Plan Width": 21, "Actual Min Startup Time": 91.698, "Actual Max Startup Time": 91.698, "Actual Min Total Time": 275.04, "Actual Max Total Time": 275.04, "Actual Total Rows": 2536, "Plans": [{"Node Type": "Index Scan", "Parent Relationship": "Outer", "Scan Direction": "Forward", "Index Name": "title_pkey", "Relation Name": "title", "Alias": "t", "Startup Cost": 0.0, "Total Cost": 102602.72, "Plan Rows": 258, "Plan Width": 21, "Actual Min Startup Time": 19.474, "Actual Max Startup Time": 30.706, "Actual Min Total Time": 248.425, "Actual Max Total Time": 288.389, "Actual Total Rows": 2536, "Filter": "((production_year > 2000) AND (((title)::text ~~ 'Birdemic%'::text) OR ((title)::text ~~ '%Movie%'::text)))", "Rows Removed by Filter": 2525775}]}, {"Node Type": "Index Scan", "Parent Relationship": "Inner", "Scan Direction": "Forward", "Index Name": "movie_id_movie_info_idx", "Relation Name": "movie_info_idx", "Alias": "mi_idx", "Startup Cost": 0.0, "Total Cost": 8.12, "Plan Rows": 2, "Plan Width": 8, "Actual Min Startup Time": 9.143, "Actual Max Startup Time": 9.143, "Actual Min Total Time": 10.051, "Actual Max Total Time": 10.051, "Actual Total Rows": 2645, "Index Cond": "(movie_id = t.id)", "Rows Removed by Index Recheck": 0}]}, {"Node Type": "Index Scan", "Parent Relationship": "Inner", "Scan Direction": "Forward", "Index Name": "info_type_pkey", "Relation Name": "info_type", "Alias": "it2", "Startup Cost": 0.0, "Total Cost": 0.27, "Plan Rows": 1, "Plan Width": 4, "Actual Min Startup Time": 5.078, "Actual Max Startup Time": 5.078, "Actual Min Total Time": 5.078, "Actual Max Total Time": 5.078, "Actual Total Rows": 2, "Index Cond": "(id = mi_idx.info_type_id)", "Rows Removed by Index Recheck": 0, "Filter": "((info)::text = 'bottom 10 rank'::text)", "Rows Removed by Filter": 2643}]}, {"Node Type": "Index Scan", "Parent Relationship": "Inner", "Scan Direction": "Forward", "Index Name": "movie_id_movie_companies", "Relation Name": "movie_companies", "Alias": "mc", "Startup Cost": 0.0, "Total Cost": 0.36, "Plan Rows": 2, "Plan Width": 12, "Actual Min Startup Time": 0.023, "Actual Max Startup Time": 0.023, "Actual Min Total Time": 0.043, "Actual Max Total Time": 0.043, "Actual Total Rows": 33, "Index Cond": "(movie_id = mi_idx.movie_id)", "Rows Removed by Index Recheck": 0}]}, {"Node Type": "Index Scan", "Parent Relationship": "Inner", "Scan Direction": "Forward", "Index Name": "movie_id_movie_info", "Relation Name": "movie_info", "Alias": "mi", "Startup Cost": 0.0, "Total Cost": 0.66, "Plan Rows": 5, "Plan Width": 50, "Actual Min Startup Time": 0.517, "Actual Max Startup Time": 0.517, "Actual Min Total Time": 2.695, "Actual Max Total Time": 2.695, "Actual Total Rows": 4959, "Index Cond": "(movie_id = mc.movie_id)", "Rows Removed by Index Recheck": 0}]}, {"Node Type": "Index Scan", "Parent Relationship": "Inner", "Scan Direction": "Forward", "Index Name": "info_type_pkey", "Relation Name": "info_type", "Alias": "it1", "Startup Cost": 0.0, "Total Cost": 0.27, "Plan Rows": 1, "Plan Width": 4, "Actual Min Startup Time": 8.686, "Actual Max Startup Time": 8.686, "Actual Min Total Time": 8.686, "Actual Max Total Time": 8.686, "Actual Total Rows": 33, "Index Cond": "(id = mi.info_type_id)", "Rows Removed by Index Recheck": 0, "Filter": "((info)::text = 'budget'::text)", "Rows Removed by Filter": 4864}]}, {"Node Type": "Index Scan", "Parent Relationship": "Inner", "Scan Direction": "Forward", "Index Name": "company_name_pkey", "Relation Name": "company_name", "Alias": "cn", "Startup Cost": 0.0, "Total Cost": 0.28, "Plan Rows": 1, "Plan Width": 4, "Actual Min Startup Time": 0.196, "Actual Max Startup Time": 0.196, "Actual Min Total Time": 0.196, "Actual Max Total Time": 0.196, "Actual Total Rows": 10, "Index Cond": "(id = mc.company_id)", "Rows Removed by Index Recheck": 0, "Filter": "((country_code)::text = '[us]'::text)", "Rows Removed by Filter": 23}]}, {"Node Type": "Index Scan", "Parent Relationship": "Inner", "Scan Direction": "Forward", "Index Name": "company_type_pkey", "Relation Name": "company_type", "Alias": "ct", "Startup Cost": 0.0, "Total Cost": 0.28, "Plan Rows": 1, "Plan Width": 4, "Actual Min Startup Time": 0.033, "Actual Max Startup Time": 0.033, "Actual Min Total Time": 0.033, "Actual Max Total Time": 0.033, "Actual Total Rows": 5, "Index Cond": "(id = mc.company_type_id)", "Rows Removed by Index Recheck": 0, "Filter": "((kind IS NOT NULL) AND (((kind)::text = 'production companies'::text) OR ((kind)::text = 'distributors'::text)))", "Rows Removed by Filter": 0}]}]}, "Triggers": [], "Planner Runtime": 70.657, "Total Runtime": 312.015, "Unique SQL Id": 1682224415}}, "(16, 82)": {"explain_plan": {"Plan": {"Node Type": "Aggregate", "Strategy": "Plain", "Startup Cost": 24673.51, "Total Cost": 24673.52, "Plan Rows": 1, "Plan Width": 123, "Plans": [{"Node Type": "Merge Join", "Parent Relationship": "Outer", "Join Type": "Inner", "Startup Cost": 24673.3, "Total Cost": 24673.49, "Plan Rows": 4, "Plan Width": 59, "Inner Unique": false, "Merge Cond": "(ct.id = mc.company_type_id)", "Plans": [{"Node Type": "Sort", "Parent Relationship": "Outer", "Startup Cost": 1.05, "Total Cost": 1.06, "Plan Rows": 2, "Plan Width": 4, "Sort Key": ["ct.id"], "Plans": [{"Node Type": "Seq Scan", "Parent Relationship": "Outer", "Relation Name": "company_type", "Alias": "ct", "Startup Cost": 0.0, "Total Cost": 1.04, "Plan Rows": 2, "Plan Width": 4, "Filter": "((kind IS NOT NULL) AND (((kind)::text = 'production companies'::text) OR ((kind)::text = 'distributors'::text)))"}]}, {"Node Type": "Sort", "Parent Relationship": "Inner", "Startup Cost": 24672.21, "Total Cost": 24672.25, "Plan Rows": 14, "Plan Width": 63, "Sort Key": ["mc.company_type_id"], "Plans": [{"Node Type": "Nested Loop", "Parent Relationship": "Outer", "Join Type": "Inner", "Startup Cost": 24608.42, "Total Cost": 24671.94, "Plan Rows": 14, "Plan Width": 63, "Inner Unique": true, "Plans": [{"Node Type": "Nested Loop", "Parent Relationship": "Outer", "Join Type": "Inner", "Startup Cost": 24608.16, "Total Cost": 24650.53, "Plan Rows": 5, "Plan Width": 67, "Inner Unique": false, "Join Filter": "(t.id = mc.movie_id)", "Plans": [{"Node Type": "Merge Join", "Parent Relationship": "Outer", "Join Type": "Inner", "Startup Cost": 24607.89, "Total Cost": 24615.98, "Plan Rows": 8, "Plan Width": 71, "Inner Unique": false, "Merge Cond": "(it1.id = mi.info_type_id)", "Plans": [{"Node Type": "Sort", "Parent Relationship": "Outer", "Startup Cost": 2.41, "Total Cost": 2.42, "Plan Rows": 1, "Plan Width": 4, "Sort Key": ["it1.id"], "Plans": [{"Node Type": "Seq Scan", "Parent Relationship": "Outer", "Relation Name": "info_type", "Alias": "it1", "Startup Cost": 0.0, "Total Cost": 2.4, "Plan Rows": 1, "Plan Width": 4, "Filter": "((info)::text = 'budget'::text)"}]}, {"Node Type": "Sort", "Parent Relationship": "Inner", "Startup Cost": 24605.03, "Total Cost": 24609.18, "Plan Rows": 1659, "Plan Width": 75, "Sort Key": ["mi.info_type_id"], "Plans": [{"Node Type": "Nested Loop", "Parent Relationship": "Outer", "Join Type": "Inner", "Startup Cost": 23089.89, "Total Cost": 24516.31, "Plan Rows": 1659, "Plan Width": 75, "Inner Unique": false, "Join Filter": "(t.id = mi.movie_id)", "Plans": [{"Node Type": "Merge Join", "Parent Relationship": "Outer", "Join Type": "Inner", "Startup Cost": 23089.44, "Total Cost": 23092.41, "Plan Rows": 311, "Plan Width": 25, "Inner Unique": false, "Merge Cond": "(it2.id = mi_idx.info_type_id)", "Plans": [{"Node Type": "Sort", "Parent Relationship": "Outer", "Startup Cost": 2.41, "Total Cost": 2.42, "Plan Rows": 1, "Plan Width": 4, "Sort Key": ["it2.id"], "Plans": [{"Node Type": "Seq Scan", "Parent Relationship": "Outer", "Relation Name": "info_type", "Alias": "it2", "Startup Cost": 0.0, "Total Cost": 2.4, "Plan Rows": 1, "Plan Width": 4, "Filter": "((info)::text = 'bottom 10 rank'::text)"}]}, {"Node Type": "Sort", "Parent Relationship": "Inner", "Startup Cost": 23087.02, "Total Cost": 23088.01, "Plan Rows": 396, "Plan Width": 29, "Sort Key": ["mi_idx.info_type_id"], "Plans": [{"Node Type": "Nested Loop", "Parent Relationship": "Outer", "Join Type": "Inner", "Startup Cost": 4.17, "Total Cost": 23069.93, "Plan Rows": 396, "Plan Width": 29, "Inner Unique": false, "Plans": [{"Node Type": "Streaming(type: LOCAL GATHER dop: 1/16)", "Parent Relationship": "Outer", "Startup Cost": 0.0, "Total Cost": 19945.03, "Plan Rows": 258, "Plan Width": 21, "Plans": [{"Node Type": "Seq Scan", "Parent Relationship": "Outer", "Relation Name": "title", "Alias": "t", "Startup Cost": 0.0, "Total Cost": 19939.47, "Plan Rows": 258, "Plan Width": 21, "Filter": "((production_year > 2000) AND (((title)::text ~~ 'Birdemic%'::text) OR ((title)::text ~~ '%Movie%'::text)))"}]}, {"Node Type": "Bitmap Heap Scan", "Parent Relationship": "Inner", "Relation Name": "movie_info_idx", "Alias": "mi_idx", "Startup Cost": 4.17, "Total Cost": 12.09, "Plan Rows": 2, "Plan Width": 8, "Recheck Cond": "(movie_id = t.id)", "Plans": [{"Node Type": "Bitmap Index Scan", "Parent Relationship": "Outer", "Index Name": "movie_id_movie_info_idx", "Startup Cost": 0.0, "Total Cost": 4.17, "Plan Rows": 2, "Plan Width": 0, "Index Cond": "(movie_id = t.id)"}]}]}]}]}, {"Node Type": "Bitmap Heap Scan", "Parent Relationship": "Inner", "Relation Name": "movie_info", "Alias": "mi", "Startup Cost": 0.45, "Total Cost": 4.52, "Plan Rows": 5, "Plan Width": 50, "Recheck Cond": "(movie_id = mi_idx.movie_id)", "Plans": [{"Node Type": "Bitmap Index Scan", "Parent Relationship": "Outer", "Index Name": "movie_id_movie_info", "Startup Cost": 0.0, "Total Cost": 0.45, "Plan Rows": 5, "Plan Width": 0, "Index Cond": "(movie_id = mi_idx.movie_id)"}]}]}]}]}, {"Node Type": "Bitmap Heap Scan", "Parent Relationship": "Inner", "Relation Name": "movie_companies", "Alias": "mc", "Startup Cost": 0.27, "Total Cost": 4.29, "Plan Rows": 2, "Plan Width": 12, "Recheck Cond": "(movie_id = mi.movie_id)", "Plans": [{"Node Type": "Bitmap Index Scan", "Parent Relationship": "Outer", "Index Name": "movie_id_movie_companies", "Startup Cost": 0.0, "Total Cost": 0.27, "Plan Rows": 2, "Plan Width": 0, "Index Cond": "(movie_id = mi.movie_id)"}]}]}, {"Node Type": "Bitmap Heap Scan", "Parent Relationship": "Inner", "Relation Name": "company_name", "Alias": "cn", "Startup Cost": 0.26, "Total Cost": 4.27, "Plan Rows": 1, "Plan Width": 4, "Recheck Cond": "(id = mc.company_id)", "Filter": "((country_code)::text = '[us]'::text)", "Plans": [{"Node Type": "Bitmap Index Scan", "Parent Relationship": "Outer", "Index Name": "company_name_pkey", "Startup Cost": 0.0, "Total Cost": 0.26, "Plan Rows": 1, "Plan Width": 0, "Index Cond": "(id = mc.company_id)"}]}]}]}]}]}, "Unique SQL Id": 1682224415}, "explain_analyze_plan": {"Plan": {"Node Type": "Aggregate", "Strategy": "Plain", "Startup Cost": 24673.51, "Total Cost": 24673.52, "Plan Rows": 1, "Plan Width": 123, "Actual Min Startup Time": 105.706, "Actual Max Startup Time": 105.706, "Actual Min Total Time": 105.706, "Actual Max Total Time": 105.706, "Actual Total Rows": 1, "Plans": [{"Node Type": "Merge Join", "Parent Relationship": "Outer", "Join Type": "Inner", "Startup Cost": 24673.3, "Total Cost": 24673.49, "Plan Rows": 4, "Plan Width": 59, "Actual Min Startup Time": 105.678, "Actual Max Startup Time": 105.678, "Actual Min Total Time": 105.682, "Actual Max Total Time": 105.682, "Actual Total Rows": 5, "Inner Unique": false, "Merge Cond": "(ct.id = mc.company_type_id)", "Plans": [{"Node Type": "Sort", "Parent Relationship": "Outer", "Startup Cost": 1.05, "Total Cost": 1.06, "Plan Rows": 2, "Plan Width": 4, "Actual Min Startup Time": 0.063, "Actual Max Startup Time": 0.063, "Actual Min Total Time": 0.063, "Actual Max Total Time": 0.063, "Actual Total Rows": 1, "Sort Key": ["ct.id"], "Sort Method": "quicksort", "Sort Space Min Used": 25, "Sort Space Max Used": 25, "Sort Space Type": "Memory", "Plans": [{"Node Type": "Seq Scan", "Parent Relationship": "Outer", "Relation Name": "company_type", "Alias": "ct", "Startup Cost": 0.0, "Total Cost": 1.04, "Plan Rows": 2, "Plan Width": 4, "Actual Min Startup Time": 0.033, "Actual Max Startup Time": 0.033, "Actual Min Total Time": 0.038, "Actual Max Total Time": 0.038, "Actual Total Rows": 1, "Filter": "((kind IS NOT NULL) AND (((kind)::text = 'production companies'::text) OR ((kind)::text = 'distributors'::text)))", "Rows Removed by Filter": 2}]}, {"Node Type": "Sort", "Parent Relationship": "Inner", "Startup Cost": 24672.21, "Total Cost": 24672.25, "Plan Rows": 14, "Plan Width": 63, "Actual Min Startup Time": 105.607, "Actual Max Startup Time": 105.607, "Actual Min Total Time": 105.607, "Actual Max Total Time": 105.607, "Actual Total Rows": 10, "Sort Key": ["mc.company_type_id"], "Sort Method": "quicksort", "Sort Space Min Used": 25, "Sort Space Max Used": 25, "Sort Space Type": "Memory", "Plans": [{"Node Type": "Nested Loop", "Parent Relationship": "Outer", "Join Type": "Inner", "Startup Cost": 24608.42, "Total Cost": 24671.94, "Plan Rows": 14, "Plan Width": 63, "Actual Min Startup Time": 105.307, "Actual Max Startup Time": 105.307, "Actual Min Total Time": 105.586, "Actual Max Total Time": 105.586, "Actual Total Rows": 10, "Inner Unique": true, "Plans": [{"Node Type": "Nested Loop", "Parent Relationship": "Outer", "Join Type": "Inner", "Startup Cost": 24608.16, "Total Cost": 24650.53, "Plan Rows": 5, "Plan Width": 67, "Actual Min Startup Time": 105.282, "Actual Max Startup Time": 105.282, "Actual Min Total Time": 105.33, "Actual Max Total Time": 105.33, "Actual Total Rows": 33, "Inner Unique": false, "Join Filter": "(t.id = mc.movie_id)", "Rows Removed by Join Filter": 0, "Plans": [{"Node Type": "Merge Join", "Parent Relationship": "Outer", "Join Type": "Inner", "Startup Cost": 24607.89, "Total Cost": 24615.98, "Plan Rows": 8, "Plan Width": 71, "Actual Min Startup Time": 105.249, "Actual Max Startup Time": 105.249, "Actual Min Total Time": 105.254, "Actual Max Total Time": 105.254, "Actual Total Rows": 2, "Inner Unique": false, "Merge Cond": "(it1.id = mi.info_type_id)", "Plans": [{"Node Type": "Sort", "Parent Relationship": "Outer", "Startup Cost": 2.41, "Total Cost": 2.42, "Plan Rows": 1, "Plan Width": 4, "Actual Min Startup Time": 0.054, "Actual Max Startup Time": 0.054, "Actual Min Total Time": 0.054, "Actual Max Total Time": 0.054, "Actual Total Rows": 1, "Sort Key": ["it1.id"], "Sort Method": "quicksort", "Sort Space Min Used": 25, "Sort Space Max Used": 25, "Sort Space Type": "Memory", "Plans": [{"Node Type": "Seq Scan", "Parent Relationship": "Outer", "Relation Name": "info_type", "Alias": "it1", "Startup Cost": 0.0, "Total Cost": 2.4, "Plan Rows": 1, "Plan Width": 4, "Actual Min Startup Time": 0.048, "Actual Max Startup Time": 0.048, "Actual Min Total Time": 0.051, "Actual Max Total Time": 0.051, "Actual Total Rows": 1, "Filter": "((info)::text = 'budget'::text)", "Rows Removed by Filter": 111}]}, {"Node Type": "Sort", "Parent Relationship": "Inner", "Startup Cost": 24605.03, "Total Cost": 24609.18, "Plan Rows": 1659, "Plan Width": 75, "Actual Min Startup Time": 105.142, "Actual Max Startup Time": 105.142, "Actual Min Total Time": 105.156, "Actual Max Total Time": 105.156, "Actual Total Rows": 191, "Sort Key": ["mi.info_type_id"], "Sort Method": "quicksort", "Sort Space Min Used": 72, "Sort Space Max Used": 72, "Sort Space Type": "Memory", "Plans": [{"Node Type": "Nested Loop", "Parent Relationship": "Outer", "Join Type": "Inner", "Startup Cost": 23089.89, "Total Cost": 24516.31, "Plan Rows": 1659, "Plan Width": 75, "Actual Min Startup Time": 104.733, "Actual Max Startup Time": 104.733, "Actual Min Total Time": 105.026, "Actual Max Total Time": 105.026, "Actual Total Rows": 221, "Inner Unique": false, "Join Filter": "(t.id = mi.movie_id)", "Rows Removed by Join Filter": 0, "Plans": [{"Node Type": "Merge Join", "Parent Relationship": "Outer", "Join Type": "Inner", "Startup Cost": 23089.44, "Total Cost": 23092.41, "Plan Rows": 311, "Plan Width": 25, "Actual Min Startup Time": 104.678, "Actual Max Startup Time": 104.678, "Actual Min Total Time": 104.714, "Actual Max Total Time": 104.714, "Actual Total Rows": 2, "Inner Unique": false, "Merge Cond": "(it2.id = mi_idx.info_type_id)", "Plans": [{"Node Type": "Sort", "Parent Relationship": "Outer", "Startup Cost": 2.41, "Total Cost": 2.42, "Plan Rows": 1, "Plan Width": 4, "Actual Min Startup Time": 0.048, "Actual Max Startup Time": 0.048, "Actual Min Total Time": 0.048, "Actual Max Total Time": 0.048, "Actual Total Rows": 1, "Sort Key": ["it2.id"], "Sort Method": "quicksort", "Sort Space Min Used": 25, "Sort Space Max Used": 25, "Sort Space Type": "Memory", "Plans": [{"Node Type": "Seq Scan", "Parent Relationship": "Outer", "Relation Name": "info_type", "Alias": "it2", "Startup Cost": 0.0, "Total Cost": 2.4, "Plan Rows": 1, "Plan Width": 4, "Actual Min Startup Time": 0.043, "Actual Max Startup Time": 0.043, "Actual Min Total Time": 0.044, "Actual Max Total Time": 0.044, "Actual Total Rows": 1, "Filter": "((info)::text = 'bottom 10 rank'::text)", "Rows Removed by Filter": 111}]}, {"Node Type": "Sort", "Parent Relationship": "Inner", "Startup Cost": 23087.02, "Total Cost": 23088.01, "Plan Rows": 396, "Plan Width": 29, "Actual Min Startup Time": 104.011, "Actual Max Startup Time": 104.011, "Actual Min Total Time": 104.251, "Actual Max Total Time": 104.251, "Actual Total Rows": 2645, "Sort Key": ["mi_idx.info_type_id"], "Sort Method": "quicksort", "Sort Space Min Used": 414, "Sort Space Max Used": 414, "Sort Space Type": "Memory", "Plans": [{"Node Type": "Nested Loop", "Parent Relationship": "Outer", "Join Type": "Inner", "Startup Cost": 4.17, "Total Cost": 23069.93, "Plan Rows": 396, "Plan Width": 29, "Actual Min Startup Time": 76.761, "Actual Max Startup Time": 76.761, "Actual Min Total Time": 103.035, "Actual Max Total Time": 103.035, "Actual Total Rows": 2645, "Inner Unique": false, "Plans": [{"Node Type": "Streaming(type: LOCAL GATHER dop: 1/16)", "Parent Relationship": "Outer", "Startup Cost": 0.0, "Total Cost": 19945.03, "Plan Rows": 258, "Plan Width": 21, "Actual Min Startup Time": 76.662, "Actual Max Startup Time": 76.662, "Actual Min Total Time": 87.559, "Actual Max Total Time": 87.559, "Actual Total Rows": 2536, "Plans": [{"Node Type": "Seq Scan", "Parent Relationship": "Outer", "Relation Name": "title", "Alias": "t", "Startup Cost": 0.0, "Total Cost": 19939.47, "Plan Rows": 258, "Plan Width": 21, "Actual Min Startup Time": 0.057, "Actual Max Startup Time": 5.371, "Actual Min Total Time": 80.055, "Actual Max Total Time": 84.566, "Actual Total Rows": 2536, "Filter": "((production_year > 2000) AND (((title)::text ~~ 'Birdemic%'::text) OR ((title)::text ~~ '%Movie%'::text)))", "Rows Removed by Filter": 2525775}]}, {"Node Type": "Bitmap Heap Scan", "Parent Relationship": "Inner", "Relation Name": "movie_info_idx", "Alias": "mi_idx", "Startup Cost": 4.17, "Total Cost": 12.09, "Plan Rows": 2, "Plan Width": 8, "Actual Min Startup Time": 11.789, "Actual Max Startup Time": 11.789, "Actual Min Total Time": 12.161, "Actual Max Total Time": 12.161, "Actual Total Rows": 2645, "Recheck Cond": "(movie_id = t.id)", "Rows Removed by Index Recheck": 0, "Exact Heap Blocks": 890, "Lossy Heap Blocks": 890, "Plans": [{"Node Type": "Bitmap Index Scan", "Parent Relationship": "Outer", "Index Name": "movie_id_movie_info_idx", "Startup Cost": 0.0, "Total Cost": 4.17, "Plan Rows": 2, "Plan Width": 0, "Actual Min Startup Time": 8.632, "Actual Max Startup Time": 8.632, "Actual Min Total Time": 8.632, "Actual Max Total Time": 8.632, "Actual Total Rows": 2645, "Index Cond": "(movie_id = t.id)"}]}]}]}]}, {"Node Type": "Bitmap Heap Scan", "Parent Relationship": "Inner", "Relation Name": "movie_info", "Alias": "mi", "Startup Cost": 0.45, "Total Cost": 4.52, "Plan Rows": 5, "Plan Width": 50, "Actual Min Startup Time": 0.066, "Actual Max Startup Time": 0.066, "Actual Min Total Time": 0.21, "Actual Max Total Time": 0.21, "Actual Total Rows": 221, "Recheck Cond": "(movie_id = mi_idx.movie_id)", "Rows Removed by Index Recheck": 0, "Exact Heap Blocks": 40, "Lossy Heap Blocks": 40, "Plans": [{"Node Type": "Bitmap Index Scan", "Parent Relationship": "Outer", "Index Name": "movie_id_movie_info", "Startup Cost": 0.0, "Total Cost": 0.45, "Plan Rows": 5, "Plan Width": 0, "Actual Min Startup Time": 0.049, "Actual Max Startup Time": 0.049, "Actual Min Total Time": 0.049, "Actual Max Total Time": 0.049, "Actual Total Rows": 221, "Index Cond": "(movie_id = mi_idx.movie_id)"}]}]}]}]}, {"Node Type": "Bitmap Heap Scan", "Parent Relationship": "Inner", "Relation Name": "movie_companies", "Alias": "mc", "Startup Cost": 0.27, "Total Cost": 4.29, "Plan Rows": 2, "Plan Width": 12, "Actual Min Startup Time": 0.046, "Actual Max Startup Time": 0.046, "Actual Min Total Time": 0.056, "Actual Max Total Time": 0.056, "Actual Total Rows": 33, "Recheck Cond": "(movie_id = mi.movie_id)", "Rows Removed by Index Recheck": 0, "Exact Heap Blocks": 4, "Lossy Heap Blocks": 4, "Plans": [{"Node Type": "Bitmap Index Scan", "Parent Relationship": "Outer", "Index Name": "movie_id_movie_companies", "Startup Cost": 0.0, "Total Cost": 0.27, "Plan Rows": 2, "Plan Width": 0, "Actual Min Startup Time": 0.024, "Actual Max Startup Time": 0.024, "Actual Min Total Time": 0.024, "Actual Max Total Time": 0.024, "Actual Total Rows": 33, "Index Cond": "(movie_id = mi.movie_id)"}]}]}, {"Node Type": "Bitmap Heap Scan", "Parent Relationship": "Inner", "Relation Name": "company_name", "Alias": "cn", "Startup Cost": 0.26, "Total Cost": 4.27, "Plan Rows": 1, "Plan Width": 4, "Actual Min Startup Time": 0.215, "Actual Max Startup Time": 0.215, "Actual Min Total Time": 0.215, "Actual Max Total Time": 0.215, "Actual Total Rows": 10, "Recheck Cond": "(id = mc.company_id)", "Rows Removed by Index Recheck": 0, "Filter": "((country_code)::text = '[us]'::text)", "Rows Removed by Filter": 23, "Exact Heap Blocks": 33, "Lossy Heap Blocks": 33, "Plans": [{"Node Type": "Bitmap Index Scan", "Parent Relationship": "Outer", "Index Name": "company_name_pkey", "Startup Cost": 0.0, "Total Cost": 0.26, "Plan Rows": 1, "Plan Width": 0, "Actual Min Startup Time": 0.114, "Actual Max Startup Time": 0.114, "Actual Min Total Time": 0.114, "Actual Max Total Time": 0.114, "Actual Total Rows": 33, "Index Cond": "(id = mc.company_id)"}]}]}]}]}]}, "Triggers": [], "Planner Runtime": 61.584, "Total Runtime": 108.618, "Unique SQL Id": 1682224415}}, "(16, 83)": {"explain_plan": {"Plan": {"Node Type": "Aggregate", "Strategy": "Plain", "Startup Cost": 133478.65, "Total Cost": 133478.66, "Plan Rows": 1, "Plan Width": 123, "Plans": [{"Node Type": "Merge Join", "Parent Relationship": "Outer", "Join Type": "Inner", "Startup Cost": 133478.45, "Total Cost": 133478.63, "Plan Rows": 4, "Plan Width": 59, "Inner Unique": false, "Merge Cond": "(ct.id = mc.company_type_id)", "Plans": [{"Node Type": "Sort", "Parent Relationship": "Outer", "Startup Cost": 12.32, "Total Cost": 12.33, "Plan Rows": 2, "Plan Width": 4, "Sort Key": ["ct.id"], "Plans": [{"Node Type": "Bitmap Heap Scan", "Parent Relationship": "Outer", "Relation Name": "company_type", "Alias": "ct", "Startup Cost": 8.27, "Total Cost": 12.31, "Plan Rows": 2, "Plan Width": 4, "Filter": "((kind IS NOT NULL) AND (((kind)::text = 'production companies'::text) OR ((kind)::text = 'distributors'::text)))", "Plans": [{"Node Type": "Bitmap Index Scan", "Parent Relationship": "Outer", "Index Name": "company_type_pkey", "Startup Cost": 0.0, "Total Cost": 8.27, "Plan Rows": 3, "Plan Width": 0}]}]}, {"Node Type": "Sort", "Parent Relationship": "Inner", "Startup Cost": 133466.09, "Total Cost": 133466.13, "Plan Rows": 14, "Plan Width": 63, "Sort Key": ["mc.company_type_id"], "Plans": [{"Node Type": "Nested Loop", "Parent Relationship": "Outer", "Join Type": "Inner", "Startup Cost": 133372.32, "Total Cost": 133465.83, "Plan Rows": 14, "Plan Width": 63, "Inner Unique": true, "Plans": [{"Node Type": "Nested Loop", "Parent Relationship": "Outer", "Join Type": "Inner", "Startup Cost": 133372.06, "Total Cost": 133414.43, "Plan Rows": 12, "Plan Width": 67, "Inner Unique": false, "Join Filter": "(t.id = mc.movie_id)", "Plans": [{"Node Type": "Merge Join", "Parent Relationship": "Outer", "Join Type": "Inner", "Startup Cost": 133371.79, "Total Cost": 133379.88, "Plan Rows": 8, "Plan Width": 71, "Inner Unique": false, "Merge Cond": "(it1.id = mi.info_type_id)", "Plans": [{"Node Type": "Sort", "Parent Relationship": "Outer", "Startup Cost": 14.22, "Total Cost": 14.23, "Plan Rows": 1, "Plan Width": 4, "Sort Key": ["it1.id"], "Plans": [{"Node Type": "Bitmap Heap Scan", "Parent Relationship": "Outer", "Relation Name": "info_type", "Alias": "it1", "Startup Cost": 8.81, "Total Cost": 14.21, "Plan Rows": 1, "Plan Width": 4, "Filter": "((info)::text = 'budget'::text)", "Plans": [{"Node Type": "Bitmap Index Scan", "Parent Relationship": "Outer", "Index Name": "info_type_pkey", "Startup Cost": 0.0, "Total Cost": 8.81, "Plan Rows": 112, "Plan Width": 0}]}]}, {"Node Type": "Sort", "Parent Relationship": "Inner", "Startup Cost": 133357.12, "Total Cost": 133361.27, "Plan Rows": 1659, "Plan Width": 75, "Sort Key": ["mi.info_type_id"], "Plans": [{"Node Type": "Nested Loop", "Parent Relationship": "Outer", "Join Type": "Inner", "Startup Cost": 131841.98, "Total Cost": 133268.4, "Plan Rows": 1659, "Plan Width": 75, "Inner Unique": false, "Join Filter": "(t.id = mi.movie_id)", "Plans": [{"Node Type": "Merge Join", "Parent Relationship": "Outer", "Join Type": "Inner", "Startup Cost": 131841.53, "Total Cost": 131844.5, "Plan Rows": 311, "Plan Width": 25, "Inner Unique": false, "Merge Cond": "(it2.id = mi_idx.info_type_id)", "Plans": [{"Node Type": "Sort", "Parent Relationship": "Outer", "Startup Cost": 14.22, "Total Cost": 14.23, "Plan Rows": 1, "Plan Width": 4, "Sort Key": ["it2.id"], "Plans": [{"Node Type": "Bitmap Heap Scan", "Parent Relationship": "Outer", "Relation Name": "info_type", "Alias": "it2", "Startup Cost": 8.81, "Total Cost": 14.21, "Plan Rows": 1, "Plan Width": 4, "Filter": "((info)::text = 'bottom 10 rank'::text)", "Plans": [{"Node Type": "Bitmap Index Scan", "Parent Relationship": "Outer", "Index Name": "info_type_pkey", "Startup Cost": 0.0, "Total Cost": 8.81, "Plan Rows": 112, "Plan Width": 0}]}]}, {"Node Type": "Sort", "Parent Relationship": "Inner", "Startup Cost": 131827.3, "Total Cost": 131828.29, "Plan Rows": 396, "Plan Width": 29, "Sort Key": ["mi_idx.info_type_id"], "Plans": [{"Node Type": "Nested Loop", "Parent Relationship": "Outer", "Join Type": "Inner", "Startup Cost": 49658.04, "Total Cost": 131810.21, "Plan Rows": 396, "Plan Width": 29, "Inner Unique": false, "Plans": [{"Node Type": "Bitmap Heap Scan", "Parent Relationship": "Outer", "Relation Name": "title", "Alias": "t", "Startup Cost": 49653.87, "Total Cost": 128685.31, "Plan Rows": 258, "Plan Width": 21, "Filter": "((production_year > 2000) AND (((title)::text ~~ 'Birdemic%'::text) OR ((title)::text ~~ '%Movie%'::text)))", "Plans": [{"Node Type": "Bitmap Index Scan", "Parent Relationship": "Outer", "Index Name": "title_pkey", "Startup Cost": 0.0, "Total Cost": 49653.81, "Plan Rows": 2528311, "Plan Width": 0}]}, {"Node Type": "Bitmap Heap Scan", "Parent Relationship": "Inner", "Relation Name": "movie_info_idx", "Alias": "mi_idx", "Startup Cost": 4.17, "Total Cost": 12.09, "Plan Rows": 2, "Plan Width": 8, "Recheck Cond": "(movie_id = t.id)", "Plans": [{"Node Type": "Bitmap Index Scan", "Parent Relationship": "Outer", "Index Name": "movie_id_movie_info_idx", "Startup Cost": 0.0, "Total Cost": 4.17, "Plan Rows": 2, "Plan Width": 0, "Index Cond": "(movie_id = t.id)"}]}]}]}]}, {"Node Type": "Bitmap Heap Scan", "Parent Relationship": "Inner", "Relation Name": "movie_info", "Alias": "mi", "Startup Cost": 0.45, "Total Cost": 4.52, "Plan Rows": 5, "Plan Width": 50, "Recheck Cond": "(movie_id = mi_idx.movie_id)", "Plans": [{"Node Type": "Bitmap Index Scan", "Parent Relationship": "Outer", "Index Name": "movie_id_movie_info", "Startup Cost": 0.0, "Total Cost": 0.45, "Plan Rows": 5, "Plan Width": 0, "Index Cond": "(movie_id = mi_idx.movie_id)"}]}]}]}]}, {"Node Type": "Bitmap Heap Scan", "Parent Relationship": "Inner", "Relation Name": "movie_companies", "Alias": "mc", "Startup Cost": 0.27, "Total Cost": 4.29, "Plan Rows": 2, "Plan Width": 12, "Recheck Cond": "(movie_id = mi.movie_id)", "Plans": [{"Node Type": "Bitmap Index Scan", "Parent Relationship": "Outer", "Index Name": "movie_id_movie_companies", "Startup Cost": 0.0, "Total Cost": 0.27, "Plan Rows": 2, "Plan Width": 0, "Index Cond": "(movie_id = mi.movie_id)"}]}]}, {"Node Type": "Bitmap Heap Scan", "Parent Relationship": "Inner", "Relation Name": "company_name", "Alias": "cn", "Startup Cost": 0.26, "Total Cost": 4.27, "Plan Rows": 1, "Plan Width": 4, "Recheck Cond": "(id = mc.company_id)", "Filter": "((country_code)::text = '[us]'::text)", "Plans": [{"Node Type": "Bitmap Index Scan", "Parent Relationship": "Outer", "Index Name": "company_name_pkey", "Startup Cost": 0.0, "Total Cost": 0.26, "Plan Rows": 1, "Plan Width": 0, "Index Cond": "(id = mc.company_id)"}]}]}]}]}]}, "Unique SQL Id": 1682224415}, "explain_analyze_plan": null}, "(16, 84)": {"explain_plan": {"Plan": {"Node Type": "Aggregate", "Strategy": "Plain", "Startup Cost": 22498.88, "Total Cost": 22498.89, "Plan Rows": 1, "Plan Width": 123, "Plans": [{"Node Type": "Nested Loop", "Parent Relationship": "Outer", "Join Type": "Inner", "Startup Cost": 22490.81, "Total Cost": 22498.86, "Plan Rows": 4, "Plan Width": 59, "Inner Unique": true, "Plans": [{"Node Type": "Nested Loop", "Parent Relationship": "Outer", "Join Type": "Inner", "Startup Cost": 22490.81, "Total Cost": 22497.72, "Plan Rows": 4, "Plan Width": 63, "Inner Unique": true, "Plans": [{"Node Type": "Merge Join", "Parent Relationship": "Outer", "Join Type": "Inner", "Startup Cost": 22490.81, "Total Cost": 22496.28, "Plan Rows": 5, "Plan Width": 67, "Inner Unique": false, "Merge Cond": "(it1.id = mi.info_type_id)", "Plans": [{"Node Type": "Sort", "Parent Relationship": "Outer", "Startup Cost": 2.41, "Total Cost": 2.42, "Plan Rows": 1, "Plan Width": 4, "Sort Key": ["it1.id"], "Plans": [{"Node Type": "Seq Scan", "Parent Relationship": "Outer", "Relation Name": "info_type", "Alias": "it1", "Startup Cost": 0.0, "Total Cost": 2.4, "Plan Rows": 1, "Plan Width": 4, "Filter": "((info)::text = 'budget'::text)"}]}, {"Node Type": "Sort", "Parent Relationship": "Inner", "Startup Cost": 22488.09, "Total Cost": 22490.9, "Plan Rows": 1122, "Plan Width": 71, "Sort Key": ["mi.info_type_id"], "Plans": [{"Node Type": "Nested Loop", "Parent Relationship": "Outer", "Join Type": "Inner", "Startup Cost": 0.0, "Total Cost": 22431.25, "Plan Rows": 1122, "Plan Width": 71, "Inner Unique": false, "Join Filter": "(t.id = mi.movie_id)", "Plans": [{"Node Type": "Nested Loop", "Parent Relationship": "Outer", "Join Type": "Inner", "Startup Cost": 0.0, "Total Cost": 22278.59, "Plan Rows": 210, "Plan Width": 37, "Inner Unique": false, "Join Filter": "(t.id = mc.movie_id)", "Plans": [{"Node Type": "Nested Loop", "Parent Relationship": "Outer", "Join Type": "Inner", "Startup Cost": 0.0, "Total Cost": 22157.82, "Plan Rows": 311, "Plan Width": 25, "Inner Unique": true, "Plans": [{"Node Type": "Nested Loop", "Parent Relationship": "Outer", "Join Type": "Inner", "Startup Cost": 0.0, "Total Cost": 22045.95, "Plan Rows": 396, "Plan Width": 29, "Inner Unique": false, "Plans": [{"Node Type": "Streaming(type: LOCAL GATHER dop: 1/16)", "Parent Relationship": "Outer", "Startup Cost": 0.0, "Total Cost": 19945.03, "Plan Rows": 258, "Plan Width": 21, "Plans": [{"Node Type": "Seq Scan", "Parent Relationship": "Outer", "Relation Name": "title", "Alias": "t", "Startup Cost": 0.0, "Total Cost": 19939.47, "Plan Rows": 258, "Plan Width": 21, "Filter": "((production_year > 2000) AND (((title)::text ~~ 'Birdemic%'::text) OR ((title)::text ~~ '%Movie%'::text)))"}]}, {"Node Type": "Index Scan", "Parent Relationship": "Inner", "Scan Direction": "Forward", "Index Name": "movie_id_movie_info_idx", "Relation Name": "movie_info_idx", "Alias": "mi_idx", "Startup Cost": 0.0, "Total Cost": 8.12, "Plan Rows": 2, "Plan Width": 8, "Index Cond": "(movie_id = t.id)"}]}, {"Node Type": "Index Scan", "Parent Relationship": "Inner", "Scan Direction": "Forward", "Index Name": "info_type_pkey", "Relation Name": "info_type", "Alias": "it2", "Startup Cost": 0.0, "Total Cost": 0.27, "Plan Rows": 1, "Plan Width": 4, "Index Cond": "(id = mi_idx.info_type_id)", "Filter": "((info)::text = 'bottom 10 rank'::text)"}]}, {"Node Type": "Index Scan", "Parent Relationship": "Inner", "Scan Direction": "Forward", "Index Name": "movie_id_movie_companies", "Relation Name": "movie_companies", "Alias": "mc", "Startup Cost": 0.0, "Total Cost": 0.36, "Plan Rows": 2, "Plan Width": 12, "Index Cond": "(movie_id = mi_idx.movie_id)"}]}, {"Node Type": "Index Scan", "Parent Relationship": "Inner", "Scan Direction": "Forward", "Index Name": "movie_id_movie_info", "Relation Name": "movie_info", "Alias": "mi", "Startup Cost": 0.0, "Total Cost": 0.66, "Plan Rows": 5, "Plan Width": 50, "Index Cond": "(movie_id = mc.movie_id)"}]}]}]}, {"Node Type": "Index Scan", "Parent Relationship": "Inner", "Scan Direction": "Forward", "Index Name": "company_name_pkey", "Relation Name": "company_name", "Alias": "cn", "Startup Cost": 0.0, "Total Cost": 0.28, "Plan Rows": 1, "Plan Width": 4, "Index Cond": "(id = mc.company_id)", "Filter": "((country_code)::text = '[us]'::text)"}]}, {"Node Type": "Index Scan", "Parent Relationship": "Inner", "Scan Direction": "Forward", "Index Name": "company_type_pkey", "Relation Name": "company_type", "Alias": "ct", "Startup Cost": 0.0, "Total Cost": 0.28, "Plan Rows": 1, "Plan Width": 4, "Index Cond": "(id = mc.company_type_id)", "Filter": "((kind IS NOT NULL) AND (((kind)::text = 'production companies'::text) OR ((kind)::text = 'distributors'::text)))"}]}]}, "Unique SQL Id": 1682224415}, "explain_analyze_plan": {"Plan": {"Node Type": "Aggregate", "Strategy": "Plain", "Startup Cost": 22498.88, "Total Cost": 22498.89, "Plan Rows": 1, "Plan Width": 123, "Actual Min Startup Time": 114.278, "Actual Max Startup Time": 114.278, "Actual Min Total Time": 114.278, "Actual Max Total Time": 114.278, "Actual Total Rows": 1, "Plans": [{"Node Type": "Nested Loop", "Parent Relationship": "Outer", "Join Type": "Inner", "Startup Cost": 22490.81, "Total Cost": 22498.86, "Plan Rows": 4, "Plan Width": 59, "Actual Min Startup Time": 114.009, "Actual Max Startup Time": 114.009, "Actual Min Total Time": 114.249, "Actual Max Total Time": 114.249, "Actual Total Rows": 5, "Inner Unique": true, "Plans": [{"Node Type": "Nested Loop", "Parent Relationship": "Outer", "Join Type": "Inner", "Startup Cost": 22490.81, "Total Cost": 22497.72, "Plan Rows": 4, "Plan Width": 63, "Actual Min Startup Time": 113.996, "Actual Max Startup Time": 113.996, "Actual Min Total Time": 114.219, "Actual Max Total Time": 114.219, "Actual Total Rows": 10, "Inner Unique": true, "Plans": [{"Node Type": "Merge Join", "Parent Relationship": "Outer", "Join Type": "Inner", "Startup Cost": 22490.81, "Total Cost": 22496.28, "Plan Rows": 5, "Plan Width": 67, "Actual Min Startup Time": 113.929, "Actual Max Startup Time": 113.929, "Actual Min Total Time": 113.99, "Actual Max Total Time": 113.99, "Actual Total Rows": 33, "Inner Unique": false, "Merge Cond": "(it1.id = mi.info_type_id)", "Plans": [{"Node Type": "Sort", "Parent Relationship": "Outer", "Startup Cost": 2.41, "Total Cost": 2.42, "Plan Rows": 1, "Plan Width": 4, "Actual Min Startup Time": 0.117, "Actual Max Startup Time": 0.117, "Actual Min Total Time": 0.117, "Actual Max Total Time": 0.117, "Actual Total Rows": 1, "Sort Key": ["it1.id"], "Sort Method": "quicksort", "Sort Space Min Used": 25, "Sort Space Max Used": 25, "Sort Space Type": "Memory", "Plans": [{"Node Type": "Seq Scan", "Parent Relationship": "Outer", "Relation Name": "info_type", "Alias": "it1", "Startup Cost": 0.0, "Total Cost": 2.4, "Plan Rows": 1, "Plan Width": 4, "Actual Min Startup Time": 0.084, "Actual Max Startup Time": 0.084, "Actual Min Total Time": 0.089, "Actual Max Total Time": 0.089, "Actual Total Rows": 1, "Filter": "((info)::text = 'budget'::text)", "Rows Removed by Filter": 111}]}, {"Node Type": "Sort", "Parent Relationship": "Inner", "Startup Cost": 22488.09, "Total Cost": 22490.9, "Plan Rows": 1122, "Plan Width": 71, "Actual Min Startup Time": 112.673, "Actual Max Startup Time": 112.673, "Actual Min Total Time": 113.159, "Actual Max Total Time": 113.159, "Actual Total Rows": 4061, "Sort Key": ["mi.info_type_id"], "Sort Method": "quicksort", "Sort Space Min Used": 1164, "Sort Space Max Used": 1164, "Sort Space Type": "Memory", "Plans": [{"Node Type": "Nested Loop", "Parent Relationship": "Outer", "Join Type": "Inner", "Startup Cost": 0.0, "Total Cost": 22431.25, "Plan Rows": 1122, "Plan Width": 71, "Actual Min Startup Time": 82.308, "Actual Max Startup Time": 82.308, "Actual Min Total Time": 110.592, "Actual Max Total Time": 110.592, "Actual Total Rows": 4959, "Inner Unique": false, "Join Filter": "(t.id = mi.movie_id)", "Rows Removed by Join Filter": 0, "Plans": [{"Node Type": "Nested Loop", "Parent Relationship": "Outer", "Join Type": "Inner", "Startup Cost": 0.0, "Total Cost": 22278.59, "Plan Rows": 210, "Plan Width": 37, "Actual Min Startup Time": 82.275, "Actual Max Startup Time": 82.275, "Actual Min Total Time": 106.43, "Actual Max Total Time": 106.43, "Actual Total Rows": 33, "Inner Unique": false, "Join Filter": "(t.id = mc.movie_id)", "Rows Removed by Join Filter": 0, "Plans": [{"Node Type": "Nested Loop", "Parent Relationship": "Outer", "Join Type": "Inner", "Startup Cost": 0.0, "Total Cost": 22157.82, "Plan Rows": 311, "Plan Width": 25, "Actual Min Startup Time": 82.245, "Actual Max Startup Time": 82.245, "Actual Min Total Time": 106.351, "Actual Max Total Time": 106.351, "Actual Total Rows": 2, "Inner Unique": true, "Plans": [{"Node Type": "Nested Loop", "Parent Relationship": "Outer", "Join Type": "Inner", "Startup Cost": 0.0, "Total Cost": 22045.95, "Plan Rows": 396, "Plan Width": 29, "Actual Min Startup Time": 78.501, "Actual Max Startup Time": 78.501, "Actual Min Total Time": 100.142, "Actual Max Total Time": 100.142, "Actual Total Rows": 2645, "Inner Unique": false, "Plans": [{"Node Type": "Streaming(type: LOCAL GATHER dop: 1/16)", "Parent Relationship": "Outer", "Startup Cost": 0.0, "Total Cost": 19945.03, "Plan Rows": 258, "Plan Width": 21, "Actual Min Startup Time": 78.44, "Actual Max Startup Time": 78.44, "Actual Min Total Time": 87.941, "Actual Max Total Time": 87.941, "Actual Total Rows": 2536, "Plans": [{"Node Type": "Seq Scan", "Parent Relationship": "Outer", "Relation Name": "title", "Alias": "t", "Startup Cost": 0.0, "Total Cost": 19939.47, "Plan Rows": 258, "Plan Width": 21, "Actual Min Startup Time": 0.057, "Actual Max Startup Time": 5.377, "Actual Min Total Time": 80.074, "Actual Max Total Time": 84.618, "Actual Total Rows": 2536, "Filter": "((production_year > 2000) AND (((title)::text ~~ 'Birdemic%'::text) OR ((title)::text ~~ '%Movie%'::text)))", "Rows Removed by Filter": 2525775}]}, {"Node Type": "Index Scan", "Parent Relationship": "Inner", "Scan Direction": "Forward", "Index Name": "movie_id_movie_info_idx", "Relation Name": "movie_info_idx", "Alias": "mi_idx", "Startup Cost": 0.0, "Total Cost": 8.12, "Plan Rows": 2, "Plan Width": 8, "Actual Min Startup Time": 9.381, "Actual Max Startup Time": 9.381, "Actual Min Total Time": 10.347, "Actual Max Total Time": 10.347, "Actual Total Rows": 2645, "Index Cond": "(movie_id = t.id)", "Rows Removed by Index Recheck": 0}]}, {"Node Type": "Index Scan", "Parent Relationship": "Inner", "Scan Direction": "Forward", "Index Name": "info_type_pkey", "Relation Name": "info_type", "Alias": "it2", "Startup Cost": 0.0, "Total Cost": 0.27, "Plan Rows": 1, "Plan Width": 4, "Actual Min Startup Time": 4.976, "Actual Max Startup Time": 4.976, "Actual Min Total Time": 4.976, "Actual Max Total Time": 4.976, "Actual Total Rows": 2, "Index Cond": "(id = mi_idx.info_type_id)", "Rows Removed by Index Recheck": 0, "Filter": "((info)::text = 'bottom 10 rank'::text)", "Rows Removed by Filter": 2643}]}, {"Node Type": "Index Scan", "Parent Relationship": "Inner", "Scan Direction": "Forward", "Index Name": "movie_id_movie_companies", "Relation Name": "movie_companies", "Alias": "mc", "Startup Cost": 0.0, "Total Cost": 0.36, "Plan Rows": 2, "Plan Width": 12, "Actual Min Startup Time": 0.021, "Actual Max Startup Time": 0.021, "Actual Min Total Time": 0.036, "Actual Max Total Time": 0.036, "Actual Total Rows": 33, "Index Cond": "(movie_id = mi_idx.movie_id)", "Rows Removed by Index Recheck": 0}]}, {"Node Type": "Index Scan", "Parent Relationship": "Inner", "Scan Direction": "Forward", "Index Name": "movie_id_movie_info", "Relation Name": "movie_info", "Alias": "mi", "Startup Cost": 0.0, "Total Cost": 0.66, "Plan Rows": 5, "Plan Width": 50, "Actual Min Startup Time": 0.514, "Actual Max Startup Time": 0.514, "Actual Min Total Time": 2.537, "Actual Max Total Time": 2.537, "Actual Total Rows": 4959, "Index Cond": "(movie_id = mc.movie_id)", "Rows Removed by Index Recheck": 0}]}]}]}, {"Node Type": "Index Scan", "Parent Relationship": "Inner", "Scan Direction": "Forward", "Index Name": "company_name_pkey", "Relation Name": "company_name", "Alias": "cn", "Startup Cost": 0.0, "Total Cost": 0.28, "Plan Rows": 1, "Plan Width": 4, "Actual Min Startup Time": 0.202, "Actual Max Startup Time": 0.202, "Actual Min Total Time": 0.202, "Actual Max Total Time": 0.202, "Actual Total Rows": 10, "Index Cond": "(id = mc.company_id)", "Rows Removed by Index Recheck": 0, "Filter": "((country_code)::text = '[us]'::text)", "Rows Removed by Filter": 23}]}, {"Node Type": "Index Scan", "Parent Relationship": "Inner", "Scan Direction": "Forward", "Index Name": "company_type_pkey", "Relation Name": "company_type", "Alias": "ct", "Startup Cost": 0.0, "Total Cost": 0.28, "Plan Rows": 1, "Plan Width": 4, "Actual Min Startup Time": 0.019, "Actual Max Startup Time": 0.019, "Actual Min Total Time": 0.019, "Actual Max Total Time": 0.019, "Actual Total Rows": 5, "Index Cond": "(id = mc.company_type_id)", "Rows Removed by Index Recheck": 0, "Filter": "((kind IS NOT NULL) AND (((kind)::text = 'production companies'::text) OR ((kind)::text = 'distributors'::text)))", "Rows Removed by Filter": 0}]}]}, "Triggers": [], "Planner Runtime": 65.311, "Total Runtime": 117.662, "Unique SQL Id": 1682224415}}, "(16, 85)": {"explain_plan": {"Plan": {"Node Type": "Aggregate", "Strategy": "Plain", "Startup Cost": 105414.07, "Total Cost": 105414.08, "Plan Rows": 1, "Plan Width": 123, "Plans": [{"Node Type": "Nested Loop", "Parent Relationship": "Outer", "Join Type": "Inner", "Startup Cost": 0.0, "Total Cost": 105414.05, "Plan Rows": 4, "Plan Width": 59, "Inner Unique": true, "Plans": [{"Node Type": "Nested Loop", "Parent Relationship": "Outer", "Join Type": "Inner", "Startup Cost": 0.0, "Total Cost": 105412.91, "Plan Rows": 4, "Plan Width": 63, "Inner Unique": true, "Plans": [{"Node Type": "Nested Loop", "Parent Relationship": "Outer", "Join Type": "Inner", "Startup Cost": 0.0, "Total Cost": 105411.47, "Plan Rows": 5, "Plan Width": 67, "Inner Unique": true, "Plans": [{"Node Type": "Nested Loop", "Parent Relationship": "Outer", "Join Type": "Inner", "Startup Cost": 0.0, "Total Cost": 105094.51, "Plan Rows": 1122, "Plan Width": 71, "Inner Unique": false, "Join Filter": "(t.id = mi.movie_id)", "Plans": [{"Node Type": "Nested Loop", "Parent Relationship": "Outer", "Join Type": "Inner", "Startup Cost": 0.0, "Total Cost": 104941.85, "Plan Rows": 210, "Plan Width": 37, "Inner Unique": false, "Join Filter": "(t.id = mc.movie_id)", "Plans": [{"Node Type": "Nested Loop", "Parent Relationship": "Outer", "Join Type": "Inner", "Startup Cost": 0.0, "Total Cost": 104821.08, "Plan Rows": 311, "Plan Width": 25, "Inner Unique": true, "Plans": [{"Node Type": "Nested Loop", "Parent Relationship": "Outer", "Join Type": "Inner", "Startup Cost": 0.0, "Total Cost": 104709.2, "Plan Rows": 396, "Plan Width": 29, "Inner Unique": false, "Plans": [{"Node Type": "Streaming(type: LOCAL GATHER dop: 1/16)", "Parent Relationship": "Outer", "Startup Cost": 0.0, "Total Cost": 102608.29, "Plan Rows": 258, "Plan Width": 21, "Plans": [{"Node Type": "Index Scan", "Parent Relationship": "Outer", "Scan Direction": "Forward", "Index Name": "title_pkey", "Relation Name": "title", "Alias": "t", "Startup Cost": 0.0, "Total Cost": 102602.72, "Plan Rows": 258, "Plan Width": 21, "Filter": "((production_year > 2000) AND (((title)::text ~~ 'Birdemic%'::text) OR ((title)::text ~~ '%Movie%'::text)))"}]}, {"Node Type": "Index Scan", "Parent Relationship": "Inner", "Scan Direction": "Forward", "Index Name": "movie_id_movie_info_idx", "Relation Name": "movie_info_idx", "Alias": "mi_idx", "Startup Cost": 0.0, "Total Cost": 8.12, "Plan Rows": 2, "Plan Width": 8, "Index Cond": "(movie_id = t.id)"}]}, {"Node Type": "Index Scan", "Parent Relationship": "Inner", "Scan Direction": "Forward", "Index Name": "info_type_pkey", "Relation Name": "info_type", "Alias": "it2", "Startup Cost": 0.0, "Total Cost": 0.27, "Plan Rows": 1, "Plan Width": 4, "Index Cond": "(id = mi_idx.info_type_id)", "Filter": "((info)::text = 'bottom 10 rank'::text)"}]}, {"Node Type": "Index Scan", "Parent Relationship": "Inner", "Scan Direction": "Forward", "Index Name": "movie_id_movie_companies", "Relation Name": "movie_companies", "Alias": "mc", "Startup Cost": 0.0, "Total Cost": 0.36, "Plan Rows": 2, "Plan Width": 12, "Index Cond": "(movie_id = mi_idx.movie_id)"}]}, {"Node Type": "Index Scan", "Parent Relationship": "Inner", "Scan Direction": "Forward", "Index Name": "movie_id_movie_info", "Relation Name": "movie_info", "Alias": "mi", "Startup Cost": 0.0, "Total Cost": 0.66, "Plan Rows": 5, "Plan Width": 50, "Index Cond": "(movie_id = mc.movie_id)"}]}, {"Node Type": "Index Scan", "Parent Relationship": "Inner", "Scan Direction": "Forward", "Index Name": "info_type_pkey", "Relation Name": "info_type", "Alias": "it1", "Startup Cost": 0.0, "Total Cost": 0.27, "Plan Rows": 1, "Plan Width": 4, "Index Cond": "(id = mi.info_type_id)", "Filter": "((info)::text = 'budget'::text)"}]}, {"Node Type": "Index Scan", "Parent Relationship": "Inner", "Scan Direction": "Forward", "Index Name": "company_name_pkey", "Relation Name": "company_name", "Alias": "cn", "Startup Cost": 0.0, "Total Cost": 0.28, "Plan Rows": 1, "Plan Width": 4, "Index Cond": "(id = mc.company_id)", "Filter": "((country_code)::text = '[us]'::text)"}]}, {"Node Type": "Index Scan", "Parent Relationship": "Inner", "Scan Direction": "Forward", "Index Name": "company_type_pkey", "Relation Name": "company_type", "Alias": "ct", "Startup Cost": 0.0, "Total Cost": 0.28, "Plan Rows": 1, "Plan Width": 4, "Index Cond": "(id = mc.company_type_id)", "Filter": "((kind IS NOT NULL) AND (((kind)::text = 'production companies'::text) OR ((kind)::text = 'distributors'::text)))"}]}]}, "Unique SQL Id": 1682224415}, "explain_analyze_plan": {"Plan": {"Node Type": "Aggregate", "Strategy": "Plain", "Startup Cost": 105414.07, "Total Cost": 105414.08, "Plan Rows": 1, "Plan Width": 123, "Actual Min Startup Time": 309.263, "Actual Max Startup Time": 309.263, "Actual Min Total Time": 309.263, "Actual Max Total Time": 309.263, "Actual Total Rows": 1, "Plans": [{"Node Type": "Nested Loop", "Parent Relationship": "Outer", "Join Type": "Inner", "Startup Cost": 0.0, "Total Cost": 105414.05, "Plan Rows": 4, "Plan Width": 59, "Actual Min Startup Time": 282.63, "Actual Max Startup Time": 282.63, "Actual Min Total Time": 309.228, "Actual Max Total Time": 309.228, "Actual Total Rows": 5, "Inner Unique": true, "Plans": [{"Node Type": "Nested Loop", "Parent Relationship": "Outer", "Join Type": "Inner", "Startup Cost": 0.0, "Total Cost": 105412.91, "Plan Rows": 4, "Plan Width": 63, "Actual Min Startup Time": 273.934, "Actual Max Startup Time": 273.934, "Actual Min Total Time": 309.179, "Actual Max Total Time": 309.179, "Actual Total Rows": 10, "Inner Unique": true, "Plans": [{"Node Type": "Nested Loop", "Parent Relationship": "Outer", "Join Type": "Inner", "Startup Cost": 0.0, "Total Cost": 105411.47, "Plan Rows": 5, "Plan Width": 67, "Actual Min Startup Time": 269.823, "Actual Max Startup Time": 269.823, "Actual Min Total Time": 308.954, "Actual Max Total Time": 308.954, "Actual Total Rows": 33, "Inner Unique": true, "Plans": [{"Node Type": "Nested Loop", "Parent Relationship": "Outer", "Join Type": "Inner", "Startup Cost": 0.0, "Total Cost": 105094.51, "Plan Rows": 1122, "Plan Width": 71, "Actual Min Startup Time": 269.397, "Actual Max Startup Time": 269.397, "Actual Min Total Time": 297.973, "Actual Max Total Time": 297.973, "Actual Total Rows": 4959, "Inner Unique": false, "Join Filter": "(t.id = mi.movie_id)", "Rows Removed by Join Filter": 0, "Plans": [{"Node Type": "Nested Loop", "Parent Relationship": "Outer", "Join Type": "Inner", "Startup Cost": 0.0, "Total Cost": 104941.85, "Plan Rows": 210, "Plan Width": 37, "Actual Min Startup Time": 269.362, "Actual Max Startup Time": 269.362, "Actual Min Total Time": 293.501, "Actual Max Total Time": 293.501, "Actual Total Rows": 33, "Inner Unique": false, "Join Filter": "(t.id = mc.movie_id)", "Rows Removed by Join Filter": 0, "Plans": [{"Node Type": "Nested Loop", "Parent Relationship": "Outer", "Join Type": "Inner", "Startup Cost": 0.0, "Total Cost": 104821.08, "Plan Rows": 311, "Plan Width": 25, "Actual Min Startup Time": 269.323, "Actual Max Startup Time": 269.323, "Actual Min Total Time": 293.416, "Actual Max Total Time": 293.416, "Actual Total Rows": 2, "Inner Unique": true, "Plans": [{"Node Type": "Nested Loop", "Parent Relationship": "Outer", "Join Type": "Inner", "Startup Cost": 0.0, "Total Cost": 104709.2, "Plan Rows": 396, "Plan Width": 29, "Actual Min Startup Time": 91.746, "Actual Max Startup Time": 91.746, "Actual Min Total Time": 287.088, "Actual Max Total Time": 287.088, "Actual Total Rows": 2645, "Inner Unique": false, "Plans": [{"Node Type": "Streaming(type: LOCAL GATHER dop: 1/16)", "Parent Relationship": "Outer", "Startup Cost": 0.0, "Total Cost": 102608.29, "Plan Rows": 258, "Plan Width": 21, "Actual Min Startup Time": 91.698, "Actual Max Startup Time": 91.698, "Actual Min Total Time": 275.04, "Actual Max Total Time": 275.04, "Actual Total Rows": 2536, "Plans": [{"Node Type": "Index Scan", "Parent Relationship": "Outer", "Scan Direction": "Forward", "Index Name": "title_pkey", "Relation Name": "title", "Alias": "t", "Startup Cost": 0.0, "Total Cost": 102602.72, "Plan Rows": 258, "Plan Width": 21, "Actual Min Startup Time": 19.474, "Actual Max Startup Time": 30.706, "Actual Min Total Time": 248.425, "Actual Max Total Time": 288.389, "Actual Total Rows": 2536, "Filter": "((production_year > 2000) AND (((title)::text ~~ 'Birdemic%'::text) OR ((title)::text ~~ '%Movie%'::text)))", "Rows Removed by Filter": 2525775}]}, {"Node Type": "Index Scan", "Parent Relationship": "Inner", "Scan Direction": "Forward", "Index Name": "movie_id_movie_info_idx", "Relation Name": "movie_info_idx", "Alias": "mi_idx", "Startup Cost": 0.0, "Total Cost": 8.12, "Plan Rows": 2, "Plan Width": 8, "Actual Min Startup Time": 9.143, "Actual Max Startup Time": 9.143, "Actual Min Total Time": 10.051, "Actual Max Total Time": 10.051, "Actual Total Rows": 2645, "Index Cond": "(movie_id = t.id)", "Rows Removed by Index Recheck": 0}]}, {"Node Type": "Index Scan", "Parent Relationship": "Inner", "Scan Direction": "Forward", "Index Name": "info_type_pkey", "Relation Name": "info_type", "Alias": "it2", "Startup Cost": 0.0, "Total Cost": 0.27, "Plan Rows": 1, "Plan Width": 4, "Actual Min Startup Time": 5.078, "Actual Max Startup Time": 5.078, "Actual Min Total Time": 5.078, "Actual Max Total Time": 5.078, "Actual Total Rows": 2, "Index Cond": "(id = mi_idx.info_type_id)", "Rows Removed by Index Recheck": 0, "Filter": "((info)::text = 'bottom 10 rank'::text)", "Rows Removed by Filter": 2643}]}, {"Node Type": "Index Scan", "Parent Relationship": "Inner", "Scan Direction": "Forward", "Index Name": "movie_id_movie_companies", "Relation Name": "movie_companies", "Alias": "mc", "Startup Cost": 0.0, "Total Cost": 0.36, "Plan Rows": 2, "Plan Width": 12, "Actual Min Startup Time": 0.023, "Actual Max Startup Time": 0.023, "Actual Min Total Time": 0.043, "Actual Max Total Time": 0.043, "Actual Total Rows": 33, "Index Cond": "(movie_id = mi_idx.movie_id)", "Rows Removed by Index Recheck": 0}]}, {"Node Type": "Index Scan", "Parent Relationship": "Inner", "Scan Direction": "Forward", "Index Name": "movie_id_movie_info", "Relation Name": "movie_info", "Alias": "mi", "Startup Cost": 0.0, "Total Cost": 0.66, "Plan Rows": 5, "Plan Width": 50, "Actual Min Startup Time": 0.517, "Actual Max Startup Time": 0.517, "Actual Min Total Time": 2.695, "Actual Max Total Time": 2.695, "Actual Total Rows": 4959, "Index Cond": "(movie_id = mc.movie_id)", "Rows Removed by Index Recheck": 0}]}, {"Node Type": "Index Scan", "Parent Relationship": "Inner", "Scan Direction": "Forward", "Index Name": "info_type_pkey", "Relation Name": "info_type", "Alias": "it1", "Startup Cost": 0.0, "Total Cost": 0.27, "Plan Rows": 1, "Plan Width": 4, "Actual Min Startup Time": 8.686, "Actual Max Startup Time": 8.686, "Actual Min Total Time": 8.686, "Actual Max Total Time": 8.686, "Actual Total Rows": 33, "Index Cond": "(id = mi.info_type_id)", "Rows Removed by Index Recheck": 0, "Filter": "((info)::text = 'budget'::text)", "Rows Removed by Filter": 4864}]}, {"Node Type": "Index Scan", "Parent Relationship": "Inner", "Scan Direction": "Forward", "Index Name": "company_name_pkey", "Relation Name": "company_name", "Alias": "cn", "Startup Cost": 0.0, "Total Cost": 0.28, "Plan Rows": 1, "Plan Width": 4, "Actual Min Startup Time": 0.196, "Actual Max Startup Time": 0.196, "Actual Min Total Time": 0.196, "Actual Max Total Time": 0.196, "Actual Total Rows": 10, "Index Cond": "(id = mc.company_id)", "Rows Removed by Index Recheck": 0, "Filter": "((country_code)::text = '[us]'::text)", "Rows Removed by Filter": 23}]}, {"Node Type": "Index Scan", "Parent Relationship": "Inner", "Scan Direction": "Forward", "Index Name": "company_type_pkey", "Relation Name": "company_type", "Alias": "ct", "Startup Cost": 0.0, "Total Cost": 0.28, "Plan Rows": 1, "Plan Width": 4, "Actual Min Startup Time": 0.033, "Actual Max Startup Time": 0.033, "Actual Min Total Time": 0.033, "Actual Max Total Time": 0.033, "Actual Total Rows": 5, "Index Cond": "(id = mc.company_type_id)", "Rows Removed by Index Recheck": 0, "Filter": "((kind IS NOT NULL) AND (((kind)::text = 'production companies'::text) OR ((kind)::text = 'distributors'::text)))", "Rows Removed by Filter": 0}]}]}, "Triggers": [], "Planner Runtime": 70.657, "Total Runtime": 312.015, "Unique SQL Id": 1682224415}}, "(16, 86)": {"explain_plan": {"Plan": {"Node Type": "Aggregate", "Strategy": "Plain", "Startup Cost": 24673.51, "Total Cost": 24673.52, "Plan Rows": 1, "Plan Width": 123, "Plans": [{"Node Type": "Merge Join", "Parent Relationship": "Outer", "Join Type": "Inner", "Startup Cost": 24673.3, "Total Cost": 24673.49, "Plan Rows": 4, "Plan Width": 59, "Inner Unique": false, "Merge Cond": "(ct.id = mc.company_type_id)", "Plans": [{"Node Type": "Sort", "Parent Relationship": "Outer", "Startup Cost": 1.05, "Total Cost": 1.06, "Plan Rows": 2, "Plan Width": 4, "Sort Key": ["ct.id"], "Plans": [{"Node Type": "Seq Scan", "Parent Relationship": "Outer", "Relation Name": "company_type", "Alias": "ct", "Startup Cost": 0.0, "Total Cost": 1.04, "Plan Rows": 2, "Plan Width": 4, "Filter": "((kind IS NOT NULL) AND (((kind)::text = 'production companies'::text) OR ((kind)::text = 'distributors'::text)))"}]}, {"Node Type": "Sort", "Parent Relationship": "Inner", "Startup Cost": 24672.21, "Total Cost": 24672.25, "Plan Rows": 14, "Plan Width": 63, "Sort Key": ["mc.company_type_id"], "Plans": [{"Node Type": "Nested Loop", "Parent Relationship": "Outer", "Join Type": "Inner", "Startup Cost": 24608.42, "Total Cost": 24671.94, "Plan Rows": 14, "Plan Width": 63, "Inner Unique": true, "Plans": [{"Node Type": "Nested Loop", "Parent Relationship": "Outer", "Join Type": "Inner", "Startup Cost": 24608.16, "Total Cost": 24650.53, "Plan Rows": 5, "Plan Width": 67, "Inner Unique": false, "Join Filter": "(t.id = mc.movie_id)", "Plans": [{"Node Type": "Merge Join", "Parent Relationship": "Outer", "Join Type": "Inner", "Startup Cost": 24607.89, "Total Cost": 24615.98, "Plan Rows": 8, "Plan Width": 71, "Inner Unique": false, "Merge Cond": "(it1.id = mi.info_type_id)", "Plans": [{"Node Type": "Sort", "Parent Relationship": "Outer", "Startup Cost": 2.41, "Total Cost": 2.42, "Plan Rows": 1, "Plan Width": 4, "Sort Key": ["it1.id"], "Plans": [{"Node Type": "Seq Scan", "Parent Relationship": "Outer", "Relation Name": "info_type", "Alias": "it1", "Startup Cost": 0.0, "Total Cost": 2.4, "Plan Rows": 1, "Plan Width": 4, "Filter": "((info)::text = 'budget'::text)"}]}, {"Node Type": "Sort", "Parent Relationship": "Inner", "Startup Cost": 24605.03, "Total Cost": 24609.18, "Plan Rows": 1659, "Plan Width": 75, "Sort Key": ["mi.info_type_id"], "Plans": [{"Node Type": "Nested Loop", "Parent Relationship": "Outer", "Join Type": "Inner", "Startup Cost": 23089.89, "Total Cost": 24516.31, "Plan Rows": 1659, "Plan Width": 75, "Inner Unique": false, "Join Filter": "(t.id = mi.movie_id)", "Plans": [{"Node Type": "Merge Join", "Parent Relationship": "Outer", "Join Type": "Inner", "Startup Cost": 23089.44, "Total Cost": 23092.41, "Plan Rows": 311, "Plan Width": 25, "Inner Unique": false, "Merge Cond": "(it2.id = mi_idx.info_type_id)", "Plans": [{"Node Type": "Sort", "Parent Relationship": "Outer", "Startup Cost": 2.41, "Total Cost": 2.42, "Plan Rows": 1, "Plan Width": 4, "Sort Key": ["it2.id"], "Plans": [{"Node Type": "Seq Scan", "Parent Relationship": "Outer", "Relation Name": "info_type", "Alias": "it2", "Startup Cost": 0.0, "Total Cost": 2.4, "Plan Rows": 1, "Plan Width": 4, "Filter": "((info)::text = 'bottom 10 rank'::text)"}]}, {"Node Type": "Sort", "Parent Relationship": "Inner", "Startup Cost": 23087.02, "Total Cost": 23088.01, "Plan Rows": 396, "Plan Width": 29, "Sort Key": ["mi_idx.info_type_id"], "Plans": [{"Node Type": "Nested Loop", "Parent Relationship": "Outer", "Join Type": "Inner", "Startup Cost": 4.17, "Total Cost": 23069.93, "Plan Rows": 396, "Plan Width": 29, "Inner Unique": false, "Plans": [{"Node Type": "Streaming(type: LOCAL GATHER dop: 1/16)", "Parent Relationship": "Outer", "Startup Cost": 0.0, "Total Cost": 19945.03, "Plan Rows": 258, "Plan Width": 21, "Plans": [{"Node Type": "Seq Scan", "Parent Relationship": "Outer", "Relation Name": "title", "Alias": "t", "Startup Cost": 0.0, "Total Cost": 19939.47, "Plan Rows": 258, "Plan Width": 21, "Filter": "((production_year > 2000) AND (((title)::text ~~ 'Birdemic%'::text) OR ((title)::text ~~ '%Movie%'::text)))"}]}, {"Node Type": "Bitmap Heap Scan", "Parent Relationship": "Inner", "Relation Name": "movie_info_idx", "Alias": "mi_idx", "Startup Cost": 4.17, "Total Cost": 12.09, "Plan Rows": 2, "Plan Width": 8, "Recheck Cond": "(movie_id = t.id)", "Plans": [{"Node Type": "Bitmap Index Scan", "Parent Relationship": "Outer", "Index Name": "movie_id_movie_info_idx", "Startup Cost": 0.0, "Total Cost": 4.17, "Plan Rows": 2, "Plan Width": 0, "Index Cond": "(movie_id = t.id)"}]}]}]}]}, {"Node Type": "Bitmap Heap Scan", "Parent Relationship": "Inner", "Relation Name": "movie_info", "Alias": "mi", "Startup Cost": 0.45, "Total Cost": 4.52, "Plan Rows": 5, "Plan Width": 50, "Recheck Cond": "(movie_id = mi_idx.movie_id)", "Plans": [{"Node Type": "Bitmap Index Scan", "Parent Relationship": "Outer", "Index Name": "movie_id_movie_info", "Startup Cost": 0.0, "Total Cost": 0.45, "Plan Rows": 5, "Plan Width": 0, "Index Cond": "(movie_id = mi_idx.movie_id)"}]}]}]}]}, {"Node Type": "Bitmap Heap Scan", "Parent Relationship": "Inner", "Relation Name": "movie_companies", "Alias": "mc", "Startup Cost": 0.27, "Total Cost": 4.29, "Plan Rows": 2, "Plan Width": 12, "Recheck Cond": "(movie_id = mi.movie_id)", "Plans": [{"Node Type": "Bitmap Index Scan", "Parent Relationship": "Outer", "Index Name": "movie_id_movie_companies", "Startup Cost": 0.0, "Total Cost": 0.27, "Plan Rows": 2, "Plan Width": 0, "Index Cond": "(movie_id = mi.movie_id)"}]}]}, {"Node Type": "Bitmap Heap Scan", "Parent Relationship": "Inner", "Relation Name": "company_name", "Alias": "cn", "Startup Cost": 0.26, "Total Cost": 4.27, "Plan Rows": 1, "Plan Width": 4, "Recheck Cond": "(id = mc.company_id)", "Filter": "((country_code)::text = '[us]'::text)", "Plans": [{"Node Type": "Bitmap Index Scan", "Parent Relationship": "Outer", "Index Name": "company_name_pkey", "Startup Cost": 0.0, "Total Cost": 0.26, "Plan Rows": 1, "Plan Width": 0, "Index Cond": "(id = mc.company_id)"}]}]}]}]}]}, "Unique SQL Id": 1682224415}, "explain_analyze_plan": {"Plan": {"Node Type": "Aggregate", "Strategy": "Plain", "Startup Cost": 24673.51, "Total Cost": 24673.52, "Plan Rows": 1, "Plan Width": 123, "Actual Min Startup Time": 105.706, "Actual Max Startup Time": 105.706, "Actual Min Total Time": 105.706, "Actual Max Total Time": 105.706, "Actual Total Rows": 1, "Plans": [{"Node Type": "Merge Join", "Parent Relationship": "Outer", "Join Type": "Inner", "Startup Cost": 24673.3, "Total Cost": 24673.49, "Plan Rows": 4, "Plan Width": 59, "Actual Min Startup Time": 105.678, "Actual Max Startup Time": 105.678, "Actual Min Total Time": 105.682, "Actual Max Total Time": 105.682, "Actual Total Rows": 5, "Inner Unique": false, "Merge Cond": "(ct.id = mc.company_type_id)", "Plans": [{"Node Type": "Sort", "Parent Relationship": "Outer", "Startup Cost": 1.05, "Total Cost": 1.06, "Plan Rows": 2, "Plan Width": 4, "Actual Min Startup Time": 0.063, "Actual Max Startup Time": 0.063, "Actual Min Total Time": 0.063, "Actual Max Total Time": 0.063, "Actual Total Rows": 1, "Sort Key": ["ct.id"], "Sort Method": "quicksort", "Sort Space Min Used": 25, "Sort Space Max Used": 25, "Sort Space Type": "Memory", "Plans": [{"Node Type": "Seq Scan", "Parent Relationship": "Outer", "Relation Name": "company_type", "Alias": "ct", "Startup Cost": 0.0, "Total Cost": 1.04, "Plan Rows": 2, "Plan Width": 4, "Actual Min Startup Time": 0.033, "Actual Max Startup Time": 0.033, "Actual Min Total Time": 0.038, "Actual Max Total Time": 0.038, "Actual Total Rows": 1, "Filter": "((kind IS NOT NULL) AND (((kind)::text = 'production companies'::text) OR ((kind)::text = 'distributors'::text)))", "Rows Removed by Filter": 2}]}, {"Node Type": "Sort", "Parent Relationship": "Inner", "Startup Cost": 24672.21, "Total Cost": 24672.25, "Plan Rows": 14, "Plan Width": 63, "Actual Min Startup Time": 105.607, "Actual Max Startup Time": 105.607, "Actual Min Total Time": 105.607, "Actual Max Total Time": 105.607, "Actual Total Rows": 10, "Sort Key": ["mc.company_type_id"], "Sort Method": "quicksort", "Sort Space Min Used": 25, "Sort Space Max Used": 25, "Sort Space Type": "Memory", "Plans": [{"Node Type": "Nested Loop", "Parent Relationship": "Outer", "Join Type": "Inner", "Startup Cost": 24608.42, "Total Cost": 24671.94, "Plan Rows": 14, "Plan Width": 63, "Actual Min Startup Time": 105.307, "Actual Max Startup Time": 105.307, "Actual Min Total Time": 105.586, "Actual Max Total Time": 105.586, "Actual Total Rows": 10, "Inner Unique": true, "Plans": [{"Node Type": "Nested Loop", "Parent Relationship": "Outer", "Join Type": "Inner", "Startup Cost": 24608.16, "Total Cost": 24650.53, "Plan Rows": 5, "Plan Width": 67, "Actual Min Startup Time": 105.282, "Actual Max Startup Time": 105.282, "Actual Min Total Time": 105.33, "Actual Max Total Time": 105.33, "Actual Total Rows": 33, "Inner Unique": false, "Join Filter": "(t.id = mc.movie_id)", "Rows Removed by Join Filter": 0, "Plans": [{"Node Type": "Merge Join", "Parent Relationship": "Outer", "Join Type": "Inner", "Startup Cost": 24607.89, "Total Cost": 24615.98, "Plan Rows": 8, "Plan Width": 71, "Actual Min Startup Time": 105.249, "Actual Max Startup Time": 105.249, "Actual Min Total Time": 105.254, "Actual Max Total Time": 105.254, "Actual Total Rows": 2, "Inner Unique": false, "Merge Cond": "(it1.id = mi.info_type_id)", "Plans": [{"Node Type": "Sort", "Parent Relationship": "Outer", "Startup Cost": 2.41, "Total Cost": 2.42, "Plan Rows": 1, "Plan Width": 4, "Actual Min Startup Time": 0.054, "Actual Max Startup Time": 0.054, "Actual Min Total Time": 0.054, "Actual Max Total Time": 0.054, "Actual Total Rows": 1, "Sort Key": ["it1.id"], "Sort Method": "quicksort", "Sort Space Min Used": 25, "Sort Space Max Used": 25, "Sort Space Type": "Memory", "Plans": [{"Node Type": "Seq Scan", "Parent Relationship": "Outer", "Relation Name": "info_type", "Alias": "it1", "Startup Cost": 0.0, "Total Cost": 2.4, "Plan Rows": 1, "Plan Width": 4, "Actual Min Startup Time": 0.048, "Actual Max Startup Time": 0.048, "Actual Min Total Time": 0.051, "Actual Max Total Time": 0.051, "Actual Total Rows": 1, "Filter": "((info)::text = 'budget'::text)", "Rows Removed by Filter": 111}]}, {"Node Type": "Sort", "Parent Relationship": "Inner", "Startup Cost": 24605.03, "Total Cost": 24609.18, "Plan Rows": 1659, "Plan Width": 75, "Actual Min Startup Time": 105.142, "Actual Max Startup Time": 105.142, "Actual Min Total Time": 105.156, "Actual Max Total Time": 105.156, "Actual Total Rows": 191, "Sort Key": ["mi.info_type_id"], "Sort Method": "quicksort", "Sort Space Min Used": 72, "Sort Space Max Used": 72, "Sort Space Type": "Memory", "Plans": [{"Node Type": "Nested Loop", "Parent Relationship": "Outer", "Join Type": "Inner", "Startup Cost": 23089.89, "Total Cost": 24516.31, "Plan Rows": 1659, "Plan Width": 75, "Actual Min Startup Time": 104.733, "Actual Max Startup Time": 104.733, "Actual Min Total Time": 105.026, "Actual Max Total Time": 105.026, "Actual Total Rows": 221, "Inner Unique": false, "Join Filter": "(t.id = mi.movie_id)", "Rows Removed by Join Filter": 0, "Plans": [{"Node Type": "Merge Join", "Parent Relationship": "Outer", "Join Type": "Inner", "Startup Cost": 23089.44, "Total Cost": 23092.41, "Plan Rows": 311, "Plan Width": 25, "Actual Min Startup Time": 104.678, "Actual Max Startup Time": 104.678, "Actual Min Total Time": 104.714, "Actual Max Total Time": 104.714, "Actual Total Rows": 2, "Inner Unique": false, "Merge Cond": "(it2.id = mi_idx.info_type_id)", "Plans": [{"Node Type": "Sort", "Parent Relationship": "Outer", "Startup Cost": 2.41, "Total Cost": 2.42, "Plan Rows": 1, "Plan Width": 4, "Actual Min Startup Time": 0.048, "Actual Max Startup Time": 0.048, "Actual Min Total Time": 0.048, "Actual Max Total Time": 0.048, "Actual Total Rows": 1, "Sort Key": ["it2.id"], "Sort Method": "quicksort", "Sort Space Min Used": 25, "Sort Space Max Used": 25, "Sort Space Type": "Memory", "Plans": [{"Node Type": "Seq Scan", "Parent Relationship": "Outer", "Relation Name": "info_type", "Alias": "it2", "Startup Cost": 0.0, "Total Cost": 2.4, "Plan Rows": 1, "Plan Width": 4, "Actual Min Startup Time": 0.043, "Actual Max Startup Time": 0.043, "Actual Min Total Time": 0.044, "Actual Max Total Time": 0.044, "Actual Total Rows": 1, "Filter": "((info)::text = 'bottom 10 rank'::text)", "Rows Removed by Filter": 111}]}, {"Node Type": "Sort", "Parent Relationship": "Inner", "Startup Cost": 23087.02, "Total Cost": 23088.01, "Plan Rows": 396, "Plan Width": 29, "Actual Min Startup Time": 104.011, "Actual Max Startup Time": 104.011, "Actual Min Total Time": 104.251, "Actual Max Total Time": 104.251, "Actual Total Rows": 2645, "Sort Key": ["mi_idx.info_type_id"], "Sort Method": "quicksort", "Sort Space Min Used": 414, "Sort Space Max Used": 414, "Sort Space Type": "Memory", "Plans": [{"Node Type": "Nested Loop", "Parent Relationship": "Outer", "Join Type": "Inner", "Startup Cost": 4.17, "Total Cost": 23069.93, "Plan Rows": 396, "Plan Width": 29, "Actual Min Startup Time": 76.761, "Actual Max Startup Time": 76.761, "Actual Min Total Time": 103.035, "Actual Max Total Time": 103.035, "Actual Total Rows": 2645, "Inner Unique": false, "Plans": [{"Node Type": "Streaming(type: LOCAL GATHER dop: 1/16)", "Parent Relationship": "Outer", "Startup Cost": 0.0, "Total Cost": 19945.03, "Plan Rows": 258, "Plan Width": 21, "Actual Min Startup Time": 76.662, "Actual Max Startup Time": 76.662, "Actual Min Total Time": 87.559, "Actual Max Total Time": 87.559, "Actual Total Rows": 2536, "Plans": [{"Node Type": "Seq Scan", "Parent Relationship": "Outer", "Relation Name": "title", "Alias": "t", "Startup Cost": 0.0, "Total Cost": 19939.47, "Plan Rows": 258, "Plan Width": 21, "Actual Min Startup Time": 0.057, "Actual Max Startup Time": 5.371, "Actual Min Total Time": 80.055, "Actual Max Total Time": 84.566, "Actual Total Rows": 2536, "Filter": "((production_year > 2000) AND (((title)::text ~~ 'Birdemic%'::text) OR ((title)::text ~~ '%Movie%'::text)))", "Rows Removed by Filter": 2525775}]}, {"Node Type": "Bitmap Heap Scan", "Parent Relationship": "Inner", "Relation Name": "movie_info_idx", "Alias": "mi_idx", "Startup Cost": 4.17, "Total Cost": 12.09, "Plan Rows": 2, "Plan Width": 8, "Actual Min Startup Time": 11.789, "Actual Max Startup Time": 11.789, "Actual Min Total Time": 12.161, "Actual Max Total Time": 12.161, "Actual Total Rows": 2645, "Recheck Cond": "(movie_id = t.id)", "Rows Removed by Index Recheck": 0, "Exact Heap Blocks": 890, "Lossy Heap Blocks": 890, "Plans": [{"Node Type": "Bitmap Index Scan", "Parent Relationship": "Outer", "Index Name": "movie_id_movie_info_idx", "Startup Cost": 0.0, "Total Cost": 4.17, "Plan Rows": 2, "Plan Width": 0, "Actual Min Startup Time": 8.632, "Actual Max Startup Time": 8.632, "Actual Min Total Time": 8.632, "Actual Max Total Time": 8.632, "Actual Total Rows": 2645, "Index Cond": "(movie_id = t.id)"}]}]}]}]}, {"Node Type": "Bitmap Heap Scan", "Parent Relationship": "Inner", "Relation Name": "movie_info", "Alias": "mi", "Startup Cost": 0.45, "Total Cost": 4.52, "Plan Rows": 5, "Plan Width": 50, "Actual Min Startup Time": 0.066, "Actual Max Startup Time": 0.066, "Actual Min Total Time": 0.21, "Actual Max Total Time": 0.21, "Actual Total Rows": 221, "Recheck Cond": "(movie_id = mi_idx.movie_id)", "Rows Removed by Index Recheck": 0, "Exact Heap Blocks": 40, "Lossy Heap Blocks": 40, "Plans": [{"Node Type": "Bitmap Index Scan", "Parent Relationship": "Outer", "Index Name": "movie_id_movie_info", "Startup Cost": 0.0, "Total Cost": 0.45, "Plan Rows": 5, "Plan Width": 0, "Actual Min Startup Time": 0.049, "Actual Max Startup Time": 0.049, "Actual Min Total Time": 0.049, "Actual Max Total Time": 0.049, "Actual Total Rows": 221, "Index Cond": "(movie_id = mi_idx.movie_id)"}]}]}]}]}, {"Node Type": "Bitmap Heap Scan", "Parent Relationship": "Inner", "Relation Name": "movie_companies", "Alias": "mc", "Startup Cost": 0.27, "Total Cost": 4.29, "Plan Rows": 2, "Plan Width": 12, "Actual Min Startup Time": 0.046, "Actual Max Startup Time": 0.046, "Actual Min Total Time": 0.056, "Actual Max Total Time": 0.056, "Actual Total Rows": 33, "Recheck Cond": "(movie_id = mi.movie_id)", "Rows Removed by Index Recheck": 0, "Exact Heap Blocks": 4, "Lossy Heap Blocks": 4, "Plans": [{"Node Type": "Bitmap Index Scan", "Parent Relationship": "Outer", "Index Name": "movie_id_movie_companies", "Startup Cost": 0.0, "Total Cost": 0.27, "Plan Rows": 2, "Plan Width": 0, "Actual Min Startup Time": 0.024, "Actual Max Startup Time": 0.024, "Actual Min Total Time": 0.024, "Actual Max Total Time": 0.024, "Actual Total Rows": 33, "Index Cond": "(movie_id = mi.movie_id)"}]}]}, {"Node Type": "Bitmap Heap Scan", "Parent Relationship": "Inner", "Relation Name": "company_name", "Alias": "cn", "Startup Cost": 0.26, "Total Cost": 4.27, "Plan Rows": 1, "Plan Width": 4, "Actual Min Startup Time": 0.215, "Actual Max Startup Time": 0.215, "Actual Min Total Time": 0.215, "Actual Max Total Time": 0.215, "Actual Total Rows": 10, "Recheck Cond": "(id = mc.company_id)", "Rows Removed by Index Recheck": 0, "Filter": "((country_code)::text = '[us]'::text)", "Rows Removed by Filter": 23, "Exact Heap Blocks": 33, "Lossy Heap Blocks": 33, "Plans": [{"Node Type": "Bitmap Index Scan", "Parent Relationship": "Outer", "Index Name": "company_name_pkey", "Startup Cost": 0.0, "Total Cost": 0.26, "Plan Rows": 1, "Plan Width": 0, "Actual Min Startup Time": 0.114, "Actual Max Startup Time": 0.114, "Actual Min Total Time": 0.114, "Actual Max Total Time": 0.114, "Actual Total Rows": 33, "Index Cond": "(id = mc.company_id)"}]}]}]}]}]}, "Triggers": [], "Planner Runtime": 61.584, "Total Runtime": 108.618, "Unique SQL Id": 1682224415}}, "(16, 87)": {"explain_plan": {"Plan": {"Node Type": "Aggregate", "Strategy": "Plain", "Startup Cost": 133478.65, "Total Cost": 133478.66, "Plan Rows": 1, "Plan Width": 123, "Plans": [{"Node Type": "Merge Join", "Parent Relationship": "Outer", "Join Type": "Inner", "Startup Cost": 133478.45, "Total Cost": 133478.63, "Plan Rows": 4, "Plan Width": 59, "Inner Unique": false, "Merge Cond": "(ct.id = mc.company_type_id)", "Plans": [{"Node Type": "Sort", "Parent Relationship": "Outer", "Startup Cost": 12.32, "Total Cost": 12.33, "Plan Rows": 2, "Plan Width": 4, "Sort Key": ["ct.id"], "Plans": [{"Node Type": "Bitmap Heap Scan", "Parent Relationship": "Outer", "Relation Name": "company_type", "Alias": "ct", "Startup Cost": 8.27, "Total Cost": 12.31, "Plan Rows": 2, "Plan Width": 4, "Filter": "((kind IS NOT NULL) AND (((kind)::text = 'production companies'::text) OR ((kind)::text = 'distributors'::text)))", "Plans": [{"Node Type": "Bitmap Index Scan", "Parent Relationship": "Outer", "Index Name": "company_type_pkey", "Startup Cost": 0.0, "Total Cost": 8.27, "Plan Rows": 3, "Plan Width": 0}]}]}, {"Node Type": "Sort", "Parent Relationship": "Inner", "Startup Cost": 133466.09, "Total Cost": 133466.13, "Plan Rows": 14, "Plan Width": 63, "Sort Key": ["mc.company_type_id"], "Plans": [{"Node Type": "Nested Loop", "Parent Relationship": "Outer", "Join Type": "Inner", "Startup Cost": 133372.32, "Total Cost": 133465.83, "Plan Rows": 14, "Plan Width": 63, "Inner Unique": true, "Plans": [{"Node Type": "Nested Loop", "Parent Relationship": "Outer", "Join Type": "Inner", "Startup Cost": 133372.06, "Total Cost": 133414.43, "Plan Rows": 12, "Plan Width": 67, "Inner Unique": false, "Join Filter": "(t.id = mc.movie_id)", "Plans": [{"Node Type": "Merge Join", "Parent Relationship": "Outer", "Join Type": "Inner", "Startup Cost": 133371.79, "Total Cost": 133379.88, "Plan Rows": 8, "Plan Width": 71, "Inner Unique": false, "Merge Cond": "(it1.id = mi.info_type_id)", "Plans": [{"Node Type": "Sort", "Parent Relationship": "Outer", "Startup Cost": 14.22, "Total Cost": 14.23, "Plan Rows": 1, "Plan Width": 4, "Sort Key": ["it1.id"], "Plans": [{"Node Type": "Bitmap Heap Scan", "Parent Relationship": "Outer", "Relation Name": "info_type", "Alias": "it1", "Startup Cost": 8.81, "Total Cost": 14.21, "Plan Rows": 1, "Plan Width": 4, "Filter": "((info)::text = 'budget'::text)", "Plans": [{"Node Type": "Bitmap Index Scan", "Parent Relationship": "Outer", "Index Name": "info_type_pkey", "Startup Cost": 0.0, "Total Cost": 8.81, "Plan Rows": 112, "Plan Width": 0}]}]}, {"Node Type": "Sort", "Parent Relationship": "Inner", "Startup Cost": 133357.12, "Total Cost": 133361.27, "Plan Rows": 1659, "Plan Width": 75, "Sort Key": ["mi.info_type_id"], "Plans": [{"Node Type": "Nested Loop", "Parent Relationship": "Outer", "Join Type": "Inner", "Startup Cost": 131841.98, "Total Cost": 133268.4, "Plan Rows": 1659, "Plan Width": 75, "Inner Unique": false, "Join Filter": "(t.id = mi.movie_id)", "Plans": [{"Node Type": "Merge Join", "Parent Relationship": "Outer", "Join Type": "Inner", "Startup Cost": 131841.53, "Total Cost": 131844.5, "Plan Rows": 311, "Plan Width": 25, "Inner Unique": false, "Merge Cond": "(it2.id = mi_idx.info_type_id)", "Plans": [{"Node Type": "Sort", "Parent Relationship": "Outer", "Startup Cost": 14.22, "Total Cost": 14.23, "Plan Rows": 1, "Plan Width": 4, "Sort Key": ["it2.id"], "Plans": [{"Node Type": "Bitmap Heap Scan", "Parent Relationship": "Outer", "Relation Name": "info_type", "Alias": "it2", "Startup Cost": 8.81, "Total Cost": 14.21, "Plan Rows": 1, "Plan Width": 4, "Filter": "((info)::text = 'bottom 10 rank'::text)", "Plans": [{"Node Type": "Bitmap Index Scan", "Parent Relationship": "Outer", "Index Name": "info_type_pkey", "Startup Cost": 0.0, "Total Cost": 8.81, "Plan Rows": 112, "Plan Width": 0}]}]}, {"Node Type": "Sort", "Parent Relationship": "Inner", "Startup Cost": 131827.3, "Total Cost": 131828.29, "Plan Rows": 396, "Plan Width": 29, "Sort Key": ["mi_idx.info_type_id"], "Plans": [{"Node Type": "Nested Loop", "Parent Relationship": "Outer", "Join Type": "Inner", "Startup Cost": 49658.04, "Total Cost": 131810.21, "Plan Rows": 396, "Plan Width": 29, "Inner Unique": false, "Plans": [{"Node Type": "Bitmap Heap Scan", "Parent Relationship": "Outer", "Relation Name": "title", "Alias": "t", "Startup Cost": 49653.87, "Total Cost": 128685.31, "Plan Rows": 258, "Plan Width": 21, "Filter": "((production_year > 2000) AND (((title)::text ~~ 'Birdemic%'::text) OR ((title)::text ~~ '%Movie%'::text)))", "Plans": [{"Node Type": "Bitmap Index Scan", "Parent Relationship": "Outer", "Index Name": "title_pkey", "Startup Cost": 0.0, "Total Cost": 49653.81, "Plan Rows": 2528311, "Plan Width": 0}]}, {"Node Type": "Bitmap Heap Scan", "Parent Relationship": "Inner", "Relation Name": "movie_info_idx", "Alias": "mi_idx", "Startup Cost": 4.17, "Total Cost": 12.09, "Plan Rows": 2, "Plan Width": 8, "Recheck Cond": "(movie_id = t.id)", "Plans": [{"Node Type": "Bitmap Index Scan", "Parent Relationship": "Outer", "Index Name": "movie_id_movie_info_idx", "Startup Cost": 0.0, "Total Cost": 4.17, "Plan Rows": 2, "Plan Width": 0, "Index Cond": "(movie_id = t.id)"}]}]}]}]}, {"Node Type": "Bitmap Heap Scan", "Parent Relationship": "Inner", "Relation Name": "movie_info", "Alias": "mi", "Startup Cost": 0.45, "Total Cost": 4.52, "Plan Rows": 5, "Plan Width": 50, "Recheck Cond": "(movie_id = mi_idx.movie_id)", "Plans": [{"Node Type": "Bitmap Index Scan", "Parent Relationship": "Outer", "Index Name": "movie_id_movie_info", "Startup Cost": 0.0, "Total Cost": 0.45, "Plan Rows": 5, "Plan Width": 0, "Index Cond": "(movie_id = mi_idx.movie_id)"}]}]}]}]}, {"Node Type": "Bitmap Heap Scan", "Parent Relationship": "Inner", "Relation Name": "movie_companies", "Alias": "mc", "Startup Cost": 0.27, "Total Cost": 4.29, "Plan Rows": 2, "Plan Width": 12, "Recheck Cond": "(movie_id = mi.movie_id)", "Plans": [{"Node Type": "Bitmap Index Scan", "Parent Relationship": "Outer", "Index Name": "movie_id_movie_companies", "Startup Cost": 0.0, "Total Cost": 0.27, "Plan Rows": 2, "Plan Width": 0, "Index Cond": "(movie_id = mi.movie_id)"}]}]}, {"Node Type": "Bitmap Heap Scan", "Parent Relationship": "Inner", "Relation Name": "company_name", "Alias": "cn", "Startup Cost": 0.26, "Total Cost": 4.27, "Plan Rows": 1, "Plan Width": 4, "Recheck Cond": "(id = mc.company_id)", "Filter": "((country_code)::text = '[us]'::text)", "Plans": [{"Node Type": "Bitmap Index Scan", "Parent Relationship": "Outer", "Index Name": "company_name_pkey", "Startup Cost": 0.0, "Total Cost": 0.26, "Plan Rows": 1, "Plan Width": 0, "Index Cond": "(id = mc.company_id)"}]}]}]}]}]}, "Unique SQL Id": 1682224415}, "explain_analyze_plan": null}, "(16, 88)": {"explain_plan": {"Plan": {"Node Type": "Aggregate", "Strategy": "Plain", "Startup Cost": 22498.88, "Total Cost": 22498.89, "Plan Rows": 1, "Plan Width": 123, "Plans": [{"Node Type": "Nested Loop", "Parent Relationship": "Outer", "Join Type": "Inner", "Startup Cost": 22490.81, "Total Cost": 22498.86, "Plan Rows": 4, "Plan Width": 59, "Inner Unique": true, "Plans": [{"Node Type": "Nested Loop", "Parent Relationship": "Outer", "Join Type": "Inner", "Startup Cost": 22490.81, "Total Cost": 22497.72, "Plan Rows": 4, "Plan Width": 63, "Inner Unique": true, "Plans": [{"Node Type": "Merge Join", "Parent Relationship": "Outer", "Join Type": "Inner", "Startup Cost": 22490.81, "Total Cost": 22496.28, "Plan Rows": 5, "Plan Width": 67, "Inner Unique": false, "Merge Cond": "(it1.id = mi.info_type_id)", "Plans": [{"Node Type": "Sort", "Parent Relationship": "Outer", "Startup Cost": 2.41, "Total Cost": 2.42, "Plan Rows": 1, "Plan Width": 4, "Sort Key": ["it1.id"], "Plans": [{"Node Type": "Seq Scan", "Parent Relationship": "Outer", "Relation Name": "info_type", "Alias": "it1", "Startup Cost": 0.0, "Total Cost": 2.4, "Plan Rows": 1, "Plan Width": 4, "Filter": "((info)::text = 'budget'::text)"}]}, {"Node Type": "Sort", "Parent Relationship": "Inner", "Startup Cost": 22488.09, "Total Cost": 22490.9, "Plan Rows": 1122, "Plan Width": 71, "Sort Key": ["mi.info_type_id"], "Plans": [{"Node Type": "Nested Loop", "Parent Relationship": "Outer", "Join Type": "Inner", "Startup Cost": 0.0, "Total Cost": 22431.25, "Plan Rows": 1122, "Plan Width": 71, "Inner Unique": false, "Join Filter": "(t.id = mi.movie_id)", "Plans": [{"Node Type": "Nested Loop", "Parent Relationship": "Outer", "Join Type": "Inner", "Startup Cost": 0.0, "Total Cost": 22278.59, "Plan Rows": 210, "Plan Width": 37, "Inner Unique": false, "Join Filter": "(t.id = mc.movie_id)", "Plans": [{"Node Type": "Nested Loop", "Parent Relationship": "Outer", "Join Type": "Inner", "Startup Cost": 0.0, "Total Cost": 22157.82, "Plan Rows": 311, "Plan Width": 25, "Inner Unique": true, "Plans": [{"Node Type": "Nested Loop", "Parent Relationship": "Outer", "Join Type": "Inner", "Startup Cost": 0.0, "Total Cost": 22045.95, "Plan Rows": 396, "Plan Width": 29, "Inner Unique": false, "Plans": [{"Node Type": "Streaming(type: LOCAL GATHER dop: 1/16)", "Parent Relationship": "Outer", "Startup Cost": 0.0, "Total Cost": 19945.03, "Plan Rows": 258, "Plan Width": 21, "Plans": [{"Node Type": "Seq Scan", "Parent Relationship": "Outer", "Relation Name": "title", "Alias": "t", "Startup Cost": 0.0, "Total Cost": 19939.47, "Plan Rows": 258, "Plan Width": 21, "Filter": "((production_year > 2000) AND (((title)::text ~~ 'Birdemic%'::text) OR ((title)::text ~~ '%Movie%'::text)))"}]}, {"Node Type": "Index Scan", "Parent Relationship": "Inner", "Scan Direction": "Forward", "Index Name": "movie_id_movie_info_idx", "Relation Name": "movie_info_idx", "Alias": "mi_idx", "Startup Cost": 0.0, "Total Cost": 8.12, "Plan Rows": 2, "Plan Width": 8, "Index Cond": "(movie_id = t.id)"}]}, {"Node Type": "Index Scan", "Parent Relationship": "Inner", "Scan Direction": "Forward", "Index Name": "info_type_pkey", "Relation Name": "info_type", "Alias": "it2", "Startup Cost": 0.0, "Total Cost": 0.27, "Plan Rows": 1, "Plan Width": 4, "Index Cond": "(id = mi_idx.info_type_id)", "Filter": "((info)::text = 'bottom 10 rank'::text)"}]}, {"Node Type": "Index Scan", "Parent Relationship": "Inner", "Scan Direction": "Forward", "Index Name": "movie_id_movie_companies", "Relation Name": "movie_companies", "Alias": "mc", "Startup Cost": 0.0, "Total Cost": 0.36, "Plan Rows": 2, "Plan Width": 12, "Index Cond": "(movie_id = mi_idx.movie_id)"}]}, {"Node Type": "Index Scan", "Parent Relationship": "Inner", "Scan Direction": "Forward", "Index Name": "movie_id_movie_info", "Relation Name": "movie_info", "Alias": "mi", "Startup Cost": 0.0, "Total Cost": 0.66, "Plan Rows": 5, "Plan Width": 50, "Index Cond": "(movie_id = mc.movie_id)"}]}]}]}, {"Node Type": "Index Scan", "Parent Relationship": "Inner", "Scan Direction": "Forward", "Index Name": "company_name_pkey", "Relation Name": "company_name", "Alias": "cn", "Startup Cost": 0.0, "Total Cost": 0.28, "Plan Rows": 1, "Plan Width": 4, "Index Cond": "(id = mc.company_id)", "Filter": "((country_code)::text = '[us]'::text)"}]}, {"Node Type": "Index Scan", "Parent Relationship": "Inner", "Scan Direction": "Forward", "Index Name": "company_type_pkey", "Relation Name": "company_type", "Alias": "ct", "Startup Cost": 0.0, "Total Cost": 0.28, "Plan Rows": 1, "Plan Width": 4, "Index Cond": "(id = mc.company_type_id)", "Filter": "((kind IS NOT NULL) AND (((kind)::text = 'production companies'::text) OR ((kind)::text = 'distributors'::text)))"}]}]}, "Unique SQL Id": 1682224415}, "explain_analyze_plan": {"Plan": {"Node Type": "Aggregate", "Strategy": "Plain", "Startup Cost": 22498.88, "Total Cost": 22498.89, "Plan Rows": 1, "Plan Width": 123, "Actual Min Startup Time": 114.278, "Actual Max Startup Time": 114.278, "Actual Min Total Time": 114.278, "Actual Max Total Time": 114.278, "Actual Total Rows": 1, "Plans": [{"Node Type": "Nested Loop", "Parent Relationship": "Outer", "Join Type": "Inner", "Startup Cost": 22490.81, "Total Cost": 22498.86, "Plan Rows": 4, "Plan Width": 59, "Actual Min Startup Time": 114.009, "Actual Max Startup Time": 114.009, "Actual Min Total Time": 114.249, "Actual Max Total Time": 114.249, "Actual Total Rows": 5, "Inner Unique": true, "Plans": [{"Node Type": "Nested Loop", "Parent Relationship": "Outer", "Join Type": "Inner", "Startup Cost": 22490.81, "Total Cost": 22497.72, "Plan Rows": 4, "Plan Width": 63, "Actual Min Startup Time": 113.996, "Actual Max Startup Time": 113.996, "Actual Min Total Time": 114.219, "Actual Max Total Time": 114.219, "Actual Total Rows": 10, "Inner Unique": true, "Plans": [{"Node Type": "Merge Join", "Parent Relationship": "Outer", "Join Type": "Inner", "Startup Cost": 22490.81, "Total Cost": 22496.28, "Plan Rows": 5, "Plan Width": 67, "Actual Min Startup Time": 113.929, "Actual Max Startup Time": 113.929, "Actual Min Total Time": 113.99, "Actual Max Total Time": 113.99, "Actual Total Rows": 33, "Inner Unique": false, "Merge Cond": "(it1.id = mi.info_type_id)", "Plans": [{"Node Type": "Sort", "Parent Relationship": "Outer", "Startup Cost": 2.41, "Total Cost": 2.42, "Plan Rows": 1, "Plan Width": 4, "Actual Min Startup Time": 0.117, "Actual Max Startup Time": 0.117, "Actual Min Total Time": 0.117, "Actual Max Total Time": 0.117, "Actual Total Rows": 1, "Sort Key": ["it1.id"], "Sort Method": "quicksort", "Sort Space Min Used": 25, "Sort Space Max Used": 25, "Sort Space Type": "Memory", "Plans": [{"Node Type": "Seq Scan", "Parent Relationship": "Outer", "Relation Name": "info_type", "Alias": "it1", "Startup Cost": 0.0, "Total Cost": 2.4, "Plan Rows": 1, "Plan Width": 4, "Actual Min Startup Time": 0.084, "Actual Max Startup Time": 0.084, "Actual Min Total Time": 0.089, "Actual Max Total Time": 0.089, "Actual Total Rows": 1, "Filter": "((info)::text = 'budget'::text)", "Rows Removed by Filter": 111}]}, {"Node Type": "Sort", "Parent Relationship": "Inner", "Startup Cost": 22488.09, "Total Cost": 22490.9, "Plan Rows": 1122, "Plan Width": 71, "Actual Min Startup Time": 112.673, "Actual Max Startup Time": 112.673, "Actual Min Total Time": 113.159, "Actual Max Total Time": 113.159, "Actual Total Rows": 4061, "Sort Key": ["mi.info_type_id"], "Sort Method": "quicksort", "Sort Space Min Used": 1164, "Sort Space Max Used": 1164, "Sort Space Type": "Memory", "Plans": [{"Node Type": "Nested Loop", "Parent Relationship": "Outer", "Join Type": "Inner", "Startup Cost": 0.0, "Total Cost": 22431.25, "Plan Rows": 1122, "Plan Width": 71, "Actual Min Startup Time": 82.308, "Actual Max Startup Time": 82.308, "Actual Min Total Time": 110.592, "Actual Max Total Time": 110.592, "Actual Total Rows": 4959, "Inner Unique": false, "Join Filter": "(t.id = mi.movie_id)", "Rows Removed by Join Filter": 0, "Plans": [{"Node Type": "Nested Loop", "Parent Relationship": "Outer", "Join Type": "Inner", "Startup Cost": 0.0, "Total Cost": 22278.59, "Plan Rows": 210, "Plan Width": 37, "Actual Min Startup Time": 82.275, "Actual Max Startup Time": 82.275, "Actual Min Total Time": 106.43, "Actual Max Total Time": 106.43, "Actual Total Rows": 33, "Inner Unique": false, "Join Filter": "(t.id = mc.movie_id)", "Rows Removed by Join Filter": 0, "Plans": [{"Node Type": "Nested Loop", "Parent Relationship": "Outer", "Join Type": "Inner", "Startup Cost": 0.0, "Total Cost": 22157.82, "Plan Rows": 311, "Plan Width": 25, "Actual Min Startup Time": 82.245, "Actual Max Startup Time": 82.245, "Actual Min Total Time": 106.351, "Actual Max Total Time": 106.351, "Actual Total Rows": 2, "Inner Unique": true, "Plans": [{"Node Type": "Nested Loop", "Parent Relationship": "Outer", "Join Type": "Inner", "Startup Cost": 0.0, "Total Cost": 22045.95, "Plan Rows": 396, "Plan Width": 29, "Actual Min Startup Time": 78.501, "Actual Max Startup Time": 78.501, "Actual Min Total Time": 100.142, "Actual Max Total Time": 100.142, "Actual Total Rows": 2645, "Inner Unique": false, "Plans": [{"Node Type": "Streaming(type: LOCAL GATHER dop: 1/16)", "Parent Relationship": "Outer", "Startup Cost": 0.0, "Total Cost": 19945.03, "Plan Rows": 258, "Plan Width": 21, "Actual Min Startup Time": 78.44, "Actual Max Startup Time": 78.44, "Actual Min Total Time": 87.941, "Actual Max Total Time": 87.941, "Actual Total Rows": 2536, "Plans": [{"Node Type": "Seq Scan", "Parent Relationship": "Outer", "Relation Name": "title", "Alias": "t", "Startup Cost": 0.0, "Total Cost": 19939.47, "Plan Rows": 258, "Plan Width": 21, "Actual Min Startup Time": 0.057, "Actual Max Startup Time": 5.377, "Actual Min Total Time": 80.074, "Actual Max Total Time": 84.618, "Actual Total Rows": 2536, "Filter": "((production_year > 2000) AND (((title)::text ~~ 'Birdemic%'::text) OR ((title)::text ~~ '%Movie%'::text)))", "Rows Removed by Filter": 2525775}]}, {"Node Type": "Index Scan", "Parent Relationship": "Inner", "Scan Direction": "Forward", "Index Name": "movie_id_movie_info_idx", "Relation Name": "movie_info_idx", "Alias": "mi_idx", "Startup Cost": 0.0, "Total Cost": 8.12, "Plan Rows": 2, "Plan Width": 8, "Actual Min Startup Time": 9.381, "Actual Max Startup Time": 9.381, "Actual Min Total Time": 10.347, "Actual Max Total Time": 10.347, "Actual Total Rows": 2645, "Index Cond": "(movie_id = t.id)", "Rows Removed by Index Recheck": 0}]}, {"Node Type": "Index Scan", "Parent Relationship": "Inner", "Scan Direction": "Forward", "Index Name": "info_type_pkey", "Relation Name": "info_type", "Alias": "it2", "Startup Cost": 0.0, "Total Cost": 0.27, "Plan Rows": 1, "Plan Width": 4, "Actual Min Startup Time": 4.976, "Actual Max Startup Time": 4.976, "Actual Min Total Time": 4.976, "Actual Max Total Time": 4.976, "Actual Total Rows": 2, "Index Cond": "(id = mi_idx.info_type_id)", "Rows Removed by Index Recheck": 0, "Filter": "((info)::text = 'bottom 10 rank'::text)", "Rows Removed by Filter": 2643}]}, {"Node Type": "Index Scan", "Parent Relationship": "Inner", "Scan Direction": "Forward", "Index Name": "movie_id_movie_companies", "Relation Name": "movie_companies", "Alias": "mc", "Startup Cost": 0.0, "Total Cost": 0.36, "Plan Rows": 2, "Plan Width": 12, "Actual Min Startup Time": 0.021, "Actual Max Startup Time": 0.021, "Actual Min Total Time": 0.036, "Actual Max Total Time": 0.036, "Actual Total Rows": 33, "Index Cond": "(movie_id = mi_idx.movie_id)", "Rows Removed by Index Recheck": 0}]}, {"Node Type": "Index Scan", "Parent Relationship": "Inner", "Scan Direction": "Forward", "Index Name": "movie_id_movie_info", "Relation Name": "movie_info", "Alias": "mi", "Startup Cost": 0.0, "Total Cost": 0.66, "Plan Rows": 5, "Plan Width": 50, "Actual Min Startup Time": 0.514, "Actual Max Startup Time": 0.514, "Actual Min Total Time": 2.537, "Actual Max Total Time": 2.537, "Actual Total Rows": 4959, "Index Cond": "(movie_id = mc.movie_id)", "Rows Removed by Index Recheck": 0}]}]}]}, {"Node Type": "Index Scan", "Parent Relationship": "Inner", "Scan Direction": "Forward", "Index Name": "company_name_pkey", "Relation Name": "company_name", "Alias": "cn", "Startup Cost": 0.0, "Total Cost": 0.28, "Plan Rows": 1, "Plan Width": 4, "Actual Min Startup Time": 0.202, "Actual Max Startup Time": 0.202, "Actual Min Total Time": 0.202, "Actual Max Total Time": 0.202, "Actual Total Rows": 10, "Index Cond": "(id = mc.company_id)", "Rows Removed by Index Recheck": 0, "Filter": "((country_code)::text = '[us]'::text)", "Rows Removed by Filter": 23}]}, {"Node Type": "Index Scan", "Parent Relationship": "Inner", "Scan Direction": "Forward", "Index Name": "company_type_pkey", "Relation Name": "company_type", "Alias": "ct", "Startup Cost": 0.0, "Total Cost": 0.28, "Plan Rows": 1, "Plan Width": 4, "Actual Min Startup Time": 0.019, "Actual Max Startup Time": 0.019, "Actual Min Total Time": 0.019, "Actual Max Total Time": 0.019, "Actual Total Rows": 5, "Index Cond": "(id = mc.company_type_id)", "Rows Removed by Index Recheck": 0, "Filter": "((kind IS NOT NULL) AND (((kind)::text = 'production companies'::text) OR ((kind)::text = 'distributors'::text)))", "Rows Removed by Filter": 0}]}]}, "Triggers": [], "Planner Runtime": 65.311, "Total Runtime": 117.662, "Unique SQL Id": 1682224415}}, "(16, 89)": {"explain_plan": {"Plan": {"Node Type": "Aggregate", "Strategy": "Plain", "Startup Cost": 105395.96, "Total Cost": 105395.97, "Plan Rows": 1, "Plan Width": 123, "Plans": [{"Node Type": "Nested Loop", "Parent Relationship": "Outer", "Join Type": "Inner", "Startup Cost": 0.0, "Total Cost": 105395.94, "Plan Rows": 4, "Plan Width": 59, "Inner Unique": true, "Plans": [{"Node Type": "Nested Loop", "Parent Relationship": "Outer", "Join Type": "Inner", "Startup Cost": 0.0, "Total Cost": 105394.8, "Plan Rows": 4, "Plan Width": 63, "Inner Unique": true, "Plans": [{"Node Type": "Nested Loop", "Parent Relationship": "Outer", "Join Type": "Inner", "Startup Cost": 0.0, "Total Cost": 105325.02, "Plan Rows": 247, "Plan Width": 67, "Inner Unique": false, "Join Filter": "(t.id = mi.movie_id)", "Plans": [{"Node Type": "Nested Loop", "Parent Relationship": "Outer", "Join Type": "Inner", "Startup Cost": 0.0, "Total Cost": 105002.25, "Plan Rows": 444, "Plan Width": 33, "Inner Unique": true, "Plans": [{"Node Type": "Nested Loop", "Parent Relationship": "Outer", "Join Type": "Inner", "Startup Cost": 0.0, "Total Cost": 104941.85, "Plan Rows": 210, "Plan Width": 37, "Inner Unique": false, "Join Filter": "(t.id = mc.movie_id)", "Plans": [{"Node Type": "Nested Loop", "Parent Relationship": "Outer", "Join Type": "Inner", "Startup Cost": 0.0, "Total Cost": 104821.08, "Plan Rows": 311, "Plan Width": 25, "Inner Unique": true, "Plans": [{"Node Type": "Nested Loop", "Parent Relationship": "Outer", "Join Type": "Inner", "Startup Cost": 0.0, "Total Cost": 104709.2, "Plan Rows": 396, "Plan Width": 29, "Inner Unique": false, "Plans": [{"Node Type": "Streaming(type: LOCAL GATHER dop: 1/16)", "Parent Relationship": "Outer", "Startup Cost": 0.0, "Total Cost": 102608.29, "Plan Rows": 258, "Plan Width": 21, "Plans": [{"Node Type": "Index Scan", "Parent Relationship": "Outer", "Scan Direction": "Forward", "Index Name": "title_pkey", "Relation Name": "title", "Alias": "t", "Startup Cost": 0.0, "Total Cost": 102602.72, "Plan Rows": 258, "Plan Width": 21, "Filter": "((production_year > 2000) AND (((title)::text ~~ 'Birdemic%'::text) OR ((title)::text ~~ '%Movie%'::text)))"}]}, {"Node Type": "Index Scan", "Parent Relationship": "Inner", "Scan Direction": "Forward", "Index Name": "movie_id_movie_info_idx", "Relation Name": "movie_info_idx", "Alias": "mi_idx", "Startup Cost": 0.0, "Total Cost": 8.12, "Plan Rows": 2, "Plan Width": 8, "Index Cond": "(movie_id = t.id)"}]}, {"Node Type": "Index Scan", "Parent Relationship": "Inner", "Scan Direction": "Forward", "Index Name": "info_type_pkey", "Relation Name": "info_type", "Alias": "it2", "Startup Cost": 0.0, "Total Cost": 0.27, "Plan Rows": 1, "Plan Width": 4, "Index Cond": "(id = mi_idx.info_type_id)", "Filter": "((info)::text = 'bottom 10 rank'::text)"}]}, {"Node Type": "Index Scan", "Parent Relationship": "Inner", "Scan Direction": "Forward", "Index Name": "movie_id_movie_companies", "Relation Name": "movie_companies", "Alias": "mc", "Startup Cost": 0.0, "Total Cost": 0.36, "Plan Rows": 2, "Plan Width": 12, "Index Cond": "(movie_id = mi_idx.movie_id)"}]}, {"Node Type": "Index Scan", "Parent Relationship": "Inner", "Scan Direction": "Forward", "Index Name": "company_name_pkey", "Relation Name": "company_name", "Alias": "cn", "Startup Cost": 0.0, "Total Cost": 0.28, "Plan Rows": 1, "Plan Width": 4, "Index Cond": "(id = mc.company_id)", "Filter": "((country_code)::text = '[us]'::text)"}]}, {"Node Type": "Index Scan", "Parent Relationship": "Inner", "Scan Direction": "Forward", "Index Name": "movie_id_movie_info", "Relation Name": "movie_info", "Alias": "mi", "Startup Cost": 0.0, "Total Cost": 0.66, "Plan Rows": 5, "Plan Width": 50, "Index Cond": "(movie_id = mc.movie_id)"}]}, {"Node Type": "Index Scan", "Parent Relationship": "Inner", "Scan Direction": "Forward", "Index Name": "info_type_pkey", "Relation Name": "info_type", "Alias": "it1", "Startup Cost": 0.0, "Total Cost": 0.27, "Plan Rows": 1, "Plan Width": 4, "Index Cond": "(id = mi.info_type_id)", "Filter": "((info)::text = 'budget'::text)"}]}, {"Node Type": "Index Scan", "Parent Relationship": "Inner", "Scan Direction": "Forward", "Index Name": "company_type_pkey", "Relation Name": "company_type", "Alias": "ct", "Startup Cost": 0.0, "Total Cost": 0.28, "Plan Rows": 1, "Plan Width": 4, "Index Cond": "(id = mc.company_type_id)", "Filter": "((kind IS NOT NULL) AND (((kind)::text = 'production companies'::text) OR ((kind)::text = 'distributors'::text)))"}]}]}, "Unique SQL Id": 1682224415}, "explain_analyze_plan": {"Plan": {"Node Type": "Aggregate", "Strategy": "Plain", "Startup Cost": 105395.96, "Total Cost": 105395.97, "Plan Rows": 1, "Plan Width": 123, "Actual Min Startup Time": 414.426, "Actual Max Startup Time": 414.426, "Actual Min Total Time": 414.427, "Actual Max Total Time": 414.427, "Actual Total Rows": 1, "Plans": [{"Node Type": "Nested Loop", "Parent Relationship": "Outer", "Join Type": "Inner", "Startup Cost": 0.0, "Total Cost": 105395.94, "Plan Rows": 4, "Plan Width": 59, "Actual Min Startup Time": 363.602, "Actual Max Startup Time": 363.602, "Actual Min Total Time": 414.392, "Actual Max Total Time": 414.392, "Actual Total Rows": 5, "Inner Unique": true, "Plans": [{"Node Type": "Nested Loop", "Parent Relationship": "Outer", "Join Type": "Inner", "Startup Cost": 0.0, "Total Cost": 105394.8, "Plan Rows": 4, "Plan Width": 63, "Actual Min Startup Time": 362.384, "Actual Max Startup Time": 362.384, "Actual Min Total Time": 414.323, "Actual Max Total Time": 414.323, "Actual Total Rows": 10, "Inner Unique": true, "Plans": [{"Node Type": "Nested Loop", "Parent Relationship": "Outer", "Join Type": "Inner", "Startup Cost": 0.0, "Total Cost": 105325.02, "Plan Rows": 247, "Plan Width": 67, "Actual Min Startup Time": 361.923, "Actual Max Startup Time": 361.923, "Actual Min Total Time": 411.607, "Actual Max Total Time": 411.607, "Actual Total Rows": 1210, "Inner Unique": false, "Join Filter": "(t.id = mi.movie_id)", "Rows Removed by Join Filter": 0, "Plans": [{"Node Type": "Nested Loop", "Parent Relationship": "Outer", "Join Type": "Inner", "Startup Cost": 0.0, "Total Cost": 105002.25, "Plan Rows": 444, "Plan Width": 33, "Actual Min Startup Time": 361.873, "Actual Max Startup Time": 361.873, "Actual Min Total Time": 410.27, "Actual Max Total Time": 410.27, "Actual Total Rows": 10, "Inner Unique": true, "Plans": [{"Node Type": "Nested Loop", "Parent Relationship": "Outer", "Join Type": "Inner", "Startup Cost": 0.0, "Total Cost": 104941.85, "Plan Rows": 210, "Plan Width": 37, "Actual Min Startup Time": 361.757, "Actual Max Startup Time": 361.757, "Actual Min Total Time": 409.96, "Actual Max Total Time": 409.96, "Actual Total Rows": 33, "Inner Unique": false, "Join Filter": "(t.id = mc.movie_id)", "Rows Removed by Join Filter": 0, "Plans": [{"Node Type": "Nested Loop", "Parent Relationship": "Outer", "Join Type": "Inner", "Startup Cost": 0.0, "Total Cost": 104821.08, "Plan Rows": 311, "Plan Width": 25, "Actual Min Startup Time": 361.711, "Actual Max Startup Time": 361.711, "Actual Min Total Time": 409.843, "Actual Max Total Time": 409.843, "Actual Total Rows": 2, "Inner Unique": true, "Plans": [{"Node Type": "Nested Loop", "Parent Relationship": "Outer", "Join Type": "Inner", "Startup Cost": 0.0, "Total Cost": 104709.2, "Plan Rows": 396, "Plan Width": 29, "Actual Min Startup Time": 130.692, "Actual Max Startup Time": 130.692, "Actual Min Total Time": 403.367, "Actual Max Total Time": 403.367, "Actual Total Rows": 2645, "Inner Unique": false, "Plans": [{"Node Type": "Streaming(type: LOCAL GATHER dop: 1/16)", "Parent Relationship": "Outer", "Startup Cost": 0.0, "Total Cost": 102608.29, "Plan Rows": 258, "Plan Width": 21, "Actual Min Startup Time": 130.644, "Actual Max Startup Time": 130.644, "Actual Min Total Time": 387.831, "Actual Max Total Time": 387.831, "Actual Total Rows": 2536, "Plans": [{"Node Type": "Index Scan", "Parent Relationship": "Outer", "Scan Direction": "Forward", "Index Name": "title_pkey", "Relation Name": "title", "Alias": "t", "Startup Cost": 0.0, "Total Cost": 102602.72, "Plan Rows": 258, "Plan Width": 21, "Actual Min Startup Time": 18.002, "Actual Max Startup Time": 40.329, "Actual Min Total Time": 337.827, "Actual Max Total Time": 389.463, "Actual Total Rows": 2536, "Filter": "((production_year > 2000) AND (((title)::text ~~ 'Birdemic%'::text) OR ((title)::text ~~ '%Movie%'::text)))", "Rows Removed by Filter": 2525775}]}, {"Node Type": "Index Scan", "Parent Relationship": "Inner", "Scan Direction": "Forward", "Index Name": "movie_id_movie_info_idx", "Relation Name": "movie_info_idx", "Alias": "mi_idx", "Startup Cost": 0.0, "Total Cost": 8.12, "Plan Rows": 2, "Plan Width": 8, "Actual Min Startup Time": 12.399, "Actual Max Startup Time": 12.399, "Actual Min Total Time": 13.401, "Actual Max Total Time": 13.401, "Actual Total Rows": 2645, "Index Cond": "(movie_id = t.id)", "Rows Removed by Index Recheck": 0}]}, {"Node Type": "Index Scan", "Parent Relationship": "Inner", "Scan Direction": "Forward", "Index Name": "info_type_pkey", "Relation Name": "info_type", "Alias": "it2", "Startup Cost": 0.0, "Total Cost": 0.27, "Plan Rows": 1, "Plan Width": 4, "Actual Min Startup Time": 5.174, "Actual Max Startup Time": 5.174, "Actual Min Total Time": 5.174, "Actual Max Total Time": 5.174, "Actual Total Rows": 2, "Index Cond": "(id = mi_idx.info_type_id)", "Rows Removed by Index Recheck": 0, "Filter": "((info)::text = 'bottom 10 rank'::text)", "Rows Removed by Filter": 2643}]}, {"Node Type": "Index Scan", "Parent Relationship": "Inner", "Scan Direction": "Forward", "Index Name": "movie_id_movie_companies", "Relation Name": "movie_companies", "Alias": "mc", "Startup Cost": 0.0, "Total Cost": 0.36, "Plan Rows": 2, "Plan Width": 12, "Actual Min Startup Time": 0.041, "Actual Max Startup Time": 0.041, "Actual Min Total Time": 0.067, "Actual Max Total Time": 0.067, "Actual Total Rows": 33, "Index Cond": "(movie_id = mi_idx.movie_id)", "Rows Removed by Index Recheck": 0}]}, {"Node Type": "Index Scan", "Parent Relationship": "Inner", "Scan Direction": "Forward", "Index Name": "company_name_pkey", "Relation Name": "company_name", "Alias": "cn", "Startup Cost": 0.0, "Total Cost": 0.28, "Plan Rows": 1, "Plan Width": 4, "Actual Min Startup Time": 0.272, "Actual Max Startup Time": 0.272, "Actual Min Total Time": 0.272, "Actual Max Total Time": 0.272, "Actual Total Rows": 10, "Index Cond": "(id = mc.company_id)", "Rows Removed by Index Recheck": 0, "Filter": "((country_code)::text = '[us]'::text)", "Rows Removed by Filter": 23}]}, {"Node Type": "Index Scan", "Parent Relationship": "Inner", "Scan Direction": "Forward", "Index Name": "movie_id_movie_info", "Relation Name": "movie_info", "Alias": "mi", "Startup Cost": 0.0, "Total Cost": 0.66, "Plan Rows": 5, "Plan Width": 50, "Actual Min Startup Time": 0.172, "Actual Max Startup Time": 0.172, "Actual Min Total Time": 0.833, "Actual Max Total Time": 0.833, "Actual Total Rows": 1210, "Index Cond": "(movie_id = mc.movie_id)", "Rows Removed by Index Recheck": 0}]}, {"Node Type": "Index Scan", "Parent Relationship": "Inner", "Scan Direction": "Forward", "Index Name": "info_type_pkey", "Relation Name": "info_type", "Alias": "it1", "Startup Cost": 0.0, "Total Cost": 0.27, "Plan Rows": 1, "Plan Width": 4, "Actual Min Startup Time": 2.173, "Actual Max Startup Time": 2.173, "Actual Min Total Time": 2.173, "Actual Max Total Time": 2.173, "Actual Total Rows": 10, "Index Cond": "(id = mi.info_type_id)", "Rows Removed by Index Recheck": 0, "Filter": "((info)::text = 'budget'::text)", "Rows Removed by Filter": 1184}]}, {"Node Type": "Index Scan", "Parent Relationship": "Inner", "Scan Direction": "Forward", "Index Name": "company_type_pkey", "Relation Name": "company_type", "Alias": "ct", "Startup Cost": 0.0, "Total Cost": 0.28, "Plan Rows": 1, "Plan Width": 4, "Actual Min Startup Time": 0.039, "Actual Max Startup Time": 0.039, "Actual Min Total Time": 0.039, "Actual Max Total Time": 0.039, "Actual Total Rows": 5, "Index Cond": "(id = mc.company_type_id)", "Rows Removed by Index Recheck": 0, "Filter": "((kind IS NOT NULL) AND (((kind)::text = 'production companies'::text) OR ((kind)::text = 'distributors'::text)))", "Rows Removed by Filter": 0}]}]}, "Triggers": [], "Planner Runtime": 67.77, "Total Runtime": 417.418, "Unique SQL Id": 1682224415}}, "(16, 90)": {"explain_plan": {"Plan": {"Node Type": "Aggregate", "Strategy": "Plain", "Startup Cost": 20100044372852.31, "Total Cost": 20100044372852.32, "Plan Rows": 1, "Plan Width": 123, "Plans": [{"Node Type": "Merge Join", "Parent Relationship": "Outer", "Join Type": "Inner", "Startup Cost": 20100044372852.02, "Total Cost": 20100044372852.27, "Plan Rows": 8, "Plan Width": 59, "Inner Unique": true, "Merge Cond": "(mc.company_type_id = ct.id)", "Plans": [{"Node Type": "Sort", "Parent Relationship": "Outer", "Startup Cost": 20100044372850.94, "Total Cost": 20100044372850.97, "Plan Rows": 14, "Plan Width": 63, "Sort Key": ["mc.company_type_id"], "Plans": [{"Node Type": "Merge Join", "Parent Relationship": "Outer", "Join Type": "Inner", "Startup Cost": 20100044372424.32, "Total Cost": 20100044372850.67, "Plan Rows": 14, "Plan Width": 63, "Inner Unique": true, "Merge Cond": "(mc.company_id = cn.id)", "Plans": [{"Node Type": "Sort", "Parent Relationship": "Outer", "Startup Cost": 20100044359546.27, "Total Cost": 20100044359546.39, "Plan Rows": 51, "Plan Width": 67, "Sort Key": ["mc.company_id"], "Plans": [{"Node Type": "Nested Loop", "Parent Relationship": "Outer", "Join Type": "Inner", "Startup Cost": 50000000000.0, "Total Cost": 20100044359544.82, "Plan Rows": 51, "Plan Width": 67, "Inner Unique": false, "Join Filter": "(t.id = mc.movie_id)", "Plans": [{"Node Type": "Streaming(type: LOCAL GATHER dop: 1/16)", "Parent Relationship": "Outer", "Startup Cost": 40000000000.0, "Total Cost": 12100044359307.18, "Plan Rows": 8, "Plan Width": 71, "Plans": [{"Node Type": "Nested Loop", "Parent Relationship": "Outer", "Join Type": "Inner", "Startup Cost": 40000000000.0, "Total Cost": 12100044359307.0, "Plan Rows": 8, "Plan Width": 71, "Inner Unique": false, "Join Filter": "(mi.movie_id = t.id)", "Plans": [{"Node Type": "Streaming(type: LOCAL REDISTRIBUTE dop: 16/16)", "Parent Relationship": "Outer", "Startup Cost": 10000000000.0, "Total Cost": 100000617621.25, "Plan Rows": 212428, "Plan Width": 46, "Plans": [{"Node Type": "Nested Loop", "Parent Relationship": "Outer", "Join Type": "Inner", "Startup Cost": 10000000000.0, "Total Cost": 100000601816.35, "Plan Rows": 212428, "Plan Width": 46, "Inner Unique": false, "Join Filter": "(it1.id = mi.info_type_id), (LLVM Optimized)", "Plans": [{"Node Type": "Streaming(type: BROADCAST dop: 16/1)", "Parent Relationship": "Outer", "Startup Cost": 0.0, "Total Cost": 15002.75, "Plan Rows": 16, "Plan Width": 4, "Plans": [{"Node Type": "Seq Scan", "Parent Relationship": "Outer", "Relation Name": "info_type", "Alias": "it1", "Startup Cost": 0.0, "Total Cost": 2.4, "Plan Rows": 1, "Plan Width": 4, "Filter": "((info)::text = 'budget'::text)"}]}, {"Node Type": "Seq Scan", "Parent Relationship": "Inner", "Relation Name": "movie_info", "Alias": "mi", "Startup Cost": 0.0, "Total Cost": 33561.73, "Plan Rows": 14869966, "Plan Width": 50}]}]}, {"Node Type": "Materialize", "Parent Relationship": "Inner", "Startup Cost": 20000000000.0, "Total Cost": 1100003814438.49, "Plan Rows": 311, "Plan Width": 25, "Plans": [{"Node Type": "Streaming(type: LOCAL REDISTRIBUTE dop: 16/16)", "Parent Relationship": "Outer", "Startup Cost": 20000000000.0, "Total Cost": 1100003814438.4, "Plan Rows": 311, "Plan Width": 25, "Plans": [{"Node Type": "Nested Loop", "Parent Relationship": "Outer", "Join Type": "Inner", "Startup Cost": 20000000000.0, "Total Cost": 1100003799437.22, "Plan Rows": 311, "Plan Width": 25, "Inner Unique": true, "Join Filter": "(mi_idx.movie_id = t.id)", "Plans": [{"Node Type": "Streaming(type: LOCAL REDISTRIBUTE dop: 16/16)", "Parent Relationship": "Outer", "Startup Cost": 10000000000.0, "Total Cost": 100000339787.69, "Plan Rows": 345008, "Plan Width": 4, "Plans": [{"Node Type": "Nested Loop", "Parent Relationship": "Outer", "Join Type": "Inner", "Startup Cost": 10000000000.0, "Total Cost": 100000323480.43, "Plan Rows": 345008, "Plan Width": 4, "Inner Unique": false, "Join Filter": "(it2.id = mi_idx.info_type_id), (LLVM Optimized)", "Plans": [{"Node Type": "Streaming(type: BROADCAST dop: 16/1)", "Parent Relationship": "Outer", "Startup Cost": 0.0, "Total Cost": 15002.75, "Plan Rows": 16, "Plan Width": 4, "Plans": [{"Node Type": "Seq Scan", "Parent Relationship": "Outer", "Relation Name": "info_type", "Alias": "it2", "Startup Cost": 0.0, "Total Cost": 2.4, "Plan Rows": 1, "Plan Width": 4, "Filter": "((info)::text = 'bottom 10 rank'::text)"}]}, {"Node Type": "Seq Scan", "Parent Relationship": "Inner", "Relation Name": "movie_info_idx", "Alias": "mi_idx", "Startup Cost": 0.0, "Total Cost": 16267.15, "Plan Rows": 1380034, "Plan Width": 8}]}]}, {"Node Type": "Materialize", "Parent Relationship": "Inner", "Startup Cost": 0.0, "Total Cost": 34940.52, "Plan Rows": 258, "Plan Width": 21, "Plans": [{"Node Type": "Streaming(type: LOCAL REDISTRIBUTE dop: 16/16)", "Parent Relationship": "Outer", "Startup Cost": 0.0, "Total Cost": 34940.44, "Plan Rows": 258, "Plan Width": 21, "Plans": [{"Node Type": "Seq Scan", "Parent Relationship": "Outer", "Relation Name": "title", "Alias": "t", "Startup Cost": 0.0, "Total Cost": 19939.47, "Plan Rows": 258, "Plan Width": 21, "Filter": "((production_year > 2000) AND (((title)::text ~~ 'Birdemic%'::text) OR ((title)::text ~~ '%Movie%'::text)))"}]}]}]}]}]}]}]}, {"Node Type": "Index Scan", "Parent Relationship": "Inner", "Scan Direction": "Forward", "Index Name": "movie_id_movie_companies", "Relation Name": "movie_companies", "Alias": "mc", "Startup Cost": 10000000000.0, "Total Cost": 1000000000029.68, "Plan Rows": 2, "Plan Width": 12, "Index Cond": "(movie_id = mi.movie_id)"}]}]}, {"Node Type": "Sort", "Parent Relationship": "Inner", "Startup Cost": 12878.05, "Total Cost": 13090.97, "Plan Rows": 85170, "Plan Width": 4, "Sort Key": ["cn.id"], "Plans": [{"Node Type": "Seq Scan", "Parent Relationship": "Outer", "Relation Name": "company_name", "Alias": "cn", "Startup Cost": 0.0, "Total Cost": 5903.45, "Plan Rows": 85170, "Plan Width": 4, "Filter": "((country_code)::text = '[us]'::text)"}]}]}]}, {"Node Type": "Sort", "Parent Relationship": "Inner", "Startup Cost": 1.05, "Total Cost": 1.06, "Plan Rows": 2, "Plan Width": 4, "Sort Key": ["ct.id"], "Plans": [{"Node Type": "Seq Scan", "Parent Relationship": "Outer", "Relation Name": "company_type", "Alias": "ct", "Startup Cost": 0.0, "Total Cost": 1.04, "Plan Rows": 2, "Plan Width": 4, "Filter": "((kind IS NOT NULL) AND (((kind)::text = 'production companies'::text) OR ((kind)::text = 'distributors'::text)))"}]}]}]}, "Unique SQL Id": 1682224415}, "explain_analyze_plan": {"Plan": {"Node Type": "Aggregate", "Strategy": "Plain", "Startup Cost": 20100044372852.31, "Total Cost": 20100044372852.32, "Plan Rows": 1, "Plan Width": 123, "Actual Min Startup Time": 769.446, "Actual Max Startup Time": 769.446, "Actual Min Total Time": 769.446, "Actual Max Total Time": 769.446, "Actual Total Rows": 1, "Plans": [{"Node Type": "Merge Join", "Parent Relationship": "Outer", "Join Type": "Inner", "Startup Cost": 20100044372852.02, "Total Cost": 20100044372852.27, "Plan Rows": 8, "Plan Width": 59, "Actual Min Startup Time": 769.41, "Actual Max Startup Time": 769.41, "Actual Min Total Time": 769.412, "Actual Max Total Time": 769.412, "Actual Total Rows": 5, "Inner Unique": true, "Merge Cond": "(mc.company_type_id = ct.id)", "Plans": [{"Node Type": "Sort", "Parent Relationship": "Outer", "Startup Cost": 20100044372850.94, "Total Cost": 20100044372850.97, "Plan Rows": 14, "Plan Width": 63, "Actual Min Startup Time": 769.358, "Actual Max Startup Time": 769.358, "Actual Min Total Time": 769.359, "Actual Max Total Time": 769.359, "Actual Total Rows": 10, "Sort Key": ["mc.company_type_id"], "Sort Method": "quicksort", "Sort Space Min Used": 25, "Sort Space Max Used": 25, "Sort Space Type": "Memory", "Plans": [{"Node Type": "Merge Join", "Parent Relationship": "Outer", "Join Type": "Inner", "Startup Cost": 20100044372424.32, "Total Cost": 20100044372850.67, "Plan Rows": 14, "Plan Width": 63, "Actual Min Startup Time": 756.962, "Actual Max Startup Time": 756.962, "Actual Min Total Time": 769.327, "Actual Max Total Time": 769.327, "Actual Total Rows": 10, "Inner Unique": true, "Merge Cond": "(mc.company_id = cn.id)", "Plans": [{"Node Type": "Sort", "Parent Relationship": "Outer", "Startup Cost": 20100044359546.27, "Total Cost": 20100044359546.39, "Plan Rows": 51, "Plan Width": 67, "Actual Min Startup Time": 638.114, "Actual Max Startup Time": 638.114, "Actual Min Total Time": 638.118, "Actual Max Total Time": 638.118, "Actual Total Rows": 33, "Sort Key": ["mc.company_id"], "Sort Method": "quicksort", "Sort Space Min Used": 28, "Sort Space Max Used": 28, "Sort Space Type": "Memory", "Plans": [{"Node Type": "Nested Loop", "Parent Relationship": "Outer", "Join Type": "Inner", "Startup Cost": 50000000000.0, "Total Cost": 20100044359544.82, "Plan Rows": 51, "Plan Width": 67, "Actual Min Startup Time": 638.03, "Actual Max Startup Time": 638.03, "Actual Min Total Time": 638.073, "Actual Max Total Time": 638.073, "Actual Total Rows": 33, "Inner Unique": false, "Join Filter": "(t.id = mc.movie_id)", "Rows Removed by Join Filter": 0, "Plans": [{"Node Type": "Streaming(type: LOCAL GATHER dop: 1/16)", "Parent Relationship": "Outer", "Startup Cost": 40000000000.0, "Total Cost": 12100044359307.18, "Plan Rows": 8, "Plan Width": 71, "Actual Min Startup Time": 637.955, "Actual Max Startup Time": 637.955, "Actual Min Total Time": 637.958, "Actual Max Total Time": 637.958, "Actual Total Rows": 2, "Plans": [{"Node Type": "Nested Loop", "Parent Relationship": "Outer", "Join Type": "Inner", "Startup Cost": 40000000000.0, "Total Cost": 12100044359307.0, "Plan Rows": 8, "Plan Width": 71, "Actual Min Startup Time": 301.89, "Actual Max Startup Time": 524.736, "Actual Min Total Time": 483.46, "Actual Max Total Time": 524.736, "Actual Total Rows": 2, "Inner Unique": false, "Join Filter": "(mi.movie_id = t.id)", "Rows Removed by Join Filter": 15398, "Plans": [{"Node Type": "Streaming(type: LOCAL REDISTRIBUTE dop: 16/16)", "Parent Relationship": "Outer", "Startup Cost": 10000000000.0, "Total Cost": 100000617621.25, "Plan Rows": 212428, "Plan Width": 46, "Actual Min Startup Time": 198.059, "Actual Max Startup Time": 200.276, "Actual Min Total Time": 388.563, "Actual Max Total Time": 391.116, "Actual Total Rows": 121863, "Plans": [{"Node Type": "Nested Loop", "Parent Relationship": "Outer", "Join Type": "Inner", "Startup Cost": 10000000000.0, "Total Cost": 100000601816.35, "Plan Rows": 212428, "Plan Width": 46, "Actual Min Startup Time": 231.024, "Actual Max Startup Time": 252.305, "Actual Min Total Time": 395.211, "Actual Max Total Time": 431.371, "Actual Total Rows": 121863, "Inner Unique": false, "Join Filter": "(it1.id = mi.info_type_id), (LLVM Optimized)", "Rows Removed by Join Filter": 14713856, "Plans": [{"Node Type": "Streaming(type: BROADCAST dop: 16/1)", "Parent Relationship": "Outer", "Startup Cost": 0.0, "Total Cost": 15002.75, "Plan Rows": 16, "Plan Width": 4, "Actual Min Startup Time": 0.002, "Actual Max Startup Time": 0.006, "Actual Min Total Time": 0.003, "Actual Max Total Time": 0.01, "Actual Total Rows": 16, "Plans": [{"Node Type": "Seq Scan", "Parent Relationship": "Outer", "Relation Name": "info_type", "Alias": "it1", "Startup Cost": 0.0, "Total Cost": 2.4, "Plan Rows": 1, "Plan Width": 4, "Actual Min Startup Time": 0.05, "Actual Max Startup Time": 0.05, "Actual Min Total Time": 0.055, "Actual Max Total Time": 0.055, "Actual Total Rows": 1, "Filter": "((info)::text = 'budget'::text)", "Rows Removed by Filter": 111}]}, {"Node Type": "Seq Scan", "Parent Relationship": "Inner", "Relation Name": "movie_info", "Alias": "mi", "Startup Cost": 0.0, "Total Cost": 33561.73, "Plan Rows": 14869966, "Plan Width": 50, "Actual Min Startup Time": 0.029, "Actual Max Startup Time": 0.048, "Actual Min Total Time": 219.762, "Actual Max Total Time": 252.985, "Actual Total Rows": 14835719}]}]}, {"Node Type": "Materialize", "Parent Relationship": "Inner", "Startup Cost": 20000000000.0, "Total Cost": 1100003814438.49, "Plan Rows": 311, "Plan Width": 25, "Actual Min Startup Time": 91.031, "Actual Max Startup Time": 132.263, "Actual Min Total Time": 91.031, "Actual Max Total Time": 132.263, "Actual Total Rows": 15402, "Plans": [{"Node Type": "Streaming(type: LOCAL REDISTRIBUTE dop: 16/16)", "Parent Relationship": "Outer", "Startup Cost": 20000000000.0, "Total Cost": 1100003814438.4, "Plan Rows": 311, "Plan Width": 25, "Actual Min Startup Time": 90.276, "Actual Max Startup Time": 131.534, "Actual Min Total Time": 90.281, "Actual Max Total Time": 131.534, "Actual Total Rows": 2, "Plans": [{"Node Type": "Nested Loop", "Parent Relationship": "Outer", "Join Type": "Inner", "Startup Cost": 20000000000.0, "Total Cost": 1100003799437.22, "Plan Rows": 311, "Plan Width": 25, "Actual Min Startup Time": 88.258, "Actual Max Startup Time": 97.876, "Actual Min Total Time": 89.906, "Actual Max Total Time": 97.876, "Actual Total Rows": 2, "Inner Unique": true, "Join Filter": "(mi_idx.movie_id = t.id)", "Rows Removed by Join Filter": 1488, "Plans": [{"Node Type": "Streaming(type: LOCAL REDISTRIBUTE dop: 16/16)", "Parent Relationship": "Outer", "Startup Cost": 10000000000.0, "Total Cost": 100000339787.69, "Plan Rows": 345008, "Plan Width": 4, "Actual Min Startup Time": 0.03, "Actual Max Startup Time": 5.821, "Actual Min Total Time": 5.669, "Actual Max Total Time": 5.821, "Actual Total Rows": 10, "Plans": [{"Node Type": "Nested Loop", "Parent Relationship": "Outer", "Join Type": "Inner", "Startup Cost": 10000000000.0, "Total Cost": 100000323480.43, "Plan Rows": 345008, "Plan Width": 4, "Actual Min Startup Time": 34.865, "Actual Max Startup Time": 51.297, "Actual Min Total Time": 34.865, "Actual Max Total Time": 51.297, "Actual Total Rows": 10, "Inner Unique": false, "Join Filter": "(it2.id = mi_idx.info_type_id), (LLVM Optimized)", "Rows Removed by Join Filter": 1380024, "Plans": [{"Node Type": "Streaming(type: BROADCAST dop: 16/1)", "Parent Relationship": "Outer", "Startup Cost": 0.0, "Total Cost": 15002.75, "Plan Rows": 16, "Plan Width": 4, "Actual Min Startup Time": 0.002, "Actual Max Startup Time": 14.141, "Actual Min Total Time": 0.003, "Actual Max Total Time": 14.143, "Actual Total Rows": 16, "Plans": [{"Node Type": "Seq Scan", "Parent Relationship": "Outer", "Relation Name": "info_type", "Alias": "it2", "Startup Cost": 0.0, "Total Cost": 2.4, "Plan Rows": 1, "Plan Width": 4, "Actual Min Startup Time": 0.061, "Actual Max Startup Time": 0.061, "Actual Min Total Time": 0.064, "Actual Max Total Time": 0.064, "Actual Total Rows": 1, "Filter": "((info)::text = 'bottom 10 rank'::text)", "Rows Removed by Filter": 111}]}, {"Node Type": "Seq Scan", "Parent Relationship": "Inner", "Relation Name": "movie_info_idx", "Alias": "mi_idx", "Startup Cost": 0.0, "Total Cost": 16267.15, "Plan Rows": 1380034, "Plan Width": 8, "Actual Min Startup Time": 0.032, "Actual Max Startup Time": 0.071, "Actual Min Total Time": 18.641, "Actual Max Total Time": 23.938, "Actual Total Rows": 1380034}]}]}, {"Node Type": "Materialize", "Parent Relationship": "Inner", "Startup Cost": 0.0, "Total Cost": 34940.52, "Plan Rows": 258, "Plan Width": 21, "Actual Min Startup Time": 84.065, "Actual Max Startup Time": 92.041, "Actual Min Total Time": 84.065, "Actual Max Total Time": 92.041, "Actual Total Rows": 1506, "Plans": [{"Node Type": "Streaming(type: LOCAL REDISTRIBUTE dop: 16/16)", "Parent Relationship": "Outer", "Startup Cost": 0.0, "Total Cost": 34940.44, "Plan Rows": 258, "Plan Width": 21, "Actual Min Startup Time": 31.731, "Actual Max Startup Time": 39.7, "Actual Min Total Time": 84.02, "Actual Max Total Time": 92.008, "Actual Total Rows": 2536, "Plans": [{"Node Type": "Seq Scan", "Parent Relationship": "Outer", "Relation Name": "title", "Alias": "t", "Startup Cost": 0.0, "Total Cost": 19939.47, "Plan Rows": 258, "Plan Width": 21, "Actual Min Startup Time": 0.061, "Actual Max Startup Time": 5.394, "Actual Min Total Time": 80.852, "Actual Max Total Time": 85.837, "Actual Total Rows": 2536, "Filter": "((production_year > 2000) AND (((title)::text ~~ 'Birdemic%'::text) OR ((title)::text ~~ '%Movie%'::text)))", "Rows Removed by Filter": 2525775}]}]}]}]}]}]}]}, {"Node Type": "Index Scan", "Parent Relationship": "Inner", "Scan Direction": "Forward", "Index Name": "movie_id_movie_companies", "Relation Name": "movie_companies", "Alias": "mc", "Startup Cost": 10000000000.0, "Total Cost": 1000000000029.68, "Plan Rows": 2, "Plan Width": 12, "Actual Min Startup Time": 0.056, "Actual Max Startup Time": 0.056, "Actual Min Total Time": 0.066, "Actual Max Total Time": 0.066, "Actual Total Rows": 33, "Index Cond": "(movie_id = mi.movie_id)", "Rows Removed by Index Recheck": 0}]}]}, {"Node Type": "Sort", "Parent Relationship": "Inner", "Startup Cost": 12878.05, "Total Cost": 13090.97, "Plan Rows": 85170, "Plan Width": 4, "Actual Min Startup Time": 118.573, "Actual Max Startup Time": 118.573, "Actual Min Total Time": 124.462, "Actual Max Total Time": 124.462, "Actual Total Rows": 50295, "Sort Key": ["cn.id"], "Sort Method": "quicksort", "Sort Space Min Used": 8375, "Sort Space Max Used": 8375, "Sort Space Type": "Memory", "Plans": [{"Node Type": "Seq Scan", "Parent Relationship": "Outer", "Relation Name": "company_name", "Alias": "cn", "Startup Cost": 0.0, "Total Cost": 5903.45, "Plan Rows": 85170, "Plan Width": 4, "Actual Min Startup Time": 0.024, "Actual Max Startup Time": 0.024, "Actual Min Total Time": 88.103, "Actual Max Total Time": 88.103, "Actual Total Rows": 84843, "Filter": "((country_code)::text = '[us]'::text)", "Rows Removed by Filter": 150153}]}]}]}, {"Node Type": "Sort", "Parent Relationship": "Inner", "Startup Cost": 1.05, "Total Cost": 1.06, "Plan Rows": 2, "Plan Width": 4, "Actual Min Startup Time": 0.043, "Actual Max Startup Time": 0.043, "Actual Min Total Time": 0.043, "Actual Max Total Time": 0.043, "Actual Total Rows": 1, "Sort Key": ["ct.id"], "Sort Method": "quicksort", "Sort Space Min Used": 25, "Sort Space Max Used": 25, "Sort Space Type": "Memory", "Plans": [{"Node Type": "Seq Scan", "Parent Relationship": "Outer", "Relation Name": "company_type", "Alias": "ct", "Startup Cost": 0.0, "Total Cost": 1.04, "Plan Rows": 2, "Plan Width": 4, "Actual Min Startup Time": 0.022, "Actual Max Startup Time": 0.022, "Actual Min Total Time": 0.026, "Actual Max Total Time": 0.026, "Actual Total Rows": 1, "Filter": "((kind IS NOT NULL) AND (((kind)::text = 'production companies'::text) OR ((kind)::text = 'distributors'::text)))", "Rows Removed by Filter": 2}]}]}]}, "Triggers": [], "Planner Runtime": 122.963, "Total Runtime": 797.711, "Unique SQL Id": 1682224415}}, "(16, 91)": {"explain_plan": {"Plan": {"Node Type": "Aggregate", "Strategy": "Plain", "Startup Cost": 7996295437599.52, "Total Cost": 7996295437599.53, "Plan Rows": 1, "Plan Width": 123, "Plans": [{"Node Type": "Merge Join", "Parent Relationship": "Outer", "Join Type": "Inner", "Startup Cost": 7006294387245.74, "Total Cost": 7996295437599.28, "Plan Rows": 48, "Plan Width": 59, "Inner Unique": true, "Merge Cond": "(mc.company_id = cn.id)", "Plans": [{"Node Type": "Sort", "Parent Relationship": "Outer", "Startup Cost": 6996294387245.73, "Total Cost": 6996294387245.97, "Plan Rows": 98, "Plan Width": 63, "Sort Key": ["mc.company_id"], "Plans": [{"Node Type": "Merge Join", "Parent Relationship": "Outer", "Join Type": "Inner", "Startup Cost": 6006294385803.55, "Total Cost": 6996294387242.48, "Plan Rows": 98, "Plan Width": 63, "Inner Unique": true, "Merge Cond": "(mi.info_type_id = it1.id)", "Plans": [{"Node Type": "Sort", "Parent Relationship": "Outer", "Startup Cost": 5996294385802.56, "Total Cost": 5996294385811.63, "Plan Rows": 3629, "Plan Width": 67, "Sort Key": ["mi.info_type_id"], "Plans": [{"Node Type": "Merge Join", "Parent Relationship": "Outer", "Join Type": "Inner", "Startup Cost": 4020011495603.29, "Total Cost": 5996294385587.99, "Plan Rows": 3629, "Plan Width": 67, "Inner Unique": false, "Merge Cond": "(mc.movie_id = t.id)", "Plans": [{"Node Type": "Sort", "Parent Relationship": "Outer", "Startup Cost": 2000009630131.7, "Total Cost": 2000009636654.52, "Plan Rows": 2609128, "Plan Width": 8, "Sort Key": ["mc.movie_id"], "Plans": [{"Node Type": "Merge Join", "Parent Relationship": "Outer", "Join Type": "Inner", "Startup Cost": 504554486367.56, "Total Cost": 2000009352062.11, "Plan Rows": 2609128, "Plan Width": 8, "Inner Unique": false, "Merge Cond": "(ct.id = mc.company_type_id)", "Plans": [{"Node Type": "Index Scan", "Parent Relationship": "Outer", "Scan Direction": "Forward", "Index Name": "company_type_pkey", "Relation Name": "company_type", "Alias": "ct", "Startup Cost": 10000000000.0, "Total Cost": 1000000001231.0, "Plan Rows": 2, "Plan Width": 4, "Filter": "((kind IS NOT NULL) AND (((kind)::text = 'production companies'::text) OR ((kind)::text = 'distributors'::text)))"}, {"Node Type": "Index Scan", "Parent Relationship": "Inner", "Scan Direction": "Forward", "Index Name": "company_type_id_movie_companies", "Relation Name": "movie_companies", "Alias": "mc", "Startup Cost": 10000000000.0, "Total Cost": 1000009318217.0, "Plan Rows": 2609128, "Plan Width": 12}]}]}, {"Node Type": "Materialize", "Parent Relationship": "Inner", "Startup Cost": 2020001865471.59, "Total Cost": 3998670116987.32, "Plan Rows": 1659, "Plan Width": 75, "Plans": [{"Node Type": "Merge Join", "Parent Relationship": "Outer", "Join Type": "Inner", "Startup Cost": 2020001865471.59, "Total Cost": 3998670116983.17, "Plan Rows": 1659, "Plan Width": 75, "Inner Unique": false, "Merge Cond": "(mi_idx.movie_id = t.id)", "Plans": [{"Node Type": "Sort", "Parent Relationship": "Outer", "Startup Cost": 2000001865471.58, "Total Cost": 2000001866334.1, "Plan Rows": 345008, "Plan Width": 4, "Sort Key": ["mi_idx.movie_id"], "Plans": [{"Node Type": "Nested Loop", "Parent Relationship": "Outer", "Join Type": "Inner", "Startup Cost": 20000007502.06, "Total Cost": 2000001833737.28, "Plan Rows": 345008, "Plan Width": 4, "Inner Unique": false, "Plans": [{"Node Type": "Index Scan", "Parent Relationship": "Outer", "Scan Direction": "Forward", "Index Name": "info_type_pkey", "Relation Name": "info_type", "Alias": "it2", "Startup Cost": 10000000000.0, "Total Cost": 1000000001421.0, "Plan Rows": 1, "Plan Width": 4, "Filter": "((info)::text = 'bottom 10 rank'::text)"}, {"Node Type": "Bitmap Heap Scan", "Parent Relationship": "Inner", "Relation Name": "movie_info_idx", "Alias": "mi_idx", "Startup Cost": 10000007502.06, "Total Cost": 1000001828866.2, "Plan Rows": 345008, "Plan Width": 8, "Recheck Cond": "(info_type_id = it2.id), (LLVM Optimized)", "Plans": [{"Node Type": "Bitmap Index Scan", "Parent Relationship": "Outer", "Index Name": "info_type_id_movie_info_idx", "Startup Cost": 0.0, "Total Cost": 7415.81, "Plan Rows": 345008, "Plan Width": 0, "Index Cond": "(info_type_id = it2.id)"}]}]}]}, {"Node Type": "Materialize", "Parent Relationship": "Inner", "Startup Cost": 20000000000.0, "Total Cost": 2000116762393.22, "Plan Rows": 1367, "Plan Width": 71, "Plans": [{"Node Type": "Merge Join", "Parent Relationship": "Outer", "Join Type": "Inner", "Startup Cost": 20000000000.0, "Total Cost": 2000116762389.8, "Plan Rows": 1367, "Plan Width": 71, "Inner Unique": true, "Merge Cond": "(mi.movie_id = t.id)", "Plans": [{"Node Type": "Index Scan", "Parent Relationship": "Outer", "Scan Direction": "Forward", "Index Name": "movie_id_movie_info", "Relation Name": "movie_info", "Alias": "mi", "Startup Cost": 10000000000.0, "Total Cost": 1000103816912.22, "Plan Rows": 14869966, "Plan Width": 50}, {"Node Type": "Materialize", "Parent Relationship": "Inner", "Startup Cost": 10000000000.0, "Total Cost": 1000012908282.81, "Plan Rows": 258, "Plan Width": 21, "Plans": [{"Node Type": "Index Scan", "Parent Relationship": "Outer", "Scan Direction": "Forward", "Index Name": "title_pkey", "Relation Name": "title", "Alias": "t", "Startup Cost": 10000000000.0, "Total Cost": 1000012908282.16, "Plan Rows": 258, "Plan Width": 21, "Filter": "((production_year > 2000) AND (((title)::text ~~ 'Birdemic%'::text) OR ((title)::text ~~ '%Movie%'::text)))"}]}]}]}]}]}]}]}, {"Node Type": "Materialize", "Parent Relationship": "Inner", "Startup Cost": 10000000000.0, "Total Cost": 1000000001421.0, "Plan Rows": 1, "Plan Width": 4, "Plans": [{"Node Type": "Index Scan", "Parent Relationship": "Outer", "Scan Direction": "Forward", "Index Name": "info_type_pkey", "Relation Name": "info_type", "Alias": "it1", "Startup Cost": 10000000000.0, "Total Cost": 1000000001421.0, "Plan Rows": 1, "Plan Width": 4, "Filter": "((info)::text = 'budget'::text)"}]}]}]}, {"Node Type": "Index Scan", "Parent Relationship": "Inner", "Scan Direction": "Forward", "Index Name": "company_name_pkey", "Relation Name": "company_name", "Alias": "cn", "Startup Cost": 10000000000.0, "Total Cost": 1000001050138.97, "Plan Rows": 85170, "Plan Width": 4, "Filter": "((country_code)::text = '[us]'::text)"}]}]}, "Unique SQL Id": 1682224415}, "explain_analyze_plan": null}, "(16, 92)": {"explain_plan": {"Plan": {"Node Type": "Aggregate", "Strategy": "Plain", "Startup Cost": 22498.88, "Total Cost": 22498.89, "Plan Rows": 1, "Plan Width": 123, "Plans": [{"Node Type": "Nested Loop", "Parent Relationship": "Outer", "Join Type": "Inner", "Startup Cost": 22490.81, "Total Cost": 22498.86, "Plan Rows": 4, "Plan Width": 59, "Inner Unique": true, "Plans": [{"Node Type": "Nested Loop", "Parent Relationship": "Outer", "Join Type": "Inner", "Startup Cost": 22490.81, "Total Cost": 22497.72, "Plan Rows": 4, "Plan Width": 63, "Inner Unique": true, "Plans": [{"Node Type": "Merge Join", "Parent Relationship": "Outer", "Join Type": "Inner", "Startup Cost": 22490.81, "Total Cost": 22496.28, "Plan Rows": 5, "Plan Width": 67, "Inner Unique": false, "Merge Cond": "(it1.id = mi.info_type_id)", "Plans": [{"Node Type": "Sort", "Parent Relationship": "Outer", "Startup Cost": 2.41, "Total Cost": 2.42, "Plan Rows": 1, "Plan Width": 4, "Sort Key": ["it1.id"], "Plans": [{"Node Type": "Seq Scan", "Parent Relationship": "Outer", "Relation Name": "info_type", "Alias": "it1", "Startup Cost": 0.0, "Total Cost": 2.4, "Plan Rows": 1, "Plan Width": 4, "Filter": "((info)::text = 'budget'::text)"}]}, {"Node Type": "Sort", "Parent Relationship": "Inner", "Startup Cost": 22488.09, "Total Cost": 22490.9, "Plan Rows": 1122, "Plan Width": 71, "Sort Key": ["mi.info_type_id"], "Plans": [{"Node Type": "Nested Loop", "Parent Relationship": "Outer", "Join Type": "Inner", "Startup Cost": 0.0, "Total Cost": 22431.25, "Plan Rows": 1122, "Plan Width": 71, "Inner Unique": false, "Join Filter": "(t.id = mi.movie_id)", "Plans": [{"Node Type": "Nested Loop", "Parent Relationship": "Outer", "Join Type": "Inner", "Startup Cost": 0.0, "Total Cost": 22278.59, "Plan Rows": 210, "Plan Width": 37, "Inner Unique": false, "Join Filter": "(t.id = mc.movie_id)", "Plans": [{"Node Type": "Nested Loop", "Parent Relationship": "Outer", "Join Type": "Inner", "Startup Cost": 0.0, "Total Cost": 22157.82, "Plan Rows": 311, "Plan Width": 25, "Inner Unique": true, "Plans": [{"Node Type": "Nested Loop", "Parent Relationship": "Outer", "Join Type": "Inner", "Startup Cost": 0.0, "Total Cost": 22045.95, "Plan Rows": 396, "Plan Width": 29, "Inner Unique": false, "Plans": [{"Node Type": "Streaming(type: LOCAL GATHER dop: 1/16)", "Parent Relationship": "Outer", "Startup Cost": 0.0, "Total Cost": 19945.03, "Plan Rows": 258, "Plan Width": 21, "Plans": [{"Node Type": "Seq Scan", "Parent Relationship": "Outer", "Relation Name": "title", "Alias": "t", "Startup Cost": 0.0, "Total Cost": 19939.47, "Plan Rows": 258, "Plan Width": 21, "Filter": "((production_year > 2000) AND (((title)::text ~~ 'Birdemic%'::text) OR ((title)::text ~~ '%Movie%'::text)))"}]}, {"Node Type": "Index Scan", "Parent Relationship": "Inner", "Scan Direction": "Forward", "Index Name": "movie_id_movie_info_idx", "Relation Name": "movie_info_idx", "Alias": "mi_idx", "Startup Cost": 0.0, "Total Cost": 8.12, "Plan Rows": 2, "Plan Width": 8, "Index Cond": "(movie_id = t.id)"}]}, {"Node Type": "Index Scan", "Parent Relationship": "Inner", "Scan Direction": "Forward", "Index Name": "info_type_pkey", "Relation Name": "info_type", "Alias": "it2", "Startup Cost": 0.0, "Total Cost": 0.27, "Plan Rows": 1, "Plan Width": 4, "Index Cond": "(id = mi_idx.info_type_id)", "Filter": "((info)::text = 'bottom 10 rank'::text)"}]}, {"Node Type": "Index Scan", "Parent Relationship": "Inner", "Scan Direction": "Forward", "Index Name": "movie_id_movie_companies", "Relation Name": "movie_companies", "Alias": "mc", "Startup Cost": 0.0, "Total Cost": 0.36, "Plan Rows": 2, "Plan Width": 12, "Index Cond": "(movie_id = mi_idx.movie_id)"}]}, {"Node Type": "Index Scan", "Parent Relationship": "Inner", "Scan Direction": "Forward", "Index Name": "movie_id_movie_info", "Relation Name": "movie_info", "Alias": "mi", "Startup Cost": 0.0, "Total Cost": 0.66, "Plan Rows": 5, "Plan Width": 50, "Index Cond": "(movie_id = mc.movie_id)"}]}]}]}, {"Node Type": "Index Scan", "Parent Relationship": "Inner", "Scan Direction": "Forward", "Index Name": "company_name_pkey", "Relation Name": "company_name", "Alias": "cn", "Startup Cost": 0.0, "Total Cost": 0.28, "Plan Rows": 1, "Plan Width": 4, "Index Cond": "(id = mc.company_id)", "Filter": "((country_code)::text = '[us]'::text)"}]}, {"Node Type": "Index Scan", "Parent Relationship": "Inner", "Scan Direction": "Forward", "Index Name": "company_type_pkey", "Relation Name": "company_type", "Alias": "ct", "Startup Cost": 0.0, "Total Cost": 0.28, "Plan Rows": 1, "Plan Width": 4, "Index Cond": "(id = mc.company_type_id)", "Filter": "((kind IS NOT NULL) AND (((kind)::text = 'production companies'::text) OR ((kind)::text = 'distributors'::text)))"}]}]}, "Unique SQL Id": 1682224415}, "explain_analyze_plan": {"Plan": {"Node Type": "Aggregate", "Strategy": "Plain", "Startup Cost": 22498.88, "Total Cost": 22498.89, "Plan Rows": 1, "Plan Width": 123, "Actual Min Startup Time": 114.278, "Actual Max Startup Time": 114.278, "Actual Min Total Time": 114.278, "Actual Max Total Time": 114.278, "Actual Total Rows": 1, "Plans": [{"Node Type": "Nested Loop", "Parent Relationship": "Outer", "Join Type": "Inner", "Startup Cost": 22490.81, "Total Cost": 22498.86, "Plan Rows": 4, "Plan Width": 59, "Actual Min Startup Time": 114.009, "Actual Max Startup Time": 114.009, "Actual Min Total Time": 114.249, "Actual Max Total Time": 114.249, "Actual Total Rows": 5, "Inner Unique": true, "Plans": [{"Node Type": "Nested Loop", "Parent Relationship": "Outer", "Join Type": "Inner", "Startup Cost": 22490.81, "Total Cost": 22497.72, "Plan Rows": 4, "Plan Width": 63, "Actual Min Startup Time": 113.996, "Actual Max Startup Time": 113.996, "Actual Min Total Time": 114.219, "Actual Max Total Time": 114.219, "Actual Total Rows": 10, "Inner Unique": true, "Plans": [{"Node Type": "Merge Join", "Parent Relationship": "Outer", "Join Type": "Inner", "Startup Cost": 22490.81, "Total Cost": 22496.28, "Plan Rows": 5, "Plan Width": 67, "Actual Min Startup Time": 113.929, "Actual Max Startup Time": 113.929, "Actual Min Total Time": 113.99, "Actual Max Total Time": 113.99, "Actual Total Rows": 33, "Inner Unique": false, "Merge Cond": "(it1.id = mi.info_type_id)", "Plans": [{"Node Type": "Sort", "Parent Relationship": "Outer", "Startup Cost": 2.41, "Total Cost": 2.42, "Plan Rows": 1, "Plan Width": 4, "Actual Min Startup Time": 0.117, "Actual Max Startup Time": 0.117, "Actual Min Total Time": 0.117, "Actual Max Total Time": 0.117, "Actual Total Rows": 1, "Sort Key": ["it1.id"], "Sort Method": "quicksort", "Sort Space Min Used": 25, "Sort Space Max Used": 25, "Sort Space Type": "Memory", "Plans": [{"Node Type": "Seq Scan", "Parent Relationship": "Outer", "Relation Name": "info_type", "Alias": "it1", "Startup Cost": 0.0, "Total Cost": 2.4, "Plan Rows": 1, "Plan Width": 4, "Actual Min Startup Time": 0.084, "Actual Max Startup Time": 0.084, "Actual Min Total Time": 0.089, "Actual Max Total Time": 0.089, "Actual Total Rows": 1, "Filter": "((info)::text = 'budget'::text)", "Rows Removed by Filter": 111}]}, {"Node Type": "Sort", "Parent Relationship": "Inner", "Startup Cost": 22488.09, "Total Cost": 22490.9, "Plan Rows": 1122, "Plan Width": 71, "Actual Min Startup Time": 112.673, "Actual Max Startup Time": 112.673, "Actual Min Total Time": 113.159, "Actual Max Total Time": 113.159, "Actual Total Rows": 4061, "Sort Key": ["mi.info_type_id"], "Sort Method": "quicksort", "Sort Space Min Used": 1164, "Sort Space Max Used": 1164, "Sort Space Type": "Memory", "Plans": [{"Node Type": "Nested Loop", "Parent Relationship": "Outer", "Join Type": "Inner", "Startup Cost": 0.0, "Total Cost": 22431.25, "Plan Rows": 1122, "Plan Width": 71, "Actual Min Startup Time": 82.308, "Actual Max Startup Time": 82.308, "Actual Min Total Time": 110.592, "Actual Max Total Time": 110.592, "Actual Total Rows": 4959, "Inner Unique": false, "Join Filter": "(t.id = mi.movie_id)", "Rows Removed by Join Filter": 0, "Plans": [{"Node Type": "Nested Loop", "Parent Relationship": "Outer", "Join Type": "Inner", "Startup Cost": 0.0, "Total Cost": 22278.59, "Plan Rows": 210, "Plan Width": 37, "Actual Min Startup Time": 82.275, "Actual Max Startup Time": 82.275, "Actual Min Total Time": 106.43, "Actual Max Total Time": 106.43, "Actual Total Rows": 33, "Inner Unique": false, "Join Filter": "(t.id = mc.movie_id)", "Rows Removed by Join Filter": 0, "Plans": [{"Node Type": "Nested Loop", "Parent Relationship": "Outer", "Join Type": "Inner", "Startup Cost": 0.0, "Total Cost": 22157.82, "Plan Rows": 311, "Plan Width": 25, "Actual Min Startup Time": 82.245, "Actual Max Startup Time": 82.245, "Actual Min Total Time": 106.351, "Actual Max Total Time": 106.351, "Actual Total Rows": 2, "Inner Unique": true, "Plans": [{"Node Type": "Nested Loop", "Parent Relationship": "Outer", "Join Type": "Inner", "Startup Cost": 0.0, "Total Cost": 22045.95, "Plan Rows": 396, "Plan Width": 29, "Actual Min Startup Time": 78.501, "Actual Max Startup Time": 78.501, "Actual Min Total Time": 100.142, "Actual Max Total Time": 100.142, "Actual Total Rows": 2645, "Inner Unique": false, "Plans": [{"Node Type": "Streaming(type: LOCAL GATHER dop: 1/16)", "Parent Relationship": "Outer", "Startup Cost": 0.0, "Total Cost": 19945.03, "Plan Rows": 258, "Plan Width": 21, "Actual Min Startup Time": 78.44, "Actual Max Startup Time": 78.44, "Actual Min Total Time": 87.941, "Actual Max Total Time": 87.941, "Actual Total Rows": 2536, "Plans": [{"Node Type": "Seq Scan", "Parent Relationship": "Outer", "Relation Name": "title", "Alias": "t", "Startup Cost": 0.0, "Total Cost": 19939.47, "Plan Rows": 258, "Plan Width": 21, "Actual Min Startup Time": 0.057, "Actual Max Startup Time": 5.377, "Actual Min Total Time": 80.074, "Actual Max Total Time": 84.618, "Actual Total Rows": 2536, "Filter": "((production_year > 2000) AND (((title)::text ~~ 'Birdemic%'::text) OR ((title)::text ~~ '%Movie%'::text)))", "Rows Removed by Filter": 2525775}]}, {"Node Type": "Index Scan", "Parent Relationship": "Inner", "Scan Direction": "Forward", "Index Name": "movie_id_movie_info_idx", "Relation Name": "movie_info_idx", "Alias": "mi_idx", "Startup Cost": 0.0, "Total Cost": 8.12, "Plan Rows": 2, "Plan Width": 8, "Actual Min Startup Time": 9.381, "Actual Max Startup Time": 9.381, "Actual Min Total Time": 10.347, "Actual Max Total Time": 10.347, "Actual Total Rows": 2645, "Index Cond": "(movie_id = t.id)", "Rows Removed by Index Recheck": 0}]}, {"Node Type": "Index Scan", "Parent Relationship": "Inner", "Scan Direction": "Forward", "Index Name": "info_type_pkey", "Relation Name": "info_type", "Alias": "it2", "Startup Cost": 0.0, "Total Cost": 0.27, "Plan Rows": 1, "Plan Width": 4, "Actual Min Startup Time": 4.976, "Actual Max Startup Time": 4.976, "Actual Min Total Time": 4.976, "Actual Max Total Time": 4.976, "Actual Total Rows": 2, "Index Cond": "(id = mi_idx.info_type_id)", "Rows Removed by Index Recheck": 0, "Filter": "((info)::text = 'bottom 10 rank'::text)", "Rows Removed by Filter": 2643}]}, {"Node Type": "Index Scan", "Parent Relationship": "Inner", "Scan Direction": "Forward", "Index Name": "movie_id_movie_companies", "Relation Name": "movie_companies", "Alias": "mc", "Startup Cost": 0.0, "Total Cost": 0.36, "Plan Rows": 2, "Plan Width": 12, "Actual Min Startup Time": 0.021, "Actual Max Startup Time": 0.021, "Actual Min Total Time": 0.036, "Actual Max Total Time": 0.036, "Actual Total Rows": 33, "Index Cond": "(movie_id = mi_idx.movie_id)", "Rows Removed by Index Recheck": 0}]}, {"Node Type": "Index Scan", "Parent Relationship": "Inner", "Scan Direction": "Forward", "Index Name": "movie_id_movie_info", "Relation Name": "movie_info", "Alias": "mi", "Startup Cost": 0.0, "Total Cost": 0.66, "Plan Rows": 5, "Plan Width": 50, "Actual Min Startup Time": 0.514, "Actual Max Startup Time": 0.514, "Actual Min Total Time": 2.537, "Actual Max Total Time": 2.537, "Actual Total Rows": 4959, "Index Cond": "(movie_id = mc.movie_id)", "Rows Removed by Index Recheck": 0}]}]}]}, {"Node Type": "Index Scan", "Parent Relationship": "Inner", "Scan Direction": "Forward", "Index Name": "company_name_pkey", "Relation Name": "company_name", "Alias": "cn", "Startup Cost": 0.0, "Total Cost": 0.28, "Plan Rows": 1, "Plan Width": 4, "Actual Min Startup Time": 0.202, "Actual Max Startup Time": 0.202, "Actual Min Total Time": 0.202, "Actual Max Total Time": 0.202, "Actual Total Rows": 10, "Index Cond": "(id = mc.company_id)", "Rows Removed by Index Recheck": 0, "Filter": "((country_code)::text = '[us]'::text)", "Rows Removed by Filter": 23}]}, {"Node Type": "Index Scan", "Parent Relationship": "Inner", "Scan Direction": "Forward", "Index Name": "company_type_pkey", "Relation Name": "company_type", "Alias": "ct", "Startup Cost": 0.0, "Total Cost": 0.28, "Plan Rows": 1, "Plan Width": 4, "Actual Min Startup Time": 0.019, "Actual Max Startup Time": 0.019, "Actual Min Total Time": 0.019, "Actual Max Total Time": 0.019, "Actual Total Rows": 5, "Index Cond": "(id = mc.company_type_id)", "Rows Removed by Index Recheck": 0, "Filter": "((kind IS NOT NULL) AND (((kind)::text = 'production companies'::text) OR ((kind)::text = 'distributors'::text)))", "Rows Removed by Filter": 0}]}]}, "Triggers": [], "Planner Runtime": 65.311, "Total Runtime": 117.662, "Unique SQL Id": 1682224415}}, "(16, 93)": {"explain_plan": {"Plan": {"Node Type": "Aggregate", "Strategy": "Plain", "Startup Cost": 105395.96, "Total Cost": 105395.97, "Plan Rows": 1, "Plan Width": 123, "Plans": [{"Node Type": "Nested Loop", "Parent Relationship": "Outer", "Join Type": "Inner", "Startup Cost": 0.0, "Total Cost": 105395.94, "Plan Rows": 4, "Plan Width": 59, "Inner Unique": true, "Plans": [{"Node Type": "Nested Loop", "Parent Relationship": "Outer", "Join Type": "Inner", "Startup Cost": 0.0, "Total Cost": 105394.8, "Plan Rows": 4, "Plan Width": 63, "Inner Unique": true, "Plans": [{"Node Type": "Nested Loop", "Parent Relationship": "Outer", "Join Type": "Inner", "Startup Cost": 0.0, "Total Cost": 105325.02, "Plan Rows": 247, "Plan Width": 67, "Inner Unique": false, "Join Filter": "(t.id = mi.movie_id)", "Plans": [{"Node Type": "Nested Loop", "Parent Relationship": "Outer", "Join Type": "Inner", "Startup Cost": 0.0, "Total Cost": 105002.25, "Plan Rows": 444, "Plan Width": 33, "Inner Unique": true, "Plans": [{"Node Type": "Nested Loop", "Parent Relationship": "Outer", "Join Type": "Inner", "Startup Cost": 0.0, "Total Cost": 104941.85, "Plan Rows": 210, "Plan Width": 37, "Inner Unique": false, "Join Filter": "(t.id = mc.movie_id)", "Plans": [{"Node Type": "Nested Loop", "Parent Relationship": "Outer", "Join Type": "Inner", "Startup Cost": 0.0, "Total Cost": 104821.08, "Plan Rows": 311, "Plan Width": 25, "Inner Unique": true, "Plans": [{"Node Type": "Nested Loop", "Parent Relationship": "Outer", "Join Type": "Inner", "Startup Cost": 0.0, "Total Cost": 104709.2, "Plan Rows": 396, "Plan Width": 29, "Inner Unique": false, "Plans": [{"Node Type": "Streaming(type: LOCAL GATHER dop: 1/16)", "Parent Relationship": "Outer", "Startup Cost": 0.0, "Total Cost": 102608.29, "Plan Rows": 258, "Plan Width": 21, "Plans": [{"Node Type": "Index Scan", "Parent Relationship": "Outer", "Scan Direction": "Forward", "Index Name": "title_pkey", "Relation Name": "title", "Alias": "t", "Startup Cost": 0.0, "Total Cost": 102602.72, "Plan Rows": 258, "Plan Width": 21, "Filter": "((production_year > 2000) AND (((title)::text ~~ 'Birdemic%'::text) OR ((title)::text ~~ '%Movie%'::text)))"}]}, {"Node Type": "Index Scan", "Parent Relationship": "Inner", "Scan Direction": "Forward", "Index Name": "movie_id_movie_info_idx", "Relation Name": "movie_info_idx", "Alias": "mi_idx", "Startup Cost": 0.0, "Total Cost": 8.12, "Plan Rows": 2, "Plan Width": 8, "Index Cond": "(movie_id = t.id)"}]}, {"Node Type": "Index Scan", "Parent Relationship": "Inner", "Scan Direction": "Forward", "Index Name": "info_type_pkey", "Relation Name": "info_type", "Alias": "it2", "Startup Cost": 0.0, "Total Cost": 0.27, "Plan Rows": 1, "Plan Width": 4, "Index Cond": "(id = mi_idx.info_type_id)", "Filter": "((info)::text = 'bottom 10 rank'::text)"}]}, {"Node Type": "Index Scan", "Parent Relationship": "Inner", "Scan Direction": "Forward", "Index Name": "movie_id_movie_companies", "Relation Name": "movie_companies", "Alias": "mc", "Startup Cost": 0.0, "Total Cost": 0.36, "Plan Rows": 2, "Plan Width": 12, "Index Cond": "(movie_id = mi_idx.movie_id)"}]}, {"Node Type": "Index Scan", "Parent Relationship": "Inner", "Scan Direction": "Forward", "Index Name": "company_name_pkey", "Relation Name": "company_name", "Alias": "cn", "Startup Cost": 0.0, "Total Cost": 0.28, "Plan Rows": 1, "Plan Width": 4, "Index Cond": "(id = mc.company_id)", "Filter": "((country_code)::text = '[us]'::text)"}]}, {"Node Type": "Index Scan", "Parent Relationship": "Inner", "Scan Direction": "Forward", "Index Name": "movie_id_movie_info", "Relation Name": "movie_info", "Alias": "mi", "Startup Cost": 0.0, "Total Cost": 0.66, "Plan Rows": 5, "Plan Width": 50, "Index Cond": "(movie_id = mc.movie_id)"}]}, {"Node Type": "Index Scan", "Parent Relationship": "Inner", "Scan Direction": "Forward", "Index Name": "info_type_pkey", "Relation Name": "info_type", "Alias": "it1", "Startup Cost": 0.0, "Total Cost": 0.27, "Plan Rows": 1, "Plan Width": 4, "Index Cond": "(id = mi.info_type_id)", "Filter": "((info)::text = 'budget'::text)"}]}, {"Node Type": "Index Scan", "Parent Relationship": "Inner", "Scan Direction": "Forward", "Index Name": "company_type_pkey", "Relation Name": "company_type", "Alias": "ct", "Startup Cost": 0.0, "Total Cost": 0.28, "Plan Rows": 1, "Plan Width": 4, "Index Cond": "(id = mc.company_type_id)", "Filter": "((kind IS NOT NULL) AND (((kind)::text = 'production companies'::text) OR ((kind)::text = 'distributors'::text)))"}]}]}, "Unique SQL Id": 1682224415}, "explain_analyze_plan": {"Plan": {"Node Type": "Aggregate", "Strategy": "Plain", "Startup Cost": 105395.96, "Total Cost": 105395.97, "Plan Rows": 1, "Plan Width": 123, "Actual Min Startup Time": 414.426, "Actual Max Startup Time": 414.426, "Actual Min Total Time": 414.427, "Actual Max Total Time": 414.427, "Actual Total Rows": 1, "Plans": [{"Node Type": "Nested Loop", "Parent Relationship": "Outer", "Join Type": "Inner", "Startup Cost": 0.0, "Total Cost": 105395.94, "Plan Rows": 4, "Plan Width": 59, "Actual Min Startup Time": 363.602, "Actual Max Startup Time": 363.602, "Actual Min Total Time": 414.392, "Actual Max Total Time": 414.392, "Actual Total Rows": 5, "Inner Unique": true, "Plans": [{"Node Type": "Nested Loop", "Parent Relationship": "Outer", "Join Type": "Inner", "Startup Cost": 0.0, "Total Cost": 105394.8, "Plan Rows": 4, "Plan Width": 63, "Actual Min Startup Time": 362.384, "Actual Max Startup Time": 362.384, "Actual Min Total Time": 414.323, "Actual Max Total Time": 414.323, "Actual Total Rows": 10, "Inner Unique": true, "Plans": [{"Node Type": "Nested Loop", "Parent Relationship": "Outer", "Join Type": "Inner", "Startup Cost": 0.0, "Total Cost": 105325.02, "Plan Rows": 247, "Plan Width": 67, "Actual Min Startup Time": 361.923, "Actual Max Startup Time": 361.923, "Actual Min Total Time": 411.607, "Actual Max Total Time": 411.607, "Actual Total Rows": 1210, "Inner Unique": false, "Join Filter": "(t.id = mi.movie_id)", "Rows Removed by Join Filter": 0, "Plans": [{"Node Type": "Nested Loop", "Parent Relationship": "Outer", "Join Type": "Inner", "Startup Cost": 0.0, "Total Cost": 105002.25, "Plan Rows": 444, "Plan Width": 33, "Actual Min Startup Time": 361.873, "Actual Max Startup Time": 361.873, "Actual Min Total Time": 410.27, "Actual Max Total Time": 410.27, "Actual Total Rows": 10, "Inner Unique": true, "Plans": [{"Node Type": "Nested Loop", "Parent Relationship": "Outer", "Join Type": "Inner", "Startup Cost": 0.0, "Total Cost": 104941.85, "Plan Rows": 210, "Plan Width": 37, "Actual Min Startup Time": 361.757, "Actual Max Startup Time": 361.757, "Actual Min Total Time": 409.96, "Actual Max Total Time": 409.96, "Actual Total Rows": 33, "Inner Unique": false, "Join Filter": "(t.id = mc.movie_id)", "Rows Removed by Join Filter": 0, "Plans": [{"Node Type": "Nested Loop", "Parent Relationship": "Outer", "Join Type": "Inner", "Startup Cost": 0.0, "Total Cost": 104821.08, "Plan Rows": 311, "Plan Width": 25, "Actual Min Startup Time": 361.711, "Actual Max Startup Time": 361.711, "Actual Min Total Time": 409.843, "Actual Max Total Time": 409.843, "Actual Total Rows": 2, "Inner Unique": true, "Plans": [{"Node Type": "Nested Loop", "Parent Relationship": "Outer", "Join Type": "Inner", "Startup Cost": 0.0, "Total Cost": 104709.2, "Plan Rows": 396, "Plan Width": 29, "Actual Min Startup Time": 130.692, "Actual Max Startup Time": 130.692, "Actual Min Total Time": 403.367, "Actual Max Total Time": 403.367, "Actual Total Rows": 2645, "Inner Unique": false, "Plans": [{"Node Type": "Streaming(type: LOCAL GATHER dop: 1/16)", "Parent Relationship": "Outer", "Startup Cost": 0.0, "Total Cost": 102608.29, "Plan Rows": 258, "Plan Width": 21, "Actual Min Startup Time": 130.644, "Actual Max Startup Time": 130.644, "Actual Min Total Time": 387.831, "Actual Max Total Time": 387.831, "Actual Total Rows": 2536, "Plans": [{"Node Type": "Index Scan", "Parent Relationship": "Outer", "Scan Direction": "Forward", "Index Name": "title_pkey", "Relation Name": "title", "Alias": "t", "Startup Cost": 0.0, "Total Cost": 102602.72, "Plan Rows": 258, "Plan Width": 21, "Actual Min Startup Time": 18.002, "Actual Max Startup Time": 40.329, "Actual Min Total Time": 337.827, "Actual Max Total Time": 389.463, "Actual Total Rows": 2536, "Filter": "((production_year > 2000) AND (((title)::text ~~ 'Birdemic%'::text) OR ((title)::text ~~ '%Movie%'::text)))", "Rows Removed by Filter": 2525775}]}, {"Node Type": "Index Scan", "Parent Relationship": "Inner", "Scan Direction": "Forward", "Index Name": "movie_id_movie_info_idx", "Relation Name": "movie_info_idx", "Alias": "mi_idx", "Startup Cost": 0.0, "Total Cost": 8.12, "Plan Rows": 2, "Plan Width": 8, "Actual Min Startup Time": 12.399, "Actual Max Startup Time": 12.399, "Actual Min Total Time": 13.401, "Actual Max Total Time": 13.401, "Actual Total Rows": 2645, "Index Cond": "(movie_id = t.id)", "Rows Removed by Index Recheck": 0}]}, {"Node Type": "Index Scan", "Parent Relationship": "Inner", "Scan Direction": "Forward", "Index Name": "info_type_pkey", "Relation Name": "info_type", "Alias": "it2", "Startup Cost": 0.0, "Total Cost": 0.27, "Plan Rows": 1, "Plan Width": 4, "Actual Min Startup Time": 5.174, "Actual Max Startup Time": 5.174, "Actual Min Total Time": 5.174, "Actual Max Total Time": 5.174, "Actual Total Rows": 2, "Index Cond": "(id = mi_idx.info_type_id)", "Rows Removed by Index Recheck": 0, "Filter": "((info)::text = 'bottom 10 rank'::text)", "Rows Removed by Filter": 2643}]}, {"Node Type": "Index Scan", "Parent Relationship": "Inner", "Scan Direction": "Forward", "Index Name": "movie_id_movie_companies", "Relation Name": "movie_companies", "Alias": "mc", "Startup Cost": 0.0, "Total Cost": 0.36, "Plan Rows": 2, "Plan Width": 12, "Actual Min Startup Time": 0.041, "Actual Max Startup Time": 0.041, "Actual Min Total Time": 0.067, "Actual Max Total Time": 0.067, "Actual Total Rows": 33, "Index Cond": "(movie_id = mi_idx.movie_id)", "Rows Removed by Index Recheck": 0}]}, {"Node Type": "Index Scan", "Parent Relationship": "Inner", "Scan Direction": "Forward", "Index Name": "company_name_pkey", "Relation Name": "company_name", "Alias": "cn", "Startup Cost": 0.0, "Total Cost": 0.28, "Plan Rows": 1, "Plan Width": 4, "Actual Min Startup Time": 0.272, "Actual Max Startup Time": 0.272, "Actual Min Total Time": 0.272, "Actual Max Total Time": 0.272, "Actual Total Rows": 10, "Index Cond": "(id = mc.company_id)", "Rows Removed by Index Recheck": 0, "Filter": "((country_code)::text = '[us]'::text)", "Rows Removed by Filter": 23}]}, {"Node Type": "Index Scan", "Parent Relationship": "Inner", "Scan Direction": "Forward", "Index Name": "movie_id_movie_info", "Relation Name": "movie_info", "Alias": "mi", "Startup Cost": 0.0, "Total Cost": 0.66, "Plan Rows": 5, "Plan Width": 50, "Actual Min Startup Time": 0.172, "Actual Max Startup Time": 0.172, "Actual Min Total Time": 0.833, "Actual Max Total Time": 0.833, "Actual Total Rows": 1210, "Index Cond": "(movie_id = mc.movie_id)", "Rows Removed by Index Recheck": 0}]}, {"Node Type": "Index Scan", "Parent Relationship": "Inner", "Scan Direction": "Forward", "Index Name": "info_type_pkey", "Relation Name": "info_type", "Alias": "it1", "Startup Cost": 0.0, "Total Cost": 0.27, "Plan Rows": 1, "Plan Width": 4, "Actual Min Startup Time": 2.173, "Actual Max Startup Time": 2.173, "Actual Min Total Time": 2.173, "Actual Max Total Time": 2.173, "Actual Total Rows": 10, "Index Cond": "(id = mi.info_type_id)", "Rows Removed by Index Recheck": 0, "Filter": "((info)::text = 'budget'::text)", "Rows Removed by Filter": 1184}]}, {"Node Type": "Index Scan", "Parent Relationship": "Inner", "Scan Direction": "Forward", "Index Name": "company_type_pkey", "Relation Name": "company_type", "Alias": "ct", "Startup Cost": 0.0, "Total Cost": 0.28, "Plan Rows": 1, "Plan Width": 4, "Actual Min Startup Time": 0.039, "Actual Max Startup Time": 0.039, "Actual Min Total Time": 0.039, "Actual Max Total Time": 0.039, "Actual Total Rows": 5, "Index Cond": "(id = mc.company_type_id)", "Rows Removed by Index Recheck": 0, "Filter": "((kind IS NOT NULL) AND (((kind)::text = 'production companies'::text) OR ((kind)::text = 'distributors'::text)))", "Rows Removed by Filter": 0}]}]}, "Triggers": [], "Planner Runtime": 67.77, "Total Runtime": 417.418, "Unique SQL Id": 1682224415}}, "(16, 94)": {"explain_plan": {"Plan": {"Node Type": "Aggregate", "Strategy": "Plain", "Startup Cost": 20100044372852.31, "Total Cost": 20100044372852.32, "Plan Rows": 1, "Plan Width": 123, "Plans": [{"Node Type": "Merge Join", "Parent Relationship": "Outer", "Join Type": "Inner", "Startup Cost": 20100044372852.02, "Total Cost": 20100044372852.27, "Plan Rows": 8, "Plan Width": 59, "Inner Unique": true, "Merge Cond": "(mc.company_type_id = ct.id)", "Plans": [{"Node Type": "Sort", "Parent Relationship": "Outer", "Startup Cost": 20100044372850.94, "Total Cost": 20100044372850.97, "Plan Rows": 14, "Plan Width": 63, "Sort Key": ["mc.company_type_id"], "Plans": [{"Node Type": "Merge Join", "Parent Relationship": "Outer", "Join Type": "Inner", "Startup Cost": 20100044372424.32, "Total Cost": 20100044372850.67, "Plan Rows": 14, "Plan Width": 63, "Inner Unique": true, "Merge Cond": "(mc.company_id = cn.id)", "Plans": [{"Node Type": "Sort", "Parent Relationship": "Outer", "Startup Cost": 20100044359546.27, "Total Cost": 20100044359546.39, "Plan Rows": 51, "Plan Width": 67, "Sort Key": ["mc.company_id"], "Plans": [{"Node Type": "Nested Loop", "Parent Relationship": "Outer", "Join Type": "Inner", "Startup Cost": 50000000000.0, "Total Cost": 20100044359544.82, "Plan Rows": 51, "Plan Width": 67, "Inner Unique": false, "Join Filter": "(t.id = mc.movie_id)", "Plans": [{"Node Type": "Streaming(type: LOCAL GATHER dop: 1/16)", "Parent Relationship": "Outer", "Startup Cost": 40000000000.0, "Total Cost": 12100044359307.18, "Plan Rows": 8, "Plan Width": 71, "Plans": [{"Node Type": "Nested Loop", "Parent Relationship": "Outer", "Join Type": "Inner", "Startup Cost": 40000000000.0, "Total Cost": 12100044359307.0, "Plan Rows": 8, "Plan Width": 71, "Inner Unique": false, "Join Filter": "(mi.movie_id = t.id)", "Plans": [{"Node Type": "Streaming(type: LOCAL REDISTRIBUTE dop: 16/16)", "Parent Relationship": "Outer", "Startup Cost": 10000000000.0, "Total Cost": 100000617621.25, "Plan Rows": 212428, "Plan Width": 46, "Plans": [{"Node Type": "Nested Loop", "Parent Relationship": "Outer", "Join Type": "Inner", "Startup Cost": 10000000000.0, "Total Cost": 100000601816.35, "Plan Rows": 212428, "Plan Width": 46, "Inner Unique": false, "Join Filter": "(it1.id = mi.info_type_id), (LLVM Optimized)", "Plans": [{"Node Type": "Streaming(type: BROADCAST dop: 16/1)", "Parent Relationship": "Outer", "Startup Cost": 0.0, "Total Cost": 15002.75, "Plan Rows": 16, "Plan Width": 4, "Plans": [{"Node Type": "Seq Scan", "Parent Relationship": "Outer", "Relation Name": "info_type", "Alias": "it1", "Startup Cost": 0.0, "Total Cost": 2.4, "Plan Rows": 1, "Plan Width": 4, "Filter": "((info)::text = 'budget'::text)"}]}, {"Node Type": "Seq Scan", "Parent Relationship": "Inner", "Relation Name": "movie_info", "Alias": "mi", "Startup Cost": 0.0, "Total Cost": 33561.73, "Plan Rows": 14869966, "Plan Width": 50}]}]}, {"Node Type": "Materialize", "Parent Relationship": "Inner", "Startup Cost": 20000000000.0, "Total Cost": 1100003814438.49, "Plan Rows": 311, "Plan Width": 25, "Plans": [{"Node Type": "Streaming(type: LOCAL REDISTRIBUTE dop: 16/16)", "Parent Relationship": "Outer", "Startup Cost": 20000000000.0, "Total Cost": 1100003814438.4, "Plan Rows": 311, "Plan Width": 25, "Plans": [{"Node Type": "Nested Loop", "Parent Relationship": "Outer", "Join Type": "Inner", "Startup Cost": 20000000000.0, "Total Cost": 1100003799437.22, "Plan Rows": 311, "Plan Width": 25, "Inner Unique": true, "Join Filter": "(mi_idx.movie_id = t.id)", "Plans": [{"Node Type": "Streaming(type: LOCAL REDISTRIBUTE dop: 16/16)", "Parent Relationship": "Outer", "Startup Cost": 10000000000.0, "Total Cost": 100000339787.69, "Plan Rows": 345008, "Plan Width": 4, "Plans": [{"Node Type": "Nested Loop", "Parent Relationship": "Outer", "Join Type": "Inner", "Startup Cost": 10000000000.0, "Total Cost": 100000323480.43, "Plan Rows": 345008, "Plan Width": 4, "Inner Unique": false, "Join Filter": "(it2.id = mi_idx.info_type_id), (LLVM Optimized)", "Plans": [{"Node Type": "Streaming(type: BROADCAST dop: 16/1)", "Parent Relationship": "Outer", "Startup Cost": 0.0, "Total Cost": 15002.75, "Plan Rows": 16, "Plan Width": 4, "Plans": [{"Node Type": "Seq Scan", "Parent Relationship": "Outer", "Relation Name": "info_type", "Alias": "it2", "Startup Cost": 0.0, "Total Cost": 2.4, "Plan Rows": 1, "Plan Width": 4, "Filter": "((info)::text = 'bottom 10 rank'::text)"}]}, {"Node Type": "Seq Scan", "Parent Relationship": "Inner", "Relation Name": "movie_info_idx", "Alias": "mi_idx", "Startup Cost": 0.0, "Total Cost": 16267.15, "Plan Rows": 1380034, "Plan Width": 8}]}]}, {"Node Type": "Materialize", "Parent Relationship": "Inner", "Startup Cost": 0.0, "Total Cost": 34940.52, "Plan Rows": 258, "Plan Width": 21, "Plans": [{"Node Type": "Streaming(type: LOCAL REDISTRIBUTE dop: 16/16)", "Parent Relationship": "Outer", "Startup Cost": 0.0, "Total Cost": 34940.44, "Plan Rows": 258, "Plan Width": 21, "Plans": [{"Node Type": "Seq Scan", "Parent Relationship": "Outer", "Relation Name": "title", "Alias": "t", "Startup Cost": 0.0, "Total Cost": 19939.47, "Plan Rows": 258, "Plan Width": 21, "Filter": "((production_year > 2000) AND (((title)::text ~~ 'Birdemic%'::text) OR ((title)::text ~~ '%Movie%'::text)))"}]}]}]}]}]}]}]}, {"Node Type": "Index Scan", "Parent Relationship": "Inner", "Scan Direction": "Forward", "Index Name": "movie_id_movie_companies", "Relation Name": "movie_companies", "Alias": "mc", "Startup Cost": 10000000000.0, "Total Cost": 1000000000029.68, "Plan Rows": 2, "Plan Width": 12, "Index Cond": "(movie_id = mi.movie_id)"}]}]}, {"Node Type": "Sort", "Parent Relationship": "Inner", "Startup Cost": 12878.05, "Total Cost": 13090.97, "Plan Rows": 85170, "Plan Width": 4, "Sort Key": ["cn.id"], "Plans": [{"Node Type": "Seq Scan", "Parent Relationship": "Outer", "Relation Name": "company_name", "Alias": "cn", "Startup Cost": 0.0, "Total Cost": 5903.45, "Plan Rows": 85170, "Plan Width": 4, "Filter": "((country_code)::text = '[us]'::text)"}]}]}]}, {"Node Type": "Sort", "Parent Relationship": "Inner", "Startup Cost": 1.05, "Total Cost": 1.06, "Plan Rows": 2, "Plan Width": 4, "Sort Key": ["ct.id"], "Plans": [{"Node Type": "Seq Scan", "Parent Relationship": "Outer", "Relation Name": "company_type", "Alias": "ct", "Startup Cost": 0.0, "Total Cost": 1.04, "Plan Rows": 2, "Plan Width": 4, "Filter": "((kind IS NOT NULL) AND (((kind)::text = 'production companies'::text) OR ((kind)::text = 'distributors'::text)))"}]}]}]}, "Unique SQL Id": 1682224415}, "explain_analyze_plan": {"Plan": {"Node Type": "Aggregate", "Strategy": "Plain", "Startup Cost": 20100044372852.31, "Total Cost": 20100044372852.32, "Plan Rows": 1, "Plan Width": 123, "Actual Min Startup Time": 769.446, "Actual Max Startup Time": 769.446, "Actual Min Total Time": 769.446, "Actual Max Total Time": 769.446, "Actual Total Rows": 1, "Plans": [{"Node Type": "Merge Join", "Parent Relationship": "Outer", "Join Type": "Inner", "Startup Cost": 20100044372852.02, "Total Cost": 20100044372852.27, "Plan Rows": 8, "Plan Width": 59, "Actual Min Startup Time": 769.41, "Actual Max Startup Time": 769.41, "Actual Min Total Time": 769.412, "Actual Max Total Time": 769.412, "Actual Total Rows": 5, "Inner Unique": true, "Merge Cond": "(mc.company_type_id = ct.id)", "Plans": [{"Node Type": "Sort", "Parent Relationship": "Outer", "Startup Cost": 20100044372850.94, "Total Cost": 20100044372850.97, "Plan Rows": 14, "Plan Width": 63, "Actual Min Startup Time": 769.358, "Actual Max Startup Time": 769.358, "Actual Min Total Time": 769.359, "Actual Max Total Time": 769.359, "Actual Total Rows": 10, "Sort Key": ["mc.company_type_id"], "Sort Method": "quicksort", "Sort Space Min Used": 25, "Sort Space Max Used": 25, "Sort Space Type": "Memory", "Plans": [{"Node Type": "Merge Join", "Parent Relationship": "Outer", "Join Type": "Inner", "Startup Cost": 20100044372424.32, "Total Cost": 20100044372850.67, "Plan Rows": 14, "Plan Width": 63, "Actual Min Startup Time": 756.962, "Actual Max Startup Time": 756.962, "Actual Min Total Time": 769.327, "Actual Max Total Time": 769.327, "Actual Total Rows": 10, "Inner Unique": true, "Merge Cond": "(mc.company_id = cn.id)", "Plans": [{"Node Type": "Sort", "Parent Relationship": "Outer", "Startup Cost": 20100044359546.27, "Total Cost": 20100044359546.39, "Plan Rows": 51, "Plan Width": 67, "Actual Min Startup Time": 638.114, "Actual Max Startup Time": 638.114, "Actual Min Total Time": 638.118, "Actual Max Total Time": 638.118, "Actual Total Rows": 33, "Sort Key": ["mc.company_id"], "Sort Method": "quicksort", "Sort Space Min Used": 28, "Sort Space Max Used": 28, "Sort Space Type": "Memory", "Plans": [{"Node Type": "Nested Loop", "Parent Relationship": "Outer", "Join Type": "Inner", "Startup Cost": 50000000000.0, "Total Cost": 20100044359544.82, "Plan Rows": 51, "Plan Width": 67, "Actual Min Startup Time": 638.03, "Actual Max Startup Time": 638.03, "Actual Min Total Time": 638.073, "Actual Max Total Time": 638.073, "Actual Total Rows": 33, "Inner Unique": false, "Join Filter": "(t.id = mc.movie_id)", "Rows Removed by Join Filter": 0, "Plans": [{"Node Type": "Streaming(type: LOCAL GATHER dop: 1/16)", "Parent Relationship": "Outer", "Startup Cost": 40000000000.0, "Total Cost": 12100044359307.18, "Plan Rows": 8, "Plan Width": 71, "Actual Min Startup Time": 637.955, "Actual Max Startup Time": 637.955, "Actual Min Total Time": 637.958, "Actual Max Total Time": 637.958, "Actual Total Rows": 2, "Plans": [{"Node Type": "Nested Loop", "Parent Relationship": "Outer", "Join Type": "Inner", "Startup Cost": 40000000000.0, "Total Cost": 12100044359307.0, "Plan Rows": 8, "Plan Width": 71, "Actual Min Startup Time": 301.89, "Actual Max Startup Time": 524.736, "Actual Min Total Time": 483.46, "Actual Max Total Time": 524.736, "Actual Total Rows": 2, "Inner Unique": false, "Join Filter": "(mi.movie_id = t.id)", "Rows Removed by Join Filter": 15398, "Plans": [{"Node Type": "Streaming(type: LOCAL REDISTRIBUTE dop: 16/16)", "Parent Relationship": "Outer", "Startup Cost": 10000000000.0, "Total Cost": 100000617621.25, "Plan Rows": 212428, "Plan Width": 46, "Actual Min Startup Time": 198.059, "Actual Max Startup Time": 200.276, "Actual Min Total Time": 388.563, "Actual Max Total Time": 391.116, "Actual Total Rows": 121863, "Plans": [{"Node Type": "Nested Loop", "Parent Relationship": "Outer", "Join Type": "Inner", "Startup Cost": 10000000000.0, "Total Cost": 100000601816.35, "Plan Rows": 212428, "Plan Width": 46, "Actual Min Startup Time": 231.024, "Actual Max Startup Time": 252.305, "Actual Min Total Time": 395.211, "Actual Max Total Time": 431.371, "Actual Total Rows": 121863, "Inner Unique": false, "Join Filter": "(it1.id = mi.info_type_id), (LLVM Optimized)", "Rows Removed by Join Filter": 14713856, "Plans": [{"Node Type": "Streaming(type: BROADCAST dop: 16/1)", "Parent Relationship": "Outer", "Startup Cost": 0.0, "Total Cost": 15002.75, "Plan Rows": 16, "Plan Width": 4, "Actual Min Startup Time": 0.002, "Actual Max Startup Time": 0.006, "Actual Min Total Time": 0.003, "Actual Max Total Time": 0.01, "Actual Total Rows": 16, "Plans": [{"Node Type": "Seq Scan", "Parent Relationship": "Outer", "Relation Name": "info_type", "Alias": "it1", "Startup Cost": 0.0, "Total Cost": 2.4, "Plan Rows": 1, "Plan Width": 4, "Actual Min Startup Time": 0.05, "Actual Max Startup Time": 0.05, "Actual Min Total Time": 0.055, "Actual Max Total Time": 0.055, "Actual Total Rows": 1, "Filter": "((info)::text = 'budget'::text)", "Rows Removed by Filter": 111}]}, {"Node Type": "Seq Scan", "Parent Relationship": "Inner", "Relation Name": "movie_info", "Alias": "mi", "Startup Cost": 0.0, "Total Cost": 33561.73, "Plan Rows": 14869966, "Plan Width": 50, "Actual Min Startup Time": 0.029, "Actual Max Startup Time": 0.048, "Actual Min Total Time": 219.762, "Actual Max Total Time": 252.985, "Actual Total Rows": 14835719}]}]}, {"Node Type": "Materialize", "Parent Relationship": "Inner", "Startup Cost": 20000000000.0, "Total Cost": 1100003814438.49, "Plan Rows": 311, "Plan Width": 25, "Actual Min Startup Time": 91.031, "Actual Max Startup Time": 132.263, "Actual Min Total Time": 91.031, "Actual Max Total Time": 132.263, "Actual Total Rows": 15402, "Plans": [{"Node Type": "Streaming(type: LOCAL REDISTRIBUTE dop: 16/16)", "Parent Relationship": "Outer", "Startup Cost": 20000000000.0, "Total Cost": 1100003814438.4, "Plan Rows": 311, "Plan Width": 25, "Actual Min Startup Time": 90.276, "Actual Max Startup Time": 131.534, "Actual Min Total Time": 90.281, "Actual Max Total Time": 131.534, "Actual Total Rows": 2, "Plans": [{"Node Type": "Nested Loop", "Parent Relationship": "Outer", "Join Type": "Inner", "Startup Cost": 20000000000.0, "Total Cost": 1100003799437.22, "Plan Rows": 311, "Plan Width": 25, "Actual Min Startup Time": 88.258, "Actual Max Startup Time": 97.876, "Actual Min Total Time": 89.906, "Actual Max Total Time": 97.876, "Actual Total Rows": 2, "Inner Unique": true, "Join Filter": "(mi_idx.movie_id = t.id)", "Rows Removed by Join Filter": 1488, "Plans": [{"Node Type": "Streaming(type: LOCAL REDISTRIBUTE dop: 16/16)", "Parent Relationship": "Outer", "Startup Cost": 10000000000.0, "Total Cost": 100000339787.69, "Plan Rows": 345008, "Plan Width": 4, "Actual Min Startup Time": 0.03, "Actual Max Startup Time": 5.821, "Actual Min Total Time": 5.669, "Actual Max Total Time": 5.821, "Actual Total Rows": 10, "Plans": [{"Node Type": "Nested Loop", "Parent Relationship": "Outer", "Join Type": "Inner", "Startup Cost": 10000000000.0, "Total Cost": 100000323480.43, "Plan Rows": 345008, "Plan Width": 4, "Actual Min Startup Time": 34.865, "Actual Max Startup Time": 51.297, "Actual Min Total Time": 34.865, "Actual Max Total Time": 51.297, "Actual Total Rows": 10, "Inner Unique": false, "Join Filter": "(it2.id = mi_idx.info_type_id), (LLVM Optimized)", "Rows Removed by Join Filter": 1380024, "Plans": [{"Node Type": "Streaming(type: BROADCAST dop: 16/1)", "Parent Relationship": "Outer", "Startup Cost": 0.0, "Total Cost": 15002.75, "Plan Rows": 16, "Plan Width": 4, "Actual Min Startup Time": 0.002, "Actual Max Startup Time": 14.141, "Actual Min Total Time": 0.003, "Actual Max Total Time": 14.143, "Actual Total Rows": 16, "Plans": [{"Node Type": "Seq Scan", "Parent Relationship": "Outer", "Relation Name": "info_type", "Alias": "it2", "Startup Cost": 0.0, "Total Cost": 2.4, "Plan Rows": 1, "Plan Width": 4, "Actual Min Startup Time": 0.061, "Actual Max Startup Time": 0.061, "Actual Min Total Time": 0.064, "Actual Max Total Time": 0.064, "Actual Total Rows": 1, "Filter": "((info)::text = 'bottom 10 rank'::text)", "Rows Removed by Filter": 111}]}, {"Node Type": "Seq Scan", "Parent Relationship": "Inner", "Relation Name": "movie_info_idx", "Alias": "mi_idx", "Startup Cost": 0.0, "Total Cost": 16267.15, "Plan Rows": 1380034, "Plan Width": 8, "Actual Min Startup Time": 0.032, "Actual Max Startup Time": 0.071, "Actual Min Total Time": 18.641, "Actual Max Total Time": 23.938, "Actual Total Rows": 1380034}]}]}, {"Node Type": "Materialize", "Parent Relationship": "Inner", "Startup Cost": 0.0, "Total Cost": 34940.52, "Plan Rows": 258, "Plan Width": 21, "Actual Min Startup Time": 84.065, "Actual Max Startup Time": 92.041, "Actual Min Total Time": 84.065, "Actual Max Total Time": 92.041, "Actual Total Rows": 1506, "Plans": [{"Node Type": "Streaming(type: LOCAL REDISTRIBUTE dop: 16/16)", "Parent Relationship": "Outer", "Startup Cost": 0.0, "Total Cost": 34940.44, "Plan Rows": 258, "Plan Width": 21, "Actual Min Startup Time": 31.731, "Actual Max Startup Time": 39.7, "Actual Min Total Time": 84.02, "Actual Max Total Time": 92.008, "Actual Total Rows": 2536, "Plans": [{"Node Type": "Seq Scan", "Parent Relationship": "Outer", "Relation Name": "title", "Alias": "t", "Startup Cost": 0.0, "Total Cost": 19939.47, "Plan Rows": 258, "Plan Width": 21, "Actual Min Startup Time": 0.061, "Actual Max Startup Time": 5.394, "Actual Min Total Time": 80.852, "Actual Max Total Time": 85.837, "Actual Total Rows": 2536, "Filter": "((production_year > 2000) AND (((title)::text ~~ 'Birdemic%'::text) OR ((title)::text ~~ '%Movie%'::text)))", "Rows Removed by Filter": 2525775}]}]}]}]}]}]}]}, {"Node Type": "Index Scan", "Parent Relationship": "Inner", "Scan Direction": "Forward", "Index Name": "movie_id_movie_companies", "Relation Name": "movie_companies", "Alias": "mc", "Startup Cost": 10000000000.0, "Total Cost": 1000000000029.68, "Plan Rows": 2, "Plan Width": 12, "Actual Min Startup Time": 0.056, "Actual Max Startup Time": 0.056, "Actual Min Total Time": 0.066, "Actual Max Total Time": 0.066, "Actual Total Rows": 33, "Index Cond": "(movie_id = mi.movie_id)", "Rows Removed by Index Recheck": 0}]}]}, {"Node Type": "Sort", "Parent Relationship": "Inner", "Startup Cost": 12878.05, "Total Cost": 13090.97, "Plan Rows": 85170, "Plan Width": 4, "Actual Min Startup Time": 118.573, "Actual Max Startup Time": 118.573, "Actual Min Total Time": 124.462, "Actual Max Total Time": 124.462, "Actual Total Rows": 50295, "Sort Key": ["cn.id"], "Sort Method": "quicksort", "Sort Space Min Used": 8375, "Sort Space Max Used": 8375, "Sort Space Type": "Memory", "Plans": [{"Node Type": "Seq Scan", "Parent Relationship": "Outer", "Relation Name": "company_name", "Alias": "cn", "Startup Cost": 0.0, "Total Cost": 5903.45, "Plan Rows": 85170, "Plan Width": 4, "Actual Min Startup Time": 0.024, "Actual Max Startup Time": 0.024, "Actual Min Total Time": 88.103, "Actual Max Total Time": 88.103, "Actual Total Rows": 84843, "Filter": "((country_code)::text = '[us]'::text)", "Rows Removed by Filter": 150153}]}]}]}, {"Node Type": "Sort", "Parent Relationship": "Inner", "Startup Cost": 1.05, "Total Cost": 1.06, "Plan Rows": 2, "Plan Width": 4, "Actual Min Startup Time": 0.043, "Actual Max Startup Time": 0.043, "Actual Min Total Time": 0.043, "Actual Max Total Time": 0.043, "Actual Total Rows": 1, "Sort Key": ["ct.id"], "Sort Method": "quicksort", "Sort Space Min Used": 25, "Sort Space Max Used": 25, "Sort Space Type": "Memory", "Plans": [{"Node Type": "Seq Scan", "Parent Relationship": "Outer", "Relation Name": "company_type", "Alias": "ct", "Startup Cost": 0.0, "Total Cost": 1.04, "Plan Rows": 2, "Plan Width": 4, "Actual Min Startup Time": 0.022, "Actual Max Startup Time": 0.022, "Actual Min Total Time": 0.026, "Actual Max Total Time": 0.026, "Actual Total Rows": 1, "Filter": "((kind IS NOT NULL) AND (((kind)::text = 'production companies'::text) OR ((kind)::text = 'distributors'::text)))", "Rows Removed by Filter": 2}]}]}]}, "Triggers": [], "Planner Runtime": 122.963, "Total Runtime": 797.711, "Unique SQL Id": 1682224415}}, "(16, 95)": {"explain_plan": {"Plan": {"Node Type": "Aggregate", "Strategy": "Plain", "Startup Cost": 7996295437599.52, "Total Cost": 7996295437599.53, "Plan Rows": 1, "Plan Width": 123, "Plans": [{"Node Type": "Merge Join", "Parent Relationship": "Outer", "Join Type": "Inner", "Startup Cost": 7006294387245.74, "Total Cost": 7996295437599.28, "Plan Rows": 48, "Plan Width": 59, "Inner Unique": true, "Merge Cond": "(mc.company_id = cn.id)", "Plans": [{"Node Type": "Sort", "Parent Relationship": "Outer", "Startup Cost": 6996294387245.73, "Total Cost": 6996294387245.97, "Plan Rows": 98, "Plan Width": 63, "Sort Key": ["mc.company_id"], "Plans": [{"Node Type": "Merge Join", "Parent Relationship": "Outer", "Join Type": "Inner", "Startup Cost": 6006294385803.55, "Total Cost": 6996294387242.48, "Plan Rows": 98, "Plan Width": 63, "Inner Unique": true, "Merge Cond": "(mi.info_type_id = it1.id)", "Plans": [{"Node Type": "Sort", "Parent Relationship": "Outer", "Startup Cost": 5996294385802.56, "Total Cost": 5996294385811.63, "Plan Rows": 3629, "Plan Width": 67, "Sort Key": ["mi.info_type_id"], "Plans": [{"Node Type": "Merge Join", "Parent Relationship": "Outer", "Join Type": "Inner", "Startup Cost": 4020011495603.29, "Total Cost": 5996294385587.99, "Plan Rows": 3629, "Plan Width": 67, "Inner Unique": false, "Merge Cond": "(mc.movie_id = t.id)", "Plans": [{"Node Type": "Sort", "Parent Relationship": "Outer", "Startup Cost": 2000009630131.7, "Total Cost": 2000009636654.52, "Plan Rows": 2609128, "Plan Width": 8, "Sort Key": ["mc.movie_id"], "Plans": [{"Node Type": "Merge Join", "Parent Relationship": "Outer", "Join Type": "Inner", "Startup Cost": 504554486367.56, "Total Cost": 2000009352062.11, "Plan Rows": 2609128, "Plan Width": 8, "Inner Unique": false, "Merge Cond": "(ct.id = mc.company_type_id)", "Plans": [{"Node Type": "Index Scan", "Parent Relationship": "Outer", "Scan Direction": "Forward", "Index Name": "company_type_pkey", "Relation Name": "company_type", "Alias": "ct", "Startup Cost": 10000000000.0, "Total Cost": 1000000001231.0, "Plan Rows": 2, "Plan Width": 4, "Filter": "((kind IS NOT NULL) AND (((kind)::text = 'production companies'::text) OR ((kind)::text = 'distributors'::text)))"}, {"Node Type": "Index Scan", "Parent Relationship": "Inner", "Scan Direction": "Forward", "Index Name": "company_type_id_movie_companies", "Relation Name": "movie_companies", "Alias": "mc", "Startup Cost": 10000000000.0, "Total Cost": 1000009318217.0, "Plan Rows": 2609128, "Plan Width": 12}]}]}, {"Node Type": "Materialize", "Parent Relationship": "Inner", "Startup Cost": 2020001865471.59, "Total Cost": 3998670116987.32, "Plan Rows": 1659, "Plan Width": 75, "Plans": [{"Node Type": "Merge Join", "Parent Relationship": "Outer", "Join Type": "Inner", "Startup Cost": 2020001865471.59, "Total Cost": 3998670116983.17, "Plan Rows": 1659, "Plan Width": 75, "Inner Unique": false, "Merge Cond": "(mi_idx.movie_id = t.id)", "Plans": [{"Node Type": "Sort", "Parent Relationship": "Outer", "Startup Cost": 2000001865471.58, "Total Cost": 2000001866334.1, "Plan Rows": 345008, "Plan Width": 4, "Sort Key": ["mi_idx.movie_id"], "Plans": [{"Node Type": "Nested Loop", "Parent Relationship": "Outer", "Join Type": "Inner", "Startup Cost": 20000007502.06, "Total Cost": 2000001833737.28, "Plan Rows": 345008, "Plan Width": 4, "Inner Unique": false, "Plans": [{"Node Type": "Index Scan", "Parent Relationship": "Outer", "Scan Direction": "Forward", "Index Name": "info_type_pkey", "Relation Name": "info_type", "Alias": "it2", "Startup Cost": 10000000000.0, "Total Cost": 1000000001421.0, "Plan Rows": 1, "Plan Width": 4, "Filter": "((info)::text = 'bottom 10 rank'::text)"}, {"Node Type": "Bitmap Heap Scan", "Parent Relationship": "Inner", "Relation Name": "movie_info_idx", "Alias": "mi_idx", "Startup Cost": 10000007502.06, "Total Cost": 1000001828866.2, "Plan Rows": 345008, "Plan Width": 8, "Recheck Cond": "(info_type_id = it2.id), (LLVM Optimized)", "Plans": [{"Node Type": "Bitmap Index Scan", "Parent Relationship": "Outer", "Index Name": "info_type_id_movie_info_idx", "Startup Cost": 0.0, "Total Cost": 7415.81, "Plan Rows": 345008, "Plan Width": 0, "Index Cond": "(info_type_id = it2.id)"}]}]}]}, {"Node Type": "Materialize", "Parent Relationship": "Inner", "Startup Cost": 20000000000.0, "Total Cost": 2000116762393.22, "Plan Rows": 1367, "Plan Width": 71, "Plans": [{"Node Type": "Merge Join", "Parent Relationship": "Outer", "Join Type": "Inner", "Startup Cost": 20000000000.0, "Total Cost": 2000116762389.8, "Plan Rows": 1367, "Plan Width": 71, "Inner Unique": true, "Merge Cond": "(mi.movie_id = t.id)", "Plans": [{"Node Type": "Index Scan", "Parent Relationship": "Outer", "Scan Direction": "Forward", "Index Name": "movie_id_movie_info", "Relation Name": "movie_info", "Alias": "mi", "Startup Cost": 10000000000.0, "Total Cost": 1000103816912.22, "Plan Rows": 14869966, "Plan Width": 50}, {"Node Type": "Materialize", "Parent Relationship": "Inner", "Startup Cost": 10000000000.0, "Total Cost": 1000012908282.81, "Plan Rows": 258, "Plan Width": 21, "Plans": [{"Node Type": "Index Scan", "Parent Relationship": "Outer", "Scan Direction": "Forward", "Index Name": "title_pkey", "Relation Name": "title", "Alias": "t", "Startup Cost": 10000000000.0, "Total Cost": 1000012908282.16, "Plan Rows": 258, "Plan Width": 21, "Filter": "((production_year > 2000) AND (((title)::text ~~ 'Birdemic%'::text) OR ((title)::text ~~ '%Movie%'::text)))"}]}]}]}]}]}]}]}, {"Node Type": "Materialize", "Parent Relationship": "Inner", "Startup Cost": 10000000000.0, "Total Cost": 1000000001421.0, "Plan Rows": 1, "Plan Width": 4, "Plans": [{"Node Type": "Index Scan", "Parent Relationship": "Outer", "Scan Direction": "Forward", "Index Name": "info_type_pkey", "Relation Name": "info_type", "Alias": "it1", "Startup Cost": 10000000000.0, "Total Cost": 1000000001421.0, "Plan Rows": 1, "Plan Width": 4, "Filter": "((info)::text = 'budget'::text)"}]}]}]}, {"Node Type": "Index Scan", "Parent Relationship": "Inner", "Scan Direction": "Forward", "Index Name": "company_name_pkey", "Relation Name": "company_name", "Alias": "cn", "Startup Cost": 10000000000.0, "Total Cost": 1000001050138.97, "Plan Rows": 85170, "Plan Width": 4, "Filter": "((country_code)::text = '[us]'::text)"}]}]}, "Unique SQL Id": 1682224415}, "explain_analyze_plan": null}, "(16, 96)": {"explain_plan": {"Plan": {"Node Type": "Aggregate", "Strategy": "Plain", "Startup Cost": 22588.16, "Total Cost": 22588.17, "Plan Rows": 1, "Plan Width": 123, "Plans": [{"Node Type": "Nested Loop", "Parent Relationship": "Outer", "Join Type": "Inner", "Startup Cost": 2.41, "Total Cost": 22587.92, "Plan Rows": 48, "Plan Width": 59, "Inner Unique": true, "Plans": [{"Node Type": "Nested Loop", "Parent Relationship": "Outer", "Join Type": "Inner", "Startup Cost": 2.41, "Total Cost": 22574.24, "Plan Rows": 48, "Plan Width": 63, "Inner Unique": true, "Plans": [{"Node Type": "Nested Loop", "Parent Relationship": "Outer", "Join Type": "Inner", "Startup Cost": 2.41, "Total Cost": 22510.96, "Plan Rows": 220, "Plan Width": 67, "Inner Unique": false, "Join Filter": "(t.id = mc.movie_id)", "Plans": [{"Node Type": "Hash Join", "Parent Relationship": "Outer", "Join Type": "Inner", "Startup Cost": 2.41, "Total Cost": 22477.81, "Plan Rows": 103, "Plan Width": 71, "Inner Unique": true, "Hash Cond": "(mi.info_type_id = it1.id)", "Plans": [{"Node Type": "Nested Loop", "Parent Relationship": "Outer", "Join Type": "Inner", "Startup Cost": 0.0, "Total Cost": 22471.0, "Plan Rows": 1659, "Plan Width": 75, "Inner Unique": false, "Join Filter": "(t.id = mi.movie_id)", "Plans": [{"Node Type": "Nested Loop", "Parent Relationship": "Outer", "Join Type": "Inner", "Startup Cost": 0.0, "Total Cost": 22157.82, "Plan Rows": 311, "Plan Width": 25, "Inner Unique": true, "Plans": [{"Node Type": "Nested Loop", "Parent Relationship": "Outer", "Join Type": "Inner", "Startup Cost": 0.0, "Total Cost": 22045.95, "Plan Rows": 396, "Plan Width": 29, "Inner Unique": false, "Plans": [{"Node Type": "Streaming(type: LOCAL GATHER dop: 1/16)", "Parent Relationship": "Outer", "Startup Cost": 0.0, "Total Cost": 19945.03, "Plan Rows": 258, "Plan Width": 21, "Plans": [{"Node Type": "Seq Scan", "Parent Relationship": "Outer", "Relation Name": "title", "Alias": "t", "Startup Cost": 0.0, "Total Cost": 19939.47, "Plan Rows": 258, "Plan Width": 21, "Filter": "((production_year > 2000) AND (((title)::text ~~ 'Birdemic%'::text) OR ((title)::text ~~ '%Movie%'::text)))"}]}, {"Node Type": "Index Scan", "Parent Relationship": "Inner", "Scan Direction": "Forward", "Index Name": "movie_id_movie_info_idx", "Relation Name": "movie_info_idx", "Alias": "mi_idx", "Startup Cost": 0.0, "Total Cost": 8.12, "Plan Rows": 2, "Plan Width": 8, "Index Cond": "(movie_id = t.id)"}]}, {"Node Type": "Index Scan", "Parent Relationship": "Inner", "Scan Direction": "Forward", "Index Name": "info_type_pkey", "Relation Name": "info_type", "Alias": "it2", "Startup Cost": 0.0, "Total Cost": 0.27, "Plan Rows": 1, "Plan Width": 4, "Index Cond": "(id = mi_idx.info_type_id)", "Filter": "((info)::text = 'bottom 10 rank'::text)"}]}, {"Node Type": "Index Scan", "Parent Relationship": "Inner", "Scan Direction": "Forward", "Index Name": "movie_id_movie_info", "Relation Name": "movie_info", "Alias": "mi", "Startup Cost": 0.0, "Total Cost": 0.94, "Plan Rows": 5, "Plan Width": 50, "Index Cond": "(movie_id = mi_idx.movie_id)"}]}, {"Node Type": "Hash", "Parent Relationship": "Inner", "Startup Cost": 2.4, "Total Cost": 2.4, "Plan Rows": 1, "Plan Width": 4, "Plans": [{"Node Type": "Seq Scan", "Parent Relationship": "Outer", "Relation Name": "info_type", "Alias": "it1", "Startup Cost": 0.0, "Total Cost": 2.4, "Plan Rows": 1, "Plan Width": 4, "Filter": "((info)::text = 'budget'::text)"}]}]}, {"Node Type": "Index Scan", "Parent Relationship": "Inner", "Scan Direction": "Forward", "Index Name": "movie_id_movie_companies", "Relation Name": "movie_companies", "Alias": "mc", "Startup Cost": 0.0, "Total Cost": 0.3, "Plan Rows": 2, "Plan Width": 12, "Index Cond": "(movie_id = mi.movie_id)"}]}, {"Node Type": "Index Scan", "Parent Relationship": "Inner", "Scan Direction": "Forward", "Index Name": "company_name_pkey", "Relation Name": "company_name", "Alias": "cn", "Startup Cost": 0.0, "Total Cost": 0.28, "Plan Rows": 1, "Plan Width": 4, "Index Cond": "(id = mc.company_id)", "Filter": "((country_code)::text = '[us]'::text)"}]}, {"Node Type": "Index Scan", "Parent Relationship": "Inner", "Scan Direction": "Forward", "Index Name": "company_type_pkey", "Relation Name": "company_type", "Alias": "ct", "Startup Cost": 0.0, "Total Cost": 0.28, "Plan Rows": 1, "Plan Width": 4, "Index Cond": "(id = mc.company_type_id)", "Filter": "((kind IS NOT NULL) AND (((kind)::text = 'production companies'::text) OR ((kind)::text = 'distributors'::text)))"}]}]}, "Unique SQL Id": 1682224415}, "explain_analyze_plan": {"Plan": {"Node Type": "Aggregate", "Strategy": "Plain", "Startup Cost": 22588.16, "Total Cost": 22588.17, "Plan Rows": 1, "Plan Width": 123, "Actual Min Startup Time": 127.614, "Actual Max Startup Time": 127.614, "Actual Min Total Time": 127.615, "Actual Max Total Time": 127.615, "Actual Total Rows": 1, "Plans": [{"Node Type": "Nested Loop", "Parent Relationship": "Outer", "Join Type": "Inner", "Startup Cost": 2.41, "Total Cost": 22587.92, "Plan Rows": 48, "Plan Width": 59, "Actual Min Startup Time": 101.959, "Actual Max Startup Time": 101.959, "Actual Min Total Time": 127.574, "Actual Max Total Time": 127.574, "Actual Total Rows": 5, "Inner Unique": true, "Plans": [{"Node Type": "Nested Loop", "Parent Relationship": "Outer", "Join Type": "Inner", "Startup Cost": 2.41, "Total Cost": 22574.24, "Plan Rows": 48, "Plan Width": 63, "Actual Min Startup Time": 101.795, "Actual Max Startup Time": 101.795, "Actual Min Total Time": 127.526, "Actual Max Total Time": 127.526, "Actual Total Rows": 10, "Inner Unique": true, "Plans": [{"Node Type": "Nested Loop", "Parent Relationship": "Outer", "Join Type": "Inner", "Startup Cost": 2.41, "Total Cost": 22510.96, "Plan Rows": 220, "Plan Width": 67, "Actual Min Startup Time": 101.672, "Actual Max Startup Time": 101.672, "Actual Min Total Time": 127.228, "Actual Max Total Time": 127.228, "Actual Total Rows": 33, "Inner Unique": false, "Join Filter": "(t.id = mc.movie_id)", "Rows Removed by Join Filter": 0, "Plans": [{"Node Type": "Hash Join", "Parent Relationship": "Outer", "Join Type": "Inner", "Startup Cost": 2.41, "Total Cost": 22477.81, "Plan Rows": 103, "Plan Width": 71, "Actual Min Startup Time": 101.638, "Actual Max Startup Time": 101.638, "Actual Min Total Time": 127.1, "Actual Max Total Time": 127.1, "Actual Total Rows": 2, "Inner Unique": true, "Hash Cond": "(mi.info_type_id = it1.id)", "Plans": [{"Node Type": "Nested Loop", "Parent Relationship": "Outer", "Join Type": "Inner", "Startup Cost": 0.0, "Total Cost": 22471.0, "Plan Rows": 1659, "Plan Width": 75, "Actual Min Startup Time": 101.293, "Actual Max Startup Time": 101.293, "Actual Min Total Time": 126.887, "Actual Max Total Time": 126.887, "Actual Total Rows": 221, "Inner Unique": false, "Join Filter": "(t.id = mi.movie_id)", "Rows Removed by Join Filter": 0, "Plans": [{"Node Type": "Nested Loop", "Parent Relationship": "Outer", "Join Type": "Inner", "Startup Cost": 0.0, "Total Cost": 22157.82, "Plan Rows": 311, "Plan Width": 25, "Actual Min Startup Time": 101.236, "Actual Max Startup Time": 101.236, "Actual Min Total Time": 126.507, "Actual Max Total Time": 126.507, "Actual Total Rows": 2, "Inner Unique": true, "Plans": [{"Node Type": "Nested Loop", "Parent Relationship": "Outer", "Join Type": "Inner", "Startup Cost": 0.0, "Total Cost": 22045.95, "Plan Rows": 396, "Plan Width": 29, "Actual Min Startup Time": 94.353, "Actual Max Startup Time": 94.353, "Actual Min Total Time": 120.322, "Actual Max Total Time": 120.322, "Actual Total Rows": 2645, "Inner Unique": false, "Plans": [{"Node Type": "Streaming(type: LOCAL GATHER dop: 1/16)", "Parent Relationship": "Outer", "Startup Cost": 0.0, "Total Cost": 19945.03, "Plan Rows": 258, "Plan Width": 21, "Actual Min Startup Time": 94.282, "Actual Max Startup Time": 94.282, "Actual Min Total Time": 103.611, "Actual Max Total Time": 103.611, "Actual Total Rows": 2536, "Plans": [{"Node Type": "Seq Scan", "Parent Relationship": "Outer", "Relation Name": "title", "Alias": "t", "Startup Cost": 0.0, "Total Cost": 19939.47, "Plan Rows": 258, "Plan Width": 21, "Actual Min Startup Time": 0.047, "Actual Max Startup Time": 5.682, "Actual Min Total Time": 84.492, "Actual Max Total Time": 89.102, "Actual Total Rows": 2536, "Filter": "((production_year > 2000) AND (((title)::text ~~ 'Birdemic%'::text) OR ((title)::text ~~ '%Movie%'::text)))", "Rows Removed by Filter": 2525775}]}, {"Node Type": "Index Scan", "Parent Relationship": "Inner", "Scan Direction": "Forward", "Index Name": "movie_id_movie_info_idx", "Relation Name": "movie_info_idx", "Alias": "mi_idx", "Startup Cost": 0.0, "Total Cost": 8.12, "Plan Rows": 2, "Plan Width": 8, "Actual Min Startup Time": 13.777, "Actual Max Startup Time": 13.777, "Actual Min Total Time": 14.843, "Actual Max Total Time": 14.843, "Actual Total Rows": 2645, "Index Cond": "(movie_id = t.id)", "Rows Removed by Index Recheck": 0}]}, {"Node Type": "Index Scan", "Parent Relationship": "Inner", "Scan Direction": "Forward", "Index Name": "info_type_pkey", "Relation Name": "info_type", "Alias": "it2", "Startup Cost": 0.0, "Total Cost": 0.27, "Plan Rows": 1, "Plan Width": 4, "Actual Min Startup Time": 4.98, "Actual Max Startup Time": 4.98, "Actual Min Total Time": 4.98, "Actual Max Total Time": 4.98, "Actual Total Rows": 2, "Index Cond": "(id = mi_idx.info_type_id)", "Rows Removed by Index Recheck": 0, "Filter": "((info)::text = 'bottom 10 rank'::text)", "Rows Removed by Filter": 2643}]}, {"Node Type": "Index Scan", "Parent Relationship": "Inner", "Scan Direction": "Forward", "Index Name": "movie_id_movie_info", "Relation Name": "movie_info", "Alias": "mi", "Startup Cost": 0.0, "Total Cost": 0.94, "Plan Rows": 5, "Plan Width": 50, "Actual Min Startup Time": 0.058, "Actual Max Startup Time": 0.058, "Actual Min Total Time": 0.262, "Actual Max Total Time": 0.262, "Actual Total Rows": 221, "Index Cond": "(movie_id = mi_idx.movie_id)", "Rows Removed by Index Recheck": 0}]}, {"Node Type": "Hash", "Parent Relationship": "Inner", "Startup Cost": 2.4, "Total Cost": 2.4, "Plan Rows": 1, "Plan Width": 4, "Actual Min Startup Time": 0.104, "Actual Max Startup Time": 0.104, "Actual Min Total Time": 0.104, "Actual Max Total Time": 0.104, "Actual Total Rows": 1, "Max Hash Buckets": 32768, "Min Hash Buckets": 32768, "Max Hash Batches": 1, "Min Hash Batches": 1, "Max Original Hash Batches": 1, "Min Original Hash Batches": 1, "Max Peak Memory Usage": 1, "min Peak Memory Usage": 1, "Plans": [{"Node Type": "Seq Scan", "Parent Relationship": "Outer", "Relation Name": "info_type", "Alias": "it1", "Startup Cost": 0.0, "Total Cost": 2.4, "Plan Rows": 1, "Plan Width": 4, "Actual Min Startup Time": 0.078, "Actual Max Startup Time": 0.078, "Actual Min Total Time": 0.086, "Actual Max Total Time": 0.086, "Actual Total Rows": 1, "Filter": "((info)::text = 'budget'::text)", "Rows Removed by Filter": 111}]}]}, {"Node Type": "Index Scan", "Parent Relationship": "Inner", "Scan Direction": "Forward", "Index Name": "movie_id_movie_companies", "Relation Name": "movie_companies", "Alias": "mc", "Startup Cost": 0.0, "Total Cost": 0.3, "Plan Rows": 2, "Plan Width": 12, "Actual Min Startup Time": 0.04, "Actual Max Startup Time": 0.04, "Actual Min Total Time": 0.062, "Actual Max Total Time": 0.062, "Actual Total Rows": 33, "Index Cond": "(movie_id = mi.movie_id)", "Rows Removed by Index Recheck": 0}]}, {"Node Type": "Index Scan", "Parent Relationship": "Inner", "Scan Direction": "Forward", "Index Name": "company_name_pkey", "Relation Name": "company_name", "Alias": "cn", "Startup Cost": 0.0, "Total Cost": 0.28, "Plan Rows": 1, "Plan Width": 4, "Actual Min Startup Time": 0.267, "Actual Max Startup Time": 0.267, "Actual Min Total Time": 0.267, "Actual Max Total Time": 0.267, "Actual Total Rows": 10, "Index Cond": "(id = mc.company_id)", "Rows Removed by Index Recheck": 0, "Filter": "((country_code)::text = '[us]'::text)", "Rows Removed by Filter": 23}]}, {"Node Type": "Index Scan", "Parent Relationship": "Inner", "Scan Direction": "Forward", "Index Name": "company_type_pkey", "Relation Name": "company_type", "Alias": "ct", "Startup Cost": 0.0, "Total Cost": 0.28, "Plan Rows": 1, "Plan Width": 4, "Actual Min Startup Time": 0.03, "Actual Max Startup Time": 0.03, "Actual Min Total Time": 0.03, "Actual Max Total Time": 0.03, "Actual Total Rows": 5, "Index Cond": "(id = mc.company_type_id)", "Rows Removed by Index Recheck": 0, "Filter": "((kind IS NOT NULL) AND (((kind)::text = 'production companies'::text) OR ((kind)::text = 'distributors'::text)))", "Rows Removed by Filter": 0}]}]}, "Triggers": [], "Planner Runtime": 227.628, "Total Runtime": 130.69, "Unique SQL Id": 1682224415}}, "(16, 97)": {"explain_plan": {"Plan": {"Node Type": "Aggregate", "Strategy": "Plain", "Startup Cost": 105409.0, "Total Cost": 105409.01, "Plan Rows": 1, "Plan Width": 123, "Plans": [{"Node Type": "Nested Loop", "Parent Relationship": "Outer", "Join Type": "Inner", "Startup Cost": 0.0, "Total Cost": 105408.76, "Plan Rows": 48, "Plan Width": 59, "Inner Unique": true, "Plans": [{"Node Type": "Nested Loop", "Parent Relationship": "Outer", "Join Type": "Inner", "Startup Cost": 0.0, "Total Cost": 105395.08, "Plan Rows": 48, "Plan Width": 63, "Inner Unique": true, "Plans": [{"Node Type": "Nested Loop", "Parent Relationship": "Outer", "Join Type": "Inner", "Startup Cost": 0.0, "Total Cost": 105325.02, "Plan Rows": 248, "Plan Width": 67, "Inner Unique": false, "Join Filter": "(t.id = mi.movie_id)", "Plans": [{"Node Type": "Nested Loop", "Parent Relationship": "Outer", "Join Type": "Inner", "Startup Cost": 0.0, "Total Cost": 105002.25, "Plan Rows": 444, "Plan Width": 33, "Inner Unique": true, "Plans": [{"Node Type": "Nested Loop", "Parent Relationship": "Outer", "Join Type": "Inner", "Startup Cost": 0.0, "Total Cost": 104941.85, "Plan Rows": 210, "Plan Width": 37, "Inner Unique": false, "Join Filter": "(t.id = mc.movie_id)", "Plans": [{"Node Type": "Nested Loop", "Parent Relationship": "Outer", "Join Type": "Inner", "Startup Cost": 0.0, "Total Cost": 104821.08, "Plan Rows": 311, "Plan Width": 25, "Inner Unique": true, "Plans": [{"Node Type": "Nested Loop", "Parent Relationship": "Outer", "Join Type": "Inner", "Startup Cost": 0.0, "Total Cost": 104709.2, "Plan Rows": 396, "Plan Width": 29, "Inner Unique": false, "Plans": [{"Node Type": "Streaming(type: LOCAL GATHER dop: 1/16)", "Parent Relationship": "Outer", "Startup Cost": 0.0, "Total Cost": 102608.29, "Plan Rows": 258, "Plan Width": 21, "Plans": [{"Node Type": "Index Scan", "Parent Relationship": "Outer", "Scan Direction": "Forward", "Index Name": "title_pkey", "Relation Name": "title", "Alias": "t", "Startup Cost": 0.0, "Total Cost": 102602.72, "Plan Rows": 258, "Plan Width": 21, "Filter": "((production_year > 2000) AND (((title)::text ~~ 'Birdemic%'::text) OR ((title)::text ~~ '%Movie%'::text)))"}]}, {"Node Type": "Index Scan", "Parent Relationship": "Inner", "Scan Direction": "Forward", "Index Name": "movie_id_movie_info_idx", "Relation Name": "movie_info_idx", "Alias": "mi_idx", "Startup Cost": 0.0, "Total Cost": 8.12, "Plan Rows": 2, "Plan Width": 8, "Index Cond": "(movie_id = t.id)"}]}, {"Node Type": "Index Scan", "Parent Relationship": "Inner", "Scan Direction": "Forward", "Index Name": "info_type_pkey", "Relation Name": "info_type", "Alias": "it2", "Startup Cost": 0.0, "Total Cost": 0.27, "Plan Rows": 1, "Plan Width": 4, "Index Cond": "(id = mi_idx.info_type_id)", "Filter": "((info)::text = 'bottom 10 rank'::text)"}]}, {"Node Type": "Index Scan", "Parent Relationship": "Inner", "Scan Direction": "Forward", "Index Name": "movie_id_movie_companies", "Relation Name": "movie_companies", "Alias": "mc", "Startup Cost": 0.0, "Total Cost": 0.36, "Plan Rows": 2, "Plan Width": 12, "Index Cond": "(movie_id = mi_idx.movie_id)"}]}, {"Node Type": "Index Scan", "Parent Relationship": "Inner", "Scan Direction": "Forward", "Index Name": "company_name_pkey", "Relation Name": "company_name", "Alias": "cn", "Startup Cost": 0.0, "Total Cost": 0.28, "Plan Rows": 1, "Plan Width": 4, "Index Cond": "(id = mc.company_id)", "Filter": "((country_code)::text = '[us]'::text)"}]}, {"Node Type": "Index Scan", "Parent Relationship": "Inner", "Scan Direction": "Forward", "Index Name": "movie_id_movie_info", "Relation Name": "movie_info", "Alias": "mi", "Startup Cost": 0.0, "Total Cost": 0.66, "Plan Rows": 5, "Plan Width": 50, "Index Cond": "(movie_id = mc.movie_id)"}]}, {"Node Type": "Index Scan", "Parent Relationship": "Inner", "Scan Direction": "Forward", "Index Name": "info_type_pkey", "Relation Name": "info_type", "Alias": "it1", "Startup Cost": 0.0, "Total Cost": 0.27, "Plan Rows": 1, "Plan Width": 4, "Index Cond": "(id = mi.info_type_id)", "Filter": "((info)::text = 'budget'::text)"}]}, {"Node Type": "Index Scan", "Parent Relationship": "Inner", "Scan Direction": "Forward", "Index Name": "company_type_pkey", "Relation Name": "company_type", "Alias": "ct", "Startup Cost": 0.0, "Total Cost": 0.28, "Plan Rows": 1, "Plan Width": 4, "Index Cond": "(id = mc.company_type_id)", "Filter": "((kind IS NOT NULL) AND (((kind)::text = 'production companies'::text) OR ((kind)::text = 'distributors'::text)))"}]}]}, "Unique SQL Id": 1682224415}, "explain_analyze_plan": {"Plan": {"Node Type": "Aggregate", "Strategy": "Plain", "Startup Cost": 105409.0, "Total Cost": 105409.01, "Plan Rows": 1, "Plan Width": 123, "Actual Min Startup Time": 292.646, "Actual Max Startup Time": 292.646, "Actual Min Total Time": 292.646, "Actual Max Total Time": 292.646, "Actual Total Rows": 1, "Plans": [{"Node Type": "Nested Loop", "Parent Relationship": "Outer", "Join Type": "Inner", "Startup Cost": 0.0, "Total Cost": 105408.76, "Plan Rows": 48, "Plan Width": 59, "Actual Min Startup Time": 248.798, "Actual Max Startup Time": 248.798, "Actual Min Total Time": 292.603, "Actual Max Total Time": 292.603, "Actual Total Rows": 5, "Inner Unique": true, "Plans": [{"Node Type": "Nested Loop", "Parent Relationship": "Outer", "Join Type": "Inner", "Startup Cost": 0.0, "Total Cost": 105395.08, "Plan Rows": 48, "Plan Width": 63, "Actual Min Startup Time": 247.656, "Actual Max Startup Time": 247.656, "Actual Min Total Time": 292.563, "Actual Max Total Time": 292.563, "Actual Total Rows": 10, "Inner Unique": true, "Plans": [{"Node Type": "Nested Loop", "Parent Relationship": "Outer", "Join Type": "Inner", "Startup Cost": 0.0, "Total Cost": 105325.02, "Plan Rows": 248, "Plan Width": 67, "Actual Min Startup Time": 247.242, "Actual Max Startup Time": 247.242, "Actual Min Total Time": 289.845, "Actual Max Total Time": 289.845, "Actual Total Rows": 1210, "Inner Unique": false, "Join Filter": "(t.id = mi.movie_id)", "Rows Removed by Join Filter": 0, "Plans": [{"Node Type": "Nested Loop", "Parent Relationship": "Outer", "Join Type": "Inner", "Startup Cost": 0.0, "Total Cost": 105002.25, "Plan Rows": 444, "Plan Width": 33, "Actual Min Startup Time": 247.209, "Actual Max Startup Time": 247.209, "Actual Min Total Time": 288.676, "Actual Max Total Time": 288.676, "Actual Total Rows": 10, "Inner Unique": true, "Plans": [{"Node Type": "Nested Loop", "Parent Relationship": "Outer", "Join Type": "Inner", "Startup Cost": 0.0, "Total Cost": 104941.85, "Plan Rows": 210, "Plan Width": 37, "Actual Min Startup Time": 247.129, "Actual Max Startup Time": 247.129, "Actual Min Total Time": 288.46, "Actual Max Total Time": 288.46, "Actual Total Rows": 33, "Inner Unique": false, "Join Filter": "(t.id = mc.movie_id)", "Rows Removed by Join Filter": 0, "Plans": [{"Node Type": "Nested Loop", "Parent Relationship": "Outer", "Join Type": "Inner", "Startup Cost": 0.0, "Total Cost": 104821.08, "Plan Rows": 311, "Plan Width": 25, "Actual Min Startup Time": 247.091, "Actual Max Startup Time": 247.091, "Actual Min Total Time": 288.37, "Actual Max Total Time": 288.37, "Actual Total Rows": 2, "Inner Unique": true, "Plans": [{"Node Type": "Nested Loop", "Parent Relationship": "Outer", "Join Type": "Inner", "Startup Cost": 0.0, "Total Cost": 104709.2, "Plan Rows": 396, "Plan Width": 29, "Actual Min Startup Time": 84.146, "Actual Max Startup Time": 84.146, "Actual Min Total Time": 281.82, "Actual Max Total Time": 281.82, "Actual Total Rows": 2645, "Inner Unique": false, "Plans": [{"Node Type": "Streaming(type: LOCAL GATHER dop: 1/16)", "Parent Relationship": "Outer", "Startup Cost": 0.0, "Total Cost": 102608.29, "Plan Rows": 258, "Plan Width": 21, "Actual Min Startup Time": 84.091, "Actual Max Startup Time": 84.091, "Actual Min Total Time": 270.133, "Actual Max Total Time": 270.133, "Actual Total Rows": 2536, "Plans": [{"Node Type": "Index Scan", "Parent Relationship": "Outer", "Scan Direction": "Forward", "Index Name": "title_pkey", "Relation Name": "title", "Alias": "t", "Startup Cost": 0.0, "Total Cost": 102602.72, "Plan Rows": 258, "Plan Width": 21, "Actual Min Startup Time": 16.127, "Actual Max Startup Time": 27.372, "Actual Min Total Time": 244.49, "Actual Max Total Time": 275.229, "Actual Total Rows": 2536, "Filter": "((production_year > 2000) AND (((title)::text ~~ 'Birdemic%'::text) OR ((title)::text ~~ '%Movie%'::text)))", "Rows Removed by Filter": 2525775}]}, {"Node Type": "Index Scan", "Parent Relationship": "Inner", "Scan Direction": "Forward", "Index Name": "movie_id_movie_info_idx", "Relation Name": "movie_info_idx", "Alias": "mi_idx", "Startup Cost": 0.0, "Total Cost": 8.12, "Plan Rows": 2, "Plan Width": 8, "Actual Min Startup Time": 8.746, "Actual Max Startup Time": 8.746, "Actual Min Total Time": 9.634, "Actual Max Total Time": 9.634, "Actual Total Rows": 2645, "Index Cond": "(movie_id = t.id)", "Rows Removed by Index Recheck": 0}]}, {"Node Type": "Index Scan", "Parent Relationship": "Inner", "Scan Direction": "Forward", "Index Name": "info_type_pkey", "Relation Name": "info_type", "Alias": "it2", "Startup Cost": 0.0, "Total Cost": 0.27, "Plan Rows": 1, "Plan Width": 4, "Actual Min Startup Time": 5.265, "Actual Max Startup Time": 5.265, "Actual Min Total Time": 5.265, "Actual Max Total Time": 5.265, "Actual Total Rows": 2, "Index Cond": "(id = mi_idx.info_type_id)", "Rows Removed by Index Recheck": 0, "Filter": "((info)::text = 'bottom 10 rank'::text)", "Rows Removed by Filter": 2643}]}, {"Node Type": "Index Scan", "Parent Relationship": "Inner", "Scan Direction": "Forward", "Index Name": "movie_id_movie_companies", "Relation Name": "movie_companies", "Alias": "mc", "Startup Cost": 0.0, "Total Cost": 0.36, "Plan Rows": 2, "Plan Width": 12, "Actual Min Startup Time": 0.022, "Actual Max Startup Time": 0.022, "Actual Min Total Time": 0.045, "Actual Max Total Time": 0.045, "Actual Total Rows": 33, "Index Cond": "(movie_id = mi_idx.movie_id)", "Rows Removed by Index Recheck": 0}]}, {"Node Type": "Index Scan", "Parent Relationship": "Inner", "Scan Direction": "Forward", "Index Name": "company_name_pkey", "Relation Name": "company_name", "Alias": "cn", "Startup Cost": 0.0, "Total Cost": 0.28, "Plan Rows": 1, "Plan Width": 4, "Actual Min Startup Time": 0.187, "Actual Max Startup Time": 0.187, "Actual Min Total Time": 0.187, "Actual Max Total Time": 0.187, "Actual Total Rows": 10, "Index Cond": "(id = mc.company_id)", "Rows Removed by Index Recheck": 0, "Filter": "((country_code)::text = '[us]'::text)", "Rows Removed by Filter": 23}]}, {"Node Type": "Index Scan", "Parent Relationship": "Inner", "Scan Direction": "Forward", "Index Name": "movie_id_movie_info", "Relation Name": "movie_info", "Alias": "mi", "Startup Cost": 0.0, "Total Cost": 0.66, "Plan Rows": 5, "Plan Width": 50, "Actual Min Startup Time": 0.145, "Actual Max Startup Time": 0.145, "Actual Min Total Time": 0.731, "Actual Max Total Time": 0.731, "Actual Total Rows": 1210, "Index Cond": "(movie_id = mc.movie_id)", "Rows Removed by Index Recheck": 0}]}, {"Node Type": "Index Scan", "Parent Relationship": "Inner", "Scan Direction": "Forward", "Index Name": "info_type_pkey", "Relation Name": "info_type", "Alias": "it1", "Startup Cost": 0.0, "Total Cost": 0.27, "Plan Rows": 1, "Plan Width": 4, "Actual Min Startup Time": 2.125, "Actual Max Startup Time": 2.125, "Actual Min Total Time": 2.125, "Actual Max Total Time": 2.125, "Actual Total Rows": 10, "Index Cond": "(id = mi.info_type_id)", "Rows Removed by Index Recheck": 0, "Filter": "((info)::text = 'budget'::text)", "Rows Removed by Filter": 1184}]}, {"Node Type": "Index Scan", "Parent Relationship": "Inner", "Scan Direction": "Forward", "Index Name": "company_type_pkey", "Relation Name": "company_type", "Alias": "ct", "Startup Cost": 0.0, "Total Cost": 0.28, "Plan Rows": 1, "Plan Width": 4, "Actual Min Startup Time": 0.03, "Actual Max Startup Time": 0.03, "Actual Min Total Time": 0.03, "Actual Max Total Time": 0.03, "Actual Total Rows": 5, "Index Cond": "(id = mc.company_type_id)", "Rows Removed by Index Recheck": 0, "Filter": "((kind IS NOT NULL) AND (((kind)::text = 'production companies'::text) OR ((kind)::text = 'distributors'::text)))", "Rows Removed by Filter": 0}]}]}, "Triggers": [], "Planner Runtime": 162.071, "Total Runtime": 295.392, "Unique SQL Id": 1682224415}}, "(16, 98)": {"explain_plan": {"Plan": {"Node Type": "Aggregate", "Strategy": "Plain", "Startup Cost": 25373.63, "Total Cost": 25373.64, "Plan Rows": 1, "Plan Width": 123, "Plans": [{"Node Type": "Nested Loop", "Parent Relationship": "Outer", "Join Type": "Inner", "Startup Cost": 11.05, "Total Cost": 25373.39, "Plan Rows": 48, "Plan Width": 59, "Inner Unique": true, "Plans": [{"Node Type": "Hash Join", "Parent Relationship": "Outer", "Join Type": "Inner", "Startup Cost": 10.79, "Total Cost": 24953.62, "Plan Rows": 98, "Plan Width": 63, "Inner Unique": true, "Hash Cond": "(mc.company_type_id = ct.id)", "Plans": [{"Node Type": "Nested Loop", "Parent Relationship": "Outer", "Join Type": "Inner", "Startup Cost": 9.72, "Total Cost": 24949.8, "Plan Rows": 220, "Plan Width": 67, "Inner Unique": false, "Join Filter": "(t.id = mc.movie_id)", "Plans": [{"Node Type": "Hash Join", "Parent Relationship": "Outer", "Join Type": "Inner", "Startup Cost": 9.45, "Total Cost": 24505.04, "Plan Rows": 103, "Plan Width": 71, "Inner Unique": true, "Hash Cond": "(mi.info_type_id = it1.id)", "Plans": [{"Node Type": "Nested Loop", "Parent Relationship": "Outer", "Join Type": "Inner", "Startup Cost": 7.04, "Total Cost": 24498.23, "Plan Rows": 1659, "Plan Width": 75, "Inner Unique": false, "Join Filter": "(t.id = mi.movie_id)", "Plans": [{"Node Type": "Hash Join", "Parent Relationship": "Outer", "Join Type": "Inner", "Startup Cost": 6.58, "Total Cost": 23074.33, "Plan Rows": 311, "Plan Width": 25, "Inner Unique": true, "Hash Cond": "(mi_idx.info_type_id = it2.id)", "Plans": [{"Node Type": "Nested Loop", "Parent Relationship": "Outer", "Join Type": "Inner", "Startup Cost": 4.17, "Total Cost": 23069.93, "Plan Rows": 396, "Plan Width": 29, "Inner Unique": false, "Plans": [{"Node Type": "Streaming(type: LOCAL GATHER dop: 1/16)", "Parent Relationship": "Outer", "Startup Cost": 0.0, "Total Cost": 19945.03, "Plan Rows": 258, "Plan Width": 21, "Plans": [{"Node Type": "Seq Scan", "Parent Relationship": "Outer", "Relation Name": "title", "Alias": "t", "Startup Cost": 0.0, "Total Cost": 19939.47, "Plan Rows": 258, "Plan Width": 21, "Filter": "((production_year > 2000) AND (((title)::text ~~ 'Birdemic%'::text) OR ((title)::text ~~ '%Movie%'::text)))"}]}, {"Node Type": "Bitmap Heap Scan", "Parent Relationship": "Inner", "Relation Name": "movie_info_idx", "Alias": "mi_idx", "Startup Cost": 4.17, "Total Cost": 12.09, "Plan Rows": 2, "Plan Width": 8, "Recheck Cond": "(movie_id = t.id)", "Plans": [{"Node Type": "Bitmap Index Scan", "Parent Relationship": "Outer", "Index Name": "movie_id_movie_info_idx", "Startup Cost": 0.0, "Total Cost": 4.17, "Plan Rows": 2, "Plan Width": 0, "Index Cond": "(movie_id = t.id)"}]}]}, {"Node Type": "Hash", "Parent Relationship": "Inner", "Startup Cost": 2.4, "Total Cost": 2.4, "Plan Rows": 1, "Plan Width": 4, "Plans": [{"Node Type": "Seq Scan", "Parent Relationship": "Outer", "Relation Name": "info_type", "Alias": "it2", "Startup Cost": 0.0, "Total Cost": 2.4, "Plan Rows": 1, "Plan Width": 4, "Filter": "((info)::text = 'bottom 10 rank'::text)"}]}]}, {"Node Type": "Bitmap Heap Scan", "Parent Relationship": "Inner", "Relation Name": "movie_info", "Alias": "mi", "Startup Cost": 0.45, "Total Cost": 4.52, "Plan Rows": 5, "Plan Width": 50, "Recheck Cond": "(movie_id = mi_idx.movie_id)", "Plans": [{"Node Type": "Bitmap Index Scan", "Parent Relationship": "Outer", "Index Name": "movie_id_movie_info", "Startup Cost": 0.0, "Total Cost": 0.45, "Plan Rows": 5, "Plan Width": 0, "Index Cond": "(movie_id = mi_idx.movie_id)"}]}]}, {"Node Type": "Hash", "Parent Relationship": "Inner", "Startup Cost": 2.4, "Total Cost": 2.4, "Plan Rows": 1, "Plan Width": 4, "Plans": [{"Node Type": "Seq Scan", "Parent Relationship": "Outer", "Relation Name": "info_type", "Alias": "it1", "Startup Cost": 0.0, "Total Cost": 2.4, "Plan Rows": 1, "Plan Width": 4, "Filter": "((info)::text = 'budget'::text)"}]}]}, {"Node Type": "Bitmap Heap Scan", "Parent Relationship": "Inner", "Relation Name": "movie_companies", "Alias": "mc", "Startup Cost": 0.27, "Total Cost": 4.29, "Plan Rows": 2, "Plan Width": 12, "Recheck Cond": "(movie_id = mi.movie_id)", "Plans": [{"Node Type": "Bitmap Index Scan", "Parent Relationship": "Outer", "Index Name": "movie_id_movie_companies", "Startup Cost": 0.0, "Total Cost": 0.27, "Plan Rows": 2, "Plan Width": 0, "Index Cond": "(movie_id = mi.movie_id)"}]}]}, {"Node Type": "Hash", "Parent Relationship": "Inner", "Startup Cost": 1.04, "Total Cost": 1.04, "Plan Rows": 2, "Plan Width": 4, "Plans": [{"Node Type": "Seq Scan", "Parent Relationship": "Outer", "Relation Name": "company_type", "Alias": "ct", "Startup Cost": 0.0, "Total Cost": 1.04, "Plan Rows": 2, "Plan Width": 4, "Filter": "((kind IS NOT NULL) AND (((kind)::text = 'production companies'::text) OR ((kind)::text = 'distributors'::text)))"}]}]}, {"Node Type": "Bitmap Heap Scan", "Parent Relationship": "Inner", "Relation Name": "company_name", "Alias": "cn", "Startup Cost": 0.26, "Total Cost": 4.27, "Plan Rows": 1, "Plan Width": 4, "Recheck Cond": "(id = mc.company_id)", "Filter": "((country_code)::text = '[us]'::text)", "Plans": [{"Node Type": "Bitmap Index Scan", "Parent Relationship": "Outer", "Index Name": "company_name_pkey", "Startup Cost": 0.0, "Total Cost": 0.26, "Plan Rows": 1, "Plan Width": 0, "Index Cond": "(id = mc.company_id)"}]}]}]}, "Unique SQL Id": 1682224415}, "explain_analyze_plan": {"Plan": {"Node Type": "Aggregate", "Strategy": "Plain", "Startup Cost": 25373.63, "Total Cost": 25373.64, "Plan Rows": 1, "Plan Width": 123, "Actual Min Startup Time": 120.435, "Actual Max Startup Time": 120.435, "Actual Min Total Time": 120.436, "Actual Max Total Time": 120.436, "Actual Total Rows": 1, "Plans": [{"Node Type": "Nested Loop", "Parent Relationship": "Outer", "Join Type": "Inner", "Startup Cost": 11.05, "Total Cost": 25373.39, "Plan Rows": 48, "Plan Width": 59, "Actual Min Startup Time": 97.698, "Actual Max Startup Time": 97.698, "Actual Min Total Time": 120.401, "Actual Max Total Time": 120.401, "Actual Total Rows": 5, "Inner Unique": true, "Plans": [{"Node Type": "Hash Join", "Parent Relationship": "Outer", "Join Type": "Inner", "Startup Cost": 10.79, "Total Cost": 24953.62, "Plan Rows": 98, "Plan Width": 63, "Actual Min Startup Time": 97.634, "Actual Max Startup Time": 97.634, "Actual Min Total Time": 120.258, "Actual Max Total Time": 120.258, "Actual Total Rows": 5, "Inner Unique": true, "Hash Cond": "(mc.company_type_id = ct.id)", "Plans": [{"Node Type": "Nested Loop", "Parent Relationship": "Outer", "Join Type": "Inner", "Startup Cost": 9.72, "Total Cost": 24949.8, "Plan Rows": 220, "Plan Width": 67, "Actual Min Startup Time": 97.484, "Actual Max Startup Time": 97.484, "Actual Min Total Time": 120.124, "Actual Max Total Time": 120.124, "Actual Total Rows": 33, "Inner Unique": false, "Join Filter": "(t.id = mc.movie_id)", "Rows Removed by Join Filter": 0, "Plans": [{"Node Type": "Hash Join", "Parent Relationship": "Outer", "Join Type": "Inner", "Startup Cost": 9.45, "Total Cost": 24505.04, "Plan Rows": 103, "Plan Width": 71, "Actual Min Startup Time": 97.283, "Actual Max Startup Time": 97.283, "Actual Min Total Time": 119.855, "Actual Max Total Time": 119.855, "Actual Total Rows": 2, "Inner Unique": true, "Hash Cond": "(mi.info_type_id = it1.id)", "Plans": [{"Node Type": "Nested Loop", "Parent Relationship": "Outer", "Join Type": "Inner", "Startup Cost": 7.04, "Total Cost": 24498.23, "Plan Rows": 1659, "Plan Width": 75, "Actual Min Startup Time": 96.953, "Actual Max Startup Time": 96.953, "Actual Min Total Time": 119.675, "Actual Max Total Time": 119.675, "Actual Total Rows": 221, "Inner Unique": false, "Join Filter": "(t.id = mi.movie_id)", "Rows Removed by Join Filter": 0, "Plans": [{"Node Type": "Hash Join", "Parent Relationship": "Outer", "Join Type": "Inner", "Startup Cost": 6.58, "Total Cost": 23074.33, "Plan Rows": 311, "Plan Width": 25, "Actual Min Startup Time": 96.884, "Actual Max Startup Time": 96.884, "Actual Min Total Time": 119.239, "Actual Max Total Time": 119.239, "Actual Total Rows": 2, "Inner Unique": true, "Hash Cond": "(mi_idx.info_type_id = it2.id)", "Plans": [{"Node Type": "Nested Loop", "Parent Relationship": "Outer", "Join Type": "Inner", "Startup Cost": 4.17, "Total Cost": 23069.93, "Plan Rows": 396, "Plan Width": 29, "Actual Min Startup Time": 91.049, "Actual Max Startup Time": 91.049, "Actual Min Total Time": 118.645, "Actual Max Total Time": 118.645, "Actual Total Rows": 2645, "Inner Unique": false, "Plans": [{"Node Type": "Streaming(type: LOCAL GATHER dop: 1/16)", "Parent Relationship": "Outer", "Startup Cost": 0.0, "Total Cost": 19945.03, "Plan Rows": 258, "Plan Width": 21, "Actual Min Startup Time": 90.95, "Actual Max Startup Time": 90.95, "Actual Min Total Time": 101.855, "Actual Max Total Time": 101.855, "Actual Total Rows": 2536, "Plans": [{"Node Type": "Seq Scan", "Parent Relationship": "Outer", "Relation Name": "title", "Alias": "t", "Startup Cost": 0.0, "Total Cost": 19939.47, "Plan Rows": 258, "Plan Width": 21, "Actual Min Startup Time": 0.048, "Actual Max Startup Time": 5.671, "Actual Min Total Time": 84.671, "Actual Max Total Time": 89.572, "Actual Total Rows": 2536, "Filter": "((production_year > 2000) AND (((title)::text ~~ 'Birdemic%'::text) OR ((title)::text ~~ '%Movie%'::text)))", "Rows Removed by Filter": 2525775}]}, {"Node Type": "Bitmap Heap Scan", "Parent Relationship": "Inner", "Relation Name": "movie_info_idx", "Alias": "mi_idx", "Startup Cost": 4.17, "Total Cost": 12.09, "Plan Rows": 2, "Plan Width": 8, "Actual Min Startup Time": 13.065, "Actual Max Startup Time": 13.065, "Actual Min Total Time": 13.441, "Actual Max Total Time": 13.441, "Actual Total Rows": 2645, "Recheck Cond": "(movie_id = t.id)", "Rows Removed by Index Recheck": 0, "Exact Heap Blocks": 890, "Lossy Heap Blocks": 890, "Plans": [{"Node Type": "Bitmap Index Scan", "Parent Relationship": "Outer", "Index Name": "movie_id_movie_info_idx", "Startup Cost": 0.0, "Total Cost": 4.17, "Plan Rows": 2, "Plan Width": 0, "Actual Min Startup Time": 9.748, "Actual Max Startup Time": 9.748, "Actual Min Total Time": 9.748, "Actual Max Total Time": 9.748, "Actual Total Rows": 2645, "Index Cond": "(movie_id = t.id)"}]}]}, {"Node Type": "Hash", "Parent Relationship": "Inner", "Startup Cost": 2.4, "Total Cost": 2.4, "Plan Rows": 1, "Plan Width": 4, "Actual Min Startup Time": 0.062, "Actual Max Startup Time": 0.062, "Actual Min Total Time": 0.062, "Actual Max Total Time": 0.062, "Actual Total Rows": 1, "Max Hash Buckets": 32768, "Min Hash Buckets": 32768, "Max Hash Batches": 1, "Min Hash Batches": 1, "Max Original Hash Batches": 1, "Min Original Hash Batches": 1, "Max Peak Memory Usage": 1, "min Peak Memory Usage": 1, "Plans": [{"Node Type": "Seq Scan", "Parent Relationship": "Outer", "Relation Name": "info_type", "Alias": "it2", "Startup Cost": 0.0, "Total Cost": 2.4, "Plan Rows": 1, "Plan Width": 4, "Actual Min Startup Time": 0.05, "Actual Max Startup Time": 0.05, "Actual Min Total Time": 0.052, "Actual Max Total Time": 0.052, "Actual Total Rows": 1, "Filter": "((info)::text = 'bottom 10 rank'::text)", "Rows Removed by Filter": 111}]}]}, {"Node Type": "Bitmap Heap Scan", "Parent Relationship": "Inner", "Relation Name": "movie_info", "Alias": "mi", "Startup Cost": 0.45, "Total Cost": 4.52, "Plan Rows": 5, "Plan Width": 50, "Actual Min Startup Time": 0.081, "Actual Max Startup Time": 0.081, "Actual Min Total Time": 0.302, "Actual Max Total Time": 0.302, "Actual Total Rows": 221, "Recheck Cond": "(movie_id = mi_idx.movie_id)", "Rows Removed by Index Recheck": 0, "Exact Heap Blocks": 40, "Lossy Heap Blocks": 40, "Plans": [{"Node Type": "Bitmap Index Scan", "Parent Relationship": "Outer", "Index Name": "movie_id_movie_info", "Startup Cost": 0.0, "Total Cost": 0.45, "Plan Rows": 5, "Plan Width": 0, "Actual Min Startup Time": 0.062, "Actual Max Startup Time": 0.062, "Actual Min Total Time": 0.062, "Actual Max Total Time": 0.062, "Actual Total Rows": 221, "Index Cond": "(movie_id = mi_idx.movie_id)"}]}]}, {"Node Type": "Hash", "Parent Relationship": "Inner", "Startup Cost": 2.4, "Total Cost": 2.4, "Plan Rows": 1, "Plan Width": 4, "Actual Min Startup Time": 0.071, "Actual Max Startup Time": 0.071, "Actual Min Total Time": 0.071, "Actual Max Total Time": 0.071, "Actual Total Rows": 1, "Max Hash Buckets": 32768, "Min Hash Buckets": 32768, "Max Hash Batches": 1, "Min Hash Batches": 1, "Max Original Hash Batches": 1, "Min Original Hash Batches": 1, "Max Peak Memory Usage": 1, "min Peak Memory Usage": 1, "Plans": [{"Node Type": "Seq Scan", "Parent Relationship": "Outer", "Relation Name": "info_type", "Alias": "it1", "Startup Cost": 0.0, "Total Cost": 2.4, "Plan Rows": 1, "Plan Width": 4, "Actual Min Startup Time": 0.055, "Actual Max Startup Time": 0.055, "Actual Min Total Time": 0.058, "Actual Max Total Time": 0.058, "Actual Total Rows": 1, "Filter": "((info)::text = 'budget'::text)", "Rows Removed by Filter": 111}]}]}, {"Node Type": "Bitmap Heap Scan", "Parent Relationship": "Inner", "Relation Name": "movie_companies", "Alias": "mc", "Startup Cost": 0.27, "Total Cost": 4.29, "Plan Rows": 2, "Plan Width": 12, "Actual Min Startup Time": 0.168, "Actual Max Startup Time": 0.168, "Actual Min Total Time": 0.183, "Actual Max Total Time": 0.183, "Actual Total Rows": 33, "Recheck Cond": "(movie_id = mi.movie_id)", "Rows Removed by Index Recheck": 0, "Exact Heap Blocks": 4, "Lossy Heap Blocks": 4, "Plans": [{"Node Type": "Bitmap Index Scan", "Parent Relationship": "Outer", "Index Name": "movie_id_movie_companies", "Startup Cost": 0.0, "Total Cost": 0.27, "Plan Rows": 2, "Plan Width": 0, "Actual Min Startup Time": 0.113, "Actual Max Startup Time": 0.113, "Actual Min Total Time": 0.113, "Actual Max Total Time": 0.113, "Actual Total Rows": 33, "Index Cond": "(movie_id = mi.movie_id)"}]}]}, {"Node Type": "Hash", "Parent Relationship": "Inner", "Startup Cost": 1.04, "Total Cost": 1.04, "Plan Rows": 2, "Plan Width": 4, "Actual Min Startup Time": 0.046, "Actual Max Startup Time": 0.046, "Actual Min Total Time": 0.046, "Actual Max Total Time": 0.046, "Actual Total Rows": 1, "Max Hash Buckets": 32768, "Min Hash Buckets": 32768, "Max Hash Batches": 1, "Min Hash Batches": 1, "Max Original Hash Batches": 1, "Min Original Hash Batches": 1, "Max Peak Memory Usage": 1, "min Peak Memory Usage": 1, "Plans": [{"Node Type": "Seq Scan", "Parent Relationship": "Outer", "Relation Name": "company_type", "Alias": "ct", "Startup Cost": 0.0, "Total Cost": 1.04, "Plan Rows": 2, "Plan Width": 4, "Actual Min Startup Time": 0.031, "Actual Max Startup Time": 0.031, "Actual Min Total Time": 0.038, "Actual Max Total Time": 0.038, "Actual Total Rows": 1, "Filter": "((kind IS NOT NULL) AND (((kind)::text = 'production companies'::text) OR ((kind)::text = 'distributors'::text)))", "Rows Removed by Filter": 2}]}]}, {"Node Type": "Bitmap Heap Scan", "Parent Relationship": "Inner", "Relation Name": "company_name", "Alias": "cn", "Startup Cost": 0.26, "Total Cost": 4.27, "Plan Rows": 1, "Plan Width": 4, "Actual Min Startup Time": 0.102, "Actual Max Startup Time": 0.102, "Actual Min Total Time": 0.102, "Actual Max Total Time": 0.102, "Actual Total Rows": 5, "Recheck Cond": "(id = mc.company_id)", "Rows Removed by Index Recheck": 0, "Filter": "((country_code)::text = '[us]'::text)", "Rows Removed by Filter": 0, "Exact Heap Blocks": 5, "Lossy Heap Blocks": 5, "Plans": [{"Node Type": "Bitmap Index Scan", "Parent Relationship": "Outer", "Index Name": "company_name_pkey", "Startup Cost": 0.0, "Total Cost": 0.26, "Plan Rows": 1, "Plan Width": 0, "Actual Min Startup Time": 0.051, "Actual Max Startup Time": 0.051, "Actual Min Total Time": 0.051, "Actual Max Total Time": 0.051, "Actual Total Rows": 5, "Index Cond": "(id = mc.company_id)"}]}]}]}, "Triggers": [], "Planner Runtime": 253.504, "Total Runtime": 123.651, "Unique SQL Id": 1682224415}}, "(16, 99)": {"explain_plan": {"Plan": {"Node Type": "Aggregate", "Strategy": "Plain", "Startup Cost": 135054.09, "Total Cost": 135054.1, "Plan Rows": 1, "Plan Width": 123, "Plans": [{"Node Type": "Nested Loop", "Parent Relationship": "Outer", "Join Type": "Inner", "Startup Cost": 49673.73, "Total Cost": 135053.85, "Plan Rows": 48, "Plan Width": 59, "Inner Unique": true, "Plans": [{"Node Type": "Nested Loop", "Parent Relationship": "Outer", "Join Type": "Inner", "Startup Cost": 49673.47, "Total Cost": 134985.31, "Plan Rows": 16, "Plan Width": 63, "Inner Unique": true, "Plans": [{"Node Type": "Nested Loop", "Parent Relationship": "Outer", "Join Type": "Inner", "Startup Cost": 49673.21, "Total Cost": 134766.76, "Plan Rows": 51, "Plan Width": 67, "Inner Unique": true, "Plans": [{"Node Type": "Nested Loop", "Parent Relationship": "Outer", "Join Type": "Inner", "Startup Cost": 49672.95, "Total Cost": 134488.39, "Plan Rows": 65, "Plan Width": 71, "Inner Unique": false, "Join Filter": "(t.id = mi_idx.movie_id)", "Plans": [{"Node Type": "Hash Join", "Parent Relationship": "Outer", "Join Type": "Inner", "Startup Cost": 49672.69, "Total Cost": 134307.08, "Plan Rows": 42, "Plan Width": 79, "Inner Unique": true, "Hash Cond": "(mi.info_type_id = it1.id)", "Plans": [{"Node Type": "Nested Loop", "Parent Relationship": "Outer", "Join Type": "Inner", "Startup Cost": 49658.46, "Total Cost": 134284.94, "Plan Rows": 2989, "Plan Width": 83, "Inner Unique": false, "Join Filter": "(t.id = mi.movie_id)", "Plans": [{"Node Type": "Nested Loop", "Parent Relationship": "Outer", "Join Type": "Inner", "Startup Cost": 49658.09, "Total Cost": 131831.96, "Plan Rows": 545, "Plan Width": 33, "Inner Unique": false, "Plans": [{"Node Type": "Bitmap Heap Scan", "Parent Relationship": "Outer", "Relation Name": "title", "Alias": "t", "Startup Cost": 49653.87, "Total Cost": 128685.31, "Plan Rows": 258, "Plan Width": 21, "Filter": "((production_year > 2000) AND (((title)::text ~~ 'Birdemic%'::text) OR ((title)::text ~~ '%Movie%'::text)))", "Plans": [{"Node Type": "Bitmap Index Scan", "Parent Relationship": "Outer", "Index Name": "title_pkey", "Startup Cost": 0.0, "Total Cost": 49653.81, "Plan Rows": 2528311, "Plan Width": 0}]}, {"Node Type": "Bitmap Heap Scan", "Parent Relationship": "Inner", "Relation Name": "movie_companies", "Alias": "mc", "Startup Cost": 4.22, "Total Cost": 12.18, "Plan Rows": 2, "Plan Width": 12, "Recheck Cond": "(movie_id = t.id)", "Plans": [{"Node Type": "Bitmap Index Scan", "Parent Relationship": "Outer", "Index Name": "movie_id_movie_companies", "Startup Cost": 0.0, "Total Cost": 4.22, "Plan Rows": 2, "Plan Width": 0, "Index Cond": "(movie_id = t.id)"}]}]}, {"Node Type": "Bitmap Heap Scan", "Parent Relationship": "Inner", "Relation Name": "movie_info", "Alias": "mi", "Startup Cost": 0.38, "Total Cost": 4.44, "Plan Rows": 5, "Plan Width": 50, "Recheck Cond": "(movie_id = mc.movie_id)", "Plans": [{"Node Type": "Bitmap Index Scan", "Parent Relationship": "Outer", "Index Name": "movie_id_movie_info", "Startup Cost": 0.0, "Total Cost": 0.37, "Plan Rows": 5, "Plan Width": 0, "Index Cond": "(movie_id = mc.movie_id)"}]}]}, {"Node Type": "Hash", "Parent Relationship": "Inner", "Startup Cost": 14.21, "Total Cost": 14.21, "Plan Rows": 1, "Plan Width": 4, "Plans": [{"Node Type": "Bitmap Heap Scan", "Parent Relationship": "Outer", "Relation Name": "info_type", "Alias": "it1", "Startup Cost": 8.81, "Total Cost": 14.21, "Plan Rows": 1, "Plan Width": 4, "Filter": "((info)::text = 'budget'::text)", "Plans": [{"Node Type": "Bitmap Index Scan", "Parent Relationship": "Outer", "Index Name": "info_type_pkey", "Startup Cost": 0.0, "Total Cost": 8.81, "Plan Rows": 112, "Plan Width": 0}]}]}]}, {"Node Type": "Bitmap Heap Scan", "Parent Relationship": "Inner", "Relation Name": "movie_info_idx", "Alias": "mi_idx", "Startup Cost": 0.27, "Total Cost": 4.29, "Plan Rows": 2, "Plan Width": 8, "Recheck Cond": "(movie_id = mi.movie_id)", "Plans": [{"Node Type": "Bitmap Index Scan", "Parent Relationship": "Outer", "Index Name": "movie_id_movie_info_idx", "Startup Cost": 0.0, "Total Cost": 0.27, "Plan Rows": 2, "Plan Width": 0, "Index Cond": "(movie_id = mi.movie_id)"}]}]}, {"Node Type": "Bitmap Heap Scan", "Parent Relationship": "Inner", "Relation Name": "info_type", "Alias": "it2", "Startup Cost": 0.26, "Total Cost": 4.27, "Plan Rows": 1, "Plan Width": 4, "Recheck Cond": "(id = mi_idx.info_type_id)", "Filter": "((info)::text = 'bottom 10 rank'::text)", "Plans": [{"Node Type": "Bitmap Index Scan", "Parent Relationship": "Outer", "Index Name": "info_type_pkey", "Startup Cost": 0.0, "Total Cost": 0.26, "Plan Rows": 1, "Plan Width": 0, "Index Cond": "(id = mi_idx.info_type_id)"}]}]}, {"Node Type": "Bitmap Heap Scan", "Parent Relationship": "Inner", "Relation Name": "company_type", "Alias": "ct", "Startup Cost": 0.26, "Total Cost": 4.28, "Plan Rows": 1, "Plan Width": 4, "Recheck Cond": "(id = mc.company_type_id)", "Filter": "((kind IS NOT NULL) AND (((kind)::text = 'production companies'::text) OR ((kind)::text = 'distributors'::text)))", "Plans": [{"Node Type": "Bitmap Index Scan", "Parent Relationship": "Outer", "Index Name": "company_type_pkey", "Startup Cost": 0.0, "Total Cost": 0.26, "Plan Rows": 1, "Plan Width": 0, "Index Cond": "(id = mc.company_type_id)"}]}]}, {"Node Type": "Bitmap Heap Scan", "Parent Relationship": "Inner", "Relation Name": "company_name", "Alias": "cn", "Startup Cost": 0.26, "Total Cost": 4.27, "Plan Rows": 1, "Plan Width": 4, "Recheck Cond": "(id = mc.company_id)", "Filter": "((country_code)::text = '[us]'::text)", "Plans": [{"Node Type": "Bitmap Index Scan", "Parent Relationship": "Outer", "Index Name": "company_name_pkey", "Startup Cost": 0.0, "Total Cost": 0.26, "Plan Rows": 1, "Plan Width": 0, "Index Cond": "(id = mc.company_id)"}]}]}]}, "Unique SQL Id": 1682224415}, "explain_analyze_plan": null}, "(16, 100)": {"explain_plan": {"Plan": {"Node Type": "Aggregate", "Strategy": "Plain", "Startup Cost": 22588.16, "Total Cost": 22588.17, "Plan Rows": 1, "Plan Width": 123, "Plans": [{"Node Type": "Nested Loop", "Parent Relationship": "Outer", "Join Type": "Inner", "Startup Cost": 2.41, "Total Cost": 22587.92, "Plan Rows": 48, "Plan Width": 59, "Inner Unique": true, "Plans": [{"Node Type": "Nested Loop", "Parent Relationship": "Outer", "Join Type": "Inner", "Startup Cost": 2.41, "Total Cost": 22574.24, "Plan Rows": 48, "Plan Width": 63, "Inner Unique": true, "Plans": [{"Node Type": "Nested Loop", "Parent Relationship": "Outer", "Join Type": "Inner", "Startup Cost": 2.41, "Total Cost": 22510.96, "Plan Rows": 220, "Plan Width": 67, "Inner Unique": false, "Join Filter": "(t.id = mc.movie_id)", "Plans": [{"Node Type": "Hash Join", "Parent Relationship": "Outer", "Join Type": "Inner", "Startup Cost": 2.41, "Total Cost": 22477.81, "Plan Rows": 103, "Plan Width": 71, "Inner Unique": true, "Hash Cond": "(mi.info_type_id = it1.id)", "Plans": [{"Node Type": "Nested Loop", "Parent Relationship": "Outer", "Join Type": "Inner", "Startup Cost": 0.0, "Total Cost": 22471.0, "Plan Rows": 1659, "Plan Width": 75, "Inner Unique": false, "Join Filter": "(t.id = mi.movie_id)", "Plans": [{"Node Type": "Nested Loop", "Parent Relationship": "Outer", "Join Type": "Inner", "Startup Cost": 0.0, "Total Cost": 22157.82, "Plan Rows": 311, "Plan Width": 25, "Inner Unique": true, "Plans": [{"Node Type": "Nested Loop", "Parent Relationship": "Outer", "Join Type": "Inner", "Startup Cost": 0.0, "Total Cost": 22045.95, "Plan Rows": 396, "Plan Width": 29, "Inner Unique": false, "Plans": [{"Node Type": "Streaming(type: LOCAL GATHER dop: 1/16)", "Parent Relationship": "Outer", "Startup Cost": 0.0, "Total Cost": 19945.03, "Plan Rows": 258, "Plan Width": 21, "Plans": [{"Node Type": "Seq Scan", "Parent Relationship": "Outer", "Relation Name": "title", "Alias": "t", "Startup Cost": 0.0, "Total Cost": 19939.47, "Plan Rows": 258, "Plan Width": 21, "Filter": "((production_year > 2000) AND (((title)::text ~~ 'Birdemic%'::text) OR ((title)::text ~~ '%Movie%'::text)))"}]}, {"Node Type": "Index Scan", "Parent Relationship": "Inner", "Scan Direction": "Forward", "Index Name": "movie_id_movie_info_idx", "Relation Name": "movie_info_idx", "Alias": "mi_idx", "Startup Cost": 0.0, "Total Cost": 8.12, "Plan Rows": 2, "Plan Width": 8, "Index Cond": "(movie_id = t.id)"}]}, {"Node Type": "Index Scan", "Parent Relationship": "Inner", "Scan Direction": "Forward", "Index Name": "info_type_pkey", "Relation Name": "info_type", "Alias": "it2", "Startup Cost": 0.0, "Total Cost": 0.27, "Plan Rows": 1, "Plan Width": 4, "Index Cond": "(id = mi_idx.info_type_id)", "Filter": "((info)::text = 'bottom 10 rank'::text)"}]}, {"Node Type": "Index Scan", "Parent Relationship": "Inner", "Scan Direction": "Forward", "Index Name": "movie_id_movie_info", "Relation Name": "movie_info", "Alias": "mi", "Startup Cost": 0.0, "Total Cost": 0.94, "Plan Rows": 5, "Plan Width": 50, "Index Cond": "(movie_id = mi_idx.movie_id)"}]}, {"Node Type": "Hash", "Parent Relationship": "Inner", "Startup Cost": 2.4, "Total Cost": 2.4, "Plan Rows": 1, "Plan Width": 4, "Plans": [{"Node Type": "Seq Scan", "Parent Relationship": "Outer", "Relation Name": "info_type", "Alias": "it1", "Startup Cost": 0.0, "Total Cost": 2.4, "Plan Rows": 1, "Plan Width": 4, "Filter": "((info)::text = 'budget'::text)"}]}]}, {"Node Type": "Index Scan", "Parent Relationship": "Inner", "Scan Direction": "Forward", "Index Name": "movie_id_movie_companies", "Relation Name": "movie_companies", "Alias": "mc", "Startup Cost": 0.0, "Total Cost": 0.3, "Plan Rows": 2, "Plan Width": 12, "Index Cond": "(movie_id = mi.movie_id)"}]}, {"Node Type": "Index Scan", "Parent Relationship": "Inner", "Scan Direction": "Forward", "Index Name": "company_name_pkey", "Relation Name": "company_name", "Alias": "cn", "Startup Cost": 0.0, "Total Cost": 0.28, "Plan Rows": 1, "Plan Width": 4, "Index Cond": "(id = mc.company_id)", "Filter": "((country_code)::text = '[us]'::text)"}]}, {"Node Type": "Index Scan", "Parent Relationship": "Inner", "Scan Direction": "Forward", "Index Name": "company_type_pkey", "Relation Name": "company_type", "Alias": "ct", "Startup Cost": 0.0, "Total Cost": 0.28, "Plan Rows": 1, "Plan Width": 4, "Index Cond": "(id = mc.company_type_id)", "Filter": "((kind IS NOT NULL) AND (((kind)::text = 'production companies'::text) OR ((kind)::text = 'distributors'::text)))"}]}]}, "Unique SQL Id": 1682224415}, "explain_analyze_plan": {"Plan": {"Node Type": "Aggregate", "Strategy": "Plain", "Startup Cost": 22588.16, "Total Cost": 22588.17, "Plan Rows": 1, "Plan Width": 123, "Actual Min Startup Time": 127.614, "Actual Max Startup Time": 127.614, "Actual Min Total Time": 127.615, "Actual Max Total Time": 127.615, "Actual Total Rows": 1, "Plans": [{"Node Type": "Nested Loop", "Parent Relationship": "Outer", "Join Type": "Inner", "Startup Cost": 2.41, "Total Cost": 22587.92, "Plan Rows": 48, "Plan Width": 59, "Actual Min Startup Time": 101.959, "Actual Max Startup Time": 101.959, "Actual Min Total Time": 127.574, "Actual Max Total Time": 127.574, "Actual Total Rows": 5, "Inner Unique": true, "Plans": [{"Node Type": "Nested Loop", "Parent Relationship": "Outer", "Join Type": "Inner", "Startup Cost": 2.41, "Total Cost": 22574.24, "Plan Rows": 48, "Plan Width": 63, "Actual Min Startup Time": 101.795, "Actual Max Startup Time": 101.795, "Actual Min Total Time": 127.526, "Actual Max Total Time": 127.526, "Actual Total Rows": 10, "Inner Unique": true, "Plans": [{"Node Type": "Nested Loop", "Parent Relationship": "Outer", "Join Type": "Inner", "Startup Cost": 2.41, "Total Cost": 22510.96, "Plan Rows": 220, "Plan Width": 67, "Actual Min Startup Time": 101.672, "Actual Max Startup Time": 101.672, "Actual Min Total Time": 127.228, "Actual Max Total Time": 127.228, "Actual Total Rows": 33, "Inner Unique": false, "Join Filter": "(t.id = mc.movie_id)", "Rows Removed by Join Filter": 0, "Plans": [{"Node Type": "Hash Join", "Parent Relationship": "Outer", "Join Type": "Inner", "Startup Cost": 2.41, "Total Cost": 22477.81, "Plan Rows": 103, "Plan Width": 71, "Actual Min Startup Time": 101.638, "Actual Max Startup Time": 101.638, "Actual Min Total Time": 127.1, "Actual Max Total Time": 127.1, "Actual Total Rows": 2, "Inner Unique": true, "Hash Cond": "(mi.info_type_id = it1.id)", "Plans": [{"Node Type": "Nested Loop", "Parent Relationship": "Outer", "Join Type": "Inner", "Startup Cost": 0.0, "Total Cost": 22471.0, "Plan Rows": 1659, "Plan Width": 75, "Actual Min Startup Time": 101.293, "Actual Max Startup Time": 101.293, "Actual Min Total Time": 126.887, "Actual Max Total Time": 126.887, "Actual Total Rows": 221, "Inner Unique": false, "Join Filter": "(t.id = mi.movie_id)", "Rows Removed by Join Filter": 0, "Plans": [{"Node Type": "Nested Loop", "Parent Relationship": "Outer", "Join Type": "Inner", "Startup Cost": 0.0, "Total Cost": 22157.82, "Plan Rows": 311, "Plan Width": 25, "Actual Min Startup Time": 101.236, "Actual Max Startup Time": 101.236, "Actual Min Total Time": 126.507, "Actual Max Total Time": 126.507, "Actual Total Rows": 2, "Inner Unique": true, "Plans": [{"Node Type": "Nested Loop", "Parent Relationship": "Outer", "Join Type": "Inner", "Startup Cost": 0.0, "Total Cost": 22045.95, "Plan Rows": 396, "Plan Width": 29, "Actual Min Startup Time": 94.353, "Actual Max Startup Time": 94.353, "Actual Min Total Time": 120.322, "Actual Max Total Time": 120.322, "Actual Total Rows": 2645, "Inner Unique": false, "Plans": [{"Node Type": "Streaming(type: LOCAL GATHER dop: 1/16)", "Parent Relationship": "Outer", "Startup Cost": 0.0, "Total Cost": 19945.03, "Plan Rows": 258, "Plan Width": 21, "Actual Min Startup Time": 94.282, "Actual Max Startup Time": 94.282, "Actual Min Total Time": 103.611, "Actual Max Total Time": 103.611, "Actual Total Rows": 2536, "Plans": [{"Node Type": "Seq Scan", "Parent Relationship": "Outer", "Relation Name": "title", "Alias": "t", "Startup Cost": 0.0, "Total Cost": 19939.47, "Plan Rows": 258, "Plan Width": 21, "Actual Min Startup Time": 0.047, "Actual Max Startup Time": 5.682, "Actual Min Total Time": 84.492, "Actual Max Total Time": 89.102, "Actual Total Rows": 2536, "Filter": "((production_year > 2000) AND (((title)::text ~~ 'Birdemic%'::text) OR ((title)::text ~~ '%Movie%'::text)))", "Rows Removed by Filter": 2525775}]}, {"Node Type": "Index Scan", "Parent Relationship": "Inner", "Scan Direction": "Forward", "Index Name": "movie_id_movie_info_idx", "Relation Name": "movie_info_idx", "Alias": "mi_idx", "Startup Cost": 0.0, "Total Cost": 8.12, "Plan Rows": 2, "Plan Width": 8, "Actual Min Startup Time": 13.777, "Actual Max Startup Time": 13.777, "Actual Min Total Time": 14.843, "Actual Max Total Time": 14.843, "Actual Total Rows": 2645, "Index Cond": "(movie_id = t.id)", "Rows Removed by Index Recheck": 0}]}, {"Node Type": "Index Scan", "Parent Relationship": "Inner", "Scan Direction": "Forward", "Index Name": "info_type_pkey", "Relation Name": "info_type", "Alias": "it2", "Startup Cost": 0.0, "Total Cost": 0.27, "Plan Rows": 1, "Plan Width": 4, "Actual Min Startup Time": 4.98, "Actual Max Startup Time": 4.98, "Actual Min Total Time": 4.98, "Actual Max Total Time": 4.98, "Actual Total Rows": 2, "Index Cond": "(id = mi_idx.info_type_id)", "Rows Removed by Index Recheck": 0, "Filter": "((info)::text = 'bottom 10 rank'::text)", "Rows Removed by Filter": 2643}]}, {"Node Type": "Index Scan", "Parent Relationship": "Inner", "Scan Direction": "Forward", "Index Name": "movie_id_movie_info", "Relation Name": "movie_info", "Alias": "mi", "Startup Cost": 0.0, "Total Cost": 0.94, "Plan Rows": 5, "Plan Width": 50, "Actual Min Startup Time": 0.058, "Actual Max Startup Time": 0.058, "Actual Min Total Time": 0.262, "Actual Max Total Time": 0.262, "Actual Total Rows": 221, "Index Cond": "(movie_id = mi_idx.movie_id)", "Rows Removed by Index Recheck": 0}]}, {"Node Type": "Hash", "Parent Relationship": "Inner", "Startup Cost": 2.4, "Total Cost": 2.4, "Plan Rows": 1, "Plan Width": 4, "Actual Min Startup Time": 0.104, "Actual Max Startup Time": 0.104, "Actual Min Total Time": 0.104, "Actual Max Total Time": 0.104, "Actual Total Rows": 1, "Max Hash Buckets": 32768, "Min Hash Buckets": 32768, "Max Hash Batches": 1, "Min Hash Batches": 1, "Max Original Hash Batches": 1, "Min Original Hash Batches": 1, "Max Peak Memory Usage": 1, "min Peak Memory Usage": 1, "Plans": [{"Node Type": "Seq Scan", "Parent Relationship": "Outer", "Relation Name": "info_type", "Alias": "it1", "Startup Cost": 0.0, "Total Cost": 2.4, "Plan Rows": 1, "Plan Width": 4, "Actual Min Startup Time": 0.078, "Actual Max Startup Time": 0.078, "Actual Min Total Time": 0.086, "Actual Max Total Time": 0.086, "Actual Total Rows": 1, "Filter": "((info)::text = 'budget'::text)", "Rows Removed by Filter": 111}]}]}, {"Node Type": "Index Scan", "Parent Relationship": "Inner", "Scan Direction": "Forward", "Index Name": "movie_id_movie_companies", "Relation Name": "movie_companies", "Alias": "mc", "Startup Cost": 0.0, "Total Cost": 0.3, "Plan Rows": 2, "Plan Width": 12, "Actual Min Startup Time": 0.04, "Actual Max Startup Time": 0.04, "Actual Min Total Time": 0.062, "Actual Max Total Time": 0.062, "Actual Total Rows": 33, "Index Cond": "(movie_id = mi.movie_id)", "Rows Removed by Index Recheck": 0}]}, {"Node Type": "Index Scan", "Parent Relationship": "Inner", "Scan Direction": "Forward", "Index Name": "company_name_pkey", "Relation Name": "company_name", "Alias": "cn", "Startup Cost": 0.0, "Total Cost": 0.28, "Plan Rows": 1, "Plan Width": 4, "Actual Min Startup Time": 0.267, "Actual Max Startup Time": 0.267, "Actual Min Total Time": 0.267, "Actual Max Total Time": 0.267, "Actual Total Rows": 10, "Index Cond": "(id = mc.company_id)", "Rows Removed by Index Recheck": 0, "Filter": "((country_code)::text = '[us]'::text)", "Rows Removed by Filter": 23}]}, {"Node Type": "Index Scan", "Parent Relationship": "Inner", "Scan Direction": "Forward", "Index Name": "company_type_pkey", "Relation Name": "company_type", "Alias": "ct", "Startup Cost": 0.0, "Total Cost": 0.28, "Plan Rows": 1, "Plan Width": 4, "Actual Min Startup Time": 0.03, "Actual Max Startup Time": 0.03, "Actual Min Total Time": 0.03, "Actual Max Total Time": 0.03, "Actual Total Rows": 5, "Index Cond": "(id = mc.company_type_id)", "Rows Removed by Index Recheck": 0, "Filter": "((kind IS NOT NULL) AND (((kind)::text = 'production companies'::text) OR ((kind)::text = 'distributors'::text)))", "Rows Removed by Filter": 0}]}]}, "Triggers": [], "Planner Runtime": 227.628, "Total Runtime": 130.69, "Unique SQL Id": 1682224415}}, "(16, 101)": {"explain_plan": {"Plan": {"Node Type": "Aggregate", "Strategy": "Plain", "Startup Cost": 105409.0, "Total Cost": 105409.01, "Plan Rows": 1, "Plan Width": 123, "Plans": [{"Node Type": "Nested Loop", "Parent Relationship": "Outer", "Join Type": "Inner", "Startup Cost": 0.0, "Total Cost": 105408.76, "Plan Rows": 48, "Plan Width": 59, "Inner Unique": true, "Plans": [{"Node Type": "Nested Loop", "Parent Relationship": "Outer", "Join Type": "Inner", "Startup Cost": 0.0, "Total Cost": 105395.08, "Plan Rows": 48, "Plan Width": 63, "Inner Unique": true, "Plans": [{"Node Type": "Nested Loop", "Parent Relationship": "Outer", "Join Type": "Inner", "Startup Cost": 0.0, "Total Cost": 105325.02, "Plan Rows": 248, "Plan Width": 67, "Inner Unique": false, "Join Filter": "(t.id = mi.movie_id)", "Plans": [{"Node Type": "Nested Loop", "Parent Relationship": "Outer", "Join Type": "Inner", "Startup Cost": 0.0, "Total Cost": 105002.25, "Plan Rows": 444, "Plan Width": 33, "Inner Unique": true, "Plans": [{"Node Type": "Nested Loop", "Parent Relationship": "Outer", "Join Type": "Inner", "Startup Cost": 0.0, "Total Cost": 104941.85, "Plan Rows": 210, "Plan Width": 37, "Inner Unique": false, "Join Filter": "(t.id = mc.movie_id)", "Plans": [{"Node Type": "Nested Loop", "Parent Relationship": "Outer", "Join Type": "Inner", "Startup Cost": 0.0, "Total Cost": 104821.08, "Plan Rows": 311, "Plan Width": 25, "Inner Unique": true, "Plans": [{"Node Type": "Nested Loop", "Parent Relationship": "Outer", "Join Type": "Inner", "Startup Cost": 0.0, "Total Cost": 104709.2, "Plan Rows": 396, "Plan Width": 29, "Inner Unique": false, "Plans": [{"Node Type": "Streaming(type: LOCAL GATHER dop: 1/16)", "Parent Relationship": "Outer", "Startup Cost": 0.0, "Total Cost": 102608.29, "Plan Rows": 258, "Plan Width": 21, "Plans": [{"Node Type": "Index Scan", "Parent Relationship": "Outer", "Scan Direction": "Forward", "Index Name": "title_pkey", "Relation Name": "title", "Alias": "t", "Startup Cost": 0.0, "Total Cost": 102602.72, "Plan Rows": 258, "Plan Width": 21, "Filter": "((production_year > 2000) AND (((title)::text ~~ 'Birdemic%'::text) OR ((title)::text ~~ '%Movie%'::text)))"}]}, {"Node Type": "Index Scan", "Parent Relationship": "Inner", "Scan Direction": "Forward", "Index Name": "movie_id_movie_info_idx", "Relation Name": "movie_info_idx", "Alias": "mi_idx", "Startup Cost": 0.0, "Total Cost": 8.12, "Plan Rows": 2, "Plan Width": 8, "Index Cond": "(movie_id = t.id)"}]}, {"Node Type": "Index Scan", "Parent Relationship": "Inner", "Scan Direction": "Forward", "Index Name": "info_type_pkey", "Relation Name": "info_type", "Alias": "it2", "Startup Cost": 0.0, "Total Cost": 0.27, "Plan Rows": 1, "Plan Width": 4, "Index Cond": "(id = mi_idx.info_type_id)", "Filter": "((info)::text = 'bottom 10 rank'::text)"}]}, {"Node Type": "Index Scan", "Parent Relationship": "Inner", "Scan Direction": "Forward", "Index Name": "movie_id_movie_companies", "Relation Name": "movie_companies", "Alias": "mc", "Startup Cost": 0.0, "Total Cost": 0.36, "Plan Rows": 2, "Plan Width": 12, "Index Cond": "(movie_id = mi_idx.movie_id)"}]}, {"Node Type": "Index Scan", "Parent Relationship": "Inner", "Scan Direction": "Forward", "Index Name": "company_name_pkey", "Relation Name": "company_name", "Alias": "cn", "Startup Cost": 0.0, "Total Cost": 0.28, "Plan Rows": 1, "Plan Width": 4, "Index Cond": "(id = mc.company_id)", "Filter": "((country_code)::text = '[us]'::text)"}]}, {"Node Type": "Index Scan", "Parent Relationship": "Inner", "Scan Direction": "Forward", "Index Name": "movie_id_movie_info", "Relation Name": "movie_info", "Alias": "mi", "Startup Cost": 0.0, "Total Cost": 0.66, "Plan Rows": 5, "Plan Width": 50, "Index Cond": "(movie_id = mc.movie_id)"}]}, {"Node Type": "Index Scan", "Parent Relationship": "Inner", "Scan Direction": "Forward", "Index Name": "info_type_pkey", "Relation Name": "info_type", "Alias": "it1", "Startup Cost": 0.0, "Total Cost": 0.27, "Plan Rows": 1, "Plan Width": 4, "Index Cond": "(id = mi.info_type_id)", "Filter": "((info)::text = 'budget'::text)"}]}, {"Node Type": "Index Scan", "Parent Relationship": "Inner", "Scan Direction": "Forward", "Index Name": "company_type_pkey", "Relation Name": "company_type", "Alias": "ct", "Startup Cost": 0.0, "Total Cost": 0.28, "Plan Rows": 1, "Plan Width": 4, "Index Cond": "(id = mc.company_type_id)", "Filter": "((kind IS NOT NULL) AND (((kind)::text = 'production companies'::text) OR ((kind)::text = 'distributors'::text)))"}]}]}, "Unique SQL Id": 1682224415}, "explain_analyze_plan": {"Plan": {"Node Type": "Aggregate", "Strategy": "Plain", "Startup Cost": 105409.0, "Total Cost": 105409.01, "Plan Rows": 1, "Plan Width": 123, "Actual Min Startup Time": 292.646, "Actual Max Startup Time": 292.646, "Actual Min Total Time": 292.646, "Actual Max Total Time": 292.646, "Actual Total Rows": 1, "Plans": [{"Node Type": "Nested Loop", "Parent Relationship": "Outer", "Join Type": "Inner", "Startup Cost": 0.0, "Total Cost": 105408.76, "Plan Rows": 48, "Plan Width": 59, "Actual Min Startup Time": 248.798, "Actual Max Startup Time": 248.798, "Actual Min Total Time": 292.603, "Actual Max Total Time": 292.603, "Actual Total Rows": 5, "Inner Unique": true, "Plans": [{"Node Type": "Nested Loop", "Parent Relationship": "Outer", "Join Type": "Inner", "Startup Cost": 0.0, "Total Cost": 105395.08, "Plan Rows": 48, "Plan Width": 63, "Actual Min Startup Time": 247.656, "Actual Max Startup Time": 247.656, "Actual Min Total Time": 292.563, "Actual Max Total Time": 292.563, "Actual Total Rows": 10, "Inner Unique": true, "Plans": [{"Node Type": "Nested Loop", "Parent Relationship": "Outer", "Join Type": "Inner", "Startup Cost": 0.0, "Total Cost": 105325.02, "Plan Rows": 248, "Plan Width": 67, "Actual Min Startup Time": 247.242, "Actual Max Startup Time": 247.242, "Actual Min Total Time": 289.845, "Actual Max Total Time": 289.845, "Actual Total Rows": 1210, "Inner Unique": false, "Join Filter": "(t.id = mi.movie_id)", "Rows Removed by Join Filter": 0, "Plans": [{"Node Type": "Nested Loop", "Parent Relationship": "Outer", "Join Type": "Inner", "Startup Cost": 0.0, "Total Cost": 105002.25, "Plan Rows": 444, "Plan Width": 33, "Actual Min Startup Time": 247.209, "Actual Max Startup Time": 247.209, "Actual Min Total Time": 288.676, "Actual Max Total Time": 288.676, "Actual Total Rows": 10, "Inner Unique": true, "Plans": [{"Node Type": "Nested Loop", "Parent Relationship": "Outer", "Join Type": "Inner", "Startup Cost": 0.0, "Total Cost": 104941.85, "Plan Rows": 210, "Plan Width": 37, "Actual Min Startup Time": 247.129, "Actual Max Startup Time": 247.129, "Actual Min Total Time": 288.46, "Actual Max Total Time": 288.46, "Actual Total Rows": 33, "Inner Unique": false, "Join Filter": "(t.id = mc.movie_id)", "Rows Removed by Join Filter": 0, "Plans": [{"Node Type": "Nested Loop", "Parent Relationship": "Outer", "Join Type": "Inner", "Startup Cost": 0.0, "Total Cost": 104821.08, "Plan Rows": 311, "Plan Width": 25, "Actual Min Startup Time": 247.091, "Actual Max Startup Time": 247.091, "Actual Min Total Time": 288.37, "Actual Max Total Time": 288.37, "Actual Total Rows": 2, "Inner Unique": true, "Plans": [{"Node Type": "Nested Loop", "Parent Relationship": "Outer", "Join Type": "Inner", "Startup Cost": 0.0, "Total Cost": 104709.2, "Plan Rows": 396, "Plan Width": 29, "Actual Min Startup Time": 84.146, "Actual Max Startup Time": 84.146, "Actual Min Total Time": 281.82, "Actual Max Total Time": 281.82, "Actual Total Rows": 2645, "Inner Unique": false, "Plans": [{"Node Type": "Streaming(type: LOCAL GATHER dop: 1/16)", "Parent Relationship": "Outer", "Startup Cost": 0.0, "Total Cost": 102608.29, "Plan Rows": 258, "Plan Width": 21, "Actual Min Startup Time": 84.091, "Actual Max Startup Time": 84.091, "Actual Min Total Time": 270.133, "Actual Max Total Time": 270.133, "Actual Total Rows": 2536, "Plans": [{"Node Type": "Index Scan", "Parent Relationship": "Outer", "Scan Direction": "Forward", "Index Name": "title_pkey", "Relation Name": "title", "Alias": "t", "Startup Cost": 0.0, "Total Cost": 102602.72, "Plan Rows": 258, "Plan Width": 21, "Actual Min Startup Time": 16.127, "Actual Max Startup Time": 27.372, "Actual Min Total Time": 244.49, "Actual Max Total Time": 275.229, "Actual Total Rows": 2536, "Filter": "((production_year > 2000) AND (((title)::text ~~ 'Birdemic%'::text) OR ((title)::text ~~ '%Movie%'::text)))", "Rows Removed by Filter": 2525775}]}, {"Node Type": "Index Scan", "Parent Relationship": "Inner", "Scan Direction": "Forward", "Index Name": "movie_id_movie_info_idx", "Relation Name": "movie_info_idx", "Alias": "mi_idx", "Startup Cost": 0.0, "Total Cost": 8.12, "Plan Rows": 2, "Plan Width": 8, "Actual Min Startup Time": 8.746, "Actual Max Startup Time": 8.746, "Actual Min Total Time": 9.634, "Actual Max Total Time": 9.634, "Actual Total Rows": 2645, "Index Cond": "(movie_id = t.id)", "Rows Removed by Index Recheck": 0}]}, {"Node Type": "Index Scan", "Parent Relationship": "Inner", "Scan Direction": "Forward", "Index Name": "info_type_pkey", "Relation Name": "info_type", "Alias": "it2", "Startup Cost": 0.0, "Total Cost": 0.27, "Plan Rows": 1, "Plan Width": 4, "Actual Min Startup Time": 5.265, "Actual Max Startup Time": 5.265, "Actual Min Total Time": 5.265, "Actual Max Total Time": 5.265, "Actual Total Rows": 2, "Index Cond": "(id = mi_idx.info_type_id)", "Rows Removed by Index Recheck": 0, "Filter": "((info)::text = 'bottom 10 rank'::text)", "Rows Removed by Filter": 2643}]}, {"Node Type": "Index Scan", "Parent Relationship": "Inner", "Scan Direction": "Forward", "Index Name": "movie_id_movie_companies", "Relation Name": "movie_companies", "Alias": "mc", "Startup Cost": 0.0, "Total Cost": 0.36, "Plan Rows": 2, "Plan Width": 12, "Actual Min Startup Time": 0.022, "Actual Max Startup Time": 0.022, "Actual Min Total Time": 0.045, "Actual Max Total Time": 0.045, "Actual Total Rows": 33, "Index Cond": "(movie_id = mi_idx.movie_id)", "Rows Removed by Index Recheck": 0}]}, {"Node Type": "Index Scan", "Parent Relationship": "Inner", "Scan Direction": "Forward", "Index Name": "company_name_pkey", "Relation Name": "company_name", "Alias": "cn", "Startup Cost": 0.0, "Total Cost": 0.28, "Plan Rows": 1, "Plan Width": 4, "Actual Min Startup Time": 0.187, "Actual Max Startup Time": 0.187, "Actual Min Total Time": 0.187, "Actual Max Total Time": 0.187, "Actual Total Rows": 10, "Index Cond": "(id = mc.company_id)", "Rows Removed by Index Recheck": 0, "Filter": "((country_code)::text = '[us]'::text)", "Rows Removed by Filter": 23}]}, {"Node Type": "Index Scan", "Parent Relationship": "Inner", "Scan Direction": "Forward", "Index Name": "movie_id_movie_info", "Relation Name": "movie_info", "Alias": "mi", "Startup Cost": 0.0, "Total Cost": 0.66, "Plan Rows": 5, "Plan Width": 50, "Actual Min Startup Time": 0.145, "Actual Max Startup Time": 0.145, "Actual Min Total Time": 0.731, "Actual Max Total Time": 0.731, "Actual Total Rows": 1210, "Index Cond": "(movie_id = mc.movie_id)", "Rows Removed by Index Recheck": 0}]}, {"Node Type": "Index Scan", "Parent Relationship": "Inner", "Scan Direction": "Forward", "Index Name": "info_type_pkey", "Relation Name": "info_type", "Alias": "it1", "Startup Cost": 0.0, "Total Cost": 0.27, "Plan Rows": 1, "Plan Width": 4, "Actual Min Startup Time": 2.125, "Actual Max Startup Time": 2.125, "Actual Min Total Time": 2.125, "Actual Max Total Time": 2.125, "Actual Total Rows": 10, "Index Cond": "(id = mi.info_type_id)", "Rows Removed by Index Recheck": 0, "Filter": "((info)::text = 'budget'::text)", "Rows Removed by Filter": 1184}]}, {"Node Type": "Index Scan", "Parent Relationship": "Inner", "Scan Direction": "Forward", "Index Name": "company_type_pkey", "Relation Name": "company_type", "Alias": "ct", "Startup Cost": 0.0, "Total Cost": 0.28, "Plan Rows": 1, "Plan Width": 4, "Actual Min Startup Time": 0.03, "Actual Max Startup Time": 0.03, "Actual Min Total Time": 0.03, "Actual Max Total Time": 0.03, "Actual Total Rows": 5, "Index Cond": "(id = mc.company_type_id)", "Rows Removed by Index Recheck": 0, "Filter": "((kind IS NOT NULL) AND (((kind)::text = 'production companies'::text) OR ((kind)::text = 'distributors'::text)))", "Rows Removed by Filter": 0}]}]}, "Triggers": [], "Planner Runtime": 162.071, "Total Runtime": 295.392, "Unique SQL Id": 1682224415}}, "(16, 102)": {"explain_plan": {"Plan": {"Node Type": "Aggregate", "Strategy": "Plain", "Startup Cost": 25373.63, "Total Cost": 25373.64, "Plan Rows": 1, "Plan Width": 123, "Plans": [{"Node Type": "Nested Loop", "Parent Relationship": "Outer", "Join Type": "Inner", "Startup Cost": 11.05, "Total Cost": 25373.39, "Plan Rows": 48, "Plan Width": 59, "Inner Unique": true, "Plans": [{"Node Type": "Hash Join", "Parent Relationship": "Outer", "Join Type": "Inner", "Startup Cost": 10.79, "Total Cost": 24953.62, "Plan Rows": 98, "Plan Width": 63, "Inner Unique": true, "Hash Cond": "(mc.company_type_id = ct.id)", "Plans": [{"Node Type": "Nested Loop", "Parent Relationship": "Outer", "Join Type": "Inner", "Startup Cost": 9.72, "Total Cost": 24949.8, "Plan Rows": 220, "Plan Width": 67, "Inner Unique": false, "Join Filter": "(t.id = mc.movie_id)", "Plans": [{"Node Type": "Hash Join", "Parent Relationship": "Outer", "Join Type": "Inner", "Startup Cost": 9.45, "Total Cost": 24505.04, "Plan Rows": 103, "Plan Width": 71, "Inner Unique": true, "Hash Cond": "(mi.info_type_id = it1.id)", "Plans": [{"Node Type": "Nested Loop", "Parent Relationship": "Outer", "Join Type": "Inner", "Startup Cost": 7.04, "Total Cost": 24498.23, "Plan Rows": 1659, "Plan Width": 75, "Inner Unique": false, "Join Filter": "(t.id = mi.movie_id)", "Plans": [{"Node Type": "Hash Join", "Parent Relationship": "Outer", "Join Type": "Inner", "Startup Cost": 6.58, "Total Cost": 23074.33, "Plan Rows": 311, "Plan Width": 25, "Inner Unique": true, "Hash Cond": "(mi_idx.info_type_id = it2.id)", "Plans": [{"Node Type": "Nested Loop", "Parent Relationship": "Outer", "Join Type": "Inner", "Startup Cost": 4.17, "Total Cost": 23069.93, "Plan Rows": 396, "Plan Width": 29, "Inner Unique": false, "Plans": [{"Node Type": "Streaming(type: LOCAL GATHER dop: 1/16)", "Parent Relationship": "Outer", "Startup Cost": 0.0, "Total Cost": 19945.03, "Plan Rows": 258, "Plan Width": 21, "Plans": [{"Node Type": "Seq Scan", "Parent Relationship": "Outer", "Relation Name": "title", "Alias": "t", "Startup Cost": 0.0, "Total Cost": 19939.47, "Plan Rows": 258, "Plan Width": 21, "Filter": "((production_year > 2000) AND (((title)::text ~~ 'Birdemic%'::text) OR ((title)::text ~~ '%Movie%'::text)))"}]}, {"Node Type": "Bitmap Heap Scan", "Parent Relationship": "Inner", "Relation Name": "movie_info_idx", "Alias": "mi_idx", "Startup Cost": 4.17, "Total Cost": 12.09, "Plan Rows": 2, "Plan Width": 8, "Recheck Cond": "(movie_id = t.id)", "Plans": [{"Node Type": "Bitmap Index Scan", "Parent Relationship": "Outer", "Index Name": "movie_id_movie_info_idx", "Startup Cost": 0.0, "Total Cost": 4.17, "Plan Rows": 2, "Plan Width": 0, "Index Cond": "(movie_id = t.id)"}]}]}, {"Node Type": "Hash", "Parent Relationship": "Inner", "Startup Cost": 2.4, "Total Cost": 2.4, "Plan Rows": 1, "Plan Width": 4, "Plans": [{"Node Type": "Seq Scan", "Parent Relationship": "Outer", "Relation Name": "info_type", "Alias": "it2", "Startup Cost": 0.0, "Total Cost": 2.4, "Plan Rows": 1, "Plan Width": 4, "Filter": "((info)::text = 'bottom 10 rank'::text)"}]}]}, {"Node Type": "Bitmap Heap Scan", "Parent Relationship": "Inner", "Relation Name": "movie_info", "Alias": "mi", "Startup Cost": 0.45, "Total Cost": 4.52, "Plan Rows": 5, "Plan Width": 50, "Recheck Cond": "(movie_id = mi_idx.movie_id)", "Plans": [{"Node Type": "Bitmap Index Scan", "Parent Relationship": "Outer", "Index Name": "movie_id_movie_info", "Startup Cost": 0.0, "Total Cost": 0.45, "Plan Rows": 5, "Plan Width": 0, "Index Cond": "(movie_id = mi_idx.movie_id)"}]}]}, {"Node Type": "Hash", "Parent Relationship": "Inner", "Startup Cost": 2.4, "Total Cost": 2.4, "Plan Rows": 1, "Plan Width": 4, "Plans": [{"Node Type": "Seq Scan", "Parent Relationship": "Outer", "Relation Name": "info_type", "Alias": "it1", "Startup Cost": 0.0, "Total Cost": 2.4, "Plan Rows": 1, "Plan Width": 4, "Filter": "((info)::text = 'budget'::text)"}]}]}, {"Node Type": "Bitmap Heap Scan", "Parent Relationship": "Inner", "Relation Name": "movie_companies", "Alias": "mc", "Startup Cost": 0.27, "Total Cost": 4.29, "Plan Rows": 2, "Plan Width": 12, "Recheck Cond": "(movie_id = mi.movie_id)", "Plans": [{"Node Type": "Bitmap Index Scan", "Parent Relationship": "Outer", "Index Name": "movie_id_movie_companies", "Startup Cost": 0.0, "Total Cost": 0.27, "Plan Rows": 2, "Plan Width": 0, "Index Cond": "(movie_id = mi.movie_id)"}]}]}, {"Node Type": "Hash", "Parent Relationship": "Inner", "Startup Cost": 1.04, "Total Cost": 1.04, "Plan Rows": 2, "Plan Width": 4, "Plans": [{"Node Type": "Seq Scan", "Parent Relationship": "Outer", "Relation Name": "company_type", "Alias": "ct", "Startup Cost": 0.0, "Total Cost": 1.04, "Plan Rows": 2, "Plan Width": 4, "Filter": "((kind IS NOT NULL) AND (((kind)::text = 'production companies'::text) OR ((kind)::text = 'distributors'::text)))"}]}]}, {"Node Type": "Bitmap Heap Scan", "Parent Relationship": "Inner", "Relation Name": "company_name", "Alias": "cn", "Startup Cost": 0.26, "Total Cost": 4.27, "Plan Rows": 1, "Plan Width": 4, "Recheck Cond": "(id = mc.company_id)", "Filter": "((country_code)::text = '[us]'::text)", "Plans": [{"Node Type": "Bitmap Index Scan", "Parent Relationship": "Outer", "Index Name": "company_name_pkey", "Startup Cost": 0.0, "Total Cost": 0.26, "Plan Rows": 1, "Plan Width": 0, "Index Cond": "(id = mc.company_id)"}]}]}]}, "Unique SQL Id": 1682224415}, "explain_analyze_plan": {"Plan": {"Node Type": "Aggregate", "Strategy": "Plain", "Startup Cost": 25373.63, "Total Cost": 25373.64, "Plan Rows": 1, "Plan Width": 123, "Actual Min Startup Time": 120.435, "Actual Max Startup Time": 120.435, "Actual Min Total Time": 120.436, "Actual Max Total Time": 120.436, "Actual Total Rows": 1, "Plans": [{"Node Type": "Nested Loop", "Parent Relationship": "Outer", "Join Type": "Inner", "Startup Cost": 11.05, "Total Cost": 25373.39, "Plan Rows": 48, "Plan Width": 59, "Actual Min Startup Time": 97.698, "Actual Max Startup Time": 97.698, "Actual Min Total Time": 120.401, "Actual Max Total Time": 120.401, "Actual Total Rows": 5, "Inner Unique": true, "Plans": [{"Node Type": "Hash Join", "Parent Relationship": "Outer", "Join Type": "Inner", "Startup Cost": 10.79, "Total Cost": 24953.62, "Plan Rows": 98, "Plan Width": 63, "Actual Min Startup Time": 97.634, "Actual Max Startup Time": 97.634, "Actual Min Total Time": 120.258, "Actual Max Total Time": 120.258, "Actual Total Rows": 5, "Inner Unique": true, "Hash Cond": "(mc.company_type_id = ct.id)", "Plans": [{"Node Type": "Nested Loop", "Parent Relationship": "Outer", "Join Type": "Inner", "Startup Cost": 9.72, "Total Cost": 24949.8, "Plan Rows": 220, "Plan Width": 67, "Actual Min Startup Time": 97.484, "Actual Max Startup Time": 97.484, "Actual Min Total Time": 120.124, "Actual Max Total Time": 120.124, "Actual Total Rows": 33, "Inner Unique": false, "Join Filter": "(t.id = mc.movie_id)", "Rows Removed by Join Filter": 0, "Plans": [{"Node Type": "Hash Join", "Parent Relationship": "Outer", "Join Type": "Inner", "Startup Cost": 9.45, "Total Cost": 24505.04, "Plan Rows": 103, "Plan Width": 71, "Actual Min Startup Time": 97.283, "Actual Max Startup Time": 97.283, "Actual Min Total Time": 119.855, "Actual Max Total Time": 119.855, "Actual Total Rows": 2, "Inner Unique": true, "Hash Cond": "(mi.info_type_id = it1.id)", "Plans": [{"Node Type": "Nested Loop", "Parent Relationship": "Outer", "Join Type": "Inner", "Startup Cost": 7.04, "Total Cost": 24498.23, "Plan Rows": 1659, "Plan Width": 75, "Actual Min Startup Time": 96.953, "Actual Max Startup Time": 96.953, "Actual Min Total Time": 119.675, "Actual Max Total Time": 119.675, "Actual Total Rows": 221, "Inner Unique": false, "Join Filter": "(t.id = mi.movie_id)", "Rows Removed by Join Filter": 0, "Plans": [{"Node Type": "Hash Join", "Parent Relationship": "Outer", "Join Type": "Inner", "Startup Cost": 6.58, "Total Cost": 23074.33, "Plan Rows": 311, "Plan Width": 25, "Actual Min Startup Time": 96.884, "Actual Max Startup Time": 96.884, "Actual Min Total Time": 119.239, "Actual Max Total Time": 119.239, "Actual Total Rows": 2, "Inner Unique": true, "Hash Cond": "(mi_idx.info_type_id = it2.id)", "Plans": [{"Node Type": "Nested Loop", "Parent Relationship": "Outer", "Join Type": "Inner", "Startup Cost": 4.17, "Total Cost": 23069.93, "Plan Rows": 396, "Plan Width": 29, "Actual Min Startup Time": 91.049, "Actual Max Startup Time": 91.049, "Actual Min Total Time": 118.645, "Actual Max Total Time": 118.645, "Actual Total Rows": 2645, "Inner Unique": false, "Plans": [{"Node Type": "Streaming(type: LOCAL GATHER dop: 1/16)", "Parent Relationship": "Outer", "Startup Cost": 0.0, "Total Cost": 19945.03, "Plan Rows": 258, "Plan Width": 21, "Actual Min Startup Time": 90.95, "Actual Max Startup Time": 90.95, "Actual Min Total Time": 101.855, "Actual Max Total Time": 101.855, "Actual Total Rows": 2536, "Plans": [{"Node Type": "Seq Scan", "Parent Relationship": "Outer", "Relation Name": "title", "Alias": "t", "Startup Cost": 0.0, "Total Cost": 19939.47, "Plan Rows": 258, "Plan Width": 21, "Actual Min Startup Time": 0.048, "Actual Max Startup Time": 5.671, "Actual Min Total Time": 84.671, "Actual Max Total Time": 89.572, "Actual Total Rows": 2536, "Filter": "((production_year > 2000) AND (((title)::text ~~ 'Birdemic%'::text) OR ((title)::text ~~ '%Movie%'::text)))", "Rows Removed by Filter": 2525775}]}, {"Node Type": "Bitmap Heap Scan", "Parent Relationship": "Inner", "Relation Name": "movie_info_idx", "Alias": "mi_idx", "Startup Cost": 4.17, "Total Cost": 12.09, "Plan Rows": 2, "Plan Width": 8, "Actual Min Startup Time": 13.065, "Actual Max Startup Time": 13.065, "Actual Min Total Time": 13.441, "Actual Max Total Time": 13.441, "Actual Total Rows": 2645, "Recheck Cond": "(movie_id = t.id)", "Rows Removed by Index Recheck": 0, "Exact Heap Blocks": 890, "Lossy Heap Blocks": 890, "Plans": [{"Node Type": "Bitmap Index Scan", "Parent Relationship": "Outer", "Index Name": "movie_id_movie_info_idx", "Startup Cost": 0.0, "Total Cost": 4.17, "Plan Rows": 2, "Plan Width": 0, "Actual Min Startup Time": 9.748, "Actual Max Startup Time": 9.748, "Actual Min Total Time": 9.748, "Actual Max Total Time": 9.748, "Actual Total Rows": 2645, "Index Cond": "(movie_id = t.id)"}]}]}, {"Node Type": "Hash", "Parent Relationship": "Inner", "Startup Cost": 2.4, "Total Cost": 2.4, "Plan Rows": 1, "Plan Width": 4, "Actual Min Startup Time": 0.062, "Actual Max Startup Time": 0.062, "Actual Min Total Time": 0.062, "Actual Max Total Time": 0.062, "Actual Total Rows": 1, "Max Hash Buckets": 32768, "Min Hash Buckets": 32768, "Max Hash Batches": 1, "Min Hash Batches": 1, "Max Original Hash Batches": 1, "Min Original Hash Batches": 1, "Max Peak Memory Usage": 1, "min Peak Memory Usage": 1, "Plans": [{"Node Type": "Seq Scan", "Parent Relationship": "Outer", "Relation Name": "info_type", "Alias": "it2", "Startup Cost": 0.0, "Total Cost": 2.4, "Plan Rows": 1, "Plan Width": 4, "Actual Min Startup Time": 0.05, "Actual Max Startup Time": 0.05, "Actual Min Total Time": 0.052, "Actual Max Total Time": 0.052, "Actual Total Rows": 1, "Filter": "((info)::text = 'bottom 10 rank'::text)", "Rows Removed by Filter": 111}]}]}, {"Node Type": "Bitmap Heap Scan", "Parent Relationship": "Inner", "Relation Name": "movie_info", "Alias": "mi", "Startup Cost": 0.45, "Total Cost": 4.52, "Plan Rows": 5, "Plan Width": 50, "Actual Min Startup Time": 0.081, "Actual Max Startup Time": 0.081, "Actual Min Total Time": 0.302, "Actual Max Total Time": 0.302, "Actual Total Rows": 221, "Recheck Cond": "(movie_id = mi_idx.movie_id)", "Rows Removed by Index Recheck": 0, "Exact Heap Blocks": 40, "Lossy Heap Blocks": 40, "Plans": [{"Node Type": "Bitmap Index Scan", "Parent Relationship": "Outer", "Index Name": "movie_id_movie_info", "Startup Cost": 0.0, "Total Cost": 0.45, "Plan Rows": 5, "Plan Width": 0, "Actual Min Startup Time": 0.062, "Actual Max Startup Time": 0.062, "Actual Min Total Time": 0.062, "Actual Max Total Time": 0.062, "Actual Total Rows": 221, "Index Cond": "(movie_id = mi_idx.movie_id)"}]}]}, {"Node Type": "Hash", "Parent Relationship": "Inner", "Startup Cost": 2.4, "Total Cost": 2.4, "Plan Rows": 1, "Plan Width": 4, "Actual Min Startup Time": 0.071, "Actual Max Startup Time": 0.071, "Actual Min Total Time": 0.071, "Actual Max Total Time": 0.071, "Actual Total Rows": 1, "Max Hash Buckets": 32768, "Min Hash Buckets": 32768, "Max Hash Batches": 1, "Min Hash Batches": 1, "Max Original Hash Batches": 1, "Min Original Hash Batches": 1, "Max Peak Memory Usage": 1, "min Peak Memory Usage": 1, "Plans": [{"Node Type": "Seq Scan", "Parent Relationship": "Outer", "Relation Name": "info_type", "Alias": "it1", "Startup Cost": 0.0, "Total Cost": 2.4, "Plan Rows": 1, "Plan Width": 4, "Actual Min Startup Time": 0.055, "Actual Max Startup Time": 0.055, "Actual Min Total Time": 0.058, "Actual Max Total Time": 0.058, "Actual Total Rows": 1, "Filter": "((info)::text = 'budget'::text)", "Rows Removed by Filter": 111}]}]}, {"Node Type": "Bitmap Heap Scan", "Parent Relationship": "Inner", "Relation Name": "movie_companies", "Alias": "mc", "Startup Cost": 0.27, "Total Cost": 4.29, "Plan Rows": 2, "Plan Width": 12, "Actual Min Startup Time": 0.168, "Actual Max Startup Time": 0.168, "Actual Min Total Time": 0.183, "Actual Max Total Time": 0.183, "Actual Total Rows": 33, "Recheck Cond": "(movie_id = mi.movie_id)", "Rows Removed by Index Recheck": 0, "Exact Heap Blocks": 4, "Lossy Heap Blocks": 4, "Plans": [{"Node Type": "Bitmap Index Scan", "Parent Relationship": "Outer", "Index Name": "movie_id_movie_companies", "Startup Cost": 0.0, "Total Cost": 0.27, "Plan Rows": 2, "Plan Width": 0, "Actual Min Startup Time": 0.113, "Actual Max Startup Time": 0.113, "Actual Min Total Time": 0.113, "Actual Max Total Time": 0.113, "Actual Total Rows": 33, "Index Cond": "(movie_id = mi.movie_id)"}]}]}, {"Node Type": "Hash", "Parent Relationship": "Inner", "Startup Cost": 1.04, "Total Cost": 1.04, "Plan Rows": 2, "Plan Width": 4, "Actual Min Startup Time": 0.046, "Actual Max Startup Time": 0.046, "Actual Min Total Time": 0.046, "Actual Max Total Time": 0.046, "Actual Total Rows": 1, "Max Hash Buckets": 32768, "Min Hash Buckets": 32768, "Max Hash Batches": 1, "Min Hash Batches": 1, "Max Original Hash Batches": 1, "Min Original Hash Batches": 1, "Max Peak Memory Usage": 1, "min Peak Memory Usage": 1, "Plans": [{"Node Type": "Seq Scan", "Parent Relationship": "Outer", "Relation Name": "company_type", "Alias": "ct", "Startup Cost": 0.0, "Total Cost": 1.04, "Plan Rows": 2, "Plan Width": 4, "Actual Min Startup Time": 0.031, "Actual Max Startup Time": 0.031, "Actual Min Total Time": 0.038, "Actual Max Total Time": 0.038, "Actual Total Rows": 1, "Filter": "((kind IS NOT NULL) AND (((kind)::text = 'production companies'::text) OR ((kind)::text = 'distributors'::text)))", "Rows Removed by Filter": 2}]}]}, {"Node Type": "Bitmap Heap Scan", "Parent Relationship": "Inner", "Relation Name": "company_name", "Alias": "cn", "Startup Cost": 0.26, "Total Cost": 4.27, "Plan Rows": 1, "Plan Width": 4, "Actual Min Startup Time": 0.102, "Actual Max Startup Time": 0.102, "Actual Min Total Time": 0.102, "Actual Max Total Time": 0.102, "Actual Total Rows": 5, "Recheck Cond": "(id = mc.company_id)", "Rows Removed by Index Recheck": 0, "Filter": "((country_code)::text = '[us]'::text)", "Rows Removed by Filter": 0, "Exact Heap Blocks": 5, "Lossy Heap Blocks": 5, "Plans": [{"Node Type": "Bitmap Index Scan", "Parent Relationship": "Outer", "Index Name": "company_name_pkey", "Startup Cost": 0.0, "Total Cost": 0.26, "Plan Rows": 1, "Plan Width": 0, "Actual Min Startup Time": 0.051, "Actual Max Startup Time": 0.051, "Actual Min Total Time": 0.051, "Actual Max Total Time": 0.051, "Actual Total Rows": 5, "Index Cond": "(id = mc.company_id)"}]}]}]}, "Triggers": [], "Planner Runtime": 253.504, "Total Runtime": 123.651, "Unique SQL Id": 1682224415}}, "(16, 103)": {"explain_plan": {"Plan": {"Node Type": "Aggregate", "Strategy": "Plain", "Startup Cost": 135054.09, "Total Cost": 135054.1, "Plan Rows": 1, "Plan Width": 123, "Plans": [{"Node Type": "Nested Loop", "Parent Relationship": "Outer", "Join Type": "Inner", "Startup Cost": 49673.73, "Total Cost": 135053.85, "Plan Rows": 48, "Plan Width": 59, "Inner Unique": true, "Plans": [{"Node Type": "Nested Loop", "Parent Relationship": "Outer", "Join Type": "Inner", "Startup Cost": 49673.47, "Total Cost": 134985.31, "Plan Rows": 16, "Plan Width": 63, "Inner Unique": true, "Plans": [{"Node Type": "Nested Loop", "Parent Relationship": "Outer", "Join Type": "Inner", "Startup Cost": 49673.21, "Total Cost": 134766.76, "Plan Rows": 51, "Plan Width": 67, "Inner Unique": true, "Plans": [{"Node Type": "Nested Loop", "Parent Relationship": "Outer", "Join Type": "Inner", "Startup Cost": 49672.95, "Total Cost": 134488.39, "Plan Rows": 65, "Plan Width": 71, "Inner Unique": false, "Join Filter": "(t.id = mi_idx.movie_id)", "Plans": [{"Node Type": "Hash Join", "Parent Relationship": "Outer", "Join Type": "Inner", "Startup Cost": 49672.69, "Total Cost": 134307.08, "Plan Rows": 42, "Plan Width": 79, "Inner Unique": true, "Hash Cond": "(mi.info_type_id = it1.id)", "Plans": [{"Node Type": "Nested Loop", "Parent Relationship": "Outer", "Join Type": "Inner", "Startup Cost": 49658.46, "Total Cost": 134284.94, "Plan Rows": 2989, "Plan Width": 83, "Inner Unique": false, "Join Filter": "(t.id = mi.movie_id)", "Plans": [{"Node Type": "Nested Loop", "Parent Relationship": "Outer", "Join Type": "Inner", "Startup Cost": 49658.09, "Total Cost": 131831.96, "Plan Rows": 545, "Plan Width": 33, "Inner Unique": false, "Plans": [{"Node Type": "Bitmap Heap Scan", "Parent Relationship": "Outer", "Relation Name": "title", "Alias": "t", "Startup Cost": 49653.87, "Total Cost": 128685.31, "Plan Rows": 258, "Plan Width": 21, "Filter": "((production_year > 2000) AND (((title)::text ~~ 'Birdemic%'::text) OR ((title)::text ~~ '%Movie%'::text)))", "Plans": [{"Node Type": "Bitmap Index Scan", "Parent Relationship": "Outer", "Index Name": "title_pkey", "Startup Cost": 0.0, "Total Cost": 49653.81, "Plan Rows": 2528311, "Plan Width": 0}]}, {"Node Type": "Bitmap Heap Scan", "Parent Relationship": "Inner", "Relation Name": "movie_companies", "Alias": "mc", "Startup Cost": 4.22, "Total Cost": 12.18, "Plan Rows": 2, "Plan Width": 12, "Recheck Cond": "(movie_id = t.id)", "Plans": [{"Node Type": "Bitmap Index Scan", "Parent Relationship": "Outer", "Index Name": "movie_id_movie_companies", "Startup Cost": 0.0, "Total Cost": 4.22, "Plan Rows": 2, "Plan Width": 0, "Index Cond": "(movie_id = t.id)"}]}]}, {"Node Type": "Bitmap Heap Scan", "Parent Relationship": "Inner", "Relation Name": "movie_info", "Alias": "mi", "Startup Cost": 0.38, "Total Cost": 4.44, "Plan Rows": 5, "Plan Width": 50, "Recheck Cond": "(movie_id = mc.movie_id)", "Plans": [{"Node Type": "Bitmap Index Scan", "Parent Relationship": "Outer", "Index Name": "movie_id_movie_info", "Startup Cost": 0.0, "Total Cost": 0.37, "Plan Rows": 5, "Plan Width": 0, "Index Cond": "(movie_id = mc.movie_id)"}]}]}, {"Node Type": "Hash", "Parent Relationship": "Inner", "Startup Cost": 14.21, "Total Cost": 14.21, "Plan Rows": 1, "Plan Width": 4, "Plans": [{"Node Type": "Bitmap Heap Scan", "Parent Relationship": "Outer", "Relation Name": "info_type", "Alias": "it1", "Startup Cost": 8.81, "Total Cost": 14.21, "Plan Rows": 1, "Plan Width": 4, "Filter": "((info)::text = 'budget'::text)", "Plans": [{"Node Type": "Bitmap Index Scan", "Parent Relationship": "Outer", "Index Name": "info_type_pkey", "Startup Cost": 0.0, "Total Cost": 8.81, "Plan Rows": 112, "Plan Width": 0}]}]}]}, {"Node Type": "Bitmap Heap Scan", "Parent Relationship": "Inner", "Relation Name": "movie_info_idx", "Alias": "mi_idx", "Startup Cost": 0.27, "Total Cost": 4.29, "Plan Rows": 2, "Plan Width": 8, "Recheck Cond": "(movie_id = mi.movie_id)", "Plans": [{"Node Type": "Bitmap Index Scan", "Parent Relationship": "Outer", "Index Name": "movie_id_movie_info_idx", "Startup Cost": 0.0, "Total Cost": 0.27, "Plan Rows": 2, "Plan Width": 0, "Index Cond": "(movie_id = mi.movie_id)"}]}]}, {"Node Type": "Bitmap Heap Scan", "Parent Relationship": "Inner", "Relation Name": "info_type", "Alias": "it2", "Startup Cost": 0.26, "Total Cost": 4.27, "Plan Rows": 1, "Plan Width": 4, "Recheck Cond": "(id = mi_idx.info_type_id)", "Filter": "((info)::text = 'bottom 10 rank'::text)", "Plans": [{"Node Type": "Bitmap Index Scan", "Parent Relationship": "Outer", "Index Name": "info_type_pkey", "Startup Cost": 0.0, "Total Cost": 0.26, "Plan Rows": 1, "Plan Width": 0, "Index Cond": "(id = mi_idx.info_type_id)"}]}]}, {"Node Type": "Bitmap Heap Scan", "Parent Relationship": "Inner", "Relation Name": "company_type", "Alias": "ct", "Startup Cost": 0.26, "Total Cost": 4.28, "Plan Rows": 1, "Plan Width": 4, "Recheck Cond": "(id = mc.company_type_id)", "Filter": "((kind IS NOT NULL) AND (((kind)::text = 'production companies'::text) OR ((kind)::text = 'distributors'::text)))", "Plans": [{"Node Type": "Bitmap Index Scan", "Parent Relationship": "Outer", "Index Name": "company_type_pkey", "Startup Cost": 0.0, "Total Cost": 0.26, "Plan Rows": 1, "Plan Width": 0, "Index Cond": "(id = mc.company_type_id)"}]}]}, {"Node Type": "Bitmap Heap Scan", "Parent Relationship": "Inner", "Relation Name": "company_name", "Alias": "cn", "Startup Cost": 0.26, "Total Cost": 4.27, "Plan Rows": 1, "Plan Width": 4, "Recheck Cond": "(id = mc.company_id)", "Filter": "((country_code)::text = '[us]'::text)", "Plans": [{"Node Type": "Bitmap Index Scan", "Parent Relationship": "Outer", "Index Name": "company_name_pkey", "Startup Cost": 0.0, "Total Cost": 0.26, "Plan Rows": 1, "Plan Width": 0, "Index Cond": "(id = mc.company_id)"}]}]}]}, "Unique SQL Id": 1682224415}, "explain_analyze_plan": null}, "(16, 104)": {"explain_plan": {"Plan": {"Node Type": "Aggregate", "Strategy": "Plain", "Startup Cost": 22484.22, "Total Cost": 22484.23, "Plan Rows": 1, "Plan Width": 123, "Plans": [{"Node Type": "Nested Loop", "Parent Relationship": "Outer", "Join Type": "Inner", "Startup Cost": 2.41, "Total Cost": 22484.2, "Plan Rows": 4, "Plan Width": 59, "Inner Unique": true, "Plans": [{"Node Type": "Nested Loop", "Parent Relationship": "Outer", "Join Type": "Inner", "Startup Cost": 2.41, "Total Cost": 22482.19, "Plan Rows": 7, "Plan Width": 63, "Inner Unique": true, "Plans": [{"Node Type": "Nested Loop", "Parent Relationship": "Outer", "Join Type": "Inner", "Startup Cost": 2.41, "Total Cost": 22480.76, "Plan Rows": 5, "Plan Width": 67, "Inner Unique": true, "Plans": [{"Node Type": "Nested Loop", "Parent Relationship": "Outer", "Join Type": "Inner", "Startup Cost": 2.41, "Total Cost": 22462.4, "Plan Rows": 65, "Plan Width": 71, "Inner Unique": false, "Join Filter": "(t.id = mc.movie_id)", "Plans": [{"Node Type": "Hash Join", "Parent Relationship": "Outer", "Join Type": "Inner", "Startup Cost": 2.41, "Total Cost": 22452.74, "Plan Rows": 30, "Plan Width": 75, "Inner Unique": true, "Hash Cond": "(mi.info_type_id = it1.id)", "Plans": [{"Node Type": "Nested Loop", "Parent Relationship": "Outer", "Join Type": "Inner", "Startup Cost": 0.0, "Total Cost": 22444.72, "Plan Rows": 2117, "Plan Width": 79, "Inner Unique": false, "Join Filter": "(t.id = mi.movie_id)", "Plans": [{"Node Type": "Nested Loop", "Parent Relationship": "Outer", "Join Type": "Inner", "Startup Cost": 0.0, "Total Cost": 22045.95, "Plan Rows": 396, "Plan Width": 29, "Inner Unique": false, "Plans": [{"Node Type": "Streaming(type: LOCAL GATHER dop: 1/16)", "Parent Relationship": "Outer", "Startup Cost": 0.0, "Total Cost": 19945.03, "Plan Rows": 258, "Plan Width": 21, "Plans": [{"Node Type": "Seq Scan", "Parent Relationship": "Outer", "Relation Name": "title", "Alias": "t", "Startup Cost": 0.0, "Total Cost": 19939.47, "Plan Rows": 258, "Plan Width": 21, "Filter": "((production_year > 2000) AND (((title)::text ~~ 'Birdemic%'::text) OR ((title)::text ~~ '%Movie%'::text)))"}]}, {"Node Type": "Index Scan", "Parent Relationship": "Inner", "Scan Direction": "Forward", "Index Name": "movie_id_movie_info_idx", "Relation Name": "movie_info_idx", "Alias": "mi_idx", "Startup Cost": 0.0, "Total Cost": 8.12, "Plan Rows": 2, "Plan Width": 8, "Index Cond": "(movie_id = t.id)"}]}, {"Node Type": "Index Scan", "Parent Relationship": "Inner", "Scan Direction": "Forward", "Index Name": "movie_id_movie_info", "Relation Name": "movie_info", "Alias": "mi", "Startup Cost": 0.0, "Total Cost": 0.94, "Plan Rows": 5, "Plan Width": 50, "Index Cond": "(movie_id = mi_idx.movie_id)"}]}, {"Node Type": "Hash", "Parent Relationship": "Inner", "Startup Cost": 2.4, "Total Cost": 2.4, "Plan Rows": 1, "Plan Width": 4, "Plans": [{"Node Type": "Seq Scan", "Parent Relationship": "Outer", "Relation Name": "info_type", "Alias": "it1", "Startup Cost": 0.0, "Total Cost": 2.4, "Plan Rows": 1, "Plan Width": 4, "Filter": "((info)::text = 'budget'::text)"}]}]}, {"Node Type": "Index Scan", "Parent Relationship": "Inner", "Scan Direction": "Forward", "Index Name": "movie_id_movie_companies", "Relation Name": "movie_companies", "Alias": "mc", "Startup Cost": 0.0, "Total Cost": 0.3, "Plan Rows": 2, "Plan Width": 12, "Index Cond": "(movie_id = mi.movie_id)"}]}, {"Node Type": "Index Scan", "Parent Relationship": "Inner", "Scan Direction": "Forward", "Index Name": "info_type_pkey", "Relation Name": "info_type", "Alias": "it2", "Startup Cost": 0.0, "Total Cost": 0.27, "Plan Rows": 1, "Plan Width": 4, "Index Cond": "(id = mi_idx.info_type_id)", "Filter": "((info)::text = 'bottom 10 rank'::text)"}]}, {"Node Type": "Index Scan", "Parent Relationship": "Inner", "Scan Direction": "Forward", "Index Name": "company_type_pkey", "Relation Name": "company_type", "Alias": "ct", "Startup Cost": 0.0, "Total Cost": 0.28, "Plan Rows": 1, "Plan Width": 4, "Index Cond": "(id = mc.company_type_id)", "Filter": "((kind IS NOT NULL) AND (((kind)::text = 'production companies'::text) OR ((kind)::text = 'distributors'::text)))"}]}, {"Node Type": "Index Scan", "Parent Relationship": "Inner", "Scan Direction": "Forward", "Index Name": "company_name_pkey", "Relation Name": "company_name", "Alias": "cn", "Startup Cost": 0.0, "Total Cost": 0.28, "Plan Rows": 1, "Plan Width": 4, "Index Cond": "(id = mc.company_id)", "Filter": "((country_code)::text = '[us]'::text)"}]}]}, "Unique SQL Id": 1682224415}, "explain_analyze_plan": {"Plan": {"Node Type": "Aggregate", "Strategy": "Plain", "Startup Cost": 22484.22, "Total Cost": 22484.23, "Plan Rows": 1, "Plan Width": 123, "Actual Min Startup Time": 175.857, "Actual Max Startup Time": 175.857, "Actual Min Total Time": 175.858, "Actual Max Total Time": 175.858, "Actual Total Rows": 1, "Plans": [{"Node Type": "Nested Loop", "Parent Relationship": "Outer", "Join Type": "Inner", "Startup Cost": 2.41, "Total Cost": 22484.2, "Plan Rows": 4, "Plan Width": 59, "Actual Min Startup Time": 89.71, "Actual Max Startup Time": 89.71, "Actual Min Total Time": 175.806, "Actual Max Total Time": 175.806, "Actual Total Rows": 5, "Inner Unique": true, "Plans": [{"Node Type": "Nested Loop", "Parent Relationship": "Outer", "Join Type": "Inner", "Startup Cost": 2.41, "Total Cost": 22482.19, "Plan Rows": 7, "Plan Width": 63, "Actual Min Startup Time": 89.693, "Actual Max Startup Time": 89.693, "Actual Min Total Time": 175.752, "Actual Max Total Time": 175.752, "Actual Total Rows": 5, "Inner Unique": true, "Plans": [{"Node Type": "Nested Loop", "Parent Relationship": "Outer", "Join Type": "Inner", "Startup Cost": 2.41, "Total Cost": 22480.76, "Plan Rows": 5, "Plan Width": 67, "Actual Min Startup Time": 89.556, "Actual Max Startup Time": 89.556, "Actual Min Total Time": 175.674, "Actual Max Total Time": 175.674, "Actual Total Rows": 33, "Inner Unique": true, "Plans": [{"Node Type": "Nested Loop", "Parent Relationship": "Outer", "Join Type": "Inner", "Startup Cost": 2.41, "Total Cost": 22462.4, "Plan Rows": 65, "Plan Width": 71, "Actual Min Startup Time": 78.857, "Actual Max Startup Time": 78.857, "Actual Min Total Time": 168.103, "Actual Max Total Time": 168.103, "Actual Total Rows": 3102, "Inner Unique": false, "Join Filter": "(t.id = mc.movie_id)", "Rows Removed by Join Filter": 0, "Plans": [{"Node Type": "Hash Join", "Parent Relationship": "Outer", "Join Type": "Inner", "Startup Cost": 2.41, "Total Cost": 22452.74, "Plan Rows": 30, "Plan Width": 75, "Actual Min Startup Time": 78.84, "Actual Max Startup Time": 78.84, "Actual Min Total Time": 162.426, "Actual Max Total Time": 162.426, "Actual Total Rows": 620, "Inner Unique": true, "Hash Cond": "(mi.info_type_id = it1.id)", "Plans": [{"Node Type": "Nested Loop", "Parent Relationship": "Outer", "Join Type": "Inner", "Startup Cost": 0.0, "Total Cost": 22444.72, "Plan Rows": 2117, "Plan Width": 79, "Actual Min Startup Time": 77.779, "Actual Max Startup Time": 77.779, "Actual Min Total Time": 154.002, "Actual Max Total Time": 154.002, "Actual Total Rows": 49580, "Inner Unique": false, "Join Filter": "(t.id = mi.movie_id)", "Rows Removed by Join Filter": 0, "Plans": [{"Node Type": "Nested Loop", "Parent Relationship": "Outer", "Join Type": "Inner", "Startup Cost": 0.0, "Total Cost": 22045.95, "Plan Rows": 396, "Plan Width": 29, "Actual Min Startup Time": 77.746, "Actual Max Startup Time": 77.746, "Actual Min Total Time": 90.922, "Actual Max Total Time": 90.922, "Actual Total Rows": 2645, "Inner Unique": false, "Plans": [{"Node Type": "Streaming(type: LOCAL GATHER dop: 1/16)", "Parent Relationship": "Outer", "Startup Cost": 0.0, "Total Cost": 19945.03, "Plan Rows": 258, "Plan Width": 21, "Actual Min Startup Time": 77.679, "Actual Max Startup Time": 77.679, "Actual Min Total Time": 78.647, "Actual Max Total Time": 78.647, "Actual Total Rows": 2536, "Plans": [{"Node Type": "Seq Scan", "Parent Relationship": "Outer", "Relation Name": "title", "Alias": "t", "Startup Cost": 0.0, "Total Cost": 19939.47, "Plan Rows": 258, "Plan Width": 21, "Actual Min Startup Time": 0.057, "Actual Max Startup Time": 5.43, "Actual Min Total Time": 80.005, "Actual Max Total Time": 84.262, "Actual Total Rows": 2536, "Filter": "((production_year > 2000) AND (((title)::text ~~ 'Birdemic%'::text) OR ((title)::text ~~ '%Movie%'::text)))", "Rows Removed by Filter": 2525775}]}, {"Node Type": "Index Scan", "Parent Relationship": "Inner", "Scan Direction": "Forward", "Index Name": "movie_id_movie_info_idx", "Relation Name": "movie_info_idx", "Alias": "mi_idx", "Startup Cost": 0.0, "Total Cost": 8.12, "Plan Rows": 2, "Plan Width": 8, "Actual Min Startup Time": 9.491, "Actual Max Startup Time": 9.491, "Actual Min Total Time": 10.382, "Actual Max Total Time": 10.382, "Actual Total Rows": 2645, "Index Cond": "(movie_id = t.id)", "Rows Removed by Index Recheck": 0}]}, {"Node Type": "Index Scan", "Parent Relationship": "Inner", "Scan Direction": "Forward", "Index Name": "movie_id_movie_info", "Relation Name": "movie_info", "Alias": "mi", "Startup Cost": 0.0, "Total Cost": 0.94, "Plan Rows": 5, "Plan Width": 50, "Actual Min Startup Time": 13.462, "Actual Max Startup Time": 13.462, "Actual Min Total Time": 44.48, "Actual Max Total Time": 44.48, "Actual Total Rows": 49580, "Index Cond": "(movie_id = mi_idx.movie_id)", "Rows Removed by Index Recheck": 0}]}, {"Node Type": "Hash", "Parent Relationship": "Inner", "Startup Cost": 2.4, "Total Cost": 2.4, "Plan Rows": 1, "Plan Width": 4, "Actual Min Startup Time": 0.113, "Actual Max Startup Time": 0.113, "Actual Min Total Time": 0.113, "Actual Max Total Time": 0.113, "Actual Total Rows": 1, "Max Hash Buckets": 32768, "Min Hash Buckets": 32768, "Max Hash Batches": 1, "Min Hash Batches": 1, "Max Original Hash Batches": 1, "Min Original Hash Batches": 1, "Max Peak Memory Usage": 1, "min Peak Memory Usage": 1, "Plans": [{"Node Type": "Seq Scan", "Parent Relationship": "Outer", "Relation Name": "info_type", "Alias": "it1", "Startup Cost": 0.0, "Total Cost": 2.4, "Plan Rows": 1, "Plan Width": 4, "Actual Min Startup Time": 0.093, "Actual Max Startup Time": 0.093, "Actual Min Total Time": 0.099, "Actual Max Total Time": 0.099, "Actual Total Rows": 1, "Filter": "((info)::text = 'budget'::text)", "Rows Removed by Filter": 111}]}]}, {"Node Type": "Index Scan", "Parent Relationship": "Inner", "Scan Direction": "Forward", "Index Name": "movie_id_movie_companies", "Relation Name": "movie_companies", "Alias": "mc", "Startup Cost": 0.0, "Total Cost": 0.3, "Plan Rows": 2, "Plan Width": 12, "Actual Min Startup Time": 2.661, "Actual Max Startup Time": 2.661, "Actual Min Total Time": 4.143, "Actual Max Total Time": 4.143, "Actual Total Rows": 3102, "Index Cond": "(movie_id = mi.movie_id)", "Rows Removed by Index Recheck": 0}]}, {"Node Type": "Index Scan", "Parent Relationship": "Inner", "Scan Direction": "Forward", "Index Name": "info_type_pkey", "Relation Name": "info_type", "Alias": "it2", "Startup Cost": 0.0, "Total Cost": 0.27, "Plan Rows": 1, "Plan Width": 4, "Actual Min Startup Time": 6.055, "Actual Max Startup Time": 6.055, "Actual Min Total Time": 6.055, "Actual Max Total Time": 6.055, "Actual Total Rows": 33, "Index Cond": "(id = mi_idx.info_type_id)", "Rows Removed by Index Recheck": 0, "Filter": "((info)::text = 'bottom 10 rank'::text)", "Rows Removed by Filter": 3069}]}, {"Node Type": "Index Scan", "Parent Relationship": "Inner", "Scan Direction": "Forward", "Index Name": "company_type_pkey", "Relation Name": "company_type", "Alias": "ct", "Startup Cost": 0.0, "Total Cost": 0.28, "Plan Rows": 1, "Plan Width": 4, "Actual Min Startup Time": 0.059, "Actual Max Startup Time": 0.059, "Actual Min Total Time": 0.059, "Actual Max Total Time": 0.059, "Actual Total Rows": 5, "Index Cond": "(id = mc.company_type_id)", "Rows Removed by Index Recheck": 0, "Filter": "((kind IS NOT NULL) AND (((kind)::text = 'production companies'::text) OR ((kind)::text = 'distributors'::text)))", "Rows Removed by Filter": 0}]}, {"Node Type": "Index Scan", "Parent Relationship": "Inner", "Scan Direction": "Forward", "Index Name": "company_name_pkey", "Relation Name": "company_name", "Alias": "cn", "Startup Cost": 0.0, "Total Cost": 0.28, "Plan Rows": 1, "Plan Width": 4, "Actual Min Startup Time": 0.041, "Actual Max Startup Time": 0.041, "Actual Min Total Time": 0.041, "Actual Max Total Time": 0.041, "Actual Total Rows": 5, "Index Cond": "(id = mc.company_id)", "Rows Removed by Index Recheck": 0, "Filter": "((country_code)::text = '[us]'::text)", "Rows Removed by Filter": 0}]}]}, "Triggers": [], "Planner Runtime": 271.102, "Total Runtime": 178.832, "Unique SQL Id": 1682224415}}, "(16, 105)": {"explain_plan": {"Plan": {"Node Type": "Aggregate", "Strategy": "Plain", "Startup Cost": 105409.0, "Total Cost": 105409.01, "Plan Rows": 1, "Plan Width": 123, "Plans": [{"Node Type": "Nested Loop", "Parent Relationship": "Outer", "Join Type": "Inner", "Startup Cost": 0.0, "Total Cost": 105408.76, "Plan Rows": 48, "Plan Width": 59, "Inner Unique": true, "Plans": [{"Node Type": "Nested Loop", "Parent Relationship": "Outer", "Join Type": "Inner", "Startup Cost": 0.0, "Total Cost": 105395.08, "Plan Rows": 48, "Plan Width": 63, "Inner Unique": true, "Plans": [{"Node Type": "Nested Loop", "Parent Relationship": "Outer", "Join Type": "Inner", "Startup Cost": 0.0, "Total Cost": 105325.02, "Plan Rows": 248, "Plan Width": 67, "Inner Unique": false, "Join Filter": "(t.id = mi.movie_id)", "Plans": [{"Node Type": "Nested Loop", "Parent Relationship": "Outer", "Join Type": "Inner", "Startup Cost": 0.0, "Total Cost": 105002.25, "Plan Rows": 444, "Plan Width": 33, "Inner Unique": true, "Plans": [{"Node Type": "Nested Loop", "Parent Relationship": "Outer", "Join Type": "Inner", "Startup Cost": 0.0, "Total Cost": 104941.85, "Plan Rows": 210, "Plan Width": 37, "Inner Unique": false, "Join Filter": "(t.id = mc.movie_id)", "Plans": [{"Node Type": "Nested Loop", "Parent Relationship": "Outer", "Join Type": "Inner", "Startup Cost": 0.0, "Total Cost": 104821.08, "Plan Rows": 311, "Plan Width": 25, "Inner Unique": true, "Plans": [{"Node Type": "Nested Loop", "Parent Relationship": "Outer", "Join Type": "Inner", "Startup Cost": 0.0, "Total Cost": 104709.2, "Plan Rows": 396, "Plan Width": 29, "Inner Unique": false, "Plans": [{"Node Type": "Streaming(type: LOCAL GATHER dop: 1/16)", "Parent Relationship": "Outer", "Startup Cost": 0.0, "Total Cost": 102608.29, "Plan Rows": 258, "Plan Width": 21, "Plans": [{"Node Type": "Index Scan", "Parent Relationship": "Outer", "Scan Direction": "Forward", "Index Name": "title_pkey", "Relation Name": "title", "Alias": "t", "Startup Cost": 0.0, "Total Cost": 102602.72, "Plan Rows": 258, "Plan Width": 21, "Filter": "((production_year > 2000) AND (((title)::text ~~ 'Birdemic%'::text) OR ((title)::text ~~ '%Movie%'::text)))"}]}, {"Node Type": "Index Scan", "Parent Relationship": "Inner", "Scan Direction": "Forward", "Index Name": "movie_id_movie_info_idx", "Relation Name": "movie_info_idx", "Alias": "mi_idx", "Startup Cost": 0.0, "Total Cost": 8.12, "Plan Rows": 2, "Plan Width": 8, "Index Cond": "(movie_id = t.id)"}]}, {"Node Type": "Index Scan", "Parent Relationship": "Inner", "Scan Direction": "Forward", "Index Name": "info_type_pkey", "Relation Name": "info_type", "Alias": "it2", "Startup Cost": 0.0, "Total Cost": 0.27, "Plan Rows": 1, "Plan Width": 4, "Index Cond": "(id = mi_idx.info_type_id)", "Filter": "((info)::text = 'bottom 10 rank'::text)"}]}, {"Node Type": "Index Scan", "Parent Relationship": "Inner", "Scan Direction": "Forward", "Index Name": "movie_id_movie_companies", "Relation Name": "movie_companies", "Alias": "mc", "Startup Cost": 0.0, "Total Cost": 0.36, "Plan Rows": 2, "Plan Width": 12, "Index Cond": "(movie_id = mi_idx.movie_id)"}]}, {"Node Type": "Index Scan", "Parent Relationship": "Inner", "Scan Direction": "Forward", "Index Name": "company_name_pkey", "Relation Name": "company_name", "Alias": "cn", "Startup Cost": 0.0, "Total Cost": 0.28, "Plan Rows": 1, "Plan Width": 4, "Index Cond": "(id = mc.company_id)", "Filter": "((country_code)::text = '[us]'::text)"}]}, {"Node Type": "Index Scan", "Parent Relationship": "Inner", "Scan Direction": "Forward", "Index Name": "movie_id_movie_info", "Relation Name": "movie_info", "Alias": "mi", "Startup Cost": 0.0, "Total Cost": 0.66, "Plan Rows": 5, "Plan Width": 50, "Index Cond": "(movie_id = mc.movie_id)"}]}, {"Node Type": "Index Scan", "Parent Relationship": "Inner", "Scan Direction": "Forward", "Index Name": "info_type_pkey", "Relation Name": "info_type", "Alias": "it1", "Startup Cost": 0.0, "Total Cost": 0.27, "Plan Rows": 1, "Plan Width": 4, "Index Cond": "(id = mi.info_type_id)", "Filter": "((info)::text = 'budget'::text)"}]}, {"Node Type": "Index Scan", "Parent Relationship": "Inner", "Scan Direction": "Forward", "Index Name": "company_type_pkey", "Relation Name": "company_type", "Alias": "ct", "Startup Cost": 0.0, "Total Cost": 0.28, "Plan Rows": 1, "Plan Width": 4, "Index Cond": "(id = mc.company_type_id)", "Filter": "((kind IS NOT NULL) AND (((kind)::text = 'production companies'::text) OR ((kind)::text = 'distributors'::text)))"}]}]}, "Unique SQL Id": 1682224415}, "explain_analyze_plan": {"Plan": {"Node Type": "Aggregate", "Strategy": "Plain", "Startup Cost": 105409.0, "Total Cost": 105409.01, "Plan Rows": 1, "Plan Width": 123, "Actual Min Startup Time": 292.646, "Actual Max Startup Time": 292.646, "Actual Min Total Time": 292.646, "Actual Max Total Time": 292.646, "Actual Total Rows": 1, "Plans": [{"Node Type": "Nested Loop", "Parent Relationship": "Outer", "Join Type": "Inner", "Startup Cost": 0.0, "Total Cost": 105408.76, "Plan Rows": 48, "Plan Width": 59, "Actual Min Startup Time": 248.798, "Actual Max Startup Time": 248.798, "Actual Min Total Time": 292.603, "Actual Max Total Time": 292.603, "Actual Total Rows": 5, "Inner Unique": true, "Plans": [{"Node Type": "Nested Loop", "Parent Relationship": "Outer", "Join Type": "Inner", "Startup Cost": 0.0, "Total Cost": 105395.08, "Plan Rows": 48, "Plan Width": 63, "Actual Min Startup Time": 247.656, "Actual Max Startup Time": 247.656, "Actual Min Total Time": 292.563, "Actual Max Total Time": 292.563, "Actual Total Rows": 10, "Inner Unique": true, "Plans": [{"Node Type": "Nested Loop", "Parent Relationship": "Outer", "Join Type": "Inner", "Startup Cost": 0.0, "Total Cost": 105325.02, "Plan Rows": 248, "Plan Width": 67, "Actual Min Startup Time": 247.242, "Actual Max Startup Time": 247.242, "Actual Min Total Time": 289.845, "Actual Max Total Time": 289.845, "Actual Total Rows": 1210, "Inner Unique": false, "Join Filter": "(t.id = mi.movie_id)", "Rows Removed by Join Filter": 0, "Plans": [{"Node Type": "Nested Loop", "Parent Relationship": "Outer", "Join Type": "Inner", "Startup Cost": 0.0, "Total Cost": 105002.25, "Plan Rows": 444, "Plan Width": 33, "Actual Min Startup Time": 247.209, "Actual Max Startup Time": 247.209, "Actual Min Total Time": 288.676, "Actual Max Total Time": 288.676, "Actual Total Rows": 10, "Inner Unique": true, "Plans": [{"Node Type": "Nested Loop", "Parent Relationship": "Outer", "Join Type": "Inner", "Startup Cost": 0.0, "Total Cost": 104941.85, "Plan Rows": 210, "Plan Width": 37, "Actual Min Startup Time": 247.129, "Actual Max Startup Time": 247.129, "Actual Min Total Time": 288.46, "Actual Max Total Time": 288.46, "Actual Total Rows": 33, "Inner Unique": false, "Join Filter": "(t.id = mc.movie_id)", "Rows Removed by Join Filter": 0, "Plans": [{"Node Type": "Nested Loop", "Parent Relationship": "Outer", "Join Type": "Inner", "Startup Cost": 0.0, "Total Cost": 104821.08, "Plan Rows": 311, "Plan Width": 25, "Actual Min Startup Time": 247.091, "Actual Max Startup Time": 247.091, "Actual Min Total Time": 288.37, "Actual Max Total Time": 288.37, "Actual Total Rows": 2, "Inner Unique": true, "Plans": [{"Node Type": "Nested Loop", "Parent Relationship": "Outer", "Join Type": "Inner", "Startup Cost": 0.0, "Total Cost": 104709.2, "Plan Rows": 396, "Plan Width": 29, "Actual Min Startup Time": 84.146, "Actual Max Startup Time": 84.146, "Actual Min Total Time": 281.82, "Actual Max Total Time": 281.82, "Actual Total Rows": 2645, "Inner Unique": false, "Plans": [{"Node Type": "Streaming(type: LOCAL GATHER dop: 1/16)", "Parent Relationship": "Outer", "Startup Cost": 0.0, "Total Cost": 102608.29, "Plan Rows": 258, "Plan Width": 21, "Actual Min Startup Time": 84.091, "Actual Max Startup Time": 84.091, "Actual Min Total Time": 270.133, "Actual Max Total Time": 270.133, "Actual Total Rows": 2536, "Plans": [{"Node Type": "Index Scan", "Parent Relationship": "Outer", "Scan Direction": "Forward", "Index Name": "title_pkey", "Relation Name": "title", "Alias": "t", "Startup Cost": 0.0, "Total Cost": 102602.72, "Plan Rows": 258, "Plan Width": 21, "Actual Min Startup Time": 16.127, "Actual Max Startup Time": 27.372, "Actual Min Total Time": 244.49, "Actual Max Total Time": 275.229, "Actual Total Rows": 2536, "Filter": "((production_year > 2000) AND (((title)::text ~~ 'Birdemic%'::text) OR ((title)::text ~~ '%Movie%'::text)))", "Rows Removed by Filter": 2525775}]}, {"Node Type": "Index Scan", "Parent Relationship": "Inner", "Scan Direction": "Forward", "Index Name": "movie_id_movie_info_idx", "Relation Name": "movie_info_idx", "Alias": "mi_idx", "Startup Cost": 0.0, "Total Cost": 8.12, "Plan Rows": 2, "Plan Width": 8, "Actual Min Startup Time": 8.746, "Actual Max Startup Time": 8.746, "Actual Min Total Time": 9.634, "Actual Max Total Time": 9.634, "Actual Total Rows": 2645, "Index Cond": "(movie_id = t.id)", "Rows Removed by Index Recheck": 0}]}, {"Node Type": "Index Scan", "Parent Relationship": "Inner", "Scan Direction": "Forward", "Index Name": "info_type_pkey", "Relation Name": "info_type", "Alias": "it2", "Startup Cost": 0.0, "Total Cost": 0.27, "Plan Rows": 1, "Plan Width": 4, "Actual Min Startup Time": 5.265, "Actual Max Startup Time": 5.265, "Actual Min Total Time": 5.265, "Actual Max Total Time": 5.265, "Actual Total Rows": 2, "Index Cond": "(id = mi_idx.info_type_id)", "Rows Removed by Index Recheck": 0, "Filter": "((info)::text = 'bottom 10 rank'::text)", "Rows Removed by Filter": 2643}]}, {"Node Type": "Index Scan", "Parent Relationship": "Inner", "Scan Direction": "Forward", "Index Name": "movie_id_movie_companies", "Relation Name": "movie_companies", "Alias": "mc", "Startup Cost": 0.0, "Total Cost": 0.36, "Plan Rows": 2, "Plan Width": 12, "Actual Min Startup Time": 0.022, "Actual Max Startup Time": 0.022, "Actual Min Total Time": 0.045, "Actual Max Total Time": 0.045, "Actual Total Rows": 33, "Index Cond": "(movie_id = mi_idx.movie_id)", "Rows Removed by Index Recheck": 0}]}, {"Node Type": "Index Scan", "Parent Relationship": "Inner", "Scan Direction": "Forward", "Index Name": "company_name_pkey", "Relation Name": "company_name", "Alias": "cn", "Startup Cost": 0.0, "Total Cost": 0.28, "Plan Rows": 1, "Plan Width": 4, "Actual Min Startup Time": 0.187, "Actual Max Startup Time": 0.187, "Actual Min Total Time": 0.187, "Actual Max Total Time": 0.187, "Actual Total Rows": 10, "Index Cond": "(id = mc.company_id)", "Rows Removed by Index Recheck": 0, "Filter": "((country_code)::text = '[us]'::text)", "Rows Removed by Filter": 23}]}, {"Node Type": "Index Scan", "Parent Relationship": "Inner", "Scan Direction": "Forward", "Index Name": "movie_id_movie_info", "Relation Name": "movie_info", "Alias": "mi", "Startup Cost": 0.0, "Total Cost": 0.66, "Plan Rows": 5, "Plan Width": 50, "Actual Min Startup Time": 0.145, "Actual Max Startup Time": 0.145, "Actual Min Total Time": 0.731, "Actual Max Total Time": 0.731, "Actual Total Rows": 1210, "Index Cond": "(movie_id = mc.movie_id)", "Rows Removed by Index Recheck": 0}]}, {"Node Type": "Index Scan", "Parent Relationship": "Inner", "Scan Direction": "Forward", "Index Name": "info_type_pkey", "Relation Name": "info_type", "Alias": "it1", "Startup Cost": 0.0, "Total Cost": 0.27, "Plan Rows": 1, "Plan Width": 4, "Actual Min Startup Time": 2.125, "Actual Max Startup Time": 2.125, "Actual Min Total Time": 2.125, "Actual Max Total Time": 2.125, "Actual Total Rows": 10, "Index Cond": "(id = mi.info_type_id)", "Rows Removed by Index Recheck": 0, "Filter": "((info)::text = 'budget'::text)", "Rows Removed by Filter": 1184}]}, {"Node Type": "Index Scan", "Parent Relationship": "Inner", "Scan Direction": "Forward", "Index Name": "company_type_pkey", "Relation Name": "company_type", "Alias": "ct", "Startup Cost": 0.0, "Total Cost": 0.28, "Plan Rows": 1, "Plan Width": 4, "Actual Min Startup Time": 0.03, "Actual Max Startup Time": 0.03, "Actual Min Total Time": 0.03, "Actual Max Total Time": 0.03, "Actual Total Rows": 5, "Index Cond": "(id = mc.company_type_id)", "Rows Removed by Index Recheck": 0, "Filter": "((kind IS NOT NULL) AND (((kind)::text = 'production companies'::text) OR ((kind)::text = 'distributors'::text)))", "Rows Removed by Filter": 0}]}]}, "Triggers": [], "Planner Runtime": 162.071, "Total Runtime": 295.392, "Unique SQL Id": 1682224415}}, "(16, 106)": {"explain_plan": {"Plan": {"Node Type": "Aggregate", "Strategy": "Plain", "Startup Cost": 140310.24, "Total Cost": 140310.25, "Plan Rows": 1, "Plan Width": 123, "Plans": [{"Node Type": "Hash Join", "Parent Relationship": "Outer", "Join Type": "Inner", "Startup Cost": 107021.94, "Total Cost": 140310.0, "Plan Rows": 48, "Plan Width": 59, "Inner Unique": true, "Hash Cond": "(mc.company_type_id = ct.id)", "Plans": [{"Node Type": "Hash Join", "Parent Relationship": "Outer", "Join Type": "Inner", "Startup Cost": 107020.87, "Total Cost": 140308.27, "Plan Rows": 48, "Plan Width": 63, "Inner Unique": true, "Hash Cond": "(mi_idx.info_type_id = it2.id)", "Plans": [{"Node Type": "Hash Join", "Parent Relationship": "Outer", "Join Type": "Inner", "Startup Cost": 107018.46, "Total Cost": 140304.81, "Plan Rows": 193, "Plan Width": 67, "Inner Unique": true, "Hash Cond": "(mc.company_id = cn.id)", "Plans": [{"Node Type": "Streaming(type: LOCAL GATHER dop: 1/16)", "Parent Relationship": "Outer", "Startup Cost": 104477.97, "Total Cost": 137750.53, "Plan Rows": 880, "Plan Width": 71, "Plans": [{"Node Type": "Hash Join", "Parent Relationship": "Outer", "Join Type": "Inner", "Startup Cost": 104477.97, "Total Cost": 137731.54, "Plan Rows": 880, "Plan Width": 71, "Inner Unique": false, "Hash Cond": "(t.id = mi_idx.movie_id)", "Plans": [{"Node Type": "Streaming(type: BROADCAST dop: 16/16)", "Parent Relationship": "Outer", "Startup Cost": 87132.67, "Total Cost": 120381.4, "Plan Rows": 9168, "Plan Width": 79, "Plans": [{"Node Type": "Hash Join", "Parent Relationship": "Outer", "Join Type": "Inner", "Startup Cost": 87132.67, "Total Cost": 105358.12, "Plan Rows": 573, "Plan Width": 79, "Inner Unique": false, "Hash Cond": "(mc.movie_id = t.id)", "Plans": [{"Node Type": "Seq Scan", "Parent Relationship": "Outer", "Relation Name": "movie_companies", "Alias": "mc", "Startup Cost": 0.0, "Total Cost": 17613.58, "Plan Rows": 2609128, "Plan Width": 12}, {"Node Type": "Hash", "Parent Relationship": "Inner", "Startup Cost": 87129.32, "Total Cost": 87129.32, "Plan Rows": 4288, "Plan Width": 67, "Plans": [{"Node Type": "Streaming(type: BROADCAST dop: 16/1)", "Parent Relationship": "Outer", "Startup Cost": 34955.58, "Total Cost": 87129.32, "Plan Rows": 4288, "Plan Width": 67, "Plans": [{"Node Type": "Hash Join", "Parent Relationship": "Outer", "Join Type": "Inner", "Startup Cost": 34955.58, "Total Cost": 72036.78, "Plan Rows": 268, "Plan Width": 67, "Inner Unique": true, "Hash Cond": "(mi.info_type_id = it1.id)", "Plans": [{"Node Type": "Streaming(type: LOCAL GATHER dop: 1/16)", "Parent Relationship": "Outer", "Startup Cost": 34953.17, "Total Cost": 72030.4, "Plan Rows": 1367, "Plan Width": 71, "Plans": [{"Node Type": "Hash Join", "Parent Relationship": "Outer", "Join Type": "Inner", "Startup Cost": 34953.17, "Total Cost": 72000.9, "Plan Rows": 1367, "Plan Width": 71, "Inner Unique": true, "Hash Cond": "(mi.movie_id = t.id)", "Plans": [{"Node Type": "Seq Scan", "Parent Relationship": "Outer", "Relation Name": "movie_info", "Alias": "mi", "Startup Cost": 0.0, "Total Cost": 33561.73, "Plan Rows": 14869966, "Plan Width": 50}, {"Node Type": "Hash", "Parent Relationship": "Inner", "Startup Cost": 34949.95, "Total Cost": 34949.95, "Plan Rows": 4128, "Plan Width": 21, "Plans": [{"Node Type": "Streaming(type: BROADCAST dop: 16/16)", "Parent Relationship": "Outer", "Startup Cost": 0.0, "Total Cost": 34949.95, "Plan Rows": 4128, "Plan Width": 21, "Plans": [{"Node Type": "Seq Scan", "Parent Relationship": "Outer", "Relation Name": "title", "Alias": "t", "Startup Cost": 0.0, "Total Cost": 19939.47, "Plan Rows": 258, "Plan Width": 21, "Filter": "((production_year > 2000) AND (((title)::text ~~ 'Birdemic%'::text) OR ((title)::text ~~ '%Movie%'::text)))"}]}]}]}]}, {"Node Type": "Hash", "Parent Relationship": "Inner", "Startup Cost": 2.4, "Total Cost": 2.4, "Plan Rows": 1, "Plan Width": 4, "Plans": [{"Node Type": "Seq Scan", "Parent Relationship": "Outer", "Relation Name": "info_type", "Alias": "it1", "Startup Cost": 0.0, "Total Cost": 2.4, "Plan Rows": 1, "Plan Width": 4, "Filter": "((info)::text = 'budget'::text)"}]}]}]}]}]}]}, {"Node Type": "Hash", "Parent Relationship": "Inner", "Startup Cost": 16267.15, "Total Cost": 16267.15, "Plan Rows": 1380034, "Plan Width": 8, "Plans": [{"Node Type": "Seq Scan", "Parent Relationship": "Outer", "Relation Name": "movie_info_idx", "Alias": "mi_idx", "Startup Cost": 0.0, "Total Cost": 16267.15, "Plan Rows": 1380034, "Plan Width": 8}]}]}]}, {"Node Type": "Hash", "Parent Relationship": "Inner", "Startup Cost": 5903.45, "Total Cost": 5903.45, "Plan Rows": 85170, "Plan Width": 4, "Plans": [{"Node Type": "Seq Scan", "Parent Relationship": "Outer", "Relation Name": "company_name", "Alias": "cn", "Startup Cost": 0.0, "Total Cost": 5903.45, "Plan Rows": 85170, "Plan Width": 4, "Filter": "((country_code)::text = '[us]'::text)"}]}]}, {"Node Type": "Hash", "Parent Relationship": "Inner", "Startup Cost": 2.4, "Total Cost": 2.4, "Plan Rows": 1, "Plan Width": 4, "Plans": [{"Node Type": "Seq Scan", "Parent Relationship": "Outer", "Relation Name": "info_type", "Alias": "it2", "Startup Cost": 0.0, "Total Cost": 2.4, "Plan Rows": 1, "Plan Width": 4, "Filter": "((info)::text = 'bottom 10 rank'::text)"}]}]}, {"Node Type": "Hash", "Parent Relationship": "Inner", "Startup Cost": 1.04, "Total Cost": 1.04, "Plan Rows": 2, "Plan Width": 4, "Plans": [{"Node Type": "Seq Scan", "Parent Relationship": "Outer", "Relation Name": "company_type", "Alias": "ct", "Startup Cost": 0.0, "Total Cost": 1.04, "Plan Rows": 2, "Plan Width": 4, "Filter": "((kind IS NOT NULL) AND (((kind)::text = 'production companies'::text) OR ((kind)::text = 'distributors'::text)))"}]}]}]}, "Unique SQL Id": 1682224415}, "explain_analyze_plan": {"Plan": {"Node Type": "Aggregate", "Strategy": "Plain", "Startup Cost": 140310.24, "Total Cost": 140310.25, "Plan Rows": 1, "Plan Width": 123, "Actual Min Startup Time": 771.192, "Actual Max Startup Time": 771.192, "Actual Min Total Time": 771.192, "Actual Max Total Time": 771.192, "Actual Total Rows": 1, "Plans": [{"Node Type": "Hash Join", "Parent Relationship": "Outer", "Join Type": "Inner", "Startup Cost": 107021.94, "Total Cost": 140310.0, "Plan Rows": 48, "Plan Width": 59, "Actual Min Startup Time": 762.414, "Actual Max Startup Time": 762.414, "Actual Min Total Time": 771.167, "Actual Max Total Time": 771.167, "Actual Total Rows": 5, "Inner Unique": true, "Hash Cond": "(mc.company_type_id = ct.id)", "Plans": [{"Node Type": "Hash Join", "Parent Relationship": "Outer", "Join Type": "Inner", "Startup Cost": 107020.87, "Total Cost": 140308.27, "Plan Rows": 48, "Plan Width": 63, "Actual Min Startup Time": 762.235, "Actual Max Startup Time": 762.235, "Actual Min Total Time": 770.977, "Actual Max Total Time": 770.977, "Actual Total Rows": 10, "Inner Unique": true, "Hash Cond": "(mi_idx.info_type_id = it2.id)", "Plans": [{"Node Type": "Hash Join", "Parent Relationship": "Outer", "Join Type": "Inner", "Startup Cost": 107018.46, "Total Cost": 140304.81, "Plan Rows": 193, "Plan Width": 67, "Actual Min Startup Time": 728.633, "Actual Max Startup Time": 728.633, "Actual Min Total Time": 770.475, "Actual Max Total Time": 770.475, "Actual Total Rows": 1393, "Inner Unique": true, "Hash Cond": "(mc.company_id = cn.id)", "Plans": [{"Node Type": "Streaming(type: LOCAL GATHER dop: 1/16)", "Parent Relationship": "Outer", "Startup Cost": 104477.97, "Total Cost": 137750.53, "Plan Rows": 880, "Plan Width": 71, "Actual Min Startup Time": 607.567, "Actual Max Startup Time": 607.567, "Actual Min Total Time": 648.096, "Actual Max Total Time": 648.096, "Actual Total Rows": 3102, "Plans": [{"Node Type": "Hash Join", "Parent Relationship": "Outer", "Join Type": "Inner", "Startup Cost": 104477.97, "Total Cost": 137731.54, "Plan Rows": 880, "Plan Width": 71, "Actual Min Startup Time": 548.351, "Actual Max Startup Time": 613.076, "Actual Min Total Time": 589.111, "Actual Max Total Time": 618.718, "Actual Total Rows": 3102, "Inner Unique": false, "Hash Cond": "(t.id = mi_idx.movie_id)", "Plans": [{"Node Type": "Streaming(type: BROADCAST dop: 16/16)", "Parent Relationship": "Outer", "Startup Cost": 87132.67, "Total Cost": 120381.4, "Plan Rows": 9168, "Plan Width": 79, "Actual Min Startup Time": 487.595, "Actual Max Startup Time": 530.844, "Actual Min Total Time": 527.884, "Actual Max Total Time": 571.214, "Actual Total Rows": 21456, "Plans": [{"Node Type": "Hash Join", "Parent Relationship": "Outer", "Join Type": "Inner", "Startup Cost": 87132.67, "Total Cost": 105358.12, "Plan Rows": 573, "Plan Width": 79, "Actual Min Startup Time": 519.728, "Actual Max Startup Time": 564.387, "Actual Min Total Time": 582.506, "Actual Max Total Time": 621.212, "Actual Total Rows": 1341, "Inner Unique": false, "Hash Cond": "(mc.movie_id = t.id)", "Plans": [{"Node Type": "Seq Scan", "Parent Relationship": "Outer", "Relation Name": "movie_companies", "Alias": "mc", "Startup Cost": 0.0, "Total Cost": 17613.58, "Plan Rows": 2609128, "Plan Width": 12, "Actual Min Startup Time": 0.045, "Actual Max Startup Time": 0.072, "Actual Min Total Time": 32.721, "Actual Max Total Time": 40.599, "Actual Total Rows": 2609128}, {"Node Type": "Hash", "Parent Relationship": "Inner", "Startup Cost": 87129.32, "Total Cost": 87129.32, "Plan Rows": 4288, "Plan Width": 67, "Actual Min Startup Time": 517.911, "Actual Max Startup Time": 554.826, "Actual Min Total Time": 517.911, "Actual Max Total Time": 554.826, "Actual Total Rows": 6928, "Max Hash Buckets": 32768, "Min Hash Buckets": 32768, "Max Hash Batches": 1, "Min Hash Batches": 1, "Max Original Hash Batches": 1, "Min Original Hash Batches": 1, "Max Peak Memory Usage": 33, "min Peak Memory Usage": 33, "Plans": [{"Node Type": "Streaming(type: BROADCAST dop: 16/1)", "Parent Relationship": "Outer", "Startup Cost": 34955.58, "Total Cost": 87129.32, "Plan Rows": 4288, "Plan Width": 67, "Actual Min Startup Time": 346.904, "Actual Max Startup Time": 383.843, "Actual Min Total Time": 517.596, "Actual Max Total Time": 554.643, "Actual Total Rows": 6928, "Plans": [{"Node Type": "Hash Join", "Parent Relationship": "Outer", "Join Type": "Inner", "Startup Cost": 34955.58, "Total Cost": 72036.78, "Plan Rows": 268, "Plan Width": 67, "Actual Min Startup Time": 347.821, "Actual Max Startup Time": 347.821, "Actual Min Total Time": 534.56, "Actual Max Total Time": 534.56, "Actual Total Rows": 433, "Inner Unique": true, "Hash Cond": "(mi.info_type_id = it1.id)", "Plans": [{"Node Type": "Streaming(type: LOCAL GATHER dop: 1/16)", "Parent Relationship": "Outer", "Startup Cost": 34953.17, "Total Cost": 72030.4, "Plan Rows": 1367, "Plan Width": 71, "Actual Min Startup Time": 132.313, "Actual Max Startup Time": 132.313, "Actual Min Total Time": 529.908, "Actual Max Total Time": 529.908, "Actual Total Rows": 25015, "Plans": [{"Node Type": "Hash Join", "Parent Relationship": "Outer", "Join Type": "Inner", "Startup Cost": 34953.17, "Total Cost": 72000.9, "Plan Rows": 1367, "Plan Width": 71, "Actual Min Startup Time": 92.617, "Actual Max Startup Time": 138.422, "Actual Min Total Time": 487.219, "Actual Max Total Time": 525.005, "Actual Total Rows": 25015, "Inner Unique": true, "Hash Cond": "(mi.movie_id = t.id)", "Plans": [{"Node Type": "Seq Scan", "Parent Relationship": "Outer", "Relation Name": "movie_info", "Alias": "mi", "Startup Cost": 0.0, "Total Cost": 33561.73, "Plan Rows": 14869966, "Plan Width": 50, "Actual Min Startup Time": 0.059, "Actual Max Startup Time": 0.073, "Actual Min Total Time": 224.938, "Actual Max Total Time": 257.891, "Actual Total Rows": 14835719}, {"Node Type": "Hash", "Parent Relationship": "Inner", "Startup Cost": 34949.95, "Total Cost": 34949.95, "Plan Rows": 4128, "Plan Width": 21, "Actual Min Startup Time": 92.462, "Actual Max Startup Time": 135.17, "Actual Min Total Time": 92.462, "Actual Max Total Time": 135.17, "Actual Total Rows": 40576, "Max Hash Buckets": 32768, "Min Hash Buckets": 32768, "Max Hash Batches": 1, "Min Hash Batches": 1, "Max Original Hash Batches": 1, "Min Original Hash Batches": 1, "Max Peak Memory Usage": 163, "min Peak Memory Usage": 163, "Plans": [{"Node Type": "Streaming(type: BROADCAST dop: 16/16)", "Parent Relationship": "Outer", "Startup Cost": 0.0, "Total Cost": 34949.95, "Plan Rows": 4128, "Plan Width": 21, "Actual Min Startup Time": 0.068, "Actual Max Startup Time": 13.238, "Actual Min Total Time": 91.353, "Actual Max Total Time": 134.363, "Actual Total Rows": 40576, "Plans": [{"Node Type": "Seq Scan", "Parent Relationship": "Outer", "Relation Name": "title", "Alias": "t", "Startup Cost": 0.0, "Total Cost": 19939.47, "Plan Rows": 258, "Plan Width": 21, "Actual Min Startup Time": 0.049, "Actual Max Startup Time": 5.625, "Actual Min Total Time": 85.009, "Actual Max Total Time": 90.465, "Actual Total Rows": 2536, "Filter": "((production_year > 2000) AND (((title)::text ~~ 'Birdemic%'::text) OR ((title)::text ~~ '%Movie%'::text)))", "Rows Removed by Filter": 2525775}]}]}]}]}, {"Node Type": "Hash", "Parent Relationship": "Inner", "Startup Cost": 2.4, "Total Cost": 2.4, "Plan Rows": 1, "Plan Width": 4, "Actual Min Startup Time": 0.08, "Actual Max Startup Time": 0.08, "Actual Min Total Time": 0.08, "Actual Max Total Time": 0.08, "Actual Total Rows": 1, "Max Hash Buckets": 32768, "Min Hash Buckets": 32768, "Max Hash Batches": 1, "Min Hash Batches": 1, "Max Original Hash Batches": 1, "Min Original Hash Batches": 1, "Max Peak Memory Usage": 1, "min Peak Memory Usage": 1, "Plans": [{"Node Type": "Seq Scan", "Parent Relationship": "Outer", "Relation Name": "info_type", "Alias": "it1", "Startup Cost": 0.0, "Total Cost": 2.4, "Plan Rows": 1, "Plan Width": 4, "Actual Min Startup Time": 0.066, "Actual Max Startup Time": 0.066, "Actual Min Total Time": 0.071, "Actual Max Total Time": 0.071, "Actual Total Rows": 1, "Filter": "((info)::text = 'budget'::text)", "Rows Removed by Filter": 111}]}]}]}]}]}]}, {"Node Type": "Hash", "Parent Relationship": "Inner", "Startup Cost": 16267.15, "Total Cost": 16267.15, "Plan Rows": 1380034, "Plan Width": 8, "Actual Min Startup Time": 46.862, "Actual Max Startup Time": 63.177, "Actual Min Total Time": 46.862, "Actual Max Total Time": 63.177, "Actual Total Rows": 1380034, "Max Hash Buckets": 131072, "Min Hash Buckets": 131072, "Max Hash Batches": 1, "Min Hash Batches": 1, "Max Original Hash Batches": 1, "Min Original Hash Batches": 1, "Max Peak Memory Usage": 3941, "min Peak Memory Usage": 3941, "Plans": [{"Node Type": "Seq Scan", "Parent Relationship": "Outer", "Relation Name": "movie_info_idx", "Alias": "mi_idx", "Startup Cost": 0.0, "Total Cost": 16267.15, "Plan Rows": 1380034, "Plan Width": 8, "Actual Min Startup Time": 0.04, "Actual Max Startup Time": 0.074, "Actual Min Total Time": 24.829, "Actual Max Total Time": 31.263, "Actual Total Rows": 1380034}]}]}]}, {"Node Type": "Hash", "Parent Relationship": "Inner", "Startup Cost": 5903.45, "Total Cost": 5903.45, "Plan Rows": 85170, "Plan Width": 4, "Actual Min Startup Time": 120.841, "Actual Max Startup Time": 120.841, "Actual Min Total Time": 120.841, "Actual Max Total Time": 120.841, "Actual Total Rows": 84843, "Max Hash Buckets": 131072, "Min Hash Buckets": 131072, "Max Hash Batches": 1, "Min Hash Batches": 1, "Max Original Hash Batches": 1, "Min Original Hash Batches": 1, "Max Peak Memory Usage": 2983, "min Peak Memory Usage": 2983, "Plans": [{"Node Type": "Seq Scan", "Parent Relationship": "Outer", "Relation Name": "company_name", "Alias": "cn", "Startup Cost": 0.0, "Total Cost": 5903.45, "Plan Rows": 85170, "Plan Width": 4, "Actual Min Startup Time": 0.041, "Actual Max Startup Time": 0.041, "Actual Min Total Time": 96.178, "Actual Max Total Time": 96.178, "Actual Total Rows": 84843, "Filter": "((country_code)::text = '[us]'::text)", "Rows Removed by Filter": 150153}]}]}, {"Node Type": "Hash", "Parent Relationship": "Inner", "Startup Cost": 2.4, "Total Cost": 2.4, "Plan Rows": 1, "Plan Width": 4, "Actual Min Startup Time": 0.067, "Actual Max Startup Time": 0.067, "Actual Min Total Time": 0.067, "Actual Max Total Time": 0.067, "Actual Total Rows": 1, "Max Hash Buckets": 32768, "Min Hash Buckets": 32768, "Max Hash Batches": 1, "Min Hash Batches": 1, "Max Original Hash Batches": 1, "Min Original Hash Batches": 1, "Max Peak Memory Usage": 1, "min Peak Memory Usage": 1, "Plans": [{"Node Type": "Seq Scan", "Parent Relationship": "Outer", "Relation Name": "info_type", "Alias": "it2", "Startup Cost": 0.0, "Total Cost": 2.4, "Plan Rows": 1, "Plan Width": 4, "Actual Min Startup Time": 0.055, "Actual Max Startup Time": 0.055, "Actual Min Total Time": 0.057, "Actual Max Total Time": 0.057, "Actual Total Rows": 1, "Filter": "((info)::text = 'bottom 10 rank'::text)", "Rows Removed by Filter": 111}]}]}, {"Node Type": "Hash", "Parent Relationship": "Inner", "Startup Cost": 1.04, "Total Cost": 1.04, "Plan Rows": 2, "Plan Width": 4, "Actual Min Startup Time": 0.066, "Actual Max Startup Time": 0.066, "Actual Min Total Time": 0.066, "Actual Max Total Time": 0.066, "Actual Total Rows": 1, "Max Hash Buckets": 32768, "Min Hash Buckets": 32768, "Max Hash Batches": 1, "Min Hash Batches": 1, "Max Original Hash Batches": 1, "Min Original Hash Batches": 1, "Max Peak Memory Usage": 1, "min Peak Memory Usage": 1, "Plans": [{"Node Type": "Seq Scan", "Parent Relationship": "Outer", "Relation Name": "company_type", "Alias": "ct", "Startup Cost": 0.0, "Total Cost": 1.04, "Plan Rows": 2, "Plan Width": 4, "Actual Min Startup Time": 0.04, "Actual Max Startup Time": 0.04, "Actual Min Total Time": 0.048, "Actual Max Total Time": 0.048, "Actual Total Rows": 1, "Filter": "((kind IS NOT NULL) AND (((kind)::text = 'production companies'::text) OR ((kind)::text = 'distributors'::text)))", "Rows Removed by Filter": 2}]}]}]}, "Triggers": [], "Planner Runtime": 390.207, "Total Runtime": 786.945, "Unique SQL Id": 1682224415}}, "(16, 107)": {"explain_plan": {"Plan": {"Node Type": "Aggregate", "Strategy": "Plain", "Startup Cost": 8000041469269.61, "Total Cost": 8000041469269.62, "Plan Rows": 1, "Plan Width": 123, "Plans": [{"Node Type": "Hash Join", "Parent Relationship": "Outer", "Join Type": "Inner", "Startup Cost": 6020025129105.15, "Total Cost": 8000041469269.37, "Plan Rows": 48, "Plan Width": 59, "Inner Unique": true, "Hash Cond": "(mc.company_type_id = ct.id)", "Plans": [{"Node Type": "Hash Join", "Parent Relationship": "Outer", "Join Type": "Inner", "Startup Cost": 5020025127874.12, "Total Cost": 7000041468037.68, "Plan Rows": 48, "Plan Width": 63, "Inner Unique": true, "Hash Cond": "(mc.company_id = cn.id)", "Plans": [{"Node Type": "Hash Join", "Parent Relationship": "Outer", "Join Type": "Inner", "Startup Cost": 4020024076670.53, "Total Cost": 6000040416830.64, "Plan Rows": 220, "Plan Width": 67, "Inner Unique": false, "Hash Cond": "(mi.movie_id = t.id)", "Plans": [{"Node Type": "Nested Loop", "Parent Relationship": "Outer", "Join Type": "Inner", "Startup Cost": 20000004894.57, "Total Cost": 2000016343720.19, "Plan Rows": 212428, "Plan Width": 46, "Inner Unique": false, "Plans": [{"Node Type": "Index Scan", "Parent Relationship": "Outer", "Scan Direction": "Forward", "Index Name": "info_type_pkey", "Relation Name": "info_type", "Alias": "it1", "Startup Cost": 10000000000.0, "Total Cost": 1000000001421.0, "Plan Rows": 1, "Plan Width": 4, "Filter": "((info)::text = 'budget'::text)"}, {"Node Type": "Bitmap Heap Scan", "Parent Relationship": "Inner", "Relation Name": "movie_info", "Alias": "mi", "Startup Cost": 10000004894.57, "Total Cost": 1000016340174.91, "Plan Rows": 212428, "Plan Width": 50, "Recheck Cond": "(info_type_id = it1.id), (LLVM Optimized)", "Plans": [{"Node Type": "Bitmap Index Scan", "Parent Relationship": "Outer", "Index Name": "info_type_id_movie_info", "Startup Cost": 0.0, "Total Cost": 4841.46, "Plan Rows": 212428, "Plan Width": 0, "Index Cond": "(info_type_id = it1.id)"}]}]}, {"Node Type": "Hash", "Parent Relationship": "Inner", "Startup Cost": 4000024071767.76, "Total Cost": 4000024071767.76, "Plan Rows": 656, "Plan Width": 37, "Plans": [{"Node Type": "Hash Join", "Parent Relationship": "Outer", "Join Type": "Inner", "Startup Cost": 2020022243800.94, "Total Cost": 4000024071767.76, "Plan Rows": 656, "Plan Width": 37, "Inner Unique": false, "Hash Cond": "(mi_idx.movie_id = t.id)", "Plans": [{"Node Type": "Nested Loop", "Parent Relationship": "Outer", "Join Type": "Inner", "Startup Cost": 20000007502.06, "Total Cost": 2000001833737.28, "Plan Rows": 345008, "Plan Width": 4, "Inner Unique": false, "Plans": [{"Node Type": "Index Scan", "Parent Relationship": "Outer", "Scan Direction": "Forward", "Index Name": "info_type_pkey", "Relation Name": "info_type", "Alias": "it2", "Startup Cost": 10000000000.0, "Total Cost": 1000000001421.0, "Plan Rows": 1, "Plan Width": 4, "Filter": "((info)::text = 'bottom 10 rank'::text)"}, {"Node Type": "Bitmap Heap Scan", "Parent Relationship": "Inner", "Relation Name": "movie_info_idx", "Alias": "mi_idx", "Startup Cost": 10000007502.06, "Total Cost": 1000001828866.2, "Plan Rows": 345008, "Plan Width": 8, "Recheck Cond": "(info_type_id = it2.id), (LLVM Optimized)", "Plans": [{"Node Type": "Bitmap Index Scan", "Parent Relationship": "Outer", "Index Name": "info_type_id_movie_info_idx", "Startup Cost": 0.0, "Total Cost": 7415.81, "Plan Rows": 345008, "Plan Width": 0, "Index Cond": "(info_type_id = it2.id)"}]}]}, {"Node Type": "Hash", "Parent Relationship": "Inner", "Startup Cost": 2000022236292.07, "Total Cost": 2000022236292.07, "Plan Rows": 545, "Plan Width": 33, "Plans": [{"Node Type": "Hash Join", "Parent Relationship": "Outer", "Join Type": "Inner", "Startup Cost": 1010012908285.39, "Total Cost": 2000022236292.07, "Plan Rows": 545, "Plan Width": 33, "Inner Unique": true, "Hash Cond": "(mc.movie_id = t.id)", "Plans": [{"Node Type": "Index Scan", "Parent Relationship": "Outer", "Scan Direction": "Forward", "Index Name": "company_type_id_movie_companies", "Relation Name": "movie_companies", "Alias": "mc", "Startup Cost": 10000000000.0, "Total Cost": 1000009318217.0, "Plan Rows": 2609128, "Plan Width": 12}, {"Node Type": "Hash", "Parent Relationship": "Inner", "Startup Cost": 1000012908282.16, "Total Cost": 1000012908282.16, "Plan Rows": 258, "Plan Width": 21, "Plans": [{"Node Type": "Index Scan", "Parent Relationship": "Outer", "Scan Direction": "Forward", "Index Name": "title_pkey", "Relation Name": "title", "Alias": "t", "Startup Cost": 10000000000.0, "Total Cost": 1000012908282.16, "Plan Rows": 258, "Plan Width": 21, "Filter": "((production_year > 2000) AND (((title)::text ~~ 'Birdemic%'::text) OR ((title)::text ~~ '%Movie%'::text)))"}]}]}]}]}]}]}, {"Node Type": "Hash", "Parent Relationship": "Inner", "Startup Cost": 1000001050138.97, "Total Cost": 1000001050138.97, "Plan Rows": 85170, "Plan Width": 4, "Plans": [{"Node Type": "Index Scan", "Parent Relationship": "Outer", "Scan Direction": "Forward", "Index Name": "company_name_pkey", "Relation Name": "company_name", "Alias": "cn", "Startup Cost": 10000000000.0, "Total Cost": 1000001050138.97, "Plan Rows": 85170, "Plan Width": 4, "Filter": "((country_code)::text = '[us]'::text)"}]}]}, {"Node Type": "Hash", "Parent Relationship": "Inner", "Startup Cost": 1000000001231.0, "Total Cost": 1000000001231.0, "Plan Rows": 2, "Plan Width": 4, "Plans": [{"Node Type": "Index Scan", "Parent Relationship": "Outer", "Scan Direction": "Forward", "Index Name": "company_type_pkey", "Relation Name": "company_type", "Alias": "ct", "Startup Cost": 10000000000.0, "Total Cost": 1000000001231.0, "Plan Rows": 2, "Plan Width": 4, "Filter": "((kind IS NOT NULL) AND (((kind)::text = 'production companies'::text) OR ((kind)::text = 'distributors'::text)))"}]}]}]}, "Unique SQL Id": 1682224415}, "explain_analyze_plan": null}, "(16, 108)": {"explain_plan": {"Plan": {"Node Type": "Aggregate", "Strategy": "Plain", "Startup Cost": 22484.22, "Total Cost": 22484.23, "Plan Rows": 1, "Plan Width": 123, "Plans": [{"Node Type": "Nested Loop", "Parent Relationship": "Outer", "Join Type": "Inner", "Startup Cost": 2.41, "Total Cost": 22484.2, "Plan Rows": 4, "Plan Width": 59, "Inner Unique": true, "Plans": [{"Node Type": "Nested Loop", "Parent Relationship": "Outer", "Join Type": "Inner", "Startup Cost": 2.41, "Total Cost": 22482.19, "Plan Rows": 7, "Plan Width": 63, "Inner Unique": true, "Plans": [{"Node Type": "Nested Loop", "Parent Relationship": "Outer", "Join Type": "Inner", "Startup Cost": 2.41, "Total Cost": 22480.76, "Plan Rows": 5, "Plan Width": 67, "Inner Unique": true, "Plans": [{"Node Type": "Nested Loop", "Parent Relationship": "Outer", "Join Type": "Inner", "Startup Cost": 2.41, "Total Cost": 22462.4, "Plan Rows": 65, "Plan Width": 71, "Inner Unique": false, "Join Filter": "(t.id = mc.movie_id)", "Plans": [{"Node Type": "Hash Join", "Parent Relationship": "Outer", "Join Type": "Inner", "Startup Cost": 2.41, "Total Cost": 22452.74, "Plan Rows": 30, "Plan Width": 75, "Inner Unique": true, "Hash Cond": "(mi.info_type_id = it1.id)", "Plans": [{"Node Type": "Nested Loop", "Parent Relationship": "Outer", "Join Type": "Inner", "Startup Cost": 0.0, "Total Cost": 22444.72, "Plan Rows": 2117, "Plan Width": 79, "Inner Unique": false, "Join Filter": "(t.id = mi.movie_id)", "Plans": [{"Node Type": "Nested Loop", "Parent Relationship": "Outer", "Join Type": "Inner", "Startup Cost": 0.0, "Total Cost": 22045.95, "Plan Rows": 396, "Plan Width": 29, "Inner Unique": false, "Plans": [{"Node Type": "Streaming(type: LOCAL GATHER dop: 1/16)", "Parent Relationship": "Outer", "Startup Cost": 0.0, "Total Cost": 19945.03, "Plan Rows": 258, "Plan Width": 21, "Plans": [{"Node Type": "Seq Scan", "Parent Relationship": "Outer", "Relation Name": "title", "Alias": "t", "Startup Cost": 0.0, "Total Cost": 19939.47, "Plan Rows": 258, "Plan Width": 21, "Filter": "((production_year > 2000) AND (((title)::text ~~ 'Birdemic%'::text) OR ((title)::text ~~ '%Movie%'::text)))"}]}, {"Node Type": "Index Scan", "Parent Relationship": "Inner", "Scan Direction": "Forward", "Index Name": "movie_id_movie_info_idx", "Relation Name": "movie_info_idx", "Alias": "mi_idx", "Startup Cost": 0.0, "Total Cost": 8.12, "Plan Rows": 2, "Plan Width": 8, "Index Cond": "(movie_id = t.id)"}]}, {"Node Type": "Index Scan", "Parent Relationship": "Inner", "Scan Direction": "Forward", "Index Name": "movie_id_movie_info", "Relation Name": "movie_info", "Alias": "mi", "Startup Cost": 0.0, "Total Cost": 0.94, "Plan Rows": 5, "Plan Width": 50, "Index Cond": "(movie_id = mi_idx.movie_id)"}]}, {"Node Type": "Hash", "Parent Relationship": "Inner", "Startup Cost": 2.4, "Total Cost": 2.4, "Plan Rows": 1, "Plan Width": 4, "Plans": [{"Node Type": "Seq Scan", "Parent Relationship": "Outer", "Relation Name": "info_type", "Alias": "it1", "Startup Cost": 0.0, "Total Cost": 2.4, "Plan Rows": 1, "Plan Width": 4, "Filter": "((info)::text = 'budget'::text)"}]}]}, {"Node Type": "Index Scan", "Parent Relationship": "Inner", "Scan Direction": "Forward", "Index Name": "movie_id_movie_companies", "Relation Name": "movie_companies", "Alias": "mc", "Startup Cost": 0.0, "Total Cost": 0.3, "Plan Rows": 2, "Plan Width": 12, "Index Cond": "(movie_id = mi.movie_id)"}]}, {"Node Type": "Index Scan", "Parent Relationship": "Inner", "Scan Direction": "Forward", "Index Name": "info_type_pkey", "Relation Name": "info_type", "Alias": "it2", "Startup Cost": 0.0, "Total Cost": 0.27, "Plan Rows": 1, "Plan Width": 4, "Index Cond": "(id = mi_idx.info_type_id)", "Filter": "((info)::text = 'bottom 10 rank'::text)"}]}, {"Node Type": "Index Scan", "Parent Relationship": "Inner", "Scan Direction": "Forward", "Index Name": "company_type_pkey", "Relation Name": "company_type", "Alias": "ct", "Startup Cost": 0.0, "Total Cost": 0.28, "Plan Rows": 1, "Plan Width": 4, "Index Cond": "(id = mc.company_type_id)", "Filter": "((kind IS NOT NULL) AND (((kind)::text = 'production companies'::text) OR ((kind)::text = 'distributors'::text)))"}]}, {"Node Type": "Index Scan", "Parent Relationship": "Inner", "Scan Direction": "Forward", "Index Name": "company_name_pkey", "Relation Name": "company_name", "Alias": "cn", "Startup Cost": 0.0, "Total Cost": 0.28, "Plan Rows": 1, "Plan Width": 4, "Index Cond": "(id = mc.company_id)", "Filter": "((country_code)::text = '[us]'::text)"}]}]}, "Unique SQL Id": 1682224415}, "explain_analyze_plan": {"Plan": {"Node Type": "Aggregate", "Strategy": "Plain", "Startup Cost": 22484.22, "Total Cost": 22484.23, "Plan Rows": 1, "Plan Width": 123, "Actual Min Startup Time": 175.857, "Actual Max Startup Time": 175.857, "Actual Min Total Time": 175.858, "Actual Max Total Time": 175.858, "Actual Total Rows": 1, "Plans": [{"Node Type": "Nested Loop", "Parent Relationship": "Outer", "Join Type": "Inner", "Startup Cost": 2.41, "Total Cost": 22484.2, "Plan Rows": 4, "Plan Width": 59, "Actual Min Startup Time": 89.71, "Actual Max Startup Time": 89.71, "Actual Min Total Time": 175.806, "Actual Max Total Time": 175.806, "Actual Total Rows": 5, "Inner Unique": true, "Plans": [{"Node Type": "Nested Loop", "Parent Relationship": "Outer", "Join Type": "Inner", "Startup Cost": 2.41, "Total Cost": 22482.19, "Plan Rows": 7, "Plan Width": 63, "Actual Min Startup Time": 89.693, "Actual Max Startup Time": 89.693, "Actual Min Total Time": 175.752, "Actual Max Total Time": 175.752, "Actual Total Rows": 5, "Inner Unique": true, "Plans": [{"Node Type": "Nested Loop", "Parent Relationship": "Outer", "Join Type": "Inner", "Startup Cost": 2.41, "Total Cost": 22480.76, "Plan Rows": 5, "Plan Width": 67, "Actual Min Startup Time": 89.556, "Actual Max Startup Time": 89.556, "Actual Min Total Time": 175.674, "Actual Max Total Time": 175.674, "Actual Total Rows": 33, "Inner Unique": true, "Plans": [{"Node Type": "Nested Loop", "Parent Relationship": "Outer", "Join Type": "Inner", "Startup Cost": 2.41, "Total Cost": 22462.4, "Plan Rows": 65, "Plan Width": 71, "Actual Min Startup Time": 78.857, "Actual Max Startup Time": 78.857, "Actual Min Total Time": 168.103, "Actual Max Total Time": 168.103, "Actual Total Rows": 3102, "Inner Unique": false, "Join Filter": "(t.id = mc.movie_id)", "Rows Removed by Join Filter": 0, "Plans": [{"Node Type": "Hash Join", "Parent Relationship": "Outer", "Join Type": "Inner", "Startup Cost": 2.41, "Total Cost": 22452.74, "Plan Rows": 30, "Plan Width": 75, "Actual Min Startup Time": 78.84, "Actual Max Startup Time": 78.84, "Actual Min Total Time": 162.426, "Actual Max Total Time": 162.426, "Actual Total Rows": 620, "Inner Unique": true, "Hash Cond": "(mi.info_type_id = it1.id)", "Plans": [{"Node Type": "Nested Loop", "Parent Relationship": "Outer", "Join Type": "Inner", "Startup Cost": 0.0, "Total Cost": 22444.72, "Plan Rows": 2117, "Plan Width": 79, "Actual Min Startup Time": 77.779, "Actual Max Startup Time": 77.779, "Actual Min Total Time": 154.002, "Actual Max Total Time": 154.002, "Actual Total Rows": 49580, "Inner Unique": false, "Join Filter": "(t.id = mi.movie_id)", "Rows Removed by Join Filter": 0, "Plans": [{"Node Type": "Nested Loop", "Parent Relationship": "Outer", "Join Type": "Inner", "Startup Cost": 0.0, "Total Cost": 22045.95, "Plan Rows": 396, "Plan Width": 29, "Actual Min Startup Time": 77.746, "Actual Max Startup Time": 77.746, "Actual Min Total Time": 90.922, "Actual Max Total Time": 90.922, "Actual Total Rows": 2645, "Inner Unique": false, "Plans": [{"Node Type": "Streaming(type: LOCAL GATHER dop: 1/16)", "Parent Relationship": "Outer", "Startup Cost": 0.0, "Total Cost": 19945.03, "Plan Rows": 258, "Plan Width": 21, "Actual Min Startup Time": 77.679, "Actual Max Startup Time": 77.679, "Actual Min Total Time": 78.647, "Actual Max Total Time": 78.647, "Actual Total Rows": 2536, "Plans": [{"Node Type": "Seq Scan", "Parent Relationship": "Outer", "Relation Name": "title", "Alias": "t", "Startup Cost": 0.0, "Total Cost": 19939.47, "Plan Rows": 258, "Plan Width": 21, "Actual Min Startup Time": 0.057, "Actual Max Startup Time": 5.43, "Actual Min Total Time": 80.005, "Actual Max Total Time": 84.262, "Actual Total Rows": 2536, "Filter": "((production_year > 2000) AND (((title)::text ~~ 'Birdemic%'::text) OR ((title)::text ~~ '%Movie%'::text)))", "Rows Removed by Filter": 2525775}]}, {"Node Type": "Index Scan", "Parent Relationship": "Inner", "Scan Direction": "Forward", "Index Name": "movie_id_movie_info_idx", "Relation Name": "movie_info_idx", "Alias": "mi_idx", "Startup Cost": 0.0, "Total Cost": 8.12, "Plan Rows": 2, "Plan Width": 8, "Actual Min Startup Time": 9.491, "Actual Max Startup Time": 9.491, "Actual Min Total Time": 10.382, "Actual Max Total Time": 10.382, "Actual Total Rows": 2645, "Index Cond": "(movie_id = t.id)", "Rows Removed by Index Recheck": 0}]}, {"Node Type": "Index Scan", "Parent Relationship": "Inner", "Scan Direction": "Forward", "Index Name": "movie_id_movie_info", "Relation Name": "movie_info", "Alias": "mi", "Startup Cost": 0.0, "Total Cost": 0.94, "Plan Rows": 5, "Plan Width": 50, "Actual Min Startup Time": 13.462, "Actual Max Startup Time": 13.462, "Actual Min Total Time": 44.48, "Actual Max Total Time": 44.48, "Actual Total Rows": 49580, "Index Cond": "(movie_id = mi_idx.movie_id)", "Rows Removed by Index Recheck": 0}]}, {"Node Type": "Hash", "Parent Relationship": "Inner", "Startup Cost": 2.4, "Total Cost": 2.4, "Plan Rows": 1, "Plan Width": 4, "Actual Min Startup Time": 0.113, "Actual Max Startup Time": 0.113, "Actual Min Total Time": 0.113, "Actual Max Total Time": 0.113, "Actual Total Rows": 1, "Max Hash Buckets": 32768, "Min Hash Buckets": 32768, "Max Hash Batches": 1, "Min Hash Batches": 1, "Max Original Hash Batches": 1, "Min Original Hash Batches": 1, "Max Peak Memory Usage": 1, "min Peak Memory Usage": 1, "Plans": [{"Node Type": "Seq Scan", "Parent Relationship": "Outer", "Relation Name": "info_type", "Alias": "it1", "Startup Cost": 0.0, "Total Cost": 2.4, "Plan Rows": 1, "Plan Width": 4, "Actual Min Startup Time": 0.093, "Actual Max Startup Time": 0.093, "Actual Min Total Time": 0.099, "Actual Max Total Time": 0.099, "Actual Total Rows": 1, "Filter": "((info)::text = 'budget'::text)", "Rows Removed by Filter": 111}]}]}, {"Node Type": "Index Scan", "Parent Relationship": "Inner", "Scan Direction": "Forward", "Index Name": "movie_id_movie_companies", "Relation Name": "movie_companies", "Alias": "mc", "Startup Cost": 0.0, "Total Cost": 0.3, "Plan Rows": 2, "Plan Width": 12, "Actual Min Startup Time": 2.661, "Actual Max Startup Time": 2.661, "Actual Min Total Time": 4.143, "Actual Max Total Time": 4.143, "Actual Total Rows": 3102, "Index Cond": "(movie_id = mi.movie_id)", "Rows Removed by Index Recheck": 0}]}, {"Node Type": "Index Scan", "Parent Relationship": "Inner", "Scan Direction": "Forward", "Index Name": "info_type_pkey", "Relation Name": "info_type", "Alias": "it2", "Startup Cost": 0.0, "Total Cost": 0.27, "Plan Rows": 1, "Plan Width": 4, "Actual Min Startup Time": 6.055, "Actual Max Startup Time": 6.055, "Actual Min Total Time": 6.055, "Actual Max Total Time": 6.055, "Actual Total Rows": 33, "Index Cond": "(id = mi_idx.info_type_id)", "Rows Removed by Index Recheck": 0, "Filter": "((info)::text = 'bottom 10 rank'::text)", "Rows Removed by Filter": 3069}]}, {"Node Type": "Index Scan", "Parent Relationship": "Inner", "Scan Direction": "Forward", "Index Name": "company_type_pkey", "Relation Name": "company_type", "Alias": "ct", "Startup Cost": 0.0, "Total Cost": 0.28, "Plan Rows": 1, "Plan Width": 4, "Actual Min Startup Time": 0.059, "Actual Max Startup Time": 0.059, "Actual Min Total Time": 0.059, "Actual Max Total Time": 0.059, "Actual Total Rows": 5, "Index Cond": "(id = mc.company_type_id)", "Rows Removed by Index Recheck": 0, "Filter": "((kind IS NOT NULL) AND (((kind)::text = 'production companies'::text) OR ((kind)::text = 'distributors'::text)))", "Rows Removed by Filter": 0}]}, {"Node Type": "Index Scan", "Parent Relationship": "Inner", "Scan Direction": "Forward", "Index Name": "company_name_pkey", "Relation Name": "company_name", "Alias": "cn", "Startup Cost": 0.0, "Total Cost": 0.28, "Plan Rows": 1, "Plan Width": 4, "Actual Min Startup Time": 0.041, "Actual Max Startup Time": 0.041, "Actual Min Total Time": 0.041, "Actual Max Total Time": 0.041, "Actual Total Rows": 5, "Index Cond": "(id = mc.company_id)", "Rows Removed by Index Recheck": 0, "Filter": "((country_code)::text = '[us]'::text)", "Rows Removed by Filter": 0}]}]}, "Triggers": [], "Planner Runtime": 271.102, "Total Runtime": 178.832, "Unique SQL Id": 1682224415}}, "(16, 109)": {"explain_plan": {"Plan": {"Node Type": "Aggregate", "Strategy": "Plain", "Startup Cost": 105409.0, "Total Cost": 105409.01, "Plan Rows": 1, "Plan Width": 123, "Plans": [{"Node Type": "Nested Loop", "Parent Relationship": "Outer", "Join Type": "Inner", "Startup Cost": 0.0, "Total Cost": 105408.76, "Plan Rows": 48, "Plan Width": 59, "Inner Unique": true, "Plans": [{"Node Type": "Nested Loop", "Parent Relationship": "Outer", "Join Type": "Inner", "Startup Cost": 0.0, "Total Cost": 105395.08, "Plan Rows": 48, "Plan Width": 63, "Inner Unique": true, "Plans": [{"Node Type": "Nested Loop", "Parent Relationship": "Outer", "Join Type": "Inner", "Startup Cost": 0.0, "Total Cost": 105325.02, "Plan Rows": 248, "Plan Width": 67, "Inner Unique": false, "Join Filter": "(t.id = mi.movie_id)", "Plans": [{"Node Type": "Nested Loop", "Parent Relationship": "Outer", "Join Type": "Inner", "Startup Cost": 0.0, "Total Cost": 105002.25, "Plan Rows": 444, "Plan Width": 33, "Inner Unique": true, "Plans": [{"Node Type": "Nested Loop", "Parent Relationship": "Outer", "Join Type": "Inner", "Startup Cost": 0.0, "Total Cost": 104941.85, "Plan Rows": 210, "Plan Width": 37, "Inner Unique": false, "Join Filter": "(t.id = mc.movie_id)", "Plans": [{"Node Type": "Nested Loop", "Parent Relationship": "Outer", "Join Type": "Inner", "Startup Cost": 0.0, "Total Cost": 104821.08, "Plan Rows": 311, "Plan Width": 25, "Inner Unique": true, "Plans": [{"Node Type": "Nested Loop", "Parent Relationship": "Outer", "Join Type": "Inner", "Startup Cost": 0.0, "Total Cost": 104709.2, "Plan Rows": 396, "Plan Width": 29, "Inner Unique": false, "Plans": [{"Node Type": "Streaming(type: LOCAL GATHER dop: 1/16)", "Parent Relationship": "Outer", "Startup Cost": 0.0, "Total Cost": 102608.29, "Plan Rows": 258, "Plan Width": 21, "Plans": [{"Node Type": "Index Scan", "Parent Relationship": "Outer", "Scan Direction": "Forward", "Index Name": "title_pkey", "Relation Name": "title", "Alias": "t", "Startup Cost": 0.0, "Total Cost": 102602.72, "Plan Rows": 258, "Plan Width": 21, "Filter": "((production_year > 2000) AND (((title)::text ~~ 'Birdemic%'::text) OR ((title)::text ~~ '%Movie%'::text)))"}]}, {"Node Type": "Index Scan", "Parent Relationship": "Inner", "Scan Direction": "Forward", "Index Name": "movie_id_movie_info_idx", "Relation Name": "movie_info_idx", "Alias": "mi_idx", "Startup Cost": 0.0, "Total Cost": 8.12, "Plan Rows": 2, "Plan Width": 8, "Index Cond": "(movie_id = t.id)"}]}, {"Node Type": "Index Scan", "Parent Relationship": "Inner", "Scan Direction": "Forward", "Index Name": "info_type_pkey", "Relation Name": "info_type", "Alias": "it2", "Startup Cost": 0.0, "Total Cost": 0.27, "Plan Rows": 1, "Plan Width": 4, "Index Cond": "(id = mi_idx.info_type_id)", "Filter": "((info)::text = 'bottom 10 rank'::text)"}]}, {"Node Type": "Index Scan", "Parent Relationship": "Inner", "Scan Direction": "Forward", "Index Name": "movie_id_movie_companies", "Relation Name": "movie_companies", "Alias": "mc", "Startup Cost": 0.0, "Total Cost": 0.36, "Plan Rows": 2, "Plan Width": 12, "Index Cond": "(movie_id = mi_idx.movie_id)"}]}, {"Node Type": "Index Scan", "Parent Relationship": "Inner", "Scan Direction": "Forward", "Index Name": "company_name_pkey", "Relation Name": "company_name", "Alias": "cn", "Startup Cost": 0.0, "Total Cost": 0.28, "Plan Rows": 1, "Plan Width": 4, "Index Cond": "(id = mc.company_id)", "Filter": "((country_code)::text = '[us]'::text)"}]}, {"Node Type": "Index Scan", "Parent Relationship": "Inner", "Scan Direction": "Forward", "Index Name": "movie_id_movie_info", "Relation Name": "movie_info", "Alias": "mi", "Startup Cost": 0.0, "Total Cost": 0.66, "Plan Rows": 5, "Plan Width": 50, "Index Cond": "(movie_id = mc.movie_id)"}]}, {"Node Type": "Index Scan", "Parent Relationship": "Inner", "Scan Direction": "Forward", "Index Name": "info_type_pkey", "Relation Name": "info_type", "Alias": "it1", "Startup Cost": 0.0, "Total Cost": 0.27, "Plan Rows": 1, "Plan Width": 4, "Index Cond": "(id = mi.info_type_id)", "Filter": "((info)::text = 'budget'::text)"}]}, {"Node Type": "Index Scan", "Parent Relationship": "Inner", "Scan Direction": "Forward", "Index Name": "company_type_pkey", "Relation Name": "company_type", "Alias": "ct", "Startup Cost": 0.0, "Total Cost": 0.28, "Plan Rows": 1, "Plan Width": 4, "Index Cond": "(id = mc.company_type_id)", "Filter": "((kind IS NOT NULL) AND (((kind)::text = 'production companies'::text) OR ((kind)::text = 'distributors'::text)))"}]}]}, "Unique SQL Id": 1682224415}, "explain_analyze_plan": {"Plan": {"Node Type": "Aggregate", "Strategy": "Plain", "Startup Cost": 105409.0, "Total Cost": 105409.01, "Plan Rows": 1, "Plan Width": 123, "Actual Min Startup Time": 292.646, "Actual Max Startup Time": 292.646, "Actual Min Total Time": 292.646, "Actual Max Total Time": 292.646, "Actual Total Rows": 1, "Plans": [{"Node Type": "Nested Loop", "Parent Relationship": "Outer", "Join Type": "Inner", "Startup Cost": 0.0, "Total Cost": 105408.76, "Plan Rows": 48, "Plan Width": 59, "Actual Min Startup Time": 248.798, "Actual Max Startup Time": 248.798, "Actual Min Total Time": 292.603, "Actual Max Total Time": 292.603, "Actual Total Rows": 5, "Inner Unique": true, "Plans": [{"Node Type": "Nested Loop", "Parent Relationship": "Outer", "Join Type": "Inner", "Startup Cost": 0.0, "Total Cost": 105395.08, "Plan Rows": 48, "Plan Width": 63, "Actual Min Startup Time": 247.656, "Actual Max Startup Time": 247.656, "Actual Min Total Time": 292.563, "Actual Max Total Time": 292.563, "Actual Total Rows": 10, "Inner Unique": true, "Plans": [{"Node Type": "Nested Loop", "Parent Relationship": "Outer", "Join Type": "Inner", "Startup Cost": 0.0, "Total Cost": 105325.02, "Plan Rows": 248, "Plan Width": 67, "Actual Min Startup Time": 247.242, "Actual Max Startup Time": 247.242, "Actual Min Total Time": 289.845, "Actual Max Total Time": 289.845, "Actual Total Rows": 1210, "Inner Unique": false, "Join Filter": "(t.id = mi.movie_id)", "Rows Removed by Join Filter": 0, "Plans": [{"Node Type": "Nested Loop", "Parent Relationship": "Outer", "Join Type": "Inner", "Startup Cost": 0.0, "Total Cost": 105002.25, "Plan Rows": 444, "Plan Width": 33, "Actual Min Startup Time": 247.209, "Actual Max Startup Time": 247.209, "Actual Min Total Time": 288.676, "Actual Max Total Time": 288.676, "Actual Total Rows": 10, "Inner Unique": true, "Plans": [{"Node Type": "Nested Loop", "Parent Relationship": "Outer", "Join Type": "Inner", "Startup Cost": 0.0, "Total Cost": 104941.85, "Plan Rows": 210, "Plan Width": 37, "Actual Min Startup Time": 247.129, "Actual Max Startup Time": 247.129, "Actual Min Total Time": 288.46, "Actual Max Total Time": 288.46, "Actual Total Rows": 33, "Inner Unique": false, "Join Filter": "(t.id = mc.movie_id)", "Rows Removed by Join Filter": 0, "Plans": [{"Node Type": "Nested Loop", "Parent Relationship": "Outer", "Join Type": "Inner", "Startup Cost": 0.0, "Total Cost": 104821.08, "Plan Rows": 311, "Plan Width": 25, "Actual Min Startup Time": 247.091, "Actual Max Startup Time": 247.091, "Actual Min Total Time": 288.37, "Actual Max Total Time": 288.37, "Actual Total Rows": 2, "Inner Unique": true, "Plans": [{"Node Type": "Nested Loop", "Parent Relationship": "Outer", "Join Type": "Inner", "Startup Cost": 0.0, "Total Cost": 104709.2, "Plan Rows": 396, "Plan Width": 29, "Actual Min Startup Time": 84.146, "Actual Max Startup Time": 84.146, "Actual Min Total Time": 281.82, "Actual Max Total Time": 281.82, "Actual Total Rows": 2645, "Inner Unique": false, "Plans": [{"Node Type": "Streaming(type: LOCAL GATHER dop: 1/16)", "Parent Relationship": "Outer", "Startup Cost": 0.0, "Total Cost": 102608.29, "Plan Rows": 258, "Plan Width": 21, "Actual Min Startup Time": 84.091, "Actual Max Startup Time": 84.091, "Actual Min Total Time": 270.133, "Actual Max Total Time": 270.133, "Actual Total Rows": 2536, "Plans": [{"Node Type": "Index Scan", "Parent Relationship": "Outer", "Scan Direction": "Forward", "Index Name": "title_pkey", "Relation Name": "title", "Alias": "t", "Startup Cost": 0.0, "Total Cost": 102602.72, "Plan Rows": 258, "Plan Width": 21, "Actual Min Startup Time": 16.127, "Actual Max Startup Time": 27.372, "Actual Min Total Time": 244.49, "Actual Max Total Time": 275.229, "Actual Total Rows": 2536, "Filter": "((production_year > 2000) AND (((title)::text ~~ 'Birdemic%'::text) OR ((title)::text ~~ '%Movie%'::text)))", "Rows Removed by Filter": 2525775}]}, {"Node Type": "Index Scan", "Parent Relationship": "Inner", "Scan Direction": "Forward", "Index Name": "movie_id_movie_info_idx", "Relation Name": "movie_info_idx", "Alias": "mi_idx", "Startup Cost": 0.0, "Total Cost": 8.12, "Plan Rows": 2, "Plan Width": 8, "Actual Min Startup Time": 8.746, "Actual Max Startup Time": 8.746, "Actual Min Total Time": 9.634, "Actual Max Total Time": 9.634, "Actual Total Rows": 2645, "Index Cond": "(movie_id = t.id)", "Rows Removed by Index Recheck": 0}]}, {"Node Type": "Index Scan", "Parent Relationship": "Inner", "Scan Direction": "Forward", "Index Name": "info_type_pkey", "Relation Name": "info_type", "Alias": "it2", "Startup Cost": 0.0, "Total Cost": 0.27, "Plan Rows": 1, "Plan Width": 4, "Actual Min Startup Time": 5.265, "Actual Max Startup Time": 5.265, "Actual Min Total Time": 5.265, "Actual Max Total Time": 5.265, "Actual Total Rows": 2, "Index Cond": "(id = mi_idx.info_type_id)", "Rows Removed by Index Recheck": 0, "Filter": "((info)::text = 'bottom 10 rank'::text)", "Rows Removed by Filter": 2643}]}, {"Node Type": "Index Scan", "Parent Relationship": "Inner", "Scan Direction": "Forward", "Index Name": "movie_id_movie_companies", "Relation Name": "movie_companies", "Alias": "mc", "Startup Cost": 0.0, "Total Cost": 0.36, "Plan Rows": 2, "Plan Width": 12, "Actual Min Startup Time": 0.022, "Actual Max Startup Time": 0.022, "Actual Min Total Time": 0.045, "Actual Max Total Time": 0.045, "Actual Total Rows": 33, "Index Cond": "(movie_id = mi_idx.movie_id)", "Rows Removed by Index Recheck": 0}]}, {"Node Type": "Index Scan", "Parent Relationship": "Inner", "Scan Direction": "Forward", "Index Name": "company_name_pkey", "Relation Name": "company_name", "Alias": "cn", "Startup Cost": 0.0, "Total Cost": 0.28, "Plan Rows": 1, "Plan Width": 4, "Actual Min Startup Time": 0.187, "Actual Max Startup Time": 0.187, "Actual Min Total Time": 0.187, "Actual Max Total Time": 0.187, "Actual Total Rows": 10, "Index Cond": "(id = mc.company_id)", "Rows Removed by Index Recheck": 0, "Filter": "((country_code)::text = '[us]'::text)", "Rows Removed by Filter": 23}]}, {"Node Type": "Index Scan", "Parent Relationship": "Inner", "Scan Direction": "Forward", "Index Name": "movie_id_movie_info", "Relation Name": "movie_info", "Alias": "mi", "Startup Cost": 0.0, "Total Cost": 0.66, "Plan Rows": 5, "Plan Width": 50, "Actual Min Startup Time": 0.145, "Actual Max Startup Time": 0.145, "Actual Min Total Time": 0.731, "Actual Max Total Time": 0.731, "Actual Total Rows": 1210, "Index Cond": "(movie_id = mc.movie_id)", "Rows Removed by Index Recheck": 0}]}, {"Node Type": "Index Scan", "Parent Relationship": "Inner", "Scan Direction": "Forward", "Index Name": "info_type_pkey", "Relation Name": "info_type", "Alias": "it1", "Startup Cost": 0.0, "Total Cost": 0.27, "Plan Rows": 1, "Plan Width": 4, "Actual Min Startup Time": 2.125, "Actual Max Startup Time": 2.125, "Actual Min Total Time": 2.125, "Actual Max Total Time": 2.125, "Actual Total Rows": 10, "Index Cond": "(id = mi.info_type_id)", "Rows Removed by Index Recheck": 0, "Filter": "((info)::text = 'budget'::text)", "Rows Removed by Filter": 1184}]}, {"Node Type": "Index Scan", "Parent Relationship": "Inner", "Scan Direction": "Forward", "Index Name": "company_type_pkey", "Relation Name": "company_type", "Alias": "ct", "Startup Cost": 0.0, "Total Cost": 0.28, "Plan Rows": 1, "Plan Width": 4, "Actual Min Startup Time": 0.03, "Actual Max Startup Time": 0.03, "Actual Min Total Time": 0.03, "Actual Max Total Time": 0.03, "Actual Total Rows": 5, "Index Cond": "(id = mc.company_type_id)", "Rows Removed by Index Recheck": 0, "Filter": "((kind IS NOT NULL) AND (((kind)::text = 'production companies'::text) OR ((kind)::text = 'distributors'::text)))", "Rows Removed by Filter": 0}]}]}, "Triggers": [], "Planner Runtime": 162.071, "Total Runtime": 295.392, "Unique SQL Id": 1682224415}}, "(16, 110)": {"explain_plan": {"Plan": {"Node Type": "Aggregate", "Strategy": "Plain", "Startup Cost": 140310.24, "Total Cost": 140310.25, "Plan Rows": 1, "Plan Width": 123, "Plans": [{"Node Type": "Hash Join", "Parent Relationship": "Outer", "Join Type": "Inner", "Startup Cost": 107021.94, "Total Cost": 140310.0, "Plan Rows": 48, "Plan Width": 59, "Inner Unique": true, "Hash Cond": "(mc.company_type_id = ct.id)", "Plans": [{"Node Type": "Hash Join", "Parent Relationship": "Outer", "Join Type": "Inner", "Startup Cost": 107020.87, "Total Cost": 140308.27, "Plan Rows": 48, "Plan Width": 63, "Inner Unique": true, "Hash Cond": "(mi_idx.info_type_id = it2.id)", "Plans": [{"Node Type": "Hash Join", "Parent Relationship": "Outer", "Join Type": "Inner", "Startup Cost": 107018.46, "Total Cost": 140304.81, "Plan Rows": 193, "Plan Width": 67, "Inner Unique": true, "Hash Cond": "(mc.company_id = cn.id)", "Plans": [{"Node Type": "Streaming(type: LOCAL GATHER dop: 1/16)", "Parent Relationship": "Outer", "Startup Cost": 104477.97, "Total Cost": 137750.53, "Plan Rows": 880, "Plan Width": 71, "Plans": [{"Node Type": "Hash Join", "Parent Relationship": "Outer", "Join Type": "Inner", "Startup Cost": 104477.97, "Total Cost": 137731.54, "Plan Rows": 880, "Plan Width": 71, "Inner Unique": false, "Hash Cond": "(t.id = mi_idx.movie_id)", "Plans": [{"Node Type": "Streaming(type: BROADCAST dop: 16/16)", "Parent Relationship": "Outer", "Startup Cost": 87132.67, "Total Cost": 120381.4, "Plan Rows": 9168, "Plan Width": 79, "Plans": [{"Node Type": "Hash Join", "Parent Relationship": "Outer", "Join Type": "Inner", "Startup Cost": 87132.67, "Total Cost": 105358.12, "Plan Rows": 573, "Plan Width": 79, "Inner Unique": false, "Hash Cond": "(mc.movie_id = t.id)", "Plans": [{"Node Type": "Seq Scan", "Parent Relationship": "Outer", "Relation Name": "movie_companies", "Alias": "mc", "Startup Cost": 0.0, "Total Cost": 17613.58, "Plan Rows": 2609128, "Plan Width": 12}, {"Node Type": "Hash", "Parent Relationship": "Inner", "Startup Cost": 87129.32, "Total Cost": 87129.32, "Plan Rows": 4288, "Plan Width": 67, "Plans": [{"Node Type": "Streaming(type: BROADCAST dop: 16/1)", "Parent Relationship": "Outer", "Startup Cost": 34955.58, "Total Cost": 87129.32, "Plan Rows": 4288, "Plan Width": 67, "Plans": [{"Node Type": "Hash Join", "Parent Relationship": "Outer", "Join Type": "Inner", "Startup Cost": 34955.58, "Total Cost": 72036.78, "Plan Rows": 268, "Plan Width": 67, "Inner Unique": true, "Hash Cond": "(mi.info_type_id = it1.id)", "Plans": [{"Node Type": "Streaming(type: LOCAL GATHER dop: 1/16)", "Parent Relationship": "Outer", "Startup Cost": 34953.17, "Total Cost": 72030.4, "Plan Rows": 1367, "Plan Width": 71, "Plans": [{"Node Type": "Hash Join", "Parent Relationship": "Outer", "Join Type": "Inner", "Startup Cost": 34953.17, "Total Cost": 72000.9, "Plan Rows": 1367, "Plan Width": 71, "Inner Unique": true, "Hash Cond": "(mi.movie_id = t.id)", "Plans": [{"Node Type": "Seq Scan", "Parent Relationship": "Outer", "Relation Name": "movie_info", "Alias": "mi", "Startup Cost": 0.0, "Total Cost": 33561.73, "Plan Rows": 14869966, "Plan Width": 50}, {"Node Type": "Hash", "Parent Relationship": "Inner", "Startup Cost": 34949.95, "Total Cost": 34949.95, "Plan Rows": 4128, "Plan Width": 21, "Plans": [{"Node Type": "Streaming(type: BROADCAST dop: 16/16)", "Parent Relationship": "Outer", "Startup Cost": 0.0, "Total Cost": 34949.95, "Plan Rows": 4128, "Plan Width": 21, "Plans": [{"Node Type": "Seq Scan", "Parent Relationship": "Outer", "Relation Name": "title", "Alias": "t", "Startup Cost": 0.0, "Total Cost": 19939.47, "Plan Rows": 258, "Plan Width": 21, "Filter": "((production_year > 2000) AND (((title)::text ~~ 'Birdemic%'::text) OR ((title)::text ~~ '%Movie%'::text)))"}]}]}]}]}, {"Node Type": "Hash", "Parent Relationship": "Inner", "Startup Cost": 2.4, "Total Cost": 2.4, "Plan Rows": 1, "Plan Width": 4, "Plans": [{"Node Type": "Seq Scan", "Parent Relationship": "Outer", "Relation Name": "info_type", "Alias": "it1", "Startup Cost": 0.0, "Total Cost": 2.4, "Plan Rows": 1, "Plan Width": 4, "Filter": "((info)::text = 'budget'::text)"}]}]}]}]}]}]}, {"Node Type": "Hash", "Parent Relationship": "Inner", "Startup Cost": 16267.15, "Total Cost": 16267.15, "Plan Rows": 1380034, "Plan Width": 8, "Plans": [{"Node Type": "Seq Scan", "Parent Relationship": "Outer", "Relation Name": "movie_info_idx", "Alias": "mi_idx", "Startup Cost": 0.0, "Total Cost": 16267.15, "Plan Rows": 1380034, "Plan Width": 8}]}]}]}, {"Node Type": "Hash", "Parent Relationship": "Inner", "Startup Cost": 5903.45, "Total Cost": 5903.45, "Plan Rows": 85170, "Plan Width": 4, "Plans": [{"Node Type": "Seq Scan", "Parent Relationship": "Outer", "Relation Name": "company_name", "Alias": "cn", "Startup Cost": 0.0, "Total Cost": 5903.45, "Plan Rows": 85170, "Plan Width": 4, "Filter": "((country_code)::text = '[us]'::text)"}]}]}, {"Node Type": "Hash", "Parent Relationship": "Inner", "Startup Cost": 2.4, "Total Cost": 2.4, "Plan Rows": 1, "Plan Width": 4, "Plans": [{"Node Type": "Seq Scan", "Parent Relationship": "Outer", "Relation Name": "info_type", "Alias": "it2", "Startup Cost": 0.0, "Total Cost": 2.4, "Plan Rows": 1, "Plan Width": 4, "Filter": "((info)::text = 'bottom 10 rank'::text)"}]}]}, {"Node Type": "Hash", "Parent Relationship": "Inner", "Startup Cost": 1.04, "Total Cost": 1.04, "Plan Rows": 2, "Plan Width": 4, "Plans": [{"Node Type": "Seq Scan", "Parent Relationship": "Outer", "Relation Name": "company_type", "Alias": "ct", "Startup Cost": 0.0, "Total Cost": 1.04, "Plan Rows": 2, "Plan Width": 4, "Filter": "((kind IS NOT NULL) AND (((kind)::text = 'production companies'::text) OR ((kind)::text = 'distributors'::text)))"}]}]}]}, "Unique SQL Id": 1682224415}, "explain_analyze_plan": {"Plan": {"Node Type": "Aggregate", "Strategy": "Plain", "Startup Cost": 140310.24, "Total Cost": 140310.25, "Plan Rows": 1, "Plan Width": 123, "Actual Min Startup Time": 771.192, "Actual Max Startup Time": 771.192, "Actual Min Total Time": 771.192, "Actual Max Total Time": 771.192, "Actual Total Rows": 1, "Plans": [{"Node Type": "Hash Join", "Parent Relationship": "Outer", "Join Type": "Inner", "Startup Cost": 107021.94, "Total Cost": 140310.0, "Plan Rows": 48, "Plan Width": 59, "Actual Min Startup Time": 762.414, "Actual Max Startup Time": 762.414, "Actual Min Total Time": 771.167, "Actual Max Total Time": 771.167, "Actual Total Rows": 5, "Inner Unique": true, "Hash Cond": "(mc.company_type_id = ct.id)", "Plans": [{"Node Type": "Hash Join", "Parent Relationship": "Outer", "Join Type": "Inner", "Startup Cost": 107020.87, "Total Cost": 140308.27, "Plan Rows": 48, "Plan Width": 63, "Actual Min Startup Time": 762.235, "Actual Max Startup Time": 762.235, "Actual Min Total Time": 770.977, "Actual Max Total Time": 770.977, "Actual Total Rows": 10, "Inner Unique": true, "Hash Cond": "(mi_idx.info_type_id = it2.id)", "Plans": [{"Node Type": "Hash Join", "Parent Relationship": "Outer", "Join Type": "Inner", "Startup Cost": 107018.46, "Total Cost": 140304.81, "Plan Rows": 193, "Plan Width": 67, "Actual Min Startup Time": 728.633, "Actual Max Startup Time": 728.633, "Actual Min Total Time": 770.475, "Actual Max Total Time": 770.475, "Actual Total Rows": 1393, "Inner Unique": true, "Hash Cond": "(mc.company_id = cn.id)", "Plans": [{"Node Type": "Streaming(type: LOCAL GATHER dop: 1/16)", "Parent Relationship": "Outer", "Startup Cost": 104477.97, "Total Cost": 137750.53, "Plan Rows": 880, "Plan Width": 71, "Actual Min Startup Time": 607.567, "Actual Max Startup Time": 607.567, "Actual Min Total Time": 648.096, "Actual Max Total Time": 648.096, "Actual Total Rows": 3102, "Plans": [{"Node Type": "Hash Join", "Parent Relationship": "Outer", "Join Type": "Inner", "Startup Cost": 104477.97, "Total Cost": 137731.54, "Plan Rows": 880, "Plan Width": 71, "Actual Min Startup Time": 548.351, "Actual Max Startup Time": 613.076, "Actual Min Total Time": 589.111, "Actual Max Total Time": 618.718, "Actual Total Rows": 3102, "Inner Unique": false, "Hash Cond": "(t.id = mi_idx.movie_id)", "Plans": [{"Node Type": "Streaming(type: BROADCAST dop: 16/16)", "Parent Relationship": "Outer", "Startup Cost": 87132.67, "Total Cost": 120381.4, "Plan Rows": 9168, "Plan Width": 79, "Actual Min Startup Time": 487.595, "Actual Max Startup Time": 530.844, "Actual Min Total Time": 527.884, "Actual Max Total Time": 571.214, "Actual Total Rows": 21456, "Plans": [{"Node Type": "Hash Join", "Parent Relationship": "Outer", "Join Type": "Inner", "Startup Cost": 87132.67, "Total Cost": 105358.12, "Plan Rows": 573, "Plan Width": 79, "Actual Min Startup Time": 519.728, "Actual Max Startup Time": 564.387, "Actual Min Total Time": 582.506, "Actual Max Total Time": 621.212, "Actual Total Rows": 1341, "Inner Unique": false, "Hash Cond": "(mc.movie_id = t.id)", "Plans": [{"Node Type": "Seq Scan", "Parent Relationship": "Outer", "Relation Name": "movie_companies", "Alias": "mc", "Startup Cost": 0.0, "Total Cost": 17613.58, "Plan Rows": 2609128, "Plan Width": 12, "Actual Min Startup Time": 0.045, "Actual Max Startup Time": 0.072, "Actual Min Total Time": 32.721, "Actual Max Total Time": 40.599, "Actual Total Rows": 2609128}, {"Node Type": "Hash", "Parent Relationship": "Inner", "Startup Cost": 87129.32, "Total Cost": 87129.32, "Plan Rows": 4288, "Plan Width": 67, "Actual Min Startup Time": 517.911, "Actual Max Startup Time": 554.826, "Actual Min Total Time": 517.911, "Actual Max Total Time": 554.826, "Actual Total Rows": 6928, "Max Hash Buckets": 32768, "Min Hash Buckets": 32768, "Max Hash Batches": 1, "Min Hash Batches": 1, "Max Original Hash Batches": 1, "Min Original Hash Batches": 1, "Max Peak Memory Usage": 33, "min Peak Memory Usage": 33, "Plans": [{"Node Type": "Streaming(type: BROADCAST dop: 16/1)", "Parent Relationship": "Outer", "Startup Cost": 34955.58, "Total Cost": 87129.32, "Plan Rows": 4288, "Plan Width": 67, "Actual Min Startup Time": 346.904, "Actual Max Startup Time": 383.843, "Actual Min Total Time": 517.596, "Actual Max Total Time": 554.643, "Actual Total Rows": 6928, "Plans": [{"Node Type": "Hash Join", "Parent Relationship": "Outer", "Join Type": "Inner", "Startup Cost": 34955.58, "Total Cost": 72036.78, "Plan Rows": 268, "Plan Width": 67, "Actual Min Startup Time": 347.821, "Actual Max Startup Time": 347.821, "Actual Min Total Time": 534.56, "Actual Max Total Time": 534.56, "Actual Total Rows": 433, "Inner Unique": true, "Hash Cond": "(mi.info_type_id = it1.id)", "Plans": [{"Node Type": "Streaming(type: LOCAL GATHER dop: 1/16)", "Parent Relationship": "Outer", "Startup Cost": 34953.17, "Total Cost": 72030.4, "Plan Rows": 1367, "Plan Width": 71, "Actual Min Startup Time": 132.313, "Actual Max Startup Time": 132.313, "Actual Min Total Time": 529.908, "Actual Max Total Time": 529.908, "Actual Total Rows": 25015, "Plans": [{"Node Type": "Hash Join", "Parent Relationship": "Outer", "Join Type": "Inner", "Startup Cost": 34953.17, "Total Cost": 72000.9, "Plan Rows": 1367, "Plan Width": 71, "Actual Min Startup Time": 92.617, "Actual Max Startup Time": 138.422, "Actual Min Total Time": 487.219, "Actual Max Total Time": 525.005, "Actual Total Rows": 25015, "Inner Unique": true, "Hash Cond": "(mi.movie_id = t.id)", "Plans": [{"Node Type": "Seq Scan", "Parent Relationship": "Outer", "Relation Name": "movie_info", "Alias": "mi", "Startup Cost": 0.0, "Total Cost": 33561.73, "Plan Rows": 14869966, "Plan Width": 50, "Actual Min Startup Time": 0.059, "Actual Max Startup Time": 0.073, "Actual Min Total Time": 224.938, "Actual Max Total Time": 257.891, "Actual Total Rows": 14835719}, {"Node Type": "Hash", "Parent Relationship": "Inner", "Startup Cost": 34949.95, "Total Cost": 34949.95, "Plan Rows": 4128, "Plan Width": 21, "Actual Min Startup Time": 92.462, "Actual Max Startup Time": 135.17, "Actual Min Total Time": 92.462, "Actual Max Total Time": 135.17, "Actual Total Rows": 40576, "Max Hash Buckets": 32768, "Min Hash Buckets": 32768, "Max Hash Batches": 1, "Min Hash Batches": 1, "Max Original Hash Batches": 1, "Min Original Hash Batches": 1, "Max Peak Memory Usage": 163, "min Peak Memory Usage": 163, "Plans": [{"Node Type": "Streaming(type: BROADCAST dop: 16/16)", "Parent Relationship": "Outer", "Startup Cost": 0.0, "Total Cost": 34949.95, "Plan Rows": 4128, "Plan Width": 21, "Actual Min Startup Time": 0.068, "Actual Max Startup Time": 13.238, "Actual Min Total Time": 91.353, "Actual Max Total Time": 134.363, "Actual Total Rows": 40576, "Plans": [{"Node Type": "Seq Scan", "Parent Relationship": "Outer", "Relation Name": "title", "Alias": "t", "Startup Cost": 0.0, "Total Cost": 19939.47, "Plan Rows": 258, "Plan Width": 21, "Actual Min Startup Time": 0.049, "Actual Max Startup Time": 5.625, "Actual Min Total Time": 85.009, "Actual Max Total Time": 90.465, "Actual Total Rows": 2536, "Filter": "((production_year > 2000) AND (((title)::text ~~ 'Birdemic%'::text) OR ((title)::text ~~ '%Movie%'::text)))", "Rows Removed by Filter": 2525775}]}]}]}]}, {"Node Type": "Hash", "Parent Relationship": "Inner", "Startup Cost": 2.4, "Total Cost": 2.4, "Plan Rows": 1, "Plan Width": 4, "Actual Min Startup Time": 0.08, "Actual Max Startup Time": 0.08, "Actual Min Total Time": 0.08, "Actual Max Total Time": 0.08, "Actual Total Rows": 1, "Max Hash Buckets": 32768, "Min Hash Buckets": 32768, "Max Hash Batches": 1, "Min Hash Batches": 1, "Max Original Hash Batches": 1, "Min Original Hash Batches": 1, "Max Peak Memory Usage": 1, "min Peak Memory Usage": 1, "Plans": [{"Node Type": "Seq Scan", "Parent Relationship": "Outer", "Relation Name": "info_type", "Alias": "it1", "Startup Cost": 0.0, "Total Cost": 2.4, "Plan Rows": 1, "Plan Width": 4, "Actual Min Startup Time": 0.066, "Actual Max Startup Time": 0.066, "Actual Min Total Time": 0.071, "Actual Max Total Time": 0.071, "Actual Total Rows": 1, "Filter": "((info)::text = 'budget'::text)", "Rows Removed by Filter": 111}]}]}]}]}]}]}, {"Node Type": "Hash", "Parent Relationship": "Inner", "Startup Cost": 16267.15, "Total Cost": 16267.15, "Plan Rows": 1380034, "Plan Width": 8, "Actual Min Startup Time": 46.862, "Actual Max Startup Time": 63.177, "Actual Min Total Time": 46.862, "Actual Max Total Time": 63.177, "Actual Total Rows": 1380034, "Max Hash Buckets": 131072, "Min Hash Buckets": 131072, "Max Hash Batches": 1, "Min Hash Batches": 1, "Max Original Hash Batches": 1, "Min Original Hash Batches": 1, "Max Peak Memory Usage": 3941, "min Peak Memory Usage": 3941, "Plans": [{"Node Type": "Seq Scan", "Parent Relationship": "Outer", "Relation Name": "movie_info_idx", "Alias": "mi_idx", "Startup Cost": 0.0, "Total Cost": 16267.15, "Plan Rows": 1380034, "Plan Width": 8, "Actual Min Startup Time": 0.04, "Actual Max Startup Time": 0.074, "Actual Min Total Time": 24.829, "Actual Max Total Time": 31.263, "Actual Total Rows": 1380034}]}]}]}, {"Node Type": "Hash", "Parent Relationship": "Inner", "Startup Cost": 5903.45, "Total Cost": 5903.45, "Plan Rows": 85170, "Plan Width": 4, "Actual Min Startup Time": 120.841, "Actual Max Startup Time": 120.841, "Actual Min Total Time": 120.841, "Actual Max Total Time": 120.841, "Actual Total Rows": 84843, "Max Hash Buckets": 131072, "Min Hash Buckets": 131072, "Max Hash Batches": 1, "Min Hash Batches": 1, "Max Original Hash Batches": 1, "Min Original Hash Batches": 1, "Max Peak Memory Usage": 2983, "min Peak Memory Usage": 2983, "Plans": [{"Node Type": "Seq Scan", "Parent Relationship": "Outer", "Relation Name": "company_name", "Alias": "cn", "Startup Cost": 0.0, "Total Cost": 5903.45, "Plan Rows": 85170, "Plan Width": 4, "Actual Min Startup Time": 0.041, "Actual Max Startup Time": 0.041, "Actual Min Total Time": 96.178, "Actual Max Total Time": 96.178, "Actual Total Rows": 84843, "Filter": "((country_code)::text = '[us]'::text)", "Rows Removed by Filter": 150153}]}]}, {"Node Type": "Hash", "Parent Relationship": "Inner", "Startup Cost": 2.4, "Total Cost": 2.4, "Plan Rows": 1, "Plan Width": 4, "Actual Min Startup Time": 0.067, "Actual Max Startup Time": 0.067, "Actual Min Total Time": 0.067, "Actual Max Total Time": 0.067, "Actual Total Rows": 1, "Max Hash Buckets": 32768, "Min Hash Buckets": 32768, "Max Hash Batches": 1, "Min Hash Batches": 1, "Max Original Hash Batches": 1, "Min Original Hash Batches": 1, "Max Peak Memory Usage": 1, "min Peak Memory Usage": 1, "Plans": [{"Node Type": "Seq Scan", "Parent Relationship": "Outer", "Relation Name": "info_type", "Alias": "it2", "Startup Cost": 0.0, "Total Cost": 2.4, "Plan Rows": 1, "Plan Width": 4, "Actual Min Startup Time": 0.055, "Actual Max Startup Time": 0.055, "Actual Min Total Time": 0.057, "Actual Max Total Time": 0.057, "Actual Total Rows": 1, "Filter": "((info)::text = 'bottom 10 rank'::text)", "Rows Removed by Filter": 111}]}]}, {"Node Type": "Hash", "Parent Relationship": "Inner", "Startup Cost": 1.04, "Total Cost": 1.04, "Plan Rows": 2, "Plan Width": 4, "Actual Min Startup Time": 0.066, "Actual Max Startup Time": 0.066, "Actual Min Total Time": 0.066, "Actual Max Total Time": 0.066, "Actual Total Rows": 1, "Max Hash Buckets": 32768, "Min Hash Buckets": 32768, "Max Hash Batches": 1, "Min Hash Batches": 1, "Max Original Hash Batches": 1, "Min Original Hash Batches": 1, "Max Peak Memory Usage": 1, "min Peak Memory Usage": 1, "Plans": [{"Node Type": "Seq Scan", "Parent Relationship": "Outer", "Relation Name": "company_type", "Alias": "ct", "Startup Cost": 0.0, "Total Cost": 1.04, "Plan Rows": 2, "Plan Width": 4, "Actual Min Startup Time": 0.04, "Actual Max Startup Time": 0.04, "Actual Min Total Time": 0.048, "Actual Max Total Time": 0.048, "Actual Total Rows": 1, "Filter": "((kind IS NOT NULL) AND (((kind)::text = 'production companies'::text) OR ((kind)::text = 'distributors'::text)))", "Rows Removed by Filter": 2}]}]}]}, "Triggers": [], "Planner Runtime": 390.207, "Total Runtime": 786.945, "Unique SQL Id": 1682224415}}, "(16, 111)": {"explain_plan": {"Plan": {"Node Type": "Aggregate", "Strategy": "Plain", "Startup Cost": 8000041469269.61, "Total Cost": 8000041469269.62, "Plan Rows": 1, "Plan Width": 123, "Plans": [{"Node Type": "Hash Join", "Parent Relationship": "Outer", "Join Type": "Inner", "Startup Cost": 6020025129105.15, "Total Cost": 8000041469269.37, "Plan Rows": 48, "Plan Width": 59, "Inner Unique": true, "Hash Cond": "(mc.company_type_id = ct.id)", "Plans": [{"Node Type": "Hash Join", "Parent Relationship": "Outer", "Join Type": "Inner", "Startup Cost": 5020025127874.12, "Total Cost": 7000041468037.68, "Plan Rows": 48, "Plan Width": 63, "Inner Unique": true, "Hash Cond": "(mc.company_id = cn.id)", "Plans": [{"Node Type": "Hash Join", "Parent Relationship": "Outer", "Join Type": "Inner", "Startup Cost": 4020024076670.53, "Total Cost": 6000040416830.64, "Plan Rows": 220, "Plan Width": 67, "Inner Unique": false, "Hash Cond": "(mi.movie_id = t.id)", "Plans": [{"Node Type": "Nested Loop", "Parent Relationship": "Outer", "Join Type": "Inner", "Startup Cost": 20000004894.57, "Total Cost": 2000016343720.19, "Plan Rows": 212428, "Plan Width": 46, "Inner Unique": false, "Plans": [{"Node Type": "Index Scan", "Parent Relationship": "Outer", "Scan Direction": "Forward", "Index Name": "info_type_pkey", "Relation Name": "info_type", "Alias": "it1", "Startup Cost": 10000000000.0, "Total Cost": 1000000001421.0, "Plan Rows": 1, "Plan Width": 4, "Filter": "((info)::text = 'budget'::text)"}, {"Node Type": "Bitmap Heap Scan", "Parent Relationship": "Inner", "Relation Name": "movie_info", "Alias": "mi", "Startup Cost": 10000004894.57, "Total Cost": 1000016340174.91, "Plan Rows": 212428, "Plan Width": 50, "Recheck Cond": "(info_type_id = it1.id), (LLVM Optimized)", "Plans": [{"Node Type": "Bitmap Index Scan", "Parent Relationship": "Outer", "Index Name": "info_type_id_movie_info", "Startup Cost": 0.0, "Total Cost": 4841.46, "Plan Rows": 212428, "Plan Width": 0, "Index Cond": "(info_type_id = it1.id)"}]}]}, {"Node Type": "Hash", "Parent Relationship": "Inner", "Startup Cost": 4000024071767.76, "Total Cost": 4000024071767.76, "Plan Rows": 656, "Plan Width": 37, "Plans": [{"Node Type": "Hash Join", "Parent Relationship": "Outer", "Join Type": "Inner", "Startup Cost": 2020022243800.94, "Total Cost": 4000024071767.76, "Plan Rows": 656, "Plan Width": 37, "Inner Unique": false, "Hash Cond": "(mi_idx.movie_id = t.id)", "Plans": [{"Node Type": "Nested Loop", "Parent Relationship": "Outer", "Join Type": "Inner", "Startup Cost": 20000007502.06, "Total Cost": 2000001833737.28, "Plan Rows": 345008, "Plan Width": 4, "Inner Unique": false, "Plans": [{"Node Type": "Index Scan", "Parent Relationship": "Outer", "Scan Direction": "Forward", "Index Name": "info_type_pkey", "Relation Name": "info_type", "Alias": "it2", "Startup Cost": 10000000000.0, "Total Cost": 1000000001421.0, "Plan Rows": 1, "Plan Width": 4, "Filter": "((info)::text = 'bottom 10 rank'::text)"}, {"Node Type": "Bitmap Heap Scan", "Parent Relationship": "Inner", "Relation Name": "movie_info_idx", "Alias": "mi_idx", "Startup Cost": 10000007502.06, "Total Cost": 1000001828866.2, "Plan Rows": 345008, "Plan Width": 8, "Recheck Cond": "(info_type_id = it2.id), (LLVM Optimized)", "Plans": [{"Node Type": "Bitmap Index Scan", "Parent Relationship": "Outer", "Index Name": "info_type_id_movie_info_idx", "Startup Cost": 0.0, "Total Cost": 7415.81, "Plan Rows": 345008, "Plan Width": 0, "Index Cond": "(info_type_id = it2.id)"}]}]}, {"Node Type": "Hash", "Parent Relationship": "Inner", "Startup Cost": 2000022236292.07, "Total Cost": 2000022236292.07, "Plan Rows": 545, "Plan Width": 33, "Plans": [{"Node Type": "Hash Join", "Parent Relationship": "Outer", "Join Type": "Inner", "Startup Cost": 1010012908285.39, "Total Cost": 2000022236292.07, "Plan Rows": 545, "Plan Width": 33, "Inner Unique": true, "Hash Cond": "(mc.movie_id = t.id)", "Plans": [{"Node Type": "Index Scan", "Parent Relationship": "Outer", "Scan Direction": "Forward", "Index Name": "company_type_id_movie_companies", "Relation Name": "movie_companies", "Alias": "mc", "Startup Cost": 10000000000.0, "Total Cost": 1000009318217.0, "Plan Rows": 2609128, "Plan Width": 12}, {"Node Type": "Hash", "Parent Relationship": "Inner", "Startup Cost": 1000012908282.16, "Total Cost": 1000012908282.16, "Plan Rows": 258, "Plan Width": 21, "Plans": [{"Node Type": "Index Scan", "Parent Relationship": "Outer", "Scan Direction": "Forward", "Index Name": "title_pkey", "Relation Name": "title", "Alias": "t", "Startup Cost": 10000000000.0, "Total Cost": 1000012908282.16, "Plan Rows": 258, "Plan Width": 21, "Filter": "((production_year > 2000) AND (((title)::text ~~ 'Birdemic%'::text) OR ((title)::text ~~ '%Movie%'::text)))"}]}]}]}]}]}]}, {"Node Type": "Hash", "Parent Relationship": "Inner", "Startup Cost": 1000001050138.97, "Total Cost": 1000001050138.97, "Plan Rows": 85170, "Plan Width": 4, "Plans": [{"Node Type": "Index Scan", "Parent Relationship": "Outer", "Scan Direction": "Forward", "Index Name": "company_name_pkey", "Relation Name": "company_name", "Alias": "cn", "Startup Cost": 10000000000.0, "Total Cost": 1000001050138.97, "Plan Rows": 85170, "Plan Width": 4, "Filter": "((country_code)::text = '[us]'::text)"}]}]}, {"Node Type": "Hash", "Parent Relationship": "Inner", "Startup Cost": 1000000001231.0, "Total Cost": 1000000001231.0, "Plan Rows": 2, "Plan Width": 4, "Plans": [{"Node Type": "Index Scan", "Parent Relationship": "Outer", "Scan Direction": "Forward", "Index Name": "company_type_pkey", "Relation Name": "company_type", "Alias": "ct", "Startup Cost": 10000000000.0, "Total Cost": 1000000001231.0, "Plan Rows": 2, "Plan Width": 4, "Filter": "((kind IS NOT NULL) AND (((kind)::text = 'production companies'::text) OR ((kind)::text = 'distributors'::text)))"}]}]}]}, "Unique SQL Id": 1682224415}, "explain_analyze_plan": null}, "(16, 112)": {"explain_plan": {"Plan": {"Node Type": "Aggregate", "Strategy": "Plain", "Startup Cost": 22345.75, "Total Cost": 22345.76, "Plan Rows": 1, "Plan Width": 123, "Plans": [{"Node Type": "Nested Loop", "Parent Relationship": "Outer", "Join Type": "Inner", "Startup Cost": 0.0, "Total Cost": 22345.73, "Plan Rows": 4, "Plan Width": 59, "Inner Unique": true, "Plans": [{"Node Type": "Nested Loop", "Parent Relationship": "Outer", "Join Type": "Inner", "Startup Cost": 0.0, "Total Cost": 22344.59, "Plan Rows": 4, "Plan Width": 63, "Inner Unique": true, "Plans": [{"Node Type": "Nested Loop", "Parent Relationship": "Outer", "Join Type": "Inner", "Startup Cost": 0.0, "Total Cost": 22343.15, "Plan Rows": 5, "Plan Width": 67, "Inner Unique": false, "Join Filter": "(mi.info_type_id = it1.id)", "Plans": [{"Node Type": "Seq Scan", "Parent Relationship": "Outer", "Relation Name": "info_type", "Alias": "it1", "Startup Cost": 0.0, "Total Cost": 2.4, "Plan Rows": 1, "Plan Width": 4, "Filter": "((info)::text = 'budget'::text)"}, {"Node Type": "Nested Loop", "Parent Relationship": "Inner", "Join Type": "Inner", "Startup Cost": 0.0, "Total Cost": 22326.73, "Plan Rows": 1122, "Plan Width": 71, "Inner Unique": false, "Join Filter": "(t.id = mi.movie_id)", "Plans": [{"Node Type": "Nested Loop", "Parent Relationship": "Outer", "Join Type": "Inner", "Startup Cost": 0.0, "Total Cost": 22174.07, "Plan Rows": 210, "Plan Width": 37, "Inner Unique": false, "Join Filter": "(t.id = mc.movie_id)", "Plans": [{"Node Type": "Nested Loop", "Parent Relationship": "Outer", "Join Type": "Inner", "Startup Cost": 0.0, "Total Cost": 22053.3, "Plan Rows": 311, "Plan Width": 25, "Inner Unique": false, "Join Filter": "(mi_idx.info_type_id = it2.id)", "Plans": [{"Node Type": "Seq Scan", "Parent Relationship": "Outer", "Relation Name": "info_type", "Alias": "it2", "Startup Cost": 0.0, "Total Cost": 2.4, "Plan Rows": 1, "Plan Width": 4, "Filter": "((info)::text = 'bottom 10 rank'::text)"}, {"Node Type": "Materialize", "Parent Relationship": "Inner", "Startup Cost": 0.0, "Total Cost": 22046.94, "Plan Rows": 396, "Plan Width": 29, "Plans": [{"Node Type": "Nested Loop", "Parent Relationship": "Outer", "Join Type": "Inner", "Startup Cost": 0.0, "Total Cost": 22045.95, "Plan Rows": 396, "Plan Width": 29, "Inner Unique": false, "Plans": [{"Node Type": "Streaming(type: LOCAL GATHER dop: 1/16)", "Parent Relationship": "Outer", "Startup Cost": 0.0, "Total Cost": 19945.03, "Plan Rows": 258, "Plan Width": 21, "Plans": [{"Node Type": "Seq Scan", "Parent Relationship": "Outer", "Relation Name": "title", "Alias": "t", "Startup Cost": 0.0, "Total Cost": 19939.47, "Plan Rows": 258, "Plan Width": 21, "Filter": "((production_year > 2000) AND (((title)::text ~~ 'Birdemic%'::text) OR ((title)::text ~~ '%Movie%'::text)))"}]}, {"Node Type": "Index Scan", "Parent Relationship": "Inner", "Scan Direction": "Forward", "Index Name": "movie_id_movie_info_idx", "Relation Name": "movie_info_idx", "Alias": "mi_idx", "Startup Cost": 0.0, "Total Cost": 8.12, "Plan Rows": 2, "Plan Width": 8, "Index Cond": "(movie_id = t.id)"}]}]}]}, {"Node Type": "Index Scan", "Parent Relationship": "Inner", "Scan Direction": "Forward", "Index Name": "movie_id_movie_companies", "Relation Name": "movie_companies", "Alias": "mc", "Startup Cost": 0.0, "Total Cost": 0.36, "Plan Rows": 2, "Plan Width": 12, "Index Cond": "(movie_id = mi_idx.movie_id)"}]}, {"Node Type": "Index Scan", "Parent Relationship": "Inner", "Scan Direction": "Forward", "Index Name": "movie_id_movie_info", "Relation Name": "movie_info", "Alias": "mi", "Startup Cost": 0.0, "Total Cost": 0.66, "Plan Rows": 5, "Plan Width": 50, "Index Cond": "(movie_id = mc.movie_id)"}]}]}, {"Node Type": "Index Scan", "Parent Relationship": "Inner", "Scan Direction": "Forward", "Index Name": "company_name_pkey", "Relation Name": "company_name", "Alias": "cn", "Startup Cost": 0.0, "Total Cost": 0.28, "Plan Rows": 1, "Plan Width": 4, "Index Cond": "(id = mc.company_id)", "Filter": "((country_code)::text = '[us]'::text)"}]}, {"Node Type": "Index Scan", "Parent Relationship": "Inner", "Scan Direction": "Forward", "Index Name": "company_type_pkey", "Relation Name": "company_type", "Alias": "ct", "Startup Cost": 0.0, "Total Cost": 0.28, "Plan Rows": 1, "Plan Width": 4, "Index Cond": "(id = mc.company_type_id)", "Filter": "((kind IS NOT NULL) AND (((kind)::text = 'production companies'::text) OR ((kind)::text = 'distributors'::text)))"}]}]}, "Unique SQL Id": 1682224415}, "explain_analyze_plan": {"Plan": {"Node Type": "Aggregate", "Strategy": "Plain", "Startup Cost": 22345.75, "Total Cost": 22345.76, "Plan Rows": 1, "Plan Width": 123, "Actual Min Startup Time": 109.506, "Actual Max Startup Time": 109.506, "Actual Min Total Time": 109.506, "Actual Max Total Time": 109.506, "Actual Total Rows": 1, "Plans": [{"Node Type": "Nested Loop", "Parent Relationship": "Outer", "Join Type": "Inner", "Startup Cost": 0.0, "Total Cost": 22345.73, "Plan Rows": 4, "Plan Width": 59, "Actual Min Startup Time": 107.8, "Actual Max Startup Time": 107.8, "Actual Min Total Time": 109.47, "Actual Max Total Time": 109.47, "Actual Total Rows": 5, "Inner Unique": true, "Plans": [{"Node Type": "Nested Loop", "Parent Relationship": "Outer", "Join Type": "Inner", "Startup Cost": 0.0, "Total Cost": 22344.59, "Plan Rows": 4, "Plan Width": 63, "Actual Min Startup Time": 104.97, "Actual Max Startup Time": 104.97, "Actual Min Total Time": 109.442, "Actual Max Total Time": 109.442, "Actual Total Rows": 10, "Inner Unique": true, "Plans": [{"Node Type": "Nested Loop", "Parent Relationship": "Outer", "Join Type": "Inner", "Startup Cost": 0.0, "Total Cost": 22343.15, "Plan Rows": 5, "Plan Width": 67, "Actual Min Startup Time": 103.615, "Actual Max Startup Time": 103.615, "Actual Min Total Time": 109.245, "Actual Max Total Time": 109.245, "Actual Total Rows": 33, "Inner Unique": false, "Join Filter": "(mi.info_type_id = it1.id)", "Rows Removed by Join Filter": 4926, "Plans": [{"Node Type": "Seq Scan", "Parent Relationship": "Outer", "Relation Name": "info_type", "Alias": "it1", "Startup Cost": 0.0, "Total Cost": 2.4, "Plan Rows": 1, "Plan Width": 4, "Actual Min Startup Time": 0.084, "Actual Max Startup Time": 0.084, "Actual Min Total Time": 0.092, "Actual Max Total Time": 0.092, "Actual Total Rows": 1, "Filter": "((info)::text = 'budget'::text)", "Rows Removed by Filter": 111}, {"Node Type": "Nested Loop", "Parent Relationship": "Inner", "Join Type": "Inner", "Startup Cost": 0.0, "Total Cost": 22326.73, "Plan Rows": 1122, "Plan Width": 71, "Actual Min Startup Time": 103.384, "Actual Max Startup Time": 103.384, "Actual Min Total Time": 108.147, "Actual Max Total Time": 108.147, "Actual Total Rows": 4959, "Inner Unique": false, "Join Filter": "(t.id = mi.movie_id)", "Rows Removed by Join Filter": 0, "Plans": [{"Node Type": "Nested Loop", "Parent Relationship": "Outer", "Join Type": "Inner", "Startup Cost": 0.0, "Total Cost": 22174.07, "Plan Rows": 210, "Plan Width": 37, "Actual Min Startup Time": 103.354, "Actual Max Startup Time": 103.354, "Actual Min Total Time": 104.141, "Actual Max Total Time": 104.141, "Actual Total Rows": 33, "Inner Unique": false, "Join Filter": "(t.id = mc.movie_id)", "Rows Removed by Join Filter": 0, "Plans": [{"Node Type": "Nested Loop", "Parent Relationship": "Outer", "Join Type": "Inner", "Startup Cost": 0.0, "Total Cost": 22053.3, "Plan Rows": 311, "Plan Width": 25, "Actual Min Startup Time": 103.33, "Actual Max Startup Time": 103.33, "Actual Min Total Time": 104.082, "Actual Max Total Time": 104.082, "Actual Total Rows": 2, "Inner Unique": false, "Join Filter": "(mi_idx.info_type_id = it2.id)", "Rows Removed by Join Filter": 2643, "Plans": [{"Node Type": "Seq Scan", "Parent Relationship": "Outer", "Relation Name": "info_type", "Alias": "it2", "Startup Cost": 0.0, "Total Cost": 2.4, "Plan Rows": 1, "Plan Width": 4, "Actual Min Startup Time": 0.075, "Actual Max Startup Time": 0.075, "Actual Min Total Time": 0.08, "Actual Max Total Time": 0.08, "Actual Total Rows": 1, "Filter": "((info)::text = 'bottom 10 rank'::text)", "Rows Removed by Filter": 111}, {"Node Type": "Materialize", "Parent Relationship": "Inner", "Startup Cost": 0.0, "Total Cost": 22046.94, "Plan Rows": 396, "Plan Width": 29, "Actual Min Startup Time": 103.112, "Actual Max Startup Time": 103.112, "Actual Min Total Time": 103.423, "Actual Max Total Time": 103.423, "Actual Total Rows": 2646, "Plans": [{"Node Type": "Nested Loop", "Parent Relationship": "Outer", "Join Type": "Inner", "Startup Cost": 0.0, "Total Cost": 22045.95, "Plan Rows": 396, "Plan Width": 29, "Actual Min Startup Time": 77.489, "Actual Max Startup Time": 77.489, "Actual Min Total Time": 102.25, "Actual Max Total Time": 102.25, "Actual Total Rows": 2645, "Inner Unique": false, "Plans": [{"Node Type": "Streaming(type: LOCAL GATHER dop: 1/16)", "Parent Relationship": "Outer", "Startup Cost": 0.0, "Total Cost": 19945.03, "Plan Rows": 258, "Plan Width": 21, "Actual Min Startup Time": 77.412, "Actual Max Startup Time": 77.412, "Actual Min Total Time": 90.685, "Actual Max Total Time": 90.685, "Actual Total Rows": 2536, "Plans": [{"Node Type": "Seq Scan", "Parent Relationship": "Outer", "Relation Name": "title", "Alias": "t", "Startup Cost": 0.0, "Total Cost": 19939.47, "Plan Rows": 258, "Plan Width": 21, "Actual Min Startup Time": 0.04, "Actual Max Startup Time": 5.381, "Actual Min Total Time": 79.981, "Actual Max Total Time": 84.188, "Actual Total Rows": 2536, "Filter": "((production_year > 2000) AND (((title)::text ~~ 'Birdemic%'::text) OR ((title)::text ~~ '%Movie%'::text)))", "Rows Removed by Filter": 2525775}]}, {"Node Type": "Index Scan", "Parent Relationship": "Inner", "Scan Direction": "Forward", "Index Name": "movie_id_movie_info_idx", "Relation Name": "movie_info_idx", "Alias": "mi_idx", "Startup Cost": 0.0, "Total Cost": 8.12, "Plan Rows": 2, "Plan Width": 8, "Actual Min Startup Time": 8.8, "Actual Max Startup Time": 8.8, "Actual Min Total Time": 9.763, "Actual Max Total Time": 9.763, "Actual Total Rows": 2645, "Index Cond": "(movie_id = t.id)", "Rows Removed by Index Recheck": 0}]}]}]}, {"Node Type": "Index Scan", "Parent Relationship": "Inner", "Scan Direction": "Forward", "Index Name": "movie_id_movie_companies", "Relation Name": "movie_companies", "Alias": "mc", "Startup Cost": 0.0, "Total Cost": 0.36, "Plan Rows": 2, "Plan Width": 12, "Actual Min Startup Time": 0.024, "Actual Max Startup Time": 0.024, "Actual Min Total Time": 0.04, "Actual Max Total Time": 0.04, "Actual Total Rows": 33, "Index Cond": "(movie_id = mi_idx.movie_id)", "Rows Removed by Index Recheck": 0}]}, {"Node Type": "Index Scan", "Parent Relationship": "Inner", "Scan Direction": "Forward", "Index Name": "movie_id_movie_info", "Relation Name": "movie_info", "Alias": "mi", "Startup Cost": 0.0, "Total Cost": 0.66, "Plan Rows": 5, "Plan Width": 50, "Actual Min Startup Time": 0.491, "Actual Max Startup Time": 0.491, "Actual Min Total Time": 2.431, "Actual Max Total Time": 2.431, "Actual Total Rows": 4959, "Index Cond": "(movie_id = mc.movie_id)", "Rows Removed by Index Recheck": 0}]}]}, {"Node Type": "Index Scan", "Parent Relationship": "Inner", "Scan Direction": "Forward", "Index Name": "company_name_pkey", "Relation Name": "company_name", "Alias": "cn", "Startup Cost": 0.0, "Total Cost": 0.28, "Plan Rows": 1, "Plan Width": 4, "Actual Min Startup Time": 0.171, "Actual Max Startup Time": 0.171, "Actual Min Total Time": 0.171, "Actual Max Total Time": 0.171, "Actual Total Rows": 10, "Index Cond": "(id = mc.company_id)", "Rows Removed by Index Recheck": 0, "Filter": "((country_code)::text = '[us]'::text)", "Rows Removed by Filter": 23}]}, {"Node Type": "Index Scan", "Parent Relationship": "Inner", "Scan Direction": "Forward", "Index Name": "company_type_pkey", "Relation Name": "company_type", "Alias": "ct", "Startup Cost": 0.0, "Total Cost": 0.28, "Plan Rows": 1, "Plan Width": 4, "Actual Min Startup Time": 0.021, "Actual Max Startup Time": 0.021, "Actual Min Total Time": 0.021, "Actual Max Total Time": 0.021, "Actual Total Rows": 5, "Index Cond": "(id = mc.company_type_id)", "Rows Removed by Index Recheck": 0, "Filter": "((kind IS NOT NULL) AND (((kind)::text = 'production companies'::text) OR ((kind)::text = 'distributors'::text)))", "Rows Removed by Filter": 0}]}]}, "Triggers": [], "Planner Runtime": 22.219, "Total Runtime": 112.631, "Unique SQL Id": 1682224415}}, "(16, 113)": {"explain_plan": {"Plan": {"Node Type": "Aggregate", "Strategy": "Plain", "Startup Cost": 105032.63, "Total Cost": 105032.64, "Plan Rows": 1, "Plan Width": 123, "Plans": [{"Node Type": "Nested Loop", "Parent Relationship": "Outer", "Join Type": "Inner", "Startup Cost": 0.0, "Total Cost": 105032.61, "Plan Rows": 4, "Plan Width": 59, "Inner Unique": true, "Plans": [{"Node Type": "Nested Loop", "Parent Relationship": "Outer", "Join Type": "Inner", "Startup Cost": 0.0, "Total Cost": 105031.47, "Plan Rows": 4, "Plan Width": 63, "Inner Unique": true, "Plans": [{"Node Type": "Nested Loop", "Parent Relationship": "Outer", "Join Type": "Inner", "Startup Cost": 0.0, "Total Cost": 105030.03, "Plan Rows": 5, "Plan Width": 67, "Inner Unique": false, "Join Filter": "(mi.info_type_id = it1.id)", "Plans": [{"Node Type": "Index Scan", "Parent Relationship": "Outer", "Scan Direction": "Forward", "Index Name": "info_type_pkey", "Relation Name": "info_type", "Alias": "it1", "Startup Cost": 0.0, "Total Cost": 14.21, "Plan Rows": 1, "Plan Width": 4, "Filter": "((info)::text = 'budget'::text)"}, {"Node Type": "Nested Loop", "Parent Relationship": "Inner", "Join Type": "Inner", "Startup Cost": 0.0, "Total Cost": 105001.79, "Plan Rows": 1122, "Plan Width": 71, "Inner Unique": false, "Join Filter": "(t.id = mi.movie_id)", "Plans": [{"Node Type": "Nested Loop", "Parent Relationship": "Outer", "Join Type": "Inner", "Startup Cost": 0.0, "Total Cost": 104849.13, "Plan Rows": 210, "Plan Width": 37, "Inner Unique": false, "Join Filter": "(t.id = mc.movie_id)", "Plans": [{"Node Type": "Nested Loop", "Parent Relationship": "Outer", "Join Type": "Inner", "Startup Cost": 0.0, "Total Cost": 104728.36, "Plan Rows": 311, "Plan Width": 25, "Inner Unique": false, "Join Filter": "(mi_idx.info_type_id = it2.id)", "Plans": [{"Node Type": "Index Scan", "Parent Relationship": "Outer", "Scan Direction": "Forward", "Index Name": "info_type_pkey", "Relation Name": "info_type", "Alias": "it2", "Startup Cost": 0.0, "Total Cost": 14.21, "Plan Rows": 1, "Plan Width": 4, "Filter": "((info)::text = 'bottom 10 rank'::text)"}, {"Node Type": "Materialize", "Parent Relationship": "Inner", "Startup Cost": 0.0, "Total Cost": 104710.19, "Plan Rows": 396, "Plan Width": 29, "Plans": [{"Node Type": "Nested Loop", "Parent Relationship": "Outer", "Join Type": "Inner", "Startup Cost": 0.0, "Total Cost": 104709.2, "Plan Rows": 396, "Plan Width": 29, "Inner Unique": false, "Plans": [{"Node Type": "Streaming(type: LOCAL GATHER dop: 1/16)", "Parent Relationship": "Outer", "Startup Cost": 0.0, "Total Cost": 102608.29, "Plan Rows": 258, "Plan Width": 21, "Plans": [{"Node Type": "Index Scan", "Parent Relationship": "Outer", "Scan Direction": "Forward", "Index Name": "title_pkey", "Relation Name": "title", "Alias": "t", "Startup Cost": 0.0, "Total Cost": 102602.72, "Plan Rows": 258, "Plan Width": 21, "Filter": "((production_year > 2000) AND (((title)::text ~~ 'Birdemic%'::text) OR ((title)::text ~~ '%Movie%'::text)))"}]}, {"Node Type": "Index Scan", "Parent Relationship": "Inner", "Scan Direction": "Forward", "Index Name": "movie_id_movie_info_idx", "Relation Name": "movie_info_idx", "Alias": "mi_idx", "Startup Cost": 0.0, "Total Cost": 8.12, "Plan Rows": 2, "Plan Width": 8, "Index Cond": "(movie_id = t.id)"}]}]}]}, {"Node Type": "Index Scan", "Parent Relationship": "Inner", "Scan Direction": "Forward", "Index Name": "movie_id_movie_companies", "Relation Name": "movie_companies", "Alias": "mc", "Startup Cost": 0.0, "Total Cost": 0.36, "Plan Rows": 2, "Plan Width": 12, "Index Cond": "(movie_id = mi_idx.movie_id)"}]}, {"Node Type": "Index Scan", "Parent Relationship": "Inner", "Scan Direction": "Forward", "Index Name": "movie_id_movie_info", "Relation Name": "movie_info", "Alias": "mi", "Startup Cost": 0.0, "Total Cost": 0.66, "Plan Rows": 5, "Plan Width": 50, "Index Cond": "(movie_id = mc.movie_id)"}]}]}, {"Node Type": "Index Scan", "Parent Relationship": "Inner", "Scan Direction": "Forward", "Index Name": "company_name_pkey", "Relation Name": "company_name", "Alias": "cn", "Startup Cost": 0.0, "Total Cost": 0.28, "Plan Rows": 1, "Plan Width": 4, "Index Cond": "(id = mc.company_id)", "Filter": "((country_code)::text = '[us]'::text)"}]}, {"Node Type": "Index Scan", "Parent Relationship": "Inner", "Scan Direction": "Forward", "Index Name": "company_type_pkey", "Relation Name": "company_type", "Alias": "ct", "Startup Cost": 0.0, "Total Cost": 0.28, "Plan Rows": 1, "Plan Width": 4, "Index Cond": "(id = mc.company_type_id)", "Filter": "((kind IS NOT NULL) AND (((kind)::text = 'production companies'::text) OR ((kind)::text = 'distributors'::text)))"}]}]}, "Unique SQL Id": 1682224415}, "explain_analyze_plan": {"Plan": {"Node Type": "Aggregate", "Strategy": "Plain", "Startup Cost": 105032.63, "Total Cost": 105032.64, "Plan Rows": 1, "Plan Width": 123, "Actual Min Startup Time": 288.744, "Actual Max Startup Time": 288.744, "Actual Min Total Time": 288.744, "Actual Max Total Time": 288.744, "Actual Total Rows": 1, "Plans": [{"Node Type": "Nested Loop", "Parent Relationship": "Outer", "Join Type": "Inner", "Startup Cost": 0.0, "Total Cost": 105032.61, "Plan Rows": 4, "Plan Width": 59, "Actual Min Startup Time": 287.379, "Actual Max Startup Time": 287.379, "Actual Min Total Time": 288.702, "Actual Max Total Time": 288.702, "Actual Total Rows": 5, "Inner Unique": true, "Plans": [{"Node Type": "Nested Loop", "Parent Relationship": "Outer", "Join Type": "Inner", "Startup Cost": 0.0, "Total Cost": 105031.47, "Plan Rows": 4, "Plan Width": 63, "Actual Min Startup Time": 284.536, "Actual Max Startup Time": 284.536, "Actual Min Total Time": 288.667, "Actual Max Total Time": 288.667, "Actual Total Rows": 10, "Inner Unique": true, "Plans": [{"Node Type": "Nested Loop", "Parent Relationship": "Outer", "Join Type": "Inner", "Startup Cost": 0.0, "Total Cost": 105030.03, "Plan Rows": 5, "Plan Width": 67, "Actual Min Startup Time": 283.152, "Actual Max Startup Time": 283.152, "Actual Min Total Time": 288.453, "Actual Max Total Time": 288.453, "Actual Total Rows": 33, "Inner Unique": false, "Join Filter": "(mi.info_type_id = it1.id)", "Rows Removed by Join Filter": 4926, "Plans": [{"Node Type": "Index Scan", "Parent Relationship": "Outer", "Scan Direction": "Forward", "Index Name": "info_type_pkey", "Relation Name": "info_type", "Alias": "it1", "Startup Cost": 0.0, "Total Cost": 14.21, "Plan Rows": 1, "Plan Width": 4, "Actual Min Startup Time": 0.109, "Actual Max Startup Time": 0.109, "Actual Min Total Time": 0.116, "Actual Max Total Time": 0.116, "Actual Total Rows": 1, "Filter": "((info)::text = 'budget'::text)", "Rows Removed by Filter": 111}, {"Node Type": "Nested Loop", "Parent Relationship": "Inner", "Join Type": "Inner", "Startup Cost": 0.0, "Total Cost": 105001.79, "Plan Rows": 1122, "Plan Width": 71, "Actual Min Startup Time": 282.882, "Actual Max Startup Time": 282.882, "Actual Min Total Time": 287.361, "Actual Max Total Time": 287.361, "Actual Total Rows": 4959, "Inner Unique": false, "Join Filter": "(t.id = mi.movie_id)", "Rows Removed by Join Filter": 0, "Plans": [{"Node Type": "Nested Loop", "Parent Relationship": "Outer", "Join Type": "Inner", "Startup Cost": 0.0, "Total Cost": 104849.13, "Plan Rows": 210, "Plan Width": 37, "Actual Min Startup Time": 282.848, "Actual Max Startup Time": 282.848, "Actual Min Total Time": 283.245, "Actual Max Total Time": 283.245, "Actual Total Rows": 33, "Inner Unique": false, "Join Filter": "(t.id = mc.movie_id)", "Rows Removed by Join Filter": 0, "Plans": [{"Node Type": "Nested Loop", "Parent Relationship": "Outer", "Join Type": "Inner", "Startup Cost": 0.0, "Total Cost": 104728.36, "Plan Rows": 311, "Plan Width": 25, "Actual Min Startup Time": 282.824, "Actual Max Startup Time": 282.824, "Actual Min Total Time": 283.177, "Actual Max Total Time": 283.177, "Actual Total Rows": 2, "Inner Unique": false, "Join Filter": "(mi_idx.info_type_id = it2.id)", "Rows Removed by Join Filter": 2643, "Plans": [{"Node Type": "Index Scan", "Parent Relationship": "Outer", "Scan Direction": "Forward", "Index Name": "info_type_pkey", "Relation Name": "info_type", "Alias": "it2", "Startup Cost": 0.0, "Total Cost": 14.21, "Plan Rows": 1, "Plan Width": 4, "Actual Min Startup Time": 0.08, "Actual Max Startup Time": 0.08, "Actual Min Total Time": 0.08, "Actual Max Total Time": 0.08, "Actual Total Rows": 1, "Filter": "((info)::text = 'bottom 10 rank'::text)", "Rows Removed by Filter": 111}, {"Node Type": "Materialize", "Parent Relationship": "Inner", "Startup Cost": 0.0, "Total Cost": 104710.19, "Plan Rows": 396, "Plan Width": 29, "Actual Min Startup Time": 281.979, "Actual Max Startup Time": 281.979, "Actual Min Total Time": 282.441, "Actual Max Total Time": 282.441, "Actual Total Rows": 2646, "Plans": [{"Node Type": "Nested Loop", "Parent Relationship": "Outer", "Join Type": "Inner", "Startup Cost": 0.0, "Total Cost": 104709.2, "Plan Rows": 396, "Plan Width": 29, "Actual Min Startup Time": 81.307, "Actual Max Startup Time": 81.307, "Actual Min Total Time": 280.904, "Actual Max Total Time": 280.904, "Actual Total Rows": 2645, "Inner Unique": false, "Plans": [{"Node Type": "Streaming(type: LOCAL GATHER dop: 1/16)", "Parent Relationship": "Outer", "Startup Cost": 0.0, "Total Cost": 102608.29, "Plan Rows": 258, "Plan Width": 21, "Actual Min Startup Time": 81.253, "Actual Max Startup Time": 81.253, "Actual Min Total Time": 268.275, "Actual Max Total Time": 268.275, "Actual Total Rows": 2536, "Plans": [{"Node Type": "Index Scan", "Parent Relationship": "Outer", "Scan Direction": "Forward", "Index Name": "title_pkey", "Relation Name": "title", "Alias": "t", "Startup Cost": 0.0, "Total Cost": 102602.72, "Plan Rows": 258, "Plan Width": 21, "Actual Min Startup Time": 9.904, "Actual Max Startup Time": 25.069, "Actual Min Total Time": 238.632, "Actual Max Total Time": 275.078, "Actual Total Rows": 2536, "Filter": "((production_year > 2000) AND (((title)::text ~~ 'Birdemic%'::text) OR ((title)::text ~~ '%Movie%'::text)))", "Rows Removed by Filter": 2525775}]}, {"Node Type": "Index Scan", "Parent Relationship": "Inner", "Scan Direction": "Forward", "Index Name": "movie_id_movie_info_idx", "Relation Name": "movie_info_idx", "Alias": "mi_idx", "Startup Cost": 0.0, "Total Cost": 8.12, "Plan Rows": 2, "Plan Width": 8, "Actual Min Startup Time": 9.535, "Actual Max Startup Time": 9.535, "Actual Min Total Time": 10.518, "Actual Max Total Time": 10.518, "Actual Total Rows": 2645, "Index Cond": "(movie_id = t.id)", "Rows Removed by Index Recheck": 0}]}]}]}, {"Node Type": "Index Scan", "Parent Relationship": "Inner", "Scan Direction": "Forward", "Index Name": "movie_id_movie_companies", "Relation Name": "movie_companies", "Alias": "mc", "Startup Cost": 0.0, "Total Cost": 0.36, "Plan Rows": 2, "Plan Width": 12, "Actual Min Startup Time": 0.027, "Actual Max Startup Time": 0.027, "Actual Min Total Time": 0.048, "Actual Max Total Time": 0.048, "Actual Total Rows": 33, "Index Cond": "(movie_id = mi_idx.movie_id)", "Rows Removed by Index Recheck": 0}]}, {"Node Type": "Index Scan", "Parent Relationship": "Inner", "Scan Direction": "Forward", "Index Name": "movie_id_movie_info", "Relation Name": "movie_info", "Alias": "mi", "Startup Cost": 0.0, "Total Cost": 0.66, "Plan Rows": 5, "Plan Width": 50, "Actual Min Startup Time": 0.503, "Actual Max Startup Time": 0.503, "Actual Min Total Time": 2.531, "Actual Max Total Time": 2.531, "Actual Total Rows": 4959, "Index Cond": "(movie_id = mc.movie_id)", "Rows Removed by Index Recheck": 0}]}]}, {"Node Type": "Index Scan", "Parent Relationship": "Inner", "Scan Direction": "Forward", "Index Name": "company_name_pkey", "Relation Name": "company_name", "Alias": "cn", "Startup Cost": 0.0, "Total Cost": 0.28, "Plan Rows": 1, "Plan Width": 4, "Actual Min Startup Time": 0.191, "Actual Max Startup Time": 0.191, "Actual Min Total Time": 0.191, "Actual Max Total Time": 0.191, "Actual Total Rows": 10, "Index Cond": "(id = mc.company_id)", "Rows Removed by Index Recheck": 0, "Filter": "((country_code)::text = '[us]'::text)", "Rows Removed by Filter": 23}]}, {"Node Type": "Index Scan", "Parent Relationship": "Inner", "Scan Direction": "Forward", "Index Name": "company_type_pkey", "Relation Name": "company_type", "Alias": "ct", "Startup Cost": 0.0, "Total Cost": 0.28, "Plan Rows": 1, "Plan Width": 4, "Actual Min Startup Time": 0.024, "Actual Max Startup Time": 0.024, "Actual Min Total Time": 0.024, "Actual Max Total Time": 0.024, "Actual Total Rows": 5, "Index Cond": "(id = mc.company_type_id)", "Rows Removed by Index Recheck": 0, "Filter": "((kind IS NOT NULL) AND (((kind)::text = 'production companies'::text) OR ((kind)::text = 'distributors'::text)))", "Rows Removed by Filter": 0}]}]}, "Triggers": [], "Planner Runtime": 65.028, "Total Runtime": 291.894, "Unique SQL Id": 1682224415}}, "(16, 114)": {"explain_plan": {"Plan": {"Node Type": "Aggregate", "Strategy": "Plain", "Startup Cost": 24581.47, "Total Cost": 24581.48, "Plan Rows": 1, "Plan Width": 123, "Plans": [{"Node Type": "Nested Loop", "Parent Relationship": "Outer", "Join Type": "Inner", "Startup Cost": 5.15, "Total Cost": 24581.45, "Plan Rows": 4, "Plan Width": 59, "Inner Unique": true, "Join Filter": "(mc.company_type_id = ct.id)", "Plans": [{"Node Type": "Nested Loop", "Parent Relationship": "Outer", "Join Type": "Inner", "Startup Cost": 5.15, "Total Cost": 24580.28, "Plan Rows": 4, "Plan Width": 63, "Inner Unique": true, "Plans": [{"Node Type": "Nested Loop", "Parent Relationship": "Outer", "Join Type": "Inner", "Startup Cost": 4.89, "Total Cost": 24558.87, "Plan Rows": 5, "Plan Width": 67, "Inner Unique": false, "Join Filter": "(t.id = mc.movie_id)", "Plans": [{"Node Type": "Nested Loop", "Parent Relationship": "Outer", "Join Type": "Inner", "Startup Cost": 4.63, "Total Cost": 24524.32, "Plan Rows": 8, "Plan Width": 71, "Inner Unique": false, "Join Filter": "(mi.info_type_id = it1.id)", "Plans": [{"Node Type": "Seq Scan", "Parent Relationship": "Outer", "Relation Name": "info_type", "Alias": "it1", "Startup Cost": 0.0, "Total Cost": 2.4, "Plan Rows": 1, "Plan Width": 4, "Filter": "((info)::text = 'budget'::text)"}, {"Node Type": "Nested Loop", "Parent Relationship": "Inner", "Join Type": "Inner", "Startup Cost": 4.63, "Total Cost": 24501.18, "Plan Rows": 1659, "Plan Width": 75, "Inner Unique": false, "Join Filter": "(t.id = mi.movie_id)", "Plans": [{"Node Type": "Nested Loop", "Parent Relationship": "Outer", "Join Type": "Inner", "Startup Cost": 4.17, "Total Cost": 23077.28, "Plan Rows": 311, "Plan Width": 25, "Inner Unique": false, "Join Filter": "(mi_idx.info_type_id = it2.id)", "Plans": [{"Node Type": "Seq Scan", "Parent Relationship": "Outer", "Relation Name": "info_type", "Alias": "it2", "Startup Cost": 0.0, "Total Cost": 2.4, "Plan Rows": 1, "Plan Width": 4, "Filter": "((info)::text = 'bottom 10 rank'::text)"}, {"Node Type": "Materialize", "Parent Relationship": "Inner", "Startup Cost": 4.17, "Total Cost": 23070.92, "Plan Rows": 396, "Plan Width": 29, "Plans": [{"Node Type": "Nested Loop", "Parent Relationship": "Outer", "Join Type": "Inner", "Startup Cost": 4.17, "Total Cost": 23069.93, "Plan Rows": 396, "Plan Width": 29, "Inner Unique": false, "Plans": [{"Node Type": "Streaming(type: LOCAL GATHER dop: 1/16)", "Parent Relationship": "Outer", "Startup Cost": 0.0, "Total Cost": 19945.03, "Plan Rows": 258, "Plan Width": 21, "Plans": [{"Node Type": "Seq Scan", "Parent Relationship": "Outer", "Relation Name": "title", "Alias": "t", "Startup Cost": 0.0, "Total Cost": 19939.47, "Plan Rows": 258, "Plan Width": 21, "Filter": "((production_year > 2000) AND (((title)::text ~~ 'Birdemic%'::text) OR ((title)::text ~~ '%Movie%'::text)))"}]}, {"Node Type": "Bitmap Heap Scan", "Parent Relationship": "Inner", "Relation Name": "movie_info_idx", "Alias": "mi_idx", "Startup Cost": 4.17, "Total Cost": 12.09, "Plan Rows": 2, "Plan Width": 8, "Recheck Cond": "(movie_id = t.id)", "Plans": [{"Node Type": "Bitmap Index Scan", "Parent Relationship": "Outer", "Index Name": "movie_id_movie_info_idx", "Startup Cost": 0.0, "Total Cost": 4.17, "Plan Rows": 2, "Plan Width": 0, "Index Cond": "(movie_id = t.id)"}]}]}]}]}, {"Node Type": "Bitmap Heap Scan", "Parent Relationship": "Inner", "Relation Name": "movie_info", "Alias": "mi", "Startup Cost": 0.45, "Total Cost": 4.52, "Plan Rows": 5, "Plan Width": 50, "Recheck Cond": "(movie_id = mi_idx.movie_id)", "Plans": [{"Node Type": "Bitmap Index Scan", "Parent Relationship": "Outer", "Index Name": "movie_id_movie_info", "Startup Cost": 0.0, "Total Cost": 0.45, "Plan Rows": 5, "Plan Width": 0, "Index Cond": "(movie_id = mi_idx.movie_id)"}]}]}]}, {"Node Type": "Bitmap Heap Scan", "Parent Relationship": "Inner", "Relation Name": "movie_companies", "Alias": "mc", "Startup Cost": 0.27, "Total Cost": 4.29, "Plan Rows": 2, "Plan Width": 12, "Recheck Cond": "(movie_id = mi.movie_id)", "Plans": [{"Node Type": "Bitmap Index Scan", "Parent Relationship": "Outer", "Index Name": "movie_id_movie_companies", "Startup Cost": 0.0, "Total Cost": 0.27, "Plan Rows": 2, "Plan Width": 0, "Index Cond": "(movie_id = mi.movie_id)"}]}]}, {"Node Type": "Bitmap Heap Scan", "Parent Relationship": "Inner", "Relation Name": "company_name", "Alias": "cn", "Startup Cost": 0.26, "Total Cost": 4.27, "Plan Rows": 1, "Plan Width": 4, "Recheck Cond": "(id = mc.company_id)", "Filter": "((country_code)::text = '[us]'::text)", "Plans": [{"Node Type": "Bitmap Index Scan", "Parent Relationship": "Outer", "Index Name": "company_name_pkey", "Startup Cost": 0.0, "Total Cost": 0.26, "Plan Rows": 1, "Plan Width": 0, "Index Cond": "(id = mc.company_id)"}]}]}, {"Node Type": "Materialize", "Parent Relationship": "Inner", "Startup Cost": 0.0, "Total Cost": 1.05, "Plan Rows": 2, "Plan Width": 4, "Plans": [{"Node Type": "Seq Scan", "Parent Relationship": "Outer", "Relation Name": "company_type", "Alias": "ct", "Startup Cost": 0.0, "Total Cost": 1.04, "Plan Rows": 2, "Plan Width": 4, "Filter": "((kind IS NOT NULL) AND (((kind)::text = 'production companies'::text) OR ((kind)::text = 'distributors'::text)))"}]}]}]}, "Unique SQL Id": 1682224415}, "explain_analyze_plan": {"Plan": {"Node Type": "Aggregate", "Strategy": "Plain", "Startup Cost": 24581.47, "Total Cost": 24581.48, "Plan Rows": 1, "Plan Width": 123, "Actual Min Startup Time": 105.759, "Actual Max Startup Time": 105.759, "Actual Min Total Time": 105.76, "Actual Max Total Time": 105.76, "Actual Total Rows": 1, "Plans": [{"Node Type": "Nested Loop", "Parent Relationship": "Outer", "Join Type": "Inner", "Startup Cost": 5.15, "Total Cost": 24581.45, "Plan Rows": 4, "Plan Width": 59, "Actual Min Startup Time": 104.716, "Actual Max Startup Time": 104.716, "Actual Min Total Time": 105.731, "Actual Max Total Time": 105.731, "Actual Total Rows": 5, "Inner Unique": true, "Join Filter": "(mc.company_type_id = ct.id)", "Rows Removed by Join Filter": 5, "Plans": [{"Node Type": "Nested Loop", "Parent Relationship": "Outer", "Join Type": "Inner", "Startup Cost": 5.15, "Total Cost": 24580.28, "Plan Rows": 4, "Plan Width": 63, "Actual Min Startup Time": 104.557, "Actual Max Startup Time": 104.557, "Actual Min Total Time": 105.696, "Actual Max Total Time": 105.696, "Actual Total Rows": 10, "Inner Unique": true, "Plans": [{"Node Type": "Nested Loop", "Parent Relationship": "Outer", "Join Type": "Inner", "Startup Cost": 4.89, "Total Cost": 24558.87, "Plan Rows": 5, "Plan Width": 67, "Actual Min Startup Time": 104.46, "Actual Max Startup Time": 104.46, "Actual Min Total Time": 105.437, "Actual Max Total Time": 105.437, "Actual Total Rows": 33, "Inner Unique": false, "Join Filter": "(t.id = mc.movie_id)", "Rows Removed by Join Filter": 0, "Plans": [{"Node Type": "Nested Loop", "Parent Relationship": "Outer", "Join Type": "Inner", "Startup Cost": 4.63, "Total Cost": 24524.32, "Plan Rows": 8, "Plan Width": 71, "Actual Min Startup Time": 104.414, "Actual Max Startup Time": 104.414, "Actual Min Total Time": 105.351, "Actual Max Total Time": 105.351, "Actual Total Rows": 2, "Inner Unique": false, "Join Filter": "(mi.info_type_id = it1.id)", "Rows Removed by Join Filter": 219, "Plans": [{"Node Type": "Seq Scan", "Parent Relationship": "Outer", "Relation Name": "info_type", "Alias": "it1", "Startup Cost": 0.0, "Total Cost": 2.4, "Plan Rows": 1, "Plan Width": 4, "Actual Min Startup Time": 0.084, "Actual Max Startup Time": 0.084, "Actual Min Total Time": 0.093, "Actual Max Total Time": 0.093, "Actual Total Rows": 1, "Filter": "((info)::text = 'budget'::text)", "Rows Removed by Filter": 111}, {"Node Type": "Nested Loop", "Parent Relationship": "Inner", "Join Type": "Inner", "Startup Cost": 4.63, "Total Cost": 24501.18, "Plan Rows": 1659, "Plan Width": 75, "Actual Min Startup Time": 104.184, "Actual Max Startup Time": 104.184, "Actual Min Total Time": 105.162, "Actual Max Total Time": 105.162, "Actual Total Rows": 221, "Inner Unique": false, "Join Filter": "(t.id = mi.movie_id)", "Rows Removed by Join Filter": 0, "Plans": [{"Node Type": "Nested Loop", "Parent Relationship": "Outer", "Join Type": "Inner", "Startup Cost": 4.17, "Total Cost": 23077.28, "Plan Rows": 311, "Plan Width": 25, "Actual Min Startup Time": 104.135, "Actual Max Startup Time": 104.135, "Actual Min Total Time": 104.876, "Actual Max Total Time": 104.876, "Actual Total Rows": 2, "Inner Unique": false, "Join Filter": "(mi_idx.info_type_id = it2.id)", "Rows Removed by Join Filter": 2643, "Plans": [{"Node Type": "Seq Scan", "Parent Relationship": "Outer", "Relation Name": "info_type", "Alias": "it2", "Startup Cost": 0.0, "Total Cost": 2.4, "Plan Rows": 1, "Plan Width": 4, "Actual Min Startup Time": 0.074, "Actual Max Startup Time": 0.074, "Actual Min Total Time": 0.078, "Actual Max Total Time": 0.078, "Actual Total Rows": 1, "Filter": "((info)::text = 'bottom 10 rank'::text)", "Rows Removed by Filter": 111}, {"Node Type": "Materialize", "Parent Relationship": "Inner", "Startup Cost": 4.17, "Total Cost": 23070.92, "Plan Rows": 396, "Plan Width": 29, "Actual Min Startup Time": 103.932, "Actual Max Startup Time": 103.932, "Actual Min Total Time": 104.249, "Actual Max Total Time": 104.249, "Actual Total Rows": 2646, "Plans": [{"Node Type": "Nested Loop", "Parent Relationship": "Outer", "Join Type": "Inner", "Startup Cost": 4.17, "Total Cost": 23069.93, "Plan Rows": 396, "Plan Width": 29, "Actual Min Startup Time": 77.399, "Actual Max Startup Time": 77.399, "Actual Min Total Time": 103.094, "Actual Max Total Time": 103.094, "Actual Total Rows": 2645, "Inner Unique": false, "Plans": [{"Node Type": "Streaming(type: LOCAL GATHER dop: 1/16)", "Parent Relationship": "Outer", "Startup Cost": 0.0, "Total Cost": 19945.03, "Plan Rows": 258, "Plan Width": 21, "Actual Min Startup Time": 77.296, "Actual Max Startup Time": 77.296, "Actual Min Total Time": 88.217, "Actual Max Total Time": 88.217, "Actual Total Rows": 2536, "Plans": [{"Node Type": "Seq Scan", "Parent Relationship": "Outer", "Relation Name": "title", "Alias": "t", "Startup Cost": 0.0, "Total Cost": 19939.47, "Plan Rows": 258, "Plan Width": 21, "Actual Min Startup Time": 0.037, "Actual Max Startup Time": 5.358, "Actual Min Total Time": 79.922, "Actual Max Total Time": 84.145, "Actual Total Rows": 2536, "Filter": "((production_year > 2000) AND (((title)::text ~~ 'Birdemic%'::text) OR ((title)::text ~~ '%Movie%'::text)))", "Rows Removed by Filter": 2525775}]}, {"Node Type": "Bitmap Heap Scan", "Parent Relationship": "Inner", "Relation Name": "movie_info_idx", "Alias": "mi_idx", "Startup Cost": 4.17, "Total Cost": 12.09, "Plan Rows": 2, "Plan Width": 8, "Actual Min Startup Time": 11.145, "Actual Max Startup Time": 11.145, "Actual Min Total Time": 11.529, "Actual Max Total Time": 11.529, "Actual Total Rows": 2645, "Recheck Cond": "(movie_id = t.id)", "Rows Removed by Index Recheck": 0, "Exact Heap Blocks": 890, "Lossy Heap Blocks": 890, "Plans": [{"Node Type": "Bitmap Index Scan", "Parent Relationship": "Outer", "Index Name": "movie_id_movie_info_idx", "Startup Cost": 0.0, "Total Cost": 4.17, "Plan Rows": 2, "Plan Width": 0, "Actual Min Startup Time": 8.237, "Actual Max Startup Time": 8.237, "Actual Min Total Time": 8.237, "Actual Max Total Time": 8.237, "Actual Total Rows": 2645, "Index Cond": "(movie_id = t.id)"}]}]}]}]}, {"Node Type": "Bitmap Heap Scan", "Parent Relationship": "Inner", "Relation Name": "movie_info", "Alias": "mi", "Startup Cost": 0.45, "Total Cost": 4.52, "Plan Rows": 5, "Plan Width": 50, "Actual Min Startup Time": 0.062, "Actual Max Startup Time": 0.062, "Actual Min Total Time": 0.195, "Actual Max Total Time": 0.195, "Actual Total Rows": 221, "Recheck Cond": "(movie_id = mi_idx.movie_id)", "Rows Removed by Index Recheck": 0, "Exact Heap Blocks": 40, "Lossy Heap Blocks": 40, "Plans": [{"Node Type": "Bitmap Index Scan", "Parent Relationship": "Outer", "Index Name": "movie_id_movie_info", "Startup Cost": 0.0, "Total Cost": 0.45, "Plan Rows": 5, "Plan Width": 0, "Actual Min Startup Time": 0.044, "Actual Max Startup Time": 0.044, "Actual Min Total Time": 0.044, "Actual Max Total Time": 0.044, "Actual Total Rows": 221, "Index Cond": "(movie_id = mi_idx.movie_id)"}]}]}]}, {"Node Type": "Bitmap Heap Scan", "Parent Relationship": "Inner", "Relation Name": "movie_companies", "Alias": "mc", "Startup Cost": 0.27, "Total Cost": 4.29, "Plan Rows": 2, "Plan Width": 12, "Actual Min Startup Time": 0.05, "Actual Max Startup Time": 0.05, "Actual Min Total Time": 0.061, "Actual Max Total Time": 0.061, "Actual Total Rows": 33, "Recheck Cond": "(movie_id = mi.movie_id)", "Rows Removed by Index Recheck": 0, "Exact Heap Blocks": 4, "Lossy Heap Blocks": 4, "Plans": [{"Node Type": "Bitmap Index Scan", "Parent Relationship": "Outer", "Index Name": "movie_id_movie_companies", "Startup Cost": 0.0, "Total Cost": 0.27, "Plan Rows": 2, "Plan Width": 0, "Actual Min Startup Time": 0.02, "Actual Max Startup Time": 0.02, "Actual Min Total Time": 0.02, "Actual Max Total Time": 0.02, "Actual Total Rows": 33, "Index Cond": "(movie_id = mi.movie_id)"}]}]}, {"Node Type": "Bitmap Heap Scan", "Parent Relationship": "Inner", "Relation Name": "company_name", "Alias": "cn", "Startup Cost": 0.26, "Total Cost": 4.27, "Plan Rows": 1, "Plan Width": 4, "Actual Min Startup Time": 0.217, "Actual Max Startup Time": 0.217, "Actual Min Total Time": 0.217, "Actual Max Total Time": 0.217, "Actual Total Rows": 10, "Recheck Cond": "(id = mc.company_id)", "Rows Removed by Index Recheck": 0, "Filter": "((country_code)::text = '[us]'::text)", "Rows Removed by Filter": 23, "Exact Heap Blocks": 33, "Lossy Heap Blocks": 33, "Plans": [{"Node Type": "Bitmap Index Scan", "Parent Relationship": "Outer", "Index Name": "company_name_pkey", "Startup Cost": 0.0, "Total Cost": 0.26, "Plan Rows": 1, "Plan Width": 0, "Actual Min Startup Time": 0.117, "Actual Max Startup Time": 0.117, "Actual Min Total Time": 0.117, "Actual Max Total Time": 0.117, "Actual Total Rows": 33, "Index Cond": "(id = mc.company_id)"}]}]}, {"Node Type": "Materialize", "Parent Relationship": "Inner", "Startup Cost": 0.0, "Total Cost": 1.05, "Plan Rows": 2, "Plan Width": 4, "Actual Min Startup Time": 0.02, "Actual Max Startup Time": 0.02, "Actual Min Total Time": 0.025, "Actual Max Total Time": 0.025, "Actual Total Rows": 10, "Plans": [{"Node Type": "Seq Scan", "Parent Relationship": "Outer", "Relation Name": "company_type", "Alias": "ct", "Startup Cost": 0.0, "Total Cost": 1.04, "Plan Rows": 2, "Plan Width": 4, "Actual Min Startup Time": 0.011, "Actual Max Startup Time": 0.011, "Actual Min Total Time": 0.016, "Actual Max Total Time": 0.016, "Actual Total Rows": 1, "Filter": "((kind IS NOT NULL) AND (((kind)::text = 'production companies'::text) OR ((kind)::text = 'distributors'::text)))", "Rows Removed by Filter": 2}]}]}]}, "Triggers": [], "Planner Runtime": 47.479, "Total Runtime": 108.532, "Unique SQL Id": 1682224415}}, "(16, 115)": {"explain_plan": {"Plan": {"Node Type": "Aggregate", "Strategy": "Plain", "Startup Cost": 134834.77, "Total Cost": 134834.78, "Plan Rows": 1, "Plan Width": 123, "Plans": [{"Node Type": "Nested Loop", "Parent Relationship": "Outer", "Join Type": "Inner", "Startup Cost": 49668.32, "Total Cost": 134834.75, "Plan Rows": 4, "Plan Width": 59, "Inner Unique": true, "Plans": [{"Node Type": "Nested Loop", "Parent Relationship": "Outer", "Join Type": "Inner", "Startup Cost": 49668.06, "Total Cost": 134817.61, "Plan Rows": 4, "Plan Width": 63, "Inner Unique": true, "Plans": [{"Node Type": "Nested Loop", "Parent Relationship": "Outer", "Join Type": "Inner", "Startup Cost": 49667.8, "Total Cost": 134796.19, "Plan Rows": 5, "Plan Width": 67, "Inner Unique": true, "Plans": [{"Node Type": "Nested Loop", "Parent Relationship": "Outer", "Join Type": "Inner", "Startup Cost": 49667.54, "Total Cost": 134517.81, "Plan Rows": 65, "Plan Width": 71, "Inner Unique": false, "Join Filter": "(t.id = mi_idx.movie_id)", "Plans": [{"Node Type": "Nested Loop", "Parent Relationship": "Outer", "Join Type": "Inner", "Startup Cost": 49667.27, "Total Cost": 134336.51, "Plan Rows": 42, "Plan Width": 79, "Inner Unique": false, "Join Filter": "(mi.info_type_id = it1.id)", "Plans": [{"Node Type": "Bitmap Heap Scan", "Parent Relationship": "Outer", "Relation Name": "info_type", "Alias": "it1", "Startup Cost": 8.81, "Total Cost": 14.21, "Plan Rows": 1, "Plan Width": 4, "Filter": "((info)::text = 'budget'::text)", "Plans": [{"Node Type": "Bitmap Index Scan", "Parent Relationship": "Outer", "Index Name": "info_type_pkey", "Startup Cost": 0.0, "Total Cost": 8.81, "Plan Rows": 112, "Plan Width": 0}]}, {"Node Type": "Nested Loop", "Parent Relationship": "Inner", "Join Type": "Inner", "Startup Cost": 49658.46, "Total Cost": 134284.94, "Plan Rows": 2989, "Plan Width": 83, "Inner Unique": false, "Join Filter": "(t.id = mi.movie_id)", "Plans": [{"Node Type": "Nested Loop", "Parent Relationship": "Outer", "Join Type": "Inner", "Startup Cost": 49658.09, "Total Cost": 131831.96, "Plan Rows": 545, "Plan Width": 33, "Inner Unique": false, "Plans": [{"Node Type": "Bitmap Heap Scan", "Parent Relationship": "Outer", "Relation Name": "title", "Alias": "t", "Startup Cost": 49653.87, "Total Cost": 128685.31, "Plan Rows": 258, "Plan Width": 21, "Filter": "((production_year > 2000) AND (((title)::text ~~ 'Birdemic%'::text) OR ((title)::text ~~ '%Movie%'::text)))", "Plans": [{"Node Type": "Bitmap Index Scan", "Parent Relationship": "Outer", "Index Name": "title_pkey", "Startup Cost": 0.0, "Total Cost": 49653.81, "Plan Rows": 2528311, "Plan Width": 0}]}, {"Node Type": "Bitmap Heap Scan", "Parent Relationship": "Inner", "Relation Name": "movie_companies", "Alias": "mc", "Startup Cost": 4.22, "Total Cost": 12.18, "Plan Rows": 2, "Plan Width": 12, "Recheck Cond": "(movie_id = t.id)", "Plans": [{"Node Type": "Bitmap Index Scan", "Parent Relationship": "Outer", "Index Name": "movie_id_movie_companies", "Startup Cost": 0.0, "Total Cost": 4.22, "Plan Rows": 2, "Plan Width": 0, "Index Cond": "(movie_id = t.id)"}]}]}, {"Node Type": "Bitmap Heap Scan", "Parent Relationship": "Inner", "Relation Name": "movie_info", "Alias": "mi", "Startup Cost": 0.38, "Total Cost": 4.44, "Plan Rows": 5, "Plan Width": 50, "Recheck Cond": "(movie_id = mc.movie_id)", "Plans": [{"Node Type": "Bitmap Index Scan", "Parent Relationship": "Outer", "Index Name": "movie_id_movie_info", "Startup Cost": 0.0, "Total Cost": 0.37, "Plan Rows": 5, "Plan Width": 0, "Index Cond": "(movie_id = mc.movie_id)"}]}]}]}, {"Node Type": "Bitmap Heap Scan", "Parent Relationship": "Inner", "Relation Name": "movie_info_idx", "Alias": "mi_idx", "Startup Cost": 0.27, "Total Cost": 4.29, "Plan Rows": 2, "Plan Width": 8, "Recheck Cond": "(movie_id = mi.movie_id)", "Plans": [{"Node Type": "Bitmap Index Scan", "Parent Relationship": "Outer", "Index Name": "movie_id_movie_info_idx", "Startup Cost": 0.0, "Total Cost": 0.27, "Plan Rows": 2, "Plan Width": 0, "Index Cond": "(movie_id = mi.movie_id)"}]}]}, {"Node Type": "Bitmap Heap Scan", "Parent Relationship": "Inner", "Relation Name": "info_type", "Alias": "it2", "Startup Cost": 0.26, "Total Cost": 4.27, "Plan Rows": 1, "Plan Width": 4, "Recheck Cond": "(id = mi_idx.info_type_id)", "Filter": "((info)::text = 'bottom 10 rank'::text)", "Plans": [{"Node Type": "Bitmap Index Scan", "Parent Relationship": "Outer", "Index Name": "info_type_pkey", "Startup Cost": 0.0, "Total Cost": 0.26, "Plan Rows": 1, "Plan Width": 0, "Index Cond": "(id = mi_idx.info_type_id)"}]}]}, {"Node Type": "Bitmap Heap Scan", "Parent Relationship": "Inner", "Relation Name": "company_name", "Alias": "cn", "Startup Cost": 0.26, "Total Cost": 4.27, "Plan Rows": 1, "Plan Width": 4, "Recheck Cond": "(id = mc.company_id)", "Filter": "((country_code)::text = '[us]'::text)", "Plans": [{"Node Type": "Bitmap Index Scan", "Parent Relationship": "Outer", "Index Name": "company_name_pkey", "Startup Cost": 0.0, "Total Cost": 0.26, "Plan Rows": 1, "Plan Width": 0, "Index Cond": "(id = mc.company_id)"}]}]}, {"Node Type": "Bitmap Heap Scan", "Parent Relationship": "Inner", "Relation Name": "company_type", "Alias": "ct", "Startup Cost": 0.26, "Total Cost": 4.28, "Plan Rows": 1, "Plan Width": 4, "Recheck Cond": "(id = mc.company_type_id)", "Filter": "((kind IS NOT NULL) AND (((kind)::text = 'production companies'::text) OR ((kind)::text = 'distributors'::text)))", "Plans": [{"Node Type": "Bitmap Index Scan", "Parent Relationship": "Outer", "Index Name": "company_type_pkey", "Startup Cost": 0.0, "Total Cost": 0.26, "Plan Rows": 1, "Plan Width": 0, "Index Cond": "(id = mc.company_type_id)"}]}]}]}, "Unique SQL Id": 1682224415}, "explain_analyze_plan": null}, "(16, 116)": {"explain_plan": {"Plan": {"Node Type": "Aggregate", "Strategy": "Plain", "Startup Cost": 22345.75, "Total Cost": 22345.76, "Plan Rows": 1, "Plan Width": 123, "Plans": [{"Node Type": "Nested Loop", "Parent Relationship": "Outer", "Join Type": "Inner", "Startup Cost": 0.0, "Total Cost": 22345.73, "Plan Rows": 4, "Plan Width": 59, "Inner Unique": true, "Plans": [{"Node Type": "Nested Loop", "Parent Relationship": "Outer", "Join Type": "Inner", "Startup Cost": 0.0, "Total Cost": 22344.59, "Plan Rows": 4, "Plan Width": 63, "Inner Unique": true, "Plans": [{"Node Type": "Nested Loop", "Parent Relationship": "Outer", "Join Type": "Inner", "Startup Cost": 0.0, "Total Cost": 22343.15, "Plan Rows": 5, "Plan Width": 67, "Inner Unique": false, "Join Filter": "(mi.info_type_id = it1.id)", "Plans": [{"Node Type": "Seq Scan", "Parent Relationship": "Outer", "Relation Name": "info_type", "Alias": "it1", "Startup Cost": 0.0, "Total Cost": 2.4, "Plan Rows": 1, "Plan Width": 4, "Filter": "((info)::text = 'budget'::text)"}, {"Node Type": "Nested Loop", "Parent Relationship": "Inner", "Join Type": "Inner", "Startup Cost": 0.0, "Total Cost": 22326.73, "Plan Rows": 1122, "Plan Width": 71, "Inner Unique": false, "Join Filter": "(t.id = mi.movie_id)", "Plans": [{"Node Type": "Nested Loop", "Parent Relationship": "Outer", "Join Type": "Inner", "Startup Cost": 0.0, "Total Cost": 22174.07, "Plan Rows": 210, "Plan Width": 37, "Inner Unique": false, "Join Filter": "(t.id = mc.movie_id)", "Plans": [{"Node Type": "Nested Loop", "Parent Relationship": "Outer", "Join Type": "Inner", "Startup Cost": 0.0, "Total Cost": 22053.3, "Plan Rows": 311, "Plan Width": 25, "Inner Unique": false, "Join Filter": "(mi_idx.info_type_id = it2.id)", "Plans": [{"Node Type": "Seq Scan", "Parent Relationship": "Outer", "Relation Name": "info_type", "Alias": "it2", "Startup Cost": 0.0, "Total Cost": 2.4, "Plan Rows": 1, "Plan Width": 4, "Filter": "((info)::text = 'bottom 10 rank'::text)"}, {"Node Type": "Materialize", "Parent Relationship": "Inner", "Startup Cost": 0.0, "Total Cost": 22046.94, "Plan Rows": 396, "Plan Width": 29, "Plans": [{"Node Type": "Nested Loop", "Parent Relationship": "Outer", "Join Type": "Inner", "Startup Cost": 0.0, "Total Cost": 22045.95, "Plan Rows": 396, "Plan Width": 29, "Inner Unique": false, "Plans": [{"Node Type": "Streaming(type: LOCAL GATHER dop: 1/16)", "Parent Relationship": "Outer", "Startup Cost": 0.0, "Total Cost": 19945.03, "Plan Rows": 258, "Plan Width": 21, "Plans": [{"Node Type": "Seq Scan", "Parent Relationship": "Outer", "Relation Name": "title", "Alias": "t", "Startup Cost": 0.0, "Total Cost": 19939.47, "Plan Rows": 258, "Plan Width": 21, "Filter": "((production_year > 2000) AND (((title)::text ~~ 'Birdemic%'::text) OR ((title)::text ~~ '%Movie%'::text)))"}]}, {"Node Type": "Index Scan", "Parent Relationship": "Inner", "Scan Direction": "Forward", "Index Name": "movie_id_movie_info_idx", "Relation Name": "movie_info_idx", "Alias": "mi_idx", "Startup Cost": 0.0, "Total Cost": 8.12, "Plan Rows": 2, "Plan Width": 8, "Index Cond": "(movie_id = t.id)"}]}]}]}, {"Node Type": "Index Scan", "Parent Relationship": "Inner", "Scan Direction": "Forward", "Index Name": "movie_id_movie_companies", "Relation Name": "movie_companies", "Alias": "mc", "Startup Cost": 0.0, "Total Cost": 0.36, "Plan Rows": 2, "Plan Width": 12, "Index Cond": "(movie_id = mi_idx.movie_id)"}]}, {"Node Type": "Index Scan", "Parent Relationship": "Inner", "Scan Direction": "Forward", "Index Name": "movie_id_movie_info", "Relation Name": "movie_info", "Alias": "mi", "Startup Cost": 0.0, "Total Cost": 0.66, "Plan Rows": 5, "Plan Width": 50, "Index Cond": "(movie_id = mc.movie_id)"}]}]}, {"Node Type": "Index Scan", "Parent Relationship": "Inner", "Scan Direction": "Forward", "Index Name": "company_name_pkey", "Relation Name": "company_name", "Alias": "cn", "Startup Cost": 0.0, "Total Cost": 0.28, "Plan Rows": 1, "Plan Width": 4, "Index Cond": "(id = mc.company_id)", "Filter": "((country_code)::text = '[us]'::text)"}]}, {"Node Type": "Index Scan", "Parent Relationship": "Inner", "Scan Direction": "Forward", "Index Name": "company_type_pkey", "Relation Name": "company_type", "Alias": "ct", "Startup Cost": 0.0, "Total Cost": 0.28, "Plan Rows": 1, "Plan Width": 4, "Index Cond": "(id = mc.company_type_id)", "Filter": "((kind IS NOT NULL) AND (((kind)::text = 'production companies'::text) OR ((kind)::text = 'distributors'::text)))"}]}]}, "Unique SQL Id": 1682224415}, "explain_analyze_plan": {"Plan": {"Node Type": "Aggregate", "Strategy": "Plain", "Startup Cost": 22345.75, "Total Cost": 22345.76, "Plan Rows": 1, "Plan Width": 123, "Actual Min Startup Time": 109.506, "Actual Max Startup Time": 109.506, "Actual Min Total Time": 109.506, "Actual Max Total Time": 109.506, "Actual Total Rows": 1, "Plans": [{"Node Type": "Nested Loop", "Parent Relationship": "Outer", "Join Type": "Inner", "Startup Cost": 0.0, "Total Cost": 22345.73, "Plan Rows": 4, "Plan Width": 59, "Actual Min Startup Time": 107.8, "Actual Max Startup Time": 107.8, "Actual Min Total Time": 109.47, "Actual Max Total Time": 109.47, "Actual Total Rows": 5, "Inner Unique": true, "Plans": [{"Node Type": "Nested Loop", "Parent Relationship": "Outer", "Join Type": "Inner", "Startup Cost": 0.0, "Total Cost": 22344.59, "Plan Rows": 4, "Plan Width": 63, "Actual Min Startup Time": 104.97, "Actual Max Startup Time": 104.97, "Actual Min Total Time": 109.442, "Actual Max Total Time": 109.442, "Actual Total Rows": 10, "Inner Unique": true, "Plans": [{"Node Type": "Nested Loop", "Parent Relationship": "Outer", "Join Type": "Inner", "Startup Cost": 0.0, "Total Cost": 22343.15, "Plan Rows": 5, "Plan Width": 67, "Actual Min Startup Time": 103.615, "Actual Max Startup Time": 103.615, "Actual Min Total Time": 109.245, "Actual Max Total Time": 109.245, "Actual Total Rows": 33, "Inner Unique": false, "Join Filter": "(mi.info_type_id = it1.id)", "Rows Removed by Join Filter": 4926, "Plans": [{"Node Type": "Seq Scan", "Parent Relationship": "Outer", "Relation Name": "info_type", "Alias": "it1", "Startup Cost": 0.0, "Total Cost": 2.4, "Plan Rows": 1, "Plan Width": 4, "Actual Min Startup Time": 0.084, "Actual Max Startup Time": 0.084, "Actual Min Total Time": 0.092, "Actual Max Total Time": 0.092, "Actual Total Rows": 1, "Filter": "((info)::text = 'budget'::text)", "Rows Removed by Filter": 111}, {"Node Type": "Nested Loop", "Parent Relationship": "Inner", "Join Type": "Inner", "Startup Cost": 0.0, "Total Cost": 22326.73, "Plan Rows": 1122, "Plan Width": 71, "Actual Min Startup Time": 103.384, "Actual Max Startup Time": 103.384, "Actual Min Total Time": 108.147, "Actual Max Total Time": 108.147, "Actual Total Rows": 4959, "Inner Unique": false, "Join Filter": "(t.id = mi.movie_id)", "Rows Removed by Join Filter": 0, "Plans": [{"Node Type": "Nested Loop", "Parent Relationship": "Outer", "Join Type": "Inner", "Startup Cost": 0.0, "Total Cost": 22174.07, "Plan Rows": 210, "Plan Width": 37, "Actual Min Startup Time": 103.354, "Actual Max Startup Time": 103.354, "Actual Min Total Time": 104.141, "Actual Max Total Time": 104.141, "Actual Total Rows": 33, "Inner Unique": false, "Join Filter": "(t.id = mc.movie_id)", "Rows Removed by Join Filter": 0, "Plans": [{"Node Type": "Nested Loop", "Parent Relationship": "Outer", "Join Type": "Inner", "Startup Cost": 0.0, "Total Cost": 22053.3, "Plan Rows": 311, "Plan Width": 25, "Actual Min Startup Time": 103.33, "Actual Max Startup Time": 103.33, "Actual Min Total Time": 104.082, "Actual Max Total Time": 104.082, "Actual Total Rows": 2, "Inner Unique": false, "Join Filter": "(mi_idx.info_type_id = it2.id)", "Rows Removed by Join Filter": 2643, "Plans": [{"Node Type": "Seq Scan", "Parent Relationship": "Outer", "Relation Name": "info_type", "Alias": "it2", "Startup Cost": 0.0, "Total Cost": 2.4, "Plan Rows": 1, "Plan Width": 4, "Actual Min Startup Time": 0.075, "Actual Max Startup Time": 0.075, "Actual Min Total Time": 0.08, "Actual Max Total Time": 0.08, "Actual Total Rows": 1, "Filter": "((info)::text = 'bottom 10 rank'::text)", "Rows Removed by Filter": 111}, {"Node Type": "Materialize", "Parent Relationship": "Inner", "Startup Cost": 0.0, "Total Cost": 22046.94, "Plan Rows": 396, "Plan Width": 29, "Actual Min Startup Time": 103.112, "Actual Max Startup Time": 103.112, "Actual Min Total Time": 103.423, "Actual Max Total Time": 103.423, "Actual Total Rows": 2646, "Plans": [{"Node Type": "Nested Loop", "Parent Relationship": "Outer", "Join Type": "Inner", "Startup Cost": 0.0, "Total Cost": 22045.95, "Plan Rows": 396, "Plan Width": 29, "Actual Min Startup Time": 77.489, "Actual Max Startup Time": 77.489, "Actual Min Total Time": 102.25, "Actual Max Total Time": 102.25, "Actual Total Rows": 2645, "Inner Unique": false, "Plans": [{"Node Type": "Streaming(type: LOCAL GATHER dop: 1/16)", "Parent Relationship": "Outer", "Startup Cost": 0.0, "Total Cost": 19945.03, "Plan Rows": 258, "Plan Width": 21, "Actual Min Startup Time": 77.412, "Actual Max Startup Time": 77.412, "Actual Min Total Time": 90.685, "Actual Max Total Time": 90.685, "Actual Total Rows": 2536, "Plans": [{"Node Type": "Seq Scan", "Parent Relationship": "Outer", "Relation Name": "title", "Alias": "t", "Startup Cost": 0.0, "Total Cost": 19939.47, "Plan Rows": 258, "Plan Width": 21, "Actual Min Startup Time": 0.04, "Actual Max Startup Time": 5.381, "Actual Min Total Time": 79.981, "Actual Max Total Time": 84.188, "Actual Total Rows": 2536, "Filter": "((production_year > 2000) AND (((title)::text ~~ 'Birdemic%'::text) OR ((title)::text ~~ '%Movie%'::text)))", "Rows Removed by Filter": 2525775}]}, {"Node Type": "Index Scan", "Parent Relationship": "Inner", "Scan Direction": "Forward", "Index Name": "movie_id_movie_info_idx", "Relation Name": "movie_info_idx", "Alias": "mi_idx", "Startup Cost": 0.0, "Total Cost": 8.12, "Plan Rows": 2, "Plan Width": 8, "Actual Min Startup Time": 8.8, "Actual Max Startup Time": 8.8, "Actual Min Total Time": 9.763, "Actual Max Total Time": 9.763, "Actual Total Rows": 2645, "Index Cond": "(movie_id = t.id)", "Rows Removed by Index Recheck": 0}]}]}]}, {"Node Type": "Index Scan", "Parent Relationship": "Inner", "Scan Direction": "Forward", "Index Name": "movie_id_movie_companies", "Relation Name": "movie_companies", "Alias": "mc", "Startup Cost": 0.0, "Total Cost": 0.36, "Plan Rows": 2, "Plan Width": 12, "Actual Min Startup Time": 0.024, "Actual Max Startup Time": 0.024, "Actual Min Total Time": 0.04, "Actual Max Total Time": 0.04, "Actual Total Rows": 33, "Index Cond": "(movie_id = mi_idx.movie_id)", "Rows Removed by Index Recheck": 0}]}, {"Node Type": "Index Scan", "Parent Relationship": "Inner", "Scan Direction": "Forward", "Index Name": "movie_id_movie_info", "Relation Name": "movie_info", "Alias": "mi", "Startup Cost": 0.0, "Total Cost": 0.66, "Plan Rows": 5, "Plan Width": 50, "Actual Min Startup Time": 0.491, "Actual Max Startup Time": 0.491, "Actual Min Total Time": 2.431, "Actual Max Total Time": 2.431, "Actual Total Rows": 4959, "Index Cond": "(movie_id = mc.movie_id)", "Rows Removed by Index Recheck": 0}]}]}, {"Node Type": "Index Scan", "Parent Relationship": "Inner", "Scan Direction": "Forward", "Index Name": "company_name_pkey", "Relation Name": "company_name", "Alias": "cn", "Startup Cost": 0.0, "Total Cost": 0.28, "Plan Rows": 1, "Plan Width": 4, "Actual Min Startup Time": 0.171, "Actual Max Startup Time": 0.171, "Actual Min Total Time": 0.171, "Actual Max Total Time": 0.171, "Actual Total Rows": 10, "Index Cond": "(id = mc.company_id)", "Rows Removed by Index Recheck": 0, "Filter": "((country_code)::text = '[us]'::text)", "Rows Removed by Filter": 23}]}, {"Node Type": "Index Scan", "Parent Relationship": "Inner", "Scan Direction": "Forward", "Index Name": "company_type_pkey", "Relation Name": "company_type", "Alias": "ct", "Startup Cost": 0.0, "Total Cost": 0.28, "Plan Rows": 1, "Plan Width": 4, "Actual Min Startup Time": 0.021, "Actual Max Startup Time": 0.021, "Actual Min Total Time": 0.021, "Actual Max Total Time": 0.021, "Actual Total Rows": 5, "Index Cond": "(id = mc.company_type_id)", "Rows Removed by Index Recheck": 0, "Filter": "((kind IS NOT NULL) AND (((kind)::text = 'production companies'::text) OR ((kind)::text = 'distributors'::text)))", "Rows Removed by Filter": 0}]}]}, "Triggers": [], "Planner Runtime": 22.219, "Total Runtime": 112.631, "Unique SQL Id": 1682224415}}, "(16, 117)": {"explain_plan": {"Plan": {"Node Type": "Aggregate", "Strategy": "Plain", "Startup Cost": 105032.63, "Total Cost": 105032.64, "Plan Rows": 1, "Plan Width": 123, "Plans": [{"Node Type": "Nested Loop", "Parent Relationship": "Outer", "Join Type": "Inner", "Startup Cost": 0.0, "Total Cost": 105032.61, "Plan Rows": 4, "Plan Width": 59, "Inner Unique": true, "Plans": [{"Node Type": "Nested Loop", "Parent Relationship": "Outer", "Join Type": "Inner", "Startup Cost": 0.0, "Total Cost": 105031.47, "Plan Rows": 4, "Plan Width": 63, "Inner Unique": true, "Plans": [{"Node Type": "Nested Loop", "Parent Relationship": "Outer", "Join Type": "Inner", "Startup Cost": 0.0, "Total Cost": 105030.03, "Plan Rows": 5, "Plan Width": 67, "Inner Unique": false, "Join Filter": "(mi.info_type_id = it1.id)", "Plans": [{"Node Type": "Index Scan", "Parent Relationship": "Outer", "Scan Direction": "Forward", "Index Name": "info_type_pkey", "Relation Name": "info_type", "Alias": "it1", "Startup Cost": 0.0, "Total Cost": 14.21, "Plan Rows": 1, "Plan Width": 4, "Filter": "((info)::text = 'budget'::text)"}, {"Node Type": "Nested Loop", "Parent Relationship": "Inner", "Join Type": "Inner", "Startup Cost": 0.0, "Total Cost": 105001.79, "Plan Rows": 1122, "Plan Width": 71, "Inner Unique": false, "Join Filter": "(t.id = mi.movie_id)", "Plans": [{"Node Type": "Nested Loop", "Parent Relationship": "Outer", "Join Type": "Inner", "Startup Cost": 0.0, "Total Cost": 104849.13, "Plan Rows": 210, "Plan Width": 37, "Inner Unique": false, "Join Filter": "(t.id = mc.movie_id)", "Plans": [{"Node Type": "Nested Loop", "Parent Relationship": "Outer", "Join Type": "Inner", "Startup Cost": 0.0, "Total Cost": 104728.36, "Plan Rows": 311, "Plan Width": 25, "Inner Unique": false, "Join Filter": "(mi_idx.info_type_id = it2.id)", "Plans": [{"Node Type": "Index Scan", "Parent Relationship": "Outer", "Scan Direction": "Forward", "Index Name": "info_type_pkey", "Relation Name": "info_type", "Alias": "it2", "Startup Cost": 0.0, "Total Cost": 14.21, "Plan Rows": 1, "Plan Width": 4, "Filter": "((info)::text = 'bottom 10 rank'::text)"}, {"Node Type": "Materialize", "Parent Relationship": "Inner", "Startup Cost": 0.0, "Total Cost": 104710.19, "Plan Rows": 396, "Plan Width": 29, "Plans": [{"Node Type": "Nested Loop", "Parent Relationship": "Outer", "Join Type": "Inner", "Startup Cost": 0.0, "Total Cost": 104709.2, "Plan Rows": 396, "Plan Width": 29, "Inner Unique": false, "Plans": [{"Node Type": "Streaming(type: LOCAL GATHER dop: 1/16)", "Parent Relationship": "Outer", "Startup Cost": 0.0, "Total Cost": 102608.29, "Plan Rows": 258, "Plan Width": 21, "Plans": [{"Node Type": "Index Scan", "Parent Relationship": "Outer", "Scan Direction": "Forward", "Index Name": "title_pkey", "Relation Name": "title", "Alias": "t", "Startup Cost": 0.0, "Total Cost": 102602.72, "Plan Rows": 258, "Plan Width": 21, "Filter": "((production_year > 2000) AND (((title)::text ~~ 'Birdemic%'::text) OR ((title)::text ~~ '%Movie%'::text)))"}]}, {"Node Type": "Index Scan", "Parent Relationship": "Inner", "Scan Direction": "Forward", "Index Name": "movie_id_movie_info_idx", "Relation Name": "movie_info_idx", "Alias": "mi_idx", "Startup Cost": 0.0, "Total Cost": 8.12, "Plan Rows": 2, "Plan Width": 8, "Index Cond": "(movie_id = t.id)"}]}]}]}, {"Node Type": "Index Scan", "Parent Relationship": "Inner", "Scan Direction": "Forward", "Index Name": "movie_id_movie_companies", "Relation Name": "movie_companies", "Alias": "mc", "Startup Cost": 0.0, "Total Cost": 0.36, "Plan Rows": 2, "Plan Width": 12, "Index Cond": "(movie_id = mi_idx.movie_id)"}]}, {"Node Type": "Index Scan", "Parent Relationship": "Inner", "Scan Direction": "Forward", "Index Name": "movie_id_movie_info", "Relation Name": "movie_info", "Alias": "mi", "Startup Cost": 0.0, "Total Cost": 0.66, "Plan Rows": 5, "Plan Width": 50, "Index Cond": "(movie_id = mc.movie_id)"}]}]}, {"Node Type": "Index Scan", "Parent Relationship": "Inner", "Scan Direction": "Forward", "Index Name": "company_name_pkey", "Relation Name": "company_name", "Alias": "cn", "Startup Cost": 0.0, "Total Cost": 0.28, "Plan Rows": 1, "Plan Width": 4, "Index Cond": "(id = mc.company_id)", "Filter": "((country_code)::text = '[us]'::text)"}]}, {"Node Type": "Index Scan", "Parent Relationship": "Inner", "Scan Direction": "Forward", "Index Name": "company_type_pkey", "Relation Name": "company_type", "Alias": "ct", "Startup Cost": 0.0, "Total Cost": 0.28, "Plan Rows": 1, "Plan Width": 4, "Index Cond": "(id = mc.company_type_id)", "Filter": "((kind IS NOT NULL) AND (((kind)::text = 'production companies'::text) OR ((kind)::text = 'distributors'::text)))"}]}]}, "Unique SQL Id": 1682224415}, "explain_analyze_plan": {"Plan": {"Node Type": "Aggregate", "Strategy": "Plain", "Startup Cost": 105032.63, "Total Cost": 105032.64, "Plan Rows": 1, "Plan Width": 123, "Actual Min Startup Time": 288.744, "Actual Max Startup Time": 288.744, "Actual Min Total Time": 288.744, "Actual Max Total Time": 288.744, "Actual Total Rows": 1, "Plans": [{"Node Type": "Nested Loop", "Parent Relationship": "Outer", "Join Type": "Inner", "Startup Cost": 0.0, "Total Cost": 105032.61, "Plan Rows": 4, "Plan Width": 59, "Actual Min Startup Time": 287.379, "Actual Max Startup Time": 287.379, "Actual Min Total Time": 288.702, "Actual Max Total Time": 288.702, "Actual Total Rows": 5, "Inner Unique": true, "Plans": [{"Node Type": "Nested Loop", "Parent Relationship": "Outer", "Join Type": "Inner", "Startup Cost": 0.0, "Total Cost": 105031.47, "Plan Rows": 4, "Plan Width": 63, "Actual Min Startup Time": 284.536, "Actual Max Startup Time": 284.536, "Actual Min Total Time": 288.667, "Actual Max Total Time": 288.667, "Actual Total Rows": 10, "Inner Unique": true, "Plans": [{"Node Type": "Nested Loop", "Parent Relationship": "Outer", "Join Type": "Inner", "Startup Cost": 0.0, "Total Cost": 105030.03, "Plan Rows": 5, "Plan Width": 67, "Actual Min Startup Time": 283.152, "Actual Max Startup Time": 283.152, "Actual Min Total Time": 288.453, "Actual Max Total Time": 288.453, "Actual Total Rows": 33, "Inner Unique": false, "Join Filter": "(mi.info_type_id = it1.id)", "Rows Removed by Join Filter": 4926, "Plans": [{"Node Type": "Index Scan", "Parent Relationship": "Outer", "Scan Direction": "Forward", "Index Name": "info_type_pkey", "Relation Name": "info_type", "Alias": "it1", "Startup Cost": 0.0, "Total Cost": 14.21, "Plan Rows": 1, "Plan Width": 4, "Actual Min Startup Time": 0.109, "Actual Max Startup Time": 0.109, "Actual Min Total Time": 0.116, "Actual Max Total Time": 0.116, "Actual Total Rows": 1, "Filter": "((info)::text = 'budget'::text)", "Rows Removed by Filter": 111}, {"Node Type": "Nested Loop", "Parent Relationship": "Inner", "Join Type": "Inner", "Startup Cost": 0.0, "Total Cost": 105001.79, "Plan Rows": 1122, "Plan Width": 71, "Actual Min Startup Time": 282.882, "Actual Max Startup Time": 282.882, "Actual Min Total Time": 287.361, "Actual Max Total Time": 287.361, "Actual Total Rows": 4959, "Inner Unique": false, "Join Filter": "(t.id = mi.movie_id)", "Rows Removed by Join Filter": 0, "Plans": [{"Node Type": "Nested Loop", "Parent Relationship": "Outer", "Join Type": "Inner", "Startup Cost": 0.0, "Total Cost": 104849.13, "Plan Rows": 210, "Plan Width": 37, "Actual Min Startup Time": 282.848, "Actual Max Startup Time": 282.848, "Actual Min Total Time": 283.245, "Actual Max Total Time": 283.245, "Actual Total Rows": 33, "Inner Unique": false, "Join Filter": "(t.id = mc.movie_id)", "Rows Removed by Join Filter": 0, "Plans": [{"Node Type": "Nested Loop", "Parent Relationship": "Outer", "Join Type": "Inner", "Startup Cost": 0.0, "Total Cost": 104728.36, "Plan Rows": 311, "Plan Width": 25, "Actual Min Startup Time": 282.824, "Actual Max Startup Time": 282.824, "Actual Min Total Time": 283.177, "Actual Max Total Time": 283.177, "Actual Total Rows": 2, "Inner Unique": false, "Join Filter": "(mi_idx.info_type_id = it2.id)", "Rows Removed by Join Filter": 2643, "Plans": [{"Node Type": "Index Scan", "Parent Relationship": "Outer", "Scan Direction": "Forward", "Index Name": "info_type_pkey", "Relation Name": "info_type", "Alias": "it2", "Startup Cost": 0.0, "Total Cost": 14.21, "Plan Rows": 1, "Plan Width": 4, "Actual Min Startup Time": 0.08, "Actual Max Startup Time": 0.08, "Actual Min Total Time": 0.08, "Actual Max Total Time": 0.08, "Actual Total Rows": 1, "Filter": "((info)::text = 'bottom 10 rank'::text)", "Rows Removed by Filter": 111}, {"Node Type": "Materialize", "Parent Relationship": "Inner", "Startup Cost": 0.0, "Total Cost": 104710.19, "Plan Rows": 396, "Plan Width": 29, "Actual Min Startup Time": 281.979, "Actual Max Startup Time": 281.979, "Actual Min Total Time": 282.441, "Actual Max Total Time": 282.441, "Actual Total Rows": 2646, "Plans": [{"Node Type": "Nested Loop", "Parent Relationship": "Outer", "Join Type": "Inner", "Startup Cost": 0.0, "Total Cost": 104709.2, "Plan Rows": 396, "Plan Width": 29, "Actual Min Startup Time": 81.307, "Actual Max Startup Time": 81.307, "Actual Min Total Time": 280.904, "Actual Max Total Time": 280.904, "Actual Total Rows": 2645, "Inner Unique": false, "Plans": [{"Node Type": "Streaming(type: LOCAL GATHER dop: 1/16)", "Parent Relationship": "Outer", "Startup Cost": 0.0, "Total Cost": 102608.29, "Plan Rows": 258, "Plan Width": 21, "Actual Min Startup Time": 81.253, "Actual Max Startup Time": 81.253, "Actual Min Total Time": 268.275, "Actual Max Total Time": 268.275, "Actual Total Rows": 2536, "Plans": [{"Node Type": "Index Scan", "Parent Relationship": "Outer", "Scan Direction": "Forward", "Index Name": "title_pkey", "Relation Name": "title", "Alias": "t", "Startup Cost": 0.0, "Total Cost": 102602.72, "Plan Rows": 258, "Plan Width": 21, "Actual Min Startup Time": 9.904, "Actual Max Startup Time": 25.069, "Actual Min Total Time": 238.632, "Actual Max Total Time": 275.078, "Actual Total Rows": 2536, "Filter": "((production_year > 2000) AND (((title)::text ~~ 'Birdemic%'::text) OR ((title)::text ~~ '%Movie%'::text)))", "Rows Removed by Filter": 2525775}]}, {"Node Type": "Index Scan", "Parent Relationship": "Inner", "Scan Direction": "Forward", "Index Name": "movie_id_movie_info_idx", "Relation Name": "movie_info_idx", "Alias": "mi_idx", "Startup Cost": 0.0, "Total Cost": 8.12, "Plan Rows": 2, "Plan Width": 8, "Actual Min Startup Time": 9.535, "Actual Max Startup Time": 9.535, "Actual Min Total Time": 10.518, "Actual Max Total Time": 10.518, "Actual Total Rows": 2645, "Index Cond": "(movie_id = t.id)", "Rows Removed by Index Recheck": 0}]}]}]}, {"Node Type": "Index Scan", "Parent Relationship": "Inner", "Scan Direction": "Forward", "Index Name": "movie_id_movie_companies", "Relation Name": "movie_companies", "Alias": "mc", "Startup Cost": 0.0, "Total Cost": 0.36, "Plan Rows": 2, "Plan Width": 12, "Actual Min Startup Time": 0.027, "Actual Max Startup Time": 0.027, "Actual Min Total Time": 0.048, "Actual Max Total Time": 0.048, "Actual Total Rows": 33, "Index Cond": "(movie_id = mi_idx.movie_id)", "Rows Removed by Index Recheck": 0}]}, {"Node Type": "Index Scan", "Parent Relationship": "Inner", "Scan Direction": "Forward", "Index Name": "movie_id_movie_info", "Relation Name": "movie_info", "Alias": "mi", "Startup Cost": 0.0, "Total Cost": 0.66, "Plan Rows": 5, "Plan Width": 50, "Actual Min Startup Time": 0.503, "Actual Max Startup Time": 0.503, "Actual Min Total Time": 2.531, "Actual Max Total Time": 2.531, "Actual Total Rows": 4959, "Index Cond": "(movie_id = mc.movie_id)", "Rows Removed by Index Recheck": 0}]}]}, {"Node Type": "Index Scan", "Parent Relationship": "Inner", "Scan Direction": "Forward", "Index Name": "company_name_pkey", "Relation Name": "company_name", "Alias": "cn", "Startup Cost": 0.0, "Total Cost": 0.28, "Plan Rows": 1, "Plan Width": 4, "Actual Min Startup Time": 0.191, "Actual Max Startup Time": 0.191, "Actual Min Total Time": 0.191, "Actual Max Total Time": 0.191, "Actual Total Rows": 10, "Index Cond": "(id = mc.company_id)", "Rows Removed by Index Recheck": 0, "Filter": "((country_code)::text = '[us]'::text)", "Rows Removed by Filter": 23}]}, {"Node Type": "Index Scan", "Parent Relationship": "Inner", "Scan Direction": "Forward", "Index Name": "company_type_pkey", "Relation Name": "company_type", "Alias": "ct", "Startup Cost": 0.0, "Total Cost": 0.28, "Plan Rows": 1, "Plan Width": 4, "Actual Min Startup Time": 0.024, "Actual Max Startup Time": 0.024, "Actual Min Total Time": 0.024, "Actual Max Total Time": 0.024, "Actual Total Rows": 5, "Index Cond": "(id = mc.company_type_id)", "Rows Removed by Index Recheck": 0, "Filter": "((kind IS NOT NULL) AND (((kind)::text = 'production companies'::text) OR ((kind)::text = 'distributors'::text)))", "Rows Removed by Filter": 0}]}]}, "Triggers": [], "Planner Runtime": 65.028, "Total Runtime": 291.894, "Unique SQL Id": 1682224415}}, "(16, 118)": {"explain_plan": {"Plan": {"Node Type": "Aggregate", "Strategy": "Plain", "Startup Cost": 24581.47, "Total Cost": 24581.48, "Plan Rows": 1, "Plan Width": 123, "Plans": [{"Node Type": "Nested Loop", "Parent Relationship": "Outer", "Join Type": "Inner", "Startup Cost": 5.15, "Total Cost": 24581.45, "Plan Rows": 4, "Plan Width": 59, "Inner Unique": true, "Join Filter": "(mc.company_type_id = ct.id)", "Plans": [{"Node Type": "Nested Loop", "Parent Relationship": "Outer", "Join Type": "Inner", "Startup Cost": 5.15, "Total Cost": 24580.28, "Plan Rows": 4, "Plan Width": 63, "Inner Unique": true, "Plans": [{"Node Type": "Nested Loop", "Parent Relationship": "Outer", "Join Type": "Inner", "Startup Cost": 4.89, "Total Cost": 24558.87, "Plan Rows": 5, "Plan Width": 67, "Inner Unique": false, "Join Filter": "(t.id = mc.movie_id)", "Plans": [{"Node Type": "Nested Loop", "Parent Relationship": "Outer", "Join Type": "Inner", "Startup Cost": 4.63, "Total Cost": 24524.32, "Plan Rows": 8, "Plan Width": 71, "Inner Unique": false, "Join Filter": "(mi.info_type_id = it1.id)", "Plans": [{"Node Type": "Seq Scan", "Parent Relationship": "Outer", "Relation Name": "info_type", "Alias": "it1", "Startup Cost": 0.0, "Total Cost": 2.4, "Plan Rows": 1, "Plan Width": 4, "Filter": "((info)::text = 'budget'::text)"}, {"Node Type": "Nested Loop", "Parent Relationship": "Inner", "Join Type": "Inner", "Startup Cost": 4.63, "Total Cost": 24501.18, "Plan Rows": 1659, "Plan Width": 75, "Inner Unique": false, "Join Filter": "(t.id = mi.movie_id)", "Plans": [{"Node Type": "Nested Loop", "Parent Relationship": "Outer", "Join Type": "Inner", "Startup Cost": 4.17, "Total Cost": 23077.28, "Plan Rows": 311, "Plan Width": 25, "Inner Unique": false, "Join Filter": "(mi_idx.info_type_id = it2.id)", "Plans": [{"Node Type": "Seq Scan", "Parent Relationship": "Outer", "Relation Name": "info_type", "Alias": "it2", "Startup Cost": 0.0, "Total Cost": 2.4, "Plan Rows": 1, "Plan Width": 4, "Filter": "((info)::text = 'bottom 10 rank'::text)"}, {"Node Type": "Materialize", "Parent Relationship": "Inner", "Startup Cost": 4.17, "Total Cost": 23070.92, "Plan Rows": 396, "Plan Width": 29, "Plans": [{"Node Type": "Nested Loop", "Parent Relationship": "Outer", "Join Type": "Inner", "Startup Cost": 4.17, "Total Cost": 23069.93, "Plan Rows": 396, "Plan Width": 29, "Inner Unique": false, "Plans": [{"Node Type": "Streaming(type: LOCAL GATHER dop: 1/16)", "Parent Relationship": "Outer", "Startup Cost": 0.0, "Total Cost": 19945.03, "Plan Rows": 258, "Plan Width": 21, "Plans": [{"Node Type": "Seq Scan", "Parent Relationship": "Outer", "Relation Name": "title", "Alias": "t", "Startup Cost": 0.0, "Total Cost": 19939.47, "Plan Rows": 258, "Plan Width": 21, "Filter": "((production_year > 2000) AND (((title)::text ~~ 'Birdemic%'::text) OR ((title)::text ~~ '%Movie%'::text)))"}]}, {"Node Type": "Bitmap Heap Scan", "Parent Relationship": "Inner", "Relation Name": "movie_info_idx", "Alias": "mi_idx", "Startup Cost": 4.17, "Total Cost": 12.09, "Plan Rows": 2, "Plan Width": 8, "Recheck Cond": "(movie_id = t.id)", "Plans": [{"Node Type": "Bitmap Index Scan", "Parent Relationship": "Outer", "Index Name": "movie_id_movie_info_idx", "Startup Cost": 0.0, "Total Cost": 4.17, "Plan Rows": 2, "Plan Width": 0, "Index Cond": "(movie_id = t.id)"}]}]}]}]}, {"Node Type": "Bitmap Heap Scan", "Parent Relationship": "Inner", "Relation Name": "movie_info", "Alias": "mi", "Startup Cost": 0.45, "Total Cost": 4.52, "Plan Rows": 5, "Plan Width": 50, "Recheck Cond": "(movie_id = mi_idx.movie_id)", "Plans": [{"Node Type": "Bitmap Index Scan", "Parent Relationship": "Outer", "Index Name": "movie_id_movie_info", "Startup Cost": 0.0, "Total Cost": 0.45, "Plan Rows": 5, "Plan Width": 0, "Index Cond": "(movie_id = mi_idx.movie_id)"}]}]}]}, {"Node Type": "Bitmap Heap Scan", "Parent Relationship": "Inner", "Relation Name": "movie_companies", "Alias": "mc", "Startup Cost": 0.27, "Total Cost": 4.29, "Plan Rows": 2, "Plan Width": 12, "Recheck Cond": "(movie_id = mi.movie_id)", "Plans": [{"Node Type": "Bitmap Index Scan", "Parent Relationship": "Outer", "Index Name": "movie_id_movie_companies", "Startup Cost": 0.0, "Total Cost": 0.27, "Plan Rows": 2, "Plan Width": 0, "Index Cond": "(movie_id = mi.movie_id)"}]}]}, {"Node Type": "Bitmap Heap Scan", "Parent Relationship": "Inner", "Relation Name": "company_name", "Alias": "cn", "Startup Cost": 0.26, "Total Cost": 4.27, "Plan Rows": 1, "Plan Width": 4, "Recheck Cond": "(id = mc.company_id)", "Filter": "((country_code)::text = '[us]'::text)", "Plans": [{"Node Type": "Bitmap Index Scan", "Parent Relationship": "Outer", "Index Name": "company_name_pkey", "Startup Cost": 0.0, "Total Cost": 0.26, "Plan Rows": 1, "Plan Width": 0, "Index Cond": "(id = mc.company_id)"}]}]}, {"Node Type": "Materialize", "Parent Relationship": "Inner", "Startup Cost": 0.0, "Total Cost": 1.05, "Plan Rows": 2, "Plan Width": 4, "Plans": [{"Node Type": "Seq Scan", "Parent Relationship": "Outer", "Relation Name": "company_type", "Alias": "ct", "Startup Cost": 0.0, "Total Cost": 1.04, "Plan Rows": 2, "Plan Width": 4, "Filter": "((kind IS NOT NULL) AND (((kind)::text = 'production companies'::text) OR ((kind)::text = 'distributors'::text)))"}]}]}]}, "Unique SQL Id": 1682224415}, "explain_analyze_plan": {"Plan": {"Node Type": "Aggregate", "Strategy": "Plain", "Startup Cost": 24581.47, "Total Cost": 24581.48, "Plan Rows": 1, "Plan Width": 123, "Actual Min Startup Time": 105.759, "Actual Max Startup Time": 105.759, "Actual Min Total Time": 105.76, "Actual Max Total Time": 105.76, "Actual Total Rows": 1, "Plans": [{"Node Type": "Nested Loop", "Parent Relationship": "Outer", "Join Type": "Inner", "Startup Cost": 5.15, "Total Cost": 24581.45, "Plan Rows": 4, "Plan Width": 59, "Actual Min Startup Time": 104.716, "Actual Max Startup Time": 104.716, "Actual Min Total Time": 105.731, "Actual Max Total Time": 105.731, "Actual Total Rows": 5, "Inner Unique": true, "Join Filter": "(mc.company_type_id = ct.id)", "Rows Removed by Join Filter": 5, "Plans": [{"Node Type": "Nested Loop", "Parent Relationship": "Outer", "Join Type": "Inner", "Startup Cost": 5.15, "Total Cost": 24580.28, "Plan Rows": 4, "Plan Width": 63, "Actual Min Startup Time": 104.557, "Actual Max Startup Time": 104.557, "Actual Min Total Time": 105.696, "Actual Max Total Time": 105.696, "Actual Total Rows": 10, "Inner Unique": true, "Plans": [{"Node Type": "Nested Loop", "Parent Relationship": "Outer", "Join Type": "Inner", "Startup Cost": 4.89, "Total Cost": 24558.87, "Plan Rows": 5, "Plan Width": 67, "Actual Min Startup Time": 104.46, "Actual Max Startup Time": 104.46, "Actual Min Total Time": 105.437, "Actual Max Total Time": 105.437, "Actual Total Rows": 33, "Inner Unique": false, "Join Filter": "(t.id = mc.movie_id)", "Rows Removed by Join Filter": 0, "Plans": [{"Node Type": "Nested Loop", "Parent Relationship": "Outer", "Join Type": "Inner", "Startup Cost": 4.63, "Total Cost": 24524.32, "Plan Rows": 8, "Plan Width": 71, "Actual Min Startup Time": 104.414, "Actual Max Startup Time": 104.414, "Actual Min Total Time": 105.351, "Actual Max Total Time": 105.351, "Actual Total Rows": 2, "Inner Unique": false, "Join Filter": "(mi.info_type_id = it1.id)", "Rows Removed by Join Filter": 219, "Plans": [{"Node Type": "Seq Scan", "Parent Relationship": "Outer", "Relation Name": "info_type", "Alias": "it1", "Startup Cost": 0.0, "Total Cost": 2.4, "Plan Rows": 1, "Plan Width": 4, "Actual Min Startup Time": 0.084, "Actual Max Startup Time": 0.084, "Actual Min Total Time": 0.093, "Actual Max Total Time": 0.093, "Actual Total Rows": 1, "Filter": "((info)::text = 'budget'::text)", "Rows Removed by Filter": 111}, {"Node Type": "Nested Loop", "Parent Relationship": "Inner", "Join Type": "Inner", "Startup Cost": 4.63, "Total Cost": 24501.18, "Plan Rows": 1659, "Plan Width": 75, "Actual Min Startup Time": 104.184, "Actual Max Startup Time": 104.184, "Actual Min Total Time": 105.162, "Actual Max Total Time": 105.162, "Actual Total Rows": 221, "Inner Unique": false, "Join Filter": "(t.id = mi.movie_id)", "Rows Removed by Join Filter": 0, "Plans": [{"Node Type": "Nested Loop", "Parent Relationship": "Outer", "Join Type": "Inner", "Startup Cost": 4.17, "Total Cost": 23077.28, "Plan Rows": 311, "Plan Width": 25, "Actual Min Startup Time": 104.135, "Actual Max Startup Time": 104.135, "Actual Min Total Time": 104.876, "Actual Max Total Time": 104.876, "Actual Total Rows": 2, "Inner Unique": false, "Join Filter": "(mi_idx.info_type_id = it2.id)", "Rows Removed by Join Filter": 2643, "Plans": [{"Node Type": "Seq Scan", "Parent Relationship": "Outer", "Relation Name": "info_type", "Alias": "it2", "Startup Cost": 0.0, "Total Cost": 2.4, "Plan Rows": 1, "Plan Width": 4, "Actual Min Startup Time": 0.074, "Actual Max Startup Time": 0.074, "Actual Min Total Time": 0.078, "Actual Max Total Time": 0.078, "Actual Total Rows": 1, "Filter": "((info)::text = 'bottom 10 rank'::text)", "Rows Removed by Filter": 111}, {"Node Type": "Materialize", "Parent Relationship": "Inner", "Startup Cost": 4.17, "Total Cost": 23070.92, "Plan Rows": 396, "Plan Width": 29, "Actual Min Startup Time": 103.932, "Actual Max Startup Time": 103.932, "Actual Min Total Time": 104.249, "Actual Max Total Time": 104.249, "Actual Total Rows": 2646, "Plans": [{"Node Type": "Nested Loop", "Parent Relationship": "Outer", "Join Type": "Inner", "Startup Cost": 4.17, "Total Cost": 23069.93, "Plan Rows": 396, "Plan Width": 29, "Actual Min Startup Time": 77.399, "Actual Max Startup Time": 77.399, "Actual Min Total Time": 103.094, "Actual Max Total Time": 103.094, "Actual Total Rows": 2645, "Inner Unique": false, "Plans": [{"Node Type": "Streaming(type: LOCAL GATHER dop: 1/16)", "Parent Relationship": "Outer", "Startup Cost": 0.0, "Total Cost": 19945.03, "Plan Rows": 258, "Plan Width": 21, "Actual Min Startup Time": 77.296, "Actual Max Startup Time": 77.296, "Actual Min Total Time": 88.217, "Actual Max Total Time": 88.217, "Actual Total Rows": 2536, "Plans": [{"Node Type": "Seq Scan", "Parent Relationship": "Outer", "Relation Name": "title", "Alias": "t", "Startup Cost": 0.0, "Total Cost": 19939.47, "Plan Rows": 258, "Plan Width": 21, "Actual Min Startup Time": 0.037, "Actual Max Startup Time": 5.358, "Actual Min Total Time": 79.922, "Actual Max Total Time": 84.145, "Actual Total Rows": 2536, "Filter": "((production_year > 2000) AND (((title)::text ~~ 'Birdemic%'::text) OR ((title)::text ~~ '%Movie%'::text)))", "Rows Removed by Filter": 2525775}]}, {"Node Type": "Bitmap Heap Scan", "Parent Relationship": "Inner", "Relation Name": "movie_info_idx", "Alias": "mi_idx", "Startup Cost": 4.17, "Total Cost": 12.09, "Plan Rows": 2, "Plan Width": 8, "Actual Min Startup Time": 11.145, "Actual Max Startup Time": 11.145, "Actual Min Total Time": 11.529, "Actual Max Total Time": 11.529, "Actual Total Rows": 2645, "Recheck Cond": "(movie_id = t.id)", "Rows Removed by Index Recheck": 0, "Exact Heap Blocks": 890, "Lossy Heap Blocks": 890, "Plans": [{"Node Type": "Bitmap Index Scan", "Parent Relationship": "Outer", "Index Name": "movie_id_movie_info_idx", "Startup Cost": 0.0, "Total Cost": 4.17, "Plan Rows": 2, "Plan Width": 0, "Actual Min Startup Time": 8.237, "Actual Max Startup Time": 8.237, "Actual Min Total Time": 8.237, "Actual Max Total Time": 8.237, "Actual Total Rows": 2645, "Index Cond": "(movie_id = t.id)"}]}]}]}]}, {"Node Type": "Bitmap Heap Scan", "Parent Relationship": "Inner", "Relation Name": "movie_info", "Alias": "mi", "Startup Cost": 0.45, "Total Cost": 4.52, "Plan Rows": 5, "Plan Width": 50, "Actual Min Startup Time": 0.062, "Actual Max Startup Time": 0.062, "Actual Min Total Time": 0.195, "Actual Max Total Time": 0.195, "Actual Total Rows": 221, "Recheck Cond": "(movie_id = mi_idx.movie_id)", "Rows Removed by Index Recheck": 0, "Exact Heap Blocks": 40, "Lossy Heap Blocks": 40, "Plans": [{"Node Type": "Bitmap Index Scan", "Parent Relationship": "Outer", "Index Name": "movie_id_movie_info", "Startup Cost": 0.0, "Total Cost": 0.45, "Plan Rows": 5, "Plan Width": 0, "Actual Min Startup Time": 0.044, "Actual Max Startup Time": 0.044, "Actual Min Total Time": 0.044, "Actual Max Total Time": 0.044, "Actual Total Rows": 221, "Index Cond": "(movie_id = mi_idx.movie_id)"}]}]}]}, {"Node Type": "Bitmap Heap Scan", "Parent Relationship": "Inner", "Relation Name": "movie_companies", "Alias": "mc", "Startup Cost": 0.27, "Total Cost": 4.29, "Plan Rows": 2, "Plan Width": 12, "Actual Min Startup Time": 0.05, "Actual Max Startup Time": 0.05, "Actual Min Total Time": 0.061, "Actual Max Total Time": 0.061, "Actual Total Rows": 33, "Recheck Cond": "(movie_id = mi.movie_id)", "Rows Removed by Index Recheck": 0, "Exact Heap Blocks": 4, "Lossy Heap Blocks": 4, "Plans": [{"Node Type": "Bitmap Index Scan", "Parent Relationship": "Outer", "Index Name": "movie_id_movie_companies", "Startup Cost": 0.0, "Total Cost": 0.27, "Plan Rows": 2, "Plan Width": 0, "Actual Min Startup Time": 0.02, "Actual Max Startup Time": 0.02, "Actual Min Total Time": 0.02, "Actual Max Total Time": 0.02, "Actual Total Rows": 33, "Index Cond": "(movie_id = mi.movie_id)"}]}]}, {"Node Type": "Bitmap Heap Scan", "Parent Relationship": "Inner", "Relation Name": "company_name", "Alias": "cn", "Startup Cost": 0.26, "Total Cost": 4.27, "Plan Rows": 1, "Plan Width": 4, "Actual Min Startup Time": 0.217, "Actual Max Startup Time": 0.217, "Actual Min Total Time": 0.217, "Actual Max Total Time": 0.217, "Actual Total Rows": 10, "Recheck Cond": "(id = mc.company_id)", "Rows Removed by Index Recheck": 0, "Filter": "((country_code)::text = '[us]'::text)", "Rows Removed by Filter": 23, "Exact Heap Blocks": 33, "Lossy Heap Blocks": 33, "Plans": [{"Node Type": "Bitmap Index Scan", "Parent Relationship": "Outer", "Index Name": "company_name_pkey", "Startup Cost": 0.0, "Total Cost": 0.26, "Plan Rows": 1, "Plan Width": 0, "Actual Min Startup Time": 0.117, "Actual Max Startup Time": 0.117, "Actual Min Total Time": 0.117, "Actual Max Total Time": 0.117, "Actual Total Rows": 33, "Index Cond": "(id = mc.company_id)"}]}]}, {"Node Type": "Materialize", "Parent Relationship": "Inner", "Startup Cost": 0.0, "Total Cost": 1.05, "Plan Rows": 2, "Plan Width": 4, "Actual Min Startup Time": 0.02, "Actual Max Startup Time": 0.02, "Actual Min Total Time": 0.025, "Actual Max Total Time": 0.025, "Actual Total Rows": 10, "Plans": [{"Node Type": "Seq Scan", "Parent Relationship": "Outer", "Relation Name": "company_type", "Alias": "ct", "Startup Cost": 0.0, "Total Cost": 1.04, "Plan Rows": 2, "Plan Width": 4, "Actual Min Startup Time": 0.011, "Actual Max Startup Time": 0.011, "Actual Min Total Time": 0.016, "Actual Max Total Time": 0.016, "Actual Total Rows": 1, "Filter": "((kind IS NOT NULL) AND (((kind)::text = 'production companies'::text) OR ((kind)::text = 'distributors'::text)))", "Rows Removed by Filter": 2}]}]}]}, "Triggers": [], "Planner Runtime": 47.479, "Total Runtime": 108.532, "Unique SQL Id": 1682224415}}, "(16, 119)": {"explain_plan": {"Plan": {"Node Type": "Aggregate", "Strategy": "Plain", "Startup Cost": 134834.77, "Total Cost": 134834.78, "Plan Rows": 1, "Plan Width": 123, "Plans": [{"Node Type": "Nested Loop", "Parent Relationship": "Outer", "Join Type": "Inner", "Startup Cost": 49668.32, "Total Cost": 134834.75, "Plan Rows": 4, "Plan Width": 59, "Inner Unique": true, "Plans": [{"Node Type": "Nested Loop", "Parent Relationship": "Outer", "Join Type": "Inner", "Startup Cost": 49668.06, "Total Cost": 134817.61, "Plan Rows": 4, "Plan Width": 63, "Inner Unique": true, "Plans": [{"Node Type": "Nested Loop", "Parent Relationship": "Outer", "Join Type": "Inner", "Startup Cost": 49667.8, "Total Cost": 134796.19, "Plan Rows": 5, "Plan Width": 67, "Inner Unique": true, "Plans": [{"Node Type": "Nested Loop", "Parent Relationship": "Outer", "Join Type": "Inner", "Startup Cost": 49667.54, "Total Cost": 134517.81, "Plan Rows": 65, "Plan Width": 71, "Inner Unique": false, "Join Filter": "(t.id = mi_idx.movie_id)", "Plans": [{"Node Type": "Nested Loop", "Parent Relationship": "Outer", "Join Type": "Inner", "Startup Cost": 49667.27, "Total Cost": 134336.51, "Plan Rows": 42, "Plan Width": 79, "Inner Unique": false, "Join Filter": "(mi.info_type_id = it1.id)", "Plans": [{"Node Type": "Bitmap Heap Scan", "Parent Relationship": "Outer", "Relation Name": "info_type", "Alias": "it1", "Startup Cost": 8.81, "Total Cost": 14.21, "Plan Rows": 1, "Plan Width": 4, "Filter": "((info)::text = 'budget'::text)", "Plans": [{"Node Type": "Bitmap Index Scan", "Parent Relationship": "Outer", "Index Name": "info_type_pkey", "Startup Cost": 0.0, "Total Cost": 8.81, "Plan Rows": 112, "Plan Width": 0}]}, {"Node Type": "Nested Loop", "Parent Relationship": "Inner", "Join Type": "Inner", "Startup Cost": 49658.46, "Total Cost": 134284.94, "Plan Rows": 2989, "Plan Width": 83, "Inner Unique": false, "Join Filter": "(t.id = mi.movie_id)", "Plans": [{"Node Type": "Nested Loop", "Parent Relationship": "Outer", "Join Type": "Inner", "Startup Cost": 49658.09, "Total Cost": 131831.96, "Plan Rows": 545, "Plan Width": 33, "Inner Unique": false, "Plans": [{"Node Type": "Bitmap Heap Scan", "Parent Relationship": "Outer", "Relation Name": "title", "Alias": "t", "Startup Cost": 49653.87, "Total Cost": 128685.31, "Plan Rows": 258, "Plan Width": 21, "Filter": "((production_year > 2000) AND (((title)::text ~~ 'Birdemic%'::text) OR ((title)::text ~~ '%Movie%'::text)))", "Plans": [{"Node Type": "Bitmap Index Scan", "Parent Relationship": "Outer", "Index Name": "title_pkey", "Startup Cost": 0.0, "Total Cost": 49653.81, "Plan Rows": 2528311, "Plan Width": 0}]}, {"Node Type": "Bitmap Heap Scan", "Parent Relationship": "Inner", "Relation Name": "movie_companies", "Alias": "mc", "Startup Cost": 4.22, "Total Cost": 12.18, "Plan Rows": 2, "Plan Width": 12, "Recheck Cond": "(movie_id = t.id)", "Plans": [{"Node Type": "Bitmap Index Scan", "Parent Relationship": "Outer", "Index Name": "movie_id_movie_companies", "Startup Cost": 0.0, "Total Cost": 4.22, "Plan Rows": 2, "Plan Width": 0, "Index Cond": "(movie_id = t.id)"}]}]}, {"Node Type": "Bitmap Heap Scan", "Parent Relationship": "Inner", "Relation Name": "movie_info", "Alias": "mi", "Startup Cost": 0.38, "Total Cost": 4.44, "Plan Rows": 5, "Plan Width": 50, "Recheck Cond": "(movie_id = mc.movie_id)", "Plans": [{"Node Type": "Bitmap Index Scan", "Parent Relationship": "Outer", "Index Name": "movie_id_movie_info", "Startup Cost": 0.0, "Total Cost": 0.37, "Plan Rows": 5, "Plan Width": 0, "Index Cond": "(movie_id = mc.movie_id)"}]}]}]}, {"Node Type": "Bitmap Heap Scan", "Parent Relationship": "Inner", "Relation Name": "movie_info_idx", "Alias": "mi_idx", "Startup Cost": 0.27, "Total Cost": 4.29, "Plan Rows": 2, "Plan Width": 8, "Recheck Cond": "(movie_id = mi.movie_id)", "Plans": [{"Node Type": "Bitmap Index Scan", "Parent Relationship": "Outer", "Index Name": "movie_id_movie_info_idx", "Startup Cost": 0.0, "Total Cost": 0.27, "Plan Rows": 2, "Plan Width": 0, "Index Cond": "(movie_id = mi.movie_id)"}]}]}, {"Node Type": "Bitmap Heap Scan", "Parent Relationship": "Inner", "Relation Name": "info_type", "Alias": "it2", "Startup Cost": 0.26, "Total Cost": 4.27, "Plan Rows": 1, "Plan Width": 4, "Recheck Cond": "(id = mi_idx.info_type_id)", "Filter": "((info)::text = 'bottom 10 rank'::text)", "Plans": [{"Node Type": "Bitmap Index Scan", "Parent Relationship": "Outer", "Index Name": "info_type_pkey", "Startup Cost": 0.0, "Total Cost": 0.26, "Plan Rows": 1, "Plan Width": 0, "Index Cond": "(id = mi_idx.info_type_id)"}]}]}, {"Node Type": "Bitmap Heap Scan", "Parent Relationship": "Inner", "Relation Name": "company_name", "Alias": "cn", "Startup Cost": 0.26, "Total Cost": 4.27, "Plan Rows": 1, "Plan Width": 4, "Recheck Cond": "(id = mc.company_id)", "Filter": "((country_code)::text = '[us]'::text)", "Plans": [{"Node Type": "Bitmap Index Scan", "Parent Relationship": "Outer", "Index Name": "company_name_pkey", "Startup Cost": 0.0, "Total Cost": 0.26, "Plan Rows": 1, "Plan Width": 0, "Index Cond": "(id = mc.company_id)"}]}]}, {"Node Type": "Bitmap Heap Scan", "Parent Relationship": "Inner", "Relation Name": "company_type", "Alias": "ct", "Startup Cost": 0.26, "Total Cost": 4.28, "Plan Rows": 1, "Plan Width": 4, "Recheck Cond": "(id = mc.company_type_id)", "Filter": "((kind IS NOT NULL) AND (((kind)::text = 'production companies'::text) OR ((kind)::text = 'distributors'::text)))", "Plans": [{"Node Type": "Bitmap Index Scan", "Parent Relationship": "Outer", "Index Name": "company_type_pkey", "Startup Cost": 0.0, "Total Cost": 0.26, "Plan Rows": 1, "Plan Width": 0, "Index Cond": "(id = mc.company_type_id)"}]}]}]}, "Unique SQL Id": 1682224415}, "explain_analyze_plan": null}, "(16, 120)": {"explain_plan": {"Plan": {"Node Type": "Aggregate", "Strategy": "Plain", "Startup Cost": 22345.75, "Total Cost": 22345.76, "Plan Rows": 1, "Plan Width": 123, "Plans": [{"Node Type": "Nested Loop", "Parent Relationship": "Outer", "Join Type": "Inner", "Startup Cost": 0.0, "Total Cost": 22345.73, "Plan Rows": 4, "Plan Width": 59, "Inner Unique": true, "Plans": [{"Node Type": "Nested Loop", "Parent Relationship": "Outer", "Join Type": "Inner", "Startup Cost": 0.0, "Total Cost": 22344.59, "Plan Rows": 4, "Plan Width": 63, "Inner Unique": true, "Plans": [{"Node Type": "Nested Loop", "Parent Relationship": "Outer", "Join Type": "Inner", "Startup Cost": 0.0, "Total Cost": 22343.15, "Plan Rows": 5, "Plan Width": 67, "Inner Unique": false, "Join Filter": "(mi.info_type_id = it1.id)", "Plans": [{"Node Type": "Seq Scan", "Parent Relationship": "Outer", "Relation Name": "info_type", "Alias": "it1", "Startup Cost": 0.0, "Total Cost": 2.4, "Plan Rows": 1, "Plan Width": 4, "Filter": "((info)::text = 'budget'::text)"}, {"Node Type": "Nested Loop", "Parent Relationship": "Inner", "Join Type": "Inner", "Startup Cost": 0.0, "Total Cost": 22326.73, "Plan Rows": 1122, "Plan Width": 71, "Inner Unique": false, "Join Filter": "(t.id = mi.movie_id)", "Plans": [{"Node Type": "Nested Loop", "Parent Relationship": "Outer", "Join Type": "Inner", "Startup Cost": 0.0, "Total Cost": 22174.07, "Plan Rows": 210, "Plan Width": 37, "Inner Unique": false, "Join Filter": "(t.id = mc.movie_id)", "Plans": [{"Node Type": "Nested Loop", "Parent Relationship": "Outer", "Join Type": "Inner", "Startup Cost": 0.0, "Total Cost": 22053.3, "Plan Rows": 311, "Plan Width": 25, "Inner Unique": false, "Join Filter": "(mi_idx.info_type_id = it2.id)", "Plans": [{"Node Type": "Seq Scan", "Parent Relationship": "Outer", "Relation Name": "info_type", "Alias": "it2", "Startup Cost": 0.0, "Total Cost": 2.4, "Plan Rows": 1, "Plan Width": 4, "Filter": "((info)::text = 'bottom 10 rank'::text)"}, {"Node Type": "Materialize", "Parent Relationship": "Inner", "Startup Cost": 0.0, "Total Cost": 22046.94, "Plan Rows": 396, "Plan Width": 29, "Plans": [{"Node Type": "Nested Loop", "Parent Relationship": "Outer", "Join Type": "Inner", "Startup Cost": 0.0, "Total Cost": 22045.95, "Plan Rows": 396, "Plan Width": 29, "Inner Unique": false, "Plans": [{"Node Type": "Streaming(type: LOCAL GATHER dop: 1/16)", "Parent Relationship": "Outer", "Startup Cost": 0.0, "Total Cost": 19945.03, "Plan Rows": 258, "Plan Width": 21, "Plans": [{"Node Type": "Seq Scan", "Parent Relationship": "Outer", "Relation Name": "title", "Alias": "t", "Startup Cost": 0.0, "Total Cost": 19939.47, "Plan Rows": 258, "Plan Width": 21, "Filter": "((production_year > 2000) AND (((title)::text ~~ 'Birdemic%'::text) OR ((title)::text ~~ '%Movie%'::text)))"}]}, {"Node Type": "Index Scan", "Parent Relationship": "Inner", "Scan Direction": "Forward", "Index Name": "movie_id_movie_info_idx", "Relation Name": "movie_info_idx", "Alias": "mi_idx", "Startup Cost": 0.0, "Total Cost": 8.12, "Plan Rows": 2, "Plan Width": 8, "Index Cond": "(movie_id = t.id)"}]}]}]}, {"Node Type": "Index Scan", "Parent Relationship": "Inner", "Scan Direction": "Forward", "Index Name": "movie_id_movie_companies", "Relation Name": "movie_companies", "Alias": "mc", "Startup Cost": 0.0, "Total Cost": 0.36, "Plan Rows": 2, "Plan Width": 12, "Index Cond": "(movie_id = mi_idx.movie_id)"}]}, {"Node Type": "Index Scan", "Parent Relationship": "Inner", "Scan Direction": "Forward", "Index Name": "movie_id_movie_info", "Relation Name": "movie_info", "Alias": "mi", "Startup Cost": 0.0, "Total Cost": 0.66, "Plan Rows": 5, "Plan Width": 50, "Index Cond": "(movie_id = mc.movie_id)"}]}]}, {"Node Type": "Index Scan", "Parent Relationship": "Inner", "Scan Direction": "Forward", "Index Name": "company_name_pkey", "Relation Name": "company_name", "Alias": "cn", "Startup Cost": 0.0, "Total Cost": 0.28, "Plan Rows": 1, "Plan Width": 4, "Index Cond": "(id = mc.company_id)", "Filter": "((country_code)::text = '[us]'::text)"}]}, {"Node Type": "Index Scan", "Parent Relationship": "Inner", "Scan Direction": "Forward", "Index Name": "company_type_pkey", "Relation Name": "company_type", "Alias": "ct", "Startup Cost": 0.0, "Total Cost": 0.28, "Plan Rows": 1, "Plan Width": 4, "Index Cond": "(id = mc.company_type_id)", "Filter": "((kind IS NOT NULL) AND (((kind)::text = 'production companies'::text) OR ((kind)::text = 'distributors'::text)))"}]}]}, "Unique SQL Id": 1682224415}, "explain_analyze_plan": {"Plan": {"Node Type": "Aggregate", "Strategy": "Plain", "Startup Cost": 22345.75, "Total Cost": 22345.76, "Plan Rows": 1, "Plan Width": 123, "Actual Min Startup Time": 109.506, "Actual Max Startup Time": 109.506, "Actual Min Total Time": 109.506, "Actual Max Total Time": 109.506, "Actual Total Rows": 1, "Plans": [{"Node Type": "Nested Loop", "Parent Relationship": "Outer", "Join Type": "Inner", "Startup Cost": 0.0, "Total Cost": 22345.73, "Plan Rows": 4, "Plan Width": 59, "Actual Min Startup Time": 107.8, "Actual Max Startup Time": 107.8, "Actual Min Total Time": 109.47, "Actual Max Total Time": 109.47, "Actual Total Rows": 5, "Inner Unique": true, "Plans": [{"Node Type": "Nested Loop", "Parent Relationship": "Outer", "Join Type": "Inner", "Startup Cost": 0.0, "Total Cost": 22344.59, "Plan Rows": 4, "Plan Width": 63, "Actual Min Startup Time": 104.97, "Actual Max Startup Time": 104.97, "Actual Min Total Time": 109.442, "Actual Max Total Time": 109.442, "Actual Total Rows": 10, "Inner Unique": true, "Plans": [{"Node Type": "Nested Loop", "Parent Relationship": "Outer", "Join Type": "Inner", "Startup Cost": 0.0, "Total Cost": 22343.15, "Plan Rows": 5, "Plan Width": 67, "Actual Min Startup Time": 103.615, "Actual Max Startup Time": 103.615, "Actual Min Total Time": 109.245, "Actual Max Total Time": 109.245, "Actual Total Rows": 33, "Inner Unique": false, "Join Filter": "(mi.info_type_id = it1.id)", "Rows Removed by Join Filter": 4926, "Plans": [{"Node Type": "Seq Scan", "Parent Relationship": "Outer", "Relation Name": "info_type", "Alias": "it1", "Startup Cost": 0.0, "Total Cost": 2.4, "Plan Rows": 1, "Plan Width": 4, "Actual Min Startup Time": 0.084, "Actual Max Startup Time": 0.084, "Actual Min Total Time": 0.092, "Actual Max Total Time": 0.092, "Actual Total Rows": 1, "Filter": "((info)::text = 'budget'::text)", "Rows Removed by Filter": 111}, {"Node Type": "Nested Loop", "Parent Relationship": "Inner", "Join Type": "Inner", "Startup Cost": 0.0, "Total Cost": 22326.73, "Plan Rows": 1122, "Plan Width": 71, "Actual Min Startup Time": 103.384, "Actual Max Startup Time": 103.384, "Actual Min Total Time": 108.147, "Actual Max Total Time": 108.147, "Actual Total Rows": 4959, "Inner Unique": false, "Join Filter": "(t.id = mi.movie_id)", "Rows Removed by Join Filter": 0, "Plans": [{"Node Type": "Nested Loop", "Parent Relationship": "Outer", "Join Type": "Inner", "Startup Cost": 0.0, "Total Cost": 22174.07, "Plan Rows": 210, "Plan Width": 37, "Actual Min Startup Time": 103.354, "Actual Max Startup Time": 103.354, "Actual Min Total Time": 104.141, "Actual Max Total Time": 104.141, "Actual Total Rows": 33, "Inner Unique": false, "Join Filter": "(t.id = mc.movie_id)", "Rows Removed by Join Filter": 0, "Plans": [{"Node Type": "Nested Loop", "Parent Relationship": "Outer", "Join Type": "Inner", "Startup Cost": 0.0, "Total Cost": 22053.3, "Plan Rows": 311, "Plan Width": 25, "Actual Min Startup Time": 103.33, "Actual Max Startup Time": 103.33, "Actual Min Total Time": 104.082, "Actual Max Total Time": 104.082, "Actual Total Rows": 2, "Inner Unique": false, "Join Filter": "(mi_idx.info_type_id = it2.id)", "Rows Removed by Join Filter": 2643, "Plans": [{"Node Type": "Seq Scan", "Parent Relationship": "Outer", "Relation Name": "info_type", "Alias": "it2", "Startup Cost": 0.0, "Total Cost": 2.4, "Plan Rows": 1, "Plan Width": 4, "Actual Min Startup Time": 0.075, "Actual Max Startup Time": 0.075, "Actual Min Total Time": 0.08, "Actual Max Total Time": 0.08, "Actual Total Rows": 1, "Filter": "((info)::text = 'bottom 10 rank'::text)", "Rows Removed by Filter": 111}, {"Node Type": "Materialize", "Parent Relationship": "Inner", "Startup Cost": 0.0, "Total Cost": 22046.94, "Plan Rows": 396, "Plan Width": 29, "Actual Min Startup Time": 103.112, "Actual Max Startup Time": 103.112, "Actual Min Total Time": 103.423, "Actual Max Total Time": 103.423, "Actual Total Rows": 2646, "Plans": [{"Node Type": "Nested Loop", "Parent Relationship": "Outer", "Join Type": "Inner", "Startup Cost": 0.0, "Total Cost": 22045.95, "Plan Rows": 396, "Plan Width": 29, "Actual Min Startup Time": 77.489, "Actual Max Startup Time": 77.489, "Actual Min Total Time": 102.25, "Actual Max Total Time": 102.25, "Actual Total Rows": 2645, "Inner Unique": false, "Plans": [{"Node Type": "Streaming(type: LOCAL GATHER dop: 1/16)", "Parent Relationship": "Outer", "Startup Cost": 0.0, "Total Cost": 19945.03, "Plan Rows": 258, "Plan Width": 21, "Actual Min Startup Time": 77.412, "Actual Max Startup Time": 77.412, "Actual Min Total Time": 90.685, "Actual Max Total Time": 90.685, "Actual Total Rows": 2536, "Plans": [{"Node Type": "Seq Scan", "Parent Relationship": "Outer", "Relation Name": "title", "Alias": "t", "Startup Cost": 0.0, "Total Cost": 19939.47, "Plan Rows": 258, "Plan Width": 21, "Actual Min Startup Time": 0.04, "Actual Max Startup Time": 5.381, "Actual Min Total Time": 79.981, "Actual Max Total Time": 84.188, "Actual Total Rows": 2536, "Filter": "((production_year > 2000) AND (((title)::text ~~ 'Birdemic%'::text) OR ((title)::text ~~ '%Movie%'::text)))", "Rows Removed by Filter": 2525775}]}, {"Node Type": "Index Scan", "Parent Relationship": "Inner", "Scan Direction": "Forward", "Index Name": "movie_id_movie_info_idx", "Relation Name": "movie_info_idx", "Alias": "mi_idx", "Startup Cost": 0.0, "Total Cost": 8.12, "Plan Rows": 2, "Plan Width": 8, "Actual Min Startup Time": 8.8, "Actual Max Startup Time": 8.8, "Actual Min Total Time": 9.763, "Actual Max Total Time": 9.763, "Actual Total Rows": 2645, "Index Cond": "(movie_id = t.id)", "Rows Removed by Index Recheck": 0}]}]}]}, {"Node Type": "Index Scan", "Parent Relationship": "Inner", "Scan Direction": "Forward", "Index Name": "movie_id_movie_companies", "Relation Name": "movie_companies", "Alias": "mc", "Startup Cost": 0.0, "Total Cost": 0.36, "Plan Rows": 2, "Plan Width": 12, "Actual Min Startup Time": 0.024, "Actual Max Startup Time": 0.024, "Actual Min Total Time": 0.04, "Actual Max Total Time": 0.04, "Actual Total Rows": 33, "Index Cond": "(movie_id = mi_idx.movie_id)", "Rows Removed by Index Recheck": 0}]}, {"Node Type": "Index Scan", "Parent Relationship": "Inner", "Scan Direction": "Forward", "Index Name": "movie_id_movie_info", "Relation Name": "movie_info", "Alias": "mi", "Startup Cost": 0.0, "Total Cost": 0.66, "Plan Rows": 5, "Plan Width": 50, "Actual Min Startup Time": 0.491, "Actual Max Startup Time": 0.491, "Actual Min Total Time": 2.431, "Actual Max Total Time": 2.431, "Actual Total Rows": 4959, "Index Cond": "(movie_id = mc.movie_id)", "Rows Removed by Index Recheck": 0}]}]}, {"Node Type": "Index Scan", "Parent Relationship": "Inner", "Scan Direction": "Forward", "Index Name": "company_name_pkey", "Relation Name": "company_name", "Alias": "cn", "Startup Cost": 0.0, "Total Cost": 0.28, "Plan Rows": 1, "Plan Width": 4, "Actual Min Startup Time": 0.171, "Actual Max Startup Time": 0.171, "Actual Min Total Time": 0.171, "Actual Max Total Time": 0.171, "Actual Total Rows": 10, "Index Cond": "(id = mc.company_id)", "Rows Removed by Index Recheck": 0, "Filter": "((country_code)::text = '[us]'::text)", "Rows Removed by Filter": 23}]}, {"Node Type": "Index Scan", "Parent Relationship": "Inner", "Scan Direction": "Forward", "Index Name": "company_type_pkey", "Relation Name": "company_type", "Alias": "ct", "Startup Cost": 0.0, "Total Cost": 0.28, "Plan Rows": 1, "Plan Width": 4, "Actual Min Startup Time": 0.021, "Actual Max Startup Time": 0.021, "Actual Min Total Time": 0.021, "Actual Max Total Time": 0.021, "Actual Total Rows": 5, "Index Cond": "(id = mc.company_type_id)", "Rows Removed by Index Recheck": 0, "Filter": "((kind IS NOT NULL) AND (((kind)::text = 'production companies'::text) OR ((kind)::text = 'distributors'::text)))", "Rows Removed by Filter": 0}]}]}, "Triggers": [], "Planner Runtime": 22.219, "Total Runtime": 112.631, "Unique SQL Id": 1682224415}}, "(16, 121)": {"explain_plan": {"Plan": {"Node Type": "Aggregate", "Strategy": "Plain", "Startup Cost": 105032.63, "Total Cost": 105032.64, "Plan Rows": 1, "Plan Width": 123, "Plans": [{"Node Type": "Nested Loop", "Parent Relationship": "Outer", "Join Type": "Inner", "Startup Cost": 0.0, "Total Cost": 105032.61, "Plan Rows": 4, "Plan Width": 59, "Inner Unique": true, "Plans": [{"Node Type": "Nested Loop", "Parent Relationship": "Outer", "Join Type": "Inner", "Startup Cost": 0.0, "Total Cost": 105031.47, "Plan Rows": 4, "Plan Width": 63, "Inner Unique": true, "Plans": [{"Node Type": "Nested Loop", "Parent Relationship": "Outer", "Join Type": "Inner", "Startup Cost": 0.0, "Total Cost": 105030.03, "Plan Rows": 5, "Plan Width": 67, "Inner Unique": false, "Join Filter": "(mi.info_type_id = it1.id)", "Plans": [{"Node Type": "Index Scan", "Parent Relationship": "Outer", "Scan Direction": "Forward", "Index Name": "info_type_pkey", "Relation Name": "info_type", "Alias": "it1", "Startup Cost": 0.0, "Total Cost": 14.21, "Plan Rows": 1, "Plan Width": 4, "Filter": "((info)::text = 'budget'::text)"}, {"Node Type": "Nested Loop", "Parent Relationship": "Inner", "Join Type": "Inner", "Startup Cost": 0.0, "Total Cost": 105001.79, "Plan Rows": 1122, "Plan Width": 71, "Inner Unique": false, "Join Filter": "(t.id = mi.movie_id)", "Plans": [{"Node Type": "Nested Loop", "Parent Relationship": "Outer", "Join Type": "Inner", "Startup Cost": 0.0, "Total Cost": 104849.13, "Plan Rows": 210, "Plan Width": 37, "Inner Unique": false, "Join Filter": "(t.id = mc.movie_id)", "Plans": [{"Node Type": "Nested Loop", "Parent Relationship": "Outer", "Join Type": "Inner", "Startup Cost": 0.0, "Total Cost": 104728.36, "Plan Rows": 311, "Plan Width": 25, "Inner Unique": false, "Join Filter": "(mi_idx.info_type_id = it2.id)", "Plans": [{"Node Type": "Index Scan", "Parent Relationship": "Outer", "Scan Direction": "Forward", "Index Name": "info_type_pkey", "Relation Name": "info_type", "Alias": "it2", "Startup Cost": 0.0, "Total Cost": 14.21, "Plan Rows": 1, "Plan Width": 4, "Filter": "((info)::text = 'bottom 10 rank'::text)"}, {"Node Type": "Materialize", "Parent Relationship": "Inner", "Startup Cost": 0.0, "Total Cost": 104710.19, "Plan Rows": 396, "Plan Width": 29, "Plans": [{"Node Type": "Nested Loop", "Parent Relationship": "Outer", "Join Type": "Inner", "Startup Cost": 0.0, "Total Cost": 104709.2, "Plan Rows": 396, "Plan Width": 29, "Inner Unique": false, "Plans": [{"Node Type": "Streaming(type: LOCAL GATHER dop: 1/16)", "Parent Relationship": "Outer", "Startup Cost": 0.0, "Total Cost": 102608.29, "Plan Rows": 258, "Plan Width": 21, "Plans": [{"Node Type": "Index Scan", "Parent Relationship": "Outer", "Scan Direction": "Forward", "Index Name": "title_pkey", "Relation Name": "title", "Alias": "t", "Startup Cost": 0.0, "Total Cost": 102602.72, "Plan Rows": 258, "Plan Width": 21, "Filter": "((production_year > 2000) AND (((title)::text ~~ 'Birdemic%'::text) OR ((title)::text ~~ '%Movie%'::text)))"}]}, {"Node Type": "Index Scan", "Parent Relationship": "Inner", "Scan Direction": "Forward", "Index Name": "movie_id_movie_info_idx", "Relation Name": "movie_info_idx", "Alias": "mi_idx", "Startup Cost": 0.0, "Total Cost": 8.12, "Plan Rows": 2, "Plan Width": 8, "Index Cond": "(movie_id = t.id)"}]}]}]}, {"Node Type": "Index Scan", "Parent Relationship": "Inner", "Scan Direction": "Forward", "Index Name": "movie_id_movie_companies", "Relation Name": "movie_companies", "Alias": "mc", "Startup Cost": 0.0, "Total Cost": 0.36, "Plan Rows": 2, "Plan Width": 12, "Index Cond": "(movie_id = mi_idx.movie_id)"}]}, {"Node Type": "Index Scan", "Parent Relationship": "Inner", "Scan Direction": "Forward", "Index Name": "movie_id_movie_info", "Relation Name": "movie_info", "Alias": "mi", "Startup Cost": 0.0, "Total Cost": 0.66, "Plan Rows": 5, "Plan Width": 50, "Index Cond": "(movie_id = mc.movie_id)"}]}]}, {"Node Type": "Index Scan", "Parent Relationship": "Inner", "Scan Direction": "Forward", "Index Name": "company_name_pkey", "Relation Name": "company_name", "Alias": "cn", "Startup Cost": 0.0, "Total Cost": 0.28, "Plan Rows": 1, "Plan Width": 4, "Index Cond": "(id = mc.company_id)", "Filter": "((country_code)::text = '[us]'::text)"}]}, {"Node Type": "Index Scan", "Parent Relationship": "Inner", "Scan Direction": "Forward", "Index Name": "company_type_pkey", "Relation Name": "company_type", "Alias": "ct", "Startup Cost": 0.0, "Total Cost": 0.28, "Plan Rows": 1, "Plan Width": 4, "Index Cond": "(id = mc.company_type_id)", "Filter": "((kind IS NOT NULL) AND (((kind)::text = 'production companies'::text) OR ((kind)::text = 'distributors'::text)))"}]}]}, "Unique SQL Id": 1682224415}, "explain_analyze_plan": {"Plan": {"Node Type": "Aggregate", "Strategy": "Plain", "Startup Cost": 105032.63, "Total Cost": 105032.64, "Plan Rows": 1, "Plan Width": 123, "Actual Min Startup Time": 288.744, "Actual Max Startup Time": 288.744, "Actual Min Total Time": 288.744, "Actual Max Total Time": 288.744, "Actual Total Rows": 1, "Plans": [{"Node Type": "Nested Loop", "Parent Relationship": "Outer", "Join Type": "Inner", "Startup Cost": 0.0, "Total Cost": 105032.61, "Plan Rows": 4, "Plan Width": 59, "Actual Min Startup Time": 287.379, "Actual Max Startup Time": 287.379, "Actual Min Total Time": 288.702, "Actual Max Total Time": 288.702, "Actual Total Rows": 5, "Inner Unique": true, "Plans": [{"Node Type": "Nested Loop", "Parent Relationship": "Outer", "Join Type": "Inner", "Startup Cost": 0.0, "Total Cost": 105031.47, "Plan Rows": 4, "Plan Width": 63, "Actual Min Startup Time": 284.536, "Actual Max Startup Time": 284.536, "Actual Min Total Time": 288.667, "Actual Max Total Time": 288.667, "Actual Total Rows": 10, "Inner Unique": true, "Plans": [{"Node Type": "Nested Loop", "Parent Relationship": "Outer", "Join Type": "Inner", "Startup Cost": 0.0, "Total Cost": 105030.03, "Plan Rows": 5, "Plan Width": 67, "Actual Min Startup Time": 283.152, "Actual Max Startup Time": 283.152, "Actual Min Total Time": 288.453, "Actual Max Total Time": 288.453, "Actual Total Rows": 33, "Inner Unique": false, "Join Filter": "(mi.info_type_id = it1.id)", "Rows Removed by Join Filter": 4926, "Plans": [{"Node Type": "Index Scan", "Parent Relationship": "Outer", "Scan Direction": "Forward", "Index Name": "info_type_pkey", "Relation Name": "info_type", "Alias": "it1", "Startup Cost": 0.0, "Total Cost": 14.21, "Plan Rows": 1, "Plan Width": 4, "Actual Min Startup Time": 0.109, "Actual Max Startup Time": 0.109, "Actual Min Total Time": 0.116, "Actual Max Total Time": 0.116, "Actual Total Rows": 1, "Filter": "((info)::text = 'budget'::text)", "Rows Removed by Filter": 111}, {"Node Type": "Nested Loop", "Parent Relationship": "Inner", "Join Type": "Inner", "Startup Cost": 0.0, "Total Cost": 105001.79, "Plan Rows": 1122, "Plan Width": 71, "Actual Min Startup Time": 282.882, "Actual Max Startup Time": 282.882, "Actual Min Total Time": 287.361, "Actual Max Total Time": 287.361, "Actual Total Rows": 4959, "Inner Unique": false, "Join Filter": "(t.id = mi.movie_id)", "Rows Removed by Join Filter": 0, "Plans": [{"Node Type": "Nested Loop", "Parent Relationship": "Outer", "Join Type": "Inner", "Startup Cost": 0.0, "Total Cost": 104849.13, "Plan Rows": 210, "Plan Width": 37, "Actual Min Startup Time": 282.848, "Actual Max Startup Time": 282.848, "Actual Min Total Time": 283.245, "Actual Max Total Time": 283.245, "Actual Total Rows": 33, "Inner Unique": false, "Join Filter": "(t.id = mc.movie_id)", "Rows Removed by Join Filter": 0, "Plans": [{"Node Type": "Nested Loop", "Parent Relationship": "Outer", "Join Type": "Inner", "Startup Cost": 0.0, "Total Cost": 104728.36, "Plan Rows": 311, "Plan Width": 25, "Actual Min Startup Time": 282.824, "Actual Max Startup Time": 282.824, "Actual Min Total Time": 283.177, "Actual Max Total Time": 283.177, "Actual Total Rows": 2, "Inner Unique": false, "Join Filter": "(mi_idx.info_type_id = it2.id)", "Rows Removed by Join Filter": 2643, "Plans": [{"Node Type": "Index Scan", "Parent Relationship": "Outer", "Scan Direction": "Forward", "Index Name": "info_type_pkey", "Relation Name": "info_type", "Alias": "it2", "Startup Cost": 0.0, "Total Cost": 14.21, "Plan Rows": 1, "Plan Width": 4, "Actual Min Startup Time": 0.08, "Actual Max Startup Time": 0.08, "Actual Min Total Time": 0.08, "Actual Max Total Time": 0.08, "Actual Total Rows": 1, "Filter": "((info)::text = 'bottom 10 rank'::text)", "Rows Removed by Filter": 111}, {"Node Type": "Materialize", "Parent Relationship": "Inner", "Startup Cost": 0.0, "Total Cost": 104710.19, "Plan Rows": 396, "Plan Width": 29, "Actual Min Startup Time": 281.979, "Actual Max Startup Time": 281.979, "Actual Min Total Time": 282.441, "Actual Max Total Time": 282.441, "Actual Total Rows": 2646, "Plans": [{"Node Type": "Nested Loop", "Parent Relationship": "Outer", "Join Type": "Inner", "Startup Cost": 0.0, "Total Cost": 104709.2, "Plan Rows": 396, "Plan Width": 29, "Actual Min Startup Time": 81.307, "Actual Max Startup Time": 81.307, "Actual Min Total Time": 280.904, "Actual Max Total Time": 280.904, "Actual Total Rows": 2645, "Inner Unique": false, "Plans": [{"Node Type": "Streaming(type: LOCAL GATHER dop: 1/16)", "Parent Relationship": "Outer", "Startup Cost": 0.0, "Total Cost": 102608.29, "Plan Rows": 258, "Plan Width": 21, "Actual Min Startup Time": 81.253, "Actual Max Startup Time": 81.253, "Actual Min Total Time": 268.275, "Actual Max Total Time": 268.275, "Actual Total Rows": 2536, "Plans": [{"Node Type": "Index Scan", "Parent Relationship": "Outer", "Scan Direction": "Forward", "Index Name": "title_pkey", "Relation Name": "title", "Alias": "t", "Startup Cost": 0.0, "Total Cost": 102602.72, "Plan Rows": 258, "Plan Width": 21, "Actual Min Startup Time": 9.904, "Actual Max Startup Time": 25.069, "Actual Min Total Time": 238.632, "Actual Max Total Time": 275.078, "Actual Total Rows": 2536, "Filter": "((production_year > 2000) AND (((title)::text ~~ 'Birdemic%'::text) OR ((title)::text ~~ '%Movie%'::text)))", "Rows Removed by Filter": 2525775}]}, {"Node Type": "Index Scan", "Parent Relationship": "Inner", "Scan Direction": "Forward", "Index Name": "movie_id_movie_info_idx", "Relation Name": "movie_info_idx", "Alias": "mi_idx", "Startup Cost": 0.0, "Total Cost": 8.12, "Plan Rows": 2, "Plan Width": 8, "Actual Min Startup Time": 9.535, "Actual Max Startup Time": 9.535, "Actual Min Total Time": 10.518, "Actual Max Total Time": 10.518, "Actual Total Rows": 2645, "Index Cond": "(movie_id = t.id)", "Rows Removed by Index Recheck": 0}]}]}]}, {"Node Type": "Index Scan", "Parent Relationship": "Inner", "Scan Direction": "Forward", "Index Name": "movie_id_movie_companies", "Relation Name": "movie_companies", "Alias": "mc", "Startup Cost": 0.0, "Total Cost": 0.36, "Plan Rows": 2, "Plan Width": 12, "Actual Min Startup Time": 0.027, "Actual Max Startup Time": 0.027, "Actual Min Total Time": 0.048, "Actual Max Total Time": 0.048, "Actual Total Rows": 33, "Index Cond": "(movie_id = mi_idx.movie_id)", "Rows Removed by Index Recheck": 0}]}, {"Node Type": "Index Scan", "Parent Relationship": "Inner", "Scan Direction": "Forward", "Index Name": "movie_id_movie_info", "Relation Name": "movie_info", "Alias": "mi", "Startup Cost": 0.0, "Total Cost": 0.66, "Plan Rows": 5, "Plan Width": 50, "Actual Min Startup Time": 0.503, "Actual Max Startup Time": 0.503, "Actual Min Total Time": 2.531, "Actual Max Total Time": 2.531, "Actual Total Rows": 4959, "Index Cond": "(movie_id = mc.movie_id)", "Rows Removed by Index Recheck": 0}]}]}, {"Node Type": "Index Scan", "Parent Relationship": "Inner", "Scan Direction": "Forward", "Index Name": "company_name_pkey", "Relation Name": "company_name", "Alias": "cn", "Startup Cost": 0.0, "Total Cost": 0.28, "Plan Rows": 1, "Plan Width": 4, "Actual Min Startup Time": 0.191, "Actual Max Startup Time": 0.191, "Actual Min Total Time": 0.191, "Actual Max Total Time": 0.191, "Actual Total Rows": 10, "Index Cond": "(id = mc.company_id)", "Rows Removed by Index Recheck": 0, "Filter": "((country_code)::text = '[us]'::text)", "Rows Removed by Filter": 23}]}, {"Node Type": "Index Scan", "Parent Relationship": "Inner", "Scan Direction": "Forward", "Index Name": "company_type_pkey", "Relation Name": "company_type", "Alias": "ct", "Startup Cost": 0.0, "Total Cost": 0.28, "Plan Rows": 1, "Plan Width": 4, "Actual Min Startup Time": 0.024, "Actual Max Startup Time": 0.024, "Actual Min Total Time": 0.024, "Actual Max Total Time": 0.024, "Actual Total Rows": 5, "Index Cond": "(id = mc.company_type_id)", "Rows Removed by Index Recheck": 0, "Filter": "((kind IS NOT NULL) AND (((kind)::text = 'production companies'::text) OR ((kind)::text = 'distributors'::text)))", "Rows Removed by Filter": 0}]}]}, "Triggers": [], "Planner Runtime": 65.028, "Total Runtime": 291.894, "Unique SQL Id": 1682224415}}, "(16, 122)": {"explain_plan": {"Plan": {"Node Type": "Aggregate", "Strategy": "Plain", "Startup Cost": 247687.29, "Total Cost": 247687.3, "Plan Rows": 1, "Plan Width": 123, "Plans": [{"Node Type": "Nested Loop", "Parent Relationship": "Outer", "Join Type": "Inner", "Startup Cost": 0.0, "Total Cost": 247687.27, "Plan Rows": 4, "Plan Width": 59, "Inner Unique": true, "Join Filter": "(mc.company_type_id = ct.id)", "Plans": [{"Node Type": "Nested Loop", "Parent Relationship": "Outer", "Join Type": "Inner", "Startup Cost": 0.0, "Total Cost": 247686.1, "Plan Rows": 4, "Plan Width": 63, "Inner Unique": false, "Join Filter": "(mc.company_id = cn.id)", "Plans": [{"Node Type": "Seq Scan", "Parent Relationship": "Outer", "Relation Name": "company_name", "Alias": "cn", "Startup Cost": 0.0, "Total Cost": 5903.45, "Plan Rows": 85170, "Plan Width": 4, "Filter": "((country_code)::text = '[us]'::text)"}, {"Node Type": "Materialize", "Parent Relationship": "Inner", "Startup Cost": 0.0, "Total Cost": 235394.91, "Plan Rows": 5, "Plan Width": 67, "Plans": [{"Node Type": "Streaming(type: LOCAL GATHER dop: 1/16)", "Parent Relationship": "Outer", "Startup Cost": 0.0, "Total Cost": 235394.89, "Plan Rows": 5, "Plan Width": 67, "Plans": [{"Node Type": "Nested Loop", "Parent Relationship": "Outer", "Join Type": "Inner", "Startup Cost": 0.0, "Total Cost": 235394.78, "Plan Rows": 5, "Plan Width": 67, "Inner Unique": false, "Join Filter": "(t.id = mc.movie_id)", "Plans": [{"Node Type": "Seq Scan", "Parent Relationship": "Outer", "Relation Name": "movie_companies", "Alias": "mc", "Startup Cost": 0.0, "Total Cost": 17613.58, "Plan Rows": 2609128, "Plan Width": 12}, {"Node Type": "Materialize", "Parent Relationship": "Inner", "Startup Cost": 0.0, "Total Cost": 198212.76, "Plan Rows": 128, "Plan Width": 71, "Plans": [{"Node Type": "Streaming(type: BROADCAST dop: 16/16)", "Parent Relationship": "Outer", "Startup Cost": 0.0, "Total Cost": 198212.72, "Plan Rows": 128, "Plan Width": 71, "Plans": [{"Node Type": "Nested Loop", "Parent Relationship": "Outer", "Join Type": "Inner", "Startup Cost": 0.0, "Total Cost": 183212.4, "Plan Rows": 8, "Plan Width": 71, "Inner Unique": false, "Join Filter": "(mi_idx.movie_id = t.id)", "Plans": [{"Node Type": "Streaming(type: LOCAL REDISTRIBUTE dop: 16/16)", "Parent Relationship": "Outer", "Startup Cost": 0.0, "Total Cost": 48655.3, "Plan Rows": 345008, "Plan Width": 4, "Plans": [{"Node Type": "Nested Loop", "Parent Relationship": "Outer", "Join Type": "Inner", "Startup Cost": 0.0, "Total Cost": 32348.04, "Plan Rows": 345008, "Plan Width": 4, "Inner Unique": false, "Join Filter": "(it2.id = mi_idx.info_type_id), (LLVM Optimized)", "Plans": [{"Node Type": "Streaming(type: BROADCAST dop: 16/1)", "Parent Relationship": "Outer", "Startup Cost": 0.0, "Total Cost": 15002.75, "Plan Rows": 16, "Plan Width": 4, "Plans": [{"Node Type": "Seq Scan", "Parent Relationship": "Outer", "Relation Name": "info_type", "Alias": "it2", "Startup Cost": 0.0, "Total Cost": 2.4, "Plan Rows": 1, "Plan Width": 4, "Filter": "((info)::text = 'bottom 10 rank'::text)"}]}, {"Node Type": "Seq Scan", "Parent Relationship": "Inner", "Relation Name": "movie_info_idx", "Alias": "mi_idx", "Startup Cost": 0.0, "Total Cost": 16267.15, "Plan Rows": 1380034, "Plan Width": 8}]}]}, {"Node Type": "Materialize", "Parent Relationship": "Inner", "Startup Cost": 0.0, "Total Cost": 129139.43, "Plan Rows": 268, "Plan Width": 67, "Plans": [{"Node Type": "Streaming(type: LOCAL REDISTRIBUTE dop: 16/16)", "Parent Relationship": "Outer", "Startup Cost": 0.0, "Total Cost": 129139.35, "Plan Rows": 268, "Plan Width": 67, "Plans": [{"Node Type": "Nested Loop", "Parent Relationship": "Outer", "Join Type": "Inner", "Startup Cost": 0.0, "Total Cost": 114138.33, "Plan Rows": 268, "Plan Width": 67, "Inner Unique": true, "Join Filter": "(mi.movie_id = t.id)", "Plans": [{"Node Type": "Streaming(type: LOCAL REDISTRIBUTE dop: 16/16)", "Parent Relationship": "Outer", "Startup Cost": 0.0, "Total Cost": 75986.54, "Plan Rows": 212428, "Plan Width": 46, "Plans": [{"Node Type": "Nested Loop", "Parent Relationship": "Outer", "Join Type": "Inner", "Startup Cost": 0.0, "Total Cost": 60181.64, "Plan Rows": 212428, "Plan Width": 46, "Inner Unique": false, "Join Filter": "(it1.id = mi.info_type_id), (LLVM Optimized)", "Plans": [{"Node Type": "Streaming(type: BROADCAST dop: 16/1)", "Parent Relationship": "Outer", "Startup Cost": 0.0, "Total Cost": 15002.75, "Plan Rows": 16, "Plan Width": 4, "Plans": [{"Node Type": "Seq Scan", "Parent Relationship": "Outer", "Relation Name": "info_type", "Alias": "it1", "Startup Cost": 0.0, "Total Cost": 2.4, "Plan Rows": 1, "Plan Width": 4, "Filter": "((info)::text = 'budget'::text)"}]}, {"Node Type": "Seq Scan", "Parent Relationship": "Inner", "Relation Name": "movie_info", "Alias": "mi", "Startup Cost": 0.0, "Total Cost": 33561.73, "Plan Rows": 14869966, "Plan Width": 50}]}]}, {"Node Type": "Materialize", "Parent Relationship": "Inner", "Startup Cost": 0.0, "Total Cost": 34940.52, "Plan Rows": 258, "Plan Width": 21, "Plans": [{"Node Type": "Streaming(type: LOCAL REDISTRIBUTE dop: 16/16)", "Parent Relationship": "Outer", "Startup Cost": 0.0, "Total Cost": 34940.44, "Plan Rows": 258, "Plan Width": 21, "Plans": [{"Node Type": "Seq Scan", "Parent Relationship": "Outer", "Relation Name": "title", "Alias": "t", "Startup Cost": 0.0, "Total Cost": 19939.47, "Plan Rows": 258, "Plan Width": 21, "Filter": "((production_year > 2000) AND (((title)::text ~~ 'Birdemic%'::text) OR ((title)::text ~~ '%Movie%'::text)))"}]}]}]}]}]}]}]}]}]}]}]}]}, {"Node Type": "Materialize", "Parent Relationship": "Inner", "Startup Cost": 0.0, "Total Cost": 1.05, "Plan Rows": 2, "Plan Width": 4, "Plans": [{"Node Type": "Seq Scan", "Parent Relationship": "Outer", "Relation Name": "company_type", "Alias": "ct", "Startup Cost": 0.0, "Total Cost": 1.04, "Plan Rows": 2, "Plan Width": 4, "Filter": "((kind IS NOT NULL) AND (((kind)::text = 'production companies'::text) OR ((kind)::text = 'distributors'::text)))"}]}]}]}, "Unique SQL Id": 1682224415}, "explain_analyze_plan": null}, "(16, 123)": {"explain_plan": {"Plan": {"Node Type": "Aggregate", "Strategy": "Plain", "Startup Cost": 8000134520134.75, "Total Cost": 8000134520134.76, "Plan Rows": 1, "Plan Width": 123, "Plans": [{"Node Type": "Nested Loop", "Parent Relationship": "Outer", "Join Type": "Inner", "Startup Cost": 80000000000.0, "Total Cost": 8000134520134.73, "Plan Rows": 4, "Plan Width": 59, "Inner Unique": true, "Join Filter": "(mc.company_type_id = ct.id)", "Plans": [{"Node Type": "Nested Loop", "Parent Relationship": "Outer", "Join Type": "Inner", "Startup Cost": 70000000000.0, "Total Cost": 7000134518903.61, "Plan Rows": 4, "Plan Width": 63, "Inner Unique": true, "Join Filter": "(mc.company_id = cn.id)", "Plans": [{"Node Type": "Nested Loop", "Parent Relationship": "Outer", "Join Type": "Inner", "Startup Cost": 60000000000.0, "Total Cost": 6000133462163.97, "Plan Rows": 5, "Plan Width": 67, "Inner Unique": false, "Join Filter": "(t.id = mc.movie_id)", "Plans": [{"Node Type": "Index Scan", "Parent Relationship": "Outer", "Scan Direction": "Forward", "Index Name": "company_type_id_movie_companies", "Relation Name": "movie_companies", "Alias": "mc", "Startup Cost": 10000000000.0, "Total Cost": 1000009318217.0, "Plan Rows": 2609128, "Plan Width": 12}, {"Node Type": "Materialize", "Parent Relationship": "Inner", "Startup Cost": 50000000000.0, "Total Cost": 5000123830851.63, "Plan Rows": 8, "Plan Width": 71, "Plans": [{"Node Type": "Nested Loop", "Parent Relationship": "Outer", "Join Type": "Inner", "Startup Cost": 50000000000.0, "Total Cost": 5000123830851.59, "Plan Rows": 8, "Plan Width": 71, "Inner Unique": false, "Join Filter": "(mi_idx.movie_id = t.id)", "Plans": [{"Node Type": "Nested Loop", "Parent Relationship": "Outer", "Join Type": "Inner", "Startup Cost": 20000000000.0, "Total Cost": 2000004672156.88, "Plan Rows": 345008, "Plan Width": 4, "Inner Unique": true, "Join Filter": "(it2.id = mi_idx.info_type_id), (LLVM Optimized)", "Plans": [{"Node Type": "Index Scan", "Parent Relationship": "Outer", "Scan Direction": "Forward", "Index Name": "movie_id_movie_info_idx", "Relation Name": "movie_info_idx", "Alias": "mi_idx", "Startup Cost": 10000000000.0, "Total Cost": 1000004650035.37, "Plan Rows": 1380034, "Plan Width": 8}, {"Node Type": "Materialize", "Parent Relationship": "Inner", "Startup Cost": 10000000000.0, "Total Cost": 1000000001421.0, "Plan Rows": 1, "Plan Width": 4, "Plans": [{"Node Type": "Index Scan", "Parent Relationship": "Outer", "Scan Direction": "Forward", "Index Name": "info_type_pkey", "Relation Name": "info_type", "Alias": "it2", "Startup Cost": 10000000000.0, "Total Cost": 1000000001421.0, "Plan Rows": 1, "Plan Width": 4, "Filter": "((info)::text = 'bottom 10 rank'::text)"}]}]}, {"Node Type": "Materialize", "Parent Relationship": "Inner", "Startup Cost": 30000000000.0, "Total Cost": 3000117771763.22, "Plan Rows": 268, "Plan Width": 67, "Plans": [{"Node Type": "Nested Loop", "Parent Relationship": "Outer", "Join Type": "Inner", "Startup Cost": 30000000000.0, "Total Cost": 3000117771761.88, "Plan Rows": 268, "Plan Width": 67, "Inner Unique": true, "Join Filter": "(mi.movie_id = t.id)", "Plans": [{"Node Type": "Nested Loop", "Parent Relationship": "Outer", "Join Type": "Inner", "Startup Cost": 20000000000.0, "Total Cost": 2000104041382.71, "Plan Rows": 212428, "Plan Width": 46, "Inner Unique": true, "Join Filter": "(it1.id = mi.info_type_id), (LLVM Optimized)", "Plans": [{"Node Type": "Index Scan", "Parent Relationship": "Outer", "Scan Direction": "Forward", "Index Name": "movie_id_movie_info", "Relation Name": "movie_info", "Alias": "mi", "Startup Cost": 10000000000.0, "Total Cost": 1000103816912.22, "Plan Rows": 14869966, "Plan Width": 50}, {"Node Type": "Materialize", "Parent Relationship": "Inner", "Startup Cost": 10000000000.0, "Total Cost": 1000000001421.0, "Plan Rows": 1, "Plan Width": 4, "Plans": [{"Node Type": "Index Scan", "Parent Relationship": "Outer", "Scan Direction": "Forward", "Index Name": "info_type_pkey", "Relation Name": "info_type", "Alias": "it1", "Startup Cost": 10000000000.0, "Total Cost": 1000000001421.0, "Plan Rows": 1, "Plan Width": 4, "Filter": "((info)::text = 'budget'::text)"}]}]}, {"Node Type": "Materialize", "Parent Relationship": "Inner", "Startup Cost": 10000000000.0, "Total Cost": 1000012908283.45, "Plan Rows": 258, "Plan Width": 21, "Plans": [{"Node Type": "Index Scan", "Parent Relationship": "Outer", "Scan Direction": "Forward", "Index Name": "title_pkey", "Relation Name": "title", "Alias": "t", "Startup Cost": 10000000000.0, "Total Cost": 1000012908282.16, "Plan Rows": 258, "Plan Width": 21, "Filter": "((production_year > 2000) AND (((title)::text ~~ 'Birdemic%'::text) OR ((title)::text ~~ '%Movie%'::text)))"}]}]}]}]}]}]}, {"Node Type": "Materialize", "Parent Relationship": "Inner", "Startup Cost": 10000000000.0, "Total Cost": 1000001050564.82, "Plan Rows": 85170, "Plan Width": 4, "Plans": [{"Node Type": "Index Scan", "Parent Relationship": "Outer", "Scan Direction": "Forward", "Index Name": "company_name_pkey", "Relation Name": "company_name", "Alias": "cn", "Startup Cost": 10000000000.0, "Total Cost": 1000001050138.97, "Plan Rows": 85170, "Plan Width": 4, "Filter": "((country_code)::text = '[us]'::text)"}]}]}, {"Node Type": "Materialize", "Parent Relationship": "Inner", "Startup Cost": 10000000000.0, "Total Cost": 1000000001231.01, "Plan Rows": 2, "Plan Width": 4, "Plans": [{"Node Type": "Index Scan", "Parent Relationship": "Outer", "Scan Direction": "Forward", "Index Name": "company_type_pkey", "Relation Name": "company_type", "Alias": "ct", "Startup Cost": 10000000000.0, "Total Cost": 1000000001231.0, "Plan Rows": 2, "Plan Width": 4, "Filter": "((kind IS NOT NULL) AND (((kind)::text = 'production companies'::text) OR ((kind)::text = 'distributors'::text)))"}]}]}]}, "Unique SQL Id": 1682224415}, "explain_analyze_plan": null}, "(16, 124)": {"explain_plan": {"Plan": {"Node Type": "Aggregate", "Strategy": "Plain", "Startup Cost": 22345.75, "Total Cost": 22345.76, "Plan Rows": 1, "Plan Width": 123, "Plans": [{"Node Type": "Nested Loop", "Parent Relationship": "Outer", "Join Type": "Inner", "Startup Cost": 0.0, "Total Cost": 22345.73, "Plan Rows": 4, "Plan Width": 59, "Inner Unique": true, "Plans": [{"Node Type": "Nested Loop", "Parent Relationship": "Outer", "Join Type": "Inner", "Startup Cost": 0.0, "Total Cost": 22344.59, "Plan Rows": 4, "Plan Width": 63, "Inner Unique": true, "Plans": [{"Node Type": "Nested Loop", "Parent Relationship": "Outer", "Join Type": "Inner", "Startup Cost": 0.0, "Total Cost": 22343.15, "Plan Rows": 5, "Plan Width": 67, "Inner Unique": false, "Join Filter": "(mi.info_type_id = it1.id)", "Plans": [{"Node Type": "Seq Scan", "Parent Relationship": "Outer", "Relation Name": "info_type", "Alias": "it1", "Startup Cost": 0.0, "Total Cost": 2.4, "Plan Rows": 1, "Plan Width": 4, "Filter": "((info)::text = 'budget'::text)"}, {"Node Type": "Nested Loop", "Parent Relationship": "Inner", "Join Type": "Inner", "Startup Cost": 0.0, "Total Cost": 22326.73, "Plan Rows": 1122, "Plan Width": 71, "Inner Unique": false, "Join Filter": "(t.id = mi.movie_id)", "Plans": [{"Node Type": "Nested Loop", "Parent Relationship": "Outer", "Join Type": "Inner", "Startup Cost": 0.0, "Total Cost": 22174.07, "Plan Rows": 210, "Plan Width": 37, "Inner Unique": false, "Join Filter": "(t.id = mc.movie_id)", "Plans": [{"Node Type": "Nested Loop", "Parent Relationship": "Outer", "Join Type": "Inner", "Startup Cost": 0.0, "Total Cost": 22053.3, "Plan Rows": 311, "Plan Width": 25, "Inner Unique": false, "Join Filter": "(mi_idx.info_type_id = it2.id)", "Plans": [{"Node Type": "Seq Scan", "Parent Relationship": "Outer", "Relation Name": "info_type", "Alias": "it2", "Startup Cost": 0.0, "Total Cost": 2.4, "Plan Rows": 1, "Plan Width": 4, "Filter": "((info)::text = 'bottom 10 rank'::text)"}, {"Node Type": "Materialize", "Parent Relationship": "Inner", "Startup Cost": 0.0, "Total Cost": 22046.94, "Plan Rows": 396, "Plan Width": 29, "Plans": [{"Node Type": "Nested Loop", "Parent Relationship": "Outer", "Join Type": "Inner", "Startup Cost": 0.0, "Total Cost": 22045.95, "Plan Rows": 396, "Plan Width": 29, "Inner Unique": false, "Plans": [{"Node Type": "Streaming(type: LOCAL GATHER dop: 1/16)", "Parent Relationship": "Outer", "Startup Cost": 0.0, "Total Cost": 19945.03, "Plan Rows": 258, "Plan Width": 21, "Plans": [{"Node Type": "Seq Scan", "Parent Relationship": "Outer", "Relation Name": "title", "Alias": "t", "Startup Cost": 0.0, "Total Cost": 19939.47, "Plan Rows": 258, "Plan Width": 21, "Filter": "((production_year > 2000) AND (((title)::text ~~ 'Birdemic%'::text) OR ((title)::text ~~ '%Movie%'::text)))"}]}, {"Node Type": "Index Scan", "Parent Relationship": "Inner", "Scan Direction": "Forward", "Index Name": "movie_id_movie_info_idx", "Relation Name": "movie_info_idx", "Alias": "mi_idx", "Startup Cost": 0.0, "Total Cost": 8.12, "Plan Rows": 2, "Plan Width": 8, "Index Cond": "(movie_id = t.id)"}]}]}]}, {"Node Type": "Index Scan", "Parent Relationship": "Inner", "Scan Direction": "Forward", "Index Name": "movie_id_movie_companies", "Relation Name": "movie_companies", "Alias": "mc", "Startup Cost": 0.0, "Total Cost": 0.36, "Plan Rows": 2, "Plan Width": 12, "Index Cond": "(movie_id = mi_idx.movie_id)"}]}, {"Node Type": "Index Scan", "Parent Relationship": "Inner", "Scan Direction": "Forward", "Index Name": "movie_id_movie_info", "Relation Name": "movie_info", "Alias": "mi", "Startup Cost": 0.0, "Total Cost": 0.66, "Plan Rows": 5, "Plan Width": 50, "Index Cond": "(movie_id = mc.movie_id)"}]}]}, {"Node Type": "Index Scan", "Parent Relationship": "Inner", "Scan Direction": "Forward", "Index Name": "company_name_pkey", "Relation Name": "company_name", "Alias": "cn", "Startup Cost": 0.0, "Total Cost": 0.28, "Plan Rows": 1, "Plan Width": 4, "Index Cond": "(id = mc.company_id)", "Filter": "((country_code)::text = '[us]'::text)"}]}, {"Node Type": "Index Scan", "Parent Relationship": "Inner", "Scan Direction": "Forward", "Index Name": "company_type_pkey", "Relation Name": "company_type", "Alias": "ct", "Startup Cost": 0.0, "Total Cost": 0.28, "Plan Rows": 1, "Plan Width": 4, "Index Cond": "(id = mc.company_type_id)", "Filter": "((kind IS NOT NULL) AND (((kind)::text = 'production companies'::text) OR ((kind)::text = 'distributors'::text)))"}]}]}, "Unique SQL Id": 1682224415}, "explain_analyze_plan": {"Plan": {"Node Type": "Aggregate", "Strategy": "Plain", "Startup Cost": 22345.75, "Total Cost": 22345.76, "Plan Rows": 1, "Plan Width": 123, "Actual Min Startup Time": 109.506, "Actual Max Startup Time": 109.506, "Actual Min Total Time": 109.506, "Actual Max Total Time": 109.506, "Actual Total Rows": 1, "Plans": [{"Node Type": "Nested Loop", "Parent Relationship": "Outer", "Join Type": "Inner", "Startup Cost": 0.0, "Total Cost": 22345.73, "Plan Rows": 4, "Plan Width": 59, "Actual Min Startup Time": 107.8, "Actual Max Startup Time": 107.8, "Actual Min Total Time": 109.47, "Actual Max Total Time": 109.47, "Actual Total Rows": 5, "Inner Unique": true, "Plans": [{"Node Type": "Nested Loop", "Parent Relationship": "Outer", "Join Type": "Inner", "Startup Cost": 0.0, "Total Cost": 22344.59, "Plan Rows": 4, "Plan Width": 63, "Actual Min Startup Time": 104.97, "Actual Max Startup Time": 104.97, "Actual Min Total Time": 109.442, "Actual Max Total Time": 109.442, "Actual Total Rows": 10, "Inner Unique": true, "Plans": [{"Node Type": "Nested Loop", "Parent Relationship": "Outer", "Join Type": "Inner", "Startup Cost": 0.0, "Total Cost": 22343.15, "Plan Rows": 5, "Plan Width": 67, "Actual Min Startup Time": 103.615, "Actual Max Startup Time": 103.615, "Actual Min Total Time": 109.245, "Actual Max Total Time": 109.245, "Actual Total Rows": 33, "Inner Unique": false, "Join Filter": "(mi.info_type_id = it1.id)", "Rows Removed by Join Filter": 4926, "Plans": [{"Node Type": "Seq Scan", "Parent Relationship": "Outer", "Relation Name": "info_type", "Alias": "it1", "Startup Cost": 0.0, "Total Cost": 2.4, "Plan Rows": 1, "Plan Width": 4, "Actual Min Startup Time": 0.084, "Actual Max Startup Time": 0.084, "Actual Min Total Time": 0.092, "Actual Max Total Time": 0.092, "Actual Total Rows": 1, "Filter": "((info)::text = 'budget'::text)", "Rows Removed by Filter": 111}, {"Node Type": "Nested Loop", "Parent Relationship": "Inner", "Join Type": "Inner", "Startup Cost": 0.0, "Total Cost": 22326.73, "Plan Rows": 1122, "Plan Width": 71, "Actual Min Startup Time": 103.384, "Actual Max Startup Time": 103.384, "Actual Min Total Time": 108.147, "Actual Max Total Time": 108.147, "Actual Total Rows": 4959, "Inner Unique": false, "Join Filter": "(t.id = mi.movie_id)", "Rows Removed by Join Filter": 0, "Plans": [{"Node Type": "Nested Loop", "Parent Relationship": "Outer", "Join Type": "Inner", "Startup Cost": 0.0, "Total Cost": 22174.07, "Plan Rows": 210, "Plan Width": 37, "Actual Min Startup Time": 103.354, "Actual Max Startup Time": 103.354, "Actual Min Total Time": 104.141, "Actual Max Total Time": 104.141, "Actual Total Rows": 33, "Inner Unique": false, "Join Filter": "(t.id = mc.movie_id)", "Rows Removed by Join Filter": 0, "Plans": [{"Node Type": "Nested Loop", "Parent Relationship": "Outer", "Join Type": "Inner", "Startup Cost": 0.0, "Total Cost": 22053.3, "Plan Rows": 311, "Plan Width": 25, "Actual Min Startup Time": 103.33, "Actual Max Startup Time": 103.33, "Actual Min Total Time": 104.082, "Actual Max Total Time": 104.082, "Actual Total Rows": 2, "Inner Unique": false, "Join Filter": "(mi_idx.info_type_id = it2.id)", "Rows Removed by Join Filter": 2643, "Plans": [{"Node Type": "Seq Scan", "Parent Relationship": "Outer", "Relation Name": "info_type", "Alias": "it2", "Startup Cost": 0.0, "Total Cost": 2.4, "Plan Rows": 1, "Plan Width": 4, "Actual Min Startup Time": 0.075, "Actual Max Startup Time": 0.075, "Actual Min Total Time": 0.08, "Actual Max Total Time": 0.08, "Actual Total Rows": 1, "Filter": "((info)::text = 'bottom 10 rank'::text)", "Rows Removed by Filter": 111}, {"Node Type": "Materialize", "Parent Relationship": "Inner", "Startup Cost": 0.0, "Total Cost": 22046.94, "Plan Rows": 396, "Plan Width": 29, "Actual Min Startup Time": 103.112, "Actual Max Startup Time": 103.112, "Actual Min Total Time": 103.423, "Actual Max Total Time": 103.423, "Actual Total Rows": 2646, "Plans": [{"Node Type": "Nested Loop", "Parent Relationship": "Outer", "Join Type": "Inner", "Startup Cost": 0.0, "Total Cost": 22045.95, "Plan Rows": 396, "Plan Width": 29, "Actual Min Startup Time": 77.489, "Actual Max Startup Time": 77.489, "Actual Min Total Time": 102.25, "Actual Max Total Time": 102.25, "Actual Total Rows": 2645, "Inner Unique": false, "Plans": [{"Node Type": "Streaming(type: LOCAL GATHER dop: 1/16)", "Parent Relationship": "Outer", "Startup Cost": 0.0, "Total Cost": 19945.03, "Plan Rows": 258, "Plan Width": 21, "Actual Min Startup Time": 77.412, "Actual Max Startup Time": 77.412, "Actual Min Total Time": 90.685, "Actual Max Total Time": 90.685, "Actual Total Rows": 2536, "Plans": [{"Node Type": "Seq Scan", "Parent Relationship": "Outer", "Relation Name": "title", "Alias": "t", "Startup Cost": 0.0, "Total Cost": 19939.47, "Plan Rows": 258, "Plan Width": 21, "Actual Min Startup Time": 0.04, "Actual Max Startup Time": 5.381, "Actual Min Total Time": 79.981, "Actual Max Total Time": 84.188, "Actual Total Rows": 2536, "Filter": "((production_year > 2000) AND (((title)::text ~~ 'Birdemic%'::text) OR ((title)::text ~~ '%Movie%'::text)))", "Rows Removed by Filter": 2525775}]}, {"Node Type": "Index Scan", "Parent Relationship": "Inner", "Scan Direction": "Forward", "Index Name": "movie_id_movie_info_idx", "Relation Name": "movie_info_idx", "Alias": "mi_idx", "Startup Cost": 0.0, "Total Cost": 8.12, "Plan Rows": 2, "Plan Width": 8, "Actual Min Startup Time": 8.8, "Actual Max Startup Time": 8.8, "Actual Min Total Time": 9.763, "Actual Max Total Time": 9.763, "Actual Total Rows": 2645, "Index Cond": "(movie_id = t.id)", "Rows Removed by Index Recheck": 0}]}]}]}, {"Node Type": "Index Scan", "Parent Relationship": "Inner", "Scan Direction": "Forward", "Index Name": "movie_id_movie_companies", "Relation Name": "movie_companies", "Alias": "mc", "Startup Cost": 0.0, "Total Cost": 0.36, "Plan Rows": 2, "Plan Width": 12, "Actual Min Startup Time": 0.024, "Actual Max Startup Time": 0.024, "Actual Min Total Time": 0.04, "Actual Max Total Time": 0.04, "Actual Total Rows": 33, "Index Cond": "(movie_id = mi_idx.movie_id)", "Rows Removed by Index Recheck": 0}]}, {"Node Type": "Index Scan", "Parent Relationship": "Inner", "Scan Direction": "Forward", "Index Name": "movie_id_movie_info", "Relation Name": "movie_info", "Alias": "mi", "Startup Cost": 0.0, "Total Cost": 0.66, "Plan Rows": 5, "Plan Width": 50, "Actual Min Startup Time": 0.491, "Actual Max Startup Time": 0.491, "Actual Min Total Time": 2.431, "Actual Max Total Time": 2.431, "Actual Total Rows": 4959, "Index Cond": "(movie_id = mc.movie_id)", "Rows Removed by Index Recheck": 0}]}]}, {"Node Type": "Index Scan", "Parent Relationship": "Inner", "Scan Direction": "Forward", "Index Name": "company_name_pkey", "Relation Name": "company_name", "Alias": "cn", "Startup Cost": 0.0, "Total Cost": 0.28, "Plan Rows": 1, "Plan Width": 4, "Actual Min Startup Time": 0.171, "Actual Max Startup Time": 0.171, "Actual Min Total Time": 0.171, "Actual Max Total Time": 0.171, "Actual Total Rows": 10, "Index Cond": "(id = mc.company_id)", "Rows Removed by Index Recheck": 0, "Filter": "((country_code)::text = '[us]'::text)", "Rows Removed by Filter": 23}]}, {"Node Type": "Index Scan", "Parent Relationship": "Inner", "Scan Direction": "Forward", "Index Name": "company_type_pkey", "Relation Name": "company_type", "Alias": "ct", "Startup Cost": 0.0, "Total Cost": 0.28, "Plan Rows": 1, "Plan Width": 4, "Actual Min Startup Time": 0.021, "Actual Max Startup Time": 0.021, "Actual Min Total Time": 0.021, "Actual Max Total Time": 0.021, "Actual Total Rows": 5, "Index Cond": "(id = mc.company_type_id)", "Rows Removed by Index Recheck": 0, "Filter": "((kind IS NOT NULL) AND (((kind)::text = 'production companies'::text) OR ((kind)::text = 'distributors'::text)))", "Rows Removed by Filter": 0}]}]}, "Triggers": [], "Planner Runtime": 22.219, "Total Runtime": 112.631, "Unique SQL Id": 1682224415}}, "(16, 125)": {"explain_plan": {"Plan": {"Node Type": "Aggregate", "Strategy": "Plain", "Startup Cost": 105032.63, "Total Cost": 105032.64, "Plan Rows": 1, "Plan Width": 123, "Plans": [{"Node Type": "Nested Loop", "Parent Relationship": "Outer", "Join Type": "Inner", "Startup Cost": 0.0, "Total Cost": 105032.61, "Plan Rows": 4, "Plan Width": 59, "Inner Unique": true, "Plans": [{"Node Type": "Nested Loop", "Parent Relationship": "Outer", "Join Type": "Inner", "Startup Cost": 0.0, "Total Cost": 105031.47, "Plan Rows": 4, "Plan Width": 63, "Inner Unique": true, "Plans": [{"Node Type": "Nested Loop", "Parent Relationship": "Outer", "Join Type": "Inner", "Startup Cost": 0.0, "Total Cost": 105030.03, "Plan Rows": 5, "Plan Width": 67, "Inner Unique": false, "Join Filter": "(mi.info_type_id = it1.id)", "Plans": [{"Node Type": "Index Scan", "Parent Relationship": "Outer", "Scan Direction": "Forward", "Index Name": "info_type_pkey", "Relation Name": "info_type", "Alias": "it1", "Startup Cost": 0.0, "Total Cost": 14.21, "Plan Rows": 1, "Plan Width": 4, "Filter": "((info)::text = 'budget'::text)"}, {"Node Type": "Nested Loop", "Parent Relationship": "Inner", "Join Type": "Inner", "Startup Cost": 0.0, "Total Cost": 105001.79, "Plan Rows": 1122, "Plan Width": 71, "Inner Unique": false, "Join Filter": "(t.id = mi.movie_id)", "Plans": [{"Node Type": "Nested Loop", "Parent Relationship": "Outer", "Join Type": "Inner", "Startup Cost": 0.0, "Total Cost": 104849.13, "Plan Rows": 210, "Plan Width": 37, "Inner Unique": false, "Join Filter": "(t.id = mc.movie_id)", "Plans": [{"Node Type": "Nested Loop", "Parent Relationship": "Outer", "Join Type": "Inner", "Startup Cost": 0.0, "Total Cost": 104728.36, "Plan Rows": 311, "Plan Width": 25, "Inner Unique": false, "Join Filter": "(mi_idx.info_type_id = it2.id)", "Plans": [{"Node Type": "Index Scan", "Parent Relationship": "Outer", "Scan Direction": "Forward", "Index Name": "info_type_pkey", "Relation Name": "info_type", "Alias": "it2", "Startup Cost": 0.0, "Total Cost": 14.21, "Plan Rows": 1, "Plan Width": 4, "Filter": "((info)::text = 'bottom 10 rank'::text)"}, {"Node Type": "Materialize", "Parent Relationship": "Inner", "Startup Cost": 0.0, "Total Cost": 104710.19, "Plan Rows": 396, "Plan Width": 29, "Plans": [{"Node Type": "Nested Loop", "Parent Relationship": "Outer", "Join Type": "Inner", "Startup Cost": 0.0, "Total Cost": 104709.2, "Plan Rows": 396, "Plan Width": 29, "Inner Unique": false, "Plans": [{"Node Type": "Streaming(type: LOCAL GATHER dop: 1/16)", "Parent Relationship": "Outer", "Startup Cost": 0.0, "Total Cost": 102608.29, "Plan Rows": 258, "Plan Width": 21, "Plans": [{"Node Type": "Index Scan", "Parent Relationship": "Outer", "Scan Direction": "Forward", "Index Name": "title_pkey", "Relation Name": "title", "Alias": "t", "Startup Cost": 0.0, "Total Cost": 102602.72, "Plan Rows": 258, "Plan Width": 21, "Filter": "((production_year > 2000) AND (((title)::text ~~ 'Birdemic%'::text) OR ((title)::text ~~ '%Movie%'::text)))"}]}, {"Node Type": "Index Scan", "Parent Relationship": "Inner", "Scan Direction": "Forward", "Index Name": "movie_id_movie_info_idx", "Relation Name": "movie_info_idx", "Alias": "mi_idx", "Startup Cost": 0.0, "Total Cost": 8.12, "Plan Rows": 2, "Plan Width": 8, "Index Cond": "(movie_id = t.id)"}]}]}]}, {"Node Type": "Index Scan", "Parent Relationship": "Inner", "Scan Direction": "Forward", "Index Name": "movie_id_movie_companies", "Relation Name": "movie_companies", "Alias": "mc", "Startup Cost": 0.0, "Total Cost": 0.36, "Plan Rows": 2, "Plan Width": 12, "Index Cond": "(movie_id = mi_idx.movie_id)"}]}, {"Node Type": "Index Scan", "Parent Relationship": "Inner", "Scan Direction": "Forward", "Index Name": "movie_id_movie_info", "Relation Name": "movie_info", "Alias": "mi", "Startup Cost": 0.0, "Total Cost": 0.66, "Plan Rows": 5, "Plan Width": 50, "Index Cond": "(movie_id = mc.movie_id)"}]}]}, {"Node Type": "Index Scan", "Parent Relationship": "Inner", "Scan Direction": "Forward", "Index Name": "company_name_pkey", "Relation Name": "company_name", "Alias": "cn", "Startup Cost": 0.0, "Total Cost": 0.28, "Plan Rows": 1, "Plan Width": 4, "Index Cond": "(id = mc.company_id)", "Filter": "((country_code)::text = '[us]'::text)"}]}, {"Node Type": "Index Scan", "Parent Relationship": "Inner", "Scan Direction": "Forward", "Index Name": "company_type_pkey", "Relation Name": "company_type", "Alias": "ct", "Startup Cost": 0.0, "Total Cost": 0.28, "Plan Rows": 1, "Plan Width": 4, "Index Cond": "(id = mc.company_type_id)", "Filter": "((kind IS NOT NULL) AND (((kind)::text = 'production companies'::text) OR ((kind)::text = 'distributors'::text)))"}]}]}, "Unique SQL Id": 1682224415}, "explain_analyze_plan": {"Plan": {"Node Type": "Aggregate", "Strategy": "Plain", "Startup Cost": 105032.63, "Total Cost": 105032.64, "Plan Rows": 1, "Plan Width": 123, "Actual Min Startup Time": 288.744, "Actual Max Startup Time": 288.744, "Actual Min Total Time": 288.744, "Actual Max Total Time": 288.744, "Actual Total Rows": 1, "Plans": [{"Node Type": "Nested Loop", "Parent Relationship": "Outer", "Join Type": "Inner", "Startup Cost": 0.0, "Total Cost": 105032.61, "Plan Rows": 4, "Plan Width": 59, "Actual Min Startup Time": 287.379, "Actual Max Startup Time": 287.379, "Actual Min Total Time": 288.702, "Actual Max Total Time": 288.702, "Actual Total Rows": 5, "Inner Unique": true, "Plans": [{"Node Type": "Nested Loop", "Parent Relationship": "Outer", "Join Type": "Inner", "Startup Cost": 0.0, "Total Cost": 105031.47, "Plan Rows": 4, "Plan Width": 63, "Actual Min Startup Time": 284.536, "Actual Max Startup Time": 284.536, "Actual Min Total Time": 288.667, "Actual Max Total Time": 288.667, "Actual Total Rows": 10, "Inner Unique": true, "Plans": [{"Node Type": "Nested Loop", "Parent Relationship": "Outer", "Join Type": "Inner", "Startup Cost": 0.0, "Total Cost": 105030.03, "Plan Rows": 5, "Plan Width": 67, "Actual Min Startup Time": 283.152, "Actual Max Startup Time": 283.152, "Actual Min Total Time": 288.453, "Actual Max Total Time": 288.453, "Actual Total Rows": 33, "Inner Unique": false, "Join Filter": "(mi.info_type_id = it1.id)", "Rows Removed by Join Filter": 4926, "Plans": [{"Node Type": "Index Scan", "Parent Relationship": "Outer", "Scan Direction": "Forward", "Index Name": "info_type_pkey", "Relation Name": "info_type", "Alias": "it1", "Startup Cost": 0.0, "Total Cost": 14.21, "Plan Rows": 1, "Plan Width": 4, "Actual Min Startup Time": 0.109, "Actual Max Startup Time": 0.109, "Actual Min Total Time": 0.116, "Actual Max Total Time": 0.116, "Actual Total Rows": 1, "Filter": "((info)::text = 'budget'::text)", "Rows Removed by Filter": 111}, {"Node Type": "Nested Loop", "Parent Relationship": "Inner", "Join Type": "Inner", "Startup Cost": 0.0, "Total Cost": 105001.79, "Plan Rows": 1122, "Plan Width": 71, "Actual Min Startup Time": 282.882, "Actual Max Startup Time": 282.882, "Actual Min Total Time": 287.361, "Actual Max Total Time": 287.361, "Actual Total Rows": 4959, "Inner Unique": false, "Join Filter": "(t.id = mi.movie_id)", "Rows Removed by Join Filter": 0, "Plans": [{"Node Type": "Nested Loop", "Parent Relationship": "Outer", "Join Type": "Inner", "Startup Cost": 0.0, "Total Cost": 104849.13, "Plan Rows": 210, "Plan Width": 37, "Actual Min Startup Time": 282.848, "Actual Max Startup Time": 282.848, "Actual Min Total Time": 283.245, "Actual Max Total Time": 283.245, "Actual Total Rows": 33, "Inner Unique": false, "Join Filter": "(t.id = mc.movie_id)", "Rows Removed by Join Filter": 0, "Plans": [{"Node Type": "Nested Loop", "Parent Relationship": "Outer", "Join Type": "Inner", "Startup Cost": 0.0, "Total Cost": 104728.36, "Plan Rows": 311, "Plan Width": 25, "Actual Min Startup Time": 282.824, "Actual Max Startup Time": 282.824, "Actual Min Total Time": 283.177, "Actual Max Total Time": 283.177, "Actual Total Rows": 2, "Inner Unique": false, "Join Filter": "(mi_idx.info_type_id = it2.id)", "Rows Removed by Join Filter": 2643, "Plans": [{"Node Type": "Index Scan", "Parent Relationship": "Outer", "Scan Direction": "Forward", "Index Name": "info_type_pkey", "Relation Name": "info_type", "Alias": "it2", "Startup Cost": 0.0, "Total Cost": 14.21, "Plan Rows": 1, "Plan Width": 4, "Actual Min Startup Time": 0.08, "Actual Max Startup Time": 0.08, "Actual Min Total Time": 0.08, "Actual Max Total Time": 0.08, "Actual Total Rows": 1, "Filter": "((info)::text = 'bottom 10 rank'::text)", "Rows Removed by Filter": 111}, {"Node Type": "Materialize", "Parent Relationship": "Inner", "Startup Cost": 0.0, "Total Cost": 104710.19, "Plan Rows": 396, "Plan Width": 29, "Actual Min Startup Time": 281.979, "Actual Max Startup Time": 281.979, "Actual Min Total Time": 282.441, "Actual Max Total Time": 282.441, "Actual Total Rows": 2646, "Plans": [{"Node Type": "Nested Loop", "Parent Relationship": "Outer", "Join Type": "Inner", "Startup Cost": 0.0, "Total Cost": 104709.2, "Plan Rows": 396, "Plan Width": 29, "Actual Min Startup Time": 81.307, "Actual Max Startup Time": 81.307, "Actual Min Total Time": 280.904, "Actual Max Total Time": 280.904, "Actual Total Rows": 2645, "Inner Unique": false, "Plans": [{"Node Type": "Streaming(type: LOCAL GATHER dop: 1/16)", "Parent Relationship": "Outer", "Startup Cost": 0.0, "Total Cost": 102608.29, "Plan Rows": 258, "Plan Width": 21, "Actual Min Startup Time": 81.253, "Actual Max Startup Time": 81.253, "Actual Min Total Time": 268.275, "Actual Max Total Time": 268.275, "Actual Total Rows": 2536, "Plans": [{"Node Type": "Index Scan", "Parent Relationship": "Outer", "Scan Direction": "Forward", "Index Name": "title_pkey", "Relation Name": "title", "Alias": "t", "Startup Cost": 0.0, "Total Cost": 102602.72, "Plan Rows": 258, "Plan Width": 21, "Actual Min Startup Time": 9.904, "Actual Max Startup Time": 25.069, "Actual Min Total Time": 238.632, "Actual Max Total Time": 275.078, "Actual Total Rows": 2536, "Filter": "((production_year > 2000) AND (((title)::text ~~ 'Birdemic%'::text) OR ((title)::text ~~ '%Movie%'::text)))", "Rows Removed by Filter": 2525775}]}, {"Node Type": "Index Scan", "Parent Relationship": "Inner", "Scan Direction": "Forward", "Index Name": "movie_id_movie_info_idx", "Relation Name": "movie_info_idx", "Alias": "mi_idx", "Startup Cost": 0.0, "Total Cost": 8.12, "Plan Rows": 2, "Plan Width": 8, "Actual Min Startup Time": 9.535, "Actual Max Startup Time": 9.535, "Actual Min Total Time": 10.518, "Actual Max Total Time": 10.518, "Actual Total Rows": 2645, "Index Cond": "(movie_id = t.id)", "Rows Removed by Index Recheck": 0}]}]}]}, {"Node Type": "Index Scan", "Parent Relationship": "Inner", "Scan Direction": "Forward", "Index Name": "movie_id_movie_companies", "Relation Name": "movie_companies", "Alias": "mc", "Startup Cost": 0.0, "Total Cost": 0.36, "Plan Rows": 2, "Plan Width": 12, "Actual Min Startup Time": 0.027, "Actual Max Startup Time": 0.027, "Actual Min Total Time": 0.048, "Actual Max Total Time": 0.048, "Actual Total Rows": 33, "Index Cond": "(movie_id = mi_idx.movie_id)", "Rows Removed by Index Recheck": 0}]}, {"Node Type": "Index Scan", "Parent Relationship": "Inner", "Scan Direction": "Forward", "Index Name": "movie_id_movie_info", "Relation Name": "movie_info", "Alias": "mi", "Startup Cost": 0.0, "Total Cost": 0.66, "Plan Rows": 5, "Plan Width": 50, "Actual Min Startup Time": 0.503, "Actual Max Startup Time": 0.503, "Actual Min Total Time": 2.531, "Actual Max Total Time": 2.531, "Actual Total Rows": 4959, "Index Cond": "(movie_id = mc.movie_id)", "Rows Removed by Index Recheck": 0}]}]}, {"Node Type": "Index Scan", "Parent Relationship": "Inner", "Scan Direction": "Forward", "Index Name": "company_name_pkey", "Relation Name": "company_name", "Alias": "cn", "Startup Cost": 0.0, "Total Cost": 0.28, "Plan Rows": 1, "Plan Width": 4, "Actual Min Startup Time": 0.191, "Actual Max Startup Time": 0.191, "Actual Min Total Time": 0.191, "Actual Max Total Time": 0.191, "Actual Total Rows": 10, "Index Cond": "(id = mc.company_id)", "Rows Removed by Index Recheck": 0, "Filter": "((country_code)::text = '[us]'::text)", "Rows Removed by Filter": 23}]}, {"Node Type": "Index Scan", "Parent Relationship": "Inner", "Scan Direction": "Forward", "Index Name": "company_type_pkey", "Relation Name": "company_type", "Alias": "ct", "Startup Cost": 0.0, "Total Cost": 0.28, "Plan Rows": 1, "Plan Width": 4, "Actual Min Startup Time": 0.024, "Actual Max Startup Time": 0.024, "Actual Min Total Time": 0.024, "Actual Max Total Time": 0.024, "Actual Total Rows": 5, "Index Cond": "(id = mc.company_type_id)", "Rows Removed by Index Recheck": 0, "Filter": "((kind IS NOT NULL) AND (((kind)::text = 'production companies'::text) OR ((kind)::text = 'distributors'::text)))", "Rows Removed by Filter": 0}]}]}, "Triggers": [], "Planner Runtime": 65.028, "Total Runtime": 291.894, "Unique SQL Id": 1682224415}}, "(16, 126)": {"explain_plan": {"Plan": {"Node Type": "Aggregate", "Strategy": "Plain", "Startup Cost": 247687.29, "Total Cost": 247687.3, "Plan Rows": 1, "Plan Width": 123, "Plans": [{"Node Type": "Nested Loop", "Parent Relationship": "Outer", "Join Type": "Inner", "Startup Cost": 0.0, "Total Cost": 247687.27, "Plan Rows": 4, "Plan Width": 59, "Inner Unique": true, "Join Filter": "(mc.company_type_id = ct.id)", "Plans": [{"Node Type": "Nested Loop", "Parent Relationship": "Outer", "Join Type": "Inner", "Startup Cost": 0.0, "Total Cost": 247686.1, "Plan Rows": 4, "Plan Width": 63, "Inner Unique": false, "Join Filter": "(mc.company_id = cn.id)", "Plans": [{"Node Type": "Seq Scan", "Parent Relationship": "Outer", "Relation Name": "company_name", "Alias": "cn", "Startup Cost": 0.0, "Total Cost": 5903.45, "Plan Rows": 85170, "Plan Width": 4, "Filter": "((country_code)::text = '[us]'::text)"}, {"Node Type": "Materialize", "Parent Relationship": "Inner", "Startup Cost": 0.0, "Total Cost": 235394.91, "Plan Rows": 5, "Plan Width": 67, "Plans": [{"Node Type": "Streaming(type: LOCAL GATHER dop: 1/16)", "Parent Relationship": "Outer", "Startup Cost": 0.0, "Total Cost": 235394.89, "Plan Rows": 5, "Plan Width": 67, "Plans": [{"Node Type": "Nested Loop", "Parent Relationship": "Outer", "Join Type": "Inner", "Startup Cost": 0.0, "Total Cost": 235394.78, "Plan Rows": 5, "Plan Width": 67, "Inner Unique": false, "Join Filter": "(t.id = mc.movie_id)", "Plans": [{"Node Type": "Seq Scan", "Parent Relationship": "Outer", "Relation Name": "movie_companies", "Alias": "mc", "Startup Cost": 0.0, "Total Cost": 17613.58, "Plan Rows": 2609128, "Plan Width": 12}, {"Node Type": "Materialize", "Parent Relationship": "Inner", "Startup Cost": 0.0, "Total Cost": 198212.76, "Plan Rows": 128, "Plan Width": 71, "Plans": [{"Node Type": "Streaming(type: BROADCAST dop: 16/16)", "Parent Relationship": "Outer", "Startup Cost": 0.0, "Total Cost": 198212.72, "Plan Rows": 128, "Plan Width": 71, "Plans": [{"Node Type": "Nested Loop", "Parent Relationship": "Outer", "Join Type": "Inner", "Startup Cost": 0.0, "Total Cost": 183212.4, "Plan Rows": 8, "Plan Width": 71, "Inner Unique": false, "Join Filter": "(mi_idx.movie_id = t.id)", "Plans": [{"Node Type": "Streaming(type: LOCAL REDISTRIBUTE dop: 16/16)", "Parent Relationship": "Outer", "Startup Cost": 0.0, "Total Cost": 48655.3, "Plan Rows": 345008, "Plan Width": 4, "Plans": [{"Node Type": "Nested Loop", "Parent Relationship": "Outer", "Join Type": "Inner", "Startup Cost": 0.0, "Total Cost": 32348.04, "Plan Rows": 345008, "Plan Width": 4, "Inner Unique": false, "Join Filter": "(it2.id = mi_idx.info_type_id), (LLVM Optimized)", "Plans": [{"Node Type": "Streaming(type: BROADCAST dop: 16/1)", "Parent Relationship": "Outer", "Startup Cost": 0.0, "Total Cost": 15002.75, "Plan Rows": 16, "Plan Width": 4, "Plans": [{"Node Type": "Seq Scan", "Parent Relationship": "Outer", "Relation Name": "info_type", "Alias": "it2", "Startup Cost": 0.0, "Total Cost": 2.4, "Plan Rows": 1, "Plan Width": 4, "Filter": "((info)::text = 'bottom 10 rank'::text)"}]}, {"Node Type": "Seq Scan", "Parent Relationship": "Inner", "Relation Name": "movie_info_idx", "Alias": "mi_idx", "Startup Cost": 0.0, "Total Cost": 16267.15, "Plan Rows": 1380034, "Plan Width": 8}]}]}, {"Node Type": "Materialize", "Parent Relationship": "Inner", "Startup Cost": 0.0, "Total Cost": 129139.43, "Plan Rows": 268, "Plan Width": 67, "Plans": [{"Node Type": "Streaming(type: LOCAL REDISTRIBUTE dop: 16/16)", "Parent Relationship": "Outer", "Startup Cost": 0.0, "Total Cost": 129139.35, "Plan Rows": 268, "Plan Width": 67, "Plans": [{"Node Type": "Nested Loop", "Parent Relationship": "Outer", "Join Type": "Inner", "Startup Cost": 0.0, "Total Cost": 114138.33, "Plan Rows": 268, "Plan Width": 67, "Inner Unique": true, "Join Filter": "(mi.movie_id = t.id)", "Plans": [{"Node Type": "Streaming(type: LOCAL REDISTRIBUTE dop: 16/16)", "Parent Relationship": "Outer", "Startup Cost": 0.0, "Total Cost": 75986.54, "Plan Rows": 212428, "Plan Width": 46, "Plans": [{"Node Type": "Nested Loop", "Parent Relationship": "Outer", "Join Type": "Inner", "Startup Cost": 0.0, "Total Cost": 60181.64, "Plan Rows": 212428, "Plan Width": 46, "Inner Unique": false, "Join Filter": "(it1.id = mi.info_type_id), (LLVM Optimized)", "Plans": [{"Node Type": "Streaming(type: BROADCAST dop: 16/1)", "Parent Relationship": "Outer", "Startup Cost": 0.0, "Total Cost": 15002.75, "Plan Rows": 16, "Plan Width": 4, "Plans": [{"Node Type": "Seq Scan", "Parent Relationship": "Outer", "Relation Name": "info_type", "Alias": "it1", "Startup Cost": 0.0, "Total Cost": 2.4, "Plan Rows": 1, "Plan Width": 4, "Filter": "((info)::text = 'budget'::text)"}]}, {"Node Type": "Seq Scan", "Parent Relationship": "Inner", "Relation Name": "movie_info", "Alias": "mi", "Startup Cost": 0.0, "Total Cost": 33561.73, "Plan Rows": 14869966, "Plan Width": 50}]}]}, {"Node Type": "Materialize", "Parent Relationship": "Inner", "Startup Cost": 0.0, "Total Cost": 34940.52, "Plan Rows": 258, "Plan Width": 21, "Plans": [{"Node Type": "Streaming(type: LOCAL REDISTRIBUTE dop: 16/16)", "Parent Relationship": "Outer", "Startup Cost": 0.0, "Total Cost": 34940.44, "Plan Rows": 258, "Plan Width": 21, "Plans": [{"Node Type": "Seq Scan", "Parent Relationship": "Outer", "Relation Name": "title", "Alias": "t", "Startup Cost": 0.0, "Total Cost": 19939.47, "Plan Rows": 258, "Plan Width": 21, "Filter": "((production_year > 2000) AND (((title)::text ~~ 'Birdemic%'::text) OR ((title)::text ~~ '%Movie%'::text)))"}]}]}]}]}]}]}]}]}]}]}]}]}, {"Node Type": "Materialize", "Parent Relationship": "Inner", "Startup Cost": 0.0, "Total Cost": 1.05, "Plan Rows": 2, "Plan Width": 4, "Plans": [{"Node Type": "Seq Scan", "Parent Relationship": "Outer", "Relation Name": "company_type", "Alias": "ct", "Startup Cost": 0.0, "Total Cost": 1.04, "Plan Rows": 2, "Plan Width": 4, "Filter": "((kind IS NOT NULL) AND (((kind)::text = 'production companies'::text) OR ((kind)::text = 'distributors'::text)))"}]}]}]}, "Unique SQL Id": 1682224415}, "explain_analyze_plan": null}, "(16, 127)": {"explain_plan": {"Plan": {"Node Type": "Aggregate", "Strategy": "Plain", "Startup Cost": 8000134520134.75, "Total Cost": 8000134520134.76, "Plan Rows": 1, "Plan Width": 123, "Plans": [{"Node Type": "Nested Loop", "Parent Relationship": "Outer", "Join Type": "Inner", "Startup Cost": 80000000000.0, "Total Cost": 8000134520134.73, "Plan Rows": 4, "Plan Width": 59, "Inner Unique": true, "Join Filter": "(mc.company_type_id = ct.id)", "Plans": [{"Node Type": "Nested Loop", "Parent Relationship": "Outer", "Join Type": "Inner", "Startup Cost": 70000000000.0, "Total Cost": 7000134518903.61, "Plan Rows": 4, "Plan Width": 63, "Inner Unique": true, "Join Filter": "(mc.company_id = cn.id)", "Plans": [{"Node Type": "Nested Loop", "Parent Relationship": "Outer", "Join Type": "Inner", "Startup Cost": 60000000000.0, "Total Cost": 6000133462163.97, "Plan Rows": 5, "Plan Width": 67, "Inner Unique": false, "Join Filter": "(t.id = mc.movie_id)", "Plans": [{"Node Type": "Index Scan", "Parent Relationship": "Outer", "Scan Direction": "Forward", "Index Name": "company_type_id_movie_companies", "Relation Name": "movie_companies", "Alias": "mc", "Startup Cost": 10000000000.0, "Total Cost": 1000009318217.0, "Plan Rows": 2609128, "Plan Width": 12}, {"Node Type": "Materialize", "Parent Relationship": "Inner", "Startup Cost": 50000000000.0, "Total Cost": 5000123830851.63, "Plan Rows": 8, "Plan Width": 71, "Plans": [{"Node Type": "Nested Loop", "Parent Relationship": "Outer", "Join Type": "Inner", "Startup Cost": 50000000000.0, "Total Cost": 5000123830851.59, "Plan Rows": 8, "Plan Width": 71, "Inner Unique": false, "Join Filter": "(mi_idx.movie_id = t.id)", "Plans": [{"Node Type": "Nested Loop", "Parent Relationship": "Outer", "Join Type": "Inner", "Startup Cost": 20000000000.0, "Total Cost": 2000004672156.88, "Plan Rows": 345008, "Plan Width": 4, "Inner Unique": true, "Join Filter": "(it2.id = mi_idx.info_type_id), (LLVM Optimized)", "Plans": [{"Node Type": "Index Scan", "Parent Relationship": "Outer", "Scan Direction": "Forward", "Index Name": "movie_id_movie_info_idx", "Relation Name": "movie_info_idx", "Alias": "mi_idx", "Startup Cost": 10000000000.0, "Total Cost": 1000004650035.37, "Plan Rows": 1380034, "Plan Width": 8}, {"Node Type": "Materialize", "Parent Relationship": "Inner", "Startup Cost": 10000000000.0, "Total Cost": 1000000001421.0, "Plan Rows": 1, "Plan Width": 4, "Plans": [{"Node Type": "Index Scan", "Parent Relationship": "Outer", "Scan Direction": "Forward", "Index Name": "info_type_pkey", "Relation Name": "info_type", "Alias": "it2", "Startup Cost": 10000000000.0, "Total Cost": 1000000001421.0, "Plan Rows": 1, "Plan Width": 4, "Filter": "((info)::text = 'bottom 10 rank'::text)"}]}]}, {"Node Type": "Materialize", "Parent Relationship": "Inner", "Startup Cost": 30000000000.0, "Total Cost": 3000117771763.22, "Plan Rows": 268, "Plan Width": 67, "Plans": [{"Node Type": "Nested Loop", "Parent Relationship": "Outer", "Join Type": "Inner", "Startup Cost": 30000000000.0, "Total Cost": 3000117771761.88, "Plan Rows": 268, "Plan Width": 67, "Inner Unique": true, "Join Filter": "(mi.movie_id = t.id)", "Plans": [{"Node Type": "Nested Loop", "Parent Relationship": "Outer", "Join Type": "Inner", "Startup Cost": 20000000000.0, "Total Cost": 2000104041382.71, "Plan Rows": 212428, "Plan Width": 46, "Inner Unique": true, "Join Filter": "(it1.id = mi.info_type_id), (LLVM Optimized)", "Plans": [{"Node Type": "Index Scan", "Parent Relationship": "Outer", "Scan Direction": "Forward", "Index Name": "movie_id_movie_info", "Relation Name": "movie_info", "Alias": "mi", "Startup Cost": 10000000000.0, "Total Cost": 1000103816912.22, "Plan Rows": 14869966, "Plan Width": 50}, {"Node Type": "Materialize", "Parent Relationship": "Inner", "Startup Cost": 10000000000.0, "Total Cost": 1000000001421.0, "Plan Rows": 1, "Plan Width": 4, "Plans": [{"Node Type": "Index Scan", "Parent Relationship": "Outer", "Scan Direction": "Forward", "Index Name": "info_type_pkey", "Relation Name": "info_type", "Alias": "it1", "Startup Cost": 10000000000.0, "Total Cost": 1000000001421.0, "Plan Rows": 1, "Plan Width": 4, "Filter": "((info)::text = 'budget'::text)"}]}]}, {"Node Type": "Materialize", "Parent Relationship": "Inner", "Startup Cost": 10000000000.0, "Total Cost": 1000012908283.45, "Plan Rows": 258, "Plan Width": 21, "Plans": [{"Node Type": "Index Scan", "Parent Relationship": "Outer", "Scan Direction": "Forward", "Index Name": "title_pkey", "Relation Name": "title", "Alias": "t", "Startup Cost": 10000000000.0, "Total Cost": 1000012908282.16, "Plan Rows": 258, "Plan Width": 21, "Filter": "((production_year > 2000) AND (((title)::text ~~ 'Birdemic%'::text) OR ((title)::text ~~ '%Movie%'::text)))"}]}]}]}]}]}]}, {"Node Type": "Materialize", "Parent Relationship": "Inner", "Startup Cost": 10000000000.0, "Total Cost": 1000001050564.82, "Plan Rows": 85170, "Plan Width": 4, "Plans": [{"Node Type": "Index Scan", "Parent Relationship": "Outer", "Scan Direction": "Forward", "Index Name": "company_name_pkey", "Relation Name": "company_name", "Alias": "cn", "Startup Cost": 10000000000.0, "Total Cost": 1000001050138.97, "Plan Rows": 85170, "Plan Width": 4, "Filter": "((country_code)::text = '[us]'::text)"}]}]}, {"Node Type": "Materialize", "Parent Relationship": "Inner", "Startup Cost": 10000000000.0, "Total Cost": 1000000001231.01, "Plan Rows": 2, "Plan Width": 4, "Plans": [{"Node Type": "Index Scan", "Parent Relationship": "Outer", "Scan Direction": "Forward", "Index Name": "company_type_pkey", "Relation Name": "company_type", "Alias": "ct", "Startup Cost": 10000000000.0, "Total Cost": 1000000001231.0, "Plan Rows": 2, "Plan Width": 4, "Filter": "((kind IS NOT NULL) AND (((kind)::text = 'production companies'::text) OR ((kind)::text = 'distributors'::text)))"}]}]}]}, "Unique SQL Id": 1682224415}, "explain_analyze_plan": null}, "(64, 0)": {"explain_plan": {"Plan": {"Node Type": "Aggregate", "Strategy": "Plain", "Startup Cost": 66648.03, "Total Cost": 66648.04, "Plan Rows": 1, "Plan Width": 123, "Plans": [{"Node Type": "Nested Loop", "Parent Relationship": "Outer", "Join Type": "Inner", "Startup Cost": 0.0, "Total Cost": 66648.01, "Plan Rows": 4, "Plan Width": 59, "Inner Unique": true, "Plans": [{"Node Type": "Nested Loop", "Parent Relationship": "Outer", "Join Type": "Inner", "Startup Cost": 0.0, "Total Cost": 66646.0, "Plan Rows": 7, "Plan Width": 63, "Inner Unique": true, "Join Filter": "(mc.company_type_id = ct.id)", "Plans": [{"Node Type": "Nested Loop", "Parent Relationship": "Outer", "Join Type": "Inner", "Startup Cost": 0.0, "Total Cost": 66643.42, "Plan Rows": 51, "Plan Width": 67, "Inner Unique": false, "Join Filter": "(mi.info_type_id = it1.id)", "Plans": [{"Node Type": "Seq Scan", "Parent Relationship": "Outer", "Relation Name": "info_type", "Alias": "it1", "Startup Cost": 0.0, "Total Cost": 2.4, "Plan Rows": 1, "Plan Width": 4, "Filter": "((info)::text = 'budget'::text)"}, {"Node Type": "Nested Loop", "Parent Relationship": "Inner", "Join Type": "Inner", "Startup Cost": 0.0, "Total Cost": 66621.88, "Plan Rows": 1531, "Plan Width": 71, "Inner Unique": false, "Join Filter": "(t.id = mi.movie_id)", "Plans": [{"Node Type": "Nested Loop", "Parent Relationship": "Outer", "Join Type": "Inner", "Startup Cost": 0.0, "Total Cost": 66469.22, "Plan Rows": 210, "Plan Width": 37, "Inner Unique": false, "Join Filter": "(t.id = mc.movie_id)", "Plans": [{"Node Type": "Nested Loop", "Parent Relationship": "Outer", "Join Type": "Inner", "Startup Cost": 0.0, "Total Cost": 66348.45, "Plan Rows": 311, "Plan Width": 25, "Inner Unique": false, "Join Filter": "(mi_idx.info_type_id = it2.id)", "Plans": [{"Node Type": "Seq Scan", "Parent Relationship": "Outer", "Relation Name": "info_type", "Alias": "it2", "Startup Cost": 0.0, "Total Cost": 2.4, "Plan Rows": 1, "Plan Width": 4, "Filter": "((info)::text = 'bottom 10 rank'::text)"}, {"Node Type": "Materialize", "Parent Relationship": "Inner", "Startup Cost": 0.0, "Total Cost": 66342.09, "Plan Rows": 396, "Plan Width": 29, "Plans": [{"Node Type": "Nested Loop", "Parent Relationship": "Outer", "Join Type": "Inner", "Startup Cost": 0.0, "Total Cost": 66341.1, "Plan Rows": 396, "Plan Width": 29, "Inner Unique": false, "Plans": [{"Node Type": "Streaming(type: LOCAL GATHER dop: 1/64)", "Parent Relationship": "Outer", "Startup Cost": 0.0, "Total Cost": 64240.19, "Plan Rows": 258, "Plan Width": 21, "Plans": [{"Node Type": "Seq Scan", "Parent Relationship": "Outer", "Relation Name": "title", "Alias": "t", "Startup Cost": 0.0, "Total Cost": 64234.87, "Plan Rows": 258, "Plan Width": 21, "Filter": "((production_year > 2000) AND (((title)::text ~~ 'Birdemic%'::text) OR ((title)::text ~~ '%Movie%'::text)))"}]}, {"Node Type": "Index Scan", "Parent Relationship": "Inner", "Scan Direction": "Forward", "Index Name": "movie_id_movie_info_idx", "Relation Name": "movie_info_idx", "Alias": "mi_idx", "Startup Cost": 0.0, "Total Cost": 8.12, "Plan Rows": 2, "Plan Width": 8, "Index Cond": "(movie_id = t.id)"}]}]}]}, {"Node Type": "Index Scan", "Parent Relationship": "Inner", "Scan Direction": "Forward", "Index Name": "movie_id_movie_companies", "Relation Name": "movie_companies", "Alias": "mc", "Startup Cost": 0.0, "Total Cost": 0.36, "Plan Rows": 2, "Plan Width": 12, "Index Cond": "(movie_id = mi_idx.movie_id)"}]}, {"Node Type": "Index Scan", "Parent Relationship": "Inner", "Scan Direction": "Forward", "Index Name": "movie_id_movie_info", "Relation Name": "movie_info", "Alias": "mi", "Startup Cost": 0.0, "Total Cost": 0.66, "Plan Rows": 5, "Plan Width": 50, "Index Cond": "(movie_id = mc.movie_id)"}]}]}, {"Node Type": "Materialize", "Parent Relationship": "Inner", "Startup Cost": 0.0, "Total Cost": 1.05, "Plan Rows": 2, "Plan Width": 4, "Plans": [{"Node Type": "Seq Scan", "Parent Relationship": "Outer", "Relation Name": "company_type", "Alias": "ct", "Startup Cost": 0.0, "Total Cost": 1.04, "Plan Rows": 2, "Plan Width": 4, "Filter": "((kind IS NOT NULL) AND (((kind)::text = 'production companies'::text) OR ((kind)::text = 'distributors'::text)))"}]}]}, {"Node Type": "Index Scan", "Parent Relationship": "Inner", "Scan Direction": "Forward", "Index Name": "company_name_pkey", "Relation Name": "company_name", "Alias": "cn", "Startup Cost": 0.0, "Total Cost": 0.28, "Plan Rows": 1, "Plan Width": 4, "Index Cond": "(id = mc.company_id)", "Filter": "((country_code)::text = '[us]'::text)"}]}]}, "Unique SQL Id": 1682224415}, "explain_analyze_plan": {"Plan": {"Node Type": "Aggregate", "Strategy": "Plain", "Startup Cost": 66648.03, "Total Cost": 66648.04, "Plan Rows": 1, "Plan Width": 123, "Actual Min Startup Time": 217.772, "Actual Max Startup Time": 217.772, "Actual Min Total Time": 217.772, "Actual Max Total Time": 217.772, "Actual Total Rows": 1, "Plans": [{"Node Type": "Nested Loop", "Parent Relationship": "Outer", "Join Type": "Inner", "Startup Cost": 0.0, "Total Cost": 66648.01, "Plan Rows": 4, "Plan Width": 59, "Actual Min Startup Time": 211.743, "Actual Max Startup Time": 211.743, "Actual Min Total Time": 217.672, "Actual Max Total Time": 217.672, "Actual Total Rows": 5, "Inner Unique": true, "Plans": [{"Node Type": "Nested Loop", "Parent Relationship": "Outer", "Join Type": "Inner", "Startup Cost": 0.0, "Total Cost": 66646.0, "Plan Rows": 7, "Plan Width": 63, "Actual Min Startup Time": 211.721, "Actual Max Startup Time": 211.721, "Actual Min Total Time": 217.591, "Actual Max Total Time": 217.591, "Actual Total Rows": 5, "Inner Unique": true, "Join Filter": "(mc.company_type_id = ct.id)", "Rows Removed by Join Filter": 28, "Plans": [{"Node Type": "Nested Loop", "Parent Relationship": "Outer", "Join Type": "Inner", "Startup Cost": 0.0, "Total Cost": 66643.42, "Plan Rows": 51, "Plan Width": 67, "Actual Min Startup Time": 211.472, "Actual Max Startup Time": 211.472, "Actual Min Total Time": 217.533, "Actual Max Total Time": 217.533, "Actual Total Rows": 33, "Inner Unique": false, "Join Filter": "(mi.info_type_id = it1.id)", "Rows Removed by Join Filter": 4926, "Plans": [{"Node Type": "Seq Scan", "Parent Relationship": "Outer", "Relation Name": "info_type", "Alias": "it1", "Startup Cost": 0.0, "Total Cost": 2.4, "Plan Rows": 1, "Plan Width": 4, "Actual Min Startup Time": 0.099, "Actual Max Startup Time": 0.099, "Actual Min Total Time": 0.107, "Actual Max Total Time": 0.107, "Actual Total Rows": 1, "Filter": "((info)::text = 'budget'::text)", "Rows Removed by Filter": 111}, {"Node Type": "Nested Loop", "Parent Relationship": "Inner", "Join Type": "Inner", "Startup Cost": 0.0, "Total Cost": 66621.88, "Plan Rows": 1531, "Plan Width": 71, "Actual Min Startup Time": 211.287, "Actual Max Startup Time": 211.287, "Actual Min Total Time": 216.404, "Actual Max Total Time": 216.404, "Actual Total Rows": 4959, "Inner Unique": false, "Join Filter": "(t.id = mi.movie_id)", "Rows Removed by Join Filter": 0, "Plans": [{"Node Type": "Nested Loop", "Parent Relationship": "Outer", "Join Type": "Inner", "Startup Cost": 0.0, "Total Cost": 66469.22, "Plan Rows": 210, "Plan Width": 37, "Actual Min Startup Time": 211.262, "Actual Max Startup Time": 211.262, "Actual Min Total Time": 212.181, "Actual Max Total Time": 212.181, "Actual Total Rows": 33, "Inner Unique": false, "Join Filter": "(t.id = mc.movie_id)", "Rows Removed by Join Filter": 0, "Plans": [{"Node Type": "Nested Loop", "Parent Relationship": "Outer", "Join Type": "Inner", "Startup Cost": 0.0, "Total Cost": 66348.45, "Plan Rows": 311, "Plan Width": 25, "Actual Min Startup Time": 211.236, "Actual Max Startup Time": 211.236, "Actual Min Total Time": 212.099, "Actual Max Total Time": 212.099, "Actual Total Rows": 2, "Inner Unique": false, "Join Filter": "(mi_idx.info_type_id = it2.id)", "Rows Removed by Join Filter": 2643, "Plans": [{"Node Type": "Seq Scan", "Parent Relationship": "Outer", "Relation Name": "info_type", "Alias": "it2", "Startup Cost": 0.0, "Total Cost": 2.4, "Plan Rows": 1, "Plan Width": 4, "Actual Min Startup Time": 0.088, "Actual Max Startup Time": 0.088, "Actual Min Total Time": 0.094, "Actual Max Total Time": 0.094, "Actual Total Rows": 1, "Filter": "((info)::text = 'bottom 10 rank'::text)", "Rows Removed by Filter": 111}, {"Node Type": "Materialize", "Parent Relationship": "Inner", "Startup Cost": 0.0, "Total Cost": 66342.09, "Plan Rows": 396, "Plan Width": 29, "Actual Min Startup Time": 211.127, "Actual Max Startup Time": 211.127, "Actual Min Total Time": 211.418, "Actual Max Total Time": 211.418, "Actual Total Rows": 2646, "Plans": [{"Node Type": "Nested Loop", "Parent Relationship": "Outer", "Join Type": "Inner", "Startup Cost": 0.0, "Total Cost": 66341.1, "Plan Rows": 396, "Plan Width": 29, "Actual Min Startup Time": 98.187, "Actual Max Startup Time": 98.187, "Actual Min Total Time": 210.25, "Actual Max Total Time": 210.25, "Actual Total Rows": 2645, "Inner Unique": false, "Plans": [{"Node Type": "Streaming(type: LOCAL GATHER dop: 1/64)", "Parent Relationship": "Outer", "Startup Cost": 0.0, "Total Cost": 64240.19, "Plan Rows": 258, "Plan Width": 21, "Actual Min Startup Time": 98.092, "Actual Max Startup Time": 98.092, "Actual Min Total Time": 195.165, "Actual Max Total Time": 195.165, "Actual Total Rows": 2536, "Plans": [{"Node Type": "Seq Scan", "Parent Relationship": "Outer", "Relation Name": "title", "Alias": "t", "Startup Cost": 0.0, "Total Cost": 64234.87, "Plan Rows": 258, "Plan Width": 21, "Actual Min Startup Time": 0.035, "Actual Max Startup Time": 7.299, "Actual Min Total Time": 19.422, "Actual Max Total Time": 35.945, "Actual Total Rows": 2536, "Filter": "((production_year > 2000) AND (((title)::text ~~ 'Birdemic%'::text) OR ((title)::text ~~ '%Movie%'::text)))", "Rows Removed by Filter": 2525775}]}, {"Node Type": "Index Scan", "Parent Relationship": "Inner", "Scan Direction": "Forward", "Index Name": "movie_id_movie_info_idx", "Relation Name": "movie_info_idx", "Alias": "mi_idx", "Startup Cost": 0.0, "Total Cost": 8.12, "Plan Rows": 2, "Plan Width": 8, "Actual Min Startup Time": 12.235, "Actual Max Startup Time": 12.235, "Actual Min Total Time": 13.216, "Actual Max Total Time": 13.216, "Actual Total Rows": 2645, "Index Cond": "(movie_id = t.id)", "Rows Removed by Index Recheck": 0}]}]}]}, {"Node Type": "Index Scan", "Parent Relationship": "Inner", "Scan Direction": "Forward", "Index Name": "movie_id_movie_companies", "Relation Name": "movie_companies", "Alias": "mc", "Startup Cost": 0.0, "Total Cost": 0.36, "Plan Rows": 2, "Plan Width": 12, "Actual Min Startup Time": 0.032, "Actual Max Startup Time": 0.032, "Actual Min Total Time": 0.052, "Actual Max Total Time": 0.052, "Actual Total Rows": 33, "Index Cond": "(movie_id = mi_idx.movie_id)", "Rows Removed by Index Recheck": 0}]}, {"Node Type": "Index Scan", "Parent Relationship": "Inner", "Scan Direction": "Forward", "Index Name": "movie_id_movie_info", "Relation Name": "movie_info", "Alias": "mi", "Startup Cost": 0.0, "Total Cost": 0.66, "Plan Rows": 5, "Plan Width": 50, "Actual Min Startup Time": 0.521, "Actual Max Startup Time": 0.521, "Actual Min Total Time": 2.643, "Actual Max Total Time": 2.643, "Actual Total Rows": 4959, "Index Cond": "(movie_id = mc.movie_id)", "Rows Removed by Index Recheck": 0}]}]}, {"Node Type": "Materialize", "Parent Relationship": "Inner", "Startup Cost": 0.0, "Total Cost": 1.05, "Plan Rows": 2, "Plan Width": 4, "Actual Min Startup Time": 0.017, "Actual Max Startup Time": 0.017, "Actual Min Total Time": 0.026, "Actual Max Total Time": 0.026, "Actual Total Rows": 33, "Plans": [{"Node Type": "Seq Scan", "Parent Relationship": "Outer", "Relation Name": "company_type", "Alias": "ct", "Startup Cost": 0.0, "Total Cost": 1.04, "Plan Rows": 2, "Plan Width": 4, "Actual Min Startup Time": 0.01, "Actual Max Startup Time": 0.01, "Actual Min Total Time": 0.014, "Actual Max Total Time": 0.014, "Actual Total Rows": 1, "Filter": "((kind IS NOT NULL) AND (((kind)::text = 'production companies'::text) OR ((kind)::text = 'distributors'::text)))", "Rows Removed by Filter": 2}]}]}, {"Node Type": "Index Scan", "Parent Relationship": "Inner", "Scan Direction": "Forward", "Index Name": "company_name_pkey", "Relation Name": "company_name", "Alias": "cn", "Startup Cost": 0.0, "Total Cost": 0.28, "Plan Rows": 1, "Plan Width": 4, "Actual Min Startup Time": 0.069, "Actual Max Startup Time": 0.069, "Actual Min Total Time": 0.069, "Actual Max Total Time": 0.069, "Actual Total Rows": 5, "Index Cond": "(id = mc.company_id)", "Rows Removed by Index Recheck": 0, "Filter": "((country_code)::text = '[us]'::text)", "Rows Removed by Filter": 0}]}]}, "Triggers": [], "Planner Runtime": 196.957, "Total Runtime": 230.445, "Unique SQL Id": 1682224415}}, "(64, 1)": {"explain_plan": {"Plan": {"Node Type": "Aggregate", "Strategy": "Plain", "Startup Cost": 131534.14, "Total Cost": 131534.15, "Plan Rows": 1, "Plan Width": 123, "Plans": [{"Node Type": "Nested Loop", "Parent Relationship": "Outer", "Join Type": "Inner", "Startup Cost": 0.0, "Total Cost": 131533.9, "Plan Rows": 48, "Plan Width": 59, "Inner Unique": true, "Plans": [{"Node Type": "Nested Loop", "Parent Relationship": "Outer", "Join Type": "Inner", "Startup Cost": 0.0, "Total Cost": 131520.22, "Plan Rows": 48, "Plan Width": 63, "Inner Unique": true, "Plans": [{"Node Type": "Nested Loop", "Parent Relationship": "Outer", "Join Type": "Inner", "Startup Cost": 0.0, "Total Cost": 131505.55, "Plan Rows": 51, "Plan Width": 67, "Inner Unique": false, "Join Filter": "(mi.info_type_id = it1.id)", "Plans": [{"Node Type": "Index Scan", "Parent Relationship": "Outer", "Scan Direction": "Forward", "Index Name": "info_type_pkey", "Relation Name": "info_type", "Alias": "it1", "Startup Cost": 0.0, "Total Cost": 14.21, "Plan Rows": 1, "Plan Width": 4, "Filter": "((info)::text = 'budget'::text)"}, {"Node Type": "Nested Loop", "Parent Relationship": "Inner", "Join Type": "Inner", "Startup Cost": 0.0, "Total Cost": 131477.32, "Plan Rows": 1122, "Plan Width": 71, "Inner Unique": false, "Join Filter": "(t.id = mi.movie_id)", "Plans": [{"Node Type": "Nested Loop", "Parent Relationship": "Outer", "Join Type": "Inner", "Startup Cost": 0.0, "Total Cost": 131324.66, "Plan Rows": 210, "Plan Width": 37, "Inner Unique": false, "Join Filter": "(t.id = mc.movie_id)", "Plans": [{"Node Type": "Nested Loop", "Parent Relationship": "Outer", "Join Type": "Inner", "Startup Cost": 0.0, "Total Cost": 131203.89, "Plan Rows": 311, "Plan Width": 25, "Inner Unique": true, "Join Filter": "(mi_idx.info_type_id = it2.id)", "Plans": [{"Node Type": "Nested Loop", "Parent Relationship": "Outer", "Join Type": "Inner", "Startup Cost": 0.0, "Total Cost": 131183.74, "Plan Rows": 396, "Plan Width": 29, "Inner Unique": false, "Plans": [{"Node Type": "Index Scan", "Parent Relationship": "Outer", "Scan Direction": "Forward", "Index Name": "title_pkey", "Relation Name": "title", "Alias": "t", "Startup Cost": 0.0, "Total Cost": 129082.82, "Plan Rows": 258, "Plan Width": 21, "Filter": "((production_year > 2000) AND (((title)::text ~~ 'Birdemic%'::text) OR ((title)::text ~~ '%Movie%'::text)))"}, {"Node Type": "Index Scan", "Parent Relationship": "Inner", "Scan Direction": "Forward", "Index Name": "movie_id_movie_info_idx", "Relation Name": "movie_info_idx", "Alias": "mi_idx", "Startup Cost": 0.0, "Total Cost": 8.12, "Plan Rows": 2, "Plan Width": 8, "Index Cond": "(movie_id = t.id)"}]}, {"Node Type": "Materialize", "Parent Relationship": "Inner", "Startup Cost": 0.0, "Total Cost": 14.22, "Plan Rows": 1, "Plan Width": 4, "Plans": [{"Node Type": "Index Scan", "Parent Relationship": "Outer", "Scan Direction": "Forward", "Index Name": "info_type_pkey", "Relation Name": "info_type", "Alias": "it2", "Startup Cost": 0.0, "Total Cost": 14.21, "Plan Rows": 1, "Plan Width": 4, "Filter": "((info)::text = 'bottom 10 rank'::text)"}]}]}, {"Node Type": "Index Scan", "Parent Relationship": "Inner", "Scan Direction": "Forward", "Index Name": "movie_id_movie_companies", "Relation Name": "movie_companies", "Alias": "mc", "Startup Cost": 0.0, "Total Cost": 0.36, "Plan Rows": 2, "Plan Width": 12, "Index Cond": "(movie_id = mi_idx.movie_id)"}]}, {"Node Type": "Index Scan", "Parent Relationship": "Inner", "Scan Direction": "Forward", "Index Name": "movie_id_movie_info", "Relation Name": "movie_info", "Alias": "mi", "Startup Cost": 0.0, "Total Cost": 0.66, "Plan Rows": 5, "Plan Width": 50, "Index Cond": "(movie_id = mc.movie_id)"}]}]}, {"Node Type": "Index Scan", "Parent Relationship": "Inner", "Scan Direction": "Forward", "Index Name": "company_name_pkey", "Relation Name": "company_name", "Alias": "cn", "Startup Cost": 0.0, "Total Cost": 0.28, "Plan Rows": 1, "Plan Width": 4, "Index Cond": "(id = mc.company_id)", "Filter": "((country_code)::text = '[us]'::text)"}]}, {"Node Type": "Index Scan", "Parent Relationship": "Inner", "Scan Direction": "Forward", "Index Name": "company_type_pkey", "Relation Name": "company_type", "Alias": "ct", "Startup Cost": 0.0, "Total Cost": 0.28, "Plan Rows": 1, "Plan Width": 4, "Index Cond": "(id = mc.company_type_id)", "Filter": "((kind IS NOT NULL) AND (((kind)::text = 'production companies'::text) OR ((kind)::text = 'distributors'::text)))"}]}]}, "Unique SQL Id": 1682224415}, "explain_analyze_plan": null}, "(64, 2)": {"explain_plan": {"Plan": {"Node Type": "Aggregate", "Strategy": "Plain", "Startup Cost": 68925.2, "Total Cost": 68925.21, "Plan Rows": 1, "Plan Width": 123, "Plans": [{"Node Type": "Nested Loop", "Parent Relationship": "Outer", "Join Type": "Inner", "Startup Cost": 5.15, "Total Cost": 68925.13, "Plan Rows": 14, "Plan Width": 59, "Inner Unique": true, "Plans": [{"Node Type": "Nested Loop", "Parent Relationship": "Outer", "Join Type": "Inner", "Startup Cost": 4.89, "Total Cost": 68856.6, "Plan Rows": 16, "Plan Width": 63, "Inner Unique": true, "Join Filter": "(mc.company_type_id = ct.id)", "Plans": [{"Node Type": "Nested Loop", "Parent Relationship": "Outer", "Join Type": "Inner", "Startup Cost": 4.89, "Total Cost": 68854.02, "Plan Rows": 51, "Plan Width": 67, "Inner Unique": false, "Join Filter": "(t.id = mc.movie_id)", "Plans": [{"Node Type": "Nested Loop", "Parent Relationship": "Outer", "Join Type": "Inner", "Startup Cost": 4.63, "Total Cost": 68819.48, "Plan Rows": 8, "Plan Width": 71, "Inner Unique": false, "Join Filter": "(mi.info_type_id = it1.id)", "Plans": [{"Node Type": "Seq Scan", "Parent Relationship": "Outer", "Relation Name": "info_type", "Alias": "it1", "Startup Cost": 0.0, "Total Cost": 2.4, "Plan Rows": 1, "Plan Width": 4, "Filter": "((info)::text = 'budget'::text)"}, {"Node Type": "Nested Loop", "Parent Relationship": "Inner", "Join Type": "Inner", "Startup Cost": 4.63, "Total Cost": 68796.34, "Plan Rows": 1659, "Plan Width": 75, "Inner Unique": false, "Join Filter": "(t.id = mi.movie_id)", "Plans": [{"Node Type": "Nested Loop", "Parent Relationship": "Outer", "Join Type": "Inner", "Startup Cost": 4.17, "Total Cost": 67372.44, "Plan Rows": 311, "Plan Width": 25, "Inner Unique": false, "Join Filter": "(mi_idx.info_type_id = it2.id)", "Plans": [{"Node Type": "Seq Scan", "Parent Relationship": "Outer", "Relation Name": "info_type", "Alias": "it2", "Startup Cost": 0.0, "Total Cost": 2.4, "Plan Rows": 1, "Plan Width": 4, "Filter": "((info)::text = 'bottom 10 rank'::text)"}, {"Node Type": "Materialize", "Parent Relationship": "Inner", "Startup Cost": 4.17, "Total Cost": 67366.08, "Plan Rows": 396, "Plan Width": 29, "Plans": [{"Node Type": "Nested Loop", "Parent Relationship": "Outer", "Join Type": "Inner", "Startup Cost": 4.17, "Total Cost": 67365.09, "Plan Rows": 396, "Plan Width": 29, "Inner Unique": false, "Plans": [{"Node Type": "Streaming(type: LOCAL GATHER dop: 1/64)", "Parent Relationship": "Outer", "Startup Cost": 0.0, "Total Cost": 64240.19, "Plan Rows": 258, "Plan Width": 21, "Plans": [{"Node Type": "Seq Scan", "Parent Relationship": "Outer", "Relation Name": "title", "Alias": "t", "Startup Cost": 0.0, "Total Cost": 64234.87, "Plan Rows": 258, "Plan Width": 21, "Filter": "((production_year > 2000) AND (((title)::text ~~ 'Birdemic%'::text) OR ((title)::text ~~ '%Movie%'::text)))"}]}, {"Node Type": "Bitmap Heap Scan", "Parent Relationship": "Inner", "Relation Name": "movie_info_idx", "Alias": "mi_idx", "Startup Cost": 4.17, "Total Cost": 12.09, "Plan Rows": 2, "Plan Width": 8, "Recheck Cond": "(movie_id = t.id)", "Plans": [{"Node Type": "Bitmap Index Scan", "Parent Relationship": "Outer", "Index Name": "movie_id_movie_info_idx", "Startup Cost": 0.0, "Total Cost": 4.17, "Plan Rows": 2, "Plan Width": 0, "Index Cond": "(movie_id = t.id)"}]}]}]}]}, {"Node Type": "Bitmap Heap Scan", "Parent Relationship": "Inner", "Relation Name": "movie_info", "Alias": "mi", "Startup Cost": 0.45, "Total Cost": 4.52, "Plan Rows": 5, "Plan Width": 50, "Recheck Cond": "(movie_id = mi_idx.movie_id)", "Plans": [{"Node Type": "Bitmap Index Scan", "Parent Relationship": "Outer", "Index Name": "movie_id_movie_info", "Startup Cost": 0.0, "Total Cost": 0.45, "Plan Rows": 5, "Plan Width": 0, "Index Cond": "(movie_id = mi_idx.movie_id)"}]}]}]}, {"Node Type": "Bitmap Heap Scan", "Parent Relationship": "Inner", "Relation Name": "movie_companies", "Alias": "mc", "Startup Cost": 0.27, "Total Cost": 4.29, "Plan Rows": 2, "Plan Width": 12, "Recheck Cond": "(movie_id = mi.movie_id)", "Plans": [{"Node Type": "Bitmap Index Scan", "Parent Relationship": "Outer", "Index Name": "movie_id_movie_companies", "Startup Cost": 0.0, "Total Cost": 0.27, "Plan Rows": 2, "Plan Width": 0, "Index Cond": "(movie_id = mi.movie_id)"}]}]}, {"Node Type": "Materialize", "Parent Relationship": "Inner", "Startup Cost": 0.0, "Total Cost": 1.05, "Plan Rows": 2, "Plan Width": 4, "Plans": [{"Node Type": "Seq Scan", "Parent Relationship": "Outer", "Relation Name": "company_type", "Alias": "ct", "Startup Cost": 0.0, "Total Cost": 1.04, "Plan Rows": 2, "Plan Width": 4, "Filter": "((kind IS NOT NULL) AND (((kind)::text = 'production companies'::text) OR ((kind)::text = 'distributors'::text)))"}]}]}, {"Node Type": "Bitmap Heap Scan", "Parent Relationship": "Inner", "Relation Name": "company_name", "Alias": "cn", "Startup Cost": 0.26, "Total Cost": 4.27, "Plan Rows": 1, "Plan Width": 4, "Recheck Cond": "(id = mc.company_id)", "Filter": "((country_code)::text = '[us]'::text)", "Plans": [{"Node Type": "Bitmap Index Scan", "Parent Relationship": "Outer", "Index Name": "company_name_pkey", "Startup Cost": 0.0, "Total Cost": 0.26, "Plan Rows": 1, "Plan Width": 0, "Index Cond": "(id = mc.company_id)"}]}]}]}, "Unique SQL Id": 1682224415}, "explain_analyze_plan": {"Plan": {"Node Type": "Aggregate", "Strategy": "Plain", "Startup Cost": 68925.2, "Total Cost": 68925.21, "Plan Rows": 1, "Plan Width": 123, "Actual Min Startup Time": 144.396, "Actual Max Startup Time": 144.396, "Actual Min Total Time": 144.396, "Actual Max Total Time": 144.396, "Actual Total Rows": 1, "Plans": [{"Node Type": "Nested Loop", "Parent Relationship": "Outer", "Join Type": "Inner", "Startup Cost": 5.15, "Total Cost": 68925.13, "Plan Rows": 14, "Plan Width": 59, "Actual Min Startup Time": 143.362, "Actual Max Startup Time": 143.362, "Actual Min Total Time": 144.362, "Actual Max Total Time": 144.362, "Actual Total Rows": 5, "Inner Unique": true, "Plans": [{"Node Type": "Nested Loop", "Parent Relationship": "Outer", "Join Type": "Inner", "Startup Cost": 4.89, "Total Cost": 68856.6, "Plan Rows": 16, "Plan Width": 63, "Actual Min Startup Time": 143.327, "Actual Max Startup Time": 143.327, "Actual Min Total Time": 144.282, "Actual Max Total Time": 144.282, "Actual Total Rows": 5, "Inner Unique": true, "Join Filter": "(mc.company_type_id = ct.id)", "Rows Removed by Join Filter": 28, "Plans": [{"Node Type": "Nested Loop", "Parent Relationship": "Outer", "Join Type": "Inner", "Startup Cost": 4.89, "Total Cost": 68854.02, "Plan Rows": 51, "Plan Width": 67, "Actual Min Startup Time": 143.287, "Actual Max Startup Time": 143.287, "Actual Min Total Time": 144.233, "Actual Max Total Time": 144.233, "Actual Total Rows": 33, "Inner Unique": false, "Join Filter": "(t.id = mc.movie_id)", "Rows Removed by Join Filter": 0, "Plans": [{"Node Type": "Nested Loop", "Parent Relationship": "Outer", "Join Type": "Inner", "Startup Cost": 4.63, "Total Cost": 68819.48, "Plan Rows": 8, "Plan Width": 71, "Actual Min Startup Time": 143.243, "Actual Max Startup Time": 143.243, "Actual Min Total Time": 144.124, "Actual Max Total Time": 144.124, "Actual Total Rows": 2, "Inner Unique": false, "Join Filter": "(mi.info_type_id = it1.id)", "Rows Removed by Join Filter": 219, "Plans": [{"Node Type": "Seq Scan", "Parent Relationship": "Outer", "Relation Name": "info_type", "Alias": "it1", "Startup Cost": 0.0, "Total Cost": 2.4, "Plan Rows": 1, "Plan Width": 4, "Actual Min Startup Time": 0.135, "Actual Max Startup Time": 0.135, "Actual Min Total Time": 0.145, "Actual Max Total Time": 0.145, "Actual Total Rows": 1, "Filter": "((info)::text = 'budget'::text)", "Rows Removed by Filter": 111}, {"Node Type": "Nested Loop", "Parent Relationship": "Inner", "Join Type": "Inner", "Startup Cost": 4.63, "Total Cost": 68796.34, "Plan Rows": 1659, "Plan Width": 75, "Actual Min Startup Time": 143.013, "Actual Max Startup Time": 143.013, "Actual Min Total Time": 143.859, "Actual Max Total Time": 143.859, "Actual Total Rows": 221, "Inner Unique": false, "Join Filter": "(t.id = mi.movie_id)", "Rows Removed by Join Filter": 0, "Plans": [{"Node Type": "Nested Loop", "Parent Relationship": "Outer", "Join Type": "Inner", "Startup Cost": 4.17, "Total Cost": 67372.44, "Plan Rows": 311, "Plan Width": 25, "Actual Min Startup Time": 142.962, "Actual Max Startup Time": 142.962, "Actual Min Total Time": 143.521, "Actual Max Total Time": 143.521, "Actual Total Rows": 2, "Inner Unique": false, "Join Filter": "(mi_idx.info_type_id = it2.id)", "Rows Removed by Join Filter": 2643, "Plans": [{"Node Type": "Seq Scan", "Parent Relationship": "Outer", "Relation Name": "info_type", "Alias": "it2", "Startup Cost": 0.0, "Total Cost": 2.4, "Plan Rows": 1, "Plan Width": 4, "Actual Min Startup Time": 0.082, "Actual Max Startup Time": 0.082, "Actual Min Total Time": 0.085, "Actual Max Total Time": 0.085, "Actual Total Rows": 1, "Filter": "((info)::text = 'bottom 10 rank'::text)", "Rows Removed by Filter": 111}, {"Node Type": "Materialize", "Parent Relationship": "Inner", "Startup Cost": 4.17, "Total Cost": 67366.08, "Plan Rows": 396, "Plan Width": 29, "Actual Min Startup Time": 142.459, "Actual Max Startup Time": 142.459, "Actual Min Total Time": 142.862, "Actual Max Total Time": 142.862, "Actual Total Rows": 2646, "Plans": [{"Node Type": "Nested Loop", "Parent Relationship": "Outer", "Join Type": "Inner", "Startup Cost": 4.17, "Total Cost": 67365.09, "Plan Rows": 396, "Plan Width": 29, "Actual Min Startup Time": 24.365, "Actual Max Startup Time": 24.365, "Actual Min Total Time": 140.634, "Actual Max Total Time": 140.634, "Actual Total Rows": 2645, "Inner Unique": false, "Plans": [{"Node Type": "Streaming(type: LOCAL GATHER dop: 1/64)", "Parent Relationship": "Outer", "Startup Cost": 0.0, "Total Cost": 64240.19, "Plan Rows": 258, "Plan Width": 21, "Actual Min Startup Time": 24.241, "Actual Max Startup Time": 24.241, "Actual Min Total Time": 120.239, "Actual Max Total Time": 120.239, "Actual Total Rows": 2536, "Plans": [{"Node Type": "Seq Scan", "Parent Relationship": "Outer", "Relation Name": "title", "Alias": "t", "Startup Cost": 0.0, "Total Cost": 64234.87, "Plan Rows": 258, "Plan Width": 21, "Actual Min Startup Time": 0.039, "Actual Max Startup Time": 7.312, "Actual Min Total Time": 21.45, "Actual Max Total Time": 48.946, "Actual Total Rows": 2536, "Filter": "((production_year > 2000) AND (((title)::text ~~ 'Birdemic%'::text) OR ((title)::text ~~ '%Movie%'::text)))", "Rows Removed by Filter": 2525775}]}, {"Node Type": "Bitmap Heap Scan", "Parent Relationship": "Inner", "Relation Name": "movie_info_idx", "Alias": "mi_idx", "Startup Cost": 4.17, "Total Cost": 12.09, "Plan Rows": 2, "Plan Width": 8, "Actual Min Startup Time": 14.454, "Actual Max Startup Time": 14.454, "Actual Min Total Time": 14.775, "Actual Max Total Time": 14.775, "Actual Total Rows": 2645, "Recheck Cond": "(movie_id = t.id)", "Rows Removed by Index Recheck": 0, "Exact Heap Blocks": 890, "Lossy Heap Blocks": 890, "Plans": [{"Node Type": "Bitmap Index Scan", "Parent Relationship": "Outer", "Index Name": "movie_id_movie_info_idx", "Startup Cost": 0.0, "Total Cost": 4.17, "Plan Rows": 2, "Plan Width": 0, "Actual Min Startup Time": 10.953, "Actual Max Startup Time": 10.953, "Actual Min Total Time": 10.953, "Actual Max Total Time": 10.953, "Actual Total Rows": 2645, "Index Cond": "(movie_id = t.id)"}]}]}]}]}, {"Node Type": "Bitmap Heap Scan", "Parent Relationship": "Inner", "Relation Name": "movie_info", "Alias": "mi", "Startup Cost": 0.45, "Total Cost": 4.52, "Plan Rows": 5, "Plan Width": 50, "Actual Min Startup Time": 0.077, "Actual Max Startup Time": 0.077, "Actual Min Total Time": 0.241, "Actual Max Total Time": 0.241, "Actual Total Rows": 221, "Recheck Cond": "(movie_id = mi_idx.movie_id)", "Rows Removed by Index Recheck": 0, "Exact Heap Blocks": 40, "Lossy Heap Blocks": 40, "Plans": [{"Node Type": "Bitmap Index Scan", "Parent Relationship": "Outer", "Index Name": "movie_id_movie_info", "Startup Cost": 0.0, "Total Cost": 0.45, "Plan Rows": 5, "Plan Width": 0, "Actual Min Startup Time": 0.058, "Actual Max Startup Time": 0.058, "Actual Min Total Time": 0.058, "Actual Max Total Time": 0.058, "Actual Total Rows": 221, "Index Cond": "(movie_id = mi_idx.movie_id)"}]}]}]}, {"Node Type": "Bitmap Heap Scan", "Parent Relationship": "Inner", "Relation Name": "movie_companies", "Alias": "mc", "Startup Cost": 0.27, "Total Cost": 4.29, "Plan Rows": 2, "Plan Width": 12, "Actual Min Startup Time": 0.065, "Actual Max Startup Time": 0.065, "Actual Min Total Time": 0.075, "Actual Max Total Time": 0.075, "Actual Total Rows": 33, "Recheck Cond": "(movie_id = mi.movie_id)", "Rows Removed by Index Recheck": 0, "Exact Heap Blocks": 4, "Lossy Heap Blocks": 4, "Plans": [{"Node Type": "Bitmap Index Scan", "Parent Relationship": "Outer", "Index Name": "movie_id_movie_companies", "Startup Cost": 0.0, "Total Cost": 0.27, "Plan Rows": 2, "Plan Width": 0, "Actual Min Startup Time": 0.032, "Actual Max Startup Time": 0.032, "Actual Min Total Time": 0.032, "Actual Max Total Time": 0.032, "Actual Total Rows": 33, "Index Cond": "(movie_id = mi.movie_id)"}]}]}, {"Node Type": "Materialize", "Parent Relationship": "Inner", "Startup Cost": 0.0, "Total Cost": 1.05, "Plan Rows": 2, "Plan Width": 4, "Actual Min Startup Time": 0.021, "Actual Max Startup Time": 0.021, "Actual Min Total Time": 0.029, "Actual Max Total Time": 0.029, "Actual Total Rows": 33, "Plans": [{"Node Type": "Seq Scan", "Parent Relationship": "Outer", "Relation Name": "company_type", "Alias": "ct", "Startup Cost": 0.0, "Total Cost": 1.04, "Plan Rows": 2, "Plan Width": 4, "Actual Min Startup Time": 0.015, "Actual Max Startup Time": 0.015, "Actual Min Total Time": 0.021, "Actual Max Total Time": 0.021, "Actual Total Rows": 1, "Filter": "((kind IS NOT NULL) AND (((kind)::text = 'production companies'::text) OR ((kind)::text = 'distributors'::text)))", "Rows Removed by Filter": 2}]}]}, {"Node Type": "Bitmap Heap Scan", "Parent Relationship": "Inner", "Relation Name": "company_name", "Alias": "cn", "Startup Cost": 0.26, "Total Cost": 4.27, "Plan Rows": 1, "Plan Width": 4, "Actual Min Startup Time": 0.059, "Actual Max Startup Time": 0.059, "Actual Min Total Time": 0.059, "Actual Max Total Time": 0.059, "Actual Total Rows": 5, "Recheck Cond": "(id = mc.company_id)", "Rows Removed by Index Recheck": 0, "Filter": "((country_code)::text = '[us]'::text)", "Rows Removed by Filter": 0, "Exact Heap Blocks": 5, "Lossy Heap Blocks": 5, "Plans": [{"Node Type": "Bitmap Index Scan", "Parent Relationship": "Outer", "Index Name": "company_name_pkey", "Startup Cost": 0.0, "Total Cost": 0.26, "Plan Rows": 1, "Plan Width": 0, "Actual Min Startup Time": 0.033, "Actual Max Startup Time": 0.033, "Actual Min Total Time": 0.033, "Actual Max Total Time": 0.033, "Actual Total Rows": 5, "Index Cond": "(id = mc.company_id)"}]}]}]}, "Triggers": [], "Planner Runtime": 203.427, "Total Runtime": 159.856, "Unique SQL Id": 1682224415}}, "(64, 3)": {"explain_plan": {"Plan": {"Node Type": "Aggregate", "Strategy": "Plain", "Startup Cost": 135083.51, "Total Cost": 135083.52, "Plan Rows": 1, "Plan Width": 123, "Plans": [{"Node Type": "Nested Loop", "Parent Relationship": "Outer", "Join Type": "Inner", "Startup Cost": 49668.32, "Total Cost": 135083.27, "Plan Rows": 48, "Plan Width": 59, "Inner Unique": true, "Plans": [{"Node Type": "Nested Loop", "Parent Relationship": "Outer", "Join Type": "Inner", "Startup Cost": 49668.06, "Total Cost": 135014.74, "Plan Rows": 16, "Plan Width": 63, "Inner Unique": true, "Plans": [{"Node Type": "Nested Loop", "Parent Relationship": "Outer", "Join Type": "Inner", "Startup Cost": 49667.8, "Total Cost": 134796.19, "Plan Rows": 51, "Plan Width": 67, "Inner Unique": true, "Plans": [{"Node Type": "Nested Loop", "Parent Relationship": "Outer", "Join Type": "Inner", "Startup Cost": 49667.54, "Total Cost": 134517.81, "Plan Rows": 65, "Plan Width": 71, "Inner Unique": false, "Join Filter": "(t.id = mi_idx.movie_id)", "Plans": [{"Node Type": "Nested Loop", "Parent Relationship": "Outer", "Join Type": "Inner", "Startup Cost": 49667.27, "Total Cost": 134336.51, "Plan Rows": 42, "Plan Width": 79, "Inner Unique": false, "Join Filter": "(mi.info_type_id = it1.id)", "Plans": [{"Node Type": "Bitmap Heap Scan", "Parent Relationship": "Outer", "Relation Name": "info_type", "Alias": "it1", "Startup Cost": 8.81, "Total Cost": 14.21, "Plan Rows": 1, "Plan Width": 4, "Filter": "((info)::text = 'budget'::text)", "Plans": [{"Node Type": "Bitmap Index Scan", "Parent Relationship": "Outer", "Index Name": "info_type_pkey", "Startup Cost": 0.0, "Total Cost": 8.81, "Plan Rows": 112, "Plan Width": 0}]}, {"Node Type": "Nested Loop", "Parent Relationship": "Inner", "Join Type": "Inner", "Startup Cost": 49658.46, "Total Cost": 134284.94, "Plan Rows": 2989, "Plan Width": 83, "Inner Unique": false, "Join Filter": "(t.id = mi.movie_id)", "Plans": [{"Node Type": "Nested Loop", "Parent Relationship": "Outer", "Join Type": "Inner", "Startup Cost": 49658.09, "Total Cost": 131831.96, "Plan Rows": 545, "Plan Width": 33, "Inner Unique": false, "Plans": [{"Node Type": "Bitmap Heap Scan", "Parent Relationship": "Outer", "Relation Name": "title", "Alias": "t", "Startup Cost": 49653.87, "Total Cost": 128685.31, "Plan Rows": 258, "Plan Width": 21, "Filter": "((production_year > 2000) AND (((title)::text ~~ 'Birdemic%'::text) OR ((title)::text ~~ '%Movie%'::text)))", "Plans": [{"Node Type": "Bitmap Index Scan", "Parent Relationship": "Outer", "Index Name": "title_pkey", "Startup Cost": 0.0, "Total Cost": 49653.81, "Plan Rows": 2528311, "Plan Width": 0}]}, {"Node Type": "Bitmap Heap Scan", "Parent Relationship": "Inner", "Relation Name": "movie_companies", "Alias": "mc", "Startup Cost": 4.22, "Total Cost": 12.18, "Plan Rows": 2, "Plan Width": 12, "Recheck Cond": "(movie_id = t.id)", "Plans": [{"Node Type": "Bitmap Index Scan", "Parent Relationship": "Outer", "Index Name": "movie_id_movie_companies", "Startup Cost": 0.0, "Total Cost": 4.22, "Plan Rows": 2, "Plan Width": 0, "Index Cond": "(movie_id = t.id)"}]}]}, {"Node Type": "Bitmap Heap Scan", "Parent Relationship": "Inner", "Relation Name": "movie_info", "Alias": "mi", "Startup Cost": 0.38, "Total Cost": 4.44, "Plan Rows": 5, "Plan Width": 50, "Recheck Cond": "(movie_id = mc.movie_id)", "Plans": [{"Node Type": "Bitmap Index Scan", "Parent Relationship": "Outer", "Index Name": "movie_id_movie_info", "Startup Cost": 0.0, "Total Cost": 0.37, "Plan Rows": 5, "Plan Width": 0, "Index Cond": "(movie_id = mc.movie_id)"}]}]}]}, {"Node Type": "Bitmap Heap Scan", "Parent Relationship": "Inner", "Relation Name": "movie_info_idx", "Alias": "mi_idx", "Startup Cost": 0.27, "Total Cost": 4.29, "Plan Rows": 2, "Plan Width": 8, "Recheck Cond": "(movie_id = mi.movie_id)", "Plans": [{"Node Type": "Bitmap Index Scan", "Parent Relationship": "Outer", "Index Name": "movie_id_movie_info_idx", "Startup Cost": 0.0, "Total Cost": 0.27, "Plan Rows": 2, "Plan Width": 0, "Index Cond": "(movie_id = mi.movie_id)"}]}]}, {"Node Type": "Bitmap Heap Scan", "Parent Relationship": "Inner", "Relation Name": "info_type", "Alias": "it2", "Startup Cost": 0.26, "Total Cost": 4.27, "Plan Rows": 1, "Plan Width": 4, "Recheck Cond": "(id = mi_idx.info_type_id)", "Filter": "((info)::text = 'bottom 10 rank'::text)", "Plans": [{"Node Type": "Bitmap Index Scan", "Parent Relationship": "Outer", "Index Name": "info_type_pkey", "Startup Cost": 0.0, "Total Cost": 0.26, "Plan Rows": 1, "Plan Width": 0, "Index Cond": "(id = mi_idx.info_type_id)"}]}]}, {"Node Type": "Bitmap Heap Scan", "Parent Relationship": "Inner", "Relation Name": "company_type", "Alias": "ct", "Startup Cost": 0.26, "Total Cost": 4.28, "Plan Rows": 1, "Plan Width": 4, "Recheck Cond": "(id = mc.company_type_id)", "Filter": "((kind IS NOT NULL) AND (((kind)::text = 'production companies'::text) OR ((kind)::text = 'distributors'::text)))", "Plans": [{"Node Type": "Bitmap Index Scan", "Parent Relationship": "Outer", "Index Name": "company_type_pkey", "Startup Cost": 0.0, "Total Cost": 0.26, "Plan Rows": 1, "Plan Width": 0, "Index Cond": "(id = mc.company_type_id)"}]}]}, {"Node Type": "Bitmap Heap Scan", "Parent Relationship": "Inner", "Relation Name": "company_name", "Alias": "cn", "Startup Cost": 0.26, "Total Cost": 4.27, "Plan Rows": 1, "Plan Width": 4, "Recheck Cond": "(id = mc.company_id)", "Filter": "((country_code)::text = '[us]'::text)", "Plans": [{"Node Type": "Bitmap Index Scan", "Parent Relationship": "Outer", "Index Name": "company_name_pkey", "Startup Cost": 0.0, "Total Cost": 0.26, "Plan Rows": 1, "Plan Width": 0, "Index Cond": "(id = mc.company_id)"}]}]}]}, "Unique SQL Id": 1682224415}, "explain_analyze_plan": null}, "(64, 4)": {"explain_plan": {"Plan": {"Node Type": "Aggregate", "Strategy": "Plain", "Startup Cost": 66648.03, "Total Cost": 66648.04, "Plan Rows": 1, "Plan Width": 123, "Plans": [{"Node Type": "Nested Loop", "Parent Relationship": "Outer", "Join Type": "Inner", "Startup Cost": 0.0, "Total Cost": 66648.01, "Plan Rows": 4, "Plan Width": 59, "Inner Unique": true, "Plans": [{"Node Type": "Nested Loop", "Parent Relationship": "Outer", "Join Type": "Inner", "Startup Cost": 0.0, "Total Cost": 66646.0, "Plan Rows": 7, "Plan Width": 63, "Inner Unique": true, "Join Filter": "(mc.company_type_id = ct.id)", "Plans": [{"Node Type": "Nested Loop", "Parent Relationship": "Outer", "Join Type": "Inner", "Startup Cost": 0.0, "Total Cost": 66643.42, "Plan Rows": 51, "Plan Width": 67, "Inner Unique": false, "Join Filter": "(mi.info_type_id = it1.id)", "Plans": [{"Node Type": "Seq Scan", "Parent Relationship": "Outer", "Relation Name": "info_type", "Alias": "it1", "Startup Cost": 0.0, "Total Cost": 2.4, "Plan Rows": 1, "Plan Width": 4, "Filter": "((info)::text = 'budget'::text)"}, {"Node Type": "Nested Loop", "Parent Relationship": "Inner", "Join Type": "Inner", "Startup Cost": 0.0, "Total Cost": 66621.88, "Plan Rows": 1531, "Plan Width": 71, "Inner Unique": false, "Join Filter": "(t.id = mi.movie_id)", "Plans": [{"Node Type": "Nested Loop", "Parent Relationship": "Outer", "Join Type": "Inner", "Startup Cost": 0.0, "Total Cost": 66469.22, "Plan Rows": 210, "Plan Width": 37, "Inner Unique": false, "Join Filter": "(t.id = mc.movie_id)", "Plans": [{"Node Type": "Nested Loop", "Parent Relationship": "Outer", "Join Type": "Inner", "Startup Cost": 0.0, "Total Cost": 66348.45, "Plan Rows": 311, "Plan Width": 25, "Inner Unique": false, "Join Filter": "(mi_idx.info_type_id = it2.id)", "Plans": [{"Node Type": "Seq Scan", "Parent Relationship": "Outer", "Relation Name": "info_type", "Alias": "it2", "Startup Cost": 0.0, "Total Cost": 2.4, "Plan Rows": 1, "Plan Width": 4, "Filter": "((info)::text = 'bottom 10 rank'::text)"}, {"Node Type": "Materialize", "Parent Relationship": "Inner", "Startup Cost": 0.0, "Total Cost": 66342.09, "Plan Rows": 396, "Plan Width": 29, "Plans": [{"Node Type": "Nested Loop", "Parent Relationship": "Outer", "Join Type": "Inner", "Startup Cost": 0.0, "Total Cost": 66341.1, "Plan Rows": 396, "Plan Width": 29, "Inner Unique": false, "Plans": [{"Node Type": "Streaming(type: LOCAL GATHER dop: 1/64)", "Parent Relationship": "Outer", "Startup Cost": 0.0, "Total Cost": 64240.19, "Plan Rows": 258, "Plan Width": 21, "Plans": [{"Node Type": "Seq Scan", "Parent Relationship": "Outer", "Relation Name": "title", "Alias": "t", "Startup Cost": 0.0, "Total Cost": 64234.87, "Plan Rows": 258, "Plan Width": 21, "Filter": "((production_year > 2000) AND (((title)::text ~~ 'Birdemic%'::text) OR ((title)::text ~~ '%Movie%'::text)))"}]}, {"Node Type": "Index Scan", "Parent Relationship": "Inner", "Scan Direction": "Forward", "Index Name": "movie_id_movie_info_idx", "Relation Name": "movie_info_idx", "Alias": "mi_idx", "Startup Cost": 0.0, "Total Cost": 8.12, "Plan Rows": 2, "Plan Width": 8, "Index Cond": "(movie_id = t.id)"}]}]}]}, {"Node Type": "Index Scan", "Parent Relationship": "Inner", "Scan Direction": "Forward", "Index Name": "movie_id_movie_companies", "Relation Name": "movie_companies", "Alias": "mc", "Startup Cost": 0.0, "Total Cost": 0.36, "Plan Rows": 2, "Plan Width": 12, "Index Cond": "(movie_id = mi_idx.movie_id)"}]}, {"Node Type": "Index Scan", "Parent Relationship": "Inner", "Scan Direction": "Forward", "Index Name": "movie_id_movie_info", "Relation Name": "movie_info", "Alias": "mi", "Startup Cost": 0.0, "Total Cost": 0.66, "Plan Rows": 5, "Plan Width": 50, "Index Cond": "(movie_id = mc.movie_id)"}]}]}, {"Node Type": "Materialize", "Parent Relationship": "Inner", "Startup Cost": 0.0, "Total Cost": 1.05, "Plan Rows": 2, "Plan Width": 4, "Plans": [{"Node Type": "Seq Scan", "Parent Relationship": "Outer", "Relation Name": "company_type", "Alias": "ct", "Startup Cost": 0.0, "Total Cost": 1.04, "Plan Rows": 2, "Plan Width": 4, "Filter": "((kind IS NOT NULL) AND (((kind)::text = 'production companies'::text) OR ((kind)::text = 'distributors'::text)))"}]}]}, {"Node Type": "Index Scan", "Parent Relationship": "Inner", "Scan Direction": "Forward", "Index Name": "company_name_pkey", "Relation Name": "company_name", "Alias": "cn", "Startup Cost": 0.0, "Total Cost": 0.28, "Plan Rows": 1, "Plan Width": 4, "Index Cond": "(id = mc.company_id)", "Filter": "((country_code)::text = '[us]'::text)"}]}]}, "Unique SQL Id": 1682224415}, "explain_analyze_plan": {"Plan": {"Node Type": "Aggregate", "Strategy": "Plain", "Startup Cost": 66648.03, "Total Cost": 66648.04, "Plan Rows": 1, "Plan Width": 123, "Actual Min Startup Time": 217.772, "Actual Max Startup Time": 217.772, "Actual Min Total Time": 217.772, "Actual Max Total Time": 217.772, "Actual Total Rows": 1, "Plans": [{"Node Type": "Nested Loop", "Parent Relationship": "Outer", "Join Type": "Inner", "Startup Cost": 0.0, "Total Cost": 66648.01, "Plan Rows": 4, "Plan Width": 59, "Actual Min Startup Time": 211.743, "Actual Max Startup Time": 211.743, "Actual Min Total Time": 217.672, "Actual Max Total Time": 217.672, "Actual Total Rows": 5, "Inner Unique": true, "Plans": [{"Node Type": "Nested Loop", "Parent Relationship": "Outer", "Join Type": "Inner", "Startup Cost": 0.0, "Total Cost": 66646.0, "Plan Rows": 7, "Plan Width": 63, "Actual Min Startup Time": 211.721, "Actual Max Startup Time": 211.721, "Actual Min Total Time": 217.591, "Actual Max Total Time": 217.591, "Actual Total Rows": 5, "Inner Unique": true, "Join Filter": "(mc.company_type_id = ct.id)", "Rows Removed by Join Filter": 28, "Plans": [{"Node Type": "Nested Loop", "Parent Relationship": "Outer", "Join Type": "Inner", "Startup Cost": 0.0, "Total Cost": 66643.42, "Plan Rows": 51, "Plan Width": 67, "Actual Min Startup Time": 211.472, "Actual Max Startup Time": 211.472, "Actual Min Total Time": 217.533, "Actual Max Total Time": 217.533, "Actual Total Rows": 33, "Inner Unique": false, "Join Filter": "(mi.info_type_id = it1.id)", "Rows Removed by Join Filter": 4926, "Plans": [{"Node Type": "Seq Scan", "Parent Relationship": "Outer", "Relation Name": "info_type", "Alias": "it1", "Startup Cost": 0.0, "Total Cost": 2.4, "Plan Rows": 1, "Plan Width": 4, "Actual Min Startup Time": 0.099, "Actual Max Startup Time": 0.099, "Actual Min Total Time": 0.107, "Actual Max Total Time": 0.107, "Actual Total Rows": 1, "Filter": "((info)::text = 'budget'::text)", "Rows Removed by Filter": 111}, {"Node Type": "Nested Loop", "Parent Relationship": "Inner", "Join Type": "Inner", "Startup Cost": 0.0, "Total Cost": 66621.88, "Plan Rows": 1531, "Plan Width": 71, "Actual Min Startup Time": 211.287, "Actual Max Startup Time": 211.287, "Actual Min Total Time": 216.404, "Actual Max Total Time": 216.404, "Actual Total Rows": 4959, "Inner Unique": false, "Join Filter": "(t.id = mi.movie_id)", "Rows Removed by Join Filter": 0, "Plans": [{"Node Type": "Nested Loop", "Parent Relationship": "Outer", "Join Type": "Inner", "Startup Cost": 0.0, "Total Cost": 66469.22, "Plan Rows": 210, "Plan Width": 37, "Actual Min Startup Time": 211.262, "Actual Max Startup Time": 211.262, "Actual Min Total Time": 212.181, "Actual Max Total Time": 212.181, "Actual Total Rows": 33, "Inner Unique": false, "Join Filter": "(t.id = mc.movie_id)", "Rows Removed by Join Filter": 0, "Plans": [{"Node Type": "Nested Loop", "Parent Relationship": "Outer", "Join Type": "Inner", "Startup Cost": 0.0, "Total Cost": 66348.45, "Plan Rows": 311, "Plan Width": 25, "Actual Min Startup Time": 211.236, "Actual Max Startup Time": 211.236, "Actual Min Total Time": 212.099, "Actual Max Total Time": 212.099, "Actual Total Rows": 2, "Inner Unique": false, "Join Filter": "(mi_idx.info_type_id = it2.id)", "Rows Removed by Join Filter": 2643, "Plans": [{"Node Type": "Seq Scan", "Parent Relationship": "Outer", "Relation Name": "info_type", "Alias": "it2", "Startup Cost": 0.0, "Total Cost": 2.4, "Plan Rows": 1, "Plan Width": 4, "Actual Min Startup Time": 0.088, "Actual Max Startup Time": 0.088, "Actual Min Total Time": 0.094, "Actual Max Total Time": 0.094, "Actual Total Rows": 1, "Filter": "((info)::text = 'bottom 10 rank'::text)", "Rows Removed by Filter": 111}, {"Node Type": "Materialize", "Parent Relationship": "Inner", "Startup Cost": 0.0, "Total Cost": 66342.09, "Plan Rows": 396, "Plan Width": 29, "Actual Min Startup Time": 211.127, "Actual Max Startup Time": 211.127, "Actual Min Total Time": 211.418, "Actual Max Total Time": 211.418, "Actual Total Rows": 2646, "Plans": [{"Node Type": "Nested Loop", "Parent Relationship": "Outer", "Join Type": "Inner", "Startup Cost": 0.0, "Total Cost": 66341.1, "Plan Rows": 396, "Plan Width": 29, "Actual Min Startup Time": 98.187, "Actual Max Startup Time": 98.187, "Actual Min Total Time": 210.25, "Actual Max Total Time": 210.25, "Actual Total Rows": 2645, "Inner Unique": false, "Plans": [{"Node Type": "Streaming(type: LOCAL GATHER dop: 1/64)", "Parent Relationship": "Outer", "Startup Cost": 0.0, "Total Cost": 64240.19, "Plan Rows": 258, "Plan Width": 21, "Actual Min Startup Time": 98.092, "Actual Max Startup Time": 98.092, "Actual Min Total Time": 195.165, "Actual Max Total Time": 195.165, "Actual Total Rows": 2536, "Plans": [{"Node Type": "Seq Scan", "Parent Relationship": "Outer", "Relation Name": "title", "Alias": "t", "Startup Cost": 0.0, "Total Cost": 64234.87, "Plan Rows": 258, "Plan Width": 21, "Actual Min Startup Time": 0.035, "Actual Max Startup Time": 7.299, "Actual Min Total Time": 19.422, "Actual Max Total Time": 35.945, "Actual Total Rows": 2536, "Filter": "((production_year > 2000) AND (((title)::text ~~ 'Birdemic%'::text) OR ((title)::text ~~ '%Movie%'::text)))", "Rows Removed by Filter": 2525775}]}, {"Node Type": "Index Scan", "Parent Relationship": "Inner", "Scan Direction": "Forward", "Index Name": "movie_id_movie_info_idx", "Relation Name": "movie_info_idx", "Alias": "mi_idx", "Startup Cost": 0.0, "Total Cost": 8.12, "Plan Rows": 2, "Plan Width": 8, "Actual Min Startup Time": 12.235, "Actual Max Startup Time": 12.235, "Actual Min Total Time": 13.216, "Actual Max Total Time": 13.216, "Actual Total Rows": 2645, "Index Cond": "(movie_id = t.id)", "Rows Removed by Index Recheck": 0}]}]}]}, {"Node Type": "Index Scan", "Parent Relationship": "Inner", "Scan Direction": "Forward", "Index Name": "movie_id_movie_companies", "Relation Name": "movie_companies", "Alias": "mc", "Startup Cost": 0.0, "Total Cost": 0.36, "Plan Rows": 2, "Plan Width": 12, "Actual Min Startup Time": 0.032, "Actual Max Startup Time": 0.032, "Actual Min Total Time": 0.052, "Actual Max Total Time": 0.052, "Actual Total Rows": 33, "Index Cond": "(movie_id = mi_idx.movie_id)", "Rows Removed by Index Recheck": 0}]}, {"Node Type": "Index Scan", "Parent Relationship": "Inner", "Scan Direction": "Forward", "Index Name": "movie_id_movie_info", "Relation Name": "movie_info", "Alias": "mi", "Startup Cost": 0.0, "Total Cost": 0.66, "Plan Rows": 5, "Plan Width": 50, "Actual Min Startup Time": 0.521, "Actual Max Startup Time": 0.521, "Actual Min Total Time": 2.643, "Actual Max Total Time": 2.643, "Actual Total Rows": 4959, "Index Cond": "(movie_id = mc.movie_id)", "Rows Removed by Index Recheck": 0}]}]}, {"Node Type": "Materialize", "Parent Relationship": "Inner", "Startup Cost": 0.0, "Total Cost": 1.05, "Plan Rows": 2, "Plan Width": 4, "Actual Min Startup Time": 0.017, "Actual Max Startup Time": 0.017, "Actual Min Total Time": 0.026, "Actual Max Total Time": 0.026, "Actual Total Rows": 33, "Plans": [{"Node Type": "Seq Scan", "Parent Relationship": "Outer", "Relation Name": "company_type", "Alias": "ct", "Startup Cost": 0.0, "Total Cost": 1.04, "Plan Rows": 2, "Plan Width": 4, "Actual Min Startup Time": 0.01, "Actual Max Startup Time": 0.01, "Actual Min Total Time": 0.014, "Actual Max Total Time": 0.014, "Actual Total Rows": 1, "Filter": "((kind IS NOT NULL) AND (((kind)::text = 'production companies'::text) OR ((kind)::text = 'distributors'::text)))", "Rows Removed by Filter": 2}]}]}, {"Node Type": "Index Scan", "Parent Relationship": "Inner", "Scan Direction": "Forward", "Index Name": "company_name_pkey", "Relation Name": "company_name", "Alias": "cn", "Startup Cost": 0.0, "Total Cost": 0.28, "Plan Rows": 1, "Plan Width": 4, "Actual Min Startup Time": 0.069, "Actual Max Startup Time": 0.069, "Actual Min Total Time": 0.069, "Actual Max Total Time": 0.069, "Actual Total Rows": 5, "Index Cond": "(id = mc.company_id)", "Rows Removed by Index Recheck": 0, "Filter": "((country_code)::text = '[us]'::text)", "Rows Removed by Filter": 0}]}]}, "Triggers": [], "Planner Runtime": 196.957, "Total Runtime": 230.445, "Unique SQL Id": 1682224415}}, "(64, 5)": {"explain_plan": {"Plan": {"Node Type": "Aggregate", "Strategy": "Plain", "Startup Cost": 131534.14, "Total Cost": 131534.15, "Plan Rows": 1, "Plan Width": 123, "Plans": [{"Node Type": "Nested Loop", "Parent Relationship": "Outer", "Join Type": "Inner", "Startup Cost": 0.0, "Total Cost": 131533.9, "Plan Rows": 48, "Plan Width": 59, "Inner Unique": true, "Plans": [{"Node Type": "Nested Loop", "Parent Relationship": "Outer", "Join Type": "Inner", "Startup Cost": 0.0, "Total Cost": 131520.22, "Plan Rows": 48, "Plan Width": 63, "Inner Unique": true, "Plans": [{"Node Type": "Nested Loop", "Parent Relationship": "Outer", "Join Type": "Inner", "Startup Cost": 0.0, "Total Cost": 131505.55, "Plan Rows": 51, "Plan Width": 67, "Inner Unique": false, "Join Filter": "(mi.info_type_id = it1.id)", "Plans": [{"Node Type": "Index Scan", "Parent Relationship": "Outer", "Scan Direction": "Forward", "Index Name": "info_type_pkey", "Relation Name": "info_type", "Alias": "it1", "Startup Cost": 0.0, "Total Cost": 14.21, "Plan Rows": 1, "Plan Width": 4, "Filter": "((info)::text = 'budget'::text)"}, {"Node Type": "Nested Loop", "Parent Relationship": "Inner", "Join Type": "Inner", "Startup Cost": 0.0, "Total Cost": 131477.32, "Plan Rows": 1122, "Plan Width": 71, "Inner Unique": false, "Join Filter": "(t.id = mi.movie_id)", "Plans": [{"Node Type": "Nested Loop", "Parent Relationship": "Outer", "Join Type": "Inner", "Startup Cost": 0.0, "Total Cost": 131324.66, "Plan Rows": 210, "Plan Width": 37, "Inner Unique": false, "Join Filter": "(t.id = mc.movie_id)", "Plans": [{"Node Type": "Nested Loop", "Parent Relationship": "Outer", "Join Type": "Inner", "Startup Cost": 0.0, "Total Cost": 131203.89, "Plan Rows": 311, "Plan Width": 25, "Inner Unique": true, "Join Filter": "(mi_idx.info_type_id = it2.id)", "Plans": [{"Node Type": "Nested Loop", "Parent Relationship": "Outer", "Join Type": "Inner", "Startup Cost": 0.0, "Total Cost": 131183.74, "Plan Rows": 396, "Plan Width": 29, "Inner Unique": false, "Plans": [{"Node Type": "Index Scan", "Parent Relationship": "Outer", "Scan Direction": "Forward", "Index Name": "title_pkey", "Relation Name": "title", "Alias": "t", "Startup Cost": 0.0, "Total Cost": 129082.82, "Plan Rows": 258, "Plan Width": 21, "Filter": "((production_year > 2000) AND (((title)::text ~~ 'Birdemic%'::text) OR ((title)::text ~~ '%Movie%'::text)))"}, {"Node Type": "Index Scan", "Parent Relationship": "Inner", "Scan Direction": "Forward", "Index Name": "movie_id_movie_info_idx", "Relation Name": "movie_info_idx", "Alias": "mi_idx", "Startup Cost": 0.0, "Total Cost": 8.12, "Plan Rows": 2, "Plan Width": 8, "Index Cond": "(movie_id = t.id)"}]}, {"Node Type": "Materialize", "Parent Relationship": "Inner", "Startup Cost": 0.0, "Total Cost": 14.22, "Plan Rows": 1, "Plan Width": 4, "Plans": [{"Node Type": "Index Scan", "Parent Relationship": "Outer", "Scan Direction": "Forward", "Index Name": "info_type_pkey", "Relation Name": "info_type", "Alias": "it2", "Startup Cost": 0.0, "Total Cost": 14.21, "Plan Rows": 1, "Plan Width": 4, "Filter": "((info)::text = 'bottom 10 rank'::text)"}]}]}, {"Node Type": "Index Scan", "Parent Relationship": "Inner", "Scan Direction": "Forward", "Index Name": "movie_id_movie_companies", "Relation Name": "movie_companies", "Alias": "mc", "Startup Cost": 0.0, "Total Cost": 0.36, "Plan Rows": 2, "Plan Width": 12, "Index Cond": "(movie_id = mi_idx.movie_id)"}]}, {"Node Type": "Index Scan", "Parent Relationship": "Inner", "Scan Direction": "Forward", "Index Name": "movie_id_movie_info", "Relation Name": "movie_info", "Alias": "mi", "Startup Cost": 0.0, "Total Cost": 0.66, "Plan Rows": 5, "Plan Width": 50, "Index Cond": "(movie_id = mc.movie_id)"}]}]}, {"Node Type": "Index Scan", "Parent Relationship": "Inner", "Scan Direction": "Forward", "Index Name": "company_name_pkey", "Relation Name": "company_name", "Alias": "cn", "Startup Cost": 0.0, "Total Cost": 0.28, "Plan Rows": 1, "Plan Width": 4, "Index Cond": "(id = mc.company_id)", "Filter": "((country_code)::text = '[us]'::text)"}]}, {"Node Type": "Index Scan", "Parent Relationship": "Inner", "Scan Direction": "Forward", "Index Name": "company_type_pkey", "Relation Name": "company_type", "Alias": "ct", "Startup Cost": 0.0, "Total Cost": 0.28, "Plan Rows": 1, "Plan Width": 4, "Index Cond": "(id = mc.company_type_id)", "Filter": "((kind IS NOT NULL) AND (((kind)::text = 'production companies'::text) OR ((kind)::text = 'distributors'::text)))"}]}]}, "Unique SQL Id": 1682224415}, "explain_analyze_plan": null}, "(64, 6)": {"explain_plan": {"Plan": {"Node Type": "Aggregate", "Strategy": "Plain", "Startup Cost": 68925.2, "Total Cost": 68925.21, "Plan Rows": 1, "Plan Width": 123, "Plans": [{"Node Type": "Nested Loop", "Parent Relationship": "Outer", "Join Type": "Inner", "Startup Cost": 5.15, "Total Cost": 68925.13, "Plan Rows": 14, "Plan Width": 59, "Inner Unique": true, "Plans": [{"Node Type": "Nested Loop", "Parent Relationship": "Outer", "Join Type": "Inner", "Startup Cost": 4.89, "Total Cost": 68856.6, "Plan Rows": 16, "Plan Width": 63, "Inner Unique": true, "Join Filter": "(mc.company_type_id = ct.id)", "Plans": [{"Node Type": "Nested Loop", "Parent Relationship": "Outer", "Join Type": "Inner", "Startup Cost": 4.89, "Total Cost": 68854.02, "Plan Rows": 51, "Plan Width": 67, "Inner Unique": false, "Join Filter": "(t.id = mc.movie_id)", "Plans": [{"Node Type": "Nested Loop", "Parent Relationship": "Outer", "Join Type": "Inner", "Startup Cost": 4.63, "Total Cost": 68819.48, "Plan Rows": 8, "Plan Width": 71, "Inner Unique": false, "Join Filter": "(mi.info_type_id = it1.id)", "Plans": [{"Node Type": "Seq Scan", "Parent Relationship": "Outer", "Relation Name": "info_type", "Alias": "it1", "Startup Cost": 0.0, "Total Cost": 2.4, "Plan Rows": 1, "Plan Width": 4, "Filter": "((info)::text = 'budget'::text)"}, {"Node Type": "Nested Loop", "Parent Relationship": "Inner", "Join Type": "Inner", "Startup Cost": 4.63, "Total Cost": 68796.34, "Plan Rows": 1659, "Plan Width": 75, "Inner Unique": false, "Join Filter": "(t.id = mi.movie_id)", "Plans": [{"Node Type": "Nested Loop", "Parent Relationship": "Outer", "Join Type": "Inner", "Startup Cost": 4.17, "Total Cost": 67372.44, "Plan Rows": 311, "Plan Width": 25, "Inner Unique": false, "Join Filter": "(mi_idx.info_type_id = it2.id)", "Plans": [{"Node Type": "Seq Scan", "Parent Relationship": "Outer", "Relation Name": "info_type", "Alias": "it2", "Startup Cost": 0.0, "Total Cost": 2.4, "Plan Rows": 1, "Plan Width": 4, "Filter": "((info)::text = 'bottom 10 rank'::text)"}, {"Node Type": "Materialize", "Parent Relationship": "Inner", "Startup Cost": 4.17, "Total Cost": 67366.08, "Plan Rows": 396, "Plan Width": 29, "Plans": [{"Node Type": "Nested Loop", "Parent Relationship": "Outer", "Join Type": "Inner", "Startup Cost": 4.17, "Total Cost": 67365.09, "Plan Rows": 396, "Plan Width": 29, "Inner Unique": false, "Plans": [{"Node Type": "Streaming(type: LOCAL GATHER dop: 1/64)", "Parent Relationship": "Outer", "Startup Cost": 0.0, "Total Cost": 64240.19, "Plan Rows": 258, "Plan Width": 21, "Plans": [{"Node Type": "Seq Scan", "Parent Relationship": "Outer", "Relation Name": "title", "Alias": "t", "Startup Cost": 0.0, "Total Cost": 64234.87, "Plan Rows": 258, "Plan Width": 21, "Filter": "((production_year > 2000) AND (((title)::text ~~ 'Birdemic%'::text) OR ((title)::text ~~ '%Movie%'::text)))"}]}, {"Node Type": "Bitmap Heap Scan", "Parent Relationship": "Inner", "Relation Name": "movie_info_idx", "Alias": "mi_idx", "Startup Cost": 4.17, "Total Cost": 12.09, "Plan Rows": 2, "Plan Width": 8, "Recheck Cond": "(movie_id = t.id)", "Plans": [{"Node Type": "Bitmap Index Scan", "Parent Relationship": "Outer", "Index Name": "movie_id_movie_info_idx", "Startup Cost": 0.0, "Total Cost": 4.17, "Plan Rows": 2, "Plan Width": 0, "Index Cond": "(movie_id = t.id)"}]}]}]}]}, {"Node Type": "Bitmap Heap Scan", "Parent Relationship": "Inner", "Relation Name": "movie_info", "Alias": "mi", "Startup Cost": 0.45, "Total Cost": 4.52, "Plan Rows": 5, "Plan Width": 50, "Recheck Cond": "(movie_id = mi_idx.movie_id)", "Plans": [{"Node Type": "Bitmap Index Scan", "Parent Relationship": "Outer", "Index Name": "movie_id_movie_info", "Startup Cost": 0.0, "Total Cost": 0.45, "Plan Rows": 5, "Plan Width": 0, "Index Cond": "(movie_id = mi_idx.movie_id)"}]}]}]}, {"Node Type": "Bitmap Heap Scan", "Parent Relationship": "Inner", "Relation Name": "movie_companies", "Alias": "mc", "Startup Cost": 0.27, "Total Cost": 4.29, "Plan Rows": 2, "Plan Width": 12, "Recheck Cond": "(movie_id = mi.movie_id)", "Plans": [{"Node Type": "Bitmap Index Scan", "Parent Relationship": "Outer", "Index Name": "movie_id_movie_companies", "Startup Cost": 0.0, "Total Cost": 0.27, "Plan Rows": 2, "Plan Width": 0, "Index Cond": "(movie_id = mi.movie_id)"}]}]}, {"Node Type": "Materialize", "Parent Relationship": "Inner", "Startup Cost": 0.0, "Total Cost": 1.05, "Plan Rows": 2, "Plan Width": 4, "Plans": [{"Node Type": "Seq Scan", "Parent Relationship": "Outer", "Relation Name": "company_type", "Alias": "ct", "Startup Cost": 0.0, "Total Cost": 1.04, "Plan Rows": 2, "Plan Width": 4, "Filter": "((kind IS NOT NULL) AND (((kind)::text = 'production companies'::text) OR ((kind)::text = 'distributors'::text)))"}]}]}, {"Node Type": "Bitmap Heap Scan", "Parent Relationship": "Inner", "Relation Name": "company_name", "Alias": "cn", "Startup Cost": 0.26, "Total Cost": 4.27, "Plan Rows": 1, "Plan Width": 4, "Recheck Cond": "(id = mc.company_id)", "Filter": "((country_code)::text = '[us]'::text)", "Plans": [{"Node Type": "Bitmap Index Scan", "Parent Relationship": "Outer", "Index Name": "company_name_pkey", "Startup Cost": 0.0, "Total Cost": 0.26, "Plan Rows": 1, "Plan Width": 0, "Index Cond": "(id = mc.company_id)"}]}]}]}, "Unique SQL Id": 1682224415}, "explain_analyze_plan": {"Plan": {"Node Type": "Aggregate", "Strategy": "Plain", "Startup Cost": 68925.2, "Total Cost": 68925.21, "Plan Rows": 1, "Plan Width": 123, "Actual Min Startup Time": 144.396, "Actual Max Startup Time": 144.396, "Actual Min Total Time": 144.396, "Actual Max Total Time": 144.396, "Actual Total Rows": 1, "Plans": [{"Node Type": "Nested Loop", "Parent Relationship": "Outer", "Join Type": "Inner", "Startup Cost": 5.15, "Total Cost": 68925.13, "Plan Rows": 14, "Plan Width": 59, "Actual Min Startup Time": 143.362, "Actual Max Startup Time": 143.362, "Actual Min Total Time": 144.362, "Actual Max Total Time": 144.362, "Actual Total Rows": 5, "Inner Unique": true, "Plans": [{"Node Type": "Nested Loop", "Parent Relationship": "Outer", "Join Type": "Inner", "Startup Cost": 4.89, "Total Cost": 68856.6, "Plan Rows": 16, "Plan Width": 63, "Actual Min Startup Time": 143.327, "Actual Max Startup Time": 143.327, "Actual Min Total Time": 144.282, "Actual Max Total Time": 144.282, "Actual Total Rows": 5, "Inner Unique": true, "Join Filter": "(mc.company_type_id = ct.id)", "Rows Removed by Join Filter": 28, "Plans": [{"Node Type": "Nested Loop", "Parent Relationship": "Outer", "Join Type": "Inner", "Startup Cost": 4.89, "Total Cost": 68854.02, "Plan Rows": 51, "Plan Width": 67, "Actual Min Startup Time": 143.287, "Actual Max Startup Time": 143.287, "Actual Min Total Time": 144.233, "Actual Max Total Time": 144.233, "Actual Total Rows": 33, "Inner Unique": false, "Join Filter": "(t.id = mc.movie_id)", "Rows Removed by Join Filter": 0, "Plans": [{"Node Type": "Nested Loop", "Parent Relationship": "Outer", "Join Type": "Inner", "Startup Cost": 4.63, "Total Cost": 68819.48, "Plan Rows": 8, "Plan Width": 71, "Actual Min Startup Time": 143.243, "Actual Max Startup Time": 143.243, "Actual Min Total Time": 144.124, "Actual Max Total Time": 144.124, "Actual Total Rows": 2, "Inner Unique": false, "Join Filter": "(mi.info_type_id = it1.id)", "Rows Removed by Join Filter": 219, "Plans": [{"Node Type": "Seq Scan", "Parent Relationship": "Outer", "Relation Name": "info_type", "Alias": "it1", "Startup Cost": 0.0, "Total Cost": 2.4, "Plan Rows": 1, "Plan Width": 4, "Actual Min Startup Time": 0.135, "Actual Max Startup Time": 0.135, "Actual Min Total Time": 0.145, "Actual Max Total Time": 0.145, "Actual Total Rows": 1, "Filter": "((info)::text = 'budget'::text)", "Rows Removed by Filter": 111}, {"Node Type": "Nested Loop", "Parent Relationship": "Inner", "Join Type": "Inner", "Startup Cost": 4.63, "Total Cost": 68796.34, "Plan Rows": 1659, "Plan Width": 75, "Actual Min Startup Time": 143.013, "Actual Max Startup Time": 143.013, "Actual Min Total Time": 143.859, "Actual Max Total Time": 143.859, "Actual Total Rows": 221, "Inner Unique": false, "Join Filter": "(t.id = mi.movie_id)", "Rows Removed by Join Filter": 0, "Plans": [{"Node Type": "Nested Loop", "Parent Relationship": "Outer", "Join Type": "Inner", "Startup Cost": 4.17, "Total Cost": 67372.44, "Plan Rows": 311, "Plan Width": 25, "Actual Min Startup Time": 142.962, "Actual Max Startup Time": 142.962, "Actual Min Total Time": 143.521, "Actual Max Total Time": 143.521, "Actual Total Rows": 2, "Inner Unique": false, "Join Filter": "(mi_idx.info_type_id = it2.id)", "Rows Removed by Join Filter": 2643, "Plans": [{"Node Type": "Seq Scan", "Parent Relationship": "Outer", "Relation Name": "info_type", "Alias": "it2", "Startup Cost": 0.0, "Total Cost": 2.4, "Plan Rows": 1, "Plan Width": 4, "Actual Min Startup Time": 0.082, "Actual Max Startup Time": 0.082, "Actual Min Total Time": 0.085, "Actual Max Total Time": 0.085, "Actual Total Rows": 1, "Filter": "((info)::text = 'bottom 10 rank'::text)", "Rows Removed by Filter": 111}, {"Node Type": "Materialize", "Parent Relationship": "Inner", "Startup Cost": 4.17, "Total Cost": 67366.08, "Plan Rows": 396, "Plan Width": 29, "Actual Min Startup Time": 142.459, "Actual Max Startup Time": 142.459, "Actual Min Total Time": 142.862, "Actual Max Total Time": 142.862, "Actual Total Rows": 2646, "Plans": [{"Node Type": "Nested Loop", "Parent Relationship": "Outer", "Join Type": "Inner", "Startup Cost": 4.17, "Total Cost": 67365.09, "Plan Rows": 396, "Plan Width": 29, "Actual Min Startup Time": 24.365, "Actual Max Startup Time": 24.365, "Actual Min Total Time": 140.634, "Actual Max Total Time": 140.634, "Actual Total Rows": 2645, "Inner Unique": false, "Plans": [{"Node Type": "Streaming(type: LOCAL GATHER dop: 1/64)", "Parent Relationship": "Outer", "Startup Cost": 0.0, "Total Cost": 64240.19, "Plan Rows": 258, "Plan Width": 21, "Actual Min Startup Time": 24.241, "Actual Max Startup Time": 24.241, "Actual Min Total Time": 120.239, "Actual Max Total Time": 120.239, "Actual Total Rows": 2536, "Plans": [{"Node Type": "Seq Scan", "Parent Relationship": "Outer", "Relation Name": "title", "Alias": "t", "Startup Cost": 0.0, "Total Cost": 64234.87, "Plan Rows": 258, "Plan Width": 21, "Actual Min Startup Time": 0.039, "Actual Max Startup Time": 7.312, "Actual Min Total Time": 21.45, "Actual Max Total Time": 48.946, "Actual Total Rows": 2536, "Filter": "((production_year > 2000) AND (((title)::text ~~ 'Birdemic%'::text) OR ((title)::text ~~ '%Movie%'::text)))", "Rows Removed by Filter": 2525775}]}, {"Node Type": "Bitmap Heap Scan", "Parent Relationship": "Inner", "Relation Name": "movie_info_idx", "Alias": "mi_idx", "Startup Cost": 4.17, "Total Cost": 12.09, "Plan Rows": 2, "Plan Width": 8, "Actual Min Startup Time": 14.454, "Actual Max Startup Time": 14.454, "Actual Min Total Time": 14.775, "Actual Max Total Time": 14.775, "Actual Total Rows": 2645, "Recheck Cond": "(movie_id = t.id)", "Rows Removed by Index Recheck": 0, "Exact Heap Blocks": 890, "Lossy Heap Blocks": 890, "Plans": [{"Node Type": "Bitmap Index Scan", "Parent Relationship": "Outer", "Index Name": "movie_id_movie_info_idx", "Startup Cost": 0.0, "Total Cost": 4.17, "Plan Rows": 2, "Plan Width": 0, "Actual Min Startup Time": 10.953, "Actual Max Startup Time": 10.953, "Actual Min Total Time": 10.953, "Actual Max Total Time": 10.953, "Actual Total Rows": 2645, "Index Cond": "(movie_id = t.id)"}]}]}]}]}, {"Node Type": "Bitmap Heap Scan", "Parent Relationship": "Inner", "Relation Name": "movie_info", "Alias": "mi", "Startup Cost": 0.45, "Total Cost": 4.52, "Plan Rows": 5, "Plan Width": 50, "Actual Min Startup Time": 0.077, "Actual Max Startup Time": 0.077, "Actual Min Total Time": 0.241, "Actual Max Total Time": 0.241, "Actual Total Rows": 221, "Recheck Cond": "(movie_id = mi_idx.movie_id)", "Rows Removed by Index Recheck": 0, "Exact Heap Blocks": 40, "Lossy Heap Blocks": 40, "Plans": [{"Node Type": "Bitmap Index Scan", "Parent Relationship": "Outer", "Index Name": "movie_id_movie_info", "Startup Cost": 0.0, "Total Cost": 0.45, "Plan Rows": 5, "Plan Width": 0, "Actual Min Startup Time": 0.058, "Actual Max Startup Time": 0.058, "Actual Min Total Time": 0.058, "Actual Max Total Time": 0.058, "Actual Total Rows": 221, "Index Cond": "(movie_id = mi_idx.movie_id)"}]}]}]}, {"Node Type": "Bitmap Heap Scan", "Parent Relationship": "Inner", "Relation Name": "movie_companies", "Alias": "mc", "Startup Cost": 0.27, "Total Cost": 4.29, "Plan Rows": 2, "Plan Width": 12, "Actual Min Startup Time": 0.065, "Actual Max Startup Time": 0.065, "Actual Min Total Time": 0.075, "Actual Max Total Time": 0.075, "Actual Total Rows": 33, "Recheck Cond": "(movie_id = mi.movie_id)", "Rows Removed by Index Recheck": 0, "Exact Heap Blocks": 4, "Lossy Heap Blocks": 4, "Plans": [{"Node Type": "Bitmap Index Scan", "Parent Relationship": "Outer", "Index Name": "movie_id_movie_companies", "Startup Cost": 0.0, "Total Cost": 0.27, "Plan Rows": 2, "Plan Width": 0, "Actual Min Startup Time": 0.032, "Actual Max Startup Time": 0.032, "Actual Min Total Time": 0.032, "Actual Max Total Time": 0.032, "Actual Total Rows": 33, "Index Cond": "(movie_id = mi.movie_id)"}]}]}, {"Node Type": "Materialize", "Parent Relationship": "Inner", "Startup Cost": 0.0, "Total Cost": 1.05, "Plan Rows": 2, "Plan Width": 4, "Actual Min Startup Time": 0.021, "Actual Max Startup Time": 0.021, "Actual Min Total Time": 0.029, "Actual Max Total Time": 0.029, "Actual Total Rows": 33, "Plans": [{"Node Type": "Seq Scan", "Parent Relationship": "Outer", "Relation Name": "company_type", "Alias": "ct", "Startup Cost": 0.0, "Total Cost": 1.04, "Plan Rows": 2, "Plan Width": 4, "Actual Min Startup Time": 0.015, "Actual Max Startup Time": 0.015, "Actual Min Total Time": 0.021, "Actual Max Total Time": 0.021, "Actual Total Rows": 1, "Filter": "((kind IS NOT NULL) AND (((kind)::text = 'production companies'::text) OR ((kind)::text = 'distributors'::text)))", "Rows Removed by Filter": 2}]}]}, {"Node Type": "Bitmap Heap Scan", "Parent Relationship": "Inner", "Relation Name": "company_name", "Alias": "cn", "Startup Cost": 0.26, "Total Cost": 4.27, "Plan Rows": 1, "Plan Width": 4, "Actual Min Startup Time": 0.059, "Actual Max Startup Time": 0.059, "Actual Min Total Time": 0.059, "Actual Max Total Time": 0.059, "Actual Total Rows": 5, "Recheck Cond": "(id = mc.company_id)", "Rows Removed by Index Recheck": 0, "Filter": "((country_code)::text = '[us]'::text)", "Rows Removed by Filter": 0, "Exact Heap Blocks": 5, "Lossy Heap Blocks": 5, "Plans": [{"Node Type": "Bitmap Index Scan", "Parent Relationship": "Outer", "Index Name": "company_name_pkey", "Startup Cost": 0.0, "Total Cost": 0.26, "Plan Rows": 1, "Plan Width": 0, "Actual Min Startup Time": 0.033, "Actual Max Startup Time": 0.033, "Actual Min Total Time": 0.033, "Actual Max Total Time": 0.033, "Actual Total Rows": 5, "Index Cond": "(id = mc.company_id)"}]}]}]}, "Triggers": [], "Planner Runtime": 203.427, "Total Runtime": 159.856, "Unique SQL Id": 1682224415}}, "(64, 7)": {"explain_plan": {"Plan": {"Node Type": "Aggregate", "Strategy": "Plain", "Startup Cost": 135083.51, "Total Cost": 135083.52, "Plan Rows": 1, "Plan Width": 123, "Plans": [{"Node Type": "Nested Loop", "Parent Relationship": "Outer", "Join Type": "Inner", "Startup Cost": 49668.32, "Total Cost": 135083.27, "Plan Rows": 48, "Plan Width": 59, "Inner Unique": true, "Plans": [{"Node Type": "Nested Loop", "Parent Relationship": "Outer", "Join Type": "Inner", "Startup Cost": 49668.06, "Total Cost": 135014.74, "Plan Rows": 16, "Plan Width": 63, "Inner Unique": true, "Plans": [{"Node Type": "Nested Loop", "Parent Relationship": "Outer", "Join Type": "Inner", "Startup Cost": 49667.8, "Total Cost": 134796.19, "Plan Rows": 51, "Plan Width": 67, "Inner Unique": true, "Plans": [{"Node Type": "Nested Loop", "Parent Relationship": "Outer", "Join Type": "Inner", "Startup Cost": 49667.54, "Total Cost": 134517.81, "Plan Rows": 65, "Plan Width": 71, "Inner Unique": false, "Join Filter": "(t.id = mi_idx.movie_id)", "Plans": [{"Node Type": "Nested Loop", "Parent Relationship": "Outer", "Join Type": "Inner", "Startup Cost": 49667.27, "Total Cost": 134336.51, "Plan Rows": 42, "Plan Width": 79, "Inner Unique": false, "Join Filter": "(mi.info_type_id = it1.id)", "Plans": [{"Node Type": "Bitmap Heap Scan", "Parent Relationship": "Outer", "Relation Name": "info_type", "Alias": "it1", "Startup Cost": 8.81, "Total Cost": 14.21, "Plan Rows": 1, "Plan Width": 4, "Filter": "((info)::text = 'budget'::text)", "Plans": [{"Node Type": "Bitmap Index Scan", "Parent Relationship": "Outer", "Index Name": "info_type_pkey", "Startup Cost": 0.0, "Total Cost": 8.81, "Plan Rows": 112, "Plan Width": 0}]}, {"Node Type": "Nested Loop", "Parent Relationship": "Inner", "Join Type": "Inner", "Startup Cost": 49658.46, "Total Cost": 134284.94, "Plan Rows": 2989, "Plan Width": 83, "Inner Unique": false, "Join Filter": "(t.id = mi.movie_id)", "Plans": [{"Node Type": "Nested Loop", "Parent Relationship": "Outer", "Join Type": "Inner", "Startup Cost": 49658.09, "Total Cost": 131831.96, "Plan Rows": 545, "Plan Width": 33, "Inner Unique": false, "Plans": [{"Node Type": "Bitmap Heap Scan", "Parent Relationship": "Outer", "Relation Name": "title", "Alias": "t", "Startup Cost": 49653.87, "Total Cost": 128685.31, "Plan Rows": 258, "Plan Width": 21, "Filter": "((production_year > 2000) AND (((title)::text ~~ 'Birdemic%'::text) OR ((title)::text ~~ '%Movie%'::text)))", "Plans": [{"Node Type": "Bitmap Index Scan", "Parent Relationship": "Outer", "Index Name": "title_pkey", "Startup Cost": 0.0, "Total Cost": 49653.81, "Plan Rows": 2528311, "Plan Width": 0}]}, {"Node Type": "Bitmap Heap Scan", "Parent Relationship": "Inner", "Relation Name": "movie_companies", "Alias": "mc", "Startup Cost": 4.22, "Total Cost": 12.18, "Plan Rows": 2, "Plan Width": 12, "Recheck Cond": "(movie_id = t.id)", "Plans": [{"Node Type": "Bitmap Index Scan", "Parent Relationship": "Outer", "Index Name": "movie_id_movie_companies", "Startup Cost": 0.0, "Total Cost": 4.22, "Plan Rows": 2, "Plan Width": 0, "Index Cond": "(movie_id = t.id)"}]}]}, {"Node Type": "Bitmap Heap Scan", "Parent Relationship": "Inner", "Relation Name": "movie_info", "Alias": "mi", "Startup Cost": 0.38, "Total Cost": 4.44, "Plan Rows": 5, "Plan Width": 50, "Recheck Cond": "(movie_id = mc.movie_id)", "Plans": [{"Node Type": "Bitmap Index Scan", "Parent Relationship": "Outer", "Index Name": "movie_id_movie_info", "Startup Cost": 0.0, "Total Cost": 0.37, "Plan Rows": 5, "Plan Width": 0, "Index Cond": "(movie_id = mc.movie_id)"}]}]}]}, {"Node Type": "Bitmap Heap Scan", "Parent Relationship": "Inner", "Relation Name": "movie_info_idx", "Alias": "mi_idx", "Startup Cost": 0.27, "Total Cost": 4.29, "Plan Rows": 2, "Plan Width": 8, "Recheck Cond": "(movie_id = mi.movie_id)", "Plans": [{"Node Type": "Bitmap Index Scan", "Parent Relationship": "Outer", "Index Name": "movie_id_movie_info_idx", "Startup Cost": 0.0, "Total Cost": 0.27, "Plan Rows": 2, "Plan Width": 0, "Index Cond": "(movie_id = mi.movie_id)"}]}]}, {"Node Type": "Bitmap Heap Scan", "Parent Relationship": "Inner", "Relation Name": "info_type", "Alias": "it2", "Startup Cost": 0.26, "Total Cost": 4.27, "Plan Rows": 1, "Plan Width": 4, "Recheck Cond": "(id = mi_idx.info_type_id)", "Filter": "((info)::text = 'bottom 10 rank'::text)", "Plans": [{"Node Type": "Bitmap Index Scan", "Parent Relationship": "Outer", "Index Name": "info_type_pkey", "Startup Cost": 0.0, "Total Cost": 0.26, "Plan Rows": 1, "Plan Width": 0, "Index Cond": "(id = mi_idx.info_type_id)"}]}]}, {"Node Type": "Bitmap Heap Scan", "Parent Relationship": "Inner", "Relation Name": "company_type", "Alias": "ct", "Startup Cost": 0.26, "Total Cost": 4.28, "Plan Rows": 1, "Plan Width": 4, "Recheck Cond": "(id = mc.company_type_id)", "Filter": "((kind IS NOT NULL) AND (((kind)::text = 'production companies'::text) OR ((kind)::text = 'distributors'::text)))", "Plans": [{"Node Type": "Bitmap Index Scan", "Parent Relationship": "Outer", "Index Name": "company_type_pkey", "Startup Cost": 0.0, "Total Cost": 0.26, "Plan Rows": 1, "Plan Width": 0, "Index Cond": "(id = mc.company_type_id)"}]}]}, {"Node Type": "Bitmap Heap Scan", "Parent Relationship": "Inner", "Relation Name": "company_name", "Alias": "cn", "Startup Cost": 0.26, "Total Cost": 4.27, "Plan Rows": 1, "Plan Width": 4, "Recheck Cond": "(id = mc.company_id)", "Filter": "((country_code)::text = '[us]'::text)", "Plans": [{"Node Type": "Bitmap Index Scan", "Parent Relationship": "Outer", "Index Name": "company_name_pkey", "Startup Cost": 0.0, "Total Cost": 0.26, "Plan Rows": 1, "Plan Width": 0, "Index Cond": "(id = mc.company_id)"}]}]}]}, "Unique SQL Id": 1682224415}, "explain_analyze_plan": null}, "(64, 8)": {"explain_plan": {"Plan": {"Node Type": "Aggregate", "Strategy": "Plain", "Startup Cost": 66648.03, "Total Cost": 66648.04, "Plan Rows": 1, "Plan Width": 123, "Plans": [{"Node Type": "Nested Loop", "Parent Relationship": "Outer", "Join Type": "Inner", "Startup Cost": 0.0, "Total Cost": 66648.01, "Plan Rows": 4, "Plan Width": 59, "Inner Unique": true, "Plans": [{"Node Type": "Nested Loop", "Parent Relationship": "Outer", "Join Type": "Inner", "Startup Cost": 0.0, "Total Cost": 66646.0, "Plan Rows": 7, "Plan Width": 63, "Inner Unique": true, "Join Filter": "(mc.company_type_id = ct.id)", "Plans": [{"Node Type": "Nested Loop", "Parent Relationship": "Outer", "Join Type": "Inner", "Startup Cost": 0.0, "Total Cost": 66643.42, "Plan Rows": 51, "Plan Width": 67, "Inner Unique": false, "Join Filter": "(mi.info_type_id = it1.id)", "Plans": [{"Node Type": "Seq Scan", "Parent Relationship": "Outer", "Relation Name": "info_type", "Alias": "it1", "Startup Cost": 0.0, "Total Cost": 2.4, "Plan Rows": 1, "Plan Width": 4, "Filter": "((info)::text = 'budget'::text)"}, {"Node Type": "Nested Loop", "Parent Relationship": "Inner", "Join Type": "Inner", "Startup Cost": 0.0, "Total Cost": 66621.88, "Plan Rows": 1531, "Plan Width": 71, "Inner Unique": false, "Join Filter": "(t.id = mi.movie_id)", "Plans": [{"Node Type": "Nested Loop", "Parent Relationship": "Outer", "Join Type": "Inner", "Startup Cost": 0.0, "Total Cost": 66469.22, "Plan Rows": 210, "Plan Width": 37, "Inner Unique": false, "Join Filter": "(t.id = mc.movie_id)", "Plans": [{"Node Type": "Nested Loop", "Parent Relationship": "Outer", "Join Type": "Inner", "Startup Cost": 0.0, "Total Cost": 66348.45, "Plan Rows": 311, "Plan Width": 25, "Inner Unique": false, "Join Filter": "(mi_idx.info_type_id = it2.id)", "Plans": [{"Node Type": "Seq Scan", "Parent Relationship": "Outer", "Relation Name": "info_type", "Alias": "it2", "Startup Cost": 0.0, "Total Cost": 2.4, "Plan Rows": 1, "Plan Width": 4, "Filter": "((info)::text = 'bottom 10 rank'::text)"}, {"Node Type": "Materialize", "Parent Relationship": "Inner", "Startup Cost": 0.0, "Total Cost": 66342.09, "Plan Rows": 396, "Plan Width": 29, "Plans": [{"Node Type": "Nested Loop", "Parent Relationship": "Outer", "Join Type": "Inner", "Startup Cost": 0.0, "Total Cost": 66341.1, "Plan Rows": 396, "Plan Width": 29, "Inner Unique": false, "Plans": [{"Node Type": "Streaming(type: LOCAL GATHER dop: 1/64)", "Parent Relationship": "Outer", "Startup Cost": 0.0, "Total Cost": 64240.19, "Plan Rows": 258, "Plan Width": 21, "Plans": [{"Node Type": "Seq Scan", "Parent Relationship": "Outer", "Relation Name": "title", "Alias": "t", "Startup Cost": 0.0, "Total Cost": 64234.87, "Plan Rows": 258, "Plan Width": 21, "Filter": "((production_year > 2000) AND (((title)::text ~~ 'Birdemic%'::text) OR ((title)::text ~~ '%Movie%'::text)))"}]}, {"Node Type": "Index Scan", "Parent Relationship": "Inner", "Scan Direction": "Forward", "Index Name": "movie_id_movie_info_idx", "Relation Name": "movie_info_idx", "Alias": "mi_idx", "Startup Cost": 0.0, "Total Cost": 8.12, "Plan Rows": 2, "Plan Width": 8, "Index Cond": "(movie_id = t.id)"}]}]}]}, {"Node Type": "Index Scan", "Parent Relationship": "Inner", "Scan Direction": "Forward", "Index Name": "movie_id_movie_companies", "Relation Name": "movie_companies", "Alias": "mc", "Startup Cost": 0.0, "Total Cost": 0.36, "Plan Rows": 2, "Plan Width": 12, "Index Cond": "(movie_id = mi_idx.movie_id)"}]}, {"Node Type": "Index Scan", "Parent Relationship": "Inner", "Scan Direction": "Forward", "Index Name": "movie_id_movie_info", "Relation Name": "movie_info", "Alias": "mi", "Startup Cost": 0.0, "Total Cost": 0.66, "Plan Rows": 5, "Plan Width": 50, "Index Cond": "(movie_id = mc.movie_id)"}]}]}, {"Node Type": "Materialize", "Parent Relationship": "Inner", "Startup Cost": 0.0, "Total Cost": 1.05, "Plan Rows": 2, "Plan Width": 4, "Plans": [{"Node Type": "Seq Scan", "Parent Relationship": "Outer", "Relation Name": "company_type", "Alias": "ct", "Startup Cost": 0.0, "Total Cost": 1.04, "Plan Rows": 2, "Plan Width": 4, "Filter": "((kind IS NOT NULL) AND (((kind)::text = 'production companies'::text) OR ((kind)::text = 'distributors'::text)))"}]}]}, {"Node Type": "Index Scan", "Parent Relationship": "Inner", "Scan Direction": "Forward", "Index Name": "company_name_pkey", "Relation Name": "company_name", "Alias": "cn", "Startup Cost": 0.0, "Total Cost": 0.28, "Plan Rows": 1, "Plan Width": 4, "Index Cond": "(id = mc.company_id)", "Filter": "((country_code)::text = '[us]'::text)"}]}]}, "Unique SQL Id": 1682224415}, "explain_analyze_plan": {"Plan": {"Node Type": "Aggregate", "Strategy": "Plain", "Startup Cost": 66648.03, "Total Cost": 66648.04, "Plan Rows": 1, "Plan Width": 123, "Actual Min Startup Time": 217.772, "Actual Max Startup Time": 217.772, "Actual Min Total Time": 217.772, "Actual Max Total Time": 217.772, "Actual Total Rows": 1, "Plans": [{"Node Type": "Nested Loop", "Parent Relationship": "Outer", "Join Type": "Inner", "Startup Cost": 0.0, "Total Cost": 66648.01, "Plan Rows": 4, "Plan Width": 59, "Actual Min Startup Time": 211.743, "Actual Max Startup Time": 211.743, "Actual Min Total Time": 217.672, "Actual Max Total Time": 217.672, "Actual Total Rows": 5, "Inner Unique": true, "Plans": [{"Node Type": "Nested Loop", "Parent Relationship": "Outer", "Join Type": "Inner", "Startup Cost": 0.0, "Total Cost": 66646.0, "Plan Rows": 7, "Plan Width": 63, "Actual Min Startup Time": 211.721, "Actual Max Startup Time": 211.721, "Actual Min Total Time": 217.591, "Actual Max Total Time": 217.591, "Actual Total Rows": 5, "Inner Unique": true, "Join Filter": "(mc.company_type_id = ct.id)", "Rows Removed by Join Filter": 28, "Plans": [{"Node Type": "Nested Loop", "Parent Relationship": "Outer", "Join Type": "Inner", "Startup Cost": 0.0, "Total Cost": 66643.42, "Plan Rows": 51, "Plan Width": 67, "Actual Min Startup Time": 211.472, "Actual Max Startup Time": 211.472, "Actual Min Total Time": 217.533, "Actual Max Total Time": 217.533, "Actual Total Rows": 33, "Inner Unique": false, "Join Filter": "(mi.info_type_id = it1.id)", "Rows Removed by Join Filter": 4926, "Plans": [{"Node Type": "Seq Scan", "Parent Relationship": "Outer", "Relation Name": "info_type", "Alias": "it1", "Startup Cost": 0.0, "Total Cost": 2.4, "Plan Rows": 1, "Plan Width": 4, "Actual Min Startup Time": 0.099, "Actual Max Startup Time": 0.099, "Actual Min Total Time": 0.107, "Actual Max Total Time": 0.107, "Actual Total Rows": 1, "Filter": "((info)::text = 'budget'::text)", "Rows Removed by Filter": 111}, {"Node Type": "Nested Loop", "Parent Relationship": "Inner", "Join Type": "Inner", "Startup Cost": 0.0, "Total Cost": 66621.88, "Plan Rows": 1531, "Plan Width": 71, "Actual Min Startup Time": 211.287, "Actual Max Startup Time": 211.287, "Actual Min Total Time": 216.404, "Actual Max Total Time": 216.404, "Actual Total Rows": 4959, "Inner Unique": false, "Join Filter": "(t.id = mi.movie_id)", "Rows Removed by Join Filter": 0, "Plans": [{"Node Type": "Nested Loop", "Parent Relationship": "Outer", "Join Type": "Inner", "Startup Cost": 0.0, "Total Cost": 66469.22, "Plan Rows": 210, "Plan Width": 37, "Actual Min Startup Time": 211.262, "Actual Max Startup Time": 211.262, "Actual Min Total Time": 212.181, "Actual Max Total Time": 212.181, "Actual Total Rows": 33, "Inner Unique": false, "Join Filter": "(t.id = mc.movie_id)", "Rows Removed by Join Filter": 0, "Plans": [{"Node Type": "Nested Loop", "Parent Relationship": "Outer", "Join Type": "Inner", "Startup Cost": 0.0, "Total Cost": 66348.45, "Plan Rows": 311, "Plan Width": 25, "Actual Min Startup Time": 211.236, "Actual Max Startup Time": 211.236, "Actual Min Total Time": 212.099, "Actual Max Total Time": 212.099, "Actual Total Rows": 2, "Inner Unique": false, "Join Filter": "(mi_idx.info_type_id = it2.id)", "Rows Removed by Join Filter": 2643, "Plans": [{"Node Type": "Seq Scan", "Parent Relationship": "Outer", "Relation Name": "info_type", "Alias": "it2", "Startup Cost": 0.0, "Total Cost": 2.4, "Plan Rows": 1, "Plan Width": 4, "Actual Min Startup Time": 0.088, "Actual Max Startup Time": 0.088, "Actual Min Total Time": 0.094, "Actual Max Total Time": 0.094, "Actual Total Rows": 1, "Filter": "((info)::text = 'bottom 10 rank'::text)", "Rows Removed by Filter": 111}, {"Node Type": "Materialize", "Parent Relationship": "Inner", "Startup Cost": 0.0, "Total Cost": 66342.09, "Plan Rows": 396, "Plan Width": 29, "Actual Min Startup Time": 211.127, "Actual Max Startup Time": 211.127, "Actual Min Total Time": 211.418, "Actual Max Total Time": 211.418, "Actual Total Rows": 2646, "Plans": [{"Node Type": "Nested Loop", "Parent Relationship": "Outer", "Join Type": "Inner", "Startup Cost": 0.0, "Total Cost": 66341.1, "Plan Rows": 396, "Plan Width": 29, "Actual Min Startup Time": 98.187, "Actual Max Startup Time": 98.187, "Actual Min Total Time": 210.25, "Actual Max Total Time": 210.25, "Actual Total Rows": 2645, "Inner Unique": false, "Plans": [{"Node Type": "Streaming(type: LOCAL GATHER dop: 1/64)", "Parent Relationship": "Outer", "Startup Cost": 0.0, "Total Cost": 64240.19, "Plan Rows": 258, "Plan Width": 21, "Actual Min Startup Time": 98.092, "Actual Max Startup Time": 98.092, "Actual Min Total Time": 195.165, "Actual Max Total Time": 195.165, "Actual Total Rows": 2536, "Plans": [{"Node Type": "Seq Scan", "Parent Relationship": "Outer", "Relation Name": "title", "Alias": "t", "Startup Cost": 0.0, "Total Cost": 64234.87, "Plan Rows": 258, "Plan Width": 21, "Actual Min Startup Time": 0.035, "Actual Max Startup Time": 7.299, "Actual Min Total Time": 19.422, "Actual Max Total Time": 35.945, "Actual Total Rows": 2536, "Filter": "((production_year > 2000) AND (((title)::text ~~ 'Birdemic%'::text) OR ((title)::text ~~ '%Movie%'::text)))", "Rows Removed by Filter": 2525775}]}, {"Node Type": "Index Scan", "Parent Relationship": "Inner", "Scan Direction": "Forward", "Index Name": "movie_id_movie_info_idx", "Relation Name": "movie_info_idx", "Alias": "mi_idx", "Startup Cost": 0.0, "Total Cost": 8.12, "Plan Rows": 2, "Plan Width": 8, "Actual Min Startup Time": 12.235, "Actual Max Startup Time": 12.235, "Actual Min Total Time": 13.216, "Actual Max Total Time": 13.216, "Actual Total Rows": 2645, "Index Cond": "(movie_id = t.id)", "Rows Removed by Index Recheck": 0}]}]}]}, {"Node Type": "Index Scan", "Parent Relationship": "Inner", "Scan Direction": "Forward", "Index Name": "movie_id_movie_companies", "Relation Name": "movie_companies", "Alias": "mc", "Startup Cost": 0.0, "Total Cost": 0.36, "Plan Rows": 2, "Plan Width": 12, "Actual Min Startup Time": 0.032, "Actual Max Startup Time": 0.032, "Actual Min Total Time": 0.052, "Actual Max Total Time": 0.052, "Actual Total Rows": 33, "Index Cond": "(movie_id = mi_idx.movie_id)", "Rows Removed by Index Recheck": 0}]}, {"Node Type": "Index Scan", "Parent Relationship": "Inner", "Scan Direction": "Forward", "Index Name": "movie_id_movie_info", "Relation Name": "movie_info", "Alias": "mi", "Startup Cost": 0.0, "Total Cost": 0.66, "Plan Rows": 5, "Plan Width": 50, "Actual Min Startup Time": 0.521, "Actual Max Startup Time": 0.521, "Actual Min Total Time": 2.643, "Actual Max Total Time": 2.643, "Actual Total Rows": 4959, "Index Cond": "(movie_id = mc.movie_id)", "Rows Removed by Index Recheck": 0}]}]}, {"Node Type": "Materialize", "Parent Relationship": "Inner", "Startup Cost": 0.0, "Total Cost": 1.05, "Plan Rows": 2, "Plan Width": 4, "Actual Min Startup Time": 0.017, "Actual Max Startup Time": 0.017, "Actual Min Total Time": 0.026, "Actual Max Total Time": 0.026, "Actual Total Rows": 33, "Plans": [{"Node Type": "Seq Scan", "Parent Relationship": "Outer", "Relation Name": "company_type", "Alias": "ct", "Startup Cost": 0.0, "Total Cost": 1.04, "Plan Rows": 2, "Plan Width": 4, "Actual Min Startup Time": 0.01, "Actual Max Startup Time": 0.01, "Actual Min Total Time": 0.014, "Actual Max Total Time": 0.014, "Actual Total Rows": 1, "Filter": "((kind IS NOT NULL) AND (((kind)::text = 'production companies'::text) OR ((kind)::text = 'distributors'::text)))", "Rows Removed by Filter": 2}]}]}, {"Node Type": "Index Scan", "Parent Relationship": "Inner", "Scan Direction": "Forward", "Index Name": "company_name_pkey", "Relation Name": "company_name", "Alias": "cn", "Startup Cost": 0.0, "Total Cost": 0.28, "Plan Rows": 1, "Plan Width": 4, "Actual Min Startup Time": 0.069, "Actual Max Startup Time": 0.069, "Actual Min Total Time": 0.069, "Actual Max Total Time": 0.069, "Actual Total Rows": 5, "Index Cond": "(id = mc.company_id)", "Rows Removed by Index Recheck": 0, "Filter": "((country_code)::text = '[us]'::text)", "Rows Removed by Filter": 0}]}]}, "Triggers": [], "Planner Runtime": 196.957, "Total Runtime": 230.445, "Unique SQL Id": 1682224415}}, "(64, 9)": {"explain_plan": {"Plan": {"Node Type": "Aggregate", "Strategy": "Plain", "Startup Cost": 131509.23, "Total Cost": 131509.24, "Plan Rows": 1, "Plan Width": 123, "Plans": [{"Node Type": "Nested Loop", "Parent Relationship": "Outer", "Join Type": "Inner", "Startup Cost": 0.0, "Total Cost": 131508.99, "Plan Rows": 48, "Plan Width": 59, "Inner Unique": true, "Plans": [{"Node Type": "Nested Loop", "Parent Relationship": "Outer", "Join Type": "Inner", "Startup Cost": 0.0, "Total Cost": 131506.98, "Plan Rows": 7, "Plan Width": 63, "Inner Unique": true, "Plans": [{"Node Type": "Nested Loop", "Parent Relationship": "Outer", "Join Type": "Inner", "Startup Cost": 0.0, "Total Cost": 131505.55, "Plan Rows": 5, "Plan Width": 67, "Inner Unique": false, "Join Filter": "(mi.info_type_id = it1.id)", "Plans": [{"Node Type": "Index Scan", "Parent Relationship": "Outer", "Scan Direction": "Forward", "Index Name": "info_type_pkey", "Relation Name": "info_type", "Alias": "it1", "Startup Cost": 0.0, "Total Cost": 14.21, "Plan Rows": 1, "Plan Width": 4, "Filter": "((info)::text = 'budget'::text)"}, {"Node Type": "Nested Loop", "Parent Relationship": "Inner", "Join Type": "Inner", "Startup Cost": 0.0, "Total Cost": 131477.32, "Plan Rows": 1122, "Plan Width": 71, "Inner Unique": false, "Join Filter": "(t.id = mi.movie_id)", "Plans": [{"Node Type": "Nested Loop", "Parent Relationship": "Outer", "Join Type": "Inner", "Startup Cost": 0.0, "Total Cost": 131324.66, "Plan Rows": 210, "Plan Width": 37, "Inner Unique": false, "Join Filter": "(t.id = mc.movie_id)", "Plans": [{"Node Type": "Nested Loop", "Parent Relationship": "Outer", "Join Type": "Inner", "Startup Cost": 0.0, "Total Cost": 131203.89, "Plan Rows": 311, "Plan Width": 25, "Inner Unique": true, "Join Filter": "(mi_idx.info_type_id = it2.id)", "Plans": [{"Node Type": "Nested Loop", "Parent Relationship": "Outer", "Join Type": "Inner", "Startup Cost": 0.0, "Total Cost": 131183.74, "Plan Rows": 396, "Plan Width": 29, "Inner Unique": false, "Plans": [{"Node Type": "Index Scan", "Parent Relationship": "Outer", "Scan Direction": "Forward", "Index Name": "title_pkey", "Relation Name": "title", "Alias": "t", "Startup Cost": 0.0, "Total Cost": 129082.82, "Plan Rows": 258, "Plan Width": 21, "Filter": "((production_year > 2000) AND (((title)::text ~~ 'Birdemic%'::text) OR ((title)::text ~~ '%Movie%'::text)))"}, {"Node Type": "Index Scan", "Parent Relationship": "Inner", "Scan Direction": "Forward", "Index Name": "movie_id_movie_info_idx", "Relation Name": "movie_info_idx", "Alias": "mi_idx", "Startup Cost": 0.0, "Total Cost": 8.12, "Plan Rows": 2, "Plan Width": 8, "Index Cond": "(movie_id = t.id)"}]}, {"Node Type": "Materialize", "Parent Relationship": "Inner", "Startup Cost": 0.0, "Total Cost": 14.22, "Plan Rows": 1, "Plan Width": 4, "Plans": [{"Node Type": "Index Scan", "Parent Relationship": "Outer", "Scan Direction": "Forward", "Index Name": "info_type_pkey", "Relation Name": "info_type", "Alias": "it2", "Startup Cost": 0.0, "Total Cost": 14.21, "Plan Rows": 1, "Plan Width": 4, "Filter": "((info)::text = 'bottom 10 rank'::text)"}]}]}, {"Node Type": "Index Scan", "Parent Relationship": "Inner", "Scan Direction": "Forward", "Index Name": "movie_id_movie_companies", "Relation Name": "movie_companies", "Alias": "mc", "Startup Cost": 0.0, "Total Cost": 0.36, "Plan Rows": 2, "Plan Width": 12, "Index Cond": "(movie_id = mi_idx.movie_id)"}]}, {"Node Type": "Index Scan", "Parent Relationship": "Inner", "Scan Direction": "Forward", "Index Name": "movie_id_movie_info", "Relation Name": "movie_info", "Alias": "mi", "Startup Cost": 0.0, "Total Cost": 0.66, "Plan Rows": 5, "Plan Width": 50, "Index Cond": "(movie_id = mc.movie_id)"}]}]}, {"Node Type": "Index Scan", "Parent Relationship": "Inner", "Scan Direction": "Forward", "Index Name": "company_type_pkey", "Relation Name": "company_type", "Alias": "ct", "Startup Cost": 0.0, "Total Cost": 0.28, "Plan Rows": 1, "Plan Width": 4, "Index Cond": "(id = mc.company_type_id)", "Filter": "((kind IS NOT NULL) AND (((kind)::text = 'production companies'::text) OR ((kind)::text = 'distributors'::text)))"}]}, {"Node Type": "Index Scan", "Parent Relationship": "Inner", "Scan Direction": "Forward", "Index Name": "company_name_pkey", "Relation Name": "company_name", "Alias": "cn", "Startup Cost": 0.0, "Total Cost": 0.28, "Plan Rows": 1, "Plan Width": 4, "Index Cond": "(id = mc.company_id)", "Filter": "((country_code)::text = '[us]'::text)"}]}]}, "Unique SQL Id": 1682224415}, "explain_analyze_plan": null}, "(64, 10)": {"explain_plan": {"Plan": {"Node Type": "Aggregate", "Strategy": "Plain", "Startup Cost": 229778.9, "Total Cost": 229778.91, "Plan Rows": 1, "Plan Width": 123, "Plans": [{"Node Type": "Nested Loop", "Parent Relationship": "Outer", "Join Type": "Inner", "Startup Cost": 138212.07, "Total Cost": 229778.83, "Plan Rows": 14, "Plan Width": 59, "Inner Unique": true, "Join Filter": "(mc.company_type_id = ct.id)", "Plans": [{"Node Type": "Nested Loop", "Parent Relationship": "Outer", "Join Type": "Inner", "Startup Cost": 138212.07, "Total Cost": 229777.36, "Plan Rows": 14, "Plan Width": 63, "Inner Unique": false, "Join Filter": "(mi_idx.info_type_id = it2.id)", "Plans": [{"Node Type": "Seq Scan", "Parent Relationship": "Outer", "Relation Name": "info_type", "Alias": "it2", "Startup Cost": 0.0, "Total Cost": 2.4, "Plan Rows": 1, "Plan Width": 4, "Filter": "((info)::text = 'bottom 10 rank'::text)"}, {"Node Type": "Nested Loop", "Parent Relationship": "Inner", "Join Type": "Inner", "Startup Cost": 138212.07, "Total Cost": 229774.27, "Plan Rows": 55, "Plan Width": 67, "Inner Unique": false, "Join Filter": "(mi.info_type_id = it1.id)", "Plans": [{"Node Type": "Seq Scan", "Parent Relationship": "Outer", "Relation Name": "info_type", "Alias": "it1", "Startup Cost": 0.0, "Total Cost": 2.4, "Plan Rows": 1, "Plan Width": 4, "Filter": "((info)::text = 'budget'::text)"}, {"Node Type": "Materialize", "Parent Relationship": "Inner", "Startup Cost": 138212.07, "Total Cost": 229732.88, "Plan Rows": 3899, "Plan Width": 71, "Plans": [{"Node Type": "Hash Join", "Parent Relationship": "Outer", "Join Type": "Inner", "Startup Cost": 138212.07, "Total Cost": 229723.13, "Plan Rows": 3899, "Plan Width": 71, "Inner Unique": true, "Hash Cond": "(mc.company_id = cn.id)", "Plans": [{"Node Type": "Streaming(type: LOCAL GATHER dop: 1/64)", "Parent Relationship": "Outer", "Startup Cost": 135671.58, "Total Cost": 227109.8, "Plan Rows": 4648, "Plan Width": 75, "Plans": [{"Node Type": "Hash Join", "Parent Relationship": "Outer", "Join Type": "Inner", "Startup Cost": 135671.58, "Total Cost": 227013.91, "Plan Rows": 4648, "Plan Width": 75, "Inner Unique": false, "Hash Cond": "(t.id = mi.movie_id)", "Plans": [{"Node Type": "Streaming(type: BROADCAST dop: 64/1)", "Parent Relationship": "Outer", "Startup Cost": 115857.19, "Total Cost": 207150.46, "Plan Rows": 53824, "Plan Width": 41, "Plans": [{"Node Type": "Hash Join", "Parent Relationship": "Outer", "Join Type": "Inner", "Startup Cost": 115857.19, "Total Cost": 143040.08, "Plan Rows": 841, "Plan Width": 41, "Inner Unique": false, "Hash Cond": "(mi_idx.movie_id = t.id)", "Plans": [{"Node Type": "Seq Scan", "Parent Relationship": "Outer", "Relation Name": "movie_info_idx", "Alias": "mi_idx", "Startup Cost": 0.0, "Total Cost": 20274.34, "Plan Rows": 1380034, "Plan Width": 8}, {"Node Type": "Hash", "Parent Relationship": "Inner", "Startup Cost": 115850.37, "Total Cost": 115850.37, "Plan Rows": 545, "Plan Width": 33, "Plans": [{"Node Type": "Hash Join", "Parent Relationship": "Outer", "Join Type": "Inner", "Startup Cost": 64243.41, "Total Cost": 115850.37, "Plan Rows": 545, "Plan Width": 33, "Inner Unique": true, "Hash Cond": "(mc.movie_id = t.id)", "Plans": [{"Node Type": "Seq Scan", "Parent Relationship": "Outer", "Relation Name": "movie_companies", "Alias": "mc", "Startup Cost": 0.0, "Total Cost": 41817.28, "Plan Rows": 2609128, "Plan Width": 12}, {"Node Type": "Hash", "Parent Relationship": "Inner", "Startup Cost": 64240.19, "Total Cost": 64240.19, "Plan Rows": 258, "Plan Width": 21, "Plans": [{"Node Type": "Streaming(type: LOCAL GATHER dop: 1/64)", "Parent Relationship": "Outer", "Startup Cost": 0.0, "Total Cost": 64240.19, "Plan Rows": 258, "Plan Width": 21, "Plans": [{"Node Type": "Seq Scan", "Parent Relationship": "Outer", "Relation Name": "title", "Alias": "t", "Startup Cost": 0.0, "Total Cost": 64234.87, "Plan Rows": 258, "Plan Width": 21, "Filter": "((production_year > 2000) AND (((title)::text ~~ 'Birdemic%'::text) OR ((title)::text ~~ '%Movie%'::text)))"}]}]}]}]}]}]}, {"Node Type": "Hash", "Parent Relationship": "Inner", "Startup Cost": 67640.43, "Total Cost": 67640.43, "Plan Rows": 14869966, "Plan Width": 50, "Plans": [{"Node Type": "Seq Scan", "Parent Relationship": "Outer", "Relation Name": "movie_info", "Alias": "mi", "Startup Cost": 0.0, "Total Cost": 67640.43, "Plan Rows": 14869966, "Plan Width": 50}]}]}]}, {"Node Type": "Hash", "Parent Relationship": "Inner", "Startup Cost": 5903.45, "Total Cost": 5903.45, "Plan Rows": 85170, "Plan Width": 4, "Plans": [{"Node Type": "Seq Scan", "Parent Relationship": "Outer", "Relation Name": "company_name", "Alias": "cn", "Startup Cost": 0.0, "Total Cost": 5903.45, "Plan Rows": 85170, "Plan Width": 4, "Filter": "((country_code)::text = '[us]'::text)"}]}]}]}]}]}, {"Node Type": "Materialize", "Parent Relationship": "Inner", "Startup Cost": 0.0, "Total Cost": 1.05, "Plan Rows": 2, "Plan Width": 4, "Plans": [{"Node Type": "Seq Scan", "Parent Relationship": "Outer", "Relation Name": "company_type", "Alias": "ct", "Startup Cost": 0.0, "Total Cost": 1.04, "Plan Rows": 2, "Plan Width": 4, "Filter": "((kind IS NOT NULL) AND (((kind)::text = 'production companies'::text) OR ((kind)::text = 'distributors'::text)))"}]}]}]}, "Unique SQL Id": 1682224415}, "explain_analyze_plan": null}, "(64, 11)": {"explain_plan": {"Plan": {"Node Type": "Aggregate", "Strategy": "Plain", "Startup Cost": 7998688012676.87, "Total Cost": 7998688012676.88, "Plan Rows": 1, "Plan Width": 123, "Plans": [{"Node Type": "Nested Loop", "Parent Relationship": "Outer", "Join Type": "Inner", "Startup Cost": 80000000000.0, "Total Cost": 7998688012676.62, "Plan Rows": 48, "Plan Width": 59, "Inner Unique": false, "Join Filter": "(mi_idx.movie_id = t.id)", "Plans": [{"Node Type": "Nested Loop", "Parent Relationship": "Outer", "Join Type": "Inner", "Startup Cost": 20000000000.0, "Total Cost": 2000004672156.88, "Plan Rows": 345008, "Plan Width": 4, "Inner Unique": true, "Join Filter": "(it2.id = mi_idx.info_type_id), (LLVM Optimized)", "Plans": [{"Node Type": "Index Scan", "Parent Relationship": "Outer", "Scan Direction": "Forward", "Index Name": "movie_id_movie_info_idx", "Relation Name": "movie_info_idx", "Alias": "mi_idx", "Startup Cost": 10000000000.0, "Total Cost": 1000004650035.37, "Plan Rows": 1380034, "Plan Width": 8}, {"Node Type": "Materialize", "Parent Relationship": "Inner", "Startup Cost": 10000000000.0, "Total Cost": 1000000001421.0, "Plan Rows": 1, "Plan Width": 4, "Plans": [{"Node Type": "Index Scan", "Parent Relationship": "Outer", "Scan Direction": "Forward", "Index Name": "info_type_pkey", "Relation Name": "info_type", "Alias": "it2", "Startup Cost": 10000000000.0, "Total Cost": 1000000001421.0, "Plan Rows": 1, "Plan Width": 4, "Filter": "((info)::text = 'bottom 10 rank'::text)"}]}]}, {"Node Type": "Materialize", "Parent Relationship": "Inner", "Startup Cost": 60000000000.0, "Total Cost": 5998682688454.94, "Plan Rows": 126, "Plan Width": 71, "Plans": [{"Node Type": "Nested Loop", "Parent Relationship": "Outer", "Join Type": "Inner", "Startup Cost": 60000000000.0, "Total Cost": 5998682688454.31, "Plan Rows": 126, "Plan Width": 71, "Inner Unique": true, "Join Filter": "(mc.company_id = cn.id)", "Plans": [{"Node Type": "Nested Loop", "Parent Relationship": "Outer", "Join Type": "Inner", "Startup Cost": 50000000000.0, "Total Cost": 4998681311049.62, "Plan Rows": 256, "Plan Width": 75, "Inner Unique": true, "Join Filter": "(mi.info_type_id = it1.id)", "Plans": [{"Node Type": "Nested Loop", "Parent Relationship": "Outer", "Join Type": "Inner", "Startup Cost": 40000000000.0, "Total Cost": 3998681309583.78, "Plan Rows": 2989, "Plan Width": 79, "Inner Unique": true, "Join Filter": "(mc.company_type_id = ct.id)", "Plans": [{"Node Type": "Merge Join", "Parent Relationship": "Outer", "Join Type": "Inner", "Startup Cost": 30000000000.0, "Total Cost": 2998681308263.11, "Plan Rows": 2989, "Plan Width": 83, "Inner Unique": false, "Merge Cond": "(t.id = mc.movie_id)", "Plans": [{"Node Type": "Merge Join", "Parent Relationship": "Outer", "Join Type": "Inner", "Startup Cost": 20000000000.0, "Total Cost": 2000116762389.8, "Plan Rows": 1367, "Plan Width": 71, "Inner Unique": true, "Merge Cond": "(mi.movie_id = t.id)", "Plans": [{"Node Type": "Index Scan", "Parent Relationship": "Outer", "Scan Direction": "Forward", "Index Name": "movie_id_movie_info", "Relation Name": "movie_info", "Alias": "mi", "Startup Cost": 10000000000.0, "Total Cost": 1000103816912.22, "Plan Rows": 14869966, "Plan Width": 50}, {"Node Type": "Materialize", "Parent Relationship": "Inner", "Startup Cost": 10000000000.0, "Total Cost": 1000012908282.81, "Plan Rows": 258, "Plan Width": 21, "Plans": [{"Node Type": "Index Scan", "Parent Relationship": "Outer", "Scan Direction": "Forward", "Index Name": "title_pkey", "Relation Name": "title", "Alias": "t", "Startup Cost": 10000000000.0, "Total Cost": 1000012908282.16, "Plan Rows": 258, "Plan Width": 21, "Filter": "((production_year > 2000) AND (((title)::text ~~ 'Birdemic%'::text) OR ((title)::text ~~ '%Movie%'::text)))"}]}]}, {"Node Type": "Index Scan", "Parent Relationship": "Inner", "Scan Direction": "Forward", "Index Name": "movie_id_movie_companies", "Relation Name": "movie_companies", "Alias": "mc", "Startup Cost": 10000000000.0, "Total Cost": 1000013051946.13, "Plan Rows": 2609128, "Plan Width": 12}]}, {"Node Type": "Materialize", "Parent Relationship": "Inner", "Startup Cost": 10000000000.0, "Total Cost": 1000000001231.01, "Plan Rows": 2, "Plan Width": 4, "Plans": [{"Node Type": "Index Scan", "Parent Relationship": "Outer", "Scan Direction": "Forward", "Index Name": "company_type_pkey", "Relation Name": "company_type", "Alias": "ct", "Startup Cost": 10000000000.0, "Total Cost": 1000000001231.0, "Plan Rows": 2, "Plan Width": 4, "Filter": "((kind IS NOT NULL) AND (((kind)::text = 'production companies'::text) OR ((kind)::text = 'distributors'::text)))"}]}]}, {"Node Type": "Materialize", "Parent Relationship": "Inner", "Startup Cost": 10000000000.0, "Total Cost": 1000000001421.0, "Plan Rows": 1, "Plan Width": 4, "Plans": [{"Node Type": "Index Scan", "Parent Relationship": "Outer", "Scan Direction": "Forward", "Index Name": "info_type_pkey", "Relation Name": "info_type", "Alias": "it1", "Startup Cost": 10000000000.0, "Total Cost": 1000000001421.0, "Plan Rows": 1, "Plan Width": 4, "Filter": "((info)::text = 'budget'::text)"}]}]}, {"Node Type": "Materialize", "Parent Relationship": "Inner", "Startup Cost": 10000000000.0, "Total Cost": 1000001050564.82, "Plan Rows": 85170, "Plan Width": 4, "Plans": [{"Node Type": "Index Scan", "Parent Relationship": "Outer", "Scan Direction": "Forward", "Index Name": "company_name_pkey", "Relation Name": "company_name", "Alias": "cn", "Startup Cost": 10000000000.0, "Total Cost": 1000001050138.97, "Plan Rows": 85170, "Plan Width": 4, "Filter": "((country_code)::text = '[us]'::text)"}]}]}]}]}]}, "Unique SQL Id": 1682224415}, "explain_analyze_plan": null}, "(64, 12)": {"explain_plan": {"Plan": {"Node Type": "Aggregate", "Strategy": "Plain", "Startup Cost": 66648.03, "Total Cost": 66648.04, "Plan Rows": 1, "Plan Width": 123, "Plans": [{"Node Type": "Nested Loop", "Parent Relationship": "Outer", "Join Type": "Inner", "Startup Cost": 0.0, "Total Cost": 66648.01, "Plan Rows": 4, "Plan Width": 59, "Inner Unique": true, "Plans": [{"Node Type": "Nested Loop", "Parent Relationship": "Outer", "Join Type": "Inner", "Startup Cost": 0.0, "Total Cost": 66646.0, "Plan Rows": 7, "Plan Width": 63, "Inner Unique": true, "Join Filter": "(mc.company_type_id = ct.id)", "Plans": [{"Node Type": "Nested Loop", "Parent Relationship": "Outer", "Join Type": "Inner", "Startup Cost": 0.0, "Total Cost": 66643.42, "Plan Rows": 51, "Plan Width": 67, "Inner Unique": false, "Join Filter": "(mi.info_type_id = it1.id)", "Plans": [{"Node Type": "Seq Scan", "Parent Relationship": "Outer", "Relation Name": "info_type", "Alias": "it1", "Startup Cost": 0.0, "Total Cost": 2.4, "Plan Rows": 1, "Plan Width": 4, "Filter": "((info)::text = 'budget'::text)"}, {"Node Type": "Nested Loop", "Parent Relationship": "Inner", "Join Type": "Inner", "Startup Cost": 0.0, "Total Cost": 66621.88, "Plan Rows": 1531, "Plan Width": 71, "Inner Unique": false, "Join Filter": "(t.id = mi.movie_id)", "Plans": [{"Node Type": "Nested Loop", "Parent Relationship": "Outer", "Join Type": "Inner", "Startup Cost": 0.0, "Total Cost": 66469.22, "Plan Rows": 210, "Plan Width": 37, "Inner Unique": false, "Join Filter": "(t.id = mc.movie_id)", "Plans": [{"Node Type": "Nested Loop", "Parent Relationship": "Outer", "Join Type": "Inner", "Startup Cost": 0.0, "Total Cost": 66348.45, "Plan Rows": 311, "Plan Width": 25, "Inner Unique": false, "Join Filter": "(mi_idx.info_type_id = it2.id)", "Plans": [{"Node Type": "Seq Scan", "Parent Relationship": "Outer", "Relation Name": "info_type", "Alias": "it2", "Startup Cost": 0.0, "Total Cost": 2.4, "Plan Rows": 1, "Plan Width": 4, "Filter": "((info)::text = 'bottom 10 rank'::text)"}, {"Node Type": "Materialize", "Parent Relationship": "Inner", "Startup Cost": 0.0, "Total Cost": 66342.09, "Plan Rows": 396, "Plan Width": 29, "Plans": [{"Node Type": "Nested Loop", "Parent Relationship": "Outer", "Join Type": "Inner", "Startup Cost": 0.0, "Total Cost": 66341.1, "Plan Rows": 396, "Plan Width": 29, "Inner Unique": false, "Plans": [{"Node Type": "Streaming(type: LOCAL GATHER dop: 1/64)", "Parent Relationship": "Outer", "Startup Cost": 0.0, "Total Cost": 64240.19, "Plan Rows": 258, "Plan Width": 21, "Plans": [{"Node Type": "Seq Scan", "Parent Relationship": "Outer", "Relation Name": "title", "Alias": "t", "Startup Cost": 0.0, "Total Cost": 64234.87, "Plan Rows": 258, "Plan Width": 21, "Filter": "((production_year > 2000) AND (((title)::text ~~ 'Birdemic%'::text) OR ((title)::text ~~ '%Movie%'::text)))"}]}, {"Node Type": "Index Scan", "Parent Relationship": "Inner", "Scan Direction": "Forward", "Index Name": "movie_id_movie_info_idx", "Relation Name": "movie_info_idx", "Alias": "mi_idx", "Startup Cost": 0.0, "Total Cost": 8.12, "Plan Rows": 2, "Plan Width": 8, "Index Cond": "(movie_id = t.id)"}]}]}]}, {"Node Type": "Index Scan", "Parent Relationship": "Inner", "Scan Direction": "Forward", "Index Name": "movie_id_movie_companies", "Relation Name": "movie_companies", "Alias": "mc", "Startup Cost": 0.0, "Total Cost": 0.36, "Plan Rows": 2, "Plan Width": 12, "Index Cond": "(movie_id = mi_idx.movie_id)"}]}, {"Node Type": "Index Scan", "Parent Relationship": "Inner", "Scan Direction": "Forward", "Index Name": "movie_id_movie_info", "Relation Name": "movie_info", "Alias": "mi", "Startup Cost": 0.0, "Total Cost": 0.66, "Plan Rows": 5, "Plan Width": 50, "Index Cond": "(movie_id = mc.movie_id)"}]}]}, {"Node Type": "Materialize", "Parent Relationship": "Inner", "Startup Cost": 0.0, "Total Cost": 1.05, "Plan Rows": 2, "Plan Width": 4, "Plans": [{"Node Type": "Seq Scan", "Parent Relationship": "Outer", "Relation Name": "company_type", "Alias": "ct", "Startup Cost": 0.0, "Total Cost": 1.04, "Plan Rows": 2, "Plan Width": 4, "Filter": "((kind IS NOT NULL) AND (((kind)::text = 'production companies'::text) OR ((kind)::text = 'distributors'::text)))"}]}]}, {"Node Type": "Index Scan", "Parent Relationship": "Inner", "Scan Direction": "Forward", "Index Name": "company_name_pkey", "Relation Name": "company_name", "Alias": "cn", "Startup Cost": 0.0, "Total Cost": 0.28, "Plan Rows": 1, "Plan Width": 4, "Index Cond": "(id = mc.company_id)", "Filter": "((country_code)::text = '[us]'::text)"}]}]}, "Unique SQL Id": 1682224415}, "explain_analyze_plan": {"Plan": {"Node Type": "Aggregate", "Strategy": "Plain", "Startup Cost": 66648.03, "Total Cost": 66648.04, "Plan Rows": 1, "Plan Width": 123, "Actual Min Startup Time": 217.772, "Actual Max Startup Time": 217.772, "Actual Min Total Time": 217.772, "Actual Max Total Time": 217.772, "Actual Total Rows": 1, "Plans": [{"Node Type": "Nested Loop", "Parent Relationship": "Outer", "Join Type": "Inner", "Startup Cost": 0.0, "Total Cost": 66648.01, "Plan Rows": 4, "Plan Width": 59, "Actual Min Startup Time": 211.743, "Actual Max Startup Time": 211.743, "Actual Min Total Time": 217.672, "Actual Max Total Time": 217.672, "Actual Total Rows": 5, "Inner Unique": true, "Plans": [{"Node Type": "Nested Loop", "Parent Relationship": "Outer", "Join Type": "Inner", "Startup Cost": 0.0, "Total Cost": 66646.0, "Plan Rows": 7, "Plan Width": 63, "Actual Min Startup Time": 211.721, "Actual Max Startup Time": 211.721, "Actual Min Total Time": 217.591, "Actual Max Total Time": 217.591, "Actual Total Rows": 5, "Inner Unique": true, "Join Filter": "(mc.company_type_id = ct.id)", "Rows Removed by Join Filter": 28, "Plans": [{"Node Type": "Nested Loop", "Parent Relationship": "Outer", "Join Type": "Inner", "Startup Cost": 0.0, "Total Cost": 66643.42, "Plan Rows": 51, "Plan Width": 67, "Actual Min Startup Time": 211.472, "Actual Max Startup Time": 211.472, "Actual Min Total Time": 217.533, "Actual Max Total Time": 217.533, "Actual Total Rows": 33, "Inner Unique": false, "Join Filter": "(mi.info_type_id = it1.id)", "Rows Removed by Join Filter": 4926, "Plans": [{"Node Type": "Seq Scan", "Parent Relationship": "Outer", "Relation Name": "info_type", "Alias": "it1", "Startup Cost": 0.0, "Total Cost": 2.4, "Plan Rows": 1, "Plan Width": 4, "Actual Min Startup Time": 0.099, "Actual Max Startup Time": 0.099, "Actual Min Total Time": 0.107, "Actual Max Total Time": 0.107, "Actual Total Rows": 1, "Filter": "((info)::text = 'budget'::text)", "Rows Removed by Filter": 111}, {"Node Type": "Nested Loop", "Parent Relationship": "Inner", "Join Type": "Inner", "Startup Cost": 0.0, "Total Cost": 66621.88, "Plan Rows": 1531, "Plan Width": 71, "Actual Min Startup Time": 211.287, "Actual Max Startup Time": 211.287, "Actual Min Total Time": 216.404, "Actual Max Total Time": 216.404, "Actual Total Rows": 4959, "Inner Unique": false, "Join Filter": "(t.id = mi.movie_id)", "Rows Removed by Join Filter": 0, "Plans": [{"Node Type": "Nested Loop", "Parent Relationship": "Outer", "Join Type": "Inner", "Startup Cost": 0.0, "Total Cost": 66469.22, "Plan Rows": 210, "Plan Width": 37, "Actual Min Startup Time": 211.262, "Actual Max Startup Time": 211.262, "Actual Min Total Time": 212.181, "Actual Max Total Time": 212.181, "Actual Total Rows": 33, "Inner Unique": false, "Join Filter": "(t.id = mc.movie_id)", "Rows Removed by Join Filter": 0, "Plans": [{"Node Type": "Nested Loop", "Parent Relationship": "Outer", "Join Type": "Inner", "Startup Cost": 0.0, "Total Cost": 66348.45, "Plan Rows": 311, "Plan Width": 25, "Actual Min Startup Time": 211.236, "Actual Max Startup Time": 211.236, "Actual Min Total Time": 212.099, "Actual Max Total Time": 212.099, "Actual Total Rows": 2, "Inner Unique": false, "Join Filter": "(mi_idx.info_type_id = it2.id)", "Rows Removed by Join Filter": 2643, "Plans": [{"Node Type": "Seq Scan", "Parent Relationship": "Outer", "Relation Name": "info_type", "Alias": "it2", "Startup Cost": 0.0, "Total Cost": 2.4, "Plan Rows": 1, "Plan Width": 4, "Actual Min Startup Time": 0.088, "Actual Max Startup Time": 0.088, "Actual Min Total Time": 0.094, "Actual Max Total Time": 0.094, "Actual Total Rows": 1, "Filter": "((info)::text = 'bottom 10 rank'::text)", "Rows Removed by Filter": 111}, {"Node Type": "Materialize", "Parent Relationship": "Inner", "Startup Cost": 0.0, "Total Cost": 66342.09, "Plan Rows": 396, "Plan Width": 29, "Actual Min Startup Time": 211.127, "Actual Max Startup Time": 211.127, "Actual Min Total Time": 211.418, "Actual Max Total Time": 211.418, "Actual Total Rows": 2646, "Plans": [{"Node Type": "Nested Loop", "Parent Relationship": "Outer", "Join Type": "Inner", "Startup Cost": 0.0, "Total Cost": 66341.1, "Plan Rows": 396, "Plan Width": 29, "Actual Min Startup Time": 98.187, "Actual Max Startup Time": 98.187, "Actual Min Total Time": 210.25, "Actual Max Total Time": 210.25, "Actual Total Rows": 2645, "Inner Unique": false, "Plans": [{"Node Type": "Streaming(type: LOCAL GATHER dop: 1/64)", "Parent Relationship": "Outer", "Startup Cost": 0.0, "Total Cost": 64240.19, "Plan Rows": 258, "Plan Width": 21, "Actual Min Startup Time": 98.092, "Actual Max Startup Time": 98.092, "Actual Min Total Time": 195.165, "Actual Max Total Time": 195.165, "Actual Total Rows": 2536, "Plans": [{"Node Type": "Seq Scan", "Parent Relationship": "Outer", "Relation Name": "title", "Alias": "t", "Startup Cost": 0.0, "Total Cost": 64234.87, "Plan Rows": 258, "Plan Width": 21, "Actual Min Startup Time": 0.035, "Actual Max Startup Time": 7.299, "Actual Min Total Time": 19.422, "Actual Max Total Time": 35.945, "Actual Total Rows": 2536, "Filter": "((production_year > 2000) AND (((title)::text ~~ 'Birdemic%'::text) OR ((title)::text ~~ '%Movie%'::text)))", "Rows Removed by Filter": 2525775}]}, {"Node Type": "Index Scan", "Parent Relationship": "Inner", "Scan Direction": "Forward", "Index Name": "movie_id_movie_info_idx", "Relation Name": "movie_info_idx", "Alias": "mi_idx", "Startup Cost": 0.0, "Total Cost": 8.12, "Plan Rows": 2, "Plan Width": 8, "Actual Min Startup Time": 12.235, "Actual Max Startup Time": 12.235, "Actual Min Total Time": 13.216, "Actual Max Total Time": 13.216, "Actual Total Rows": 2645, "Index Cond": "(movie_id = t.id)", "Rows Removed by Index Recheck": 0}]}]}]}, {"Node Type": "Index Scan", "Parent Relationship": "Inner", "Scan Direction": "Forward", "Index Name": "movie_id_movie_companies", "Relation Name": "movie_companies", "Alias": "mc", "Startup Cost": 0.0, "Total Cost": 0.36, "Plan Rows": 2, "Plan Width": 12, "Actual Min Startup Time": 0.032, "Actual Max Startup Time": 0.032, "Actual Min Total Time": 0.052, "Actual Max Total Time": 0.052, "Actual Total Rows": 33, "Index Cond": "(movie_id = mi_idx.movie_id)", "Rows Removed by Index Recheck": 0}]}, {"Node Type": "Index Scan", "Parent Relationship": "Inner", "Scan Direction": "Forward", "Index Name": "movie_id_movie_info", "Relation Name": "movie_info", "Alias": "mi", "Startup Cost": 0.0, "Total Cost": 0.66, "Plan Rows": 5, "Plan Width": 50, "Actual Min Startup Time": 0.521, "Actual Max Startup Time": 0.521, "Actual Min Total Time": 2.643, "Actual Max Total Time": 2.643, "Actual Total Rows": 4959, "Index Cond": "(movie_id = mc.movie_id)", "Rows Removed by Index Recheck": 0}]}]}, {"Node Type": "Materialize", "Parent Relationship": "Inner", "Startup Cost": 0.0, "Total Cost": 1.05, "Plan Rows": 2, "Plan Width": 4, "Actual Min Startup Time": 0.017, "Actual Max Startup Time": 0.017, "Actual Min Total Time": 0.026, "Actual Max Total Time": 0.026, "Actual Total Rows": 33, "Plans": [{"Node Type": "Seq Scan", "Parent Relationship": "Outer", "Relation Name": "company_type", "Alias": "ct", "Startup Cost": 0.0, "Total Cost": 1.04, "Plan Rows": 2, "Plan Width": 4, "Actual Min Startup Time": 0.01, "Actual Max Startup Time": 0.01, "Actual Min Total Time": 0.014, "Actual Max Total Time": 0.014, "Actual Total Rows": 1, "Filter": "((kind IS NOT NULL) AND (((kind)::text = 'production companies'::text) OR ((kind)::text = 'distributors'::text)))", "Rows Removed by Filter": 2}]}]}, {"Node Type": "Index Scan", "Parent Relationship": "Inner", "Scan Direction": "Forward", "Index Name": "company_name_pkey", "Relation Name": "company_name", "Alias": "cn", "Startup Cost": 0.0, "Total Cost": 0.28, "Plan Rows": 1, "Plan Width": 4, "Actual Min Startup Time": 0.069, "Actual Max Startup Time": 0.069, "Actual Min Total Time": 0.069, "Actual Max Total Time": 0.069, "Actual Total Rows": 5, "Index Cond": "(id = mc.company_id)", "Rows Removed by Index Recheck": 0, "Filter": "((country_code)::text = '[us]'::text)", "Rows Removed by Filter": 0}]}]}, "Triggers": [], "Planner Runtime": 196.957, "Total Runtime": 230.445, "Unique SQL Id": 1682224415}}, "(64, 13)": {"explain_plan": {"Plan": {"Node Type": "Aggregate", "Strategy": "Plain", "Startup Cost": 131509.23, "Total Cost": 131509.24, "Plan Rows": 1, "Plan Width": 123, "Plans": [{"Node Type": "Nested Loop", "Parent Relationship": "Outer", "Join Type": "Inner", "Startup Cost": 0.0, "Total Cost": 131508.99, "Plan Rows": 48, "Plan Width": 59, "Inner Unique": true, "Plans": [{"Node Type": "Nested Loop", "Parent Relationship": "Outer", "Join Type": "Inner", "Startup Cost": 0.0, "Total Cost": 131506.98, "Plan Rows": 7, "Plan Width": 63, "Inner Unique": true, "Plans": [{"Node Type": "Nested Loop", "Parent Relationship": "Outer", "Join Type": "Inner", "Startup Cost": 0.0, "Total Cost": 131505.55, "Plan Rows": 5, "Plan Width": 67, "Inner Unique": false, "Join Filter": "(mi.info_type_id = it1.id)", "Plans": [{"Node Type": "Index Scan", "Parent Relationship": "Outer", "Scan Direction": "Forward", "Index Name": "info_type_pkey", "Relation Name": "info_type", "Alias": "it1", "Startup Cost": 0.0, "Total Cost": 14.21, "Plan Rows": 1, "Plan Width": 4, "Filter": "((info)::text = 'budget'::text)"}, {"Node Type": "Nested Loop", "Parent Relationship": "Inner", "Join Type": "Inner", "Startup Cost": 0.0, "Total Cost": 131477.32, "Plan Rows": 1122, "Plan Width": 71, "Inner Unique": false, "Join Filter": "(t.id = mi.movie_id)", "Plans": [{"Node Type": "Nested Loop", "Parent Relationship": "Outer", "Join Type": "Inner", "Startup Cost": 0.0, "Total Cost": 131324.66, "Plan Rows": 210, "Plan Width": 37, "Inner Unique": false, "Join Filter": "(t.id = mc.movie_id)", "Plans": [{"Node Type": "Nested Loop", "Parent Relationship": "Outer", "Join Type": "Inner", "Startup Cost": 0.0, "Total Cost": 131203.89, "Plan Rows": 311, "Plan Width": 25, "Inner Unique": true, "Join Filter": "(mi_idx.info_type_id = it2.id)", "Plans": [{"Node Type": "Nested Loop", "Parent Relationship": "Outer", "Join Type": "Inner", "Startup Cost": 0.0, "Total Cost": 131183.74, "Plan Rows": 396, "Plan Width": 29, "Inner Unique": false, "Plans": [{"Node Type": "Index Scan", "Parent Relationship": "Outer", "Scan Direction": "Forward", "Index Name": "title_pkey", "Relation Name": "title", "Alias": "t", "Startup Cost": 0.0, "Total Cost": 129082.82, "Plan Rows": 258, "Plan Width": 21, "Filter": "((production_year > 2000) AND (((title)::text ~~ 'Birdemic%'::text) OR ((title)::text ~~ '%Movie%'::text)))"}, {"Node Type": "Index Scan", "Parent Relationship": "Inner", "Scan Direction": "Forward", "Index Name": "movie_id_movie_info_idx", "Relation Name": "movie_info_idx", "Alias": "mi_idx", "Startup Cost": 0.0, "Total Cost": 8.12, "Plan Rows": 2, "Plan Width": 8, "Index Cond": "(movie_id = t.id)"}]}, {"Node Type": "Materialize", "Parent Relationship": "Inner", "Startup Cost": 0.0, "Total Cost": 14.22, "Plan Rows": 1, "Plan Width": 4, "Plans": [{"Node Type": "Index Scan", "Parent Relationship": "Outer", "Scan Direction": "Forward", "Index Name": "info_type_pkey", "Relation Name": "info_type", "Alias": "it2", "Startup Cost": 0.0, "Total Cost": 14.21, "Plan Rows": 1, "Plan Width": 4, "Filter": "((info)::text = 'bottom 10 rank'::text)"}]}]}, {"Node Type": "Index Scan", "Parent Relationship": "Inner", "Scan Direction": "Forward", "Index Name": "movie_id_movie_companies", "Relation Name": "movie_companies", "Alias": "mc", "Startup Cost": 0.0, "Total Cost": 0.36, "Plan Rows": 2, "Plan Width": 12, "Index Cond": "(movie_id = mi_idx.movie_id)"}]}, {"Node Type": "Index Scan", "Parent Relationship": "Inner", "Scan Direction": "Forward", "Index Name": "movie_id_movie_info", "Relation Name": "movie_info", "Alias": "mi", "Startup Cost": 0.0, "Total Cost": 0.66, "Plan Rows": 5, "Plan Width": 50, "Index Cond": "(movie_id = mc.movie_id)"}]}]}, {"Node Type": "Index Scan", "Parent Relationship": "Inner", "Scan Direction": "Forward", "Index Name": "company_type_pkey", "Relation Name": "company_type", "Alias": "ct", "Startup Cost": 0.0, "Total Cost": 0.28, "Plan Rows": 1, "Plan Width": 4, "Index Cond": "(id = mc.company_type_id)", "Filter": "((kind IS NOT NULL) AND (((kind)::text = 'production companies'::text) OR ((kind)::text = 'distributors'::text)))"}]}, {"Node Type": "Index Scan", "Parent Relationship": "Inner", "Scan Direction": "Forward", "Index Name": "company_name_pkey", "Relation Name": "company_name", "Alias": "cn", "Startup Cost": 0.0, "Total Cost": 0.28, "Plan Rows": 1, "Plan Width": 4, "Index Cond": "(id = mc.company_id)", "Filter": "((country_code)::text = '[us]'::text)"}]}]}, "Unique SQL Id": 1682224415}, "explain_analyze_plan": null}, "(64, 14)": {"explain_plan": {"Plan": {"Node Type": "Aggregate", "Strategy": "Plain", "Startup Cost": 229778.9, "Total Cost": 229778.91, "Plan Rows": 1, "Plan Width": 123, "Plans": [{"Node Type": "Nested Loop", "Parent Relationship": "Outer", "Join Type": "Inner", "Startup Cost": 138212.07, "Total Cost": 229778.83, "Plan Rows": 14, "Plan Width": 59, "Inner Unique": true, "Join Filter": "(mc.company_type_id = ct.id)", "Plans": [{"Node Type": "Nested Loop", "Parent Relationship": "Outer", "Join Type": "Inner", "Startup Cost": 138212.07, "Total Cost": 229777.36, "Plan Rows": 14, "Plan Width": 63, "Inner Unique": false, "Join Filter": "(mi_idx.info_type_id = it2.id)", "Plans": [{"Node Type": "Seq Scan", "Parent Relationship": "Outer", "Relation Name": "info_type", "Alias": "it2", "Startup Cost": 0.0, "Total Cost": 2.4, "Plan Rows": 1, "Plan Width": 4, "Filter": "((info)::text = 'bottom 10 rank'::text)"}, {"Node Type": "Nested Loop", "Parent Relationship": "Inner", "Join Type": "Inner", "Startup Cost": 138212.07, "Total Cost": 229774.27, "Plan Rows": 55, "Plan Width": 67, "Inner Unique": false, "Join Filter": "(mi.info_type_id = it1.id)", "Plans": [{"Node Type": "Seq Scan", "Parent Relationship": "Outer", "Relation Name": "info_type", "Alias": "it1", "Startup Cost": 0.0, "Total Cost": 2.4, "Plan Rows": 1, "Plan Width": 4, "Filter": "((info)::text = 'budget'::text)"}, {"Node Type": "Materialize", "Parent Relationship": "Inner", "Startup Cost": 138212.07, "Total Cost": 229732.88, "Plan Rows": 3899, "Plan Width": 71, "Plans": [{"Node Type": "Hash Join", "Parent Relationship": "Outer", "Join Type": "Inner", "Startup Cost": 138212.07, "Total Cost": 229723.13, "Plan Rows": 3899, "Plan Width": 71, "Inner Unique": true, "Hash Cond": "(mc.company_id = cn.id)", "Plans": [{"Node Type": "Streaming(type: LOCAL GATHER dop: 1/64)", "Parent Relationship": "Outer", "Startup Cost": 135671.58, "Total Cost": 227109.8, "Plan Rows": 4648, "Plan Width": 75, "Plans": [{"Node Type": "Hash Join", "Parent Relationship": "Outer", "Join Type": "Inner", "Startup Cost": 135671.58, "Total Cost": 227013.91, "Plan Rows": 4648, "Plan Width": 75, "Inner Unique": false, "Hash Cond": "(t.id = mi.movie_id)", "Plans": [{"Node Type": "Streaming(type: BROADCAST dop: 64/1)", "Parent Relationship": "Outer", "Startup Cost": 115857.19, "Total Cost": 207150.46, "Plan Rows": 53824, "Plan Width": 41, "Plans": [{"Node Type": "Hash Join", "Parent Relationship": "Outer", "Join Type": "Inner", "Startup Cost": 115857.19, "Total Cost": 143040.08, "Plan Rows": 841, "Plan Width": 41, "Inner Unique": false, "Hash Cond": "(mi_idx.movie_id = t.id)", "Plans": [{"Node Type": "Seq Scan", "Parent Relationship": "Outer", "Relation Name": "movie_info_idx", "Alias": "mi_idx", "Startup Cost": 0.0, "Total Cost": 20274.34, "Plan Rows": 1380034, "Plan Width": 8}, {"Node Type": "Hash", "Parent Relationship": "Inner", "Startup Cost": 115850.37, "Total Cost": 115850.37, "Plan Rows": 545, "Plan Width": 33, "Plans": [{"Node Type": "Hash Join", "Parent Relationship": "Outer", "Join Type": "Inner", "Startup Cost": 64243.41, "Total Cost": 115850.37, "Plan Rows": 545, "Plan Width": 33, "Inner Unique": true, "Hash Cond": "(mc.movie_id = t.id)", "Plans": [{"Node Type": "Seq Scan", "Parent Relationship": "Outer", "Relation Name": "movie_companies", "Alias": "mc", "Startup Cost": 0.0, "Total Cost": 41817.28, "Plan Rows": 2609128, "Plan Width": 12}, {"Node Type": "Hash", "Parent Relationship": "Inner", "Startup Cost": 64240.19, "Total Cost": 64240.19, "Plan Rows": 258, "Plan Width": 21, "Plans": [{"Node Type": "Streaming(type: LOCAL GATHER dop: 1/64)", "Parent Relationship": "Outer", "Startup Cost": 0.0, "Total Cost": 64240.19, "Plan Rows": 258, "Plan Width": 21, "Plans": [{"Node Type": "Seq Scan", "Parent Relationship": "Outer", "Relation Name": "title", "Alias": "t", "Startup Cost": 0.0, "Total Cost": 64234.87, "Plan Rows": 258, "Plan Width": 21, "Filter": "((production_year > 2000) AND (((title)::text ~~ 'Birdemic%'::text) OR ((title)::text ~~ '%Movie%'::text)))"}]}]}]}]}]}]}, {"Node Type": "Hash", "Parent Relationship": "Inner", "Startup Cost": 67640.43, "Total Cost": 67640.43, "Plan Rows": 14869966, "Plan Width": 50, "Plans": [{"Node Type": "Seq Scan", "Parent Relationship": "Outer", "Relation Name": "movie_info", "Alias": "mi", "Startup Cost": 0.0, "Total Cost": 67640.43, "Plan Rows": 14869966, "Plan Width": 50}]}]}]}, {"Node Type": "Hash", "Parent Relationship": "Inner", "Startup Cost": 5903.45, "Total Cost": 5903.45, "Plan Rows": 85170, "Plan Width": 4, "Plans": [{"Node Type": "Seq Scan", "Parent Relationship": "Outer", "Relation Name": "company_name", "Alias": "cn", "Startup Cost": 0.0, "Total Cost": 5903.45, "Plan Rows": 85170, "Plan Width": 4, "Filter": "((country_code)::text = '[us]'::text)"}]}]}]}]}]}, {"Node Type": "Materialize", "Parent Relationship": "Inner", "Startup Cost": 0.0, "Total Cost": 1.05, "Plan Rows": 2, "Plan Width": 4, "Plans": [{"Node Type": "Seq Scan", "Parent Relationship": "Outer", "Relation Name": "company_type", "Alias": "ct", "Startup Cost": 0.0, "Total Cost": 1.04, "Plan Rows": 2, "Plan Width": 4, "Filter": "((kind IS NOT NULL) AND (((kind)::text = 'production companies'::text) OR ((kind)::text = 'distributors'::text)))"}]}]}]}, "Unique SQL Id": 1682224415}, "explain_analyze_plan": null}, "(64, 15)": {"explain_plan": {"Plan": {"Node Type": "Aggregate", "Strategy": "Plain", "Startup Cost": 7998688012676.87, "Total Cost": 7998688012676.88, "Plan Rows": 1, "Plan Width": 123, "Plans": [{"Node Type": "Nested Loop", "Parent Relationship": "Outer", "Join Type": "Inner", "Startup Cost": 80000000000.0, "Total Cost": 7998688012676.62, "Plan Rows": 48, "Plan Width": 59, "Inner Unique": false, "Join Filter": "(mi_idx.movie_id = t.id)", "Plans": [{"Node Type": "Nested Loop", "Parent Relationship": "Outer", "Join Type": "Inner", "Startup Cost": 20000000000.0, "Total Cost": 2000004672156.88, "Plan Rows": 345008, "Plan Width": 4, "Inner Unique": true, "Join Filter": "(it2.id = mi_idx.info_type_id), (LLVM Optimized)", "Plans": [{"Node Type": "Index Scan", "Parent Relationship": "Outer", "Scan Direction": "Forward", "Index Name": "movie_id_movie_info_idx", "Relation Name": "movie_info_idx", "Alias": "mi_idx", "Startup Cost": 10000000000.0, "Total Cost": 1000004650035.37, "Plan Rows": 1380034, "Plan Width": 8}, {"Node Type": "Materialize", "Parent Relationship": "Inner", "Startup Cost": 10000000000.0, "Total Cost": 1000000001421.0, "Plan Rows": 1, "Plan Width": 4, "Plans": [{"Node Type": "Index Scan", "Parent Relationship": "Outer", "Scan Direction": "Forward", "Index Name": "info_type_pkey", "Relation Name": "info_type", "Alias": "it2", "Startup Cost": 10000000000.0, "Total Cost": 1000000001421.0, "Plan Rows": 1, "Plan Width": 4, "Filter": "((info)::text = 'bottom 10 rank'::text)"}]}]}, {"Node Type": "Materialize", "Parent Relationship": "Inner", "Startup Cost": 60000000000.0, "Total Cost": 5998682688454.94, "Plan Rows": 126, "Plan Width": 71, "Plans": [{"Node Type": "Nested Loop", "Parent Relationship": "Outer", "Join Type": "Inner", "Startup Cost": 60000000000.0, "Total Cost": 5998682688454.31, "Plan Rows": 126, "Plan Width": 71, "Inner Unique": true, "Join Filter": "(mc.company_id = cn.id)", "Plans": [{"Node Type": "Nested Loop", "Parent Relationship": "Outer", "Join Type": "Inner", "Startup Cost": 50000000000.0, "Total Cost": 4998681311049.62, "Plan Rows": 256, "Plan Width": 75, "Inner Unique": true, "Join Filter": "(mi.info_type_id = it1.id)", "Plans": [{"Node Type": "Nested Loop", "Parent Relationship": "Outer", "Join Type": "Inner", "Startup Cost": 40000000000.0, "Total Cost": 3998681309583.78, "Plan Rows": 2989, "Plan Width": 79, "Inner Unique": true, "Join Filter": "(mc.company_type_id = ct.id)", "Plans": [{"Node Type": "Merge Join", "Parent Relationship": "Outer", "Join Type": "Inner", "Startup Cost": 30000000000.0, "Total Cost": 2998681308263.11, "Plan Rows": 2989, "Plan Width": 83, "Inner Unique": false, "Merge Cond": "(t.id = mc.movie_id)", "Plans": [{"Node Type": "Merge Join", "Parent Relationship": "Outer", "Join Type": "Inner", "Startup Cost": 20000000000.0, "Total Cost": 2000116762389.8, "Plan Rows": 1367, "Plan Width": 71, "Inner Unique": true, "Merge Cond": "(mi.movie_id = t.id)", "Plans": [{"Node Type": "Index Scan", "Parent Relationship": "Outer", "Scan Direction": "Forward", "Index Name": "movie_id_movie_info", "Relation Name": "movie_info", "Alias": "mi", "Startup Cost": 10000000000.0, "Total Cost": 1000103816912.22, "Plan Rows": 14869966, "Plan Width": 50}, {"Node Type": "Materialize", "Parent Relationship": "Inner", "Startup Cost": 10000000000.0, "Total Cost": 1000012908282.81, "Plan Rows": 258, "Plan Width": 21, "Plans": [{"Node Type": "Index Scan", "Parent Relationship": "Outer", "Scan Direction": "Forward", "Index Name": "title_pkey", "Relation Name": "title", "Alias": "t", "Startup Cost": 10000000000.0, "Total Cost": 1000012908282.16, "Plan Rows": 258, "Plan Width": 21, "Filter": "((production_year > 2000) AND (((title)::text ~~ 'Birdemic%'::text) OR ((title)::text ~~ '%Movie%'::text)))"}]}]}, {"Node Type": "Index Scan", "Parent Relationship": "Inner", "Scan Direction": "Forward", "Index Name": "movie_id_movie_companies", "Relation Name": "movie_companies", "Alias": "mc", "Startup Cost": 10000000000.0, "Total Cost": 1000013051946.13, "Plan Rows": 2609128, "Plan Width": 12}]}, {"Node Type": "Materialize", "Parent Relationship": "Inner", "Startup Cost": 10000000000.0, "Total Cost": 1000000001231.01, "Plan Rows": 2, "Plan Width": 4, "Plans": [{"Node Type": "Index Scan", "Parent Relationship": "Outer", "Scan Direction": "Forward", "Index Name": "company_type_pkey", "Relation Name": "company_type", "Alias": "ct", "Startup Cost": 10000000000.0, "Total Cost": 1000000001231.0, "Plan Rows": 2, "Plan Width": 4, "Filter": "((kind IS NOT NULL) AND (((kind)::text = 'production companies'::text) OR ((kind)::text = 'distributors'::text)))"}]}]}, {"Node Type": "Materialize", "Parent Relationship": "Inner", "Startup Cost": 10000000000.0, "Total Cost": 1000000001421.0, "Plan Rows": 1, "Plan Width": 4, "Plans": [{"Node Type": "Index Scan", "Parent Relationship": "Outer", "Scan Direction": "Forward", "Index Name": "info_type_pkey", "Relation Name": "info_type", "Alias": "it1", "Startup Cost": 10000000000.0, "Total Cost": 1000000001421.0, "Plan Rows": 1, "Plan Width": 4, "Filter": "((info)::text = 'budget'::text)"}]}]}, {"Node Type": "Materialize", "Parent Relationship": "Inner", "Startup Cost": 10000000000.0, "Total Cost": 1000001050564.82, "Plan Rows": 85170, "Plan Width": 4, "Plans": [{"Node Type": "Index Scan", "Parent Relationship": "Outer", "Scan Direction": "Forward", "Index Name": "company_name_pkey", "Relation Name": "company_name", "Alias": "cn", "Startup Cost": 10000000000.0, "Total Cost": 1000001050138.97, "Plan Rows": 85170, "Plan Width": 4, "Filter": "((country_code)::text = '[us]'::text)"}]}]}]}]}]}, "Unique SQL Id": 1682224415}, "explain_analyze_plan": null}, "(64, 16)": {"explain_plan": {"Plan": {"Node Type": "Aggregate", "Strategy": "Plain", "Startup Cost": 66642.92, "Total Cost": 66642.93, "Plan Rows": 1, "Plan Width": 123, "Plans": [{"Node Type": "Nested Loop", "Parent Relationship": "Outer", "Join Type": "Inner", "Startup Cost": 0.0, "Total Cost": 66642.9, "Plan Rows": 4, "Plan Width": 59, "Inner Unique": true, "Plans": [{"Node Type": "Nested Loop", "Parent Relationship": "Outer", "Join Type": "Inner", "Startup Cost": 0.0, "Total Cost": 66640.89, "Plan Rows": 7, "Plan Width": 63, "Inner Unique": true, "Join Filter": "(mc.company_type_id = ct.id)", "Plans": [{"Node Type": "Nested Loop", "Parent Relationship": "Outer", "Join Type": "Inner", "Startup Cost": 0.0, "Total Cost": 66638.31, "Plan Rows": 51, "Plan Width": 67, "Inner Unique": false, "Join Filter": "(mi.info_type_id = it1.id)", "Plans": [{"Node Type": "Seq Scan", "Parent Relationship": "Outer", "Relation Name": "info_type", "Alias": "it1", "Startup Cost": 0.0, "Total Cost": 2.4, "Plan Rows": 1, "Plan Width": 4, "Filter": "((info)::text = 'budget'::text)"}, {"Node Type": "Nested Loop", "Parent Relationship": "Inner", "Join Type": "Inner", "Startup Cost": 0.0, "Total Cost": 66621.88, "Plan Rows": 1122, "Plan Width": 71, "Inner Unique": false, "Join Filter": "(t.id = mi.movie_id)", "Plans": [{"Node Type": "Nested Loop", "Parent Relationship": "Outer", "Join Type": "Inner", "Startup Cost": 0.0, "Total Cost": 66469.22, "Plan Rows": 210, "Plan Width": 37, "Inner Unique": false, "Join Filter": "(t.id = mc.movie_id)", "Plans": [{"Node Type": "Nested Loop", "Parent Relationship": "Outer", "Join Type": "Inner", "Startup Cost": 0.0, "Total Cost": 66348.45, "Plan Rows": 311, "Plan Width": 25, "Inner Unique": false, "Join Filter": "(mi_idx.info_type_id = it2.id)", "Plans": [{"Node Type": "Seq Scan", "Parent Relationship": "Outer", "Relation Name": "info_type", "Alias": "it2", "Startup Cost": 0.0, "Total Cost": 2.4, "Plan Rows": 1, "Plan Width": 4, "Filter": "((info)::text = 'bottom 10 rank'::text)"}, {"Node Type": "Materialize", "Parent Relationship": "Inner", "Startup Cost": 0.0, "Total Cost": 66342.09, "Plan Rows": 396, "Plan Width": 29, "Plans": [{"Node Type": "Nested Loop", "Parent Relationship": "Outer", "Join Type": "Inner", "Startup Cost": 0.0, "Total Cost": 66341.1, "Plan Rows": 396, "Plan Width": 29, "Inner Unique": false, "Plans": [{"Node Type": "Streaming(type: LOCAL GATHER dop: 1/64)", "Parent Relationship": "Outer", "Startup Cost": 0.0, "Total Cost": 64240.19, "Plan Rows": 258, "Plan Width": 21, "Plans": [{"Node Type": "Seq Scan", "Parent Relationship": "Outer", "Relation Name": "title", "Alias": "t", "Startup Cost": 0.0, "Total Cost": 64234.87, "Plan Rows": 258, "Plan Width": 21, "Filter": "((production_year > 2000) AND (((title)::text ~~ 'Birdemic%'::text) OR ((title)::text ~~ '%Movie%'::text)))"}]}, {"Node Type": "Index Scan", "Parent Relationship": "Inner", "Scan Direction": "Forward", "Index Name": "movie_id_movie_info_idx", "Relation Name": "movie_info_idx", "Alias": "mi_idx", "Startup Cost": 0.0, "Total Cost": 8.12, "Plan Rows": 2, "Plan Width": 8, "Index Cond": "(movie_id = t.id)"}]}]}]}, {"Node Type": "Index Scan", "Parent Relationship": "Inner", "Scan Direction": "Forward", "Index Name": "movie_id_movie_companies", "Relation Name": "movie_companies", "Alias": "mc", "Startup Cost": 0.0, "Total Cost": 0.36, "Plan Rows": 2, "Plan Width": 12, "Index Cond": "(movie_id = mi_idx.movie_id)"}]}, {"Node Type": "Index Scan", "Parent Relationship": "Inner", "Scan Direction": "Forward", "Index Name": "movie_id_movie_info", "Relation Name": "movie_info", "Alias": "mi", "Startup Cost": 0.0, "Total Cost": 0.66, "Plan Rows": 5, "Plan Width": 50, "Index Cond": "(movie_id = mc.movie_id)"}]}]}, {"Node Type": "Materialize", "Parent Relationship": "Inner", "Startup Cost": 0.0, "Total Cost": 1.05, "Plan Rows": 2, "Plan Width": 4, "Plans": [{"Node Type": "Seq Scan", "Parent Relationship": "Outer", "Relation Name": "company_type", "Alias": "ct", "Startup Cost": 0.0, "Total Cost": 1.04, "Plan Rows": 2, "Plan Width": 4, "Filter": "((kind IS NOT NULL) AND (((kind)::text = 'production companies'::text) OR ((kind)::text = 'distributors'::text)))"}]}]}, {"Node Type": "Index Scan", "Parent Relationship": "Inner", "Scan Direction": "Forward", "Index Name": "company_name_pkey", "Relation Name": "company_name", "Alias": "cn", "Startup Cost": 0.0, "Total Cost": 0.28, "Plan Rows": 1, "Plan Width": 4, "Index Cond": "(id = mc.company_id)", "Filter": "((country_code)::text = '[us]'::text)"}]}]}, "Unique SQL Id": 1682224415}, "explain_analyze_plan": {"Plan": {"Node Type": "Aggregate", "Strategy": "Plain", "Startup Cost": 66642.92, "Total Cost": 66642.93, "Plan Rows": 1, "Plan Width": 123, "Actual Min Startup Time": 162.213, "Actual Max Startup Time": 162.213, "Actual Min Total Time": 162.214, "Actual Max Total Time": 162.214, "Actual Total Rows": 1, "Plans": [{"Node Type": "Nested Loop", "Parent Relationship": "Outer", "Join Type": "Inner", "Startup Cost": 0.0, "Total Cost": 66642.9, "Plan Rows": 4, "Plan Width": 59, "Actual Min Startup Time": 156.772, "Actual Max Startup Time": 156.772, "Actual Min Total Time": 162.184, "Actual Max Total Time": 162.184, "Actual Total Rows": 5, "Inner Unique": true, "Plans": [{"Node Type": "Nested Loop", "Parent Relationship": "Outer", "Join Type": "Inner", "Startup Cost": 0.0, "Total Cost": 66640.89, "Plan Rows": 7, "Plan Width": 63, "Actual Min Startup Time": 156.736, "Actual Max Startup Time": 156.736, "Actual Min Total Time": 162.115, "Actual Max Total Time": 162.115, "Actual Total Rows": 5, "Inner Unique": true, "Join Filter": "(mc.company_type_id = ct.id)", "Rows Removed by Join Filter": 28, "Plans": [{"Node Type": "Nested Loop", "Parent Relationship": "Outer", "Join Type": "Inner", "Startup Cost": 0.0, "Total Cost": 66638.31, "Plan Rows": 51, "Plan Width": 67, "Actual Min Startup Time": 156.486, "Actual Max Startup Time": 156.486, "Actual Min Total Time": 162.056, "Actual Max Total Time": 162.056, "Actual Total Rows": 33, "Inner Unique": false, "Join Filter": "(mi.info_type_id = it1.id)", "Rows Removed by Join Filter": 4926, "Plans": [{"Node Type": "Seq Scan", "Parent Relationship": "Outer", "Relation Name": "info_type", "Alias": "it1", "Startup Cost": 0.0, "Total Cost": 2.4, "Plan Rows": 1, "Plan Width": 4, "Actual Min Startup Time": 0.106, "Actual Max Startup Time": 0.106, "Actual Min Total Time": 0.118, "Actual Max Total Time": 0.118, "Actual Total Rows": 1, "Filter": "((info)::text = 'budget'::text)", "Rows Removed by Filter": 111}, {"Node Type": "Nested Loop", "Parent Relationship": "Inner", "Join Type": "Inner", "Startup Cost": 0.0, "Total Cost": 66621.88, "Plan Rows": 1122, "Plan Width": 71, "Actual Min Startup Time": 156.289, "Actual Max Startup Time": 156.289, "Actual Min Total Time": 160.874, "Actual Max Total Time": 160.874, "Actual Total Rows": 4959, "Inner Unique": false, "Join Filter": "(t.id = mi.movie_id)", "Rows Removed by Join Filter": 0, "Plans": [{"Node Type": "Nested Loop", "Parent Relationship": "Outer", "Join Type": "Inner", "Startup Cost": 0.0, "Total Cost": 66469.22, "Plan Rows": 210, "Plan Width": 37, "Actual Min Startup Time": 156.256, "Actual Max Startup Time": 156.256, "Actual Min Total Time": 156.818, "Actual Max Total Time": 156.818, "Actual Total Rows": 33, "Inner Unique": false, "Join Filter": "(t.id = mc.movie_id)", "Rows Removed by Join Filter": 0, "Plans": [{"Node Type": "Nested Loop", "Parent Relationship": "Outer", "Join Type": "Inner", "Startup Cost": 0.0, "Total Cost": 66348.45, "Plan Rows": 311, "Plan Width": 25, "Actual Min Startup Time": 156.229, "Actual Max Startup Time": 156.229, "Actual Min Total Time": 156.743, "Actual Max Total Time": 156.743, "Actual Total Rows": 2, "Inner Unique": false, "Join Filter": "(mi_idx.info_type_id = it2.id)", "Rows Removed by Join Filter": 2643, "Plans": [{"Node Type": "Seq Scan", "Parent Relationship": "Outer", "Relation Name": "info_type", "Alias": "it2", "Startup Cost": 0.0, "Total Cost": 2.4, "Plan Rows": 1, "Plan Width": 4, "Actual Min Startup Time": 0.087, "Actual Max Startup Time": 0.087, "Actual Min Total Time": 0.09, "Actual Max Total Time": 0.09, "Actual Total Rows": 1, "Filter": "((info)::text = 'bottom 10 rank'::text)", "Rows Removed by Filter": 111}, {"Node Type": "Materialize", "Parent Relationship": "Inner", "Startup Cost": 0.0, "Total Cost": 66342.09, "Plan Rows": 396, "Plan Width": 29, "Actual Min Startup Time": 155.806, "Actual Max Startup Time": 155.806, "Actual Min Total Time": 156.089, "Actual Max Total Time": 156.089, "Actual Total Rows": 2646, "Plans": [{"Node Type": "Nested Loop", "Parent Relationship": "Outer", "Join Type": "Inner", "Startup Cost": 0.0, "Total Cost": 66341.1, "Plan Rows": 396, "Plan Width": 29, "Actual Min Startup Time": 73.877, "Actual Max Startup Time": 73.877, "Actual Min Total Time": 153.284, "Actual Max Total Time": 153.284, "Actual Total Rows": 2645, "Inner Unique": false, "Plans": [{"Node Type": "Streaming(type: LOCAL GATHER dop: 1/64)", "Parent Relationship": "Outer", "Startup Cost": 0.0, "Total Cost": 64240.19, "Plan Rows": 258, "Plan Width": 21, "Actual Min Startup Time": 73.821, "Actual Max Startup Time": 73.821, "Actual Min Total Time": 133.55, "Actual Max Total Time": 133.55, "Actual Total Rows": 2536, "Plans": [{"Node Type": "Seq Scan", "Parent Relationship": "Outer", "Relation Name": "title", "Alias": "t", "Startup Cost": 0.0, "Total Cost": 64234.87, "Plan Rows": 258, "Plan Width": 21, "Actual Min Startup Time": 0.049, "Actual Max Startup Time": 21.143, "Actual Min Total Time": 19.685, "Actual Max Total Time": 65.183, "Actual Total Rows": 2536, "Filter": "((production_year > 2000) AND (((title)::text ~~ 'Birdemic%'::text) OR ((title)::text ~~ '%Movie%'::text)))", "Rows Removed by Filter": 2525775}]}, {"Node Type": "Index Scan", "Parent Relationship": "Inner", "Scan Direction": "Forward", "Index Name": "movie_id_movie_info_idx", "Relation Name": "movie_info_idx", "Alias": "mi_idx", "Startup Cost": 0.0, "Total Cost": 8.12, "Plan Rows": 2, "Plan Width": 8, "Actual Min Startup Time": 12.858, "Actual Max Startup Time": 12.858, "Actual Min Total Time": 13.888, "Actual Max Total Time": 13.888, "Actual Total Rows": 2645, "Index Cond": "(movie_id = t.id)", "Rows Removed by Index Recheck": 0}]}]}]}, {"Node Type": "Index Scan", "Parent Relationship": "Inner", "Scan Direction": "Forward", "Index Name": "movie_id_movie_companies", "Relation Name": "movie_companies", "Alias": "mc", "Startup Cost": 0.0, "Total Cost": 0.36, "Plan Rows": 2, "Plan Width": 12, "Actual Min Startup Time": 0.027, "Actual Max Startup Time": 0.027, "Actual Min Total Time": 0.05, "Actual Max Total Time": 0.05, "Actual Total Rows": 33, "Index Cond": "(movie_id = mi_idx.movie_id)", "Rows Removed by Index Recheck": 0}]}, {"Node Type": "Index Scan", "Parent Relationship": "Inner", "Scan Direction": "Forward", "Index Name": "movie_id_movie_info", "Relation Name": "movie_info", "Alias": "mi", "Startup Cost": 0.0, "Total Cost": 0.66, "Plan Rows": 5, "Plan Width": 50, "Actual Min Startup Time": 0.508, "Actual Max Startup Time": 0.508, "Actual Min Total Time": 2.47, "Actual Max Total Time": 2.47, "Actual Total Rows": 4959, "Index Cond": "(movie_id = mc.movie_id)", "Rows Removed by Index Recheck": 0}]}]}, {"Node Type": "Materialize", "Parent Relationship": "Inner", "Startup Cost": 0.0, "Total Cost": 1.05, "Plan Rows": 2, "Plan Width": 4, "Actual Min Startup Time": 0.023, "Actual Max Startup Time": 0.023, "Actual Min Total Time": 0.033, "Actual Max Total Time": 0.033, "Actual Total Rows": 33, "Plans": [{"Node Type": "Seq Scan", "Parent Relationship": "Outer", "Relation Name": "company_type", "Alias": "ct", "Startup Cost": 0.0, "Total Cost": 1.04, "Plan Rows": 2, "Plan Width": 4, "Actual Min Startup Time": 0.016, "Actual Max Startup Time": 0.016, "Actual Min Total Time": 0.022, "Actual Max Total Time": 0.022, "Actual Total Rows": 1, "Filter": "((kind IS NOT NULL) AND (((kind)::text = 'production companies'::text) OR ((kind)::text = 'distributors'::text)))", "Rows Removed by Filter": 2}]}]}, {"Node Type": "Index Scan", "Parent Relationship": "Inner", "Scan Direction": "Forward", "Index Name": "company_name_pkey", "Relation Name": "company_name", "Alias": "cn", "Startup Cost": 0.0, "Total Cost": 0.28, "Plan Rows": 1, "Plan Width": 4, "Actual Min Startup Time": 0.057, "Actual Max Startup Time": 0.057, "Actual Min Total Time": 0.057, "Actual Max Total Time": 0.057, "Actual Total Rows": 5, "Index Cond": "(id = mc.company_id)", "Rows Removed by Index Recheck": 0, "Filter": "((country_code)::text = '[us]'::text)", "Rows Removed by Filter": 0}]}]}, "Triggers": [], "Planner Runtime": 70.846, "Total Runtime": 177.262, "Unique SQL Id": 1682224415}}, "(64, 17)": {"explain_plan": {"Plan": {"Node Type": "Aggregate", "Strategy": "Plain", "Startup Cost": 131508.15, "Total Cost": 131508.16, "Plan Rows": 1, "Plan Width": 123, "Plans": [{"Node Type": "Nested Loop", "Parent Relationship": "Outer", "Join Type": "Inner", "Startup Cost": 0.0, "Total Cost": 131508.13, "Plan Rows": 4, "Plan Width": 59, "Inner Unique": true, "Plans": [{"Node Type": "Nested Loop", "Parent Relationship": "Outer", "Join Type": "Inner", "Startup Cost": 0.0, "Total Cost": 131506.99, "Plan Rows": 4, "Plan Width": 63, "Inner Unique": true, "Plans": [{"Node Type": "Nested Loop", "Parent Relationship": "Outer", "Join Type": "Inner", "Startup Cost": 0.0, "Total Cost": 131505.55, "Plan Rows": 5, "Plan Width": 67, "Inner Unique": false, "Join Filter": "(mi.info_type_id = it1.id)", "Plans": [{"Node Type": "Index Scan", "Parent Relationship": "Outer", "Scan Direction": "Forward", "Index Name": "info_type_pkey", "Relation Name": "info_type", "Alias": "it1", "Startup Cost": 0.0, "Total Cost": 14.21, "Plan Rows": 1, "Plan Width": 4, "Filter": "((info)::text = 'budget'::text)"}, {"Node Type": "Nested Loop", "Parent Relationship": "Inner", "Join Type": "Inner", "Startup Cost": 0.0, "Total Cost": 131477.32, "Plan Rows": 1122, "Plan Width": 71, "Inner Unique": false, "Join Filter": "(t.id = mi.movie_id)", "Plans": [{"Node Type": "Nested Loop", "Parent Relationship": "Outer", "Join Type": "Inner", "Startup Cost": 0.0, "Total Cost": 131324.66, "Plan Rows": 210, "Plan Width": 37, "Inner Unique": false, "Join Filter": "(t.id = mc.movie_id)", "Plans": [{"Node Type": "Nested Loop", "Parent Relationship": "Outer", "Join Type": "Inner", "Startup Cost": 0.0, "Total Cost": 131203.89, "Plan Rows": 311, "Plan Width": 25, "Inner Unique": true, "Join Filter": "(mi_idx.info_type_id = it2.id)", "Plans": [{"Node Type": "Nested Loop", "Parent Relationship": "Outer", "Join Type": "Inner", "Startup Cost": 0.0, "Total Cost": 131183.74, "Plan Rows": 396, "Plan Width": 29, "Inner Unique": false, "Plans": [{"Node Type": "Index Scan", "Parent Relationship": "Outer", "Scan Direction": "Forward", "Index Name": "title_pkey", "Relation Name": "title", "Alias": "t", "Startup Cost": 0.0, "Total Cost": 129082.82, "Plan Rows": 258, "Plan Width": 21, "Filter": "((production_year > 2000) AND (((title)::text ~~ 'Birdemic%'::text) OR ((title)::text ~~ '%Movie%'::text)))"}, {"Node Type": "Index Scan", "Parent Relationship": "Inner", "Scan Direction": "Forward", "Index Name": "movie_id_movie_info_idx", "Relation Name": "movie_info_idx", "Alias": "mi_idx", "Startup Cost": 0.0, "Total Cost": 8.12, "Plan Rows": 2, "Plan Width": 8, "Index Cond": "(movie_id = t.id)"}]}, {"Node Type": "Materialize", "Parent Relationship": "Inner", "Startup Cost": 0.0, "Total Cost": 14.22, "Plan Rows": 1, "Plan Width": 4, "Plans": [{"Node Type": "Index Scan", "Parent Relationship": "Outer", "Scan Direction": "Forward", "Index Name": "info_type_pkey", "Relation Name": "info_type", "Alias": "it2", "Startup Cost": 0.0, "Total Cost": 14.21, "Plan Rows": 1, "Plan Width": 4, "Filter": "((info)::text = 'bottom 10 rank'::text)"}]}]}, {"Node Type": "Index Scan", "Parent Relationship": "Inner", "Scan Direction": "Forward", "Index Name": "movie_id_movie_companies", "Relation Name": "movie_companies", "Alias": "mc", "Startup Cost": 0.0, "Total Cost": 0.36, "Plan Rows": 2, "Plan Width": 12, "Index Cond": "(movie_id = mi_idx.movie_id)"}]}, {"Node Type": "Index Scan", "Parent Relationship": "Inner", "Scan Direction": "Forward", "Index Name": "movie_id_movie_info", "Relation Name": "movie_info", "Alias": "mi", "Startup Cost": 0.0, "Total Cost": 0.66, "Plan Rows": 5, "Plan Width": 50, "Index Cond": "(movie_id = mc.movie_id)"}]}]}, {"Node Type": "Index Scan", "Parent Relationship": "Inner", "Scan Direction": "Forward", "Index Name": "company_name_pkey", "Relation Name": "company_name", "Alias": "cn", "Startup Cost": 0.0, "Total Cost": 0.28, "Plan Rows": 1, "Plan Width": 4, "Index Cond": "(id = mc.company_id)", "Filter": "((country_code)::text = '[us]'::text)"}]}, {"Node Type": "Index Scan", "Parent Relationship": "Inner", "Scan Direction": "Forward", "Index Name": "company_type_pkey", "Relation Name": "company_type", "Alias": "ct", "Startup Cost": 0.0, "Total Cost": 0.28, "Plan Rows": 1, "Plan Width": 4, "Index Cond": "(id = mc.company_type_id)", "Filter": "((kind IS NOT NULL) AND (((kind)::text = 'production companies'::text) OR ((kind)::text = 'distributors'::text)))"}]}]}, "Unique SQL Id": 1682224415}, "explain_analyze_plan": null}, "(64, 18)": {"explain_plan": {"Plan": {"Node Type": "Aggregate", "Strategy": "Plain", "Startup Cost": 68886.6, "Total Cost": 68886.61, "Plan Rows": 1, "Plan Width": 123, "Plans": [{"Node Type": "Nested Loop", "Parent Relationship": "Outer", "Join Type": "Inner", "Startup Cost": 5.15, "Total Cost": 68886.58, "Plan Rows": 4, "Plan Width": 59, "Inner Unique": true, "Plans": [{"Node Type": "Nested Loop", "Parent Relationship": "Outer", "Join Type": "Inner", "Startup Cost": 4.89, "Total Cost": 68856.6, "Plan Rows": 7, "Plan Width": 63, "Inner Unique": true, "Join Filter": "(mc.company_type_id = ct.id)", "Plans": [{"Node Type": "Nested Loop", "Parent Relationship": "Outer", "Join Type": "Inner", "Startup Cost": 4.89, "Total Cost": 68854.02, "Plan Rows": 51, "Plan Width": 67, "Inner Unique": false, "Join Filter": "(t.id = mc.movie_id)", "Plans": [{"Node Type": "Nested Loop", "Parent Relationship": "Outer", "Join Type": "Inner", "Startup Cost": 4.63, "Total Cost": 68819.48, "Plan Rows": 8, "Plan Width": 71, "Inner Unique": false, "Join Filter": "(mi.info_type_id = it1.id)", "Plans": [{"Node Type": "Seq Scan", "Parent Relationship": "Outer", "Relation Name": "info_type", "Alias": "it1", "Startup Cost": 0.0, "Total Cost": 2.4, "Plan Rows": 1, "Plan Width": 4, "Filter": "((info)::text = 'budget'::text)"}, {"Node Type": "Nested Loop", "Parent Relationship": "Inner", "Join Type": "Inner", "Startup Cost": 4.63, "Total Cost": 68796.34, "Plan Rows": 1659, "Plan Width": 75, "Inner Unique": false, "Join Filter": "(t.id = mi.movie_id)", "Plans": [{"Node Type": "Nested Loop", "Parent Relationship": "Outer", "Join Type": "Inner", "Startup Cost": 4.17, "Total Cost": 67372.44, "Plan Rows": 311, "Plan Width": 25, "Inner Unique": false, "Join Filter": "(mi_idx.info_type_id = it2.id)", "Plans": [{"Node Type": "Seq Scan", "Parent Relationship": "Outer", "Relation Name": "info_type", "Alias": "it2", "Startup Cost": 0.0, "Total Cost": 2.4, "Plan Rows": 1, "Plan Width": 4, "Filter": "((info)::text = 'bottom 10 rank'::text)"}, {"Node Type": "Materialize", "Parent Relationship": "Inner", "Startup Cost": 4.17, "Total Cost": 67366.08, "Plan Rows": 396, "Plan Width": 29, "Plans": [{"Node Type": "Nested Loop", "Parent Relationship": "Outer", "Join Type": "Inner", "Startup Cost": 4.17, "Total Cost": 67365.09, "Plan Rows": 396, "Plan Width": 29, "Inner Unique": false, "Plans": [{"Node Type": "Streaming(type: LOCAL GATHER dop: 1/64)", "Parent Relationship": "Outer", "Startup Cost": 0.0, "Total Cost": 64240.19, "Plan Rows": 258, "Plan Width": 21, "Plans": [{"Node Type": "Seq Scan", "Parent Relationship": "Outer", "Relation Name": "title", "Alias": "t", "Startup Cost": 0.0, "Total Cost": 64234.87, "Plan Rows": 258, "Plan Width": 21, "Filter": "((production_year > 2000) AND (((title)::text ~~ 'Birdemic%'::text) OR ((title)::text ~~ '%Movie%'::text)))"}]}, {"Node Type": "Bitmap Heap Scan", "Parent Relationship": "Inner", "Relation Name": "movie_info_idx", "Alias": "mi_idx", "Startup Cost": 4.17, "Total Cost": 12.09, "Plan Rows": 2, "Plan Width": 8, "Recheck Cond": "(movie_id = t.id)", "Plans": [{"Node Type": "Bitmap Index Scan", "Parent Relationship": "Outer", "Index Name": "movie_id_movie_info_idx", "Startup Cost": 0.0, "Total Cost": 4.17, "Plan Rows": 2, "Plan Width": 0, "Index Cond": "(movie_id = t.id)"}]}]}]}]}, {"Node Type": "Bitmap Heap Scan", "Parent Relationship": "Inner", "Relation Name": "movie_info", "Alias": "mi", "Startup Cost": 0.45, "Total Cost": 4.52, "Plan Rows": 5, "Plan Width": 50, "Recheck Cond": "(movie_id = mi_idx.movie_id)", "Plans": [{"Node Type": "Bitmap Index Scan", "Parent Relationship": "Outer", "Index Name": "movie_id_movie_info", "Startup Cost": 0.0, "Total Cost": 0.45, "Plan Rows": 5, "Plan Width": 0, "Index Cond": "(movie_id = mi_idx.movie_id)"}]}]}]}, {"Node Type": "Bitmap Heap Scan", "Parent Relationship": "Inner", "Relation Name": "movie_companies", "Alias": "mc", "Startup Cost": 0.27, "Total Cost": 4.29, "Plan Rows": 2, "Plan Width": 12, "Recheck Cond": "(movie_id = mi.movie_id)", "Plans": [{"Node Type": "Bitmap Index Scan", "Parent Relationship": "Outer", "Index Name": "movie_id_movie_companies", "Startup Cost": 0.0, "Total Cost": 0.27, "Plan Rows": 2, "Plan Width": 0, "Index Cond": "(movie_id = mi.movie_id)"}]}]}, {"Node Type": "Materialize", "Parent Relationship": "Inner", "Startup Cost": 0.0, "Total Cost": 1.05, "Plan Rows": 2, "Plan Width": 4, "Plans": [{"Node Type": "Seq Scan", "Parent Relationship": "Outer", "Relation Name": "company_type", "Alias": "ct", "Startup Cost": 0.0, "Total Cost": 1.04, "Plan Rows": 2, "Plan Width": 4, "Filter": "((kind IS NOT NULL) AND (((kind)::text = 'production companies'::text) OR ((kind)::text = 'distributors'::text)))"}]}]}, {"Node Type": "Bitmap Heap Scan", "Parent Relationship": "Inner", "Relation Name": "company_name", "Alias": "cn", "Startup Cost": 0.26, "Total Cost": 4.27, "Plan Rows": 1, "Plan Width": 4, "Recheck Cond": "(id = mc.company_id)", "Filter": "((country_code)::text = '[us]'::text)", "Plans": [{"Node Type": "Bitmap Index Scan", "Parent Relationship": "Outer", "Index Name": "company_name_pkey", "Startup Cost": 0.0, "Total Cost": 0.26, "Plan Rows": 1, "Plan Width": 0, "Index Cond": "(id = mc.company_id)"}]}]}]}, "Unique SQL Id": 1682224415}, "explain_analyze_plan": {"Plan": {"Node Type": "Aggregate", "Strategy": "Plain", "Startup Cost": 68886.6, "Total Cost": 68886.61, "Plan Rows": 1, "Plan Width": 123, "Actual Min Startup Time": 228.518, "Actual Max Startup Time": 228.518, "Actual Min Total Time": 228.519, "Actual Max Total Time": 228.519, "Actual Total Rows": 1, "Plans": [{"Node Type": "Nested Loop", "Parent Relationship": "Outer", "Join Type": "Inner", "Startup Cost": 5.15, "Total Cost": 68886.58, "Plan Rows": 4, "Plan Width": 59, "Actual Min Startup Time": 227.263, "Actual Max Startup Time": 227.263, "Actual Min Total Time": 228.474, "Actual Max Total Time": 228.474, "Actual Total Rows": 5, "Inner Unique": true, "Plans": [{"Node Type": "Nested Loop", "Parent Relationship": "Outer", "Join Type": "Inner", "Startup Cost": 4.89, "Total Cost": 68856.6, "Plan Rows": 7, "Plan Width": 63, "Actual Min Startup Time": 227.237, "Actual Max Startup Time": 227.237, "Actual Min Total Time": 228.391, "Actual Max Total Time": 228.391, "Actual Total Rows": 5, "Inner Unique": true, "Join Filter": "(mc.company_type_id = ct.id)", "Rows Removed by Join Filter": 28, "Plans": [{"Node Type": "Nested Loop", "Parent Relationship": "Outer", "Join Type": "Inner", "Startup Cost": 4.89, "Total Cost": 68854.02, "Plan Rows": 51, "Plan Width": 67, "Actual Min Startup Time": 227.204, "Actual Max Startup Time": 227.204, "Actual Min Total Time": 228.342, "Actual Max Total Time": 228.342, "Actual Total Rows": 33, "Inner Unique": false, "Join Filter": "(t.id = mc.movie_id)", "Rows Removed by Join Filter": 0, "Plans": [{"Node Type": "Nested Loop", "Parent Relationship": "Outer", "Join Type": "Inner", "Startup Cost": 4.63, "Total Cost": 68819.48, "Plan Rows": 8, "Plan Width": 71, "Actual Min Startup Time": 227.176, "Actual Max Startup Time": 227.176, "Actual Min Total Time": 228.26, "Actual Max Total Time": 228.26, "Actual Total Rows": 2, "Inner Unique": false, "Join Filter": "(mi.info_type_id = it1.id)", "Rows Removed by Join Filter": 219, "Plans": [{"Node Type": "Seq Scan", "Parent Relationship": "Outer", "Relation Name": "info_type", "Alias": "it1", "Startup Cost": 0.0, "Total Cost": 2.4, "Plan Rows": 1, "Plan Width": 4, "Actual Min Startup Time": 0.098, "Actual Max Startup Time": 0.098, "Actual Min Total Time": 0.108, "Actual Max Total Time": 0.108, "Actual Total Rows": 1, "Filter": "((info)::text = 'budget'::text)", "Rows Removed by Filter": 111}, {"Node Type": "Nested Loop", "Parent Relationship": "Inner", "Join Type": "Inner", "Startup Cost": 4.63, "Total Cost": 68796.34, "Plan Rows": 1659, "Plan Width": 75, "Actual Min Startup Time": 226.99, "Actual Max Startup Time": 226.99, "Actual Min Total Time": 228.051, "Actual Max Total Time": 228.051, "Actual Total Rows": 221, "Inner Unique": false, "Join Filter": "(t.id = mi.movie_id)", "Rows Removed by Join Filter": 0, "Plans": [{"Node Type": "Nested Loop", "Parent Relationship": "Outer", "Join Type": "Inner", "Startup Cost": 4.17, "Total Cost": 67372.44, "Plan Rows": 311, "Plan Width": 25, "Actual Min Startup Time": 226.946, "Actual Max Startup Time": 226.946, "Actual Min Total Time": 227.714, "Actual Max Total Time": 227.714, "Actual Total Rows": 2, "Inner Unique": false, "Join Filter": "(mi_idx.info_type_id = it2.id)", "Rows Removed by Join Filter": 2643, "Plans": [{"Node Type": "Seq Scan", "Parent Relationship": "Outer", "Relation Name": "info_type", "Alias": "it2", "Startup Cost": 0.0, "Total Cost": 2.4, "Plan Rows": 1, "Plan Width": 4, "Actual Min Startup Time": 0.078, "Actual Max Startup Time": 0.078, "Actual Min Total Time": 0.082, "Actual Max Total Time": 0.082, "Actual Total Rows": 1, "Filter": "((info)::text = 'bottom 10 rank'::text)", "Rows Removed by Filter": 111}, {"Node Type": "Materialize", "Parent Relationship": "Inner", "Startup Cost": 4.17, "Total Cost": 67366.08, "Plan Rows": 396, "Plan Width": 29, "Actual Min Startup Time": 226.79, "Actual Max Startup Time": 226.79, "Actual Min Total Time": 227.06, "Actual Max Total Time": 227.06, "Actual Total Rows": 2646, "Plans": [{"Node Type": "Nested Loop", "Parent Relationship": "Outer", "Join Type": "Inner", "Startup Cost": 4.17, "Total Cost": 67365.09, "Plan Rows": 396, "Plan Width": 29, "Actual Min Startup Time": 153.962, "Actual Max Startup Time": 153.962, "Actual Min Total Time": 225.899, "Actual Max Total Time": 225.899, "Actual Total Rows": 2645, "Inner Unique": false, "Plans": [{"Node Type": "Streaming(type: LOCAL GATHER dop: 1/64)", "Parent Relationship": "Outer", "Startup Cost": 0.0, "Total Cost": 64240.19, "Plan Rows": 258, "Plan Width": 21, "Actual Min Startup Time": 153.883, "Actual Max Startup Time": 153.883, "Actual Min Total Time": 206.18, "Actual Max Total Time": 206.18, "Actual Total Rows": 2536, "Plans": [{"Node Type": "Seq Scan", "Parent Relationship": "Outer", "Relation Name": "title", "Alias": "t", "Startup Cost": 0.0, "Total Cost": 64234.87, "Plan Rows": 258, "Plan Width": 21, "Actual Min Startup Time": 0.031, "Actual Max Startup Time": 7.264, "Actual Min Total Time": 19.396, "Actual Max Total Time": 24.056, "Actual Total Rows": 2536, "Filter": "((production_year > 2000) AND (((title)::text ~~ 'Birdemic%'::text) OR ((title)::text ~~ '%Movie%'::text)))", "Rows Removed by Filter": 2525775}]}, {"Node Type": "Bitmap Heap Scan", "Parent Relationship": "Inner", "Relation Name": "movie_info_idx", "Alias": "mi_idx", "Startup Cost": 4.17, "Total Cost": 12.09, "Plan Rows": 2, "Plan Width": 8, "Actual Min Startup Time": 15.845, "Actual Max Startup Time": 15.845, "Actual Min Total Time": 16.227, "Actual Max Total Time": 16.227, "Actual Total Rows": 2645, "Recheck Cond": "(movie_id = t.id)", "Rows Removed by Index Recheck": 0, "Exact Heap Blocks": 890, "Lossy Heap Blocks": 890, "Plans": [{"Node Type": "Bitmap Index Scan", "Parent Relationship": "Outer", "Index Name": "movie_id_movie_info_idx", "Startup Cost": 0.0, "Total Cost": 4.17, "Plan Rows": 2, "Plan Width": 0, "Actual Min Startup Time": 11.725, "Actual Max Startup Time": 11.725, "Actual Min Total Time": 11.725, "Actual Max Total Time": 11.725, "Actual Total Rows": 2645, "Index Cond": "(movie_id = t.id)"}]}]}]}]}, {"Node Type": "Bitmap Heap Scan", "Parent Relationship": "Inner", "Relation Name": "movie_info", "Alias": "mi", "Startup Cost": 0.45, "Total Cost": 4.52, "Plan Rows": 5, "Plan Width": 50, "Actual Min Startup Time": 0.069, "Actual Max Startup Time": 0.069, "Actual Min Total Time": 0.249, "Actual Max Total Time": 0.249, "Actual Total Rows": 221, "Recheck Cond": "(movie_id = mi_idx.movie_id)", "Rows Removed by Index Recheck": 0, "Exact Heap Blocks": 40, "Lossy Heap Blocks": 40, "Plans": [{"Node Type": "Bitmap Index Scan", "Parent Relationship": "Outer", "Index Name": "movie_id_movie_info", "Startup Cost": 0.0, "Total Cost": 0.45, "Plan Rows": 5, "Plan Width": 0, "Actual Min Startup Time": 0.048, "Actual Max Startup Time": 0.048, "Actual Min Total Time": 0.048, "Actual Max Total Time": 0.048, "Actual Total Rows": 221, "Index Cond": "(movie_id = mi_idx.movie_id)"}]}]}]}, {"Node Type": "Bitmap Heap Scan", "Parent Relationship": "Inner", "Relation Name": "movie_companies", "Alias": "mc", "Startup Cost": 0.27, "Total Cost": 4.29, "Plan Rows": 2, "Plan Width": 12, "Actual Min Startup Time": 0.054, "Actual Max Startup Time": 0.054, "Actual Min Total Time": 0.066, "Actual Max Total Time": 0.066, "Actual Total Rows": 33, "Recheck Cond": "(movie_id = mi.movie_id)", "Rows Removed by Index Recheck": 0, "Exact Heap Blocks": 4, "Lossy Heap Blocks": 4, "Plans": [{"Node Type": "Bitmap Index Scan", "Parent Relationship": "Outer", "Index Name": "movie_id_movie_companies", "Startup Cost": 0.0, "Total Cost": 0.27, "Plan Rows": 2, "Plan Width": 0, "Actual Min Startup Time": 0.025, "Actual Max Startup Time": 0.025, "Actual Min Total Time": 0.025, "Actual Max Total Time": 0.025, "Actual Total Rows": 33, "Index Cond": "(movie_id = mi.movie_id)"}]}]}, {"Node Type": "Materialize", "Parent Relationship": "Inner", "Startup Cost": 0.0, "Total Cost": 1.05, "Plan Rows": 2, "Plan Width": 4, "Actual Min Startup Time": 0.019, "Actual Max Startup Time": 0.019, "Actual Min Total Time": 0.027, "Actual Max Total Time": 0.027, "Actual Total Rows": 33, "Plans": [{"Node Type": "Seq Scan", "Parent Relationship": "Outer", "Relation Name": "company_type", "Alias": "ct", "Startup Cost": 0.0, "Total Cost": 1.04, "Plan Rows": 2, "Plan Width": 4, "Actual Min Startup Time": 0.011, "Actual Max Startup Time": 0.011, "Actual Min Total Time": 0.016, "Actual Max Total Time": 0.016, "Actual Total Rows": 1, "Filter": "((kind IS NOT NULL) AND (((kind)::text = 'production companies'::text) OR ((kind)::text = 'distributors'::text)))", "Rows Removed by Filter": 2}]}]}, {"Node Type": "Bitmap Heap Scan", "Parent Relationship": "Inner", "Relation Name": "company_name", "Alias": "cn", "Startup Cost": 0.26, "Total Cost": 4.27, "Plan Rows": 1, "Plan Width": 4, "Actual Min Startup Time": 0.07, "Actual Max Startup Time": 0.07, "Actual Min Total Time": 0.07, "Actual Max Total Time": 0.07, "Actual Total Rows": 5, "Recheck Cond": "(id = mc.company_id)", "Rows Removed by Index Recheck": 0, "Filter": "((country_code)::text = '[us]'::text)", "Rows Removed by Filter": 0, "Exact Heap Blocks": 5, "Lossy Heap Blocks": 5, "Plans": [{"Node Type": "Bitmap Index Scan", "Parent Relationship": "Outer", "Index Name": "company_name_pkey", "Startup Cost": 0.0, "Total Cost": 0.26, "Plan Rows": 1, "Plan Width": 0, "Actual Min Startup Time": 0.04, "Actual Max Startup Time": 0.04, "Actual Min Total Time": 0.04, "Actual Max Total Time": 0.04, "Actual Total Rows": 5, "Index Cond": "(id = mc.company_id)"}]}]}]}, "Triggers": [], "Planner Runtime": 66.774, "Total Runtime": 240.777, "Unique SQL Id": 1682224415}}, "(64, 19)": {"explain_plan": {"Plan": {"Node Type": "Aggregate", "Strategy": "Plain", "Startup Cost": 134877.62, "Total Cost": 134877.63, "Plan Rows": 1, "Plan Width": 123, "Plans": [{"Node Type": "Nested Loop", "Parent Relationship": "Outer", "Join Type": "Inner", "Startup Cost": 49668.32, "Total Cost": 134877.6, "Plan Rows": 4, "Plan Width": 59, "Inner Unique": true, "Plans": [{"Node Type": "Nested Loop", "Parent Relationship": "Outer", "Join Type": "Inner", "Startup Cost": 49668.06, "Total Cost": 134847.62, "Plan Rows": 7, "Plan Width": 63, "Inner Unique": true, "Plans": [{"Node Type": "Nested Loop", "Parent Relationship": "Outer", "Join Type": "Inner", "Startup Cost": 49667.8, "Total Cost": 134796.19, "Plan Rows": 12, "Plan Width": 67, "Inner Unique": true, "Plans": [{"Node Type": "Nested Loop", "Parent Relationship": "Outer", "Join Type": "Inner", "Startup Cost": 49667.54, "Total Cost": 134517.81, "Plan Rows": 65, "Plan Width": 71, "Inner Unique": false, "Join Filter": "(t.id = mi_idx.movie_id)", "Plans": [{"Node Type": "Nested Loop", "Parent Relationship": "Outer", "Join Type": "Inner", "Startup Cost": 49667.27, "Total Cost": 134336.51, "Plan Rows": 42, "Plan Width": 79, "Inner Unique": false, "Join Filter": "(mi.info_type_id = it1.id)", "Plans": [{"Node Type": "Bitmap Heap Scan", "Parent Relationship": "Outer", "Relation Name": "info_type", "Alias": "it1", "Startup Cost": 8.81, "Total Cost": 14.21, "Plan Rows": 1, "Plan Width": 4, "Filter": "((info)::text = 'budget'::text)", "Plans": [{"Node Type": "Bitmap Index Scan", "Parent Relationship": "Outer", "Index Name": "info_type_pkey", "Startup Cost": 0.0, "Total Cost": 8.81, "Plan Rows": 112, "Plan Width": 0}]}, {"Node Type": "Nested Loop", "Parent Relationship": "Inner", "Join Type": "Inner", "Startup Cost": 49658.46, "Total Cost": 134284.94, "Plan Rows": 2989, "Plan Width": 83, "Inner Unique": false, "Join Filter": "(t.id = mi.movie_id)", "Plans": [{"Node Type": "Nested Loop", "Parent Relationship": "Outer", "Join Type": "Inner", "Startup Cost": 49658.09, "Total Cost": 131831.96, "Plan Rows": 545, "Plan Width": 33, "Inner Unique": false, "Plans": [{"Node Type": "Bitmap Heap Scan", "Parent Relationship": "Outer", "Relation Name": "title", "Alias": "t", "Startup Cost": 49653.87, "Total Cost": 128685.31, "Plan Rows": 258, "Plan Width": 21, "Filter": "((production_year > 2000) AND (((title)::text ~~ 'Birdemic%'::text) OR ((title)::text ~~ '%Movie%'::text)))", "Plans": [{"Node Type": "Bitmap Index Scan", "Parent Relationship": "Outer", "Index Name": "title_pkey", "Startup Cost": 0.0, "Total Cost": 49653.81, "Plan Rows": 2528311, "Plan Width": 0}]}, {"Node Type": "Bitmap Heap Scan", "Parent Relationship": "Inner", "Relation Name": "movie_companies", "Alias": "mc", "Startup Cost": 4.22, "Total Cost": 12.18, "Plan Rows": 2, "Plan Width": 12, "Recheck Cond": "(movie_id = t.id)", "Plans": [{"Node Type": "Bitmap Index Scan", "Parent Relationship": "Outer", "Index Name": "movie_id_movie_companies", "Startup Cost": 0.0, "Total Cost": 4.22, "Plan Rows": 2, "Plan Width": 0, "Index Cond": "(movie_id = t.id)"}]}]}, {"Node Type": "Bitmap Heap Scan", "Parent Relationship": "Inner", "Relation Name": "movie_info", "Alias": "mi", "Startup Cost": 0.38, "Total Cost": 4.44, "Plan Rows": 5, "Plan Width": 50, "Recheck Cond": "(movie_id = mc.movie_id)", "Plans": [{"Node Type": "Bitmap Index Scan", "Parent Relationship": "Outer", "Index Name": "movie_id_movie_info", "Startup Cost": 0.0, "Total Cost": 0.37, "Plan Rows": 5, "Plan Width": 0, "Index Cond": "(movie_id = mc.movie_id)"}]}]}]}, {"Node Type": "Bitmap Heap Scan", "Parent Relationship": "Inner", "Relation Name": "movie_info_idx", "Alias": "mi_idx", "Startup Cost": 0.27, "Total Cost": 4.29, "Plan Rows": 2, "Plan Width": 8, "Recheck Cond": "(movie_id = mi.movie_id)", "Plans": [{"Node Type": "Bitmap Index Scan", "Parent Relationship": "Outer", "Index Name": "movie_id_movie_info_idx", "Startup Cost": 0.0, "Total Cost": 0.27, "Plan Rows": 2, "Plan Width": 0, "Index Cond": "(movie_id = mi.movie_id)"}]}]}, {"Node Type": "Bitmap Heap Scan", "Parent Relationship": "Inner", "Relation Name": "info_type", "Alias": "it2", "Startup Cost": 0.26, "Total Cost": 4.27, "Plan Rows": 1, "Plan Width": 4, "Recheck Cond": "(id = mi_idx.info_type_id)", "Filter": "((info)::text = 'bottom 10 rank'::text)", "Plans": [{"Node Type": "Bitmap Index Scan", "Parent Relationship": "Outer", "Index Name": "info_type_pkey", "Startup Cost": 0.0, "Total Cost": 0.26, "Plan Rows": 1, "Plan Width": 0, "Index Cond": "(id = mi_idx.info_type_id)"}]}]}, {"Node Type": "Bitmap Heap Scan", "Parent Relationship": "Inner", "Relation Name": "company_type", "Alias": "ct", "Startup Cost": 0.26, "Total Cost": 4.28, "Plan Rows": 1, "Plan Width": 4, "Recheck Cond": "(id = mc.company_type_id)", "Filter": "((kind IS NOT NULL) AND (((kind)::text = 'production companies'::text) OR ((kind)::text = 'distributors'::text)))", "Plans": [{"Node Type": "Bitmap Index Scan", "Parent Relationship": "Outer", "Index Name": "company_type_pkey", "Startup Cost": 0.0, "Total Cost": 0.26, "Plan Rows": 1, "Plan Width": 0, "Index Cond": "(id = mc.company_type_id)"}]}]}, {"Node Type": "Bitmap Heap Scan", "Parent Relationship": "Inner", "Relation Name": "company_name", "Alias": "cn", "Startup Cost": 0.26, "Total Cost": 4.27, "Plan Rows": 1, "Plan Width": 4, "Recheck Cond": "(id = mc.company_id)", "Filter": "((country_code)::text = '[us]'::text)", "Plans": [{"Node Type": "Bitmap Index Scan", "Parent Relationship": "Outer", "Index Name": "company_name_pkey", "Startup Cost": 0.0, "Total Cost": 0.26, "Plan Rows": 1, "Plan Width": 0, "Index Cond": "(id = mc.company_id)"}]}]}]}, "Unique SQL Id": 1682224415}, "explain_analyze_plan": null}, "(64, 20)": {"explain_plan": {"Plan": {"Node Type": "Aggregate", "Strategy": "Plain", "Startup Cost": 66642.92, "Total Cost": 66642.93, "Plan Rows": 1, "Plan Width": 123, "Plans": [{"Node Type": "Nested Loop", "Parent Relationship": "Outer", "Join Type": "Inner", "Startup Cost": 0.0, "Total Cost": 66642.9, "Plan Rows": 4, "Plan Width": 59, "Inner Unique": true, "Plans": [{"Node Type": "Nested Loop", "Parent Relationship": "Outer", "Join Type": "Inner", "Startup Cost": 0.0, "Total Cost": 66640.89, "Plan Rows": 7, "Plan Width": 63, "Inner Unique": true, "Join Filter": "(mc.company_type_id = ct.id)", "Plans": [{"Node Type": "Nested Loop", "Parent Relationship": "Outer", "Join Type": "Inner", "Startup Cost": 0.0, "Total Cost": 66638.31, "Plan Rows": 51, "Plan Width": 67, "Inner Unique": false, "Join Filter": "(mi.info_type_id = it1.id)", "Plans": [{"Node Type": "Seq Scan", "Parent Relationship": "Outer", "Relation Name": "info_type", "Alias": "it1", "Startup Cost": 0.0, "Total Cost": 2.4, "Plan Rows": 1, "Plan Width": 4, "Filter": "((info)::text = 'budget'::text)"}, {"Node Type": "Nested Loop", "Parent Relationship": "Inner", "Join Type": "Inner", "Startup Cost": 0.0, "Total Cost": 66621.88, "Plan Rows": 1122, "Plan Width": 71, "Inner Unique": false, "Join Filter": "(t.id = mi.movie_id)", "Plans": [{"Node Type": "Nested Loop", "Parent Relationship": "Outer", "Join Type": "Inner", "Startup Cost": 0.0, "Total Cost": 66469.22, "Plan Rows": 210, "Plan Width": 37, "Inner Unique": false, "Join Filter": "(t.id = mc.movie_id)", "Plans": [{"Node Type": "Nested Loop", "Parent Relationship": "Outer", "Join Type": "Inner", "Startup Cost": 0.0, "Total Cost": 66348.45, "Plan Rows": 311, "Plan Width": 25, "Inner Unique": false, "Join Filter": "(mi_idx.info_type_id = it2.id)", "Plans": [{"Node Type": "Seq Scan", "Parent Relationship": "Outer", "Relation Name": "info_type", "Alias": "it2", "Startup Cost": 0.0, "Total Cost": 2.4, "Plan Rows": 1, "Plan Width": 4, "Filter": "((info)::text = 'bottom 10 rank'::text)"}, {"Node Type": "Materialize", "Parent Relationship": "Inner", "Startup Cost": 0.0, "Total Cost": 66342.09, "Plan Rows": 396, "Plan Width": 29, "Plans": [{"Node Type": "Nested Loop", "Parent Relationship": "Outer", "Join Type": "Inner", "Startup Cost": 0.0, "Total Cost": 66341.1, "Plan Rows": 396, "Plan Width": 29, "Inner Unique": false, "Plans": [{"Node Type": "Streaming(type: LOCAL GATHER dop: 1/64)", "Parent Relationship": "Outer", "Startup Cost": 0.0, "Total Cost": 64240.19, "Plan Rows": 258, "Plan Width": 21, "Plans": [{"Node Type": "Seq Scan", "Parent Relationship": "Outer", "Relation Name": "title", "Alias": "t", "Startup Cost": 0.0, "Total Cost": 64234.87, "Plan Rows": 258, "Plan Width": 21, "Filter": "((production_year > 2000) AND (((title)::text ~~ 'Birdemic%'::text) OR ((title)::text ~~ '%Movie%'::text)))"}]}, {"Node Type": "Index Scan", "Parent Relationship": "Inner", "Scan Direction": "Forward", "Index Name": "movie_id_movie_info_idx", "Relation Name": "movie_info_idx", "Alias": "mi_idx", "Startup Cost": 0.0, "Total Cost": 8.12, "Plan Rows": 2, "Plan Width": 8, "Index Cond": "(movie_id = t.id)"}]}]}]}, {"Node Type": "Index Scan", "Parent Relationship": "Inner", "Scan Direction": "Forward", "Index Name": "movie_id_movie_companies", "Relation Name": "movie_companies", "Alias": "mc", "Startup Cost": 0.0, "Total Cost": 0.36, "Plan Rows": 2, "Plan Width": 12, "Index Cond": "(movie_id = mi_idx.movie_id)"}]}, {"Node Type": "Index Scan", "Parent Relationship": "Inner", "Scan Direction": "Forward", "Index Name": "movie_id_movie_info", "Relation Name": "movie_info", "Alias": "mi", "Startup Cost": 0.0, "Total Cost": 0.66, "Plan Rows": 5, "Plan Width": 50, "Index Cond": "(movie_id = mc.movie_id)"}]}]}, {"Node Type": "Materialize", "Parent Relationship": "Inner", "Startup Cost": 0.0, "Total Cost": 1.05, "Plan Rows": 2, "Plan Width": 4, "Plans": [{"Node Type": "Seq Scan", "Parent Relationship": "Outer", "Relation Name": "company_type", "Alias": "ct", "Startup Cost": 0.0, "Total Cost": 1.04, "Plan Rows": 2, "Plan Width": 4, "Filter": "((kind IS NOT NULL) AND (((kind)::text = 'production companies'::text) OR ((kind)::text = 'distributors'::text)))"}]}]}, {"Node Type": "Index Scan", "Parent Relationship": "Inner", "Scan Direction": "Forward", "Index Name": "company_name_pkey", "Relation Name": "company_name", "Alias": "cn", "Startup Cost": 0.0, "Total Cost": 0.28, "Plan Rows": 1, "Plan Width": 4, "Index Cond": "(id = mc.company_id)", "Filter": "((country_code)::text = '[us]'::text)"}]}]}, "Unique SQL Id": 1682224415}, "explain_analyze_plan": {"Plan": {"Node Type": "Aggregate", "Strategy": "Plain", "Startup Cost": 66642.92, "Total Cost": 66642.93, "Plan Rows": 1, "Plan Width": 123, "Actual Min Startup Time": 162.213, "Actual Max Startup Time": 162.213, "Actual Min Total Time": 162.214, "Actual Max Total Time": 162.214, "Actual Total Rows": 1, "Plans": [{"Node Type": "Nested Loop", "Parent Relationship": "Outer", "Join Type": "Inner", "Startup Cost": 0.0, "Total Cost": 66642.9, "Plan Rows": 4, "Plan Width": 59, "Actual Min Startup Time": 156.772, "Actual Max Startup Time": 156.772, "Actual Min Total Time": 162.184, "Actual Max Total Time": 162.184, "Actual Total Rows": 5, "Inner Unique": true, "Plans": [{"Node Type": "Nested Loop", "Parent Relationship": "Outer", "Join Type": "Inner", "Startup Cost": 0.0, "Total Cost": 66640.89, "Plan Rows": 7, "Plan Width": 63, "Actual Min Startup Time": 156.736, "Actual Max Startup Time": 156.736, "Actual Min Total Time": 162.115, "Actual Max Total Time": 162.115, "Actual Total Rows": 5, "Inner Unique": true, "Join Filter": "(mc.company_type_id = ct.id)", "Rows Removed by Join Filter": 28, "Plans": [{"Node Type": "Nested Loop", "Parent Relationship": "Outer", "Join Type": "Inner", "Startup Cost": 0.0, "Total Cost": 66638.31, "Plan Rows": 51, "Plan Width": 67, "Actual Min Startup Time": 156.486, "Actual Max Startup Time": 156.486, "Actual Min Total Time": 162.056, "Actual Max Total Time": 162.056, "Actual Total Rows": 33, "Inner Unique": false, "Join Filter": "(mi.info_type_id = it1.id)", "Rows Removed by Join Filter": 4926, "Plans": [{"Node Type": "Seq Scan", "Parent Relationship": "Outer", "Relation Name": "info_type", "Alias": "it1", "Startup Cost": 0.0, "Total Cost": 2.4, "Plan Rows": 1, "Plan Width": 4, "Actual Min Startup Time": 0.106, "Actual Max Startup Time": 0.106, "Actual Min Total Time": 0.118, "Actual Max Total Time": 0.118, "Actual Total Rows": 1, "Filter": "((info)::text = 'budget'::text)", "Rows Removed by Filter": 111}, {"Node Type": "Nested Loop", "Parent Relationship": "Inner", "Join Type": "Inner", "Startup Cost": 0.0, "Total Cost": 66621.88, "Plan Rows": 1122, "Plan Width": 71, "Actual Min Startup Time": 156.289, "Actual Max Startup Time": 156.289, "Actual Min Total Time": 160.874, "Actual Max Total Time": 160.874, "Actual Total Rows": 4959, "Inner Unique": false, "Join Filter": "(t.id = mi.movie_id)", "Rows Removed by Join Filter": 0, "Plans": [{"Node Type": "Nested Loop", "Parent Relationship": "Outer", "Join Type": "Inner", "Startup Cost": 0.0, "Total Cost": 66469.22, "Plan Rows": 210, "Plan Width": 37, "Actual Min Startup Time": 156.256, "Actual Max Startup Time": 156.256, "Actual Min Total Time": 156.818, "Actual Max Total Time": 156.818, "Actual Total Rows": 33, "Inner Unique": false, "Join Filter": "(t.id = mc.movie_id)", "Rows Removed by Join Filter": 0, "Plans": [{"Node Type": "Nested Loop", "Parent Relationship": "Outer", "Join Type": "Inner", "Startup Cost": 0.0, "Total Cost": 66348.45, "Plan Rows": 311, "Plan Width": 25, "Actual Min Startup Time": 156.229, "Actual Max Startup Time": 156.229, "Actual Min Total Time": 156.743, "Actual Max Total Time": 156.743, "Actual Total Rows": 2, "Inner Unique": false, "Join Filter": "(mi_idx.info_type_id = it2.id)", "Rows Removed by Join Filter": 2643, "Plans": [{"Node Type": "Seq Scan", "Parent Relationship": "Outer", "Relation Name": "info_type", "Alias": "it2", "Startup Cost": 0.0, "Total Cost": 2.4, "Plan Rows": 1, "Plan Width": 4, "Actual Min Startup Time": 0.087, "Actual Max Startup Time": 0.087, "Actual Min Total Time": 0.09, "Actual Max Total Time": 0.09, "Actual Total Rows": 1, "Filter": "((info)::text = 'bottom 10 rank'::text)", "Rows Removed by Filter": 111}, {"Node Type": "Materialize", "Parent Relationship": "Inner", "Startup Cost": 0.0, "Total Cost": 66342.09, "Plan Rows": 396, "Plan Width": 29, "Actual Min Startup Time": 155.806, "Actual Max Startup Time": 155.806, "Actual Min Total Time": 156.089, "Actual Max Total Time": 156.089, "Actual Total Rows": 2646, "Plans": [{"Node Type": "Nested Loop", "Parent Relationship": "Outer", "Join Type": "Inner", "Startup Cost": 0.0, "Total Cost": 66341.1, "Plan Rows": 396, "Plan Width": 29, "Actual Min Startup Time": 73.877, "Actual Max Startup Time": 73.877, "Actual Min Total Time": 153.284, "Actual Max Total Time": 153.284, "Actual Total Rows": 2645, "Inner Unique": false, "Plans": [{"Node Type": "Streaming(type: LOCAL GATHER dop: 1/64)", "Parent Relationship": "Outer", "Startup Cost": 0.0, "Total Cost": 64240.19, "Plan Rows": 258, "Plan Width": 21, "Actual Min Startup Time": 73.821, "Actual Max Startup Time": 73.821, "Actual Min Total Time": 133.55, "Actual Max Total Time": 133.55, "Actual Total Rows": 2536, "Plans": [{"Node Type": "Seq Scan", "Parent Relationship": "Outer", "Relation Name": "title", "Alias": "t", "Startup Cost": 0.0, "Total Cost": 64234.87, "Plan Rows": 258, "Plan Width": 21, "Actual Min Startup Time": 0.049, "Actual Max Startup Time": 21.143, "Actual Min Total Time": 19.685, "Actual Max Total Time": 65.183, "Actual Total Rows": 2536, "Filter": "((production_year > 2000) AND (((title)::text ~~ 'Birdemic%'::text) OR ((title)::text ~~ '%Movie%'::text)))", "Rows Removed by Filter": 2525775}]}, {"Node Type": "Index Scan", "Parent Relationship": "Inner", "Scan Direction": "Forward", "Index Name": "movie_id_movie_info_idx", "Relation Name": "movie_info_idx", "Alias": "mi_idx", "Startup Cost": 0.0, "Total Cost": 8.12, "Plan Rows": 2, "Plan Width": 8, "Actual Min Startup Time": 12.858, "Actual Max Startup Time": 12.858, "Actual Min Total Time": 13.888, "Actual Max Total Time": 13.888, "Actual Total Rows": 2645, "Index Cond": "(movie_id = t.id)", "Rows Removed by Index Recheck": 0}]}]}]}, {"Node Type": "Index Scan", "Parent Relationship": "Inner", "Scan Direction": "Forward", "Index Name": "movie_id_movie_companies", "Relation Name": "movie_companies", "Alias": "mc", "Startup Cost": 0.0, "Total Cost": 0.36, "Plan Rows": 2, "Plan Width": 12, "Actual Min Startup Time": 0.027, "Actual Max Startup Time": 0.027, "Actual Min Total Time": 0.05, "Actual Max Total Time": 0.05, "Actual Total Rows": 33, "Index Cond": "(movie_id = mi_idx.movie_id)", "Rows Removed by Index Recheck": 0}]}, {"Node Type": "Index Scan", "Parent Relationship": "Inner", "Scan Direction": "Forward", "Index Name": "movie_id_movie_info", "Relation Name": "movie_info", "Alias": "mi", "Startup Cost": 0.0, "Total Cost": 0.66, "Plan Rows": 5, "Plan Width": 50, "Actual Min Startup Time": 0.508, "Actual Max Startup Time": 0.508, "Actual Min Total Time": 2.47, "Actual Max Total Time": 2.47, "Actual Total Rows": 4959, "Index Cond": "(movie_id = mc.movie_id)", "Rows Removed by Index Recheck": 0}]}]}, {"Node Type": "Materialize", "Parent Relationship": "Inner", "Startup Cost": 0.0, "Total Cost": 1.05, "Plan Rows": 2, "Plan Width": 4, "Actual Min Startup Time": 0.023, "Actual Max Startup Time": 0.023, "Actual Min Total Time": 0.033, "Actual Max Total Time": 0.033, "Actual Total Rows": 33, "Plans": [{"Node Type": "Seq Scan", "Parent Relationship": "Outer", "Relation Name": "company_type", "Alias": "ct", "Startup Cost": 0.0, "Total Cost": 1.04, "Plan Rows": 2, "Plan Width": 4, "Actual Min Startup Time": 0.016, "Actual Max Startup Time": 0.016, "Actual Min Total Time": 0.022, "Actual Max Total Time": 0.022, "Actual Total Rows": 1, "Filter": "((kind IS NOT NULL) AND (((kind)::text = 'production companies'::text) OR ((kind)::text = 'distributors'::text)))", "Rows Removed by Filter": 2}]}]}, {"Node Type": "Index Scan", "Parent Relationship": "Inner", "Scan Direction": "Forward", "Index Name": "company_name_pkey", "Relation Name": "company_name", "Alias": "cn", "Startup Cost": 0.0, "Total Cost": 0.28, "Plan Rows": 1, "Plan Width": 4, "Actual Min Startup Time": 0.057, "Actual Max Startup Time": 0.057, "Actual Min Total Time": 0.057, "Actual Max Total Time": 0.057, "Actual Total Rows": 5, "Index Cond": "(id = mc.company_id)", "Rows Removed by Index Recheck": 0, "Filter": "((country_code)::text = '[us]'::text)", "Rows Removed by Filter": 0}]}]}, "Triggers": [], "Planner Runtime": 70.846, "Total Runtime": 177.262, "Unique SQL Id": 1682224415}}, "(64, 21)": {"explain_plan": {"Plan": {"Node Type": "Aggregate", "Strategy": "Plain", "Startup Cost": 131508.15, "Total Cost": 131508.16, "Plan Rows": 1, "Plan Width": 123, "Plans": [{"Node Type": "Nested Loop", "Parent Relationship": "Outer", "Join Type": "Inner", "Startup Cost": 0.0, "Total Cost": 131508.13, "Plan Rows": 4, "Plan Width": 59, "Inner Unique": true, "Plans": [{"Node Type": "Nested Loop", "Parent Relationship": "Outer", "Join Type": "Inner", "Startup Cost": 0.0, "Total Cost": 131506.99, "Plan Rows": 4, "Plan Width": 63, "Inner Unique": true, "Plans": [{"Node Type": "Nested Loop", "Parent Relationship": "Outer", "Join Type": "Inner", "Startup Cost": 0.0, "Total Cost": 131505.55, "Plan Rows": 5, "Plan Width": 67, "Inner Unique": false, "Join Filter": "(mi.info_type_id = it1.id)", "Plans": [{"Node Type": "Index Scan", "Parent Relationship": "Outer", "Scan Direction": "Forward", "Index Name": "info_type_pkey", "Relation Name": "info_type", "Alias": "it1", "Startup Cost": 0.0, "Total Cost": 14.21, "Plan Rows": 1, "Plan Width": 4, "Filter": "((info)::text = 'budget'::text)"}, {"Node Type": "Nested Loop", "Parent Relationship": "Inner", "Join Type": "Inner", "Startup Cost": 0.0, "Total Cost": 131477.32, "Plan Rows": 1122, "Plan Width": 71, "Inner Unique": false, "Join Filter": "(t.id = mi.movie_id)", "Plans": [{"Node Type": "Nested Loop", "Parent Relationship": "Outer", "Join Type": "Inner", "Startup Cost": 0.0, "Total Cost": 131324.66, "Plan Rows": 210, "Plan Width": 37, "Inner Unique": false, "Join Filter": "(t.id = mc.movie_id)", "Plans": [{"Node Type": "Nested Loop", "Parent Relationship": "Outer", "Join Type": "Inner", "Startup Cost": 0.0, "Total Cost": 131203.89, "Plan Rows": 311, "Plan Width": 25, "Inner Unique": true, "Join Filter": "(mi_idx.info_type_id = it2.id)", "Plans": [{"Node Type": "Nested Loop", "Parent Relationship": "Outer", "Join Type": "Inner", "Startup Cost": 0.0, "Total Cost": 131183.74, "Plan Rows": 396, "Plan Width": 29, "Inner Unique": false, "Plans": [{"Node Type": "Index Scan", "Parent Relationship": "Outer", "Scan Direction": "Forward", "Index Name": "title_pkey", "Relation Name": "title", "Alias": "t", "Startup Cost": 0.0, "Total Cost": 129082.82, "Plan Rows": 258, "Plan Width": 21, "Filter": "((production_year > 2000) AND (((title)::text ~~ 'Birdemic%'::text) OR ((title)::text ~~ '%Movie%'::text)))"}, {"Node Type": "Index Scan", "Parent Relationship": "Inner", "Scan Direction": "Forward", "Index Name": "movie_id_movie_info_idx", "Relation Name": "movie_info_idx", "Alias": "mi_idx", "Startup Cost": 0.0, "Total Cost": 8.12, "Plan Rows": 2, "Plan Width": 8, "Index Cond": "(movie_id = t.id)"}]}, {"Node Type": "Materialize", "Parent Relationship": "Inner", "Startup Cost": 0.0, "Total Cost": 14.22, "Plan Rows": 1, "Plan Width": 4, "Plans": [{"Node Type": "Index Scan", "Parent Relationship": "Outer", "Scan Direction": "Forward", "Index Name": "info_type_pkey", "Relation Name": "info_type", "Alias": "it2", "Startup Cost": 0.0, "Total Cost": 14.21, "Plan Rows": 1, "Plan Width": 4, "Filter": "((info)::text = 'bottom 10 rank'::text)"}]}]}, {"Node Type": "Index Scan", "Parent Relationship": "Inner", "Scan Direction": "Forward", "Index Name": "movie_id_movie_companies", "Relation Name": "movie_companies", "Alias": "mc", "Startup Cost": 0.0, "Total Cost": 0.36, "Plan Rows": 2, "Plan Width": 12, "Index Cond": "(movie_id = mi_idx.movie_id)"}]}, {"Node Type": "Index Scan", "Parent Relationship": "Inner", "Scan Direction": "Forward", "Index Name": "movie_id_movie_info", "Relation Name": "movie_info", "Alias": "mi", "Startup Cost": 0.0, "Total Cost": 0.66, "Plan Rows": 5, "Plan Width": 50, "Index Cond": "(movie_id = mc.movie_id)"}]}]}, {"Node Type": "Index Scan", "Parent Relationship": "Inner", "Scan Direction": "Forward", "Index Name": "company_name_pkey", "Relation Name": "company_name", "Alias": "cn", "Startup Cost": 0.0, "Total Cost": 0.28, "Plan Rows": 1, "Plan Width": 4, "Index Cond": "(id = mc.company_id)", "Filter": "((country_code)::text = '[us]'::text)"}]}, {"Node Type": "Index Scan", "Parent Relationship": "Inner", "Scan Direction": "Forward", "Index Name": "company_type_pkey", "Relation Name": "company_type", "Alias": "ct", "Startup Cost": 0.0, "Total Cost": 0.28, "Plan Rows": 1, "Plan Width": 4, "Index Cond": "(id = mc.company_type_id)", "Filter": "((kind IS NOT NULL) AND (((kind)::text = 'production companies'::text) OR ((kind)::text = 'distributors'::text)))"}]}]}, "Unique SQL Id": 1682224415}, "explain_analyze_plan": null}, "(64, 22)": {"explain_plan": {"Plan": {"Node Type": "Aggregate", "Strategy": "Plain", "Startup Cost": 68886.6, "Total Cost": 68886.61, "Plan Rows": 1, "Plan Width": 123, "Plans": [{"Node Type": "Nested Loop", "Parent Relationship": "Outer", "Join Type": "Inner", "Startup Cost": 5.15, "Total Cost": 68886.58, "Plan Rows": 4, "Plan Width": 59, "Inner Unique": true, "Plans": [{"Node Type": "Nested Loop", "Parent Relationship": "Outer", "Join Type": "Inner", "Startup Cost": 4.89, "Total Cost": 68856.6, "Plan Rows": 7, "Plan Width": 63, "Inner Unique": true, "Join Filter": "(mc.company_type_id = ct.id)", "Plans": [{"Node Type": "Nested Loop", "Parent Relationship": "Outer", "Join Type": "Inner", "Startup Cost": 4.89, "Total Cost": 68854.02, "Plan Rows": 51, "Plan Width": 67, "Inner Unique": false, "Join Filter": "(t.id = mc.movie_id)", "Plans": [{"Node Type": "Nested Loop", "Parent Relationship": "Outer", "Join Type": "Inner", "Startup Cost": 4.63, "Total Cost": 68819.48, "Plan Rows": 8, "Plan Width": 71, "Inner Unique": false, "Join Filter": "(mi.info_type_id = it1.id)", "Plans": [{"Node Type": "Seq Scan", "Parent Relationship": "Outer", "Relation Name": "info_type", "Alias": "it1", "Startup Cost": 0.0, "Total Cost": 2.4, "Plan Rows": 1, "Plan Width": 4, "Filter": "((info)::text = 'budget'::text)"}, {"Node Type": "Nested Loop", "Parent Relationship": "Inner", "Join Type": "Inner", "Startup Cost": 4.63, "Total Cost": 68796.34, "Plan Rows": 1659, "Plan Width": 75, "Inner Unique": false, "Join Filter": "(t.id = mi.movie_id)", "Plans": [{"Node Type": "Nested Loop", "Parent Relationship": "Outer", "Join Type": "Inner", "Startup Cost": 4.17, "Total Cost": 67372.44, "Plan Rows": 311, "Plan Width": 25, "Inner Unique": false, "Join Filter": "(mi_idx.info_type_id = it2.id)", "Plans": [{"Node Type": "Seq Scan", "Parent Relationship": "Outer", "Relation Name": "info_type", "Alias": "it2", "Startup Cost": 0.0, "Total Cost": 2.4, "Plan Rows": 1, "Plan Width": 4, "Filter": "((info)::text = 'bottom 10 rank'::text)"}, {"Node Type": "Materialize", "Parent Relationship": "Inner", "Startup Cost": 4.17, "Total Cost": 67366.08, "Plan Rows": 396, "Plan Width": 29, "Plans": [{"Node Type": "Nested Loop", "Parent Relationship": "Outer", "Join Type": "Inner", "Startup Cost": 4.17, "Total Cost": 67365.09, "Plan Rows": 396, "Plan Width": 29, "Inner Unique": false, "Plans": [{"Node Type": "Streaming(type: LOCAL GATHER dop: 1/64)", "Parent Relationship": "Outer", "Startup Cost": 0.0, "Total Cost": 64240.19, "Plan Rows": 258, "Plan Width": 21, "Plans": [{"Node Type": "Seq Scan", "Parent Relationship": "Outer", "Relation Name": "title", "Alias": "t", "Startup Cost": 0.0, "Total Cost": 64234.87, "Plan Rows": 258, "Plan Width": 21, "Filter": "((production_year > 2000) AND (((title)::text ~~ 'Birdemic%'::text) OR ((title)::text ~~ '%Movie%'::text)))"}]}, {"Node Type": "Bitmap Heap Scan", "Parent Relationship": "Inner", "Relation Name": "movie_info_idx", "Alias": "mi_idx", "Startup Cost": 4.17, "Total Cost": 12.09, "Plan Rows": 2, "Plan Width": 8, "Recheck Cond": "(movie_id = t.id)", "Plans": [{"Node Type": "Bitmap Index Scan", "Parent Relationship": "Outer", "Index Name": "movie_id_movie_info_idx", "Startup Cost": 0.0, "Total Cost": 4.17, "Plan Rows": 2, "Plan Width": 0, "Index Cond": "(movie_id = t.id)"}]}]}]}]}, {"Node Type": "Bitmap Heap Scan", "Parent Relationship": "Inner", "Relation Name": "movie_info", "Alias": "mi", "Startup Cost": 0.45, "Total Cost": 4.52, "Plan Rows": 5, "Plan Width": 50, "Recheck Cond": "(movie_id = mi_idx.movie_id)", "Plans": [{"Node Type": "Bitmap Index Scan", "Parent Relationship": "Outer", "Index Name": "movie_id_movie_info", "Startup Cost": 0.0, "Total Cost": 0.45, "Plan Rows": 5, "Plan Width": 0, "Index Cond": "(movie_id = mi_idx.movie_id)"}]}]}]}, {"Node Type": "Bitmap Heap Scan", "Parent Relationship": "Inner", "Relation Name": "movie_companies", "Alias": "mc", "Startup Cost": 0.27, "Total Cost": 4.29, "Plan Rows": 2, "Plan Width": 12, "Recheck Cond": "(movie_id = mi.movie_id)", "Plans": [{"Node Type": "Bitmap Index Scan", "Parent Relationship": "Outer", "Index Name": "movie_id_movie_companies", "Startup Cost": 0.0, "Total Cost": 0.27, "Plan Rows": 2, "Plan Width": 0, "Index Cond": "(movie_id = mi.movie_id)"}]}]}, {"Node Type": "Materialize", "Parent Relationship": "Inner", "Startup Cost": 0.0, "Total Cost": 1.05, "Plan Rows": 2, "Plan Width": 4, "Plans": [{"Node Type": "Seq Scan", "Parent Relationship": "Outer", "Relation Name": "company_type", "Alias": "ct", "Startup Cost": 0.0, "Total Cost": 1.04, "Plan Rows": 2, "Plan Width": 4, "Filter": "((kind IS NOT NULL) AND (((kind)::text = 'production companies'::text) OR ((kind)::text = 'distributors'::text)))"}]}]}, {"Node Type": "Bitmap Heap Scan", "Parent Relationship": "Inner", "Relation Name": "company_name", "Alias": "cn", "Startup Cost": 0.26, "Total Cost": 4.27, "Plan Rows": 1, "Plan Width": 4, "Recheck Cond": "(id = mc.company_id)", "Filter": "((country_code)::text = '[us]'::text)", "Plans": [{"Node Type": "Bitmap Index Scan", "Parent Relationship": "Outer", "Index Name": "company_name_pkey", "Startup Cost": 0.0, "Total Cost": 0.26, "Plan Rows": 1, "Plan Width": 0, "Index Cond": "(id = mc.company_id)"}]}]}]}, "Unique SQL Id": 1682224415}, "explain_analyze_plan": {"Plan": {"Node Type": "Aggregate", "Strategy": "Plain", "Startup Cost": 68886.6, "Total Cost": 68886.61, "Plan Rows": 1, "Plan Width": 123, "Actual Min Startup Time": 228.518, "Actual Max Startup Time": 228.518, "Actual Min Total Time": 228.519, "Actual Max Total Time": 228.519, "Actual Total Rows": 1, "Plans": [{"Node Type": "Nested Loop", "Parent Relationship": "Outer", "Join Type": "Inner", "Startup Cost": 5.15, "Total Cost": 68886.58, "Plan Rows": 4, "Plan Width": 59, "Actual Min Startup Time": 227.263, "Actual Max Startup Time": 227.263, "Actual Min Total Time": 228.474, "Actual Max Total Time": 228.474, "Actual Total Rows": 5, "Inner Unique": true, "Plans": [{"Node Type": "Nested Loop", "Parent Relationship": "Outer", "Join Type": "Inner", "Startup Cost": 4.89, "Total Cost": 68856.6, "Plan Rows": 7, "Plan Width": 63, "Actual Min Startup Time": 227.237, "Actual Max Startup Time": 227.237, "Actual Min Total Time": 228.391, "Actual Max Total Time": 228.391, "Actual Total Rows": 5, "Inner Unique": true, "Join Filter": "(mc.company_type_id = ct.id)", "Rows Removed by Join Filter": 28, "Plans": [{"Node Type": "Nested Loop", "Parent Relationship": "Outer", "Join Type": "Inner", "Startup Cost": 4.89, "Total Cost": 68854.02, "Plan Rows": 51, "Plan Width": 67, "Actual Min Startup Time": 227.204, "Actual Max Startup Time": 227.204, "Actual Min Total Time": 228.342, "Actual Max Total Time": 228.342, "Actual Total Rows": 33, "Inner Unique": false, "Join Filter": "(t.id = mc.movie_id)", "Rows Removed by Join Filter": 0, "Plans": [{"Node Type": "Nested Loop", "Parent Relationship": "Outer", "Join Type": "Inner", "Startup Cost": 4.63, "Total Cost": 68819.48, "Plan Rows": 8, "Plan Width": 71, "Actual Min Startup Time": 227.176, "Actual Max Startup Time": 227.176, "Actual Min Total Time": 228.26, "Actual Max Total Time": 228.26, "Actual Total Rows": 2, "Inner Unique": false, "Join Filter": "(mi.info_type_id = it1.id)", "Rows Removed by Join Filter": 219, "Plans": [{"Node Type": "Seq Scan", "Parent Relationship": "Outer", "Relation Name": "info_type", "Alias": "it1", "Startup Cost": 0.0, "Total Cost": 2.4, "Plan Rows": 1, "Plan Width": 4, "Actual Min Startup Time": 0.098, "Actual Max Startup Time": 0.098, "Actual Min Total Time": 0.108, "Actual Max Total Time": 0.108, "Actual Total Rows": 1, "Filter": "((info)::text = 'budget'::text)", "Rows Removed by Filter": 111}, {"Node Type": "Nested Loop", "Parent Relationship": "Inner", "Join Type": "Inner", "Startup Cost": 4.63, "Total Cost": 68796.34, "Plan Rows": 1659, "Plan Width": 75, "Actual Min Startup Time": 226.99, "Actual Max Startup Time": 226.99, "Actual Min Total Time": 228.051, "Actual Max Total Time": 228.051, "Actual Total Rows": 221, "Inner Unique": false, "Join Filter": "(t.id = mi.movie_id)", "Rows Removed by Join Filter": 0, "Plans": [{"Node Type": "Nested Loop", "Parent Relationship": "Outer", "Join Type": "Inner", "Startup Cost": 4.17, "Total Cost": 67372.44, "Plan Rows": 311, "Plan Width": 25, "Actual Min Startup Time": 226.946, "Actual Max Startup Time": 226.946, "Actual Min Total Time": 227.714, "Actual Max Total Time": 227.714, "Actual Total Rows": 2, "Inner Unique": false, "Join Filter": "(mi_idx.info_type_id = it2.id)", "Rows Removed by Join Filter": 2643, "Plans": [{"Node Type": "Seq Scan", "Parent Relationship": "Outer", "Relation Name": "info_type", "Alias": "it2", "Startup Cost": 0.0, "Total Cost": 2.4, "Plan Rows": 1, "Plan Width": 4, "Actual Min Startup Time": 0.078, "Actual Max Startup Time": 0.078, "Actual Min Total Time": 0.082, "Actual Max Total Time": 0.082, "Actual Total Rows": 1, "Filter": "((info)::text = 'bottom 10 rank'::text)", "Rows Removed by Filter": 111}, {"Node Type": "Materialize", "Parent Relationship": "Inner", "Startup Cost": 4.17, "Total Cost": 67366.08, "Plan Rows": 396, "Plan Width": 29, "Actual Min Startup Time": 226.79, "Actual Max Startup Time": 226.79, "Actual Min Total Time": 227.06, "Actual Max Total Time": 227.06, "Actual Total Rows": 2646, "Plans": [{"Node Type": "Nested Loop", "Parent Relationship": "Outer", "Join Type": "Inner", "Startup Cost": 4.17, "Total Cost": 67365.09, "Plan Rows": 396, "Plan Width": 29, "Actual Min Startup Time": 153.962, "Actual Max Startup Time": 153.962, "Actual Min Total Time": 225.899, "Actual Max Total Time": 225.899, "Actual Total Rows": 2645, "Inner Unique": false, "Plans": [{"Node Type": "Streaming(type: LOCAL GATHER dop: 1/64)", "Parent Relationship": "Outer", "Startup Cost": 0.0, "Total Cost": 64240.19, "Plan Rows": 258, "Plan Width": 21, "Actual Min Startup Time": 153.883, "Actual Max Startup Time": 153.883, "Actual Min Total Time": 206.18, "Actual Max Total Time": 206.18, "Actual Total Rows": 2536, "Plans": [{"Node Type": "Seq Scan", "Parent Relationship": "Outer", "Relation Name": "title", "Alias": "t", "Startup Cost": 0.0, "Total Cost": 64234.87, "Plan Rows": 258, "Plan Width": 21, "Actual Min Startup Time": 0.031, "Actual Max Startup Time": 7.264, "Actual Min Total Time": 19.396, "Actual Max Total Time": 24.056, "Actual Total Rows": 2536, "Filter": "((production_year > 2000) AND (((title)::text ~~ 'Birdemic%'::text) OR ((title)::text ~~ '%Movie%'::text)))", "Rows Removed by Filter": 2525775}]}, {"Node Type": "Bitmap Heap Scan", "Parent Relationship": "Inner", "Relation Name": "movie_info_idx", "Alias": "mi_idx", "Startup Cost": 4.17, "Total Cost": 12.09, "Plan Rows": 2, "Plan Width": 8, "Actual Min Startup Time": 15.845, "Actual Max Startup Time": 15.845, "Actual Min Total Time": 16.227, "Actual Max Total Time": 16.227, "Actual Total Rows": 2645, "Recheck Cond": "(movie_id = t.id)", "Rows Removed by Index Recheck": 0, "Exact Heap Blocks": 890, "Lossy Heap Blocks": 890, "Plans": [{"Node Type": "Bitmap Index Scan", "Parent Relationship": "Outer", "Index Name": "movie_id_movie_info_idx", "Startup Cost": 0.0, "Total Cost": 4.17, "Plan Rows": 2, "Plan Width": 0, "Actual Min Startup Time": 11.725, "Actual Max Startup Time": 11.725, "Actual Min Total Time": 11.725, "Actual Max Total Time": 11.725, "Actual Total Rows": 2645, "Index Cond": "(movie_id = t.id)"}]}]}]}]}, {"Node Type": "Bitmap Heap Scan", "Parent Relationship": "Inner", "Relation Name": "movie_info", "Alias": "mi", "Startup Cost": 0.45, "Total Cost": 4.52, "Plan Rows": 5, "Plan Width": 50, "Actual Min Startup Time": 0.069, "Actual Max Startup Time": 0.069, "Actual Min Total Time": 0.249, "Actual Max Total Time": 0.249, "Actual Total Rows": 221, "Recheck Cond": "(movie_id = mi_idx.movie_id)", "Rows Removed by Index Recheck": 0, "Exact Heap Blocks": 40, "Lossy Heap Blocks": 40, "Plans": [{"Node Type": "Bitmap Index Scan", "Parent Relationship": "Outer", "Index Name": "movie_id_movie_info", "Startup Cost": 0.0, "Total Cost": 0.45, "Plan Rows": 5, "Plan Width": 0, "Actual Min Startup Time": 0.048, "Actual Max Startup Time": 0.048, "Actual Min Total Time": 0.048, "Actual Max Total Time": 0.048, "Actual Total Rows": 221, "Index Cond": "(movie_id = mi_idx.movie_id)"}]}]}]}, {"Node Type": "Bitmap Heap Scan", "Parent Relationship": "Inner", "Relation Name": "movie_companies", "Alias": "mc", "Startup Cost": 0.27, "Total Cost": 4.29, "Plan Rows": 2, "Plan Width": 12, "Actual Min Startup Time": 0.054, "Actual Max Startup Time": 0.054, "Actual Min Total Time": 0.066, "Actual Max Total Time": 0.066, "Actual Total Rows": 33, "Recheck Cond": "(movie_id = mi.movie_id)", "Rows Removed by Index Recheck": 0, "Exact Heap Blocks": 4, "Lossy Heap Blocks": 4, "Plans": [{"Node Type": "Bitmap Index Scan", "Parent Relationship": "Outer", "Index Name": "movie_id_movie_companies", "Startup Cost": 0.0, "Total Cost": 0.27, "Plan Rows": 2, "Plan Width": 0, "Actual Min Startup Time": 0.025, "Actual Max Startup Time": 0.025, "Actual Min Total Time": 0.025, "Actual Max Total Time": 0.025, "Actual Total Rows": 33, "Index Cond": "(movie_id = mi.movie_id)"}]}]}, {"Node Type": "Materialize", "Parent Relationship": "Inner", "Startup Cost": 0.0, "Total Cost": 1.05, "Plan Rows": 2, "Plan Width": 4, "Actual Min Startup Time": 0.019, "Actual Max Startup Time": 0.019, "Actual Min Total Time": 0.027, "Actual Max Total Time": 0.027, "Actual Total Rows": 33, "Plans": [{"Node Type": "Seq Scan", "Parent Relationship": "Outer", "Relation Name": "company_type", "Alias": "ct", "Startup Cost": 0.0, "Total Cost": 1.04, "Plan Rows": 2, "Plan Width": 4, "Actual Min Startup Time": 0.011, "Actual Max Startup Time": 0.011, "Actual Min Total Time": 0.016, "Actual Max Total Time": 0.016, "Actual Total Rows": 1, "Filter": "((kind IS NOT NULL) AND (((kind)::text = 'production companies'::text) OR ((kind)::text = 'distributors'::text)))", "Rows Removed by Filter": 2}]}]}, {"Node Type": "Bitmap Heap Scan", "Parent Relationship": "Inner", "Relation Name": "company_name", "Alias": "cn", "Startup Cost": 0.26, "Total Cost": 4.27, "Plan Rows": 1, "Plan Width": 4, "Actual Min Startup Time": 0.07, "Actual Max Startup Time": 0.07, "Actual Min Total Time": 0.07, "Actual Max Total Time": 0.07, "Actual Total Rows": 5, "Recheck Cond": "(id = mc.company_id)", "Rows Removed by Index Recheck": 0, "Filter": "((country_code)::text = '[us]'::text)", "Rows Removed by Filter": 0, "Exact Heap Blocks": 5, "Lossy Heap Blocks": 5, "Plans": [{"Node Type": "Bitmap Index Scan", "Parent Relationship": "Outer", "Index Name": "company_name_pkey", "Startup Cost": 0.0, "Total Cost": 0.26, "Plan Rows": 1, "Plan Width": 0, "Actual Min Startup Time": 0.04, "Actual Max Startup Time": 0.04, "Actual Min Total Time": 0.04, "Actual Max Total Time": 0.04, "Actual Total Rows": 5, "Index Cond": "(id = mc.company_id)"}]}]}]}, "Triggers": [], "Planner Runtime": 66.774, "Total Runtime": 240.777, "Unique SQL Id": 1682224415}}, "(64, 23)": {"explain_plan": {"Plan": {"Node Type": "Aggregate", "Strategy": "Plain", "Startup Cost": 134877.62, "Total Cost": 134877.63, "Plan Rows": 1, "Plan Width": 123, "Plans": [{"Node Type": "Nested Loop", "Parent Relationship": "Outer", "Join Type": "Inner", "Startup Cost": 49668.32, "Total Cost": 134877.6, "Plan Rows": 4, "Plan Width": 59, "Inner Unique": true, "Plans": [{"Node Type": "Nested Loop", "Parent Relationship": "Outer", "Join Type": "Inner", "Startup Cost": 49668.06, "Total Cost": 134847.62, "Plan Rows": 7, "Plan Width": 63, "Inner Unique": true, "Plans": [{"Node Type": "Nested Loop", "Parent Relationship": "Outer", "Join Type": "Inner", "Startup Cost": 49667.8, "Total Cost": 134796.19, "Plan Rows": 12, "Plan Width": 67, "Inner Unique": true, "Plans": [{"Node Type": "Nested Loop", "Parent Relationship": "Outer", "Join Type": "Inner", "Startup Cost": 49667.54, "Total Cost": 134517.81, "Plan Rows": 65, "Plan Width": 71, "Inner Unique": false, "Join Filter": "(t.id = mi_idx.movie_id)", "Plans": [{"Node Type": "Nested Loop", "Parent Relationship": "Outer", "Join Type": "Inner", "Startup Cost": 49667.27, "Total Cost": 134336.51, "Plan Rows": 42, "Plan Width": 79, "Inner Unique": false, "Join Filter": "(mi.info_type_id = it1.id)", "Plans": [{"Node Type": "Bitmap Heap Scan", "Parent Relationship": "Outer", "Relation Name": "info_type", "Alias": "it1", "Startup Cost": 8.81, "Total Cost": 14.21, "Plan Rows": 1, "Plan Width": 4, "Filter": "((info)::text = 'budget'::text)", "Plans": [{"Node Type": "Bitmap Index Scan", "Parent Relationship": "Outer", "Index Name": "info_type_pkey", "Startup Cost": 0.0, "Total Cost": 8.81, "Plan Rows": 112, "Plan Width": 0}]}, {"Node Type": "Nested Loop", "Parent Relationship": "Inner", "Join Type": "Inner", "Startup Cost": 49658.46, "Total Cost": 134284.94, "Plan Rows": 2989, "Plan Width": 83, "Inner Unique": false, "Join Filter": "(t.id = mi.movie_id)", "Plans": [{"Node Type": "Nested Loop", "Parent Relationship": "Outer", "Join Type": "Inner", "Startup Cost": 49658.09, "Total Cost": 131831.96, "Plan Rows": 545, "Plan Width": 33, "Inner Unique": false, "Plans": [{"Node Type": "Bitmap Heap Scan", "Parent Relationship": "Outer", "Relation Name": "title", "Alias": "t", "Startup Cost": 49653.87, "Total Cost": 128685.31, "Plan Rows": 258, "Plan Width": 21, "Filter": "((production_year > 2000) AND (((title)::text ~~ 'Birdemic%'::text) OR ((title)::text ~~ '%Movie%'::text)))", "Plans": [{"Node Type": "Bitmap Index Scan", "Parent Relationship": "Outer", "Index Name": "title_pkey", "Startup Cost": 0.0, "Total Cost": 49653.81, "Plan Rows": 2528311, "Plan Width": 0}]}, {"Node Type": "Bitmap Heap Scan", "Parent Relationship": "Inner", "Relation Name": "movie_companies", "Alias": "mc", "Startup Cost": 4.22, "Total Cost": 12.18, "Plan Rows": 2, "Plan Width": 12, "Recheck Cond": "(movie_id = t.id)", "Plans": [{"Node Type": "Bitmap Index Scan", "Parent Relationship": "Outer", "Index Name": "movie_id_movie_companies", "Startup Cost": 0.0, "Total Cost": 4.22, "Plan Rows": 2, "Plan Width": 0, "Index Cond": "(movie_id = t.id)"}]}]}, {"Node Type": "Bitmap Heap Scan", "Parent Relationship": "Inner", "Relation Name": "movie_info", "Alias": "mi", "Startup Cost": 0.38, "Total Cost": 4.44, "Plan Rows": 5, "Plan Width": 50, "Recheck Cond": "(movie_id = mc.movie_id)", "Plans": [{"Node Type": "Bitmap Index Scan", "Parent Relationship": "Outer", "Index Name": "movie_id_movie_info", "Startup Cost": 0.0, "Total Cost": 0.37, "Plan Rows": 5, "Plan Width": 0, "Index Cond": "(movie_id = mc.movie_id)"}]}]}]}, {"Node Type": "Bitmap Heap Scan", "Parent Relationship": "Inner", "Relation Name": "movie_info_idx", "Alias": "mi_idx", "Startup Cost": 0.27, "Total Cost": 4.29, "Plan Rows": 2, "Plan Width": 8, "Recheck Cond": "(movie_id = mi.movie_id)", "Plans": [{"Node Type": "Bitmap Index Scan", "Parent Relationship": "Outer", "Index Name": "movie_id_movie_info_idx", "Startup Cost": 0.0, "Total Cost": 0.27, "Plan Rows": 2, "Plan Width": 0, "Index Cond": "(movie_id = mi.movie_id)"}]}]}, {"Node Type": "Bitmap Heap Scan", "Parent Relationship": "Inner", "Relation Name": "info_type", "Alias": "it2", "Startup Cost": 0.26, "Total Cost": 4.27, "Plan Rows": 1, "Plan Width": 4, "Recheck Cond": "(id = mi_idx.info_type_id)", "Filter": "((info)::text = 'bottom 10 rank'::text)", "Plans": [{"Node Type": "Bitmap Index Scan", "Parent Relationship": "Outer", "Index Name": "info_type_pkey", "Startup Cost": 0.0, "Total Cost": 0.26, "Plan Rows": 1, "Plan Width": 0, "Index Cond": "(id = mi_idx.info_type_id)"}]}]}, {"Node Type": "Bitmap Heap Scan", "Parent Relationship": "Inner", "Relation Name": "company_type", "Alias": "ct", "Startup Cost": 0.26, "Total Cost": 4.28, "Plan Rows": 1, "Plan Width": 4, "Recheck Cond": "(id = mc.company_type_id)", "Filter": "((kind IS NOT NULL) AND (((kind)::text = 'production companies'::text) OR ((kind)::text = 'distributors'::text)))", "Plans": [{"Node Type": "Bitmap Index Scan", "Parent Relationship": "Outer", "Index Name": "company_type_pkey", "Startup Cost": 0.0, "Total Cost": 0.26, "Plan Rows": 1, "Plan Width": 0, "Index Cond": "(id = mc.company_type_id)"}]}]}, {"Node Type": "Bitmap Heap Scan", "Parent Relationship": "Inner", "Relation Name": "company_name", "Alias": "cn", "Startup Cost": 0.26, "Total Cost": 4.27, "Plan Rows": 1, "Plan Width": 4, "Recheck Cond": "(id = mc.company_id)", "Filter": "((country_code)::text = '[us]'::text)", "Plans": [{"Node Type": "Bitmap Index Scan", "Parent Relationship": "Outer", "Index Name": "company_name_pkey", "Startup Cost": 0.0, "Total Cost": 0.26, "Plan Rows": 1, "Plan Width": 0, "Index Cond": "(id = mc.company_id)"}]}]}]}, "Unique SQL Id": 1682224415}, "explain_analyze_plan": null}, "(64, 24)": {"explain_plan": {"Plan": {"Node Type": "Aggregate", "Strategy": "Plain", "Startup Cost": 66641.75, "Total Cost": 66641.76, "Plan Rows": 1, "Plan Width": 123, "Plans": [{"Node Type": "Nested Loop", "Parent Relationship": "Outer", "Join Type": "Inner", "Startup Cost": 0.0, "Total Cost": 66641.73, "Plan Rows": 4, "Plan Width": 59, "Inner Unique": true, "Plans": [{"Node Type": "Nested Loop", "Parent Relationship": "Outer", "Join Type": "Inner", "Startup Cost": 0.0, "Total Cost": 66639.72, "Plan Rows": 7, "Plan Width": 63, "Inner Unique": true, "Join Filter": "(mc.company_type_id = ct.id)", "Plans": [{"Node Type": "Nested Loop", "Parent Relationship": "Outer", "Join Type": "Inner", "Startup Cost": 0.0, "Total Cost": 66638.31, "Plan Rows": 12, "Plan Width": 67, "Inner Unique": false, "Join Filter": "(mi.info_type_id = it1.id)", "Plans": [{"Node Type": "Seq Scan", "Parent Relationship": "Outer", "Relation Name": "info_type", "Alias": "it1", "Startup Cost": 0.0, "Total Cost": 2.4, "Plan Rows": 1, "Plan Width": 4, "Filter": "((info)::text = 'budget'::text)"}, {"Node Type": "Nested Loop", "Parent Relationship": "Inner", "Join Type": "Inner", "Startup Cost": 0.0, "Total Cost": 66621.88, "Plan Rows": 1122, "Plan Width": 71, "Inner Unique": false, "Join Filter": "(t.id = mi.movie_id)", "Plans": [{"Node Type": "Nested Loop", "Parent Relationship": "Outer", "Join Type": "Inner", "Startup Cost": 0.0, "Total Cost": 66469.22, "Plan Rows": 210, "Plan Width": 37, "Inner Unique": false, "Join Filter": "(t.id = mc.movie_id)", "Plans": [{"Node Type": "Nested Loop", "Parent Relationship": "Outer", "Join Type": "Inner", "Startup Cost": 0.0, "Total Cost": 66348.45, "Plan Rows": 311, "Plan Width": 25, "Inner Unique": false, "Join Filter": "(mi_idx.info_type_id = it2.id)", "Plans": [{"Node Type": "Seq Scan", "Parent Relationship": "Outer", "Relation Name": "info_type", "Alias": "it2", "Startup Cost": 0.0, "Total Cost": 2.4, "Plan Rows": 1, "Plan Width": 4, "Filter": "((info)::text = 'bottom 10 rank'::text)"}, {"Node Type": "Materialize", "Parent Relationship": "Inner", "Startup Cost": 0.0, "Total Cost": 66342.09, "Plan Rows": 396, "Plan Width": 29, "Plans": [{"Node Type": "Nested Loop", "Parent Relationship": "Outer", "Join Type": "Inner", "Startup Cost": 0.0, "Total Cost": 66341.1, "Plan Rows": 396, "Plan Width": 29, "Inner Unique": false, "Plans": [{"Node Type": "Streaming(type: LOCAL GATHER dop: 1/64)", "Parent Relationship": "Outer", "Startup Cost": 0.0, "Total Cost": 64240.19, "Plan Rows": 258, "Plan Width": 21, "Plans": [{"Node Type": "Seq Scan", "Parent Relationship": "Outer", "Relation Name": "title", "Alias": "t", "Startup Cost": 0.0, "Total Cost": 64234.87, "Plan Rows": 258, "Plan Width": 21, "Filter": "((production_year > 2000) AND (((title)::text ~~ 'Birdemic%'::text) OR ((title)::text ~~ '%Movie%'::text)))"}]}, {"Node Type": "Index Scan", "Parent Relationship": "Inner", "Scan Direction": "Forward", "Index Name": "movie_id_movie_info_idx", "Relation Name": "movie_info_idx", "Alias": "mi_idx", "Startup Cost": 0.0, "Total Cost": 8.12, "Plan Rows": 2, "Plan Width": 8, "Index Cond": "(movie_id = t.id)"}]}]}]}, {"Node Type": "Index Scan", "Parent Relationship": "Inner", "Scan Direction": "Forward", "Index Name": "movie_id_movie_companies", "Relation Name": "movie_companies", "Alias": "mc", "Startup Cost": 0.0, "Total Cost": 0.36, "Plan Rows": 2, "Plan Width": 12, "Index Cond": "(movie_id = mi_idx.movie_id)"}]}, {"Node Type": "Index Scan", "Parent Relationship": "Inner", "Scan Direction": "Forward", "Index Name": "movie_id_movie_info", "Relation Name": "movie_info", "Alias": "mi", "Startup Cost": 0.0, "Total Cost": 0.66, "Plan Rows": 5, "Plan Width": 50, "Index Cond": "(movie_id = mc.movie_id)"}]}]}, {"Node Type": "Materialize", "Parent Relationship": "Inner", "Startup Cost": 0.0, "Total Cost": 1.05, "Plan Rows": 2, "Plan Width": 4, "Plans": [{"Node Type": "Seq Scan", "Parent Relationship": "Outer", "Relation Name": "company_type", "Alias": "ct", "Startup Cost": 0.0, "Total Cost": 1.04, "Plan Rows": 2, "Plan Width": 4, "Filter": "((kind IS NOT NULL) AND (((kind)::text = 'production companies'::text) OR ((kind)::text = 'distributors'::text)))"}]}]}, {"Node Type": "Index Scan", "Parent Relationship": "Inner", "Scan Direction": "Forward", "Index Name": "company_name_pkey", "Relation Name": "company_name", "Alias": "cn", "Startup Cost": 0.0, "Total Cost": 0.28, "Plan Rows": 1, "Plan Width": 4, "Index Cond": "(id = mc.company_id)", "Filter": "((country_code)::text = '[us]'::text)"}]}]}, "Unique SQL Id": 1682224415}, "explain_analyze_plan": {"Plan": {"Node Type": "Aggregate", "Strategy": "Plain", "Startup Cost": 66641.75, "Total Cost": 66641.76, "Plan Rows": 1, "Plan Width": 123, "Actual Min Startup Time": 137.641, "Actual Max Startup Time": 137.641, "Actual Min Total Time": 137.642, "Actual Max Total Time": 137.642, "Actual Total Rows": 1, "Plans": [{"Node Type": "Nested Loop", "Parent Relationship": "Outer", "Join Type": "Inner", "Startup Cost": 0.0, "Total Cost": 66641.73, "Plan Rows": 4, "Plan Width": 59, "Actual Min Startup Time": 131.932, "Actual Max Startup Time": 131.932, "Actual Min Total Time": 137.616, "Actual Max Total Time": 137.616, "Actual Total Rows": 5, "Inner Unique": true, "Plans": [{"Node Type": "Nested Loop", "Parent Relationship": "Outer", "Join Type": "Inner", "Startup Cost": 0.0, "Total Cost": 66639.72, "Plan Rows": 7, "Plan Width": 63, "Actual Min Startup Time": 131.906, "Actual Max Startup Time": 131.906, "Actual Min Total Time": 137.553, "Actual Max Total Time": 137.553, "Actual Total Rows": 5, "Inner Unique": true, "Join Filter": "(mc.company_type_id = ct.id)", "Rows Removed by Join Filter": 28, "Plans": [{"Node Type": "Nested Loop", "Parent Relationship": "Outer", "Join Type": "Inner", "Startup Cost": 0.0, "Total Cost": 66638.31, "Plan Rows": 12, "Plan Width": 67, "Actual Min Startup Time": 131.653, "Actual Max Startup Time": 131.653, "Actual Min Total Time": 137.493, "Actual Max Total Time": 137.493, "Actual Total Rows": 33, "Inner Unique": false, "Join Filter": "(mi.info_type_id = it1.id)", "Rows Removed by Join Filter": 4926, "Plans": [{"Node Type": "Seq Scan", "Parent Relationship": "Outer", "Relation Name": "info_type", "Alias": "it1", "Startup Cost": 0.0, "Total Cost": 2.4, "Plan Rows": 1, "Plan Width": 4, "Actual Min Startup Time": 0.103, "Actual Max Startup Time": 0.103, "Actual Min Total Time": 0.12, "Actual Max Total Time": 0.12, "Actual Total Rows": 1, "Filter": "((info)::text = 'budget'::text)", "Rows Removed by Filter": 111}, {"Node Type": "Nested Loop", "Parent Relationship": "Inner", "Join Type": "Inner", "Startup Cost": 0.0, "Total Cost": 66621.88, "Plan Rows": 1122, "Plan Width": 71, "Actual Min Startup Time": 131.46, "Actual Max Startup Time": 131.46, "Actual Min Total Time": 136.384, "Actual Max Total Time": 136.384, "Actual Total Rows": 4959, "Inner Unique": false, "Join Filter": "(t.id = mi.movie_id)", "Rows Removed by Join Filter": 0, "Plans": [{"Node Type": "Nested Loop", "Parent Relationship": "Outer", "Join Type": "Inner", "Startup Cost": 0.0, "Total Cost": 66469.22, "Plan Rows": 210, "Plan Width": 37, "Actual Min Startup Time": 131.429, "Actual Max Startup Time": 131.429, "Actual Min Total Time": 132.288, "Actual Max Total Time": 132.288, "Actual Total Rows": 33, "Inner Unique": false, "Join Filter": "(t.id = mc.movie_id)", "Rows Removed by Join Filter": 0, "Plans": [{"Node Type": "Nested Loop", "Parent Relationship": "Outer", "Join Type": "Inner", "Startup Cost": 0.0, "Total Cost": 66348.45, "Plan Rows": 311, "Plan Width": 25, "Actual Min Startup Time": 131.398, "Actual Max Startup Time": 131.398, "Actual Min Total Time": 132.21, "Actual Max Total Time": 132.21, "Actual Total Rows": 2, "Inner Unique": false, "Join Filter": "(mi_idx.info_type_id = it2.id)", "Rows Removed by Join Filter": 2643, "Plans": [{"Node Type": "Seq Scan", "Parent Relationship": "Outer", "Relation Name": "info_type", "Alias": "it2", "Startup Cost": 0.0, "Total Cost": 2.4, "Plan Rows": 1, "Plan Width": 4, "Actual Min Startup Time": 0.078, "Actual Max Startup Time": 0.078, "Actual Min Total Time": 0.082, "Actual Max Total Time": 0.082, "Actual Total Rows": 1, "Filter": "((info)::text = 'bottom 10 rank'::text)", "Rows Removed by Filter": 111}, {"Node Type": "Materialize", "Parent Relationship": "Inner", "Startup Cost": 0.0, "Total Cost": 66342.09, "Plan Rows": 396, "Plan Width": 29, "Actual Min Startup Time": 131.201, "Actual Max Startup Time": 131.201, "Actual Min Total Time": 131.559, "Actual Max Total Time": 131.559, "Actual Total Rows": 2646, "Plans": [{"Node Type": "Nested Loop", "Parent Relationship": "Outer", "Join Type": "Inner", "Startup Cost": 0.0, "Total Cost": 66341.1, "Plan Rows": 396, "Plan Width": 29, "Actual Min Startup Time": 84.131, "Actual Max Startup Time": 84.131, "Actual Min Total Time": 130.261, "Actual Max Total Time": 130.261, "Actual Total Rows": 2645, "Inner Unique": false, "Plans": [{"Node Type": "Streaming(type: LOCAL GATHER dop: 1/64)", "Parent Relationship": "Outer", "Startup Cost": 0.0, "Total Cost": 64240.19, "Plan Rows": 258, "Plan Width": 21, "Actual Min Startup Time": 84.024, "Actual Max Startup Time": 84.024, "Actual Min Total Time": 115.079, "Actual Max Total Time": 115.079, "Actual Total Rows": 2536, "Plans": [{"Node Type": "Seq Scan", "Parent Relationship": "Outer", "Relation Name": "title", "Alias": "t", "Startup Cost": 0.0, "Total Cost": 64234.87, "Plan Rows": 258, "Plan Width": 21, "Actual Min Startup Time": 0.045, "Actual Max Startup Time": 7.269, "Actual Min Total Time": 19.453, "Actual Max Total Time": 31.146, "Actual Total Rows": 2536, "Filter": "((production_year > 2000) AND (((title)::text ~~ 'Birdemic%'::text) OR ((title)::text ~~ '%Movie%'::text)))", "Rows Removed by Filter": 2525775}]}, {"Node Type": "Index Scan", "Parent Relationship": "Inner", "Scan Direction": "Forward", "Index Name": "movie_id_movie_info_idx", "Relation Name": "movie_info_idx", "Alias": "mi_idx", "Startup Cost": 0.0, "Total Cost": 8.12, "Plan Rows": 2, "Plan Width": 8, "Actual Min Startup Time": 12.238, "Actual Max Startup Time": 12.238, "Actual Min Total Time": 13.25, "Actual Max Total Time": 13.25, "Actual Total Rows": 2645, "Index Cond": "(movie_id = t.id)", "Rows Removed by Index Recheck": 0}]}]}]}, {"Node Type": "Index Scan", "Parent Relationship": "Inner", "Scan Direction": "Forward", "Index Name": "movie_id_movie_companies", "Relation Name": "movie_companies", "Alias": "mc", "Startup Cost": 0.0, "Total Cost": 0.36, "Plan Rows": 2, "Plan Width": 12, "Actual Min Startup Time": 0.029, "Actual Max Startup Time": 0.029, "Actual Min Total Time": 0.047, "Actual Max Total Time": 0.047, "Actual Total Rows": 33, "Index Cond": "(movie_id = mi_idx.movie_id)", "Rows Removed by Index Recheck": 0}]}, {"Node Type": "Index Scan", "Parent Relationship": "Inner", "Scan Direction": "Forward", "Index Name": "movie_id_movie_info", "Relation Name": "movie_info", "Alias": "mi", "Startup Cost": 0.0, "Total Cost": 0.66, "Plan Rows": 5, "Plan Width": 50, "Actual Min Startup Time": 0.496, "Actual Max Startup Time": 0.496, "Actual Min Total Time": 2.488, "Actual Max Total Time": 2.488, "Actual Total Rows": 4959, "Index Cond": "(movie_id = mc.movie_id)", "Rows Removed by Index Recheck": 0}]}]}, {"Node Type": "Materialize", "Parent Relationship": "Inner", "Startup Cost": 0.0, "Total Cost": 1.05, "Plan Rows": 2, "Plan Width": 4, "Actual Min Startup Time": 0.026, "Actual Max Startup Time": 0.026, "Actual Min Total Time": 0.033, "Actual Max Total Time": 0.033, "Actual Total Rows": 33, "Plans": [{"Node Type": "Seq Scan", "Parent Relationship": "Outer", "Relation Name": "company_type", "Alias": "ct", "Startup Cost": 0.0, "Total Cost": 1.04, "Plan Rows": 2, "Plan Width": 4, "Actual Min Startup Time": 0.019, "Actual Max Startup Time": 0.019, "Actual Min Total Time": 0.025, "Actual Max Total Time": 0.025, "Actual Total Rows": 1, "Filter": "((kind IS NOT NULL) AND (((kind)::text = 'production companies'::text) OR ((kind)::text = 'distributors'::text)))", "Rows Removed by Filter": 2}]}]}, {"Node Type": "Index Scan", "Parent Relationship": "Inner", "Scan Direction": "Forward", "Index Name": "company_name_pkey", "Relation Name": "company_name", "Alias": "cn", "Startup Cost": 0.0, "Total Cost": 0.28, "Plan Rows": 1, "Plan Width": 4, "Actual Min Startup Time": 0.047, "Actual Max Startup Time": 0.047, "Actual Min Total Time": 0.047, "Actual Max Total Time": 0.047, "Actual Total Rows": 5, "Index Cond": "(id = mc.company_id)", "Rows Removed by Index Recheck": 0, "Filter": "((country_code)::text = '[us]'::text)", "Rows Removed by Filter": 0}]}]}, "Triggers": [], "Planner Runtime": 68.192, "Total Runtime": 152.234, "Unique SQL Id": 1682224415}}, "(64, 25)": {"explain_plan": {"Plan": {"Node Type": "Aggregate", "Strategy": "Plain", "Startup Cost": 131508.15, "Total Cost": 131508.16, "Plan Rows": 1, "Plan Width": 123, "Plans": [{"Node Type": "Nested Loop", "Parent Relationship": "Outer", "Join Type": "Inner", "Startup Cost": 0.0, "Total Cost": 131508.13, "Plan Rows": 4, "Plan Width": 59, "Inner Unique": true, "Plans": [{"Node Type": "Nested Loop", "Parent Relationship": "Outer", "Join Type": "Inner", "Startup Cost": 0.0, "Total Cost": 131506.99, "Plan Rows": 4, "Plan Width": 63, "Inner Unique": true, "Plans": [{"Node Type": "Nested Loop", "Parent Relationship": "Outer", "Join Type": "Inner", "Startup Cost": 0.0, "Total Cost": 131505.55, "Plan Rows": 5, "Plan Width": 67, "Inner Unique": false, "Join Filter": "(mi.info_type_id = it1.id)", "Plans": [{"Node Type": "Index Scan", "Parent Relationship": "Outer", "Scan Direction": "Forward", "Index Name": "info_type_pkey", "Relation Name": "info_type", "Alias": "it1", "Startup Cost": 0.0, "Total Cost": 14.21, "Plan Rows": 1, "Plan Width": 4, "Filter": "((info)::text = 'budget'::text)"}, {"Node Type": "Nested Loop", "Parent Relationship": "Inner", "Join Type": "Inner", "Startup Cost": 0.0, "Total Cost": 131477.32, "Plan Rows": 1122, "Plan Width": 71, "Inner Unique": false, "Join Filter": "(t.id = mi.movie_id)", "Plans": [{"Node Type": "Nested Loop", "Parent Relationship": "Outer", "Join Type": "Inner", "Startup Cost": 0.0, "Total Cost": 131324.66, "Plan Rows": 210, "Plan Width": 37, "Inner Unique": false, "Join Filter": "(t.id = mc.movie_id)", "Plans": [{"Node Type": "Nested Loop", "Parent Relationship": "Outer", "Join Type": "Inner", "Startup Cost": 0.0, "Total Cost": 131203.89, "Plan Rows": 311, "Plan Width": 25, "Inner Unique": true, "Join Filter": "(mi_idx.info_type_id = it2.id)", "Plans": [{"Node Type": "Nested Loop", "Parent Relationship": "Outer", "Join Type": "Inner", "Startup Cost": 0.0, "Total Cost": 131183.74, "Plan Rows": 396, "Plan Width": 29, "Inner Unique": false, "Plans": [{"Node Type": "Index Scan", "Parent Relationship": "Outer", "Scan Direction": "Forward", "Index Name": "title_pkey", "Relation Name": "title", "Alias": "t", "Startup Cost": 0.0, "Total Cost": 129082.82, "Plan Rows": 258, "Plan Width": 21, "Filter": "((production_year > 2000) AND (((title)::text ~~ 'Birdemic%'::text) OR ((title)::text ~~ '%Movie%'::text)))"}, {"Node Type": "Index Scan", "Parent Relationship": "Inner", "Scan Direction": "Forward", "Index Name": "movie_id_movie_info_idx", "Relation Name": "movie_info_idx", "Alias": "mi_idx", "Startup Cost": 0.0, "Total Cost": 8.12, "Plan Rows": 2, "Plan Width": 8, "Index Cond": "(movie_id = t.id)"}]}, {"Node Type": "Materialize", "Parent Relationship": "Inner", "Startup Cost": 0.0, "Total Cost": 14.22, "Plan Rows": 1, "Plan Width": 4, "Plans": [{"Node Type": "Index Scan", "Parent Relationship": "Outer", "Scan Direction": "Forward", "Index Name": "info_type_pkey", "Relation Name": "info_type", "Alias": "it2", "Startup Cost": 0.0, "Total Cost": 14.21, "Plan Rows": 1, "Plan Width": 4, "Filter": "((info)::text = 'bottom 10 rank'::text)"}]}]}, {"Node Type": "Index Scan", "Parent Relationship": "Inner", "Scan Direction": "Forward", "Index Name": "movie_id_movie_companies", "Relation Name": "movie_companies", "Alias": "mc", "Startup Cost": 0.0, "Total Cost": 0.36, "Plan Rows": 2, "Plan Width": 12, "Index Cond": "(movie_id = mi_idx.movie_id)"}]}, {"Node Type": "Index Scan", "Parent Relationship": "Inner", "Scan Direction": "Forward", "Index Name": "movie_id_movie_info", "Relation Name": "movie_info", "Alias": "mi", "Startup Cost": 0.0, "Total Cost": 0.66, "Plan Rows": 5, "Plan Width": 50, "Index Cond": "(movie_id = mc.movie_id)"}]}]}, {"Node Type": "Index Scan", "Parent Relationship": "Inner", "Scan Direction": "Forward", "Index Name": "company_name_pkey", "Relation Name": "company_name", "Alias": "cn", "Startup Cost": 0.0, "Total Cost": 0.28, "Plan Rows": 1, "Plan Width": 4, "Index Cond": "(id = mc.company_id)", "Filter": "((country_code)::text = '[us]'::text)"}]}, {"Node Type": "Index Scan", "Parent Relationship": "Inner", "Scan Direction": "Forward", "Index Name": "company_type_pkey", "Relation Name": "company_type", "Alias": "ct", "Startup Cost": 0.0, "Total Cost": 0.28, "Plan Rows": 1, "Plan Width": 4, "Index Cond": "(id = mc.company_type_id)", "Filter": "((kind IS NOT NULL) AND (((kind)::text = 'production companies'::text) OR ((kind)::text = 'distributors'::text)))"}]}]}, "Unique SQL Id": 1682224415}, "explain_analyze_plan": null}, "(64, 26)": {"explain_plan": {"Plan": {"Node Type": "Aggregate", "Strategy": "Plain", "Startup Cost": 637951.75, "Total Cost": 637951.78, "Plan Rows": 1, "Plan Width": 123, "Plans": [{"Node Type": "Streaming(type: LOCAL GATHER dop: 1/64)", "Parent Relationship": "Outer", "Startup Cost": 637951.75, "Total Cost": 637951.78, "Plan Rows": 1, "Plan Width": 123, "Plans": [{"Node Type": "Aggregate", "Strategy": "Plain", "Parent Relationship": "Outer", "Startup Cost": 637951.75, "Total Cost": 637951.76, "Plan Rows": 1, "Plan Width": 123, "Plans": [{"Node Type": "Nested Loop", "Parent Relationship": "Outer", "Join Type": "Inner", "Startup Cost": 423164.95, "Total Cost": 637951.73, "Plan Rows": 4, "Plan Width": 59, "Inner Unique": false, "Join Filter": "(mi.movie_id = t.id)", "Plans": [{"Node Type": "Nested Loop", "Parent Relationship": "Outer", "Join Type": "Inner", "Startup Cost": 0.0, "Total Cost": 133548.44, "Plan Rows": 212428, "Plan Width": 46, "Inner Unique": false, "Join Filter": "(it1.id = mi.info_type_id), (LLVM Optimized)", "Plans": [{"Node Type": "Streaming(type: BROADCAST dop: 64/1)", "Parent Relationship": "Outer", "Startup Cost": 0.0, "Total Cost": 63003.72, "Plan Rows": 64, "Plan Width": 4, "Plans": [{"Node Type": "Seq Scan", "Parent Relationship": "Outer", "Relation Name": "info_type", "Alias": "it1", "Startup Cost": 0.0, "Total Cost": 2.4, "Plan Rows": 1, "Plan Width": 4, "Filter": "((info)::text = 'budget'::text)"}]}, {"Node Type": "Seq Scan", "Parent Relationship": "Inner", "Relation Name": "movie_info", "Alias": "mi", "Startup Cost": 0.0, "Total Cost": 67640.43, "Plan Rows": 14869966, "Plan Width": 50}]}, {"Node Type": "Materialize", "Parent Relationship": "Inner", "Startup Cost": 423164.95, "Total Cost": 488322.63, "Plan Rows": 20672, "Plan Width": 29, "Plans": [{"Node Type": "Streaming(type: BROADCAST dop: 64/1)", "Parent Relationship": "Outer", "Startup Cost": 423164.95, "Total Cost": 488321.01, "Plan Rows": 20672, "Plan Width": 29, "Plans": [{"Node Type": "Merge Join", "Parent Relationship": "Outer", "Join Type": "Inner", "Startup Cost": 423164.95, "Total Cost": 424894.55, "Plan Rows": 323, "Plan Width": 29, "Inner Unique": false, "Merge Cond": "(t.id = mi_idx.movie_id)", "Plans": [{"Node Type": "Sort", "Parent Relationship": "Outer", "Startup Cost": 353903.48, "Total Cost": 353904.15, "Plan Rows": 268, "Plan Width": 25, "Sort Key": ["mc.movie_id"], "Plans": [{"Node Type": "Merge Join", "Parent Relationship": "Outer", "Join Type": "Inner", "Startup Cost": 353457.66, "Total Cost": 353892.67, "Plan Rows": 268, "Plan Width": 25, "Inner Unique": true, "Merge Cond": "(mc.company_id = cn.id)", "Plans": [{"Node Type": "Sort", "Parent Relationship": "Outer", "Startup Cost": 340579.55, "Total Cost": 340580.91, "Plan Rows": 545, "Plan Width": 29, "Sort Key": ["mc.company_id"], "Plans": [{"Node Type": "Nested Loop", "Parent Relationship": "Outer", "Join Type": "Inner", "Startup Cost": 0.0, "Total Cost": 340554.78, "Plan Rows": 545, "Plan Width": 29, "Inner Unique": true, "Join Filter": "(mc.company_type_id = ct.id)", "Plans": [{"Node Type": "Streaming(type: LOCAL GATHER dop: 1/64)", "Parent Relationship": "Outer", "Startup Cost": 0.0, "Total Cost": 340537.38, "Plan Rows": 545, "Plan Width": 33, "Plans": [{"Node Type": "Nested Loop", "Parent Relationship": "Outer", "Join Type": "Inner", "Startup Cost": 0.0, "Total Cost": 340526.13, "Plan Rows": 545, "Plan Width": 33, "Inner Unique": true, "Join Filter": "(mc.movie_id = t.id)", "Plans": [{"Node Type": "Streaming(type: LOCAL REDISTRIBUTE dop: 64/1)", "Parent Relationship": "Outer", "Startup Cost": 0.0, "Total Cost": 210825.84, "Plan Rows": 2609128, "Plan Width": 12, "Plans": [{"Node Type": "Seq Scan", "Parent Relationship": "Outer", "Relation Name": "movie_companies", "Alias": "mc", "Startup Cost": 0.0, "Total Cost": 41817.28, "Plan Rows": 2609128, "Plan Width": 12}]}, {"Node Type": "Materialize", "Parent Relationship": "Inner", "Startup Cost": 0.0, "Total Cost": 127235.13, "Plan Rows": 258, "Plan Width": 21, "Plans": [{"Node Type": "Streaming(type: LOCAL REDISTRIBUTE dop: 64/64)", "Parent Relationship": "Outer", "Startup Cost": 0.0, "Total Cost": 127235.11, "Plan Rows": 258, "Plan Width": 21, "Plans": [{"Node Type": "Seq Scan", "Parent Relationship": "Outer", "Relation Name": "title", "Alias": "t", "Startup Cost": 0.0, "Total Cost": 64234.87, "Plan Rows": 258, "Plan Width": 21, "Filter": "((production_year > 2000) AND (((title)::text ~~ 'Birdemic%'::text) OR ((title)::text ~~ '%Movie%'::text)))"}]}]}]}]}, {"Node Type": "Materialize", "Parent Relationship": "Inner", "Startup Cost": 0.0, "Total Cost": 1.05, "Plan Rows": 2, "Plan Width": 4, "Plans": [{"Node Type": "Seq Scan", "Parent Relationship": "Outer", "Relation Name": "company_type", "Alias": "ct", "Startup Cost": 0.0, "Total Cost": 1.04, "Plan Rows": 2, "Plan Width": 4, "Filter": "((kind IS NOT NULL) AND (((kind)::text = 'production companies'::text) OR ((kind)::text = 'distributors'::text)))"}]}]}]}, {"Node Type": "Sort", "Parent Relationship": "Inner", "Startup Cost": 12878.05, "Total Cost": 13090.97, "Plan Rows": 85170, "Plan Width": 4, "Sort Key": ["cn.id"], "Plans": [{"Node Type": "Seq Scan", "Parent Relationship": "Outer", "Relation Name": "company_name", "Alias": "cn", "Startup Cost": 0.0, "Total Cost": 5903.45, "Plan Rows": 85170, "Plan Width": 4, "Filter": "((country_code)::text = '[us]'::text)"}]}]}]}, {"Node Type": "Sort", "Parent Relationship": "Inner", "Startup Cost": 69261.47, "Total Cost": 70123.99, "Plan Rows": 345008, "Plan Width": 4, "Sort Key": ["mi_idx.movie_id"], "Plans": [{"Node Type": "Nested Loop", "Parent Relationship": "Outer", "Join Type": "Inner", "Startup Cost": 0.0, "Total Cost": 37527.17, "Plan Rows": 345008, "Plan Width": 4, "Inner Unique": false, "Join Filter": "(it2.id = mi_idx.info_type_id), (LLVM Optimized)", "Plans": [{"Node Type": "Seq Scan", "Parent Relationship": "Outer", "Relation Name": "info_type", "Alias": "it2", "Startup Cost": 0.0, "Total Cost": 2.4, "Plan Rows": 1, "Plan Width": 4, "Filter": "((info)::text = 'bottom 10 rank'::text)"}, {"Node Type": "Seq Scan", "Parent Relationship": "Inner", "Relation Name": "movie_info_idx", "Alias": "mi_idx", "Startup Cost": 0.0, "Total Cost": 20274.34, "Plan Rows": 1380034, "Plan Width": 8}]}]}]}]}]}]}]}]}]}, "Unique SQL Id": 1682224415}, "explain_analyze_plan": null}, "(64, 27)": {"explain_plan": {"Plan": {"Node Type": "Aggregate", "Strategy": "Plain", "Startup Cost": 7998688012676.87, "Total Cost": 7998688012676.88, "Plan Rows": 1, "Plan Width": 123, "Plans": [{"Node Type": "Nested Loop", "Parent Relationship": "Outer", "Join Type": "Inner", "Startup Cost": 80000000000.0, "Total Cost": 7998688012676.62, "Plan Rows": 48, "Plan Width": 59, "Inner Unique": false, "Join Filter": "(mi_idx.movie_id = t.id)", "Plans": [{"Node Type": "Nested Loop", "Parent Relationship": "Outer", "Join Type": "Inner", "Startup Cost": 20000000000.0, "Total Cost": 2000004672156.88, "Plan Rows": 345008, "Plan Width": 4, "Inner Unique": true, "Join Filter": "(it2.id = mi_idx.info_type_id), (LLVM Optimized)", "Plans": [{"Node Type": "Index Scan", "Parent Relationship": "Outer", "Scan Direction": "Forward", "Index Name": "movie_id_movie_info_idx", "Relation Name": "movie_info_idx", "Alias": "mi_idx", "Startup Cost": 10000000000.0, "Total Cost": 1000004650035.37, "Plan Rows": 1380034, "Plan Width": 8}, {"Node Type": "Materialize", "Parent Relationship": "Inner", "Startup Cost": 10000000000.0, "Total Cost": 1000000001421.0, "Plan Rows": 1, "Plan Width": 4, "Plans": [{"Node Type": "Index Scan", "Parent Relationship": "Outer", "Scan Direction": "Forward", "Index Name": "info_type_pkey", "Relation Name": "info_type", "Alias": "it2", "Startup Cost": 10000000000.0, "Total Cost": 1000000001421.0, "Plan Rows": 1, "Plan Width": 4, "Filter": "((info)::text = 'bottom 10 rank'::text)"}]}]}, {"Node Type": "Materialize", "Parent Relationship": "Inner", "Startup Cost": 60000000000.0, "Total Cost": 5998682688454.94, "Plan Rows": 126, "Plan Width": 71, "Plans": [{"Node Type": "Nested Loop", "Parent Relationship": "Outer", "Join Type": "Inner", "Startup Cost": 60000000000.0, "Total Cost": 5998682688454.31, "Plan Rows": 126, "Plan Width": 71, "Inner Unique": true, "Join Filter": "(mc.company_id = cn.id)", "Plans": [{"Node Type": "Nested Loop", "Parent Relationship": "Outer", "Join Type": "Inner", "Startup Cost": 50000000000.0, "Total Cost": 4998681311049.62, "Plan Rows": 256, "Plan Width": 75, "Inner Unique": true, "Join Filter": "(mi.info_type_id = it1.id)", "Plans": [{"Node Type": "Nested Loop", "Parent Relationship": "Outer", "Join Type": "Inner", "Startup Cost": 40000000000.0, "Total Cost": 3998681309583.78, "Plan Rows": 2989, "Plan Width": 79, "Inner Unique": true, "Join Filter": "(mc.company_type_id = ct.id)", "Plans": [{"Node Type": "Merge Join", "Parent Relationship": "Outer", "Join Type": "Inner", "Startup Cost": 30000000000.0, "Total Cost": 2998681308263.11, "Plan Rows": 2989, "Plan Width": 83, "Inner Unique": false, "Merge Cond": "(t.id = mc.movie_id)", "Plans": [{"Node Type": "Merge Join", "Parent Relationship": "Outer", "Join Type": "Inner", "Startup Cost": 20000000000.0, "Total Cost": 2000116762389.8, "Plan Rows": 1367, "Plan Width": 71, "Inner Unique": true, "Merge Cond": "(mi.movie_id = t.id)", "Plans": [{"Node Type": "Index Scan", "Parent Relationship": "Outer", "Scan Direction": "Forward", "Index Name": "movie_id_movie_info", "Relation Name": "movie_info", "Alias": "mi", "Startup Cost": 10000000000.0, "Total Cost": 1000103816912.22, "Plan Rows": 14869966, "Plan Width": 50}, {"Node Type": "Materialize", "Parent Relationship": "Inner", "Startup Cost": 10000000000.0, "Total Cost": 1000012908282.81, "Plan Rows": 258, "Plan Width": 21, "Plans": [{"Node Type": "Index Scan", "Parent Relationship": "Outer", "Scan Direction": "Forward", "Index Name": "title_pkey", "Relation Name": "title", "Alias": "t", "Startup Cost": 10000000000.0, "Total Cost": 1000012908282.16, "Plan Rows": 258, "Plan Width": 21, "Filter": "((production_year > 2000) AND (((title)::text ~~ 'Birdemic%'::text) OR ((title)::text ~~ '%Movie%'::text)))"}]}]}, {"Node Type": "Index Scan", "Parent Relationship": "Inner", "Scan Direction": "Forward", "Index Name": "movie_id_movie_companies", "Relation Name": "movie_companies", "Alias": "mc", "Startup Cost": 10000000000.0, "Total Cost": 1000013051946.13, "Plan Rows": 2609128, "Plan Width": 12}]}, {"Node Type": "Materialize", "Parent Relationship": "Inner", "Startup Cost": 10000000000.0, "Total Cost": 1000000001231.01, "Plan Rows": 2, "Plan Width": 4, "Plans": [{"Node Type": "Index Scan", "Parent Relationship": "Outer", "Scan Direction": "Forward", "Index Name": "company_type_pkey", "Relation Name": "company_type", "Alias": "ct", "Startup Cost": 10000000000.0, "Total Cost": 1000000001231.0, "Plan Rows": 2, "Plan Width": 4, "Filter": "((kind IS NOT NULL) AND (((kind)::text = 'production companies'::text) OR ((kind)::text = 'distributors'::text)))"}]}]}, {"Node Type": "Materialize", "Parent Relationship": "Inner", "Startup Cost": 10000000000.0, "Total Cost": 1000000001421.0, "Plan Rows": 1, "Plan Width": 4, "Plans": [{"Node Type": "Index Scan", "Parent Relationship": "Outer", "Scan Direction": "Forward", "Index Name": "info_type_pkey", "Relation Name": "info_type", "Alias": "it1", "Startup Cost": 10000000000.0, "Total Cost": 1000000001421.0, "Plan Rows": 1, "Plan Width": 4, "Filter": "((info)::text = 'budget'::text)"}]}]}, {"Node Type": "Materialize", "Parent Relationship": "Inner", "Startup Cost": 10000000000.0, "Total Cost": 1000001050564.82, "Plan Rows": 85170, "Plan Width": 4, "Plans": [{"Node Type": "Index Scan", "Parent Relationship": "Outer", "Scan Direction": "Forward", "Index Name": "company_name_pkey", "Relation Name": "company_name", "Alias": "cn", "Startup Cost": 10000000000.0, "Total Cost": 1000001050138.97, "Plan Rows": 85170, "Plan Width": 4, "Filter": "((country_code)::text = '[us]'::text)"}]}]}]}]}]}, "Unique SQL Id": 1682224415}, "explain_analyze_plan": null}, "(64, 28)": {"explain_plan": {"Plan": {"Node Type": "Aggregate", "Strategy": "Plain", "Startup Cost": 66641.75, "Total Cost": 66641.76, "Plan Rows": 1, "Plan Width": 123, "Plans": [{"Node Type": "Nested Loop", "Parent Relationship": "Outer", "Join Type": "Inner", "Startup Cost": 0.0, "Total Cost": 66641.73, "Plan Rows": 4, "Plan Width": 59, "Inner Unique": true, "Plans": [{"Node Type": "Nested Loop", "Parent Relationship": "Outer", "Join Type": "Inner", "Startup Cost": 0.0, "Total Cost": 66639.72, "Plan Rows": 7, "Plan Width": 63, "Inner Unique": true, "Join Filter": "(mc.company_type_id = ct.id)", "Plans": [{"Node Type": "Nested Loop", "Parent Relationship": "Outer", "Join Type": "Inner", "Startup Cost": 0.0, "Total Cost": 66638.31, "Plan Rows": 12, "Plan Width": 67, "Inner Unique": false, "Join Filter": "(mi.info_type_id = it1.id)", "Plans": [{"Node Type": "Seq Scan", "Parent Relationship": "Outer", "Relation Name": "info_type", "Alias": "it1", "Startup Cost": 0.0, "Total Cost": 2.4, "Plan Rows": 1, "Plan Width": 4, "Filter": "((info)::text = 'budget'::text)"}, {"Node Type": "Nested Loop", "Parent Relationship": "Inner", "Join Type": "Inner", "Startup Cost": 0.0, "Total Cost": 66621.88, "Plan Rows": 1122, "Plan Width": 71, "Inner Unique": false, "Join Filter": "(t.id = mi.movie_id)", "Plans": [{"Node Type": "Nested Loop", "Parent Relationship": "Outer", "Join Type": "Inner", "Startup Cost": 0.0, "Total Cost": 66469.22, "Plan Rows": 210, "Plan Width": 37, "Inner Unique": false, "Join Filter": "(t.id = mc.movie_id)", "Plans": [{"Node Type": "Nested Loop", "Parent Relationship": "Outer", "Join Type": "Inner", "Startup Cost": 0.0, "Total Cost": 66348.45, "Plan Rows": 311, "Plan Width": 25, "Inner Unique": false, "Join Filter": "(mi_idx.info_type_id = it2.id)", "Plans": [{"Node Type": "Seq Scan", "Parent Relationship": "Outer", "Relation Name": "info_type", "Alias": "it2", "Startup Cost": 0.0, "Total Cost": 2.4, "Plan Rows": 1, "Plan Width": 4, "Filter": "((info)::text = 'bottom 10 rank'::text)"}, {"Node Type": "Materialize", "Parent Relationship": "Inner", "Startup Cost": 0.0, "Total Cost": 66342.09, "Plan Rows": 396, "Plan Width": 29, "Plans": [{"Node Type": "Nested Loop", "Parent Relationship": "Outer", "Join Type": "Inner", "Startup Cost": 0.0, "Total Cost": 66341.1, "Plan Rows": 396, "Plan Width": 29, "Inner Unique": false, "Plans": [{"Node Type": "Streaming(type: LOCAL GATHER dop: 1/64)", "Parent Relationship": "Outer", "Startup Cost": 0.0, "Total Cost": 64240.19, "Plan Rows": 258, "Plan Width": 21, "Plans": [{"Node Type": "Seq Scan", "Parent Relationship": "Outer", "Relation Name": "title", "Alias": "t", "Startup Cost": 0.0, "Total Cost": 64234.87, "Plan Rows": 258, "Plan Width": 21, "Filter": "((production_year > 2000) AND (((title)::text ~~ 'Birdemic%'::text) OR ((title)::text ~~ '%Movie%'::text)))"}]}, {"Node Type": "Index Scan", "Parent Relationship": "Inner", "Scan Direction": "Forward", "Index Name": "movie_id_movie_info_idx", "Relation Name": "movie_info_idx", "Alias": "mi_idx", "Startup Cost": 0.0, "Total Cost": 8.12, "Plan Rows": 2, "Plan Width": 8, "Index Cond": "(movie_id = t.id)"}]}]}]}, {"Node Type": "Index Scan", "Parent Relationship": "Inner", "Scan Direction": "Forward", "Index Name": "movie_id_movie_companies", "Relation Name": "movie_companies", "Alias": "mc", "Startup Cost": 0.0, "Total Cost": 0.36, "Plan Rows": 2, "Plan Width": 12, "Index Cond": "(movie_id = mi_idx.movie_id)"}]}, {"Node Type": "Index Scan", "Parent Relationship": "Inner", "Scan Direction": "Forward", "Index Name": "movie_id_movie_info", "Relation Name": "movie_info", "Alias": "mi", "Startup Cost": 0.0, "Total Cost": 0.66, "Plan Rows": 5, "Plan Width": 50, "Index Cond": "(movie_id = mc.movie_id)"}]}]}, {"Node Type": "Materialize", "Parent Relationship": "Inner", "Startup Cost": 0.0, "Total Cost": 1.05, "Plan Rows": 2, "Plan Width": 4, "Plans": [{"Node Type": "Seq Scan", "Parent Relationship": "Outer", "Relation Name": "company_type", "Alias": "ct", "Startup Cost": 0.0, "Total Cost": 1.04, "Plan Rows": 2, "Plan Width": 4, "Filter": "((kind IS NOT NULL) AND (((kind)::text = 'production companies'::text) OR ((kind)::text = 'distributors'::text)))"}]}]}, {"Node Type": "Index Scan", "Parent Relationship": "Inner", "Scan Direction": "Forward", "Index Name": "company_name_pkey", "Relation Name": "company_name", "Alias": "cn", "Startup Cost": 0.0, "Total Cost": 0.28, "Plan Rows": 1, "Plan Width": 4, "Index Cond": "(id = mc.company_id)", "Filter": "((country_code)::text = '[us]'::text)"}]}]}, "Unique SQL Id": 1682224415}, "explain_analyze_plan": {"Plan": {"Node Type": "Aggregate", "Strategy": "Plain", "Startup Cost": 66641.75, "Total Cost": 66641.76, "Plan Rows": 1, "Plan Width": 123, "Actual Min Startup Time": 137.641, "Actual Max Startup Time": 137.641, "Actual Min Total Time": 137.642, "Actual Max Total Time": 137.642, "Actual Total Rows": 1, "Plans": [{"Node Type": "Nested Loop", "Parent Relationship": "Outer", "Join Type": "Inner", "Startup Cost": 0.0, "Total Cost": 66641.73, "Plan Rows": 4, "Plan Width": 59, "Actual Min Startup Time": 131.932, "Actual Max Startup Time": 131.932, "Actual Min Total Time": 137.616, "Actual Max Total Time": 137.616, "Actual Total Rows": 5, "Inner Unique": true, "Plans": [{"Node Type": "Nested Loop", "Parent Relationship": "Outer", "Join Type": "Inner", "Startup Cost": 0.0, "Total Cost": 66639.72, "Plan Rows": 7, "Plan Width": 63, "Actual Min Startup Time": 131.906, "Actual Max Startup Time": 131.906, "Actual Min Total Time": 137.553, "Actual Max Total Time": 137.553, "Actual Total Rows": 5, "Inner Unique": true, "Join Filter": "(mc.company_type_id = ct.id)", "Rows Removed by Join Filter": 28, "Plans": [{"Node Type": "Nested Loop", "Parent Relationship": "Outer", "Join Type": "Inner", "Startup Cost": 0.0, "Total Cost": 66638.31, "Plan Rows": 12, "Plan Width": 67, "Actual Min Startup Time": 131.653, "Actual Max Startup Time": 131.653, "Actual Min Total Time": 137.493, "Actual Max Total Time": 137.493, "Actual Total Rows": 33, "Inner Unique": false, "Join Filter": "(mi.info_type_id = it1.id)", "Rows Removed by Join Filter": 4926, "Plans": [{"Node Type": "Seq Scan", "Parent Relationship": "Outer", "Relation Name": "info_type", "Alias": "it1", "Startup Cost": 0.0, "Total Cost": 2.4, "Plan Rows": 1, "Plan Width": 4, "Actual Min Startup Time": 0.103, "Actual Max Startup Time": 0.103, "Actual Min Total Time": 0.12, "Actual Max Total Time": 0.12, "Actual Total Rows": 1, "Filter": "((info)::text = 'budget'::text)", "Rows Removed by Filter": 111}, {"Node Type": "Nested Loop", "Parent Relationship": "Inner", "Join Type": "Inner", "Startup Cost": 0.0, "Total Cost": 66621.88, "Plan Rows": 1122, "Plan Width": 71, "Actual Min Startup Time": 131.46, "Actual Max Startup Time": 131.46, "Actual Min Total Time": 136.384, "Actual Max Total Time": 136.384, "Actual Total Rows": 4959, "Inner Unique": false, "Join Filter": "(t.id = mi.movie_id)", "Rows Removed by Join Filter": 0, "Plans": [{"Node Type": "Nested Loop", "Parent Relationship": "Outer", "Join Type": "Inner", "Startup Cost": 0.0, "Total Cost": 66469.22, "Plan Rows": 210, "Plan Width": 37, "Actual Min Startup Time": 131.429, "Actual Max Startup Time": 131.429, "Actual Min Total Time": 132.288, "Actual Max Total Time": 132.288, "Actual Total Rows": 33, "Inner Unique": false, "Join Filter": "(t.id = mc.movie_id)", "Rows Removed by Join Filter": 0, "Plans": [{"Node Type": "Nested Loop", "Parent Relationship": "Outer", "Join Type": "Inner", "Startup Cost": 0.0, "Total Cost": 66348.45, "Plan Rows": 311, "Plan Width": 25, "Actual Min Startup Time": 131.398, "Actual Max Startup Time": 131.398, "Actual Min Total Time": 132.21, "Actual Max Total Time": 132.21, "Actual Total Rows": 2, "Inner Unique": false, "Join Filter": "(mi_idx.info_type_id = it2.id)", "Rows Removed by Join Filter": 2643, "Plans": [{"Node Type": "Seq Scan", "Parent Relationship": "Outer", "Relation Name": "info_type", "Alias": "it2", "Startup Cost": 0.0, "Total Cost": 2.4, "Plan Rows": 1, "Plan Width": 4, "Actual Min Startup Time": 0.078, "Actual Max Startup Time": 0.078, "Actual Min Total Time": 0.082, "Actual Max Total Time": 0.082, "Actual Total Rows": 1, "Filter": "((info)::text = 'bottom 10 rank'::text)", "Rows Removed by Filter": 111}, {"Node Type": "Materialize", "Parent Relationship": "Inner", "Startup Cost": 0.0, "Total Cost": 66342.09, "Plan Rows": 396, "Plan Width": 29, "Actual Min Startup Time": 131.201, "Actual Max Startup Time": 131.201, "Actual Min Total Time": 131.559, "Actual Max Total Time": 131.559, "Actual Total Rows": 2646, "Plans": [{"Node Type": "Nested Loop", "Parent Relationship": "Outer", "Join Type": "Inner", "Startup Cost": 0.0, "Total Cost": 66341.1, "Plan Rows": 396, "Plan Width": 29, "Actual Min Startup Time": 84.131, "Actual Max Startup Time": 84.131, "Actual Min Total Time": 130.261, "Actual Max Total Time": 130.261, "Actual Total Rows": 2645, "Inner Unique": false, "Plans": [{"Node Type": "Streaming(type: LOCAL GATHER dop: 1/64)", "Parent Relationship": "Outer", "Startup Cost": 0.0, "Total Cost": 64240.19, "Plan Rows": 258, "Plan Width": 21, "Actual Min Startup Time": 84.024, "Actual Max Startup Time": 84.024, "Actual Min Total Time": 115.079, "Actual Max Total Time": 115.079, "Actual Total Rows": 2536, "Plans": [{"Node Type": "Seq Scan", "Parent Relationship": "Outer", "Relation Name": "title", "Alias": "t", "Startup Cost": 0.0, "Total Cost": 64234.87, "Plan Rows": 258, "Plan Width": 21, "Actual Min Startup Time": 0.045, "Actual Max Startup Time": 7.269, "Actual Min Total Time": 19.453, "Actual Max Total Time": 31.146, "Actual Total Rows": 2536, "Filter": "((production_year > 2000) AND (((title)::text ~~ 'Birdemic%'::text) OR ((title)::text ~~ '%Movie%'::text)))", "Rows Removed by Filter": 2525775}]}, {"Node Type": "Index Scan", "Parent Relationship": "Inner", "Scan Direction": "Forward", "Index Name": "movie_id_movie_info_idx", "Relation Name": "movie_info_idx", "Alias": "mi_idx", "Startup Cost": 0.0, "Total Cost": 8.12, "Plan Rows": 2, "Plan Width": 8, "Actual Min Startup Time": 12.238, "Actual Max Startup Time": 12.238, "Actual Min Total Time": 13.25, "Actual Max Total Time": 13.25, "Actual Total Rows": 2645, "Index Cond": "(movie_id = t.id)", "Rows Removed by Index Recheck": 0}]}]}]}, {"Node Type": "Index Scan", "Parent Relationship": "Inner", "Scan Direction": "Forward", "Index Name": "movie_id_movie_companies", "Relation Name": "movie_companies", "Alias": "mc", "Startup Cost": 0.0, "Total Cost": 0.36, "Plan Rows": 2, "Plan Width": 12, "Actual Min Startup Time": 0.029, "Actual Max Startup Time": 0.029, "Actual Min Total Time": 0.047, "Actual Max Total Time": 0.047, "Actual Total Rows": 33, "Index Cond": "(movie_id = mi_idx.movie_id)", "Rows Removed by Index Recheck": 0}]}, {"Node Type": "Index Scan", "Parent Relationship": "Inner", "Scan Direction": "Forward", "Index Name": "movie_id_movie_info", "Relation Name": "movie_info", "Alias": "mi", "Startup Cost": 0.0, "Total Cost": 0.66, "Plan Rows": 5, "Plan Width": 50, "Actual Min Startup Time": 0.496, "Actual Max Startup Time": 0.496, "Actual Min Total Time": 2.488, "Actual Max Total Time": 2.488, "Actual Total Rows": 4959, "Index Cond": "(movie_id = mc.movie_id)", "Rows Removed by Index Recheck": 0}]}]}, {"Node Type": "Materialize", "Parent Relationship": "Inner", "Startup Cost": 0.0, "Total Cost": 1.05, "Plan Rows": 2, "Plan Width": 4, "Actual Min Startup Time": 0.026, "Actual Max Startup Time": 0.026, "Actual Min Total Time": 0.033, "Actual Max Total Time": 0.033, "Actual Total Rows": 33, "Plans": [{"Node Type": "Seq Scan", "Parent Relationship": "Outer", "Relation Name": "company_type", "Alias": "ct", "Startup Cost": 0.0, "Total Cost": 1.04, "Plan Rows": 2, "Plan Width": 4, "Actual Min Startup Time": 0.019, "Actual Max Startup Time": 0.019, "Actual Min Total Time": 0.025, "Actual Max Total Time": 0.025, "Actual Total Rows": 1, "Filter": "((kind IS NOT NULL) AND (((kind)::text = 'production companies'::text) OR ((kind)::text = 'distributors'::text)))", "Rows Removed by Filter": 2}]}]}, {"Node Type": "Index Scan", "Parent Relationship": "Inner", "Scan Direction": "Forward", "Index Name": "company_name_pkey", "Relation Name": "company_name", "Alias": "cn", "Startup Cost": 0.0, "Total Cost": 0.28, "Plan Rows": 1, "Plan Width": 4, "Actual Min Startup Time": 0.047, "Actual Max Startup Time": 0.047, "Actual Min Total Time": 0.047, "Actual Max Total Time": 0.047, "Actual Total Rows": 5, "Index Cond": "(id = mc.company_id)", "Rows Removed by Index Recheck": 0, "Filter": "((country_code)::text = '[us]'::text)", "Rows Removed by Filter": 0}]}]}, "Triggers": [], "Planner Runtime": 68.192, "Total Runtime": 152.234, "Unique SQL Id": 1682224415}}, "(64, 29)": {"explain_plan": {"Plan": {"Node Type": "Aggregate", "Strategy": "Plain", "Startup Cost": 131508.15, "Total Cost": 131508.16, "Plan Rows": 1, "Plan Width": 123, "Plans": [{"Node Type": "Nested Loop", "Parent Relationship": "Outer", "Join Type": "Inner", "Startup Cost": 0.0, "Total Cost": 131508.13, "Plan Rows": 4, "Plan Width": 59, "Inner Unique": true, "Plans": [{"Node Type": "Nested Loop", "Parent Relationship": "Outer", "Join Type": "Inner", "Startup Cost": 0.0, "Total Cost": 131506.99, "Plan Rows": 4, "Plan Width": 63, "Inner Unique": true, "Plans": [{"Node Type": "Nested Loop", "Parent Relationship": "Outer", "Join Type": "Inner", "Startup Cost": 0.0, "Total Cost": 131505.55, "Plan Rows": 5, "Plan Width": 67, "Inner Unique": false, "Join Filter": "(mi.info_type_id = it1.id)", "Plans": [{"Node Type": "Index Scan", "Parent Relationship": "Outer", "Scan Direction": "Forward", "Index Name": "info_type_pkey", "Relation Name": "info_type", "Alias": "it1", "Startup Cost": 0.0, "Total Cost": 14.21, "Plan Rows": 1, "Plan Width": 4, "Filter": "((info)::text = 'budget'::text)"}, {"Node Type": "Nested Loop", "Parent Relationship": "Inner", "Join Type": "Inner", "Startup Cost": 0.0, "Total Cost": 131477.32, "Plan Rows": 1122, "Plan Width": 71, "Inner Unique": false, "Join Filter": "(t.id = mi.movie_id)", "Plans": [{"Node Type": "Nested Loop", "Parent Relationship": "Outer", "Join Type": "Inner", "Startup Cost": 0.0, "Total Cost": 131324.66, "Plan Rows": 210, "Plan Width": 37, "Inner Unique": false, "Join Filter": "(t.id = mc.movie_id)", "Plans": [{"Node Type": "Nested Loop", "Parent Relationship": "Outer", "Join Type": "Inner", "Startup Cost": 0.0, "Total Cost": 131203.89, "Plan Rows": 311, "Plan Width": 25, "Inner Unique": true, "Join Filter": "(mi_idx.info_type_id = it2.id)", "Plans": [{"Node Type": "Nested Loop", "Parent Relationship": "Outer", "Join Type": "Inner", "Startup Cost": 0.0, "Total Cost": 131183.74, "Plan Rows": 396, "Plan Width": 29, "Inner Unique": false, "Plans": [{"Node Type": "Index Scan", "Parent Relationship": "Outer", "Scan Direction": "Forward", "Index Name": "title_pkey", "Relation Name": "title", "Alias": "t", "Startup Cost": 0.0, "Total Cost": 129082.82, "Plan Rows": 258, "Plan Width": 21, "Filter": "((production_year > 2000) AND (((title)::text ~~ 'Birdemic%'::text) OR ((title)::text ~~ '%Movie%'::text)))"}, {"Node Type": "Index Scan", "Parent Relationship": "Inner", "Scan Direction": "Forward", "Index Name": "movie_id_movie_info_idx", "Relation Name": "movie_info_idx", "Alias": "mi_idx", "Startup Cost": 0.0, "Total Cost": 8.12, "Plan Rows": 2, "Plan Width": 8, "Index Cond": "(movie_id = t.id)"}]}, {"Node Type": "Materialize", "Parent Relationship": "Inner", "Startup Cost": 0.0, "Total Cost": 14.22, "Plan Rows": 1, "Plan Width": 4, "Plans": [{"Node Type": "Index Scan", "Parent Relationship": "Outer", "Scan Direction": "Forward", "Index Name": "info_type_pkey", "Relation Name": "info_type", "Alias": "it2", "Startup Cost": 0.0, "Total Cost": 14.21, "Plan Rows": 1, "Plan Width": 4, "Filter": "((info)::text = 'bottom 10 rank'::text)"}]}]}, {"Node Type": "Index Scan", "Parent Relationship": "Inner", "Scan Direction": "Forward", "Index Name": "movie_id_movie_companies", "Relation Name": "movie_companies", "Alias": "mc", "Startup Cost": 0.0, "Total Cost": 0.36, "Plan Rows": 2, "Plan Width": 12, "Index Cond": "(movie_id = mi_idx.movie_id)"}]}, {"Node Type": "Index Scan", "Parent Relationship": "Inner", "Scan Direction": "Forward", "Index Name": "movie_id_movie_info", "Relation Name": "movie_info", "Alias": "mi", "Startup Cost": 0.0, "Total Cost": 0.66, "Plan Rows": 5, "Plan Width": 50, "Index Cond": "(movie_id = mc.movie_id)"}]}]}, {"Node Type": "Index Scan", "Parent Relationship": "Inner", "Scan Direction": "Forward", "Index Name": "company_name_pkey", "Relation Name": "company_name", "Alias": "cn", "Startup Cost": 0.0, "Total Cost": 0.28, "Plan Rows": 1, "Plan Width": 4, "Index Cond": "(id = mc.company_id)", "Filter": "((country_code)::text = '[us]'::text)"}]}, {"Node Type": "Index Scan", "Parent Relationship": "Inner", "Scan Direction": "Forward", "Index Name": "company_type_pkey", "Relation Name": "company_type", "Alias": "ct", "Startup Cost": 0.0, "Total Cost": 0.28, "Plan Rows": 1, "Plan Width": 4, "Index Cond": "(id = mc.company_type_id)", "Filter": "((kind IS NOT NULL) AND (((kind)::text = 'production companies'::text) OR ((kind)::text = 'distributors'::text)))"}]}]}, "Unique SQL Id": 1682224415}, "explain_analyze_plan": null}, "(64, 30)": {"explain_plan": {"Plan": {"Node Type": "Aggregate", "Strategy": "Plain", "Startup Cost": 637951.75, "Total Cost": 637951.78, "Plan Rows": 1, "Plan Width": 123, "Plans": [{"Node Type": "Streaming(type: LOCAL GATHER dop: 1/64)", "Parent Relationship": "Outer", "Startup Cost": 637951.75, "Total Cost": 637951.78, "Plan Rows": 1, "Plan Width": 123, "Plans": [{"Node Type": "Aggregate", "Strategy": "Plain", "Parent Relationship": "Outer", "Startup Cost": 637951.75, "Total Cost": 637951.76, "Plan Rows": 1, "Plan Width": 123, "Plans": [{"Node Type": "Nested Loop", "Parent Relationship": "Outer", "Join Type": "Inner", "Startup Cost": 423164.95, "Total Cost": 637951.73, "Plan Rows": 4, "Plan Width": 59, "Inner Unique": false, "Join Filter": "(mi.movie_id = t.id)", "Plans": [{"Node Type": "Nested Loop", "Parent Relationship": "Outer", "Join Type": "Inner", "Startup Cost": 0.0, "Total Cost": 133548.44, "Plan Rows": 212428, "Plan Width": 46, "Inner Unique": false, "Join Filter": "(it1.id = mi.info_type_id), (LLVM Optimized)", "Plans": [{"Node Type": "Streaming(type: BROADCAST dop: 64/1)", "Parent Relationship": "Outer", "Startup Cost": 0.0, "Total Cost": 63003.72, "Plan Rows": 64, "Plan Width": 4, "Plans": [{"Node Type": "Seq Scan", "Parent Relationship": "Outer", "Relation Name": "info_type", "Alias": "it1", "Startup Cost": 0.0, "Total Cost": 2.4, "Plan Rows": 1, "Plan Width": 4, "Filter": "((info)::text = 'budget'::text)"}]}, {"Node Type": "Seq Scan", "Parent Relationship": "Inner", "Relation Name": "movie_info", "Alias": "mi", "Startup Cost": 0.0, "Total Cost": 67640.43, "Plan Rows": 14869966, "Plan Width": 50}]}, {"Node Type": "Materialize", "Parent Relationship": "Inner", "Startup Cost": 423164.95, "Total Cost": 488322.63, "Plan Rows": 20672, "Plan Width": 29, "Plans": [{"Node Type": "Streaming(type: BROADCAST dop: 64/1)", "Parent Relationship": "Outer", "Startup Cost": 423164.95, "Total Cost": 488321.01, "Plan Rows": 20672, "Plan Width": 29, "Plans": [{"Node Type": "Merge Join", "Parent Relationship": "Outer", "Join Type": "Inner", "Startup Cost": 423164.95, "Total Cost": 424894.55, "Plan Rows": 323, "Plan Width": 29, "Inner Unique": false, "Merge Cond": "(t.id = mi_idx.movie_id)", "Plans": [{"Node Type": "Sort", "Parent Relationship": "Outer", "Startup Cost": 353903.48, "Total Cost": 353904.15, "Plan Rows": 268, "Plan Width": 25, "Sort Key": ["mc.movie_id"], "Plans": [{"Node Type": "Merge Join", "Parent Relationship": "Outer", "Join Type": "Inner", "Startup Cost": 353457.66, "Total Cost": 353892.67, "Plan Rows": 268, "Plan Width": 25, "Inner Unique": true, "Merge Cond": "(mc.company_id = cn.id)", "Plans": [{"Node Type": "Sort", "Parent Relationship": "Outer", "Startup Cost": 340579.55, "Total Cost": 340580.91, "Plan Rows": 545, "Plan Width": 29, "Sort Key": ["mc.company_id"], "Plans": [{"Node Type": "Nested Loop", "Parent Relationship": "Outer", "Join Type": "Inner", "Startup Cost": 0.0, "Total Cost": 340554.78, "Plan Rows": 545, "Plan Width": 29, "Inner Unique": true, "Join Filter": "(mc.company_type_id = ct.id)", "Plans": [{"Node Type": "Streaming(type: LOCAL GATHER dop: 1/64)", "Parent Relationship": "Outer", "Startup Cost": 0.0, "Total Cost": 340537.38, "Plan Rows": 545, "Plan Width": 33, "Plans": [{"Node Type": "Nested Loop", "Parent Relationship": "Outer", "Join Type": "Inner", "Startup Cost": 0.0, "Total Cost": 340526.13, "Plan Rows": 545, "Plan Width": 33, "Inner Unique": true, "Join Filter": "(mc.movie_id = t.id)", "Plans": [{"Node Type": "Streaming(type: LOCAL REDISTRIBUTE dop: 64/1)", "Parent Relationship": "Outer", "Startup Cost": 0.0, "Total Cost": 210825.84, "Plan Rows": 2609128, "Plan Width": 12, "Plans": [{"Node Type": "Seq Scan", "Parent Relationship": "Outer", "Relation Name": "movie_companies", "Alias": "mc", "Startup Cost": 0.0, "Total Cost": 41817.28, "Plan Rows": 2609128, "Plan Width": 12}]}, {"Node Type": "Materialize", "Parent Relationship": "Inner", "Startup Cost": 0.0, "Total Cost": 127235.13, "Plan Rows": 258, "Plan Width": 21, "Plans": [{"Node Type": "Streaming(type: LOCAL REDISTRIBUTE dop: 64/64)", "Parent Relationship": "Outer", "Startup Cost": 0.0, "Total Cost": 127235.11, "Plan Rows": 258, "Plan Width": 21, "Plans": [{"Node Type": "Seq Scan", "Parent Relationship": "Outer", "Relation Name": "title", "Alias": "t", "Startup Cost": 0.0, "Total Cost": 64234.87, "Plan Rows": 258, "Plan Width": 21, "Filter": "((production_year > 2000) AND (((title)::text ~~ 'Birdemic%'::text) OR ((title)::text ~~ '%Movie%'::text)))"}]}]}]}]}, {"Node Type": "Materialize", "Parent Relationship": "Inner", "Startup Cost": 0.0, "Total Cost": 1.05, "Plan Rows": 2, "Plan Width": 4, "Plans": [{"Node Type": "Seq Scan", "Parent Relationship": "Outer", "Relation Name": "company_type", "Alias": "ct", "Startup Cost": 0.0, "Total Cost": 1.04, "Plan Rows": 2, "Plan Width": 4, "Filter": "((kind IS NOT NULL) AND (((kind)::text = 'production companies'::text) OR ((kind)::text = 'distributors'::text)))"}]}]}]}, {"Node Type": "Sort", "Parent Relationship": "Inner", "Startup Cost": 12878.05, "Total Cost": 13090.97, "Plan Rows": 85170, "Plan Width": 4, "Sort Key": ["cn.id"], "Plans": [{"Node Type": "Seq Scan", "Parent Relationship": "Outer", "Relation Name": "company_name", "Alias": "cn", "Startup Cost": 0.0, "Total Cost": 5903.45, "Plan Rows": 85170, "Plan Width": 4, "Filter": "((country_code)::text = '[us]'::text)"}]}]}]}, {"Node Type": "Sort", "Parent Relationship": "Inner", "Startup Cost": 69261.47, "Total Cost": 70123.99, "Plan Rows": 345008, "Plan Width": 4, "Sort Key": ["mi_idx.movie_id"], "Plans": [{"Node Type": "Nested Loop", "Parent Relationship": "Outer", "Join Type": "Inner", "Startup Cost": 0.0, "Total Cost": 37527.17, "Plan Rows": 345008, "Plan Width": 4, "Inner Unique": false, "Join Filter": "(it2.id = mi_idx.info_type_id), (LLVM Optimized)", "Plans": [{"Node Type": "Seq Scan", "Parent Relationship": "Outer", "Relation Name": "info_type", "Alias": "it2", "Startup Cost": 0.0, "Total Cost": 2.4, "Plan Rows": 1, "Plan Width": 4, "Filter": "((info)::text = 'bottom 10 rank'::text)"}, {"Node Type": "Seq Scan", "Parent Relationship": "Inner", "Relation Name": "movie_info_idx", "Alias": "mi_idx", "Startup Cost": 0.0, "Total Cost": 20274.34, "Plan Rows": 1380034, "Plan Width": 8}]}]}]}]}]}]}]}]}]}, "Unique SQL Id": 1682224415}, "explain_analyze_plan": null}, "(64, 31)": {"explain_plan": {"Plan": {"Node Type": "Aggregate", "Strategy": "Plain", "Startup Cost": 7998688012676.87, "Total Cost": 7998688012676.88, "Plan Rows": 1, "Plan Width": 123, "Plans": [{"Node Type": "Nested Loop", "Parent Relationship": "Outer", "Join Type": "Inner", "Startup Cost": 80000000000.0, "Total Cost": 7998688012676.62, "Plan Rows": 48, "Plan Width": 59, "Inner Unique": false, "Join Filter": "(mi_idx.movie_id = t.id)", "Plans": [{"Node Type": "Nested Loop", "Parent Relationship": "Outer", "Join Type": "Inner", "Startup Cost": 20000000000.0, "Total Cost": 2000004672156.88, "Plan Rows": 345008, "Plan Width": 4, "Inner Unique": true, "Join Filter": "(it2.id = mi_idx.info_type_id), (LLVM Optimized)", "Plans": [{"Node Type": "Index Scan", "Parent Relationship": "Outer", "Scan Direction": "Forward", "Index Name": "movie_id_movie_info_idx", "Relation Name": "movie_info_idx", "Alias": "mi_idx", "Startup Cost": 10000000000.0, "Total Cost": 1000004650035.37, "Plan Rows": 1380034, "Plan Width": 8}, {"Node Type": "Materialize", "Parent Relationship": "Inner", "Startup Cost": 10000000000.0, "Total Cost": 1000000001421.0, "Plan Rows": 1, "Plan Width": 4, "Plans": [{"Node Type": "Index Scan", "Parent Relationship": "Outer", "Scan Direction": "Forward", "Index Name": "info_type_pkey", "Relation Name": "info_type", "Alias": "it2", "Startup Cost": 10000000000.0, "Total Cost": 1000000001421.0, "Plan Rows": 1, "Plan Width": 4, "Filter": "((info)::text = 'bottom 10 rank'::text)"}]}]}, {"Node Type": "Materialize", "Parent Relationship": "Inner", "Startup Cost": 60000000000.0, "Total Cost": 5998682688454.94, "Plan Rows": 126, "Plan Width": 71, "Plans": [{"Node Type": "Nested Loop", "Parent Relationship": "Outer", "Join Type": "Inner", "Startup Cost": 60000000000.0, "Total Cost": 5998682688454.31, "Plan Rows": 126, "Plan Width": 71, "Inner Unique": true, "Join Filter": "(mc.company_id = cn.id)", "Plans": [{"Node Type": "Nested Loop", "Parent Relationship": "Outer", "Join Type": "Inner", "Startup Cost": 50000000000.0, "Total Cost": 4998681311049.62, "Plan Rows": 256, "Plan Width": 75, "Inner Unique": true, "Join Filter": "(mi.info_type_id = it1.id)", "Plans": [{"Node Type": "Nested Loop", "Parent Relationship": "Outer", "Join Type": "Inner", "Startup Cost": 40000000000.0, "Total Cost": 3998681309583.78, "Plan Rows": 2989, "Plan Width": 79, "Inner Unique": true, "Join Filter": "(mc.company_type_id = ct.id)", "Plans": [{"Node Type": "Merge Join", "Parent Relationship": "Outer", "Join Type": "Inner", "Startup Cost": 30000000000.0, "Total Cost": 2998681308263.11, "Plan Rows": 2989, "Plan Width": 83, "Inner Unique": false, "Merge Cond": "(t.id = mc.movie_id)", "Plans": [{"Node Type": "Merge Join", "Parent Relationship": "Outer", "Join Type": "Inner", "Startup Cost": 20000000000.0, "Total Cost": 2000116762389.8, "Plan Rows": 1367, "Plan Width": 71, "Inner Unique": true, "Merge Cond": "(mi.movie_id = t.id)", "Plans": [{"Node Type": "Index Scan", "Parent Relationship": "Outer", "Scan Direction": "Forward", "Index Name": "movie_id_movie_info", "Relation Name": "movie_info", "Alias": "mi", "Startup Cost": 10000000000.0, "Total Cost": 1000103816912.22, "Plan Rows": 14869966, "Plan Width": 50}, {"Node Type": "Materialize", "Parent Relationship": "Inner", "Startup Cost": 10000000000.0, "Total Cost": 1000012908282.81, "Plan Rows": 258, "Plan Width": 21, "Plans": [{"Node Type": "Index Scan", "Parent Relationship": "Outer", "Scan Direction": "Forward", "Index Name": "title_pkey", "Relation Name": "title", "Alias": "t", "Startup Cost": 10000000000.0, "Total Cost": 1000012908282.16, "Plan Rows": 258, "Plan Width": 21, "Filter": "((production_year > 2000) AND (((title)::text ~~ 'Birdemic%'::text) OR ((title)::text ~~ '%Movie%'::text)))"}]}]}, {"Node Type": "Index Scan", "Parent Relationship": "Inner", "Scan Direction": "Forward", "Index Name": "movie_id_movie_companies", "Relation Name": "movie_companies", "Alias": "mc", "Startup Cost": 10000000000.0, "Total Cost": 1000013051946.13, "Plan Rows": 2609128, "Plan Width": 12}]}, {"Node Type": "Materialize", "Parent Relationship": "Inner", "Startup Cost": 10000000000.0, "Total Cost": 1000000001231.01, "Plan Rows": 2, "Plan Width": 4, "Plans": [{"Node Type": "Index Scan", "Parent Relationship": "Outer", "Scan Direction": "Forward", "Index Name": "company_type_pkey", "Relation Name": "company_type", "Alias": "ct", "Startup Cost": 10000000000.0, "Total Cost": 1000000001231.0, "Plan Rows": 2, "Plan Width": 4, "Filter": "((kind IS NOT NULL) AND (((kind)::text = 'production companies'::text) OR ((kind)::text = 'distributors'::text)))"}]}]}, {"Node Type": "Materialize", "Parent Relationship": "Inner", "Startup Cost": 10000000000.0, "Total Cost": 1000000001421.0, "Plan Rows": 1, "Plan Width": 4, "Plans": [{"Node Type": "Index Scan", "Parent Relationship": "Outer", "Scan Direction": "Forward", "Index Name": "info_type_pkey", "Relation Name": "info_type", "Alias": "it1", "Startup Cost": 10000000000.0, "Total Cost": 1000000001421.0, "Plan Rows": 1, "Plan Width": 4, "Filter": "((info)::text = 'budget'::text)"}]}]}, {"Node Type": "Materialize", "Parent Relationship": "Inner", "Startup Cost": 10000000000.0, "Total Cost": 1000001050564.82, "Plan Rows": 85170, "Plan Width": 4, "Plans": [{"Node Type": "Index Scan", "Parent Relationship": "Outer", "Scan Direction": "Forward", "Index Name": "company_name_pkey", "Relation Name": "company_name", "Alias": "cn", "Startup Cost": 10000000000.0, "Total Cost": 1000001050138.97, "Plan Rows": 85170, "Plan Width": 4, "Filter": "((country_code)::text = '[us]'::text)"}]}]}]}]}]}, "Unique SQL Id": 1682224415}, "explain_analyze_plan": null}, "(64, 32)": {"explain_plan": {"Plan": {"Node Type": "Aggregate", "Strategy": "Plain", "Startup Cost": 66648.03, "Total Cost": 66648.04, "Plan Rows": 1, "Plan Width": 123, "Plans": [{"Node Type": "Nested Loop", "Parent Relationship": "Outer", "Join Type": "Inner", "Startup Cost": 0.0, "Total Cost": 66648.01, "Plan Rows": 4, "Plan Width": 59, "Inner Unique": true, "Plans": [{"Node Type": "Nested Loop", "Parent Relationship": "Outer", "Join Type": "Inner", "Startup Cost": 0.0, "Total Cost": 66646.0, "Plan Rows": 7, "Plan Width": 63, "Inner Unique": true, "Join Filter": "(mc.company_type_id = ct.id)", "Plans": [{"Node Type": "Nested Loop", "Parent Relationship": "Outer", "Join Type": "Inner", "Startup Cost": 0.0, "Total Cost": 66643.42, "Plan Rows": 51, "Plan Width": 67, "Inner Unique": false, "Join Filter": "(mi.info_type_id = it1.id)", "Plans": [{"Node Type": "Seq Scan", "Parent Relationship": "Outer", "Relation Name": "info_type", "Alias": "it1", "Startup Cost": 0.0, "Total Cost": 2.4, "Plan Rows": 1, "Plan Width": 4, "Filter": "((info)::text = 'budget'::text)"}, {"Node Type": "Nested Loop", "Parent Relationship": "Inner", "Join Type": "Inner", "Startup Cost": 0.0, "Total Cost": 66621.88, "Plan Rows": 1531, "Plan Width": 71, "Inner Unique": false, "Join Filter": "(t.id = mi.movie_id)", "Plans": [{"Node Type": "Nested Loop", "Parent Relationship": "Outer", "Join Type": "Inner", "Startup Cost": 0.0, "Total Cost": 66469.22, "Plan Rows": 210, "Plan Width": 37, "Inner Unique": false, "Join Filter": "(t.id = mc.movie_id)", "Plans": [{"Node Type": "Nested Loop", "Parent Relationship": "Outer", "Join Type": "Inner", "Startup Cost": 0.0, "Total Cost": 66348.45, "Plan Rows": 311, "Plan Width": 25, "Inner Unique": false, "Join Filter": "(mi_idx.info_type_id = it2.id)", "Plans": [{"Node Type": "Seq Scan", "Parent Relationship": "Outer", "Relation Name": "info_type", "Alias": "it2", "Startup Cost": 0.0, "Total Cost": 2.4, "Plan Rows": 1, "Plan Width": 4, "Filter": "((info)::text = 'bottom 10 rank'::text)"}, {"Node Type": "Materialize", "Parent Relationship": "Inner", "Startup Cost": 0.0, "Total Cost": 66342.09, "Plan Rows": 396, "Plan Width": 29, "Plans": [{"Node Type": "Nested Loop", "Parent Relationship": "Outer", "Join Type": "Inner", "Startup Cost": 0.0, "Total Cost": 66341.1, "Plan Rows": 396, "Plan Width": 29, "Inner Unique": false, "Plans": [{"Node Type": "Streaming(type: LOCAL GATHER dop: 1/64)", "Parent Relationship": "Outer", "Startup Cost": 0.0, "Total Cost": 64240.19, "Plan Rows": 258, "Plan Width": 21, "Plans": [{"Node Type": "Seq Scan", "Parent Relationship": "Outer", "Relation Name": "title", "Alias": "t", "Startup Cost": 0.0, "Total Cost": 64234.87, "Plan Rows": 258, "Plan Width": 21, "Filter": "((production_year > 2000) AND (((title)::text ~~ 'Birdemic%'::text) OR ((title)::text ~~ '%Movie%'::text)))"}]}, {"Node Type": "Index Scan", "Parent Relationship": "Inner", "Scan Direction": "Forward", "Index Name": "movie_id_movie_info_idx", "Relation Name": "movie_info_idx", "Alias": "mi_idx", "Startup Cost": 0.0, "Total Cost": 8.12, "Plan Rows": 2, "Plan Width": 8, "Index Cond": "(movie_id = t.id)"}]}]}]}, {"Node Type": "Index Scan", "Parent Relationship": "Inner", "Scan Direction": "Forward", "Index Name": "movie_id_movie_companies", "Relation Name": "movie_companies", "Alias": "mc", "Startup Cost": 0.0, "Total Cost": 0.36, "Plan Rows": 2, "Plan Width": 12, "Index Cond": "(movie_id = mi_idx.movie_id)"}]}, {"Node Type": "Index Scan", "Parent Relationship": "Inner", "Scan Direction": "Forward", "Index Name": "movie_id_movie_info", "Relation Name": "movie_info", "Alias": "mi", "Startup Cost": 0.0, "Total Cost": 0.66, "Plan Rows": 5, "Plan Width": 50, "Index Cond": "(movie_id = mc.movie_id)"}]}]}, {"Node Type": "Materialize", "Parent Relationship": "Inner", "Startup Cost": 0.0, "Total Cost": 1.05, "Plan Rows": 2, "Plan Width": 4, "Plans": [{"Node Type": "Seq Scan", "Parent Relationship": "Outer", "Relation Name": "company_type", "Alias": "ct", "Startup Cost": 0.0, "Total Cost": 1.04, "Plan Rows": 2, "Plan Width": 4, "Filter": "((kind IS NOT NULL) AND (((kind)::text = 'production companies'::text) OR ((kind)::text = 'distributors'::text)))"}]}]}, {"Node Type": "Index Scan", "Parent Relationship": "Inner", "Scan Direction": "Forward", "Index Name": "company_name_pkey", "Relation Name": "company_name", "Alias": "cn", "Startup Cost": 0.0, "Total Cost": 0.28, "Plan Rows": 1, "Plan Width": 4, "Index Cond": "(id = mc.company_id)", "Filter": "((country_code)::text = '[us]'::text)"}]}]}, "Unique SQL Id": 1682224415}, "explain_analyze_plan": {"Plan": {"Node Type": "Aggregate", "Strategy": "Plain", "Startup Cost": 66648.03, "Total Cost": 66648.04, "Plan Rows": 1, "Plan Width": 123, "Actual Min Startup Time": 217.772, "Actual Max Startup Time": 217.772, "Actual Min Total Time": 217.772, "Actual Max Total Time": 217.772, "Actual Total Rows": 1, "Plans": [{"Node Type": "Nested Loop", "Parent Relationship": "Outer", "Join Type": "Inner", "Startup Cost": 0.0, "Total Cost": 66648.01, "Plan Rows": 4, "Plan Width": 59, "Actual Min Startup Time": 211.743, "Actual Max Startup Time": 211.743, "Actual Min Total Time": 217.672, "Actual Max Total Time": 217.672, "Actual Total Rows": 5, "Inner Unique": true, "Plans": [{"Node Type": "Nested Loop", "Parent Relationship": "Outer", "Join Type": "Inner", "Startup Cost": 0.0, "Total Cost": 66646.0, "Plan Rows": 7, "Plan Width": 63, "Actual Min Startup Time": 211.721, "Actual Max Startup Time": 211.721, "Actual Min Total Time": 217.591, "Actual Max Total Time": 217.591, "Actual Total Rows": 5, "Inner Unique": true, "Join Filter": "(mc.company_type_id = ct.id)", "Rows Removed by Join Filter": 28, "Plans": [{"Node Type": "Nested Loop", "Parent Relationship": "Outer", "Join Type": "Inner", "Startup Cost": 0.0, "Total Cost": 66643.42, "Plan Rows": 51, "Plan Width": 67, "Actual Min Startup Time": 211.472, "Actual Max Startup Time": 211.472, "Actual Min Total Time": 217.533, "Actual Max Total Time": 217.533, "Actual Total Rows": 33, "Inner Unique": false, "Join Filter": "(mi.info_type_id = it1.id)", "Rows Removed by Join Filter": 4926, "Plans": [{"Node Type": "Seq Scan", "Parent Relationship": "Outer", "Relation Name": "info_type", "Alias": "it1", "Startup Cost": 0.0, "Total Cost": 2.4, "Plan Rows": 1, "Plan Width": 4, "Actual Min Startup Time": 0.099, "Actual Max Startup Time": 0.099, "Actual Min Total Time": 0.107, "Actual Max Total Time": 0.107, "Actual Total Rows": 1, "Filter": "((info)::text = 'budget'::text)", "Rows Removed by Filter": 111}, {"Node Type": "Nested Loop", "Parent Relationship": "Inner", "Join Type": "Inner", "Startup Cost": 0.0, "Total Cost": 66621.88, "Plan Rows": 1531, "Plan Width": 71, "Actual Min Startup Time": 211.287, "Actual Max Startup Time": 211.287, "Actual Min Total Time": 216.404, "Actual Max Total Time": 216.404, "Actual Total Rows": 4959, "Inner Unique": false, "Join Filter": "(t.id = mi.movie_id)", "Rows Removed by Join Filter": 0, "Plans": [{"Node Type": "Nested Loop", "Parent Relationship": "Outer", "Join Type": "Inner", "Startup Cost": 0.0, "Total Cost": 66469.22, "Plan Rows": 210, "Plan Width": 37, "Actual Min Startup Time": 211.262, "Actual Max Startup Time": 211.262, "Actual Min Total Time": 212.181, "Actual Max Total Time": 212.181, "Actual Total Rows": 33, "Inner Unique": false, "Join Filter": "(t.id = mc.movie_id)", "Rows Removed by Join Filter": 0, "Plans": [{"Node Type": "Nested Loop", "Parent Relationship": "Outer", "Join Type": "Inner", "Startup Cost": 0.0, "Total Cost": 66348.45, "Plan Rows": 311, "Plan Width": 25, "Actual Min Startup Time": 211.236, "Actual Max Startup Time": 211.236, "Actual Min Total Time": 212.099, "Actual Max Total Time": 212.099, "Actual Total Rows": 2, "Inner Unique": false, "Join Filter": "(mi_idx.info_type_id = it2.id)", "Rows Removed by Join Filter": 2643, "Plans": [{"Node Type": "Seq Scan", "Parent Relationship": "Outer", "Relation Name": "info_type", "Alias": "it2", "Startup Cost": 0.0, "Total Cost": 2.4, "Plan Rows": 1, "Plan Width": 4, "Actual Min Startup Time": 0.088, "Actual Max Startup Time": 0.088, "Actual Min Total Time": 0.094, "Actual Max Total Time": 0.094, "Actual Total Rows": 1, "Filter": "((info)::text = 'bottom 10 rank'::text)", "Rows Removed by Filter": 111}, {"Node Type": "Materialize", "Parent Relationship": "Inner", "Startup Cost": 0.0, "Total Cost": 66342.09, "Plan Rows": 396, "Plan Width": 29, "Actual Min Startup Time": 211.127, "Actual Max Startup Time": 211.127, "Actual Min Total Time": 211.418, "Actual Max Total Time": 211.418, "Actual Total Rows": 2646, "Plans": [{"Node Type": "Nested Loop", "Parent Relationship": "Outer", "Join Type": "Inner", "Startup Cost": 0.0, "Total Cost": 66341.1, "Plan Rows": 396, "Plan Width": 29, "Actual Min Startup Time": 98.187, "Actual Max Startup Time": 98.187, "Actual Min Total Time": 210.25, "Actual Max Total Time": 210.25, "Actual Total Rows": 2645, "Inner Unique": false, "Plans": [{"Node Type": "Streaming(type: LOCAL GATHER dop: 1/64)", "Parent Relationship": "Outer", "Startup Cost": 0.0, "Total Cost": 64240.19, "Plan Rows": 258, "Plan Width": 21, "Actual Min Startup Time": 98.092, "Actual Max Startup Time": 98.092, "Actual Min Total Time": 195.165, "Actual Max Total Time": 195.165, "Actual Total Rows": 2536, "Plans": [{"Node Type": "Seq Scan", "Parent Relationship": "Outer", "Relation Name": "title", "Alias": "t", "Startup Cost": 0.0, "Total Cost": 64234.87, "Plan Rows": 258, "Plan Width": 21, "Actual Min Startup Time": 0.035, "Actual Max Startup Time": 7.299, "Actual Min Total Time": 19.422, "Actual Max Total Time": 35.945, "Actual Total Rows": 2536, "Filter": "((production_year > 2000) AND (((title)::text ~~ 'Birdemic%'::text) OR ((title)::text ~~ '%Movie%'::text)))", "Rows Removed by Filter": 2525775}]}, {"Node Type": "Index Scan", "Parent Relationship": "Inner", "Scan Direction": "Forward", "Index Name": "movie_id_movie_info_idx", "Relation Name": "movie_info_idx", "Alias": "mi_idx", "Startup Cost": 0.0, "Total Cost": 8.12, "Plan Rows": 2, "Plan Width": 8, "Actual Min Startup Time": 12.235, "Actual Max Startup Time": 12.235, "Actual Min Total Time": 13.216, "Actual Max Total Time": 13.216, "Actual Total Rows": 2645, "Index Cond": "(movie_id = t.id)", "Rows Removed by Index Recheck": 0}]}]}]}, {"Node Type": "Index Scan", "Parent Relationship": "Inner", "Scan Direction": "Forward", "Index Name": "movie_id_movie_companies", "Relation Name": "movie_companies", "Alias": "mc", "Startup Cost": 0.0, "Total Cost": 0.36, "Plan Rows": 2, "Plan Width": 12, "Actual Min Startup Time": 0.032, "Actual Max Startup Time": 0.032, "Actual Min Total Time": 0.052, "Actual Max Total Time": 0.052, "Actual Total Rows": 33, "Index Cond": "(movie_id = mi_idx.movie_id)", "Rows Removed by Index Recheck": 0}]}, {"Node Type": "Index Scan", "Parent Relationship": "Inner", "Scan Direction": "Forward", "Index Name": "movie_id_movie_info", "Relation Name": "movie_info", "Alias": "mi", "Startup Cost": 0.0, "Total Cost": 0.66, "Plan Rows": 5, "Plan Width": 50, "Actual Min Startup Time": 0.521, "Actual Max Startup Time": 0.521, "Actual Min Total Time": 2.643, "Actual Max Total Time": 2.643, "Actual Total Rows": 4959, "Index Cond": "(movie_id = mc.movie_id)", "Rows Removed by Index Recheck": 0}]}]}, {"Node Type": "Materialize", "Parent Relationship": "Inner", "Startup Cost": 0.0, "Total Cost": 1.05, "Plan Rows": 2, "Plan Width": 4, "Actual Min Startup Time": 0.017, "Actual Max Startup Time": 0.017, "Actual Min Total Time": 0.026, "Actual Max Total Time": 0.026, "Actual Total Rows": 33, "Plans": [{"Node Type": "Seq Scan", "Parent Relationship": "Outer", "Relation Name": "company_type", "Alias": "ct", "Startup Cost": 0.0, "Total Cost": 1.04, "Plan Rows": 2, "Plan Width": 4, "Actual Min Startup Time": 0.01, "Actual Max Startup Time": 0.01, "Actual Min Total Time": 0.014, "Actual Max Total Time": 0.014, "Actual Total Rows": 1, "Filter": "((kind IS NOT NULL) AND (((kind)::text = 'production companies'::text) OR ((kind)::text = 'distributors'::text)))", "Rows Removed by Filter": 2}]}]}, {"Node Type": "Index Scan", "Parent Relationship": "Inner", "Scan Direction": "Forward", "Index Name": "company_name_pkey", "Relation Name": "company_name", "Alias": "cn", "Startup Cost": 0.0, "Total Cost": 0.28, "Plan Rows": 1, "Plan Width": 4, "Actual Min Startup Time": 0.069, "Actual Max Startup Time": 0.069, "Actual Min Total Time": 0.069, "Actual Max Total Time": 0.069, "Actual Total Rows": 5, "Index Cond": "(id = mc.company_id)", "Rows Removed by Index Recheck": 0, "Filter": "((country_code)::text = '[us]'::text)", "Rows Removed by Filter": 0}]}]}, "Triggers": [], "Planner Runtime": 196.957, "Total Runtime": 230.445, "Unique SQL Id": 1682224415}}, "(64, 33)": {"explain_plan": {"Plan": {"Node Type": "Aggregate", "Strategy": "Plain", "Startup Cost": 131534.14, "Total Cost": 131534.15, "Plan Rows": 1, "Plan Width": 123, "Plans": [{"Node Type": "Nested Loop", "Parent Relationship": "Outer", "Join Type": "Inner", "Startup Cost": 0.0, "Total Cost": 131533.9, "Plan Rows": 48, "Plan Width": 59, "Inner Unique": true, "Plans": [{"Node Type": "Nested Loop", "Parent Relationship": "Outer", "Join Type": "Inner", "Startup Cost": 0.0, "Total Cost": 131520.22, "Plan Rows": 48, "Plan Width": 63, "Inner Unique": true, "Plans": [{"Node Type": "Nested Loop", "Parent Relationship": "Outer", "Join Type": "Inner", "Startup Cost": 0.0, "Total Cost": 131505.55, "Plan Rows": 51, "Plan Width": 67, "Inner Unique": false, "Join Filter": "(mi.info_type_id = it1.id)", "Plans": [{"Node Type": "Index Scan", "Parent Relationship": "Outer", "Scan Direction": "Forward", "Index Name": "info_type_pkey", "Relation Name": "info_type", "Alias": "it1", "Startup Cost": 0.0, "Total Cost": 14.21, "Plan Rows": 1, "Plan Width": 4, "Filter": "((info)::text = 'budget'::text)"}, {"Node Type": "Nested Loop", "Parent Relationship": "Inner", "Join Type": "Inner", "Startup Cost": 0.0, "Total Cost": 131477.32, "Plan Rows": 1122, "Plan Width": 71, "Inner Unique": false, "Join Filter": "(t.id = mi.movie_id)", "Plans": [{"Node Type": "Nested Loop", "Parent Relationship": "Outer", "Join Type": "Inner", "Startup Cost": 0.0, "Total Cost": 131324.66, "Plan Rows": 210, "Plan Width": 37, "Inner Unique": false, "Join Filter": "(t.id = mc.movie_id)", "Plans": [{"Node Type": "Nested Loop", "Parent Relationship": "Outer", "Join Type": "Inner", "Startup Cost": 0.0, "Total Cost": 131203.89, "Plan Rows": 311, "Plan Width": 25, "Inner Unique": true, "Join Filter": "(mi_idx.info_type_id = it2.id)", "Plans": [{"Node Type": "Nested Loop", "Parent Relationship": "Outer", "Join Type": "Inner", "Startup Cost": 0.0, "Total Cost": 131183.74, "Plan Rows": 396, "Plan Width": 29, "Inner Unique": false, "Plans": [{"Node Type": "Index Scan", "Parent Relationship": "Outer", "Scan Direction": "Forward", "Index Name": "title_pkey", "Relation Name": "title", "Alias": "t", "Startup Cost": 0.0, "Total Cost": 129082.82, "Plan Rows": 258, "Plan Width": 21, "Filter": "((production_year > 2000) AND (((title)::text ~~ 'Birdemic%'::text) OR ((title)::text ~~ '%Movie%'::text)))"}, {"Node Type": "Index Scan", "Parent Relationship": "Inner", "Scan Direction": "Forward", "Index Name": "movie_id_movie_info_idx", "Relation Name": "movie_info_idx", "Alias": "mi_idx", "Startup Cost": 0.0, "Total Cost": 8.12, "Plan Rows": 2, "Plan Width": 8, "Index Cond": "(movie_id = t.id)"}]}, {"Node Type": "Materialize", "Parent Relationship": "Inner", "Startup Cost": 0.0, "Total Cost": 14.22, "Plan Rows": 1, "Plan Width": 4, "Plans": [{"Node Type": "Index Scan", "Parent Relationship": "Outer", "Scan Direction": "Forward", "Index Name": "info_type_pkey", "Relation Name": "info_type", "Alias": "it2", "Startup Cost": 0.0, "Total Cost": 14.21, "Plan Rows": 1, "Plan Width": 4, "Filter": "((info)::text = 'bottom 10 rank'::text)"}]}]}, {"Node Type": "Index Scan", "Parent Relationship": "Inner", "Scan Direction": "Forward", "Index Name": "movie_id_movie_companies", "Relation Name": "movie_companies", "Alias": "mc", "Startup Cost": 0.0, "Total Cost": 0.36, "Plan Rows": 2, "Plan Width": 12, "Index Cond": "(movie_id = mi_idx.movie_id)"}]}, {"Node Type": "Index Scan", "Parent Relationship": "Inner", "Scan Direction": "Forward", "Index Name": "movie_id_movie_info", "Relation Name": "movie_info", "Alias": "mi", "Startup Cost": 0.0, "Total Cost": 0.66, "Plan Rows": 5, "Plan Width": 50, "Index Cond": "(movie_id = mc.movie_id)"}]}]}, {"Node Type": "Index Scan", "Parent Relationship": "Inner", "Scan Direction": "Forward", "Index Name": "company_name_pkey", "Relation Name": "company_name", "Alias": "cn", "Startup Cost": 0.0, "Total Cost": 0.28, "Plan Rows": 1, "Plan Width": 4, "Index Cond": "(id = mc.company_id)", "Filter": "((country_code)::text = '[us]'::text)"}]}, {"Node Type": "Index Scan", "Parent Relationship": "Inner", "Scan Direction": "Forward", "Index Name": "company_type_pkey", "Relation Name": "company_type", "Alias": "ct", "Startup Cost": 0.0, "Total Cost": 0.28, "Plan Rows": 1, "Plan Width": 4, "Index Cond": "(id = mc.company_type_id)", "Filter": "((kind IS NOT NULL) AND (((kind)::text = 'production companies'::text) OR ((kind)::text = 'distributors'::text)))"}]}]}, "Unique SQL Id": 1682224415}, "explain_analyze_plan": null}, "(64, 34)": {"explain_plan": {"Plan": {"Node Type": "Aggregate", "Strategy": "Plain", "Startup Cost": 68925.2, "Total Cost": 68925.21, "Plan Rows": 1, "Plan Width": 123, "Plans": [{"Node Type": "Nested Loop", "Parent Relationship": "Outer", "Join Type": "Inner", "Startup Cost": 5.15, "Total Cost": 68925.13, "Plan Rows": 14, "Plan Width": 59, "Inner Unique": true, "Plans": [{"Node Type": "Nested Loop", "Parent Relationship": "Outer", "Join Type": "Inner", "Startup Cost": 4.89, "Total Cost": 68856.6, "Plan Rows": 16, "Plan Width": 63, "Inner Unique": true, "Join Filter": "(mc.company_type_id = ct.id)", "Plans": [{"Node Type": "Nested Loop", "Parent Relationship": "Outer", "Join Type": "Inner", "Startup Cost": 4.89, "Total Cost": 68854.02, "Plan Rows": 51, "Plan Width": 67, "Inner Unique": false, "Join Filter": "(t.id = mc.movie_id)", "Plans": [{"Node Type": "Nested Loop", "Parent Relationship": "Outer", "Join Type": "Inner", "Startup Cost": 4.63, "Total Cost": 68819.48, "Plan Rows": 8, "Plan Width": 71, "Inner Unique": false, "Join Filter": "(mi.info_type_id = it1.id)", "Plans": [{"Node Type": "Seq Scan", "Parent Relationship": "Outer", "Relation Name": "info_type", "Alias": "it1", "Startup Cost": 0.0, "Total Cost": 2.4, "Plan Rows": 1, "Plan Width": 4, "Filter": "((info)::text = 'budget'::text)"}, {"Node Type": "Nested Loop", "Parent Relationship": "Inner", "Join Type": "Inner", "Startup Cost": 4.63, "Total Cost": 68796.34, "Plan Rows": 1659, "Plan Width": 75, "Inner Unique": false, "Join Filter": "(t.id = mi.movie_id)", "Plans": [{"Node Type": "Nested Loop", "Parent Relationship": "Outer", "Join Type": "Inner", "Startup Cost": 4.17, "Total Cost": 67372.44, "Plan Rows": 311, "Plan Width": 25, "Inner Unique": false, "Join Filter": "(mi_idx.info_type_id = it2.id)", "Plans": [{"Node Type": "Seq Scan", "Parent Relationship": "Outer", "Relation Name": "info_type", "Alias": "it2", "Startup Cost": 0.0, "Total Cost": 2.4, "Plan Rows": 1, "Plan Width": 4, "Filter": "((info)::text = 'bottom 10 rank'::text)"}, {"Node Type": "Materialize", "Parent Relationship": "Inner", "Startup Cost": 4.17, "Total Cost": 67366.08, "Plan Rows": 396, "Plan Width": 29, "Plans": [{"Node Type": "Nested Loop", "Parent Relationship": "Outer", "Join Type": "Inner", "Startup Cost": 4.17, "Total Cost": 67365.09, "Plan Rows": 396, "Plan Width": 29, "Inner Unique": false, "Plans": [{"Node Type": "Streaming(type: LOCAL GATHER dop: 1/64)", "Parent Relationship": "Outer", "Startup Cost": 0.0, "Total Cost": 64240.19, "Plan Rows": 258, "Plan Width": 21, "Plans": [{"Node Type": "Seq Scan", "Parent Relationship": "Outer", "Relation Name": "title", "Alias": "t", "Startup Cost": 0.0, "Total Cost": 64234.87, "Plan Rows": 258, "Plan Width": 21, "Filter": "((production_year > 2000) AND (((title)::text ~~ 'Birdemic%'::text) OR ((title)::text ~~ '%Movie%'::text)))"}]}, {"Node Type": "Bitmap Heap Scan", "Parent Relationship": "Inner", "Relation Name": "movie_info_idx", "Alias": "mi_idx", "Startup Cost": 4.17, "Total Cost": 12.09, "Plan Rows": 2, "Plan Width": 8, "Recheck Cond": "(movie_id = t.id)", "Plans": [{"Node Type": "Bitmap Index Scan", "Parent Relationship": "Outer", "Index Name": "movie_id_movie_info_idx", "Startup Cost": 0.0, "Total Cost": 4.17, "Plan Rows": 2, "Plan Width": 0, "Index Cond": "(movie_id = t.id)"}]}]}]}]}, {"Node Type": "Bitmap Heap Scan", "Parent Relationship": "Inner", "Relation Name": "movie_info", "Alias": "mi", "Startup Cost": 0.45, "Total Cost": 4.52, "Plan Rows": 5, "Plan Width": 50, "Recheck Cond": "(movie_id = mi_idx.movie_id)", "Plans": [{"Node Type": "Bitmap Index Scan", "Parent Relationship": "Outer", "Index Name": "movie_id_movie_info", "Startup Cost": 0.0, "Total Cost": 0.45, "Plan Rows": 5, "Plan Width": 0, "Index Cond": "(movie_id = mi_idx.movie_id)"}]}]}]}, {"Node Type": "Bitmap Heap Scan", "Parent Relationship": "Inner", "Relation Name": "movie_companies", "Alias": "mc", "Startup Cost": 0.27, "Total Cost": 4.29, "Plan Rows": 2, "Plan Width": 12, "Recheck Cond": "(movie_id = mi.movie_id)", "Plans": [{"Node Type": "Bitmap Index Scan", "Parent Relationship": "Outer", "Index Name": "movie_id_movie_companies", "Startup Cost": 0.0, "Total Cost": 0.27, "Plan Rows": 2, "Plan Width": 0, "Index Cond": "(movie_id = mi.movie_id)"}]}]}, {"Node Type": "Materialize", "Parent Relationship": "Inner", "Startup Cost": 0.0, "Total Cost": 1.05, "Plan Rows": 2, "Plan Width": 4, "Plans": [{"Node Type": "Seq Scan", "Parent Relationship": "Outer", "Relation Name": "company_type", "Alias": "ct", "Startup Cost": 0.0, "Total Cost": 1.04, "Plan Rows": 2, "Plan Width": 4, "Filter": "((kind IS NOT NULL) AND (((kind)::text = 'production companies'::text) OR ((kind)::text = 'distributors'::text)))"}]}]}, {"Node Type": "Bitmap Heap Scan", "Parent Relationship": "Inner", "Relation Name": "company_name", "Alias": "cn", "Startup Cost": 0.26, "Total Cost": 4.27, "Plan Rows": 1, "Plan Width": 4, "Recheck Cond": "(id = mc.company_id)", "Filter": "((country_code)::text = '[us]'::text)", "Plans": [{"Node Type": "Bitmap Index Scan", "Parent Relationship": "Outer", "Index Name": "company_name_pkey", "Startup Cost": 0.0, "Total Cost": 0.26, "Plan Rows": 1, "Plan Width": 0, "Index Cond": "(id = mc.company_id)"}]}]}]}, "Unique SQL Id": 1682224415}, "explain_analyze_plan": {"Plan": {"Node Type": "Aggregate", "Strategy": "Plain", "Startup Cost": 68925.2, "Total Cost": 68925.21, "Plan Rows": 1, "Plan Width": 123, "Actual Min Startup Time": 144.396, "Actual Max Startup Time": 144.396, "Actual Min Total Time": 144.396, "Actual Max Total Time": 144.396, "Actual Total Rows": 1, "Plans": [{"Node Type": "Nested Loop", "Parent Relationship": "Outer", "Join Type": "Inner", "Startup Cost": 5.15, "Total Cost": 68925.13, "Plan Rows": 14, "Plan Width": 59, "Actual Min Startup Time": 143.362, "Actual Max Startup Time": 143.362, "Actual Min Total Time": 144.362, "Actual Max Total Time": 144.362, "Actual Total Rows": 5, "Inner Unique": true, "Plans": [{"Node Type": "Nested Loop", "Parent Relationship": "Outer", "Join Type": "Inner", "Startup Cost": 4.89, "Total Cost": 68856.6, "Plan Rows": 16, "Plan Width": 63, "Actual Min Startup Time": 143.327, "Actual Max Startup Time": 143.327, "Actual Min Total Time": 144.282, "Actual Max Total Time": 144.282, "Actual Total Rows": 5, "Inner Unique": true, "Join Filter": "(mc.company_type_id = ct.id)", "Rows Removed by Join Filter": 28, "Plans": [{"Node Type": "Nested Loop", "Parent Relationship": "Outer", "Join Type": "Inner", "Startup Cost": 4.89, "Total Cost": 68854.02, "Plan Rows": 51, "Plan Width": 67, "Actual Min Startup Time": 143.287, "Actual Max Startup Time": 143.287, "Actual Min Total Time": 144.233, "Actual Max Total Time": 144.233, "Actual Total Rows": 33, "Inner Unique": false, "Join Filter": "(t.id = mc.movie_id)", "Rows Removed by Join Filter": 0, "Plans": [{"Node Type": "Nested Loop", "Parent Relationship": "Outer", "Join Type": "Inner", "Startup Cost": 4.63, "Total Cost": 68819.48, "Plan Rows": 8, "Plan Width": 71, "Actual Min Startup Time": 143.243, "Actual Max Startup Time": 143.243, "Actual Min Total Time": 144.124, "Actual Max Total Time": 144.124, "Actual Total Rows": 2, "Inner Unique": false, "Join Filter": "(mi.info_type_id = it1.id)", "Rows Removed by Join Filter": 219, "Plans": [{"Node Type": "Seq Scan", "Parent Relationship": "Outer", "Relation Name": "info_type", "Alias": "it1", "Startup Cost": 0.0, "Total Cost": 2.4, "Plan Rows": 1, "Plan Width": 4, "Actual Min Startup Time": 0.135, "Actual Max Startup Time": 0.135, "Actual Min Total Time": 0.145, "Actual Max Total Time": 0.145, "Actual Total Rows": 1, "Filter": "((info)::text = 'budget'::text)", "Rows Removed by Filter": 111}, {"Node Type": "Nested Loop", "Parent Relationship": "Inner", "Join Type": "Inner", "Startup Cost": 4.63, "Total Cost": 68796.34, "Plan Rows": 1659, "Plan Width": 75, "Actual Min Startup Time": 143.013, "Actual Max Startup Time": 143.013, "Actual Min Total Time": 143.859, "Actual Max Total Time": 143.859, "Actual Total Rows": 221, "Inner Unique": false, "Join Filter": "(t.id = mi.movie_id)", "Rows Removed by Join Filter": 0, "Plans": [{"Node Type": "Nested Loop", "Parent Relationship": "Outer", "Join Type": "Inner", "Startup Cost": 4.17, "Total Cost": 67372.44, "Plan Rows": 311, "Plan Width": 25, "Actual Min Startup Time": 142.962, "Actual Max Startup Time": 142.962, "Actual Min Total Time": 143.521, "Actual Max Total Time": 143.521, "Actual Total Rows": 2, "Inner Unique": false, "Join Filter": "(mi_idx.info_type_id = it2.id)", "Rows Removed by Join Filter": 2643, "Plans": [{"Node Type": "Seq Scan", "Parent Relationship": "Outer", "Relation Name": "info_type", "Alias": "it2", "Startup Cost": 0.0, "Total Cost": 2.4, "Plan Rows": 1, "Plan Width": 4, "Actual Min Startup Time": 0.082, "Actual Max Startup Time": 0.082, "Actual Min Total Time": 0.085, "Actual Max Total Time": 0.085, "Actual Total Rows": 1, "Filter": "((info)::text = 'bottom 10 rank'::text)", "Rows Removed by Filter": 111}, {"Node Type": "Materialize", "Parent Relationship": "Inner", "Startup Cost": 4.17, "Total Cost": 67366.08, "Plan Rows": 396, "Plan Width": 29, "Actual Min Startup Time": 142.459, "Actual Max Startup Time": 142.459, "Actual Min Total Time": 142.862, "Actual Max Total Time": 142.862, "Actual Total Rows": 2646, "Plans": [{"Node Type": "Nested Loop", "Parent Relationship": "Outer", "Join Type": "Inner", "Startup Cost": 4.17, "Total Cost": 67365.09, "Plan Rows": 396, "Plan Width": 29, "Actual Min Startup Time": 24.365, "Actual Max Startup Time": 24.365, "Actual Min Total Time": 140.634, "Actual Max Total Time": 140.634, "Actual Total Rows": 2645, "Inner Unique": false, "Plans": [{"Node Type": "Streaming(type: LOCAL GATHER dop: 1/64)", "Parent Relationship": "Outer", "Startup Cost": 0.0, "Total Cost": 64240.19, "Plan Rows": 258, "Plan Width": 21, "Actual Min Startup Time": 24.241, "Actual Max Startup Time": 24.241, "Actual Min Total Time": 120.239, "Actual Max Total Time": 120.239, "Actual Total Rows": 2536, "Plans": [{"Node Type": "Seq Scan", "Parent Relationship": "Outer", "Relation Name": "title", "Alias": "t", "Startup Cost": 0.0, "Total Cost": 64234.87, "Plan Rows": 258, "Plan Width": 21, "Actual Min Startup Time": 0.039, "Actual Max Startup Time": 7.312, "Actual Min Total Time": 21.45, "Actual Max Total Time": 48.946, "Actual Total Rows": 2536, "Filter": "((production_year > 2000) AND (((title)::text ~~ 'Birdemic%'::text) OR ((title)::text ~~ '%Movie%'::text)))", "Rows Removed by Filter": 2525775}]}, {"Node Type": "Bitmap Heap Scan", "Parent Relationship": "Inner", "Relation Name": "movie_info_idx", "Alias": "mi_idx", "Startup Cost": 4.17, "Total Cost": 12.09, "Plan Rows": 2, "Plan Width": 8, "Actual Min Startup Time": 14.454, "Actual Max Startup Time": 14.454, "Actual Min Total Time": 14.775, "Actual Max Total Time": 14.775, "Actual Total Rows": 2645, "Recheck Cond": "(movie_id = t.id)", "Rows Removed by Index Recheck": 0, "Exact Heap Blocks": 890, "Lossy Heap Blocks": 890, "Plans": [{"Node Type": "Bitmap Index Scan", "Parent Relationship": "Outer", "Index Name": "movie_id_movie_info_idx", "Startup Cost": 0.0, "Total Cost": 4.17, "Plan Rows": 2, "Plan Width": 0, "Actual Min Startup Time": 10.953, "Actual Max Startup Time": 10.953, "Actual Min Total Time": 10.953, "Actual Max Total Time": 10.953, "Actual Total Rows": 2645, "Index Cond": "(movie_id = t.id)"}]}]}]}]}, {"Node Type": "Bitmap Heap Scan", "Parent Relationship": "Inner", "Relation Name": "movie_info", "Alias": "mi", "Startup Cost": 0.45, "Total Cost": 4.52, "Plan Rows": 5, "Plan Width": 50, "Actual Min Startup Time": 0.077, "Actual Max Startup Time": 0.077, "Actual Min Total Time": 0.241, "Actual Max Total Time": 0.241, "Actual Total Rows": 221, "Recheck Cond": "(movie_id = mi_idx.movie_id)", "Rows Removed by Index Recheck": 0, "Exact Heap Blocks": 40, "Lossy Heap Blocks": 40, "Plans": [{"Node Type": "Bitmap Index Scan", "Parent Relationship": "Outer", "Index Name": "movie_id_movie_info", "Startup Cost": 0.0, "Total Cost": 0.45, "Plan Rows": 5, "Plan Width": 0, "Actual Min Startup Time": 0.058, "Actual Max Startup Time": 0.058, "Actual Min Total Time": 0.058, "Actual Max Total Time": 0.058, "Actual Total Rows": 221, "Index Cond": "(movie_id = mi_idx.movie_id)"}]}]}]}, {"Node Type": "Bitmap Heap Scan", "Parent Relationship": "Inner", "Relation Name": "movie_companies", "Alias": "mc", "Startup Cost": 0.27, "Total Cost": 4.29, "Plan Rows": 2, "Plan Width": 12, "Actual Min Startup Time": 0.065, "Actual Max Startup Time": 0.065, "Actual Min Total Time": 0.075, "Actual Max Total Time": 0.075, "Actual Total Rows": 33, "Recheck Cond": "(movie_id = mi.movie_id)", "Rows Removed by Index Recheck": 0, "Exact Heap Blocks": 4, "Lossy Heap Blocks": 4, "Plans": [{"Node Type": "Bitmap Index Scan", "Parent Relationship": "Outer", "Index Name": "movie_id_movie_companies", "Startup Cost": 0.0, "Total Cost": 0.27, "Plan Rows": 2, "Plan Width": 0, "Actual Min Startup Time": 0.032, "Actual Max Startup Time": 0.032, "Actual Min Total Time": 0.032, "Actual Max Total Time": 0.032, "Actual Total Rows": 33, "Index Cond": "(movie_id = mi.movie_id)"}]}]}, {"Node Type": "Materialize", "Parent Relationship": "Inner", "Startup Cost": 0.0, "Total Cost": 1.05, "Plan Rows": 2, "Plan Width": 4, "Actual Min Startup Time": 0.021, "Actual Max Startup Time": 0.021, "Actual Min Total Time": 0.029, "Actual Max Total Time": 0.029, "Actual Total Rows": 33, "Plans": [{"Node Type": "Seq Scan", "Parent Relationship": "Outer", "Relation Name": "company_type", "Alias": "ct", "Startup Cost": 0.0, "Total Cost": 1.04, "Plan Rows": 2, "Plan Width": 4, "Actual Min Startup Time": 0.015, "Actual Max Startup Time": 0.015, "Actual Min Total Time": 0.021, "Actual Max Total Time": 0.021, "Actual Total Rows": 1, "Filter": "((kind IS NOT NULL) AND (((kind)::text = 'production companies'::text) OR ((kind)::text = 'distributors'::text)))", "Rows Removed by Filter": 2}]}]}, {"Node Type": "Bitmap Heap Scan", "Parent Relationship": "Inner", "Relation Name": "company_name", "Alias": "cn", "Startup Cost": 0.26, "Total Cost": 4.27, "Plan Rows": 1, "Plan Width": 4, "Actual Min Startup Time": 0.059, "Actual Max Startup Time": 0.059, "Actual Min Total Time": 0.059, "Actual Max Total Time": 0.059, "Actual Total Rows": 5, "Recheck Cond": "(id = mc.company_id)", "Rows Removed by Index Recheck": 0, "Filter": "((country_code)::text = '[us]'::text)", "Rows Removed by Filter": 0, "Exact Heap Blocks": 5, "Lossy Heap Blocks": 5, "Plans": [{"Node Type": "Bitmap Index Scan", "Parent Relationship": "Outer", "Index Name": "company_name_pkey", "Startup Cost": 0.0, "Total Cost": 0.26, "Plan Rows": 1, "Plan Width": 0, "Actual Min Startup Time": 0.033, "Actual Max Startup Time": 0.033, "Actual Min Total Time": 0.033, "Actual Max Total Time": 0.033, "Actual Total Rows": 5, "Index Cond": "(id = mc.company_id)"}]}]}]}, "Triggers": [], "Planner Runtime": 203.427, "Total Runtime": 159.856, "Unique SQL Id": 1682224415}}, "(64, 35)": {"explain_plan": {"Plan": {"Node Type": "Aggregate", "Strategy": "Plain", "Startup Cost": 135083.51, "Total Cost": 135083.52, "Plan Rows": 1, "Plan Width": 123, "Plans": [{"Node Type": "Nested Loop", "Parent Relationship": "Outer", "Join Type": "Inner", "Startup Cost": 49668.32, "Total Cost": 135083.27, "Plan Rows": 48, "Plan Width": 59, "Inner Unique": true, "Plans": [{"Node Type": "Nested Loop", "Parent Relationship": "Outer", "Join Type": "Inner", "Startup Cost": 49668.06, "Total Cost": 135014.74, "Plan Rows": 16, "Plan Width": 63, "Inner Unique": true, "Plans": [{"Node Type": "Nested Loop", "Parent Relationship": "Outer", "Join Type": "Inner", "Startup Cost": 49667.8, "Total Cost": 134796.19, "Plan Rows": 51, "Plan Width": 67, "Inner Unique": true, "Plans": [{"Node Type": "Nested Loop", "Parent Relationship": "Outer", "Join Type": "Inner", "Startup Cost": 49667.54, "Total Cost": 134517.81, "Plan Rows": 65, "Plan Width": 71, "Inner Unique": false, "Join Filter": "(t.id = mi_idx.movie_id)", "Plans": [{"Node Type": "Nested Loop", "Parent Relationship": "Outer", "Join Type": "Inner", "Startup Cost": 49667.27, "Total Cost": 134336.51, "Plan Rows": 42, "Plan Width": 79, "Inner Unique": false, "Join Filter": "(mi.info_type_id = it1.id)", "Plans": [{"Node Type": "Bitmap Heap Scan", "Parent Relationship": "Outer", "Relation Name": "info_type", "Alias": "it1", "Startup Cost": 8.81, "Total Cost": 14.21, "Plan Rows": 1, "Plan Width": 4, "Filter": "((info)::text = 'budget'::text)", "Plans": [{"Node Type": "Bitmap Index Scan", "Parent Relationship": "Outer", "Index Name": "info_type_pkey", "Startup Cost": 0.0, "Total Cost": 8.81, "Plan Rows": 112, "Plan Width": 0}]}, {"Node Type": "Nested Loop", "Parent Relationship": "Inner", "Join Type": "Inner", "Startup Cost": 49658.46, "Total Cost": 134284.94, "Plan Rows": 2989, "Plan Width": 83, "Inner Unique": false, "Join Filter": "(t.id = mi.movie_id)", "Plans": [{"Node Type": "Nested Loop", "Parent Relationship": "Outer", "Join Type": "Inner", "Startup Cost": 49658.09, "Total Cost": 131831.96, "Plan Rows": 545, "Plan Width": 33, "Inner Unique": false, "Plans": [{"Node Type": "Bitmap Heap Scan", "Parent Relationship": "Outer", "Relation Name": "title", "Alias": "t", "Startup Cost": 49653.87, "Total Cost": 128685.31, "Plan Rows": 258, "Plan Width": 21, "Filter": "((production_year > 2000) AND (((title)::text ~~ 'Birdemic%'::text) OR ((title)::text ~~ '%Movie%'::text)))", "Plans": [{"Node Type": "Bitmap Index Scan", "Parent Relationship": "Outer", "Index Name": "title_pkey", "Startup Cost": 0.0, "Total Cost": 49653.81, "Plan Rows": 2528311, "Plan Width": 0}]}, {"Node Type": "Bitmap Heap Scan", "Parent Relationship": "Inner", "Relation Name": "movie_companies", "Alias": "mc", "Startup Cost": 4.22, "Total Cost": 12.18, "Plan Rows": 2, "Plan Width": 12, "Recheck Cond": "(movie_id = t.id)", "Plans": [{"Node Type": "Bitmap Index Scan", "Parent Relationship": "Outer", "Index Name": "movie_id_movie_companies", "Startup Cost": 0.0, "Total Cost": 4.22, "Plan Rows": 2, "Plan Width": 0, "Index Cond": "(movie_id = t.id)"}]}]}, {"Node Type": "Bitmap Heap Scan", "Parent Relationship": "Inner", "Relation Name": "movie_info", "Alias": "mi", "Startup Cost": 0.38, "Total Cost": 4.44, "Plan Rows": 5, "Plan Width": 50, "Recheck Cond": "(movie_id = mc.movie_id)", "Plans": [{"Node Type": "Bitmap Index Scan", "Parent Relationship": "Outer", "Index Name": "movie_id_movie_info", "Startup Cost": 0.0, "Total Cost": 0.37, "Plan Rows": 5, "Plan Width": 0, "Index Cond": "(movie_id = mc.movie_id)"}]}]}]}, {"Node Type": "Bitmap Heap Scan", "Parent Relationship": "Inner", "Relation Name": "movie_info_idx", "Alias": "mi_idx", "Startup Cost": 0.27, "Total Cost": 4.29, "Plan Rows": 2, "Plan Width": 8, "Recheck Cond": "(movie_id = mi.movie_id)", "Plans": [{"Node Type": "Bitmap Index Scan", "Parent Relationship": "Outer", "Index Name": "movie_id_movie_info_idx", "Startup Cost": 0.0, "Total Cost": 0.27, "Plan Rows": 2, "Plan Width": 0, "Index Cond": "(movie_id = mi.movie_id)"}]}]}, {"Node Type": "Bitmap Heap Scan", "Parent Relationship": "Inner", "Relation Name": "info_type", "Alias": "it2", "Startup Cost": 0.26, "Total Cost": 4.27, "Plan Rows": 1, "Plan Width": 4, "Recheck Cond": "(id = mi_idx.info_type_id)", "Filter": "((info)::text = 'bottom 10 rank'::text)", "Plans": [{"Node Type": "Bitmap Index Scan", "Parent Relationship": "Outer", "Index Name": "info_type_pkey", "Startup Cost": 0.0, "Total Cost": 0.26, "Plan Rows": 1, "Plan Width": 0, "Index Cond": "(id = mi_idx.info_type_id)"}]}]}, {"Node Type": "Bitmap Heap Scan", "Parent Relationship": "Inner", "Relation Name": "company_type", "Alias": "ct", "Startup Cost": 0.26, "Total Cost": 4.28, "Plan Rows": 1, "Plan Width": 4, "Recheck Cond": "(id = mc.company_type_id)", "Filter": "((kind IS NOT NULL) AND (((kind)::text = 'production companies'::text) OR ((kind)::text = 'distributors'::text)))", "Plans": [{"Node Type": "Bitmap Index Scan", "Parent Relationship": "Outer", "Index Name": "company_type_pkey", "Startup Cost": 0.0, "Total Cost": 0.26, "Plan Rows": 1, "Plan Width": 0, "Index Cond": "(id = mc.company_type_id)"}]}]}, {"Node Type": "Bitmap Heap Scan", "Parent Relationship": "Inner", "Relation Name": "company_name", "Alias": "cn", "Startup Cost": 0.26, "Total Cost": 4.27, "Plan Rows": 1, "Plan Width": 4, "Recheck Cond": "(id = mc.company_id)", "Filter": "((country_code)::text = '[us]'::text)", "Plans": [{"Node Type": "Bitmap Index Scan", "Parent Relationship": "Outer", "Index Name": "company_name_pkey", "Startup Cost": 0.0, "Total Cost": 0.26, "Plan Rows": 1, "Plan Width": 0, "Index Cond": "(id = mc.company_id)"}]}]}]}, "Unique SQL Id": 1682224415}, "explain_analyze_plan": null}, "(64, 36)": {"explain_plan": {"Plan": {"Node Type": "Aggregate", "Strategy": "Plain", "Startup Cost": 66648.03, "Total Cost": 66648.04, "Plan Rows": 1, "Plan Width": 123, "Plans": [{"Node Type": "Nested Loop", "Parent Relationship": "Outer", "Join Type": "Inner", "Startup Cost": 0.0, "Total Cost": 66648.01, "Plan Rows": 4, "Plan Width": 59, "Inner Unique": true, "Plans": [{"Node Type": "Nested Loop", "Parent Relationship": "Outer", "Join Type": "Inner", "Startup Cost": 0.0, "Total Cost": 66646.0, "Plan Rows": 7, "Plan Width": 63, "Inner Unique": true, "Join Filter": "(mc.company_type_id = ct.id)", "Plans": [{"Node Type": "Nested Loop", "Parent Relationship": "Outer", "Join Type": "Inner", "Startup Cost": 0.0, "Total Cost": 66643.42, "Plan Rows": 51, "Plan Width": 67, "Inner Unique": false, "Join Filter": "(mi.info_type_id = it1.id)", "Plans": [{"Node Type": "Seq Scan", "Parent Relationship": "Outer", "Relation Name": "info_type", "Alias": "it1", "Startup Cost": 0.0, "Total Cost": 2.4, "Plan Rows": 1, "Plan Width": 4, "Filter": "((info)::text = 'budget'::text)"}, {"Node Type": "Nested Loop", "Parent Relationship": "Inner", "Join Type": "Inner", "Startup Cost": 0.0, "Total Cost": 66621.88, "Plan Rows": 1531, "Plan Width": 71, "Inner Unique": false, "Join Filter": "(t.id = mi.movie_id)", "Plans": [{"Node Type": "Nested Loop", "Parent Relationship": "Outer", "Join Type": "Inner", "Startup Cost": 0.0, "Total Cost": 66469.22, "Plan Rows": 210, "Plan Width": 37, "Inner Unique": false, "Join Filter": "(t.id = mc.movie_id)", "Plans": [{"Node Type": "Nested Loop", "Parent Relationship": "Outer", "Join Type": "Inner", "Startup Cost": 0.0, "Total Cost": 66348.45, "Plan Rows": 311, "Plan Width": 25, "Inner Unique": false, "Join Filter": "(mi_idx.info_type_id = it2.id)", "Plans": [{"Node Type": "Seq Scan", "Parent Relationship": "Outer", "Relation Name": "info_type", "Alias": "it2", "Startup Cost": 0.0, "Total Cost": 2.4, "Plan Rows": 1, "Plan Width": 4, "Filter": "((info)::text = 'bottom 10 rank'::text)"}, {"Node Type": "Materialize", "Parent Relationship": "Inner", "Startup Cost": 0.0, "Total Cost": 66342.09, "Plan Rows": 396, "Plan Width": 29, "Plans": [{"Node Type": "Nested Loop", "Parent Relationship": "Outer", "Join Type": "Inner", "Startup Cost": 0.0, "Total Cost": 66341.1, "Plan Rows": 396, "Plan Width": 29, "Inner Unique": false, "Plans": [{"Node Type": "Streaming(type: LOCAL GATHER dop: 1/64)", "Parent Relationship": "Outer", "Startup Cost": 0.0, "Total Cost": 64240.19, "Plan Rows": 258, "Plan Width": 21, "Plans": [{"Node Type": "Seq Scan", "Parent Relationship": "Outer", "Relation Name": "title", "Alias": "t", "Startup Cost": 0.0, "Total Cost": 64234.87, "Plan Rows": 258, "Plan Width": 21, "Filter": "((production_year > 2000) AND (((title)::text ~~ 'Birdemic%'::text) OR ((title)::text ~~ '%Movie%'::text)))"}]}, {"Node Type": "Index Scan", "Parent Relationship": "Inner", "Scan Direction": "Forward", "Index Name": "movie_id_movie_info_idx", "Relation Name": "movie_info_idx", "Alias": "mi_idx", "Startup Cost": 0.0, "Total Cost": 8.12, "Plan Rows": 2, "Plan Width": 8, "Index Cond": "(movie_id = t.id)"}]}]}]}, {"Node Type": "Index Scan", "Parent Relationship": "Inner", "Scan Direction": "Forward", "Index Name": "movie_id_movie_companies", "Relation Name": "movie_companies", "Alias": "mc", "Startup Cost": 0.0, "Total Cost": 0.36, "Plan Rows": 2, "Plan Width": 12, "Index Cond": "(movie_id = mi_idx.movie_id)"}]}, {"Node Type": "Index Scan", "Parent Relationship": "Inner", "Scan Direction": "Forward", "Index Name": "movie_id_movie_info", "Relation Name": "movie_info", "Alias": "mi", "Startup Cost": 0.0, "Total Cost": 0.66, "Plan Rows": 5, "Plan Width": 50, "Index Cond": "(movie_id = mc.movie_id)"}]}]}, {"Node Type": "Materialize", "Parent Relationship": "Inner", "Startup Cost": 0.0, "Total Cost": 1.05, "Plan Rows": 2, "Plan Width": 4, "Plans": [{"Node Type": "Seq Scan", "Parent Relationship": "Outer", "Relation Name": "company_type", "Alias": "ct", "Startup Cost": 0.0, "Total Cost": 1.04, "Plan Rows": 2, "Plan Width": 4, "Filter": "((kind IS NOT NULL) AND (((kind)::text = 'production companies'::text) OR ((kind)::text = 'distributors'::text)))"}]}]}, {"Node Type": "Index Scan", "Parent Relationship": "Inner", "Scan Direction": "Forward", "Index Name": "company_name_pkey", "Relation Name": "company_name", "Alias": "cn", "Startup Cost": 0.0, "Total Cost": 0.28, "Plan Rows": 1, "Plan Width": 4, "Index Cond": "(id = mc.company_id)", "Filter": "((country_code)::text = '[us]'::text)"}]}]}, "Unique SQL Id": 1682224415}, "explain_analyze_plan": {"Plan": {"Node Type": "Aggregate", "Strategy": "Plain", "Startup Cost": 66648.03, "Total Cost": 66648.04, "Plan Rows": 1, "Plan Width": 123, "Actual Min Startup Time": 217.772, "Actual Max Startup Time": 217.772, "Actual Min Total Time": 217.772, "Actual Max Total Time": 217.772, "Actual Total Rows": 1, "Plans": [{"Node Type": "Nested Loop", "Parent Relationship": "Outer", "Join Type": "Inner", "Startup Cost": 0.0, "Total Cost": 66648.01, "Plan Rows": 4, "Plan Width": 59, "Actual Min Startup Time": 211.743, "Actual Max Startup Time": 211.743, "Actual Min Total Time": 217.672, "Actual Max Total Time": 217.672, "Actual Total Rows": 5, "Inner Unique": true, "Plans": [{"Node Type": "Nested Loop", "Parent Relationship": "Outer", "Join Type": "Inner", "Startup Cost": 0.0, "Total Cost": 66646.0, "Plan Rows": 7, "Plan Width": 63, "Actual Min Startup Time": 211.721, "Actual Max Startup Time": 211.721, "Actual Min Total Time": 217.591, "Actual Max Total Time": 217.591, "Actual Total Rows": 5, "Inner Unique": true, "Join Filter": "(mc.company_type_id = ct.id)", "Rows Removed by Join Filter": 28, "Plans": [{"Node Type": "Nested Loop", "Parent Relationship": "Outer", "Join Type": "Inner", "Startup Cost": 0.0, "Total Cost": 66643.42, "Plan Rows": 51, "Plan Width": 67, "Actual Min Startup Time": 211.472, "Actual Max Startup Time": 211.472, "Actual Min Total Time": 217.533, "Actual Max Total Time": 217.533, "Actual Total Rows": 33, "Inner Unique": false, "Join Filter": "(mi.info_type_id = it1.id)", "Rows Removed by Join Filter": 4926, "Plans": [{"Node Type": "Seq Scan", "Parent Relationship": "Outer", "Relation Name": "info_type", "Alias": "it1", "Startup Cost": 0.0, "Total Cost": 2.4, "Plan Rows": 1, "Plan Width": 4, "Actual Min Startup Time": 0.099, "Actual Max Startup Time": 0.099, "Actual Min Total Time": 0.107, "Actual Max Total Time": 0.107, "Actual Total Rows": 1, "Filter": "((info)::text = 'budget'::text)", "Rows Removed by Filter": 111}, {"Node Type": "Nested Loop", "Parent Relationship": "Inner", "Join Type": "Inner", "Startup Cost": 0.0, "Total Cost": 66621.88, "Plan Rows": 1531, "Plan Width": 71, "Actual Min Startup Time": 211.287, "Actual Max Startup Time": 211.287, "Actual Min Total Time": 216.404, "Actual Max Total Time": 216.404, "Actual Total Rows": 4959, "Inner Unique": false, "Join Filter": "(t.id = mi.movie_id)", "Rows Removed by Join Filter": 0, "Plans": [{"Node Type": "Nested Loop", "Parent Relationship": "Outer", "Join Type": "Inner", "Startup Cost": 0.0, "Total Cost": 66469.22, "Plan Rows": 210, "Plan Width": 37, "Actual Min Startup Time": 211.262, "Actual Max Startup Time": 211.262, "Actual Min Total Time": 212.181, "Actual Max Total Time": 212.181, "Actual Total Rows": 33, "Inner Unique": false, "Join Filter": "(t.id = mc.movie_id)", "Rows Removed by Join Filter": 0, "Plans": [{"Node Type": "Nested Loop", "Parent Relationship": "Outer", "Join Type": "Inner", "Startup Cost": 0.0, "Total Cost": 66348.45, "Plan Rows": 311, "Plan Width": 25, "Actual Min Startup Time": 211.236, "Actual Max Startup Time": 211.236, "Actual Min Total Time": 212.099, "Actual Max Total Time": 212.099, "Actual Total Rows": 2, "Inner Unique": false, "Join Filter": "(mi_idx.info_type_id = it2.id)", "Rows Removed by Join Filter": 2643, "Plans": [{"Node Type": "Seq Scan", "Parent Relationship": "Outer", "Relation Name": "info_type", "Alias": "it2", "Startup Cost": 0.0, "Total Cost": 2.4, "Plan Rows": 1, "Plan Width": 4, "Actual Min Startup Time": 0.088, "Actual Max Startup Time": 0.088, "Actual Min Total Time": 0.094, "Actual Max Total Time": 0.094, "Actual Total Rows": 1, "Filter": "((info)::text = 'bottom 10 rank'::text)", "Rows Removed by Filter": 111}, {"Node Type": "Materialize", "Parent Relationship": "Inner", "Startup Cost": 0.0, "Total Cost": 66342.09, "Plan Rows": 396, "Plan Width": 29, "Actual Min Startup Time": 211.127, "Actual Max Startup Time": 211.127, "Actual Min Total Time": 211.418, "Actual Max Total Time": 211.418, "Actual Total Rows": 2646, "Plans": [{"Node Type": "Nested Loop", "Parent Relationship": "Outer", "Join Type": "Inner", "Startup Cost": 0.0, "Total Cost": 66341.1, "Plan Rows": 396, "Plan Width": 29, "Actual Min Startup Time": 98.187, "Actual Max Startup Time": 98.187, "Actual Min Total Time": 210.25, "Actual Max Total Time": 210.25, "Actual Total Rows": 2645, "Inner Unique": false, "Plans": [{"Node Type": "Streaming(type: LOCAL GATHER dop: 1/64)", "Parent Relationship": "Outer", "Startup Cost": 0.0, "Total Cost": 64240.19, "Plan Rows": 258, "Plan Width": 21, "Actual Min Startup Time": 98.092, "Actual Max Startup Time": 98.092, "Actual Min Total Time": 195.165, "Actual Max Total Time": 195.165, "Actual Total Rows": 2536, "Plans": [{"Node Type": "Seq Scan", "Parent Relationship": "Outer", "Relation Name": "title", "Alias": "t", "Startup Cost": 0.0, "Total Cost": 64234.87, "Plan Rows": 258, "Plan Width": 21, "Actual Min Startup Time": 0.035, "Actual Max Startup Time": 7.299, "Actual Min Total Time": 19.422, "Actual Max Total Time": 35.945, "Actual Total Rows": 2536, "Filter": "((production_year > 2000) AND (((title)::text ~~ 'Birdemic%'::text) OR ((title)::text ~~ '%Movie%'::text)))", "Rows Removed by Filter": 2525775}]}, {"Node Type": "Index Scan", "Parent Relationship": "Inner", "Scan Direction": "Forward", "Index Name": "movie_id_movie_info_idx", "Relation Name": "movie_info_idx", "Alias": "mi_idx", "Startup Cost": 0.0, "Total Cost": 8.12, "Plan Rows": 2, "Plan Width": 8, "Actual Min Startup Time": 12.235, "Actual Max Startup Time": 12.235, "Actual Min Total Time": 13.216, "Actual Max Total Time": 13.216, "Actual Total Rows": 2645, "Index Cond": "(movie_id = t.id)", "Rows Removed by Index Recheck": 0}]}]}]}, {"Node Type": "Index Scan", "Parent Relationship": "Inner", "Scan Direction": "Forward", "Index Name": "movie_id_movie_companies", "Relation Name": "movie_companies", "Alias": "mc", "Startup Cost": 0.0, "Total Cost": 0.36, "Plan Rows": 2, "Plan Width": 12, "Actual Min Startup Time": 0.032, "Actual Max Startup Time": 0.032, "Actual Min Total Time": 0.052, "Actual Max Total Time": 0.052, "Actual Total Rows": 33, "Index Cond": "(movie_id = mi_idx.movie_id)", "Rows Removed by Index Recheck": 0}]}, {"Node Type": "Index Scan", "Parent Relationship": "Inner", "Scan Direction": "Forward", "Index Name": "movie_id_movie_info", "Relation Name": "movie_info", "Alias": "mi", "Startup Cost": 0.0, "Total Cost": 0.66, "Plan Rows": 5, "Plan Width": 50, "Actual Min Startup Time": 0.521, "Actual Max Startup Time": 0.521, "Actual Min Total Time": 2.643, "Actual Max Total Time": 2.643, "Actual Total Rows": 4959, "Index Cond": "(movie_id = mc.movie_id)", "Rows Removed by Index Recheck": 0}]}]}, {"Node Type": "Materialize", "Parent Relationship": "Inner", "Startup Cost": 0.0, "Total Cost": 1.05, "Plan Rows": 2, "Plan Width": 4, "Actual Min Startup Time": 0.017, "Actual Max Startup Time": 0.017, "Actual Min Total Time": 0.026, "Actual Max Total Time": 0.026, "Actual Total Rows": 33, "Plans": [{"Node Type": "Seq Scan", "Parent Relationship": "Outer", "Relation Name": "company_type", "Alias": "ct", "Startup Cost": 0.0, "Total Cost": 1.04, "Plan Rows": 2, "Plan Width": 4, "Actual Min Startup Time": 0.01, "Actual Max Startup Time": 0.01, "Actual Min Total Time": 0.014, "Actual Max Total Time": 0.014, "Actual Total Rows": 1, "Filter": "((kind IS NOT NULL) AND (((kind)::text = 'production companies'::text) OR ((kind)::text = 'distributors'::text)))", "Rows Removed by Filter": 2}]}]}, {"Node Type": "Index Scan", "Parent Relationship": "Inner", "Scan Direction": "Forward", "Index Name": "company_name_pkey", "Relation Name": "company_name", "Alias": "cn", "Startup Cost": 0.0, "Total Cost": 0.28, "Plan Rows": 1, "Plan Width": 4, "Actual Min Startup Time": 0.069, "Actual Max Startup Time": 0.069, "Actual Min Total Time": 0.069, "Actual Max Total Time": 0.069, "Actual Total Rows": 5, "Index Cond": "(id = mc.company_id)", "Rows Removed by Index Recheck": 0, "Filter": "((country_code)::text = '[us]'::text)", "Rows Removed by Filter": 0}]}]}, "Triggers": [], "Planner Runtime": 196.957, "Total Runtime": 230.445, "Unique SQL Id": 1682224415}}, "(64, 37)": {"explain_plan": {"Plan": {"Node Type": "Aggregate", "Strategy": "Plain", "Startup Cost": 131534.14, "Total Cost": 131534.15, "Plan Rows": 1, "Plan Width": 123, "Plans": [{"Node Type": "Nested Loop", "Parent Relationship": "Outer", "Join Type": "Inner", "Startup Cost": 0.0, "Total Cost": 131533.9, "Plan Rows": 48, "Plan Width": 59, "Inner Unique": true, "Plans": [{"Node Type": "Nested Loop", "Parent Relationship": "Outer", "Join Type": "Inner", "Startup Cost": 0.0, "Total Cost": 131520.22, "Plan Rows": 48, "Plan Width": 63, "Inner Unique": true, "Plans": [{"Node Type": "Nested Loop", "Parent Relationship": "Outer", "Join Type": "Inner", "Startup Cost": 0.0, "Total Cost": 131505.55, "Plan Rows": 51, "Plan Width": 67, "Inner Unique": false, "Join Filter": "(mi.info_type_id = it1.id)", "Plans": [{"Node Type": "Index Scan", "Parent Relationship": "Outer", "Scan Direction": "Forward", "Index Name": "info_type_pkey", "Relation Name": "info_type", "Alias": "it1", "Startup Cost": 0.0, "Total Cost": 14.21, "Plan Rows": 1, "Plan Width": 4, "Filter": "((info)::text = 'budget'::text)"}, {"Node Type": "Nested Loop", "Parent Relationship": "Inner", "Join Type": "Inner", "Startup Cost": 0.0, "Total Cost": 131477.32, "Plan Rows": 1122, "Plan Width": 71, "Inner Unique": false, "Join Filter": "(t.id = mi.movie_id)", "Plans": [{"Node Type": "Nested Loop", "Parent Relationship": "Outer", "Join Type": "Inner", "Startup Cost": 0.0, "Total Cost": 131324.66, "Plan Rows": 210, "Plan Width": 37, "Inner Unique": false, "Join Filter": "(t.id = mc.movie_id)", "Plans": [{"Node Type": "Nested Loop", "Parent Relationship": "Outer", "Join Type": "Inner", "Startup Cost": 0.0, "Total Cost": 131203.89, "Plan Rows": 311, "Plan Width": 25, "Inner Unique": true, "Join Filter": "(mi_idx.info_type_id = it2.id)", "Plans": [{"Node Type": "Nested Loop", "Parent Relationship": "Outer", "Join Type": "Inner", "Startup Cost": 0.0, "Total Cost": 131183.74, "Plan Rows": 396, "Plan Width": 29, "Inner Unique": false, "Plans": [{"Node Type": "Index Scan", "Parent Relationship": "Outer", "Scan Direction": "Forward", "Index Name": "title_pkey", "Relation Name": "title", "Alias": "t", "Startup Cost": 0.0, "Total Cost": 129082.82, "Plan Rows": 258, "Plan Width": 21, "Filter": "((production_year > 2000) AND (((title)::text ~~ 'Birdemic%'::text) OR ((title)::text ~~ '%Movie%'::text)))"}, {"Node Type": "Index Scan", "Parent Relationship": "Inner", "Scan Direction": "Forward", "Index Name": "movie_id_movie_info_idx", "Relation Name": "movie_info_idx", "Alias": "mi_idx", "Startup Cost": 0.0, "Total Cost": 8.12, "Plan Rows": 2, "Plan Width": 8, "Index Cond": "(movie_id = t.id)"}]}, {"Node Type": "Materialize", "Parent Relationship": "Inner", "Startup Cost": 0.0, "Total Cost": 14.22, "Plan Rows": 1, "Plan Width": 4, "Plans": [{"Node Type": "Index Scan", "Parent Relationship": "Outer", "Scan Direction": "Forward", "Index Name": "info_type_pkey", "Relation Name": "info_type", "Alias": "it2", "Startup Cost": 0.0, "Total Cost": 14.21, "Plan Rows": 1, "Plan Width": 4, "Filter": "((info)::text = 'bottom 10 rank'::text)"}]}]}, {"Node Type": "Index Scan", "Parent Relationship": "Inner", "Scan Direction": "Forward", "Index Name": "movie_id_movie_companies", "Relation Name": "movie_companies", "Alias": "mc", "Startup Cost": 0.0, "Total Cost": 0.36, "Plan Rows": 2, "Plan Width": 12, "Index Cond": "(movie_id = mi_idx.movie_id)"}]}, {"Node Type": "Index Scan", "Parent Relationship": "Inner", "Scan Direction": "Forward", "Index Name": "movie_id_movie_info", "Relation Name": "movie_info", "Alias": "mi", "Startup Cost": 0.0, "Total Cost": 0.66, "Plan Rows": 5, "Plan Width": 50, "Index Cond": "(movie_id = mc.movie_id)"}]}]}, {"Node Type": "Index Scan", "Parent Relationship": "Inner", "Scan Direction": "Forward", "Index Name": "company_name_pkey", "Relation Name": "company_name", "Alias": "cn", "Startup Cost": 0.0, "Total Cost": 0.28, "Plan Rows": 1, "Plan Width": 4, "Index Cond": "(id = mc.company_id)", "Filter": "((country_code)::text = '[us]'::text)"}]}, {"Node Type": "Index Scan", "Parent Relationship": "Inner", "Scan Direction": "Forward", "Index Name": "company_type_pkey", "Relation Name": "company_type", "Alias": "ct", "Startup Cost": 0.0, "Total Cost": 0.28, "Plan Rows": 1, "Plan Width": 4, "Index Cond": "(id = mc.company_type_id)", "Filter": "((kind IS NOT NULL) AND (((kind)::text = 'production companies'::text) OR ((kind)::text = 'distributors'::text)))"}]}]}, "Unique SQL Id": 1682224415}, "explain_analyze_plan": null}, "(64, 38)": {"explain_plan": {"Plan": {"Node Type": "Aggregate", "Strategy": "Plain", "Startup Cost": 68925.2, "Total Cost": 68925.21, "Plan Rows": 1, "Plan Width": 123, "Plans": [{"Node Type": "Nested Loop", "Parent Relationship": "Outer", "Join Type": "Inner", "Startup Cost": 5.15, "Total Cost": 68925.13, "Plan Rows": 14, "Plan Width": 59, "Inner Unique": true, "Plans": [{"Node Type": "Nested Loop", "Parent Relationship": "Outer", "Join Type": "Inner", "Startup Cost": 4.89, "Total Cost": 68856.6, "Plan Rows": 16, "Plan Width": 63, "Inner Unique": true, "Join Filter": "(mc.company_type_id = ct.id)", "Plans": [{"Node Type": "Nested Loop", "Parent Relationship": "Outer", "Join Type": "Inner", "Startup Cost": 4.89, "Total Cost": 68854.02, "Plan Rows": 51, "Plan Width": 67, "Inner Unique": false, "Join Filter": "(t.id = mc.movie_id)", "Plans": [{"Node Type": "Nested Loop", "Parent Relationship": "Outer", "Join Type": "Inner", "Startup Cost": 4.63, "Total Cost": 68819.48, "Plan Rows": 8, "Plan Width": 71, "Inner Unique": false, "Join Filter": "(mi.info_type_id = it1.id)", "Plans": [{"Node Type": "Seq Scan", "Parent Relationship": "Outer", "Relation Name": "info_type", "Alias": "it1", "Startup Cost": 0.0, "Total Cost": 2.4, "Plan Rows": 1, "Plan Width": 4, "Filter": "((info)::text = 'budget'::text)"}, {"Node Type": "Nested Loop", "Parent Relationship": "Inner", "Join Type": "Inner", "Startup Cost": 4.63, "Total Cost": 68796.34, "Plan Rows": 1659, "Plan Width": 75, "Inner Unique": false, "Join Filter": "(t.id = mi.movie_id)", "Plans": [{"Node Type": "Nested Loop", "Parent Relationship": "Outer", "Join Type": "Inner", "Startup Cost": 4.17, "Total Cost": 67372.44, "Plan Rows": 311, "Plan Width": 25, "Inner Unique": false, "Join Filter": "(mi_idx.info_type_id = it2.id)", "Plans": [{"Node Type": "Seq Scan", "Parent Relationship": "Outer", "Relation Name": "info_type", "Alias": "it2", "Startup Cost": 0.0, "Total Cost": 2.4, "Plan Rows": 1, "Plan Width": 4, "Filter": "((info)::text = 'bottom 10 rank'::text)"}, {"Node Type": "Materialize", "Parent Relationship": "Inner", "Startup Cost": 4.17, "Total Cost": 67366.08, "Plan Rows": 396, "Plan Width": 29, "Plans": [{"Node Type": "Nested Loop", "Parent Relationship": "Outer", "Join Type": "Inner", "Startup Cost": 4.17, "Total Cost": 67365.09, "Plan Rows": 396, "Plan Width": 29, "Inner Unique": false, "Plans": [{"Node Type": "Streaming(type: LOCAL GATHER dop: 1/64)", "Parent Relationship": "Outer", "Startup Cost": 0.0, "Total Cost": 64240.19, "Plan Rows": 258, "Plan Width": 21, "Plans": [{"Node Type": "Seq Scan", "Parent Relationship": "Outer", "Relation Name": "title", "Alias": "t", "Startup Cost": 0.0, "Total Cost": 64234.87, "Plan Rows": 258, "Plan Width": 21, "Filter": "((production_year > 2000) AND (((title)::text ~~ 'Birdemic%'::text) OR ((title)::text ~~ '%Movie%'::text)))"}]}, {"Node Type": "Bitmap Heap Scan", "Parent Relationship": "Inner", "Relation Name": "movie_info_idx", "Alias": "mi_idx", "Startup Cost": 4.17, "Total Cost": 12.09, "Plan Rows": 2, "Plan Width": 8, "Recheck Cond": "(movie_id = t.id)", "Plans": [{"Node Type": "Bitmap Index Scan", "Parent Relationship": "Outer", "Index Name": "movie_id_movie_info_idx", "Startup Cost": 0.0, "Total Cost": 4.17, "Plan Rows": 2, "Plan Width": 0, "Index Cond": "(movie_id = t.id)"}]}]}]}]}, {"Node Type": "Bitmap Heap Scan", "Parent Relationship": "Inner", "Relation Name": "movie_info", "Alias": "mi", "Startup Cost": 0.45, "Total Cost": 4.52, "Plan Rows": 5, "Plan Width": 50, "Recheck Cond": "(movie_id = mi_idx.movie_id)", "Plans": [{"Node Type": "Bitmap Index Scan", "Parent Relationship": "Outer", "Index Name": "movie_id_movie_info", "Startup Cost": 0.0, "Total Cost": 0.45, "Plan Rows": 5, "Plan Width": 0, "Index Cond": "(movie_id = mi_idx.movie_id)"}]}]}]}, {"Node Type": "Bitmap Heap Scan", "Parent Relationship": "Inner", "Relation Name": "movie_companies", "Alias": "mc", "Startup Cost": 0.27, "Total Cost": 4.29, "Plan Rows": 2, "Plan Width": 12, "Recheck Cond": "(movie_id = mi.movie_id)", "Plans": [{"Node Type": "Bitmap Index Scan", "Parent Relationship": "Outer", "Index Name": "movie_id_movie_companies", "Startup Cost": 0.0, "Total Cost": 0.27, "Plan Rows": 2, "Plan Width": 0, "Index Cond": "(movie_id = mi.movie_id)"}]}]}, {"Node Type": "Materialize", "Parent Relationship": "Inner", "Startup Cost": 0.0, "Total Cost": 1.05, "Plan Rows": 2, "Plan Width": 4, "Plans": [{"Node Type": "Seq Scan", "Parent Relationship": "Outer", "Relation Name": "company_type", "Alias": "ct", "Startup Cost": 0.0, "Total Cost": 1.04, "Plan Rows": 2, "Plan Width": 4, "Filter": "((kind IS NOT NULL) AND (((kind)::text = 'production companies'::text) OR ((kind)::text = 'distributors'::text)))"}]}]}, {"Node Type": "Bitmap Heap Scan", "Parent Relationship": "Inner", "Relation Name": "company_name", "Alias": "cn", "Startup Cost": 0.26, "Total Cost": 4.27, "Plan Rows": 1, "Plan Width": 4, "Recheck Cond": "(id = mc.company_id)", "Filter": "((country_code)::text = '[us]'::text)", "Plans": [{"Node Type": "Bitmap Index Scan", "Parent Relationship": "Outer", "Index Name": "company_name_pkey", "Startup Cost": 0.0, "Total Cost": 0.26, "Plan Rows": 1, "Plan Width": 0, "Index Cond": "(id = mc.company_id)"}]}]}]}, "Unique SQL Id": 1682224415}, "explain_analyze_plan": {"Plan": {"Node Type": "Aggregate", "Strategy": "Plain", "Startup Cost": 68925.2, "Total Cost": 68925.21, "Plan Rows": 1, "Plan Width": 123, "Actual Min Startup Time": 144.396, "Actual Max Startup Time": 144.396, "Actual Min Total Time": 144.396, "Actual Max Total Time": 144.396, "Actual Total Rows": 1, "Plans": [{"Node Type": "Nested Loop", "Parent Relationship": "Outer", "Join Type": "Inner", "Startup Cost": 5.15, "Total Cost": 68925.13, "Plan Rows": 14, "Plan Width": 59, "Actual Min Startup Time": 143.362, "Actual Max Startup Time": 143.362, "Actual Min Total Time": 144.362, "Actual Max Total Time": 144.362, "Actual Total Rows": 5, "Inner Unique": true, "Plans": [{"Node Type": "Nested Loop", "Parent Relationship": "Outer", "Join Type": "Inner", "Startup Cost": 4.89, "Total Cost": 68856.6, "Plan Rows": 16, "Plan Width": 63, "Actual Min Startup Time": 143.327, "Actual Max Startup Time": 143.327, "Actual Min Total Time": 144.282, "Actual Max Total Time": 144.282, "Actual Total Rows": 5, "Inner Unique": true, "Join Filter": "(mc.company_type_id = ct.id)", "Rows Removed by Join Filter": 28, "Plans": [{"Node Type": "Nested Loop", "Parent Relationship": "Outer", "Join Type": "Inner", "Startup Cost": 4.89, "Total Cost": 68854.02, "Plan Rows": 51, "Plan Width": 67, "Actual Min Startup Time": 143.287, "Actual Max Startup Time": 143.287, "Actual Min Total Time": 144.233, "Actual Max Total Time": 144.233, "Actual Total Rows": 33, "Inner Unique": false, "Join Filter": "(t.id = mc.movie_id)", "Rows Removed by Join Filter": 0, "Plans": [{"Node Type": "Nested Loop", "Parent Relationship": "Outer", "Join Type": "Inner", "Startup Cost": 4.63, "Total Cost": 68819.48, "Plan Rows": 8, "Plan Width": 71, "Actual Min Startup Time": 143.243, "Actual Max Startup Time": 143.243, "Actual Min Total Time": 144.124, "Actual Max Total Time": 144.124, "Actual Total Rows": 2, "Inner Unique": false, "Join Filter": "(mi.info_type_id = it1.id)", "Rows Removed by Join Filter": 219, "Plans": [{"Node Type": "Seq Scan", "Parent Relationship": "Outer", "Relation Name": "info_type", "Alias": "it1", "Startup Cost": 0.0, "Total Cost": 2.4, "Plan Rows": 1, "Plan Width": 4, "Actual Min Startup Time": 0.135, "Actual Max Startup Time": 0.135, "Actual Min Total Time": 0.145, "Actual Max Total Time": 0.145, "Actual Total Rows": 1, "Filter": "((info)::text = 'budget'::text)", "Rows Removed by Filter": 111}, {"Node Type": "Nested Loop", "Parent Relationship": "Inner", "Join Type": "Inner", "Startup Cost": 4.63, "Total Cost": 68796.34, "Plan Rows": 1659, "Plan Width": 75, "Actual Min Startup Time": 143.013, "Actual Max Startup Time": 143.013, "Actual Min Total Time": 143.859, "Actual Max Total Time": 143.859, "Actual Total Rows": 221, "Inner Unique": false, "Join Filter": "(t.id = mi.movie_id)", "Rows Removed by Join Filter": 0, "Plans": [{"Node Type": "Nested Loop", "Parent Relationship": "Outer", "Join Type": "Inner", "Startup Cost": 4.17, "Total Cost": 67372.44, "Plan Rows": 311, "Plan Width": 25, "Actual Min Startup Time": 142.962, "Actual Max Startup Time": 142.962, "Actual Min Total Time": 143.521, "Actual Max Total Time": 143.521, "Actual Total Rows": 2, "Inner Unique": false, "Join Filter": "(mi_idx.info_type_id = it2.id)", "Rows Removed by Join Filter": 2643, "Plans": [{"Node Type": "Seq Scan", "Parent Relationship": "Outer", "Relation Name": "info_type", "Alias": "it2", "Startup Cost": 0.0, "Total Cost": 2.4, "Plan Rows": 1, "Plan Width": 4, "Actual Min Startup Time": 0.082, "Actual Max Startup Time": 0.082, "Actual Min Total Time": 0.085, "Actual Max Total Time": 0.085, "Actual Total Rows": 1, "Filter": "((info)::text = 'bottom 10 rank'::text)", "Rows Removed by Filter": 111}, {"Node Type": "Materialize", "Parent Relationship": "Inner", "Startup Cost": 4.17, "Total Cost": 67366.08, "Plan Rows": 396, "Plan Width": 29, "Actual Min Startup Time": 142.459, "Actual Max Startup Time": 142.459, "Actual Min Total Time": 142.862, "Actual Max Total Time": 142.862, "Actual Total Rows": 2646, "Plans": [{"Node Type": "Nested Loop", "Parent Relationship": "Outer", "Join Type": "Inner", "Startup Cost": 4.17, "Total Cost": 67365.09, "Plan Rows": 396, "Plan Width": 29, "Actual Min Startup Time": 24.365, "Actual Max Startup Time": 24.365, "Actual Min Total Time": 140.634, "Actual Max Total Time": 140.634, "Actual Total Rows": 2645, "Inner Unique": false, "Plans": [{"Node Type": "Streaming(type: LOCAL GATHER dop: 1/64)", "Parent Relationship": "Outer", "Startup Cost": 0.0, "Total Cost": 64240.19, "Plan Rows": 258, "Plan Width": 21, "Actual Min Startup Time": 24.241, "Actual Max Startup Time": 24.241, "Actual Min Total Time": 120.239, "Actual Max Total Time": 120.239, "Actual Total Rows": 2536, "Plans": [{"Node Type": "Seq Scan", "Parent Relationship": "Outer", "Relation Name": "title", "Alias": "t", "Startup Cost": 0.0, "Total Cost": 64234.87, "Plan Rows": 258, "Plan Width": 21, "Actual Min Startup Time": 0.039, "Actual Max Startup Time": 7.312, "Actual Min Total Time": 21.45, "Actual Max Total Time": 48.946, "Actual Total Rows": 2536, "Filter": "((production_year > 2000) AND (((title)::text ~~ 'Birdemic%'::text) OR ((title)::text ~~ '%Movie%'::text)))", "Rows Removed by Filter": 2525775}]}, {"Node Type": "Bitmap Heap Scan", "Parent Relationship": "Inner", "Relation Name": "movie_info_idx", "Alias": "mi_idx", "Startup Cost": 4.17, "Total Cost": 12.09, "Plan Rows": 2, "Plan Width": 8, "Actual Min Startup Time": 14.454, "Actual Max Startup Time": 14.454, "Actual Min Total Time": 14.775, "Actual Max Total Time": 14.775, "Actual Total Rows": 2645, "Recheck Cond": "(movie_id = t.id)", "Rows Removed by Index Recheck": 0, "Exact Heap Blocks": 890, "Lossy Heap Blocks": 890, "Plans": [{"Node Type": "Bitmap Index Scan", "Parent Relationship": "Outer", "Index Name": "movie_id_movie_info_idx", "Startup Cost": 0.0, "Total Cost": 4.17, "Plan Rows": 2, "Plan Width": 0, "Actual Min Startup Time": 10.953, "Actual Max Startup Time": 10.953, "Actual Min Total Time": 10.953, "Actual Max Total Time": 10.953, "Actual Total Rows": 2645, "Index Cond": "(movie_id = t.id)"}]}]}]}]}, {"Node Type": "Bitmap Heap Scan", "Parent Relationship": "Inner", "Relation Name": "movie_info", "Alias": "mi", "Startup Cost": 0.45, "Total Cost": 4.52, "Plan Rows": 5, "Plan Width": 50, "Actual Min Startup Time": 0.077, "Actual Max Startup Time": 0.077, "Actual Min Total Time": 0.241, "Actual Max Total Time": 0.241, "Actual Total Rows": 221, "Recheck Cond": "(movie_id = mi_idx.movie_id)", "Rows Removed by Index Recheck": 0, "Exact Heap Blocks": 40, "Lossy Heap Blocks": 40, "Plans": [{"Node Type": "Bitmap Index Scan", "Parent Relationship": "Outer", "Index Name": "movie_id_movie_info", "Startup Cost": 0.0, "Total Cost": 0.45, "Plan Rows": 5, "Plan Width": 0, "Actual Min Startup Time": 0.058, "Actual Max Startup Time": 0.058, "Actual Min Total Time": 0.058, "Actual Max Total Time": 0.058, "Actual Total Rows": 221, "Index Cond": "(movie_id = mi_idx.movie_id)"}]}]}]}, {"Node Type": "Bitmap Heap Scan", "Parent Relationship": "Inner", "Relation Name": "movie_companies", "Alias": "mc", "Startup Cost": 0.27, "Total Cost": 4.29, "Plan Rows": 2, "Plan Width": 12, "Actual Min Startup Time": 0.065, "Actual Max Startup Time": 0.065, "Actual Min Total Time": 0.075, "Actual Max Total Time": 0.075, "Actual Total Rows": 33, "Recheck Cond": "(movie_id = mi.movie_id)", "Rows Removed by Index Recheck": 0, "Exact Heap Blocks": 4, "Lossy Heap Blocks": 4, "Plans": [{"Node Type": "Bitmap Index Scan", "Parent Relationship": "Outer", "Index Name": "movie_id_movie_companies", "Startup Cost": 0.0, "Total Cost": 0.27, "Plan Rows": 2, "Plan Width": 0, "Actual Min Startup Time": 0.032, "Actual Max Startup Time": 0.032, "Actual Min Total Time": 0.032, "Actual Max Total Time": 0.032, "Actual Total Rows": 33, "Index Cond": "(movie_id = mi.movie_id)"}]}]}, {"Node Type": "Materialize", "Parent Relationship": "Inner", "Startup Cost": 0.0, "Total Cost": 1.05, "Plan Rows": 2, "Plan Width": 4, "Actual Min Startup Time": 0.021, "Actual Max Startup Time": 0.021, "Actual Min Total Time": 0.029, "Actual Max Total Time": 0.029, "Actual Total Rows": 33, "Plans": [{"Node Type": "Seq Scan", "Parent Relationship": "Outer", "Relation Name": "company_type", "Alias": "ct", "Startup Cost": 0.0, "Total Cost": 1.04, "Plan Rows": 2, "Plan Width": 4, "Actual Min Startup Time": 0.015, "Actual Max Startup Time": 0.015, "Actual Min Total Time": 0.021, "Actual Max Total Time": 0.021, "Actual Total Rows": 1, "Filter": "((kind IS NOT NULL) AND (((kind)::text = 'production companies'::text) OR ((kind)::text = 'distributors'::text)))", "Rows Removed by Filter": 2}]}]}, {"Node Type": "Bitmap Heap Scan", "Parent Relationship": "Inner", "Relation Name": "company_name", "Alias": "cn", "Startup Cost": 0.26, "Total Cost": 4.27, "Plan Rows": 1, "Plan Width": 4, "Actual Min Startup Time": 0.059, "Actual Max Startup Time": 0.059, "Actual Min Total Time": 0.059, "Actual Max Total Time": 0.059, "Actual Total Rows": 5, "Recheck Cond": "(id = mc.company_id)", "Rows Removed by Index Recheck": 0, "Filter": "((country_code)::text = '[us]'::text)", "Rows Removed by Filter": 0, "Exact Heap Blocks": 5, "Lossy Heap Blocks": 5, "Plans": [{"Node Type": "Bitmap Index Scan", "Parent Relationship": "Outer", "Index Name": "company_name_pkey", "Startup Cost": 0.0, "Total Cost": 0.26, "Plan Rows": 1, "Plan Width": 0, "Actual Min Startup Time": 0.033, "Actual Max Startup Time": 0.033, "Actual Min Total Time": 0.033, "Actual Max Total Time": 0.033, "Actual Total Rows": 5, "Index Cond": "(id = mc.company_id)"}]}]}]}, "Triggers": [], "Planner Runtime": 203.427, "Total Runtime": 159.856, "Unique SQL Id": 1682224415}}, "(64, 39)": {"explain_plan": {"Plan": {"Node Type": "Aggregate", "Strategy": "Plain", "Startup Cost": 135083.51, "Total Cost": 135083.52, "Plan Rows": 1, "Plan Width": 123, "Plans": [{"Node Type": "Nested Loop", "Parent Relationship": "Outer", "Join Type": "Inner", "Startup Cost": 49668.32, "Total Cost": 135083.27, "Plan Rows": 48, "Plan Width": 59, "Inner Unique": true, "Plans": [{"Node Type": "Nested Loop", "Parent Relationship": "Outer", "Join Type": "Inner", "Startup Cost": 49668.06, "Total Cost": 135014.74, "Plan Rows": 16, "Plan Width": 63, "Inner Unique": true, "Plans": [{"Node Type": "Nested Loop", "Parent Relationship": "Outer", "Join Type": "Inner", "Startup Cost": 49667.8, "Total Cost": 134796.19, "Plan Rows": 51, "Plan Width": 67, "Inner Unique": true, "Plans": [{"Node Type": "Nested Loop", "Parent Relationship": "Outer", "Join Type": "Inner", "Startup Cost": 49667.54, "Total Cost": 134517.81, "Plan Rows": 65, "Plan Width": 71, "Inner Unique": false, "Join Filter": "(t.id = mi_idx.movie_id)", "Plans": [{"Node Type": "Nested Loop", "Parent Relationship": "Outer", "Join Type": "Inner", "Startup Cost": 49667.27, "Total Cost": 134336.51, "Plan Rows": 42, "Plan Width": 79, "Inner Unique": false, "Join Filter": "(mi.info_type_id = it1.id)", "Plans": [{"Node Type": "Bitmap Heap Scan", "Parent Relationship": "Outer", "Relation Name": "info_type", "Alias": "it1", "Startup Cost": 8.81, "Total Cost": 14.21, "Plan Rows": 1, "Plan Width": 4, "Filter": "((info)::text = 'budget'::text)", "Plans": [{"Node Type": "Bitmap Index Scan", "Parent Relationship": "Outer", "Index Name": "info_type_pkey", "Startup Cost": 0.0, "Total Cost": 8.81, "Plan Rows": 112, "Plan Width": 0}]}, {"Node Type": "Nested Loop", "Parent Relationship": "Inner", "Join Type": "Inner", "Startup Cost": 49658.46, "Total Cost": 134284.94, "Plan Rows": 2989, "Plan Width": 83, "Inner Unique": false, "Join Filter": "(t.id = mi.movie_id)", "Plans": [{"Node Type": "Nested Loop", "Parent Relationship": "Outer", "Join Type": "Inner", "Startup Cost": 49658.09, "Total Cost": 131831.96, "Plan Rows": 545, "Plan Width": 33, "Inner Unique": false, "Plans": [{"Node Type": "Bitmap Heap Scan", "Parent Relationship": "Outer", "Relation Name": "title", "Alias": "t", "Startup Cost": 49653.87, "Total Cost": 128685.31, "Plan Rows": 258, "Plan Width": 21, "Filter": "((production_year > 2000) AND (((title)::text ~~ 'Birdemic%'::text) OR ((title)::text ~~ '%Movie%'::text)))", "Plans": [{"Node Type": "Bitmap Index Scan", "Parent Relationship": "Outer", "Index Name": "title_pkey", "Startup Cost": 0.0, "Total Cost": 49653.81, "Plan Rows": 2528311, "Plan Width": 0}]}, {"Node Type": "Bitmap Heap Scan", "Parent Relationship": "Inner", "Relation Name": "movie_companies", "Alias": "mc", "Startup Cost": 4.22, "Total Cost": 12.18, "Plan Rows": 2, "Plan Width": 12, "Recheck Cond": "(movie_id = t.id)", "Plans": [{"Node Type": "Bitmap Index Scan", "Parent Relationship": "Outer", "Index Name": "movie_id_movie_companies", "Startup Cost": 0.0, "Total Cost": 4.22, "Plan Rows": 2, "Plan Width": 0, "Index Cond": "(movie_id = t.id)"}]}]}, {"Node Type": "Bitmap Heap Scan", "Parent Relationship": "Inner", "Relation Name": "movie_info", "Alias": "mi", "Startup Cost": 0.38, "Total Cost": 4.44, "Plan Rows": 5, "Plan Width": 50, "Recheck Cond": "(movie_id = mc.movie_id)", "Plans": [{"Node Type": "Bitmap Index Scan", "Parent Relationship": "Outer", "Index Name": "movie_id_movie_info", "Startup Cost": 0.0, "Total Cost": 0.37, "Plan Rows": 5, "Plan Width": 0, "Index Cond": "(movie_id = mc.movie_id)"}]}]}]}, {"Node Type": "Bitmap Heap Scan", "Parent Relationship": "Inner", "Relation Name": "movie_info_idx", "Alias": "mi_idx", "Startup Cost": 0.27, "Total Cost": 4.29, "Plan Rows": 2, "Plan Width": 8, "Recheck Cond": "(movie_id = mi.movie_id)", "Plans": [{"Node Type": "Bitmap Index Scan", "Parent Relationship": "Outer", "Index Name": "movie_id_movie_info_idx", "Startup Cost": 0.0, "Total Cost": 0.27, "Plan Rows": 2, "Plan Width": 0, "Index Cond": "(movie_id = mi.movie_id)"}]}]}, {"Node Type": "Bitmap Heap Scan", "Parent Relationship": "Inner", "Relation Name": "info_type", "Alias": "it2", "Startup Cost": 0.26, "Total Cost": 4.27, "Plan Rows": 1, "Plan Width": 4, "Recheck Cond": "(id = mi_idx.info_type_id)", "Filter": "((info)::text = 'bottom 10 rank'::text)", "Plans": [{"Node Type": "Bitmap Index Scan", "Parent Relationship": "Outer", "Index Name": "info_type_pkey", "Startup Cost": 0.0, "Total Cost": 0.26, "Plan Rows": 1, "Plan Width": 0, "Index Cond": "(id = mi_idx.info_type_id)"}]}]}, {"Node Type": "Bitmap Heap Scan", "Parent Relationship": "Inner", "Relation Name": "company_type", "Alias": "ct", "Startup Cost": 0.26, "Total Cost": 4.28, "Plan Rows": 1, "Plan Width": 4, "Recheck Cond": "(id = mc.company_type_id)", "Filter": "((kind IS NOT NULL) AND (((kind)::text = 'production companies'::text) OR ((kind)::text = 'distributors'::text)))", "Plans": [{"Node Type": "Bitmap Index Scan", "Parent Relationship": "Outer", "Index Name": "company_type_pkey", "Startup Cost": 0.0, "Total Cost": 0.26, "Plan Rows": 1, "Plan Width": 0, "Index Cond": "(id = mc.company_type_id)"}]}]}, {"Node Type": "Bitmap Heap Scan", "Parent Relationship": "Inner", "Relation Name": "company_name", "Alias": "cn", "Startup Cost": 0.26, "Total Cost": 4.27, "Plan Rows": 1, "Plan Width": 4, "Recheck Cond": "(id = mc.company_id)", "Filter": "((country_code)::text = '[us]'::text)", "Plans": [{"Node Type": "Bitmap Index Scan", "Parent Relationship": "Outer", "Index Name": "company_name_pkey", "Startup Cost": 0.0, "Total Cost": 0.26, "Plan Rows": 1, "Plan Width": 0, "Index Cond": "(id = mc.company_id)"}]}]}]}, "Unique SQL Id": 1682224415}, "explain_analyze_plan": null}, "(64, 40)": {"explain_plan": {"Plan": {"Node Type": "Aggregate", "Strategy": "Plain", "Startup Cost": 66648.03, "Total Cost": 66648.04, "Plan Rows": 1, "Plan Width": 123, "Plans": [{"Node Type": "Nested Loop", "Parent Relationship": "Outer", "Join Type": "Inner", "Startup Cost": 0.0, "Total Cost": 66648.01, "Plan Rows": 4, "Plan Width": 59, "Inner Unique": true, "Plans": [{"Node Type": "Nested Loop", "Parent Relationship": "Outer", "Join Type": "Inner", "Startup Cost": 0.0, "Total Cost": 66646.0, "Plan Rows": 7, "Plan Width": 63, "Inner Unique": true, "Join Filter": "(mc.company_type_id = ct.id)", "Plans": [{"Node Type": "Nested Loop", "Parent Relationship": "Outer", "Join Type": "Inner", "Startup Cost": 0.0, "Total Cost": 66643.42, "Plan Rows": 51, "Plan Width": 67, "Inner Unique": false, "Join Filter": "(mi.info_type_id = it1.id)", "Plans": [{"Node Type": "Seq Scan", "Parent Relationship": "Outer", "Relation Name": "info_type", "Alias": "it1", "Startup Cost": 0.0, "Total Cost": 2.4, "Plan Rows": 1, "Plan Width": 4, "Filter": "((info)::text = 'budget'::text)"}, {"Node Type": "Nested Loop", "Parent Relationship": "Inner", "Join Type": "Inner", "Startup Cost": 0.0, "Total Cost": 66621.88, "Plan Rows": 1531, "Plan Width": 71, "Inner Unique": false, "Join Filter": "(t.id = mi.movie_id)", "Plans": [{"Node Type": "Nested Loop", "Parent Relationship": "Outer", "Join Type": "Inner", "Startup Cost": 0.0, "Total Cost": 66469.22, "Plan Rows": 210, "Plan Width": 37, "Inner Unique": false, "Join Filter": "(t.id = mc.movie_id)", "Plans": [{"Node Type": "Nested Loop", "Parent Relationship": "Outer", "Join Type": "Inner", "Startup Cost": 0.0, "Total Cost": 66348.45, "Plan Rows": 311, "Plan Width": 25, "Inner Unique": false, "Join Filter": "(mi_idx.info_type_id = it2.id)", "Plans": [{"Node Type": "Seq Scan", "Parent Relationship": "Outer", "Relation Name": "info_type", "Alias": "it2", "Startup Cost": 0.0, "Total Cost": 2.4, "Plan Rows": 1, "Plan Width": 4, "Filter": "((info)::text = 'bottom 10 rank'::text)"}, {"Node Type": "Materialize", "Parent Relationship": "Inner", "Startup Cost": 0.0, "Total Cost": 66342.09, "Plan Rows": 396, "Plan Width": 29, "Plans": [{"Node Type": "Nested Loop", "Parent Relationship": "Outer", "Join Type": "Inner", "Startup Cost": 0.0, "Total Cost": 66341.1, "Plan Rows": 396, "Plan Width": 29, "Inner Unique": false, "Plans": [{"Node Type": "Streaming(type: LOCAL GATHER dop: 1/64)", "Parent Relationship": "Outer", "Startup Cost": 0.0, "Total Cost": 64240.19, "Plan Rows": 258, "Plan Width": 21, "Plans": [{"Node Type": "Seq Scan", "Parent Relationship": "Outer", "Relation Name": "title", "Alias": "t", "Startup Cost": 0.0, "Total Cost": 64234.87, "Plan Rows": 258, "Plan Width": 21, "Filter": "((production_year > 2000) AND (((title)::text ~~ 'Birdemic%'::text) OR ((title)::text ~~ '%Movie%'::text)))"}]}, {"Node Type": "Index Scan", "Parent Relationship": "Inner", "Scan Direction": "Forward", "Index Name": "movie_id_movie_info_idx", "Relation Name": "movie_info_idx", "Alias": "mi_idx", "Startup Cost": 0.0, "Total Cost": 8.12, "Plan Rows": 2, "Plan Width": 8, "Index Cond": "(movie_id = t.id)"}]}]}]}, {"Node Type": "Index Scan", "Parent Relationship": "Inner", "Scan Direction": "Forward", "Index Name": "movie_id_movie_companies", "Relation Name": "movie_companies", "Alias": "mc", "Startup Cost": 0.0, "Total Cost": 0.36, "Plan Rows": 2, "Plan Width": 12, "Index Cond": "(movie_id = mi_idx.movie_id)"}]}, {"Node Type": "Index Scan", "Parent Relationship": "Inner", "Scan Direction": "Forward", "Index Name": "movie_id_movie_info", "Relation Name": "movie_info", "Alias": "mi", "Startup Cost": 0.0, "Total Cost": 0.66, "Plan Rows": 5, "Plan Width": 50, "Index Cond": "(movie_id = mc.movie_id)"}]}]}, {"Node Type": "Materialize", "Parent Relationship": "Inner", "Startup Cost": 0.0, "Total Cost": 1.05, "Plan Rows": 2, "Plan Width": 4, "Plans": [{"Node Type": "Seq Scan", "Parent Relationship": "Outer", "Relation Name": "company_type", "Alias": "ct", "Startup Cost": 0.0, "Total Cost": 1.04, "Plan Rows": 2, "Plan Width": 4, "Filter": "((kind IS NOT NULL) AND (((kind)::text = 'production companies'::text) OR ((kind)::text = 'distributors'::text)))"}]}]}, {"Node Type": "Index Scan", "Parent Relationship": "Inner", "Scan Direction": "Forward", "Index Name": "company_name_pkey", "Relation Name": "company_name", "Alias": "cn", "Startup Cost": 0.0, "Total Cost": 0.28, "Plan Rows": 1, "Plan Width": 4, "Index Cond": "(id = mc.company_id)", "Filter": "((country_code)::text = '[us]'::text)"}]}]}, "Unique SQL Id": 1682224415}, "explain_analyze_plan": {"Plan": {"Node Type": "Aggregate", "Strategy": "Plain", "Startup Cost": 66648.03, "Total Cost": 66648.04, "Plan Rows": 1, "Plan Width": 123, "Actual Min Startup Time": 217.772, "Actual Max Startup Time": 217.772, "Actual Min Total Time": 217.772, "Actual Max Total Time": 217.772, "Actual Total Rows": 1, "Plans": [{"Node Type": "Nested Loop", "Parent Relationship": "Outer", "Join Type": "Inner", "Startup Cost": 0.0, "Total Cost": 66648.01, "Plan Rows": 4, "Plan Width": 59, "Actual Min Startup Time": 211.743, "Actual Max Startup Time": 211.743, "Actual Min Total Time": 217.672, "Actual Max Total Time": 217.672, "Actual Total Rows": 5, "Inner Unique": true, "Plans": [{"Node Type": "Nested Loop", "Parent Relationship": "Outer", "Join Type": "Inner", "Startup Cost": 0.0, "Total Cost": 66646.0, "Plan Rows": 7, "Plan Width": 63, "Actual Min Startup Time": 211.721, "Actual Max Startup Time": 211.721, "Actual Min Total Time": 217.591, "Actual Max Total Time": 217.591, "Actual Total Rows": 5, "Inner Unique": true, "Join Filter": "(mc.company_type_id = ct.id)", "Rows Removed by Join Filter": 28, "Plans": [{"Node Type": "Nested Loop", "Parent Relationship": "Outer", "Join Type": "Inner", "Startup Cost": 0.0, "Total Cost": 66643.42, "Plan Rows": 51, "Plan Width": 67, "Actual Min Startup Time": 211.472, "Actual Max Startup Time": 211.472, "Actual Min Total Time": 217.533, "Actual Max Total Time": 217.533, "Actual Total Rows": 33, "Inner Unique": false, "Join Filter": "(mi.info_type_id = it1.id)", "Rows Removed by Join Filter": 4926, "Plans": [{"Node Type": "Seq Scan", "Parent Relationship": "Outer", "Relation Name": "info_type", "Alias": "it1", "Startup Cost": 0.0, "Total Cost": 2.4, "Plan Rows": 1, "Plan Width": 4, "Actual Min Startup Time": 0.099, "Actual Max Startup Time": 0.099, "Actual Min Total Time": 0.107, "Actual Max Total Time": 0.107, "Actual Total Rows": 1, "Filter": "((info)::text = 'budget'::text)", "Rows Removed by Filter": 111}, {"Node Type": "Nested Loop", "Parent Relationship": "Inner", "Join Type": "Inner", "Startup Cost": 0.0, "Total Cost": 66621.88, "Plan Rows": 1531, "Plan Width": 71, "Actual Min Startup Time": 211.287, "Actual Max Startup Time": 211.287, "Actual Min Total Time": 216.404, "Actual Max Total Time": 216.404, "Actual Total Rows": 4959, "Inner Unique": false, "Join Filter": "(t.id = mi.movie_id)", "Rows Removed by Join Filter": 0, "Plans": [{"Node Type": "Nested Loop", "Parent Relationship": "Outer", "Join Type": "Inner", "Startup Cost": 0.0, "Total Cost": 66469.22, "Plan Rows": 210, "Plan Width": 37, "Actual Min Startup Time": 211.262, "Actual Max Startup Time": 211.262, "Actual Min Total Time": 212.181, "Actual Max Total Time": 212.181, "Actual Total Rows": 33, "Inner Unique": false, "Join Filter": "(t.id = mc.movie_id)", "Rows Removed by Join Filter": 0, "Plans": [{"Node Type": "Nested Loop", "Parent Relationship": "Outer", "Join Type": "Inner", "Startup Cost": 0.0, "Total Cost": 66348.45, "Plan Rows": 311, "Plan Width": 25, "Actual Min Startup Time": 211.236, "Actual Max Startup Time": 211.236, "Actual Min Total Time": 212.099, "Actual Max Total Time": 212.099, "Actual Total Rows": 2, "Inner Unique": false, "Join Filter": "(mi_idx.info_type_id = it2.id)", "Rows Removed by Join Filter": 2643, "Plans": [{"Node Type": "Seq Scan", "Parent Relationship": "Outer", "Relation Name": "info_type", "Alias": "it2", "Startup Cost": 0.0, "Total Cost": 2.4, "Plan Rows": 1, "Plan Width": 4, "Actual Min Startup Time": 0.088, "Actual Max Startup Time": 0.088, "Actual Min Total Time": 0.094, "Actual Max Total Time": 0.094, "Actual Total Rows": 1, "Filter": "((info)::text = 'bottom 10 rank'::text)", "Rows Removed by Filter": 111}, {"Node Type": "Materialize", "Parent Relationship": "Inner", "Startup Cost": 0.0, "Total Cost": 66342.09, "Plan Rows": 396, "Plan Width": 29, "Actual Min Startup Time": 211.127, "Actual Max Startup Time": 211.127, "Actual Min Total Time": 211.418, "Actual Max Total Time": 211.418, "Actual Total Rows": 2646, "Plans": [{"Node Type": "Nested Loop", "Parent Relationship": "Outer", "Join Type": "Inner", "Startup Cost": 0.0, "Total Cost": 66341.1, "Plan Rows": 396, "Plan Width": 29, "Actual Min Startup Time": 98.187, "Actual Max Startup Time": 98.187, "Actual Min Total Time": 210.25, "Actual Max Total Time": 210.25, "Actual Total Rows": 2645, "Inner Unique": false, "Plans": [{"Node Type": "Streaming(type: LOCAL GATHER dop: 1/64)", "Parent Relationship": "Outer", "Startup Cost": 0.0, "Total Cost": 64240.19, "Plan Rows": 258, "Plan Width": 21, "Actual Min Startup Time": 98.092, "Actual Max Startup Time": 98.092, "Actual Min Total Time": 195.165, "Actual Max Total Time": 195.165, "Actual Total Rows": 2536, "Plans": [{"Node Type": "Seq Scan", "Parent Relationship": "Outer", "Relation Name": "title", "Alias": "t", "Startup Cost": 0.0, "Total Cost": 64234.87, "Plan Rows": 258, "Plan Width": 21, "Actual Min Startup Time": 0.035, "Actual Max Startup Time": 7.299, "Actual Min Total Time": 19.422, "Actual Max Total Time": 35.945, "Actual Total Rows": 2536, "Filter": "((production_year > 2000) AND (((title)::text ~~ 'Birdemic%'::text) OR ((title)::text ~~ '%Movie%'::text)))", "Rows Removed by Filter": 2525775}]}, {"Node Type": "Index Scan", "Parent Relationship": "Inner", "Scan Direction": "Forward", "Index Name": "movie_id_movie_info_idx", "Relation Name": "movie_info_idx", "Alias": "mi_idx", "Startup Cost": 0.0, "Total Cost": 8.12, "Plan Rows": 2, "Plan Width": 8, "Actual Min Startup Time": 12.235, "Actual Max Startup Time": 12.235, "Actual Min Total Time": 13.216, "Actual Max Total Time": 13.216, "Actual Total Rows": 2645, "Index Cond": "(movie_id = t.id)", "Rows Removed by Index Recheck": 0}]}]}]}, {"Node Type": "Index Scan", "Parent Relationship": "Inner", "Scan Direction": "Forward", "Index Name": "movie_id_movie_companies", "Relation Name": "movie_companies", "Alias": "mc", "Startup Cost": 0.0, "Total Cost": 0.36, "Plan Rows": 2, "Plan Width": 12, "Actual Min Startup Time": 0.032, "Actual Max Startup Time": 0.032, "Actual Min Total Time": 0.052, "Actual Max Total Time": 0.052, "Actual Total Rows": 33, "Index Cond": "(movie_id = mi_idx.movie_id)", "Rows Removed by Index Recheck": 0}]}, {"Node Type": "Index Scan", "Parent Relationship": "Inner", "Scan Direction": "Forward", "Index Name": "movie_id_movie_info", "Relation Name": "movie_info", "Alias": "mi", "Startup Cost": 0.0, "Total Cost": 0.66, "Plan Rows": 5, "Plan Width": 50, "Actual Min Startup Time": 0.521, "Actual Max Startup Time": 0.521, "Actual Min Total Time": 2.643, "Actual Max Total Time": 2.643, "Actual Total Rows": 4959, "Index Cond": "(movie_id = mc.movie_id)", "Rows Removed by Index Recheck": 0}]}]}, {"Node Type": "Materialize", "Parent Relationship": "Inner", "Startup Cost": 0.0, "Total Cost": 1.05, "Plan Rows": 2, "Plan Width": 4, "Actual Min Startup Time": 0.017, "Actual Max Startup Time": 0.017, "Actual Min Total Time": 0.026, "Actual Max Total Time": 0.026, "Actual Total Rows": 33, "Plans": [{"Node Type": "Seq Scan", "Parent Relationship": "Outer", "Relation Name": "company_type", "Alias": "ct", "Startup Cost": 0.0, "Total Cost": 1.04, "Plan Rows": 2, "Plan Width": 4, "Actual Min Startup Time": 0.01, "Actual Max Startup Time": 0.01, "Actual Min Total Time": 0.014, "Actual Max Total Time": 0.014, "Actual Total Rows": 1, "Filter": "((kind IS NOT NULL) AND (((kind)::text = 'production companies'::text) OR ((kind)::text = 'distributors'::text)))", "Rows Removed by Filter": 2}]}]}, {"Node Type": "Index Scan", "Parent Relationship": "Inner", "Scan Direction": "Forward", "Index Name": "company_name_pkey", "Relation Name": "company_name", "Alias": "cn", "Startup Cost": 0.0, "Total Cost": 0.28, "Plan Rows": 1, "Plan Width": 4, "Actual Min Startup Time": 0.069, "Actual Max Startup Time": 0.069, "Actual Min Total Time": 0.069, "Actual Max Total Time": 0.069, "Actual Total Rows": 5, "Index Cond": "(id = mc.company_id)", "Rows Removed by Index Recheck": 0, "Filter": "((country_code)::text = '[us]'::text)", "Rows Removed by Filter": 0}]}]}, "Triggers": [], "Planner Runtime": 196.957, "Total Runtime": 230.445, "Unique SQL Id": 1682224415}}, "(64, 41)": {"explain_plan": {"Plan": {"Node Type": "Aggregate", "Strategy": "Plain", "Startup Cost": 131509.23, "Total Cost": 131509.24, "Plan Rows": 1, "Plan Width": 123, "Plans": [{"Node Type": "Nested Loop", "Parent Relationship": "Outer", "Join Type": "Inner", "Startup Cost": 0.0, "Total Cost": 131508.99, "Plan Rows": 48, "Plan Width": 59, "Inner Unique": true, "Plans": [{"Node Type": "Nested Loop", "Parent Relationship": "Outer", "Join Type": "Inner", "Startup Cost": 0.0, "Total Cost": 131506.98, "Plan Rows": 7, "Plan Width": 63, "Inner Unique": true, "Plans": [{"Node Type": "Nested Loop", "Parent Relationship": "Outer", "Join Type": "Inner", "Startup Cost": 0.0, "Total Cost": 131505.55, "Plan Rows": 5, "Plan Width": 67, "Inner Unique": false, "Join Filter": "(mi.info_type_id = it1.id)", "Plans": [{"Node Type": "Index Scan", "Parent Relationship": "Outer", "Scan Direction": "Forward", "Index Name": "info_type_pkey", "Relation Name": "info_type", "Alias": "it1", "Startup Cost": 0.0, "Total Cost": 14.21, "Plan Rows": 1, "Plan Width": 4, "Filter": "((info)::text = 'budget'::text)"}, {"Node Type": "Nested Loop", "Parent Relationship": "Inner", "Join Type": "Inner", "Startup Cost": 0.0, "Total Cost": 131477.32, "Plan Rows": 1122, "Plan Width": 71, "Inner Unique": false, "Join Filter": "(t.id = mi.movie_id)", "Plans": [{"Node Type": "Nested Loop", "Parent Relationship": "Outer", "Join Type": "Inner", "Startup Cost": 0.0, "Total Cost": 131324.66, "Plan Rows": 210, "Plan Width": 37, "Inner Unique": false, "Join Filter": "(t.id = mc.movie_id)", "Plans": [{"Node Type": "Nested Loop", "Parent Relationship": "Outer", "Join Type": "Inner", "Startup Cost": 0.0, "Total Cost": 131203.89, "Plan Rows": 311, "Plan Width": 25, "Inner Unique": true, "Join Filter": "(mi_idx.info_type_id = it2.id)", "Plans": [{"Node Type": "Nested Loop", "Parent Relationship": "Outer", "Join Type": "Inner", "Startup Cost": 0.0, "Total Cost": 131183.74, "Plan Rows": 396, "Plan Width": 29, "Inner Unique": false, "Plans": [{"Node Type": "Index Scan", "Parent Relationship": "Outer", "Scan Direction": "Forward", "Index Name": "title_pkey", "Relation Name": "title", "Alias": "t", "Startup Cost": 0.0, "Total Cost": 129082.82, "Plan Rows": 258, "Plan Width": 21, "Filter": "((production_year > 2000) AND (((title)::text ~~ 'Birdemic%'::text) OR ((title)::text ~~ '%Movie%'::text)))"}, {"Node Type": "Index Scan", "Parent Relationship": "Inner", "Scan Direction": "Forward", "Index Name": "movie_id_movie_info_idx", "Relation Name": "movie_info_idx", "Alias": "mi_idx", "Startup Cost": 0.0, "Total Cost": 8.12, "Plan Rows": 2, "Plan Width": 8, "Index Cond": "(movie_id = t.id)"}]}, {"Node Type": "Materialize", "Parent Relationship": "Inner", "Startup Cost": 0.0, "Total Cost": 14.22, "Plan Rows": 1, "Plan Width": 4, "Plans": [{"Node Type": "Index Scan", "Parent Relationship": "Outer", "Scan Direction": "Forward", "Index Name": "info_type_pkey", "Relation Name": "info_type", "Alias": "it2", "Startup Cost": 0.0, "Total Cost": 14.21, "Plan Rows": 1, "Plan Width": 4, "Filter": "((info)::text = 'bottom 10 rank'::text)"}]}]}, {"Node Type": "Index Scan", "Parent Relationship": "Inner", "Scan Direction": "Forward", "Index Name": "movie_id_movie_companies", "Relation Name": "movie_companies", "Alias": "mc", "Startup Cost": 0.0, "Total Cost": 0.36, "Plan Rows": 2, "Plan Width": 12, "Index Cond": "(movie_id = mi_idx.movie_id)"}]}, {"Node Type": "Index Scan", "Parent Relationship": "Inner", "Scan Direction": "Forward", "Index Name": "movie_id_movie_info", "Relation Name": "movie_info", "Alias": "mi", "Startup Cost": 0.0, "Total Cost": 0.66, "Plan Rows": 5, "Plan Width": 50, "Index Cond": "(movie_id = mc.movie_id)"}]}]}, {"Node Type": "Index Scan", "Parent Relationship": "Inner", "Scan Direction": "Forward", "Index Name": "company_type_pkey", "Relation Name": "company_type", "Alias": "ct", "Startup Cost": 0.0, "Total Cost": 0.28, "Plan Rows": 1, "Plan Width": 4, "Index Cond": "(id = mc.company_type_id)", "Filter": "((kind IS NOT NULL) AND (((kind)::text = 'production companies'::text) OR ((kind)::text = 'distributors'::text)))"}]}, {"Node Type": "Index Scan", "Parent Relationship": "Inner", "Scan Direction": "Forward", "Index Name": "company_name_pkey", "Relation Name": "company_name", "Alias": "cn", "Startup Cost": 0.0, "Total Cost": 0.28, "Plan Rows": 1, "Plan Width": 4, "Index Cond": "(id = mc.company_id)", "Filter": "((country_code)::text = '[us]'::text)"}]}]}, "Unique SQL Id": 1682224415}, "explain_analyze_plan": null}, "(64, 42)": {"explain_plan": {"Plan": {"Node Type": "Aggregate", "Strategy": "Plain", "Startup Cost": 229778.9, "Total Cost": 229778.91, "Plan Rows": 1, "Plan Width": 123, "Plans": [{"Node Type": "Nested Loop", "Parent Relationship": "Outer", "Join Type": "Inner", "Startup Cost": 138212.07, "Total Cost": 229778.83, "Plan Rows": 14, "Plan Width": 59, "Inner Unique": true, "Join Filter": "(mc.company_type_id = ct.id)", "Plans": [{"Node Type": "Nested Loop", "Parent Relationship": "Outer", "Join Type": "Inner", "Startup Cost": 138212.07, "Total Cost": 229777.36, "Plan Rows": 14, "Plan Width": 63, "Inner Unique": false, "Join Filter": "(mi_idx.info_type_id = it2.id)", "Plans": [{"Node Type": "Seq Scan", "Parent Relationship": "Outer", "Relation Name": "info_type", "Alias": "it2", "Startup Cost": 0.0, "Total Cost": 2.4, "Plan Rows": 1, "Plan Width": 4, "Filter": "((info)::text = 'bottom 10 rank'::text)"}, {"Node Type": "Nested Loop", "Parent Relationship": "Inner", "Join Type": "Inner", "Startup Cost": 138212.07, "Total Cost": 229774.27, "Plan Rows": 55, "Plan Width": 67, "Inner Unique": false, "Join Filter": "(mi.info_type_id = it1.id)", "Plans": [{"Node Type": "Seq Scan", "Parent Relationship": "Outer", "Relation Name": "info_type", "Alias": "it1", "Startup Cost": 0.0, "Total Cost": 2.4, "Plan Rows": 1, "Plan Width": 4, "Filter": "((info)::text = 'budget'::text)"}, {"Node Type": "Materialize", "Parent Relationship": "Inner", "Startup Cost": 138212.07, "Total Cost": 229732.88, "Plan Rows": 3899, "Plan Width": 71, "Plans": [{"Node Type": "Hash Join", "Parent Relationship": "Outer", "Join Type": "Inner", "Startup Cost": 138212.07, "Total Cost": 229723.13, "Plan Rows": 3899, "Plan Width": 71, "Inner Unique": true, "Hash Cond": "(mc.company_id = cn.id)", "Plans": [{"Node Type": "Streaming(type: LOCAL GATHER dop: 1/64)", "Parent Relationship": "Outer", "Startup Cost": 135671.58, "Total Cost": 227109.8, "Plan Rows": 4648, "Plan Width": 75, "Plans": [{"Node Type": "Hash Join", "Parent Relationship": "Outer", "Join Type": "Inner", "Startup Cost": 135671.58, "Total Cost": 227013.91, "Plan Rows": 4648, "Plan Width": 75, "Inner Unique": false, "Hash Cond": "(t.id = mi.movie_id)", "Plans": [{"Node Type": "Streaming(type: BROADCAST dop: 64/1)", "Parent Relationship": "Outer", "Startup Cost": 115857.19, "Total Cost": 207150.46, "Plan Rows": 53824, "Plan Width": 41, "Plans": [{"Node Type": "Hash Join", "Parent Relationship": "Outer", "Join Type": "Inner", "Startup Cost": 115857.19, "Total Cost": 143040.08, "Plan Rows": 841, "Plan Width": 41, "Inner Unique": false, "Hash Cond": "(mi_idx.movie_id = t.id)", "Plans": [{"Node Type": "Seq Scan", "Parent Relationship": "Outer", "Relation Name": "movie_info_idx", "Alias": "mi_idx", "Startup Cost": 0.0, "Total Cost": 20274.34, "Plan Rows": 1380034, "Plan Width": 8}, {"Node Type": "Hash", "Parent Relationship": "Inner", "Startup Cost": 115850.37, "Total Cost": 115850.37, "Plan Rows": 545, "Plan Width": 33, "Plans": [{"Node Type": "Hash Join", "Parent Relationship": "Outer", "Join Type": "Inner", "Startup Cost": 64243.41, "Total Cost": 115850.37, "Plan Rows": 545, "Plan Width": 33, "Inner Unique": true, "Hash Cond": "(mc.movie_id = t.id)", "Plans": [{"Node Type": "Seq Scan", "Parent Relationship": "Outer", "Relation Name": "movie_companies", "Alias": "mc", "Startup Cost": 0.0, "Total Cost": 41817.28, "Plan Rows": 2609128, "Plan Width": 12}, {"Node Type": "Hash", "Parent Relationship": "Inner", "Startup Cost": 64240.19, "Total Cost": 64240.19, "Plan Rows": 258, "Plan Width": 21, "Plans": [{"Node Type": "Streaming(type: LOCAL GATHER dop: 1/64)", "Parent Relationship": "Outer", "Startup Cost": 0.0, "Total Cost": 64240.19, "Plan Rows": 258, "Plan Width": 21, "Plans": [{"Node Type": "Seq Scan", "Parent Relationship": "Outer", "Relation Name": "title", "Alias": "t", "Startup Cost": 0.0, "Total Cost": 64234.87, "Plan Rows": 258, "Plan Width": 21, "Filter": "((production_year > 2000) AND (((title)::text ~~ 'Birdemic%'::text) OR ((title)::text ~~ '%Movie%'::text)))"}]}]}]}]}]}]}, {"Node Type": "Hash", "Parent Relationship": "Inner", "Startup Cost": 67640.43, "Total Cost": 67640.43, "Plan Rows": 14869966, "Plan Width": 50, "Plans": [{"Node Type": "Seq Scan", "Parent Relationship": "Outer", "Relation Name": "movie_info", "Alias": "mi", "Startup Cost": 0.0, "Total Cost": 67640.43, "Plan Rows": 14869966, "Plan Width": 50}]}]}]}, {"Node Type": "Hash", "Parent Relationship": "Inner", "Startup Cost": 5903.45, "Total Cost": 5903.45, "Plan Rows": 85170, "Plan Width": 4, "Plans": [{"Node Type": "Seq Scan", "Parent Relationship": "Outer", "Relation Name": "company_name", "Alias": "cn", "Startup Cost": 0.0, "Total Cost": 5903.45, "Plan Rows": 85170, "Plan Width": 4, "Filter": "((country_code)::text = '[us]'::text)"}]}]}]}]}]}, {"Node Type": "Materialize", "Parent Relationship": "Inner", "Startup Cost": 0.0, "Total Cost": 1.05, "Plan Rows": 2, "Plan Width": 4, "Plans": [{"Node Type": "Seq Scan", "Parent Relationship": "Outer", "Relation Name": "company_type", "Alias": "ct", "Startup Cost": 0.0, "Total Cost": 1.04, "Plan Rows": 2, "Plan Width": 4, "Filter": "((kind IS NOT NULL) AND (((kind)::text = 'production companies'::text) OR ((kind)::text = 'distributors'::text)))"}]}]}]}, "Unique SQL Id": 1682224415}, "explain_analyze_plan": null}, "(64, 43)": {"explain_plan": {"Plan": {"Node Type": "Aggregate", "Strategy": "Plain", "Startup Cost": 8000138512817.18, "Total Cost": 8000138512817.19, "Plan Rows": 1, "Plan Width": 123, "Plans": [{"Node Type": "Nested Loop", "Parent Relationship": "Outer", "Join Type": "Inner", "Startup Cost": 80000000000.0, "Total Cost": 8000138512816.94, "Plan Rows": 48, "Plan Width": 59, "Inner Unique": true, "Join Filter": "(mc.company_type_id = ct.id)", "Plans": [{"Node Type": "Nested Loop", "Parent Relationship": "Outer", "Join Type": "Inner", "Startup Cost": 70000000000.0, "Total Cost": 7000138511584.5, "Plan Rows": 48, "Plan Width": 63, "Inner Unique": true, "Join Filter": "(mc.company_id = cn.id)", "Plans": [{"Node Type": "Nested Loop", "Parent Relationship": "Outer", "Join Type": "Inner", "Startup Cost": 60000000000.0, "Total Cost": 6000137180171.6, "Plan Rows": 220, "Plan Width": 67, "Inner Unique": false, "Join Filter": "(t.id = mc.movie_id)", "Plans": [{"Node Type": "Index Scan", "Parent Relationship": "Outer", "Scan Direction": "Forward", "Index Name": "company_type_id_movie_companies", "Relation Name": "movie_companies", "Alias": "mc", "Startup Cost": 10000000000.0, "Total Cost": 1000009318217.0, "Plan Rows": 2609128, "Plan Width": 12}, {"Node Type": "Materialize", "Parent Relationship": "Inner", "Startup Cost": 50000000000.0, "Total Cost": 5000123830852.1, "Plan Rows": 103, "Plan Width": 71, "Plans": [{"Node Type": "Nested Loop", "Parent Relationship": "Outer", "Join Type": "Inner", "Startup Cost": 50000000000.0, "Total Cost": 5000123830851.59, "Plan Rows": 103, "Plan Width": 71, "Inner Unique": false, "Join Filter": "(mi_idx.movie_id = t.id)", "Plans": [{"Node Type": "Nested Loop", "Parent Relationship": "Outer", "Join Type": "Inner", "Startup Cost": 20000000000.0, "Total Cost": 2000004672156.88, "Plan Rows": 345008, "Plan Width": 4, "Inner Unique": true, "Join Filter": "(it2.id = mi_idx.info_type_id), (LLVM Optimized)", "Plans": [{"Node Type": "Index Scan", "Parent Relationship": "Outer", "Scan Direction": "Forward", "Index Name": "movie_id_movie_info_idx", "Relation Name": "movie_info_idx", "Alias": "mi_idx", "Startup Cost": 10000000000.0, "Total Cost": 1000004650035.37, "Plan Rows": 1380034, "Plan Width": 8}, {"Node Type": "Materialize", "Parent Relationship": "Inner", "Startup Cost": 10000000000.0, "Total Cost": 1000000001421.0, "Plan Rows": 1, "Plan Width": 4, "Plans": [{"Node Type": "Index Scan", "Parent Relationship": "Outer", "Scan Direction": "Forward", "Index Name": "info_type_pkey", "Relation Name": "info_type", "Alias": "it2", "Startup Cost": 10000000000.0, "Total Cost": 1000000001421.0, "Plan Rows": 1, "Plan Width": 4, "Filter": "((info)::text = 'bottom 10 rank'::text)"}]}]}, {"Node Type": "Materialize", "Parent Relationship": "Inner", "Startup Cost": 30000000000.0, "Total Cost": 3000117771763.22, "Plan Rows": 268, "Plan Width": 67, "Plans": [{"Node Type": "Nested Loop", "Parent Relationship": "Outer", "Join Type": "Inner", "Startup Cost": 30000000000.0, "Total Cost": 3000117771761.88, "Plan Rows": 268, "Plan Width": 67, "Inner Unique": true, "Join Filter": "(mi.movie_id = t.id)", "Plans": [{"Node Type": "Nested Loop", "Parent Relationship": "Outer", "Join Type": "Inner", "Startup Cost": 20000000000.0, "Total Cost": 2000104041382.71, "Plan Rows": 212428, "Plan Width": 46, "Inner Unique": true, "Join Filter": "(it1.id = mi.info_type_id), (LLVM Optimized)", "Plans": [{"Node Type": "Index Scan", "Parent Relationship": "Outer", "Scan Direction": "Forward", "Index Name": "movie_id_movie_info", "Relation Name": "movie_info", "Alias": "mi", "Startup Cost": 10000000000.0, "Total Cost": 1000103816912.22, "Plan Rows": 14869966, "Plan Width": 50}, {"Node Type": "Materialize", "Parent Relationship": "Inner", "Startup Cost": 10000000000.0, "Total Cost": 1000000001421.0, "Plan Rows": 1, "Plan Width": 4, "Plans": [{"Node Type": "Index Scan", "Parent Relationship": "Outer", "Scan Direction": "Forward", "Index Name": "info_type_pkey", "Relation Name": "info_type", "Alias": "it1", "Startup Cost": 10000000000.0, "Total Cost": 1000000001421.0, "Plan Rows": 1, "Plan Width": 4, "Filter": "((info)::text = 'budget'::text)"}]}]}, {"Node Type": "Materialize", "Parent Relationship": "Inner", "Startup Cost": 10000000000.0, "Total Cost": 1000012908283.45, "Plan Rows": 258, "Plan Width": 21, "Plans": [{"Node Type": "Index Scan", "Parent Relationship": "Outer", "Scan Direction": "Forward", "Index Name": "title_pkey", "Relation Name": "title", "Alias": "t", "Startup Cost": 10000000000.0, "Total Cost": 1000012908282.16, "Plan Rows": 258, "Plan Width": 21, "Filter": "((production_year > 2000) AND (((title)::text ~~ 'Birdemic%'::text) OR ((title)::text ~~ '%Movie%'::text)))"}]}]}]}]}]}]}, {"Node Type": "Materialize", "Parent Relationship": "Inner", "Startup Cost": 10000000000.0, "Total Cost": 1000001050564.82, "Plan Rows": 85170, "Plan Width": 4, "Plans": [{"Node Type": "Index Scan", "Parent Relationship": "Outer", "Scan Direction": "Forward", "Index Name": "company_name_pkey", "Relation Name": "company_name", "Alias": "cn", "Startup Cost": 10000000000.0, "Total Cost": 1000001050138.97, "Plan Rows": 85170, "Plan Width": 4, "Filter": "((country_code)::text = '[us]'::text)"}]}]}, {"Node Type": "Materialize", "Parent Relationship": "Inner", "Startup Cost": 10000000000.0, "Total Cost": 1000000001231.01, "Plan Rows": 2, "Plan Width": 4, "Plans": [{"Node Type": "Index Scan", "Parent Relationship": "Outer", "Scan Direction": "Forward", "Index Name": "company_type_pkey", "Relation Name": "company_type", "Alias": "ct", "Startup Cost": 10000000000.0, "Total Cost": 1000000001231.0, "Plan Rows": 2, "Plan Width": 4, "Filter": "((kind IS NOT NULL) AND (((kind)::text = 'production companies'::text) OR ((kind)::text = 'distributors'::text)))"}]}]}]}, "Unique SQL Id": 1682224415}, "explain_analyze_plan": null}, "(64, 44)": {"explain_plan": {"Plan": {"Node Type": "Aggregate", "Strategy": "Plain", "Startup Cost": 66648.03, "Total Cost": 66648.04, "Plan Rows": 1, "Plan Width": 123, "Plans": [{"Node Type": "Nested Loop", "Parent Relationship": "Outer", "Join Type": "Inner", "Startup Cost": 0.0, "Total Cost": 66648.01, "Plan Rows": 4, "Plan Width": 59, "Inner Unique": true, "Plans": [{"Node Type": "Nested Loop", "Parent Relationship": "Outer", "Join Type": "Inner", "Startup Cost": 0.0, "Total Cost": 66646.0, "Plan Rows": 7, "Plan Width": 63, "Inner Unique": true, "Join Filter": "(mc.company_type_id = ct.id)", "Plans": [{"Node Type": "Nested Loop", "Parent Relationship": "Outer", "Join Type": "Inner", "Startup Cost": 0.0, "Total Cost": 66643.42, "Plan Rows": 51, "Plan Width": 67, "Inner Unique": false, "Join Filter": "(mi.info_type_id = it1.id)", "Plans": [{"Node Type": "Seq Scan", "Parent Relationship": "Outer", "Relation Name": "info_type", "Alias": "it1", "Startup Cost": 0.0, "Total Cost": 2.4, "Plan Rows": 1, "Plan Width": 4, "Filter": "((info)::text = 'budget'::text)"}, {"Node Type": "Nested Loop", "Parent Relationship": "Inner", "Join Type": "Inner", "Startup Cost": 0.0, "Total Cost": 66621.88, "Plan Rows": 1531, "Plan Width": 71, "Inner Unique": false, "Join Filter": "(t.id = mi.movie_id)", "Plans": [{"Node Type": "Nested Loop", "Parent Relationship": "Outer", "Join Type": "Inner", "Startup Cost": 0.0, "Total Cost": 66469.22, "Plan Rows": 210, "Plan Width": 37, "Inner Unique": false, "Join Filter": "(t.id = mc.movie_id)", "Plans": [{"Node Type": "Nested Loop", "Parent Relationship": "Outer", "Join Type": "Inner", "Startup Cost": 0.0, "Total Cost": 66348.45, "Plan Rows": 311, "Plan Width": 25, "Inner Unique": false, "Join Filter": "(mi_idx.info_type_id = it2.id)", "Plans": [{"Node Type": "Seq Scan", "Parent Relationship": "Outer", "Relation Name": "info_type", "Alias": "it2", "Startup Cost": 0.0, "Total Cost": 2.4, "Plan Rows": 1, "Plan Width": 4, "Filter": "((info)::text = 'bottom 10 rank'::text)"}, {"Node Type": "Materialize", "Parent Relationship": "Inner", "Startup Cost": 0.0, "Total Cost": 66342.09, "Plan Rows": 396, "Plan Width": 29, "Plans": [{"Node Type": "Nested Loop", "Parent Relationship": "Outer", "Join Type": "Inner", "Startup Cost": 0.0, "Total Cost": 66341.1, "Plan Rows": 396, "Plan Width": 29, "Inner Unique": false, "Plans": [{"Node Type": "Streaming(type: LOCAL GATHER dop: 1/64)", "Parent Relationship": "Outer", "Startup Cost": 0.0, "Total Cost": 64240.19, "Plan Rows": 258, "Plan Width": 21, "Plans": [{"Node Type": "Seq Scan", "Parent Relationship": "Outer", "Relation Name": "title", "Alias": "t", "Startup Cost": 0.0, "Total Cost": 64234.87, "Plan Rows": 258, "Plan Width": 21, "Filter": "((production_year > 2000) AND (((title)::text ~~ 'Birdemic%'::text) OR ((title)::text ~~ '%Movie%'::text)))"}]}, {"Node Type": "Index Scan", "Parent Relationship": "Inner", "Scan Direction": "Forward", "Index Name": "movie_id_movie_info_idx", "Relation Name": "movie_info_idx", "Alias": "mi_idx", "Startup Cost": 0.0, "Total Cost": 8.12, "Plan Rows": 2, "Plan Width": 8, "Index Cond": "(movie_id = t.id)"}]}]}]}, {"Node Type": "Index Scan", "Parent Relationship": "Inner", "Scan Direction": "Forward", "Index Name": "movie_id_movie_companies", "Relation Name": "movie_companies", "Alias": "mc", "Startup Cost": 0.0, "Total Cost": 0.36, "Plan Rows": 2, "Plan Width": 12, "Index Cond": "(movie_id = mi_idx.movie_id)"}]}, {"Node Type": "Index Scan", "Parent Relationship": "Inner", "Scan Direction": "Forward", "Index Name": "movie_id_movie_info", "Relation Name": "movie_info", "Alias": "mi", "Startup Cost": 0.0, "Total Cost": 0.66, "Plan Rows": 5, "Plan Width": 50, "Index Cond": "(movie_id = mc.movie_id)"}]}]}, {"Node Type": "Materialize", "Parent Relationship": "Inner", "Startup Cost": 0.0, "Total Cost": 1.05, "Plan Rows": 2, "Plan Width": 4, "Plans": [{"Node Type": "Seq Scan", "Parent Relationship": "Outer", "Relation Name": "company_type", "Alias": "ct", "Startup Cost": 0.0, "Total Cost": 1.04, "Plan Rows": 2, "Plan Width": 4, "Filter": "((kind IS NOT NULL) AND (((kind)::text = 'production companies'::text) OR ((kind)::text = 'distributors'::text)))"}]}]}, {"Node Type": "Index Scan", "Parent Relationship": "Inner", "Scan Direction": "Forward", "Index Name": "company_name_pkey", "Relation Name": "company_name", "Alias": "cn", "Startup Cost": 0.0, "Total Cost": 0.28, "Plan Rows": 1, "Plan Width": 4, "Index Cond": "(id = mc.company_id)", "Filter": "((country_code)::text = '[us]'::text)"}]}]}, "Unique SQL Id": 1682224415}, "explain_analyze_plan": {"Plan": {"Node Type": "Aggregate", "Strategy": "Plain", "Startup Cost": 66648.03, "Total Cost": 66648.04, "Plan Rows": 1, "Plan Width": 123, "Actual Min Startup Time": 217.772, "Actual Max Startup Time": 217.772, "Actual Min Total Time": 217.772, "Actual Max Total Time": 217.772, "Actual Total Rows": 1, "Plans": [{"Node Type": "Nested Loop", "Parent Relationship": "Outer", "Join Type": "Inner", "Startup Cost": 0.0, "Total Cost": 66648.01, "Plan Rows": 4, "Plan Width": 59, "Actual Min Startup Time": 211.743, "Actual Max Startup Time": 211.743, "Actual Min Total Time": 217.672, "Actual Max Total Time": 217.672, "Actual Total Rows": 5, "Inner Unique": true, "Plans": [{"Node Type": "Nested Loop", "Parent Relationship": "Outer", "Join Type": "Inner", "Startup Cost": 0.0, "Total Cost": 66646.0, "Plan Rows": 7, "Plan Width": 63, "Actual Min Startup Time": 211.721, "Actual Max Startup Time": 211.721, "Actual Min Total Time": 217.591, "Actual Max Total Time": 217.591, "Actual Total Rows": 5, "Inner Unique": true, "Join Filter": "(mc.company_type_id = ct.id)", "Rows Removed by Join Filter": 28, "Plans": [{"Node Type": "Nested Loop", "Parent Relationship": "Outer", "Join Type": "Inner", "Startup Cost": 0.0, "Total Cost": 66643.42, "Plan Rows": 51, "Plan Width": 67, "Actual Min Startup Time": 211.472, "Actual Max Startup Time": 211.472, "Actual Min Total Time": 217.533, "Actual Max Total Time": 217.533, "Actual Total Rows": 33, "Inner Unique": false, "Join Filter": "(mi.info_type_id = it1.id)", "Rows Removed by Join Filter": 4926, "Plans": [{"Node Type": "Seq Scan", "Parent Relationship": "Outer", "Relation Name": "info_type", "Alias": "it1", "Startup Cost": 0.0, "Total Cost": 2.4, "Plan Rows": 1, "Plan Width": 4, "Actual Min Startup Time": 0.099, "Actual Max Startup Time": 0.099, "Actual Min Total Time": 0.107, "Actual Max Total Time": 0.107, "Actual Total Rows": 1, "Filter": "((info)::text = 'budget'::text)", "Rows Removed by Filter": 111}, {"Node Type": "Nested Loop", "Parent Relationship": "Inner", "Join Type": "Inner", "Startup Cost": 0.0, "Total Cost": 66621.88, "Plan Rows": 1531, "Plan Width": 71, "Actual Min Startup Time": 211.287, "Actual Max Startup Time": 211.287, "Actual Min Total Time": 216.404, "Actual Max Total Time": 216.404, "Actual Total Rows": 4959, "Inner Unique": false, "Join Filter": "(t.id = mi.movie_id)", "Rows Removed by Join Filter": 0, "Plans": [{"Node Type": "Nested Loop", "Parent Relationship": "Outer", "Join Type": "Inner", "Startup Cost": 0.0, "Total Cost": 66469.22, "Plan Rows": 210, "Plan Width": 37, "Actual Min Startup Time": 211.262, "Actual Max Startup Time": 211.262, "Actual Min Total Time": 212.181, "Actual Max Total Time": 212.181, "Actual Total Rows": 33, "Inner Unique": false, "Join Filter": "(t.id = mc.movie_id)", "Rows Removed by Join Filter": 0, "Plans": [{"Node Type": "Nested Loop", "Parent Relationship": "Outer", "Join Type": "Inner", "Startup Cost": 0.0, "Total Cost": 66348.45, "Plan Rows": 311, "Plan Width": 25, "Actual Min Startup Time": 211.236, "Actual Max Startup Time": 211.236, "Actual Min Total Time": 212.099, "Actual Max Total Time": 212.099, "Actual Total Rows": 2, "Inner Unique": false, "Join Filter": "(mi_idx.info_type_id = it2.id)", "Rows Removed by Join Filter": 2643, "Plans": [{"Node Type": "Seq Scan", "Parent Relationship": "Outer", "Relation Name": "info_type", "Alias": "it2", "Startup Cost": 0.0, "Total Cost": 2.4, "Plan Rows": 1, "Plan Width": 4, "Actual Min Startup Time": 0.088, "Actual Max Startup Time": 0.088, "Actual Min Total Time": 0.094, "Actual Max Total Time": 0.094, "Actual Total Rows": 1, "Filter": "((info)::text = 'bottom 10 rank'::text)", "Rows Removed by Filter": 111}, {"Node Type": "Materialize", "Parent Relationship": "Inner", "Startup Cost": 0.0, "Total Cost": 66342.09, "Plan Rows": 396, "Plan Width": 29, "Actual Min Startup Time": 211.127, "Actual Max Startup Time": 211.127, "Actual Min Total Time": 211.418, "Actual Max Total Time": 211.418, "Actual Total Rows": 2646, "Plans": [{"Node Type": "Nested Loop", "Parent Relationship": "Outer", "Join Type": "Inner", "Startup Cost": 0.0, "Total Cost": 66341.1, "Plan Rows": 396, "Plan Width": 29, "Actual Min Startup Time": 98.187, "Actual Max Startup Time": 98.187, "Actual Min Total Time": 210.25, "Actual Max Total Time": 210.25, "Actual Total Rows": 2645, "Inner Unique": false, "Plans": [{"Node Type": "Streaming(type: LOCAL GATHER dop: 1/64)", "Parent Relationship": "Outer", "Startup Cost": 0.0, "Total Cost": 64240.19, "Plan Rows": 258, "Plan Width": 21, "Actual Min Startup Time": 98.092, "Actual Max Startup Time": 98.092, "Actual Min Total Time": 195.165, "Actual Max Total Time": 195.165, "Actual Total Rows": 2536, "Plans": [{"Node Type": "Seq Scan", "Parent Relationship": "Outer", "Relation Name": "title", "Alias": "t", "Startup Cost": 0.0, "Total Cost": 64234.87, "Plan Rows": 258, "Plan Width": 21, "Actual Min Startup Time": 0.035, "Actual Max Startup Time": 7.299, "Actual Min Total Time": 19.422, "Actual Max Total Time": 35.945, "Actual Total Rows": 2536, "Filter": "((production_year > 2000) AND (((title)::text ~~ 'Birdemic%'::text) OR ((title)::text ~~ '%Movie%'::text)))", "Rows Removed by Filter": 2525775}]}, {"Node Type": "Index Scan", "Parent Relationship": "Inner", "Scan Direction": "Forward", "Index Name": "movie_id_movie_info_idx", "Relation Name": "movie_info_idx", "Alias": "mi_idx", "Startup Cost": 0.0, "Total Cost": 8.12, "Plan Rows": 2, "Plan Width": 8, "Actual Min Startup Time": 12.235, "Actual Max Startup Time": 12.235, "Actual Min Total Time": 13.216, "Actual Max Total Time": 13.216, "Actual Total Rows": 2645, "Index Cond": "(movie_id = t.id)", "Rows Removed by Index Recheck": 0}]}]}]}, {"Node Type": "Index Scan", "Parent Relationship": "Inner", "Scan Direction": "Forward", "Index Name": "movie_id_movie_companies", "Relation Name": "movie_companies", "Alias": "mc", "Startup Cost": 0.0, "Total Cost": 0.36, "Plan Rows": 2, "Plan Width": 12, "Actual Min Startup Time": 0.032, "Actual Max Startup Time": 0.032, "Actual Min Total Time": 0.052, "Actual Max Total Time": 0.052, "Actual Total Rows": 33, "Index Cond": "(movie_id = mi_idx.movie_id)", "Rows Removed by Index Recheck": 0}]}, {"Node Type": "Index Scan", "Parent Relationship": "Inner", "Scan Direction": "Forward", "Index Name": "movie_id_movie_info", "Relation Name": "movie_info", "Alias": "mi", "Startup Cost": 0.0, "Total Cost": 0.66, "Plan Rows": 5, "Plan Width": 50, "Actual Min Startup Time": 0.521, "Actual Max Startup Time": 0.521, "Actual Min Total Time": 2.643, "Actual Max Total Time": 2.643, "Actual Total Rows": 4959, "Index Cond": "(movie_id = mc.movie_id)", "Rows Removed by Index Recheck": 0}]}]}, {"Node Type": "Materialize", "Parent Relationship": "Inner", "Startup Cost": 0.0, "Total Cost": 1.05, "Plan Rows": 2, "Plan Width": 4, "Actual Min Startup Time": 0.017, "Actual Max Startup Time": 0.017, "Actual Min Total Time": 0.026, "Actual Max Total Time": 0.026, "Actual Total Rows": 33, "Plans": [{"Node Type": "Seq Scan", "Parent Relationship": "Outer", "Relation Name": "company_type", "Alias": "ct", "Startup Cost": 0.0, "Total Cost": 1.04, "Plan Rows": 2, "Plan Width": 4, "Actual Min Startup Time": 0.01, "Actual Max Startup Time": 0.01, "Actual Min Total Time": 0.014, "Actual Max Total Time": 0.014, "Actual Total Rows": 1, "Filter": "((kind IS NOT NULL) AND (((kind)::text = 'production companies'::text) OR ((kind)::text = 'distributors'::text)))", "Rows Removed by Filter": 2}]}]}, {"Node Type": "Index Scan", "Parent Relationship": "Inner", "Scan Direction": "Forward", "Index Name": "company_name_pkey", "Relation Name": "company_name", "Alias": "cn", "Startup Cost": 0.0, "Total Cost": 0.28, "Plan Rows": 1, "Plan Width": 4, "Actual Min Startup Time": 0.069, "Actual Max Startup Time": 0.069, "Actual Min Total Time": 0.069, "Actual Max Total Time": 0.069, "Actual Total Rows": 5, "Index Cond": "(id = mc.company_id)", "Rows Removed by Index Recheck": 0, "Filter": "((country_code)::text = '[us]'::text)", "Rows Removed by Filter": 0}]}]}, "Triggers": [], "Planner Runtime": 196.957, "Total Runtime": 230.445, "Unique SQL Id": 1682224415}}, "(64, 45)": {"explain_plan": {"Plan": {"Node Type": "Aggregate", "Strategy": "Plain", "Startup Cost": 131509.23, "Total Cost": 131509.24, "Plan Rows": 1, "Plan Width": 123, "Plans": [{"Node Type": "Nested Loop", "Parent Relationship": "Outer", "Join Type": "Inner", "Startup Cost": 0.0, "Total Cost": 131508.99, "Plan Rows": 48, "Plan Width": 59, "Inner Unique": true, "Plans": [{"Node Type": "Nested Loop", "Parent Relationship": "Outer", "Join Type": "Inner", "Startup Cost": 0.0, "Total Cost": 131506.98, "Plan Rows": 7, "Plan Width": 63, "Inner Unique": true, "Plans": [{"Node Type": "Nested Loop", "Parent Relationship": "Outer", "Join Type": "Inner", "Startup Cost": 0.0, "Total Cost": 131505.55, "Plan Rows": 5, "Plan Width": 67, "Inner Unique": false, "Join Filter": "(mi.info_type_id = it1.id)", "Plans": [{"Node Type": "Index Scan", "Parent Relationship": "Outer", "Scan Direction": "Forward", "Index Name": "info_type_pkey", "Relation Name": "info_type", "Alias": "it1", "Startup Cost": 0.0, "Total Cost": 14.21, "Plan Rows": 1, "Plan Width": 4, "Filter": "((info)::text = 'budget'::text)"}, {"Node Type": "Nested Loop", "Parent Relationship": "Inner", "Join Type": "Inner", "Startup Cost": 0.0, "Total Cost": 131477.32, "Plan Rows": 1122, "Plan Width": 71, "Inner Unique": false, "Join Filter": "(t.id = mi.movie_id)", "Plans": [{"Node Type": "Nested Loop", "Parent Relationship": "Outer", "Join Type": "Inner", "Startup Cost": 0.0, "Total Cost": 131324.66, "Plan Rows": 210, "Plan Width": 37, "Inner Unique": false, "Join Filter": "(t.id = mc.movie_id)", "Plans": [{"Node Type": "Nested Loop", "Parent Relationship": "Outer", "Join Type": "Inner", "Startup Cost": 0.0, "Total Cost": 131203.89, "Plan Rows": 311, "Plan Width": 25, "Inner Unique": true, "Join Filter": "(mi_idx.info_type_id = it2.id)", "Plans": [{"Node Type": "Nested Loop", "Parent Relationship": "Outer", "Join Type": "Inner", "Startup Cost": 0.0, "Total Cost": 131183.74, "Plan Rows": 396, "Plan Width": 29, "Inner Unique": false, "Plans": [{"Node Type": "Index Scan", "Parent Relationship": "Outer", "Scan Direction": "Forward", "Index Name": "title_pkey", "Relation Name": "title", "Alias": "t", "Startup Cost": 0.0, "Total Cost": 129082.82, "Plan Rows": 258, "Plan Width": 21, "Filter": "((production_year > 2000) AND (((title)::text ~~ 'Birdemic%'::text) OR ((title)::text ~~ '%Movie%'::text)))"}, {"Node Type": "Index Scan", "Parent Relationship": "Inner", "Scan Direction": "Forward", "Index Name": "movie_id_movie_info_idx", "Relation Name": "movie_info_idx", "Alias": "mi_idx", "Startup Cost": 0.0, "Total Cost": 8.12, "Plan Rows": 2, "Plan Width": 8, "Index Cond": "(movie_id = t.id)"}]}, {"Node Type": "Materialize", "Parent Relationship": "Inner", "Startup Cost": 0.0, "Total Cost": 14.22, "Plan Rows": 1, "Plan Width": 4, "Plans": [{"Node Type": "Index Scan", "Parent Relationship": "Outer", "Scan Direction": "Forward", "Index Name": "info_type_pkey", "Relation Name": "info_type", "Alias": "it2", "Startup Cost": 0.0, "Total Cost": 14.21, "Plan Rows": 1, "Plan Width": 4, "Filter": "((info)::text = 'bottom 10 rank'::text)"}]}]}, {"Node Type": "Index Scan", "Parent Relationship": "Inner", "Scan Direction": "Forward", "Index Name": "movie_id_movie_companies", "Relation Name": "movie_companies", "Alias": "mc", "Startup Cost": 0.0, "Total Cost": 0.36, "Plan Rows": 2, "Plan Width": 12, "Index Cond": "(movie_id = mi_idx.movie_id)"}]}, {"Node Type": "Index Scan", "Parent Relationship": "Inner", "Scan Direction": "Forward", "Index Name": "movie_id_movie_info", "Relation Name": "movie_info", "Alias": "mi", "Startup Cost": 0.0, "Total Cost": 0.66, "Plan Rows": 5, "Plan Width": 50, "Index Cond": "(movie_id = mc.movie_id)"}]}]}, {"Node Type": "Index Scan", "Parent Relationship": "Inner", "Scan Direction": "Forward", "Index Name": "company_type_pkey", "Relation Name": "company_type", "Alias": "ct", "Startup Cost": 0.0, "Total Cost": 0.28, "Plan Rows": 1, "Plan Width": 4, "Index Cond": "(id = mc.company_type_id)", "Filter": "((kind IS NOT NULL) AND (((kind)::text = 'production companies'::text) OR ((kind)::text = 'distributors'::text)))"}]}, {"Node Type": "Index Scan", "Parent Relationship": "Inner", "Scan Direction": "Forward", "Index Name": "company_name_pkey", "Relation Name": "company_name", "Alias": "cn", "Startup Cost": 0.0, "Total Cost": 0.28, "Plan Rows": 1, "Plan Width": 4, "Index Cond": "(id = mc.company_id)", "Filter": "((country_code)::text = '[us]'::text)"}]}]}, "Unique SQL Id": 1682224415}, "explain_analyze_plan": null}, "(64, 46)": {"explain_plan": {"Plan": {"Node Type": "Aggregate", "Strategy": "Plain", "Startup Cost": 229778.9, "Total Cost": 229778.91, "Plan Rows": 1, "Plan Width": 123, "Plans": [{"Node Type": "Nested Loop", "Parent Relationship": "Outer", "Join Type": "Inner", "Startup Cost": 138212.07, "Total Cost": 229778.83, "Plan Rows": 14, "Plan Width": 59, "Inner Unique": true, "Join Filter": "(mc.company_type_id = ct.id)", "Plans": [{"Node Type": "Nested Loop", "Parent Relationship": "Outer", "Join Type": "Inner", "Startup Cost": 138212.07, "Total Cost": 229777.36, "Plan Rows": 14, "Plan Width": 63, "Inner Unique": false, "Join Filter": "(mi_idx.info_type_id = it2.id)", "Plans": [{"Node Type": "Seq Scan", "Parent Relationship": "Outer", "Relation Name": "info_type", "Alias": "it2", "Startup Cost": 0.0, "Total Cost": 2.4, "Plan Rows": 1, "Plan Width": 4, "Filter": "((info)::text = 'bottom 10 rank'::text)"}, {"Node Type": "Nested Loop", "Parent Relationship": "Inner", "Join Type": "Inner", "Startup Cost": 138212.07, "Total Cost": 229774.27, "Plan Rows": 55, "Plan Width": 67, "Inner Unique": false, "Join Filter": "(mi.info_type_id = it1.id)", "Plans": [{"Node Type": "Seq Scan", "Parent Relationship": "Outer", "Relation Name": "info_type", "Alias": "it1", "Startup Cost": 0.0, "Total Cost": 2.4, "Plan Rows": 1, "Plan Width": 4, "Filter": "((info)::text = 'budget'::text)"}, {"Node Type": "Materialize", "Parent Relationship": "Inner", "Startup Cost": 138212.07, "Total Cost": 229732.88, "Plan Rows": 3899, "Plan Width": 71, "Plans": [{"Node Type": "Hash Join", "Parent Relationship": "Outer", "Join Type": "Inner", "Startup Cost": 138212.07, "Total Cost": 229723.13, "Plan Rows": 3899, "Plan Width": 71, "Inner Unique": true, "Hash Cond": "(mc.company_id = cn.id)", "Plans": [{"Node Type": "Streaming(type: LOCAL GATHER dop: 1/64)", "Parent Relationship": "Outer", "Startup Cost": 135671.58, "Total Cost": 227109.8, "Plan Rows": 4648, "Plan Width": 75, "Plans": [{"Node Type": "Hash Join", "Parent Relationship": "Outer", "Join Type": "Inner", "Startup Cost": 135671.58, "Total Cost": 227013.91, "Plan Rows": 4648, "Plan Width": 75, "Inner Unique": false, "Hash Cond": "(t.id = mi.movie_id)", "Plans": [{"Node Type": "Streaming(type: BROADCAST dop: 64/1)", "Parent Relationship": "Outer", "Startup Cost": 115857.19, "Total Cost": 207150.46, "Plan Rows": 53824, "Plan Width": 41, "Plans": [{"Node Type": "Hash Join", "Parent Relationship": "Outer", "Join Type": "Inner", "Startup Cost": 115857.19, "Total Cost": 143040.08, "Plan Rows": 841, "Plan Width": 41, "Inner Unique": false, "Hash Cond": "(mi_idx.movie_id = t.id)", "Plans": [{"Node Type": "Seq Scan", "Parent Relationship": "Outer", "Relation Name": "movie_info_idx", "Alias": "mi_idx", "Startup Cost": 0.0, "Total Cost": 20274.34, "Plan Rows": 1380034, "Plan Width": 8}, {"Node Type": "Hash", "Parent Relationship": "Inner", "Startup Cost": 115850.37, "Total Cost": 115850.37, "Plan Rows": 545, "Plan Width": 33, "Plans": [{"Node Type": "Hash Join", "Parent Relationship": "Outer", "Join Type": "Inner", "Startup Cost": 64243.41, "Total Cost": 115850.37, "Plan Rows": 545, "Plan Width": 33, "Inner Unique": true, "Hash Cond": "(mc.movie_id = t.id)", "Plans": [{"Node Type": "Seq Scan", "Parent Relationship": "Outer", "Relation Name": "movie_companies", "Alias": "mc", "Startup Cost": 0.0, "Total Cost": 41817.28, "Plan Rows": 2609128, "Plan Width": 12}, {"Node Type": "Hash", "Parent Relationship": "Inner", "Startup Cost": 64240.19, "Total Cost": 64240.19, "Plan Rows": 258, "Plan Width": 21, "Plans": [{"Node Type": "Streaming(type: LOCAL GATHER dop: 1/64)", "Parent Relationship": "Outer", "Startup Cost": 0.0, "Total Cost": 64240.19, "Plan Rows": 258, "Plan Width": 21, "Plans": [{"Node Type": "Seq Scan", "Parent Relationship": "Outer", "Relation Name": "title", "Alias": "t", "Startup Cost": 0.0, "Total Cost": 64234.87, "Plan Rows": 258, "Plan Width": 21, "Filter": "((production_year > 2000) AND (((title)::text ~~ 'Birdemic%'::text) OR ((title)::text ~~ '%Movie%'::text)))"}]}]}]}]}]}]}, {"Node Type": "Hash", "Parent Relationship": "Inner", "Startup Cost": 67640.43, "Total Cost": 67640.43, "Plan Rows": 14869966, "Plan Width": 50, "Plans": [{"Node Type": "Seq Scan", "Parent Relationship": "Outer", "Relation Name": "movie_info", "Alias": "mi", "Startup Cost": 0.0, "Total Cost": 67640.43, "Plan Rows": 14869966, "Plan Width": 50}]}]}]}, {"Node Type": "Hash", "Parent Relationship": "Inner", "Startup Cost": 5903.45, "Total Cost": 5903.45, "Plan Rows": 85170, "Plan Width": 4, "Plans": [{"Node Type": "Seq Scan", "Parent Relationship": "Outer", "Relation Name": "company_name", "Alias": "cn", "Startup Cost": 0.0, "Total Cost": 5903.45, "Plan Rows": 85170, "Plan Width": 4, "Filter": "((country_code)::text = '[us]'::text)"}]}]}]}]}]}, {"Node Type": "Materialize", "Parent Relationship": "Inner", "Startup Cost": 0.0, "Total Cost": 1.05, "Plan Rows": 2, "Plan Width": 4, "Plans": [{"Node Type": "Seq Scan", "Parent Relationship": "Outer", "Relation Name": "company_type", "Alias": "ct", "Startup Cost": 0.0, "Total Cost": 1.04, "Plan Rows": 2, "Plan Width": 4, "Filter": "((kind IS NOT NULL) AND (((kind)::text = 'production companies'::text) OR ((kind)::text = 'distributors'::text)))"}]}]}]}, "Unique SQL Id": 1682224415}, "explain_analyze_plan": null}, "(64, 47)": {"explain_plan": {"Plan": {"Node Type": "Aggregate", "Strategy": "Plain", "Startup Cost": 8000138512817.18, "Total Cost": 8000138512817.19, "Plan Rows": 1, "Plan Width": 123, "Plans": [{"Node Type": "Nested Loop", "Parent Relationship": "Outer", "Join Type": "Inner", "Startup Cost": 80000000000.0, "Total Cost": 8000138512816.94, "Plan Rows": 48, "Plan Width": 59, "Inner Unique": true, "Join Filter": "(mc.company_type_id = ct.id)", "Plans": [{"Node Type": "Nested Loop", "Parent Relationship": "Outer", "Join Type": "Inner", "Startup Cost": 70000000000.0, "Total Cost": 7000138511584.5, "Plan Rows": 48, "Plan Width": 63, "Inner Unique": true, "Join Filter": "(mc.company_id = cn.id)", "Plans": [{"Node Type": "Nested Loop", "Parent Relationship": "Outer", "Join Type": "Inner", "Startup Cost": 60000000000.0, "Total Cost": 6000137180171.6, "Plan Rows": 220, "Plan Width": 67, "Inner Unique": false, "Join Filter": "(t.id = mc.movie_id)", "Plans": [{"Node Type": "Index Scan", "Parent Relationship": "Outer", "Scan Direction": "Forward", "Index Name": "company_type_id_movie_companies", "Relation Name": "movie_companies", "Alias": "mc", "Startup Cost": 10000000000.0, "Total Cost": 1000009318217.0, "Plan Rows": 2609128, "Plan Width": 12}, {"Node Type": "Materialize", "Parent Relationship": "Inner", "Startup Cost": 50000000000.0, "Total Cost": 5000123830852.1, "Plan Rows": 103, "Plan Width": 71, "Plans": [{"Node Type": "Nested Loop", "Parent Relationship": "Outer", "Join Type": "Inner", "Startup Cost": 50000000000.0, "Total Cost": 5000123830851.59, "Plan Rows": 103, "Plan Width": 71, "Inner Unique": false, "Join Filter": "(mi_idx.movie_id = t.id)", "Plans": [{"Node Type": "Nested Loop", "Parent Relationship": "Outer", "Join Type": "Inner", "Startup Cost": 20000000000.0, "Total Cost": 2000004672156.88, "Plan Rows": 345008, "Plan Width": 4, "Inner Unique": true, "Join Filter": "(it2.id = mi_idx.info_type_id), (LLVM Optimized)", "Plans": [{"Node Type": "Index Scan", "Parent Relationship": "Outer", "Scan Direction": "Forward", "Index Name": "movie_id_movie_info_idx", "Relation Name": "movie_info_idx", "Alias": "mi_idx", "Startup Cost": 10000000000.0, "Total Cost": 1000004650035.37, "Plan Rows": 1380034, "Plan Width": 8}, {"Node Type": "Materialize", "Parent Relationship": "Inner", "Startup Cost": 10000000000.0, "Total Cost": 1000000001421.0, "Plan Rows": 1, "Plan Width": 4, "Plans": [{"Node Type": "Index Scan", "Parent Relationship": "Outer", "Scan Direction": "Forward", "Index Name": "info_type_pkey", "Relation Name": "info_type", "Alias": "it2", "Startup Cost": 10000000000.0, "Total Cost": 1000000001421.0, "Plan Rows": 1, "Plan Width": 4, "Filter": "((info)::text = 'bottom 10 rank'::text)"}]}]}, {"Node Type": "Materialize", "Parent Relationship": "Inner", "Startup Cost": 30000000000.0, "Total Cost": 3000117771763.22, "Plan Rows": 268, "Plan Width": 67, "Plans": [{"Node Type": "Nested Loop", "Parent Relationship": "Outer", "Join Type": "Inner", "Startup Cost": 30000000000.0, "Total Cost": 3000117771761.88, "Plan Rows": 268, "Plan Width": 67, "Inner Unique": true, "Join Filter": "(mi.movie_id = t.id)", "Plans": [{"Node Type": "Nested Loop", "Parent Relationship": "Outer", "Join Type": "Inner", "Startup Cost": 20000000000.0, "Total Cost": 2000104041382.71, "Plan Rows": 212428, "Plan Width": 46, "Inner Unique": true, "Join Filter": "(it1.id = mi.info_type_id), (LLVM Optimized)", "Plans": [{"Node Type": "Index Scan", "Parent Relationship": "Outer", "Scan Direction": "Forward", "Index Name": "movie_id_movie_info", "Relation Name": "movie_info", "Alias": "mi", "Startup Cost": 10000000000.0, "Total Cost": 1000103816912.22, "Plan Rows": 14869966, "Plan Width": 50}, {"Node Type": "Materialize", "Parent Relationship": "Inner", "Startup Cost": 10000000000.0, "Total Cost": 1000000001421.0, "Plan Rows": 1, "Plan Width": 4, "Plans": [{"Node Type": "Index Scan", "Parent Relationship": "Outer", "Scan Direction": "Forward", "Index Name": "info_type_pkey", "Relation Name": "info_type", "Alias": "it1", "Startup Cost": 10000000000.0, "Total Cost": 1000000001421.0, "Plan Rows": 1, "Plan Width": 4, "Filter": "((info)::text = 'budget'::text)"}]}]}, {"Node Type": "Materialize", "Parent Relationship": "Inner", "Startup Cost": 10000000000.0, "Total Cost": 1000012908283.45, "Plan Rows": 258, "Plan Width": 21, "Plans": [{"Node Type": "Index Scan", "Parent Relationship": "Outer", "Scan Direction": "Forward", "Index Name": "title_pkey", "Relation Name": "title", "Alias": "t", "Startup Cost": 10000000000.0, "Total Cost": 1000012908282.16, "Plan Rows": 258, "Plan Width": 21, "Filter": "((production_year > 2000) AND (((title)::text ~~ 'Birdemic%'::text) OR ((title)::text ~~ '%Movie%'::text)))"}]}]}]}]}]}]}, {"Node Type": "Materialize", "Parent Relationship": "Inner", "Startup Cost": 10000000000.0, "Total Cost": 1000001050564.82, "Plan Rows": 85170, "Plan Width": 4, "Plans": [{"Node Type": "Index Scan", "Parent Relationship": "Outer", "Scan Direction": "Forward", "Index Name": "company_name_pkey", "Relation Name": "company_name", "Alias": "cn", "Startup Cost": 10000000000.0, "Total Cost": 1000001050138.97, "Plan Rows": 85170, "Plan Width": 4, "Filter": "((country_code)::text = '[us]'::text)"}]}]}, {"Node Type": "Materialize", "Parent Relationship": "Inner", "Startup Cost": 10000000000.0, "Total Cost": 1000000001231.01, "Plan Rows": 2, "Plan Width": 4, "Plans": [{"Node Type": "Index Scan", "Parent Relationship": "Outer", "Scan Direction": "Forward", "Index Name": "company_type_pkey", "Relation Name": "company_type", "Alias": "ct", "Startup Cost": 10000000000.0, "Total Cost": 1000000001231.0, "Plan Rows": 2, "Plan Width": 4, "Filter": "((kind IS NOT NULL) AND (((kind)::text = 'production companies'::text) OR ((kind)::text = 'distributors'::text)))"}]}]}]}, "Unique SQL Id": 1682224415}, "explain_analyze_plan": null}, "(64, 48)": {"explain_plan": {"Plan": {"Node Type": "Aggregate", "Strategy": "Plain", "Startup Cost": 66640.91, "Total Cost": 66640.92, "Plan Rows": 1, "Plan Width": 123, "Plans": [{"Node Type": "Nested Loop", "Parent Relationship": "Outer", "Join Type": "Inner", "Startup Cost": 0.0, "Total Cost": 66640.89, "Plan Rows": 4, "Plan Width": 59, "Inner Unique": true, "Plans": [{"Node Type": "Nested Loop", "Parent Relationship": "Outer", "Join Type": "Inner", "Startup Cost": 0.0, "Total Cost": 66639.75, "Plan Rows": 4, "Plan Width": 63, "Inner Unique": true, "Plans": [{"Node Type": "Nested Loop", "Parent Relationship": "Outer", "Join Type": "Inner", "Startup Cost": 0.0, "Total Cost": 66638.31, "Plan Rows": 5, "Plan Width": 67, "Inner Unique": false, "Join Filter": "(mi.info_type_id = it1.id)", "Plans": [{"Node Type": "Seq Scan", "Parent Relationship": "Outer", "Relation Name": "info_type", "Alias": "it1", "Startup Cost": 0.0, "Total Cost": 2.4, "Plan Rows": 1, "Plan Width": 4, "Filter": "((info)::text = 'budget'::text)"}, {"Node Type": "Nested Loop", "Parent Relationship": "Inner", "Join Type": "Inner", "Startup Cost": 0.0, "Total Cost": 66621.88, "Plan Rows": 1122, "Plan Width": 71, "Inner Unique": false, "Join Filter": "(t.id = mi.movie_id)", "Plans": [{"Node Type": "Nested Loop", "Parent Relationship": "Outer", "Join Type": "Inner", "Startup Cost": 0.0, "Total Cost": 66469.22, "Plan Rows": 210, "Plan Width": 37, "Inner Unique": false, "Join Filter": "(t.id = mc.movie_id)", "Plans": [{"Node Type": "Nested Loop", "Parent Relationship": "Outer", "Join Type": "Inner", "Startup Cost": 0.0, "Total Cost": 66348.45, "Plan Rows": 311, "Plan Width": 25, "Inner Unique": false, "Join Filter": "(mi_idx.info_type_id = it2.id)", "Plans": [{"Node Type": "Seq Scan", "Parent Relationship": "Outer", "Relation Name": "info_type", "Alias": "it2", "Startup Cost": 0.0, "Total Cost": 2.4, "Plan Rows": 1, "Plan Width": 4, "Filter": "((info)::text = 'bottom 10 rank'::text)"}, {"Node Type": "Materialize", "Parent Relationship": "Inner", "Startup Cost": 0.0, "Total Cost": 66342.09, "Plan Rows": 396, "Plan Width": 29, "Plans": [{"Node Type": "Nested Loop", "Parent Relationship": "Outer", "Join Type": "Inner", "Startup Cost": 0.0, "Total Cost": 66341.1, "Plan Rows": 396, "Plan Width": 29, "Inner Unique": false, "Plans": [{"Node Type": "Streaming(type: LOCAL GATHER dop: 1/64)", "Parent Relationship": "Outer", "Startup Cost": 0.0, "Total Cost": 64240.19, "Plan Rows": 258, "Plan Width": 21, "Plans": [{"Node Type": "Seq Scan", "Parent Relationship": "Outer", "Relation Name": "title", "Alias": "t", "Startup Cost": 0.0, "Total Cost": 64234.87, "Plan Rows": 258, "Plan Width": 21, "Filter": "((production_year > 2000) AND (((title)::text ~~ 'Birdemic%'::text) OR ((title)::text ~~ '%Movie%'::text)))"}]}, {"Node Type": "Index Scan", "Parent Relationship": "Inner", "Scan Direction": "Forward", "Index Name": "movie_id_movie_info_idx", "Relation Name": "movie_info_idx", "Alias": "mi_idx", "Startup Cost": 0.0, "Total Cost": 8.12, "Plan Rows": 2, "Plan Width": 8, "Index Cond": "(movie_id = t.id)"}]}]}]}, {"Node Type": "Index Scan", "Parent Relationship": "Inner", "Scan Direction": "Forward", "Index Name": "movie_id_movie_companies", "Relation Name": "movie_companies", "Alias": "mc", "Startup Cost": 0.0, "Total Cost": 0.36, "Plan Rows": 2, "Plan Width": 12, "Index Cond": "(movie_id = mi_idx.movie_id)"}]}, {"Node Type": "Index Scan", "Parent Relationship": "Inner", "Scan Direction": "Forward", "Index Name": "movie_id_movie_info", "Relation Name": "movie_info", "Alias": "mi", "Startup Cost": 0.0, "Total Cost": 0.66, "Plan Rows": 5, "Plan Width": 50, "Index Cond": "(movie_id = mc.movie_id)"}]}]}, {"Node Type": "Index Scan", "Parent Relationship": "Inner", "Scan Direction": "Forward", "Index Name": "company_name_pkey", "Relation Name": "company_name", "Alias": "cn", "Startup Cost": 0.0, "Total Cost": 0.28, "Plan Rows": 1, "Plan Width": 4, "Index Cond": "(id = mc.company_id)", "Filter": "((country_code)::text = '[us]'::text)"}]}, {"Node Type": "Index Scan", "Parent Relationship": "Inner", "Scan Direction": "Forward", "Index Name": "company_type_pkey", "Relation Name": "company_type", "Alias": "ct", "Startup Cost": 0.0, "Total Cost": 0.28, "Plan Rows": 1, "Plan Width": 4, "Index Cond": "(id = mc.company_type_id)", "Filter": "((kind IS NOT NULL) AND (((kind)::text = 'production companies'::text) OR ((kind)::text = 'distributors'::text)))"}]}]}, "Unique SQL Id": 1682224415}, "explain_analyze_plan": {"Plan": {"Node Type": "Aggregate", "Strategy": "Plain", "Startup Cost": 66640.91, "Total Cost": 66640.92, "Plan Rows": 1, "Plan Width": 123, "Actual Min Startup Time": 199.349, "Actual Max Startup Time": 199.349, "Actual Min Total Time": 199.35, "Actual Max Total Time": 199.35, "Actual Total Rows": 1, "Plans": [{"Node Type": "Nested Loop", "Parent Relationship": "Outer", "Join Type": "Inner", "Startup Cost": 0.0, "Total Cost": 66640.89, "Plan Rows": 4, "Plan Width": 59, "Actual Min Startup Time": 198.208, "Actual Max Startup Time": 198.208, "Actual Min Total Time": 199.313, "Actual Max Total Time": 199.313, "Actual Total Rows": 5, "Inner Unique": true, "Plans": [{"Node Type": "Nested Loop", "Parent Relationship": "Outer", "Join Type": "Inner", "Startup Cost": 0.0, "Total Cost": 66639.75, "Plan Rows": 4, "Plan Width": 63, "Actual Min Startup Time": 195.34, "Actual Max Startup Time": 195.34, "Actual Min Total Time": 199.281, "Actual Max Total Time": 199.281, "Actual Total Rows": 10, "Inner Unique": true, "Plans": [{"Node Type": "Nested Loop", "Parent Relationship": "Outer", "Join Type": "Inner", "Startup Cost": 0.0, "Total Cost": 66638.31, "Plan Rows": 5, "Plan Width": 67, "Actual Min Startup Time": 193.942, "Actual Max Startup Time": 193.942, "Actual Min Total Time": 199.008, "Actual Max Total Time": 199.008, "Actual Total Rows": 33, "Inner Unique": false, "Join Filter": "(mi.info_type_id = it1.id)", "Rows Removed by Join Filter": 4926, "Plans": [{"Node Type": "Seq Scan", "Parent Relationship": "Outer", "Relation Name": "info_type", "Alias": "it1", "Startup Cost": 0.0, "Total Cost": 2.4, "Plan Rows": 1, "Plan Width": 4, "Actual Min Startup Time": 0.111, "Actual Max Startup Time": 0.111, "Actual Min Total Time": 0.12, "Actual Max Total Time": 0.12, "Actual Total Rows": 1, "Filter": "((info)::text = 'budget'::text)", "Rows Removed by Filter": 111}, {"Node Type": "Nested Loop", "Parent Relationship": "Inner", "Join Type": "Inner", "Startup Cost": 0.0, "Total Cost": 66621.88, "Plan Rows": 1122, "Plan Width": 71, "Actual Min Startup Time": 193.654, "Actual Max Startup Time": 193.654, "Actual Min Total Time": 197.898, "Actual Max Total Time": 197.898, "Actual Total Rows": 4959, "Inner Unique": false, "Join Filter": "(t.id = mi.movie_id)", "Rows Removed by Join Filter": 0, "Plans": [{"Node Type": "Nested Loop", "Parent Relationship": "Outer", "Join Type": "Inner", "Startup Cost": 0.0, "Total Cost": 66469.22, "Plan Rows": 210, "Plan Width": 37, "Actual Min Startup Time": 193.619, "Actual Max Startup Time": 193.619, "Actual Min Total Time": 193.798, "Actual Max Total Time": 193.798, "Actual Total Rows": 33, "Inner Unique": false, "Join Filter": "(t.id = mc.movie_id)", "Rows Removed by Join Filter": 0, "Plans": [{"Node Type": "Nested Loop", "Parent Relationship": "Outer", "Join Type": "Inner", "Startup Cost": 0.0, "Total Cost": 66348.45, "Plan Rows": 311, "Plan Width": 25, "Actual Min Startup Time": 193.591, "Actual Max Startup Time": 193.591, "Actual Min Total Time": 193.726, "Actual Max Total Time": 193.726, "Actual Total Rows": 2, "Inner Unique": false, "Join Filter": "(mi_idx.info_type_id = it2.id)", "Rows Removed by Join Filter": 2643, "Plans": [{"Node Type": "Seq Scan", "Parent Relationship": "Outer", "Relation Name": "info_type", "Alias": "it2", "Startup Cost": 0.0, "Total Cost": 2.4, "Plan Rows": 1, "Plan Width": 4, "Actual Min Startup Time": 0.072, "Actual Max Startup Time": 0.072, "Actual Min Total Time": 0.077, "Actual Max Total Time": 0.077, "Actual Total Rows": 1, "Filter": "((info)::text = 'bottom 10 rank'::text)", "Rows Removed by Filter": 111}, {"Node Type": "Materialize", "Parent Relationship": "Inner", "Startup Cost": 0.0, "Total Cost": 66342.09, "Plan Rows": 396, "Plan Width": 29, "Actual Min Startup Time": 192.814, "Actual Max Startup Time": 192.814, "Actual Min Total Time": 193.085, "Actual Max Total Time": 193.085, "Actual Total Rows": 2646, "Plans": [{"Node Type": "Nested Loop", "Parent Relationship": "Outer", "Join Type": "Inner", "Startup Cost": 0.0, "Total Cost": 66341.1, "Plan Rows": 396, "Plan Width": 29, "Actual Min Startup Time": 111.437, "Actual Max Startup Time": 111.437, "Actual Min Total Time": 191.92, "Actual Max Total Time": 191.92, "Actual Total Rows": 2645, "Inner Unique": false, "Plans": [{"Node Type": "Streaming(type: LOCAL GATHER dop: 1/64)", "Parent Relationship": "Outer", "Startup Cost": 0.0, "Total Cost": 64240.19, "Plan Rows": 258, "Plan Width": 21, "Actual Min Startup Time": 111.362, "Actual Max Startup Time": 111.362, "Actual Min Total Time": 175.256, "Actual Max Total Time": 175.256, "Actual Total Rows": 2536, "Plans": [{"Node Type": "Seq Scan", "Parent Relationship": "Outer", "Relation Name": "title", "Alias": "t", "Startup Cost": 0.0, "Total Cost": 64234.87, "Plan Rows": 258, "Plan Width": 21, "Actual Min Startup Time": 0.032, "Actual Max Startup Time": 7.272, "Actual Min Total Time": 19.369, "Actual Max Total Time": 24.0, "Actual Total Rows": 2536, "Filter": "((production_year > 2000) AND (((title)::text ~~ 'Birdemic%'::text) OR ((title)::text ~~ '%Movie%'::text)))", "Rows Removed by Filter": 2525775}]}, {"Node Type": "Index Scan", "Parent Relationship": "Inner", "Scan Direction": "Forward", "Index Name": "movie_id_movie_info_idx", "Relation Name": "movie_info_idx", "Alias": "mi_idx", "Startup Cost": 0.0, "Total Cost": 8.12, "Plan Rows": 2, "Plan Width": 8, "Actual Min Startup Time": 13.665, "Actual Max Startup Time": 13.665, "Actual Min Total Time": 14.681, "Actual Max Total Time": 14.681, "Actual Total Rows": 2645, "Index Cond": "(movie_id = t.id)", "Rows Removed by Index Recheck": 0}]}]}]}, {"Node Type": "Index Scan", "Parent Relationship": "Inner", "Scan Direction": "Forward", "Index Name": "movie_id_movie_companies", "Relation Name": "movie_companies", "Alias": "mc", "Startup Cost": 0.0, "Total Cost": 0.36, "Plan Rows": 2, "Plan Width": 12, "Actual Min Startup Time": 0.032, "Actual Max Startup Time": 0.032, "Actual Min Total Time": 0.051, "Actual Max Total Time": 0.051, "Actual Total Rows": 33, "Index Cond": "(movie_id = mi_idx.movie_id)", "Rows Removed by Index Recheck": 0}]}, {"Node Type": "Index Scan", "Parent Relationship": "Inner", "Scan Direction": "Forward", "Index Name": "movie_id_movie_info", "Relation Name": "movie_info", "Alias": "mi", "Startup Cost": 0.0, "Total Cost": 0.66, "Plan Rows": 5, "Plan Width": 50, "Actual Min Startup Time": 0.498, "Actual Max Startup Time": 0.498, "Actual Min Total Time": 2.493, "Actual Max Total Time": 2.493, "Actual Total Rows": 4959, "Index Cond": "(movie_id = mc.movie_id)", "Rows Removed by Index Recheck": 0}]}]}, {"Node Type": "Index Scan", "Parent Relationship": "Inner", "Scan Direction": "Forward", "Index Name": "company_name_pkey", "Relation Name": "company_name", "Alias": "cn", "Startup Cost": 0.0, "Total Cost": 0.28, "Plan Rows": 1, "Plan Width": 4, "Actual Min Startup Time": 0.244, "Actual Max Startup Time": 0.244, "Actual Min Total Time": 0.244, "Actual Max Total Time": 0.244, "Actual Total Rows": 10, "Index Cond": "(id = mc.company_id)", "Rows Removed by Index Recheck": 0, "Filter": "((country_code)::text = '[us]'::text)", "Rows Removed by Filter": 23}]}, {"Node Type": "Index Scan", "Parent Relationship": "Inner", "Scan Direction": "Forward", "Index Name": "company_type_pkey", "Relation Name": "company_type", "Alias": "ct", "Startup Cost": 0.0, "Total Cost": 0.28, "Plan Rows": 1, "Plan Width": 4, "Actual Min Startup Time": 0.02, "Actual Max Startup Time": 0.02, "Actual Min Total Time": 0.02, "Actual Max Total Time": 0.02, "Actual Total Rows": 5, "Index Cond": "(id = mc.company_type_id)", "Rows Removed by Index Recheck": 0, "Filter": "((kind IS NOT NULL) AND (((kind)::text = 'production companies'::text) OR ((kind)::text = 'distributors'::text)))", "Rows Removed by Filter": 0}]}]}, "Triggers": [], "Planner Runtime": 21.617, "Total Runtime": 212.864, "Unique SQL Id": 1682224415}}, "(64, 49)": {"explain_plan": {"Plan": {"Node Type": "Aggregate", "Strategy": "Plain", "Startup Cost": 131508.15, "Total Cost": 131508.16, "Plan Rows": 1, "Plan Width": 123, "Plans": [{"Node Type": "Nested Loop", "Parent Relationship": "Outer", "Join Type": "Inner", "Startup Cost": 0.0, "Total Cost": 131508.13, "Plan Rows": 4, "Plan Width": 59, "Inner Unique": true, "Plans": [{"Node Type": "Nested Loop", "Parent Relationship": "Outer", "Join Type": "Inner", "Startup Cost": 0.0, "Total Cost": 131506.99, "Plan Rows": 4, "Plan Width": 63, "Inner Unique": true, "Plans": [{"Node Type": "Nested Loop", "Parent Relationship": "Outer", "Join Type": "Inner", "Startup Cost": 0.0, "Total Cost": 131505.55, "Plan Rows": 5, "Plan Width": 67, "Inner Unique": false, "Join Filter": "(mi.info_type_id = it1.id)", "Plans": [{"Node Type": "Index Scan", "Parent Relationship": "Outer", "Scan Direction": "Forward", "Index Name": "info_type_pkey", "Relation Name": "info_type", "Alias": "it1", "Startup Cost": 0.0, "Total Cost": 14.21, "Plan Rows": 1, "Plan Width": 4, "Filter": "((info)::text = 'budget'::text)"}, {"Node Type": "Nested Loop", "Parent Relationship": "Inner", "Join Type": "Inner", "Startup Cost": 0.0, "Total Cost": 131477.32, "Plan Rows": 1122, "Plan Width": 71, "Inner Unique": false, "Join Filter": "(t.id = mi.movie_id)", "Plans": [{"Node Type": "Nested Loop", "Parent Relationship": "Outer", "Join Type": "Inner", "Startup Cost": 0.0, "Total Cost": 131324.66, "Plan Rows": 210, "Plan Width": 37, "Inner Unique": false, "Join Filter": "(t.id = mc.movie_id)", "Plans": [{"Node Type": "Nested Loop", "Parent Relationship": "Outer", "Join Type": "Inner", "Startup Cost": 0.0, "Total Cost": 131203.89, "Plan Rows": 311, "Plan Width": 25, "Inner Unique": true, "Join Filter": "(mi_idx.info_type_id = it2.id)", "Plans": [{"Node Type": "Nested Loop", "Parent Relationship": "Outer", "Join Type": "Inner", "Startup Cost": 0.0, "Total Cost": 131183.74, "Plan Rows": 396, "Plan Width": 29, "Inner Unique": false, "Plans": [{"Node Type": "Index Scan", "Parent Relationship": "Outer", "Scan Direction": "Forward", "Index Name": "title_pkey", "Relation Name": "title", "Alias": "t", "Startup Cost": 0.0, "Total Cost": 129082.82, "Plan Rows": 258, "Plan Width": 21, "Filter": "((production_year > 2000) AND (((title)::text ~~ 'Birdemic%'::text) OR ((title)::text ~~ '%Movie%'::text)))"}, {"Node Type": "Index Scan", "Parent Relationship": "Inner", "Scan Direction": "Forward", "Index Name": "movie_id_movie_info_idx", "Relation Name": "movie_info_idx", "Alias": "mi_idx", "Startup Cost": 0.0, "Total Cost": 8.12, "Plan Rows": 2, "Plan Width": 8, "Index Cond": "(movie_id = t.id)"}]}, {"Node Type": "Materialize", "Parent Relationship": "Inner", "Startup Cost": 0.0, "Total Cost": 14.22, "Plan Rows": 1, "Plan Width": 4, "Plans": [{"Node Type": "Index Scan", "Parent Relationship": "Outer", "Scan Direction": "Forward", "Index Name": "info_type_pkey", "Relation Name": "info_type", "Alias": "it2", "Startup Cost": 0.0, "Total Cost": 14.21, "Plan Rows": 1, "Plan Width": 4, "Filter": "((info)::text = 'bottom 10 rank'::text)"}]}]}, {"Node Type": "Index Scan", "Parent Relationship": "Inner", "Scan Direction": "Forward", "Index Name": "movie_id_movie_companies", "Relation Name": "movie_companies", "Alias": "mc", "Startup Cost": 0.0, "Total Cost": 0.36, "Plan Rows": 2, "Plan Width": 12, "Index Cond": "(movie_id = mi_idx.movie_id)"}]}, {"Node Type": "Index Scan", "Parent Relationship": "Inner", "Scan Direction": "Forward", "Index Name": "movie_id_movie_info", "Relation Name": "movie_info", "Alias": "mi", "Startup Cost": 0.0, "Total Cost": 0.66, "Plan Rows": 5, "Plan Width": 50, "Index Cond": "(movie_id = mc.movie_id)"}]}]}, {"Node Type": "Index Scan", "Parent Relationship": "Inner", "Scan Direction": "Forward", "Index Name": "company_name_pkey", "Relation Name": "company_name", "Alias": "cn", "Startup Cost": 0.0, "Total Cost": 0.28, "Plan Rows": 1, "Plan Width": 4, "Index Cond": "(id = mc.company_id)", "Filter": "((country_code)::text = '[us]'::text)"}]}, {"Node Type": "Index Scan", "Parent Relationship": "Inner", "Scan Direction": "Forward", "Index Name": "company_type_pkey", "Relation Name": "company_type", "Alias": "ct", "Startup Cost": 0.0, "Total Cost": 0.28, "Plan Rows": 1, "Plan Width": 4, "Index Cond": "(id = mc.company_type_id)", "Filter": "((kind IS NOT NULL) AND (((kind)::text = 'production companies'::text) OR ((kind)::text = 'distributors'::text)))"}]}]}, "Unique SQL Id": 1682224415}, "explain_analyze_plan": null}, "(64, 50)": {"explain_plan": {"Plan": {"Node Type": "Aggregate", "Strategy": "Plain", "Startup Cost": 68876.63, "Total Cost": 68876.64, "Plan Rows": 1, "Plan Width": 123, "Plans": [{"Node Type": "Nested Loop", "Parent Relationship": "Outer", "Join Type": "Inner", "Startup Cost": 5.15, "Total Cost": 68876.61, "Plan Rows": 4, "Plan Width": 59, "Inner Unique": true, "Join Filter": "(mc.company_type_id = ct.id)", "Plans": [{"Node Type": "Nested Loop", "Parent Relationship": "Outer", "Join Type": "Inner", "Startup Cost": 5.15, "Total Cost": 68875.44, "Plan Rows": 4, "Plan Width": 63, "Inner Unique": true, "Plans": [{"Node Type": "Nested Loop", "Parent Relationship": "Outer", "Join Type": "Inner", "Startup Cost": 4.89, "Total Cost": 68854.02, "Plan Rows": 5, "Plan Width": 67, "Inner Unique": false, "Join Filter": "(t.id = mc.movie_id)", "Plans": [{"Node Type": "Nested Loop", "Parent Relationship": "Outer", "Join Type": "Inner", "Startup Cost": 4.63, "Total Cost": 68819.48, "Plan Rows": 8, "Plan Width": 71, "Inner Unique": false, "Join Filter": "(mi.info_type_id = it1.id)", "Plans": [{"Node Type": "Seq Scan", "Parent Relationship": "Outer", "Relation Name": "info_type", "Alias": "it1", "Startup Cost": 0.0, "Total Cost": 2.4, "Plan Rows": 1, "Plan Width": 4, "Filter": "((info)::text = 'budget'::text)"}, {"Node Type": "Nested Loop", "Parent Relationship": "Inner", "Join Type": "Inner", "Startup Cost": 4.63, "Total Cost": 68796.34, "Plan Rows": 1659, "Plan Width": 75, "Inner Unique": false, "Join Filter": "(t.id = mi.movie_id)", "Plans": [{"Node Type": "Nested Loop", "Parent Relationship": "Outer", "Join Type": "Inner", "Startup Cost": 4.17, "Total Cost": 67372.44, "Plan Rows": 311, "Plan Width": 25, "Inner Unique": false, "Join Filter": "(mi_idx.info_type_id = it2.id)", "Plans": [{"Node Type": "Seq Scan", "Parent Relationship": "Outer", "Relation Name": "info_type", "Alias": "it2", "Startup Cost": 0.0, "Total Cost": 2.4, "Plan Rows": 1, "Plan Width": 4, "Filter": "((info)::text = 'bottom 10 rank'::text)"}, {"Node Type": "Materialize", "Parent Relationship": "Inner", "Startup Cost": 4.17, "Total Cost": 67366.08, "Plan Rows": 396, "Plan Width": 29, "Plans": [{"Node Type": "Nested Loop", "Parent Relationship": "Outer", "Join Type": "Inner", "Startup Cost": 4.17, "Total Cost": 67365.09, "Plan Rows": 396, "Plan Width": 29, "Inner Unique": false, "Plans": [{"Node Type": "Streaming(type: LOCAL GATHER dop: 1/64)", "Parent Relationship": "Outer", "Startup Cost": 0.0, "Total Cost": 64240.19, "Plan Rows": 258, "Plan Width": 21, "Plans": [{"Node Type": "Seq Scan", "Parent Relationship": "Outer", "Relation Name": "title", "Alias": "t", "Startup Cost": 0.0, "Total Cost": 64234.87, "Plan Rows": 258, "Plan Width": 21, "Filter": "((production_year > 2000) AND (((title)::text ~~ 'Birdemic%'::text) OR ((title)::text ~~ '%Movie%'::text)))"}]}, {"Node Type": "Bitmap Heap Scan", "Parent Relationship": "Inner", "Relation Name": "movie_info_idx", "Alias": "mi_idx", "Startup Cost": 4.17, "Total Cost": 12.09, "Plan Rows": 2, "Plan Width": 8, "Recheck Cond": "(movie_id = t.id)", "Plans": [{"Node Type": "Bitmap Index Scan", "Parent Relationship": "Outer", "Index Name": "movie_id_movie_info_idx", "Startup Cost": 0.0, "Total Cost": 4.17, "Plan Rows": 2, "Plan Width": 0, "Index Cond": "(movie_id = t.id)"}]}]}]}]}, {"Node Type": "Bitmap Heap Scan", "Parent Relationship": "Inner", "Relation Name": "movie_info", "Alias": "mi", "Startup Cost": 0.45, "Total Cost": 4.52, "Plan Rows": 5, "Plan Width": 50, "Recheck Cond": "(movie_id = mi_idx.movie_id)", "Plans": [{"Node Type": "Bitmap Index Scan", "Parent Relationship": "Outer", "Index Name": "movie_id_movie_info", "Startup Cost": 0.0, "Total Cost": 0.45, "Plan Rows": 5, "Plan Width": 0, "Index Cond": "(movie_id = mi_idx.movie_id)"}]}]}]}, {"Node Type": "Bitmap Heap Scan", "Parent Relationship": "Inner", "Relation Name": "movie_companies", "Alias": "mc", "Startup Cost": 0.27, "Total Cost": 4.29, "Plan Rows": 2, "Plan Width": 12, "Recheck Cond": "(movie_id = mi.movie_id)", "Plans": [{"Node Type": "Bitmap Index Scan", "Parent Relationship": "Outer", "Index Name": "movie_id_movie_companies", "Startup Cost": 0.0, "Total Cost": 0.27, "Plan Rows": 2, "Plan Width": 0, "Index Cond": "(movie_id = mi.movie_id)"}]}]}, {"Node Type": "Bitmap Heap Scan", "Parent Relationship": "Inner", "Relation Name": "company_name", "Alias": "cn", "Startup Cost": 0.26, "Total Cost": 4.27, "Plan Rows": 1, "Plan Width": 4, "Recheck Cond": "(id = mc.company_id)", "Filter": "((country_code)::text = '[us]'::text)", "Plans": [{"Node Type": "Bitmap Index Scan", "Parent Relationship": "Outer", "Index Name": "company_name_pkey", "Startup Cost": 0.0, "Total Cost": 0.26, "Plan Rows": 1, "Plan Width": 0, "Index Cond": "(id = mc.company_id)"}]}]}, {"Node Type": "Materialize", "Parent Relationship": "Inner", "Startup Cost": 0.0, "Total Cost": 1.05, "Plan Rows": 2, "Plan Width": 4, "Plans": [{"Node Type": "Seq Scan", "Parent Relationship": "Outer", "Relation Name": "company_type", "Alias": "ct", "Startup Cost": 0.0, "Total Cost": 1.04, "Plan Rows": 2, "Plan Width": 4, "Filter": "((kind IS NOT NULL) AND (((kind)::text = 'production companies'::text) OR ((kind)::text = 'distributors'::text)))"}]}]}]}, "Unique SQL Id": 1682224415}, "explain_analyze_plan": {"Plan": {"Node Type": "Aggregate", "Strategy": "Plain", "Startup Cost": 68876.63, "Total Cost": 68876.64, "Plan Rows": 1, "Plan Width": 123, "Actual Min Startup Time": 201.177, "Actual Max Startup Time": 201.177, "Actual Min Total Time": 201.177, "Actual Max Total Time": 201.177, "Actual Total Rows": 1, "Plans": [{"Node Type": "Nested Loop", "Parent Relationship": "Outer", "Join Type": "Inner", "Startup Cost": 5.15, "Total Cost": 68876.61, "Plan Rows": 4, "Plan Width": 59, "Actual Min Startup Time": 200.197, "Actual Max Startup Time": 200.197, "Actual Min Total Time": 201.149, "Actual Max Total Time": 201.149, "Actual Total Rows": 5, "Inner Unique": true, "Join Filter": "(mc.company_type_id = ct.id)", "Rows Removed by Join Filter": 5, "Plans": [{"Node Type": "Nested Loop", "Parent Relationship": "Outer", "Join Type": "Inner", "Startup Cost": 5.15, "Total Cost": 68875.44, "Plan Rows": 4, "Plan Width": 63, "Actual Min Startup Time": 200.009, "Actual Max Startup Time": 200.009, "Actual Min Total Time": 201.115, "Actual Max Total Time": 201.115, "Actual Total Rows": 10, "Inner Unique": true, "Plans": [{"Node Type": "Nested Loop", "Parent Relationship": "Outer", "Join Type": "Inner", "Startup Cost": 4.89, "Total Cost": 68854.02, "Plan Rows": 5, "Plan Width": 67, "Actual Min Startup Time": 199.889, "Actual Max Startup Time": 199.889, "Actual Min Total Time": 200.787, "Actual Max Total Time": 200.787, "Actual Total Rows": 33, "Inner Unique": false, "Join Filter": "(t.id = mc.movie_id)", "Rows Removed by Join Filter": 0, "Plans": [{"Node Type": "Nested Loop", "Parent Relationship": "Outer", "Join Type": "Inner", "Startup Cost": 4.63, "Total Cost": 68819.48, "Plan Rows": 8, "Plan Width": 71, "Actual Min Startup Time": 199.846, "Actual Max Startup Time": 199.846, "Actual Min Total Time": 200.7, "Actual Max Total Time": 200.7, "Actual Total Rows": 2, "Inner Unique": false, "Join Filter": "(mi.info_type_id = it1.id)", "Rows Removed by Join Filter": 219, "Plans": [{"Node Type": "Seq Scan", "Parent Relationship": "Outer", "Relation Name": "info_type", "Alias": "it1", "Startup Cost": 0.0, "Total Cost": 2.4, "Plan Rows": 1, "Plan Width": 4, "Actual Min Startup Time": 0.102, "Actual Max Startup Time": 0.102, "Actual Min Total Time": 0.111, "Actual Max Total Time": 0.111, "Actual Total Rows": 1, "Filter": "((info)::text = 'budget'::text)", "Rows Removed by Filter": 111}, {"Node Type": "Nested Loop", "Parent Relationship": "Inner", "Join Type": "Inner", "Startup Cost": 4.63, "Total Cost": 68796.34, "Plan Rows": 1659, "Plan Width": 75, "Actual Min Startup Time": 199.557, "Actual Max Startup Time": 199.557, "Actual Min Total Time": 200.488, "Actual Max Total Time": 200.488, "Actual Total Rows": 221, "Inner Unique": false, "Join Filter": "(t.id = mi.movie_id)", "Rows Removed by Join Filter": 0, "Plans": [{"Node Type": "Nested Loop", "Parent Relationship": "Outer", "Join Type": "Inner", "Startup Cost": 4.17, "Total Cost": 67372.44, "Plan Rows": 311, "Plan Width": 25, "Actual Min Startup Time": 199.501, "Actual Max Startup Time": 199.501, "Actual Min Total Time": 200.129, "Actual Max Total Time": 200.129, "Actual Total Rows": 2, "Inner Unique": false, "Join Filter": "(mi_idx.info_type_id = it2.id)", "Rows Removed by Join Filter": 2643, "Plans": [{"Node Type": "Seq Scan", "Parent Relationship": "Outer", "Relation Name": "info_type", "Alias": "it2", "Startup Cost": 0.0, "Total Cost": 2.4, "Plan Rows": 1, "Plan Width": 4, "Actual Min Startup Time": 0.07, "Actual Max Startup Time": 0.07, "Actual Min Total Time": 0.073, "Actual Max Total Time": 0.073, "Actual Total Rows": 1, "Filter": "((info)::text = 'bottom 10 rank'::text)", "Rows Removed by Filter": 111}, {"Node Type": "Materialize", "Parent Relationship": "Inner", "Startup Cost": 4.17, "Total Cost": 67366.08, "Plan Rows": 396, "Plan Width": 29, "Actual Min Startup Time": 199.231, "Actual Max Startup Time": 199.231, "Actual Min Total Time": 199.494, "Actual Max Total Time": 199.494, "Actual Total Rows": 2646, "Plans": [{"Node Type": "Nested Loop", "Parent Relationship": "Outer", "Join Type": "Inner", "Startup Cost": 4.17, "Total Cost": 67365.09, "Plan Rows": 396, "Plan Width": 29, "Actual Min Startup Time": 98.206, "Actual Max Startup Time": 98.206, "Actual Min Total Time": 198.317, "Actual Max Total Time": 198.317, "Actual Total Rows": 2645, "Inner Unique": false, "Plans": [{"Node Type": "Streaming(type: LOCAL GATHER dop: 1/64)", "Parent Relationship": "Outer", "Startup Cost": 0.0, "Total Cost": 64240.19, "Plan Rows": 258, "Plan Width": 21, "Actual Min Startup Time": 98.096, "Actual Max Startup Time": 98.096, "Actual Min Total Time": 179.103, "Actual Max Total Time": 179.103, "Actual Total Rows": 2536, "Plans": [{"Node Type": "Seq Scan", "Parent Relationship": "Outer", "Relation Name": "title", "Alias": "t", "Startup Cost": 0.0, "Total Cost": 64234.87, "Plan Rows": 258, "Plan Width": 21, "Actual Min Startup Time": 0.033, "Actual Max Startup Time": 7.291, "Actual Min Total Time": 19.364, "Actual Max Total Time": 29.667, "Actual Total Rows": 2536, "Filter": "((production_year > 2000) AND (((title)::text ~~ 'Birdemic%'::text) OR ((title)::text ~~ '%Movie%'::text)))", "Rows Removed by Filter": 2525775}]}, {"Node Type": "Bitmap Heap Scan", "Parent Relationship": "Inner", "Relation Name": "movie_info_idx", "Alias": "mi_idx", "Startup Cost": 4.17, "Total Cost": 12.09, "Plan Rows": 2, "Plan Width": 8, "Actual Min Startup Time": 15.403, "Actual Max Startup Time": 15.403, "Actual Min Total Time": 15.789, "Actual Max Total Time": 15.789, "Actual Total Rows": 2645, "Recheck Cond": "(movie_id = t.id)", "Rows Removed by Index Recheck": 0, "Exact Heap Blocks": 890, "Lossy Heap Blocks": 890, "Plans": [{"Node Type": "Bitmap Index Scan", "Parent Relationship": "Outer", "Index Name": "movie_id_movie_info_idx", "Startup Cost": 0.0, "Total Cost": 4.17, "Plan Rows": 2, "Plan Width": 0, "Actual Min Startup Time": 11.376, "Actual Max Startup Time": 11.376, "Actual Min Total Time": 11.376, "Actual Max Total Time": 11.376, "Actual Total Rows": 2645, "Index Cond": "(movie_id = t.id)"}]}]}]}]}, {"Node Type": "Bitmap Heap Scan", "Parent Relationship": "Inner", "Relation Name": "movie_info", "Alias": "mi", "Startup Cost": 0.45, "Total Cost": 4.52, "Plan Rows": 5, "Plan Width": 50, "Actual Min Startup Time": 0.067, "Actual Max Startup Time": 0.067, "Actual Min Total Time": 0.267, "Actual Max Total Time": 0.267, "Actual Total Rows": 221, "Recheck Cond": "(movie_id = mi_idx.movie_id)", "Rows Removed by Index Recheck": 0, "Exact Heap Blocks": 40, "Lossy Heap Blocks": 40, "Plans": [{"Node Type": "Bitmap Index Scan", "Parent Relationship": "Outer", "Index Name": "movie_id_movie_info", "Startup Cost": 0.0, "Total Cost": 0.45, "Plan Rows": 5, "Plan Width": 0, "Actual Min Startup Time": 0.049, "Actual Max Startup Time": 0.049, "Actual Min Total Time": 0.049, "Actual Max Total Time": 0.049, "Actual Total Rows": 221, "Index Cond": "(movie_id = mi_idx.movie_id)"}]}]}]}, {"Node Type": "Bitmap Heap Scan", "Parent Relationship": "Inner", "Relation Name": "movie_companies", "Alias": "mc", "Startup Cost": 0.27, "Total Cost": 4.29, "Plan Rows": 2, "Plan Width": 12, "Actual Min Startup Time": 0.048, "Actual Max Startup Time": 0.048, "Actual Min Total Time": 0.056, "Actual Max Total Time": 0.056, "Actual Total Rows": 33, "Recheck Cond": "(movie_id = mi.movie_id)", "Rows Removed by Index Recheck": 0, "Exact Heap Blocks": 4, "Lossy Heap Blocks": 4, "Plans": [{"Node Type": "Bitmap Index Scan", "Parent Relationship": "Outer", "Index Name": "movie_id_movie_companies", "Startup Cost": 0.0, "Total Cost": 0.27, "Plan Rows": 2, "Plan Width": 0, "Actual Min Startup Time": 0.029, "Actual Max Startup Time": 0.029, "Actual Min Total Time": 0.029, "Actual Max Total Time": 0.029, "Actual Total Rows": 33, "Index Cond": "(movie_id = mi.movie_id)"}]}]}, {"Node Type": "Bitmap Heap Scan", "Parent Relationship": "Inner", "Relation Name": "company_name", "Alias": "cn", "Startup Cost": 0.26, "Total Cost": 4.27, "Plan Rows": 1, "Plan Width": 4, "Actual Min Startup Time": 0.282, "Actual Max Startup Time": 0.282, "Actual Min Total Time": 0.282, "Actual Max Total Time": 0.282, "Actual Total Rows": 10, "Recheck Cond": "(id = mc.company_id)", "Rows Removed by Index Recheck": 0, "Filter": "((country_code)::text = '[us]'::text)", "Rows Removed by Filter": 23, "Exact Heap Blocks": 33, "Lossy Heap Blocks": 33, "Plans": [{"Node Type": "Bitmap Index Scan", "Parent Relationship": "Outer", "Index Name": "company_name_pkey", "Startup Cost": 0.0, "Total Cost": 0.26, "Plan Rows": 1, "Plan Width": 0, "Actual Min Startup Time": 0.166, "Actual Max Startup Time": 0.166, "Actual Min Total Time": 0.166, "Actual Max Total Time": 0.166, "Actual Total Rows": 33, "Index Cond": "(id = mc.company_id)"}]}]}, {"Node Type": "Materialize", "Parent Relationship": "Inner", "Startup Cost": 0.0, "Total Cost": 1.05, "Plan Rows": 2, "Plan Width": 4, "Actual Min Startup Time": 0.014, "Actual Max Startup Time": 0.014, "Actual Min Total Time": 0.019, "Actual Max Total Time": 0.019, "Actual Total Rows": 10, "Plans": [{"Node Type": "Seq Scan", "Parent Relationship": "Outer", "Relation Name": "company_type", "Alias": "ct", "Startup Cost": 0.0, "Total Cost": 1.04, "Plan Rows": 2, "Plan Width": 4, "Actual Min Startup Time": 0.011, "Actual Max Startup Time": 0.011, "Actual Min Total Time": 0.015, "Actual Max Total Time": 0.015, "Actual Total Rows": 1, "Filter": "((kind IS NOT NULL) AND (((kind)::text = 'production companies'::text) OR ((kind)::text = 'distributors'::text)))", "Rows Removed by Filter": 2}]}]}]}, "Triggers": [], "Planner Runtime": 40.922, "Total Runtime": 213.757, "Unique SQL Id": 1682224415}}, "(64, 51)": {"explain_plan": {"Plan": {"Node Type": "Aggregate", "Strategy": "Plain", "Startup Cost": 134834.77, "Total Cost": 134834.78, "Plan Rows": 1, "Plan Width": 123, "Plans": [{"Node Type": "Nested Loop", "Parent Relationship": "Outer", "Join Type": "Inner", "Startup Cost": 49668.32, "Total Cost": 134834.75, "Plan Rows": 4, "Plan Width": 59, "Inner Unique": true, "Plans": [{"Node Type": "Nested Loop", "Parent Relationship": "Outer", "Join Type": "Inner", "Startup Cost": 49668.06, "Total Cost": 134817.61, "Plan Rows": 4, "Plan Width": 63, "Inner Unique": true, "Plans": [{"Node Type": "Nested Loop", "Parent Relationship": "Outer", "Join Type": "Inner", "Startup Cost": 49667.8, "Total Cost": 134796.19, "Plan Rows": 5, "Plan Width": 67, "Inner Unique": true, "Plans": [{"Node Type": "Nested Loop", "Parent Relationship": "Outer", "Join Type": "Inner", "Startup Cost": 49667.54, "Total Cost": 134517.81, "Plan Rows": 65, "Plan Width": 71, "Inner Unique": false, "Join Filter": "(t.id = mi_idx.movie_id)", "Plans": [{"Node Type": "Nested Loop", "Parent Relationship": "Outer", "Join Type": "Inner", "Startup Cost": 49667.27, "Total Cost": 134336.51, "Plan Rows": 42, "Plan Width": 79, "Inner Unique": false, "Join Filter": "(mi.info_type_id = it1.id)", "Plans": [{"Node Type": "Bitmap Heap Scan", "Parent Relationship": "Outer", "Relation Name": "info_type", "Alias": "it1", "Startup Cost": 8.81, "Total Cost": 14.21, "Plan Rows": 1, "Plan Width": 4, "Filter": "((info)::text = 'budget'::text)", "Plans": [{"Node Type": "Bitmap Index Scan", "Parent Relationship": "Outer", "Index Name": "info_type_pkey", "Startup Cost": 0.0, "Total Cost": 8.81, "Plan Rows": 112, "Plan Width": 0}]}, {"Node Type": "Nested Loop", "Parent Relationship": "Inner", "Join Type": "Inner", "Startup Cost": 49658.46, "Total Cost": 134284.94, "Plan Rows": 2989, "Plan Width": 83, "Inner Unique": false, "Join Filter": "(t.id = mi.movie_id)", "Plans": [{"Node Type": "Nested Loop", "Parent Relationship": "Outer", "Join Type": "Inner", "Startup Cost": 49658.09, "Total Cost": 131831.96, "Plan Rows": 545, "Plan Width": 33, "Inner Unique": false, "Plans": [{"Node Type": "Bitmap Heap Scan", "Parent Relationship": "Outer", "Relation Name": "title", "Alias": "t", "Startup Cost": 49653.87, "Total Cost": 128685.31, "Plan Rows": 258, "Plan Width": 21, "Filter": "((production_year > 2000) AND (((title)::text ~~ 'Birdemic%'::text) OR ((title)::text ~~ '%Movie%'::text)))", "Plans": [{"Node Type": "Bitmap Index Scan", "Parent Relationship": "Outer", "Index Name": "title_pkey", "Startup Cost": 0.0, "Total Cost": 49653.81, "Plan Rows": 2528311, "Plan Width": 0}]}, {"Node Type": "Bitmap Heap Scan", "Parent Relationship": "Inner", "Relation Name": "movie_companies", "Alias": "mc", "Startup Cost": 4.22, "Total Cost": 12.18, "Plan Rows": 2, "Plan Width": 12, "Recheck Cond": "(movie_id = t.id)", "Plans": [{"Node Type": "Bitmap Index Scan", "Parent Relationship": "Outer", "Index Name": "movie_id_movie_companies", "Startup Cost": 0.0, "Total Cost": 4.22, "Plan Rows": 2, "Plan Width": 0, "Index Cond": "(movie_id = t.id)"}]}]}, {"Node Type": "Bitmap Heap Scan", "Parent Relationship": "Inner", "Relation Name": "movie_info", "Alias": "mi", "Startup Cost": 0.38, "Total Cost": 4.44, "Plan Rows": 5, "Plan Width": 50, "Recheck Cond": "(movie_id = mc.movie_id)", "Plans": [{"Node Type": "Bitmap Index Scan", "Parent Relationship": "Outer", "Index Name": "movie_id_movie_info", "Startup Cost": 0.0, "Total Cost": 0.37, "Plan Rows": 5, "Plan Width": 0, "Index Cond": "(movie_id = mc.movie_id)"}]}]}]}, {"Node Type": "Bitmap Heap Scan", "Parent Relationship": "Inner", "Relation Name": "movie_info_idx", "Alias": "mi_idx", "Startup Cost": 0.27, "Total Cost": 4.29, "Plan Rows": 2, "Plan Width": 8, "Recheck Cond": "(movie_id = mi.movie_id)", "Plans": [{"Node Type": "Bitmap Index Scan", "Parent Relationship": "Outer", "Index Name": "movie_id_movie_info_idx", "Startup Cost": 0.0, "Total Cost": 0.27, "Plan Rows": 2, "Plan Width": 0, "Index Cond": "(movie_id = mi.movie_id)"}]}]}, {"Node Type": "Bitmap Heap Scan", "Parent Relationship": "Inner", "Relation Name": "info_type", "Alias": "it2", "Startup Cost": 0.26, "Total Cost": 4.27, "Plan Rows": 1, "Plan Width": 4, "Recheck Cond": "(id = mi_idx.info_type_id)", "Filter": "((info)::text = 'bottom 10 rank'::text)", "Plans": [{"Node Type": "Bitmap Index Scan", "Parent Relationship": "Outer", "Index Name": "info_type_pkey", "Startup Cost": 0.0, "Total Cost": 0.26, "Plan Rows": 1, "Plan Width": 0, "Index Cond": "(id = mi_idx.info_type_id)"}]}]}, {"Node Type": "Bitmap Heap Scan", "Parent Relationship": "Inner", "Relation Name": "company_name", "Alias": "cn", "Startup Cost": 0.26, "Total Cost": 4.27, "Plan Rows": 1, "Plan Width": 4, "Recheck Cond": "(id = mc.company_id)", "Filter": "((country_code)::text = '[us]'::text)", "Plans": [{"Node Type": "Bitmap Index Scan", "Parent Relationship": "Outer", "Index Name": "company_name_pkey", "Startup Cost": 0.0, "Total Cost": 0.26, "Plan Rows": 1, "Plan Width": 0, "Index Cond": "(id = mc.company_id)"}]}]}, {"Node Type": "Bitmap Heap Scan", "Parent Relationship": "Inner", "Relation Name": "company_type", "Alias": "ct", "Startup Cost": 0.26, "Total Cost": 4.28, "Plan Rows": 1, "Plan Width": 4, "Recheck Cond": "(id = mc.company_type_id)", "Filter": "((kind IS NOT NULL) AND (((kind)::text = 'production companies'::text) OR ((kind)::text = 'distributors'::text)))", "Plans": [{"Node Type": "Bitmap Index Scan", "Parent Relationship": "Outer", "Index Name": "company_type_pkey", "Startup Cost": 0.0, "Total Cost": 0.26, "Plan Rows": 1, "Plan Width": 0, "Index Cond": "(id = mc.company_type_id)"}]}]}]}, "Unique SQL Id": 1682224415}, "explain_analyze_plan": null}, "(64, 52)": {"explain_plan": {"Plan": {"Node Type": "Aggregate", "Strategy": "Plain", "Startup Cost": 66640.91, "Total Cost": 66640.92, "Plan Rows": 1, "Plan Width": 123, "Plans": [{"Node Type": "Nested Loop", "Parent Relationship": "Outer", "Join Type": "Inner", "Startup Cost": 0.0, "Total Cost": 66640.89, "Plan Rows": 4, "Plan Width": 59, "Inner Unique": true, "Plans": [{"Node Type": "Nested Loop", "Parent Relationship": "Outer", "Join Type": "Inner", "Startup Cost": 0.0, "Total Cost": 66639.75, "Plan Rows": 4, "Plan Width": 63, "Inner Unique": true, "Plans": [{"Node Type": "Nested Loop", "Parent Relationship": "Outer", "Join Type": "Inner", "Startup Cost": 0.0, "Total Cost": 66638.31, "Plan Rows": 5, "Plan Width": 67, "Inner Unique": false, "Join Filter": "(mi.info_type_id = it1.id)", "Plans": [{"Node Type": "Seq Scan", "Parent Relationship": "Outer", "Relation Name": "info_type", "Alias": "it1", "Startup Cost": 0.0, "Total Cost": 2.4, "Plan Rows": 1, "Plan Width": 4, "Filter": "((info)::text = 'budget'::text)"}, {"Node Type": "Nested Loop", "Parent Relationship": "Inner", "Join Type": "Inner", "Startup Cost": 0.0, "Total Cost": 66621.88, "Plan Rows": 1122, "Plan Width": 71, "Inner Unique": false, "Join Filter": "(t.id = mi.movie_id)", "Plans": [{"Node Type": "Nested Loop", "Parent Relationship": "Outer", "Join Type": "Inner", "Startup Cost": 0.0, "Total Cost": 66469.22, "Plan Rows": 210, "Plan Width": 37, "Inner Unique": false, "Join Filter": "(t.id = mc.movie_id)", "Plans": [{"Node Type": "Nested Loop", "Parent Relationship": "Outer", "Join Type": "Inner", "Startup Cost": 0.0, "Total Cost": 66348.45, "Plan Rows": 311, "Plan Width": 25, "Inner Unique": false, "Join Filter": "(mi_idx.info_type_id = it2.id)", "Plans": [{"Node Type": "Seq Scan", "Parent Relationship": "Outer", "Relation Name": "info_type", "Alias": "it2", "Startup Cost": 0.0, "Total Cost": 2.4, "Plan Rows": 1, "Plan Width": 4, "Filter": "((info)::text = 'bottom 10 rank'::text)"}, {"Node Type": "Materialize", "Parent Relationship": "Inner", "Startup Cost": 0.0, "Total Cost": 66342.09, "Plan Rows": 396, "Plan Width": 29, "Plans": [{"Node Type": "Nested Loop", "Parent Relationship": "Outer", "Join Type": "Inner", "Startup Cost": 0.0, "Total Cost": 66341.1, "Plan Rows": 396, "Plan Width": 29, "Inner Unique": false, "Plans": [{"Node Type": "Streaming(type: LOCAL GATHER dop: 1/64)", "Parent Relationship": "Outer", "Startup Cost": 0.0, "Total Cost": 64240.19, "Plan Rows": 258, "Plan Width": 21, "Plans": [{"Node Type": "Seq Scan", "Parent Relationship": "Outer", "Relation Name": "title", "Alias": "t", "Startup Cost": 0.0, "Total Cost": 64234.87, "Plan Rows": 258, "Plan Width": 21, "Filter": "((production_year > 2000) AND (((title)::text ~~ 'Birdemic%'::text) OR ((title)::text ~~ '%Movie%'::text)))"}]}, {"Node Type": "Index Scan", "Parent Relationship": "Inner", "Scan Direction": "Forward", "Index Name": "movie_id_movie_info_idx", "Relation Name": "movie_info_idx", "Alias": "mi_idx", "Startup Cost": 0.0, "Total Cost": 8.12, "Plan Rows": 2, "Plan Width": 8, "Index Cond": "(movie_id = t.id)"}]}]}]}, {"Node Type": "Index Scan", "Parent Relationship": "Inner", "Scan Direction": "Forward", "Index Name": "movie_id_movie_companies", "Relation Name": "movie_companies", "Alias": "mc", "Startup Cost": 0.0, "Total Cost": 0.36, "Plan Rows": 2, "Plan Width": 12, "Index Cond": "(movie_id = mi_idx.movie_id)"}]}, {"Node Type": "Index Scan", "Parent Relationship": "Inner", "Scan Direction": "Forward", "Index Name": "movie_id_movie_info", "Relation Name": "movie_info", "Alias": "mi", "Startup Cost": 0.0, "Total Cost": 0.66, "Plan Rows": 5, "Plan Width": 50, "Index Cond": "(movie_id = mc.movie_id)"}]}]}, {"Node Type": "Index Scan", "Parent Relationship": "Inner", "Scan Direction": "Forward", "Index Name": "company_name_pkey", "Relation Name": "company_name", "Alias": "cn", "Startup Cost": 0.0, "Total Cost": 0.28, "Plan Rows": 1, "Plan Width": 4, "Index Cond": "(id = mc.company_id)", "Filter": "((country_code)::text = '[us]'::text)"}]}, {"Node Type": "Index Scan", "Parent Relationship": "Inner", "Scan Direction": "Forward", "Index Name": "company_type_pkey", "Relation Name": "company_type", "Alias": "ct", "Startup Cost": 0.0, "Total Cost": 0.28, "Plan Rows": 1, "Plan Width": 4, "Index Cond": "(id = mc.company_type_id)", "Filter": "((kind IS NOT NULL) AND (((kind)::text = 'production companies'::text) OR ((kind)::text = 'distributors'::text)))"}]}]}, "Unique SQL Id": 1682224415}, "explain_analyze_plan": {"Plan": {"Node Type": "Aggregate", "Strategy": "Plain", "Startup Cost": 66640.91, "Total Cost": 66640.92, "Plan Rows": 1, "Plan Width": 123, "Actual Min Startup Time": 199.349, "Actual Max Startup Time": 199.349, "Actual Min Total Time": 199.35, "Actual Max Total Time": 199.35, "Actual Total Rows": 1, "Plans": [{"Node Type": "Nested Loop", "Parent Relationship": "Outer", "Join Type": "Inner", "Startup Cost": 0.0, "Total Cost": 66640.89, "Plan Rows": 4, "Plan Width": 59, "Actual Min Startup Time": 198.208, "Actual Max Startup Time": 198.208, "Actual Min Total Time": 199.313, "Actual Max Total Time": 199.313, "Actual Total Rows": 5, "Inner Unique": true, "Plans": [{"Node Type": "Nested Loop", "Parent Relationship": "Outer", "Join Type": "Inner", "Startup Cost": 0.0, "Total Cost": 66639.75, "Plan Rows": 4, "Plan Width": 63, "Actual Min Startup Time": 195.34, "Actual Max Startup Time": 195.34, "Actual Min Total Time": 199.281, "Actual Max Total Time": 199.281, "Actual Total Rows": 10, "Inner Unique": true, "Plans": [{"Node Type": "Nested Loop", "Parent Relationship": "Outer", "Join Type": "Inner", "Startup Cost": 0.0, "Total Cost": 66638.31, "Plan Rows": 5, "Plan Width": 67, "Actual Min Startup Time": 193.942, "Actual Max Startup Time": 193.942, "Actual Min Total Time": 199.008, "Actual Max Total Time": 199.008, "Actual Total Rows": 33, "Inner Unique": false, "Join Filter": "(mi.info_type_id = it1.id)", "Rows Removed by Join Filter": 4926, "Plans": [{"Node Type": "Seq Scan", "Parent Relationship": "Outer", "Relation Name": "info_type", "Alias": "it1", "Startup Cost": 0.0, "Total Cost": 2.4, "Plan Rows": 1, "Plan Width": 4, "Actual Min Startup Time": 0.111, "Actual Max Startup Time": 0.111, "Actual Min Total Time": 0.12, "Actual Max Total Time": 0.12, "Actual Total Rows": 1, "Filter": "((info)::text = 'budget'::text)", "Rows Removed by Filter": 111}, {"Node Type": "Nested Loop", "Parent Relationship": "Inner", "Join Type": "Inner", "Startup Cost": 0.0, "Total Cost": 66621.88, "Plan Rows": 1122, "Plan Width": 71, "Actual Min Startup Time": 193.654, "Actual Max Startup Time": 193.654, "Actual Min Total Time": 197.898, "Actual Max Total Time": 197.898, "Actual Total Rows": 4959, "Inner Unique": false, "Join Filter": "(t.id = mi.movie_id)", "Rows Removed by Join Filter": 0, "Plans": [{"Node Type": "Nested Loop", "Parent Relationship": "Outer", "Join Type": "Inner", "Startup Cost": 0.0, "Total Cost": 66469.22, "Plan Rows": 210, "Plan Width": 37, "Actual Min Startup Time": 193.619, "Actual Max Startup Time": 193.619, "Actual Min Total Time": 193.798, "Actual Max Total Time": 193.798, "Actual Total Rows": 33, "Inner Unique": false, "Join Filter": "(t.id = mc.movie_id)", "Rows Removed by Join Filter": 0, "Plans": [{"Node Type": "Nested Loop", "Parent Relationship": "Outer", "Join Type": "Inner", "Startup Cost": 0.0, "Total Cost": 66348.45, "Plan Rows": 311, "Plan Width": 25, "Actual Min Startup Time": 193.591, "Actual Max Startup Time": 193.591, "Actual Min Total Time": 193.726, "Actual Max Total Time": 193.726, "Actual Total Rows": 2, "Inner Unique": false, "Join Filter": "(mi_idx.info_type_id = it2.id)", "Rows Removed by Join Filter": 2643, "Plans": [{"Node Type": "Seq Scan", "Parent Relationship": "Outer", "Relation Name": "info_type", "Alias": "it2", "Startup Cost": 0.0, "Total Cost": 2.4, "Plan Rows": 1, "Plan Width": 4, "Actual Min Startup Time": 0.072, "Actual Max Startup Time": 0.072, "Actual Min Total Time": 0.077, "Actual Max Total Time": 0.077, "Actual Total Rows": 1, "Filter": "((info)::text = 'bottom 10 rank'::text)", "Rows Removed by Filter": 111}, {"Node Type": "Materialize", "Parent Relationship": "Inner", "Startup Cost": 0.0, "Total Cost": 66342.09, "Plan Rows": 396, "Plan Width": 29, "Actual Min Startup Time": 192.814, "Actual Max Startup Time": 192.814, "Actual Min Total Time": 193.085, "Actual Max Total Time": 193.085, "Actual Total Rows": 2646, "Plans": [{"Node Type": "Nested Loop", "Parent Relationship": "Outer", "Join Type": "Inner", "Startup Cost": 0.0, "Total Cost": 66341.1, "Plan Rows": 396, "Plan Width": 29, "Actual Min Startup Time": 111.437, "Actual Max Startup Time": 111.437, "Actual Min Total Time": 191.92, "Actual Max Total Time": 191.92, "Actual Total Rows": 2645, "Inner Unique": false, "Plans": [{"Node Type": "Streaming(type: LOCAL GATHER dop: 1/64)", "Parent Relationship": "Outer", "Startup Cost": 0.0, "Total Cost": 64240.19, "Plan Rows": 258, "Plan Width": 21, "Actual Min Startup Time": 111.362, "Actual Max Startup Time": 111.362, "Actual Min Total Time": 175.256, "Actual Max Total Time": 175.256, "Actual Total Rows": 2536, "Plans": [{"Node Type": "Seq Scan", "Parent Relationship": "Outer", "Relation Name": "title", "Alias": "t", "Startup Cost": 0.0, "Total Cost": 64234.87, "Plan Rows": 258, "Plan Width": 21, "Actual Min Startup Time": 0.032, "Actual Max Startup Time": 7.272, "Actual Min Total Time": 19.369, "Actual Max Total Time": 24.0, "Actual Total Rows": 2536, "Filter": "((production_year > 2000) AND (((title)::text ~~ 'Birdemic%'::text) OR ((title)::text ~~ '%Movie%'::text)))", "Rows Removed by Filter": 2525775}]}, {"Node Type": "Index Scan", "Parent Relationship": "Inner", "Scan Direction": "Forward", "Index Name": "movie_id_movie_info_idx", "Relation Name": "movie_info_idx", "Alias": "mi_idx", "Startup Cost": 0.0, "Total Cost": 8.12, "Plan Rows": 2, "Plan Width": 8, "Actual Min Startup Time": 13.665, "Actual Max Startup Time": 13.665, "Actual Min Total Time": 14.681, "Actual Max Total Time": 14.681, "Actual Total Rows": 2645, "Index Cond": "(movie_id = t.id)", "Rows Removed by Index Recheck": 0}]}]}]}, {"Node Type": "Index Scan", "Parent Relationship": "Inner", "Scan Direction": "Forward", "Index Name": "movie_id_movie_companies", "Relation Name": "movie_companies", "Alias": "mc", "Startup Cost": 0.0, "Total Cost": 0.36, "Plan Rows": 2, "Plan Width": 12, "Actual Min Startup Time": 0.032, "Actual Max Startup Time": 0.032, "Actual Min Total Time": 0.051, "Actual Max Total Time": 0.051, "Actual Total Rows": 33, "Index Cond": "(movie_id = mi_idx.movie_id)", "Rows Removed by Index Recheck": 0}]}, {"Node Type": "Index Scan", "Parent Relationship": "Inner", "Scan Direction": "Forward", "Index Name": "movie_id_movie_info", "Relation Name": "movie_info", "Alias": "mi", "Startup Cost": 0.0, "Total Cost": 0.66, "Plan Rows": 5, "Plan Width": 50, "Actual Min Startup Time": 0.498, "Actual Max Startup Time": 0.498, "Actual Min Total Time": 2.493, "Actual Max Total Time": 2.493, "Actual Total Rows": 4959, "Index Cond": "(movie_id = mc.movie_id)", "Rows Removed by Index Recheck": 0}]}]}, {"Node Type": "Index Scan", "Parent Relationship": "Inner", "Scan Direction": "Forward", "Index Name": "company_name_pkey", "Relation Name": "company_name", "Alias": "cn", "Startup Cost": 0.0, "Total Cost": 0.28, "Plan Rows": 1, "Plan Width": 4, "Actual Min Startup Time": 0.244, "Actual Max Startup Time": 0.244, "Actual Min Total Time": 0.244, "Actual Max Total Time": 0.244, "Actual Total Rows": 10, "Index Cond": "(id = mc.company_id)", "Rows Removed by Index Recheck": 0, "Filter": "((country_code)::text = '[us]'::text)", "Rows Removed by Filter": 23}]}, {"Node Type": "Index Scan", "Parent Relationship": "Inner", "Scan Direction": "Forward", "Index Name": "company_type_pkey", "Relation Name": "company_type", "Alias": "ct", "Startup Cost": 0.0, "Total Cost": 0.28, "Plan Rows": 1, "Plan Width": 4, "Actual Min Startup Time": 0.02, "Actual Max Startup Time": 0.02, "Actual Min Total Time": 0.02, "Actual Max Total Time": 0.02, "Actual Total Rows": 5, "Index Cond": "(id = mc.company_type_id)", "Rows Removed by Index Recheck": 0, "Filter": "((kind IS NOT NULL) AND (((kind)::text = 'production companies'::text) OR ((kind)::text = 'distributors'::text)))", "Rows Removed by Filter": 0}]}]}, "Triggers": [], "Planner Runtime": 21.617, "Total Runtime": 212.864, "Unique SQL Id": 1682224415}}, "(64, 53)": {"explain_plan": {"Plan": {"Node Type": "Aggregate", "Strategy": "Plain", "Startup Cost": 131508.15, "Total Cost": 131508.16, "Plan Rows": 1, "Plan Width": 123, "Plans": [{"Node Type": "Nested Loop", "Parent Relationship": "Outer", "Join Type": "Inner", "Startup Cost": 0.0, "Total Cost": 131508.13, "Plan Rows": 4, "Plan Width": 59, "Inner Unique": true, "Plans": [{"Node Type": "Nested Loop", "Parent Relationship": "Outer", "Join Type": "Inner", "Startup Cost": 0.0, "Total Cost": 131506.99, "Plan Rows": 4, "Plan Width": 63, "Inner Unique": true, "Plans": [{"Node Type": "Nested Loop", "Parent Relationship": "Outer", "Join Type": "Inner", "Startup Cost": 0.0, "Total Cost": 131505.55, "Plan Rows": 5, "Plan Width": 67, "Inner Unique": false, "Join Filter": "(mi.info_type_id = it1.id)", "Plans": [{"Node Type": "Index Scan", "Parent Relationship": "Outer", "Scan Direction": "Forward", "Index Name": "info_type_pkey", "Relation Name": "info_type", "Alias": "it1", "Startup Cost": 0.0, "Total Cost": 14.21, "Plan Rows": 1, "Plan Width": 4, "Filter": "((info)::text = 'budget'::text)"}, {"Node Type": "Nested Loop", "Parent Relationship": "Inner", "Join Type": "Inner", "Startup Cost": 0.0, "Total Cost": 131477.32, "Plan Rows": 1122, "Plan Width": 71, "Inner Unique": false, "Join Filter": "(t.id = mi.movie_id)", "Plans": [{"Node Type": "Nested Loop", "Parent Relationship": "Outer", "Join Type": "Inner", "Startup Cost": 0.0, "Total Cost": 131324.66, "Plan Rows": 210, "Plan Width": 37, "Inner Unique": false, "Join Filter": "(t.id = mc.movie_id)", "Plans": [{"Node Type": "Nested Loop", "Parent Relationship": "Outer", "Join Type": "Inner", "Startup Cost": 0.0, "Total Cost": 131203.89, "Plan Rows": 311, "Plan Width": 25, "Inner Unique": true, "Join Filter": "(mi_idx.info_type_id = it2.id)", "Plans": [{"Node Type": "Nested Loop", "Parent Relationship": "Outer", "Join Type": "Inner", "Startup Cost": 0.0, "Total Cost": 131183.74, "Plan Rows": 396, "Plan Width": 29, "Inner Unique": false, "Plans": [{"Node Type": "Index Scan", "Parent Relationship": "Outer", "Scan Direction": "Forward", "Index Name": "title_pkey", "Relation Name": "title", "Alias": "t", "Startup Cost": 0.0, "Total Cost": 129082.82, "Plan Rows": 258, "Plan Width": 21, "Filter": "((production_year > 2000) AND (((title)::text ~~ 'Birdemic%'::text) OR ((title)::text ~~ '%Movie%'::text)))"}, {"Node Type": "Index Scan", "Parent Relationship": "Inner", "Scan Direction": "Forward", "Index Name": "movie_id_movie_info_idx", "Relation Name": "movie_info_idx", "Alias": "mi_idx", "Startup Cost": 0.0, "Total Cost": 8.12, "Plan Rows": 2, "Plan Width": 8, "Index Cond": "(movie_id = t.id)"}]}, {"Node Type": "Materialize", "Parent Relationship": "Inner", "Startup Cost": 0.0, "Total Cost": 14.22, "Plan Rows": 1, "Plan Width": 4, "Plans": [{"Node Type": "Index Scan", "Parent Relationship": "Outer", "Scan Direction": "Forward", "Index Name": "info_type_pkey", "Relation Name": "info_type", "Alias": "it2", "Startup Cost": 0.0, "Total Cost": 14.21, "Plan Rows": 1, "Plan Width": 4, "Filter": "((info)::text = 'bottom 10 rank'::text)"}]}]}, {"Node Type": "Index Scan", "Parent Relationship": "Inner", "Scan Direction": "Forward", "Index Name": "movie_id_movie_companies", "Relation Name": "movie_companies", "Alias": "mc", "Startup Cost": 0.0, "Total Cost": 0.36, "Plan Rows": 2, "Plan Width": 12, "Index Cond": "(movie_id = mi_idx.movie_id)"}]}, {"Node Type": "Index Scan", "Parent Relationship": "Inner", "Scan Direction": "Forward", "Index Name": "movie_id_movie_info", "Relation Name": "movie_info", "Alias": "mi", "Startup Cost": 0.0, "Total Cost": 0.66, "Plan Rows": 5, "Plan Width": 50, "Index Cond": "(movie_id = mc.movie_id)"}]}]}, {"Node Type": "Index Scan", "Parent Relationship": "Inner", "Scan Direction": "Forward", "Index Name": "company_name_pkey", "Relation Name": "company_name", "Alias": "cn", "Startup Cost": 0.0, "Total Cost": 0.28, "Plan Rows": 1, "Plan Width": 4, "Index Cond": "(id = mc.company_id)", "Filter": "((country_code)::text = '[us]'::text)"}]}, {"Node Type": "Index Scan", "Parent Relationship": "Inner", "Scan Direction": "Forward", "Index Name": "company_type_pkey", "Relation Name": "company_type", "Alias": "ct", "Startup Cost": 0.0, "Total Cost": 0.28, "Plan Rows": 1, "Plan Width": 4, "Index Cond": "(id = mc.company_type_id)", "Filter": "((kind IS NOT NULL) AND (((kind)::text = 'production companies'::text) OR ((kind)::text = 'distributors'::text)))"}]}]}, "Unique SQL Id": 1682224415}, "explain_analyze_plan": null}, "(64, 54)": {"explain_plan": {"Plan": {"Node Type": "Aggregate", "Strategy": "Plain", "Startup Cost": 68876.63, "Total Cost": 68876.64, "Plan Rows": 1, "Plan Width": 123, "Plans": [{"Node Type": "Nested Loop", "Parent Relationship": "Outer", "Join Type": "Inner", "Startup Cost": 5.15, "Total Cost": 68876.61, "Plan Rows": 4, "Plan Width": 59, "Inner Unique": true, "Join Filter": "(mc.company_type_id = ct.id)", "Plans": [{"Node Type": "Nested Loop", "Parent Relationship": "Outer", "Join Type": "Inner", "Startup Cost": 5.15, "Total Cost": 68875.44, "Plan Rows": 4, "Plan Width": 63, "Inner Unique": true, "Plans": [{"Node Type": "Nested Loop", "Parent Relationship": "Outer", "Join Type": "Inner", "Startup Cost": 4.89, "Total Cost": 68854.02, "Plan Rows": 5, "Plan Width": 67, "Inner Unique": false, "Join Filter": "(t.id = mc.movie_id)", "Plans": [{"Node Type": "Nested Loop", "Parent Relationship": "Outer", "Join Type": "Inner", "Startup Cost": 4.63, "Total Cost": 68819.48, "Plan Rows": 8, "Plan Width": 71, "Inner Unique": false, "Join Filter": "(mi.info_type_id = it1.id)", "Plans": [{"Node Type": "Seq Scan", "Parent Relationship": "Outer", "Relation Name": "info_type", "Alias": "it1", "Startup Cost": 0.0, "Total Cost": 2.4, "Plan Rows": 1, "Plan Width": 4, "Filter": "((info)::text = 'budget'::text)"}, {"Node Type": "Nested Loop", "Parent Relationship": "Inner", "Join Type": "Inner", "Startup Cost": 4.63, "Total Cost": 68796.34, "Plan Rows": 1659, "Plan Width": 75, "Inner Unique": false, "Join Filter": "(t.id = mi.movie_id)", "Plans": [{"Node Type": "Nested Loop", "Parent Relationship": "Outer", "Join Type": "Inner", "Startup Cost": 4.17, "Total Cost": 67372.44, "Plan Rows": 311, "Plan Width": 25, "Inner Unique": false, "Join Filter": "(mi_idx.info_type_id = it2.id)", "Plans": [{"Node Type": "Seq Scan", "Parent Relationship": "Outer", "Relation Name": "info_type", "Alias": "it2", "Startup Cost": 0.0, "Total Cost": 2.4, "Plan Rows": 1, "Plan Width": 4, "Filter": "((info)::text = 'bottom 10 rank'::text)"}, {"Node Type": "Materialize", "Parent Relationship": "Inner", "Startup Cost": 4.17, "Total Cost": 67366.08, "Plan Rows": 396, "Plan Width": 29, "Plans": [{"Node Type": "Nested Loop", "Parent Relationship": "Outer", "Join Type": "Inner", "Startup Cost": 4.17, "Total Cost": 67365.09, "Plan Rows": 396, "Plan Width": 29, "Inner Unique": false, "Plans": [{"Node Type": "Streaming(type: LOCAL GATHER dop: 1/64)", "Parent Relationship": "Outer", "Startup Cost": 0.0, "Total Cost": 64240.19, "Plan Rows": 258, "Plan Width": 21, "Plans": [{"Node Type": "Seq Scan", "Parent Relationship": "Outer", "Relation Name": "title", "Alias": "t", "Startup Cost": 0.0, "Total Cost": 64234.87, "Plan Rows": 258, "Plan Width": 21, "Filter": "((production_year > 2000) AND (((title)::text ~~ 'Birdemic%'::text) OR ((title)::text ~~ '%Movie%'::text)))"}]}, {"Node Type": "Bitmap Heap Scan", "Parent Relationship": "Inner", "Relation Name": "movie_info_idx", "Alias": "mi_idx", "Startup Cost": 4.17, "Total Cost": 12.09, "Plan Rows": 2, "Plan Width": 8, "Recheck Cond": "(movie_id = t.id)", "Plans": [{"Node Type": "Bitmap Index Scan", "Parent Relationship": "Outer", "Index Name": "movie_id_movie_info_idx", "Startup Cost": 0.0, "Total Cost": 4.17, "Plan Rows": 2, "Plan Width": 0, "Index Cond": "(movie_id = t.id)"}]}]}]}]}, {"Node Type": "Bitmap Heap Scan", "Parent Relationship": "Inner", "Relation Name": "movie_info", "Alias": "mi", "Startup Cost": 0.45, "Total Cost": 4.52, "Plan Rows": 5, "Plan Width": 50, "Recheck Cond": "(movie_id = mi_idx.movie_id)", "Plans": [{"Node Type": "Bitmap Index Scan", "Parent Relationship": "Outer", "Index Name": "movie_id_movie_info", "Startup Cost": 0.0, "Total Cost": 0.45, "Plan Rows": 5, "Plan Width": 0, "Index Cond": "(movie_id = mi_idx.movie_id)"}]}]}]}, {"Node Type": "Bitmap Heap Scan", "Parent Relationship": "Inner", "Relation Name": "movie_companies", "Alias": "mc", "Startup Cost": 0.27, "Total Cost": 4.29, "Plan Rows": 2, "Plan Width": 12, "Recheck Cond": "(movie_id = mi.movie_id)", "Plans": [{"Node Type": "Bitmap Index Scan", "Parent Relationship": "Outer", "Index Name": "movie_id_movie_companies", "Startup Cost": 0.0, "Total Cost": 0.27, "Plan Rows": 2, "Plan Width": 0, "Index Cond": "(movie_id = mi.movie_id)"}]}]}, {"Node Type": "Bitmap Heap Scan", "Parent Relationship": "Inner", "Relation Name": "company_name", "Alias": "cn", "Startup Cost": 0.26, "Total Cost": 4.27, "Plan Rows": 1, "Plan Width": 4, "Recheck Cond": "(id = mc.company_id)", "Filter": "((country_code)::text = '[us]'::text)", "Plans": [{"Node Type": "Bitmap Index Scan", "Parent Relationship": "Outer", "Index Name": "company_name_pkey", "Startup Cost": 0.0, "Total Cost": 0.26, "Plan Rows": 1, "Plan Width": 0, "Index Cond": "(id = mc.company_id)"}]}]}, {"Node Type": "Materialize", "Parent Relationship": "Inner", "Startup Cost": 0.0, "Total Cost": 1.05, "Plan Rows": 2, "Plan Width": 4, "Plans": [{"Node Type": "Seq Scan", "Parent Relationship": "Outer", "Relation Name": "company_type", "Alias": "ct", "Startup Cost": 0.0, "Total Cost": 1.04, "Plan Rows": 2, "Plan Width": 4, "Filter": "((kind IS NOT NULL) AND (((kind)::text = 'production companies'::text) OR ((kind)::text = 'distributors'::text)))"}]}]}]}, "Unique SQL Id": 1682224415}, "explain_analyze_plan": {"Plan": {"Node Type": "Aggregate", "Strategy": "Plain", "Startup Cost": 68876.63, "Total Cost": 68876.64, "Plan Rows": 1, "Plan Width": 123, "Actual Min Startup Time": 201.177, "Actual Max Startup Time": 201.177, "Actual Min Total Time": 201.177, "Actual Max Total Time": 201.177, "Actual Total Rows": 1, "Plans": [{"Node Type": "Nested Loop", "Parent Relationship": "Outer", "Join Type": "Inner", "Startup Cost": 5.15, "Total Cost": 68876.61, "Plan Rows": 4, "Plan Width": 59, "Actual Min Startup Time": 200.197, "Actual Max Startup Time": 200.197, "Actual Min Total Time": 201.149, "Actual Max Total Time": 201.149, "Actual Total Rows": 5, "Inner Unique": true, "Join Filter": "(mc.company_type_id = ct.id)", "Rows Removed by Join Filter": 5, "Plans": [{"Node Type": "Nested Loop", "Parent Relationship": "Outer", "Join Type": "Inner", "Startup Cost": 5.15, "Total Cost": 68875.44, "Plan Rows": 4, "Plan Width": 63, "Actual Min Startup Time": 200.009, "Actual Max Startup Time": 200.009, "Actual Min Total Time": 201.115, "Actual Max Total Time": 201.115, "Actual Total Rows": 10, "Inner Unique": true, "Plans": [{"Node Type": "Nested Loop", "Parent Relationship": "Outer", "Join Type": "Inner", "Startup Cost": 4.89, "Total Cost": 68854.02, "Plan Rows": 5, "Plan Width": 67, "Actual Min Startup Time": 199.889, "Actual Max Startup Time": 199.889, "Actual Min Total Time": 200.787, "Actual Max Total Time": 200.787, "Actual Total Rows": 33, "Inner Unique": false, "Join Filter": "(t.id = mc.movie_id)", "Rows Removed by Join Filter": 0, "Plans": [{"Node Type": "Nested Loop", "Parent Relationship": "Outer", "Join Type": "Inner", "Startup Cost": 4.63, "Total Cost": 68819.48, "Plan Rows": 8, "Plan Width": 71, "Actual Min Startup Time": 199.846, "Actual Max Startup Time": 199.846, "Actual Min Total Time": 200.7, "Actual Max Total Time": 200.7, "Actual Total Rows": 2, "Inner Unique": false, "Join Filter": "(mi.info_type_id = it1.id)", "Rows Removed by Join Filter": 219, "Plans": [{"Node Type": "Seq Scan", "Parent Relationship": "Outer", "Relation Name": "info_type", "Alias": "it1", "Startup Cost": 0.0, "Total Cost": 2.4, "Plan Rows": 1, "Plan Width": 4, "Actual Min Startup Time": 0.102, "Actual Max Startup Time": 0.102, "Actual Min Total Time": 0.111, "Actual Max Total Time": 0.111, "Actual Total Rows": 1, "Filter": "((info)::text = 'budget'::text)", "Rows Removed by Filter": 111}, {"Node Type": "Nested Loop", "Parent Relationship": "Inner", "Join Type": "Inner", "Startup Cost": 4.63, "Total Cost": 68796.34, "Plan Rows": 1659, "Plan Width": 75, "Actual Min Startup Time": 199.557, "Actual Max Startup Time": 199.557, "Actual Min Total Time": 200.488, "Actual Max Total Time": 200.488, "Actual Total Rows": 221, "Inner Unique": false, "Join Filter": "(t.id = mi.movie_id)", "Rows Removed by Join Filter": 0, "Plans": [{"Node Type": "Nested Loop", "Parent Relationship": "Outer", "Join Type": "Inner", "Startup Cost": 4.17, "Total Cost": 67372.44, "Plan Rows": 311, "Plan Width": 25, "Actual Min Startup Time": 199.501, "Actual Max Startup Time": 199.501, "Actual Min Total Time": 200.129, "Actual Max Total Time": 200.129, "Actual Total Rows": 2, "Inner Unique": false, "Join Filter": "(mi_idx.info_type_id = it2.id)", "Rows Removed by Join Filter": 2643, "Plans": [{"Node Type": "Seq Scan", "Parent Relationship": "Outer", "Relation Name": "info_type", "Alias": "it2", "Startup Cost": 0.0, "Total Cost": 2.4, "Plan Rows": 1, "Plan Width": 4, "Actual Min Startup Time": 0.07, "Actual Max Startup Time": 0.07, "Actual Min Total Time": 0.073, "Actual Max Total Time": 0.073, "Actual Total Rows": 1, "Filter": "((info)::text = 'bottom 10 rank'::text)", "Rows Removed by Filter": 111}, {"Node Type": "Materialize", "Parent Relationship": "Inner", "Startup Cost": 4.17, "Total Cost": 67366.08, "Plan Rows": 396, "Plan Width": 29, "Actual Min Startup Time": 199.231, "Actual Max Startup Time": 199.231, "Actual Min Total Time": 199.494, "Actual Max Total Time": 199.494, "Actual Total Rows": 2646, "Plans": [{"Node Type": "Nested Loop", "Parent Relationship": "Outer", "Join Type": "Inner", "Startup Cost": 4.17, "Total Cost": 67365.09, "Plan Rows": 396, "Plan Width": 29, "Actual Min Startup Time": 98.206, "Actual Max Startup Time": 98.206, "Actual Min Total Time": 198.317, "Actual Max Total Time": 198.317, "Actual Total Rows": 2645, "Inner Unique": false, "Plans": [{"Node Type": "Streaming(type: LOCAL GATHER dop: 1/64)", "Parent Relationship": "Outer", "Startup Cost": 0.0, "Total Cost": 64240.19, "Plan Rows": 258, "Plan Width": 21, "Actual Min Startup Time": 98.096, "Actual Max Startup Time": 98.096, "Actual Min Total Time": 179.103, "Actual Max Total Time": 179.103, "Actual Total Rows": 2536, "Plans": [{"Node Type": "Seq Scan", "Parent Relationship": "Outer", "Relation Name": "title", "Alias": "t", "Startup Cost": 0.0, "Total Cost": 64234.87, "Plan Rows": 258, "Plan Width": 21, "Actual Min Startup Time": 0.033, "Actual Max Startup Time": 7.291, "Actual Min Total Time": 19.364, "Actual Max Total Time": 29.667, "Actual Total Rows": 2536, "Filter": "((production_year > 2000) AND (((title)::text ~~ 'Birdemic%'::text) OR ((title)::text ~~ '%Movie%'::text)))", "Rows Removed by Filter": 2525775}]}, {"Node Type": "Bitmap Heap Scan", "Parent Relationship": "Inner", "Relation Name": "movie_info_idx", "Alias": "mi_idx", "Startup Cost": 4.17, "Total Cost": 12.09, "Plan Rows": 2, "Plan Width": 8, "Actual Min Startup Time": 15.403, "Actual Max Startup Time": 15.403, "Actual Min Total Time": 15.789, "Actual Max Total Time": 15.789, "Actual Total Rows": 2645, "Recheck Cond": "(movie_id = t.id)", "Rows Removed by Index Recheck": 0, "Exact Heap Blocks": 890, "Lossy Heap Blocks": 890, "Plans": [{"Node Type": "Bitmap Index Scan", "Parent Relationship": "Outer", "Index Name": "movie_id_movie_info_idx", "Startup Cost": 0.0, "Total Cost": 4.17, "Plan Rows": 2, "Plan Width": 0, "Actual Min Startup Time": 11.376, "Actual Max Startup Time": 11.376, "Actual Min Total Time": 11.376, "Actual Max Total Time": 11.376, "Actual Total Rows": 2645, "Index Cond": "(movie_id = t.id)"}]}]}]}]}, {"Node Type": "Bitmap Heap Scan", "Parent Relationship": "Inner", "Relation Name": "movie_info", "Alias": "mi", "Startup Cost": 0.45, "Total Cost": 4.52, "Plan Rows": 5, "Plan Width": 50, "Actual Min Startup Time": 0.067, "Actual Max Startup Time": 0.067, "Actual Min Total Time": 0.267, "Actual Max Total Time": 0.267, "Actual Total Rows": 221, "Recheck Cond": "(movie_id = mi_idx.movie_id)", "Rows Removed by Index Recheck": 0, "Exact Heap Blocks": 40, "Lossy Heap Blocks": 40, "Plans": [{"Node Type": "Bitmap Index Scan", "Parent Relationship": "Outer", "Index Name": "movie_id_movie_info", "Startup Cost": 0.0, "Total Cost": 0.45, "Plan Rows": 5, "Plan Width": 0, "Actual Min Startup Time": 0.049, "Actual Max Startup Time": 0.049, "Actual Min Total Time": 0.049, "Actual Max Total Time": 0.049, "Actual Total Rows": 221, "Index Cond": "(movie_id = mi_idx.movie_id)"}]}]}]}, {"Node Type": "Bitmap Heap Scan", "Parent Relationship": "Inner", "Relation Name": "movie_companies", "Alias": "mc", "Startup Cost": 0.27, "Total Cost": 4.29, "Plan Rows": 2, "Plan Width": 12, "Actual Min Startup Time": 0.048, "Actual Max Startup Time": 0.048, "Actual Min Total Time": 0.056, "Actual Max Total Time": 0.056, "Actual Total Rows": 33, "Recheck Cond": "(movie_id = mi.movie_id)", "Rows Removed by Index Recheck": 0, "Exact Heap Blocks": 4, "Lossy Heap Blocks": 4, "Plans": [{"Node Type": "Bitmap Index Scan", "Parent Relationship": "Outer", "Index Name": "movie_id_movie_companies", "Startup Cost": 0.0, "Total Cost": 0.27, "Plan Rows": 2, "Plan Width": 0, "Actual Min Startup Time": 0.029, "Actual Max Startup Time": 0.029, "Actual Min Total Time": 0.029, "Actual Max Total Time": 0.029, "Actual Total Rows": 33, "Index Cond": "(movie_id = mi.movie_id)"}]}]}, {"Node Type": "Bitmap Heap Scan", "Parent Relationship": "Inner", "Relation Name": "company_name", "Alias": "cn", "Startup Cost": 0.26, "Total Cost": 4.27, "Plan Rows": 1, "Plan Width": 4, "Actual Min Startup Time": 0.282, "Actual Max Startup Time": 0.282, "Actual Min Total Time": 0.282, "Actual Max Total Time": 0.282, "Actual Total Rows": 10, "Recheck Cond": "(id = mc.company_id)", "Rows Removed by Index Recheck": 0, "Filter": "((country_code)::text = '[us]'::text)", "Rows Removed by Filter": 23, "Exact Heap Blocks": 33, "Lossy Heap Blocks": 33, "Plans": [{"Node Type": "Bitmap Index Scan", "Parent Relationship": "Outer", "Index Name": "company_name_pkey", "Startup Cost": 0.0, "Total Cost": 0.26, "Plan Rows": 1, "Plan Width": 0, "Actual Min Startup Time": 0.166, "Actual Max Startup Time": 0.166, "Actual Min Total Time": 0.166, "Actual Max Total Time": 0.166, "Actual Total Rows": 33, "Index Cond": "(id = mc.company_id)"}]}]}, {"Node Type": "Materialize", "Parent Relationship": "Inner", "Startup Cost": 0.0, "Total Cost": 1.05, "Plan Rows": 2, "Plan Width": 4, "Actual Min Startup Time": 0.014, "Actual Max Startup Time": 0.014, "Actual Min Total Time": 0.019, "Actual Max Total Time": 0.019, "Actual Total Rows": 10, "Plans": [{"Node Type": "Seq Scan", "Parent Relationship": "Outer", "Relation Name": "company_type", "Alias": "ct", "Startup Cost": 0.0, "Total Cost": 1.04, "Plan Rows": 2, "Plan Width": 4, "Actual Min Startup Time": 0.011, "Actual Max Startup Time": 0.011, "Actual Min Total Time": 0.015, "Actual Max Total Time": 0.015, "Actual Total Rows": 1, "Filter": "((kind IS NOT NULL) AND (((kind)::text = 'production companies'::text) OR ((kind)::text = 'distributors'::text)))", "Rows Removed by Filter": 2}]}]}]}, "Triggers": [], "Planner Runtime": 40.922, "Total Runtime": 213.757, "Unique SQL Id": 1682224415}}, "(64, 55)": {"explain_plan": {"Plan": {"Node Type": "Aggregate", "Strategy": "Plain", "Startup Cost": 134834.77, "Total Cost": 134834.78, "Plan Rows": 1, "Plan Width": 123, "Plans": [{"Node Type": "Nested Loop", "Parent Relationship": "Outer", "Join Type": "Inner", "Startup Cost": 49668.32, "Total Cost": 134834.75, "Plan Rows": 4, "Plan Width": 59, "Inner Unique": true, "Plans": [{"Node Type": "Nested Loop", "Parent Relationship": "Outer", "Join Type": "Inner", "Startup Cost": 49668.06, "Total Cost": 134817.61, "Plan Rows": 4, "Plan Width": 63, "Inner Unique": true, "Plans": [{"Node Type": "Nested Loop", "Parent Relationship": "Outer", "Join Type": "Inner", "Startup Cost": 49667.8, "Total Cost": 134796.19, "Plan Rows": 5, "Plan Width": 67, "Inner Unique": true, "Plans": [{"Node Type": "Nested Loop", "Parent Relationship": "Outer", "Join Type": "Inner", "Startup Cost": 49667.54, "Total Cost": 134517.81, "Plan Rows": 65, "Plan Width": 71, "Inner Unique": false, "Join Filter": "(t.id = mi_idx.movie_id)", "Plans": [{"Node Type": "Nested Loop", "Parent Relationship": "Outer", "Join Type": "Inner", "Startup Cost": 49667.27, "Total Cost": 134336.51, "Plan Rows": 42, "Plan Width": 79, "Inner Unique": false, "Join Filter": "(mi.info_type_id = it1.id)", "Plans": [{"Node Type": "Bitmap Heap Scan", "Parent Relationship": "Outer", "Relation Name": "info_type", "Alias": "it1", "Startup Cost": 8.81, "Total Cost": 14.21, "Plan Rows": 1, "Plan Width": 4, "Filter": "((info)::text = 'budget'::text)", "Plans": [{"Node Type": "Bitmap Index Scan", "Parent Relationship": "Outer", "Index Name": "info_type_pkey", "Startup Cost": 0.0, "Total Cost": 8.81, "Plan Rows": 112, "Plan Width": 0}]}, {"Node Type": "Nested Loop", "Parent Relationship": "Inner", "Join Type": "Inner", "Startup Cost": 49658.46, "Total Cost": 134284.94, "Plan Rows": 2989, "Plan Width": 83, "Inner Unique": false, "Join Filter": "(t.id = mi.movie_id)", "Plans": [{"Node Type": "Nested Loop", "Parent Relationship": "Outer", "Join Type": "Inner", "Startup Cost": 49658.09, "Total Cost": 131831.96, "Plan Rows": 545, "Plan Width": 33, "Inner Unique": false, "Plans": [{"Node Type": "Bitmap Heap Scan", "Parent Relationship": "Outer", "Relation Name": "title", "Alias": "t", "Startup Cost": 49653.87, "Total Cost": 128685.31, "Plan Rows": 258, "Plan Width": 21, "Filter": "((production_year > 2000) AND (((title)::text ~~ 'Birdemic%'::text) OR ((title)::text ~~ '%Movie%'::text)))", "Plans": [{"Node Type": "Bitmap Index Scan", "Parent Relationship": "Outer", "Index Name": "title_pkey", "Startup Cost": 0.0, "Total Cost": 49653.81, "Plan Rows": 2528311, "Plan Width": 0}]}, {"Node Type": "Bitmap Heap Scan", "Parent Relationship": "Inner", "Relation Name": "movie_companies", "Alias": "mc", "Startup Cost": 4.22, "Total Cost": 12.18, "Plan Rows": 2, "Plan Width": 12, "Recheck Cond": "(movie_id = t.id)", "Plans": [{"Node Type": "Bitmap Index Scan", "Parent Relationship": "Outer", "Index Name": "movie_id_movie_companies", "Startup Cost": 0.0, "Total Cost": 4.22, "Plan Rows": 2, "Plan Width": 0, "Index Cond": "(movie_id = t.id)"}]}]}, {"Node Type": "Bitmap Heap Scan", "Parent Relationship": "Inner", "Relation Name": "movie_info", "Alias": "mi", "Startup Cost": 0.38, "Total Cost": 4.44, "Plan Rows": 5, "Plan Width": 50, "Recheck Cond": "(movie_id = mc.movie_id)", "Plans": [{"Node Type": "Bitmap Index Scan", "Parent Relationship": "Outer", "Index Name": "movie_id_movie_info", "Startup Cost": 0.0, "Total Cost": 0.37, "Plan Rows": 5, "Plan Width": 0, "Index Cond": "(movie_id = mc.movie_id)"}]}]}]}, {"Node Type": "Bitmap Heap Scan", "Parent Relationship": "Inner", "Relation Name": "movie_info_idx", "Alias": "mi_idx", "Startup Cost": 0.27, "Total Cost": 4.29, "Plan Rows": 2, "Plan Width": 8, "Recheck Cond": "(movie_id = mi.movie_id)", "Plans": [{"Node Type": "Bitmap Index Scan", "Parent Relationship": "Outer", "Index Name": "movie_id_movie_info_idx", "Startup Cost": 0.0, "Total Cost": 0.27, "Plan Rows": 2, "Plan Width": 0, "Index Cond": "(movie_id = mi.movie_id)"}]}]}, {"Node Type": "Bitmap Heap Scan", "Parent Relationship": "Inner", "Relation Name": "info_type", "Alias": "it2", "Startup Cost": 0.26, "Total Cost": 4.27, "Plan Rows": 1, "Plan Width": 4, "Recheck Cond": "(id = mi_idx.info_type_id)", "Filter": "((info)::text = 'bottom 10 rank'::text)", "Plans": [{"Node Type": "Bitmap Index Scan", "Parent Relationship": "Outer", "Index Name": "info_type_pkey", "Startup Cost": 0.0, "Total Cost": 0.26, "Plan Rows": 1, "Plan Width": 0, "Index Cond": "(id = mi_idx.info_type_id)"}]}]}, {"Node Type": "Bitmap Heap Scan", "Parent Relationship": "Inner", "Relation Name": "company_name", "Alias": "cn", "Startup Cost": 0.26, "Total Cost": 4.27, "Plan Rows": 1, "Plan Width": 4, "Recheck Cond": "(id = mc.company_id)", "Filter": "((country_code)::text = '[us]'::text)", "Plans": [{"Node Type": "Bitmap Index Scan", "Parent Relationship": "Outer", "Index Name": "company_name_pkey", "Startup Cost": 0.0, "Total Cost": 0.26, "Plan Rows": 1, "Plan Width": 0, "Index Cond": "(id = mc.company_id)"}]}]}, {"Node Type": "Bitmap Heap Scan", "Parent Relationship": "Inner", "Relation Name": "company_type", "Alias": "ct", "Startup Cost": 0.26, "Total Cost": 4.28, "Plan Rows": 1, "Plan Width": 4, "Recheck Cond": "(id = mc.company_type_id)", "Filter": "((kind IS NOT NULL) AND (((kind)::text = 'production companies'::text) OR ((kind)::text = 'distributors'::text)))", "Plans": [{"Node Type": "Bitmap Index Scan", "Parent Relationship": "Outer", "Index Name": "company_type_pkey", "Startup Cost": 0.0, "Total Cost": 0.26, "Plan Rows": 1, "Plan Width": 0, "Index Cond": "(id = mc.company_type_id)"}]}]}]}, "Unique SQL Id": 1682224415}, "explain_analyze_plan": null}, "(64, 56)": {"explain_plan": {"Plan": {"Node Type": "Aggregate", "Strategy": "Plain", "Startup Cost": 66640.91, "Total Cost": 66640.92, "Plan Rows": 1, "Plan Width": 123, "Plans": [{"Node Type": "Nested Loop", "Parent Relationship": "Outer", "Join Type": "Inner", "Startup Cost": 0.0, "Total Cost": 66640.89, "Plan Rows": 4, "Plan Width": 59, "Inner Unique": true, "Plans": [{"Node Type": "Nested Loop", "Parent Relationship": "Outer", "Join Type": "Inner", "Startup Cost": 0.0, "Total Cost": 66639.75, "Plan Rows": 4, "Plan Width": 63, "Inner Unique": true, "Plans": [{"Node Type": "Nested Loop", "Parent Relationship": "Outer", "Join Type": "Inner", "Startup Cost": 0.0, "Total Cost": 66638.31, "Plan Rows": 5, "Plan Width": 67, "Inner Unique": false, "Join Filter": "(mi.info_type_id = it1.id)", "Plans": [{"Node Type": "Seq Scan", "Parent Relationship": "Outer", "Relation Name": "info_type", "Alias": "it1", "Startup Cost": 0.0, "Total Cost": 2.4, "Plan Rows": 1, "Plan Width": 4, "Filter": "((info)::text = 'budget'::text)"}, {"Node Type": "Nested Loop", "Parent Relationship": "Inner", "Join Type": "Inner", "Startup Cost": 0.0, "Total Cost": 66621.88, "Plan Rows": 1122, "Plan Width": 71, "Inner Unique": false, "Join Filter": "(t.id = mi.movie_id)", "Plans": [{"Node Type": "Nested Loop", "Parent Relationship": "Outer", "Join Type": "Inner", "Startup Cost": 0.0, "Total Cost": 66469.22, "Plan Rows": 210, "Plan Width": 37, "Inner Unique": false, "Join Filter": "(t.id = mc.movie_id)", "Plans": [{"Node Type": "Nested Loop", "Parent Relationship": "Outer", "Join Type": "Inner", "Startup Cost": 0.0, "Total Cost": 66348.45, "Plan Rows": 311, "Plan Width": 25, "Inner Unique": false, "Join Filter": "(mi_idx.info_type_id = it2.id)", "Plans": [{"Node Type": "Seq Scan", "Parent Relationship": "Outer", "Relation Name": "info_type", "Alias": "it2", "Startup Cost": 0.0, "Total Cost": 2.4, "Plan Rows": 1, "Plan Width": 4, "Filter": "((info)::text = 'bottom 10 rank'::text)"}, {"Node Type": "Materialize", "Parent Relationship": "Inner", "Startup Cost": 0.0, "Total Cost": 66342.09, "Plan Rows": 396, "Plan Width": 29, "Plans": [{"Node Type": "Nested Loop", "Parent Relationship": "Outer", "Join Type": "Inner", "Startup Cost": 0.0, "Total Cost": 66341.1, "Plan Rows": 396, "Plan Width": 29, "Inner Unique": false, "Plans": [{"Node Type": "Streaming(type: LOCAL GATHER dop: 1/64)", "Parent Relationship": "Outer", "Startup Cost": 0.0, "Total Cost": 64240.19, "Plan Rows": 258, "Plan Width": 21, "Plans": [{"Node Type": "Seq Scan", "Parent Relationship": "Outer", "Relation Name": "title", "Alias": "t", "Startup Cost": 0.0, "Total Cost": 64234.87, "Plan Rows": 258, "Plan Width": 21, "Filter": "((production_year > 2000) AND (((title)::text ~~ 'Birdemic%'::text) OR ((title)::text ~~ '%Movie%'::text)))"}]}, {"Node Type": "Index Scan", "Parent Relationship": "Inner", "Scan Direction": "Forward", "Index Name": "movie_id_movie_info_idx", "Relation Name": "movie_info_idx", "Alias": "mi_idx", "Startup Cost": 0.0, "Total Cost": 8.12, "Plan Rows": 2, "Plan Width": 8, "Index Cond": "(movie_id = t.id)"}]}]}]}, {"Node Type": "Index Scan", "Parent Relationship": "Inner", "Scan Direction": "Forward", "Index Name": "movie_id_movie_companies", "Relation Name": "movie_companies", "Alias": "mc", "Startup Cost": 0.0, "Total Cost": 0.36, "Plan Rows": 2, "Plan Width": 12, "Index Cond": "(movie_id = mi_idx.movie_id)"}]}, {"Node Type": "Index Scan", "Parent Relationship": "Inner", "Scan Direction": "Forward", "Index Name": "movie_id_movie_info", "Relation Name": "movie_info", "Alias": "mi", "Startup Cost": 0.0, "Total Cost": 0.66, "Plan Rows": 5, "Plan Width": 50, "Index Cond": "(movie_id = mc.movie_id)"}]}]}, {"Node Type": "Index Scan", "Parent Relationship": "Inner", "Scan Direction": "Forward", "Index Name": "company_name_pkey", "Relation Name": "company_name", "Alias": "cn", "Startup Cost": 0.0, "Total Cost": 0.28, "Plan Rows": 1, "Plan Width": 4, "Index Cond": "(id = mc.company_id)", "Filter": "((country_code)::text = '[us]'::text)"}]}, {"Node Type": "Index Scan", "Parent Relationship": "Inner", "Scan Direction": "Forward", "Index Name": "company_type_pkey", "Relation Name": "company_type", "Alias": "ct", "Startup Cost": 0.0, "Total Cost": 0.28, "Plan Rows": 1, "Plan Width": 4, "Index Cond": "(id = mc.company_type_id)", "Filter": "((kind IS NOT NULL) AND (((kind)::text = 'production companies'::text) OR ((kind)::text = 'distributors'::text)))"}]}]}, "Unique SQL Id": 1682224415}, "explain_analyze_plan": {"Plan": {"Node Type": "Aggregate", "Strategy": "Plain", "Startup Cost": 66640.91, "Total Cost": 66640.92, "Plan Rows": 1, "Plan Width": 123, "Actual Min Startup Time": 199.349, "Actual Max Startup Time": 199.349, "Actual Min Total Time": 199.35, "Actual Max Total Time": 199.35, "Actual Total Rows": 1, "Plans": [{"Node Type": "Nested Loop", "Parent Relationship": "Outer", "Join Type": "Inner", "Startup Cost": 0.0, "Total Cost": 66640.89, "Plan Rows": 4, "Plan Width": 59, "Actual Min Startup Time": 198.208, "Actual Max Startup Time": 198.208, "Actual Min Total Time": 199.313, "Actual Max Total Time": 199.313, "Actual Total Rows": 5, "Inner Unique": true, "Plans": [{"Node Type": "Nested Loop", "Parent Relationship": "Outer", "Join Type": "Inner", "Startup Cost": 0.0, "Total Cost": 66639.75, "Plan Rows": 4, "Plan Width": 63, "Actual Min Startup Time": 195.34, "Actual Max Startup Time": 195.34, "Actual Min Total Time": 199.281, "Actual Max Total Time": 199.281, "Actual Total Rows": 10, "Inner Unique": true, "Plans": [{"Node Type": "Nested Loop", "Parent Relationship": "Outer", "Join Type": "Inner", "Startup Cost": 0.0, "Total Cost": 66638.31, "Plan Rows": 5, "Plan Width": 67, "Actual Min Startup Time": 193.942, "Actual Max Startup Time": 193.942, "Actual Min Total Time": 199.008, "Actual Max Total Time": 199.008, "Actual Total Rows": 33, "Inner Unique": false, "Join Filter": "(mi.info_type_id = it1.id)", "Rows Removed by Join Filter": 4926, "Plans": [{"Node Type": "Seq Scan", "Parent Relationship": "Outer", "Relation Name": "info_type", "Alias": "it1", "Startup Cost": 0.0, "Total Cost": 2.4, "Plan Rows": 1, "Plan Width": 4, "Actual Min Startup Time": 0.111, "Actual Max Startup Time": 0.111, "Actual Min Total Time": 0.12, "Actual Max Total Time": 0.12, "Actual Total Rows": 1, "Filter": "((info)::text = 'budget'::text)", "Rows Removed by Filter": 111}, {"Node Type": "Nested Loop", "Parent Relationship": "Inner", "Join Type": "Inner", "Startup Cost": 0.0, "Total Cost": 66621.88, "Plan Rows": 1122, "Plan Width": 71, "Actual Min Startup Time": 193.654, "Actual Max Startup Time": 193.654, "Actual Min Total Time": 197.898, "Actual Max Total Time": 197.898, "Actual Total Rows": 4959, "Inner Unique": false, "Join Filter": "(t.id = mi.movie_id)", "Rows Removed by Join Filter": 0, "Plans": [{"Node Type": "Nested Loop", "Parent Relationship": "Outer", "Join Type": "Inner", "Startup Cost": 0.0, "Total Cost": 66469.22, "Plan Rows": 210, "Plan Width": 37, "Actual Min Startup Time": 193.619, "Actual Max Startup Time": 193.619, "Actual Min Total Time": 193.798, "Actual Max Total Time": 193.798, "Actual Total Rows": 33, "Inner Unique": false, "Join Filter": "(t.id = mc.movie_id)", "Rows Removed by Join Filter": 0, "Plans": [{"Node Type": "Nested Loop", "Parent Relationship": "Outer", "Join Type": "Inner", "Startup Cost": 0.0, "Total Cost": 66348.45, "Plan Rows": 311, "Plan Width": 25, "Actual Min Startup Time": 193.591, "Actual Max Startup Time": 193.591, "Actual Min Total Time": 193.726, "Actual Max Total Time": 193.726, "Actual Total Rows": 2, "Inner Unique": false, "Join Filter": "(mi_idx.info_type_id = it2.id)", "Rows Removed by Join Filter": 2643, "Plans": [{"Node Type": "Seq Scan", "Parent Relationship": "Outer", "Relation Name": "info_type", "Alias": "it2", "Startup Cost": 0.0, "Total Cost": 2.4, "Plan Rows": 1, "Plan Width": 4, "Actual Min Startup Time": 0.072, "Actual Max Startup Time": 0.072, "Actual Min Total Time": 0.077, "Actual Max Total Time": 0.077, "Actual Total Rows": 1, "Filter": "((info)::text = 'bottom 10 rank'::text)", "Rows Removed by Filter": 111}, {"Node Type": "Materialize", "Parent Relationship": "Inner", "Startup Cost": 0.0, "Total Cost": 66342.09, "Plan Rows": 396, "Plan Width": 29, "Actual Min Startup Time": 192.814, "Actual Max Startup Time": 192.814, "Actual Min Total Time": 193.085, "Actual Max Total Time": 193.085, "Actual Total Rows": 2646, "Plans": [{"Node Type": "Nested Loop", "Parent Relationship": "Outer", "Join Type": "Inner", "Startup Cost": 0.0, "Total Cost": 66341.1, "Plan Rows": 396, "Plan Width": 29, "Actual Min Startup Time": 111.437, "Actual Max Startup Time": 111.437, "Actual Min Total Time": 191.92, "Actual Max Total Time": 191.92, "Actual Total Rows": 2645, "Inner Unique": false, "Plans": [{"Node Type": "Streaming(type: LOCAL GATHER dop: 1/64)", "Parent Relationship": "Outer", "Startup Cost": 0.0, "Total Cost": 64240.19, "Plan Rows": 258, "Plan Width": 21, "Actual Min Startup Time": 111.362, "Actual Max Startup Time": 111.362, "Actual Min Total Time": 175.256, "Actual Max Total Time": 175.256, "Actual Total Rows": 2536, "Plans": [{"Node Type": "Seq Scan", "Parent Relationship": "Outer", "Relation Name": "title", "Alias": "t", "Startup Cost": 0.0, "Total Cost": 64234.87, "Plan Rows": 258, "Plan Width": 21, "Actual Min Startup Time": 0.032, "Actual Max Startup Time": 7.272, "Actual Min Total Time": 19.369, "Actual Max Total Time": 24.0, "Actual Total Rows": 2536, "Filter": "((production_year > 2000) AND (((title)::text ~~ 'Birdemic%'::text) OR ((title)::text ~~ '%Movie%'::text)))", "Rows Removed by Filter": 2525775}]}, {"Node Type": "Index Scan", "Parent Relationship": "Inner", "Scan Direction": "Forward", "Index Name": "movie_id_movie_info_idx", "Relation Name": "movie_info_idx", "Alias": "mi_idx", "Startup Cost": 0.0, "Total Cost": 8.12, "Plan Rows": 2, "Plan Width": 8, "Actual Min Startup Time": 13.665, "Actual Max Startup Time": 13.665, "Actual Min Total Time": 14.681, "Actual Max Total Time": 14.681, "Actual Total Rows": 2645, "Index Cond": "(movie_id = t.id)", "Rows Removed by Index Recheck": 0}]}]}]}, {"Node Type": "Index Scan", "Parent Relationship": "Inner", "Scan Direction": "Forward", "Index Name": "movie_id_movie_companies", "Relation Name": "movie_companies", "Alias": "mc", "Startup Cost": 0.0, "Total Cost": 0.36, "Plan Rows": 2, "Plan Width": 12, "Actual Min Startup Time": 0.032, "Actual Max Startup Time": 0.032, "Actual Min Total Time": 0.051, "Actual Max Total Time": 0.051, "Actual Total Rows": 33, "Index Cond": "(movie_id = mi_idx.movie_id)", "Rows Removed by Index Recheck": 0}]}, {"Node Type": "Index Scan", "Parent Relationship": "Inner", "Scan Direction": "Forward", "Index Name": "movie_id_movie_info", "Relation Name": "movie_info", "Alias": "mi", "Startup Cost": 0.0, "Total Cost": 0.66, "Plan Rows": 5, "Plan Width": 50, "Actual Min Startup Time": 0.498, "Actual Max Startup Time": 0.498, "Actual Min Total Time": 2.493, "Actual Max Total Time": 2.493, "Actual Total Rows": 4959, "Index Cond": "(movie_id = mc.movie_id)", "Rows Removed by Index Recheck": 0}]}]}, {"Node Type": "Index Scan", "Parent Relationship": "Inner", "Scan Direction": "Forward", "Index Name": "company_name_pkey", "Relation Name": "company_name", "Alias": "cn", "Startup Cost": 0.0, "Total Cost": 0.28, "Plan Rows": 1, "Plan Width": 4, "Actual Min Startup Time": 0.244, "Actual Max Startup Time": 0.244, "Actual Min Total Time": 0.244, "Actual Max Total Time": 0.244, "Actual Total Rows": 10, "Index Cond": "(id = mc.company_id)", "Rows Removed by Index Recheck": 0, "Filter": "((country_code)::text = '[us]'::text)", "Rows Removed by Filter": 23}]}, {"Node Type": "Index Scan", "Parent Relationship": "Inner", "Scan Direction": "Forward", "Index Name": "company_type_pkey", "Relation Name": "company_type", "Alias": "ct", "Startup Cost": 0.0, "Total Cost": 0.28, "Plan Rows": 1, "Plan Width": 4, "Actual Min Startup Time": 0.02, "Actual Max Startup Time": 0.02, "Actual Min Total Time": 0.02, "Actual Max Total Time": 0.02, "Actual Total Rows": 5, "Index Cond": "(id = mc.company_type_id)", "Rows Removed by Index Recheck": 0, "Filter": "((kind IS NOT NULL) AND (((kind)::text = 'production companies'::text) OR ((kind)::text = 'distributors'::text)))", "Rows Removed by Filter": 0}]}]}, "Triggers": [], "Planner Runtime": 21.617, "Total Runtime": 212.864, "Unique SQL Id": 1682224415}}, "(64, 57)": {"explain_plan": {"Plan": {"Node Type": "Aggregate", "Strategy": "Plain", "Startup Cost": 131508.15, "Total Cost": 131508.16, "Plan Rows": 1, "Plan Width": 123, "Plans": [{"Node Type": "Nested Loop", "Parent Relationship": "Outer", "Join Type": "Inner", "Startup Cost": 0.0, "Total Cost": 131508.13, "Plan Rows": 4, "Plan Width": 59, "Inner Unique": true, "Plans": [{"Node Type": "Nested Loop", "Parent Relationship": "Outer", "Join Type": "Inner", "Startup Cost": 0.0, "Total Cost": 131506.99, "Plan Rows": 4, "Plan Width": 63, "Inner Unique": true, "Plans": [{"Node Type": "Nested Loop", "Parent Relationship": "Outer", "Join Type": "Inner", "Startup Cost": 0.0, "Total Cost": 131505.55, "Plan Rows": 5, "Plan Width": 67, "Inner Unique": false, "Join Filter": "(mi.info_type_id = it1.id)", "Plans": [{"Node Type": "Index Scan", "Parent Relationship": "Outer", "Scan Direction": "Forward", "Index Name": "info_type_pkey", "Relation Name": "info_type", "Alias": "it1", "Startup Cost": 0.0, "Total Cost": 14.21, "Plan Rows": 1, "Plan Width": 4, "Filter": "((info)::text = 'budget'::text)"}, {"Node Type": "Nested Loop", "Parent Relationship": "Inner", "Join Type": "Inner", "Startup Cost": 0.0, "Total Cost": 131477.32, "Plan Rows": 1122, "Plan Width": 71, "Inner Unique": false, "Join Filter": "(t.id = mi.movie_id)", "Plans": [{"Node Type": "Nested Loop", "Parent Relationship": "Outer", "Join Type": "Inner", "Startup Cost": 0.0, "Total Cost": 131324.66, "Plan Rows": 210, "Plan Width": 37, "Inner Unique": false, "Join Filter": "(t.id = mc.movie_id)", "Plans": [{"Node Type": "Nested Loop", "Parent Relationship": "Outer", "Join Type": "Inner", "Startup Cost": 0.0, "Total Cost": 131203.89, "Plan Rows": 311, "Plan Width": 25, "Inner Unique": true, "Join Filter": "(mi_idx.info_type_id = it2.id)", "Plans": [{"Node Type": "Nested Loop", "Parent Relationship": "Outer", "Join Type": "Inner", "Startup Cost": 0.0, "Total Cost": 131183.74, "Plan Rows": 396, "Plan Width": 29, "Inner Unique": false, "Plans": [{"Node Type": "Index Scan", "Parent Relationship": "Outer", "Scan Direction": "Forward", "Index Name": "title_pkey", "Relation Name": "title", "Alias": "t", "Startup Cost": 0.0, "Total Cost": 129082.82, "Plan Rows": 258, "Plan Width": 21, "Filter": "((production_year > 2000) AND (((title)::text ~~ 'Birdemic%'::text) OR ((title)::text ~~ '%Movie%'::text)))"}, {"Node Type": "Index Scan", "Parent Relationship": "Inner", "Scan Direction": "Forward", "Index Name": "movie_id_movie_info_idx", "Relation Name": "movie_info_idx", "Alias": "mi_idx", "Startup Cost": 0.0, "Total Cost": 8.12, "Plan Rows": 2, "Plan Width": 8, "Index Cond": "(movie_id = t.id)"}]}, {"Node Type": "Materialize", "Parent Relationship": "Inner", "Startup Cost": 0.0, "Total Cost": 14.22, "Plan Rows": 1, "Plan Width": 4, "Plans": [{"Node Type": "Index Scan", "Parent Relationship": "Outer", "Scan Direction": "Forward", "Index Name": "info_type_pkey", "Relation Name": "info_type", "Alias": "it2", "Startup Cost": 0.0, "Total Cost": 14.21, "Plan Rows": 1, "Plan Width": 4, "Filter": "((info)::text = 'bottom 10 rank'::text)"}]}]}, {"Node Type": "Index Scan", "Parent Relationship": "Inner", "Scan Direction": "Forward", "Index Name": "movie_id_movie_companies", "Relation Name": "movie_companies", "Alias": "mc", "Startup Cost": 0.0, "Total Cost": 0.36, "Plan Rows": 2, "Plan Width": 12, "Index Cond": "(movie_id = mi_idx.movie_id)"}]}, {"Node Type": "Index Scan", "Parent Relationship": "Inner", "Scan Direction": "Forward", "Index Name": "movie_id_movie_info", "Relation Name": "movie_info", "Alias": "mi", "Startup Cost": 0.0, "Total Cost": 0.66, "Plan Rows": 5, "Plan Width": 50, "Index Cond": "(movie_id = mc.movie_id)"}]}]}, {"Node Type": "Index Scan", "Parent Relationship": "Inner", "Scan Direction": "Forward", "Index Name": "company_name_pkey", "Relation Name": "company_name", "Alias": "cn", "Startup Cost": 0.0, "Total Cost": 0.28, "Plan Rows": 1, "Plan Width": 4, "Index Cond": "(id = mc.company_id)", "Filter": "((country_code)::text = '[us]'::text)"}]}, {"Node Type": "Index Scan", "Parent Relationship": "Inner", "Scan Direction": "Forward", "Index Name": "company_type_pkey", "Relation Name": "company_type", "Alias": "ct", "Startup Cost": 0.0, "Total Cost": 0.28, "Plan Rows": 1, "Plan Width": 4, "Index Cond": "(id = mc.company_type_id)", "Filter": "((kind IS NOT NULL) AND (((kind)::text = 'production companies'::text) OR ((kind)::text = 'distributors'::text)))"}]}]}, "Unique SQL Id": 1682224415}, "explain_analyze_plan": null}, "(64, 58)": {"explain_plan": {"Plan": {"Node Type": "Aggregate", "Strategy": "Plain", "Startup Cost": 690351.61, "Total Cost": 690351.62, "Plan Rows": 1, "Plan Width": 123, "Plans": [{"Node Type": "Nested Loop", "Parent Relationship": "Outer", "Join Type": "Inner", "Startup Cost": 0.0, "Total Cost": 690351.59, "Plan Rows": 4, "Plan Width": 59, "Inner Unique": true, "Join Filter": "(mc.company_type_id = ct.id)", "Plans": [{"Node Type": "Nested Loop", "Parent Relationship": "Outer", "Join Type": "Inner", "Startup Cost": 0.0, "Total Cost": 690350.42, "Plan Rows": 4, "Plan Width": 63, "Inner Unique": false, "Join Filter": "(mc.company_id = cn.id)", "Plans": [{"Node Type": "Seq Scan", "Parent Relationship": "Outer", "Relation Name": "company_name", "Alias": "cn", "Startup Cost": 0.0, "Total Cost": 5903.45, "Plan Rows": 85170, "Plan Width": 4, "Filter": "((country_code)::text = '[us]'::text)"}, {"Node Type": "Materialize", "Parent Relationship": "Inner", "Startup Cost": 0.0, "Total Cost": 678059.23, "Plan Rows": 5, "Plan Width": 67, "Plans": [{"Node Type": "Streaming(type: LOCAL GATHER dop: 1/64)", "Parent Relationship": "Outer", "Startup Cost": 0.0, "Total Cost": 678059.21, "Plan Rows": 5, "Plan Width": 67, "Plans": [{"Node Type": "Nested Loop", "Parent Relationship": "Outer", "Join Type": "Inner", "Startup Cost": 0.0, "Total Cost": 678059.11, "Plan Rows": 5, "Plan Width": 67, "Inner Unique": false, "Join Filter": "(t.id = mc.movie_id)", "Plans": [{"Node Type": "Streaming(type: LOCAL ROUNDROBIN dop: 64/1)", "Parent Relationship": "Outer", "Startup Cost": 0.0, "Total Cost": 158643.28, "Plan Rows": 2609128, "Plan Width": 12, "Plans": [{"Node Type": "Seq Scan", "Parent Relationship": "Outer", "Relation Name": "movie_companies", "Alias": "mc", "Startup Cost": 0.0, "Total Cost": 41817.28, "Plan Rows": 2609128, "Plan Width": 12}]}, {"Node Type": "Materialize", "Parent Relationship": "Inner", "Startup Cost": 0.0, "Total Cost": 514523.73, "Plan Rows": 512, "Plan Width": 71, "Plans": [{"Node Type": "Streaming(type: BROADCAST dop: 64/64)", "Parent Relationship": "Outer", "Startup Cost": 0.0, "Total Cost": 514523.69, "Plan Rows": 512, "Plan Width": 71, "Plans": [{"Node Type": "Nested Loop", "Parent Relationship": "Outer", "Join Type": "Inner", "Startup Cost": 0.0, "Total Cost": 451523.36, "Plan Rows": 8, "Plan Width": 71, "Inner Unique": false, "Join Filter": "(mi_idx.movie_id = t.id)", "Plans": [{"Node Type": "Streaming(type: LOCAL REDISTRIBUTE dop: 64/1)", "Parent Relationship": "Outer", "Startup Cost": 0.0, "Total Cost": 114544.8, "Plan Rows": 345008, "Plan Width": 4, "Plans": [{"Node Type": "Nested Loop", "Parent Relationship": "Outer", "Join Type": "Inner", "Startup Cost": 0.0, "Total Cost": 37527.17, "Plan Rows": 345008, "Plan Width": 4, "Inner Unique": false, "Join Filter": "(it2.id = mi_idx.info_type_id), (LLVM Optimized)", "Plans": [{"Node Type": "Seq Scan", "Parent Relationship": "Outer", "Relation Name": "info_type", "Alias": "it2", "Startup Cost": 0.0, "Total Cost": 2.4, "Plan Rows": 1, "Plan Width": 4, "Filter": "((info)::text = 'bottom 10 rank'::text)"}, {"Node Type": "Seq Scan", "Parent Relationship": "Inner", "Relation Name": "movie_info_idx", "Alias": "mi_idx", "Startup Cost": 0.0, "Total Cost": 20274.34, "Plan Rows": 1380034, "Plan Width": 8}]}]}, {"Node Type": "Materialize", "Parent Relationship": "Inner", "Startup Cost": 0.0, "Total Cost": 336639.97, "Plan Rows": 268, "Plan Width": 67, "Plans": [{"Node Type": "Streaming(type: LOCAL REDISTRIBUTE dop: 64/64)", "Parent Relationship": "Outer", "Startup Cost": 0.0, "Total Cost": 336639.94, "Plan Rows": 268, "Plan Width": 67, "Plans": [{"Node Type": "Nested Loop", "Parent Relationship": "Outer", "Join Type": "Inner", "Startup Cost": 0.0, "Total Cost": 273639.69, "Plan Rows": 268, "Plan Width": 67, "Inner Unique": true, "Join Filter": "(mi.movie_id = t.id)", "Plans": [{"Node Type": "Nested Loop", "Parent Relationship": "Outer", "Join Type": "Inner", "Startup Cost": 0.0, "Total Cost": 133548.44, "Plan Rows": 212428, "Plan Width": 46, "Inner Unique": false, "Join Filter": "(it1.id = mi.info_type_id), (LLVM Optimized)", "Plans": [{"Node Type": "Streaming(type: BROADCAST dop: 64/1)", "Parent Relationship": "Outer", "Startup Cost": 0.0, "Total Cost": 63003.72, "Plan Rows": 64, "Plan Width": 4, "Plans": [{"Node Type": "Seq Scan", "Parent Relationship": "Outer", "Relation Name": "info_type", "Alias": "it1", "Startup Cost": 0.0, "Total Cost": 2.4, "Plan Rows": 1, "Plan Width": 4, "Filter": "((info)::text = 'budget'::text)"}]}, {"Node Type": "Seq Scan", "Parent Relationship": "Inner", "Relation Name": "movie_info", "Alias": "mi", "Startup Cost": 0.0, "Total Cost": 67640.43, "Plan Rows": 14869966, "Plan Width": 50}]}, {"Node Type": "Materialize", "Parent Relationship": "Inner", "Startup Cost": 0.0, "Total Cost": 127246.64, "Plan Rows": 16512, "Plan Width": 21, "Plans": [{"Node Type": "Streaming(type: BROADCAST dop: 64/64)", "Parent Relationship": "Outer", "Startup Cost": 0.0, "Total Cost": 127245.35, "Plan Rows": 16512, "Plan Width": 21, "Plans": [{"Node Type": "Seq Scan", "Parent Relationship": "Outer", "Relation Name": "title", "Alias": "t", "Startup Cost": 0.0, "Total Cost": 64234.87, "Plan Rows": 258, "Plan Width": 21, "Filter": "((production_year > 2000) AND (((title)::text ~~ 'Birdemic%'::text) OR ((title)::text ~~ '%Movie%'::text)))"}]}]}]}]}]}]}]}]}]}]}]}]}, {"Node Type": "Materialize", "Parent Relationship": "Inner", "Startup Cost": 0.0, "Total Cost": 1.05, "Plan Rows": 2, "Plan Width": 4, "Plans": [{"Node Type": "Seq Scan", "Parent Relationship": "Outer", "Relation Name": "company_type", "Alias": "ct", "Startup Cost": 0.0, "Total Cost": 1.04, "Plan Rows": 2, "Plan Width": 4, "Filter": "((kind IS NOT NULL) AND (((kind)::text = 'production companies'::text) OR ((kind)::text = 'distributors'::text)))"}]}]}]}, "Unique SQL Id": 1682224415}, "explain_analyze_plan": null}, "(64, 59)": {"explain_plan": {"Plan": {"Node Type": "Aggregate", "Strategy": "Plain", "Startup Cost": 8000134520134.75, "Total Cost": 8000134520134.76, "Plan Rows": 1, "Plan Width": 123, "Plans": [{"Node Type": "Nested Loop", "Parent Relationship": "Outer", "Join Type": "Inner", "Startup Cost": 80000000000.0, "Total Cost": 8000134520134.73, "Plan Rows": 4, "Plan Width": 59, "Inner Unique": true, "Join Filter": "(mc.company_type_id = ct.id)", "Plans": [{"Node Type": "Nested Loop", "Parent Relationship": "Outer", "Join Type": "Inner", "Startup Cost": 70000000000.0, "Total Cost": 7000134518903.61, "Plan Rows": 4, "Plan Width": 63, "Inner Unique": true, "Join Filter": "(mc.company_id = cn.id)", "Plans": [{"Node Type": "Nested Loop", "Parent Relationship": "Outer", "Join Type": "Inner", "Startup Cost": 60000000000.0, "Total Cost": 6000133462163.97, "Plan Rows": 5, "Plan Width": 67, "Inner Unique": false, "Join Filter": "(t.id = mc.movie_id)", "Plans": [{"Node Type": "Index Scan", "Parent Relationship": "Outer", "Scan Direction": "Forward", "Index Name": "company_type_id_movie_companies", "Relation Name": "movie_companies", "Alias": "mc", "Startup Cost": 10000000000.0, "Total Cost": 1000009318217.0, "Plan Rows": 2609128, "Plan Width": 12}, {"Node Type": "Materialize", "Parent Relationship": "Inner", "Startup Cost": 50000000000.0, "Total Cost": 5000123830851.63, "Plan Rows": 8, "Plan Width": 71, "Plans": [{"Node Type": "Nested Loop", "Parent Relationship": "Outer", "Join Type": "Inner", "Startup Cost": 50000000000.0, "Total Cost": 5000123830851.59, "Plan Rows": 8, "Plan Width": 71, "Inner Unique": false, "Join Filter": "(mi_idx.movie_id = t.id)", "Plans": [{"Node Type": "Nested Loop", "Parent Relationship": "Outer", "Join Type": "Inner", "Startup Cost": 20000000000.0, "Total Cost": 2000004672156.88, "Plan Rows": 345008, "Plan Width": 4, "Inner Unique": true, "Join Filter": "(it2.id = mi_idx.info_type_id), (LLVM Optimized)", "Plans": [{"Node Type": "Index Scan", "Parent Relationship": "Outer", "Scan Direction": "Forward", "Index Name": "movie_id_movie_info_idx", "Relation Name": "movie_info_idx", "Alias": "mi_idx", "Startup Cost": 10000000000.0, "Total Cost": 1000004650035.37, "Plan Rows": 1380034, "Plan Width": 8}, {"Node Type": "Materialize", "Parent Relationship": "Inner", "Startup Cost": 10000000000.0, "Total Cost": 1000000001421.0, "Plan Rows": 1, "Plan Width": 4, "Plans": [{"Node Type": "Index Scan", "Parent Relationship": "Outer", "Scan Direction": "Forward", "Index Name": "info_type_pkey", "Relation Name": "info_type", "Alias": "it2", "Startup Cost": 10000000000.0, "Total Cost": 1000000001421.0, "Plan Rows": 1, "Plan Width": 4, "Filter": "((info)::text = 'bottom 10 rank'::text)"}]}]}, {"Node Type": "Materialize", "Parent Relationship": "Inner", "Startup Cost": 30000000000.0, "Total Cost": 3000117771763.22, "Plan Rows": 268, "Plan Width": 67, "Plans": [{"Node Type": "Nested Loop", "Parent Relationship": "Outer", "Join Type": "Inner", "Startup Cost": 30000000000.0, "Total Cost": 3000117771761.88, "Plan Rows": 268, "Plan Width": 67, "Inner Unique": true, "Join Filter": "(mi.movie_id = t.id)", "Plans": [{"Node Type": "Nested Loop", "Parent Relationship": "Outer", "Join Type": "Inner", "Startup Cost": 20000000000.0, "Total Cost": 2000104041382.71, "Plan Rows": 212428, "Plan Width": 46, "Inner Unique": true, "Join Filter": "(it1.id = mi.info_type_id), (LLVM Optimized)", "Plans": [{"Node Type": "Index Scan", "Parent Relationship": "Outer", "Scan Direction": "Forward", "Index Name": "movie_id_movie_info", "Relation Name": "movie_info", "Alias": "mi", "Startup Cost": 10000000000.0, "Total Cost": 1000103816912.22, "Plan Rows": 14869966, "Plan Width": 50}, {"Node Type": "Materialize", "Parent Relationship": "Inner", "Startup Cost": 10000000000.0, "Total Cost": 1000000001421.0, "Plan Rows": 1, "Plan Width": 4, "Plans": [{"Node Type": "Index Scan", "Parent Relationship": "Outer", "Scan Direction": "Forward", "Index Name": "info_type_pkey", "Relation Name": "info_type", "Alias": "it1", "Startup Cost": 10000000000.0, "Total Cost": 1000000001421.0, "Plan Rows": 1, "Plan Width": 4, "Filter": "((info)::text = 'budget'::text)"}]}]}, {"Node Type": "Materialize", "Parent Relationship": "Inner", "Startup Cost": 10000000000.0, "Total Cost": 1000012908283.45, "Plan Rows": 258, "Plan Width": 21, "Plans": [{"Node Type": "Index Scan", "Parent Relationship": "Outer", "Scan Direction": "Forward", "Index Name": "title_pkey", "Relation Name": "title", "Alias": "t", "Startup Cost": 10000000000.0, "Total Cost": 1000012908282.16, "Plan Rows": 258, "Plan Width": 21, "Filter": "((production_year > 2000) AND (((title)::text ~~ 'Birdemic%'::text) OR ((title)::text ~~ '%Movie%'::text)))"}]}]}]}]}]}]}, {"Node Type": "Materialize", "Parent Relationship": "Inner", "Startup Cost": 10000000000.0, "Total Cost": 1000001050564.82, "Plan Rows": 85170, "Plan Width": 4, "Plans": [{"Node Type": "Index Scan", "Parent Relationship": "Outer", "Scan Direction": "Forward", "Index Name": "company_name_pkey", "Relation Name": "company_name", "Alias": "cn", "Startup Cost": 10000000000.0, "Total Cost": 1000001050138.97, "Plan Rows": 85170, "Plan Width": 4, "Filter": "((country_code)::text = '[us]'::text)"}]}]}, {"Node Type": "Materialize", "Parent Relationship": "Inner", "Startup Cost": 10000000000.0, "Total Cost": 1000000001231.01, "Plan Rows": 2, "Plan Width": 4, "Plans": [{"Node Type": "Index Scan", "Parent Relationship": "Outer", "Scan Direction": "Forward", "Index Name": "company_type_pkey", "Relation Name": "company_type", "Alias": "ct", "Startup Cost": 10000000000.0, "Total Cost": 1000000001231.0, "Plan Rows": 2, "Plan Width": 4, "Filter": "((kind IS NOT NULL) AND (((kind)::text = 'production companies'::text) OR ((kind)::text = 'distributors'::text)))"}]}]}]}, "Unique SQL Id": 1682224415}, "explain_analyze_plan": null}, "(64, 60)": {"explain_plan": {"Plan": {"Node Type": "Aggregate", "Strategy": "Plain", "Startup Cost": 66640.91, "Total Cost": 66640.92, "Plan Rows": 1, "Plan Width": 123, "Plans": [{"Node Type": "Nested Loop", "Parent Relationship": "Outer", "Join Type": "Inner", "Startup Cost": 0.0, "Total Cost": 66640.89, "Plan Rows": 4, "Plan Width": 59, "Inner Unique": true, "Plans": [{"Node Type": "Nested Loop", "Parent Relationship": "Outer", "Join Type": "Inner", "Startup Cost": 0.0, "Total Cost": 66639.75, "Plan Rows": 4, "Plan Width": 63, "Inner Unique": true, "Plans": [{"Node Type": "Nested Loop", "Parent Relationship": "Outer", "Join Type": "Inner", "Startup Cost": 0.0, "Total Cost": 66638.31, "Plan Rows": 5, "Plan Width": 67, "Inner Unique": false, "Join Filter": "(mi.info_type_id = it1.id)", "Plans": [{"Node Type": "Seq Scan", "Parent Relationship": "Outer", "Relation Name": "info_type", "Alias": "it1", "Startup Cost": 0.0, "Total Cost": 2.4, "Plan Rows": 1, "Plan Width": 4, "Filter": "((info)::text = 'budget'::text)"}, {"Node Type": "Nested Loop", "Parent Relationship": "Inner", "Join Type": "Inner", "Startup Cost": 0.0, "Total Cost": 66621.88, "Plan Rows": 1122, "Plan Width": 71, "Inner Unique": false, "Join Filter": "(t.id = mi.movie_id)", "Plans": [{"Node Type": "Nested Loop", "Parent Relationship": "Outer", "Join Type": "Inner", "Startup Cost": 0.0, "Total Cost": 66469.22, "Plan Rows": 210, "Plan Width": 37, "Inner Unique": false, "Join Filter": "(t.id = mc.movie_id)", "Plans": [{"Node Type": "Nested Loop", "Parent Relationship": "Outer", "Join Type": "Inner", "Startup Cost": 0.0, "Total Cost": 66348.45, "Plan Rows": 311, "Plan Width": 25, "Inner Unique": false, "Join Filter": "(mi_idx.info_type_id = it2.id)", "Plans": [{"Node Type": "Seq Scan", "Parent Relationship": "Outer", "Relation Name": "info_type", "Alias": "it2", "Startup Cost": 0.0, "Total Cost": 2.4, "Plan Rows": 1, "Plan Width": 4, "Filter": "((info)::text = 'bottom 10 rank'::text)"}, {"Node Type": "Materialize", "Parent Relationship": "Inner", "Startup Cost": 0.0, "Total Cost": 66342.09, "Plan Rows": 396, "Plan Width": 29, "Plans": [{"Node Type": "Nested Loop", "Parent Relationship": "Outer", "Join Type": "Inner", "Startup Cost": 0.0, "Total Cost": 66341.1, "Plan Rows": 396, "Plan Width": 29, "Inner Unique": false, "Plans": [{"Node Type": "Streaming(type: LOCAL GATHER dop: 1/64)", "Parent Relationship": "Outer", "Startup Cost": 0.0, "Total Cost": 64240.19, "Plan Rows": 258, "Plan Width": 21, "Plans": [{"Node Type": "Seq Scan", "Parent Relationship": "Outer", "Relation Name": "title", "Alias": "t", "Startup Cost": 0.0, "Total Cost": 64234.87, "Plan Rows": 258, "Plan Width": 21, "Filter": "((production_year > 2000) AND (((title)::text ~~ 'Birdemic%'::text) OR ((title)::text ~~ '%Movie%'::text)))"}]}, {"Node Type": "Index Scan", "Parent Relationship": "Inner", "Scan Direction": "Forward", "Index Name": "movie_id_movie_info_idx", "Relation Name": "movie_info_idx", "Alias": "mi_idx", "Startup Cost": 0.0, "Total Cost": 8.12, "Plan Rows": 2, "Plan Width": 8, "Index Cond": "(movie_id = t.id)"}]}]}]}, {"Node Type": "Index Scan", "Parent Relationship": "Inner", "Scan Direction": "Forward", "Index Name": "movie_id_movie_companies", "Relation Name": "movie_companies", "Alias": "mc", "Startup Cost": 0.0, "Total Cost": 0.36, "Plan Rows": 2, "Plan Width": 12, "Index Cond": "(movie_id = mi_idx.movie_id)"}]}, {"Node Type": "Index Scan", "Parent Relationship": "Inner", "Scan Direction": "Forward", "Index Name": "movie_id_movie_info", "Relation Name": "movie_info", "Alias": "mi", "Startup Cost": 0.0, "Total Cost": 0.66, "Plan Rows": 5, "Plan Width": 50, "Index Cond": "(movie_id = mc.movie_id)"}]}]}, {"Node Type": "Index Scan", "Parent Relationship": "Inner", "Scan Direction": "Forward", "Index Name": "company_name_pkey", "Relation Name": "company_name", "Alias": "cn", "Startup Cost": 0.0, "Total Cost": 0.28, "Plan Rows": 1, "Plan Width": 4, "Index Cond": "(id = mc.company_id)", "Filter": "((country_code)::text = '[us]'::text)"}]}, {"Node Type": "Index Scan", "Parent Relationship": "Inner", "Scan Direction": "Forward", "Index Name": "company_type_pkey", "Relation Name": "company_type", "Alias": "ct", "Startup Cost": 0.0, "Total Cost": 0.28, "Plan Rows": 1, "Plan Width": 4, "Index Cond": "(id = mc.company_type_id)", "Filter": "((kind IS NOT NULL) AND (((kind)::text = 'production companies'::text) OR ((kind)::text = 'distributors'::text)))"}]}]}, "Unique SQL Id": 1682224415}, "explain_analyze_plan": {"Plan": {"Node Type": "Aggregate", "Strategy": "Plain", "Startup Cost": 66640.91, "Total Cost": 66640.92, "Plan Rows": 1, "Plan Width": 123, "Actual Min Startup Time": 199.349, "Actual Max Startup Time": 199.349, "Actual Min Total Time": 199.35, "Actual Max Total Time": 199.35, "Actual Total Rows": 1, "Plans": [{"Node Type": "Nested Loop", "Parent Relationship": "Outer", "Join Type": "Inner", "Startup Cost": 0.0, "Total Cost": 66640.89, "Plan Rows": 4, "Plan Width": 59, "Actual Min Startup Time": 198.208, "Actual Max Startup Time": 198.208, "Actual Min Total Time": 199.313, "Actual Max Total Time": 199.313, "Actual Total Rows": 5, "Inner Unique": true, "Plans": [{"Node Type": "Nested Loop", "Parent Relationship": "Outer", "Join Type": "Inner", "Startup Cost": 0.0, "Total Cost": 66639.75, "Plan Rows": 4, "Plan Width": 63, "Actual Min Startup Time": 195.34, "Actual Max Startup Time": 195.34, "Actual Min Total Time": 199.281, "Actual Max Total Time": 199.281, "Actual Total Rows": 10, "Inner Unique": true, "Plans": [{"Node Type": "Nested Loop", "Parent Relationship": "Outer", "Join Type": "Inner", "Startup Cost": 0.0, "Total Cost": 66638.31, "Plan Rows": 5, "Plan Width": 67, "Actual Min Startup Time": 193.942, "Actual Max Startup Time": 193.942, "Actual Min Total Time": 199.008, "Actual Max Total Time": 199.008, "Actual Total Rows": 33, "Inner Unique": false, "Join Filter": "(mi.info_type_id = it1.id)", "Rows Removed by Join Filter": 4926, "Plans": [{"Node Type": "Seq Scan", "Parent Relationship": "Outer", "Relation Name": "info_type", "Alias": "it1", "Startup Cost": 0.0, "Total Cost": 2.4, "Plan Rows": 1, "Plan Width": 4, "Actual Min Startup Time": 0.111, "Actual Max Startup Time": 0.111, "Actual Min Total Time": 0.12, "Actual Max Total Time": 0.12, "Actual Total Rows": 1, "Filter": "((info)::text = 'budget'::text)", "Rows Removed by Filter": 111}, {"Node Type": "Nested Loop", "Parent Relationship": "Inner", "Join Type": "Inner", "Startup Cost": 0.0, "Total Cost": 66621.88, "Plan Rows": 1122, "Plan Width": 71, "Actual Min Startup Time": 193.654, "Actual Max Startup Time": 193.654, "Actual Min Total Time": 197.898, "Actual Max Total Time": 197.898, "Actual Total Rows": 4959, "Inner Unique": false, "Join Filter": "(t.id = mi.movie_id)", "Rows Removed by Join Filter": 0, "Plans": [{"Node Type": "Nested Loop", "Parent Relationship": "Outer", "Join Type": "Inner", "Startup Cost": 0.0, "Total Cost": 66469.22, "Plan Rows": 210, "Plan Width": 37, "Actual Min Startup Time": 193.619, "Actual Max Startup Time": 193.619, "Actual Min Total Time": 193.798, "Actual Max Total Time": 193.798, "Actual Total Rows": 33, "Inner Unique": false, "Join Filter": "(t.id = mc.movie_id)", "Rows Removed by Join Filter": 0, "Plans": [{"Node Type": "Nested Loop", "Parent Relationship": "Outer", "Join Type": "Inner", "Startup Cost": 0.0, "Total Cost": 66348.45, "Plan Rows": 311, "Plan Width": 25, "Actual Min Startup Time": 193.591, "Actual Max Startup Time": 193.591, "Actual Min Total Time": 193.726, "Actual Max Total Time": 193.726, "Actual Total Rows": 2, "Inner Unique": false, "Join Filter": "(mi_idx.info_type_id = it2.id)", "Rows Removed by Join Filter": 2643, "Plans": [{"Node Type": "Seq Scan", "Parent Relationship": "Outer", "Relation Name": "info_type", "Alias": "it2", "Startup Cost": 0.0, "Total Cost": 2.4, "Plan Rows": 1, "Plan Width": 4, "Actual Min Startup Time": 0.072, "Actual Max Startup Time": 0.072, "Actual Min Total Time": 0.077, "Actual Max Total Time": 0.077, "Actual Total Rows": 1, "Filter": "((info)::text = 'bottom 10 rank'::text)", "Rows Removed by Filter": 111}, {"Node Type": "Materialize", "Parent Relationship": "Inner", "Startup Cost": 0.0, "Total Cost": 66342.09, "Plan Rows": 396, "Plan Width": 29, "Actual Min Startup Time": 192.814, "Actual Max Startup Time": 192.814, "Actual Min Total Time": 193.085, "Actual Max Total Time": 193.085, "Actual Total Rows": 2646, "Plans": [{"Node Type": "Nested Loop", "Parent Relationship": "Outer", "Join Type": "Inner", "Startup Cost": 0.0, "Total Cost": 66341.1, "Plan Rows": 396, "Plan Width": 29, "Actual Min Startup Time": 111.437, "Actual Max Startup Time": 111.437, "Actual Min Total Time": 191.92, "Actual Max Total Time": 191.92, "Actual Total Rows": 2645, "Inner Unique": false, "Plans": [{"Node Type": "Streaming(type: LOCAL GATHER dop: 1/64)", "Parent Relationship": "Outer", "Startup Cost": 0.0, "Total Cost": 64240.19, "Plan Rows": 258, "Plan Width": 21, "Actual Min Startup Time": 111.362, "Actual Max Startup Time": 111.362, "Actual Min Total Time": 175.256, "Actual Max Total Time": 175.256, "Actual Total Rows": 2536, "Plans": [{"Node Type": "Seq Scan", "Parent Relationship": "Outer", "Relation Name": "title", "Alias": "t", "Startup Cost": 0.0, "Total Cost": 64234.87, "Plan Rows": 258, "Plan Width": 21, "Actual Min Startup Time": 0.032, "Actual Max Startup Time": 7.272, "Actual Min Total Time": 19.369, "Actual Max Total Time": 24.0, "Actual Total Rows": 2536, "Filter": "((production_year > 2000) AND (((title)::text ~~ 'Birdemic%'::text) OR ((title)::text ~~ '%Movie%'::text)))", "Rows Removed by Filter": 2525775}]}, {"Node Type": "Index Scan", "Parent Relationship": "Inner", "Scan Direction": "Forward", "Index Name": "movie_id_movie_info_idx", "Relation Name": "movie_info_idx", "Alias": "mi_idx", "Startup Cost": 0.0, "Total Cost": 8.12, "Plan Rows": 2, "Plan Width": 8, "Actual Min Startup Time": 13.665, "Actual Max Startup Time": 13.665, "Actual Min Total Time": 14.681, "Actual Max Total Time": 14.681, "Actual Total Rows": 2645, "Index Cond": "(movie_id = t.id)", "Rows Removed by Index Recheck": 0}]}]}]}, {"Node Type": "Index Scan", "Parent Relationship": "Inner", "Scan Direction": "Forward", "Index Name": "movie_id_movie_companies", "Relation Name": "movie_companies", "Alias": "mc", "Startup Cost": 0.0, "Total Cost": 0.36, "Plan Rows": 2, "Plan Width": 12, "Actual Min Startup Time": 0.032, "Actual Max Startup Time": 0.032, "Actual Min Total Time": 0.051, "Actual Max Total Time": 0.051, "Actual Total Rows": 33, "Index Cond": "(movie_id = mi_idx.movie_id)", "Rows Removed by Index Recheck": 0}]}, {"Node Type": "Index Scan", "Parent Relationship": "Inner", "Scan Direction": "Forward", "Index Name": "movie_id_movie_info", "Relation Name": "movie_info", "Alias": "mi", "Startup Cost": 0.0, "Total Cost": 0.66, "Plan Rows": 5, "Plan Width": 50, "Actual Min Startup Time": 0.498, "Actual Max Startup Time": 0.498, "Actual Min Total Time": 2.493, "Actual Max Total Time": 2.493, "Actual Total Rows": 4959, "Index Cond": "(movie_id = mc.movie_id)", "Rows Removed by Index Recheck": 0}]}]}, {"Node Type": "Index Scan", "Parent Relationship": "Inner", "Scan Direction": "Forward", "Index Name": "company_name_pkey", "Relation Name": "company_name", "Alias": "cn", "Startup Cost": 0.0, "Total Cost": 0.28, "Plan Rows": 1, "Plan Width": 4, "Actual Min Startup Time": 0.244, "Actual Max Startup Time": 0.244, "Actual Min Total Time": 0.244, "Actual Max Total Time": 0.244, "Actual Total Rows": 10, "Index Cond": "(id = mc.company_id)", "Rows Removed by Index Recheck": 0, "Filter": "((country_code)::text = '[us]'::text)", "Rows Removed by Filter": 23}]}, {"Node Type": "Index Scan", "Parent Relationship": "Inner", "Scan Direction": "Forward", "Index Name": "company_type_pkey", "Relation Name": "company_type", "Alias": "ct", "Startup Cost": 0.0, "Total Cost": 0.28, "Plan Rows": 1, "Plan Width": 4, "Actual Min Startup Time": 0.02, "Actual Max Startup Time": 0.02, "Actual Min Total Time": 0.02, "Actual Max Total Time": 0.02, "Actual Total Rows": 5, "Index Cond": "(id = mc.company_type_id)", "Rows Removed by Index Recheck": 0, "Filter": "((kind IS NOT NULL) AND (((kind)::text = 'production companies'::text) OR ((kind)::text = 'distributors'::text)))", "Rows Removed by Filter": 0}]}]}, "Triggers": [], "Planner Runtime": 21.617, "Total Runtime": 212.864, "Unique SQL Id": 1682224415}}, "(64, 61)": {"explain_plan": {"Plan": {"Node Type": "Aggregate", "Strategy": "Plain", "Startup Cost": 131508.15, "Total Cost": 131508.16, "Plan Rows": 1, "Plan Width": 123, "Plans": [{"Node Type": "Nested Loop", "Parent Relationship": "Outer", "Join Type": "Inner", "Startup Cost": 0.0, "Total Cost": 131508.13, "Plan Rows": 4, "Plan Width": 59, "Inner Unique": true, "Plans": [{"Node Type": "Nested Loop", "Parent Relationship": "Outer", "Join Type": "Inner", "Startup Cost": 0.0, "Total Cost": 131506.99, "Plan Rows": 4, "Plan Width": 63, "Inner Unique": true, "Plans": [{"Node Type": "Nested Loop", "Parent Relationship": "Outer", "Join Type": "Inner", "Startup Cost": 0.0, "Total Cost": 131505.55, "Plan Rows": 5, "Plan Width": 67, "Inner Unique": false, "Join Filter": "(mi.info_type_id = it1.id)", "Plans": [{"Node Type": "Index Scan", "Parent Relationship": "Outer", "Scan Direction": "Forward", "Index Name": "info_type_pkey", "Relation Name": "info_type", "Alias": "it1", "Startup Cost": 0.0, "Total Cost": 14.21, "Plan Rows": 1, "Plan Width": 4, "Filter": "((info)::text = 'budget'::text)"}, {"Node Type": "Nested Loop", "Parent Relationship": "Inner", "Join Type": "Inner", "Startup Cost": 0.0, "Total Cost": 131477.32, "Plan Rows": 1122, "Plan Width": 71, "Inner Unique": false, "Join Filter": "(t.id = mi.movie_id)", "Plans": [{"Node Type": "Nested Loop", "Parent Relationship": "Outer", "Join Type": "Inner", "Startup Cost": 0.0, "Total Cost": 131324.66, "Plan Rows": 210, "Plan Width": 37, "Inner Unique": false, "Join Filter": "(t.id = mc.movie_id)", "Plans": [{"Node Type": "Nested Loop", "Parent Relationship": "Outer", "Join Type": "Inner", "Startup Cost": 0.0, "Total Cost": 131203.89, "Plan Rows": 311, "Plan Width": 25, "Inner Unique": true, "Join Filter": "(mi_idx.info_type_id = it2.id)", "Plans": [{"Node Type": "Nested Loop", "Parent Relationship": "Outer", "Join Type": "Inner", "Startup Cost": 0.0, "Total Cost": 131183.74, "Plan Rows": 396, "Plan Width": 29, "Inner Unique": false, "Plans": [{"Node Type": "Index Scan", "Parent Relationship": "Outer", "Scan Direction": "Forward", "Index Name": "title_pkey", "Relation Name": "title", "Alias": "t", "Startup Cost": 0.0, "Total Cost": 129082.82, "Plan Rows": 258, "Plan Width": 21, "Filter": "((production_year > 2000) AND (((title)::text ~~ 'Birdemic%'::text) OR ((title)::text ~~ '%Movie%'::text)))"}, {"Node Type": "Index Scan", "Parent Relationship": "Inner", "Scan Direction": "Forward", "Index Name": "movie_id_movie_info_idx", "Relation Name": "movie_info_idx", "Alias": "mi_idx", "Startup Cost": 0.0, "Total Cost": 8.12, "Plan Rows": 2, "Plan Width": 8, "Index Cond": "(movie_id = t.id)"}]}, {"Node Type": "Materialize", "Parent Relationship": "Inner", "Startup Cost": 0.0, "Total Cost": 14.22, "Plan Rows": 1, "Plan Width": 4, "Plans": [{"Node Type": "Index Scan", "Parent Relationship": "Outer", "Scan Direction": "Forward", "Index Name": "info_type_pkey", "Relation Name": "info_type", "Alias": "it2", "Startup Cost": 0.0, "Total Cost": 14.21, "Plan Rows": 1, "Plan Width": 4, "Filter": "((info)::text = 'bottom 10 rank'::text)"}]}]}, {"Node Type": "Index Scan", "Parent Relationship": "Inner", "Scan Direction": "Forward", "Index Name": "movie_id_movie_companies", "Relation Name": "movie_companies", "Alias": "mc", "Startup Cost": 0.0, "Total Cost": 0.36, "Plan Rows": 2, "Plan Width": 12, "Index Cond": "(movie_id = mi_idx.movie_id)"}]}, {"Node Type": "Index Scan", "Parent Relationship": "Inner", "Scan Direction": "Forward", "Index Name": "movie_id_movie_info", "Relation Name": "movie_info", "Alias": "mi", "Startup Cost": 0.0, "Total Cost": 0.66, "Plan Rows": 5, "Plan Width": 50, "Index Cond": "(movie_id = mc.movie_id)"}]}]}, {"Node Type": "Index Scan", "Parent Relationship": "Inner", "Scan Direction": "Forward", "Index Name": "company_name_pkey", "Relation Name": "company_name", "Alias": "cn", "Startup Cost": 0.0, "Total Cost": 0.28, "Plan Rows": 1, "Plan Width": 4, "Index Cond": "(id = mc.company_id)", "Filter": "((country_code)::text = '[us]'::text)"}]}, {"Node Type": "Index Scan", "Parent Relationship": "Inner", "Scan Direction": "Forward", "Index Name": "company_type_pkey", "Relation Name": "company_type", "Alias": "ct", "Startup Cost": 0.0, "Total Cost": 0.28, "Plan Rows": 1, "Plan Width": 4, "Index Cond": "(id = mc.company_type_id)", "Filter": "((kind IS NOT NULL) AND (((kind)::text = 'production companies'::text) OR ((kind)::text = 'distributors'::text)))"}]}]}, "Unique SQL Id": 1682224415}, "explain_analyze_plan": null}, "(64, 62)": {"explain_plan": {"Plan": {"Node Type": "Aggregate", "Strategy": "Plain", "Startup Cost": 690351.61, "Total Cost": 690351.62, "Plan Rows": 1, "Plan Width": 123, "Plans": [{"Node Type": "Nested Loop", "Parent Relationship": "Outer", "Join Type": "Inner", "Startup Cost": 0.0, "Total Cost": 690351.59, "Plan Rows": 4, "Plan Width": 59, "Inner Unique": true, "Join Filter": "(mc.company_type_id = ct.id)", "Plans": [{"Node Type": "Nested Loop", "Parent Relationship": "Outer", "Join Type": "Inner", "Startup Cost": 0.0, "Total Cost": 690350.42, "Plan Rows": 4, "Plan Width": 63, "Inner Unique": false, "Join Filter": "(mc.company_id = cn.id)", "Plans": [{"Node Type": "Seq Scan", "Parent Relationship": "Outer", "Relation Name": "company_name", "Alias": "cn", "Startup Cost": 0.0, "Total Cost": 5903.45, "Plan Rows": 85170, "Plan Width": 4, "Filter": "((country_code)::text = '[us]'::text)"}, {"Node Type": "Materialize", "Parent Relationship": "Inner", "Startup Cost": 0.0, "Total Cost": 678059.23, "Plan Rows": 5, "Plan Width": 67, "Plans": [{"Node Type": "Streaming(type: LOCAL GATHER dop: 1/64)", "Parent Relationship": "Outer", "Startup Cost": 0.0, "Total Cost": 678059.21, "Plan Rows": 5, "Plan Width": 67, "Plans": [{"Node Type": "Nested Loop", "Parent Relationship": "Outer", "Join Type": "Inner", "Startup Cost": 0.0, "Total Cost": 678059.11, "Plan Rows": 5, "Plan Width": 67, "Inner Unique": false, "Join Filter": "(t.id = mc.movie_id)", "Plans": [{"Node Type": "Streaming(type: LOCAL ROUNDROBIN dop: 64/1)", "Parent Relationship": "Outer", "Startup Cost": 0.0, "Total Cost": 158643.28, "Plan Rows": 2609128, "Plan Width": 12, "Plans": [{"Node Type": "Seq Scan", "Parent Relationship": "Outer", "Relation Name": "movie_companies", "Alias": "mc", "Startup Cost": 0.0, "Total Cost": 41817.28, "Plan Rows": 2609128, "Plan Width": 12}]}, {"Node Type": "Materialize", "Parent Relationship": "Inner", "Startup Cost": 0.0, "Total Cost": 514523.73, "Plan Rows": 512, "Plan Width": 71, "Plans": [{"Node Type": "Streaming(type: BROADCAST dop: 64/64)", "Parent Relationship": "Outer", "Startup Cost": 0.0, "Total Cost": 514523.69, "Plan Rows": 512, "Plan Width": 71, "Plans": [{"Node Type": "Nested Loop", "Parent Relationship": "Outer", "Join Type": "Inner", "Startup Cost": 0.0, "Total Cost": 451523.36, "Plan Rows": 8, "Plan Width": 71, "Inner Unique": false, "Join Filter": "(mi_idx.movie_id = t.id)", "Plans": [{"Node Type": "Streaming(type: LOCAL REDISTRIBUTE dop: 64/1)", "Parent Relationship": "Outer", "Startup Cost": 0.0, "Total Cost": 114544.8, "Plan Rows": 345008, "Plan Width": 4, "Plans": [{"Node Type": "Nested Loop", "Parent Relationship": "Outer", "Join Type": "Inner", "Startup Cost": 0.0, "Total Cost": 37527.17, "Plan Rows": 345008, "Plan Width": 4, "Inner Unique": false, "Join Filter": "(it2.id = mi_idx.info_type_id), (LLVM Optimized)", "Plans": [{"Node Type": "Seq Scan", "Parent Relationship": "Outer", "Relation Name": "info_type", "Alias": "it2", "Startup Cost": 0.0, "Total Cost": 2.4, "Plan Rows": 1, "Plan Width": 4, "Filter": "((info)::text = 'bottom 10 rank'::text)"}, {"Node Type": "Seq Scan", "Parent Relationship": "Inner", "Relation Name": "movie_info_idx", "Alias": "mi_idx", "Startup Cost": 0.0, "Total Cost": 20274.34, "Plan Rows": 1380034, "Plan Width": 8}]}]}, {"Node Type": "Materialize", "Parent Relationship": "Inner", "Startup Cost": 0.0, "Total Cost": 336639.97, "Plan Rows": 268, "Plan Width": 67, "Plans": [{"Node Type": "Streaming(type: LOCAL REDISTRIBUTE dop: 64/64)", "Parent Relationship": "Outer", "Startup Cost": 0.0, "Total Cost": 336639.94, "Plan Rows": 268, "Plan Width": 67, "Plans": [{"Node Type": "Nested Loop", "Parent Relationship": "Outer", "Join Type": "Inner", "Startup Cost": 0.0, "Total Cost": 273639.69, "Plan Rows": 268, "Plan Width": 67, "Inner Unique": true, "Join Filter": "(mi.movie_id = t.id)", "Plans": [{"Node Type": "Nested Loop", "Parent Relationship": "Outer", "Join Type": "Inner", "Startup Cost": 0.0, "Total Cost": 133548.44, "Plan Rows": 212428, "Plan Width": 46, "Inner Unique": false, "Join Filter": "(it1.id = mi.info_type_id), (LLVM Optimized)", "Plans": [{"Node Type": "Streaming(type: BROADCAST dop: 64/1)", "Parent Relationship": "Outer", "Startup Cost": 0.0, "Total Cost": 63003.72, "Plan Rows": 64, "Plan Width": 4, "Plans": [{"Node Type": "Seq Scan", "Parent Relationship": "Outer", "Relation Name": "info_type", "Alias": "it1", "Startup Cost": 0.0, "Total Cost": 2.4, "Plan Rows": 1, "Plan Width": 4, "Filter": "((info)::text = 'budget'::text)"}]}, {"Node Type": "Seq Scan", "Parent Relationship": "Inner", "Relation Name": "movie_info", "Alias": "mi", "Startup Cost": 0.0, "Total Cost": 67640.43, "Plan Rows": 14869966, "Plan Width": 50}]}, {"Node Type": "Materialize", "Parent Relationship": "Inner", "Startup Cost": 0.0, "Total Cost": 127246.64, "Plan Rows": 16512, "Plan Width": 21, "Plans": [{"Node Type": "Streaming(type: BROADCAST dop: 64/64)", "Parent Relationship": "Outer", "Startup Cost": 0.0, "Total Cost": 127245.35, "Plan Rows": 16512, "Plan Width": 21, "Plans": [{"Node Type": "Seq Scan", "Parent Relationship": "Outer", "Relation Name": "title", "Alias": "t", "Startup Cost": 0.0, "Total Cost": 64234.87, "Plan Rows": 258, "Plan Width": 21, "Filter": "((production_year > 2000) AND (((title)::text ~~ 'Birdemic%'::text) OR ((title)::text ~~ '%Movie%'::text)))"}]}]}]}]}]}]}]}]}]}]}]}]}, {"Node Type": "Materialize", "Parent Relationship": "Inner", "Startup Cost": 0.0, "Total Cost": 1.05, "Plan Rows": 2, "Plan Width": 4, "Plans": [{"Node Type": "Seq Scan", "Parent Relationship": "Outer", "Relation Name": "company_type", "Alias": "ct", "Startup Cost": 0.0, "Total Cost": 1.04, "Plan Rows": 2, "Plan Width": 4, "Filter": "((kind IS NOT NULL) AND (((kind)::text = 'production companies'::text) OR ((kind)::text = 'distributors'::text)))"}]}]}]}, "Unique SQL Id": 1682224415}, "explain_analyze_plan": null}, "(64, 63)": {"explain_plan": {"Plan": {"Node Type": "Aggregate", "Strategy": "Plain", "Startup Cost": 8000134520134.75, "Total Cost": 8000134520134.76, "Plan Rows": 1, "Plan Width": 123, "Plans": [{"Node Type": "Nested Loop", "Parent Relationship": "Outer", "Join Type": "Inner", "Startup Cost": 80000000000.0, "Total Cost": 8000134520134.73, "Plan Rows": 4, "Plan Width": 59, "Inner Unique": true, "Join Filter": "(mc.company_type_id = ct.id)", "Plans": [{"Node Type": "Nested Loop", "Parent Relationship": "Outer", "Join Type": "Inner", "Startup Cost": 70000000000.0, "Total Cost": 7000134518903.61, "Plan Rows": 4, "Plan Width": 63, "Inner Unique": true, "Join Filter": "(mc.company_id = cn.id)", "Plans": [{"Node Type": "Nested Loop", "Parent Relationship": "Outer", "Join Type": "Inner", "Startup Cost": 60000000000.0, "Total Cost": 6000133462163.97, "Plan Rows": 5, "Plan Width": 67, "Inner Unique": false, "Join Filter": "(t.id = mc.movie_id)", "Plans": [{"Node Type": "Index Scan", "Parent Relationship": "Outer", "Scan Direction": "Forward", "Index Name": "company_type_id_movie_companies", "Relation Name": "movie_companies", "Alias": "mc", "Startup Cost": 10000000000.0, "Total Cost": 1000009318217.0, "Plan Rows": 2609128, "Plan Width": 12}, {"Node Type": "Materialize", "Parent Relationship": "Inner", "Startup Cost": 50000000000.0, "Total Cost": 5000123830851.63, "Plan Rows": 8, "Plan Width": 71, "Plans": [{"Node Type": "Nested Loop", "Parent Relationship": "Outer", "Join Type": "Inner", "Startup Cost": 50000000000.0, "Total Cost": 5000123830851.59, "Plan Rows": 8, "Plan Width": 71, "Inner Unique": false, "Join Filter": "(mi_idx.movie_id = t.id)", "Plans": [{"Node Type": "Nested Loop", "Parent Relationship": "Outer", "Join Type": "Inner", "Startup Cost": 20000000000.0, "Total Cost": 2000004672156.88, "Plan Rows": 345008, "Plan Width": 4, "Inner Unique": true, "Join Filter": "(it2.id = mi_idx.info_type_id), (LLVM Optimized)", "Plans": [{"Node Type": "Index Scan", "Parent Relationship": "Outer", "Scan Direction": "Forward", "Index Name": "movie_id_movie_info_idx", "Relation Name": "movie_info_idx", "Alias": "mi_idx", "Startup Cost": 10000000000.0, "Total Cost": 1000004650035.37, "Plan Rows": 1380034, "Plan Width": 8}, {"Node Type": "Materialize", "Parent Relationship": "Inner", "Startup Cost": 10000000000.0, "Total Cost": 1000000001421.0, "Plan Rows": 1, "Plan Width": 4, "Plans": [{"Node Type": "Index Scan", "Parent Relationship": "Outer", "Scan Direction": "Forward", "Index Name": "info_type_pkey", "Relation Name": "info_type", "Alias": "it2", "Startup Cost": 10000000000.0, "Total Cost": 1000000001421.0, "Plan Rows": 1, "Plan Width": 4, "Filter": "((info)::text = 'bottom 10 rank'::text)"}]}]}, {"Node Type": "Materialize", "Parent Relationship": "Inner", "Startup Cost": 30000000000.0, "Total Cost": 3000117771763.22, "Plan Rows": 268, "Plan Width": 67, "Plans": [{"Node Type": "Nested Loop", "Parent Relationship": "Outer", "Join Type": "Inner", "Startup Cost": 30000000000.0, "Total Cost": 3000117771761.88, "Plan Rows": 268, "Plan Width": 67, "Inner Unique": true, "Join Filter": "(mi.movie_id = t.id)", "Plans": [{"Node Type": "Nested Loop", "Parent Relationship": "Outer", "Join Type": "Inner", "Startup Cost": 20000000000.0, "Total Cost": 2000104041382.71, "Plan Rows": 212428, "Plan Width": 46, "Inner Unique": true, "Join Filter": "(it1.id = mi.info_type_id), (LLVM Optimized)", "Plans": [{"Node Type": "Index Scan", "Parent Relationship": "Outer", "Scan Direction": "Forward", "Index Name": "movie_id_movie_info", "Relation Name": "movie_info", "Alias": "mi", "Startup Cost": 10000000000.0, "Total Cost": 1000103816912.22, "Plan Rows": 14869966, "Plan Width": 50}, {"Node Type": "Materialize", "Parent Relationship": "Inner", "Startup Cost": 10000000000.0, "Total Cost": 1000000001421.0, "Plan Rows": 1, "Plan Width": 4, "Plans": [{"Node Type": "Index Scan", "Parent Relationship": "Outer", "Scan Direction": "Forward", "Index Name": "info_type_pkey", "Relation Name": "info_type", "Alias": "it1", "Startup Cost": 10000000000.0, "Total Cost": 1000000001421.0, "Plan Rows": 1, "Plan Width": 4, "Filter": "((info)::text = 'budget'::text)"}]}]}, {"Node Type": "Materialize", "Parent Relationship": "Inner", "Startup Cost": 10000000000.0, "Total Cost": 1000012908283.45, "Plan Rows": 258, "Plan Width": 21, "Plans": [{"Node Type": "Index Scan", "Parent Relationship": "Outer", "Scan Direction": "Forward", "Index Name": "title_pkey", "Relation Name": "title", "Alias": "t", "Startup Cost": 10000000000.0, "Total Cost": 1000012908282.16, "Plan Rows": 258, "Plan Width": 21, "Filter": "((production_year > 2000) AND (((title)::text ~~ 'Birdemic%'::text) OR ((title)::text ~~ '%Movie%'::text)))"}]}]}]}]}]}]}, {"Node Type": "Materialize", "Parent Relationship": "Inner", "Startup Cost": 10000000000.0, "Total Cost": 1000001050564.82, "Plan Rows": 85170, "Plan Width": 4, "Plans": [{"Node Type": "Index Scan", "Parent Relationship": "Outer", "Scan Direction": "Forward", "Index Name": "company_name_pkey", "Relation Name": "company_name", "Alias": "cn", "Startup Cost": 10000000000.0, "Total Cost": 1000001050138.97, "Plan Rows": 85170, "Plan Width": 4, "Filter": "((country_code)::text = '[us]'::text)"}]}]}, {"Node Type": "Materialize", "Parent Relationship": "Inner", "Startup Cost": 10000000000.0, "Total Cost": 1000000001231.01, "Plan Rows": 2, "Plan Width": 4, "Plans": [{"Node Type": "Index Scan", "Parent Relationship": "Outer", "Scan Direction": "Forward", "Index Name": "company_type_pkey", "Relation Name": "company_type", "Alias": "ct", "Startup Cost": 10000000000.0, "Total Cost": 1000000001231.0, "Plan Rows": 2, "Plan Width": 4, "Filter": "((kind IS NOT NULL) AND (((kind)::text = 'production companies'::text) OR ((kind)::text = 'distributors'::text)))"}]}]}]}, "Unique SQL Id": 1682224415}, "explain_analyze_plan": null}, "(64, 64)": {"explain_plan": {"Plan": {"Node Type": "Aggregate", "Strategy": "Plain", "Startup Cost": 67236.12, "Total Cost": 67236.13, "Plan Rows": 1, "Plan Width": 123, "Plans": [{"Node Type": "Nested Loop", "Parent Relationship": "Outer", "Join Type": "Inner", "Startup Cost": 0.0, "Total Cost": 67235.88, "Plan Rows": 48, "Plan Width": 59, "Inner Unique": true, "Plans": [{"Node Type": "Nested Loop", "Parent Relationship": "Outer", "Join Type": "Inner", "Startup Cost": 0.0, "Total Cost": 67222.2, "Plan Rows": 48, "Plan Width": 63, "Inner Unique": true, "Plans": [{"Node Type": "Nested Loop", "Parent Relationship": "Outer", "Join Type": "Inner", "Startup Cost": 0.0, "Total Cost": 67158.92, "Plan Rows": 220, "Plan Width": 67, "Inner Unique": true, "Plans": [{"Node Type": "Nested Loop", "Parent Relationship": "Outer", "Join Type": "Inner", "Startup Cost": 0.0, "Total Cost": 66726.41, "Plan Rows": 1531, "Plan Width": 71, "Inner Unique": false, "Join Filter": "(t.id = mi.movie_id)", "Plans": [{"Node Type": "Nested Loop", "Parent Relationship": "Outer", "Join Type": "Inner", "Startup Cost": 0.0, "Total Cost": 66573.75, "Plan Rows": 210, "Plan Width": 37, "Inner Unique": false, "Join Filter": "(t.id = mc.movie_id)", "Plans": [{"Node Type": "Nested Loop", "Parent Relationship": "Outer", "Join Type": "Inner", "Startup Cost": 0.0, "Total Cost": 66452.98, "Plan Rows": 311, "Plan Width": 25, "Inner Unique": true, "Plans": [{"Node Type": "Nested Loop", "Parent Relationship": "Outer", "Join Type": "Inner", "Startup Cost": 0.0, "Total Cost": 66341.1, "Plan Rows": 396, "Plan Width": 29, "Inner Unique": false, "Plans": [{"Node Type": "Streaming(type: LOCAL GATHER dop: 1/64)", "Parent Relationship": "Outer", "Startup Cost": 0.0, "Total Cost": 64240.19, "Plan Rows": 258, "Plan Width": 21, "Plans": [{"Node Type": "Seq Scan", "Parent Relationship": "Outer", "Relation Name": "title", "Alias": "t", "Startup Cost": 0.0, "Total Cost": 64234.87, "Plan Rows": 258, "Plan Width": 21, "Filter": "((production_year > 2000) AND (((title)::text ~~ 'Birdemic%'::text) OR ((title)::text ~~ '%Movie%'::text)))"}]}, {"Node Type": "Index Scan", "Parent Relationship": "Inner", "Scan Direction": "Forward", "Index Name": "movie_id_movie_info_idx", "Relation Name": "movie_info_idx", "Alias": "mi_idx", "Startup Cost": 0.0, "Total Cost": 8.12, "Plan Rows": 2, "Plan Width": 8, "Index Cond": "(movie_id = t.id)"}]}, {"Node Type": "Index Scan", "Parent Relationship": "Inner", "Scan Direction": "Forward", "Index Name": "info_type_pkey", "Relation Name": "info_type", "Alias": "it2", "Startup Cost": 0.0, "Total Cost": 0.27, "Plan Rows": 1, "Plan Width": 4, "Index Cond": "(id = mi_idx.info_type_id)", "Filter": "((info)::text = 'bottom 10 rank'::text)"}]}, {"Node Type": "Index Scan", "Parent Relationship": "Inner", "Scan Direction": "Forward", "Index Name": "movie_id_movie_companies", "Relation Name": "movie_companies", "Alias": "mc", "Startup Cost": 0.0, "Total Cost": 0.36, "Plan Rows": 2, "Plan Width": 12, "Index Cond": "(movie_id = mi_idx.movie_id)"}]}, {"Node Type": "Index Scan", "Parent Relationship": "Inner", "Scan Direction": "Forward", "Index Name": "movie_id_movie_info", "Relation Name": "movie_info", "Alias": "mi", "Startup Cost": 0.0, "Total Cost": 0.66, "Plan Rows": 5, "Plan Width": 50, "Index Cond": "(movie_id = mc.movie_id)"}]}, {"Node Type": "Index Scan", "Parent Relationship": "Inner", "Scan Direction": "Forward", "Index Name": "info_type_pkey", "Relation Name": "info_type", "Alias": "it1", "Startup Cost": 0.0, "Total Cost": 0.27, "Plan Rows": 1, "Plan Width": 4, "Index Cond": "(id = mi.info_type_id)", "Filter": "((info)::text = 'budget'::text)"}]}, {"Node Type": "Index Scan", "Parent Relationship": "Inner", "Scan Direction": "Forward", "Index Name": "company_name_pkey", "Relation Name": "company_name", "Alias": "cn", "Startup Cost": 0.0, "Total Cost": 0.28, "Plan Rows": 1, "Plan Width": 4, "Index Cond": "(id = mc.company_id)", "Filter": "((country_code)::text = '[us]'::text)"}]}, {"Node Type": "Index Scan", "Parent Relationship": "Inner", "Scan Direction": "Forward", "Index Name": "company_type_pkey", "Relation Name": "company_type", "Alias": "ct", "Startup Cost": 0.0, "Total Cost": 0.28, "Plan Rows": 1, "Plan Width": 4, "Index Cond": "(id = mc.company_type_id)", "Filter": "((kind IS NOT NULL) AND (((kind)::text = 'production companies'::text) OR ((kind)::text = 'distributors'::text)))"}]}]}, "Unique SQL Id": 1682224415}, "explain_analyze_plan": {"Plan": {"Node Type": "Aggregate", "Strategy": "Plain", "Startup Cost": 67236.12, "Total Cost": 67236.13, "Plan Rows": 1, "Plan Width": 123, "Actual Min Startup Time": 230.235, "Actual Max Startup Time": 230.235, "Actual Min Total Time": 230.235, "Actual Max Total Time": 230.235, "Actual Total Rows": 1, "Plans": [{"Node Type": "Nested Loop", "Parent Relationship": "Outer", "Join Type": "Inner", "Startup Cost": 0.0, "Total Cost": 67235.88, "Plan Rows": 48, "Plan Width": 59, "Actual Min Startup Time": 208.252, "Actual Max Startup Time": 208.252, "Actual Min Total Time": 230.192, "Actual Max Total Time": 230.192, "Actual Total Rows": 5, "Inner Unique": true, "Plans": [{"Node Type": "Nested Loop", "Parent Relationship": "Outer", "Join Type": "Inner", "Startup Cost": 0.0, "Total Cost": 67222.2, "Plan Rows": 48, "Plan Width": 63, "Actual Min Startup Time": 199.281, "Actual Max Startup Time": 199.281, "Actual Min Total Time": 230.144, "Actual Max Total Time": 230.144, "Actual Total Rows": 10, "Inner Unique": true, "Plans": [{"Node Type": "Nested Loop", "Parent Relationship": "Outer", "Join Type": "Inner", "Startup Cost": 0.0, "Total Cost": 67158.92, "Plan Rows": 220, "Plan Width": 67, "Actual Min Startup Time": 195.081, "Actual Max Startup Time": 195.081, "Actual Min Total Time": 229.811, "Actual Max Total Time": 229.811, "Actual Total Rows": 33, "Inner Unique": true, "Plans": [{"Node Type": "Nested Loop", "Parent Relationship": "Outer", "Join Type": "Inner", "Startup Cost": 0.0, "Total Cost": 66726.41, "Plan Rows": 1531, "Plan Width": 71, "Actual Min Startup Time": 194.636, "Actual Max Startup Time": 194.636, "Actual Min Total Time": 218.696, "Actual Max Total Time": 218.696, "Actual Total Rows": 4959, "Inner Unique": false, "Join Filter": "(t.id = mi.movie_id)", "Rows Removed by Join Filter": 0, "Plans": [{"Node Type": "Nested Loop", "Parent Relationship": "Outer", "Join Type": "Inner", "Startup Cost": 0.0, "Total Cost": 66573.75, "Plan Rows": 210, "Plan Width": 37, "Actual Min Startup Time": 194.602, "Actual Max Startup Time": 194.602, "Actual Min Total Time": 213.994, "Actual Max Total Time": 213.994, "Actual Total Rows": 33, "Inner Unique": false, "Join Filter": "(t.id = mc.movie_id)", "Rows Removed by Join Filter": 0, "Plans": [{"Node Type": "Nested Loop", "Parent Relationship": "Outer", "Join Type": "Inner", "Startup Cost": 0.0, "Total Cost": 66452.98, "Plan Rows": 311, "Plan Width": 25, "Actual Min Startup Time": 194.574, "Actual Max Startup Time": 194.574, "Actual Min Total Time": 213.912, "Actual Max Total Time": 213.912, "Actual Total Rows": 2, "Inner Unique": true, "Plans": [{"Node Type": "Nested Loop", "Parent Relationship": "Outer", "Join Type": "Inner", "Startup Cost": 0.0, "Total Cost": 66341.1, "Plan Rows": 396, "Plan Width": 29, "Actual Min Startup Time": 98.269, "Actual Max Startup Time": 98.269, "Actual Min Total Time": 207.565, "Actual Max Total Time": 207.565, "Actual Total Rows": 2645, "Inner Unique": false, "Plans": [{"Node Type": "Streaming(type: LOCAL GATHER dop: 1/64)", "Parent Relationship": "Outer", "Startup Cost": 0.0, "Total Cost": 64240.19, "Plan Rows": 258, "Plan Width": 21, "Actual Min Startup Time": 98.169, "Actual Max Startup Time": 98.169, "Actual Min Total Time": 192.548, "Actual Max Total Time": 192.548, "Actual Total Rows": 2536, "Plans": [{"Node Type": "Seq Scan", "Parent Relationship": "Outer", "Relation Name": "title", "Alias": "t", "Startup Cost": 0.0, "Total Cost": 64234.87, "Plan Rows": 258, "Plan Width": 21, "Actual Min Startup Time": 0.04, "Actual Max Startup Time": 7.292, "Actual Min Total Time": 19.343, "Actual Max Total Time": 24.11, "Actual Total Rows": 2536, "Filter": "((production_year > 2000) AND (((title)::text ~~ 'Birdemic%'::text) OR ((title)::text ~~ '%Movie%'::text)))", "Rows Removed by Filter": 2525775}]}, {"Node Type": "Index Scan", "Parent Relationship": "Inner", "Scan Direction": "Forward", "Index Name": "movie_id_movie_info_idx", "Relation Name": "movie_info_idx", "Alias": "mi_idx", "Startup Cost": 0.0, "Total Cost": 8.12, "Plan Rows": 2, "Plan Width": 8, "Actual Min Startup Time": 12.157, "Actual Max Startup Time": 12.157, "Actual Min Total Time": 13.108, "Actual Max Total Time": 13.108, "Actual Total Rows": 2645, "Index Cond": "(movie_id = t.id)", "Rows Removed by Index Recheck": 0}]}, {"Node Type": "Index Scan", "Parent Relationship": "Inner", "Scan Direction": "Forward", "Index Name": "info_type_pkey", "Relation Name": "info_type", "Alias": "it2", "Startup Cost": 0.0, "Total Cost": 0.27, "Plan Rows": 1, "Plan Width": 4, "Actual Min Startup Time": 5.083, "Actual Max Startup Time": 5.083, "Actual Min Total Time": 5.083, "Actual Max Total Time": 5.083, "Actual Total Rows": 2, "Index Cond": "(id = mi_idx.info_type_id)", "Rows Removed by Index Recheck": 0, "Filter": "((info)::text = 'bottom 10 rank'::text)", "Rows Removed by Filter": 2643}]}, {"Node Type": "Index Scan", "Parent Relationship": "Inner", "Scan Direction": "Forward", "Index Name": "movie_id_movie_companies", "Relation Name": "movie_companies", "Alias": "mc", "Startup Cost": 0.0, "Total Cost": 0.36, "Plan Rows": 2, "Plan Width": 12, "Actual Min Startup Time": 0.031, "Actual Max Startup Time": 0.031, "Actual Min Total Time": 0.054, "Actual Max Total Time": 0.054, "Actual Total Rows": 33, "Index Cond": "(movie_id = mi_idx.movie_id)", "Rows Removed by Index Recheck": 0}]}, {"Node Type": "Index Scan", "Parent Relationship": "Inner", "Scan Direction": "Forward", "Index Name": "movie_id_movie_info", "Relation Name": "movie_info", "Alias": "mi", "Startup Cost": 0.0, "Total Cost": 0.66, "Plan Rows": 5, "Plan Width": 50, "Actual Min Startup Time": 0.54, "Actual Max Startup Time": 0.54, "Actual Min Total Time": 2.85, "Actual Max Total Time": 2.85, "Actual Total Rows": 4959, "Index Cond": "(movie_id = mc.movie_id)", "Rows Removed by Index Recheck": 0}]}, {"Node Type": "Index Scan", "Parent Relationship": "Inner", "Scan Direction": "Forward", "Index Name": "info_type_pkey", "Relation Name": "info_type", "Alias": "it1", "Startup Cost": 0.0, "Total Cost": 0.27, "Plan Rows": 1, "Plan Width": 4, "Actual Min Startup Time": 8.766, "Actual Max Startup Time": 8.766, "Actual Min Total Time": 8.766, "Actual Max Total Time": 8.766, "Actual Total Rows": 33, "Index Cond": "(id = mi.info_type_id)", "Rows Removed by Index Recheck": 0, "Filter": "((info)::text = 'budget'::text)", "Rows Removed by Filter": 4864}]}, {"Node Type": "Index Scan", "Parent Relationship": "Inner", "Scan Direction": "Forward", "Index Name": "company_name_pkey", "Relation Name": "company_name", "Alias": "cn", "Startup Cost": 0.0, "Total Cost": 0.28, "Plan Rows": 1, "Plan Width": 4, "Actual Min Startup Time": 0.3, "Actual Max Startup Time": 0.3, "Actual Min Total Time": 0.3, "Actual Max Total Time": 0.3, "Actual Total Rows": 10, "Index Cond": "(id = mc.company_id)", "Rows Removed by Index Recheck": 0, "Filter": "((country_code)::text = '[us]'::text)", "Rows Removed by Filter": 23}]}, {"Node Type": "Index Scan", "Parent Relationship": "Inner", "Scan Direction": "Forward", "Index Name": "company_type_pkey", "Relation Name": "company_type", "Alias": "ct", "Startup Cost": 0.0, "Total Cost": 0.28, "Plan Rows": 1, "Plan Width": 4, "Actual Min Startup Time": 0.033, "Actual Max Startup Time": 0.033, "Actual Min Total Time": 0.033, "Actual Max Total Time": 0.033, "Actual Total Rows": 5, "Index Cond": "(id = mc.company_type_id)", "Rows Removed by Index Recheck": 0, "Filter": "((kind IS NOT NULL) AND (((kind)::text = 'production companies'::text) OR ((kind)::text = 'distributors'::text)))", "Rows Removed by Filter": 0}]}]}, "Triggers": [], "Planner Runtime": 183.053, "Total Runtime": 242.619, "Unique SQL Id": 1682224415}}, "(64, 65)": {"explain_plan": {"Plan": {"Node Type": "Aggregate", "Strategy": "Plain", "Startup Cost": 131963.21, "Total Cost": 131963.22, "Plan Rows": 1, "Plan Width": 123, "Plans": [{"Node Type": "Nested Loop", "Parent Relationship": "Outer", "Join Type": "Inner", "Startup Cost": 0.0, "Total Cost": 131962.97, "Plan Rows": 48, "Plan Width": 59, "Inner Unique": true, "Plans": [{"Node Type": "Nested Loop", "Parent Relationship": "Outer", "Join Type": "Inner", "Startup Cost": 0.0, "Total Cost": 131949.29, "Plan Rows": 48, "Plan Width": 63, "Inner Unique": true, "Plans": [{"Node Type": "Nested Loop", "Parent Relationship": "Outer", "Join Type": "Inner", "Startup Cost": 0.0, "Total Cost": 131886.01, "Plan Rows": 220, "Plan Width": 67, "Inner Unique": true, "Plans": [{"Node Type": "Nested Loop", "Parent Relationship": "Outer", "Join Type": "Inner", "Startup Cost": 0.0, "Total Cost": 131569.04, "Plan Rows": 1122, "Plan Width": 71, "Inner Unique": false, "Join Filter": "(t.id = mi.movie_id)", "Plans": [{"Node Type": "Nested Loop", "Parent Relationship": "Outer", "Join Type": "Inner", "Startup Cost": 0.0, "Total Cost": 131416.38, "Plan Rows": 210, "Plan Width": 37, "Inner Unique": false, "Join Filter": "(t.id = mc.movie_id)", "Plans": [{"Node Type": "Nested Loop", "Parent Relationship": "Outer", "Join Type": "Inner", "Startup Cost": 0.0, "Total Cost": 131295.61, "Plan Rows": 311, "Plan Width": 25, "Inner Unique": true, "Plans": [{"Node Type": "Nested Loop", "Parent Relationship": "Outer", "Join Type": "Inner", "Startup Cost": 0.0, "Total Cost": 131183.74, "Plan Rows": 396, "Plan Width": 29, "Inner Unique": false, "Plans": [{"Node Type": "Index Scan", "Parent Relationship": "Outer", "Scan Direction": "Forward", "Index Name": "title_pkey", "Relation Name": "title", "Alias": "t", "Startup Cost": 0.0, "Total Cost": 129082.82, "Plan Rows": 258, "Plan Width": 21, "Filter": "((production_year > 2000) AND (((title)::text ~~ 'Birdemic%'::text) OR ((title)::text ~~ '%Movie%'::text)))"}, {"Node Type": "Index Scan", "Parent Relationship": "Inner", "Scan Direction": "Forward", "Index Name": "movie_id_movie_info_idx", "Relation Name": "movie_info_idx", "Alias": "mi_idx", "Startup Cost": 0.0, "Total Cost": 8.12, "Plan Rows": 2, "Plan Width": 8, "Index Cond": "(movie_id = t.id)"}]}, {"Node Type": "Index Scan", "Parent Relationship": "Inner", "Scan Direction": "Forward", "Index Name": "info_type_pkey", "Relation Name": "info_type", "Alias": "it2", "Startup Cost": 0.0, "Total Cost": 0.27, "Plan Rows": 1, "Plan Width": 4, "Index Cond": "(id = mi_idx.info_type_id)", "Filter": "((info)::text = 'bottom 10 rank'::text)"}]}, {"Node Type": "Index Scan", "Parent Relationship": "Inner", "Scan Direction": "Forward", "Index Name": "movie_id_movie_companies", "Relation Name": "movie_companies", "Alias": "mc", "Startup Cost": 0.0, "Total Cost": 0.36, "Plan Rows": 2, "Plan Width": 12, "Index Cond": "(movie_id = mi_idx.movie_id)"}]}, {"Node Type": "Index Scan", "Parent Relationship": "Inner", "Scan Direction": "Forward", "Index Name": "movie_id_movie_info", "Relation Name": "movie_info", "Alias": "mi", "Startup Cost": 0.0, "Total Cost": 0.66, "Plan Rows": 5, "Plan Width": 50, "Index Cond": "(movie_id = mc.movie_id)"}]}, {"Node Type": "Index Scan", "Parent Relationship": "Inner", "Scan Direction": "Forward", "Index Name": "info_type_pkey", "Relation Name": "info_type", "Alias": "it1", "Startup Cost": 0.0, "Total Cost": 0.27, "Plan Rows": 1, "Plan Width": 4, "Index Cond": "(id = mi.info_type_id)", "Filter": "((info)::text = 'budget'::text)"}]}, {"Node Type": "Index Scan", "Parent Relationship": "Inner", "Scan Direction": "Forward", "Index Name": "company_name_pkey", "Relation Name": "company_name", "Alias": "cn", "Startup Cost": 0.0, "Total Cost": 0.28, "Plan Rows": 1, "Plan Width": 4, "Index Cond": "(id = mc.company_id)", "Filter": "((country_code)::text = '[us]'::text)"}]}, {"Node Type": "Index Scan", "Parent Relationship": "Inner", "Scan Direction": "Forward", "Index Name": "company_type_pkey", "Relation Name": "company_type", "Alias": "ct", "Startup Cost": 0.0, "Total Cost": 0.28, "Plan Rows": 1, "Plan Width": 4, "Index Cond": "(id = mc.company_type_id)", "Filter": "((kind IS NOT NULL) AND (((kind)::text = 'production companies'::text) OR ((kind)::text = 'distributors'::text)))"}]}]}, "Unique SQL Id": 1682224415}, "explain_analyze_plan": null}, "(64, 66)": {"explain_plan": {"Plan": {"Node Type": "Aggregate", "Strategy": "Plain", "Startup Cost": 69668.79, "Total Cost": 69668.8, "Plan Rows": 1, "Plan Width": 123, "Plans": [{"Node Type": "Nested Loop", "Parent Relationship": "Outer", "Join Type": "Inner", "Startup Cost": 11.05, "Total Cost": 69668.55, "Plan Rows": 48, "Plan Width": 59, "Inner Unique": true, "Plans": [{"Node Type": "Hash Join", "Parent Relationship": "Outer", "Join Type": "Inner", "Startup Cost": 10.79, "Total Cost": 69248.78, "Plan Rows": 98, "Plan Width": 63, "Inner Unique": true, "Hash Cond": "(mc.company_type_id = ct.id)", "Plans": [{"Node Type": "Nested Loop", "Parent Relationship": "Outer", "Join Type": "Inner", "Startup Cost": 9.72, "Total Cost": 69244.96, "Plan Rows": 220, "Plan Width": 67, "Inner Unique": false, "Join Filter": "(t.id = mc.movie_id)", "Plans": [{"Node Type": "Hash Join", "Parent Relationship": "Outer", "Join Type": "Inner", "Startup Cost": 9.45, "Total Cost": 68800.19, "Plan Rows": 103, "Plan Width": 71, "Inner Unique": true, "Hash Cond": "(mi.info_type_id = it1.id)", "Plans": [{"Node Type": "Nested Loop", "Parent Relationship": "Outer", "Join Type": "Inner", "Startup Cost": 7.04, "Total Cost": 68793.38, "Plan Rows": 1659, "Plan Width": 75, "Inner Unique": false, "Join Filter": "(t.id = mi.movie_id)", "Plans": [{"Node Type": "Hash Join", "Parent Relationship": "Outer", "Join Type": "Inner", "Startup Cost": 6.58, "Total Cost": 67369.48, "Plan Rows": 311, "Plan Width": 25, "Inner Unique": true, "Hash Cond": "(mi_idx.info_type_id = it2.id)", "Plans": [{"Node Type": "Nested Loop", "Parent Relationship": "Outer", "Join Type": "Inner", "Startup Cost": 4.17, "Total Cost": 67365.09, "Plan Rows": 396, "Plan Width": 29, "Inner Unique": false, "Plans": [{"Node Type": "Streaming(type: LOCAL GATHER dop: 1/64)", "Parent Relationship": "Outer", "Startup Cost": 0.0, "Total Cost": 64240.19, "Plan Rows": 258, "Plan Width": 21, "Plans": [{"Node Type": "Seq Scan", "Parent Relationship": "Outer", "Relation Name": "title", "Alias": "t", "Startup Cost": 0.0, "Total Cost": 64234.87, "Plan Rows": 258, "Plan Width": 21, "Filter": "((production_year > 2000) AND (((title)::text ~~ 'Birdemic%'::text) OR ((title)::text ~~ '%Movie%'::text)))"}]}, {"Node Type": "Bitmap Heap Scan", "Parent Relationship": "Inner", "Relation Name": "movie_info_idx", "Alias": "mi_idx", "Startup Cost": 4.17, "Total Cost": 12.09, "Plan Rows": 2, "Plan Width": 8, "Recheck Cond": "(movie_id = t.id)", "Plans": [{"Node Type": "Bitmap Index Scan", "Parent Relationship": "Outer", "Index Name": "movie_id_movie_info_idx", "Startup Cost": 0.0, "Total Cost": 4.17, "Plan Rows": 2, "Plan Width": 0, "Index Cond": "(movie_id = t.id)"}]}]}, {"Node Type": "Hash", "Parent Relationship": "Inner", "Startup Cost": 2.4, "Total Cost": 2.4, "Plan Rows": 1, "Plan Width": 4, "Plans": [{"Node Type": "Seq Scan", "Parent Relationship": "Outer", "Relation Name": "info_type", "Alias": "it2", "Startup Cost": 0.0, "Total Cost": 2.4, "Plan Rows": 1, "Plan Width": 4, "Filter": "((info)::text = 'bottom 10 rank'::text)"}]}]}, {"Node Type": "Bitmap Heap Scan", "Parent Relationship": "Inner", "Relation Name": "movie_info", "Alias": "mi", "Startup Cost": 0.45, "Total Cost": 4.52, "Plan Rows": 5, "Plan Width": 50, "Recheck Cond": "(movie_id = mi_idx.movie_id)", "Plans": [{"Node Type": "Bitmap Index Scan", "Parent Relationship": "Outer", "Index Name": "movie_id_movie_info", "Startup Cost": 0.0, "Total Cost": 0.45, "Plan Rows": 5, "Plan Width": 0, "Index Cond": "(movie_id = mi_idx.movie_id)"}]}]}, {"Node Type": "Hash", "Parent Relationship": "Inner", "Startup Cost": 2.4, "Total Cost": 2.4, "Plan Rows": 1, "Plan Width": 4, "Plans": [{"Node Type": "Seq Scan", "Parent Relationship": "Outer", "Relation Name": "info_type", "Alias": "it1", "Startup Cost": 0.0, "Total Cost": 2.4, "Plan Rows": 1, "Plan Width": 4, "Filter": "((info)::text = 'budget'::text)"}]}]}, {"Node Type": "Bitmap Heap Scan", "Parent Relationship": "Inner", "Relation Name": "movie_companies", "Alias": "mc", "Startup Cost": 0.27, "Total Cost": 4.29, "Plan Rows": 2, "Plan Width": 12, "Recheck Cond": "(movie_id = mi.movie_id)", "Plans": [{"Node Type": "Bitmap Index Scan", "Parent Relationship": "Outer", "Index Name": "movie_id_movie_companies", "Startup Cost": 0.0, "Total Cost": 0.27, "Plan Rows": 2, "Plan Width": 0, "Index Cond": "(movie_id = mi.movie_id)"}]}]}, {"Node Type": "Hash", "Parent Relationship": "Inner", "Startup Cost": 1.04, "Total Cost": 1.04, "Plan Rows": 2, "Plan Width": 4, "Plans": [{"Node Type": "Seq Scan", "Parent Relationship": "Outer", "Relation Name": "company_type", "Alias": "ct", "Startup Cost": 0.0, "Total Cost": 1.04, "Plan Rows": 2, "Plan Width": 4, "Filter": "((kind IS NOT NULL) AND (((kind)::text = 'production companies'::text) OR ((kind)::text = 'distributors'::text)))"}]}]}, {"Node Type": "Bitmap Heap Scan", "Parent Relationship": "Inner", "Relation Name": "company_name", "Alias": "cn", "Startup Cost": 0.26, "Total Cost": 4.27, "Plan Rows": 1, "Plan Width": 4, "Recheck Cond": "(id = mc.company_id)", "Filter": "((country_code)::text = '[us]'::text)", "Plans": [{"Node Type": "Bitmap Index Scan", "Parent Relationship": "Outer", "Index Name": "company_name_pkey", "Startup Cost": 0.0, "Total Cost": 0.26, "Plan Rows": 1, "Plan Width": 0, "Index Cond": "(id = mc.company_id)"}]}]}]}, "Unique SQL Id": 1682224415}, "explain_analyze_plan": {"Plan": {"Node Type": "Aggregate", "Strategy": "Plain", "Startup Cost": 69668.79, "Total Cost": 69668.8, "Plan Rows": 1, "Plan Width": 123, "Actual Min Startup Time": 210.912, "Actual Max Startup Time": 210.912, "Actual Min Total Time": 210.912, "Actual Max Total Time": 210.912, "Actual Total Rows": 1, "Plans": [{"Node Type": "Nested Loop", "Parent Relationship": "Outer", "Join Type": "Inner", "Startup Cost": 11.05, "Total Cost": 69668.55, "Plan Rows": 48, "Plan Width": 59, "Actual Min Startup Time": 178.71, "Actual Max Startup Time": 178.71, "Actual Min Total Time": 210.852, "Actual Max Total Time": 210.852, "Actual Total Rows": 5, "Inner Unique": true, "Plans": [{"Node Type": "Hash Join", "Parent Relationship": "Outer", "Join Type": "Inner", "Startup Cost": 10.79, "Total Cost": 69248.78, "Plan Rows": 98, "Plan Width": 63, "Actual Min Startup Time": 178.682, "Actual Max Startup Time": 178.682, "Actual Min Total Time": 210.726, "Actual Max Total Time": 210.726, "Actual Total Rows": 5, "Inner Unique": true, "Hash Cond": "(mc.company_type_id = ct.id)", "Plans": [{"Node Type": "Nested Loop", "Parent Relationship": "Outer", "Join Type": "Inner", "Startup Cost": 9.72, "Total Cost": 69244.96, "Plan Rows": 220, "Plan Width": 67, "Actual Min Startup Time": 178.497, "Actual Max Startup Time": 178.497, "Actual Min Total Time": 210.553, "Actual Max Total Time": 210.553, "Actual Total Rows": 33, "Inner Unique": false, "Join Filter": "(t.id = mc.movie_id)", "Rows Removed by Join Filter": 0, "Plans": [{"Node Type": "Hash Join", "Parent Relationship": "Outer", "Join Type": "Inner", "Startup Cost": 9.45, "Total Cost": 68800.19, "Plan Rows": 103, "Plan Width": 71, "Actual Min Startup Time": 178.448, "Actual Max Startup Time": 178.448, "Actual Min Total Time": 210.435, "Actual Max Total Time": 210.435, "Actual Total Rows": 2, "Inner Unique": true, "Hash Cond": "(mi.info_type_id = it1.id)", "Plans": [{"Node Type": "Nested Loop", "Parent Relationship": "Outer", "Join Type": "Inner", "Startup Cost": 7.04, "Total Cost": 68793.38, "Plan Rows": 1659, "Plan Width": 75, "Actual Min Startup Time": 178.179, "Actual Max Startup Time": 178.179, "Actual Min Total Time": 210.297, "Actual Max Total Time": 210.297, "Actual Total Rows": 221, "Inner Unique": false, "Join Filter": "(t.id = mi.movie_id)", "Rows Removed by Join Filter": 0, "Plans": [{"Node Type": "Hash Join", "Parent Relationship": "Outer", "Join Type": "Inner", "Startup Cost": 6.58, "Total Cost": 67369.48, "Plan Rows": 311, "Plan Width": 25, "Actual Min Startup Time": 178.123, "Actual Max Startup Time": 178.123, "Actual Min Total Time": 209.871, "Actual Max Total Time": 209.871, "Actual Total Rows": 2, "Inner Unique": true, "Hash Cond": "(mi_idx.info_type_id = it2.id)", "Plans": [{"Node Type": "Nested Loop", "Parent Relationship": "Outer", "Join Type": "Inner", "Startup Cost": 4.17, "Total Cost": 67365.09, "Plan Rows": 396, "Plan Width": 29, "Actual Min Startup Time": 127.134, "Actual Max Startup Time": 127.134, "Actual Min Total Time": 209.21, "Actual Max Total Time": 209.21, "Actual Total Rows": 2645, "Inner Unique": false, "Plans": [{"Node Type": "Streaming(type: LOCAL GATHER dop: 1/64)", "Parent Relationship": "Outer", "Startup Cost": 0.0, "Total Cost": 64240.19, "Plan Rows": 258, "Plan Width": 21, "Actual Min Startup Time": 127.047, "Actual Max Startup Time": 127.047, "Actual Min Total Time": 189.573, "Actual Max Total Time": 189.573, "Actual Total Rows": 2536, "Plans": [{"Node Type": "Seq Scan", "Parent Relationship": "Outer", "Relation Name": "title", "Alias": "t", "Startup Cost": 0.0, "Total Cost": 64234.87, "Plan Rows": 258, "Plan Width": 21, "Actual Min Startup Time": 0.035, "Actual Max Startup Time": 7.255, "Actual Min Total Time": 19.36, "Actual Max Total Time": 24.008, "Actual Total Rows": 2536, "Filter": "((production_year > 2000) AND (((title)::text ~~ 'Birdemic%'::text) OR ((title)::text ~~ '%Movie%'::text)))", "Rows Removed by Filter": 2525775}]}, {"Node Type": "Bitmap Heap Scan", "Parent Relationship": "Inner", "Relation Name": "movie_info_idx", "Alias": "mi_idx", "Startup Cost": 4.17, "Total Cost": 12.09, "Plan Rows": 2, "Plan Width": 8, "Actual Min Startup Time": 15.758, "Actual Max Startup Time": 15.758, "Actual Min Total Time": 16.148, "Actual Max Total Time": 16.148, "Actual Total Rows": 2645, "Recheck Cond": "(movie_id = t.id)", "Rows Removed by Index Recheck": 0, "Exact Heap Blocks": 890, "Lossy Heap Blocks": 890, "Plans": [{"Node Type": "Bitmap Index Scan", "Parent Relationship": "Outer", "Index Name": "movie_id_movie_info_idx", "Startup Cost": 0.0, "Total Cost": 4.17, "Plan Rows": 2, "Plan Width": 0, "Actual Min Startup Time": 11.634, "Actual Max Startup Time": 11.634, "Actual Min Total Time": 11.634, "Actual Max Total Time": 11.634, "Actual Total Rows": 2645, "Index Cond": "(movie_id = t.id)"}]}]}, {"Node Type": "Hash", "Parent Relationship": "Inner", "Startup Cost": 2.4, "Total Cost": 2.4, "Plan Rows": 1, "Plan Width": 4, "Actual Min Startup Time": 0.055, "Actual Max Startup Time": 0.055, "Actual Min Total Time": 0.055, "Actual Max Total Time": 0.055, "Actual Total Rows": 1, "Max Hash Buckets": 32768, "Min Hash Buckets": 32768, "Max Hash Batches": 1, "Min Hash Batches": 1, "Max Original Hash Batches": 1, "Min Original Hash Batches": 1, "Max Peak Memory Usage": 1, "min Peak Memory Usage": 1, "Plans": [{"Node Type": "Seq Scan", "Parent Relationship": "Outer", "Relation Name": "info_type", "Alias": "it2", "Startup Cost": 0.0, "Total Cost": 2.4, "Plan Rows": 1, "Plan Width": 4, "Actual Min Startup Time": 0.048, "Actual Max Startup Time": 0.048, "Actual Min Total Time": 0.049, "Actual Max Total Time": 0.049, "Actual Total Rows": 1, "Filter": "((info)::text = 'bottom 10 rank'::text)", "Rows Removed by Filter": 111}]}]}, {"Node Type": "Bitmap Heap Scan", "Parent Relationship": "Inner", "Relation Name": "movie_info", "Alias": "mi", "Startup Cost": 0.45, "Total Cost": 4.52, "Plan Rows": 5, "Plan Width": 50, "Actual Min Startup Time": 0.074, "Actual Max Startup Time": 0.074, "Actual Min Total Time": 0.282, "Actual Max Total Time": 0.282, "Actual Total Rows": 221, "Recheck Cond": "(movie_id = mi_idx.movie_id)", "Rows Removed by Index Recheck": 0, "Exact Heap Blocks": 40, "Lossy Heap Blocks": 40, "Plans": [{"Node Type": "Bitmap Index Scan", "Parent Relationship": "Outer", "Index Name": "movie_id_movie_info", "Startup Cost": 0.0, "Total Cost": 0.45, "Plan Rows": 5, "Plan Width": 0, "Actual Min Startup Time": 0.054, "Actual Max Startup Time": 0.054, "Actual Min Total Time": 0.054, "Actual Max Total Time": 0.054, "Actual Total Rows": 221, "Index Cond": "(movie_id = mi_idx.movie_id)"}]}]}, {"Node Type": "Hash", "Parent Relationship": "Inner", "Startup Cost": 2.4, "Total Cost": 2.4, "Plan Rows": 1, "Plan Width": 4, "Actual Min Startup Time": 0.059, "Actual Max Startup Time": 0.059, "Actual Min Total Time": 0.059, "Actual Max Total Time": 0.059, "Actual Total Rows": 1, "Max Hash Buckets": 32768, "Min Hash Buckets": 32768, "Max Hash Batches": 1, "Min Hash Batches": 1, "Max Original Hash Batches": 1, "Min Original Hash Batches": 1, "Max Peak Memory Usage": 1, "min Peak Memory Usage": 1, "Plans": [{"Node Type": "Seq Scan", "Parent Relationship": "Outer", "Relation Name": "info_type", "Alias": "it1", "Startup Cost": 0.0, "Total Cost": 2.4, "Plan Rows": 1, "Plan Width": 4, "Actual Min Startup Time": 0.051, "Actual Max Startup Time": 0.051, "Actual Min Total Time": 0.054, "Actual Max Total Time": 0.054, "Actual Total Rows": 1, "Filter": "((info)::text = 'budget'::text)", "Rows Removed by Filter": 111}]}]}, {"Node Type": "Bitmap Heap Scan", "Parent Relationship": "Inner", "Relation Name": "movie_companies", "Alias": "mc", "Startup Cost": 0.27, "Total Cost": 4.29, "Plan Rows": 2, "Plan Width": 12, "Actual Min Startup Time": 0.062, "Actual Max Startup Time": 0.062, "Actual Min Total Time": 0.074, "Actual Max Total Time": 0.074, "Actual Total Rows": 33, "Recheck Cond": "(movie_id = mi.movie_id)", "Rows Removed by Index Recheck": 0, "Exact Heap Blocks": 4, "Lossy Heap Blocks": 4, "Plans": [{"Node Type": "Bitmap Index Scan", "Parent Relationship": "Outer", "Index Name": "movie_id_movie_companies", "Startup Cost": 0.0, "Total Cost": 0.27, "Plan Rows": 2, "Plan Width": 0, "Actual Min Startup Time": 0.04, "Actual Max Startup Time": 0.04, "Actual Min Total Time": 0.04, "Actual Max Total Time": 0.04, "Actual Total Rows": 33, "Index Cond": "(movie_id = mi.movie_id)"}]}]}, {"Node Type": "Hash", "Parent Relationship": "Inner", "Startup Cost": 1.04, "Total Cost": 1.04, "Plan Rows": 2, "Plan Width": 4, "Actual Min Startup Time": 0.077, "Actual Max Startup Time": 0.077, "Actual Min Total Time": 0.077, "Actual Max Total Time": 0.077, "Actual Total Rows": 1, "Max Hash Buckets": 32768, "Min Hash Buckets": 32768, "Max Hash Batches": 1, "Min Hash Batches": 1, "Max Original Hash Batches": 1, "Min Original Hash Batches": 1, "Max Peak Memory Usage": 1, "min Peak Memory Usage": 1, "Plans": [{"Node Type": "Seq Scan", "Parent Relationship": "Outer", "Relation Name": "company_type", "Alias": "ct", "Startup Cost": 0.0, "Total Cost": 1.04, "Plan Rows": 2, "Plan Width": 4, "Actual Min Startup Time": 0.054, "Actual Max Startup Time": 0.054, "Actual Min Total Time": 0.062, "Actual Max Total Time": 0.062, "Actual Total Rows": 1, "Filter": "((kind IS NOT NULL) AND (((kind)::text = 'production companies'::text) OR ((kind)::text = 'distributors'::text)))", "Rows Removed by Filter": 2}]}]}, {"Node Type": "Bitmap Heap Scan", "Parent Relationship": "Inner", "Relation Name": "company_name", "Alias": "cn", "Startup Cost": 0.26, "Total Cost": 4.27, "Plan Rows": 1, "Plan Width": 4, "Actual Min Startup Time": 0.095, "Actual Max Startup Time": 0.095, "Actual Min Total Time": 0.095, "Actual Max Total Time": 0.095, "Actual Total Rows": 5, "Recheck Cond": "(id = mc.company_id)", "Rows Removed by Index Recheck": 0, "Filter": "((country_code)::text = '[us]'::text)", "Rows Removed by Filter": 0, "Exact Heap Blocks": 5, "Lossy Heap Blocks": 5, "Plans": [{"Node Type": "Bitmap Index Scan", "Parent Relationship": "Outer", "Index Name": "company_name_pkey", "Startup Cost": 0.0, "Total Cost": 0.26, "Plan Rows": 1, "Plan Width": 0, "Actual Min Startup Time": 0.05, "Actual Max Startup Time": 0.05, "Actual Min Total Time": 0.05, "Actual Max Total Time": 0.05, "Actual Total Rows": 5, "Index Cond": "(id = mc.company_id)"}]}]}]}, "Triggers": [], "Planner Runtime": 186.452, "Total Runtime": 223.272, "Unique SQL Id": 1682224415}}, "(64, 67)": {"explain_plan": {"Plan": {"Node Type": "Aggregate", "Strategy": "Plain", "Startup Cost": 135054.09, "Total Cost": 135054.1, "Plan Rows": 1, "Plan Width": 123, "Plans": [{"Node Type": "Nested Loop", "Parent Relationship": "Outer", "Join Type": "Inner", "Startup Cost": 49673.73, "Total Cost": 135053.85, "Plan Rows": 48, "Plan Width": 59, "Inner Unique": true, "Plans": [{"Node Type": "Nested Loop", "Parent Relationship": "Outer", "Join Type": "Inner", "Startup Cost": 49673.47, "Total Cost": 134985.31, "Plan Rows": 16, "Plan Width": 63, "Inner Unique": true, "Plans": [{"Node Type": "Nested Loop", "Parent Relationship": "Outer", "Join Type": "Inner", "Startup Cost": 49673.21, "Total Cost": 134766.76, "Plan Rows": 51, "Plan Width": 67, "Inner Unique": true, "Plans": [{"Node Type": "Nested Loop", "Parent Relationship": "Outer", "Join Type": "Inner", "Startup Cost": 49672.95, "Total Cost": 134488.39, "Plan Rows": 65, "Plan Width": 71, "Inner Unique": false, "Join Filter": "(t.id = mi_idx.movie_id)", "Plans": [{"Node Type": "Hash Join", "Parent Relationship": "Outer", "Join Type": "Inner", "Startup Cost": 49672.69, "Total Cost": 134307.08, "Plan Rows": 42, "Plan Width": 79, "Inner Unique": true, "Hash Cond": "(mi.info_type_id = it1.id)", "Plans": [{"Node Type": "Nested Loop", "Parent Relationship": "Outer", "Join Type": "Inner", "Startup Cost": 49658.46, "Total Cost": 134284.94, "Plan Rows": 2989, "Plan Width": 83, "Inner Unique": false, "Join Filter": "(t.id = mi.movie_id)", "Plans": [{"Node Type": "Nested Loop", "Parent Relationship": "Outer", "Join Type": "Inner", "Startup Cost": 49658.09, "Total Cost": 131831.96, "Plan Rows": 545, "Plan Width": 33, "Inner Unique": false, "Plans": [{"Node Type": "Bitmap Heap Scan", "Parent Relationship": "Outer", "Relation Name": "title", "Alias": "t", "Startup Cost": 49653.87, "Total Cost": 128685.31, "Plan Rows": 258, "Plan Width": 21, "Filter": "((production_year > 2000) AND (((title)::text ~~ 'Birdemic%'::text) OR ((title)::text ~~ '%Movie%'::text)))", "Plans": [{"Node Type": "Bitmap Index Scan", "Parent Relationship": "Outer", "Index Name": "title_pkey", "Startup Cost": 0.0, "Total Cost": 49653.81, "Plan Rows": 2528311, "Plan Width": 0}]}, {"Node Type": "Bitmap Heap Scan", "Parent Relationship": "Inner", "Relation Name": "movie_companies", "Alias": "mc", "Startup Cost": 4.22, "Total Cost": 12.18, "Plan Rows": 2, "Plan Width": 12, "Recheck Cond": "(movie_id = t.id)", "Plans": [{"Node Type": "Bitmap Index Scan", "Parent Relationship": "Outer", "Index Name": "movie_id_movie_companies", "Startup Cost": 0.0, "Total Cost": 4.22, "Plan Rows": 2, "Plan Width": 0, "Index Cond": "(movie_id = t.id)"}]}]}, {"Node Type": "Bitmap Heap Scan", "Parent Relationship": "Inner", "Relation Name": "movie_info", "Alias": "mi", "Startup Cost": 0.38, "Total Cost": 4.44, "Plan Rows": 5, "Plan Width": 50, "Recheck Cond": "(movie_id = mc.movie_id)", "Plans": [{"Node Type": "Bitmap Index Scan", "Parent Relationship": "Outer", "Index Name": "movie_id_movie_info", "Startup Cost": 0.0, "Total Cost": 0.37, "Plan Rows": 5, "Plan Width": 0, "Index Cond": "(movie_id = mc.movie_id)"}]}]}, {"Node Type": "Hash", "Parent Relationship": "Inner", "Startup Cost": 14.21, "Total Cost": 14.21, "Plan Rows": 1, "Plan Width": 4, "Plans": [{"Node Type": "Bitmap Heap Scan", "Parent Relationship": "Outer", "Relation Name": "info_type", "Alias": "it1", "Startup Cost": 8.81, "Total Cost": 14.21, "Plan Rows": 1, "Plan Width": 4, "Filter": "((info)::text = 'budget'::text)", "Plans": [{"Node Type": "Bitmap Index Scan", "Parent Relationship": "Outer", "Index Name": "info_type_pkey", "Startup Cost": 0.0, "Total Cost": 8.81, "Plan Rows": 112, "Plan Width": 0}]}]}]}, {"Node Type": "Bitmap Heap Scan", "Parent Relationship": "Inner", "Relation Name": "movie_info_idx", "Alias": "mi_idx", "Startup Cost": 0.27, "Total Cost": 4.29, "Plan Rows": 2, "Plan Width": 8, "Recheck Cond": "(movie_id = mi.movie_id)", "Plans": [{"Node Type": "Bitmap Index Scan", "Parent Relationship": "Outer", "Index Name": "movie_id_movie_info_idx", "Startup Cost": 0.0, "Total Cost": 0.27, "Plan Rows": 2, "Plan Width": 0, "Index Cond": "(movie_id = mi.movie_id)"}]}]}, {"Node Type": "Bitmap Heap Scan", "Parent Relationship": "Inner", "Relation Name": "info_type", "Alias": "it2", "Startup Cost": 0.26, "Total Cost": 4.27, "Plan Rows": 1, "Plan Width": 4, "Recheck Cond": "(id = mi_idx.info_type_id)", "Filter": "((info)::text = 'bottom 10 rank'::text)", "Plans": [{"Node Type": "Bitmap Index Scan", "Parent Relationship": "Outer", "Index Name": "info_type_pkey", "Startup Cost": 0.0, "Total Cost": 0.26, "Plan Rows": 1, "Plan Width": 0, "Index Cond": "(id = mi_idx.info_type_id)"}]}]}, {"Node Type": "Bitmap Heap Scan", "Parent Relationship": "Inner", "Relation Name": "company_type", "Alias": "ct", "Startup Cost": 0.26, "Total Cost": 4.28, "Plan Rows": 1, "Plan Width": 4, "Recheck Cond": "(id = mc.company_type_id)", "Filter": "((kind IS NOT NULL) AND (((kind)::text = 'production companies'::text) OR ((kind)::text = 'distributors'::text)))", "Plans": [{"Node Type": "Bitmap Index Scan", "Parent Relationship": "Outer", "Index Name": "company_type_pkey", "Startup Cost": 0.0, "Total Cost": 0.26, "Plan Rows": 1, "Plan Width": 0, "Index Cond": "(id = mc.company_type_id)"}]}]}, {"Node Type": "Bitmap Heap Scan", "Parent Relationship": "Inner", "Relation Name": "company_name", "Alias": "cn", "Startup Cost": 0.26, "Total Cost": 4.27, "Plan Rows": 1, "Plan Width": 4, "Recheck Cond": "(id = mc.company_id)", "Filter": "((country_code)::text = '[us]'::text)", "Plans": [{"Node Type": "Bitmap Index Scan", "Parent Relationship": "Outer", "Index Name": "company_name_pkey", "Startup Cost": 0.0, "Total Cost": 0.26, "Plan Rows": 1, "Plan Width": 0, "Index Cond": "(id = mc.company_id)"}]}]}]}, "Unique SQL Id": 1682224415}, "explain_analyze_plan": null}, "(64, 68)": {"explain_plan": {"Plan": {"Node Type": "Aggregate", "Strategy": "Plain", "Startup Cost": 67236.12, "Total Cost": 67236.13, "Plan Rows": 1, "Plan Width": 123, "Plans": [{"Node Type": "Nested Loop", "Parent Relationship": "Outer", "Join Type": "Inner", "Startup Cost": 0.0, "Total Cost": 67235.88, "Plan Rows": 48, "Plan Width": 59, "Inner Unique": true, "Plans": [{"Node Type": "Nested Loop", "Parent Relationship": "Outer", "Join Type": "Inner", "Startup Cost": 0.0, "Total Cost": 67222.2, "Plan Rows": 48, "Plan Width": 63, "Inner Unique": true, "Plans": [{"Node Type": "Nested Loop", "Parent Relationship": "Outer", "Join Type": "Inner", "Startup Cost": 0.0, "Total Cost": 67158.92, "Plan Rows": 220, "Plan Width": 67, "Inner Unique": true, "Plans": [{"Node Type": "Nested Loop", "Parent Relationship": "Outer", "Join Type": "Inner", "Startup Cost": 0.0, "Total Cost": 66726.41, "Plan Rows": 1531, "Plan Width": 71, "Inner Unique": false, "Join Filter": "(t.id = mi.movie_id)", "Plans": [{"Node Type": "Nested Loop", "Parent Relationship": "Outer", "Join Type": "Inner", "Startup Cost": 0.0, "Total Cost": 66573.75, "Plan Rows": 210, "Plan Width": 37, "Inner Unique": false, "Join Filter": "(t.id = mc.movie_id)", "Plans": [{"Node Type": "Nested Loop", "Parent Relationship": "Outer", "Join Type": "Inner", "Startup Cost": 0.0, "Total Cost": 66452.98, "Plan Rows": 311, "Plan Width": 25, "Inner Unique": true, "Plans": [{"Node Type": "Nested Loop", "Parent Relationship": "Outer", "Join Type": "Inner", "Startup Cost": 0.0, "Total Cost": 66341.1, "Plan Rows": 396, "Plan Width": 29, "Inner Unique": false, "Plans": [{"Node Type": "Streaming(type: LOCAL GATHER dop: 1/64)", "Parent Relationship": "Outer", "Startup Cost": 0.0, "Total Cost": 64240.19, "Plan Rows": 258, "Plan Width": 21, "Plans": [{"Node Type": "Seq Scan", "Parent Relationship": "Outer", "Relation Name": "title", "Alias": "t", "Startup Cost": 0.0, "Total Cost": 64234.87, "Plan Rows": 258, "Plan Width": 21, "Filter": "((production_year > 2000) AND (((title)::text ~~ 'Birdemic%'::text) OR ((title)::text ~~ '%Movie%'::text)))"}]}, {"Node Type": "Index Scan", "Parent Relationship": "Inner", "Scan Direction": "Forward", "Index Name": "movie_id_movie_info_idx", "Relation Name": "movie_info_idx", "Alias": "mi_idx", "Startup Cost": 0.0, "Total Cost": 8.12, "Plan Rows": 2, "Plan Width": 8, "Index Cond": "(movie_id = t.id)"}]}, {"Node Type": "Index Scan", "Parent Relationship": "Inner", "Scan Direction": "Forward", "Index Name": "info_type_pkey", "Relation Name": "info_type", "Alias": "it2", "Startup Cost": 0.0, "Total Cost": 0.27, "Plan Rows": 1, "Plan Width": 4, "Index Cond": "(id = mi_idx.info_type_id)", "Filter": "((info)::text = 'bottom 10 rank'::text)"}]}, {"Node Type": "Index Scan", "Parent Relationship": "Inner", "Scan Direction": "Forward", "Index Name": "movie_id_movie_companies", "Relation Name": "movie_companies", "Alias": "mc", "Startup Cost": 0.0, "Total Cost": 0.36, "Plan Rows": 2, "Plan Width": 12, "Index Cond": "(movie_id = mi_idx.movie_id)"}]}, {"Node Type": "Index Scan", "Parent Relationship": "Inner", "Scan Direction": "Forward", "Index Name": "movie_id_movie_info", "Relation Name": "movie_info", "Alias": "mi", "Startup Cost": 0.0, "Total Cost": 0.66, "Plan Rows": 5, "Plan Width": 50, "Index Cond": "(movie_id = mc.movie_id)"}]}, {"Node Type": "Index Scan", "Parent Relationship": "Inner", "Scan Direction": "Forward", "Index Name": "info_type_pkey", "Relation Name": "info_type", "Alias": "it1", "Startup Cost": 0.0, "Total Cost": 0.27, "Plan Rows": 1, "Plan Width": 4, "Index Cond": "(id = mi.info_type_id)", "Filter": "((info)::text = 'budget'::text)"}]}, {"Node Type": "Index Scan", "Parent Relationship": "Inner", "Scan Direction": "Forward", "Index Name": "company_name_pkey", "Relation Name": "company_name", "Alias": "cn", "Startup Cost": 0.0, "Total Cost": 0.28, "Plan Rows": 1, "Plan Width": 4, "Index Cond": "(id = mc.company_id)", "Filter": "((country_code)::text = '[us]'::text)"}]}, {"Node Type": "Index Scan", "Parent Relationship": "Inner", "Scan Direction": "Forward", "Index Name": "company_type_pkey", "Relation Name": "company_type", "Alias": "ct", "Startup Cost": 0.0, "Total Cost": 0.28, "Plan Rows": 1, "Plan Width": 4, "Index Cond": "(id = mc.company_type_id)", "Filter": "((kind IS NOT NULL) AND (((kind)::text = 'production companies'::text) OR ((kind)::text = 'distributors'::text)))"}]}]}, "Unique SQL Id": 1682224415}, "explain_analyze_plan": {"Plan": {"Node Type": "Aggregate", "Strategy": "Plain", "Startup Cost": 67236.12, "Total Cost": 67236.13, "Plan Rows": 1, "Plan Width": 123, "Actual Min Startup Time": 230.235, "Actual Max Startup Time": 230.235, "Actual Min Total Time": 230.235, "Actual Max Total Time": 230.235, "Actual Total Rows": 1, "Plans": [{"Node Type": "Nested Loop", "Parent Relationship": "Outer", "Join Type": "Inner", "Startup Cost": 0.0, "Total Cost": 67235.88, "Plan Rows": 48, "Plan Width": 59, "Actual Min Startup Time": 208.252, "Actual Max Startup Time": 208.252, "Actual Min Total Time": 230.192, "Actual Max Total Time": 230.192, "Actual Total Rows": 5, "Inner Unique": true, "Plans": [{"Node Type": "Nested Loop", "Parent Relationship": "Outer", "Join Type": "Inner", "Startup Cost": 0.0, "Total Cost": 67222.2, "Plan Rows": 48, "Plan Width": 63, "Actual Min Startup Time": 199.281, "Actual Max Startup Time": 199.281, "Actual Min Total Time": 230.144, "Actual Max Total Time": 230.144, "Actual Total Rows": 10, "Inner Unique": true, "Plans": [{"Node Type": "Nested Loop", "Parent Relationship": "Outer", "Join Type": "Inner", "Startup Cost": 0.0, "Total Cost": 67158.92, "Plan Rows": 220, "Plan Width": 67, "Actual Min Startup Time": 195.081, "Actual Max Startup Time": 195.081, "Actual Min Total Time": 229.811, "Actual Max Total Time": 229.811, "Actual Total Rows": 33, "Inner Unique": true, "Plans": [{"Node Type": "Nested Loop", "Parent Relationship": "Outer", "Join Type": "Inner", "Startup Cost": 0.0, "Total Cost": 66726.41, "Plan Rows": 1531, "Plan Width": 71, "Actual Min Startup Time": 194.636, "Actual Max Startup Time": 194.636, "Actual Min Total Time": 218.696, "Actual Max Total Time": 218.696, "Actual Total Rows": 4959, "Inner Unique": false, "Join Filter": "(t.id = mi.movie_id)", "Rows Removed by Join Filter": 0, "Plans": [{"Node Type": "Nested Loop", "Parent Relationship": "Outer", "Join Type": "Inner", "Startup Cost": 0.0, "Total Cost": 66573.75, "Plan Rows": 210, "Plan Width": 37, "Actual Min Startup Time": 194.602, "Actual Max Startup Time": 194.602, "Actual Min Total Time": 213.994, "Actual Max Total Time": 213.994, "Actual Total Rows": 33, "Inner Unique": false, "Join Filter": "(t.id = mc.movie_id)", "Rows Removed by Join Filter": 0, "Plans": [{"Node Type": "Nested Loop", "Parent Relationship": "Outer", "Join Type": "Inner", "Startup Cost": 0.0, "Total Cost": 66452.98, "Plan Rows": 311, "Plan Width": 25, "Actual Min Startup Time": 194.574, "Actual Max Startup Time": 194.574, "Actual Min Total Time": 213.912, "Actual Max Total Time": 213.912, "Actual Total Rows": 2, "Inner Unique": true, "Plans": [{"Node Type": "Nested Loop", "Parent Relationship": "Outer", "Join Type": "Inner", "Startup Cost": 0.0, "Total Cost": 66341.1, "Plan Rows": 396, "Plan Width": 29, "Actual Min Startup Time": 98.269, "Actual Max Startup Time": 98.269, "Actual Min Total Time": 207.565, "Actual Max Total Time": 207.565, "Actual Total Rows": 2645, "Inner Unique": false, "Plans": [{"Node Type": "Streaming(type: LOCAL GATHER dop: 1/64)", "Parent Relationship": "Outer", "Startup Cost": 0.0, "Total Cost": 64240.19, "Plan Rows": 258, "Plan Width": 21, "Actual Min Startup Time": 98.169, "Actual Max Startup Time": 98.169, "Actual Min Total Time": 192.548, "Actual Max Total Time": 192.548, "Actual Total Rows": 2536, "Plans": [{"Node Type": "Seq Scan", "Parent Relationship": "Outer", "Relation Name": "title", "Alias": "t", "Startup Cost": 0.0, "Total Cost": 64234.87, "Plan Rows": 258, "Plan Width": 21, "Actual Min Startup Time": 0.04, "Actual Max Startup Time": 7.292, "Actual Min Total Time": 19.343, "Actual Max Total Time": 24.11, "Actual Total Rows": 2536, "Filter": "((production_year > 2000) AND (((title)::text ~~ 'Birdemic%'::text) OR ((title)::text ~~ '%Movie%'::text)))", "Rows Removed by Filter": 2525775}]}, {"Node Type": "Index Scan", "Parent Relationship": "Inner", "Scan Direction": "Forward", "Index Name": "movie_id_movie_info_idx", "Relation Name": "movie_info_idx", "Alias": "mi_idx", "Startup Cost": 0.0, "Total Cost": 8.12, "Plan Rows": 2, "Plan Width": 8, "Actual Min Startup Time": 12.157, "Actual Max Startup Time": 12.157, "Actual Min Total Time": 13.108, "Actual Max Total Time": 13.108, "Actual Total Rows": 2645, "Index Cond": "(movie_id = t.id)", "Rows Removed by Index Recheck": 0}]}, {"Node Type": "Index Scan", "Parent Relationship": "Inner", "Scan Direction": "Forward", "Index Name": "info_type_pkey", "Relation Name": "info_type", "Alias": "it2", "Startup Cost": 0.0, "Total Cost": 0.27, "Plan Rows": 1, "Plan Width": 4, "Actual Min Startup Time": 5.083, "Actual Max Startup Time": 5.083, "Actual Min Total Time": 5.083, "Actual Max Total Time": 5.083, "Actual Total Rows": 2, "Index Cond": "(id = mi_idx.info_type_id)", "Rows Removed by Index Recheck": 0, "Filter": "((info)::text = 'bottom 10 rank'::text)", "Rows Removed by Filter": 2643}]}, {"Node Type": "Index Scan", "Parent Relationship": "Inner", "Scan Direction": "Forward", "Index Name": "movie_id_movie_companies", "Relation Name": "movie_companies", "Alias": "mc", "Startup Cost": 0.0, "Total Cost": 0.36, "Plan Rows": 2, "Plan Width": 12, "Actual Min Startup Time": 0.031, "Actual Max Startup Time": 0.031, "Actual Min Total Time": 0.054, "Actual Max Total Time": 0.054, "Actual Total Rows": 33, "Index Cond": "(movie_id = mi_idx.movie_id)", "Rows Removed by Index Recheck": 0}]}, {"Node Type": "Index Scan", "Parent Relationship": "Inner", "Scan Direction": "Forward", "Index Name": "movie_id_movie_info", "Relation Name": "movie_info", "Alias": "mi", "Startup Cost": 0.0, "Total Cost": 0.66, "Plan Rows": 5, "Plan Width": 50, "Actual Min Startup Time": 0.54, "Actual Max Startup Time": 0.54, "Actual Min Total Time": 2.85, "Actual Max Total Time": 2.85, "Actual Total Rows": 4959, "Index Cond": "(movie_id = mc.movie_id)", "Rows Removed by Index Recheck": 0}]}, {"Node Type": "Index Scan", "Parent Relationship": "Inner", "Scan Direction": "Forward", "Index Name": "info_type_pkey", "Relation Name": "info_type", "Alias": "it1", "Startup Cost": 0.0, "Total Cost": 0.27, "Plan Rows": 1, "Plan Width": 4, "Actual Min Startup Time": 8.766, "Actual Max Startup Time": 8.766, "Actual Min Total Time": 8.766, "Actual Max Total Time": 8.766, "Actual Total Rows": 33, "Index Cond": "(id = mi.info_type_id)", "Rows Removed by Index Recheck": 0, "Filter": "((info)::text = 'budget'::text)", "Rows Removed by Filter": 4864}]}, {"Node Type": "Index Scan", "Parent Relationship": "Inner", "Scan Direction": "Forward", "Index Name": "company_name_pkey", "Relation Name": "company_name", "Alias": "cn", "Startup Cost": 0.0, "Total Cost": 0.28, "Plan Rows": 1, "Plan Width": 4, "Actual Min Startup Time": 0.3, "Actual Max Startup Time": 0.3, "Actual Min Total Time": 0.3, "Actual Max Total Time": 0.3, "Actual Total Rows": 10, "Index Cond": "(id = mc.company_id)", "Rows Removed by Index Recheck": 0, "Filter": "((country_code)::text = '[us]'::text)", "Rows Removed by Filter": 23}]}, {"Node Type": "Index Scan", "Parent Relationship": "Inner", "Scan Direction": "Forward", "Index Name": "company_type_pkey", "Relation Name": "company_type", "Alias": "ct", "Startup Cost": 0.0, "Total Cost": 0.28, "Plan Rows": 1, "Plan Width": 4, "Actual Min Startup Time": 0.033, "Actual Max Startup Time": 0.033, "Actual Min Total Time": 0.033, "Actual Max Total Time": 0.033, "Actual Total Rows": 5, "Index Cond": "(id = mc.company_type_id)", "Rows Removed by Index Recheck": 0, "Filter": "((kind IS NOT NULL) AND (((kind)::text = 'production companies'::text) OR ((kind)::text = 'distributors'::text)))", "Rows Removed by Filter": 0}]}]}, "Triggers": [], "Planner Runtime": 183.053, "Total Runtime": 242.619, "Unique SQL Id": 1682224415}}, "(64, 69)": {"explain_plan": {"Plan": {"Node Type": "Aggregate", "Strategy": "Plain", "Startup Cost": 131963.21, "Total Cost": 131963.22, "Plan Rows": 1, "Plan Width": 123, "Plans": [{"Node Type": "Nested Loop", "Parent Relationship": "Outer", "Join Type": "Inner", "Startup Cost": 0.0, "Total Cost": 131962.97, "Plan Rows": 48, "Plan Width": 59, "Inner Unique": true, "Plans": [{"Node Type": "Nested Loop", "Parent Relationship": "Outer", "Join Type": "Inner", "Startup Cost": 0.0, "Total Cost": 131949.29, "Plan Rows": 48, "Plan Width": 63, "Inner Unique": true, "Plans": [{"Node Type": "Nested Loop", "Parent Relationship": "Outer", "Join Type": "Inner", "Startup Cost": 0.0, "Total Cost": 131886.01, "Plan Rows": 220, "Plan Width": 67, "Inner Unique": true, "Plans": [{"Node Type": "Nested Loop", "Parent Relationship": "Outer", "Join Type": "Inner", "Startup Cost": 0.0, "Total Cost": 131569.04, "Plan Rows": 1122, "Plan Width": 71, "Inner Unique": false, "Join Filter": "(t.id = mi.movie_id)", "Plans": [{"Node Type": "Nested Loop", "Parent Relationship": "Outer", "Join Type": "Inner", "Startup Cost": 0.0, "Total Cost": 131416.38, "Plan Rows": 210, "Plan Width": 37, "Inner Unique": false, "Join Filter": "(t.id = mc.movie_id)", "Plans": [{"Node Type": "Nested Loop", "Parent Relationship": "Outer", "Join Type": "Inner", "Startup Cost": 0.0, "Total Cost": 131295.61, "Plan Rows": 311, "Plan Width": 25, "Inner Unique": true, "Plans": [{"Node Type": "Nested Loop", "Parent Relationship": "Outer", "Join Type": "Inner", "Startup Cost": 0.0, "Total Cost": 131183.74, "Plan Rows": 396, "Plan Width": 29, "Inner Unique": false, "Plans": [{"Node Type": "Index Scan", "Parent Relationship": "Outer", "Scan Direction": "Forward", "Index Name": "title_pkey", "Relation Name": "title", "Alias": "t", "Startup Cost": 0.0, "Total Cost": 129082.82, "Plan Rows": 258, "Plan Width": 21, "Filter": "((production_year > 2000) AND (((title)::text ~~ 'Birdemic%'::text) OR ((title)::text ~~ '%Movie%'::text)))"}, {"Node Type": "Index Scan", "Parent Relationship": "Inner", "Scan Direction": "Forward", "Index Name": "movie_id_movie_info_idx", "Relation Name": "movie_info_idx", "Alias": "mi_idx", "Startup Cost": 0.0, "Total Cost": 8.12, "Plan Rows": 2, "Plan Width": 8, "Index Cond": "(movie_id = t.id)"}]}, {"Node Type": "Index Scan", "Parent Relationship": "Inner", "Scan Direction": "Forward", "Index Name": "info_type_pkey", "Relation Name": "info_type", "Alias": "it2", "Startup Cost": 0.0, "Total Cost": 0.27, "Plan Rows": 1, "Plan Width": 4, "Index Cond": "(id = mi_idx.info_type_id)", "Filter": "((info)::text = 'bottom 10 rank'::text)"}]}, {"Node Type": "Index Scan", "Parent Relationship": "Inner", "Scan Direction": "Forward", "Index Name": "movie_id_movie_companies", "Relation Name": "movie_companies", "Alias": "mc", "Startup Cost": 0.0, "Total Cost": 0.36, "Plan Rows": 2, "Plan Width": 12, "Index Cond": "(movie_id = mi_idx.movie_id)"}]}, {"Node Type": "Index Scan", "Parent Relationship": "Inner", "Scan Direction": "Forward", "Index Name": "movie_id_movie_info", "Relation Name": "movie_info", "Alias": "mi", "Startup Cost": 0.0, "Total Cost": 0.66, "Plan Rows": 5, "Plan Width": 50, "Index Cond": "(movie_id = mc.movie_id)"}]}, {"Node Type": "Index Scan", "Parent Relationship": "Inner", "Scan Direction": "Forward", "Index Name": "info_type_pkey", "Relation Name": "info_type", "Alias": "it1", "Startup Cost": 0.0, "Total Cost": 0.27, "Plan Rows": 1, "Plan Width": 4, "Index Cond": "(id = mi.info_type_id)", "Filter": "((info)::text = 'budget'::text)"}]}, {"Node Type": "Index Scan", "Parent Relationship": "Inner", "Scan Direction": "Forward", "Index Name": "company_name_pkey", "Relation Name": "company_name", "Alias": "cn", "Startup Cost": 0.0, "Total Cost": 0.28, "Plan Rows": 1, "Plan Width": 4, "Index Cond": "(id = mc.company_id)", "Filter": "((country_code)::text = '[us]'::text)"}]}, {"Node Type": "Index Scan", "Parent Relationship": "Inner", "Scan Direction": "Forward", "Index Name": "company_type_pkey", "Relation Name": "company_type", "Alias": "ct", "Startup Cost": 0.0, "Total Cost": 0.28, "Plan Rows": 1, "Plan Width": 4, "Index Cond": "(id = mc.company_type_id)", "Filter": "((kind IS NOT NULL) AND (((kind)::text = 'production companies'::text) OR ((kind)::text = 'distributors'::text)))"}]}]}, "Unique SQL Id": 1682224415}, "explain_analyze_plan": null}, "(64, 70)": {"explain_plan": {"Plan": {"Node Type": "Aggregate", "Strategy": "Plain", "Startup Cost": 69668.79, "Total Cost": 69668.8, "Plan Rows": 1, "Plan Width": 123, "Plans": [{"Node Type": "Nested Loop", "Parent Relationship": "Outer", "Join Type": "Inner", "Startup Cost": 11.05, "Total Cost": 69668.55, "Plan Rows": 48, "Plan Width": 59, "Inner Unique": true, "Plans": [{"Node Type": "Hash Join", "Parent Relationship": "Outer", "Join Type": "Inner", "Startup Cost": 10.79, "Total Cost": 69248.78, "Plan Rows": 98, "Plan Width": 63, "Inner Unique": true, "Hash Cond": "(mc.company_type_id = ct.id)", "Plans": [{"Node Type": "Nested Loop", "Parent Relationship": "Outer", "Join Type": "Inner", "Startup Cost": 9.72, "Total Cost": 69244.96, "Plan Rows": 220, "Plan Width": 67, "Inner Unique": false, "Join Filter": "(t.id = mc.movie_id)", "Plans": [{"Node Type": "Hash Join", "Parent Relationship": "Outer", "Join Type": "Inner", "Startup Cost": 9.45, "Total Cost": 68800.19, "Plan Rows": 103, "Plan Width": 71, "Inner Unique": true, "Hash Cond": "(mi.info_type_id = it1.id)", "Plans": [{"Node Type": "Nested Loop", "Parent Relationship": "Outer", "Join Type": "Inner", "Startup Cost": 7.04, "Total Cost": 68793.38, "Plan Rows": 1659, "Plan Width": 75, "Inner Unique": false, "Join Filter": "(t.id = mi.movie_id)", "Plans": [{"Node Type": "Hash Join", "Parent Relationship": "Outer", "Join Type": "Inner", "Startup Cost": 6.58, "Total Cost": 67369.48, "Plan Rows": 311, "Plan Width": 25, "Inner Unique": true, "Hash Cond": "(mi_idx.info_type_id = it2.id)", "Plans": [{"Node Type": "Nested Loop", "Parent Relationship": "Outer", "Join Type": "Inner", "Startup Cost": 4.17, "Total Cost": 67365.09, "Plan Rows": 396, "Plan Width": 29, "Inner Unique": false, "Plans": [{"Node Type": "Streaming(type: LOCAL GATHER dop: 1/64)", "Parent Relationship": "Outer", "Startup Cost": 0.0, "Total Cost": 64240.19, "Plan Rows": 258, "Plan Width": 21, "Plans": [{"Node Type": "Seq Scan", "Parent Relationship": "Outer", "Relation Name": "title", "Alias": "t", "Startup Cost": 0.0, "Total Cost": 64234.87, "Plan Rows": 258, "Plan Width": 21, "Filter": "((production_year > 2000) AND (((title)::text ~~ 'Birdemic%'::text) OR ((title)::text ~~ '%Movie%'::text)))"}]}, {"Node Type": "Bitmap Heap Scan", "Parent Relationship": "Inner", "Relation Name": "movie_info_idx", "Alias": "mi_idx", "Startup Cost": 4.17, "Total Cost": 12.09, "Plan Rows": 2, "Plan Width": 8, "Recheck Cond": "(movie_id = t.id)", "Plans": [{"Node Type": "Bitmap Index Scan", "Parent Relationship": "Outer", "Index Name": "movie_id_movie_info_idx", "Startup Cost": 0.0, "Total Cost": 4.17, "Plan Rows": 2, "Plan Width": 0, "Index Cond": "(movie_id = t.id)"}]}]}, {"Node Type": "Hash", "Parent Relationship": "Inner", "Startup Cost": 2.4, "Total Cost": 2.4, "Plan Rows": 1, "Plan Width": 4, "Plans": [{"Node Type": "Seq Scan", "Parent Relationship": "Outer", "Relation Name": "info_type", "Alias": "it2", "Startup Cost": 0.0, "Total Cost": 2.4, "Plan Rows": 1, "Plan Width": 4, "Filter": "((info)::text = 'bottom 10 rank'::text)"}]}]}, {"Node Type": "Bitmap Heap Scan", "Parent Relationship": "Inner", "Relation Name": "movie_info", "Alias": "mi", "Startup Cost": 0.45, "Total Cost": 4.52, "Plan Rows": 5, "Plan Width": 50, "Recheck Cond": "(movie_id = mi_idx.movie_id)", "Plans": [{"Node Type": "Bitmap Index Scan", "Parent Relationship": "Outer", "Index Name": "movie_id_movie_info", "Startup Cost": 0.0, "Total Cost": 0.45, "Plan Rows": 5, "Plan Width": 0, "Index Cond": "(movie_id = mi_idx.movie_id)"}]}]}, {"Node Type": "Hash", "Parent Relationship": "Inner", "Startup Cost": 2.4, "Total Cost": 2.4, "Plan Rows": 1, "Plan Width": 4, "Plans": [{"Node Type": "Seq Scan", "Parent Relationship": "Outer", "Relation Name": "info_type", "Alias": "it1", "Startup Cost": 0.0, "Total Cost": 2.4, "Plan Rows": 1, "Plan Width": 4, "Filter": "((info)::text = 'budget'::text)"}]}]}, {"Node Type": "Bitmap Heap Scan", "Parent Relationship": "Inner", "Relation Name": "movie_companies", "Alias": "mc", "Startup Cost": 0.27, "Total Cost": 4.29, "Plan Rows": 2, "Plan Width": 12, "Recheck Cond": "(movie_id = mi.movie_id)", "Plans": [{"Node Type": "Bitmap Index Scan", "Parent Relationship": "Outer", "Index Name": "movie_id_movie_companies", "Startup Cost": 0.0, "Total Cost": 0.27, "Plan Rows": 2, "Plan Width": 0, "Index Cond": "(movie_id = mi.movie_id)"}]}]}, {"Node Type": "Hash", "Parent Relationship": "Inner", "Startup Cost": 1.04, "Total Cost": 1.04, "Plan Rows": 2, "Plan Width": 4, "Plans": [{"Node Type": "Seq Scan", "Parent Relationship": "Outer", "Relation Name": "company_type", "Alias": "ct", "Startup Cost": 0.0, "Total Cost": 1.04, "Plan Rows": 2, "Plan Width": 4, "Filter": "((kind IS NOT NULL) AND (((kind)::text = 'production companies'::text) OR ((kind)::text = 'distributors'::text)))"}]}]}, {"Node Type": "Bitmap Heap Scan", "Parent Relationship": "Inner", "Relation Name": "company_name", "Alias": "cn", "Startup Cost": 0.26, "Total Cost": 4.27, "Plan Rows": 1, "Plan Width": 4, "Recheck Cond": "(id = mc.company_id)", "Filter": "((country_code)::text = '[us]'::text)", "Plans": [{"Node Type": "Bitmap Index Scan", "Parent Relationship": "Outer", "Index Name": "company_name_pkey", "Startup Cost": 0.0, "Total Cost": 0.26, "Plan Rows": 1, "Plan Width": 0, "Index Cond": "(id = mc.company_id)"}]}]}]}, "Unique SQL Id": 1682224415}, "explain_analyze_plan": {"Plan": {"Node Type": "Aggregate", "Strategy": "Plain", "Startup Cost": 69668.79, "Total Cost": 69668.8, "Plan Rows": 1, "Plan Width": 123, "Actual Min Startup Time": 210.912, "Actual Max Startup Time": 210.912, "Actual Min Total Time": 210.912, "Actual Max Total Time": 210.912, "Actual Total Rows": 1, "Plans": [{"Node Type": "Nested Loop", "Parent Relationship": "Outer", "Join Type": "Inner", "Startup Cost": 11.05, "Total Cost": 69668.55, "Plan Rows": 48, "Plan Width": 59, "Actual Min Startup Time": 178.71, "Actual Max Startup Time": 178.71, "Actual Min Total Time": 210.852, "Actual Max Total Time": 210.852, "Actual Total Rows": 5, "Inner Unique": true, "Plans": [{"Node Type": "Hash Join", "Parent Relationship": "Outer", "Join Type": "Inner", "Startup Cost": 10.79, "Total Cost": 69248.78, "Plan Rows": 98, "Plan Width": 63, "Actual Min Startup Time": 178.682, "Actual Max Startup Time": 178.682, "Actual Min Total Time": 210.726, "Actual Max Total Time": 210.726, "Actual Total Rows": 5, "Inner Unique": true, "Hash Cond": "(mc.company_type_id = ct.id)", "Plans": [{"Node Type": "Nested Loop", "Parent Relationship": "Outer", "Join Type": "Inner", "Startup Cost": 9.72, "Total Cost": 69244.96, "Plan Rows": 220, "Plan Width": 67, "Actual Min Startup Time": 178.497, "Actual Max Startup Time": 178.497, "Actual Min Total Time": 210.553, "Actual Max Total Time": 210.553, "Actual Total Rows": 33, "Inner Unique": false, "Join Filter": "(t.id = mc.movie_id)", "Rows Removed by Join Filter": 0, "Plans": [{"Node Type": "Hash Join", "Parent Relationship": "Outer", "Join Type": "Inner", "Startup Cost": 9.45, "Total Cost": 68800.19, "Plan Rows": 103, "Plan Width": 71, "Actual Min Startup Time": 178.448, "Actual Max Startup Time": 178.448, "Actual Min Total Time": 210.435, "Actual Max Total Time": 210.435, "Actual Total Rows": 2, "Inner Unique": true, "Hash Cond": "(mi.info_type_id = it1.id)", "Plans": [{"Node Type": "Nested Loop", "Parent Relationship": "Outer", "Join Type": "Inner", "Startup Cost": 7.04, "Total Cost": 68793.38, "Plan Rows": 1659, "Plan Width": 75, "Actual Min Startup Time": 178.179, "Actual Max Startup Time": 178.179, "Actual Min Total Time": 210.297, "Actual Max Total Time": 210.297, "Actual Total Rows": 221, "Inner Unique": false, "Join Filter": "(t.id = mi.movie_id)", "Rows Removed by Join Filter": 0, "Plans": [{"Node Type": "Hash Join", "Parent Relationship": "Outer", "Join Type": "Inner", "Startup Cost": 6.58, "Total Cost": 67369.48, "Plan Rows": 311, "Plan Width": 25, "Actual Min Startup Time": 178.123, "Actual Max Startup Time": 178.123, "Actual Min Total Time": 209.871, "Actual Max Total Time": 209.871, "Actual Total Rows": 2, "Inner Unique": true, "Hash Cond": "(mi_idx.info_type_id = it2.id)", "Plans": [{"Node Type": "Nested Loop", "Parent Relationship": "Outer", "Join Type": "Inner", "Startup Cost": 4.17, "Total Cost": 67365.09, "Plan Rows": 396, "Plan Width": 29, "Actual Min Startup Time": 127.134, "Actual Max Startup Time": 127.134, "Actual Min Total Time": 209.21, "Actual Max Total Time": 209.21, "Actual Total Rows": 2645, "Inner Unique": false, "Plans": [{"Node Type": "Streaming(type: LOCAL GATHER dop: 1/64)", "Parent Relationship": "Outer", "Startup Cost": 0.0, "Total Cost": 64240.19, "Plan Rows": 258, "Plan Width": 21, "Actual Min Startup Time": 127.047, "Actual Max Startup Time": 127.047, "Actual Min Total Time": 189.573, "Actual Max Total Time": 189.573, "Actual Total Rows": 2536, "Plans": [{"Node Type": "Seq Scan", "Parent Relationship": "Outer", "Relation Name": "title", "Alias": "t", "Startup Cost": 0.0, "Total Cost": 64234.87, "Plan Rows": 258, "Plan Width": 21, "Actual Min Startup Time": 0.035, "Actual Max Startup Time": 7.255, "Actual Min Total Time": 19.36, "Actual Max Total Time": 24.008, "Actual Total Rows": 2536, "Filter": "((production_year > 2000) AND (((title)::text ~~ 'Birdemic%'::text) OR ((title)::text ~~ '%Movie%'::text)))", "Rows Removed by Filter": 2525775}]}, {"Node Type": "Bitmap Heap Scan", "Parent Relationship": "Inner", "Relation Name": "movie_info_idx", "Alias": "mi_idx", "Startup Cost": 4.17, "Total Cost": 12.09, "Plan Rows": 2, "Plan Width": 8, "Actual Min Startup Time": 15.758, "Actual Max Startup Time": 15.758, "Actual Min Total Time": 16.148, "Actual Max Total Time": 16.148, "Actual Total Rows": 2645, "Recheck Cond": "(movie_id = t.id)", "Rows Removed by Index Recheck": 0, "Exact Heap Blocks": 890, "Lossy Heap Blocks": 890, "Plans": [{"Node Type": "Bitmap Index Scan", "Parent Relationship": "Outer", "Index Name": "movie_id_movie_info_idx", "Startup Cost": 0.0, "Total Cost": 4.17, "Plan Rows": 2, "Plan Width": 0, "Actual Min Startup Time": 11.634, "Actual Max Startup Time": 11.634, "Actual Min Total Time": 11.634, "Actual Max Total Time": 11.634, "Actual Total Rows": 2645, "Index Cond": "(movie_id = t.id)"}]}]}, {"Node Type": "Hash", "Parent Relationship": "Inner", "Startup Cost": 2.4, "Total Cost": 2.4, "Plan Rows": 1, "Plan Width": 4, "Actual Min Startup Time": 0.055, "Actual Max Startup Time": 0.055, "Actual Min Total Time": 0.055, "Actual Max Total Time": 0.055, "Actual Total Rows": 1, "Max Hash Buckets": 32768, "Min Hash Buckets": 32768, "Max Hash Batches": 1, "Min Hash Batches": 1, "Max Original Hash Batches": 1, "Min Original Hash Batches": 1, "Max Peak Memory Usage": 1, "min Peak Memory Usage": 1, "Plans": [{"Node Type": "Seq Scan", "Parent Relationship": "Outer", "Relation Name": "info_type", "Alias": "it2", "Startup Cost": 0.0, "Total Cost": 2.4, "Plan Rows": 1, "Plan Width": 4, "Actual Min Startup Time": 0.048, "Actual Max Startup Time": 0.048, "Actual Min Total Time": 0.049, "Actual Max Total Time": 0.049, "Actual Total Rows": 1, "Filter": "((info)::text = 'bottom 10 rank'::text)", "Rows Removed by Filter": 111}]}]}, {"Node Type": "Bitmap Heap Scan", "Parent Relationship": "Inner", "Relation Name": "movie_info", "Alias": "mi", "Startup Cost": 0.45, "Total Cost": 4.52, "Plan Rows": 5, "Plan Width": 50, "Actual Min Startup Time": 0.074, "Actual Max Startup Time": 0.074, "Actual Min Total Time": 0.282, "Actual Max Total Time": 0.282, "Actual Total Rows": 221, "Recheck Cond": "(movie_id = mi_idx.movie_id)", "Rows Removed by Index Recheck": 0, "Exact Heap Blocks": 40, "Lossy Heap Blocks": 40, "Plans": [{"Node Type": "Bitmap Index Scan", "Parent Relationship": "Outer", "Index Name": "movie_id_movie_info", "Startup Cost": 0.0, "Total Cost": 0.45, "Plan Rows": 5, "Plan Width": 0, "Actual Min Startup Time": 0.054, "Actual Max Startup Time": 0.054, "Actual Min Total Time": 0.054, "Actual Max Total Time": 0.054, "Actual Total Rows": 221, "Index Cond": "(movie_id = mi_idx.movie_id)"}]}]}, {"Node Type": "Hash", "Parent Relationship": "Inner", "Startup Cost": 2.4, "Total Cost": 2.4, "Plan Rows": 1, "Plan Width": 4, "Actual Min Startup Time": 0.059, "Actual Max Startup Time": 0.059, "Actual Min Total Time": 0.059, "Actual Max Total Time": 0.059, "Actual Total Rows": 1, "Max Hash Buckets": 32768, "Min Hash Buckets": 32768, "Max Hash Batches": 1, "Min Hash Batches": 1, "Max Original Hash Batches": 1, "Min Original Hash Batches": 1, "Max Peak Memory Usage": 1, "min Peak Memory Usage": 1, "Plans": [{"Node Type": "Seq Scan", "Parent Relationship": "Outer", "Relation Name": "info_type", "Alias": "it1", "Startup Cost": 0.0, "Total Cost": 2.4, "Plan Rows": 1, "Plan Width": 4, "Actual Min Startup Time": 0.051, "Actual Max Startup Time": 0.051, "Actual Min Total Time": 0.054, "Actual Max Total Time": 0.054, "Actual Total Rows": 1, "Filter": "((info)::text = 'budget'::text)", "Rows Removed by Filter": 111}]}]}, {"Node Type": "Bitmap Heap Scan", "Parent Relationship": "Inner", "Relation Name": "movie_companies", "Alias": "mc", "Startup Cost": 0.27, "Total Cost": 4.29, "Plan Rows": 2, "Plan Width": 12, "Actual Min Startup Time": 0.062, "Actual Max Startup Time": 0.062, "Actual Min Total Time": 0.074, "Actual Max Total Time": 0.074, "Actual Total Rows": 33, "Recheck Cond": "(movie_id = mi.movie_id)", "Rows Removed by Index Recheck": 0, "Exact Heap Blocks": 4, "Lossy Heap Blocks": 4, "Plans": [{"Node Type": "Bitmap Index Scan", "Parent Relationship": "Outer", "Index Name": "movie_id_movie_companies", "Startup Cost": 0.0, "Total Cost": 0.27, "Plan Rows": 2, "Plan Width": 0, "Actual Min Startup Time": 0.04, "Actual Max Startup Time": 0.04, "Actual Min Total Time": 0.04, "Actual Max Total Time": 0.04, "Actual Total Rows": 33, "Index Cond": "(movie_id = mi.movie_id)"}]}]}, {"Node Type": "Hash", "Parent Relationship": "Inner", "Startup Cost": 1.04, "Total Cost": 1.04, "Plan Rows": 2, "Plan Width": 4, "Actual Min Startup Time": 0.077, "Actual Max Startup Time": 0.077, "Actual Min Total Time": 0.077, "Actual Max Total Time": 0.077, "Actual Total Rows": 1, "Max Hash Buckets": 32768, "Min Hash Buckets": 32768, "Max Hash Batches": 1, "Min Hash Batches": 1, "Max Original Hash Batches": 1, "Min Original Hash Batches": 1, "Max Peak Memory Usage": 1, "min Peak Memory Usage": 1, "Plans": [{"Node Type": "Seq Scan", "Parent Relationship": "Outer", "Relation Name": "company_type", "Alias": "ct", "Startup Cost": 0.0, "Total Cost": 1.04, "Plan Rows": 2, "Plan Width": 4, "Actual Min Startup Time": 0.054, "Actual Max Startup Time": 0.054, "Actual Min Total Time": 0.062, "Actual Max Total Time": 0.062, "Actual Total Rows": 1, "Filter": "((kind IS NOT NULL) AND (((kind)::text = 'production companies'::text) OR ((kind)::text = 'distributors'::text)))", "Rows Removed by Filter": 2}]}]}, {"Node Type": "Bitmap Heap Scan", "Parent Relationship": "Inner", "Relation Name": "company_name", "Alias": "cn", "Startup Cost": 0.26, "Total Cost": 4.27, "Plan Rows": 1, "Plan Width": 4, "Actual Min Startup Time": 0.095, "Actual Max Startup Time": 0.095, "Actual Min Total Time": 0.095, "Actual Max Total Time": 0.095, "Actual Total Rows": 5, "Recheck Cond": "(id = mc.company_id)", "Rows Removed by Index Recheck": 0, "Filter": "((country_code)::text = '[us]'::text)", "Rows Removed by Filter": 0, "Exact Heap Blocks": 5, "Lossy Heap Blocks": 5, "Plans": [{"Node Type": "Bitmap Index Scan", "Parent Relationship": "Outer", "Index Name": "company_name_pkey", "Startup Cost": 0.0, "Total Cost": 0.26, "Plan Rows": 1, "Plan Width": 0, "Actual Min Startup Time": 0.05, "Actual Max Startup Time": 0.05, "Actual Min Total Time": 0.05, "Actual Max Total Time": 0.05, "Actual Total Rows": 5, "Index Cond": "(id = mc.company_id)"}]}]}]}, "Triggers": [], "Planner Runtime": 186.452, "Total Runtime": 223.272, "Unique SQL Id": 1682224415}}, "(64, 71)": {"explain_plan": {"Plan": {"Node Type": "Aggregate", "Strategy": "Plain", "Startup Cost": 135054.09, "Total Cost": 135054.1, "Plan Rows": 1, "Plan Width": 123, "Plans": [{"Node Type": "Nested Loop", "Parent Relationship": "Outer", "Join Type": "Inner", "Startup Cost": 49673.73, "Total Cost": 135053.85, "Plan Rows": 48, "Plan Width": 59, "Inner Unique": true, "Plans": [{"Node Type": "Nested Loop", "Parent Relationship": "Outer", "Join Type": "Inner", "Startup Cost": 49673.47, "Total Cost": 134985.31, "Plan Rows": 16, "Plan Width": 63, "Inner Unique": true, "Plans": [{"Node Type": "Nested Loop", "Parent Relationship": "Outer", "Join Type": "Inner", "Startup Cost": 49673.21, "Total Cost": 134766.76, "Plan Rows": 51, "Plan Width": 67, "Inner Unique": true, "Plans": [{"Node Type": "Nested Loop", "Parent Relationship": "Outer", "Join Type": "Inner", "Startup Cost": 49672.95, "Total Cost": 134488.39, "Plan Rows": 65, "Plan Width": 71, "Inner Unique": false, "Join Filter": "(t.id = mi_idx.movie_id)", "Plans": [{"Node Type": "Hash Join", "Parent Relationship": "Outer", "Join Type": "Inner", "Startup Cost": 49672.69, "Total Cost": 134307.08, "Plan Rows": 42, "Plan Width": 79, "Inner Unique": true, "Hash Cond": "(mi.info_type_id = it1.id)", "Plans": [{"Node Type": "Nested Loop", "Parent Relationship": "Outer", "Join Type": "Inner", "Startup Cost": 49658.46, "Total Cost": 134284.94, "Plan Rows": 2989, "Plan Width": 83, "Inner Unique": false, "Join Filter": "(t.id = mi.movie_id)", "Plans": [{"Node Type": "Nested Loop", "Parent Relationship": "Outer", "Join Type": "Inner", "Startup Cost": 49658.09, "Total Cost": 131831.96, "Plan Rows": 545, "Plan Width": 33, "Inner Unique": false, "Plans": [{"Node Type": "Bitmap Heap Scan", "Parent Relationship": "Outer", "Relation Name": "title", "Alias": "t", "Startup Cost": 49653.87, "Total Cost": 128685.31, "Plan Rows": 258, "Plan Width": 21, "Filter": "((production_year > 2000) AND (((title)::text ~~ 'Birdemic%'::text) OR ((title)::text ~~ '%Movie%'::text)))", "Plans": [{"Node Type": "Bitmap Index Scan", "Parent Relationship": "Outer", "Index Name": "title_pkey", "Startup Cost": 0.0, "Total Cost": 49653.81, "Plan Rows": 2528311, "Plan Width": 0}]}, {"Node Type": "Bitmap Heap Scan", "Parent Relationship": "Inner", "Relation Name": "movie_companies", "Alias": "mc", "Startup Cost": 4.22, "Total Cost": 12.18, "Plan Rows": 2, "Plan Width": 12, "Recheck Cond": "(movie_id = t.id)", "Plans": [{"Node Type": "Bitmap Index Scan", "Parent Relationship": "Outer", "Index Name": "movie_id_movie_companies", "Startup Cost": 0.0, "Total Cost": 4.22, "Plan Rows": 2, "Plan Width": 0, "Index Cond": "(movie_id = t.id)"}]}]}, {"Node Type": "Bitmap Heap Scan", "Parent Relationship": "Inner", "Relation Name": "movie_info", "Alias": "mi", "Startup Cost": 0.38, "Total Cost": 4.44, "Plan Rows": 5, "Plan Width": 50, "Recheck Cond": "(movie_id = mc.movie_id)", "Plans": [{"Node Type": "Bitmap Index Scan", "Parent Relationship": "Outer", "Index Name": "movie_id_movie_info", "Startup Cost": 0.0, "Total Cost": 0.37, "Plan Rows": 5, "Plan Width": 0, "Index Cond": "(movie_id = mc.movie_id)"}]}]}, {"Node Type": "Hash", "Parent Relationship": "Inner", "Startup Cost": 14.21, "Total Cost": 14.21, "Plan Rows": 1, "Plan Width": 4, "Plans": [{"Node Type": "Bitmap Heap Scan", "Parent Relationship": "Outer", "Relation Name": "info_type", "Alias": "it1", "Startup Cost": 8.81, "Total Cost": 14.21, "Plan Rows": 1, "Plan Width": 4, "Filter": "((info)::text = 'budget'::text)", "Plans": [{"Node Type": "Bitmap Index Scan", "Parent Relationship": "Outer", "Index Name": "info_type_pkey", "Startup Cost": 0.0, "Total Cost": 8.81, "Plan Rows": 112, "Plan Width": 0}]}]}]}, {"Node Type": "Bitmap Heap Scan", "Parent Relationship": "Inner", "Relation Name": "movie_info_idx", "Alias": "mi_idx", "Startup Cost": 0.27, "Total Cost": 4.29, "Plan Rows": 2, "Plan Width": 8, "Recheck Cond": "(movie_id = mi.movie_id)", "Plans": [{"Node Type": "Bitmap Index Scan", "Parent Relationship": "Outer", "Index Name": "movie_id_movie_info_idx", "Startup Cost": 0.0, "Total Cost": 0.27, "Plan Rows": 2, "Plan Width": 0, "Index Cond": "(movie_id = mi.movie_id)"}]}]}, {"Node Type": "Bitmap Heap Scan", "Parent Relationship": "Inner", "Relation Name": "info_type", "Alias": "it2", "Startup Cost": 0.26, "Total Cost": 4.27, "Plan Rows": 1, "Plan Width": 4, "Recheck Cond": "(id = mi_idx.info_type_id)", "Filter": "((info)::text = 'bottom 10 rank'::text)", "Plans": [{"Node Type": "Bitmap Index Scan", "Parent Relationship": "Outer", "Index Name": "info_type_pkey", "Startup Cost": 0.0, "Total Cost": 0.26, "Plan Rows": 1, "Plan Width": 0, "Index Cond": "(id = mi_idx.info_type_id)"}]}]}, {"Node Type": "Bitmap Heap Scan", "Parent Relationship": "Inner", "Relation Name": "company_type", "Alias": "ct", "Startup Cost": 0.26, "Total Cost": 4.28, "Plan Rows": 1, "Plan Width": 4, "Recheck Cond": "(id = mc.company_type_id)", "Filter": "((kind IS NOT NULL) AND (((kind)::text = 'production companies'::text) OR ((kind)::text = 'distributors'::text)))", "Plans": [{"Node Type": "Bitmap Index Scan", "Parent Relationship": "Outer", "Index Name": "company_type_pkey", "Startup Cost": 0.0, "Total Cost": 0.26, "Plan Rows": 1, "Plan Width": 0, "Index Cond": "(id = mc.company_type_id)"}]}]}, {"Node Type": "Bitmap Heap Scan", "Parent Relationship": "Inner", "Relation Name": "company_name", "Alias": "cn", "Startup Cost": 0.26, "Total Cost": 4.27, "Plan Rows": 1, "Plan Width": 4, "Recheck Cond": "(id = mc.company_id)", "Filter": "((country_code)::text = '[us]'::text)", "Plans": [{"Node Type": "Bitmap Index Scan", "Parent Relationship": "Outer", "Index Name": "company_name_pkey", "Startup Cost": 0.0, "Total Cost": 0.26, "Plan Rows": 1, "Plan Width": 0, "Index Cond": "(id = mc.company_id)"}]}]}]}, "Unique SQL Id": 1682224415}, "explain_analyze_plan": null}, "(64, 72)": {"explain_plan": {"Plan": {"Node Type": "Aggregate", "Strategy": "Plain", "Startup Cost": 67175.48, "Total Cost": 67175.49, "Plan Rows": 1, "Plan Width": 123, "Plans": [{"Node Type": "Nested Loop", "Parent Relationship": "Outer", "Join Type": "Inner", "Startup Cost": 0.0, "Total Cost": 67175.46, "Plan Rows": 4, "Plan Width": 59, "Inner Unique": true, "Plans": [{"Node Type": "Nested Loop", "Parent Relationship": "Outer", "Join Type": "Inner", "Startup Cost": 0.0, "Total Cost": 67173.45, "Plan Rows": 7, "Plan Width": 63, "Inner Unique": true, "Plans": [{"Node Type": "Nested Loop", "Parent Relationship": "Outer", "Join Type": "Inner", "Startup Cost": 0.0, "Total Cost": 67158.92, "Plan Rows": 51, "Plan Width": 67, "Inner Unique": true, "Plans": [{"Node Type": "Nested Loop", "Parent Relationship": "Outer", "Join Type": "Inner", "Startup Cost": 0.0, "Total Cost": 66726.41, "Plan Rows": 1531, "Plan Width": 71, "Inner Unique": false, "Join Filter": "(t.id = mi.movie_id)", "Plans": [{"Node Type": "Nested Loop", "Parent Relationship": "Outer", "Join Type": "Inner", "Startup Cost": 0.0, "Total Cost": 66573.75, "Plan Rows": 210, "Plan Width": 37, "Inner Unique": false, "Join Filter": "(t.id = mc.movie_id)", "Plans": [{"Node Type": "Nested Loop", "Parent Relationship": "Outer", "Join Type": "Inner", "Startup Cost": 0.0, "Total Cost": 66452.98, "Plan Rows": 311, "Plan Width": 25, "Inner Unique": true, "Plans": [{"Node Type": "Nested Loop", "Parent Relationship": "Outer", "Join Type": "Inner", "Startup Cost": 0.0, "Total Cost": 66341.1, "Plan Rows": 396, "Plan Width": 29, "Inner Unique": false, "Plans": [{"Node Type": "Streaming(type: LOCAL GATHER dop: 1/64)", "Parent Relationship": "Outer", "Startup Cost": 0.0, "Total Cost": 64240.19, "Plan Rows": 258, "Plan Width": 21, "Plans": [{"Node Type": "Seq Scan", "Parent Relationship": "Outer", "Relation Name": "title", "Alias": "t", "Startup Cost": 0.0, "Total Cost": 64234.87, "Plan Rows": 258, "Plan Width": 21, "Filter": "((production_year > 2000) AND (((title)::text ~~ 'Birdemic%'::text) OR ((title)::text ~~ '%Movie%'::text)))"}]}, {"Node Type": "Index Scan", "Parent Relationship": "Inner", "Scan Direction": "Forward", "Index Name": "movie_id_movie_info_idx", "Relation Name": "movie_info_idx", "Alias": "mi_idx", "Startup Cost": 0.0, "Total Cost": 8.12, "Plan Rows": 2, "Plan Width": 8, "Index Cond": "(movie_id = t.id)"}]}, {"Node Type": "Index Scan", "Parent Relationship": "Inner", "Scan Direction": "Forward", "Index Name": "info_type_pkey", "Relation Name": "info_type", "Alias": "it2", "Startup Cost": 0.0, "Total Cost": 0.27, "Plan Rows": 1, "Plan Width": 4, "Index Cond": "(id = mi_idx.info_type_id)", "Filter": "((info)::text = 'bottom 10 rank'::text)"}]}, {"Node Type": "Index Scan", "Parent Relationship": "Inner", "Scan Direction": "Forward", "Index Name": "movie_id_movie_companies", "Relation Name": "movie_companies", "Alias": "mc", "Startup Cost": 0.0, "Total Cost": 0.36, "Plan Rows": 2, "Plan Width": 12, "Index Cond": "(movie_id = mi_idx.movie_id)"}]}, {"Node Type": "Index Scan", "Parent Relationship": "Inner", "Scan Direction": "Forward", "Index Name": "movie_id_movie_info", "Relation Name": "movie_info", "Alias": "mi", "Startup Cost": 0.0, "Total Cost": 0.66, "Plan Rows": 5, "Plan Width": 50, "Index Cond": "(movie_id = mc.movie_id)"}]}, {"Node Type": "Index Scan", "Parent Relationship": "Inner", "Scan Direction": "Forward", "Index Name": "info_type_pkey", "Relation Name": "info_type", "Alias": "it1", "Startup Cost": 0.0, "Total Cost": 0.27, "Plan Rows": 1, "Plan Width": 4, "Index Cond": "(id = mi.info_type_id)", "Filter": "((info)::text = 'budget'::text)"}]}, {"Node Type": "Index Scan", "Parent Relationship": "Inner", "Scan Direction": "Forward", "Index Name": "company_type_pkey", "Relation Name": "company_type", "Alias": "ct", "Startup Cost": 0.0, "Total Cost": 0.28, "Plan Rows": 1, "Plan Width": 4, "Index Cond": "(id = mc.company_type_id)", "Filter": "((kind IS NOT NULL) AND (((kind)::text = 'production companies'::text) OR ((kind)::text = 'distributors'::text)))"}]}, {"Node Type": "Index Scan", "Parent Relationship": "Inner", "Scan Direction": "Forward", "Index Name": "company_name_pkey", "Relation Name": "company_name", "Alias": "cn", "Startup Cost": 0.0, "Total Cost": 0.28, "Plan Rows": 1, "Plan Width": 4, "Index Cond": "(id = mc.company_id)", "Filter": "((country_code)::text = '[us]'::text)"}]}]}, "Unique SQL Id": 1682224415}, "explain_analyze_plan": {"Plan": {"Node Type": "Aggregate", "Strategy": "Plain", "Startup Cost": 67175.48, "Total Cost": 67175.49, "Plan Rows": 1, "Plan Width": 123, "Actual Min Startup Time": 225.301, "Actual Max Startup Time": 225.301, "Actual Min Total Time": 225.302, "Actual Max Total Time": 225.302, "Actual Total Rows": 1, "Plans": [{"Node Type": "Nested Loop", "Parent Relationship": "Outer", "Join Type": "Inner", "Startup Cost": 0.0, "Total Cost": 67175.46, "Plan Rows": 4, "Plan Width": 59, "Actual Min Startup Time": 129.062, "Actual Max Startup Time": 129.062, "Actual Min Total Time": 225.259, "Actual Max Total Time": 225.259, "Actual Total Rows": 5, "Inner Unique": true, "Plans": [{"Node Type": "Nested Loop", "Parent Relationship": "Outer", "Join Type": "Inner", "Startup Cost": 0.0, "Total Cost": 67173.45, "Plan Rows": 7, "Plan Width": 63, "Actual Min Startup Time": 129.039, "Actual Max Startup Time": 129.039, "Actual Min Total Time": 225.183, "Actual Max Total Time": 225.183, "Actual Total Rows": 5, "Inner Unique": true, "Plans": [{"Node Type": "Nested Loop", "Parent Relationship": "Outer", "Join Type": "Inner", "Startup Cost": 0.0, "Total Cost": 67158.92, "Plan Rows": 51, "Plan Width": 67, "Actual Min Startup Time": 128.436, "Actual Max Startup Time": 128.436, "Actual Min Total Time": 225.11, "Actual Max Total Time": 225.11, "Actual Total Rows": 33, "Inner Unique": true, "Plans": [{"Node Type": "Nested Loop", "Parent Relationship": "Outer", "Join Type": "Inner", "Startup Cost": 0.0, "Total Cost": 66726.41, "Plan Rows": 1531, "Plan Width": 71, "Actual Min Startup Time": 128.255, "Actual Max Startup Time": 128.255, "Actual Min Total Time": 214.055, "Actual Max Total Time": 214.055, "Actual Total Rows": 4959, "Inner Unique": false, "Join Filter": "(t.id = mi.movie_id)", "Rows Removed by Join Filter": 0, "Plans": [{"Node Type": "Nested Loop", "Parent Relationship": "Outer", "Join Type": "Inner", "Startup Cost": 0.0, "Total Cost": 66573.75, "Plan Rows": 210, "Plan Width": 37, "Actual Min Startup Time": 128.228, "Actual Max Startup Time": 128.228, "Actual Min Total Time": 209.5, "Actual Max Total Time": 209.5, "Actual Total Rows": 33, "Inner Unique": false, "Join Filter": "(t.id = mc.movie_id)", "Rows Removed by Join Filter": 0, "Plans": [{"Node Type": "Nested Loop", "Parent Relationship": "Outer", "Join Type": "Inner", "Startup Cost": 0.0, "Total Cost": 66452.98, "Plan Rows": 311, "Plan Width": 25, "Actual Min Startup Time": 128.201, "Actual Max Startup Time": 128.201, "Actual Min Total Time": 209.41, "Actual Max Total Time": 209.41, "Actual Total Rows": 2, "Inner Unique": true, "Plans": [{"Node Type": "Nested Loop", "Parent Relationship": "Outer", "Join Type": "Inner", "Startup Cost": 0.0, "Total Cost": 66341.1, "Plan Rows": 396, "Plan Width": 29, "Actual Min Startup Time": 115.365, "Actual Max Startup Time": 115.365, "Actual Min Total Time": 196.159, "Actual Max Total Time": 196.159, "Actual Total Rows": 2645, "Inner Unique": false, "Plans": [{"Node Type": "Streaming(type: LOCAL GATHER dop: 1/64)", "Parent Relationship": "Outer", "Startup Cost": 0.0, "Total Cost": 64240.19, "Plan Rows": 258, "Plan Width": 21, "Actual Min Startup Time": 115.277, "Actual Max Startup Time": 115.277, "Actual Min Total Time": 181.034, "Actual Max Total Time": 181.034, "Actual Total Rows": 2536, "Plans": [{"Node Type": "Seq Scan", "Parent Relationship": "Outer", "Relation Name": "title", "Alias": "t", "Startup Cost": 0.0, "Total Cost": 64234.87, "Plan Rows": 258, "Plan Width": 21, "Actual Min Startup Time": 0.033, "Actual Max Startup Time": 7.255, "Actual Min Total Time": 19.166, "Actual Max Total Time": 39.62, "Actual Total Rows": 2536, "Filter": "((production_year > 2000) AND (((title)::text ~~ 'Birdemic%'::text) OR ((title)::text ~~ '%Movie%'::text)))", "Rows Removed by Filter": 2525775}]}, {"Node Type": "Index Scan", "Parent Relationship": "Inner", "Scan Direction": "Forward", "Index Name": "movie_id_movie_info_idx", "Relation Name": "movie_info_idx", "Alias": "mi_idx", "Startup Cost": 0.0, "Total Cost": 8.12, "Plan Rows": 2, "Plan Width": 8, "Actual Min Startup Time": 12.228, "Actual Max Startup Time": 12.228, "Actual Min Total Time": 13.197, "Actual Max Total Time": 13.197, "Actual Total Rows": 2645, "Index Cond": "(movie_id = t.id)", "Rows Removed by Index Recheck": 0}]}, {"Node Type": "Index Scan", "Parent Relationship": "Inner", "Scan Direction": "Forward", "Index Name": "info_type_pkey", "Relation Name": "info_type", "Alias": "it2", "Startup Cost": 0.0, "Total Cost": 0.27, "Plan Rows": 1, "Plan Width": 4, "Actual Min Startup Time": 12.051, "Actual Max Startup Time": 12.051, "Actual Min Total Time": 12.051, "Actual Max Total Time": 12.051, "Actual Total Rows": 2, "Index Cond": "(id = mi_idx.info_type_id)", "Rows Removed by Index Recheck": 0, "Filter": "((info)::text = 'bottom 10 rank'::text)", "Rows Removed by Filter": 2643}]}, {"Node Type": "Index Scan", "Parent Relationship": "Inner", "Scan Direction": "Forward", "Index Name": "movie_id_movie_companies", "Relation Name": "movie_companies", "Alias": "mc", "Startup Cost": 0.0, "Total Cost": 0.36, "Plan Rows": 2, "Plan Width": 12, "Actual Min Startup Time": 0.038, "Actual Max Startup Time": 0.038, "Actual Min Total Time": 0.059, "Actual Max Total Time": 0.059, "Actual Total Rows": 33, "Index Cond": "(movie_id = mi_idx.movie_id)", "Rows Removed by Index Recheck": 0}]}, {"Node Type": "Index Scan", "Parent Relationship": "Inner", "Scan Direction": "Forward", "Index Name": "movie_id_movie_info", "Relation Name": "movie_info", "Alias": "mi", "Startup Cost": 0.0, "Total Cost": 0.66, "Plan Rows": 5, "Plan Width": 50, "Actual Min Startup Time": 0.512, "Actual Max Startup Time": 0.512, "Actual Min Total Time": 2.769, "Actual Max Total Time": 2.769, "Actual Total Rows": 4959, "Index Cond": "(movie_id = mc.movie_id)", "Rows Removed by Index Recheck": 0}]}, {"Node Type": "Index Scan", "Parent Relationship": "Inner", "Scan Direction": "Forward", "Index Name": "info_type_pkey", "Relation Name": "info_type", "Alias": "it1", "Startup Cost": 0.0, "Total Cost": 0.27, "Plan Rows": 1, "Plan Width": 4, "Actual Min Startup Time": 8.77, "Actual Max Startup Time": 8.77, "Actual Min Total Time": 8.77, "Actual Max Total Time": 8.77, "Actual Total Rows": 33, "Index Cond": "(id = mi.info_type_id)", "Rows Removed by Index Recheck": 0, "Filter": "((info)::text = 'budget'::text)", "Rows Removed by Filter": 4864}]}, {"Node Type": "Index Scan", "Parent Relationship": "Inner", "Scan Direction": "Forward", "Index Name": "company_type_pkey", "Relation Name": "company_type", "Alias": "ct", "Startup Cost": 0.0, "Total Cost": 0.28, "Plan Rows": 1, "Plan Width": 4, "Actual Min Startup Time": 0.05, "Actual Max Startup Time": 0.05, "Actual Min Total Time": 0.05, "Actual Max Total Time": 0.05, "Actual Total Rows": 5, "Index Cond": "(id = mc.company_type_id)", "Rows Removed by Index Recheck": 0, "Filter": "((kind IS NOT NULL) AND (((kind)::text = 'production companies'::text) OR ((kind)::text = 'distributors'::text)))", "Rows Removed by Filter": 0}]}, {"Node Type": "Index Scan", "Parent Relationship": "Inner", "Scan Direction": "Forward", "Index Name": "company_name_pkey", "Relation Name": "company_name", "Alias": "cn", "Startup Cost": 0.0, "Total Cost": 0.28, "Plan Rows": 1, "Plan Width": 4, "Actual Min Startup Time": 0.063, "Actual Max Startup Time": 0.063, "Actual Min Total Time": 0.063, "Actual Max Total Time": 0.063, "Actual Total Rows": 5, "Index Cond": "(id = mc.company_id)", "Rows Removed by Index Recheck": 0, "Filter": "((country_code)::text = '[us]'::text)", "Rows Removed by Filter": 0}]}]}, "Triggers": [], "Planner Runtime": 189.988, "Total Runtime": 237.894, "Unique SQL Id": 1682224415}}, "(64, 73)": {"explain_plan": {"Plan": {"Node Type": "Aggregate", "Strategy": "Plain", "Startup Cost": 131883.54, "Total Cost": 131883.55, "Plan Rows": 1, "Plan Width": 123, "Plans": [{"Node Type": "Nested Loop", "Parent Relationship": "Outer", "Join Type": "Inner", "Startup Cost": 0.0, "Total Cost": 131883.3, "Plan Rows": 48, "Plan Width": 59, "Inner Unique": true, "Plans": [{"Node Type": "Nested Loop", "Parent Relationship": "Outer", "Join Type": "Inner", "Startup Cost": 0.0, "Total Cost": 131869.62, "Plan Rows": 48, "Plan Width": 63, "Inner Unique": true, "Plans": [{"Node Type": "Nested Loop", "Parent Relationship": "Outer", "Join Type": "Inner", "Startup Cost": 0.0, "Total Cost": 131799.56, "Plan Rows": 248, "Plan Width": 67, "Inner Unique": false, "Join Filter": "(t.id = mi.movie_id)", "Plans": [{"Node Type": "Nested Loop", "Parent Relationship": "Outer", "Join Type": "Inner", "Startup Cost": 0.0, "Total Cost": 131476.79, "Plan Rows": 444, "Plan Width": 33, "Inner Unique": true, "Plans": [{"Node Type": "Nested Loop", "Parent Relationship": "Outer", "Join Type": "Inner", "Startup Cost": 0.0, "Total Cost": 131416.38, "Plan Rows": 210, "Plan Width": 37, "Inner Unique": false, "Join Filter": "(t.id = mc.movie_id)", "Plans": [{"Node Type": "Nested Loop", "Parent Relationship": "Outer", "Join Type": "Inner", "Startup Cost": 0.0, "Total Cost": 131295.61, "Plan Rows": 311, "Plan Width": 25, "Inner Unique": true, "Plans": [{"Node Type": "Nested Loop", "Parent Relationship": "Outer", "Join Type": "Inner", "Startup Cost": 0.0, "Total Cost": 131183.74, "Plan Rows": 396, "Plan Width": 29, "Inner Unique": false, "Plans": [{"Node Type": "Index Scan", "Parent Relationship": "Outer", "Scan Direction": "Forward", "Index Name": "title_pkey", "Relation Name": "title", "Alias": "t", "Startup Cost": 0.0, "Total Cost": 129082.82, "Plan Rows": 258, "Plan Width": 21, "Filter": "((production_year > 2000) AND (((title)::text ~~ 'Birdemic%'::text) OR ((title)::text ~~ '%Movie%'::text)))"}, {"Node Type": "Index Scan", "Parent Relationship": "Inner", "Scan Direction": "Forward", "Index Name": "movie_id_movie_info_idx", "Relation Name": "movie_info_idx", "Alias": "mi_idx", "Startup Cost": 0.0, "Total Cost": 8.12, "Plan Rows": 2, "Plan Width": 8, "Index Cond": "(movie_id = t.id)"}]}, {"Node Type": "Index Scan", "Parent Relationship": "Inner", "Scan Direction": "Forward", "Index Name": "info_type_pkey", "Relation Name": "info_type", "Alias": "it2", "Startup Cost": 0.0, "Total Cost": 0.27, "Plan Rows": 1, "Plan Width": 4, "Index Cond": "(id = mi_idx.info_type_id)", "Filter": "((info)::text = 'bottom 10 rank'::text)"}]}, {"Node Type": "Index Scan", "Parent Relationship": "Inner", "Scan Direction": "Forward", "Index Name": "movie_id_movie_companies", "Relation Name": "movie_companies", "Alias": "mc", "Startup Cost": 0.0, "Total Cost": 0.36, "Plan Rows": 2, "Plan Width": 12, "Index Cond": "(movie_id = mi_idx.movie_id)"}]}, {"Node Type": "Index Scan", "Parent Relationship": "Inner", "Scan Direction": "Forward", "Index Name": "company_name_pkey", "Relation Name": "company_name", "Alias": "cn", "Startup Cost": 0.0, "Total Cost": 0.28, "Plan Rows": 1, "Plan Width": 4, "Index Cond": "(id = mc.company_id)", "Filter": "((country_code)::text = '[us]'::text)"}]}, {"Node Type": "Index Scan", "Parent Relationship": "Inner", "Scan Direction": "Forward", "Index Name": "movie_id_movie_info", "Relation Name": "movie_info", "Alias": "mi", "Startup Cost": 0.0, "Total Cost": 0.66, "Plan Rows": 5, "Plan Width": 50, "Index Cond": "(movie_id = mc.movie_id)"}]}, {"Node Type": "Index Scan", "Parent Relationship": "Inner", "Scan Direction": "Forward", "Index Name": "info_type_pkey", "Relation Name": "info_type", "Alias": "it1", "Startup Cost": 0.0, "Total Cost": 0.27, "Plan Rows": 1, "Plan Width": 4, "Index Cond": "(id = mi.info_type_id)", "Filter": "((info)::text = 'budget'::text)"}]}, {"Node Type": "Index Scan", "Parent Relationship": "Inner", "Scan Direction": "Forward", "Index Name": "company_type_pkey", "Relation Name": "company_type", "Alias": "ct", "Startup Cost": 0.0, "Total Cost": 0.28, "Plan Rows": 1, "Plan Width": 4, "Index Cond": "(id = mc.company_type_id)", "Filter": "((kind IS NOT NULL) AND (((kind)::text = 'production companies'::text) OR ((kind)::text = 'distributors'::text)))"}]}]}, "Unique SQL Id": 1682224415}, "explain_analyze_plan": null}, "(64, 74)": {"explain_plan": {"Plan": {"Node Type": "Aggregate", "Strategy": "Plain", "Startup Cost": 229742.27, "Total Cost": 229742.28, "Plan Rows": 1, "Plan Width": 123, "Plans": [{"Node Type": "Hash Join", "Parent Relationship": "Outer", "Join Type": "Inner", "Startup Cost": 138217.97, "Total Cost": 229742.03, "Plan Rows": 48, "Plan Width": 59, "Inner Unique": true, "Hash Cond": "(mc.company_type_id = ct.id)", "Plans": [{"Node Type": "Hash Join", "Parent Relationship": "Outer", "Join Type": "Inner", "Startup Cost": 138216.9, "Total Cost": 229740.3, "Plan Rows": 48, "Plan Width": 63, "Inner Unique": true, "Hash Cond": "(mi_idx.info_type_id = it2.id)", "Plans": [{"Node Type": "Hash Join", "Parent Relationship": "Outer", "Join Type": "Inner", "Startup Cost": 138214.48, "Total Cost": 229736.85, "Plan Rows": 193, "Plan Width": 67, "Inner Unique": true, "Hash Cond": "(mi.info_type_id = it1.id)", "Plans": [{"Node Type": "Hash Join", "Parent Relationship": "Outer", "Join Type": "Inner", "Startup Cost": 138212.07, "Total Cost": 229723.13, "Plan Rows": 3899, "Plan Width": 71, "Inner Unique": true, "Hash Cond": "(mc.company_id = cn.id)", "Plans": [{"Node Type": "Streaming(type: LOCAL GATHER dop: 1/64)", "Parent Relationship": "Outer", "Startup Cost": 135671.58, "Total Cost": 227109.8, "Plan Rows": 4648, "Plan Width": 75, "Plans": [{"Node Type": "Hash Join", "Parent Relationship": "Outer", "Join Type": "Inner", "Startup Cost": 135671.58, "Total Cost": 227013.91, "Plan Rows": 4648, "Plan Width": 75, "Inner Unique": false, "Hash Cond": "(t.id = mi.movie_id)", "Plans": [{"Node Type": "Streaming(type: BROADCAST dop: 64/1)", "Parent Relationship": "Outer", "Startup Cost": 115857.19, "Total Cost": 207150.46, "Plan Rows": 53824, "Plan Width": 41, "Plans": [{"Node Type": "Hash Join", "Parent Relationship": "Outer", "Join Type": "Inner", "Startup Cost": 115857.19, "Total Cost": 143040.08, "Plan Rows": 841, "Plan Width": 41, "Inner Unique": false, "Hash Cond": "(mi_idx.movie_id = t.id)", "Plans": [{"Node Type": "Seq Scan", "Parent Relationship": "Outer", "Relation Name": "movie_info_idx", "Alias": "mi_idx", "Startup Cost": 0.0, "Total Cost": 20274.34, "Plan Rows": 1380034, "Plan Width": 8}, {"Node Type": "Hash", "Parent Relationship": "Inner", "Startup Cost": 115850.37, "Total Cost": 115850.37, "Plan Rows": 545, "Plan Width": 33, "Plans": [{"Node Type": "Hash Join", "Parent Relationship": "Outer", "Join Type": "Inner", "Startup Cost": 64243.41, "Total Cost": 115850.37, "Plan Rows": 545, "Plan Width": 33, "Inner Unique": true, "Hash Cond": "(mc.movie_id = t.id)", "Plans": [{"Node Type": "Seq Scan", "Parent Relationship": "Outer", "Relation Name": "movie_companies", "Alias": "mc", "Startup Cost": 0.0, "Total Cost": 41817.28, "Plan Rows": 2609128, "Plan Width": 12}, {"Node Type": "Hash", "Parent Relationship": "Inner", "Startup Cost": 64240.19, "Total Cost": 64240.19, "Plan Rows": 258, "Plan Width": 21, "Plans": [{"Node Type": "Streaming(type: LOCAL GATHER dop: 1/64)", "Parent Relationship": "Outer", "Startup Cost": 0.0, "Total Cost": 64240.19, "Plan Rows": 258, "Plan Width": 21, "Plans": [{"Node Type": "Seq Scan", "Parent Relationship": "Outer", "Relation Name": "title", "Alias": "t", "Startup Cost": 0.0, "Total Cost": 64234.87, "Plan Rows": 258, "Plan Width": 21, "Filter": "((production_year > 2000) AND (((title)::text ~~ 'Birdemic%'::text) OR ((title)::text ~~ '%Movie%'::text)))"}]}]}]}]}]}]}, {"Node Type": "Hash", "Parent Relationship": "Inner", "Startup Cost": 67640.43, "Total Cost": 67640.43, "Plan Rows": 14869966, "Plan Width": 50, "Plans": [{"Node Type": "Seq Scan", "Parent Relationship": "Outer", "Relation Name": "movie_info", "Alias": "mi", "Startup Cost": 0.0, "Total Cost": 67640.43, "Plan Rows": 14869966, "Plan Width": 50}]}]}]}, {"Node Type": "Hash", "Parent Relationship": "Inner", "Startup Cost": 5903.45, "Total Cost": 5903.45, "Plan Rows": 85170, "Plan Width": 4, "Plans": [{"Node Type": "Seq Scan", "Parent Relationship": "Outer", "Relation Name": "company_name", "Alias": "cn", "Startup Cost": 0.0, "Total Cost": 5903.45, "Plan Rows": 85170, "Plan Width": 4, "Filter": "((country_code)::text = '[us]'::text)"}]}]}, {"Node Type": "Hash", "Parent Relationship": "Inner", "Startup Cost": 2.4, "Total Cost": 2.4, "Plan Rows": 1, "Plan Width": 4, "Plans": [{"Node Type": "Seq Scan", "Parent Relationship": "Outer", "Relation Name": "info_type", "Alias": "it1", "Startup Cost": 0.0, "Total Cost": 2.4, "Plan Rows": 1, "Plan Width": 4, "Filter": "((info)::text = 'budget'::text)"}]}]}, {"Node Type": "Hash", "Parent Relationship": "Inner", "Startup Cost": 2.4, "Total Cost": 2.4, "Plan Rows": 1, "Plan Width": 4, "Plans": [{"Node Type": "Seq Scan", "Parent Relationship": "Outer", "Relation Name": "info_type", "Alias": "it2", "Startup Cost": 0.0, "Total Cost": 2.4, "Plan Rows": 1, "Plan Width": 4, "Filter": "((info)::text = 'bottom 10 rank'::text)"}]}]}, {"Node Type": "Hash", "Parent Relationship": "Inner", "Startup Cost": 1.04, "Total Cost": 1.04, "Plan Rows": 2, "Plan Width": 4, "Plans": [{"Node Type": "Seq Scan", "Parent Relationship": "Outer", "Relation Name": "company_type", "Alias": "ct", "Startup Cost": 0.0, "Total Cost": 1.04, "Plan Rows": 2, "Plan Width": 4, "Filter": "((kind IS NOT NULL) AND (((kind)::text = 'production companies'::text) OR ((kind)::text = 'distributors'::text)))"}]}]}]}, "Unique SQL Id": 1682224415}, "explain_analyze_plan": null}, "(64, 75)": {"explain_plan": {"Plan": {"Node Type": "Aggregate", "Strategy": "Plain", "Startup Cost": 7992975234889.96, "Total Cost": 7992975234889.97, "Plan Rows": 1, "Plan Width": 123, "Plans": [{"Node Type": "Hash Join", "Parent Relationship": "Outer", "Join Type": "Inner", "Startup Cost": 4040006794292.66, "Total Cost": 7992975234889.72, "Plan Rows": 48, "Plan Width": 59, "Inner Unique": true, "Hash Cond": "(mi_idx.info_type_id = it2.id)", "Plans": [{"Node Type": "Hash Join", "Parent Relationship": "Outer", "Join Type": "Inner", "Startup Cost": 3040006792871.65, "Total Cost": 6992975233467.67, "Plan Rows": 193, "Plan Width": 63, "Inner Unique": true, "Hash Cond": "(mi.info_type_id = it1.id)", "Plans": [{"Node Type": "Hash Join", "Parent Relationship": "Outer", "Join Type": "Inner", "Startup Cost": 2040006791450.64, "Total Cost": 5992975232035.35, "Plan Rows": 3899, "Plan Width": 67, "Inner Unique": true, "Hash Cond": "(mc.company_type_id = ct.id)", "Plans": [{"Node Type": "Hash Join", "Parent Relationship": "Outer", "Join Type": "Inner", "Startup Cost": 1040006790219.61, "Total Cost": 4992975230750.71, "Plan Rows": 3899, "Plan Width": 71, "Inner Unique": true, "Hash Cond": "(mc.company_id = cn.id)", "Plans": [{"Node Type": "Merge Join", "Parent Relationship": "Outer", "Join Type": "Inner", "Startup Cost": 40005739016.02, "Total Cost": 3992974179474.28, "Plan Rows": 4648, "Plan Width": 75, "Inner Unique": false, "Merge Cond": "(t.id = mi.movie_id)", "Plans": [{"Node Type": "Merge Join", "Parent Relationship": "Outer", "Join Type": "Inner", "Startup Cost": 30005739016.02, "Total Cost": 2996397545086.11, "Plan Rows": 841, "Plan Width": 41, "Inner Unique": false, "Merge Cond": "(t.id = mi_idx.movie_id)", "Plans": [{"Node Type": "Merge Join", "Parent Relationship": "Outer", "Join Type": "Inner", "Startup Cost": 20000000000.0, "Total Cost": 2000025966759.29, "Plan Rows": 545, "Plan Width": 33, "Inner Unique": true, "Merge Cond": "(mc.movie_id = t.id)", "Plans": [{"Node Type": "Index Scan", "Parent Relationship": "Outer", "Scan Direction": "Forward", "Index Name": "movie_id_movie_companies", "Relation Name": "movie_companies", "Alias": "mc", "Startup Cost": 10000000000.0, "Total Cost": 1000013051946.13, "Plan Rows": 2609128, "Plan Width": 12}, {"Node Type": "Materialize", "Parent Relationship": "Inner", "Startup Cost": 10000000000.0, "Total Cost": 1000012908282.81, "Plan Rows": 258, "Plan Width": 21, "Plans": [{"Node Type": "Index Scan", "Parent Relationship": "Outer", "Scan Direction": "Forward", "Index Name": "title_pkey", "Relation Name": "title", "Alias": "t", "Startup Cost": 10000000000.0, "Total Cost": 1000012908282.16, "Plan Rows": 258, "Plan Width": 21, "Filter": "((production_year > 2000) AND (((title)::text ~~ 'Birdemic%'::text) OR ((title)::text ~~ '%Movie%'::text)))"}]}]}, {"Node Type": "Index Scan", "Parent Relationship": "Inner", "Scan Direction": "Forward", "Index Name": "movie_id_movie_info_idx", "Relation Name": "movie_info_idx", "Alias": "mi_idx", "Startup Cost": 10000000000.0, "Total Cost": 1000004650035.37, "Plan Rows": 1380034, "Plan Width": 8}]}, {"Node Type": "Index Scan", "Parent Relationship": "Inner", "Scan Direction": "Forward", "Index Name": "movie_id_movie_info", "Relation Name": "movie_info", "Alias": "mi", "Startup Cost": 10000000000.0, "Total Cost": 1000103816912.22, "Plan Rows": 14869966, "Plan Width": 50}]}, {"Node Type": "Hash", "Parent Relationship": "Inner", "Startup Cost": 1000001050138.97, "Total Cost": 1000001050138.97, "Plan Rows": 85170, "Plan Width": 4, "Plans": [{"Node Type": "Index Scan", "Parent Relationship": "Outer", "Scan Direction": "Forward", "Index Name": "company_name_pkey", "Relation Name": "company_name", "Alias": "cn", "Startup Cost": 10000000000.0, "Total Cost": 1000001050138.97, "Plan Rows": 85170, "Plan Width": 4, "Filter": "((country_code)::text = '[us]'::text)"}]}]}, {"Node Type": "Hash", "Parent Relationship": "Inner", "Startup Cost": 1000000001231.0, "Total Cost": 1000000001231.0, "Plan Rows": 2, "Plan Width": 4, "Plans": [{"Node Type": "Index Scan", "Parent Relationship": "Outer", "Scan Direction": "Forward", "Index Name": "company_type_pkey", "Relation Name": "company_type", "Alias": "ct", "Startup Cost": 10000000000.0, "Total Cost": 1000000001231.0, "Plan Rows": 2, "Plan Width": 4, "Filter": "((kind IS NOT NULL) AND (((kind)::text = 'production companies'::text) OR ((kind)::text = 'distributors'::text)))"}]}]}, {"Node Type": "Hash", "Parent Relationship": "Inner", "Startup Cost": 1000000001421.0, "Total Cost": 1000000001421.0, "Plan Rows": 1, "Plan Width": 4, "Plans": [{"Node Type": "Index Scan", "Parent Relationship": "Outer", "Scan Direction": "Forward", "Index Name": "info_type_pkey", "Relation Name": "info_type", "Alias": "it1", "Startup Cost": 10000000000.0, "Total Cost": 1000000001421.0, "Plan Rows": 1, "Plan Width": 4, "Filter": "((info)::text = 'budget'::text)"}]}]}, {"Node Type": "Hash", "Parent Relationship": "Inner", "Startup Cost": 1000000001421.0, "Total Cost": 1000000001421.0, "Plan Rows": 1, "Plan Width": 4, "Plans": [{"Node Type": "Index Scan", "Parent Relationship": "Outer", "Scan Direction": "Forward", "Index Name": "info_type_pkey", "Relation Name": "info_type", "Alias": "it2", "Startup Cost": 10000000000.0, "Total Cost": 1000000001421.0, "Plan Rows": 1, "Plan Width": 4, "Filter": "((info)::text = 'bottom 10 rank'::text)"}]}]}]}, "Unique SQL Id": 1682224415}, "explain_analyze_plan": null}, "(64, 76)": {"explain_plan": {"Plan": {"Node Type": "Aggregate", "Strategy": "Plain", "Startup Cost": 67175.48, "Total Cost": 67175.49, "Plan Rows": 1, "Plan Width": 123, "Plans": [{"Node Type": "Nested Loop", "Parent Relationship": "Outer", "Join Type": "Inner", "Startup Cost": 0.0, "Total Cost": 67175.46, "Plan Rows": 4, "Plan Width": 59, "Inner Unique": true, "Plans": [{"Node Type": "Nested Loop", "Parent Relationship": "Outer", "Join Type": "Inner", "Startup Cost": 0.0, "Total Cost": 67173.45, "Plan Rows": 7, "Plan Width": 63, "Inner Unique": true, "Plans": [{"Node Type": "Nested Loop", "Parent Relationship": "Outer", "Join Type": "Inner", "Startup Cost": 0.0, "Total Cost": 67158.92, "Plan Rows": 51, "Plan Width": 67, "Inner Unique": true, "Plans": [{"Node Type": "Nested Loop", "Parent Relationship": "Outer", "Join Type": "Inner", "Startup Cost": 0.0, "Total Cost": 66726.41, "Plan Rows": 1531, "Plan Width": 71, "Inner Unique": false, "Join Filter": "(t.id = mi.movie_id)", "Plans": [{"Node Type": "Nested Loop", "Parent Relationship": "Outer", "Join Type": "Inner", "Startup Cost": 0.0, "Total Cost": 66573.75, "Plan Rows": 210, "Plan Width": 37, "Inner Unique": false, "Join Filter": "(t.id = mc.movie_id)", "Plans": [{"Node Type": "Nested Loop", "Parent Relationship": "Outer", "Join Type": "Inner", "Startup Cost": 0.0, "Total Cost": 66452.98, "Plan Rows": 311, "Plan Width": 25, "Inner Unique": true, "Plans": [{"Node Type": "Nested Loop", "Parent Relationship": "Outer", "Join Type": "Inner", "Startup Cost": 0.0, "Total Cost": 66341.1, "Plan Rows": 396, "Plan Width": 29, "Inner Unique": false, "Plans": [{"Node Type": "Streaming(type: LOCAL GATHER dop: 1/64)", "Parent Relationship": "Outer", "Startup Cost": 0.0, "Total Cost": 64240.19, "Plan Rows": 258, "Plan Width": 21, "Plans": [{"Node Type": "Seq Scan", "Parent Relationship": "Outer", "Relation Name": "title", "Alias": "t", "Startup Cost": 0.0, "Total Cost": 64234.87, "Plan Rows": 258, "Plan Width": 21, "Filter": "((production_year > 2000) AND (((title)::text ~~ 'Birdemic%'::text) OR ((title)::text ~~ '%Movie%'::text)))"}]}, {"Node Type": "Index Scan", "Parent Relationship": "Inner", "Scan Direction": "Forward", "Index Name": "movie_id_movie_info_idx", "Relation Name": "movie_info_idx", "Alias": "mi_idx", "Startup Cost": 0.0, "Total Cost": 8.12, "Plan Rows": 2, "Plan Width": 8, "Index Cond": "(movie_id = t.id)"}]}, {"Node Type": "Index Scan", "Parent Relationship": "Inner", "Scan Direction": "Forward", "Index Name": "info_type_pkey", "Relation Name": "info_type", "Alias": "it2", "Startup Cost": 0.0, "Total Cost": 0.27, "Plan Rows": 1, "Plan Width": 4, "Index Cond": "(id = mi_idx.info_type_id)", "Filter": "((info)::text = 'bottom 10 rank'::text)"}]}, {"Node Type": "Index Scan", "Parent Relationship": "Inner", "Scan Direction": "Forward", "Index Name": "movie_id_movie_companies", "Relation Name": "movie_companies", "Alias": "mc", "Startup Cost": 0.0, "Total Cost": 0.36, "Plan Rows": 2, "Plan Width": 12, "Index Cond": "(movie_id = mi_idx.movie_id)"}]}, {"Node Type": "Index Scan", "Parent Relationship": "Inner", "Scan Direction": "Forward", "Index Name": "movie_id_movie_info", "Relation Name": "movie_info", "Alias": "mi", "Startup Cost": 0.0, "Total Cost": 0.66, "Plan Rows": 5, "Plan Width": 50, "Index Cond": "(movie_id = mc.movie_id)"}]}, {"Node Type": "Index Scan", "Parent Relationship": "Inner", "Scan Direction": "Forward", "Index Name": "info_type_pkey", "Relation Name": "info_type", "Alias": "it1", "Startup Cost": 0.0, "Total Cost": 0.27, "Plan Rows": 1, "Plan Width": 4, "Index Cond": "(id = mi.info_type_id)", "Filter": "((info)::text = 'budget'::text)"}]}, {"Node Type": "Index Scan", "Parent Relationship": "Inner", "Scan Direction": "Forward", "Index Name": "company_type_pkey", "Relation Name": "company_type", "Alias": "ct", "Startup Cost": 0.0, "Total Cost": 0.28, "Plan Rows": 1, "Plan Width": 4, "Index Cond": "(id = mc.company_type_id)", "Filter": "((kind IS NOT NULL) AND (((kind)::text = 'production companies'::text) OR ((kind)::text = 'distributors'::text)))"}]}, {"Node Type": "Index Scan", "Parent Relationship": "Inner", "Scan Direction": "Forward", "Index Name": "company_name_pkey", "Relation Name": "company_name", "Alias": "cn", "Startup Cost": 0.0, "Total Cost": 0.28, "Plan Rows": 1, "Plan Width": 4, "Index Cond": "(id = mc.company_id)", "Filter": "((country_code)::text = '[us]'::text)"}]}]}, "Unique SQL Id": 1682224415}, "explain_analyze_plan": {"Plan": {"Node Type": "Aggregate", "Strategy": "Plain", "Startup Cost": 67175.48, "Total Cost": 67175.49, "Plan Rows": 1, "Plan Width": 123, "Actual Min Startup Time": 225.301, "Actual Max Startup Time": 225.301, "Actual Min Total Time": 225.302, "Actual Max Total Time": 225.302, "Actual Total Rows": 1, "Plans": [{"Node Type": "Nested Loop", "Parent Relationship": "Outer", "Join Type": "Inner", "Startup Cost": 0.0, "Total Cost": 67175.46, "Plan Rows": 4, "Plan Width": 59, "Actual Min Startup Time": 129.062, "Actual Max Startup Time": 129.062, "Actual Min Total Time": 225.259, "Actual Max Total Time": 225.259, "Actual Total Rows": 5, "Inner Unique": true, "Plans": [{"Node Type": "Nested Loop", "Parent Relationship": "Outer", "Join Type": "Inner", "Startup Cost": 0.0, "Total Cost": 67173.45, "Plan Rows": 7, "Plan Width": 63, "Actual Min Startup Time": 129.039, "Actual Max Startup Time": 129.039, "Actual Min Total Time": 225.183, "Actual Max Total Time": 225.183, "Actual Total Rows": 5, "Inner Unique": true, "Plans": [{"Node Type": "Nested Loop", "Parent Relationship": "Outer", "Join Type": "Inner", "Startup Cost": 0.0, "Total Cost": 67158.92, "Plan Rows": 51, "Plan Width": 67, "Actual Min Startup Time": 128.436, "Actual Max Startup Time": 128.436, "Actual Min Total Time": 225.11, "Actual Max Total Time": 225.11, "Actual Total Rows": 33, "Inner Unique": true, "Plans": [{"Node Type": "Nested Loop", "Parent Relationship": "Outer", "Join Type": "Inner", "Startup Cost": 0.0, "Total Cost": 66726.41, "Plan Rows": 1531, "Plan Width": 71, "Actual Min Startup Time": 128.255, "Actual Max Startup Time": 128.255, "Actual Min Total Time": 214.055, "Actual Max Total Time": 214.055, "Actual Total Rows": 4959, "Inner Unique": false, "Join Filter": "(t.id = mi.movie_id)", "Rows Removed by Join Filter": 0, "Plans": [{"Node Type": "Nested Loop", "Parent Relationship": "Outer", "Join Type": "Inner", "Startup Cost": 0.0, "Total Cost": 66573.75, "Plan Rows": 210, "Plan Width": 37, "Actual Min Startup Time": 128.228, "Actual Max Startup Time": 128.228, "Actual Min Total Time": 209.5, "Actual Max Total Time": 209.5, "Actual Total Rows": 33, "Inner Unique": false, "Join Filter": "(t.id = mc.movie_id)", "Rows Removed by Join Filter": 0, "Plans": [{"Node Type": "Nested Loop", "Parent Relationship": "Outer", "Join Type": "Inner", "Startup Cost": 0.0, "Total Cost": 66452.98, "Plan Rows": 311, "Plan Width": 25, "Actual Min Startup Time": 128.201, "Actual Max Startup Time": 128.201, "Actual Min Total Time": 209.41, "Actual Max Total Time": 209.41, "Actual Total Rows": 2, "Inner Unique": true, "Plans": [{"Node Type": "Nested Loop", "Parent Relationship": "Outer", "Join Type": "Inner", "Startup Cost": 0.0, "Total Cost": 66341.1, "Plan Rows": 396, "Plan Width": 29, "Actual Min Startup Time": 115.365, "Actual Max Startup Time": 115.365, "Actual Min Total Time": 196.159, "Actual Max Total Time": 196.159, "Actual Total Rows": 2645, "Inner Unique": false, "Plans": [{"Node Type": "Streaming(type: LOCAL GATHER dop: 1/64)", "Parent Relationship": "Outer", "Startup Cost": 0.0, "Total Cost": 64240.19, "Plan Rows": 258, "Plan Width": 21, "Actual Min Startup Time": 115.277, "Actual Max Startup Time": 115.277, "Actual Min Total Time": 181.034, "Actual Max Total Time": 181.034, "Actual Total Rows": 2536, "Plans": [{"Node Type": "Seq Scan", "Parent Relationship": "Outer", "Relation Name": "title", "Alias": "t", "Startup Cost": 0.0, "Total Cost": 64234.87, "Plan Rows": 258, "Plan Width": 21, "Actual Min Startup Time": 0.033, "Actual Max Startup Time": 7.255, "Actual Min Total Time": 19.166, "Actual Max Total Time": 39.62, "Actual Total Rows": 2536, "Filter": "((production_year > 2000) AND (((title)::text ~~ 'Birdemic%'::text) OR ((title)::text ~~ '%Movie%'::text)))", "Rows Removed by Filter": 2525775}]}, {"Node Type": "Index Scan", "Parent Relationship": "Inner", "Scan Direction": "Forward", "Index Name": "movie_id_movie_info_idx", "Relation Name": "movie_info_idx", "Alias": "mi_idx", "Startup Cost": 0.0, "Total Cost": 8.12, "Plan Rows": 2, "Plan Width": 8, "Actual Min Startup Time": 12.228, "Actual Max Startup Time": 12.228, "Actual Min Total Time": 13.197, "Actual Max Total Time": 13.197, "Actual Total Rows": 2645, "Index Cond": "(movie_id = t.id)", "Rows Removed by Index Recheck": 0}]}, {"Node Type": "Index Scan", "Parent Relationship": "Inner", "Scan Direction": "Forward", "Index Name": "info_type_pkey", "Relation Name": "info_type", "Alias": "it2", "Startup Cost": 0.0, "Total Cost": 0.27, "Plan Rows": 1, "Plan Width": 4, "Actual Min Startup Time": 12.051, "Actual Max Startup Time": 12.051, "Actual Min Total Time": 12.051, "Actual Max Total Time": 12.051, "Actual Total Rows": 2, "Index Cond": "(id = mi_idx.info_type_id)", "Rows Removed by Index Recheck": 0, "Filter": "((info)::text = 'bottom 10 rank'::text)", "Rows Removed by Filter": 2643}]}, {"Node Type": "Index Scan", "Parent Relationship": "Inner", "Scan Direction": "Forward", "Index Name": "movie_id_movie_companies", "Relation Name": "movie_companies", "Alias": "mc", "Startup Cost": 0.0, "Total Cost": 0.36, "Plan Rows": 2, "Plan Width": 12, "Actual Min Startup Time": 0.038, "Actual Max Startup Time": 0.038, "Actual Min Total Time": 0.059, "Actual Max Total Time": 0.059, "Actual Total Rows": 33, "Index Cond": "(movie_id = mi_idx.movie_id)", "Rows Removed by Index Recheck": 0}]}, {"Node Type": "Index Scan", "Parent Relationship": "Inner", "Scan Direction": "Forward", "Index Name": "movie_id_movie_info", "Relation Name": "movie_info", "Alias": "mi", "Startup Cost": 0.0, "Total Cost": 0.66, "Plan Rows": 5, "Plan Width": 50, "Actual Min Startup Time": 0.512, "Actual Max Startup Time": 0.512, "Actual Min Total Time": 2.769, "Actual Max Total Time": 2.769, "Actual Total Rows": 4959, "Index Cond": "(movie_id = mc.movie_id)", "Rows Removed by Index Recheck": 0}]}, {"Node Type": "Index Scan", "Parent Relationship": "Inner", "Scan Direction": "Forward", "Index Name": "info_type_pkey", "Relation Name": "info_type", "Alias": "it1", "Startup Cost": 0.0, "Total Cost": 0.27, "Plan Rows": 1, "Plan Width": 4, "Actual Min Startup Time": 8.77, "Actual Max Startup Time": 8.77, "Actual Min Total Time": 8.77, "Actual Max Total Time": 8.77, "Actual Total Rows": 33, "Index Cond": "(id = mi.info_type_id)", "Rows Removed by Index Recheck": 0, "Filter": "((info)::text = 'budget'::text)", "Rows Removed by Filter": 4864}]}, {"Node Type": "Index Scan", "Parent Relationship": "Inner", "Scan Direction": "Forward", "Index Name": "company_type_pkey", "Relation Name": "company_type", "Alias": "ct", "Startup Cost": 0.0, "Total Cost": 0.28, "Plan Rows": 1, "Plan Width": 4, "Actual Min Startup Time": 0.05, "Actual Max Startup Time": 0.05, "Actual Min Total Time": 0.05, "Actual Max Total Time": 0.05, "Actual Total Rows": 5, "Index Cond": "(id = mc.company_type_id)", "Rows Removed by Index Recheck": 0, "Filter": "((kind IS NOT NULL) AND (((kind)::text = 'production companies'::text) OR ((kind)::text = 'distributors'::text)))", "Rows Removed by Filter": 0}]}, {"Node Type": "Index Scan", "Parent Relationship": "Inner", "Scan Direction": "Forward", "Index Name": "company_name_pkey", "Relation Name": "company_name", "Alias": "cn", "Startup Cost": 0.0, "Total Cost": 0.28, "Plan Rows": 1, "Plan Width": 4, "Actual Min Startup Time": 0.063, "Actual Max Startup Time": 0.063, "Actual Min Total Time": 0.063, "Actual Max Total Time": 0.063, "Actual Total Rows": 5, "Index Cond": "(id = mc.company_id)", "Rows Removed by Index Recheck": 0, "Filter": "((country_code)::text = '[us]'::text)", "Rows Removed by Filter": 0}]}]}, "Triggers": [], "Planner Runtime": 189.988, "Total Runtime": 237.894, "Unique SQL Id": 1682224415}}, "(64, 77)": {"explain_plan": {"Plan": {"Node Type": "Aggregate", "Strategy": "Plain", "Startup Cost": 131883.54, "Total Cost": 131883.55, "Plan Rows": 1, "Plan Width": 123, "Plans": [{"Node Type": "Nested Loop", "Parent Relationship": "Outer", "Join Type": "Inner", "Startup Cost": 0.0, "Total Cost": 131883.3, "Plan Rows": 48, "Plan Width": 59, "Inner Unique": true, "Plans": [{"Node Type": "Nested Loop", "Parent Relationship": "Outer", "Join Type": "Inner", "Startup Cost": 0.0, "Total Cost": 131869.62, "Plan Rows": 48, "Plan Width": 63, "Inner Unique": true, "Plans": [{"Node Type": "Nested Loop", "Parent Relationship": "Outer", "Join Type": "Inner", "Startup Cost": 0.0, "Total Cost": 131799.56, "Plan Rows": 248, "Plan Width": 67, "Inner Unique": false, "Join Filter": "(t.id = mi.movie_id)", "Plans": [{"Node Type": "Nested Loop", "Parent Relationship": "Outer", "Join Type": "Inner", "Startup Cost": 0.0, "Total Cost": 131476.79, "Plan Rows": 444, "Plan Width": 33, "Inner Unique": true, "Plans": [{"Node Type": "Nested Loop", "Parent Relationship": "Outer", "Join Type": "Inner", "Startup Cost": 0.0, "Total Cost": 131416.38, "Plan Rows": 210, "Plan Width": 37, "Inner Unique": false, "Join Filter": "(t.id = mc.movie_id)", "Plans": [{"Node Type": "Nested Loop", "Parent Relationship": "Outer", "Join Type": "Inner", "Startup Cost": 0.0, "Total Cost": 131295.61, "Plan Rows": 311, "Plan Width": 25, "Inner Unique": true, "Plans": [{"Node Type": "Nested Loop", "Parent Relationship": "Outer", "Join Type": "Inner", "Startup Cost": 0.0, "Total Cost": 131183.74, "Plan Rows": 396, "Plan Width": 29, "Inner Unique": false, "Plans": [{"Node Type": "Index Scan", "Parent Relationship": "Outer", "Scan Direction": "Forward", "Index Name": "title_pkey", "Relation Name": "title", "Alias": "t", "Startup Cost": 0.0, "Total Cost": 129082.82, "Plan Rows": 258, "Plan Width": 21, "Filter": "((production_year > 2000) AND (((title)::text ~~ 'Birdemic%'::text) OR ((title)::text ~~ '%Movie%'::text)))"}, {"Node Type": "Index Scan", "Parent Relationship": "Inner", "Scan Direction": "Forward", "Index Name": "movie_id_movie_info_idx", "Relation Name": "movie_info_idx", "Alias": "mi_idx", "Startup Cost": 0.0, "Total Cost": 8.12, "Plan Rows": 2, "Plan Width": 8, "Index Cond": "(movie_id = t.id)"}]}, {"Node Type": "Index Scan", "Parent Relationship": "Inner", "Scan Direction": "Forward", "Index Name": "info_type_pkey", "Relation Name": "info_type", "Alias": "it2", "Startup Cost": 0.0, "Total Cost": 0.27, "Plan Rows": 1, "Plan Width": 4, "Index Cond": "(id = mi_idx.info_type_id)", "Filter": "((info)::text = 'bottom 10 rank'::text)"}]}, {"Node Type": "Index Scan", "Parent Relationship": "Inner", "Scan Direction": "Forward", "Index Name": "movie_id_movie_companies", "Relation Name": "movie_companies", "Alias": "mc", "Startup Cost": 0.0, "Total Cost": 0.36, "Plan Rows": 2, "Plan Width": 12, "Index Cond": "(movie_id = mi_idx.movie_id)"}]}, {"Node Type": "Index Scan", "Parent Relationship": "Inner", "Scan Direction": "Forward", "Index Name": "company_name_pkey", "Relation Name": "company_name", "Alias": "cn", "Startup Cost": 0.0, "Total Cost": 0.28, "Plan Rows": 1, "Plan Width": 4, "Index Cond": "(id = mc.company_id)", "Filter": "((country_code)::text = '[us]'::text)"}]}, {"Node Type": "Index Scan", "Parent Relationship": "Inner", "Scan Direction": "Forward", "Index Name": "movie_id_movie_info", "Relation Name": "movie_info", "Alias": "mi", "Startup Cost": 0.0, "Total Cost": 0.66, "Plan Rows": 5, "Plan Width": 50, "Index Cond": "(movie_id = mc.movie_id)"}]}, {"Node Type": "Index Scan", "Parent Relationship": "Inner", "Scan Direction": "Forward", "Index Name": "info_type_pkey", "Relation Name": "info_type", "Alias": "it1", "Startup Cost": 0.0, "Total Cost": 0.27, "Plan Rows": 1, "Plan Width": 4, "Index Cond": "(id = mi.info_type_id)", "Filter": "((info)::text = 'budget'::text)"}]}, {"Node Type": "Index Scan", "Parent Relationship": "Inner", "Scan Direction": "Forward", "Index Name": "company_type_pkey", "Relation Name": "company_type", "Alias": "ct", "Startup Cost": 0.0, "Total Cost": 0.28, "Plan Rows": 1, "Plan Width": 4, "Index Cond": "(id = mc.company_type_id)", "Filter": "((kind IS NOT NULL) AND (((kind)::text = 'production companies'::text) OR ((kind)::text = 'distributors'::text)))"}]}]}, "Unique SQL Id": 1682224415}, "explain_analyze_plan": null}, "(64, 78)": {"explain_plan": {"Plan": {"Node Type": "Aggregate", "Strategy": "Plain", "Startup Cost": 229742.27, "Total Cost": 229742.28, "Plan Rows": 1, "Plan Width": 123, "Plans": [{"Node Type": "Hash Join", "Parent Relationship": "Outer", "Join Type": "Inner", "Startup Cost": 138217.97, "Total Cost": 229742.03, "Plan Rows": 48, "Plan Width": 59, "Inner Unique": true, "Hash Cond": "(mc.company_type_id = ct.id)", "Plans": [{"Node Type": "Hash Join", "Parent Relationship": "Outer", "Join Type": "Inner", "Startup Cost": 138216.9, "Total Cost": 229740.3, "Plan Rows": 48, "Plan Width": 63, "Inner Unique": true, "Hash Cond": "(mi_idx.info_type_id = it2.id)", "Plans": [{"Node Type": "Hash Join", "Parent Relationship": "Outer", "Join Type": "Inner", "Startup Cost": 138214.48, "Total Cost": 229736.85, "Plan Rows": 193, "Plan Width": 67, "Inner Unique": true, "Hash Cond": "(mi.info_type_id = it1.id)", "Plans": [{"Node Type": "Hash Join", "Parent Relationship": "Outer", "Join Type": "Inner", "Startup Cost": 138212.07, "Total Cost": 229723.13, "Plan Rows": 3899, "Plan Width": 71, "Inner Unique": true, "Hash Cond": "(mc.company_id = cn.id)", "Plans": [{"Node Type": "Streaming(type: LOCAL GATHER dop: 1/64)", "Parent Relationship": "Outer", "Startup Cost": 135671.58, "Total Cost": 227109.8, "Plan Rows": 4648, "Plan Width": 75, "Plans": [{"Node Type": "Hash Join", "Parent Relationship": "Outer", "Join Type": "Inner", "Startup Cost": 135671.58, "Total Cost": 227013.91, "Plan Rows": 4648, "Plan Width": 75, "Inner Unique": false, "Hash Cond": "(t.id = mi.movie_id)", "Plans": [{"Node Type": "Streaming(type: BROADCAST dop: 64/1)", "Parent Relationship": "Outer", "Startup Cost": 115857.19, "Total Cost": 207150.46, "Plan Rows": 53824, "Plan Width": 41, "Plans": [{"Node Type": "Hash Join", "Parent Relationship": "Outer", "Join Type": "Inner", "Startup Cost": 115857.19, "Total Cost": 143040.08, "Plan Rows": 841, "Plan Width": 41, "Inner Unique": false, "Hash Cond": "(mi_idx.movie_id = t.id)", "Plans": [{"Node Type": "Seq Scan", "Parent Relationship": "Outer", "Relation Name": "movie_info_idx", "Alias": "mi_idx", "Startup Cost": 0.0, "Total Cost": 20274.34, "Plan Rows": 1380034, "Plan Width": 8}, {"Node Type": "Hash", "Parent Relationship": "Inner", "Startup Cost": 115850.37, "Total Cost": 115850.37, "Plan Rows": 545, "Plan Width": 33, "Plans": [{"Node Type": "Hash Join", "Parent Relationship": "Outer", "Join Type": "Inner", "Startup Cost": 64243.41, "Total Cost": 115850.37, "Plan Rows": 545, "Plan Width": 33, "Inner Unique": true, "Hash Cond": "(mc.movie_id = t.id)", "Plans": [{"Node Type": "Seq Scan", "Parent Relationship": "Outer", "Relation Name": "movie_companies", "Alias": "mc", "Startup Cost": 0.0, "Total Cost": 41817.28, "Plan Rows": 2609128, "Plan Width": 12}, {"Node Type": "Hash", "Parent Relationship": "Inner", "Startup Cost": 64240.19, "Total Cost": 64240.19, "Plan Rows": 258, "Plan Width": 21, "Plans": [{"Node Type": "Streaming(type: LOCAL GATHER dop: 1/64)", "Parent Relationship": "Outer", "Startup Cost": 0.0, "Total Cost": 64240.19, "Plan Rows": 258, "Plan Width": 21, "Plans": [{"Node Type": "Seq Scan", "Parent Relationship": "Outer", "Relation Name": "title", "Alias": "t", "Startup Cost": 0.0, "Total Cost": 64234.87, "Plan Rows": 258, "Plan Width": 21, "Filter": "((production_year > 2000) AND (((title)::text ~~ 'Birdemic%'::text) OR ((title)::text ~~ '%Movie%'::text)))"}]}]}]}]}]}]}, {"Node Type": "Hash", "Parent Relationship": "Inner", "Startup Cost": 67640.43, "Total Cost": 67640.43, "Plan Rows": 14869966, "Plan Width": 50, "Plans": [{"Node Type": "Seq Scan", "Parent Relationship": "Outer", "Relation Name": "movie_info", "Alias": "mi", "Startup Cost": 0.0, "Total Cost": 67640.43, "Plan Rows": 14869966, "Plan Width": 50}]}]}]}, {"Node Type": "Hash", "Parent Relationship": "Inner", "Startup Cost": 5903.45, "Total Cost": 5903.45, "Plan Rows": 85170, "Plan Width": 4, "Plans": [{"Node Type": "Seq Scan", "Parent Relationship": "Outer", "Relation Name": "company_name", "Alias": "cn", "Startup Cost": 0.0, "Total Cost": 5903.45, "Plan Rows": 85170, "Plan Width": 4, "Filter": "((country_code)::text = '[us]'::text)"}]}]}, {"Node Type": "Hash", "Parent Relationship": "Inner", "Startup Cost": 2.4, "Total Cost": 2.4, "Plan Rows": 1, "Plan Width": 4, "Plans": [{"Node Type": "Seq Scan", "Parent Relationship": "Outer", "Relation Name": "info_type", "Alias": "it1", "Startup Cost": 0.0, "Total Cost": 2.4, "Plan Rows": 1, "Plan Width": 4, "Filter": "((info)::text = 'budget'::text)"}]}]}, {"Node Type": "Hash", "Parent Relationship": "Inner", "Startup Cost": 2.4, "Total Cost": 2.4, "Plan Rows": 1, "Plan Width": 4, "Plans": [{"Node Type": "Seq Scan", "Parent Relationship": "Outer", "Relation Name": "info_type", "Alias": "it2", "Startup Cost": 0.0, "Total Cost": 2.4, "Plan Rows": 1, "Plan Width": 4, "Filter": "((info)::text = 'bottom 10 rank'::text)"}]}]}, {"Node Type": "Hash", "Parent Relationship": "Inner", "Startup Cost": 1.04, "Total Cost": 1.04, "Plan Rows": 2, "Plan Width": 4, "Plans": [{"Node Type": "Seq Scan", "Parent Relationship": "Outer", "Relation Name": "company_type", "Alias": "ct", "Startup Cost": 0.0, "Total Cost": 1.04, "Plan Rows": 2, "Plan Width": 4, "Filter": "((kind IS NOT NULL) AND (((kind)::text = 'production companies'::text) OR ((kind)::text = 'distributors'::text)))"}]}]}]}, "Unique SQL Id": 1682224415}, "explain_analyze_plan": null}, "(64, 79)": {"explain_plan": {"Plan": {"Node Type": "Aggregate", "Strategy": "Plain", "Startup Cost": 7992975234889.96, "Total Cost": 7992975234889.97, "Plan Rows": 1, "Plan Width": 123, "Plans": [{"Node Type": "Hash Join", "Parent Relationship": "Outer", "Join Type": "Inner", "Startup Cost": 4040006794292.66, "Total Cost": 7992975234889.72, "Plan Rows": 48, "Plan Width": 59, "Inner Unique": true, "Hash Cond": "(mi_idx.info_type_id = it2.id)", "Plans": [{"Node Type": "Hash Join", "Parent Relationship": "Outer", "Join Type": "Inner", "Startup Cost": 3040006792871.65, "Total Cost": 6992975233467.67, "Plan Rows": 193, "Plan Width": 63, "Inner Unique": true, "Hash Cond": "(mi.info_type_id = it1.id)", "Plans": [{"Node Type": "Hash Join", "Parent Relationship": "Outer", "Join Type": "Inner", "Startup Cost": 2040006791450.64, "Total Cost": 5992975232035.35, "Plan Rows": 3899, "Plan Width": 67, "Inner Unique": true, "Hash Cond": "(mc.company_type_id = ct.id)", "Plans": [{"Node Type": "Hash Join", "Parent Relationship": "Outer", "Join Type": "Inner", "Startup Cost": 1040006790219.61, "Total Cost": 4992975230750.71, "Plan Rows": 3899, "Plan Width": 71, "Inner Unique": true, "Hash Cond": "(mc.company_id = cn.id)", "Plans": [{"Node Type": "Merge Join", "Parent Relationship": "Outer", "Join Type": "Inner", "Startup Cost": 40005739016.02, "Total Cost": 3992974179474.28, "Plan Rows": 4648, "Plan Width": 75, "Inner Unique": false, "Merge Cond": "(t.id = mi.movie_id)", "Plans": [{"Node Type": "Merge Join", "Parent Relationship": "Outer", "Join Type": "Inner", "Startup Cost": 30005739016.02, "Total Cost": 2996397545086.11, "Plan Rows": 841, "Plan Width": 41, "Inner Unique": false, "Merge Cond": "(t.id = mi_idx.movie_id)", "Plans": [{"Node Type": "Merge Join", "Parent Relationship": "Outer", "Join Type": "Inner", "Startup Cost": 20000000000.0, "Total Cost": 2000025966759.29, "Plan Rows": 545, "Plan Width": 33, "Inner Unique": true, "Merge Cond": "(mc.movie_id = t.id)", "Plans": [{"Node Type": "Index Scan", "Parent Relationship": "Outer", "Scan Direction": "Forward", "Index Name": "movie_id_movie_companies", "Relation Name": "movie_companies", "Alias": "mc", "Startup Cost": 10000000000.0, "Total Cost": 1000013051946.13, "Plan Rows": 2609128, "Plan Width": 12}, {"Node Type": "Materialize", "Parent Relationship": "Inner", "Startup Cost": 10000000000.0, "Total Cost": 1000012908282.81, "Plan Rows": 258, "Plan Width": 21, "Plans": [{"Node Type": "Index Scan", "Parent Relationship": "Outer", "Scan Direction": "Forward", "Index Name": "title_pkey", "Relation Name": "title", "Alias": "t", "Startup Cost": 10000000000.0, "Total Cost": 1000012908282.16, "Plan Rows": 258, "Plan Width": 21, "Filter": "((production_year > 2000) AND (((title)::text ~~ 'Birdemic%'::text) OR ((title)::text ~~ '%Movie%'::text)))"}]}]}, {"Node Type": "Index Scan", "Parent Relationship": "Inner", "Scan Direction": "Forward", "Index Name": "movie_id_movie_info_idx", "Relation Name": "movie_info_idx", "Alias": "mi_idx", "Startup Cost": 10000000000.0, "Total Cost": 1000004650035.37, "Plan Rows": 1380034, "Plan Width": 8}]}, {"Node Type": "Index Scan", "Parent Relationship": "Inner", "Scan Direction": "Forward", "Index Name": "movie_id_movie_info", "Relation Name": "movie_info", "Alias": "mi", "Startup Cost": 10000000000.0, "Total Cost": 1000103816912.22, "Plan Rows": 14869966, "Plan Width": 50}]}, {"Node Type": "Hash", "Parent Relationship": "Inner", "Startup Cost": 1000001050138.97, "Total Cost": 1000001050138.97, "Plan Rows": 85170, "Plan Width": 4, "Plans": [{"Node Type": "Index Scan", "Parent Relationship": "Outer", "Scan Direction": "Forward", "Index Name": "company_name_pkey", "Relation Name": "company_name", "Alias": "cn", "Startup Cost": 10000000000.0, "Total Cost": 1000001050138.97, "Plan Rows": 85170, "Plan Width": 4, "Filter": "((country_code)::text = '[us]'::text)"}]}]}, {"Node Type": "Hash", "Parent Relationship": "Inner", "Startup Cost": 1000000001231.0, "Total Cost": 1000000001231.0, "Plan Rows": 2, "Plan Width": 4, "Plans": [{"Node Type": "Index Scan", "Parent Relationship": "Outer", "Scan Direction": "Forward", "Index Name": "company_type_pkey", "Relation Name": "company_type", "Alias": "ct", "Startup Cost": 10000000000.0, "Total Cost": 1000000001231.0, "Plan Rows": 2, "Plan Width": 4, "Filter": "((kind IS NOT NULL) AND (((kind)::text = 'production companies'::text) OR ((kind)::text = 'distributors'::text)))"}]}]}, {"Node Type": "Hash", "Parent Relationship": "Inner", "Startup Cost": 1000000001421.0, "Total Cost": 1000000001421.0, "Plan Rows": 1, "Plan Width": 4, "Plans": [{"Node Type": "Index Scan", "Parent Relationship": "Outer", "Scan Direction": "Forward", "Index Name": "info_type_pkey", "Relation Name": "info_type", "Alias": "it1", "Startup Cost": 10000000000.0, "Total Cost": 1000000001421.0, "Plan Rows": 1, "Plan Width": 4, "Filter": "((info)::text = 'budget'::text)"}]}]}, {"Node Type": "Hash", "Parent Relationship": "Inner", "Startup Cost": 1000000001421.0, "Total Cost": 1000000001421.0, "Plan Rows": 1, "Plan Width": 4, "Plans": [{"Node Type": "Index Scan", "Parent Relationship": "Outer", "Scan Direction": "Forward", "Index Name": "info_type_pkey", "Relation Name": "info_type", "Alias": "it2", "Startup Cost": 10000000000.0, "Total Cost": 1000000001421.0, "Plan Rows": 1, "Plan Width": 4, "Filter": "((info)::text = 'bottom 10 rank'::text)"}]}]}]}, "Unique SQL Id": 1682224415}, "explain_analyze_plan": null}, "(64, 80)": {"explain_plan": {"Plan": {"Node Type": "Aggregate", "Strategy": "Plain", "Startup Cost": 67027.86, "Total Cost": 67027.87, "Plan Rows": 1, "Plan Width": 123, "Plans": [{"Node Type": "Nested Loop", "Parent Relationship": "Outer", "Join Type": "Inner", "Startup Cost": 0.0, "Total Cost": 67027.84, "Plan Rows": 4, "Plan Width": 59, "Inner Unique": true, "Plans": [{"Node Type": "Nested Loop", "Parent Relationship": "Outer", "Join Type": "Inner", "Startup Cost": 0.0, "Total Cost": 67026.7, "Plan Rows": 4, "Plan Width": 63, "Inner Unique": true, "Plans": [{"Node Type": "Nested Loop", "Parent Relationship": "Outer", "Join Type": "Inner", "Startup Cost": 0.0, "Total Cost": 66956.92, "Plan Rows": 247, "Plan Width": 67, "Inner Unique": false, "Join Filter": "(t.id = mi.movie_id)", "Plans": [{"Node Type": "Nested Loop", "Parent Relationship": "Outer", "Join Type": "Inner", "Startup Cost": 0.0, "Total Cost": 66634.16, "Plan Rows": 444, "Plan Width": 33, "Inner Unique": true, "Plans": [{"Node Type": "Nested Loop", "Parent Relationship": "Outer", "Join Type": "Inner", "Startup Cost": 0.0, "Total Cost": 66573.75, "Plan Rows": 210, "Plan Width": 37, "Inner Unique": false, "Join Filter": "(t.id = mc.movie_id)", "Plans": [{"Node Type": "Nested Loop", "Parent Relationship": "Outer", "Join Type": "Inner", "Startup Cost": 0.0, "Total Cost": 66452.98, "Plan Rows": 311, "Plan Width": 25, "Inner Unique": true, "Plans": [{"Node Type": "Nested Loop", "Parent Relationship": "Outer", "Join Type": "Inner", "Startup Cost": 0.0, "Total Cost": 66341.1, "Plan Rows": 396, "Plan Width": 29, "Inner Unique": false, "Plans": [{"Node Type": "Streaming(type: LOCAL GATHER dop: 1/64)", "Parent Relationship": "Outer", "Startup Cost": 0.0, "Total Cost": 64240.19, "Plan Rows": 258, "Plan Width": 21, "Plans": [{"Node Type": "Seq Scan", "Parent Relationship": "Outer", "Relation Name": "title", "Alias": "t", "Startup Cost": 0.0, "Total Cost": 64234.87, "Plan Rows": 258, "Plan Width": 21, "Filter": "((production_year > 2000) AND (((title)::text ~~ 'Birdemic%'::text) OR ((title)::text ~~ '%Movie%'::text)))"}]}, {"Node Type": "Index Scan", "Parent Relationship": "Inner", "Scan Direction": "Forward", "Index Name": "movie_id_movie_info_idx", "Relation Name": "movie_info_idx", "Alias": "mi_idx", "Startup Cost": 0.0, "Total Cost": 8.12, "Plan Rows": 2, "Plan Width": 8, "Index Cond": "(movie_id = t.id)"}]}, {"Node Type": "Index Scan", "Parent Relationship": "Inner", "Scan Direction": "Forward", "Index Name": "info_type_pkey", "Relation Name": "info_type", "Alias": "it2", "Startup Cost": 0.0, "Total Cost": 0.27, "Plan Rows": 1, "Plan Width": 4, "Index Cond": "(id = mi_idx.info_type_id)", "Filter": "((info)::text = 'bottom 10 rank'::text)"}]}, {"Node Type": "Index Scan", "Parent Relationship": "Inner", "Scan Direction": "Forward", "Index Name": "movie_id_movie_companies", "Relation Name": "movie_companies", "Alias": "mc", "Startup Cost": 0.0, "Total Cost": 0.36, "Plan Rows": 2, "Plan Width": 12, "Index Cond": "(movie_id = mi_idx.movie_id)"}]}, {"Node Type": "Index Scan", "Parent Relationship": "Inner", "Scan Direction": "Forward", "Index Name": "company_name_pkey", "Relation Name": "company_name", "Alias": "cn", "Startup Cost": 0.0, "Total Cost": 0.28, "Plan Rows": 1, "Plan Width": 4, "Index Cond": "(id = mc.company_id)", "Filter": "((country_code)::text = '[us]'::text)"}]}, {"Node Type": "Index Scan", "Parent Relationship": "Inner", "Scan Direction": "Forward", "Index Name": "movie_id_movie_info", "Relation Name": "movie_info", "Alias": "mi", "Startup Cost": 0.0, "Total Cost": 0.66, "Plan Rows": 5, "Plan Width": 50, "Index Cond": "(movie_id = mc.movie_id)"}]}, {"Node Type": "Index Scan", "Parent Relationship": "Inner", "Scan Direction": "Forward", "Index Name": "info_type_pkey", "Relation Name": "info_type", "Alias": "it1", "Startup Cost": 0.0, "Total Cost": 0.27, "Plan Rows": 1, "Plan Width": 4, "Index Cond": "(id = mi.info_type_id)", "Filter": "((info)::text = 'budget'::text)"}]}, {"Node Type": "Index Scan", "Parent Relationship": "Inner", "Scan Direction": "Forward", "Index Name": "company_type_pkey", "Relation Name": "company_type", "Alias": "ct", "Startup Cost": 0.0, "Total Cost": 0.28, "Plan Rows": 1, "Plan Width": 4, "Index Cond": "(id = mc.company_type_id)", "Filter": "((kind IS NOT NULL) AND (((kind)::text = 'production companies'::text) OR ((kind)::text = 'distributors'::text)))"}]}]}, "Unique SQL Id": 1682224415}, "explain_analyze_plan": {"Plan": {"Node Type": "Aggregate", "Strategy": "Plain", "Startup Cost": 67027.86, "Total Cost": 67027.87, "Plan Rows": 1, "Plan Width": 123, "Actual Min Startup Time": 227.696, "Actual Max Startup Time": 227.696, "Actual Min Total Time": 227.697, "Actual Max Total Time": 227.697, "Actual Total Rows": 1, "Plans": [{"Node Type": "Nested Loop", "Parent Relationship": "Outer", "Join Type": "Inner", "Startup Cost": 0.0, "Total Cost": 67027.84, "Plan Rows": 4, "Plan Width": 59, "Actual Min Startup Time": 209.623, "Actual Max Startup Time": 209.623, "Actual Min Total Time": 227.562, "Actual Max Total Time": 227.562, "Actual Total Rows": 5, "Inner Unique": true, "Plans": [{"Node Type": "Nested Loop", "Parent Relationship": "Outer", "Join Type": "Inner", "Startup Cost": 0.0, "Total Cost": 67026.7, "Plan Rows": 4, "Plan Width": 63, "Actual Min Startup Time": 208.986, "Actual Max Startup Time": 208.986, "Actual Min Total Time": 227.517, "Actual Max Total Time": 227.517, "Actual Total Rows": 10, "Inner Unique": true, "Plans": [{"Node Type": "Nested Loop", "Parent Relationship": "Outer", "Join Type": "Inner", "Startup Cost": 0.0, "Total Cost": 66956.92, "Plan Rows": 247, "Plan Width": 67, "Actual Min Startup Time": 208.807, "Actual Max Startup Time": 208.807, "Actual Min Total Time": 224.77, "Actual Max Total Time": 224.77, "Actual Total Rows": 1210, "Inner Unique": false, "Join Filter": "(t.id = mi.movie_id)", "Rows Removed by Join Filter": 0, "Plans": [{"Node Type": "Nested Loop", "Parent Relationship": "Outer", "Join Type": "Inner", "Startup Cost": 0.0, "Total Cost": 66634.16, "Plan Rows": 444, "Plan Width": 33, "Actual Min Startup Time": 208.78, "Actual Max Startup Time": 208.78, "Actual Min Total Time": 223.43, "Actual Max Total Time": 223.43, "Actual Total Rows": 10, "Inner Unique": true, "Plans": [{"Node Type": "Nested Loop", "Parent Relationship": "Outer", "Join Type": "Inner", "Startup Cost": 0.0, "Total Cost": 66573.75, "Plan Rows": 210, "Plan Width": 37, "Actual Min Startup Time": 208.754, "Actual Max Startup Time": 208.754, "Actual Min Total Time": 223.139, "Actual Max Total Time": 223.139, "Actual Total Rows": 33, "Inner Unique": false, "Join Filter": "(t.id = mc.movie_id)", "Rows Removed by Join Filter": 0, "Plans": [{"Node Type": "Nested Loop", "Parent Relationship": "Outer", "Join Type": "Inner", "Startup Cost": 0.0, "Total Cost": 66452.98, "Plan Rows": 311, "Plan Width": 25, "Actual Min Startup Time": 208.721, "Actual Max Startup Time": 208.721, "Actual Min Total Time": 223.05, "Actual Max Total Time": 223.05, "Actual Total Rows": 2, "Inner Unique": true, "Plans": [{"Node Type": "Nested Loop", "Parent Relationship": "Outer", "Join Type": "Inner", "Startup Cost": 0.0, "Total Cost": 66341.1, "Plan Rows": 396, "Plan Width": 29, "Actual Min Startup Time": 113.733, "Actual Max Startup Time": 113.733, "Actual Min Total Time": 216.811, "Actual Max Total Time": 216.811, "Actual Total Rows": 2645, "Inner Unique": false, "Plans": [{"Node Type": "Streaming(type: LOCAL GATHER dop: 1/64)", "Parent Relationship": "Outer", "Startup Cost": 0.0, "Total Cost": 64240.19, "Plan Rows": 258, "Plan Width": 21, "Actual Min Startup Time": 113.621, "Actual Max Startup Time": 113.621, "Actual Min Total Time": 201.313, "Actual Max Total Time": 201.313, "Actual Total Rows": 2536, "Plans": [{"Node Type": "Seq Scan", "Parent Relationship": "Outer", "Relation Name": "title", "Alias": "t", "Startup Cost": 0.0, "Total Cost": 64234.87, "Plan Rows": 258, "Plan Width": 21, "Actual Min Startup Time": 0.039, "Actual Max Startup Time": 7.235, "Actual Min Total Time": 19.296, "Actual Max Total Time": 24.03, "Actual Total Rows": 2536, "Filter": "((production_year > 2000) AND (((title)::text ~~ 'Birdemic%'::text) OR ((title)::text ~~ '%Movie%'::text)))", "Rows Removed by Filter": 2525775}]}, {"Node Type": "Index Scan", "Parent Relationship": "Inner", "Scan Direction": "Forward", "Index Name": "movie_id_movie_info_idx", "Relation Name": "movie_info_idx", "Alias": "mi_idx", "Startup Cost": 0.0, "Total Cost": 8.12, "Plan Rows": 2, "Plan Width": 8, "Actual Min Startup Time": 12.581, "Actual Max Startup Time": 12.581, "Actual Min Total Time": 13.54, "Actual Max Total Time": 13.54, "Actual Total Rows": 2645, "Index Cond": "(movie_id = t.id)", "Rows Removed by Index Recheck": 0}]}, {"Node Type": "Index Scan", "Parent Relationship": "Inner", "Scan Direction": "Forward", "Index Name": "info_type_pkey", "Relation Name": "info_type", "Alias": "it2", "Startup Cost": 0.0, "Total Cost": 0.27, "Plan Rows": 1, "Plan Width": 4, "Actual Min Startup Time": 5.052, "Actual Max Startup Time": 5.052, "Actual Min Total Time": 5.052, "Actual Max Total Time": 5.052, "Actual Total Rows": 2, "Index Cond": "(id = mi_idx.info_type_id)", "Rows Removed by Index Recheck": 0, "Filter": "((info)::text = 'bottom 10 rank'::text)", "Rows Removed by Filter": 2643}]}, {"Node Type": "Index Scan", "Parent Relationship": "Inner", "Scan Direction": "Forward", "Index Name": "movie_id_movie_companies", "Relation Name": "movie_companies", "Alias": "mc", "Startup Cost": 0.0, "Total Cost": 0.36, "Plan Rows": 2, "Plan Width": 12, "Actual Min Startup Time": 0.025, "Actual Max Startup Time": 0.025, "Actual Min Total Time": 0.05, "Actual Max Total Time": 0.05, "Actual Total Rows": 33, "Index Cond": "(movie_id = mi_idx.movie_id)", "Rows Removed by Index Recheck": 0}]}, {"Node Type": "Index Scan", "Parent Relationship": "Inner", "Scan Direction": "Forward", "Index Name": "company_name_pkey", "Relation Name": "company_name", "Alias": "cn", "Startup Cost": 0.0, "Total Cost": 0.28, "Plan Rows": 1, "Plan Width": 4, "Actual Min Startup Time": 0.263, "Actual Max Startup Time": 0.263, "Actual Min Total Time": 0.263, "Actual Max Total Time": 0.263, "Actual Total Rows": 10, "Index Cond": "(id = mc.company_id)", "Rows Removed by Index Recheck": 0, "Filter": "((country_code)::text = '[us]'::text)", "Rows Removed by Filter": 23}]}, {"Node Type": "Index Scan", "Parent Relationship": "Inner", "Scan Direction": "Forward", "Index Name": "movie_id_movie_info", "Relation Name": "movie_info", "Alias": "mi", "Startup Cost": 0.0, "Total Cost": 0.66, "Plan Rows": 5, "Plan Width": 50, "Actual Min Startup Time": 0.162, "Actual Max Startup Time": 0.162, "Actual Min Total Time": 0.897, "Actual Max Total Time": 0.897, "Actual Total Rows": 1210, "Index Cond": "(movie_id = mc.movie_id)", "Rows Removed by Index Recheck": 0}]}, {"Node Type": "Index Scan", "Parent Relationship": "Inner", "Scan Direction": "Forward", "Index Name": "info_type_pkey", "Relation Name": "info_type", "Alias": "it1", "Startup Cost": 0.0, "Total Cost": 0.27, "Plan Rows": 1, "Plan Width": 4, "Actual Min Startup Time": 2.166, "Actual Max Startup Time": 2.166, "Actual Min Total Time": 2.166, "Actual Max Total Time": 2.166, "Actual Total Rows": 10, "Index Cond": "(id = mi.info_type_id)", "Rows Removed by Index Recheck": 0, "Filter": "((info)::text = 'budget'::text)", "Rows Removed by Filter": 1184}]}, {"Node Type": "Index Scan", "Parent Relationship": "Inner", "Scan Direction": "Forward", "Index Name": "company_type_pkey", "Relation Name": "company_type", "Alias": "ct", "Startup Cost": 0.0, "Total Cost": 0.28, "Plan Rows": 1, "Plan Width": 4, "Actual Min Startup Time": 0.029, "Actual Max Startup Time": 0.029, "Actual Min Total Time": 0.029, "Actual Max Total Time": 0.029, "Actual Total Rows": 5, "Index Cond": "(id = mc.company_type_id)", "Rows Removed by Index Recheck": 0, "Filter": "((kind IS NOT NULL) AND (((kind)::text = 'production companies'::text) OR ((kind)::text = 'distributors'::text)))", "Rows Removed by Filter": 0}]}]}, "Triggers": [], "Planner Runtime": 77.552, "Total Runtime": 239.985, "Unique SQL Id": 1682224415}}, "(64, 81)": {"explain_plan": {"Plan": {"Node Type": "Aggregate", "Strategy": "Plain", "Startup Cost": 131888.6, "Total Cost": 131888.61, "Plan Rows": 1, "Plan Width": 123, "Plans": [{"Node Type": "Nested Loop", "Parent Relationship": "Outer", "Join Type": "Inner", "Startup Cost": 0.0, "Total Cost": 131888.58, "Plan Rows": 4, "Plan Width": 59, "Inner Unique": true, "Plans": [{"Node Type": "Nested Loop", "Parent Relationship": "Outer", "Join Type": "Inner", "Startup Cost": 0.0, "Total Cost": 131887.44, "Plan Rows": 4, "Plan Width": 63, "Inner Unique": true, "Plans": [{"Node Type": "Nested Loop", "Parent Relationship": "Outer", "Join Type": "Inner", "Startup Cost": 0.0, "Total Cost": 131886.01, "Plan Rows": 5, "Plan Width": 67, "Inner Unique": true, "Plans": [{"Node Type": "Nested Loop", "Parent Relationship": "Outer", "Join Type": "Inner", "Startup Cost": 0.0, "Total Cost": 131569.04, "Plan Rows": 1122, "Plan Width": 71, "Inner Unique": false, "Join Filter": "(t.id = mi.movie_id)", "Plans": [{"Node Type": "Nested Loop", "Parent Relationship": "Outer", "Join Type": "Inner", "Startup Cost": 0.0, "Total Cost": 131416.38, "Plan Rows": 210, "Plan Width": 37, "Inner Unique": false, "Join Filter": "(t.id = mc.movie_id)", "Plans": [{"Node Type": "Nested Loop", "Parent Relationship": "Outer", "Join Type": "Inner", "Startup Cost": 0.0, "Total Cost": 131295.61, "Plan Rows": 311, "Plan Width": 25, "Inner Unique": true, "Plans": [{"Node Type": "Nested Loop", "Parent Relationship": "Outer", "Join Type": "Inner", "Startup Cost": 0.0, "Total Cost": 131183.74, "Plan Rows": 396, "Plan Width": 29, "Inner Unique": false, "Plans": [{"Node Type": "Index Scan", "Parent Relationship": "Outer", "Scan Direction": "Forward", "Index Name": "title_pkey", "Relation Name": "title", "Alias": "t", "Startup Cost": 0.0, "Total Cost": 129082.82, "Plan Rows": 258, "Plan Width": 21, "Filter": "((production_year > 2000) AND (((title)::text ~~ 'Birdemic%'::text) OR ((title)::text ~~ '%Movie%'::text)))"}, {"Node Type": "Index Scan", "Parent Relationship": "Inner", "Scan Direction": "Forward", "Index Name": "movie_id_movie_info_idx", "Relation Name": "movie_info_idx", "Alias": "mi_idx", "Startup Cost": 0.0, "Total Cost": 8.12, "Plan Rows": 2, "Plan Width": 8, "Index Cond": "(movie_id = t.id)"}]}, {"Node Type": "Index Scan", "Parent Relationship": "Inner", "Scan Direction": "Forward", "Index Name": "info_type_pkey", "Relation Name": "info_type", "Alias": "it2", "Startup Cost": 0.0, "Total Cost": 0.27, "Plan Rows": 1, "Plan Width": 4, "Index Cond": "(id = mi_idx.info_type_id)", "Filter": "((info)::text = 'bottom 10 rank'::text)"}]}, {"Node Type": "Index Scan", "Parent Relationship": "Inner", "Scan Direction": "Forward", "Index Name": "movie_id_movie_companies", "Relation Name": "movie_companies", "Alias": "mc", "Startup Cost": 0.0, "Total Cost": 0.36, "Plan Rows": 2, "Plan Width": 12, "Index Cond": "(movie_id = mi_idx.movie_id)"}]}, {"Node Type": "Index Scan", "Parent Relationship": "Inner", "Scan Direction": "Forward", "Index Name": "movie_id_movie_info", "Relation Name": "movie_info", "Alias": "mi", "Startup Cost": 0.0, "Total Cost": 0.66, "Plan Rows": 5, "Plan Width": 50, "Index Cond": "(movie_id = mc.movie_id)"}]}, {"Node Type": "Index Scan", "Parent Relationship": "Inner", "Scan Direction": "Forward", "Index Name": "info_type_pkey", "Relation Name": "info_type", "Alias": "it1", "Startup Cost": 0.0, "Total Cost": 0.27, "Plan Rows": 1, "Plan Width": 4, "Index Cond": "(id = mi.info_type_id)", "Filter": "((info)::text = 'budget'::text)"}]}, {"Node Type": "Index Scan", "Parent Relationship": "Inner", "Scan Direction": "Forward", "Index Name": "company_name_pkey", "Relation Name": "company_name", "Alias": "cn", "Startup Cost": 0.0, "Total Cost": 0.28, "Plan Rows": 1, "Plan Width": 4, "Index Cond": "(id = mc.company_id)", "Filter": "((country_code)::text = '[us]'::text)"}]}, {"Node Type": "Index Scan", "Parent Relationship": "Inner", "Scan Direction": "Forward", "Index Name": "company_type_pkey", "Relation Name": "company_type", "Alias": "ct", "Startup Cost": 0.0, "Total Cost": 0.28, "Plan Rows": 1, "Plan Width": 4, "Index Cond": "(id = mc.company_type_id)", "Filter": "((kind IS NOT NULL) AND (((kind)::text = 'production companies'::text) OR ((kind)::text = 'distributors'::text)))"}]}]}, "Unique SQL Id": 1682224415}, "explain_analyze_plan": null}, "(64, 82)": {"explain_plan": {"Plan": {"Node Type": "Aggregate", "Strategy": "Plain", "Startup Cost": 69017.51, "Total Cost": 69017.52, "Plan Rows": 1, "Plan Width": 123, "Plans": [{"Node Type": "Nested Loop", "Parent Relationship": "Outer", "Join Type": "Inner", "Startup Cost": 68948.57, "Total Cost": 69017.49, "Plan Rows": 4, "Plan Width": 59, "Inner Unique": true, "Plans": [{"Node Type": "Merge Join", "Parent Relationship": "Outer", "Join Type": "Inner", "Startup Cost": 68948.31, "Total Cost": 68948.96, "Plan Rows": 16, "Plan Width": 63, "Inner Unique": false, "Merge Cond": "(ct.id = mc.company_type_id)", "Plans": [{"Node Type": "Sort", "Parent Relationship": "Outer", "Startup Cost": 1.05, "Total Cost": 1.06, "Plan Rows": 2, "Plan Width": 4, "Sort Key": ["ct.id"], "Plans": [{"Node Type": "Seq Scan", "Parent Relationship": "Outer", "Relation Name": "company_type", "Alias": "ct", "Startup Cost": 0.0, "Total Cost": 1.04, "Plan Rows": 2, "Plan Width": 4, "Filter": "((kind IS NOT NULL) AND (((kind)::text = 'production companies'::text) OR ((kind)::text = 'distributors'::text)))"}]}, {"Node Type": "Sort", "Parent Relationship": "Inner", "Startup Cost": 68947.13, "Total Cost": 68947.26, "Plan Rows": 51, "Plan Width": 67, "Sort Key": ["mc.company_type_id"], "Plans": [{"Node Type": "Nested Loop", "Parent Relationship": "Outer", "Join Type": "Inner", "Startup Cost": 68903.31, "Total Cost": 68945.68, "Plan Rows": 51, "Plan Width": 67, "Inner Unique": false, "Join Filter": "(t.id = mc.movie_id)", "Plans": [{"Node Type": "Merge Join", "Parent Relationship": "Outer", "Join Type": "Inner", "Startup Cost": 68903.05, "Total Cost": 68911.14, "Plan Rows": 8, "Plan Width": 71, "Inner Unique": false, "Merge Cond": "(it1.id = mi.info_type_id)", "Plans": [{"Node Type": "Sort", "Parent Relationship": "Outer", "Startup Cost": 2.41, "Total Cost": 2.42, "Plan Rows": 1, "Plan Width": 4, "Sort Key": ["it1.id"], "Plans": [{"Node Type": "Seq Scan", "Parent Relationship": "Outer", "Relation Name": "info_type", "Alias": "it1", "Startup Cost": 0.0, "Total Cost": 2.4, "Plan Rows": 1, "Plan Width": 4, "Filter": "((info)::text = 'budget'::text)"}]}, {"Node Type": "Sort", "Parent Relationship": "Inner", "Startup Cost": 68900.19, "Total Cost": 68904.33, "Plan Rows": 1659, "Plan Width": 75, "Sort Key": ["mi.info_type_id"], "Plans": [{"Node Type": "Nested Loop", "Parent Relationship": "Outer", "Join Type": "Inner", "Startup Cost": 67385.05, "Total Cost": 68811.46, "Plan Rows": 1659, "Plan Width": 75, "Inner Unique": false, "Join Filter": "(t.id = mi.movie_id)", "Plans": [{"Node Type": "Merge Join", "Parent Relationship": "Outer", "Join Type": "Inner", "Startup Cost": 67384.59, "Total Cost": 67387.56, "Plan Rows": 311, "Plan Width": 25, "Inner Unique": false, "Merge Cond": "(it2.id = mi_idx.info_type_id)", "Plans": [{"Node Type": "Sort", "Parent Relationship": "Outer", "Startup Cost": 2.41, "Total Cost": 2.42, "Plan Rows": 1, "Plan Width": 4, "Sort Key": ["it2.id"], "Plans": [{"Node Type": "Seq Scan", "Parent Relationship": "Outer", "Relation Name": "info_type", "Alias": "it2", "Startup Cost": 0.0, "Total Cost": 2.4, "Plan Rows": 1, "Plan Width": 4, "Filter": "((info)::text = 'bottom 10 rank'::text)"}]}, {"Node Type": "Sort", "Parent Relationship": "Inner", "Startup Cost": 67382.18, "Total Cost": 67383.17, "Plan Rows": 396, "Plan Width": 29, "Sort Key": ["mi_idx.info_type_id"], "Plans": [{"Node Type": "Nested Loop", "Parent Relationship": "Outer", "Join Type": "Inner", "Startup Cost": 4.17, "Total Cost": 67365.09, "Plan Rows": 396, "Plan Width": 29, "Inner Unique": false, "Plans": [{"Node Type": "Streaming(type: LOCAL GATHER dop: 1/64)", "Parent Relationship": "Outer", "Startup Cost": 0.0, "Total Cost": 64240.19, "Plan Rows": 258, "Plan Width": 21, "Plans": [{"Node Type": "Seq Scan", "Parent Relationship": "Outer", "Relation Name": "title", "Alias": "t", "Startup Cost": 0.0, "Total Cost": 64234.87, "Plan Rows": 258, "Plan Width": 21, "Filter": "((production_year > 2000) AND (((title)::text ~~ 'Birdemic%'::text) OR ((title)::text ~~ '%Movie%'::text)))"}]}, {"Node Type": "Bitmap Heap Scan", "Parent Relationship": "Inner", "Relation Name": "movie_info_idx", "Alias": "mi_idx", "Startup Cost": 4.17, "Total Cost": 12.09, "Plan Rows": 2, "Plan Width": 8, "Recheck Cond": "(movie_id = t.id)", "Plans": [{"Node Type": "Bitmap Index Scan", "Parent Relationship": "Outer", "Index Name": "movie_id_movie_info_idx", "Startup Cost": 0.0, "Total Cost": 4.17, "Plan Rows": 2, "Plan Width": 0, "Index Cond": "(movie_id = t.id)"}]}]}]}]}, {"Node Type": "Bitmap Heap Scan", "Parent Relationship": "Inner", "Relation Name": "movie_info", "Alias": "mi", "Startup Cost": 0.45, "Total Cost": 4.52, "Plan Rows": 5, "Plan Width": 50, "Recheck Cond": "(movie_id = mi_idx.movie_id)", "Plans": [{"Node Type": "Bitmap Index Scan", "Parent Relationship": "Outer", "Index Name": "movie_id_movie_info", "Startup Cost": 0.0, "Total Cost": 0.45, "Plan Rows": 5, "Plan Width": 0, "Index Cond": "(movie_id = mi_idx.movie_id)"}]}]}]}]}, {"Node Type": "Bitmap Heap Scan", "Parent Relationship": "Inner", "Relation Name": "movie_companies", "Alias": "mc", "Startup Cost": 0.27, "Total Cost": 4.29, "Plan Rows": 2, "Plan Width": 12, "Recheck Cond": "(movie_id = mi.movie_id)", "Plans": [{"Node Type": "Bitmap Index Scan", "Parent Relationship": "Outer", "Index Name": "movie_id_movie_companies", "Startup Cost": 0.0, "Total Cost": 0.27, "Plan Rows": 2, "Plan Width": 0, "Index Cond": "(movie_id = mi.movie_id)"}]}]}]}]}, {"Node Type": "Bitmap Heap Scan", "Parent Relationship": "Inner", "Relation Name": "company_name", "Alias": "cn", "Startup Cost": 0.26, "Total Cost": 4.27, "Plan Rows": 1, "Plan Width": 4, "Recheck Cond": "(id = mc.company_id)", "Filter": "((country_code)::text = '[us]'::text)", "Plans": [{"Node Type": "Bitmap Index Scan", "Parent Relationship": "Outer", "Index Name": "company_name_pkey", "Startup Cost": 0.0, "Total Cost": 0.26, "Plan Rows": 1, "Plan Width": 0, "Index Cond": "(id = mc.company_id)"}]}]}]}, "Unique SQL Id": 1682224415}, "explain_analyze_plan": {"Plan": {"Node Type": "Aggregate", "Strategy": "Plain", "Startup Cost": 69017.51, "Total Cost": 69017.52, "Plan Rows": 1, "Plan Width": 123, "Actual Min Startup Time": 230.787, "Actual Max Startup Time": 230.787, "Actual Min Total Time": 230.787, "Actual Max Total Time": 230.787, "Actual Total Rows": 1, "Plans": [{"Node Type": "Nested Loop", "Parent Relationship": "Outer", "Join Type": "Inner", "Startup Cost": 68948.57, "Total Cost": 69017.49, "Plan Rows": 4, "Plan Width": 59, "Actual Min Startup Time": 230.707, "Actual Max Startup Time": 230.707, "Actual Min Total Time": 230.762, "Actual Max Total Time": 230.762, "Actual Total Rows": 5, "Inner Unique": true, "Plans": [{"Node Type": "Merge Join", "Parent Relationship": "Outer", "Join Type": "Inner", "Startup Cost": 68948.31, "Total Cost": 68948.96, "Plan Rows": 16, "Plan Width": 63, "Actual Min Startup Time": 230.678, "Actual Max Startup Time": 230.678, "Actual Min Total Time": 230.682, "Actual Max Total Time": 230.682, "Actual Total Rows": 5, "Inner Unique": false, "Merge Cond": "(ct.id = mc.company_type_id)", "Plans": [{"Node Type": "Sort", "Parent Relationship": "Outer", "Startup Cost": 1.05, "Total Cost": 1.06, "Plan Rows": 2, "Plan Width": 4, "Actual Min Startup Time": 0.098, "Actual Max Startup Time": 0.098, "Actual Min Total Time": 0.098, "Actual Max Total Time": 0.098, "Actual Total Rows": 1, "Sort Key": ["ct.id"], "Sort Method": "quicksort", "Sort Space Min Used": 25, "Sort Space Max Used": 25, "Sort Space Type": "Memory", "Plans": [{"Node Type": "Seq Scan", "Parent Relationship": "Outer", "Relation Name": "company_type", "Alias": "ct", "Startup Cost": 0.0, "Total Cost": 1.04, "Plan Rows": 2, "Plan Width": 4, "Actual Min Startup Time": 0.054, "Actual Max Startup Time": 0.054, "Actual Min Total Time": 0.062, "Actual Max Total Time": 0.062, "Actual Total Rows": 1, "Filter": "((kind IS NOT NULL) AND (((kind)::text = 'production companies'::text) OR ((kind)::text = 'distributors'::text)))", "Rows Removed by Filter": 2}]}, {"Node Type": "Sort", "Parent Relationship": "Inner", "Startup Cost": 68947.13, "Total Cost": 68947.26, "Plan Rows": 51, "Plan Width": 67, "Actual Min Startup Time": 230.566, "Actual Max Startup Time": 230.566, "Actual Min Total Time": 230.568, "Actual Max Total Time": 230.568, "Actual Total Rows": 33, "Sort Key": ["mc.company_type_id"], "Sort Method": "quicksort", "Sort Space Min Used": 28, "Sort Space Max Used": 28, "Sort Space Type": "Memory", "Plans": [{"Node Type": "Nested Loop", "Parent Relationship": "Outer", "Join Type": "Inner", "Startup Cost": 68903.31, "Total Cost": 68945.68, "Plan Rows": 51, "Plan Width": 67, "Actual Min Startup Time": 230.497, "Actual Max Startup Time": 230.497, "Actual Min Total Time": 230.547, "Actual Max Total Time": 230.547, "Actual Total Rows": 33, "Inner Unique": false, "Join Filter": "(t.id = mc.movie_id)", "Rows Removed by Join Filter": 0, "Plans": [{"Node Type": "Merge Join", "Parent Relationship": "Outer", "Join Type": "Inner", "Startup Cost": 68903.05, "Total Cost": 68911.14, "Plan Rows": 8, "Plan Width": 71, "Actual Min Startup Time": 230.46, "Actual Max Startup Time": 230.46, "Actual Min Total Time": 230.464, "Actual Max Total Time": 230.464, "Actual Total Rows": 2, "Inner Unique": false, "Merge Cond": "(it1.id = mi.info_type_id)", "Plans": [{"Node Type": "Sort", "Parent Relationship": "Outer", "Startup Cost": 2.41, "Total Cost": 2.42, "Plan Rows": 1, "Plan Width": 4, "Actual Min Startup Time": 0.06, "Actual Max Startup Time": 0.06, "Actual Min Total Time": 0.06, "Actual Max Total Time": 0.06, "Actual Total Rows": 1, "Sort Key": ["it1.id"], "Sort Method": "quicksort", "Sort Space Min Used": 25, "Sort Space Max Used": 25, "Sort Space Type": "Memory", "Plans": [{"Node Type": "Seq Scan", "Parent Relationship": "Outer", "Relation Name": "info_type", "Alias": "it1", "Startup Cost": 0.0, "Total Cost": 2.4, "Plan Rows": 1, "Plan Width": 4, "Actual Min Startup Time": 0.053, "Actual Max Startup Time": 0.053, "Actual Min Total Time": 0.056, "Actual Max Total Time": 0.056, "Actual Total Rows": 1, "Filter": "((info)::text = 'budget'::text)", "Rows Removed by Filter": 111}]}, {"Node Type": "Sort", "Parent Relationship": "Inner", "Startup Cost": 68900.19, "Total Cost": 68904.33, "Plan Rows": 1659, "Plan Width": 75, "Actual Min Startup Time": 230.349, "Actual Max Startup Time": 230.349, "Actual Min Total Time": 230.372, "Actual Max Total Time": 230.372, "Actual Total Rows": 191, "Sort Key": ["mi.info_type_id"], "Sort Method": "quicksort", "Sort Space Min Used": 72, "Sort Space Max Used": 72, "Sort Space Type": "Memory", "Plans": [{"Node Type": "Nested Loop", "Parent Relationship": "Outer", "Join Type": "Inner", "Startup Cost": 67385.05, "Total Cost": 68811.46, "Plan Rows": 1659, "Plan Width": 75, "Actual Min Startup Time": 229.877, "Actual Max Startup Time": 229.877, "Actual Min Total Time": 230.214, "Actual Max Total Time": 230.214, "Actual Total Rows": 221, "Inner Unique": false, "Join Filter": "(t.id = mi.movie_id)", "Rows Removed by Join Filter": 0, "Plans": [{"Node Type": "Merge Join", "Parent Relationship": "Outer", "Join Type": "Inner", "Startup Cost": 67384.59, "Total Cost": 67387.56, "Plan Rows": 311, "Plan Width": 25, "Actual Min Startup Time": 229.816, "Actual Max Startup Time": 229.816, "Actual Min Total Time": 229.86, "Actual Max Total Time": 229.86, "Actual Total Rows": 2, "Inner Unique": false, "Merge Cond": "(it2.id = mi_idx.info_type_id)", "Plans": [{"Node Type": "Sort", "Parent Relationship": "Outer", "Startup Cost": 2.41, "Total Cost": 2.42, "Plan Rows": 1, "Plan Width": 4, "Actual Min Startup Time": 0.052, "Actual Max Startup Time": 0.052, "Actual Min Total Time": 0.052, "Actual Max Total Time": 0.052, "Actual Total Rows": 1, "Sort Key": ["it2.id"], "Sort Method": "quicksort", "Sort Space Min Used": 25, "Sort Space Max Used": 25, "Sort Space Type": "Memory", "Plans": [{"Node Type": "Seq Scan", "Parent Relationship": "Outer", "Relation Name": "info_type", "Alias": "it2", "Startup Cost": 0.0, "Total Cost": 2.4, "Plan Rows": 1, "Plan Width": 4, "Actual Min Startup Time": 0.043, "Actual Max Startup Time": 0.043, "Actual Min Total Time": 0.044, "Actual Max Total Time": 0.044, "Actual Total Rows": 1, "Filter": "((info)::text = 'bottom 10 rank'::text)", "Rows Removed by Filter": 111}]}, {"Node Type": "Sort", "Parent Relationship": "Inner", "Startup Cost": 67382.18, "Total Cost": 67383.17, "Plan Rows": 396, "Plan Width": 29, "Actual Min Startup Time": 229.109, "Actual Max Startup Time": 229.109, "Actual Min Total Time": 229.39, "Actual Max Total Time": 229.39, "Actual Total Rows": 2645, "Sort Key": ["mi_idx.info_type_id"], "Sort Method": "quicksort", "Sort Space Min Used": 414, "Sort Space Max Used": 414, "Sort Space Type": "Memory", "Plans": [{"Node Type": "Nested Loop", "Parent Relationship": "Outer", "Join Type": "Inner", "Startup Cost": 4.17, "Total Cost": 67365.09, "Plan Rows": 396, "Plan Width": 29, "Actual Min Startup Time": 115.226, "Actual Max Startup Time": 115.226, "Actual Min Total Time": 228.043, "Actual Max Total Time": 228.043, "Actual Total Rows": 2645, "Inner Unique": false, "Plans": [{"Node Type": "Streaming(type: LOCAL GATHER dop: 1/64)", "Parent Relationship": "Outer", "Startup Cost": 0.0, "Total Cost": 64240.19, "Plan Rows": 258, "Plan Width": 21, "Actual Min Startup Time": 115.106, "Actual Max Startup Time": 115.106, "Actual Min Total Time": 209.019, "Actual Max Total Time": 209.019, "Actual Total Rows": 2536, "Plans": [{"Node Type": "Seq Scan", "Parent Relationship": "Outer", "Relation Name": "title", "Alias": "t", "Startup Cost": 0.0, "Total Cost": 64234.87, "Plan Rows": 258, "Plan Width": 21, "Actual Min Startup Time": 0.034, "Actual Max Startup Time": 7.246, "Actual Min Total Time": 19.372, "Actual Max Total Time": 29.256, "Actual Total Rows": 2536, "Filter": "((production_year > 2000) AND (((title)::text ~~ 'Birdemic%'::text) OR ((title)::text ~~ '%Movie%'::text)))", "Rows Removed by Filter": 2525775}]}, {"Node Type": "Bitmap Heap Scan", "Parent Relationship": "Inner", "Relation Name": "movie_info_idx", "Alias": "mi_idx", "Startup Cost": 4.17, "Total Cost": 12.09, "Plan Rows": 2, "Plan Width": 8, "Actual Min Startup Time": 15.256, "Actual Max Startup Time": 15.256, "Actual Min Total Time": 15.614, "Actual Max Total Time": 15.614, "Actual Total Rows": 2645, "Recheck Cond": "(movie_id = t.id)", "Rows Removed by Index Recheck": 0, "Exact Heap Blocks": 890, "Lossy Heap Blocks": 890, "Plans": [{"Node Type": "Bitmap Index Scan", "Parent Relationship": "Outer", "Index Name": "movie_id_movie_info_idx", "Startup Cost": 0.0, "Total Cost": 4.17, "Plan Rows": 2, "Plan Width": 0, "Actual Min Startup Time": 11.294, "Actual Max Startup Time": 11.294, "Actual Min Total Time": 11.294, "Actual Max Total Time": 11.294, "Actual Total Rows": 2645, "Index Cond": "(movie_id = t.id)"}]}]}]}]}, {"Node Type": "Bitmap Heap Scan", "Parent Relationship": "Inner", "Relation Name": "movie_info", "Alias": "mi", "Startup Cost": 0.45, "Total Cost": 4.52, "Plan Rows": 5, "Plan Width": 50, "Actual Min Startup Time": 0.072, "Actual Max Startup Time": 0.072, "Actual Min Total Time": 0.246, "Actual Max Total Time": 0.246, "Actual Total Rows": 221, "Recheck Cond": "(movie_id = mi_idx.movie_id)", "Rows Removed by Index Recheck": 0, "Exact Heap Blocks": 40, "Lossy Heap Blocks": 40, "Plans": [{"Node Type": "Bitmap Index Scan", "Parent Relationship": "Outer", "Index Name": "movie_id_movie_info", "Startup Cost": 0.0, "Total Cost": 0.45, "Plan Rows": 5, "Plan Width": 0, "Actual Min Startup Time": 0.053, "Actual Max Startup Time": 0.053, "Actual Min Total Time": 0.053, "Actual Max Total Time": 0.053, "Actual Total Rows": 221, "Index Cond": "(movie_id = mi_idx.movie_id)"}]}]}]}]}, {"Node Type": "Bitmap Heap Scan", "Parent Relationship": "Inner", "Relation Name": "movie_companies", "Alias": "mc", "Startup Cost": 0.27, "Total Cost": 4.29, "Plan Rows": 2, "Plan Width": 12, "Actual Min Startup Time": 0.047, "Actual Max Startup Time": 0.047, "Actual Min Total Time": 0.059, "Actual Max Total Time": 0.059, "Actual Total Rows": 33, "Recheck Cond": "(movie_id = mi.movie_id)", "Rows Removed by Index Recheck": 0, "Exact Heap Blocks": 4, "Lossy Heap Blocks": 4, "Plans": [{"Node Type": "Bitmap Index Scan", "Parent Relationship": "Outer", "Index Name": "movie_id_movie_companies", "Startup Cost": 0.0, "Total Cost": 0.27, "Plan Rows": 2, "Plan Width": 0, "Actual Min Startup Time": 0.028, "Actual Max Startup Time": 0.028, "Actual Min Total Time": 0.028, "Actual Max Total Time": 0.028, "Actual Total Rows": 33, "Index Cond": "(movie_id = mi.movie_id)"}]}]}]}]}, {"Node Type": "Bitmap Heap Scan", "Parent Relationship": "Inner", "Relation Name": "company_name", "Alias": "cn", "Startup Cost": 0.26, "Total Cost": 4.27, "Plan Rows": 1, "Plan Width": 4, "Actual Min Startup Time": 0.066, "Actual Max Startup Time": 0.066, "Actual Min Total Time": 0.066, "Actual Max Total Time": 0.066, "Actual Total Rows": 5, "Recheck Cond": "(id = mc.company_id)", "Rows Removed by Index Recheck": 0, "Filter": "((country_code)::text = '[us]'::text)", "Rows Removed by Filter": 0, "Exact Heap Blocks": 5, "Lossy Heap Blocks": 5, "Plans": [{"Node Type": "Bitmap Index Scan", "Parent Relationship": "Outer", "Index Name": "company_name_pkey", "Startup Cost": 0.0, "Total Cost": 0.26, "Plan Rows": 1, "Plan Width": 0, "Actual Min Startup Time": 0.041, "Actual Max Startup Time": 0.041, "Actual Min Total Time": 0.041, "Actual Max Total Time": 0.041, "Actual Total Rows": 5, "Index Cond": "(id = mc.company_id)"}]}]}]}, "Triggers": [], "Planner Runtime": 66.972, "Total Runtime": 243.039, "Unique SQL Id": 1682224415}}, "(64, 83)": {"explain_plan": {"Plan": {"Node Type": "Aggregate", "Strategy": "Plain", "Startup Cost": 133478.65, "Total Cost": 133478.66, "Plan Rows": 1, "Plan Width": 123, "Plans": [{"Node Type": "Merge Join", "Parent Relationship": "Outer", "Join Type": "Inner", "Startup Cost": 133478.45, "Total Cost": 133478.63, "Plan Rows": 4, "Plan Width": 59, "Inner Unique": false, "Merge Cond": "(ct.id = mc.company_type_id)", "Plans": [{"Node Type": "Sort", "Parent Relationship": "Outer", "Startup Cost": 12.32, "Total Cost": 12.33, "Plan Rows": 2, "Plan Width": 4, "Sort Key": ["ct.id"], "Plans": [{"Node Type": "Bitmap Heap Scan", "Parent Relationship": "Outer", "Relation Name": "company_type", "Alias": "ct", "Startup Cost": 8.27, "Total Cost": 12.31, "Plan Rows": 2, "Plan Width": 4, "Filter": "((kind IS NOT NULL) AND (((kind)::text = 'production companies'::text) OR ((kind)::text = 'distributors'::text)))", "Plans": [{"Node Type": "Bitmap Index Scan", "Parent Relationship": "Outer", "Index Name": "company_type_pkey", "Startup Cost": 0.0, "Total Cost": 8.27, "Plan Rows": 3, "Plan Width": 0}]}]}, {"Node Type": "Sort", "Parent Relationship": "Inner", "Startup Cost": 133466.09, "Total Cost": 133466.13, "Plan Rows": 14, "Plan Width": 63, "Sort Key": ["mc.company_type_id"], "Plans": [{"Node Type": "Nested Loop", "Parent Relationship": "Outer", "Join Type": "Inner", "Startup Cost": 133372.32, "Total Cost": 133465.83, "Plan Rows": 14, "Plan Width": 63, "Inner Unique": true, "Plans": [{"Node Type": "Nested Loop", "Parent Relationship": "Outer", "Join Type": "Inner", "Startup Cost": 133372.06, "Total Cost": 133414.43, "Plan Rows": 12, "Plan Width": 67, "Inner Unique": false, "Join Filter": "(t.id = mc.movie_id)", "Plans": [{"Node Type": "Merge Join", "Parent Relationship": "Outer", "Join Type": "Inner", "Startup Cost": 133371.79, "Total Cost": 133379.88, "Plan Rows": 8, "Plan Width": 71, "Inner Unique": false, "Merge Cond": "(it1.id = mi.info_type_id)", "Plans": [{"Node Type": "Sort", "Parent Relationship": "Outer", "Startup Cost": 14.22, "Total Cost": 14.23, "Plan Rows": 1, "Plan Width": 4, "Sort Key": ["it1.id"], "Plans": [{"Node Type": "Bitmap Heap Scan", "Parent Relationship": "Outer", "Relation Name": "info_type", "Alias": "it1", "Startup Cost": 8.81, "Total Cost": 14.21, "Plan Rows": 1, "Plan Width": 4, "Filter": "((info)::text = 'budget'::text)", "Plans": [{"Node Type": "Bitmap Index Scan", "Parent Relationship": "Outer", "Index Name": "info_type_pkey", "Startup Cost": 0.0, "Total Cost": 8.81, "Plan Rows": 112, "Plan Width": 0}]}]}, {"Node Type": "Sort", "Parent Relationship": "Inner", "Startup Cost": 133357.12, "Total Cost": 133361.27, "Plan Rows": 1659, "Plan Width": 75, "Sort Key": ["mi.info_type_id"], "Plans": [{"Node Type": "Nested Loop", "Parent Relationship": "Outer", "Join Type": "Inner", "Startup Cost": 131841.98, "Total Cost": 133268.4, "Plan Rows": 1659, "Plan Width": 75, "Inner Unique": false, "Join Filter": "(t.id = mi.movie_id)", "Plans": [{"Node Type": "Merge Join", "Parent Relationship": "Outer", "Join Type": "Inner", "Startup Cost": 131841.53, "Total Cost": 131844.5, "Plan Rows": 311, "Plan Width": 25, "Inner Unique": false, "Merge Cond": "(it2.id = mi_idx.info_type_id)", "Plans": [{"Node Type": "Sort", "Parent Relationship": "Outer", "Startup Cost": 14.22, "Total Cost": 14.23, "Plan Rows": 1, "Plan Width": 4, "Sort Key": ["it2.id"], "Plans": [{"Node Type": "Bitmap Heap Scan", "Parent Relationship": "Outer", "Relation Name": "info_type", "Alias": "it2", "Startup Cost": 8.81, "Total Cost": 14.21, "Plan Rows": 1, "Plan Width": 4, "Filter": "((info)::text = 'bottom 10 rank'::text)", "Plans": [{"Node Type": "Bitmap Index Scan", "Parent Relationship": "Outer", "Index Name": "info_type_pkey", "Startup Cost": 0.0, "Total Cost": 8.81, "Plan Rows": 112, "Plan Width": 0}]}]}, {"Node Type": "Sort", "Parent Relationship": "Inner", "Startup Cost": 131827.3, "Total Cost": 131828.29, "Plan Rows": 396, "Plan Width": 29, "Sort Key": ["mi_idx.info_type_id"], "Plans": [{"Node Type": "Nested Loop", "Parent Relationship": "Outer", "Join Type": "Inner", "Startup Cost": 49658.04, "Total Cost": 131810.21, "Plan Rows": 396, "Plan Width": 29, "Inner Unique": false, "Plans": [{"Node Type": "Bitmap Heap Scan", "Parent Relationship": "Outer", "Relation Name": "title", "Alias": "t", "Startup Cost": 49653.87, "Total Cost": 128685.31, "Plan Rows": 258, "Plan Width": 21, "Filter": "((production_year > 2000) AND (((title)::text ~~ 'Birdemic%'::text) OR ((title)::text ~~ '%Movie%'::text)))", "Plans": [{"Node Type": "Bitmap Index Scan", "Parent Relationship": "Outer", "Index Name": "title_pkey", "Startup Cost": 0.0, "Total Cost": 49653.81, "Plan Rows": 2528311, "Plan Width": 0}]}, {"Node Type": "Bitmap Heap Scan", "Parent Relationship": "Inner", "Relation Name": "movie_info_idx", "Alias": "mi_idx", "Startup Cost": 4.17, "Total Cost": 12.09, "Plan Rows": 2, "Plan Width": 8, "Recheck Cond": "(movie_id = t.id)", "Plans": [{"Node Type": "Bitmap Index Scan", "Parent Relationship": "Outer", "Index Name": "movie_id_movie_info_idx", "Startup Cost": 0.0, "Total Cost": 4.17, "Plan Rows": 2, "Plan Width": 0, "Index Cond": "(movie_id = t.id)"}]}]}]}]}, {"Node Type": "Bitmap Heap Scan", "Parent Relationship": "Inner", "Relation Name": "movie_info", "Alias": "mi", "Startup Cost": 0.45, "Total Cost": 4.52, "Plan Rows": 5, "Plan Width": 50, "Recheck Cond": "(movie_id = mi_idx.movie_id)", "Plans": [{"Node Type": "Bitmap Index Scan", "Parent Relationship": "Outer", "Index Name": "movie_id_movie_info", "Startup Cost": 0.0, "Total Cost": 0.45, "Plan Rows": 5, "Plan Width": 0, "Index Cond": "(movie_id = mi_idx.movie_id)"}]}]}]}]}, {"Node Type": "Bitmap Heap Scan", "Parent Relationship": "Inner", "Relation Name": "movie_companies", "Alias": "mc", "Startup Cost": 0.27, "Total Cost": 4.29, "Plan Rows": 2, "Plan Width": 12, "Recheck Cond": "(movie_id = mi.movie_id)", "Plans": [{"Node Type": "Bitmap Index Scan", "Parent Relationship": "Outer", "Index Name": "movie_id_movie_companies", "Startup Cost": 0.0, "Total Cost": 0.27, "Plan Rows": 2, "Plan Width": 0, "Index Cond": "(movie_id = mi.movie_id)"}]}]}, {"Node Type": "Bitmap Heap Scan", "Parent Relationship": "Inner", "Relation Name": "company_name", "Alias": "cn", "Startup Cost": 0.26, "Total Cost": 4.27, "Plan Rows": 1, "Plan Width": 4, "Recheck Cond": "(id = mc.company_id)", "Filter": "((country_code)::text = '[us]'::text)", "Plans": [{"Node Type": "Bitmap Index Scan", "Parent Relationship": "Outer", "Index Name": "company_name_pkey", "Startup Cost": 0.0, "Total Cost": 0.26, "Plan Rows": 1, "Plan Width": 0, "Index Cond": "(id = mc.company_id)"}]}]}]}]}]}, "Unique SQL Id": 1682224415}, "explain_analyze_plan": null}, "(64, 84)": {"explain_plan": {"Plan": {"Node Type": "Aggregate", "Strategy": "Plain", "Startup Cost": 67027.86, "Total Cost": 67027.87, "Plan Rows": 1, "Plan Width": 123, "Plans": [{"Node Type": "Nested Loop", "Parent Relationship": "Outer", "Join Type": "Inner", "Startup Cost": 0.0, "Total Cost": 67027.84, "Plan Rows": 4, "Plan Width": 59, "Inner Unique": true, "Plans": [{"Node Type": "Nested Loop", "Parent Relationship": "Outer", "Join Type": "Inner", "Startup Cost": 0.0, "Total Cost": 67026.7, "Plan Rows": 4, "Plan Width": 63, "Inner Unique": true, "Plans": [{"Node Type": "Nested Loop", "Parent Relationship": "Outer", "Join Type": "Inner", "Startup Cost": 0.0, "Total Cost": 66956.92, "Plan Rows": 247, "Plan Width": 67, "Inner Unique": false, "Join Filter": "(t.id = mi.movie_id)", "Plans": [{"Node Type": "Nested Loop", "Parent Relationship": "Outer", "Join Type": "Inner", "Startup Cost": 0.0, "Total Cost": 66634.16, "Plan Rows": 444, "Plan Width": 33, "Inner Unique": true, "Plans": [{"Node Type": "Nested Loop", "Parent Relationship": "Outer", "Join Type": "Inner", "Startup Cost": 0.0, "Total Cost": 66573.75, "Plan Rows": 210, "Plan Width": 37, "Inner Unique": false, "Join Filter": "(t.id = mc.movie_id)", "Plans": [{"Node Type": "Nested Loop", "Parent Relationship": "Outer", "Join Type": "Inner", "Startup Cost": 0.0, "Total Cost": 66452.98, "Plan Rows": 311, "Plan Width": 25, "Inner Unique": true, "Plans": [{"Node Type": "Nested Loop", "Parent Relationship": "Outer", "Join Type": "Inner", "Startup Cost": 0.0, "Total Cost": 66341.1, "Plan Rows": 396, "Plan Width": 29, "Inner Unique": false, "Plans": [{"Node Type": "Streaming(type: LOCAL GATHER dop: 1/64)", "Parent Relationship": "Outer", "Startup Cost": 0.0, "Total Cost": 64240.19, "Plan Rows": 258, "Plan Width": 21, "Plans": [{"Node Type": "Seq Scan", "Parent Relationship": "Outer", "Relation Name": "title", "Alias": "t", "Startup Cost": 0.0, "Total Cost": 64234.87, "Plan Rows": 258, "Plan Width": 21, "Filter": "((production_year > 2000) AND (((title)::text ~~ 'Birdemic%'::text) OR ((title)::text ~~ '%Movie%'::text)))"}]}, {"Node Type": "Index Scan", "Parent Relationship": "Inner", "Scan Direction": "Forward", "Index Name": "movie_id_movie_info_idx", "Relation Name": "movie_info_idx", "Alias": "mi_idx", "Startup Cost": 0.0, "Total Cost": 8.12, "Plan Rows": 2, "Plan Width": 8, "Index Cond": "(movie_id = t.id)"}]}, {"Node Type": "Index Scan", "Parent Relationship": "Inner", "Scan Direction": "Forward", "Index Name": "info_type_pkey", "Relation Name": "info_type", "Alias": "it2", "Startup Cost": 0.0, "Total Cost": 0.27, "Plan Rows": 1, "Plan Width": 4, "Index Cond": "(id = mi_idx.info_type_id)", "Filter": "((info)::text = 'bottom 10 rank'::text)"}]}, {"Node Type": "Index Scan", "Parent Relationship": "Inner", "Scan Direction": "Forward", "Index Name": "movie_id_movie_companies", "Relation Name": "movie_companies", "Alias": "mc", "Startup Cost": 0.0, "Total Cost": 0.36, "Plan Rows": 2, "Plan Width": 12, "Index Cond": "(movie_id = mi_idx.movie_id)"}]}, {"Node Type": "Index Scan", "Parent Relationship": "Inner", "Scan Direction": "Forward", "Index Name": "company_name_pkey", "Relation Name": "company_name", "Alias": "cn", "Startup Cost": 0.0, "Total Cost": 0.28, "Plan Rows": 1, "Plan Width": 4, "Index Cond": "(id = mc.company_id)", "Filter": "((country_code)::text = '[us]'::text)"}]}, {"Node Type": "Index Scan", "Parent Relationship": "Inner", "Scan Direction": "Forward", "Index Name": "movie_id_movie_info", "Relation Name": "movie_info", "Alias": "mi", "Startup Cost": 0.0, "Total Cost": 0.66, "Plan Rows": 5, "Plan Width": 50, "Index Cond": "(movie_id = mc.movie_id)"}]}, {"Node Type": "Index Scan", "Parent Relationship": "Inner", "Scan Direction": "Forward", "Index Name": "info_type_pkey", "Relation Name": "info_type", "Alias": "it1", "Startup Cost": 0.0, "Total Cost": 0.27, "Plan Rows": 1, "Plan Width": 4, "Index Cond": "(id = mi.info_type_id)", "Filter": "((info)::text = 'budget'::text)"}]}, {"Node Type": "Index Scan", "Parent Relationship": "Inner", "Scan Direction": "Forward", "Index Name": "company_type_pkey", "Relation Name": "company_type", "Alias": "ct", "Startup Cost": 0.0, "Total Cost": 0.28, "Plan Rows": 1, "Plan Width": 4, "Index Cond": "(id = mc.company_type_id)", "Filter": "((kind IS NOT NULL) AND (((kind)::text = 'production companies'::text) OR ((kind)::text = 'distributors'::text)))"}]}]}, "Unique SQL Id": 1682224415}, "explain_analyze_plan": {"Plan": {"Node Type": "Aggregate", "Strategy": "Plain", "Startup Cost": 67027.86, "Total Cost": 67027.87, "Plan Rows": 1, "Plan Width": 123, "Actual Min Startup Time": 227.696, "Actual Max Startup Time": 227.696, "Actual Min Total Time": 227.697, "Actual Max Total Time": 227.697, "Actual Total Rows": 1, "Plans": [{"Node Type": "Nested Loop", "Parent Relationship": "Outer", "Join Type": "Inner", "Startup Cost": 0.0, "Total Cost": 67027.84, "Plan Rows": 4, "Plan Width": 59, "Actual Min Startup Time": 209.623, "Actual Max Startup Time": 209.623, "Actual Min Total Time": 227.562, "Actual Max Total Time": 227.562, "Actual Total Rows": 5, "Inner Unique": true, "Plans": [{"Node Type": "Nested Loop", "Parent Relationship": "Outer", "Join Type": "Inner", "Startup Cost": 0.0, "Total Cost": 67026.7, "Plan Rows": 4, "Plan Width": 63, "Actual Min Startup Time": 208.986, "Actual Max Startup Time": 208.986, "Actual Min Total Time": 227.517, "Actual Max Total Time": 227.517, "Actual Total Rows": 10, "Inner Unique": true, "Plans": [{"Node Type": "Nested Loop", "Parent Relationship": "Outer", "Join Type": "Inner", "Startup Cost": 0.0, "Total Cost": 66956.92, "Plan Rows": 247, "Plan Width": 67, "Actual Min Startup Time": 208.807, "Actual Max Startup Time": 208.807, "Actual Min Total Time": 224.77, "Actual Max Total Time": 224.77, "Actual Total Rows": 1210, "Inner Unique": false, "Join Filter": "(t.id = mi.movie_id)", "Rows Removed by Join Filter": 0, "Plans": [{"Node Type": "Nested Loop", "Parent Relationship": "Outer", "Join Type": "Inner", "Startup Cost": 0.0, "Total Cost": 66634.16, "Plan Rows": 444, "Plan Width": 33, "Actual Min Startup Time": 208.78, "Actual Max Startup Time": 208.78, "Actual Min Total Time": 223.43, "Actual Max Total Time": 223.43, "Actual Total Rows": 10, "Inner Unique": true, "Plans": [{"Node Type": "Nested Loop", "Parent Relationship": "Outer", "Join Type": "Inner", "Startup Cost": 0.0, "Total Cost": 66573.75, "Plan Rows": 210, "Plan Width": 37, "Actual Min Startup Time": 208.754, "Actual Max Startup Time": 208.754, "Actual Min Total Time": 223.139, "Actual Max Total Time": 223.139, "Actual Total Rows": 33, "Inner Unique": false, "Join Filter": "(t.id = mc.movie_id)", "Rows Removed by Join Filter": 0, "Plans": [{"Node Type": "Nested Loop", "Parent Relationship": "Outer", "Join Type": "Inner", "Startup Cost": 0.0, "Total Cost": 66452.98, "Plan Rows": 311, "Plan Width": 25, "Actual Min Startup Time": 208.721, "Actual Max Startup Time": 208.721, "Actual Min Total Time": 223.05, "Actual Max Total Time": 223.05, "Actual Total Rows": 2, "Inner Unique": true, "Plans": [{"Node Type": "Nested Loop", "Parent Relationship": "Outer", "Join Type": "Inner", "Startup Cost": 0.0, "Total Cost": 66341.1, "Plan Rows": 396, "Plan Width": 29, "Actual Min Startup Time": 113.733, "Actual Max Startup Time": 113.733, "Actual Min Total Time": 216.811, "Actual Max Total Time": 216.811, "Actual Total Rows": 2645, "Inner Unique": false, "Plans": [{"Node Type": "Streaming(type: LOCAL GATHER dop: 1/64)", "Parent Relationship": "Outer", "Startup Cost": 0.0, "Total Cost": 64240.19, "Plan Rows": 258, "Plan Width": 21, "Actual Min Startup Time": 113.621, "Actual Max Startup Time": 113.621, "Actual Min Total Time": 201.313, "Actual Max Total Time": 201.313, "Actual Total Rows": 2536, "Plans": [{"Node Type": "Seq Scan", "Parent Relationship": "Outer", "Relation Name": "title", "Alias": "t", "Startup Cost": 0.0, "Total Cost": 64234.87, "Plan Rows": 258, "Plan Width": 21, "Actual Min Startup Time": 0.039, "Actual Max Startup Time": 7.235, "Actual Min Total Time": 19.296, "Actual Max Total Time": 24.03, "Actual Total Rows": 2536, "Filter": "((production_year > 2000) AND (((title)::text ~~ 'Birdemic%'::text) OR ((title)::text ~~ '%Movie%'::text)))", "Rows Removed by Filter": 2525775}]}, {"Node Type": "Index Scan", "Parent Relationship": "Inner", "Scan Direction": "Forward", "Index Name": "movie_id_movie_info_idx", "Relation Name": "movie_info_idx", "Alias": "mi_idx", "Startup Cost": 0.0, "Total Cost": 8.12, "Plan Rows": 2, "Plan Width": 8, "Actual Min Startup Time": 12.581, "Actual Max Startup Time": 12.581, "Actual Min Total Time": 13.54, "Actual Max Total Time": 13.54, "Actual Total Rows": 2645, "Index Cond": "(movie_id = t.id)", "Rows Removed by Index Recheck": 0}]}, {"Node Type": "Index Scan", "Parent Relationship": "Inner", "Scan Direction": "Forward", "Index Name": "info_type_pkey", "Relation Name": "info_type", "Alias": "it2", "Startup Cost": 0.0, "Total Cost": 0.27, "Plan Rows": 1, "Plan Width": 4, "Actual Min Startup Time": 5.052, "Actual Max Startup Time": 5.052, "Actual Min Total Time": 5.052, "Actual Max Total Time": 5.052, "Actual Total Rows": 2, "Index Cond": "(id = mi_idx.info_type_id)", "Rows Removed by Index Recheck": 0, "Filter": "((info)::text = 'bottom 10 rank'::text)", "Rows Removed by Filter": 2643}]}, {"Node Type": "Index Scan", "Parent Relationship": "Inner", "Scan Direction": "Forward", "Index Name": "movie_id_movie_companies", "Relation Name": "movie_companies", "Alias": "mc", "Startup Cost": 0.0, "Total Cost": 0.36, "Plan Rows": 2, "Plan Width": 12, "Actual Min Startup Time": 0.025, "Actual Max Startup Time": 0.025, "Actual Min Total Time": 0.05, "Actual Max Total Time": 0.05, "Actual Total Rows": 33, "Index Cond": "(movie_id = mi_idx.movie_id)", "Rows Removed by Index Recheck": 0}]}, {"Node Type": "Index Scan", "Parent Relationship": "Inner", "Scan Direction": "Forward", "Index Name": "company_name_pkey", "Relation Name": "company_name", "Alias": "cn", "Startup Cost": 0.0, "Total Cost": 0.28, "Plan Rows": 1, "Plan Width": 4, "Actual Min Startup Time": 0.263, "Actual Max Startup Time": 0.263, "Actual Min Total Time": 0.263, "Actual Max Total Time": 0.263, "Actual Total Rows": 10, "Index Cond": "(id = mc.company_id)", "Rows Removed by Index Recheck": 0, "Filter": "((country_code)::text = '[us]'::text)", "Rows Removed by Filter": 23}]}, {"Node Type": "Index Scan", "Parent Relationship": "Inner", "Scan Direction": "Forward", "Index Name": "movie_id_movie_info", "Relation Name": "movie_info", "Alias": "mi", "Startup Cost": 0.0, "Total Cost": 0.66, "Plan Rows": 5, "Plan Width": 50, "Actual Min Startup Time": 0.162, "Actual Max Startup Time": 0.162, "Actual Min Total Time": 0.897, "Actual Max Total Time": 0.897, "Actual Total Rows": 1210, "Index Cond": "(movie_id = mc.movie_id)", "Rows Removed by Index Recheck": 0}]}, {"Node Type": "Index Scan", "Parent Relationship": "Inner", "Scan Direction": "Forward", "Index Name": "info_type_pkey", "Relation Name": "info_type", "Alias": "it1", "Startup Cost": 0.0, "Total Cost": 0.27, "Plan Rows": 1, "Plan Width": 4, "Actual Min Startup Time": 2.166, "Actual Max Startup Time": 2.166, "Actual Min Total Time": 2.166, "Actual Max Total Time": 2.166, "Actual Total Rows": 10, "Index Cond": "(id = mi.info_type_id)", "Rows Removed by Index Recheck": 0, "Filter": "((info)::text = 'budget'::text)", "Rows Removed by Filter": 1184}]}, {"Node Type": "Index Scan", "Parent Relationship": "Inner", "Scan Direction": "Forward", "Index Name": "company_type_pkey", "Relation Name": "company_type", "Alias": "ct", "Startup Cost": 0.0, "Total Cost": 0.28, "Plan Rows": 1, "Plan Width": 4, "Actual Min Startup Time": 0.029, "Actual Max Startup Time": 0.029, "Actual Min Total Time": 0.029, "Actual Max Total Time": 0.029, "Actual Total Rows": 5, "Index Cond": "(id = mc.company_type_id)", "Rows Removed by Index Recheck": 0, "Filter": "((kind IS NOT NULL) AND (((kind)::text = 'production companies'::text) OR ((kind)::text = 'distributors'::text)))", "Rows Removed by Filter": 0}]}]}, "Triggers": [], "Planner Runtime": 77.552, "Total Runtime": 239.985, "Unique SQL Id": 1682224415}}, "(64, 85)": {"explain_plan": {"Plan": {"Node Type": "Aggregate", "Strategy": "Plain", "Startup Cost": 131888.6, "Total Cost": 131888.61, "Plan Rows": 1, "Plan Width": 123, "Plans": [{"Node Type": "Nested Loop", "Parent Relationship": "Outer", "Join Type": "Inner", "Startup Cost": 0.0, "Total Cost": 131888.58, "Plan Rows": 4, "Plan Width": 59, "Inner Unique": true, "Plans": [{"Node Type": "Nested Loop", "Parent Relationship": "Outer", "Join Type": "Inner", "Startup Cost": 0.0, "Total Cost": 131887.44, "Plan Rows": 4, "Plan Width": 63, "Inner Unique": true, "Plans": [{"Node Type": "Nested Loop", "Parent Relationship": "Outer", "Join Type": "Inner", "Startup Cost": 0.0, "Total Cost": 131886.01, "Plan Rows": 5, "Plan Width": 67, "Inner Unique": true, "Plans": [{"Node Type": "Nested Loop", "Parent Relationship": "Outer", "Join Type": "Inner", "Startup Cost": 0.0, "Total Cost": 131569.04, "Plan Rows": 1122, "Plan Width": 71, "Inner Unique": false, "Join Filter": "(t.id = mi.movie_id)", "Plans": [{"Node Type": "Nested Loop", "Parent Relationship": "Outer", "Join Type": "Inner", "Startup Cost": 0.0, "Total Cost": 131416.38, "Plan Rows": 210, "Plan Width": 37, "Inner Unique": false, "Join Filter": "(t.id = mc.movie_id)", "Plans": [{"Node Type": "Nested Loop", "Parent Relationship": "Outer", "Join Type": "Inner", "Startup Cost": 0.0, "Total Cost": 131295.61, "Plan Rows": 311, "Plan Width": 25, "Inner Unique": true, "Plans": [{"Node Type": "Nested Loop", "Parent Relationship": "Outer", "Join Type": "Inner", "Startup Cost": 0.0, "Total Cost": 131183.74, "Plan Rows": 396, "Plan Width": 29, "Inner Unique": false, "Plans": [{"Node Type": "Index Scan", "Parent Relationship": "Outer", "Scan Direction": "Forward", "Index Name": "title_pkey", "Relation Name": "title", "Alias": "t", "Startup Cost": 0.0, "Total Cost": 129082.82, "Plan Rows": 258, "Plan Width": 21, "Filter": "((production_year > 2000) AND (((title)::text ~~ 'Birdemic%'::text) OR ((title)::text ~~ '%Movie%'::text)))"}, {"Node Type": "Index Scan", "Parent Relationship": "Inner", "Scan Direction": "Forward", "Index Name": "movie_id_movie_info_idx", "Relation Name": "movie_info_idx", "Alias": "mi_idx", "Startup Cost": 0.0, "Total Cost": 8.12, "Plan Rows": 2, "Plan Width": 8, "Index Cond": "(movie_id = t.id)"}]}, {"Node Type": "Index Scan", "Parent Relationship": "Inner", "Scan Direction": "Forward", "Index Name": "info_type_pkey", "Relation Name": "info_type", "Alias": "it2", "Startup Cost": 0.0, "Total Cost": 0.27, "Plan Rows": 1, "Plan Width": 4, "Index Cond": "(id = mi_idx.info_type_id)", "Filter": "((info)::text = 'bottom 10 rank'::text)"}]}, {"Node Type": "Index Scan", "Parent Relationship": "Inner", "Scan Direction": "Forward", "Index Name": "movie_id_movie_companies", "Relation Name": "movie_companies", "Alias": "mc", "Startup Cost": 0.0, "Total Cost": 0.36, "Plan Rows": 2, "Plan Width": 12, "Index Cond": "(movie_id = mi_idx.movie_id)"}]}, {"Node Type": "Index Scan", "Parent Relationship": "Inner", "Scan Direction": "Forward", "Index Name": "movie_id_movie_info", "Relation Name": "movie_info", "Alias": "mi", "Startup Cost": 0.0, "Total Cost": 0.66, "Plan Rows": 5, "Plan Width": 50, "Index Cond": "(movie_id = mc.movie_id)"}]}, {"Node Type": "Index Scan", "Parent Relationship": "Inner", "Scan Direction": "Forward", "Index Name": "info_type_pkey", "Relation Name": "info_type", "Alias": "it1", "Startup Cost": 0.0, "Total Cost": 0.27, "Plan Rows": 1, "Plan Width": 4, "Index Cond": "(id = mi.info_type_id)", "Filter": "((info)::text = 'budget'::text)"}]}, {"Node Type": "Index Scan", "Parent Relationship": "Inner", "Scan Direction": "Forward", "Index Name": "company_name_pkey", "Relation Name": "company_name", "Alias": "cn", "Startup Cost": 0.0, "Total Cost": 0.28, "Plan Rows": 1, "Plan Width": 4, "Index Cond": "(id = mc.company_id)", "Filter": "((country_code)::text = '[us]'::text)"}]}, {"Node Type": "Index Scan", "Parent Relationship": "Inner", "Scan Direction": "Forward", "Index Name": "company_type_pkey", "Relation Name": "company_type", "Alias": "ct", "Startup Cost": 0.0, "Total Cost": 0.28, "Plan Rows": 1, "Plan Width": 4, "Index Cond": "(id = mc.company_type_id)", "Filter": "((kind IS NOT NULL) AND (((kind)::text = 'production companies'::text) OR ((kind)::text = 'distributors'::text)))"}]}]}, "Unique SQL Id": 1682224415}, "explain_analyze_plan": null}, "(64, 86)": {"explain_plan": {"Plan": {"Node Type": "Aggregate", "Strategy": "Plain", "Startup Cost": 69017.51, "Total Cost": 69017.52, "Plan Rows": 1, "Plan Width": 123, "Plans": [{"Node Type": "Nested Loop", "Parent Relationship": "Outer", "Join Type": "Inner", "Startup Cost": 68948.57, "Total Cost": 69017.49, "Plan Rows": 4, "Plan Width": 59, "Inner Unique": true, "Plans": [{"Node Type": "Merge Join", "Parent Relationship": "Outer", "Join Type": "Inner", "Startup Cost": 68948.31, "Total Cost": 68948.96, "Plan Rows": 16, "Plan Width": 63, "Inner Unique": false, "Merge Cond": "(ct.id = mc.company_type_id)", "Plans": [{"Node Type": "Sort", "Parent Relationship": "Outer", "Startup Cost": 1.05, "Total Cost": 1.06, "Plan Rows": 2, "Plan Width": 4, "Sort Key": ["ct.id"], "Plans": [{"Node Type": "Seq Scan", "Parent Relationship": "Outer", "Relation Name": "company_type", "Alias": "ct", "Startup Cost": 0.0, "Total Cost": 1.04, "Plan Rows": 2, "Plan Width": 4, "Filter": "((kind IS NOT NULL) AND (((kind)::text = 'production companies'::text) OR ((kind)::text = 'distributors'::text)))"}]}, {"Node Type": "Sort", "Parent Relationship": "Inner", "Startup Cost": 68947.13, "Total Cost": 68947.26, "Plan Rows": 51, "Plan Width": 67, "Sort Key": ["mc.company_type_id"], "Plans": [{"Node Type": "Nested Loop", "Parent Relationship": "Outer", "Join Type": "Inner", "Startup Cost": 68903.31, "Total Cost": 68945.68, "Plan Rows": 51, "Plan Width": 67, "Inner Unique": false, "Join Filter": "(t.id = mc.movie_id)", "Plans": [{"Node Type": "Merge Join", "Parent Relationship": "Outer", "Join Type": "Inner", "Startup Cost": 68903.05, "Total Cost": 68911.14, "Plan Rows": 8, "Plan Width": 71, "Inner Unique": false, "Merge Cond": "(it1.id = mi.info_type_id)", "Plans": [{"Node Type": "Sort", "Parent Relationship": "Outer", "Startup Cost": 2.41, "Total Cost": 2.42, "Plan Rows": 1, "Plan Width": 4, "Sort Key": ["it1.id"], "Plans": [{"Node Type": "Seq Scan", "Parent Relationship": "Outer", "Relation Name": "info_type", "Alias": "it1", "Startup Cost": 0.0, "Total Cost": 2.4, "Plan Rows": 1, "Plan Width": 4, "Filter": "((info)::text = 'budget'::text)"}]}, {"Node Type": "Sort", "Parent Relationship": "Inner", "Startup Cost": 68900.19, "Total Cost": 68904.33, "Plan Rows": 1659, "Plan Width": 75, "Sort Key": ["mi.info_type_id"], "Plans": [{"Node Type": "Nested Loop", "Parent Relationship": "Outer", "Join Type": "Inner", "Startup Cost": 67385.05, "Total Cost": 68811.46, "Plan Rows": 1659, "Plan Width": 75, "Inner Unique": false, "Join Filter": "(t.id = mi.movie_id)", "Plans": [{"Node Type": "Merge Join", "Parent Relationship": "Outer", "Join Type": "Inner", "Startup Cost": 67384.59, "Total Cost": 67387.56, "Plan Rows": 311, "Plan Width": 25, "Inner Unique": false, "Merge Cond": "(it2.id = mi_idx.info_type_id)", "Plans": [{"Node Type": "Sort", "Parent Relationship": "Outer", "Startup Cost": 2.41, "Total Cost": 2.42, "Plan Rows": 1, "Plan Width": 4, "Sort Key": ["it2.id"], "Plans": [{"Node Type": "Seq Scan", "Parent Relationship": "Outer", "Relation Name": "info_type", "Alias": "it2", "Startup Cost": 0.0, "Total Cost": 2.4, "Plan Rows": 1, "Plan Width": 4, "Filter": "((info)::text = 'bottom 10 rank'::text)"}]}, {"Node Type": "Sort", "Parent Relationship": "Inner", "Startup Cost": 67382.18, "Total Cost": 67383.17, "Plan Rows": 396, "Plan Width": 29, "Sort Key": ["mi_idx.info_type_id"], "Plans": [{"Node Type": "Nested Loop", "Parent Relationship": "Outer", "Join Type": "Inner", "Startup Cost": 4.17, "Total Cost": 67365.09, "Plan Rows": 396, "Plan Width": 29, "Inner Unique": false, "Plans": [{"Node Type": "Streaming(type: LOCAL GATHER dop: 1/64)", "Parent Relationship": "Outer", "Startup Cost": 0.0, "Total Cost": 64240.19, "Plan Rows": 258, "Plan Width": 21, "Plans": [{"Node Type": "Seq Scan", "Parent Relationship": "Outer", "Relation Name": "title", "Alias": "t", "Startup Cost": 0.0, "Total Cost": 64234.87, "Plan Rows": 258, "Plan Width": 21, "Filter": "((production_year > 2000) AND (((title)::text ~~ 'Birdemic%'::text) OR ((title)::text ~~ '%Movie%'::text)))"}]}, {"Node Type": "Bitmap Heap Scan", "Parent Relationship": "Inner", "Relation Name": "movie_info_idx", "Alias": "mi_idx", "Startup Cost": 4.17, "Total Cost": 12.09, "Plan Rows": 2, "Plan Width": 8, "Recheck Cond": "(movie_id = t.id)", "Plans": [{"Node Type": "Bitmap Index Scan", "Parent Relationship": "Outer", "Index Name": "movie_id_movie_info_idx", "Startup Cost": 0.0, "Total Cost": 4.17, "Plan Rows": 2, "Plan Width": 0, "Index Cond": "(movie_id = t.id)"}]}]}]}]}, {"Node Type": "Bitmap Heap Scan", "Parent Relationship": "Inner", "Relation Name": "movie_info", "Alias": "mi", "Startup Cost": 0.45, "Total Cost": 4.52, "Plan Rows": 5, "Plan Width": 50, "Recheck Cond": "(movie_id = mi_idx.movie_id)", "Plans": [{"Node Type": "Bitmap Index Scan", "Parent Relationship": "Outer", "Index Name": "movie_id_movie_info", "Startup Cost": 0.0, "Total Cost": 0.45, "Plan Rows": 5, "Plan Width": 0, "Index Cond": "(movie_id = mi_idx.movie_id)"}]}]}]}]}, {"Node Type": "Bitmap Heap Scan", "Parent Relationship": "Inner", "Relation Name": "movie_companies", "Alias": "mc", "Startup Cost": 0.27, "Total Cost": 4.29, "Plan Rows": 2, "Plan Width": 12, "Recheck Cond": "(movie_id = mi.movie_id)", "Plans": [{"Node Type": "Bitmap Index Scan", "Parent Relationship": "Outer", "Index Name": "movie_id_movie_companies", "Startup Cost": 0.0, "Total Cost": 0.27, "Plan Rows": 2, "Plan Width": 0, "Index Cond": "(movie_id = mi.movie_id)"}]}]}]}]}, {"Node Type": "Bitmap Heap Scan", "Parent Relationship": "Inner", "Relation Name": "company_name", "Alias": "cn", "Startup Cost": 0.26, "Total Cost": 4.27, "Plan Rows": 1, "Plan Width": 4, "Recheck Cond": "(id = mc.company_id)", "Filter": "((country_code)::text = '[us]'::text)", "Plans": [{"Node Type": "Bitmap Index Scan", "Parent Relationship": "Outer", "Index Name": "company_name_pkey", "Startup Cost": 0.0, "Total Cost": 0.26, "Plan Rows": 1, "Plan Width": 0, "Index Cond": "(id = mc.company_id)"}]}]}]}, "Unique SQL Id": 1682224415}, "explain_analyze_plan": {"Plan": {"Node Type": "Aggregate", "Strategy": "Plain", "Startup Cost": 69017.51, "Total Cost": 69017.52, "Plan Rows": 1, "Plan Width": 123, "Actual Min Startup Time": 230.787, "Actual Max Startup Time": 230.787, "Actual Min Total Time": 230.787, "Actual Max Total Time": 230.787, "Actual Total Rows": 1, "Plans": [{"Node Type": "Nested Loop", "Parent Relationship": "Outer", "Join Type": "Inner", "Startup Cost": 68948.57, "Total Cost": 69017.49, "Plan Rows": 4, "Plan Width": 59, "Actual Min Startup Time": 230.707, "Actual Max Startup Time": 230.707, "Actual Min Total Time": 230.762, "Actual Max Total Time": 230.762, "Actual Total Rows": 5, "Inner Unique": true, "Plans": [{"Node Type": "Merge Join", "Parent Relationship": "Outer", "Join Type": "Inner", "Startup Cost": 68948.31, "Total Cost": 68948.96, "Plan Rows": 16, "Plan Width": 63, "Actual Min Startup Time": 230.678, "Actual Max Startup Time": 230.678, "Actual Min Total Time": 230.682, "Actual Max Total Time": 230.682, "Actual Total Rows": 5, "Inner Unique": false, "Merge Cond": "(ct.id = mc.company_type_id)", "Plans": [{"Node Type": "Sort", "Parent Relationship": "Outer", "Startup Cost": 1.05, "Total Cost": 1.06, "Plan Rows": 2, "Plan Width": 4, "Actual Min Startup Time": 0.098, "Actual Max Startup Time": 0.098, "Actual Min Total Time": 0.098, "Actual Max Total Time": 0.098, "Actual Total Rows": 1, "Sort Key": ["ct.id"], "Sort Method": "quicksort", "Sort Space Min Used": 25, "Sort Space Max Used": 25, "Sort Space Type": "Memory", "Plans": [{"Node Type": "Seq Scan", "Parent Relationship": "Outer", "Relation Name": "company_type", "Alias": "ct", "Startup Cost": 0.0, "Total Cost": 1.04, "Plan Rows": 2, "Plan Width": 4, "Actual Min Startup Time": 0.054, "Actual Max Startup Time": 0.054, "Actual Min Total Time": 0.062, "Actual Max Total Time": 0.062, "Actual Total Rows": 1, "Filter": "((kind IS NOT NULL) AND (((kind)::text = 'production companies'::text) OR ((kind)::text = 'distributors'::text)))", "Rows Removed by Filter": 2}]}, {"Node Type": "Sort", "Parent Relationship": "Inner", "Startup Cost": 68947.13, "Total Cost": 68947.26, "Plan Rows": 51, "Plan Width": 67, "Actual Min Startup Time": 230.566, "Actual Max Startup Time": 230.566, "Actual Min Total Time": 230.568, "Actual Max Total Time": 230.568, "Actual Total Rows": 33, "Sort Key": ["mc.company_type_id"], "Sort Method": "quicksort", "Sort Space Min Used": 28, "Sort Space Max Used": 28, "Sort Space Type": "Memory", "Plans": [{"Node Type": "Nested Loop", "Parent Relationship": "Outer", "Join Type": "Inner", "Startup Cost": 68903.31, "Total Cost": 68945.68, "Plan Rows": 51, "Plan Width": 67, "Actual Min Startup Time": 230.497, "Actual Max Startup Time": 230.497, "Actual Min Total Time": 230.547, "Actual Max Total Time": 230.547, "Actual Total Rows": 33, "Inner Unique": false, "Join Filter": "(t.id = mc.movie_id)", "Rows Removed by Join Filter": 0, "Plans": [{"Node Type": "Merge Join", "Parent Relationship": "Outer", "Join Type": "Inner", "Startup Cost": 68903.05, "Total Cost": 68911.14, "Plan Rows": 8, "Plan Width": 71, "Actual Min Startup Time": 230.46, "Actual Max Startup Time": 230.46, "Actual Min Total Time": 230.464, "Actual Max Total Time": 230.464, "Actual Total Rows": 2, "Inner Unique": false, "Merge Cond": "(it1.id = mi.info_type_id)", "Plans": [{"Node Type": "Sort", "Parent Relationship": "Outer", "Startup Cost": 2.41, "Total Cost": 2.42, "Plan Rows": 1, "Plan Width": 4, "Actual Min Startup Time": 0.06, "Actual Max Startup Time": 0.06, "Actual Min Total Time": 0.06, "Actual Max Total Time": 0.06, "Actual Total Rows": 1, "Sort Key": ["it1.id"], "Sort Method": "quicksort", "Sort Space Min Used": 25, "Sort Space Max Used": 25, "Sort Space Type": "Memory", "Plans": [{"Node Type": "Seq Scan", "Parent Relationship": "Outer", "Relation Name": "info_type", "Alias": "it1", "Startup Cost": 0.0, "Total Cost": 2.4, "Plan Rows": 1, "Plan Width": 4, "Actual Min Startup Time": 0.053, "Actual Max Startup Time": 0.053, "Actual Min Total Time": 0.056, "Actual Max Total Time": 0.056, "Actual Total Rows": 1, "Filter": "((info)::text = 'budget'::text)", "Rows Removed by Filter": 111}]}, {"Node Type": "Sort", "Parent Relationship": "Inner", "Startup Cost": 68900.19, "Total Cost": 68904.33, "Plan Rows": 1659, "Plan Width": 75, "Actual Min Startup Time": 230.349, "Actual Max Startup Time": 230.349, "Actual Min Total Time": 230.372, "Actual Max Total Time": 230.372, "Actual Total Rows": 191, "Sort Key": ["mi.info_type_id"], "Sort Method": "quicksort", "Sort Space Min Used": 72, "Sort Space Max Used": 72, "Sort Space Type": "Memory", "Plans": [{"Node Type": "Nested Loop", "Parent Relationship": "Outer", "Join Type": "Inner", "Startup Cost": 67385.05, "Total Cost": 68811.46, "Plan Rows": 1659, "Plan Width": 75, "Actual Min Startup Time": 229.877, "Actual Max Startup Time": 229.877, "Actual Min Total Time": 230.214, "Actual Max Total Time": 230.214, "Actual Total Rows": 221, "Inner Unique": false, "Join Filter": "(t.id = mi.movie_id)", "Rows Removed by Join Filter": 0, "Plans": [{"Node Type": "Merge Join", "Parent Relationship": "Outer", "Join Type": "Inner", "Startup Cost": 67384.59, "Total Cost": 67387.56, "Plan Rows": 311, "Plan Width": 25, "Actual Min Startup Time": 229.816, "Actual Max Startup Time": 229.816, "Actual Min Total Time": 229.86, "Actual Max Total Time": 229.86, "Actual Total Rows": 2, "Inner Unique": false, "Merge Cond": "(it2.id = mi_idx.info_type_id)", "Plans": [{"Node Type": "Sort", "Parent Relationship": "Outer", "Startup Cost": 2.41, "Total Cost": 2.42, "Plan Rows": 1, "Plan Width": 4, "Actual Min Startup Time": 0.052, "Actual Max Startup Time": 0.052, "Actual Min Total Time": 0.052, "Actual Max Total Time": 0.052, "Actual Total Rows": 1, "Sort Key": ["it2.id"], "Sort Method": "quicksort", "Sort Space Min Used": 25, "Sort Space Max Used": 25, "Sort Space Type": "Memory", "Plans": [{"Node Type": "Seq Scan", "Parent Relationship": "Outer", "Relation Name": "info_type", "Alias": "it2", "Startup Cost": 0.0, "Total Cost": 2.4, "Plan Rows": 1, "Plan Width": 4, "Actual Min Startup Time": 0.043, "Actual Max Startup Time": 0.043, "Actual Min Total Time": 0.044, "Actual Max Total Time": 0.044, "Actual Total Rows": 1, "Filter": "((info)::text = 'bottom 10 rank'::text)", "Rows Removed by Filter": 111}]}, {"Node Type": "Sort", "Parent Relationship": "Inner", "Startup Cost": 67382.18, "Total Cost": 67383.17, "Plan Rows": 396, "Plan Width": 29, "Actual Min Startup Time": 229.109, "Actual Max Startup Time": 229.109, "Actual Min Total Time": 229.39, "Actual Max Total Time": 229.39, "Actual Total Rows": 2645, "Sort Key": ["mi_idx.info_type_id"], "Sort Method": "quicksort", "Sort Space Min Used": 414, "Sort Space Max Used": 414, "Sort Space Type": "Memory", "Plans": [{"Node Type": "Nested Loop", "Parent Relationship": "Outer", "Join Type": "Inner", "Startup Cost": 4.17, "Total Cost": 67365.09, "Plan Rows": 396, "Plan Width": 29, "Actual Min Startup Time": 115.226, "Actual Max Startup Time": 115.226, "Actual Min Total Time": 228.043, "Actual Max Total Time": 228.043, "Actual Total Rows": 2645, "Inner Unique": false, "Plans": [{"Node Type": "Streaming(type: LOCAL GATHER dop: 1/64)", "Parent Relationship": "Outer", "Startup Cost": 0.0, "Total Cost": 64240.19, "Plan Rows": 258, "Plan Width": 21, "Actual Min Startup Time": 115.106, "Actual Max Startup Time": 115.106, "Actual Min Total Time": 209.019, "Actual Max Total Time": 209.019, "Actual Total Rows": 2536, "Plans": [{"Node Type": "Seq Scan", "Parent Relationship": "Outer", "Relation Name": "title", "Alias": "t", "Startup Cost": 0.0, "Total Cost": 64234.87, "Plan Rows": 258, "Plan Width": 21, "Actual Min Startup Time": 0.034, "Actual Max Startup Time": 7.246, "Actual Min Total Time": 19.372, "Actual Max Total Time": 29.256, "Actual Total Rows": 2536, "Filter": "((production_year > 2000) AND (((title)::text ~~ 'Birdemic%'::text) OR ((title)::text ~~ '%Movie%'::text)))", "Rows Removed by Filter": 2525775}]}, {"Node Type": "Bitmap Heap Scan", "Parent Relationship": "Inner", "Relation Name": "movie_info_idx", "Alias": "mi_idx", "Startup Cost": 4.17, "Total Cost": 12.09, "Plan Rows": 2, "Plan Width": 8, "Actual Min Startup Time": 15.256, "Actual Max Startup Time": 15.256, "Actual Min Total Time": 15.614, "Actual Max Total Time": 15.614, "Actual Total Rows": 2645, "Recheck Cond": "(movie_id = t.id)", "Rows Removed by Index Recheck": 0, "Exact Heap Blocks": 890, "Lossy Heap Blocks": 890, "Plans": [{"Node Type": "Bitmap Index Scan", "Parent Relationship": "Outer", "Index Name": "movie_id_movie_info_idx", "Startup Cost": 0.0, "Total Cost": 4.17, "Plan Rows": 2, "Plan Width": 0, "Actual Min Startup Time": 11.294, "Actual Max Startup Time": 11.294, "Actual Min Total Time": 11.294, "Actual Max Total Time": 11.294, "Actual Total Rows": 2645, "Index Cond": "(movie_id = t.id)"}]}]}]}]}, {"Node Type": "Bitmap Heap Scan", "Parent Relationship": "Inner", "Relation Name": "movie_info", "Alias": "mi", "Startup Cost": 0.45, "Total Cost": 4.52, "Plan Rows": 5, "Plan Width": 50, "Actual Min Startup Time": 0.072, "Actual Max Startup Time": 0.072, "Actual Min Total Time": 0.246, "Actual Max Total Time": 0.246, "Actual Total Rows": 221, "Recheck Cond": "(movie_id = mi_idx.movie_id)", "Rows Removed by Index Recheck": 0, "Exact Heap Blocks": 40, "Lossy Heap Blocks": 40, "Plans": [{"Node Type": "Bitmap Index Scan", "Parent Relationship": "Outer", "Index Name": "movie_id_movie_info", "Startup Cost": 0.0, "Total Cost": 0.45, "Plan Rows": 5, "Plan Width": 0, "Actual Min Startup Time": 0.053, "Actual Max Startup Time": 0.053, "Actual Min Total Time": 0.053, "Actual Max Total Time": 0.053, "Actual Total Rows": 221, "Index Cond": "(movie_id = mi_idx.movie_id)"}]}]}]}]}, {"Node Type": "Bitmap Heap Scan", "Parent Relationship": "Inner", "Relation Name": "movie_companies", "Alias": "mc", "Startup Cost": 0.27, "Total Cost": 4.29, "Plan Rows": 2, "Plan Width": 12, "Actual Min Startup Time": 0.047, "Actual Max Startup Time": 0.047, "Actual Min Total Time": 0.059, "Actual Max Total Time": 0.059, "Actual Total Rows": 33, "Recheck Cond": "(movie_id = mi.movie_id)", "Rows Removed by Index Recheck": 0, "Exact Heap Blocks": 4, "Lossy Heap Blocks": 4, "Plans": [{"Node Type": "Bitmap Index Scan", "Parent Relationship": "Outer", "Index Name": "movie_id_movie_companies", "Startup Cost": 0.0, "Total Cost": 0.27, "Plan Rows": 2, "Plan Width": 0, "Actual Min Startup Time": 0.028, "Actual Max Startup Time": 0.028, "Actual Min Total Time": 0.028, "Actual Max Total Time": 0.028, "Actual Total Rows": 33, "Index Cond": "(movie_id = mi.movie_id)"}]}]}]}]}, {"Node Type": "Bitmap Heap Scan", "Parent Relationship": "Inner", "Relation Name": "company_name", "Alias": "cn", "Startup Cost": 0.26, "Total Cost": 4.27, "Plan Rows": 1, "Plan Width": 4, "Actual Min Startup Time": 0.066, "Actual Max Startup Time": 0.066, "Actual Min Total Time": 0.066, "Actual Max Total Time": 0.066, "Actual Total Rows": 5, "Recheck Cond": "(id = mc.company_id)", "Rows Removed by Index Recheck": 0, "Filter": "((country_code)::text = '[us]'::text)", "Rows Removed by Filter": 0, "Exact Heap Blocks": 5, "Lossy Heap Blocks": 5, "Plans": [{"Node Type": "Bitmap Index Scan", "Parent Relationship": "Outer", "Index Name": "company_name_pkey", "Startup Cost": 0.0, "Total Cost": 0.26, "Plan Rows": 1, "Plan Width": 0, "Actual Min Startup Time": 0.041, "Actual Max Startup Time": 0.041, "Actual Min Total Time": 0.041, "Actual Max Total Time": 0.041, "Actual Total Rows": 5, "Index Cond": "(id = mc.company_id)"}]}]}]}, "Triggers": [], "Planner Runtime": 66.972, "Total Runtime": 243.039, "Unique SQL Id": 1682224415}}, "(64, 87)": {"explain_plan": {"Plan": {"Node Type": "Aggregate", "Strategy": "Plain", "Startup Cost": 133478.65, "Total Cost": 133478.66, "Plan Rows": 1, "Plan Width": 123, "Plans": [{"Node Type": "Merge Join", "Parent Relationship": "Outer", "Join Type": "Inner", "Startup Cost": 133478.45, "Total Cost": 133478.63, "Plan Rows": 4, "Plan Width": 59, "Inner Unique": false, "Merge Cond": "(ct.id = mc.company_type_id)", "Plans": [{"Node Type": "Sort", "Parent Relationship": "Outer", "Startup Cost": 12.32, "Total Cost": 12.33, "Plan Rows": 2, "Plan Width": 4, "Sort Key": ["ct.id"], "Plans": [{"Node Type": "Bitmap Heap Scan", "Parent Relationship": "Outer", "Relation Name": "company_type", "Alias": "ct", "Startup Cost": 8.27, "Total Cost": 12.31, "Plan Rows": 2, "Plan Width": 4, "Filter": "((kind IS NOT NULL) AND (((kind)::text = 'production companies'::text) OR ((kind)::text = 'distributors'::text)))", "Plans": [{"Node Type": "Bitmap Index Scan", "Parent Relationship": "Outer", "Index Name": "company_type_pkey", "Startup Cost": 0.0, "Total Cost": 8.27, "Plan Rows": 3, "Plan Width": 0}]}]}, {"Node Type": "Sort", "Parent Relationship": "Inner", "Startup Cost": 133466.09, "Total Cost": 133466.13, "Plan Rows": 14, "Plan Width": 63, "Sort Key": ["mc.company_type_id"], "Plans": [{"Node Type": "Nested Loop", "Parent Relationship": "Outer", "Join Type": "Inner", "Startup Cost": 133372.32, "Total Cost": 133465.83, "Plan Rows": 14, "Plan Width": 63, "Inner Unique": true, "Plans": [{"Node Type": "Nested Loop", "Parent Relationship": "Outer", "Join Type": "Inner", "Startup Cost": 133372.06, "Total Cost": 133414.43, "Plan Rows": 12, "Plan Width": 67, "Inner Unique": false, "Join Filter": "(t.id = mc.movie_id)", "Plans": [{"Node Type": "Merge Join", "Parent Relationship": "Outer", "Join Type": "Inner", "Startup Cost": 133371.79, "Total Cost": 133379.88, "Plan Rows": 8, "Plan Width": 71, "Inner Unique": false, "Merge Cond": "(it1.id = mi.info_type_id)", "Plans": [{"Node Type": "Sort", "Parent Relationship": "Outer", "Startup Cost": 14.22, "Total Cost": 14.23, "Plan Rows": 1, "Plan Width": 4, "Sort Key": ["it1.id"], "Plans": [{"Node Type": "Bitmap Heap Scan", "Parent Relationship": "Outer", "Relation Name": "info_type", "Alias": "it1", "Startup Cost": 8.81, "Total Cost": 14.21, "Plan Rows": 1, "Plan Width": 4, "Filter": "((info)::text = 'budget'::text)", "Plans": [{"Node Type": "Bitmap Index Scan", "Parent Relationship": "Outer", "Index Name": "info_type_pkey", "Startup Cost": 0.0, "Total Cost": 8.81, "Plan Rows": 112, "Plan Width": 0}]}]}, {"Node Type": "Sort", "Parent Relationship": "Inner", "Startup Cost": 133357.12, "Total Cost": 133361.27, "Plan Rows": 1659, "Plan Width": 75, "Sort Key": ["mi.info_type_id"], "Plans": [{"Node Type": "Nested Loop", "Parent Relationship": "Outer", "Join Type": "Inner", "Startup Cost": 131841.98, "Total Cost": 133268.4, "Plan Rows": 1659, "Plan Width": 75, "Inner Unique": false, "Join Filter": "(t.id = mi.movie_id)", "Plans": [{"Node Type": "Merge Join", "Parent Relationship": "Outer", "Join Type": "Inner", "Startup Cost": 131841.53, "Total Cost": 131844.5, "Plan Rows": 311, "Plan Width": 25, "Inner Unique": false, "Merge Cond": "(it2.id = mi_idx.info_type_id)", "Plans": [{"Node Type": "Sort", "Parent Relationship": "Outer", "Startup Cost": 14.22, "Total Cost": 14.23, "Plan Rows": 1, "Plan Width": 4, "Sort Key": ["it2.id"], "Plans": [{"Node Type": "Bitmap Heap Scan", "Parent Relationship": "Outer", "Relation Name": "info_type", "Alias": "it2", "Startup Cost": 8.81, "Total Cost": 14.21, "Plan Rows": 1, "Plan Width": 4, "Filter": "((info)::text = 'bottom 10 rank'::text)", "Plans": [{"Node Type": "Bitmap Index Scan", "Parent Relationship": "Outer", "Index Name": "info_type_pkey", "Startup Cost": 0.0, "Total Cost": 8.81, "Plan Rows": 112, "Plan Width": 0}]}]}, {"Node Type": "Sort", "Parent Relationship": "Inner", "Startup Cost": 131827.3, "Total Cost": 131828.29, "Plan Rows": 396, "Plan Width": 29, "Sort Key": ["mi_idx.info_type_id"], "Plans": [{"Node Type": "Nested Loop", "Parent Relationship": "Outer", "Join Type": "Inner", "Startup Cost": 49658.04, "Total Cost": 131810.21, "Plan Rows": 396, "Plan Width": 29, "Inner Unique": false, "Plans": [{"Node Type": "Bitmap Heap Scan", "Parent Relationship": "Outer", "Relation Name": "title", "Alias": "t", "Startup Cost": 49653.87, "Total Cost": 128685.31, "Plan Rows": 258, "Plan Width": 21, "Filter": "((production_year > 2000) AND (((title)::text ~~ 'Birdemic%'::text) OR ((title)::text ~~ '%Movie%'::text)))", "Plans": [{"Node Type": "Bitmap Index Scan", "Parent Relationship": "Outer", "Index Name": "title_pkey", "Startup Cost": 0.0, "Total Cost": 49653.81, "Plan Rows": 2528311, "Plan Width": 0}]}, {"Node Type": "Bitmap Heap Scan", "Parent Relationship": "Inner", "Relation Name": "movie_info_idx", "Alias": "mi_idx", "Startup Cost": 4.17, "Total Cost": 12.09, "Plan Rows": 2, "Plan Width": 8, "Recheck Cond": "(movie_id = t.id)", "Plans": [{"Node Type": "Bitmap Index Scan", "Parent Relationship": "Outer", "Index Name": "movie_id_movie_info_idx", "Startup Cost": 0.0, "Total Cost": 4.17, "Plan Rows": 2, "Plan Width": 0, "Index Cond": "(movie_id = t.id)"}]}]}]}]}, {"Node Type": "Bitmap Heap Scan", "Parent Relationship": "Inner", "Relation Name": "movie_info", "Alias": "mi", "Startup Cost": 0.45, "Total Cost": 4.52, "Plan Rows": 5, "Plan Width": 50, "Recheck Cond": "(movie_id = mi_idx.movie_id)", "Plans": [{"Node Type": "Bitmap Index Scan", "Parent Relationship": "Outer", "Index Name": "movie_id_movie_info", "Startup Cost": 0.0, "Total Cost": 0.45, "Plan Rows": 5, "Plan Width": 0, "Index Cond": "(movie_id = mi_idx.movie_id)"}]}]}]}]}, {"Node Type": "Bitmap Heap Scan", "Parent Relationship": "Inner", "Relation Name": "movie_companies", "Alias": "mc", "Startup Cost": 0.27, "Total Cost": 4.29, "Plan Rows": 2, "Plan Width": 12, "Recheck Cond": "(movie_id = mi.movie_id)", "Plans": [{"Node Type": "Bitmap Index Scan", "Parent Relationship": "Outer", "Index Name": "movie_id_movie_companies", "Startup Cost": 0.0, "Total Cost": 0.27, "Plan Rows": 2, "Plan Width": 0, "Index Cond": "(movie_id = mi.movie_id)"}]}]}, {"Node Type": "Bitmap Heap Scan", "Parent Relationship": "Inner", "Relation Name": "company_name", "Alias": "cn", "Startup Cost": 0.26, "Total Cost": 4.27, "Plan Rows": 1, "Plan Width": 4, "Recheck Cond": "(id = mc.company_id)", "Filter": "((country_code)::text = '[us]'::text)", "Plans": [{"Node Type": "Bitmap Index Scan", "Parent Relationship": "Outer", "Index Name": "company_name_pkey", "Startup Cost": 0.0, "Total Cost": 0.26, "Plan Rows": 1, "Plan Width": 0, "Index Cond": "(id = mc.company_id)"}]}]}]}]}]}, "Unique SQL Id": 1682224415}, "explain_analyze_plan": null}, "(64, 88)": {"explain_plan": {"Plan": {"Node Type": "Aggregate", "Strategy": "Plain", "Startup Cost": 67027.86, "Total Cost": 67027.87, "Plan Rows": 1, "Plan Width": 123, "Plans": [{"Node Type": "Nested Loop", "Parent Relationship": "Outer", "Join Type": "Inner", "Startup Cost": 0.0, "Total Cost": 67027.84, "Plan Rows": 4, "Plan Width": 59, "Inner Unique": true, "Plans": [{"Node Type": "Nested Loop", "Parent Relationship": "Outer", "Join Type": "Inner", "Startup Cost": 0.0, "Total Cost": 67026.7, "Plan Rows": 4, "Plan Width": 63, "Inner Unique": true, "Plans": [{"Node Type": "Nested Loop", "Parent Relationship": "Outer", "Join Type": "Inner", "Startup Cost": 0.0, "Total Cost": 66956.92, "Plan Rows": 247, "Plan Width": 67, "Inner Unique": false, "Join Filter": "(t.id = mi.movie_id)", "Plans": [{"Node Type": "Nested Loop", "Parent Relationship": "Outer", "Join Type": "Inner", "Startup Cost": 0.0, "Total Cost": 66634.16, "Plan Rows": 444, "Plan Width": 33, "Inner Unique": true, "Plans": [{"Node Type": "Nested Loop", "Parent Relationship": "Outer", "Join Type": "Inner", "Startup Cost": 0.0, "Total Cost": 66573.75, "Plan Rows": 210, "Plan Width": 37, "Inner Unique": false, "Join Filter": "(t.id = mc.movie_id)", "Plans": [{"Node Type": "Nested Loop", "Parent Relationship": "Outer", "Join Type": "Inner", "Startup Cost": 0.0, "Total Cost": 66452.98, "Plan Rows": 311, "Plan Width": 25, "Inner Unique": true, "Plans": [{"Node Type": "Nested Loop", "Parent Relationship": "Outer", "Join Type": "Inner", "Startup Cost": 0.0, "Total Cost": 66341.1, "Plan Rows": 396, "Plan Width": 29, "Inner Unique": false, "Plans": [{"Node Type": "Streaming(type: LOCAL GATHER dop: 1/64)", "Parent Relationship": "Outer", "Startup Cost": 0.0, "Total Cost": 64240.19, "Plan Rows": 258, "Plan Width": 21, "Plans": [{"Node Type": "Seq Scan", "Parent Relationship": "Outer", "Relation Name": "title", "Alias": "t", "Startup Cost": 0.0, "Total Cost": 64234.87, "Plan Rows": 258, "Plan Width": 21, "Filter": "((production_year > 2000) AND (((title)::text ~~ 'Birdemic%'::text) OR ((title)::text ~~ '%Movie%'::text)))"}]}, {"Node Type": "Index Scan", "Parent Relationship": "Inner", "Scan Direction": "Forward", "Index Name": "movie_id_movie_info_idx", "Relation Name": "movie_info_idx", "Alias": "mi_idx", "Startup Cost": 0.0, "Total Cost": 8.12, "Plan Rows": 2, "Plan Width": 8, "Index Cond": "(movie_id = t.id)"}]}, {"Node Type": "Index Scan", "Parent Relationship": "Inner", "Scan Direction": "Forward", "Index Name": "info_type_pkey", "Relation Name": "info_type", "Alias": "it2", "Startup Cost": 0.0, "Total Cost": 0.27, "Plan Rows": 1, "Plan Width": 4, "Index Cond": "(id = mi_idx.info_type_id)", "Filter": "((info)::text = 'bottom 10 rank'::text)"}]}, {"Node Type": "Index Scan", "Parent Relationship": "Inner", "Scan Direction": "Forward", "Index Name": "movie_id_movie_companies", "Relation Name": "movie_companies", "Alias": "mc", "Startup Cost": 0.0, "Total Cost": 0.36, "Plan Rows": 2, "Plan Width": 12, "Index Cond": "(movie_id = mi_idx.movie_id)"}]}, {"Node Type": "Index Scan", "Parent Relationship": "Inner", "Scan Direction": "Forward", "Index Name": "company_name_pkey", "Relation Name": "company_name", "Alias": "cn", "Startup Cost": 0.0, "Total Cost": 0.28, "Plan Rows": 1, "Plan Width": 4, "Index Cond": "(id = mc.company_id)", "Filter": "((country_code)::text = '[us]'::text)"}]}, {"Node Type": "Index Scan", "Parent Relationship": "Inner", "Scan Direction": "Forward", "Index Name": "movie_id_movie_info", "Relation Name": "movie_info", "Alias": "mi", "Startup Cost": 0.0, "Total Cost": 0.66, "Plan Rows": 5, "Plan Width": 50, "Index Cond": "(movie_id = mc.movie_id)"}]}, {"Node Type": "Index Scan", "Parent Relationship": "Inner", "Scan Direction": "Forward", "Index Name": "info_type_pkey", "Relation Name": "info_type", "Alias": "it1", "Startup Cost": 0.0, "Total Cost": 0.27, "Plan Rows": 1, "Plan Width": 4, "Index Cond": "(id = mi.info_type_id)", "Filter": "((info)::text = 'budget'::text)"}]}, {"Node Type": "Index Scan", "Parent Relationship": "Inner", "Scan Direction": "Forward", "Index Name": "company_type_pkey", "Relation Name": "company_type", "Alias": "ct", "Startup Cost": 0.0, "Total Cost": 0.28, "Plan Rows": 1, "Plan Width": 4, "Index Cond": "(id = mc.company_type_id)", "Filter": "((kind IS NOT NULL) AND (((kind)::text = 'production companies'::text) OR ((kind)::text = 'distributors'::text)))"}]}]}, "Unique SQL Id": 1682224415}, "explain_analyze_plan": {"Plan": {"Node Type": "Aggregate", "Strategy": "Plain", "Startup Cost": 67027.86, "Total Cost": 67027.87, "Plan Rows": 1, "Plan Width": 123, "Actual Min Startup Time": 227.696, "Actual Max Startup Time": 227.696, "Actual Min Total Time": 227.697, "Actual Max Total Time": 227.697, "Actual Total Rows": 1, "Plans": [{"Node Type": "Nested Loop", "Parent Relationship": "Outer", "Join Type": "Inner", "Startup Cost": 0.0, "Total Cost": 67027.84, "Plan Rows": 4, "Plan Width": 59, "Actual Min Startup Time": 209.623, "Actual Max Startup Time": 209.623, "Actual Min Total Time": 227.562, "Actual Max Total Time": 227.562, "Actual Total Rows": 5, "Inner Unique": true, "Plans": [{"Node Type": "Nested Loop", "Parent Relationship": "Outer", "Join Type": "Inner", "Startup Cost": 0.0, "Total Cost": 67026.7, "Plan Rows": 4, "Plan Width": 63, "Actual Min Startup Time": 208.986, "Actual Max Startup Time": 208.986, "Actual Min Total Time": 227.517, "Actual Max Total Time": 227.517, "Actual Total Rows": 10, "Inner Unique": true, "Plans": [{"Node Type": "Nested Loop", "Parent Relationship": "Outer", "Join Type": "Inner", "Startup Cost": 0.0, "Total Cost": 66956.92, "Plan Rows": 247, "Plan Width": 67, "Actual Min Startup Time": 208.807, "Actual Max Startup Time": 208.807, "Actual Min Total Time": 224.77, "Actual Max Total Time": 224.77, "Actual Total Rows": 1210, "Inner Unique": false, "Join Filter": "(t.id = mi.movie_id)", "Rows Removed by Join Filter": 0, "Plans": [{"Node Type": "Nested Loop", "Parent Relationship": "Outer", "Join Type": "Inner", "Startup Cost": 0.0, "Total Cost": 66634.16, "Plan Rows": 444, "Plan Width": 33, "Actual Min Startup Time": 208.78, "Actual Max Startup Time": 208.78, "Actual Min Total Time": 223.43, "Actual Max Total Time": 223.43, "Actual Total Rows": 10, "Inner Unique": true, "Plans": [{"Node Type": "Nested Loop", "Parent Relationship": "Outer", "Join Type": "Inner", "Startup Cost": 0.0, "Total Cost": 66573.75, "Plan Rows": 210, "Plan Width": 37, "Actual Min Startup Time": 208.754, "Actual Max Startup Time": 208.754, "Actual Min Total Time": 223.139, "Actual Max Total Time": 223.139, "Actual Total Rows": 33, "Inner Unique": false, "Join Filter": "(t.id = mc.movie_id)", "Rows Removed by Join Filter": 0, "Plans": [{"Node Type": "Nested Loop", "Parent Relationship": "Outer", "Join Type": "Inner", "Startup Cost": 0.0, "Total Cost": 66452.98, "Plan Rows": 311, "Plan Width": 25, "Actual Min Startup Time": 208.721, "Actual Max Startup Time": 208.721, "Actual Min Total Time": 223.05, "Actual Max Total Time": 223.05, "Actual Total Rows": 2, "Inner Unique": true, "Plans": [{"Node Type": "Nested Loop", "Parent Relationship": "Outer", "Join Type": "Inner", "Startup Cost": 0.0, "Total Cost": 66341.1, "Plan Rows": 396, "Plan Width": 29, "Actual Min Startup Time": 113.733, "Actual Max Startup Time": 113.733, "Actual Min Total Time": 216.811, "Actual Max Total Time": 216.811, "Actual Total Rows": 2645, "Inner Unique": false, "Plans": [{"Node Type": "Streaming(type: LOCAL GATHER dop: 1/64)", "Parent Relationship": "Outer", "Startup Cost": 0.0, "Total Cost": 64240.19, "Plan Rows": 258, "Plan Width": 21, "Actual Min Startup Time": 113.621, "Actual Max Startup Time": 113.621, "Actual Min Total Time": 201.313, "Actual Max Total Time": 201.313, "Actual Total Rows": 2536, "Plans": [{"Node Type": "Seq Scan", "Parent Relationship": "Outer", "Relation Name": "title", "Alias": "t", "Startup Cost": 0.0, "Total Cost": 64234.87, "Plan Rows": 258, "Plan Width": 21, "Actual Min Startup Time": 0.039, "Actual Max Startup Time": 7.235, "Actual Min Total Time": 19.296, "Actual Max Total Time": 24.03, "Actual Total Rows": 2536, "Filter": "((production_year > 2000) AND (((title)::text ~~ 'Birdemic%'::text) OR ((title)::text ~~ '%Movie%'::text)))", "Rows Removed by Filter": 2525775}]}, {"Node Type": "Index Scan", "Parent Relationship": "Inner", "Scan Direction": "Forward", "Index Name": "movie_id_movie_info_idx", "Relation Name": "movie_info_idx", "Alias": "mi_idx", "Startup Cost": 0.0, "Total Cost": 8.12, "Plan Rows": 2, "Plan Width": 8, "Actual Min Startup Time": 12.581, "Actual Max Startup Time": 12.581, "Actual Min Total Time": 13.54, "Actual Max Total Time": 13.54, "Actual Total Rows": 2645, "Index Cond": "(movie_id = t.id)", "Rows Removed by Index Recheck": 0}]}, {"Node Type": "Index Scan", "Parent Relationship": "Inner", "Scan Direction": "Forward", "Index Name": "info_type_pkey", "Relation Name": "info_type", "Alias": "it2", "Startup Cost": 0.0, "Total Cost": 0.27, "Plan Rows": 1, "Plan Width": 4, "Actual Min Startup Time": 5.052, "Actual Max Startup Time": 5.052, "Actual Min Total Time": 5.052, "Actual Max Total Time": 5.052, "Actual Total Rows": 2, "Index Cond": "(id = mi_idx.info_type_id)", "Rows Removed by Index Recheck": 0, "Filter": "((info)::text = 'bottom 10 rank'::text)", "Rows Removed by Filter": 2643}]}, {"Node Type": "Index Scan", "Parent Relationship": "Inner", "Scan Direction": "Forward", "Index Name": "movie_id_movie_companies", "Relation Name": "movie_companies", "Alias": "mc", "Startup Cost": 0.0, "Total Cost": 0.36, "Plan Rows": 2, "Plan Width": 12, "Actual Min Startup Time": 0.025, "Actual Max Startup Time": 0.025, "Actual Min Total Time": 0.05, "Actual Max Total Time": 0.05, "Actual Total Rows": 33, "Index Cond": "(movie_id = mi_idx.movie_id)", "Rows Removed by Index Recheck": 0}]}, {"Node Type": "Index Scan", "Parent Relationship": "Inner", "Scan Direction": "Forward", "Index Name": "company_name_pkey", "Relation Name": "company_name", "Alias": "cn", "Startup Cost": 0.0, "Total Cost": 0.28, "Plan Rows": 1, "Plan Width": 4, "Actual Min Startup Time": 0.263, "Actual Max Startup Time": 0.263, "Actual Min Total Time": 0.263, "Actual Max Total Time": 0.263, "Actual Total Rows": 10, "Index Cond": "(id = mc.company_id)", "Rows Removed by Index Recheck": 0, "Filter": "((country_code)::text = '[us]'::text)", "Rows Removed by Filter": 23}]}, {"Node Type": "Index Scan", "Parent Relationship": "Inner", "Scan Direction": "Forward", "Index Name": "movie_id_movie_info", "Relation Name": "movie_info", "Alias": "mi", "Startup Cost": 0.0, "Total Cost": 0.66, "Plan Rows": 5, "Plan Width": 50, "Actual Min Startup Time": 0.162, "Actual Max Startup Time": 0.162, "Actual Min Total Time": 0.897, "Actual Max Total Time": 0.897, "Actual Total Rows": 1210, "Index Cond": "(movie_id = mc.movie_id)", "Rows Removed by Index Recheck": 0}]}, {"Node Type": "Index Scan", "Parent Relationship": "Inner", "Scan Direction": "Forward", "Index Name": "info_type_pkey", "Relation Name": "info_type", "Alias": "it1", "Startup Cost": 0.0, "Total Cost": 0.27, "Plan Rows": 1, "Plan Width": 4, "Actual Min Startup Time": 2.166, "Actual Max Startup Time": 2.166, "Actual Min Total Time": 2.166, "Actual Max Total Time": 2.166, "Actual Total Rows": 10, "Index Cond": "(id = mi.info_type_id)", "Rows Removed by Index Recheck": 0, "Filter": "((info)::text = 'budget'::text)", "Rows Removed by Filter": 1184}]}, {"Node Type": "Index Scan", "Parent Relationship": "Inner", "Scan Direction": "Forward", "Index Name": "company_type_pkey", "Relation Name": "company_type", "Alias": "ct", "Startup Cost": 0.0, "Total Cost": 0.28, "Plan Rows": 1, "Plan Width": 4, "Actual Min Startup Time": 0.029, "Actual Max Startup Time": 0.029, "Actual Min Total Time": 0.029, "Actual Max Total Time": 0.029, "Actual Total Rows": 5, "Index Cond": "(id = mc.company_type_id)", "Rows Removed by Index Recheck": 0, "Filter": "((kind IS NOT NULL) AND (((kind)::text = 'production companies'::text) OR ((kind)::text = 'distributors'::text)))", "Rows Removed by Filter": 0}]}]}, "Triggers": [], "Planner Runtime": 77.552, "Total Runtime": 239.985, "Unique SQL Id": 1682224415}}, "(64, 89)": {"explain_plan": {"Plan": {"Node Type": "Aggregate", "Strategy": "Plain", "Startup Cost": 131870.49, "Total Cost": 131870.5, "Plan Rows": 1, "Plan Width": 123, "Plans": [{"Node Type": "Nested Loop", "Parent Relationship": "Outer", "Join Type": "Inner", "Startup Cost": 0.0, "Total Cost": 131870.47, "Plan Rows": 4, "Plan Width": 59, "Inner Unique": true, "Plans": [{"Node Type": "Nested Loop", "Parent Relationship": "Outer", "Join Type": "Inner", "Startup Cost": 0.0, "Total Cost": 131869.33, "Plan Rows": 4, "Plan Width": 63, "Inner Unique": true, "Plans": [{"Node Type": "Nested Loop", "Parent Relationship": "Outer", "Join Type": "Inner", "Startup Cost": 0.0, "Total Cost": 131799.56, "Plan Rows": 247, "Plan Width": 67, "Inner Unique": false, "Join Filter": "(t.id = mi.movie_id)", "Plans": [{"Node Type": "Nested Loop", "Parent Relationship": "Outer", "Join Type": "Inner", "Startup Cost": 0.0, "Total Cost": 131476.79, "Plan Rows": 444, "Plan Width": 33, "Inner Unique": true, "Plans": [{"Node Type": "Nested Loop", "Parent Relationship": "Outer", "Join Type": "Inner", "Startup Cost": 0.0, "Total Cost": 131416.38, "Plan Rows": 210, "Plan Width": 37, "Inner Unique": false, "Join Filter": "(t.id = mc.movie_id)", "Plans": [{"Node Type": "Nested Loop", "Parent Relationship": "Outer", "Join Type": "Inner", "Startup Cost": 0.0, "Total Cost": 131295.61, "Plan Rows": 311, "Plan Width": 25, "Inner Unique": true, "Plans": [{"Node Type": "Nested Loop", "Parent Relationship": "Outer", "Join Type": "Inner", "Startup Cost": 0.0, "Total Cost": 131183.74, "Plan Rows": 396, "Plan Width": 29, "Inner Unique": false, "Plans": [{"Node Type": "Index Scan", "Parent Relationship": "Outer", "Scan Direction": "Forward", "Index Name": "title_pkey", "Relation Name": "title", "Alias": "t", "Startup Cost": 0.0, "Total Cost": 129082.82, "Plan Rows": 258, "Plan Width": 21, "Filter": "((production_year > 2000) AND (((title)::text ~~ 'Birdemic%'::text) OR ((title)::text ~~ '%Movie%'::text)))"}, {"Node Type": "Index Scan", "Parent Relationship": "Inner", "Scan Direction": "Forward", "Index Name": "movie_id_movie_info_idx", "Relation Name": "movie_info_idx", "Alias": "mi_idx", "Startup Cost": 0.0, "Total Cost": 8.12, "Plan Rows": 2, "Plan Width": 8, "Index Cond": "(movie_id = t.id)"}]}, {"Node Type": "Index Scan", "Parent Relationship": "Inner", "Scan Direction": "Forward", "Index Name": "info_type_pkey", "Relation Name": "info_type", "Alias": "it2", "Startup Cost": 0.0, "Total Cost": 0.27, "Plan Rows": 1, "Plan Width": 4, "Index Cond": "(id = mi_idx.info_type_id)", "Filter": "((info)::text = 'bottom 10 rank'::text)"}]}, {"Node Type": "Index Scan", "Parent Relationship": "Inner", "Scan Direction": "Forward", "Index Name": "movie_id_movie_companies", "Relation Name": "movie_companies", "Alias": "mc", "Startup Cost": 0.0, "Total Cost": 0.36, "Plan Rows": 2, "Plan Width": 12, "Index Cond": "(movie_id = mi_idx.movie_id)"}]}, {"Node Type": "Index Scan", "Parent Relationship": "Inner", "Scan Direction": "Forward", "Index Name": "company_name_pkey", "Relation Name": "company_name", "Alias": "cn", "Startup Cost": 0.0, "Total Cost": 0.28, "Plan Rows": 1, "Plan Width": 4, "Index Cond": "(id = mc.company_id)", "Filter": "((country_code)::text = '[us]'::text)"}]}, {"Node Type": "Index Scan", "Parent Relationship": "Inner", "Scan Direction": "Forward", "Index Name": "movie_id_movie_info", "Relation Name": "movie_info", "Alias": "mi", "Startup Cost": 0.0, "Total Cost": 0.66, "Plan Rows": 5, "Plan Width": 50, "Index Cond": "(movie_id = mc.movie_id)"}]}, {"Node Type": "Index Scan", "Parent Relationship": "Inner", "Scan Direction": "Forward", "Index Name": "info_type_pkey", "Relation Name": "info_type", "Alias": "it1", "Startup Cost": 0.0, "Total Cost": 0.27, "Plan Rows": 1, "Plan Width": 4, "Index Cond": "(id = mi.info_type_id)", "Filter": "((info)::text = 'budget'::text)"}]}, {"Node Type": "Index Scan", "Parent Relationship": "Inner", "Scan Direction": "Forward", "Index Name": "company_type_pkey", "Relation Name": "company_type", "Alias": "ct", "Startup Cost": 0.0, "Total Cost": 0.28, "Plan Rows": 1, "Plan Width": 4, "Index Cond": "(id = mc.company_type_id)", "Filter": "((kind IS NOT NULL) AND (((kind)::text = 'production companies'::text) OR ((kind)::text = 'distributors'::text)))"}]}]}, "Unique SQL Id": 1682224415}, "explain_analyze_plan": null}, "(64, 90)": {"explain_plan": {"Plan": {"Node Type": "Aggregate", "Strategy": "Plain", "Startup Cost": 2100103721182.28, "Total Cost": 2100103721182.31, "Plan Rows": 1, "Plan Width": 123, "Plans": [{"Node Type": "Streaming(type: LOCAL GATHER dop: 1/64)", "Parent Relationship": "Outer", "Startup Cost": 2100103721182.28, "Total Cost": 2100103721182.31, "Plan Rows": 1, "Plan Width": 123, "Plans": [{"Node Type": "Aggregate", "Strategy": "Plain", "Parent Relationship": "Outer", "Startup Cost": 2100103721182.28, "Total Cost": 2100103721182.29, "Plan Rows": 1, "Plan Width": 123, "Plans": [{"Node Type": "Nested Loop", "Parent Relationship": "Outer", "Join Type": "Inner", "Startup Cost": 30000684443.2, "Total Cost": 2100103721182.26, "Plan Rows": 4, "Plan Width": 59, "Inner Unique": false, "Join Filter": "(mi.movie_id = t.id)", "Plans": [{"Node Type": "Nested Loop", "Parent Relationship": "Outer", "Join Type": "Inner", "Startup Cost": 10000000000.0, "Total Cost": 100001335484.43, "Plan Rows": 212428, "Plan Width": 46, "Inner Unique": false, "Join Filter": "(it1.id = mi.info_type_id), (LLVM Optimized)", "Plans": [{"Node Type": "Streaming(type: BROADCAST dop: 64/1)", "Parent Relationship": "Outer", "Startup Cost": 0.0, "Total Cost": 63003.72, "Plan Rows": 64, "Plan Width": 4, "Plans": [{"Node Type": "Seq Scan", "Parent Relationship": "Outer", "Relation Name": "info_type", "Alias": "it1", "Startup Cost": 0.0, "Total Cost": 2.4, "Plan Rows": 1, "Plan Width": 4, "Filter": "((info)::text = 'budget'::text)"}]}, {"Node Type": "Seq Scan", "Parent Relationship": "Inner", "Relation Name": "movie_info", "Alias": "mi", "Startup Cost": 0.0, "Total Cost": 67640.43, "Plan Rows": 14869966, "Plan Width": 50}]}, {"Node Type": "Materialize", "Parent Relationship": "Inner", "Startup Cost": 10000684443.2, "Total Cost": 100009020553.14, "Plan Rows": 20672, "Plan Width": 29, "Plans": [{"Node Type": "Streaming(type: BROADCAST dop: 64/64)", "Parent Relationship": "Outer", "Startup Cost": 10000684443.2, "Total Cost": 100009020551.53, "Plan Rows": 20672, "Plan Width": 29, "Plans": [{"Node Type": "Nested Loop", "Parent Relationship": "Outer", "Join Type": "Inner", "Startup Cost": 10000684443.2, "Total Cost": 100008957538.41, "Plan Rows": 323, "Plan Width": 29, "Inner Unique": true, "Join Filter": "(mi_idx.movie_id = t.id)", "Plans": [{"Node Type": "Streaming(type: LOCAL REDISTRIBUTE dop: 64/1)", "Parent Relationship": "Outer", "Startup Cost": 684443.2, "Total Cost": 768180.3, "Plan Rows": 358184, "Plan Width": 8, "Plans": [{"Node Type": "Merge Join", "Parent Relationship": "Outer", "Join Type": "Inner", "Startup Cost": 684443.2, "Total Cost": 690627.32, "Plan Rows": 358184, "Plan Width": 8, "Inner Unique": false, "Merge Cond": "(ct.id = mc.company_type_id)", "Plans": [{"Node Type": "Sort", "Parent Relationship": "Outer", "Startup Cost": 1.05, "Total Cost": 1.06, "Plan Rows": 2, "Plan Width": 4, "Sort Key": ["ct.id"], "Plans": [{"Node Type": "Seq Scan", "Parent Relationship": "Outer", "Relation Name": "company_type", "Alias": "ct", "Startup Cost": 0.0, "Total Cost": 1.04, "Plan Rows": 2, "Plan Width": 4, "Filter": "((kind IS NOT NULL) AND (((kind)::text = 'production companies'::text) OR ((kind)::text = 'distributors'::text)))"}]}, {"Node Type": "Sort", "Parent Relationship": "Inner", "Startup Cost": 683236.52, "Total Cost": 684468.15, "Plan Rows": 492649, "Plan Width": 12, "Sort Key": ["mc.company_type_id"], "Plans": [{"Node Type": "Merge Join", "Parent Relationship": "Outer", "Join Type": "Inner", "Startup Cost": 628984.64, "Total Cost": 636656.07, "Plan Rows": 492649, "Plan Width": 12, "Inner Unique": false, "Merge Cond": "(cn.id = mc.company_id)", "Plans": [{"Node Type": "Sort", "Parent Relationship": "Outer", "Startup Cost": 12878.05, "Total Cost": 13090.97, "Plan Rows": 85170, "Plan Width": 4, "Sort Key": ["cn.id"], "Plans": [{"Node Type": "Seq Scan", "Parent Relationship": "Outer", "Relation Name": "company_name", "Alias": "cn", "Startup Cost": 0.0, "Total Cost": 5903.45, "Plan Rows": 85170, "Plan Width": 4, "Filter": "((country_code)::text = '[us]'::text)"}]}, {"Node Type": "Sort", "Parent Relationship": "Inner", "Startup Cost": 616011.91, "Total Cost": 617833.9, "Plan Rows": 728799, "Plan Width": 16, "Sort Key": ["mc.company_id"], "Plans": [{"Node Type": "Merge Join", "Parent Relationship": "Outer", "Join Type": "Inner", "Startup Cost": 522985.96, "Total Cost": 545044.52, "Plan Rows": 728799, "Plan Width": 16, "Inner Unique": false, "Merge Cond": "(mi_idx.movie_id = mc.movie_id)", "Plans": [{"Node Type": "Sort", "Parent Relationship": "Outer", "Startup Cost": 203099.06, "Total Cost": 203961.58, "Plan Rows": 345008, "Plan Width": 4, "Sort Key": ["mi_idx.movie_id"], "Plans": [{"Node Type": "Merge Join", "Parent Relationship": "Outer", "Join Type": "Inner", "Startup Cost": 161014.5, "Total Cost": 171364.75, "Plan Rows": 345008, "Plan Width": 4, "Inner Unique": false, "Merge Cond": "(it2.id = mi_idx.info_type_id)", "Plans": [{"Node Type": "Sort", "Parent Relationship": "Outer", "Startup Cost": 2.41, "Total Cost": 2.42, "Plan Rows": 1, "Plan Width": 4, "Sort Key": ["it2.id"], "Plans": [{"Node Type": "Seq Scan", "Parent Relationship": "Outer", "Relation Name": "info_type", "Alias": "it2", "Startup Cost": 0.0, "Total Cost": 2.4, "Plan Rows": 1, "Plan Width": 4, "Filter": "((info)::text = 'bottom 10 rank'::text)"}]}, {"Node Type": "Sort", "Parent Relationship": "Inner", "Startup Cost": 161012.09, "Total Cost": 164462.17, "Plan Rows": 1380034, "Plan Width": 8, "Sort Key": ["mi_idx.info_type_id"], "Plans": [{"Node Type": "Seq Scan", "Parent Relationship": "Outer", "Relation Name": "movie_info_idx", "Alias": "mi_idx", "Startup Cost": 0.0, "Total Cost": 20274.34, "Plan Rows": 1380034, "Plan Width": 8}]}]}]}, {"Node Type": "Sort", "Parent Relationship": "Inner", "Startup Cost": 319886.87, "Total Cost": 326409.69, "Plan Rows": 2609128, "Plan Width": 12, "Sort Key": ["mc.movie_id"], "Plans": [{"Node Type": "Seq Scan", "Parent Relationship": "Outer", "Relation Name": "movie_companies", "Alias": "mc", "Startup Cost": 0.0, "Total Cost": 41817.28, "Plan Rows": 2609128, "Plan Width": 12}]}]}]}]}]}]}]}, {"Node Type": "Materialize", "Parent Relationship": "Inner", "Startup Cost": 0.0, "Total Cost": 127235.13, "Plan Rows": 258, "Plan Width": 21, "Plans": [{"Node Type": "Streaming(type: LOCAL REDISTRIBUTE dop: 64/64)", "Parent Relationship": "Outer", "Startup Cost": 0.0, "Total Cost": 127235.11, "Plan Rows": 258, "Plan Width": 21, "Plans": [{"Node Type": "Seq Scan", "Parent Relationship": "Outer", "Relation Name": "title", "Alias": "t", "Startup Cost": 0.0, "Total Cost": 64234.87, "Plan Rows": 258, "Plan Width": 21, "Filter": "((production_year > 2000) AND (((title)::text ~~ 'Birdemic%'::text) OR ((title)::text ~~ '%Movie%'::text)))"}]}]}]}]}]}]}]}]}]}, "Unique SQL Id": 1682224415}, "explain_analyze_plan": null}, "(64, 91)": {"explain_plan": {"Plan": {"Node Type": "Aggregate", "Strategy": "Plain", "Startup Cost": 7996295437599.52, "Total Cost": 7996295437599.53, "Plan Rows": 1, "Plan Width": 123, "Plans": [{"Node Type": "Merge Join", "Parent Relationship": "Outer", "Join Type": "Inner", "Startup Cost": 7006294387245.74, "Total Cost": 7996295437599.28, "Plan Rows": 48, "Plan Width": 59, "Inner Unique": true, "Merge Cond": "(mc.company_id = cn.id)", "Plans": [{"Node Type": "Sort", "Parent Relationship": "Outer", "Startup Cost": 6996294387245.73, "Total Cost": 6996294387245.97, "Plan Rows": 98, "Plan Width": 63, "Sort Key": ["mc.company_id"], "Plans": [{"Node Type": "Merge Join", "Parent Relationship": "Outer", "Join Type": "Inner", "Startup Cost": 6006294385803.55, "Total Cost": 6996294387242.48, "Plan Rows": 98, "Plan Width": 63, "Inner Unique": true, "Merge Cond": "(mi.info_type_id = it1.id)", "Plans": [{"Node Type": "Sort", "Parent Relationship": "Outer", "Startup Cost": 5996294385802.56, "Total Cost": 5996294385811.63, "Plan Rows": 3629, "Plan Width": 67, "Sort Key": ["mi.info_type_id"], "Plans": [{"Node Type": "Merge Join", "Parent Relationship": "Outer", "Join Type": "Inner", "Startup Cost": 4020011495603.29, "Total Cost": 5996294385587.99, "Plan Rows": 3629, "Plan Width": 67, "Inner Unique": false, "Merge Cond": "(mc.movie_id = t.id)", "Plans": [{"Node Type": "Sort", "Parent Relationship": "Outer", "Startup Cost": 2000009630131.7, "Total Cost": 2000009636654.52, "Plan Rows": 2609128, "Plan Width": 8, "Sort Key": ["mc.movie_id"], "Plans": [{"Node Type": "Merge Join", "Parent Relationship": "Outer", "Join Type": "Inner", "Startup Cost": 504554486367.56, "Total Cost": 2000009352062.11, "Plan Rows": 2609128, "Plan Width": 8, "Inner Unique": false, "Merge Cond": "(ct.id = mc.company_type_id)", "Plans": [{"Node Type": "Index Scan", "Parent Relationship": "Outer", "Scan Direction": "Forward", "Index Name": "company_type_pkey", "Relation Name": "company_type", "Alias": "ct", "Startup Cost": 10000000000.0, "Total Cost": 1000000001231.0, "Plan Rows": 2, "Plan Width": 4, "Filter": "((kind IS NOT NULL) AND (((kind)::text = 'production companies'::text) OR ((kind)::text = 'distributors'::text)))"}, {"Node Type": "Index Scan", "Parent Relationship": "Inner", "Scan Direction": "Forward", "Index Name": "company_type_id_movie_companies", "Relation Name": "movie_companies", "Alias": "mc", "Startup Cost": 10000000000.0, "Total Cost": 1000009318217.0, "Plan Rows": 2609128, "Plan Width": 12}]}]}, {"Node Type": "Materialize", "Parent Relationship": "Inner", "Startup Cost": 2020001865471.59, "Total Cost": 3998670116987.32, "Plan Rows": 1659, "Plan Width": 75, "Plans": [{"Node Type": "Merge Join", "Parent Relationship": "Outer", "Join Type": "Inner", "Startup Cost": 2020001865471.59, "Total Cost": 3998670116983.17, "Plan Rows": 1659, "Plan Width": 75, "Inner Unique": false, "Merge Cond": "(mi_idx.movie_id = t.id)", "Plans": [{"Node Type": "Sort", "Parent Relationship": "Outer", "Startup Cost": 2000001865471.58, "Total Cost": 2000001866334.1, "Plan Rows": 345008, "Plan Width": 4, "Sort Key": ["mi_idx.movie_id"], "Plans": [{"Node Type": "Nested Loop", "Parent Relationship": "Outer", "Join Type": "Inner", "Startup Cost": 20000007502.06, "Total Cost": 2000001833737.28, "Plan Rows": 345008, "Plan Width": 4, "Inner Unique": false, "Plans": [{"Node Type": "Index Scan", "Parent Relationship": "Outer", "Scan Direction": "Forward", "Index Name": "info_type_pkey", "Relation Name": "info_type", "Alias": "it2", "Startup Cost": 10000000000.0, "Total Cost": 1000000001421.0, "Plan Rows": 1, "Plan Width": 4, "Filter": "((info)::text = 'bottom 10 rank'::text)"}, {"Node Type": "Bitmap Heap Scan", "Parent Relationship": "Inner", "Relation Name": "movie_info_idx", "Alias": "mi_idx", "Startup Cost": 10000007502.06, "Total Cost": 1000001828866.2, "Plan Rows": 345008, "Plan Width": 8, "Recheck Cond": "(info_type_id = it2.id), (LLVM Optimized)", "Plans": [{"Node Type": "Bitmap Index Scan", "Parent Relationship": "Outer", "Index Name": "info_type_id_movie_info_idx", "Startup Cost": 0.0, "Total Cost": 7415.81, "Plan Rows": 345008, "Plan Width": 0, "Index Cond": "(info_type_id = it2.id)"}]}]}]}, {"Node Type": "Materialize", "Parent Relationship": "Inner", "Startup Cost": 20000000000.0, "Total Cost": 2000116762393.22, "Plan Rows": 1367, "Plan Width": 71, "Plans": [{"Node Type": "Merge Join", "Parent Relationship": "Outer", "Join Type": "Inner", "Startup Cost": 20000000000.0, "Total Cost": 2000116762389.8, "Plan Rows": 1367, "Plan Width": 71, "Inner Unique": true, "Merge Cond": "(mi.movie_id = t.id)", "Plans": [{"Node Type": "Index Scan", "Parent Relationship": "Outer", "Scan Direction": "Forward", "Index Name": "movie_id_movie_info", "Relation Name": "movie_info", "Alias": "mi", "Startup Cost": 10000000000.0, "Total Cost": 1000103816912.22, "Plan Rows": 14869966, "Plan Width": 50}, {"Node Type": "Materialize", "Parent Relationship": "Inner", "Startup Cost": 10000000000.0, "Total Cost": 1000012908282.81, "Plan Rows": 258, "Plan Width": 21, "Plans": [{"Node Type": "Index Scan", "Parent Relationship": "Outer", "Scan Direction": "Forward", "Index Name": "title_pkey", "Relation Name": "title", "Alias": "t", "Startup Cost": 10000000000.0, "Total Cost": 1000012908282.16, "Plan Rows": 258, "Plan Width": 21, "Filter": "((production_year > 2000) AND (((title)::text ~~ 'Birdemic%'::text) OR ((title)::text ~~ '%Movie%'::text)))"}]}]}]}]}]}]}]}, {"Node Type": "Materialize", "Parent Relationship": "Inner", "Startup Cost": 10000000000.0, "Total Cost": 1000000001421.0, "Plan Rows": 1, "Plan Width": 4, "Plans": [{"Node Type": "Index Scan", "Parent Relationship": "Outer", "Scan Direction": "Forward", "Index Name": "info_type_pkey", "Relation Name": "info_type", "Alias": "it1", "Startup Cost": 10000000000.0, "Total Cost": 1000000001421.0, "Plan Rows": 1, "Plan Width": 4, "Filter": "((info)::text = 'budget'::text)"}]}]}]}, {"Node Type": "Index Scan", "Parent Relationship": "Inner", "Scan Direction": "Forward", "Index Name": "company_name_pkey", "Relation Name": "company_name", "Alias": "cn", "Startup Cost": 10000000000.0, "Total Cost": 1000001050138.97, "Plan Rows": 85170, "Plan Width": 4, "Filter": "((country_code)::text = '[us]'::text)"}]}]}, "Unique SQL Id": 1682224415}, "explain_analyze_plan": null}, "(64, 92)": {"explain_plan": {"Plan": {"Node Type": "Aggregate", "Strategy": "Plain", "Startup Cost": 67027.86, "Total Cost": 67027.87, "Plan Rows": 1, "Plan Width": 123, "Plans": [{"Node Type": "Nested Loop", "Parent Relationship": "Outer", "Join Type": "Inner", "Startup Cost": 0.0, "Total Cost": 67027.84, "Plan Rows": 4, "Plan Width": 59, "Inner Unique": true, "Plans": [{"Node Type": "Nested Loop", "Parent Relationship": "Outer", "Join Type": "Inner", "Startup Cost": 0.0, "Total Cost": 67026.7, "Plan Rows": 4, "Plan Width": 63, "Inner Unique": true, "Plans": [{"Node Type": "Nested Loop", "Parent Relationship": "Outer", "Join Type": "Inner", "Startup Cost": 0.0, "Total Cost": 66956.92, "Plan Rows": 247, "Plan Width": 67, "Inner Unique": false, "Join Filter": "(t.id = mi.movie_id)", "Plans": [{"Node Type": "Nested Loop", "Parent Relationship": "Outer", "Join Type": "Inner", "Startup Cost": 0.0, "Total Cost": 66634.16, "Plan Rows": 444, "Plan Width": 33, "Inner Unique": true, "Plans": [{"Node Type": "Nested Loop", "Parent Relationship": "Outer", "Join Type": "Inner", "Startup Cost": 0.0, "Total Cost": 66573.75, "Plan Rows": 210, "Plan Width": 37, "Inner Unique": false, "Join Filter": "(t.id = mc.movie_id)", "Plans": [{"Node Type": "Nested Loop", "Parent Relationship": "Outer", "Join Type": "Inner", "Startup Cost": 0.0, "Total Cost": 66452.98, "Plan Rows": 311, "Plan Width": 25, "Inner Unique": true, "Plans": [{"Node Type": "Nested Loop", "Parent Relationship": "Outer", "Join Type": "Inner", "Startup Cost": 0.0, "Total Cost": 66341.1, "Plan Rows": 396, "Plan Width": 29, "Inner Unique": false, "Plans": [{"Node Type": "Streaming(type: LOCAL GATHER dop: 1/64)", "Parent Relationship": "Outer", "Startup Cost": 0.0, "Total Cost": 64240.19, "Plan Rows": 258, "Plan Width": 21, "Plans": [{"Node Type": "Seq Scan", "Parent Relationship": "Outer", "Relation Name": "title", "Alias": "t", "Startup Cost": 0.0, "Total Cost": 64234.87, "Plan Rows": 258, "Plan Width": 21, "Filter": "((production_year > 2000) AND (((title)::text ~~ 'Birdemic%'::text) OR ((title)::text ~~ '%Movie%'::text)))"}]}, {"Node Type": "Index Scan", "Parent Relationship": "Inner", "Scan Direction": "Forward", "Index Name": "movie_id_movie_info_idx", "Relation Name": "movie_info_idx", "Alias": "mi_idx", "Startup Cost": 0.0, "Total Cost": 8.12, "Plan Rows": 2, "Plan Width": 8, "Index Cond": "(movie_id = t.id)"}]}, {"Node Type": "Index Scan", "Parent Relationship": "Inner", "Scan Direction": "Forward", "Index Name": "info_type_pkey", "Relation Name": "info_type", "Alias": "it2", "Startup Cost": 0.0, "Total Cost": 0.27, "Plan Rows": 1, "Plan Width": 4, "Index Cond": "(id = mi_idx.info_type_id)", "Filter": "((info)::text = 'bottom 10 rank'::text)"}]}, {"Node Type": "Index Scan", "Parent Relationship": "Inner", "Scan Direction": "Forward", "Index Name": "movie_id_movie_companies", "Relation Name": "movie_companies", "Alias": "mc", "Startup Cost": 0.0, "Total Cost": 0.36, "Plan Rows": 2, "Plan Width": 12, "Index Cond": "(movie_id = mi_idx.movie_id)"}]}, {"Node Type": "Index Scan", "Parent Relationship": "Inner", "Scan Direction": "Forward", "Index Name": "company_name_pkey", "Relation Name": "company_name", "Alias": "cn", "Startup Cost": 0.0, "Total Cost": 0.28, "Plan Rows": 1, "Plan Width": 4, "Index Cond": "(id = mc.company_id)", "Filter": "((country_code)::text = '[us]'::text)"}]}, {"Node Type": "Index Scan", "Parent Relationship": "Inner", "Scan Direction": "Forward", "Index Name": "movie_id_movie_info", "Relation Name": "movie_info", "Alias": "mi", "Startup Cost": 0.0, "Total Cost": 0.66, "Plan Rows": 5, "Plan Width": 50, "Index Cond": "(movie_id = mc.movie_id)"}]}, {"Node Type": "Index Scan", "Parent Relationship": "Inner", "Scan Direction": "Forward", "Index Name": "info_type_pkey", "Relation Name": "info_type", "Alias": "it1", "Startup Cost": 0.0, "Total Cost": 0.27, "Plan Rows": 1, "Plan Width": 4, "Index Cond": "(id = mi.info_type_id)", "Filter": "((info)::text = 'budget'::text)"}]}, {"Node Type": "Index Scan", "Parent Relationship": "Inner", "Scan Direction": "Forward", "Index Name": "company_type_pkey", "Relation Name": "company_type", "Alias": "ct", "Startup Cost": 0.0, "Total Cost": 0.28, "Plan Rows": 1, "Plan Width": 4, "Index Cond": "(id = mc.company_type_id)", "Filter": "((kind IS NOT NULL) AND (((kind)::text = 'production companies'::text) OR ((kind)::text = 'distributors'::text)))"}]}]}, "Unique SQL Id": 1682224415}, "explain_analyze_plan": {"Plan": {"Node Type": "Aggregate", "Strategy": "Plain", "Startup Cost": 67027.86, "Total Cost": 67027.87, "Plan Rows": 1, "Plan Width": 123, "Actual Min Startup Time": 227.696, "Actual Max Startup Time": 227.696, "Actual Min Total Time": 227.697, "Actual Max Total Time": 227.697, "Actual Total Rows": 1, "Plans": [{"Node Type": "Nested Loop", "Parent Relationship": "Outer", "Join Type": "Inner", "Startup Cost": 0.0, "Total Cost": 67027.84, "Plan Rows": 4, "Plan Width": 59, "Actual Min Startup Time": 209.623, "Actual Max Startup Time": 209.623, "Actual Min Total Time": 227.562, "Actual Max Total Time": 227.562, "Actual Total Rows": 5, "Inner Unique": true, "Plans": [{"Node Type": "Nested Loop", "Parent Relationship": "Outer", "Join Type": "Inner", "Startup Cost": 0.0, "Total Cost": 67026.7, "Plan Rows": 4, "Plan Width": 63, "Actual Min Startup Time": 208.986, "Actual Max Startup Time": 208.986, "Actual Min Total Time": 227.517, "Actual Max Total Time": 227.517, "Actual Total Rows": 10, "Inner Unique": true, "Plans": [{"Node Type": "Nested Loop", "Parent Relationship": "Outer", "Join Type": "Inner", "Startup Cost": 0.0, "Total Cost": 66956.92, "Plan Rows": 247, "Plan Width": 67, "Actual Min Startup Time": 208.807, "Actual Max Startup Time": 208.807, "Actual Min Total Time": 224.77, "Actual Max Total Time": 224.77, "Actual Total Rows": 1210, "Inner Unique": false, "Join Filter": "(t.id = mi.movie_id)", "Rows Removed by Join Filter": 0, "Plans": [{"Node Type": "Nested Loop", "Parent Relationship": "Outer", "Join Type": "Inner", "Startup Cost": 0.0, "Total Cost": 66634.16, "Plan Rows": 444, "Plan Width": 33, "Actual Min Startup Time": 208.78, "Actual Max Startup Time": 208.78, "Actual Min Total Time": 223.43, "Actual Max Total Time": 223.43, "Actual Total Rows": 10, "Inner Unique": true, "Plans": [{"Node Type": "Nested Loop", "Parent Relationship": "Outer", "Join Type": "Inner", "Startup Cost": 0.0, "Total Cost": 66573.75, "Plan Rows": 210, "Plan Width": 37, "Actual Min Startup Time": 208.754, "Actual Max Startup Time": 208.754, "Actual Min Total Time": 223.139, "Actual Max Total Time": 223.139, "Actual Total Rows": 33, "Inner Unique": false, "Join Filter": "(t.id = mc.movie_id)", "Rows Removed by Join Filter": 0, "Plans": [{"Node Type": "Nested Loop", "Parent Relationship": "Outer", "Join Type": "Inner", "Startup Cost": 0.0, "Total Cost": 66452.98, "Plan Rows": 311, "Plan Width": 25, "Actual Min Startup Time": 208.721, "Actual Max Startup Time": 208.721, "Actual Min Total Time": 223.05, "Actual Max Total Time": 223.05, "Actual Total Rows": 2, "Inner Unique": true, "Plans": [{"Node Type": "Nested Loop", "Parent Relationship": "Outer", "Join Type": "Inner", "Startup Cost": 0.0, "Total Cost": 66341.1, "Plan Rows": 396, "Plan Width": 29, "Actual Min Startup Time": 113.733, "Actual Max Startup Time": 113.733, "Actual Min Total Time": 216.811, "Actual Max Total Time": 216.811, "Actual Total Rows": 2645, "Inner Unique": false, "Plans": [{"Node Type": "Streaming(type: LOCAL GATHER dop: 1/64)", "Parent Relationship": "Outer", "Startup Cost": 0.0, "Total Cost": 64240.19, "Plan Rows": 258, "Plan Width": 21, "Actual Min Startup Time": 113.621, "Actual Max Startup Time": 113.621, "Actual Min Total Time": 201.313, "Actual Max Total Time": 201.313, "Actual Total Rows": 2536, "Plans": [{"Node Type": "Seq Scan", "Parent Relationship": "Outer", "Relation Name": "title", "Alias": "t", "Startup Cost": 0.0, "Total Cost": 64234.87, "Plan Rows": 258, "Plan Width": 21, "Actual Min Startup Time": 0.039, "Actual Max Startup Time": 7.235, "Actual Min Total Time": 19.296, "Actual Max Total Time": 24.03, "Actual Total Rows": 2536, "Filter": "((production_year > 2000) AND (((title)::text ~~ 'Birdemic%'::text) OR ((title)::text ~~ '%Movie%'::text)))", "Rows Removed by Filter": 2525775}]}, {"Node Type": "Index Scan", "Parent Relationship": "Inner", "Scan Direction": "Forward", "Index Name": "movie_id_movie_info_idx", "Relation Name": "movie_info_idx", "Alias": "mi_idx", "Startup Cost": 0.0, "Total Cost": 8.12, "Plan Rows": 2, "Plan Width": 8, "Actual Min Startup Time": 12.581, "Actual Max Startup Time": 12.581, "Actual Min Total Time": 13.54, "Actual Max Total Time": 13.54, "Actual Total Rows": 2645, "Index Cond": "(movie_id = t.id)", "Rows Removed by Index Recheck": 0}]}, {"Node Type": "Index Scan", "Parent Relationship": "Inner", "Scan Direction": "Forward", "Index Name": "info_type_pkey", "Relation Name": "info_type", "Alias": "it2", "Startup Cost": 0.0, "Total Cost": 0.27, "Plan Rows": 1, "Plan Width": 4, "Actual Min Startup Time": 5.052, "Actual Max Startup Time": 5.052, "Actual Min Total Time": 5.052, "Actual Max Total Time": 5.052, "Actual Total Rows": 2, "Index Cond": "(id = mi_idx.info_type_id)", "Rows Removed by Index Recheck": 0, "Filter": "((info)::text = 'bottom 10 rank'::text)", "Rows Removed by Filter": 2643}]}, {"Node Type": "Index Scan", "Parent Relationship": "Inner", "Scan Direction": "Forward", "Index Name": "movie_id_movie_companies", "Relation Name": "movie_companies", "Alias": "mc", "Startup Cost": 0.0, "Total Cost": 0.36, "Plan Rows": 2, "Plan Width": 12, "Actual Min Startup Time": 0.025, "Actual Max Startup Time": 0.025, "Actual Min Total Time": 0.05, "Actual Max Total Time": 0.05, "Actual Total Rows": 33, "Index Cond": "(movie_id = mi_idx.movie_id)", "Rows Removed by Index Recheck": 0}]}, {"Node Type": "Index Scan", "Parent Relationship": "Inner", "Scan Direction": "Forward", "Index Name": "company_name_pkey", "Relation Name": "company_name", "Alias": "cn", "Startup Cost": 0.0, "Total Cost": 0.28, "Plan Rows": 1, "Plan Width": 4, "Actual Min Startup Time": 0.263, "Actual Max Startup Time": 0.263, "Actual Min Total Time": 0.263, "Actual Max Total Time": 0.263, "Actual Total Rows": 10, "Index Cond": "(id = mc.company_id)", "Rows Removed by Index Recheck": 0, "Filter": "((country_code)::text = '[us]'::text)", "Rows Removed by Filter": 23}]}, {"Node Type": "Index Scan", "Parent Relationship": "Inner", "Scan Direction": "Forward", "Index Name": "movie_id_movie_info", "Relation Name": "movie_info", "Alias": "mi", "Startup Cost": 0.0, "Total Cost": 0.66, "Plan Rows": 5, "Plan Width": 50, "Actual Min Startup Time": 0.162, "Actual Max Startup Time": 0.162, "Actual Min Total Time": 0.897, "Actual Max Total Time": 0.897, "Actual Total Rows": 1210, "Index Cond": "(movie_id = mc.movie_id)", "Rows Removed by Index Recheck": 0}]}, {"Node Type": "Index Scan", "Parent Relationship": "Inner", "Scan Direction": "Forward", "Index Name": "info_type_pkey", "Relation Name": "info_type", "Alias": "it1", "Startup Cost": 0.0, "Total Cost": 0.27, "Plan Rows": 1, "Plan Width": 4, "Actual Min Startup Time": 2.166, "Actual Max Startup Time": 2.166, "Actual Min Total Time": 2.166, "Actual Max Total Time": 2.166, "Actual Total Rows": 10, "Index Cond": "(id = mi.info_type_id)", "Rows Removed by Index Recheck": 0, "Filter": "((info)::text = 'budget'::text)", "Rows Removed by Filter": 1184}]}, {"Node Type": "Index Scan", "Parent Relationship": "Inner", "Scan Direction": "Forward", "Index Name": "company_type_pkey", "Relation Name": "company_type", "Alias": "ct", "Startup Cost": 0.0, "Total Cost": 0.28, "Plan Rows": 1, "Plan Width": 4, "Actual Min Startup Time": 0.029, "Actual Max Startup Time": 0.029, "Actual Min Total Time": 0.029, "Actual Max Total Time": 0.029, "Actual Total Rows": 5, "Index Cond": "(id = mc.company_type_id)", "Rows Removed by Index Recheck": 0, "Filter": "((kind IS NOT NULL) AND (((kind)::text = 'production companies'::text) OR ((kind)::text = 'distributors'::text)))", "Rows Removed by Filter": 0}]}]}, "Triggers": [], "Planner Runtime": 77.552, "Total Runtime": 239.985, "Unique SQL Id": 1682224415}}, "(64, 93)": {"explain_plan": {"Plan": {"Node Type": "Aggregate", "Strategy": "Plain", "Startup Cost": 131870.49, "Total Cost": 131870.5, "Plan Rows": 1, "Plan Width": 123, "Plans": [{"Node Type": "Nested Loop", "Parent Relationship": "Outer", "Join Type": "Inner", "Startup Cost": 0.0, "Total Cost": 131870.47, "Plan Rows": 4, "Plan Width": 59, "Inner Unique": true, "Plans": [{"Node Type": "Nested Loop", "Parent Relationship": "Outer", "Join Type": "Inner", "Startup Cost": 0.0, "Total Cost": 131869.33, "Plan Rows": 4, "Plan Width": 63, "Inner Unique": true, "Plans": [{"Node Type": "Nested Loop", "Parent Relationship": "Outer", "Join Type": "Inner", "Startup Cost": 0.0, "Total Cost": 131799.56, "Plan Rows": 247, "Plan Width": 67, "Inner Unique": false, "Join Filter": "(t.id = mi.movie_id)", "Plans": [{"Node Type": "Nested Loop", "Parent Relationship": "Outer", "Join Type": "Inner", "Startup Cost": 0.0, "Total Cost": 131476.79, "Plan Rows": 444, "Plan Width": 33, "Inner Unique": true, "Plans": [{"Node Type": "Nested Loop", "Parent Relationship": "Outer", "Join Type": "Inner", "Startup Cost": 0.0, "Total Cost": 131416.38, "Plan Rows": 210, "Plan Width": 37, "Inner Unique": false, "Join Filter": "(t.id = mc.movie_id)", "Plans": [{"Node Type": "Nested Loop", "Parent Relationship": "Outer", "Join Type": "Inner", "Startup Cost": 0.0, "Total Cost": 131295.61, "Plan Rows": 311, "Plan Width": 25, "Inner Unique": true, "Plans": [{"Node Type": "Nested Loop", "Parent Relationship": "Outer", "Join Type": "Inner", "Startup Cost": 0.0, "Total Cost": 131183.74, "Plan Rows": 396, "Plan Width": 29, "Inner Unique": false, "Plans": [{"Node Type": "Index Scan", "Parent Relationship": "Outer", "Scan Direction": "Forward", "Index Name": "title_pkey", "Relation Name": "title", "Alias": "t", "Startup Cost": 0.0, "Total Cost": 129082.82, "Plan Rows": 258, "Plan Width": 21, "Filter": "((production_year > 2000) AND (((title)::text ~~ 'Birdemic%'::text) OR ((title)::text ~~ '%Movie%'::text)))"}, {"Node Type": "Index Scan", "Parent Relationship": "Inner", "Scan Direction": "Forward", "Index Name": "movie_id_movie_info_idx", "Relation Name": "movie_info_idx", "Alias": "mi_idx", "Startup Cost": 0.0, "Total Cost": 8.12, "Plan Rows": 2, "Plan Width": 8, "Index Cond": "(movie_id = t.id)"}]}, {"Node Type": "Index Scan", "Parent Relationship": "Inner", "Scan Direction": "Forward", "Index Name": "info_type_pkey", "Relation Name": "info_type", "Alias": "it2", "Startup Cost": 0.0, "Total Cost": 0.27, "Plan Rows": 1, "Plan Width": 4, "Index Cond": "(id = mi_idx.info_type_id)", "Filter": "((info)::text = 'bottom 10 rank'::text)"}]}, {"Node Type": "Index Scan", "Parent Relationship": "Inner", "Scan Direction": "Forward", "Index Name": "movie_id_movie_companies", "Relation Name": "movie_companies", "Alias": "mc", "Startup Cost": 0.0, "Total Cost": 0.36, "Plan Rows": 2, "Plan Width": 12, "Index Cond": "(movie_id = mi_idx.movie_id)"}]}, {"Node Type": "Index Scan", "Parent Relationship": "Inner", "Scan Direction": "Forward", "Index Name": "company_name_pkey", "Relation Name": "company_name", "Alias": "cn", "Startup Cost": 0.0, "Total Cost": 0.28, "Plan Rows": 1, "Plan Width": 4, "Index Cond": "(id = mc.company_id)", "Filter": "((country_code)::text = '[us]'::text)"}]}, {"Node Type": "Index Scan", "Parent Relationship": "Inner", "Scan Direction": "Forward", "Index Name": "movie_id_movie_info", "Relation Name": "movie_info", "Alias": "mi", "Startup Cost": 0.0, "Total Cost": 0.66, "Plan Rows": 5, "Plan Width": 50, "Index Cond": "(movie_id = mc.movie_id)"}]}, {"Node Type": "Index Scan", "Parent Relationship": "Inner", "Scan Direction": "Forward", "Index Name": "info_type_pkey", "Relation Name": "info_type", "Alias": "it1", "Startup Cost": 0.0, "Total Cost": 0.27, "Plan Rows": 1, "Plan Width": 4, "Index Cond": "(id = mi.info_type_id)", "Filter": "((info)::text = 'budget'::text)"}]}, {"Node Type": "Index Scan", "Parent Relationship": "Inner", "Scan Direction": "Forward", "Index Name": "company_type_pkey", "Relation Name": "company_type", "Alias": "ct", "Startup Cost": 0.0, "Total Cost": 0.28, "Plan Rows": 1, "Plan Width": 4, "Index Cond": "(id = mc.company_type_id)", "Filter": "((kind IS NOT NULL) AND (((kind)::text = 'production companies'::text) OR ((kind)::text = 'distributors'::text)))"}]}]}, "Unique SQL Id": 1682224415}, "explain_analyze_plan": null}, "(64, 94)": {"explain_plan": {"Plan": {"Node Type": "Aggregate", "Strategy": "Plain", "Startup Cost": 2100103721182.28, "Total Cost": 2100103721182.31, "Plan Rows": 1, "Plan Width": 123, "Plans": [{"Node Type": "Streaming(type: LOCAL GATHER dop: 1/64)", "Parent Relationship": "Outer", "Startup Cost": 2100103721182.28, "Total Cost": 2100103721182.31, "Plan Rows": 1, "Plan Width": 123, "Plans": [{"Node Type": "Aggregate", "Strategy": "Plain", "Parent Relationship": "Outer", "Startup Cost": 2100103721182.28, "Total Cost": 2100103721182.29, "Plan Rows": 1, "Plan Width": 123, "Plans": [{"Node Type": "Nested Loop", "Parent Relationship": "Outer", "Join Type": "Inner", "Startup Cost": 30000684443.2, "Total Cost": 2100103721182.26, "Plan Rows": 4, "Plan Width": 59, "Inner Unique": false, "Join Filter": "(mi.movie_id = t.id)", "Plans": [{"Node Type": "Nested Loop", "Parent Relationship": "Outer", "Join Type": "Inner", "Startup Cost": 10000000000.0, "Total Cost": 100001335484.43, "Plan Rows": 212428, "Plan Width": 46, "Inner Unique": false, "Join Filter": "(it1.id = mi.info_type_id), (LLVM Optimized)", "Plans": [{"Node Type": "Streaming(type: BROADCAST dop: 64/1)", "Parent Relationship": "Outer", "Startup Cost": 0.0, "Total Cost": 63003.72, "Plan Rows": 64, "Plan Width": 4, "Plans": [{"Node Type": "Seq Scan", "Parent Relationship": "Outer", "Relation Name": "info_type", "Alias": "it1", "Startup Cost": 0.0, "Total Cost": 2.4, "Plan Rows": 1, "Plan Width": 4, "Filter": "((info)::text = 'budget'::text)"}]}, {"Node Type": "Seq Scan", "Parent Relationship": "Inner", "Relation Name": "movie_info", "Alias": "mi", "Startup Cost": 0.0, "Total Cost": 67640.43, "Plan Rows": 14869966, "Plan Width": 50}]}, {"Node Type": "Materialize", "Parent Relationship": "Inner", "Startup Cost": 10000684443.2, "Total Cost": 100009020553.14, "Plan Rows": 20672, "Plan Width": 29, "Plans": [{"Node Type": "Streaming(type: BROADCAST dop: 64/64)", "Parent Relationship": "Outer", "Startup Cost": 10000684443.2, "Total Cost": 100009020551.53, "Plan Rows": 20672, "Plan Width": 29, "Plans": [{"Node Type": "Nested Loop", "Parent Relationship": "Outer", "Join Type": "Inner", "Startup Cost": 10000684443.2, "Total Cost": 100008957538.41, "Plan Rows": 323, "Plan Width": 29, "Inner Unique": true, "Join Filter": "(mi_idx.movie_id = t.id)", "Plans": [{"Node Type": "Streaming(type: LOCAL REDISTRIBUTE dop: 64/1)", "Parent Relationship": "Outer", "Startup Cost": 684443.2, "Total Cost": 768180.3, "Plan Rows": 358184, "Plan Width": 8, "Plans": [{"Node Type": "Merge Join", "Parent Relationship": "Outer", "Join Type": "Inner", "Startup Cost": 684443.2, "Total Cost": 690627.32, "Plan Rows": 358184, "Plan Width": 8, "Inner Unique": false, "Merge Cond": "(ct.id = mc.company_type_id)", "Plans": [{"Node Type": "Sort", "Parent Relationship": "Outer", "Startup Cost": 1.05, "Total Cost": 1.06, "Plan Rows": 2, "Plan Width": 4, "Sort Key": ["ct.id"], "Plans": [{"Node Type": "Seq Scan", "Parent Relationship": "Outer", "Relation Name": "company_type", "Alias": "ct", "Startup Cost": 0.0, "Total Cost": 1.04, "Plan Rows": 2, "Plan Width": 4, "Filter": "((kind IS NOT NULL) AND (((kind)::text = 'production companies'::text) OR ((kind)::text = 'distributors'::text)))"}]}, {"Node Type": "Sort", "Parent Relationship": "Inner", "Startup Cost": 683236.52, "Total Cost": 684468.15, "Plan Rows": 492649, "Plan Width": 12, "Sort Key": ["mc.company_type_id"], "Plans": [{"Node Type": "Merge Join", "Parent Relationship": "Outer", "Join Type": "Inner", "Startup Cost": 628984.64, "Total Cost": 636656.07, "Plan Rows": 492649, "Plan Width": 12, "Inner Unique": false, "Merge Cond": "(cn.id = mc.company_id)", "Plans": [{"Node Type": "Sort", "Parent Relationship": "Outer", "Startup Cost": 12878.05, "Total Cost": 13090.97, "Plan Rows": 85170, "Plan Width": 4, "Sort Key": ["cn.id"], "Plans": [{"Node Type": "Seq Scan", "Parent Relationship": "Outer", "Relation Name": "company_name", "Alias": "cn", "Startup Cost": 0.0, "Total Cost": 5903.45, "Plan Rows": 85170, "Plan Width": 4, "Filter": "((country_code)::text = '[us]'::text)"}]}, {"Node Type": "Sort", "Parent Relationship": "Inner", "Startup Cost": 616011.91, "Total Cost": 617833.9, "Plan Rows": 728799, "Plan Width": 16, "Sort Key": ["mc.company_id"], "Plans": [{"Node Type": "Merge Join", "Parent Relationship": "Outer", "Join Type": "Inner", "Startup Cost": 522985.96, "Total Cost": 545044.52, "Plan Rows": 728799, "Plan Width": 16, "Inner Unique": false, "Merge Cond": "(mi_idx.movie_id = mc.movie_id)", "Plans": [{"Node Type": "Sort", "Parent Relationship": "Outer", "Startup Cost": 203099.06, "Total Cost": 203961.58, "Plan Rows": 345008, "Plan Width": 4, "Sort Key": ["mi_idx.movie_id"], "Plans": [{"Node Type": "Merge Join", "Parent Relationship": "Outer", "Join Type": "Inner", "Startup Cost": 161014.5, "Total Cost": 171364.75, "Plan Rows": 345008, "Plan Width": 4, "Inner Unique": false, "Merge Cond": "(it2.id = mi_idx.info_type_id)", "Plans": [{"Node Type": "Sort", "Parent Relationship": "Outer", "Startup Cost": 2.41, "Total Cost": 2.42, "Plan Rows": 1, "Plan Width": 4, "Sort Key": ["it2.id"], "Plans": [{"Node Type": "Seq Scan", "Parent Relationship": "Outer", "Relation Name": "info_type", "Alias": "it2", "Startup Cost": 0.0, "Total Cost": 2.4, "Plan Rows": 1, "Plan Width": 4, "Filter": "((info)::text = 'bottom 10 rank'::text)"}]}, {"Node Type": "Sort", "Parent Relationship": "Inner", "Startup Cost": 161012.09, "Total Cost": 164462.17, "Plan Rows": 1380034, "Plan Width": 8, "Sort Key": ["mi_idx.info_type_id"], "Plans": [{"Node Type": "Seq Scan", "Parent Relationship": "Outer", "Relation Name": "movie_info_idx", "Alias": "mi_idx", "Startup Cost": 0.0, "Total Cost": 20274.34, "Plan Rows": 1380034, "Plan Width": 8}]}]}]}, {"Node Type": "Sort", "Parent Relationship": "Inner", "Startup Cost": 319886.87, "Total Cost": 326409.69, "Plan Rows": 2609128, "Plan Width": 12, "Sort Key": ["mc.movie_id"], "Plans": [{"Node Type": "Seq Scan", "Parent Relationship": "Outer", "Relation Name": "movie_companies", "Alias": "mc", "Startup Cost": 0.0, "Total Cost": 41817.28, "Plan Rows": 2609128, "Plan Width": 12}]}]}]}]}]}]}]}, {"Node Type": "Materialize", "Parent Relationship": "Inner", "Startup Cost": 0.0, "Total Cost": 127235.13, "Plan Rows": 258, "Plan Width": 21, "Plans": [{"Node Type": "Streaming(type: LOCAL REDISTRIBUTE dop: 64/64)", "Parent Relationship": "Outer", "Startup Cost": 0.0, "Total Cost": 127235.11, "Plan Rows": 258, "Plan Width": 21, "Plans": [{"Node Type": "Seq Scan", "Parent Relationship": "Outer", "Relation Name": "title", "Alias": "t", "Startup Cost": 0.0, "Total Cost": 64234.87, "Plan Rows": 258, "Plan Width": 21, "Filter": "((production_year > 2000) AND (((title)::text ~~ 'Birdemic%'::text) OR ((title)::text ~~ '%Movie%'::text)))"}]}]}]}]}]}]}]}]}]}, "Unique SQL Id": 1682224415}, "explain_analyze_plan": null}, "(64, 95)": {"explain_plan": {"Plan": {"Node Type": "Aggregate", "Strategy": "Plain", "Startup Cost": 7996295437599.52, "Total Cost": 7996295437599.53, "Plan Rows": 1, "Plan Width": 123, "Plans": [{"Node Type": "Merge Join", "Parent Relationship": "Outer", "Join Type": "Inner", "Startup Cost": 7006294387245.74, "Total Cost": 7996295437599.28, "Plan Rows": 48, "Plan Width": 59, "Inner Unique": true, "Merge Cond": "(mc.company_id = cn.id)", "Plans": [{"Node Type": "Sort", "Parent Relationship": "Outer", "Startup Cost": 6996294387245.73, "Total Cost": 6996294387245.97, "Plan Rows": 98, "Plan Width": 63, "Sort Key": ["mc.company_id"], "Plans": [{"Node Type": "Merge Join", "Parent Relationship": "Outer", "Join Type": "Inner", "Startup Cost": 6006294385803.55, "Total Cost": 6996294387242.48, "Plan Rows": 98, "Plan Width": 63, "Inner Unique": true, "Merge Cond": "(mi.info_type_id = it1.id)", "Plans": [{"Node Type": "Sort", "Parent Relationship": "Outer", "Startup Cost": 5996294385802.56, "Total Cost": 5996294385811.63, "Plan Rows": 3629, "Plan Width": 67, "Sort Key": ["mi.info_type_id"], "Plans": [{"Node Type": "Merge Join", "Parent Relationship": "Outer", "Join Type": "Inner", "Startup Cost": 4020011495603.29, "Total Cost": 5996294385587.99, "Plan Rows": 3629, "Plan Width": 67, "Inner Unique": false, "Merge Cond": "(mc.movie_id = t.id)", "Plans": [{"Node Type": "Sort", "Parent Relationship": "Outer", "Startup Cost": 2000009630131.7, "Total Cost": 2000009636654.52, "Plan Rows": 2609128, "Plan Width": 8, "Sort Key": ["mc.movie_id"], "Plans": [{"Node Type": "Merge Join", "Parent Relationship": "Outer", "Join Type": "Inner", "Startup Cost": 504554486367.56, "Total Cost": 2000009352062.11, "Plan Rows": 2609128, "Plan Width": 8, "Inner Unique": false, "Merge Cond": "(ct.id = mc.company_type_id)", "Plans": [{"Node Type": "Index Scan", "Parent Relationship": "Outer", "Scan Direction": "Forward", "Index Name": "company_type_pkey", "Relation Name": "company_type", "Alias": "ct", "Startup Cost": 10000000000.0, "Total Cost": 1000000001231.0, "Plan Rows": 2, "Plan Width": 4, "Filter": "((kind IS NOT NULL) AND (((kind)::text = 'production companies'::text) OR ((kind)::text = 'distributors'::text)))"}, {"Node Type": "Index Scan", "Parent Relationship": "Inner", "Scan Direction": "Forward", "Index Name": "company_type_id_movie_companies", "Relation Name": "movie_companies", "Alias": "mc", "Startup Cost": 10000000000.0, "Total Cost": 1000009318217.0, "Plan Rows": 2609128, "Plan Width": 12}]}]}, {"Node Type": "Materialize", "Parent Relationship": "Inner", "Startup Cost": 2020001865471.59, "Total Cost": 3998670116987.32, "Plan Rows": 1659, "Plan Width": 75, "Plans": [{"Node Type": "Merge Join", "Parent Relationship": "Outer", "Join Type": "Inner", "Startup Cost": 2020001865471.59, "Total Cost": 3998670116983.17, "Plan Rows": 1659, "Plan Width": 75, "Inner Unique": false, "Merge Cond": "(mi_idx.movie_id = t.id)", "Plans": [{"Node Type": "Sort", "Parent Relationship": "Outer", "Startup Cost": 2000001865471.58, "Total Cost": 2000001866334.1, "Plan Rows": 345008, "Plan Width": 4, "Sort Key": ["mi_idx.movie_id"], "Plans": [{"Node Type": "Nested Loop", "Parent Relationship": "Outer", "Join Type": "Inner", "Startup Cost": 20000007502.06, "Total Cost": 2000001833737.28, "Plan Rows": 345008, "Plan Width": 4, "Inner Unique": false, "Plans": [{"Node Type": "Index Scan", "Parent Relationship": "Outer", "Scan Direction": "Forward", "Index Name": "info_type_pkey", "Relation Name": "info_type", "Alias": "it2", "Startup Cost": 10000000000.0, "Total Cost": 1000000001421.0, "Plan Rows": 1, "Plan Width": 4, "Filter": "((info)::text = 'bottom 10 rank'::text)"}, {"Node Type": "Bitmap Heap Scan", "Parent Relationship": "Inner", "Relation Name": "movie_info_idx", "Alias": "mi_idx", "Startup Cost": 10000007502.06, "Total Cost": 1000001828866.2, "Plan Rows": 345008, "Plan Width": 8, "Recheck Cond": "(info_type_id = it2.id), (LLVM Optimized)", "Plans": [{"Node Type": "Bitmap Index Scan", "Parent Relationship": "Outer", "Index Name": "info_type_id_movie_info_idx", "Startup Cost": 0.0, "Total Cost": 7415.81, "Plan Rows": 345008, "Plan Width": 0, "Index Cond": "(info_type_id = it2.id)"}]}]}]}, {"Node Type": "Materialize", "Parent Relationship": "Inner", "Startup Cost": 20000000000.0, "Total Cost": 2000116762393.22, "Plan Rows": 1367, "Plan Width": 71, "Plans": [{"Node Type": "Merge Join", "Parent Relationship": "Outer", "Join Type": "Inner", "Startup Cost": 20000000000.0, "Total Cost": 2000116762389.8, "Plan Rows": 1367, "Plan Width": 71, "Inner Unique": true, "Merge Cond": "(mi.movie_id = t.id)", "Plans": [{"Node Type": "Index Scan", "Parent Relationship": "Outer", "Scan Direction": "Forward", "Index Name": "movie_id_movie_info", "Relation Name": "movie_info", "Alias": "mi", "Startup Cost": 10000000000.0, "Total Cost": 1000103816912.22, "Plan Rows": 14869966, "Plan Width": 50}, {"Node Type": "Materialize", "Parent Relationship": "Inner", "Startup Cost": 10000000000.0, "Total Cost": 1000012908282.81, "Plan Rows": 258, "Plan Width": 21, "Plans": [{"Node Type": "Index Scan", "Parent Relationship": "Outer", "Scan Direction": "Forward", "Index Name": "title_pkey", "Relation Name": "title", "Alias": "t", "Startup Cost": 10000000000.0, "Total Cost": 1000012908282.16, "Plan Rows": 258, "Plan Width": 21, "Filter": "((production_year > 2000) AND (((title)::text ~~ 'Birdemic%'::text) OR ((title)::text ~~ '%Movie%'::text)))"}]}]}]}]}]}]}]}, {"Node Type": "Materialize", "Parent Relationship": "Inner", "Startup Cost": 10000000000.0, "Total Cost": 1000000001421.0, "Plan Rows": 1, "Plan Width": 4, "Plans": [{"Node Type": "Index Scan", "Parent Relationship": "Outer", "Scan Direction": "Forward", "Index Name": "info_type_pkey", "Relation Name": "info_type", "Alias": "it1", "Startup Cost": 10000000000.0, "Total Cost": 1000000001421.0, "Plan Rows": 1, "Plan Width": 4, "Filter": "((info)::text = 'budget'::text)"}]}]}]}, {"Node Type": "Index Scan", "Parent Relationship": "Inner", "Scan Direction": "Forward", "Index Name": "company_name_pkey", "Relation Name": "company_name", "Alias": "cn", "Startup Cost": 10000000000.0, "Total Cost": 1000001050138.97, "Plan Rows": 85170, "Plan Width": 4, "Filter": "((country_code)::text = '[us]'::text)"}]}]}, "Unique SQL Id": 1682224415}, "explain_analyze_plan": null}, "(64, 96)": {"explain_plan": {"Plan": {"Node Type": "Aggregate", "Strategy": "Plain", "Startup Cost": 67236.12, "Total Cost": 67236.13, "Plan Rows": 1, "Plan Width": 123, "Plans": [{"Node Type": "Nested Loop", "Parent Relationship": "Outer", "Join Type": "Inner", "Startup Cost": 0.0, "Total Cost": 67235.88, "Plan Rows": 48, "Plan Width": 59, "Inner Unique": true, "Plans": [{"Node Type": "Nested Loop", "Parent Relationship": "Outer", "Join Type": "Inner", "Startup Cost": 0.0, "Total Cost": 67222.2, "Plan Rows": 48, "Plan Width": 63, "Inner Unique": true, "Plans": [{"Node Type": "Nested Loop", "Parent Relationship": "Outer", "Join Type": "Inner", "Startup Cost": 0.0, "Total Cost": 67158.92, "Plan Rows": 220, "Plan Width": 67, "Inner Unique": true, "Plans": [{"Node Type": "Nested Loop", "Parent Relationship": "Outer", "Join Type": "Inner", "Startup Cost": 0.0, "Total Cost": 66726.41, "Plan Rows": 1531, "Plan Width": 71, "Inner Unique": false, "Join Filter": "(t.id = mi.movie_id)", "Plans": [{"Node Type": "Nested Loop", "Parent Relationship": "Outer", "Join Type": "Inner", "Startup Cost": 0.0, "Total Cost": 66573.75, "Plan Rows": 210, "Plan Width": 37, "Inner Unique": false, "Join Filter": "(t.id = mc.movie_id)", "Plans": [{"Node Type": "Nested Loop", "Parent Relationship": "Outer", "Join Type": "Inner", "Startup Cost": 0.0, "Total Cost": 66452.98, "Plan Rows": 311, "Plan Width": 25, "Inner Unique": true, "Plans": [{"Node Type": "Nested Loop", "Parent Relationship": "Outer", "Join Type": "Inner", "Startup Cost": 0.0, "Total Cost": 66341.1, "Plan Rows": 396, "Plan Width": 29, "Inner Unique": false, "Plans": [{"Node Type": "Streaming(type: LOCAL GATHER dop: 1/64)", "Parent Relationship": "Outer", "Startup Cost": 0.0, "Total Cost": 64240.19, "Plan Rows": 258, "Plan Width": 21, "Plans": [{"Node Type": "Seq Scan", "Parent Relationship": "Outer", "Relation Name": "title", "Alias": "t", "Startup Cost": 0.0, "Total Cost": 64234.87, "Plan Rows": 258, "Plan Width": 21, "Filter": "((production_year > 2000) AND (((title)::text ~~ 'Birdemic%'::text) OR ((title)::text ~~ '%Movie%'::text)))"}]}, {"Node Type": "Index Scan", "Parent Relationship": "Inner", "Scan Direction": "Forward", "Index Name": "movie_id_movie_info_idx", "Relation Name": "movie_info_idx", "Alias": "mi_idx", "Startup Cost": 0.0, "Total Cost": 8.12, "Plan Rows": 2, "Plan Width": 8, "Index Cond": "(movie_id = t.id)"}]}, {"Node Type": "Index Scan", "Parent Relationship": "Inner", "Scan Direction": "Forward", "Index Name": "info_type_pkey", "Relation Name": "info_type", "Alias": "it2", "Startup Cost": 0.0, "Total Cost": 0.27, "Plan Rows": 1, "Plan Width": 4, "Index Cond": "(id = mi_idx.info_type_id)", "Filter": "((info)::text = 'bottom 10 rank'::text)"}]}, {"Node Type": "Index Scan", "Parent Relationship": "Inner", "Scan Direction": "Forward", "Index Name": "movie_id_movie_companies", "Relation Name": "movie_companies", "Alias": "mc", "Startup Cost": 0.0, "Total Cost": 0.36, "Plan Rows": 2, "Plan Width": 12, "Index Cond": "(movie_id = mi_idx.movie_id)"}]}, {"Node Type": "Index Scan", "Parent Relationship": "Inner", "Scan Direction": "Forward", "Index Name": "movie_id_movie_info", "Relation Name": "movie_info", "Alias": "mi", "Startup Cost": 0.0, "Total Cost": 0.66, "Plan Rows": 5, "Plan Width": 50, "Index Cond": "(movie_id = mc.movie_id)"}]}, {"Node Type": "Index Scan", "Parent Relationship": "Inner", "Scan Direction": "Forward", "Index Name": "info_type_pkey", "Relation Name": "info_type", "Alias": "it1", "Startup Cost": 0.0, "Total Cost": 0.27, "Plan Rows": 1, "Plan Width": 4, "Index Cond": "(id = mi.info_type_id)", "Filter": "((info)::text = 'budget'::text)"}]}, {"Node Type": "Index Scan", "Parent Relationship": "Inner", "Scan Direction": "Forward", "Index Name": "company_name_pkey", "Relation Name": "company_name", "Alias": "cn", "Startup Cost": 0.0, "Total Cost": 0.28, "Plan Rows": 1, "Plan Width": 4, "Index Cond": "(id = mc.company_id)", "Filter": "((country_code)::text = '[us]'::text)"}]}, {"Node Type": "Index Scan", "Parent Relationship": "Inner", "Scan Direction": "Forward", "Index Name": "company_type_pkey", "Relation Name": "company_type", "Alias": "ct", "Startup Cost": 0.0, "Total Cost": 0.28, "Plan Rows": 1, "Plan Width": 4, "Index Cond": "(id = mc.company_type_id)", "Filter": "((kind IS NOT NULL) AND (((kind)::text = 'production companies'::text) OR ((kind)::text = 'distributors'::text)))"}]}]}, "Unique SQL Id": 1682224415}, "explain_analyze_plan": {"Plan": {"Node Type": "Aggregate", "Strategy": "Plain", "Startup Cost": 67236.12, "Total Cost": 67236.13, "Plan Rows": 1, "Plan Width": 123, "Actual Min Startup Time": 230.235, "Actual Max Startup Time": 230.235, "Actual Min Total Time": 230.235, "Actual Max Total Time": 230.235, "Actual Total Rows": 1, "Plans": [{"Node Type": "Nested Loop", "Parent Relationship": "Outer", "Join Type": "Inner", "Startup Cost": 0.0, "Total Cost": 67235.88, "Plan Rows": 48, "Plan Width": 59, "Actual Min Startup Time": 208.252, "Actual Max Startup Time": 208.252, "Actual Min Total Time": 230.192, "Actual Max Total Time": 230.192, "Actual Total Rows": 5, "Inner Unique": true, "Plans": [{"Node Type": "Nested Loop", "Parent Relationship": "Outer", "Join Type": "Inner", "Startup Cost": 0.0, "Total Cost": 67222.2, "Plan Rows": 48, "Plan Width": 63, "Actual Min Startup Time": 199.281, "Actual Max Startup Time": 199.281, "Actual Min Total Time": 230.144, "Actual Max Total Time": 230.144, "Actual Total Rows": 10, "Inner Unique": true, "Plans": [{"Node Type": "Nested Loop", "Parent Relationship": "Outer", "Join Type": "Inner", "Startup Cost": 0.0, "Total Cost": 67158.92, "Plan Rows": 220, "Plan Width": 67, "Actual Min Startup Time": 195.081, "Actual Max Startup Time": 195.081, "Actual Min Total Time": 229.811, "Actual Max Total Time": 229.811, "Actual Total Rows": 33, "Inner Unique": true, "Plans": [{"Node Type": "Nested Loop", "Parent Relationship": "Outer", "Join Type": "Inner", "Startup Cost": 0.0, "Total Cost": 66726.41, "Plan Rows": 1531, "Plan Width": 71, "Actual Min Startup Time": 194.636, "Actual Max Startup Time": 194.636, "Actual Min Total Time": 218.696, "Actual Max Total Time": 218.696, "Actual Total Rows": 4959, "Inner Unique": false, "Join Filter": "(t.id = mi.movie_id)", "Rows Removed by Join Filter": 0, "Plans": [{"Node Type": "Nested Loop", "Parent Relationship": "Outer", "Join Type": "Inner", "Startup Cost": 0.0, "Total Cost": 66573.75, "Plan Rows": 210, "Plan Width": 37, "Actual Min Startup Time": 194.602, "Actual Max Startup Time": 194.602, "Actual Min Total Time": 213.994, "Actual Max Total Time": 213.994, "Actual Total Rows": 33, "Inner Unique": false, "Join Filter": "(t.id = mc.movie_id)", "Rows Removed by Join Filter": 0, "Plans": [{"Node Type": "Nested Loop", "Parent Relationship": "Outer", "Join Type": "Inner", "Startup Cost": 0.0, "Total Cost": 66452.98, "Plan Rows": 311, "Plan Width": 25, "Actual Min Startup Time": 194.574, "Actual Max Startup Time": 194.574, "Actual Min Total Time": 213.912, "Actual Max Total Time": 213.912, "Actual Total Rows": 2, "Inner Unique": true, "Plans": [{"Node Type": "Nested Loop", "Parent Relationship": "Outer", "Join Type": "Inner", "Startup Cost": 0.0, "Total Cost": 66341.1, "Plan Rows": 396, "Plan Width": 29, "Actual Min Startup Time": 98.269, "Actual Max Startup Time": 98.269, "Actual Min Total Time": 207.565, "Actual Max Total Time": 207.565, "Actual Total Rows": 2645, "Inner Unique": false, "Plans": [{"Node Type": "Streaming(type: LOCAL GATHER dop: 1/64)", "Parent Relationship": "Outer", "Startup Cost": 0.0, "Total Cost": 64240.19, "Plan Rows": 258, "Plan Width": 21, "Actual Min Startup Time": 98.169, "Actual Max Startup Time": 98.169, "Actual Min Total Time": 192.548, "Actual Max Total Time": 192.548, "Actual Total Rows": 2536, "Plans": [{"Node Type": "Seq Scan", "Parent Relationship": "Outer", "Relation Name": "title", "Alias": "t", "Startup Cost": 0.0, "Total Cost": 64234.87, "Plan Rows": 258, "Plan Width": 21, "Actual Min Startup Time": 0.04, "Actual Max Startup Time": 7.292, "Actual Min Total Time": 19.343, "Actual Max Total Time": 24.11, "Actual Total Rows": 2536, "Filter": "((production_year > 2000) AND (((title)::text ~~ 'Birdemic%'::text) OR ((title)::text ~~ '%Movie%'::text)))", "Rows Removed by Filter": 2525775}]}, {"Node Type": "Index Scan", "Parent Relationship": "Inner", "Scan Direction": "Forward", "Index Name": "movie_id_movie_info_idx", "Relation Name": "movie_info_idx", "Alias": "mi_idx", "Startup Cost": 0.0, "Total Cost": 8.12, "Plan Rows": 2, "Plan Width": 8, "Actual Min Startup Time": 12.157, "Actual Max Startup Time": 12.157, "Actual Min Total Time": 13.108, "Actual Max Total Time": 13.108, "Actual Total Rows": 2645, "Index Cond": "(movie_id = t.id)", "Rows Removed by Index Recheck": 0}]}, {"Node Type": "Index Scan", "Parent Relationship": "Inner", "Scan Direction": "Forward", "Index Name": "info_type_pkey", "Relation Name": "info_type", "Alias": "it2", "Startup Cost": 0.0, "Total Cost": 0.27, "Plan Rows": 1, "Plan Width": 4, "Actual Min Startup Time": 5.083, "Actual Max Startup Time": 5.083, "Actual Min Total Time": 5.083, "Actual Max Total Time": 5.083, "Actual Total Rows": 2, "Index Cond": "(id = mi_idx.info_type_id)", "Rows Removed by Index Recheck": 0, "Filter": "((info)::text = 'bottom 10 rank'::text)", "Rows Removed by Filter": 2643}]}, {"Node Type": "Index Scan", "Parent Relationship": "Inner", "Scan Direction": "Forward", "Index Name": "movie_id_movie_companies", "Relation Name": "movie_companies", "Alias": "mc", "Startup Cost": 0.0, "Total Cost": 0.36, "Plan Rows": 2, "Plan Width": 12, "Actual Min Startup Time": 0.031, "Actual Max Startup Time": 0.031, "Actual Min Total Time": 0.054, "Actual Max Total Time": 0.054, "Actual Total Rows": 33, "Index Cond": "(movie_id = mi_idx.movie_id)", "Rows Removed by Index Recheck": 0}]}, {"Node Type": "Index Scan", "Parent Relationship": "Inner", "Scan Direction": "Forward", "Index Name": "movie_id_movie_info", "Relation Name": "movie_info", "Alias": "mi", "Startup Cost": 0.0, "Total Cost": 0.66, "Plan Rows": 5, "Plan Width": 50, "Actual Min Startup Time": 0.54, "Actual Max Startup Time": 0.54, "Actual Min Total Time": 2.85, "Actual Max Total Time": 2.85, "Actual Total Rows": 4959, "Index Cond": "(movie_id = mc.movie_id)", "Rows Removed by Index Recheck": 0}]}, {"Node Type": "Index Scan", "Parent Relationship": "Inner", "Scan Direction": "Forward", "Index Name": "info_type_pkey", "Relation Name": "info_type", "Alias": "it1", "Startup Cost": 0.0, "Total Cost": 0.27, "Plan Rows": 1, "Plan Width": 4, "Actual Min Startup Time": 8.766, "Actual Max Startup Time": 8.766, "Actual Min Total Time": 8.766, "Actual Max Total Time": 8.766, "Actual Total Rows": 33, "Index Cond": "(id = mi.info_type_id)", "Rows Removed by Index Recheck": 0, "Filter": "((info)::text = 'budget'::text)", "Rows Removed by Filter": 4864}]}, {"Node Type": "Index Scan", "Parent Relationship": "Inner", "Scan Direction": "Forward", "Index Name": "company_name_pkey", "Relation Name": "company_name", "Alias": "cn", "Startup Cost": 0.0, "Total Cost": 0.28, "Plan Rows": 1, "Plan Width": 4, "Actual Min Startup Time": 0.3, "Actual Max Startup Time": 0.3, "Actual Min Total Time": 0.3, "Actual Max Total Time": 0.3, "Actual Total Rows": 10, "Index Cond": "(id = mc.company_id)", "Rows Removed by Index Recheck": 0, "Filter": "((country_code)::text = '[us]'::text)", "Rows Removed by Filter": 23}]}, {"Node Type": "Index Scan", "Parent Relationship": "Inner", "Scan Direction": "Forward", "Index Name": "company_type_pkey", "Relation Name": "company_type", "Alias": "ct", "Startup Cost": 0.0, "Total Cost": 0.28, "Plan Rows": 1, "Plan Width": 4, "Actual Min Startup Time": 0.033, "Actual Max Startup Time": 0.033, "Actual Min Total Time": 0.033, "Actual Max Total Time": 0.033, "Actual Total Rows": 5, "Index Cond": "(id = mc.company_type_id)", "Rows Removed by Index Recheck": 0, "Filter": "((kind IS NOT NULL) AND (((kind)::text = 'production companies'::text) OR ((kind)::text = 'distributors'::text)))", "Rows Removed by Filter": 0}]}]}, "Triggers": [], "Planner Runtime": 183.053, "Total Runtime": 242.619, "Unique SQL Id": 1682224415}}, "(64, 97)": {"explain_plan": {"Plan": {"Node Type": "Aggregate", "Strategy": "Plain", "Startup Cost": 131883.54, "Total Cost": 131883.55, "Plan Rows": 1, "Plan Width": 123, "Plans": [{"Node Type": "Nested Loop", "Parent Relationship": "Outer", "Join Type": "Inner", "Startup Cost": 0.0, "Total Cost": 131883.3, "Plan Rows": 48, "Plan Width": 59, "Inner Unique": true, "Plans": [{"Node Type": "Nested Loop", "Parent Relationship": "Outer", "Join Type": "Inner", "Startup Cost": 0.0, "Total Cost": 131869.62, "Plan Rows": 48, "Plan Width": 63, "Inner Unique": true, "Plans": [{"Node Type": "Nested Loop", "Parent Relationship": "Outer", "Join Type": "Inner", "Startup Cost": 0.0, "Total Cost": 131799.56, "Plan Rows": 248, "Plan Width": 67, "Inner Unique": false, "Join Filter": "(t.id = mi.movie_id)", "Plans": [{"Node Type": "Nested Loop", "Parent Relationship": "Outer", "Join Type": "Inner", "Startup Cost": 0.0, "Total Cost": 131476.79, "Plan Rows": 444, "Plan Width": 33, "Inner Unique": true, "Plans": [{"Node Type": "Nested Loop", "Parent Relationship": "Outer", "Join Type": "Inner", "Startup Cost": 0.0, "Total Cost": 131416.38, "Plan Rows": 210, "Plan Width": 37, "Inner Unique": false, "Join Filter": "(t.id = mc.movie_id)", "Plans": [{"Node Type": "Nested Loop", "Parent Relationship": "Outer", "Join Type": "Inner", "Startup Cost": 0.0, "Total Cost": 131295.61, "Plan Rows": 311, "Plan Width": 25, "Inner Unique": true, "Plans": [{"Node Type": "Nested Loop", "Parent Relationship": "Outer", "Join Type": "Inner", "Startup Cost": 0.0, "Total Cost": 131183.74, "Plan Rows": 396, "Plan Width": 29, "Inner Unique": false, "Plans": [{"Node Type": "Index Scan", "Parent Relationship": "Outer", "Scan Direction": "Forward", "Index Name": "title_pkey", "Relation Name": "title", "Alias": "t", "Startup Cost": 0.0, "Total Cost": 129082.82, "Plan Rows": 258, "Plan Width": 21, "Filter": "((production_year > 2000) AND (((title)::text ~~ 'Birdemic%'::text) OR ((title)::text ~~ '%Movie%'::text)))"}, {"Node Type": "Index Scan", "Parent Relationship": "Inner", "Scan Direction": "Forward", "Index Name": "movie_id_movie_info_idx", "Relation Name": "movie_info_idx", "Alias": "mi_idx", "Startup Cost": 0.0, "Total Cost": 8.12, "Plan Rows": 2, "Plan Width": 8, "Index Cond": "(movie_id = t.id)"}]}, {"Node Type": "Index Scan", "Parent Relationship": "Inner", "Scan Direction": "Forward", "Index Name": "info_type_pkey", "Relation Name": "info_type", "Alias": "it2", "Startup Cost": 0.0, "Total Cost": 0.27, "Plan Rows": 1, "Plan Width": 4, "Index Cond": "(id = mi_idx.info_type_id)", "Filter": "((info)::text = 'bottom 10 rank'::text)"}]}, {"Node Type": "Index Scan", "Parent Relationship": "Inner", "Scan Direction": "Forward", "Index Name": "movie_id_movie_companies", "Relation Name": "movie_companies", "Alias": "mc", "Startup Cost": 0.0, "Total Cost": 0.36, "Plan Rows": 2, "Plan Width": 12, "Index Cond": "(movie_id = mi_idx.movie_id)"}]}, {"Node Type": "Index Scan", "Parent Relationship": "Inner", "Scan Direction": "Forward", "Index Name": "company_name_pkey", "Relation Name": "company_name", "Alias": "cn", "Startup Cost": 0.0, "Total Cost": 0.28, "Plan Rows": 1, "Plan Width": 4, "Index Cond": "(id = mc.company_id)", "Filter": "((country_code)::text = '[us]'::text)"}]}, {"Node Type": "Index Scan", "Parent Relationship": "Inner", "Scan Direction": "Forward", "Index Name": "movie_id_movie_info", "Relation Name": "movie_info", "Alias": "mi", "Startup Cost": 0.0, "Total Cost": 0.66, "Plan Rows": 5, "Plan Width": 50, "Index Cond": "(movie_id = mc.movie_id)"}]}, {"Node Type": "Index Scan", "Parent Relationship": "Inner", "Scan Direction": "Forward", "Index Name": "info_type_pkey", "Relation Name": "info_type", "Alias": "it1", "Startup Cost": 0.0, "Total Cost": 0.27, "Plan Rows": 1, "Plan Width": 4, "Index Cond": "(id = mi.info_type_id)", "Filter": "((info)::text = 'budget'::text)"}]}, {"Node Type": "Index Scan", "Parent Relationship": "Inner", "Scan Direction": "Forward", "Index Name": "company_type_pkey", "Relation Name": "company_type", "Alias": "ct", "Startup Cost": 0.0, "Total Cost": 0.28, "Plan Rows": 1, "Plan Width": 4, "Index Cond": "(id = mc.company_type_id)", "Filter": "((kind IS NOT NULL) AND (((kind)::text = 'production companies'::text) OR ((kind)::text = 'distributors'::text)))"}]}]}, "Unique SQL Id": 1682224415}, "explain_analyze_plan": null}, "(64, 98)": {"explain_plan": {"Plan": {"Node Type": "Aggregate", "Strategy": "Plain", "Startup Cost": 69668.79, "Total Cost": 69668.8, "Plan Rows": 1, "Plan Width": 123, "Plans": [{"Node Type": "Nested Loop", "Parent Relationship": "Outer", "Join Type": "Inner", "Startup Cost": 11.05, "Total Cost": 69668.55, "Plan Rows": 48, "Plan Width": 59, "Inner Unique": true, "Plans": [{"Node Type": "Hash Join", "Parent Relationship": "Outer", "Join Type": "Inner", "Startup Cost": 10.79, "Total Cost": 69248.78, "Plan Rows": 98, "Plan Width": 63, "Inner Unique": true, "Hash Cond": "(mc.company_type_id = ct.id)", "Plans": [{"Node Type": "Nested Loop", "Parent Relationship": "Outer", "Join Type": "Inner", "Startup Cost": 9.72, "Total Cost": 69244.96, "Plan Rows": 220, "Plan Width": 67, "Inner Unique": false, "Join Filter": "(t.id = mc.movie_id)", "Plans": [{"Node Type": "Hash Join", "Parent Relationship": "Outer", "Join Type": "Inner", "Startup Cost": 9.45, "Total Cost": 68800.19, "Plan Rows": 103, "Plan Width": 71, "Inner Unique": true, "Hash Cond": "(mi.info_type_id = it1.id)", "Plans": [{"Node Type": "Nested Loop", "Parent Relationship": "Outer", "Join Type": "Inner", "Startup Cost": 7.04, "Total Cost": 68793.38, "Plan Rows": 1659, "Plan Width": 75, "Inner Unique": false, "Join Filter": "(t.id = mi.movie_id)", "Plans": [{"Node Type": "Hash Join", "Parent Relationship": "Outer", "Join Type": "Inner", "Startup Cost": 6.58, "Total Cost": 67369.48, "Plan Rows": 311, "Plan Width": 25, "Inner Unique": true, "Hash Cond": "(mi_idx.info_type_id = it2.id)", "Plans": [{"Node Type": "Nested Loop", "Parent Relationship": "Outer", "Join Type": "Inner", "Startup Cost": 4.17, "Total Cost": 67365.09, "Plan Rows": 396, "Plan Width": 29, "Inner Unique": false, "Plans": [{"Node Type": "Streaming(type: LOCAL GATHER dop: 1/64)", "Parent Relationship": "Outer", "Startup Cost": 0.0, "Total Cost": 64240.19, "Plan Rows": 258, "Plan Width": 21, "Plans": [{"Node Type": "Seq Scan", "Parent Relationship": "Outer", "Relation Name": "title", "Alias": "t", "Startup Cost": 0.0, "Total Cost": 64234.87, "Plan Rows": 258, "Plan Width": 21, "Filter": "((production_year > 2000) AND (((title)::text ~~ 'Birdemic%'::text) OR ((title)::text ~~ '%Movie%'::text)))"}]}, {"Node Type": "Bitmap Heap Scan", "Parent Relationship": "Inner", "Relation Name": "movie_info_idx", "Alias": "mi_idx", "Startup Cost": 4.17, "Total Cost": 12.09, "Plan Rows": 2, "Plan Width": 8, "Recheck Cond": "(movie_id = t.id)", "Plans": [{"Node Type": "Bitmap Index Scan", "Parent Relationship": "Outer", "Index Name": "movie_id_movie_info_idx", "Startup Cost": 0.0, "Total Cost": 4.17, "Plan Rows": 2, "Plan Width": 0, "Index Cond": "(movie_id = t.id)"}]}]}, {"Node Type": "Hash", "Parent Relationship": "Inner", "Startup Cost": 2.4, "Total Cost": 2.4, "Plan Rows": 1, "Plan Width": 4, "Plans": [{"Node Type": "Seq Scan", "Parent Relationship": "Outer", "Relation Name": "info_type", "Alias": "it2", "Startup Cost": 0.0, "Total Cost": 2.4, "Plan Rows": 1, "Plan Width": 4, "Filter": "((info)::text = 'bottom 10 rank'::text)"}]}]}, {"Node Type": "Bitmap Heap Scan", "Parent Relationship": "Inner", "Relation Name": "movie_info", "Alias": "mi", "Startup Cost": 0.45, "Total Cost": 4.52, "Plan Rows": 5, "Plan Width": 50, "Recheck Cond": "(movie_id = mi_idx.movie_id)", "Plans": [{"Node Type": "Bitmap Index Scan", "Parent Relationship": "Outer", "Index Name": "movie_id_movie_info", "Startup Cost": 0.0, "Total Cost": 0.45, "Plan Rows": 5, "Plan Width": 0, "Index Cond": "(movie_id = mi_idx.movie_id)"}]}]}, {"Node Type": "Hash", "Parent Relationship": "Inner", "Startup Cost": 2.4, "Total Cost": 2.4, "Plan Rows": 1, "Plan Width": 4, "Plans": [{"Node Type": "Seq Scan", "Parent Relationship": "Outer", "Relation Name": "info_type", "Alias": "it1", "Startup Cost": 0.0, "Total Cost": 2.4, "Plan Rows": 1, "Plan Width": 4, "Filter": "((info)::text = 'budget'::text)"}]}]}, {"Node Type": "Bitmap Heap Scan", "Parent Relationship": "Inner", "Relation Name": "movie_companies", "Alias": "mc", "Startup Cost": 0.27, "Total Cost": 4.29, "Plan Rows": 2, "Plan Width": 12, "Recheck Cond": "(movie_id = mi.movie_id)", "Plans": [{"Node Type": "Bitmap Index Scan", "Parent Relationship": "Outer", "Index Name": "movie_id_movie_companies", "Startup Cost": 0.0, "Total Cost": 0.27, "Plan Rows": 2, "Plan Width": 0, "Index Cond": "(movie_id = mi.movie_id)"}]}]}, {"Node Type": "Hash", "Parent Relationship": "Inner", "Startup Cost": 1.04, "Total Cost": 1.04, "Plan Rows": 2, "Plan Width": 4, "Plans": [{"Node Type": "Seq Scan", "Parent Relationship": "Outer", "Relation Name": "company_type", "Alias": "ct", "Startup Cost": 0.0, "Total Cost": 1.04, "Plan Rows": 2, "Plan Width": 4, "Filter": "((kind IS NOT NULL) AND (((kind)::text = 'production companies'::text) OR ((kind)::text = 'distributors'::text)))"}]}]}, {"Node Type": "Bitmap Heap Scan", "Parent Relationship": "Inner", "Relation Name": "company_name", "Alias": "cn", "Startup Cost": 0.26, "Total Cost": 4.27, "Plan Rows": 1, "Plan Width": 4, "Recheck Cond": "(id = mc.company_id)", "Filter": "((country_code)::text = '[us]'::text)", "Plans": [{"Node Type": "Bitmap Index Scan", "Parent Relationship": "Outer", "Index Name": "company_name_pkey", "Startup Cost": 0.0, "Total Cost": 0.26, "Plan Rows": 1, "Plan Width": 0, "Index Cond": "(id = mc.company_id)"}]}]}]}, "Unique SQL Id": 1682224415}, "explain_analyze_plan": {"Plan": {"Node Type": "Aggregate", "Strategy": "Plain", "Startup Cost": 69668.79, "Total Cost": 69668.8, "Plan Rows": 1, "Plan Width": 123, "Actual Min Startup Time": 210.912, "Actual Max Startup Time": 210.912, "Actual Min Total Time": 210.912, "Actual Max Total Time": 210.912, "Actual Total Rows": 1, "Plans": [{"Node Type": "Nested Loop", "Parent Relationship": "Outer", "Join Type": "Inner", "Startup Cost": 11.05, "Total Cost": 69668.55, "Plan Rows": 48, "Plan Width": 59, "Actual Min Startup Time": 178.71, "Actual Max Startup Time": 178.71, "Actual Min Total Time": 210.852, "Actual Max Total Time": 210.852, "Actual Total Rows": 5, "Inner Unique": true, "Plans": [{"Node Type": "Hash Join", "Parent Relationship": "Outer", "Join Type": "Inner", "Startup Cost": 10.79, "Total Cost": 69248.78, "Plan Rows": 98, "Plan Width": 63, "Actual Min Startup Time": 178.682, "Actual Max Startup Time": 178.682, "Actual Min Total Time": 210.726, "Actual Max Total Time": 210.726, "Actual Total Rows": 5, "Inner Unique": true, "Hash Cond": "(mc.company_type_id = ct.id)", "Plans": [{"Node Type": "Nested Loop", "Parent Relationship": "Outer", "Join Type": "Inner", "Startup Cost": 9.72, "Total Cost": 69244.96, "Plan Rows": 220, "Plan Width": 67, "Actual Min Startup Time": 178.497, "Actual Max Startup Time": 178.497, "Actual Min Total Time": 210.553, "Actual Max Total Time": 210.553, "Actual Total Rows": 33, "Inner Unique": false, "Join Filter": "(t.id = mc.movie_id)", "Rows Removed by Join Filter": 0, "Plans": [{"Node Type": "Hash Join", "Parent Relationship": "Outer", "Join Type": "Inner", "Startup Cost": 9.45, "Total Cost": 68800.19, "Plan Rows": 103, "Plan Width": 71, "Actual Min Startup Time": 178.448, "Actual Max Startup Time": 178.448, "Actual Min Total Time": 210.435, "Actual Max Total Time": 210.435, "Actual Total Rows": 2, "Inner Unique": true, "Hash Cond": "(mi.info_type_id = it1.id)", "Plans": [{"Node Type": "Nested Loop", "Parent Relationship": "Outer", "Join Type": "Inner", "Startup Cost": 7.04, "Total Cost": 68793.38, "Plan Rows": 1659, "Plan Width": 75, "Actual Min Startup Time": 178.179, "Actual Max Startup Time": 178.179, "Actual Min Total Time": 210.297, "Actual Max Total Time": 210.297, "Actual Total Rows": 221, "Inner Unique": false, "Join Filter": "(t.id = mi.movie_id)", "Rows Removed by Join Filter": 0, "Plans": [{"Node Type": "Hash Join", "Parent Relationship": "Outer", "Join Type": "Inner", "Startup Cost": 6.58, "Total Cost": 67369.48, "Plan Rows": 311, "Plan Width": 25, "Actual Min Startup Time": 178.123, "Actual Max Startup Time": 178.123, "Actual Min Total Time": 209.871, "Actual Max Total Time": 209.871, "Actual Total Rows": 2, "Inner Unique": true, "Hash Cond": "(mi_idx.info_type_id = it2.id)", "Plans": [{"Node Type": "Nested Loop", "Parent Relationship": "Outer", "Join Type": "Inner", "Startup Cost": 4.17, "Total Cost": 67365.09, "Plan Rows": 396, "Plan Width": 29, "Actual Min Startup Time": 127.134, "Actual Max Startup Time": 127.134, "Actual Min Total Time": 209.21, "Actual Max Total Time": 209.21, "Actual Total Rows": 2645, "Inner Unique": false, "Plans": [{"Node Type": "Streaming(type: LOCAL GATHER dop: 1/64)", "Parent Relationship": "Outer", "Startup Cost": 0.0, "Total Cost": 64240.19, "Plan Rows": 258, "Plan Width": 21, "Actual Min Startup Time": 127.047, "Actual Max Startup Time": 127.047, "Actual Min Total Time": 189.573, "Actual Max Total Time": 189.573, "Actual Total Rows": 2536, "Plans": [{"Node Type": "Seq Scan", "Parent Relationship": "Outer", "Relation Name": "title", "Alias": "t", "Startup Cost": 0.0, "Total Cost": 64234.87, "Plan Rows": 258, "Plan Width": 21, "Actual Min Startup Time": 0.035, "Actual Max Startup Time": 7.255, "Actual Min Total Time": 19.36, "Actual Max Total Time": 24.008, "Actual Total Rows": 2536, "Filter": "((production_year > 2000) AND (((title)::text ~~ 'Birdemic%'::text) OR ((title)::text ~~ '%Movie%'::text)))", "Rows Removed by Filter": 2525775}]}, {"Node Type": "Bitmap Heap Scan", "Parent Relationship": "Inner", "Relation Name": "movie_info_idx", "Alias": "mi_idx", "Startup Cost": 4.17, "Total Cost": 12.09, "Plan Rows": 2, "Plan Width": 8, "Actual Min Startup Time": 15.758, "Actual Max Startup Time": 15.758, "Actual Min Total Time": 16.148, "Actual Max Total Time": 16.148, "Actual Total Rows": 2645, "Recheck Cond": "(movie_id = t.id)", "Rows Removed by Index Recheck": 0, "Exact Heap Blocks": 890, "Lossy Heap Blocks": 890, "Plans": [{"Node Type": "Bitmap Index Scan", "Parent Relationship": "Outer", "Index Name": "movie_id_movie_info_idx", "Startup Cost": 0.0, "Total Cost": 4.17, "Plan Rows": 2, "Plan Width": 0, "Actual Min Startup Time": 11.634, "Actual Max Startup Time": 11.634, "Actual Min Total Time": 11.634, "Actual Max Total Time": 11.634, "Actual Total Rows": 2645, "Index Cond": "(movie_id = t.id)"}]}]}, {"Node Type": "Hash", "Parent Relationship": "Inner", "Startup Cost": 2.4, "Total Cost": 2.4, "Plan Rows": 1, "Plan Width": 4, "Actual Min Startup Time": 0.055, "Actual Max Startup Time": 0.055, "Actual Min Total Time": 0.055, "Actual Max Total Time": 0.055, "Actual Total Rows": 1, "Max Hash Buckets": 32768, "Min Hash Buckets": 32768, "Max Hash Batches": 1, "Min Hash Batches": 1, "Max Original Hash Batches": 1, "Min Original Hash Batches": 1, "Max Peak Memory Usage": 1, "min Peak Memory Usage": 1, "Plans": [{"Node Type": "Seq Scan", "Parent Relationship": "Outer", "Relation Name": "info_type", "Alias": "it2", "Startup Cost": 0.0, "Total Cost": 2.4, "Plan Rows": 1, "Plan Width": 4, "Actual Min Startup Time": 0.048, "Actual Max Startup Time": 0.048, "Actual Min Total Time": 0.049, "Actual Max Total Time": 0.049, "Actual Total Rows": 1, "Filter": "((info)::text = 'bottom 10 rank'::text)", "Rows Removed by Filter": 111}]}]}, {"Node Type": "Bitmap Heap Scan", "Parent Relationship": "Inner", "Relation Name": "movie_info", "Alias": "mi", "Startup Cost": 0.45, "Total Cost": 4.52, "Plan Rows": 5, "Plan Width": 50, "Actual Min Startup Time": 0.074, "Actual Max Startup Time": 0.074, "Actual Min Total Time": 0.282, "Actual Max Total Time": 0.282, "Actual Total Rows": 221, "Recheck Cond": "(movie_id = mi_idx.movie_id)", "Rows Removed by Index Recheck": 0, "Exact Heap Blocks": 40, "Lossy Heap Blocks": 40, "Plans": [{"Node Type": "Bitmap Index Scan", "Parent Relationship": "Outer", "Index Name": "movie_id_movie_info", "Startup Cost": 0.0, "Total Cost": 0.45, "Plan Rows": 5, "Plan Width": 0, "Actual Min Startup Time": 0.054, "Actual Max Startup Time": 0.054, "Actual Min Total Time": 0.054, "Actual Max Total Time": 0.054, "Actual Total Rows": 221, "Index Cond": "(movie_id = mi_idx.movie_id)"}]}]}, {"Node Type": "Hash", "Parent Relationship": "Inner", "Startup Cost": 2.4, "Total Cost": 2.4, "Plan Rows": 1, "Plan Width": 4, "Actual Min Startup Time": 0.059, "Actual Max Startup Time": 0.059, "Actual Min Total Time": 0.059, "Actual Max Total Time": 0.059, "Actual Total Rows": 1, "Max Hash Buckets": 32768, "Min Hash Buckets": 32768, "Max Hash Batches": 1, "Min Hash Batches": 1, "Max Original Hash Batches": 1, "Min Original Hash Batches": 1, "Max Peak Memory Usage": 1, "min Peak Memory Usage": 1, "Plans": [{"Node Type": "Seq Scan", "Parent Relationship": "Outer", "Relation Name": "info_type", "Alias": "it1", "Startup Cost": 0.0, "Total Cost": 2.4, "Plan Rows": 1, "Plan Width": 4, "Actual Min Startup Time": 0.051, "Actual Max Startup Time": 0.051, "Actual Min Total Time": 0.054, "Actual Max Total Time": 0.054, "Actual Total Rows": 1, "Filter": "((info)::text = 'budget'::text)", "Rows Removed by Filter": 111}]}]}, {"Node Type": "Bitmap Heap Scan", "Parent Relationship": "Inner", "Relation Name": "movie_companies", "Alias": "mc", "Startup Cost": 0.27, "Total Cost": 4.29, "Plan Rows": 2, "Plan Width": 12, "Actual Min Startup Time": 0.062, "Actual Max Startup Time": 0.062, "Actual Min Total Time": 0.074, "Actual Max Total Time": 0.074, "Actual Total Rows": 33, "Recheck Cond": "(movie_id = mi.movie_id)", "Rows Removed by Index Recheck": 0, "Exact Heap Blocks": 4, "Lossy Heap Blocks": 4, "Plans": [{"Node Type": "Bitmap Index Scan", "Parent Relationship": "Outer", "Index Name": "movie_id_movie_companies", "Startup Cost": 0.0, "Total Cost": 0.27, "Plan Rows": 2, "Plan Width": 0, "Actual Min Startup Time": 0.04, "Actual Max Startup Time": 0.04, "Actual Min Total Time": 0.04, "Actual Max Total Time": 0.04, "Actual Total Rows": 33, "Index Cond": "(movie_id = mi.movie_id)"}]}]}, {"Node Type": "Hash", "Parent Relationship": "Inner", "Startup Cost": 1.04, "Total Cost": 1.04, "Plan Rows": 2, "Plan Width": 4, "Actual Min Startup Time": 0.077, "Actual Max Startup Time": 0.077, "Actual Min Total Time": 0.077, "Actual Max Total Time": 0.077, "Actual Total Rows": 1, "Max Hash Buckets": 32768, "Min Hash Buckets": 32768, "Max Hash Batches": 1, "Min Hash Batches": 1, "Max Original Hash Batches": 1, "Min Original Hash Batches": 1, "Max Peak Memory Usage": 1, "min Peak Memory Usage": 1, "Plans": [{"Node Type": "Seq Scan", "Parent Relationship": "Outer", "Relation Name": "company_type", "Alias": "ct", "Startup Cost": 0.0, "Total Cost": 1.04, "Plan Rows": 2, "Plan Width": 4, "Actual Min Startup Time": 0.054, "Actual Max Startup Time": 0.054, "Actual Min Total Time": 0.062, "Actual Max Total Time": 0.062, "Actual Total Rows": 1, "Filter": "((kind IS NOT NULL) AND (((kind)::text = 'production companies'::text) OR ((kind)::text = 'distributors'::text)))", "Rows Removed by Filter": 2}]}]}, {"Node Type": "Bitmap Heap Scan", "Parent Relationship": "Inner", "Relation Name": "company_name", "Alias": "cn", "Startup Cost": 0.26, "Total Cost": 4.27, "Plan Rows": 1, "Plan Width": 4, "Actual Min Startup Time": 0.095, "Actual Max Startup Time": 0.095, "Actual Min Total Time": 0.095, "Actual Max Total Time": 0.095, "Actual Total Rows": 5, "Recheck Cond": "(id = mc.company_id)", "Rows Removed by Index Recheck": 0, "Filter": "((country_code)::text = '[us]'::text)", "Rows Removed by Filter": 0, "Exact Heap Blocks": 5, "Lossy Heap Blocks": 5, "Plans": [{"Node Type": "Bitmap Index Scan", "Parent Relationship": "Outer", "Index Name": "company_name_pkey", "Startup Cost": 0.0, "Total Cost": 0.26, "Plan Rows": 1, "Plan Width": 0, "Actual Min Startup Time": 0.05, "Actual Max Startup Time": 0.05, "Actual Min Total Time": 0.05, "Actual Max Total Time": 0.05, "Actual Total Rows": 5, "Index Cond": "(id = mc.company_id)"}]}]}]}, "Triggers": [], "Planner Runtime": 186.452, "Total Runtime": 223.272, "Unique SQL Id": 1682224415}}, "(64, 99)": {"explain_plan": {"Plan": {"Node Type": "Aggregate", "Strategy": "Plain", "Startup Cost": 135054.09, "Total Cost": 135054.1, "Plan Rows": 1, "Plan Width": 123, "Plans": [{"Node Type": "Nested Loop", "Parent Relationship": "Outer", "Join Type": "Inner", "Startup Cost": 49673.73, "Total Cost": 135053.85, "Plan Rows": 48, "Plan Width": 59, "Inner Unique": true, "Plans": [{"Node Type": "Nested Loop", "Parent Relationship": "Outer", "Join Type": "Inner", "Startup Cost": 49673.47, "Total Cost": 134985.31, "Plan Rows": 16, "Plan Width": 63, "Inner Unique": true, "Plans": [{"Node Type": "Nested Loop", "Parent Relationship": "Outer", "Join Type": "Inner", "Startup Cost": 49673.21, "Total Cost": 134766.76, "Plan Rows": 51, "Plan Width": 67, "Inner Unique": true, "Plans": [{"Node Type": "Nested Loop", "Parent Relationship": "Outer", "Join Type": "Inner", "Startup Cost": 49672.95, "Total Cost": 134488.39, "Plan Rows": 65, "Plan Width": 71, "Inner Unique": false, "Join Filter": "(t.id = mi_idx.movie_id)", "Plans": [{"Node Type": "Hash Join", "Parent Relationship": "Outer", "Join Type": "Inner", "Startup Cost": 49672.69, "Total Cost": 134307.08, "Plan Rows": 42, "Plan Width": 79, "Inner Unique": true, "Hash Cond": "(mi.info_type_id = it1.id)", "Plans": [{"Node Type": "Nested Loop", "Parent Relationship": "Outer", "Join Type": "Inner", "Startup Cost": 49658.46, "Total Cost": 134284.94, "Plan Rows": 2989, "Plan Width": 83, "Inner Unique": false, "Join Filter": "(t.id = mi.movie_id)", "Plans": [{"Node Type": "Nested Loop", "Parent Relationship": "Outer", "Join Type": "Inner", "Startup Cost": 49658.09, "Total Cost": 131831.96, "Plan Rows": 545, "Plan Width": 33, "Inner Unique": false, "Plans": [{"Node Type": "Bitmap Heap Scan", "Parent Relationship": "Outer", "Relation Name": "title", "Alias": "t", "Startup Cost": 49653.87, "Total Cost": 128685.31, "Plan Rows": 258, "Plan Width": 21, "Filter": "((production_year > 2000) AND (((title)::text ~~ 'Birdemic%'::text) OR ((title)::text ~~ '%Movie%'::text)))", "Plans": [{"Node Type": "Bitmap Index Scan", "Parent Relationship": "Outer", "Index Name": "title_pkey", "Startup Cost": 0.0, "Total Cost": 49653.81, "Plan Rows": 2528311, "Plan Width": 0}]}, {"Node Type": "Bitmap Heap Scan", "Parent Relationship": "Inner", "Relation Name": "movie_companies", "Alias": "mc", "Startup Cost": 4.22, "Total Cost": 12.18, "Plan Rows": 2, "Plan Width": 12, "Recheck Cond": "(movie_id = t.id)", "Plans": [{"Node Type": "Bitmap Index Scan", "Parent Relationship": "Outer", "Index Name": "movie_id_movie_companies", "Startup Cost": 0.0, "Total Cost": 4.22, "Plan Rows": 2, "Plan Width": 0, "Index Cond": "(movie_id = t.id)"}]}]}, {"Node Type": "Bitmap Heap Scan", "Parent Relationship": "Inner", "Relation Name": "movie_info", "Alias": "mi", "Startup Cost": 0.38, "Total Cost": 4.44, "Plan Rows": 5, "Plan Width": 50, "Recheck Cond": "(movie_id = mc.movie_id)", "Plans": [{"Node Type": "Bitmap Index Scan", "Parent Relationship": "Outer", "Index Name": "movie_id_movie_info", "Startup Cost": 0.0, "Total Cost": 0.37, "Plan Rows": 5, "Plan Width": 0, "Index Cond": "(movie_id = mc.movie_id)"}]}]}, {"Node Type": "Hash", "Parent Relationship": "Inner", "Startup Cost": 14.21, "Total Cost": 14.21, "Plan Rows": 1, "Plan Width": 4, "Plans": [{"Node Type": "Bitmap Heap Scan", "Parent Relationship": "Outer", "Relation Name": "info_type", "Alias": "it1", "Startup Cost": 8.81, "Total Cost": 14.21, "Plan Rows": 1, "Plan Width": 4, "Filter": "((info)::text = 'budget'::text)", "Plans": [{"Node Type": "Bitmap Index Scan", "Parent Relationship": "Outer", "Index Name": "info_type_pkey", "Startup Cost": 0.0, "Total Cost": 8.81, "Plan Rows": 112, "Plan Width": 0}]}]}]}, {"Node Type": "Bitmap Heap Scan", "Parent Relationship": "Inner", "Relation Name": "movie_info_idx", "Alias": "mi_idx", "Startup Cost": 0.27, "Total Cost": 4.29, "Plan Rows": 2, "Plan Width": 8, "Recheck Cond": "(movie_id = mi.movie_id)", "Plans": [{"Node Type": "Bitmap Index Scan", "Parent Relationship": "Outer", "Index Name": "movie_id_movie_info_idx", "Startup Cost": 0.0, "Total Cost": 0.27, "Plan Rows": 2, "Plan Width": 0, "Index Cond": "(movie_id = mi.movie_id)"}]}]}, {"Node Type": "Bitmap Heap Scan", "Parent Relationship": "Inner", "Relation Name": "info_type", "Alias": "it2", "Startup Cost": 0.26, "Total Cost": 4.27, "Plan Rows": 1, "Plan Width": 4, "Recheck Cond": "(id = mi_idx.info_type_id)", "Filter": "((info)::text = 'bottom 10 rank'::text)", "Plans": [{"Node Type": "Bitmap Index Scan", "Parent Relationship": "Outer", "Index Name": "info_type_pkey", "Startup Cost": 0.0, "Total Cost": 0.26, "Plan Rows": 1, "Plan Width": 0, "Index Cond": "(id = mi_idx.info_type_id)"}]}]}, {"Node Type": "Bitmap Heap Scan", "Parent Relationship": "Inner", "Relation Name": "company_type", "Alias": "ct", "Startup Cost": 0.26, "Total Cost": 4.28, "Plan Rows": 1, "Plan Width": 4, "Recheck Cond": "(id = mc.company_type_id)", "Filter": "((kind IS NOT NULL) AND (((kind)::text = 'production companies'::text) OR ((kind)::text = 'distributors'::text)))", "Plans": [{"Node Type": "Bitmap Index Scan", "Parent Relationship": "Outer", "Index Name": "company_type_pkey", "Startup Cost": 0.0, "Total Cost": 0.26, "Plan Rows": 1, "Plan Width": 0, "Index Cond": "(id = mc.company_type_id)"}]}]}, {"Node Type": "Bitmap Heap Scan", "Parent Relationship": "Inner", "Relation Name": "company_name", "Alias": "cn", "Startup Cost": 0.26, "Total Cost": 4.27, "Plan Rows": 1, "Plan Width": 4, "Recheck Cond": "(id = mc.company_id)", "Filter": "((country_code)::text = '[us]'::text)", "Plans": [{"Node Type": "Bitmap Index Scan", "Parent Relationship": "Outer", "Index Name": "company_name_pkey", "Startup Cost": 0.0, "Total Cost": 0.26, "Plan Rows": 1, "Plan Width": 0, "Index Cond": "(id = mc.company_id)"}]}]}]}, "Unique SQL Id": 1682224415}, "explain_analyze_plan": null}, "(64, 100)": {"explain_plan": {"Plan": {"Node Type": "Aggregate", "Strategy": "Plain", "Startup Cost": 67236.12, "Total Cost": 67236.13, "Plan Rows": 1, "Plan Width": 123, "Plans": [{"Node Type": "Nested Loop", "Parent Relationship": "Outer", "Join Type": "Inner", "Startup Cost": 0.0, "Total Cost": 67235.88, "Plan Rows": 48, "Plan Width": 59, "Inner Unique": true, "Plans": [{"Node Type": "Nested Loop", "Parent Relationship": "Outer", "Join Type": "Inner", "Startup Cost": 0.0, "Total Cost": 67222.2, "Plan Rows": 48, "Plan Width": 63, "Inner Unique": true, "Plans": [{"Node Type": "Nested Loop", "Parent Relationship": "Outer", "Join Type": "Inner", "Startup Cost": 0.0, "Total Cost": 67158.92, "Plan Rows": 220, "Plan Width": 67, "Inner Unique": true, "Plans": [{"Node Type": "Nested Loop", "Parent Relationship": "Outer", "Join Type": "Inner", "Startup Cost": 0.0, "Total Cost": 66726.41, "Plan Rows": 1531, "Plan Width": 71, "Inner Unique": false, "Join Filter": "(t.id = mi.movie_id)", "Plans": [{"Node Type": "Nested Loop", "Parent Relationship": "Outer", "Join Type": "Inner", "Startup Cost": 0.0, "Total Cost": 66573.75, "Plan Rows": 210, "Plan Width": 37, "Inner Unique": false, "Join Filter": "(t.id = mc.movie_id)", "Plans": [{"Node Type": "Nested Loop", "Parent Relationship": "Outer", "Join Type": "Inner", "Startup Cost": 0.0, "Total Cost": 66452.98, "Plan Rows": 311, "Plan Width": 25, "Inner Unique": true, "Plans": [{"Node Type": "Nested Loop", "Parent Relationship": "Outer", "Join Type": "Inner", "Startup Cost": 0.0, "Total Cost": 66341.1, "Plan Rows": 396, "Plan Width": 29, "Inner Unique": false, "Plans": [{"Node Type": "Streaming(type: LOCAL GATHER dop: 1/64)", "Parent Relationship": "Outer", "Startup Cost": 0.0, "Total Cost": 64240.19, "Plan Rows": 258, "Plan Width": 21, "Plans": [{"Node Type": "Seq Scan", "Parent Relationship": "Outer", "Relation Name": "title", "Alias": "t", "Startup Cost": 0.0, "Total Cost": 64234.87, "Plan Rows": 258, "Plan Width": 21, "Filter": "((production_year > 2000) AND (((title)::text ~~ 'Birdemic%'::text) OR ((title)::text ~~ '%Movie%'::text)))"}]}, {"Node Type": "Index Scan", "Parent Relationship": "Inner", "Scan Direction": "Forward", "Index Name": "movie_id_movie_info_idx", "Relation Name": "movie_info_idx", "Alias": "mi_idx", "Startup Cost": 0.0, "Total Cost": 8.12, "Plan Rows": 2, "Plan Width": 8, "Index Cond": "(movie_id = t.id)"}]}, {"Node Type": "Index Scan", "Parent Relationship": "Inner", "Scan Direction": "Forward", "Index Name": "info_type_pkey", "Relation Name": "info_type", "Alias": "it2", "Startup Cost": 0.0, "Total Cost": 0.27, "Plan Rows": 1, "Plan Width": 4, "Index Cond": "(id = mi_idx.info_type_id)", "Filter": "((info)::text = 'bottom 10 rank'::text)"}]}, {"Node Type": "Index Scan", "Parent Relationship": "Inner", "Scan Direction": "Forward", "Index Name": "movie_id_movie_companies", "Relation Name": "movie_companies", "Alias": "mc", "Startup Cost": 0.0, "Total Cost": 0.36, "Plan Rows": 2, "Plan Width": 12, "Index Cond": "(movie_id = mi_idx.movie_id)"}]}, {"Node Type": "Index Scan", "Parent Relationship": "Inner", "Scan Direction": "Forward", "Index Name": "movie_id_movie_info", "Relation Name": "movie_info", "Alias": "mi", "Startup Cost": 0.0, "Total Cost": 0.66, "Plan Rows": 5, "Plan Width": 50, "Index Cond": "(movie_id = mc.movie_id)"}]}, {"Node Type": "Index Scan", "Parent Relationship": "Inner", "Scan Direction": "Forward", "Index Name": "info_type_pkey", "Relation Name": "info_type", "Alias": "it1", "Startup Cost": 0.0, "Total Cost": 0.27, "Plan Rows": 1, "Plan Width": 4, "Index Cond": "(id = mi.info_type_id)", "Filter": "((info)::text = 'budget'::text)"}]}, {"Node Type": "Index Scan", "Parent Relationship": "Inner", "Scan Direction": "Forward", "Index Name": "company_name_pkey", "Relation Name": "company_name", "Alias": "cn", "Startup Cost": 0.0, "Total Cost": 0.28, "Plan Rows": 1, "Plan Width": 4, "Index Cond": "(id = mc.company_id)", "Filter": "((country_code)::text = '[us]'::text)"}]}, {"Node Type": "Index Scan", "Parent Relationship": "Inner", "Scan Direction": "Forward", "Index Name": "company_type_pkey", "Relation Name": "company_type", "Alias": "ct", "Startup Cost": 0.0, "Total Cost": 0.28, "Plan Rows": 1, "Plan Width": 4, "Index Cond": "(id = mc.company_type_id)", "Filter": "((kind IS NOT NULL) AND (((kind)::text = 'production companies'::text) OR ((kind)::text = 'distributors'::text)))"}]}]}, "Unique SQL Id": 1682224415}, "explain_analyze_plan": {"Plan": {"Node Type": "Aggregate", "Strategy": "Plain", "Startup Cost": 67236.12, "Total Cost": 67236.13, "Plan Rows": 1, "Plan Width": 123, "Actual Min Startup Time": 230.235, "Actual Max Startup Time": 230.235, "Actual Min Total Time": 230.235, "Actual Max Total Time": 230.235, "Actual Total Rows": 1, "Plans": [{"Node Type": "Nested Loop", "Parent Relationship": "Outer", "Join Type": "Inner", "Startup Cost": 0.0, "Total Cost": 67235.88, "Plan Rows": 48, "Plan Width": 59, "Actual Min Startup Time": 208.252, "Actual Max Startup Time": 208.252, "Actual Min Total Time": 230.192, "Actual Max Total Time": 230.192, "Actual Total Rows": 5, "Inner Unique": true, "Plans": [{"Node Type": "Nested Loop", "Parent Relationship": "Outer", "Join Type": "Inner", "Startup Cost": 0.0, "Total Cost": 67222.2, "Plan Rows": 48, "Plan Width": 63, "Actual Min Startup Time": 199.281, "Actual Max Startup Time": 199.281, "Actual Min Total Time": 230.144, "Actual Max Total Time": 230.144, "Actual Total Rows": 10, "Inner Unique": true, "Plans": [{"Node Type": "Nested Loop", "Parent Relationship": "Outer", "Join Type": "Inner", "Startup Cost": 0.0, "Total Cost": 67158.92, "Plan Rows": 220, "Plan Width": 67, "Actual Min Startup Time": 195.081, "Actual Max Startup Time": 195.081, "Actual Min Total Time": 229.811, "Actual Max Total Time": 229.811, "Actual Total Rows": 33, "Inner Unique": true, "Plans": [{"Node Type": "Nested Loop", "Parent Relationship": "Outer", "Join Type": "Inner", "Startup Cost": 0.0, "Total Cost": 66726.41, "Plan Rows": 1531, "Plan Width": 71, "Actual Min Startup Time": 194.636, "Actual Max Startup Time": 194.636, "Actual Min Total Time": 218.696, "Actual Max Total Time": 218.696, "Actual Total Rows": 4959, "Inner Unique": false, "Join Filter": "(t.id = mi.movie_id)", "Rows Removed by Join Filter": 0, "Plans": [{"Node Type": "Nested Loop", "Parent Relationship": "Outer", "Join Type": "Inner", "Startup Cost": 0.0, "Total Cost": 66573.75, "Plan Rows": 210, "Plan Width": 37, "Actual Min Startup Time": 194.602, "Actual Max Startup Time": 194.602, "Actual Min Total Time": 213.994, "Actual Max Total Time": 213.994, "Actual Total Rows": 33, "Inner Unique": false, "Join Filter": "(t.id = mc.movie_id)", "Rows Removed by Join Filter": 0, "Plans": [{"Node Type": "Nested Loop", "Parent Relationship": "Outer", "Join Type": "Inner", "Startup Cost": 0.0, "Total Cost": 66452.98, "Plan Rows": 311, "Plan Width": 25, "Actual Min Startup Time": 194.574, "Actual Max Startup Time": 194.574, "Actual Min Total Time": 213.912, "Actual Max Total Time": 213.912, "Actual Total Rows": 2, "Inner Unique": true, "Plans": [{"Node Type": "Nested Loop", "Parent Relationship": "Outer", "Join Type": "Inner", "Startup Cost": 0.0, "Total Cost": 66341.1, "Plan Rows": 396, "Plan Width": 29, "Actual Min Startup Time": 98.269, "Actual Max Startup Time": 98.269, "Actual Min Total Time": 207.565, "Actual Max Total Time": 207.565, "Actual Total Rows": 2645, "Inner Unique": false, "Plans": [{"Node Type": "Streaming(type: LOCAL GATHER dop: 1/64)", "Parent Relationship": "Outer", "Startup Cost": 0.0, "Total Cost": 64240.19, "Plan Rows": 258, "Plan Width": 21, "Actual Min Startup Time": 98.169, "Actual Max Startup Time": 98.169, "Actual Min Total Time": 192.548, "Actual Max Total Time": 192.548, "Actual Total Rows": 2536, "Plans": [{"Node Type": "Seq Scan", "Parent Relationship": "Outer", "Relation Name": "title", "Alias": "t", "Startup Cost": 0.0, "Total Cost": 64234.87, "Plan Rows": 258, "Plan Width": 21, "Actual Min Startup Time": 0.04, "Actual Max Startup Time": 7.292, "Actual Min Total Time": 19.343, "Actual Max Total Time": 24.11, "Actual Total Rows": 2536, "Filter": "((production_year > 2000) AND (((title)::text ~~ 'Birdemic%'::text) OR ((title)::text ~~ '%Movie%'::text)))", "Rows Removed by Filter": 2525775}]}, {"Node Type": "Index Scan", "Parent Relationship": "Inner", "Scan Direction": "Forward", "Index Name": "movie_id_movie_info_idx", "Relation Name": "movie_info_idx", "Alias": "mi_idx", "Startup Cost": 0.0, "Total Cost": 8.12, "Plan Rows": 2, "Plan Width": 8, "Actual Min Startup Time": 12.157, "Actual Max Startup Time": 12.157, "Actual Min Total Time": 13.108, "Actual Max Total Time": 13.108, "Actual Total Rows": 2645, "Index Cond": "(movie_id = t.id)", "Rows Removed by Index Recheck": 0}]}, {"Node Type": "Index Scan", "Parent Relationship": "Inner", "Scan Direction": "Forward", "Index Name": "info_type_pkey", "Relation Name": "info_type", "Alias": "it2", "Startup Cost": 0.0, "Total Cost": 0.27, "Plan Rows": 1, "Plan Width": 4, "Actual Min Startup Time": 5.083, "Actual Max Startup Time": 5.083, "Actual Min Total Time": 5.083, "Actual Max Total Time": 5.083, "Actual Total Rows": 2, "Index Cond": "(id = mi_idx.info_type_id)", "Rows Removed by Index Recheck": 0, "Filter": "((info)::text = 'bottom 10 rank'::text)", "Rows Removed by Filter": 2643}]}, {"Node Type": "Index Scan", "Parent Relationship": "Inner", "Scan Direction": "Forward", "Index Name": "movie_id_movie_companies", "Relation Name": "movie_companies", "Alias": "mc", "Startup Cost": 0.0, "Total Cost": 0.36, "Plan Rows": 2, "Plan Width": 12, "Actual Min Startup Time": 0.031, "Actual Max Startup Time": 0.031, "Actual Min Total Time": 0.054, "Actual Max Total Time": 0.054, "Actual Total Rows": 33, "Index Cond": "(movie_id = mi_idx.movie_id)", "Rows Removed by Index Recheck": 0}]}, {"Node Type": "Index Scan", "Parent Relationship": "Inner", "Scan Direction": "Forward", "Index Name": "movie_id_movie_info", "Relation Name": "movie_info", "Alias": "mi", "Startup Cost": 0.0, "Total Cost": 0.66, "Plan Rows": 5, "Plan Width": 50, "Actual Min Startup Time": 0.54, "Actual Max Startup Time": 0.54, "Actual Min Total Time": 2.85, "Actual Max Total Time": 2.85, "Actual Total Rows": 4959, "Index Cond": "(movie_id = mc.movie_id)", "Rows Removed by Index Recheck": 0}]}, {"Node Type": "Index Scan", "Parent Relationship": "Inner", "Scan Direction": "Forward", "Index Name": "info_type_pkey", "Relation Name": "info_type", "Alias": "it1", "Startup Cost": 0.0, "Total Cost": 0.27, "Plan Rows": 1, "Plan Width": 4, "Actual Min Startup Time": 8.766, "Actual Max Startup Time": 8.766, "Actual Min Total Time": 8.766, "Actual Max Total Time": 8.766, "Actual Total Rows": 33, "Index Cond": "(id = mi.info_type_id)", "Rows Removed by Index Recheck": 0, "Filter": "((info)::text = 'budget'::text)", "Rows Removed by Filter": 4864}]}, {"Node Type": "Index Scan", "Parent Relationship": "Inner", "Scan Direction": "Forward", "Index Name": "company_name_pkey", "Relation Name": "company_name", "Alias": "cn", "Startup Cost": 0.0, "Total Cost": 0.28, "Plan Rows": 1, "Plan Width": 4, "Actual Min Startup Time": 0.3, "Actual Max Startup Time": 0.3, "Actual Min Total Time": 0.3, "Actual Max Total Time": 0.3, "Actual Total Rows": 10, "Index Cond": "(id = mc.company_id)", "Rows Removed by Index Recheck": 0, "Filter": "((country_code)::text = '[us]'::text)", "Rows Removed by Filter": 23}]}, {"Node Type": "Index Scan", "Parent Relationship": "Inner", "Scan Direction": "Forward", "Index Name": "company_type_pkey", "Relation Name": "company_type", "Alias": "ct", "Startup Cost": 0.0, "Total Cost": 0.28, "Plan Rows": 1, "Plan Width": 4, "Actual Min Startup Time": 0.033, "Actual Max Startup Time": 0.033, "Actual Min Total Time": 0.033, "Actual Max Total Time": 0.033, "Actual Total Rows": 5, "Index Cond": "(id = mc.company_type_id)", "Rows Removed by Index Recheck": 0, "Filter": "((kind IS NOT NULL) AND (((kind)::text = 'production companies'::text) OR ((kind)::text = 'distributors'::text)))", "Rows Removed by Filter": 0}]}]}, "Triggers": [], "Planner Runtime": 183.053, "Total Runtime": 242.619, "Unique SQL Id": 1682224415}}, "(64, 101)": {"explain_plan": {"Plan": {"Node Type": "Aggregate", "Strategy": "Plain", "Startup Cost": 131883.54, "Total Cost": 131883.55, "Plan Rows": 1, "Plan Width": 123, "Plans": [{"Node Type": "Nested Loop", "Parent Relationship": "Outer", "Join Type": "Inner", "Startup Cost": 0.0, "Total Cost": 131883.3, "Plan Rows": 48, "Plan Width": 59, "Inner Unique": true, "Plans": [{"Node Type": "Nested Loop", "Parent Relationship": "Outer", "Join Type": "Inner", "Startup Cost": 0.0, "Total Cost": 131869.62, "Plan Rows": 48, "Plan Width": 63, "Inner Unique": true, "Plans": [{"Node Type": "Nested Loop", "Parent Relationship": "Outer", "Join Type": "Inner", "Startup Cost": 0.0, "Total Cost": 131799.56, "Plan Rows": 248, "Plan Width": 67, "Inner Unique": false, "Join Filter": "(t.id = mi.movie_id)", "Plans": [{"Node Type": "Nested Loop", "Parent Relationship": "Outer", "Join Type": "Inner", "Startup Cost": 0.0, "Total Cost": 131476.79, "Plan Rows": 444, "Plan Width": 33, "Inner Unique": true, "Plans": [{"Node Type": "Nested Loop", "Parent Relationship": "Outer", "Join Type": "Inner", "Startup Cost": 0.0, "Total Cost": 131416.38, "Plan Rows": 210, "Plan Width": 37, "Inner Unique": false, "Join Filter": "(t.id = mc.movie_id)", "Plans": [{"Node Type": "Nested Loop", "Parent Relationship": "Outer", "Join Type": "Inner", "Startup Cost": 0.0, "Total Cost": 131295.61, "Plan Rows": 311, "Plan Width": 25, "Inner Unique": true, "Plans": [{"Node Type": "Nested Loop", "Parent Relationship": "Outer", "Join Type": "Inner", "Startup Cost": 0.0, "Total Cost": 131183.74, "Plan Rows": 396, "Plan Width": 29, "Inner Unique": false, "Plans": [{"Node Type": "Index Scan", "Parent Relationship": "Outer", "Scan Direction": "Forward", "Index Name": "title_pkey", "Relation Name": "title", "Alias": "t", "Startup Cost": 0.0, "Total Cost": 129082.82, "Plan Rows": 258, "Plan Width": 21, "Filter": "((production_year > 2000) AND (((title)::text ~~ 'Birdemic%'::text) OR ((title)::text ~~ '%Movie%'::text)))"}, {"Node Type": "Index Scan", "Parent Relationship": "Inner", "Scan Direction": "Forward", "Index Name": "movie_id_movie_info_idx", "Relation Name": "movie_info_idx", "Alias": "mi_idx", "Startup Cost": 0.0, "Total Cost": 8.12, "Plan Rows": 2, "Plan Width": 8, "Index Cond": "(movie_id = t.id)"}]}, {"Node Type": "Index Scan", "Parent Relationship": "Inner", "Scan Direction": "Forward", "Index Name": "info_type_pkey", "Relation Name": "info_type", "Alias": "it2", "Startup Cost": 0.0, "Total Cost": 0.27, "Plan Rows": 1, "Plan Width": 4, "Index Cond": "(id = mi_idx.info_type_id)", "Filter": "((info)::text = 'bottom 10 rank'::text)"}]}, {"Node Type": "Index Scan", "Parent Relationship": "Inner", "Scan Direction": "Forward", "Index Name": "movie_id_movie_companies", "Relation Name": "movie_companies", "Alias": "mc", "Startup Cost": 0.0, "Total Cost": 0.36, "Plan Rows": 2, "Plan Width": 12, "Index Cond": "(movie_id = mi_idx.movie_id)"}]}, {"Node Type": "Index Scan", "Parent Relationship": "Inner", "Scan Direction": "Forward", "Index Name": "company_name_pkey", "Relation Name": "company_name", "Alias": "cn", "Startup Cost": 0.0, "Total Cost": 0.28, "Plan Rows": 1, "Plan Width": 4, "Index Cond": "(id = mc.company_id)", "Filter": "((country_code)::text = '[us]'::text)"}]}, {"Node Type": "Index Scan", "Parent Relationship": "Inner", "Scan Direction": "Forward", "Index Name": "movie_id_movie_info", "Relation Name": "movie_info", "Alias": "mi", "Startup Cost": 0.0, "Total Cost": 0.66, "Plan Rows": 5, "Plan Width": 50, "Index Cond": "(movie_id = mc.movie_id)"}]}, {"Node Type": "Index Scan", "Parent Relationship": "Inner", "Scan Direction": "Forward", "Index Name": "info_type_pkey", "Relation Name": "info_type", "Alias": "it1", "Startup Cost": 0.0, "Total Cost": 0.27, "Plan Rows": 1, "Plan Width": 4, "Index Cond": "(id = mi.info_type_id)", "Filter": "((info)::text = 'budget'::text)"}]}, {"Node Type": "Index Scan", "Parent Relationship": "Inner", "Scan Direction": "Forward", "Index Name": "company_type_pkey", "Relation Name": "company_type", "Alias": "ct", "Startup Cost": 0.0, "Total Cost": 0.28, "Plan Rows": 1, "Plan Width": 4, "Index Cond": "(id = mc.company_type_id)", "Filter": "((kind IS NOT NULL) AND (((kind)::text = 'production companies'::text) OR ((kind)::text = 'distributors'::text)))"}]}]}, "Unique SQL Id": 1682224415}, "explain_analyze_plan": null}, "(64, 102)": {"explain_plan": {"Plan": {"Node Type": "Aggregate", "Strategy": "Plain", "Startup Cost": 69668.79, "Total Cost": 69668.8, "Plan Rows": 1, "Plan Width": 123, "Plans": [{"Node Type": "Nested Loop", "Parent Relationship": "Outer", "Join Type": "Inner", "Startup Cost": 11.05, "Total Cost": 69668.55, "Plan Rows": 48, "Plan Width": 59, "Inner Unique": true, "Plans": [{"Node Type": "Hash Join", "Parent Relationship": "Outer", "Join Type": "Inner", "Startup Cost": 10.79, "Total Cost": 69248.78, "Plan Rows": 98, "Plan Width": 63, "Inner Unique": true, "Hash Cond": "(mc.company_type_id = ct.id)", "Plans": [{"Node Type": "Nested Loop", "Parent Relationship": "Outer", "Join Type": "Inner", "Startup Cost": 9.72, "Total Cost": 69244.96, "Plan Rows": 220, "Plan Width": 67, "Inner Unique": false, "Join Filter": "(t.id = mc.movie_id)", "Plans": [{"Node Type": "Hash Join", "Parent Relationship": "Outer", "Join Type": "Inner", "Startup Cost": 9.45, "Total Cost": 68800.19, "Plan Rows": 103, "Plan Width": 71, "Inner Unique": true, "Hash Cond": "(mi.info_type_id = it1.id)", "Plans": [{"Node Type": "Nested Loop", "Parent Relationship": "Outer", "Join Type": "Inner", "Startup Cost": 7.04, "Total Cost": 68793.38, "Plan Rows": 1659, "Plan Width": 75, "Inner Unique": false, "Join Filter": "(t.id = mi.movie_id)", "Plans": [{"Node Type": "Hash Join", "Parent Relationship": "Outer", "Join Type": "Inner", "Startup Cost": 6.58, "Total Cost": 67369.48, "Plan Rows": 311, "Plan Width": 25, "Inner Unique": true, "Hash Cond": "(mi_idx.info_type_id = it2.id)", "Plans": [{"Node Type": "Nested Loop", "Parent Relationship": "Outer", "Join Type": "Inner", "Startup Cost": 4.17, "Total Cost": 67365.09, "Plan Rows": 396, "Plan Width": 29, "Inner Unique": false, "Plans": [{"Node Type": "Streaming(type: LOCAL GATHER dop: 1/64)", "Parent Relationship": "Outer", "Startup Cost": 0.0, "Total Cost": 64240.19, "Plan Rows": 258, "Plan Width": 21, "Plans": [{"Node Type": "Seq Scan", "Parent Relationship": "Outer", "Relation Name": "title", "Alias": "t", "Startup Cost": 0.0, "Total Cost": 64234.87, "Plan Rows": 258, "Plan Width": 21, "Filter": "((production_year > 2000) AND (((title)::text ~~ 'Birdemic%'::text) OR ((title)::text ~~ '%Movie%'::text)))"}]}, {"Node Type": "Bitmap Heap Scan", "Parent Relationship": "Inner", "Relation Name": "movie_info_idx", "Alias": "mi_idx", "Startup Cost": 4.17, "Total Cost": 12.09, "Plan Rows": 2, "Plan Width": 8, "Recheck Cond": "(movie_id = t.id)", "Plans": [{"Node Type": "Bitmap Index Scan", "Parent Relationship": "Outer", "Index Name": "movie_id_movie_info_idx", "Startup Cost": 0.0, "Total Cost": 4.17, "Plan Rows": 2, "Plan Width": 0, "Index Cond": "(movie_id = t.id)"}]}]}, {"Node Type": "Hash", "Parent Relationship": "Inner", "Startup Cost": 2.4, "Total Cost": 2.4, "Plan Rows": 1, "Plan Width": 4, "Plans": [{"Node Type": "Seq Scan", "Parent Relationship": "Outer", "Relation Name": "info_type", "Alias": "it2", "Startup Cost": 0.0, "Total Cost": 2.4, "Plan Rows": 1, "Plan Width": 4, "Filter": "((info)::text = 'bottom 10 rank'::text)"}]}]}, {"Node Type": "Bitmap Heap Scan", "Parent Relationship": "Inner", "Relation Name": "movie_info", "Alias": "mi", "Startup Cost": 0.45, "Total Cost": 4.52, "Plan Rows": 5, "Plan Width": 50, "Recheck Cond": "(movie_id = mi_idx.movie_id)", "Plans": [{"Node Type": "Bitmap Index Scan", "Parent Relationship": "Outer", "Index Name": "movie_id_movie_info", "Startup Cost": 0.0, "Total Cost": 0.45, "Plan Rows": 5, "Plan Width": 0, "Index Cond": "(movie_id = mi_idx.movie_id)"}]}]}, {"Node Type": "Hash", "Parent Relationship": "Inner", "Startup Cost": 2.4, "Total Cost": 2.4, "Plan Rows": 1, "Plan Width": 4, "Plans": [{"Node Type": "Seq Scan", "Parent Relationship": "Outer", "Relation Name": "info_type", "Alias": "it1", "Startup Cost": 0.0, "Total Cost": 2.4, "Plan Rows": 1, "Plan Width": 4, "Filter": "((info)::text = 'budget'::text)"}]}]}, {"Node Type": "Bitmap Heap Scan", "Parent Relationship": "Inner", "Relation Name": "movie_companies", "Alias": "mc", "Startup Cost": 0.27, "Total Cost": 4.29, "Plan Rows": 2, "Plan Width": 12, "Recheck Cond": "(movie_id = mi.movie_id)", "Plans": [{"Node Type": "Bitmap Index Scan", "Parent Relationship": "Outer", "Index Name": "movie_id_movie_companies", "Startup Cost": 0.0, "Total Cost": 0.27, "Plan Rows": 2, "Plan Width": 0, "Index Cond": "(movie_id = mi.movie_id)"}]}]}, {"Node Type": "Hash", "Parent Relationship": "Inner", "Startup Cost": 1.04, "Total Cost": 1.04, "Plan Rows": 2, "Plan Width": 4, "Plans": [{"Node Type": "Seq Scan", "Parent Relationship": "Outer", "Relation Name": "company_type", "Alias": "ct", "Startup Cost": 0.0, "Total Cost": 1.04, "Plan Rows": 2, "Plan Width": 4, "Filter": "((kind IS NOT NULL) AND (((kind)::text = 'production companies'::text) OR ((kind)::text = 'distributors'::text)))"}]}]}, {"Node Type": "Bitmap Heap Scan", "Parent Relationship": "Inner", "Relation Name": "company_name", "Alias": "cn", "Startup Cost": 0.26, "Total Cost": 4.27, "Plan Rows": 1, "Plan Width": 4, "Recheck Cond": "(id = mc.company_id)", "Filter": "((country_code)::text = '[us]'::text)", "Plans": [{"Node Type": "Bitmap Index Scan", "Parent Relationship": "Outer", "Index Name": "company_name_pkey", "Startup Cost": 0.0, "Total Cost": 0.26, "Plan Rows": 1, "Plan Width": 0, "Index Cond": "(id = mc.company_id)"}]}]}]}, "Unique SQL Id": 1682224415}, "explain_analyze_plan": {"Plan": {"Node Type": "Aggregate", "Strategy": "Plain", "Startup Cost": 69668.79, "Total Cost": 69668.8, "Plan Rows": 1, "Plan Width": 123, "Actual Min Startup Time": 210.912, "Actual Max Startup Time": 210.912, "Actual Min Total Time": 210.912, "Actual Max Total Time": 210.912, "Actual Total Rows": 1, "Plans": [{"Node Type": "Nested Loop", "Parent Relationship": "Outer", "Join Type": "Inner", "Startup Cost": 11.05, "Total Cost": 69668.55, "Plan Rows": 48, "Plan Width": 59, "Actual Min Startup Time": 178.71, "Actual Max Startup Time": 178.71, "Actual Min Total Time": 210.852, "Actual Max Total Time": 210.852, "Actual Total Rows": 5, "Inner Unique": true, "Plans": [{"Node Type": "Hash Join", "Parent Relationship": "Outer", "Join Type": "Inner", "Startup Cost": 10.79, "Total Cost": 69248.78, "Plan Rows": 98, "Plan Width": 63, "Actual Min Startup Time": 178.682, "Actual Max Startup Time": 178.682, "Actual Min Total Time": 210.726, "Actual Max Total Time": 210.726, "Actual Total Rows": 5, "Inner Unique": true, "Hash Cond": "(mc.company_type_id = ct.id)", "Plans": [{"Node Type": "Nested Loop", "Parent Relationship": "Outer", "Join Type": "Inner", "Startup Cost": 9.72, "Total Cost": 69244.96, "Plan Rows": 220, "Plan Width": 67, "Actual Min Startup Time": 178.497, "Actual Max Startup Time": 178.497, "Actual Min Total Time": 210.553, "Actual Max Total Time": 210.553, "Actual Total Rows": 33, "Inner Unique": false, "Join Filter": "(t.id = mc.movie_id)", "Rows Removed by Join Filter": 0, "Plans": [{"Node Type": "Hash Join", "Parent Relationship": "Outer", "Join Type": "Inner", "Startup Cost": 9.45, "Total Cost": 68800.19, "Plan Rows": 103, "Plan Width": 71, "Actual Min Startup Time": 178.448, "Actual Max Startup Time": 178.448, "Actual Min Total Time": 210.435, "Actual Max Total Time": 210.435, "Actual Total Rows": 2, "Inner Unique": true, "Hash Cond": "(mi.info_type_id = it1.id)", "Plans": [{"Node Type": "Nested Loop", "Parent Relationship": "Outer", "Join Type": "Inner", "Startup Cost": 7.04, "Total Cost": 68793.38, "Plan Rows": 1659, "Plan Width": 75, "Actual Min Startup Time": 178.179, "Actual Max Startup Time": 178.179, "Actual Min Total Time": 210.297, "Actual Max Total Time": 210.297, "Actual Total Rows": 221, "Inner Unique": false, "Join Filter": "(t.id = mi.movie_id)", "Rows Removed by Join Filter": 0, "Plans": [{"Node Type": "Hash Join", "Parent Relationship": "Outer", "Join Type": "Inner", "Startup Cost": 6.58, "Total Cost": 67369.48, "Plan Rows": 311, "Plan Width": 25, "Actual Min Startup Time": 178.123, "Actual Max Startup Time": 178.123, "Actual Min Total Time": 209.871, "Actual Max Total Time": 209.871, "Actual Total Rows": 2, "Inner Unique": true, "Hash Cond": "(mi_idx.info_type_id = it2.id)", "Plans": [{"Node Type": "Nested Loop", "Parent Relationship": "Outer", "Join Type": "Inner", "Startup Cost": 4.17, "Total Cost": 67365.09, "Plan Rows": 396, "Plan Width": 29, "Actual Min Startup Time": 127.134, "Actual Max Startup Time": 127.134, "Actual Min Total Time": 209.21, "Actual Max Total Time": 209.21, "Actual Total Rows": 2645, "Inner Unique": false, "Plans": [{"Node Type": "Streaming(type: LOCAL GATHER dop: 1/64)", "Parent Relationship": "Outer", "Startup Cost": 0.0, "Total Cost": 64240.19, "Plan Rows": 258, "Plan Width": 21, "Actual Min Startup Time": 127.047, "Actual Max Startup Time": 127.047, "Actual Min Total Time": 189.573, "Actual Max Total Time": 189.573, "Actual Total Rows": 2536, "Plans": [{"Node Type": "Seq Scan", "Parent Relationship": "Outer", "Relation Name": "title", "Alias": "t", "Startup Cost": 0.0, "Total Cost": 64234.87, "Plan Rows": 258, "Plan Width": 21, "Actual Min Startup Time": 0.035, "Actual Max Startup Time": 7.255, "Actual Min Total Time": 19.36, "Actual Max Total Time": 24.008, "Actual Total Rows": 2536, "Filter": "((production_year > 2000) AND (((title)::text ~~ 'Birdemic%'::text) OR ((title)::text ~~ '%Movie%'::text)))", "Rows Removed by Filter": 2525775}]}, {"Node Type": "Bitmap Heap Scan", "Parent Relationship": "Inner", "Relation Name": "movie_info_idx", "Alias": "mi_idx", "Startup Cost": 4.17, "Total Cost": 12.09, "Plan Rows": 2, "Plan Width": 8, "Actual Min Startup Time": 15.758, "Actual Max Startup Time": 15.758, "Actual Min Total Time": 16.148, "Actual Max Total Time": 16.148, "Actual Total Rows": 2645, "Recheck Cond": "(movie_id = t.id)", "Rows Removed by Index Recheck": 0, "Exact Heap Blocks": 890, "Lossy Heap Blocks": 890, "Plans": [{"Node Type": "Bitmap Index Scan", "Parent Relationship": "Outer", "Index Name": "movie_id_movie_info_idx", "Startup Cost": 0.0, "Total Cost": 4.17, "Plan Rows": 2, "Plan Width": 0, "Actual Min Startup Time": 11.634, "Actual Max Startup Time": 11.634, "Actual Min Total Time": 11.634, "Actual Max Total Time": 11.634, "Actual Total Rows": 2645, "Index Cond": "(movie_id = t.id)"}]}]}, {"Node Type": "Hash", "Parent Relationship": "Inner", "Startup Cost": 2.4, "Total Cost": 2.4, "Plan Rows": 1, "Plan Width": 4, "Actual Min Startup Time": 0.055, "Actual Max Startup Time": 0.055, "Actual Min Total Time": 0.055, "Actual Max Total Time": 0.055, "Actual Total Rows": 1, "Max Hash Buckets": 32768, "Min Hash Buckets": 32768, "Max Hash Batches": 1, "Min Hash Batches": 1, "Max Original Hash Batches": 1, "Min Original Hash Batches": 1, "Max Peak Memory Usage": 1, "min Peak Memory Usage": 1, "Plans": [{"Node Type": "Seq Scan", "Parent Relationship": "Outer", "Relation Name": "info_type", "Alias": "it2", "Startup Cost": 0.0, "Total Cost": 2.4, "Plan Rows": 1, "Plan Width": 4, "Actual Min Startup Time": 0.048, "Actual Max Startup Time": 0.048, "Actual Min Total Time": 0.049, "Actual Max Total Time": 0.049, "Actual Total Rows": 1, "Filter": "((info)::text = 'bottom 10 rank'::text)", "Rows Removed by Filter": 111}]}]}, {"Node Type": "Bitmap Heap Scan", "Parent Relationship": "Inner", "Relation Name": "movie_info", "Alias": "mi", "Startup Cost": 0.45, "Total Cost": 4.52, "Plan Rows": 5, "Plan Width": 50, "Actual Min Startup Time": 0.074, "Actual Max Startup Time": 0.074, "Actual Min Total Time": 0.282, "Actual Max Total Time": 0.282, "Actual Total Rows": 221, "Recheck Cond": "(movie_id = mi_idx.movie_id)", "Rows Removed by Index Recheck": 0, "Exact Heap Blocks": 40, "Lossy Heap Blocks": 40, "Plans": [{"Node Type": "Bitmap Index Scan", "Parent Relationship": "Outer", "Index Name": "movie_id_movie_info", "Startup Cost": 0.0, "Total Cost": 0.45, "Plan Rows": 5, "Plan Width": 0, "Actual Min Startup Time": 0.054, "Actual Max Startup Time": 0.054, "Actual Min Total Time": 0.054, "Actual Max Total Time": 0.054, "Actual Total Rows": 221, "Index Cond": "(movie_id = mi_idx.movie_id)"}]}]}, {"Node Type": "Hash", "Parent Relationship": "Inner", "Startup Cost": 2.4, "Total Cost": 2.4, "Plan Rows": 1, "Plan Width": 4, "Actual Min Startup Time": 0.059, "Actual Max Startup Time": 0.059, "Actual Min Total Time": 0.059, "Actual Max Total Time": 0.059, "Actual Total Rows": 1, "Max Hash Buckets": 32768, "Min Hash Buckets": 32768, "Max Hash Batches": 1, "Min Hash Batches": 1, "Max Original Hash Batches": 1, "Min Original Hash Batches": 1, "Max Peak Memory Usage": 1, "min Peak Memory Usage": 1, "Plans": [{"Node Type": "Seq Scan", "Parent Relationship": "Outer", "Relation Name": "info_type", "Alias": "it1", "Startup Cost": 0.0, "Total Cost": 2.4, "Plan Rows": 1, "Plan Width": 4, "Actual Min Startup Time": 0.051, "Actual Max Startup Time": 0.051, "Actual Min Total Time": 0.054, "Actual Max Total Time": 0.054, "Actual Total Rows": 1, "Filter": "((info)::text = 'budget'::text)", "Rows Removed by Filter": 111}]}]}, {"Node Type": "Bitmap Heap Scan", "Parent Relationship": "Inner", "Relation Name": "movie_companies", "Alias": "mc", "Startup Cost": 0.27, "Total Cost": 4.29, "Plan Rows": 2, "Plan Width": 12, "Actual Min Startup Time": 0.062, "Actual Max Startup Time": 0.062, "Actual Min Total Time": 0.074, "Actual Max Total Time": 0.074, "Actual Total Rows": 33, "Recheck Cond": "(movie_id = mi.movie_id)", "Rows Removed by Index Recheck": 0, "Exact Heap Blocks": 4, "Lossy Heap Blocks": 4, "Plans": [{"Node Type": "Bitmap Index Scan", "Parent Relationship": "Outer", "Index Name": "movie_id_movie_companies", "Startup Cost": 0.0, "Total Cost": 0.27, "Plan Rows": 2, "Plan Width": 0, "Actual Min Startup Time": 0.04, "Actual Max Startup Time": 0.04, "Actual Min Total Time": 0.04, "Actual Max Total Time": 0.04, "Actual Total Rows": 33, "Index Cond": "(movie_id = mi.movie_id)"}]}]}, {"Node Type": "Hash", "Parent Relationship": "Inner", "Startup Cost": 1.04, "Total Cost": 1.04, "Plan Rows": 2, "Plan Width": 4, "Actual Min Startup Time": 0.077, "Actual Max Startup Time": 0.077, "Actual Min Total Time": 0.077, "Actual Max Total Time": 0.077, "Actual Total Rows": 1, "Max Hash Buckets": 32768, "Min Hash Buckets": 32768, "Max Hash Batches": 1, "Min Hash Batches": 1, "Max Original Hash Batches": 1, "Min Original Hash Batches": 1, "Max Peak Memory Usage": 1, "min Peak Memory Usage": 1, "Plans": [{"Node Type": "Seq Scan", "Parent Relationship": "Outer", "Relation Name": "company_type", "Alias": "ct", "Startup Cost": 0.0, "Total Cost": 1.04, "Plan Rows": 2, "Plan Width": 4, "Actual Min Startup Time": 0.054, "Actual Max Startup Time": 0.054, "Actual Min Total Time": 0.062, "Actual Max Total Time": 0.062, "Actual Total Rows": 1, "Filter": "((kind IS NOT NULL) AND (((kind)::text = 'production companies'::text) OR ((kind)::text = 'distributors'::text)))", "Rows Removed by Filter": 2}]}]}, {"Node Type": "Bitmap Heap Scan", "Parent Relationship": "Inner", "Relation Name": "company_name", "Alias": "cn", "Startup Cost": 0.26, "Total Cost": 4.27, "Plan Rows": 1, "Plan Width": 4, "Actual Min Startup Time": 0.095, "Actual Max Startup Time": 0.095, "Actual Min Total Time": 0.095, "Actual Max Total Time": 0.095, "Actual Total Rows": 5, "Recheck Cond": "(id = mc.company_id)", "Rows Removed by Index Recheck": 0, "Filter": "((country_code)::text = '[us]'::text)", "Rows Removed by Filter": 0, "Exact Heap Blocks": 5, "Lossy Heap Blocks": 5, "Plans": [{"Node Type": "Bitmap Index Scan", "Parent Relationship": "Outer", "Index Name": "company_name_pkey", "Startup Cost": 0.0, "Total Cost": 0.26, "Plan Rows": 1, "Plan Width": 0, "Actual Min Startup Time": 0.05, "Actual Max Startup Time": 0.05, "Actual Min Total Time": 0.05, "Actual Max Total Time": 0.05, "Actual Total Rows": 5, "Index Cond": "(id = mc.company_id)"}]}]}]}, "Triggers": [], "Planner Runtime": 186.452, "Total Runtime": 223.272, "Unique SQL Id": 1682224415}}, "(64, 103)": {"explain_plan": {"Plan": {"Node Type": "Aggregate", "Strategy": "Plain", "Startup Cost": 135054.09, "Total Cost": 135054.1, "Plan Rows": 1, "Plan Width": 123, "Plans": [{"Node Type": "Nested Loop", "Parent Relationship": "Outer", "Join Type": "Inner", "Startup Cost": 49673.73, "Total Cost": 135053.85, "Plan Rows": 48, "Plan Width": 59, "Inner Unique": true, "Plans": [{"Node Type": "Nested Loop", "Parent Relationship": "Outer", "Join Type": "Inner", "Startup Cost": 49673.47, "Total Cost": 134985.31, "Plan Rows": 16, "Plan Width": 63, "Inner Unique": true, "Plans": [{"Node Type": "Nested Loop", "Parent Relationship": "Outer", "Join Type": "Inner", "Startup Cost": 49673.21, "Total Cost": 134766.76, "Plan Rows": 51, "Plan Width": 67, "Inner Unique": true, "Plans": [{"Node Type": "Nested Loop", "Parent Relationship": "Outer", "Join Type": "Inner", "Startup Cost": 49672.95, "Total Cost": 134488.39, "Plan Rows": 65, "Plan Width": 71, "Inner Unique": false, "Join Filter": "(t.id = mi_idx.movie_id)", "Plans": [{"Node Type": "Hash Join", "Parent Relationship": "Outer", "Join Type": "Inner", "Startup Cost": 49672.69, "Total Cost": 134307.08, "Plan Rows": 42, "Plan Width": 79, "Inner Unique": true, "Hash Cond": "(mi.info_type_id = it1.id)", "Plans": [{"Node Type": "Nested Loop", "Parent Relationship": "Outer", "Join Type": "Inner", "Startup Cost": 49658.46, "Total Cost": 134284.94, "Plan Rows": 2989, "Plan Width": 83, "Inner Unique": false, "Join Filter": "(t.id = mi.movie_id)", "Plans": [{"Node Type": "Nested Loop", "Parent Relationship": "Outer", "Join Type": "Inner", "Startup Cost": 49658.09, "Total Cost": 131831.96, "Plan Rows": 545, "Plan Width": 33, "Inner Unique": false, "Plans": [{"Node Type": "Bitmap Heap Scan", "Parent Relationship": "Outer", "Relation Name": "title", "Alias": "t", "Startup Cost": 49653.87, "Total Cost": 128685.31, "Plan Rows": 258, "Plan Width": 21, "Filter": "((production_year > 2000) AND (((title)::text ~~ 'Birdemic%'::text) OR ((title)::text ~~ '%Movie%'::text)))", "Plans": [{"Node Type": "Bitmap Index Scan", "Parent Relationship": "Outer", "Index Name": "title_pkey", "Startup Cost": 0.0, "Total Cost": 49653.81, "Plan Rows": 2528311, "Plan Width": 0}]}, {"Node Type": "Bitmap Heap Scan", "Parent Relationship": "Inner", "Relation Name": "movie_companies", "Alias": "mc", "Startup Cost": 4.22, "Total Cost": 12.18, "Plan Rows": 2, "Plan Width": 12, "Recheck Cond": "(movie_id = t.id)", "Plans": [{"Node Type": "Bitmap Index Scan", "Parent Relationship": "Outer", "Index Name": "movie_id_movie_companies", "Startup Cost": 0.0, "Total Cost": 4.22, "Plan Rows": 2, "Plan Width": 0, "Index Cond": "(movie_id = t.id)"}]}]}, {"Node Type": "Bitmap Heap Scan", "Parent Relationship": "Inner", "Relation Name": "movie_info", "Alias": "mi", "Startup Cost": 0.38, "Total Cost": 4.44, "Plan Rows": 5, "Plan Width": 50, "Recheck Cond": "(movie_id = mc.movie_id)", "Plans": [{"Node Type": "Bitmap Index Scan", "Parent Relationship": "Outer", "Index Name": "movie_id_movie_info", "Startup Cost": 0.0, "Total Cost": 0.37, "Plan Rows": 5, "Plan Width": 0, "Index Cond": "(movie_id = mc.movie_id)"}]}]}, {"Node Type": "Hash", "Parent Relationship": "Inner", "Startup Cost": 14.21, "Total Cost": 14.21, "Plan Rows": 1, "Plan Width": 4, "Plans": [{"Node Type": "Bitmap Heap Scan", "Parent Relationship": "Outer", "Relation Name": "info_type", "Alias": "it1", "Startup Cost": 8.81, "Total Cost": 14.21, "Plan Rows": 1, "Plan Width": 4, "Filter": "((info)::text = 'budget'::text)", "Plans": [{"Node Type": "Bitmap Index Scan", "Parent Relationship": "Outer", "Index Name": "info_type_pkey", "Startup Cost": 0.0, "Total Cost": 8.81, "Plan Rows": 112, "Plan Width": 0}]}]}]}, {"Node Type": "Bitmap Heap Scan", "Parent Relationship": "Inner", "Relation Name": "movie_info_idx", "Alias": "mi_idx", "Startup Cost": 0.27, "Total Cost": 4.29, "Plan Rows": 2, "Plan Width": 8, "Recheck Cond": "(movie_id = mi.movie_id)", "Plans": [{"Node Type": "Bitmap Index Scan", "Parent Relationship": "Outer", "Index Name": "movie_id_movie_info_idx", "Startup Cost": 0.0, "Total Cost": 0.27, "Plan Rows": 2, "Plan Width": 0, "Index Cond": "(movie_id = mi.movie_id)"}]}]}, {"Node Type": "Bitmap Heap Scan", "Parent Relationship": "Inner", "Relation Name": "info_type", "Alias": "it2", "Startup Cost": 0.26, "Total Cost": 4.27, "Plan Rows": 1, "Plan Width": 4, "Recheck Cond": "(id = mi_idx.info_type_id)", "Filter": "((info)::text = 'bottom 10 rank'::text)", "Plans": [{"Node Type": "Bitmap Index Scan", "Parent Relationship": "Outer", "Index Name": "info_type_pkey", "Startup Cost": 0.0, "Total Cost": 0.26, "Plan Rows": 1, "Plan Width": 0, "Index Cond": "(id = mi_idx.info_type_id)"}]}]}, {"Node Type": "Bitmap Heap Scan", "Parent Relationship": "Inner", "Relation Name": "company_type", "Alias": "ct", "Startup Cost": 0.26, "Total Cost": 4.28, "Plan Rows": 1, "Plan Width": 4, "Recheck Cond": "(id = mc.company_type_id)", "Filter": "((kind IS NOT NULL) AND (((kind)::text = 'production companies'::text) OR ((kind)::text = 'distributors'::text)))", "Plans": [{"Node Type": "Bitmap Index Scan", "Parent Relationship": "Outer", "Index Name": "company_type_pkey", "Startup Cost": 0.0, "Total Cost": 0.26, "Plan Rows": 1, "Plan Width": 0, "Index Cond": "(id = mc.company_type_id)"}]}]}, {"Node Type": "Bitmap Heap Scan", "Parent Relationship": "Inner", "Relation Name": "company_name", "Alias": "cn", "Startup Cost": 0.26, "Total Cost": 4.27, "Plan Rows": 1, "Plan Width": 4, "Recheck Cond": "(id = mc.company_id)", "Filter": "((country_code)::text = '[us]'::text)", "Plans": [{"Node Type": "Bitmap Index Scan", "Parent Relationship": "Outer", "Index Name": "company_name_pkey", "Startup Cost": 0.0, "Total Cost": 0.26, "Plan Rows": 1, "Plan Width": 0, "Index Cond": "(id = mc.company_id)"}]}]}]}, "Unique SQL Id": 1682224415}, "explain_analyze_plan": null}, "(64, 104)": {"explain_plan": {"Plan": {"Node Type": "Aggregate", "Strategy": "Plain", "Startup Cost": 67175.48, "Total Cost": 67175.49, "Plan Rows": 1, "Plan Width": 123, "Plans": [{"Node Type": "Nested Loop", "Parent Relationship": "Outer", "Join Type": "Inner", "Startup Cost": 0.0, "Total Cost": 67175.46, "Plan Rows": 4, "Plan Width": 59, "Inner Unique": true, "Plans": [{"Node Type": "Nested Loop", "Parent Relationship": "Outer", "Join Type": "Inner", "Startup Cost": 0.0, "Total Cost": 67173.45, "Plan Rows": 7, "Plan Width": 63, "Inner Unique": true, "Plans": [{"Node Type": "Nested Loop", "Parent Relationship": "Outer", "Join Type": "Inner", "Startup Cost": 0.0, "Total Cost": 67158.92, "Plan Rows": 51, "Plan Width": 67, "Inner Unique": true, "Plans": [{"Node Type": "Nested Loop", "Parent Relationship": "Outer", "Join Type": "Inner", "Startup Cost": 0.0, "Total Cost": 66726.41, "Plan Rows": 1531, "Plan Width": 71, "Inner Unique": false, "Join Filter": "(t.id = mi.movie_id)", "Plans": [{"Node Type": "Nested Loop", "Parent Relationship": "Outer", "Join Type": "Inner", "Startup Cost": 0.0, "Total Cost": 66573.75, "Plan Rows": 210, "Plan Width": 37, "Inner Unique": false, "Join Filter": "(t.id = mc.movie_id)", "Plans": [{"Node Type": "Nested Loop", "Parent Relationship": "Outer", "Join Type": "Inner", "Startup Cost": 0.0, "Total Cost": 66452.98, "Plan Rows": 311, "Plan Width": 25, "Inner Unique": true, "Plans": [{"Node Type": "Nested Loop", "Parent Relationship": "Outer", "Join Type": "Inner", "Startup Cost": 0.0, "Total Cost": 66341.1, "Plan Rows": 396, "Plan Width": 29, "Inner Unique": false, "Plans": [{"Node Type": "Streaming(type: LOCAL GATHER dop: 1/64)", "Parent Relationship": "Outer", "Startup Cost": 0.0, "Total Cost": 64240.19, "Plan Rows": 258, "Plan Width": 21, "Plans": [{"Node Type": "Seq Scan", "Parent Relationship": "Outer", "Relation Name": "title", "Alias": "t", "Startup Cost": 0.0, "Total Cost": 64234.87, "Plan Rows": 258, "Plan Width": 21, "Filter": "((production_year > 2000) AND (((title)::text ~~ 'Birdemic%'::text) OR ((title)::text ~~ '%Movie%'::text)))"}]}, {"Node Type": "Index Scan", "Parent Relationship": "Inner", "Scan Direction": "Forward", "Index Name": "movie_id_movie_info_idx", "Relation Name": "movie_info_idx", "Alias": "mi_idx", "Startup Cost": 0.0, "Total Cost": 8.12, "Plan Rows": 2, "Plan Width": 8, "Index Cond": "(movie_id = t.id)"}]}, {"Node Type": "Index Scan", "Parent Relationship": "Inner", "Scan Direction": "Forward", "Index Name": "info_type_pkey", "Relation Name": "info_type", "Alias": "it2", "Startup Cost": 0.0, "Total Cost": 0.27, "Plan Rows": 1, "Plan Width": 4, "Index Cond": "(id = mi_idx.info_type_id)", "Filter": "((info)::text = 'bottom 10 rank'::text)"}]}, {"Node Type": "Index Scan", "Parent Relationship": "Inner", "Scan Direction": "Forward", "Index Name": "movie_id_movie_companies", "Relation Name": "movie_companies", "Alias": "mc", "Startup Cost": 0.0, "Total Cost": 0.36, "Plan Rows": 2, "Plan Width": 12, "Index Cond": "(movie_id = mi_idx.movie_id)"}]}, {"Node Type": "Index Scan", "Parent Relationship": "Inner", "Scan Direction": "Forward", "Index Name": "movie_id_movie_info", "Relation Name": "movie_info", "Alias": "mi", "Startup Cost": 0.0, "Total Cost": 0.66, "Plan Rows": 5, "Plan Width": 50, "Index Cond": "(movie_id = mc.movie_id)"}]}, {"Node Type": "Index Scan", "Parent Relationship": "Inner", "Scan Direction": "Forward", "Index Name": "info_type_pkey", "Relation Name": "info_type", "Alias": "it1", "Startup Cost": 0.0, "Total Cost": 0.27, "Plan Rows": 1, "Plan Width": 4, "Index Cond": "(id = mi.info_type_id)", "Filter": "((info)::text = 'budget'::text)"}]}, {"Node Type": "Index Scan", "Parent Relationship": "Inner", "Scan Direction": "Forward", "Index Name": "company_type_pkey", "Relation Name": "company_type", "Alias": "ct", "Startup Cost": 0.0, "Total Cost": 0.28, "Plan Rows": 1, "Plan Width": 4, "Index Cond": "(id = mc.company_type_id)", "Filter": "((kind IS NOT NULL) AND (((kind)::text = 'production companies'::text) OR ((kind)::text = 'distributors'::text)))"}]}, {"Node Type": "Index Scan", "Parent Relationship": "Inner", "Scan Direction": "Forward", "Index Name": "company_name_pkey", "Relation Name": "company_name", "Alias": "cn", "Startup Cost": 0.0, "Total Cost": 0.28, "Plan Rows": 1, "Plan Width": 4, "Index Cond": "(id = mc.company_id)", "Filter": "((country_code)::text = '[us]'::text)"}]}]}, "Unique SQL Id": 1682224415}, "explain_analyze_plan": {"Plan": {"Node Type": "Aggregate", "Strategy": "Plain", "Startup Cost": 67175.48, "Total Cost": 67175.49, "Plan Rows": 1, "Plan Width": 123, "Actual Min Startup Time": 225.301, "Actual Max Startup Time": 225.301, "Actual Min Total Time": 225.302, "Actual Max Total Time": 225.302, "Actual Total Rows": 1, "Plans": [{"Node Type": "Nested Loop", "Parent Relationship": "Outer", "Join Type": "Inner", "Startup Cost": 0.0, "Total Cost": 67175.46, "Plan Rows": 4, "Plan Width": 59, "Actual Min Startup Time": 129.062, "Actual Max Startup Time": 129.062, "Actual Min Total Time": 225.259, "Actual Max Total Time": 225.259, "Actual Total Rows": 5, "Inner Unique": true, "Plans": [{"Node Type": "Nested Loop", "Parent Relationship": "Outer", "Join Type": "Inner", "Startup Cost": 0.0, "Total Cost": 67173.45, "Plan Rows": 7, "Plan Width": 63, "Actual Min Startup Time": 129.039, "Actual Max Startup Time": 129.039, "Actual Min Total Time": 225.183, "Actual Max Total Time": 225.183, "Actual Total Rows": 5, "Inner Unique": true, "Plans": [{"Node Type": "Nested Loop", "Parent Relationship": "Outer", "Join Type": "Inner", "Startup Cost": 0.0, "Total Cost": 67158.92, "Plan Rows": 51, "Plan Width": 67, "Actual Min Startup Time": 128.436, "Actual Max Startup Time": 128.436, "Actual Min Total Time": 225.11, "Actual Max Total Time": 225.11, "Actual Total Rows": 33, "Inner Unique": true, "Plans": [{"Node Type": "Nested Loop", "Parent Relationship": "Outer", "Join Type": "Inner", "Startup Cost": 0.0, "Total Cost": 66726.41, "Plan Rows": 1531, "Plan Width": 71, "Actual Min Startup Time": 128.255, "Actual Max Startup Time": 128.255, "Actual Min Total Time": 214.055, "Actual Max Total Time": 214.055, "Actual Total Rows": 4959, "Inner Unique": false, "Join Filter": "(t.id = mi.movie_id)", "Rows Removed by Join Filter": 0, "Plans": [{"Node Type": "Nested Loop", "Parent Relationship": "Outer", "Join Type": "Inner", "Startup Cost": 0.0, "Total Cost": 66573.75, "Plan Rows": 210, "Plan Width": 37, "Actual Min Startup Time": 128.228, "Actual Max Startup Time": 128.228, "Actual Min Total Time": 209.5, "Actual Max Total Time": 209.5, "Actual Total Rows": 33, "Inner Unique": false, "Join Filter": "(t.id = mc.movie_id)", "Rows Removed by Join Filter": 0, "Plans": [{"Node Type": "Nested Loop", "Parent Relationship": "Outer", "Join Type": "Inner", "Startup Cost": 0.0, "Total Cost": 66452.98, "Plan Rows": 311, "Plan Width": 25, "Actual Min Startup Time": 128.201, "Actual Max Startup Time": 128.201, "Actual Min Total Time": 209.41, "Actual Max Total Time": 209.41, "Actual Total Rows": 2, "Inner Unique": true, "Plans": [{"Node Type": "Nested Loop", "Parent Relationship": "Outer", "Join Type": "Inner", "Startup Cost": 0.0, "Total Cost": 66341.1, "Plan Rows": 396, "Plan Width": 29, "Actual Min Startup Time": 115.365, "Actual Max Startup Time": 115.365, "Actual Min Total Time": 196.159, "Actual Max Total Time": 196.159, "Actual Total Rows": 2645, "Inner Unique": false, "Plans": [{"Node Type": "Streaming(type: LOCAL GATHER dop: 1/64)", "Parent Relationship": "Outer", "Startup Cost": 0.0, "Total Cost": 64240.19, "Plan Rows": 258, "Plan Width": 21, "Actual Min Startup Time": 115.277, "Actual Max Startup Time": 115.277, "Actual Min Total Time": 181.034, "Actual Max Total Time": 181.034, "Actual Total Rows": 2536, "Plans": [{"Node Type": "Seq Scan", "Parent Relationship": "Outer", "Relation Name": "title", "Alias": "t", "Startup Cost": 0.0, "Total Cost": 64234.87, "Plan Rows": 258, "Plan Width": 21, "Actual Min Startup Time": 0.033, "Actual Max Startup Time": 7.255, "Actual Min Total Time": 19.166, "Actual Max Total Time": 39.62, "Actual Total Rows": 2536, "Filter": "((production_year > 2000) AND (((title)::text ~~ 'Birdemic%'::text) OR ((title)::text ~~ '%Movie%'::text)))", "Rows Removed by Filter": 2525775}]}, {"Node Type": "Index Scan", "Parent Relationship": "Inner", "Scan Direction": "Forward", "Index Name": "movie_id_movie_info_idx", "Relation Name": "movie_info_idx", "Alias": "mi_idx", "Startup Cost": 0.0, "Total Cost": 8.12, "Plan Rows": 2, "Plan Width": 8, "Actual Min Startup Time": 12.228, "Actual Max Startup Time": 12.228, "Actual Min Total Time": 13.197, "Actual Max Total Time": 13.197, "Actual Total Rows": 2645, "Index Cond": "(movie_id = t.id)", "Rows Removed by Index Recheck": 0}]}, {"Node Type": "Index Scan", "Parent Relationship": "Inner", "Scan Direction": "Forward", "Index Name": "info_type_pkey", "Relation Name": "info_type", "Alias": "it2", "Startup Cost": 0.0, "Total Cost": 0.27, "Plan Rows": 1, "Plan Width": 4, "Actual Min Startup Time": 12.051, "Actual Max Startup Time": 12.051, "Actual Min Total Time": 12.051, "Actual Max Total Time": 12.051, "Actual Total Rows": 2, "Index Cond": "(id = mi_idx.info_type_id)", "Rows Removed by Index Recheck": 0, "Filter": "((info)::text = 'bottom 10 rank'::text)", "Rows Removed by Filter": 2643}]}, {"Node Type": "Index Scan", "Parent Relationship": "Inner", "Scan Direction": "Forward", "Index Name": "movie_id_movie_companies", "Relation Name": "movie_companies", "Alias": "mc", "Startup Cost": 0.0, "Total Cost": 0.36, "Plan Rows": 2, "Plan Width": 12, "Actual Min Startup Time": 0.038, "Actual Max Startup Time": 0.038, "Actual Min Total Time": 0.059, "Actual Max Total Time": 0.059, "Actual Total Rows": 33, "Index Cond": "(movie_id = mi_idx.movie_id)", "Rows Removed by Index Recheck": 0}]}, {"Node Type": "Index Scan", "Parent Relationship": "Inner", "Scan Direction": "Forward", "Index Name": "movie_id_movie_info", "Relation Name": "movie_info", "Alias": "mi", "Startup Cost": 0.0, "Total Cost": 0.66, "Plan Rows": 5, "Plan Width": 50, "Actual Min Startup Time": 0.512, "Actual Max Startup Time": 0.512, "Actual Min Total Time": 2.769, "Actual Max Total Time": 2.769, "Actual Total Rows": 4959, "Index Cond": "(movie_id = mc.movie_id)", "Rows Removed by Index Recheck": 0}]}, {"Node Type": "Index Scan", "Parent Relationship": "Inner", "Scan Direction": "Forward", "Index Name": "info_type_pkey", "Relation Name": "info_type", "Alias": "it1", "Startup Cost": 0.0, "Total Cost": 0.27, "Plan Rows": 1, "Plan Width": 4, "Actual Min Startup Time": 8.77, "Actual Max Startup Time": 8.77, "Actual Min Total Time": 8.77, "Actual Max Total Time": 8.77, "Actual Total Rows": 33, "Index Cond": "(id = mi.info_type_id)", "Rows Removed by Index Recheck": 0, "Filter": "((info)::text = 'budget'::text)", "Rows Removed by Filter": 4864}]}, {"Node Type": "Index Scan", "Parent Relationship": "Inner", "Scan Direction": "Forward", "Index Name": "company_type_pkey", "Relation Name": "company_type", "Alias": "ct", "Startup Cost": 0.0, "Total Cost": 0.28, "Plan Rows": 1, "Plan Width": 4, "Actual Min Startup Time": 0.05, "Actual Max Startup Time": 0.05, "Actual Min Total Time": 0.05, "Actual Max Total Time": 0.05, "Actual Total Rows": 5, "Index Cond": "(id = mc.company_type_id)", "Rows Removed by Index Recheck": 0, "Filter": "((kind IS NOT NULL) AND (((kind)::text = 'production companies'::text) OR ((kind)::text = 'distributors'::text)))", "Rows Removed by Filter": 0}]}, {"Node Type": "Index Scan", "Parent Relationship": "Inner", "Scan Direction": "Forward", "Index Name": "company_name_pkey", "Relation Name": "company_name", "Alias": "cn", "Startup Cost": 0.0, "Total Cost": 0.28, "Plan Rows": 1, "Plan Width": 4, "Actual Min Startup Time": 0.063, "Actual Max Startup Time": 0.063, "Actual Min Total Time": 0.063, "Actual Max Total Time": 0.063, "Actual Total Rows": 5, "Index Cond": "(id = mc.company_id)", "Rows Removed by Index Recheck": 0, "Filter": "((country_code)::text = '[us]'::text)", "Rows Removed by Filter": 0}]}]}, "Triggers": [], "Planner Runtime": 189.988, "Total Runtime": 237.894, "Unique SQL Id": 1682224415}}, "(64, 105)": {"explain_plan": {"Plan": {"Node Type": "Aggregate", "Strategy": "Plain", "Startup Cost": 131883.54, "Total Cost": 131883.55, "Plan Rows": 1, "Plan Width": 123, "Plans": [{"Node Type": "Nested Loop", "Parent Relationship": "Outer", "Join Type": "Inner", "Startup Cost": 0.0, "Total Cost": 131883.3, "Plan Rows": 48, "Plan Width": 59, "Inner Unique": true, "Plans": [{"Node Type": "Nested Loop", "Parent Relationship": "Outer", "Join Type": "Inner", "Startup Cost": 0.0, "Total Cost": 131869.62, "Plan Rows": 48, "Plan Width": 63, "Inner Unique": true, "Plans": [{"Node Type": "Nested Loop", "Parent Relationship": "Outer", "Join Type": "Inner", "Startup Cost": 0.0, "Total Cost": 131799.56, "Plan Rows": 248, "Plan Width": 67, "Inner Unique": false, "Join Filter": "(t.id = mi.movie_id)", "Plans": [{"Node Type": "Nested Loop", "Parent Relationship": "Outer", "Join Type": "Inner", "Startup Cost": 0.0, "Total Cost": 131476.79, "Plan Rows": 444, "Plan Width": 33, "Inner Unique": true, "Plans": [{"Node Type": "Nested Loop", "Parent Relationship": "Outer", "Join Type": "Inner", "Startup Cost": 0.0, "Total Cost": 131416.38, "Plan Rows": 210, "Plan Width": 37, "Inner Unique": false, "Join Filter": "(t.id = mc.movie_id)", "Plans": [{"Node Type": "Nested Loop", "Parent Relationship": "Outer", "Join Type": "Inner", "Startup Cost": 0.0, "Total Cost": 131295.61, "Plan Rows": 311, "Plan Width": 25, "Inner Unique": true, "Plans": [{"Node Type": "Nested Loop", "Parent Relationship": "Outer", "Join Type": "Inner", "Startup Cost": 0.0, "Total Cost": 131183.74, "Plan Rows": 396, "Plan Width": 29, "Inner Unique": false, "Plans": [{"Node Type": "Index Scan", "Parent Relationship": "Outer", "Scan Direction": "Forward", "Index Name": "title_pkey", "Relation Name": "title", "Alias": "t", "Startup Cost": 0.0, "Total Cost": 129082.82, "Plan Rows": 258, "Plan Width": 21, "Filter": "((production_year > 2000) AND (((title)::text ~~ 'Birdemic%'::text) OR ((title)::text ~~ '%Movie%'::text)))"}, {"Node Type": "Index Scan", "Parent Relationship": "Inner", "Scan Direction": "Forward", "Index Name": "movie_id_movie_info_idx", "Relation Name": "movie_info_idx", "Alias": "mi_idx", "Startup Cost": 0.0, "Total Cost": 8.12, "Plan Rows": 2, "Plan Width": 8, "Index Cond": "(movie_id = t.id)"}]}, {"Node Type": "Index Scan", "Parent Relationship": "Inner", "Scan Direction": "Forward", "Index Name": "info_type_pkey", "Relation Name": "info_type", "Alias": "it2", "Startup Cost": 0.0, "Total Cost": 0.27, "Plan Rows": 1, "Plan Width": 4, "Index Cond": "(id = mi_idx.info_type_id)", "Filter": "((info)::text = 'bottom 10 rank'::text)"}]}, {"Node Type": "Index Scan", "Parent Relationship": "Inner", "Scan Direction": "Forward", "Index Name": "movie_id_movie_companies", "Relation Name": "movie_companies", "Alias": "mc", "Startup Cost": 0.0, "Total Cost": 0.36, "Plan Rows": 2, "Plan Width": 12, "Index Cond": "(movie_id = mi_idx.movie_id)"}]}, {"Node Type": "Index Scan", "Parent Relationship": "Inner", "Scan Direction": "Forward", "Index Name": "company_name_pkey", "Relation Name": "company_name", "Alias": "cn", "Startup Cost": 0.0, "Total Cost": 0.28, "Plan Rows": 1, "Plan Width": 4, "Index Cond": "(id = mc.company_id)", "Filter": "((country_code)::text = '[us]'::text)"}]}, {"Node Type": "Index Scan", "Parent Relationship": "Inner", "Scan Direction": "Forward", "Index Name": "movie_id_movie_info", "Relation Name": "movie_info", "Alias": "mi", "Startup Cost": 0.0, "Total Cost": 0.66, "Plan Rows": 5, "Plan Width": 50, "Index Cond": "(movie_id = mc.movie_id)"}]}, {"Node Type": "Index Scan", "Parent Relationship": "Inner", "Scan Direction": "Forward", "Index Name": "info_type_pkey", "Relation Name": "info_type", "Alias": "it1", "Startup Cost": 0.0, "Total Cost": 0.27, "Plan Rows": 1, "Plan Width": 4, "Index Cond": "(id = mi.info_type_id)", "Filter": "((info)::text = 'budget'::text)"}]}, {"Node Type": "Index Scan", "Parent Relationship": "Inner", "Scan Direction": "Forward", "Index Name": "company_type_pkey", "Relation Name": "company_type", "Alias": "ct", "Startup Cost": 0.0, "Total Cost": 0.28, "Plan Rows": 1, "Plan Width": 4, "Index Cond": "(id = mc.company_type_id)", "Filter": "((kind IS NOT NULL) AND (((kind)::text = 'production companies'::text) OR ((kind)::text = 'distributors'::text)))"}]}]}, "Unique SQL Id": 1682224415}, "explain_analyze_plan": null}, "(64, 106)": {"explain_plan": {"Plan": {"Node Type": "Aggregate", "Strategy": "Plain", "Startup Cost": 229742.27, "Total Cost": 229742.28, "Plan Rows": 1, "Plan Width": 123, "Plans": [{"Node Type": "Hash Join", "Parent Relationship": "Outer", "Join Type": "Inner", "Startup Cost": 138217.97, "Total Cost": 229742.03, "Plan Rows": 48, "Plan Width": 59, "Inner Unique": true, "Hash Cond": "(mc.company_type_id = ct.id)", "Plans": [{"Node Type": "Hash Join", "Parent Relationship": "Outer", "Join Type": "Inner", "Startup Cost": 138216.9, "Total Cost": 229740.3, "Plan Rows": 48, "Plan Width": 63, "Inner Unique": true, "Hash Cond": "(mi_idx.info_type_id = it2.id)", "Plans": [{"Node Type": "Hash Join", "Parent Relationship": "Outer", "Join Type": "Inner", "Startup Cost": 138214.48, "Total Cost": 229736.85, "Plan Rows": 193, "Plan Width": 67, "Inner Unique": true, "Hash Cond": "(mi.info_type_id = it1.id)", "Plans": [{"Node Type": "Hash Join", "Parent Relationship": "Outer", "Join Type": "Inner", "Startup Cost": 138212.07, "Total Cost": 229723.13, "Plan Rows": 3899, "Plan Width": 71, "Inner Unique": true, "Hash Cond": "(mc.company_id = cn.id)", "Plans": [{"Node Type": "Streaming(type: LOCAL GATHER dop: 1/64)", "Parent Relationship": "Outer", "Startup Cost": 135671.58, "Total Cost": 227109.8, "Plan Rows": 4648, "Plan Width": 75, "Plans": [{"Node Type": "Hash Join", "Parent Relationship": "Outer", "Join Type": "Inner", "Startup Cost": 135671.58, "Total Cost": 227013.91, "Plan Rows": 4648, "Plan Width": 75, "Inner Unique": false, "Hash Cond": "(t.id = mi.movie_id)", "Plans": [{"Node Type": "Streaming(type: BROADCAST dop: 64/1)", "Parent Relationship": "Outer", "Startup Cost": 115857.19, "Total Cost": 207150.46, "Plan Rows": 53824, "Plan Width": 41, "Plans": [{"Node Type": "Hash Join", "Parent Relationship": "Outer", "Join Type": "Inner", "Startup Cost": 115857.19, "Total Cost": 143040.08, "Plan Rows": 841, "Plan Width": 41, "Inner Unique": false, "Hash Cond": "(mi_idx.movie_id = t.id)", "Plans": [{"Node Type": "Seq Scan", "Parent Relationship": "Outer", "Relation Name": "movie_info_idx", "Alias": "mi_idx", "Startup Cost": 0.0, "Total Cost": 20274.34, "Plan Rows": 1380034, "Plan Width": 8}, {"Node Type": "Hash", "Parent Relationship": "Inner", "Startup Cost": 115850.37, "Total Cost": 115850.37, "Plan Rows": 545, "Plan Width": 33, "Plans": [{"Node Type": "Hash Join", "Parent Relationship": "Outer", "Join Type": "Inner", "Startup Cost": 64243.41, "Total Cost": 115850.37, "Plan Rows": 545, "Plan Width": 33, "Inner Unique": true, "Hash Cond": "(mc.movie_id = t.id)", "Plans": [{"Node Type": "Seq Scan", "Parent Relationship": "Outer", "Relation Name": "movie_companies", "Alias": "mc", "Startup Cost": 0.0, "Total Cost": 41817.28, "Plan Rows": 2609128, "Plan Width": 12}, {"Node Type": "Hash", "Parent Relationship": "Inner", "Startup Cost": 64240.19, "Total Cost": 64240.19, "Plan Rows": 258, "Plan Width": 21, "Plans": [{"Node Type": "Streaming(type: LOCAL GATHER dop: 1/64)", "Parent Relationship": "Outer", "Startup Cost": 0.0, "Total Cost": 64240.19, "Plan Rows": 258, "Plan Width": 21, "Plans": [{"Node Type": "Seq Scan", "Parent Relationship": "Outer", "Relation Name": "title", "Alias": "t", "Startup Cost": 0.0, "Total Cost": 64234.87, "Plan Rows": 258, "Plan Width": 21, "Filter": "((production_year > 2000) AND (((title)::text ~~ 'Birdemic%'::text) OR ((title)::text ~~ '%Movie%'::text)))"}]}]}]}]}]}]}, {"Node Type": "Hash", "Parent Relationship": "Inner", "Startup Cost": 67640.43, "Total Cost": 67640.43, "Plan Rows": 14869966, "Plan Width": 50, "Plans": [{"Node Type": "Seq Scan", "Parent Relationship": "Outer", "Relation Name": "movie_info", "Alias": "mi", "Startup Cost": 0.0, "Total Cost": 67640.43, "Plan Rows": 14869966, "Plan Width": 50}]}]}]}, {"Node Type": "Hash", "Parent Relationship": "Inner", "Startup Cost": 5903.45, "Total Cost": 5903.45, "Plan Rows": 85170, "Plan Width": 4, "Plans": [{"Node Type": "Seq Scan", "Parent Relationship": "Outer", "Relation Name": "company_name", "Alias": "cn", "Startup Cost": 0.0, "Total Cost": 5903.45, "Plan Rows": 85170, "Plan Width": 4, "Filter": "((country_code)::text = '[us]'::text)"}]}]}, {"Node Type": "Hash", "Parent Relationship": "Inner", "Startup Cost": 2.4, "Total Cost": 2.4, "Plan Rows": 1, "Plan Width": 4, "Plans": [{"Node Type": "Seq Scan", "Parent Relationship": "Outer", "Relation Name": "info_type", "Alias": "it1", "Startup Cost": 0.0, "Total Cost": 2.4, "Plan Rows": 1, "Plan Width": 4, "Filter": "((info)::text = 'budget'::text)"}]}]}, {"Node Type": "Hash", "Parent Relationship": "Inner", "Startup Cost": 2.4, "Total Cost": 2.4, "Plan Rows": 1, "Plan Width": 4, "Plans": [{"Node Type": "Seq Scan", "Parent Relationship": "Outer", "Relation Name": "info_type", "Alias": "it2", "Startup Cost": 0.0, "Total Cost": 2.4, "Plan Rows": 1, "Plan Width": 4, "Filter": "((info)::text = 'bottom 10 rank'::text)"}]}]}, {"Node Type": "Hash", "Parent Relationship": "Inner", "Startup Cost": 1.04, "Total Cost": 1.04, "Plan Rows": 2, "Plan Width": 4, "Plans": [{"Node Type": "Seq Scan", "Parent Relationship": "Outer", "Relation Name": "company_type", "Alias": "ct", "Startup Cost": 0.0, "Total Cost": 1.04, "Plan Rows": 2, "Plan Width": 4, "Filter": "((kind IS NOT NULL) AND (((kind)::text = 'production companies'::text) OR ((kind)::text = 'distributors'::text)))"}]}]}]}, "Unique SQL Id": 1682224415}, "explain_analyze_plan": null}, "(64, 107)": {"explain_plan": {"Plan": {"Node Type": "Aggregate", "Strategy": "Plain", "Startup Cost": 8000041469269.61, "Total Cost": 8000041469269.62, "Plan Rows": 1, "Plan Width": 123, "Plans": [{"Node Type": "Hash Join", "Parent Relationship": "Outer", "Join Type": "Inner", "Startup Cost": 6020025129105.15, "Total Cost": 8000041469269.37, "Plan Rows": 48, "Plan Width": 59, "Inner Unique": true, "Hash Cond": "(mc.company_type_id = ct.id)", "Plans": [{"Node Type": "Hash Join", "Parent Relationship": "Outer", "Join Type": "Inner", "Startup Cost": 5020025127874.12, "Total Cost": 7000041468037.68, "Plan Rows": 48, "Plan Width": 63, "Inner Unique": true, "Hash Cond": "(mc.company_id = cn.id)", "Plans": [{"Node Type": "Hash Join", "Parent Relationship": "Outer", "Join Type": "Inner", "Startup Cost": 4020024076670.53, "Total Cost": 6000040416830.64, "Plan Rows": 220, "Plan Width": 67, "Inner Unique": false, "Hash Cond": "(mi.movie_id = t.id)", "Plans": [{"Node Type": "Nested Loop", "Parent Relationship": "Outer", "Join Type": "Inner", "Startup Cost": 20000004894.57, "Total Cost": 2000016343720.19, "Plan Rows": 212428, "Plan Width": 46, "Inner Unique": false, "Plans": [{"Node Type": "Index Scan", "Parent Relationship": "Outer", "Scan Direction": "Forward", "Index Name": "info_type_pkey", "Relation Name": "info_type", "Alias": "it1", "Startup Cost": 10000000000.0, "Total Cost": 1000000001421.0, "Plan Rows": 1, "Plan Width": 4, "Filter": "((info)::text = 'budget'::text)"}, {"Node Type": "Bitmap Heap Scan", "Parent Relationship": "Inner", "Relation Name": "movie_info", "Alias": "mi", "Startup Cost": 10000004894.57, "Total Cost": 1000016340174.91, "Plan Rows": 212428, "Plan Width": 50, "Recheck Cond": "(info_type_id = it1.id), (LLVM Optimized)", "Plans": [{"Node Type": "Bitmap Index Scan", "Parent Relationship": "Outer", "Index Name": "info_type_id_movie_info", "Startup Cost": 0.0, "Total Cost": 4841.46, "Plan Rows": 212428, "Plan Width": 0, "Index Cond": "(info_type_id = it1.id)"}]}]}, {"Node Type": "Hash", "Parent Relationship": "Inner", "Startup Cost": 4000024071767.76, "Total Cost": 4000024071767.76, "Plan Rows": 656, "Plan Width": 37, "Plans": [{"Node Type": "Hash Join", "Parent Relationship": "Outer", "Join Type": "Inner", "Startup Cost": 2020022243800.94, "Total Cost": 4000024071767.76, "Plan Rows": 656, "Plan Width": 37, "Inner Unique": false, "Hash Cond": "(mi_idx.movie_id = t.id)", "Plans": [{"Node Type": "Nested Loop", "Parent Relationship": "Outer", "Join Type": "Inner", "Startup Cost": 20000007502.06, "Total Cost": 2000001833737.28, "Plan Rows": 345008, "Plan Width": 4, "Inner Unique": false, "Plans": [{"Node Type": "Index Scan", "Parent Relationship": "Outer", "Scan Direction": "Forward", "Index Name": "info_type_pkey", "Relation Name": "info_type", "Alias": "it2", "Startup Cost": 10000000000.0, "Total Cost": 1000000001421.0, "Plan Rows": 1, "Plan Width": 4, "Filter": "((info)::text = 'bottom 10 rank'::text)"}, {"Node Type": "Bitmap Heap Scan", "Parent Relationship": "Inner", "Relation Name": "movie_info_idx", "Alias": "mi_idx", "Startup Cost": 10000007502.06, "Total Cost": 1000001828866.2, "Plan Rows": 345008, "Plan Width": 8, "Recheck Cond": "(info_type_id = it2.id), (LLVM Optimized)", "Plans": [{"Node Type": "Bitmap Index Scan", "Parent Relationship": "Outer", "Index Name": "info_type_id_movie_info_idx", "Startup Cost": 0.0, "Total Cost": 7415.81, "Plan Rows": 345008, "Plan Width": 0, "Index Cond": "(info_type_id = it2.id)"}]}]}, {"Node Type": "Hash", "Parent Relationship": "Inner", "Startup Cost": 2000022236292.07, "Total Cost": 2000022236292.07, "Plan Rows": 545, "Plan Width": 33, "Plans": [{"Node Type": "Hash Join", "Parent Relationship": "Outer", "Join Type": "Inner", "Startup Cost": 1010012908285.39, "Total Cost": 2000022236292.07, "Plan Rows": 545, "Plan Width": 33, "Inner Unique": true, "Hash Cond": "(mc.movie_id = t.id)", "Plans": [{"Node Type": "Index Scan", "Parent Relationship": "Outer", "Scan Direction": "Forward", "Index Name": "company_type_id_movie_companies", "Relation Name": "movie_companies", "Alias": "mc", "Startup Cost": 10000000000.0, "Total Cost": 1000009318217.0, "Plan Rows": 2609128, "Plan Width": 12}, {"Node Type": "Hash", "Parent Relationship": "Inner", "Startup Cost": 1000012908282.16, "Total Cost": 1000012908282.16, "Plan Rows": 258, "Plan Width": 21, "Plans": [{"Node Type": "Index Scan", "Parent Relationship": "Outer", "Scan Direction": "Forward", "Index Name": "title_pkey", "Relation Name": "title", "Alias": "t", "Startup Cost": 10000000000.0, "Total Cost": 1000012908282.16, "Plan Rows": 258, "Plan Width": 21, "Filter": "((production_year > 2000) AND (((title)::text ~~ 'Birdemic%'::text) OR ((title)::text ~~ '%Movie%'::text)))"}]}]}]}]}]}]}, {"Node Type": "Hash", "Parent Relationship": "Inner", "Startup Cost": 1000001050138.97, "Total Cost": 1000001050138.97, "Plan Rows": 85170, "Plan Width": 4, "Plans": [{"Node Type": "Index Scan", "Parent Relationship": "Outer", "Scan Direction": "Forward", "Index Name": "company_name_pkey", "Relation Name": "company_name", "Alias": "cn", "Startup Cost": 10000000000.0, "Total Cost": 1000001050138.97, "Plan Rows": 85170, "Plan Width": 4, "Filter": "((country_code)::text = '[us]'::text)"}]}]}, {"Node Type": "Hash", "Parent Relationship": "Inner", "Startup Cost": 1000000001231.0, "Total Cost": 1000000001231.0, "Plan Rows": 2, "Plan Width": 4, "Plans": [{"Node Type": "Index Scan", "Parent Relationship": "Outer", "Scan Direction": "Forward", "Index Name": "company_type_pkey", "Relation Name": "company_type", "Alias": "ct", "Startup Cost": 10000000000.0, "Total Cost": 1000000001231.0, "Plan Rows": 2, "Plan Width": 4, "Filter": "((kind IS NOT NULL) AND (((kind)::text = 'production companies'::text) OR ((kind)::text = 'distributors'::text)))"}]}]}]}, "Unique SQL Id": 1682224415}, "explain_analyze_plan": null}, "(64, 108)": {"explain_plan": {"Plan": {"Node Type": "Aggregate", "Strategy": "Plain", "Startup Cost": 67175.48, "Total Cost": 67175.49, "Plan Rows": 1, "Plan Width": 123, "Plans": [{"Node Type": "Nested Loop", "Parent Relationship": "Outer", "Join Type": "Inner", "Startup Cost": 0.0, "Total Cost": 67175.46, "Plan Rows": 4, "Plan Width": 59, "Inner Unique": true, "Plans": [{"Node Type": "Nested Loop", "Parent Relationship": "Outer", "Join Type": "Inner", "Startup Cost": 0.0, "Total Cost": 67173.45, "Plan Rows": 7, "Plan Width": 63, "Inner Unique": true, "Plans": [{"Node Type": "Nested Loop", "Parent Relationship": "Outer", "Join Type": "Inner", "Startup Cost": 0.0, "Total Cost": 67158.92, "Plan Rows": 51, "Plan Width": 67, "Inner Unique": true, "Plans": [{"Node Type": "Nested Loop", "Parent Relationship": "Outer", "Join Type": "Inner", "Startup Cost": 0.0, "Total Cost": 66726.41, "Plan Rows": 1531, "Plan Width": 71, "Inner Unique": false, "Join Filter": "(t.id = mi.movie_id)", "Plans": [{"Node Type": "Nested Loop", "Parent Relationship": "Outer", "Join Type": "Inner", "Startup Cost": 0.0, "Total Cost": 66573.75, "Plan Rows": 210, "Plan Width": 37, "Inner Unique": false, "Join Filter": "(t.id = mc.movie_id)", "Plans": [{"Node Type": "Nested Loop", "Parent Relationship": "Outer", "Join Type": "Inner", "Startup Cost": 0.0, "Total Cost": 66452.98, "Plan Rows": 311, "Plan Width": 25, "Inner Unique": true, "Plans": [{"Node Type": "Nested Loop", "Parent Relationship": "Outer", "Join Type": "Inner", "Startup Cost": 0.0, "Total Cost": 66341.1, "Plan Rows": 396, "Plan Width": 29, "Inner Unique": false, "Plans": [{"Node Type": "Streaming(type: LOCAL GATHER dop: 1/64)", "Parent Relationship": "Outer", "Startup Cost": 0.0, "Total Cost": 64240.19, "Plan Rows": 258, "Plan Width": 21, "Plans": [{"Node Type": "Seq Scan", "Parent Relationship": "Outer", "Relation Name": "title", "Alias": "t", "Startup Cost": 0.0, "Total Cost": 64234.87, "Plan Rows": 258, "Plan Width": 21, "Filter": "((production_year > 2000) AND (((title)::text ~~ 'Birdemic%'::text) OR ((title)::text ~~ '%Movie%'::text)))"}]}, {"Node Type": "Index Scan", "Parent Relationship": "Inner", "Scan Direction": "Forward", "Index Name": "movie_id_movie_info_idx", "Relation Name": "movie_info_idx", "Alias": "mi_idx", "Startup Cost": 0.0, "Total Cost": 8.12, "Plan Rows": 2, "Plan Width": 8, "Index Cond": "(movie_id = t.id)"}]}, {"Node Type": "Index Scan", "Parent Relationship": "Inner", "Scan Direction": "Forward", "Index Name": "info_type_pkey", "Relation Name": "info_type", "Alias": "it2", "Startup Cost": 0.0, "Total Cost": 0.27, "Plan Rows": 1, "Plan Width": 4, "Index Cond": "(id = mi_idx.info_type_id)", "Filter": "((info)::text = 'bottom 10 rank'::text)"}]}, {"Node Type": "Index Scan", "Parent Relationship": "Inner", "Scan Direction": "Forward", "Index Name": "movie_id_movie_companies", "Relation Name": "movie_companies", "Alias": "mc", "Startup Cost": 0.0, "Total Cost": 0.36, "Plan Rows": 2, "Plan Width": 12, "Index Cond": "(movie_id = mi_idx.movie_id)"}]}, {"Node Type": "Index Scan", "Parent Relationship": "Inner", "Scan Direction": "Forward", "Index Name": "movie_id_movie_info", "Relation Name": "movie_info", "Alias": "mi", "Startup Cost": 0.0, "Total Cost": 0.66, "Plan Rows": 5, "Plan Width": 50, "Index Cond": "(movie_id = mc.movie_id)"}]}, {"Node Type": "Index Scan", "Parent Relationship": "Inner", "Scan Direction": "Forward", "Index Name": "info_type_pkey", "Relation Name": "info_type", "Alias": "it1", "Startup Cost": 0.0, "Total Cost": 0.27, "Plan Rows": 1, "Plan Width": 4, "Index Cond": "(id = mi.info_type_id)", "Filter": "((info)::text = 'budget'::text)"}]}, {"Node Type": "Index Scan", "Parent Relationship": "Inner", "Scan Direction": "Forward", "Index Name": "company_type_pkey", "Relation Name": "company_type", "Alias": "ct", "Startup Cost": 0.0, "Total Cost": 0.28, "Plan Rows": 1, "Plan Width": 4, "Index Cond": "(id = mc.company_type_id)", "Filter": "((kind IS NOT NULL) AND (((kind)::text = 'production companies'::text) OR ((kind)::text = 'distributors'::text)))"}]}, {"Node Type": "Index Scan", "Parent Relationship": "Inner", "Scan Direction": "Forward", "Index Name": "company_name_pkey", "Relation Name": "company_name", "Alias": "cn", "Startup Cost": 0.0, "Total Cost": 0.28, "Plan Rows": 1, "Plan Width": 4, "Index Cond": "(id = mc.company_id)", "Filter": "((country_code)::text = '[us]'::text)"}]}]}, "Unique SQL Id": 1682224415}, "explain_analyze_plan": {"Plan": {"Node Type": "Aggregate", "Strategy": "Plain", "Startup Cost": 67175.48, "Total Cost": 67175.49, "Plan Rows": 1, "Plan Width": 123, "Actual Min Startup Time": 225.301, "Actual Max Startup Time": 225.301, "Actual Min Total Time": 225.302, "Actual Max Total Time": 225.302, "Actual Total Rows": 1, "Plans": [{"Node Type": "Nested Loop", "Parent Relationship": "Outer", "Join Type": "Inner", "Startup Cost": 0.0, "Total Cost": 67175.46, "Plan Rows": 4, "Plan Width": 59, "Actual Min Startup Time": 129.062, "Actual Max Startup Time": 129.062, "Actual Min Total Time": 225.259, "Actual Max Total Time": 225.259, "Actual Total Rows": 5, "Inner Unique": true, "Plans": [{"Node Type": "Nested Loop", "Parent Relationship": "Outer", "Join Type": "Inner", "Startup Cost": 0.0, "Total Cost": 67173.45, "Plan Rows": 7, "Plan Width": 63, "Actual Min Startup Time": 129.039, "Actual Max Startup Time": 129.039, "Actual Min Total Time": 225.183, "Actual Max Total Time": 225.183, "Actual Total Rows": 5, "Inner Unique": true, "Plans": [{"Node Type": "Nested Loop", "Parent Relationship": "Outer", "Join Type": "Inner", "Startup Cost": 0.0, "Total Cost": 67158.92, "Plan Rows": 51, "Plan Width": 67, "Actual Min Startup Time": 128.436, "Actual Max Startup Time": 128.436, "Actual Min Total Time": 225.11, "Actual Max Total Time": 225.11, "Actual Total Rows": 33, "Inner Unique": true, "Plans": [{"Node Type": "Nested Loop", "Parent Relationship": "Outer", "Join Type": "Inner", "Startup Cost": 0.0, "Total Cost": 66726.41, "Plan Rows": 1531, "Plan Width": 71, "Actual Min Startup Time": 128.255, "Actual Max Startup Time": 128.255, "Actual Min Total Time": 214.055, "Actual Max Total Time": 214.055, "Actual Total Rows": 4959, "Inner Unique": false, "Join Filter": "(t.id = mi.movie_id)", "Rows Removed by Join Filter": 0, "Plans": [{"Node Type": "Nested Loop", "Parent Relationship": "Outer", "Join Type": "Inner", "Startup Cost": 0.0, "Total Cost": 66573.75, "Plan Rows": 210, "Plan Width": 37, "Actual Min Startup Time": 128.228, "Actual Max Startup Time": 128.228, "Actual Min Total Time": 209.5, "Actual Max Total Time": 209.5, "Actual Total Rows": 33, "Inner Unique": false, "Join Filter": "(t.id = mc.movie_id)", "Rows Removed by Join Filter": 0, "Plans": [{"Node Type": "Nested Loop", "Parent Relationship": "Outer", "Join Type": "Inner", "Startup Cost": 0.0, "Total Cost": 66452.98, "Plan Rows": 311, "Plan Width": 25, "Actual Min Startup Time": 128.201, "Actual Max Startup Time": 128.201, "Actual Min Total Time": 209.41, "Actual Max Total Time": 209.41, "Actual Total Rows": 2, "Inner Unique": true, "Plans": [{"Node Type": "Nested Loop", "Parent Relationship": "Outer", "Join Type": "Inner", "Startup Cost": 0.0, "Total Cost": 66341.1, "Plan Rows": 396, "Plan Width": 29, "Actual Min Startup Time": 115.365, "Actual Max Startup Time": 115.365, "Actual Min Total Time": 196.159, "Actual Max Total Time": 196.159, "Actual Total Rows": 2645, "Inner Unique": false, "Plans": [{"Node Type": "Streaming(type: LOCAL GATHER dop: 1/64)", "Parent Relationship": "Outer", "Startup Cost": 0.0, "Total Cost": 64240.19, "Plan Rows": 258, "Plan Width": 21, "Actual Min Startup Time": 115.277, "Actual Max Startup Time": 115.277, "Actual Min Total Time": 181.034, "Actual Max Total Time": 181.034, "Actual Total Rows": 2536, "Plans": [{"Node Type": "Seq Scan", "Parent Relationship": "Outer", "Relation Name": "title", "Alias": "t", "Startup Cost": 0.0, "Total Cost": 64234.87, "Plan Rows": 258, "Plan Width": 21, "Actual Min Startup Time": 0.033, "Actual Max Startup Time": 7.255, "Actual Min Total Time": 19.166, "Actual Max Total Time": 39.62, "Actual Total Rows": 2536, "Filter": "((production_year > 2000) AND (((title)::text ~~ 'Birdemic%'::text) OR ((title)::text ~~ '%Movie%'::text)))", "Rows Removed by Filter": 2525775}]}, {"Node Type": "Index Scan", "Parent Relationship": "Inner", "Scan Direction": "Forward", "Index Name": "movie_id_movie_info_idx", "Relation Name": "movie_info_idx", "Alias": "mi_idx", "Startup Cost": 0.0, "Total Cost": 8.12, "Plan Rows": 2, "Plan Width": 8, "Actual Min Startup Time": 12.228, "Actual Max Startup Time": 12.228, "Actual Min Total Time": 13.197, "Actual Max Total Time": 13.197, "Actual Total Rows": 2645, "Index Cond": "(movie_id = t.id)", "Rows Removed by Index Recheck": 0}]}, {"Node Type": "Index Scan", "Parent Relationship": "Inner", "Scan Direction": "Forward", "Index Name": "info_type_pkey", "Relation Name": "info_type", "Alias": "it2", "Startup Cost": 0.0, "Total Cost": 0.27, "Plan Rows": 1, "Plan Width": 4, "Actual Min Startup Time": 12.051, "Actual Max Startup Time": 12.051, "Actual Min Total Time": 12.051, "Actual Max Total Time": 12.051, "Actual Total Rows": 2, "Index Cond": "(id = mi_idx.info_type_id)", "Rows Removed by Index Recheck": 0, "Filter": "((info)::text = 'bottom 10 rank'::text)", "Rows Removed by Filter": 2643}]}, {"Node Type": "Index Scan", "Parent Relationship": "Inner", "Scan Direction": "Forward", "Index Name": "movie_id_movie_companies", "Relation Name": "movie_companies", "Alias": "mc", "Startup Cost": 0.0, "Total Cost": 0.36, "Plan Rows": 2, "Plan Width": 12, "Actual Min Startup Time": 0.038, "Actual Max Startup Time": 0.038, "Actual Min Total Time": 0.059, "Actual Max Total Time": 0.059, "Actual Total Rows": 33, "Index Cond": "(movie_id = mi_idx.movie_id)", "Rows Removed by Index Recheck": 0}]}, {"Node Type": "Index Scan", "Parent Relationship": "Inner", "Scan Direction": "Forward", "Index Name": "movie_id_movie_info", "Relation Name": "movie_info", "Alias": "mi", "Startup Cost": 0.0, "Total Cost": 0.66, "Plan Rows": 5, "Plan Width": 50, "Actual Min Startup Time": 0.512, "Actual Max Startup Time": 0.512, "Actual Min Total Time": 2.769, "Actual Max Total Time": 2.769, "Actual Total Rows": 4959, "Index Cond": "(movie_id = mc.movie_id)", "Rows Removed by Index Recheck": 0}]}, {"Node Type": "Index Scan", "Parent Relationship": "Inner", "Scan Direction": "Forward", "Index Name": "info_type_pkey", "Relation Name": "info_type", "Alias": "it1", "Startup Cost": 0.0, "Total Cost": 0.27, "Plan Rows": 1, "Plan Width": 4, "Actual Min Startup Time": 8.77, "Actual Max Startup Time": 8.77, "Actual Min Total Time": 8.77, "Actual Max Total Time": 8.77, "Actual Total Rows": 33, "Index Cond": "(id = mi.info_type_id)", "Rows Removed by Index Recheck": 0, "Filter": "((info)::text = 'budget'::text)", "Rows Removed by Filter": 4864}]}, {"Node Type": "Index Scan", "Parent Relationship": "Inner", "Scan Direction": "Forward", "Index Name": "company_type_pkey", "Relation Name": "company_type", "Alias": "ct", "Startup Cost": 0.0, "Total Cost": 0.28, "Plan Rows": 1, "Plan Width": 4, "Actual Min Startup Time": 0.05, "Actual Max Startup Time": 0.05, "Actual Min Total Time": 0.05, "Actual Max Total Time": 0.05, "Actual Total Rows": 5, "Index Cond": "(id = mc.company_type_id)", "Rows Removed by Index Recheck": 0, "Filter": "((kind IS NOT NULL) AND (((kind)::text = 'production companies'::text) OR ((kind)::text = 'distributors'::text)))", "Rows Removed by Filter": 0}]}, {"Node Type": "Index Scan", "Parent Relationship": "Inner", "Scan Direction": "Forward", "Index Name": "company_name_pkey", "Relation Name": "company_name", "Alias": "cn", "Startup Cost": 0.0, "Total Cost": 0.28, "Plan Rows": 1, "Plan Width": 4, "Actual Min Startup Time": 0.063, "Actual Max Startup Time": 0.063, "Actual Min Total Time": 0.063, "Actual Max Total Time": 0.063, "Actual Total Rows": 5, "Index Cond": "(id = mc.company_id)", "Rows Removed by Index Recheck": 0, "Filter": "((country_code)::text = '[us]'::text)", "Rows Removed by Filter": 0}]}]}, "Triggers": [], "Planner Runtime": 189.988, "Total Runtime": 237.894, "Unique SQL Id": 1682224415}}, "(64, 109)": {"explain_plan": {"Plan": {"Node Type": "Aggregate", "Strategy": "Plain", "Startup Cost": 131883.54, "Total Cost": 131883.55, "Plan Rows": 1, "Plan Width": 123, "Plans": [{"Node Type": "Nested Loop", "Parent Relationship": "Outer", "Join Type": "Inner", "Startup Cost": 0.0, "Total Cost": 131883.3, "Plan Rows": 48, "Plan Width": 59, "Inner Unique": true, "Plans": [{"Node Type": "Nested Loop", "Parent Relationship": "Outer", "Join Type": "Inner", "Startup Cost": 0.0, "Total Cost": 131869.62, "Plan Rows": 48, "Plan Width": 63, "Inner Unique": true, "Plans": [{"Node Type": "Nested Loop", "Parent Relationship": "Outer", "Join Type": "Inner", "Startup Cost": 0.0, "Total Cost": 131799.56, "Plan Rows": 248, "Plan Width": 67, "Inner Unique": false, "Join Filter": "(t.id = mi.movie_id)", "Plans": [{"Node Type": "Nested Loop", "Parent Relationship": "Outer", "Join Type": "Inner", "Startup Cost": 0.0, "Total Cost": 131476.79, "Plan Rows": 444, "Plan Width": 33, "Inner Unique": true, "Plans": [{"Node Type": "Nested Loop", "Parent Relationship": "Outer", "Join Type": "Inner", "Startup Cost": 0.0, "Total Cost": 131416.38, "Plan Rows": 210, "Plan Width": 37, "Inner Unique": false, "Join Filter": "(t.id = mc.movie_id)", "Plans": [{"Node Type": "Nested Loop", "Parent Relationship": "Outer", "Join Type": "Inner", "Startup Cost": 0.0, "Total Cost": 131295.61, "Plan Rows": 311, "Plan Width": 25, "Inner Unique": true, "Plans": [{"Node Type": "Nested Loop", "Parent Relationship": "Outer", "Join Type": "Inner", "Startup Cost": 0.0, "Total Cost": 131183.74, "Plan Rows": 396, "Plan Width": 29, "Inner Unique": false, "Plans": [{"Node Type": "Index Scan", "Parent Relationship": "Outer", "Scan Direction": "Forward", "Index Name": "title_pkey", "Relation Name": "title", "Alias": "t", "Startup Cost": 0.0, "Total Cost": 129082.82, "Plan Rows": 258, "Plan Width": 21, "Filter": "((production_year > 2000) AND (((title)::text ~~ 'Birdemic%'::text) OR ((title)::text ~~ '%Movie%'::text)))"}, {"Node Type": "Index Scan", "Parent Relationship": "Inner", "Scan Direction": "Forward", "Index Name": "movie_id_movie_info_idx", "Relation Name": "movie_info_idx", "Alias": "mi_idx", "Startup Cost": 0.0, "Total Cost": 8.12, "Plan Rows": 2, "Plan Width": 8, "Index Cond": "(movie_id = t.id)"}]}, {"Node Type": "Index Scan", "Parent Relationship": "Inner", "Scan Direction": "Forward", "Index Name": "info_type_pkey", "Relation Name": "info_type", "Alias": "it2", "Startup Cost": 0.0, "Total Cost": 0.27, "Plan Rows": 1, "Plan Width": 4, "Index Cond": "(id = mi_idx.info_type_id)", "Filter": "((info)::text = 'bottom 10 rank'::text)"}]}, {"Node Type": "Index Scan", "Parent Relationship": "Inner", "Scan Direction": "Forward", "Index Name": "movie_id_movie_companies", "Relation Name": "movie_companies", "Alias": "mc", "Startup Cost": 0.0, "Total Cost": 0.36, "Plan Rows": 2, "Plan Width": 12, "Index Cond": "(movie_id = mi_idx.movie_id)"}]}, {"Node Type": "Index Scan", "Parent Relationship": "Inner", "Scan Direction": "Forward", "Index Name": "company_name_pkey", "Relation Name": "company_name", "Alias": "cn", "Startup Cost": 0.0, "Total Cost": 0.28, "Plan Rows": 1, "Plan Width": 4, "Index Cond": "(id = mc.company_id)", "Filter": "((country_code)::text = '[us]'::text)"}]}, {"Node Type": "Index Scan", "Parent Relationship": "Inner", "Scan Direction": "Forward", "Index Name": "movie_id_movie_info", "Relation Name": "movie_info", "Alias": "mi", "Startup Cost": 0.0, "Total Cost": 0.66, "Plan Rows": 5, "Plan Width": 50, "Index Cond": "(movie_id = mc.movie_id)"}]}, {"Node Type": "Index Scan", "Parent Relationship": "Inner", "Scan Direction": "Forward", "Index Name": "info_type_pkey", "Relation Name": "info_type", "Alias": "it1", "Startup Cost": 0.0, "Total Cost": 0.27, "Plan Rows": 1, "Plan Width": 4, "Index Cond": "(id = mi.info_type_id)", "Filter": "((info)::text = 'budget'::text)"}]}, {"Node Type": "Index Scan", "Parent Relationship": "Inner", "Scan Direction": "Forward", "Index Name": "company_type_pkey", "Relation Name": "company_type", "Alias": "ct", "Startup Cost": 0.0, "Total Cost": 0.28, "Plan Rows": 1, "Plan Width": 4, "Index Cond": "(id = mc.company_type_id)", "Filter": "((kind IS NOT NULL) AND (((kind)::text = 'production companies'::text) OR ((kind)::text = 'distributors'::text)))"}]}]}, "Unique SQL Id": 1682224415}, "explain_analyze_plan": null}, "(64, 110)": {"explain_plan": {"Plan": {"Node Type": "Aggregate", "Strategy": "Plain", "Startup Cost": 229742.27, "Total Cost": 229742.28, "Plan Rows": 1, "Plan Width": 123, "Plans": [{"Node Type": "Hash Join", "Parent Relationship": "Outer", "Join Type": "Inner", "Startup Cost": 138217.97, "Total Cost": 229742.03, "Plan Rows": 48, "Plan Width": 59, "Inner Unique": true, "Hash Cond": "(mc.company_type_id = ct.id)", "Plans": [{"Node Type": "Hash Join", "Parent Relationship": "Outer", "Join Type": "Inner", "Startup Cost": 138216.9, "Total Cost": 229740.3, "Plan Rows": 48, "Plan Width": 63, "Inner Unique": true, "Hash Cond": "(mi_idx.info_type_id = it2.id)", "Plans": [{"Node Type": "Hash Join", "Parent Relationship": "Outer", "Join Type": "Inner", "Startup Cost": 138214.48, "Total Cost": 229736.85, "Plan Rows": 193, "Plan Width": 67, "Inner Unique": true, "Hash Cond": "(mi.info_type_id = it1.id)", "Plans": [{"Node Type": "Hash Join", "Parent Relationship": "Outer", "Join Type": "Inner", "Startup Cost": 138212.07, "Total Cost": 229723.13, "Plan Rows": 3899, "Plan Width": 71, "Inner Unique": true, "Hash Cond": "(mc.company_id = cn.id)", "Plans": [{"Node Type": "Streaming(type: LOCAL GATHER dop: 1/64)", "Parent Relationship": "Outer", "Startup Cost": 135671.58, "Total Cost": 227109.8, "Plan Rows": 4648, "Plan Width": 75, "Plans": [{"Node Type": "Hash Join", "Parent Relationship": "Outer", "Join Type": "Inner", "Startup Cost": 135671.58, "Total Cost": 227013.91, "Plan Rows": 4648, "Plan Width": 75, "Inner Unique": false, "Hash Cond": "(t.id = mi.movie_id)", "Plans": [{"Node Type": "Streaming(type: BROADCAST dop: 64/1)", "Parent Relationship": "Outer", "Startup Cost": 115857.19, "Total Cost": 207150.46, "Plan Rows": 53824, "Plan Width": 41, "Plans": [{"Node Type": "Hash Join", "Parent Relationship": "Outer", "Join Type": "Inner", "Startup Cost": 115857.19, "Total Cost": 143040.08, "Plan Rows": 841, "Plan Width": 41, "Inner Unique": false, "Hash Cond": "(mi_idx.movie_id = t.id)", "Plans": [{"Node Type": "Seq Scan", "Parent Relationship": "Outer", "Relation Name": "movie_info_idx", "Alias": "mi_idx", "Startup Cost": 0.0, "Total Cost": 20274.34, "Plan Rows": 1380034, "Plan Width": 8}, {"Node Type": "Hash", "Parent Relationship": "Inner", "Startup Cost": 115850.37, "Total Cost": 115850.37, "Plan Rows": 545, "Plan Width": 33, "Plans": [{"Node Type": "Hash Join", "Parent Relationship": "Outer", "Join Type": "Inner", "Startup Cost": 64243.41, "Total Cost": 115850.37, "Plan Rows": 545, "Plan Width": 33, "Inner Unique": true, "Hash Cond": "(mc.movie_id = t.id)", "Plans": [{"Node Type": "Seq Scan", "Parent Relationship": "Outer", "Relation Name": "movie_companies", "Alias": "mc", "Startup Cost": 0.0, "Total Cost": 41817.28, "Plan Rows": 2609128, "Plan Width": 12}, {"Node Type": "Hash", "Parent Relationship": "Inner", "Startup Cost": 64240.19, "Total Cost": 64240.19, "Plan Rows": 258, "Plan Width": 21, "Plans": [{"Node Type": "Streaming(type: LOCAL GATHER dop: 1/64)", "Parent Relationship": "Outer", "Startup Cost": 0.0, "Total Cost": 64240.19, "Plan Rows": 258, "Plan Width": 21, "Plans": [{"Node Type": "Seq Scan", "Parent Relationship": "Outer", "Relation Name": "title", "Alias": "t", "Startup Cost": 0.0, "Total Cost": 64234.87, "Plan Rows": 258, "Plan Width": 21, "Filter": "((production_year > 2000) AND (((title)::text ~~ 'Birdemic%'::text) OR ((title)::text ~~ '%Movie%'::text)))"}]}]}]}]}]}]}, {"Node Type": "Hash", "Parent Relationship": "Inner", "Startup Cost": 67640.43, "Total Cost": 67640.43, "Plan Rows": 14869966, "Plan Width": 50, "Plans": [{"Node Type": "Seq Scan", "Parent Relationship": "Outer", "Relation Name": "movie_info", "Alias": "mi", "Startup Cost": 0.0, "Total Cost": 67640.43, "Plan Rows": 14869966, "Plan Width": 50}]}]}]}, {"Node Type": "Hash", "Parent Relationship": "Inner", "Startup Cost": 5903.45, "Total Cost": 5903.45, "Plan Rows": 85170, "Plan Width": 4, "Plans": [{"Node Type": "Seq Scan", "Parent Relationship": "Outer", "Relation Name": "company_name", "Alias": "cn", "Startup Cost": 0.0, "Total Cost": 5903.45, "Plan Rows": 85170, "Plan Width": 4, "Filter": "((country_code)::text = '[us]'::text)"}]}]}, {"Node Type": "Hash", "Parent Relationship": "Inner", "Startup Cost": 2.4, "Total Cost": 2.4, "Plan Rows": 1, "Plan Width": 4, "Plans": [{"Node Type": "Seq Scan", "Parent Relationship": "Outer", "Relation Name": "info_type", "Alias": "it1", "Startup Cost": 0.0, "Total Cost": 2.4, "Plan Rows": 1, "Plan Width": 4, "Filter": "((info)::text = 'budget'::text)"}]}]}, {"Node Type": "Hash", "Parent Relationship": "Inner", "Startup Cost": 2.4, "Total Cost": 2.4, "Plan Rows": 1, "Plan Width": 4, "Plans": [{"Node Type": "Seq Scan", "Parent Relationship": "Outer", "Relation Name": "info_type", "Alias": "it2", "Startup Cost": 0.0, "Total Cost": 2.4, "Plan Rows": 1, "Plan Width": 4, "Filter": "((info)::text = 'bottom 10 rank'::text)"}]}]}, {"Node Type": "Hash", "Parent Relationship": "Inner", "Startup Cost": 1.04, "Total Cost": 1.04, "Plan Rows": 2, "Plan Width": 4, "Plans": [{"Node Type": "Seq Scan", "Parent Relationship": "Outer", "Relation Name": "company_type", "Alias": "ct", "Startup Cost": 0.0, "Total Cost": 1.04, "Plan Rows": 2, "Plan Width": 4, "Filter": "((kind IS NOT NULL) AND (((kind)::text = 'production companies'::text) OR ((kind)::text = 'distributors'::text)))"}]}]}]}, "Unique SQL Id": 1682224415}, "explain_analyze_plan": null}, "(64, 111)": {"explain_plan": {"Plan": {"Node Type": "Aggregate", "Strategy": "Plain", "Startup Cost": 8000041469269.61, "Total Cost": 8000041469269.62, "Plan Rows": 1, "Plan Width": 123, "Plans": [{"Node Type": "Hash Join", "Parent Relationship": "Outer", "Join Type": "Inner", "Startup Cost": 6020025129105.15, "Total Cost": 8000041469269.37, "Plan Rows": 48, "Plan Width": 59, "Inner Unique": true, "Hash Cond": "(mc.company_type_id = ct.id)", "Plans": [{"Node Type": "Hash Join", "Parent Relationship": "Outer", "Join Type": "Inner", "Startup Cost": 5020025127874.12, "Total Cost": 7000041468037.68, "Plan Rows": 48, "Plan Width": 63, "Inner Unique": true, "Hash Cond": "(mc.company_id = cn.id)", "Plans": [{"Node Type": "Hash Join", "Parent Relationship": "Outer", "Join Type": "Inner", "Startup Cost": 4020024076670.53, "Total Cost": 6000040416830.64, "Plan Rows": 220, "Plan Width": 67, "Inner Unique": false, "Hash Cond": "(mi.movie_id = t.id)", "Plans": [{"Node Type": "Nested Loop", "Parent Relationship": "Outer", "Join Type": "Inner", "Startup Cost": 20000004894.57, "Total Cost": 2000016343720.19, "Plan Rows": 212428, "Plan Width": 46, "Inner Unique": false, "Plans": [{"Node Type": "Index Scan", "Parent Relationship": "Outer", "Scan Direction": "Forward", "Index Name": "info_type_pkey", "Relation Name": "info_type", "Alias": "it1", "Startup Cost": 10000000000.0, "Total Cost": 1000000001421.0, "Plan Rows": 1, "Plan Width": 4, "Filter": "((info)::text = 'budget'::text)"}, {"Node Type": "Bitmap Heap Scan", "Parent Relationship": "Inner", "Relation Name": "movie_info", "Alias": "mi", "Startup Cost": 10000004894.57, "Total Cost": 1000016340174.91, "Plan Rows": 212428, "Plan Width": 50, "Recheck Cond": "(info_type_id = it1.id), (LLVM Optimized)", "Plans": [{"Node Type": "Bitmap Index Scan", "Parent Relationship": "Outer", "Index Name": "info_type_id_movie_info", "Startup Cost": 0.0, "Total Cost": 4841.46, "Plan Rows": 212428, "Plan Width": 0, "Index Cond": "(info_type_id = it1.id)"}]}]}, {"Node Type": "Hash", "Parent Relationship": "Inner", "Startup Cost": 4000024071767.76, "Total Cost": 4000024071767.76, "Plan Rows": 656, "Plan Width": 37, "Plans": [{"Node Type": "Hash Join", "Parent Relationship": "Outer", "Join Type": "Inner", "Startup Cost": 2020022243800.94, "Total Cost": 4000024071767.76, "Plan Rows": 656, "Plan Width": 37, "Inner Unique": false, "Hash Cond": "(mi_idx.movie_id = t.id)", "Plans": [{"Node Type": "Nested Loop", "Parent Relationship": "Outer", "Join Type": "Inner", "Startup Cost": 20000007502.06, "Total Cost": 2000001833737.28, "Plan Rows": 345008, "Plan Width": 4, "Inner Unique": false, "Plans": [{"Node Type": "Index Scan", "Parent Relationship": "Outer", "Scan Direction": "Forward", "Index Name": "info_type_pkey", "Relation Name": "info_type", "Alias": "it2", "Startup Cost": 10000000000.0, "Total Cost": 1000000001421.0, "Plan Rows": 1, "Plan Width": 4, "Filter": "((info)::text = 'bottom 10 rank'::text)"}, {"Node Type": "Bitmap Heap Scan", "Parent Relationship": "Inner", "Relation Name": "movie_info_idx", "Alias": "mi_idx", "Startup Cost": 10000007502.06, "Total Cost": 1000001828866.2, "Plan Rows": 345008, "Plan Width": 8, "Recheck Cond": "(info_type_id = it2.id), (LLVM Optimized)", "Plans": [{"Node Type": "Bitmap Index Scan", "Parent Relationship": "Outer", "Index Name": "info_type_id_movie_info_idx", "Startup Cost": 0.0, "Total Cost": 7415.81, "Plan Rows": 345008, "Plan Width": 0, "Index Cond": "(info_type_id = it2.id)"}]}]}, {"Node Type": "Hash", "Parent Relationship": "Inner", "Startup Cost": 2000022236292.07, "Total Cost": 2000022236292.07, "Plan Rows": 545, "Plan Width": 33, "Plans": [{"Node Type": "Hash Join", "Parent Relationship": "Outer", "Join Type": "Inner", "Startup Cost": 1010012908285.39, "Total Cost": 2000022236292.07, "Plan Rows": 545, "Plan Width": 33, "Inner Unique": true, "Hash Cond": "(mc.movie_id = t.id)", "Plans": [{"Node Type": "Index Scan", "Parent Relationship": "Outer", "Scan Direction": "Forward", "Index Name": "company_type_id_movie_companies", "Relation Name": "movie_companies", "Alias": "mc", "Startup Cost": 10000000000.0, "Total Cost": 1000009318217.0, "Plan Rows": 2609128, "Plan Width": 12}, {"Node Type": "Hash", "Parent Relationship": "Inner", "Startup Cost": 1000012908282.16, "Total Cost": 1000012908282.16, "Plan Rows": 258, "Plan Width": 21, "Plans": [{"Node Type": "Index Scan", "Parent Relationship": "Outer", "Scan Direction": "Forward", "Index Name": "title_pkey", "Relation Name": "title", "Alias": "t", "Startup Cost": 10000000000.0, "Total Cost": 1000012908282.16, "Plan Rows": 258, "Plan Width": 21, "Filter": "((production_year > 2000) AND (((title)::text ~~ 'Birdemic%'::text) OR ((title)::text ~~ '%Movie%'::text)))"}]}]}]}]}]}]}, {"Node Type": "Hash", "Parent Relationship": "Inner", "Startup Cost": 1000001050138.97, "Total Cost": 1000001050138.97, "Plan Rows": 85170, "Plan Width": 4, "Plans": [{"Node Type": "Index Scan", "Parent Relationship": "Outer", "Scan Direction": "Forward", "Index Name": "company_name_pkey", "Relation Name": "company_name", "Alias": "cn", "Startup Cost": 10000000000.0, "Total Cost": 1000001050138.97, "Plan Rows": 85170, "Plan Width": 4, "Filter": "((country_code)::text = '[us]'::text)"}]}]}, {"Node Type": "Hash", "Parent Relationship": "Inner", "Startup Cost": 1000000001231.0, "Total Cost": 1000000001231.0, "Plan Rows": 2, "Plan Width": 4, "Plans": [{"Node Type": "Index Scan", "Parent Relationship": "Outer", "Scan Direction": "Forward", "Index Name": "company_type_pkey", "Relation Name": "company_type", "Alias": "ct", "Startup Cost": 10000000000.0, "Total Cost": 1000000001231.0, "Plan Rows": 2, "Plan Width": 4, "Filter": "((kind IS NOT NULL) AND (((kind)::text = 'production companies'::text) OR ((kind)::text = 'distributors'::text)))"}]}]}]}, "Unique SQL Id": 1682224415}, "explain_analyze_plan": null}, "(64, 112)": {"explain_plan": {"Plan": {"Node Type": "Aggregate", "Strategy": "Plain", "Startup Cost": 66640.91, "Total Cost": 66640.92, "Plan Rows": 1, "Plan Width": 123, "Plans": [{"Node Type": "Nested Loop", "Parent Relationship": "Outer", "Join Type": "Inner", "Startup Cost": 0.0, "Total Cost": 66640.89, "Plan Rows": 4, "Plan Width": 59, "Inner Unique": true, "Plans": [{"Node Type": "Nested Loop", "Parent Relationship": "Outer", "Join Type": "Inner", "Startup Cost": 0.0, "Total Cost": 66639.75, "Plan Rows": 4, "Plan Width": 63, "Inner Unique": true, "Plans": [{"Node Type": "Nested Loop", "Parent Relationship": "Outer", "Join Type": "Inner", "Startup Cost": 0.0, "Total Cost": 66638.31, "Plan Rows": 5, "Plan Width": 67, "Inner Unique": false, "Join Filter": "(mi.info_type_id = it1.id)", "Plans": [{"Node Type": "Seq Scan", "Parent Relationship": "Outer", "Relation Name": "info_type", "Alias": "it1", "Startup Cost": 0.0, "Total Cost": 2.4, "Plan Rows": 1, "Plan Width": 4, "Filter": "((info)::text = 'budget'::text)"}, {"Node Type": "Nested Loop", "Parent Relationship": "Inner", "Join Type": "Inner", "Startup Cost": 0.0, "Total Cost": 66621.88, "Plan Rows": 1122, "Plan Width": 71, "Inner Unique": false, "Join Filter": "(t.id = mi.movie_id)", "Plans": [{"Node Type": "Nested Loop", "Parent Relationship": "Outer", "Join Type": "Inner", "Startup Cost": 0.0, "Total Cost": 66469.22, "Plan Rows": 210, "Plan Width": 37, "Inner Unique": false, "Join Filter": "(t.id = mc.movie_id)", "Plans": [{"Node Type": "Nested Loop", "Parent Relationship": "Outer", "Join Type": "Inner", "Startup Cost": 0.0, "Total Cost": 66348.45, "Plan Rows": 311, "Plan Width": 25, "Inner Unique": false, "Join Filter": "(mi_idx.info_type_id = it2.id)", "Plans": [{"Node Type": "Seq Scan", "Parent Relationship": "Outer", "Relation Name": "info_type", "Alias": "it2", "Startup Cost": 0.0, "Total Cost": 2.4, "Plan Rows": 1, "Plan Width": 4, "Filter": "((info)::text = 'bottom 10 rank'::text)"}, {"Node Type": "Materialize", "Parent Relationship": "Inner", "Startup Cost": 0.0, "Total Cost": 66342.09, "Plan Rows": 396, "Plan Width": 29, "Plans": [{"Node Type": "Nested Loop", "Parent Relationship": "Outer", "Join Type": "Inner", "Startup Cost": 0.0, "Total Cost": 66341.1, "Plan Rows": 396, "Plan Width": 29, "Inner Unique": false, "Plans": [{"Node Type": "Streaming(type: LOCAL GATHER dop: 1/64)", "Parent Relationship": "Outer", "Startup Cost": 0.0, "Total Cost": 64240.19, "Plan Rows": 258, "Plan Width": 21, "Plans": [{"Node Type": "Seq Scan", "Parent Relationship": "Outer", "Relation Name": "title", "Alias": "t", "Startup Cost": 0.0, "Total Cost": 64234.87, "Plan Rows": 258, "Plan Width": 21, "Filter": "((production_year > 2000) AND (((title)::text ~~ 'Birdemic%'::text) OR ((title)::text ~~ '%Movie%'::text)))"}]}, {"Node Type": "Index Scan", "Parent Relationship": "Inner", "Scan Direction": "Forward", "Index Name": "movie_id_movie_info_idx", "Relation Name": "movie_info_idx", "Alias": "mi_idx", "Startup Cost": 0.0, "Total Cost": 8.12, "Plan Rows": 2, "Plan Width": 8, "Index Cond": "(movie_id = t.id)"}]}]}]}, {"Node Type": "Index Scan", "Parent Relationship": "Inner", "Scan Direction": "Forward", "Index Name": "movie_id_movie_companies", "Relation Name": "movie_companies", "Alias": "mc", "Startup Cost": 0.0, "Total Cost": 0.36, "Plan Rows": 2, "Plan Width": 12, "Index Cond": "(movie_id = mi_idx.movie_id)"}]}, {"Node Type": "Index Scan", "Parent Relationship": "Inner", "Scan Direction": "Forward", "Index Name": "movie_id_movie_info", "Relation Name": "movie_info", "Alias": "mi", "Startup Cost": 0.0, "Total Cost": 0.66, "Plan Rows": 5, "Plan Width": 50, "Index Cond": "(movie_id = mc.movie_id)"}]}]}, {"Node Type": "Index Scan", "Parent Relationship": "Inner", "Scan Direction": "Forward", "Index Name": "company_name_pkey", "Relation Name": "company_name", "Alias": "cn", "Startup Cost": 0.0, "Total Cost": 0.28, "Plan Rows": 1, "Plan Width": 4, "Index Cond": "(id = mc.company_id)", "Filter": "((country_code)::text = '[us]'::text)"}]}, {"Node Type": "Index Scan", "Parent Relationship": "Inner", "Scan Direction": "Forward", "Index Name": "company_type_pkey", "Relation Name": "company_type", "Alias": "ct", "Startup Cost": 0.0, "Total Cost": 0.28, "Plan Rows": 1, "Plan Width": 4, "Index Cond": "(id = mc.company_type_id)", "Filter": "((kind IS NOT NULL) AND (((kind)::text = 'production companies'::text) OR ((kind)::text = 'distributors'::text)))"}]}]}, "Unique SQL Id": 1682224415}, "explain_analyze_plan": {"Plan": {"Node Type": "Aggregate", "Strategy": "Plain", "Startup Cost": 66640.91, "Total Cost": 66640.92, "Plan Rows": 1, "Plan Width": 123, "Actual Min Startup Time": 199.349, "Actual Max Startup Time": 199.349, "Actual Min Total Time": 199.35, "Actual Max Total Time": 199.35, "Actual Total Rows": 1, "Plans": [{"Node Type": "Nested Loop", "Parent Relationship": "Outer", "Join Type": "Inner", "Startup Cost": 0.0, "Total Cost": 66640.89, "Plan Rows": 4, "Plan Width": 59, "Actual Min Startup Time": 198.208, "Actual Max Startup Time": 198.208, "Actual Min Total Time": 199.313, "Actual Max Total Time": 199.313, "Actual Total Rows": 5, "Inner Unique": true, "Plans": [{"Node Type": "Nested Loop", "Parent Relationship": "Outer", "Join Type": "Inner", "Startup Cost": 0.0, "Total Cost": 66639.75, "Plan Rows": 4, "Plan Width": 63, "Actual Min Startup Time": 195.34, "Actual Max Startup Time": 195.34, "Actual Min Total Time": 199.281, "Actual Max Total Time": 199.281, "Actual Total Rows": 10, "Inner Unique": true, "Plans": [{"Node Type": "Nested Loop", "Parent Relationship": "Outer", "Join Type": "Inner", "Startup Cost": 0.0, "Total Cost": 66638.31, "Plan Rows": 5, "Plan Width": 67, "Actual Min Startup Time": 193.942, "Actual Max Startup Time": 193.942, "Actual Min Total Time": 199.008, "Actual Max Total Time": 199.008, "Actual Total Rows": 33, "Inner Unique": false, "Join Filter": "(mi.info_type_id = it1.id)", "Rows Removed by Join Filter": 4926, "Plans": [{"Node Type": "Seq Scan", "Parent Relationship": "Outer", "Relation Name": "info_type", "Alias": "it1", "Startup Cost": 0.0, "Total Cost": 2.4, "Plan Rows": 1, "Plan Width": 4, "Actual Min Startup Time": 0.111, "Actual Max Startup Time": 0.111, "Actual Min Total Time": 0.12, "Actual Max Total Time": 0.12, "Actual Total Rows": 1, "Filter": "((info)::text = 'budget'::text)", "Rows Removed by Filter": 111}, {"Node Type": "Nested Loop", "Parent Relationship": "Inner", "Join Type": "Inner", "Startup Cost": 0.0, "Total Cost": 66621.88, "Plan Rows": 1122, "Plan Width": 71, "Actual Min Startup Time": 193.654, "Actual Max Startup Time": 193.654, "Actual Min Total Time": 197.898, "Actual Max Total Time": 197.898, "Actual Total Rows": 4959, "Inner Unique": false, "Join Filter": "(t.id = mi.movie_id)", "Rows Removed by Join Filter": 0, "Plans": [{"Node Type": "Nested Loop", "Parent Relationship": "Outer", "Join Type": "Inner", "Startup Cost": 0.0, "Total Cost": 66469.22, "Plan Rows": 210, "Plan Width": 37, "Actual Min Startup Time": 193.619, "Actual Max Startup Time": 193.619, "Actual Min Total Time": 193.798, "Actual Max Total Time": 193.798, "Actual Total Rows": 33, "Inner Unique": false, "Join Filter": "(t.id = mc.movie_id)", "Rows Removed by Join Filter": 0, "Plans": [{"Node Type": "Nested Loop", "Parent Relationship": "Outer", "Join Type": "Inner", "Startup Cost": 0.0, "Total Cost": 66348.45, "Plan Rows": 311, "Plan Width": 25, "Actual Min Startup Time": 193.591, "Actual Max Startup Time": 193.591, "Actual Min Total Time": 193.726, "Actual Max Total Time": 193.726, "Actual Total Rows": 2, "Inner Unique": false, "Join Filter": "(mi_idx.info_type_id = it2.id)", "Rows Removed by Join Filter": 2643, "Plans": [{"Node Type": "Seq Scan", "Parent Relationship": "Outer", "Relation Name": "info_type", "Alias": "it2", "Startup Cost": 0.0, "Total Cost": 2.4, "Plan Rows": 1, "Plan Width": 4, "Actual Min Startup Time": 0.072, "Actual Max Startup Time": 0.072, "Actual Min Total Time": 0.077, "Actual Max Total Time": 0.077, "Actual Total Rows": 1, "Filter": "((info)::text = 'bottom 10 rank'::text)", "Rows Removed by Filter": 111}, {"Node Type": "Materialize", "Parent Relationship": "Inner", "Startup Cost": 0.0, "Total Cost": 66342.09, "Plan Rows": 396, "Plan Width": 29, "Actual Min Startup Time": 192.814, "Actual Max Startup Time": 192.814, "Actual Min Total Time": 193.085, "Actual Max Total Time": 193.085, "Actual Total Rows": 2646, "Plans": [{"Node Type": "Nested Loop", "Parent Relationship": "Outer", "Join Type": "Inner", "Startup Cost": 0.0, "Total Cost": 66341.1, "Plan Rows": 396, "Plan Width": 29, "Actual Min Startup Time": 111.437, "Actual Max Startup Time": 111.437, "Actual Min Total Time": 191.92, "Actual Max Total Time": 191.92, "Actual Total Rows": 2645, "Inner Unique": false, "Plans": [{"Node Type": "Streaming(type: LOCAL GATHER dop: 1/64)", "Parent Relationship": "Outer", "Startup Cost": 0.0, "Total Cost": 64240.19, "Plan Rows": 258, "Plan Width": 21, "Actual Min Startup Time": 111.362, "Actual Max Startup Time": 111.362, "Actual Min Total Time": 175.256, "Actual Max Total Time": 175.256, "Actual Total Rows": 2536, "Plans": [{"Node Type": "Seq Scan", "Parent Relationship": "Outer", "Relation Name": "title", "Alias": "t", "Startup Cost": 0.0, "Total Cost": 64234.87, "Plan Rows": 258, "Plan Width": 21, "Actual Min Startup Time": 0.032, "Actual Max Startup Time": 7.272, "Actual Min Total Time": 19.369, "Actual Max Total Time": 24.0, "Actual Total Rows": 2536, "Filter": "((production_year > 2000) AND (((title)::text ~~ 'Birdemic%'::text) OR ((title)::text ~~ '%Movie%'::text)))", "Rows Removed by Filter": 2525775}]}, {"Node Type": "Index Scan", "Parent Relationship": "Inner", "Scan Direction": "Forward", "Index Name": "movie_id_movie_info_idx", "Relation Name": "movie_info_idx", "Alias": "mi_idx", "Startup Cost": 0.0, "Total Cost": 8.12, "Plan Rows": 2, "Plan Width": 8, "Actual Min Startup Time": 13.665, "Actual Max Startup Time": 13.665, "Actual Min Total Time": 14.681, "Actual Max Total Time": 14.681, "Actual Total Rows": 2645, "Index Cond": "(movie_id = t.id)", "Rows Removed by Index Recheck": 0}]}]}]}, {"Node Type": "Index Scan", "Parent Relationship": "Inner", "Scan Direction": "Forward", "Index Name": "movie_id_movie_companies", "Relation Name": "movie_companies", "Alias": "mc", "Startup Cost": 0.0, "Total Cost": 0.36, "Plan Rows": 2, "Plan Width": 12, "Actual Min Startup Time": 0.032, "Actual Max Startup Time": 0.032, "Actual Min Total Time": 0.051, "Actual Max Total Time": 0.051, "Actual Total Rows": 33, "Index Cond": "(movie_id = mi_idx.movie_id)", "Rows Removed by Index Recheck": 0}]}, {"Node Type": "Index Scan", "Parent Relationship": "Inner", "Scan Direction": "Forward", "Index Name": "movie_id_movie_info", "Relation Name": "movie_info", "Alias": "mi", "Startup Cost": 0.0, "Total Cost": 0.66, "Plan Rows": 5, "Plan Width": 50, "Actual Min Startup Time": 0.498, "Actual Max Startup Time": 0.498, "Actual Min Total Time": 2.493, "Actual Max Total Time": 2.493, "Actual Total Rows": 4959, "Index Cond": "(movie_id = mc.movie_id)", "Rows Removed by Index Recheck": 0}]}]}, {"Node Type": "Index Scan", "Parent Relationship": "Inner", "Scan Direction": "Forward", "Index Name": "company_name_pkey", "Relation Name": "company_name", "Alias": "cn", "Startup Cost": 0.0, "Total Cost": 0.28, "Plan Rows": 1, "Plan Width": 4, "Actual Min Startup Time": 0.244, "Actual Max Startup Time": 0.244, "Actual Min Total Time": 0.244, "Actual Max Total Time": 0.244, "Actual Total Rows": 10, "Index Cond": "(id = mc.company_id)", "Rows Removed by Index Recheck": 0, "Filter": "((country_code)::text = '[us]'::text)", "Rows Removed by Filter": 23}]}, {"Node Type": "Index Scan", "Parent Relationship": "Inner", "Scan Direction": "Forward", "Index Name": "company_type_pkey", "Relation Name": "company_type", "Alias": "ct", "Startup Cost": 0.0, "Total Cost": 0.28, "Plan Rows": 1, "Plan Width": 4, "Actual Min Startup Time": 0.02, "Actual Max Startup Time": 0.02, "Actual Min Total Time": 0.02, "Actual Max Total Time": 0.02, "Actual Total Rows": 5, "Index Cond": "(id = mc.company_type_id)", "Rows Removed by Index Recheck": 0, "Filter": "((kind IS NOT NULL) AND (((kind)::text = 'production companies'::text) OR ((kind)::text = 'distributors'::text)))", "Rows Removed by Filter": 0}]}]}, "Triggers": [], "Planner Runtime": 21.617, "Total Runtime": 212.864, "Unique SQL Id": 1682224415}}, "(64, 113)": {"explain_plan": {"Plan": {"Node Type": "Aggregate", "Strategy": "Plain", "Startup Cost": 131508.15, "Total Cost": 131508.16, "Plan Rows": 1, "Plan Width": 123, "Plans": [{"Node Type": "Nested Loop", "Parent Relationship": "Outer", "Join Type": "Inner", "Startup Cost": 0.0, "Total Cost": 131508.13, "Plan Rows": 4, "Plan Width": 59, "Inner Unique": true, "Plans": [{"Node Type": "Nested Loop", "Parent Relationship": "Outer", "Join Type": "Inner", "Startup Cost": 0.0, "Total Cost": 131506.99, "Plan Rows": 4, "Plan Width": 63, "Inner Unique": true, "Plans": [{"Node Type": "Nested Loop", "Parent Relationship": "Outer", "Join Type": "Inner", "Startup Cost": 0.0, "Total Cost": 131505.55, "Plan Rows": 5, "Plan Width": 67, "Inner Unique": false, "Join Filter": "(mi.info_type_id = it1.id)", "Plans": [{"Node Type": "Index Scan", "Parent Relationship": "Outer", "Scan Direction": "Forward", "Index Name": "info_type_pkey", "Relation Name": "info_type", "Alias": "it1", "Startup Cost": 0.0, "Total Cost": 14.21, "Plan Rows": 1, "Plan Width": 4, "Filter": "((info)::text = 'budget'::text)"}, {"Node Type": "Nested Loop", "Parent Relationship": "Inner", "Join Type": "Inner", "Startup Cost": 0.0, "Total Cost": 131477.32, "Plan Rows": 1122, "Plan Width": 71, "Inner Unique": false, "Join Filter": "(t.id = mi.movie_id)", "Plans": [{"Node Type": "Nested Loop", "Parent Relationship": "Outer", "Join Type": "Inner", "Startup Cost": 0.0, "Total Cost": 131324.66, "Plan Rows": 210, "Plan Width": 37, "Inner Unique": false, "Join Filter": "(t.id = mc.movie_id)", "Plans": [{"Node Type": "Nested Loop", "Parent Relationship": "Outer", "Join Type": "Inner", "Startup Cost": 0.0, "Total Cost": 131203.89, "Plan Rows": 311, "Plan Width": 25, "Inner Unique": true, "Join Filter": "(mi_idx.info_type_id = it2.id)", "Plans": [{"Node Type": "Nested Loop", "Parent Relationship": "Outer", "Join Type": "Inner", "Startup Cost": 0.0, "Total Cost": 131183.74, "Plan Rows": 396, "Plan Width": 29, "Inner Unique": false, "Plans": [{"Node Type": "Index Scan", "Parent Relationship": "Outer", "Scan Direction": "Forward", "Index Name": "title_pkey", "Relation Name": "title", "Alias": "t", "Startup Cost": 0.0, "Total Cost": 129082.82, "Plan Rows": 258, "Plan Width": 21, "Filter": "((production_year > 2000) AND (((title)::text ~~ 'Birdemic%'::text) OR ((title)::text ~~ '%Movie%'::text)))"}, {"Node Type": "Index Scan", "Parent Relationship": "Inner", "Scan Direction": "Forward", "Index Name": "movie_id_movie_info_idx", "Relation Name": "movie_info_idx", "Alias": "mi_idx", "Startup Cost": 0.0, "Total Cost": 8.12, "Plan Rows": 2, "Plan Width": 8, "Index Cond": "(movie_id = t.id)"}]}, {"Node Type": "Materialize", "Parent Relationship": "Inner", "Startup Cost": 0.0, "Total Cost": 14.22, "Plan Rows": 1, "Plan Width": 4, "Plans": [{"Node Type": "Index Scan", "Parent Relationship": "Outer", "Scan Direction": "Forward", "Index Name": "info_type_pkey", "Relation Name": "info_type", "Alias": "it2", "Startup Cost": 0.0, "Total Cost": 14.21, "Plan Rows": 1, "Plan Width": 4, "Filter": "((info)::text = 'bottom 10 rank'::text)"}]}]}, {"Node Type": "Index Scan", "Parent Relationship": "Inner", "Scan Direction": "Forward", "Index Name": "movie_id_movie_companies", "Relation Name": "movie_companies", "Alias": "mc", "Startup Cost": 0.0, "Total Cost": 0.36, "Plan Rows": 2, "Plan Width": 12, "Index Cond": "(movie_id = mi_idx.movie_id)"}]}, {"Node Type": "Index Scan", "Parent Relationship": "Inner", "Scan Direction": "Forward", "Index Name": "movie_id_movie_info", "Relation Name": "movie_info", "Alias": "mi", "Startup Cost": 0.0, "Total Cost": 0.66, "Plan Rows": 5, "Plan Width": 50, "Index Cond": "(movie_id = mc.movie_id)"}]}]}, {"Node Type": "Index Scan", "Parent Relationship": "Inner", "Scan Direction": "Forward", "Index Name": "company_name_pkey", "Relation Name": "company_name", "Alias": "cn", "Startup Cost": 0.0, "Total Cost": 0.28, "Plan Rows": 1, "Plan Width": 4, "Index Cond": "(id = mc.company_id)", "Filter": "((country_code)::text = '[us]'::text)"}]}, {"Node Type": "Index Scan", "Parent Relationship": "Inner", "Scan Direction": "Forward", "Index Name": "company_type_pkey", "Relation Name": "company_type", "Alias": "ct", "Startup Cost": 0.0, "Total Cost": 0.28, "Plan Rows": 1, "Plan Width": 4, "Index Cond": "(id = mc.company_type_id)", "Filter": "((kind IS NOT NULL) AND (((kind)::text = 'production companies'::text) OR ((kind)::text = 'distributors'::text)))"}]}]}, "Unique SQL Id": 1682224415}, "explain_analyze_plan": null}, "(64, 114)": {"explain_plan": {"Plan": {"Node Type": "Aggregate", "Strategy": "Plain", "Startup Cost": 68876.63, "Total Cost": 68876.64, "Plan Rows": 1, "Plan Width": 123, "Plans": [{"Node Type": "Nested Loop", "Parent Relationship": "Outer", "Join Type": "Inner", "Startup Cost": 5.15, "Total Cost": 68876.61, "Plan Rows": 4, "Plan Width": 59, "Inner Unique": true, "Join Filter": "(mc.company_type_id = ct.id)", "Plans": [{"Node Type": "Nested Loop", "Parent Relationship": "Outer", "Join Type": "Inner", "Startup Cost": 5.15, "Total Cost": 68875.44, "Plan Rows": 4, "Plan Width": 63, "Inner Unique": true, "Plans": [{"Node Type": "Nested Loop", "Parent Relationship": "Outer", "Join Type": "Inner", "Startup Cost": 4.89, "Total Cost": 68854.02, "Plan Rows": 5, "Plan Width": 67, "Inner Unique": false, "Join Filter": "(t.id = mc.movie_id)", "Plans": [{"Node Type": "Nested Loop", "Parent Relationship": "Outer", "Join Type": "Inner", "Startup Cost": 4.63, "Total Cost": 68819.48, "Plan Rows": 8, "Plan Width": 71, "Inner Unique": false, "Join Filter": "(mi.info_type_id = it1.id)", "Plans": [{"Node Type": "Seq Scan", "Parent Relationship": "Outer", "Relation Name": "info_type", "Alias": "it1", "Startup Cost": 0.0, "Total Cost": 2.4, "Plan Rows": 1, "Plan Width": 4, "Filter": "((info)::text = 'budget'::text)"}, {"Node Type": "Nested Loop", "Parent Relationship": "Inner", "Join Type": "Inner", "Startup Cost": 4.63, "Total Cost": 68796.34, "Plan Rows": 1659, "Plan Width": 75, "Inner Unique": false, "Join Filter": "(t.id = mi.movie_id)", "Plans": [{"Node Type": "Nested Loop", "Parent Relationship": "Outer", "Join Type": "Inner", "Startup Cost": 4.17, "Total Cost": 67372.44, "Plan Rows": 311, "Plan Width": 25, "Inner Unique": false, "Join Filter": "(mi_idx.info_type_id = it2.id)", "Plans": [{"Node Type": "Seq Scan", "Parent Relationship": "Outer", "Relation Name": "info_type", "Alias": "it2", "Startup Cost": 0.0, "Total Cost": 2.4, "Plan Rows": 1, "Plan Width": 4, "Filter": "((info)::text = 'bottom 10 rank'::text)"}, {"Node Type": "Materialize", "Parent Relationship": "Inner", "Startup Cost": 4.17, "Total Cost": 67366.08, "Plan Rows": 396, "Plan Width": 29, "Plans": [{"Node Type": "Nested Loop", "Parent Relationship": "Outer", "Join Type": "Inner", "Startup Cost": 4.17, "Total Cost": 67365.09, "Plan Rows": 396, "Plan Width": 29, "Inner Unique": false, "Plans": [{"Node Type": "Streaming(type: LOCAL GATHER dop: 1/64)", "Parent Relationship": "Outer", "Startup Cost": 0.0, "Total Cost": 64240.19, "Plan Rows": 258, "Plan Width": 21, "Plans": [{"Node Type": "Seq Scan", "Parent Relationship": "Outer", "Relation Name": "title", "Alias": "t", "Startup Cost": 0.0, "Total Cost": 64234.87, "Plan Rows": 258, "Plan Width": 21, "Filter": "((production_year > 2000) AND (((title)::text ~~ 'Birdemic%'::text) OR ((title)::text ~~ '%Movie%'::text)))"}]}, {"Node Type": "Bitmap Heap Scan", "Parent Relationship": "Inner", "Relation Name": "movie_info_idx", "Alias": "mi_idx", "Startup Cost": 4.17, "Total Cost": 12.09, "Plan Rows": 2, "Plan Width": 8, "Recheck Cond": "(movie_id = t.id)", "Plans": [{"Node Type": "Bitmap Index Scan", "Parent Relationship": "Outer", "Index Name": "movie_id_movie_info_idx", "Startup Cost": 0.0, "Total Cost": 4.17, "Plan Rows": 2, "Plan Width": 0, "Index Cond": "(movie_id = t.id)"}]}]}]}]}, {"Node Type": "Bitmap Heap Scan", "Parent Relationship": "Inner", "Relation Name": "movie_info", "Alias": "mi", "Startup Cost": 0.45, "Total Cost": 4.52, "Plan Rows": 5, "Plan Width": 50, "Recheck Cond": "(movie_id = mi_idx.movie_id)", "Plans": [{"Node Type": "Bitmap Index Scan", "Parent Relationship": "Outer", "Index Name": "movie_id_movie_info", "Startup Cost": 0.0, "Total Cost": 0.45, "Plan Rows": 5, "Plan Width": 0, "Index Cond": "(movie_id = mi_idx.movie_id)"}]}]}]}, {"Node Type": "Bitmap Heap Scan", "Parent Relationship": "Inner", "Relation Name": "movie_companies", "Alias": "mc", "Startup Cost": 0.27, "Total Cost": 4.29, "Plan Rows": 2, "Plan Width": 12, "Recheck Cond": "(movie_id = mi.movie_id)", "Plans": [{"Node Type": "Bitmap Index Scan", "Parent Relationship": "Outer", "Index Name": "movie_id_movie_companies", "Startup Cost": 0.0, "Total Cost": 0.27, "Plan Rows": 2, "Plan Width": 0, "Index Cond": "(movie_id = mi.movie_id)"}]}]}, {"Node Type": "Bitmap Heap Scan", "Parent Relationship": "Inner", "Relation Name": "company_name", "Alias": "cn", "Startup Cost": 0.26, "Total Cost": 4.27, "Plan Rows": 1, "Plan Width": 4, "Recheck Cond": "(id = mc.company_id)", "Filter": "((country_code)::text = '[us]'::text)", "Plans": [{"Node Type": "Bitmap Index Scan", "Parent Relationship": "Outer", "Index Name": "company_name_pkey", "Startup Cost": 0.0, "Total Cost": 0.26, "Plan Rows": 1, "Plan Width": 0, "Index Cond": "(id = mc.company_id)"}]}]}, {"Node Type": "Materialize", "Parent Relationship": "Inner", "Startup Cost": 0.0, "Total Cost": 1.05, "Plan Rows": 2, "Plan Width": 4, "Plans": [{"Node Type": "Seq Scan", "Parent Relationship": "Outer", "Relation Name": "company_type", "Alias": "ct", "Startup Cost": 0.0, "Total Cost": 1.04, "Plan Rows": 2, "Plan Width": 4, "Filter": "((kind IS NOT NULL) AND (((kind)::text = 'production companies'::text) OR ((kind)::text = 'distributors'::text)))"}]}]}]}, "Unique SQL Id": 1682224415}, "explain_analyze_plan": {"Plan": {"Node Type": "Aggregate", "Strategy": "Plain", "Startup Cost": 68876.63, "Total Cost": 68876.64, "Plan Rows": 1, "Plan Width": 123, "Actual Min Startup Time": 201.177, "Actual Max Startup Time": 201.177, "Actual Min Total Time": 201.177, "Actual Max Total Time": 201.177, "Actual Total Rows": 1, "Plans": [{"Node Type": "Nested Loop", "Parent Relationship": "Outer", "Join Type": "Inner", "Startup Cost": 5.15, "Total Cost": 68876.61, "Plan Rows": 4, "Plan Width": 59, "Actual Min Startup Time": 200.197, "Actual Max Startup Time": 200.197, "Actual Min Total Time": 201.149, "Actual Max Total Time": 201.149, "Actual Total Rows": 5, "Inner Unique": true, "Join Filter": "(mc.company_type_id = ct.id)", "Rows Removed by Join Filter": 5, "Plans": [{"Node Type": "Nested Loop", "Parent Relationship": "Outer", "Join Type": "Inner", "Startup Cost": 5.15, "Total Cost": 68875.44, "Plan Rows": 4, "Plan Width": 63, "Actual Min Startup Time": 200.009, "Actual Max Startup Time": 200.009, "Actual Min Total Time": 201.115, "Actual Max Total Time": 201.115, "Actual Total Rows": 10, "Inner Unique": true, "Plans": [{"Node Type": "Nested Loop", "Parent Relationship": "Outer", "Join Type": "Inner", "Startup Cost": 4.89, "Total Cost": 68854.02, "Plan Rows": 5, "Plan Width": 67, "Actual Min Startup Time": 199.889, "Actual Max Startup Time": 199.889, "Actual Min Total Time": 200.787, "Actual Max Total Time": 200.787, "Actual Total Rows": 33, "Inner Unique": false, "Join Filter": "(t.id = mc.movie_id)", "Rows Removed by Join Filter": 0, "Plans": [{"Node Type": "Nested Loop", "Parent Relationship": "Outer", "Join Type": "Inner", "Startup Cost": 4.63, "Total Cost": 68819.48, "Plan Rows": 8, "Plan Width": 71, "Actual Min Startup Time": 199.846, "Actual Max Startup Time": 199.846, "Actual Min Total Time": 200.7, "Actual Max Total Time": 200.7, "Actual Total Rows": 2, "Inner Unique": false, "Join Filter": "(mi.info_type_id = it1.id)", "Rows Removed by Join Filter": 219, "Plans": [{"Node Type": "Seq Scan", "Parent Relationship": "Outer", "Relation Name": "info_type", "Alias": "it1", "Startup Cost": 0.0, "Total Cost": 2.4, "Plan Rows": 1, "Plan Width": 4, "Actual Min Startup Time": 0.102, "Actual Max Startup Time": 0.102, "Actual Min Total Time": 0.111, "Actual Max Total Time": 0.111, "Actual Total Rows": 1, "Filter": "((info)::text = 'budget'::text)", "Rows Removed by Filter": 111}, {"Node Type": "Nested Loop", "Parent Relationship": "Inner", "Join Type": "Inner", "Startup Cost": 4.63, "Total Cost": 68796.34, "Plan Rows": 1659, "Plan Width": 75, "Actual Min Startup Time": 199.557, "Actual Max Startup Time": 199.557, "Actual Min Total Time": 200.488, "Actual Max Total Time": 200.488, "Actual Total Rows": 221, "Inner Unique": false, "Join Filter": "(t.id = mi.movie_id)", "Rows Removed by Join Filter": 0, "Plans": [{"Node Type": "Nested Loop", "Parent Relationship": "Outer", "Join Type": "Inner", "Startup Cost": 4.17, "Total Cost": 67372.44, "Plan Rows": 311, "Plan Width": 25, "Actual Min Startup Time": 199.501, "Actual Max Startup Time": 199.501, "Actual Min Total Time": 200.129, "Actual Max Total Time": 200.129, "Actual Total Rows": 2, "Inner Unique": false, "Join Filter": "(mi_idx.info_type_id = it2.id)", "Rows Removed by Join Filter": 2643, "Plans": [{"Node Type": "Seq Scan", "Parent Relationship": "Outer", "Relation Name": "info_type", "Alias": "it2", "Startup Cost": 0.0, "Total Cost": 2.4, "Plan Rows": 1, "Plan Width": 4, "Actual Min Startup Time": 0.07, "Actual Max Startup Time": 0.07, "Actual Min Total Time": 0.073, "Actual Max Total Time": 0.073, "Actual Total Rows": 1, "Filter": "((info)::text = 'bottom 10 rank'::text)", "Rows Removed by Filter": 111}, {"Node Type": "Materialize", "Parent Relationship": "Inner", "Startup Cost": 4.17, "Total Cost": 67366.08, "Plan Rows": 396, "Plan Width": 29, "Actual Min Startup Time": 199.231, "Actual Max Startup Time": 199.231, "Actual Min Total Time": 199.494, "Actual Max Total Time": 199.494, "Actual Total Rows": 2646, "Plans": [{"Node Type": "Nested Loop", "Parent Relationship": "Outer", "Join Type": "Inner", "Startup Cost": 4.17, "Total Cost": 67365.09, "Plan Rows": 396, "Plan Width": 29, "Actual Min Startup Time": 98.206, "Actual Max Startup Time": 98.206, "Actual Min Total Time": 198.317, "Actual Max Total Time": 198.317, "Actual Total Rows": 2645, "Inner Unique": false, "Plans": [{"Node Type": "Streaming(type: LOCAL GATHER dop: 1/64)", "Parent Relationship": "Outer", "Startup Cost": 0.0, "Total Cost": 64240.19, "Plan Rows": 258, "Plan Width": 21, "Actual Min Startup Time": 98.096, "Actual Max Startup Time": 98.096, "Actual Min Total Time": 179.103, "Actual Max Total Time": 179.103, "Actual Total Rows": 2536, "Plans": [{"Node Type": "Seq Scan", "Parent Relationship": "Outer", "Relation Name": "title", "Alias": "t", "Startup Cost": 0.0, "Total Cost": 64234.87, "Plan Rows": 258, "Plan Width": 21, "Actual Min Startup Time": 0.033, "Actual Max Startup Time": 7.291, "Actual Min Total Time": 19.364, "Actual Max Total Time": 29.667, "Actual Total Rows": 2536, "Filter": "((production_year > 2000) AND (((title)::text ~~ 'Birdemic%'::text) OR ((title)::text ~~ '%Movie%'::text)))", "Rows Removed by Filter": 2525775}]}, {"Node Type": "Bitmap Heap Scan", "Parent Relationship": "Inner", "Relation Name": "movie_info_idx", "Alias": "mi_idx", "Startup Cost": 4.17, "Total Cost": 12.09, "Plan Rows": 2, "Plan Width": 8, "Actual Min Startup Time": 15.403, "Actual Max Startup Time": 15.403, "Actual Min Total Time": 15.789, "Actual Max Total Time": 15.789, "Actual Total Rows": 2645, "Recheck Cond": "(movie_id = t.id)", "Rows Removed by Index Recheck": 0, "Exact Heap Blocks": 890, "Lossy Heap Blocks": 890, "Plans": [{"Node Type": "Bitmap Index Scan", "Parent Relationship": "Outer", "Index Name": "movie_id_movie_info_idx", "Startup Cost": 0.0, "Total Cost": 4.17, "Plan Rows": 2, "Plan Width": 0, "Actual Min Startup Time": 11.376, "Actual Max Startup Time": 11.376, "Actual Min Total Time": 11.376, "Actual Max Total Time": 11.376, "Actual Total Rows": 2645, "Index Cond": "(movie_id = t.id)"}]}]}]}]}, {"Node Type": "Bitmap Heap Scan", "Parent Relationship": "Inner", "Relation Name": "movie_info", "Alias": "mi", "Startup Cost": 0.45, "Total Cost": 4.52, "Plan Rows": 5, "Plan Width": 50, "Actual Min Startup Time": 0.067, "Actual Max Startup Time": 0.067, "Actual Min Total Time": 0.267, "Actual Max Total Time": 0.267, "Actual Total Rows": 221, "Recheck Cond": "(movie_id = mi_idx.movie_id)", "Rows Removed by Index Recheck": 0, "Exact Heap Blocks": 40, "Lossy Heap Blocks": 40, "Plans": [{"Node Type": "Bitmap Index Scan", "Parent Relationship": "Outer", "Index Name": "movie_id_movie_info", "Startup Cost": 0.0, "Total Cost": 0.45, "Plan Rows": 5, "Plan Width": 0, "Actual Min Startup Time": 0.049, "Actual Max Startup Time": 0.049, "Actual Min Total Time": 0.049, "Actual Max Total Time": 0.049, "Actual Total Rows": 221, "Index Cond": "(movie_id = mi_idx.movie_id)"}]}]}]}, {"Node Type": "Bitmap Heap Scan", "Parent Relationship": "Inner", "Relation Name": "movie_companies", "Alias": "mc", "Startup Cost": 0.27, "Total Cost": 4.29, "Plan Rows": 2, "Plan Width": 12, "Actual Min Startup Time": 0.048, "Actual Max Startup Time": 0.048, "Actual Min Total Time": 0.056, "Actual Max Total Time": 0.056, "Actual Total Rows": 33, "Recheck Cond": "(movie_id = mi.movie_id)", "Rows Removed by Index Recheck": 0, "Exact Heap Blocks": 4, "Lossy Heap Blocks": 4, "Plans": [{"Node Type": "Bitmap Index Scan", "Parent Relationship": "Outer", "Index Name": "movie_id_movie_companies", "Startup Cost": 0.0, "Total Cost": 0.27, "Plan Rows": 2, "Plan Width": 0, "Actual Min Startup Time": 0.029, "Actual Max Startup Time": 0.029, "Actual Min Total Time": 0.029, "Actual Max Total Time": 0.029, "Actual Total Rows": 33, "Index Cond": "(movie_id = mi.movie_id)"}]}]}, {"Node Type": "Bitmap Heap Scan", "Parent Relationship": "Inner", "Relation Name": "company_name", "Alias": "cn", "Startup Cost": 0.26, "Total Cost": 4.27, "Plan Rows": 1, "Plan Width": 4, "Actual Min Startup Time": 0.282, "Actual Max Startup Time": 0.282, "Actual Min Total Time": 0.282, "Actual Max Total Time": 0.282, "Actual Total Rows": 10, "Recheck Cond": "(id = mc.company_id)", "Rows Removed by Index Recheck": 0, "Filter": "((country_code)::text = '[us]'::text)", "Rows Removed by Filter": 23, "Exact Heap Blocks": 33, "Lossy Heap Blocks": 33, "Plans": [{"Node Type": "Bitmap Index Scan", "Parent Relationship": "Outer", "Index Name": "company_name_pkey", "Startup Cost": 0.0, "Total Cost": 0.26, "Plan Rows": 1, "Plan Width": 0, "Actual Min Startup Time": 0.166, "Actual Max Startup Time": 0.166, "Actual Min Total Time": 0.166, "Actual Max Total Time": 0.166, "Actual Total Rows": 33, "Index Cond": "(id = mc.company_id)"}]}]}, {"Node Type": "Materialize", "Parent Relationship": "Inner", "Startup Cost": 0.0, "Total Cost": 1.05, "Plan Rows": 2, "Plan Width": 4, "Actual Min Startup Time": 0.014, "Actual Max Startup Time": 0.014, "Actual Min Total Time": 0.019, "Actual Max Total Time": 0.019, "Actual Total Rows": 10, "Plans": [{"Node Type": "Seq Scan", "Parent Relationship": "Outer", "Relation Name": "company_type", "Alias": "ct", "Startup Cost": 0.0, "Total Cost": 1.04, "Plan Rows": 2, "Plan Width": 4, "Actual Min Startup Time": 0.011, "Actual Max Startup Time": 0.011, "Actual Min Total Time": 0.015, "Actual Max Total Time": 0.015, "Actual Total Rows": 1, "Filter": "((kind IS NOT NULL) AND (((kind)::text = 'production companies'::text) OR ((kind)::text = 'distributors'::text)))", "Rows Removed by Filter": 2}]}]}]}, "Triggers": [], "Planner Runtime": 40.922, "Total Runtime": 213.757, "Unique SQL Id": 1682224415}}, "(64, 115)": {"explain_plan": {"Plan": {"Node Type": "Aggregate", "Strategy": "Plain", "Startup Cost": 134834.77, "Total Cost": 134834.78, "Plan Rows": 1, "Plan Width": 123, "Plans": [{"Node Type": "Nested Loop", "Parent Relationship": "Outer", "Join Type": "Inner", "Startup Cost": 49668.32, "Total Cost": 134834.75, "Plan Rows": 4, "Plan Width": 59, "Inner Unique": true, "Plans": [{"Node Type": "Nested Loop", "Parent Relationship": "Outer", "Join Type": "Inner", "Startup Cost": 49668.06, "Total Cost": 134817.61, "Plan Rows": 4, "Plan Width": 63, "Inner Unique": true, "Plans": [{"Node Type": "Nested Loop", "Parent Relationship": "Outer", "Join Type": "Inner", "Startup Cost": 49667.8, "Total Cost": 134796.19, "Plan Rows": 5, "Plan Width": 67, "Inner Unique": true, "Plans": [{"Node Type": "Nested Loop", "Parent Relationship": "Outer", "Join Type": "Inner", "Startup Cost": 49667.54, "Total Cost": 134517.81, "Plan Rows": 65, "Plan Width": 71, "Inner Unique": false, "Join Filter": "(t.id = mi_idx.movie_id)", "Plans": [{"Node Type": "Nested Loop", "Parent Relationship": "Outer", "Join Type": "Inner", "Startup Cost": 49667.27, "Total Cost": 134336.51, "Plan Rows": 42, "Plan Width": 79, "Inner Unique": false, "Join Filter": "(mi.info_type_id = it1.id)", "Plans": [{"Node Type": "Bitmap Heap Scan", "Parent Relationship": "Outer", "Relation Name": "info_type", "Alias": "it1", "Startup Cost": 8.81, "Total Cost": 14.21, "Plan Rows": 1, "Plan Width": 4, "Filter": "((info)::text = 'budget'::text)", "Plans": [{"Node Type": "Bitmap Index Scan", "Parent Relationship": "Outer", "Index Name": "info_type_pkey", "Startup Cost": 0.0, "Total Cost": 8.81, "Plan Rows": 112, "Plan Width": 0}]}, {"Node Type": "Nested Loop", "Parent Relationship": "Inner", "Join Type": "Inner", "Startup Cost": 49658.46, "Total Cost": 134284.94, "Plan Rows": 2989, "Plan Width": 83, "Inner Unique": false, "Join Filter": "(t.id = mi.movie_id)", "Plans": [{"Node Type": "Nested Loop", "Parent Relationship": "Outer", "Join Type": "Inner", "Startup Cost": 49658.09, "Total Cost": 131831.96, "Plan Rows": 545, "Plan Width": 33, "Inner Unique": false, "Plans": [{"Node Type": "Bitmap Heap Scan", "Parent Relationship": "Outer", "Relation Name": "title", "Alias": "t", "Startup Cost": 49653.87, "Total Cost": 128685.31, "Plan Rows": 258, "Plan Width": 21, "Filter": "((production_year > 2000) AND (((title)::text ~~ 'Birdemic%'::text) OR ((title)::text ~~ '%Movie%'::text)))", "Plans": [{"Node Type": "Bitmap Index Scan", "Parent Relationship": "Outer", "Index Name": "title_pkey", "Startup Cost": 0.0, "Total Cost": 49653.81, "Plan Rows": 2528311, "Plan Width": 0}]}, {"Node Type": "Bitmap Heap Scan", "Parent Relationship": "Inner", "Relation Name": "movie_companies", "Alias": "mc", "Startup Cost": 4.22, "Total Cost": 12.18, "Plan Rows": 2, "Plan Width": 12, "Recheck Cond": "(movie_id = t.id)", "Plans": [{"Node Type": "Bitmap Index Scan", "Parent Relationship": "Outer", "Index Name": "movie_id_movie_companies", "Startup Cost": 0.0, "Total Cost": 4.22, "Plan Rows": 2, "Plan Width": 0, "Index Cond": "(movie_id = t.id)"}]}]}, {"Node Type": "Bitmap Heap Scan", "Parent Relationship": "Inner", "Relation Name": "movie_info", "Alias": "mi", "Startup Cost": 0.38, "Total Cost": 4.44, "Plan Rows": 5, "Plan Width": 50, "Recheck Cond": "(movie_id = mc.movie_id)", "Plans": [{"Node Type": "Bitmap Index Scan", "Parent Relationship": "Outer", "Index Name": "movie_id_movie_info", "Startup Cost": 0.0, "Total Cost": 0.37, "Plan Rows": 5, "Plan Width": 0, "Index Cond": "(movie_id = mc.movie_id)"}]}]}]}, {"Node Type": "Bitmap Heap Scan", "Parent Relationship": "Inner", "Relation Name": "movie_info_idx", "Alias": "mi_idx", "Startup Cost": 0.27, "Total Cost": 4.29, "Plan Rows": 2, "Plan Width": 8, "Recheck Cond": "(movie_id = mi.movie_id)", "Plans": [{"Node Type": "Bitmap Index Scan", "Parent Relationship": "Outer", "Index Name": "movie_id_movie_info_idx", "Startup Cost": 0.0, "Total Cost": 0.27, "Plan Rows": 2, "Plan Width": 0, "Index Cond": "(movie_id = mi.movie_id)"}]}]}, {"Node Type": "Bitmap Heap Scan", "Parent Relationship": "Inner", "Relation Name": "info_type", "Alias": "it2", "Startup Cost": 0.26, "Total Cost": 4.27, "Plan Rows": 1, "Plan Width": 4, "Recheck Cond": "(id = mi_idx.info_type_id)", "Filter": "((info)::text = 'bottom 10 rank'::text)", "Plans": [{"Node Type": "Bitmap Index Scan", "Parent Relationship": "Outer", "Index Name": "info_type_pkey", "Startup Cost": 0.0, "Total Cost": 0.26, "Plan Rows": 1, "Plan Width": 0, "Index Cond": "(id = mi_idx.info_type_id)"}]}]}, {"Node Type": "Bitmap Heap Scan", "Parent Relationship": "Inner", "Relation Name": "company_name", "Alias": "cn", "Startup Cost": 0.26, "Total Cost": 4.27, "Plan Rows": 1, "Plan Width": 4, "Recheck Cond": "(id = mc.company_id)", "Filter": "((country_code)::text = '[us]'::text)", "Plans": [{"Node Type": "Bitmap Index Scan", "Parent Relationship": "Outer", "Index Name": "company_name_pkey", "Startup Cost": 0.0, "Total Cost": 0.26, "Plan Rows": 1, "Plan Width": 0, "Index Cond": "(id = mc.company_id)"}]}]}, {"Node Type": "Bitmap Heap Scan", "Parent Relationship": "Inner", "Relation Name": "company_type", "Alias": "ct", "Startup Cost": 0.26, "Total Cost": 4.28, "Plan Rows": 1, "Plan Width": 4, "Recheck Cond": "(id = mc.company_type_id)", "Filter": "((kind IS NOT NULL) AND (((kind)::text = 'production companies'::text) OR ((kind)::text = 'distributors'::text)))", "Plans": [{"Node Type": "Bitmap Index Scan", "Parent Relationship": "Outer", "Index Name": "company_type_pkey", "Startup Cost": 0.0, "Total Cost": 0.26, "Plan Rows": 1, "Plan Width": 0, "Index Cond": "(id = mc.company_type_id)"}]}]}]}, "Unique SQL Id": 1682224415}, "explain_analyze_plan": null}, "(64, 116)": {"explain_plan": {"Plan": {"Node Type": "Aggregate", "Strategy": "Plain", "Startup Cost": 66640.91, "Total Cost": 66640.92, "Plan Rows": 1, "Plan Width": 123, "Plans": [{"Node Type": "Nested Loop", "Parent Relationship": "Outer", "Join Type": "Inner", "Startup Cost": 0.0, "Total Cost": 66640.89, "Plan Rows": 4, "Plan Width": 59, "Inner Unique": true, "Plans": [{"Node Type": "Nested Loop", "Parent Relationship": "Outer", "Join Type": "Inner", "Startup Cost": 0.0, "Total Cost": 66639.75, "Plan Rows": 4, "Plan Width": 63, "Inner Unique": true, "Plans": [{"Node Type": "Nested Loop", "Parent Relationship": "Outer", "Join Type": "Inner", "Startup Cost": 0.0, "Total Cost": 66638.31, "Plan Rows": 5, "Plan Width": 67, "Inner Unique": false, "Join Filter": "(mi.info_type_id = it1.id)", "Plans": [{"Node Type": "Seq Scan", "Parent Relationship": "Outer", "Relation Name": "info_type", "Alias": "it1", "Startup Cost": 0.0, "Total Cost": 2.4, "Plan Rows": 1, "Plan Width": 4, "Filter": "((info)::text = 'budget'::text)"}, {"Node Type": "Nested Loop", "Parent Relationship": "Inner", "Join Type": "Inner", "Startup Cost": 0.0, "Total Cost": 66621.88, "Plan Rows": 1122, "Plan Width": 71, "Inner Unique": false, "Join Filter": "(t.id = mi.movie_id)", "Plans": [{"Node Type": "Nested Loop", "Parent Relationship": "Outer", "Join Type": "Inner", "Startup Cost": 0.0, "Total Cost": 66469.22, "Plan Rows": 210, "Plan Width": 37, "Inner Unique": false, "Join Filter": "(t.id = mc.movie_id)", "Plans": [{"Node Type": "Nested Loop", "Parent Relationship": "Outer", "Join Type": "Inner", "Startup Cost": 0.0, "Total Cost": 66348.45, "Plan Rows": 311, "Plan Width": 25, "Inner Unique": false, "Join Filter": "(mi_idx.info_type_id = it2.id)", "Plans": [{"Node Type": "Seq Scan", "Parent Relationship": "Outer", "Relation Name": "info_type", "Alias": "it2", "Startup Cost": 0.0, "Total Cost": 2.4, "Plan Rows": 1, "Plan Width": 4, "Filter": "((info)::text = 'bottom 10 rank'::text)"}, {"Node Type": "Materialize", "Parent Relationship": "Inner", "Startup Cost": 0.0, "Total Cost": 66342.09, "Plan Rows": 396, "Plan Width": 29, "Plans": [{"Node Type": "Nested Loop", "Parent Relationship": "Outer", "Join Type": "Inner", "Startup Cost": 0.0, "Total Cost": 66341.1, "Plan Rows": 396, "Plan Width": 29, "Inner Unique": false, "Plans": [{"Node Type": "Streaming(type: LOCAL GATHER dop: 1/64)", "Parent Relationship": "Outer", "Startup Cost": 0.0, "Total Cost": 64240.19, "Plan Rows": 258, "Plan Width": 21, "Plans": [{"Node Type": "Seq Scan", "Parent Relationship": "Outer", "Relation Name": "title", "Alias": "t", "Startup Cost": 0.0, "Total Cost": 64234.87, "Plan Rows": 258, "Plan Width": 21, "Filter": "((production_year > 2000) AND (((title)::text ~~ 'Birdemic%'::text) OR ((title)::text ~~ '%Movie%'::text)))"}]}, {"Node Type": "Index Scan", "Parent Relationship": "Inner", "Scan Direction": "Forward", "Index Name": "movie_id_movie_info_idx", "Relation Name": "movie_info_idx", "Alias": "mi_idx", "Startup Cost": 0.0, "Total Cost": 8.12, "Plan Rows": 2, "Plan Width": 8, "Index Cond": "(movie_id = t.id)"}]}]}]}, {"Node Type": "Index Scan", "Parent Relationship": "Inner", "Scan Direction": "Forward", "Index Name": "movie_id_movie_companies", "Relation Name": "movie_companies", "Alias": "mc", "Startup Cost": 0.0, "Total Cost": 0.36, "Plan Rows": 2, "Plan Width": 12, "Index Cond": "(movie_id = mi_idx.movie_id)"}]}, {"Node Type": "Index Scan", "Parent Relationship": "Inner", "Scan Direction": "Forward", "Index Name": "movie_id_movie_info", "Relation Name": "movie_info", "Alias": "mi", "Startup Cost": 0.0, "Total Cost": 0.66, "Plan Rows": 5, "Plan Width": 50, "Index Cond": "(movie_id = mc.movie_id)"}]}]}, {"Node Type": "Index Scan", "Parent Relationship": "Inner", "Scan Direction": "Forward", "Index Name": "company_name_pkey", "Relation Name": "company_name", "Alias": "cn", "Startup Cost": 0.0, "Total Cost": 0.28, "Plan Rows": 1, "Plan Width": 4, "Index Cond": "(id = mc.company_id)", "Filter": "((country_code)::text = '[us]'::text)"}]}, {"Node Type": "Index Scan", "Parent Relationship": "Inner", "Scan Direction": "Forward", "Index Name": "company_type_pkey", "Relation Name": "company_type", "Alias": "ct", "Startup Cost": 0.0, "Total Cost": 0.28, "Plan Rows": 1, "Plan Width": 4, "Index Cond": "(id = mc.company_type_id)", "Filter": "((kind IS NOT NULL) AND (((kind)::text = 'production companies'::text) OR ((kind)::text = 'distributors'::text)))"}]}]}, "Unique SQL Id": 1682224415}, "explain_analyze_plan": {"Plan": {"Node Type": "Aggregate", "Strategy": "Plain", "Startup Cost": 66640.91, "Total Cost": 66640.92, "Plan Rows": 1, "Plan Width": 123, "Actual Min Startup Time": 199.349, "Actual Max Startup Time": 199.349, "Actual Min Total Time": 199.35, "Actual Max Total Time": 199.35, "Actual Total Rows": 1, "Plans": [{"Node Type": "Nested Loop", "Parent Relationship": "Outer", "Join Type": "Inner", "Startup Cost": 0.0, "Total Cost": 66640.89, "Plan Rows": 4, "Plan Width": 59, "Actual Min Startup Time": 198.208, "Actual Max Startup Time": 198.208, "Actual Min Total Time": 199.313, "Actual Max Total Time": 199.313, "Actual Total Rows": 5, "Inner Unique": true, "Plans": [{"Node Type": "Nested Loop", "Parent Relationship": "Outer", "Join Type": "Inner", "Startup Cost": 0.0, "Total Cost": 66639.75, "Plan Rows": 4, "Plan Width": 63, "Actual Min Startup Time": 195.34, "Actual Max Startup Time": 195.34, "Actual Min Total Time": 199.281, "Actual Max Total Time": 199.281, "Actual Total Rows": 10, "Inner Unique": true, "Plans": [{"Node Type": "Nested Loop", "Parent Relationship": "Outer", "Join Type": "Inner", "Startup Cost": 0.0, "Total Cost": 66638.31, "Plan Rows": 5, "Plan Width": 67, "Actual Min Startup Time": 193.942, "Actual Max Startup Time": 193.942, "Actual Min Total Time": 199.008, "Actual Max Total Time": 199.008, "Actual Total Rows": 33, "Inner Unique": false, "Join Filter": "(mi.info_type_id = it1.id)", "Rows Removed by Join Filter": 4926, "Plans": [{"Node Type": "Seq Scan", "Parent Relationship": "Outer", "Relation Name": "info_type", "Alias": "it1", "Startup Cost": 0.0, "Total Cost": 2.4, "Plan Rows": 1, "Plan Width": 4, "Actual Min Startup Time": 0.111, "Actual Max Startup Time": 0.111, "Actual Min Total Time": 0.12, "Actual Max Total Time": 0.12, "Actual Total Rows": 1, "Filter": "((info)::text = 'budget'::text)", "Rows Removed by Filter": 111}, {"Node Type": "Nested Loop", "Parent Relationship": "Inner", "Join Type": "Inner", "Startup Cost": 0.0, "Total Cost": 66621.88, "Plan Rows": 1122, "Plan Width": 71, "Actual Min Startup Time": 193.654, "Actual Max Startup Time": 193.654, "Actual Min Total Time": 197.898, "Actual Max Total Time": 197.898, "Actual Total Rows": 4959, "Inner Unique": false, "Join Filter": "(t.id = mi.movie_id)", "Rows Removed by Join Filter": 0, "Plans": [{"Node Type": "Nested Loop", "Parent Relationship": "Outer", "Join Type": "Inner", "Startup Cost": 0.0, "Total Cost": 66469.22, "Plan Rows": 210, "Plan Width": 37, "Actual Min Startup Time": 193.619, "Actual Max Startup Time": 193.619, "Actual Min Total Time": 193.798, "Actual Max Total Time": 193.798, "Actual Total Rows": 33, "Inner Unique": false, "Join Filter": "(t.id = mc.movie_id)", "Rows Removed by Join Filter": 0, "Plans": [{"Node Type": "Nested Loop", "Parent Relationship": "Outer", "Join Type": "Inner", "Startup Cost": 0.0, "Total Cost": 66348.45, "Plan Rows": 311, "Plan Width": 25, "Actual Min Startup Time": 193.591, "Actual Max Startup Time": 193.591, "Actual Min Total Time": 193.726, "Actual Max Total Time": 193.726, "Actual Total Rows": 2, "Inner Unique": false, "Join Filter": "(mi_idx.info_type_id = it2.id)", "Rows Removed by Join Filter": 2643, "Plans": [{"Node Type": "Seq Scan", "Parent Relationship": "Outer", "Relation Name": "info_type", "Alias": "it2", "Startup Cost": 0.0, "Total Cost": 2.4, "Plan Rows": 1, "Plan Width": 4, "Actual Min Startup Time": 0.072, "Actual Max Startup Time": 0.072, "Actual Min Total Time": 0.077, "Actual Max Total Time": 0.077, "Actual Total Rows": 1, "Filter": "((info)::text = 'bottom 10 rank'::text)", "Rows Removed by Filter": 111}, {"Node Type": "Materialize", "Parent Relationship": "Inner", "Startup Cost": 0.0, "Total Cost": 66342.09, "Plan Rows": 396, "Plan Width": 29, "Actual Min Startup Time": 192.814, "Actual Max Startup Time": 192.814, "Actual Min Total Time": 193.085, "Actual Max Total Time": 193.085, "Actual Total Rows": 2646, "Plans": [{"Node Type": "Nested Loop", "Parent Relationship": "Outer", "Join Type": "Inner", "Startup Cost": 0.0, "Total Cost": 66341.1, "Plan Rows": 396, "Plan Width": 29, "Actual Min Startup Time": 111.437, "Actual Max Startup Time": 111.437, "Actual Min Total Time": 191.92, "Actual Max Total Time": 191.92, "Actual Total Rows": 2645, "Inner Unique": false, "Plans": [{"Node Type": "Streaming(type: LOCAL GATHER dop: 1/64)", "Parent Relationship": "Outer", "Startup Cost": 0.0, "Total Cost": 64240.19, "Plan Rows": 258, "Plan Width": 21, "Actual Min Startup Time": 111.362, "Actual Max Startup Time": 111.362, "Actual Min Total Time": 175.256, "Actual Max Total Time": 175.256, "Actual Total Rows": 2536, "Plans": [{"Node Type": "Seq Scan", "Parent Relationship": "Outer", "Relation Name": "title", "Alias": "t", "Startup Cost": 0.0, "Total Cost": 64234.87, "Plan Rows": 258, "Plan Width": 21, "Actual Min Startup Time": 0.032, "Actual Max Startup Time": 7.272, "Actual Min Total Time": 19.369, "Actual Max Total Time": 24.0, "Actual Total Rows": 2536, "Filter": "((production_year > 2000) AND (((title)::text ~~ 'Birdemic%'::text) OR ((title)::text ~~ '%Movie%'::text)))", "Rows Removed by Filter": 2525775}]}, {"Node Type": "Index Scan", "Parent Relationship": "Inner", "Scan Direction": "Forward", "Index Name": "movie_id_movie_info_idx", "Relation Name": "movie_info_idx", "Alias": "mi_idx", "Startup Cost": 0.0, "Total Cost": 8.12, "Plan Rows": 2, "Plan Width": 8, "Actual Min Startup Time": 13.665, "Actual Max Startup Time": 13.665, "Actual Min Total Time": 14.681, "Actual Max Total Time": 14.681, "Actual Total Rows": 2645, "Index Cond": "(movie_id = t.id)", "Rows Removed by Index Recheck": 0}]}]}]}, {"Node Type": "Index Scan", "Parent Relationship": "Inner", "Scan Direction": "Forward", "Index Name": "movie_id_movie_companies", "Relation Name": "movie_companies", "Alias": "mc", "Startup Cost": 0.0, "Total Cost": 0.36, "Plan Rows": 2, "Plan Width": 12, "Actual Min Startup Time": 0.032, "Actual Max Startup Time": 0.032, "Actual Min Total Time": 0.051, "Actual Max Total Time": 0.051, "Actual Total Rows": 33, "Index Cond": "(movie_id = mi_idx.movie_id)", "Rows Removed by Index Recheck": 0}]}, {"Node Type": "Index Scan", "Parent Relationship": "Inner", "Scan Direction": "Forward", "Index Name": "movie_id_movie_info", "Relation Name": "movie_info", "Alias": "mi", "Startup Cost": 0.0, "Total Cost": 0.66, "Plan Rows": 5, "Plan Width": 50, "Actual Min Startup Time": 0.498, "Actual Max Startup Time": 0.498, "Actual Min Total Time": 2.493, "Actual Max Total Time": 2.493, "Actual Total Rows": 4959, "Index Cond": "(movie_id = mc.movie_id)", "Rows Removed by Index Recheck": 0}]}]}, {"Node Type": "Index Scan", "Parent Relationship": "Inner", "Scan Direction": "Forward", "Index Name": "company_name_pkey", "Relation Name": "company_name", "Alias": "cn", "Startup Cost": 0.0, "Total Cost": 0.28, "Plan Rows": 1, "Plan Width": 4, "Actual Min Startup Time": 0.244, "Actual Max Startup Time": 0.244, "Actual Min Total Time": 0.244, "Actual Max Total Time": 0.244, "Actual Total Rows": 10, "Index Cond": "(id = mc.company_id)", "Rows Removed by Index Recheck": 0, "Filter": "((country_code)::text = '[us]'::text)", "Rows Removed by Filter": 23}]}, {"Node Type": "Index Scan", "Parent Relationship": "Inner", "Scan Direction": "Forward", "Index Name": "company_type_pkey", "Relation Name": "company_type", "Alias": "ct", "Startup Cost": 0.0, "Total Cost": 0.28, "Plan Rows": 1, "Plan Width": 4, "Actual Min Startup Time": 0.02, "Actual Max Startup Time": 0.02, "Actual Min Total Time": 0.02, "Actual Max Total Time": 0.02, "Actual Total Rows": 5, "Index Cond": "(id = mc.company_type_id)", "Rows Removed by Index Recheck": 0, "Filter": "((kind IS NOT NULL) AND (((kind)::text = 'production companies'::text) OR ((kind)::text = 'distributors'::text)))", "Rows Removed by Filter": 0}]}]}, "Triggers": [], "Planner Runtime": 21.617, "Total Runtime": 212.864, "Unique SQL Id": 1682224415}}, "(64, 117)": {"explain_plan": {"Plan": {"Node Type": "Aggregate", "Strategy": "Plain", "Startup Cost": 131508.15, "Total Cost": 131508.16, "Plan Rows": 1, "Plan Width": 123, "Plans": [{"Node Type": "Nested Loop", "Parent Relationship": "Outer", "Join Type": "Inner", "Startup Cost": 0.0, "Total Cost": 131508.13, "Plan Rows": 4, "Plan Width": 59, "Inner Unique": true, "Plans": [{"Node Type": "Nested Loop", "Parent Relationship": "Outer", "Join Type": "Inner", "Startup Cost": 0.0, "Total Cost": 131506.99, "Plan Rows": 4, "Plan Width": 63, "Inner Unique": true, "Plans": [{"Node Type": "Nested Loop", "Parent Relationship": "Outer", "Join Type": "Inner", "Startup Cost": 0.0, "Total Cost": 131505.55, "Plan Rows": 5, "Plan Width": 67, "Inner Unique": false, "Join Filter": "(mi.info_type_id = it1.id)", "Plans": [{"Node Type": "Index Scan", "Parent Relationship": "Outer", "Scan Direction": "Forward", "Index Name": "info_type_pkey", "Relation Name": "info_type", "Alias": "it1", "Startup Cost": 0.0, "Total Cost": 14.21, "Plan Rows": 1, "Plan Width": 4, "Filter": "((info)::text = 'budget'::text)"}, {"Node Type": "Nested Loop", "Parent Relationship": "Inner", "Join Type": "Inner", "Startup Cost": 0.0, "Total Cost": 131477.32, "Plan Rows": 1122, "Plan Width": 71, "Inner Unique": false, "Join Filter": "(t.id = mi.movie_id)", "Plans": [{"Node Type": "Nested Loop", "Parent Relationship": "Outer", "Join Type": "Inner", "Startup Cost": 0.0, "Total Cost": 131324.66, "Plan Rows": 210, "Plan Width": 37, "Inner Unique": false, "Join Filter": "(t.id = mc.movie_id)", "Plans": [{"Node Type": "Nested Loop", "Parent Relationship": "Outer", "Join Type": "Inner", "Startup Cost": 0.0, "Total Cost": 131203.89, "Plan Rows": 311, "Plan Width": 25, "Inner Unique": true, "Join Filter": "(mi_idx.info_type_id = it2.id)", "Plans": [{"Node Type": "Nested Loop", "Parent Relationship": "Outer", "Join Type": "Inner", "Startup Cost": 0.0, "Total Cost": 131183.74, "Plan Rows": 396, "Plan Width": 29, "Inner Unique": false, "Plans": [{"Node Type": "Index Scan", "Parent Relationship": "Outer", "Scan Direction": "Forward", "Index Name": "title_pkey", "Relation Name": "title", "Alias": "t", "Startup Cost": 0.0, "Total Cost": 129082.82, "Plan Rows": 258, "Plan Width": 21, "Filter": "((production_year > 2000) AND (((title)::text ~~ 'Birdemic%'::text) OR ((title)::text ~~ '%Movie%'::text)))"}, {"Node Type": "Index Scan", "Parent Relationship": "Inner", "Scan Direction": "Forward", "Index Name": "movie_id_movie_info_idx", "Relation Name": "movie_info_idx", "Alias": "mi_idx", "Startup Cost": 0.0, "Total Cost": 8.12, "Plan Rows": 2, "Plan Width": 8, "Index Cond": "(movie_id = t.id)"}]}, {"Node Type": "Materialize", "Parent Relationship": "Inner", "Startup Cost": 0.0, "Total Cost": 14.22, "Plan Rows": 1, "Plan Width": 4, "Plans": [{"Node Type": "Index Scan", "Parent Relationship": "Outer", "Scan Direction": "Forward", "Index Name": "info_type_pkey", "Relation Name": "info_type", "Alias": "it2", "Startup Cost": 0.0, "Total Cost": 14.21, "Plan Rows": 1, "Plan Width": 4, "Filter": "((info)::text = 'bottom 10 rank'::text)"}]}]}, {"Node Type": "Index Scan", "Parent Relationship": "Inner", "Scan Direction": "Forward", "Index Name": "movie_id_movie_companies", "Relation Name": "movie_companies", "Alias": "mc", "Startup Cost": 0.0, "Total Cost": 0.36, "Plan Rows": 2, "Plan Width": 12, "Index Cond": "(movie_id = mi_idx.movie_id)"}]}, {"Node Type": "Index Scan", "Parent Relationship": "Inner", "Scan Direction": "Forward", "Index Name": "movie_id_movie_info", "Relation Name": "movie_info", "Alias": "mi", "Startup Cost": 0.0, "Total Cost": 0.66, "Plan Rows": 5, "Plan Width": 50, "Index Cond": "(movie_id = mc.movie_id)"}]}]}, {"Node Type": "Index Scan", "Parent Relationship": "Inner", "Scan Direction": "Forward", "Index Name": "company_name_pkey", "Relation Name": "company_name", "Alias": "cn", "Startup Cost": 0.0, "Total Cost": 0.28, "Plan Rows": 1, "Plan Width": 4, "Index Cond": "(id = mc.company_id)", "Filter": "((country_code)::text = '[us]'::text)"}]}, {"Node Type": "Index Scan", "Parent Relationship": "Inner", "Scan Direction": "Forward", "Index Name": "company_type_pkey", "Relation Name": "company_type", "Alias": "ct", "Startup Cost": 0.0, "Total Cost": 0.28, "Plan Rows": 1, "Plan Width": 4, "Index Cond": "(id = mc.company_type_id)", "Filter": "((kind IS NOT NULL) AND (((kind)::text = 'production companies'::text) OR ((kind)::text = 'distributors'::text)))"}]}]}, "Unique SQL Id": 1682224415}, "explain_analyze_plan": null}, "(64, 118)": {"explain_plan": {"Plan": {"Node Type": "Aggregate", "Strategy": "Plain", "Startup Cost": 68876.63, "Total Cost": 68876.64, "Plan Rows": 1, "Plan Width": 123, "Plans": [{"Node Type": "Nested Loop", "Parent Relationship": "Outer", "Join Type": "Inner", "Startup Cost": 5.15, "Total Cost": 68876.61, "Plan Rows": 4, "Plan Width": 59, "Inner Unique": true, "Join Filter": "(mc.company_type_id = ct.id)", "Plans": [{"Node Type": "Nested Loop", "Parent Relationship": "Outer", "Join Type": "Inner", "Startup Cost": 5.15, "Total Cost": 68875.44, "Plan Rows": 4, "Plan Width": 63, "Inner Unique": true, "Plans": [{"Node Type": "Nested Loop", "Parent Relationship": "Outer", "Join Type": "Inner", "Startup Cost": 4.89, "Total Cost": 68854.02, "Plan Rows": 5, "Plan Width": 67, "Inner Unique": false, "Join Filter": "(t.id = mc.movie_id)", "Plans": [{"Node Type": "Nested Loop", "Parent Relationship": "Outer", "Join Type": "Inner", "Startup Cost": 4.63, "Total Cost": 68819.48, "Plan Rows": 8, "Plan Width": 71, "Inner Unique": false, "Join Filter": "(mi.info_type_id = it1.id)", "Plans": [{"Node Type": "Seq Scan", "Parent Relationship": "Outer", "Relation Name": "info_type", "Alias": "it1", "Startup Cost": 0.0, "Total Cost": 2.4, "Plan Rows": 1, "Plan Width": 4, "Filter": "((info)::text = 'budget'::text)"}, {"Node Type": "Nested Loop", "Parent Relationship": "Inner", "Join Type": "Inner", "Startup Cost": 4.63, "Total Cost": 68796.34, "Plan Rows": 1659, "Plan Width": 75, "Inner Unique": false, "Join Filter": "(t.id = mi.movie_id)", "Plans": [{"Node Type": "Nested Loop", "Parent Relationship": "Outer", "Join Type": "Inner", "Startup Cost": 4.17, "Total Cost": 67372.44, "Plan Rows": 311, "Plan Width": 25, "Inner Unique": false, "Join Filter": "(mi_idx.info_type_id = it2.id)", "Plans": [{"Node Type": "Seq Scan", "Parent Relationship": "Outer", "Relation Name": "info_type", "Alias": "it2", "Startup Cost": 0.0, "Total Cost": 2.4, "Plan Rows": 1, "Plan Width": 4, "Filter": "((info)::text = 'bottom 10 rank'::text)"}, {"Node Type": "Materialize", "Parent Relationship": "Inner", "Startup Cost": 4.17, "Total Cost": 67366.08, "Plan Rows": 396, "Plan Width": 29, "Plans": [{"Node Type": "Nested Loop", "Parent Relationship": "Outer", "Join Type": "Inner", "Startup Cost": 4.17, "Total Cost": 67365.09, "Plan Rows": 396, "Plan Width": 29, "Inner Unique": false, "Plans": [{"Node Type": "Streaming(type: LOCAL GATHER dop: 1/64)", "Parent Relationship": "Outer", "Startup Cost": 0.0, "Total Cost": 64240.19, "Plan Rows": 258, "Plan Width": 21, "Plans": [{"Node Type": "Seq Scan", "Parent Relationship": "Outer", "Relation Name": "title", "Alias": "t", "Startup Cost": 0.0, "Total Cost": 64234.87, "Plan Rows": 258, "Plan Width": 21, "Filter": "((production_year > 2000) AND (((title)::text ~~ 'Birdemic%'::text) OR ((title)::text ~~ '%Movie%'::text)))"}]}, {"Node Type": "Bitmap Heap Scan", "Parent Relationship": "Inner", "Relation Name": "movie_info_idx", "Alias": "mi_idx", "Startup Cost": 4.17, "Total Cost": 12.09, "Plan Rows": 2, "Plan Width": 8, "Recheck Cond": "(movie_id = t.id)", "Plans": [{"Node Type": "Bitmap Index Scan", "Parent Relationship": "Outer", "Index Name": "movie_id_movie_info_idx", "Startup Cost": 0.0, "Total Cost": 4.17, "Plan Rows": 2, "Plan Width": 0, "Index Cond": "(movie_id = t.id)"}]}]}]}]}, {"Node Type": "Bitmap Heap Scan", "Parent Relationship": "Inner", "Relation Name": "movie_info", "Alias": "mi", "Startup Cost": 0.45, "Total Cost": 4.52, "Plan Rows": 5, "Plan Width": 50, "Recheck Cond": "(movie_id = mi_idx.movie_id)", "Plans": [{"Node Type": "Bitmap Index Scan", "Parent Relationship": "Outer", "Index Name": "movie_id_movie_info", "Startup Cost": 0.0, "Total Cost": 0.45, "Plan Rows": 5, "Plan Width": 0, "Index Cond": "(movie_id = mi_idx.movie_id)"}]}]}]}, {"Node Type": "Bitmap Heap Scan", "Parent Relationship": "Inner", "Relation Name": "movie_companies", "Alias": "mc", "Startup Cost": 0.27, "Total Cost": 4.29, "Plan Rows": 2, "Plan Width": 12, "Recheck Cond": "(movie_id = mi.movie_id)", "Plans": [{"Node Type": "Bitmap Index Scan", "Parent Relationship": "Outer", "Index Name": "movie_id_movie_companies", "Startup Cost": 0.0, "Total Cost": 0.27, "Plan Rows": 2, "Plan Width": 0, "Index Cond": "(movie_id = mi.movie_id)"}]}]}, {"Node Type": "Bitmap Heap Scan", "Parent Relationship": "Inner", "Relation Name": "company_name", "Alias": "cn", "Startup Cost": 0.26, "Total Cost": 4.27, "Plan Rows": 1, "Plan Width": 4, "Recheck Cond": "(id = mc.company_id)", "Filter": "((country_code)::text = '[us]'::text)", "Plans": [{"Node Type": "Bitmap Index Scan", "Parent Relationship": "Outer", "Index Name": "company_name_pkey", "Startup Cost": 0.0, "Total Cost": 0.26, "Plan Rows": 1, "Plan Width": 0, "Index Cond": "(id = mc.company_id)"}]}]}, {"Node Type": "Materialize", "Parent Relationship": "Inner", "Startup Cost": 0.0, "Total Cost": 1.05, "Plan Rows": 2, "Plan Width": 4, "Plans": [{"Node Type": "Seq Scan", "Parent Relationship": "Outer", "Relation Name": "company_type", "Alias": "ct", "Startup Cost": 0.0, "Total Cost": 1.04, "Plan Rows": 2, "Plan Width": 4, "Filter": "((kind IS NOT NULL) AND (((kind)::text = 'production companies'::text) OR ((kind)::text = 'distributors'::text)))"}]}]}]}, "Unique SQL Id": 1682224415}, "explain_analyze_plan": {"Plan": {"Node Type": "Aggregate", "Strategy": "Plain", "Startup Cost": 68876.63, "Total Cost": 68876.64, "Plan Rows": 1, "Plan Width": 123, "Actual Min Startup Time": 201.177, "Actual Max Startup Time": 201.177, "Actual Min Total Time": 201.177, "Actual Max Total Time": 201.177, "Actual Total Rows": 1, "Plans": [{"Node Type": "Nested Loop", "Parent Relationship": "Outer", "Join Type": "Inner", "Startup Cost": 5.15, "Total Cost": 68876.61, "Plan Rows": 4, "Plan Width": 59, "Actual Min Startup Time": 200.197, "Actual Max Startup Time": 200.197, "Actual Min Total Time": 201.149, "Actual Max Total Time": 201.149, "Actual Total Rows": 5, "Inner Unique": true, "Join Filter": "(mc.company_type_id = ct.id)", "Rows Removed by Join Filter": 5, "Plans": [{"Node Type": "Nested Loop", "Parent Relationship": "Outer", "Join Type": "Inner", "Startup Cost": 5.15, "Total Cost": 68875.44, "Plan Rows": 4, "Plan Width": 63, "Actual Min Startup Time": 200.009, "Actual Max Startup Time": 200.009, "Actual Min Total Time": 201.115, "Actual Max Total Time": 201.115, "Actual Total Rows": 10, "Inner Unique": true, "Plans": [{"Node Type": "Nested Loop", "Parent Relationship": "Outer", "Join Type": "Inner", "Startup Cost": 4.89, "Total Cost": 68854.02, "Plan Rows": 5, "Plan Width": 67, "Actual Min Startup Time": 199.889, "Actual Max Startup Time": 199.889, "Actual Min Total Time": 200.787, "Actual Max Total Time": 200.787, "Actual Total Rows": 33, "Inner Unique": false, "Join Filter": "(t.id = mc.movie_id)", "Rows Removed by Join Filter": 0, "Plans": [{"Node Type": "Nested Loop", "Parent Relationship": "Outer", "Join Type": "Inner", "Startup Cost": 4.63, "Total Cost": 68819.48, "Plan Rows": 8, "Plan Width": 71, "Actual Min Startup Time": 199.846, "Actual Max Startup Time": 199.846, "Actual Min Total Time": 200.7, "Actual Max Total Time": 200.7, "Actual Total Rows": 2, "Inner Unique": false, "Join Filter": "(mi.info_type_id = it1.id)", "Rows Removed by Join Filter": 219, "Plans": [{"Node Type": "Seq Scan", "Parent Relationship": "Outer", "Relation Name": "info_type", "Alias": "it1", "Startup Cost": 0.0, "Total Cost": 2.4, "Plan Rows": 1, "Plan Width": 4, "Actual Min Startup Time": 0.102, "Actual Max Startup Time": 0.102, "Actual Min Total Time": 0.111, "Actual Max Total Time": 0.111, "Actual Total Rows": 1, "Filter": "((info)::text = 'budget'::text)", "Rows Removed by Filter": 111}, {"Node Type": "Nested Loop", "Parent Relationship": "Inner", "Join Type": "Inner", "Startup Cost": 4.63, "Total Cost": 68796.34, "Plan Rows": 1659, "Plan Width": 75, "Actual Min Startup Time": 199.557, "Actual Max Startup Time": 199.557, "Actual Min Total Time": 200.488, "Actual Max Total Time": 200.488, "Actual Total Rows": 221, "Inner Unique": false, "Join Filter": "(t.id = mi.movie_id)", "Rows Removed by Join Filter": 0, "Plans": [{"Node Type": "Nested Loop", "Parent Relationship": "Outer", "Join Type": "Inner", "Startup Cost": 4.17, "Total Cost": 67372.44, "Plan Rows": 311, "Plan Width": 25, "Actual Min Startup Time": 199.501, "Actual Max Startup Time": 199.501, "Actual Min Total Time": 200.129, "Actual Max Total Time": 200.129, "Actual Total Rows": 2, "Inner Unique": false, "Join Filter": "(mi_idx.info_type_id = it2.id)", "Rows Removed by Join Filter": 2643, "Plans": [{"Node Type": "Seq Scan", "Parent Relationship": "Outer", "Relation Name": "info_type", "Alias": "it2", "Startup Cost": 0.0, "Total Cost": 2.4, "Plan Rows": 1, "Plan Width": 4, "Actual Min Startup Time": 0.07, "Actual Max Startup Time": 0.07, "Actual Min Total Time": 0.073, "Actual Max Total Time": 0.073, "Actual Total Rows": 1, "Filter": "((info)::text = 'bottom 10 rank'::text)", "Rows Removed by Filter": 111}, {"Node Type": "Materialize", "Parent Relationship": "Inner", "Startup Cost": 4.17, "Total Cost": 67366.08, "Plan Rows": 396, "Plan Width": 29, "Actual Min Startup Time": 199.231, "Actual Max Startup Time": 199.231, "Actual Min Total Time": 199.494, "Actual Max Total Time": 199.494, "Actual Total Rows": 2646, "Plans": [{"Node Type": "Nested Loop", "Parent Relationship": "Outer", "Join Type": "Inner", "Startup Cost": 4.17, "Total Cost": 67365.09, "Plan Rows": 396, "Plan Width": 29, "Actual Min Startup Time": 98.206, "Actual Max Startup Time": 98.206, "Actual Min Total Time": 198.317, "Actual Max Total Time": 198.317, "Actual Total Rows": 2645, "Inner Unique": false, "Plans": [{"Node Type": "Streaming(type: LOCAL GATHER dop: 1/64)", "Parent Relationship": "Outer", "Startup Cost": 0.0, "Total Cost": 64240.19, "Plan Rows": 258, "Plan Width": 21, "Actual Min Startup Time": 98.096, "Actual Max Startup Time": 98.096, "Actual Min Total Time": 179.103, "Actual Max Total Time": 179.103, "Actual Total Rows": 2536, "Plans": [{"Node Type": "Seq Scan", "Parent Relationship": "Outer", "Relation Name": "title", "Alias": "t", "Startup Cost": 0.0, "Total Cost": 64234.87, "Plan Rows": 258, "Plan Width": 21, "Actual Min Startup Time": 0.033, "Actual Max Startup Time": 7.291, "Actual Min Total Time": 19.364, "Actual Max Total Time": 29.667, "Actual Total Rows": 2536, "Filter": "((production_year > 2000) AND (((title)::text ~~ 'Birdemic%'::text) OR ((title)::text ~~ '%Movie%'::text)))", "Rows Removed by Filter": 2525775}]}, {"Node Type": "Bitmap Heap Scan", "Parent Relationship": "Inner", "Relation Name": "movie_info_idx", "Alias": "mi_idx", "Startup Cost": 4.17, "Total Cost": 12.09, "Plan Rows": 2, "Plan Width": 8, "Actual Min Startup Time": 15.403, "Actual Max Startup Time": 15.403, "Actual Min Total Time": 15.789, "Actual Max Total Time": 15.789, "Actual Total Rows": 2645, "Recheck Cond": "(movie_id = t.id)", "Rows Removed by Index Recheck": 0, "Exact Heap Blocks": 890, "Lossy Heap Blocks": 890, "Plans": [{"Node Type": "Bitmap Index Scan", "Parent Relationship": "Outer", "Index Name": "movie_id_movie_info_idx", "Startup Cost": 0.0, "Total Cost": 4.17, "Plan Rows": 2, "Plan Width": 0, "Actual Min Startup Time": 11.376, "Actual Max Startup Time": 11.376, "Actual Min Total Time": 11.376, "Actual Max Total Time": 11.376, "Actual Total Rows": 2645, "Index Cond": "(movie_id = t.id)"}]}]}]}]}, {"Node Type": "Bitmap Heap Scan", "Parent Relationship": "Inner", "Relation Name": "movie_info", "Alias": "mi", "Startup Cost": 0.45, "Total Cost": 4.52, "Plan Rows": 5, "Plan Width": 50, "Actual Min Startup Time": 0.067, "Actual Max Startup Time": 0.067, "Actual Min Total Time": 0.267, "Actual Max Total Time": 0.267, "Actual Total Rows": 221, "Recheck Cond": "(movie_id = mi_idx.movie_id)", "Rows Removed by Index Recheck": 0, "Exact Heap Blocks": 40, "Lossy Heap Blocks": 40, "Plans": [{"Node Type": "Bitmap Index Scan", "Parent Relationship": "Outer", "Index Name": "movie_id_movie_info", "Startup Cost": 0.0, "Total Cost": 0.45, "Plan Rows": 5, "Plan Width": 0, "Actual Min Startup Time": 0.049, "Actual Max Startup Time": 0.049, "Actual Min Total Time": 0.049, "Actual Max Total Time": 0.049, "Actual Total Rows": 221, "Index Cond": "(movie_id = mi_idx.movie_id)"}]}]}]}, {"Node Type": "Bitmap Heap Scan", "Parent Relationship": "Inner", "Relation Name": "movie_companies", "Alias": "mc", "Startup Cost": 0.27, "Total Cost": 4.29, "Plan Rows": 2, "Plan Width": 12, "Actual Min Startup Time": 0.048, "Actual Max Startup Time": 0.048, "Actual Min Total Time": 0.056, "Actual Max Total Time": 0.056, "Actual Total Rows": 33, "Recheck Cond": "(movie_id = mi.movie_id)", "Rows Removed by Index Recheck": 0, "Exact Heap Blocks": 4, "Lossy Heap Blocks": 4, "Plans": [{"Node Type": "Bitmap Index Scan", "Parent Relationship": "Outer", "Index Name": "movie_id_movie_companies", "Startup Cost": 0.0, "Total Cost": 0.27, "Plan Rows": 2, "Plan Width": 0, "Actual Min Startup Time": 0.029, "Actual Max Startup Time": 0.029, "Actual Min Total Time": 0.029, "Actual Max Total Time": 0.029, "Actual Total Rows": 33, "Index Cond": "(movie_id = mi.movie_id)"}]}]}, {"Node Type": "Bitmap Heap Scan", "Parent Relationship": "Inner", "Relation Name": "company_name", "Alias": "cn", "Startup Cost": 0.26, "Total Cost": 4.27, "Plan Rows": 1, "Plan Width": 4, "Actual Min Startup Time": 0.282, "Actual Max Startup Time": 0.282, "Actual Min Total Time": 0.282, "Actual Max Total Time": 0.282, "Actual Total Rows": 10, "Recheck Cond": "(id = mc.company_id)", "Rows Removed by Index Recheck": 0, "Filter": "((country_code)::text = '[us]'::text)", "Rows Removed by Filter": 23, "Exact Heap Blocks": 33, "Lossy Heap Blocks": 33, "Plans": [{"Node Type": "Bitmap Index Scan", "Parent Relationship": "Outer", "Index Name": "company_name_pkey", "Startup Cost": 0.0, "Total Cost": 0.26, "Plan Rows": 1, "Plan Width": 0, "Actual Min Startup Time": 0.166, "Actual Max Startup Time": 0.166, "Actual Min Total Time": 0.166, "Actual Max Total Time": 0.166, "Actual Total Rows": 33, "Index Cond": "(id = mc.company_id)"}]}]}, {"Node Type": "Materialize", "Parent Relationship": "Inner", "Startup Cost": 0.0, "Total Cost": 1.05, "Plan Rows": 2, "Plan Width": 4, "Actual Min Startup Time": 0.014, "Actual Max Startup Time": 0.014, "Actual Min Total Time": 0.019, "Actual Max Total Time": 0.019, "Actual Total Rows": 10, "Plans": [{"Node Type": "Seq Scan", "Parent Relationship": "Outer", "Relation Name": "company_type", "Alias": "ct", "Startup Cost": 0.0, "Total Cost": 1.04, "Plan Rows": 2, "Plan Width": 4, "Actual Min Startup Time": 0.011, "Actual Max Startup Time": 0.011, "Actual Min Total Time": 0.015, "Actual Max Total Time": 0.015, "Actual Total Rows": 1, "Filter": "((kind IS NOT NULL) AND (((kind)::text = 'production companies'::text) OR ((kind)::text = 'distributors'::text)))", "Rows Removed by Filter": 2}]}]}]}, "Triggers": [], "Planner Runtime": 40.922, "Total Runtime": 213.757, "Unique SQL Id": 1682224415}}, "(64, 119)": {"explain_plan": {"Plan": {"Node Type": "Aggregate", "Strategy": "Plain", "Startup Cost": 134834.77, "Total Cost": 134834.78, "Plan Rows": 1, "Plan Width": 123, "Plans": [{"Node Type": "Nested Loop", "Parent Relationship": "Outer", "Join Type": "Inner", "Startup Cost": 49668.32, "Total Cost": 134834.75, "Plan Rows": 4, "Plan Width": 59, "Inner Unique": true, "Plans": [{"Node Type": "Nested Loop", "Parent Relationship": "Outer", "Join Type": "Inner", "Startup Cost": 49668.06, "Total Cost": 134817.61, "Plan Rows": 4, "Plan Width": 63, "Inner Unique": true, "Plans": [{"Node Type": "Nested Loop", "Parent Relationship": "Outer", "Join Type": "Inner", "Startup Cost": 49667.8, "Total Cost": 134796.19, "Plan Rows": 5, "Plan Width": 67, "Inner Unique": true, "Plans": [{"Node Type": "Nested Loop", "Parent Relationship": "Outer", "Join Type": "Inner", "Startup Cost": 49667.54, "Total Cost": 134517.81, "Plan Rows": 65, "Plan Width": 71, "Inner Unique": false, "Join Filter": "(t.id = mi_idx.movie_id)", "Plans": [{"Node Type": "Nested Loop", "Parent Relationship": "Outer", "Join Type": "Inner", "Startup Cost": 49667.27, "Total Cost": 134336.51, "Plan Rows": 42, "Plan Width": 79, "Inner Unique": false, "Join Filter": "(mi.info_type_id = it1.id)", "Plans": [{"Node Type": "Bitmap Heap Scan", "Parent Relationship": "Outer", "Relation Name": "info_type", "Alias": "it1", "Startup Cost": 8.81, "Total Cost": 14.21, "Plan Rows": 1, "Plan Width": 4, "Filter": "((info)::text = 'budget'::text)", "Plans": [{"Node Type": "Bitmap Index Scan", "Parent Relationship": "Outer", "Index Name": "info_type_pkey", "Startup Cost": 0.0, "Total Cost": 8.81, "Plan Rows": 112, "Plan Width": 0}]}, {"Node Type": "Nested Loop", "Parent Relationship": "Inner", "Join Type": "Inner", "Startup Cost": 49658.46, "Total Cost": 134284.94, "Plan Rows": 2989, "Plan Width": 83, "Inner Unique": false, "Join Filter": "(t.id = mi.movie_id)", "Plans": [{"Node Type": "Nested Loop", "Parent Relationship": "Outer", "Join Type": "Inner", "Startup Cost": 49658.09, "Total Cost": 131831.96, "Plan Rows": 545, "Plan Width": 33, "Inner Unique": false, "Plans": [{"Node Type": "Bitmap Heap Scan", "Parent Relationship": "Outer", "Relation Name": "title", "Alias": "t", "Startup Cost": 49653.87, "Total Cost": 128685.31, "Plan Rows": 258, "Plan Width": 21, "Filter": "((production_year > 2000) AND (((title)::text ~~ 'Birdemic%'::text) OR ((title)::text ~~ '%Movie%'::text)))", "Plans": [{"Node Type": "Bitmap Index Scan", "Parent Relationship": "Outer", "Index Name": "title_pkey", "Startup Cost": 0.0, "Total Cost": 49653.81, "Plan Rows": 2528311, "Plan Width": 0}]}, {"Node Type": "Bitmap Heap Scan", "Parent Relationship": "Inner", "Relation Name": "movie_companies", "Alias": "mc", "Startup Cost": 4.22, "Total Cost": 12.18, "Plan Rows": 2, "Plan Width": 12, "Recheck Cond": "(movie_id = t.id)", "Plans": [{"Node Type": "Bitmap Index Scan", "Parent Relationship": "Outer", "Index Name": "movie_id_movie_companies", "Startup Cost": 0.0, "Total Cost": 4.22, "Plan Rows": 2, "Plan Width": 0, "Index Cond": "(movie_id = t.id)"}]}]}, {"Node Type": "Bitmap Heap Scan", "Parent Relationship": "Inner", "Relation Name": "movie_info", "Alias": "mi", "Startup Cost": 0.38, "Total Cost": 4.44, "Plan Rows": 5, "Plan Width": 50, "Recheck Cond": "(movie_id = mc.movie_id)", "Plans": [{"Node Type": "Bitmap Index Scan", "Parent Relationship": "Outer", "Index Name": "movie_id_movie_info", "Startup Cost": 0.0, "Total Cost": 0.37, "Plan Rows": 5, "Plan Width": 0, "Index Cond": "(movie_id = mc.movie_id)"}]}]}]}, {"Node Type": "Bitmap Heap Scan", "Parent Relationship": "Inner", "Relation Name": "movie_info_idx", "Alias": "mi_idx", "Startup Cost": 0.27, "Total Cost": 4.29, "Plan Rows": 2, "Plan Width": 8, "Recheck Cond": "(movie_id = mi.movie_id)", "Plans": [{"Node Type": "Bitmap Index Scan", "Parent Relationship": "Outer", "Index Name": "movie_id_movie_info_idx", "Startup Cost": 0.0, "Total Cost": 0.27, "Plan Rows": 2, "Plan Width": 0, "Index Cond": "(movie_id = mi.movie_id)"}]}]}, {"Node Type": "Bitmap Heap Scan", "Parent Relationship": "Inner", "Relation Name": "info_type", "Alias": "it2", "Startup Cost": 0.26, "Total Cost": 4.27, "Plan Rows": 1, "Plan Width": 4, "Recheck Cond": "(id = mi_idx.info_type_id)", "Filter": "((info)::text = 'bottom 10 rank'::text)", "Plans": [{"Node Type": "Bitmap Index Scan", "Parent Relationship": "Outer", "Index Name": "info_type_pkey", "Startup Cost": 0.0, "Total Cost": 0.26, "Plan Rows": 1, "Plan Width": 0, "Index Cond": "(id = mi_idx.info_type_id)"}]}]}, {"Node Type": "Bitmap Heap Scan", "Parent Relationship": "Inner", "Relation Name": "company_name", "Alias": "cn", "Startup Cost": 0.26, "Total Cost": 4.27, "Plan Rows": 1, "Plan Width": 4, "Recheck Cond": "(id = mc.company_id)", "Filter": "((country_code)::text = '[us]'::text)", "Plans": [{"Node Type": "Bitmap Index Scan", "Parent Relationship": "Outer", "Index Name": "company_name_pkey", "Startup Cost": 0.0, "Total Cost": 0.26, "Plan Rows": 1, "Plan Width": 0, "Index Cond": "(id = mc.company_id)"}]}]}, {"Node Type": "Bitmap Heap Scan", "Parent Relationship": "Inner", "Relation Name": "company_type", "Alias": "ct", "Startup Cost": 0.26, "Total Cost": 4.28, "Plan Rows": 1, "Plan Width": 4, "Recheck Cond": "(id = mc.company_type_id)", "Filter": "((kind IS NOT NULL) AND (((kind)::text = 'production companies'::text) OR ((kind)::text = 'distributors'::text)))", "Plans": [{"Node Type": "Bitmap Index Scan", "Parent Relationship": "Outer", "Index Name": "company_type_pkey", "Startup Cost": 0.0, "Total Cost": 0.26, "Plan Rows": 1, "Plan Width": 0, "Index Cond": "(id = mc.company_type_id)"}]}]}]}, "Unique SQL Id": 1682224415}, "explain_analyze_plan": null}, "(64, 120)": {"explain_plan": {"Plan": {"Node Type": "Aggregate", "Strategy": "Plain", "Startup Cost": 66640.91, "Total Cost": 66640.92, "Plan Rows": 1, "Plan Width": 123, "Plans": [{"Node Type": "Nested Loop", "Parent Relationship": "Outer", "Join Type": "Inner", "Startup Cost": 0.0, "Total Cost": 66640.89, "Plan Rows": 4, "Plan Width": 59, "Inner Unique": true, "Plans": [{"Node Type": "Nested Loop", "Parent Relationship": "Outer", "Join Type": "Inner", "Startup Cost": 0.0, "Total Cost": 66639.75, "Plan Rows": 4, "Plan Width": 63, "Inner Unique": true, "Plans": [{"Node Type": "Nested Loop", "Parent Relationship": "Outer", "Join Type": "Inner", "Startup Cost": 0.0, "Total Cost": 66638.31, "Plan Rows": 5, "Plan Width": 67, "Inner Unique": false, "Join Filter": "(mi.info_type_id = it1.id)", "Plans": [{"Node Type": "Seq Scan", "Parent Relationship": "Outer", "Relation Name": "info_type", "Alias": "it1", "Startup Cost": 0.0, "Total Cost": 2.4, "Plan Rows": 1, "Plan Width": 4, "Filter": "((info)::text = 'budget'::text)"}, {"Node Type": "Nested Loop", "Parent Relationship": "Inner", "Join Type": "Inner", "Startup Cost": 0.0, "Total Cost": 66621.88, "Plan Rows": 1122, "Plan Width": 71, "Inner Unique": false, "Join Filter": "(t.id = mi.movie_id)", "Plans": [{"Node Type": "Nested Loop", "Parent Relationship": "Outer", "Join Type": "Inner", "Startup Cost": 0.0, "Total Cost": 66469.22, "Plan Rows": 210, "Plan Width": 37, "Inner Unique": false, "Join Filter": "(t.id = mc.movie_id)", "Plans": [{"Node Type": "Nested Loop", "Parent Relationship": "Outer", "Join Type": "Inner", "Startup Cost": 0.0, "Total Cost": 66348.45, "Plan Rows": 311, "Plan Width": 25, "Inner Unique": false, "Join Filter": "(mi_idx.info_type_id = it2.id)", "Plans": [{"Node Type": "Seq Scan", "Parent Relationship": "Outer", "Relation Name": "info_type", "Alias": "it2", "Startup Cost": 0.0, "Total Cost": 2.4, "Plan Rows": 1, "Plan Width": 4, "Filter": "((info)::text = 'bottom 10 rank'::text)"}, {"Node Type": "Materialize", "Parent Relationship": "Inner", "Startup Cost": 0.0, "Total Cost": 66342.09, "Plan Rows": 396, "Plan Width": 29, "Plans": [{"Node Type": "Nested Loop", "Parent Relationship": "Outer", "Join Type": "Inner", "Startup Cost": 0.0, "Total Cost": 66341.1, "Plan Rows": 396, "Plan Width": 29, "Inner Unique": false, "Plans": [{"Node Type": "Streaming(type: LOCAL GATHER dop: 1/64)", "Parent Relationship": "Outer", "Startup Cost": 0.0, "Total Cost": 64240.19, "Plan Rows": 258, "Plan Width": 21, "Plans": [{"Node Type": "Seq Scan", "Parent Relationship": "Outer", "Relation Name": "title", "Alias": "t", "Startup Cost": 0.0, "Total Cost": 64234.87, "Plan Rows": 258, "Plan Width": 21, "Filter": "((production_year > 2000) AND (((title)::text ~~ 'Birdemic%'::text) OR ((title)::text ~~ '%Movie%'::text)))"}]}, {"Node Type": "Index Scan", "Parent Relationship": "Inner", "Scan Direction": "Forward", "Index Name": "movie_id_movie_info_idx", "Relation Name": "movie_info_idx", "Alias": "mi_idx", "Startup Cost": 0.0, "Total Cost": 8.12, "Plan Rows": 2, "Plan Width": 8, "Index Cond": "(movie_id = t.id)"}]}]}]}, {"Node Type": "Index Scan", "Parent Relationship": "Inner", "Scan Direction": "Forward", "Index Name": "movie_id_movie_companies", "Relation Name": "movie_companies", "Alias": "mc", "Startup Cost": 0.0, "Total Cost": 0.36, "Plan Rows": 2, "Plan Width": 12, "Index Cond": "(movie_id = mi_idx.movie_id)"}]}, {"Node Type": "Index Scan", "Parent Relationship": "Inner", "Scan Direction": "Forward", "Index Name": "movie_id_movie_info", "Relation Name": "movie_info", "Alias": "mi", "Startup Cost": 0.0, "Total Cost": 0.66, "Plan Rows": 5, "Plan Width": 50, "Index Cond": "(movie_id = mc.movie_id)"}]}]}, {"Node Type": "Index Scan", "Parent Relationship": "Inner", "Scan Direction": "Forward", "Index Name": "company_name_pkey", "Relation Name": "company_name", "Alias": "cn", "Startup Cost": 0.0, "Total Cost": 0.28, "Plan Rows": 1, "Plan Width": 4, "Index Cond": "(id = mc.company_id)", "Filter": "((country_code)::text = '[us]'::text)"}]}, {"Node Type": "Index Scan", "Parent Relationship": "Inner", "Scan Direction": "Forward", "Index Name": "company_type_pkey", "Relation Name": "company_type", "Alias": "ct", "Startup Cost": 0.0, "Total Cost": 0.28, "Plan Rows": 1, "Plan Width": 4, "Index Cond": "(id = mc.company_type_id)", "Filter": "((kind IS NOT NULL) AND (((kind)::text = 'production companies'::text) OR ((kind)::text = 'distributors'::text)))"}]}]}, "Unique SQL Id": 1682224415}, "explain_analyze_plan": {"Plan": {"Node Type": "Aggregate", "Strategy": "Plain", "Startup Cost": 66640.91, "Total Cost": 66640.92, "Plan Rows": 1, "Plan Width": 123, "Actual Min Startup Time": 199.349, "Actual Max Startup Time": 199.349, "Actual Min Total Time": 199.35, "Actual Max Total Time": 199.35, "Actual Total Rows": 1, "Plans": [{"Node Type": "Nested Loop", "Parent Relationship": "Outer", "Join Type": "Inner", "Startup Cost": 0.0, "Total Cost": 66640.89, "Plan Rows": 4, "Plan Width": 59, "Actual Min Startup Time": 198.208, "Actual Max Startup Time": 198.208, "Actual Min Total Time": 199.313, "Actual Max Total Time": 199.313, "Actual Total Rows": 5, "Inner Unique": true, "Plans": [{"Node Type": "Nested Loop", "Parent Relationship": "Outer", "Join Type": "Inner", "Startup Cost": 0.0, "Total Cost": 66639.75, "Plan Rows": 4, "Plan Width": 63, "Actual Min Startup Time": 195.34, "Actual Max Startup Time": 195.34, "Actual Min Total Time": 199.281, "Actual Max Total Time": 199.281, "Actual Total Rows": 10, "Inner Unique": true, "Plans": [{"Node Type": "Nested Loop", "Parent Relationship": "Outer", "Join Type": "Inner", "Startup Cost": 0.0, "Total Cost": 66638.31, "Plan Rows": 5, "Plan Width": 67, "Actual Min Startup Time": 193.942, "Actual Max Startup Time": 193.942, "Actual Min Total Time": 199.008, "Actual Max Total Time": 199.008, "Actual Total Rows": 33, "Inner Unique": false, "Join Filter": "(mi.info_type_id = it1.id)", "Rows Removed by Join Filter": 4926, "Plans": [{"Node Type": "Seq Scan", "Parent Relationship": "Outer", "Relation Name": "info_type", "Alias": "it1", "Startup Cost": 0.0, "Total Cost": 2.4, "Plan Rows": 1, "Plan Width": 4, "Actual Min Startup Time": 0.111, "Actual Max Startup Time": 0.111, "Actual Min Total Time": 0.12, "Actual Max Total Time": 0.12, "Actual Total Rows": 1, "Filter": "((info)::text = 'budget'::text)", "Rows Removed by Filter": 111}, {"Node Type": "Nested Loop", "Parent Relationship": "Inner", "Join Type": "Inner", "Startup Cost": 0.0, "Total Cost": 66621.88, "Plan Rows": 1122, "Plan Width": 71, "Actual Min Startup Time": 193.654, "Actual Max Startup Time": 193.654, "Actual Min Total Time": 197.898, "Actual Max Total Time": 197.898, "Actual Total Rows": 4959, "Inner Unique": false, "Join Filter": "(t.id = mi.movie_id)", "Rows Removed by Join Filter": 0, "Plans": [{"Node Type": "Nested Loop", "Parent Relationship": "Outer", "Join Type": "Inner", "Startup Cost": 0.0, "Total Cost": 66469.22, "Plan Rows": 210, "Plan Width": 37, "Actual Min Startup Time": 193.619, "Actual Max Startup Time": 193.619, "Actual Min Total Time": 193.798, "Actual Max Total Time": 193.798, "Actual Total Rows": 33, "Inner Unique": false, "Join Filter": "(t.id = mc.movie_id)", "Rows Removed by Join Filter": 0, "Plans": [{"Node Type": "Nested Loop", "Parent Relationship": "Outer", "Join Type": "Inner", "Startup Cost": 0.0, "Total Cost": 66348.45, "Plan Rows": 311, "Plan Width": 25, "Actual Min Startup Time": 193.591, "Actual Max Startup Time": 193.591, "Actual Min Total Time": 193.726, "Actual Max Total Time": 193.726, "Actual Total Rows": 2, "Inner Unique": false, "Join Filter": "(mi_idx.info_type_id = it2.id)", "Rows Removed by Join Filter": 2643, "Plans": [{"Node Type": "Seq Scan", "Parent Relationship": "Outer", "Relation Name": "info_type", "Alias": "it2", "Startup Cost": 0.0, "Total Cost": 2.4, "Plan Rows": 1, "Plan Width": 4, "Actual Min Startup Time": 0.072, "Actual Max Startup Time": 0.072, "Actual Min Total Time": 0.077, "Actual Max Total Time": 0.077, "Actual Total Rows": 1, "Filter": "((info)::text = 'bottom 10 rank'::text)", "Rows Removed by Filter": 111}, {"Node Type": "Materialize", "Parent Relationship": "Inner", "Startup Cost": 0.0, "Total Cost": 66342.09, "Plan Rows": 396, "Plan Width": 29, "Actual Min Startup Time": 192.814, "Actual Max Startup Time": 192.814, "Actual Min Total Time": 193.085, "Actual Max Total Time": 193.085, "Actual Total Rows": 2646, "Plans": [{"Node Type": "Nested Loop", "Parent Relationship": "Outer", "Join Type": "Inner", "Startup Cost": 0.0, "Total Cost": 66341.1, "Plan Rows": 396, "Plan Width": 29, "Actual Min Startup Time": 111.437, "Actual Max Startup Time": 111.437, "Actual Min Total Time": 191.92, "Actual Max Total Time": 191.92, "Actual Total Rows": 2645, "Inner Unique": false, "Plans": [{"Node Type": "Streaming(type: LOCAL GATHER dop: 1/64)", "Parent Relationship": "Outer", "Startup Cost": 0.0, "Total Cost": 64240.19, "Plan Rows": 258, "Plan Width": 21, "Actual Min Startup Time": 111.362, "Actual Max Startup Time": 111.362, "Actual Min Total Time": 175.256, "Actual Max Total Time": 175.256, "Actual Total Rows": 2536, "Plans": [{"Node Type": "Seq Scan", "Parent Relationship": "Outer", "Relation Name": "title", "Alias": "t", "Startup Cost": 0.0, "Total Cost": 64234.87, "Plan Rows": 258, "Plan Width": 21, "Actual Min Startup Time": 0.032, "Actual Max Startup Time": 7.272, "Actual Min Total Time": 19.369, "Actual Max Total Time": 24.0, "Actual Total Rows": 2536, "Filter": "((production_year > 2000) AND (((title)::text ~~ 'Birdemic%'::text) OR ((title)::text ~~ '%Movie%'::text)))", "Rows Removed by Filter": 2525775}]}, {"Node Type": "Index Scan", "Parent Relationship": "Inner", "Scan Direction": "Forward", "Index Name": "movie_id_movie_info_idx", "Relation Name": "movie_info_idx", "Alias": "mi_idx", "Startup Cost": 0.0, "Total Cost": 8.12, "Plan Rows": 2, "Plan Width": 8, "Actual Min Startup Time": 13.665, "Actual Max Startup Time": 13.665, "Actual Min Total Time": 14.681, "Actual Max Total Time": 14.681, "Actual Total Rows": 2645, "Index Cond": "(movie_id = t.id)", "Rows Removed by Index Recheck": 0}]}]}]}, {"Node Type": "Index Scan", "Parent Relationship": "Inner", "Scan Direction": "Forward", "Index Name": "movie_id_movie_companies", "Relation Name": "movie_companies", "Alias": "mc", "Startup Cost": 0.0, "Total Cost": 0.36, "Plan Rows": 2, "Plan Width": 12, "Actual Min Startup Time": 0.032, "Actual Max Startup Time": 0.032, "Actual Min Total Time": 0.051, "Actual Max Total Time": 0.051, "Actual Total Rows": 33, "Index Cond": "(movie_id = mi_idx.movie_id)", "Rows Removed by Index Recheck": 0}]}, {"Node Type": "Index Scan", "Parent Relationship": "Inner", "Scan Direction": "Forward", "Index Name": "movie_id_movie_info", "Relation Name": "movie_info", "Alias": "mi", "Startup Cost": 0.0, "Total Cost": 0.66, "Plan Rows": 5, "Plan Width": 50, "Actual Min Startup Time": 0.498, "Actual Max Startup Time": 0.498, "Actual Min Total Time": 2.493, "Actual Max Total Time": 2.493, "Actual Total Rows": 4959, "Index Cond": "(movie_id = mc.movie_id)", "Rows Removed by Index Recheck": 0}]}]}, {"Node Type": "Index Scan", "Parent Relationship": "Inner", "Scan Direction": "Forward", "Index Name": "company_name_pkey", "Relation Name": "company_name", "Alias": "cn", "Startup Cost": 0.0, "Total Cost": 0.28, "Plan Rows": 1, "Plan Width": 4, "Actual Min Startup Time": 0.244, "Actual Max Startup Time": 0.244, "Actual Min Total Time": 0.244, "Actual Max Total Time": 0.244, "Actual Total Rows": 10, "Index Cond": "(id = mc.company_id)", "Rows Removed by Index Recheck": 0, "Filter": "((country_code)::text = '[us]'::text)", "Rows Removed by Filter": 23}]}, {"Node Type": "Index Scan", "Parent Relationship": "Inner", "Scan Direction": "Forward", "Index Name": "company_type_pkey", "Relation Name": "company_type", "Alias": "ct", "Startup Cost": 0.0, "Total Cost": 0.28, "Plan Rows": 1, "Plan Width": 4, "Actual Min Startup Time": 0.02, "Actual Max Startup Time": 0.02, "Actual Min Total Time": 0.02, "Actual Max Total Time": 0.02, "Actual Total Rows": 5, "Index Cond": "(id = mc.company_type_id)", "Rows Removed by Index Recheck": 0, "Filter": "((kind IS NOT NULL) AND (((kind)::text = 'production companies'::text) OR ((kind)::text = 'distributors'::text)))", "Rows Removed by Filter": 0}]}]}, "Triggers": [], "Planner Runtime": 21.617, "Total Runtime": 212.864, "Unique SQL Id": 1682224415}}, "(64, 121)": {"explain_plan": {"Plan": {"Node Type": "Aggregate", "Strategy": "Plain", "Startup Cost": 131508.15, "Total Cost": 131508.16, "Plan Rows": 1, "Plan Width": 123, "Plans": [{"Node Type": "Nested Loop", "Parent Relationship": "Outer", "Join Type": "Inner", "Startup Cost": 0.0, "Total Cost": 131508.13, "Plan Rows": 4, "Plan Width": 59, "Inner Unique": true, "Plans": [{"Node Type": "Nested Loop", "Parent Relationship": "Outer", "Join Type": "Inner", "Startup Cost": 0.0, "Total Cost": 131506.99, "Plan Rows": 4, "Plan Width": 63, "Inner Unique": true, "Plans": [{"Node Type": "Nested Loop", "Parent Relationship": "Outer", "Join Type": "Inner", "Startup Cost": 0.0, "Total Cost": 131505.55, "Plan Rows": 5, "Plan Width": 67, "Inner Unique": false, "Join Filter": "(mi.info_type_id = it1.id)", "Plans": [{"Node Type": "Index Scan", "Parent Relationship": "Outer", "Scan Direction": "Forward", "Index Name": "info_type_pkey", "Relation Name": "info_type", "Alias": "it1", "Startup Cost": 0.0, "Total Cost": 14.21, "Plan Rows": 1, "Plan Width": 4, "Filter": "((info)::text = 'budget'::text)"}, {"Node Type": "Nested Loop", "Parent Relationship": "Inner", "Join Type": "Inner", "Startup Cost": 0.0, "Total Cost": 131477.32, "Plan Rows": 1122, "Plan Width": 71, "Inner Unique": false, "Join Filter": "(t.id = mi.movie_id)", "Plans": [{"Node Type": "Nested Loop", "Parent Relationship": "Outer", "Join Type": "Inner", "Startup Cost": 0.0, "Total Cost": 131324.66, "Plan Rows": 210, "Plan Width": 37, "Inner Unique": false, "Join Filter": "(t.id = mc.movie_id)", "Plans": [{"Node Type": "Nested Loop", "Parent Relationship": "Outer", "Join Type": "Inner", "Startup Cost": 0.0, "Total Cost": 131203.89, "Plan Rows": 311, "Plan Width": 25, "Inner Unique": true, "Join Filter": "(mi_idx.info_type_id = it2.id)", "Plans": [{"Node Type": "Nested Loop", "Parent Relationship": "Outer", "Join Type": "Inner", "Startup Cost": 0.0, "Total Cost": 131183.74, "Plan Rows": 396, "Plan Width": 29, "Inner Unique": false, "Plans": [{"Node Type": "Index Scan", "Parent Relationship": "Outer", "Scan Direction": "Forward", "Index Name": "title_pkey", "Relation Name": "title", "Alias": "t", "Startup Cost": 0.0, "Total Cost": 129082.82, "Plan Rows": 258, "Plan Width": 21, "Filter": "((production_year > 2000) AND (((title)::text ~~ 'Birdemic%'::text) OR ((title)::text ~~ '%Movie%'::text)))"}, {"Node Type": "Index Scan", "Parent Relationship": "Inner", "Scan Direction": "Forward", "Index Name": "movie_id_movie_info_idx", "Relation Name": "movie_info_idx", "Alias": "mi_idx", "Startup Cost": 0.0, "Total Cost": 8.12, "Plan Rows": 2, "Plan Width": 8, "Index Cond": "(movie_id = t.id)"}]}, {"Node Type": "Materialize", "Parent Relationship": "Inner", "Startup Cost": 0.0, "Total Cost": 14.22, "Plan Rows": 1, "Plan Width": 4, "Plans": [{"Node Type": "Index Scan", "Parent Relationship": "Outer", "Scan Direction": "Forward", "Index Name": "info_type_pkey", "Relation Name": "info_type", "Alias": "it2", "Startup Cost": 0.0, "Total Cost": 14.21, "Plan Rows": 1, "Plan Width": 4, "Filter": "((info)::text = 'bottom 10 rank'::text)"}]}]}, {"Node Type": "Index Scan", "Parent Relationship": "Inner", "Scan Direction": "Forward", "Index Name": "movie_id_movie_companies", "Relation Name": "movie_companies", "Alias": "mc", "Startup Cost": 0.0, "Total Cost": 0.36, "Plan Rows": 2, "Plan Width": 12, "Index Cond": "(movie_id = mi_idx.movie_id)"}]}, {"Node Type": "Index Scan", "Parent Relationship": "Inner", "Scan Direction": "Forward", "Index Name": "movie_id_movie_info", "Relation Name": "movie_info", "Alias": "mi", "Startup Cost": 0.0, "Total Cost": 0.66, "Plan Rows": 5, "Plan Width": 50, "Index Cond": "(movie_id = mc.movie_id)"}]}]}, {"Node Type": "Index Scan", "Parent Relationship": "Inner", "Scan Direction": "Forward", "Index Name": "company_name_pkey", "Relation Name": "company_name", "Alias": "cn", "Startup Cost": 0.0, "Total Cost": 0.28, "Plan Rows": 1, "Plan Width": 4, "Index Cond": "(id = mc.company_id)", "Filter": "((country_code)::text = '[us]'::text)"}]}, {"Node Type": "Index Scan", "Parent Relationship": "Inner", "Scan Direction": "Forward", "Index Name": "company_type_pkey", "Relation Name": "company_type", "Alias": "ct", "Startup Cost": 0.0, "Total Cost": 0.28, "Plan Rows": 1, "Plan Width": 4, "Index Cond": "(id = mc.company_type_id)", "Filter": "((kind IS NOT NULL) AND (((kind)::text = 'production companies'::text) OR ((kind)::text = 'distributors'::text)))"}]}]}, "Unique SQL Id": 1682224415}, "explain_analyze_plan": null}, "(64, 122)": {"explain_plan": {"Plan": {"Node Type": "Aggregate", "Strategy": "Plain", "Startup Cost": 690351.61, "Total Cost": 690351.62, "Plan Rows": 1, "Plan Width": 123, "Plans": [{"Node Type": "Nested Loop", "Parent Relationship": "Outer", "Join Type": "Inner", "Startup Cost": 0.0, "Total Cost": 690351.59, "Plan Rows": 4, "Plan Width": 59, "Inner Unique": true, "Join Filter": "(mc.company_type_id = ct.id)", "Plans": [{"Node Type": "Nested Loop", "Parent Relationship": "Outer", "Join Type": "Inner", "Startup Cost": 0.0, "Total Cost": 690350.42, "Plan Rows": 4, "Plan Width": 63, "Inner Unique": false, "Join Filter": "(mc.company_id = cn.id)", "Plans": [{"Node Type": "Seq Scan", "Parent Relationship": "Outer", "Relation Name": "company_name", "Alias": "cn", "Startup Cost": 0.0, "Total Cost": 5903.45, "Plan Rows": 85170, "Plan Width": 4, "Filter": "((country_code)::text = '[us]'::text)"}, {"Node Type": "Materialize", "Parent Relationship": "Inner", "Startup Cost": 0.0, "Total Cost": 678059.23, "Plan Rows": 5, "Plan Width": 67, "Plans": [{"Node Type": "Streaming(type: LOCAL GATHER dop: 1/64)", "Parent Relationship": "Outer", "Startup Cost": 0.0, "Total Cost": 678059.21, "Plan Rows": 5, "Plan Width": 67, "Plans": [{"Node Type": "Nested Loop", "Parent Relationship": "Outer", "Join Type": "Inner", "Startup Cost": 0.0, "Total Cost": 678059.11, "Plan Rows": 5, "Plan Width": 67, "Inner Unique": false, "Join Filter": "(t.id = mc.movie_id)", "Plans": [{"Node Type": "Streaming(type: LOCAL ROUNDROBIN dop: 64/1)", "Parent Relationship": "Outer", "Startup Cost": 0.0, "Total Cost": 158643.28, "Plan Rows": 2609128, "Plan Width": 12, "Plans": [{"Node Type": "Seq Scan", "Parent Relationship": "Outer", "Relation Name": "movie_companies", "Alias": "mc", "Startup Cost": 0.0, "Total Cost": 41817.28, "Plan Rows": 2609128, "Plan Width": 12}]}, {"Node Type": "Materialize", "Parent Relationship": "Inner", "Startup Cost": 0.0, "Total Cost": 514523.73, "Plan Rows": 512, "Plan Width": 71, "Plans": [{"Node Type": "Streaming(type: BROADCAST dop: 64/64)", "Parent Relationship": "Outer", "Startup Cost": 0.0, "Total Cost": 514523.69, "Plan Rows": 512, "Plan Width": 71, "Plans": [{"Node Type": "Nested Loop", "Parent Relationship": "Outer", "Join Type": "Inner", "Startup Cost": 0.0, "Total Cost": 451523.36, "Plan Rows": 8, "Plan Width": 71, "Inner Unique": false, "Join Filter": "(mi_idx.movie_id = t.id)", "Plans": [{"Node Type": "Streaming(type: LOCAL REDISTRIBUTE dop: 64/1)", "Parent Relationship": "Outer", "Startup Cost": 0.0, "Total Cost": 114544.8, "Plan Rows": 345008, "Plan Width": 4, "Plans": [{"Node Type": "Nested Loop", "Parent Relationship": "Outer", "Join Type": "Inner", "Startup Cost": 0.0, "Total Cost": 37527.17, "Plan Rows": 345008, "Plan Width": 4, "Inner Unique": false, "Join Filter": "(it2.id = mi_idx.info_type_id), (LLVM Optimized)", "Plans": [{"Node Type": "Seq Scan", "Parent Relationship": "Outer", "Relation Name": "info_type", "Alias": "it2", "Startup Cost": 0.0, "Total Cost": 2.4, "Plan Rows": 1, "Plan Width": 4, "Filter": "((info)::text = 'bottom 10 rank'::text)"}, {"Node Type": "Seq Scan", "Parent Relationship": "Inner", "Relation Name": "movie_info_idx", "Alias": "mi_idx", "Startup Cost": 0.0, "Total Cost": 20274.34, "Plan Rows": 1380034, "Plan Width": 8}]}]}, {"Node Type": "Materialize", "Parent Relationship": "Inner", "Startup Cost": 0.0, "Total Cost": 336639.97, "Plan Rows": 268, "Plan Width": 67, "Plans": [{"Node Type": "Streaming(type: LOCAL REDISTRIBUTE dop: 64/64)", "Parent Relationship": "Outer", "Startup Cost": 0.0, "Total Cost": 336639.94, "Plan Rows": 268, "Plan Width": 67, "Plans": [{"Node Type": "Nested Loop", "Parent Relationship": "Outer", "Join Type": "Inner", "Startup Cost": 0.0, "Total Cost": 273639.69, "Plan Rows": 268, "Plan Width": 67, "Inner Unique": true, "Join Filter": "(mi.movie_id = t.id)", "Plans": [{"Node Type": "Nested Loop", "Parent Relationship": "Outer", "Join Type": "Inner", "Startup Cost": 0.0, "Total Cost": 133548.44, "Plan Rows": 212428, "Plan Width": 46, "Inner Unique": false, "Join Filter": "(it1.id = mi.info_type_id), (LLVM Optimized)", "Plans": [{"Node Type": "Streaming(type: BROADCAST dop: 64/1)", "Parent Relationship": "Outer", "Startup Cost": 0.0, "Total Cost": 63003.72, "Plan Rows": 64, "Plan Width": 4, "Plans": [{"Node Type": "Seq Scan", "Parent Relationship": "Outer", "Relation Name": "info_type", "Alias": "it1", "Startup Cost": 0.0, "Total Cost": 2.4, "Plan Rows": 1, "Plan Width": 4, "Filter": "((info)::text = 'budget'::text)"}]}, {"Node Type": "Seq Scan", "Parent Relationship": "Inner", "Relation Name": "movie_info", "Alias": "mi", "Startup Cost": 0.0, "Total Cost": 67640.43, "Plan Rows": 14869966, "Plan Width": 50}]}, {"Node Type": "Materialize", "Parent Relationship": "Inner", "Startup Cost": 0.0, "Total Cost": 127246.64, "Plan Rows": 16512, "Plan Width": 21, "Plans": [{"Node Type": "Streaming(type: BROADCAST dop: 64/64)", "Parent Relationship": "Outer", "Startup Cost": 0.0, "Total Cost": 127245.35, "Plan Rows": 16512, "Plan Width": 21, "Plans": [{"Node Type": "Seq Scan", "Parent Relationship": "Outer", "Relation Name": "title", "Alias": "t", "Startup Cost": 0.0, "Total Cost": 64234.87, "Plan Rows": 258, "Plan Width": 21, "Filter": "((production_year > 2000) AND (((title)::text ~~ 'Birdemic%'::text) OR ((title)::text ~~ '%Movie%'::text)))"}]}]}]}]}]}]}]}]}]}]}]}]}, {"Node Type": "Materialize", "Parent Relationship": "Inner", "Startup Cost": 0.0, "Total Cost": 1.05, "Plan Rows": 2, "Plan Width": 4, "Plans": [{"Node Type": "Seq Scan", "Parent Relationship": "Outer", "Relation Name": "company_type", "Alias": "ct", "Startup Cost": 0.0, "Total Cost": 1.04, "Plan Rows": 2, "Plan Width": 4, "Filter": "((kind IS NOT NULL) AND (((kind)::text = 'production companies'::text) OR ((kind)::text = 'distributors'::text)))"}]}]}]}, "Unique SQL Id": 1682224415}, "explain_analyze_plan": null}, "(64, 123)": {"explain_plan": {"Plan": {"Node Type": "Aggregate", "Strategy": "Plain", "Startup Cost": 8000134520134.75, "Total Cost": 8000134520134.76, "Plan Rows": 1, "Plan Width": 123, "Plans": [{"Node Type": "Nested Loop", "Parent Relationship": "Outer", "Join Type": "Inner", "Startup Cost": 80000000000.0, "Total Cost": 8000134520134.73, "Plan Rows": 4, "Plan Width": 59, "Inner Unique": true, "Join Filter": "(mc.company_type_id = ct.id)", "Plans": [{"Node Type": "Nested Loop", "Parent Relationship": "Outer", "Join Type": "Inner", "Startup Cost": 70000000000.0, "Total Cost": 7000134518903.61, "Plan Rows": 4, "Plan Width": 63, "Inner Unique": true, "Join Filter": "(mc.company_id = cn.id)", "Plans": [{"Node Type": "Nested Loop", "Parent Relationship": "Outer", "Join Type": "Inner", "Startup Cost": 60000000000.0, "Total Cost": 6000133462163.97, "Plan Rows": 5, "Plan Width": 67, "Inner Unique": false, "Join Filter": "(t.id = mc.movie_id)", "Plans": [{"Node Type": "Index Scan", "Parent Relationship": "Outer", "Scan Direction": "Forward", "Index Name": "company_type_id_movie_companies", "Relation Name": "movie_companies", "Alias": "mc", "Startup Cost": 10000000000.0, "Total Cost": 1000009318217.0, "Plan Rows": 2609128, "Plan Width": 12}, {"Node Type": "Materialize", "Parent Relationship": "Inner", "Startup Cost": 50000000000.0, "Total Cost": 5000123830851.63, "Plan Rows": 8, "Plan Width": 71, "Plans": [{"Node Type": "Nested Loop", "Parent Relationship": "Outer", "Join Type": "Inner", "Startup Cost": 50000000000.0, "Total Cost": 5000123830851.59, "Plan Rows": 8, "Plan Width": 71, "Inner Unique": false, "Join Filter": "(mi_idx.movie_id = t.id)", "Plans": [{"Node Type": "Nested Loop", "Parent Relationship": "Outer", "Join Type": "Inner", "Startup Cost": 20000000000.0, "Total Cost": 2000004672156.88, "Plan Rows": 345008, "Plan Width": 4, "Inner Unique": true, "Join Filter": "(it2.id = mi_idx.info_type_id), (LLVM Optimized)", "Plans": [{"Node Type": "Index Scan", "Parent Relationship": "Outer", "Scan Direction": "Forward", "Index Name": "movie_id_movie_info_idx", "Relation Name": "movie_info_idx", "Alias": "mi_idx", "Startup Cost": 10000000000.0, "Total Cost": 1000004650035.37, "Plan Rows": 1380034, "Plan Width": 8}, {"Node Type": "Materialize", "Parent Relationship": "Inner", "Startup Cost": 10000000000.0, "Total Cost": 1000000001421.0, "Plan Rows": 1, "Plan Width": 4, "Plans": [{"Node Type": "Index Scan", "Parent Relationship": "Outer", "Scan Direction": "Forward", "Index Name": "info_type_pkey", "Relation Name": "info_type", "Alias": "it2", "Startup Cost": 10000000000.0, "Total Cost": 1000000001421.0, "Plan Rows": 1, "Plan Width": 4, "Filter": "((info)::text = 'bottom 10 rank'::text)"}]}]}, {"Node Type": "Materialize", "Parent Relationship": "Inner", "Startup Cost": 30000000000.0, "Total Cost": 3000117771763.22, "Plan Rows": 268, "Plan Width": 67, "Plans": [{"Node Type": "Nested Loop", "Parent Relationship": "Outer", "Join Type": "Inner", "Startup Cost": 30000000000.0, "Total Cost": 3000117771761.88, "Plan Rows": 268, "Plan Width": 67, "Inner Unique": true, "Join Filter": "(mi.movie_id = t.id)", "Plans": [{"Node Type": "Nested Loop", "Parent Relationship": "Outer", "Join Type": "Inner", "Startup Cost": 20000000000.0, "Total Cost": 2000104041382.71, "Plan Rows": 212428, "Plan Width": 46, "Inner Unique": true, "Join Filter": "(it1.id = mi.info_type_id), (LLVM Optimized)", "Plans": [{"Node Type": "Index Scan", "Parent Relationship": "Outer", "Scan Direction": "Forward", "Index Name": "movie_id_movie_info", "Relation Name": "movie_info", "Alias": "mi", "Startup Cost": 10000000000.0, "Total Cost": 1000103816912.22, "Plan Rows": 14869966, "Plan Width": 50}, {"Node Type": "Materialize", "Parent Relationship": "Inner", "Startup Cost": 10000000000.0, "Total Cost": 1000000001421.0, "Plan Rows": 1, "Plan Width": 4, "Plans": [{"Node Type": "Index Scan", "Parent Relationship": "Outer", "Scan Direction": "Forward", "Index Name": "info_type_pkey", "Relation Name": "info_type", "Alias": "it1", "Startup Cost": 10000000000.0, "Total Cost": 1000000001421.0, "Plan Rows": 1, "Plan Width": 4, "Filter": "((info)::text = 'budget'::text)"}]}]}, {"Node Type": "Materialize", "Parent Relationship": "Inner", "Startup Cost": 10000000000.0, "Total Cost": 1000012908283.45, "Plan Rows": 258, "Plan Width": 21, "Plans": [{"Node Type": "Index Scan", "Parent Relationship": "Outer", "Scan Direction": "Forward", "Index Name": "title_pkey", "Relation Name": "title", "Alias": "t", "Startup Cost": 10000000000.0, "Total Cost": 1000012908282.16, "Plan Rows": 258, "Plan Width": 21, "Filter": "((production_year > 2000) AND (((title)::text ~~ 'Birdemic%'::text) OR ((title)::text ~~ '%Movie%'::text)))"}]}]}]}]}]}]}, {"Node Type": "Materialize", "Parent Relationship": "Inner", "Startup Cost": 10000000000.0, "Total Cost": 1000001050564.82, "Plan Rows": 85170, "Plan Width": 4, "Plans": [{"Node Type": "Index Scan", "Parent Relationship": "Outer", "Scan Direction": "Forward", "Index Name": "company_name_pkey", "Relation Name": "company_name", "Alias": "cn", "Startup Cost": 10000000000.0, "Total Cost": 1000001050138.97, "Plan Rows": 85170, "Plan Width": 4, "Filter": "((country_code)::text = '[us]'::text)"}]}]}, {"Node Type": "Materialize", "Parent Relationship": "Inner", "Startup Cost": 10000000000.0, "Total Cost": 1000000001231.01, "Plan Rows": 2, "Plan Width": 4, "Plans": [{"Node Type": "Index Scan", "Parent Relationship": "Outer", "Scan Direction": "Forward", "Index Name": "company_type_pkey", "Relation Name": "company_type", "Alias": "ct", "Startup Cost": 10000000000.0, "Total Cost": 1000000001231.0, "Plan Rows": 2, "Plan Width": 4, "Filter": "((kind IS NOT NULL) AND (((kind)::text = 'production companies'::text) OR ((kind)::text = 'distributors'::text)))"}]}]}]}, "Unique SQL Id": 1682224415}, "explain_analyze_plan": null}, "(64, 124)": {"explain_plan": {"Plan": {"Node Type": "Aggregate", "Strategy": "Plain", "Startup Cost": 66640.91, "Total Cost": 66640.92, "Plan Rows": 1, "Plan Width": 123, "Plans": [{"Node Type": "Nested Loop", "Parent Relationship": "Outer", "Join Type": "Inner", "Startup Cost": 0.0, "Total Cost": 66640.89, "Plan Rows": 4, "Plan Width": 59, "Inner Unique": true, "Plans": [{"Node Type": "Nested Loop", "Parent Relationship": "Outer", "Join Type": "Inner", "Startup Cost": 0.0, "Total Cost": 66639.75, "Plan Rows": 4, "Plan Width": 63, "Inner Unique": true, "Plans": [{"Node Type": "Nested Loop", "Parent Relationship": "Outer", "Join Type": "Inner", "Startup Cost": 0.0, "Total Cost": 66638.31, "Plan Rows": 5, "Plan Width": 67, "Inner Unique": false, "Join Filter": "(mi.info_type_id = it1.id)", "Plans": [{"Node Type": "Seq Scan", "Parent Relationship": "Outer", "Relation Name": "info_type", "Alias": "it1", "Startup Cost": 0.0, "Total Cost": 2.4, "Plan Rows": 1, "Plan Width": 4, "Filter": "((info)::text = 'budget'::text)"}, {"Node Type": "Nested Loop", "Parent Relationship": "Inner", "Join Type": "Inner", "Startup Cost": 0.0, "Total Cost": 66621.88, "Plan Rows": 1122, "Plan Width": 71, "Inner Unique": false, "Join Filter": "(t.id = mi.movie_id)", "Plans": [{"Node Type": "Nested Loop", "Parent Relationship": "Outer", "Join Type": "Inner", "Startup Cost": 0.0, "Total Cost": 66469.22, "Plan Rows": 210, "Plan Width": 37, "Inner Unique": false, "Join Filter": "(t.id = mc.movie_id)", "Plans": [{"Node Type": "Nested Loop", "Parent Relationship": "Outer", "Join Type": "Inner", "Startup Cost": 0.0, "Total Cost": 66348.45, "Plan Rows": 311, "Plan Width": 25, "Inner Unique": false, "Join Filter": "(mi_idx.info_type_id = it2.id)", "Plans": [{"Node Type": "Seq Scan", "Parent Relationship": "Outer", "Relation Name": "info_type", "Alias": "it2", "Startup Cost": 0.0, "Total Cost": 2.4, "Plan Rows": 1, "Plan Width": 4, "Filter": "((info)::text = 'bottom 10 rank'::text)"}, {"Node Type": "Materialize", "Parent Relationship": "Inner", "Startup Cost": 0.0, "Total Cost": 66342.09, "Plan Rows": 396, "Plan Width": 29, "Plans": [{"Node Type": "Nested Loop", "Parent Relationship": "Outer", "Join Type": "Inner", "Startup Cost": 0.0, "Total Cost": 66341.1, "Plan Rows": 396, "Plan Width": 29, "Inner Unique": false, "Plans": [{"Node Type": "Streaming(type: LOCAL GATHER dop: 1/64)", "Parent Relationship": "Outer", "Startup Cost": 0.0, "Total Cost": 64240.19, "Plan Rows": 258, "Plan Width": 21, "Plans": [{"Node Type": "Seq Scan", "Parent Relationship": "Outer", "Relation Name": "title", "Alias": "t", "Startup Cost": 0.0, "Total Cost": 64234.87, "Plan Rows": 258, "Plan Width": 21, "Filter": "((production_year > 2000) AND (((title)::text ~~ 'Birdemic%'::text) OR ((title)::text ~~ '%Movie%'::text)))"}]}, {"Node Type": "Index Scan", "Parent Relationship": "Inner", "Scan Direction": "Forward", "Index Name": "movie_id_movie_info_idx", "Relation Name": "movie_info_idx", "Alias": "mi_idx", "Startup Cost": 0.0, "Total Cost": 8.12, "Plan Rows": 2, "Plan Width": 8, "Index Cond": "(movie_id = t.id)"}]}]}]}, {"Node Type": "Index Scan", "Parent Relationship": "Inner", "Scan Direction": "Forward", "Index Name": "movie_id_movie_companies", "Relation Name": "movie_companies", "Alias": "mc", "Startup Cost": 0.0, "Total Cost": 0.36, "Plan Rows": 2, "Plan Width": 12, "Index Cond": "(movie_id = mi_idx.movie_id)"}]}, {"Node Type": "Index Scan", "Parent Relationship": "Inner", "Scan Direction": "Forward", "Index Name": "movie_id_movie_info", "Relation Name": "movie_info", "Alias": "mi", "Startup Cost": 0.0, "Total Cost": 0.66, "Plan Rows": 5, "Plan Width": 50, "Index Cond": "(movie_id = mc.movie_id)"}]}]}, {"Node Type": "Index Scan", "Parent Relationship": "Inner", "Scan Direction": "Forward", "Index Name": "company_name_pkey", "Relation Name": "company_name", "Alias": "cn", "Startup Cost": 0.0, "Total Cost": 0.28, "Plan Rows": 1, "Plan Width": 4, "Index Cond": "(id = mc.company_id)", "Filter": "((country_code)::text = '[us]'::text)"}]}, {"Node Type": "Index Scan", "Parent Relationship": "Inner", "Scan Direction": "Forward", "Index Name": "company_type_pkey", "Relation Name": "company_type", "Alias": "ct", "Startup Cost": 0.0, "Total Cost": 0.28, "Plan Rows": 1, "Plan Width": 4, "Index Cond": "(id = mc.company_type_id)", "Filter": "((kind IS NOT NULL) AND (((kind)::text = 'production companies'::text) OR ((kind)::text = 'distributors'::text)))"}]}]}, "Unique SQL Id": 1682224415}, "explain_analyze_plan": {"Plan": {"Node Type": "Aggregate", "Strategy": "Plain", "Startup Cost": 66640.91, "Total Cost": 66640.92, "Plan Rows": 1, "Plan Width": 123, "Actual Min Startup Time": 199.349, "Actual Max Startup Time": 199.349, "Actual Min Total Time": 199.35, "Actual Max Total Time": 199.35, "Actual Total Rows": 1, "Plans": [{"Node Type": "Nested Loop", "Parent Relationship": "Outer", "Join Type": "Inner", "Startup Cost": 0.0, "Total Cost": 66640.89, "Plan Rows": 4, "Plan Width": 59, "Actual Min Startup Time": 198.208, "Actual Max Startup Time": 198.208, "Actual Min Total Time": 199.313, "Actual Max Total Time": 199.313, "Actual Total Rows": 5, "Inner Unique": true, "Plans": [{"Node Type": "Nested Loop", "Parent Relationship": "Outer", "Join Type": "Inner", "Startup Cost": 0.0, "Total Cost": 66639.75, "Plan Rows": 4, "Plan Width": 63, "Actual Min Startup Time": 195.34, "Actual Max Startup Time": 195.34, "Actual Min Total Time": 199.281, "Actual Max Total Time": 199.281, "Actual Total Rows": 10, "Inner Unique": true, "Plans": [{"Node Type": "Nested Loop", "Parent Relationship": "Outer", "Join Type": "Inner", "Startup Cost": 0.0, "Total Cost": 66638.31, "Plan Rows": 5, "Plan Width": 67, "Actual Min Startup Time": 193.942, "Actual Max Startup Time": 193.942, "Actual Min Total Time": 199.008, "Actual Max Total Time": 199.008, "Actual Total Rows": 33, "Inner Unique": false, "Join Filter": "(mi.info_type_id = it1.id)", "Rows Removed by Join Filter": 4926, "Plans": [{"Node Type": "Seq Scan", "Parent Relationship": "Outer", "Relation Name": "info_type", "Alias": "it1", "Startup Cost": 0.0, "Total Cost": 2.4, "Plan Rows": 1, "Plan Width": 4, "Actual Min Startup Time": 0.111, "Actual Max Startup Time": 0.111, "Actual Min Total Time": 0.12, "Actual Max Total Time": 0.12, "Actual Total Rows": 1, "Filter": "((info)::text = 'budget'::text)", "Rows Removed by Filter": 111}, {"Node Type": "Nested Loop", "Parent Relationship": "Inner", "Join Type": "Inner", "Startup Cost": 0.0, "Total Cost": 66621.88, "Plan Rows": 1122, "Plan Width": 71, "Actual Min Startup Time": 193.654, "Actual Max Startup Time": 193.654, "Actual Min Total Time": 197.898, "Actual Max Total Time": 197.898, "Actual Total Rows": 4959, "Inner Unique": false, "Join Filter": "(t.id = mi.movie_id)", "Rows Removed by Join Filter": 0, "Plans": [{"Node Type": "Nested Loop", "Parent Relationship": "Outer", "Join Type": "Inner", "Startup Cost": 0.0, "Total Cost": 66469.22, "Plan Rows": 210, "Plan Width": 37, "Actual Min Startup Time": 193.619, "Actual Max Startup Time": 193.619, "Actual Min Total Time": 193.798, "Actual Max Total Time": 193.798, "Actual Total Rows": 33, "Inner Unique": false, "Join Filter": "(t.id = mc.movie_id)", "Rows Removed by Join Filter": 0, "Plans": [{"Node Type": "Nested Loop", "Parent Relationship": "Outer", "Join Type": "Inner", "Startup Cost": 0.0, "Total Cost": 66348.45, "Plan Rows": 311, "Plan Width": 25, "Actual Min Startup Time": 193.591, "Actual Max Startup Time": 193.591, "Actual Min Total Time": 193.726, "Actual Max Total Time": 193.726, "Actual Total Rows": 2, "Inner Unique": false, "Join Filter": "(mi_idx.info_type_id = it2.id)", "Rows Removed by Join Filter": 2643, "Plans": [{"Node Type": "Seq Scan", "Parent Relationship": "Outer", "Relation Name": "info_type", "Alias": "it2", "Startup Cost": 0.0, "Total Cost": 2.4, "Plan Rows": 1, "Plan Width": 4, "Actual Min Startup Time": 0.072, "Actual Max Startup Time": 0.072, "Actual Min Total Time": 0.077, "Actual Max Total Time": 0.077, "Actual Total Rows": 1, "Filter": "((info)::text = 'bottom 10 rank'::text)", "Rows Removed by Filter": 111}, {"Node Type": "Materialize", "Parent Relationship": "Inner", "Startup Cost": 0.0, "Total Cost": 66342.09, "Plan Rows": 396, "Plan Width": 29, "Actual Min Startup Time": 192.814, "Actual Max Startup Time": 192.814, "Actual Min Total Time": 193.085, "Actual Max Total Time": 193.085, "Actual Total Rows": 2646, "Plans": [{"Node Type": "Nested Loop", "Parent Relationship": "Outer", "Join Type": "Inner", "Startup Cost": 0.0, "Total Cost": 66341.1, "Plan Rows": 396, "Plan Width": 29, "Actual Min Startup Time": 111.437, "Actual Max Startup Time": 111.437, "Actual Min Total Time": 191.92, "Actual Max Total Time": 191.92, "Actual Total Rows": 2645, "Inner Unique": false, "Plans": [{"Node Type": "Streaming(type: LOCAL GATHER dop: 1/64)", "Parent Relationship": "Outer", "Startup Cost": 0.0, "Total Cost": 64240.19, "Plan Rows": 258, "Plan Width": 21, "Actual Min Startup Time": 111.362, "Actual Max Startup Time": 111.362, "Actual Min Total Time": 175.256, "Actual Max Total Time": 175.256, "Actual Total Rows": 2536, "Plans": [{"Node Type": "Seq Scan", "Parent Relationship": "Outer", "Relation Name": "title", "Alias": "t", "Startup Cost": 0.0, "Total Cost": 64234.87, "Plan Rows": 258, "Plan Width": 21, "Actual Min Startup Time": 0.032, "Actual Max Startup Time": 7.272, "Actual Min Total Time": 19.369, "Actual Max Total Time": 24.0, "Actual Total Rows": 2536, "Filter": "((production_year > 2000) AND (((title)::text ~~ 'Birdemic%'::text) OR ((title)::text ~~ '%Movie%'::text)))", "Rows Removed by Filter": 2525775}]}, {"Node Type": "Index Scan", "Parent Relationship": "Inner", "Scan Direction": "Forward", "Index Name": "movie_id_movie_info_idx", "Relation Name": "movie_info_idx", "Alias": "mi_idx", "Startup Cost": 0.0, "Total Cost": 8.12, "Plan Rows": 2, "Plan Width": 8, "Actual Min Startup Time": 13.665, "Actual Max Startup Time": 13.665, "Actual Min Total Time": 14.681, "Actual Max Total Time": 14.681, "Actual Total Rows": 2645, "Index Cond": "(movie_id = t.id)", "Rows Removed by Index Recheck": 0}]}]}]}, {"Node Type": "Index Scan", "Parent Relationship": "Inner", "Scan Direction": "Forward", "Index Name": "movie_id_movie_companies", "Relation Name": "movie_companies", "Alias": "mc", "Startup Cost": 0.0, "Total Cost": 0.36, "Plan Rows": 2, "Plan Width": 12, "Actual Min Startup Time": 0.032, "Actual Max Startup Time": 0.032, "Actual Min Total Time": 0.051, "Actual Max Total Time": 0.051, "Actual Total Rows": 33, "Index Cond": "(movie_id = mi_idx.movie_id)", "Rows Removed by Index Recheck": 0}]}, {"Node Type": "Index Scan", "Parent Relationship": "Inner", "Scan Direction": "Forward", "Index Name": "movie_id_movie_info", "Relation Name": "movie_info", "Alias": "mi", "Startup Cost": 0.0, "Total Cost": 0.66, "Plan Rows": 5, "Plan Width": 50, "Actual Min Startup Time": 0.498, "Actual Max Startup Time": 0.498, "Actual Min Total Time": 2.493, "Actual Max Total Time": 2.493, "Actual Total Rows": 4959, "Index Cond": "(movie_id = mc.movie_id)", "Rows Removed by Index Recheck": 0}]}]}, {"Node Type": "Index Scan", "Parent Relationship": "Inner", "Scan Direction": "Forward", "Index Name": "company_name_pkey", "Relation Name": "company_name", "Alias": "cn", "Startup Cost": 0.0, "Total Cost": 0.28, "Plan Rows": 1, "Plan Width": 4, "Actual Min Startup Time": 0.244, "Actual Max Startup Time": 0.244, "Actual Min Total Time": 0.244, "Actual Max Total Time": 0.244, "Actual Total Rows": 10, "Index Cond": "(id = mc.company_id)", "Rows Removed by Index Recheck": 0, "Filter": "((country_code)::text = '[us]'::text)", "Rows Removed by Filter": 23}]}, {"Node Type": "Index Scan", "Parent Relationship": "Inner", "Scan Direction": "Forward", "Index Name": "company_type_pkey", "Relation Name": "company_type", "Alias": "ct", "Startup Cost": 0.0, "Total Cost": 0.28, "Plan Rows": 1, "Plan Width": 4, "Actual Min Startup Time": 0.02, "Actual Max Startup Time": 0.02, "Actual Min Total Time": 0.02, "Actual Max Total Time": 0.02, "Actual Total Rows": 5, "Index Cond": "(id = mc.company_type_id)", "Rows Removed by Index Recheck": 0, "Filter": "((kind IS NOT NULL) AND (((kind)::text = 'production companies'::text) OR ((kind)::text = 'distributors'::text)))", "Rows Removed by Filter": 0}]}]}, "Triggers": [], "Planner Runtime": 21.617, "Total Runtime": 212.864, "Unique SQL Id": 1682224415}}, "(64, 125)": {"explain_plan": {"Plan": {"Node Type": "Aggregate", "Strategy": "Plain", "Startup Cost": 131508.15, "Total Cost": 131508.16, "Plan Rows": 1, "Plan Width": 123, "Plans": [{"Node Type": "Nested Loop", "Parent Relationship": "Outer", "Join Type": "Inner", "Startup Cost": 0.0, "Total Cost": 131508.13, "Plan Rows": 4, "Plan Width": 59, "Inner Unique": true, "Plans": [{"Node Type": "Nested Loop", "Parent Relationship": "Outer", "Join Type": "Inner", "Startup Cost": 0.0, "Total Cost": 131506.99, "Plan Rows": 4, "Plan Width": 63, "Inner Unique": true, "Plans": [{"Node Type": "Nested Loop", "Parent Relationship": "Outer", "Join Type": "Inner", "Startup Cost": 0.0, "Total Cost": 131505.55, "Plan Rows": 5, "Plan Width": 67, "Inner Unique": false, "Join Filter": "(mi.info_type_id = it1.id)", "Plans": [{"Node Type": "Index Scan", "Parent Relationship": "Outer", "Scan Direction": "Forward", "Index Name": "info_type_pkey", "Relation Name": "info_type", "Alias": "it1", "Startup Cost": 0.0, "Total Cost": 14.21, "Plan Rows": 1, "Plan Width": 4, "Filter": "((info)::text = 'budget'::text)"}, {"Node Type": "Nested Loop", "Parent Relationship": "Inner", "Join Type": "Inner", "Startup Cost": 0.0, "Total Cost": 131477.32, "Plan Rows": 1122, "Plan Width": 71, "Inner Unique": false, "Join Filter": "(t.id = mi.movie_id)", "Plans": [{"Node Type": "Nested Loop", "Parent Relationship": "Outer", "Join Type": "Inner", "Startup Cost": 0.0, "Total Cost": 131324.66, "Plan Rows": 210, "Plan Width": 37, "Inner Unique": false, "Join Filter": "(t.id = mc.movie_id)", "Plans": [{"Node Type": "Nested Loop", "Parent Relationship": "Outer", "Join Type": "Inner", "Startup Cost": 0.0, "Total Cost": 131203.89, "Plan Rows": 311, "Plan Width": 25, "Inner Unique": true, "Join Filter": "(mi_idx.info_type_id = it2.id)", "Plans": [{"Node Type": "Nested Loop", "Parent Relationship": "Outer", "Join Type": "Inner", "Startup Cost": 0.0, "Total Cost": 131183.74, "Plan Rows": 396, "Plan Width": 29, "Inner Unique": false, "Plans": [{"Node Type": "Index Scan", "Parent Relationship": "Outer", "Scan Direction": "Forward", "Index Name": "title_pkey", "Relation Name": "title", "Alias": "t", "Startup Cost": 0.0, "Total Cost": 129082.82, "Plan Rows": 258, "Plan Width": 21, "Filter": "((production_year > 2000) AND (((title)::text ~~ 'Birdemic%'::text) OR ((title)::text ~~ '%Movie%'::text)))"}, {"Node Type": "Index Scan", "Parent Relationship": "Inner", "Scan Direction": "Forward", "Index Name": "movie_id_movie_info_idx", "Relation Name": "movie_info_idx", "Alias": "mi_idx", "Startup Cost": 0.0, "Total Cost": 8.12, "Plan Rows": 2, "Plan Width": 8, "Index Cond": "(movie_id = t.id)"}]}, {"Node Type": "Materialize", "Parent Relationship": "Inner", "Startup Cost": 0.0, "Total Cost": 14.22, "Plan Rows": 1, "Plan Width": 4, "Plans": [{"Node Type": "Index Scan", "Parent Relationship": "Outer", "Scan Direction": "Forward", "Index Name": "info_type_pkey", "Relation Name": "info_type", "Alias": "it2", "Startup Cost": 0.0, "Total Cost": 14.21, "Plan Rows": 1, "Plan Width": 4, "Filter": "((info)::text = 'bottom 10 rank'::text)"}]}]}, {"Node Type": "Index Scan", "Parent Relationship": "Inner", "Scan Direction": "Forward", "Index Name": "movie_id_movie_companies", "Relation Name": "movie_companies", "Alias": "mc", "Startup Cost": 0.0, "Total Cost": 0.36, "Plan Rows": 2, "Plan Width": 12, "Index Cond": "(movie_id = mi_idx.movie_id)"}]}, {"Node Type": "Index Scan", "Parent Relationship": "Inner", "Scan Direction": "Forward", "Index Name": "movie_id_movie_info", "Relation Name": "movie_info", "Alias": "mi", "Startup Cost": 0.0, "Total Cost": 0.66, "Plan Rows": 5, "Plan Width": 50, "Index Cond": "(movie_id = mc.movie_id)"}]}]}, {"Node Type": "Index Scan", "Parent Relationship": "Inner", "Scan Direction": "Forward", "Index Name": "company_name_pkey", "Relation Name": "company_name", "Alias": "cn", "Startup Cost": 0.0, "Total Cost": 0.28, "Plan Rows": 1, "Plan Width": 4, "Index Cond": "(id = mc.company_id)", "Filter": "((country_code)::text = '[us]'::text)"}]}, {"Node Type": "Index Scan", "Parent Relationship": "Inner", "Scan Direction": "Forward", "Index Name": "company_type_pkey", "Relation Name": "company_type", "Alias": "ct", "Startup Cost": 0.0, "Total Cost": 0.28, "Plan Rows": 1, "Plan Width": 4, "Index Cond": "(id = mc.company_type_id)", "Filter": "((kind IS NOT NULL) AND (((kind)::text = 'production companies'::text) OR ((kind)::text = 'distributors'::text)))"}]}]}, "Unique SQL Id": 1682224415}, "explain_analyze_plan": null}, "(64, 126)": {"explain_plan": {"Plan": {"Node Type": "Aggregate", "Strategy": "Plain", "Startup Cost": 690351.61, "Total Cost": 690351.62, "Plan Rows": 1, "Plan Width": 123, "Plans": [{"Node Type": "Nested Loop", "Parent Relationship": "Outer", "Join Type": "Inner", "Startup Cost": 0.0, "Total Cost": 690351.59, "Plan Rows": 4, "Plan Width": 59, "Inner Unique": true, "Join Filter": "(mc.company_type_id = ct.id)", "Plans": [{"Node Type": "Nested Loop", "Parent Relationship": "Outer", "Join Type": "Inner", "Startup Cost": 0.0, "Total Cost": 690350.42, "Plan Rows": 4, "Plan Width": 63, "Inner Unique": false, "Join Filter": "(mc.company_id = cn.id)", "Plans": [{"Node Type": "Seq Scan", "Parent Relationship": "Outer", "Relation Name": "company_name", "Alias": "cn", "Startup Cost": 0.0, "Total Cost": 5903.45, "Plan Rows": 85170, "Plan Width": 4, "Filter": "((country_code)::text = '[us]'::text)"}, {"Node Type": "Materialize", "Parent Relationship": "Inner", "Startup Cost": 0.0, "Total Cost": 678059.23, "Plan Rows": 5, "Plan Width": 67, "Plans": [{"Node Type": "Streaming(type: LOCAL GATHER dop: 1/64)", "Parent Relationship": "Outer", "Startup Cost": 0.0, "Total Cost": 678059.21, "Plan Rows": 5, "Plan Width": 67, "Plans": [{"Node Type": "Nested Loop", "Parent Relationship": "Outer", "Join Type": "Inner", "Startup Cost": 0.0, "Total Cost": 678059.11, "Plan Rows": 5, "Plan Width": 67, "Inner Unique": false, "Join Filter": "(t.id = mc.movie_id)", "Plans": [{"Node Type": "Streaming(type: LOCAL ROUNDROBIN dop: 64/1)", "Parent Relationship": "Outer", "Startup Cost": 0.0, "Total Cost": 158643.28, "Plan Rows": 2609128, "Plan Width": 12, "Plans": [{"Node Type": "Seq Scan", "Parent Relationship": "Outer", "Relation Name": "movie_companies", "Alias": "mc", "Startup Cost": 0.0, "Total Cost": 41817.28, "Plan Rows": 2609128, "Plan Width": 12}]}, {"Node Type": "Materialize", "Parent Relationship": "Inner", "Startup Cost": 0.0, "Total Cost": 514523.73, "Plan Rows": 512, "Plan Width": 71, "Plans": [{"Node Type": "Streaming(type: BROADCAST dop: 64/64)", "Parent Relationship": "Outer", "Startup Cost": 0.0, "Total Cost": 514523.69, "Plan Rows": 512, "Plan Width": 71, "Plans": [{"Node Type": "Nested Loop", "Parent Relationship": "Outer", "Join Type": "Inner", "Startup Cost": 0.0, "Total Cost": 451523.36, "Plan Rows": 8, "Plan Width": 71, "Inner Unique": false, "Join Filter": "(mi_idx.movie_id = t.id)", "Plans": [{"Node Type": "Streaming(type: LOCAL REDISTRIBUTE dop: 64/1)", "Parent Relationship": "Outer", "Startup Cost": 0.0, "Total Cost": 114544.8, "Plan Rows": 345008, "Plan Width": 4, "Plans": [{"Node Type": "Nested Loop", "Parent Relationship": "Outer", "Join Type": "Inner", "Startup Cost": 0.0, "Total Cost": 37527.17, "Plan Rows": 345008, "Plan Width": 4, "Inner Unique": false, "Join Filter": "(it2.id = mi_idx.info_type_id), (LLVM Optimized)", "Plans": [{"Node Type": "Seq Scan", "Parent Relationship": "Outer", "Relation Name": "info_type", "Alias": "it2", "Startup Cost": 0.0, "Total Cost": 2.4, "Plan Rows": 1, "Plan Width": 4, "Filter": "((info)::text = 'bottom 10 rank'::text)"}, {"Node Type": "Seq Scan", "Parent Relationship": "Inner", "Relation Name": "movie_info_idx", "Alias": "mi_idx", "Startup Cost": 0.0, "Total Cost": 20274.34, "Plan Rows": 1380034, "Plan Width": 8}]}]}, {"Node Type": "Materialize", "Parent Relationship": "Inner", "Startup Cost": 0.0, "Total Cost": 336639.97, "Plan Rows": 268, "Plan Width": 67, "Plans": [{"Node Type": "Streaming(type: LOCAL REDISTRIBUTE dop: 64/64)", "Parent Relationship": "Outer", "Startup Cost": 0.0, "Total Cost": 336639.94, "Plan Rows": 268, "Plan Width": 67, "Plans": [{"Node Type": "Nested Loop", "Parent Relationship": "Outer", "Join Type": "Inner", "Startup Cost": 0.0, "Total Cost": 273639.69, "Plan Rows": 268, "Plan Width": 67, "Inner Unique": true, "Join Filter": "(mi.movie_id = t.id)", "Plans": [{"Node Type": "Nested Loop", "Parent Relationship": "Outer", "Join Type": "Inner", "Startup Cost": 0.0, "Total Cost": 133548.44, "Plan Rows": 212428, "Plan Width": 46, "Inner Unique": false, "Join Filter": "(it1.id = mi.info_type_id), (LLVM Optimized)", "Plans": [{"Node Type": "Streaming(type: BROADCAST dop: 64/1)", "Parent Relationship": "Outer", "Startup Cost": 0.0, "Total Cost": 63003.72, "Plan Rows": 64, "Plan Width": 4, "Plans": [{"Node Type": "Seq Scan", "Parent Relationship": "Outer", "Relation Name": "info_type", "Alias": "it1", "Startup Cost": 0.0, "Total Cost": 2.4, "Plan Rows": 1, "Plan Width": 4, "Filter": "((info)::text = 'budget'::text)"}]}, {"Node Type": "Seq Scan", "Parent Relationship": "Inner", "Relation Name": "movie_info", "Alias": "mi", "Startup Cost": 0.0, "Total Cost": 67640.43, "Plan Rows": 14869966, "Plan Width": 50}]}, {"Node Type": "Materialize", "Parent Relationship": "Inner", "Startup Cost": 0.0, "Total Cost": 127246.64, "Plan Rows": 16512, "Plan Width": 21, "Plans": [{"Node Type": "Streaming(type: BROADCAST dop: 64/64)", "Parent Relationship": "Outer", "Startup Cost": 0.0, "Total Cost": 127245.35, "Plan Rows": 16512, "Plan Width": 21, "Plans": [{"Node Type": "Seq Scan", "Parent Relationship": "Outer", "Relation Name": "title", "Alias": "t", "Startup Cost": 0.0, "Total Cost": 64234.87, "Plan Rows": 258, "Plan Width": 21, "Filter": "((production_year > 2000) AND (((title)::text ~~ 'Birdemic%'::text) OR ((title)::text ~~ '%Movie%'::text)))"}]}]}]}]}]}]}]}]}]}]}]}]}, {"Node Type": "Materialize", "Parent Relationship": "Inner", "Startup Cost": 0.0, "Total Cost": 1.05, "Plan Rows": 2, "Plan Width": 4, "Plans": [{"Node Type": "Seq Scan", "Parent Relationship": "Outer", "Relation Name": "company_type", "Alias": "ct", "Startup Cost": 0.0, "Total Cost": 1.04, "Plan Rows": 2, "Plan Width": 4, "Filter": "((kind IS NOT NULL) AND (((kind)::text = 'production companies'::text) OR ((kind)::text = 'distributors'::text)))"}]}]}]}, "Unique SQL Id": 1682224415}, "explain_analyze_plan": null}, "(64, 127)": {"explain_plan": {"Plan": {"Node Type": "Aggregate", "Strategy": "Plain", "Startup Cost": 8000134520134.75, "Total Cost": 8000134520134.76, "Plan Rows": 1, "Plan Width": 123, "Plans": [{"Node Type": "Nested Loop", "Parent Relationship": "Outer", "Join Type": "Inner", "Startup Cost": 80000000000.0, "Total Cost": 8000134520134.73, "Plan Rows": 4, "Plan Width": 59, "Inner Unique": true, "Join Filter": "(mc.company_type_id = ct.id)", "Plans": [{"Node Type": "Nested Loop", "Parent Relationship": "Outer", "Join Type": "Inner", "Startup Cost": 70000000000.0, "Total Cost": 7000134518903.61, "Plan Rows": 4, "Plan Width": 63, "Inner Unique": true, "Join Filter": "(mc.company_id = cn.id)", "Plans": [{"Node Type": "Nested Loop", "Parent Relationship": "Outer", "Join Type": "Inner", "Startup Cost": 60000000000.0, "Total Cost": 6000133462163.97, "Plan Rows": 5, "Plan Width": 67, "Inner Unique": false, "Join Filter": "(t.id = mc.movie_id)", "Plans": [{"Node Type": "Index Scan", "Parent Relationship": "Outer", "Scan Direction": "Forward", "Index Name": "company_type_id_movie_companies", "Relation Name": "movie_companies", "Alias": "mc", "Startup Cost": 10000000000.0, "Total Cost": 1000009318217.0, "Plan Rows": 2609128, "Plan Width": 12}, {"Node Type": "Materialize", "Parent Relationship": "Inner", "Startup Cost": 50000000000.0, "Total Cost": 5000123830851.63, "Plan Rows": 8, "Plan Width": 71, "Plans": [{"Node Type": "Nested Loop", "Parent Relationship": "Outer", "Join Type": "Inner", "Startup Cost": 50000000000.0, "Total Cost": 5000123830851.59, "Plan Rows": 8, "Plan Width": 71, "Inner Unique": false, "Join Filter": "(mi_idx.movie_id = t.id)", "Plans": [{"Node Type": "Nested Loop", "Parent Relationship": "Outer", "Join Type": "Inner", "Startup Cost": 20000000000.0, "Total Cost": 2000004672156.88, "Plan Rows": 345008, "Plan Width": 4, "Inner Unique": true, "Join Filter": "(it2.id = mi_idx.info_type_id), (LLVM Optimized)", "Plans": [{"Node Type": "Index Scan", "Parent Relationship": "Outer", "Scan Direction": "Forward", "Index Name": "movie_id_movie_info_idx", "Relation Name": "movie_info_idx", "Alias": "mi_idx", "Startup Cost": 10000000000.0, "Total Cost": 1000004650035.37, "Plan Rows": 1380034, "Plan Width": 8}, {"Node Type": "Materialize", "Parent Relationship": "Inner", "Startup Cost": 10000000000.0, "Total Cost": 1000000001421.0, "Plan Rows": 1, "Plan Width": 4, "Plans": [{"Node Type": "Index Scan", "Parent Relationship": "Outer", "Scan Direction": "Forward", "Index Name": "info_type_pkey", "Relation Name": "info_type", "Alias": "it2", "Startup Cost": 10000000000.0, "Total Cost": 1000000001421.0, "Plan Rows": 1, "Plan Width": 4, "Filter": "((info)::text = 'bottom 10 rank'::text)"}]}]}, {"Node Type": "Materialize", "Parent Relationship": "Inner", "Startup Cost": 30000000000.0, "Total Cost": 3000117771763.22, "Plan Rows": 268, "Plan Width": 67, "Plans": [{"Node Type": "Nested Loop", "Parent Relationship": "Outer", "Join Type": "Inner", "Startup Cost": 30000000000.0, "Total Cost": 3000117771761.88, "Plan Rows": 268, "Plan Width": 67, "Inner Unique": true, "Join Filter": "(mi.movie_id = t.id)", "Plans": [{"Node Type": "Nested Loop", "Parent Relationship": "Outer", "Join Type": "Inner", "Startup Cost": 20000000000.0, "Total Cost": 2000104041382.71, "Plan Rows": 212428, "Plan Width": 46, "Inner Unique": true, "Join Filter": "(it1.id = mi.info_type_id), (LLVM Optimized)", "Plans": [{"Node Type": "Index Scan", "Parent Relationship": "Outer", "Scan Direction": "Forward", "Index Name": "movie_id_movie_info", "Relation Name": "movie_info", "Alias": "mi", "Startup Cost": 10000000000.0, "Total Cost": 1000103816912.22, "Plan Rows": 14869966, "Plan Width": 50}, {"Node Type": "Materialize", "Parent Relationship": "Inner", "Startup Cost": 10000000000.0, "Total Cost": 1000000001421.0, "Plan Rows": 1, "Plan Width": 4, "Plans": [{"Node Type": "Index Scan", "Parent Relationship": "Outer", "Scan Direction": "Forward", "Index Name": "info_type_pkey", "Relation Name": "info_type", "Alias": "it1", "Startup Cost": 10000000000.0, "Total Cost": 1000000001421.0, "Plan Rows": 1, "Plan Width": 4, "Filter": "((info)::text = 'budget'::text)"}]}]}, {"Node Type": "Materialize", "Parent Relationship": "Inner", "Startup Cost": 10000000000.0, "Total Cost": 1000012908283.45, "Plan Rows": 258, "Plan Width": 21, "Plans": [{"Node Type": "Index Scan", "Parent Relationship": "Outer", "Scan Direction": "Forward", "Index Name": "title_pkey", "Relation Name": "title", "Alias": "t", "Startup Cost": 10000000000.0, "Total Cost": 1000012908282.16, "Plan Rows": 258, "Plan Width": 21, "Filter": "((production_year > 2000) AND (((title)::text ~~ 'Birdemic%'::text) OR ((title)::text ~~ '%Movie%'::text)))"}]}]}]}]}]}]}, {"Node Type": "Materialize", "Parent Relationship": "Inner", "Startup Cost": 10000000000.0, "Total Cost": 1000001050564.82, "Plan Rows": 85170, "Plan Width": 4, "Plans": [{"Node Type": "Index Scan", "Parent Relationship": "Outer", "Scan Direction": "Forward", "Index Name": "company_name_pkey", "Relation Name": "company_name", "Alias": "cn", "Startup Cost": 10000000000.0, "Total Cost": 1000001050138.97, "Plan Rows": 85170, "Plan Width": 4, "Filter": "((country_code)::text = '[us]'::text)"}]}]}, {"Node Type": "Materialize", "Parent Relationship": "Inner", "Startup Cost": 10000000000.0, "Total Cost": 1000000001231.01, "Plan Rows": 2, "Plan Width": 4, "Plans": [{"Node Type": "Index Scan", "Parent Relationship": "Outer", "Scan Direction": "Forward", "Index Name": "company_type_pkey", "Relation Name": "company_type", "Alias": "ct", "Startup Cost": 10000000000.0, "Total Cost": 1000000001231.0, "Plan Rows": 2, "Plan Width": 4, "Filter": "((kind IS NOT NULL) AND (((kind)::text = 'production companies'::text) OR ((kind)::text = 'distributors'::text)))"}]}]}]}, "Unique SQL Id": 1682224415}, "explain_analyze_plan": null}}