{"(1, 0)": {"explain_plan": {"Plan": {"Node Type": "Aggregate", "Strategy": "Plain", "Startup Cost": 165024.33, "Total Cost": 165024.34, "Plan Rows": 1, "Plan Width": 123, "Plans": [{"Node Type": "Nested Loop", "Parent Relationship": "Outer", "Join Type": "Inner", "Startup Cost": 4841.46, "Total Cost": 165023.66, "Plan Rows": 134, "Plan Width": 59, "Inner Unique": true, "Plans": [{"Node Type": "Nested Loop", "Parent Relationship": "Outer", "Join Type": "Inner", "Startup Cost": 4841.46, "Total Cost": 164986.14, "Plan Rows": 134, "Plan Width": 63, "Inner Unique": false, "Join Filter": "(t.id = mk.movie_id)", "Plans": [{"Node Type": "Nested Loop", "Parent Relationship": "Outer", "Join Type": "Inner", "Startup Cost": 4841.46, "Total Cost": 164976.58, "Plan Rows": 17, "Plan Width": 75, "Inner Unique": true, "Join Filter": "(at.movie_id = t.id)", "Plans": [{"Node Type": "Nested Loop", "Parent Relationship": "Outer", "Join Type": "Inner", "Startup Cost": 4841.46, "Total Cost": 164972.35, "Plan Rows": 12, "Plan Width": 54, "Inner Unique": true, "Join Filter": "(mc.company_type_id = ct.id)", "Plans": [{"Node Type": "Nested Loop", "Parent Relationship": "Outer", "Join Type": "Inner", "Startup Cost": 4841.46, "Total Cost": 164970.77, "Plan Rows": 12, "Plan Width": 58, "Inner Unique": true, "Plans": [{"Node Type": "Nested Loop", "Parent Relationship": "Outer", "Join Type": "Inner", "Startup Cost": 4841.46, "Total Cost": 164965.02, "Plan Rows": 20, "Plan Width": 62, "Inner Unique": false, "Plans": [{"Node Type": "Nested Loop", "Parent Relationship": "Outer", "Join Type": "Inner", "Startup Cost": 4841.46, "Total Cost": 164959.71, "Plan Rows": 9, "Plan Width": 50, "Inner Unique": false, "Plans": [{"Node Type": "Nested Loop", "Parent Relationship": "Outer", "Join Type": "Inner", "Startup Cost": 4841.46, "Total Cost": 164944.29, "Plan Rows": 4, "Plan Width": 46, "Inner Unique": false, "Plans": [{"Node Type": "Seq Scan", "Parent Relationship": "Outer", "Relation Name": "info_type", "Alias": "it1", "Startup Cost": 0.0, "Total Cost": 2.4, "Plan Rows": 1, "Plan Width": 4, "Filter": "((info)::text = 'release dates'::text)"}, {"Node Type": "Bitmap Heap Scan", "Parent Relationship": "Inner", "Relation Name": "movie_info", "Alias": "mi", "Startup Cost": 4841.46, "Total Cost": 164941.85, "Plan Rows": 4, "Plan Width": 50, "Recheck Cond": "(info_type_id = it1.id)", "Filter": "((info IS NOT NULL) AND ((note)::text ~~ '%internet%'::text) AND (((info)::text ~~ 'USA:% 199%'::text) OR ((info)::text ~~ 'USA:% 200%'::text)))", "Plans": [{"Node Type": "Bitmap Index Scan", "Parent Relationship": "Outer", "Index Name": "info_type_id_movie_info", "Startup Cost": 0.0, "Total Cost": 4841.46, "Plan Rows": 212428, "Plan Width": 0, "Index Cond": "(info_type_id = it1.id)"}]}]}, {"Node Type": "Index Only Scan", "Parent Relationship": "Inner", "Scan Direction": "Forward", "Index Name": "movie_id_aka_title", "Relation Name": "aka_title", "Alias": "at", "Startup Cost": 0.0, "Total Cost": 3.82, "Plan Rows": 3, "Plan Width": 4, "Index Cond": "(movie_id = mi.movie_id)"}]}, {"Node Type": "Index Scan", "Parent Relationship": "Inner", "Scan Direction": "Forward", "Index Name": "movie_id_movie_companies", "Relation Name": "movie_companies", "Alias": "mc", "Startup Cost": 0.0, "Total Cost": 0.57, "Plan Rows": 2, "Plan Width": 12, "Index Cond": "(movie_id = at.movie_id)"}]}, {"Node Type": "Index Scan", "Parent Relationship": "Inner", "Scan Direction": "Forward", "Index Name": "company_name_pkey", "Relation Name": "company_name", "Alias": "cn", "Startup Cost": 0.0, "Total Cost": 0.28, "Plan Rows": 1, "Plan Width": 4, "Index Cond": "(id = mc.company_id)", "Filter": "((country_code)::text = '[us]'::text)"}]}, {"Node Type": "Materialize", "Parent Relationship": "Inner", "Startup Cost": 0.0, "Total Cost": 1.04, "Plan Rows": 3, "Plan Width": 4, "Plans": [{"Node Type": "Seq Scan", "Parent Relationship": "Outer", "Relation Name": "company_type", "Alias": "ct", "Startup Cost": 0.0, "Total Cost": 1.03, "Plan Rows": 3, "Plan Width": 4}]}]}, {"Node Type": "Index Scan", "Parent Relationship": "Inner", "Scan Direction": "Forward", "Index Name": "title_pkey", "Relation Name": "title", "Alias": "t", "Startup Cost": 0.0, "Total Cost": 0.34, "Plan Rows": 1, "Plan Width": 21, "Index Cond": "(id = mc.movie_id)", "Filter": "(production_year > 1990)"}]}, {"Node Type": "Index Scan", "Parent Relationship": "Inner", "Scan Direction": "Forward", "Index Name": "movie_id_movie_keyword", "Relation Name": "movie_keyword", "Alias": "mk", "Startup Cost": 0.0, "Total Cost": 0.46, "Plan Rows": 8, "Plan Width": 8, "Index Cond": "(movie_id = mc.movie_id)"}]}, {"Node Type": "Index Only Scan", "Parent Relationship": "Inner", "Scan Direction": "Forward", "Index Name": "keyword_pkey", "Relation Name": "keyword", "Alias": "k", "Startup Cost": 0.0, "Total Cost": 0.27, "Plan Rows": 1, "Plan Width": 4, "Index Cond": "(id = mk.keyword_id)"}]}]}, "Unique SQL Id": 2846462052}, "explain_analyze_plan": {"Plan": {"Node Type": "Aggregate", "Strategy": "Plain", "Startup Cost": 165024.33, "Total Cost": 165024.34, "Plan Rows": 1, "Plan Width": 123, "Actual Startup Time": 1624.912, "Actual Total Time": 1624.912, "Actual Rows": 1, "Actual Loops": 1, "Plans": [{"Node Type": "Nested Loop", "Parent Relationship": "Outer", "Join Type": "Inner", "Startup Cost": 4841.46, "Total Cost": 165023.66, "Plan Rows": 134, "Plan Width": 59, "Actual Startup Time": 421.527, "Actual Total Time": 1623.981, "Actual Rows": 1140, "Actual Loops": 1, "Inner Unique": true, "Plans": [{"Node Type": "Nested Loop", "Parent Relationship": "Outer", "Join Type": "Inner", "Startup Cost": 4841.46, "Total Cost": 164986.14, "Plan Rows": 134, "Plan Width": 63, "Actual Startup Time": 421.516, "Actual Total Time": 1620.002, "Actual Rows": 1140, "Actual Loops": 1, "Inner Unique": false, "Join Filter": "(t.id = mk.movie_id)", "Rows Removed by Join Filter": 0, "Plans": [{"Node Type": "Nested Loop", "Parent Relationship": "Outer", "Join Type": "Inner", "Startup Cost": 4841.46, "Total Cost": 164976.58, "Plan Rows": 17, "Plan Width": 75, "Actual Startup Time": 421.497, "Actual Total Time": 1618.189, "Actual Rows": 119, "Actual Loops": 1, "Inner Unique": true, "Join Filter": "(at.movie_id = t.id)", "Rows Removed by Join Filter": 0, "Plans": [{"Node Type": "Nested Loop", "Parent Relationship": "Outer", "Join Type": "Inner", "Startup Cost": 4841.46, "Total Cost": 164972.35, "Plan Rows": 12, "Plan Width": 54, "Actual Startup Time": 421.471, "Actual Total Time": 1617.215, "Actual Rows": 119, "Actual Loops": 1, "Inner Unique": true, "Join Filter": "(mc.company_type_id = ct.id)", "Rows Removed by Join Filter": 495, "Plans": [{"Node Type": "Nested Loop", "Parent Relationship": "Outer", "Join Type": "Inner", "Startup Cost": 4841.46, "Total Cost": 164970.77, "Plan Rows": 12, "Plan Width": 58, "Actual Startup Time": 382.892, "Actual Total Time": 1616.751, "Actual Rows": 284, "Actual Loops": 1, "Inner Unique": true, "Plans": [{"Node Type": "Nested Loop", "Parent Relationship": "Outer", "Join Type": "Inner", "Startup Cost": 4841.46, "Total Cost": 164965.02, "Plan Rows": 20, "Plan Width": 62, "Actual Startup Time": 382.866, "Actual Total Time": 1614.307, "Actual Rows": 400, "Actual Loops": 1, "Inner Unique": false, "Plans": [{"Node Type": "Nested Loop", "Parent Relationship": "Outer", "Join Type": "Inner", "Startup Cost": 4841.46, "Total Cost": 164959.71, "Plan Rows": 9, "Plan Width": 50, "Actual Startup Time": 382.846, "Actual Total Time": 1612.883, "Actual Rows": 120, "Actual Loops": 1, "Inner Unique": false, "Plans": [{"Node Type": "Nested Loop", "Parent Relationship": "Outer", "Join Type": "Inner", "Startup Cost": 4841.46, "Total Cost": 164944.29, "Plan Rows": 4, "Plan Width": 46, "Actual Startup Time": 379.084, "Actual Total Time": 1605.42, "Actual Rows": 1783, "Actual Loops": 1, "Inner Unique": false, "Plans": [{"Node Type": "Seq Scan", "Parent Relationship": "Outer", "Relation Name": "info_type", "Alias": "it1", "Startup Cost": 0.0, "Total Cost": 2.4, "Plan Rows": 1, "Plan Width": 4, "Actual Startup Time": 0.054, "Actual Total Time": 0.083, "Actual Rows": 1, "Actual Loops": 1, "Filter": "((info)::text = 'release dates'::text)", "Rows Removed by Filter": 111}, {"Node Type": "Bitmap Heap Scan", "Parent Relationship": "Inner", "Relation Name": "movie_info", "Alias": "mi", "Startup Cost": 4841.46, "Total Cost": 164941.85, "Plan Rows": 4, "Plan Width": 50, "Actual Startup Time": 379.021, "Actual Total Time": 1604.695, "Actual Rows": 1783, "Actual Loops": 1, "Recheck Cond": "(info_type_id = it1.id)", "Rows Removed by Index Recheck": 0, "Filter": "((info IS NOT NULL) AND ((note)::text ~~ '%internet%'::text) AND (((info)::text ~~ 'USA:% 199%'::text) OR ((info)::text ~~ 'USA:% 200%'::text)))", "Rows Removed by Filter": 3034936, "Exact Heap Blocks": 21947, "Lossy Heap Blocks": 21947, "Plans": [{"Node Type": "Bitmap Index Scan", "Parent Relationship": "Outer", "Index Name": "info_type_id_movie_info", "Startup Cost": 0.0, "Total Cost": 4841.46, "Plan Rows": 212428, "Plan Width": 0, "Actual Startup Time": 373.729, "Actual Total Time": 373.729, "Actual Rows": 3036719, "Actual Loops": 1, "Index Cond": "(info_type_id = it1.id)"}]}]}, {"Node Type": "Index Only Scan", "Parent Relationship": "Inner", "Scan Direction": "Forward", "Index Name": "movie_id_aka_title", "Relation Name": "aka_title", "Alias": "at", "Startup Cost": 0.0, "Total Cost": 3.82, "Plan Rows": 3, "Plan Width": 4, "Actual Startup Time": 5.994, "Actual Total Time": 6.041, "Actual Rows": 120, "Actual Loops": 1783, "Index Cond": "(movie_id = mi.movie_id)", "Rows Removed by Index Recheck": 0, "Heap Fetches": 0}]}, {"Node Type": "Index Scan", "Parent Relationship": "Inner", "Scan Direction": "Forward", "Index Name": "movie_id_movie_companies", "Relation Name": "movie_companies", "Alias": "mc", "Startup Cost": 0.0, "Total Cost": 0.57, "Plan Rows": 2, "Plan Width": 12, "Actual Startup Time": 0.821, "Actual Total Time": 1.141, "Actual Rows": 400, "Actual Loops": 120, "Index Cond": "(movie_id = at.movie_id)", "Rows Removed by Index Recheck": 0}]}, {"Node Type": "Index Scan", "Parent Relationship": "Inner", "Scan Direction": "Forward", "Index Name": "company_name_pkey", "Relation Name": "company_name", "Alias": "cn", "Startup Cost": 0.0, "Total Cost": 0.28, "Plan Rows": 1, "Plan Width": 4, "Actual Startup Time": 1.983, "Actual Total Time": 1.983, "Actual Rows": 284, "Actual Loops": 400, "Index Cond": "(id = mc.company_id)", "Rows Removed by Index Recheck": 0, "Filter": "((country_code)::text = '[us]'::text)", "Rows Removed by Filter": 116}]}, {"Node Type": "Materialize", "Parent Relationship": "Inner", "Startup Cost": 0.0, "Total Cost": 1.04, "Plan Rows": 3, "Plan Width": 4, "Actual Startup Time": 0.09, "Actual Total Time": 0.14, "Actual Rows": 614, "Actual Loops": 284, "Plans": [{"Node Type": "Seq Scan", "Parent Relationship": "Outer", "Relation Name": "company_type", "Alias": "ct", "Startup Cost": 0.0, "Total Cost": 1.03, "Plan Rows": 3, "Plan Width": 4, "Actual Startup Time": 0.012, "Actual Total Time": 0.016, "Actual Rows": 3, "Actual Loops": 1}]}]}, {"Node Type": "Index Scan", "Parent Relationship": "Inner", "Scan Direction": "Forward", "Index Name": "title_pkey", "Relation Name": "title", "Alias": "t", "Startup Cost": 0.0, "Total Cost": 0.34, "Plan Rows": 1, "Plan Width": 21, "Actual Startup Time": 0.703, "Actual Total Time": 0.703, "Actual Rows": 119, "Actual Loops": 119, "Index Cond": "(id = mc.movie_id)", "Rows Removed by Index Recheck": 0, "Filter": "(production_year > 1990)", "Rows Removed by Filter": 0}]}, {"Node Type": "Index Scan", "Parent Relationship": "Inner", "Scan Direction": "Forward", "Index Name": "movie_id_movie_keyword", "Relation Name": "movie_keyword", "Alias": "mk", "Startup Cost": 0.0, "Total Cost": 0.46, "Plan Rows": 8, "Plan Width": 8, "Actual Startup Time": 0.679, "Actual Total Time": 1.24, "Actual Rows": 1140, "Actual Loops": 119, "Index Cond": "(movie_id = mc.movie_id)", "Rows Removed by Index Recheck": 0}]}, {"Node Type": "Index Only Scan", "Parent Relationship": "Inner", "Scan Direction": "Forward", "Index Name": "keyword_pkey", "Relation Name": "keyword", "Alias": "k", "Startup Cost": 0.0, "Total Cost": 0.27, "Plan Rows": 1, "Plan Width": 4, "Actual Startup Time": 3.176, "Actual Total Time": 3.176, "Actual Rows": 1140, "Actual Loops": 1140, "Index Cond": "(id = mk.keyword_id)", "Rows Removed by Index Recheck": 0, "Heap Fetches": 0}]}]}, "Triggers": [], "Planner Runtime": 170.746, "Total Runtime": 1625.404, "Unique SQL Id": 2846462052}}, "(1, 1)": {"explain_plan": {"Plan": {"Node Type": "Aggregate", "Strategy": "Plain", "Startup Cost": 165037.92, "Total Cost": 165037.93, "Plan Rows": 1, "Plan Width": 123, "Plans": [{"Node Type": "Nested Loop", "Parent Relationship": "Outer", "Join Type": "Inner", "Startup Cost": 4841.46, "Total Cost": 165037.25, "Plan Rows": 134, "Plan Width": 59, "Inner Unique": true, "Plans": [{"Node Type": "Nested Loop", "Parent Relationship": "Outer", "Join Type": "Inner", "Startup Cost": 4841.46, "Total Cost": 164999.73, "Plan Rows": 134, "Plan Width": 63, "Inner Unique": false, "Join Filter": "(t.id = mk.movie_id)", "Plans": [{"Node Type": "Nested Loop", "Parent Relationship": "Outer", "Join Type": "Inner", "Startup Cost": 4841.46, "Total Cost": 164990.17, "Plan Rows": 17, "Plan Width": 75, "Inner Unique": true, "Join Filter": "(at.movie_id = t.id)", "Plans": [{"Node Type": "Nested Loop", "Parent Relationship": "Outer", "Join Type": "Inner", "Startup Cost": 4841.46, "Total Cost": 164985.94, "Plan Rows": 12, "Plan Width": 54, "Inner Unique": true, "Plans": [{"Node Type": "Nested Loop", "Parent Relationship": "Outer", "Join Type": "Inner", "Startup Cost": 4841.46, "Total Cost": 164982.58, "Plan Rows": 12, "Plan Width": 58, "Inner Unique": true, "Plans": [{"Node Type": "Nested Loop", "Parent Relationship": "Outer", "Join Type": "Inner", "Startup Cost": 4841.46, "Total Cost": 164976.83, "Plan Rows": 20, "Plan Width": 62, "Inner Unique": false, "Plans": [{"Node Type": "Nested Loop", "Parent Relationship": "Outer", "Join Type": "Inner", "Startup Cost": 4841.46, "Total Cost": 164971.52, "Plan Rows": 9, "Plan Width": 50, "Inner Unique": false, "Plans": [{"Node Type": "Nested Loop", "Parent Relationship": "Outer", "Join Type": "Inner", "Startup Cost": 4841.46, "Total Cost": 164956.1, "Plan Rows": 4, "Plan Width": 46, "Inner Unique": false, "Plans": [{"Node Type": "Index Scan", "Parent Relationship": "Outer", "Scan Direction": "Forward", "Index Name": "info_type_pkey", "Relation Name": "info_type", "Alias": "it1", "Startup Cost": 0.0, "Total Cost": 14.21, "Plan Rows": 1, "Plan Width": 4, "Filter": "((info)::text = 'release dates'::text)"}, {"Node Type": "Bitmap Heap Scan", "Parent Relationship": "Inner", "Relation Name": "movie_info", "Alias": "mi", "Startup Cost": 4841.46, "Total Cost": 164941.85, "Plan Rows": 4, "Plan Width": 50, "Recheck Cond": "(info_type_id = it1.id)", "Filter": "((info IS NOT NULL) AND ((note)::text ~~ '%internet%'::text) AND (((info)::text ~~ 'USA:% 199%'::text) OR ((info)::text ~~ 'USA:% 200%'::text)))", "Plans": [{"Node Type": "Bitmap Index Scan", "Parent Relationship": "Outer", "Index Name": "info_type_id_movie_info", "Startup Cost": 0.0, "Total Cost": 4841.46, "Plan Rows": 212428, "Plan Width": 0, "Index Cond": "(info_type_id = it1.id)"}]}]}, {"Node Type": "Index Only Scan", "Parent Relationship": "Inner", "Scan Direction": "Forward", "Index Name": "movie_id_aka_title", "Relation Name": "aka_title", "Alias": "at", "Startup Cost": 0.0, "Total Cost": 3.82, "Plan Rows": 3, "Plan Width": 4, "Index Cond": "(movie_id = mi.movie_id)"}]}, {"Node Type": "Index Scan", "Parent Relationship": "Inner", "Scan Direction": "Forward", "Index Name": "movie_id_movie_companies", "Relation Name": "movie_companies", "Alias": "mc", "Startup Cost": 0.0, "Total Cost": 0.57, "Plan Rows": 2, "Plan Width": 12, "Index Cond": "(movie_id = at.movie_id)"}]}, {"Node Type": "Index Scan", "Parent Relationship": "Inner", "Scan Direction": "Forward", "Index Name": "company_name_pkey", "Relation Name": "company_name", "Alias": "cn", "Startup Cost": 0.0, "Total Cost": 0.28, "Plan Rows": 1, "Plan Width": 4, "Index Cond": "(id = mc.company_id)", "Filter": "((country_code)::text = '[us]'::text)"}]}, {"Node Type": "Index Only Scan", "Parent Relationship": "Inner", "Scan Direction": "Forward", "Index Name": "company_type_pkey", "Relation Name": "company_type", "Alias": "ct", "Startup Cost": 0.0, "Total Cost": 0.27, "Plan Rows": 1, "Plan Width": 4, "Index Cond": "(id = mc.company_type_id)"}]}, {"Node Type": "Index Scan", "Parent Relationship": "Inner", "Scan Direction": "Forward", "Index Name": "title_pkey", "Relation Name": "title", "Alias": "t", "Startup Cost": 0.0, "Total Cost": 0.34, "Plan Rows": 1, "Plan Width": 21, "Index Cond": "(id = mc.movie_id)", "Filter": "(production_year > 1990)"}]}, {"Node Type": "Index Scan", "Parent Relationship": "Inner", "Scan Direction": "Forward", "Index Name": "movie_id_movie_keyword", "Relation Name": "movie_keyword", "Alias": "mk", "Startup Cost": 0.0, "Total Cost": 0.46, "Plan Rows": 8, "Plan Width": 8, "Index Cond": "(movie_id = mc.movie_id)"}]}, {"Node Type": "Index Only Scan", "Parent Relationship": "Inner", "Scan Direction": "Forward", "Index Name": "keyword_pkey", "Relation Name": "keyword", "Alias": "k", "Startup Cost": 0.0, "Total Cost": 0.27, "Plan Rows": 1, "Plan Width": 4, "Index Cond": "(id = mk.keyword_id)"}]}]}, "Unique SQL Id": 2846462052}, "explain_analyze_plan": {"Plan": {"Node Type": "Aggregate", "Strategy": "Plain", "Startup Cost": 165037.92, "Total Cost": 165037.93, "Plan Rows": 1, "Plan Width": 123, "Actual Startup Time": 1647.649, "Actual Total Time": 1647.649, "Actual Rows": 1, "Actual Loops": 1, "Plans": [{"Node Type": "Nested Loop", "Parent Relationship": "Outer", "Join Type": "Inner", "Startup Cost": 4841.46, "Total Cost": 165037.25, "Plan Rows": 134, "Plan Width": 59, "Actual Startup Time": 420.504, "Actual Total Time": 1646.697, "Actual Rows": 1140, "Actual Loops": 1, "Inner Unique": true, "Plans": [{"Node Type": "Nested Loop", "Parent Relationship": "Outer", "Join Type": "Inner", "Startup Cost": 4841.46, "Total Cost": 164999.73, "Plan Rows": 134, "Plan Width": 63, "Actual Startup Time": 420.493, "Actual Total Time": 1642.378, "Actual Rows": 1140, "Actual Loops": 1, "Inner Unique": false, "Join Filter": "(t.id = mk.movie_id)", "Rows Removed by Join Filter": 0, "Plans": [{"Node Type": "Nested Loop", "Parent Relationship": "Outer", "Join Type": "Inner", "Startup Cost": 4841.46, "Total Cost": 164990.17, "Plan Rows": 17, "Plan Width": 75, "Actual Startup Time": 420.473, "Actual Total Time": 1640.455, "Actual Rows": 119, "Actual Loops": 1, "Inner Unique": true, "Join Filter": "(at.movie_id = t.id)", "Rows Removed by Join Filter": 0, "Plans": [{"Node Type": "Nested Loop", "Parent Relationship": "Outer", "Join Type": "Inner", "Startup Cost": 4841.46, "Total Cost": 164985.94, "Plan Rows": 12, "Plan Width": 54, "Actual Startup Time": 420.435, "Actual Total Time": 1639.415, "Actual Rows": 119, "Actual Loops": 1, "Inner Unique": true, "Plans": [{"Node Type": "Nested Loop", "Parent Relationship": "Outer", "Join Type": "Inner", "Startup Cost": 4841.46, "Total Cost": 164982.58, "Plan Rows": 12, "Plan Width": 58, "Actual Startup Time": 381.994, "Actual Total Time": 1638.857, "Actual Rows": 284, "Actual Loops": 1, "Inner Unique": true, "Plans": [{"Node Type": "Nested Loop", "Parent Relationship": "Outer", "Join Type": "Inner", "Startup Cost": 4841.46, "Total Cost": 164976.83, "Plan Rows": 20, "Plan Width": 62, "Actual Startup Time": 381.974, "Actual Total Time": 1636.345, "Actual Rows": 400, "Actual Loops": 1, "Inner Unique": false, "Plans": [{"Node Type": "Nested Loop", "Parent Relationship": "Outer", "Join Type": "Inner", "Startup Cost": 4841.46, "Total Cost": 164971.52, "Plan Rows": 9, "Plan Width": 50, "Actual Startup Time": 381.956, "Actual Total Time": 1634.821, "Actual Rows": 120, "Actual Loops": 1, "Inner Unique": false, "Plans": [{"Node Type": "Nested Loop", "Parent Relationship": "Outer", "Join Type": "Inner", "Startup Cost": 4841.46, "Total Cost": 164956.1, "Plan Rows": 4, "Plan Width": 46, "Actual Startup Time": 378.244, "Actual Total Time": 1626.907, "Actual Rows": 1783, "Actual Loops": 1, "Inner Unique": false, "Plans": [{"Node Type": "Index Scan", "Parent Relationship": "Outer", "Scan Direction": "Forward", "Index Name": "info_type_pkey", "Relation Name": "info_type", "Alias": "it1", "Startup Cost": 0.0, "Total Cost": 14.21, "Plan Rows": 1, "Plan Width": 4, "Actual Startup Time": 0.039, "Actual Total Time": 0.097, "Actual Rows": 1, "Actual Loops": 1, "Filter": "((info)::text = 'release dates'::text)", "Rows Removed by Filter": 111}, {"Node Type": "Bitmap Heap Scan", "Parent Relationship": "Inner", "Relation Name": "movie_info", "Alias": "mi", "Startup Cost": 4841.46, "Total Cost": 164941.85, "Plan Rows": 4, "Plan Width": 50, "Actual Startup Time": 378.195, "Actual Total Time": 1626.129, "Actual Rows": 1783, "Actual Loops": 1, "Recheck Cond": "(info_type_id = it1.id)", "Rows Removed by Index Recheck": 0, "Filter": "((info IS NOT NULL) AND ((note)::text ~~ '%internet%'::text) AND (((info)::text ~~ 'USA:% 199%'::text) OR ((info)::text ~~ 'USA:% 200%'::text)))", "Rows Removed by Filter": 3034936, "Exact Heap Blocks": 21947, "Lossy Heap Blocks": 21947, "Plans": [{"Node Type": "Bitmap Index Scan", "Parent Relationship": "Outer", "Index Name": "info_type_id_movie_info", "Startup Cost": 0.0, "Total Cost": 4841.46, "Plan Rows": 212428, "Plan Width": 0, "Actual Startup Time": 372.887, "Actual Total Time": 372.887, "Actual Rows": 3036719, "Actual Loops": 1, "Index Cond": "(info_type_id = it1.id)"}]}]}, {"Node Type": "Index Only Scan", "Parent Relationship": "Inner", "Scan Direction": "Forward", "Index Name": "movie_id_aka_title", "Relation Name": "aka_title", "Alias": "at", "Startup Cost": 0.0, "Total Cost": 3.82, "Plan Rows": 3, "Plan Width": 4, "Actual Startup Time": 6.478, "Actual Total Time": 6.529, "Actual Rows": 120, "Actual Loops": 1783, "Index Cond": "(movie_id = mi.movie_id)", "Rows Removed by Index Recheck": 0, "Heap Fetches": 0}]}, {"Node Type": "Index Scan", "Parent Relationship": "Inner", "Scan Direction": "Forward", "Index Name": "movie_id_movie_companies", "Relation Name": "movie_companies", "Alias": "mc", "Startup Cost": 0.0, "Total Cost": 0.57, "Plan Rows": 2, "Plan Width": 12, "Actual Startup Time": 0.874, "Actual Total Time": 1.235, "Actual Rows": 400, "Actual Loops": 120, "Index Cond": "(movie_id = at.movie_id)", "Rows Removed by Index Recheck": 0}]}, {"Node Type": "Index Scan", "Parent Relationship": "Inner", "Scan Direction": "Forward", "Index Name": "company_name_pkey", "Relation Name": "company_name", "Alias": "cn", "Startup Cost": 0.0, "Total Cost": 0.28, "Plan Rows": 1, "Plan Width": 4, "Actual Startup Time": 2.049, "Actual Total Time": 2.049, "Actual Rows": 284, "Actual Loops": 400, "Index Cond": "(id = mc.company_id)", "Rows Removed by Index Recheck": 0, "Filter": "((country_code)::text = '[us]'::text)", "Rows Removed by Filter": 116}]}, {"Node Type": "Index Only Scan", "Parent Relationship": "Inner", "Scan Direction": "Forward", "Index Name": "company_type_pkey", "Relation Name": "company_type", "Alias": "ct", "Startup Cost": 0.0, "Total Cost": 0.27, "Plan Rows": 1, "Plan Width": 4, "Actual Startup Time": 0.289, "Actual Total Time": 0.289, "Actual Rows": 119, "Actual Loops": 284, "Index Cond": "(id = mc.company_type_id)", "Rows Removed by Index Recheck": 0, "Heap Fetches": 0}]}, {"Node Type": "Index Scan", "Parent Relationship": "Inner", "Scan Direction": "Forward", "Index Name": "title_pkey", "Relation Name": "title", "Alias": "t", "Startup Cost": 0.0, "Total Cost": 0.34, "Plan Rows": 1, "Plan Width": 21, "Actual Startup Time": 0.771, "Actual Total Time": 0.771, "Actual Rows": 119, "Actual Loops": 119, "Index Cond": "(id = mc.movie_id)", "Rows Removed by Index Recheck": 0, "Filter": "(production_year > 1990)", "Rows Removed by Filter": 0}]}, {"Node Type": "Index Scan", "Parent Relationship": "Inner", "Scan Direction": "Forward", "Index Name": "movie_id_movie_keyword", "Relation Name": "movie_keyword", "Alias": "mk", "Startup Cost": 0.0, "Total Cost": 0.46, "Plan Rows": 8, "Plan Width": 8, "Actual Startup Time": 0.764, "Actual Total Time": 1.346, "Actual Rows": 1140, "Actual Loops": 119, "Index Cond": "(movie_id = mc.movie_id)", "Rows Removed by Index Recheck": 0}]}, {"Node Type": "Index Only Scan", "Parent Relationship": "Inner", "Scan Direction": "Forward", "Index Name": "keyword_pkey", "Relation Name": "keyword", "Alias": "k", "Startup Cost": 0.0, "Total Cost": 0.27, "Plan Rows": 1, "Plan Width": 4, "Actual Startup Time": 3.494, "Actual Total Time": 3.494, "Actual Rows": 1140, "Actual Loops": 1140, "Index Cond": "(id = mk.keyword_id)", "Rows Removed by Index Recheck": 0, "Heap Fetches": 0}]}]}, "Triggers": [], "Planner Runtime": 144.68, "Total Runtime": 1648.084, "Unique SQL Id": 2846462052}}, "(1, 2)": {"explain_plan": {"Plan": {"Node Type": "Aggregate", "Strategy": "Plain", "Startup Cost": 166020.69, "Total Cost": 166020.7, "Plan Rows": 1, "Plan Width": 123, "Plans": [{"Node Type": "Nested Loop", "Parent Relationship": "Outer", "Join Type": "Inner", "Startup Cost": 4846.74, "Total Cost": 166020.02, "Plan Rows": 134, "Plan Width": 59, "Inner Unique": true, "Join Filter": "(at.movie_id = t.id)", "Plans": [{"Node Type": "Nested Loop", "Parent Relationship": "Outer", "Join Type": "Inner", "Startup Cost": 4846.47, "Total Cost": 165603.56, "Plan Rows": 97, "Plan Width": 58, "Inner Unique": true, "Plans": [{"Node Type": "Nested Loop", "Parent Relationship": "Outer", "Join Type": "Inner", "Startup Cost": 4846.22, "Total Cost": 165188.37, "Plan Rows": 97, "Plan Width": 62, "Inner Unique": false, "Join Filter": "(at.movie_id = mk.movie_id)", "Plans": [{"Node Type": "Nested Loop", "Parent Relationship": "Outer", "Join Type": "Inner", "Startup Cost": 4845.88, "Total Cost": 165133.92, "Plan Rows": 12, "Plan Width": 54, "Inner Unique": true, "Join Filter": "(mc.company_type_id = ct.id)", "Plans": [{"Node Type": "Nested Loop", "Parent Relationship": "Outer", "Join Type": "Inner", "Startup Cost": 4845.88, "Total Cost": 165132.34, "Plan Rows": 12, "Plan Width": 58, "Inner Unique": true, "Plans": [{"Node Type": "Nested Loop", "Parent Relationship": "Outer", "Join Type": "Inner", "Startup Cost": 4845.62, "Total Cost": 165046.67, "Plan Rows": 20, "Plan Width": 62, "Inner Unique": false, "Plans": [{"Node Type": "Nested Loop", "Parent Relationship": "Outer", "Join Type": "Inner", "Startup Cost": 4845.25, "Total Cost": 165006.92, "Plan Rows": 9, "Plan Width": 50, "Inner Unique": false, "Plans": [{"Node Type": "Nested Loop", "Parent Relationship": "Outer", "Join Type": "Inner", "Startup Cost": 4841.46, "Total Cost": 164944.29, "Plan Rows": 4, "Plan Width": 46, "Inner Unique": false, "Plans": [{"Node Type": "Seq Scan", "Parent Relationship": "Outer", "Relation Name": "info_type", "Alias": "it1", "Startup Cost": 0.0, "Total Cost": 2.4, "Plan Rows": 1, "Plan Width": 4, "Filter": "((info)::text = 'release dates'::text)"}, {"Node Type": "Bitmap Heap Scan", "Parent Relationship": "Inner", "Relation Name": "movie_info", "Alias": "mi", "Startup Cost": 4841.46, "Total Cost": 164941.85, "Plan Rows": 4, "Plan Width": 50, "Recheck Cond": "(info_type_id = it1.id)", "Filter": "((info IS NOT NULL) AND ((note)::text ~~ '%internet%'::text) AND (((info)::text ~~ 'USA:% 199%'::text) OR ((info)::text ~~ 'USA:% 200%'::text)))", "Plans": [{"Node Type": "Bitmap Index Scan", "Parent Relationship": "Outer", "Index Name": "info_type_id_movie_info", "Startup Cost": 0.0, "Total Cost": 4841.46, "Plan Rows": 212428, "Plan Width": 0, "Index Cond": "(info_type_id = it1.id)"}]}]}, {"Node Type": "Bitmap Heap Scan", "Parent Relationship": "Inner", "Relation Name": "aka_title", "Alias": "at", "Startup Cost": 3.79, "Total Cost": 15.63, "Plan Rows": 3, "Plan Width": 4, "Recheck Cond": "(movie_id = mi.movie_id)", "Plans": [{"Node Type": "Bitmap Index Scan", "Parent Relationship": "Outer", "Index Name": "movie_id_aka_title", "Startup Cost": 0.0, "Total Cost": 3.79, "Plan Rows": 3, "Plan Width": 0, "Index Cond": "(movie_id = mi.movie_id)"}]}]}, {"Node Type": "Bitmap Heap Scan", "Parent Relationship": "Inner", "Relation Name": "movie_companies", "Alias": "mc", "Startup Cost": 0.37, "Total Cost": 4.4, "Plan Rows": 2, "Plan Width": 12, "Recheck Cond": "(movie_id = at.movie_id)", "Plans": [{"Node Type": "Bitmap Index Scan", "Parent Relationship": "Outer", "Index Name": "movie_id_movie_companies", "Startup Cost": 0.0, "Total Cost": 0.37, "Plan Rows": 2, "Plan Width": 0, "Index Cond": "(movie_id = at.movie_id)"}]}]}, {"Node Type": "Bitmap Heap Scan", "Parent Relationship": "Inner", "Relation Name": "company_name", "Alias": "cn", "Startup Cost": 0.26, "Total Cost": 4.27, "Plan Rows": 1, "Plan Width": 4, "Recheck Cond": "(id = mc.company_id)", "Filter": "((country_code)::text = '[us]'::text)", "Plans": [{"Node Type": "Bitmap Index Scan", "Parent Relationship": "Outer", "Index Name": "company_name_pkey", "Startup Cost": 0.0, "Total Cost": 0.26, "Plan Rows": 1, "Plan Width": 0, "Index Cond": "(id = mc.company_id)"}]}]}, {"Node Type": "Materialize", "Parent Relationship": "Inner", "Startup Cost": 0.0, "Total Cost": 1.04, "Plan Rows": 3, "Plan Width": 4, "Plans": [{"Node Type": "Seq Scan", "Parent Relationship": "Outer", "Relation Name": "company_type", "Alias": "ct", "Startup Cost": 0.0, "Total Cost": 1.03, "Plan Rows": 3, "Plan Width": 4}]}]}, {"Node Type": "Bitmap Heap Scan", "Parent Relationship": "Inner", "Relation Name": "movie_keyword", "Alias": "mk", "Startup Cost": 0.34, "Total Cost": 4.44, "Plan Rows": 8, "Plan Width": 8, "Recheck Cond": "(movie_id = mc.movie_id)", "Plans": [{"Node Type": "Bitmap Index Scan", "Parent Relationship": "Outer", "Index Name": "movie_id_movie_keyword", "Startup Cost": 0.0, "Total Cost": 0.34, "Plan Rows": 8, "Plan Width": 0, "Index Cond": "(movie_id = mc.movie_id)"}]}]}, {"Node Type": "Bitmap Heap Scan", "Parent Relationship": "Inner", "Relation Name": "keyword", "Alias": "k", "Startup Cost": 0.26, "Total Cost": 4.27, "Plan Rows": 1, "Plan Width": 4, "Recheck Cond": "(id = mk.keyword_id)", "Plans": [{"Node Type": "Bitmap Index Scan", "Parent Relationship": "Outer", "Index Name": "keyword_pkey", "Startup Cost": 0.0, "Total Cost": 0.26, "Plan Rows": 1, "Plan Width": 0, "Index Cond": "(id = mk.keyword_id)"}]}]}, {"Node Type": "Bitmap Heap Scan", "Parent Relationship": "Inner", "Relation Name": "title", "Alias": "t", "Startup Cost": 0.27, "Total Cost": 4.28, "Plan Rows": 1, "Plan Width": 21, "Recheck Cond": "(id = mk.movie_id)", "Filter": "(production_year > 1990)", "Plans": [{"Node Type": "Bitmap Index Scan", "Parent Relationship": "Outer", "Index Name": "title_pkey", "Startup Cost": 0.0, "Total Cost": 0.27, "Plan Rows": 1, "Plan Width": 0, "Index Cond": "(id = mk.movie_id)"}]}]}]}, "Unique SQL Id": 2846462052}, "explain_analyze_plan": {"Plan": {"Node Type": "Aggregate", "Strategy": "Plain", "Startup Cost": 166020.69, "Total Cost": 166020.7, "Plan Rows": 1, "Plan Width": 123, "Actual Startup Time": 1830.907, "Actual Total Time": 1830.907, "Actual Rows": 1, "Actual Loops": 1, "Plans": [{"Node Type": "Nested Loop", "Parent Relationship": "Outer", "Join Type": "Inner", "Startup Cost": 4846.74, "Total Cost": 166020.02, "Plan Rows": 134, "Plan Width": 59, "Actual Startup Time": 421.782, "Actual Total Time": 1829.843, "Actual Rows": 1140, "Actual Loops": 1, "Inner Unique": true, "Join Filter": "(at.movie_id = t.id)", "Rows Removed by Join Filter": 0, "Plans": [{"Node Type": "Nested Loop", "Parent Relationship": "Outer", "Join Type": "Inner", "Startup Cost": 4846.47, "Total Cost": 165603.56, "Plan Rows": 97, "Plan Width": 58, "Actual Startup Time": 421.747, "Actual Total Time": 1822.99, "Actual Rows": 1140, "Actual Loops": 1, "Inner Unique": true, "Plans": [{"Node Type": "Nested Loop", "Parent Relationship": "Outer", "Join Type": "Inner", "Startup Cost": 4846.22, "Total Cost": 165188.37, "Plan Rows": 97, "Plan Width": 62, "Actual Startup Time": 421.731, "Actual Total Time": 1814.023, "Actual Rows": 1140, "Actual Loops": 1, "Inner Unique": false, "Join Filter": "(at.movie_id = mk.movie_id)", "Rows Removed by Join Filter": 0, "Plans": [{"Node Type": "Nested Loop", "Parent Relationship": "Outer", "Join Type": "Inner", "Startup Cost": 4845.88, "Total Cost": 165133.92, "Plan Rows": 12, "Plan Width": 54, "Actual Startup Time": 421.701, "Actual Total Time": 1811.658, "Actual Rows": 119, "Actual Loops": 1, "Inner Unique": true, "Join Filter": "(mc.company_type_id = ct.id)", "Rows Removed by Join Filter": 495, "Plans": [{"Node Type": "Nested Loop", "Parent Relationship": "Outer", "Join Type": "Inner", "Startup Cost": 4845.88, "Total Cost": 165132.34, "Plan Rows": 12, "Plan Width": 58, "Actual Startup Time": 383.095, "Actual Total Time": 1811.149, "Actual Rows": 284, "Actual Loops": 1, "Inner Unique": true, "Plans": [{"Node Type": "Nested Loop", "Parent Relationship": "Outer", "Join Type": "Inner", "Startup Cost": 4845.62, "Total Cost": 165046.67, "Plan Rows": 20, "Plan Width": 62, "Actual Startup Time": 383.05, "Actual Total Time": 1807.213, "Actual Rows": 400, "Actual Loops": 1, "Inner Unique": false, "Plans": [{"Node Type": "Nested Loop", "Parent Relationship": "Outer", "Join Type": "Inner", "Startup Cost": 4845.25, "Total Cost": 165006.92, "Plan Rows": 9, "Plan Width": 50, "Actual Startup Time": 383.015, "Actual Total Time": 1804.635, "Actual Rows": 120, "Actual Loops": 1, "Inner Unique": false, "Plans": [{"Node Type": "Nested Loop", "Parent Relationship": "Outer", "Join Type": "Inner", "Startup Cost": 4841.46, "Total Cost": 164944.29, "Plan Rows": 4, "Plan Width": 46, "Actual Startup Time": 379.234, "Actual Total Time": 1792.259, "Actual Rows": 1783, "Actual Loops": 1, "Inner Unique": false, "Plans": [{"Node Type": "Seq Scan", "Parent Relationship": "Outer", "Relation Name": "info_type", "Alias": "it1", "Startup Cost": 0.0, "Total Cost": 2.4, "Plan Rows": 1, "Plan Width": 4, "Actual Startup Time": 0.054, "Actual Total Time": 0.099, "Actual Rows": 1, "Actual Loops": 1, "Filter": "((info)::text = 'release dates'::text)", "Rows Removed by Filter": 111}, {"Node Type": "Bitmap Heap Scan", "Parent Relationship": "Inner", "Relation Name": "movie_info", "Alias": "mi", "Startup Cost": 4841.46, "Total Cost": 164941.85, "Plan Rows": 4, "Plan Width": 50, "Actual Startup Time": 379.17, "Actual Total Time": 1791.583, "Actual Rows": 1783, "Actual Loops": 1, "Recheck Cond": "(info_type_id = it1.id)", "Rows Removed by Index Recheck": 0, "Filter": "((info IS NOT NULL) AND ((note)::text ~~ '%internet%'::text) AND (((info)::text ~~ 'USA:% 199%'::text) OR ((info)::text ~~ 'USA:% 200%'::text)))", "Rows Removed by Filter": 3034936, "Exact Heap Blocks": 21947, "Lossy Heap Blocks": 21947, "Plans": [{"Node Type": "Bitmap Index Scan", "Parent Relationship": "Outer", "Index Name": "info_type_id_movie_info", "Startup Cost": 0.0, "Total Cost": 4841.46, "Plan Rows": 212428, "Plan Width": 0, "Actual Startup Time": 373.919, "Actual Total Time": 373.919, "Actual Rows": 3036719, "Actual Loops": 1, "Index Cond": "(info_type_id = it1.id)"}]}]}, {"Node Type": "Bitmap Heap Scan", "Parent Relationship": "Inner", "Relation Name": "aka_title", "Alias": "at", "Startup Cost": 3.79, "Total Cost": 15.63, "Plan Rows": 3, "Plan Width": 4, "Actual Startup Time": 9.46, "Actual Total Time": 9.589, "Actual Rows": 120, "Actual Loops": 1783, "Recheck Cond": "(movie_id = mi.movie_id)", "Rows Removed by Index Recheck": 0, "Exact Heap Blocks": 120, "Lossy Heap Blocks": 120, "Plans": [{"Node Type": "Bitmap Index Scan", "Parent Relationship": "Outer", "Index Name": "movie_id_aka_title", "Startup Cost": 0.0, "Total Cost": 3.79, "Plan Rows": 3, "Plan Width": 0, "Actual Startup Time": 7.889, "Actual Total Time": 7.889, "Actual Rows": 120, "Actual Loops": 1783, "Index Cond": "(movie_id = mi.movie_id)"}]}]}, {"Node Type": "Bitmap Heap Scan", "Parent Relationship": "Inner", "Relation Name": "movie_companies", "Alias": "mc", "Startup Cost": 0.37, "Total Cost": 4.4, "Plan Rows": 2, "Plan Width": 12, "Actual Startup Time": 1.756, "Actual Total Time": 2.095, "Actual Rows": 400, "Actual Loops": 120, "Recheck Cond": "(movie_id = at.movie_id)", "Rows Removed by Index Recheck": 0, "Exact Heap Blocks": 214, "Lossy Heap Blocks": 214, "Plans": [{"Node Type": "Bitmap Index Scan", "Parent Relationship": "Outer", "Index Name": "movie_id_movie_companies", "Startup Cost": 0.0, "Total Cost": 0.37, "Plan Rows": 2, "Plan Width": 0, "Actual Startup Time": 1.046, "Actual Total Time": 1.046, "Actual Rows": 400, "Actual Loops": 120, "Index Cond": "(movie_id = at.movie_id)"}]}]}, {"Node Type": "Bitmap Heap Scan", "Parent Relationship": "Inner", "Relation Name": "company_name", "Alias": "cn", "Startup Cost": 0.26, "Total Cost": 4.27, "Plan Rows": 1, "Plan Width": 4, "Actual Startup Time": 3.24, "Actual Total Time": 3.24, "Actual Rows": 284, "Actual Loops": 400, "Recheck Cond": "(id = mc.company_id)", "Rows Removed by Index Recheck": 0, "Filter": "((country_code)::text = '[us]'::text)", "Rows Removed by Filter": 116, "Exact Heap Blocks": 400, "Lossy Heap Blocks": 400, "Plans": [{"Node Type": "Bitmap Index Scan", "Parent Relationship": "Outer", "Index Name": "company_name_pkey", "Startup Cost": 0.0, "Total Cost": 0.26, "Plan Rows": 1, "Plan Width": 0, "Actual Startup Time": 1.793, "Actual Total Time": 1.793, "Actual Rows": 400, "Actual Loops": 400, "Index Cond": "(id = mc.company_id)"}]}]}, {"Node Type": "Materialize", "Parent Relationship": "Inner", "Startup Cost": 0.0, "Total Cost": 1.04, "Plan Rows": 3, "Plan Width": 4, "Actual Startup Time": 0.084, "Actual Total Time": 0.127, "Actual Rows": 614, "Actual Loops": 284, "Plans": [{"Node Type": "Seq Scan", "Parent Relationship": "Outer", "Relation Name": "company_type", "Alias": "ct", "Startup Cost": 0.0, "Total Cost": 1.03, "Plan Rows": 3, "Plan Width": 4, "Actual Startup Time": 0.013, "Actual Total Time": 0.014, "Actual Rows": 3, "Actual Loops": 1}]}]}, {"Node Type": "Bitmap Heap Scan", "Parent Relationship": "Inner", "Relation Name": "movie_keyword", "Alias": "mk", "Startup Cost": 0.34, "Total Cost": 4.44, "Plan Rows": 8, "Plan Width": 8, "Actual Startup Time": 1.421, "Actual Total Time": 1.626, "Actual Rows": 1140, "Actual Loops": 119, "Recheck Cond": "(movie_id = mc.movie_id)", "Rows Removed by Index Recheck": 0, "Exact Heap Blocks": 91, "Lossy Heap Blocks": 91, "Plans": [{"Node Type": "Bitmap Index Scan", "Parent Relationship": "Outer", "Index Name": "movie_id_movie_keyword", "Startup Cost": 0.0, "Total Cost": 0.34, "Plan Rows": 8, "Plan Width": 0, "Actual Startup Time": 0.909, "Actual Total Time": 0.909, "Actual Rows": 1140, "Actual Loops": 119, "Index Cond": "(movie_id = mc.movie_id)"}]}]}, {"Node Type": "Bitmap Heap Scan", "Parent Relationship": "Inner", "Relation Name": "keyword", "Alias": "k", "Startup Cost": 0.26, "Total Cost": 4.27, "Plan Rows": 1, "Plan Width": 4, "Actual Startup Time": 7.232, "Actual Total Time": 7.232, "Actual Rows": 1140, "Actual Loops": 1140, "Recheck Cond": "(id = mk.keyword_id)", "Rows Removed by Index Recheck": 0, "Exact Heap Blocks": 1140, "Lossy Heap Blocks": 1140, "Plans": [{"Node Type": "Bitmap Index Scan", "Parent Relationship": "Outer", "Index Name": "keyword_pkey", "Startup Cost": 0.0, "Total Cost": 0.26, "Plan Rows": 1, "Plan Width": 0, "Actual Startup Time": 4.41, "Actual Total Time": 4.41, "Actual Rows": 1140, "Actual Loops": 1140, "Index Cond": "(id = mk.keyword_id)"}]}]}, {"Node Type": "Bitmap Heap Scan", "Parent Relationship": "Inner", "Relation Name": "title", "Alias": "t", "Startup Cost": 0.27, "Total Cost": 4.28, "Plan Rows": 1, "Plan Width": 21, "Actual Startup Time": 4.989, "Actual Total Time": 4.989, "Actual Rows": 1140, "Actual Loops": 1140, "Recheck Cond": "(id = mk.movie_id)", "Rows Removed by Index Recheck": 0, "Filter": "(production_year > 1990)", "Rows Removed by Filter": 0, "Exact Heap Blocks": 1140, "Lossy Heap Blocks": 1140, "Plans": [{"Node Type": "Bitmap Index Scan", "Parent Relationship": "Outer", "Index Name": "title_pkey", "Startup Cost": 0.0, "Total Cost": 0.27, "Plan Rows": 1, "Plan Width": 0, "Actual Startup Time": 2.968, "Actual Total Time": 2.968, "Actual Rows": 1140, "Actual Loops": 1140, "Index Cond": "(id = mk.movie_id)"}]}]}]}, "Triggers": [], "Planner Runtime": 138.665, "Total Runtime": 1831.387, "Unique SQL Id": 2846462052}}, "(1, 3)": {"explain_plan": {"Plan": {"Node Type": "Aggregate", "Strategy": "Plain", "Startup Cost": 1000002719454.35, "Total Cost": 1000002719454.36, "Plan Rows": 1, "Plan Width": 123, "Plans": [{"Node Type": "Nested Loop", "Parent Relationship": "Outer", "Join Type": "Inner", "Startup Cost": 10000000002.95, "Total Cost": 1000002719453.69, "Plan Rows": 132, "Plan Width": 59, "Inner Unique": true, "Join Filter": "(at.movie_id = t.id)", "Plans": [{"Node Type": "Nested Loop", "Parent Relationship": "Outer", "Join Type": "Inner", "Startup Cost": 10000000002.69, "Total Cost": 1000002719045.82, "Plan Rows": 95, "Plan Width": 58, "Inner Unique": true, "Plans": [{"Node Type": "Nested Loop", "Parent Relationship": "Outer", "Join Type": "Inner", "Startup Cost": 10000000002.43, "Total Cost": 1000002718630.63, "Plan Rows": 97, "Plan Width": 62, "Inner Unique": false, "Join Filter": "(at.movie_id = mk.movie_id)", "Plans": [{"Node Type": "Nested Loop", "Parent Relationship": "Outer", "Join Type": "Inner", "Startup Cost": 10000000002.09, "Total Cost": 1000002718576.18, "Plan Rows": 12, "Plan Width": 54, "Inner Unique": true, "Plans": [{"Node Type": "Nested Loop", "Parent Relationship": "Outer", "Join Type": "Inner", "Startup Cost": 10000000001.84, "Total Cost": 1000002718524.81, "Plan Rows": 12, "Plan Width": 58, "Inner Unique": true, "Plans": [{"Node Type": "Nested Loop", "Parent Relationship": "Outer", "Join Type": "Inner", "Startup Cost": 10000000001.58, "Total Cost": 1000002718439.15, "Plan Rows": 20, "Plan Width": 62, "Inner Unique": false, "Plans": [{"Node Type": "Nested Loop", "Parent Relationship": "Outer", "Join Type": "Inner", "Startup Cost": 10000000001.21, "Total Cost": 1000002718399.4, "Plan Rows": 9, "Plan Width": 50, "Inner Unique": true, "Plans": [{"Node Type": "Nested Loop", "Parent Relationship": "Outer", "Join Type": "Inner", "Startup Cost": 10000000000.92, "Total Cost": 1000002715586.59, "Plan Rows": 652, "Plan Width": 54, "Inner Unique": false, "Plans": [{"Node Type": "Index Only Scan", "Parent Relationship": "Outer", "Scan Direction": "Forward", "Index Name": "movie_id_aka_title", "Relation Name": "aka_title", "Alias": "at", "Startup Cost": 10000000000.0, "Total Cost": 1000000898631.5, "Plan Rows": 361471, "Plan Width": 4}, {"Node Type": "Bitmap Heap Scan", "Parent Relationship": "Inner", "Relation Name": "movie_info", "Alias": "mi", "Startup Cost": 0.92, "Total Cost": 5.02, "Plan Rows": 1, "Plan Width": 50, "Recheck Cond": "(movie_id = at.movie_id)", "Filter": "((info IS NOT NULL) AND ((note)::text ~~ '%internet%'::text) AND (((info)::text ~~ 'USA:% 199%'::text) OR ((info)::text ~~ 'USA:% 200%'::text)))", "Plans": [{"Node Type": "Bitmap Index Scan", "Parent Relationship": "Outer", "Index Name": "movie_id_movie_info", "Startup Cost": 0.0, "Total Cost": 0.92, "Plan Rows": 5, "Plan Width": 0, "Index Cond": "(movie_id = at.movie_id)"}]}]}, {"Node Type": "Bitmap Heap Scan", "Parent Relationship": "Inner", "Relation Name": "info_type", "Alias": "it1", "Startup Cost": 0.29, "Total Cost": 4.3, "Plan Rows": 1, "Plan Width": 4, "Recheck Cond": "(id = mi.info_type_id)", "Filter": "((info)::text = 'release dates'::text)", "Plans": [{"Node Type": "Bitmap Index Scan", "Parent Relationship": "Outer", "Index Name": "info_type_pkey", "Startup Cost": 0.0, "Total Cost": 0.29, "Plan Rows": 1, "Plan Width": 0, "Index Cond": "(id = mi.info_type_id)"}]}]}, {"Node Type": "Bitmap Heap Scan", "Parent Relationship": "Inner", "Relation Name": "movie_companies", "Alias": "mc", "Startup Cost": 0.37, "Total Cost": 4.4, "Plan Rows": 2, "Plan Width": 12, "Recheck Cond": "(movie_id = at.movie_id)", "Plans": [{"Node Type": "Bitmap Index Scan", "Parent Relationship": "Outer", "Index Name": "movie_id_movie_companies", "Startup Cost": 0.0, "Total Cost": 0.37, "Plan Rows": 2, "Plan Width": 0, "Index Cond": "(movie_id = at.movie_id)"}]}]}, {"Node Type": "Bitmap Heap Scan", "Parent Relationship": "Inner", "Relation Name": "company_name", "Alias": "cn", "Startup Cost": 0.26, "Total Cost": 4.27, "Plan Rows": 1, "Plan Width": 4, "Recheck Cond": "(id = mc.company_id)", "Filter": "((country_code)::text = '[us]'::text)", "Plans": [{"Node Type": "Bitmap Index Scan", "Parent Relationship": "Outer", "Index Name": "company_name_pkey", "Startup Cost": 0.0, "Total Cost": 0.26, "Plan Rows": 1, "Plan Width": 0, "Index Cond": "(id = mc.company_id)"}]}]}, {"Node Type": "Bitmap Heap Scan", "Parent Relationship": "Inner", "Relation Name": "company_type", "Alias": "ct", "Startup Cost": 0.26, "Total Cost": 4.27, "Plan Rows": 1, "Plan Width": 4, "Recheck Cond": "(id = mc.company_type_id)", "Plans": [{"Node Type": "Bitmap Index Scan", "Parent Relationship": "Outer", "Index Name": "company_type_pkey", "Startup Cost": 0.0, "Total Cost": 0.26, "Plan Rows": 1, "Plan Width": 0, "Index Cond": "(id = mc.company_type_id)"}]}]}, {"Node Type": "Bitmap Heap Scan", "Parent Relationship": "Inner", "Relation Name": "movie_keyword", "Alias": "mk", "Startup Cost": 0.34, "Total Cost": 4.44, "Plan Rows": 8, "Plan Width": 8, "Recheck Cond": "(movie_id = mc.movie_id)", "Plans": [{"Node Type": "Bitmap Index Scan", "Parent Relationship": "Outer", "Index Name": "movie_id_movie_keyword", "Startup Cost": 0.0, "Total Cost": 0.34, "Plan Rows": 8, "Plan Width": 0, "Index Cond": "(movie_id = mc.movie_id)"}]}]}, {"Node Type": "Bitmap Heap Scan", "Parent Relationship": "Inner", "Relation Name": "keyword", "Alias": "k", "Startup Cost": 0.26, "Total Cost": 4.27, "Plan Rows": 1, "Plan Width": 4, "Recheck Cond": "(id = mk.keyword_id)", "Plans": [{"Node Type": "Bitmap Index Scan", "Parent Relationship": "Outer", "Index Name": "keyword_pkey", "Startup Cost": 0.0, "Total Cost": 0.26, "Plan Rows": 1, "Plan Width": 0, "Index Cond": "(id = mk.keyword_id)"}]}]}, {"Node Type": "Bitmap Heap Scan", "Parent Relationship": "Inner", "Relation Name": "title", "Alias": "t", "Startup Cost": 0.27, "Total Cost": 4.28, "Plan Rows": 1, "Plan Width": 21, "Recheck Cond": "(id = mk.movie_id)", "Filter": "(production_year > 1990)", "Plans": [{"Node Type": "Bitmap Index Scan", "Parent Relationship": "Outer", "Index Name": "title_pkey", "Startup Cost": 0.0, "Total Cost": 0.27, "Plan Rows": 1, "Plan Width": 0, "Index Cond": "(id = mk.movie_id)"}]}]}]}, "Unique SQL Id": 2846462052}, "explain_analyze_plan": null}, "(1, 4)": {"explain_plan": {"Plan": {"Node Type": "Aggregate", "Strategy": "Plain", "Startup Cost": 165035.59, "Total Cost": 165035.6, "Plan Rows": 1, "Plan Width": 123, "Plans": [{"Node Type": "Nested Loop", "Parent Relationship": "Outer", "Join Type": "Inner", "Startup Cost": 4841.46, "Total Cost": 165034.92, "Plan Rows": 134, "Plan Width": 59, "Inner Unique": true, "Plans": [{"Node Type": "Nested Loop", "Parent Relationship": "Outer", "Join Type": "Inner", "Startup Cost": 4841.46, "Total Cost": 164997.31, "Plan Rows": 134, "Plan Width": 63, "Inner Unique": false, "Join Filter": "(t.id = mk.movie_id)", "Plans": [{"Node Type": "Nested Loop", "Parent Relationship": "Outer", "Join Type": "Inner", "Startup Cost": 4841.46, "Total Cost": 164987.75, "Plan Rows": 17, "Plan Width": 75, "Inner Unique": false, "Plans": [{"Node Type": "Nested Loop", "Parent Relationship": "Outer", "Join Type": "Inner", "Startup Cost": 4841.46, "Total Cost": 164984.18, "Plan Rows": 10, "Plan Width": 71, "Inner Unique": true, "Plans": [{"Node Type": "Nested Loop", "Parent Relationship": "Outer", "Join Type": "Inner", "Startup Cost": 4841.46, "Total Cost": 164981.02, "Plan Rows": 11, "Plan Width": 75, "Inner Unique": true, "Join Filter": "(mc.company_type_id = ct.id)", "Plans": [{"Node Type": "Nested Loop", "Parent Relationship": "Outer", "Join Type": "Inner", "Startup Cost": 4841.46, "Total Cost": 164979.44, "Plan Rows": 12, "Plan Width": 79, "Inner Unique": false, "Plans": [{"Node Type": "Nested Loop", "Parent Relationship": "Outer", "Join Type": "Inner", "Startup Cost": 4841.46, "Total Cost": 164977.23, "Plan Rows": 6, "Plan Width": 67, "Inner Unique": true, "Plans": [{"Node Type": "Nested Loop", "Parent Relationship": "Outer", "Join Type": "Inner", "Startup Cost": 4841.46, "Total Cost": 164944.29, "Plan Rows": 4, "Plan Width": 46, "Inner Unique": false, "Plans": [{"Node Type": "Seq Scan", "Parent Relationship": "Outer", "Relation Name": "info_type", "Alias": "it1", "Startup Cost": 0.0, "Total Cost": 2.4, "Plan Rows": 1, "Plan Width": 4, "Filter": "((info)::text = 'release dates'::text)"}, {"Node Type": "Bitmap Heap Scan", "Parent Relationship": "Inner", "Relation Name": "movie_info", "Alias": "mi", "Startup Cost": 4841.46, "Total Cost": 164941.85, "Plan Rows": 4, "Plan Width": 50, "Recheck Cond": "(info_type_id = it1.id)", "Filter": "((info IS NOT NULL) AND ((note)::text ~~ '%internet%'::text) AND (((info)::text ~~ 'USA:% 199%'::text) OR ((info)::text ~~ 'USA:% 200%'::text)))", "Plans": [{"Node Type": "Bitmap Index Scan", "Parent Relationship": "Outer", "Index Name": "info_type_id_movie_info", "Startup Cost": 0.0, "Total Cost": 4841.46, "Plan Rows": 212428, "Plan Width": 0, "Index Cond": "(info_type_id = it1.id)"}]}]}, {"Node Type": "Index Scan", "Parent Relationship": "Inner", "Scan Direction": "Forward", "Index Name": "title_pkey", "Relation Name": "title", "Alias": "t", "Startup Cost": 0.0, "Total Cost": 8.23, "Plan Rows": 1, "Plan Width": 21, "Index Cond": "(id = mi.movie_id)", "Filter": "(production_year > 1990)"}]}, {"Node Type": "Index Scan", "Parent Relationship": "Inner", "Scan Direction": "Forward", "Index Name": "movie_id_movie_companies", "Relation Name": "movie_companies", "Alias": "mc", "Startup Cost": 0.0, "Total Cost": 0.35, "Plan Rows": 2, "Plan Width": 12, "Index Cond": "(movie_id = t.id)"}]}, {"Node Type": "Materialize", "Parent Relationship": "Inner", "Startup Cost": 0.0, "Total Cost": 1.04, "Plan Rows": 3, "Plan Width": 4, "Plans": [{"Node Type": "Seq Scan", "Parent Relationship": "Outer", "Relation Name": "company_type", "Alias": "ct", "Startup Cost": 0.0, "Total Cost": 1.03, "Plan Rows": 3, "Plan Width": 4}]}]}, {"Node Type": "Index Scan", "Parent Relationship": "Inner", "Scan Direction": "Forward", "Index Name": "company_name_pkey", "Relation Name": "company_name", "Alias": "cn", "Startup Cost": 0.0, "Total Cost": 0.28, "Plan Rows": 1, "Plan Width": 4, "Index Cond": "(id = mc.company_id)", "Filter": "((country_code)::text = '[us]'::text)"}]}, {"Node Type": "Index Scan", "Parent Relationship": "Inner", "Scan Direction": "Forward", "Index Name": "movie_id_aka_title", "Relation Name": "aka_title", "Alias": "at", "Startup Cost": 0.0, "Total Cost": 0.33, "Plan Rows": 3, "Plan Width": 4, "Index Cond": "(movie_id = t.id)"}]}, {"Node Type": "Index Scan", "Parent Relationship": "Inner", "Scan Direction": "Forward", "Index Name": "movie_id_movie_keyword", "Relation Name": "movie_keyword", "Alias": "mk", "Startup Cost": 0.0, "Total Cost": 0.46, "Plan Rows": 8, "Plan Width": 8, "Index Cond": "(movie_id = mc.movie_id)"}]}, {"Node Type": "Index Scan", "Parent Relationship": "Inner", "Scan Direction": "Forward", "Index Name": "keyword_pkey", "Relation Name": "keyword", "Alias": "k", "Startup Cost": 0.0, "Total Cost": 0.27, "Plan Rows": 1, "Plan Width": 4, "Index Cond": "(id = mk.keyword_id)"}]}]}, "Unique SQL Id": 2846462052}, "explain_analyze_plan": {"Plan": {"Node Type": "Aggregate", "Strategy": "Plain", "Startup Cost": 165035.59, "Total Cost": 165035.6, "Plan Rows": 1, "Plan Width": 123, "Actual Startup Time": 1658.711, "Actual Total Time": 1658.712, "Actual Rows": 1, "Actual Loops": 1, "Plans": [{"Node Type": "Nested Loop", "Parent Relationship": "Outer", "Join Type": "Inner", "Startup Cost": 4841.46, "Total Cost": 165034.92, "Plan Rows": 134, "Plan Width": 59, "Actual Startup Time": 422.587, "Actual Total Time": 1657.775, "Actual Rows": 1140, "Actual Loops": 1, "Inner Unique": true, "Plans": [{"Node Type": "Nested Loop", "Parent Relationship": "Outer", "Join Type": "Inner", "Startup Cost": 4841.46, "Total Cost": 164997.31, "Plan Rows": 134, "Plan Width": 63, "Actual Startup Time": 422.573, "Actual Total Time": 1652.717, "Actual Rows": 1140, "Actual Loops": 1, "Inner Unique": false, "Join Filter": "(t.id = mk.movie_id)", "Rows Removed by Join Filter": 0, "Plans": [{"Node Type": "Nested Loop", "Parent Relationship": "Outer", "Join Type": "Inner", "Startup Cost": 4841.46, "Total Cost": 164987.75, "Plan Rows": 17, "Plan Width": 75, "Actual Startup Time": 422.55, "Actual Total Time": 1650.97, "Actual Rows": 119, "Actual Loops": 1, "Inner Unique": false, "Plans": [{"Node Type": "Nested Loop", "Parent Relationship": "Outer", "Join Type": "Inner", "Startup Cost": 4841.46, "Total Cost": 164984.18, "Plan Rows": 10, "Plan Width": 71, "Actual Startup Time": 379.746, "Actual Total Time": 1645.242, "Actual Rows": 1488, "Actual Loops": 1, "Inner Unique": true, "Plans": [{"Node Type": "Nested Loop", "Parent Relationship": "Outer", "Join Type": "Inner", "Startup Cost": 4841.46, "Total Cost": 164981.02, "Plan Rows": 11, "Plan Width": 75, "Actual Startup Time": 379.728, "Actual Total Time": 1634.74, "Actual Rows": 1599, "Actual Loops": 1, "Inner Unique": true, "Join Filter": "(mc.company_type_id = ct.id)", "Rows Removed by Join Filter": 3855, "Plans": [{"Node Type": "Nested Loop", "Parent Relationship": "Outer", "Join Type": "Inner", "Startup Cost": 4841.46, "Total Cost": 164979.44, "Plan Rows": 12, "Plan Width": 79, "Actual Startup Time": 379.688, "Actual Total Time": 1631.708, "Actual Rows": 2884, "Actual Loops": 1, "Inner Unique": false, "Plans": [{"Node Type": "Nested Loop", "Parent Relationship": "Outer", "Join Type": "Inner", "Startup Cost": 4841.46, "Total Cost": 164977.23, "Plan Rows": 6, "Plan Width": 67, "Actual Startup Time": 379.675, "Actual Total Time": 1618.916, "Actual Rows": 1782, "Actual Loops": 1, "Inner Unique": true, "Plans": [{"Node Type": "Nested Loop", "Parent Relationship": "Outer", "Join Type": "Inner", "Startup Cost": 4841.46, "Total Cost": 164944.29, "Plan Rows": 4, "Plan Width": 46, "Actual Startup Time": 379.627, "Actual Total Time": 1605.666, "Actual Rows": 1783, "Actual Loops": 1, "Inner Unique": false, "Plans": [{"Node Type": "Seq Scan", "Parent Relationship": "Outer", "Relation Name": "info_type", "Alias": "it1", "Startup Cost": 0.0, "Total Cost": 2.4, "Plan Rows": 1, "Plan Width": 4, "Actual Startup Time": 0.042, "Actual Total Time": 0.074, "Actual Rows": 1, "Actual Loops": 1, "Filter": "((info)::text = 'release dates'::text)", "Rows Removed by Filter": 111}, {"Node Type": "Bitmap Heap Scan", "Parent Relationship": "Inner", "Relation Name": "movie_info", "Alias": "mi", "Startup Cost": 4841.46, "Total Cost": 164941.85, "Plan Rows": 4, "Plan Width": 50, "Actual Startup Time": 379.577, "Actual Total Time": 1604.998, "Actual Rows": 1783, "Actual Loops": 1, "Recheck Cond": "(info_type_id = it1.id)", "Rows Removed by Index Recheck": 0, "Filter": "((info IS NOT NULL) AND ((note)::text ~~ '%internet%'::text) AND (((info)::text ~~ 'USA:% 199%'::text) OR ((info)::text ~~ 'USA:% 200%'::text)))", "Rows Removed by Filter": 3034936, "Exact Heap Blocks": 21947, "Lossy Heap Blocks": 21947, "Plans": [{"Node Type": "Bitmap Index Scan", "Parent Relationship": "Outer", "Index Name": "info_type_id_movie_info", "Startup Cost": 0.0, "Total Cost": 4841.46, "Plan Rows": 212428, "Plan Width": 0, "Actual Startup Time": 374.279, "Actual Total Time": 374.279, "Actual Rows": 3036719, "Actual Loops": 1, "Index Cond": "(info_type_id = it1.id)"}]}]}, {"Node Type": "Index Scan", "Parent Relationship": "Inner", "Scan Direction": "Forward", "Index Name": "title_pkey", "Relation Name": "title", "Alias": "t", "Startup Cost": 0.0, "Total Cost": 8.23, "Plan Rows": 1, "Plan Width": 21, "Actual Startup Time": 10.952, "Actual Total Time": 10.952, "Actual Rows": 1782, "Actual Loops": 1783, "Index Cond": "(id = mi.movie_id)", "Rows Removed by Index Recheck": 0, "Filter": "(production_year > 1990)", "Rows Removed by Filter": 1}]}, {"Node Type": "Index Scan", "Parent Relationship": "Inner", "Scan Direction": "Forward", "Index Name": "movie_id_movie_companies", "Relation Name": "movie_companies", "Alias": "mc", "Startup Cost": 0.0, "Total Cost": 0.35, "Plan Rows": 2, "Plan Width": 12, "Actual Startup Time": 8.698, "Actual Total Time": 11.031, "Actual Rows": 2884, "Actual Loops": 1782, "Index Cond": "(movie_id = t.id)", "Rows Removed by Index Recheck": 0}]}, {"Node Type": "Materialize", "Parent Relationship": "Inner", "Startup Cost": 0.0, "Total Cost": 1.04, "Plan Rows": 3, "Plan Width": 4, "Actual Startup Time": 0.42, "Actual Total Time": 0.766, "Actual Rows": 5454, "Actual Loops": 2884, "Plans": [{"Node Type": "Seq Scan", "Parent Relationship": "Outer", "Relation Name": "company_type", "Alias": "ct", "Startup Cost": 0.0, "Total Cost": 1.03, "Plan Rows": 3, "Plan Width": 4, "Actual Startup Time": 0.012, "Actual Total Time": 0.015, "Actual Rows": 3, "Actual Loops": 1}]}]}, {"Node Type": "Index Scan", "Parent Relationship": "Inner", "Scan Direction": "Forward", "Index Name": "company_name_pkey", "Relation Name": "company_name", "Alias": "cn", "Startup Cost": 0.0, "Total Cost": 0.28, "Plan Rows": 1, "Plan Width": 4, "Actual Startup Time": 8.745, "Actual Total Time": 8.745, "Actual Rows": 1488, "Actual Loops": 1599, "Index Cond": "(id = mc.company_id)", "Rows Removed by Index Recheck": 0, "Filter": "((country_code)::text = '[us]'::text)", "Rows Removed by Filter": 111}]}, {"Node Type": "Index Scan", "Parent Relationship": "Inner", "Scan Direction": "Forward", "Index Name": "movie_id_aka_title", "Relation Name": "aka_title", "Alias": "at", "Startup Cost": 0.0, "Total Cost": 0.33, "Plan Rows": 3, "Plan Width": 4, "Actual Startup Time": 4.647, "Actual Total Time": 4.733, "Actual Rows": 119, "Actual Loops": 1488, "Index Cond": "(movie_id = t.id)", "Rows Removed by Index Recheck": 0}]}, {"Node Type": "Index Scan", "Parent Relationship": "Inner", "Scan Direction": "Forward", "Index Name": "movie_id_movie_keyword", "Relation Name": "movie_keyword", "Alias": "mk", "Startup Cost": 0.0, "Total Cost": 0.46, "Plan Rows": 8, "Plan Width": 8, "Actual Startup Time": 0.672, "Actual Total Time": 1.173, "Actual Rows": 1140, "Actual Loops": 119, "Index Cond": "(movie_id = mc.movie_id)", "Rows Removed by Index Recheck": 0}]}, {"Node Type": "Index Scan", "Parent Relationship": "Inner", "Scan Direction": "Forward", "Index Name": "keyword_pkey", "Relation Name": "keyword", "Alias": "k", "Startup Cost": 0.0, "Total Cost": 0.27, "Plan Rows": 1, "Plan Width": 4, "Actual Startup Time": 4.117, "Actual Total Time": 4.117, "Actual Rows": 1140, "Actual Loops": 1140, "Index Cond": "(id = mk.keyword_id)", "Rows Removed by Index Recheck": 0}]}]}, "Triggers": [], "Planner Runtime": 157.708, "Total Runtime": 1659.135, "Unique SQL Id": 2846462052}}, "(1, 5)": {"explain_plan": {"Plan": {"Node Type": "Aggregate", "Strategy": "Plain", "Startup Cost": 165048.91, "Total Cost": 165048.92, "Plan Rows": 1, "Plan Width": 123, "Plans": [{"Node Type": "Nested Loop", "Parent Relationship": "Outer", "Join Type": "Inner", "Startup Cost": 4841.46, "Total Cost": 165048.24, "Plan Rows": 134, "Plan Width": 59, "Inner Unique": true, "Plans": [{"Node Type": "Nested Loop", "Parent Relationship": "Outer", "Join Type": "Inner", "Startup Cost": 4841.46, "Total Cost": 165010.63, "Plan Rows": 134, "Plan Width": 63, "Inner Unique": false, "Join Filter": "(t.id = mk.movie_id)", "Plans": [{"Node Type": "Nested Loop", "Parent Relationship": "Outer", "Join Type": "Inner", "Startup Cost": 4841.46, "Total Cost": 165001.07, "Plan Rows": 17, "Plan Width": 75, "Inner Unique": false, "Plans": [{"Node Type": "Nested Loop", "Parent Relationship": "Outer", "Join Type": "Inner", "Startup Cost": 4841.46, "Total Cost": 164997.5, "Plan Rows": 10, "Plan Width": 71, "Inner Unique": true, "Plans": [{"Node Type": "Nested Loop", "Parent Relationship": "Outer", "Join Type": "Inner", "Startup Cost": 4841.46, "Total Cost": 164994.7, "Plan Rows": 10, "Plan Width": 75, "Inner Unique": true, "Plans": [{"Node Type": "Nested Loop", "Parent Relationship": "Outer", "Join Type": "Inner", "Startup Cost": 4841.46, "Total Cost": 164991.25, "Plan Rows": 12, "Plan Width": 79, "Inner Unique": false, "Plans": [{"Node Type": "Nested Loop", "Parent Relationship": "Outer", "Join Type": "Inner", "Startup Cost": 4841.46, "Total Cost": 164989.04, "Plan Rows": 6, "Plan Width": 67, "Inner Unique": true, "Plans": [{"Node Type": "Nested Loop", "Parent Relationship": "Outer", "Join Type": "Inner", "Startup Cost": 4841.46, "Total Cost": 164956.1, "Plan Rows": 4, "Plan Width": 46, "Inner Unique": false, "Plans": [{"Node Type": "Index Scan", "Parent Relationship": "Outer", "Scan Direction": "Forward", "Index Name": "info_type_pkey", "Relation Name": "info_type", "Alias": "it1", "Startup Cost": 0.0, "Total Cost": 14.21, "Plan Rows": 1, "Plan Width": 4, "Filter": "((info)::text = 'release dates'::text)"}, {"Node Type": "Bitmap Heap Scan", "Parent Relationship": "Inner", "Relation Name": "movie_info", "Alias": "mi", "Startup Cost": 4841.46, "Total Cost": 164941.85, "Plan Rows": 4, "Plan Width": 50, "Recheck Cond": "(info_type_id = it1.id)", "Filter": "((info IS NOT NULL) AND ((note)::text ~~ '%internet%'::text) AND (((info)::text ~~ 'USA:% 199%'::text) OR ((info)::text ~~ 'USA:% 200%'::text)))", "Plans": [{"Node Type": "Bitmap Index Scan", "Parent Relationship": "Outer", "Index Name": "info_type_id_movie_info", "Startup Cost": 0.0, "Total Cost": 4841.46, "Plan Rows": 212428, "Plan Width": 0, "Index Cond": "(info_type_id = it1.id)"}]}]}, {"Node Type": "Index Scan", "Parent Relationship": "Inner", "Scan Direction": "Forward", "Index Name": "title_pkey", "Relation Name": "title", "Alias": "t", "Startup Cost": 0.0, "Total Cost": 8.23, "Plan Rows": 1, "Plan Width": 21, "Index Cond": "(id = mi.movie_id)", "Filter": "(production_year > 1990)"}]}, {"Node Type": "Index Scan", "Parent Relationship": "Inner", "Scan Direction": "Forward", "Index Name": "movie_id_movie_companies", "Relation Name": "movie_companies", "Alias": "mc", "Startup Cost": 0.0, "Total Cost": 0.35, "Plan Rows": 2, "Plan Width": 12, "Index Cond": "(movie_id = t.id)"}]}, {"Node Type": "Index Scan", "Parent Relationship": "Inner", "Scan Direction": "Forward", "Index Name": "company_name_pkey", "Relation Name": "company_name", "Alias": "cn", "Startup Cost": 0.0, "Total Cost": 0.28, "Plan Rows": 1, "Plan Width": 4, "Index Cond": "(id = mc.company_id)", "Filter": "((country_code)::text = '[us]'::text)"}]}, {"Node Type": "Index Scan", "Parent Relationship": "Inner", "Scan Direction": "Forward", "Index Name": "company_type_pkey", "Relation Name": "company_type", "Alias": "ct", "Startup Cost": 0.0, "Total Cost": 0.27, "Plan Rows": 1, "Plan Width": 4, "Index Cond": "(id = mc.company_type_id)"}]}, {"Node Type": "Index Scan", "Parent Relationship": "Inner", "Scan Direction": "Forward", "Index Name": "movie_id_aka_title", "Relation Name": "aka_title", "Alias": "at", "Startup Cost": 0.0, "Total Cost": 0.33, "Plan Rows": 3, "Plan Width": 4, "Index Cond": "(movie_id = t.id)"}]}, {"Node Type": "Index Scan", "Parent Relationship": "Inner", "Scan Direction": "Forward", "Index Name": "movie_id_movie_keyword", "Relation Name": "movie_keyword", "Alias": "mk", "Startup Cost": 0.0, "Total Cost": 0.46, "Plan Rows": 8, "Plan Width": 8, "Index Cond": "(movie_id = mc.movie_id)"}]}, {"Node Type": "Index Scan", "Parent Relationship": "Inner", "Scan Direction": "Forward", "Index Name": "keyword_pkey", "Relation Name": "keyword", "Alias": "k", "Startup Cost": 0.0, "Total Cost": 0.27, "Plan Rows": 1, "Plan Width": 4, "Index Cond": "(id = mk.keyword_id)"}]}]}, "Unique SQL Id": 2846462052}, "explain_analyze_plan": {"Plan": {"Node Type": "Aggregate", "Strategy": "Plain", "Startup Cost": 165048.91, "Total Cost": 165048.92, "Plan Rows": 1, "Plan Width": 123, "Actual Startup Time": 1795.662, "Actual Total Time": 1795.662, "Actual Rows": 1, "Actual Loops": 1, "Plans": [{"Node Type": "Nested Loop", "Parent Relationship": "Outer", "Join Type": "Inner", "Startup Cost": 4841.46, "Total Cost": 165048.24, "Plan Rows": 134, "Plan Width": 59, "Actual Startup Time": 546.531, "Actual Total Time": 1794.717, "Actual Rows": 1140, "Actual Loops": 1, "Inner Unique": true, "Plans": [{"Node Type": "Nested Loop", "Parent Relationship": "Outer", "Join Type": "Inner", "Startup Cost": 4841.46, "Total Cost": 165010.63, "Plan Rows": 134, "Plan Width": 63, "Actual Startup Time": 546.509, "Actual Total Time": 1789.64, "Actual Rows": 1140, "Actual Loops": 1, "Inner Unique": false, "Join Filter": "(t.id = mk.movie_id)", "Rows Removed by Join Filter": 0, "Plans": [{"Node Type": "Nested Loop", "Parent Relationship": "Outer", "Join Type": "Inner", "Startup Cost": 4841.46, "Total Cost": 165001.07, "Plan Rows": 17, "Plan Width": 75, "Actual Startup Time": 546.477, "Actual Total Time": 1787.828, "Actual Rows": 119, "Actual Loops": 1, "Inner Unique": false, "Plans": [{"Node Type": "Nested Loop", "Parent Relationship": "Outer", "Join Type": "Inner", "Startup Cost": 4841.46, "Total Cost": 164997.5, "Plan Rows": 10, "Plan Width": 71, "Actual Startup Time": 497.056, "Actual Total Time": 1782.246, "Actual Rows": 1488, "Actual Loops": 1, "Inner Unique": true, "Plans": [{"Node Type": "Nested Loop", "Parent Relationship": "Outer", "Join Type": "Inner", "Startup Cost": 4841.46, "Total Cost": 164994.7, "Plan Rows": 10, "Plan Width": 75, "Actual Startup Time": 497.03, "Actual Total Time": 1776.709, "Actual Rows": 2647, "Actual Loops": 1, "Inner Unique": true, "Plans": [{"Node Type": "Nested Loop", "Parent Relationship": "Outer", "Join Type": "Inner", "Startup Cost": 4841.46, "Total Cost": 164991.25, "Plan Rows": 12, "Plan Width": 79, "Actual Startup Time": 496.997, "Actual Total Time": 1760.461, "Actual Rows": 2884, "Actual Loops": 1, "Inner Unique": false, "Plans": [{"Node Type": "Nested Loop", "Parent Relationship": "Outer", "Join Type": "Inner", "Startup Cost": 4841.46, "Total Cost": 164989.04, "Plan Rows": 6, "Plan Width": 67, "Actual Startup Time": 496.973, "Actual Total Time": 1747.058, "Actual Rows": 1782, "Actual Loops": 1, "Inner Unique": true, "Plans": [{"Node Type": "Nested Loop", "Parent Relationship": "Outer", "Join Type": "Inner", "Startup Cost": 4841.46, "Total Cost": 164956.1, "Plan Rows": 4, "Plan Width": 46, "Actual Startup Time": 496.929, "Actual Total Time": 1733.614, "Actual Rows": 1783, "Actual Loops": 1, "Inner Unique": false, "Plans": [{"Node Type": "Index Scan", "Parent Relationship": "Outer", "Scan Direction": "Forward", "Index Name": "info_type_pkey", "Relation Name": "info_type", "Alias": "it1", "Startup Cost": 0.0, "Total Cost": 14.21, "Plan Rows": 1, "Plan Width": 4, "Actual Startup Time": 0.045, "Actual Total Time": 0.099, "Actual Rows": 1, "Actual Loops": 1, "Filter": "((info)::text = 'release dates'::text)", "Rows Removed by Filter": 111}, {"Node Type": "Bitmap Heap Scan", "Parent Relationship": "Inner", "Relation Name": "movie_info", "Alias": "mi", "Startup Cost": 4841.46, "Total Cost": 164941.85, "Plan Rows": 4, "Plan Width": 50, "Actual Startup Time": 496.876, "Actual Total Time": 1732.924, "Actual Rows": 1783, "Actual Loops": 1, "Recheck Cond": "(info_type_id = it1.id)", "Rows Removed by Index Recheck": 0, "Filter": "((info IS NOT NULL) AND ((note)::text ~~ '%internet%'::text) AND (((info)::text ~~ 'USA:% 199%'::text) OR ((info)::text ~~ 'USA:% 200%'::text)))", "Rows Removed by Filter": 3034936, "Exact Heap Blocks": 21947, "Lossy Heap Blocks": 21947, "Plans": [{"Node Type": "Bitmap Index Scan", "Parent Relationship": "Outer", "Index Name": "info_type_id_movie_info", "Startup Cost": 0.0, "Total Cost": 4841.46, "Plan Rows": 212428, "Plan Width": 0, "Actual Startup Time": 491.235, "Actual Total Time": 491.235, "Actual Rows": 3036719, "Actual Loops": 1, "Index Cond": "(info_type_id = it1.id)"}]}]}, {"Node Type": "Index Scan", "Parent Relationship": "Inner", "Scan Direction": "Forward", "Index Name": "title_pkey", "Relation Name": "title", "Alias": "t", "Startup Cost": 0.0, "Total Cost": 8.23, "Plan Rows": 1, "Plan Width": 21, "Actual Startup Time": 11.061, "Actual Total Time": 11.061, "Actual Rows": 1782, "Actual Loops": 1783, "Index Cond": "(id = mi.movie_id)", "Rows Removed by Index Recheck": 0, "Filter": "(production_year > 1990)", "Rows Removed by Filter": 1}]}, {"Node Type": "Index Scan", "Parent Relationship": "Inner", "Scan Direction": "Forward", "Index Name": "movie_id_movie_companies", "Relation Name": "movie_companies", "Alias": "mc", "Startup Cost": 0.0, "Total Cost": 0.35, "Plan Rows": 2, "Plan Width": 12, "Actual Startup Time": 8.877, "Actual Total Time": 11.375, "Actual Rows": 2884, "Actual Loops": 1782, "Index Cond": "(movie_id = t.id)", "Rows Removed by Index Recheck": 0}]}, {"Node Type": "Index Scan", "Parent Relationship": "Inner", "Scan Direction": "Forward", "Index Name": "company_name_pkey", "Relation Name": "company_name", "Alias": "cn", "Startup Cost": 0.0, "Total Cost": 0.28, "Plan Rows": 1, "Plan Width": 4, "Actual Startup Time": 13.592, "Actual Total Time": 13.592, "Actual Rows": 2647, "Actual Loops": 2884, "Index Cond": "(id = mc.company_id)", "Rows Removed by Index Recheck": 0, "Filter": "((country_code)::text = '[us]'::text)", "Rows Removed by Filter": 237}]}, {"Node Type": "Index Scan", "Parent Relationship": "Inner", "Scan Direction": "Forward", "Index Name": "company_type_pkey", "Relation Name": "company_type", "Alias": "ct", "Startup Cost": 0.0, "Total Cost": 0.27, "Plan Rows": 1, "Plan Width": 4, "Actual Startup Time": 3.359, "Actual Total Time": 3.359, "Actual Rows": 1488, "Actual Loops": 2647, "Index Cond": "(id = mc.company_type_id)", "Rows Removed by Index Recheck": 0}]}, {"Node Type": "Index Scan", "Parent Relationship": "Inner", "Scan Direction": "Forward", "Index Name": "movie_id_aka_title", "Relation Name": "aka_title", "Alias": "at", "Startup Cost": 0.0, "Total Cost": 0.33, "Plan Rows": 3, "Plan Width": 4, "Actual Startup Time": 4.485, "Actual Total Time": 4.583, "Actual Rows": 119, "Actual Loops": 1488, "Index Cond": "(movie_id = t.id)", "Rows Removed by Index Recheck": 0}]}, {"Node Type": "Index Scan", "Parent Relationship": "Inner", "Scan Direction": "Forward", "Index Name": "movie_id_movie_keyword", "Relation Name": "movie_keyword", "Alias": "mk", "Startup Cost": 0.0, "Total Cost": 0.46, "Plan Rows": 8, "Plan Width": 8, "Actual Startup Time": 0.684, "Actual Total Time": 1.186, "Actual Rows": 1140, "Actual Loops": 119, "Index Cond": "(movie_id = mc.movie_id)", "Rows Removed by Index Recheck": 0}]}, {"Node Type": "Index Scan", "Parent Relationship": "Inner", "Scan Direction": "Forward", "Index Name": "keyword_pkey", "Relation Name": "keyword", "Alias": "k", "Startup Cost": 0.0, "Total Cost": 0.27, "Plan Rows": 1, "Plan Width": 4, "Actual Startup Time": 4.18, "Actual Total Time": 4.18, "Actual Rows": 1140, "Actual Loops": 1140, "Index Cond": "(id = mk.keyword_id)", "Rows Removed by Index Recheck": 0}]}]}, "Triggers": [], "Planner Runtime": 146.23, "Total Runtime": 1796.239, "Unique SQL Id": 2846462052}}, "(1, 6)": {"explain_plan": {"Plan": {"Node Type": "Aggregate", "Strategy": "Plain", "Startup Cost": 166020.69, "Total Cost": 166020.7, "Plan Rows": 1, "Plan Width": 123, "Plans": [{"Node Type": "Nested Loop", "Parent Relationship": "Outer", "Join Type": "Inner", "Startup Cost": 4846.74, "Total Cost": 166020.02, "Plan Rows": 134, "Plan Width": 59, "Inner Unique": true, "Join Filter": "(at.movie_id = t.id)", "Plans": [{"Node Type": "Nested Loop", "Parent Relationship": "Outer", "Join Type": "Inner", "Startup Cost": 4846.47, "Total Cost": 165603.56, "Plan Rows": 97, "Plan Width": 58, "Inner Unique": true, "Plans": [{"Node Type": "Nested Loop", "Parent Relationship": "Outer", "Join Type": "Inner", "Startup Cost": 4846.22, "Total Cost": 165188.37, "Plan Rows": 97, "Plan Width": 62, "Inner Unique": false, "Join Filter": "(at.movie_id = mk.movie_id)", "Plans": [{"Node Type": "Nested Loop", "Parent Relationship": "Outer", "Join Type": "Inner", "Startup Cost": 4845.88, "Total Cost": 165133.92, "Plan Rows": 12, "Plan Width": 54, "Inner Unique": true, "Join Filter": "(mc.company_type_id = ct.id)", "Plans": [{"Node Type": "Nested Loop", "Parent Relationship": "Outer", "Join Type": "Inner", "Startup Cost": 4845.88, "Total Cost": 165132.34, "Plan Rows": 12, "Plan Width": 58, "Inner Unique": true, "Plans": [{"Node Type": "Nested Loop", "Parent Relationship": "Outer", "Join Type": "Inner", "Startup Cost": 4845.62, "Total Cost": 165046.67, "Plan Rows": 20, "Plan Width": 62, "Inner Unique": false, "Plans": [{"Node Type": "Nested Loop", "Parent Relationship": "Outer", "Join Type": "Inner", "Startup Cost": 4845.25, "Total Cost": 165006.92, "Plan Rows": 9, "Plan Width": 50, "Inner Unique": false, "Plans": [{"Node Type": "Nested Loop", "Parent Relationship": "Outer", "Join Type": "Inner", "Startup Cost": 4841.46, "Total Cost": 164944.29, "Plan Rows": 4, "Plan Width": 46, "Inner Unique": false, "Plans": [{"Node Type": "Seq Scan", "Parent Relationship": "Outer", "Relation Name": "info_type", "Alias": "it1", "Startup Cost": 0.0, "Total Cost": 2.4, "Plan Rows": 1, "Plan Width": 4, "Filter": "((info)::text = 'release dates'::text)"}, {"Node Type": "Bitmap Heap Scan", "Parent Relationship": "Inner", "Relation Name": "movie_info", "Alias": "mi", "Startup Cost": 4841.46, "Total Cost": 164941.85, "Plan Rows": 4, "Plan Width": 50, "Recheck Cond": "(info_type_id = it1.id)", "Filter": "((info IS NOT NULL) AND ((note)::text ~~ '%internet%'::text) AND (((info)::text ~~ 'USA:% 199%'::text) OR ((info)::text ~~ 'USA:% 200%'::text)))", "Plans": [{"Node Type": "Bitmap Index Scan", "Parent Relationship": "Outer", "Index Name": "info_type_id_movie_info", "Startup Cost": 0.0, "Total Cost": 4841.46, "Plan Rows": 212428, "Plan Width": 0, "Index Cond": "(info_type_id = it1.id)"}]}]}, {"Node Type": "Bitmap Heap Scan", "Parent Relationship": "Inner", "Relation Name": "aka_title", "Alias": "at", "Startup Cost": 3.79, "Total Cost": 15.63, "Plan Rows": 3, "Plan Width": 4, "Recheck Cond": "(movie_id = mi.movie_id)", "Plans": [{"Node Type": "Bitmap Index Scan", "Parent Relationship": "Outer", "Index Name": "movie_id_aka_title", "Startup Cost": 0.0, "Total Cost": 3.79, "Plan Rows": 3, "Plan Width": 0, "Index Cond": "(movie_id = mi.movie_id)"}]}]}, {"Node Type": "Bitmap Heap Scan", "Parent Relationship": "Inner", "Relation Name": "movie_companies", "Alias": "mc", "Startup Cost": 0.37, "Total Cost": 4.4, "Plan Rows": 2, "Plan Width": 12, "Recheck Cond": "(movie_id = at.movie_id)", "Plans": [{"Node Type": "Bitmap Index Scan", "Parent Relationship": "Outer", "Index Name": "movie_id_movie_companies", "Startup Cost": 0.0, "Total Cost": 0.37, "Plan Rows": 2, "Plan Width": 0, "Index Cond": "(movie_id = at.movie_id)"}]}]}, {"Node Type": "Bitmap Heap Scan", "Parent Relationship": "Inner", "Relation Name": "company_name", "Alias": "cn", "Startup Cost": 0.26, "Total Cost": 4.27, "Plan Rows": 1, "Plan Width": 4, "Recheck Cond": "(id = mc.company_id)", "Filter": "((country_code)::text = '[us]'::text)", "Plans": [{"Node Type": "Bitmap Index Scan", "Parent Relationship": "Outer", "Index Name": "company_name_pkey", "Startup Cost": 0.0, "Total Cost": 0.26, "Plan Rows": 1, "Plan Width": 0, "Index Cond": "(id = mc.company_id)"}]}]}, {"Node Type": "Materialize", "Parent Relationship": "Inner", "Startup Cost": 0.0, "Total Cost": 1.04, "Plan Rows": 3, "Plan Width": 4, "Plans": [{"Node Type": "Seq Scan", "Parent Relationship": "Outer", "Relation Name": "company_type", "Alias": "ct", "Startup Cost": 0.0, "Total Cost": 1.03, "Plan Rows": 3, "Plan Width": 4}]}]}, {"Node Type": "Bitmap Heap Scan", "Parent Relationship": "Inner", "Relation Name": "movie_keyword", "Alias": "mk", "Startup Cost": 0.34, "Total Cost": 4.44, "Plan Rows": 8, "Plan Width": 8, "Recheck Cond": "(movie_id = mc.movie_id)", "Plans": [{"Node Type": "Bitmap Index Scan", "Parent Relationship": "Outer", "Index Name": "movie_id_movie_keyword", "Startup Cost": 0.0, "Total Cost": 0.34, "Plan Rows": 8, "Plan Width": 0, "Index Cond": "(movie_id = mc.movie_id)"}]}]}, {"Node Type": "Bitmap Heap Scan", "Parent Relationship": "Inner", "Relation Name": "keyword", "Alias": "k", "Startup Cost": 0.26, "Total Cost": 4.27, "Plan Rows": 1, "Plan Width": 4, "Recheck Cond": "(id = mk.keyword_id)", "Plans": [{"Node Type": "Bitmap Index Scan", "Parent Relationship": "Outer", "Index Name": "keyword_pkey", "Startup Cost": 0.0, "Total Cost": 0.26, "Plan Rows": 1, "Plan Width": 0, "Index Cond": "(id = mk.keyword_id)"}]}]}, {"Node Type": "Bitmap Heap Scan", "Parent Relationship": "Inner", "Relation Name": "title", "Alias": "t", "Startup Cost": 0.27, "Total Cost": 4.28, "Plan Rows": 1, "Plan Width": 21, "Recheck Cond": "(id = mk.movie_id)", "Filter": "(production_year > 1990)", "Plans": [{"Node Type": "Bitmap Index Scan", "Parent Relationship": "Outer", "Index Name": "title_pkey", "Startup Cost": 0.0, "Total Cost": 0.27, "Plan Rows": 1, "Plan Width": 0, "Index Cond": "(id = mk.movie_id)"}]}]}]}, "Unique SQL Id": 2846462052}, "explain_analyze_plan": {"Plan": {"Node Type": "Aggregate", "Strategy": "Plain", "Startup Cost": 166020.69, "Total Cost": 166020.7, "Plan Rows": 1, "Plan Width": 123, "Actual Startup Time": 1830.907, "Actual Total Time": 1830.907, "Actual Rows": 1, "Actual Loops": 1, "Plans": [{"Node Type": "Nested Loop", "Parent Relationship": "Outer", "Join Type": "Inner", "Startup Cost": 4846.74, "Total Cost": 166020.02, "Plan Rows": 134, "Plan Width": 59, "Actual Startup Time": 421.782, "Actual Total Time": 1829.843, "Actual Rows": 1140, "Actual Loops": 1, "Inner Unique": true, "Join Filter": "(at.movie_id = t.id)", "Rows Removed by Join Filter": 0, "Plans": [{"Node Type": "Nested Loop", "Parent Relationship": "Outer", "Join Type": "Inner", "Startup Cost": 4846.47, "Total Cost": 165603.56, "Plan Rows": 97, "Plan Width": 58, "Actual Startup Time": 421.747, "Actual Total Time": 1822.99, "Actual Rows": 1140, "Actual Loops": 1, "Inner Unique": true, "Plans": [{"Node Type": "Nested Loop", "Parent Relationship": "Outer", "Join Type": "Inner", "Startup Cost": 4846.22, "Total Cost": 165188.37, "Plan Rows": 97, "Plan Width": 62, "Actual Startup Time": 421.731, "Actual Total Time": 1814.023, "Actual Rows": 1140, "Actual Loops": 1, "Inner Unique": false, "Join Filter": "(at.movie_id = mk.movie_id)", "Rows Removed by Join Filter": 0, "Plans": [{"Node Type": "Nested Loop", "Parent Relationship": "Outer", "Join Type": "Inner", "Startup Cost": 4845.88, "Total Cost": 165133.92, "Plan Rows": 12, "Plan Width": 54, "Actual Startup Time": 421.701, "Actual Total Time": 1811.658, "Actual Rows": 119, "Actual Loops": 1, "Inner Unique": true, "Join Filter": "(mc.company_type_id = ct.id)", "Rows Removed by Join Filter": 495, "Plans": [{"Node Type": "Nested Loop", "Parent Relationship": "Outer", "Join Type": "Inner", "Startup Cost": 4845.88, "Total Cost": 165132.34, "Plan Rows": 12, "Plan Width": 58, "Actual Startup Time": 383.095, "Actual Total Time": 1811.149, "Actual Rows": 284, "Actual Loops": 1, "Inner Unique": true, "Plans": [{"Node Type": "Nested Loop", "Parent Relationship": "Outer", "Join Type": "Inner", "Startup Cost": 4845.62, "Total Cost": 165046.67, "Plan Rows": 20, "Plan Width": 62, "Actual Startup Time": 383.05, "Actual Total Time": 1807.213, "Actual Rows": 400, "Actual Loops": 1, "Inner Unique": false, "Plans": [{"Node Type": "Nested Loop", "Parent Relationship": "Outer", "Join Type": "Inner", "Startup Cost": 4845.25, "Total Cost": 165006.92, "Plan Rows": 9, "Plan Width": 50, "Actual Startup Time": 383.015, "Actual Total Time": 1804.635, "Actual Rows": 120, "Actual Loops": 1, "Inner Unique": false, "Plans": [{"Node Type": "Nested Loop", "Parent Relationship": "Outer", "Join Type": "Inner", "Startup Cost": 4841.46, "Total Cost": 164944.29, "Plan Rows": 4, "Plan Width": 46, "Actual Startup Time": 379.234, "Actual Total Time": 1792.259, "Actual Rows": 1783, "Actual Loops": 1, "Inner Unique": false, "Plans": [{"Node Type": "Seq Scan", "Parent Relationship": "Outer", "Relation Name": "info_type", "Alias": "it1", "Startup Cost": 0.0, "Total Cost": 2.4, "Plan Rows": 1, "Plan Width": 4, "Actual Startup Time": 0.054, "Actual Total Time": 0.099, "Actual Rows": 1, "Actual Loops": 1, "Filter": "((info)::text = 'release dates'::text)", "Rows Removed by Filter": 111}, {"Node Type": "Bitmap Heap Scan", "Parent Relationship": "Inner", "Relation Name": "movie_info", "Alias": "mi", "Startup Cost": 4841.46, "Total Cost": 164941.85, "Plan Rows": 4, "Plan Width": 50, "Actual Startup Time": 379.17, "Actual Total Time": 1791.583, "Actual Rows": 1783, "Actual Loops": 1, "Recheck Cond": "(info_type_id = it1.id)", "Rows Removed by Index Recheck": 0, "Filter": "((info IS NOT NULL) AND ((note)::text ~~ '%internet%'::text) AND (((info)::text ~~ 'USA:% 199%'::text) OR ((info)::text ~~ 'USA:% 200%'::text)))", "Rows Removed by Filter": 3034936, "Exact Heap Blocks": 21947, "Lossy Heap Blocks": 21947, "Plans": [{"Node Type": "Bitmap Index Scan", "Parent Relationship": "Outer", "Index Name": "info_type_id_movie_info", "Startup Cost": 0.0, "Total Cost": 4841.46, "Plan Rows": 212428, "Plan Width": 0, "Actual Startup Time": 373.919, "Actual Total Time": 373.919, "Actual Rows": 3036719, "Actual Loops": 1, "Index Cond": "(info_type_id = it1.id)"}]}]}, {"Node Type": "Bitmap Heap Scan", "Parent Relationship": "Inner", "Relation Name": "aka_title", "Alias": "at", "Startup Cost": 3.79, "Total Cost": 15.63, "Plan Rows": 3, "Plan Width": 4, "Actual Startup Time": 9.46, "Actual Total Time": 9.589, "Actual Rows": 120, "Actual Loops": 1783, "Recheck Cond": "(movie_id = mi.movie_id)", "Rows Removed by Index Recheck": 0, "Exact Heap Blocks": 120, "Lossy Heap Blocks": 120, "Plans": [{"Node Type": "Bitmap Index Scan", "Parent Relationship": "Outer", "Index Name": "movie_id_aka_title", "Startup Cost": 0.0, "Total Cost": 3.79, "Plan Rows": 3, "Plan Width": 0, "Actual Startup Time": 7.889, "Actual Total Time": 7.889, "Actual Rows": 120, "Actual Loops": 1783, "Index Cond": "(movie_id = mi.movie_id)"}]}]}, {"Node Type": "Bitmap Heap Scan", "Parent Relationship": "Inner", "Relation Name": "movie_companies", "Alias": "mc", "Startup Cost": 0.37, "Total Cost": 4.4, "Plan Rows": 2, "Plan Width": 12, "Actual Startup Time": 1.756, "Actual Total Time": 2.095, "Actual Rows": 400, "Actual Loops": 120, "Recheck Cond": "(movie_id = at.movie_id)", "Rows Removed by Index Recheck": 0, "Exact Heap Blocks": 214, "Lossy Heap Blocks": 214, "Plans": [{"Node Type": "Bitmap Index Scan", "Parent Relationship": "Outer", "Index Name": "movie_id_movie_companies", "Startup Cost": 0.0, "Total Cost": 0.37, "Plan Rows": 2, "Plan Width": 0, "Actual Startup Time": 1.046, "Actual Total Time": 1.046, "Actual Rows": 400, "Actual Loops": 120, "Index Cond": "(movie_id = at.movie_id)"}]}]}, {"Node Type": "Bitmap Heap Scan", "Parent Relationship": "Inner", "Relation Name": "company_name", "Alias": "cn", "Startup Cost": 0.26, "Total Cost": 4.27, "Plan Rows": 1, "Plan Width": 4, "Actual Startup Time": 3.24, "Actual Total Time": 3.24, "Actual Rows": 284, "Actual Loops": 400, "Recheck Cond": "(id = mc.company_id)", "Rows Removed by Index Recheck": 0, "Filter": "((country_code)::text = '[us]'::text)", "Rows Removed by Filter": 116, "Exact Heap Blocks": 400, "Lossy Heap Blocks": 400, "Plans": [{"Node Type": "Bitmap Index Scan", "Parent Relationship": "Outer", "Index Name": "company_name_pkey", "Startup Cost": 0.0, "Total Cost": 0.26, "Plan Rows": 1, "Plan Width": 0, "Actual Startup Time": 1.793, "Actual Total Time": 1.793, "Actual Rows": 400, "Actual Loops": 400, "Index Cond": "(id = mc.company_id)"}]}]}, {"Node Type": "Materialize", "Parent Relationship": "Inner", "Startup Cost": 0.0, "Total Cost": 1.04, "Plan Rows": 3, "Plan Width": 4, "Actual Startup Time": 0.084, "Actual Total Time": 0.127, "Actual Rows": 614, "Actual Loops": 284, "Plans": [{"Node Type": "Seq Scan", "Parent Relationship": "Outer", "Relation Name": "company_type", "Alias": "ct", "Startup Cost": 0.0, "Total Cost": 1.03, "Plan Rows": 3, "Plan Width": 4, "Actual Startup Time": 0.013, "Actual Total Time": 0.014, "Actual Rows": 3, "Actual Loops": 1}]}]}, {"Node Type": "Bitmap Heap Scan", "Parent Relationship": "Inner", "Relation Name": "movie_keyword", "Alias": "mk", "Startup Cost": 0.34, "Total Cost": 4.44, "Plan Rows": 8, "Plan Width": 8, "Actual Startup Time": 1.421, "Actual Total Time": 1.626, "Actual Rows": 1140, "Actual Loops": 119, "Recheck Cond": "(movie_id = mc.movie_id)", "Rows Removed by Index Recheck": 0, "Exact Heap Blocks": 91, "Lossy Heap Blocks": 91, "Plans": [{"Node Type": "Bitmap Index Scan", "Parent Relationship": "Outer", "Index Name": "movie_id_movie_keyword", "Startup Cost": 0.0, "Total Cost": 0.34, "Plan Rows": 8, "Plan Width": 0, "Actual Startup Time": 0.909, "Actual Total Time": 0.909, "Actual Rows": 1140, "Actual Loops": 119, "Index Cond": "(movie_id = mc.movie_id)"}]}]}, {"Node Type": "Bitmap Heap Scan", "Parent Relationship": "Inner", "Relation Name": "keyword", "Alias": "k", "Startup Cost": 0.26, "Total Cost": 4.27, "Plan Rows": 1, "Plan Width": 4, "Actual Startup Time": 7.232, "Actual Total Time": 7.232, "Actual Rows": 1140, "Actual Loops": 1140, "Recheck Cond": "(id = mk.keyword_id)", "Rows Removed by Index Recheck": 0, "Exact Heap Blocks": 1140, "Lossy Heap Blocks": 1140, "Plans": [{"Node Type": "Bitmap Index Scan", "Parent Relationship": "Outer", "Index Name": "keyword_pkey", "Startup Cost": 0.0, "Total Cost": 0.26, "Plan Rows": 1, "Plan Width": 0, "Actual Startup Time": 4.41, "Actual Total Time": 4.41, "Actual Rows": 1140, "Actual Loops": 1140, "Index Cond": "(id = mk.keyword_id)"}]}]}, {"Node Type": "Bitmap Heap Scan", "Parent Relationship": "Inner", "Relation Name": "title", "Alias": "t", "Startup Cost": 0.27, "Total Cost": 4.28, "Plan Rows": 1, "Plan Width": 21, "Actual Startup Time": 4.989, "Actual Total Time": 4.989, "Actual Rows": 1140, "Actual Loops": 1140, "Recheck Cond": "(id = mk.movie_id)", "Rows Removed by Index Recheck": 0, "Filter": "(production_year > 1990)", "Rows Removed by Filter": 0, "Exact Heap Blocks": 1140, "Lossy Heap Blocks": 1140, "Plans": [{"Node Type": "Bitmap Index Scan", "Parent Relationship": "Outer", "Index Name": "title_pkey", "Startup Cost": 0.0, "Total Cost": 0.27, "Plan Rows": 1, "Plan Width": 0, "Actual Startup Time": 2.968, "Actual Total Time": 2.968, "Actual Rows": 1140, "Actual Loops": 1140, "Index Cond": "(id = mk.movie_id)"}]}]}]}, "Triggers": [], "Planner Runtime": 138.665, "Total Runtime": 1831.387, "Unique SQL Id": 2846462052}}, "(1, 7)": {"explain_plan": {"Plan": {"Node Type": "Aggregate", "Strategy": "Plain", "Startup Cost": 1000003810823.99, "Total Cost": 1000003810824.0, "Plan Rows": 1, "Plan Width": 123, "Plans": [{"Node Type": "Nested Loop", "Parent Relationship": "Outer", "Join Type": "Inner", "Startup Cost": 10000000002.95, "Total Cost": 1000003810823.33, "Plan Rows": 132, "Plan Width": 59, "Inner Unique": true, "Join Filter": "(at.movie_id = t.id)", "Plans": [{"Node Type": "Nested Loop", "Parent Relationship": "Outer", "Join Type": "Inner", "Startup Cost": 10000000002.69, "Total Cost": 1000003810415.45, "Plan Rows": 95, "Plan Width": 58, "Inner Unique": true, "Plans": [{"Node Type": "Nested Loop", "Parent Relationship": "Outer", "Join Type": "Inner", "Startup Cost": 10000000002.43, "Total Cost": 1000003810000.27, "Plan Rows": 97, "Plan Width": 62, "Inner Unique": false, "Join Filter": "(at.movie_id = mk.movie_id)", "Plans": [{"Node Type": "Nested Loop", "Parent Relationship": "Outer", "Join Type": "Inner", "Startup Cost": 10000000002.09, "Total Cost": 1000003809945.81, "Plan Rows": 12, "Plan Width": 54, "Inner Unique": true, "Plans": [{"Node Type": "Nested Loop", "Parent Relationship": "Outer", "Join Type": "Inner", "Startup Cost": 10000000001.84, "Total Cost": 1000003809894.45, "Plan Rows": 12, "Plan Width": 58, "Inner Unique": true, "Plans": [{"Node Type": "Nested Loop", "Parent Relationship": "Outer", "Join Type": "Inner", "Startup Cost": 10000000001.58, "Total Cost": 1000003809808.78, "Plan Rows": 20, "Plan Width": 62, "Inner Unique": false, "Plans": [{"Node Type": "Nested Loop", "Parent Relationship": "Outer", "Join Type": "Inner", "Startup Cost": 10000000001.21, "Total Cost": 1000003809769.03, "Plan Rows": 9, "Plan Width": 50, "Inner Unique": true, "Plans": [{"Node Type": "Nested Loop", "Parent Relationship": "Outer", "Join Type": "Inner", "Startup Cost": 10000000000.92, "Total Cost": 1000003806956.22, "Plan Rows": 652, "Plan Width": 54, "Inner Unique": false, "Plans": [{"Node Type": "Index Scan", "Parent Relationship": "Outer", "Scan Direction": "Forward", "Index Name": "movie_id_aka_title", "Relation Name": "aka_title", "Alias": "at", "Startup Cost": 10000000000.0, "Total Cost": 1000001990001.13, "Plan Rows": 361471, "Plan Width": 4}, {"Node Type": "Bitmap Heap Scan", "Parent Relationship": "Inner", "Relation Name": "movie_info", "Alias": "mi", "Startup Cost": 0.92, "Total Cost": 5.02, "Plan Rows": 1, "Plan Width": 50, "Recheck Cond": "(movie_id = at.movie_id)", "Filter": "((info IS NOT NULL) AND ((note)::text ~~ '%internet%'::text) AND (((info)::text ~~ 'USA:% 199%'::text) OR ((info)::text ~~ 'USA:% 200%'::text)))", "Plans": [{"Node Type": "Bitmap Index Scan", "Parent Relationship": "Outer", "Index Name": "movie_id_movie_info", "Startup Cost": 0.0, "Total Cost": 0.92, "Plan Rows": 5, "Plan Width": 0, "Index Cond": "(movie_id = at.movie_id)"}]}]}, {"Node Type": "Bitmap Heap Scan", "Parent Relationship": "Inner", "Relation Name": "info_type", "Alias": "it1", "Startup Cost": 0.29, "Total Cost": 4.3, "Plan Rows": 1, "Plan Width": 4, "Recheck Cond": "(id = mi.info_type_id)", "Filter": "((info)::text = 'release dates'::text)", "Plans": [{"Node Type": "Bitmap Index Scan", "Parent Relationship": "Outer", "Index Name": "info_type_pkey", "Startup Cost": 0.0, "Total Cost": 0.29, "Plan Rows": 1, "Plan Width": 0, "Index Cond": "(id = mi.info_type_id)"}]}]}, {"Node Type": "Bitmap Heap Scan", "Parent Relationship": "Inner", "Relation Name": "movie_companies", "Alias": "mc", "Startup Cost": 0.37, "Total Cost": 4.4, "Plan Rows": 2, "Plan Width": 12, "Recheck Cond": "(movie_id = at.movie_id)", "Plans": [{"Node Type": "Bitmap Index Scan", "Parent Relationship": "Outer", "Index Name": "movie_id_movie_companies", "Startup Cost": 0.0, "Total Cost": 0.37, "Plan Rows": 2, "Plan Width": 0, "Index Cond": "(movie_id = at.movie_id)"}]}]}, {"Node Type": "Bitmap Heap Scan", "Parent Relationship": "Inner", "Relation Name": "company_name", "Alias": "cn", "Startup Cost": 0.26, "Total Cost": 4.27, "Plan Rows": 1, "Plan Width": 4, "Recheck Cond": "(id = mc.company_id)", "Filter": "((country_code)::text = '[us]'::text)", "Plans": [{"Node Type": "Bitmap Index Scan", "Parent Relationship": "Outer", "Index Name": "company_name_pkey", "Startup Cost": 0.0, "Total Cost": 0.26, "Plan Rows": 1, "Plan Width": 0, "Index Cond": "(id = mc.company_id)"}]}]}, {"Node Type": "Bitmap Heap Scan", "Parent Relationship": "Inner", "Relation Name": "company_type", "Alias": "ct", "Startup Cost": 0.26, "Total Cost": 4.27, "Plan Rows": 1, "Plan Width": 4, "Recheck Cond": "(id = mc.company_type_id)", "Plans": [{"Node Type": "Bitmap Index Scan", "Parent Relationship": "Outer", "Index Name": "company_type_pkey", "Startup Cost": 0.0, "Total Cost": 0.26, "Plan Rows": 1, "Plan Width": 0, "Index Cond": "(id = mc.company_type_id)"}]}]}, {"Node Type": "Bitmap Heap Scan", "Parent Relationship": "Inner", "Relation Name": "movie_keyword", "Alias": "mk", "Startup Cost": 0.34, "Total Cost": 4.44, "Plan Rows": 8, "Plan Width": 8, "Recheck Cond": "(movie_id = mc.movie_id)", "Plans": [{"Node Type": "Bitmap Index Scan", "Parent Relationship": "Outer", "Index Name": "movie_id_movie_keyword", "Startup Cost": 0.0, "Total Cost": 0.34, "Plan Rows": 8, "Plan Width": 0, "Index Cond": "(movie_id = mc.movie_id)"}]}]}, {"Node Type": "Bitmap Heap Scan", "Parent Relationship": "Inner", "Relation Name": "keyword", "Alias": "k", "Startup Cost": 0.26, "Total Cost": 4.27, "Plan Rows": 1, "Plan Width": 4, "Recheck Cond": "(id = mk.keyword_id)", "Plans": [{"Node Type": "Bitmap Index Scan", "Parent Relationship": "Outer", "Index Name": "keyword_pkey", "Startup Cost": 0.0, "Total Cost": 0.26, "Plan Rows": 1, "Plan Width": 0, "Index Cond": "(id = mk.keyword_id)"}]}]}, {"Node Type": "Bitmap Heap Scan", "Parent Relationship": "Inner", "Relation Name": "title", "Alias": "t", "Startup Cost": 0.27, "Total Cost": 4.28, "Plan Rows": 1, "Plan Width": 21, "Recheck Cond": "(id = mk.movie_id)", "Filter": "(production_year > 1990)", "Plans": [{"Node Type": "Bitmap Index Scan", "Parent Relationship": "Outer", "Index Name": "title_pkey", "Startup Cost": 0.0, "Total Cost": 0.27, "Plan Rows": 1, "Plan Width": 0, "Index Cond": "(id = mk.movie_id)"}]}]}]}, "Unique SQL Id": 2846462052}, "explain_analyze_plan": null}, "(1, 8)": {"explain_plan": {"Plan": {"Node Type": "Aggregate", "Strategy": "Plain", "Startup Cost": 408598.03, "Total Cost": 408598.04, "Plan Rows": 1, "Plan Width": 123, "Plans": [{"Node Type": "Nested Loop", "Parent Relationship": "Outer", "Join Type": "Inner", "Startup Cost": 0.0, "Total Cost": 408597.36, "Plan Rows": 134, "Plan Width": 59, "Inner Unique": true, "Plans": [{"Node Type": "Nested Loop", "Parent Relationship": "Outer", "Join Type": "Inner", "Startup Cost": 0.0, "Total Cost": 408559.84, "Plan Rows": 134, "Plan Width": 63, "Inner Unique": false, "Join Filter": "(t.id = mk.movie_id)", "Plans": [{"Node Type": "Nested Loop", "Parent Relationship": "Outer", "Join Type": "Inner", "Startup Cost": 0.0, "Total Cost": 408550.28, "Plan Rows": 17, "Plan Width": 75, "Inner Unique": true, "Join Filter": "(at.movie_id = t.id)", "Plans": [{"Node Type": "Nested Loop", "Parent Relationship": "Outer", "Join Type": "Inner", "Startup Cost": 0.0, "Total Cost": 408546.05, "Plan Rows": 12, "Plan Width": 54, "Inner Unique": true, "Join Filter": "(mc.company_type_id = ct.id)", "Plans": [{"Node Type": "Nested Loop", "Parent Relationship": "Outer", "Join Type": "Inner", "Startup Cost": 0.0, "Total Cost": 408544.47, "Plan Rows": 12, "Plan Width": 58, "Inner Unique": true, "Plans": [{"Node Type": "Nested Loop", "Parent Relationship": "Outer", "Join Type": "Inner", "Startup Cost": 0.0, "Total Cost": 408538.72, "Plan Rows": 20, "Plan Width": 62, "Inner Unique": false, "Plans": [{"Node Type": "Nested Loop", "Parent Relationship": "Outer", "Join Type": "Inner", "Startup Cost": 0.0, "Total Cost": 408533.41, "Plan Rows": 9, "Plan Width": 50, "Inner Unique": false, "Plans": [{"Node Type": "Nested Loop", "Parent Relationship": "Outer", "Join Type": "Inner", "Startup Cost": 0.0, "Total Cost": 408517.99, "Plan Rows": 4, "Plan Width": 46, "Inner Unique": false, "Join Filter": "(it1.id = mi.info_type_id)", "Plans": [{"Node Type": "Seq Scan", "Parent Relationship": "Outer", "Relation Name": "info_type", "Alias": "it1", "Startup Cost": 0.0, "Total Cost": 2.4, "Plan Rows": 1, "Plan Width": 4, "Filter": "((info)::text = 'release dates'::text)"}, {"Node Type": "Seq Scan", "Parent Relationship": "Inner", "Relation Name": "movie_info", "Alias": "mi", "Startup Cost": 0.0, "Total Cost": 408512.41, "Plan Rows": 255, "Plan Width": 50, "Filter": "((info IS NOT NULL) AND ((note)::text ~~ '%internet%'::text) AND (((info)::text ~~ 'USA:% 199%'::text) OR ((info)::text ~~ 'USA:% 200%'::text)))"}]}, {"Node Type": "Index Only Scan", "Parent Relationship": "Inner", "Scan Direction": "Forward", "Index Name": "movie_id_aka_title", "Relation Name": "aka_title", "Alias": "at", "Startup Cost": 0.0, "Total Cost": 3.82, "Plan Rows": 3, "Plan Width": 4, "Index Cond": "(movie_id = mi.movie_id)"}]}, {"Node Type": "Index Scan", "Parent Relationship": "Inner", "Scan Direction": "Forward", "Index Name": "movie_id_movie_companies", "Relation Name": "movie_companies", "Alias": "mc", "Startup Cost": 0.0, "Total Cost": 0.57, "Plan Rows": 2, "Plan Width": 12, "Index Cond": "(movie_id = at.movie_id)"}]}, {"Node Type": "Index Scan", "Parent Relationship": "Inner", "Scan Direction": "Forward", "Index Name": "company_name_pkey", "Relation Name": "company_name", "Alias": "cn", "Startup Cost": 0.0, "Total Cost": 0.28, "Plan Rows": 1, "Plan Width": 4, "Index Cond": "(id = mc.company_id)", "Filter": "((country_code)::text = '[us]'::text)"}]}, {"Node Type": "Materialize", "Parent Relationship": "Inner", "Startup Cost": 0.0, "Total Cost": 1.04, "Plan Rows": 3, "Plan Width": 4, "Plans": [{"Node Type": "Seq Scan", "Parent Relationship": "Outer", "Relation Name": "company_type", "Alias": "ct", "Startup Cost": 0.0, "Total Cost": 1.03, "Plan Rows": 3, "Plan Width": 4}]}]}, {"Node Type": "Index Scan", "Parent Relationship": "Inner", "Scan Direction": "Forward", "Index Name": "title_pkey", "Relation Name": "title", "Alias": "t", "Startup Cost": 0.0, "Total Cost": 0.34, "Plan Rows": 1, "Plan Width": 21, "Index Cond": "(id = mc.movie_id)", "Filter": "(production_year > 1990)"}]}, {"Node Type": "Index Scan", "Parent Relationship": "Inner", "Scan Direction": "Forward", "Index Name": "movie_id_movie_keyword", "Relation Name": "movie_keyword", "Alias": "mk", "Startup Cost": 0.0, "Total Cost": 0.46, "Plan Rows": 8, "Plan Width": 8, "Index Cond": "(movie_id = mc.movie_id)"}]}, {"Node Type": "Index Only Scan", "Parent Relationship": "Inner", "Scan Direction": "Forward", "Index Name": "keyword_pkey", "Relation Name": "keyword", "Alias": "k", "Startup Cost": 0.0, "Total Cost": 0.27, "Plan Rows": 1, "Plan Width": 4, "Index Cond": "(id = mk.keyword_id)"}]}]}, "Unique SQL Id": 2846462052}, "explain_analyze_plan": null}, "(1, 9)": {"explain_plan": {"Plan": {"Node Type": "Aggregate", "Strategy": "Plain", "Startup Cost": 496841.73, "Total Cost": 496841.74, "Plan Rows": 1, "Plan Width": 123, "Plans": [{"Node Type": "Nested Loop", "Parent Relationship": "Outer", "Join Type": "Inner", "Startup Cost": 0.0, "Total Cost": 496841.06, "Plan Rows": 134, "Plan Width": 59, "Inner Unique": true, "Plans": [{"Node Type": "Nested Loop", "Parent Relationship": "Outer", "Join Type": "Inner", "Startup Cost": 0.0, "Total Cost": 496803.53, "Plan Rows": 134, "Plan Width": 63, "Inner Unique": false, "Join Filter": "(t.id = mk.movie_id)", "Plans": [{"Node Type": "Nested Loop", "Parent Relationship": "Outer", "Join Type": "Inner", "Startup Cost": 0.0, "Total Cost": 496793.97, "Plan Rows": 17, "Plan Width": 75, "Inner Unique": true, "Join Filter": "(at.movie_id = t.id)", "Plans": [{"Node Type": "Nested Loop", "Parent Relationship": "Outer", "Join Type": "Inner", "Startup Cost": 0.0, "Total Cost": 496789.74, "Plan Rows": 12, "Plan Width": 54, "Inner Unique": true, "Plans": [{"Node Type": "Nested Loop", "Parent Relationship": "Outer", "Join Type": "Inner", "Startup Cost": 0.0, "Total Cost": 496786.38, "Plan Rows": 12, "Plan Width": 58, "Inner Unique": true, "Plans": [{"Node Type": "Nested Loop", "Parent Relationship": "Outer", "Join Type": "Inner", "Startup Cost": 0.0, "Total Cost": 496780.63, "Plan Rows": 20, "Plan Width": 62, "Inner Unique": false, "Plans": [{"Node Type": "Nested Loop", "Parent Relationship": "Outer", "Join Type": "Inner", "Startup Cost": 0.0, "Total Cost": 496775.32, "Plan Rows": 9, "Plan Width": 50, "Inner Unique": false, "Plans": [{"Node Type": "Nested Loop", "Parent Relationship": "Outer", "Join Type": "Inner", "Startup Cost": 0.0, "Total Cost": 496759.91, "Plan Rows": 4, "Plan Width": 46, "Inner Unique": false, "Plans": [{"Node Type": "Index Scan", "Parent Relationship": "Outer", "Scan Direction": "Forward", "Index Name": "info_type_pkey", "Relation Name": "info_type", "Alias": "it1", "Startup Cost": 0.0, "Total Cost": 14.21, "Plan Rows": 1, "Plan Width": 4, "Filter": "((info)::text = 'release dates'::text)"}, {"Node Type": "Index Scan", "Parent Relationship": "Inner", "Scan Direction": "Forward", "Index Name": "info_type_id_movie_info", "Relation Name": "movie_info", "Alias": "mi", "Startup Cost": 0.0, "Total Cost": 496745.66, "Plan Rows": 4, "Plan Width": 50, "Index Cond": "(info_type_id = it1.id)", "Filter": "((info IS NOT NULL) AND ((note)::text ~~ '%internet%'::text) AND (((info)::text ~~ 'USA:% 199%'::text) OR ((info)::text ~~ 'USA:% 200%'::text)))"}]}, {"Node Type": "Index Only Scan", "Parent Relationship": "Inner", "Scan Direction": "Forward", "Index Name": "movie_id_aka_title", "Relation Name": "aka_title", "Alias": "at", "Startup Cost": 0.0, "Total Cost": 3.82, "Plan Rows": 3, "Plan Width": 4, "Index Cond": "(movie_id = mi.movie_id)"}]}, {"Node Type": "Index Scan", "Parent Relationship": "Inner", "Scan Direction": "Forward", "Index Name": "movie_id_movie_companies", "Relation Name": "movie_companies", "Alias": "mc", "Startup Cost": 0.0, "Total Cost": 0.57, "Plan Rows": 2, "Plan Width": 12, "Index Cond": "(movie_id = at.movie_id)"}]}, {"Node Type": "Index Scan", "Parent Relationship": "Inner", "Scan Direction": "Forward", "Index Name": "company_name_pkey", "Relation Name": "company_name", "Alias": "cn", "Startup Cost": 0.0, "Total Cost": 0.28, "Plan Rows": 1, "Plan Width": 4, "Index Cond": "(id = mc.company_id)", "Filter": "((country_code)::text = '[us]'::text)"}]}, {"Node Type": "Index Only Scan", "Parent Relationship": "Inner", "Scan Direction": "Forward", "Index Name": "company_type_pkey", "Relation Name": "company_type", "Alias": "ct", "Startup Cost": 0.0, "Total Cost": 0.27, "Plan Rows": 1, "Plan Width": 4, "Index Cond": "(id = mc.company_type_id)"}]}, {"Node Type": "Index Scan", "Parent Relationship": "Inner", "Scan Direction": "Forward", "Index Name": "title_pkey", "Relation Name": "title", "Alias": "t", "Startup Cost": 0.0, "Total Cost": 0.34, "Plan Rows": 1, "Plan Width": 21, "Index Cond": "(id = mc.movie_id)", "Filter": "(production_year > 1990)"}]}, {"Node Type": "Index Scan", "Parent Relationship": "Inner", "Scan Direction": "Forward", "Index Name": "movie_id_movie_keyword", "Relation Name": "movie_keyword", "Alias": "mk", "Startup Cost": 0.0, "Total Cost": 0.46, "Plan Rows": 8, "Plan Width": 8, "Index Cond": "(movie_id = mc.movie_id)"}]}, {"Node Type": "Index Only Scan", "Parent Relationship": "Inner", "Scan Direction": "Forward", "Index Name": "keyword_pkey", "Relation Name": "keyword", "Alias": "k", "Startup Cost": 0.0, "Total Cost": 0.27, "Plan Rows": 1, "Plan Width": 4, "Index Cond": "(id = mk.keyword_id)"}]}]}, "Unique SQL Id": 2846462052}, "explain_analyze_plan": {"Plan": {"Node Type": "Aggregate", "Strategy": "Plain", "Startup Cost": 496841.73, "Total Cost": 496841.74, "Plan Rows": 1, "Plan Width": 123, "Actual Startup Time": 1848.46, "Actual Total Time": 1848.461, "Actual Rows": 1, "Actual Loops": 1, "Plans": [{"Node Type": "Nested Loop", "Parent Relationship": "Outer", "Join Type": "Inner", "Startup Cost": 0.0, "Total Cost": 496841.06, "Plan Rows": 134, "Plan Width": 59, "Actual Startup Time": 61.619, "Actual Total Time": 1847.524, "Actual Rows": 1140, "Actual Loops": 1, "Inner Unique": true, "Plans": [{"Node Type": "Nested Loop", "Parent Relationship": "Outer", "Join Type": "Inner", "Startup Cost": 0.0, "Total Cost": 496803.53, "Plan Rows": 134, "Plan Width": 63, "Actual Startup Time": 61.608, "Actual Total Time": 1842.882, "Actual Rows": 1140, "Actual Loops": 1, "Inner Unique": false, "Join Filter": "(t.id = mk.movie_id)", "Rows Removed by Join Filter": 0, "Plans": [{"Node Type": "Nested Loop", "Parent Relationship": "Outer", "Join Type": "Inner", "Startup Cost": 0.0, "Total Cost": 496793.97, "Plan Rows": 17, "Plan Width": 75, "Actual Startup Time": 61.591, "Actual Total Time": 1840.784, "Actual Rows": 119, "Actual Loops": 1, "Inner Unique": true, "Join Filter": "(at.movie_id = t.id)", "Rows Removed by Join Filter": 0, "Plans": [{"Node Type": "Nested Loop", "Parent Relationship": "Outer", "Join Type": "Inner", "Startup Cost": 0.0, "Total Cost": 496789.74, "Plan Rows": 12, "Plan Width": 54, "Actual Startup Time": 61.566, "Actual Total Time": 1839.599, "Actual Rows": 119, "Actual Loops": 1, "Inner Unique": true, "Plans": [{"Node Type": "Nested Loop", "Parent Relationship": "Outer", "Join Type": "Inner", "Startup Cost": 0.0, "Total Cost": 496786.38, "Plan Rows": 12, "Plan Width": 58, "Actual Startup Time": 5.915, "Actual Total Time": 1839.032, "Actual Rows": 284, "Actual Loops": 1, "Inner Unique": true, "Plans": [{"Node Type": "Nested Loop", "Parent Relationship": "Outer", "Join Type": "Inner", "Startup Cost": 0.0, "Total Cost": 496780.63, "Plan Rows": 20, "Plan Width": 62, "Actual Startup Time": 5.898, "Actual Total Time": 1836.133, "Actual Rows": 400, "Actual Loops": 1, "Inner Unique": false, "Plans": [{"Node Type": "Nested Loop", "Parent Relationship": "Outer", "Join Type": "Inner", "Startup Cost": 0.0, "Total Cost": 496775.32, "Plan Rows": 9, "Plan Width": 50, "Actual Startup Time": 5.889, "Actual Total Time": 1834.45, "Actual Rows": 120, "Actual Loops": 1, "Inner Unique": false, "Plans": [{"Node Type": "Nested Loop", "Parent Relationship": "Outer", "Join Type": "Inner", "Startup Cost": 0.0, "Total Cost": 496759.91, "Plan Rows": 4, "Plan Width": 46, "Actual Startup Time": 0.569, "Actual Total Time": 1825.417, "Actual Rows": 1783, "Actual Loops": 1, "Inner Unique": false, "Plans": [{"Node Type": "Index Scan", "Parent Relationship": "Outer", "Scan Direction": "Forward", "Index Name": "info_type_pkey", "Relation Name": "info_type", "Alias": "it1", "Startup Cost": 0.0, "Total Cost": 14.21, "Plan Rows": 1, "Plan Width": 4, "Actual Startup Time": 0.041, "Actual Total Time": 0.181, "Actual Rows": 1, "Actual Loops": 1, "Filter": "((info)::text = 'release dates'::text)", "Rows Removed by Filter": 111}, {"Node Type": "Index Scan", "Parent Relationship": "Inner", "Scan Direction": "Forward", "Index Name": "info_type_id_movie_info", "Relation Name": "movie_info", "Alias": "mi", "Startup Cost": 0.0, "Total Cost": 496745.66, "Plan Rows": 4, "Plan Width": 50, "Actual Startup Time": 0.522, "Actual Total Time": 1824.556, "Actual Rows": 1783, "Actual Loops": 1, "Index Cond": "(info_type_id = it1.id)", "Rows Removed by Index Recheck": 0, "Filter": "((info IS NOT NULL) AND ((note)::text ~~ '%internet%'::text) AND (((info)::text ~~ 'USA:% 199%'::text) OR ((info)::text ~~ 'USA:% 200%'::text)))", "Rows Removed by Filter": 3034936}]}, {"Node Type": "Index Only Scan", "Parent Relationship": "Inner", "Scan Direction": "Forward", "Index Name": "movie_id_aka_title", "Relation Name": "aka_title", "Alias": "at", "Startup Cost": 0.0, "Total Cost": 3.82, "Plan Rows": 3, "Plan Width": 4, "Actual Startup Time": 7.41, "Actual Total Time": 7.464, "Actual Rows": 120, "Actual Loops": 1783, "Index Cond": "(movie_id = mi.movie_id)", "Rows Removed by Index Recheck": 0, "Heap Fetches": 0}]}, {"Node Type": "Index Scan", "Parent Relationship": "Inner", "Scan Direction": "Forward", "Index Name": "movie_id_movie_companies", "Relation Name": "movie_companies", "Alias": "mc", "Startup Cost": 0.0, "Total Cost": 0.57, "Plan Rows": 2, "Plan Width": 12, "Actual Startup Time": 1.011, "Actual Total Time": 1.388, "Actual Rows": 400, "Actual Loops": 120, "Index Cond": "(movie_id = at.movie_id)", "Rows Removed by Index Recheck": 0}]}, {"Node Type": "Index Scan", "Parent Relationship": "Inner", "Scan Direction": "Forward", "Index Name": "company_name_pkey", "Relation Name": "company_name", "Alias": "cn", "Startup Cost": 0.0, "Total Cost": 0.28, "Plan Rows": 1, "Plan Width": 4, "Actual Startup Time": 2.479, "Actual Total Time": 2.479, "Actual Rows": 284, "Actual Loops": 400, "Index Cond": "(id = mc.company_id)", "Rows Removed by Index Recheck": 0, "Filter": "((country_code)::text = '[us]'::text)", "Rows Removed by Filter": 116}]}, {"Node Type": "Index Only Scan", "Parent Relationship": "Inner", "Scan Direction": "Forward", "Index Name": "company_type_pkey", "Relation Name": "company_type", "Alias": "ct", "Startup Cost": 0.0, "Total Cost": 0.27, "Plan Rows": 1, "Plan Width": 4, "Actual Startup Time": 0.283, "Actual Total Time": 0.283, "Actual Rows": 119, "Actual Loops": 284, "Index Cond": "(id = mc.company_type_id)", "Rows Removed by Index Recheck": 0, "Heap Fetches": 0}]}, {"Node Type": "Index Scan", "Parent Relationship": "Inner", "Scan Direction": "Forward", "Index Name": "title_pkey", "Relation Name": "title", "Alias": "t", "Startup Cost": 0.0, "Total Cost": 0.34, "Plan Rows": 1, "Plan Width": 21, "Actual Startup Time": 0.893, "Actual Total Time": 0.893, "Actual Rows": 119, "Actual Loops": 119, "Index Cond": "(id = mc.movie_id)", "Rows Removed by Index Recheck": 0, "Filter": "(production_year > 1990)", "Rows Removed by Filter": 0}]}, {"Node Type": "Index Scan", "Parent Relationship": "Inner", "Scan Direction": "Forward", "Index Name": "movie_id_movie_keyword", "Relation Name": "movie_keyword", "Alias": "mk", "Startup Cost": 0.0, "Total Cost": 0.46, "Plan Rows": 8, "Plan Width": 8, "Actual Startup Time": 0.901, "Actual Total Time": 1.494, "Actual Rows": 1140, "Actual Loops": 119, "Index Cond": "(movie_id = mc.movie_id)", "Rows Removed by Index Recheck": 0}]}, {"Node Type": "Index Only Scan", "Parent Relationship": "Inner", "Scan Direction": "Forward", "Index Name": "keyword_pkey", "Relation Name": "keyword", "Alias": "k", "Startup Cost": 0.0, "Total Cost": 0.27, "Plan Rows": 1, "Plan Width": 4, "Actual Startup Time": 3.818, "Actual Total Time": 3.818, "Actual Rows": 1140, "Actual Loops": 1140, "Index Cond": "(id = mk.keyword_id)", "Rows Removed by Index Recheck": 0, "Heap Fetches": 0}]}]}, "Triggers": [], "Planner Runtime": 142.533, "Total Runtime": 1848.804, "Unique SQL Id": 2846462052}}, "(1, 10)": {"explain_plan": {"Plan": {"Node Type": "Aggregate", "Strategy": "Plain", "Startup Cost": 637516.21, "Total Cost": 637516.22, "Plan Rows": 1, "Plan Width": 123, "Plans": [{"Node Type": "Hash Join", "Parent Relationship": "Outer", "Join Type": "Inner", "Startup Cost": 558107.1, "Total Cost": 637515.54, "Plan Rows": 134, "Plan Width": 59, "Inner Unique": true, "Hash Cond": "(mk.keyword_id = k.id)", "Plans": [{"Node Type": "Hash Join", "Parent Relationship": "Outer", "Join Type": "Inner", "Startup Cost": 554329.29, "Total Cost": 633735.93, "Plan Rows": 134, "Plan Width": 63, "Inner Unique": false, "Hash Cond": "(mk.movie_id = t.id)", "Plans": [{"Node Type": "Seq Scan", "Parent Relationship": "Outer", "Relation Name": "movie_keyword", "Alias": "mk", "Startup Cost": 0.0, "Total Cost": 62441.29, "Plan Rows": 4523929, "Plan Width": 8}, {"Node Type": "Hash", "Parent Relationship": "Inner", "Startup Cost": 554329.08, "Total Cost": 554329.08, "Plan Rows": 17, "Plan Width": 75, "Plans": [{"Node Type": "Hash Join", "Parent Relationship": "Outer", "Join Type": "Inner", "Startup Cost": 481380.64, "Total Cost": 554329.08, "Plan Rows": 17, "Plan Width": 75, "Inner Unique": true, "Hash Cond": "(mc.company_type_id = ct.id)", "Plans": [{"Node Type": "Hash Join", "Parent Relationship": "Outer", "Join Type": "Inner", "Startup Cost": 481379.57, "Total Cost": 554327.78, "Plan Rows": 17, "Plan Width": 79, "Inner Unique": false, "Hash Cond": "(t.id = at.movie_id)", "Plans": [{"Node Type": "Seq Scan", "Parent Relationship": "Outer", "Relation Name": "title", "Alias": "t", "Startup Cost": 0.0, "Total Cost": 66389.89, "Plan Rows": 1748840, "Plan Width": 21, "Filter": "(production_year > 1990), (LLVM Optimized)"}, {"Node Type": "Hash", "Parent Relationship": "Inner", "Startup Cost": 481379.42, "Total Cost": 481379.42, "Plan Rows": 12, "Plan Width": 58, "Plans": [{"Node Type": "Hash Join", "Parent Relationship": "Outer", "Join Type": "Inner", "Startup Cost": 429899.22, "Total Cost": 481379.42, "Plan Rows": 12, "Plan Width": 58, "Inner Unique": false, "Hash Cond": "(mi.movie_id = at.movie_id)", "Plans": [{"Node Type": "Hash Join", "Parent Relationship": "Outer", "Join Type": "Inner", "Startup Cost": 415486.12, "Total Cost": 466965.6, "Plan Rows": 7, "Plan Width": 54, "Inner Unique": true, "Hash Cond": "(mc.company_id = cn.id)", "Plans": [{"Node Type": "Hash Join", "Parent Relationship": "Outer", "Join Type": "Inner", "Startup Cost": 408518.04, "Total Cost": 459997.38, "Plan Rows": 9, "Plan Width": 58, "Inner Unique": false, "Hash Cond": "(mc.movie_id = mi.movie_id)", "Plans": [{"Node Type": "Seq Scan", "Parent Relationship": "Outer", "Relation Name": "movie_companies", "Alias": "mc", "Startup Cost": 0.0, "Total Cost": 41817.28, "Plan Rows": 2609128, "Plan Width": 12}, {"Node Type": "Hash", "Parent Relationship": "Inner", "Startup Cost": 408517.99, "Total Cost": 408517.99, "Plan Rows": 4, "Plan Width": 46, "Plans": [{"Node Type": "Nested Loop", "Parent Relationship": "Outer", "Join Type": "Inner", "Startup Cost": 0.0, "Total Cost": 408517.99, "Plan Rows": 4, "Plan Width": 46, "Inner Unique": false, "Join Filter": "(it1.id = mi.info_type_id)", "Plans": [{"Node Type": "Seq Scan", "Parent Relationship": "Outer", "Relation Name": "info_type", "Alias": "it1", "Startup Cost": 0.0, "Total Cost": 2.4, "Plan Rows": 1, "Plan Width": 4, "Filter": "((info)::text = 'release dates'::text)"}, {"Node Type": "Seq Scan", "Parent Relationship": "Inner", "Relation Name": "movie_info", "Alias": "mi", "Startup Cost": 0.0, "Total Cost": 408512.41, "Plan Rows": 255, "Plan Width": 50, "Filter": "((info IS NOT NULL) AND ((note)::text ~~ '%internet%'::text) AND (((info)::text ~~ 'USA:% 199%'::text) OR ((info)::text ~~ 'USA:% 200%'::text)))"}]}]}]}, {"Node Type": "Hash", "Parent Relationship": "Inner", "Startup Cost": 5903.45, "Total Cost": 5903.45, "Plan Rows": 85170, "Plan Width": 4, "Plans": [{"Node Type": "Seq Scan", "Parent Relationship": "Outer", "Relation Name": "company_name", "Alias": "cn", "Startup Cost": 0.0, "Total Cost": 5903.45, "Plan Rows": 85170, "Plan Width": 4, "Filter": "((country_code)::text = '[us]'::text)"}]}]}, {"Node Type": "Hash", "Parent Relationship": "Inner", "Startup Cost": 9894.71, "Total Cost": 9894.71, "Plan Rows": 361471, "Plan Width": 4, "Plans": [{"Node Type": "Seq Scan", "Parent Relationship": "Outer", "Relation Name": "aka_title", "Alias": "at", "Startup Cost": 0.0, "Total Cost": 9894.71, "Plan Rows": 361471, "Plan Width": 4}]}]}]}]}, {"Node Type": "Hash", "Parent Relationship": "Inner", "Startup Cost": 1.03, "Total Cost": 1.03, "Plan Rows": 3, "Plan Width": 4, "Plans": [{"Node Type": "Seq Scan", "Parent Relationship": "Outer", "Relation Name": "company_type", "Alias": "ct", "Startup Cost": 0.0, "Total Cost": 1.03, "Plan Rows": 3, "Plan Width": 4}]}]}]}]}, {"Node Type": "Hash", "Parent Relationship": "Inner", "Startup Cost": 2100.69, "Total Cost": 2100.69, "Plan Rows": 134169, "Plan Width": 4, "Plans": [{"Node Type": "Seq Scan", "Parent Relationship": "Outer", "Relation Name": "keyword", "Alias": "k", "Startup Cost": 0.0, "Total Cost": 2100.69, "Plan Rows": 134169, "Plan Width": 4}]}]}]}, "Unique SQL Id": 2846462052}, "explain_analyze_plan": null}, "(1, 11)": {"explain_plan": {"Plan": {"Node Type": "Aggregate", "Strategy": "Plain", "Startup Cost": 8992369740906.1, "Total Cost": 8992369740906.11, "Plan Rows": 1, "Plan Width": 123, "Plans": [{"Node Type": "Nested Loop", "Parent Relationship": "Outer", "Join Type": "Inner", "Startup Cost": 90000000000.0, "Total Cost": 8992369740905.44, "Plan Rows": 132, "Plan Width": 59, "Inner Unique": false, "Join Filter": "(t.id = at.movie_id)", "Plans": [{"Node Type": "Index Only Scan", "Parent Relationship": "Outer", "Scan Direction": "Forward", "Index Name": "movie_id_aka_title", "Relation Name": "aka_title", "Alias": "at", "Startup Cost": 10000000000.0, "Total Cost": 1000000898631.5, "Plan Rows": 361471, "Plan Width": 4}, {"Node Type": "Materialize", "Parent Relationship": "Inner", "Startup Cost": 80000000000.0, "Total Cost": 7992368413931.01, "Plan Rows": 79, "Plan Width": 75, "Plans": [{"Node Type": "Nested Loop", "Parent Relationship": "Outer", "Join Type": "Inner", "Startup Cost": 80000000000.0, "Total Cost": 7992368413930.61, "Plan Rows": 79, "Plan Width": 75, "Inner Unique": true, "Join Filter": "(mk.keyword_id = k.id)", "Plans": [{"Node Type": "Nested Loop", "Parent Relationship": "Outer", "Join Type": "Inner", "Startup Cost": 70000000000.0, "Total Cost": 6992368048526.42, "Plan Rows": 79, "Plan Width": 79, "Inner Unique": true, "Join Filter": "(mi.info_type_id = it1.id)", "Plans": [{"Node Type": "Merge Join", "Parent Relationship": "Outer", "Join Type": "Inner", "Startup Cost": 60000000000.0, "Total Cost": 5992368047028.28, "Plan Rows": 5143, "Plan Width": 83, "Inner Unique": false, "Merge Cond": "(t.id = mk.movie_id)", "Plans": [{"Node Type": "Nested Loop", "Parent Relationship": "Outer", "Join Type": "Inner", "Startup Cost": 50000000000.0, "Total Cost": 5000148244105.78, "Plan Rows": 635, "Plan Width": 75, "Inner Unique": true, "Join Filter": "(mc.company_type_id = ct.id)", "Plans": [{"Node Type": "Nested Loop", "Parent Relationship": "Outer", "Join Type": "Inner", "Startup Cost": 40000000000.0, "Total Cost": 4000148243247.7, "Plan Rows": 635, "Plan Width": 79, "Inner Unique": true, "Join Filter": "(mc.company_id = cn.id)", "Plans": [{"Node Type": "Merge Join", "Parent Relationship": "Outer", "Join Type": "Inner", "Startup Cost": 30000000000.0, "Total Cost": 3000146228345.55, "Plan Rows": 755, "Plan Width": 83, "Inner Unique": false, "Merge Cond": "(t.id = mc.movie_id)", "Plans": [{"Node Type": "Nested Loop", "Parent Relationship": "Outer", "Join Type": "Inner", "Startup Cost": 20000000000.0, "Total Cost": 2000133169868.42, "Plan Rows": 353, "Plan Width": 71, "Inner Unique": false, "Join Filter": "(mi.movie_id = t.id)", "Plans": [{"Node Type": "Index Scan", "Parent Relationship": "Outer", "Scan Direction": "Forward", "Index Name": "title_pkey", "Relation Name": "title", "Alias": "t", "Startup Cost": 10000000000.0, "Total Cost": 1000011644126.66, "Plan Rows": 1748840, "Plan Width": 21, "Filter": "(production_year > 1990), (LLVM Optimized)"}, {"Node Type": "Materialize", "Parent Relationship": "Inner", "Startup Cost": 10000000000.0, "Total Cost": 1000114836429.39, "Plan Rows": 255, "Plan Width": 50, "Plans": [{"Node Type": "Index Scan", "Parent Relationship": "Outer", "Scan Direction": "Forward", "Index Name": "info_type_id_movie_info", "Relation Name": "movie_info", "Alias": "mi", "Startup Cost": 10000000000.0, "Total Cost": 1000114836428.12, "Plan Rows": 255, "Plan Width": 50, "Filter": "((info IS NOT NULL) AND ((note)::text ~~ '%internet%'::text) AND (((info)::text ~~ 'USA:% 199%'::text) OR ((info)::text ~~ 'USA:% 200%'::text)))"}]}]}, {"Node Type": "Index Scan", "Parent Relationship": "Inner", "Scan Direction": "Forward", "Index Name": "movie_id_movie_companies", "Relation Name": "movie_companies", "Alias": "mc", "Startup Cost": 10000000000.0, "Total Cost": 1000013051946.13, "Plan Rows": 2609128, "Plan Width": 12}]}, {"Node Type": "Materialize", "Parent Relationship": "Inner", "Startup Cost": 10000000000.0, "Total Cost": 1000001050564.82, "Plan Rows": 85170, "Plan Width": 4, "Plans": [{"Node Type": "Index Scan", "Parent Relationship": "Outer", "Scan Direction": "Forward", "Index Name": "company_name_pkey", "Relation Name": "company_name", "Alias": "cn", "Startup Cost": 10000000000.0, "Total Cost": 1000001050138.97, "Plan Rows": 85170, "Plan Width": 4, "Filter": "((country_code)::text = '[us]'::text)"}]}]}, {"Node Type": "Materialize", "Parent Relationship": "Inner", "Startup Cost": 10000000000.0, "Total Cost": 1000000000829.52, "Plan Rows": 3, "Plan Width": 4, "Plans": [{"Node Type": "Index Only Scan", "Parent Relationship": "Outer", "Scan Direction": "Forward", "Index Name": "company_type_pkey", "Relation Name": "company_type", "Alias": "ct", "Startup Cost": 10000000000.0, "Total Cost": 1000000000829.5, "Plan Rows": 3, "Plan Width": 4}]}]}, {"Node Type": "Index Scan", "Parent Relationship": "Inner", "Scan Direction": "Forward", "Index Name": "movie_id_movie_keyword", "Relation Name": "movie_keyword", "Alias": "mk", "Startup Cost": 10000000000.0, "Total Cost": 1000015300634.17, "Plan Rows": 4523929, "Plan Width": 8}]}, {"Node Type": "Materialize", "Parent Relationship": "Inner", "Startup Cost": 10000000000.0, "Total Cost": 1000000001421.0, "Plan Rows": 1, "Plan Width": 4, "Plans": [{"Node Type": "Index Scan", "Parent Relationship": "Outer", "Scan Direction": "Forward", "Index Name": "info_type_pkey", "Relation Name": "info_type", "Alias": "it1", "Startup Cost": 10000000000.0, "Total Cost": 1000000001421.0, "Plan Rows": 1, "Plan Width": 4, "Filter": "((info)::text = 'release dates'::text)"}]}]}, {"Node Type": "Materialize", "Parent Relationship": "Inner", "Startup Cost": 10000000000.0, "Total Cost": 1000000206749.34, "Plan Rows": 134169, "Plan Width": 4, "Plans": [{"Node Type": "Index Only Scan", "Parent Relationship": "Outer", "Scan Direction": "Forward", "Index Name": "keyword_pkey", "Relation Name": "keyword", "Alias": "k", "Startup Cost": 10000000000.0, "Total Cost": 1000000206078.5, "Plan Rows": 134169, "Plan Width": 4}]}]}]}]}]}, "Unique SQL Id": 2846462052}, "explain_analyze_plan": null}, "(1, 12)": {"explain_plan": {"Plan": {"Node Type": "Aggregate", "Strategy": "Plain", "Startup Cost": 408609.29, "Total Cost": 408609.3, "Plan Rows": 1, "Plan Width": 123, "Plans": [{"Node Type": "Nested Loop", "Parent Relationship": "Outer", "Join Type": "Inner", "Startup Cost": 0.0, "Total Cost": 408608.62, "Plan Rows": 134, "Plan Width": 59, "Inner Unique": true, "Plans": [{"Node Type": "Nested Loop", "Parent Relationship": "Outer", "Join Type": "Inner", "Startup Cost": 0.0, "Total Cost": 408571.01, "Plan Rows": 134, "Plan Width": 63, "Inner Unique": false, "Join Filter": "(t.id = mk.movie_id)", "Plans": [{"Node Type": "Nested Loop", "Parent Relationship": "Outer", "Join Type": "Inner", "Startup Cost": 0.0, "Total Cost": 408561.45, "Plan Rows": 17, "Plan Width": 75, "Inner Unique": false, "Plans": [{"Node Type": "Nested Loop", "Parent Relationship": "Outer", "Join Type": "Inner", "Startup Cost": 0.0, "Total Cost": 408557.88, "Plan Rows": 10, "Plan Width": 71, "Inner Unique": true, "Plans": [{"Node Type": "Nested Loop", "Parent Relationship": "Outer", "Join Type": "Inner", "Startup Cost": 0.0, "Total Cost": 408554.72, "Plan Rows": 11, "Plan Width": 75, "Inner Unique": true, "Join Filter": "(mc.company_type_id = ct.id)", "Plans": [{"Node Type": "Nested Loop", "Parent Relationship": "Outer", "Join Type": "Inner", "Startup Cost": 0.0, "Total Cost": 408553.14, "Plan Rows": 12, "Plan Width": 79, "Inner Unique": false, "Plans": [{"Node Type": "Nested Loop", "Parent Relationship": "Outer", "Join Type": "Inner", "Startup Cost": 0.0, "Total Cost": 408550.93, "Plan Rows": 6, "Plan Width": 67, "Inner Unique": true, "Plans": [{"Node Type": "Nested Loop", "Parent Relationship": "Outer", "Join Type": "Inner", "Startup Cost": 0.0, "Total Cost": 408517.99, "Plan Rows": 4, "Plan Width": 46, "Inner Unique": false, "Join Filter": "(it1.id = mi.info_type_id)", "Plans": [{"Node Type": "Seq Scan", "Parent Relationship": "Outer", "Relation Name": "info_type", "Alias": "it1", "Startup Cost": 0.0, "Total Cost": 2.4, "Plan Rows": 1, "Plan Width": 4, "Filter": "((info)::text = 'release dates'::text)"}, {"Node Type": "Seq Scan", "Parent Relationship": "Inner", "Relation Name": "movie_info", "Alias": "mi", "Startup Cost": 0.0, "Total Cost": 408512.41, "Plan Rows": 255, "Plan Width": 50, "Filter": "((info IS NOT NULL) AND ((note)::text ~~ '%internet%'::text) AND (((info)::text ~~ 'USA:% 199%'::text) OR ((info)::text ~~ 'USA:% 200%'::text)))"}]}, {"Node Type": "Index Scan", "Parent Relationship": "Inner", "Scan Direction": "Forward", "Index Name": "title_pkey", "Relation Name": "title", "Alias": "t", "Startup Cost": 0.0, "Total Cost": 8.23, "Plan Rows": 1, "Plan Width": 21, "Index Cond": "(id = mi.movie_id)", "Filter": "(production_year > 1990)"}]}, {"Node Type": "Index Scan", "Parent Relationship": "Inner", "Scan Direction": "Forward", "Index Name": "movie_id_movie_companies", "Relation Name": "movie_companies", "Alias": "mc", "Startup Cost": 0.0, "Total Cost": 0.35, "Plan Rows": 2, "Plan Width": 12, "Index Cond": "(movie_id = t.id)"}]}, {"Node Type": "Materialize", "Parent Relationship": "Inner", "Startup Cost": 0.0, "Total Cost": 1.04, "Plan Rows": 3, "Plan Width": 4, "Plans": [{"Node Type": "Seq Scan", "Parent Relationship": "Outer", "Relation Name": "company_type", "Alias": "ct", "Startup Cost": 0.0, "Total Cost": 1.03, "Plan Rows": 3, "Plan Width": 4}]}]}, {"Node Type": "Index Scan", "Parent Relationship": "Inner", "Scan Direction": "Forward", "Index Name": "company_name_pkey", "Relation Name": "company_name", "Alias": "cn", "Startup Cost": 0.0, "Total Cost": 0.28, "Plan Rows": 1, "Plan Width": 4, "Index Cond": "(id = mc.company_id)", "Filter": "((country_code)::text = '[us]'::text)"}]}, {"Node Type": "Index Scan", "Parent Relationship": "Inner", "Scan Direction": "Forward", "Index Name": "movie_id_aka_title", "Relation Name": "aka_title", "Alias": "at", "Startup Cost": 0.0, "Total Cost": 0.33, "Plan Rows": 3, "Plan Width": 4, "Index Cond": "(movie_id = t.id)"}]}, {"Node Type": "Index Scan", "Parent Relationship": "Inner", "Scan Direction": "Forward", "Index Name": "movie_id_movie_keyword", "Relation Name": "movie_keyword", "Alias": "mk", "Startup Cost": 0.0, "Total Cost": 0.46, "Plan Rows": 8, "Plan Width": 8, "Index Cond": "(movie_id = mc.movie_id)"}]}, {"Node Type": "Index Scan", "Parent Relationship": "Inner", "Scan Direction": "Forward", "Index Name": "keyword_pkey", "Relation Name": "keyword", "Alias": "k", "Startup Cost": 0.0, "Total Cost": 0.27, "Plan Rows": 1, "Plan Width": 4, "Index Cond": "(id = mk.keyword_id)"}]}]}, "Unique SQL Id": 2846462052}, "explain_analyze_plan": null}, "(1, 13)": {"explain_plan": {"Plan": {"Node Type": "Aggregate", "Strategy": "Plain", "Startup Cost": 496852.71, "Total Cost": 496852.72, "Plan Rows": 1, "Plan Width": 123, "Plans": [{"Node Type": "Nested Loop", "Parent Relationship": "Outer", "Join Type": "Inner", "Startup Cost": 0.0, "Total Cost": 496852.04, "Plan Rows": 134, "Plan Width": 59, "Inner Unique": true, "Plans": [{"Node Type": "Nested Loop", "Parent Relationship": "Outer", "Join Type": "Inner", "Startup Cost": 0.0, "Total Cost": 496814.43, "Plan Rows": 134, "Plan Width": 63, "Inner Unique": false, "Join Filter": "(t.id = mk.movie_id)", "Plans": [{"Node Type": "Nested Loop", "Parent Relationship": "Outer", "Join Type": "Inner", "Startup Cost": 0.0, "Total Cost": 496804.87, "Plan Rows": 17, "Plan Width": 75, "Inner Unique": false, "Plans": [{"Node Type": "Nested Loop", "Parent Relationship": "Outer", "Join Type": "Inner", "Startup Cost": 0.0, "Total Cost": 496801.31, "Plan Rows": 10, "Plan Width": 71, "Inner Unique": true, "Plans": [{"Node Type": "Nested Loop", "Parent Relationship": "Outer", "Join Type": "Inner", "Startup Cost": 0.0, "Total Cost": 496798.51, "Plan Rows": 10, "Plan Width": 75, "Inner Unique": true, "Plans": [{"Node Type": "Nested Loop", "Parent Relationship": "Outer", "Join Type": "Inner", "Startup Cost": 0.0, "Total Cost": 496795.05, "Plan Rows": 12, "Plan Width": 79, "Inner Unique": false, "Plans": [{"Node Type": "Nested Loop", "Parent Relationship": "Outer", "Join Type": "Inner", "Startup Cost": 0.0, "Total Cost": 496792.85, "Plan Rows": 6, "Plan Width": 67, "Inner Unique": true, "Plans": [{"Node Type": "Nested Loop", "Parent Relationship": "Outer", "Join Type": "Inner", "Startup Cost": 0.0, "Total Cost": 496759.91, "Plan Rows": 4, "Plan Width": 46, "Inner Unique": false, "Plans": [{"Node Type": "Index Scan", "Parent Relationship": "Outer", "Scan Direction": "Forward", "Index Name": "info_type_pkey", "Relation Name": "info_type", "Alias": "it1", "Startup Cost": 0.0, "Total Cost": 14.21, "Plan Rows": 1, "Plan Width": 4, "Filter": "((info)::text = 'release dates'::text)"}, {"Node Type": "Index Scan", "Parent Relationship": "Inner", "Scan Direction": "Forward", "Index Name": "info_type_id_movie_info", "Relation Name": "movie_info", "Alias": "mi", "Startup Cost": 0.0, "Total Cost": 496745.66, "Plan Rows": 4, "Plan Width": 50, "Index Cond": "(info_type_id = it1.id)", "Filter": "((info IS NOT NULL) AND ((note)::text ~~ '%internet%'::text) AND (((info)::text ~~ 'USA:% 199%'::text) OR ((info)::text ~~ 'USA:% 200%'::text)))"}]}, {"Node Type": "Index Scan", "Parent Relationship": "Inner", "Scan Direction": "Forward", "Index Name": "title_pkey", "Relation Name": "title", "Alias": "t", "Startup Cost": 0.0, "Total Cost": 8.23, "Plan Rows": 1, "Plan Width": 21, "Index Cond": "(id = mi.movie_id)", "Filter": "(production_year > 1990)"}]}, {"Node Type": "Index Scan", "Parent Relationship": "Inner", "Scan Direction": "Forward", "Index Name": "movie_id_movie_companies", "Relation Name": "movie_companies", "Alias": "mc", "Startup Cost": 0.0, "Total Cost": 0.35, "Plan Rows": 2, "Plan Width": 12, "Index Cond": "(movie_id = t.id)"}]}, {"Node Type": "Index Scan", "Parent Relationship": "Inner", "Scan Direction": "Forward", "Index Name": "company_name_pkey", "Relation Name": "company_name", "Alias": "cn", "Startup Cost": 0.0, "Total Cost": 0.28, "Plan Rows": 1, "Plan Width": 4, "Index Cond": "(id = mc.company_id)", "Filter": "((country_code)::text = '[us]'::text)"}]}, {"Node Type": "Index Scan", "Parent Relationship": "Inner", "Scan Direction": "Forward", "Index Name": "company_type_pkey", "Relation Name": "company_type", "Alias": "ct", "Startup Cost": 0.0, "Total Cost": 0.27, "Plan Rows": 1, "Plan Width": 4, "Index Cond": "(id = mc.company_type_id)"}]}, {"Node Type": "Index Scan", "Parent Relationship": "Inner", "Scan Direction": "Forward", "Index Name": "movie_id_aka_title", "Relation Name": "aka_title", "Alias": "at", "Startup Cost": 0.0, "Total Cost": 0.33, "Plan Rows": 3, "Plan Width": 4, "Index Cond": "(movie_id = t.id)"}]}, {"Node Type": "Index Scan", "Parent Relationship": "Inner", "Scan Direction": "Forward", "Index Name": "movie_id_movie_keyword", "Relation Name": "movie_keyword", "Alias": "mk", "Startup Cost": 0.0, "Total Cost": 0.46, "Plan Rows": 8, "Plan Width": 8, "Index Cond": "(movie_id = mc.movie_id)"}]}, {"Node Type": "Index Scan", "Parent Relationship": "Inner", "Scan Direction": "Forward", "Index Name": "keyword_pkey", "Relation Name": "keyword", "Alias": "k", "Startup Cost": 0.0, "Total Cost": 0.27, "Plan Rows": 1, "Plan Width": 4, "Index Cond": "(id = mk.keyword_id)"}]}]}, "Unique SQL Id": 2846462052}, "explain_analyze_plan": {"Plan": {"Node Type": "Aggregate", "Strategy": "Plain", "Startup Cost": 496852.71, "Total Cost": 496852.72, "Plan Rows": 1, "Plan Width": 123, "Actual Startup Time": 1886.905, "Actual Total Time": 1886.905, "Actual Rows": 1, "Actual Loops": 1, "Plans": [{"Node Type": "Nested Loop", "Parent Relationship": "Outer", "Join Type": "Inner", "Startup Cost": 0.0, "Total Cost": 496852.04, "Plan Rows": 134, "Plan Width": 59, "Actual Startup Time": 62.373, "Actual Total Time": 1885.982, "Actual Rows": 1140, "Actual Loops": 1, "Inner Unique": true, "Plans": [{"Node Type": "Nested Loop", "Parent Relationship": "Outer", "Join Type": "Inner", "Startup Cost": 0.0, "Total Cost": 496814.43, "Plan Rows": 134, "Plan Width": 63, "Actual Startup Time": 62.361, "Actual Total Time": 1879.855, "Actual Rows": 1140, "Actual Loops": 1, "Inner Unique": false, "Join Filter": "(t.id = mk.movie_id)", "Rows Removed by Join Filter": 0, "Plans": [{"Node Type": "Nested Loop", "Parent Relationship": "Outer", "Join Type": "Inner", "Startup Cost": 0.0, "Total Cost": 496804.87, "Plan Rows": 17, "Plan Width": 75, "Actual Startup Time": 62.339, "Actual Total Time": 1877.899, "Actual Rows": 119, "Actual Loops": 1, "Inner Unique": false, "Plans": [{"Node Type": "Nested Loop", "Parent Relationship": "Outer", "Join Type": "Inner", "Startup Cost": 0.0, "Total Cost": 496801.31, "Plan Rows": 10, "Plan Width": 71, "Actual Startup Time": 0.619, "Actual Total Time": 1871.441, "Actual Rows": 1488, "Actual Loops": 1, "Inner Unique": true, "Plans": [{"Node Type": "Nested Loop", "Parent Relationship": "Outer", "Join Type": "Inner", "Startup Cost": 0.0, "Total Cost": 496798.51, "Plan Rows": 10, "Plan Width": 75, "Actual Startup Time": 0.604, "Actual Total Time": 1865.843, "Actual Rows": 2647, "Actual Loops": 1, "Inner Unique": true, "Plans": [{"Node Type": "Nested Loop", "Parent Relationship": "Outer", "Join Type": "Inner", "Startup Cost": 0.0, "Total Cost": 496795.05, "Plan Rows": 12, "Plan Width": 79, "Actual Startup Time": 0.593, "Actual Total Time": 1847.32, "Actual Rows": 2884, "Actual Loops": 1, "Inner Unique": false, "Plans": [{"Node Type": "Nested Loop", "Parent Relationship": "Outer", "Join Type": "Inner", "Startup Cost": 0.0, "Total Cost": 496792.85, "Plan Rows": 6, "Plan Width": 67, "Actual Startup Time": 0.585, "Actual Total Time": 1831.695, "Actual Rows": 1782, "Actual Loops": 1, "Inner Unique": true, "Plans": [{"Node Type": "Nested Loop", "Parent Relationship": "Outer", "Join Type": "Inner", "Startup Cost": 0.0, "Total Cost": 496759.91, "Plan Rows": 4, "Plan Width": 46, "Actual Startup Time": 0.572, "Actual Total Time": 1816.391, "Actual Rows": 1783, "Actual Loops": 1, "Inner Unique": false, "Plans": [{"Node Type": "Index Scan", "Parent Relationship": "Outer", "Scan Direction": "Forward", "Index Name": "info_type_pkey", "Relation Name": "info_type", "Alias": "it1", "Startup Cost": 0.0, "Total Cost": 14.21, "Plan Rows": 1, "Plan Width": 4, "Actual Startup Time": 0.041, "Actual Total Time": 0.096, "Actual Rows": 1, "Actual Loops": 1, "Filter": "((info)::text = 'release dates'::text)", "Rows Removed by Filter": 111}, {"Node Type": "Index Scan", "Parent Relationship": "Inner", "Scan Direction": "Forward", "Index Name": "info_type_id_movie_info", "Relation Name": "movie_info", "Alias": "mi", "Startup Cost": 0.0, "Total Cost": 496745.66, "Plan Rows": 4, "Plan Width": 50, "Actual Startup Time": 0.525, "Actual Total Time": 1815.637, "Actual Rows": 1783, "Actual Loops": 1, "Index Cond": "(info_type_id = it1.id)", "Rows Removed by Index Recheck": 0, "Filter": "((info IS NOT NULL) AND ((note)::text ~~ '%internet%'::text) AND (((info)::text ~~ 'USA:% 199%'::text) OR ((info)::text ~~ 'USA:% 200%'::text)))", "Rows Removed by Filter": 3034936}]}, {"Node Type": "Index Scan", "Parent Relationship": "Inner", "Scan Direction": "Forward", "Index Name": "title_pkey", "Relation Name": "title", "Alias": "t", "Startup Cost": 0.0, "Total Cost": 8.23, "Plan Rows": 1, "Plan Width": 21, "Actual Startup Time": 12.609, "Actual Total Time": 12.609, "Actual Rows": 1782, "Actual Loops": 1783, "Index Cond": "(id = mi.movie_id)", "Rows Removed by Index Recheck": 0, "Filter": "(production_year > 1990)", "Rows Removed by Filter": 1}]}, {"Node Type": "Index Scan", "Parent Relationship": "Inner", "Scan Direction": "Forward", "Index Name": "movie_id_movie_companies", "Relation Name": "movie_companies", "Alias": "mc", "Startup Cost": 0.0, "Total Cost": 0.35, "Plan Rows": 2, "Plan Width": 12, "Actual Startup Time": 10.721, "Actual Total Time": 13.554, "Actual Rows": 2884, "Actual Loops": 1782, "Index Cond": "(movie_id = t.id)", "Rows Removed by Index Recheck": 0}]}, {"Node Type": "Index Scan", "Parent Relationship": "Inner", "Scan Direction": "Forward", "Index Name": "company_name_pkey", "Relation Name": "company_name", "Alias": "cn", "Startup Cost": 0.0, "Total Cost": 0.28, "Plan Rows": 1, "Plan Width": 4, "Actual Startup Time": 15.64, "Actual Total Time": 15.64, "Actual Rows": 2647, "Actual Loops": 2884, "Index Cond": "(id = mc.company_id)", "Rows Removed by Index Recheck": 0, "Filter": "((country_code)::text = '[us]'::text)", "Rows Removed by Filter": 237}]}, {"Node Type": "Index Scan", "Parent Relationship": "Inner", "Scan Direction": "Forward", "Index Name": "company_type_pkey", "Relation Name": "company_type", "Alias": "ct", "Startup Cost": 0.0, "Total Cost": 0.27, "Plan Rows": 1, "Plan Width": 4, "Actual Startup Time": 3.387, "Actual Total Time": 3.387, "Actual Rows": 1488, "Actual Loops": 2647, "Index Cond": "(id = mc.company_type_id)", "Rows Removed by Index Recheck": 0}]}, {"Node Type": "Index Scan", "Parent Relationship": "Inner", "Scan Direction": "Forward", "Index Name": "movie_id_aka_title", "Relation Name": "aka_title", "Alias": "at", "Startup Cost": 0.0, "Total Cost": 0.33, "Plan Rows": 3, "Plan Width": 4, "Actual Startup Time": 5.291, "Actual Total Time": 5.394, "Actual Rows": 119, "Actual Loops": 1488, "Index Cond": "(movie_id = t.id)", "Rows Removed by Index Recheck": 0}]}, {"Node Type": "Index Scan", "Parent Relationship": "Inner", "Scan Direction": "Forward", "Index Name": "movie_id_movie_keyword", "Relation Name": "movie_keyword", "Alias": "mk", "Startup Cost": 0.0, "Total Cost": 0.46, "Plan Rows": 8, "Plan Width": 8, "Actual Startup Time": 0.824, "Actual Total Time": 1.338, "Actual Rows": 1140, "Actual Loops": 119, "Index Cond": "(movie_id = mc.movie_id)", "Rows Removed by Index Recheck": 0}]}, {"Node Type": "Index Scan", "Parent Relationship": "Inner", "Scan Direction": "Forward", "Index Name": "keyword_pkey", "Relation Name": "keyword", "Alias": "k", "Startup Cost": 0.0, "Total Cost": 0.27, "Plan Rows": 1, "Plan Width": 4, "Actual Startup Time": 5.175, "Actual Total Time": 5.175, "Actual Rows": 1140, "Actual Loops": 1140, "Index Cond": "(id = mk.keyword_id)", "Rows Removed by Index Recheck": 0}]}]}, "Triggers": [], "Planner Runtime": 142.681, "Total Runtime": 1887.371, "Unique SQL Id": 2846462052}}, "(1, 14)": {"explain_plan": {"Plan": {"Node Type": "Aggregate", "Strategy": "Plain", "Startup Cost": 637516.21, "Total Cost": 637516.22, "Plan Rows": 1, "Plan Width": 123, "Plans": [{"Node Type": "Hash Join", "Parent Relationship": "Outer", "Join Type": "Inner", "Startup Cost": 558107.1, "Total Cost": 637515.54, "Plan Rows": 134, "Plan Width": 59, "Inner Unique": true, "Hash Cond": "(mk.keyword_id = k.id)", "Plans": [{"Node Type": "Hash Join", "Parent Relationship": "Outer", "Join Type": "Inner", "Startup Cost": 554329.29, "Total Cost": 633735.93, "Plan Rows": 134, "Plan Width": 63, "Inner Unique": false, "Hash Cond": "(mk.movie_id = t.id)", "Plans": [{"Node Type": "Seq Scan", "Parent Relationship": "Outer", "Relation Name": "movie_keyword", "Alias": "mk", "Startup Cost": 0.0, "Total Cost": 62441.29, "Plan Rows": 4523929, "Plan Width": 8}, {"Node Type": "Hash", "Parent Relationship": "Inner", "Startup Cost": 554329.08, "Total Cost": 554329.08, "Plan Rows": 17, "Plan Width": 75, "Plans": [{"Node Type": "Hash Join", "Parent Relationship": "Outer", "Join Type": "Inner", "Startup Cost": 481380.64, "Total Cost": 554329.08, "Plan Rows": 17, "Plan Width": 75, "Inner Unique": true, "Hash Cond": "(mc.company_type_id = ct.id)", "Plans": [{"Node Type": "Hash Join", "Parent Relationship": "Outer", "Join Type": "Inner", "Startup Cost": 481379.57, "Total Cost": 554327.78, "Plan Rows": 17, "Plan Width": 79, "Inner Unique": false, "Hash Cond": "(t.id = at.movie_id)", "Plans": [{"Node Type": "Seq Scan", "Parent Relationship": "Outer", "Relation Name": "title", "Alias": "t", "Startup Cost": 0.0, "Total Cost": 66389.89, "Plan Rows": 1748840, "Plan Width": 21, "Filter": "(production_year > 1990), (LLVM Optimized)"}, {"Node Type": "Hash", "Parent Relationship": "Inner", "Startup Cost": 481379.42, "Total Cost": 481379.42, "Plan Rows": 12, "Plan Width": 58, "Plans": [{"Node Type": "Hash Join", "Parent Relationship": "Outer", "Join Type": "Inner", "Startup Cost": 429899.22, "Total Cost": 481379.42, "Plan Rows": 12, "Plan Width": 58, "Inner Unique": false, "Hash Cond": "(mi.movie_id = at.movie_id)", "Plans": [{"Node Type": "Hash Join", "Parent Relationship": "Outer", "Join Type": "Inner", "Startup Cost": 415486.12, "Total Cost": 466965.6, "Plan Rows": 7, "Plan Width": 54, "Inner Unique": true, "Hash Cond": "(mc.company_id = cn.id)", "Plans": [{"Node Type": "Hash Join", "Parent Relationship": "Outer", "Join Type": "Inner", "Startup Cost": 408518.04, "Total Cost": 459997.38, "Plan Rows": 9, "Plan Width": 58, "Inner Unique": false, "Hash Cond": "(mc.movie_id = mi.movie_id)", "Plans": [{"Node Type": "Seq Scan", "Parent Relationship": "Outer", "Relation Name": "movie_companies", "Alias": "mc", "Startup Cost": 0.0, "Total Cost": 41817.28, "Plan Rows": 2609128, "Plan Width": 12}, {"Node Type": "Hash", "Parent Relationship": "Inner", "Startup Cost": 408517.99, "Total Cost": 408517.99, "Plan Rows": 4, "Plan Width": 46, "Plans": [{"Node Type": "Nested Loop", "Parent Relationship": "Outer", "Join Type": "Inner", "Startup Cost": 0.0, "Total Cost": 408517.99, "Plan Rows": 4, "Plan Width": 46, "Inner Unique": false, "Join Filter": "(it1.id = mi.info_type_id)", "Plans": [{"Node Type": "Seq Scan", "Parent Relationship": "Outer", "Relation Name": "info_type", "Alias": "it1", "Startup Cost": 0.0, "Total Cost": 2.4, "Plan Rows": 1, "Plan Width": 4, "Filter": "((info)::text = 'release dates'::text)"}, {"Node Type": "Seq Scan", "Parent Relationship": "Inner", "Relation Name": "movie_info", "Alias": "mi", "Startup Cost": 0.0, "Total Cost": 408512.41, "Plan Rows": 255, "Plan Width": 50, "Filter": "((info IS NOT NULL) AND ((note)::text ~~ '%internet%'::text) AND (((info)::text ~~ 'USA:% 199%'::text) OR ((info)::text ~~ 'USA:% 200%'::text)))"}]}]}]}, {"Node Type": "Hash", "Parent Relationship": "Inner", "Startup Cost": 5903.45, "Total Cost": 5903.45, "Plan Rows": 85170, "Plan Width": 4, "Plans": [{"Node Type": "Seq Scan", "Parent Relationship": "Outer", "Relation Name": "company_name", "Alias": "cn", "Startup Cost": 0.0, "Total Cost": 5903.45, "Plan Rows": 85170, "Plan Width": 4, "Filter": "((country_code)::text = '[us]'::text)"}]}]}, {"Node Type": "Hash", "Parent Relationship": "Inner", "Startup Cost": 9894.71, "Total Cost": 9894.71, "Plan Rows": 361471, "Plan Width": 4, "Plans": [{"Node Type": "Seq Scan", "Parent Relationship": "Outer", "Relation Name": "aka_title", "Alias": "at", "Startup Cost": 0.0, "Total Cost": 9894.71, "Plan Rows": 361471, "Plan Width": 4}]}]}]}]}, {"Node Type": "Hash", "Parent Relationship": "Inner", "Startup Cost": 1.03, "Total Cost": 1.03, "Plan Rows": 3, "Plan Width": 4, "Plans": [{"Node Type": "Seq Scan", "Parent Relationship": "Outer", "Relation Name": "company_type", "Alias": "ct", "Startup Cost": 0.0, "Total Cost": 1.03, "Plan Rows": 3, "Plan Width": 4}]}]}]}]}, {"Node Type": "Hash", "Parent Relationship": "Inner", "Startup Cost": 2100.69, "Total Cost": 2100.69, "Plan Rows": 134169, "Plan Width": 4, "Plans": [{"Node Type": "Seq Scan", "Parent Relationship": "Outer", "Relation Name": "keyword", "Alias": "k", "Startup Cost": 0.0, "Total Cost": 2100.69, "Plan Rows": 134169, "Plan Width": 4}]}]}]}, "Unique SQL Id": 2846462052}, "explain_analyze_plan": null}, "(1, 15)": {"explain_plan": {"Plan": {"Node Type": "Aggregate", "Strategy": "Plain", "Startup Cost": 8992370911326.04, "Total Cost": 8992370911326.05, "Plan Rows": 1, "Plan Width": 123, "Plans": [{"Node Type": "Nested Loop", "Parent Relationship": "Outer", "Join Type": "Inner", "Startup Cost": 90000000000.0, "Total Cost": 8992370911325.38, "Plan Rows": 132, "Plan Width": 59, "Inner Unique": false, "Join Filter": "(t.id = at.movie_id)", "Plans": [{"Node Type": "Index Scan", "Parent Relationship": "Outer", "Scan Direction": "Forward", "Index Name": "movie_id_aka_title", "Relation Name": "aka_title", "Alias": "at", "Startup Cost": 10000000000.0, "Total Cost": 1000001990001.13, "Plan Rows": 361471, "Plan Width": 4}, {"Node Type": "Materialize", "Parent Relationship": "Inner", "Startup Cost": 80000000000.0, "Total Cost": 7992368492981.31, "Plan Rows": 79, "Plan Width": 75, "Plans": [{"Node Type": "Nested Loop", "Parent Relationship": "Outer", "Join Type": "Inner", "Startup Cost": 80000000000.0, "Total Cost": 7992368492980.92, "Plan Rows": 79, "Plan Width": 75, "Inner Unique": true, "Join Filter": "(mk.keyword_id = k.id)", "Plans": [{"Node Type": "Nested Loop", "Parent Relationship": "Outer", "Join Type": "Inner", "Startup Cost": 70000000000.0, "Total Cost": 6992368048925.79, "Plan Rows": 79, "Plan Width": 79, "Inner Unique": true, "Join Filter": "(mi.info_type_id = it1.id)", "Plans": [{"Node Type": "Merge Join", "Parent Relationship": "Outer", "Join Type": "Inner", "Startup Cost": 60000000000.0, "Total Cost": 5992368047427.65, "Plan Rows": 5143, "Plan Width": 83, "Inner Unique": false, "Merge Cond": "(t.id = mk.movie_id)", "Plans": [{"Node Type": "Nested Loop", "Parent Relationship": "Outer", "Join Type": "Inner", "Startup Cost": 50000000000.0, "Total Cost": 5000148244505.78, "Plan Rows": 635, "Plan Width": 75, "Inner Unique": true, "Join Filter": "(mc.company_type_id = ct.id)", "Plans": [{"Node Type": "Nested Loop", "Parent Relationship": "Outer", "Join Type": "Inner", "Startup Cost": 40000000000.0, "Total Cost": 4000148243247.7, "Plan Rows": 635, "Plan Width": 79, "Inner Unique": true, "Join Filter": "(mc.company_id = cn.id)", "Plans": [{"Node Type": "Merge Join", "Parent Relationship": "Outer", "Join Type": "Inner", "Startup Cost": 30000000000.0, "Total Cost": 3000146228345.55, "Plan Rows": 755, "Plan Width": 83, "Inner Unique": false, "Merge Cond": "(t.id = mc.movie_id)", "Plans": [{"Node Type": "Nested Loop", "Parent Relationship": "Outer", "Join Type": "Inner", "Startup Cost": 20000000000.0, "Total Cost": 2000133169868.42, "Plan Rows": 353, "Plan Width": 71, "Inner Unique": false, "Join Filter": "(mi.movie_id = t.id)", "Plans": [{"Node Type": "Index Scan", "Parent Relationship": "Outer", "Scan Direction": "Forward", "Index Name": "title_pkey", "Relation Name": "title", "Alias": "t", "Startup Cost": 10000000000.0, "Total Cost": 1000011644126.66, "Plan Rows": 1748840, "Plan Width": 21, "Filter": "(production_year > 1990), (LLVM Optimized)"}, {"Node Type": "Materialize", "Parent Relationship": "Inner", "Startup Cost": 10000000000.0, "Total Cost": 1000114836429.39, "Plan Rows": 255, "Plan Width": 50, "Plans": [{"Node Type": "Index Scan", "Parent Relationship": "Outer", "Scan Direction": "Forward", "Index Name": "info_type_id_movie_info", "Relation Name": "movie_info", "Alias": "mi", "Startup Cost": 10000000000.0, "Total Cost": 1000114836428.12, "Plan Rows": 255, "Plan Width": 50, "Filter": "((info IS NOT NULL) AND ((note)::text ~~ '%internet%'::text) AND (((info)::text ~~ 'USA:% 199%'::text) OR ((info)::text ~~ 'USA:% 200%'::text)))"}]}]}, {"Node Type": "Index Scan", "Parent Relationship": "Inner", "Scan Direction": "Forward", "Index Name": "movie_id_movie_companies", "Relation Name": "movie_companies", "Alias": "mc", "Startup Cost": 10000000000.0, "Total Cost": 1000013051946.13, "Plan Rows": 2609128, "Plan Width": 12}]}, {"Node Type": "Materialize", "Parent Relationship": "Inner", "Startup Cost": 10000000000.0, "Total Cost": 1000001050564.82, "Plan Rows": 85170, "Plan Width": 4, "Plans": [{"Node Type": "Index Scan", "Parent Relationship": "Outer", "Scan Direction": "Forward", "Index Name": "company_name_pkey", "Relation Name": "company_name", "Alias": "cn", "Startup Cost": 10000000000.0, "Total Cost": 1000001050138.97, "Plan Rows": 85170, "Plan Width": 4, "Filter": "((country_code)::text = '[us]'::text)"}]}]}, {"Node Type": "Materialize", "Parent Relationship": "Inner", "Startup Cost": 10000000000.0, "Total Cost": 1000000001229.52, "Plan Rows": 3, "Plan Width": 4, "Plans": [{"Node Type": "Index Scan", "Parent Relationship": "Outer", "Scan Direction": "Forward", "Index Name": "company_type_pkey", "Relation Name": "company_type", "Alias": "ct", "Startup Cost": 10000000000.0, "Total Cost": 1000000001229.5, "Plan Rows": 3, "Plan Width": 4}]}]}, {"Node Type": "Index Scan", "Parent Relationship": "Inner", "Scan Direction": "Forward", "Index Name": "movie_id_movie_keyword", "Relation Name": "movie_keyword", "Alias": "mk", "Startup Cost": 10000000000.0, "Total Cost": 1000015300634.17, "Plan Rows": 4523929, "Plan Width": 8}]}, {"Node Type": "Materialize", "Parent Relationship": "Inner", "Startup Cost": 10000000000.0, "Total Cost": 1000000001421.0, "Plan Rows": 1, "Plan Width": 4, "Plans": [{"Node Type": "Index Scan", "Parent Relationship": "Outer", "Scan Direction": "Forward", "Index Name": "info_type_pkey", "Relation Name": "info_type", "Alias": "it1", "Startup Cost": 10000000000.0, "Total Cost": 1000000001421.0, "Plan Rows": 1, "Plan Width": 4, "Filter": "((info)::text = 'release dates'::text)"}]}]}, {"Node Type": "Materialize", "Parent Relationship": "Inner", "Startup Cost": 10000000000.0, "Total Cost": 1000000285400.28, "Plan Rows": 134169, "Plan Width": 4, "Plans": [{"Node Type": "Index Scan", "Parent Relationship": "Outer", "Scan Direction": "Forward", "Index Name": "keyword_pkey", "Relation Name": "keyword", "Alias": "k", "Startup Cost": 10000000000.0, "Total Cost": 1000000284729.43, "Plan Rows": 134169, "Plan Width": 4}]}]}]}]}]}, "Unique SQL Id": 2846462052}, "explain_analyze_plan": null}, "(1, 16)": {"explain_plan": {"Plan": {"Node Type": "Aggregate", "Strategy": "Plain", "Startup Cost": 165015.6, "Total Cost": 165015.61, "Plan Rows": 1, "Plan Width": 123, "Plans": [{"Node Type": "Nested Loop", "Parent Relationship": "Outer", "Join Type": "Inner", "Startup Cost": 4841.46, "Total Cost": 165014.93, "Plan Rows": 134, "Plan Width": 59, "Inner Unique": false, "Plans": [{"Node Type": "Nested Loop", "Parent Relationship": "Outer", "Join Type": "Inner", "Startup Cost": 4841.46, "Total Cost": 164999.88, "Plan Rows": 44, "Plan Width": 75, "Inner Unique": true, "Plans": [{"Node Type": "Nested Loop", "Parent Relationship": "Outer", "Join Type": "Inner", "Startup Cost": 4841.46, "Total Cost": 164987.56, "Plan Rows": 44, "Plan Width": 79, "Inner Unique": false, "Join Filter": "(t.id = mk.movie_id)", "Plans": [{"Node Type": "Nested Loop", "Parent Relationship": "Outer", "Join Type": "Inner", "Startup Cost": 4841.46, "Total Cost": 164984.18, "Plan Rows": 6, "Plan Width": 71, "Inner Unique": true, "Plans": [{"Node Type": "Nested Loop", "Parent Relationship": "Outer", "Join Type": "Inner", "Startup Cost": 4841.46, "Total Cost": 164981.02, "Plan Rows": 11, "Plan Width": 75, "Inner Unique": true, "Join Filter": "(mc.company_type_id = ct.id)", "Plans": [{"Node Type": "Nested Loop", "Parent Relationship": "Outer", "Join Type": "Inner", "Startup Cost": 4841.46, "Total Cost": 164979.44, "Plan Rows": 12, "Plan Width": 79, "Inner Unique": false, "Plans": [{"Node Type": "Nested Loop", "Parent Relationship": "Outer", "Join Type": "Inner", "Startup Cost": 4841.46, "Total Cost": 164977.23, "Plan Rows": 6, "Plan Width": 67, "Inner Unique": true, "Plans": [{"Node Type": "Nested Loop", "Parent Relationship": "Outer", "Join Type": "Inner", "Startup Cost": 4841.46, "Total Cost": 164944.29, "Plan Rows": 4, "Plan Width": 46, "Inner Unique": false, "Plans": [{"Node Type": "Seq Scan", "Parent Relationship": "Outer", "Relation Name": "info_type", "Alias": "it1", "Startup Cost": 0.0, "Total Cost": 2.4, "Plan Rows": 1, "Plan Width": 4, "Filter": "((info)::text = 'release dates'::text)"}, {"Node Type": "Bitmap Heap Scan", "Parent Relationship": "Inner", "Relation Name": "movie_info", "Alias": "mi", "Startup Cost": 4841.46, "Total Cost": 164941.85, "Plan Rows": 4, "Plan Width": 50, "Recheck Cond": "(info_type_id = it1.id)", "Filter": "((info IS NOT NULL) AND ((note)::text ~~ '%internet%'::text) AND (((info)::text ~~ 'USA:% 199%'::text) OR ((info)::text ~~ 'USA:% 200%'::text)))", "Plans": [{"Node Type": "Bitmap Index Scan", "Parent Relationship": "Outer", "Index Name": "info_type_id_movie_info", "Startup Cost": 0.0, "Total Cost": 4841.46, "Plan Rows": 212428, "Plan Width": 0, "Index Cond": "(info_type_id = it1.id)"}]}]}, {"Node Type": "Index Scan", "Parent Relationship": "Inner", "Scan Direction": "Forward", "Index Name": "title_pkey", "Relation Name": "title", "Alias": "t", "Startup Cost": 0.0, "Total Cost": 8.23, "Plan Rows": 1, "Plan Width": 21, "Index Cond": "(id = mi.movie_id)", "Filter": "(production_year > 1990)"}]}, {"Node Type": "Index Scan", "Parent Relationship": "Inner", "Scan Direction": "Forward", "Index Name": "movie_id_movie_companies", "Relation Name": "movie_companies", "Alias": "mc", "Startup Cost": 0.0, "Total Cost": 0.35, "Plan Rows": 2, "Plan Width": 12, "Index Cond": "(movie_id = t.id)"}]}, {"Node Type": "Materialize", "Parent Relationship": "Inner", "Startup Cost": 0.0, "Total Cost": 1.04, "Plan Rows": 3, "Plan Width": 4, "Plans": [{"Node Type": "Seq Scan", "Parent Relationship": "Outer", "Relation Name": "company_type", "Alias": "ct", "Startup Cost": 0.0, "Total Cost": 1.03, "Plan Rows": 3, "Plan Width": 4}]}]}, {"Node Type": "Index Scan", "Parent Relationship": "Inner", "Scan Direction": "Forward", "Index Name": "company_name_pkey", "Relation Name": "company_name", "Alias": "cn", "Startup Cost": 0.0, "Total Cost": 0.28, "Plan Rows": 1, "Plan Width": 4, "Index Cond": "(id = mc.company_id)", "Filter": "((country_code)::text = '[us]'::text)"}]}, {"Node Type": "Index Scan", "Parent Relationship": "Inner", "Scan Direction": "Forward", "Index Name": "movie_id_movie_keyword", "Relation Name": "movie_keyword", "Alias": "mk", "Startup Cost": 0.0, "Total Cost": 0.46, "Plan Rows": 8, "Plan Width": 8, "Index Cond": "(movie_id = mc.movie_id)"}]}, {"Node Type": "Index Only Scan", "Parent Relationship": "Inner", "Scan Direction": "Forward", "Index Name": "keyword_pkey", "Relation Name": "keyword", "Alias": "k", "Startup Cost": 0.0, "Total Cost": 0.27, "Plan Rows": 1, "Plan Width": 4, "Index Cond": "(id = mk.keyword_id)"}]}, {"Node Type": "Index Only Scan", "Parent Relationship": "Inner", "Scan Direction": "Forward", "Index Name": "movie_id_aka_title", "Relation Name": "aka_title", "Alias": "at", "Startup Cost": 0.0, "Total Cost": 0.31, "Plan Rows": 3, "Plan Width": 4, "Index Cond": "(movie_id = t.id)"}]}]}, "Unique SQL Id": 2846462052}, "explain_analyze_plan": {"Plan": {"Node Type": "Aggregate", "Strategy": "Plain", "Startup Cost": 165015.6, "Total Cost": 165015.61, "Plan Rows": 1, "Plan Width": 123, "Actual Startup Time": 1701.361, "Actual Total Time": 1701.361, "Actual Rows": 1, "Actual Loops": 1, "Plans": [{"Node Type": "Nested Loop", "Parent Relationship": "Outer", "Join Type": "Inner", "Startup Cost": 4841.46, "Total Cost": 165014.93, "Plan Rows": 134, "Plan Width": 59, "Actual Startup Time": 423.25, "Actual Total Time": 1700.412, "Actual Rows": 1140, "Actual Loops": 1, "Inner Unique": false, "Plans": [{"Node Type": "Nested Loop", "Parent Relationship": "Outer", "Join Type": "Inner", "Startup Cost": 4841.46, "Total Cost": 164999.88, "Plan Rows": 44, "Plan Width": 75, "Actual Startup Time": 379.729, "Actual Total Time": 1687.295, "Actual Rows": 4808, "Actual Loops": 1, "Inner Unique": true, "Plans": [{"Node Type": "Nested Loop", "Parent Relationship": "Outer", "Join Type": "Inner", "Startup Cost": 4841.46, "Total Cost": 164987.56, "Plan Rows": 44, "Plan Width": 79, "Actual Startup Time": 379.715, "Actual Total Time": 1670.025, "Actual Rows": 4808, "Actual Loops": 1, "Inner Unique": false, "Join Filter": "(t.id = mk.movie_id)", "Rows Removed by Join Filter": 0, "Plans": [{"Node Type": "Nested Loop", "Parent Relationship": "Outer", "Join Type": "Inner", "Startup Cost": 4841.46, "Total Cost": 164984.18, "Plan Rows": 6, "Plan Width": 71, "Actual Startup Time": 379.697, "Actual Total Time": 1648.173, "Actual Rows": 1488, "Actual Loops": 1, "Inner Unique": true, "Plans": [{"Node Type": "Nested Loop", "Parent Relationship": "Outer", "Join Type": "Inner", "Startup Cost": 4841.46, "Total Cost": 164981.02, "Plan Rows": 11, "Plan Width": 75, "Actual Startup Time": 379.677, "Actual Total Time": 1637.435, "Actual Rows": 1599, "Actual Loops": 1, "Inner Unique": true, "Join Filter": "(mc.company_type_id = ct.id)", "Rows Removed by Join Filter": 3855, "Plans": [{"Node Type": "Nested Loop", "Parent Relationship": "Outer", "Join Type": "Inner", "Startup Cost": 4841.46, "Total Cost": 164979.44, "Plan Rows": 12, "Plan Width": 79, "Actual Startup Time": 379.64, "Actual Total Time": 1634.16, "Actual Rows": 2884, "Actual Loops": 1, "Inner Unique": false, "Plans": [{"Node Type": "Nested Loop", "Parent Relationship": "Outer", "Join Type": "Inner", "Startup Cost": 4841.46, "Total Cost": 164977.23, "Plan Rows": 6, "Plan Width": 67, "Actual Startup Time": 379.626, "Actual Total Time": 1620.929, "Actual Rows": 1782, "Actual Loops": 1, "Inner Unique": true, "Plans": [{"Node Type": "Nested Loop", "Parent Relationship": "Outer", "Join Type": "Inner", "Startup Cost": 4841.46, "Total Cost": 164944.29, "Plan Rows": 4, "Plan Width": 46, "Actual Startup Time": 379.577, "Actual Total Time": 1607.133, "Actual Rows": 1783, "Actual Loops": 1, "Inner Unique": false, "Plans": [{"Node Type": "Seq Scan", "Parent Relationship": "Outer", "Relation Name": "info_type", "Alias": "it1", "Startup Cost": 0.0, "Total Cost": 2.4, "Plan Rows": 1, "Plan Width": 4, "Actual Startup Time": 0.057, "Actual Total Time": 0.088, "Actual Rows": 1, "Actual Loops": 1, "Filter": "((info)::text = 'release dates'::text)", "Rows Removed by Filter": 111}, {"Node Type": "Bitmap Heap Scan", "Parent Relationship": "Inner", "Relation Name": "movie_info", "Alias": "mi", "Startup Cost": 4841.46, "Total Cost": 164941.85, "Plan Rows": 4, "Plan Width": 50, "Actual Startup Time": 379.51, "Actual Total Time": 1606.444, "Actual Rows": 1783, "Actual Loops": 1, "Recheck Cond": "(info_type_id = it1.id)", "Rows Removed by Index Recheck": 0, "Filter": "((info IS NOT NULL) AND ((note)::text ~~ '%internet%'::text) AND (((info)::text ~~ 'USA:% 199%'::text) OR ((info)::text ~~ 'USA:% 200%'::text)))", "Rows Removed by Filter": 3034936, "Exact Heap Blocks": 21947, "Lossy Heap Blocks": 21947, "Plans": [{"Node Type": "Bitmap Index Scan", "Parent Relationship": "Outer", "Index Name": "info_type_id_movie_info", "Startup Cost": 0.0, "Total Cost": 4841.46, "Plan Rows": 212428, "Plan Width": 0, "Actual Startup Time": 374.233, "Actual Total Time": 374.233, "Actual Rows": 3036719, "Actual Loops": 1, "Index Cond": "(info_type_id = it1.id)"}]}]}, {"Node Type": "Index Scan", "Parent Relationship": "Inner", "Scan Direction": "Forward", "Index Name": "title_pkey", "Relation Name": "title", "Alias": "t", "Startup Cost": 0.0, "Total Cost": 8.23, "Plan Rows": 1, "Plan Width": 21, "Actual Startup Time": 11.254, "Actual Total Time": 11.254, "Actual Rows": 1782, "Actual Loops": 1783, "Index Cond": "(id = mi.movie_id)", "Rows Removed by Index Recheck": 0, "Filter": "(production_year > 1990)", "Rows Removed by Filter": 1}]}, {"Node Type": "Index Scan", "Parent Relationship": "Inner", "Scan Direction": "Forward", "Index Name": "movie_id_movie_companies", "Relation Name": "movie_companies", "Alias": "mc", "Startup Cost": 0.0, "Total Cost": 0.35, "Plan Rows": 2, "Plan Width": 12, "Actual Startup Time": 8.769, "Actual Total Time": 11.303, "Actual Rows": 2884, "Actual Loops": 1782, "Index Cond": "(movie_id = t.id)", "Rows Removed by Index Recheck": 0}]}, {"Node Type": "Materialize", "Parent Relationship": "Inner", "Startup Cost": 0.0, "Total Cost": 1.04, "Plan Rows": 3, "Plan Width": 4, "Actual Startup Time": 0.568, "Actual Total Time": 0.943, "Actual Rows": 5454, "Actual Loops": 2884, "Plans": [{"Node Type": "Seq Scan", "Parent Relationship": "Outer", "Relation Name": "company_type", "Alias": "ct", "Startup Cost": 0.0, "Total Cost": 1.03, "Plan Rows": 3, "Plan Width": 4, "Actual Startup Time": 0.011, "Actual Total Time": 0.013, "Actual Rows": 3, "Actual Loops": 1}]}]}, {"Node Type": "Index Scan", "Parent Relationship": "Inner", "Scan Direction": "Forward", "Index Name": "company_name_pkey", "Relation Name": "company_name", "Alias": "cn", "Startup Cost": 0.0, "Total Cost": 0.28, "Plan Rows": 1, "Plan Width": 4, "Actual Startup Time": 8.852, "Actual Total Time": 8.852, "Actual Rows": 1488, "Actual Loops": 1599, "Index Cond": "(id = mc.company_id)", "Rows Removed by Index Recheck": 0, "Filter": "((country_code)::text = '[us]'::text)", "Rows Removed by Filter": 111}]}, {"Node Type": "Index Scan", "Parent Relationship": "Inner", "Scan Direction": "Forward", "Index Name": "movie_id_movie_keyword", "Relation Name": "movie_keyword", "Alias": "mk", "Startup Cost": 0.0, "Total Cost": 0.46, "Plan Rows": 8, "Plan Width": 8, "Actual Startup Time": 16.193, "Actual Total Time": 18.696, "Actual Rows": 4808, "Actual Loops": 1488, "Index Cond": "(movie_id = mc.movie_id)", "Rows Removed by Index Recheck": 0}]}, {"Node Type": "Index Only Scan", "Parent Relationship": "Inner", "Scan Direction": "Forward", "Index Name": "keyword_pkey", "Relation Name": "keyword", "Alias": "k", "Startup Cost": 0.0, "Total Cost": 0.27, "Plan Rows": 1, "Plan Width": 4, "Actual Startup Time": 13.598, "Actual Total Time": 13.598, "Actual Rows": 4808, "Actual Loops": 4808, "Index Cond": "(id = mk.keyword_id)", "Rows Removed by Index Recheck": 0, "Heap Fetches": 0}]}, {"Node Type": "Index Only Scan", "Parent Relationship": "Inner", "Scan Direction": "Forward", "Index Name": "movie_id_aka_title", "Relation Name": "aka_title", "Alias": "at", "Startup Cost": 0.0, "Total Cost": 0.31, "Plan Rows": 3, "Plan Width": 4, "Actual Startup Time": 10.133, "Actual Total Time": 10.427, "Actual Rows": 1140, "Actual Loops": 4808, "Index Cond": "(movie_id = t.id)", "Rows Removed by Index Recheck": 0, "Heap Fetches": 0}]}]}, "Triggers": [], "Planner Runtime": 134.635, "Total Runtime": 1701.779, "Unique SQL Id": 2846462052}}, "(1, 17)": {"explain_plan": {"Plan": {"Node Type": "Aggregate", "Strategy": "Plain", "Startup Cost": 165028.92, "Total Cost": 165028.93, "Plan Rows": 1, "Plan Width": 123, "Plans": [{"Node Type": "Nested Loop", "Parent Relationship": "Outer", "Join Type": "Inner", "Startup Cost": 4841.46, "Total Cost": 165028.25, "Plan Rows": 134, "Plan Width": 59, "Inner Unique": false, "Plans": [{"Node Type": "Nested Loop", "Parent Relationship": "Outer", "Join Type": "Inner", "Startup Cost": 4841.46, "Total Cost": 165013.2, "Plan Rows": 44, "Plan Width": 75, "Inner Unique": true, "Plans": [{"Node Type": "Nested Loop", "Parent Relationship": "Outer", "Join Type": "Inner", "Startup Cost": 4841.46, "Total Cost": 165000.88, "Plan Rows": 44, "Plan Width": 79, "Inner Unique": false, "Join Filter": "(t.id = mk.movie_id)", "Plans": [{"Node Type": "Nested Loop", "Parent Relationship": "Outer", "Join Type": "Inner", "Startup Cost": 4841.46, "Total Cost": 164997.5, "Plan Rows": 6, "Plan Width": 71, "Inner Unique": true, "Plans": [{"Node Type": "Nested Loop", "Parent Relationship": "Outer", "Join Type": "Inner", "Startup Cost": 4841.46, "Total Cost": 164994.7, "Plan Rows": 10, "Plan Width": 75, "Inner Unique": true, "Plans": [{"Node Type": "Nested Loop", "Parent Relationship": "Outer", "Join Type": "Inner", "Startup Cost": 4841.46, "Total Cost": 164991.25, "Plan Rows": 12, "Plan Width": 79, "Inner Unique": false, "Plans": [{"Node Type": "Nested Loop", "Parent Relationship": "Outer", "Join Type": "Inner", "Startup Cost": 4841.46, "Total Cost": 164989.04, "Plan Rows": 6, "Plan Width": 67, "Inner Unique": true, "Plans": [{"Node Type": "Nested Loop", "Parent Relationship": "Outer", "Join Type": "Inner", "Startup Cost": 4841.46, "Total Cost": 164956.1, "Plan Rows": 4, "Plan Width": 46, "Inner Unique": false, "Plans": [{"Node Type": "Index Scan", "Parent Relationship": "Outer", "Scan Direction": "Forward", "Index Name": "info_type_pkey", "Relation Name": "info_type", "Alias": "it1", "Startup Cost": 0.0, "Total Cost": 14.21, "Plan Rows": 1, "Plan Width": 4, "Filter": "((info)::text = 'release dates'::text)"}, {"Node Type": "Bitmap Heap Scan", "Parent Relationship": "Inner", "Relation Name": "movie_info", "Alias": "mi", "Startup Cost": 4841.46, "Total Cost": 164941.85, "Plan Rows": 4, "Plan Width": 50, "Recheck Cond": "(info_type_id = it1.id)", "Filter": "((info IS NOT NULL) AND ((note)::text ~~ '%internet%'::text) AND (((info)::text ~~ 'USA:% 199%'::text) OR ((info)::text ~~ 'USA:% 200%'::text)))", "Plans": [{"Node Type": "Bitmap Index Scan", "Parent Relationship": "Outer", "Index Name": "info_type_id_movie_info", "Startup Cost": 0.0, "Total Cost": 4841.46, "Plan Rows": 212428, "Plan Width": 0, "Index Cond": "(info_type_id = it1.id)"}]}]}, {"Node Type": "Index Scan", "Parent Relationship": "Inner", "Scan Direction": "Forward", "Index Name": "title_pkey", "Relation Name": "title", "Alias": "t", "Startup Cost": 0.0, "Total Cost": 8.23, "Plan Rows": 1, "Plan Width": 21, "Index Cond": "(id = mi.movie_id)", "Filter": "(production_year > 1990)"}]}, {"Node Type": "Index Scan", "Parent Relationship": "Inner", "Scan Direction": "Forward", "Index Name": "movie_id_movie_companies", "Relation Name": "movie_companies", "Alias": "mc", "Startup Cost": 0.0, "Total Cost": 0.35, "Plan Rows": 2, "Plan Width": 12, "Index Cond": "(movie_id = t.id)"}]}, {"Node Type": "Index Scan", "Parent Relationship": "Inner", "Scan Direction": "Forward", "Index Name": "company_name_pkey", "Relation Name": "company_name", "Alias": "cn", "Startup Cost": 0.0, "Total Cost": 0.28, "Plan Rows": 1, "Plan Width": 4, "Index Cond": "(id = mc.company_id)", "Filter": "((country_code)::text = '[us]'::text)"}]}, {"Node Type": "Index Only Scan", "Parent Relationship": "Inner", "Scan Direction": "Forward", "Index Name": "company_type_pkey", "Relation Name": "company_type", "Alias": "ct", "Startup Cost": 0.0, "Total Cost": 0.27, "Plan Rows": 1, "Plan Width": 4, "Index Cond": "(id = mc.company_type_id)"}]}, {"Node Type": "Index Scan", "Parent Relationship": "Inner", "Scan Direction": "Forward", "Index Name": "movie_id_movie_keyword", "Relation Name": "movie_keyword", "Alias": "mk", "Startup Cost": 0.0, "Total Cost": 0.46, "Plan Rows": 8, "Plan Width": 8, "Index Cond": "(movie_id = mc.movie_id)"}]}, {"Node Type": "Index Only Scan", "Parent Relationship": "Inner", "Scan Direction": "Forward", "Index Name": "keyword_pkey", "Relation Name": "keyword", "Alias": "k", "Startup Cost": 0.0, "Total Cost": 0.27, "Plan Rows": 1, "Plan Width": 4, "Index Cond": "(id = mk.keyword_id)"}]}, {"Node Type": "Index Only Scan", "Parent Relationship": "Inner", "Scan Direction": "Forward", "Index Name": "movie_id_aka_title", "Relation Name": "aka_title", "Alias": "at", "Startup Cost": 0.0, "Total Cost": 0.31, "Plan Rows": 3, "Plan Width": 4, "Index Cond": "(movie_id = t.id)"}]}]}, "Unique SQL Id": 2846462052}, "explain_analyze_plan": {"Plan": {"Node Type": "Aggregate", "Strategy": "Plain", "Startup Cost": 165028.92, "Total Cost": 165028.93, "Plan Rows": 1, "Plan Width": 123, "Actual Startup Time": 1773.665, "Actual Total Time": 1773.665, "Actual Rows": 1, "Actual Loops": 1, "Plans": [{"Node Type": "Nested Loop", "Parent Relationship": "Outer", "Join Type": "Inner", "Startup Cost": 4841.46, "Total Cost": 165028.25, "Plan Rows": 134, "Plan Width": 59, "Actual Startup Time": 421.138, "Actual Total Time": 1772.736, "Actual Rows": 1140, "Actual Loops": 1, "Inner Unique": false, "Plans": [{"Node Type": "Nested Loop", "Parent Relationship": "Outer", "Join Type": "Inner", "Startup Cost": 4841.46, "Total Cost": 165013.2, "Plan Rows": 44, "Plan Width": 75, "Actual Startup Time": 377.565, "Actual Total Time": 1759.699, "Actual Rows": 4808, "Actual Loops": 1, "Inner Unique": true, "Plans": [{"Node Type": "Nested Loop", "Parent Relationship": "Outer", "Join Type": "Inner", "Startup Cost": 4841.46, "Total Cost": 165000.88, "Plan Rows": 44, "Plan Width": 79, "Actual Startup Time": 377.555, "Actual Total Time": 1742.392, "Actual Rows": 4808, "Actual Loops": 1, "Inner Unique": false, "Join Filter": "(t.id = mk.movie_id)", "Rows Removed by Join Filter": 0, "Plans": [{"Node Type": "Nested Loop", "Parent Relationship": "Outer", "Join Type": "Inner", "Startup Cost": 4841.46, "Total Cost": 164997.5, "Plan Rows": 6, "Plan Width": 71, "Actual Startup Time": 377.536, "Actual Total Time": 1729.915, "Actual Rows": 1488, "Actual Loops": 1, "Inner Unique": true, "Plans": [{"Node Type": "Nested Loop", "Parent Relationship": "Outer", "Join Type": "Inner", "Startup Cost": 4841.46, "Total Cost": 164994.7, "Plan Rows": 10, "Plan Width": 75, "Actual Startup Time": 377.513, "Actual Total Time": 1725.409, "Actual Rows": 2647, "Actual Loops": 1, "Inner Unique": true, "Plans": [{"Node Type": "Nested Loop", "Parent Relationship": "Outer", "Join Type": "Inner", "Startup Cost": 4841.46, "Total Cost": 164991.25, "Plan Rows": 12, "Plan Width": 79, "Actual Startup Time": 377.496, "Actual Total Time": 1708.08, "Actual Rows": 2884, "Actual Loops": 1, "Inner Unique": false, "Plans": [{"Node Type": "Nested Loop", "Parent Relationship": "Outer", "Join Type": "Inner", "Startup Cost": 4841.46, "Total Cost": 164989.04, "Plan Rows": 6, "Plan Width": 67, "Actual Startup Time": 377.48, "Actual Total Time": 1693.469, "Actual Rows": 1782, "Actual Loops": 1, "Inner Unique": true, "Plans": [{"Node Type": "Nested Loop", "Parent Relationship": "Outer", "Join Type": "Inner", "Startup Cost": 4841.46, "Total Cost": 164956.1, "Plan Rows": 4, "Plan Width": 46, "Actual Startup Time": 377.435, "Actual Total Time": 1678.758, "Actual Rows": 1783, "Actual Loops": 1, "Inner Unique": false, "Plans": [{"Node Type": "Index Scan", "Parent Relationship": "Outer", "Scan Direction": "Forward", "Index Name": "info_type_pkey", "Relation Name": "info_type", "Alias": "it1", "Startup Cost": 0.0, "Total Cost": 14.21, "Plan Rows": 1, "Plan Width": 4, "Actual Startup Time": 0.036, "Actual Total Time": 0.088, "Actual Rows": 1, "Actual Loops": 1, "Filter": "((info)::text = 'release dates'::text)", "Rows Removed by Filter": 111}, {"Node Type": "Bitmap Heap Scan", "Parent Relationship": "Inner", "Relation Name": "movie_info", "Alias": "mi", "Startup Cost": 4841.46, "Total Cost": 164941.85, "Plan Rows": 4, "Plan Width": 50, "Actual Startup Time": 377.39, "Actual Total Time": 1678.065, "Actual Rows": 1783, "Actual Loops": 1, "Recheck Cond": "(info_type_id = it1.id)", "Rows Removed by Index Recheck": 0, "Filter": "((info IS NOT NULL) AND ((note)::text ~~ '%internet%'::text) AND (((info)::text ~~ 'USA:% 199%'::text) OR ((info)::text ~~ 'USA:% 200%'::text)))", "Rows Removed by Filter": 3034936, "Exact Heap Blocks": 21947, "Lossy Heap Blocks": 21947, "Plans": [{"Node Type": "Bitmap Index Scan", "Parent Relationship": "Outer", "Index Name": "info_type_id_movie_info", "Startup Cost": 0.0, "Total Cost": 4841.46, "Plan Rows": 212428, "Plan Width": 0, "Actual Startup Time": 372.128, "Actual Total Time": 372.128, "Actual Rows": 3036719, "Actual Loops": 1, "Index Cond": "(info_type_id = it1.id)"}]}]}, {"Node Type": "Index Scan", "Parent Relationship": "Inner", "Scan Direction": "Forward", "Index Name": "title_pkey", "Relation Name": "title", "Alias": "t", "Startup Cost": 0.0, "Total Cost": 8.23, "Plan Rows": 1, "Plan Width": 21, "Actual Startup Time": 12.236, "Actual Total Time": 12.236, "Actual Rows": 1782, "Actual Loops": 1783, "Index Cond": "(id = mi.movie_id)", "Rows Removed by Index Recheck": 0, "Filter": "(production_year > 1990)", "Rows Removed by Filter": 1}]}, {"Node Type": "Index Scan", "Parent Relationship": "Inner", "Scan Direction": "Forward", "Index Name": "movie_id_movie_companies", "Relation Name": "movie_companies", "Alias": "mc", "Startup Cost": 0.0, "Total Cost": 0.35, "Plan Rows": 2, "Plan Width": 12, "Actual Startup Time": 9.827, "Actual Total Time": 12.633, "Actual Rows": 2884, "Actual Loops": 1782, "Index Cond": "(movie_id = t.id)", "Rows Removed by Index Recheck": 0}]}, {"Node Type": "Index Scan", "Parent Relationship": "Inner", "Scan Direction": "Forward", "Index Name": "company_name_pkey", "Relation Name": "company_name", "Alias": "cn", "Startup Cost": 0.0, "Total Cost": 0.28, "Plan Rows": 1, "Plan Width": 4, "Actual Startup Time": 14.522, "Actual Total Time": 14.522, "Actual Rows": 2647, "Actual Loops": 2884, "Index Cond": "(id = mc.company_id)", "Rows Removed by Index Recheck": 0, "Filter": "((country_code)::text = '[us]'::text)", "Rows Removed by Filter": 237}]}, {"Node Type": "Index Only Scan", "Parent Relationship": "Inner", "Scan Direction": "Forward", "Index Name": "company_type_pkey", "Relation Name": "company_type", "Alias": "ct", "Startup Cost": 0.0, "Total Cost": 0.27, "Plan Rows": 1, "Plan Width": 4, "Actual Startup Time": 2.451, "Actual Total Time": 2.451, "Actual Rows": 1488, "Actual Loops": 2647, "Index Cond": "(id = mc.company_type_id)", "Rows Removed by Index Recheck": 0, "Heap Fetches": 0}]}, {"Node Type": "Index Scan", "Parent Relationship": "Inner", "Scan Direction": "Forward", "Index Name": "movie_id_movie_keyword", "Relation Name": "movie_keyword", "Alias": "mk", "Startup Cost": 0.0, "Total Cost": 0.46, "Plan Rows": 8, "Plan Width": 8, "Actual Startup Time": 7.174, "Actual Total Time": 9.503, "Actual Rows": 4808, "Actual Loops": 1488, "Index Cond": "(movie_id = mc.movie_id)", "Rows Removed by Index Recheck": 0}]}, {"Node Type": "Index Only Scan", "Parent Relationship": "Inner", "Scan Direction": "Forward", "Index Name": "keyword_pkey", "Relation Name": "keyword", "Alias": "k", "Startup Cost": 0.0, "Total Cost": 0.27, "Plan Rows": 1, "Plan Width": 4, "Actual Startup Time": 13.757, "Actual Total Time": 13.757, "Actual Rows": 4808, "Actual Loops": 4808, "Index Cond": "(id = mk.keyword_id)", "Rows Removed by Index Recheck": 0, "Heap Fetches": 0}]}, {"Node Type": "Index Only Scan", "Parent Relationship": "Inner", "Scan Direction": "Forward", "Index Name": "movie_id_aka_title", "Relation Name": "aka_title", "Alias": "at", "Startup Cost": 0.0, "Total Cost": 0.31, "Plan Rows": 3, "Plan Width": 4, "Actual Startup Time": 10.19, "Actual Total Time": 10.466, "Actual Rows": 1140, "Actual Loops": 4808, "Index Cond": "(movie_id = t.id)", "Rows Removed by Index Recheck": 0, "Heap Fetches": 0}]}]}, "Triggers": [], "Planner Runtime": 124.4, "Total Runtime": 1774.087, "Unique SQL Id": 2846462052}}, "(1, 18)": {"explain_plan": {"Plan": {"Node Type": "Aggregate", "Strategy": "Plain", "Startup Cost": 166020.69, "Total Cost": 166020.7, "Plan Rows": 1, "Plan Width": 123, "Plans": [{"Node Type": "Nested Loop", "Parent Relationship": "Outer", "Join Type": "Inner", "Startup Cost": 4846.74, "Total Cost": 166020.02, "Plan Rows": 134, "Plan Width": 59, "Inner Unique": true, "Join Filter": "(at.movie_id = t.id)", "Plans": [{"Node Type": "Nested Loop", "Parent Relationship": "Outer", "Join Type": "Inner", "Startup Cost": 4846.47, "Total Cost": 165603.56, "Plan Rows": 97, "Plan Width": 58, "Inner Unique": true, "Plans": [{"Node Type": "Nested Loop", "Parent Relationship": "Outer", "Join Type": "Inner", "Startup Cost": 4846.22, "Total Cost": 165188.37, "Plan Rows": 97, "Plan Width": 62, "Inner Unique": false, "Join Filter": "(at.movie_id = mk.movie_id)", "Plans": [{"Node Type": "Nested Loop", "Parent Relationship": "Outer", "Join Type": "Inner", "Startup Cost": 4845.88, "Total Cost": 165133.92, "Plan Rows": 12, "Plan Width": 54, "Inner Unique": true, "Join Filter": "(mc.company_type_id = ct.id)", "Plans": [{"Node Type": "Nested Loop", "Parent Relationship": "Outer", "Join Type": "Inner", "Startup Cost": 4845.88, "Total Cost": 165132.34, "Plan Rows": 12, "Plan Width": 58, "Inner Unique": true, "Plans": [{"Node Type": "Nested Loop", "Parent Relationship": "Outer", "Join Type": "Inner", "Startup Cost": 4845.62, "Total Cost": 165046.67, "Plan Rows": 20, "Plan Width": 62, "Inner Unique": false, "Plans": [{"Node Type": "Nested Loop", "Parent Relationship": "Outer", "Join Type": "Inner", "Startup Cost": 4845.25, "Total Cost": 165006.92, "Plan Rows": 9, "Plan Width": 50, "Inner Unique": false, "Plans": [{"Node Type": "Nested Loop", "Parent Relationship": "Outer", "Join Type": "Inner", "Startup Cost": 4841.46, "Total Cost": 164944.29, "Plan Rows": 4, "Plan Width": 46, "Inner Unique": false, "Plans": [{"Node Type": "Seq Scan", "Parent Relationship": "Outer", "Relation Name": "info_type", "Alias": "it1", "Startup Cost": 0.0, "Total Cost": 2.4, "Plan Rows": 1, "Plan Width": 4, "Filter": "((info)::text = 'release dates'::text)"}, {"Node Type": "Bitmap Heap Scan", "Parent Relationship": "Inner", "Relation Name": "movie_info", "Alias": "mi", "Startup Cost": 4841.46, "Total Cost": 164941.85, "Plan Rows": 4, "Plan Width": 50, "Recheck Cond": "(info_type_id = it1.id)", "Filter": "((info IS NOT NULL) AND ((note)::text ~~ '%internet%'::text) AND (((info)::text ~~ 'USA:% 199%'::text) OR ((info)::text ~~ 'USA:% 200%'::text)))", "Plans": [{"Node Type": "Bitmap Index Scan", "Parent Relationship": "Outer", "Index Name": "info_type_id_movie_info", "Startup Cost": 0.0, "Total Cost": 4841.46, "Plan Rows": 212428, "Plan Width": 0, "Index Cond": "(info_type_id = it1.id)"}]}]}, {"Node Type": "Bitmap Heap Scan", "Parent Relationship": "Inner", "Relation Name": "aka_title", "Alias": "at", "Startup Cost": 3.79, "Total Cost": 15.63, "Plan Rows": 3, "Plan Width": 4, "Recheck Cond": "(movie_id = mi.movie_id)", "Plans": [{"Node Type": "Bitmap Index Scan", "Parent Relationship": "Outer", "Index Name": "movie_id_aka_title", "Startup Cost": 0.0, "Total Cost": 3.79, "Plan Rows": 3, "Plan Width": 0, "Index Cond": "(movie_id = mi.movie_id)"}]}]}, {"Node Type": "Bitmap Heap Scan", "Parent Relationship": "Inner", "Relation Name": "movie_companies", "Alias": "mc", "Startup Cost": 0.37, "Total Cost": 4.4, "Plan Rows": 2, "Plan Width": 12, "Recheck Cond": "(movie_id = at.movie_id)", "Plans": [{"Node Type": "Bitmap Index Scan", "Parent Relationship": "Outer", "Index Name": "movie_id_movie_companies", "Startup Cost": 0.0, "Total Cost": 0.37, "Plan Rows": 2, "Plan Width": 0, "Index Cond": "(movie_id = at.movie_id)"}]}]}, {"Node Type": "Bitmap Heap Scan", "Parent Relationship": "Inner", "Relation Name": "company_name", "Alias": "cn", "Startup Cost": 0.26, "Total Cost": 4.27, "Plan Rows": 1, "Plan Width": 4, "Recheck Cond": "(id = mc.company_id)", "Filter": "((country_code)::text = '[us]'::text)", "Plans": [{"Node Type": "Bitmap Index Scan", "Parent Relationship": "Outer", "Index Name": "company_name_pkey", "Startup Cost": 0.0, "Total Cost": 0.26, "Plan Rows": 1, "Plan Width": 0, "Index Cond": "(id = mc.company_id)"}]}]}, {"Node Type": "Materialize", "Parent Relationship": "Inner", "Startup Cost": 0.0, "Total Cost": 1.04, "Plan Rows": 3, "Plan Width": 4, "Plans": [{"Node Type": "Seq Scan", "Parent Relationship": "Outer", "Relation Name": "company_type", "Alias": "ct", "Startup Cost": 0.0, "Total Cost": 1.03, "Plan Rows": 3, "Plan Width": 4}]}]}, {"Node Type": "Bitmap Heap Scan", "Parent Relationship": "Inner", "Relation Name": "movie_keyword", "Alias": "mk", "Startup Cost": 0.34, "Total Cost": 4.44, "Plan Rows": 8, "Plan Width": 8, "Recheck Cond": "(movie_id = mc.movie_id)", "Plans": [{"Node Type": "Bitmap Index Scan", "Parent Relationship": "Outer", "Index Name": "movie_id_movie_keyword", "Startup Cost": 0.0, "Total Cost": 0.34, "Plan Rows": 8, "Plan Width": 0, "Index Cond": "(movie_id = mc.movie_id)"}]}]}, {"Node Type": "Bitmap Heap Scan", "Parent Relationship": "Inner", "Relation Name": "keyword", "Alias": "k", "Startup Cost": 0.26, "Total Cost": 4.27, "Plan Rows": 1, "Plan Width": 4, "Recheck Cond": "(id = mk.keyword_id)", "Plans": [{"Node Type": "Bitmap Index Scan", "Parent Relationship": "Outer", "Index Name": "keyword_pkey", "Startup Cost": 0.0, "Total Cost": 0.26, "Plan Rows": 1, "Plan Width": 0, "Index Cond": "(id = mk.keyword_id)"}]}]}, {"Node Type": "Bitmap Heap Scan", "Parent Relationship": "Inner", "Relation Name": "title", "Alias": "t", "Startup Cost": 0.27, "Total Cost": 4.28, "Plan Rows": 1, "Plan Width": 21, "Recheck Cond": "(id = mk.movie_id)", "Filter": "(production_year > 1990)", "Plans": [{"Node Type": "Bitmap Index Scan", "Parent Relationship": "Outer", "Index Name": "title_pkey", "Startup Cost": 0.0, "Total Cost": 0.27, "Plan Rows": 1, "Plan Width": 0, "Index Cond": "(id = mk.movie_id)"}]}]}]}, "Unique SQL Id": 2846462052}, "explain_analyze_plan": {"Plan": {"Node Type": "Aggregate", "Strategy": "Plain", "Startup Cost": 166020.69, "Total Cost": 166020.7, "Plan Rows": 1, "Plan Width": 123, "Actual Startup Time": 1830.907, "Actual Total Time": 1830.907, "Actual Rows": 1, "Actual Loops": 1, "Plans": [{"Node Type": "Nested Loop", "Parent Relationship": "Outer", "Join Type": "Inner", "Startup Cost": 4846.74, "Total Cost": 166020.02, "Plan Rows": 134, "Plan Width": 59, "Actual Startup Time": 421.782, "Actual Total Time": 1829.843, "Actual Rows": 1140, "Actual Loops": 1, "Inner Unique": true, "Join Filter": "(at.movie_id = t.id)", "Rows Removed by Join Filter": 0, "Plans": [{"Node Type": "Nested Loop", "Parent Relationship": "Outer", "Join Type": "Inner", "Startup Cost": 4846.47, "Total Cost": 165603.56, "Plan Rows": 97, "Plan Width": 58, "Actual Startup Time": 421.747, "Actual Total Time": 1822.99, "Actual Rows": 1140, "Actual Loops": 1, "Inner Unique": true, "Plans": [{"Node Type": "Nested Loop", "Parent Relationship": "Outer", "Join Type": "Inner", "Startup Cost": 4846.22, "Total Cost": 165188.37, "Plan Rows": 97, "Plan Width": 62, "Actual Startup Time": 421.731, "Actual Total Time": 1814.023, "Actual Rows": 1140, "Actual Loops": 1, "Inner Unique": false, "Join Filter": "(at.movie_id = mk.movie_id)", "Rows Removed by Join Filter": 0, "Plans": [{"Node Type": "Nested Loop", "Parent Relationship": "Outer", "Join Type": "Inner", "Startup Cost": 4845.88, "Total Cost": 165133.92, "Plan Rows": 12, "Plan Width": 54, "Actual Startup Time": 421.701, "Actual Total Time": 1811.658, "Actual Rows": 119, "Actual Loops": 1, "Inner Unique": true, "Join Filter": "(mc.company_type_id = ct.id)", "Rows Removed by Join Filter": 495, "Plans": [{"Node Type": "Nested Loop", "Parent Relationship": "Outer", "Join Type": "Inner", "Startup Cost": 4845.88, "Total Cost": 165132.34, "Plan Rows": 12, "Plan Width": 58, "Actual Startup Time": 383.095, "Actual Total Time": 1811.149, "Actual Rows": 284, "Actual Loops": 1, "Inner Unique": true, "Plans": [{"Node Type": "Nested Loop", "Parent Relationship": "Outer", "Join Type": "Inner", "Startup Cost": 4845.62, "Total Cost": 165046.67, "Plan Rows": 20, "Plan Width": 62, "Actual Startup Time": 383.05, "Actual Total Time": 1807.213, "Actual Rows": 400, "Actual Loops": 1, "Inner Unique": false, "Plans": [{"Node Type": "Nested Loop", "Parent Relationship": "Outer", "Join Type": "Inner", "Startup Cost": 4845.25, "Total Cost": 165006.92, "Plan Rows": 9, "Plan Width": 50, "Actual Startup Time": 383.015, "Actual Total Time": 1804.635, "Actual Rows": 120, "Actual Loops": 1, "Inner Unique": false, "Plans": [{"Node Type": "Nested Loop", "Parent Relationship": "Outer", "Join Type": "Inner", "Startup Cost": 4841.46, "Total Cost": 164944.29, "Plan Rows": 4, "Plan Width": 46, "Actual Startup Time": 379.234, "Actual Total Time": 1792.259, "Actual Rows": 1783, "Actual Loops": 1, "Inner Unique": false, "Plans": [{"Node Type": "Seq Scan", "Parent Relationship": "Outer", "Relation Name": "info_type", "Alias": "it1", "Startup Cost": 0.0, "Total Cost": 2.4, "Plan Rows": 1, "Plan Width": 4, "Actual Startup Time": 0.054, "Actual Total Time": 0.099, "Actual Rows": 1, "Actual Loops": 1, "Filter": "((info)::text = 'release dates'::text)", "Rows Removed by Filter": 111}, {"Node Type": "Bitmap Heap Scan", "Parent Relationship": "Inner", "Relation Name": "movie_info", "Alias": "mi", "Startup Cost": 4841.46, "Total Cost": 164941.85, "Plan Rows": 4, "Plan Width": 50, "Actual Startup Time": 379.17, "Actual Total Time": 1791.583, "Actual Rows": 1783, "Actual Loops": 1, "Recheck Cond": "(info_type_id = it1.id)", "Rows Removed by Index Recheck": 0, "Filter": "((info IS NOT NULL) AND ((note)::text ~~ '%internet%'::text) AND (((info)::text ~~ 'USA:% 199%'::text) OR ((info)::text ~~ 'USA:% 200%'::text)))", "Rows Removed by Filter": 3034936, "Exact Heap Blocks": 21947, "Lossy Heap Blocks": 21947, "Plans": [{"Node Type": "Bitmap Index Scan", "Parent Relationship": "Outer", "Index Name": "info_type_id_movie_info", "Startup Cost": 0.0, "Total Cost": 4841.46, "Plan Rows": 212428, "Plan Width": 0, "Actual Startup Time": 373.919, "Actual Total Time": 373.919, "Actual Rows": 3036719, "Actual Loops": 1, "Index Cond": "(info_type_id = it1.id)"}]}]}, {"Node Type": "Bitmap Heap Scan", "Parent Relationship": "Inner", "Relation Name": "aka_title", "Alias": "at", "Startup Cost": 3.79, "Total Cost": 15.63, "Plan Rows": 3, "Plan Width": 4, "Actual Startup Time": 9.46, "Actual Total Time": 9.589, "Actual Rows": 120, "Actual Loops": 1783, "Recheck Cond": "(movie_id = mi.movie_id)", "Rows Removed by Index Recheck": 0, "Exact Heap Blocks": 120, "Lossy Heap Blocks": 120, "Plans": [{"Node Type": "Bitmap Index Scan", "Parent Relationship": "Outer", "Index Name": "movie_id_aka_title", "Startup Cost": 0.0, "Total Cost": 3.79, "Plan Rows": 3, "Plan Width": 0, "Actual Startup Time": 7.889, "Actual Total Time": 7.889, "Actual Rows": 120, "Actual Loops": 1783, "Index Cond": "(movie_id = mi.movie_id)"}]}]}, {"Node Type": "Bitmap Heap Scan", "Parent Relationship": "Inner", "Relation Name": "movie_companies", "Alias": "mc", "Startup Cost": 0.37, "Total Cost": 4.4, "Plan Rows": 2, "Plan Width": 12, "Actual Startup Time": 1.756, "Actual Total Time": 2.095, "Actual Rows": 400, "Actual Loops": 120, "Recheck Cond": "(movie_id = at.movie_id)", "Rows Removed by Index Recheck": 0, "Exact Heap Blocks": 214, "Lossy Heap Blocks": 214, "Plans": [{"Node Type": "Bitmap Index Scan", "Parent Relationship": "Outer", "Index Name": "movie_id_movie_companies", "Startup Cost": 0.0, "Total Cost": 0.37, "Plan Rows": 2, "Plan Width": 0, "Actual Startup Time": 1.046, "Actual Total Time": 1.046, "Actual Rows": 400, "Actual Loops": 120, "Index Cond": "(movie_id = at.movie_id)"}]}]}, {"Node Type": "Bitmap Heap Scan", "Parent Relationship": "Inner", "Relation Name": "company_name", "Alias": "cn", "Startup Cost": 0.26, "Total Cost": 4.27, "Plan Rows": 1, "Plan Width": 4, "Actual Startup Time": 3.24, "Actual Total Time": 3.24, "Actual Rows": 284, "Actual Loops": 400, "Recheck Cond": "(id = mc.company_id)", "Rows Removed by Index Recheck": 0, "Filter": "((country_code)::text = '[us]'::text)", "Rows Removed by Filter": 116, "Exact Heap Blocks": 400, "Lossy Heap Blocks": 400, "Plans": [{"Node Type": "Bitmap Index Scan", "Parent Relationship": "Outer", "Index Name": "company_name_pkey", "Startup Cost": 0.0, "Total Cost": 0.26, "Plan Rows": 1, "Plan Width": 0, "Actual Startup Time": 1.793, "Actual Total Time": 1.793, "Actual Rows": 400, "Actual Loops": 400, "Index Cond": "(id = mc.company_id)"}]}]}, {"Node Type": "Materialize", "Parent Relationship": "Inner", "Startup Cost": 0.0, "Total Cost": 1.04, "Plan Rows": 3, "Plan Width": 4, "Actual Startup Time": 0.084, "Actual Total Time": 0.127, "Actual Rows": 614, "Actual Loops": 284, "Plans": [{"Node Type": "Seq Scan", "Parent Relationship": "Outer", "Relation Name": "company_type", "Alias": "ct", "Startup Cost": 0.0, "Total Cost": 1.03, "Plan Rows": 3, "Plan Width": 4, "Actual Startup Time": 0.013, "Actual Total Time": 0.014, "Actual Rows": 3, "Actual Loops": 1}]}]}, {"Node Type": "Bitmap Heap Scan", "Parent Relationship": "Inner", "Relation Name": "movie_keyword", "Alias": "mk", "Startup Cost": 0.34, "Total Cost": 4.44, "Plan Rows": 8, "Plan Width": 8, "Actual Startup Time": 1.421, "Actual Total Time": 1.626, "Actual Rows": 1140, "Actual Loops": 119, "Recheck Cond": "(movie_id = mc.movie_id)", "Rows Removed by Index Recheck": 0, "Exact Heap Blocks": 91, "Lossy Heap Blocks": 91, "Plans": [{"Node Type": "Bitmap Index Scan", "Parent Relationship": "Outer", "Index Name": "movie_id_movie_keyword", "Startup Cost": 0.0, "Total Cost": 0.34, "Plan Rows": 8, "Plan Width": 0, "Actual Startup Time": 0.909, "Actual Total Time": 0.909, "Actual Rows": 1140, "Actual Loops": 119, "Index Cond": "(movie_id = mc.movie_id)"}]}]}, {"Node Type": "Bitmap Heap Scan", "Parent Relationship": "Inner", "Relation Name": "keyword", "Alias": "k", "Startup Cost": 0.26, "Total Cost": 4.27, "Plan Rows": 1, "Plan Width": 4, "Actual Startup Time": 7.232, "Actual Total Time": 7.232, "Actual Rows": 1140, "Actual Loops": 1140, "Recheck Cond": "(id = mk.keyword_id)", "Rows Removed by Index Recheck": 0, "Exact Heap Blocks": 1140, "Lossy Heap Blocks": 1140, "Plans": [{"Node Type": "Bitmap Index Scan", "Parent Relationship": "Outer", "Index Name": "keyword_pkey", "Startup Cost": 0.0, "Total Cost": 0.26, "Plan Rows": 1, "Plan Width": 0, "Actual Startup Time": 4.41, "Actual Total Time": 4.41, "Actual Rows": 1140, "Actual Loops": 1140, "Index Cond": "(id = mk.keyword_id)"}]}]}, {"Node Type": "Bitmap Heap Scan", "Parent Relationship": "Inner", "Relation Name": "title", "Alias": "t", "Startup Cost": 0.27, "Total Cost": 4.28, "Plan Rows": 1, "Plan Width": 21, "Actual Startup Time": 4.989, "Actual Total Time": 4.989, "Actual Rows": 1140, "Actual Loops": 1140, "Recheck Cond": "(id = mk.movie_id)", "Rows Removed by Index Recheck": 0, "Filter": "(production_year > 1990)", "Rows Removed by Filter": 0, "Exact Heap Blocks": 1140, "Lossy Heap Blocks": 1140, "Plans": [{"Node Type": "Bitmap Index Scan", "Parent Relationship": "Outer", "Index Name": "title_pkey", "Startup Cost": 0.0, "Total Cost": 0.27, "Plan Rows": 1, "Plan Width": 0, "Actual Startup Time": 2.968, "Actual Total Time": 2.968, "Actual Rows": 1140, "Actual Loops": 1140, "Index Cond": "(id = mk.movie_id)"}]}]}]}, "Triggers": [], "Planner Runtime": 138.665, "Total Runtime": 1831.387, "Unique SQL Id": 2846462052}}, "(1, 19)": {"explain_plan": {"Plan": {"Node Type": "Aggregate", "Strategy": "Plain", "Startup Cost": 1000002719454.35, "Total Cost": 1000002719454.36, "Plan Rows": 1, "Plan Width": 123, "Plans": [{"Node Type": "Nested Loop", "Parent Relationship": "Outer", "Join Type": "Inner", "Startup Cost": 10000000002.95, "Total Cost": 1000002719453.69, "Plan Rows": 132, "Plan Width": 59, "Inner Unique": true, "Join Filter": "(at.movie_id = t.id)", "Plans": [{"Node Type": "Nested Loop", "Parent Relationship": "Outer", "Join Type": "Inner", "Startup Cost": 10000000002.69, "Total Cost": 1000002719045.82, "Plan Rows": 95, "Plan Width": 58, "Inner Unique": true, "Plans": [{"Node Type": "Nested Loop", "Parent Relationship": "Outer", "Join Type": "Inner", "Startup Cost": 10000000002.43, "Total Cost": 1000002718630.63, "Plan Rows": 97, "Plan Width": 62, "Inner Unique": false, "Join Filter": "(at.movie_id = mk.movie_id)", "Plans": [{"Node Type": "Nested Loop", "Parent Relationship": "Outer", "Join Type": "Inner", "Startup Cost": 10000000002.09, "Total Cost": 1000002718576.18, "Plan Rows": 12, "Plan Width": 54, "Inner Unique": true, "Plans": [{"Node Type": "Nested Loop", "Parent Relationship": "Outer", "Join Type": "Inner", "Startup Cost": 10000000001.84, "Total Cost": 1000002718524.81, "Plan Rows": 12, "Plan Width": 58, "Inner Unique": true, "Plans": [{"Node Type": "Nested Loop", "Parent Relationship": "Outer", "Join Type": "Inner", "Startup Cost": 10000000001.58, "Total Cost": 1000002718439.15, "Plan Rows": 20, "Plan Width": 62, "Inner Unique": false, "Plans": [{"Node Type": "Nested Loop", "Parent Relationship": "Outer", "Join Type": "Inner", "Startup Cost": 10000000001.21, "Total Cost": 1000002718399.4, "Plan Rows": 9, "Plan Width": 50, "Inner Unique": true, "Plans": [{"Node Type": "Nested Loop", "Parent Relationship": "Outer", "Join Type": "Inner", "Startup Cost": 10000000000.92, "Total Cost": 1000002715586.59, "Plan Rows": 652, "Plan Width": 54, "Inner Unique": false, "Plans": [{"Node Type": "Index Only Scan", "Parent Relationship": "Outer", "Scan Direction": "Forward", "Index Name": "movie_id_aka_title", "Relation Name": "aka_title", "Alias": "at", "Startup Cost": 10000000000.0, "Total Cost": 1000000898631.5, "Plan Rows": 361471, "Plan Width": 4}, {"Node Type": "Bitmap Heap Scan", "Parent Relationship": "Inner", "Relation Name": "movie_info", "Alias": "mi", "Startup Cost": 0.92, "Total Cost": 5.02, "Plan Rows": 1, "Plan Width": 50, "Recheck Cond": "(movie_id = at.movie_id)", "Filter": "((info IS NOT NULL) AND ((note)::text ~~ '%internet%'::text) AND (((info)::text ~~ 'USA:% 199%'::text) OR ((info)::text ~~ 'USA:% 200%'::text)))", "Plans": [{"Node Type": "Bitmap Index Scan", "Parent Relationship": "Outer", "Index Name": "movie_id_movie_info", "Startup Cost": 0.0, "Total Cost": 0.92, "Plan Rows": 5, "Plan Width": 0, "Index Cond": "(movie_id = at.movie_id)"}]}]}, {"Node Type": "Bitmap Heap Scan", "Parent Relationship": "Inner", "Relation Name": "info_type", "Alias": "it1", "Startup Cost": 0.29, "Total Cost": 4.3, "Plan Rows": 1, "Plan Width": 4, "Recheck Cond": "(id = mi.info_type_id)", "Filter": "((info)::text = 'release dates'::text)", "Plans": [{"Node Type": "Bitmap Index Scan", "Parent Relationship": "Outer", "Index Name": "info_type_pkey", "Startup Cost": 0.0, "Total Cost": 0.29, "Plan Rows": 1, "Plan Width": 0, "Index Cond": "(id = mi.info_type_id)"}]}]}, {"Node Type": "Bitmap Heap Scan", "Parent Relationship": "Inner", "Relation Name": "movie_companies", "Alias": "mc", "Startup Cost": 0.37, "Total Cost": 4.4, "Plan Rows": 2, "Plan Width": 12, "Recheck Cond": "(movie_id = at.movie_id)", "Plans": [{"Node Type": "Bitmap Index Scan", "Parent Relationship": "Outer", "Index Name": "movie_id_movie_companies", "Startup Cost": 0.0, "Total Cost": 0.37, "Plan Rows": 2, "Plan Width": 0, "Index Cond": "(movie_id = at.movie_id)"}]}]}, {"Node Type": "Bitmap Heap Scan", "Parent Relationship": "Inner", "Relation Name": "company_name", "Alias": "cn", "Startup Cost": 0.26, "Total Cost": 4.27, "Plan Rows": 1, "Plan Width": 4, "Recheck Cond": "(id = mc.company_id)", "Filter": "((country_code)::text = '[us]'::text)", "Plans": [{"Node Type": "Bitmap Index Scan", "Parent Relationship": "Outer", "Index Name": "company_name_pkey", "Startup Cost": 0.0, "Total Cost": 0.26, "Plan Rows": 1, "Plan Width": 0, "Index Cond": "(id = mc.company_id)"}]}]}, {"Node Type": "Bitmap Heap Scan", "Parent Relationship": "Inner", "Relation Name": "company_type", "Alias": "ct", "Startup Cost": 0.26, "Total Cost": 4.27, "Plan Rows": 1, "Plan Width": 4, "Recheck Cond": "(id = mc.company_type_id)", "Plans": [{"Node Type": "Bitmap Index Scan", "Parent Relationship": "Outer", "Index Name": "company_type_pkey", "Startup Cost": 0.0, "Total Cost": 0.26, "Plan Rows": 1, "Plan Width": 0, "Index Cond": "(id = mc.company_type_id)"}]}]}, {"Node Type": "Bitmap Heap Scan", "Parent Relationship": "Inner", "Relation Name": "movie_keyword", "Alias": "mk", "Startup Cost": 0.34, "Total Cost": 4.44, "Plan Rows": 8, "Plan Width": 8, "Recheck Cond": "(movie_id = mc.movie_id)", "Plans": [{"Node Type": "Bitmap Index Scan", "Parent Relationship": "Outer", "Index Name": "movie_id_movie_keyword", "Startup Cost": 0.0, "Total Cost": 0.34, "Plan Rows": 8, "Plan Width": 0, "Index Cond": "(movie_id = mc.movie_id)"}]}]}, {"Node Type": "Bitmap Heap Scan", "Parent Relationship": "Inner", "Relation Name": "keyword", "Alias": "k", "Startup Cost": 0.26, "Total Cost": 4.27, "Plan Rows": 1, "Plan Width": 4, "Recheck Cond": "(id = mk.keyword_id)", "Plans": [{"Node Type": "Bitmap Index Scan", "Parent Relationship": "Outer", "Index Name": "keyword_pkey", "Startup Cost": 0.0, "Total Cost": 0.26, "Plan Rows": 1, "Plan Width": 0, "Index Cond": "(id = mk.keyword_id)"}]}]}, {"Node Type": "Bitmap Heap Scan", "Parent Relationship": "Inner", "Relation Name": "title", "Alias": "t", "Startup Cost": 0.27, "Total Cost": 4.28, "Plan Rows": 1, "Plan Width": 21, "Recheck Cond": "(id = mk.movie_id)", "Filter": "(production_year > 1990)", "Plans": [{"Node Type": "Bitmap Index Scan", "Parent Relationship": "Outer", "Index Name": "title_pkey", "Startup Cost": 0.0, "Total Cost": 0.27, "Plan Rows": 1, "Plan Width": 0, "Index Cond": "(id = mk.movie_id)"}]}]}]}, "Unique SQL Id": 2846462052}, "explain_analyze_plan": null}, "(1, 20)": {"explain_plan": {"Plan": {"Node Type": "Aggregate", "Strategy": "Plain", "Startup Cost": 165016.15, "Total Cost": 165016.16, "Plan Rows": 1, "Plan Width": 123, "Plans": [{"Node Type": "Nested Loop", "Parent Relationship": "Outer", "Join Type": "Inner", "Startup Cost": 4841.46, "Total Cost": 165015.48, "Plan Rows": 134, "Plan Width": 59, "Inner Unique": false, "Join Filter": "(t.id = at.movie_id)", "Plans": [{"Node Type": "Nested Loop", "Parent Relationship": "Outer", "Join Type": "Inner", "Startup Cost": 4841.46, "Total Cost": 164999.91, "Plan Rows": 44, "Plan Width": 75, "Inner Unique": true, "Plans": [{"Node Type": "Nested Loop", "Parent Relationship": "Outer", "Join Type": "Inner", "Startup Cost": 4841.46, "Total Cost": 164987.56, "Plan Rows": 44, "Plan Width": 79, "Inner Unique": false, "Join Filter": "(t.id = mk.movie_id)", "Plans": [{"Node Type": "Nested Loop", "Parent Relationship": "Outer", "Join Type": "Inner", "Startup Cost": 4841.46, "Total Cost": 164984.18, "Plan Rows": 6, "Plan Width": 71, "Inner Unique": true, "Plans": [{"Node Type": "Nested Loop", "Parent Relationship": "Outer", "Join Type": "Inner", "Startup Cost": 4841.46, "Total Cost": 164981.02, "Plan Rows": 11, "Plan Width": 75, "Inner Unique": true, "Join Filter": "(mc.company_type_id = ct.id)", "Plans": [{"Node Type": "Nested Loop", "Parent Relationship": "Outer", "Join Type": "Inner", "Startup Cost": 4841.46, "Total Cost": 164979.44, "Plan Rows": 12, "Plan Width": 79, "Inner Unique": false, "Plans": [{"Node Type": "Nested Loop", "Parent Relationship": "Outer", "Join Type": "Inner", "Startup Cost": 4841.46, "Total Cost": 164977.23, "Plan Rows": 6, "Plan Width": 67, "Inner Unique": true, "Plans": [{"Node Type": "Nested Loop", "Parent Relationship": "Outer", "Join Type": "Inner", "Startup Cost": 4841.46, "Total Cost": 164944.29, "Plan Rows": 4, "Plan Width": 46, "Inner Unique": false, "Plans": [{"Node Type": "Seq Scan", "Parent Relationship": "Outer", "Relation Name": "info_type", "Alias": "it1", "Startup Cost": 0.0, "Total Cost": 2.4, "Plan Rows": 1, "Plan Width": 4, "Filter": "((info)::text = 'release dates'::text)"}, {"Node Type": "Bitmap Heap Scan", "Parent Relationship": "Inner", "Relation Name": "movie_info", "Alias": "mi", "Startup Cost": 4841.46, "Total Cost": 164941.85, "Plan Rows": 4, "Plan Width": 50, "Recheck Cond": "(info_type_id = it1.id)", "Filter": "((info IS NOT NULL) AND ((note)::text ~~ '%internet%'::text) AND (((info)::text ~~ 'USA:% 199%'::text) OR ((info)::text ~~ 'USA:% 200%'::text)))", "Plans": [{"Node Type": "Bitmap Index Scan", "Parent Relationship": "Outer", "Index Name": "info_type_id_movie_info", "Startup Cost": 0.0, "Total Cost": 4841.46, "Plan Rows": 212428, "Plan Width": 0, "Index Cond": "(info_type_id = it1.id)"}]}]}, {"Node Type": "Index Scan", "Parent Relationship": "Inner", "Scan Direction": "Forward", "Index Name": "title_pkey", "Relation Name": "title", "Alias": "t", "Startup Cost": 0.0, "Total Cost": 8.23, "Plan Rows": 1, "Plan Width": 21, "Index Cond": "(id = mi.movie_id)", "Filter": "(production_year > 1990)"}]}, {"Node Type": "Index Scan", "Parent Relationship": "Inner", "Scan Direction": "Forward", "Index Name": "movie_id_movie_companies", "Relation Name": "movie_companies", "Alias": "mc", "Startup Cost": 0.0, "Total Cost": 0.35, "Plan Rows": 2, "Plan Width": 12, "Index Cond": "(movie_id = t.id)"}]}, {"Node Type": "Materialize", "Parent Relationship": "Inner", "Startup Cost": 0.0, "Total Cost": 1.04, "Plan Rows": 3, "Plan Width": 4, "Plans": [{"Node Type": "Seq Scan", "Parent Relationship": "Outer", "Relation Name": "company_type", "Alias": "ct", "Startup Cost": 0.0, "Total Cost": 1.03, "Plan Rows": 3, "Plan Width": 4}]}]}, {"Node Type": "Index Scan", "Parent Relationship": "Inner", "Scan Direction": "Forward", "Index Name": "company_name_pkey", "Relation Name": "company_name", "Alias": "cn", "Startup Cost": 0.0, "Total Cost": 0.28, "Plan Rows": 1, "Plan Width": 4, "Index Cond": "(id = mc.company_id)", "Filter": "((country_code)::text = '[us]'::text)"}]}, {"Node Type": "Index Scan", "Parent Relationship": "Inner", "Scan Direction": "Forward", "Index Name": "movie_id_movie_keyword", "Relation Name": "movie_keyword", "Alias": "mk", "Startup Cost": 0.0, "Total Cost": 0.46, "Plan Rows": 8, "Plan Width": 8, "Index Cond": "(movie_id = mc.movie_id)"}]}, {"Node Type": "Index Scan", "Parent Relationship": "Inner", "Scan Direction": "Forward", "Index Name": "keyword_pkey", "Relation Name": "keyword", "Alias": "k", "Startup Cost": 0.0, "Total Cost": 0.27, "Plan Rows": 1, "Plan Width": 4, "Index Cond": "(id = mk.keyword_id)"}]}, {"Node Type": "Index Scan", "Parent Relationship": "Inner", "Scan Direction": "Forward", "Index Name": "movie_id_aka_title", "Relation Name": "aka_title", "Alias": "at", "Startup Cost": 0.0, "Total Cost": 0.32, "Plan Rows": 3, "Plan Width": 4, "Index Cond": "(movie_id = mk.movie_id)"}]}]}, "Unique SQL Id": 2846462052}, "explain_analyze_plan": {"Plan": {"Node Type": "Aggregate", "Strategy": "Plain", "Startup Cost": 165016.15, "Total Cost": 165016.16, "Plan Rows": 1, "Plan Width": 123, "Actual Startup Time": 2019.696, "Actual Total Time": 2019.696, "Actual Rows": 1, "Actual Loops": 1, "Plans": [{"Node Type": "Nested Loop", "Parent Relationship": "Outer", "Join Type": "Inner", "Startup Cost": 4841.46, "Total Cost": 165015.48, "Plan Rows": 134, "Plan Width": 59, "Actual Startup Time": 510.402, "Actual Total Time": 2018.765, "Actual Rows": 1140, "Actual Loops": 1, "Inner Unique": false, "Join Filter": "(t.id = at.movie_id)", "Rows Removed by Join Filter": 0, "Plans": [{"Node Type": "Nested Loop", "Parent Relationship": "Outer", "Join Type": "Inner", "Startup Cost": 4841.46, "Total Cost": 164999.91, "Plan Rows": 44, "Plan Width": 75, "Actual Startup Time": 458.353, "Actual Total Time": 2003.095, "Actual Rows": 4808, "Actual Loops": 1, "Inner Unique": true, "Plans": [{"Node Type": "Nested Loop", "Parent Relationship": "Outer", "Join Type": "Inner", "Startup Cost": 4841.46, "Total Cost": 164987.56, "Plan Rows": 44, "Plan Width": 79, "Actual Startup Time": 458.331, "Actual Total Time": 1975.536, "Actual Rows": 4808, "Actual Loops": 1, "Inner Unique": false, "Join Filter": "(t.id = mk.movie_id)", "Rows Removed by Join Filter": 0, "Plans": [{"Node Type": "Nested Loop", "Parent Relationship": "Outer", "Join Type": "Inner", "Startup Cost": 4841.46, "Total Cost": 164984.18, "Plan Rows": 6, "Plan Width": 71, "Actual Startup Time": 458.299, "Actual Total Time": 1959.669, "Actual Rows": 1488, "Actual Loops": 1, "Inner Unique": true, "Plans": [{"Node Type": "Nested Loop", "Parent Relationship": "Outer", "Join Type": "Inner", "Startup Cost": 4841.46, "Total Cost": 164981.02, "Plan Rows": 11, "Plan Width": 75, "Actual Startup Time": 458.266, "Actual Total Time": 1944.378, "Actual Rows": 1599, "Actual Loops": 1, "Inner Unique": true, "Join Filter": "(mc.company_type_id = ct.id)", "Rows Removed by Join Filter": 3855, "Plans": [{"Node Type": "Nested Loop", "Parent Relationship": "Outer", "Join Type": "Inner", "Startup Cost": 4841.46, "Total Cost": 164979.44, "Plan Rows": 12, "Plan Width": 79, "Actual Startup Time": 458.23, "Actual Total Time": 1941.297, "Actual Rows": 2884, "Actual Loops": 1, "Inner Unique": false, "Plans": [{"Node Type": "Nested Loop", "Parent Relationship": "Outer", "Join Type": "Inner", "Startup Cost": 4841.46, "Total Cost": 164977.23, "Plan Rows": 6, "Plan Width": 67, "Actual Startup Time": 458.206, "Actual Total Time": 1921.5, "Actual Rows": 1782, "Actual Loops": 1, "Inner Unique": true, "Plans": [{"Node Type": "Nested Loop", "Parent Relationship": "Outer", "Join Type": "Inner", "Startup Cost": 4841.46, "Total Cost": 164944.29, "Plan Rows": 4, "Plan Width": 46, "Actual Startup Time": 458.161, "Actual Total Time": 1902.664, "Actual Rows": 1783, "Actual Loops": 1, "Inner Unique": false, "Plans": [{"Node Type": "Seq Scan", "Parent Relationship": "Outer", "Relation Name": "info_type", "Alias": "it1", "Startup Cost": 0.0, "Total Cost": 2.4, "Plan Rows": 1, "Plan Width": 4, "Actual Startup Time": 0.044, "Actual Total Time": 0.091, "Actual Rows": 1, "Actual Loops": 1, "Filter": "((info)::text = 'release dates'::text)", "Rows Removed by Filter": 111}, {"Node Type": "Bitmap Heap Scan", "Parent Relationship": "Inner", "Relation Name": "movie_info", "Alias": "mi", "Startup Cost": 4841.46, "Total Cost": 164941.85, "Plan Rows": 4, "Plan Width": 50, "Actual Startup Time": 458.109, "Actual Total Time": 1901.903, "Actual Rows": 1783, "Actual Loops": 1, "Recheck Cond": "(info_type_id = it1.id)", "Rows Removed by Index Recheck": 0, "Filter": "((info IS NOT NULL) AND ((note)::text ~~ '%internet%'::text) AND (((info)::text ~~ 'USA:% 199%'::text) OR ((info)::text ~~ 'USA:% 200%'::text)))", "Rows Removed by Filter": 3034936, "Exact Heap Blocks": 21947, "Lossy Heap Blocks": 21947, "Plans": [{"Node Type": "Bitmap Index Scan", "Parent Relationship": "Outer", "Index Name": "info_type_id_movie_info", "Startup Cost": 0.0, "Total Cost": 4841.46, "Plan Rows": 212428, "Plan Width": 0, "Actual Startup Time": 452.453, "Actual Total Time": 452.453, "Actual Rows": 3036719, "Actual Loops": 1, "Index Cond": "(info_type_id = it1.id)"}]}]}, {"Node Type": "Index Scan", "Parent Relationship": "Inner", "Scan Direction": "Forward", "Index Name": "title_pkey", "Relation Name": "title", "Alias": "t", "Startup Cost": 0.0, "Total Cost": 8.23, "Plan Rows": 1, "Plan Width": 21, "Actual Startup Time": 16.406, "Actual Total Time": 16.406, "Actual Rows": 1782, "Actual Loops": 1783, "Index Cond": "(id = mi.movie_id)", "Rows Removed by Index Recheck": 0, "Filter": "(production_year > 1990)", "Rows Removed by Filter": 1}]}, {"Node Type": "Index Scan", "Parent Relationship": "Inner", "Scan Direction": "Forward", "Index Name": "movie_id_movie_companies", "Relation Name": "movie_companies", "Alias": "mc", "Startup Cost": 0.0, "Total Cost": 0.35, "Plan Rows": 2, "Plan Width": 12, "Actual Startup Time": 14.04, "Actual Total Time": 17.553, "Actual Rows": 2884, "Actual Loops": 1782, "Index Cond": "(movie_id = t.id)", "Rows Removed by Index Recheck": 0}]}, {"Node Type": "Materialize", "Parent Relationship": "Inner", "Startup Cost": 0.0, "Total Cost": 1.04, "Plan Rows": 3, "Plan Width": 4, "Actual Startup Time": 0.411, "Actual Total Time": 0.754, "Actual Rows": 5454, "Actual Loops": 2884, "Plans": [{"Node Type": "Seq Scan", "Parent Relationship": "Outer", "Relation Name": "company_type", "Alias": "ct", "Startup Cost": 0.0, "Total Cost": 1.03, "Plan Rows": 3, "Plan Width": 4, "Actual Startup Time": 0.011, "Actual Total Time": 0.014, "Actual Rows": 3, "Actual Loops": 1}]}]}, {"Node Type": "Index Scan", "Parent Relationship": "Inner", "Scan Direction": "Forward", "Index Name": "company_name_pkey", "Relation Name": "company_name", "Alias": "cn", "Startup Cost": 0.0, "Total Cost": 0.28, "Plan Rows": 1, "Plan Width": 4, "Actual Startup Time": 13.293, "Actual Total Time": 13.293, "Actual Rows": 1488, "Actual Loops": 1599, "Index Cond": "(id = mc.company_id)", "Rows Removed by Index Recheck": 0, "Filter": "((country_code)::text = '[us]'::text)", "Rows Removed by Filter": 111}]}, {"Node Type": "Index Scan", "Parent Relationship": "Inner", "Scan Direction": "Forward", "Index Name": "movie_id_movie_keyword", "Relation Name": "movie_keyword", "Alias": "mk", "Startup Cost": 0.0, "Total Cost": 0.46, "Plan Rows": 8, "Plan Width": 8, "Actual Startup Time": 10.265, "Actual Total Time": 12.479, "Actual Rows": 4808, "Actual Loops": 1488, "Index Cond": "(movie_id = mc.movie_id)", "Rows Removed by Index Recheck": 0}]}, {"Node Type": "Index Scan", "Parent Relationship": "Inner", "Scan Direction": "Forward", "Index Name": "keyword_pkey", "Relation Name": "keyword", "Alias": "k", "Startup Cost": 0.0, "Total Cost": 0.27, "Plan Rows": 1, "Plan Width": 4, "Actual Startup Time": 23.461, "Actual Total Time": 23.461, "Actual Rows": 4808, "Actual Loops": 4808, "Index Cond": "(id = mk.keyword_id)", "Rows Removed by Index Recheck": 0}]}, {"Node Type": "Index Scan", "Parent Relationship": "Inner", "Scan Direction": "Forward", "Index Name": "movie_id_aka_title", "Relation Name": "aka_title", "Alias": "at", "Startup Cost": 0.0, "Total Cost": 0.32, "Plan Rows": 3, "Plan Width": 4, "Actual Startup Time": 11.909, "Actual Total Time": 12.485, "Actual Rows": 1140, "Actual Loops": 4808, "Index Cond": "(movie_id = mk.movie_id)", "Rows Removed by Index Recheck": 0}]}]}, "Triggers": [], "Planner Runtime": 123.563, "Total Runtime": 2020.157, "Unique SQL Id": 2846462052}}, "(1, 21)": {"explain_plan": {"Plan": {"Node Type": "Aggregate", "Strategy": "Plain", "Startup Cost": 165029.47, "Total Cost": 165029.48, "Plan Rows": 1, "Plan Width": 123, "Plans": [{"Node Type": "Nested Loop", "Parent Relationship": "Outer", "Join Type": "Inner", "Startup Cost": 4841.46, "Total Cost": 165028.8, "Plan Rows": 134, "Plan Width": 59, "Inner Unique": false, "Join Filter": "(t.id = at.movie_id)", "Plans": [{"Node Type": "Nested Loop", "Parent Relationship": "Outer", "Join Type": "Inner", "Startup Cost": 4841.46, "Total Cost": 165013.23, "Plan Rows": 44, "Plan Width": 75, "Inner Unique": true, "Plans": [{"Node Type": "Nested Loop", "Parent Relationship": "Outer", "Join Type": "Inner", "Startup Cost": 4841.46, "Total Cost": 165000.88, "Plan Rows": 44, "Plan Width": 79, "Inner Unique": false, "Join Filter": "(t.id = mk.movie_id)", "Plans": [{"Node Type": "Nested Loop", "Parent Relationship": "Outer", "Join Type": "Inner", "Startup Cost": 4841.46, "Total Cost": 164997.5, "Plan Rows": 6, "Plan Width": 71, "Inner Unique": true, "Plans": [{"Node Type": "Nested Loop", "Parent Relationship": "Outer", "Join Type": "Inner", "Startup Cost": 4841.46, "Total Cost": 164994.7, "Plan Rows": 10, "Plan Width": 75, "Inner Unique": true, "Plans": [{"Node Type": "Nested Loop", "Parent Relationship": "Outer", "Join Type": "Inner", "Startup Cost": 4841.46, "Total Cost": 164991.25, "Plan Rows": 12, "Plan Width": 79, "Inner Unique": false, "Plans": [{"Node Type": "Nested Loop", "Parent Relationship": "Outer", "Join Type": "Inner", "Startup Cost": 4841.46, "Total Cost": 164989.04, "Plan Rows": 6, "Plan Width": 67, "Inner Unique": true, "Plans": [{"Node Type": "Nested Loop", "Parent Relationship": "Outer", "Join Type": "Inner", "Startup Cost": 4841.46, "Total Cost": 164956.1, "Plan Rows": 4, "Plan Width": 46, "Inner Unique": false, "Plans": [{"Node Type": "Index Scan", "Parent Relationship": "Outer", "Scan Direction": "Forward", "Index Name": "info_type_pkey", "Relation Name": "info_type", "Alias": "it1", "Startup Cost": 0.0, "Total Cost": 14.21, "Plan Rows": 1, "Plan Width": 4, "Filter": "((info)::text = 'release dates'::text)"}, {"Node Type": "Bitmap Heap Scan", "Parent Relationship": "Inner", "Relation Name": "movie_info", "Alias": "mi", "Startup Cost": 4841.46, "Total Cost": 164941.85, "Plan Rows": 4, "Plan Width": 50, "Recheck Cond": "(info_type_id = it1.id)", "Filter": "((info IS NOT NULL) AND ((note)::text ~~ '%internet%'::text) AND (((info)::text ~~ 'USA:% 199%'::text) OR ((info)::text ~~ 'USA:% 200%'::text)))", "Plans": [{"Node Type": "Bitmap Index Scan", "Parent Relationship": "Outer", "Index Name": "info_type_id_movie_info", "Startup Cost": 0.0, "Total Cost": 4841.46, "Plan Rows": 212428, "Plan Width": 0, "Index Cond": "(info_type_id = it1.id)"}]}]}, {"Node Type": "Index Scan", "Parent Relationship": "Inner", "Scan Direction": "Forward", "Index Name": "title_pkey", "Relation Name": "title", "Alias": "t", "Startup Cost": 0.0, "Total Cost": 8.23, "Plan Rows": 1, "Plan Width": 21, "Index Cond": "(id = mi.movie_id)", "Filter": "(production_year > 1990)"}]}, {"Node Type": "Index Scan", "Parent Relationship": "Inner", "Scan Direction": "Forward", "Index Name": "movie_id_movie_companies", "Relation Name": "movie_companies", "Alias": "mc", "Startup Cost": 0.0, "Total Cost": 0.35, "Plan Rows": 2, "Plan Width": 12, "Index Cond": "(movie_id = t.id)"}]}, {"Node Type": "Index Scan", "Parent Relationship": "Inner", "Scan Direction": "Forward", "Index Name": "company_name_pkey", "Relation Name": "company_name", "Alias": "cn", "Startup Cost": 0.0, "Total Cost": 0.28, "Plan Rows": 1, "Plan Width": 4, "Index Cond": "(id = mc.company_id)", "Filter": "((country_code)::text = '[us]'::text)"}]}, {"Node Type": "Index Scan", "Parent Relationship": "Inner", "Scan Direction": "Forward", "Index Name": "company_type_pkey", "Relation Name": "company_type", "Alias": "ct", "Startup Cost": 0.0, "Total Cost": 0.27, "Plan Rows": 1, "Plan Width": 4, "Index Cond": "(id = mc.company_type_id)"}]}, {"Node Type": "Index Scan", "Parent Relationship": "Inner", "Scan Direction": "Forward", "Index Name": "movie_id_movie_keyword", "Relation Name": "movie_keyword", "Alias": "mk", "Startup Cost": 0.0, "Total Cost": 0.46, "Plan Rows": 8, "Plan Width": 8, "Index Cond": "(movie_id = mc.movie_id)"}]}, {"Node Type": "Index Scan", "Parent Relationship": "Inner", "Scan Direction": "Forward", "Index Name": "keyword_pkey", "Relation Name": "keyword", "Alias": "k", "Startup Cost": 0.0, "Total Cost": 0.27, "Plan Rows": 1, "Plan Width": 4, "Index Cond": "(id = mk.keyword_id)"}]}, {"Node Type": "Index Scan", "Parent Relationship": "Inner", "Scan Direction": "Forward", "Index Name": "movie_id_aka_title", "Relation Name": "aka_title", "Alias": "at", "Startup Cost": 0.0, "Total Cost": 0.32, "Plan Rows": 3, "Plan Width": 4, "Index Cond": "(movie_id = mk.movie_id)"}]}]}, "Unique SQL Id": 2846462052}, "explain_analyze_plan": {"Plan": {"Node Type": "Aggregate", "Strategy": "Plain", "Startup Cost": 165029.47, "Total Cost": 165029.48, "Plan Rows": 1, "Plan Width": 123, "Actual Startup Time": 1834.627, "Actual Total Time": 1834.627, "Actual Rows": 1, "Actual Loops": 1, "Plans": [{"Node Type": "Nested Loop", "Parent Relationship": "Outer", "Join Type": "Inner", "Startup Cost": 4841.46, "Total Cost": 165028.8, "Plan Rows": 134, "Plan Width": 59, "Actual Startup Time": 431.455, "Actual Total Time": 1833.736, "Actual Rows": 1140, "Actual Loops": 1, "Inner Unique": false, "Join Filter": "(t.id = at.movie_id)", "Rows Removed by Join Filter": 0, "Plans": [{"Node Type": "Nested Loop", "Parent Relationship": "Outer", "Join Type": "Inner", "Startup Cost": 4841.46, "Total Cost": 165013.23, "Plan Rows": 44, "Plan Width": 75, "Actual Startup Time": 383.562, "Actual Total Time": 1818.638, "Actual Rows": 4808, "Actual Loops": 1, "Inner Unique": true, "Plans": [{"Node Type": "Nested Loop", "Parent Relationship": "Outer", "Join Type": "Inner", "Startup Cost": 4841.46, "Total Cost": 165000.88, "Plan Rows": 44, "Plan Width": 79, "Actual Startup Time": 383.548, "Actual Total Time": 1794.909, "Actual Rows": 4808, "Actual Loops": 1, "Inner Unique": false, "Join Filter": "(t.id = mk.movie_id)", "Rows Removed by Join Filter": 0, "Plans": [{"Node Type": "Nested Loop", "Parent Relationship": "Outer", "Join Type": "Inner", "Startup Cost": 4841.46, "Total Cost": 164997.5, "Plan Rows": 6, "Plan Width": 71, "Actual Startup Time": 383.53, "Actual Total Time": 1781.383, "Actual Rows": 1488, "Actual Loops": 1, "Inner Unique": true, "Plans": [{"Node Type": "Nested Loop", "Parent Relationship": "Outer", "Join Type": "Inner", "Startup Cost": 4841.46, "Total Cost": 164994.7, "Plan Rows": 10, "Plan Width": 75, "Actual Startup Time": 383.51, "Actual Total Time": 1775.553, "Actual Rows": 2647, "Actual Loops": 1, "Inner Unique": true, "Plans": [{"Node Type": "Nested Loop", "Parent Relationship": "Outer", "Join Type": "Inner", "Startup Cost": 4841.46, "Total Cost": 164991.25, "Plan Rows": 12, "Plan Width": 79, "Actual Startup Time": 383.492, "Actual Total Time": 1756.711, "Actual Rows": 2884, "Actual Loops": 1, "Inner Unique": false, "Plans": [{"Node Type": "Nested Loop", "Parent Relationship": "Outer", "Join Type": "Inner", "Startup Cost": 4841.46, "Total Cost": 164989.04, "Plan Rows": 6, "Plan Width": 67, "Actual Startup Time": 383.478, "Actual Total Time": 1740.186, "Actual Rows": 1782, "Actual Loops": 1, "Inner Unique": true, "Plans": [{"Node Type": "Nested Loop", "Parent Relationship": "Outer", "Join Type": "Inner", "Startup Cost": 4841.46, "Total Cost": 164956.1, "Plan Rows": 4, "Plan Width": 46, "Actual Startup Time": 383.429, "Actual Total Time": 1724.103, "Actual Rows": 1783, "Actual Loops": 1, "Inner Unique": false, "Plans": [{"Node Type": "Index Scan", "Parent Relationship": "Outer", "Scan Direction": "Forward", "Index Name": "info_type_pkey", "Relation Name": "info_type", "Alias": "it1", "Startup Cost": 0.0, "Total Cost": 14.21, "Plan Rows": 1, "Plan Width": 4, "Actual Startup Time": 0.04, "Actual Total Time": 0.094, "Actual Rows": 1, "Actual Loops": 1, "Filter": "((info)::text = 'release dates'::text)", "Rows Removed by Filter": 111}, {"Node Type": "Bitmap Heap Scan", "Parent Relationship": "Inner", "Relation Name": "movie_info", "Alias": "mi", "Startup Cost": 4841.46, "Total Cost": 164941.85, "Plan Rows": 4, "Plan Width": 50, "Actual Startup Time": 383.379, "Actual Total Time": 1723.405, "Actual Rows": 1783, "Actual Loops": 1, "Recheck Cond": "(info_type_id = it1.id)", "Rows Removed by Index Recheck": 0, "Filter": "((info IS NOT NULL) AND ((note)::text ~~ '%internet%'::text) AND (((info)::text ~~ 'USA:% 199%'::text) OR ((info)::text ~~ 'USA:% 200%'::text)))", "Rows Removed by Filter": 3034936, "Exact Heap Blocks": 21947, "Lossy Heap Blocks": 21947, "Plans": [{"Node Type": "Bitmap Index Scan", "Parent Relationship": "Outer", "Index Name": "info_type_id_movie_info", "Startup Cost": 0.0, "Total Cost": 4841.46, "Plan Rows": 212428, "Plan Width": 0, "Actual Startup Time": 378.011, "Actual Total Time": 378.011, "Actual Rows": 3036719, "Actual Loops": 1, "Index Cond": "(info_type_id = it1.id)"}]}]}, {"Node Type": "Index Scan", "Parent Relationship": "Inner", "Scan Direction": "Forward", "Index Name": "title_pkey", "Relation Name": "title", "Alias": "t", "Startup Cost": 0.0, "Total Cost": 8.23, "Plan Rows": 1, "Plan Width": 21, "Actual Startup Time": 13.556, "Actual Total Time": 13.556, "Actual Rows": 1782, "Actual Loops": 1783, "Index Cond": "(id = mi.movie_id)", "Rows Removed by Index Recheck": 0, "Filter": "(production_year > 1990)", "Rows Removed by Filter": 1}]}, {"Node Type": "Index Scan", "Parent Relationship": "Inner", "Scan Direction": "Forward", "Index Name": "movie_id_movie_companies", "Relation Name": "movie_companies", "Alias": "mc", "Startup Cost": 0.0, "Total Cost": 0.35, "Plan Rows": 2, "Plan Width": 12, "Actual Startup Time": 11.386, "Actual Total Time": 14.42, "Actual Rows": 2884, "Actual Loops": 1782, "Index Cond": "(movie_id = t.id)", "Rows Removed by Index Recheck": 0}]}, {"Node Type": "Index Scan", "Parent Relationship": "Inner", "Scan Direction": "Forward", "Index Name": "company_name_pkey", "Relation Name": "company_name", "Alias": "cn", "Startup Cost": 0.0, "Total Cost": 0.28, "Plan Rows": 1, "Plan Width": 4, "Actual Startup Time": 15.918, "Actual Total Time": 15.918, "Actual Rows": 2647, "Actual Loops": 2884, "Index Cond": "(id = mc.company_id)", "Rows Removed by Index Recheck": 0, "Filter": "((country_code)::text = '[us]'::text)", "Rows Removed by Filter": 237}]}, {"Node Type": "Index Scan", "Parent Relationship": "Inner", "Scan Direction": "Forward", "Index Name": "company_type_pkey", "Relation Name": "company_type", "Alias": "ct", "Startup Cost": 0.0, "Total Cost": 0.27, "Plan Rows": 1, "Plan Width": 4, "Actual Startup Time": 3.436, "Actual Total Time": 3.436, "Actual Rows": 1488, "Actual Loops": 2647, "Index Cond": "(id = mc.company_type_id)", "Rows Removed by Index Recheck": 0}]}, {"Node Type": "Index Scan", "Parent Relationship": "Inner", "Scan Direction": "Forward", "Index Name": "movie_id_movie_keyword", "Relation Name": "movie_keyword", "Alias": "mk", "Startup Cost": 0.0, "Total Cost": 0.46, "Plan Rows": 8, "Plan Width": 8, "Actual Startup Time": 8.174, "Actual Total Time": 10.282, "Actual Rows": 4808, "Actual Loops": 1488, "Index Cond": "(movie_id = mc.movie_id)", "Rows Removed by Index Recheck": 0}]}, {"Node Type": "Index Scan", "Parent Relationship": "Inner", "Scan Direction": "Forward", "Index Name": "keyword_pkey", "Relation Name": "keyword", "Alias": "k", "Startup Cost": 0.0, "Total Cost": 0.27, "Plan Rows": 1, "Plan Width": 4, "Actual Startup Time": 19.766, "Actual Total Time": 19.766, "Actual Rows": 4808, "Actual Loops": 4808, "Index Cond": "(id = mk.keyword_id)", "Rows Removed by Index Recheck": 0}]}, {"Node Type": "Index Scan", "Parent Relationship": "Inner", "Scan Direction": "Forward", "Index Name": "movie_id_aka_title", "Relation Name": "aka_title", "Alias": "at", "Startup Cost": 0.0, "Total Cost": 0.32, "Plan Rows": 3, "Plan Width": 4, "Actual Startup Time": 11.387, "Actual Total Time": 11.961, "Actual Rows": 1140, "Actual Loops": 4808, "Index Cond": "(movie_id = mk.movie_id)", "Rows Removed by Index Recheck": 0}]}]}, "Triggers": [], "Planner Runtime": 124.493, "Total Runtime": 1835.167, "Unique SQL Id": 2846462052}}, "(1, 22)": {"explain_plan": {"Plan": {"Node Type": "Aggregate", "Strategy": "Plain", "Startup Cost": 166020.69, "Total Cost": 166020.7, "Plan Rows": 1, "Plan Width": 123, "Plans": [{"Node Type": "Nested Loop", "Parent Relationship": "Outer", "Join Type": "Inner", "Startup Cost": 4846.74, "Total Cost": 166020.02, "Plan Rows": 134, "Plan Width": 59, "Inner Unique": true, "Join Filter": "(at.movie_id = t.id)", "Plans": [{"Node Type": "Nested Loop", "Parent Relationship": "Outer", "Join Type": "Inner", "Startup Cost": 4846.47, "Total Cost": 165603.56, "Plan Rows": 97, "Plan Width": 58, "Inner Unique": true, "Plans": [{"Node Type": "Nested Loop", "Parent Relationship": "Outer", "Join Type": "Inner", "Startup Cost": 4846.22, "Total Cost": 165188.37, "Plan Rows": 97, "Plan Width": 62, "Inner Unique": false, "Join Filter": "(at.movie_id = mk.movie_id)", "Plans": [{"Node Type": "Nested Loop", "Parent Relationship": "Outer", "Join Type": "Inner", "Startup Cost": 4845.88, "Total Cost": 165133.92, "Plan Rows": 12, "Plan Width": 54, "Inner Unique": true, "Join Filter": "(mc.company_type_id = ct.id)", "Plans": [{"Node Type": "Nested Loop", "Parent Relationship": "Outer", "Join Type": "Inner", "Startup Cost": 4845.88, "Total Cost": 165132.34, "Plan Rows": 12, "Plan Width": 58, "Inner Unique": true, "Plans": [{"Node Type": "Nested Loop", "Parent Relationship": "Outer", "Join Type": "Inner", "Startup Cost": 4845.62, "Total Cost": 165046.67, "Plan Rows": 20, "Plan Width": 62, "Inner Unique": false, "Plans": [{"Node Type": "Nested Loop", "Parent Relationship": "Outer", "Join Type": "Inner", "Startup Cost": 4845.25, "Total Cost": 165006.92, "Plan Rows": 9, "Plan Width": 50, "Inner Unique": false, "Plans": [{"Node Type": "Nested Loop", "Parent Relationship": "Outer", "Join Type": "Inner", "Startup Cost": 4841.46, "Total Cost": 164944.29, "Plan Rows": 4, "Plan Width": 46, "Inner Unique": false, "Plans": [{"Node Type": "Seq Scan", "Parent Relationship": "Outer", "Relation Name": "info_type", "Alias": "it1", "Startup Cost": 0.0, "Total Cost": 2.4, "Plan Rows": 1, "Plan Width": 4, "Filter": "((info)::text = 'release dates'::text)"}, {"Node Type": "Bitmap Heap Scan", "Parent Relationship": "Inner", "Relation Name": "movie_info", "Alias": "mi", "Startup Cost": 4841.46, "Total Cost": 164941.85, "Plan Rows": 4, "Plan Width": 50, "Recheck Cond": "(info_type_id = it1.id)", "Filter": "((info IS NOT NULL) AND ((note)::text ~~ '%internet%'::text) AND (((info)::text ~~ 'USA:% 199%'::text) OR ((info)::text ~~ 'USA:% 200%'::text)))", "Plans": [{"Node Type": "Bitmap Index Scan", "Parent Relationship": "Outer", "Index Name": "info_type_id_movie_info", "Startup Cost": 0.0, "Total Cost": 4841.46, "Plan Rows": 212428, "Plan Width": 0, "Index Cond": "(info_type_id = it1.id)"}]}]}, {"Node Type": "Bitmap Heap Scan", "Parent Relationship": "Inner", "Relation Name": "aka_title", "Alias": "at", "Startup Cost": 3.79, "Total Cost": 15.63, "Plan Rows": 3, "Plan Width": 4, "Recheck Cond": "(movie_id = mi.movie_id)", "Plans": [{"Node Type": "Bitmap Index Scan", "Parent Relationship": "Outer", "Index Name": "movie_id_aka_title", "Startup Cost": 0.0, "Total Cost": 3.79, "Plan Rows": 3, "Plan Width": 0, "Index Cond": "(movie_id = mi.movie_id)"}]}]}, {"Node Type": "Bitmap Heap Scan", "Parent Relationship": "Inner", "Relation Name": "movie_companies", "Alias": "mc", "Startup Cost": 0.37, "Total Cost": 4.4, "Plan Rows": 2, "Plan Width": 12, "Recheck Cond": "(movie_id = at.movie_id)", "Plans": [{"Node Type": "Bitmap Index Scan", "Parent Relationship": "Outer", "Index Name": "movie_id_movie_companies", "Startup Cost": 0.0, "Total Cost": 0.37, "Plan Rows": 2, "Plan Width": 0, "Index Cond": "(movie_id = at.movie_id)"}]}]}, {"Node Type": "Bitmap Heap Scan", "Parent Relationship": "Inner", "Relation Name": "company_name", "Alias": "cn", "Startup Cost": 0.26, "Total Cost": 4.27, "Plan Rows": 1, "Plan Width": 4, "Recheck Cond": "(id = mc.company_id)", "Filter": "((country_code)::text = '[us]'::text)", "Plans": [{"Node Type": "Bitmap Index Scan", "Parent Relationship": "Outer", "Index Name": "company_name_pkey", "Startup Cost": 0.0, "Total Cost": 0.26, "Plan Rows": 1, "Plan Width": 0, "Index Cond": "(id = mc.company_id)"}]}]}, {"Node Type": "Materialize", "Parent Relationship": "Inner", "Startup Cost": 0.0, "Total Cost": 1.04, "Plan Rows": 3, "Plan Width": 4, "Plans": [{"Node Type": "Seq Scan", "Parent Relationship": "Outer", "Relation Name": "company_type", "Alias": "ct", "Startup Cost": 0.0, "Total Cost": 1.03, "Plan Rows": 3, "Plan Width": 4}]}]}, {"Node Type": "Bitmap Heap Scan", "Parent Relationship": "Inner", "Relation Name": "movie_keyword", "Alias": "mk", "Startup Cost": 0.34, "Total Cost": 4.44, "Plan Rows": 8, "Plan Width": 8, "Recheck Cond": "(movie_id = mc.movie_id)", "Plans": [{"Node Type": "Bitmap Index Scan", "Parent Relationship": "Outer", "Index Name": "movie_id_movie_keyword", "Startup Cost": 0.0, "Total Cost": 0.34, "Plan Rows": 8, "Plan Width": 0, "Index Cond": "(movie_id = mc.movie_id)"}]}]}, {"Node Type": "Bitmap Heap Scan", "Parent Relationship": "Inner", "Relation Name": "keyword", "Alias": "k", "Startup Cost": 0.26, "Total Cost": 4.27, "Plan Rows": 1, "Plan Width": 4, "Recheck Cond": "(id = mk.keyword_id)", "Plans": [{"Node Type": "Bitmap Index Scan", "Parent Relationship": "Outer", "Index Name": "keyword_pkey", "Startup Cost": 0.0, "Total Cost": 0.26, "Plan Rows": 1, "Plan Width": 0, "Index Cond": "(id = mk.keyword_id)"}]}]}, {"Node Type": "Bitmap Heap Scan", "Parent Relationship": "Inner", "Relation Name": "title", "Alias": "t", "Startup Cost": 0.27, "Total Cost": 4.28, "Plan Rows": 1, "Plan Width": 21, "Recheck Cond": "(id = mk.movie_id)", "Filter": "(production_year > 1990)", "Plans": [{"Node Type": "Bitmap Index Scan", "Parent Relationship": "Outer", "Index Name": "title_pkey", "Startup Cost": 0.0, "Total Cost": 0.27, "Plan Rows": 1, "Plan Width": 0, "Index Cond": "(id = mk.movie_id)"}]}]}]}, "Unique SQL Id": 2846462052}, "explain_analyze_plan": {"Plan": {"Node Type": "Aggregate", "Strategy": "Plain", "Startup Cost": 166020.69, "Total Cost": 166020.7, "Plan Rows": 1, "Plan Width": 123, "Actual Startup Time": 1830.907, "Actual Total Time": 1830.907, "Actual Rows": 1, "Actual Loops": 1, "Plans": [{"Node Type": "Nested Loop", "Parent Relationship": "Outer", "Join Type": "Inner", "Startup Cost": 4846.74, "Total Cost": 166020.02, "Plan Rows": 134, "Plan Width": 59, "Actual Startup Time": 421.782, "Actual Total Time": 1829.843, "Actual Rows": 1140, "Actual Loops": 1, "Inner Unique": true, "Join Filter": "(at.movie_id = t.id)", "Rows Removed by Join Filter": 0, "Plans": [{"Node Type": "Nested Loop", "Parent Relationship": "Outer", "Join Type": "Inner", "Startup Cost": 4846.47, "Total Cost": 165603.56, "Plan Rows": 97, "Plan Width": 58, "Actual Startup Time": 421.747, "Actual Total Time": 1822.99, "Actual Rows": 1140, "Actual Loops": 1, "Inner Unique": true, "Plans": [{"Node Type": "Nested Loop", "Parent Relationship": "Outer", "Join Type": "Inner", "Startup Cost": 4846.22, "Total Cost": 165188.37, "Plan Rows": 97, "Plan Width": 62, "Actual Startup Time": 421.731, "Actual Total Time": 1814.023, "Actual Rows": 1140, "Actual Loops": 1, "Inner Unique": false, "Join Filter": "(at.movie_id = mk.movie_id)", "Rows Removed by Join Filter": 0, "Plans": [{"Node Type": "Nested Loop", "Parent Relationship": "Outer", "Join Type": "Inner", "Startup Cost": 4845.88, "Total Cost": 165133.92, "Plan Rows": 12, "Plan Width": 54, "Actual Startup Time": 421.701, "Actual Total Time": 1811.658, "Actual Rows": 119, "Actual Loops": 1, "Inner Unique": true, "Join Filter": "(mc.company_type_id = ct.id)", "Rows Removed by Join Filter": 495, "Plans": [{"Node Type": "Nested Loop", "Parent Relationship": "Outer", "Join Type": "Inner", "Startup Cost": 4845.88, "Total Cost": 165132.34, "Plan Rows": 12, "Plan Width": 58, "Actual Startup Time": 383.095, "Actual Total Time": 1811.149, "Actual Rows": 284, "Actual Loops": 1, "Inner Unique": true, "Plans": [{"Node Type": "Nested Loop", "Parent Relationship": "Outer", "Join Type": "Inner", "Startup Cost": 4845.62, "Total Cost": 165046.67, "Plan Rows": 20, "Plan Width": 62, "Actual Startup Time": 383.05, "Actual Total Time": 1807.213, "Actual Rows": 400, "Actual Loops": 1, "Inner Unique": false, "Plans": [{"Node Type": "Nested Loop", "Parent Relationship": "Outer", "Join Type": "Inner", "Startup Cost": 4845.25, "Total Cost": 165006.92, "Plan Rows": 9, "Plan Width": 50, "Actual Startup Time": 383.015, "Actual Total Time": 1804.635, "Actual Rows": 120, "Actual Loops": 1, "Inner Unique": false, "Plans": [{"Node Type": "Nested Loop", "Parent Relationship": "Outer", "Join Type": "Inner", "Startup Cost": 4841.46, "Total Cost": 164944.29, "Plan Rows": 4, "Plan Width": 46, "Actual Startup Time": 379.234, "Actual Total Time": 1792.259, "Actual Rows": 1783, "Actual Loops": 1, "Inner Unique": false, "Plans": [{"Node Type": "Seq Scan", "Parent Relationship": "Outer", "Relation Name": "info_type", "Alias": "it1", "Startup Cost": 0.0, "Total Cost": 2.4, "Plan Rows": 1, "Plan Width": 4, "Actual Startup Time": 0.054, "Actual Total Time": 0.099, "Actual Rows": 1, "Actual Loops": 1, "Filter": "((info)::text = 'release dates'::text)", "Rows Removed by Filter": 111}, {"Node Type": "Bitmap Heap Scan", "Parent Relationship": "Inner", "Relation Name": "movie_info", "Alias": "mi", "Startup Cost": 4841.46, "Total Cost": 164941.85, "Plan Rows": 4, "Plan Width": 50, "Actual Startup Time": 379.17, "Actual Total Time": 1791.583, "Actual Rows": 1783, "Actual Loops": 1, "Recheck Cond": "(info_type_id = it1.id)", "Rows Removed by Index Recheck": 0, "Filter": "((info IS NOT NULL) AND ((note)::text ~~ '%internet%'::text) AND (((info)::text ~~ 'USA:% 199%'::text) OR ((info)::text ~~ 'USA:% 200%'::text)))", "Rows Removed by Filter": 3034936, "Exact Heap Blocks": 21947, "Lossy Heap Blocks": 21947, "Plans": [{"Node Type": "Bitmap Index Scan", "Parent Relationship": "Outer", "Index Name": "info_type_id_movie_info", "Startup Cost": 0.0, "Total Cost": 4841.46, "Plan Rows": 212428, "Plan Width": 0, "Actual Startup Time": 373.919, "Actual Total Time": 373.919, "Actual Rows": 3036719, "Actual Loops": 1, "Index Cond": "(info_type_id = it1.id)"}]}]}, {"Node Type": "Bitmap Heap Scan", "Parent Relationship": "Inner", "Relation Name": "aka_title", "Alias": "at", "Startup Cost": 3.79, "Total Cost": 15.63, "Plan Rows": 3, "Plan Width": 4, "Actual Startup Time": 9.46, "Actual Total Time": 9.589, "Actual Rows": 120, "Actual Loops": 1783, "Recheck Cond": "(movie_id = mi.movie_id)", "Rows Removed by Index Recheck": 0, "Exact Heap Blocks": 120, "Lossy Heap Blocks": 120, "Plans": [{"Node Type": "Bitmap Index Scan", "Parent Relationship": "Outer", "Index Name": "movie_id_aka_title", "Startup Cost": 0.0, "Total Cost": 3.79, "Plan Rows": 3, "Plan Width": 0, "Actual Startup Time": 7.889, "Actual Total Time": 7.889, "Actual Rows": 120, "Actual Loops": 1783, "Index Cond": "(movie_id = mi.movie_id)"}]}]}, {"Node Type": "Bitmap Heap Scan", "Parent Relationship": "Inner", "Relation Name": "movie_companies", "Alias": "mc", "Startup Cost": 0.37, "Total Cost": 4.4, "Plan Rows": 2, "Plan Width": 12, "Actual Startup Time": 1.756, "Actual Total Time": 2.095, "Actual Rows": 400, "Actual Loops": 120, "Recheck Cond": "(movie_id = at.movie_id)", "Rows Removed by Index Recheck": 0, "Exact Heap Blocks": 214, "Lossy Heap Blocks": 214, "Plans": [{"Node Type": "Bitmap Index Scan", "Parent Relationship": "Outer", "Index Name": "movie_id_movie_companies", "Startup Cost": 0.0, "Total Cost": 0.37, "Plan Rows": 2, "Plan Width": 0, "Actual Startup Time": 1.046, "Actual Total Time": 1.046, "Actual Rows": 400, "Actual Loops": 120, "Index Cond": "(movie_id = at.movie_id)"}]}]}, {"Node Type": "Bitmap Heap Scan", "Parent Relationship": "Inner", "Relation Name": "company_name", "Alias": "cn", "Startup Cost": 0.26, "Total Cost": 4.27, "Plan Rows": 1, "Plan Width": 4, "Actual Startup Time": 3.24, "Actual Total Time": 3.24, "Actual Rows": 284, "Actual Loops": 400, "Recheck Cond": "(id = mc.company_id)", "Rows Removed by Index Recheck": 0, "Filter": "((country_code)::text = '[us]'::text)", "Rows Removed by Filter": 116, "Exact Heap Blocks": 400, "Lossy Heap Blocks": 400, "Plans": [{"Node Type": "Bitmap Index Scan", "Parent Relationship": "Outer", "Index Name": "company_name_pkey", "Startup Cost": 0.0, "Total Cost": 0.26, "Plan Rows": 1, "Plan Width": 0, "Actual Startup Time": 1.793, "Actual Total Time": 1.793, "Actual Rows": 400, "Actual Loops": 400, "Index Cond": "(id = mc.company_id)"}]}]}, {"Node Type": "Materialize", "Parent Relationship": "Inner", "Startup Cost": 0.0, "Total Cost": 1.04, "Plan Rows": 3, "Plan Width": 4, "Actual Startup Time": 0.084, "Actual Total Time": 0.127, "Actual Rows": 614, "Actual Loops": 284, "Plans": [{"Node Type": "Seq Scan", "Parent Relationship": "Outer", "Relation Name": "company_type", "Alias": "ct", "Startup Cost": 0.0, "Total Cost": 1.03, "Plan Rows": 3, "Plan Width": 4, "Actual Startup Time": 0.013, "Actual Total Time": 0.014, "Actual Rows": 3, "Actual Loops": 1}]}]}, {"Node Type": "Bitmap Heap Scan", "Parent Relationship": "Inner", "Relation Name": "movie_keyword", "Alias": "mk", "Startup Cost": 0.34, "Total Cost": 4.44, "Plan Rows": 8, "Plan Width": 8, "Actual Startup Time": 1.421, "Actual Total Time": 1.626, "Actual Rows": 1140, "Actual Loops": 119, "Recheck Cond": "(movie_id = mc.movie_id)", "Rows Removed by Index Recheck": 0, "Exact Heap Blocks": 91, "Lossy Heap Blocks": 91, "Plans": [{"Node Type": "Bitmap Index Scan", "Parent Relationship": "Outer", "Index Name": "movie_id_movie_keyword", "Startup Cost": 0.0, "Total Cost": 0.34, "Plan Rows": 8, "Plan Width": 0, "Actual Startup Time": 0.909, "Actual Total Time": 0.909, "Actual Rows": 1140, "Actual Loops": 119, "Index Cond": "(movie_id = mc.movie_id)"}]}]}, {"Node Type": "Bitmap Heap Scan", "Parent Relationship": "Inner", "Relation Name": "keyword", "Alias": "k", "Startup Cost": 0.26, "Total Cost": 4.27, "Plan Rows": 1, "Plan Width": 4, "Actual Startup Time": 7.232, "Actual Total Time": 7.232, "Actual Rows": 1140, "Actual Loops": 1140, "Recheck Cond": "(id = mk.keyword_id)", "Rows Removed by Index Recheck": 0, "Exact Heap Blocks": 1140, "Lossy Heap Blocks": 1140, "Plans": [{"Node Type": "Bitmap Index Scan", "Parent Relationship": "Outer", "Index Name": "keyword_pkey", "Startup Cost": 0.0, "Total Cost": 0.26, "Plan Rows": 1, "Plan Width": 0, "Actual Startup Time": 4.41, "Actual Total Time": 4.41, "Actual Rows": 1140, "Actual Loops": 1140, "Index Cond": "(id = mk.keyword_id)"}]}]}, {"Node Type": "Bitmap Heap Scan", "Parent Relationship": "Inner", "Relation Name": "title", "Alias": "t", "Startup Cost": 0.27, "Total Cost": 4.28, "Plan Rows": 1, "Plan Width": 21, "Actual Startup Time": 4.989, "Actual Total Time": 4.989, "Actual Rows": 1140, "Actual Loops": 1140, "Recheck Cond": "(id = mk.movie_id)", "Rows Removed by Index Recheck": 0, "Filter": "(production_year > 1990)", "Rows Removed by Filter": 0, "Exact Heap Blocks": 1140, "Lossy Heap Blocks": 1140, "Plans": [{"Node Type": "Bitmap Index Scan", "Parent Relationship": "Outer", "Index Name": "title_pkey", "Startup Cost": 0.0, "Total Cost": 0.27, "Plan Rows": 1, "Plan Width": 0, "Actual Startup Time": 2.968, "Actual Total Time": 2.968, "Actual Rows": 1140, "Actual Loops": 1140, "Index Cond": "(id = mk.movie_id)"}]}]}]}, "Triggers": [], "Planner Runtime": 138.665, "Total Runtime": 1831.387, "Unique SQL Id": 2846462052}}, "(1, 23)": {"explain_plan": {"Plan": {"Node Type": "Aggregate", "Strategy": "Plain", "Startup Cost": 1000003810823.99, "Total Cost": 1000003810824.0, "Plan Rows": 1, "Plan Width": 123, "Plans": [{"Node Type": "Nested Loop", "Parent Relationship": "Outer", "Join Type": "Inner", "Startup Cost": 10000000002.95, "Total Cost": 1000003810823.33, "Plan Rows": 132, "Plan Width": 59, "Inner Unique": true, "Join Filter": "(at.movie_id = t.id)", "Plans": [{"Node Type": "Nested Loop", "Parent Relationship": "Outer", "Join Type": "Inner", "Startup Cost": 10000000002.69, "Total Cost": 1000003810415.45, "Plan Rows": 95, "Plan Width": 58, "Inner Unique": true, "Plans": [{"Node Type": "Nested Loop", "Parent Relationship": "Outer", "Join Type": "Inner", "Startup Cost": 10000000002.43, "Total Cost": 1000003810000.27, "Plan Rows": 97, "Plan Width": 62, "Inner Unique": false, "Join Filter": "(at.movie_id = mk.movie_id)", "Plans": [{"Node Type": "Nested Loop", "Parent Relationship": "Outer", "Join Type": "Inner", "Startup Cost": 10000000002.09, "Total Cost": 1000003809945.81, "Plan Rows": 12, "Plan Width": 54, "Inner Unique": true, "Plans": [{"Node Type": "Nested Loop", "Parent Relationship": "Outer", "Join Type": "Inner", "Startup Cost": 10000000001.84, "Total Cost": 1000003809894.45, "Plan Rows": 12, "Plan Width": 58, "Inner Unique": true, "Plans": [{"Node Type": "Nested Loop", "Parent Relationship": "Outer", "Join Type": "Inner", "Startup Cost": 10000000001.58, "Total Cost": 1000003809808.78, "Plan Rows": 20, "Plan Width": 62, "Inner Unique": false, "Plans": [{"Node Type": "Nested Loop", "Parent Relationship": "Outer", "Join Type": "Inner", "Startup Cost": 10000000001.21, "Total Cost": 1000003809769.03, "Plan Rows": 9, "Plan Width": 50, "Inner Unique": true, "Plans": [{"Node Type": "Nested Loop", "Parent Relationship": "Outer", "Join Type": "Inner", "Startup Cost": 10000000000.92, "Total Cost": 1000003806956.22, "Plan Rows": 652, "Plan Width": 54, "Inner Unique": false, "Plans": [{"Node Type": "Index Scan", "Parent Relationship": "Outer", "Scan Direction": "Forward", "Index Name": "movie_id_aka_title", "Relation Name": "aka_title", "Alias": "at", "Startup Cost": 10000000000.0, "Total Cost": 1000001990001.13, "Plan Rows": 361471, "Plan Width": 4}, {"Node Type": "Bitmap Heap Scan", "Parent Relationship": "Inner", "Relation Name": "movie_info", "Alias": "mi", "Startup Cost": 0.92, "Total Cost": 5.02, "Plan Rows": 1, "Plan Width": 50, "Recheck Cond": "(movie_id = at.movie_id)", "Filter": "((info IS NOT NULL) AND ((note)::text ~~ '%internet%'::text) AND (((info)::text ~~ 'USA:% 199%'::text) OR ((info)::text ~~ 'USA:% 200%'::text)))", "Plans": [{"Node Type": "Bitmap Index Scan", "Parent Relationship": "Outer", "Index Name": "movie_id_movie_info", "Startup Cost": 0.0, "Total Cost": 0.92, "Plan Rows": 5, "Plan Width": 0, "Index Cond": "(movie_id = at.movie_id)"}]}]}, {"Node Type": "Bitmap Heap Scan", "Parent Relationship": "Inner", "Relation Name": "info_type", "Alias": "it1", "Startup Cost": 0.29, "Total Cost": 4.3, "Plan Rows": 1, "Plan Width": 4, "Recheck Cond": "(id = mi.info_type_id)", "Filter": "((info)::text = 'release dates'::text)", "Plans": [{"Node Type": "Bitmap Index Scan", "Parent Relationship": "Outer", "Index Name": "info_type_pkey", "Startup Cost": 0.0, "Total Cost": 0.29, "Plan Rows": 1, "Plan Width": 0, "Index Cond": "(id = mi.info_type_id)"}]}]}, {"Node Type": "Bitmap Heap Scan", "Parent Relationship": "Inner", "Relation Name": "movie_companies", "Alias": "mc", "Startup Cost": 0.37, "Total Cost": 4.4, "Plan Rows": 2, "Plan Width": 12, "Recheck Cond": "(movie_id = at.movie_id)", "Plans": [{"Node Type": "Bitmap Index Scan", "Parent Relationship": "Outer", "Index Name": "movie_id_movie_companies", "Startup Cost": 0.0, "Total Cost": 0.37, "Plan Rows": 2, "Plan Width": 0, "Index Cond": "(movie_id = at.movie_id)"}]}]}, {"Node Type": "Bitmap Heap Scan", "Parent Relationship": "Inner", "Relation Name": "company_name", "Alias": "cn", "Startup Cost": 0.26, "Total Cost": 4.27, "Plan Rows": 1, "Plan Width": 4, "Recheck Cond": "(id = mc.company_id)", "Filter": "((country_code)::text = '[us]'::text)", "Plans": [{"Node Type": "Bitmap Index Scan", "Parent Relationship": "Outer", "Index Name": "company_name_pkey", "Startup Cost": 0.0, "Total Cost": 0.26, "Plan Rows": 1, "Plan Width": 0, "Index Cond": "(id = mc.company_id)"}]}]}, {"Node Type": "Bitmap Heap Scan", "Parent Relationship": "Inner", "Relation Name": "company_type", "Alias": "ct", "Startup Cost": 0.26, "Total Cost": 4.27, "Plan Rows": 1, "Plan Width": 4, "Recheck Cond": "(id = mc.company_type_id)", "Plans": [{"Node Type": "Bitmap Index Scan", "Parent Relationship": "Outer", "Index Name": "company_type_pkey", "Startup Cost": 0.0, "Total Cost": 0.26, "Plan Rows": 1, "Plan Width": 0, "Index Cond": "(id = mc.company_type_id)"}]}]}, {"Node Type": "Bitmap Heap Scan", "Parent Relationship": "Inner", "Relation Name": "movie_keyword", "Alias": "mk", "Startup Cost": 0.34, "Total Cost": 4.44, "Plan Rows": 8, "Plan Width": 8, "Recheck Cond": "(movie_id = mc.movie_id)", "Plans": [{"Node Type": "Bitmap Index Scan", "Parent Relationship": "Outer", "Index Name": "movie_id_movie_keyword", "Startup Cost": 0.0, "Total Cost": 0.34, "Plan Rows": 8, "Plan Width": 0, "Index Cond": "(movie_id = mc.movie_id)"}]}]}, {"Node Type": "Bitmap Heap Scan", "Parent Relationship": "Inner", "Relation Name": "keyword", "Alias": "k", "Startup Cost": 0.26, "Total Cost": 4.27, "Plan Rows": 1, "Plan Width": 4, "Recheck Cond": "(id = mk.keyword_id)", "Plans": [{"Node Type": "Bitmap Index Scan", "Parent Relationship": "Outer", "Index Name": "keyword_pkey", "Startup Cost": 0.0, "Total Cost": 0.26, "Plan Rows": 1, "Plan Width": 0, "Index Cond": "(id = mk.keyword_id)"}]}]}, {"Node Type": "Bitmap Heap Scan", "Parent Relationship": "Inner", "Relation Name": "title", "Alias": "t", "Startup Cost": 0.27, "Total Cost": 4.28, "Plan Rows": 1, "Plan Width": 21, "Recheck Cond": "(id = mk.movie_id)", "Filter": "(production_year > 1990)", "Plans": [{"Node Type": "Bitmap Index Scan", "Parent Relationship": "Outer", "Index Name": "title_pkey", "Startup Cost": 0.0, "Total Cost": 0.27, "Plan Rows": 1, "Plan Width": 0, "Index Cond": "(id = mk.movie_id)"}]}]}]}, "Unique SQL Id": 2846462052}, "explain_analyze_plan": null}, "(1, 24)": {"explain_plan": {"Plan": {"Node Type": "Aggregate", "Strategy": "Plain", "Startup Cost": 408589.3, "Total Cost": 408589.31, "Plan Rows": 1, "Plan Width": 123, "Plans": [{"Node Type": "Nested Loop", "Parent Relationship": "Outer", "Join Type": "Inner", "Startup Cost": 0.0, "Total Cost": 408588.63, "Plan Rows": 134, "Plan Width": 59, "Inner Unique": false, "Plans": [{"Node Type": "Nested Loop", "Parent Relationship": "Outer", "Join Type": "Inner", "Startup Cost": 0.0, "Total Cost": 408573.58, "Plan Rows": 44, "Plan Width": 75, "Inner Unique": true, "Plans": [{"Node Type": "Nested Loop", "Parent Relationship": "Outer", "Join Type": "Inner", "Startup Cost": 0.0, "Total Cost": 408561.26, "Plan Rows": 44, "Plan Width": 79, "Inner Unique": false, "Join Filter": "(t.id = mk.movie_id)", "Plans": [{"Node Type": "Nested Loop", "Parent Relationship": "Outer", "Join Type": "Inner", "Startup Cost": 0.0, "Total Cost": 408557.88, "Plan Rows": 6, "Plan Width": 71, "Inner Unique": true, "Plans": [{"Node Type": "Nested Loop", "Parent Relationship": "Outer", "Join Type": "Inner", "Startup Cost": 0.0, "Total Cost": 408554.72, "Plan Rows": 11, "Plan Width": 75, "Inner Unique": true, "Join Filter": "(mc.company_type_id = ct.id)", "Plans": [{"Node Type": "Nested Loop", "Parent Relationship": "Outer", "Join Type": "Inner", "Startup Cost": 0.0, "Total Cost": 408553.14, "Plan Rows": 12, "Plan Width": 79, "Inner Unique": false, "Plans": [{"Node Type": "Nested Loop", "Parent Relationship": "Outer", "Join Type": "Inner", "Startup Cost": 0.0, "Total Cost": 408550.93, "Plan Rows": 6, "Plan Width": 67, "Inner Unique": true, "Plans": [{"Node Type": "Nested Loop", "Parent Relationship": "Outer", "Join Type": "Inner", "Startup Cost": 0.0, "Total Cost": 408517.99, "Plan Rows": 4, "Plan Width": 46, "Inner Unique": false, "Join Filter": "(it1.id = mi.info_type_id)", "Plans": [{"Node Type": "Seq Scan", "Parent Relationship": "Outer", "Relation Name": "info_type", "Alias": "it1", "Startup Cost": 0.0, "Total Cost": 2.4, "Plan Rows": 1, "Plan Width": 4, "Filter": "((info)::text = 'release dates'::text)"}, {"Node Type": "Seq Scan", "Parent Relationship": "Inner", "Relation Name": "movie_info", "Alias": "mi", "Startup Cost": 0.0, "Total Cost": 408512.41, "Plan Rows": 255, "Plan Width": 50, "Filter": "((info IS NOT NULL) AND ((note)::text ~~ '%internet%'::text) AND (((info)::text ~~ 'USA:% 199%'::text) OR ((info)::text ~~ 'USA:% 200%'::text)))"}]}, {"Node Type": "Index Scan", "Parent Relationship": "Inner", "Scan Direction": "Forward", "Index Name": "title_pkey", "Relation Name": "title", "Alias": "t", "Startup Cost": 0.0, "Total Cost": 8.23, "Plan Rows": 1, "Plan Width": 21, "Index Cond": "(id = mi.movie_id)", "Filter": "(production_year > 1990)"}]}, {"Node Type": "Index Scan", "Parent Relationship": "Inner", "Scan Direction": "Forward", "Index Name": "movie_id_movie_companies", "Relation Name": "movie_companies", "Alias": "mc", "Startup Cost": 0.0, "Total Cost": 0.35, "Plan Rows": 2, "Plan Width": 12, "Index Cond": "(movie_id = t.id)"}]}, {"Node Type": "Materialize", "Parent Relationship": "Inner", "Startup Cost": 0.0, "Total Cost": 1.04, "Plan Rows": 3, "Plan Width": 4, "Plans": [{"Node Type": "Seq Scan", "Parent Relationship": "Outer", "Relation Name": "company_type", "Alias": "ct", "Startup Cost": 0.0, "Total Cost": 1.03, "Plan Rows": 3, "Plan Width": 4}]}]}, {"Node Type": "Index Scan", "Parent Relationship": "Inner", "Scan Direction": "Forward", "Index Name": "company_name_pkey", "Relation Name": "company_name", "Alias": "cn", "Startup Cost": 0.0, "Total Cost": 0.28, "Plan Rows": 1, "Plan Width": 4, "Index Cond": "(id = mc.company_id)", "Filter": "((country_code)::text = '[us]'::text)"}]}, {"Node Type": "Index Scan", "Parent Relationship": "Inner", "Scan Direction": "Forward", "Index Name": "movie_id_movie_keyword", "Relation Name": "movie_keyword", "Alias": "mk", "Startup Cost": 0.0, "Total Cost": 0.46, "Plan Rows": 8, "Plan Width": 8, "Index Cond": "(movie_id = mc.movie_id)"}]}, {"Node Type": "Index Only Scan", "Parent Relationship": "Inner", "Scan Direction": "Forward", "Index Name": "keyword_pkey", "Relation Name": "keyword", "Alias": "k", "Startup Cost": 0.0, "Total Cost": 0.27, "Plan Rows": 1, "Plan Width": 4, "Index Cond": "(id = mk.keyword_id)"}]}, {"Node Type": "Index Only Scan", "Parent Relationship": "Inner", "Scan Direction": "Forward", "Index Name": "movie_id_aka_title", "Relation Name": "aka_title", "Alias": "at", "Startup Cost": 0.0, "Total Cost": 0.31, "Plan Rows": 3, "Plan Width": 4, "Index Cond": "(movie_id = t.id)"}]}]}, "Unique SQL Id": 2846462052}, "explain_analyze_plan": null}, "(1, 25)": {"explain_plan": {"Plan": {"Node Type": "Aggregate", "Strategy": "Plain", "Startup Cost": 496832.72, "Total Cost": 496832.73, "Plan Rows": 1, "Plan Width": 123, "Plans": [{"Node Type": "Nested Loop", "Parent Relationship": "Outer", "Join Type": "Inner", "Startup Cost": 0.0, "Total Cost": 496832.05, "Plan Rows": 134, "Plan Width": 59, "Inner Unique": false, "Plans": [{"Node Type": "Nested Loop", "Parent Relationship": "Outer", "Join Type": "Inner", "Startup Cost": 0.0, "Total Cost": 496817.0, "Plan Rows": 44, "Plan Width": 75, "Inner Unique": true, "Plans": [{"Node Type": "Nested Loop", "Parent Relationship": "Outer", "Join Type": "Inner", "Startup Cost": 0.0, "Total Cost": 496804.68, "Plan Rows": 44, "Plan Width": 79, "Inner Unique": false, "Join Filter": "(t.id = mk.movie_id)", "Plans": [{"Node Type": "Nested Loop", "Parent Relationship": "Outer", "Join Type": "Inner", "Startup Cost": 0.0, "Total Cost": 496801.31, "Plan Rows": 6, "Plan Width": 71, "Inner Unique": true, "Plans": [{"Node Type": "Nested Loop", "Parent Relationship": "Outer", "Join Type": "Inner", "Startup Cost": 0.0, "Total Cost": 496798.51, "Plan Rows": 10, "Plan Width": 75, "Inner Unique": true, "Plans": [{"Node Type": "Nested Loop", "Parent Relationship": "Outer", "Join Type": "Inner", "Startup Cost": 0.0, "Total Cost": 496795.05, "Plan Rows": 12, "Plan Width": 79, "Inner Unique": false, "Plans": [{"Node Type": "Nested Loop", "Parent Relationship": "Outer", "Join Type": "Inner", "Startup Cost": 0.0, "Total Cost": 496792.85, "Plan Rows": 6, "Plan Width": 67, "Inner Unique": true, "Plans": [{"Node Type": "Nested Loop", "Parent Relationship": "Outer", "Join Type": "Inner", "Startup Cost": 0.0, "Total Cost": 496759.91, "Plan Rows": 4, "Plan Width": 46, "Inner Unique": false, "Plans": [{"Node Type": "Index Scan", "Parent Relationship": "Outer", "Scan Direction": "Forward", "Index Name": "info_type_pkey", "Relation Name": "info_type", "Alias": "it1", "Startup Cost": 0.0, "Total Cost": 14.21, "Plan Rows": 1, "Plan Width": 4, "Filter": "((info)::text = 'release dates'::text)"}, {"Node Type": "Index Scan", "Parent Relationship": "Inner", "Scan Direction": "Forward", "Index Name": "info_type_id_movie_info", "Relation Name": "movie_info", "Alias": "mi", "Startup Cost": 0.0, "Total Cost": 496745.66, "Plan Rows": 4, "Plan Width": 50, "Index Cond": "(info_type_id = it1.id)", "Filter": "((info IS NOT NULL) AND ((note)::text ~~ '%internet%'::text) AND (((info)::text ~~ 'USA:% 199%'::text) OR ((info)::text ~~ 'USA:% 200%'::text)))"}]}, {"Node Type": "Index Scan", "Parent Relationship": "Inner", "Scan Direction": "Forward", "Index Name": "title_pkey", "Relation Name": "title", "Alias": "t", "Startup Cost": 0.0, "Total Cost": 8.23, "Plan Rows": 1, "Plan Width": 21, "Index Cond": "(id = mi.movie_id)", "Filter": "(production_year > 1990)"}]}, {"Node Type": "Index Scan", "Parent Relationship": "Inner", "Scan Direction": "Forward", "Index Name": "movie_id_movie_companies", "Relation Name": "movie_companies", "Alias": "mc", "Startup Cost": 0.0, "Total Cost": 0.35, "Plan Rows": 2, "Plan Width": 12, "Index Cond": "(movie_id = t.id)"}]}, {"Node Type": "Index Scan", "Parent Relationship": "Inner", "Scan Direction": "Forward", "Index Name": "company_name_pkey", "Relation Name": "company_name", "Alias": "cn", "Startup Cost": 0.0, "Total Cost": 0.28, "Plan Rows": 1, "Plan Width": 4, "Index Cond": "(id = mc.company_id)", "Filter": "((country_code)::text = '[us]'::text)"}]}, {"Node Type": "Index Only Scan", "Parent Relationship": "Inner", "Scan Direction": "Forward", "Index Name": "company_type_pkey", "Relation Name": "company_type", "Alias": "ct", "Startup Cost": 0.0, "Total Cost": 0.27, "Plan Rows": 1, "Plan Width": 4, "Index Cond": "(id = mc.company_type_id)"}]}, {"Node Type": "Index Scan", "Parent Relationship": "Inner", "Scan Direction": "Forward", "Index Name": "movie_id_movie_keyword", "Relation Name": "movie_keyword", "Alias": "mk", "Startup Cost": 0.0, "Total Cost": 0.46, "Plan Rows": 8, "Plan Width": 8, "Index Cond": "(movie_id = mc.movie_id)"}]}, {"Node Type": "Index Only Scan", "Parent Relationship": "Inner", "Scan Direction": "Forward", "Index Name": "keyword_pkey", "Relation Name": "keyword", "Alias": "k", "Startup Cost": 0.0, "Total Cost": 0.27, "Plan Rows": 1, "Plan Width": 4, "Index Cond": "(id = mk.keyword_id)"}]}, {"Node Type": "Index Only Scan", "Parent Relationship": "Inner", "Scan Direction": "Forward", "Index Name": "movie_id_aka_title", "Relation Name": "aka_title", "Alias": "at", "Startup Cost": 0.0, "Total Cost": 0.31, "Plan Rows": 3, "Plan Width": 4, "Index Cond": "(movie_id = t.id)"}]}]}, "Unique SQL Id": 2846462052}, "explain_analyze_plan": {"Plan": {"Node Type": "Aggregate", "Strategy": "Plain", "Startup Cost": 496832.72, "Total Cost": 496832.73, "Plan Rows": 1, "Plan Width": 123, "Actual Startup Time": 1793.872, "Actual Total Time": 1793.873, "Actual Rows": 1, "Actual Loops": 1, "Plans": [{"Node Type": "Nested Loop", "Parent Relationship": "Outer", "Join Type": "Inner", "Startup Cost": 0.0, "Total Cost": 496832.05, "Plan Rows": 134, "Plan Width": 59, "Actual Startup Time": 63.286, "Actual Total Time": 1792.953, "Actual Rows": 1140, "Actual Loops": 1, "Inner Unique": false, "Plans": [{"Node Type": "Nested Loop", "Parent Relationship": "Outer", "Join Type": "Inner", "Startup Cost": 0.0, "Total Cost": 496817.0, "Plan Rows": 44, "Plan Width": 75, "Actual Startup Time": 0.632, "Actual Total Time": 1779.745, "Actual Rows": 4808, "Actual Loops": 1, "Inner Unique": true, "Plans": [{"Node Type": "Nested Loop", "Parent Relationship": "Outer", "Join Type": "Inner", "Startup Cost": 0.0, "Total Cost": 496804.68, "Plan Rows": 44, "Plan Width": 79, "Actual Startup Time": 0.626, "Actual Total Time": 1762.729, "Actual Rows": 4808, "Actual Loops": 1, "Inner Unique": false, "Join Filter": "(t.id = mk.movie_id)", "Rows Removed by Join Filter": 0, "Plans": [{"Node Type": "Nested Loop", "Parent Relationship": "Outer", "Join Type": "Inner", "Startup Cost": 0.0, "Total Cost": 496801.31, "Plan Rows": 6, "Plan Width": 71, "Actual Startup Time": 0.614, "Actual Total Time": 1750.55, "Actual Rows": 1488, "Actual Loops": 1, "Inner Unique": true, "Plans": [{"Node Type": "Nested Loop", "Parent Relationship": "Outer", "Join Type": "Inner", "Startup Cost": 0.0, "Total Cost": 496798.51, "Plan Rows": 10, "Plan Width": 75, "Actual Startup Time": 0.597, "Actual Total Time": 1745.339, "Actual Rows": 2647, "Actual Loops": 1, "Inner Unique": true, "Plans": [{"Node Type": "Nested Loop", "Parent Relationship": "Outer", "Join Type": "Inner", "Startup Cost": 0.0, "Total Cost": 496795.05, "Plan Rows": 12, "Plan Width": 79, "Actual Startup Time": 0.586, "Actual Total Time": 1728.311, "Actual Rows": 2884, "Actual Loops": 1, "Inner Unique": false, "Plans": [{"Node Type": "Nested Loop", "Parent Relationship": "Outer", "Join Type": "Inner", "Startup Cost": 0.0, "Total Cost": 496792.85, "Plan Rows": 6, "Plan Width": 67, "Actual Startup Time": 0.578, "Actual Total Time": 1714.666, "Actual Rows": 1782, "Actual Loops": 1, "Inner Unique": true, "Plans": [{"Node Type": "Nested Loop", "Parent Relationship": "Outer", "Join Type": "Inner", "Startup Cost": 0.0, "Total Cost": 496759.91, "Plan Rows": 4, "Plan Width": 46, "Actual Startup Time": 0.565, "Actual Total Time": 1701.217, "Actual Rows": 1783, "Actual Loops": 1, "Inner Unique": false, "Plans": [{"Node Type": "Index Scan", "Parent Relationship": "Outer", "Scan Direction": "Forward", "Index Name": "info_type_pkey", "Relation Name": "info_type", "Alias": "it1", "Startup Cost": 0.0, "Total Cost": 14.21, "Plan Rows": 1, "Plan Width": 4, "Actual Startup Time": 0.039, "Actual Total Time": 0.084, "Actual Rows": 1, "Actual Loops": 1, "Filter": "((info)::text = 'release dates'::text)", "Rows Removed by Filter": 111}, {"Node Type": "Index Scan", "Parent Relationship": "Inner", "Scan Direction": "Forward", "Index Name": "info_type_id_movie_info", "Relation Name": "movie_info", "Alias": "mi", "Startup Cost": 0.0, "Total Cost": 496745.66, "Plan Rows": 4, "Plan Width": 50, "Actual Startup Time": 0.521, "Actual Total Time": 1700.415, "Actual Rows": 1783, "Actual Loops": 1, "Index Cond": "(info_type_id = it1.id)", "Rows Removed by Index Recheck": 0, "Filter": "((info IS NOT NULL) AND ((note)::text ~~ '%internet%'::text) AND (((info)::text ~~ 'USA:% 199%'::text) OR ((info)::text ~~ 'USA:% 200%'::text)))", "Rows Removed by Filter": 3034936}]}, {"Node Type": "Index Scan", "Parent Relationship": "Inner", "Scan Direction": "Forward", "Index Name": "title_pkey", "Relation Name": "title", "Alias": "t", "Startup Cost": 0.0, "Total Cost": 8.23, "Plan Rows": 1, "Plan Width": 21, "Actual Startup Time": 10.706, "Actual Total Time": 10.706, "Actual Rows": 1782, "Actual Loops": 1783, "Index Cond": "(id = mi.movie_id)", "Rows Removed by Index Recheck": 0, "Filter": "(production_year > 1990)", "Rows Removed by Filter": 1}]}, {"Node Type": "Index Scan", "Parent Relationship": "Inner", "Scan Direction": "Forward", "Index Name": "movie_id_movie_companies", "Relation Name": "movie_companies", "Alias": "mc", "Startup Cost": 0.0, "Total Cost": 0.35, "Plan Rows": 2, "Plan Width": 12, "Actual Startup Time": 8.865, "Actual Total Time": 11.424, "Actual Rows": 2884, "Actual Loops": 1782, "Index Cond": "(movie_id = t.id)", "Rows Removed by Index Recheck": 0}]}, {"Node Type": "Index Scan", "Parent Relationship": "Inner", "Scan Direction": "Forward", "Index Name": "company_name_pkey", "Relation Name": "company_name", "Alias": "cn", "Startup Cost": 0.0, "Total Cost": 0.28, "Plan Rows": 1, "Plan Width": 4, "Actual Startup Time": 13.967, "Actual Total Time": 13.967, "Actual Rows": 2647, "Actual Loops": 2884, "Index Cond": "(id = mc.company_id)", "Rows Removed by Index Recheck": 0, "Filter": "((country_code)::text = '[us]'::text)", "Rows Removed by Filter": 237}]}, {"Node Type": "Index Only Scan", "Parent Relationship": "Inner", "Scan Direction": "Forward", "Index Name": "company_type_pkey", "Relation Name": "company_type", "Alias": "ct", "Startup Cost": 0.0, "Total Cost": 0.27, "Plan Rows": 1, "Plan Width": 4, "Actual Startup Time": 2.616, "Actual Total Time": 2.616, "Actual Rows": 1488, "Actual Loops": 2647, "Index Cond": "(id = mc.company_type_id)", "Rows Removed by Index Recheck": 0, "Heap Fetches": 0}]}, {"Node Type": "Index Scan", "Parent Relationship": "Inner", "Scan Direction": "Forward", "Index Name": "movie_id_movie_keyword", "Relation Name": "movie_keyword", "Alias": "mk", "Startup Cost": 0.0, "Total Cost": 0.46, "Plan Rows": 8, "Plan Width": 8, "Actual Startup Time": 6.658, "Actual Total Time": 8.932, "Actual Rows": 4808, "Actual Loops": 1488, "Index Cond": "(movie_id = mc.movie_id)", "Rows Removed by Index Recheck": 0}]}, {"Node Type": "Index Only Scan", "Parent Relationship": "Inner", "Scan Direction": "Forward", "Index Name": "keyword_pkey", "Relation Name": "keyword", "Alias": "k", "Startup Cost": 0.0, "Total Cost": 0.27, "Plan Rows": 1, "Plan Width": 4, "Actual Startup Time": 13.4, "Actual Total Time": 13.4, "Actual Rows": 4808, "Actual Loops": 4808, "Index Cond": "(id = mk.keyword_id)", "Rows Removed by Index Recheck": 0, "Heap Fetches": 0}]}, {"Node Type": "Index Only Scan", "Parent Relationship": "Inner", "Scan Direction": "Forward", "Index Name": "movie_id_aka_title", "Relation Name": "aka_title", "Alias": "at", "Startup Cost": 0.0, "Total Cost": 0.31, "Plan Rows": 3, "Plan Width": 4, "Actual Startup Time": 10.106, "Actual Total Time": 10.401, "Actual Rows": 1140, "Actual Loops": 4808, "Index Cond": "(movie_id = t.id)", "Rows Removed by Index Recheck": 0, "Heap Fetches": 0}]}]}, "Triggers": [], "Planner Runtime": 122.358, "Total Runtime": 1794.185, "Unique SQL Id": 2846462052}}, "(1, 26)": {"explain_plan": {"Plan": {"Node Type": "Aggregate", "Strategy": "Plain", "Startup Cost": 1272623.05, "Total Cost": 1272623.06, "Plan Rows": 1, "Plan Width": 123, "Plans": [{"Node Type": "Merge Join", "Parent Relationship": "Outer", "Join Type": "Inner", "Startup Cost": 1262077.52, "Total Cost": 1272622.38, "Plan Rows": 134, "Plan Width": 59, "Inner Unique": true, "Merge Cond": "(at.movie_id = t.id)", "Plans": [{"Node Type": "Merge Join", "Parent Relationship": "Outer", "Join Type": "Inner", "Startup Cost": 1014350.7, "Total Cost": 1016158.73, "Plan Rows": 97, "Plan Width": 58, "Inner Unique": false, "Merge Cond": "(mi.movie_id = at.movie_id)", "Plans": [{"Node Type": "Sort", "Parent Relationship": "Outer", "Startup Cost": 971085.55, "Total Cost": 971085.63, "Plan Rows": 32, "Plan Width": 54, "Sort Key": ["mc.movie_id"], "Plans": [{"Node Type": "Merge Join", "Parent Relationship": "Outer", "Join Type": "Inner", "Startup Cost": 970413.77, "Total Cost": 971084.75, "Plan Rows": 32, "Plan Width": 54, "Inner Unique": true, "Merge Cond": "(mk.keyword_id = k.id)", "Plans": [{"Node Type": "Sort", "Parent Relationship": "Outer", "Startup Cost": 956886.12, "Total Cost": 956886.2, "Plan Rows": 32, "Plan Width": 58, "Sort Key": ["mk.keyword_id"], "Plans": [{"Node Type": "Nested Loop", "Parent Relationship": "Outer", "Join Type": "Inner", "Startup Cost": 0.0, "Total Cost": 956885.32, "Plan Rows": 32, "Plan Width": 58, "Inner Unique": false, "Join Filter": "(mi.movie_id = mk.movie_id)", "Plans": [{"Node Type": "Seq Scan", "Parent Relationship": "Outer", "Relation Name": "movie_keyword", "Alias": "mk", "Startup Cost": 0.0, "Total Cost": 62441.29, "Plan Rows": 4523929, "Plan Width": 8}, {"Node Type": "Materialize", "Parent Relationship": "Inner", "Startup Cost": 0.0, "Total Cost": 623008.3, "Plan Rows": 4, "Plan Width": 50, "Plans": [{"Node Type": "Nested Loop", "Parent Relationship": "Outer", "Join Type": "Inner", "Startup Cost": 0.0, "Total Cost": 623008.28, "Plan Rows": 4, "Plan Width": 50, "Inner Unique": false, "Join Filter": "(mc.company_id = cn.id)", "Plans": [{"Node Type": "Seq Scan", "Parent Relationship": "Outer", "Relation Name": "company_name", "Alias": "cn", "Startup Cost": 0.0, "Total Cost": 5903.45, "Plan Rows": 85170, "Plan Width": 4, "Filter": "((country_code)::text = '[us]'::text)"}, {"Node Type": "Materialize", "Parent Relationship": "Inner", "Startup Cost": 0.0, "Total Cost": 606884.45, "Plan Rows": 8, "Plan Width": 54, "Plans": [{"Node Type": "Nested Loop", "Parent Relationship": "Outer", "Join Type": "Inner", "Startup Cost": 0.0, "Total Cost": 606884.41, "Plan Rows": 8, "Plan Width": 54, "Inner Unique": true, "Join Filter": "(mc.company_type_id = ct.id)", "Plans": [{"Node Type": "Nested Loop", "Parent Relationship": "Outer", "Join Type": "Inner", "Startup Cost": 0.0, "Total Cost": 606882.96, "Plan Rows": 9, "Plan Width": 58, "Inner Unique": false, "Join Filter": "(mi.movie_id = mc.movie_id)", "Plans": [{"Node Type": "Seq Scan", "Parent Relationship": "Outer", "Relation Name": "movie_companies", "Alias": "mc", "Startup Cost": 0.0, "Total Cost": 41817.28, "Plan Rows": 2609128, "Plan Width": 12}, {"Node Type": "Materialize", "Parent Relationship": "Inner", "Startup Cost": 0.0, "Total Cost": 408518.01, "Plan Rows": 4, "Plan Width": 46, "Plans": [{"Node Type": "Nested Loop", "Parent Relationship": "Outer", "Join Type": "Inner", "Startup Cost": 0.0, "Total Cost": 408517.99, "Plan Rows": 4, "Plan Width": 46, "Inner Unique": false, "Join Filter": "(it1.id = mi.info_type_id)", "Plans": [{"Node Type": "Seq Scan", "Parent Relationship": "Outer", "Relation Name": "info_type", "Alias": "it1", "Startup Cost": 0.0, "Total Cost": 2.4, "Plan Rows": 1, "Plan Width": 4, "Filter": "((info)::text = 'release dates'::text)"}, {"Node Type": "Seq Scan", "Parent Relationship": "Inner", "Relation Name": "movie_info", "Alias": "mi", "Startup Cost": 0.0, "Total Cost": 408512.41, "Plan Rows": 255, "Plan Width": 50, "Filter": "((info IS NOT NULL) AND ((note)::text ~~ '%internet%'::text) AND (((info)::text ~~ 'USA:% 199%'::text) OR ((info)::text ~~ 'USA:% 200%'::text)))"}]}]}]}, {"Node Type": "Materialize", "Parent Relationship": "Inner", "Startup Cost": 0.0, "Total Cost": 1.04, "Plan Rows": 3, "Plan Width": 4, "Plans": [{"Node Type": "Seq Scan", "Parent Relationship": "Outer", "Relation Name": "company_type", "Alias": "ct", "Startup Cost": 0.0, "Total Cost": 1.03, "Plan Rows": 3, "Plan Width": 4}]}]}]}]}]}]}]}, {"Node Type": "Sort", "Parent Relationship": "Inner", "Startup Cost": 13527.66, "Total Cost": 13863.08, "Plan Rows": 134169, "Plan Width": 4, "Sort Key": ["k.id"], "Plans": [{"Node Type": "Seq Scan", "Parent Relationship": "Outer", "Relation Name": "keyword", "Alias": "k", "Startup Cost": 0.0, "Total Cost": 2100.69, "Plan Rows": 134169, "Plan Width": 4}]}]}]}, {"Node Type": "Sort", "Parent Relationship": "Inner", "Startup Cost": 43264.85, "Total Cost": 44168.52, "Plan Rows": 361471, "Plan Width": 4, "Sort Key": ["at.movie_id"], "Plans": [{"Node Type": "Seq Scan", "Parent Relationship": "Outer", "Relation Name": "aka_title", "Alias": "at", "Startup Cost": 0.0, "Total Cost": 9894.71, "Plan Rows": 361471, "Plan Width": 4}]}]}, {"Node Type": "Sort", "Parent Relationship": "Inner", "Startup Cost": 247726.82, "Total Cost": 252098.92, "Plan Rows": 1748840, "Plan Width": 21, "Sort Key": ["t.id"], "Plans": [{"Node Type": "Seq Scan", "Parent Relationship": "Outer", "Relation Name": "title", "Alias": "t", "Startup Cost": 0.0, "Total Cost": 66389.89, "Plan Rows": 1748840, "Plan Width": 21, "Filter": "(production_year > 1990), (LLVM Optimized)"}]}]}]}, "Unique SQL Id": 2846462052}, "explain_analyze_plan": null}, "(1, 27)": {"explain_plan": {"Plan": {"Node Type": "Aggregate", "Strategy": "Plain", "Startup Cost": 8992369740906.1, "Total Cost": 8992369740906.11, "Plan Rows": 1, "Plan Width": 123, "Plans": [{"Node Type": "Nested Loop", "Parent Relationship": "Outer", "Join Type": "Inner", "Startup Cost": 90000000000.0, "Total Cost": 8992369740905.44, "Plan Rows": 132, "Plan Width": 59, "Inner Unique": false, "Join Filter": "(t.id = at.movie_id)", "Plans": [{"Node Type": "Index Only Scan", "Parent Relationship": "Outer", "Scan Direction": "Forward", "Index Name": "movie_id_aka_title", "Relation Name": "aka_title", "Alias": "at", "Startup Cost": 10000000000.0, "Total Cost": 1000000898631.5, "Plan Rows": 361471, "Plan Width": 4}, {"Node Type": "Materialize", "Parent Relationship": "Inner", "Startup Cost": 80000000000.0, "Total Cost": 7992368413931.01, "Plan Rows": 79, "Plan Width": 75, "Plans": [{"Node Type": "Nested Loop", "Parent Relationship": "Outer", "Join Type": "Inner", "Startup Cost": 80000000000.0, "Total Cost": 7992368413930.61, "Plan Rows": 79, "Plan Width": 75, "Inner Unique": true, "Join Filter": "(mk.keyword_id = k.id)", "Plans": [{"Node Type": "Nested Loop", "Parent Relationship": "Outer", "Join Type": "Inner", "Startup Cost": 70000000000.0, "Total Cost": 6992368048526.42, "Plan Rows": 79, "Plan Width": 79, "Inner Unique": true, "Join Filter": "(mi.info_type_id = it1.id)", "Plans": [{"Node Type": "Merge Join", "Parent Relationship": "Outer", "Join Type": "Inner", "Startup Cost": 60000000000.0, "Total Cost": 5992368047028.28, "Plan Rows": 5143, "Plan Width": 83, "Inner Unique": false, "Merge Cond": "(t.id = mk.movie_id)", "Plans": [{"Node Type": "Nested Loop", "Parent Relationship": "Outer", "Join Type": "Inner", "Startup Cost": 50000000000.0, "Total Cost": 5000148244105.78, "Plan Rows": 635, "Plan Width": 75, "Inner Unique": true, "Join Filter": "(mc.company_type_id = ct.id)", "Plans": [{"Node Type": "Nested Loop", "Parent Relationship": "Outer", "Join Type": "Inner", "Startup Cost": 40000000000.0, "Total Cost": 4000148243247.7, "Plan Rows": 635, "Plan Width": 79, "Inner Unique": true, "Join Filter": "(mc.company_id = cn.id)", "Plans": [{"Node Type": "Merge Join", "Parent Relationship": "Outer", "Join Type": "Inner", "Startup Cost": 30000000000.0, "Total Cost": 3000146228345.55, "Plan Rows": 755, "Plan Width": 83, "Inner Unique": false, "Merge Cond": "(t.id = mc.movie_id)", "Plans": [{"Node Type": "Nested Loop", "Parent Relationship": "Outer", "Join Type": "Inner", "Startup Cost": 20000000000.0, "Total Cost": 2000133169868.42, "Plan Rows": 353, "Plan Width": 71, "Inner Unique": false, "Join Filter": "(mi.movie_id = t.id)", "Plans": [{"Node Type": "Index Scan", "Parent Relationship": "Outer", "Scan Direction": "Forward", "Index Name": "title_pkey", "Relation Name": "title", "Alias": "t", "Startup Cost": 10000000000.0, "Total Cost": 1000011644126.66, "Plan Rows": 1748840, "Plan Width": 21, "Filter": "(production_year > 1990), (LLVM Optimized)"}, {"Node Type": "Materialize", "Parent Relationship": "Inner", "Startup Cost": 10000000000.0, "Total Cost": 1000114836429.39, "Plan Rows": 255, "Plan Width": 50, "Plans": [{"Node Type": "Index Scan", "Parent Relationship": "Outer", "Scan Direction": "Forward", "Index Name": "info_type_id_movie_info", "Relation Name": "movie_info", "Alias": "mi", "Startup Cost": 10000000000.0, "Total Cost": 1000114836428.12, "Plan Rows": 255, "Plan Width": 50, "Filter": "((info IS NOT NULL) AND ((note)::text ~~ '%internet%'::text) AND (((info)::text ~~ 'USA:% 199%'::text) OR ((info)::text ~~ 'USA:% 200%'::text)))"}]}]}, {"Node Type": "Index Scan", "Parent Relationship": "Inner", "Scan Direction": "Forward", "Index Name": "movie_id_movie_companies", "Relation Name": "movie_companies", "Alias": "mc", "Startup Cost": 10000000000.0, "Total Cost": 1000013051946.13, "Plan Rows": 2609128, "Plan Width": 12}]}, {"Node Type": "Materialize", "Parent Relationship": "Inner", "Startup Cost": 10000000000.0, "Total Cost": 1000001050564.82, "Plan Rows": 85170, "Plan Width": 4, "Plans": [{"Node Type": "Index Scan", "Parent Relationship": "Outer", "Scan Direction": "Forward", "Index Name": "company_name_pkey", "Relation Name": "company_name", "Alias": "cn", "Startup Cost": 10000000000.0, "Total Cost": 1000001050138.97, "Plan Rows": 85170, "Plan Width": 4, "Filter": "((country_code)::text = '[us]'::text)"}]}]}, {"Node Type": "Materialize", "Parent Relationship": "Inner", "Startup Cost": 10000000000.0, "Total Cost": 1000000000829.52, "Plan Rows": 3, "Plan Width": 4, "Plans": [{"Node Type": "Index Only Scan", "Parent Relationship": "Outer", "Scan Direction": "Forward", "Index Name": "company_type_pkey", "Relation Name": "company_type", "Alias": "ct", "Startup Cost": 10000000000.0, "Total Cost": 1000000000829.5, "Plan Rows": 3, "Plan Width": 4}]}]}, {"Node Type": "Index Scan", "Parent Relationship": "Inner", "Scan Direction": "Forward", "Index Name": "movie_id_movie_keyword", "Relation Name": "movie_keyword", "Alias": "mk", "Startup Cost": 10000000000.0, "Total Cost": 1000015300634.17, "Plan Rows": 4523929, "Plan Width": 8}]}, {"Node Type": "Materialize", "Parent Relationship": "Inner", "Startup Cost": 10000000000.0, "Total Cost": 1000000001421.0, "Plan Rows": 1, "Plan Width": 4, "Plans": [{"Node Type": "Index Scan", "Parent Relationship": "Outer", "Scan Direction": "Forward", "Index Name": "info_type_pkey", "Relation Name": "info_type", "Alias": "it1", "Startup Cost": 10000000000.0, "Total Cost": 1000000001421.0, "Plan Rows": 1, "Plan Width": 4, "Filter": "((info)::text = 'release dates'::text)"}]}]}, {"Node Type": "Materialize", "Parent Relationship": "Inner", "Startup Cost": 10000000000.0, "Total Cost": 1000000206749.34, "Plan Rows": 134169, "Plan Width": 4, "Plans": [{"Node Type": "Index Only Scan", "Parent Relationship": "Outer", "Scan Direction": "Forward", "Index Name": "keyword_pkey", "Relation Name": "keyword", "Alias": "k", "Startup Cost": 10000000000.0, "Total Cost": 1000000206078.5, "Plan Rows": 134169, "Plan Width": 4}]}]}]}]}]}, "Unique SQL Id": 2846462052}, "explain_analyze_plan": null}, "(1, 28)": {"explain_plan": {"Plan": {"Node Type": "Aggregate", "Strategy": "Plain", "Startup Cost": 408589.85, "Total Cost": 408589.86, "Plan Rows": 1, "Plan Width": 123, "Plans": [{"Node Type": "Nested Loop", "Parent Relationship": "Outer", "Join Type": "Inner", "Startup Cost": 0.0, "Total Cost": 408589.18, "Plan Rows": 134, "Plan Width": 59, "Inner Unique": false, "Join Filter": "(t.id = at.movie_id)", "Plans": [{"Node Type": "Nested Loop", "Parent Relationship": "Outer", "Join Type": "Inner", "Startup Cost": 0.0, "Total Cost": 408573.61, "Plan Rows": 44, "Plan Width": 75, "Inner Unique": true, "Plans": [{"Node Type": "Nested Loop", "Parent Relationship": "Outer", "Join Type": "Inner", "Startup Cost": 0.0, "Total Cost": 408561.26, "Plan Rows": 44, "Plan Width": 79, "Inner Unique": false, "Join Filter": "(t.id = mk.movie_id)", "Plans": [{"Node Type": "Nested Loop", "Parent Relationship": "Outer", "Join Type": "Inner", "Startup Cost": 0.0, "Total Cost": 408557.88, "Plan Rows": 6, "Plan Width": 71, "Inner Unique": true, "Plans": [{"Node Type": "Nested Loop", "Parent Relationship": "Outer", "Join Type": "Inner", "Startup Cost": 0.0, "Total Cost": 408554.72, "Plan Rows": 11, "Plan Width": 75, "Inner Unique": true, "Join Filter": "(mc.company_type_id = ct.id)", "Plans": [{"Node Type": "Nested Loop", "Parent Relationship": "Outer", "Join Type": "Inner", "Startup Cost": 0.0, "Total Cost": 408553.14, "Plan Rows": 12, "Plan Width": 79, "Inner Unique": false, "Plans": [{"Node Type": "Nested Loop", "Parent Relationship": "Outer", "Join Type": "Inner", "Startup Cost": 0.0, "Total Cost": 408550.93, "Plan Rows": 6, "Plan Width": 67, "Inner Unique": true, "Plans": [{"Node Type": "Nested Loop", "Parent Relationship": "Outer", "Join Type": "Inner", "Startup Cost": 0.0, "Total Cost": 408517.99, "Plan Rows": 4, "Plan Width": 46, "Inner Unique": false, "Join Filter": "(it1.id = mi.info_type_id)", "Plans": [{"Node Type": "Seq Scan", "Parent Relationship": "Outer", "Relation Name": "info_type", "Alias": "it1", "Startup Cost": 0.0, "Total Cost": 2.4, "Plan Rows": 1, "Plan Width": 4, "Filter": "((info)::text = 'release dates'::text)"}, {"Node Type": "Seq Scan", "Parent Relationship": "Inner", "Relation Name": "movie_info", "Alias": "mi", "Startup Cost": 0.0, "Total Cost": 408512.41, "Plan Rows": 255, "Plan Width": 50, "Filter": "((info IS NOT NULL) AND ((note)::text ~~ '%internet%'::text) AND (((info)::text ~~ 'USA:% 199%'::text) OR ((info)::text ~~ 'USA:% 200%'::text)))"}]}, {"Node Type": "Index Scan", "Parent Relationship": "Inner", "Scan Direction": "Forward", "Index Name": "title_pkey", "Relation Name": "title", "Alias": "t", "Startup Cost": 0.0, "Total Cost": 8.23, "Plan Rows": 1, "Plan Width": 21, "Index Cond": "(id = mi.movie_id)", "Filter": "(production_year > 1990)"}]}, {"Node Type": "Index Scan", "Parent Relationship": "Inner", "Scan Direction": "Forward", "Index Name": "movie_id_movie_companies", "Relation Name": "movie_companies", "Alias": "mc", "Startup Cost": 0.0, "Total Cost": 0.35, "Plan Rows": 2, "Plan Width": 12, "Index Cond": "(movie_id = t.id)"}]}, {"Node Type": "Materialize", "Parent Relationship": "Inner", "Startup Cost": 0.0, "Total Cost": 1.04, "Plan Rows": 3, "Plan Width": 4, "Plans": [{"Node Type": "Seq Scan", "Parent Relationship": "Outer", "Relation Name": "company_type", "Alias": "ct", "Startup Cost": 0.0, "Total Cost": 1.03, "Plan Rows": 3, "Plan Width": 4}]}]}, {"Node Type": "Index Scan", "Parent Relationship": "Inner", "Scan Direction": "Forward", "Index Name": "company_name_pkey", "Relation Name": "company_name", "Alias": "cn", "Startup Cost": 0.0, "Total Cost": 0.28, "Plan Rows": 1, "Plan Width": 4, "Index Cond": "(id = mc.company_id)", "Filter": "((country_code)::text = '[us]'::text)"}]}, {"Node Type": "Index Scan", "Parent Relationship": "Inner", "Scan Direction": "Forward", "Index Name": "movie_id_movie_keyword", "Relation Name": "movie_keyword", "Alias": "mk", "Startup Cost": 0.0, "Total Cost": 0.46, "Plan Rows": 8, "Plan Width": 8, "Index Cond": "(movie_id = mc.movie_id)"}]}, {"Node Type": "Index Scan", "Parent Relationship": "Inner", "Scan Direction": "Forward", "Index Name": "keyword_pkey", "Relation Name": "keyword", "Alias": "k", "Startup Cost": 0.0, "Total Cost": 0.27, "Plan Rows": 1, "Plan Width": 4, "Index Cond": "(id = mk.keyword_id)"}]}, {"Node Type": "Index Scan", "Parent Relationship": "Inner", "Scan Direction": "Forward", "Index Name": "movie_id_aka_title", "Relation Name": "aka_title", "Alias": "at", "Startup Cost": 0.0, "Total Cost": 0.32, "Plan Rows": 3, "Plan Width": 4, "Index Cond": "(movie_id = mk.movie_id)"}]}]}, "Unique SQL Id": 2846462052}, "explain_analyze_plan": null}, "(1, 29)": {"explain_plan": {"Plan": {"Node Type": "Aggregate", "Strategy": "Plain", "Startup Cost": 496833.27, "Total Cost": 496833.28, "Plan Rows": 1, "Plan Width": 123, "Plans": [{"Node Type": "Nested Loop", "Parent Relationship": "Outer", "Join Type": "Inner", "Startup Cost": 0.0, "Total Cost": 496832.6, "Plan Rows": 134, "Plan Width": 59, "Inner Unique": false, "Join Filter": "(t.id = at.movie_id)", "Plans": [{"Node Type": "Nested Loop", "Parent Relationship": "Outer", "Join Type": "Inner", "Startup Cost": 0.0, "Total Cost": 496817.03, "Plan Rows": 44, "Plan Width": 75, "Inner Unique": true, "Plans": [{"Node Type": "Nested Loop", "Parent Relationship": "Outer", "Join Type": "Inner", "Startup Cost": 0.0, "Total Cost": 496804.68, "Plan Rows": 44, "Plan Width": 79, "Inner Unique": false, "Join Filter": "(t.id = mk.movie_id)", "Plans": [{"Node Type": "Nested Loop", "Parent Relationship": "Outer", "Join Type": "Inner", "Startup Cost": 0.0, "Total Cost": 496801.31, "Plan Rows": 6, "Plan Width": 71, "Inner Unique": true, "Plans": [{"Node Type": "Nested Loop", "Parent Relationship": "Outer", "Join Type": "Inner", "Startup Cost": 0.0, "Total Cost": 496798.51, "Plan Rows": 10, "Plan Width": 75, "Inner Unique": true, "Plans": [{"Node Type": "Nested Loop", "Parent Relationship": "Outer", "Join Type": "Inner", "Startup Cost": 0.0, "Total Cost": 496795.05, "Plan Rows": 12, "Plan Width": 79, "Inner Unique": false, "Plans": [{"Node Type": "Nested Loop", "Parent Relationship": "Outer", "Join Type": "Inner", "Startup Cost": 0.0, "Total Cost": 496792.85, "Plan Rows": 6, "Plan Width": 67, "Inner Unique": true, "Plans": [{"Node Type": "Nested Loop", "Parent Relationship": "Outer", "Join Type": "Inner", "Startup Cost": 0.0, "Total Cost": 496759.91, "Plan Rows": 4, "Plan Width": 46, "Inner Unique": false, "Plans": [{"Node Type": "Index Scan", "Parent Relationship": "Outer", "Scan Direction": "Forward", "Index Name": "info_type_pkey", "Relation Name": "info_type", "Alias": "it1", "Startup Cost": 0.0, "Total Cost": 14.21, "Plan Rows": 1, "Plan Width": 4, "Filter": "((info)::text = 'release dates'::text)"}, {"Node Type": "Index Scan", "Parent Relationship": "Inner", "Scan Direction": "Forward", "Index Name": "info_type_id_movie_info", "Relation Name": "movie_info", "Alias": "mi", "Startup Cost": 0.0, "Total Cost": 496745.66, "Plan Rows": 4, "Plan Width": 50, "Index Cond": "(info_type_id = it1.id)", "Filter": "((info IS NOT NULL) AND ((note)::text ~~ '%internet%'::text) AND (((info)::text ~~ 'USA:% 199%'::text) OR ((info)::text ~~ 'USA:% 200%'::text)))"}]}, {"Node Type": "Index Scan", "Parent Relationship": "Inner", "Scan Direction": "Forward", "Index Name": "title_pkey", "Relation Name": "title", "Alias": "t", "Startup Cost": 0.0, "Total Cost": 8.23, "Plan Rows": 1, "Plan Width": 21, "Index Cond": "(id = mi.movie_id)", "Filter": "(production_year > 1990)"}]}, {"Node Type": "Index Scan", "Parent Relationship": "Inner", "Scan Direction": "Forward", "Index Name": "movie_id_movie_companies", "Relation Name": "movie_companies", "Alias": "mc", "Startup Cost": 0.0, "Total Cost": 0.35, "Plan Rows": 2, "Plan Width": 12, "Index Cond": "(movie_id = t.id)"}]}, {"Node Type": "Index Scan", "Parent Relationship": "Inner", "Scan Direction": "Forward", "Index Name": "company_name_pkey", "Relation Name": "company_name", "Alias": "cn", "Startup Cost": 0.0, "Total Cost": 0.28, "Plan Rows": 1, "Plan Width": 4, "Index Cond": "(id = mc.company_id)", "Filter": "((country_code)::text = '[us]'::text)"}]}, {"Node Type": "Index Scan", "Parent Relationship": "Inner", "Scan Direction": "Forward", "Index Name": "company_type_pkey", "Relation Name": "company_type", "Alias": "ct", "Startup Cost": 0.0, "Total Cost": 0.27, "Plan Rows": 1, "Plan Width": 4, "Index Cond": "(id = mc.company_type_id)"}]}, {"Node Type": "Index Scan", "Parent Relationship": "Inner", "Scan Direction": "Forward", "Index Name": "movie_id_movie_keyword", "Relation Name": "movie_keyword", "Alias": "mk", "Startup Cost": 0.0, "Total Cost": 0.46, "Plan Rows": 8, "Plan Width": 8, "Index Cond": "(movie_id = mc.movie_id)"}]}, {"Node Type": "Index Scan", "Parent Relationship": "Inner", "Scan Direction": "Forward", "Index Name": "keyword_pkey", "Relation Name": "keyword", "Alias": "k", "Startup Cost": 0.0, "Total Cost": 0.27, "Plan Rows": 1, "Plan Width": 4, "Index Cond": "(id = mk.keyword_id)"}]}, {"Node Type": "Index Scan", "Parent Relationship": "Inner", "Scan Direction": "Forward", "Index Name": "movie_id_aka_title", "Relation Name": "aka_title", "Alias": "at", "Startup Cost": 0.0, "Total Cost": 0.32, "Plan Rows": 3, "Plan Width": 4, "Index Cond": "(movie_id = mk.movie_id)"}]}]}, "Unique SQL Id": 2846462052}, "explain_analyze_plan": {"Plan": {"Node Type": "Aggregate", "Strategy": "Plain", "Startup Cost": 496833.27, "Total Cost": 496833.28, "Plan Rows": 1, "Plan Width": 123, "Actual Startup Time": 1812.722, "Actual Total Time": 1812.723, "Actual Rows": 1, "Actual Loops": 1, "Plans": [{"Node Type": "Nested Loop", "Parent Relationship": "Outer", "Join Type": "Inner", "Startup Cost": 0.0, "Total Cost": 496832.6, "Plan Rows": 134, "Plan Width": 59, "Actual Startup Time": 62.824, "Actual Total Time": 1811.749, "Actual Rows": 1140, "Actual Loops": 1, "Inner Unique": false, "Join Filter": "(t.id = at.movie_id)", "Rows Removed by Join Filter": 0, "Plans": [{"Node Type": "Nested Loop", "Parent Relationship": "Outer", "Join Type": "Inner", "Startup Cost": 0.0, "Total Cost": 496817.03, "Plan Rows": 44, "Plan Width": 75, "Actual Startup Time": 0.661, "Actual Total Time": 1797.211, "Actual Rows": 4808, "Actual Loops": 1, "Inner Unique": true, "Plans": [{"Node Type": "Nested Loop", "Parent Relationship": "Outer", "Join Type": "Inner", "Startup Cost": 0.0, "Total Cost": 496804.68, "Plan Rows": 44, "Plan Width": 79, "Actual Startup Time": 0.653, "Actual Total Time": 1774.424, "Actual Rows": 4808, "Actual Loops": 1, "Inner Unique": false, "Join Filter": "(t.id = mk.movie_id)", "Rows Removed by Join Filter": 0, "Plans": [{"Node Type": "Nested Loop", "Parent Relationship": "Outer", "Join Type": "Inner", "Startup Cost": 0.0, "Total Cost": 496801.31, "Plan Rows": 6, "Plan Width": 71, "Actual Startup Time": 0.636, "Actual Total Time": 1762.401, "Actual Rows": 1488, "Actual Loops": 1, "Inner Unique": true, "Plans": [{"Node Type": "Nested Loop", "Parent Relationship": "Outer", "Join Type": "Inner", "Startup Cost": 0.0, "Total Cost": 496798.51, "Plan Rows": 10, "Plan Width": 75, "Actual Startup Time": 0.616, "Actual Total Time": 1756.446, "Actual Rows": 2647, "Actual Loops": 1, "Inner Unique": true, "Plans": [{"Node Type": "Nested Loop", "Parent Relationship": "Outer", "Join Type": "Inner", "Startup Cost": 0.0, "Total Cost": 496795.05, "Plan Rows": 12, "Plan Width": 79, "Actual Startup Time": 0.598, "Actual Total Time": 1739.36, "Actual Rows": 2884, "Actual Loops": 1, "Inner Unique": false, "Plans": [{"Node Type": "Nested Loop", "Parent Relationship": "Outer", "Join Type": "Inner", "Startup Cost": 0.0, "Total Cost": 496792.85, "Plan Rows": 6, "Plan Width": 67, "Actual Startup Time": 0.583, "Actual Total Time": 1725.808, "Actual Rows": 1782, "Actual Loops": 1, "Inner Unique": true, "Plans": [{"Node Type": "Nested Loop", "Parent Relationship": "Outer", "Join Type": "Inner", "Startup Cost": 0.0, "Total Cost": 496759.91, "Plan Rows": 4, "Plan Width": 46, "Actual Startup Time": 0.563, "Actual Total Time": 1712.052, "Actual Rows": 1783, "Actual Loops": 1, "Inner Unique": false, "Plans": [{"Node Type": "Index Scan", "Parent Relationship": "Outer", "Scan Direction": "Forward", "Index Name": "info_type_pkey", "Relation Name": "info_type", "Alias": "it1", "Startup Cost": 0.0, "Total Cost": 14.21, "Plan Rows": 1, "Plan Width": 4, "Actual Startup Time": 0.04, "Actual Total Time": 0.091, "Actual Rows": 1, "Actual Loops": 1, "Filter": "((info)::text = 'release dates'::text)", "Rows Removed by Filter": 111}, {"Node Type": "Index Scan", "Parent Relationship": "Inner", "Scan Direction": "Forward", "Index Name": "info_type_id_movie_info", "Relation Name": "movie_info", "Alias": "mi", "Startup Cost": 0.0, "Total Cost": 496745.66, "Plan Rows": 4, "Plan Width": 50, "Actual Startup Time": 0.515, "Actual Total Time": 1711.3, "Actual Rows": 1783, "Actual Loops": 1, "Index Cond": "(info_type_id = it1.id)", "Rows Removed by Index Recheck": 0, "Filter": "((info IS NOT NULL) AND ((note)::text ~~ '%internet%'::text) AND (((info)::text ~~ 'USA:% 199%'::text) OR ((info)::text ~~ 'USA:% 200%'::text)))", "Rows Removed by Filter": 3034936}]}, {"Node Type": "Index Scan", "Parent Relationship": "Inner", "Scan Direction": "Forward", "Index Name": "title_pkey", "Relation Name": "title", "Alias": "t", "Startup Cost": 0.0, "Total Cost": 8.23, "Plan Rows": 1, "Plan Width": 21, "Actual Startup Time": 10.972, "Actual Total Time": 10.972, "Actual Rows": 1782, "Actual Loops": 1783, "Index Cond": "(id = mi.movie_id)", "Rows Removed by Index Recheck": 0, "Filter": "(production_year > 1990)", "Rows Removed by Filter": 1}]}, {"Node Type": "Index Scan", "Parent Relationship": "Inner", "Scan Direction": "Forward", "Index Name": "movie_id_movie_companies", "Relation Name": "movie_companies", "Alias": "mc", "Startup Cost": 0.0, "Total Cost": 0.35, "Plan Rows": 2, "Plan Width": 12, "Actual Startup Time": 9.043, "Actual Total Time": 11.612, "Actual Rows": 2884, "Actual Loops": 1782, "Index Cond": "(movie_id = t.id)", "Rows Removed by Index Recheck": 0}]}, {"Node Type": "Index Scan", "Parent Relationship": "Inner", "Scan Direction": "Forward", "Index Name": "company_name_pkey", "Relation Name": "company_name", "Alias": "cn", "Startup Cost": 0.0, "Total Cost": 0.28, "Plan Rows": 1, "Plan Width": 4, "Actual Startup Time": 14.158, "Actual Total Time": 14.158, "Actual Rows": 2647, "Actual Loops": 2884, "Index Cond": "(id = mc.company_id)", "Rows Removed by Index Recheck": 0, "Filter": "((country_code)::text = '[us]'::text)", "Rows Removed by Filter": 237}]}, {"Node Type": "Index Scan", "Parent Relationship": "Inner", "Scan Direction": "Forward", "Index Name": "company_type_pkey", "Relation Name": "company_type", "Alias": "ct", "Startup Cost": 0.0, "Total Cost": 0.27, "Plan Rows": 1, "Plan Width": 4, "Actual Startup Time": 3.581, "Actual Total Time": 3.581, "Actual Rows": 1488, "Actual Loops": 2647, "Index Cond": "(id = mc.company_type_id)", "Rows Removed by Index Recheck": 0}]}, {"Node Type": "Index Scan", "Parent Relationship": "Inner", "Scan Direction": "Forward", "Index Name": "movie_id_movie_keyword", "Relation Name": "movie_keyword", "Alias": "mk", "Startup Cost": 0.0, "Total Cost": 0.46, "Plan Rows": 8, "Plan Width": 8, "Actual Startup Time": 6.636, "Actual Total Time": 8.926, "Actual Rows": 4808, "Actual Loops": 1488, "Index Cond": "(movie_id = mc.movie_id)", "Rows Removed by Index Recheck": 0}]}, {"Node Type": "Index Scan", "Parent Relationship": "Inner", "Scan Direction": "Forward", "Index Name": "keyword_pkey", "Relation Name": "keyword", "Alias": "k", "Startup Cost": 0.0, "Total Cost": 0.27, "Plan Rows": 1, "Plan Width": 4, "Actual Startup Time": 18.507, "Actual Total Time": 18.507, "Actual Rows": 4808, "Actual Loops": 4808, "Index Cond": "(id = mk.keyword_id)", "Rows Removed by Index Recheck": 0}]}, {"Node Type": "Index Scan", "Parent Relationship": "Inner", "Scan Direction": "Forward", "Index Name": "movie_id_aka_title", "Relation Name": "aka_title", "Alias": "at", "Startup Cost": 0.0, "Total Cost": 0.32, "Plan Rows": 3, "Plan Width": 4, "Actual Startup Time": 11.006, "Actual Total Time": 11.557, "Actual Rows": 1140, "Actual Loops": 4808, "Index Cond": "(movie_id = mk.movie_id)", "Rows Removed by Index Recheck": 0}]}]}, "Triggers": [], "Planner Runtime": 123.676, "Total Runtime": 1813.311, "Unique SQL Id": 2846462052}}, "(1, 30)": {"explain_plan": {"Plan": {"Node Type": "Aggregate", "Strategy": "Plain", "Startup Cost": 1272623.05, "Total Cost": 1272623.06, "Plan Rows": 1, "Plan Width": 123, "Plans": [{"Node Type": "Merge Join", "Parent Relationship": "Outer", "Join Type": "Inner", "Startup Cost": 1262077.52, "Total Cost": 1272622.38, "Plan Rows": 134, "Plan Width": 59, "Inner Unique": true, "Merge Cond": "(at.movie_id = t.id)", "Plans": [{"Node Type": "Merge Join", "Parent Relationship": "Outer", "Join Type": "Inner", "Startup Cost": 1014350.7, "Total Cost": 1016158.73, "Plan Rows": 97, "Plan Width": 58, "Inner Unique": false, "Merge Cond": "(mi.movie_id = at.movie_id)", "Plans": [{"Node Type": "Sort", "Parent Relationship": "Outer", "Startup Cost": 971085.55, "Total Cost": 971085.63, "Plan Rows": 32, "Plan Width": 54, "Sort Key": ["mc.movie_id"], "Plans": [{"Node Type": "Merge Join", "Parent Relationship": "Outer", "Join Type": "Inner", "Startup Cost": 970413.77, "Total Cost": 971084.75, "Plan Rows": 32, "Plan Width": 54, "Inner Unique": true, "Merge Cond": "(mk.keyword_id = k.id)", "Plans": [{"Node Type": "Sort", "Parent Relationship": "Outer", "Startup Cost": 956886.12, "Total Cost": 956886.2, "Plan Rows": 32, "Plan Width": 58, "Sort Key": ["mk.keyword_id"], "Plans": [{"Node Type": "Nested Loop", "Parent Relationship": "Outer", "Join Type": "Inner", "Startup Cost": 0.0, "Total Cost": 956885.32, "Plan Rows": 32, "Plan Width": 58, "Inner Unique": false, "Join Filter": "(mi.movie_id = mk.movie_id)", "Plans": [{"Node Type": "Seq Scan", "Parent Relationship": "Outer", "Relation Name": "movie_keyword", "Alias": "mk", "Startup Cost": 0.0, "Total Cost": 62441.29, "Plan Rows": 4523929, "Plan Width": 8}, {"Node Type": "Materialize", "Parent Relationship": "Inner", "Startup Cost": 0.0, "Total Cost": 623008.3, "Plan Rows": 4, "Plan Width": 50, "Plans": [{"Node Type": "Nested Loop", "Parent Relationship": "Outer", "Join Type": "Inner", "Startup Cost": 0.0, "Total Cost": 623008.28, "Plan Rows": 4, "Plan Width": 50, "Inner Unique": false, "Join Filter": "(mc.company_id = cn.id)", "Plans": [{"Node Type": "Seq Scan", "Parent Relationship": "Outer", "Relation Name": "company_name", "Alias": "cn", "Startup Cost": 0.0, "Total Cost": 5903.45, "Plan Rows": 85170, "Plan Width": 4, "Filter": "((country_code)::text = '[us]'::text)"}, {"Node Type": "Materialize", "Parent Relationship": "Inner", "Startup Cost": 0.0, "Total Cost": 606884.45, "Plan Rows": 8, "Plan Width": 54, "Plans": [{"Node Type": "Nested Loop", "Parent Relationship": "Outer", "Join Type": "Inner", "Startup Cost": 0.0, "Total Cost": 606884.41, "Plan Rows": 8, "Plan Width": 54, "Inner Unique": true, "Join Filter": "(mc.company_type_id = ct.id)", "Plans": [{"Node Type": "Nested Loop", "Parent Relationship": "Outer", "Join Type": "Inner", "Startup Cost": 0.0, "Total Cost": 606882.96, "Plan Rows": 9, "Plan Width": 58, "Inner Unique": false, "Join Filter": "(mi.movie_id = mc.movie_id)", "Plans": [{"Node Type": "Seq Scan", "Parent Relationship": "Outer", "Relation Name": "movie_companies", "Alias": "mc", "Startup Cost": 0.0, "Total Cost": 41817.28, "Plan Rows": 2609128, "Plan Width": 12}, {"Node Type": "Materialize", "Parent Relationship": "Inner", "Startup Cost": 0.0, "Total Cost": 408518.01, "Plan Rows": 4, "Plan Width": 46, "Plans": [{"Node Type": "Nested Loop", "Parent Relationship": "Outer", "Join Type": "Inner", "Startup Cost": 0.0, "Total Cost": 408517.99, "Plan Rows": 4, "Plan Width": 46, "Inner Unique": false, "Join Filter": "(it1.id = mi.info_type_id)", "Plans": [{"Node Type": "Seq Scan", "Parent Relationship": "Outer", "Relation Name": "info_type", "Alias": "it1", "Startup Cost": 0.0, "Total Cost": 2.4, "Plan Rows": 1, "Plan Width": 4, "Filter": "((info)::text = 'release dates'::text)"}, {"Node Type": "Seq Scan", "Parent Relationship": "Inner", "Relation Name": "movie_info", "Alias": "mi", "Startup Cost": 0.0, "Total Cost": 408512.41, "Plan Rows": 255, "Plan Width": 50, "Filter": "((info IS NOT NULL) AND ((note)::text ~~ '%internet%'::text) AND (((info)::text ~~ 'USA:% 199%'::text) OR ((info)::text ~~ 'USA:% 200%'::text)))"}]}]}]}, {"Node Type": "Materialize", "Parent Relationship": "Inner", "Startup Cost": 0.0, "Total Cost": 1.04, "Plan Rows": 3, "Plan Width": 4, "Plans": [{"Node Type": "Seq Scan", "Parent Relationship": "Outer", "Relation Name": "company_type", "Alias": "ct", "Startup Cost": 0.0, "Total Cost": 1.03, "Plan Rows": 3, "Plan Width": 4}]}]}]}]}]}]}]}, {"Node Type": "Sort", "Parent Relationship": "Inner", "Startup Cost": 13527.66, "Total Cost": 13863.08, "Plan Rows": 134169, "Plan Width": 4, "Sort Key": ["k.id"], "Plans": [{"Node Type": "Seq Scan", "Parent Relationship": "Outer", "Relation Name": "keyword", "Alias": "k", "Startup Cost": 0.0, "Total Cost": 2100.69, "Plan Rows": 134169, "Plan Width": 4}]}]}]}, {"Node Type": "Sort", "Parent Relationship": "Inner", "Startup Cost": 43264.85, "Total Cost": 44168.52, "Plan Rows": 361471, "Plan Width": 4, "Sort Key": ["at.movie_id"], "Plans": [{"Node Type": "Seq Scan", "Parent Relationship": "Outer", "Relation Name": "aka_title", "Alias": "at", "Startup Cost": 0.0, "Total Cost": 9894.71, "Plan Rows": 361471, "Plan Width": 4}]}]}, {"Node Type": "Sort", "Parent Relationship": "Inner", "Startup Cost": 247726.82, "Total Cost": 252098.92, "Plan Rows": 1748840, "Plan Width": 21, "Sort Key": ["t.id"], "Plans": [{"Node Type": "Seq Scan", "Parent Relationship": "Outer", "Relation Name": "title", "Alias": "t", "Startup Cost": 0.0, "Total Cost": 66389.89, "Plan Rows": 1748840, "Plan Width": 21, "Filter": "(production_year > 1990), (LLVM Optimized)"}]}]}]}, "Unique SQL Id": 2846462052}, "explain_analyze_plan": null}, "(1, 31)": {"explain_plan": {"Plan": {"Node Type": "Aggregate", "Strategy": "Plain", "Startup Cost": 8992370911326.04, "Total Cost": 8992370911326.05, "Plan Rows": 1, "Plan Width": 123, "Plans": [{"Node Type": "Nested Loop", "Parent Relationship": "Outer", "Join Type": "Inner", "Startup Cost": 90000000000.0, "Total Cost": 8992370911325.38, "Plan Rows": 132, "Plan Width": 59, "Inner Unique": false, "Join Filter": "(t.id = at.movie_id)", "Plans": [{"Node Type": "Index Scan", "Parent Relationship": "Outer", "Scan Direction": "Forward", "Index Name": "movie_id_aka_title", "Relation Name": "aka_title", "Alias": "at", "Startup Cost": 10000000000.0, "Total Cost": 1000001990001.13, "Plan Rows": 361471, "Plan Width": 4}, {"Node Type": "Materialize", "Parent Relationship": "Inner", "Startup Cost": 80000000000.0, "Total Cost": 7992368492981.31, "Plan Rows": 79, "Plan Width": 75, "Plans": [{"Node Type": "Nested Loop", "Parent Relationship": "Outer", "Join Type": "Inner", "Startup Cost": 80000000000.0, "Total Cost": 7992368492980.92, "Plan Rows": 79, "Plan Width": 75, "Inner Unique": true, "Join Filter": "(mk.keyword_id = k.id)", "Plans": [{"Node Type": "Nested Loop", "Parent Relationship": "Outer", "Join Type": "Inner", "Startup Cost": 70000000000.0, "Total Cost": 6992368048925.79, "Plan Rows": 79, "Plan Width": 79, "Inner Unique": true, "Join Filter": "(mi.info_type_id = it1.id)", "Plans": [{"Node Type": "Merge Join", "Parent Relationship": "Outer", "Join Type": "Inner", "Startup Cost": 60000000000.0, "Total Cost": 5992368047427.65, "Plan Rows": 5143, "Plan Width": 83, "Inner Unique": false, "Merge Cond": "(t.id = mk.movie_id)", "Plans": [{"Node Type": "Nested Loop", "Parent Relationship": "Outer", "Join Type": "Inner", "Startup Cost": 50000000000.0, "Total Cost": 5000148244505.78, "Plan Rows": 635, "Plan Width": 75, "Inner Unique": true, "Join Filter": "(mc.company_type_id = ct.id)", "Plans": [{"Node Type": "Nested Loop", "Parent Relationship": "Outer", "Join Type": "Inner", "Startup Cost": 40000000000.0, "Total Cost": 4000148243247.7, "Plan Rows": 635, "Plan Width": 79, "Inner Unique": true, "Join Filter": "(mc.company_id = cn.id)", "Plans": [{"Node Type": "Merge Join", "Parent Relationship": "Outer", "Join Type": "Inner", "Startup Cost": 30000000000.0, "Total Cost": 3000146228345.55, "Plan Rows": 755, "Plan Width": 83, "Inner Unique": false, "Merge Cond": "(t.id = mc.movie_id)", "Plans": [{"Node Type": "Nested Loop", "Parent Relationship": "Outer", "Join Type": "Inner", "Startup Cost": 20000000000.0, "Total Cost": 2000133169868.42, "Plan Rows": 353, "Plan Width": 71, "Inner Unique": false, "Join Filter": "(mi.movie_id = t.id)", "Plans": [{"Node Type": "Index Scan", "Parent Relationship": "Outer", "Scan Direction": "Forward", "Index Name": "title_pkey", "Relation Name": "title", "Alias": "t", "Startup Cost": 10000000000.0, "Total Cost": 1000011644126.66, "Plan Rows": 1748840, "Plan Width": 21, "Filter": "(production_year > 1990), (LLVM Optimized)"}, {"Node Type": "Materialize", "Parent Relationship": "Inner", "Startup Cost": 10000000000.0, "Total Cost": 1000114836429.39, "Plan Rows": 255, "Plan Width": 50, "Plans": [{"Node Type": "Index Scan", "Parent Relationship": "Outer", "Scan Direction": "Forward", "Index Name": "info_type_id_movie_info", "Relation Name": "movie_info", "Alias": "mi", "Startup Cost": 10000000000.0, "Total Cost": 1000114836428.12, "Plan Rows": 255, "Plan Width": 50, "Filter": "((info IS NOT NULL) AND ((note)::text ~~ '%internet%'::text) AND (((info)::text ~~ 'USA:% 199%'::text) OR ((info)::text ~~ 'USA:% 200%'::text)))"}]}]}, {"Node Type": "Index Scan", "Parent Relationship": "Inner", "Scan Direction": "Forward", "Index Name": "movie_id_movie_companies", "Relation Name": "movie_companies", "Alias": "mc", "Startup Cost": 10000000000.0, "Total Cost": 1000013051946.13, "Plan Rows": 2609128, "Plan Width": 12}]}, {"Node Type": "Materialize", "Parent Relationship": "Inner", "Startup Cost": 10000000000.0, "Total Cost": 1000001050564.82, "Plan Rows": 85170, "Plan Width": 4, "Plans": [{"Node Type": "Index Scan", "Parent Relationship": "Outer", "Scan Direction": "Forward", "Index Name": "company_name_pkey", "Relation Name": "company_name", "Alias": "cn", "Startup Cost": 10000000000.0, "Total Cost": 1000001050138.97, "Plan Rows": 85170, "Plan Width": 4, "Filter": "((country_code)::text = '[us]'::text)"}]}]}, {"Node Type": "Materialize", "Parent Relationship": "Inner", "Startup Cost": 10000000000.0, "Total Cost": 1000000001229.52, "Plan Rows": 3, "Plan Width": 4, "Plans": [{"Node Type": "Index Scan", "Parent Relationship": "Outer", "Scan Direction": "Forward", "Index Name": "company_type_pkey", "Relation Name": "company_type", "Alias": "ct", "Startup Cost": 10000000000.0, "Total Cost": 1000000001229.5, "Plan Rows": 3, "Plan Width": 4}]}]}, {"Node Type": "Index Scan", "Parent Relationship": "Inner", "Scan Direction": "Forward", "Index Name": "movie_id_movie_keyword", "Relation Name": "movie_keyword", "Alias": "mk", "Startup Cost": 10000000000.0, "Total Cost": 1000015300634.17, "Plan Rows": 4523929, "Plan Width": 8}]}, {"Node Type": "Materialize", "Parent Relationship": "Inner", "Startup Cost": 10000000000.0, "Total Cost": 1000000001421.0, "Plan Rows": 1, "Plan Width": 4, "Plans": [{"Node Type": "Index Scan", "Parent Relationship": "Outer", "Scan Direction": "Forward", "Index Name": "info_type_pkey", "Relation Name": "info_type", "Alias": "it1", "Startup Cost": 10000000000.0, "Total Cost": 1000000001421.0, "Plan Rows": 1, "Plan Width": 4, "Filter": "((info)::text = 'release dates'::text)"}]}]}, {"Node Type": "Materialize", "Parent Relationship": "Inner", "Startup Cost": 10000000000.0, "Total Cost": 1000000285400.28, "Plan Rows": 134169, "Plan Width": 4, "Plans": [{"Node Type": "Index Scan", "Parent Relationship": "Outer", "Scan Direction": "Forward", "Index Name": "keyword_pkey", "Relation Name": "keyword", "Alias": "k", "Startup Cost": 10000000000.0, "Total Cost": 1000000284729.43, "Plan Rows": 134169, "Plan Width": 4}]}]}]}]}]}, "Unique SQL Id": 2846462052}, "explain_analyze_plan": null}, "(1, 32)": {"explain_plan": {"Plan": {"Node Type": "Aggregate", "Strategy": "Plain", "Startup Cost": 165024.32, "Total Cost": 165024.33, "Plan Rows": 1, "Plan Width": 123, "Plans": [{"Node Type": "Nested Loop", "Parent Relationship": "Outer", "Join Type": "Inner", "Startup Cost": 4841.46, "Total Cost": 165023.66, "Plan Rows": 132, "Plan Width": 59, "Inner Unique": true, "Plans": [{"Node Type": "Nested Loop", "Parent Relationship": "Outer", "Join Type": "Inner", "Startup Cost": 4841.46, "Total Cost": 164986.14, "Plan Rows": 134, "Plan Width": 63, "Inner Unique": false, "Join Filter": "(t.id = mk.movie_id)", "Plans": [{"Node Type": "Nested Loop", "Parent Relationship": "Outer", "Join Type": "Inner", "Startup Cost": 4841.46, "Total Cost": 164976.58, "Plan Rows": 17, "Plan Width": 75, "Inner Unique": true, "Join Filter": "(at.movie_id = t.id)", "Plans": [{"Node Type": "Nested Loop", "Parent Relationship": "Outer", "Join Type": "Inner", "Startup Cost": 4841.46, "Total Cost": 164972.35, "Plan Rows": 12, "Plan Width": 54, "Inner Unique": true, "Join Filter": "(mc.company_type_id = ct.id)", "Plans": [{"Node Type": "Nested Loop", "Parent Relationship": "Outer", "Join Type": "Inner", "Startup Cost": 4841.46, "Total Cost": 164970.77, "Plan Rows": 12, "Plan Width": 58, "Inner Unique": true, "Plans": [{"Node Type": "Nested Loop", "Parent Relationship": "Outer", "Join Type": "Inner", "Startup Cost": 4841.46, "Total Cost": 164965.02, "Plan Rows": 20, "Plan Width": 62, "Inner Unique": false, "Plans": [{"Node Type": "Nested Loop", "Parent Relationship": "Outer", "Join Type": "Inner", "Startup Cost": 4841.46, "Total Cost": 164959.71, "Plan Rows": 9, "Plan Width": 50, "Inner Unique": false, "Plans": [{"Node Type": "Nested Loop", "Parent Relationship": "Outer", "Join Type": "Inner", "Startup Cost": 4841.46, "Total Cost": 164944.29, "Plan Rows": 4, "Plan Width": 46, "Inner Unique": false, "Plans": [{"Node Type": "Seq Scan", "Parent Relationship": "Outer", "Relation Name": "info_type", "Alias": "it1", "Startup Cost": 0.0, "Total Cost": 2.4, "Plan Rows": 1, "Plan Width": 4, "Filter": "((info)::text = 'release dates'::text)"}, {"Node Type": "Bitmap Heap Scan", "Parent Relationship": "Inner", "Relation Name": "movie_info", "Alias": "mi", "Startup Cost": 4841.46, "Total Cost": 164941.85, "Plan Rows": 4, "Plan Width": 50, "Recheck Cond": "(info_type_id = it1.id)", "Filter": "((info IS NOT NULL) AND ((note)::text ~~ '%internet%'::text) AND (((info)::text ~~ 'USA:% 199%'::text) OR ((info)::text ~~ 'USA:% 200%'::text)))", "Plans": [{"Node Type": "Bitmap Index Scan", "Parent Relationship": "Outer", "Index Name": "info_type_id_movie_info", "Startup Cost": 0.0, "Total Cost": 4841.46, "Plan Rows": 212428, "Plan Width": 0, "Index Cond": "(info_type_id = it1.id)"}]}]}, {"Node Type": "Index Only Scan", "Parent Relationship": "Inner", "Scan Direction": "Forward", "Index Name": "movie_id_aka_title", "Relation Name": "aka_title", "Alias": "at", "Startup Cost": 0.0, "Total Cost": 3.82, "Plan Rows": 3, "Plan Width": 4, "Index Cond": "(movie_id = mi.movie_id)"}]}, {"Node Type": "Index Scan", "Parent Relationship": "Inner", "Scan Direction": "Forward", "Index Name": "movie_id_movie_companies", "Relation Name": "movie_companies", "Alias": "mc", "Startup Cost": 0.0, "Total Cost": 0.57, "Plan Rows": 2, "Plan Width": 12, "Index Cond": "(movie_id = at.movie_id)"}]}, {"Node Type": "Index Scan", "Parent Relationship": "Inner", "Scan Direction": "Forward", "Index Name": "company_name_pkey", "Relation Name": "company_name", "Alias": "cn", "Startup Cost": 0.0, "Total Cost": 0.28, "Plan Rows": 1, "Plan Width": 4, "Index Cond": "(id = mc.company_id)", "Filter": "((country_code)::text = '[us]'::text)"}]}, {"Node Type": "Materialize", "Parent Relationship": "Inner", "Startup Cost": 0.0, "Total Cost": 1.04, "Plan Rows": 3, "Plan Width": 4, "Plans": [{"Node Type": "Seq Scan", "Parent Relationship": "Outer", "Relation Name": "company_type", "Alias": "ct", "Startup Cost": 0.0, "Total Cost": 1.03, "Plan Rows": 3, "Plan Width": 4}]}]}, {"Node Type": "Index Scan", "Parent Relationship": "Inner", "Scan Direction": "Forward", "Index Name": "title_pkey", "Relation Name": "title", "Alias": "t", "Startup Cost": 0.0, "Total Cost": 0.34, "Plan Rows": 1, "Plan Width": 21, "Index Cond": "(id = mc.movie_id)", "Filter": "(production_year > 1990)"}]}, {"Node Type": "Index Scan", "Parent Relationship": "Inner", "Scan Direction": "Forward", "Index Name": "movie_id_movie_keyword", "Relation Name": "movie_keyword", "Alias": "mk", "Startup Cost": 0.0, "Total Cost": 0.46, "Plan Rows": 8, "Plan Width": 8, "Index Cond": "(movie_id = mc.movie_id)"}]}, {"Node Type": "Index Only Scan", "Parent Relationship": "Inner", "Scan Direction": "Forward", "Index Name": "keyword_pkey", "Relation Name": "keyword", "Alias": "k", "Startup Cost": 0.0, "Total Cost": 0.27, "Plan Rows": 1, "Plan Width": 4, "Index Cond": "(id = mk.keyword_id)"}]}]}, "Unique SQL Id": 2846462052}, "explain_analyze_plan": {"Plan": {"Node Type": "Aggregate", "Strategy": "Plain", "Startup Cost": 165024.32, "Total Cost": 165024.33, "Plan Rows": 1, "Plan Width": 123, "Actual Startup Time": 1779.544, "Actual Total Time": 1779.544, "Actual Rows": 1, "Actual Loops": 1, "Plans": [{"Node Type": "Nested Loop", "Parent Relationship": "Outer", "Join Type": "Inner", "Startup Cost": 4841.46, "Total Cost": 165023.66, "Plan Rows": 132, "Plan Width": 59, "Actual Startup Time": 513.097, "Actual Total Time": 1778.651, "Actual Rows": 1140, "Actual Loops": 1, "Inner Unique": true, "Plans": [{"Node Type": "Nested Loop", "Parent Relationship": "Outer", "Join Type": "Inner", "Startup Cost": 4841.46, "Total Cost": 164986.14, "Plan Rows": 134, "Plan Width": 63, "Actual Startup Time": 513.083, "Actual Total Time": 1774.255, "Actual Rows": 1140, "Actual Loops": 1, "Inner Unique": false, "Join Filter": "(t.id = mk.movie_id)", "Rows Removed by Join Filter": 0, "Plans": [{"Node Type": "Nested Loop", "Parent Relationship": "Outer", "Join Type": "Inner", "Startup Cost": 4841.46, "Total Cost": 164976.58, "Plan Rows": 17, "Plan Width": 75, "Actual Startup Time": 513.063, "Actual Total Time": 1772.256, "Actual Rows": 119, "Actual Loops": 1, "Inner Unique": true, "Join Filter": "(at.movie_id = t.id)", "Rows Removed by Join Filter": 0, "Plans": [{"Node Type": "Nested Loop", "Parent Relationship": "Outer", "Join Type": "Inner", "Startup Cost": 4841.46, "Total Cost": 164972.35, "Plan Rows": 12, "Plan Width": 54, "Actual Startup Time": 513.037, "Actual Total Time": 1771.174, "Actual Rows": 119, "Actual Loops": 1, "Inner Unique": true, "Join Filter": "(mc.company_type_id = ct.id)", "Rows Removed by Join Filter": 495, "Plans": [{"Node Type": "Nested Loop", "Parent Relationship": "Outer", "Join Type": "Inner", "Startup Cost": 4841.46, "Total Cost": 164970.77, "Plan Rows": 12, "Plan Width": 58, "Actual Startup Time": 474.58, "Actual Total Time": 1770.722, "Actual Rows": 284, "Actual Loops": 1, "Inner Unique": true, "Plans": [{"Node Type": "Nested Loop", "Parent Relationship": "Outer", "Join Type": "Inner", "Startup Cost": 4841.46, "Total Cost": 164965.02, "Plan Rows": 20, "Plan Width": 62, "Actual Startup Time": 474.56, "Actual Total Time": 1767.976, "Actual Rows": 400, "Actual Loops": 1, "Inner Unique": false, "Plans": [{"Node Type": "Nested Loop", "Parent Relationship": "Outer", "Join Type": "Inner", "Startup Cost": 4841.46, "Total Cost": 164959.71, "Plan Rows": 9, "Plan Width": 50, "Actual Startup Time": 474.542, "Actual Total Time": 1766.346, "Actual Rows": 120, "Actual Loops": 1, "Inner Unique": false, "Plans": [{"Node Type": "Nested Loop", "Parent Relationship": "Outer", "Join Type": "Inner", "Startup Cost": 4841.46, "Total Cost": 164944.29, "Plan Rows": 4, "Plan Width": 46, "Actual Startup Time": 470.821, "Actual Total Time": 1757.96, "Actual Rows": 1783, "Actual Loops": 1, "Inner Unique": false, "Plans": [{"Node Type": "Seq Scan", "Parent Relationship": "Outer", "Relation Name": "info_type", "Alias": "it1", "Startup Cost": 0.0, "Total Cost": 2.4, "Plan Rows": 1, "Plan Width": 4, "Actual Startup Time": 0.045, "Actual Total Time": 0.089, "Actual Rows": 1, "Actual Loops": 1, "Filter": "((info)::text = 'release dates'::text)", "Rows Removed by Filter": 111}, {"Node Type": "Bitmap Heap Scan", "Parent Relationship": "Inner", "Relation Name": "movie_info", "Alias": "mi", "Startup Cost": 4841.46, "Total Cost": 164941.85, "Plan Rows": 4, "Plan Width": 50, "Actual Startup Time": 470.765, "Actual Total Time": 1757.244, "Actual Rows": 1783, "Actual Loops": 1, "Recheck Cond": "(info_type_id = it1.id)", "Rows Removed by Index Recheck": 0, "Filter": "((info IS NOT NULL) AND ((note)::text ~~ '%internet%'::text) AND (((info)::text ~~ 'USA:% 199%'::text) OR ((info)::text ~~ 'USA:% 200%'::text)))", "Rows Removed by Filter": 3034936, "Exact Heap Blocks": 21947, "Lossy Heap Blocks": 21947, "Plans": [{"Node Type": "Bitmap Index Scan", "Parent Relationship": "Outer", "Index Name": "info_type_id_movie_info", "Startup Cost": 0.0, "Total Cost": 4841.46, "Plan Rows": 212428, "Plan Width": 0, "Actual Startup Time": 465.268, "Actual Total Time": 465.268, "Actual Rows": 3036719, "Actual Loops": 1, "Index Cond": "(info_type_id = it1.id)"}]}]}, {"Node Type": "Index Only Scan", "Parent Relationship": "Inner", "Scan Direction": "Forward", "Index Name": "movie_id_aka_title", "Relation Name": "aka_title", "Alias": "at", "Startup Cost": 0.0, "Total Cost": 3.82, "Plan Rows": 3, "Plan Width": 4, "Actual Startup Time": 6.948, "Actual Total Time": 7.004, "Actual Rows": 120, "Actual Loops": 1783, "Index Cond": "(movie_id = mi.movie_id)", "Rows Removed by Index Recheck": 0, "Heap Fetches": 0}]}, {"Node Type": "Index Scan", "Parent Relationship": "Inner", "Scan Direction": "Forward", "Index Name": "movie_id_movie_companies", "Relation Name": "movie_companies", "Alias": "mc", "Startup Cost": 0.0, "Total Cost": 0.57, "Plan Rows": 2, "Plan Width": 12, "Actual Startup Time": 0.993, "Actual Total Time": 1.373, "Actual Rows": 400, "Actual Loops": 120, "Index Cond": "(movie_id = at.movie_id)", "Rows Removed by Index Recheck": 0}]}, {"Node Type": "Index Scan", "Parent Relationship": "Inner", "Scan Direction": "Forward", "Index Name": "company_name_pkey", "Relation Name": "company_name", "Alias": "cn", "Startup Cost": 0.0, "Total Cost": 0.28, "Plan Rows": 1, "Plan Width": 4, "Actual Startup Time": 2.298, "Actual Total Time": 2.298, "Actual Rows": 284, "Actual Loops": 400, "Index Cond": "(id = mc.company_id)", "Rows Removed by Index Recheck": 0, "Filter": "((country_code)::text = '[us]'::text)", "Rows Removed by Filter": 116}]}, {"Node Type": "Materialize", "Parent Relationship": "Inner", "Startup Cost": 0.0, "Total Cost": 1.04, "Plan Rows": 3, "Plan Width": 4, "Actual Startup Time": 0.095, "Actual Total Time": 0.151, "Actual Rows": 614, "Actual Loops": 284, "Plans": [{"Node Type": "Seq Scan", "Parent Relationship": "Outer", "Relation Name": "company_type", "Alias": "ct", "Startup Cost": 0.0, "Total Cost": 1.03, "Plan Rows": 3, "Plan Width": 4, "Actual Startup Time": 0.013, "Actual Total Time": 0.016, "Actual Rows": 3, "Actual Loops": 1}]}]}, {"Node Type": "Index Scan", "Parent Relationship": "Inner", "Scan Direction": "Forward", "Index Name": "title_pkey", "Relation Name": "title", "Alias": "t", "Startup Cost": 0.0, "Total Cost": 0.34, "Plan Rows": 1, "Plan Width": 21, "Actual Startup Time": 0.844, "Actual Total Time": 0.844, "Actual Rows": 119, "Actual Loops": 119, "Index Cond": "(id = mc.movie_id)", "Rows Removed by Index Recheck": 0, "Filter": "(production_year > 1990)", "Rows Removed by Filter": 0}]}, {"Node Type": "Index Scan", "Parent Relationship": "Inner", "Scan Direction": "Forward", "Index Name": "movie_id_movie_keyword", "Relation Name": "movie_keyword", "Alias": "mk", "Startup Cost": 0.0, "Total Cost": 0.46, "Plan Rows": 8, "Plan Width": 8, "Actual Startup Time": 0.843, "Actual Total Time": 1.415, "Actual Rows": 1140, "Actual Loops": 119, "Index Cond": "(movie_id = mc.movie_id)", "Rows Removed by Index Recheck": 0}]}, {"Node Type": "Index Only Scan", "Parent Relationship": "Inner", "Scan Direction": "Forward", "Index Name": "keyword_pkey", "Relation Name": "keyword", "Alias": "k", "Startup Cost": 0.0, "Total Cost": 0.27, "Plan Rows": 1, "Plan Width": 4, "Actual Startup Time": 3.53, "Actual Total Time": 3.53, "Actual Rows": 1140, "Actual Loops": 1140, "Index Cond": "(id = mk.keyword_id)", "Rows Removed by Index Recheck": 0, "Heap Fetches": 0}]}]}, "Triggers": [], "Planner Runtime": 63.688, "Total Runtime": 1780.155, "Unique SQL Id": 2846462052}}, "(1, 33)": {"explain_plan": {"Plan": {"Node Type": "Aggregate", "Strategy": "Plain", "Startup Cost": 165037.91, "Total Cost": 165037.92, "Plan Rows": 1, "Plan Width": 123, "Plans": [{"Node Type": "Nested Loop", "Parent Relationship": "Outer", "Join Type": "Inner", "Startup Cost": 4841.46, "Total Cost": 165037.25, "Plan Rows": 132, "Plan Width": 59, "Inner Unique": true, "Plans": [{"Node Type": "Nested Loop", "Parent Relationship": "Outer", "Join Type": "Inner", "Startup Cost": 4841.46, "Total Cost": 164999.73, "Plan Rows": 134, "Plan Width": 63, "Inner Unique": false, "Join Filter": "(t.id = mk.movie_id)", "Plans": [{"Node Type": "Nested Loop", "Parent Relationship": "Outer", "Join Type": "Inner", "Startup Cost": 4841.46, "Total Cost": 164990.17, "Plan Rows": 17, "Plan Width": 75, "Inner Unique": true, "Join Filter": "(at.movie_id = t.id)", "Plans": [{"Node Type": "Nested Loop", "Parent Relationship": "Outer", "Join Type": "Inner", "Startup Cost": 4841.46, "Total Cost": 164985.94, "Plan Rows": 12, "Plan Width": 54, "Inner Unique": true, "Plans": [{"Node Type": "Nested Loop", "Parent Relationship": "Outer", "Join Type": "Inner", "Startup Cost": 4841.46, "Total Cost": 164982.58, "Plan Rows": 12, "Plan Width": 58, "Inner Unique": true, "Plans": [{"Node Type": "Nested Loop", "Parent Relationship": "Outer", "Join Type": "Inner", "Startup Cost": 4841.46, "Total Cost": 164976.83, "Plan Rows": 20, "Plan Width": 62, "Inner Unique": false, "Plans": [{"Node Type": "Nested Loop", "Parent Relationship": "Outer", "Join Type": "Inner", "Startup Cost": 4841.46, "Total Cost": 164971.52, "Plan Rows": 9, "Plan Width": 50, "Inner Unique": false, "Plans": [{"Node Type": "Nested Loop", "Parent Relationship": "Outer", "Join Type": "Inner", "Startup Cost": 4841.46, "Total Cost": 164956.1, "Plan Rows": 4, "Plan Width": 46, "Inner Unique": false, "Plans": [{"Node Type": "Index Scan", "Parent Relationship": "Outer", "Scan Direction": "Forward", "Index Name": "info_type_pkey", "Relation Name": "info_type", "Alias": "it1", "Startup Cost": 0.0, "Total Cost": 14.21, "Plan Rows": 1, "Plan Width": 4, "Filter": "((info)::text = 'release dates'::text)"}, {"Node Type": "Bitmap Heap Scan", "Parent Relationship": "Inner", "Relation Name": "movie_info", "Alias": "mi", "Startup Cost": 4841.46, "Total Cost": 164941.85, "Plan Rows": 4, "Plan Width": 50, "Recheck Cond": "(info_type_id = it1.id)", "Filter": "((info IS NOT NULL) AND ((note)::text ~~ '%internet%'::text) AND (((info)::text ~~ 'USA:% 199%'::text) OR ((info)::text ~~ 'USA:% 200%'::text)))", "Plans": [{"Node Type": "Bitmap Index Scan", "Parent Relationship": "Outer", "Index Name": "info_type_id_movie_info", "Startup Cost": 0.0, "Total Cost": 4841.46, "Plan Rows": 212428, "Plan Width": 0, "Index Cond": "(info_type_id = it1.id)"}]}]}, {"Node Type": "Index Only Scan", "Parent Relationship": "Inner", "Scan Direction": "Forward", "Index Name": "movie_id_aka_title", "Relation Name": "aka_title", "Alias": "at", "Startup Cost": 0.0, "Total Cost": 3.82, "Plan Rows": 3, "Plan Width": 4, "Index Cond": "(movie_id = mi.movie_id)"}]}, {"Node Type": "Index Scan", "Parent Relationship": "Inner", "Scan Direction": "Forward", "Index Name": "movie_id_movie_companies", "Relation Name": "movie_companies", "Alias": "mc", "Startup Cost": 0.0, "Total Cost": 0.57, "Plan Rows": 2, "Plan Width": 12, "Index Cond": "(movie_id = at.movie_id)"}]}, {"Node Type": "Index Scan", "Parent Relationship": "Inner", "Scan Direction": "Forward", "Index Name": "company_name_pkey", "Relation Name": "company_name", "Alias": "cn", "Startup Cost": 0.0, "Total Cost": 0.28, "Plan Rows": 1, "Plan Width": 4, "Index Cond": "(id = mc.company_id)", "Filter": "((country_code)::text = '[us]'::text)"}]}, {"Node Type": "Index Only Scan", "Parent Relationship": "Inner", "Scan Direction": "Forward", "Index Name": "company_type_pkey", "Relation Name": "company_type", "Alias": "ct", "Startup Cost": 0.0, "Total Cost": 0.27, "Plan Rows": 1, "Plan Width": 4, "Index Cond": "(id = mc.company_type_id)"}]}, {"Node Type": "Index Scan", "Parent Relationship": "Inner", "Scan Direction": "Forward", "Index Name": "title_pkey", "Relation Name": "title", "Alias": "t", "Startup Cost": 0.0, "Total Cost": 0.34, "Plan Rows": 1, "Plan Width": 21, "Index Cond": "(id = mc.movie_id)", "Filter": "(production_year > 1990)"}]}, {"Node Type": "Index Scan", "Parent Relationship": "Inner", "Scan Direction": "Forward", "Index Name": "movie_id_movie_keyword", "Relation Name": "movie_keyword", "Alias": "mk", "Startup Cost": 0.0, "Total Cost": 0.46, "Plan Rows": 8, "Plan Width": 8, "Index Cond": "(movie_id = mc.movie_id)"}]}, {"Node Type": "Index Only Scan", "Parent Relationship": "Inner", "Scan Direction": "Forward", "Index Name": "keyword_pkey", "Relation Name": "keyword", "Alias": "k", "Startup Cost": 0.0, "Total Cost": 0.27, "Plan Rows": 1, "Plan Width": 4, "Index Cond": "(id = mk.keyword_id)"}]}]}, "Unique SQL Id": 2846462052}, "explain_analyze_plan": {"Plan": {"Node Type": "Aggregate", "Strategy": "Plain", "Startup Cost": 165037.91, "Total Cost": 165037.92, "Plan Rows": 1, "Plan Width": 123, "Actual Startup Time": 1759.128, "Actual Total Time": 1759.128, "Actual Rows": 1, "Actual Loops": 1, "Plans": [{"Node Type": "Nested Loop", "Parent Relationship": "Outer", "Join Type": "Inner", "Startup Cost": 4841.46, "Total Cost": 165037.25, "Plan Rows": 132, "Plan Width": 59, "Actual Startup Time": 420.862, "Actual Total Time": 1758.212, "Actual Rows": 1140, "Actual Loops": 1, "Inner Unique": true, "Plans": [{"Node Type": "Nested Loop", "Parent Relationship": "Outer", "Join Type": "Inner", "Startup Cost": 4841.46, "Total Cost": 164999.73, "Plan Rows": 134, "Plan Width": 63, "Actual Startup Time": 420.85, "Actual Total Time": 1753.603, "Actual Rows": 1140, "Actual Loops": 1, "Inner Unique": false, "Join Filter": "(t.id = mk.movie_id)", "Rows Removed by Join Filter": 0, "Plans": [{"Node Type": "Nested Loop", "Parent Relationship": "Outer", "Join Type": "Inner", "Startup Cost": 4841.46, "Total Cost": 164990.17, "Plan Rows": 17, "Plan Width": 75, "Actual Startup Time": 420.833, "Actual Total Time": 1751.487, "Actual Rows": 119, "Actual Loops": 1, "Inner Unique": true, "Join Filter": "(at.movie_id = t.id)", "Rows Removed by Join Filter": 0, "Plans": [{"Node Type": "Nested Loop", "Parent Relationship": "Outer", "Join Type": "Inner", "Startup Cost": 4841.46, "Total Cost": 164985.94, "Plan Rows": 12, "Plan Width": 54, "Actual Startup Time": 420.804, "Actual Total Time": 1750.305, "Actual Rows": 119, "Actual Loops": 1, "Inner Unique": true, "Plans": [{"Node Type": "Nested Loop", "Parent Relationship": "Outer", "Join Type": "Inner", "Startup Cost": 4841.46, "Total Cost": 164982.58, "Plan Rows": 12, "Plan Width": 58, "Actual Startup Time": 382.41, "Actual Total Time": 1749.733, "Actual Rows": 284, "Actual Loops": 1, "Inner Unique": true, "Plans": [{"Node Type": "Nested Loop", "Parent Relationship": "Outer", "Join Type": "Inner", "Startup Cost": 4841.46, "Total Cost": 164976.83, "Plan Rows": 20, "Plan Width": 62, "Actual Startup Time": 382.389, "Actual Total Time": 1746.791, "Actual Rows": 400, "Actual Loops": 1, "Inner Unique": false, "Plans": [{"Node Type": "Nested Loop", "Parent Relationship": "Outer", "Join Type": "Inner", "Startup Cost": 4841.46, "Total Cost": 164971.52, "Plan Rows": 9, "Plan Width": 50, "Actual Startup Time": 382.373, "Actual Total Time": 1745.033, "Actual Rows": 120, "Actual Loops": 1, "Inner Unique": false, "Plans": [{"Node Type": "Nested Loop", "Parent Relationship": "Outer", "Join Type": "Inner", "Startup Cost": 4841.46, "Total Cost": 164956.1, "Plan Rows": 4, "Plan Width": 46, "Actual Startup Time": 378.642, "Actual Total Time": 1736.196, "Actual Rows": 1783, "Actual Loops": 1, "Inner Unique": false, "Plans": [{"Node Type": "Index Scan", "Parent Relationship": "Outer", "Scan Direction": "Forward", "Index Name": "info_type_pkey", "Relation Name": "info_type", "Alias": "it1", "Startup Cost": 0.0, "Total Cost": 14.21, "Plan Rows": 1, "Plan Width": 4, "Actual Startup Time": 0.046, "Actual Total Time": 0.092, "Actual Rows": 1, "Actual Loops": 1, "Filter": "((info)::text = 'release dates'::text)", "Rows Removed by Filter": 111}, {"Node Type": "Bitmap Heap Scan", "Parent Relationship": "Inner", "Relation Name": "movie_info", "Alias": "mi", "Startup Cost": 4841.46, "Total Cost": 164941.85, "Plan Rows": 4, "Plan Width": 50, "Actual Startup Time": 378.585, "Actual Total Time": 1735.5, "Actual Rows": 1783, "Actual Loops": 1, "Recheck Cond": "(info_type_id = it1.id)", "Rows Removed by Index Recheck": 0, "Filter": "((info IS NOT NULL) AND ((note)::text ~~ '%internet%'::text) AND (((info)::text ~~ 'USA:% 199%'::text) OR ((info)::text ~~ 'USA:% 200%'::text)))", "Rows Removed by Filter": 3034936, "Exact Heap Blocks": 21947, "Lossy Heap Blocks": 21947, "Plans": [{"Node Type": "Bitmap Index Scan", "Parent Relationship": "Outer", "Index Name": "info_type_id_movie_info", "Startup Cost": 0.0, "Total Cost": 4841.46, "Plan Rows": 212428, "Plan Width": 0, "Actual Startup Time": 373.292, "Actual Total Time": 373.292, "Actual Rows": 3036719, "Actual Loops": 1, "Index Cond": "(info_type_id = it1.id)"}]}]}, {"Node Type": "Index Only Scan", "Parent Relationship": "Inner", "Scan Direction": "Forward", "Index Name": "movie_id_aka_title", "Relation Name": "aka_title", "Alias": "at", "Startup Cost": 0.0, "Total Cost": 3.82, "Plan Rows": 3, "Plan Width": 4, "Actual Startup Time": 7.399, "Actual Total Time": 7.46, "Actual Rows": 120, "Actual Loops": 1783, "Index Cond": "(movie_id = mi.movie_id)", "Rows Removed by Index Recheck": 0, "Heap Fetches": 0}]}, {"Node Type": "Index Scan", "Parent Relationship": "Inner", "Scan Direction": "Forward", "Index Name": "movie_id_movie_companies", "Relation Name": "movie_companies", "Alias": "mc", "Startup Cost": 0.0, "Total Cost": 0.57, "Plan Rows": 2, "Plan Width": 12, "Actual Startup Time": 1.06, "Actual Total Time": 1.462, "Actual Rows": 400, "Actual Loops": 120, "Index Cond": "(movie_id = at.movie_id)", "Rows Removed by Index Recheck": 0}]}, {"Node Type": "Index Scan", "Parent Relationship": "Inner", "Scan Direction": "Forward", "Index Name": "company_name_pkey", "Relation Name": "company_name", "Alias": "cn", "Startup Cost": 0.0, "Total Cost": 0.28, "Plan Rows": 1, "Plan Width": 4, "Actual Startup Time": 2.493, "Actual Total Time": 2.493, "Actual Rows": 284, "Actual Loops": 400, "Index Cond": "(id = mc.company_id)", "Rows Removed by Index Recheck": 0, "Filter": "((country_code)::text = '[us]'::text)", "Rows Removed by Filter": 116}]}, {"Node Type": "Index Only Scan", "Parent Relationship": "Inner", "Scan Direction": "Forward", "Index Name": "company_type_pkey", "Relation Name": "company_type", "Alias": "ct", "Startup Cost": 0.0, "Total Cost": 0.27, "Plan Rows": 1, "Plan Width": 4, "Actual Startup Time": 0.295, "Actual Total Time": 0.295, "Actual Rows": 119, "Actual Loops": 284, "Index Cond": "(id = mc.company_type_id)", "Rows Removed by Index Recheck": 0, "Heap Fetches": 0}]}, {"Node Type": "Index Scan", "Parent Relationship": "Inner", "Scan Direction": "Forward", "Index Name": "title_pkey", "Relation Name": "title", "Alias": "t", "Startup Cost": 0.0, "Total Cost": 0.34, "Plan Rows": 1, "Plan Width": 21, "Actual Startup Time": 0.918, "Actual Total Time": 0.918, "Actual Rows": 119, "Actual Loops": 119, "Index Cond": "(id = mc.movie_id)", "Rows Removed by Index Recheck": 0, "Filter": "(production_year > 1990)", "Rows Removed by Filter": 0}]}, {"Node Type": "Index Scan", "Parent Relationship": "Inner", "Scan Direction": "Forward", "Index Name": "movie_id_movie_keyword", "Relation Name": "movie_keyword", "Alias": "mk", "Startup Cost": 0.0, "Total Cost": 0.46, "Plan Rows": 8, "Plan Width": 8, "Actual Startup Time": 0.931, "Actual Total Time": 1.505, "Actual Rows": 1140, "Actual Loops": 119, "Index Cond": "(movie_id = mc.movie_id)", "Rows Removed by Index Recheck": 0}]}, {"Node Type": "Index Only Scan", "Parent Relationship": "Inner", "Scan Direction": "Forward", "Index Name": "keyword_pkey", "Relation Name": "keyword", "Alias": "k", "Startup Cost": 0.0, "Total Cost": 0.27, "Plan Rows": 1, "Plan Width": 4, "Actual Startup Time": 3.756, "Actual Total Time": 3.756, "Actual Rows": 1140, "Actual Loops": 1140, "Index Cond": "(id = mk.keyword_id)", "Rows Removed by Index Recheck": 0, "Heap Fetches": 0}]}]}, "Triggers": [], "Planner Runtime": 58.125, "Total Runtime": 1759.549, "Unique SQL Id": 2846462052}}, "(1, 34)": {"explain_plan": {"Plan": {"Node Type": "Aggregate", "Strategy": "Plain", "Startup Cost": 166012.09, "Total Cost": 166012.1, "Plan Rows": 1, "Plan Width": 123, "Plans": [{"Node Type": "Nested Loop", "Parent Relationship": "Outer", "Join Type": "Inner", "Startup Cost": 4846.74, "Total Cost": 166011.43, "Plan Rows": 132, "Plan Width": 59, "Inner Unique": true, "Join Filter": "(at.movie_id = t.id)", "Plans": [{"Node Type": "Nested Loop", "Parent Relationship": "Outer", "Join Type": "Inner", "Startup Cost": 4846.47, "Total Cost": 165603.56, "Plan Rows": 95, "Plan Width": 58, "Inner Unique": true, "Plans": [{"Node Type": "Nested Loop", "Parent Relationship": "Outer", "Join Type": "Inner", "Startup Cost": 4846.22, "Total Cost": 165188.37, "Plan Rows": 97, "Plan Width": 62, "Inner Unique": false, "Join Filter": "(at.movie_id = mk.movie_id)", "Plans": [{"Node Type": "Nested Loop", "Parent Relationship": "Outer", "Join Type": "Inner", "Startup Cost": 4845.88, "Total Cost": 165133.92, "Plan Rows": 12, "Plan Width": 54, "Inner Unique": true, "Join Filter": "(mc.company_type_id = ct.id)", "Plans": [{"Node Type": "Nested Loop", "Parent Relationship": "Outer", "Join Type": "Inner", "Startup Cost": 4845.88, "Total Cost": 165132.34, "Plan Rows": 12, "Plan Width": 58, "Inner Unique": true, "Plans": [{"Node Type": "Nested Loop", "Parent Relationship": "Outer", "Join Type": "Inner", "Startup Cost": 4845.62, "Total Cost": 165046.67, "Plan Rows": 20, "Plan Width": 62, "Inner Unique": false, "Plans": [{"Node Type": "Nested Loop", "Parent Relationship": "Outer", "Join Type": "Inner", "Startup Cost": 4845.25, "Total Cost": 165006.92, "Plan Rows": 9, "Plan Width": 50, "Inner Unique": false, "Plans": [{"Node Type": "Nested Loop", "Parent Relationship": "Outer", "Join Type": "Inner", "Startup Cost": 4841.46, "Total Cost": 164944.29, "Plan Rows": 4, "Plan Width": 46, "Inner Unique": false, "Plans": [{"Node Type": "Seq Scan", "Parent Relationship": "Outer", "Relation Name": "info_type", "Alias": "it1", "Startup Cost": 0.0, "Total Cost": 2.4, "Plan Rows": 1, "Plan Width": 4, "Filter": "((info)::text = 'release dates'::text)"}, {"Node Type": "Bitmap Heap Scan", "Parent Relationship": "Inner", "Relation Name": "movie_info", "Alias": "mi", "Startup Cost": 4841.46, "Total Cost": 164941.85, "Plan Rows": 4, "Plan Width": 50, "Recheck Cond": "(info_type_id = it1.id)", "Filter": "((info IS NOT NULL) AND ((note)::text ~~ '%internet%'::text) AND (((info)::text ~~ 'USA:% 199%'::text) OR ((info)::text ~~ 'USA:% 200%'::text)))", "Plans": [{"Node Type": "Bitmap Index Scan", "Parent Relationship": "Outer", "Index Name": "info_type_id_movie_info", "Startup Cost": 0.0, "Total Cost": 4841.46, "Plan Rows": 212428, "Plan Width": 0, "Index Cond": "(info_type_id = it1.id)"}]}]}, {"Node Type": "Bitmap Heap Scan", "Parent Relationship": "Inner", "Relation Name": "aka_title", "Alias": "at", "Startup Cost": 3.79, "Total Cost": 15.63, "Plan Rows": 3, "Plan Width": 4, "Recheck Cond": "(movie_id = mi.movie_id)", "Plans": [{"Node Type": "Bitmap Index Scan", "Parent Relationship": "Outer", "Index Name": "movie_id_aka_title", "Startup Cost": 0.0, "Total Cost": 3.79, "Plan Rows": 3, "Plan Width": 0, "Index Cond": "(movie_id = mi.movie_id)"}]}]}, {"Node Type": "Bitmap Heap Scan", "Parent Relationship": "Inner", "Relation Name": "movie_companies", "Alias": "mc", "Startup Cost": 0.37, "Total Cost": 4.4, "Plan Rows": 2, "Plan Width": 12, "Recheck Cond": "(movie_id = at.movie_id)", "Plans": [{"Node Type": "Bitmap Index Scan", "Parent Relationship": "Outer", "Index Name": "movie_id_movie_companies", "Startup Cost": 0.0, "Total Cost": 0.37, "Plan Rows": 2, "Plan Width": 0, "Index Cond": "(movie_id = at.movie_id)"}]}]}, {"Node Type": "Bitmap Heap Scan", "Parent Relationship": "Inner", "Relation Name": "company_name", "Alias": "cn", "Startup Cost": 0.26, "Total Cost": 4.27, "Plan Rows": 1, "Plan Width": 4, "Recheck Cond": "(id = mc.company_id)", "Filter": "((country_code)::text = '[us]'::text)", "Plans": [{"Node Type": "Bitmap Index Scan", "Parent Relationship": "Outer", "Index Name": "company_name_pkey", "Startup Cost": 0.0, "Total Cost": 0.26, "Plan Rows": 1, "Plan Width": 0, "Index Cond": "(id = mc.company_id)"}]}]}, {"Node Type": "Materialize", "Parent Relationship": "Inner", "Startup Cost": 0.0, "Total Cost": 1.04, "Plan Rows": 3, "Plan Width": 4, "Plans": [{"Node Type": "Seq Scan", "Parent Relationship": "Outer", "Relation Name": "company_type", "Alias": "ct", "Startup Cost": 0.0, "Total Cost": 1.03, "Plan Rows": 3, "Plan Width": 4}]}]}, {"Node Type": "Bitmap Heap Scan", "Parent Relationship": "Inner", "Relation Name": "movie_keyword", "Alias": "mk", "Startup Cost": 0.34, "Total Cost": 4.44, "Plan Rows": 8, "Plan Width": 8, "Recheck Cond": "(movie_id = mc.movie_id)", "Plans": [{"Node Type": "Bitmap Index Scan", "Parent Relationship": "Outer", "Index Name": "movie_id_movie_keyword", "Startup Cost": 0.0, "Total Cost": 0.34, "Plan Rows": 8, "Plan Width": 0, "Index Cond": "(movie_id = mc.movie_id)"}]}]}, {"Node Type": "Bitmap Heap Scan", "Parent Relationship": "Inner", "Relation Name": "keyword", "Alias": "k", "Startup Cost": 0.26, "Total Cost": 4.27, "Plan Rows": 1, "Plan Width": 4, "Recheck Cond": "(id = mk.keyword_id)", "Plans": [{"Node Type": "Bitmap Index Scan", "Parent Relationship": "Outer", "Index Name": "keyword_pkey", "Startup Cost": 0.0, "Total Cost": 0.26, "Plan Rows": 1, "Plan Width": 0, "Index Cond": "(id = mk.keyword_id)"}]}]}, {"Node Type": "Bitmap Heap Scan", "Parent Relationship": "Inner", "Relation Name": "title", "Alias": "t", "Startup Cost": 0.27, "Total Cost": 4.28, "Plan Rows": 1, "Plan Width": 21, "Recheck Cond": "(id = mk.movie_id)", "Filter": "(production_year > 1990)", "Plans": [{"Node Type": "Bitmap Index Scan", "Parent Relationship": "Outer", "Index Name": "title_pkey", "Startup Cost": 0.0, "Total Cost": 0.27, "Plan Rows": 1, "Plan Width": 0, "Index Cond": "(id = mk.movie_id)"}]}]}]}, "Unique SQL Id": 2846462052}, "explain_analyze_plan": {"Plan": {"Node Type": "Aggregate", "Strategy": "Plain", "Startup Cost": 166012.09, "Total Cost": 166012.1, "Plan Rows": 1, "Plan Width": 123, "Actual Startup Time": 1790.814, "Actual Total Time": 1790.814, "Actual Rows": 1, "Actual Loops": 1, "Plans": [{"Node Type": "Nested Loop", "Parent Relationship": "Outer", "Join Type": "Inner", "Startup Cost": 4846.74, "Total Cost": 166011.43, "Plan Rows": 132, "Plan Width": 59, "Actual Startup Time": 486.5, "Actual Total Time": 1789.728, "Actual Rows": 1140, "Actual Loops": 1, "Inner Unique": true, "Join Filter": "(at.movie_id = t.id)", "Rows Removed by Join Filter": 0, "Plans": [{"Node Type": "Nested Loop", "Parent Relationship": "Outer", "Join Type": "Inner", "Startup Cost": 4846.47, "Total Cost": 165603.56, "Plan Rows": 95, "Plan Width": 58, "Actual Startup Time": 486.457, "Actual Total Time": 1783.136, "Actual Rows": 1140, "Actual Loops": 1, "Inner Unique": true, "Plans": [{"Node Type": "Nested Loop", "Parent Relationship": "Outer", "Join Type": "Inner", "Startup Cost": 4846.22, "Total Cost": 165188.37, "Plan Rows": 97, "Plan Width": 62, "Actual Startup Time": 486.425, "Actual Total Time": 1775.626, "Actual Rows": 1140, "Actual Loops": 1, "Inner Unique": false, "Join Filter": "(at.movie_id = mk.movie_id)", "Rows Removed by Join Filter": 0, "Plans": [{"Node Type": "Nested Loop", "Parent Relationship": "Outer", "Join Type": "Inner", "Startup Cost": 4845.88, "Total Cost": 165133.92, "Plan Rows": 12, "Plan Width": 54, "Actual Startup Time": 486.38, "Actual Total Time": 1773.52, "Actual Rows": 119, "Actual Loops": 1, "Inner Unique": true, "Join Filter": "(mc.company_type_id = ct.id)", "Rows Removed by Join Filter": 495, "Plans": [{"Node Type": "Nested Loop", "Parent Relationship": "Outer", "Join Type": "Inner", "Startup Cost": 4845.88, "Total Cost": 165132.34, "Plan Rows": 12, "Plan Width": 58, "Actual Startup Time": 441.384, "Actual Total Time": 1773.017, "Actual Rows": 284, "Actual Loops": 1, "Inner Unique": true, "Plans": [{"Node Type": "Nested Loop", "Parent Relationship": "Outer", "Join Type": "Inner", "Startup Cost": 4845.62, "Total Cost": 165046.67, "Plan Rows": 20, "Plan Width": 62, "Actual Startup Time": 441.318, "Actual Total Time": 1769.583, "Actual Rows": 400, "Actual Loops": 1, "Inner Unique": false, "Plans": [{"Node Type": "Nested Loop", "Parent Relationship": "Outer", "Join Type": "Inner", "Startup Cost": 4845.25, "Total Cost": 165006.92, "Plan Rows": 9, "Plan Width": 50, "Actual Startup Time": 441.266, "Actual Total Time": 1767.334, "Actual Rows": 120, "Actual Loops": 1, "Inner Unique": false, "Plans": [{"Node Type": "Nested Loop", "Parent Relationship": "Outer", "Join Type": "Inner", "Startup Cost": 4841.46, "Total Cost": 164944.29, "Plan Rows": 4, "Plan Width": 46, "Actual Startup Time": 436.895, "Actual Total Time": 1756.162, "Actual Rows": 1783, "Actual Loops": 1, "Inner Unique": false, "Plans": [{"Node Type": "Seq Scan", "Parent Relationship": "Outer", "Relation Name": "info_type", "Alias": "it1", "Startup Cost": 0.0, "Total Cost": 2.4, "Plan Rows": 1, "Plan Width": 4, "Actual Startup Time": 0.048, "Actual Total Time": 0.081, "Actual Rows": 1, "Actual Loops": 1, "Filter": "((info)::text = 'release dates'::text)", "Rows Removed by Filter": 111}, {"Node Type": "Bitmap Heap Scan", "Parent Relationship": "Inner", "Relation Name": "movie_info", "Alias": "mi", "Startup Cost": 4841.46, "Total Cost": 164941.85, "Plan Rows": 4, "Plan Width": 50, "Actual Startup Time": 436.84, "Actual Total Time": 1755.401, "Actual Rows": 1783, "Actual Loops": 1, "Recheck Cond": "(info_type_id = it1.id)", "Rows Removed by Index Recheck": 0, "Filter": "((info IS NOT NULL) AND ((note)::text ~~ '%internet%'::text) AND (((info)::text ~~ 'USA:% 199%'::text) OR ((info)::text ~~ 'USA:% 200%'::text)))", "Rows Removed by Filter": 3034936, "Exact Heap Blocks": 21947, "Lossy Heap Blocks": 21947, "Plans": [{"Node Type": "Bitmap Index Scan", "Parent Relationship": "Outer", "Index Name": "info_type_id_movie_info", "Startup Cost": 0.0, "Total Cost": 4841.46, "Plan Rows": 212428, "Plan Width": 0, "Actual Startup Time": 431.065, "Actual Total Time": 431.065, "Actual Rows": 3036719, "Actual Loops": 1, "Index Cond": "(info_type_id = it1.id)"}]}]}, {"Node Type": "Bitmap Heap Scan", "Parent Relationship": "Inner", "Relation Name": "aka_title", "Alias": "at", "Startup Cost": 3.79, "Total Cost": 15.63, "Plan Rows": 3, "Plan Width": 4, "Actual Startup Time": 8.151, "Actual Total Time": 8.262, "Actual Rows": 120, "Actual Loops": 1783, "Recheck Cond": "(movie_id = mi.movie_id)", "Rows Removed by Index Recheck": 0, "Exact Heap Blocks": 120, "Lossy Heap Blocks": 120, "Plans": [{"Node Type": "Bitmap Index Scan", "Parent Relationship": "Outer", "Index Name": "movie_id_aka_title", "Startup Cost": 0.0, "Total Cost": 3.79, "Plan Rows": 3, "Plan Width": 0, "Actual Startup Time": 6.619, "Actual Total Time": 6.619, "Actual Rows": 120, "Actual Loops": 1783, "Index Cond": "(movie_id = mi.movie_id)"}]}]}, {"Node Type": "Bitmap Heap Scan", "Parent Relationship": "Inner", "Relation Name": "movie_companies", "Alias": "mc", "Startup Cost": 0.37, "Total Cost": 4.4, "Plan Rows": 2, "Plan Width": 12, "Actual Startup Time": 1.465, "Actual Total Time": 1.742, "Actual Rows": 400, "Actual Loops": 120, "Recheck Cond": "(movie_id = at.movie_id)", "Rows Removed by Index Recheck": 0, "Exact Heap Blocks": 214, "Lossy Heap Blocks": 214, "Plans": [{"Node Type": "Bitmap Index Scan", "Parent Relationship": "Outer", "Index Name": "movie_id_movie_companies", "Startup Cost": 0.0, "Total Cost": 0.37, "Plan Rows": 2, "Plan Width": 0, "Actual Startup Time": 0.843, "Actual Total Time": 0.843, "Actual Rows": 400, "Actual Loops": 120, "Index Cond": "(movie_id = at.movie_id)"}]}]}, {"Node Type": "Bitmap Heap Scan", "Parent Relationship": "Inner", "Relation Name": "company_name", "Alias": "cn", "Startup Cost": 0.26, "Total Cost": 4.27, "Plan Rows": 1, "Plan Width": 4, "Actual Startup Time": 2.704, "Actual Total Time": 2.704, "Actual Rows": 284, "Actual Loops": 400, "Recheck Cond": "(id = mc.company_id)", "Rows Removed by Index Recheck": 0, "Filter": "((country_code)::text = '[us]'::text)", "Rows Removed by Filter": 116, "Exact Heap Blocks": 400, "Lossy Heap Blocks": 400, "Plans": [{"Node Type": "Bitmap Index Scan", "Parent Relationship": "Outer", "Index Name": "company_name_pkey", "Startup Cost": 0.0, "Total Cost": 0.26, "Plan Rows": 1, "Plan Width": 0, "Actual Startup Time": 1.499, "Actual Total Time": 1.499, "Actual Rows": 400, "Actual Loops": 400, "Index Cond": "(id = mc.company_id)"}]}]}, {"Node Type": "Materialize", "Parent Relationship": "Inner", "Startup Cost": 0.0, "Total Cost": 1.04, "Plan Rows": 3, "Plan Width": 4, "Actual Startup Time": 0.101, "Actual Total Time": 0.156, "Actual Rows": 614, "Actual Loops": 284, "Plans": [{"Node Type": "Seq Scan", "Parent Relationship": "Outer", "Relation Name": "company_type", "Alias": "ct", "Startup Cost": 0.0, "Total Cost": 1.03, "Plan Rows": 3, "Plan Width": 4, "Actual Startup Time": 0.013, "Actual Total Time": 0.016, "Actual Rows": 3, "Actual Loops": 1}]}]}, {"Node Type": "Bitmap Heap Scan", "Parent Relationship": "Inner", "Relation Name": "movie_keyword", "Alias": "mk", "Startup Cost": 0.34, "Total Cost": 4.44, "Plan Rows": 8, "Plan Width": 8, "Actual Startup Time": 1.163, "Actual Total Time": 1.361, "Actual Rows": 1140, "Actual Loops": 119, "Recheck Cond": "(movie_id = mc.movie_id)", "Rows Removed by Index Recheck": 0, "Exact Heap Blocks": 91, "Lossy Heap Blocks": 91, "Plans": [{"Node Type": "Bitmap Index Scan", "Parent Relationship": "Outer", "Index Name": "movie_id_movie_keyword", "Startup Cost": 0.0, "Total Cost": 0.34, "Plan Rows": 8, "Plan Width": 0, "Actual Startup Time": 0.713, "Actual Total Time": 0.713, "Actual Rows": 1140, "Actual Loops": 119, "Index Cond": "(movie_id = mc.movie_id)"}]}]}, {"Node Type": "Bitmap Heap Scan", "Parent Relationship": "Inner", "Relation Name": "keyword", "Alias": "k", "Startup Cost": 0.26, "Total Cost": 4.27, "Plan Rows": 1, "Plan Width": 4, "Actual Startup Time": 5.839, "Actual Total Time": 5.839, "Actual Rows": 1140, "Actual Loops": 1140, "Recheck Cond": "(id = mk.keyword_id)", "Rows Removed by Index Recheck": 0, "Exact Heap Blocks": 1140, "Lossy Heap Blocks": 1140, "Plans": [{"Node Type": "Bitmap Index Scan", "Parent Relationship": "Outer", "Index Name": "keyword_pkey", "Startup Cost": 0.0, "Total Cost": 0.26, "Plan Rows": 1, "Plan Width": 0, "Actual Startup Time": 3.696, "Actual Total Time": 3.696, "Actual Rows": 1140, "Actual Loops": 1140, "Index Cond": "(id = mk.keyword_id)"}]}]}, {"Node Type": "Bitmap Heap Scan", "Parent Relationship": "Inner", "Relation Name": "title", "Alias": "t", "Startup Cost": 0.27, "Total Cost": 4.28, "Plan Rows": 1, "Plan Width": 21, "Actual Startup Time": 4.791, "Actual Total Time": 4.791, "Actual Rows": 1140, "Actual Loops": 1140, "Recheck Cond": "(id = mk.movie_id)", "Rows Removed by Index Recheck": 0, "Filter": "(production_year > 1990)", "Rows Removed by Filter": 0, "Exact Heap Blocks": 1140, "Lossy Heap Blocks": 1140, "Plans": [{"Node Type": "Bitmap Index Scan", "Parent Relationship": "Outer", "Index Name": "title_pkey", "Startup Cost": 0.0, "Total Cost": 0.27, "Plan Rows": 1, "Plan Width": 0, "Actual Startup Time": 2.873, "Actual Total Time": 2.873, "Actual Rows": 1140, "Actual Loops": 1140, "Index Cond": "(id = mk.movie_id)"}]}]}]}, "Triggers": [], "Planner Runtime": 72.792, "Total Runtime": 1791.335, "Unique SQL Id": 2846462052}}, "(1, 35)": {"explain_plan": {"Plan": {"Node Type": "Aggregate", "Strategy": "Plain", "Startup Cost": 1000002719454.35, "Total Cost": 1000002719454.36, "Plan Rows": 1, "Plan Width": 123, "Plans": [{"Node Type": "Nested Loop", "Parent Relationship": "Outer", "Join Type": "Inner", "Startup Cost": 10000000002.95, "Total Cost": 1000002719453.69, "Plan Rows": 132, "Plan Width": 59, "Inner Unique": true, "Join Filter": "(at.movie_id = t.id)", "Plans": [{"Node Type": "Nested Loop", "Parent Relationship": "Outer", "Join Type": "Inner", "Startup Cost": 10000000002.69, "Total Cost": 1000002719045.82, "Plan Rows": 95, "Plan Width": 58, "Inner Unique": true, "Plans": [{"Node Type": "Nested Loop", "Parent Relationship": "Outer", "Join Type": "Inner", "Startup Cost": 10000000002.43, "Total Cost": 1000002718630.63, "Plan Rows": 97, "Plan Width": 62, "Inner Unique": false, "Join Filter": "(at.movie_id = mk.movie_id)", "Plans": [{"Node Type": "Nested Loop", "Parent Relationship": "Outer", "Join Type": "Inner", "Startup Cost": 10000000002.09, "Total Cost": 1000002718576.18, "Plan Rows": 12, "Plan Width": 54, "Inner Unique": true, "Plans": [{"Node Type": "Nested Loop", "Parent Relationship": "Outer", "Join Type": "Inner", "Startup Cost": 10000000001.84, "Total Cost": 1000002718524.81, "Plan Rows": 12, "Plan Width": 58, "Inner Unique": true, "Plans": [{"Node Type": "Nested Loop", "Parent Relationship": "Outer", "Join Type": "Inner", "Startup Cost": 10000000001.58, "Total Cost": 1000002718439.15, "Plan Rows": 20, "Plan Width": 62, "Inner Unique": false, "Plans": [{"Node Type": "Nested Loop", "Parent Relationship": "Outer", "Join Type": "Inner", "Startup Cost": 10000000001.21, "Total Cost": 1000002718399.4, "Plan Rows": 9, "Plan Width": 50, "Inner Unique": true, "Plans": [{"Node Type": "Nested Loop", "Parent Relationship": "Outer", "Join Type": "Inner", "Startup Cost": 10000000000.92, "Total Cost": 1000002715586.59, "Plan Rows": 652, "Plan Width": 54, "Inner Unique": false, "Plans": [{"Node Type": "Index Only Scan", "Parent Relationship": "Outer", "Scan Direction": "Forward", "Index Name": "movie_id_aka_title", "Relation Name": "aka_title", "Alias": "at", "Startup Cost": 10000000000.0, "Total Cost": 1000000898631.5, "Plan Rows": 361471, "Plan Width": 4}, {"Node Type": "Bitmap Heap Scan", "Parent Relationship": "Inner", "Relation Name": "movie_info", "Alias": "mi", "Startup Cost": 0.92, "Total Cost": 5.02, "Plan Rows": 1, "Plan Width": 50, "Recheck Cond": "(movie_id = at.movie_id)", "Filter": "((info IS NOT NULL) AND ((note)::text ~~ '%internet%'::text) AND (((info)::text ~~ 'USA:% 199%'::text) OR ((info)::text ~~ 'USA:% 200%'::text)))", "Plans": [{"Node Type": "Bitmap Index Scan", "Parent Relationship": "Outer", "Index Name": "movie_id_movie_info", "Startup Cost": 0.0, "Total Cost": 0.92, "Plan Rows": 5, "Plan Width": 0, "Index Cond": "(movie_id = at.movie_id)"}]}]}, {"Node Type": "Bitmap Heap Scan", "Parent Relationship": "Inner", "Relation Name": "info_type", "Alias": "it1", "Startup Cost": 0.29, "Total Cost": 4.3, "Plan Rows": 1, "Plan Width": 4, "Recheck Cond": "(id = mi.info_type_id)", "Filter": "((info)::text = 'release dates'::text)", "Plans": [{"Node Type": "Bitmap Index Scan", "Parent Relationship": "Outer", "Index Name": "info_type_pkey", "Startup Cost": 0.0, "Total Cost": 0.29, "Plan Rows": 1, "Plan Width": 0, "Index Cond": "(id = mi.info_type_id)"}]}]}, {"Node Type": "Bitmap Heap Scan", "Parent Relationship": "Inner", "Relation Name": "movie_companies", "Alias": "mc", "Startup Cost": 0.37, "Total Cost": 4.4, "Plan Rows": 2, "Plan Width": 12, "Recheck Cond": "(movie_id = at.movie_id)", "Plans": [{"Node Type": "Bitmap Index Scan", "Parent Relationship": "Outer", "Index Name": "movie_id_movie_companies", "Startup Cost": 0.0, "Total Cost": 0.37, "Plan Rows": 2, "Plan Width": 0, "Index Cond": "(movie_id = at.movie_id)"}]}]}, {"Node Type": "Bitmap Heap Scan", "Parent Relationship": "Inner", "Relation Name": "company_name", "Alias": "cn", "Startup Cost": 0.26, "Total Cost": 4.27, "Plan Rows": 1, "Plan Width": 4, "Recheck Cond": "(id = mc.company_id)", "Filter": "((country_code)::text = '[us]'::text)", "Plans": [{"Node Type": "Bitmap Index Scan", "Parent Relationship": "Outer", "Index Name": "company_name_pkey", "Startup Cost": 0.0, "Total Cost": 0.26, "Plan Rows": 1, "Plan Width": 0, "Index Cond": "(id = mc.company_id)"}]}]}, {"Node Type": "Bitmap Heap Scan", "Parent Relationship": "Inner", "Relation Name": "company_type", "Alias": "ct", "Startup Cost": 0.26, "Total Cost": 4.27, "Plan Rows": 1, "Plan Width": 4, "Recheck Cond": "(id = mc.company_type_id)", "Plans": [{"Node Type": "Bitmap Index Scan", "Parent Relationship": "Outer", "Index Name": "company_type_pkey", "Startup Cost": 0.0, "Total Cost": 0.26, "Plan Rows": 1, "Plan Width": 0, "Index Cond": "(id = mc.company_type_id)"}]}]}, {"Node Type": "Bitmap Heap Scan", "Parent Relationship": "Inner", "Relation Name": "movie_keyword", "Alias": "mk", "Startup Cost": 0.34, "Total Cost": 4.44, "Plan Rows": 8, "Plan Width": 8, "Recheck Cond": "(movie_id = mc.movie_id)", "Plans": [{"Node Type": "Bitmap Index Scan", "Parent Relationship": "Outer", "Index Name": "movie_id_movie_keyword", "Startup Cost": 0.0, "Total Cost": 0.34, "Plan Rows": 8, "Plan Width": 0, "Index Cond": "(movie_id = mc.movie_id)"}]}]}, {"Node Type": "Bitmap Heap Scan", "Parent Relationship": "Inner", "Relation Name": "keyword", "Alias": "k", "Startup Cost": 0.26, "Total Cost": 4.27, "Plan Rows": 1, "Plan Width": 4, "Recheck Cond": "(id = mk.keyword_id)", "Plans": [{"Node Type": "Bitmap Index Scan", "Parent Relationship": "Outer", "Index Name": "keyword_pkey", "Startup Cost": 0.0, "Total Cost": 0.26, "Plan Rows": 1, "Plan Width": 0, "Index Cond": "(id = mk.keyword_id)"}]}]}, {"Node Type": "Bitmap Heap Scan", "Parent Relationship": "Inner", "Relation Name": "title", "Alias": "t", "Startup Cost": 0.27, "Total Cost": 4.28, "Plan Rows": 1, "Plan Width": 21, "Recheck Cond": "(id = mk.movie_id)", "Filter": "(production_year > 1990)", "Plans": [{"Node Type": "Bitmap Index Scan", "Parent Relationship": "Outer", "Index Name": "title_pkey", "Startup Cost": 0.0, "Total Cost": 0.27, "Plan Rows": 1, "Plan Width": 0, "Index Cond": "(id = mk.movie_id)"}]}]}]}, "Unique SQL Id": 2846462052}, "explain_analyze_plan": null}, "(1, 36)": {"explain_plan": {"Plan": {"Node Type": "Aggregate", "Strategy": "Plain", "Startup Cost": 165035.58, "Total Cost": 165035.59, "Plan Rows": 1, "Plan Width": 123, "Plans": [{"Node Type": "Nested Loop", "Parent Relationship": "Outer", "Join Type": "Inner", "Startup Cost": 4841.46, "Total Cost": 165034.92, "Plan Rows": 132, "Plan Width": 59, "Inner Unique": true, "Plans": [{"Node Type": "Nested Loop", "Parent Relationship": "Outer", "Join Type": "Inner", "Startup Cost": 4841.46, "Total Cost": 164997.31, "Plan Rows": 134, "Plan Width": 63, "Inner Unique": false, "Join Filter": "(t.id = mk.movie_id)", "Plans": [{"Node Type": "Nested Loop", "Parent Relationship": "Outer", "Join Type": "Inner", "Startup Cost": 4841.46, "Total Cost": 164987.75, "Plan Rows": 17, "Plan Width": 75, "Inner Unique": false, "Plans": [{"Node Type": "Nested Loop", "Parent Relationship": "Outer", "Join Type": "Inner", "Startup Cost": 4841.46, "Total Cost": 164984.18, "Plan Rows": 10, "Plan Width": 71, "Inner Unique": true, "Plans": [{"Node Type": "Nested Loop", "Parent Relationship": "Outer", "Join Type": "Inner", "Startup Cost": 4841.46, "Total Cost": 164981.02, "Plan Rows": 11, "Plan Width": 75, "Inner Unique": true, "Join Filter": "(mc.company_type_id = ct.id)", "Plans": [{"Node Type": "Nested Loop", "Parent Relationship": "Outer", "Join Type": "Inner", "Startup Cost": 4841.46, "Total Cost": 164979.44, "Plan Rows": 12, "Plan Width": 79, "Inner Unique": false, "Plans": [{"Node Type": "Nested Loop", "Parent Relationship": "Outer", "Join Type": "Inner", "Startup Cost": 4841.46, "Total Cost": 164977.23, "Plan Rows": 6, "Plan Width": 67, "Inner Unique": true, "Plans": [{"Node Type": "Nested Loop", "Parent Relationship": "Outer", "Join Type": "Inner", "Startup Cost": 4841.46, "Total Cost": 164944.29, "Plan Rows": 4, "Plan Width": 46, "Inner Unique": false, "Plans": [{"Node Type": "Seq Scan", "Parent Relationship": "Outer", "Relation Name": "info_type", "Alias": "it1", "Startup Cost": 0.0, "Total Cost": 2.4, "Plan Rows": 1, "Plan Width": 4, "Filter": "((info)::text = 'release dates'::text)"}, {"Node Type": "Bitmap Heap Scan", "Parent Relationship": "Inner", "Relation Name": "movie_info", "Alias": "mi", "Startup Cost": 4841.46, "Total Cost": 164941.85, "Plan Rows": 4, "Plan Width": 50, "Recheck Cond": "(info_type_id = it1.id)", "Filter": "((info IS NOT NULL) AND ((note)::text ~~ '%internet%'::text) AND (((info)::text ~~ 'USA:% 199%'::text) OR ((info)::text ~~ 'USA:% 200%'::text)))", "Plans": [{"Node Type": "Bitmap Index Scan", "Parent Relationship": "Outer", "Index Name": "info_type_id_movie_info", "Startup Cost": 0.0, "Total Cost": 4841.46, "Plan Rows": 212428, "Plan Width": 0, "Index Cond": "(info_type_id = it1.id)"}]}]}, {"Node Type": "Index Scan", "Parent Relationship": "Inner", "Scan Direction": "Forward", "Index Name": "title_pkey", "Relation Name": "title", "Alias": "t", "Startup Cost": 0.0, "Total Cost": 8.23, "Plan Rows": 1, "Plan Width": 21, "Index Cond": "(id = mi.movie_id)", "Filter": "(production_year > 1990)"}]}, {"Node Type": "Index Scan", "Parent Relationship": "Inner", "Scan Direction": "Forward", "Index Name": "movie_id_movie_companies", "Relation Name": "movie_companies", "Alias": "mc", "Startup Cost": 0.0, "Total Cost": 0.35, "Plan Rows": 2, "Plan Width": 12, "Index Cond": "(movie_id = t.id)"}]}, {"Node Type": "Materialize", "Parent Relationship": "Inner", "Startup Cost": 0.0, "Total Cost": 1.04, "Plan Rows": 3, "Plan Width": 4, "Plans": [{"Node Type": "Seq Scan", "Parent Relationship": "Outer", "Relation Name": "company_type", "Alias": "ct", "Startup Cost": 0.0, "Total Cost": 1.03, "Plan Rows": 3, "Plan Width": 4}]}]}, {"Node Type": "Index Scan", "Parent Relationship": "Inner", "Scan Direction": "Forward", "Index Name": "company_name_pkey", "Relation Name": "company_name", "Alias": "cn", "Startup Cost": 0.0, "Total Cost": 0.28, "Plan Rows": 1, "Plan Width": 4, "Index Cond": "(id = mc.company_id)", "Filter": "((country_code)::text = '[us]'::text)"}]}, {"Node Type": "Index Scan", "Parent Relationship": "Inner", "Scan Direction": "Forward", "Index Name": "movie_id_aka_title", "Relation Name": "aka_title", "Alias": "at", "Startup Cost": 0.0, "Total Cost": 0.33, "Plan Rows": 3, "Plan Width": 4, "Index Cond": "(movie_id = t.id)"}]}, {"Node Type": "Index Scan", "Parent Relationship": "Inner", "Scan Direction": "Forward", "Index Name": "movie_id_movie_keyword", "Relation Name": "movie_keyword", "Alias": "mk", "Startup Cost": 0.0, "Total Cost": 0.46, "Plan Rows": 8, "Plan Width": 8, "Index Cond": "(movie_id = mc.movie_id)"}]}, {"Node Type": "Index Scan", "Parent Relationship": "Inner", "Scan Direction": "Forward", "Index Name": "keyword_pkey", "Relation Name": "keyword", "Alias": "k", "Startup Cost": 0.0, "Total Cost": 0.27, "Plan Rows": 1, "Plan Width": 4, "Index Cond": "(id = mk.keyword_id)"}]}]}, "Unique SQL Id": 2846462052}, "explain_analyze_plan": {"Plan": {"Node Type": "Aggregate", "Strategy": "Plain", "Startup Cost": 165035.58, "Total Cost": 165035.59, "Plan Rows": 1, "Plan Width": 123, "Actual Startup Time": 1826.048, "Actual Total Time": 1826.048, "Actual Rows": 1, "Actual Loops": 1, "Plans": [{"Node Type": "Nested Loop", "Parent Relationship": "Outer", "Join Type": "Inner", "Startup Cost": 4841.46, "Total Cost": 165034.92, "Plan Rows": 132, "Plan Width": 59, "Actual Startup Time": 422.094, "Actual Total Time": 1825.129, "Actual Rows": 1140, "Actual Loops": 1, "Inner Unique": true, "Plans": [{"Node Type": "Nested Loop", "Parent Relationship": "Outer", "Join Type": "Inner", "Startup Cost": 4841.46, "Total Cost": 164997.31, "Plan Rows": 134, "Plan Width": 63, "Actual Startup Time": 422.08, "Actual Total Time": 1818.716, "Actual Rows": 1140, "Actual Loops": 1, "Inner Unique": false, "Join Filter": "(t.id = mk.movie_id)", "Rows Removed by Join Filter": 0, "Plans": [{"Node Type": "Nested Loop", "Parent Relationship": "Outer", "Join Type": "Inner", "Startup Cost": 4841.46, "Total Cost": 164987.75, "Plan Rows": 17, "Plan Width": 75, "Actual Startup Time": 422.056, "Actual Total Time": 1816.627, "Actual Rows": 119, "Actual Loops": 1, "Inner Unique": false, "Plans": [{"Node Type": "Nested Loop", "Parent Relationship": "Outer", "Join Type": "Inner", "Startup Cost": 4841.46, "Total Cost": 164984.18, "Plan Rows": 10, "Plan Width": 71, "Actual Startup Time": 379.358, "Actual Total Time": 1809.277, "Actual Rows": 1488, "Actual Loops": 1, "Inner Unique": true, "Plans": [{"Node Type": "Nested Loop", "Parent Relationship": "Outer", "Join Type": "Inner", "Startup Cost": 4841.46, "Total Cost": 164981.02, "Plan Rows": 11, "Plan Width": 75, "Actual Startup Time": 379.341, "Actual Total Time": 1795.515, "Actual Rows": 1599, "Actual Loops": 1, "Inner Unique": true, "Join Filter": "(mc.company_type_id = ct.id)", "Rows Removed by Join Filter": 3855, "Plans": [{"Node Type": "Nested Loop", "Parent Relationship": "Outer", "Join Type": "Inner", "Startup Cost": 4841.46, "Total Cost": 164979.44, "Plan Rows": 12, "Plan Width": 79, "Actual Startup Time": 379.291, "Actual Total Time": 1792.472, "Actual Rows": 2884, "Actual Loops": 1, "Inner Unique": false, "Plans": [{"Node Type": "Nested Loop", "Parent Relationship": "Outer", "Join Type": "Inner", "Startup Cost": 4841.46, "Total Cost": 164977.23, "Plan Rows": 6, "Plan Width": 67, "Actual Startup Time": 379.278, "Actual Total Time": 1774.662, "Actual Rows": 1782, "Actual Loops": 1, "Inner Unique": true, "Plans": [{"Node Type": "Nested Loop", "Parent Relationship": "Outer", "Join Type": "Inner", "Startup Cost": 4841.46, "Total Cost": 164944.29, "Plan Rows": 4, "Plan Width": 46, "Actual Startup Time": 379.231, "Actual Total Time": 1757.495, "Actual Rows": 1783, "Actual Loops": 1, "Inner Unique": false, "Plans": [{"Node Type": "Seq Scan", "Parent Relationship": "Outer", "Relation Name": "info_type", "Alias": "it1", "Startup Cost": 0.0, "Total Cost": 2.4, "Plan Rows": 1, "Plan Width": 4, "Actual Startup Time": 0.045, "Actual Total Time": 0.096, "Actual Rows": 1, "Actual Loops": 1, "Filter": "((info)::text = 'release dates'::text)", "Rows Removed by Filter": 111}, {"Node Type": "Bitmap Heap Scan", "Parent Relationship": "Inner", "Relation Name": "movie_info", "Alias": "mi", "Startup Cost": 4841.46, "Total Cost": 164941.85, "Plan Rows": 4, "Plan Width": 50, "Actual Startup Time": 379.178, "Actual Total Time": 1756.823, "Actual Rows": 1783, "Actual Loops": 1, "Recheck Cond": "(info_type_id = it1.id)", "Rows Removed by Index Recheck": 0, "Filter": "((info IS NOT NULL) AND ((note)::text ~~ '%internet%'::text) AND (((info)::text ~~ 'USA:% 199%'::text) OR ((info)::text ~~ 'USA:% 200%'::text)))", "Rows Removed by Filter": 3034936, "Exact Heap Blocks": 21947, "Lossy Heap Blocks": 21947, "Plans": [{"Node Type": "Bitmap Index Scan", "Parent Relationship": "Outer", "Index Name": "info_type_id_movie_info", "Startup Cost": 0.0, "Total Cost": 4841.46, "Plan Rows": 212428, "Plan Width": 0, "Actual Startup Time": 373.914, "Actual Total Time": 373.914, "Actual Rows": 3036719, "Actual Loops": 1, "Index Cond": "(info_type_id = it1.id)"}]}]}, {"Node Type": "Index Scan", "Parent Relationship": "Inner", "Scan Direction": "Forward", "Index Name": "title_pkey", "Relation Name": "title", "Alias": "t", "Startup Cost": 0.0, "Total Cost": 8.23, "Plan Rows": 1, "Plan Width": 21, "Actual Startup Time": 15.032, "Actual Total Time": 15.032, "Actual Rows": 1782, "Actual Loops": 1783, "Index Cond": "(id = mi.movie_id)", "Rows Removed by Index Recheck": 0, "Filter": "(production_year > 1990)", "Rows Removed by Filter": 1}]}, {"Node Type": "Index Scan", "Parent Relationship": "Inner", "Scan Direction": "Forward", "Index Name": "movie_id_movie_companies", "Relation Name": "movie_companies", "Alias": "mc", "Startup Cost": 0.0, "Total Cost": 0.35, "Plan Rows": 2, "Plan Width": 12, "Actual Startup Time": 12.746, "Actual Total Time": 15.793, "Actual Rows": 2884, "Actual Loops": 1782, "Index Cond": "(movie_id = t.id)", "Rows Removed by Index Recheck": 0}]}, {"Node Type": "Materialize", "Parent Relationship": "Inner", "Startup Cost": 0.0, "Total Cost": 1.04, "Plan Rows": 3, "Plan Width": 4, "Actual Startup Time": 0.394, "Actual Total Time": 0.74, "Actual Rows": 5454, "Actual Loops": 2884, "Plans": [{"Node Type": "Seq Scan", "Parent Relationship": "Outer", "Relation Name": "company_type", "Alias": "ct", "Startup Cost": 0.0, "Total Cost": 1.03, "Plan Rows": 3, "Plan Width": 4, "Actual Startup Time": 0.011, "Actual Total Time": 0.014, "Actual Rows": 3, "Actual Loops": 1}]}]}, {"Node Type": "Index Scan", "Parent Relationship": "Inner", "Scan Direction": "Forward", "Index Name": "company_name_pkey", "Relation Name": "company_name", "Alias": "cn", "Startup Cost": 0.0, "Total Cost": 0.28, "Plan Rows": 1, "Plan Width": 4, "Actual Startup Time": 12.028, "Actual Total Time": 12.028, "Actual Rows": 1488, "Actual Loops": 1599, "Index Cond": "(id = mc.company_id)", "Rows Removed by Index Recheck": 0, "Filter": "((country_code)::text = '[us]'::text)", "Rows Removed by Filter": 111}]}, {"Node Type": "Index Scan", "Parent Relationship": "Inner", "Scan Direction": "Forward", "Index Name": "movie_id_aka_title", "Relation Name": "aka_title", "Alias": "at", "Startup Cost": 0.0, "Total Cost": 0.33, "Plan Rows": 3, "Plan Width": 4, "Actual Startup Time": 6.216, "Actual Total Time": 6.343, "Actual Rows": 119, "Actual Loops": 1488, "Index Cond": "(movie_id = t.id)", "Rows Removed by Index Recheck": 0}]}, {"Node Type": "Index Scan", "Parent Relationship": "Inner", "Scan Direction": "Forward", "Index Name": "movie_id_movie_keyword", "Relation Name": "movie_keyword", "Alias": "mk", "Startup Cost": 0.0, "Total Cost": 0.46, "Plan Rows": 8, "Plan Width": 8, "Actual Startup Time": 0.935, "Actual Total Time": 1.487, "Actual Rows": 1140, "Actual Loops": 119, "Index Cond": "(movie_id = mc.movie_id)", "Rows Removed by Index Recheck": 0}]}, {"Node Type": "Index Scan", "Parent Relationship": "Inner", "Scan Direction": "Forward", "Index Name": "keyword_pkey", "Relation Name": "keyword", "Alias": "k", "Startup Cost": 0.0, "Total Cost": 0.27, "Plan Rows": 1, "Plan Width": 4, "Actual Startup Time": 5.47, "Actual Total Time": 5.47, "Actual Rows": 1140, "Actual Loops": 1140, "Index Cond": "(id = mk.keyword_id)", "Rows Removed by Index Recheck": 0}]}]}, "Triggers": [], "Planner Runtime": 63.927, "Total Runtime": 1826.468, "Unique SQL Id": 2846462052}}, "(1, 37)": {"explain_plan": {"Plan": {"Node Type": "Aggregate", "Strategy": "Plain", "Startup Cost": 165048.9, "Total Cost": 165048.91, "Plan Rows": 1, "Plan Width": 123, "Plans": [{"Node Type": "Nested Loop", "Parent Relationship": "Outer", "Join Type": "Inner", "Startup Cost": 4841.46, "Total Cost": 165048.24, "Plan Rows": 132, "Plan Width": 59, "Inner Unique": true, "Plans": [{"Node Type": "Nested Loop", "Parent Relationship": "Outer", "Join Type": "Inner", "Startup Cost": 4841.46, "Total Cost": 165010.63, "Plan Rows": 134, "Plan Width": 63, "Inner Unique": false, "Join Filter": "(t.id = mk.movie_id)", "Plans": [{"Node Type": "Nested Loop", "Parent Relationship": "Outer", "Join Type": "Inner", "Startup Cost": 4841.46, "Total Cost": 165001.07, "Plan Rows": 17, "Plan Width": 75, "Inner Unique": false, "Plans": [{"Node Type": "Nested Loop", "Parent Relationship": "Outer", "Join Type": "Inner", "Startup Cost": 4841.46, "Total Cost": 164997.5, "Plan Rows": 10, "Plan Width": 71, "Inner Unique": true, "Plans": [{"Node Type": "Nested Loop", "Parent Relationship": "Outer", "Join Type": "Inner", "Startup Cost": 4841.46, "Total Cost": 164994.7, "Plan Rows": 10, "Plan Width": 75, "Inner Unique": true, "Plans": [{"Node Type": "Nested Loop", "Parent Relationship": "Outer", "Join Type": "Inner", "Startup Cost": 4841.46, "Total Cost": 164991.25, "Plan Rows": 12, "Plan Width": 79, "Inner Unique": false, "Plans": [{"Node Type": "Nested Loop", "Parent Relationship": "Outer", "Join Type": "Inner", "Startup Cost": 4841.46, "Total Cost": 164989.04, "Plan Rows": 6, "Plan Width": 67, "Inner Unique": true, "Plans": [{"Node Type": "Nested Loop", "Parent Relationship": "Outer", "Join Type": "Inner", "Startup Cost": 4841.46, "Total Cost": 164956.1, "Plan Rows": 4, "Plan Width": 46, "Inner Unique": false, "Plans": [{"Node Type": "Index Scan", "Parent Relationship": "Outer", "Scan Direction": "Forward", "Index Name": "info_type_pkey", "Relation Name": "info_type", "Alias": "it1", "Startup Cost": 0.0, "Total Cost": 14.21, "Plan Rows": 1, "Plan Width": 4, "Filter": "((info)::text = 'release dates'::text)"}, {"Node Type": "Bitmap Heap Scan", "Parent Relationship": "Inner", "Relation Name": "movie_info", "Alias": "mi", "Startup Cost": 4841.46, "Total Cost": 164941.85, "Plan Rows": 4, "Plan Width": 50, "Recheck Cond": "(info_type_id = it1.id)", "Filter": "((info IS NOT NULL) AND ((note)::text ~~ '%internet%'::text) AND (((info)::text ~~ 'USA:% 199%'::text) OR ((info)::text ~~ 'USA:% 200%'::text)))", "Plans": [{"Node Type": "Bitmap Index Scan", "Parent Relationship": "Outer", "Index Name": "info_type_id_movie_info", "Startup Cost": 0.0, "Total Cost": 4841.46, "Plan Rows": 212428, "Plan Width": 0, "Index Cond": "(info_type_id = it1.id)"}]}]}, {"Node Type": "Index Scan", "Parent Relationship": "Inner", "Scan Direction": "Forward", "Index Name": "title_pkey", "Relation Name": "title", "Alias": "t", "Startup Cost": 0.0, "Total Cost": 8.23, "Plan Rows": 1, "Plan Width": 21, "Index Cond": "(id = mi.movie_id)", "Filter": "(production_year > 1990)"}]}, {"Node Type": "Index Scan", "Parent Relationship": "Inner", "Scan Direction": "Forward", "Index Name": "movie_id_movie_companies", "Relation Name": "movie_companies", "Alias": "mc", "Startup Cost": 0.0, "Total Cost": 0.35, "Plan Rows": 2, "Plan Width": 12, "Index Cond": "(movie_id = t.id)"}]}, {"Node Type": "Index Scan", "Parent Relationship": "Inner", "Scan Direction": "Forward", "Index Name": "company_name_pkey", "Relation Name": "company_name", "Alias": "cn", "Startup Cost": 0.0, "Total Cost": 0.28, "Plan Rows": 1, "Plan Width": 4, "Index Cond": "(id = mc.company_id)", "Filter": "((country_code)::text = '[us]'::text)"}]}, {"Node Type": "Index Scan", "Parent Relationship": "Inner", "Scan Direction": "Forward", "Index Name": "company_type_pkey", "Relation Name": "company_type", "Alias": "ct", "Startup Cost": 0.0, "Total Cost": 0.27, "Plan Rows": 1, "Plan Width": 4, "Index Cond": "(id = mc.company_type_id)"}]}, {"Node Type": "Index Scan", "Parent Relationship": "Inner", "Scan Direction": "Forward", "Index Name": "movie_id_aka_title", "Relation Name": "aka_title", "Alias": "at", "Startup Cost": 0.0, "Total Cost": 0.33, "Plan Rows": 3, "Plan Width": 4, "Index Cond": "(movie_id = t.id)"}]}, {"Node Type": "Index Scan", "Parent Relationship": "Inner", "Scan Direction": "Forward", "Index Name": "movie_id_movie_keyword", "Relation Name": "movie_keyword", "Alias": "mk", "Startup Cost": 0.0, "Total Cost": 0.46, "Plan Rows": 8, "Plan Width": 8, "Index Cond": "(movie_id = mc.movie_id)"}]}, {"Node Type": "Index Scan", "Parent Relationship": "Inner", "Scan Direction": "Forward", "Index Name": "keyword_pkey", "Relation Name": "keyword", "Alias": "k", "Startup Cost": 0.0, "Total Cost": 0.27, "Plan Rows": 1, "Plan Width": 4, "Index Cond": "(id = mk.keyword_id)"}]}]}, "Unique SQL Id": 2846462052}, "explain_analyze_plan": {"Plan": {"Node Type": "Aggregate", "Strategy": "Plain", "Startup Cost": 165048.9, "Total Cost": 165048.91, "Plan Rows": 1, "Plan Width": 123, "Actual Startup Time": 1920.0, "Actual Total Time": 1920.0, "Actual Rows": 1, "Actual Loops": 1, "Plans": [{"Node Type": "Nested Loop", "Parent Relationship": "Outer", "Join Type": "Inner", "Startup Cost": 4841.46, "Total Cost": 165048.24, "Plan Rows": 132, "Plan Width": 59, "Actual Startup Time": 551.55, "Actual Total Time": 1919.063, "Actual Rows": 1140, "Actual Loops": 1, "Inner Unique": true, "Plans": [{"Node Type": "Nested Loop", "Parent Relationship": "Outer", "Join Type": "Inner", "Startup Cost": 4841.46, "Total Cost": 165010.63, "Plan Rows": 134, "Plan Width": 63, "Actual Startup Time": 551.522, "Actual Total Time": 1913.523, "Actual Rows": 1140, "Actual Loops": 1, "Inner Unique": false, "Join Filter": "(t.id = mk.movie_id)", "Rows Removed by Join Filter": 0, "Plans": [{"Node Type": "Nested Loop", "Parent Relationship": "Outer", "Join Type": "Inner", "Startup Cost": 4841.46, "Total Cost": 165001.07, "Plan Rows": 17, "Plan Width": 75, "Actual Startup Time": 551.484, "Actual Total Time": 1911.577, "Actual Rows": 119, "Actual Loops": 1, "Inner Unique": false, "Plans": [{"Node Type": "Nested Loop", "Parent Relationship": "Outer", "Join Type": "Inner", "Startup Cost": 4841.46, "Total Cost": 164997.5, "Plan Rows": 10, "Plan Width": 71, "Actual Startup Time": 501.284, "Actual Total Time": 1905.25, "Actual Rows": 1488, "Actual Loops": 1, "Inner Unique": true, "Plans": [{"Node Type": "Nested Loop", "Parent Relationship": "Outer", "Join Type": "Inner", "Startup Cost": 4841.46, "Total Cost": 164994.7, "Plan Rows": 10, "Plan Width": 75, "Actual Startup Time": 501.255, "Actual Total Time": 1899.494, "Actual Rows": 2647, "Actual Loops": 1, "Inner Unique": true, "Plans": [{"Node Type": "Nested Loop", "Parent Relationship": "Outer", "Join Type": "Inner", "Startup Cost": 4841.46, "Total Cost": 164991.25, "Plan Rows": 12, "Plan Width": 79, "Actual Startup Time": 501.217, "Actual Total Time": 1881.153, "Actual Rows": 2884, "Actual Loops": 1, "Inner Unique": false, "Plans": [{"Node Type": "Nested Loop", "Parent Relationship": "Outer", "Join Type": "Inner", "Startup Cost": 4841.46, "Total Cost": 164989.04, "Plan Rows": 6, "Plan Width": 67, "Actual Startup Time": 501.193, "Actual Total Time": 1865.42, "Actual Rows": 1782, "Actual Loops": 1, "Inner Unique": true, "Plans": [{"Node Type": "Nested Loop", "Parent Relationship": "Outer", "Join Type": "Inner", "Startup Cost": 4841.46, "Total Cost": 164956.1, "Plan Rows": 4, "Plan Width": 46, "Actual Startup Time": 501.146, "Actual Total Time": 1849.754, "Actual Rows": 1783, "Actual Loops": 1, "Inner Unique": false, "Plans": [{"Node Type": "Index Scan", "Parent Relationship": "Outer", "Scan Direction": "Forward", "Index Name": "info_type_pkey", "Relation Name": "info_type", "Alias": "it1", "Startup Cost": 0.0, "Total Cost": 14.21, "Plan Rows": 1, "Plan Width": 4, "Actual Startup Time": 0.04, "Actual Total Time": 0.093, "Actual Rows": 1, "Actual Loops": 1, "Filter": "((info)::text = 'release dates'::text)", "Rows Removed by Filter": 111}, {"Node Type": "Bitmap Heap Scan", "Parent Relationship": "Inner", "Relation Name": "movie_info", "Alias": "mi", "Startup Cost": 4841.46, "Total Cost": 164941.85, "Plan Rows": 4, "Plan Width": 50, "Actual Startup Time": 501.096, "Actual Total Time": 1849.039, "Actual Rows": 1783, "Actual Loops": 1, "Recheck Cond": "(info_type_id = it1.id)", "Rows Removed by Index Recheck": 0, "Filter": "((info IS NOT NULL) AND ((note)::text ~~ '%internet%'::text) AND (((info)::text ~~ 'USA:% 199%'::text) OR ((info)::text ~~ 'USA:% 200%'::text)))", "Rows Removed by Filter": 3034936, "Exact Heap Blocks": 21947, "Lossy Heap Blocks": 21947, "Plans": [{"Node Type": "Bitmap Index Scan", "Parent Relationship": "Outer", "Index Name": "info_type_id_movie_info", "Startup Cost": 0.0, "Total Cost": 4841.46, "Plan Rows": 212428, "Plan Width": 0, "Actual Startup Time": 495.37, "Actual Total Time": 495.37, "Actual Rows": 3036719, "Actual Loops": 1, "Index Cond": "(info_type_id = it1.id)"}]}]}, {"Node Type": "Index Scan", "Parent Relationship": "Inner", "Scan Direction": "Forward", "Index Name": "title_pkey", "Relation Name": "title", "Alias": "t", "Startup Cost": 0.0, "Total Cost": 8.23, "Plan Rows": 1, "Plan Width": 21, "Actual Startup Time": 13.18, "Actual Total Time": 13.18, "Actual Rows": 1782, "Actual Loops": 1783, "Index Cond": "(id = mi.movie_id)", "Rows Removed by Index Recheck": 0, "Filter": "(production_year > 1990)", "Rows Removed by Filter": 1}]}, {"Node Type": "Index Scan", "Parent Relationship": "Inner", "Scan Direction": "Forward", "Index Name": "movie_id_movie_companies", "Relation Name": "movie_companies", "Alias": "mc", "Startup Cost": 0.0, "Total Cost": 0.35, "Plan Rows": 2, "Plan Width": 12, "Actual Startup Time": 10.655, "Actual Total Time": 13.651, "Actual Rows": 2884, "Actual Loops": 1782, "Index Cond": "(movie_id = t.id)", "Rows Removed by Index Recheck": 0}]}, {"Node Type": "Index Scan", "Parent Relationship": "Inner", "Scan Direction": "Forward", "Index Name": "company_name_pkey", "Relation Name": "company_name", "Alias": "cn", "Startup Cost": 0.0, "Total Cost": 0.28, "Plan Rows": 1, "Plan Width": 4, "Actual Startup Time": 15.504, "Actual Total Time": 15.504, "Actual Rows": 2647, "Actual Loops": 2884, "Index Cond": "(id = mc.company_id)", "Rows Removed by Index Recheck": 0, "Filter": "((country_code)::text = '[us]'::text)", "Rows Removed by Filter": 237}]}, {"Node Type": "Index Scan", "Parent Relationship": "Inner", "Scan Direction": "Forward", "Index Name": "company_type_pkey", "Relation Name": "company_type", "Alias": "ct", "Startup Cost": 0.0, "Total Cost": 0.27, "Plan Rows": 1, "Plan Width": 4, "Actual Startup Time": 3.423, "Actual Total Time": 3.423, "Actual Rows": 1488, "Actual Loops": 2647, "Index Cond": "(id = mc.company_type_id)", "Rows Removed by Index Recheck": 0}]}, {"Node Type": "Index Scan", "Parent Relationship": "Inner", "Scan Direction": "Forward", "Index Name": "movie_id_aka_title", "Relation Name": "aka_title", "Alias": "at", "Startup Cost": 0.0, "Total Cost": 0.33, "Plan Rows": 3, "Plan Width": 4, "Actual Startup Time": 5.207, "Actual Total Time": 5.319, "Actual Rows": 119, "Actual Loops": 1488, "Index Cond": "(movie_id = t.id)", "Rows Removed by Index Recheck": 0}]}, {"Node Type": "Index Scan", "Parent Relationship": "Inner", "Scan Direction": "Forward", "Index Name": "movie_id_movie_keyword", "Relation Name": "movie_keyword", "Alias": "mk", "Startup Cost": 0.0, "Total Cost": 0.46, "Plan Rows": 8, "Plan Width": 8, "Actual Startup Time": 0.809, "Actual Total Time": 1.322, "Actual Rows": 1140, "Actual Loops": 119, "Index Cond": "(movie_id = mc.movie_id)", "Rows Removed by Index Recheck": 0}]}, {"Node Type": "Index Scan", "Parent Relationship": "Inner", "Scan Direction": "Forward", "Index Name": "keyword_pkey", "Relation Name": "keyword", "Alias": "k", "Startup Cost": 0.0, "Total Cost": 0.27, "Plan Rows": 1, "Plan Width": 4, "Actual Startup Time": 4.564, "Actual Total Time": 4.564, "Actual Rows": 1140, "Actual Loops": 1140, "Index Cond": "(id = mk.keyword_id)", "Rows Removed by Index Recheck": 0}]}]}, "Triggers": [], "Planner Runtime": 58.526, "Total Runtime": 1920.428, "Unique SQL Id": 2846462052}}, "(1, 38)": {"explain_plan": {"Plan": {"Node Type": "Aggregate", "Strategy": "Plain", "Startup Cost": 166012.09, "Total Cost": 166012.1, "Plan Rows": 1, "Plan Width": 123, "Plans": [{"Node Type": "Nested Loop", "Parent Relationship": "Outer", "Join Type": "Inner", "Startup Cost": 4846.74, "Total Cost": 166011.43, "Plan Rows": 132, "Plan Width": 59, "Inner Unique": true, "Join Filter": "(at.movie_id = t.id)", "Plans": [{"Node Type": "Nested Loop", "Parent Relationship": "Outer", "Join Type": "Inner", "Startup Cost": 4846.47, "Total Cost": 165603.56, "Plan Rows": 95, "Plan Width": 58, "Inner Unique": true, "Plans": [{"Node Type": "Nested Loop", "Parent Relationship": "Outer", "Join Type": "Inner", "Startup Cost": 4846.22, "Total Cost": 165188.37, "Plan Rows": 97, "Plan Width": 62, "Inner Unique": false, "Join Filter": "(at.movie_id = mk.movie_id)", "Plans": [{"Node Type": "Nested Loop", "Parent Relationship": "Outer", "Join Type": "Inner", "Startup Cost": 4845.88, "Total Cost": 165133.92, "Plan Rows": 12, "Plan Width": 54, "Inner Unique": true, "Join Filter": "(mc.company_type_id = ct.id)", "Plans": [{"Node Type": "Nested Loop", "Parent Relationship": "Outer", "Join Type": "Inner", "Startup Cost": 4845.88, "Total Cost": 165132.34, "Plan Rows": 12, "Plan Width": 58, "Inner Unique": true, "Plans": [{"Node Type": "Nested Loop", "Parent Relationship": "Outer", "Join Type": "Inner", "Startup Cost": 4845.62, "Total Cost": 165046.67, "Plan Rows": 20, "Plan Width": 62, "Inner Unique": false, "Plans": [{"Node Type": "Nested Loop", "Parent Relationship": "Outer", "Join Type": "Inner", "Startup Cost": 4845.25, "Total Cost": 165006.92, "Plan Rows": 9, "Plan Width": 50, "Inner Unique": false, "Plans": [{"Node Type": "Nested Loop", "Parent Relationship": "Outer", "Join Type": "Inner", "Startup Cost": 4841.46, "Total Cost": 164944.29, "Plan Rows": 4, "Plan Width": 46, "Inner Unique": false, "Plans": [{"Node Type": "Seq Scan", "Parent Relationship": "Outer", "Relation Name": "info_type", "Alias": "it1", "Startup Cost": 0.0, "Total Cost": 2.4, "Plan Rows": 1, "Plan Width": 4, "Filter": "((info)::text = 'release dates'::text)"}, {"Node Type": "Bitmap Heap Scan", "Parent Relationship": "Inner", "Relation Name": "movie_info", "Alias": "mi", "Startup Cost": 4841.46, "Total Cost": 164941.85, "Plan Rows": 4, "Plan Width": 50, "Recheck Cond": "(info_type_id = it1.id)", "Filter": "((info IS NOT NULL) AND ((note)::text ~~ '%internet%'::text) AND (((info)::text ~~ 'USA:% 199%'::text) OR ((info)::text ~~ 'USA:% 200%'::text)))", "Plans": [{"Node Type": "Bitmap Index Scan", "Parent Relationship": "Outer", "Index Name": "info_type_id_movie_info", "Startup Cost": 0.0, "Total Cost": 4841.46, "Plan Rows": 212428, "Plan Width": 0, "Index Cond": "(info_type_id = it1.id)"}]}]}, {"Node Type": "Bitmap Heap Scan", "Parent Relationship": "Inner", "Relation Name": "aka_title", "Alias": "at", "Startup Cost": 3.79, "Total Cost": 15.63, "Plan Rows": 3, "Plan Width": 4, "Recheck Cond": "(movie_id = mi.movie_id)", "Plans": [{"Node Type": "Bitmap Index Scan", "Parent Relationship": "Outer", "Index Name": "movie_id_aka_title", "Startup Cost": 0.0, "Total Cost": 3.79, "Plan Rows": 3, "Plan Width": 0, "Index Cond": "(movie_id = mi.movie_id)"}]}]}, {"Node Type": "Bitmap Heap Scan", "Parent Relationship": "Inner", "Relation Name": "movie_companies", "Alias": "mc", "Startup Cost": 0.37, "Total Cost": 4.4, "Plan Rows": 2, "Plan Width": 12, "Recheck Cond": "(movie_id = at.movie_id)", "Plans": [{"Node Type": "Bitmap Index Scan", "Parent Relationship": "Outer", "Index Name": "movie_id_movie_companies", "Startup Cost": 0.0, "Total Cost": 0.37, "Plan Rows": 2, "Plan Width": 0, "Index Cond": "(movie_id = at.movie_id)"}]}]}, {"Node Type": "Bitmap Heap Scan", "Parent Relationship": "Inner", "Relation Name": "company_name", "Alias": "cn", "Startup Cost": 0.26, "Total Cost": 4.27, "Plan Rows": 1, "Plan Width": 4, "Recheck Cond": "(id = mc.company_id)", "Filter": "((country_code)::text = '[us]'::text)", "Plans": [{"Node Type": "Bitmap Index Scan", "Parent Relationship": "Outer", "Index Name": "company_name_pkey", "Startup Cost": 0.0, "Total Cost": 0.26, "Plan Rows": 1, "Plan Width": 0, "Index Cond": "(id = mc.company_id)"}]}]}, {"Node Type": "Materialize", "Parent Relationship": "Inner", "Startup Cost": 0.0, "Total Cost": 1.04, "Plan Rows": 3, "Plan Width": 4, "Plans": [{"Node Type": "Seq Scan", "Parent Relationship": "Outer", "Relation Name": "company_type", "Alias": "ct", "Startup Cost": 0.0, "Total Cost": 1.03, "Plan Rows": 3, "Plan Width": 4}]}]}, {"Node Type": "Bitmap Heap Scan", "Parent Relationship": "Inner", "Relation Name": "movie_keyword", "Alias": "mk", "Startup Cost": 0.34, "Total Cost": 4.44, "Plan Rows": 8, "Plan Width": 8, "Recheck Cond": "(movie_id = mc.movie_id)", "Plans": [{"Node Type": "Bitmap Index Scan", "Parent Relationship": "Outer", "Index Name": "movie_id_movie_keyword", "Startup Cost": 0.0, "Total Cost": 0.34, "Plan Rows": 8, "Plan Width": 0, "Index Cond": "(movie_id = mc.movie_id)"}]}]}, {"Node Type": "Bitmap Heap Scan", "Parent Relationship": "Inner", "Relation Name": "keyword", "Alias": "k", "Startup Cost": 0.26, "Total Cost": 4.27, "Plan Rows": 1, "Plan Width": 4, "Recheck Cond": "(id = mk.keyword_id)", "Plans": [{"Node Type": "Bitmap Index Scan", "Parent Relationship": "Outer", "Index Name": "keyword_pkey", "Startup Cost": 0.0, "Total Cost": 0.26, "Plan Rows": 1, "Plan Width": 0, "Index Cond": "(id = mk.keyword_id)"}]}]}, {"Node Type": "Bitmap Heap Scan", "Parent Relationship": "Inner", "Relation Name": "title", "Alias": "t", "Startup Cost": 0.27, "Total Cost": 4.28, "Plan Rows": 1, "Plan Width": 21, "Recheck Cond": "(id = mk.movie_id)", "Filter": "(production_year > 1990)", "Plans": [{"Node Type": "Bitmap Index Scan", "Parent Relationship": "Outer", "Index Name": "title_pkey", "Startup Cost": 0.0, "Total Cost": 0.27, "Plan Rows": 1, "Plan Width": 0, "Index Cond": "(id = mk.movie_id)"}]}]}]}, "Unique SQL Id": 2846462052}, "explain_analyze_plan": {"Plan": {"Node Type": "Aggregate", "Strategy": "Plain", "Startup Cost": 166012.09, "Total Cost": 166012.1, "Plan Rows": 1, "Plan Width": 123, "Actual Startup Time": 1790.814, "Actual Total Time": 1790.814, "Actual Rows": 1, "Actual Loops": 1, "Plans": [{"Node Type": "Nested Loop", "Parent Relationship": "Outer", "Join Type": "Inner", "Startup Cost": 4846.74, "Total Cost": 166011.43, "Plan Rows": 132, "Plan Width": 59, "Actual Startup Time": 486.5, "Actual Total Time": 1789.728, "Actual Rows": 1140, "Actual Loops": 1, "Inner Unique": true, "Join Filter": "(at.movie_id = t.id)", "Rows Removed by Join Filter": 0, "Plans": [{"Node Type": "Nested Loop", "Parent Relationship": "Outer", "Join Type": "Inner", "Startup Cost": 4846.47, "Total Cost": 165603.56, "Plan Rows": 95, "Plan Width": 58, "Actual Startup Time": 486.457, "Actual Total Time": 1783.136, "Actual Rows": 1140, "Actual Loops": 1, "Inner Unique": true, "Plans": [{"Node Type": "Nested Loop", "Parent Relationship": "Outer", "Join Type": "Inner", "Startup Cost": 4846.22, "Total Cost": 165188.37, "Plan Rows": 97, "Plan Width": 62, "Actual Startup Time": 486.425, "Actual Total Time": 1775.626, "Actual Rows": 1140, "Actual Loops": 1, "Inner Unique": false, "Join Filter": "(at.movie_id = mk.movie_id)", "Rows Removed by Join Filter": 0, "Plans": [{"Node Type": "Nested Loop", "Parent Relationship": "Outer", "Join Type": "Inner", "Startup Cost": 4845.88, "Total Cost": 165133.92, "Plan Rows": 12, "Plan Width": 54, "Actual Startup Time": 486.38, "Actual Total Time": 1773.52, "Actual Rows": 119, "Actual Loops": 1, "Inner Unique": true, "Join Filter": "(mc.company_type_id = ct.id)", "Rows Removed by Join Filter": 495, "Plans": [{"Node Type": "Nested Loop", "Parent Relationship": "Outer", "Join Type": "Inner", "Startup Cost": 4845.88, "Total Cost": 165132.34, "Plan Rows": 12, "Plan Width": 58, "Actual Startup Time": 441.384, "Actual Total Time": 1773.017, "Actual Rows": 284, "Actual Loops": 1, "Inner Unique": true, "Plans": [{"Node Type": "Nested Loop", "Parent Relationship": "Outer", "Join Type": "Inner", "Startup Cost": 4845.62, "Total Cost": 165046.67, "Plan Rows": 20, "Plan Width": 62, "Actual Startup Time": 441.318, "Actual Total Time": 1769.583, "Actual Rows": 400, "Actual Loops": 1, "Inner Unique": false, "Plans": [{"Node Type": "Nested Loop", "Parent Relationship": "Outer", "Join Type": "Inner", "Startup Cost": 4845.25, "Total Cost": 165006.92, "Plan Rows": 9, "Plan Width": 50, "Actual Startup Time": 441.266, "Actual Total Time": 1767.334, "Actual Rows": 120, "Actual Loops": 1, "Inner Unique": false, "Plans": [{"Node Type": "Nested Loop", "Parent Relationship": "Outer", "Join Type": "Inner", "Startup Cost": 4841.46, "Total Cost": 164944.29, "Plan Rows": 4, "Plan Width": 46, "Actual Startup Time": 436.895, "Actual Total Time": 1756.162, "Actual Rows": 1783, "Actual Loops": 1, "Inner Unique": false, "Plans": [{"Node Type": "Seq Scan", "Parent Relationship": "Outer", "Relation Name": "info_type", "Alias": "it1", "Startup Cost": 0.0, "Total Cost": 2.4, "Plan Rows": 1, "Plan Width": 4, "Actual Startup Time": 0.048, "Actual Total Time": 0.081, "Actual Rows": 1, "Actual Loops": 1, "Filter": "((info)::text = 'release dates'::text)", "Rows Removed by Filter": 111}, {"Node Type": "Bitmap Heap Scan", "Parent Relationship": "Inner", "Relation Name": "movie_info", "Alias": "mi", "Startup Cost": 4841.46, "Total Cost": 164941.85, "Plan Rows": 4, "Plan Width": 50, "Actual Startup Time": 436.84, "Actual Total Time": 1755.401, "Actual Rows": 1783, "Actual Loops": 1, "Recheck Cond": "(info_type_id = it1.id)", "Rows Removed by Index Recheck": 0, "Filter": "((info IS NOT NULL) AND ((note)::text ~~ '%internet%'::text) AND (((info)::text ~~ 'USA:% 199%'::text) OR ((info)::text ~~ 'USA:% 200%'::text)))", "Rows Removed by Filter": 3034936, "Exact Heap Blocks": 21947, "Lossy Heap Blocks": 21947, "Plans": [{"Node Type": "Bitmap Index Scan", "Parent Relationship": "Outer", "Index Name": "info_type_id_movie_info", "Startup Cost": 0.0, "Total Cost": 4841.46, "Plan Rows": 212428, "Plan Width": 0, "Actual Startup Time": 431.065, "Actual Total Time": 431.065, "Actual Rows": 3036719, "Actual Loops": 1, "Index Cond": "(info_type_id = it1.id)"}]}]}, {"Node Type": "Bitmap Heap Scan", "Parent Relationship": "Inner", "Relation Name": "aka_title", "Alias": "at", "Startup Cost": 3.79, "Total Cost": 15.63, "Plan Rows": 3, "Plan Width": 4, "Actual Startup Time": 8.151, "Actual Total Time": 8.262, "Actual Rows": 120, "Actual Loops": 1783, "Recheck Cond": "(movie_id = mi.movie_id)", "Rows Removed by Index Recheck": 0, "Exact Heap Blocks": 120, "Lossy Heap Blocks": 120, "Plans": [{"Node Type": "Bitmap Index Scan", "Parent Relationship": "Outer", "Index Name": "movie_id_aka_title", "Startup Cost": 0.0, "Total Cost": 3.79, "Plan Rows": 3, "Plan Width": 0, "Actual Startup Time": 6.619, "Actual Total Time": 6.619, "Actual Rows": 120, "Actual Loops": 1783, "Index Cond": "(movie_id = mi.movie_id)"}]}]}, {"Node Type": "Bitmap Heap Scan", "Parent Relationship": "Inner", "Relation Name": "movie_companies", "Alias": "mc", "Startup Cost": 0.37, "Total Cost": 4.4, "Plan Rows": 2, "Plan Width": 12, "Actual Startup Time": 1.465, "Actual Total Time": 1.742, "Actual Rows": 400, "Actual Loops": 120, "Recheck Cond": "(movie_id = at.movie_id)", "Rows Removed by Index Recheck": 0, "Exact Heap Blocks": 214, "Lossy Heap Blocks": 214, "Plans": [{"Node Type": "Bitmap Index Scan", "Parent Relationship": "Outer", "Index Name": "movie_id_movie_companies", "Startup Cost": 0.0, "Total Cost": 0.37, "Plan Rows": 2, "Plan Width": 0, "Actual Startup Time": 0.843, "Actual Total Time": 0.843, "Actual Rows": 400, "Actual Loops": 120, "Index Cond": "(movie_id = at.movie_id)"}]}]}, {"Node Type": "Bitmap Heap Scan", "Parent Relationship": "Inner", "Relation Name": "company_name", "Alias": "cn", "Startup Cost": 0.26, "Total Cost": 4.27, "Plan Rows": 1, "Plan Width": 4, "Actual Startup Time": 2.704, "Actual Total Time": 2.704, "Actual Rows": 284, "Actual Loops": 400, "Recheck Cond": "(id = mc.company_id)", "Rows Removed by Index Recheck": 0, "Filter": "((country_code)::text = '[us]'::text)", "Rows Removed by Filter": 116, "Exact Heap Blocks": 400, "Lossy Heap Blocks": 400, "Plans": [{"Node Type": "Bitmap Index Scan", "Parent Relationship": "Outer", "Index Name": "company_name_pkey", "Startup Cost": 0.0, "Total Cost": 0.26, "Plan Rows": 1, "Plan Width": 0, "Actual Startup Time": 1.499, "Actual Total Time": 1.499, "Actual Rows": 400, "Actual Loops": 400, "Index Cond": "(id = mc.company_id)"}]}]}, {"Node Type": "Materialize", "Parent Relationship": "Inner", "Startup Cost": 0.0, "Total Cost": 1.04, "Plan Rows": 3, "Plan Width": 4, "Actual Startup Time": 0.101, "Actual Total Time": 0.156, "Actual Rows": 614, "Actual Loops": 284, "Plans": [{"Node Type": "Seq Scan", "Parent Relationship": "Outer", "Relation Name": "company_type", "Alias": "ct", "Startup Cost": 0.0, "Total Cost": 1.03, "Plan Rows": 3, "Plan Width": 4, "Actual Startup Time": 0.013, "Actual Total Time": 0.016, "Actual Rows": 3, "Actual Loops": 1}]}]}, {"Node Type": "Bitmap Heap Scan", "Parent Relationship": "Inner", "Relation Name": "movie_keyword", "Alias": "mk", "Startup Cost": 0.34, "Total Cost": 4.44, "Plan Rows": 8, "Plan Width": 8, "Actual Startup Time": 1.163, "Actual Total Time": 1.361, "Actual Rows": 1140, "Actual Loops": 119, "Recheck Cond": "(movie_id = mc.movie_id)", "Rows Removed by Index Recheck": 0, "Exact Heap Blocks": 91, "Lossy Heap Blocks": 91, "Plans": [{"Node Type": "Bitmap Index Scan", "Parent Relationship": "Outer", "Index Name": "movie_id_movie_keyword", "Startup Cost": 0.0, "Total Cost": 0.34, "Plan Rows": 8, "Plan Width": 0, "Actual Startup Time": 0.713, "Actual Total Time": 0.713, "Actual Rows": 1140, "Actual Loops": 119, "Index Cond": "(movie_id = mc.movie_id)"}]}]}, {"Node Type": "Bitmap Heap Scan", "Parent Relationship": "Inner", "Relation Name": "keyword", "Alias": "k", "Startup Cost": 0.26, "Total Cost": 4.27, "Plan Rows": 1, "Plan Width": 4, "Actual Startup Time": 5.839, "Actual Total Time": 5.839, "Actual Rows": 1140, "Actual Loops": 1140, "Recheck Cond": "(id = mk.keyword_id)", "Rows Removed by Index Recheck": 0, "Exact Heap Blocks": 1140, "Lossy Heap Blocks": 1140, "Plans": [{"Node Type": "Bitmap Index Scan", "Parent Relationship": "Outer", "Index Name": "keyword_pkey", "Startup Cost": 0.0, "Total Cost": 0.26, "Plan Rows": 1, "Plan Width": 0, "Actual Startup Time": 3.696, "Actual Total Time": 3.696, "Actual Rows": 1140, "Actual Loops": 1140, "Index Cond": "(id = mk.keyword_id)"}]}]}, {"Node Type": "Bitmap Heap Scan", "Parent Relationship": "Inner", "Relation Name": "title", "Alias": "t", "Startup Cost": 0.27, "Total Cost": 4.28, "Plan Rows": 1, "Plan Width": 21, "Actual Startup Time": 4.791, "Actual Total Time": 4.791, "Actual Rows": 1140, "Actual Loops": 1140, "Recheck Cond": "(id = mk.movie_id)", "Rows Removed by Index Recheck": 0, "Filter": "(production_year > 1990)", "Rows Removed by Filter": 0, "Exact Heap Blocks": 1140, "Lossy Heap Blocks": 1140, "Plans": [{"Node Type": "Bitmap Index Scan", "Parent Relationship": "Outer", "Index Name": "title_pkey", "Startup Cost": 0.0, "Total Cost": 0.27, "Plan Rows": 1, "Plan Width": 0, "Actual Startup Time": 2.873, "Actual Total Time": 2.873, "Actual Rows": 1140, "Actual Loops": 1140, "Index Cond": "(id = mk.movie_id)"}]}]}]}, "Triggers": [], "Planner Runtime": 72.792, "Total Runtime": 1791.335, "Unique SQL Id": 2846462052}}, "(1, 39)": {"explain_plan": {"Plan": {"Node Type": "Aggregate", "Strategy": "Plain", "Startup Cost": 1000003810823.99, "Total Cost": 1000003810824.0, "Plan Rows": 1, "Plan Width": 123, "Plans": [{"Node Type": "Nested Loop", "Parent Relationship": "Outer", "Join Type": "Inner", "Startup Cost": 10000000002.95, "Total Cost": 1000003810823.33, "Plan Rows": 132, "Plan Width": 59, "Inner Unique": true, "Join Filter": "(at.movie_id = t.id)", "Plans": [{"Node Type": "Nested Loop", "Parent Relationship": "Outer", "Join Type": "Inner", "Startup Cost": 10000000002.69, "Total Cost": 1000003810415.45, "Plan Rows": 95, "Plan Width": 58, "Inner Unique": true, "Plans": [{"Node Type": "Nested Loop", "Parent Relationship": "Outer", "Join Type": "Inner", "Startup Cost": 10000000002.43, "Total Cost": 1000003810000.27, "Plan Rows": 97, "Plan Width": 62, "Inner Unique": false, "Join Filter": "(at.movie_id = mk.movie_id)", "Plans": [{"Node Type": "Nested Loop", "Parent Relationship": "Outer", "Join Type": "Inner", "Startup Cost": 10000000002.09, "Total Cost": 1000003809945.81, "Plan Rows": 12, "Plan Width": 54, "Inner Unique": true, "Plans": [{"Node Type": "Nested Loop", "Parent Relationship": "Outer", "Join Type": "Inner", "Startup Cost": 10000000001.84, "Total Cost": 1000003809894.45, "Plan Rows": 12, "Plan Width": 58, "Inner Unique": true, "Plans": [{"Node Type": "Nested Loop", "Parent Relationship": "Outer", "Join Type": "Inner", "Startup Cost": 10000000001.58, "Total Cost": 1000003809808.78, "Plan Rows": 20, "Plan Width": 62, "Inner Unique": false, "Plans": [{"Node Type": "Nested Loop", "Parent Relationship": "Outer", "Join Type": "Inner", "Startup Cost": 10000000001.21, "Total Cost": 1000003809769.03, "Plan Rows": 9, "Plan Width": 50, "Inner Unique": true, "Plans": [{"Node Type": "Nested Loop", "Parent Relationship": "Outer", "Join Type": "Inner", "Startup Cost": 10000000000.92, "Total Cost": 1000003806956.22, "Plan Rows": 652, "Plan Width": 54, "Inner Unique": false, "Plans": [{"Node Type": "Index Scan", "Parent Relationship": "Outer", "Scan Direction": "Forward", "Index Name": "movie_id_aka_title", "Relation Name": "aka_title", "Alias": "at", "Startup Cost": 10000000000.0, "Total Cost": 1000001990001.13, "Plan Rows": 361471, "Plan Width": 4}, {"Node Type": "Bitmap Heap Scan", "Parent Relationship": "Inner", "Relation Name": "movie_info", "Alias": "mi", "Startup Cost": 0.92, "Total Cost": 5.02, "Plan Rows": 1, "Plan Width": 50, "Recheck Cond": "(movie_id = at.movie_id)", "Filter": "((info IS NOT NULL) AND ((note)::text ~~ '%internet%'::text) AND (((info)::text ~~ 'USA:% 199%'::text) OR ((info)::text ~~ 'USA:% 200%'::text)))", "Plans": [{"Node Type": "Bitmap Index Scan", "Parent Relationship": "Outer", "Index Name": "movie_id_movie_info", "Startup Cost": 0.0, "Total Cost": 0.92, "Plan Rows": 5, "Plan Width": 0, "Index Cond": "(movie_id = at.movie_id)"}]}]}, {"Node Type": "Bitmap Heap Scan", "Parent Relationship": "Inner", "Relation Name": "info_type", "Alias": "it1", "Startup Cost": 0.29, "Total Cost": 4.3, "Plan Rows": 1, "Plan Width": 4, "Recheck Cond": "(id = mi.info_type_id)", "Filter": "((info)::text = 'release dates'::text)", "Plans": [{"Node Type": "Bitmap Index Scan", "Parent Relationship": "Outer", "Index Name": "info_type_pkey", "Startup Cost": 0.0, "Total Cost": 0.29, "Plan Rows": 1, "Plan Width": 0, "Index Cond": "(id = mi.info_type_id)"}]}]}, {"Node Type": "Bitmap Heap Scan", "Parent Relationship": "Inner", "Relation Name": "movie_companies", "Alias": "mc", "Startup Cost": 0.37, "Total Cost": 4.4, "Plan Rows": 2, "Plan Width": 12, "Recheck Cond": "(movie_id = at.movie_id)", "Plans": [{"Node Type": "Bitmap Index Scan", "Parent Relationship": "Outer", "Index Name": "movie_id_movie_companies", "Startup Cost": 0.0, "Total Cost": 0.37, "Plan Rows": 2, "Plan Width": 0, "Index Cond": "(movie_id = at.movie_id)"}]}]}, {"Node Type": "Bitmap Heap Scan", "Parent Relationship": "Inner", "Relation Name": "company_name", "Alias": "cn", "Startup Cost": 0.26, "Total Cost": 4.27, "Plan Rows": 1, "Plan Width": 4, "Recheck Cond": "(id = mc.company_id)", "Filter": "((country_code)::text = '[us]'::text)", "Plans": [{"Node Type": "Bitmap Index Scan", "Parent Relationship": "Outer", "Index Name": "company_name_pkey", "Startup Cost": 0.0, "Total Cost": 0.26, "Plan Rows": 1, "Plan Width": 0, "Index Cond": "(id = mc.company_id)"}]}]}, {"Node Type": "Bitmap Heap Scan", "Parent Relationship": "Inner", "Relation Name": "company_type", "Alias": "ct", "Startup Cost": 0.26, "Total Cost": 4.27, "Plan Rows": 1, "Plan Width": 4, "Recheck Cond": "(id = mc.company_type_id)", "Plans": [{"Node Type": "Bitmap Index Scan", "Parent Relationship": "Outer", "Index Name": "company_type_pkey", "Startup Cost": 0.0, "Total Cost": 0.26, "Plan Rows": 1, "Plan Width": 0, "Index Cond": "(id = mc.company_type_id)"}]}]}, {"Node Type": "Bitmap Heap Scan", "Parent Relationship": "Inner", "Relation Name": "movie_keyword", "Alias": "mk", "Startup Cost": 0.34, "Total Cost": 4.44, "Plan Rows": 8, "Plan Width": 8, "Recheck Cond": "(movie_id = mc.movie_id)", "Plans": [{"Node Type": "Bitmap Index Scan", "Parent Relationship": "Outer", "Index Name": "movie_id_movie_keyword", "Startup Cost": 0.0, "Total Cost": 0.34, "Plan Rows": 8, "Plan Width": 0, "Index Cond": "(movie_id = mc.movie_id)"}]}]}, {"Node Type": "Bitmap Heap Scan", "Parent Relationship": "Inner", "Relation Name": "keyword", "Alias": "k", "Startup Cost": 0.26, "Total Cost": 4.27, "Plan Rows": 1, "Plan Width": 4, "Recheck Cond": "(id = mk.keyword_id)", "Plans": [{"Node Type": "Bitmap Index Scan", "Parent Relationship": "Outer", "Index Name": "keyword_pkey", "Startup Cost": 0.0, "Total Cost": 0.26, "Plan Rows": 1, "Plan Width": 0, "Index Cond": "(id = mk.keyword_id)"}]}]}, {"Node Type": "Bitmap Heap Scan", "Parent Relationship": "Inner", "Relation Name": "title", "Alias": "t", "Startup Cost": 0.27, "Total Cost": 4.28, "Plan Rows": 1, "Plan Width": 21, "Recheck Cond": "(id = mk.movie_id)", "Filter": "(production_year > 1990)", "Plans": [{"Node Type": "Bitmap Index Scan", "Parent Relationship": "Outer", "Index Name": "title_pkey", "Startup Cost": 0.0, "Total Cost": 0.27, "Plan Rows": 1, "Plan Width": 0, "Index Cond": "(id = mk.movie_id)"}]}]}]}, "Unique SQL Id": 2846462052}, "explain_analyze_plan": null}, "(1, 40)": {"explain_plan": {"Plan": {"Node Type": "Aggregate", "Strategy": "Plain", "Startup Cost": 408598.02, "Total Cost": 408598.03, "Plan Rows": 1, "Plan Width": 123, "Plans": [{"Node Type": "Nested Loop", "Parent Relationship": "Outer", "Join Type": "Inner", "Startup Cost": 0.0, "Total Cost": 408597.36, "Plan Rows": 132, "Plan Width": 59, "Inner Unique": true, "Plans": [{"Node Type": "Nested Loop", "Parent Relationship": "Outer", "Join Type": "Inner", "Startup Cost": 0.0, "Total Cost": 408559.84, "Plan Rows": 134, "Plan Width": 63, "Inner Unique": false, "Join Filter": "(t.id = mk.movie_id)", "Plans": [{"Node Type": "Nested Loop", "Parent Relationship": "Outer", "Join Type": "Inner", "Startup Cost": 0.0, "Total Cost": 408550.28, "Plan Rows": 17, "Plan Width": 75, "Inner Unique": true, "Join Filter": "(at.movie_id = t.id)", "Plans": [{"Node Type": "Nested Loop", "Parent Relationship": "Outer", "Join Type": "Inner", "Startup Cost": 0.0, "Total Cost": 408546.05, "Plan Rows": 12, "Plan Width": 54, "Inner Unique": true, "Join Filter": "(mc.company_type_id = ct.id)", "Plans": [{"Node Type": "Nested Loop", "Parent Relationship": "Outer", "Join Type": "Inner", "Startup Cost": 0.0, "Total Cost": 408544.47, "Plan Rows": 12, "Plan Width": 58, "Inner Unique": true, "Plans": [{"Node Type": "Nested Loop", "Parent Relationship": "Outer", "Join Type": "Inner", "Startup Cost": 0.0, "Total Cost": 408538.72, "Plan Rows": 20, "Plan Width": 62, "Inner Unique": false, "Plans": [{"Node Type": "Nested Loop", "Parent Relationship": "Outer", "Join Type": "Inner", "Startup Cost": 0.0, "Total Cost": 408533.41, "Plan Rows": 9, "Plan Width": 50, "Inner Unique": false, "Plans": [{"Node Type": "Nested Loop", "Parent Relationship": "Outer", "Join Type": "Inner", "Startup Cost": 0.0, "Total Cost": 408517.99, "Plan Rows": 4, "Plan Width": 46, "Inner Unique": false, "Join Filter": "(it1.id = mi.info_type_id)", "Plans": [{"Node Type": "Seq Scan", "Parent Relationship": "Outer", "Relation Name": "info_type", "Alias": "it1", "Startup Cost": 0.0, "Total Cost": 2.4, "Plan Rows": 1, "Plan Width": 4, "Filter": "((info)::text = 'release dates'::text)"}, {"Node Type": "Seq Scan", "Parent Relationship": "Inner", "Relation Name": "movie_info", "Alias": "mi", "Startup Cost": 0.0, "Total Cost": 408512.41, "Plan Rows": 255, "Plan Width": 50, "Filter": "((info IS NOT NULL) AND ((note)::text ~~ '%internet%'::text) AND (((info)::text ~~ 'USA:% 199%'::text) OR ((info)::text ~~ 'USA:% 200%'::text)))"}]}, {"Node Type": "Index Only Scan", "Parent Relationship": "Inner", "Scan Direction": "Forward", "Index Name": "movie_id_aka_title", "Relation Name": "aka_title", "Alias": "at", "Startup Cost": 0.0, "Total Cost": 3.82, "Plan Rows": 3, "Plan Width": 4, "Index Cond": "(movie_id = mi.movie_id)"}]}, {"Node Type": "Index Scan", "Parent Relationship": "Inner", "Scan Direction": "Forward", "Index Name": "movie_id_movie_companies", "Relation Name": "movie_companies", "Alias": "mc", "Startup Cost": 0.0, "Total Cost": 0.57, "Plan Rows": 2, "Plan Width": 12, "Index Cond": "(movie_id = at.movie_id)"}]}, {"Node Type": "Index Scan", "Parent Relationship": "Inner", "Scan Direction": "Forward", "Index Name": "company_name_pkey", "Relation Name": "company_name", "Alias": "cn", "Startup Cost": 0.0, "Total Cost": 0.28, "Plan Rows": 1, "Plan Width": 4, "Index Cond": "(id = mc.company_id)", "Filter": "((country_code)::text = '[us]'::text)"}]}, {"Node Type": "Materialize", "Parent Relationship": "Inner", "Startup Cost": 0.0, "Total Cost": 1.04, "Plan Rows": 3, "Plan Width": 4, "Plans": [{"Node Type": "Seq Scan", "Parent Relationship": "Outer", "Relation Name": "company_type", "Alias": "ct", "Startup Cost": 0.0, "Total Cost": 1.03, "Plan Rows": 3, "Plan Width": 4}]}]}, {"Node Type": "Index Scan", "Parent Relationship": "Inner", "Scan Direction": "Forward", "Index Name": "title_pkey", "Relation Name": "title", "Alias": "t", "Startup Cost": 0.0, "Total Cost": 0.34, "Plan Rows": 1, "Plan Width": 21, "Index Cond": "(id = mc.movie_id)", "Filter": "(production_year > 1990)"}]}, {"Node Type": "Index Scan", "Parent Relationship": "Inner", "Scan Direction": "Forward", "Index Name": "movie_id_movie_keyword", "Relation Name": "movie_keyword", "Alias": "mk", "Startup Cost": 0.0, "Total Cost": 0.46, "Plan Rows": 8, "Plan Width": 8, "Index Cond": "(movie_id = mc.movie_id)"}]}, {"Node Type": "Index Only Scan", "Parent Relationship": "Inner", "Scan Direction": "Forward", "Index Name": "keyword_pkey", "Relation Name": "keyword", "Alias": "k", "Startup Cost": 0.0, "Total Cost": 0.27, "Plan Rows": 1, "Plan Width": 4, "Index Cond": "(id = mk.keyword_id)"}]}]}, "Unique SQL Id": 2846462052}, "explain_analyze_plan": null}, "(1, 41)": {"explain_plan": {"Plan": {"Node Type": "Aggregate", "Strategy": "Plain", "Startup Cost": 496841.72, "Total Cost": 496841.73, "Plan Rows": 1, "Plan Width": 123, "Plans": [{"Node Type": "Nested Loop", "Parent Relationship": "Outer", "Join Type": "Inner", "Startup Cost": 0.0, "Total Cost": 496841.06, "Plan Rows": 132, "Plan Width": 59, "Inner Unique": true, "Plans": [{"Node Type": "Nested Loop", "Parent Relationship": "Outer", "Join Type": "Inner", "Startup Cost": 0.0, "Total Cost": 496803.53, "Plan Rows": 134, "Plan Width": 63, "Inner Unique": false, "Join Filter": "(t.id = mk.movie_id)", "Plans": [{"Node Type": "Nested Loop", "Parent Relationship": "Outer", "Join Type": "Inner", "Startup Cost": 0.0, "Total Cost": 496793.97, "Plan Rows": 17, "Plan Width": 75, "Inner Unique": true, "Join Filter": "(at.movie_id = t.id)", "Plans": [{"Node Type": "Nested Loop", "Parent Relationship": "Outer", "Join Type": "Inner", "Startup Cost": 0.0, "Total Cost": 496789.74, "Plan Rows": 12, "Plan Width": 54, "Inner Unique": true, "Plans": [{"Node Type": "Nested Loop", "Parent Relationship": "Outer", "Join Type": "Inner", "Startup Cost": 0.0, "Total Cost": 496786.38, "Plan Rows": 12, "Plan Width": 58, "Inner Unique": true, "Plans": [{"Node Type": "Nested Loop", "Parent Relationship": "Outer", "Join Type": "Inner", "Startup Cost": 0.0, "Total Cost": 496780.63, "Plan Rows": 20, "Plan Width": 62, "Inner Unique": false, "Plans": [{"Node Type": "Nested Loop", "Parent Relationship": "Outer", "Join Type": "Inner", "Startup Cost": 0.0, "Total Cost": 496775.32, "Plan Rows": 9, "Plan Width": 50, "Inner Unique": false, "Plans": [{"Node Type": "Nested Loop", "Parent Relationship": "Outer", "Join Type": "Inner", "Startup Cost": 0.0, "Total Cost": 496759.91, "Plan Rows": 4, "Plan Width": 46, "Inner Unique": false, "Plans": [{"Node Type": "Index Scan", "Parent Relationship": "Outer", "Scan Direction": "Forward", "Index Name": "info_type_pkey", "Relation Name": "info_type", "Alias": "it1", "Startup Cost": 0.0, "Total Cost": 14.21, "Plan Rows": 1, "Plan Width": 4, "Filter": "((info)::text = 'release dates'::text)"}, {"Node Type": "Index Scan", "Parent Relationship": "Inner", "Scan Direction": "Forward", "Index Name": "info_type_id_movie_info", "Relation Name": "movie_info", "Alias": "mi", "Startup Cost": 0.0, "Total Cost": 496745.66, "Plan Rows": 4, "Plan Width": 50, "Index Cond": "(info_type_id = it1.id)", "Filter": "((info IS NOT NULL) AND ((note)::text ~~ '%internet%'::text) AND (((info)::text ~~ 'USA:% 199%'::text) OR ((info)::text ~~ 'USA:% 200%'::text)))"}]}, {"Node Type": "Index Only Scan", "Parent Relationship": "Inner", "Scan Direction": "Forward", "Index Name": "movie_id_aka_title", "Relation Name": "aka_title", "Alias": "at", "Startup Cost": 0.0, "Total Cost": 3.82, "Plan Rows": 3, "Plan Width": 4, "Index Cond": "(movie_id = mi.movie_id)"}]}, {"Node Type": "Index Scan", "Parent Relationship": "Inner", "Scan Direction": "Forward", "Index Name": "movie_id_movie_companies", "Relation Name": "movie_companies", "Alias": "mc", "Startup Cost": 0.0, "Total Cost": 0.57, "Plan Rows": 2, "Plan Width": 12, "Index Cond": "(movie_id = at.movie_id)"}]}, {"Node Type": "Index Scan", "Parent Relationship": "Inner", "Scan Direction": "Forward", "Index Name": "company_name_pkey", "Relation Name": "company_name", "Alias": "cn", "Startup Cost": 0.0, "Total Cost": 0.28, "Plan Rows": 1, "Plan Width": 4, "Index Cond": "(id = mc.company_id)", "Filter": "((country_code)::text = '[us]'::text)"}]}, {"Node Type": "Index Only Scan", "Parent Relationship": "Inner", "Scan Direction": "Forward", "Index Name": "company_type_pkey", "Relation Name": "company_type", "Alias": "ct", "Startup Cost": 0.0, "Total Cost": 0.27, "Plan Rows": 1, "Plan Width": 4, "Index Cond": "(id = mc.company_type_id)"}]}, {"Node Type": "Index Scan", "Parent Relationship": "Inner", "Scan Direction": "Forward", "Index Name": "title_pkey", "Relation Name": "title", "Alias": "t", "Startup Cost": 0.0, "Total Cost": 0.34, "Plan Rows": 1, "Plan Width": 21, "Index Cond": "(id = mc.movie_id)", "Filter": "(production_year > 1990)"}]}, {"Node Type": "Index Scan", "Parent Relationship": "Inner", "Scan Direction": "Forward", "Index Name": "movie_id_movie_keyword", "Relation Name": "movie_keyword", "Alias": "mk", "Startup Cost": 0.0, "Total Cost": 0.46, "Plan Rows": 8, "Plan Width": 8, "Index Cond": "(movie_id = mc.movie_id)"}]}, {"Node Type": "Index Only Scan", "Parent Relationship": "Inner", "Scan Direction": "Forward", "Index Name": "keyword_pkey", "Relation Name": "keyword", "Alias": "k", "Startup Cost": 0.0, "Total Cost": 0.27, "Plan Rows": 1, "Plan Width": 4, "Index Cond": "(id = mk.keyword_id)"}]}]}, "Unique SQL Id": 2846462052}, "explain_analyze_plan": {"Plan": {"Node Type": "Aggregate", "Strategy": "Plain", "Startup Cost": 496841.72, "Total Cost": 496841.73, "Plan Rows": 1, "Plan Width": 123, "Actual Startup Time": 1912.831, "Actual Total Time": 1912.832, "Actual Rows": 1, "Actual Loops": 1, "Plans": [{"Node Type": "Nested Loop", "Parent Relationship": "Outer", "Join Type": "Inner", "Startup Cost": 0.0, "Total Cost": 496841.06, "Plan Rows": 132, "Plan Width": 59, "Actual Startup Time": 61.482, "Actual Total Time": 1911.941, "Actual Rows": 1140, "Actual Loops": 1, "Inner Unique": true, "Plans": [{"Node Type": "Nested Loop", "Parent Relationship": "Outer", "Join Type": "Inner", "Startup Cost": 0.0, "Total Cost": 496803.53, "Plan Rows": 134, "Plan Width": 63, "Actual Startup Time": 61.473, "Actual Total Time": 1907.12, "Actual Rows": 1140, "Actual Loops": 1, "Inner Unique": false, "Join Filter": "(t.id = mk.movie_id)", "Rows Removed by Join Filter": 0, "Plans": [{"Node Type": "Nested Loop", "Parent Relationship": "Outer", "Join Type": "Inner", "Startup Cost": 0.0, "Total Cost": 496793.97, "Plan Rows": 17, "Plan Width": 75, "Actual Startup Time": 61.452, "Actual Total Time": 1904.93, "Actual Rows": 119, "Actual Loops": 1, "Inner Unique": true, "Join Filter": "(at.movie_id = t.id)", "Rows Removed by Join Filter": 0, "Plans": [{"Node Type": "Nested Loop", "Parent Relationship": "Outer", "Join Type": "Inner", "Startup Cost": 0.0, "Total Cost": 496789.74, "Plan Rows": 12, "Plan Width": 54, "Actual Startup Time": 61.428, "Actual Total Time": 1903.642, "Actual Rows": 119, "Actual Loops": 1, "Inner Unique": true, "Plans": [{"Node Type": "Nested Loop", "Parent Relationship": "Outer", "Join Type": "Inner", "Startup Cost": 0.0, "Total Cost": 496786.38, "Plan Rows": 12, "Plan Width": 58, "Actual Startup Time": 5.936, "Actual Total Time": 1903.047, "Actual Rows": 284, "Actual Loops": 1, "Inner Unique": true, "Plans": [{"Node Type": "Nested Loop", "Parent Relationship": "Outer", "Join Type": "Inner", "Startup Cost": 0.0, "Total Cost": 496780.63, "Plan Rows": 20, "Plan Width": 62, "Actual Startup Time": 5.92, "Actual Total Time": 1899.902, "Actual Rows": 400, "Actual Loops": 1, "Inner Unique": false, "Plans": [{"Node Type": "Nested Loop", "Parent Relationship": "Outer", "Join Type": "Inner", "Startup Cost": 0.0, "Total Cost": 496775.32, "Plan Rows": 9, "Plan Width": 50, "Actual Startup Time": 5.907, "Actual Total Time": 1898.098, "Actual Rows": 120, "Actual Loops": 1, "Inner Unique": false, "Plans": [{"Node Type": "Nested Loop", "Parent Relationship": "Outer", "Join Type": "Inner", "Startup Cost": 0.0, "Total Cost": 496759.91, "Plan Rows": 4, "Plan Width": 46, "Actual Startup Time": 0.588, "Actual Total Time": 1888.96, "Actual Rows": 1783, "Actual Loops": 1, "Inner Unique": false, "Plans": [{"Node Type": "Index Scan", "Parent Relationship": "Outer", "Scan Direction": "Forward", "Index Name": "info_type_pkey", "Relation Name": "info_type", "Alias": "it1", "Startup Cost": 0.0, "Total Cost": 14.21, "Plan Rows": 1, "Plan Width": 4, "Actual Startup Time": 0.051, "Actual Total Time": 0.104, "Actual Rows": 1, "Actual Loops": 1, "Filter": "((info)::text = 'release dates'::text)", "Rows Removed by Filter": 111}, {"Node Type": "Index Scan", "Parent Relationship": "Inner", "Scan Direction": "Forward", "Index Name": "info_type_id_movie_info", "Relation Name": "movie_info", "Alias": "mi", "Startup Cost": 0.0, "Total Cost": 496745.66, "Plan Rows": 4, "Plan Width": 50, "Actual Startup Time": 0.531, "Actual Total Time": 1888.179, "Actual Rows": 1783, "Actual Loops": 1, "Index Cond": "(info_type_id = it1.id)", "Rows Removed by Index Recheck": 0, "Filter": "((info IS NOT NULL) AND ((note)::text ~~ '%internet%'::text) AND (((info)::text ~~ 'USA:% 199%'::text) OR ((info)::text ~~ 'USA:% 200%'::text)))", "Rows Removed by Filter": 3034936}]}, {"Node Type": "Index Only Scan", "Parent Relationship": "Inner", "Scan Direction": "Forward", "Index Name": "movie_id_aka_title", "Relation Name": "aka_title", "Alias": "at", "Startup Cost": 0.0, "Total Cost": 3.82, "Plan Rows": 3, "Plan Width": 4, "Actual Startup Time": 7.545, "Actual Total Time": 7.594, "Actual Rows": 120, "Actual Loops": 1783, "Index Cond": "(movie_id = mi.movie_id)", "Rows Removed by Index Recheck": 0, "Heap Fetches": 0}]}, {"Node Type": "Index Scan", "Parent Relationship": "Inner", "Scan Direction": "Forward", "Index Name": "movie_id_movie_companies", "Relation Name": "movie_companies", "Alias": "mc", "Startup Cost": 0.0, "Total Cost": 0.57, "Plan Rows": 2, "Plan Width": 12, "Actual Startup Time": 1.097, "Actual Total Time": 1.497, "Actual Rows": 400, "Actual Loops": 120, "Index Cond": "(movie_id = at.movie_id)", "Rows Removed by Index Recheck": 0}]}, {"Node Type": "Index Scan", "Parent Relationship": "Inner", "Scan Direction": "Forward", "Index Name": "company_name_pkey", "Relation Name": "company_name", "Alias": "cn", "Startup Cost": 0.0, "Total Cost": 0.28, "Plan Rows": 1, "Plan Width": 4, "Actual Startup Time": 2.687, "Actual Total Time": 2.687, "Actual Rows": 284, "Actual Loops": 400, "Index Cond": "(id = mc.company_id)", "Rows Removed by Index Recheck": 0, "Filter": "((country_code)::text = '[us]'::text)", "Rows Removed by Filter": 116}]}, {"Node Type": "Index Only Scan", "Parent Relationship": "Inner", "Scan Direction": "Forward", "Index Name": "company_type_pkey", "Relation Name": "company_type", "Alias": "ct", "Startup Cost": 0.0, "Total Cost": 0.27, "Plan Rows": 1, "Plan Width": 4, "Actual Startup Time": 0.296, "Actual Total Time": 0.296, "Actual Rows": 119, "Actual Loops": 284, "Index Cond": "(id = mc.company_type_id)", "Rows Removed by Index Recheck": 0, "Heap Fetches": 0}]}, {"Node Type": "Index Scan", "Parent Relationship": "Inner", "Scan Direction": "Forward", "Index Name": "title_pkey", "Relation Name": "title", "Alias": "t", "Startup Cost": 0.0, "Total Cost": 0.34, "Plan Rows": 1, "Plan Width": 21, "Actual Startup Time": 0.982, "Actual Total Time": 0.982, "Actual Rows": 119, "Actual Loops": 119, "Index Cond": "(id = mc.movie_id)", "Rows Removed by Index Recheck": 0, "Filter": "(production_year > 1990)", "Rows Removed by Filter": 0}]}, {"Node Type": "Index Scan", "Parent Relationship": "Inner", "Scan Direction": "Forward", "Index Name": "movie_id_movie_keyword", "Relation Name": "movie_keyword", "Alias": "mk", "Startup Cost": 0.0, "Total Cost": 0.46, "Plan Rows": 8, "Plan Width": 8, "Actual Startup Time": 0.989, "Actual Total Time": 1.57, "Actual Rows": 1140, "Actual Loops": 119, "Index Cond": "(movie_id = mc.movie_id)", "Rows Removed by Index Recheck": 0}]}, {"Node Type": "Index Only Scan", "Parent Relationship": "Inner", "Scan Direction": "Forward", "Index Name": "keyword_pkey", "Relation Name": "keyword", "Alias": "k", "Startup Cost": 0.0, "Total Cost": 0.27, "Plan Rows": 1, "Plan Width": 4, "Actual Startup Time": 3.947, "Actual Total Time": 3.947, "Actual Rows": 1140, "Actual Loops": 1140, "Index Cond": "(id = mk.keyword_id)", "Rows Removed by Index Recheck": 0, "Heap Fetches": 0}]}]}, "Triggers": [], "Planner Runtime": 57.007, "Total Runtime": 1913.13, "Unique SQL Id": 2846462052}}, "(1, 42)": {"explain_plan": {"Plan": {"Node Type": "Aggregate", "Strategy": "Plain", "Startup Cost": 637516.21, "Total Cost": 637516.22, "Plan Rows": 1, "Plan Width": 123, "Plans": [{"Node Type": "Hash Join", "Parent Relationship": "Outer", "Join Type": "Inner", "Startup Cost": 558107.1, "Total Cost": 637515.54, "Plan Rows": 134, "Plan Width": 59, "Inner Unique": true, "Hash Cond": "(mk.keyword_id = k.id)", "Plans": [{"Node Type": "Hash Join", "Parent Relationship": "Outer", "Join Type": "Inner", "Startup Cost": 554329.29, "Total Cost": 633735.93, "Plan Rows": 134, "Plan Width": 63, "Inner Unique": false, "Hash Cond": "(mk.movie_id = t.id)", "Plans": [{"Node Type": "Seq Scan", "Parent Relationship": "Outer", "Relation Name": "movie_keyword", "Alias": "mk", "Startup Cost": 0.0, "Total Cost": 62441.29, "Plan Rows": 4523929, "Plan Width": 8}, {"Node Type": "Hash", "Parent Relationship": "Inner", "Startup Cost": 554329.08, "Total Cost": 554329.08, "Plan Rows": 17, "Plan Width": 75, "Plans": [{"Node Type": "Hash Join", "Parent Relationship": "Outer", "Join Type": "Inner", "Startup Cost": 481380.64, "Total Cost": 554329.08, "Plan Rows": 17, "Plan Width": 75, "Inner Unique": true, "Hash Cond": "(mc.company_type_id = ct.id)", "Plans": [{"Node Type": "Hash Join", "Parent Relationship": "Outer", "Join Type": "Inner", "Startup Cost": 481379.57, "Total Cost": 554327.78, "Plan Rows": 17, "Plan Width": 79, "Inner Unique": false, "Hash Cond": "(t.id = at.movie_id)", "Plans": [{"Node Type": "Seq Scan", "Parent Relationship": "Outer", "Relation Name": "title", "Alias": "t", "Startup Cost": 0.0, "Total Cost": 66389.89, "Plan Rows": 1748840, "Plan Width": 21, "Filter": "(production_year > 1990), (LLVM Optimized)"}, {"Node Type": "Hash", "Parent Relationship": "Inner", "Startup Cost": 481379.42, "Total Cost": 481379.42, "Plan Rows": 12, "Plan Width": 58, "Plans": [{"Node Type": "Hash Join", "Parent Relationship": "Outer", "Join Type": "Inner", "Startup Cost": 429899.22, "Total Cost": 481379.42, "Plan Rows": 12, "Plan Width": 58, "Inner Unique": false, "Hash Cond": "(mi.movie_id = at.movie_id)", "Plans": [{"Node Type": "Hash Join", "Parent Relationship": "Outer", "Join Type": "Inner", "Startup Cost": 415486.12, "Total Cost": 466965.6, "Plan Rows": 7, "Plan Width": 54, "Inner Unique": true, "Hash Cond": "(mc.company_id = cn.id)", "Plans": [{"Node Type": "Hash Join", "Parent Relationship": "Outer", "Join Type": "Inner", "Startup Cost": 408518.04, "Total Cost": 459997.38, "Plan Rows": 9, "Plan Width": 58, "Inner Unique": false, "Hash Cond": "(mc.movie_id = mi.movie_id)", "Plans": [{"Node Type": "Seq Scan", "Parent Relationship": "Outer", "Relation Name": "movie_companies", "Alias": "mc", "Startup Cost": 0.0, "Total Cost": 41817.28, "Plan Rows": 2609128, "Plan Width": 12}, {"Node Type": "Hash", "Parent Relationship": "Inner", "Startup Cost": 408517.99, "Total Cost": 408517.99, "Plan Rows": 4, "Plan Width": 46, "Plans": [{"Node Type": "Nested Loop", "Parent Relationship": "Outer", "Join Type": "Inner", "Startup Cost": 0.0, "Total Cost": 408517.99, "Plan Rows": 4, "Plan Width": 46, "Inner Unique": false, "Join Filter": "(it1.id = mi.info_type_id)", "Plans": [{"Node Type": "Seq Scan", "Parent Relationship": "Outer", "Relation Name": "info_type", "Alias": "it1", "Startup Cost": 0.0, "Total Cost": 2.4, "Plan Rows": 1, "Plan Width": 4, "Filter": "((info)::text = 'release dates'::text)"}, {"Node Type": "Seq Scan", "Parent Relationship": "Inner", "Relation Name": "movie_info", "Alias": "mi", "Startup Cost": 0.0, "Total Cost": 408512.41, "Plan Rows": 255, "Plan Width": 50, "Filter": "((info IS NOT NULL) AND ((note)::text ~~ '%internet%'::text) AND (((info)::text ~~ 'USA:% 199%'::text) OR ((info)::text ~~ 'USA:% 200%'::text)))"}]}]}]}, {"Node Type": "Hash", "Parent Relationship": "Inner", "Startup Cost": 5903.45, "Total Cost": 5903.45, "Plan Rows": 85170, "Plan Width": 4, "Plans": [{"Node Type": "Seq Scan", "Parent Relationship": "Outer", "Relation Name": "company_name", "Alias": "cn", "Startup Cost": 0.0, "Total Cost": 5903.45, "Plan Rows": 85170, "Plan Width": 4, "Filter": "((country_code)::text = '[us]'::text)"}]}]}, {"Node Type": "Hash", "Parent Relationship": "Inner", "Startup Cost": 9894.71, "Total Cost": 9894.71, "Plan Rows": 361471, "Plan Width": 4, "Plans": [{"Node Type": "Seq Scan", "Parent Relationship": "Outer", "Relation Name": "aka_title", "Alias": "at", "Startup Cost": 0.0, "Total Cost": 9894.71, "Plan Rows": 361471, "Plan Width": 4}]}]}]}]}, {"Node Type": "Hash", "Parent Relationship": "Inner", "Startup Cost": 1.03, "Total Cost": 1.03, "Plan Rows": 3, "Plan Width": 4, "Plans": [{"Node Type": "Seq Scan", "Parent Relationship": "Outer", "Relation Name": "company_type", "Alias": "ct", "Startup Cost": 0.0, "Total Cost": 1.03, "Plan Rows": 3, "Plan Width": 4}]}]}]}]}, {"Node Type": "Hash", "Parent Relationship": "Inner", "Startup Cost": 2100.69, "Total Cost": 2100.69, "Plan Rows": 134169, "Plan Width": 4, "Plans": [{"Node Type": "Seq Scan", "Parent Relationship": "Outer", "Relation Name": "keyword", "Alias": "k", "Startup Cost": 0.0, "Total Cost": 2100.69, "Plan Rows": 134169, "Plan Width": 4}]}]}]}, "Unique SQL Id": 2846462052}, "explain_analyze_plan": null}, "(1, 43)": {"explain_plan": {"Plan": {"Node Type": "Aggregate", "Strategy": "Plain", "Startup Cost": 9000155007614.15, "Total Cost": 9000155007614.16, "Plan Rows": 1, "Plan Width": 123, "Plans": [{"Node Type": "Nested Loop", "Parent Relationship": "Outer", "Join Type": "Inner", "Startup Cost": 90000000000.0, "Total Cost": 9000155007613.48, "Plan Rows": 134, "Plan Width": 59, "Inner Unique": false, "Join Filter": "(t.id = at.movie_id)", "Plans": [{"Node Type": "Index Only Scan", "Parent Relationship": "Outer", "Scan Direction": "Forward", "Index Name": "movie_id_aka_title", "Relation Name": "aka_title", "Alias": "at", "Startup Cost": 10000000000.0, "Total Cost": 1000000898631.5, "Plan Rows": 361471, "Plan Width": 4}, {"Node Type": "Materialize", "Parent Relationship": "Inner", "Startup Cost": 80000000000.0, "Total Cost": 8000153680639.04, "Plan Rows": 79, "Plan Width": 75, "Plans": [{"Node Type": "Nested Loop", "Parent Relationship": "Outer", "Join Type": "Inner", "Startup Cost": 80000000000.0, "Total Cost": 8000153680638.65, "Plan Rows": 79, "Plan Width": 75, "Inner Unique": true, "Join Filter": "(mk.keyword_id = k.id)", "Plans": [{"Node Type": "Nested Loop", "Parent Relationship": "Outer", "Join Type": "Inner", "Startup Cost": 70000000000.0, "Total Cost": 7000153315234.46, "Plan Rows": 79, "Plan Width": 79, "Inner Unique": false, "Join Filter": "(t.id = mk.movie_id)", "Plans": [{"Node Type": "Index Scan", "Parent Relationship": "Outer", "Scan Direction": "Forward", "Index Name": "movie_id_movie_keyword", "Relation Name": "movie_keyword", "Alias": "mk", "Startup Cost": 10000000000.0, "Total Cost": 1000015300634.17, "Plan Rows": 4523929, "Plan Width": 8}, {"Node Type": "Materialize", "Parent Relationship": "Inner", "Startup Cost": 60000000000.0, "Total Cost": 6000137336010.97, "Plan Rows": 10, "Plan Width": 71, "Plans": [{"Node Type": "Nested Loop", "Parent Relationship": "Outer", "Join Type": "Inner", "Startup Cost": 60000000000.0, "Total Cost": 6000137336010.92, "Plan Rows": 10, "Plan Width": 71, "Inner Unique": true, "Join Filter": "(mc.company_type_id = ct.id)", "Plans": [{"Node Type": "Nested Loop", "Parent Relationship": "Outer", "Join Type": "Inner", "Startup Cost": 50000000000.0, "Total Cost": 5000137335180.96, "Plan Rows": 10, "Plan Width": 75, "Inner Unique": false, "Join Filter": "(mi.movie_id = t.id)", "Plans": [{"Node Type": "Index Scan", "Parent Relationship": "Outer", "Scan Direction": "Forward", "Index Name": "title_pkey", "Relation Name": "title", "Alias": "t", "Startup Cost": 10000000000.0, "Total Cost": 1000011644126.66, "Plan Rows": 1748840, "Plan Width": 21, "Filter": "(production_year > 1990), (LLVM Optimized)"}, {"Node Type": "Materialize", "Parent Relationship": "Inner", "Startup Cost": 40000000000.0, "Total Cost": 4000125507426.11, "Plan Rows": 7, "Plan Width": 54, "Plans": [{"Node Type": "Nested Loop", "Parent Relationship": "Outer", "Join Type": "Inner", "Startup Cost": 40000000000.0, "Total Cost": 4000125507426.08, "Plan Rows": 7, "Plan Width": 54, "Inner Unique": true, "Join Filter": "(mc.company_id = cn.id)", "Plans": [{"Node Type": "Nested Loop", "Parent Relationship": "Outer", "Join Type": "Inner", "Startup Cost": 30000000000.0, "Total Cost": 3000124445576.23, "Plan Rows": 9, "Plan Width": 58, "Inner Unique": false, "Join Filter": "(mi.movie_id = mc.movie_id)", "Plans": [{"Node Type": "Index Scan", "Parent Relationship": "Outer", "Scan Direction": "Forward", "Index Name": "company_type_id_movie_companies", "Relation Name": "movie_companies", "Alias": "mc", "Startup Cost": 10000000000.0, "Total Cost": 1000009318217.0, "Plan Rows": 2609128, "Plan Width": 12}, {"Node Type": "Materialize", "Parent Relationship": "Inner", "Startup Cost": 20000000000.0, "Total Cost": 2000114970811.56, "Plan Rows": 4, "Plan Width": 46, "Plans": [{"Node Type": "Nested Loop", "Parent Relationship": "Outer", "Join Type": "Inner", "Startup Cost": 20000000000.0, "Total Cost": 2000114970811.54, "Plan Rows": 4, "Plan Width": 46, "Inner Unique": true, "Join Filter": "(it1.id = mi.info_type_id)", "Plans": [{"Node Type": "Index Scan", "Parent Relationship": "Outer", "Scan Direction": "Forward", "Index Name": "movie_id_movie_info", "Relation Name": "movie_info", "Alias": "mi", "Startup Cost": 10000000000.0, "Total Cost": 1000114969386.72, "Plan Rows": 255, "Plan Width": 50, "Filter": "((info IS NOT NULL) AND ((note)::text ~~ '%internet%'::text) AND (((info)::text ~~ 'USA:% 199%'::text) OR ((info)::text ~~ 'USA:% 200%'::text)))"}, {"Node Type": "Materialize", "Parent Relationship": "Inner", "Startup Cost": 10000000000.0, "Total Cost": 1000000001421.0, "Plan Rows": 1, "Plan Width": 4, "Plans": [{"Node Type": "Index Scan", "Parent Relationship": "Outer", "Scan Direction": "Forward", "Index Name": "info_type_pkey", "Relation Name": "info_type", "Alias": "it1", "Startup Cost": 10000000000.0, "Total Cost": 1000000001421.0, "Plan Rows": 1, "Plan Width": 4, "Filter": "((info)::text = 'release dates'::text)"}]}]}]}]}, {"Node Type": "Materialize", "Parent Relationship": "Inner", "Startup Cost": 10000000000.0, "Total Cost": 1000001050564.82, "Plan Rows": 85170, "Plan Width": 4, "Plans": [{"Node Type": "Index Scan", "Parent Relationship": "Outer", "Scan Direction": "Forward", "Index Name": "company_name_pkey", "Relation Name": "company_name", "Alias": "cn", "Startup Cost": 10000000000.0, "Total Cost": 1000001050138.97, "Plan Rows": 85170, "Plan Width": 4, "Filter": "((country_code)::text = '[us]'::text)"}]}]}]}]}, {"Node Type": "Materialize", "Parent Relationship": "Inner", "Startup Cost": 10000000000.0, "Total Cost": 1000000000829.52, "Plan Rows": 3, "Plan Width": 4, "Plans": [{"Node Type": "Index Only Scan", "Parent Relationship": "Outer", "Scan Direction": "Forward", "Index Name": "company_type_pkey", "Relation Name": "company_type", "Alias": "ct", "Startup Cost": 10000000000.0, "Total Cost": 1000000000829.5, "Plan Rows": 3, "Plan Width": 4}]}]}]}]}, {"Node Type": "Materialize", "Parent Relationship": "Inner", "Startup Cost": 10000000000.0, "Total Cost": 1000000206749.34, "Plan Rows": 134169, "Plan Width": 4, "Plans": [{"Node Type": "Index Only Scan", "Parent Relationship": "Outer", "Scan Direction": "Forward", "Index Name": "keyword_pkey", "Relation Name": "keyword", "Alias": "k", "Startup Cost": 10000000000.0, "Total Cost": 1000000206078.5, "Plan Rows": 134169, "Plan Width": 4}]}]}]}]}]}, "Unique SQL Id": 2846462052}, "explain_analyze_plan": null}, "(1, 44)": {"explain_plan": {"Plan": {"Node Type": "Aggregate", "Strategy": "Plain", "Startup Cost": 408609.28, "Total Cost": 408609.29, "Plan Rows": 1, "Plan Width": 123, "Plans": [{"Node Type": "Nested Loop", "Parent Relationship": "Outer", "Join Type": "Inner", "Startup Cost": 0.0, "Total Cost": 408608.62, "Plan Rows": 132, "Plan Width": 59, "Inner Unique": true, "Plans": [{"Node Type": "Nested Loop", "Parent Relationship": "Outer", "Join Type": "Inner", "Startup Cost": 0.0, "Total Cost": 408571.01, "Plan Rows": 134, "Plan Width": 63, "Inner Unique": false, "Join Filter": "(t.id = mk.movie_id)", "Plans": [{"Node Type": "Nested Loop", "Parent Relationship": "Outer", "Join Type": "Inner", "Startup Cost": 0.0, "Total Cost": 408561.45, "Plan Rows": 17, "Plan Width": 75, "Inner Unique": false, "Plans": [{"Node Type": "Nested Loop", "Parent Relationship": "Outer", "Join Type": "Inner", "Startup Cost": 0.0, "Total Cost": 408557.88, "Plan Rows": 10, "Plan Width": 71, "Inner Unique": true, "Plans": [{"Node Type": "Nested Loop", "Parent Relationship": "Outer", "Join Type": "Inner", "Startup Cost": 0.0, "Total Cost": 408554.72, "Plan Rows": 11, "Plan Width": 75, "Inner Unique": true, "Join Filter": "(mc.company_type_id = ct.id)", "Plans": [{"Node Type": "Nested Loop", "Parent Relationship": "Outer", "Join Type": "Inner", "Startup Cost": 0.0, "Total Cost": 408553.14, "Plan Rows": 12, "Plan Width": 79, "Inner Unique": false, "Plans": [{"Node Type": "Nested Loop", "Parent Relationship": "Outer", "Join Type": "Inner", "Startup Cost": 0.0, "Total Cost": 408550.93, "Plan Rows": 6, "Plan Width": 67, "Inner Unique": true, "Plans": [{"Node Type": "Nested Loop", "Parent Relationship": "Outer", "Join Type": "Inner", "Startup Cost": 0.0, "Total Cost": 408517.99, "Plan Rows": 4, "Plan Width": 46, "Inner Unique": false, "Join Filter": "(it1.id = mi.info_type_id)", "Plans": [{"Node Type": "Seq Scan", "Parent Relationship": "Outer", "Relation Name": "info_type", "Alias": "it1", "Startup Cost": 0.0, "Total Cost": 2.4, "Plan Rows": 1, "Plan Width": 4, "Filter": "((info)::text = 'release dates'::text)"}, {"Node Type": "Seq Scan", "Parent Relationship": "Inner", "Relation Name": "movie_info", "Alias": "mi", "Startup Cost": 0.0, "Total Cost": 408512.41, "Plan Rows": 255, "Plan Width": 50, "Filter": "((info IS NOT NULL) AND ((note)::text ~~ '%internet%'::text) AND (((info)::text ~~ 'USA:% 199%'::text) OR ((info)::text ~~ 'USA:% 200%'::text)))"}]}, {"Node Type": "Index Scan", "Parent Relationship": "Inner", "Scan Direction": "Forward", "Index Name": "title_pkey", "Relation Name": "title", "Alias": "t", "Startup Cost": 0.0, "Total Cost": 8.23, "Plan Rows": 1, "Plan Width": 21, "Index Cond": "(id = mi.movie_id)", "Filter": "(production_year > 1990)"}]}, {"Node Type": "Index Scan", "Parent Relationship": "Inner", "Scan Direction": "Forward", "Index Name": "movie_id_movie_companies", "Relation Name": "movie_companies", "Alias": "mc", "Startup Cost": 0.0, "Total Cost": 0.35, "Plan Rows": 2, "Plan Width": 12, "Index Cond": "(movie_id = t.id)"}]}, {"Node Type": "Materialize", "Parent Relationship": "Inner", "Startup Cost": 0.0, "Total Cost": 1.04, "Plan Rows": 3, "Plan Width": 4, "Plans": [{"Node Type": "Seq Scan", "Parent Relationship": "Outer", "Relation Name": "company_type", "Alias": "ct", "Startup Cost": 0.0, "Total Cost": 1.03, "Plan Rows": 3, "Plan Width": 4}]}]}, {"Node Type": "Index Scan", "Parent Relationship": "Inner", "Scan Direction": "Forward", "Index Name": "company_name_pkey", "Relation Name": "company_name", "Alias": "cn", "Startup Cost": 0.0, "Total Cost": 0.28, "Plan Rows": 1, "Plan Width": 4, "Index Cond": "(id = mc.company_id)", "Filter": "((country_code)::text = '[us]'::text)"}]}, {"Node Type": "Index Scan", "Parent Relationship": "Inner", "Scan Direction": "Forward", "Index Name": "movie_id_aka_title", "Relation Name": "aka_title", "Alias": "at", "Startup Cost": 0.0, "Total Cost": 0.33, "Plan Rows": 3, "Plan Width": 4, "Index Cond": "(movie_id = t.id)"}]}, {"Node Type": "Index Scan", "Parent Relationship": "Inner", "Scan Direction": "Forward", "Index Name": "movie_id_movie_keyword", "Relation Name": "movie_keyword", "Alias": "mk", "Startup Cost": 0.0, "Total Cost": 0.46, "Plan Rows": 8, "Plan Width": 8, "Index Cond": "(movie_id = mc.movie_id)"}]}, {"Node Type": "Index Scan", "Parent Relationship": "Inner", "Scan Direction": "Forward", "Index Name": "keyword_pkey", "Relation Name": "keyword", "Alias": "k", "Startup Cost": 0.0, "Total Cost": 0.27, "Plan Rows": 1, "Plan Width": 4, "Index Cond": "(id = mk.keyword_id)"}]}]}, "Unique SQL Id": 2846462052}, "explain_analyze_plan": null}, "(1, 45)": {"explain_plan": {"Plan": {"Node Type": "Aggregate", "Strategy": "Plain", "Startup Cost": 496852.7, "Total Cost": 496852.71, "Plan Rows": 1, "Plan Width": 123, "Plans": [{"Node Type": "Nested Loop", "Parent Relationship": "Outer", "Join Type": "Inner", "Startup Cost": 0.0, "Total Cost": 496852.04, "Plan Rows": 132, "Plan Width": 59, "Inner Unique": true, "Plans": [{"Node Type": "Nested Loop", "Parent Relationship": "Outer", "Join Type": "Inner", "Startup Cost": 0.0, "Total Cost": 496814.43, "Plan Rows": 134, "Plan Width": 63, "Inner Unique": false, "Join Filter": "(t.id = mk.movie_id)", "Plans": [{"Node Type": "Nested Loop", "Parent Relationship": "Outer", "Join Type": "Inner", "Startup Cost": 0.0, "Total Cost": 496804.87, "Plan Rows": 17, "Plan Width": 75, "Inner Unique": false, "Plans": [{"Node Type": "Nested Loop", "Parent Relationship": "Outer", "Join Type": "Inner", "Startup Cost": 0.0, "Total Cost": 496801.31, "Plan Rows": 10, "Plan Width": 71, "Inner Unique": true, "Plans": [{"Node Type": "Nested Loop", "Parent Relationship": "Outer", "Join Type": "Inner", "Startup Cost": 0.0, "Total Cost": 496798.51, "Plan Rows": 10, "Plan Width": 75, "Inner Unique": true, "Plans": [{"Node Type": "Nested Loop", "Parent Relationship": "Outer", "Join Type": "Inner", "Startup Cost": 0.0, "Total Cost": 496795.05, "Plan Rows": 12, "Plan Width": 79, "Inner Unique": false, "Plans": [{"Node Type": "Nested Loop", "Parent Relationship": "Outer", "Join Type": "Inner", "Startup Cost": 0.0, "Total Cost": 496792.85, "Plan Rows": 6, "Plan Width": 67, "Inner Unique": true, "Plans": [{"Node Type": "Nested Loop", "Parent Relationship": "Outer", "Join Type": "Inner", "Startup Cost": 0.0, "Total Cost": 496759.91, "Plan Rows": 4, "Plan Width": 46, "Inner Unique": false, "Plans": [{"Node Type": "Index Scan", "Parent Relationship": "Outer", "Scan Direction": "Forward", "Index Name": "info_type_pkey", "Relation Name": "info_type", "Alias": "it1", "Startup Cost": 0.0, "Total Cost": 14.21, "Plan Rows": 1, "Plan Width": 4, "Filter": "((info)::text = 'release dates'::text)"}, {"Node Type": "Index Scan", "Parent Relationship": "Inner", "Scan Direction": "Forward", "Index Name": "info_type_id_movie_info", "Relation Name": "movie_info", "Alias": "mi", "Startup Cost": 0.0, "Total Cost": 496745.66, "Plan Rows": 4, "Plan Width": 50, "Index Cond": "(info_type_id = it1.id)", "Filter": "((info IS NOT NULL) AND ((note)::text ~~ '%internet%'::text) AND (((info)::text ~~ 'USA:% 199%'::text) OR ((info)::text ~~ 'USA:% 200%'::text)))"}]}, {"Node Type": "Index Scan", "Parent Relationship": "Inner", "Scan Direction": "Forward", "Index Name": "title_pkey", "Relation Name": "title", "Alias": "t", "Startup Cost": 0.0, "Total Cost": 8.23, "Plan Rows": 1, "Plan Width": 21, "Index Cond": "(id = mi.movie_id)", "Filter": "(production_year > 1990)"}]}, {"Node Type": "Index Scan", "Parent Relationship": "Inner", "Scan Direction": "Forward", "Index Name": "movie_id_movie_companies", "Relation Name": "movie_companies", "Alias": "mc", "Startup Cost": 0.0, "Total Cost": 0.35, "Plan Rows": 2, "Plan Width": 12, "Index Cond": "(movie_id = t.id)"}]}, {"Node Type": "Index Scan", "Parent Relationship": "Inner", "Scan Direction": "Forward", "Index Name": "company_name_pkey", "Relation Name": "company_name", "Alias": "cn", "Startup Cost": 0.0, "Total Cost": 0.28, "Plan Rows": 1, "Plan Width": 4, "Index Cond": "(id = mc.company_id)", "Filter": "((country_code)::text = '[us]'::text)"}]}, {"Node Type": "Index Scan", "Parent Relationship": "Inner", "Scan Direction": "Forward", "Index Name": "company_type_pkey", "Relation Name": "company_type", "Alias": "ct", "Startup Cost": 0.0, "Total Cost": 0.27, "Plan Rows": 1, "Plan Width": 4, "Index Cond": "(id = mc.company_type_id)"}]}, {"Node Type": "Index Scan", "Parent Relationship": "Inner", "Scan Direction": "Forward", "Index Name": "movie_id_aka_title", "Relation Name": "aka_title", "Alias": "at", "Startup Cost": 0.0, "Total Cost": 0.33, "Plan Rows": 3, "Plan Width": 4, "Index Cond": "(movie_id = t.id)"}]}, {"Node Type": "Index Scan", "Parent Relationship": "Inner", "Scan Direction": "Forward", "Index Name": "movie_id_movie_keyword", "Relation Name": "movie_keyword", "Alias": "mk", "Startup Cost": 0.0, "Total Cost": 0.46, "Plan Rows": 8, "Plan Width": 8, "Index Cond": "(movie_id = mc.movie_id)"}]}, {"Node Type": "Index Scan", "Parent Relationship": "Inner", "Scan Direction": "Forward", "Index Name": "keyword_pkey", "Relation Name": "keyword", "Alias": "k", "Startup Cost": 0.0, "Total Cost": 0.27, "Plan Rows": 1, "Plan Width": 4, "Index Cond": "(id = mk.keyword_id)"}]}]}, "Unique SQL Id": 2846462052}, "explain_analyze_plan": {"Plan": {"Node Type": "Aggregate", "Strategy": "Plain", "Startup Cost": 496852.7, "Total Cost": 496852.71, "Plan Rows": 1, "Plan Width": 123, "Actual Startup Time": 2104.505, "Actual Total Time": 2104.506, "Actual Rows": 1, "Actual Loops": 1, "Plans": [{"Node Type": "Nested Loop", "Parent Relationship": "Outer", "Join Type": "Inner", "Startup Cost": 0.0, "Total Cost": 496852.04, "Plan Rows": 132, "Plan Width": 59, "Actual Startup Time": 74.14, "Actual Total Time": 2103.57, "Actual Rows": 1140, "Actual Loops": 1, "Inner Unique": true, "Plans": [{"Node Type": "Nested Loop", "Parent Relationship": "Outer", "Join Type": "Inner", "Startup Cost": 0.0, "Total Cost": 496814.43, "Plan Rows": 134, "Plan Width": 63, "Actual Startup Time": 74.118, "Actual Total Time": 2096.706, "Actual Rows": 1140, "Actual Loops": 1, "Inner Unique": false, "Join Filter": "(t.id = mk.movie_id)", "Rows Removed by Join Filter": 0, "Plans": [{"Node Type": "Nested Loop", "Parent Relationship": "Outer", "Join Type": "Inner", "Startup Cost": 0.0, "Total Cost": 496804.87, "Plan Rows": 17, "Plan Width": 75, "Actual Startup Time": 74.088, "Actual Total Time": 2094.455, "Actual Rows": 119, "Actual Loops": 1, "Inner Unique": false, "Plans": [{"Node Type": "Nested Loop", "Parent Relationship": "Outer", "Join Type": "Inner", "Startup Cost": 0.0, "Total Cost": 496801.31, "Plan Rows": 10, "Plan Width": 71, "Actual Startup Time": 0.775, "Actual Total Time": 2086.57, "Actual Rows": 1488, "Actual Loops": 1, "Inner Unique": true, "Plans": [{"Node Type": "Nested Loop", "Parent Relationship": "Outer", "Join Type": "Inner", "Startup Cost": 0.0, "Total Cost": 496798.51, "Plan Rows": 10, "Plan Width": 75, "Actual Startup Time": 0.753, "Actual Total Time": 2080.671, "Actual Rows": 2647, "Actual Loops": 1, "Inner Unique": true, "Plans": [{"Node Type": "Nested Loop", "Parent Relationship": "Outer", "Join Type": "Inner", "Startup Cost": 0.0, "Total Cost": 496795.05, "Plan Rows": 12, "Plan Width": 79, "Actual Startup Time": 0.731, "Actual Total Time": 2057.834, "Actual Rows": 2884, "Actual Loops": 1, "Inner Unique": false, "Plans": [{"Node Type": "Nested Loop", "Parent Relationship": "Outer", "Join Type": "Inner", "Startup Cost": 0.0, "Total Cost": 496792.85, "Plan Rows": 6, "Plan Width": 67, "Actual Startup Time": 0.713, "Actual Total Time": 2038.054, "Actual Rows": 1782, "Actual Loops": 1, "Inner Unique": true, "Plans": [{"Node Type": "Nested Loop", "Parent Relationship": "Outer", "Join Type": "Inner", "Startup Cost": 0.0, "Total Cost": 496759.91, "Plan Rows": 4, "Plan Width": 46, "Actual Startup Time": 0.69, "Actual Total Time": 2019.351, "Actual Rows": 1783, "Actual Loops": 1, "Inner Unique": false, "Plans": [{"Node Type": "Index Scan", "Parent Relationship": "Outer", "Scan Direction": "Forward", "Index Name": "info_type_pkey", "Relation Name": "info_type", "Alias": "it1", "Startup Cost": 0.0, "Total Cost": 14.21, "Plan Rows": 1, "Plan Width": 4, "Actual Startup Time": 0.042, "Actual Total Time": 0.096, "Actual Rows": 1, "Actual Loops": 1, "Filter": "((info)::text = 'release dates'::text)", "Rows Removed by Filter": 111}, {"Node Type": "Index Scan", "Parent Relationship": "Inner", "Scan Direction": "Forward", "Index Name": "info_type_id_movie_info", "Relation Name": "movie_info", "Alias": "mi", "Startup Cost": 0.0, "Total Cost": 496745.66, "Plan Rows": 4, "Plan Width": 50, "Actual Startup Time": 0.642, "Actual Total Time": 2018.525, "Actual Rows": 1783, "Actual Loops": 1, "Index Cond": "(info_type_id = it1.id)", "Rows Removed by Index Recheck": 0, "Filter": "((info IS NOT NULL) AND ((note)::text ~~ '%internet%'::text) AND (((info)::text ~~ 'USA:% 199%'::text) OR ((info)::text ~~ 'USA:% 200%'::text)))", "Rows Removed by Filter": 3034936}]}, {"Node Type": "Index Scan", "Parent Relationship": "Inner", "Scan Direction": "Forward", "Index Name": "title_pkey", "Relation Name": "title", "Alias": "t", "Startup Cost": 0.0, "Total Cost": 8.23, "Plan Rows": 1, "Plan Width": 21, "Actual Startup Time": 16.223, "Actual Total Time": 16.223, "Actual Rows": 1782, "Actual Loops": 1783, "Index Cond": "(id = mi.movie_id)", "Rows Removed by Index Recheck": 0, "Filter": "(production_year > 1990)", "Rows Removed by Filter": 1}]}, {"Node Type": "Index Scan", "Parent Relationship": "Inner", "Scan Direction": "Forward", "Index Name": "movie_id_movie_companies", "Relation Name": "movie_companies", "Alias": "mc", "Startup Cost": 0.0, "Total Cost": 0.35, "Plan Rows": 2, "Plan Width": 12, "Actual Startup Time": 14.135, "Actual Total Time": 17.706, "Actual Rows": 2884, "Actual Loops": 1782, "Index Cond": "(movie_id = t.id)", "Rows Removed by Index Recheck": 0}]}, {"Node Type": "Index Scan", "Parent Relationship": "Inner", "Scan Direction": "Forward", "Index Name": "company_name_pkey", "Relation Name": "company_name", "Alias": "cn", "Startup Cost": 0.0, "Total Cost": 0.28, "Plan Rows": 1, "Plan Width": 4, "Actual Startup Time": 19.805, "Actual Total Time": 19.805, "Actual Rows": 2647, "Actual Loops": 2884, "Index Cond": "(id = mc.company_id)", "Rows Removed by Index Recheck": 0, "Filter": "((country_code)::text = '[us]'::text)", "Rows Removed by Filter": 237}]}, {"Node Type": "Index Scan", "Parent Relationship": "Inner", "Scan Direction": "Forward", "Index Name": "company_type_pkey", "Relation Name": "company_type", "Alias": "ct", "Startup Cost": 0.0, "Total Cost": 0.27, "Plan Rows": 1, "Plan Width": 4, "Actual Startup Time": 3.438, "Actual Total Time": 3.438, "Actual Rows": 1488, "Actual Loops": 2647, "Index Cond": "(id = mc.company_type_id)", "Rows Removed by Index Recheck": 0}]}, {"Node Type": "Index Scan", "Parent Relationship": "Inner", "Scan Direction": "Forward", "Index Name": "movie_id_aka_title", "Relation Name": "aka_title", "Alias": "at", "Startup Cost": 0.0, "Total Cost": 0.33, "Plan Rows": 3, "Plan Width": 4, "Actual Startup Time": 6.593, "Actual Total Time": 6.709, "Actual Rows": 119, "Actual Loops": 1488, "Index Cond": "(movie_id = t.id)", "Rows Removed by Index Recheck": 0}]}, {"Node Type": "Index Scan", "Parent Relationship": "Inner", "Scan Direction": "Forward", "Index Name": "movie_id_movie_keyword", "Relation Name": "movie_keyword", "Alias": "mk", "Startup Cost": 0.0, "Total Cost": 0.46, "Plan Rows": 8, "Plan Width": 8, "Actual Startup Time": 1.041, "Actual Total Time": 1.566, "Actual Rows": 1140, "Actual Loops": 119, "Index Cond": "(movie_id = mc.movie_id)", "Rows Removed by Index Recheck": 0}]}, {"Node Type": "Index Scan", "Parent Relationship": "Inner", "Scan Direction": "Forward", "Index Name": "keyword_pkey", "Relation Name": "keyword", "Alias": "k", "Startup Cost": 0.0, "Total Cost": 0.27, "Plan Rows": 1, "Plan Width": 4, "Actual Startup Time": 5.88, "Actual Total Time": 5.88, "Actual Rows": 1140, "Actual Loops": 1140, "Index Cond": "(id = mk.keyword_id)", "Rows Removed by Index Recheck": 0}]}]}, "Triggers": [], "Planner Runtime": 57.813, "Total Runtime": 2104.907, "Unique SQL Id": 2846462052}}, "(1, 46)": {"explain_plan": {"Plan": {"Node Type": "Aggregate", "Strategy": "Plain", "Startup Cost": 637516.21, "Total Cost": 637516.22, "Plan Rows": 1, "Plan Width": 123, "Plans": [{"Node Type": "Hash Join", "Parent Relationship": "Outer", "Join Type": "Inner", "Startup Cost": 558107.1, "Total Cost": 637515.54, "Plan Rows": 134, "Plan Width": 59, "Inner Unique": true, "Hash Cond": "(mk.keyword_id = k.id)", "Plans": [{"Node Type": "Hash Join", "Parent Relationship": "Outer", "Join Type": "Inner", "Startup Cost": 554329.29, "Total Cost": 633735.93, "Plan Rows": 134, "Plan Width": 63, "Inner Unique": false, "Hash Cond": "(mk.movie_id = t.id)", "Plans": [{"Node Type": "Seq Scan", "Parent Relationship": "Outer", "Relation Name": "movie_keyword", "Alias": "mk", "Startup Cost": 0.0, "Total Cost": 62441.29, "Plan Rows": 4523929, "Plan Width": 8}, {"Node Type": "Hash", "Parent Relationship": "Inner", "Startup Cost": 554329.08, "Total Cost": 554329.08, "Plan Rows": 17, "Plan Width": 75, "Plans": [{"Node Type": "Hash Join", "Parent Relationship": "Outer", "Join Type": "Inner", "Startup Cost": 481380.64, "Total Cost": 554329.08, "Plan Rows": 17, "Plan Width": 75, "Inner Unique": true, "Hash Cond": "(mc.company_type_id = ct.id)", "Plans": [{"Node Type": "Hash Join", "Parent Relationship": "Outer", "Join Type": "Inner", "Startup Cost": 481379.57, "Total Cost": 554327.78, "Plan Rows": 17, "Plan Width": 79, "Inner Unique": false, "Hash Cond": "(t.id = at.movie_id)", "Plans": [{"Node Type": "Seq Scan", "Parent Relationship": "Outer", "Relation Name": "title", "Alias": "t", "Startup Cost": 0.0, "Total Cost": 66389.89, "Plan Rows": 1748840, "Plan Width": 21, "Filter": "(production_year > 1990), (LLVM Optimized)"}, {"Node Type": "Hash", "Parent Relationship": "Inner", "Startup Cost": 481379.42, "Total Cost": 481379.42, "Plan Rows": 12, "Plan Width": 58, "Plans": [{"Node Type": "Hash Join", "Parent Relationship": "Outer", "Join Type": "Inner", "Startup Cost": 429899.22, "Total Cost": 481379.42, "Plan Rows": 12, "Plan Width": 58, "Inner Unique": false, "Hash Cond": "(mi.movie_id = at.movie_id)", "Plans": [{"Node Type": "Hash Join", "Parent Relationship": "Outer", "Join Type": "Inner", "Startup Cost": 415486.12, "Total Cost": 466965.6, "Plan Rows": 7, "Plan Width": 54, "Inner Unique": true, "Hash Cond": "(mc.company_id = cn.id)", "Plans": [{"Node Type": "Hash Join", "Parent Relationship": "Outer", "Join Type": "Inner", "Startup Cost": 408518.04, "Total Cost": 459997.38, "Plan Rows": 9, "Plan Width": 58, "Inner Unique": false, "Hash Cond": "(mc.movie_id = mi.movie_id)", "Plans": [{"Node Type": "Seq Scan", "Parent Relationship": "Outer", "Relation Name": "movie_companies", "Alias": "mc", "Startup Cost": 0.0, "Total Cost": 41817.28, "Plan Rows": 2609128, "Plan Width": 12}, {"Node Type": "Hash", "Parent Relationship": "Inner", "Startup Cost": 408517.99, "Total Cost": 408517.99, "Plan Rows": 4, "Plan Width": 46, "Plans": [{"Node Type": "Nested Loop", "Parent Relationship": "Outer", "Join Type": "Inner", "Startup Cost": 0.0, "Total Cost": 408517.99, "Plan Rows": 4, "Plan Width": 46, "Inner Unique": false, "Join Filter": "(it1.id = mi.info_type_id)", "Plans": [{"Node Type": "Seq Scan", "Parent Relationship": "Outer", "Relation Name": "info_type", "Alias": "it1", "Startup Cost": 0.0, "Total Cost": 2.4, "Plan Rows": 1, "Plan Width": 4, "Filter": "((info)::text = 'release dates'::text)"}, {"Node Type": "Seq Scan", "Parent Relationship": "Inner", "Relation Name": "movie_info", "Alias": "mi", "Startup Cost": 0.0, "Total Cost": 408512.41, "Plan Rows": 255, "Plan Width": 50, "Filter": "((info IS NOT NULL) AND ((note)::text ~~ '%internet%'::text) AND (((info)::text ~~ 'USA:% 199%'::text) OR ((info)::text ~~ 'USA:% 200%'::text)))"}]}]}]}, {"Node Type": "Hash", "Parent Relationship": "Inner", "Startup Cost": 5903.45, "Total Cost": 5903.45, "Plan Rows": 85170, "Plan Width": 4, "Plans": [{"Node Type": "Seq Scan", "Parent Relationship": "Outer", "Relation Name": "company_name", "Alias": "cn", "Startup Cost": 0.0, "Total Cost": 5903.45, "Plan Rows": 85170, "Plan Width": 4, "Filter": "((country_code)::text = '[us]'::text)"}]}]}, {"Node Type": "Hash", "Parent Relationship": "Inner", "Startup Cost": 9894.71, "Total Cost": 9894.71, "Plan Rows": 361471, "Plan Width": 4, "Plans": [{"Node Type": "Seq Scan", "Parent Relationship": "Outer", "Relation Name": "aka_title", "Alias": "at", "Startup Cost": 0.0, "Total Cost": 9894.71, "Plan Rows": 361471, "Plan Width": 4}]}]}]}]}, {"Node Type": "Hash", "Parent Relationship": "Inner", "Startup Cost": 1.03, "Total Cost": 1.03, "Plan Rows": 3, "Plan Width": 4, "Plans": [{"Node Type": "Seq Scan", "Parent Relationship": "Outer", "Relation Name": "company_type", "Alias": "ct", "Startup Cost": 0.0, "Total Cost": 1.03, "Plan Rows": 3, "Plan Width": 4}]}]}]}]}, {"Node Type": "Hash", "Parent Relationship": "Inner", "Startup Cost": 2100.69, "Total Cost": 2100.69, "Plan Rows": 134169, "Plan Width": 4, "Plans": [{"Node Type": "Seq Scan", "Parent Relationship": "Outer", "Relation Name": "keyword", "Alias": "k", "Startup Cost": 0.0, "Total Cost": 2100.69, "Plan Rows": 134169, "Plan Width": 4}]}]}]}, "Unique SQL Id": 2846462052}, "explain_analyze_plan": null}, "(1, 47)": {"explain_plan": {"Plan": {"Node Type": "Aggregate", "Strategy": "Plain", "Startup Cost": 9000156178034.72, "Total Cost": 9000156178034.73, "Plan Rows": 1, "Plan Width": 123, "Plans": [{"Node Type": "Nested Loop", "Parent Relationship": "Outer", "Join Type": "Inner", "Startup Cost": 90000000000.0, "Total Cost": 9000156178034.05, "Plan Rows": 134, "Plan Width": 59, "Inner Unique": false, "Join Filter": "(t.id = at.movie_id)", "Plans": [{"Node Type": "Index Scan", "Parent Relationship": "Outer", "Scan Direction": "Forward", "Index Name": "movie_id_aka_title", "Relation Name": "aka_title", "Alias": "at", "Startup Cost": 10000000000.0, "Total Cost": 1000001990001.13, "Plan Rows": 361471, "Plan Width": 4}, {"Node Type": "Materialize", "Parent Relationship": "Inner", "Startup Cost": 80000000000.0, "Total Cost": 8000153759689.98, "Plan Rows": 79, "Plan Width": 75, "Plans": [{"Node Type": "Nested Loop", "Parent Relationship": "Outer", "Join Type": "Inner", "Startup Cost": 80000000000.0, "Total Cost": 8000153759689.58, "Plan Rows": 79, "Plan Width": 75, "Inner Unique": true, "Join Filter": "(mk.keyword_id = k.id)", "Plans": [{"Node Type": "Nested Loop", "Parent Relationship": "Outer", "Join Type": "Inner", "Startup Cost": 70000000000.0, "Total Cost": 7000153315634.46, "Plan Rows": 79, "Plan Width": 79, "Inner Unique": false, "Join Filter": "(t.id = mk.movie_id)", "Plans": [{"Node Type": "Index Scan", "Parent Relationship": "Outer", "Scan Direction": "Forward", "Index Name": "movie_id_movie_keyword", "Relation Name": "movie_keyword", "Alias": "mk", "Startup Cost": 10000000000.0, "Total Cost": 1000015300634.17, "Plan Rows": 4523929, "Plan Width": 8}, {"Node Type": "Materialize", "Parent Relationship": "Inner", "Startup Cost": 60000000000.0, "Total Cost": 6000137336410.97, "Plan Rows": 10, "Plan Width": 71, "Plans": [{"Node Type": "Nested Loop", "Parent Relationship": "Outer", "Join Type": "Inner", "Startup Cost": 60000000000.0, "Total Cost": 6000137336410.92, "Plan Rows": 10, "Plan Width": 71, "Inner Unique": true, "Join Filter": "(mc.company_type_id = ct.id)", "Plans": [{"Node Type": "Nested Loop", "Parent Relationship": "Outer", "Join Type": "Inner", "Startup Cost": 50000000000.0, "Total Cost": 5000137335180.96, "Plan Rows": 10, "Plan Width": 75, "Inner Unique": false, "Join Filter": "(mi.movie_id = t.id)", "Plans": [{"Node Type": "Index Scan", "Parent Relationship": "Outer", "Scan Direction": "Forward", "Index Name": "title_pkey", "Relation Name": "title", "Alias": "t", "Startup Cost": 10000000000.0, "Total Cost": 1000011644126.66, "Plan Rows": 1748840, "Plan Width": 21, "Filter": "(production_year > 1990), (LLVM Optimized)"}, {"Node Type": "Materialize", "Parent Relationship": "Inner", "Startup Cost": 40000000000.0, "Total Cost": 4000125507426.11, "Plan Rows": 7, "Plan Width": 54, "Plans": [{"Node Type": "Nested Loop", "Parent Relationship": "Outer", "Join Type": "Inner", "Startup Cost": 40000000000.0, "Total Cost": 4000125507426.08, "Plan Rows": 7, "Plan Width": 54, "Inner Unique": true, "Join Filter": "(mc.company_id = cn.id)", "Plans": [{"Node Type": "Nested Loop", "Parent Relationship": "Outer", "Join Type": "Inner", "Startup Cost": 30000000000.0, "Total Cost": 3000124445576.23, "Plan Rows": 9, "Plan Width": 58, "Inner Unique": false, "Join Filter": "(mi.movie_id = mc.movie_id)", "Plans": [{"Node Type": "Index Scan", "Parent Relationship": "Outer", "Scan Direction": "Forward", "Index Name": "company_type_id_movie_companies", "Relation Name": "movie_companies", "Alias": "mc", "Startup Cost": 10000000000.0, "Total Cost": 1000009318217.0, "Plan Rows": 2609128, "Plan Width": 12}, {"Node Type": "Materialize", "Parent Relationship": "Inner", "Startup Cost": 20000000000.0, "Total Cost": 2000114970811.56, "Plan Rows": 4, "Plan Width": 46, "Plans": [{"Node Type": "Nested Loop", "Parent Relationship": "Outer", "Join Type": "Inner", "Startup Cost": 20000000000.0, "Total Cost": 2000114970811.54, "Plan Rows": 4, "Plan Width": 46, "Inner Unique": true, "Join Filter": "(it1.id = mi.info_type_id)", "Plans": [{"Node Type": "Index Scan", "Parent Relationship": "Outer", "Scan Direction": "Forward", "Index Name": "movie_id_movie_info", "Relation Name": "movie_info", "Alias": "mi", "Startup Cost": 10000000000.0, "Total Cost": 1000114969386.72, "Plan Rows": 255, "Plan Width": 50, "Filter": "((info IS NOT NULL) AND ((note)::text ~~ '%internet%'::text) AND (((info)::text ~~ 'USA:% 199%'::text) OR ((info)::text ~~ 'USA:% 200%'::text)))"}, {"Node Type": "Materialize", "Parent Relationship": "Inner", "Startup Cost": 10000000000.0, "Total Cost": 1000000001421.0, "Plan Rows": 1, "Plan Width": 4, "Plans": [{"Node Type": "Index Scan", "Parent Relationship": "Outer", "Scan Direction": "Forward", "Index Name": "info_type_pkey", "Relation Name": "info_type", "Alias": "it1", "Startup Cost": 10000000000.0, "Total Cost": 1000000001421.0, "Plan Rows": 1, "Plan Width": 4, "Filter": "((info)::text = 'release dates'::text)"}]}]}]}]}, {"Node Type": "Materialize", "Parent Relationship": "Inner", "Startup Cost": 10000000000.0, "Total Cost": 1000001050564.82, "Plan Rows": 85170, "Plan Width": 4, "Plans": [{"Node Type": "Index Scan", "Parent Relationship": "Outer", "Scan Direction": "Forward", "Index Name": "company_name_pkey", "Relation Name": "company_name", "Alias": "cn", "Startup Cost": 10000000000.0, "Total Cost": 1000001050138.97, "Plan Rows": 85170, "Plan Width": 4, "Filter": "((country_code)::text = '[us]'::text)"}]}]}]}]}, {"Node Type": "Materialize", "Parent Relationship": "Inner", "Startup Cost": 10000000000.0, "Total Cost": 1000000001229.52, "Plan Rows": 3, "Plan Width": 4, "Plans": [{"Node Type": "Index Scan", "Parent Relationship": "Outer", "Scan Direction": "Forward", "Index Name": "company_type_pkey", "Relation Name": "company_type", "Alias": "ct", "Startup Cost": 10000000000.0, "Total Cost": 1000000001229.5, "Plan Rows": 3, "Plan Width": 4}]}]}]}]}, {"Node Type": "Materialize", "Parent Relationship": "Inner", "Startup Cost": 10000000000.0, "Total Cost": 1000000285400.28, "Plan Rows": 134169, "Plan Width": 4, "Plans": [{"Node Type": "Index Scan", "Parent Relationship": "Outer", "Scan Direction": "Forward", "Index Name": "keyword_pkey", "Relation Name": "keyword", "Alias": "k", "Startup Cost": 10000000000.0, "Total Cost": 1000000284729.43, "Plan Rows": 134169, "Plan Width": 4}]}]}]}]}]}, "Unique SQL Id": 2846462052}, "explain_analyze_plan": null}, "(1, 48)": {"explain_plan": {"Plan": {"Node Type": "Aggregate", "Strategy": "Plain", "Startup Cost": 165015.59, "Total Cost": 165015.6, "Plan Rows": 1, "Plan Width": 123, "Plans": [{"Node Type": "Nested Loop", "Parent Relationship": "Outer", "Join Type": "Inner", "Startup Cost": 4841.46, "Total Cost": 165014.93, "Plan Rows": 132, "Plan Width": 59, "Inner Unique": false, "Plans": [{"Node Type": "Nested Loop", "Parent Relationship": "Outer", "Join Type": "Inner", "Startup Cost": 4841.46, "Total Cost": 164999.88, "Plan Rows": 44, "Plan Width": 75, "Inner Unique": true, "Plans": [{"Node Type": "Nested Loop", "Parent Relationship": "Outer", "Join Type": "Inner", "Startup Cost": 4841.46, "Total Cost": 164987.56, "Plan Rows": 44, "Plan Width": 79, "Inner Unique": false, "Join Filter": "(t.id = mk.movie_id)", "Plans": [{"Node Type": "Nested Loop", "Parent Relationship": "Outer", "Join Type": "Inner", "Startup Cost": 4841.46, "Total Cost": 164984.18, "Plan Rows": 6, "Plan Width": 71, "Inner Unique": true, "Plans": [{"Node Type": "Nested Loop", "Parent Relationship": "Outer", "Join Type": "Inner", "Startup Cost": 4841.46, "Total Cost": 164981.02, "Plan Rows": 11, "Plan Width": 75, "Inner Unique": true, "Join Filter": "(mc.company_type_id = ct.id)", "Plans": [{"Node Type": "Nested Loop", "Parent Relationship": "Outer", "Join Type": "Inner", "Startup Cost": 4841.46, "Total Cost": 164979.44, "Plan Rows": 12, "Plan Width": 79, "Inner Unique": false, "Plans": [{"Node Type": "Nested Loop", "Parent Relationship": "Outer", "Join Type": "Inner", "Startup Cost": 4841.46, "Total Cost": 164977.23, "Plan Rows": 6, "Plan Width": 67, "Inner Unique": true, "Plans": [{"Node Type": "Nested Loop", "Parent Relationship": "Outer", "Join Type": "Inner", "Startup Cost": 4841.46, "Total Cost": 164944.29, "Plan Rows": 4, "Plan Width": 46, "Inner Unique": false, "Plans": [{"Node Type": "Seq Scan", "Parent Relationship": "Outer", "Relation Name": "info_type", "Alias": "it1", "Startup Cost": 0.0, "Total Cost": 2.4, "Plan Rows": 1, "Plan Width": 4, "Filter": "((info)::text = 'release dates'::text)"}, {"Node Type": "Bitmap Heap Scan", "Parent Relationship": "Inner", "Relation Name": "movie_info", "Alias": "mi", "Startup Cost": 4841.46, "Total Cost": 164941.85, "Plan Rows": 4, "Plan Width": 50, "Recheck Cond": "(info_type_id = it1.id)", "Filter": "((info IS NOT NULL) AND ((note)::text ~~ '%internet%'::text) AND (((info)::text ~~ 'USA:% 199%'::text) OR ((info)::text ~~ 'USA:% 200%'::text)))", "Plans": [{"Node Type": "Bitmap Index Scan", "Parent Relationship": "Outer", "Index Name": "info_type_id_movie_info", "Startup Cost": 0.0, "Total Cost": 4841.46, "Plan Rows": 212428, "Plan Width": 0, "Index Cond": "(info_type_id = it1.id)"}]}]}, {"Node Type": "Index Scan", "Parent Relationship": "Inner", "Scan Direction": "Forward", "Index Name": "title_pkey", "Relation Name": "title", "Alias": "t", "Startup Cost": 0.0, "Total Cost": 8.23, "Plan Rows": 1, "Plan Width": 21, "Index Cond": "(id = mi.movie_id)", "Filter": "(production_year > 1990)"}]}, {"Node Type": "Index Scan", "Parent Relationship": "Inner", "Scan Direction": "Forward", "Index Name": "movie_id_movie_companies", "Relation Name": "movie_companies", "Alias": "mc", "Startup Cost": 0.0, "Total Cost": 0.35, "Plan Rows": 2, "Plan Width": 12, "Index Cond": "(movie_id = t.id)"}]}, {"Node Type": "Materialize", "Parent Relationship": "Inner", "Startup Cost": 0.0, "Total Cost": 1.04, "Plan Rows": 3, "Plan Width": 4, "Plans": [{"Node Type": "Seq Scan", "Parent Relationship": "Outer", "Relation Name": "company_type", "Alias": "ct", "Startup Cost": 0.0, "Total Cost": 1.03, "Plan Rows": 3, "Plan Width": 4}]}]}, {"Node Type": "Index Scan", "Parent Relationship": "Inner", "Scan Direction": "Forward", "Index Name": "company_name_pkey", "Relation Name": "company_name", "Alias": "cn", "Startup Cost": 0.0, "Total Cost": 0.28, "Plan Rows": 1, "Plan Width": 4, "Index Cond": "(id = mc.company_id)", "Filter": "((country_code)::text = '[us]'::text)"}]}, {"Node Type": "Index Scan", "Parent Relationship": "Inner", "Scan Direction": "Forward", "Index Name": "movie_id_movie_keyword", "Relation Name": "movie_keyword", "Alias": "mk", "Startup Cost": 0.0, "Total Cost": 0.46, "Plan Rows": 8, "Plan Width": 8, "Index Cond": "(movie_id = mc.movie_id)"}]}, {"Node Type": "Index Only Scan", "Parent Relationship": "Inner", "Scan Direction": "Forward", "Index Name": "keyword_pkey", "Relation Name": "keyword", "Alias": "k", "Startup Cost": 0.0, "Total Cost": 0.27, "Plan Rows": 1, "Plan Width": 4, "Index Cond": "(id = mk.keyword_id)"}]}, {"Node Type": "Index Only Scan", "Parent Relationship": "Inner", "Scan Direction": "Forward", "Index Name": "movie_id_aka_title", "Relation Name": "aka_title", "Alias": "at", "Startup Cost": 0.0, "Total Cost": 0.31, "Plan Rows": 3, "Plan Width": 4, "Index Cond": "(movie_id = t.id)"}]}]}, "Unique SQL Id": 2846462052}, "explain_analyze_plan": {"Plan": {"Node Type": "Aggregate", "Strategy": "Plain", "Startup Cost": 165015.59, "Total Cost": 165015.6, "Plan Rows": 1, "Plan Width": 123, "Actual Startup Time": 1797.846, "Actual Total Time": 1797.846, "Actual Rows": 1, "Actual Loops": 1, "Plans": [{"Node Type": "Nested Loop", "Parent Relationship": "Outer", "Join Type": "Inner", "Startup Cost": 4841.46, "Total Cost": 165014.93, "Plan Rows": 132, "Plan Width": 59, "Actual Startup Time": 488.087, "Actual Total Time": 1796.957, "Actual Rows": 1140, "Actual Loops": 1, "Inner Unique": false, "Plans": [{"Node Type": "Nested Loop", "Parent Relationship": "Outer", "Join Type": "Inner", "Startup Cost": 4841.46, "Total Cost": 164999.88, "Plan Rows": 44, "Plan Width": 75, "Actual Startup Time": 444.569, "Actual Total Time": 1783.709, "Actual Rows": 4808, "Actual Loops": 1, "Inner Unique": true, "Plans": [{"Node Type": "Nested Loop", "Parent Relationship": "Outer", "Join Type": "Inner", "Startup Cost": 4841.46, "Total Cost": 164987.56, "Plan Rows": 44, "Plan Width": 79, "Actual Startup Time": 444.556, "Actual Total Time": 1766.193, "Actual Rows": 4808, "Actual Loops": 1, "Inner Unique": false, "Join Filter": "(t.id = mk.movie_id)", "Rows Removed by Join Filter": 0, "Plans": [{"Node Type": "Nested Loop", "Parent Relationship": "Outer", "Join Type": "Inner", "Startup Cost": 4841.46, "Total Cost": 164984.18, "Plan Rows": 6, "Plan Width": 71, "Actual Startup Time": 444.53, "Actual Total Time": 1753.372, "Actual Rows": 1488, "Actual Loops": 1, "Inner Unique": true, "Plans": [{"Node Type": "Nested Loop", "Parent Relationship": "Outer", "Join Type": "Inner", "Startup Cost": 4841.46, "Total Cost": 164981.02, "Plan Rows": 11, "Plan Width": 75, "Actual Startup Time": 444.513, "Actual Total Time": 1741.787, "Actual Rows": 1599, "Actual Loops": 1, "Inner Unique": true, "Join Filter": "(mc.company_type_id = ct.id)", "Rows Removed by Join Filter": 3855, "Plans": [{"Node Type": "Nested Loop", "Parent Relationship": "Outer", "Join Type": "Inner", "Startup Cost": 4841.46, "Total Cost": 164979.44, "Plan Rows": 12, "Plan Width": 79, "Actual Startup Time": 444.477, "Actual Total Time": 1738.708, "Actual Rows": 2884, "Actual Loops": 1, "Inner Unique": false, "Plans": [{"Node Type": "Nested Loop", "Parent Relationship": "Outer", "Join Type": "Inner", "Startup Cost": 4841.46, "Total Cost": 164977.23, "Plan Rows": 6, "Plan Width": 67, "Actual Startup Time": 444.462, "Actual Total Time": 1724.47, "Actual Rows": 1782, "Actual Loops": 1, "Inner Unique": true, "Plans": [{"Node Type": "Nested Loop", "Parent Relationship": "Outer", "Join Type": "Inner", "Startup Cost": 4841.46, "Total Cost": 164944.29, "Plan Rows": 4, "Plan Width": 46, "Actual Startup Time": 444.414, "Actual Total Time": 1710.242, "Actual Rows": 1783, "Actual Loops": 1, "Inner Unique": false, "Plans": [{"Node Type": "Seq Scan", "Parent Relationship": "Outer", "Relation Name": "info_type", "Alias": "it1", "Startup Cost": 0.0, "Total Cost": 2.4, "Plan Rows": 1, "Plan Width": 4, "Actual Startup Time": 0.056, "Actual Total Time": 0.087, "Actual Rows": 1, "Actual Loops": 1, "Filter": "((info)::text = 'release dates'::text)", "Rows Removed by Filter": 111}, {"Node Type": "Bitmap Heap Scan", "Parent Relationship": "Inner", "Relation Name": "movie_info", "Alias": "mi", "Startup Cost": 4841.46, "Total Cost": 164941.85, "Plan Rows": 4, "Plan Width": 50, "Actual Startup Time": 444.351, "Actual Total Time": 1709.571, "Actual Rows": 1783, "Actual Loops": 1, "Recheck Cond": "(info_type_id = it1.id)", "Rows Removed by Index Recheck": 0, "Filter": "((info IS NOT NULL) AND ((note)::text ~~ '%internet%'::text) AND (((info)::text ~~ 'USA:% 199%'::text) OR ((info)::text ~~ 'USA:% 200%'::text)))", "Rows Removed by Filter": 3034936, "Exact Heap Blocks": 21947, "Lossy Heap Blocks": 21947, "Plans": [{"Node Type": "Bitmap Index Scan", "Parent Relationship": "Outer", "Index Name": "info_type_id_movie_info", "Startup Cost": 0.0, "Total Cost": 4841.46, "Plan Rows": 212428, "Plan Width": 0, "Actual Startup Time": 439.081, "Actual Total Time": 439.081, "Actual Rows": 3036719, "Actual Loops": 1, "Index Cond": "(info_type_id = it1.id)"}]}]}, {"Node Type": "Index Scan", "Parent Relationship": "Inner", "Scan Direction": "Forward", "Index Name": "title_pkey", "Relation Name": "title", "Alias": "t", "Startup Cost": 0.0, "Total Cost": 8.23, "Plan Rows": 1, "Plan Width": 21, "Actual Startup Time": 11.88, "Actual Total Time": 11.88, "Actual Rows": 1782, "Actual Loops": 1783, "Index Cond": "(id = mi.movie_id)", "Rows Removed by Index Recheck": 0, "Filter": "(production_year > 1990)", "Rows Removed by Filter": 1}]}, {"Node Type": "Index Scan", "Parent Relationship": "Inner", "Scan Direction": "Forward", "Index Name": "movie_id_movie_companies", "Relation Name": "movie_companies", "Alias": "mc", "Startup Cost": 0.0, "Total Cost": 0.35, "Plan Rows": 2, "Plan Width": 12, "Actual Startup Time": 9.66, "Actual Total Time": 12.255, "Actual Rows": 2884, "Actual Loops": 1782, "Index Cond": "(movie_id = t.id)", "Rows Removed by Index Recheck": 0}]}, {"Node Type": "Materialize", "Parent Relationship": "Inner", "Startup Cost": 0.0, "Total Cost": 1.04, "Plan Rows": 3, "Plan Width": 4, "Actual Startup Time": 0.444, "Actual Total Time": 0.803, "Actual Rows": 5454, "Actual Loops": 2884, "Plans": [{"Node Type": "Seq Scan", "Parent Relationship": "Outer", "Relation Name": "company_type", "Alias": "ct", "Startup Cost": 0.0, "Total Cost": 1.03, "Plan Rows": 3, "Plan Width": 4, "Actual Startup Time": 0.01, "Actual Total Time": 0.012, "Actual Rows": 3, "Actual Loops": 1}]}]}, {"Node Type": "Index Scan", "Parent Relationship": "Inner", "Scan Direction": "Forward", "Index Name": "company_name_pkey", "Relation Name": "company_name", "Alias": "cn", "Startup Cost": 0.0, "Total Cost": 0.28, "Plan Rows": 1, "Plan Width": 4, "Actual Startup Time": 9.671, "Actual Total Time": 9.671, "Actual Rows": 1488, "Actual Loops": 1599, "Index Cond": "(id = mc.company_id)", "Rows Removed by Index Recheck": 0, "Filter": "((country_code)::text = '[us]'::text)", "Rows Removed by Filter": 111}]}, {"Node Type": "Index Scan", "Parent Relationship": "Inner", "Scan Direction": "Forward", "Index Name": "movie_id_movie_keyword", "Relation Name": "movie_keyword", "Alias": "mk", "Startup Cost": 0.0, "Total Cost": 0.46, "Plan Rows": 8, "Plan Width": 8, "Actual Startup Time": 7.416, "Actual Total Time": 9.785, "Actual Rows": 4808, "Actual Loops": 1488, "Index Cond": "(movie_id = mc.movie_id)", "Rows Removed by Index Recheck": 0}]}, {"Node Type": "Index Only Scan", "Parent Relationship": "Inner", "Scan Direction": "Forward", "Index Name": "keyword_pkey", "Relation Name": "keyword", "Alias": "k", "Startup Cost": 0.0, "Total Cost": 0.27, "Plan Rows": 1, "Plan Width": 4, "Actual Startup Time": 13.937, "Actual Total Time": 13.937, "Actual Rows": 4808, "Actual Loops": 4808, "Index Cond": "(id = mk.keyword_id)", "Rows Removed by Index Recheck": 0, "Heap Fetches": 0}]}, {"Node Type": "Index Only Scan", "Parent Relationship": "Inner", "Scan Direction": "Forward", "Index Name": "movie_id_aka_title", "Relation Name": "aka_title", "Alias": "at", "Startup Cost": 0.0, "Total Cost": 0.31, "Plan Rows": 3, "Plan Width": 4, "Actual Startup Time": 10.205, "Actual Total Time": 10.512, "Actual Rows": 1140, "Actual Loops": 4808, "Index Cond": "(movie_id = t.id)", "Rows Removed by Index Recheck": 0, "Heap Fetches": 0}]}]}, "Triggers": [], "Planner Runtime": 29.373, "Total Runtime": 1798.451, "Unique SQL Id": 2846462052}}, "(1, 49)": {"explain_plan": {"Plan": {"Node Type": "Aggregate", "Strategy": "Plain", "Startup Cost": 165028.91, "Total Cost": 165028.92, "Plan Rows": 1, "Plan Width": 123, "Plans": [{"Node Type": "Nested Loop", "Parent Relationship": "Outer", "Join Type": "Inner", "Startup Cost": 4841.46, "Total Cost": 165028.25, "Plan Rows": 132, "Plan Width": 59, "Inner Unique": false, "Plans": [{"Node Type": "Nested Loop", "Parent Relationship": "Outer", "Join Type": "Inner", "Startup Cost": 4841.46, "Total Cost": 165013.2, "Plan Rows": 44, "Plan Width": 75, "Inner Unique": true, "Plans": [{"Node Type": "Nested Loop", "Parent Relationship": "Outer", "Join Type": "Inner", "Startup Cost": 4841.46, "Total Cost": 165000.88, "Plan Rows": 44, "Plan Width": 79, "Inner Unique": false, "Join Filter": "(t.id = mk.movie_id)", "Plans": [{"Node Type": "Nested Loop", "Parent Relationship": "Outer", "Join Type": "Inner", "Startup Cost": 4841.46, "Total Cost": 164997.5, "Plan Rows": 6, "Plan Width": 71, "Inner Unique": true, "Plans": [{"Node Type": "Nested Loop", "Parent Relationship": "Outer", "Join Type": "Inner", "Startup Cost": 4841.46, "Total Cost": 164994.7, "Plan Rows": 10, "Plan Width": 75, "Inner Unique": true, "Plans": [{"Node Type": "Nested Loop", "Parent Relationship": "Outer", "Join Type": "Inner", "Startup Cost": 4841.46, "Total Cost": 164991.25, "Plan Rows": 12, "Plan Width": 79, "Inner Unique": false, "Plans": [{"Node Type": "Nested Loop", "Parent Relationship": "Outer", "Join Type": "Inner", "Startup Cost": 4841.46, "Total Cost": 164989.04, "Plan Rows": 6, "Plan Width": 67, "Inner Unique": true, "Plans": [{"Node Type": "Nested Loop", "Parent Relationship": "Outer", "Join Type": "Inner", "Startup Cost": 4841.46, "Total Cost": 164956.1, "Plan Rows": 4, "Plan Width": 46, "Inner Unique": false, "Plans": [{"Node Type": "Index Scan", "Parent Relationship": "Outer", "Scan Direction": "Forward", "Index Name": "info_type_pkey", "Relation Name": "info_type", "Alias": "it1", "Startup Cost": 0.0, "Total Cost": 14.21, "Plan Rows": 1, "Plan Width": 4, "Filter": "((info)::text = 'release dates'::text)"}, {"Node Type": "Bitmap Heap Scan", "Parent Relationship": "Inner", "Relation Name": "movie_info", "Alias": "mi", "Startup Cost": 4841.46, "Total Cost": 164941.85, "Plan Rows": 4, "Plan Width": 50, "Recheck Cond": "(info_type_id = it1.id)", "Filter": "((info IS NOT NULL) AND ((note)::text ~~ '%internet%'::text) AND (((info)::text ~~ 'USA:% 199%'::text) OR ((info)::text ~~ 'USA:% 200%'::text)))", "Plans": [{"Node Type": "Bitmap Index Scan", "Parent Relationship": "Outer", "Index Name": "info_type_id_movie_info", "Startup Cost": 0.0, "Total Cost": 4841.46, "Plan Rows": 212428, "Plan Width": 0, "Index Cond": "(info_type_id = it1.id)"}]}]}, {"Node Type": "Index Scan", "Parent Relationship": "Inner", "Scan Direction": "Forward", "Index Name": "title_pkey", "Relation Name": "title", "Alias": "t", "Startup Cost": 0.0, "Total Cost": 8.23, "Plan Rows": 1, "Plan Width": 21, "Index Cond": "(id = mi.movie_id)", "Filter": "(production_year > 1990)"}]}, {"Node Type": "Index Scan", "Parent Relationship": "Inner", "Scan Direction": "Forward", "Index Name": "movie_id_movie_companies", "Relation Name": "movie_companies", "Alias": "mc", "Startup Cost": 0.0, "Total Cost": 0.35, "Plan Rows": 2, "Plan Width": 12, "Index Cond": "(movie_id = t.id)"}]}, {"Node Type": "Index Scan", "Parent Relationship": "Inner", "Scan Direction": "Forward", "Index Name": "company_name_pkey", "Relation Name": "company_name", "Alias": "cn", "Startup Cost": 0.0, "Total Cost": 0.28, "Plan Rows": 1, "Plan Width": 4, "Index Cond": "(id = mc.company_id)", "Filter": "((country_code)::text = '[us]'::text)"}]}, {"Node Type": "Index Only Scan", "Parent Relationship": "Inner", "Scan Direction": "Forward", "Index Name": "company_type_pkey", "Relation Name": "company_type", "Alias": "ct", "Startup Cost": 0.0, "Total Cost": 0.27, "Plan Rows": 1, "Plan Width": 4, "Index Cond": "(id = mc.company_type_id)"}]}, {"Node Type": "Index Scan", "Parent Relationship": "Inner", "Scan Direction": "Forward", "Index Name": "movie_id_movie_keyword", "Relation Name": "movie_keyword", "Alias": "mk", "Startup Cost": 0.0, "Total Cost": 0.46, "Plan Rows": 8, "Plan Width": 8, "Index Cond": "(movie_id = mc.movie_id)"}]}, {"Node Type": "Index Only Scan", "Parent Relationship": "Inner", "Scan Direction": "Forward", "Index Name": "keyword_pkey", "Relation Name": "keyword", "Alias": "k", "Startup Cost": 0.0, "Total Cost": 0.27, "Plan Rows": 1, "Plan Width": 4, "Index Cond": "(id = mk.keyword_id)"}]}, {"Node Type": "Index Only Scan", "Parent Relationship": "Inner", "Scan Direction": "Forward", "Index Name": "movie_id_aka_title", "Relation Name": "aka_title", "Alias": "at", "Startup Cost": 0.0, "Total Cost": 0.31, "Plan Rows": 3, "Plan Width": 4, "Index Cond": "(movie_id = t.id)"}]}]}, "Unique SQL Id": 2846462052}, "explain_analyze_plan": {"Plan": {"Node Type": "Aggregate", "Strategy": "Plain", "Startup Cost": 165028.91, "Total Cost": 165028.92, "Plan Rows": 1, "Plan Width": 123, "Actual Startup Time": 1843.924, "Actual Total Time": 1843.925, "Actual Rows": 1, "Actual Loops": 1, "Plans": [{"Node Type": "Nested Loop", "Parent Relationship": "Outer", "Join Type": "Inner", "Startup Cost": 4841.46, "Total Cost": 165028.25, "Plan Rows": 132, "Plan Width": 59, "Actual Startup Time": 422.786, "Actual Total Time": 1843.016, "Actual Rows": 1140, "Actual Loops": 1, "Inner Unique": false, "Plans": [{"Node Type": "Nested Loop", "Parent Relationship": "Outer", "Join Type": "Inner", "Startup Cost": 4841.46, "Total Cost": 165013.2, "Plan Rows": 44, "Plan Width": 75, "Actual Startup Time": 379.118, "Actual Total Time": 1829.334, "Actual Rows": 4808, "Actual Loops": 1, "Inner Unique": true, "Plans": [{"Node Type": "Nested Loop", "Parent Relationship": "Outer", "Join Type": "Inner", "Startup Cost": 4841.46, "Total Cost": 165000.88, "Plan Rows": 44, "Plan Width": 79, "Actual Startup Time": 379.108, "Actual Total Time": 1810.393, "Actual Rows": 4808, "Actual Loops": 1, "Inner Unique": false, "Join Filter": "(t.id = mk.movie_id)", "Rows Removed by Join Filter": 0, "Plans": [{"Node Type": "Nested Loop", "Parent Relationship": "Outer", "Join Type": "Inner", "Startup Cost": 4841.46, "Total Cost": 164997.5, "Plan Rows": 6, "Plan Width": 71, "Actual Startup Time": 379.089, "Actual Total Time": 1795.464, "Actual Rows": 1488, "Actual Loops": 1, "Inner Unique": true, "Plans": [{"Node Type": "Nested Loop", "Parent Relationship": "Outer", "Join Type": "Inner", "Startup Cost": 4841.46, "Total Cost": 164994.7, "Plan Rows": 10, "Plan Width": 75, "Actual Startup Time": 379.068, "Actual Total Time": 1790.888, "Actual Rows": 2647, "Actual Loops": 1, "Inner Unique": true, "Plans": [{"Node Type": "Nested Loop", "Parent Relationship": "Outer", "Join Type": "Inner", "Startup Cost": 4841.46, "Total Cost": 164991.25, "Plan Rows": 12, "Plan Width": 79, "Actual Startup Time": 379.049, "Actual Total Time": 1770.642, "Actual Rows": 2884, "Actual Loops": 1, "Inner Unique": false, "Plans": [{"Node Type": "Nested Loop", "Parent Relationship": "Outer", "Join Type": "Inner", "Startup Cost": 4841.46, "Total Cost": 164989.04, "Plan Rows": 6, "Plan Width": 67, "Actual Startup Time": 379.035, "Actual Total Time": 1752.802, "Actual Rows": 1782, "Actual Loops": 1, "Inner Unique": true, "Plans": [{"Node Type": "Nested Loop", "Parent Relationship": "Outer", "Join Type": "Inner", "Startup Cost": 4841.46, "Total Cost": 164956.1, "Plan Rows": 4, "Plan Width": 46, "Actual Startup Time": 378.989, "Actual Total Time": 1735.185, "Actual Rows": 1783, "Actual Loops": 1, "Inner Unique": false, "Plans": [{"Node Type": "Index Scan", "Parent Relationship": "Outer", "Scan Direction": "Forward", "Index Name": "info_type_pkey", "Relation Name": "info_type", "Alias": "it1", "Startup Cost": 0.0, "Total Cost": 14.21, "Plan Rows": 1, "Plan Width": 4, "Actual Startup Time": 0.038, "Actual Total Time": 0.094, "Actual Rows": 1, "Actual Loops": 1, "Filter": "((info)::text = 'release dates'::text)", "Rows Removed by Filter": 111}, {"Node Type": "Bitmap Heap Scan", "Parent Relationship": "Inner", "Relation Name": "movie_info", "Alias": "mi", "Startup Cost": 4841.46, "Total Cost": 164941.85, "Plan Rows": 4, "Plan Width": 50, "Actual Startup Time": 378.941, "Actual Total Time": 1734.417, "Actual Rows": 1783, "Actual Loops": 1, "Recheck Cond": "(info_type_id = it1.id)", "Rows Removed by Index Recheck": 0, "Filter": "((info IS NOT NULL) AND ((note)::text ~~ '%internet%'::text) AND (((info)::text ~~ 'USA:% 199%'::text) OR ((info)::text ~~ 'USA:% 200%'::text)))", "Rows Removed by Filter": 3034936, "Exact Heap Blocks": 21947, "Lossy Heap Blocks": 21947, "Plans": [{"Node Type": "Bitmap Index Scan", "Parent Relationship": "Outer", "Index Name": "info_type_id_movie_info", "Startup Cost": 0.0, "Total Cost": 4841.46, "Plan Rows": 212428, "Plan Width": 0, "Actual Startup Time": 373.637, "Actual Total Time": 373.637, "Actual Rows": 3036719, "Actual Loops": 1, "Index Cond": "(info_type_id = it1.id)"}]}]}, {"Node Type": "Index Scan", "Parent Relationship": "Inner", "Scan Direction": "Forward", "Index Name": "title_pkey", "Relation Name": "title", "Alias": "t", "Startup Cost": 0.0, "Total Cost": 8.23, "Plan Rows": 1, "Plan Width": 21, "Actual Startup Time": 15.172, "Actual Total Time": 15.172, "Actual Rows": 1782, "Actual Loops": 1783, "Index Cond": "(id = mi.movie_id)", "Rows Removed by Index Recheck": 0, "Filter": "(production_year > 1990)", "Rows Removed by Filter": 1}]}, {"Node Type": "Index Scan", "Parent Relationship": "Inner", "Scan Direction": "Forward", "Index Name": "movie_id_movie_companies", "Relation Name": "movie_companies", "Alias": "mc", "Startup Cost": 0.0, "Total Cost": 0.35, "Plan Rows": 2, "Plan Width": 12, "Actual Startup Time": 12.508, "Actual Total Time": 15.741, "Actual Rows": 2884, "Actual Loops": 1782, "Index Cond": "(movie_id = t.id)", "Rows Removed by Index Recheck": 0}]}, {"Node Type": "Index Scan", "Parent Relationship": "Inner", "Scan Direction": "Forward", "Index Name": "company_name_pkey", "Relation Name": "company_name", "Alias": "cn", "Startup Cost": 0.0, "Total Cost": 0.28, "Plan Rows": 1, "Plan Width": 4, "Actual Startup Time": 17.398, "Actual Total Time": 17.398, "Actual Rows": 2647, "Actual Loops": 2884, "Index Cond": "(id = mc.company_id)", "Rows Removed by Index Recheck": 0, "Filter": "((country_code)::text = '[us]'::text)", "Rows Removed by Filter": 237}]}, {"Node Type": "Index Only Scan", "Parent Relationship": "Inner", "Scan Direction": "Forward", "Index Name": "company_type_pkey", "Relation Name": "company_type", "Alias": "ct", "Startup Cost": 0.0, "Total Cost": 0.27, "Plan Rows": 1, "Plan Width": 4, "Actual Startup Time": 2.475, "Actual Total Time": 2.475, "Actual Rows": 1488, "Actual Loops": 2647, "Index Cond": "(id = mc.company_type_id)", "Rows Removed by Index Recheck": 0, "Heap Fetches": 0}]}, {"Node Type": "Index Scan", "Parent Relationship": "Inner", "Scan Direction": "Forward", "Index Name": "movie_id_movie_keyword", "Relation Name": "movie_keyword", "Alias": "mk", "Startup Cost": 0.0, "Total Cost": 0.46, "Plan Rows": 8, "Plan Width": 8, "Actual Startup Time": 9.338, "Actual Total Time": 11.795, "Actual Rows": 4808, "Actual Loops": 1488, "Index Cond": "(movie_id = mc.movie_id)", "Rows Removed by Index Recheck": 0}]}, {"Node Type": "Index Only Scan", "Parent Relationship": "Inner", "Scan Direction": "Forward", "Index Name": "keyword_pkey", "Relation Name": "keyword", "Alias": "k", "Startup Cost": 0.0, "Total Cost": 0.27, "Plan Rows": 1, "Plan Width": 4, "Actual Startup Time": 15.193, "Actual Total Time": 15.193, "Actual Rows": 4808, "Actual Loops": 4808, "Index Cond": "(id = mk.keyword_id)", "Rows Removed by Index Recheck": 0, "Heap Fetches": 0}]}, {"Node Type": "Index Only Scan", "Parent Relationship": "Inner", "Scan Direction": "Forward", "Index Name": "movie_id_aka_title", "Relation Name": "aka_title", "Alias": "at", "Startup Cost": 0.0, "Total Cost": 0.31, "Plan Rows": 3, "Plan Width": 4, "Actual Startup Time": 10.79, "Actual Total Time": 11.101, "Actual Rows": 1140, "Actual Loops": 4808, "Index Cond": "(movie_id = t.id)", "Rows Removed by Index Recheck": 0, "Heap Fetches": 0}]}]}, "Triggers": [], "Planner Runtime": 27.322, "Total Runtime": 1844.343, "Unique SQL Id": 2846462052}}, "(1, 50)": {"explain_plan": {"Plan": {"Node Type": "Aggregate", "Strategy": "Plain", "Startup Cost": 166012.09, "Total Cost": 166012.1, "Plan Rows": 1, "Plan Width": 123, "Plans": [{"Node Type": "Nested Loop", "Parent Relationship": "Outer", "Join Type": "Inner", "Startup Cost": 4846.74, "Total Cost": 166011.43, "Plan Rows": 132, "Plan Width": 59, "Inner Unique": true, "Join Filter": "(at.movie_id = t.id)", "Plans": [{"Node Type": "Nested Loop", "Parent Relationship": "Outer", "Join Type": "Inner", "Startup Cost": 4846.47, "Total Cost": 165603.56, "Plan Rows": 95, "Plan Width": 58, "Inner Unique": true, "Plans": [{"Node Type": "Nested Loop", "Parent Relationship": "Outer", "Join Type": "Inner", "Startup Cost": 4846.22, "Total Cost": 165188.37, "Plan Rows": 97, "Plan Width": 62, "Inner Unique": false, "Join Filter": "(at.movie_id = mk.movie_id)", "Plans": [{"Node Type": "Nested Loop", "Parent Relationship": "Outer", "Join Type": "Inner", "Startup Cost": 4845.88, "Total Cost": 165133.92, "Plan Rows": 12, "Plan Width": 54, "Inner Unique": true, "Join Filter": "(mc.company_type_id = ct.id)", "Plans": [{"Node Type": "Nested Loop", "Parent Relationship": "Outer", "Join Type": "Inner", "Startup Cost": 4845.88, "Total Cost": 165132.34, "Plan Rows": 12, "Plan Width": 58, "Inner Unique": true, "Plans": [{"Node Type": "Nested Loop", "Parent Relationship": "Outer", "Join Type": "Inner", "Startup Cost": 4845.62, "Total Cost": 165046.67, "Plan Rows": 20, "Plan Width": 62, "Inner Unique": false, "Plans": [{"Node Type": "Nested Loop", "Parent Relationship": "Outer", "Join Type": "Inner", "Startup Cost": 4845.25, "Total Cost": 165006.92, "Plan Rows": 9, "Plan Width": 50, "Inner Unique": false, "Plans": [{"Node Type": "Nested Loop", "Parent Relationship": "Outer", "Join Type": "Inner", "Startup Cost": 4841.46, "Total Cost": 164944.29, "Plan Rows": 4, "Plan Width": 46, "Inner Unique": false, "Plans": [{"Node Type": "Seq Scan", "Parent Relationship": "Outer", "Relation Name": "info_type", "Alias": "it1", "Startup Cost": 0.0, "Total Cost": 2.4, "Plan Rows": 1, "Plan Width": 4, "Filter": "((info)::text = 'release dates'::text)"}, {"Node Type": "Bitmap Heap Scan", "Parent Relationship": "Inner", "Relation Name": "movie_info", "Alias": "mi", "Startup Cost": 4841.46, "Total Cost": 164941.85, "Plan Rows": 4, "Plan Width": 50, "Recheck Cond": "(info_type_id = it1.id)", "Filter": "((info IS NOT NULL) AND ((note)::text ~~ '%internet%'::text) AND (((info)::text ~~ 'USA:% 199%'::text) OR ((info)::text ~~ 'USA:% 200%'::text)))", "Plans": [{"Node Type": "Bitmap Index Scan", "Parent Relationship": "Outer", "Index Name": "info_type_id_movie_info", "Startup Cost": 0.0, "Total Cost": 4841.46, "Plan Rows": 212428, "Plan Width": 0, "Index Cond": "(info_type_id = it1.id)"}]}]}, {"Node Type": "Bitmap Heap Scan", "Parent Relationship": "Inner", "Relation Name": "aka_title", "Alias": "at", "Startup Cost": 3.79, "Total Cost": 15.63, "Plan Rows": 3, "Plan Width": 4, "Recheck Cond": "(movie_id = mi.movie_id)", "Plans": [{"Node Type": "Bitmap Index Scan", "Parent Relationship": "Outer", "Index Name": "movie_id_aka_title", "Startup Cost": 0.0, "Total Cost": 3.79, "Plan Rows": 3, "Plan Width": 0, "Index Cond": "(movie_id = mi.movie_id)"}]}]}, {"Node Type": "Bitmap Heap Scan", "Parent Relationship": "Inner", "Relation Name": "movie_companies", "Alias": "mc", "Startup Cost": 0.37, "Total Cost": 4.4, "Plan Rows": 2, "Plan Width": 12, "Recheck Cond": "(movie_id = at.movie_id)", "Plans": [{"Node Type": "Bitmap Index Scan", "Parent Relationship": "Outer", "Index Name": "movie_id_movie_companies", "Startup Cost": 0.0, "Total Cost": 0.37, "Plan Rows": 2, "Plan Width": 0, "Index Cond": "(movie_id = at.movie_id)"}]}]}, {"Node Type": "Bitmap Heap Scan", "Parent Relationship": "Inner", "Relation Name": "company_name", "Alias": "cn", "Startup Cost": 0.26, "Total Cost": 4.27, "Plan Rows": 1, "Plan Width": 4, "Recheck Cond": "(id = mc.company_id)", "Filter": "((country_code)::text = '[us]'::text)", "Plans": [{"Node Type": "Bitmap Index Scan", "Parent Relationship": "Outer", "Index Name": "company_name_pkey", "Startup Cost": 0.0, "Total Cost": 0.26, "Plan Rows": 1, "Plan Width": 0, "Index Cond": "(id = mc.company_id)"}]}]}, {"Node Type": "Materialize", "Parent Relationship": "Inner", "Startup Cost": 0.0, "Total Cost": 1.04, "Plan Rows": 3, "Plan Width": 4, "Plans": [{"Node Type": "Seq Scan", "Parent Relationship": "Outer", "Relation Name": "company_type", "Alias": "ct", "Startup Cost": 0.0, "Total Cost": 1.03, "Plan Rows": 3, "Plan Width": 4}]}]}, {"Node Type": "Bitmap Heap Scan", "Parent Relationship": "Inner", "Relation Name": "movie_keyword", "Alias": "mk", "Startup Cost": 0.34, "Total Cost": 4.44, "Plan Rows": 8, "Plan Width": 8, "Recheck Cond": "(movie_id = mc.movie_id)", "Plans": [{"Node Type": "Bitmap Index Scan", "Parent Relationship": "Outer", "Index Name": "movie_id_movie_keyword", "Startup Cost": 0.0, "Total Cost": 0.34, "Plan Rows": 8, "Plan Width": 0, "Index Cond": "(movie_id = mc.movie_id)"}]}]}, {"Node Type": "Bitmap Heap Scan", "Parent Relationship": "Inner", "Relation Name": "keyword", "Alias": "k", "Startup Cost": 0.26, "Total Cost": 4.27, "Plan Rows": 1, "Plan Width": 4, "Recheck Cond": "(id = mk.keyword_id)", "Plans": [{"Node Type": "Bitmap Index Scan", "Parent Relationship": "Outer", "Index Name": "keyword_pkey", "Startup Cost": 0.0, "Total Cost": 0.26, "Plan Rows": 1, "Plan Width": 0, "Index Cond": "(id = mk.keyword_id)"}]}]}, {"Node Type": "Bitmap Heap Scan", "Parent Relationship": "Inner", "Relation Name": "title", "Alias": "t", "Startup Cost": 0.27, "Total Cost": 4.28, "Plan Rows": 1, "Plan Width": 21, "Recheck Cond": "(id = mk.movie_id)", "Filter": "(production_year > 1990)", "Plans": [{"Node Type": "Bitmap Index Scan", "Parent Relationship": "Outer", "Index Name": "title_pkey", "Startup Cost": 0.0, "Total Cost": 0.27, "Plan Rows": 1, "Plan Width": 0, "Index Cond": "(id = mk.movie_id)"}]}]}]}, "Unique SQL Id": 2846462052}, "explain_analyze_plan": {"Plan": {"Node Type": "Aggregate", "Strategy": "Plain", "Startup Cost": 166012.09, "Total Cost": 166012.1, "Plan Rows": 1, "Plan Width": 123, "Actual Startup Time": 1790.814, "Actual Total Time": 1790.814, "Actual Rows": 1, "Actual Loops": 1, "Plans": [{"Node Type": "Nested Loop", "Parent Relationship": "Outer", "Join Type": "Inner", "Startup Cost": 4846.74, "Total Cost": 166011.43, "Plan Rows": 132, "Plan Width": 59, "Actual Startup Time": 486.5, "Actual Total Time": 1789.728, "Actual Rows": 1140, "Actual Loops": 1, "Inner Unique": true, "Join Filter": "(at.movie_id = t.id)", "Rows Removed by Join Filter": 0, "Plans": [{"Node Type": "Nested Loop", "Parent Relationship": "Outer", "Join Type": "Inner", "Startup Cost": 4846.47, "Total Cost": 165603.56, "Plan Rows": 95, "Plan Width": 58, "Actual Startup Time": 486.457, "Actual Total Time": 1783.136, "Actual Rows": 1140, "Actual Loops": 1, "Inner Unique": true, "Plans": [{"Node Type": "Nested Loop", "Parent Relationship": "Outer", "Join Type": "Inner", "Startup Cost": 4846.22, "Total Cost": 165188.37, "Plan Rows": 97, "Plan Width": 62, "Actual Startup Time": 486.425, "Actual Total Time": 1775.626, "Actual Rows": 1140, "Actual Loops": 1, "Inner Unique": false, "Join Filter": "(at.movie_id = mk.movie_id)", "Rows Removed by Join Filter": 0, "Plans": [{"Node Type": "Nested Loop", "Parent Relationship": "Outer", "Join Type": "Inner", "Startup Cost": 4845.88, "Total Cost": 165133.92, "Plan Rows": 12, "Plan Width": 54, "Actual Startup Time": 486.38, "Actual Total Time": 1773.52, "Actual Rows": 119, "Actual Loops": 1, "Inner Unique": true, "Join Filter": "(mc.company_type_id = ct.id)", "Rows Removed by Join Filter": 495, "Plans": [{"Node Type": "Nested Loop", "Parent Relationship": "Outer", "Join Type": "Inner", "Startup Cost": 4845.88, "Total Cost": 165132.34, "Plan Rows": 12, "Plan Width": 58, "Actual Startup Time": 441.384, "Actual Total Time": 1773.017, "Actual Rows": 284, "Actual Loops": 1, "Inner Unique": true, "Plans": [{"Node Type": "Nested Loop", "Parent Relationship": "Outer", "Join Type": "Inner", "Startup Cost": 4845.62, "Total Cost": 165046.67, "Plan Rows": 20, "Plan Width": 62, "Actual Startup Time": 441.318, "Actual Total Time": 1769.583, "Actual Rows": 400, "Actual Loops": 1, "Inner Unique": false, "Plans": [{"Node Type": "Nested Loop", "Parent Relationship": "Outer", "Join Type": "Inner", "Startup Cost": 4845.25, "Total Cost": 165006.92, "Plan Rows": 9, "Plan Width": 50, "Actual Startup Time": 441.266, "Actual Total Time": 1767.334, "Actual Rows": 120, "Actual Loops": 1, "Inner Unique": false, "Plans": [{"Node Type": "Nested Loop", "Parent Relationship": "Outer", "Join Type": "Inner", "Startup Cost": 4841.46, "Total Cost": 164944.29, "Plan Rows": 4, "Plan Width": 46, "Actual Startup Time": 436.895, "Actual Total Time": 1756.162, "Actual Rows": 1783, "Actual Loops": 1, "Inner Unique": false, "Plans": [{"Node Type": "Seq Scan", "Parent Relationship": "Outer", "Relation Name": "info_type", "Alias": "it1", "Startup Cost": 0.0, "Total Cost": 2.4, "Plan Rows": 1, "Plan Width": 4, "Actual Startup Time": 0.048, "Actual Total Time": 0.081, "Actual Rows": 1, "Actual Loops": 1, "Filter": "((info)::text = 'release dates'::text)", "Rows Removed by Filter": 111}, {"Node Type": "Bitmap Heap Scan", "Parent Relationship": "Inner", "Relation Name": "movie_info", "Alias": "mi", "Startup Cost": 4841.46, "Total Cost": 164941.85, "Plan Rows": 4, "Plan Width": 50, "Actual Startup Time": 436.84, "Actual Total Time": 1755.401, "Actual Rows": 1783, "Actual Loops": 1, "Recheck Cond": "(info_type_id = it1.id)", "Rows Removed by Index Recheck": 0, "Filter": "((info IS NOT NULL) AND ((note)::text ~~ '%internet%'::text) AND (((info)::text ~~ 'USA:% 199%'::text) OR ((info)::text ~~ 'USA:% 200%'::text)))", "Rows Removed by Filter": 3034936, "Exact Heap Blocks": 21947, "Lossy Heap Blocks": 21947, "Plans": [{"Node Type": "Bitmap Index Scan", "Parent Relationship": "Outer", "Index Name": "info_type_id_movie_info", "Startup Cost": 0.0, "Total Cost": 4841.46, "Plan Rows": 212428, "Plan Width": 0, "Actual Startup Time": 431.065, "Actual Total Time": 431.065, "Actual Rows": 3036719, "Actual Loops": 1, "Index Cond": "(info_type_id = it1.id)"}]}]}, {"Node Type": "Bitmap Heap Scan", "Parent Relationship": "Inner", "Relation Name": "aka_title", "Alias": "at", "Startup Cost": 3.79, "Total Cost": 15.63, "Plan Rows": 3, "Plan Width": 4, "Actual Startup Time": 8.151, "Actual Total Time": 8.262, "Actual Rows": 120, "Actual Loops": 1783, "Recheck Cond": "(movie_id = mi.movie_id)", "Rows Removed by Index Recheck": 0, "Exact Heap Blocks": 120, "Lossy Heap Blocks": 120, "Plans": [{"Node Type": "Bitmap Index Scan", "Parent Relationship": "Outer", "Index Name": "movie_id_aka_title", "Startup Cost": 0.0, "Total Cost": 3.79, "Plan Rows": 3, "Plan Width": 0, "Actual Startup Time": 6.619, "Actual Total Time": 6.619, "Actual Rows": 120, "Actual Loops": 1783, "Index Cond": "(movie_id = mi.movie_id)"}]}]}, {"Node Type": "Bitmap Heap Scan", "Parent Relationship": "Inner", "Relation Name": "movie_companies", "Alias": "mc", "Startup Cost": 0.37, "Total Cost": 4.4, "Plan Rows": 2, "Plan Width": 12, "Actual Startup Time": 1.465, "Actual Total Time": 1.742, "Actual Rows": 400, "Actual Loops": 120, "Recheck Cond": "(movie_id = at.movie_id)", "Rows Removed by Index Recheck": 0, "Exact Heap Blocks": 214, "Lossy Heap Blocks": 214, "Plans": [{"Node Type": "Bitmap Index Scan", "Parent Relationship": "Outer", "Index Name": "movie_id_movie_companies", "Startup Cost": 0.0, "Total Cost": 0.37, "Plan Rows": 2, "Plan Width": 0, "Actual Startup Time": 0.843, "Actual Total Time": 0.843, "Actual Rows": 400, "Actual Loops": 120, "Index Cond": "(movie_id = at.movie_id)"}]}]}, {"Node Type": "Bitmap Heap Scan", "Parent Relationship": "Inner", "Relation Name": "company_name", "Alias": "cn", "Startup Cost": 0.26, "Total Cost": 4.27, "Plan Rows": 1, "Plan Width": 4, "Actual Startup Time": 2.704, "Actual Total Time": 2.704, "Actual Rows": 284, "Actual Loops": 400, "Recheck Cond": "(id = mc.company_id)", "Rows Removed by Index Recheck": 0, "Filter": "((country_code)::text = '[us]'::text)", "Rows Removed by Filter": 116, "Exact Heap Blocks": 400, "Lossy Heap Blocks": 400, "Plans": [{"Node Type": "Bitmap Index Scan", "Parent Relationship": "Outer", "Index Name": "company_name_pkey", "Startup Cost": 0.0, "Total Cost": 0.26, "Plan Rows": 1, "Plan Width": 0, "Actual Startup Time": 1.499, "Actual Total Time": 1.499, "Actual Rows": 400, "Actual Loops": 400, "Index Cond": "(id = mc.company_id)"}]}]}, {"Node Type": "Materialize", "Parent Relationship": "Inner", "Startup Cost": 0.0, "Total Cost": 1.04, "Plan Rows": 3, "Plan Width": 4, "Actual Startup Time": 0.101, "Actual Total Time": 0.156, "Actual Rows": 614, "Actual Loops": 284, "Plans": [{"Node Type": "Seq Scan", "Parent Relationship": "Outer", "Relation Name": "company_type", "Alias": "ct", "Startup Cost": 0.0, "Total Cost": 1.03, "Plan Rows": 3, "Plan Width": 4, "Actual Startup Time": 0.013, "Actual Total Time": 0.016, "Actual Rows": 3, "Actual Loops": 1}]}]}, {"Node Type": "Bitmap Heap Scan", "Parent Relationship": "Inner", "Relation Name": "movie_keyword", "Alias": "mk", "Startup Cost": 0.34, "Total Cost": 4.44, "Plan Rows": 8, "Plan Width": 8, "Actual Startup Time": 1.163, "Actual Total Time": 1.361, "Actual Rows": 1140, "Actual Loops": 119, "Recheck Cond": "(movie_id = mc.movie_id)", "Rows Removed by Index Recheck": 0, "Exact Heap Blocks": 91, "Lossy Heap Blocks": 91, "Plans": [{"Node Type": "Bitmap Index Scan", "Parent Relationship": "Outer", "Index Name": "movie_id_movie_keyword", "Startup Cost": 0.0, "Total Cost": 0.34, "Plan Rows": 8, "Plan Width": 0, "Actual Startup Time": 0.713, "Actual Total Time": 0.713, "Actual Rows": 1140, "Actual Loops": 119, "Index Cond": "(movie_id = mc.movie_id)"}]}]}, {"Node Type": "Bitmap Heap Scan", "Parent Relationship": "Inner", "Relation Name": "keyword", "Alias": "k", "Startup Cost": 0.26, "Total Cost": 4.27, "Plan Rows": 1, "Plan Width": 4, "Actual Startup Time": 5.839, "Actual Total Time": 5.839, "Actual Rows": 1140, "Actual Loops": 1140, "Recheck Cond": "(id = mk.keyword_id)", "Rows Removed by Index Recheck": 0, "Exact Heap Blocks": 1140, "Lossy Heap Blocks": 1140, "Plans": [{"Node Type": "Bitmap Index Scan", "Parent Relationship": "Outer", "Index Name": "keyword_pkey", "Startup Cost": 0.0, "Total Cost": 0.26, "Plan Rows": 1, "Plan Width": 0, "Actual Startup Time": 3.696, "Actual Total Time": 3.696, "Actual Rows": 1140, "Actual Loops": 1140, "Index Cond": "(id = mk.keyword_id)"}]}]}, {"Node Type": "Bitmap Heap Scan", "Parent Relationship": "Inner", "Relation Name": "title", "Alias": "t", "Startup Cost": 0.27, "Total Cost": 4.28, "Plan Rows": 1, "Plan Width": 21, "Actual Startup Time": 4.791, "Actual Total Time": 4.791, "Actual Rows": 1140, "Actual Loops": 1140, "Recheck Cond": "(id = mk.movie_id)", "Rows Removed by Index Recheck": 0, "Filter": "(production_year > 1990)", "Rows Removed by Filter": 0, "Exact Heap Blocks": 1140, "Lossy Heap Blocks": 1140, "Plans": [{"Node Type": "Bitmap Index Scan", "Parent Relationship": "Outer", "Index Name": "title_pkey", "Startup Cost": 0.0, "Total Cost": 0.27, "Plan Rows": 1, "Plan Width": 0, "Actual Startup Time": 2.873, "Actual Total Time": 2.873, "Actual Rows": 1140, "Actual Loops": 1140, "Index Cond": "(id = mk.movie_id)"}]}]}]}, "Triggers": [], "Planner Runtime": 72.792, "Total Runtime": 1791.335, "Unique SQL Id": 2846462052}}, "(1, 51)": {"explain_plan": {"Plan": {"Node Type": "Aggregate", "Strategy": "Plain", "Startup Cost": 1000002719454.35, "Total Cost": 1000002719454.36, "Plan Rows": 1, "Plan Width": 123, "Plans": [{"Node Type": "Nested Loop", "Parent Relationship": "Outer", "Join Type": "Inner", "Startup Cost": 10000000002.95, "Total Cost": 1000002719453.69, "Plan Rows": 132, "Plan Width": 59, "Inner Unique": true, "Join Filter": "(at.movie_id = t.id)", "Plans": [{"Node Type": "Nested Loop", "Parent Relationship": "Outer", "Join Type": "Inner", "Startup Cost": 10000000002.69, "Total Cost": 1000002719045.82, "Plan Rows": 95, "Plan Width": 58, "Inner Unique": true, "Plans": [{"Node Type": "Nested Loop", "Parent Relationship": "Outer", "Join Type": "Inner", "Startup Cost": 10000000002.43, "Total Cost": 1000002718630.63, "Plan Rows": 97, "Plan Width": 62, "Inner Unique": false, "Join Filter": "(at.movie_id = mk.movie_id)", "Plans": [{"Node Type": "Nested Loop", "Parent Relationship": "Outer", "Join Type": "Inner", "Startup Cost": 10000000002.09, "Total Cost": 1000002718576.18, "Plan Rows": 12, "Plan Width": 54, "Inner Unique": true, "Plans": [{"Node Type": "Nested Loop", "Parent Relationship": "Outer", "Join Type": "Inner", "Startup Cost": 10000000001.84, "Total Cost": 1000002718524.81, "Plan Rows": 12, "Plan Width": 58, "Inner Unique": true, "Plans": [{"Node Type": "Nested Loop", "Parent Relationship": "Outer", "Join Type": "Inner", "Startup Cost": 10000000001.58, "Total Cost": 1000002718439.15, "Plan Rows": 20, "Plan Width": 62, "Inner Unique": false, "Plans": [{"Node Type": "Nested Loop", "Parent Relationship": "Outer", "Join Type": "Inner", "Startup Cost": 10000000001.21, "Total Cost": 1000002718399.4, "Plan Rows": 9, "Plan Width": 50, "Inner Unique": true, "Plans": [{"Node Type": "Nested Loop", "Parent Relationship": "Outer", "Join Type": "Inner", "Startup Cost": 10000000000.92, "Total Cost": 1000002715586.59, "Plan Rows": 652, "Plan Width": 54, "Inner Unique": false, "Plans": [{"Node Type": "Index Only Scan", "Parent Relationship": "Outer", "Scan Direction": "Forward", "Index Name": "movie_id_aka_title", "Relation Name": "aka_title", "Alias": "at", "Startup Cost": 10000000000.0, "Total Cost": 1000000898631.5, "Plan Rows": 361471, "Plan Width": 4}, {"Node Type": "Bitmap Heap Scan", "Parent Relationship": "Inner", "Relation Name": "movie_info", "Alias": "mi", "Startup Cost": 0.92, "Total Cost": 5.02, "Plan Rows": 1, "Plan Width": 50, "Recheck Cond": "(movie_id = at.movie_id)", "Filter": "((info IS NOT NULL) AND ((note)::text ~~ '%internet%'::text) AND (((info)::text ~~ 'USA:% 199%'::text) OR ((info)::text ~~ 'USA:% 200%'::text)))", "Plans": [{"Node Type": "Bitmap Index Scan", "Parent Relationship": "Outer", "Index Name": "movie_id_movie_info", "Startup Cost": 0.0, "Total Cost": 0.92, "Plan Rows": 5, "Plan Width": 0, "Index Cond": "(movie_id = at.movie_id)"}]}]}, {"Node Type": "Bitmap Heap Scan", "Parent Relationship": "Inner", "Relation Name": "info_type", "Alias": "it1", "Startup Cost": 0.29, "Total Cost": 4.3, "Plan Rows": 1, "Plan Width": 4, "Recheck Cond": "(id = mi.info_type_id)", "Filter": "((info)::text = 'release dates'::text)", "Plans": [{"Node Type": "Bitmap Index Scan", "Parent Relationship": "Outer", "Index Name": "info_type_pkey", "Startup Cost": 0.0, "Total Cost": 0.29, "Plan Rows": 1, "Plan Width": 0, "Index Cond": "(id = mi.info_type_id)"}]}]}, {"Node Type": "Bitmap Heap Scan", "Parent Relationship": "Inner", "Relation Name": "movie_companies", "Alias": "mc", "Startup Cost": 0.37, "Total Cost": 4.4, "Plan Rows": 2, "Plan Width": 12, "Recheck Cond": "(movie_id = at.movie_id)", "Plans": [{"Node Type": "Bitmap Index Scan", "Parent Relationship": "Outer", "Index Name": "movie_id_movie_companies", "Startup Cost": 0.0, "Total Cost": 0.37, "Plan Rows": 2, "Plan Width": 0, "Index Cond": "(movie_id = at.movie_id)"}]}]}, {"Node Type": "Bitmap Heap Scan", "Parent Relationship": "Inner", "Relation Name": "company_name", "Alias": "cn", "Startup Cost": 0.26, "Total Cost": 4.27, "Plan Rows": 1, "Plan Width": 4, "Recheck Cond": "(id = mc.company_id)", "Filter": "((country_code)::text = '[us]'::text)", "Plans": [{"Node Type": "Bitmap Index Scan", "Parent Relationship": "Outer", "Index Name": "company_name_pkey", "Startup Cost": 0.0, "Total Cost": 0.26, "Plan Rows": 1, "Plan Width": 0, "Index Cond": "(id = mc.company_id)"}]}]}, {"Node Type": "Bitmap Heap Scan", "Parent Relationship": "Inner", "Relation Name": "company_type", "Alias": "ct", "Startup Cost": 0.26, "Total Cost": 4.27, "Plan Rows": 1, "Plan Width": 4, "Recheck Cond": "(id = mc.company_type_id)", "Plans": [{"Node Type": "Bitmap Index Scan", "Parent Relationship": "Outer", "Index Name": "company_type_pkey", "Startup Cost": 0.0, "Total Cost": 0.26, "Plan Rows": 1, "Plan Width": 0, "Index Cond": "(id = mc.company_type_id)"}]}]}, {"Node Type": "Bitmap Heap Scan", "Parent Relationship": "Inner", "Relation Name": "movie_keyword", "Alias": "mk", "Startup Cost": 0.34, "Total Cost": 4.44, "Plan Rows": 8, "Plan Width": 8, "Recheck Cond": "(movie_id = mc.movie_id)", "Plans": [{"Node Type": "Bitmap Index Scan", "Parent Relationship": "Outer", "Index Name": "movie_id_movie_keyword", "Startup Cost": 0.0, "Total Cost": 0.34, "Plan Rows": 8, "Plan Width": 0, "Index Cond": "(movie_id = mc.movie_id)"}]}]}, {"Node Type": "Bitmap Heap Scan", "Parent Relationship": "Inner", "Relation Name": "keyword", "Alias": "k", "Startup Cost": 0.26, "Total Cost": 4.27, "Plan Rows": 1, "Plan Width": 4, "Recheck Cond": "(id = mk.keyword_id)", "Plans": [{"Node Type": "Bitmap Index Scan", "Parent Relationship": "Outer", "Index Name": "keyword_pkey", "Startup Cost": 0.0, "Total Cost": 0.26, "Plan Rows": 1, "Plan Width": 0, "Index Cond": "(id = mk.keyword_id)"}]}]}, {"Node Type": "Bitmap Heap Scan", "Parent Relationship": "Inner", "Relation Name": "title", "Alias": "t", "Startup Cost": 0.27, "Total Cost": 4.28, "Plan Rows": 1, "Plan Width": 21, "Recheck Cond": "(id = mk.movie_id)", "Filter": "(production_year > 1990)", "Plans": [{"Node Type": "Bitmap Index Scan", "Parent Relationship": "Outer", "Index Name": "title_pkey", "Startup Cost": 0.0, "Total Cost": 0.27, "Plan Rows": 1, "Plan Width": 0, "Index Cond": "(id = mk.movie_id)"}]}]}]}, "Unique SQL Id": 2846462052}, "explain_analyze_plan": null}, "(1, 52)": {"explain_plan": {"Plan": {"Node Type": "Aggregate", "Strategy": "Plain", "Startup Cost": 165016.14, "Total Cost": 165016.15, "Plan Rows": 1, "Plan Width": 123, "Plans": [{"Node Type": "Nested Loop", "Parent Relationship": "Outer", "Join Type": "Inner", "Startup Cost": 4841.46, "Total Cost": 165015.48, "Plan Rows": 132, "Plan Width": 59, "Inner Unique": false, "Join Filter": "(t.id = at.movie_id)", "Plans": [{"Node Type": "Nested Loop", "Parent Relationship": "Outer", "Join Type": "Inner", "Startup Cost": 4841.46, "Total Cost": 164999.91, "Plan Rows": 44, "Plan Width": 75, "Inner Unique": true, "Plans": [{"Node Type": "Nested Loop", "Parent Relationship": "Outer", "Join Type": "Inner", "Startup Cost": 4841.46, "Total Cost": 164987.56, "Plan Rows": 44, "Plan Width": 79, "Inner Unique": false, "Join Filter": "(t.id = mk.movie_id)", "Plans": [{"Node Type": "Nested Loop", "Parent Relationship": "Outer", "Join Type": "Inner", "Startup Cost": 4841.46, "Total Cost": 164984.18, "Plan Rows": 6, "Plan Width": 71, "Inner Unique": true, "Plans": [{"Node Type": "Nested Loop", "Parent Relationship": "Outer", "Join Type": "Inner", "Startup Cost": 4841.46, "Total Cost": 164981.02, "Plan Rows": 11, "Plan Width": 75, "Inner Unique": true, "Join Filter": "(mc.company_type_id = ct.id)", "Plans": [{"Node Type": "Nested Loop", "Parent Relationship": "Outer", "Join Type": "Inner", "Startup Cost": 4841.46, "Total Cost": 164979.44, "Plan Rows": 12, "Plan Width": 79, "Inner Unique": false, "Plans": [{"Node Type": "Nested Loop", "Parent Relationship": "Outer", "Join Type": "Inner", "Startup Cost": 4841.46, "Total Cost": 164977.23, "Plan Rows": 6, "Plan Width": 67, "Inner Unique": true, "Plans": [{"Node Type": "Nested Loop", "Parent Relationship": "Outer", "Join Type": "Inner", "Startup Cost": 4841.46, "Total Cost": 164944.29, "Plan Rows": 4, "Plan Width": 46, "Inner Unique": false, "Plans": [{"Node Type": "Seq Scan", "Parent Relationship": "Outer", "Relation Name": "info_type", "Alias": "it1", "Startup Cost": 0.0, "Total Cost": 2.4, "Plan Rows": 1, "Plan Width": 4, "Filter": "((info)::text = 'release dates'::text)"}, {"Node Type": "Bitmap Heap Scan", "Parent Relationship": "Inner", "Relation Name": "movie_info", "Alias": "mi", "Startup Cost": 4841.46, "Total Cost": 164941.85, "Plan Rows": 4, "Plan Width": 50, "Recheck Cond": "(info_type_id = it1.id)", "Filter": "((info IS NOT NULL) AND ((note)::text ~~ '%internet%'::text) AND (((info)::text ~~ 'USA:% 199%'::text) OR ((info)::text ~~ 'USA:% 200%'::text)))", "Plans": [{"Node Type": "Bitmap Index Scan", "Parent Relationship": "Outer", "Index Name": "info_type_id_movie_info", "Startup Cost": 0.0, "Total Cost": 4841.46, "Plan Rows": 212428, "Plan Width": 0, "Index Cond": "(info_type_id = it1.id)"}]}]}, {"Node Type": "Index Scan", "Parent Relationship": "Inner", "Scan Direction": "Forward", "Index Name": "title_pkey", "Relation Name": "title", "Alias": "t", "Startup Cost": 0.0, "Total Cost": 8.23, "Plan Rows": 1, "Plan Width": 21, "Index Cond": "(id = mi.movie_id)", "Filter": "(production_year > 1990)"}]}, {"Node Type": "Index Scan", "Parent Relationship": "Inner", "Scan Direction": "Forward", "Index Name": "movie_id_movie_companies", "Relation Name": "movie_companies", "Alias": "mc", "Startup Cost": 0.0, "Total Cost": 0.35, "Plan Rows": 2, "Plan Width": 12, "Index Cond": "(movie_id = t.id)"}]}, {"Node Type": "Materialize", "Parent Relationship": "Inner", "Startup Cost": 0.0, "Total Cost": 1.04, "Plan Rows": 3, "Plan Width": 4, "Plans": [{"Node Type": "Seq Scan", "Parent Relationship": "Outer", "Relation Name": "company_type", "Alias": "ct", "Startup Cost": 0.0, "Total Cost": 1.03, "Plan Rows": 3, "Plan Width": 4}]}]}, {"Node Type": "Index Scan", "Parent Relationship": "Inner", "Scan Direction": "Forward", "Index Name": "company_name_pkey", "Relation Name": "company_name", "Alias": "cn", "Startup Cost": 0.0, "Total Cost": 0.28, "Plan Rows": 1, "Plan Width": 4, "Index Cond": "(id = mc.company_id)", "Filter": "((country_code)::text = '[us]'::text)"}]}, {"Node Type": "Index Scan", "Parent Relationship": "Inner", "Scan Direction": "Forward", "Index Name": "movie_id_movie_keyword", "Relation Name": "movie_keyword", "Alias": "mk", "Startup Cost": 0.0, "Total Cost": 0.46, "Plan Rows": 8, "Plan Width": 8, "Index Cond": "(movie_id = mc.movie_id)"}]}, {"Node Type": "Index Scan", "Parent Relationship": "Inner", "Scan Direction": "Forward", "Index Name": "keyword_pkey", "Relation Name": "keyword", "Alias": "k", "Startup Cost": 0.0, "Total Cost": 0.27, "Plan Rows": 1, "Plan Width": 4, "Index Cond": "(id = mk.keyword_id)"}]}, {"Node Type": "Index Scan", "Parent Relationship": "Inner", "Scan Direction": "Forward", "Index Name": "movie_id_aka_title", "Relation Name": "aka_title", "Alias": "at", "Startup Cost": 0.0, "Total Cost": 0.32, "Plan Rows": 3, "Plan Width": 4, "Index Cond": "(movie_id = mk.movie_id)"}]}]}, "Unique SQL Id": 2846462052}, "explain_analyze_plan": {"Plan": {"Node Type": "Aggregate", "Strategy": "Plain", "Startup Cost": 165016.14, "Total Cost": 165016.15, "Plan Rows": 1, "Plan Width": 123, "Actual Startup Time": 1915.678, "Actual Total Time": 1915.678, "Actual Rows": 1, "Actual Loops": 1, "Plans": [{"Node Type": "Nested Loop", "Parent Relationship": "Outer", "Join Type": "Inner", "Startup Cost": 4841.46, "Total Cost": 165015.48, "Plan Rows": 132, "Plan Width": 59, "Actual Startup Time": 504.241, "Actual Total Time": 1914.745, "Actual Rows": 1140, "Actual Loops": 1, "Inner Unique": false, "Join Filter": "(t.id = at.movie_id)", "Rows Removed by Join Filter": 0, "Plans": [{"Node Type": "Nested Loop", "Parent Relationship": "Outer", "Join Type": "Inner", "Startup Cost": 4841.46, "Total Cost": 164999.91, "Plan Rows": 44, "Plan Width": 75, "Actual Startup Time": 460.591, "Actual Total Time": 1899.431, "Actual Rows": 4808, "Actual Loops": 1, "Inner Unique": true, "Plans": [{"Node Type": "Nested Loop", "Parent Relationship": "Outer", "Join Type": "Inner", "Startup Cost": 4841.46, "Total Cost": 164987.56, "Plan Rows": 44, "Plan Width": 79, "Actual Startup Time": 460.578, "Actual Total Time": 1873.699, "Actual Rows": 4808, "Actual Loops": 1, "Inner Unique": false, "Join Filter": "(t.id = mk.movie_id)", "Rows Removed by Join Filter": 0, "Plans": [{"Node Type": "Nested Loop", "Parent Relationship": "Outer", "Join Type": "Inner", "Startup Cost": 4841.46, "Total Cost": 164984.18, "Plan Rows": 6, "Plan Width": 71, "Actual Startup Time": 460.546, "Actual Total Time": 1858.738, "Actual Rows": 1488, "Actual Loops": 1, "Inner Unique": true, "Plans": [{"Node Type": "Nested Loop", "Parent Relationship": "Outer", "Join Type": "Inner", "Startup Cost": 4841.46, "Total Cost": 164981.02, "Plan Rows": 11, "Plan Width": 75, "Actual Startup Time": 460.529, "Actual Total Time": 1844.766, "Actual Rows": 1599, "Actual Loops": 1, "Inner Unique": true, "Join Filter": "(mc.company_type_id = ct.id)", "Rows Removed by Join Filter": 3855, "Plans": [{"Node Type": "Nested Loop", "Parent Relationship": "Outer", "Join Type": "Inner", "Startup Cost": 4841.46, "Total Cost": 164979.44, "Plan Rows": 12, "Plan Width": 79, "Actual Startup Time": 460.491, "Actual Total Time": 1841.689, "Actual Rows": 2884, "Actual Loops": 1, "Inner Unique": false, "Plans": [{"Node Type": "Nested Loop", "Parent Relationship": "Outer", "Join Type": "Inner", "Startup Cost": 4841.46, "Total Cost": 164977.23, "Plan Rows": 6, "Plan Width": 67, "Actual Startup Time": 460.478, "Actual Total Time": 1823.962, "Actual Rows": 1782, "Actual Loops": 1, "Inner Unique": true, "Plans": [{"Node Type": "Nested Loop", "Parent Relationship": "Outer", "Join Type": "Inner", "Startup Cost": 4841.46, "Total Cost": 164944.29, "Plan Rows": 4, "Plan Width": 46, "Actual Startup Time": 460.431, "Actual Total Time": 1806.545, "Actual Rows": 1783, "Actual Loops": 1, "Inner Unique": false, "Plans": [{"Node Type": "Seq Scan", "Parent Relationship": "Outer", "Relation Name": "info_type", "Alias": "it1", "Startup Cost": 0.0, "Total Cost": 2.4, "Plan Rows": 1, "Plan Width": 4, "Actual Startup Time": 0.053, "Actual Total Time": 0.108, "Actual Rows": 1, "Actual Loops": 1, "Filter": "((info)::text = 'release dates'::text)", "Rows Removed by Filter": 111}, {"Node Type": "Bitmap Heap Scan", "Parent Relationship": "Inner", "Relation Name": "movie_info", "Alias": "mi", "Startup Cost": 4841.46, "Total Cost": 164941.85, "Plan Rows": 4, "Plan Width": 50, "Actual Startup Time": 460.372, "Actual Total Time": 1805.82, "Actual Rows": 1783, "Actual Loops": 1, "Recheck Cond": "(info_type_id = it1.id)", "Rows Removed by Index Recheck": 0, "Filter": "((info IS NOT NULL) AND ((note)::text ~~ '%internet%'::text) AND (((info)::text ~~ 'USA:% 199%'::text) OR ((info)::text ~~ 'USA:% 200%'::text)))", "Rows Removed by Filter": 3034936, "Exact Heap Blocks": 21947, "Lossy Heap Blocks": 21947, "Plans": [{"Node Type": "Bitmap Index Scan", "Parent Relationship": "Outer", "Index Name": "info_type_id_movie_info", "Startup Cost": 0.0, "Total Cost": 4841.46, "Plan Rows": 212428, "Plan Width": 0, "Actual Startup Time": 455.108, "Actual Total Time": 455.108, "Actual Rows": 3036719, "Actual Loops": 1, "Index Cond": "(info_type_id = it1.id)"}]}]}, {"Node Type": "Index Scan", "Parent Relationship": "Inner", "Scan Direction": "Forward", "Index Name": "title_pkey", "Relation Name": "title", "Alias": "t", "Startup Cost": 0.0, "Total Cost": 8.23, "Plan Rows": 1, "Plan Width": 21, "Actual Startup Time": 14.911, "Actual Total Time": 14.911, "Actual Rows": 1782, "Actual Loops": 1783, "Index Cond": "(id = mi.movie_id)", "Rows Removed by Index Recheck": 0, "Filter": "(production_year > 1990)", "Rows Removed by Filter": 1}]}, {"Node Type": "Index Scan", "Parent Relationship": "Inner", "Scan Direction": "Forward", "Index Name": "movie_id_movie_companies", "Relation Name": "movie_companies", "Alias": "mc", "Startup Cost": 0.0, "Total Cost": 0.35, "Plan Rows": 2, "Plan Width": 12, "Actual Startup Time": 12.512, "Actual Total Time": 15.633, "Actual Rows": 2884, "Actual Loops": 1782, "Index Cond": "(movie_id = t.id)", "Rows Removed by Index Recheck": 0}]}, {"Node Type": "Materialize", "Parent Relationship": "Inner", "Startup Cost": 0.0, "Total Cost": 1.04, "Plan Rows": 3, "Plan Width": 4, "Actual Startup Time": 0.416, "Actual Total Time": 0.763, "Actual Rows": 5454, "Actual Loops": 2884, "Plans": [{"Node Type": "Seq Scan", "Parent Relationship": "Outer", "Relation Name": "company_type", "Alias": "ct", "Startup Cost": 0.0, "Total Cost": 1.03, "Plan Rows": 3, "Plan Width": 4, "Actual Startup Time": 0.011, "Actual Total Time": 0.015, "Actual Rows": 3, "Actual Loops": 1}]}]}, {"Node Type": "Index Scan", "Parent Relationship": "Inner", "Scan Direction": "Forward", "Index Name": "company_name_pkey", "Relation Name": "company_name", "Alias": "cn", "Startup Cost": 0.0, "Total Cost": 0.28, "Plan Rows": 1, "Plan Width": 4, "Actual Startup Time": 12.023, "Actual Total Time": 12.023, "Actual Rows": 1488, "Actual Loops": 1599, "Index Cond": "(id = mc.company_id)", "Rows Removed by Index Recheck": 0, "Filter": "((country_code)::text = '[us]'::text)", "Rows Removed by Filter": 111}]}, {"Node Type": "Index Scan", "Parent Relationship": "Inner", "Scan Direction": "Forward", "Index Name": "movie_id_movie_keyword", "Relation Name": "movie_keyword", "Alias": "mk", "Startup Cost": 0.0, "Total Cost": 0.46, "Plan Rows": 8, "Plan Width": 8, "Actual Startup Time": 9.419, "Actual Total Time": 11.69, "Actual Rows": 4808, "Actual Loops": 1488, "Index Cond": "(movie_id = mc.movie_id)", "Rows Removed by Index Recheck": 0}]}, {"Node Type": "Index Scan", "Parent Relationship": "Inner", "Scan Direction": "Forward", "Index Name": "keyword_pkey", "Relation Name": "keyword", "Alias": "k", "Startup Cost": 0.0, "Total Cost": 0.27, "Plan Rows": 1, "Plan Width": 4, "Actual Startup Time": 21.625, "Actual Total Time": 21.625, "Actual Rows": 4808, "Actual Loops": 4808, "Index Cond": "(id = mk.keyword_id)", "Rows Removed by Index Recheck": 0}]}, {"Node Type": "Index Scan", "Parent Relationship": "Inner", "Scan Direction": "Forward", "Index Name": "movie_id_aka_title", "Relation Name": "aka_title", "Alias": "at", "Startup Cost": 0.0, "Total Cost": 0.32, "Plan Rows": 3, "Plan Width": 4, "Actual Startup Time": 11.684, "Actual Total Time": 12.244, "Actual Rows": 1140, "Actual Loops": 4808, "Index Cond": "(movie_id = mk.movie_id)", "Rows Removed by Index Recheck": 0}]}]}, "Triggers": [], "Planner Runtime": 28.819, "Total Runtime": 1916.131, "Unique SQL Id": 2846462052}}, "(1, 53)": {"explain_plan": {"Plan": {"Node Type": "Aggregate", "Strategy": "Plain", "Startup Cost": 165029.46, "Total Cost": 165029.47, "Plan Rows": 1, "Plan Width": 123, "Plans": [{"Node Type": "Nested Loop", "Parent Relationship": "Outer", "Join Type": "Inner", "Startup Cost": 4841.46, "Total Cost": 165028.8, "Plan Rows": 132, "Plan Width": 59, "Inner Unique": false, "Join Filter": "(t.id = at.movie_id)", "Plans": [{"Node Type": "Nested Loop", "Parent Relationship": "Outer", "Join Type": "Inner", "Startup Cost": 4841.46, "Total Cost": 165013.23, "Plan Rows": 44, "Plan Width": 75, "Inner Unique": true, "Plans": [{"Node Type": "Nested Loop", "Parent Relationship": "Outer", "Join Type": "Inner", "Startup Cost": 4841.46, "Total Cost": 165000.88, "Plan Rows": 44, "Plan Width": 79, "Inner Unique": false, "Join Filter": "(t.id = mk.movie_id)", "Plans": [{"Node Type": "Nested Loop", "Parent Relationship": "Outer", "Join Type": "Inner", "Startup Cost": 4841.46, "Total Cost": 164997.5, "Plan Rows": 6, "Plan Width": 71, "Inner Unique": true, "Plans": [{"Node Type": "Nested Loop", "Parent Relationship": "Outer", "Join Type": "Inner", "Startup Cost": 4841.46, "Total Cost": 164994.7, "Plan Rows": 10, "Plan Width": 75, "Inner Unique": true, "Plans": [{"Node Type": "Nested Loop", "Parent Relationship": "Outer", "Join Type": "Inner", "Startup Cost": 4841.46, "Total Cost": 164991.25, "Plan Rows": 12, "Plan Width": 79, "Inner Unique": false, "Plans": [{"Node Type": "Nested Loop", "Parent Relationship": "Outer", "Join Type": "Inner", "Startup Cost": 4841.46, "Total Cost": 164989.04, "Plan Rows": 6, "Plan Width": 67, "Inner Unique": true, "Plans": [{"Node Type": "Nested Loop", "Parent Relationship": "Outer", "Join Type": "Inner", "Startup Cost": 4841.46, "Total Cost": 164956.1, "Plan Rows": 4, "Plan Width": 46, "Inner Unique": false, "Plans": [{"Node Type": "Index Scan", "Parent Relationship": "Outer", "Scan Direction": "Forward", "Index Name": "info_type_pkey", "Relation Name": "info_type", "Alias": "it1", "Startup Cost": 0.0, "Total Cost": 14.21, "Plan Rows": 1, "Plan Width": 4, "Filter": "((info)::text = 'release dates'::text)"}, {"Node Type": "Bitmap Heap Scan", "Parent Relationship": "Inner", "Relation Name": "movie_info", "Alias": "mi", "Startup Cost": 4841.46, "Total Cost": 164941.85, "Plan Rows": 4, "Plan Width": 50, "Recheck Cond": "(info_type_id = it1.id)", "Filter": "((info IS NOT NULL) AND ((note)::text ~~ '%internet%'::text) AND (((info)::text ~~ 'USA:% 199%'::text) OR ((info)::text ~~ 'USA:% 200%'::text)))", "Plans": [{"Node Type": "Bitmap Index Scan", "Parent Relationship": "Outer", "Index Name": "info_type_id_movie_info", "Startup Cost": 0.0, "Total Cost": 4841.46, "Plan Rows": 212428, "Plan Width": 0, "Index Cond": "(info_type_id = it1.id)"}]}]}, {"Node Type": "Index Scan", "Parent Relationship": "Inner", "Scan Direction": "Forward", "Index Name": "title_pkey", "Relation Name": "title", "Alias": "t", "Startup Cost": 0.0, "Total Cost": 8.23, "Plan Rows": 1, "Plan Width": 21, "Index Cond": "(id = mi.movie_id)", "Filter": "(production_year > 1990)"}]}, {"Node Type": "Index Scan", "Parent Relationship": "Inner", "Scan Direction": "Forward", "Index Name": "movie_id_movie_companies", "Relation Name": "movie_companies", "Alias": "mc", "Startup Cost": 0.0, "Total Cost": 0.35, "Plan Rows": 2, "Plan Width": 12, "Index Cond": "(movie_id = t.id)"}]}, {"Node Type": "Index Scan", "Parent Relationship": "Inner", "Scan Direction": "Forward", "Index Name": "company_name_pkey", "Relation Name": "company_name", "Alias": "cn", "Startup Cost": 0.0, "Total Cost": 0.28, "Plan Rows": 1, "Plan Width": 4, "Index Cond": "(id = mc.company_id)", "Filter": "((country_code)::text = '[us]'::text)"}]}, {"Node Type": "Index Scan", "Parent Relationship": "Inner", "Scan Direction": "Forward", "Index Name": "company_type_pkey", "Relation Name": "company_type", "Alias": "ct", "Startup Cost": 0.0, "Total Cost": 0.27, "Plan Rows": 1, "Plan Width": 4, "Index Cond": "(id = mc.company_type_id)"}]}, {"Node Type": "Index Scan", "Parent Relationship": "Inner", "Scan Direction": "Forward", "Index Name": "movie_id_movie_keyword", "Relation Name": "movie_keyword", "Alias": "mk", "Startup Cost": 0.0, "Total Cost": 0.46, "Plan Rows": 8, "Plan Width": 8, "Index Cond": "(movie_id = mc.movie_id)"}]}, {"Node Type": "Index Scan", "Parent Relationship": "Inner", "Scan Direction": "Forward", "Index Name": "keyword_pkey", "Relation Name": "keyword", "Alias": "k", "Startup Cost": 0.0, "Total Cost": 0.27, "Plan Rows": 1, "Plan Width": 4, "Index Cond": "(id = mk.keyword_id)"}]}, {"Node Type": "Index Scan", "Parent Relationship": "Inner", "Scan Direction": "Forward", "Index Name": "movie_id_aka_title", "Relation Name": "aka_title", "Alias": "at", "Startup Cost": 0.0, "Total Cost": 0.32, "Plan Rows": 3, "Plan Width": 4, "Index Cond": "(movie_id = mk.movie_id)"}]}]}, "Unique SQL Id": 2846462052}, "explain_analyze_plan": {"Plan": {"Node Type": "Aggregate", "Strategy": "Plain", "Startup Cost": 165029.46, "Total Cost": 165029.47, "Plan Rows": 1, "Plan Width": 123, "Actual Startup Time": 1930.855, "Actual Total Time": 1930.855, "Actual Rows": 1, "Actual Loops": 1, "Plans": [{"Node Type": "Nested Loop", "Parent Relationship": "Outer", "Join Type": "Inner", "Startup Cost": 4841.46, "Total Cost": 165028.8, "Plan Rows": 132, "Plan Width": 59, "Actual Startup Time": 444.185, "Actual Total Time": 1929.939, "Actual Rows": 1140, "Actual Loops": 1, "Inner Unique": false, "Join Filter": "(t.id = at.movie_id)", "Rows Removed by Join Filter": 0, "Plans": [{"Node Type": "Nested Loop", "Parent Relationship": "Outer", "Join Type": "Inner", "Startup Cost": 4841.46, "Total Cost": 165013.23, "Plan Rows": 44, "Plan Width": 75, "Actual Startup Time": 399.616, "Actual Total Time": 1914.56, "Actual Rows": 4808, "Actual Loops": 1, "Inner Unique": true, "Plans": [{"Node Type": "Nested Loop", "Parent Relationship": "Outer", "Join Type": "Inner", "Startup Cost": 4841.46, "Total Cost": 165000.88, "Plan Rows": 44, "Plan Width": 79, "Actual Startup Time": 399.603, "Actual Total Time": 1887.801, "Actual Rows": 4808, "Actual Loops": 1, "Inner Unique": false, "Join Filter": "(t.id = mk.movie_id)", "Rows Removed by Join Filter": 0, "Plans": [{"Node Type": "Nested Loop", "Parent Relationship": "Outer", "Join Type": "Inner", "Startup Cost": 4841.46, "Total Cost": 164997.5, "Plan Rows": 6, "Plan Width": 71, "Actual Startup Time": 399.583, "Actual Total Time": 1872.991, "Actual Rows": 1488, "Actual Loops": 1, "Inner Unique": true, "Plans": [{"Node Type": "Nested Loop", "Parent Relationship": "Outer", "Join Type": "Inner", "Startup Cost": 4841.46, "Total Cost": 164994.7, "Plan Rows": 10, "Plan Width": 75, "Actual Startup Time": 399.562, "Actual Total Time": 1867.117, "Actual Rows": 2647, "Actual Loops": 1, "Inner Unique": true, "Plans": [{"Node Type": "Nested Loop", "Parent Relationship": "Outer", "Join Type": "Inner", "Startup Cost": 4841.46, "Total Cost": 164991.25, "Plan Rows": 12, "Plan Width": 79, "Actual Startup Time": 399.542, "Actual Total Time": 1845.586, "Actual Rows": 2884, "Actual Loops": 1, "Inner Unique": false, "Plans": [{"Node Type": "Nested Loop", "Parent Relationship": "Outer", "Join Type": "Inner", "Startup Cost": 4841.46, "Total Cost": 164989.04, "Plan Rows": 6, "Plan Width": 67, "Actual Startup Time": 399.526, "Actual Total Time": 1826.788, "Actual Rows": 1782, "Actual Loops": 1, "Inner Unique": true, "Plans": [{"Node Type": "Nested Loop", "Parent Relationship": "Outer", "Join Type": "Inner", "Startup Cost": 4841.46, "Total Cost": 164956.1, "Plan Rows": 4, "Plan Width": 46, "Actual Startup Time": 399.479, "Actual Total Time": 1808.752, "Actual Rows": 1783, "Actual Loops": 1, "Inner Unique": false, "Plans": [{"Node Type": "Index Scan", "Parent Relationship": "Outer", "Scan Direction": "Forward", "Index Name": "info_type_pkey", "Relation Name": "info_type", "Alias": "it1", "Startup Cost": 0.0, "Total Cost": 14.21, "Plan Rows": 1, "Plan Width": 4, "Actual Startup Time": 0.041, "Actual Total Time": 0.087, "Actual Rows": 1, "Actual Loops": 1, "Filter": "((info)::text = 'release dates'::text)", "Rows Removed by Filter": 111}, {"Node Type": "Bitmap Heap Scan", "Parent Relationship": "Inner", "Relation Name": "movie_info", "Alias": "mi", "Startup Cost": 4841.46, "Total Cost": 164941.85, "Plan Rows": 4, "Plan Width": 50, "Actual Startup Time": 399.432, "Actual Total Time": 1808.054, "Actual Rows": 1783, "Actual Loops": 1, "Recheck Cond": "(info_type_id = it1.id)", "Rows Removed by Index Recheck": 0, "Filter": "((info IS NOT NULL) AND ((note)::text ~~ '%internet%'::text) AND (((info)::text ~~ 'USA:% 199%'::text) OR ((info)::text ~~ 'USA:% 200%'::text)))", "Rows Removed by Filter": 3034936, "Exact Heap Blocks": 21947, "Lossy Heap Blocks": 21947, "Plans": [{"Node Type": "Bitmap Index Scan", "Parent Relationship": "Outer", "Index Name": "info_type_id_movie_info", "Startup Cost": 0.0, "Total Cost": 4841.46, "Plan Rows": 212428, "Plan Width": 0, "Actual Startup Time": 394.067, "Actual Total Time": 394.067, "Actual Rows": 3036719, "Actual Loops": 1, "Index Cond": "(info_type_id = it1.id)"}]}]}, {"Node Type": "Index Scan", "Parent Relationship": "Inner", "Scan Direction": "Forward", "Index Name": "title_pkey", "Relation Name": "title", "Alias": "t", "Startup Cost": 0.0, "Total Cost": 8.23, "Plan Rows": 1, "Plan Width": 21, "Actual Startup Time": 15.545, "Actual Total Time": 15.545, "Actual Rows": 1782, "Actual Loops": 1783, "Index Cond": "(id = mi.movie_id)", "Rows Removed by Index Recheck": 0, "Filter": "(production_year > 1990)", "Rows Removed by Filter": 1}]}, {"Node Type": "Index Scan", "Parent Relationship": "Inner", "Scan Direction": "Forward", "Index Name": "movie_id_movie_companies", "Relation Name": "movie_companies", "Alias": "mc", "Startup Cost": 0.0, "Total Cost": 0.35, "Plan Rows": 2, "Plan Width": 12, "Actual Startup Time": 13.102, "Actual Total Time": 16.62, "Actual Rows": 2884, "Actual Loops": 1782, "Index Cond": "(movie_id = t.id)", "Rows Removed by Index Recheck": 0}]}, {"Node Type": "Index Scan", "Parent Relationship": "Inner", "Scan Direction": "Forward", "Index Name": "company_name_pkey", "Relation Name": "company_name", "Alias": "cn", "Startup Cost": 0.0, "Total Cost": 0.28, "Plan Rows": 1, "Plan Width": 4, "Actual Startup Time": 18.54, "Actual Total Time": 18.54, "Actual Rows": 2647, "Actual Loops": 2884, "Index Cond": "(id = mc.company_id)", "Rows Removed by Index Recheck": 0, "Filter": "((country_code)::text = '[us]'::text)", "Rows Removed by Filter": 237}]}, {"Node Type": "Index Scan", "Parent Relationship": "Inner", "Scan Direction": "Forward", "Index Name": "company_type_pkey", "Relation Name": "company_type", "Alias": "ct", "Startup Cost": 0.0, "Total Cost": 0.27, "Plan Rows": 1, "Plan Width": 4, "Actual Startup Time": 3.491, "Actual Total Time": 3.491, "Actual Rows": 1488, "Actual Loops": 2647, "Index Cond": "(id = mc.company_type_id)", "Rows Removed by Index Recheck": 0}]}, {"Node Type": "Index Scan", "Parent Relationship": "Inner", "Scan Direction": "Forward", "Index Name": "movie_id_movie_keyword", "Relation Name": "movie_keyword", "Alias": "mk", "Startup Cost": 0.0, "Total Cost": 0.46, "Plan Rows": 8, "Plan Width": 8, "Actual Startup Time": 9.346, "Actual Total Time": 11.61, "Actual Rows": 4808, "Actual Loops": 1488, "Index Cond": "(movie_id = mc.movie_id)", "Rows Removed by Index Recheck": 0}]}, {"Node Type": "Index Scan", "Parent Relationship": "Inner", "Scan Direction": "Forward", "Index Name": "keyword_pkey", "Relation Name": "keyword", "Alias": "k", "Startup Cost": 0.0, "Total Cost": 0.27, "Plan Rows": 1, "Plan Width": 4, "Actual Startup Time": 22.739, "Actual Total Time": 22.739, "Actual Rows": 4808, "Actual Loops": 4808, "Index Cond": "(id = mk.keyword_id)", "Rows Removed by Index Recheck": 0}]}, {"Node Type": "Index Scan", "Parent Relationship": "Inner", "Scan Direction": "Forward", "Index Name": "movie_id_aka_title", "Relation Name": "aka_title", "Alias": "at", "Startup Cost": 0.0, "Total Cost": 0.32, "Plan Rows": 3, "Plan Width": 4, "Actual Startup Time": 11.706, "Actual Total Time": 12.281, "Actual Rows": 1140, "Actual Loops": 4808, "Index Cond": "(movie_id = mk.movie_id)", "Rows Removed by Index Recheck": 0}]}]}, "Triggers": [], "Planner Runtime": 27.493, "Total Runtime": 1931.359, "Unique SQL Id": 2846462052}}, "(1, 54)": {"explain_plan": {"Plan": {"Node Type": "Aggregate", "Strategy": "Plain", "Startup Cost": 166012.09, "Total Cost": 166012.1, "Plan Rows": 1, "Plan Width": 123, "Plans": [{"Node Type": "Nested Loop", "Parent Relationship": "Outer", "Join Type": "Inner", "Startup Cost": 4846.74, "Total Cost": 166011.43, "Plan Rows": 132, "Plan Width": 59, "Inner Unique": true, "Join Filter": "(at.movie_id = t.id)", "Plans": [{"Node Type": "Nested Loop", "Parent Relationship": "Outer", "Join Type": "Inner", "Startup Cost": 4846.47, "Total Cost": 165603.56, "Plan Rows": 95, "Plan Width": 58, "Inner Unique": true, "Plans": [{"Node Type": "Nested Loop", "Parent Relationship": "Outer", "Join Type": "Inner", "Startup Cost": 4846.22, "Total Cost": 165188.37, "Plan Rows": 97, "Plan Width": 62, "Inner Unique": false, "Join Filter": "(at.movie_id = mk.movie_id)", "Plans": [{"Node Type": "Nested Loop", "Parent Relationship": "Outer", "Join Type": "Inner", "Startup Cost": 4845.88, "Total Cost": 165133.92, "Plan Rows": 12, "Plan Width": 54, "Inner Unique": true, "Join Filter": "(mc.company_type_id = ct.id)", "Plans": [{"Node Type": "Nested Loop", "Parent Relationship": "Outer", "Join Type": "Inner", "Startup Cost": 4845.88, "Total Cost": 165132.34, "Plan Rows": 12, "Plan Width": 58, "Inner Unique": true, "Plans": [{"Node Type": "Nested Loop", "Parent Relationship": "Outer", "Join Type": "Inner", "Startup Cost": 4845.62, "Total Cost": 165046.67, "Plan Rows": 20, "Plan Width": 62, "Inner Unique": false, "Plans": [{"Node Type": "Nested Loop", "Parent Relationship": "Outer", "Join Type": "Inner", "Startup Cost": 4845.25, "Total Cost": 165006.92, "Plan Rows": 9, "Plan Width": 50, "Inner Unique": false, "Plans": [{"Node Type": "Nested Loop", "Parent Relationship": "Outer", "Join Type": "Inner", "Startup Cost": 4841.46, "Total Cost": 164944.29, "Plan Rows": 4, "Plan Width": 46, "Inner Unique": false, "Plans": [{"Node Type": "Seq Scan", "Parent Relationship": "Outer", "Relation Name": "info_type", "Alias": "it1", "Startup Cost": 0.0, "Total Cost": 2.4, "Plan Rows": 1, "Plan Width": 4, "Filter": "((info)::text = 'release dates'::text)"}, {"Node Type": "Bitmap Heap Scan", "Parent Relationship": "Inner", "Relation Name": "movie_info", "Alias": "mi", "Startup Cost": 4841.46, "Total Cost": 164941.85, "Plan Rows": 4, "Plan Width": 50, "Recheck Cond": "(info_type_id = it1.id)", "Filter": "((info IS NOT NULL) AND ((note)::text ~~ '%internet%'::text) AND (((info)::text ~~ 'USA:% 199%'::text) OR ((info)::text ~~ 'USA:% 200%'::text)))", "Plans": [{"Node Type": "Bitmap Index Scan", "Parent Relationship": "Outer", "Index Name": "info_type_id_movie_info", "Startup Cost": 0.0, "Total Cost": 4841.46, "Plan Rows": 212428, "Plan Width": 0, "Index Cond": "(info_type_id = it1.id)"}]}]}, {"Node Type": "Bitmap Heap Scan", "Parent Relationship": "Inner", "Relation Name": "aka_title", "Alias": "at", "Startup Cost": 3.79, "Total Cost": 15.63, "Plan Rows": 3, "Plan Width": 4, "Recheck Cond": "(movie_id = mi.movie_id)", "Plans": [{"Node Type": "Bitmap Index Scan", "Parent Relationship": "Outer", "Index Name": "movie_id_aka_title", "Startup Cost": 0.0, "Total Cost": 3.79, "Plan Rows": 3, "Plan Width": 0, "Index Cond": "(movie_id = mi.movie_id)"}]}]}, {"Node Type": "Bitmap Heap Scan", "Parent Relationship": "Inner", "Relation Name": "movie_companies", "Alias": "mc", "Startup Cost": 0.37, "Total Cost": 4.4, "Plan Rows": 2, "Plan Width": 12, "Recheck Cond": "(movie_id = at.movie_id)", "Plans": [{"Node Type": "Bitmap Index Scan", "Parent Relationship": "Outer", "Index Name": "movie_id_movie_companies", "Startup Cost": 0.0, "Total Cost": 0.37, "Plan Rows": 2, "Plan Width": 0, "Index Cond": "(movie_id = at.movie_id)"}]}]}, {"Node Type": "Bitmap Heap Scan", "Parent Relationship": "Inner", "Relation Name": "company_name", "Alias": "cn", "Startup Cost": 0.26, "Total Cost": 4.27, "Plan Rows": 1, "Plan Width": 4, "Recheck Cond": "(id = mc.company_id)", "Filter": "((country_code)::text = '[us]'::text)", "Plans": [{"Node Type": "Bitmap Index Scan", "Parent Relationship": "Outer", "Index Name": "company_name_pkey", "Startup Cost": 0.0, "Total Cost": 0.26, "Plan Rows": 1, "Plan Width": 0, "Index Cond": "(id = mc.company_id)"}]}]}, {"Node Type": "Materialize", "Parent Relationship": "Inner", "Startup Cost": 0.0, "Total Cost": 1.04, "Plan Rows": 3, "Plan Width": 4, "Plans": [{"Node Type": "Seq Scan", "Parent Relationship": "Outer", "Relation Name": "company_type", "Alias": "ct", "Startup Cost": 0.0, "Total Cost": 1.03, "Plan Rows": 3, "Plan Width": 4}]}]}, {"Node Type": "Bitmap Heap Scan", "Parent Relationship": "Inner", "Relation Name": "movie_keyword", "Alias": "mk", "Startup Cost": 0.34, "Total Cost": 4.44, "Plan Rows": 8, "Plan Width": 8, "Recheck Cond": "(movie_id = mc.movie_id)", "Plans": [{"Node Type": "Bitmap Index Scan", "Parent Relationship": "Outer", "Index Name": "movie_id_movie_keyword", "Startup Cost": 0.0, "Total Cost": 0.34, "Plan Rows": 8, "Plan Width": 0, "Index Cond": "(movie_id = mc.movie_id)"}]}]}, {"Node Type": "Bitmap Heap Scan", "Parent Relationship": "Inner", "Relation Name": "keyword", "Alias": "k", "Startup Cost": 0.26, "Total Cost": 4.27, "Plan Rows": 1, "Plan Width": 4, "Recheck Cond": "(id = mk.keyword_id)", "Plans": [{"Node Type": "Bitmap Index Scan", "Parent Relationship": "Outer", "Index Name": "keyword_pkey", "Startup Cost": 0.0, "Total Cost": 0.26, "Plan Rows": 1, "Plan Width": 0, "Index Cond": "(id = mk.keyword_id)"}]}]}, {"Node Type": "Bitmap Heap Scan", "Parent Relationship": "Inner", "Relation Name": "title", "Alias": "t", "Startup Cost": 0.27, "Total Cost": 4.28, "Plan Rows": 1, "Plan Width": 21, "Recheck Cond": "(id = mk.movie_id)", "Filter": "(production_year > 1990)", "Plans": [{"Node Type": "Bitmap Index Scan", "Parent Relationship": "Outer", "Index Name": "title_pkey", "Startup Cost": 0.0, "Total Cost": 0.27, "Plan Rows": 1, "Plan Width": 0, "Index Cond": "(id = mk.movie_id)"}]}]}]}, "Unique SQL Id": 2846462052}, "explain_analyze_plan": {"Plan": {"Node Type": "Aggregate", "Strategy": "Plain", "Startup Cost": 166012.09, "Total Cost": 166012.1, "Plan Rows": 1, "Plan Width": 123, "Actual Startup Time": 1790.814, "Actual Total Time": 1790.814, "Actual Rows": 1, "Actual Loops": 1, "Plans": [{"Node Type": "Nested Loop", "Parent Relationship": "Outer", "Join Type": "Inner", "Startup Cost": 4846.74, "Total Cost": 166011.43, "Plan Rows": 132, "Plan Width": 59, "Actual Startup Time": 486.5, "Actual Total Time": 1789.728, "Actual Rows": 1140, "Actual Loops": 1, "Inner Unique": true, "Join Filter": "(at.movie_id = t.id)", "Rows Removed by Join Filter": 0, "Plans": [{"Node Type": "Nested Loop", "Parent Relationship": "Outer", "Join Type": "Inner", "Startup Cost": 4846.47, "Total Cost": 165603.56, "Plan Rows": 95, "Plan Width": 58, "Actual Startup Time": 486.457, "Actual Total Time": 1783.136, "Actual Rows": 1140, "Actual Loops": 1, "Inner Unique": true, "Plans": [{"Node Type": "Nested Loop", "Parent Relationship": "Outer", "Join Type": "Inner", "Startup Cost": 4846.22, "Total Cost": 165188.37, "Plan Rows": 97, "Plan Width": 62, "Actual Startup Time": 486.425, "Actual Total Time": 1775.626, "Actual Rows": 1140, "Actual Loops": 1, "Inner Unique": false, "Join Filter": "(at.movie_id = mk.movie_id)", "Rows Removed by Join Filter": 0, "Plans": [{"Node Type": "Nested Loop", "Parent Relationship": "Outer", "Join Type": "Inner", "Startup Cost": 4845.88, "Total Cost": 165133.92, "Plan Rows": 12, "Plan Width": 54, "Actual Startup Time": 486.38, "Actual Total Time": 1773.52, "Actual Rows": 119, "Actual Loops": 1, "Inner Unique": true, "Join Filter": "(mc.company_type_id = ct.id)", "Rows Removed by Join Filter": 495, "Plans": [{"Node Type": "Nested Loop", "Parent Relationship": "Outer", "Join Type": "Inner", "Startup Cost": 4845.88, "Total Cost": 165132.34, "Plan Rows": 12, "Plan Width": 58, "Actual Startup Time": 441.384, "Actual Total Time": 1773.017, "Actual Rows": 284, "Actual Loops": 1, "Inner Unique": true, "Plans": [{"Node Type": "Nested Loop", "Parent Relationship": "Outer", "Join Type": "Inner", "Startup Cost": 4845.62, "Total Cost": 165046.67, "Plan Rows": 20, "Plan Width": 62, "Actual Startup Time": 441.318, "Actual Total Time": 1769.583, "Actual Rows": 400, "Actual Loops": 1, "Inner Unique": false, "Plans": [{"Node Type": "Nested Loop", "Parent Relationship": "Outer", "Join Type": "Inner", "Startup Cost": 4845.25, "Total Cost": 165006.92, "Plan Rows": 9, "Plan Width": 50, "Actual Startup Time": 441.266, "Actual Total Time": 1767.334, "Actual Rows": 120, "Actual Loops": 1, "Inner Unique": false, "Plans": [{"Node Type": "Nested Loop", "Parent Relationship": "Outer", "Join Type": "Inner", "Startup Cost": 4841.46, "Total Cost": 164944.29, "Plan Rows": 4, "Plan Width": 46, "Actual Startup Time": 436.895, "Actual Total Time": 1756.162, "Actual Rows": 1783, "Actual Loops": 1, "Inner Unique": false, "Plans": [{"Node Type": "Seq Scan", "Parent Relationship": "Outer", "Relation Name": "info_type", "Alias": "it1", "Startup Cost": 0.0, "Total Cost": 2.4, "Plan Rows": 1, "Plan Width": 4, "Actual Startup Time": 0.048, "Actual Total Time": 0.081, "Actual Rows": 1, "Actual Loops": 1, "Filter": "((info)::text = 'release dates'::text)", "Rows Removed by Filter": 111}, {"Node Type": "Bitmap Heap Scan", "Parent Relationship": "Inner", "Relation Name": "movie_info", "Alias": "mi", "Startup Cost": 4841.46, "Total Cost": 164941.85, "Plan Rows": 4, "Plan Width": 50, "Actual Startup Time": 436.84, "Actual Total Time": 1755.401, "Actual Rows": 1783, "Actual Loops": 1, "Recheck Cond": "(info_type_id = it1.id)", "Rows Removed by Index Recheck": 0, "Filter": "((info IS NOT NULL) AND ((note)::text ~~ '%internet%'::text) AND (((info)::text ~~ 'USA:% 199%'::text) OR ((info)::text ~~ 'USA:% 200%'::text)))", "Rows Removed by Filter": 3034936, "Exact Heap Blocks": 21947, "Lossy Heap Blocks": 21947, "Plans": [{"Node Type": "Bitmap Index Scan", "Parent Relationship": "Outer", "Index Name": "info_type_id_movie_info", "Startup Cost": 0.0, "Total Cost": 4841.46, "Plan Rows": 212428, "Plan Width": 0, "Actual Startup Time": 431.065, "Actual Total Time": 431.065, "Actual Rows": 3036719, "Actual Loops": 1, "Index Cond": "(info_type_id = it1.id)"}]}]}, {"Node Type": "Bitmap Heap Scan", "Parent Relationship": "Inner", "Relation Name": "aka_title", "Alias": "at", "Startup Cost": 3.79, "Total Cost": 15.63, "Plan Rows": 3, "Plan Width": 4, "Actual Startup Time": 8.151, "Actual Total Time": 8.262, "Actual Rows": 120, "Actual Loops": 1783, "Recheck Cond": "(movie_id = mi.movie_id)", "Rows Removed by Index Recheck": 0, "Exact Heap Blocks": 120, "Lossy Heap Blocks": 120, "Plans": [{"Node Type": "Bitmap Index Scan", "Parent Relationship": "Outer", "Index Name": "movie_id_aka_title", "Startup Cost": 0.0, "Total Cost": 3.79, "Plan Rows": 3, "Plan Width": 0, "Actual Startup Time": 6.619, "Actual Total Time": 6.619, "Actual Rows": 120, "Actual Loops": 1783, "Index Cond": "(movie_id = mi.movie_id)"}]}]}, {"Node Type": "Bitmap Heap Scan", "Parent Relationship": "Inner", "Relation Name": "movie_companies", "Alias": "mc", "Startup Cost": 0.37, "Total Cost": 4.4, "Plan Rows": 2, "Plan Width": 12, "Actual Startup Time": 1.465, "Actual Total Time": 1.742, "Actual Rows": 400, "Actual Loops": 120, "Recheck Cond": "(movie_id = at.movie_id)", "Rows Removed by Index Recheck": 0, "Exact Heap Blocks": 214, "Lossy Heap Blocks": 214, "Plans": [{"Node Type": "Bitmap Index Scan", "Parent Relationship": "Outer", "Index Name": "movie_id_movie_companies", "Startup Cost": 0.0, "Total Cost": 0.37, "Plan Rows": 2, "Plan Width": 0, "Actual Startup Time": 0.843, "Actual Total Time": 0.843, "Actual Rows": 400, "Actual Loops": 120, "Index Cond": "(movie_id = at.movie_id)"}]}]}, {"Node Type": "Bitmap Heap Scan", "Parent Relationship": "Inner", "Relation Name": "company_name", "Alias": "cn", "Startup Cost": 0.26, "Total Cost": 4.27, "Plan Rows": 1, "Plan Width": 4, "Actual Startup Time": 2.704, "Actual Total Time": 2.704, "Actual Rows": 284, "Actual Loops": 400, "Recheck Cond": "(id = mc.company_id)", "Rows Removed by Index Recheck": 0, "Filter": "((country_code)::text = '[us]'::text)", "Rows Removed by Filter": 116, "Exact Heap Blocks": 400, "Lossy Heap Blocks": 400, "Plans": [{"Node Type": "Bitmap Index Scan", "Parent Relationship": "Outer", "Index Name": "company_name_pkey", "Startup Cost": 0.0, "Total Cost": 0.26, "Plan Rows": 1, "Plan Width": 0, "Actual Startup Time": 1.499, "Actual Total Time": 1.499, "Actual Rows": 400, "Actual Loops": 400, "Index Cond": "(id = mc.company_id)"}]}]}, {"Node Type": "Materialize", "Parent Relationship": "Inner", "Startup Cost": 0.0, "Total Cost": 1.04, "Plan Rows": 3, "Plan Width": 4, "Actual Startup Time": 0.101, "Actual Total Time": 0.156, "Actual Rows": 614, "Actual Loops": 284, "Plans": [{"Node Type": "Seq Scan", "Parent Relationship": "Outer", "Relation Name": "company_type", "Alias": "ct", "Startup Cost": 0.0, "Total Cost": 1.03, "Plan Rows": 3, "Plan Width": 4, "Actual Startup Time": 0.013, "Actual Total Time": 0.016, "Actual Rows": 3, "Actual Loops": 1}]}]}, {"Node Type": "Bitmap Heap Scan", "Parent Relationship": "Inner", "Relation Name": "movie_keyword", "Alias": "mk", "Startup Cost": 0.34, "Total Cost": 4.44, "Plan Rows": 8, "Plan Width": 8, "Actual Startup Time": 1.163, "Actual Total Time": 1.361, "Actual Rows": 1140, "Actual Loops": 119, "Recheck Cond": "(movie_id = mc.movie_id)", "Rows Removed by Index Recheck": 0, "Exact Heap Blocks": 91, "Lossy Heap Blocks": 91, "Plans": [{"Node Type": "Bitmap Index Scan", "Parent Relationship": "Outer", "Index Name": "movie_id_movie_keyword", "Startup Cost": 0.0, "Total Cost": 0.34, "Plan Rows": 8, "Plan Width": 0, "Actual Startup Time": 0.713, "Actual Total Time": 0.713, "Actual Rows": 1140, "Actual Loops": 119, "Index Cond": "(movie_id = mc.movie_id)"}]}]}, {"Node Type": "Bitmap Heap Scan", "Parent Relationship": "Inner", "Relation Name": "keyword", "Alias": "k", "Startup Cost": 0.26, "Total Cost": 4.27, "Plan Rows": 1, "Plan Width": 4, "Actual Startup Time": 5.839, "Actual Total Time": 5.839, "Actual Rows": 1140, "Actual Loops": 1140, "Recheck Cond": "(id = mk.keyword_id)", "Rows Removed by Index Recheck": 0, "Exact Heap Blocks": 1140, "Lossy Heap Blocks": 1140, "Plans": [{"Node Type": "Bitmap Index Scan", "Parent Relationship": "Outer", "Index Name": "keyword_pkey", "Startup Cost": 0.0, "Total Cost": 0.26, "Plan Rows": 1, "Plan Width": 0, "Actual Startup Time": 3.696, "Actual Total Time": 3.696, "Actual Rows": 1140, "Actual Loops": 1140, "Index Cond": "(id = mk.keyword_id)"}]}]}, {"Node Type": "Bitmap Heap Scan", "Parent Relationship": "Inner", "Relation Name": "title", "Alias": "t", "Startup Cost": 0.27, "Total Cost": 4.28, "Plan Rows": 1, "Plan Width": 21, "Actual Startup Time": 4.791, "Actual Total Time": 4.791, "Actual Rows": 1140, "Actual Loops": 1140, "Recheck Cond": "(id = mk.movie_id)", "Rows Removed by Index Recheck": 0, "Filter": "(production_year > 1990)", "Rows Removed by Filter": 0, "Exact Heap Blocks": 1140, "Lossy Heap Blocks": 1140, "Plans": [{"Node Type": "Bitmap Index Scan", "Parent Relationship": "Outer", "Index Name": "title_pkey", "Startup Cost": 0.0, "Total Cost": 0.27, "Plan Rows": 1, "Plan Width": 0, "Actual Startup Time": 2.873, "Actual Total Time": 2.873, "Actual Rows": 1140, "Actual Loops": 1140, "Index Cond": "(id = mk.movie_id)"}]}]}]}, "Triggers": [], "Planner Runtime": 72.792, "Total Runtime": 1791.335, "Unique SQL Id": 2846462052}}, "(1, 55)": {"explain_plan": {"Plan": {"Node Type": "Aggregate", "Strategy": "Plain", "Startup Cost": 1000003810823.99, "Total Cost": 1000003810824.0, "Plan Rows": 1, "Plan Width": 123, "Plans": [{"Node Type": "Nested Loop", "Parent Relationship": "Outer", "Join Type": "Inner", "Startup Cost": 10000000002.95, "Total Cost": 1000003810823.33, "Plan Rows": 132, "Plan Width": 59, "Inner Unique": true, "Join Filter": "(at.movie_id = t.id)", "Plans": [{"Node Type": "Nested Loop", "Parent Relationship": "Outer", "Join Type": "Inner", "Startup Cost": 10000000002.69, "Total Cost": 1000003810415.45, "Plan Rows": 95, "Plan Width": 58, "Inner Unique": true, "Plans": [{"Node Type": "Nested Loop", "Parent Relationship": "Outer", "Join Type": "Inner", "Startup Cost": 10000000002.43, "Total Cost": 1000003810000.27, "Plan Rows": 97, "Plan Width": 62, "Inner Unique": false, "Join Filter": "(at.movie_id = mk.movie_id)", "Plans": [{"Node Type": "Nested Loop", "Parent Relationship": "Outer", "Join Type": "Inner", "Startup Cost": 10000000002.09, "Total Cost": 1000003809945.81, "Plan Rows": 12, "Plan Width": 54, "Inner Unique": true, "Plans": [{"Node Type": "Nested Loop", "Parent Relationship": "Outer", "Join Type": "Inner", "Startup Cost": 10000000001.84, "Total Cost": 1000003809894.45, "Plan Rows": 12, "Plan Width": 58, "Inner Unique": true, "Plans": [{"Node Type": "Nested Loop", "Parent Relationship": "Outer", "Join Type": "Inner", "Startup Cost": 10000000001.58, "Total Cost": 1000003809808.78, "Plan Rows": 20, "Plan Width": 62, "Inner Unique": false, "Plans": [{"Node Type": "Nested Loop", "Parent Relationship": "Outer", "Join Type": "Inner", "Startup Cost": 10000000001.21, "Total Cost": 1000003809769.03, "Plan Rows": 9, "Plan Width": 50, "Inner Unique": true, "Plans": [{"Node Type": "Nested Loop", "Parent Relationship": "Outer", "Join Type": "Inner", "Startup Cost": 10000000000.92, "Total Cost": 1000003806956.22, "Plan Rows": 652, "Plan Width": 54, "Inner Unique": false, "Plans": [{"Node Type": "Index Scan", "Parent Relationship": "Outer", "Scan Direction": "Forward", "Index Name": "movie_id_aka_title", "Relation Name": "aka_title", "Alias": "at", "Startup Cost": 10000000000.0, "Total Cost": 1000001990001.13, "Plan Rows": 361471, "Plan Width": 4}, {"Node Type": "Bitmap Heap Scan", "Parent Relationship": "Inner", "Relation Name": "movie_info", "Alias": "mi", "Startup Cost": 0.92, "Total Cost": 5.02, "Plan Rows": 1, "Plan Width": 50, "Recheck Cond": "(movie_id = at.movie_id)", "Filter": "((info IS NOT NULL) AND ((note)::text ~~ '%internet%'::text) AND (((info)::text ~~ 'USA:% 199%'::text) OR ((info)::text ~~ 'USA:% 200%'::text)))", "Plans": [{"Node Type": "Bitmap Index Scan", "Parent Relationship": "Outer", "Index Name": "movie_id_movie_info", "Startup Cost": 0.0, "Total Cost": 0.92, "Plan Rows": 5, "Plan Width": 0, "Index Cond": "(movie_id = at.movie_id)"}]}]}, {"Node Type": "Bitmap Heap Scan", "Parent Relationship": "Inner", "Relation Name": "info_type", "Alias": "it1", "Startup Cost": 0.29, "Total Cost": 4.3, "Plan Rows": 1, "Plan Width": 4, "Recheck Cond": "(id = mi.info_type_id)", "Filter": "((info)::text = 'release dates'::text)", "Plans": [{"Node Type": "Bitmap Index Scan", "Parent Relationship": "Outer", "Index Name": "info_type_pkey", "Startup Cost": 0.0, "Total Cost": 0.29, "Plan Rows": 1, "Plan Width": 0, "Index Cond": "(id = mi.info_type_id)"}]}]}, {"Node Type": "Bitmap Heap Scan", "Parent Relationship": "Inner", "Relation Name": "movie_companies", "Alias": "mc", "Startup Cost": 0.37, "Total Cost": 4.4, "Plan Rows": 2, "Plan Width": 12, "Recheck Cond": "(movie_id = at.movie_id)", "Plans": [{"Node Type": "Bitmap Index Scan", "Parent Relationship": "Outer", "Index Name": "movie_id_movie_companies", "Startup Cost": 0.0, "Total Cost": 0.37, "Plan Rows": 2, "Plan Width": 0, "Index Cond": "(movie_id = at.movie_id)"}]}]}, {"Node Type": "Bitmap Heap Scan", "Parent Relationship": "Inner", "Relation Name": "company_name", "Alias": "cn", "Startup Cost": 0.26, "Total Cost": 4.27, "Plan Rows": 1, "Plan Width": 4, "Recheck Cond": "(id = mc.company_id)", "Filter": "((country_code)::text = '[us]'::text)", "Plans": [{"Node Type": "Bitmap Index Scan", "Parent Relationship": "Outer", "Index Name": "company_name_pkey", "Startup Cost": 0.0, "Total Cost": 0.26, "Plan Rows": 1, "Plan Width": 0, "Index Cond": "(id = mc.company_id)"}]}]}, {"Node Type": "Bitmap Heap Scan", "Parent Relationship": "Inner", "Relation Name": "company_type", "Alias": "ct", "Startup Cost": 0.26, "Total Cost": 4.27, "Plan Rows": 1, "Plan Width": 4, "Recheck Cond": "(id = mc.company_type_id)", "Plans": [{"Node Type": "Bitmap Index Scan", "Parent Relationship": "Outer", "Index Name": "company_type_pkey", "Startup Cost": 0.0, "Total Cost": 0.26, "Plan Rows": 1, "Plan Width": 0, "Index Cond": "(id = mc.company_type_id)"}]}]}, {"Node Type": "Bitmap Heap Scan", "Parent Relationship": "Inner", "Relation Name": "movie_keyword", "Alias": "mk", "Startup Cost": 0.34, "Total Cost": 4.44, "Plan Rows": 8, "Plan Width": 8, "Recheck Cond": "(movie_id = mc.movie_id)", "Plans": [{"Node Type": "Bitmap Index Scan", "Parent Relationship": "Outer", "Index Name": "movie_id_movie_keyword", "Startup Cost": 0.0, "Total Cost": 0.34, "Plan Rows": 8, "Plan Width": 0, "Index Cond": "(movie_id = mc.movie_id)"}]}]}, {"Node Type": "Bitmap Heap Scan", "Parent Relationship": "Inner", "Relation Name": "keyword", "Alias": "k", "Startup Cost": 0.26, "Total Cost": 4.27, "Plan Rows": 1, "Plan Width": 4, "Recheck Cond": "(id = mk.keyword_id)", "Plans": [{"Node Type": "Bitmap Index Scan", "Parent Relationship": "Outer", "Index Name": "keyword_pkey", "Startup Cost": 0.0, "Total Cost": 0.26, "Plan Rows": 1, "Plan Width": 0, "Index Cond": "(id = mk.keyword_id)"}]}]}, {"Node Type": "Bitmap Heap Scan", "Parent Relationship": "Inner", "Relation Name": "title", "Alias": "t", "Startup Cost": 0.27, "Total Cost": 4.28, "Plan Rows": 1, "Plan Width": 21, "Recheck Cond": "(id = mk.movie_id)", "Filter": "(production_year > 1990)", "Plans": [{"Node Type": "Bitmap Index Scan", "Parent Relationship": "Outer", "Index Name": "title_pkey", "Startup Cost": 0.0, "Total Cost": 0.27, "Plan Rows": 1, "Plan Width": 0, "Index Cond": "(id = mk.movie_id)"}]}]}]}, "Unique SQL Id": 2846462052}, "explain_analyze_plan": null}, "(1, 56)": {"explain_plan": {"Plan": {"Node Type": "Aggregate", "Strategy": "Plain", "Startup Cost": 408589.29, "Total Cost": 408589.3, "Plan Rows": 1, "Plan Width": 123, "Plans": [{"Node Type": "Nested Loop", "Parent Relationship": "Outer", "Join Type": "Inner", "Startup Cost": 0.0, "Total Cost": 408588.63, "Plan Rows": 132, "Plan Width": 59, "Inner Unique": false, "Plans": [{"Node Type": "Nested Loop", "Parent Relationship": "Outer", "Join Type": "Inner", "Startup Cost": 0.0, "Total Cost": 408573.58, "Plan Rows": 44, "Plan Width": 75, "Inner Unique": true, "Plans": [{"Node Type": "Nested Loop", "Parent Relationship": "Outer", "Join Type": "Inner", "Startup Cost": 0.0, "Total Cost": 408561.26, "Plan Rows": 44, "Plan Width": 79, "Inner Unique": false, "Join Filter": "(t.id = mk.movie_id)", "Plans": [{"Node Type": "Nested Loop", "Parent Relationship": "Outer", "Join Type": "Inner", "Startup Cost": 0.0, "Total Cost": 408557.88, "Plan Rows": 6, "Plan Width": 71, "Inner Unique": true, "Plans": [{"Node Type": "Nested Loop", "Parent Relationship": "Outer", "Join Type": "Inner", "Startup Cost": 0.0, "Total Cost": 408554.72, "Plan Rows": 11, "Plan Width": 75, "Inner Unique": true, "Join Filter": "(mc.company_type_id = ct.id)", "Plans": [{"Node Type": "Nested Loop", "Parent Relationship": "Outer", "Join Type": "Inner", "Startup Cost": 0.0, "Total Cost": 408553.14, "Plan Rows": 12, "Plan Width": 79, "Inner Unique": false, "Plans": [{"Node Type": "Nested Loop", "Parent Relationship": "Outer", "Join Type": "Inner", "Startup Cost": 0.0, "Total Cost": 408550.93, "Plan Rows": 6, "Plan Width": 67, "Inner Unique": true, "Plans": [{"Node Type": "Nested Loop", "Parent Relationship": "Outer", "Join Type": "Inner", "Startup Cost": 0.0, "Total Cost": 408517.99, "Plan Rows": 4, "Plan Width": 46, "Inner Unique": false, "Join Filter": "(it1.id = mi.info_type_id)", "Plans": [{"Node Type": "Seq Scan", "Parent Relationship": "Outer", "Relation Name": "info_type", "Alias": "it1", "Startup Cost": 0.0, "Total Cost": 2.4, "Plan Rows": 1, "Plan Width": 4, "Filter": "((info)::text = 'release dates'::text)"}, {"Node Type": "Seq Scan", "Parent Relationship": "Inner", "Relation Name": "movie_info", "Alias": "mi", "Startup Cost": 0.0, "Total Cost": 408512.41, "Plan Rows": 255, "Plan Width": 50, "Filter": "((info IS NOT NULL) AND ((note)::text ~~ '%internet%'::text) AND (((info)::text ~~ 'USA:% 199%'::text) OR ((info)::text ~~ 'USA:% 200%'::text)))"}]}, {"Node Type": "Index Scan", "Parent Relationship": "Inner", "Scan Direction": "Forward", "Index Name": "title_pkey", "Relation Name": "title", "Alias": "t", "Startup Cost": 0.0, "Total Cost": 8.23, "Plan Rows": 1, "Plan Width": 21, "Index Cond": "(id = mi.movie_id)", "Filter": "(production_year > 1990)"}]}, {"Node Type": "Index Scan", "Parent Relationship": "Inner", "Scan Direction": "Forward", "Index Name": "movie_id_movie_companies", "Relation Name": "movie_companies", "Alias": "mc", "Startup Cost": 0.0, "Total Cost": 0.35, "Plan Rows": 2, "Plan Width": 12, "Index Cond": "(movie_id = t.id)"}]}, {"Node Type": "Materialize", "Parent Relationship": "Inner", "Startup Cost": 0.0, "Total Cost": 1.04, "Plan Rows": 3, "Plan Width": 4, "Plans": [{"Node Type": "Seq Scan", "Parent Relationship": "Outer", "Relation Name": "company_type", "Alias": "ct", "Startup Cost": 0.0, "Total Cost": 1.03, "Plan Rows": 3, "Plan Width": 4}]}]}, {"Node Type": "Index Scan", "Parent Relationship": "Inner", "Scan Direction": "Forward", "Index Name": "company_name_pkey", "Relation Name": "company_name", "Alias": "cn", "Startup Cost": 0.0, "Total Cost": 0.28, "Plan Rows": 1, "Plan Width": 4, "Index Cond": "(id = mc.company_id)", "Filter": "((country_code)::text = '[us]'::text)"}]}, {"Node Type": "Index Scan", "Parent Relationship": "Inner", "Scan Direction": "Forward", "Index Name": "movie_id_movie_keyword", "Relation Name": "movie_keyword", "Alias": "mk", "Startup Cost": 0.0, "Total Cost": 0.46, "Plan Rows": 8, "Plan Width": 8, "Index Cond": "(movie_id = mc.movie_id)"}]}, {"Node Type": "Index Only Scan", "Parent Relationship": "Inner", "Scan Direction": "Forward", "Index Name": "keyword_pkey", "Relation Name": "keyword", "Alias": "k", "Startup Cost": 0.0, "Total Cost": 0.27, "Plan Rows": 1, "Plan Width": 4, "Index Cond": "(id = mk.keyword_id)"}]}, {"Node Type": "Index Only Scan", "Parent Relationship": "Inner", "Scan Direction": "Forward", "Index Name": "movie_id_aka_title", "Relation Name": "aka_title", "Alias": "at", "Startup Cost": 0.0, "Total Cost": 0.31, "Plan Rows": 3, "Plan Width": 4, "Index Cond": "(movie_id = t.id)"}]}]}, "Unique SQL Id": 2846462052}, "explain_analyze_plan": null}, "(1, 57)": {"explain_plan": {"Plan": {"Node Type": "Aggregate", "Strategy": "Plain", "Startup Cost": 496832.71, "Total Cost": 496832.72, "Plan Rows": 1, "Plan Width": 123, "Plans": [{"Node Type": "Nested Loop", "Parent Relationship": "Outer", "Join Type": "Inner", "Startup Cost": 0.0, "Total Cost": 496832.05, "Plan Rows": 132, "Plan Width": 59, "Inner Unique": false, "Plans": [{"Node Type": "Nested Loop", "Parent Relationship": "Outer", "Join Type": "Inner", "Startup Cost": 0.0, "Total Cost": 496817.0, "Plan Rows": 44, "Plan Width": 75, "Inner Unique": true, "Plans": [{"Node Type": "Nested Loop", "Parent Relationship": "Outer", "Join Type": "Inner", "Startup Cost": 0.0, "Total Cost": 496804.68, "Plan Rows": 44, "Plan Width": 79, "Inner Unique": false, "Join Filter": "(t.id = mk.movie_id)", "Plans": [{"Node Type": "Nested Loop", "Parent Relationship": "Outer", "Join Type": "Inner", "Startup Cost": 0.0, "Total Cost": 496801.31, "Plan Rows": 6, "Plan Width": 71, "Inner Unique": true, "Plans": [{"Node Type": "Nested Loop", "Parent Relationship": "Outer", "Join Type": "Inner", "Startup Cost": 0.0, "Total Cost": 496798.51, "Plan Rows": 10, "Plan Width": 75, "Inner Unique": true, "Plans": [{"Node Type": "Nested Loop", "Parent Relationship": "Outer", "Join Type": "Inner", "Startup Cost": 0.0, "Total Cost": 496795.05, "Plan Rows": 12, "Plan Width": 79, "Inner Unique": false, "Plans": [{"Node Type": "Nested Loop", "Parent Relationship": "Outer", "Join Type": "Inner", "Startup Cost": 0.0, "Total Cost": 496792.85, "Plan Rows": 6, "Plan Width": 67, "Inner Unique": true, "Plans": [{"Node Type": "Nested Loop", "Parent Relationship": "Outer", "Join Type": "Inner", "Startup Cost": 0.0, "Total Cost": 496759.91, "Plan Rows": 4, "Plan Width": 46, "Inner Unique": false, "Plans": [{"Node Type": "Index Scan", "Parent Relationship": "Outer", "Scan Direction": "Forward", "Index Name": "info_type_pkey", "Relation Name": "info_type", "Alias": "it1", "Startup Cost": 0.0, "Total Cost": 14.21, "Plan Rows": 1, "Plan Width": 4, "Filter": "((info)::text = 'release dates'::text)"}, {"Node Type": "Index Scan", "Parent Relationship": "Inner", "Scan Direction": "Forward", "Index Name": "info_type_id_movie_info", "Relation Name": "movie_info", "Alias": "mi", "Startup Cost": 0.0, "Total Cost": 496745.66, "Plan Rows": 4, "Plan Width": 50, "Index Cond": "(info_type_id = it1.id)", "Filter": "((info IS NOT NULL) AND ((note)::text ~~ '%internet%'::text) AND (((info)::text ~~ 'USA:% 199%'::text) OR ((info)::text ~~ 'USA:% 200%'::text)))"}]}, {"Node Type": "Index Scan", "Parent Relationship": "Inner", "Scan Direction": "Forward", "Index Name": "title_pkey", "Relation Name": "title", "Alias": "t", "Startup Cost": 0.0, "Total Cost": 8.23, "Plan Rows": 1, "Plan Width": 21, "Index Cond": "(id = mi.movie_id)", "Filter": "(production_year > 1990)"}]}, {"Node Type": "Index Scan", "Parent Relationship": "Inner", "Scan Direction": "Forward", "Index Name": "movie_id_movie_companies", "Relation Name": "movie_companies", "Alias": "mc", "Startup Cost": 0.0, "Total Cost": 0.35, "Plan Rows": 2, "Plan Width": 12, "Index Cond": "(movie_id = t.id)"}]}, {"Node Type": "Index Scan", "Parent Relationship": "Inner", "Scan Direction": "Forward", "Index Name": "company_name_pkey", "Relation Name": "company_name", "Alias": "cn", "Startup Cost": 0.0, "Total Cost": 0.28, "Plan Rows": 1, "Plan Width": 4, "Index Cond": "(id = mc.company_id)", "Filter": "((country_code)::text = '[us]'::text)"}]}, {"Node Type": "Index Only Scan", "Parent Relationship": "Inner", "Scan Direction": "Forward", "Index Name": "company_type_pkey", "Relation Name": "company_type", "Alias": "ct", "Startup Cost": 0.0, "Total Cost": 0.27, "Plan Rows": 1, "Plan Width": 4, "Index Cond": "(id = mc.company_type_id)"}]}, {"Node Type": "Index Scan", "Parent Relationship": "Inner", "Scan Direction": "Forward", "Index Name": "movie_id_movie_keyword", "Relation Name": "movie_keyword", "Alias": "mk", "Startup Cost": 0.0, "Total Cost": 0.46, "Plan Rows": 8, "Plan Width": 8, "Index Cond": "(movie_id = mc.movie_id)"}]}, {"Node Type": "Index Only Scan", "Parent Relationship": "Inner", "Scan Direction": "Forward", "Index Name": "keyword_pkey", "Relation Name": "keyword", "Alias": "k", "Startup Cost": 0.0, "Total Cost": 0.27, "Plan Rows": 1, "Plan Width": 4, "Index Cond": "(id = mk.keyword_id)"}]}, {"Node Type": "Index Only Scan", "Parent Relationship": "Inner", "Scan Direction": "Forward", "Index Name": "movie_id_aka_title", "Relation Name": "aka_title", "Alias": "at", "Startup Cost": 0.0, "Total Cost": 0.31, "Plan Rows": 3, "Plan Width": 4, "Index Cond": "(movie_id = t.id)"}]}]}, "Unique SQL Id": 2846462052}, "explain_analyze_plan": {"Plan": {"Node Type": "Aggregate", "Strategy": "Plain", "Startup Cost": 496832.71, "Total Cost": 496832.72, "Plan Rows": 1, "Plan Width": 123, "Actual Startup Time": 1861.055, "Actual Total Time": 1861.056, "Actual Rows": 1, "Actual Loops": 1, "Plans": [{"Node Type": "Nested Loop", "Parent Relationship": "Outer", "Join Type": "Inner", "Startup Cost": 0.0, "Total Cost": 496832.05, "Plan Rows": 132, "Plan Width": 59, "Actual Startup Time": 75.109, "Actual Total Time": 1860.111, "Actual Rows": 1140, "Actual Loops": 1, "Inner Unique": false, "Plans": [{"Node Type": "Nested Loop", "Parent Relationship": "Outer", "Join Type": "Inner", "Startup Cost": 0.0, "Total Cost": 496817.0, "Plan Rows": 44, "Plan Width": 75, "Actual Startup Time": 0.816, "Actual Total Time": 1846.908, "Actual Rows": 4808, "Actual Loops": 1, "Inner Unique": true, "Plans": [{"Node Type": "Nested Loop", "Parent Relationship": "Outer", "Join Type": "Inner", "Startup Cost": 0.0, "Total Cost": 496804.68, "Plan Rows": 44, "Plan Width": 79, "Actual Startup Time": 0.8, "Actual Total Time": 1829.544, "Actual Rows": 4808, "Actual Loops": 1, "Inner Unique": false, "Join Filter": "(t.id = mk.movie_id)", "Rows Removed by Join Filter": 0, "Plans": [{"Node Type": "Nested Loop", "Parent Relationship": "Outer", "Join Type": "Inner", "Startup Cost": 0.0, "Total Cost": 496801.31, "Plan Rows": 6, "Plan Width": 71, "Actual Startup Time": 0.777, "Actual Total Time": 1817.136, "Actual Rows": 1488, "Actual Loops": 1, "Inner Unique": true, "Plans": [{"Node Type": "Nested Loop", "Parent Relationship": "Outer", "Join Type": "Inner", "Startup Cost": 0.0, "Total Cost": 496798.51, "Plan Rows": 10, "Plan Width": 75, "Actual Startup Time": 0.758, "Actual Total Time": 1812.454, "Actual Rows": 2647, "Actual Loops": 1, "Inner Unique": true, "Plans": [{"Node Type": "Nested Loop", "Parent Relationship": "Outer", "Join Type": "Inner", "Startup Cost": 0.0, "Total Cost": 496795.05, "Plan Rows": 12, "Plan Width": 79, "Actual Startup Time": 0.734, "Actual Total Time": 1795.105, "Actual Rows": 2884, "Actual Loops": 1, "Inner Unique": false, "Plans": [{"Node Type": "Nested Loop", "Parent Relationship": "Outer", "Join Type": "Inner", "Startup Cost": 0.0, "Total Cost": 496792.85, "Plan Rows": 6, "Plan Width": 67, "Actual Startup Time": 0.715, "Actual Total Time": 1780.919, "Actual Rows": 1782, "Actual Loops": 1, "Inner Unique": true, "Plans": [{"Node Type": "Nested Loop", "Parent Relationship": "Outer", "Join Type": "Inner", "Startup Cost": 0.0, "Total Cost": 496759.91, "Plan Rows": 4, "Plan Width": 46, "Actual Startup Time": 0.692, "Actual Total Time": 1766.84, "Actual Rows": 1783, "Actual Loops": 1, "Inner Unique": false, "Plans": [{"Node Type": "Index Scan", "Parent Relationship": "Outer", "Scan Direction": "Forward", "Index Name": "info_type_pkey", "Relation Name": "info_type", "Alias": "it1", "Startup Cost": 0.0, "Total Cost": 14.21, "Plan Rows": 1, "Plan Width": 4, "Actual Startup Time": 0.04, "Actual Total Time": 0.084, "Actual Rows": 1, "Actual Loops": 1, "Filter": "((info)::text = 'release dates'::text)", "Rows Removed by Filter": 111}, {"Node Type": "Index Scan", "Parent Relationship": "Inner", "Scan Direction": "Forward", "Index Name": "info_type_id_movie_info", "Relation Name": "movie_info", "Alias": "mi", "Startup Cost": 0.0, "Total Cost": 496745.66, "Plan Rows": 4, "Plan Width": 50, "Actual Startup Time": 0.648, "Actual Total Time": 1766.03, "Actual Rows": 1783, "Actual Loops": 1, "Index Cond": "(info_type_id = it1.id)", "Rows Removed by Index Recheck": 0, "Filter": "((info IS NOT NULL) AND ((note)::text ~~ '%internet%'::text) AND (((info)::text ~~ 'USA:% 199%'::text) OR ((info)::text ~~ 'USA:% 200%'::text)))", "Rows Removed by Filter": 3034936}]}, {"Node Type": "Index Scan", "Parent Relationship": "Inner", "Scan Direction": "Forward", "Index Name": "title_pkey", "Relation Name": "title", "Alias": "t", "Startup Cost": 0.0, "Total Cost": 8.23, "Plan Rows": 1, "Plan Width": 21, "Actual Startup Time": 11.382, "Actual Total Time": 11.382, "Actual Rows": 1782, "Actual Loops": 1783, "Index Cond": "(id = mi.movie_id)", "Rows Removed by Index Recheck": 0, "Filter": "(production_year > 1990)", "Rows Removed by Filter": 1}]}, {"Node Type": "Index Scan", "Parent Relationship": "Inner", "Scan Direction": "Forward", "Index Name": "movie_id_movie_companies", "Relation Name": "movie_companies", "Alias": "mc", "Startup Cost": 0.0, "Total Cost": 0.35, "Plan Rows": 2, "Plan Width": 12, "Actual Startup Time": 9.415, "Actual Total Time": 12.113, "Actual Rows": 2884, "Actual Loops": 1782, "Index Cond": "(movie_id = t.id)", "Rows Removed by Index Recheck": 0}]}, {"Node Type": "Index Scan", "Parent Relationship": "Inner", "Scan Direction": "Forward", "Index Name": "company_name_pkey", "Relation Name": "company_name", "Alias": "cn", "Startup Cost": 0.0, "Total Cost": 0.28, "Plan Rows": 1, "Plan Width": 4, "Actual Startup Time": 14.514, "Actual Total Time": 14.514, "Actual Rows": 2647, "Actual Loops": 2884, "Index Cond": "(id = mc.company_id)", "Rows Removed by Index Recheck": 0, "Filter": "((country_code)::text = '[us]'::text)", "Rows Removed by Filter": 237}]}, {"Node Type": "Index Only Scan", "Parent Relationship": "Inner", "Scan Direction": "Forward", "Index Name": "company_type_pkey", "Relation Name": "company_type", "Alias": "ct", "Startup Cost": 0.0, "Total Cost": 0.27, "Plan Rows": 1, "Plan Width": 4, "Actual Startup Time": 2.551, "Actual Total Time": 2.551, "Actual Rows": 1488, "Actual Loops": 2647, "Index Cond": "(id = mc.company_type_id)", "Rows Removed by Index Recheck": 0, "Heap Fetches": 0}]}, {"Node Type": "Index Scan", "Parent Relationship": "Inner", "Scan Direction": "Forward", "Index Name": "movie_id_movie_keyword", "Relation Name": "movie_keyword", "Alias": "mk", "Startup Cost": 0.0, "Total Cost": 0.46, "Plan Rows": 8, "Plan Width": 8, "Actual Startup Time": 7.021, "Actual Total Time": 9.337, "Actual Rows": 4808, "Actual Loops": 1488, "Index Cond": "(movie_id = mc.movie_id)", "Rows Removed by Index Recheck": 0}]}, {"Node Type": "Index Only Scan", "Parent Relationship": "Inner", "Scan Direction": "Forward", "Index Name": "keyword_pkey", "Relation Name": "keyword", "Alias": "k", "Startup Cost": 0.0, "Total Cost": 0.27, "Plan Rows": 1, "Plan Width": 4, "Actual Startup Time": 13.756, "Actual Total Time": 13.756, "Actual Rows": 4808, "Actual Loops": 4808, "Index Cond": "(id = mk.keyword_id)", "Rows Removed by Index Recheck": 0, "Heap Fetches": 0}]}, {"Node Type": "Index Only Scan", "Parent Relationship": "Inner", "Scan Direction": "Forward", "Index Name": "movie_id_aka_title", "Relation Name": "aka_title", "Alias": "at", "Startup Cost": 0.0, "Total Cost": 0.31, "Plan Rows": 3, "Plan Width": 4, "Actual Startup Time": 10.217, "Actual Total Time": 10.491, "Actual Rows": 1140, "Actual Loops": 4808, "Index Cond": "(movie_id = t.id)", "Rows Removed by Index Recheck": 0, "Heap Fetches": 0}]}]}, "Triggers": [], "Planner Runtime": 26.444, "Total Runtime": 1861.397, "Unique SQL Id": 2846462052}}, "(1, 58)": {"explain_plan": {"Plan": {"Node Type": "Aggregate", "Strategy": "Plain", "Startup Cost": 1603042.17, "Total Cost": 1603042.18, "Plan Rows": 1, "Plan Width": 123, "Plans": [{"Node Type": "Nested Loop", "Parent Relationship": "Outer", "Join Type": "Inner", "Startup Cost": 0.0, "Total Cost": 1603041.51, "Plan Rows": 132, "Plan Width": 59, "Inner Unique": false, "Join Filter": "(t.id = at.movie_id)", "Plans": [{"Node Type": "Seq Scan", "Parent Relationship": "Outer", "Relation Name": "aka_title", "Alias": "at", "Startup Cost": 0.0, "Total Cost": 9894.71, "Plan Rows": 361471, "Plan Width": 4}, {"Node Type": "Materialize", "Parent Relationship": "Inner", "Startup Cost": 0.0, "Total Cost": 1354576.05, "Plan Rows": 44, "Plan Width": 75, "Plans": [{"Node Type": "Nested Loop", "Parent Relationship": "Outer", "Join Type": "Inner", "Startup Cost": 0.0, "Total Cost": 1354575.83, "Plan Rows": 44, "Plan Width": 75, "Inner Unique": false, "Join Filter": "(mk.keyword_id = k.id)", "Plans": [{"Node Type": "Seq Scan", "Parent Relationship": "Outer", "Relation Name": "keyword", "Alias": "k", "Startup Cost": 0.0, "Total Cost": 2100.69, "Plan Rows": 134169, "Plan Width": 4}, {"Node Type": "Materialize", "Parent Relationship": "Inner", "Startup Cost": 0.0, "Total Cost": 1263923.71, "Plan Rows": 44, "Plan Width": 79, "Plans": [{"Node Type": "Nested Loop", "Parent Relationship": "Outer", "Join Type": "Inner", "Startup Cost": 0.0, "Total Cost": 1263923.49, "Plan Rows": 44, "Plan Width": 79, "Inner Unique": false, "Join Filter": "(t.id = mk.movie_id)", "Plans": [{"Node Type": "Seq Scan", "Parent Relationship": "Outer", "Relation Name": "movie_keyword", "Alias": "mk", "Startup Cost": 0.0, "Total Cost": 62441.29, "Plan Rows": 4523929, "Plan Width": 8}, {"Node Type": "Materialize", "Parent Relationship": "Inner", "Startup Cost": 0.0, "Total Cost": 794328.6, "Plan Rows": 6, "Plan Width": 71, "Plans": [{"Node Type": "Nested Loop", "Parent Relationship": "Outer", "Join Type": "Inner", "Startup Cost": 0.0, "Total Cost": 794328.57, "Plan Rows": 6, "Plan Width": 71, "Inner Unique": false, "Join Filter": "(mi.movie_id = t.id)", "Plans": [{"Node Type": "Seq Scan", "Parent Relationship": "Outer", "Relation Name": "title", "Alias": "t", "Startup Cost": 0.0, "Total Cost": 66389.89, "Plan Rows": 1748840, "Plan Width": 21, "Filter": "(production_year > 1990), (LLVM Optimized)"}, {"Node Type": "Materialize", "Parent Relationship": "Inner", "Startup Cost": 0.0, "Total Cost": 623008.3, "Plan Rows": 4, "Plan Width": 50, "Plans": [{"Node Type": "Nested Loop", "Parent Relationship": "Outer", "Join Type": "Inner", "Startup Cost": 0.0, "Total Cost": 623008.28, "Plan Rows": 4, "Plan Width": 50, "Inner Unique": false, "Join Filter": "(mc.company_id = cn.id)", "Plans": [{"Node Type": "Seq Scan", "Parent Relationship": "Outer", "Relation Name": "company_name", "Alias": "cn", "Startup Cost": 0.0, "Total Cost": 5903.45, "Plan Rows": 85170, "Plan Width": 4, "Filter": "((country_code)::text = '[us]'::text)"}, {"Node Type": "Materialize", "Parent Relationship": "Inner", "Startup Cost": 0.0, "Total Cost": 606884.45, "Plan Rows": 8, "Plan Width": 54, "Plans": [{"Node Type": "Nested Loop", "Parent Relationship": "Outer", "Join Type": "Inner", "Startup Cost": 0.0, "Total Cost": 606884.41, "Plan Rows": 8, "Plan Width": 54, "Inner Unique": true, "Join Filter": "(mc.company_type_id = ct.id)", "Plans": [{"Node Type": "Nested Loop", "Parent Relationship": "Outer", "Join Type": "Inner", "Startup Cost": 0.0, "Total Cost": 606882.96, "Plan Rows": 9, "Plan Width": 58, "Inner Unique": false, "Join Filter": "(mi.movie_id = mc.movie_id)", "Plans": [{"Node Type": "Seq Scan", "Parent Relationship": "Outer", "Relation Name": "movie_companies", "Alias": "mc", "Startup Cost": 0.0, "Total Cost": 41817.28, "Plan Rows": 2609128, "Plan Width": 12}, {"Node Type": "Materialize", "Parent Relationship": "Inner", "Startup Cost": 0.0, "Total Cost": 408518.01, "Plan Rows": 4, "Plan Width": 46, "Plans": [{"Node Type": "Nested Loop", "Parent Relationship": "Outer", "Join Type": "Inner", "Startup Cost": 0.0, "Total Cost": 408517.99, "Plan Rows": 4, "Plan Width": 46, "Inner Unique": false, "Join Filter": "(it1.id = mi.info_type_id)", "Plans": [{"Node Type": "Seq Scan", "Parent Relationship": "Outer", "Relation Name": "info_type", "Alias": "it1", "Startup Cost": 0.0, "Total Cost": 2.4, "Plan Rows": 1, "Plan Width": 4, "Filter": "((info)::text = 'release dates'::text)"}, {"Node Type": "Seq Scan", "Parent Relationship": "Inner", "Relation Name": "movie_info", "Alias": "mi", "Startup Cost": 0.0, "Total Cost": 408512.41, "Plan Rows": 255, "Plan Width": 50, "Filter": "((info IS NOT NULL) AND ((note)::text ~~ '%internet%'::text) AND (((info)::text ~~ 'USA:% 199%'::text) OR ((info)::text ~~ 'USA:% 200%'::text)))"}]}]}]}, {"Node Type": "Materialize", "Parent Relationship": "Inner", "Startup Cost": 0.0, "Total Cost": 1.04, "Plan Rows": 3, "Plan Width": 4, "Plans": [{"Node Type": "Seq Scan", "Parent Relationship": "Outer", "Relation Name": "company_type", "Alias": "ct", "Startup Cost": 0.0, "Total Cost": 1.03, "Plan Rows": 3, "Plan Width": 4}]}]}]}]}]}]}]}]}]}]}]}]}]}, "Unique SQL Id": 2846462052}, "explain_analyze_plan": null}, "(1, 59)": {"explain_plan": {"Plan": {"Node Type": "Aggregate", "Strategy": "Plain", "Startup Cost": 9000154402514.71, "Total Cost": 9000154402514.72, "Plan Rows": 1, "Plan Width": 123, "Plans": [{"Node Type": "Nested Loop", "Parent Relationship": "Outer", "Join Type": "Inner", "Startup Cost": 90000000000.0, "Total Cost": 9000154402514.05, "Plan Rows": 132, "Plan Width": 59, "Inner Unique": false, "Join Filter": "(t.id = at.movie_id)", "Plans": [{"Node Type": "Index Only Scan", "Parent Relationship": "Outer", "Scan Direction": "Forward", "Index Name": "movie_id_aka_title", "Relation Name": "aka_title", "Alias": "at", "Startup Cost": 10000000000.0, "Total Cost": 1000000898631.5, "Plan Rows": 361471, "Plan Width": 4}, {"Node Type": "Materialize", "Parent Relationship": "Inner", "Startup Cost": 80000000000.0, "Total Cost": 8000153265311.8, "Plan Rows": 44, "Plan Width": 75, "Plans": [{"Node Type": "Nested Loop", "Parent Relationship": "Outer", "Join Type": "Inner", "Startup Cost": 80000000000.0, "Total Cost": 8000153265311.58, "Plan Rows": 44, "Plan Width": 75, "Inner Unique": true, "Join Filter": "(mk.keyword_id = k.id)", "Plans": [{"Node Type": "Nested Loop", "Parent Relationship": "Outer", "Join Type": "Inner", "Startup Cost": 70000000000.0, "Total Cost": 7000152970346.12, "Plan Rows": 44, "Plan Width": 79, "Inner Unique": false, "Join Filter": "(t.id = mk.movie_id)", "Plans": [{"Node Type": "Index Scan", "Parent Relationship": "Outer", "Scan Direction": "Forward", "Index Name": "movie_id_movie_keyword", "Relation Name": "movie_keyword", "Alias": "mk", "Startup Cost": 10000000000.0, "Total Cost": 1000015300634.17, "Plan Rows": 4523929, "Plan Width": 8}, {"Node Type": "Materialize", "Parent Relationship": "Inner", "Startup Cost": 60000000000.0, "Total Cost": 6000137262558.35, "Plan Rows": 6, "Plan Width": 71, "Plans": [{"Node Type": "Nested Loop", "Parent Relationship": "Outer", "Join Type": "Inner", "Startup Cost": 60000000000.0, "Total Cost": 6000137262558.32, "Plan Rows": 6, "Plan Width": 71, "Inner Unique": false, "Join Filter": "(mi.movie_id = t.id)", "Plans": [{"Node Type": "Index Scan", "Parent Relationship": "Outer", "Scan Direction": "Forward", "Index Name": "title_pkey", "Relation Name": "title", "Alias": "t", "Startup Cost": 10000000000.0, "Total Cost": 1000011644126.66, "Plan Rows": 1748840, "Plan Width": 21, "Filter": "(production_year > 1990), (LLVM Optimized)"}, {"Node Type": "Materialize", "Parent Relationship": "Inner", "Startup Cost": 50000000000.0, "Total Cost": 5000125513501.27, "Plan Rows": 4, "Plan Width": 50, "Plans": [{"Node Type": "Nested Loop", "Parent Relationship": "Outer", "Join Type": "Inner", "Startup Cost": 50000000000.0, "Total Cost": 5000125513501.25, "Plan Rows": 4, "Plan Width": 50, "Inner Unique": true, "Join Filter": "(mc.company_id = cn.id)", "Plans": [{"Node Type": "Nested Loop", "Parent Relationship": "Outer", "Join Type": "Inner", "Startup Cost": 40000000000.0, "Total Cost": 4000124452928.96, "Plan Rows": 8, "Plan Width": 54, "Inner Unique": true, "Join Filter": "(mc.company_type_id = ct.id)", "Plans": [{"Node Type": "Nested Loop", "Parent Relationship": "Outer", "Join Type": "Inner", "Startup Cost": 30000000000.0, "Total Cost": 3000124452099.04, "Plan Rows": 9, "Plan Width": 58, "Inner Unique": false, "Join Filter": "(mi.movie_id = mc.movie_id)", "Plans": [{"Node Type": "Nested Loop", "Parent Relationship": "Outer", "Join Type": "Inner", "Startup Cost": 20000000000.0, "Total Cost": 2000114970811.54, "Plan Rows": 4, "Plan Width": 46, "Inner Unique": true, "Join Filter": "(it1.id = mi.info_type_id)", "Plans": [{"Node Type": "Index Scan", "Parent Relationship": "Outer", "Scan Direction": "Forward", "Index Name": "movie_id_movie_info", "Relation Name": "movie_info", "Alias": "mi", "Startup Cost": 10000000000.0, "Total Cost": 1000114969386.72, "Plan Rows": 255, "Plan Width": 50, "Filter": "((info IS NOT NULL) AND ((note)::text ~~ '%internet%'::text) AND (((info)::text ~~ 'USA:% 199%'::text) OR ((info)::text ~~ 'USA:% 200%'::text)))"}, {"Node Type": "Materialize", "Parent Relationship": "Inner", "Startup Cost": 10000000000.0, "Total Cost": 1000000001421.0, "Plan Rows": 1, "Plan Width": 4, "Plans": [{"Node Type": "Index Scan", "Parent Relationship": "Outer", "Scan Direction": "Forward", "Index Name": "info_type_pkey", "Relation Name": "info_type", "Alias": "it1", "Startup Cost": 10000000000.0, "Total Cost": 1000000001421.0, "Plan Rows": 1, "Plan Width": 4, "Filter": "((info)::text = 'release dates'::text)"}]}]}, {"Node Type": "Materialize", "Parent Relationship": "Inner", "Startup Cost": 10000000000.0, "Total Cost": 1000009331262.64, "Plan Rows": 2609128, "Plan Width": 12, "Plans": [{"Node Type": "Index Scan", "Parent Relationship": "Outer", "Scan Direction": "Forward", "Index Name": "company_type_id_movie_companies", "Relation Name": "movie_companies", "Alias": "mc", "Startup Cost": 10000000000.0, "Total Cost": 1000009318217.0, "Plan Rows": 2609128, "Plan Width": 12}]}]}, {"Node Type": "Materialize", "Parent Relationship": "Inner", "Startup Cost": 10000000000.0, "Total Cost": 1000000000829.52, "Plan Rows": 3, "Plan Width": 4, "Plans": [{"Node Type": "Index Only Scan", "Parent Relationship": "Outer", "Scan Direction": "Forward", "Index Name": "company_type_pkey", "Relation Name": "company_type", "Alias": "ct", "Startup Cost": 10000000000.0, "Total Cost": 1000000000829.5, "Plan Rows": 3, "Plan Width": 4}]}]}, {"Node Type": "Materialize", "Parent Relationship": "Inner", "Startup Cost": 10000000000.0, "Total Cost": 1000001050564.82, "Plan Rows": 85170, "Plan Width": 4, "Plans": [{"Node Type": "Index Scan", "Parent Relationship": "Outer", "Scan Direction": "Forward", "Index Name": "company_name_pkey", "Relation Name": "company_name", "Alias": "cn", "Startup Cost": 10000000000.0, "Total Cost": 1000001050138.97, "Plan Rows": 85170, "Plan Width": 4, "Filter": "((country_code)::text = '[us]'::text)"}]}]}]}]}]}]}, {"Node Type": "Materialize", "Parent Relationship": "Inner", "Startup Cost": 10000000000.0, "Total Cost": 1000000206749.34, "Plan Rows": 134169, "Plan Width": 4, "Plans": [{"Node Type": "Index Only Scan", "Parent Relationship": "Outer", "Scan Direction": "Forward", "Index Name": "keyword_pkey", "Relation Name": "keyword", "Alias": "k", "Startup Cost": 10000000000.0, "Total Cost": 1000000206078.5, "Plan Rows": 134169, "Plan Width": 4}]}]}]}]}]}, "Unique SQL Id": 2846462052}, "explain_analyze_plan": null}, "(1, 60)": {"explain_plan": {"Plan": {"Node Type": "Aggregate", "Strategy": "Plain", "Startup Cost": 408589.84, "Total Cost": 408589.85, "Plan Rows": 1, "Plan Width": 123, "Plans": [{"Node Type": "Nested Loop", "Parent Relationship": "Outer", "Join Type": "Inner", "Startup Cost": 0.0, "Total Cost": 408589.18, "Plan Rows": 132, "Plan Width": 59, "Inner Unique": false, "Join Filter": "(t.id = at.movie_id)", "Plans": [{"Node Type": "Nested Loop", "Parent Relationship": "Outer", "Join Type": "Inner", "Startup Cost": 0.0, "Total Cost": 408573.61, "Plan Rows": 44, "Plan Width": 75, "Inner Unique": true, "Plans": [{"Node Type": "Nested Loop", "Parent Relationship": "Outer", "Join Type": "Inner", "Startup Cost": 0.0, "Total Cost": 408561.26, "Plan Rows": 44, "Plan Width": 79, "Inner Unique": false, "Join Filter": "(t.id = mk.movie_id)", "Plans": [{"Node Type": "Nested Loop", "Parent Relationship": "Outer", "Join Type": "Inner", "Startup Cost": 0.0, "Total Cost": 408557.88, "Plan Rows": 6, "Plan Width": 71, "Inner Unique": true, "Plans": [{"Node Type": "Nested Loop", "Parent Relationship": "Outer", "Join Type": "Inner", "Startup Cost": 0.0, "Total Cost": 408554.72, "Plan Rows": 11, "Plan Width": 75, "Inner Unique": true, "Join Filter": "(mc.company_type_id = ct.id)", "Plans": [{"Node Type": "Nested Loop", "Parent Relationship": "Outer", "Join Type": "Inner", "Startup Cost": 0.0, "Total Cost": 408553.14, "Plan Rows": 12, "Plan Width": 79, "Inner Unique": false, "Plans": [{"Node Type": "Nested Loop", "Parent Relationship": "Outer", "Join Type": "Inner", "Startup Cost": 0.0, "Total Cost": 408550.93, "Plan Rows": 6, "Plan Width": 67, "Inner Unique": true, "Plans": [{"Node Type": "Nested Loop", "Parent Relationship": "Outer", "Join Type": "Inner", "Startup Cost": 0.0, "Total Cost": 408517.99, "Plan Rows": 4, "Plan Width": 46, "Inner Unique": false, "Join Filter": "(it1.id = mi.info_type_id)", "Plans": [{"Node Type": "Seq Scan", "Parent Relationship": "Outer", "Relation Name": "info_type", "Alias": "it1", "Startup Cost": 0.0, "Total Cost": 2.4, "Plan Rows": 1, "Plan Width": 4, "Filter": "((info)::text = 'release dates'::text)"}, {"Node Type": "Seq Scan", "Parent Relationship": "Inner", "Relation Name": "movie_info", "Alias": "mi", "Startup Cost": 0.0, "Total Cost": 408512.41, "Plan Rows": 255, "Plan Width": 50, "Filter": "((info IS NOT NULL) AND ((note)::text ~~ '%internet%'::text) AND (((info)::text ~~ 'USA:% 199%'::text) OR ((info)::text ~~ 'USA:% 200%'::text)))"}]}, {"Node Type": "Index Scan", "Parent Relationship": "Inner", "Scan Direction": "Forward", "Index Name": "title_pkey", "Relation Name": "title", "Alias": "t", "Startup Cost": 0.0, "Total Cost": 8.23, "Plan Rows": 1, "Plan Width": 21, "Index Cond": "(id = mi.movie_id)", "Filter": "(production_year > 1990)"}]}, {"Node Type": "Index Scan", "Parent Relationship": "Inner", "Scan Direction": "Forward", "Index Name": "movie_id_movie_companies", "Relation Name": "movie_companies", "Alias": "mc", "Startup Cost": 0.0, "Total Cost": 0.35, "Plan Rows": 2, "Plan Width": 12, "Index Cond": "(movie_id = t.id)"}]}, {"Node Type": "Materialize", "Parent Relationship": "Inner", "Startup Cost": 0.0, "Total Cost": 1.04, "Plan Rows": 3, "Plan Width": 4, "Plans": [{"Node Type": "Seq Scan", "Parent Relationship": "Outer", "Relation Name": "company_type", "Alias": "ct", "Startup Cost": 0.0, "Total Cost": 1.03, "Plan Rows": 3, "Plan Width": 4}]}]}, {"Node Type": "Index Scan", "Parent Relationship": "Inner", "Scan Direction": "Forward", "Index Name": "company_name_pkey", "Relation Name": "company_name", "Alias": "cn", "Startup Cost": 0.0, "Total Cost": 0.28, "Plan Rows": 1, "Plan Width": 4, "Index Cond": "(id = mc.company_id)", "Filter": "((country_code)::text = '[us]'::text)"}]}, {"Node Type": "Index Scan", "Parent Relationship": "Inner", "Scan Direction": "Forward", "Index Name": "movie_id_movie_keyword", "Relation Name": "movie_keyword", "Alias": "mk", "Startup Cost": 0.0, "Total Cost": 0.46, "Plan Rows": 8, "Plan Width": 8, "Index Cond": "(movie_id = mc.movie_id)"}]}, {"Node Type": "Index Scan", "Parent Relationship": "Inner", "Scan Direction": "Forward", "Index Name": "keyword_pkey", "Relation Name": "keyword", "Alias": "k", "Startup Cost": 0.0, "Total Cost": 0.27, "Plan Rows": 1, "Plan Width": 4, "Index Cond": "(id = mk.keyword_id)"}]}, {"Node Type": "Index Scan", "Parent Relationship": "Inner", "Scan Direction": "Forward", "Index Name": "movie_id_aka_title", "Relation Name": "aka_title", "Alias": "at", "Startup Cost": 0.0, "Total Cost": 0.32, "Plan Rows": 3, "Plan Width": 4, "Index Cond": "(movie_id = mk.movie_id)"}]}]}, "Unique SQL Id": 2846462052}, "explain_analyze_plan": null}, "(1, 61)": {"explain_plan": {"Plan": {"Node Type": "Aggregate", "Strategy": "Plain", "Startup Cost": 496833.26, "Total Cost": 496833.27, "Plan Rows": 1, "Plan Width": 123, "Plans": [{"Node Type": "Nested Loop", "Parent Relationship": "Outer", "Join Type": "Inner", "Startup Cost": 0.0, "Total Cost": 496832.6, "Plan Rows": 132, "Plan Width": 59, "Inner Unique": false, "Join Filter": "(t.id = at.movie_id)", "Plans": [{"Node Type": "Nested Loop", "Parent Relationship": "Outer", "Join Type": "Inner", "Startup Cost": 0.0, "Total Cost": 496817.03, "Plan Rows": 44, "Plan Width": 75, "Inner Unique": true, "Plans": [{"Node Type": "Nested Loop", "Parent Relationship": "Outer", "Join Type": "Inner", "Startup Cost": 0.0, "Total Cost": 496804.68, "Plan Rows": 44, "Plan Width": 79, "Inner Unique": false, "Join Filter": "(t.id = mk.movie_id)", "Plans": [{"Node Type": "Nested Loop", "Parent Relationship": "Outer", "Join Type": "Inner", "Startup Cost": 0.0, "Total Cost": 496801.31, "Plan Rows": 6, "Plan Width": 71, "Inner Unique": true, "Plans": [{"Node Type": "Nested Loop", "Parent Relationship": "Outer", "Join Type": "Inner", "Startup Cost": 0.0, "Total Cost": 496798.51, "Plan Rows": 10, "Plan Width": 75, "Inner Unique": true, "Plans": [{"Node Type": "Nested Loop", "Parent Relationship": "Outer", "Join Type": "Inner", "Startup Cost": 0.0, "Total Cost": 496795.05, "Plan Rows": 12, "Plan Width": 79, "Inner Unique": false, "Plans": [{"Node Type": "Nested Loop", "Parent Relationship": "Outer", "Join Type": "Inner", "Startup Cost": 0.0, "Total Cost": 496792.85, "Plan Rows": 6, "Plan Width": 67, "Inner Unique": true, "Plans": [{"Node Type": "Nested Loop", "Parent Relationship": "Outer", "Join Type": "Inner", "Startup Cost": 0.0, "Total Cost": 496759.91, "Plan Rows": 4, "Plan Width": 46, "Inner Unique": false, "Plans": [{"Node Type": "Index Scan", "Parent Relationship": "Outer", "Scan Direction": "Forward", "Index Name": "info_type_pkey", "Relation Name": "info_type", "Alias": "it1", "Startup Cost": 0.0, "Total Cost": 14.21, "Plan Rows": 1, "Plan Width": 4, "Filter": "((info)::text = 'release dates'::text)"}, {"Node Type": "Index Scan", "Parent Relationship": "Inner", "Scan Direction": "Forward", "Index Name": "info_type_id_movie_info", "Relation Name": "movie_info", "Alias": "mi", "Startup Cost": 0.0, "Total Cost": 496745.66, "Plan Rows": 4, "Plan Width": 50, "Index Cond": "(info_type_id = it1.id)", "Filter": "((info IS NOT NULL) AND ((note)::text ~~ '%internet%'::text) AND (((info)::text ~~ 'USA:% 199%'::text) OR ((info)::text ~~ 'USA:% 200%'::text)))"}]}, {"Node Type": "Index Scan", "Parent Relationship": "Inner", "Scan Direction": "Forward", "Index Name": "title_pkey", "Relation Name": "title", "Alias": "t", "Startup Cost": 0.0, "Total Cost": 8.23, "Plan Rows": 1, "Plan Width": 21, "Index Cond": "(id = mi.movie_id)", "Filter": "(production_year > 1990)"}]}, {"Node Type": "Index Scan", "Parent Relationship": "Inner", "Scan Direction": "Forward", "Index Name": "movie_id_movie_companies", "Relation Name": "movie_companies", "Alias": "mc", "Startup Cost": 0.0, "Total Cost": 0.35, "Plan Rows": 2, "Plan Width": 12, "Index Cond": "(movie_id = t.id)"}]}, {"Node Type": "Index Scan", "Parent Relationship": "Inner", "Scan Direction": "Forward", "Index Name": "company_name_pkey", "Relation Name": "company_name", "Alias": "cn", "Startup Cost": 0.0, "Total Cost": 0.28, "Plan Rows": 1, "Plan Width": 4, "Index Cond": "(id = mc.company_id)", "Filter": "((country_code)::text = '[us]'::text)"}]}, {"Node Type": "Index Scan", "Parent Relationship": "Inner", "Scan Direction": "Forward", "Index Name": "company_type_pkey", "Relation Name": "company_type", "Alias": "ct", "Startup Cost": 0.0, "Total Cost": 0.27, "Plan Rows": 1, "Plan Width": 4, "Index Cond": "(id = mc.company_type_id)"}]}, {"Node Type": "Index Scan", "Parent Relationship": "Inner", "Scan Direction": "Forward", "Index Name": "movie_id_movie_keyword", "Relation Name": "movie_keyword", "Alias": "mk", "Startup Cost": 0.0, "Total Cost": 0.46, "Plan Rows": 8, "Plan Width": 8, "Index Cond": "(movie_id = mc.movie_id)"}]}, {"Node Type": "Index Scan", "Parent Relationship": "Inner", "Scan Direction": "Forward", "Index Name": "keyword_pkey", "Relation Name": "keyword", "Alias": "k", "Startup Cost": 0.0, "Total Cost": 0.27, "Plan Rows": 1, "Plan Width": 4, "Index Cond": "(id = mk.keyword_id)"}]}, {"Node Type": "Index Scan", "Parent Relationship": "Inner", "Scan Direction": "Forward", "Index Name": "movie_id_aka_title", "Relation Name": "aka_title", "Alias": "at", "Startup Cost": 0.0, "Total Cost": 0.32, "Plan Rows": 3, "Plan Width": 4, "Index Cond": "(movie_id = mk.movie_id)"}]}]}, "Unique SQL Id": 2846462052}, "explain_analyze_plan": {"Plan": {"Node Type": "Aggregate", "Strategy": "Plain", "Startup Cost": 496833.26, "Total Cost": 496833.27, "Plan Rows": 1, "Plan Width": 123, "Actual Startup Time": 1911.833, "Actual Total Time": 1911.833, "Actual Rows": 1, "Actual Loops": 1, "Plans": [{"Node Type": "Nested Loop", "Parent Relationship": "Outer", "Join Type": "Inner", "Startup Cost": 0.0, "Total Cost": 496832.6, "Plan Rows": 132, "Plan Width": 59, "Actual Startup Time": 63.152, "Actual Total Time": 1910.888, "Actual Rows": 1140, "Actual Loops": 1, "Inner Unique": false, "Join Filter": "(t.id = at.movie_id)", "Rows Removed by Join Filter": 0, "Plans": [{"Node Type": "Nested Loop", "Parent Relationship": "Outer", "Join Type": "Inner", "Startup Cost": 0.0, "Total Cost": 496817.03, "Plan Rows": 44, "Plan Width": 75, "Actual Startup Time": 0.651, "Actual Total Time": 1895.802, "Actual Rows": 4808, "Actual Loops": 1, "Inner Unique": true, "Plans": [{"Node Type": "Nested Loop", "Parent Relationship": "Outer", "Join Type": "Inner", "Startup Cost": 0.0, "Total Cost": 496804.68, "Plan Rows": 44, "Plan Width": 79, "Actual Startup Time": 0.642, "Actual Total Time": 1869.99, "Actual Rows": 4808, "Actual Loops": 1, "Inner Unique": false, "Join Filter": "(t.id = mk.movie_id)", "Rows Removed by Join Filter": 0, "Plans": [{"Node Type": "Nested Loop", "Parent Relationship": "Outer", "Join Type": "Inner", "Startup Cost": 0.0, "Total Cost": 496801.31, "Plan Rows": 6, "Plan Width": 71, "Actual Startup Time": 0.63, "Actual Total Time": 1855.428, "Actual Rows": 1488, "Actual Loops": 1, "Inner Unique": true, "Plans": [{"Node Type": "Nested Loop", "Parent Relationship": "Outer", "Join Type": "Inner", "Startup Cost": 0.0, "Total Cost": 496798.51, "Plan Rows": 10, "Plan Width": 75, "Actual Startup Time": 0.615, "Actual Total Time": 1849.294, "Actual Rows": 2647, "Actual Loops": 1, "Inner Unique": true, "Plans": [{"Node Type": "Nested Loop", "Parent Relationship": "Outer", "Join Type": "Inner", "Startup Cost": 0.0, "Total Cost": 496795.05, "Plan Rows": 12, "Plan Width": 79, "Actual Startup Time": 0.602, "Actual Total Time": 1829.344, "Actual Rows": 2884, "Actual Loops": 1, "Inner Unique": false, "Plans": [{"Node Type": "Nested Loop", "Parent Relationship": "Outer", "Join Type": "Inner", "Startup Cost": 0.0, "Total Cost": 496792.85, "Plan Rows": 6, "Plan Width": 67, "Actual Startup Time": 0.592, "Actual Total Time": 1812.89, "Actual Rows": 1782, "Actual Loops": 1, "Inner Unique": true, "Plans": [{"Node Type": "Nested Loop", "Parent Relationship": "Outer", "Join Type": "Inner", "Startup Cost": 0.0, "Total Cost": 496759.91, "Plan Rows": 4, "Plan Width": 46, "Actual Startup Time": 0.578, "Actual Total Time": 1796.87, "Actual Rows": 1783, "Actual Loops": 1, "Inner Unique": false, "Plans": [{"Node Type": "Index Scan", "Parent Relationship": "Outer", "Scan Direction": "Forward", "Index Name": "info_type_pkey", "Relation Name": "info_type", "Alias": "it1", "Startup Cost": 0.0, "Total Cost": 14.21, "Plan Rows": 1, "Plan Width": 4, "Actual Startup Time": 0.05, "Actual Total Time": 0.093, "Actual Rows": 1, "Actual Loops": 1, "Filter": "((info)::text = 'release dates'::text)", "Rows Removed by Filter": 111}, {"Node Type": "Index Scan", "Parent Relationship": "Inner", "Scan Direction": "Forward", "Index Name": "info_type_id_movie_info", "Relation Name": "movie_info", "Alias": "mi", "Startup Cost": 0.0, "Total Cost": 496745.66, "Plan Rows": 4, "Plan Width": 50, "Actual Startup Time": 0.523, "Actual Total Time": 1796.089, "Actual Rows": 1783, "Actual Loops": 1, "Index Cond": "(info_type_id = it1.id)", "Rows Removed by Index Recheck": 0, "Filter": "((info IS NOT NULL) AND ((note)::text ~~ '%internet%'::text) AND (((info)::text ~~ 'USA:% 199%'::text) OR ((info)::text ~~ 'USA:% 200%'::text)))", "Rows Removed by Filter": 3034936}]}, {"Node Type": "Index Scan", "Parent Relationship": "Inner", "Scan Direction": "Forward", "Index Name": "title_pkey", "Relation Name": "title", "Alias": "t", "Startup Cost": 0.0, "Total Cost": 8.23, "Plan Rows": 1, "Plan Width": 21, "Actual Startup Time": 13.283, "Actual Total Time": 13.283, "Actual Rows": 1782, "Actual Loops": 1783, "Index Cond": "(id = mi.movie_id)", "Rows Removed by Index Recheck": 0, "Filter": "(production_year > 1990)", "Rows Removed by Filter": 1}]}, {"Node Type": "Index Scan", "Parent Relationship": "Inner", "Scan Direction": "Forward", "Index Name": "movie_id_movie_companies", "Relation Name": "movie_companies", "Alias": "mc", "Startup Cost": 0.0, "Total Cost": 0.35, "Plan Rows": 2, "Plan Width": 12, "Actual Startup Time": 11.319, "Actual Total Time": 14.303, "Actual Rows": 2884, "Actual Loops": 1782, "Index Cond": "(movie_id = t.id)", "Rows Removed by Index Recheck": 0}]}, {"Node Type": "Index Scan", "Parent Relationship": "Inner", "Scan Direction": "Forward", "Index Name": "company_name_pkey", "Relation Name": "company_name", "Alias": "cn", "Startup Cost": 0.0, "Total Cost": 0.28, "Plan Rows": 1, "Plan Width": 4, "Actual Startup Time": 16.879, "Actual Total Time": 16.879, "Actual Rows": 2647, "Actual Loops": 2884, "Index Cond": "(id = mc.company_id)", "Rows Removed by Index Recheck": 0, "Filter": "((country_code)::text = '[us]'::text)", "Rows Removed by Filter": 237}]}, {"Node Type": "Index Scan", "Parent Relationship": "Inner", "Scan Direction": "Forward", "Index Name": "company_type_pkey", "Relation Name": "company_type", "Alias": "ct", "Startup Cost": 0.0, "Total Cost": 0.27, "Plan Rows": 1, "Plan Width": 4, "Actual Startup Time": 3.52, "Actual Total Time": 3.52, "Actual Rows": 1488, "Actual Loops": 2647, "Index Cond": "(id = mc.company_type_id)", "Rows Removed by Index Recheck": 0}]}, {"Node Type": "Index Scan", "Parent Relationship": "Inner", "Scan Direction": "Forward", "Index Name": "movie_id_movie_keyword", "Relation Name": "movie_keyword", "Alias": "mk", "Startup Cost": 0.0, "Total Cost": 0.46, "Plan Rows": 8, "Plan Width": 8, "Actual Startup Time": 9.051, "Actual Total Time": 11.214, "Actual Rows": 4808, "Actual Loops": 1488, "Index Cond": "(movie_id = mc.movie_id)", "Rows Removed by Index Recheck": 0}]}, {"Node Type": "Index Scan", "Parent Relationship": "Inner", "Scan Direction": "Forward", "Index Name": "keyword_pkey", "Relation Name": "keyword", "Alias": "k", "Startup Cost": 0.0, "Total Cost": 0.27, "Plan Rows": 1, "Plan Width": 4, "Actual Startup Time": 21.453, "Actual Total Time": 21.453, "Actual Rows": 4808, "Actual Loops": 4808, "Index Cond": "(id = mk.keyword_id)", "Rows Removed by Index Recheck": 0}]}, {"Node Type": "Index Scan", "Parent Relationship": "Inner", "Scan Direction": "Forward", "Index Name": "movie_id_aka_title", "Relation Name": "aka_title", "Alias": "at", "Startup Cost": 0.0, "Total Cost": 0.32, "Plan Rows": 3, "Plan Width": 4, "Actual Startup Time": 11.472, "Actual Total Time": 12.032, "Actual Rows": 1140, "Actual Loops": 4808, "Index Cond": "(movie_id = mk.movie_id)", "Rows Removed by Index Recheck": 0}]}]}, "Triggers": [], "Planner Runtime": 26.321, "Total Runtime": 1912.163, "Unique SQL Id": 2846462052}}, "(1, 62)": {"explain_plan": {"Plan": {"Node Type": "Aggregate", "Strategy": "Plain", "Startup Cost": 1603042.17, "Total Cost": 1603042.18, "Plan Rows": 1, "Plan Width": 123, "Plans": [{"Node Type": "Nested Loop", "Parent Relationship": "Outer", "Join Type": "Inner", "Startup Cost": 0.0, "Total Cost": 1603041.51, "Plan Rows": 132, "Plan Width": 59, "Inner Unique": false, "Join Filter": "(t.id = at.movie_id)", "Plans": [{"Node Type": "Seq Scan", "Parent Relationship": "Outer", "Relation Name": "aka_title", "Alias": "at", "Startup Cost": 0.0, "Total Cost": 9894.71, "Plan Rows": 361471, "Plan Width": 4}, {"Node Type": "Materialize", "Parent Relationship": "Inner", "Startup Cost": 0.0, "Total Cost": 1354576.05, "Plan Rows": 44, "Plan Width": 75, "Plans": [{"Node Type": "Nested Loop", "Parent Relationship": "Outer", "Join Type": "Inner", "Startup Cost": 0.0, "Total Cost": 1354575.83, "Plan Rows": 44, "Plan Width": 75, "Inner Unique": false, "Join Filter": "(mk.keyword_id = k.id)", "Plans": [{"Node Type": "Seq Scan", "Parent Relationship": "Outer", "Relation Name": "keyword", "Alias": "k", "Startup Cost": 0.0, "Total Cost": 2100.69, "Plan Rows": 134169, "Plan Width": 4}, {"Node Type": "Materialize", "Parent Relationship": "Inner", "Startup Cost": 0.0, "Total Cost": 1263923.71, "Plan Rows": 44, "Plan Width": 79, "Plans": [{"Node Type": "Nested Loop", "Parent Relationship": "Outer", "Join Type": "Inner", "Startup Cost": 0.0, "Total Cost": 1263923.49, "Plan Rows": 44, "Plan Width": 79, "Inner Unique": false, "Join Filter": "(t.id = mk.movie_id)", "Plans": [{"Node Type": "Seq Scan", "Parent Relationship": "Outer", "Relation Name": "movie_keyword", "Alias": "mk", "Startup Cost": 0.0, "Total Cost": 62441.29, "Plan Rows": 4523929, "Plan Width": 8}, {"Node Type": "Materialize", "Parent Relationship": "Inner", "Startup Cost": 0.0, "Total Cost": 794328.6, "Plan Rows": 6, "Plan Width": 71, "Plans": [{"Node Type": "Nested Loop", "Parent Relationship": "Outer", "Join Type": "Inner", "Startup Cost": 0.0, "Total Cost": 794328.57, "Plan Rows": 6, "Plan Width": 71, "Inner Unique": false, "Join Filter": "(mi.movie_id = t.id)", "Plans": [{"Node Type": "Seq Scan", "Parent Relationship": "Outer", "Relation Name": "title", "Alias": "t", "Startup Cost": 0.0, "Total Cost": 66389.89, "Plan Rows": 1748840, "Plan Width": 21, "Filter": "(production_year > 1990), (LLVM Optimized)"}, {"Node Type": "Materialize", "Parent Relationship": "Inner", "Startup Cost": 0.0, "Total Cost": 623008.3, "Plan Rows": 4, "Plan Width": 50, "Plans": [{"Node Type": "Nested Loop", "Parent Relationship": "Outer", "Join Type": "Inner", "Startup Cost": 0.0, "Total Cost": 623008.28, "Plan Rows": 4, "Plan Width": 50, "Inner Unique": false, "Join Filter": "(mc.company_id = cn.id)", "Plans": [{"Node Type": "Seq Scan", "Parent Relationship": "Outer", "Relation Name": "company_name", "Alias": "cn", "Startup Cost": 0.0, "Total Cost": 5903.45, "Plan Rows": 85170, "Plan Width": 4, "Filter": "((country_code)::text = '[us]'::text)"}, {"Node Type": "Materialize", "Parent Relationship": "Inner", "Startup Cost": 0.0, "Total Cost": 606884.45, "Plan Rows": 8, "Plan Width": 54, "Plans": [{"Node Type": "Nested Loop", "Parent Relationship": "Outer", "Join Type": "Inner", "Startup Cost": 0.0, "Total Cost": 606884.41, "Plan Rows": 8, "Plan Width": 54, "Inner Unique": true, "Join Filter": "(mc.company_type_id = ct.id)", "Plans": [{"Node Type": "Nested Loop", "Parent Relationship": "Outer", "Join Type": "Inner", "Startup Cost": 0.0, "Total Cost": 606882.96, "Plan Rows": 9, "Plan Width": 58, "Inner Unique": false, "Join Filter": "(mi.movie_id = mc.movie_id)", "Plans": [{"Node Type": "Seq Scan", "Parent Relationship": "Outer", "Relation Name": "movie_companies", "Alias": "mc", "Startup Cost": 0.0, "Total Cost": 41817.28, "Plan Rows": 2609128, "Plan Width": 12}, {"Node Type": "Materialize", "Parent Relationship": "Inner", "Startup Cost": 0.0, "Total Cost": 408518.01, "Plan Rows": 4, "Plan Width": 46, "Plans": [{"Node Type": "Nested Loop", "Parent Relationship": "Outer", "Join Type": "Inner", "Startup Cost": 0.0, "Total Cost": 408517.99, "Plan Rows": 4, "Plan Width": 46, "Inner Unique": false, "Join Filter": "(it1.id = mi.info_type_id)", "Plans": [{"Node Type": "Seq Scan", "Parent Relationship": "Outer", "Relation Name": "info_type", "Alias": "it1", "Startup Cost": 0.0, "Total Cost": 2.4, "Plan Rows": 1, "Plan Width": 4, "Filter": "((info)::text = 'release dates'::text)"}, {"Node Type": "Seq Scan", "Parent Relationship": "Inner", "Relation Name": "movie_info", "Alias": "mi", "Startup Cost": 0.0, "Total Cost": 408512.41, "Plan Rows": 255, "Plan Width": 50, "Filter": "((info IS NOT NULL) AND ((note)::text ~~ '%internet%'::text) AND (((info)::text ~~ 'USA:% 199%'::text) OR ((info)::text ~~ 'USA:% 200%'::text)))"}]}]}]}, {"Node Type": "Materialize", "Parent Relationship": "Inner", "Startup Cost": 0.0, "Total Cost": 1.04, "Plan Rows": 3, "Plan Width": 4, "Plans": [{"Node Type": "Seq Scan", "Parent Relationship": "Outer", "Relation Name": "company_type", "Alias": "ct", "Startup Cost": 0.0, "Total Cost": 1.03, "Plan Rows": 3, "Plan Width": 4}]}]}]}]}]}]}]}]}]}]}]}]}]}, "Unique SQL Id": 2846462052}, "explain_analyze_plan": null}, "(1, 63)": {"explain_plan": {"Plan": {"Node Type": "Aggregate", "Strategy": "Plain", "Startup Cost": 9000155572935.28, "Total Cost": 9000155572935.29, "Plan Rows": 1, "Plan Width": 123, "Plans": [{"Node Type": "Nested Loop", "Parent Relationship": "Outer", "Join Type": "Inner", "Startup Cost": 90000000000.0, "Total Cost": 9000155572934.62, "Plan Rows": 132, "Plan Width": 59, "Inner Unique": false, "Join Filter": "(t.id = at.movie_id)", "Plans": [{"Node Type": "Index Scan", "Parent Relationship": "Outer", "Scan Direction": "Forward", "Index Name": "movie_id_aka_title", "Relation Name": "aka_title", "Alias": "at", "Startup Cost": 10000000000.0, "Total Cost": 1000001990001.13, "Plan Rows": 361471, "Plan Width": 4}, {"Node Type": "Materialize", "Parent Relationship": "Inner", "Startup Cost": 80000000000.0, "Total Cost": 8000153344362.73, "Plan Rows": 44, "Plan Width": 75, "Plans": [{"Node Type": "Nested Loop", "Parent Relationship": "Outer", "Join Type": "Inner", "Startup Cost": 80000000000.0, "Total Cost": 8000153344362.51, "Plan Rows": 44, "Plan Width": 75, "Inner Unique": true, "Join Filter": "(mk.keyword_id = k.id)", "Plans": [{"Node Type": "Nested Loop", "Parent Relationship": "Outer", "Join Type": "Inner", "Startup Cost": 70000000000.0, "Total Cost": 7000152970746.12, "Plan Rows": 44, "Plan Width": 79, "Inner Unique": false, "Join Filter": "(t.id = mk.movie_id)", "Plans": [{"Node Type": "Index Scan", "Parent Relationship": "Outer", "Scan Direction": "Forward", "Index Name": "movie_id_movie_keyword", "Relation Name": "movie_keyword", "Alias": "mk", "Startup Cost": 10000000000.0, "Total Cost": 1000015300634.17, "Plan Rows": 4523929, "Plan Width": 8}, {"Node Type": "Materialize", "Parent Relationship": "Inner", "Startup Cost": 60000000000.0, "Total Cost": 6000137262958.35, "Plan Rows": 6, "Plan Width": 71, "Plans": [{"Node Type": "Nested Loop", "Parent Relationship": "Outer", "Join Type": "Inner", "Startup Cost": 60000000000.0, "Total Cost": 6000137262958.32, "Plan Rows": 6, "Plan Width": 71, "Inner Unique": false, "Join Filter": "(mi.movie_id = t.id)", "Plans": [{"Node Type": "Index Scan", "Parent Relationship": "Outer", "Scan Direction": "Forward", "Index Name": "title_pkey", "Relation Name": "title", "Alias": "t", "Startup Cost": 10000000000.0, "Total Cost": 1000011644126.66, "Plan Rows": 1748840, "Plan Width": 21, "Filter": "(production_year > 1990), (LLVM Optimized)"}, {"Node Type": "Materialize", "Parent Relationship": "Inner", "Startup Cost": 50000000000.0, "Total Cost": 5000125513901.27, "Plan Rows": 4, "Plan Width": 50, "Plans": [{"Node Type": "Nested Loop", "Parent Relationship": "Outer", "Join Type": "Inner", "Startup Cost": 50000000000.0, "Total Cost": 5000125513901.25, "Plan Rows": 4, "Plan Width": 50, "Inner Unique": true, "Join Filter": "(mc.company_id = cn.id)", "Plans": [{"Node Type": "Nested Loop", "Parent Relationship": "Outer", "Join Type": "Inner", "Startup Cost": 40000000000.0, "Total Cost": 4000124453328.96, "Plan Rows": 8, "Plan Width": 54, "Inner Unique": true, "Join Filter": "(mc.company_type_id = ct.id)", "Plans": [{"Node Type": "Nested Loop", "Parent Relationship": "Outer", "Join Type": "Inner", "Startup Cost": 30000000000.0, "Total Cost": 3000124452099.04, "Plan Rows": 9, "Plan Width": 58, "Inner Unique": false, "Join Filter": "(mi.movie_id = mc.movie_id)", "Plans": [{"Node Type": "Nested Loop", "Parent Relationship": "Outer", "Join Type": "Inner", "Startup Cost": 20000000000.0, "Total Cost": 2000114970811.54, "Plan Rows": 4, "Plan Width": 46, "Inner Unique": true, "Join Filter": "(it1.id = mi.info_type_id)", "Plans": [{"Node Type": "Index Scan", "Parent Relationship": "Outer", "Scan Direction": "Forward", "Index Name": "movie_id_movie_info", "Relation Name": "movie_info", "Alias": "mi", "Startup Cost": 10000000000.0, "Total Cost": 1000114969386.72, "Plan Rows": 255, "Plan Width": 50, "Filter": "((info IS NOT NULL) AND ((note)::text ~~ '%internet%'::text) AND (((info)::text ~~ 'USA:% 199%'::text) OR ((info)::text ~~ 'USA:% 200%'::text)))"}, {"Node Type": "Materialize", "Parent Relationship": "Inner", "Startup Cost": 10000000000.0, "Total Cost": 1000000001421.0, "Plan Rows": 1, "Plan Width": 4, "Plans": [{"Node Type": "Index Scan", "Parent Relationship": "Outer", "Scan Direction": "Forward", "Index Name": "info_type_pkey", "Relation Name": "info_type", "Alias": "it1", "Startup Cost": 10000000000.0, "Total Cost": 1000000001421.0, "Plan Rows": 1, "Plan Width": 4, "Filter": "((info)::text = 'release dates'::text)"}]}]}, {"Node Type": "Materialize", "Parent Relationship": "Inner", "Startup Cost": 10000000000.0, "Total Cost": 1000009331262.64, "Plan Rows": 2609128, "Plan Width": 12, "Plans": [{"Node Type": "Index Scan", "Parent Relationship": "Outer", "Scan Direction": "Forward", "Index Name": "company_type_id_movie_companies", "Relation Name": "movie_companies", "Alias": "mc", "Startup Cost": 10000000000.0, "Total Cost": 1000009318217.0, "Plan Rows": 2609128, "Plan Width": 12}]}]}, {"Node Type": "Materialize", "Parent Relationship": "Inner", "Startup Cost": 10000000000.0, "Total Cost": 1000000001229.52, "Plan Rows": 3, "Plan Width": 4, "Plans": [{"Node Type": "Index Scan", "Parent Relationship": "Outer", "Scan Direction": "Forward", "Index Name": "company_type_pkey", "Relation Name": "company_type", "Alias": "ct", "Startup Cost": 10000000000.0, "Total Cost": 1000000001229.5, "Plan Rows": 3, "Plan Width": 4}]}]}, {"Node Type": "Materialize", "Parent Relationship": "Inner", "Startup Cost": 10000000000.0, "Total Cost": 1000001050564.82, "Plan Rows": 85170, "Plan Width": 4, "Plans": [{"Node Type": "Index Scan", "Parent Relationship": "Outer", "Scan Direction": "Forward", "Index Name": "company_name_pkey", "Relation Name": "company_name", "Alias": "cn", "Startup Cost": 10000000000.0, "Total Cost": 1000001050138.97, "Plan Rows": 85170, "Plan Width": 4, "Filter": "((country_code)::text = '[us]'::text)"}]}]}]}]}]}]}, {"Node Type": "Materialize", "Parent Relationship": "Inner", "Startup Cost": 10000000000.0, "Total Cost": 1000000285400.28, "Plan Rows": 134169, "Plan Width": 4, "Plans": [{"Node Type": "Index Scan", "Parent Relationship": "Outer", "Scan Direction": "Forward", "Index Name": "keyword_pkey", "Relation Name": "keyword", "Alias": "k", "Startup Cost": 10000000000.0, "Total Cost": 1000000284729.43, "Plan Rows": 134169, "Plan Width": 4}]}]}]}]}]}, "Unique SQL Id": 2846462052}, "explain_analyze_plan": null}, "(1, 64)": {"explain_plan": {"Plan": {"Node Type": "Aggregate", "Strategy": "Plain", "Startup Cost": 165026.11, "Total Cost": 165026.12, "Plan Rows": 1, "Plan Width": 123, "Plans": [{"Node Type": "Nested Loop", "Parent Relationship": "Outer", "Join Type": "Inner", "Startup Cost": 4841.46, "Total Cost": 165025.44, "Plan Rows": 134, "Plan Width": 59, "Inner Unique": true, "Plans": [{"Node Type": "Nested Loop", "Parent Relationship": "Outer", "Join Type": "Inner", "Startup Cost": 4841.46, "Total Cost": 164987.92, "Plan Rows": 134, "Plan Width": 63, "Inner Unique": false, "Join Filter": "(t.id = mk.movie_id)", "Plans": [{"Node Type": "Nested Loop", "Parent Relationship": "Outer", "Join Type": "Inner", "Startup Cost": 4841.46, "Total Cost": 164978.36, "Plan Rows": 17, "Plan Width": 75, "Inner Unique": true, "Join Filter": "(at.movie_id = t.id)", "Plans": [{"Node Type": "Nested Loop", "Parent Relationship": "Outer", "Join Type": "Inner", "Startup Cost": 4841.46, "Total Cost": 164974.13, "Plan Rows": 12, "Plan Width": 54, "Inner Unique": true, "Plans": [{"Node Type": "Nested Loop", "Parent Relationship": "Outer", "Join Type": "Inner", "Startup Cost": 4841.46, "Total Cost": 164970.77, "Plan Rows": 12, "Plan Width": 58, "Inner Unique": true, "Plans": [{"Node Type": "Nested Loop", "Parent Relationship": "Outer", "Join Type": "Inner", "Startup Cost": 4841.46, "Total Cost": 164965.02, "Plan Rows": 20, "Plan Width": 62, "Inner Unique": false, "Plans": [{"Node Type": "Nested Loop", "Parent Relationship": "Outer", "Join Type": "Inner", "Startup Cost": 4841.46, "Total Cost": 164959.71, "Plan Rows": 9, "Plan Width": 50, "Inner Unique": false, "Plans": [{"Node Type": "Nested Loop", "Parent Relationship": "Outer", "Join Type": "Inner", "Startup Cost": 4841.46, "Total Cost": 164944.29, "Plan Rows": 4, "Plan Width": 46, "Inner Unique": false, "Plans": [{"Node Type": "Seq Scan", "Parent Relationship": "Outer", "Relation Name": "info_type", "Alias": "it1", "Startup Cost": 0.0, "Total Cost": 2.4, "Plan Rows": 1, "Plan Width": 4, "Filter": "((info)::text = 'release dates'::text)"}, {"Node Type": "Bitmap Heap Scan", "Parent Relationship": "Inner", "Relation Name": "movie_info", "Alias": "mi", "Startup Cost": 4841.46, "Total Cost": 164941.85, "Plan Rows": 4, "Plan Width": 50, "Recheck Cond": "(info_type_id = it1.id)", "Filter": "((info IS NOT NULL) AND ((note)::text ~~ '%internet%'::text) AND (((info)::text ~~ 'USA:% 199%'::text) OR ((info)::text ~~ 'USA:% 200%'::text)))", "Plans": [{"Node Type": "Bitmap Index Scan", "Parent Relationship": "Outer", "Index Name": "info_type_id_movie_info", "Startup Cost": 0.0, "Total Cost": 4841.46, "Plan Rows": 212428, "Plan Width": 0, "Index Cond": "(info_type_id = it1.id)"}]}]}, {"Node Type": "Index Only Scan", "Parent Relationship": "Inner", "Scan Direction": "Forward", "Index Name": "movie_id_aka_title", "Relation Name": "aka_title", "Alias": "at", "Startup Cost": 0.0, "Total Cost": 3.82, "Plan Rows": 3, "Plan Width": 4, "Index Cond": "(movie_id = mi.movie_id)"}]}, {"Node Type": "Index Scan", "Parent Relationship": "Inner", "Scan Direction": "Forward", "Index Name": "movie_id_movie_companies", "Relation Name": "movie_companies", "Alias": "mc", "Startup Cost": 0.0, "Total Cost": 0.57, "Plan Rows": 2, "Plan Width": 12, "Index Cond": "(movie_id = at.movie_id)"}]}, {"Node Type": "Index Scan", "Parent Relationship": "Inner", "Scan Direction": "Forward", "Index Name": "company_name_pkey", "Relation Name": "company_name", "Alias": "cn", "Startup Cost": 0.0, "Total Cost": 0.28, "Plan Rows": 1, "Plan Width": 4, "Index Cond": "(id = mc.company_id)", "Filter": "((country_code)::text = '[us]'::text)"}]}, {"Node Type": "Index Only Scan", "Parent Relationship": "Inner", "Scan Direction": "Forward", "Index Name": "company_type_pkey", "Relation Name": "company_type", "Alias": "ct", "Startup Cost": 0.0, "Total Cost": 0.27, "Plan Rows": 1, "Plan Width": 4, "Index Cond": "(id = mc.company_type_id)"}]}, {"Node Type": "Index Scan", "Parent Relationship": "Inner", "Scan Direction": "Forward", "Index Name": "title_pkey", "Relation Name": "title", "Alias": "t", "Startup Cost": 0.0, "Total Cost": 0.34, "Plan Rows": 1, "Plan Width": 21, "Index Cond": "(id = mc.movie_id)", "Filter": "(production_year > 1990)"}]}, {"Node Type": "Index Scan", "Parent Relationship": "Inner", "Scan Direction": "Forward", "Index Name": "movie_id_movie_keyword", "Relation Name": "movie_keyword", "Alias": "mk", "Startup Cost": 0.0, "Total Cost": 0.46, "Plan Rows": 8, "Plan Width": 8, "Index Cond": "(movie_id = mc.movie_id)"}]}, {"Node Type": "Index Only Scan", "Parent Relationship": "Inner", "Scan Direction": "Forward", "Index Name": "keyword_pkey", "Relation Name": "keyword", "Alias": "k", "Startup Cost": 0.0, "Total Cost": 0.27, "Plan Rows": 1, "Plan Width": 4, "Index Cond": "(id = mk.keyword_id)"}]}]}, "Unique SQL Id": 2846462052}, "explain_analyze_plan": {"Plan": {"Node Type": "Aggregate", "Strategy": "Plain", "Startup Cost": 165026.11, "Total Cost": 165026.12, "Plan Rows": 1, "Plan Width": 123, "Actual Startup Time": 1792.268, "Actual Total Time": 1792.268, "Actual Rows": 1, "Actual Loops": 1, "Plans": [{"Node Type": "Nested Loop", "Parent Relationship": "Outer", "Join Type": "Inner", "Startup Cost": 4841.46, "Total Cost": 165025.44, "Plan Rows": 134, "Plan Width": 59, "Actual Startup Time": 523.664, "Actual Total Time": 1791.322, "Actual Rows": 1140, "Actual Loops": 1, "Inner Unique": true, "Plans": [{"Node Type": "Nested Loop", "Parent Relationship": "Outer", "Join Type": "Inner", "Startup Cost": 4841.46, "Total Cost": 164987.92, "Plan Rows": 134, "Plan Width": 63, "Actual Startup Time": 523.554, "Actual Total Time": 1786.439, "Actual Rows": 1140, "Actual Loops": 1, "Inner Unique": false, "Join Filter": "(t.id = mk.movie_id)", "Rows Removed by Join Filter": 0, "Plans": [{"Node Type": "Nested Loop", "Parent Relationship": "Outer", "Join Type": "Inner", "Startup Cost": 4841.46, "Total Cost": 164978.36, "Plan Rows": 17, "Plan Width": 75, "Actual Startup Time": 523.52, "Actual Total Time": 1784.289, "Actual Rows": 119, "Actual Loops": 1, "Inner Unique": true, "Join Filter": "(at.movie_id = t.id)", "Rows Removed by Join Filter": 0, "Plans": [{"Node Type": "Nested Loop", "Parent Relationship": "Outer", "Join Type": "Inner", "Startup Cost": 4841.46, "Total Cost": 164974.13, "Plan Rows": 12, "Plan Width": 54, "Actual Startup Time": 523.48, "Actual Total Time": 1783.044, "Actual Rows": 119, "Actual Loops": 1, "Inner Unique": true, "Plans": [{"Node Type": "Nested Loop", "Parent Relationship": "Outer", "Join Type": "Inner", "Startup Cost": 4841.46, "Total Cost": 164970.77, "Plan Rows": 12, "Plan Width": 58, "Actual Startup Time": 479.554, "Actual Total Time": 1782.42, "Actual Rows": 284, "Actual Loops": 1, "Inner Unique": true, "Plans": [{"Node Type": "Nested Loop", "Parent Relationship": "Outer", "Join Type": "Inner", "Startup Cost": 4841.46, "Total Cost": 164965.02, "Plan Rows": 20, "Plan Width": 62, "Actual Startup Time": 479.521, "Actual Total Time": 1779.46, "Actual Rows": 400, "Actual Loops": 1, "Inner Unique": false, "Plans": [{"Node Type": "Nested Loop", "Parent Relationship": "Outer", "Join Type": "Inner", "Startup Cost": 4841.46, "Total Cost": 164959.71, "Plan Rows": 9, "Plan Width": 50, "Actual Startup Time": 479.494, "Actual Total Time": 1777.666, "Actual Rows": 120, "Actual Loops": 1, "Inner Unique": false, "Plans": [{"Node Type": "Nested Loop", "Parent Relationship": "Outer", "Join Type": "Inner", "Startup Cost": 4841.46, "Total Cost": 164944.29, "Plan Rows": 4, "Plan Width": 46, "Actual Startup Time": 475.205, "Actual Total Time": 1769.113, "Actual Rows": 1783, "Actual Loops": 1, "Inner Unique": false, "Plans": [{"Node Type": "Seq Scan", "Parent Relationship": "Outer", "Relation Name": "info_type", "Alias": "it1", "Startup Cost": 0.0, "Total Cost": 2.4, "Plan Rows": 1, "Plan Width": 4, "Actual Startup Time": 0.049, "Actual Total Time": 0.094, "Actual Rows": 1, "Actual Loops": 1, "Filter": "((info)::text = 'release dates'::text)", "Rows Removed by Filter": 111}, {"Node Type": "Bitmap Heap Scan", "Parent Relationship": "Inner", "Relation Name": "movie_info", "Alias": "mi", "Startup Cost": 4841.46, "Total Cost": 164941.85, "Plan Rows": 4, "Plan Width": 50, "Actual Startup Time": 475.147, "Actual Total Time": 1768.388, "Actual Rows": 1783, "Actual Loops": 1, "Recheck Cond": "(info_type_id = it1.id)", "Rows Removed by Index Recheck": 0, "Filter": "((info IS NOT NULL) AND ((note)::text ~~ '%internet%'::text) AND (((info)::text ~~ 'USA:% 199%'::text) OR ((info)::text ~~ 'USA:% 200%'::text)))", "Rows Removed by Filter": 3034936, "Exact Heap Blocks": 21947, "Lossy Heap Blocks": 21947, "Plans": [{"Node Type": "Bitmap Index Scan", "Parent Relationship": "Outer", "Index Name": "info_type_id_movie_info", "Startup Cost": 0.0, "Total Cost": 4841.46, "Plan Rows": 212428, "Plan Width": 0, "Actual Startup Time": 469.472, "Actual Total Time": 469.472, "Actual Rows": 3036719, "Actual Loops": 1, "Index Cond": "(info_type_id = it1.id)"}]}]}, {"Node Type": "Index Only Scan", "Parent Relationship": "Inner", "Scan Direction": "Forward", "Index Name": "movie_id_aka_title", "Relation Name": "aka_title", "Alias": "at", "Startup Cost": 0.0, "Total Cost": 3.82, "Plan Rows": 3, "Plan Width": 4, "Actual Startup Time": 7.109, "Actual Total Time": 7.168, "Actual Rows": 120, "Actual Loops": 1783, "Index Cond": "(movie_id = mi.movie_id)", "Rows Removed by Index Recheck": 0, "Heap Fetches": 0}]}, {"Node Type": "Index Scan", "Parent Relationship": "Inner", "Scan Direction": "Forward", "Index Name": "movie_id_movie_companies", "Relation Name": "movie_companies", "Alias": "mc", "Startup Cost": 0.0, "Total Cost": 0.57, "Plan Rows": 2, "Plan Width": 12, "Actual Startup Time": 1.071, "Actual Total Time": 1.464, "Actual Rows": 400, "Actual Loops": 120, "Index Cond": "(movie_id = at.movie_id)", "Rows Removed by Index Recheck": 0}]}, {"Node Type": "Index Scan", "Parent Relationship": "Inner", "Scan Direction": "Forward", "Index Name": "company_name_pkey", "Relation Name": "company_name", "Alias": "cn", "Startup Cost": 0.0, "Total Cost": 0.28, "Plan Rows": 1, "Plan Width": 4, "Actual Startup Time": 2.495, "Actual Total Time": 2.495, "Actual Rows": 284, "Actual Loops": 400, "Index Cond": "(id = mc.company_id)", "Rows Removed by Index Recheck": 0, "Filter": "((country_code)::text = '[us]'::text)", "Rows Removed by Filter": 116}]}, {"Node Type": "Index Only Scan", "Parent Relationship": "Inner", "Scan Direction": "Forward", "Index Name": "company_type_pkey", "Relation Name": "company_type", "Alias": "ct", "Startup Cost": 0.0, "Total Cost": 0.27, "Plan Rows": 1, "Plan Width": 4, "Actual Startup Time": 0.308, "Actual Total Time": 0.308, "Actual Rows": 119, "Actual Loops": 284, "Index Cond": "(id = mc.company_type_id)", "Rows Removed by Index Recheck": 0, "Heap Fetches": 0}]}, {"Node Type": "Index Scan", "Parent Relationship": "Inner", "Scan Direction": "Forward", "Index Name": "title_pkey", "Relation Name": "title", "Alias": "t", "Startup Cost": 0.0, "Total Cost": 0.34, "Plan Rows": 1, "Plan Width": 21, "Actual Startup Time": 0.927, "Actual Total Time": 0.927, "Actual Rows": 119, "Actual Loops": 119, "Index Cond": "(id = mc.movie_id)", "Rows Removed by Index Recheck": 0, "Filter": "(production_year > 1990)", "Rows Removed by Filter": 0}]}, {"Node Type": "Index Scan", "Parent Relationship": "Inner", "Scan Direction": "Forward", "Index Name": "movie_id_movie_keyword", "Relation Name": "movie_keyword", "Alias": "mk", "Startup Cost": 0.0, "Total Cost": 0.46, "Plan Rows": 8, "Plan Width": 8, "Actual Startup Time": 0.933, "Actual Total Time": 1.544, "Actual Rows": 1140, "Actual Loops": 119, "Index Cond": "(movie_id = mc.movie_id)", "Rows Removed by Index Recheck": 0}]}, {"Node Type": "Index Only Scan", "Parent Relationship": "Inner", "Scan Direction": "Forward", "Index Name": "keyword_pkey", "Relation Name": "keyword", "Alias": "k", "Startup Cost": 0.0, "Total Cost": 0.27, "Plan Rows": 1, "Plan Width": 4, "Actual Startup Time": 3.91, "Actual Total Time": 3.91, "Actual Rows": 1140, "Actual Loops": 1140, "Index Cond": "(id = mk.keyword_id)", "Rows Removed by Index Recheck": 0, "Heap Fetches": 0}]}]}, "Triggers": [], "Planner Runtime": 171.136, "Total Runtime": 1792.881, "Unique SQL Id": 2846462052}}, "(1, 65)": {"explain_plan": {"Plan": {"Node Type": "Aggregate", "Strategy": "Plain", "Startup Cost": 165037.92, "Total Cost": 165037.93, "Plan Rows": 1, "Plan Width": 123, "Plans": [{"Node Type": "Nested Loop", "Parent Relationship": "Outer", "Join Type": "Inner", "Startup Cost": 4841.46, "Total Cost": 165037.25, "Plan Rows": 134, "Plan Width": 59, "Inner Unique": true, "Plans": [{"Node Type": "Nested Loop", "Parent Relationship": "Outer", "Join Type": "Inner", "Startup Cost": 4841.46, "Total Cost": 164999.73, "Plan Rows": 134, "Plan Width": 63, "Inner Unique": false, "Join Filter": "(t.id = mk.movie_id)", "Plans": [{"Node Type": "Nested Loop", "Parent Relationship": "Outer", "Join Type": "Inner", "Startup Cost": 4841.46, "Total Cost": 164990.17, "Plan Rows": 17, "Plan Width": 75, "Inner Unique": true, "Join Filter": "(at.movie_id = t.id)", "Plans": [{"Node Type": "Nested Loop", "Parent Relationship": "Outer", "Join Type": "Inner", "Startup Cost": 4841.46, "Total Cost": 164985.94, "Plan Rows": 12, "Plan Width": 54, "Inner Unique": true, "Plans": [{"Node Type": "Nested Loop", "Parent Relationship": "Outer", "Join Type": "Inner", "Startup Cost": 4841.46, "Total Cost": 164982.58, "Plan Rows": 12, "Plan Width": 58, "Inner Unique": true, "Plans": [{"Node Type": "Nested Loop", "Parent Relationship": "Outer", "Join Type": "Inner", "Startup Cost": 4841.46, "Total Cost": 164976.83, "Plan Rows": 20, "Plan Width": 62, "Inner Unique": false, "Plans": [{"Node Type": "Nested Loop", "Parent Relationship": "Outer", "Join Type": "Inner", "Startup Cost": 4841.46, "Total Cost": 164971.52, "Plan Rows": 9, "Plan Width": 50, "Inner Unique": false, "Plans": [{"Node Type": "Nested Loop", "Parent Relationship": "Outer", "Join Type": "Inner", "Startup Cost": 4841.46, "Total Cost": 164956.1, "Plan Rows": 4, "Plan Width": 46, "Inner Unique": false, "Plans": [{"Node Type": "Index Scan", "Parent Relationship": "Outer", "Scan Direction": "Forward", "Index Name": "info_type_pkey", "Relation Name": "info_type", "Alias": "it1", "Startup Cost": 0.0, "Total Cost": 14.21, "Plan Rows": 1, "Plan Width": 4, "Filter": "((info)::text = 'release dates'::text)"}, {"Node Type": "Bitmap Heap Scan", "Parent Relationship": "Inner", "Relation Name": "movie_info", "Alias": "mi", "Startup Cost": 4841.46, "Total Cost": 164941.85, "Plan Rows": 4, "Plan Width": 50, "Recheck Cond": "(info_type_id = it1.id)", "Filter": "((info IS NOT NULL) AND ((note)::text ~~ '%internet%'::text) AND (((info)::text ~~ 'USA:% 199%'::text) OR ((info)::text ~~ 'USA:% 200%'::text)))", "Plans": [{"Node Type": "Bitmap Index Scan", "Parent Relationship": "Outer", "Index Name": "info_type_id_movie_info", "Startup Cost": 0.0, "Total Cost": 4841.46, "Plan Rows": 212428, "Plan Width": 0, "Index Cond": "(info_type_id = it1.id)"}]}]}, {"Node Type": "Index Only Scan", "Parent Relationship": "Inner", "Scan Direction": "Forward", "Index Name": "movie_id_aka_title", "Relation Name": "aka_title", "Alias": "at", "Startup Cost": 0.0, "Total Cost": 3.82, "Plan Rows": 3, "Plan Width": 4, "Index Cond": "(movie_id = mi.movie_id)"}]}, {"Node Type": "Index Scan", "Parent Relationship": "Inner", "Scan Direction": "Forward", "Index Name": "movie_id_movie_companies", "Relation Name": "movie_companies", "Alias": "mc", "Startup Cost": 0.0, "Total Cost": 0.57, "Plan Rows": 2, "Plan Width": 12, "Index Cond": "(movie_id = at.movie_id)"}]}, {"Node Type": "Index Scan", "Parent Relationship": "Inner", "Scan Direction": "Forward", "Index Name": "company_name_pkey", "Relation Name": "company_name", "Alias": "cn", "Startup Cost": 0.0, "Total Cost": 0.28, "Plan Rows": 1, "Plan Width": 4, "Index Cond": "(id = mc.company_id)", "Filter": "((country_code)::text = '[us]'::text)"}]}, {"Node Type": "Index Only Scan", "Parent Relationship": "Inner", "Scan Direction": "Forward", "Index Name": "company_type_pkey", "Relation Name": "company_type", "Alias": "ct", "Startup Cost": 0.0, "Total Cost": 0.27, "Plan Rows": 1, "Plan Width": 4, "Index Cond": "(id = mc.company_type_id)"}]}, {"Node Type": "Index Scan", "Parent Relationship": "Inner", "Scan Direction": "Forward", "Index Name": "title_pkey", "Relation Name": "title", "Alias": "t", "Startup Cost": 0.0, "Total Cost": 0.34, "Plan Rows": 1, "Plan Width": 21, "Index Cond": "(id = mc.movie_id)", "Filter": "(production_year > 1990)"}]}, {"Node Type": "Index Scan", "Parent Relationship": "Inner", "Scan Direction": "Forward", "Index Name": "movie_id_movie_keyword", "Relation Name": "movie_keyword", "Alias": "mk", "Startup Cost": 0.0, "Total Cost": 0.46, "Plan Rows": 8, "Plan Width": 8, "Index Cond": "(movie_id = mc.movie_id)"}]}, {"Node Type": "Index Only Scan", "Parent Relationship": "Inner", "Scan Direction": "Forward", "Index Name": "keyword_pkey", "Relation Name": "keyword", "Alias": "k", "Startup Cost": 0.0, "Total Cost": 0.27, "Plan Rows": 1, "Plan Width": 4, "Index Cond": "(id = mk.keyword_id)"}]}]}, "Unique SQL Id": 2846462052}, "explain_analyze_plan": {"Plan": {"Node Type": "Aggregate", "Strategy": "Plain", "Startup Cost": 165037.92, "Total Cost": 165037.93, "Plan Rows": 1, "Plan Width": 123, "Actual Startup Time": 1647.649, "Actual Total Time": 1647.649, "Actual Rows": 1, "Actual Loops": 1, "Plans": [{"Node Type": "Nested Loop", "Parent Relationship": "Outer", "Join Type": "Inner", "Startup Cost": 4841.46, "Total Cost": 165037.25, "Plan Rows": 134, "Plan Width": 59, "Actual Startup Time": 420.504, "Actual Total Time": 1646.697, "Actual Rows": 1140, "Actual Loops": 1, "Inner Unique": true, "Plans": [{"Node Type": "Nested Loop", "Parent Relationship": "Outer", "Join Type": "Inner", "Startup Cost": 4841.46, "Total Cost": 164999.73, "Plan Rows": 134, "Plan Width": 63, "Actual Startup Time": 420.493, "Actual Total Time": 1642.378, "Actual Rows": 1140, "Actual Loops": 1, "Inner Unique": false, "Join Filter": "(t.id = mk.movie_id)", "Rows Removed by Join Filter": 0, "Plans": [{"Node Type": "Nested Loop", "Parent Relationship": "Outer", "Join Type": "Inner", "Startup Cost": 4841.46, "Total Cost": 164990.17, "Plan Rows": 17, "Plan Width": 75, "Actual Startup Time": 420.473, "Actual Total Time": 1640.455, "Actual Rows": 119, "Actual Loops": 1, "Inner Unique": true, "Join Filter": "(at.movie_id = t.id)", "Rows Removed by Join Filter": 0, "Plans": [{"Node Type": "Nested Loop", "Parent Relationship": "Outer", "Join Type": "Inner", "Startup Cost": 4841.46, "Total Cost": 164985.94, "Plan Rows": 12, "Plan Width": 54, "Actual Startup Time": 420.435, "Actual Total Time": 1639.415, "Actual Rows": 119, "Actual Loops": 1, "Inner Unique": true, "Plans": [{"Node Type": "Nested Loop", "Parent Relationship": "Outer", "Join Type": "Inner", "Startup Cost": 4841.46, "Total Cost": 164982.58, "Plan Rows": 12, "Plan Width": 58, "Actual Startup Time": 381.994, "Actual Total Time": 1638.857, "Actual Rows": 284, "Actual Loops": 1, "Inner Unique": true, "Plans": [{"Node Type": "Nested Loop", "Parent Relationship": "Outer", "Join Type": "Inner", "Startup Cost": 4841.46, "Total Cost": 164976.83, "Plan Rows": 20, "Plan Width": 62, "Actual Startup Time": 381.974, "Actual Total Time": 1636.345, "Actual Rows": 400, "Actual Loops": 1, "Inner Unique": false, "Plans": [{"Node Type": "Nested Loop", "Parent Relationship": "Outer", "Join Type": "Inner", "Startup Cost": 4841.46, "Total Cost": 164971.52, "Plan Rows": 9, "Plan Width": 50, "Actual Startup Time": 381.956, "Actual Total Time": 1634.821, "Actual Rows": 120, "Actual Loops": 1, "Inner Unique": false, "Plans": [{"Node Type": "Nested Loop", "Parent Relationship": "Outer", "Join Type": "Inner", "Startup Cost": 4841.46, "Total Cost": 164956.1, "Plan Rows": 4, "Plan Width": 46, "Actual Startup Time": 378.244, "Actual Total Time": 1626.907, "Actual Rows": 1783, "Actual Loops": 1, "Inner Unique": false, "Plans": [{"Node Type": "Index Scan", "Parent Relationship": "Outer", "Scan Direction": "Forward", "Index Name": "info_type_pkey", "Relation Name": "info_type", "Alias": "it1", "Startup Cost": 0.0, "Total Cost": 14.21, "Plan Rows": 1, "Plan Width": 4, "Actual Startup Time": 0.039, "Actual Total Time": 0.097, "Actual Rows": 1, "Actual Loops": 1, "Filter": "((info)::text = 'release dates'::text)", "Rows Removed by Filter": 111}, {"Node Type": "Bitmap Heap Scan", "Parent Relationship": "Inner", "Relation Name": "movie_info", "Alias": "mi", "Startup Cost": 4841.46, "Total Cost": 164941.85, "Plan Rows": 4, "Plan Width": 50, "Actual Startup Time": 378.195, "Actual Total Time": 1626.129, "Actual Rows": 1783, "Actual Loops": 1, "Recheck Cond": "(info_type_id = it1.id)", "Rows Removed by Index Recheck": 0, "Filter": "((info IS NOT NULL) AND ((note)::text ~~ '%internet%'::text) AND (((info)::text ~~ 'USA:% 199%'::text) OR ((info)::text ~~ 'USA:% 200%'::text)))", "Rows Removed by Filter": 3034936, "Exact Heap Blocks": 21947, "Lossy Heap Blocks": 21947, "Plans": [{"Node Type": "Bitmap Index Scan", "Parent Relationship": "Outer", "Index Name": "info_type_id_movie_info", "Startup Cost": 0.0, "Total Cost": 4841.46, "Plan Rows": 212428, "Plan Width": 0, "Actual Startup Time": 372.887, "Actual Total Time": 372.887, "Actual Rows": 3036719, "Actual Loops": 1, "Index Cond": "(info_type_id = it1.id)"}]}]}, {"Node Type": "Index Only Scan", "Parent Relationship": "Inner", "Scan Direction": "Forward", "Index Name": "movie_id_aka_title", "Relation Name": "aka_title", "Alias": "at", "Startup Cost": 0.0, "Total Cost": 3.82, "Plan Rows": 3, "Plan Width": 4, "Actual Startup Time": 6.478, "Actual Total Time": 6.529, "Actual Rows": 120, "Actual Loops": 1783, "Index Cond": "(movie_id = mi.movie_id)", "Rows Removed by Index Recheck": 0, "Heap Fetches": 0}]}, {"Node Type": "Index Scan", "Parent Relationship": "Inner", "Scan Direction": "Forward", "Index Name": "movie_id_movie_companies", "Relation Name": "movie_companies", "Alias": "mc", "Startup Cost": 0.0, "Total Cost": 0.57, "Plan Rows": 2, "Plan Width": 12, "Actual Startup Time": 0.874, "Actual Total Time": 1.235, "Actual Rows": 400, "Actual Loops": 120, "Index Cond": "(movie_id = at.movie_id)", "Rows Removed by Index Recheck": 0}]}, {"Node Type": "Index Scan", "Parent Relationship": "Inner", "Scan Direction": "Forward", "Index Name": "company_name_pkey", "Relation Name": "company_name", "Alias": "cn", "Startup Cost": 0.0, "Total Cost": 0.28, "Plan Rows": 1, "Plan Width": 4, "Actual Startup Time": 2.049, "Actual Total Time": 2.049, "Actual Rows": 284, "Actual Loops": 400, "Index Cond": "(id = mc.company_id)", "Rows Removed by Index Recheck": 0, "Filter": "((country_code)::text = '[us]'::text)", "Rows Removed by Filter": 116}]}, {"Node Type": "Index Only Scan", "Parent Relationship": "Inner", "Scan Direction": "Forward", "Index Name": "company_type_pkey", "Relation Name": "company_type", "Alias": "ct", "Startup Cost": 0.0, "Total Cost": 0.27, "Plan Rows": 1, "Plan Width": 4, "Actual Startup Time": 0.289, "Actual Total Time": 0.289, "Actual Rows": 119, "Actual Loops": 284, "Index Cond": "(id = mc.company_type_id)", "Rows Removed by Index Recheck": 0, "Heap Fetches": 0}]}, {"Node Type": "Index Scan", "Parent Relationship": "Inner", "Scan Direction": "Forward", "Index Name": "title_pkey", "Relation Name": "title", "Alias": "t", "Startup Cost": 0.0, "Total Cost": 0.34, "Plan Rows": 1, "Plan Width": 21, "Actual Startup Time": 0.771, "Actual Total Time": 0.771, "Actual Rows": 119, "Actual Loops": 119, "Index Cond": "(id = mc.movie_id)", "Rows Removed by Index Recheck": 0, "Filter": "(production_year > 1990)", "Rows Removed by Filter": 0}]}, {"Node Type": "Index Scan", "Parent Relationship": "Inner", "Scan Direction": "Forward", "Index Name": "movie_id_movie_keyword", "Relation Name": "movie_keyword", "Alias": "mk", "Startup Cost": 0.0, "Total Cost": 0.46, "Plan Rows": 8, "Plan Width": 8, "Actual Startup Time": 0.764, "Actual Total Time": 1.346, "Actual Rows": 1140, "Actual Loops": 119, "Index Cond": "(movie_id = mc.movie_id)", "Rows Removed by Index Recheck": 0}]}, {"Node Type": "Index Only Scan", "Parent Relationship": "Inner", "Scan Direction": "Forward", "Index Name": "keyword_pkey", "Relation Name": "keyword", "Alias": "k", "Startup Cost": 0.0, "Total Cost": 0.27, "Plan Rows": 1, "Plan Width": 4, "Actual Startup Time": 3.494, "Actual Total Time": 3.494, "Actual Rows": 1140, "Actual Loops": 1140, "Index Cond": "(id = mk.keyword_id)", "Rows Removed by Index Recheck": 0, "Heap Fetches": 0}]}]}, "Triggers": [], "Planner Runtime": 144.68, "Total Runtime": 1648.084, "Unique SQL Id": 2846462052}}, "(1, 66)": {"explain_plan": {"Plan": {"Node Type": "Aggregate", "Strategy": "Plain", "Startup Cost": 166070.48, "Total Cost": 166070.49, "Plan Rows": 1, "Plan Width": 123, "Plans": [{"Node Type": "Nested Loop", "Parent Relationship": "Outer", "Join Type": "Inner", "Startup Cost": 4847.0, "Total Cost": 166069.81, "Plan Rows": 134, "Plan Width": 59, "Inner Unique": true, "Join Filter": "(at.movie_id = t.id)", "Plans": [{"Node Type": "Nested Loop", "Parent Relationship": "Outer", "Join Type": "Inner", "Startup Cost": 4846.73, "Total Cost": 165653.34, "Plan Rows": 97, "Plan Width": 58, "Inner Unique": true, "Plans": [{"Node Type": "Nested Loop", "Parent Relationship": "Outer", "Join Type": "Inner", "Startup Cost": 4846.47, "Total Cost": 165238.16, "Plan Rows": 97, "Plan Width": 62, "Inner Unique": false, "Join Filter": "(at.movie_id = mk.movie_id)", "Plans": [{"Node Type": "Nested Loop", "Parent Relationship": "Outer", "Join Type": "Inner", "Startup Cost": 4846.14, "Total Cost": 165183.7, "Plan Rows": 12, "Plan Width": 54, "Inner Unique": true, "Plans": [{"Node Type": "Nested Loop", "Parent Relationship": "Outer", "Join Type": "Inner", "Startup Cost": 4845.88, "Total Cost": 165132.34, "Plan Rows": 12, "Plan Width": 58, "Inner Unique": true, "Plans": [{"Node Type": "Nested Loop", "Parent Relationship": "Outer", "Join Type": "Inner", "Startup Cost": 4845.62, "Total Cost": 165046.67, "Plan Rows": 20, "Plan Width": 62, "Inner Unique": false, "Plans": [{"Node Type": "Nested Loop", "Parent Relationship": "Outer", "Join Type": "Inner", "Startup Cost": 4845.25, "Total Cost": 165006.92, "Plan Rows": 9, "Plan Width": 50, "Inner Unique": false, "Plans": [{"Node Type": "Nested Loop", "Parent Relationship": "Outer", "Join Type": "Inner", "Startup Cost": 4841.46, "Total Cost": 164944.29, "Plan Rows": 4, "Plan Width": 46, "Inner Unique": false, "Plans": [{"Node Type": "Seq Scan", "Parent Relationship": "Outer", "Relation Name": "info_type", "Alias": "it1", "Startup Cost": 0.0, "Total Cost": 2.4, "Plan Rows": 1, "Plan Width": 4, "Filter": "((info)::text = 'release dates'::text)"}, {"Node Type": "Bitmap Heap Scan", "Parent Relationship": "Inner", "Relation Name": "movie_info", "Alias": "mi", "Startup Cost": 4841.46, "Total Cost": 164941.85, "Plan Rows": 4, "Plan Width": 50, "Recheck Cond": "(info_type_id = it1.id)", "Filter": "((info IS NOT NULL) AND ((note)::text ~~ '%internet%'::text) AND (((info)::text ~~ 'USA:% 199%'::text) OR ((info)::text ~~ 'USA:% 200%'::text)))", "Plans": [{"Node Type": "Bitmap Index Scan", "Parent Relationship": "Outer", "Index Name": "info_type_id_movie_info", "Startup Cost": 0.0, "Total Cost": 4841.46, "Plan Rows": 212428, "Plan Width": 0, "Index Cond": "(info_type_id = it1.id)"}]}]}, {"Node Type": "Bitmap Heap Scan", "Parent Relationship": "Inner", "Relation Name": "aka_title", "Alias": "at", "Startup Cost": 3.79, "Total Cost": 15.63, "Plan Rows": 3, "Plan Width": 4, "Recheck Cond": "(movie_id = mi.movie_id)", "Plans": [{"Node Type": "Bitmap Index Scan", "Parent Relationship": "Outer", "Index Name": "movie_id_aka_title", "Startup Cost": 0.0, "Total Cost": 3.79, "Plan Rows": 3, "Plan Width": 0, "Index Cond": "(movie_id = mi.movie_id)"}]}]}, {"Node Type": "Bitmap Heap Scan", "Parent Relationship": "Inner", "Relation Name": "movie_companies", "Alias": "mc", "Startup Cost": 0.37, "Total Cost": 4.4, "Plan Rows": 2, "Plan Width": 12, "Recheck Cond": "(movie_id = at.movie_id)", "Plans": [{"Node Type": "Bitmap Index Scan", "Parent Relationship": "Outer", "Index Name": "movie_id_movie_companies", "Startup Cost": 0.0, "Total Cost": 0.37, "Plan Rows": 2, "Plan Width": 0, "Index Cond": "(movie_id = at.movie_id)"}]}]}, {"Node Type": "Bitmap Heap Scan", "Parent Relationship": "Inner", "Relation Name": "company_name", "Alias": "cn", "Startup Cost": 0.26, "Total Cost": 4.27, "Plan Rows": 1, "Plan Width": 4, "Recheck Cond": "(id = mc.company_id)", "Filter": "((country_code)::text = '[us]'::text)", "Plans": [{"Node Type": "Bitmap Index Scan", "Parent Relationship": "Outer", "Index Name": "company_name_pkey", "Startup Cost": 0.0, "Total Cost": 0.26, "Plan Rows": 1, "Plan Width": 0, "Index Cond": "(id = mc.company_id)"}]}]}, {"Node Type": "Bitmap Heap Scan", "Parent Relationship": "Inner", "Relation Name": "company_type", "Alias": "ct", "Startup Cost": 0.26, "Total Cost": 4.27, "Plan Rows": 1, "Plan Width": 4, "Recheck Cond": "(id = mc.company_type_id)", "Plans": [{"Node Type": "Bitmap Index Scan", "Parent Relationship": "Outer", "Index Name": "company_type_pkey", "Startup Cost": 0.0, "Total Cost": 0.26, "Plan Rows": 1, "Plan Width": 0, "Index Cond": "(id = mc.company_type_id)"}]}]}, {"Node Type": "Bitmap Heap Scan", "Parent Relationship": "Inner", "Relation Name": "movie_keyword", "Alias": "mk", "Startup Cost": 0.34, "Total Cost": 4.44, "Plan Rows": 8, "Plan Width": 8, "Recheck Cond": "(movie_id = mc.movie_id)", "Plans": [{"Node Type": "Bitmap Index Scan", "Parent Relationship": "Outer", "Index Name": "movie_id_movie_keyword", "Startup Cost": 0.0, "Total Cost": 0.34, "Plan Rows": 8, "Plan Width": 0, "Index Cond": "(movie_id = mc.movie_id)"}]}]}, {"Node Type": "Bitmap Heap Scan", "Parent Relationship": "Inner", "Relation Name": "keyword", "Alias": "k", "Startup Cost": 0.26, "Total Cost": 4.27, "Plan Rows": 1, "Plan Width": 4, "Recheck Cond": "(id = mk.keyword_id)", "Plans": [{"Node Type": "Bitmap Index Scan", "Parent Relationship": "Outer", "Index Name": "keyword_pkey", "Startup Cost": 0.0, "Total Cost": 0.26, "Plan Rows": 1, "Plan Width": 0, "Index Cond": "(id = mk.keyword_id)"}]}]}, {"Node Type": "Bitmap Heap Scan", "Parent Relationship": "Inner", "Relation Name": "title", "Alias": "t", "Startup Cost": 0.27, "Total Cost": 4.28, "Plan Rows": 1, "Plan Width": 21, "Recheck Cond": "(id = mk.movie_id)", "Filter": "(production_year > 1990)", "Plans": [{"Node Type": "Bitmap Index Scan", "Parent Relationship": "Outer", "Index Name": "title_pkey", "Startup Cost": 0.0, "Total Cost": 0.27, "Plan Rows": 1, "Plan Width": 0, "Index Cond": "(id = mk.movie_id)"}]}]}]}, "Unique SQL Id": 2846462052}, "explain_analyze_plan": {"Plan": {"Node Type": "Aggregate", "Strategy": "Plain", "Startup Cost": 166070.48, "Total Cost": 166070.49, "Plan Rows": 1, "Plan Width": 123, "Actual Startup Time": 1892.993, "Actual Total Time": 1892.994, "Actual Rows": 1, "Actual Loops": 1, "Plans": [{"Node Type": "Nested Loop", "Parent Relationship": "Outer", "Join Type": "Inner", "Startup Cost": 4847.0, "Total Cost": 166069.81, "Plan Rows": 134, "Plan Width": 59, "Actual Startup Time": 473.065, "Actual Total Time": 1891.979, "Actual Rows": 1140, "Actual Loops": 1, "Inner Unique": true, "Join Filter": "(at.movie_id = t.id)", "Rows Removed by Join Filter": 0, "Plans": [{"Node Type": "Nested Loop", "Parent Relationship": "Outer", "Join Type": "Inner", "Startup Cost": 4846.73, "Total Cost": 165653.34, "Plan Rows": 97, "Plan Width": 58, "Actual Startup Time": 473.026, "Actual Total Time": 1885.238, "Actual Rows": 1140, "Actual Loops": 1, "Inner Unique": true, "Plans": [{"Node Type": "Nested Loop", "Parent Relationship": "Outer", "Join Type": "Inner", "Startup Cost": 4846.47, "Total Cost": 165238.16, "Plan Rows": 97, "Plan Width": 62, "Actual Startup Time": 472.998, "Actual Total Time": 1876.625, "Actual Rows": 1140, "Actual Loops": 1, "Inner Unique": false, "Join Filter": "(at.movie_id = mk.movie_id)", "Rows Removed by Join Filter": 0, "Plans": [{"Node Type": "Nested Loop", "Parent Relationship": "Outer", "Join Type": "Inner", "Startup Cost": 4846.14, "Total Cost": 165183.7, "Plan Rows": 12, "Plan Width": 54, "Actual Startup Time": 472.957, "Actual Total Time": 1874.324, "Actual Rows": 119, "Actual Loops": 1, "Inner Unique": true, "Plans": [{"Node Type": "Nested Loop", "Parent Relationship": "Outer", "Join Type": "Inner", "Startup Cost": 4845.88, "Total Cost": 165132.34, "Plan Rows": 12, "Plan Width": 58, "Actual Startup Time": 428.549, "Actual Total Time": 1873.182, "Actual Rows": 284, "Actual Loops": 1, "Inner Unique": true, "Plans": [{"Node Type": "Nested Loop", "Parent Relationship": "Outer", "Join Type": "Inner", "Startup Cost": 4845.62, "Total Cost": 165046.67, "Plan Rows": 20, "Plan Width": 62, "Actual Startup Time": 428.48, "Actual Total Time": 1869.305, "Actual Rows": 400, "Actual Loops": 1, "Inner Unique": false, "Plans": [{"Node Type": "Nested Loop", "Parent Relationship": "Outer", "Join Type": "Inner", "Startup Cost": 4845.25, "Total Cost": 165006.92, "Plan Rows": 9, "Plan Width": 50, "Actual Startup Time": 428.448, "Actual Total Time": 1866.74, "Actual Rows": 120, "Actual Loops": 1, "Inner Unique": false, "Plans": [{"Node Type": "Nested Loop", "Parent Relationship": "Outer", "Join Type": "Inner", "Startup Cost": 4841.46, "Total Cost": 164944.29, "Plan Rows": 4, "Plan Width": 46, "Actual Startup Time": 424.184, "Actual Total Time": 1854.331, "Actual Rows": 1783, "Actual Loops": 1, "Inner Unique": false, "Plans": [{"Node Type": "Seq Scan", "Parent Relationship": "Outer", "Relation Name": "info_type", "Alias": "it1", "Startup Cost": 0.0, "Total Cost": 2.4, "Plan Rows": 1, "Plan Width": 4, "Actual Startup Time": 0.06, "Actual Total Time": 0.108, "Actual Rows": 1, "Actual Loops": 1, "Filter": "((info)::text = 'release dates'::text)", "Rows Removed by Filter": 111}, {"Node Type": "Bitmap Heap Scan", "Parent Relationship": "Inner", "Relation Name": "movie_info", "Alias": "mi", "Startup Cost": 4841.46, "Total Cost": 164941.85, "Plan Rows": 4, "Plan Width": 50, "Actual Startup Time": 424.115, "Actual Total Time": 1853.626, "Actual Rows": 1783, "Actual Loops": 1, "Recheck Cond": "(info_type_id = it1.id)", "Rows Removed by Index Recheck": 0, "Filter": "((info IS NOT NULL) AND ((note)::text ~~ '%internet%'::text) AND (((info)::text ~~ 'USA:% 199%'::text) OR ((info)::text ~~ 'USA:% 200%'::text)))", "Rows Removed by Filter": 3034936, "Exact Heap Blocks": 21947, "Lossy Heap Blocks": 21947, "Plans": [{"Node Type": "Bitmap Index Scan", "Parent Relationship": "Outer", "Index Name": "info_type_id_movie_info", "Startup Cost": 0.0, "Total Cost": 4841.46, "Plan Rows": 212428, "Plan Width": 0, "Actual Startup Time": 418.488, "Actual Total Time": 418.488, "Actual Rows": 3036719, "Actual Loops": 1, "Index Cond": "(info_type_id = it1.id)"}]}]}, {"Node Type": "Bitmap Heap Scan", "Parent Relationship": "Inner", "Relation Name": "aka_title", "Alias": "at", "Startup Cost": 3.79, "Total Cost": 15.63, "Plan Rows": 3, "Plan Width": 4, "Actual Startup Time": 9.437, "Actual Total Time": 9.588, "Actual Rows": 120, "Actual Loops": 1783, "Recheck Cond": "(movie_id = mi.movie_id)", "Rows Removed by Index Recheck": 0, "Exact Heap Blocks": 120, "Lossy Heap Blocks": 120, "Plans": [{"Node Type": "Bitmap Index Scan", "Parent Relationship": "Outer", "Index Name": "movie_id_aka_title", "Startup Cost": 0.0, "Total Cost": 3.79, "Plan Rows": 3, "Plan Width": 0, "Actual Startup Time": 7.926, "Actual Total Time": 7.926, "Actual Rows": 120, "Actual Loops": 1783, "Index Cond": "(movie_id = mi.movie_id)"}]}]}, {"Node Type": "Bitmap Heap Scan", "Parent Relationship": "Inner", "Relation Name": "movie_companies", "Alias": "mc", "Startup Cost": 0.37, "Total Cost": 4.4, "Plan Rows": 2, "Plan Width": 12, "Actual Startup Time": 1.714, "Actual Total Time": 2.062, "Actual Rows": 400, "Actual Loops": 120, "Recheck Cond": "(movie_id = at.movie_id)", "Rows Removed by Index Recheck": 0, "Exact Heap Blocks": 214, "Lossy Heap Blocks": 214, "Plans": [{"Node Type": "Bitmap Index Scan", "Parent Relationship": "Outer", "Index Name": "movie_id_movie_companies", "Startup Cost": 0.0, "Total Cost": 0.37, "Plan Rows": 2, "Plan Width": 0, "Actual Startup Time": 1.04, "Actual Total Time": 1.04, "Actual Rows": 400, "Actual Loops": 120, "Index Cond": "(movie_id = at.movie_id)"}]}]}, {"Node Type": "Bitmap Heap Scan", "Parent Relationship": "Inner", "Relation Name": "company_name", "Alias": "cn", "Startup Cost": 0.26, "Total Cost": 4.27, "Plan Rows": 1, "Plan Width": 4, "Actual Startup Time": 3.202, "Actual Total Time": 3.202, "Actual Rows": 284, "Actual Loops": 400, "Recheck Cond": "(id = mc.company_id)", "Rows Removed by Index Recheck": 0, "Filter": "((country_code)::text = '[us]'::text)", "Rows Removed by Filter": 116, "Exact Heap Blocks": 400, "Lossy Heap Blocks": 400, "Plans": [{"Node Type": "Bitmap Index Scan", "Parent Relationship": "Outer", "Index Name": "company_name_pkey", "Startup Cost": 0.0, "Total Cost": 0.26, "Plan Rows": 1, "Plan Width": 0, "Actual Startup Time": 1.742, "Actual Total Time": 1.742, "Actual Rows": 400, "Actual Loops": 400, "Index Cond": "(id = mc.company_id)"}]}]}, {"Node Type": "Bitmap Heap Scan", "Parent Relationship": "Inner", "Relation Name": "company_type", "Alias": "ct", "Startup Cost": 0.26, "Total Cost": 4.27, "Plan Rows": 1, "Plan Width": 4, "Actual Startup Time": 0.663, "Actual Total Time": 0.663, "Actual Rows": 119, "Actual Loops": 284, "Recheck Cond": "(id = mc.company_type_id)", "Rows Removed by Index Recheck": 0, "Exact Heap Blocks": 119, "Lossy Heap Blocks": 119, "Plans": [{"Node Type": "Bitmap Index Scan", "Parent Relationship": "Outer", "Index Name": "company_type_pkey", "Startup Cost": 0.0, "Total Cost": 0.26, "Plan Rows": 1, "Plan Width": 0, "Actual Startup Time": 0.318, "Actual Total Time": 0.318, "Actual Rows": 119, "Actual Loops": 284, "Index Cond": "(id = mc.company_type_id)"}]}]}, {"Node Type": "Bitmap Heap Scan", "Parent Relationship": "Inner", "Relation Name": "movie_keyword", "Alias": "mk", "Startup Cost": 0.34, "Total Cost": 4.44, "Plan Rows": 8, "Plan Width": 8, "Actual Startup Time": 1.383, "Actual Total Time": 1.575, "Actual Rows": 1140, "Actual Loops": 119, "Recheck Cond": "(movie_id = mc.movie_id)", "Rows Removed by Index Recheck": 0, "Exact Heap Blocks": 91, "Lossy Heap Blocks": 91, "Plans": [{"Node Type": "Bitmap Index Scan", "Parent Relationship": "Outer", "Index Name": "movie_id_movie_keyword", "Startup Cost": 0.0, "Total Cost": 0.34, "Plan Rows": 8, "Plan Width": 0, "Actual Startup Time": 0.884, "Actual Total Time": 0.884, "Actual Rows": 1140, "Actual Loops": 119, "Index Cond": "(movie_id = mc.movie_id)"}]}]}, {"Node Type": "Bitmap Heap Scan", "Parent Relationship": "Inner", "Relation Name": "keyword", "Alias": "k", "Startup Cost": 0.26, "Total Cost": 4.27, "Plan Rows": 1, "Plan Width": 4, "Actual Startup Time": 6.916, "Actual Total Time": 6.916, "Actual Rows": 1140, "Actual Loops": 1140, "Recheck Cond": "(id = mk.keyword_id)", "Rows Removed by Index Recheck": 0, "Exact Heap Blocks": 1140, "Lossy Heap Blocks": 1140, "Plans": [{"Node Type": "Bitmap Index Scan", "Parent Relationship": "Outer", "Index Name": "keyword_pkey", "Startup Cost": 0.0, "Total Cost": 0.26, "Plan Rows": 1, "Plan Width": 0, "Actual Startup Time": 4.257, "Actual Total Time": 4.257, "Actual Rows": 1140, "Actual Loops": 1140, "Index Cond": "(id = mk.keyword_id)"}]}]}, {"Node Type": "Bitmap Heap Scan", "Parent Relationship": "Inner", "Relation Name": "title", "Alias": "t", "Startup Cost": 0.27, "Total Cost": 4.28, "Plan Rows": 1, "Plan Width": 21, "Actual Startup Time": 4.967, "Actual Total Time": 4.967, "Actual Rows": 1140, "Actual Loops": 1140, "Recheck Cond": "(id = mk.movie_id)", "Rows Removed by Index Recheck": 0, "Filter": "(production_year > 1990)", "Rows Removed by Filter": 0, "Exact Heap Blocks": 1140, "Lossy Heap Blocks": 1140, "Plans": [{"Node Type": "Bitmap Index Scan", "Parent Relationship": "Outer", "Index Name": "title_pkey", "Startup Cost": 0.0, "Total Cost": 0.27, "Plan Rows": 1, "Plan Width": 0, "Actual Startup Time": 2.983, "Actual Total Time": 2.983, "Actual Rows": 1140, "Actual Loops": 1140, "Index Cond": "(id = mk.movie_id)"}]}]}]}, "Triggers": [], "Planner Runtime": 136.885, "Total Runtime": 1893.497, "Unique SQL Id": 2846462052}}, "(1, 67)": {"explain_plan": {"Plan": {"Node Type": "Aggregate", "Strategy": "Plain", "Startup Cost": 1000002719454.35, "Total Cost": 1000002719454.36, "Plan Rows": 1, "Plan Width": 123, "Plans": [{"Node Type": "Nested Loop", "Parent Relationship": "Outer", "Join Type": "Inner", "Startup Cost": 10000000002.95, "Total Cost": 1000002719453.69, "Plan Rows": 132, "Plan Width": 59, "Inner Unique": true, "Join Filter": "(at.movie_id = t.id)", "Plans": [{"Node Type": "Nested Loop", "Parent Relationship": "Outer", "Join Type": "Inner", "Startup Cost": 10000000002.69, "Total Cost": 1000002719045.82, "Plan Rows": 95, "Plan Width": 58, "Inner Unique": true, "Plans": [{"Node Type": "Nested Loop", "Parent Relationship": "Outer", "Join Type": "Inner", "Startup Cost": 10000000002.43, "Total Cost": 1000002718630.63, "Plan Rows": 97, "Plan Width": 62, "Inner Unique": false, "Join Filter": "(at.movie_id = mk.movie_id)", "Plans": [{"Node Type": "Nested Loop", "Parent Relationship": "Outer", "Join Type": "Inner", "Startup Cost": 10000000002.09, "Total Cost": 1000002718576.18, "Plan Rows": 12, "Plan Width": 54, "Inner Unique": true, "Plans": [{"Node Type": "Nested Loop", "Parent Relationship": "Outer", "Join Type": "Inner", "Startup Cost": 10000000001.84, "Total Cost": 1000002718524.81, "Plan Rows": 12, "Plan Width": 58, "Inner Unique": true, "Plans": [{"Node Type": "Nested Loop", "Parent Relationship": "Outer", "Join Type": "Inner", "Startup Cost": 10000000001.58, "Total Cost": 1000002718439.15, "Plan Rows": 20, "Plan Width": 62, "Inner Unique": false, "Plans": [{"Node Type": "Nested Loop", "Parent Relationship": "Outer", "Join Type": "Inner", "Startup Cost": 10000000001.21, "Total Cost": 1000002718399.4, "Plan Rows": 9, "Plan Width": 50, "Inner Unique": true, "Plans": [{"Node Type": "Nested Loop", "Parent Relationship": "Outer", "Join Type": "Inner", "Startup Cost": 10000000000.92, "Total Cost": 1000002715586.59, "Plan Rows": 652, "Plan Width": 54, "Inner Unique": false, "Plans": [{"Node Type": "Index Only Scan", "Parent Relationship": "Outer", "Scan Direction": "Forward", "Index Name": "movie_id_aka_title", "Relation Name": "aka_title", "Alias": "at", "Startup Cost": 10000000000.0, "Total Cost": 1000000898631.5, "Plan Rows": 361471, "Plan Width": 4}, {"Node Type": "Bitmap Heap Scan", "Parent Relationship": "Inner", "Relation Name": "movie_info", "Alias": "mi", "Startup Cost": 0.92, "Total Cost": 5.02, "Plan Rows": 1, "Plan Width": 50, "Recheck Cond": "(movie_id = at.movie_id)", "Filter": "((info IS NOT NULL) AND ((note)::text ~~ '%internet%'::text) AND (((info)::text ~~ 'USA:% 199%'::text) OR ((info)::text ~~ 'USA:% 200%'::text)))", "Plans": [{"Node Type": "Bitmap Index Scan", "Parent Relationship": "Outer", "Index Name": "movie_id_movie_info", "Startup Cost": 0.0, "Total Cost": 0.92, "Plan Rows": 5, "Plan Width": 0, "Index Cond": "(movie_id = at.movie_id)"}]}]}, {"Node Type": "Bitmap Heap Scan", "Parent Relationship": "Inner", "Relation Name": "info_type", "Alias": "it1", "Startup Cost": 0.29, "Total Cost": 4.3, "Plan Rows": 1, "Plan Width": 4, "Recheck Cond": "(id = mi.info_type_id)", "Filter": "((info)::text = 'release dates'::text)", "Plans": [{"Node Type": "Bitmap Index Scan", "Parent Relationship": "Outer", "Index Name": "info_type_pkey", "Startup Cost": 0.0, "Total Cost": 0.29, "Plan Rows": 1, "Plan Width": 0, "Index Cond": "(id = mi.info_type_id)"}]}]}, {"Node Type": "Bitmap Heap Scan", "Parent Relationship": "Inner", "Relation Name": "movie_companies", "Alias": "mc", "Startup Cost": 0.37, "Total Cost": 4.4, "Plan Rows": 2, "Plan Width": 12, "Recheck Cond": "(movie_id = at.movie_id)", "Plans": [{"Node Type": "Bitmap Index Scan", "Parent Relationship": "Outer", "Index Name": "movie_id_movie_companies", "Startup Cost": 0.0, "Total Cost": 0.37, "Plan Rows": 2, "Plan Width": 0, "Index Cond": "(movie_id = at.movie_id)"}]}]}, {"Node Type": "Bitmap Heap Scan", "Parent Relationship": "Inner", "Relation Name": "company_name", "Alias": "cn", "Startup Cost": 0.26, "Total Cost": 4.27, "Plan Rows": 1, "Plan Width": 4, "Recheck Cond": "(id = mc.company_id)", "Filter": "((country_code)::text = '[us]'::text)", "Plans": [{"Node Type": "Bitmap Index Scan", "Parent Relationship": "Outer", "Index Name": "company_name_pkey", "Startup Cost": 0.0, "Total Cost": 0.26, "Plan Rows": 1, "Plan Width": 0, "Index Cond": "(id = mc.company_id)"}]}]}, {"Node Type": "Bitmap Heap Scan", "Parent Relationship": "Inner", "Relation Name": "company_type", "Alias": "ct", "Startup Cost": 0.26, "Total Cost": 4.27, "Plan Rows": 1, "Plan Width": 4, "Recheck Cond": "(id = mc.company_type_id)", "Plans": [{"Node Type": "Bitmap Index Scan", "Parent Relationship": "Outer", "Index Name": "company_type_pkey", "Startup Cost": 0.0, "Total Cost": 0.26, "Plan Rows": 1, "Plan Width": 0, "Index Cond": "(id = mc.company_type_id)"}]}]}, {"Node Type": "Bitmap Heap Scan", "Parent Relationship": "Inner", "Relation Name": "movie_keyword", "Alias": "mk", "Startup Cost": 0.34, "Total Cost": 4.44, "Plan Rows": 8, "Plan Width": 8, "Recheck Cond": "(movie_id = mc.movie_id)", "Plans": [{"Node Type": "Bitmap Index Scan", "Parent Relationship": "Outer", "Index Name": "movie_id_movie_keyword", "Startup Cost": 0.0, "Total Cost": 0.34, "Plan Rows": 8, "Plan Width": 0, "Index Cond": "(movie_id = mc.movie_id)"}]}]}, {"Node Type": "Bitmap Heap Scan", "Parent Relationship": "Inner", "Relation Name": "keyword", "Alias": "k", "Startup Cost": 0.26, "Total Cost": 4.27, "Plan Rows": 1, "Plan Width": 4, "Recheck Cond": "(id = mk.keyword_id)", "Plans": [{"Node Type": "Bitmap Index Scan", "Parent Relationship": "Outer", "Index Name": "keyword_pkey", "Startup Cost": 0.0, "Total Cost": 0.26, "Plan Rows": 1, "Plan Width": 0, "Index Cond": "(id = mk.keyword_id)"}]}]}, {"Node Type": "Bitmap Heap Scan", "Parent Relationship": "Inner", "Relation Name": "title", "Alias": "t", "Startup Cost": 0.27, "Total Cost": 4.28, "Plan Rows": 1, "Plan Width": 21, "Recheck Cond": "(id = mk.movie_id)", "Filter": "(production_year > 1990)", "Plans": [{"Node Type": "Bitmap Index Scan", "Parent Relationship": "Outer", "Index Name": "title_pkey", "Startup Cost": 0.0, "Total Cost": 0.27, "Plan Rows": 1, "Plan Width": 0, "Index Cond": "(id = mk.movie_id)"}]}]}]}, "Unique SQL Id": 2846462052}, "explain_analyze_plan": null}, "(1, 68)": {"explain_plan": {"Plan": {"Node Type": "Aggregate", "Strategy": "Plain", "Startup Cost": 165037.1, "Total Cost": 165037.11, "Plan Rows": 1, "Plan Width": 123, "Plans": [{"Node Type": "Nested Loop", "Parent Relationship": "Outer", "Join Type": "Inner", "Startup Cost": 4841.46, "Total Cost": 165036.43, "Plan Rows": 134, "Plan Width": 59, "Inner Unique": true, "Plans": [{"Node Type": "Nested Loop", "Parent Relationship": "Outer", "Join Type": "Inner", "Startup Cost": 4841.46, "Total Cost": 164998.82, "Plan Rows": 134, "Plan Width": 63, "Inner Unique": false, "Join Filter": "(t.id = mk.movie_id)", "Plans": [{"Node Type": "Nested Loop", "Parent Relationship": "Outer", "Join Type": "Inner", "Startup Cost": 4841.46, "Total Cost": 164989.26, "Plan Rows": 17, "Plan Width": 75, "Inner Unique": false, "Plans": [{"Node Type": "Nested Loop", "Parent Relationship": "Outer", "Join Type": "Inner", "Startup Cost": 4841.46, "Total Cost": 164985.69, "Plan Rows": 10, "Plan Width": 71, "Inner Unique": true, "Plans": [{"Node Type": "Nested Loop", "Parent Relationship": "Outer", "Join Type": "Inner", "Startup Cost": 4841.46, "Total Cost": 164982.89, "Plan Rows": 10, "Plan Width": 75, "Inner Unique": true, "Plans": [{"Node Type": "Nested Loop", "Parent Relationship": "Outer", "Join Type": "Inner", "Startup Cost": 4841.46, "Total Cost": 164979.44, "Plan Rows": 12, "Plan Width": 79, "Inner Unique": false, "Plans": [{"Node Type": "Nested Loop", "Parent Relationship": "Outer", "Join Type": "Inner", "Startup Cost": 4841.46, "Total Cost": 164977.23, "Plan Rows": 6, "Plan Width": 67, "Inner Unique": true, "Plans": [{"Node Type": "Nested Loop", "Parent Relationship": "Outer", "Join Type": "Inner", "Startup Cost": 4841.46, "Total Cost": 164944.29, "Plan Rows": 4, "Plan Width": 46, "Inner Unique": false, "Plans": [{"Node Type": "Seq Scan", "Parent Relationship": "Outer", "Relation Name": "info_type", "Alias": "it1", "Startup Cost": 0.0, "Total Cost": 2.4, "Plan Rows": 1, "Plan Width": 4, "Filter": "((info)::text = 'release dates'::text)"}, {"Node Type": "Bitmap Heap Scan", "Parent Relationship": "Inner", "Relation Name": "movie_info", "Alias": "mi", "Startup Cost": 4841.46, "Total Cost": 164941.85, "Plan Rows": 4, "Plan Width": 50, "Recheck Cond": "(info_type_id = it1.id)", "Filter": "((info IS NOT NULL) AND ((note)::text ~~ '%internet%'::text) AND (((info)::text ~~ 'USA:% 199%'::text) OR ((info)::text ~~ 'USA:% 200%'::text)))", "Plans": [{"Node Type": "Bitmap Index Scan", "Parent Relationship": "Outer", "Index Name": "info_type_id_movie_info", "Startup Cost": 0.0, "Total Cost": 4841.46, "Plan Rows": 212428, "Plan Width": 0, "Index Cond": "(info_type_id = it1.id)"}]}]}, {"Node Type": "Index Scan", "Parent Relationship": "Inner", "Scan Direction": "Forward", "Index Name": "title_pkey", "Relation Name": "title", "Alias": "t", "Startup Cost": 0.0, "Total Cost": 8.23, "Plan Rows": 1, "Plan Width": 21, "Index Cond": "(id = mi.movie_id)", "Filter": "(production_year > 1990)"}]}, {"Node Type": "Index Scan", "Parent Relationship": "Inner", "Scan Direction": "Forward", "Index Name": "movie_id_movie_companies", "Relation Name": "movie_companies", "Alias": "mc", "Startup Cost": 0.0, "Total Cost": 0.35, "Plan Rows": 2, "Plan Width": 12, "Index Cond": "(movie_id = t.id)"}]}, {"Node Type": "Index Scan", "Parent Relationship": "Inner", "Scan Direction": "Forward", "Index Name": "company_name_pkey", "Relation Name": "company_name", "Alias": "cn", "Startup Cost": 0.0, "Total Cost": 0.28, "Plan Rows": 1, "Plan Width": 4, "Index Cond": "(id = mc.company_id)", "Filter": "((country_code)::text = '[us]'::text)"}]}, {"Node Type": "Index Scan", "Parent Relationship": "Inner", "Scan Direction": "Forward", "Index Name": "company_type_pkey", "Relation Name": "company_type", "Alias": "ct", "Startup Cost": 0.0, "Total Cost": 0.27, "Plan Rows": 1, "Plan Width": 4, "Index Cond": "(id = mc.company_type_id)"}]}, {"Node Type": "Index Scan", "Parent Relationship": "Inner", "Scan Direction": "Forward", "Index Name": "movie_id_aka_title", "Relation Name": "aka_title", "Alias": "at", "Startup Cost": 0.0, "Total Cost": 0.33, "Plan Rows": 3, "Plan Width": 4, "Index Cond": "(movie_id = t.id)"}]}, {"Node Type": "Index Scan", "Parent Relationship": "Inner", "Scan Direction": "Forward", "Index Name": "movie_id_movie_keyword", "Relation Name": "movie_keyword", "Alias": "mk", "Startup Cost": 0.0, "Total Cost": 0.46, "Plan Rows": 8, "Plan Width": 8, "Index Cond": "(movie_id = mc.movie_id)"}]}, {"Node Type": "Index Scan", "Parent Relationship": "Inner", "Scan Direction": "Forward", "Index Name": "keyword_pkey", "Relation Name": "keyword", "Alias": "k", "Startup Cost": 0.0, "Total Cost": 0.27, "Plan Rows": 1, "Plan Width": 4, "Index Cond": "(id = mk.keyword_id)"}]}]}, "Unique SQL Id": 2846462052}, "explain_analyze_plan": {"Plan": {"Node Type": "Aggregate", "Strategy": "Plain", "Startup Cost": 165037.1, "Total Cost": 165037.11, "Plan Rows": 1, "Plan Width": 123, "Actual Startup Time": 1666.104, "Actual Total Time": 1666.104, "Actual Rows": 1, "Actual Loops": 1, "Plans": [{"Node Type": "Nested Loop", "Parent Relationship": "Outer", "Join Type": "Inner", "Startup Cost": 4841.46, "Total Cost": 165036.43, "Plan Rows": 134, "Plan Width": 59, "Actual Startup Time": 420.49, "Actual Total Time": 1665.153, "Actual Rows": 1140, "Actual Loops": 1, "Inner Unique": true, "Plans": [{"Node Type": "Nested Loop", "Parent Relationship": "Outer", "Join Type": "Inner", "Startup Cost": 4841.46, "Total Cost": 164998.82, "Plan Rows": 134, "Plan Width": 63, "Actual Startup Time": 420.475, "Actual Total Time": 1660.093, "Actual Rows": 1140, "Actual Loops": 1, "Inner Unique": false, "Join Filter": "(t.id = mk.movie_id)", "Rows Removed by Join Filter": 0, "Plans": [{"Node Type": "Nested Loop", "Parent Relationship": "Outer", "Join Type": "Inner", "Startup Cost": 4841.46, "Total Cost": 164989.26, "Plan Rows": 17, "Plan Width": 75, "Actual Startup Time": 420.445, "Actual Total Time": 1658.318, "Actual Rows": 119, "Actual Loops": 1, "Inner Unique": false, "Plans": [{"Node Type": "Nested Loop", "Parent Relationship": "Outer", "Join Type": "Inner", "Startup Cost": 4841.46, "Total Cost": 164985.69, "Plan Rows": 10, "Plan Width": 71, "Actual Startup Time": 377.594, "Actual Total Time": 1652.545, "Actual Rows": 1488, "Actual Loops": 1, "Inner Unique": true, "Plans": [{"Node Type": "Nested Loop", "Parent Relationship": "Outer", "Join Type": "Inner", "Startup Cost": 4841.46, "Total Cost": 164982.89, "Plan Rows": 10, "Plan Width": 75, "Actual Startup Time": 377.574, "Actual Total Time": 1646.998, "Actual Rows": 2647, "Actual Loops": 1, "Inner Unique": true, "Plans": [{"Node Type": "Nested Loop", "Parent Relationship": "Outer", "Join Type": "Inner", "Startup Cost": 4841.46, "Total Cost": 164979.44, "Plan Rows": 12, "Plan Width": 79, "Actual Startup Time": 377.558, "Actual Total Time": 1630.86, "Actual Rows": 2884, "Actual Loops": 1, "Inner Unique": false, "Plans": [{"Node Type": "Nested Loop", "Parent Relationship": "Outer", "Join Type": "Inner", "Startup Cost": 4841.46, "Total Cost": 164977.23, "Plan Rows": 6, "Plan Width": 67, "Actual Startup Time": 377.543, "Actual Total Time": 1617.661, "Actual Rows": 1782, "Actual Loops": 1, "Inner Unique": true, "Plans": [{"Node Type": "Nested Loop", "Parent Relationship": "Outer", "Join Type": "Inner", "Startup Cost": 4841.46, "Total Cost": 164944.29, "Plan Rows": 4, "Plan Width": 46, "Actual Startup Time": 377.495, "Actual Total Time": 1604.317, "Actual Rows": 1783, "Actual Loops": 1, "Inner Unique": false, "Plans": [{"Node Type": "Seq Scan", "Parent Relationship": "Outer", "Relation Name": "info_type", "Alias": "it1", "Startup Cost": 0.0, "Total Cost": 2.4, "Plan Rows": 1, "Plan Width": 4, "Actual Startup Time": 0.05, "Actual Total Time": 0.083, "Actual Rows": 1, "Actual Loops": 1, "Filter": "((info)::text = 'release dates'::text)", "Rows Removed by Filter": 111}, {"Node Type": "Bitmap Heap Scan", "Parent Relationship": "Inner", "Relation Name": "movie_info", "Alias": "mi", "Startup Cost": 4841.46, "Total Cost": 164941.85, "Plan Rows": 4, "Plan Width": 50, "Actual Startup Time": 377.437, "Actual Total Time": 1603.544, "Actual Rows": 1783, "Actual Loops": 1, "Recheck Cond": "(info_type_id = it1.id)", "Rows Removed by Index Recheck": 0, "Filter": "((info IS NOT NULL) AND ((note)::text ~~ '%internet%'::text) AND (((info)::text ~~ 'USA:% 199%'::text) OR ((info)::text ~~ 'USA:% 200%'::text)))", "Rows Removed by Filter": 3034936, "Exact Heap Blocks": 21947, "Lossy Heap Blocks": 21947, "Plans": [{"Node Type": "Bitmap Index Scan", "Parent Relationship": "Outer", "Index Name": "info_type_id_movie_info", "Startup Cost": 0.0, "Total Cost": 4841.46, "Plan Rows": 212428, "Plan Width": 0, "Actual Startup Time": 372.134, "Actual Total Time": 372.134, "Actual Rows": 3036719, "Actual Loops": 1, "Index Cond": "(info_type_id = it1.id)"}]}]}, {"Node Type": "Index Scan", "Parent Relationship": "Inner", "Scan Direction": "Forward", "Index Name": "title_pkey", "Relation Name": "title", "Alias": "t", "Startup Cost": 0.0, "Total Cost": 8.23, "Plan Rows": 1, "Plan Width": 21, "Actual Startup Time": 10.89, "Actual Total Time": 10.89, "Actual Rows": 1782, "Actual Loops": 1783, "Index Cond": "(id = mi.movie_id)", "Rows Removed by Index Recheck": 0, "Filter": "(production_year > 1990)", "Rows Removed by Filter": 1}]}, {"Node Type": "Index Scan", "Parent Relationship": "Inner", "Scan Direction": "Forward", "Index Name": "movie_id_movie_companies", "Relation Name": "movie_companies", "Alias": "mc", "Startup Cost": 0.0, "Total Cost": 0.35, "Plan Rows": 2, "Plan Width": 12, "Actual Startup Time": 8.75, "Actual Total Time": 11.252, "Actual Rows": 2884, "Actual Loops": 1782, "Index Cond": "(movie_id = t.id)", "Rows Removed by Index Recheck": 0}]}, {"Node Type": "Index Scan", "Parent Relationship": "Inner", "Scan Direction": "Forward", "Index Name": "company_name_pkey", "Relation Name": "company_name", "Alias": "cn", "Startup Cost": 0.0, "Total Cost": 0.28, "Plan Rows": 1, "Plan Width": 4, "Actual Startup Time": 13.443, "Actual Total Time": 13.443, "Actual Rows": 2647, "Actual Loops": 2884, "Index Cond": "(id = mc.company_id)", "Rows Removed by Index Recheck": 0, "Filter": "((country_code)::text = '[us]'::text)", "Rows Removed by Filter": 237}]}, {"Node Type": "Index Scan", "Parent Relationship": "Inner", "Scan Direction": "Forward", "Index Name": "company_type_pkey", "Relation Name": "company_type", "Alias": "ct", "Startup Cost": 0.0, "Total Cost": 0.27, "Plan Rows": 1, "Plan Width": 4, "Actual Startup Time": 3.418, "Actual Total Time": 3.418, "Actual Rows": 1488, "Actual Loops": 2647, "Index Cond": "(id = mc.company_type_id)", "Rows Removed by Index Recheck": 0}]}, {"Node Type": "Index Scan", "Parent Relationship": "Inner", "Scan Direction": "Forward", "Index Name": "movie_id_aka_title", "Relation Name": "aka_title", "Alias": "at", "Startup Cost": 0.0, "Total Cost": 0.33, "Plan Rows": 3, "Plan Width": 4, "Actual Startup Time": 4.555, "Actual Total Time": 4.642, "Actual Rows": 119, "Actual Loops": 1488, "Index Cond": "(movie_id = t.id)", "Rows Removed by Index Recheck": 0}]}, {"Node Type": "Index Scan", "Parent Relationship": "Inner", "Scan Direction": "Forward", "Index Name": "movie_id_movie_keyword", "Relation Name": "movie_keyword", "Alias": "mk", "Startup Cost": 0.0, "Total Cost": 0.46, "Plan Rows": 8, "Plan Width": 8, "Actual Startup Time": 0.667, "Actual Total Time": 1.167, "Actual Rows": 1140, "Actual Loops": 119, "Index Cond": "(movie_id = mc.movie_id)", "Rows Removed by Index Recheck": 0}]}, {"Node Type": "Index Scan", "Parent Relationship": "Inner", "Scan Direction": "Forward", "Index Name": "keyword_pkey", "Relation Name": "keyword", "Alias": "k", "Startup Cost": 0.0, "Total Cost": 0.27, "Plan Rows": 1, "Plan Width": 4, "Actual Startup Time": 4.155, "Actual Total Time": 4.155, "Actual Rows": 1140, "Actual Loops": 1140, "Index Cond": "(id = mk.keyword_id)", "Rows Removed by Index Recheck": 0}]}]}, "Triggers": [], "Planner Runtime": 160.916, "Total Runtime": 1666.553, "Unique SQL Id": 2846462052}}, "(1, 69)": {"explain_plan": {"Plan": {"Node Type": "Aggregate", "Strategy": "Plain", "Startup Cost": 165048.91, "Total Cost": 165048.92, "Plan Rows": 1, "Plan Width": 123, "Plans": [{"Node Type": "Nested Loop", "Parent Relationship": "Outer", "Join Type": "Inner", "Startup Cost": 4841.46, "Total Cost": 165048.24, "Plan Rows": 134, "Plan Width": 59, "Inner Unique": true, "Plans": [{"Node Type": "Nested Loop", "Parent Relationship": "Outer", "Join Type": "Inner", "Startup Cost": 4841.46, "Total Cost": 165010.63, "Plan Rows": 134, "Plan Width": 63, "Inner Unique": false, "Join Filter": "(t.id = mk.movie_id)", "Plans": [{"Node Type": "Nested Loop", "Parent Relationship": "Outer", "Join Type": "Inner", "Startup Cost": 4841.46, "Total Cost": 165001.07, "Plan Rows": 17, "Plan Width": 75, "Inner Unique": false, "Plans": [{"Node Type": "Nested Loop", "Parent Relationship": "Outer", "Join Type": "Inner", "Startup Cost": 4841.46, "Total Cost": 164997.5, "Plan Rows": 10, "Plan Width": 71, "Inner Unique": true, "Plans": [{"Node Type": "Nested Loop", "Parent Relationship": "Outer", "Join Type": "Inner", "Startup Cost": 4841.46, "Total Cost": 164994.7, "Plan Rows": 10, "Plan Width": 75, "Inner Unique": true, "Plans": [{"Node Type": "Nested Loop", "Parent Relationship": "Outer", "Join Type": "Inner", "Startup Cost": 4841.46, "Total Cost": 164991.25, "Plan Rows": 12, "Plan Width": 79, "Inner Unique": false, "Plans": [{"Node Type": "Nested Loop", "Parent Relationship": "Outer", "Join Type": "Inner", "Startup Cost": 4841.46, "Total Cost": 164989.04, "Plan Rows": 6, "Plan Width": 67, "Inner Unique": true, "Plans": [{"Node Type": "Nested Loop", "Parent Relationship": "Outer", "Join Type": "Inner", "Startup Cost": 4841.46, "Total Cost": 164956.1, "Plan Rows": 4, "Plan Width": 46, "Inner Unique": false, "Plans": [{"Node Type": "Index Scan", "Parent Relationship": "Outer", "Scan Direction": "Forward", "Index Name": "info_type_pkey", "Relation Name": "info_type", "Alias": "it1", "Startup Cost": 0.0, "Total Cost": 14.21, "Plan Rows": 1, "Plan Width": 4, "Filter": "((info)::text = 'release dates'::text)"}, {"Node Type": "Bitmap Heap Scan", "Parent Relationship": "Inner", "Relation Name": "movie_info", "Alias": "mi", "Startup Cost": 4841.46, "Total Cost": 164941.85, "Plan Rows": 4, "Plan Width": 50, "Recheck Cond": "(info_type_id = it1.id)", "Filter": "((info IS NOT NULL) AND ((note)::text ~~ '%internet%'::text) AND (((info)::text ~~ 'USA:% 199%'::text) OR ((info)::text ~~ 'USA:% 200%'::text)))", "Plans": [{"Node Type": "Bitmap Index Scan", "Parent Relationship": "Outer", "Index Name": "info_type_id_movie_info", "Startup Cost": 0.0, "Total Cost": 4841.46, "Plan Rows": 212428, "Plan Width": 0, "Index Cond": "(info_type_id = it1.id)"}]}]}, {"Node Type": "Index Scan", "Parent Relationship": "Inner", "Scan Direction": "Forward", "Index Name": "title_pkey", "Relation Name": "title", "Alias": "t", "Startup Cost": 0.0, "Total Cost": 8.23, "Plan Rows": 1, "Plan Width": 21, "Index Cond": "(id = mi.movie_id)", "Filter": "(production_year > 1990)"}]}, {"Node Type": "Index Scan", "Parent Relationship": "Inner", "Scan Direction": "Forward", "Index Name": "movie_id_movie_companies", "Relation Name": "movie_companies", "Alias": "mc", "Startup Cost": 0.0, "Total Cost": 0.35, "Plan Rows": 2, "Plan Width": 12, "Index Cond": "(movie_id = t.id)"}]}, {"Node Type": "Index Scan", "Parent Relationship": "Inner", "Scan Direction": "Forward", "Index Name": "company_name_pkey", "Relation Name": "company_name", "Alias": "cn", "Startup Cost": 0.0, "Total Cost": 0.28, "Plan Rows": 1, "Plan Width": 4, "Index Cond": "(id = mc.company_id)", "Filter": "((country_code)::text = '[us]'::text)"}]}, {"Node Type": "Index Scan", "Parent Relationship": "Inner", "Scan Direction": "Forward", "Index Name": "company_type_pkey", "Relation Name": "company_type", "Alias": "ct", "Startup Cost": 0.0, "Total Cost": 0.27, "Plan Rows": 1, "Plan Width": 4, "Index Cond": "(id = mc.company_type_id)"}]}, {"Node Type": "Index Scan", "Parent Relationship": "Inner", "Scan Direction": "Forward", "Index Name": "movie_id_aka_title", "Relation Name": "aka_title", "Alias": "at", "Startup Cost": 0.0, "Total Cost": 0.33, "Plan Rows": 3, "Plan Width": 4, "Index Cond": "(movie_id = t.id)"}]}, {"Node Type": "Index Scan", "Parent Relationship": "Inner", "Scan Direction": "Forward", "Index Name": "movie_id_movie_keyword", "Relation Name": "movie_keyword", "Alias": "mk", "Startup Cost": 0.0, "Total Cost": 0.46, "Plan Rows": 8, "Plan Width": 8, "Index Cond": "(movie_id = mc.movie_id)"}]}, {"Node Type": "Index Scan", "Parent Relationship": "Inner", "Scan Direction": "Forward", "Index Name": "keyword_pkey", "Relation Name": "keyword", "Alias": "k", "Startup Cost": 0.0, "Total Cost": 0.27, "Plan Rows": 1, "Plan Width": 4, "Index Cond": "(id = mk.keyword_id)"}]}]}, "Unique SQL Id": 2846462052}, "explain_analyze_plan": {"Plan": {"Node Type": "Aggregate", "Strategy": "Plain", "Startup Cost": 165048.91, "Total Cost": 165048.92, "Plan Rows": 1, "Plan Width": 123, "Actual Startup Time": 1795.662, "Actual Total Time": 1795.662, "Actual Rows": 1, "Actual Loops": 1, "Plans": [{"Node Type": "Nested Loop", "Parent Relationship": "Outer", "Join Type": "Inner", "Startup Cost": 4841.46, "Total Cost": 165048.24, "Plan Rows": 134, "Plan Width": 59, "Actual Startup Time": 546.531, "Actual Total Time": 1794.717, "Actual Rows": 1140, "Actual Loops": 1, "Inner Unique": true, "Plans": [{"Node Type": "Nested Loop", "Parent Relationship": "Outer", "Join Type": "Inner", "Startup Cost": 4841.46, "Total Cost": 165010.63, "Plan Rows": 134, "Plan Width": 63, "Actual Startup Time": 546.509, "Actual Total Time": 1789.64, "Actual Rows": 1140, "Actual Loops": 1, "Inner Unique": false, "Join Filter": "(t.id = mk.movie_id)", "Rows Removed by Join Filter": 0, "Plans": [{"Node Type": "Nested Loop", "Parent Relationship": "Outer", "Join Type": "Inner", "Startup Cost": 4841.46, "Total Cost": 165001.07, "Plan Rows": 17, "Plan Width": 75, "Actual Startup Time": 546.477, "Actual Total Time": 1787.828, "Actual Rows": 119, "Actual Loops": 1, "Inner Unique": false, "Plans": [{"Node Type": "Nested Loop", "Parent Relationship": "Outer", "Join Type": "Inner", "Startup Cost": 4841.46, "Total Cost": 164997.5, "Plan Rows": 10, "Plan Width": 71, "Actual Startup Time": 497.056, "Actual Total Time": 1782.246, "Actual Rows": 1488, "Actual Loops": 1, "Inner Unique": true, "Plans": [{"Node Type": "Nested Loop", "Parent Relationship": "Outer", "Join Type": "Inner", "Startup Cost": 4841.46, "Total Cost": 164994.7, "Plan Rows": 10, "Plan Width": 75, "Actual Startup Time": 497.03, "Actual Total Time": 1776.709, "Actual Rows": 2647, "Actual Loops": 1, "Inner Unique": true, "Plans": [{"Node Type": "Nested Loop", "Parent Relationship": "Outer", "Join Type": "Inner", "Startup Cost": 4841.46, "Total Cost": 164991.25, "Plan Rows": 12, "Plan Width": 79, "Actual Startup Time": 496.997, "Actual Total Time": 1760.461, "Actual Rows": 2884, "Actual Loops": 1, "Inner Unique": false, "Plans": [{"Node Type": "Nested Loop", "Parent Relationship": "Outer", "Join Type": "Inner", "Startup Cost": 4841.46, "Total Cost": 164989.04, "Plan Rows": 6, "Plan Width": 67, "Actual Startup Time": 496.973, "Actual Total Time": 1747.058, "Actual Rows": 1782, "Actual Loops": 1, "Inner Unique": true, "Plans": [{"Node Type": "Nested Loop", "Parent Relationship": "Outer", "Join Type": "Inner", "Startup Cost": 4841.46, "Total Cost": 164956.1, "Plan Rows": 4, "Plan Width": 46, "Actual Startup Time": 496.929, "Actual Total Time": 1733.614, "Actual Rows": 1783, "Actual Loops": 1, "Inner Unique": false, "Plans": [{"Node Type": "Index Scan", "Parent Relationship": "Outer", "Scan Direction": "Forward", "Index Name": "info_type_pkey", "Relation Name": "info_type", "Alias": "it1", "Startup Cost": 0.0, "Total Cost": 14.21, "Plan Rows": 1, "Plan Width": 4, "Actual Startup Time": 0.045, "Actual Total Time": 0.099, "Actual Rows": 1, "Actual Loops": 1, "Filter": "((info)::text = 'release dates'::text)", "Rows Removed by Filter": 111}, {"Node Type": "Bitmap Heap Scan", "Parent Relationship": "Inner", "Relation Name": "movie_info", "Alias": "mi", "Startup Cost": 4841.46, "Total Cost": 164941.85, "Plan Rows": 4, "Plan Width": 50, "Actual Startup Time": 496.876, "Actual Total Time": 1732.924, "Actual Rows": 1783, "Actual Loops": 1, "Recheck Cond": "(info_type_id = it1.id)", "Rows Removed by Index Recheck": 0, "Filter": "((info IS NOT NULL) AND ((note)::text ~~ '%internet%'::text) AND (((info)::text ~~ 'USA:% 199%'::text) OR ((info)::text ~~ 'USA:% 200%'::text)))", "Rows Removed by Filter": 3034936, "Exact Heap Blocks": 21947, "Lossy Heap Blocks": 21947, "Plans": [{"Node Type": "Bitmap Index Scan", "Parent Relationship": "Outer", "Index Name": "info_type_id_movie_info", "Startup Cost": 0.0, "Total Cost": 4841.46, "Plan Rows": 212428, "Plan Width": 0, "Actual Startup Time": 491.235, "Actual Total Time": 491.235, "Actual Rows": 3036719, "Actual Loops": 1, "Index Cond": "(info_type_id = it1.id)"}]}]}, {"Node Type": "Index Scan", "Parent Relationship": "Inner", "Scan Direction": "Forward", "Index Name": "title_pkey", "Relation Name": "title", "Alias": "t", "Startup Cost": 0.0, "Total Cost": 8.23, "Plan Rows": 1, "Plan Width": 21, "Actual Startup Time": 11.061, "Actual Total Time": 11.061, "Actual Rows": 1782, "Actual Loops": 1783, "Index Cond": "(id = mi.movie_id)", "Rows Removed by Index Recheck": 0, "Filter": "(production_year > 1990)", "Rows Removed by Filter": 1}]}, {"Node Type": "Index Scan", "Parent Relationship": "Inner", "Scan Direction": "Forward", "Index Name": "movie_id_movie_companies", "Relation Name": "movie_companies", "Alias": "mc", "Startup Cost": 0.0, "Total Cost": 0.35, "Plan Rows": 2, "Plan Width": 12, "Actual Startup Time": 8.877, "Actual Total Time": 11.375, "Actual Rows": 2884, "Actual Loops": 1782, "Index Cond": "(movie_id = t.id)", "Rows Removed by Index Recheck": 0}]}, {"Node Type": "Index Scan", "Parent Relationship": "Inner", "Scan Direction": "Forward", "Index Name": "company_name_pkey", "Relation Name": "company_name", "Alias": "cn", "Startup Cost": 0.0, "Total Cost": 0.28, "Plan Rows": 1, "Plan Width": 4, "Actual Startup Time": 13.592, "Actual Total Time": 13.592, "Actual Rows": 2647, "Actual Loops": 2884, "Index Cond": "(id = mc.company_id)", "Rows Removed by Index Recheck": 0, "Filter": "((country_code)::text = '[us]'::text)", "Rows Removed by Filter": 237}]}, {"Node Type": "Index Scan", "Parent Relationship": "Inner", "Scan Direction": "Forward", "Index Name": "company_type_pkey", "Relation Name": "company_type", "Alias": "ct", "Startup Cost": 0.0, "Total Cost": 0.27, "Plan Rows": 1, "Plan Width": 4, "Actual Startup Time": 3.359, "Actual Total Time": 3.359, "Actual Rows": 1488, "Actual Loops": 2647, "Index Cond": "(id = mc.company_type_id)", "Rows Removed by Index Recheck": 0}]}, {"Node Type": "Index Scan", "Parent Relationship": "Inner", "Scan Direction": "Forward", "Index Name": "movie_id_aka_title", "Relation Name": "aka_title", "Alias": "at", "Startup Cost": 0.0, "Total Cost": 0.33, "Plan Rows": 3, "Plan Width": 4, "Actual Startup Time": 4.485, "Actual Total Time": 4.583, "Actual Rows": 119, "Actual Loops": 1488, "Index Cond": "(movie_id = t.id)", "Rows Removed by Index Recheck": 0}]}, {"Node Type": "Index Scan", "Parent Relationship": "Inner", "Scan Direction": "Forward", "Index Name": "movie_id_movie_keyword", "Relation Name": "movie_keyword", "Alias": "mk", "Startup Cost": 0.0, "Total Cost": 0.46, "Plan Rows": 8, "Plan Width": 8, "Actual Startup Time": 0.684, "Actual Total Time": 1.186, "Actual Rows": 1140, "Actual Loops": 119, "Index Cond": "(movie_id = mc.movie_id)", "Rows Removed by Index Recheck": 0}]}, {"Node Type": "Index Scan", "Parent Relationship": "Inner", "Scan Direction": "Forward", "Index Name": "keyword_pkey", "Relation Name": "keyword", "Alias": "k", "Startup Cost": 0.0, "Total Cost": 0.27, "Plan Rows": 1, "Plan Width": 4, "Actual Startup Time": 4.18, "Actual Total Time": 4.18, "Actual Rows": 1140, "Actual Loops": 1140, "Index Cond": "(id = mk.keyword_id)", "Rows Removed by Index Recheck": 0}]}]}, "Triggers": [], "Planner Runtime": 146.23, "Total Runtime": 1796.239, "Unique SQL Id": 2846462052}}, "(1, 70)": {"explain_plan": {"Plan": {"Node Type": "Aggregate", "Strategy": "Plain", "Startup Cost": 166070.48, "Total Cost": 166070.49, "Plan Rows": 1, "Plan Width": 123, "Plans": [{"Node Type": "Nested Loop", "Parent Relationship": "Outer", "Join Type": "Inner", "Startup Cost": 4847.0, "Total Cost": 166069.81, "Plan Rows": 134, "Plan Width": 59, "Inner Unique": true, "Join Filter": "(at.movie_id = t.id)", "Plans": [{"Node Type": "Nested Loop", "Parent Relationship": "Outer", "Join Type": "Inner", "Startup Cost": 4846.73, "Total Cost": 165653.34, "Plan Rows": 97, "Plan Width": 58, "Inner Unique": true, "Plans": [{"Node Type": "Nested Loop", "Parent Relationship": "Outer", "Join Type": "Inner", "Startup Cost": 4846.47, "Total Cost": 165238.16, "Plan Rows": 97, "Plan Width": 62, "Inner Unique": false, "Join Filter": "(at.movie_id = mk.movie_id)", "Plans": [{"Node Type": "Nested Loop", "Parent Relationship": "Outer", "Join Type": "Inner", "Startup Cost": 4846.14, "Total Cost": 165183.7, "Plan Rows": 12, "Plan Width": 54, "Inner Unique": true, "Plans": [{"Node Type": "Nested Loop", "Parent Relationship": "Outer", "Join Type": "Inner", "Startup Cost": 4845.88, "Total Cost": 165132.34, "Plan Rows": 12, "Plan Width": 58, "Inner Unique": true, "Plans": [{"Node Type": "Nested Loop", "Parent Relationship": "Outer", "Join Type": "Inner", "Startup Cost": 4845.62, "Total Cost": 165046.67, "Plan Rows": 20, "Plan Width": 62, "Inner Unique": false, "Plans": [{"Node Type": "Nested Loop", "Parent Relationship": "Outer", "Join Type": "Inner", "Startup Cost": 4845.25, "Total Cost": 165006.92, "Plan Rows": 9, "Plan Width": 50, "Inner Unique": false, "Plans": [{"Node Type": "Nested Loop", "Parent Relationship": "Outer", "Join Type": "Inner", "Startup Cost": 4841.46, "Total Cost": 164944.29, "Plan Rows": 4, "Plan Width": 46, "Inner Unique": false, "Plans": [{"Node Type": "Seq Scan", "Parent Relationship": "Outer", "Relation Name": "info_type", "Alias": "it1", "Startup Cost": 0.0, "Total Cost": 2.4, "Plan Rows": 1, "Plan Width": 4, "Filter": "((info)::text = 'release dates'::text)"}, {"Node Type": "Bitmap Heap Scan", "Parent Relationship": "Inner", "Relation Name": "movie_info", "Alias": "mi", "Startup Cost": 4841.46, "Total Cost": 164941.85, "Plan Rows": 4, "Plan Width": 50, "Recheck Cond": "(info_type_id = it1.id)", "Filter": "((info IS NOT NULL) AND ((note)::text ~~ '%internet%'::text) AND (((info)::text ~~ 'USA:% 199%'::text) OR ((info)::text ~~ 'USA:% 200%'::text)))", "Plans": [{"Node Type": "Bitmap Index Scan", "Parent Relationship": "Outer", "Index Name": "info_type_id_movie_info", "Startup Cost": 0.0, "Total Cost": 4841.46, "Plan Rows": 212428, "Plan Width": 0, "Index Cond": "(info_type_id = it1.id)"}]}]}, {"Node Type": "Bitmap Heap Scan", "Parent Relationship": "Inner", "Relation Name": "aka_title", "Alias": "at", "Startup Cost": 3.79, "Total Cost": 15.63, "Plan Rows": 3, "Plan Width": 4, "Recheck Cond": "(movie_id = mi.movie_id)", "Plans": [{"Node Type": "Bitmap Index Scan", "Parent Relationship": "Outer", "Index Name": "movie_id_aka_title", "Startup Cost": 0.0, "Total Cost": 3.79, "Plan Rows": 3, "Plan Width": 0, "Index Cond": "(movie_id = mi.movie_id)"}]}]}, {"Node Type": "Bitmap Heap Scan", "Parent Relationship": "Inner", "Relation Name": "movie_companies", "Alias": "mc", "Startup Cost": 0.37, "Total Cost": 4.4, "Plan Rows": 2, "Plan Width": 12, "Recheck Cond": "(movie_id = at.movie_id)", "Plans": [{"Node Type": "Bitmap Index Scan", "Parent Relationship": "Outer", "Index Name": "movie_id_movie_companies", "Startup Cost": 0.0, "Total Cost": 0.37, "Plan Rows": 2, "Plan Width": 0, "Index Cond": "(movie_id = at.movie_id)"}]}]}, {"Node Type": "Bitmap Heap Scan", "Parent Relationship": "Inner", "Relation Name": "company_name", "Alias": "cn", "Startup Cost": 0.26, "Total Cost": 4.27, "Plan Rows": 1, "Plan Width": 4, "Recheck Cond": "(id = mc.company_id)", "Filter": "((country_code)::text = '[us]'::text)", "Plans": [{"Node Type": "Bitmap Index Scan", "Parent Relationship": "Outer", "Index Name": "company_name_pkey", "Startup Cost": 0.0, "Total Cost": 0.26, "Plan Rows": 1, "Plan Width": 0, "Index Cond": "(id = mc.company_id)"}]}]}, {"Node Type": "Bitmap Heap Scan", "Parent Relationship": "Inner", "Relation Name": "company_type", "Alias": "ct", "Startup Cost": 0.26, "Total Cost": 4.27, "Plan Rows": 1, "Plan Width": 4, "Recheck Cond": "(id = mc.company_type_id)", "Plans": [{"Node Type": "Bitmap Index Scan", "Parent Relationship": "Outer", "Index Name": "company_type_pkey", "Startup Cost": 0.0, "Total Cost": 0.26, "Plan Rows": 1, "Plan Width": 0, "Index Cond": "(id = mc.company_type_id)"}]}]}, {"Node Type": "Bitmap Heap Scan", "Parent Relationship": "Inner", "Relation Name": "movie_keyword", "Alias": "mk", "Startup Cost": 0.34, "Total Cost": 4.44, "Plan Rows": 8, "Plan Width": 8, "Recheck Cond": "(movie_id = mc.movie_id)", "Plans": [{"Node Type": "Bitmap Index Scan", "Parent Relationship": "Outer", "Index Name": "movie_id_movie_keyword", "Startup Cost": 0.0, "Total Cost": 0.34, "Plan Rows": 8, "Plan Width": 0, "Index Cond": "(movie_id = mc.movie_id)"}]}]}, {"Node Type": "Bitmap Heap Scan", "Parent Relationship": "Inner", "Relation Name": "keyword", "Alias": "k", "Startup Cost": 0.26, "Total Cost": 4.27, "Plan Rows": 1, "Plan Width": 4, "Recheck Cond": "(id = mk.keyword_id)", "Plans": [{"Node Type": "Bitmap Index Scan", "Parent Relationship": "Outer", "Index Name": "keyword_pkey", "Startup Cost": 0.0, "Total Cost": 0.26, "Plan Rows": 1, "Plan Width": 0, "Index Cond": "(id = mk.keyword_id)"}]}]}, {"Node Type": "Bitmap Heap Scan", "Parent Relationship": "Inner", "Relation Name": "title", "Alias": "t", "Startup Cost": 0.27, "Total Cost": 4.28, "Plan Rows": 1, "Plan Width": 21, "Recheck Cond": "(id = mk.movie_id)", "Filter": "(production_year > 1990)", "Plans": [{"Node Type": "Bitmap Index Scan", "Parent Relationship": "Outer", "Index Name": "title_pkey", "Startup Cost": 0.0, "Total Cost": 0.27, "Plan Rows": 1, "Plan Width": 0, "Index Cond": "(id = mk.movie_id)"}]}]}]}, "Unique SQL Id": 2846462052}, "explain_analyze_plan": {"Plan": {"Node Type": "Aggregate", "Strategy": "Plain", "Startup Cost": 166070.48, "Total Cost": 166070.49, "Plan Rows": 1, "Plan Width": 123, "Actual Startup Time": 1892.993, "Actual Total Time": 1892.994, "Actual Rows": 1, "Actual Loops": 1, "Plans": [{"Node Type": "Nested Loop", "Parent Relationship": "Outer", "Join Type": "Inner", "Startup Cost": 4847.0, "Total Cost": 166069.81, "Plan Rows": 134, "Plan Width": 59, "Actual Startup Time": 473.065, "Actual Total Time": 1891.979, "Actual Rows": 1140, "Actual Loops": 1, "Inner Unique": true, "Join Filter": "(at.movie_id = t.id)", "Rows Removed by Join Filter": 0, "Plans": [{"Node Type": "Nested Loop", "Parent Relationship": "Outer", "Join Type": "Inner", "Startup Cost": 4846.73, "Total Cost": 165653.34, "Plan Rows": 97, "Plan Width": 58, "Actual Startup Time": 473.026, "Actual Total Time": 1885.238, "Actual Rows": 1140, "Actual Loops": 1, "Inner Unique": true, "Plans": [{"Node Type": "Nested Loop", "Parent Relationship": "Outer", "Join Type": "Inner", "Startup Cost": 4846.47, "Total Cost": 165238.16, "Plan Rows": 97, "Plan Width": 62, "Actual Startup Time": 472.998, "Actual Total Time": 1876.625, "Actual Rows": 1140, "Actual Loops": 1, "Inner Unique": false, "Join Filter": "(at.movie_id = mk.movie_id)", "Rows Removed by Join Filter": 0, "Plans": [{"Node Type": "Nested Loop", "Parent Relationship": "Outer", "Join Type": "Inner", "Startup Cost": 4846.14, "Total Cost": 165183.7, "Plan Rows": 12, "Plan Width": 54, "Actual Startup Time": 472.957, "Actual Total Time": 1874.324, "Actual Rows": 119, "Actual Loops": 1, "Inner Unique": true, "Plans": [{"Node Type": "Nested Loop", "Parent Relationship": "Outer", "Join Type": "Inner", "Startup Cost": 4845.88, "Total Cost": 165132.34, "Plan Rows": 12, "Plan Width": 58, "Actual Startup Time": 428.549, "Actual Total Time": 1873.182, "Actual Rows": 284, "Actual Loops": 1, "Inner Unique": true, "Plans": [{"Node Type": "Nested Loop", "Parent Relationship": "Outer", "Join Type": "Inner", "Startup Cost": 4845.62, "Total Cost": 165046.67, "Plan Rows": 20, "Plan Width": 62, "Actual Startup Time": 428.48, "Actual Total Time": 1869.305, "Actual Rows": 400, "Actual Loops": 1, "Inner Unique": false, "Plans": [{"Node Type": "Nested Loop", "Parent Relationship": "Outer", "Join Type": "Inner", "Startup Cost": 4845.25, "Total Cost": 165006.92, "Plan Rows": 9, "Plan Width": 50, "Actual Startup Time": 428.448, "Actual Total Time": 1866.74, "Actual Rows": 120, "Actual Loops": 1, "Inner Unique": false, "Plans": [{"Node Type": "Nested Loop", "Parent Relationship": "Outer", "Join Type": "Inner", "Startup Cost": 4841.46, "Total Cost": 164944.29, "Plan Rows": 4, "Plan Width": 46, "Actual Startup Time": 424.184, "Actual Total Time": 1854.331, "Actual Rows": 1783, "Actual Loops": 1, "Inner Unique": false, "Plans": [{"Node Type": "Seq Scan", "Parent Relationship": "Outer", "Relation Name": "info_type", "Alias": "it1", "Startup Cost": 0.0, "Total Cost": 2.4, "Plan Rows": 1, "Plan Width": 4, "Actual Startup Time": 0.06, "Actual Total Time": 0.108, "Actual Rows": 1, "Actual Loops": 1, "Filter": "((info)::text = 'release dates'::text)", "Rows Removed by Filter": 111}, {"Node Type": "Bitmap Heap Scan", "Parent Relationship": "Inner", "Relation Name": "movie_info", "Alias": "mi", "Startup Cost": 4841.46, "Total Cost": 164941.85, "Plan Rows": 4, "Plan Width": 50, "Actual Startup Time": 424.115, "Actual Total Time": 1853.626, "Actual Rows": 1783, "Actual Loops": 1, "Recheck Cond": "(info_type_id = it1.id)", "Rows Removed by Index Recheck": 0, "Filter": "((info IS NOT NULL) AND ((note)::text ~~ '%internet%'::text) AND (((info)::text ~~ 'USA:% 199%'::text) OR ((info)::text ~~ 'USA:% 200%'::text)))", "Rows Removed by Filter": 3034936, "Exact Heap Blocks": 21947, "Lossy Heap Blocks": 21947, "Plans": [{"Node Type": "Bitmap Index Scan", "Parent Relationship": "Outer", "Index Name": "info_type_id_movie_info", "Startup Cost": 0.0, "Total Cost": 4841.46, "Plan Rows": 212428, "Plan Width": 0, "Actual Startup Time": 418.488, "Actual Total Time": 418.488, "Actual Rows": 3036719, "Actual Loops": 1, "Index Cond": "(info_type_id = it1.id)"}]}]}, {"Node Type": "Bitmap Heap Scan", "Parent Relationship": "Inner", "Relation Name": "aka_title", "Alias": "at", "Startup Cost": 3.79, "Total Cost": 15.63, "Plan Rows": 3, "Plan Width": 4, "Actual Startup Time": 9.437, "Actual Total Time": 9.588, "Actual Rows": 120, "Actual Loops": 1783, "Recheck Cond": "(movie_id = mi.movie_id)", "Rows Removed by Index Recheck": 0, "Exact Heap Blocks": 120, "Lossy Heap Blocks": 120, "Plans": [{"Node Type": "Bitmap Index Scan", "Parent Relationship": "Outer", "Index Name": "movie_id_aka_title", "Startup Cost": 0.0, "Total Cost": 3.79, "Plan Rows": 3, "Plan Width": 0, "Actual Startup Time": 7.926, "Actual Total Time": 7.926, "Actual Rows": 120, "Actual Loops": 1783, "Index Cond": "(movie_id = mi.movie_id)"}]}]}, {"Node Type": "Bitmap Heap Scan", "Parent Relationship": "Inner", "Relation Name": "movie_companies", "Alias": "mc", "Startup Cost": 0.37, "Total Cost": 4.4, "Plan Rows": 2, "Plan Width": 12, "Actual Startup Time": 1.714, "Actual Total Time": 2.062, "Actual Rows": 400, "Actual Loops": 120, "Recheck Cond": "(movie_id = at.movie_id)", "Rows Removed by Index Recheck": 0, "Exact Heap Blocks": 214, "Lossy Heap Blocks": 214, "Plans": [{"Node Type": "Bitmap Index Scan", "Parent Relationship": "Outer", "Index Name": "movie_id_movie_companies", "Startup Cost": 0.0, "Total Cost": 0.37, "Plan Rows": 2, "Plan Width": 0, "Actual Startup Time": 1.04, "Actual Total Time": 1.04, "Actual Rows": 400, "Actual Loops": 120, "Index Cond": "(movie_id = at.movie_id)"}]}]}, {"Node Type": "Bitmap Heap Scan", "Parent Relationship": "Inner", "Relation Name": "company_name", "Alias": "cn", "Startup Cost": 0.26, "Total Cost": 4.27, "Plan Rows": 1, "Plan Width": 4, "Actual Startup Time": 3.202, "Actual Total Time": 3.202, "Actual Rows": 284, "Actual Loops": 400, "Recheck Cond": "(id = mc.company_id)", "Rows Removed by Index Recheck": 0, "Filter": "((country_code)::text = '[us]'::text)", "Rows Removed by Filter": 116, "Exact Heap Blocks": 400, "Lossy Heap Blocks": 400, "Plans": [{"Node Type": "Bitmap Index Scan", "Parent Relationship": "Outer", "Index Name": "company_name_pkey", "Startup Cost": 0.0, "Total Cost": 0.26, "Plan Rows": 1, "Plan Width": 0, "Actual Startup Time": 1.742, "Actual Total Time": 1.742, "Actual Rows": 400, "Actual Loops": 400, "Index Cond": "(id = mc.company_id)"}]}]}, {"Node Type": "Bitmap Heap Scan", "Parent Relationship": "Inner", "Relation Name": "company_type", "Alias": "ct", "Startup Cost": 0.26, "Total Cost": 4.27, "Plan Rows": 1, "Plan Width": 4, "Actual Startup Time": 0.663, "Actual Total Time": 0.663, "Actual Rows": 119, "Actual Loops": 284, "Recheck Cond": "(id = mc.company_type_id)", "Rows Removed by Index Recheck": 0, "Exact Heap Blocks": 119, "Lossy Heap Blocks": 119, "Plans": [{"Node Type": "Bitmap Index Scan", "Parent Relationship": "Outer", "Index Name": "company_type_pkey", "Startup Cost": 0.0, "Total Cost": 0.26, "Plan Rows": 1, "Plan Width": 0, "Actual Startup Time": 0.318, "Actual Total Time": 0.318, "Actual Rows": 119, "Actual Loops": 284, "Index Cond": "(id = mc.company_type_id)"}]}]}, {"Node Type": "Bitmap Heap Scan", "Parent Relationship": "Inner", "Relation Name": "movie_keyword", "Alias": "mk", "Startup Cost": 0.34, "Total Cost": 4.44, "Plan Rows": 8, "Plan Width": 8, "Actual Startup Time": 1.383, "Actual Total Time": 1.575, "Actual Rows": 1140, "Actual Loops": 119, "Recheck Cond": "(movie_id = mc.movie_id)", "Rows Removed by Index Recheck": 0, "Exact Heap Blocks": 91, "Lossy Heap Blocks": 91, "Plans": [{"Node Type": "Bitmap Index Scan", "Parent Relationship": "Outer", "Index Name": "movie_id_movie_keyword", "Startup Cost": 0.0, "Total Cost": 0.34, "Plan Rows": 8, "Plan Width": 0, "Actual Startup Time": 0.884, "Actual Total Time": 0.884, "Actual Rows": 1140, "Actual Loops": 119, "Index Cond": "(movie_id = mc.movie_id)"}]}]}, {"Node Type": "Bitmap Heap Scan", "Parent Relationship": "Inner", "Relation Name": "keyword", "Alias": "k", "Startup Cost": 0.26, "Total Cost": 4.27, "Plan Rows": 1, "Plan Width": 4, "Actual Startup Time": 6.916, "Actual Total Time": 6.916, "Actual Rows": 1140, "Actual Loops": 1140, "Recheck Cond": "(id = mk.keyword_id)", "Rows Removed by Index Recheck": 0, "Exact Heap Blocks": 1140, "Lossy Heap Blocks": 1140, "Plans": [{"Node Type": "Bitmap Index Scan", "Parent Relationship": "Outer", "Index Name": "keyword_pkey", "Startup Cost": 0.0, "Total Cost": 0.26, "Plan Rows": 1, "Plan Width": 0, "Actual Startup Time": 4.257, "Actual Total Time": 4.257, "Actual Rows": 1140, "Actual Loops": 1140, "Index Cond": "(id = mk.keyword_id)"}]}]}, {"Node Type": "Bitmap Heap Scan", "Parent Relationship": "Inner", "Relation Name": "title", "Alias": "t", "Startup Cost": 0.27, "Total Cost": 4.28, "Plan Rows": 1, "Plan Width": 21, "Actual Startup Time": 4.967, "Actual Total Time": 4.967, "Actual Rows": 1140, "Actual Loops": 1140, "Recheck Cond": "(id = mk.movie_id)", "Rows Removed by Index Recheck": 0, "Filter": "(production_year > 1990)", "Rows Removed by Filter": 0, "Exact Heap Blocks": 1140, "Lossy Heap Blocks": 1140, "Plans": [{"Node Type": "Bitmap Index Scan", "Parent Relationship": "Outer", "Index Name": "title_pkey", "Startup Cost": 0.0, "Total Cost": 0.27, "Plan Rows": 1, "Plan Width": 0, "Actual Startup Time": 2.983, "Actual Total Time": 2.983, "Actual Rows": 1140, "Actual Loops": 1140, "Index Cond": "(id = mk.movie_id)"}]}]}]}, "Triggers": [], "Planner Runtime": 136.885, "Total Runtime": 1893.497, "Unique SQL Id": 2846462052}}, "(1, 71)": {"explain_plan": {"Plan": {"Node Type": "Aggregate", "Strategy": "Plain", "Startup Cost": 1000003810823.99, "Total Cost": 1000003810824.0, "Plan Rows": 1, "Plan Width": 123, "Plans": [{"Node Type": "Nested Loop", "Parent Relationship": "Outer", "Join Type": "Inner", "Startup Cost": 10000000002.95, "Total Cost": 1000003810823.33, "Plan Rows": 132, "Plan Width": 59, "Inner Unique": true, "Join Filter": "(at.movie_id = t.id)", "Plans": [{"Node Type": "Nested Loop", "Parent Relationship": "Outer", "Join Type": "Inner", "Startup Cost": 10000000002.69, "Total Cost": 1000003810415.45, "Plan Rows": 95, "Plan Width": 58, "Inner Unique": true, "Plans": [{"Node Type": "Nested Loop", "Parent Relationship": "Outer", "Join Type": "Inner", "Startup Cost": 10000000002.43, "Total Cost": 1000003810000.27, "Plan Rows": 97, "Plan Width": 62, "Inner Unique": false, "Join Filter": "(at.movie_id = mk.movie_id)", "Plans": [{"Node Type": "Nested Loop", "Parent Relationship": "Outer", "Join Type": "Inner", "Startup Cost": 10000000002.09, "Total Cost": 1000003809945.81, "Plan Rows": 12, "Plan Width": 54, "Inner Unique": true, "Plans": [{"Node Type": "Nested Loop", "Parent Relationship": "Outer", "Join Type": "Inner", "Startup Cost": 10000000001.84, "Total Cost": 1000003809894.45, "Plan Rows": 12, "Plan Width": 58, "Inner Unique": true, "Plans": [{"Node Type": "Nested Loop", "Parent Relationship": "Outer", "Join Type": "Inner", "Startup Cost": 10000000001.58, "Total Cost": 1000003809808.78, "Plan Rows": 20, "Plan Width": 62, "Inner Unique": false, "Plans": [{"Node Type": "Nested Loop", "Parent Relationship": "Outer", "Join Type": "Inner", "Startup Cost": 10000000001.21, "Total Cost": 1000003809769.03, "Plan Rows": 9, "Plan Width": 50, "Inner Unique": true, "Plans": [{"Node Type": "Nested Loop", "Parent Relationship": "Outer", "Join Type": "Inner", "Startup Cost": 10000000000.92, "Total Cost": 1000003806956.22, "Plan Rows": 652, "Plan Width": 54, "Inner Unique": false, "Plans": [{"Node Type": "Index Scan", "Parent Relationship": "Outer", "Scan Direction": "Forward", "Index Name": "movie_id_aka_title", "Relation Name": "aka_title", "Alias": "at", "Startup Cost": 10000000000.0, "Total Cost": 1000001990001.13, "Plan Rows": 361471, "Plan Width": 4}, {"Node Type": "Bitmap Heap Scan", "Parent Relationship": "Inner", "Relation Name": "movie_info", "Alias": "mi", "Startup Cost": 0.92, "Total Cost": 5.02, "Plan Rows": 1, "Plan Width": 50, "Recheck Cond": "(movie_id = at.movie_id)", "Filter": "((info IS NOT NULL) AND ((note)::text ~~ '%internet%'::text) AND (((info)::text ~~ 'USA:% 199%'::text) OR ((info)::text ~~ 'USA:% 200%'::text)))", "Plans": [{"Node Type": "Bitmap Index Scan", "Parent Relationship": "Outer", "Index Name": "movie_id_movie_info", "Startup Cost": 0.0, "Total Cost": 0.92, "Plan Rows": 5, "Plan Width": 0, "Index Cond": "(movie_id = at.movie_id)"}]}]}, {"Node Type": "Bitmap Heap Scan", "Parent Relationship": "Inner", "Relation Name": "info_type", "Alias": "it1", "Startup Cost": 0.29, "Total Cost": 4.3, "Plan Rows": 1, "Plan Width": 4, "Recheck Cond": "(id = mi.info_type_id)", "Filter": "((info)::text = 'release dates'::text)", "Plans": [{"Node Type": "Bitmap Index Scan", "Parent Relationship": "Outer", "Index Name": "info_type_pkey", "Startup Cost": 0.0, "Total Cost": 0.29, "Plan Rows": 1, "Plan Width": 0, "Index Cond": "(id = mi.info_type_id)"}]}]}, {"Node Type": "Bitmap Heap Scan", "Parent Relationship": "Inner", "Relation Name": "movie_companies", "Alias": "mc", "Startup Cost": 0.37, "Total Cost": 4.4, "Plan Rows": 2, "Plan Width": 12, "Recheck Cond": "(movie_id = at.movie_id)", "Plans": [{"Node Type": "Bitmap Index Scan", "Parent Relationship": "Outer", "Index Name": "movie_id_movie_companies", "Startup Cost": 0.0, "Total Cost": 0.37, "Plan Rows": 2, "Plan Width": 0, "Index Cond": "(movie_id = at.movie_id)"}]}]}, {"Node Type": "Bitmap Heap Scan", "Parent Relationship": "Inner", "Relation Name": "company_name", "Alias": "cn", "Startup Cost": 0.26, "Total Cost": 4.27, "Plan Rows": 1, "Plan Width": 4, "Recheck Cond": "(id = mc.company_id)", "Filter": "((country_code)::text = '[us]'::text)", "Plans": [{"Node Type": "Bitmap Index Scan", "Parent Relationship": "Outer", "Index Name": "company_name_pkey", "Startup Cost": 0.0, "Total Cost": 0.26, "Plan Rows": 1, "Plan Width": 0, "Index Cond": "(id = mc.company_id)"}]}]}, {"Node Type": "Bitmap Heap Scan", "Parent Relationship": "Inner", "Relation Name": "company_type", "Alias": "ct", "Startup Cost": 0.26, "Total Cost": 4.27, "Plan Rows": 1, "Plan Width": 4, "Recheck Cond": "(id = mc.company_type_id)", "Plans": [{"Node Type": "Bitmap Index Scan", "Parent Relationship": "Outer", "Index Name": "company_type_pkey", "Startup Cost": 0.0, "Total Cost": 0.26, "Plan Rows": 1, "Plan Width": 0, "Index Cond": "(id = mc.company_type_id)"}]}]}, {"Node Type": "Bitmap Heap Scan", "Parent Relationship": "Inner", "Relation Name": "movie_keyword", "Alias": "mk", "Startup Cost": 0.34, "Total Cost": 4.44, "Plan Rows": 8, "Plan Width": 8, "Recheck Cond": "(movie_id = mc.movie_id)", "Plans": [{"Node Type": "Bitmap Index Scan", "Parent Relationship": "Outer", "Index Name": "movie_id_movie_keyword", "Startup Cost": 0.0, "Total Cost": 0.34, "Plan Rows": 8, "Plan Width": 0, "Index Cond": "(movie_id = mc.movie_id)"}]}]}, {"Node Type": "Bitmap Heap Scan", "Parent Relationship": "Inner", "Relation Name": "keyword", "Alias": "k", "Startup Cost": 0.26, "Total Cost": 4.27, "Plan Rows": 1, "Plan Width": 4, "Recheck Cond": "(id = mk.keyword_id)", "Plans": [{"Node Type": "Bitmap Index Scan", "Parent Relationship": "Outer", "Index Name": "keyword_pkey", "Startup Cost": 0.0, "Total Cost": 0.26, "Plan Rows": 1, "Plan Width": 0, "Index Cond": "(id = mk.keyword_id)"}]}]}, {"Node Type": "Bitmap Heap Scan", "Parent Relationship": "Inner", "Relation Name": "title", "Alias": "t", "Startup Cost": 0.27, "Total Cost": 4.28, "Plan Rows": 1, "Plan Width": 21, "Recheck Cond": "(id = mk.movie_id)", "Filter": "(production_year > 1990)", "Plans": [{"Node Type": "Bitmap Index Scan", "Parent Relationship": "Outer", "Index Name": "title_pkey", "Startup Cost": 0.0, "Total Cost": 0.27, "Plan Rows": 1, "Plan Width": 0, "Index Cond": "(id = mk.movie_id)"}]}]}]}, "Unique SQL Id": 2846462052}, "explain_analyze_plan": null}, "(1, 72)": {"explain_plan": {"Plan": {"Node Type": "Aggregate", "Strategy": "Plain", "Startup Cost": 408678.26, "Total Cost": 408678.27, "Plan Rows": 1, "Plan Width": 123, "Plans": [{"Node Type": "Nested Loop", "Parent Relationship": "Outer", "Join Type": "Inner", "Startup Cost": 0.0, "Total Cost": 408677.59, "Plan Rows": 134, "Plan Width": 59, "Inner Unique": true, "Plans": [{"Node Type": "Nested Loop", "Parent Relationship": "Outer", "Join Type": "Inner", "Startup Cost": 0.0, "Total Cost": 408640.07, "Plan Rows": 134, "Plan Width": 63, "Inner Unique": false, "Join Filter": "(t.id = mk.movie_id)", "Plans": [{"Node Type": "Nested Loop", "Parent Relationship": "Outer", "Join Type": "Inner", "Startup Cost": 0.0, "Total Cost": 408630.51, "Plan Rows": 17, "Plan Width": 75, "Inner Unique": true, "Join Filter": "(at.movie_id = t.id)", "Plans": [{"Node Type": "Nested Loop", "Parent Relationship": "Outer", "Join Type": "Inner", "Startup Cost": 0.0, "Total Cost": 408626.28, "Plan Rows": 12, "Plan Width": 54, "Inner Unique": true, "Plans": [{"Node Type": "Nested Loop", "Parent Relationship": "Outer", "Join Type": "Inner", "Startup Cost": 0.0, "Total Cost": 408622.92, "Plan Rows": 12, "Plan Width": 58, "Inner Unique": true, "Plans": [{"Node Type": "Nested Loop", "Parent Relationship": "Outer", "Join Type": "Inner", "Startup Cost": 0.0, "Total Cost": 408617.17, "Plan Rows": 20, "Plan Width": 62, "Inner Unique": false, "Plans": [{"Node Type": "Nested Loop", "Parent Relationship": "Outer", "Join Type": "Inner", "Startup Cost": 0.0, "Total Cost": 408611.86, "Plan Rows": 9, "Plan Width": 50, "Inner Unique": false, "Plans": [{"Node Type": "Nested Loop", "Parent Relationship": "Outer", "Join Type": "Inner", "Startup Cost": 0.0, "Total Cost": 408596.44, "Plan Rows": 4, "Plan Width": 46, "Inner Unique": true, "Plans": [{"Node Type": "Seq Scan", "Parent Relationship": "Outer", "Relation Name": "movie_info", "Alias": "mi", "Startup Cost": 0.0, "Total Cost": 408512.41, "Plan Rows": 255, "Plan Width": 50, "Filter": "((info IS NOT NULL) AND ((note)::text ~~ '%internet%'::text) AND (((info)::text ~~ 'USA:% 199%'::text) OR ((info)::text ~~ 'USA:% 200%'::text)))"}, {"Node Type": "Index Scan", "Parent Relationship": "Inner", "Scan Direction": "Forward", "Index Name": "info_type_pkey", "Relation Name": "info_type", "Alias": "it1", "Startup Cost": 0.0, "Total Cost": 0.32, "Plan Rows": 1, "Plan Width": 4, "Index Cond": "(id = mi.info_type_id)", "Filter": "((info)::text = 'release dates'::text)"}]}, {"Node Type": "Index Only Scan", "Parent Relationship": "Inner", "Scan Direction": "Forward", "Index Name": "movie_id_aka_title", "Relation Name": "aka_title", "Alias": "at", "Startup Cost": 0.0, "Total Cost": 3.82, "Plan Rows": 3, "Plan Width": 4, "Index Cond": "(movie_id = mi.movie_id)"}]}, {"Node Type": "Index Scan", "Parent Relationship": "Inner", "Scan Direction": "Forward", "Index Name": "movie_id_movie_companies", "Relation Name": "movie_companies", "Alias": "mc", "Startup Cost": 0.0, "Total Cost": 0.57, "Plan Rows": 2, "Plan Width": 12, "Index Cond": "(movie_id = at.movie_id)"}]}, {"Node Type": "Index Scan", "Parent Relationship": "Inner", "Scan Direction": "Forward", "Index Name": "company_name_pkey", "Relation Name": "company_name", "Alias": "cn", "Startup Cost": 0.0, "Total Cost": 0.28, "Plan Rows": 1, "Plan Width": 4, "Index Cond": "(id = mc.company_id)", "Filter": "((country_code)::text = '[us]'::text)"}]}, {"Node Type": "Index Only Scan", "Parent Relationship": "Inner", "Scan Direction": "Forward", "Index Name": "company_type_pkey", "Relation Name": "company_type", "Alias": "ct", "Startup Cost": 0.0, "Total Cost": 0.27, "Plan Rows": 1, "Plan Width": 4, "Index Cond": "(id = mc.company_type_id)"}]}, {"Node Type": "Index Scan", "Parent Relationship": "Inner", "Scan Direction": "Forward", "Index Name": "title_pkey", "Relation Name": "title", "Alias": "t", "Startup Cost": 0.0, "Total Cost": 0.34, "Plan Rows": 1, "Plan Width": 21, "Index Cond": "(id = mc.movie_id)", "Filter": "(production_year > 1990)"}]}, {"Node Type": "Index Scan", "Parent Relationship": "Inner", "Scan Direction": "Forward", "Index Name": "movie_id_movie_keyword", "Relation Name": "movie_keyword", "Alias": "mk", "Startup Cost": 0.0, "Total Cost": 0.46, "Plan Rows": 8, "Plan Width": 8, "Index Cond": "(movie_id = mc.movie_id)"}]}, {"Node Type": "Index Only Scan", "Parent Relationship": "Inner", "Scan Direction": "Forward", "Index Name": "keyword_pkey", "Relation Name": "keyword", "Alias": "k", "Startup Cost": 0.0, "Total Cost": 0.27, "Plan Rows": 1, "Plan Width": 4, "Index Cond": "(id = mk.keyword_id)"}]}]}, "Unique SQL Id": 2846462052}, "explain_analyze_plan": null}, "(1, 73)": {"explain_plan": {"Plan": {"Node Type": "Aggregate", "Strategy": "Plain", "Startup Cost": 496841.73, "Total Cost": 496841.74, "Plan Rows": 1, "Plan Width": 123, "Plans": [{"Node Type": "Nested Loop", "Parent Relationship": "Outer", "Join Type": "Inner", "Startup Cost": 0.0, "Total Cost": 496841.06, "Plan Rows": 134, "Plan Width": 59, "Inner Unique": true, "Plans": [{"Node Type": "Nested Loop", "Parent Relationship": "Outer", "Join Type": "Inner", "Startup Cost": 0.0, "Total Cost": 496803.53, "Plan Rows": 134, "Plan Width": 63, "Inner Unique": false, "Join Filter": "(t.id = mk.movie_id)", "Plans": [{"Node Type": "Nested Loop", "Parent Relationship": "Outer", "Join Type": "Inner", "Startup Cost": 0.0, "Total Cost": 496793.97, "Plan Rows": 17, "Plan Width": 75, "Inner Unique": true, "Join Filter": "(at.movie_id = t.id)", "Plans": [{"Node Type": "Nested Loop", "Parent Relationship": "Outer", "Join Type": "Inner", "Startup Cost": 0.0, "Total Cost": 496789.74, "Plan Rows": 12, "Plan Width": 54, "Inner Unique": true, "Plans": [{"Node Type": "Nested Loop", "Parent Relationship": "Outer", "Join Type": "Inner", "Startup Cost": 0.0, "Total Cost": 496786.38, "Plan Rows": 12, "Plan Width": 58, "Inner Unique": true, "Plans": [{"Node Type": "Nested Loop", "Parent Relationship": "Outer", "Join Type": "Inner", "Startup Cost": 0.0, "Total Cost": 496780.63, "Plan Rows": 20, "Plan Width": 62, "Inner Unique": false, "Plans": [{"Node Type": "Nested Loop", "Parent Relationship": "Outer", "Join Type": "Inner", "Startup Cost": 0.0, "Total Cost": 496775.32, "Plan Rows": 9, "Plan Width": 50, "Inner Unique": false, "Plans": [{"Node Type": "Nested Loop", "Parent Relationship": "Outer", "Join Type": "Inner", "Startup Cost": 0.0, "Total Cost": 496759.91, "Plan Rows": 4, "Plan Width": 46, "Inner Unique": false, "Plans": [{"Node Type": "Index Scan", "Parent Relationship": "Outer", "Scan Direction": "Forward", "Index Name": "info_type_pkey", "Relation Name": "info_type", "Alias": "it1", "Startup Cost": 0.0, "Total Cost": 14.21, "Plan Rows": 1, "Plan Width": 4, "Filter": "((info)::text = 'release dates'::text)"}, {"Node Type": "Index Scan", "Parent Relationship": "Inner", "Scan Direction": "Forward", "Index Name": "info_type_id_movie_info", "Relation Name": "movie_info", "Alias": "mi", "Startup Cost": 0.0, "Total Cost": 496745.66, "Plan Rows": 4, "Plan Width": 50, "Index Cond": "(info_type_id = it1.id)", "Filter": "((info IS NOT NULL) AND ((note)::text ~~ '%internet%'::text) AND (((info)::text ~~ 'USA:% 199%'::text) OR ((info)::text ~~ 'USA:% 200%'::text)))"}]}, {"Node Type": "Index Only Scan", "Parent Relationship": "Inner", "Scan Direction": "Forward", "Index Name": "movie_id_aka_title", "Relation Name": "aka_title", "Alias": "at", "Startup Cost": 0.0, "Total Cost": 3.82, "Plan Rows": 3, "Plan Width": 4, "Index Cond": "(movie_id = mi.movie_id)"}]}, {"Node Type": "Index Scan", "Parent Relationship": "Inner", "Scan Direction": "Forward", "Index Name": "movie_id_movie_companies", "Relation Name": "movie_companies", "Alias": "mc", "Startup Cost": 0.0, "Total Cost": 0.57, "Plan Rows": 2, "Plan Width": 12, "Index Cond": "(movie_id = at.movie_id)"}]}, {"Node Type": "Index Scan", "Parent Relationship": "Inner", "Scan Direction": "Forward", "Index Name": "company_name_pkey", "Relation Name": "company_name", "Alias": "cn", "Startup Cost": 0.0, "Total Cost": 0.28, "Plan Rows": 1, "Plan Width": 4, "Index Cond": "(id = mc.company_id)", "Filter": "((country_code)::text = '[us]'::text)"}]}, {"Node Type": "Index Only Scan", "Parent Relationship": "Inner", "Scan Direction": "Forward", "Index Name": "company_type_pkey", "Relation Name": "company_type", "Alias": "ct", "Startup Cost": 0.0, "Total Cost": 0.27, "Plan Rows": 1, "Plan Width": 4, "Index Cond": "(id = mc.company_type_id)"}]}, {"Node Type": "Index Scan", "Parent Relationship": "Inner", "Scan Direction": "Forward", "Index Name": "title_pkey", "Relation Name": "title", "Alias": "t", "Startup Cost": 0.0, "Total Cost": 0.34, "Plan Rows": 1, "Plan Width": 21, "Index Cond": "(id = mc.movie_id)", "Filter": "(production_year > 1990)"}]}, {"Node Type": "Index Scan", "Parent Relationship": "Inner", "Scan Direction": "Forward", "Index Name": "movie_id_movie_keyword", "Relation Name": "movie_keyword", "Alias": "mk", "Startup Cost": 0.0, "Total Cost": 0.46, "Plan Rows": 8, "Plan Width": 8, "Index Cond": "(movie_id = mc.movie_id)"}]}, {"Node Type": "Index Only Scan", "Parent Relationship": "Inner", "Scan Direction": "Forward", "Index Name": "keyword_pkey", "Relation Name": "keyword", "Alias": "k", "Startup Cost": 0.0, "Total Cost": 0.27, "Plan Rows": 1, "Plan Width": 4, "Index Cond": "(id = mk.keyword_id)"}]}]}, "Unique SQL Id": 2846462052}, "explain_analyze_plan": {"Plan": {"Node Type": "Aggregate", "Strategy": "Plain", "Startup Cost": 496841.73, "Total Cost": 496841.74, "Plan Rows": 1, "Plan Width": 123, "Actual Startup Time": 1848.46, "Actual Total Time": 1848.461, "Actual Rows": 1, "Actual Loops": 1, "Plans": [{"Node Type": "Nested Loop", "Parent Relationship": "Outer", "Join Type": "Inner", "Startup Cost": 0.0, "Total Cost": 496841.06, "Plan Rows": 134, "Plan Width": 59, "Actual Startup Time": 61.619, "Actual Total Time": 1847.524, "Actual Rows": 1140, "Actual Loops": 1, "Inner Unique": true, "Plans": [{"Node Type": "Nested Loop", "Parent Relationship": "Outer", "Join Type": "Inner", "Startup Cost": 0.0, "Total Cost": 496803.53, "Plan Rows": 134, "Plan Width": 63, "Actual Startup Time": 61.608, "Actual Total Time": 1842.882, "Actual Rows": 1140, "Actual Loops": 1, "Inner Unique": false, "Join Filter": "(t.id = mk.movie_id)", "Rows Removed by Join Filter": 0, "Plans": [{"Node Type": "Nested Loop", "Parent Relationship": "Outer", "Join Type": "Inner", "Startup Cost": 0.0, "Total Cost": 496793.97, "Plan Rows": 17, "Plan Width": 75, "Actual Startup Time": 61.591, "Actual Total Time": 1840.784, "Actual Rows": 119, "Actual Loops": 1, "Inner Unique": true, "Join Filter": "(at.movie_id = t.id)", "Rows Removed by Join Filter": 0, "Plans": [{"Node Type": "Nested Loop", "Parent Relationship": "Outer", "Join Type": "Inner", "Startup Cost": 0.0, "Total Cost": 496789.74, "Plan Rows": 12, "Plan Width": 54, "Actual Startup Time": 61.566, "Actual Total Time": 1839.599, "Actual Rows": 119, "Actual Loops": 1, "Inner Unique": true, "Plans": [{"Node Type": "Nested Loop", "Parent Relationship": "Outer", "Join Type": "Inner", "Startup Cost": 0.0, "Total Cost": 496786.38, "Plan Rows": 12, "Plan Width": 58, "Actual Startup Time": 5.915, "Actual Total Time": 1839.032, "Actual Rows": 284, "Actual Loops": 1, "Inner Unique": true, "Plans": [{"Node Type": "Nested Loop", "Parent Relationship": "Outer", "Join Type": "Inner", "Startup Cost": 0.0, "Total Cost": 496780.63, "Plan Rows": 20, "Plan Width": 62, "Actual Startup Time": 5.898, "Actual Total Time": 1836.133, "Actual Rows": 400, "Actual Loops": 1, "Inner Unique": false, "Plans": [{"Node Type": "Nested Loop", "Parent Relationship": "Outer", "Join Type": "Inner", "Startup Cost": 0.0, "Total Cost": 496775.32, "Plan Rows": 9, "Plan Width": 50, "Actual Startup Time": 5.889, "Actual Total Time": 1834.45, "Actual Rows": 120, "Actual Loops": 1, "Inner Unique": false, "Plans": [{"Node Type": "Nested Loop", "Parent Relationship": "Outer", "Join Type": "Inner", "Startup Cost": 0.0, "Total Cost": 496759.91, "Plan Rows": 4, "Plan Width": 46, "Actual Startup Time": 0.569, "Actual Total Time": 1825.417, "Actual Rows": 1783, "Actual Loops": 1, "Inner Unique": false, "Plans": [{"Node Type": "Index Scan", "Parent Relationship": "Outer", "Scan Direction": "Forward", "Index Name": "info_type_pkey", "Relation Name": "info_type", "Alias": "it1", "Startup Cost": 0.0, "Total Cost": 14.21, "Plan Rows": 1, "Plan Width": 4, "Actual Startup Time": 0.041, "Actual Total Time": 0.181, "Actual Rows": 1, "Actual Loops": 1, "Filter": "((info)::text = 'release dates'::text)", "Rows Removed by Filter": 111}, {"Node Type": "Index Scan", "Parent Relationship": "Inner", "Scan Direction": "Forward", "Index Name": "info_type_id_movie_info", "Relation Name": "movie_info", "Alias": "mi", "Startup Cost": 0.0, "Total Cost": 496745.66, "Plan Rows": 4, "Plan Width": 50, "Actual Startup Time": 0.522, "Actual Total Time": 1824.556, "Actual Rows": 1783, "Actual Loops": 1, "Index Cond": "(info_type_id = it1.id)", "Rows Removed by Index Recheck": 0, "Filter": "((info IS NOT NULL) AND ((note)::text ~~ '%internet%'::text) AND (((info)::text ~~ 'USA:% 199%'::text) OR ((info)::text ~~ 'USA:% 200%'::text)))", "Rows Removed by Filter": 3034936}]}, {"Node Type": "Index Only Scan", "Parent Relationship": "Inner", "Scan Direction": "Forward", "Index Name": "movie_id_aka_title", "Relation Name": "aka_title", "Alias": "at", "Startup Cost": 0.0, "Total Cost": 3.82, "Plan Rows": 3, "Plan Width": 4, "Actual Startup Time": 7.41, "Actual Total Time": 7.464, "Actual Rows": 120, "Actual Loops": 1783, "Index Cond": "(movie_id = mi.movie_id)", "Rows Removed by Index Recheck": 0, "Heap Fetches": 0}]}, {"Node Type": "Index Scan", "Parent Relationship": "Inner", "Scan Direction": "Forward", "Index Name": "movie_id_movie_companies", "Relation Name": "movie_companies", "Alias": "mc", "Startup Cost": 0.0, "Total Cost": 0.57, "Plan Rows": 2, "Plan Width": 12, "Actual Startup Time": 1.011, "Actual Total Time": 1.388, "Actual Rows": 400, "Actual Loops": 120, "Index Cond": "(movie_id = at.movie_id)", "Rows Removed by Index Recheck": 0}]}, {"Node Type": "Index Scan", "Parent Relationship": "Inner", "Scan Direction": "Forward", "Index Name": "company_name_pkey", "Relation Name": "company_name", "Alias": "cn", "Startup Cost": 0.0, "Total Cost": 0.28, "Plan Rows": 1, "Plan Width": 4, "Actual Startup Time": 2.479, "Actual Total Time": 2.479, "Actual Rows": 284, "Actual Loops": 400, "Index Cond": "(id = mc.company_id)", "Rows Removed by Index Recheck": 0, "Filter": "((country_code)::text = '[us]'::text)", "Rows Removed by Filter": 116}]}, {"Node Type": "Index Only Scan", "Parent Relationship": "Inner", "Scan Direction": "Forward", "Index Name": "company_type_pkey", "Relation Name": "company_type", "Alias": "ct", "Startup Cost": 0.0, "Total Cost": 0.27, "Plan Rows": 1, "Plan Width": 4, "Actual Startup Time": 0.283, "Actual Total Time": 0.283, "Actual Rows": 119, "Actual Loops": 284, "Index Cond": "(id = mc.company_type_id)", "Rows Removed by Index Recheck": 0, "Heap Fetches": 0}]}, {"Node Type": "Index Scan", "Parent Relationship": "Inner", "Scan Direction": "Forward", "Index Name": "title_pkey", "Relation Name": "title", "Alias": "t", "Startup Cost": 0.0, "Total Cost": 0.34, "Plan Rows": 1, "Plan Width": 21, "Actual Startup Time": 0.893, "Actual Total Time": 0.893, "Actual Rows": 119, "Actual Loops": 119, "Index Cond": "(id = mc.movie_id)", "Rows Removed by Index Recheck": 0, "Filter": "(production_year > 1990)", "Rows Removed by Filter": 0}]}, {"Node Type": "Index Scan", "Parent Relationship": "Inner", "Scan Direction": "Forward", "Index Name": "movie_id_movie_keyword", "Relation Name": "movie_keyword", "Alias": "mk", "Startup Cost": 0.0, "Total Cost": 0.46, "Plan Rows": 8, "Plan Width": 8, "Actual Startup Time": 0.901, "Actual Total Time": 1.494, "Actual Rows": 1140, "Actual Loops": 119, "Index Cond": "(movie_id = mc.movie_id)", "Rows Removed by Index Recheck": 0}]}, {"Node Type": "Index Only Scan", "Parent Relationship": "Inner", "Scan Direction": "Forward", "Index Name": "keyword_pkey", "Relation Name": "keyword", "Alias": "k", "Startup Cost": 0.0, "Total Cost": 0.27, "Plan Rows": 1, "Plan Width": 4, "Actual Startup Time": 3.818, "Actual Total Time": 3.818, "Actual Rows": 1140, "Actual Loops": 1140, "Index Cond": "(id = mk.keyword_id)", "Rows Removed by Index Recheck": 0, "Heap Fetches": 0}]}]}, "Triggers": [], "Planner Runtime": 142.533, "Total Runtime": 1848.804, "Unique SQL Id": 2846462052}}, "(1, 74)": {"explain_plan": {"Plan": {"Node Type": "Aggregate", "Strategy": "Plain", "Startup Cost": 637513.58, "Total Cost": 637513.59, "Plan Rows": 1, "Plan Width": 123, "Plans": [{"Node Type": "Hash Join", "Parent Relationship": "Outer", "Join Type": "Inner", "Startup Cost": 558104.46, "Total Cost": 637512.91, "Plan Rows": 134, "Plan Width": 59, "Inner Unique": true, "Hash Cond": "(mk.keyword_id = k.id)", "Plans": [{"Node Type": "Hash Join", "Parent Relationship": "Outer", "Join Type": "Inner", "Startup Cost": 554326.66, "Total Cost": 633733.29, "Plan Rows": 134, "Plan Width": 63, "Inner Unique": false, "Hash Cond": "(mk.movie_id = t.id)", "Plans": [{"Node Type": "Seq Scan", "Parent Relationship": "Outer", "Relation Name": "movie_keyword", "Alias": "mk", "Startup Cost": 0.0, "Total Cost": 62441.29, "Plan Rows": 4523929, "Plan Width": 8}, {"Node Type": "Hash", "Parent Relationship": "Inner", "Startup Cost": 554326.45, "Total Cost": 554326.45, "Plan Rows": 17, "Plan Width": 75, "Plans": [{"Node Type": "Hash Join", "Parent Relationship": "Outer", "Join Type": "Inner", "Startup Cost": 481378.24, "Total Cost": 554326.45, "Plan Rows": 17, "Plan Width": 75, "Inner Unique": false, "Hash Cond": "(t.id = at.movie_id)", "Plans": [{"Node Type": "Seq Scan", "Parent Relationship": "Outer", "Relation Name": "title", "Alias": "t", "Startup Cost": 0.0, "Total Cost": 66389.89, "Plan Rows": 1748840, "Plan Width": 21, "Filter": "(production_year > 1990), (LLVM Optimized)"}, {"Node Type": "Hash", "Parent Relationship": "Inner", "Startup Cost": 481378.09, "Total Cost": 481378.09, "Plan Rows": 12, "Plan Width": 54, "Plans": [{"Node Type": "Hash Join", "Parent Relationship": "Outer", "Join Type": "Inner", "Startup Cost": 429897.79, "Total Cost": 481378.09, "Plan Rows": 12, "Plan Width": 54, "Inner Unique": false, "Hash Cond": "(mi.movie_id = at.movie_id)", "Plans": [{"Node Type": "Hash Join", "Parent Relationship": "Outer", "Join Type": "Inner", "Startup Cost": 415484.69, "Total Cost": 466964.27, "Plan Rows": 7, "Plan Width": 50, "Inner Unique": true, "Hash Cond": "(mc.company_type_id = ct.id)", "Plans": [{"Node Type": "Hash Join", "Parent Relationship": "Outer", "Join Type": "Inner", "Startup Cost": 415483.62, "Total Cost": 466963.1, "Plan Rows": 7, "Plan Width": 54, "Inner Unique": true, "Hash Cond": "(mc.company_id = cn.id)", "Plans": [{"Node Type": "Hash Join", "Parent Relationship": "Outer", "Join Type": "Inner", "Startup Cost": 408515.55, "Total Cost": 459994.89, "Plan Rows": 9, "Plan Width": 58, "Inner Unique": false, "Hash Cond": "(mc.movie_id = mi.movie_id)", "Plans": [{"Node Type": "Seq Scan", "Parent Relationship": "Outer", "Relation Name": "movie_companies", "Alias": "mc", "Startup Cost": 0.0, "Total Cost": 41817.28, "Plan Rows": 2609128, "Plan Width": 12}, {"Node Type": "Hash", "Parent Relationship": "Inner", "Startup Cost": 408515.5, "Total Cost": 408515.5, "Plan Rows": 4, "Plan Width": 46, "Plans": [{"Node Type": "Hash Join", "Parent Relationship": "Outer", "Join Type": "Inner", "Startup Cost": 2.41, "Total Cost": 408515.5, "Plan Rows": 4, "Plan Width": 46, "Inner Unique": true, "Hash Cond": "(mi.info_type_id = it1.id)", "Plans": [{"Node Type": "Seq Scan", "Parent Relationship": "Outer", "Relation Name": "movie_info", "Alias": "mi", "Startup Cost": 0.0, "Total Cost": 408512.41, "Plan Rows": 255, "Plan Width": 50, "Filter": "((info IS NOT NULL) AND ((note)::text ~~ '%internet%'::text) AND (((info)::text ~~ 'USA:% 199%'::text) OR ((info)::text ~~ 'USA:% 200%'::text)))"}, {"Node Type": "Hash", "Parent Relationship": "Inner", "Startup Cost": 2.4, "Total Cost": 2.4, "Plan Rows": 1, "Plan Width": 4, "Plans": [{"Node Type": "Seq Scan", "Parent Relationship": "Outer", "Relation Name": "info_type", "Alias": "it1", "Startup Cost": 0.0, "Total Cost": 2.4, "Plan Rows": 1, "Plan Width": 4, "Filter": "((info)::text = 'release dates'::text)"}]}]}]}]}, {"Node Type": "Hash", "Parent Relationship": "Inner", "Startup Cost": 5903.45, "Total Cost": 5903.45, "Plan Rows": 85170, "Plan Width": 4, "Plans": [{"Node Type": "Seq Scan", "Parent Relationship": "Outer", "Relation Name": "company_name", "Alias": "cn", "Startup Cost": 0.0, "Total Cost": 5903.45, "Plan Rows": 85170, "Plan Width": 4, "Filter": "((country_code)::text = '[us]'::text)"}]}]}, {"Node Type": "Hash", "Parent Relationship": "Inner", "Startup Cost": 1.03, "Total Cost": 1.03, "Plan Rows": 3, "Plan Width": 4, "Plans": [{"Node Type": "Seq Scan", "Parent Relationship": "Outer", "Relation Name": "company_type", "Alias": "ct", "Startup Cost": 0.0, "Total Cost": 1.03, "Plan Rows": 3, "Plan Width": 4}]}]}, {"Node Type": "Hash", "Parent Relationship": "Inner", "Startup Cost": 9894.71, "Total Cost": 9894.71, "Plan Rows": 361471, "Plan Width": 4, "Plans": [{"Node Type": "Seq Scan", "Parent Relationship": "Outer", "Relation Name": "aka_title", "Alias": "at", "Startup Cost": 0.0, "Total Cost": 9894.71, "Plan Rows": 361471, "Plan Width": 4}]}]}]}]}]}]}, {"Node Type": "Hash", "Parent Relationship": "Inner", "Startup Cost": 2100.69, "Total Cost": 2100.69, "Plan Rows": 134169, "Plan Width": 4, "Plans": [{"Node Type": "Seq Scan", "Parent Relationship": "Outer", "Relation Name": "keyword", "Alias": "k", "Startup Cost": 0.0, "Total Cost": 2100.69, "Plan Rows": 134169, "Plan Width": 4}]}]}]}, "Unique SQL Id": 2846462052}, "explain_analyze_plan": null}, "(1, 75)": {"explain_plan": {"Plan": {"Node Type": "Aggregate", "Strategy": "Plain", "Startup Cost": 8991773180642.51, "Total Cost": 8991773180642.52, "Plan Rows": 1, "Plan Width": 123, "Plans": [{"Node Type": "Hash Join", "Parent Relationship": "Outer", "Join Type": "Inner", "Startup Cost": 4050168328705.83, "Total Cost": 8991773180641.84, "Plan Rows": 134, "Plan Width": 59, "Inner Unique": true, "Hash Cond": "(mk.keyword_id = k.id)", "Plans": [{"Node Type": "Hash Join", "Parent Relationship": "Outer", "Join Type": "Inner", "Startup Cost": 3050168120950.21, "Total Cost": 7991772972884.42, "Plan Rows": 134, "Plan Width": 63, "Inner Unique": true, "Hash Cond": "(mi.info_type_id = it1.id)", "Plans": [{"Node Type": "Hash Join", "Parent Relationship": "Outer", "Join Type": "Inner", "Startup Cost": 2050168119529.2, "Total Cost": 6991772971426.9, "Plan Rows": 9378, "Plan Width": 67, "Inner Unique": true, "Hash Cond": "(mc.company_type_id = ct.id)", "Plans": [{"Node Type": "Hash Join", "Parent Relationship": "Outer", "Join Type": "Inner", "Startup Cost": 1050168118699.66, "Total Cost": 5991772970468.41, "Plan Rows": 9378, "Plan Width": 71, "Inner Unique": true, "Hash Cond": "(mc.company_id = cn.id)", "Plans": [{"Node Type": "Merge Join", "Parent Relationship": "Outer", "Join Type": "Inner", "Startup Cost": 50167067496.07, "Total Cost": 4991771919129.33, "Plan Rows": 15637, "Plan Width": 75, "Inner Unique": false, "Merge Cond": "(t.id = mk.movie_id)", "Plans": [{"Node Type": "Merge Join", "Parent Relationship": "Outer", "Join Type": "Inner", "Startup Cost": 40167067496.07, "Total Cost": 3995838827709.83, "Plan Rows": 1938, "Plan Width": 87, "Inner Unique": false, "Merge Cond": "(t.id = mc.movie_id)", "Plans": [{"Node Type": "Merge Join", "Parent Relationship": "Outer", "Join Type": "Inner", "Startup Cost": 30167067496.07, "Total Cost": 2999113639177.53, "Plan Rows": 903, "Plan Width": 75, "Inner Unique": true, "Merge Cond": "(at.movie_id = t.id)", "Plans": [{"Node Type": "Merge Join", "Parent Relationship": "Outer", "Join Type": "Inner", "Startup Cost": 20167067496.07, "Total Cost": 2000115868931.67, "Plan Rows": 652, "Plan Width": 54, "Inner Unique": false, "Merge Cond": "(at.movie_id = mi.movie_id)", "Plans": [{"Node Type": "Index Only Scan", "Parent Relationship": "Outer", "Scan Direction": "Forward", "Index Name": "movie_id_aka_title", "Relation Name": "aka_title", "Alias": "at", "Startup Cost": 10000000000.0, "Total Cost": 1000000898631.5, "Plan Rows": 361471, "Plan Width": 4}, {"Node Type": "Materialize", "Parent Relationship": "Inner", "Startup Cost": 10000000000.0, "Total Cost": 1000114969387.35, "Plan Rows": 255, "Plan Width": 50, "Plans": [{"Node Type": "Index Scan", "Parent Relationship": "Outer", "Scan Direction": "Forward", "Index Name": "movie_id_movie_info", "Relation Name": "movie_info", "Alias": "mi", "Startup Cost": 10000000000.0, "Total Cost": 1000114969386.72, "Plan Rows": 255, "Plan Width": 50, "Filter": "((info IS NOT NULL) AND ((note)::text ~~ '%internet%'::text) AND (((info)::text ~~ 'USA:% 199%'::text) OR ((info)::text ~~ 'USA:% 200%'::text)))"}]}]}, {"Node Type": "Index Scan", "Parent Relationship": "Inner", "Scan Direction": "Forward", "Index Name": "title_pkey", "Relation Name": "title", "Alias": "t", "Startup Cost": 10000000000.0, "Total Cost": 1000011644126.66, "Plan Rows": 1748840, "Plan Width": 21, "Filter": "(production_year > 1990), (LLVM Optimized)"}]}, {"Node Type": "Index Scan", "Parent Relationship": "Inner", "Scan Direction": "Forward", "Index Name": "movie_id_movie_companies", "Relation Name": "movie_companies", "Alias": "mc", "Startup Cost": 10000000000.0, "Total Cost": 1000013051946.13, "Plan Rows": 2609128, "Plan Width": 12}]}, {"Node Type": "Index Scan", "Parent Relationship": "Inner", "Scan Direction": "Forward", "Index Name": "movie_id_movie_keyword", "Relation Name": "movie_keyword", "Alias": "mk", "Startup Cost": 10000000000.0, "Total Cost": 1000015300634.17, "Plan Rows": 4523929, "Plan Width": 8}]}, {"Node Type": "Hash", "Parent Relationship": "Inner", "Startup Cost": 1000001050138.97, "Total Cost": 1000001050138.97, "Plan Rows": 85170, "Plan Width": 4, "Plans": [{"Node Type": "Index Scan", "Parent Relationship": "Outer", "Scan Direction": "Forward", "Index Name": "company_name_pkey", "Relation Name": "company_name", "Alias": "cn", "Startup Cost": 10000000000.0, "Total Cost": 1000001050138.97, "Plan Rows": 85170, "Plan Width": 4, "Filter": "((country_code)::text = '[us]'::text)"}]}]}, {"Node Type": "Hash", "Parent Relationship": "Inner", "Startup Cost": 1000000000829.5, "Total Cost": 1000000000829.5, "Plan Rows": 3, "Plan Width": 4, "Plans": [{"Node Type": "Index Only Scan", "Parent Relationship": "Outer", "Scan Direction": "Forward", "Index Name": "company_type_pkey", "Relation Name": "company_type", "Alias": "ct", "Startup Cost": 10000000000.0, "Total Cost": 1000000000829.5, "Plan Rows": 3, "Plan Width": 4}]}]}, {"Node Type": "Hash", "Parent Relationship": "Inner", "Startup Cost": 1000000001421.0, "Total Cost": 1000000001421.0, "Plan Rows": 1, "Plan Width": 4, "Plans": [{"Node Type": "Index Scan", "Parent Relationship": "Outer", "Scan Direction": "Forward", "Index Name": "info_type_pkey", "Relation Name": "info_type", "Alias": "it1", "Startup Cost": 10000000000.0, "Total Cost": 1000000001421.0, "Plan Rows": 1, "Plan Width": 4, "Filter": "((info)::text = 'release dates'::text)"}]}]}, {"Node Type": "Hash", "Parent Relationship": "Inner", "Startup Cost": 1000000206078.5, "Total Cost": 1000000206078.5, "Plan Rows": 134169, "Plan Width": 4, "Plans": [{"Node Type": "Index Only Scan", "Parent Relationship": "Outer", "Scan Direction": "Forward", "Index Name": "keyword_pkey", "Relation Name": "keyword", "Alias": "k", "Startup Cost": 10000000000.0, "Total Cost": 1000000206078.5, "Plan Rows": 134169, "Plan Width": 4}]}]}]}, "Unique SQL Id": 2846462052}, "explain_analyze_plan": null}, "(1, 76)": {"explain_plan": {"Plan": {"Node Type": "Aggregate", "Strategy": "Plain", "Startup Cost": 408689.25, "Total Cost": 408689.26, "Plan Rows": 1, "Plan Width": 123, "Plans": [{"Node Type": "Nested Loop", "Parent Relationship": "Outer", "Join Type": "Inner", "Startup Cost": 0.0, "Total Cost": 408688.58, "Plan Rows": 134, "Plan Width": 59, "Inner Unique": true, "Plans": [{"Node Type": "Nested Loop", "Parent Relationship": "Outer", "Join Type": "Inner", "Startup Cost": 0.0, "Total Cost": 408650.97, "Plan Rows": 134, "Plan Width": 63, "Inner Unique": false, "Join Filter": "(t.id = mk.movie_id)", "Plans": [{"Node Type": "Nested Loop", "Parent Relationship": "Outer", "Join Type": "Inner", "Startup Cost": 0.0, "Total Cost": 408641.41, "Plan Rows": 17, "Plan Width": 75, "Inner Unique": false, "Plans": [{"Node Type": "Nested Loop", "Parent Relationship": "Outer", "Join Type": "Inner", "Startup Cost": 0.0, "Total Cost": 408637.84, "Plan Rows": 10, "Plan Width": 71, "Inner Unique": true, "Plans": [{"Node Type": "Nested Loop", "Parent Relationship": "Outer", "Join Type": "Inner", "Startup Cost": 0.0, "Total Cost": 408635.04, "Plan Rows": 10, "Plan Width": 75, "Inner Unique": true, "Plans": [{"Node Type": "Nested Loop", "Parent Relationship": "Outer", "Join Type": "Inner", "Startup Cost": 0.0, "Total Cost": 408631.59, "Plan Rows": 12, "Plan Width": 79, "Inner Unique": false, "Plans": [{"Node Type": "Nested Loop", "Parent Relationship": "Outer", "Join Type": "Inner", "Startup Cost": 0.0, "Total Cost": 408629.38, "Plan Rows": 6, "Plan Width": 67, "Inner Unique": true, "Plans": [{"Node Type": "Nested Loop", "Parent Relationship": "Outer", "Join Type": "Inner", "Startup Cost": 0.0, "Total Cost": 408596.44, "Plan Rows": 4, "Plan Width": 46, "Inner Unique": true, "Plans": [{"Node Type": "Seq Scan", "Parent Relationship": "Outer", "Relation Name": "movie_info", "Alias": "mi", "Startup Cost": 0.0, "Total Cost": 408512.41, "Plan Rows": 255, "Plan Width": 50, "Filter": "((info IS NOT NULL) AND ((note)::text ~~ '%internet%'::text) AND (((info)::text ~~ 'USA:% 199%'::text) OR ((info)::text ~~ 'USA:% 200%'::text)))"}, {"Node Type": "Index Scan", "Parent Relationship": "Inner", "Scan Direction": "Forward", "Index Name": "info_type_pkey", "Relation Name": "info_type", "Alias": "it1", "Startup Cost": 0.0, "Total Cost": 0.32, "Plan Rows": 1, "Plan Width": 4, "Index Cond": "(id = mi.info_type_id)", "Filter": "((info)::text = 'release dates'::text)"}]}, {"Node Type": "Index Scan", "Parent Relationship": "Inner", "Scan Direction": "Forward", "Index Name": "title_pkey", "Relation Name": "title", "Alias": "t", "Startup Cost": 0.0, "Total Cost": 8.23, "Plan Rows": 1, "Plan Width": 21, "Index Cond": "(id = mi.movie_id)", "Filter": "(production_year > 1990)"}]}, {"Node Type": "Index Scan", "Parent Relationship": "Inner", "Scan Direction": "Forward", "Index Name": "movie_id_movie_companies", "Relation Name": "movie_companies", "Alias": "mc", "Startup Cost": 0.0, "Total Cost": 0.35, "Plan Rows": 2, "Plan Width": 12, "Index Cond": "(movie_id = t.id)"}]}, {"Node Type": "Index Scan", "Parent Relationship": "Inner", "Scan Direction": "Forward", "Index Name": "company_name_pkey", "Relation Name": "company_name", "Alias": "cn", "Startup Cost": 0.0, "Total Cost": 0.28, "Plan Rows": 1, "Plan Width": 4, "Index Cond": "(id = mc.company_id)", "Filter": "((country_code)::text = '[us]'::text)"}]}, {"Node Type": "Index Scan", "Parent Relationship": "Inner", "Scan Direction": "Forward", "Index Name": "company_type_pkey", "Relation Name": "company_type", "Alias": "ct", "Startup Cost": 0.0, "Total Cost": 0.27, "Plan Rows": 1, "Plan Width": 4, "Index Cond": "(id = mc.company_type_id)"}]}, {"Node Type": "Index Scan", "Parent Relationship": "Inner", "Scan Direction": "Forward", "Index Name": "movie_id_aka_title", "Relation Name": "aka_title", "Alias": "at", "Startup Cost": 0.0, "Total Cost": 0.33, "Plan Rows": 3, "Plan Width": 4, "Index Cond": "(movie_id = t.id)"}]}, {"Node Type": "Index Scan", "Parent Relationship": "Inner", "Scan Direction": "Forward", "Index Name": "movie_id_movie_keyword", "Relation Name": "movie_keyword", "Alias": "mk", "Startup Cost": 0.0, "Total Cost": 0.46, "Plan Rows": 8, "Plan Width": 8, "Index Cond": "(movie_id = mc.movie_id)"}]}, {"Node Type": "Index Scan", "Parent Relationship": "Inner", "Scan Direction": "Forward", "Index Name": "keyword_pkey", "Relation Name": "keyword", "Alias": "k", "Startup Cost": 0.0, "Total Cost": 0.27, "Plan Rows": 1, "Plan Width": 4, "Index Cond": "(id = mk.keyword_id)"}]}]}, "Unique SQL Id": 2846462052}, "explain_analyze_plan": null}, "(1, 77)": {"explain_plan": {"Plan": {"Node Type": "Aggregate", "Strategy": "Plain", "Startup Cost": 496852.71, "Total Cost": 496852.72, "Plan Rows": 1, "Plan Width": 123, "Plans": [{"Node Type": "Nested Loop", "Parent Relationship": "Outer", "Join Type": "Inner", "Startup Cost": 0.0, "Total Cost": 496852.04, "Plan Rows": 134, "Plan Width": 59, "Inner Unique": true, "Plans": [{"Node Type": "Nested Loop", "Parent Relationship": "Outer", "Join Type": "Inner", "Startup Cost": 0.0, "Total Cost": 496814.43, "Plan Rows": 134, "Plan Width": 63, "Inner Unique": false, "Join Filter": "(t.id = mk.movie_id)", "Plans": [{"Node Type": "Nested Loop", "Parent Relationship": "Outer", "Join Type": "Inner", "Startup Cost": 0.0, "Total Cost": 496804.87, "Plan Rows": 17, "Plan Width": 75, "Inner Unique": false, "Plans": [{"Node Type": "Nested Loop", "Parent Relationship": "Outer", "Join Type": "Inner", "Startup Cost": 0.0, "Total Cost": 496801.31, "Plan Rows": 10, "Plan Width": 71, "Inner Unique": true, "Plans": [{"Node Type": "Nested Loop", "Parent Relationship": "Outer", "Join Type": "Inner", "Startup Cost": 0.0, "Total Cost": 496798.51, "Plan Rows": 10, "Plan Width": 75, "Inner Unique": true, "Plans": [{"Node Type": "Nested Loop", "Parent Relationship": "Outer", "Join Type": "Inner", "Startup Cost": 0.0, "Total Cost": 496795.05, "Plan Rows": 12, "Plan Width": 79, "Inner Unique": false, "Plans": [{"Node Type": "Nested Loop", "Parent Relationship": "Outer", "Join Type": "Inner", "Startup Cost": 0.0, "Total Cost": 496792.85, "Plan Rows": 6, "Plan Width": 67, "Inner Unique": true, "Plans": [{"Node Type": "Nested Loop", "Parent Relationship": "Outer", "Join Type": "Inner", "Startup Cost": 0.0, "Total Cost": 496759.91, "Plan Rows": 4, "Plan Width": 46, "Inner Unique": false, "Plans": [{"Node Type": "Index Scan", "Parent Relationship": "Outer", "Scan Direction": "Forward", "Index Name": "info_type_pkey", "Relation Name": "info_type", "Alias": "it1", "Startup Cost": 0.0, "Total Cost": 14.21, "Plan Rows": 1, "Plan Width": 4, "Filter": "((info)::text = 'release dates'::text)"}, {"Node Type": "Index Scan", "Parent Relationship": "Inner", "Scan Direction": "Forward", "Index Name": "info_type_id_movie_info", "Relation Name": "movie_info", "Alias": "mi", "Startup Cost": 0.0, "Total Cost": 496745.66, "Plan Rows": 4, "Plan Width": 50, "Index Cond": "(info_type_id = it1.id)", "Filter": "((info IS NOT NULL) AND ((note)::text ~~ '%internet%'::text) AND (((info)::text ~~ 'USA:% 199%'::text) OR ((info)::text ~~ 'USA:% 200%'::text)))"}]}, {"Node Type": "Index Scan", "Parent Relationship": "Inner", "Scan Direction": "Forward", "Index Name": "title_pkey", "Relation Name": "title", "Alias": "t", "Startup Cost": 0.0, "Total Cost": 8.23, "Plan Rows": 1, "Plan Width": 21, "Index Cond": "(id = mi.movie_id)", "Filter": "(production_year > 1990)"}]}, {"Node Type": "Index Scan", "Parent Relationship": "Inner", "Scan Direction": "Forward", "Index Name": "movie_id_movie_companies", "Relation Name": "movie_companies", "Alias": "mc", "Startup Cost": 0.0, "Total Cost": 0.35, "Plan Rows": 2, "Plan Width": 12, "Index Cond": "(movie_id = t.id)"}]}, {"Node Type": "Index Scan", "Parent Relationship": "Inner", "Scan Direction": "Forward", "Index Name": "company_name_pkey", "Relation Name": "company_name", "Alias": "cn", "Startup Cost": 0.0, "Total Cost": 0.28, "Plan Rows": 1, "Plan Width": 4, "Index Cond": "(id = mc.company_id)", "Filter": "((country_code)::text = '[us]'::text)"}]}, {"Node Type": "Index Scan", "Parent Relationship": "Inner", "Scan Direction": "Forward", "Index Name": "company_type_pkey", "Relation Name": "company_type", "Alias": "ct", "Startup Cost": 0.0, "Total Cost": 0.27, "Plan Rows": 1, "Plan Width": 4, "Index Cond": "(id = mc.company_type_id)"}]}, {"Node Type": "Index Scan", "Parent Relationship": "Inner", "Scan Direction": "Forward", "Index Name": "movie_id_aka_title", "Relation Name": "aka_title", "Alias": "at", "Startup Cost": 0.0, "Total Cost": 0.33, "Plan Rows": 3, "Plan Width": 4, "Index Cond": "(movie_id = t.id)"}]}, {"Node Type": "Index Scan", "Parent Relationship": "Inner", "Scan Direction": "Forward", "Index Name": "movie_id_movie_keyword", "Relation Name": "movie_keyword", "Alias": "mk", "Startup Cost": 0.0, "Total Cost": 0.46, "Plan Rows": 8, "Plan Width": 8, "Index Cond": "(movie_id = mc.movie_id)"}]}, {"Node Type": "Index Scan", "Parent Relationship": "Inner", "Scan Direction": "Forward", "Index Name": "keyword_pkey", "Relation Name": "keyword", "Alias": "k", "Startup Cost": 0.0, "Total Cost": 0.27, "Plan Rows": 1, "Plan Width": 4, "Index Cond": "(id = mk.keyword_id)"}]}]}, "Unique SQL Id": 2846462052}, "explain_analyze_plan": {"Plan": {"Node Type": "Aggregate", "Strategy": "Plain", "Startup Cost": 496852.71, "Total Cost": 496852.72, "Plan Rows": 1, "Plan Width": 123, "Actual Startup Time": 1886.905, "Actual Total Time": 1886.905, "Actual Rows": 1, "Actual Loops": 1, "Plans": [{"Node Type": "Nested Loop", "Parent Relationship": "Outer", "Join Type": "Inner", "Startup Cost": 0.0, "Total Cost": 496852.04, "Plan Rows": 134, "Plan Width": 59, "Actual Startup Time": 62.373, "Actual Total Time": 1885.982, "Actual Rows": 1140, "Actual Loops": 1, "Inner Unique": true, "Plans": [{"Node Type": "Nested Loop", "Parent Relationship": "Outer", "Join Type": "Inner", "Startup Cost": 0.0, "Total Cost": 496814.43, "Plan Rows": 134, "Plan Width": 63, "Actual Startup Time": 62.361, "Actual Total Time": 1879.855, "Actual Rows": 1140, "Actual Loops": 1, "Inner Unique": false, "Join Filter": "(t.id = mk.movie_id)", "Rows Removed by Join Filter": 0, "Plans": [{"Node Type": "Nested Loop", "Parent Relationship": "Outer", "Join Type": "Inner", "Startup Cost": 0.0, "Total Cost": 496804.87, "Plan Rows": 17, "Plan Width": 75, "Actual Startup Time": 62.339, "Actual Total Time": 1877.899, "Actual Rows": 119, "Actual Loops": 1, "Inner Unique": false, "Plans": [{"Node Type": "Nested Loop", "Parent Relationship": "Outer", "Join Type": "Inner", "Startup Cost": 0.0, "Total Cost": 496801.31, "Plan Rows": 10, "Plan Width": 71, "Actual Startup Time": 0.619, "Actual Total Time": 1871.441, "Actual Rows": 1488, "Actual Loops": 1, "Inner Unique": true, "Plans": [{"Node Type": "Nested Loop", "Parent Relationship": "Outer", "Join Type": "Inner", "Startup Cost": 0.0, "Total Cost": 496798.51, "Plan Rows": 10, "Plan Width": 75, "Actual Startup Time": 0.604, "Actual Total Time": 1865.843, "Actual Rows": 2647, "Actual Loops": 1, "Inner Unique": true, "Plans": [{"Node Type": "Nested Loop", "Parent Relationship": "Outer", "Join Type": "Inner", "Startup Cost": 0.0, "Total Cost": 496795.05, "Plan Rows": 12, "Plan Width": 79, "Actual Startup Time": 0.593, "Actual Total Time": 1847.32, "Actual Rows": 2884, "Actual Loops": 1, "Inner Unique": false, "Plans": [{"Node Type": "Nested Loop", "Parent Relationship": "Outer", "Join Type": "Inner", "Startup Cost": 0.0, "Total Cost": 496792.85, "Plan Rows": 6, "Plan Width": 67, "Actual Startup Time": 0.585, "Actual Total Time": 1831.695, "Actual Rows": 1782, "Actual Loops": 1, "Inner Unique": true, "Plans": [{"Node Type": "Nested Loop", "Parent Relationship": "Outer", "Join Type": "Inner", "Startup Cost": 0.0, "Total Cost": 496759.91, "Plan Rows": 4, "Plan Width": 46, "Actual Startup Time": 0.572, "Actual Total Time": 1816.391, "Actual Rows": 1783, "Actual Loops": 1, "Inner Unique": false, "Plans": [{"Node Type": "Index Scan", "Parent Relationship": "Outer", "Scan Direction": "Forward", "Index Name": "info_type_pkey", "Relation Name": "info_type", "Alias": "it1", "Startup Cost": 0.0, "Total Cost": 14.21, "Plan Rows": 1, "Plan Width": 4, "Actual Startup Time": 0.041, "Actual Total Time": 0.096, "Actual Rows": 1, "Actual Loops": 1, "Filter": "((info)::text = 'release dates'::text)", "Rows Removed by Filter": 111}, {"Node Type": "Index Scan", "Parent Relationship": "Inner", "Scan Direction": "Forward", "Index Name": "info_type_id_movie_info", "Relation Name": "movie_info", "Alias": "mi", "Startup Cost": 0.0, "Total Cost": 496745.66, "Plan Rows": 4, "Plan Width": 50, "Actual Startup Time": 0.525, "Actual Total Time": 1815.637, "Actual Rows": 1783, "Actual Loops": 1, "Index Cond": "(info_type_id = it1.id)", "Rows Removed by Index Recheck": 0, "Filter": "((info IS NOT NULL) AND ((note)::text ~~ '%internet%'::text) AND (((info)::text ~~ 'USA:% 199%'::text) OR ((info)::text ~~ 'USA:% 200%'::text)))", "Rows Removed by Filter": 3034936}]}, {"Node Type": "Index Scan", "Parent Relationship": "Inner", "Scan Direction": "Forward", "Index Name": "title_pkey", "Relation Name": "title", "Alias": "t", "Startup Cost": 0.0, "Total Cost": 8.23, "Plan Rows": 1, "Plan Width": 21, "Actual Startup Time": 12.609, "Actual Total Time": 12.609, "Actual Rows": 1782, "Actual Loops": 1783, "Index Cond": "(id = mi.movie_id)", "Rows Removed by Index Recheck": 0, "Filter": "(production_year > 1990)", "Rows Removed by Filter": 1}]}, {"Node Type": "Index Scan", "Parent Relationship": "Inner", "Scan Direction": "Forward", "Index Name": "movie_id_movie_companies", "Relation Name": "movie_companies", "Alias": "mc", "Startup Cost": 0.0, "Total Cost": 0.35, "Plan Rows": 2, "Plan Width": 12, "Actual Startup Time": 10.721, "Actual Total Time": 13.554, "Actual Rows": 2884, "Actual Loops": 1782, "Index Cond": "(movie_id = t.id)", "Rows Removed by Index Recheck": 0}]}, {"Node Type": "Index Scan", "Parent Relationship": "Inner", "Scan Direction": "Forward", "Index Name": "company_name_pkey", "Relation Name": "company_name", "Alias": "cn", "Startup Cost": 0.0, "Total Cost": 0.28, "Plan Rows": 1, "Plan Width": 4, "Actual Startup Time": 15.64, "Actual Total Time": 15.64, "Actual Rows": 2647, "Actual Loops": 2884, "Index Cond": "(id = mc.company_id)", "Rows Removed by Index Recheck": 0, "Filter": "((country_code)::text = '[us]'::text)", "Rows Removed by Filter": 237}]}, {"Node Type": "Index Scan", "Parent Relationship": "Inner", "Scan Direction": "Forward", "Index Name": "company_type_pkey", "Relation Name": "company_type", "Alias": "ct", "Startup Cost": 0.0, "Total Cost": 0.27, "Plan Rows": 1, "Plan Width": 4, "Actual Startup Time": 3.387, "Actual Total Time": 3.387, "Actual Rows": 1488, "Actual Loops": 2647, "Index Cond": "(id = mc.company_type_id)", "Rows Removed by Index Recheck": 0}]}, {"Node Type": "Index Scan", "Parent Relationship": "Inner", "Scan Direction": "Forward", "Index Name": "movie_id_aka_title", "Relation Name": "aka_title", "Alias": "at", "Startup Cost": 0.0, "Total Cost": 0.33, "Plan Rows": 3, "Plan Width": 4, "Actual Startup Time": 5.291, "Actual Total Time": 5.394, "Actual Rows": 119, "Actual Loops": 1488, "Index Cond": "(movie_id = t.id)", "Rows Removed by Index Recheck": 0}]}, {"Node Type": "Index Scan", "Parent Relationship": "Inner", "Scan Direction": "Forward", "Index Name": "movie_id_movie_keyword", "Relation Name": "movie_keyword", "Alias": "mk", "Startup Cost": 0.0, "Total Cost": 0.46, "Plan Rows": 8, "Plan Width": 8, "Actual Startup Time": 0.824, "Actual Total Time": 1.338, "Actual Rows": 1140, "Actual Loops": 119, "Index Cond": "(movie_id = mc.movie_id)", "Rows Removed by Index Recheck": 0}]}, {"Node Type": "Index Scan", "Parent Relationship": "Inner", "Scan Direction": "Forward", "Index Name": "keyword_pkey", "Relation Name": "keyword", "Alias": "k", "Startup Cost": 0.0, "Total Cost": 0.27, "Plan Rows": 1, "Plan Width": 4, "Actual Startup Time": 5.175, "Actual Total Time": 5.175, "Actual Rows": 1140, "Actual Loops": 1140, "Index Cond": "(id = mk.keyword_id)", "Rows Removed by Index Recheck": 0}]}]}, "Triggers": [], "Planner Runtime": 142.681, "Total Runtime": 1887.371, "Unique SQL Id": 2846462052}}, "(1, 78)": {"explain_plan": {"Plan": {"Node Type": "Aggregate", "Strategy": "Plain", "Startup Cost": 637513.58, "Total Cost": 637513.59, "Plan Rows": 1, "Plan Width": 123, "Plans": [{"Node Type": "Hash Join", "Parent Relationship": "Outer", "Join Type": "Inner", "Startup Cost": 558104.46, "Total Cost": 637512.91, "Plan Rows": 134, "Plan Width": 59, "Inner Unique": true, "Hash Cond": "(mk.keyword_id = k.id)", "Plans": [{"Node Type": "Hash Join", "Parent Relationship": "Outer", "Join Type": "Inner", "Startup Cost": 554326.66, "Total Cost": 633733.29, "Plan Rows": 134, "Plan Width": 63, "Inner Unique": false, "Hash Cond": "(mk.movie_id = t.id)", "Plans": [{"Node Type": "Seq Scan", "Parent Relationship": "Outer", "Relation Name": "movie_keyword", "Alias": "mk", "Startup Cost": 0.0, "Total Cost": 62441.29, "Plan Rows": 4523929, "Plan Width": 8}, {"Node Type": "Hash", "Parent Relationship": "Inner", "Startup Cost": 554326.45, "Total Cost": 554326.45, "Plan Rows": 17, "Plan Width": 75, "Plans": [{"Node Type": "Hash Join", "Parent Relationship": "Outer", "Join Type": "Inner", "Startup Cost": 481378.24, "Total Cost": 554326.45, "Plan Rows": 17, "Plan Width": 75, "Inner Unique": false, "Hash Cond": "(t.id = at.movie_id)", "Plans": [{"Node Type": "Seq Scan", "Parent Relationship": "Outer", "Relation Name": "title", "Alias": "t", "Startup Cost": 0.0, "Total Cost": 66389.89, "Plan Rows": 1748840, "Plan Width": 21, "Filter": "(production_year > 1990), (LLVM Optimized)"}, {"Node Type": "Hash", "Parent Relationship": "Inner", "Startup Cost": 481378.09, "Total Cost": 481378.09, "Plan Rows": 12, "Plan Width": 54, "Plans": [{"Node Type": "Hash Join", "Parent Relationship": "Outer", "Join Type": "Inner", "Startup Cost": 429897.79, "Total Cost": 481378.09, "Plan Rows": 12, "Plan Width": 54, "Inner Unique": false, "Hash Cond": "(mi.movie_id = at.movie_id)", "Plans": [{"Node Type": "Hash Join", "Parent Relationship": "Outer", "Join Type": "Inner", "Startup Cost": 415484.69, "Total Cost": 466964.27, "Plan Rows": 7, "Plan Width": 50, "Inner Unique": true, "Hash Cond": "(mc.company_type_id = ct.id)", "Plans": [{"Node Type": "Hash Join", "Parent Relationship": "Outer", "Join Type": "Inner", "Startup Cost": 415483.62, "Total Cost": 466963.1, "Plan Rows": 7, "Plan Width": 54, "Inner Unique": true, "Hash Cond": "(mc.company_id = cn.id)", "Plans": [{"Node Type": "Hash Join", "Parent Relationship": "Outer", "Join Type": "Inner", "Startup Cost": 408515.55, "Total Cost": 459994.89, "Plan Rows": 9, "Plan Width": 58, "Inner Unique": false, "Hash Cond": "(mc.movie_id = mi.movie_id)", "Plans": [{"Node Type": "Seq Scan", "Parent Relationship": "Outer", "Relation Name": "movie_companies", "Alias": "mc", "Startup Cost": 0.0, "Total Cost": 41817.28, "Plan Rows": 2609128, "Plan Width": 12}, {"Node Type": "Hash", "Parent Relationship": "Inner", "Startup Cost": 408515.5, "Total Cost": 408515.5, "Plan Rows": 4, "Plan Width": 46, "Plans": [{"Node Type": "Hash Join", "Parent Relationship": "Outer", "Join Type": "Inner", "Startup Cost": 2.41, "Total Cost": 408515.5, "Plan Rows": 4, "Plan Width": 46, "Inner Unique": true, "Hash Cond": "(mi.info_type_id = it1.id)", "Plans": [{"Node Type": "Seq Scan", "Parent Relationship": "Outer", "Relation Name": "movie_info", "Alias": "mi", "Startup Cost": 0.0, "Total Cost": 408512.41, "Plan Rows": 255, "Plan Width": 50, "Filter": "((info IS NOT NULL) AND ((note)::text ~~ '%internet%'::text) AND (((info)::text ~~ 'USA:% 199%'::text) OR ((info)::text ~~ 'USA:% 200%'::text)))"}, {"Node Type": "Hash", "Parent Relationship": "Inner", "Startup Cost": 2.4, "Total Cost": 2.4, "Plan Rows": 1, "Plan Width": 4, "Plans": [{"Node Type": "Seq Scan", "Parent Relationship": "Outer", "Relation Name": "info_type", "Alias": "it1", "Startup Cost": 0.0, "Total Cost": 2.4, "Plan Rows": 1, "Plan Width": 4, "Filter": "((info)::text = 'release dates'::text)"}]}]}]}]}, {"Node Type": "Hash", "Parent Relationship": "Inner", "Startup Cost": 5903.45, "Total Cost": 5903.45, "Plan Rows": 85170, "Plan Width": 4, "Plans": [{"Node Type": "Seq Scan", "Parent Relationship": "Outer", "Relation Name": "company_name", "Alias": "cn", "Startup Cost": 0.0, "Total Cost": 5903.45, "Plan Rows": 85170, "Plan Width": 4, "Filter": "((country_code)::text = '[us]'::text)"}]}]}, {"Node Type": "Hash", "Parent Relationship": "Inner", "Startup Cost": 1.03, "Total Cost": 1.03, "Plan Rows": 3, "Plan Width": 4, "Plans": [{"Node Type": "Seq Scan", "Parent Relationship": "Outer", "Relation Name": "company_type", "Alias": "ct", "Startup Cost": 0.0, "Total Cost": 1.03, "Plan Rows": 3, "Plan Width": 4}]}]}, {"Node Type": "Hash", "Parent Relationship": "Inner", "Startup Cost": 9894.71, "Total Cost": 9894.71, "Plan Rows": 361471, "Plan Width": 4, "Plans": [{"Node Type": "Seq Scan", "Parent Relationship": "Outer", "Relation Name": "aka_title", "Alias": "at", "Startup Cost": 0.0, "Total Cost": 9894.71, "Plan Rows": 361471, "Plan Width": 4}]}]}]}]}]}]}, {"Node Type": "Hash", "Parent Relationship": "Inner", "Startup Cost": 2100.69, "Total Cost": 2100.69, "Plan Rows": 134169, "Plan Width": 4, "Plans": [{"Node Type": "Seq Scan", "Parent Relationship": "Outer", "Relation Name": "keyword", "Alias": "k", "Startup Cost": 0.0, "Total Cost": 2100.69, "Plan Rows": 134169, "Plan Width": 4}]}]}]}, "Unique SQL Id": 2846462052}, "explain_analyze_plan": null}, "(1, 79)": {"explain_plan": {"Plan": {"Node Type": "Aggregate", "Strategy": "Plain", "Startup Cost": 8991774348729.84, "Total Cost": 8991774348729.85, "Plan Rows": 1, "Plan Width": 123, "Plans": [{"Node Type": "Hash Join", "Parent Relationship": "Outer", "Join Type": "Inner", "Startup Cost": 4050168407940.94, "Total Cost": 8991774348729.17, "Plan Rows": 134, "Plan Width": 59, "Inner Unique": true, "Hash Cond": "(mk.keyword_id = k.id)", "Plans": [{"Node Type": "Hash Join", "Parent Relationship": "Outer", "Join Type": "Inner", "Startup Cost": 3050168121534.39, "Total Cost": 7991774062320.81, "Plan Rows": 134, "Plan Width": 63, "Inner Unique": true, "Hash Cond": "(mi.info_type_id = it1.id)", "Plans": [{"Node Type": "Hash Join", "Parent Relationship": "Outer", "Join Type": "Inner", "Startup Cost": 2050168120113.38, "Total Cost": 6991774060863.29, "Plan Rows": 9378, "Plan Width": 67, "Inner Unique": true, "Hash Cond": "(mc.company_type_id = ct.id)", "Plans": [{"Node Type": "Hash Join", "Parent Relationship": "Outer", "Join Type": "Inner", "Startup Cost": 1050168118883.84, "Total Cost": 5991774059504.8, "Plan Rows": 9378, "Plan Width": 71, "Inner Unique": true, "Hash Cond": "(mc.company_id = cn.id)", "Plans": [{"Node Type": "Merge Join", "Parent Relationship": "Outer", "Join Type": "Inner", "Startup Cost": 50167067680.24, "Total Cost": 4991773008165.72, "Plan Rows": 15637, "Plan Width": 75, "Inner Unique": false, "Merge Cond": "(t.id = mk.movie_id)", "Plans": [{"Node Type": "Merge Join", "Parent Relationship": "Outer", "Join Type": "Inner", "Startup Cost": 40167067680.24, "Total Cost": 3995839917871.06, "Plan Rows": 1938, "Plan Width": 87, "Inner Unique": false, "Merge Cond": "(t.id = mc.movie_id)", "Plans": [{"Node Type": "Merge Join", "Parent Relationship": "Outer", "Join Type": "Inner", "Startup Cost": 30167067680.24, "Total Cost": 2999114730547.16, "Plan Rows": 903, "Plan Width": 75, "Inner Unique": true, "Merge Cond": "(at.movie_id = t.id)", "Plans": [{"Node Type": "Merge Join", "Parent Relationship": "Outer", "Join Type": "Inner", "Startup Cost": 20167067680.24, "Total Cost": 2000116960301.31, "Plan Rows": 652, "Plan Width": 54, "Inner Unique": false, "Merge Cond": "(at.movie_id = mi.movie_id)", "Plans": [{"Node Type": "Index Scan", "Parent Relationship": "Outer", "Scan Direction": "Forward", "Index Name": "movie_id_aka_title", "Relation Name": "aka_title", "Alias": "at", "Startup Cost": 10000000000.0, "Total Cost": 1000001990001.13, "Plan Rows": 361471, "Plan Width": 4}, {"Node Type": "Materialize", "Parent Relationship": "Inner", "Startup Cost": 10000000000.0, "Total Cost": 1000114969387.35, "Plan Rows": 255, "Plan Width": 50, "Plans": [{"Node Type": "Index Scan", "Parent Relationship": "Outer", "Scan Direction": "Forward", "Index Name": "movie_id_movie_info", "Relation Name": "movie_info", "Alias": "mi", "Startup Cost": 10000000000.0, "Total Cost": 1000114969386.72, "Plan Rows": 255, "Plan Width": 50, "Filter": "((info IS NOT NULL) AND ((note)::text ~~ '%internet%'::text) AND (((info)::text ~~ 'USA:% 199%'::text) OR ((info)::text ~~ 'USA:% 200%'::text)))"}]}]}, {"Node Type": "Index Scan", "Parent Relationship": "Inner", "Scan Direction": "Forward", "Index Name": "title_pkey", "Relation Name": "title", "Alias": "t", "Startup Cost": 10000000000.0, "Total Cost": 1000011644126.66, "Plan Rows": 1748840, "Plan Width": 21, "Filter": "(production_year > 1990), (LLVM Optimized)"}]}, {"Node Type": "Index Scan", "Parent Relationship": "Inner", "Scan Direction": "Forward", "Index Name": "movie_id_movie_companies", "Relation Name": "movie_companies", "Alias": "mc", "Startup Cost": 10000000000.0, "Total Cost": 1000013051946.13, "Plan Rows": 2609128, "Plan Width": 12}]}, {"Node Type": "Index Scan", "Parent Relationship": "Inner", "Scan Direction": "Forward", "Index Name": "movie_id_movie_keyword", "Relation Name": "movie_keyword", "Alias": "mk", "Startup Cost": 10000000000.0, "Total Cost": 1000015300634.17, "Plan Rows": 4523929, "Plan Width": 8}]}, {"Node Type": "Hash", "Parent Relationship": "Inner", "Startup Cost": 1000001050138.97, "Total Cost": 1000001050138.97, "Plan Rows": 85170, "Plan Width": 4, "Plans": [{"Node Type": "Index Scan", "Parent Relationship": "Outer", "Scan Direction": "Forward", "Index Name": "company_name_pkey", "Relation Name": "company_name", "Alias": "cn", "Startup Cost": 10000000000.0, "Total Cost": 1000001050138.97, "Plan Rows": 85170, "Plan Width": 4, "Filter": "((country_code)::text = '[us]'::text)"}]}]}, {"Node Type": "Hash", "Parent Relationship": "Inner", "Startup Cost": 1000000001229.5, "Total Cost": 1000000001229.5, "Plan Rows": 3, "Plan Width": 4, "Plans": [{"Node Type": "Index Scan", "Parent Relationship": "Outer", "Scan Direction": "Forward", "Index Name": "company_type_pkey", "Relation Name": "company_type", "Alias": "ct", "Startup Cost": 10000000000.0, "Total Cost": 1000000001229.5, "Plan Rows": 3, "Plan Width": 4}]}]}, {"Node Type": "Hash", "Parent Relationship": "Inner", "Startup Cost": 1000000001421.0, "Total Cost": 1000000001421.0, "Plan Rows": 1, "Plan Width": 4, "Plans": [{"Node Type": "Index Scan", "Parent Relationship": "Outer", "Scan Direction": "Forward", "Index Name": "info_type_pkey", "Relation Name": "info_type", "Alias": "it1", "Startup Cost": 10000000000.0, "Total Cost": 1000000001421.0, "Plan Rows": 1, "Plan Width": 4, "Filter": "((info)::text = 'release dates'::text)"}]}]}, {"Node Type": "Hash", "Parent Relationship": "Inner", "Startup Cost": 1000000284729.43, "Total Cost": 1000000284729.43, "Plan Rows": 134169, "Plan Width": 4, "Plans": [{"Node Type": "Index Scan", "Parent Relationship": "Outer", "Scan Direction": "Forward", "Index Name": "keyword_pkey", "Relation Name": "keyword", "Alias": "k", "Startup Cost": 10000000000.0, "Total Cost": 1000000284729.43, "Plan Rows": 134169, "Plan Width": 4}]}]}]}, "Unique SQL Id": 2846462052}, "explain_analyze_plan": null}, "(1, 80)": {"explain_plan": {"Plan": {"Node Type": "Aggregate", "Strategy": "Plain", "Startup Cost": 165017.11, "Total Cost": 165017.12, "Plan Rows": 1, "Plan Width": 123, "Plans": [{"Node Type": "Nested Loop", "Parent Relationship": "Outer", "Join Type": "Inner", "Startup Cost": 4841.46, "Total Cost": 165016.44, "Plan Rows": 134, "Plan Width": 59, "Inner Unique": false, "Plans": [{"Node Type": "Nested Loop", "Parent Relationship": "Outer", "Join Type": "Inner", "Startup Cost": 4841.46, "Total Cost": 165001.39, "Plan Rows": 44, "Plan Width": 75, "Inner Unique": true, "Plans": [{"Node Type": "Nested Loop", "Parent Relationship": "Outer", "Join Type": "Inner", "Startup Cost": 4841.46, "Total Cost": 164989.07, "Plan Rows": 44, "Plan Width": 79, "Inner Unique": false, "Join Filter": "(t.id = mk.movie_id)", "Plans": [{"Node Type": "Nested Loop", "Parent Relationship": "Outer", "Join Type": "Inner", "Startup Cost": 4841.46, "Total Cost": 164985.69, "Plan Rows": 6, "Plan Width": 71, "Inner Unique": true, "Plans": [{"Node Type": "Nested Loop", "Parent Relationship": "Outer", "Join Type": "Inner", "Startup Cost": 4841.46, "Total Cost": 164982.89, "Plan Rows": 10, "Plan Width": 75, "Inner Unique": true, "Plans": [{"Node Type": "Nested Loop", "Parent Relationship": "Outer", "Join Type": "Inner", "Startup Cost": 4841.46, "Total Cost": 164979.44, "Plan Rows": 12, "Plan Width": 79, "Inner Unique": false, "Plans": [{"Node Type": "Nested Loop", "Parent Relationship": "Outer", "Join Type": "Inner", "Startup Cost": 4841.46, "Total Cost": 164977.23, "Plan Rows": 6, "Plan Width": 67, "Inner Unique": true, "Plans": [{"Node Type": "Nested Loop", "Parent Relationship": "Outer", "Join Type": "Inner", "Startup Cost": 4841.46, "Total Cost": 164944.29, "Plan Rows": 4, "Plan Width": 46, "Inner Unique": false, "Plans": [{"Node Type": "Seq Scan", "Parent Relationship": "Outer", "Relation Name": "info_type", "Alias": "it1", "Startup Cost": 0.0, "Total Cost": 2.4, "Plan Rows": 1, "Plan Width": 4, "Filter": "((info)::text = 'release dates'::text)"}, {"Node Type": "Bitmap Heap Scan", "Parent Relationship": "Inner", "Relation Name": "movie_info", "Alias": "mi", "Startup Cost": 4841.46, "Total Cost": 164941.85, "Plan Rows": 4, "Plan Width": 50, "Recheck Cond": "(info_type_id = it1.id)", "Filter": "((info IS NOT NULL) AND ((note)::text ~~ '%internet%'::text) AND (((info)::text ~~ 'USA:% 199%'::text) OR ((info)::text ~~ 'USA:% 200%'::text)))", "Plans": [{"Node Type": "Bitmap Index Scan", "Parent Relationship": "Outer", "Index Name": "info_type_id_movie_info", "Startup Cost": 0.0, "Total Cost": 4841.46, "Plan Rows": 212428, "Plan Width": 0, "Index Cond": "(info_type_id = it1.id)"}]}]}, {"Node Type": "Index Scan", "Parent Relationship": "Inner", "Scan Direction": "Forward", "Index Name": "title_pkey", "Relation Name": "title", "Alias": "t", "Startup Cost": 0.0, "Total Cost": 8.23, "Plan Rows": 1, "Plan Width": 21, "Index Cond": "(id = mi.movie_id)", "Filter": "(production_year > 1990)"}]}, {"Node Type": "Index Scan", "Parent Relationship": "Inner", "Scan Direction": "Forward", "Index Name": "movie_id_movie_companies", "Relation Name": "movie_companies", "Alias": "mc", "Startup Cost": 0.0, "Total Cost": 0.35, "Plan Rows": 2, "Plan Width": 12, "Index Cond": "(movie_id = t.id)"}]}, {"Node Type": "Index Scan", "Parent Relationship": "Inner", "Scan Direction": "Forward", "Index Name": "company_name_pkey", "Relation Name": "company_name", "Alias": "cn", "Startup Cost": 0.0, "Total Cost": 0.28, "Plan Rows": 1, "Plan Width": 4, "Index Cond": "(id = mc.company_id)", "Filter": "((country_code)::text = '[us]'::text)"}]}, {"Node Type": "Index Only Scan", "Parent Relationship": "Inner", "Scan Direction": "Forward", "Index Name": "company_type_pkey", "Relation Name": "company_type", "Alias": "ct", "Startup Cost": 0.0, "Total Cost": 0.27, "Plan Rows": 1, "Plan Width": 4, "Index Cond": "(id = mc.company_type_id)"}]}, {"Node Type": "Index Scan", "Parent Relationship": "Inner", "Scan Direction": "Forward", "Index Name": "movie_id_movie_keyword", "Relation Name": "movie_keyword", "Alias": "mk", "Startup Cost": 0.0, "Total Cost": 0.46, "Plan Rows": 8, "Plan Width": 8, "Index Cond": "(movie_id = mc.movie_id)"}]}, {"Node Type": "Index Only Scan", "Parent Relationship": "Inner", "Scan Direction": "Forward", "Index Name": "keyword_pkey", "Relation Name": "keyword", "Alias": "k", "Startup Cost": 0.0, "Total Cost": 0.27, "Plan Rows": 1, "Plan Width": 4, "Index Cond": "(id = mk.keyword_id)"}]}, {"Node Type": "Index Only Scan", "Parent Relationship": "Inner", "Scan Direction": "Forward", "Index Name": "movie_id_aka_title", "Relation Name": "aka_title", "Alias": "at", "Startup Cost": 0.0, "Total Cost": 0.31, "Plan Rows": 3, "Plan Width": 4, "Index Cond": "(movie_id = t.id)"}]}]}, "Unique SQL Id": 2846462052}, "explain_analyze_plan": {"Plan": {"Node Type": "Aggregate", "Strategy": "Plain", "Startup Cost": 165017.11, "Total Cost": 165017.12, "Plan Rows": 1, "Plan Width": 123, "Actual Startup Time": 1697.818, "Actual Total Time": 1697.819, "Actual Rows": 1, "Actual Loops": 1, "Plans": [{"Node Type": "Nested Loop", "Parent Relationship": "Outer", "Join Type": "Inner", "Startup Cost": 4841.46, "Total Cost": 165016.44, "Plan Rows": 134, "Plan Width": 59, "Actual Startup Time": 421.484, "Actual Total Time": 1696.842, "Actual Rows": 1140, "Actual Loops": 1, "Inner Unique": false, "Plans": [{"Node Type": "Nested Loop", "Parent Relationship": "Outer", "Join Type": "Inner", "Startup Cost": 4841.46, "Total Cost": 165001.39, "Plan Rows": 44, "Plan Width": 75, "Actual Startup Time": 377.284, "Actual Total Time": 1683.68, "Actual Rows": 4808, "Actual Loops": 1, "Inner Unique": true, "Plans": [{"Node Type": "Nested Loop", "Parent Relationship": "Outer", "Join Type": "Inner", "Startup Cost": 4841.46, "Total Cost": 164989.07, "Plan Rows": 44, "Plan Width": 79, "Actual Startup Time": 377.272, "Actual Total Time": 1666.412, "Actual Rows": 4808, "Actual Loops": 1, "Inner Unique": false, "Join Filter": "(t.id = mk.movie_id)", "Rows Removed by Join Filter": 0, "Plans": [{"Node Type": "Nested Loop", "Parent Relationship": "Outer", "Join Type": "Inner", "Startup Cost": 4841.46, "Total Cost": 164985.69, "Plan Rows": 6, "Plan Width": 71, "Actual Startup Time": 377.253, "Actual Total Time": 1654.374, "Actual Rows": 1488, "Actual Loops": 1, "Inner Unique": true, "Plans": [{"Node Type": "Nested Loop", "Parent Relationship": "Outer", "Join Type": "Inner", "Startup Cost": 4841.46, "Total Cost": 164982.89, "Plan Rows": 10, "Plan Width": 75, "Actual Startup Time": 377.233, "Actual Total Time": 1649.824, "Actual Rows": 2647, "Actual Loops": 1, "Inner Unique": true, "Plans": [{"Node Type": "Nested Loop", "Parent Relationship": "Outer", "Join Type": "Inner", "Startup Cost": 4841.46, "Total Cost": 164979.44, "Plan Rows": 12, "Plan Width": 79, "Actual Startup Time": 377.215, "Actual Total Time": 1633.382, "Actual Rows": 2884, "Actual Loops": 1, "Inner Unique": false, "Plans": [{"Node Type": "Nested Loop", "Parent Relationship": "Outer", "Join Type": "Inner", "Startup Cost": 4841.46, "Total Cost": 164977.23, "Plan Rows": 6, "Plan Width": 67, "Actual Startup Time": 377.202, "Actual Total Time": 1620.147, "Actual Rows": 1782, "Actual Loops": 1, "Inner Unique": true, "Plans": [{"Node Type": "Nested Loop", "Parent Relationship": "Outer", "Join Type": "Inner", "Startup Cost": 4841.46, "Total Cost": 164944.29, "Plan Rows": 4, "Plan Width": 46, "Actual Startup Time": 377.153, "Actual Total Time": 1606.6, "Actual Rows": 1783, "Actual Loops": 1, "Inner Unique": false, "Plans": [{"Node Type": "Seq Scan", "Parent Relationship": "Outer", "Relation Name": "info_type", "Alias": "it1", "Startup Cost": 0.0, "Total Cost": 2.4, "Plan Rows": 1, "Plan Width": 4, "Actual Startup Time": 0.049, "Actual Total Time": 0.081, "Actual Rows": 1, "Actual Loops": 1, "Filter": "((info)::text = 'release dates'::text)", "Rows Removed by Filter": 111}, {"Node Type": "Bitmap Heap Scan", "Parent Relationship": "Inner", "Relation Name": "movie_info", "Alias": "mi", "Startup Cost": 4841.46, "Total Cost": 164941.85, "Plan Rows": 4, "Plan Width": 50, "Actual Startup Time": 377.095, "Actual Total Time": 1605.818, "Actual Rows": 1783, "Actual Loops": 1, "Recheck Cond": "(info_type_id = it1.id)", "Rows Removed by Index Recheck": 0, "Filter": "((info IS NOT NULL) AND ((note)::text ~~ '%internet%'::text) AND (((info)::text ~~ 'USA:% 199%'::text) OR ((info)::text ~~ 'USA:% 200%'::text)))", "Rows Removed by Filter": 3034936, "Exact Heap Blocks": 21947, "Lossy Heap Blocks": 21947, "Plans": [{"Node Type": "Bitmap Index Scan", "Parent Relationship": "Outer", "Index Name": "info_type_id_movie_info", "Startup Cost": 0.0, "Total Cost": 4841.46, "Plan Rows": 212428, "Plan Width": 0, "Actual Startup Time": 371.772, "Actual Total Time": 371.772, "Actual Rows": 3036719, "Actual Loops": 1, "Index Cond": "(info_type_id = it1.id)"}]}]}, {"Node Type": "Index Scan", "Parent Relationship": "Inner", "Scan Direction": "Forward", "Index Name": "title_pkey", "Relation Name": "title", "Alias": "t", "Startup Cost": 0.0, "Total Cost": 8.23, "Plan Rows": 1, "Plan Width": 21, "Actual Startup Time": 11.03, "Actual Total Time": 11.03, "Actual Rows": 1782, "Actual Loops": 1783, "Index Cond": "(id = mi.movie_id)", "Rows Removed by Index Recheck": 0, "Filter": "(production_year > 1990)", "Rows Removed by Filter": 1}]}, {"Node Type": "Index Scan", "Parent Relationship": "Inner", "Scan Direction": "Forward", "Index Name": "movie_id_movie_companies", "Relation Name": "movie_companies", "Alias": "mc", "Startup Cost": 0.0, "Total Cost": 0.35, "Plan Rows": 2, "Plan Width": 12, "Actual Startup Time": 8.747, "Actual Total Time": 11.299, "Actual Rows": 2884, "Actual Loops": 1782, "Index Cond": "(movie_id = t.id)", "Rows Removed by Index Recheck": 0}]}, {"Node Type": "Index Scan", "Parent Relationship": "Inner", "Scan Direction": "Forward", "Index Name": "company_name_pkey", "Relation Name": "company_name", "Alias": "cn", "Startup Cost": 0.0, "Total Cost": 0.28, "Plan Rows": 1, "Plan Width": 4, "Actual Startup Time": 13.551, "Actual Total Time": 13.551, "Actual Rows": 2647, "Actual Loops": 2884, "Index Cond": "(id = mc.company_id)", "Rows Removed by Index Recheck": 0, "Filter": "((country_code)::text = '[us]'::text)", "Rows Removed by Filter": 237}]}, {"Node Type": "Index Only Scan", "Parent Relationship": "Inner", "Scan Direction": "Forward", "Index Name": "company_type_pkey", "Relation Name": "company_type", "Alias": "ct", "Startup Cost": 0.0, "Total Cost": 0.27, "Plan Rows": 1, "Plan Width": 4, "Actual Startup Time": 2.428, "Actual Total Time": 2.428, "Actual Rows": 1488, "Actual Loops": 2647, "Index Cond": "(id = mc.company_type_id)", "Rows Removed by Index Recheck": 0, "Heap Fetches": 0}]}, {"Node Type": "Index Scan", "Parent Relationship": "Inner", "Scan Direction": "Forward", "Index Name": "movie_id_movie_keyword", "Relation Name": "movie_keyword", "Alias": "mk", "Startup Cost": 0.0, "Total Cost": 0.46, "Plan Rows": 8, "Plan Width": 8, "Actual Startup Time": 6.592, "Actual Total Time": 8.944, "Actual Rows": 4808, "Actual Loops": 1488, "Index Cond": "(movie_id = mc.movie_id)", "Rows Removed by Index Recheck": 0}]}, {"Node Type": "Index Only Scan", "Parent Relationship": "Inner", "Scan Direction": "Forward", "Index Name": "keyword_pkey", "Relation Name": "keyword", "Alias": "k", "Startup Cost": 0.0, "Total Cost": 0.27, "Plan Rows": 1, "Plan Width": 4, "Actual Startup Time": 13.373, "Actual Total Time": 13.373, "Actual Rows": 4808, "Actual Loops": 4808, "Index Cond": "(id = mk.keyword_id)", "Rows Removed by Index Recheck": 0, "Heap Fetches": 0}]}, {"Node Type": "Index Only Scan", "Parent Relationship": "Inner", "Scan Direction": "Forward", "Index Name": "movie_id_aka_title", "Relation Name": "aka_title", "Alias": "at", "Startup Cost": 0.0, "Total Cost": 0.31, "Plan Rows": 3, "Plan Width": 4, "Actual Startup Time": 10.215, "Actual Total Time": 10.51, "Actual Rows": 1140, "Actual Loops": 4808, "Index Cond": "(movie_id = t.id)", "Rows Removed by Index Recheck": 0, "Heap Fetches": 0}]}]}, "Triggers": [], "Planner Runtime": 138.126, "Total Runtime": 1698.266, "Unique SQL Id": 2846462052}}, "(1, 81)": {"explain_plan": {"Plan": {"Node Type": "Aggregate", "Strategy": "Plain", "Startup Cost": 165028.92, "Total Cost": 165028.93, "Plan Rows": 1, "Plan Width": 123, "Plans": [{"Node Type": "Nested Loop", "Parent Relationship": "Outer", "Join Type": "Inner", "Startup Cost": 4841.46, "Total Cost": 165028.25, "Plan Rows": 134, "Plan Width": 59, "Inner Unique": false, "Plans": [{"Node Type": "Nested Loop", "Parent Relationship": "Outer", "Join Type": "Inner", "Startup Cost": 4841.46, "Total Cost": 165013.2, "Plan Rows": 44, "Plan Width": 75, "Inner Unique": true, "Plans": [{"Node Type": "Nested Loop", "Parent Relationship": "Outer", "Join Type": "Inner", "Startup Cost": 4841.46, "Total Cost": 165000.88, "Plan Rows": 44, "Plan Width": 79, "Inner Unique": false, "Join Filter": "(t.id = mk.movie_id)", "Plans": [{"Node Type": "Nested Loop", "Parent Relationship": "Outer", "Join Type": "Inner", "Startup Cost": 4841.46, "Total Cost": 164997.5, "Plan Rows": 6, "Plan Width": 71, "Inner Unique": true, "Plans": [{"Node Type": "Nested Loop", "Parent Relationship": "Outer", "Join Type": "Inner", "Startup Cost": 4841.46, "Total Cost": 164994.7, "Plan Rows": 10, "Plan Width": 75, "Inner Unique": true, "Plans": [{"Node Type": "Nested Loop", "Parent Relationship": "Outer", "Join Type": "Inner", "Startup Cost": 4841.46, "Total Cost": 164991.25, "Plan Rows": 12, "Plan Width": 79, "Inner Unique": false, "Plans": [{"Node Type": "Nested Loop", "Parent Relationship": "Outer", "Join Type": "Inner", "Startup Cost": 4841.46, "Total Cost": 164989.04, "Plan Rows": 6, "Plan Width": 67, "Inner Unique": true, "Plans": [{"Node Type": "Nested Loop", "Parent Relationship": "Outer", "Join Type": "Inner", "Startup Cost": 4841.46, "Total Cost": 164956.1, "Plan Rows": 4, "Plan Width": 46, "Inner Unique": false, "Plans": [{"Node Type": "Index Scan", "Parent Relationship": "Outer", "Scan Direction": "Forward", "Index Name": "info_type_pkey", "Relation Name": "info_type", "Alias": "it1", "Startup Cost": 0.0, "Total Cost": 14.21, "Plan Rows": 1, "Plan Width": 4, "Filter": "((info)::text = 'release dates'::text)"}, {"Node Type": "Bitmap Heap Scan", "Parent Relationship": "Inner", "Relation Name": "movie_info", "Alias": "mi", "Startup Cost": 4841.46, "Total Cost": 164941.85, "Plan Rows": 4, "Plan Width": 50, "Recheck Cond": "(info_type_id = it1.id)", "Filter": "((info IS NOT NULL) AND ((note)::text ~~ '%internet%'::text) AND (((info)::text ~~ 'USA:% 199%'::text) OR ((info)::text ~~ 'USA:% 200%'::text)))", "Plans": [{"Node Type": "Bitmap Index Scan", "Parent Relationship": "Outer", "Index Name": "info_type_id_movie_info", "Startup Cost": 0.0, "Total Cost": 4841.46, "Plan Rows": 212428, "Plan Width": 0, "Index Cond": "(info_type_id = it1.id)"}]}]}, {"Node Type": "Index Scan", "Parent Relationship": "Inner", "Scan Direction": "Forward", "Index Name": "title_pkey", "Relation Name": "title", "Alias": "t", "Startup Cost": 0.0, "Total Cost": 8.23, "Plan Rows": 1, "Plan Width": 21, "Index Cond": "(id = mi.movie_id)", "Filter": "(production_year > 1990)"}]}, {"Node Type": "Index Scan", "Parent Relationship": "Inner", "Scan Direction": "Forward", "Index Name": "movie_id_movie_companies", "Relation Name": "movie_companies", "Alias": "mc", "Startup Cost": 0.0, "Total Cost": 0.35, "Plan Rows": 2, "Plan Width": 12, "Index Cond": "(movie_id = t.id)"}]}, {"Node Type": "Index Scan", "Parent Relationship": "Inner", "Scan Direction": "Forward", "Index Name": "company_name_pkey", "Relation Name": "company_name", "Alias": "cn", "Startup Cost": 0.0, "Total Cost": 0.28, "Plan Rows": 1, "Plan Width": 4, "Index Cond": "(id = mc.company_id)", "Filter": "((country_code)::text = '[us]'::text)"}]}, {"Node Type": "Index Only Scan", "Parent Relationship": "Inner", "Scan Direction": "Forward", "Index Name": "company_type_pkey", "Relation Name": "company_type", "Alias": "ct", "Startup Cost": 0.0, "Total Cost": 0.27, "Plan Rows": 1, "Plan Width": 4, "Index Cond": "(id = mc.company_type_id)"}]}, {"Node Type": "Index Scan", "Parent Relationship": "Inner", "Scan Direction": "Forward", "Index Name": "movie_id_movie_keyword", "Relation Name": "movie_keyword", "Alias": "mk", "Startup Cost": 0.0, "Total Cost": 0.46, "Plan Rows": 8, "Plan Width": 8, "Index Cond": "(movie_id = mc.movie_id)"}]}, {"Node Type": "Index Only Scan", "Parent Relationship": "Inner", "Scan Direction": "Forward", "Index Name": "keyword_pkey", "Relation Name": "keyword", "Alias": "k", "Startup Cost": 0.0, "Total Cost": 0.27, "Plan Rows": 1, "Plan Width": 4, "Index Cond": "(id = mk.keyword_id)"}]}, {"Node Type": "Index Only Scan", "Parent Relationship": "Inner", "Scan Direction": "Forward", "Index Name": "movie_id_aka_title", "Relation Name": "aka_title", "Alias": "at", "Startup Cost": 0.0, "Total Cost": 0.31, "Plan Rows": 3, "Plan Width": 4, "Index Cond": "(movie_id = t.id)"}]}]}, "Unique SQL Id": 2846462052}, "explain_analyze_plan": {"Plan": {"Node Type": "Aggregate", "Strategy": "Plain", "Startup Cost": 165028.92, "Total Cost": 165028.93, "Plan Rows": 1, "Plan Width": 123, "Actual Startup Time": 1773.665, "Actual Total Time": 1773.665, "Actual Rows": 1, "Actual Loops": 1, "Plans": [{"Node Type": "Nested Loop", "Parent Relationship": "Outer", "Join Type": "Inner", "Startup Cost": 4841.46, "Total Cost": 165028.25, "Plan Rows": 134, "Plan Width": 59, "Actual Startup Time": 421.138, "Actual Total Time": 1772.736, "Actual Rows": 1140, "Actual Loops": 1, "Inner Unique": false, "Plans": [{"Node Type": "Nested Loop", "Parent Relationship": "Outer", "Join Type": "Inner", "Startup Cost": 4841.46, "Total Cost": 165013.2, "Plan Rows": 44, "Plan Width": 75, "Actual Startup Time": 377.565, "Actual Total Time": 1759.699, "Actual Rows": 4808, "Actual Loops": 1, "Inner Unique": true, "Plans": [{"Node Type": "Nested Loop", "Parent Relationship": "Outer", "Join Type": "Inner", "Startup Cost": 4841.46, "Total Cost": 165000.88, "Plan Rows": 44, "Plan Width": 79, "Actual Startup Time": 377.555, "Actual Total Time": 1742.392, "Actual Rows": 4808, "Actual Loops": 1, "Inner Unique": false, "Join Filter": "(t.id = mk.movie_id)", "Rows Removed by Join Filter": 0, "Plans": [{"Node Type": "Nested Loop", "Parent Relationship": "Outer", "Join Type": "Inner", "Startup Cost": 4841.46, "Total Cost": 164997.5, "Plan Rows": 6, "Plan Width": 71, "Actual Startup Time": 377.536, "Actual Total Time": 1729.915, "Actual Rows": 1488, "Actual Loops": 1, "Inner Unique": true, "Plans": [{"Node Type": "Nested Loop", "Parent Relationship": "Outer", "Join Type": "Inner", "Startup Cost": 4841.46, "Total Cost": 164994.7, "Plan Rows": 10, "Plan Width": 75, "Actual Startup Time": 377.513, "Actual Total Time": 1725.409, "Actual Rows": 2647, "Actual Loops": 1, "Inner Unique": true, "Plans": [{"Node Type": "Nested Loop", "Parent Relationship": "Outer", "Join Type": "Inner", "Startup Cost": 4841.46, "Total Cost": 164991.25, "Plan Rows": 12, "Plan Width": 79, "Actual Startup Time": 377.496, "Actual Total Time": 1708.08, "Actual Rows": 2884, "Actual Loops": 1, "Inner Unique": false, "Plans": [{"Node Type": "Nested Loop", "Parent Relationship": "Outer", "Join Type": "Inner", "Startup Cost": 4841.46, "Total Cost": 164989.04, "Plan Rows": 6, "Plan Width": 67, "Actual Startup Time": 377.48, "Actual Total Time": 1693.469, "Actual Rows": 1782, "Actual Loops": 1, "Inner Unique": true, "Plans": [{"Node Type": "Nested Loop", "Parent Relationship": "Outer", "Join Type": "Inner", "Startup Cost": 4841.46, "Total Cost": 164956.1, "Plan Rows": 4, "Plan Width": 46, "Actual Startup Time": 377.435, "Actual Total Time": 1678.758, "Actual Rows": 1783, "Actual Loops": 1, "Inner Unique": false, "Plans": [{"Node Type": "Index Scan", "Parent Relationship": "Outer", "Scan Direction": "Forward", "Index Name": "info_type_pkey", "Relation Name": "info_type", "Alias": "it1", "Startup Cost": 0.0, "Total Cost": 14.21, "Plan Rows": 1, "Plan Width": 4, "Actual Startup Time": 0.036, "Actual Total Time": 0.088, "Actual Rows": 1, "Actual Loops": 1, "Filter": "((info)::text = 'release dates'::text)", "Rows Removed by Filter": 111}, {"Node Type": "Bitmap Heap Scan", "Parent Relationship": "Inner", "Relation Name": "movie_info", "Alias": "mi", "Startup Cost": 4841.46, "Total Cost": 164941.85, "Plan Rows": 4, "Plan Width": 50, "Actual Startup Time": 377.39, "Actual Total Time": 1678.065, "Actual Rows": 1783, "Actual Loops": 1, "Recheck Cond": "(info_type_id = it1.id)", "Rows Removed by Index Recheck": 0, "Filter": "((info IS NOT NULL) AND ((note)::text ~~ '%internet%'::text) AND (((info)::text ~~ 'USA:% 199%'::text) OR ((info)::text ~~ 'USA:% 200%'::text)))", "Rows Removed by Filter": 3034936, "Exact Heap Blocks": 21947, "Lossy Heap Blocks": 21947, "Plans": [{"Node Type": "Bitmap Index Scan", "Parent Relationship": "Outer", "Index Name": "info_type_id_movie_info", "Startup Cost": 0.0, "Total Cost": 4841.46, "Plan Rows": 212428, "Plan Width": 0, "Actual Startup Time": 372.128, "Actual Total Time": 372.128, "Actual Rows": 3036719, "Actual Loops": 1, "Index Cond": "(info_type_id = it1.id)"}]}]}, {"Node Type": "Index Scan", "Parent Relationship": "Inner", "Scan Direction": "Forward", "Index Name": "title_pkey", "Relation Name": "title", "Alias": "t", "Startup Cost": 0.0, "Total Cost": 8.23, "Plan Rows": 1, "Plan Width": 21, "Actual Startup Time": 12.236, "Actual Total Time": 12.236, "Actual Rows": 1782, "Actual Loops": 1783, "Index Cond": "(id = mi.movie_id)", "Rows Removed by Index Recheck": 0, "Filter": "(production_year > 1990)", "Rows Removed by Filter": 1}]}, {"Node Type": "Index Scan", "Parent Relationship": "Inner", "Scan Direction": "Forward", "Index Name": "movie_id_movie_companies", "Relation Name": "movie_companies", "Alias": "mc", "Startup Cost": 0.0, "Total Cost": 0.35, "Plan Rows": 2, "Plan Width": 12, "Actual Startup Time": 9.827, "Actual Total Time": 12.633, "Actual Rows": 2884, "Actual Loops": 1782, "Index Cond": "(movie_id = t.id)", "Rows Removed by Index Recheck": 0}]}, {"Node Type": "Index Scan", "Parent Relationship": "Inner", "Scan Direction": "Forward", "Index Name": "company_name_pkey", "Relation Name": "company_name", "Alias": "cn", "Startup Cost": 0.0, "Total Cost": 0.28, "Plan Rows": 1, "Plan Width": 4, "Actual Startup Time": 14.522, "Actual Total Time": 14.522, "Actual Rows": 2647, "Actual Loops": 2884, "Index Cond": "(id = mc.company_id)", "Rows Removed by Index Recheck": 0, "Filter": "((country_code)::text = '[us]'::text)", "Rows Removed by Filter": 237}]}, {"Node Type": "Index Only Scan", "Parent Relationship": "Inner", "Scan Direction": "Forward", "Index Name": "company_type_pkey", "Relation Name": "company_type", "Alias": "ct", "Startup Cost": 0.0, "Total Cost": 0.27, "Plan Rows": 1, "Plan Width": 4, "Actual Startup Time": 2.451, "Actual Total Time": 2.451, "Actual Rows": 1488, "Actual Loops": 2647, "Index Cond": "(id = mc.company_type_id)", "Rows Removed by Index Recheck": 0, "Heap Fetches": 0}]}, {"Node Type": "Index Scan", "Parent Relationship": "Inner", "Scan Direction": "Forward", "Index Name": "movie_id_movie_keyword", "Relation Name": "movie_keyword", "Alias": "mk", "Startup Cost": 0.0, "Total Cost": 0.46, "Plan Rows": 8, "Plan Width": 8, "Actual Startup Time": 7.174, "Actual Total Time": 9.503, "Actual Rows": 4808, "Actual Loops": 1488, "Index Cond": "(movie_id = mc.movie_id)", "Rows Removed by Index Recheck": 0}]}, {"Node Type": "Index Only Scan", "Parent Relationship": "Inner", "Scan Direction": "Forward", "Index Name": "keyword_pkey", "Relation Name": "keyword", "Alias": "k", "Startup Cost": 0.0, "Total Cost": 0.27, "Plan Rows": 1, "Plan Width": 4, "Actual Startup Time": 13.757, "Actual Total Time": 13.757, "Actual Rows": 4808, "Actual Loops": 4808, "Index Cond": "(id = mk.keyword_id)", "Rows Removed by Index Recheck": 0, "Heap Fetches": 0}]}, {"Node Type": "Index Only Scan", "Parent Relationship": "Inner", "Scan Direction": "Forward", "Index Name": "movie_id_aka_title", "Relation Name": "aka_title", "Alias": "at", "Startup Cost": 0.0, "Total Cost": 0.31, "Plan Rows": 3, "Plan Width": 4, "Actual Startup Time": 10.19, "Actual Total Time": 10.466, "Actual Rows": 1140, "Actual Loops": 4808, "Index Cond": "(movie_id = t.id)", "Rows Removed by Index Recheck": 0, "Heap Fetches": 0}]}]}, "Triggers": [], "Planner Runtime": 124.4, "Total Runtime": 1774.087, "Unique SQL Id": 2846462052}}, "(1, 82)": {"explain_plan": {"Plan": {"Node Type": "Aggregate", "Strategy": "Plain", "Startup Cost": 166070.48, "Total Cost": 166070.49, "Plan Rows": 1, "Plan Width": 123, "Plans": [{"Node Type": "Nested Loop", "Parent Relationship": "Outer", "Join Type": "Inner", "Startup Cost": 4847.0, "Total Cost": 166069.81, "Plan Rows": 134, "Plan Width": 59, "Inner Unique": true, "Join Filter": "(at.movie_id = t.id)", "Plans": [{"Node Type": "Nested Loop", "Parent Relationship": "Outer", "Join Type": "Inner", "Startup Cost": 4846.73, "Total Cost": 165653.34, "Plan Rows": 97, "Plan Width": 58, "Inner Unique": true, "Plans": [{"Node Type": "Nested Loop", "Parent Relationship": "Outer", "Join Type": "Inner", "Startup Cost": 4846.47, "Total Cost": 165238.16, "Plan Rows": 97, "Plan Width": 62, "Inner Unique": false, "Join Filter": "(at.movie_id = mk.movie_id)", "Plans": [{"Node Type": "Nested Loop", "Parent Relationship": "Outer", "Join Type": "Inner", "Startup Cost": 4846.14, "Total Cost": 165183.7, "Plan Rows": 12, "Plan Width": 54, "Inner Unique": true, "Plans": [{"Node Type": "Nested Loop", "Parent Relationship": "Outer", "Join Type": "Inner", "Startup Cost": 4845.88, "Total Cost": 165132.34, "Plan Rows": 12, "Plan Width": 58, "Inner Unique": true, "Plans": [{"Node Type": "Nested Loop", "Parent Relationship": "Outer", "Join Type": "Inner", "Startup Cost": 4845.62, "Total Cost": 165046.67, "Plan Rows": 20, "Plan Width": 62, "Inner Unique": false, "Plans": [{"Node Type": "Nested Loop", "Parent Relationship": "Outer", "Join Type": "Inner", "Startup Cost": 4845.25, "Total Cost": 165006.92, "Plan Rows": 9, "Plan Width": 50, "Inner Unique": false, "Plans": [{"Node Type": "Nested Loop", "Parent Relationship": "Outer", "Join Type": "Inner", "Startup Cost": 4841.46, "Total Cost": 164944.29, "Plan Rows": 4, "Plan Width": 46, "Inner Unique": false, "Plans": [{"Node Type": "Seq Scan", "Parent Relationship": "Outer", "Relation Name": "info_type", "Alias": "it1", "Startup Cost": 0.0, "Total Cost": 2.4, "Plan Rows": 1, "Plan Width": 4, "Filter": "((info)::text = 'release dates'::text)"}, {"Node Type": "Bitmap Heap Scan", "Parent Relationship": "Inner", "Relation Name": "movie_info", "Alias": "mi", "Startup Cost": 4841.46, "Total Cost": 164941.85, "Plan Rows": 4, "Plan Width": 50, "Recheck Cond": "(info_type_id = it1.id)", "Filter": "((info IS NOT NULL) AND ((note)::text ~~ '%internet%'::text) AND (((info)::text ~~ 'USA:% 199%'::text) OR ((info)::text ~~ 'USA:% 200%'::text)))", "Plans": [{"Node Type": "Bitmap Index Scan", "Parent Relationship": "Outer", "Index Name": "info_type_id_movie_info", "Startup Cost": 0.0, "Total Cost": 4841.46, "Plan Rows": 212428, "Plan Width": 0, "Index Cond": "(info_type_id = it1.id)"}]}]}, {"Node Type": "Bitmap Heap Scan", "Parent Relationship": "Inner", "Relation Name": "aka_title", "Alias": "at", "Startup Cost": 3.79, "Total Cost": 15.63, "Plan Rows": 3, "Plan Width": 4, "Recheck Cond": "(movie_id = mi.movie_id)", "Plans": [{"Node Type": "Bitmap Index Scan", "Parent Relationship": "Outer", "Index Name": "movie_id_aka_title", "Startup Cost": 0.0, "Total Cost": 3.79, "Plan Rows": 3, "Plan Width": 0, "Index Cond": "(movie_id = mi.movie_id)"}]}]}, {"Node Type": "Bitmap Heap Scan", "Parent Relationship": "Inner", "Relation Name": "movie_companies", "Alias": "mc", "Startup Cost": 0.37, "Total Cost": 4.4, "Plan Rows": 2, "Plan Width": 12, "Recheck Cond": "(movie_id = at.movie_id)", "Plans": [{"Node Type": "Bitmap Index Scan", "Parent Relationship": "Outer", "Index Name": "movie_id_movie_companies", "Startup Cost": 0.0, "Total Cost": 0.37, "Plan Rows": 2, "Plan Width": 0, "Index Cond": "(movie_id = at.movie_id)"}]}]}, {"Node Type": "Bitmap Heap Scan", "Parent Relationship": "Inner", "Relation Name": "company_name", "Alias": "cn", "Startup Cost": 0.26, "Total Cost": 4.27, "Plan Rows": 1, "Plan Width": 4, "Recheck Cond": "(id = mc.company_id)", "Filter": "((country_code)::text = '[us]'::text)", "Plans": [{"Node Type": "Bitmap Index Scan", "Parent Relationship": "Outer", "Index Name": "company_name_pkey", "Startup Cost": 0.0, "Total Cost": 0.26, "Plan Rows": 1, "Plan Width": 0, "Index Cond": "(id = mc.company_id)"}]}]}, {"Node Type": "Bitmap Heap Scan", "Parent Relationship": "Inner", "Relation Name": "company_type", "Alias": "ct", "Startup Cost": 0.26, "Total Cost": 4.27, "Plan Rows": 1, "Plan Width": 4, "Recheck Cond": "(id = mc.company_type_id)", "Plans": [{"Node Type": "Bitmap Index Scan", "Parent Relationship": "Outer", "Index Name": "company_type_pkey", "Startup Cost": 0.0, "Total Cost": 0.26, "Plan Rows": 1, "Plan Width": 0, "Index Cond": "(id = mc.company_type_id)"}]}]}, {"Node Type": "Bitmap Heap Scan", "Parent Relationship": "Inner", "Relation Name": "movie_keyword", "Alias": "mk", "Startup Cost": 0.34, "Total Cost": 4.44, "Plan Rows": 8, "Plan Width": 8, "Recheck Cond": "(movie_id = mc.movie_id)", "Plans": [{"Node Type": "Bitmap Index Scan", "Parent Relationship": "Outer", "Index Name": "movie_id_movie_keyword", "Startup Cost": 0.0, "Total Cost": 0.34, "Plan Rows": 8, "Plan Width": 0, "Index Cond": "(movie_id = mc.movie_id)"}]}]}, {"Node Type": "Bitmap Heap Scan", "Parent Relationship": "Inner", "Relation Name": "keyword", "Alias": "k", "Startup Cost": 0.26, "Total Cost": 4.27, "Plan Rows": 1, "Plan Width": 4, "Recheck Cond": "(id = mk.keyword_id)", "Plans": [{"Node Type": "Bitmap Index Scan", "Parent Relationship": "Outer", "Index Name": "keyword_pkey", "Startup Cost": 0.0, "Total Cost": 0.26, "Plan Rows": 1, "Plan Width": 0, "Index Cond": "(id = mk.keyword_id)"}]}]}, {"Node Type": "Bitmap Heap Scan", "Parent Relationship": "Inner", "Relation Name": "title", "Alias": "t", "Startup Cost": 0.27, "Total Cost": 4.28, "Plan Rows": 1, "Plan Width": 21, "Recheck Cond": "(id = mk.movie_id)", "Filter": "(production_year > 1990)", "Plans": [{"Node Type": "Bitmap Index Scan", "Parent Relationship": "Outer", "Index Name": "title_pkey", "Startup Cost": 0.0, "Total Cost": 0.27, "Plan Rows": 1, "Plan Width": 0, "Index Cond": "(id = mk.movie_id)"}]}]}]}, "Unique SQL Id": 2846462052}, "explain_analyze_plan": {"Plan": {"Node Type": "Aggregate", "Strategy": "Plain", "Startup Cost": 166070.48, "Total Cost": 166070.49, "Plan Rows": 1, "Plan Width": 123, "Actual Startup Time": 1892.993, "Actual Total Time": 1892.994, "Actual Rows": 1, "Actual Loops": 1, "Plans": [{"Node Type": "Nested Loop", "Parent Relationship": "Outer", "Join Type": "Inner", "Startup Cost": 4847.0, "Total Cost": 166069.81, "Plan Rows": 134, "Plan Width": 59, "Actual Startup Time": 473.065, "Actual Total Time": 1891.979, "Actual Rows": 1140, "Actual Loops": 1, "Inner Unique": true, "Join Filter": "(at.movie_id = t.id)", "Rows Removed by Join Filter": 0, "Plans": [{"Node Type": "Nested Loop", "Parent Relationship": "Outer", "Join Type": "Inner", "Startup Cost": 4846.73, "Total Cost": 165653.34, "Plan Rows": 97, "Plan Width": 58, "Actual Startup Time": 473.026, "Actual Total Time": 1885.238, "Actual Rows": 1140, "Actual Loops": 1, "Inner Unique": true, "Plans": [{"Node Type": "Nested Loop", "Parent Relationship": "Outer", "Join Type": "Inner", "Startup Cost": 4846.47, "Total Cost": 165238.16, "Plan Rows": 97, "Plan Width": 62, "Actual Startup Time": 472.998, "Actual Total Time": 1876.625, "Actual Rows": 1140, "Actual Loops": 1, "Inner Unique": false, "Join Filter": "(at.movie_id = mk.movie_id)", "Rows Removed by Join Filter": 0, "Plans": [{"Node Type": "Nested Loop", "Parent Relationship": "Outer", "Join Type": "Inner", "Startup Cost": 4846.14, "Total Cost": 165183.7, "Plan Rows": 12, "Plan Width": 54, "Actual Startup Time": 472.957, "Actual Total Time": 1874.324, "Actual Rows": 119, "Actual Loops": 1, "Inner Unique": true, "Plans": [{"Node Type": "Nested Loop", "Parent Relationship": "Outer", "Join Type": "Inner", "Startup Cost": 4845.88, "Total Cost": 165132.34, "Plan Rows": 12, "Plan Width": 58, "Actual Startup Time": 428.549, "Actual Total Time": 1873.182, "Actual Rows": 284, "Actual Loops": 1, "Inner Unique": true, "Plans": [{"Node Type": "Nested Loop", "Parent Relationship": "Outer", "Join Type": "Inner", "Startup Cost": 4845.62, "Total Cost": 165046.67, "Plan Rows": 20, "Plan Width": 62, "Actual Startup Time": 428.48, "Actual Total Time": 1869.305, "Actual Rows": 400, "Actual Loops": 1, "Inner Unique": false, "Plans": [{"Node Type": "Nested Loop", "Parent Relationship": "Outer", "Join Type": "Inner", "Startup Cost": 4845.25, "Total Cost": 165006.92, "Plan Rows": 9, "Plan Width": 50, "Actual Startup Time": 428.448, "Actual Total Time": 1866.74, "Actual Rows": 120, "Actual Loops": 1, "Inner Unique": false, "Plans": [{"Node Type": "Nested Loop", "Parent Relationship": "Outer", "Join Type": "Inner", "Startup Cost": 4841.46, "Total Cost": 164944.29, "Plan Rows": 4, "Plan Width": 46, "Actual Startup Time": 424.184, "Actual Total Time": 1854.331, "Actual Rows": 1783, "Actual Loops": 1, "Inner Unique": false, "Plans": [{"Node Type": "Seq Scan", "Parent Relationship": "Outer", "Relation Name": "info_type", "Alias": "it1", "Startup Cost": 0.0, "Total Cost": 2.4, "Plan Rows": 1, "Plan Width": 4, "Actual Startup Time": 0.06, "Actual Total Time": 0.108, "Actual Rows": 1, "Actual Loops": 1, "Filter": "((info)::text = 'release dates'::text)", "Rows Removed by Filter": 111}, {"Node Type": "Bitmap Heap Scan", "Parent Relationship": "Inner", "Relation Name": "movie_info", "Alias": "mi", "Startup Cost": 4841.46, "Total Cost": 164941.85, "Plan Rows": 4, "Plan Width": 50, "Actual Startup Time": 424.115, "Actual Total Time": 1853.626, "Actual Rows": 1783, "Actual Loops": 1, "Recheck Cond": "(info_type_id = it1.id)", "Rows Removed by Index Recheck": 0, "Filter": "((info IS NOT NULL) AND ((note)::text ~~ '%internet%'::text) AND (((info)::text ~~ 'USA:% 199%'::text) OR ((info)::text ~~ 'USA:% 200%'::text)))", "Rows Removed by Filter": 3034936, "Exact Heap Blocks": 21947, "Lossy Heap Blocks": 21947, "Plans": [{"Node Type": "Bitmap Index Scan", "Parent Relationship": "Outer", "Index Name": "info_type_id_movie_info", "Startup Cost": 0.0, "Total Cost": 4841.46, "Plan Rows": 212428, "Plan Width": 0, "Actual Startup Time": 418.488, "Actual Total Time": 418.488, "Actual Rows": 3036719, "Actual Loops": 1, "Index Cond": "(info_type_id = it1.id)"}]}]}, {"Node Type": "Bitmap Heap Scan", "Parent Relationship": "Inner", "Relation Name": "aka_title", "Alias": "at", "Startup Cost": 3.79, "Total Cost": 15.63, "Plan Rows": 3, "Plan Width": 4, "Actual Startup Time": 9.437, "Actual Total Time": 9.588, "Actual Rows": 120, "Actual Loops": 1783, "Recheck Cond": "(movie_id = mi.movie_id)", "Rows Removed by Index Recheck": 0, "Exact Heap Blocks": 120, "Lossy Heap Blocks": 120, "Plans": [{"Node Type": "Bitmap Index Scan", "Parent Relationship": "Outer", "Index Name": "movie_id_aka_title", "Startup Cost": 0.0, "Total Cost": 3.79, "Plan Rows": 3, "Plan Width": 0, "Actual Startup Time": 7.926, "Actual Total Time": 7.926, "Actual Rows": 120, "Actual Loops": 1783, "Index Cond": "(movie_id = mi.movie_id)"}]}]}, {"Node Type": "Bitmap Heap Scan", "Parent Relationship": "Inner", "Relation Name": "movie_companies", "Alias": "mc", "Startup Cost": 0.37, "Total Cost": 4.4, "Plan Rows": 2, "Plan Width": 12, "Actual Startup Time": 1.714, "Actual Total Time": 2.062, "Actual Rows": 400, "Actual Loops": 120, "Recheck Cond": "(movie_id = at.movie_id)", "Rows Removed by Index Recheck": 0, "Exact Heap Blocks": 214, "Lossy Heap Blocks": 214, "Plans": [{"Node Type": "Bitmap Index Scan", "Parent Relationship": "Outer", "Index Name": "movie_id_movie_companies", "Startup Cost": 0.0, "Total Cost": 0.37, "Plan Rows": 2, "Plan Width": 0, "Actual Startup Time": 1.04, "Actual Total Time": 1.04, "Actual Rows": 400, "Actual Loops": 120, "Index Cond": "(movie_id = at.movie_id)"}]}]}, {"Node Type": "Bitmap Heap Scan", "Parent Relationship": "Inner", "Relation Name": "company_name", "Alias": "cn", "Startup Cost": 0.26, "Total Cost": 4.27, "Plan Rows": 1, "Plan Width": 4, "Actual Startup Time": 3.202, "Actual Total Time": 3.202, "Actual Rows": 284, "Actual Loops": 400, "Recheck Cond": "(id = mc.company_id)", "Rows Removed by Index Recheck": 0, "Filter": "((country_code)::text = '[us]'::text)", "Rows Removed by Filter": 116, "Exact Heap Blocks": 400, "Lossy Heap Blocks": 400, "Plans": [{"Node Type": "Bitmap Index Scan", "Parent Relationship": "Outer", "Index Name": "company_name_pkey", "Startup Cost": 0.0, "Total Cost": 0.26, "Plan Rows": 1, "Plan Width": 0, "Actual Startup Time": 1.742, "Actual Total Time": 1.742, "Actual Rows": 400, "Actual Loops": 400, "Index Cond": "(id = mc.company_id)"}]}]}, {"Node Type": "Bitmap Heap Scan", "Parent Relationship": "Inner", "Relation Name": "company_type", "Alias": "ct", "Startup Cost": 0.26, "Total Cost": 4.27, "Plan Rows": 1, "Plan Width": 4, "Actual Startup Time": 0.663, "Actual Total Time": 0.663, "Actual Rows": 119, "Actual Loops": 284, "Recheck Cond": "(id = mc.company_type_id)", "Rows Removed by Index Recheck": 0, "Exact Heap Blocks": 119, "Lossy Heap Blocks": 119, "Plans": [{"Node Type": "Bitmap Index Scan", "Parent Relationship": "Outer", "Index Name": "company_type_pkey", "Startup Cost": 0.0, "Total Cost": 0.26, "Plan Rows": 1, "Plan Width": 0, "Actual Startup Time": 0.318, "Actual Total Time": 0.318, "Actual Rows": 119, "Actual Loops": 284, "Index Cond": "(id = mc.company_type_id)"}]}]}, {"Node Type": "Bitmap Heap Scan", "Parent Relationship": "Inner", "Relation Name": "movie_keyword", "Alias": "mk", "Startup Cost": 0.34, "Total Cost": 4.44, "Plan Rows": 8, "Plan Width": 8, "Actual Startup Time": 1.383, "Actual Total Time": 1.575, "Actual Rows": 1140, "Actual Loops": 119, "Recheck Cond": "(movie_id = mc.movie_id)", "Rows Removed by Index Recheck": 0, "Exact Heap Blocks": 91, "Lossy Heap Blocks": 91, "Plans": [{"Node Type": "Bitmap Index Scan", "Parent Relationship": "Outer", "Index Name": "movie_id_movie_keyword", "Startup Cost": 0.0, "Total Cost": 0.34, "Plan Rows": 8, "Plan Width": 0, "Actual Startup Time": 0.884, "Actual Total Time": 0.884, "Actual Rows": 1140, "Actual Loops": 119, "Index Cond": "(movie_id = mc.movie_id)"}]}]}, {"Node Type": "Bitmap Heap Scan", "Parent Relationship": "Inner", "Relation Name": "keyword", "Alias": "k", "Startup Cost": 0.26, "Total Cost": 4.27, "Plan Rows": 1, "Plan Width": 4, "Actual Startup Time": 6.916, "Actual Total Time": 6.916, "Actual Rows": 1140, "Actual Loops": 1140, "Recheck Cond": "(id = mk.keyword_id)", "Rows Removed by Index Recheck": 0, "Exact Heap Blocks": 1140, "Lossy Heap Blocks": 1140, "Plans": [{"Node Type": "Bitmap Index Scan", "Parent Relationship": "Outer", "Index Name": "keyword_pkey", "Startup Cost": 0.0, "Total Cost": 0.26, "Plan Rows": 1, "Plan Width": 0, "Actual Startup Time": 4.257, "Actual Total Time": 4.257, "Actual Rows": 1140, "Actual Loops": 1140, "Index Cond": "(id = mk.keyword_id)"}]}]}, {"Node Type": "Bitmap Heap Scan", "Parent Relationship": "Inner", "Relation Name": "title", "Alias": "t", "Startup Cost": 0.27, "Total Cost": 4.28, "Plan Rows": 1, "Plan Width": 21, "Actual Startup Time": 4.967, "Actual Total Time": 4.967, "Actual Rows": 1140, "Actual Loops": 1140, "Recheck Cond": "(id = mk.movie_id)", "Rows Removed by Index Recheck": 0, "Filter": "(production_year > 1990)", "Rows Removed by Filter": 0, "Exact Heap Blocks": 1140, "Lossy Heap Blocks": 1140, "Plans": [{"Node Type": "Bitmap Index Scan", "Parent Relationship": "Outer", "Index Name": "title_pkey", "Startup Cost": 0.0, "Total Cost": 0.27, "Plan Rows": 1, "Plan Width": 0, "Actual Startup Time": 2.983, "Actual Total Time": 2.983, "Actual Rows": 1140, "Actual Loops": 1140, "Index Cond": "(id = mk.movie_id)"}]}]}]}, "Triggers": [], "Planner Runtime": 136.885, "Total Runtime": 1893.497, "Unique SQL Id": 2846462052}}, "(1, 83)": {"explain_plan": {"Plan": {"Node Type": "Aggregate", "Strategy": "Plain", "Startup Cost": 1000002719454.35, "Total Cost": 1000002719454.36, "Plan Rows": 1, "Plan Width": 123, "Plans": [{"Node Type": "Nested Loop", "Parent Relationship": "Outer", "Join Type": "Inner", "Startup Cost": 10000000002.95, "Total Cost": 1000002719453.69, "Plan Rows": 132, "Plan Width": 59, "Inner Unique": true, "Join Filter": "(at.movie_id = t.id)", "Plans": [{"Node Type": "Nested Loop", "Parent Relationship": "Outer", "Join Type": "Inner", "Startup Cost": 10000000002.69, "Total Cost": 1000002719045.82, "Plan Rows": 95, "Plan Width": 58, "Inner Unique": true, "Plans": [{"Node Type": "Nested Loop", "Parent Relationship": "Outer", "Join Type": "Inner", "Startup Cost": 10000000002.43, "Total Cost": 1000002718630.63, "Plan Rows": 97, "Plan Width": 62, "Inner Unique": false, "Join Filter": "(at.movie_id = mk.movie_id)", "Plans": [{"Node Type": "Nested Loop", "Parent Relationship": "Outer", "Join Type": "Inner", "Startup Cost": 10000000002.09, "Total Cost": 1000002718576.18, "Plan Rows": 12, "Plan Width": 54, "Inner Unique": true, "Plans": [{"Node Type": "Nested Loop", "Parent Relationship": "Outer", "Join Type": "Inner", "Startup Cost": 10000000001.84, "Total Cost": 1000002718524.81, "Plan Rows": 12, "Plan Width": 58, "Inner Unique": true, "Plans": [{"Node Type": "Nested Loop", "Parent Relationship": "Outer", "Join Type": "Inner", "Startup Cost": 10000000001.58, "Total Cost": 1000002718439.15, "Plan Rows": 20, "Plan Width": 62, "Inner Unique": false, "Plans": [{"Node Type": "Nested Loop", "Parent Relationship": "Outer", "Join Type": "Inner", "Startup Cost": 10000000001.21, "Total Cost": 1000002718399.4, "Plan Rows": 9, "Plan Width": 50, "Inner Unique": true, "Plans": [{"Node Type": "Nested Loop", "Parent Relationship": "Outer", "Join Type": "Inner", "Startup Cost": 10000000000.92, "Total Cost": 1000002715586.59, "Plan Rows": 652, "Plan Width": 54, "Inner Unique": false, "Plans": [{"Node Type": "Index Only Scan", "Parent Relationship": "Outer", "Scan Direction": "Forward", "Index Name": "movie_id_aka_title", "Relation Name": "aka_title", "Alias": "at", "Startup Cost": 10000000000.0, "Total Cost": 1000000898631.5, "Plan Rows": 361471, "Plan Width": 4}, {"Node Type": "Bitmap Heap Scan", "Parent Relationship": "Inner", "Relation Name": "movie_info", "Alias": "mi", "Startup Cost": 0.92, "Total Cost": 5.02, "Plan Rows": 1, "Plan Width": 50, "Recheck Cond": "(movie_id = at.movie_id)", "Filter": "((info IS NOT NULL) AND ((note)::text ~~ '%internet%'::text) AND (((info)::text ~~ 'USA:% 199%'::text) OR ((info)::text ~~ 'USA:% 200%'::text)))", "Plans": [{"Node Type": "Bitmap Index Scan", "Parent Relationship": "Outer", "Index Name": "movie_id_movie_info", "Startup Cost": 0.0, "Total Cost": 0.92, "Plan Rows": 5, "Plan Width": 0, "Index Cond": "(movie_id = at.movie_id)"}]}]}, {"Node Type": "Bitmap Heap Scan", "Parent Relationship": "Inner", "Relation Name": "info_type", "Alias": "it1", "Startup Cost": 0.29, "Total Cost": 4.3, "Plan Rows": 1, "Plan Width": 4, "Recheck Cond": "(id = mi.info_type_id)", "Filter": "((info)::text = 'release dates'::text)", "Plans": [{"Node Type": "Bitmap Index Scan", "Parent Relationship": "Outer", "Index Name": "info_type_pkey", "Startup Cost": 0.0, "Total Cost": 0.29, "Plan Rows": 1, "Plan Width": 0, "Index Cond": "(id = mi.info_type_id)"}]}]}, {"Node Type": "Bitmap Heap Scan", "Parent Relationship": "Inner", "Relation Name": "movie_companies", "Alias": "mc", "Startup Cost": 0.37, "Total Cost": 4.4, "Plan Rows": 2, "Plan Width": 12, "Recheck Cond": "(movie_id = at.movie_id)", "Plans": [{"Node Type": "Bitmap Index Scan", "Parent Relationship": "Outer", "Index Name": "movie_id_movie_companies", "Startup Cost": 0.0, "Total Cost": 0.37, "Plan Rows": 2, "Plan Width": 0, "Index Cond": "(movie_id = at.movie_id)"}]}]}, {"Node Type": "Bitmap Heap Scan", "Parent Relationship": "Inner", "Relation Name": "company_name", "Alias": "cn", "Startup Cost": 0.26, "Total Cost": 4.27, "Plan Rows": 1, "Plan Width": 4, "Recheck Cond": "(id = mc.company_id)", "Filter": "((country_code)::text = '[us]'::text)", "Plans": [{"Node Type": "Bitmap Index Scan", "Parent Relationship": "Outer", "Index Name": "company_name_pkey", "Startup Cost": 0.0, "Total Cost": 0.26, "Plan Rows": 1, "Plan Width": 0, "Index Cond": "(id = mc.company_id)"}]}]}, {"Node Type": "Bitmap Heap Scan", "Parent Relationship": "Inner", "Relation Name": "company_type", "Alias": "ct", "Startup Cost": 0.26, "Total Cost": 4.27, "Plan Rows": 1, "Plan Width": 4, "Recheck Cond": "(id = mc.company_type_id)", "Plans": [{"Node Type": "Bitmap Index Scan", "Parent Relationship": "Outer", "Index Name": "company_type_pkey", "Startup Cost": 0.0, "Total Cost": 0.26, "Plan Rows": 1, "Plan Width": 0, "Index Cond": "(id = mc.company_type_id)"}]}]}, {"Node Type": "Bitmap Heap Scan", "Parent Relationship": "Inner", "Relation Name": "movie_keyword", "Alias": "mk", "Startup Cost": 0.34, "Total Cost": 4.44, "Plan Rows": 8, "Plan Width": 8, "Recheck Cond": "(movie_id = mc.movie_id)", "Plans": [{"Node Type": "Bitmap Index Scan", "Parent Relationship": "Outer", "Index Name": "movie_id_movie_keyword", "Startup Cost": 0.0, "Total Cost": 0.34, "Plan Rows": 8, "Plan Width": 0, "Index Cond": "(movie_id = mc.movie_id)"}]}]}, {"Node Type": "Bitmap Heap Scan", "Parent Relationship": "Inner", "Relation Name": "keyword", "Alias": "k", "Startup Cost": 0.26, "Total Cost": 4.27, "Plan Rows": 1, "Plan Width": 4, "Recheck Cond": "(id = mk.keyword_id)", "Plans": [{"Node Type": "Bitmap Index Scan", "Parent Relationship": "Outer", "Index Name": "keyword_pkey", "Startup Cost": 0.0, "Total Cost": 0.26, "Plan Rows": 1, "Plan Width": 0, "Index Cond": "(id = mk.keyword_id)"}]}]}, {"Node Type": "Bitmap Heap Scan", "Parent Relationship": "Inner", "Relation Name": "title", "Alias": "t", "Startup Cost": 0.27, "Total Cost": 4.28, "Plan Rows": 1, "Plan Width": 21, "Recheck Cond": "(id = mk.movie_id)", "Filter": "(production_year > 1990)", "Plans": [{"Node Type": "Bitmap Index Scan", "Parent Relationship": "Outer", "Index Name": "title_pkey", "Startup Cost": 0.0, "Total Cost": 0.27, "Plan Rows": 1, "Plan Width": 0, "Index Cond": "(id = mk.movie_id)"}]}]}]}, "Unique SQL Id": 2846462052}, "explain_analyze_plan": null}, "(1, 84)": {"explain_plan": {"Plan": {"Node Type": "Aggregate", "Strategy": "Plain", "Startup Cost": 165017.66, "Total Cost": 165017.67, "Plan Rows": 1, "Plan Width": 123, "Plans": [{"Node Type": "Nested Loop", "Parent Relationship": "Outer", "Join Type": "Inner", "Startup Cost": 4841.46, "Total Cost": 165016.99, "Plan Rows": 134, "Plan Width": 59, "Inner Unique": false, "Join Filter": "(t.id = at.movie_id)", "Plans": [{"Node Type": "Nested Loop", "Parent Relationship": "Outer", "Join Type": "Inner", "Startup Cost": 4841.46, "Total Cost": 165001.42, "Plan Rows": 44, "Plan Width": 75, "Inner Unique": true, "Plans": [{"Node Type": "Nested Loop", "Parent Relationship": "Outer", "Join Type": "Inner", "Startup Cost": 4841.46, "Total Cost": 164989.07, "Plan Rows": 44, "Plan Width": 79, "Inner Unique": false, "Join Filter": "(t.id = mk.movie_id)", "Plans": [{"Node Type": "Nested Loop", "Parent Relationship": "Outer", "Join Type": "Inner", "Startup Cost": 4841.46, "Total Cost": 164985.69, "Plan Rows": 6, "Plan Width": 71, "Inner Unique": true, "Plans": [{"Node Type": "Nested Loop", "Parent Relationship": "Outer", "Join Type": "Inner", "Startup Cost": 4841.46, "Total Cost": 164982.89, "Plan Rows": 10, "Plan Width": 75, "Inner Unique": true, "Plans": [{"Node Type": "Nested Loop", "Parent Relationship": "Outer", "Join Type": "Inner", "Startup Cost": 4841.46, "Total Cost": 164979.44, "Plan Rows": 12, "Plan Width": 79, "Inner Unique": false, "Plans": [{"Node Type": "Nested Loop", "Parent Relationship": "Outer", "Join Type": "Inner", "Startup Cost": 4841.46, "Total Cost": 164977.23, "Plan Rows": 6, "Plan Width": 67, "Inner Unique": true, "Plans": [{"Node Type": "Nested Loop", "Parent Relationship": "Outer", "Join Type": "Inner", "Startup Cost": 4841.46, "Total Cost": 164944.29, "Plan Rows": 4, "Plan Width": 46, "Inner Unique": false, "Plans": [{"Node Type": "Seq Scan", "Parent Relationship": "Outer", "Relation Name": "info_type", "Alias": "it1", "Startup Cost": 0.0, "Total Cost": 2.4, "Plan Rows": 1, "Plan Width": 4, "Filter": "((info)::text = 'release dates'::text)"}, {"Node Type": "Bitmap Heap Scan", "Parent Relationship": "Inner", "Relation Name": "movie_info", "Alias": "mi", "Startup Cost": 4841.46, "Total Cost": 164941.85, "Plan Rows": 4, "Plan Width": 50, "Recheck Cond": "(info_type_id = it1.id)", "Filter": "((info IS NOT NULL) AND ((note)::text ~~ '%internet%'::text) AND (((info)::text ~~ 'USA:% 199%'::text) OR ((info)::text ~~ 'USA:% 200%'::text)))", "Plans": [{"Node Type": "Bitmap Index Scan", "Parent Relationship": "Outer", "Index Name": "info_type_id_movie_info", "Startup Cost": 0.0, "Total Cost": 4841.46, "Plan Rows": 212428, "Plan Width": 0, "Index Cond": "(info_type_id = it1.id)"}]}]}, {"Node Type": "Index Scan", "Parent Relationship": "Inner", "Scan Direction": "Forward", "Index Name": "title_pkey", "Relation Name": "title", "Alias": "t", "Startup Cost": 0.0, "Total Cost": 8.23, "Plan Rows": 1, "Plan Width": 21, "Index Cond": "(id = mi.movie_id)", "Filter": "(production_year > 1990)"}]}, {"Node Type": "Index Scan", "Parent Relationship": "Inner", "Scan Direction": "Forward", "Index Name": "movie_id_movie_companies", "Relation Name": "movie_companies", "Alias": "mc", "Startup Cost": 0.0, "Total Cost": 0.35, "Plan Rows": 2, "Plan Width": 12, "Index Cond": "(movie_id = t.id)"}]}, {"Node Type": "Index Scan", "Parent Relationship": "Inner", "Scan Direction": "Forward", "Index Name": "company_name_pkey", "Relation Name": "company_name", "Alias": "cn", "Startup Cost": 0.0, "Total Cost": 0.28, "Plan Rows": 1, "Plan Width": 4, "Index Cond": "(id = mc.company_id)", "Filter": "((country_code)::text = '[us]'::text)"}]}, {"Node Type": "Index Scan", "Parent Relationship": "Inner", "Scan Direction": "Forward", "Index Name": "company_type_pkey", "Relation Name": "company_type", "Alias": "ct", "Startup Cost": 0.0, "Total Cost": 0.27, "Plan Rows": 1, "Plan Width": 4, "Index Cond": "(id = mc.company_type_id)"}]}, {"Node Type": "Index Scan", "Parent Relationship": "Inner", "Scan Direction": "Forward", "Index Name": "movie_id_movie_keyword", "Relation Name": "movie_keyword", "Alias": "mk", "Startup Cost": 0.0, "Total Cost": 0.46, "Plan Rows": 8, "Plan Width": 8, "Index Cond": "(movie_id = mc.movie_id)"}]}, {"Node Type": "Index Scan", "Parent Relationship": "Inner", "Scan Direction": "Forward", "Index Name": "keyword_pkey", "Relation Name": "keyword", "Alias": "k", "Startup Cost": 0.0, "Total Cost": 0.27, "Plan Rows": 1, "Plan Width": 4, "Index Cond": "(id = mk.keyword_id)"}]}, {"Node Type": "Index Scan", "Parent Relationship": "Inner", "Scan Direction": "Forward", "Index Name": "movie_id_aka_title", "Relation Name": "aka_title", "Alias": "at", "Startup Cost": 0.0, "Total Cost": 0.32, "Plan Rows": 3, "Plan Width": 4, "Index Cond": "(movie_id = mk.movie_id)"}]}]}, "Unique SQL Id": 2846462052}, "explain_analyze_plan": {"Plan": {"Node Type": "Aggregate", "Strategy": "Plain", "Startup Cost": 165017.66, "Total Cost": 165017.67, "Plan Rows": 1, "Plan Width": 123, "Actual Startup Time": 1829.654, "Actual Total Time": 1829.655, "Actual Rows": 1, "Actual Loops": 1, "Plans": [{"Node Type": "Nested Loop", "Parent Relationship": "Outer", "Join Type": "Inner", "Startup Cost": 4841.46, "Total Cost": 165016.99, "Plan Rows": 134, "Plan Width": 59, "Actual Startup Time": 485.05, "Actual Total Time": 1828.725, "Actual Rows": 1140, "Actual Loops": 1, "Inner Unique": false, "Join Filter": "(t.id = at.movie_id)", "Rows Removed by Join Filter": 0, "Plans": [{"Node Type": "Nested Loop", "Parent Relationship": "Outer", "Join Type": "Inner", "Startup Cost": 4841.46, "Total Cost": 165001.42, "Plan Rows": 44, "Plan Width": 75, "Actual Startup Time": 434.388, "Actual Total Time": 1813.846, "Actual Rows": 4808, "Actual Loops": 1, "Inner Unique": true, "Plans": [{"Node Type": "Nested Loop", "Parent Relationship": "Outer", "Join Type": "Inner", "Startup Cost": 4841.46, "Total Cost": 164989.07, "Plan Rows": 44, "Plan Width": 79, "Actual Startup Time": 434.367, "Actual Total Time": 1787.781, "Actual Rows": 4808, "Actual Loops": 1, "Inner Unique": false, "Join Filter": "(t.id = mk.movie_id)", "Rows Removed by Join Filter": 0, "Plans": [{"Node Type": "Nested Loop", "Parent Relationship": "Outer", "Join Type": "Inner", "Startup Cost": 4841.46, "Total Cost": 164985.69, "Plan Rows": 6, "Plan Width": 71, "Actual Startup Time": 434.335, "Actual Total Time": 1774.742, "Actual Rows": 1488, "Actual Loops": 1, "Inner Unique": true, "Plans": [{"Node Type": "Nested Loop", "Parent Relationship": "Outer", "Join Type": "Inner", "Startup Cost": 4841.46, "Total Cost": 164982.89, "Plan Rows": 10, "Plan Width": 75, "Actual Startup Time": 434.309, "Actual Total Time": 1769.05, "Actual Rows": 2647, "Actual Loops": 1, "Inner Unique": true, "Plans": [{"Node Type": "Nested Loop", "Parent Relationship": "Outer", "Join Type": "Inner", "Startup Cost": 4841.46, "Total Cost": 164979.44, "Plan Rows": 12, "Plan Width": 79, "Actual Startup Time": 434.278, "Actual Total Time": 1750.523, "Actual Rows": 2884, "Actual Loops": 1, "Inner Unique": false, "Plans": [{"Node Type": "Nested Loop", "Parent Relationship": "Outer", "Join Type": "Inner", "Startup Cost": 4841.46, "Total Cost": 164977.23, "Plan Rows": 6, "Plan Width": 67, "Actual Startup Time": 434.257, "Actual Total Time": 1734.851, "Actual Rows": 1782, "Actual Loops": 1, "Inner Unique": true, "Plans": [{"Node Type": "Nested Loop", "Parent Relationship": "Outer", "Join Type": "Inner", "Startup Cost": 4841.46, "Total Cost": 164944.29, "Plan Rows": 4, "Plan Width": 46, "Actual Startup Time": 434.212, "Actual Total Time": 1719.506, "Actual Rows": 1783, "Actual Loops": 1, "Inner Unique": false, "Plans": [{"Node Type": "Seq Scan", "Parent Relationship": "Outer", "Relation Name": "info_type", "Alias": "it1", "Startup Cost": 0.0, "Total Cost": 2.4, "Plan Rows": 1, "Plan Width": 4, "Actual Startup Time": 0.041, "Actual Total Time": 0.083, "Actual Rows": 1, "Actual Loops": 1, "Filter": "((info)::text = 'release dates'::text)", "Rows Removed by Filter": 111}, {"Node Type": "Bitmap Heap Scan", "Parent Relationship": "Inner", "Relation Name": "movie_info", "Alias": "mi", "Startup Cost": 4841.46, "Total Cost": 164941.85, "Plan Rows": 4, "Plan Width": 50, "Actual Startup Time": 434.161, "Actual Total Time": 1718.801, "Actual Rows": 1783, "Actual Loops": 1, "Recheck Cond": "(info_type_id = it1.id)", "Rows Removed by Index Recheck": 0, "Filter": "((info IS NOT NULL) AND ((note)::text ~~ '%internet%'::text) AND (((info)::text ~~ 'USA:% 199%'::text) OR ((info)::text ~~ 'USA:% 200%'::text)))", "Rows Removed by Filter": 3034936, "Exact Heap Blocks": 21947, "Lossy Heap Blocks": 21947, "Plans": [{"Node Type": "Bitmap Index Scan", "Parent Relationship": "Outer", "Index Name": "info_type_id_movie_info", "Startup Cost": 0.0, "Total Cost": 4841.46, "Plan Rows": 212428, "Plan Width": 0, "Actual Startup Time": 428.493, "Actual Total Time": 428.493, "Actual Rows": 3036719, "Actual Loops": 1, "Index Cond": "(info_type_id = it1.id)"}]}]}, {"Node Type": "Index Scan", "Parent Relationship": "Inner", "Scan Direction": "Forward", "Index Name": "title_pkey", "Relation Name": "title", "Alias": "t", "Startup Cost": 0.0, "Total Cost": 8.23, "Plan Rows": 1, "Plan Width": 21, "Actual Startup Time": 12.8, "Actual Total Time": 12.8, "Actual Rows": 1782, "Actual Loops": 1783, "Index Cond": "(id = mi.movie_id)", "Rows Removed by Index Recheck": 0, "Filter": "(production_year > 1990)", "Rows Removed by Filter": 1}]}, {"Node Type": "Index Scan", "Parent Relationship": "Inner", "Scan Direction": "Forward", "Index Name": "movie_id_movie_companies", "Relation Name": "movie_companies", "Alias": "mc", "Startup Cost": 0.0, "Total Cost": 0.35, "Plan Rows": 2, "Plan Width": 12, "Actual Startup Time": 10.685, "Actual Total Time": 13.65, "Actual Rows": 2884, "Actual Loops": 1782, "Index Cond": "(movie_id = t.id)", "Rows Removed by Index Recheck": 0}]}, {"Node Type": "Index Scan", "Parent Relationship": "Inner", "Scan Direction": "Forward", "Index Name": "company_name_pkey", "Relation Name": "company_name", "Alias": "cn", "Startup Cost": 0.0, "Total Cost": 0.28, "Plan Rows": 1, "Plan Width": 4, "Actual Startup Time": 15.736, "Actual Total Time": 15.736, "Actual Rows": 2647, "Actual Loops": 2884, "Index Cond": "(id = mc.company_id)", "Rows Removed by Index Recheck": 0, "Filter": "((country_code)::text = '[us]'::text)", "Rows Removed by Filter": 237}]}, {"Node Type": "Index Scan", "Parent Relationship": "Inner", "Scan Direction": "Forward", "Index Name": "company_type_pkey", "Relation Name": "company_type", "Alias": "ct", "Startup Cost": 0.0, "Total Cost": 0.27, "Plan Rows": 1, "Plan Width": 4, "Actual Startup Time": 3.394, "Actual Total Time": 3.394, "Actual Rows": 1488, "Actual Loops": 2647, "Index Cond": "(id = mc.company_type_id)", "Rows Removed by Index Recheck": 0}]}, {"Node Type": "Index Scan", "Parent Relationship": "Inner", "Scan Direction": "Forward", "Index Name": "movie_id_movie_keyword", "Relation Name": "movie_keyword", "Alias": "mk", "Startup Cost": 0.0, "Total Cost": 0.46, "Plan Rows": 8, "Plan Width": 8, "Actual Startup Time": 7.797, "Actual Total Time": 9.981, "Actual Rows": 4808, "Actual Loops": 1488, "Index Cond": "(movie_id = mc.movie_id)", "Rows Removed by Index Recheck": 0}]}, {"Node Type": "Index Scan", "Parent Relationship": "Inner", "Scan Direction": "Forward", "Index Name": "keyword_pkey", "Relation Name": "keyword", "Alias": "k", "Startup Cost": 0.0, "Total Cost": 0.27, "Plan Rows": 1, "Plan Width": 4, "Actual Startup Time": 21.174, "Actual Total Time": 21.174, "Actual Rows": 4808, "Actual Loops": 4808, "Index Cond": "(id = mk.keyword_id)", "Rows Removed by Index Recheck": 0}]}, {"Node Type": "Index Scan", "Parent Relationship": "Inner", "Scan Direction": "Forward", "Index Name": "movie_id_aka_title", "Relation Name": "aka_title", "Alias": "at", "Startup Cost": 0.0, "Total Cost": 0.32, "Plan Rows": 3, "Plan Width": 4, "Actual Startup Time": 11.238, "Actual Total Time": 11.779, "Actual Rows": 1140, "Actual Loops": 4808, "Index Cond": "(movie_id = mk.movie_id)", "Rows Removed by Index Recheck": 0}]}]}, "Triggers": [], "Planner Runtime": 128.756, "Total Runtime": 1830.126, "Unique SQL Id": 2846462052}}, "(1, 85)": {"explain_plan": {"Plan": {"Node Type": "Aggregate", "Strategy": "Plain", "Startup Cost": 165029.47, "Total Cost": 165029.48, "Plan Rows": 1, "Plan Width": 123, "Plans": [{"Node Type": "Nested Loop", "Parent Relationship": "Outer", "Join Type": "Inner", "Startup Cost": 4841.46, "Total Cost": 165028.8, "Plan Rows": 134, "Plan Width": 59, "Inner Unique": false, "Join Filter": "(t.id = at.movie_id)", "Plans": [{"Node Type": "Nested Loop", "Parent Relationship": "Outer", "Join Type": "Inner", "Startup Cost": 4841.46, "Total Cost": 165013.23, "Plan Rows": 44, "Plan Width": 75, "Inner Unique": true, "Plans": [{"Node Type": "Nested Loop", "Parent Relationship": "Outer", "Join Type": "Inner", "Startup Cost": 4841.46, "Total Cost": 165000.88, "Plan Rows": 44, "Plan Width": 79, "Inner Unique": false, "Join Filter": "(t.id = mk.movie_id)", "Plans": [{"Node Type": "Nested Loop", "Parent Relationship": "Outer", "Join Type": "Inner", "Startup Cost": 4841.46, "Total Cost": 164997.5, "Plan Rows": 6, "Plan Width": 71, "Inner Unique": true, "Plans": [{"Node Type": "Nested Loop", "Parent Relationship": "Outer", "Join Type": "Inner", "Startup Cost": 4841.46, "Total Cost": 164994.7, "Plan Rows": 10, "Plan Width": 75, "Inner Unique": true, "Plans": [{"Node Type": "Nested Loop", "Parent Relationship": "Outer", "Join Type": "Inner", "Startup Cost": 4841.46, "Total Cost": 164991.25, "Plan Rows": 12, "Plan Width": 79, "Inner Unique": false, "Plans": [{"Node Type": "Nested Loop", "Parent Relationship": "Outer", "Join Type": "Inner", "Startup Cost": 4841.46, "Total Cost": 164989.04, "Plan Rows": 6, "Plan Width": 67, "Inner Unique": true, "Plans": [{"Node Type": "Nested Loop", "Parent Relationship": "Outer", "Join Type": "Inner", "Startup Cost": 4841.46, "Total Cost": 164956.1, "Plan Rows": 4, "Plan Width": 46, "Inner Unique": false, "Plans": [{"Node Type": "Index Scan", "Parent Relationship": "Outer", "Scan Direction": "Forward", "Index Name": "info_type_pkey", "Relation Name": "info_type", "Alias": "it1", "Startup Cost": 0.0, "Total Cost": 14.21, "Plan Rows": 1, "Plan Width": 4, "Filter": "((info)::text = 'release dates'::text)"}, {"Node Type": "Bitmap Heap Scan", "Parent Relationship": "Inner", "Relation Name": "movie_info", "Alias": "mi", "Startup Cost": 4841.46, "Total Cost": 164941.85, "Plan Rows": 4, "Plan Width": 50, "Recheck Cond": "(info_type_id = it1.id)", "Filter": "((info IS NOT NULL) AND ((note)::text ~~ '%internet%'::text) AND (((info)::text ~~ 'USA:% 199%'::text) OR ((info)::text ~~ 'USA:% 200%'::text)))", "Plans": [{"Node Type": "Bitmap Index Scan", "Parent Relationship": "Outer", "Index Name": "info_type_id_movie_info", "Startup Cost": 0.0, "Total Cost": 4841.46, "Plan Rows": 212428, "Plan Width": 0, "Index Cond": "(info_type_id = it1.id)"}]}]}, {"Node Type": "Index Scan", "Parent Relationship": "Inner", "Scan Direction": "Forward", "Index Name": "title_pkey", "Relation Name": "title", "Alias": "t", "Startup Cost": 0.0, "Total Cost": 8.23, "Plan Rows": 1, "Plan Width": 21, "Index Cond": "(id = mi.movie_id)", "Filter": "(production_year > 1990)"}]}, {"Node Type": "Index Scan", "Parent Relationship": "Inner", "Scan Direction": "Forward", "Index Name": "movie_id_movie_companies", "Relation Name": "movie_companies", "Alias": "mc", "Startup Cost": 0.0, "Total Cost": 0.35, "Plan Rows": 2, "Plan Width": 12, "Index Cond": "(movie_id = t.id)"}]}, {"Node Type": "Index Scan", "Parent Relationship": "Inner", "Scan Direction": "Forward", "Index Name": "company_name_pkey", "Relation Name": "company_name", "Alias": "cn", "Startup Cost": 0.0, "Total Cost": 0.28, "Plan Rows": 1, "Plan Width": 4, "Index Cond": "(id = mc.company_id)", "Filter": "((country_code)::text = '[us]'::text)"}]}, {"Node Type": "Index Scan", "Parent Relationship": "Inner", "Scan Direction": "Forward", "Index Name": "company_type_pkey", "Relation Name": "company_type", "Alias": "ct", "Startup Cost": 0.0, "Total Cost": 0.27, "Plan Rows": 1, "Plan Width": 4, "Index Cond": "(id = mc.company_type_id)"}]}, {"Node Type": "Index Scan", "Parent Relationship": "Inner", "Scan Direction": "Forward", "Index Name": "movie_id_movie_keyword", "Relation Name": "movie_keyword", "Alias": "mk", "Startup Cost": 0.0, "Total Cost": 0.46, "Plan Rows": 8, "Plan Width": 8, "Index Cond": "(movie_id = mc.movie_id)"}]}, {"Node Type": "Index Scan", "Parent Relationship": "Inner", "Scan Direction": "Forward", "Index Name": "keyword_pkey", "Relation Name": "keyword", "Alias": "k", "Startup Cost": 0.0, "Total Cost": 0.27, "Plan Rows": 1, "Plan Width": 4, "Index Cond": "(id = mk.keyword_id)"}]}, {"Node Type": "Index Scan", "Parent Relationship": "Inner", "Scan Direction": "Forward", "Index Name": "movie_id_aka_title", "Relation Name": "aka_title", "Alias": "at", "Startup Cost": 0.0, "Total Cost": 0.32, "Plan Rows": 3, "Plan Width": 4, "Index Cond": "(movie_id = mk.movie_id)"}]}]}, "Unique SQL Id": 2846462052}, "explain_analyze_plan": {"Plan": {"Node Type": "Aggregate", "Strategy": "Plain", "Startup Cost": 165029.47, "Total Cost": 165029.48, "Plan Rows": 1, "Plan Width": 123, "Actual Startup Time": 1834.627, "Actual Total Time": 1834.627, "Actual Rows": 1, "Actual Loops": 1, "Plans": [{"Node Type": "Nested Loop", "Parent Relationship": "Outer", "Join Type": "Inner", "Startup Cost": 4841.46, "Total Cost": 165028.8, "Plan Rows": 134, "Plan Width": 59, "Actual Startup Time": 431.455, "Actual Total Time": 1833.736, "Actual Rows": 1140, "Actual Loops": 1, "Inner Unique": false, "Join Filter": "(t.id = at.movie_id)", "Rows Removed by Join Filter": 0, "Plans": [{"Node Type": "Nested Loop", "Parent Relationship": "Outer", "Join Type": "Inner", "Startup Cost": 4841.46, "Total Cost": 165013.23, "Plan Rows": 44, "Plan Width": 75, "Actual Startup Time": 383.562, "Actual Total Time": 1818.638, "Actual Rows": 4808, "Actual Loops": 1, "Inner Unique": true, "Plans": [{"Node Type": "Nested Loop", "Parent Relationship": "Outer", "Join Type": "Inner", "Startup Cost": 4841.46, "Total Cost": 165000.88, "Plan Rows": 44, "Plan Width": 79, "Actual Startup Time": 383.548, "Actual Total Time": 1794.909, "Actual Rows": 4808, "Actual Loops": 1, "Inner Unique": false, "Join Filter": "(t.id = mk.movie_id)", "Rows Removed by Join Filter": 0, "Plans": [{"Node Type": "Nested Loop", "Parent Relationship": "Outer", "Join Type": "Inner", "Startup Cost": 4841.46, "Total Cost": 164997.5, "Plan Rows": 6, "Plan Width": 71, "Actual Startup Time": 383.53, "Actual Total Time": 1781.383, "Actual Rows": 1488, "Actual Loops": 1, "Inner Unique": true, "Plans": [{"Node Type": "Nested Loop", "Parent Relationship": "Outer", "Join Type": "Inner", "Startup Cost": 4841.46, "Total Cost": 164994.7, "Plan Rows": 10, "Plan Width": 75, "Actual Startup Time": 383.51, "Actual Total Time": 1775.553, "Actual Rows": 2647, "Actual Loops": 1, "Inner Unique": true, "Plans": [{"Node Type": "Nested Loop", "Parent Relationship": "Outer", "Join Type": "Inner", "Startup Cost": 4841.46, "Total Cost": 164991.25, "Plan Rows": 12, "Plan Width": 79, "Actual Startup Time": 383.492, "Actual Total Time": 1756.711, "Actual Rows": 2884, "Actual Loops": 1, "Inner Unique": false, "Plans": [{"Node Type": "Nested Loop", "Parent Relationship": "Outer", "Join Type": "Inner", "Startup Cost": 4841.46, "Total Cost": 164989.04, "Plan Rows": 6, "Plan Width": 67, "Actual Startup Time": 383.478, "Actual Total Time": 1740.186, "Actual Rows": 1782, "Actual Loops": 1, "Inner Unique": true, "Plans": [{"Node Type": "Nested Loop", "Parent Relationship": "Outer", "Join Type": "Inner", "Startup Cost": 4841.46, "Total Cost": 164956.1, "Plan Rows": 4, "Plan Width": 46, "Actual Startup Time": 383.429, "Actual Total Time": 1724.103, "Actual Rows": 1783, "Actual Loops": 1, "Inner Unique": false, "Plans": [{"Node Type": "Index Scan", "Parent Relationship": "Outer", "Scan Direction": "Forward", "Index Name": "info_type_pkey", "Relation Name": "info_type", "Alias": "it1", "Startup Cost": 0.0, "Total Cost": 14.21, "Plan Rows": 1, "Plan Width": 4, "Actual Startup Time": 0.04, "Actual Total Time": 0.094, "Actual Rows": 1, "Actual Loops": 1, "Filter": "((info)::text = 'release dates'::text)", "Rows Removed by Filter": 111}, {"Node Type": "Bitmap Heap Scan", "Parent Relationship": "Inner", "Relation Name": "movie_info", "Alias": "mi", "Startup Cost": 4841.46, "Total Cost": 164941.85, "Plan Rows": 4, "Plan Width": 50, "Actual Startup Time": 383.379, "Actual Total Time": 1723.405, "Actual Rows": 1783, "Actual Loops": 1, "Recheck Cond": "(info_type_id = it1.id)", "Rows Removed by Index Recheck": 0, "Filter": "((info IS NOT NULL) AND ((note)::text ~~ '%internet%'::text) AND (((info)::text ~~ 'USA:% 199%'::text) OR ((info)::text ~~ 'USA:% 200%'::text)))", "Rows Removed by Filter": 3034936, "Exact Heap Blocks": 21947, "Lossy Heap Blocks": 21947, "Plans": [{"Node Type": "Bitmap Index Scan", "Parent Relationship": "Outer", "Index Name": "info_type_id_movie_info", "Startup Cost": 0.0, "Total Cost": 4841.46, "Plan Rows": 212428, "Plan Width": 0, "Actual Startup Time": 378.011, "Actual Total Time": 378.011, "Actual Rows": 3036719, "Actual Loops": 1, "Index Cond": "(info_type_id = it1.id)"}]}]}, {"Node Type": "Index Scan", "Parent Relationship": "Inner", "Scan Direction": "Forward", "Index Name": "title_pkey", "Relation Name": "title", "Alias": "t", "Startup Cost": 0.0, "Total Cost": 8.23, "Plan Rows": 1, "Plan Width": 21, "Actual Startup Time": 13.556, "Actual Total Time": 13.556, "Actual Rows": 1782, "Actual Loops": 1783, "Index Cond": "(id = mi.movie_id)", "Rows Removed by Index Recheck": 0, "Filter": "(production_year > 1990)", "Rows Removed by Filter": 1}]}, {"Node Type": "Index Scan", "Parent Relationship": "Inner", "Scan Direction": "Forward", "Index Name": "movie_id_movie_companies", "Relation Name": "movie_companies", "Alias": "mc", "Startup Cost": 0.0, "Total Cost": 0.35, "Plan Rows": 2, "Plan Width": 12, "Actual Startup Time": 11.386, "Actual Total Time": 14.42, "Actual Rows": 2884, "Actual Loops": 1782, "Index Cond": "(movie_id = t.id)", "Rows Removed by Index Recheck": 0}]}, {"Node Type": "Index Scan", "Parent Relationship": "Inner", "Scan Direction": "Forward", "Index Name": "company_name_pkey", "Relation Name": "company_name", "Alias": "cn", "Startup Cost": 0.0, "Total Cost": 0.28, "Plan Rows": 1, "Plan Width": 4, "Actual Startup Time": 15.918, "Actual Total Time": 15.918, "Actual Rows": 2647, "Actual Loops": 2884, "Index Cond": "(id = mc.company_id)", "Rows Removed by Index Recheck": 0, "Filter": "((country_code)::text = '[us]'::text)", "Rows Removed by Filter": 237}]}, {"Node Type": "Index Scan", "Parent Relationship": "Inner", "Scan Direction": "Forward", "Index Name": "company_type_pkey", "Relation Name": "company_type", "Alias": "ct", "Startup Cost": 0.0, "Total Cost": 0.27, "Plan Rows": 1, "Plan Width": 4, "Actual Startup Time": 3.436, "Actual Total Time": 3.436, "Actual Rows": 1488, "Actual Loops": 2647, "Index Cond": "(id = mc.company_type_id)", "Rows Removed by Index Recheck": 0}]}, {"Node Type": "Index Scan", "Parent Relationship": "Inner", "Scan Direction": "Forward", "Index Name": "movie_id_movie_keyword", "Relation Name": "movie_keyword", "Alias": "mk", "Startup Cost": 0.0, "Total Cost": 0.46, "Plan Rows": 8, "Plan Width": 8, "Actual Startup Time": 8.174, "Actual Total Time": 10.282, "Actual Rows": 4808, "Actual Loops": 1488, "Index Cond": "(movie_id = mc.movie_id)", "Rows Removed by Index Recheck": 0}]}, {"Node Type": "Index Scan", "Parent Relationship": "Inner", "Scan Direction": "Forward", "Index Name": "keyword_pkey", "Relation Name": "keyword", "Alias": "k", "Startup Cost": 0.0, "Total Cost": 0.27, "Plan Rows": 1, "Plan Width": 4, "Actual Startup Time": 19.766, "Actual Total Time": 19.766, "Actual Rows": 4808, "Actual Loops": 4808, "Index Cond": "(id = mk.keyword_id)", "Rows Removed by Index Recheck": 0}]}, {"Node Type": "Index Scan", "Parent Relationship": "Inner", "Scan Direction": "Forward", "Index Name": "movie_id_aka_title", "Relation Name": "aka_title", "Alias": "at", "Startup Cost": 0.0, "Total Cost": 0.32, "Plan Rows": 3, "Plan Width": 4, "Actual Startup Time": 11.387, "Actual Total Time": 11.961, "Actual Rows": 1140, "Actual Loops": 4808, "Index Cond": "(movie_id = mk.movie_id)", "Rows Removed by Index Recheck": 0}]}]}, "Triggers": [], "Planner Runtime": 124.493, "Total Runtime": 1835.167, "Unique SQL Id": 2846462052}}, "(1, 86)": {"explain_plan": {"Plan": {"Node Type": "Aggregate", "Strategy": "Plain", "Startup Cost": 166070.48, "Total Cost": 166070.49, "Plan Rows": 1, "Plan Width": 123, "Plans": [{"Node Type": "Nested Loop", "Parent Relationship": "Outer", "Join Type": "Inner", "Startup Cost": 4847.0, "Total Cost": 166069.81, "Plan Rows": 134, "Plan Width": 59, "Inner Unique": true, "Join Filter": "(at.movie_id = t.id)", "Plans": [{"Node Type": "Nested Loop", "Parent Relationship": "Outer", "Join Type": "Inner", "Startup Cost": 4846.73, "Total Cost": 165653.34, "Plan Rows": 97, "Plan Width": 58, "Inner Unique": true, "Plans": [{"Node Type": "Nested Loop", "Parent Relationship": "Outer", "Join Type": "Inner", "Startup Cost": 4846.47, "Total Cost": 165238.16, "Plan Rows": 97, "Plan Width": 62, "Inner Unique": false, "Join Filter": "(at.movie_id = mk.movie_id)", "Plans": [{"Node Type": "Nested Loop", "Parent Relationship": "Outer", "Join Type": "Inner", "Startup Cost": 4846.14, "Total Cost": 165183.7, "Plan Rows": 12, "Plan Width": 54, "Inner Unique": true, "Plans": [{"Node Type": "Nested Loop", "Parent Relationship": "Outer", "Join Type": "Inner", "Startup Cost": 4845.88, "Total Cost": 165132.34, "Plan Rows": 12, "Plan Width": 58, "Inner Unique": true, "Plans": [{"Node Type": "Nested Loop", "Parent Relationship": "Outer", "Join Type": "Inner", "Startup Cost": 4845.62, "Total Cost": 165046.67, "Plan Rows": 20, "Plan Width": 62, "Inner Unique": false, "Plans": [{"Node Type": "Nested Loop", "Parent Relationship": "Outer", "Join Type": "Inner", "Startup Cost": 4845.25, "Total Cost": 165006.92, "Plan Rows": 9, "Plan Width": 50, "Inner Unique": false, "Plans": [{"Node Type": "Nested Loop", "Parent Relationship": "Outer", "Join Type": "Inner", "Startup Cost": 4841.46, "Total Cost": 164944.29, "Plan Rows": 4, "Plan Width": 46, "Inner Unique": false, "Plans": [{"Node Type": "Seq Scan", "Parent Relationship": "Outer", "Relation Name": "info_type", "Alias": "it1", "Startup Cost": 0.0, "Total Cost": 2.4, "Plan Rows": 1, "Plan Width": 4, "Filter": "((info)::text = 'release dates'::text)"}, {"Node Type": "Bitmap Heap Scan", "Parent Relationship": "Inner", "Relation Name": "movie_info", "Alias": "mi", "Startup Cost": 4841.46, "Total Cost": 164941.85, "Plan Rows": 4, "Plan Width": 50, "Recheck Cond": "(info_type_id = it1.id)", "Filter": "((info IS NOT NULL) AND ((note)::text ~~ '%internet%'::text) AND (((info)::text ~~ 'USA:% 199%'::text) OR ((info)::text ~~ 'USA:% 200%'::text)))", "Plans": [{"Node Type": "Bitmap Index Scan", "Parent Relationship": "Outer", "Index Name": "info_type_id_movie_info", "Startup Cost": 0.0, "Total Cost": 4841.46, "Plan Rows": 212428, "Plan Width": 0, "Index Cond": "(info_type_id = it1.id)"}]}]}, {"Node Type": "Bitmap Heap Scan", "Parent Relationship": "Inner", "Relation Name": "aka_title", "Alias": "at", "Startup Cost": 3.79, "Total Cost": 15.63, "Plan Rows": 3, "Plan Width": 4, "Recheck Cond": "(movie_id = mi.movie_id)", "Plans": [{"Node Type": "Bitmap Index Scan", "Parent Relationship": "Outer", "Index Name": "movie_id_aka_title", "Startup Cost": 0.0, "Total Cost": 3.79, "Plan Rows": 3, "Plan Width": 0, "Index Cond": "(movie_id = mi.movie_id)"}]}]}, {"Node Type": "Bitmap Heap Scan", "Parent Relationship": "Inner", "Relation Name": "movie_companies", "Alias": "mc", "Startup Cost": 0.37, "Total Cost": 4.4, "Plan Rows": 2, "Plan Width": 12, "Recheck Cond": "(movie_id = at.movie_id)", "Plans": [{"Node Type": "Bitmap Index Scan", "Parent Relationship": "Outer", "Index Name": "movie_id_movie_companies", "Startup Cost": 0.0, "Total Cost": 0.37, "Plan Rows": 2, "Plan Width": 0, "Index Cond": "(movie_id = at.movie_id)"}]}]}, {"Node Type": "Bitmap Heap Scan", "Parent Relationship": "Inner", "Relation Name": "company_name", "Alias": "cn", "Startup Cost": 0.26, "Total Cost": 4.27, "Plan Rows": 1, "Plan Width": 4, "Recheck Cond": "(id = mc.company_id)", "Filter": "((country_code)::text = '[us]'::text)", "Plans": [{"Node Type": "Bitmap Index Scan", "Parent Relationship": "Outer", "Index Name": "company_name_pkey", "Startup Cost": 0.0, "Total Cost": 0.26, "Plan Rows": 1, "Plan Width": 0, "Index Cond": "(id = mc.company_id)"}]}]}, {"Node Type": "Bitmap Heap Scan", "Parent Relationship": "Inner", "Relation Name": "company_type", "Alias": "ct", "Startup Cost": 0.26, "Total Cost": 4.27, "Plan Rows": 1, "Plan Width": 4, "Recheck Cond": "(id = mc.company_type_id)", "Plans": [{"Node Type": "Bitmap Index Scan", "Parent Relationship": "Outer", "Index Name": "company_type_pkey", "Startup Cost": 0.0, "Total Cost": 0.26, "Plan Rows": 1, "Plan Width": 0, "Index Cond": "(id = mc.company_type_id)"}]}]}, {"Node Type": "Bitmap Heap Scan", "Parent Relationship": "Inner", "Relation Name": "movie_keyword", "Alias": "mk", "Startup Cost": 0.34, "Total Cost": 4.44, "Plan Rows": 8, "Plan Width": 8, "Recheck Cond": "(movie_id = mc.movie_id)", "Plans": [{"Node Type": "Bitmap Index Scan", "Parent Relationship": "Outer", "Index Name": "movie_id_movie_keyword", "Startup Cost": 0.0, "Total Cost": 0.34, "Plan Rows": 8, "Plan Width": 0, "Index Cond": "(movie_id = mc.movie_id)"}]}]}, {"Node Type": "Bitmap Heap Scan", "Parent Relationship": "Inner", "Relation Name": "keyword", "Alias": "k", "Startup Cost": 0.26, "Total Cost": 4.27, "Plan Rows": 1, "Plan Width": 4, "Recheck Cond": "(id = mk.keyword_id)", "Plans": [{"Node Type": "Bitmap Index Scan", "Parent Relationship": "Outer", "Index Name": "keyword_pkey", "Startup Cost": 0.0, "Total Cost": 0.26, "Plan Rows": 1, "Plan Width": 0, "Index Cond": "(id = mk.keyword_id)"}]}]}, {"Node Type": "Bitmap Heap Scan", "Parent Relationship": "Inner", "Relation Name": "title", "Alias": "t", "Startup Cost": 0.27, "Total Cost": 4.28, "Plan Rows": 1, "Plan Width": 21, "Recheck Cond": "(id = mk.movie_id)", "Filter": "(production_year > 1990)", "Plans": [{"Node Type": "Bitmap Index Scan", "Parent Relationship": "Outer", "Index Name": "title_pkey", "Startup Cost": 0.0, "Total Cost": 0.27, "Plan Rows": 1, "Plan Width": 0, "Index Cond": "(id = mk.movie_id)"}]}]}]}, "Unique SQL Id": 2846462052}, "explain_analyze_plan": {"Plan": {"Node Type": "Aggregate", "Strategy": "Plain", "Startup Cost": 166070.48, "Total Cost": 166070.49, "Plan Rows": 1, "Plan Width": 123, "Actual Startup Time": 1892.993, "Actual Total Time": 1892.994, "Actual Rows": 1, "Actual Loops": 1, "Plans": [{"Node Type": "Nested Loop", "Parent Relationship": "Outer", "Join Type": "Inner", "Startup Cost": 4847.0, "Total Cost": 166069.81, "Plan Rows": 134, "Plan Width": 59, "Actual Startup Time": 473.065, "Actual Total Time": 1891.979, "Actual Rows": 1140, "Actual Loops": 1, "Inner Unique": true, "Join Filter": "(at.movie_id = t.id)", "Rows Removed by Join Filter": 0, "Plans": [{"Node Type": "Nested Loop", "Parent Relationship": "Outer", "Join Type": "Inner", "Startup Cost": 4846.73, "Total Cost": 165653.34, "Plan Rows": 97, "Plan Width": 58, "Actual Startup Time": 473.026, "Actual Total Time": 1885.238, "Actual Rows": 1140, "Actual Loops": 1, "Inner Unique": true, "Plans": [{"Node Type": "Nested Loop", "Parent Relationship": "Outer", "Join Type": "Inner", "Startup Cost": 4846.47, "Total Cost": 165238.16, "Plan Rows": 97, "Plan Width": 62, "Actual Startup Time": 472.998, "Actual Total Time": 1876.625, "Actual Rows": 1140, "Actual Loops": 1, "Inner Unique": false, "Join Filter": "(at.movie_id = mk.movie_id)", "Rows Removed by Join Filter": 0, "Plans": [{"Node Type": "Nested Loop", "Parent Relationship": "Outer", "Join Type": "Inner", "Startup Cost": 4846.14, "Total Cost": 165183.7, "Plan Rows": 12, "Plan Width": 54, "Actual Startup Time": 472.957, "Actual Total Time": 1874.324, "Actual Rows": 119, "Actual Loops": 1, "Inner Unique": true, "Plans": [{"Node Type": "Nested Loop", "Parent Relationship": "Outer", "Join Type": "Inner", "Startup Cost": 4845.88, "Total Cost": 165132.34, "Plan Rows": 12, "Plan Width": 58, "Actual Startup Time": 428.549, "Actual Total Time": 1873.182, "Actual Rows": 284, "Actual Loops": 1, "Inner Unique": true, "Plans": [{"Node Type": "Nested Loop", "Parent Relationship": "Outer", "Join Type": "Inner", "Startup Cost": 4845.62, "Total Cost": 165046.67, "Plan Rows": 20, "Plan Width": 62, "Actual Startup Time": 428.48, "Actual Total Time": 1869.305, "Actual Rows": 400, "Actual Loops": 1, "Inner Unique": false, "Plans": [{"Node Type": "Nested Loop", "Parent Relationship": "Outer", "Join Type": "Inner", "Startup Cost": 4845.25, "Total Cost": 165006.92, "Plan Rows": 9, "Plan Width": 50, "Actual Startup Time": 428.448, "Actual Total Time": 1866.74, "Actual Rows": 120, "Actual Loops": 1, "Inner Unique": false, "Plans": [{"Node Type": "Nested Loop", "Parent Relationship": "Outer", "Join Type": "Inner", "Startup Cost": 4841.46, "Total Cost": 164944.29, "Plan Rows": 4, "Plan Width": 46, "Actual Startup Time": 424.184, "Actual Total Time": 1854.331, "Actual Rows": 1783, "Actual Loops": 1, "Inner Unique": false, "Plans": [{"Node Type": "Seq Scan", "Parent Relationship": "Outer", "Relation Name": "info_type", "Alias": "it1", "Startup Cost": 0.0, "Total Cost": 2.4, "Plan Rows": 1, "Plan Width": 4, "Actual Startup Time": 0.06, "Actual Total Time": 0.108, "Actual Rows": 1, "Actual Loops": 1, "Filter": "((info)::text = 'release dates'::text)", "Rows Removed by Filter": 111}, {"Node Type": "Bitmap Heap Scan", "Parent Relationship": "Inner", "Relation Name": "movie_info", "Alias": "mi", "Startup Cost": 4841.46, "Total Cost": 164941.85, "Plan Rows": 4, "Plan Width": 50, "Actual Startup Time": 424.115, "Actual Total Time": 1853.626, "Actual Rows": 1783, "Actual Loops": 1, "Recheck Cond": "(info_type_id = it1.id)", "Rows Removed by Index Recheck": 0, "Filter": "((info IS NOT NULL) AND ((note)::text ~~ '%internet%'::text) AND (((info)::text ~~ 'USA:% 199%'::text) OR ((info)::text ~~ 'USA:% 200%'::text)))", "Rows Removed by Filter": 3034936, "Exact Heap Blocks": 21947, "Lossy Heap Blocks": 21947, "Plans": [{"Node Type": "Bitmap Index Scan", "Parent Relationship": "Outer", "Index Name": "info_type_id_movie_info", "Startup Cost": 0.0, "Total Cost": 4841.46, "Plan Rows": 212428, "Plan Width": 0, "Actual Startup Time": 418.488, "Actual Total Time": 418.488, "Actual Rows": 3036719, "Actual Loops": 1, "Index Cond": "(info_type_id = it1.id)"}]}]}, {"Node Type": "Bitmap Heap Scan", "Parent Relationship": "Inner", "Relation Name": "aka_title", "Alias": "at", "Startup Cost": 3.79, "Total Cost": 15.63, "Plan Rows": 3, "Plan Width": 4, "Actual Startup Time": 9.437, "Actual Total Time": 9.588, "Actual Rows": 120, "Actual Loops": 1783, "Recheck Cond": "(movie_id = mi.movie_id)", "Rows Removed by Index Recheck": 0, "Exact Heap Blocks": 120, "Lossy Heap Blocks": 120, "Plans": [{"Node Type": "Bitmap Index Scan", "Parent Relationship": "Outer", "Index Name": "movie_id_aka_title", "Startup Cost": 0.0, "Total Cost": 3.79, "Plan Rows": 3, "Plan Width": 0, "Actual Startup Time": 7.926, "Actual Total Time": 7.926, "Actual Rows": 120, "Actual Loops": 1783, "Index Cond": "(movie_id = mi.movie_id)"}]}]}, {"Node Type": "Bitmap Heap Scan", "Parent Relationship": "Inner", "Relation Name": "movie_companies", "Alias": "mc", "Startup Cost": 0.37, "Total Cost": 4.4, "Plan Rows": 2, "Plan Width": 12, "Actual Startup Time": 1.714, "Actual Total Time": 2.062, "Actual Rows": 400, "Actual Loops": 120, "Recheck Cond": "(movie_id = at.movie_id)", "Rows Removed by Index Recheck": 0, "Exact Heap Blocks": 214, "Lossy Heap Blocks": 214, "Plans": [{"Node Type": "Bitmap Index Scan", "Parent Relationship": "Outer", "Index Name": "movie_id_movie_companies", "Startup Cost": 0.0, "Total Cost": 0.37, "Plan Rows": 2, "Plan Width": 0, "Actual Startup Time": 1.04, "Actual Total Time": 1.04, "Actual Rows": 400, "Actual Loops": 120, "Index Cond": "(movie_id = at.movie_id)"}]}]}, {"Node Type": "Bitmap Heap Scan", "Parent Relationship": "Inner", "Relation Name": "company_name", "Alias": "cn", "Startup Cost": 0.26, "Total Cost": 4.27, "Plan Rows": 1, "Plan Width": 4, "Actual Startup Time": 3.202, "Actual Total Time": 3.202, "Actual Rows": 284, "Actual Loops": 400, "Recheck Cond": "(id = mc.company_id)", "Rows Removed by Index Recheck": 0, "Filter": "((country_code)::text = '[us]'::text)", "Rows Removed by Filter": 116, "Exact Heap Blocks": 400, "Lossy Heap Blocks": 400, "Plans": [{"Node Type": "Bitmap Index Scan", "Parent Relationship": "Outer", "Index Name": "company_name_pkey", "Startup Cost": 0.0, "Total Cost": 0.26, "Plan Rows": 1, "Plan Width": 0, "Actual Startup Time": 1.742, "Actual Total Time": 1.742, "Actual Rows": 400, "Actual Loops": 400, "Index Cond": "(id = mc.company_id)"}]}]}, {"Node Type": "Bitmap Heap Scan", "Parent Relationship": "Inner", "Relation Name": "company_type", "Alias": "ct", "Startup Cost": 0.26, "Total Cost": 4.27, "Plan Rows": 1, "Plan Width": 4, "Actual Startup Time": 0.663, "Actual Total Time": 0.663, "Actual Rows": 119, "Actual Loops": 284, "Recheck Cond": "(id = mc.company_type_id)", "Rows Removed by Index Recheck": 0, "Exact Heap Blocks": 119, "Lossy Heap Blocks": 119, "Plans": [{"Node Type": "Bitmap Index Scan", "Parent Relationship": "Outer", "Index Name": "company_type_pkey", "Startup Cost": 0.0, "Total Cost": 0.26, "Plan Rows": 1, "Plan Width": 0, "Actual Startup Time": 0.318, "Actual Total Time": 0.318, "Actual Rows": 119, "Actual Loops": 284, "Index Cond": "(id = mc.company_type_id)"}]}]}, {"Node Type": "Bitmap Heap Scan", "Parent Relationship": "Inner", "Relation Name": "movie_keyword", "Alias": "mk", "Startup Cost": 0.34, "Total Cost": 4.44, "Plan Rows": 8, "Plan Width": 8, "Actual Startup Time": 1.383, "Actual Total Time": 1.575, "Actual Rows": 1140, "Actual Loops": 119, "Recheck Cond": "(movie_id = mc.movie_id)", "Rows Removed by Index Recheck": 0, "Exact Heap Blocks": 91, "Lossy Heap Blocks": 91, "Plans": [{"Node Type": "Bitmap Index Scan", "Parent Relationship": "Outer", "Index Name": "movie_id_movie_keyword", "Startup Cost": 0.0, "Total Cost": 0.34, "Plan Rows": 8, "Plan Width": 0, "Actual Startup Time": 0.884, "Actual Total Time": 0.884, "Actual Rows": 1140, "Actual Loops": 119, "Index Cond": "(movie_id = mc.movie_id)"}]}]}, {"Node Type": "Bitmap Heap Scan", "Parent Relationship": "Inner", "Relation Name": "keyword", "Alias": "k", "Startup Cost": 0.26, "Total Cost": 4.27, "Plan Rows": 1, "Plan Width": 4, "Actual Startup Time": 6.916, "Actual Total Time": 6.916, "Actual Rows": 1140, "Actual Loops": 1140, "Recheck Cond": "(id = mk.keyword_id)", "Rows Removed by Index Recheck": 0, "Exact Heap Blocks": 1140, "Lossy Heap Blocks": 1140, "Plans": [{"Node Type": "Bitmap Index Scan", "Parent Relationship": "Outer", "Index Name": "keyword_pkey", "Startup Cost": 0.0, "Total Cost": 0.26, "Plan Rows": 1, "Plan Width": 0, "Actual Startup Time": 4.257, "Actual Total Time": 4.257, "Actual Rows": 1140, "Actual Loops": 1140, "Index Cond": "(id = mk.keyword_id)"}]}]}, {"Node Type": "Bitmap Heap Scan", "Parent Relationship": "Inner", "Relation Name": "title", "Alias": "t", "Startup Cost": 0.27, "Total Cost": 4.28, "Plan Rows": 1, "Plan Width": 21, "Actual Startup Time": 4.967, "Actual Total Time": 4.967, "Actual Rows": 1140, "Actual Loops": 1140, "Recheck Cond": "(id = mk.movie_id)", "Rows Removed by Index Recheck": 0, "Filter": "(production_year > 1990)", "Rows Removed by Filter": 0, "Exact Heap Blocks": 1140, "Lossy Heap Blocks": 1140, "Plans": [{"Node Type": "Bitmap Index Scan", "Parent Relationship": "Outer", "Index Name": "title_pkey", "Startup Cost": 0.0, "Total Cost": 0.27, "Plan Rows": 1, "Plan Width": 0, "Actual Startup Time": 2.983, "Actual Total Time": 2.983, "Actual Rows": 1140, "Actual Loops": 1140, "Index Cond": "(id = mk.movie_id)"}]}]}]}, "Triggers": [], "Planner Runtime": 136.885, "Total Runtime": 1893.497, "Unique SQL Id": 2846462052}}, "(1, 87)": {"explain_plan": {"Plan": {"Node Type": "Aggregate", "Strategy": "Plain", "Startup Cost": 1000003810823.99, "Total Cost": 1000003810824.0, "Plan Rows": 1, "Plan Width": 123, "Plans": [{"Node Type": "Nested Loop", "Parent Relationship": "Outer", "Join Type": "Inner", "Startup Cost": 10000000002.95, "Total Cost": 1000003810823.33, "Plan Rows": 132, "Plan Width": 59, "Inner Unique": true, "Join Filter": "(at.movie_id = t.id)", "Plans": [{"Node Type": "Nested Loop", "Parent Relationship": "Outer", "Join Type": "Inner", "Startup Cost": 10000000002.69, "Total Cost": 1000003810415.45, "Plan Rows": 95, "Plan Width": 58, "Inner Unique": true, "Plans": [{"Node Type": "Nested Loop", "Parent Relationship": "Outer", "Join Type": "Inner", "Startup Cost": 10000000002.43, "Total Cost": 1000003810000.27, "Plan Rows": 97, "Plan Width": 62, "Inner Unique": false, "Join Filter": "(at.movie_id = mk.movie_id)", "Plans": [{"Node Type": "Nested Loop", "Parent Relationship": "Outer", "Join Type": "Inner", "Startup Cost": 10000000002.09, "Total Cost": 1000003809945.81, "Plan Rows": 12, "Plan Width": 54, "Inner Unique": true, "Plans": [{"Node Type": "Nested Loop", "Parent Relationship": "Outer", "Join Type": "Inner", "Startup Cost": 10000000001.84, "Total Cost": 1000003809894.45, "Plan Rows": 12, "Plan Width": 58, "Inner Unique": true, "Plans": [{"Node Type": "Nested Loop", "Parent Relationship": "Outer", "Join Type": "Inner", "Startup Cost": 10000000001.58, "Total Cost": 1000003809808.78, "Plan Rows": 20, "Plan Width": 62, "Inner Unique": false, "Plans": [{"Node Type": "Nested Loop", "Parent Relationship": "Outer", "Join Type": "Inner", "Startup Cost": 10000000001.21, "Total Cost": 1000003809769.03, "Plan Rows": 9, "Plan Width": 50, "Inner Unique": true, "Plans": [{"Node Type": "Nested Loop", "Parent Relationship": "Outer", "Join Type": "Inner", "Startup Cost": 10000000000.92, "Total Cost": 1000003806956.22, "Plan Rows": 652, "Plan Width": 54, "Inner Unique": false, "Plans": [{"Node Type": "Index Scan", "Parent Relationship": "Outer", "Scan Direction": "Forward", "Index Name": "movie_id_aka_title", "Relation Name": "aka_title", "Alias": "at", "Startup Cost": 10000000000.0, "Total Cost": 1000001990001.13, "Plan Rows": 361471, "Plan Width": 4}, {"Node Type": "Bitmap Heap Scan", "Parent Relationship": "Inner", "Relation Name": "movie_info", "Alias": "mi", "Startup Cost": 0.92, "Total Cost": 5.02, "Plan Rows": 1, "Plan Width": 50, "Recheck Cond": "(movie_id = at.movie_id)", "Filter": "((info IS NOT NULL) AND ((note)::text ~~ '%internet%'::text) AND (((info)::text ~~ 'USA:% 199%'::text) OR ((info)::text ~~ 'USA:% 200%'::text)))", "Plans": [{"Node Type": "Bitmap Index Scan", "Parent Relationship": "Outer", "Index Name": "movie_id_movie_info", "Startup Cost": 0.0, "Total Cost": 0.92, "Plan Rows": 5, "Plan Width": 0, "Index Cond": "(movie_id = at.movie_id)"}]}]}, {"Node Type": "Bitmap Heap Scan", "Parent Relationship": "Inner", "Relation Name": "info_type", "Alias": "it1", "Startup Cost": 0.29, "Total Cost": 4.3, "Plan Rows": 1, "Plan Width": 4, "Recheck Cond": "(id = mi.info_type_id)", "Filter": "((info)::text = 'release dates'::text)", "Plans": [{"Node Type": "Bitmap Index Scan", "Parent Relationship": "Outer", "Index Name": "info_type_pkey", "Startup Cost": 0.0, "Total Cost": 0.29, "Plan Rows": 1, "Plan Width": 0, "Index Cond": "(id = mi.info_type_id)"}]}]}, {"Node Type": "Bitmap Heap Scan", "Parent Relationship": "Inner", "Relation Name": "movie_companies", "Alias": "mc", "Startup Cost": 0.37, "Total Cost": 4.4, "Plan Rows": 2, "Plan Width": 12, "Recheck Cond": "(movie_id = at.movie_id)", "Plans": [{"Node Type": "Bitmap Index Scan", "Parent Relationship": "Outer", "Index Name": "movie_id_movie_companies", "Startup Cost": 0.0, "Total Cost": 0.37, "Plan Rows": 2, "Plan Width": 0, "Index Cond": "(movie_id = at.movie_id)"}]}]}, {"Node Type": "Bitmap Heap Scan", "Parent Relationship": "Inner", "Relation Name": "company_name", "Alias": "cn", "Startup Cost": 0.26, "Total Cost": 4.27, "Plan Rows": 1, "Plan Width": 4, "Recheck Cond": "(id = mc.company_id)", "Filter": "((country_code)::text = '[us]'::text)", "Plans": [{"Node Type": "Bitmap Index Scan", "Parent Relationship": "Outer", "Index Name": "company_name_pkey", "Startup Cost": 0.0, "Total Cost": 0.26, "Plan Rows": 1, "Plan Width": 0, "Index Cond": "(id = mc.company_id)"}]}]}, {"Node Type": "Bitmap Heap Scan", "Parent Relationship": "Inner", "Relation Name": "company_type", "Alias": "ct", "Startup Cost": 0.26, "Total Cost": 4.27, "Plan Rows": 1, "Plan Width": 4, "Recheck Cond": "(id = mc.company_type_id)", "Plans": [{"Node Type": "Bitmap Index Scan", "Parent Relationship": "Outer", "Index Name": "company_type_pkey", "Startup Cost": 0.0, "Total Cost": 0.26, "Plan Rows": 1, "Plan Width": 0, "Index Cond": "(id = mc.company_type_id)"}]}]}, {"Node Type": "Bitmap Heap Scan", "Parent Relationship": "Inner", "Relation Name": "movie_keyword", "Alias": "mk", "Startup Cost": 0.34, "Total Cost": 4.44, "Plan Rows": 8, "Plan Width": 8, "Recheck Cond": "(movie_id = mc.movie_id)", "Plans": [{"Node Type": "Bitmap Index Scan", "Parent Relationship": "Outer", "Index Name": "movie_id_movie_keyword", "Startup Cost": 0.0, "Total Cost": 0.34, "Plan Rows": 8, "Plan Width": 0, "Index Cond": "(movie_id = mc.movie_id)"}]}]}, {"Node Type": "Bitmap Heap Scan", "Parent Relationship": "Inner", "Relation Name": "keyword", "Alias": "k", "Startup Cost": 0.26, "Total Cost": 4.27, "Plan Rows": 1, "Plan Width": 4, "Recheck Cond": "(id = mk.keyword_id)", "Plans": [{"Node Type": "Bitmap Index Scan", "Parent Relationship": "Outer", "Index Name": "keyword_pkey", "Startup Cost": 0.0, "Total Cost": 0.26, "Plan Rows": 1, "Plan Width": 0, "Index Cond": "(id = mk.keyword_id)"}]}]}, {"Node Type": "Bitmap Heap Scan", "Parent Relationship": "Inner", "Relation Name": "title", "Alias": "t", "Startup Cost": 0.27, "Total Cost": 4.28, "Plan Rows": 1, "Plan Width": 21, "Recheck Cond": "(id = mk.movie_id)", "Filter": "(production_year > 1990)", "Plans": [{"Node Type": "Bitmap Index Scan", "Parent Relationship": "Outer", "Index Name": "title_pkey", "Startup Cost": 0.0, "Total Cost": 0.27, "Plan Rows": 1, "Plan Width": 0, "Index Cond": "(id = mk.movie_id)"}]}]}]}, "Unique SQL Id": 2846462052}, "explain_analyze_plan": null}, "(1, 88)": {"explain_plan": {"Plan": {"Node Type": "Aggregate", "Strategy": "Plain", "Startup Cost": 408669.26, "Total Cost": 408669.27, "Plan Rows": 1, "Plan Width": 123, "Plans": [{"Node Type": "Nested Loop", "Parent Relationship": "Outer", "Join Type": "Inner", "Startup Cost": 0.0, "Total Cost": 408668.59, "Plan Rows": 134, "Plan Width": 59, "Inner Unique": false, "Plans": [{"Node Type": "Nested Loop", "Parent Relationship": "Outer", "Join Type": "Inner", "Startup Cost": 0.0, "Total Cost": 408653.54, "Plan Rows": 44, "Plan Width": 75, "Inner Unique": true, "Plans": [{"Node Type": "Nested Loop", "Parent Relationship": "Outer", "Join Type": "Inner", "Startup Cost": 0.0, "Total Cost": 408641.22, "Plan Rows": 44, "Plan Width": 79, "Inner Unique": false, "Join Filter": "(t.id = mk.movie_id)", "Plans": [{"Node Type": "Nested Loop", "Parent Relationship": "Outer", "Join Type": "Inner", "Startup Cost": 0.0, "Total Cost": 408637.84, "Plan Rows": 6, "Plan Width": 71, "Inner Unique": true, "Plans": [{"Node Type": "Nested Loop", "Parent Relationship": "Outer", "Join Type": "Inner", "Startup Cost": 0.0, "Total Cost": 408635.04, "Plan Rows": 10, "Plan Width": 75, "Inner Unique": true, "Plans": [{"Node Type": "Nested Loop", "Parent Relationship": "Outer", "Join Type": "Inner", "Startup Cost": 0.0, "Total Cost": 408631.59, "Plan Rows": 12, "Plan Width": 79, "Inner Unique": false, "Plans": [{"Node Type": "Nested Loop", "Parent Relationship": "Outer", "Join Type": "Inner", "Startup Cost": 0.0, "Total Cost": 408629.38, "Plan Rows": 6, "Plan Width": 67, "Inner Unique": true, "Plans": [{"Node Type": "Nested Loop", "Parent Relationship": "Outer", "Join Type": "Inner", "Startup Cost": 0.0, "Total Cost": 408596.44, "Plan Rows": 4, "Plan Width": 46, "Inner Unique": true, "Plans": [{"Node Type": "Seq Scan", "Parent Relationship": "Outer", "Relation Name": "movie_info", "Alias": "mi", "Startup Cost": 0.0, "Total Cost": 408512.41, "Plan Rows": 255, "Plan Width": 50, "Filter": "((info IS NOT NULL) AND ((note)::text ~~ '%internet%'::text) AND (((info)::text ~~ 'USA:% 199%'::text) OR ((info)::text ~~ 'USA:% 200%'::text)))"}, {"Node Type": "Index Scan", "Parent Relationship": "Inner", "Scan Direction": "Forward", "Index Name": "info_type_pkey", "Relation Name": "info_type", "Alias": "it1", "Startup Cost": 0.0, "Total Cost": 0.32, "Plan Rows": 1, "Plan Width": 4, "Index Cond": "(id = mi.info_type_id)", "Filter": "((info)::text = 'release dates'::text)"}]}, {"Node Type": "Index Scan", "Parent Relationship": "Inner", "Scan Direction": "Forward", "Index Name": "title_pkey", "Relation Name": "title", "Alias": "t", "Startup Cost": 0.0, "Total Cost": 8.23, "Plan Rows": 1, "Plan Width": 21, "Index Cond": "(id = mi.movie_id)", "Filter": "(production_year > 1990)"}]}, {"Node Type": "Index Scan", "Parent Relationship": "Inner", "Scan Direction": "Forward", "Index Name": "movie_id_movie_companies", "Relation Name": "movie_companies", "Alias": "mc", "Startup Cost": 0.0, "Total Cost": 0.35, "Plan Rows": 2, "Plan Width": 12, "Index Cond": "(movie_id = t.id)"}]}, {"Node Type": "Index Scan", "Parent Relationship": "Inner", "Scan Direction": "Forward", "Index Name": "company_name_pkey", "Relation Name": "company_name", "Alias": "cn", "Startup Cost": 0.0, "Total Cost": 0.28, "Plan Rows": 1, "Plan Width": 4, "Index Cond": "(id = mc.company_id)", "Filter": "((country_code)::text = '[us]'::text)"}]}, {"Node Type": "Index Only Scan", "Parent Relationship": "Inner", "Scan Direction": "Forward", "Index Name": "company_type_pkey", "Relation Name": "company_type", "Alias": "ct", "Startup Cost": 0.0, "Total Cost": 0.27, "Plan Rows": 1, "Plan Width": 4, "Index Cond": "(id = mc.company_type_id)"}]}, {"Node Type": "Index Scan", "Parent Relationship": "Inner", "Scan Direction": "Forward", "Index Name": "movie_id_movie_keyword", "Relation Name": "movie_keyword", "Alias": "mk", "Startup Cost": 0.0, "Total Cost": 0.46, "Plan Rows": 8, "Plan Width": 8, "Index Cond": "(movie_id = mc.movie_id)"}]}, {"Node Type": "Index Only Scan", "Parent Relationship": "Inner", "Scan Direction": "Forward", "Index Name": "keyword_pkey", "Relation Name": "keyword", "Alias": "k", "Startup Cost": 0.0, "Total Cost": 0.27, "Plan Rows": 1, "Plan Width": 4, "Index Cond": "(id = mk.keyword_id)"}]}, {"Node Type": "Index Only Scan", "Parent Relationship": "Inner", "Scan Direction": "Forward", "Index Name": "movie_id_aka_title", "Relation Name": "aka_title", "Alias": "at", "Startup Cost": 0.0, "Total Cost": 0.31, "Plan Rows": 3, "Plan Width": 4, "Index Cond": "(movie_id = t.id)"}]}]}, "Unique SQL Id": 2846462052}, "explain_analyze_plan": null}, "(1, 89)": {"explain_plan": {"Plan": {"Node Type": "Aggregate", "Strategy": "Plain", "Startup Cost": 496832.72, "Total Cost": 496832.73, "Plan Rows": 1, "Plan Width": 123, "Plans": [{"Node Type": "Nested Loop", "Parent Relationship": "Outer", "Join Type": "Inner", "Startup Cost": 0.0, "Total Cost": 496832.05, "Plan Rows": 134, "Plan Width": 59, "Inner Unique": false, "Plans": [{"Node Type": "Nested Loop", "Parent Relationship": "Outer", "Join Type": "Inner", "Startup Cost": 0.0, "Total Cost": 496817.0, "Plan Rows": 44, "Plan Width": 75, "Inner Unique": true, "Plans": [{"Node Type": "Nested Loop", "Parent Relationship": "Outer", "Join Type": "Inner", "Startup Cost": 0.0, "Total Cost": 496804.68, "Plan Rows": 44, "Plan Width": 79, "Inner Unique": false, "Join Filter": "(t.id = mk.movie_id)", "Plans": [{"Node Type": "Nested Loop", "Parent Relationship": "Outer", "Join Type": "Inner", "Startup Cost": 0.0, "Total Cost": 496801.31, "Plan Rows": 6, "Plan Width": 71, "Inner Unique": true, "Plans": [{"Node Type": "Nested Loop", "Parent Relationship": "Outer", "Join Type": "Inner", "Startup Cost": 0.0, "Total Cost": 496798.51, "Plan Rows": 10, "Plan Width": 75, "Inner Unique": true, "Plans": [{"Node Type": "Nested Loop", "Parent Relationship": "Outer", "Join Type": "Inner", "Startup Cost": 0.0, "Total Cost": 496795.05, "Plan Rows": 12, "Plan Width": 79, "Inner Unique": false, "Plans": [{"Node Type": "Nested Loop", "Parent Relationship": "Outer", "Join Type": "Inner", "Startup Cost": 0.0, "Total Cost": 496792.85, "Plan Rows": 6, "Plan Width": 67, "Inner Unique": true, "Plans": [{"Node Type": "Nested Loop", "Parent Relationship": "Outer", "Join Type": "Inner", "Startup Cost": 0.0, "Total Cost": 496759.91, "Plan Rows": 4, "Plan Width": 46, "Inner Unique": false, "Plans": [{"Node Type": "Index Scan", "Parent Relationship": "Outer", "Scan Direction": "Forward", "Index Name": "info_type_pkey", "Relation Name": "info_type", "Alias": "it1", "Startup Cost": 0.0, "Total Cost": 14.21, "Plan Rows": 1, "Plan Width": 4, "Filter": "((info)::text = 'release dates'::text)"}, {"Node Type": "Index Scan", "Parent Relationship": "Inner", "Scan Direction": "Forward", "Index Name": "info_type_id_movie_info", "Relation Name": "movie_info", "Alias": "mi", "Startup Cost": 0.0, "Total Cost": 496745.66, "Plan Rows": 4, "Plan Width": 50, "Index Cond": "(info_type_id = it1.id)", "Filter": "((info IS NOT NULL) AND ((note)::text ~~ '%internet%'::text) AND (((info)::text ~~ 'USA:% 199%'::text) OR ((info)::text ~~ 'USA:% 200%'::text)))"}]}, {"Node Type": "Index Scan", "Parent Relationship": "Inner", "Scan Direction": "Forward", "Index Name": "title_pkey", "Relation Name": "title", "Alias": "t", "Startup Cost": 0.0, "Total Cost": 8.23, "Plan Rows": 1, "Plan Width": 21, "Index Cond": "(id = mi.movie_id)", "Filter": "(production_year > 1990)"}]}, {"Node Type": "Index Scan", "Parent Relationship": "Inner", "Scan Direction": "Forward", "Index Name": "movie_id_movie_companies", "Relation Name": "movie_companies", "Alias": "mc", "Startup Cost": 0.0, "Total Cost": 0.35, "Plan Rows": 2, "Plan Width": 12, "Index Cond": "(movie_id = t.id)"}]}, {"Node Type": "Index Scan", "Parent Relationship": "Inner", "Scan Direction": "Forward", "Index Name": "company_name_pkey", "Relation Name": "company_name", "Alias": "cn", "Startup Cost": 0.0, "Total Cost": 0.28, "Plan Rows": 1, "Plan Width": 4, "Index Cond": "(id = mc.company_id)", "Filter": "((country_code)::text = '[us]'::text)"}]}, {"Node Type": "Index Only Scan", "Parent Relationship": "Inner", "Scan Direction": "Forward", "Index Name": "company_type_pkey", "Relation Name": "company_type", "Alias": "ct", "Startup Cost": 0.0, "Total Cost": 0.27, "Plan Rows": 1, "Plan Width": 4, "Index Cond": "(id = mc.company_type_id)"}]}, {"Node Type": "Index Scan", "Parent Relationship": "Inner", "Scan Direction": "Forward", "Index Name": "movie_id_movie_keyword", "Relation Name": "movie_keyword", "Alias": "mk", "Startup Cost": 0.0, "Total Cost": 0.46, "Plan Rows": 8, "Plan Width": 8, "Index Cond": "(movie_id = mc.movie_id)"}]}, {"Node Type": "Index Only Scan", "Parent Relationship": "Inner", "Scan Direction": "Forward", "Index Name": "keyword_pkey", "Relation Name": "keyword", "Alias": "k", "Startup Cost": 0.0, "Total Cost": 0.27, "Plan Rows": 1, "Plan Width": 4, "Index Cond": "(id = mk.keyword_id)"}]}, {"Node Type": "Index Only Scan", "Parent Relationship": "Inner", "Scan Direction": "Forward", "Index Name": "movie_id_aka_title", "Relation Name": "aka_title", "Alias": "at", "Startup Cost": 0.0, "Total Cost": 0.31, "Plan Rows": 3, "Plan Width": 4, "Index Cond": "(movie_id = t.id)"}]}]}, "Unique SQL Id": 2846462052}, "explain_analyze_plan": {"Plan": {"Node Type": "Aggregate", "Strategy": "Plain", "Startup Cost": 496832.72, "Total Cost": 496832.73, "Plan Rows": 1, "Plan Width": 123, "Actual Startup Time": 1793.872, "Actual Total Time": 1793.873, "Actual Rows": 1, "Actual Loops": 1, "Plans": [{"Node Type": "Nested Loop", "Parent Relationship": "Outer", "Join Type": "Inner", "Startup Cost": 0.0, "Total Cost": 496832.05, "Plan Rows": 134, "Plan Width": 59, "Actual Startup Time": 63.286, "Actual Total Time": 1792.953, "Actual Rows": 1140, "Actual Loops": 1, "Inner Unique": false, "Plans": [{"Node Type": "Nested Loop", "Parent Relationship": "Outer", "Join Type": "Inner", "Startup Cost": 0.0, "Total Cost": 496817.0, "Plan Rows": 44, "Plan Width": 75, "Actual Startup Time": 0.632, "Actual Total Time": 1779.745, "Actual Rows": 4808, "Actual Loops": 1, "Inner Unique": true, "Plans": [{"Node Type": "Nested Loop", "Parent Relationship": "Outer", "Join Type": "Inner", "Startup Cost": 0.0, "Total Cost": 496804.68, "Plan Rows": 44, "Plan Width": 79, "Actual Startup Time": 0.626, "Actual Total Time": 1762.729, "Actual Rows": 4808, "Actual Loops": 1, "Inner Unique": false, "Join Filter": "(t.id = mk.movie_id)", "Rows Removed by Join Filter": 0, "Plans": [{"Node Type": "Nested Loop", "Parent Relationship": "Outer", "Join Type": "Inner", "Startup Cost": 0.0, "Total Cost": 496801.31, "Plan Rows": 6, "Plan Width": 71, "Actual Startup Time": 0.614, "Actual Total Time": 1750.55, "Actual Rows": 1488, "Actual Loops": 1, "Inner Unique": true, "Plans": [{"Node Type": "Nested Loop", "Parent Relationship": "Outer", "Join Type": "Inner", "Startup Cost": 0.0, "Total Cost": 496798.51, "Plan Rows": 10, "Plan Width": 75, "Actual Startup Time": 0.597, "Actual Total Time": 1745.339, "Actual Rows": 2647, "Actual Loops": 1, "Inner Unique": true, "Plans": [{"Node Type": "Nested Loop", "Parent Relationship": "Outer", "Join Type": "Inner", "Startup Cost": 0.0, "Total Cost": 496795.05, "Plan Rows": 12, "Plan Width": 79, "Actual Startup Time": 0.586, "Actual Total Time": 1728.311, "Actual Rows": 2884, "Actual Loops": 1, "Inner Unique": false, "Plans": [{"Node Type": "Nested Loop", "Parent Relationship": "Outer", "Join Type": "Inner", "Startup Cost": 0.0, "Total Cost": 496792.85, "Plan Rows": 6, "Plan Width": 67, "Actual Startup Time": 0.578, "Actual Total Time": 1714.666, "Actual Rows": 1782, "Actual Loops": 1, "Inner Unique": true, "Plans": [{"Node Type": "Nested Loop", "Parent Relationship": "Outer", "Join Type": "Inner", "Startup Cost": 0.0, "Total Cost": 496759.91, "Plan Rows": 4, "Plan Width": 46, "Actual Startup Time": 0.565, "Actual Total Time": 1701.217, "Actual Rows": 1783, "Actual Loops": 1, "Inner Unique": false, "Plans": [{"Node Type": "Index Scan", "Parent Relationship": "Outer", "Scan Direction": "Forward", "Index Name": "info_type_pkey", "Relation Name": "info_type", "Alias": "it1", "Startup Cost": 0.0, "Total Cost": 14.21, "Plan Rows": 1, "Plan Width": 4, "Actual Startup Time": 0.039, "Actual Total Time": 0.084, "Actual Rows": 1, "Actual Loops": 1, "Filter": "((info)::text = 'release dates'::text)", "Rows Removed by Filter": 111}, {"Node Type": "Index Scan", "Parent Relationship": "Inner", "Scan Direction": "Forward", "Index Name": "info_type_id_movie_info", "Relation Name": "movie_info", "Alias": "mi", "Startup Cost": 0.0, "Total Cost": 496745.66, "Plan Rows": 4, "Plan Width": 50, "Actual Startup Time": 0.521, "Actual Total Time": 1700.415, "Actual Rows": 1783, "Actual Loops": 1, "Index Cond": "(info_type_id = it1.id)", "Rows Removed by Index Recheck": 0, "Filter": "((info IS NOT NULL) AND ((note)::text ~~ '%internet%'::text) AND (((info)::text ~~ 'USA:% 199%'::text) OR ((info)::text ~~ 'USA:% 200%'::text)))", "Rows Removed by Filter": 3034936}]}, {"Node Type": "Index Scan", "Parent Relationship": "Inner", "Scan Direction": "Forward", "Index Name": "title_pkey", "Relation Name": "title", "Alias": "t", "Startup Cost": 0.0, "Total Cost": 8.23, "Plan Rows": 1, "Plan Width": 21, "Actual Startup Time": 10.706, "Actual Total Time": 10.706, "Actual Rows": 1782, "Actual Loops": 1783, "Index Cond": "(id = mi.movie_id)", "Rows Removed by Index Recheck": 0, "Filter": "(production_year > 1990)", "Rows Removed by Filter": 1}]}, {"Node Type": "Index Scan", "Parent Relationship": "Inner", "Scan Direction": "Forward", "Index Name": "movie_id_movie_companies", "Relation Name": "movie_companies", "Alias": "mc", "Startup Cost": 0.0, "Total Cost": 0.35, "Plan Rows": 2, "Plan Width": 12, "Actual Startup Time": 8.865, "Actual Total Time": 11.424, "Actual Rows": 2884, "Actual Loops": 1782, "Index Cond": "(movie_id = t.id)", "Rows Removed by Index Recheck": 0}]}, {"Node Type": "Index Scan", "Parent Relationship": "Inner", "Scan Direction": "Forward", "Index Name": "company_name_pkey", "Relation Name": "company_name", "Alias": "cn", "Startup Cost": 0.0, "Total Cost": 0.28, "Plan Rows": 1, "Plan Width": 4, "Actual Startup Time": 13.967, "Actual Total Time": 13.967, "Actual Rows": 2647, "Actual Loops": 2884, "Index Cond": "(id = mc.company_id)", "Rows Removed by Index Recheck": 0, "Filter": "((country_code)::text = '[us]'::text)", "Rows Removed by Filter": 237}]}, {"Node Type": "Index Only Scan", "Parent Relationship": "Inner", "Scan Direction": "Forward", "Index Name": "company_type_pkey", "Relation Name": "company_type", "Alias": "ct", "Startup Cost": 0.0, "Total Cost": 0.27, "Plan Rows": 1, "Plan Width": 4, "Actual Startup Time": 2.616, "Actual Total Time": 2.616, "Actual Rows": 1488, "Actual Loops": 2647, "Index Cond": "(id = mc.company_type_id)", "Rows Removed by Index Recheck": 0, "Heap Fetches": 0}]}, {"Node Type": "Index Scan", "Parent Relationship": "Inner", "Scan Direction": "Forward", "Index Name": "movie_id_movie_keyword", "Relation Name": "movie_keyword", "Alias": "mk", "Startup Cost": 0.0, "Total Cost": 0.46, "Plan Rows": 8, "Plan Width": 8, "Actual Startup Time": 6.658, "Actual Total Time": 8.932, "Actual Rows": 4808, "Actual Loops": 1488, "Index Cond": "(movie_id = mc.movie_id)", "Rows Removed by Index Recheck": 0}]}, {"Node Type": "Index Only Scan", "Parent Relationship": "Inner", "Scan Direction": "Forward", "Index Name": "keyword_pkey", "Relation Name": "keyword", "Alias": "k", "Startup Cost": 0.0, "Total Cost": 0.27, "Plan Rows": 1, "Plan Width": 4, "Actual Startup Time": 13.4, "Actual Total Time": 13.4, "Actual Rows": 4808, "Actual Loops": 4808, "Index Cond": "(id = mk.keyword_id)", "Rows Removed by Index Recheck": 0, "Heap Fetches": 0}]}, {"Node Type": "Index Only Scan", "Parent Relationship": "Inner", "Scan Direction": "Forward", "Index Name": "movie_id_aka_title", "Relation Name": "aka_title", "Alias": "at", "Startup Cost": 0.0, "Total Cost": 0.31, "Plan Rows": 3, "Plan Width": 4, "Actual Startup Time": 10.106, "Actual Total Time": 10.401, "Actual Rows": 1140, "Actual Loops": 4808, "Index Cond": "(movie_id = t.id)", "Rows Removed by Index Recheck": 0, "Heap Fetches": 0}]}]}, "Triggers": [], "Planner Runtime": 122.358, "Total Runtime": 1794.185, "Unique SQL Id": 2846462052}}, "(1, 90)": {"explain_plan": {"Plan": {"Node Type": "Aggregate", "Strategy": "Plain", "Startup Cost": 1655664.52, "Total Cost": 1655664.53, "Plan Rows": 1, "Plan Width": 123, "Plans": [{"Node Type": "Merge Join", "Parent Relationship": "Outer", "Join Type": "Inner", "Startup Cost": 1645118.99, "Total Cost": 1655663.85, "Plan Rows": 134, "Plan Width": 59, "Inner Unique": true, "Merge Cond": "(at.movie_id = t.id)", "Plans": [{"Node Type": "Merge Join", "Parent Relationship": "Outer", "Join Type": "Inner", "Startup Cost": 1397392.17, "Total Cost": 1399200.2, "Plan Rows": 97, "Plan Width": 58, "Inner Unique": false, "Merge Cond": "(mi.movie_id = at.movie_id)", "Plans": [{"Node Type": "Sort", "Parent Relationship": "Outer", "Startup Cost": 1354127.02, "Total Cost": 1354127.1, "Plan Rows": 32, "Plan Width": 54, "Sort Key": ["mc.movie_id"], "Plans": [{"Node Type": "Merge Join", "Parent Relationship": "Outer", "Join Type": "Inner", "Startup Cost": 1353455.24, "Total Cost": 1354126.22, "Plan Rows": 32, "Plan Width": 54, "Inner Unique": true, "Merge Cond": "(mk.keyword_id = k.id)", "Plans": [{"Node Type": "Sort", "Parent Relationship": "Outer", "Startup Cost": 1339927.58, "Total Cost": 1339927.66, "Plan Rows": 32, "Plan Width": 58, "Sort Key": ["mk.keyword_id"], "Plans": [{"Node Type": "Merge Join", "Parent Relationship": "Outer", "Join Type": "Inner", "Startup Cost": 1317306.8, "Total Cost": 1339926.78, "Plan Rows": 32, "Plan Width": 58, "Inner Unique": false, "Merge Cond": "(mi.movie_id = mk.movie_id)", "Plans": [{"Node Type": "Sort", "Parent Relationship": "Outer", "Startup Cost": 754764.5, "Total Cost": 754764.51, "Plan Rows": 4, "Plan Width": 50, "Sort Key": ["mc.movie_id"], "Plans": [{"Node Type": "Merge Join", "Parent Relationship": "Outer", "Join Type": "Inner", "Startup Cost": 754764.36, "Total Cost": 754764.46, "Plan Rows": 4, "Plan Width": 50, "Inner Unique": false, "Merge Cond": "(ct.id = mc.company_type_id)", "Plans": [{"Node Type": "Sort", "Parent Relationship": "Outer", "Startup Cost": 1.05, "Total Cost": 1.06, "Plan Rows": 3, "Plan Width": 4, "Sort Key": ["ct.id"], "Plans": [{"Node Type": "Seq Scan", "Parent Relationship": "Outer", "Relation Name": "company_type", "Alias": "ct", "Startup Cost": 0.0, "Total Cost": 1.03, "Plan Rows": 3, "Plan Width": 4}]}, {"Node Type": "Sort", "Parent Relationship": "Inner", "Startup Cost": 754763.29, "Total Cost": 754763.3, "Plan Rows": 7, "Plan Width": 54, "Sort Key": ["mc.company_type_id"], "Plans": [{"Node Type": "Merge Join", "Parent Relationship": "Outer", "Join Type": "Inner", "Startup Cost": 754337.18, "Total Cost": 754763.19, "Plan Rows": 7, "Plan Width": 54, "Inner Unique": true, "Merge Cond": "(mc.company_id = cn.id)", "Plans": [{"Node Type": "Sort", "Parent Relationship": "Outer", "Startup Cost": 741459.14, "Total Cost": 741459.16, "Plan Rows": 9, "Plan Width": 58, "Sort Key": ["mc.company_id"], "Plans": [{"Node Type": "Merge Join", "Parent Relationship": "Outer", "Join Type": "Inner", "Startup Cost": 728413.45, "Total Cost": 741458.99, "Plan Rows": 9, "Plan Width": 58, "Inner Unique": false, "Merge Cond": "(mi.movie_id = mc.movie_id)", "Plans": [{"Node Type": "Sort", "Parent Relationship": "Outer", "Startup Cost": 408526.37, "Total Cost": 408526.38, "Plan Rows": 4, "Plan Width": 46, "Sort Key": ["mi.movie_id"], "Plans": [{"Node Type": "Merge Join", "Parent Relationship": "Outer", "Join Type": "Inner", "Startup Cost": 408525.08, "Total Cost": 408526.33, "Plan Rows": 4, "Plan Width": 46, "Inner Unique": false, "Merge Cond": "(it1.id = mi.info_type_id)", "Plans": [{"Node Type": "Sort", "Parent Relationship": "Outer", "Startup Cost": 2.41, "Total Cost": 2.42, "Plan Rows": 1, "Plan Width": 4, "Sort Key": ["it1.id"], "Plans": [{"Node Type": "Seq Scan", "Parent Relationship": "Outer", "Relation Name": "info_type", "Alias": "it1", "Startup Cost": 0.0, "Total Cost": 2.4, "Plan Rows": 1, "Plan Width": 4, "Filter": "((info)::text = 'release dates'::text)"}]}, {"Node Type": "Sort", "Parent Relationship": "Inner", "Startup Cost": 408522.6, "Total Cost": 408523.24, "Plan Rows": 255, "Plan Width": 50, "Sort Key": ["mi.info_type_id"], "Plans": [{"Node Type": "Seq Scan", "Parent Relationship": "Outer", "Relation Name": "movie_info", "Alias": "mi", "Startup Cost": 0.0, "Total Cost": 408512.41, "Plan Rows": 255, "Plan Width": 50, "Filter": "((info IS NOT NULL) AND ((note)::text ~~ '%internet%'::text) AND (((info)::text ~~ 'USA:% 199%'::text) OR ((info)::text ~~ 'USA:% 200%'::text)))"}]}]}]}, {"Node Type": "Sort", "Parent Relationship": "Inner", "Startup Cost": 319886.87, "Total Cost": 326409.69, "Plan Rows": 2609128, "Plan Width": 12, "Sort Key": ["mc.movie_id"], "Plans": [{"Node Type": "Seq Scan", "Parent Relationship": "Outer", "Relation Name": "movie_companies", "Alias": "mc", "Startup Cost": 0.0, "Total Cost": 41817.28, "Plan Rows": 2609128, "Plan Width": 12}]}]}]}, {"Node Type": "Sort", "Parent Relationship": "Inner", "Startup Cost": 12878.05, "Total Cost": 13090.97, "Plan Rows": 85170, "Plan Width": 4, "Sort Key": ["cn.id"], "Plans": [{"Node Type": "Seq Scan", "Parent Relationship": "Outer", "Relation Name": "company_name", "Alias": "cn", "Startup Cost": 0.0, "Total Cost": 5903.45, "Plan Rows": 85170, "Plan Width": 4, "Filter": "((country_code)::text = '[us]'::text)"}]}]}]}]}]}, {"Node Type": "Sort", "Parent Relationship": "Inner", "Startup Cost": 562542.3, "Total Cost": 573852.12, "Plan Rows": 4523929, "Plan Width": 8, "Sort Key": ["mk.movie_id"], "Plans": [{"Node Type": "Seq Scan", "Parent Relationship": "Outer", "Relation Name": "movie_keyword", "Alias": "mk", "Startup Cost": 0.0, "Total Cost": 62441.29, "Plan Rows": 4523929, "Plan Width": 8}]}]}]}, {"Node Type": "Sort", "Parent Relationship": "Inner", "Startup Cost": 13527.66, "Total Cost": 13863.08, "Plan Rows": 134169, "Plan Width": 4, "Sort Key": ["k.id"], "Plans": [{"Node Type": "Seq Scan", "Parent Relationship": "Outer", "Relation Name": "keyword", "Alias": "k", "Startup Cost": 0.0, "Total Cost": 2100.69, "Plan Rows": 134169, "Plan Width": 4}]}]}]}, {"Node Type": "Sort", "Parent Relationship": "Inner", "Startup Cost": 43264.85, "Total Cost": 44168.52, "Plan Rows": 361471, "Plan Width": 4, "Sort Key": ["at.movie_id"], "Plans": [{"Node Type": "Seq Scan", "Parent Relationship": "Outer", "Relation Name": "aka_title", "Alias": "at", "Startup Cost": 0.0, "Total Cost": 9894.71, "Plan Rows": 361471, "Plan Width": 4}]}]}, {"Node Type": "Sort", "Parent Relationship": "Inner", "Startup Cost": 247726.82, "Total Cost": 252098.92, "Plan Rows": 1748840, "Plan Width": 21, "Sort Key": ["t.id"], "Plans": [{"Node Type": "Seq Scan", "Parent Relationship": "Outer", "Relation Name": "title", "Alias": "t", "Startup Cost": 0.0, "Total Cost": 66389.89, "Plan Rows": 1748840, "Plan Width": 21, "Filter": "(production_year > 1990), (LLVM Optimized)"}]}]}]}, "Unique SQL Id": 2846462052}, "explain_analyze_plan": null}, "(1, 91)": {"explain_plan": {"Plan": {"Node Type": "Aggregate", "Strategy": "Plain", "Startup Cost": 8998374832358.75, "Total Cost": 8998374832358.76, "Plan Rows": 1, "Plan Width": 123, "Plans": [{"Node Type": "Merge Join", "Parent Relationship": "Outer", "Join Type": "Inner", "Startup Cost": 7019543230080.45, "Total Cost": 8998374832358.08, "Plan Rows": 134, "Plan Width": 59, "Inner Unique": true, "Merge Cond": "(at.movie_id = t.id)", "Plans": [{"Node Type": "Merge Join", "Parent Relationship": "Outer", "Join Type": "Inner", "Startup Cost": 7009543230080.45, "Total Cost": 7999377062121.31, "Plan Rows": 97, "Plan Width": 58, "Inner Unique": false, "Merge Cond": "(mi.movie_id = at.movie_id)", "Plans": [{"Node Type": "Sort", "Parent Relationship": "Outer", "Startup Cost": 6999376162584.38, "Total Cost": 6999376162584.53, "Plan Rows": 57, "Plan Width": 54, "Sort Key": ["mc.movie_id"], "Plans": [{"Node Type": "Merge Join", "Parent Relationship": "Outer", "Join Type": "Inner", "Startup Cost": 6009375112229.74, "Total Cost": 6999376162582.72, "Plan Rows": 57, "Plan Width": 54, "Inner Unique": true, "Merge Cond": "(mc.company_id = cn.id)", "Plans": [{"Node Type": "Sort", "Parent Relationship": "Outer", "Startup Cost": 5999375112229.73, "Total Cost": 5999375112229.89, "Plan Rows": 65, "Plan Width": 58, "Sort Key": ["mc.company_id"], "Plans": [{"Node Type": "Merge Join", "Parent Relationship": "Outer", "Join Type": "Inner", "Startup Cost": 5009884039921.67, "Total Cost": 5999375112227.77, "Plan Rows": 65, "Plan Width": 58, "Inner Unique": true, "Merge Cond": "(mk.keyword_id = k.id)", "Plans": [{"Node Type": "Sort", "Parent Relationship": "Outer", "Startup Cost": 4999884039921.67, "Total Cost": 4999884039921.83, "Plan Rows": 65, "Plan Width": 62, "Sort Key": ["mk.keyword_id"], "Plans": [{"Node Type": "Merge Join", "Parent Relationship": "Outer", "Join Type": "Inner", "Startup Cost": 4010026125338.97, "Total Cost": 4999884039919.71, "Plan Rows": 65, "Plan Width": 62, "Inner Unique": false, "Merge Cond": "(mk.movie_id = mi.movie_id)", "Plans": [{"Node Type": "Merge Join", "Parent Relationship": "Outer", "Join Type": "Inner", "Startup Cost": 2010009629732.58, "Total Cost": 2999867520422.16, "Plan Rows": 9556051, "Plan Width": 16, "Inner Unique": false, "Merge Cond": "(mk.movie_id = mc.movie_id)", "Plans": [{"Node Type": "Index Scan", "Parent Relationship": "Outer", "Scan Direction": "Forward", "Index Name": "movie_id_movie_keyword", "Relation Name": "movie_keyword", "Alias": "mk", "Startup Cost": 10000000000.0, "Total Cost": 1000015300634.17, "Plan Rows": 4523929, "Plan Width": 8}, {"Node Type": "Sort", "Parent Relationship": "Inner", "Startup Cost": 2000009629730.2, "Total Cost": 2000009636253.02, "Plan Rows": 2609128, "Plan Width": 8, "Sort Key": ["mc.movie_id"], "Plans": [{"Node Type": "Merge Join", "Parent Relationship": "Outer", "Join Type": "Inner", "Startup Cost": 504554486367.56, "Total Cost": 2000009351660.61, "Plan Rows": 2609128, "Plan Width": 8, "Inner Unique": false, "Merge Cond": "(ct.id = mc.company_type_id)", "Plans": [{"Node Type": "Index Only Scan", "Parent Relationship": "Outer", "Scan Direction": "Forward", "Index Name": "company_type_pkey", "Relation Name": "company_type", "Alias": "ct", "Startup Cost": 10000000000.0, "Total Cost": 1000000000829.5, "Plan Rows": 3, "Plan Width": 4}, {"Node Type": "Index Scan", "Parent Relationship": "Inner", "Scan Direction": "Forward", "Index Name": "company_type_id_movie_companies", "Relation Name": "movie_companies", "Alias": "mc", "Startup Cost": 10000000000.0, "Total Cost": 1000009318217.0, "Plan Rows": 2609128, "Plan Width": 12}]}]}]}, {"Node Type": "Sort", "Parent Relationship": "Inner", "Startup Cost": 2000016495606.39, "Total Cost": 2000016495606.4, "Plan Rows": 4, "Plan Width": 46, "Sort Key": ["mi.movie_id"], "Plans": [{"Node Type": "Nested Loop", "Parent Relationship": "Outer", "Join Type": "Inner", "Startup Cost": 20000004841.46, "Total Cost": 2000016495606.35, "Plan Rows": 4, "Plan Width": 46, "Inner Unique": false, "Plans": [{"Node Type": "Index Scan", "Parent Relationship": "Outer", "Scan Direction": "Forward", "Index Name": "info_type_pkey", "Relation Name": "info_type", "Alias": "it1", "Startup Cost": 10000000000.0, "Total Cost": 1000000001421.0, "Plan Rows": 1, "Plan Width": 4, "Filter": "((info)::text = 'release dates'::text)"}, {"Node Type": "Bitmap Heap Scan", "Parent Relationship": "Inner", "Relation Name": "movie_info", "Alias": "mi", "Startup Cost": 10000004841.46, "Total Cost": 1000016494185.31, "Plan Rows": 4, "Plan Width": 50, "Recheck Cond": "(info_type_id = it1.id)", "Filter": "((info IS NOT NULL) AND ((note)::text ~~ '%internet%'::text) AND (((info)::text ~~ 'USA:% 199%'::text) OR ((info)::text ~~ 'USA:% 200%'::text)))", "Plans": [{"Node Type": "Bitmap Index Scan", "Parent Relationship": "Outer", "Index Name": "info_type_id_movie_info", "Startup Cost": 0.0, "Total Cost": 4841.46, "Plan Rows": 212428, "Plan Width": 0, "Index Cond": "(info_type_id = it1.id)"}]}]}]}]}]}, {"Node Type": "Index Only Scan", "Parent Relationship": "Inner", "Scan Direction": "Forward", "Index Name": "keyword_pkey", "Relation Name": "keyword", "Alias": "k", "Startup Cost": 10000000000.0, "Total Cost": 1000000206078.5, "Plan Rows": 134169, "Plan Width": 4}]}]}, {"Node Type": "Index Scan", "Parent Relationship": "Inner", "Scan Direction": "Forward", "Index Name": "company_name_pkey", "Relation Name": "company_name", "Alias": "cn", "Startup Cost": 10000000000.0, "Total Cost": 1000001050138.97, "Plan Rows": 85170, "Plan Width": 4, "Filter": "((country_code)::text = '[us]'::text)"}]}]}, {"Node Type": "Index Only Scan", "Parent Relationship": "Inner", "Scan Direction": "Forward", "Index Name": "movie_id_aka_title", "Relation Name": "aka_title", "Alias": "at", "Startup Cost": 10000000000.0, "Total Cost": 1000000898631.5, "Plan Rows": 361471, "Plan Width": 4}]}, {"Node Type": "Index Scan", "Parent Relationship": "Inner", "Scan Direction": "Forward", "Index Name": "title_pkey", "Relation Name": "title", "Alias": "t", "Startup Cost": 10000000000.0, "Total Cost": 1000011644126.66, "Plan Rows": 1748840, "Plan Width": 21, "Filter": "(production_year > 1990), (LLVM Optimized)"}]}]}, "Unique SQL Id": 2846462052}, "explain_analyze_plan": null}, "(1, 92)": {"explain_plan": {"Plan": {"Node Type": "Aggregate", "Strategy": "Plain", "Startup Cost": 408669.81, "Total Cost": 408669.82, "Plan Rows": 1, "Plan Width": 123, "Plans": [{"Node Type": "Nested Loop", "Parent Relationship": "Outer", "Join Type": "Inner", "Startup Cost": 0.0, "Total Cost": 408669.14, "Plan Rows": 134, "Plan Width": 59, "Inner Unique": false, "Join Filter": "(t.id = at.movie_id)", "Plans": [{"Node Type": "Nested Loop", "Parent Relationship": "Outer", "Join Type": "Inner", "Startup Cost": 0.0, "Total Cost": 408653.57, "Plan Rows": 44, "Plan Width": 75, "Inner Unique": true, "Plans": [{"Node Type": "Nested Loop", "Parent Relationship": "Outer", "Join Type": "Inner", "Startup Cost": 0.0, "Total Cost": 408641.22, "Plan Rows": 44, "Plan Width": 79, "Inner Unique": false, "Join Filter": "(t.id = mk.movie_id)", "Plans": [{"Node Type": "Nested Loop", "Parent Relationship": "Outer", "Join Type": "Inner", "Startup Cost": 0.0, "Total Cost": 408637.84, "Plan Rows": 6, "Plan Width": 71, "Inner Unique": true, "Plans": [{"Node Type": "Nested Loop", "Parent Relationship": "Outer", "Join Type": "Inner", "Startup Cost": 0.0, "Total Cost": 408635.04, "Plan Rows": 10, "Plan Width": 75, "Inner Unique": true, "Plans": [{"Node Type": "Nested Loop", "Parent Relationship": "Outer", "Join Type": "Inner", "Startup Cost": 0.0, "Total Cost": 408631.59, "Plan Rows": 12, "Plan Width": 79, "Inner Unique": false, "Plans": [{"Node Type": "Nested Loop", "Parent Relationship": "Outer", "Join Type": "Inner", "Startup Cost": 0.0, "Total Cost": 408629.38, "Plan Rows": 6, "Plan Width": 67, "Inner Unique": true, "Plans": [{"Node Type": "Nested Loop", "Parent Relationship": "Outer", "Join Type": "Inner", "Startup Cost": 0.0, "Total Cost": 408596.44, "Plan Rows": 4, "Plan Width": 46, "Inner Unique": true, "Plans": [{"Node Type": "Seq Scan", "Parent Relationship": "Outer", "Relation Name": "movie_info", "Alias": "mi", "Startup Cost": 0.0, "Total Cost": 408512.41, "Plan Rows": 255, "Plan Width": 50, "Filter": "((info IS NOT NULL) AND ((note)::text ~~ '%internet%'::text) AND (((info)::text ~~ 'USA:% 199%'::text) OR ((info)::text ~~ 'USA:% 200%'::text)))"}, {"Node Type": "Index Scan", "Parent Relationship": "Inner", "Scan Direction": "Forward", "Index Name": "info_type_pkey", "Relation Name": "info_type", "Alias": "it1", "Startup Cost": 0.0, "Total Cost": 0.32, "Plan Rows": 1, "Plan Width": 4, "Index Cond": "(id = mi.info_type_id)", "Filter": "((info)::text = 'release dates'::text)"}]}, {"Node Type": "Index Scan", "Parent Relationship": "Inner", "Scan Direction": "Forward", "Index Name": "title_pkey", "Relation Name": "title", "Alias": "t", "Startup Cost": 0.0, "Total Cost": 8.23, "Plan Rows": 1, "Plan Width": 21, "Index Cond": "(id = mi.movie_id)", "Filter": "(production_year > 1990)"}]}, {"Node Type": "Index Scan", "Parent Relationship": "Inner", "Scan Direction": "Forward", "Index Name": "movie_id_movie_companies", "Relation Name": "movie_companies", "Alias": "mc", "Startup Cost": 0.0, "Total Cost": 0.35, "Plan Rows": 2, "Plan Width": 12, "Index Cond": "(movie_id = t.id)"}]}, {"Node Type": "Index Scan", "Parent Relationship": "Inner", "Scan Direction": "Forward", "Index Name": "company_name_pkey", "Relation Name": "company_name", "Alias": "cn", "Startup Cost": 0.0, "Total Cost": 0.28, "Plan Rows": 1, "Plan Width": 4, "Index Cond": "(id = mc.company_id)", "Filter": "((country_code)::text = '[us]'::text)"}]}, {"Node Type": "Index Scan", "Parent Relationship": "Inner", "Scan Direction": "Forward", "Index Name": "company_type_pkey", "Relation Name": "company_type", "Alias": "ct", "Startup Cost": 0.0, "Total Cost": 0.27, "Plan Rows": 1, "Plan Width": 4, "Index Cond": "(id = mc.company_type_id)"}]}, {"Node Type": "Index Scan", "Parent Relationship": "Inner", "Scan Direction": "Forward", "Index Name": "movie_id_movie_keyword", "Relation Name": "movie_keyword", "Alias": "mk", "Startup Cost": 0.0, "Total Cost": 0.46, "Plan Rows": 8, "Plan Width": 8, "Index Cond": "(movie_id = mc.movie_id)"}]}, {"Node Type": "Index Scan", "Parent Relationship": "Inner", "Scan Direction": "Forward", "Index Name": "keyword_pkey", "Relation Name": "keyword", "Alias": "k", "Startup Cost": 0.0, "Total Cost": 0.27, "Plan Rows": 1, "Plan Width": 4, "Index Cond": "(id = mk.keyword_id)"}]}, {"Node Type": "Index Scan", "Parent Relationship": "Inner", "Scan Direction": "Forward", "Index Name": "movie_id_aka_title", "Relation Name": "aka_title", "Alias": "at", "Startup Cost": 0.0, "Total Cost": 0.32, "Plan Rows": 3, "Plan Width": 4, "Index Cond": "(movie_id = mk.movie_id)"}]}]}, "Unique SQL Id": 2846462052}, "explain_analyze_plan": null}, "(1, 93)": {"explain_plan": {"Plan": {"Node Type": "Aggregate", "Strategy": "Plain", "Startup Cost": 496833.27, "Total Cost": 496833.28, "Plan Rows": 1, "Plan Width": 123, "Plans": [{"Node Type": "Nested Loop", "Parent Relationship": "Outer", "Join Type": "Inner", "Startup Cost": 0.0, "Total Cost": 496832.6, "Plan Rows": 134, "Plan Width": 59, "Inner Unique": false, "Join Filter": "(t.id = at.movie_id)", "Plans": [{"Node Type": "Nested Loop", "Parent Relationship": "Outer", "Join Type": "Inner", "Startup Cost": 0.0, "Total Cost": 496817.03, "Plan Rows": 44, "Plan Width": 75, "Inner Unique": true, "Plans": [{"Node Type": "Nested Loop", "Parent Relationship": "Outer", "Join Type": "Inner", "Startup Cost": 0.0, "Total Cost": 496804.68, "Plan Rows": 44, "Plan Width": 79, "Inner Unique": false, "Join Filter": "(t.id = mk.movie_id)", "Plans": [{"Node Type": "Nested Loop", "Parent Relationship": "Outer", "Join Type": "Inner", "Startup Cost": 0.0, "Total Cost": 496801.31, "Plan Rows": 6, "Plan Width": 71, "Inner Unique": true, "Plans": [{"Node Type": "Nested Loop", "Parent Relationship": "Outer", "Join Type": "Inner", "Startup Cost": 0.0, "Total Cost": 496798.51, "Plan Rows": 10, "Plan Width": 75, "Inner Unique": true, "Plans": [{"Node Type": "Nested Loop", "Parent Relationship": "Outer", "Join Type": "Inner", "Startup Cost": 0.0, "Total Cost": 496795.05, "Plan Rows": 12, "Plan Width": 79, "Inner Unique": false, "Plans": [{"Node Type": "Nested Loop", "Parent Relationship": "Outer", "Join Type": "Inner", "Startup Cost": 0.0, "Total Cost": 496792.85, "Plan Rows": 6, "Plan Width": 67, "Inner Unique": true, "Plans": [{"Node Type": "Nested Loop", "Parent Relationship": "Outer", "Join Type": "Inner", "Startup Cost": 0.0, "Total Cost": 496759.91, "Plan Rows": 4, "Plan Width": 46, "Inner Unique": false, "Plans": [{"Node Type": "Index Scan", "Parent Relationship": "Outer", "Scan Direction": "Forward", "Index Name": "info_type_pkey", "Relation Name": "info_type", "Alias": "it1", "Startup Cost": 0.0, "Total Cost": 14.21, "Plan Rows": 1, "Plan Width": 4, "Filter": "((info)::text = 'release dates'::text)"}, {"Node Type": "Index Scan", "Parent Relationship": "Inner", "Scan Direction": "Forward", "Index Name": "info_type_id_movie_info", "Relation Name": "movie_info", "Alias": "mi", "Startup Cost": 0.0, "Total Cost": 496745.66, "Plan Rows": 4, "Plan Width": 50, "Index Cond": "(info_type_id = it1.id)", "Filter": "((info IS NOT NULL) AND ((note)::text ~~ '%internet%'::text) AND (((info)::text ~~ 'USA:% 199%'::text) OR ((info)::text ~~ 'USA:% 200%'::text)))"}]}, {"Node Type": "Index Scan", "Parent Relationship": "Inner", "Scan Direction": "Forward", "Index Name": "title_pkey", "Relation Name": "title", "Alias": "t", "Startup Cost": 0.0, "Total Cost": 8.23, "Plan Rows": 1, "Plan Width": 21, "Index Cond": "(id = mi.movie_id)", "Filter": "(production_year > 1990)"}]}, {"Node Type": "Index Scan", "Parent Relationship": "Inner", "Scan Direction": "Forward", "Index Name": "movie_id_movie_companies", "Relation Name": "movie_companies", "Alias": "mc", "Startup Cost": 0.0, "Total Cost": 0.35, "Plan Rows": 2, "Plan Width": 12, "Index Cond": "(movie_id = t.id)"}]}, {"Node Type": "Index Scan", "Parent Relationship": "Inner", "Scan Direction": "Forward", "Index Name": "company_name_pkey", "Relation Name": "company_name", "Alias": "cn", "Startup Cost": 0.0, "Total Cost": 0.28, "Plan Rows": 1, "Plan Width": 4, "Index Cond": "(id = mc.company_id)", "Filter": "((country_code)::text = '[us]'::text)"}]}, {"Node Type": "Index Scan", "Parent Relationship": "Inner", "Scan Direction": "Forward", "Index Name": "company_type_pkey", "Relation Name": "company_type", "Alias": "ct", "Startup Cost": 0.0, "Total Cost": 0.27, "Plan Rows": 1, "Plan Width": 4, "Index Cond": "(id = mc.company_type_id)"}]}, {"Node Type": "Index Scan", "Parent Relationship": "Inner", "Scan Direction": "Forward", "Index Name": "movie_id_movie_keyword", "Relation Name": "movie_keyword", "Alias": "mk", "Startup Cost": 0.0, "Total Cost": 0.46, "Plan Rows": 8, "Plan Width": 8, "Index Cond": "(movie_id = mc.movie_id)"}]}, {"Node Type": "Index Scan", "Parent Relationship": "Inner", "Scan Direction": "Forward", "Index Name": "keyword_pkey", "Relation Name": "keyword", "Alias": "k", "Startup Cost": 0.0, "Total Cost": 0.27, "Plan Rows": 1, "Plan Width": 4, "Index Cond": "(id = mk.keyword_id)"}]}, {"Node Type": "Index Scan", "Parent Relationship": "Inner", "Scan Direction": "Forward", "Index Name": "movie_id_aka_title", "Relation Name": "aka_title", "Alias": "at", "Startup Cost": 0.0, "Total Cost": 0.32, "Plan Rows": 3, "Plan Width": 4, "Index Cond": "(movie_id = mk.movie_id)"}]}]}, "Unique SQL Id": 2846462052}, "explain_analyze_plan": {"Plan": {"Node Type": "Aggregate", "Strategy": "Plain", "Startup Cost": 496833.27, "Total Cost": 496833.28, "Plan Rows": 1, "Plan Width": 123, "Actual Startup Time": 1812.722, "Actual Total Time": 1812.723, "Actual Rows": 1, "Actual Loops": 1, "Plans": [{"Node Type": "Nested Loop", "Parent Relationship": "Outer", "Join Type": "Inner", "Startup Cost": 0.0, "Total Cost": 496832.6, "Plan Rows": 134, "Plan Width": 59, "Actual Startup Time": 62.824, "Actual Total Time": 1811.749, "Actual Rows": 1140, "Actual Loops": 1, "Inner Unique": false, "Join Filter": "(t.id = at.movie_id)", "Rows Removed by Join Filter": 0, "Plans": [{"Node Type": "Nested Loop", "Parent Relationship": "Outer", "Join Type": "Inner", "Startup Cost": 0.0, "Total Cost": 496817.03, "Plan Rows": 44, "Plan Width": 75, "Actual Startup Time": 0.661, "Actual Total Time": 1797.211, "Actual Rows": 4808, "Actual Loops": 1, "Inner Unique": true, "Plans": [{"Node Type": "Nested Loop", "Parent Relationship": "Outer", "Join Type": "Inner", "Startup Cost": 0.0, "Total Cost": 496804.68, "Plan Rows": 44, "Plan Width": 79, "Actual Startup Time": 0.653, "Actual Total Time": 1774.424, "Actual Rows": 4808, "Actual Loops": 1, "Inner Unique": false, "Join Filter": "(t.id = mk.movie_id)", "Rows Removed by Join Filter": 0, "Plans": [{"Node Type": "Nested Loop", "Parent Relationship": "Outer", "Join Type": "Inner", "Startup Cost": 0.0, "Total Cost": 496801.31, "Plan Rows": 6, "Plan Width": 71, "Actual Startup Time": 0.636, "Actual Total Time": 1762.401, "Actual Rows": 1488, "Actual Loops": 1, "Inner Unique": true, "Plans": [{"Node Type": "Nested Loop", "Parent Relationship": "Outer", "Join Type": "Inner", "Startup Cost": 0.0, "Total Cost": 496798.51, "Plan Rows": 10, "Plan Width": 75, "Actual Startup Time": 0.616, "Actual Total Time": 1756.446, "Actual Rows": 2647, "Actual Loops": 1, "Inner Unique": true, "Plans": [{"Node Type": "Nested Loop", "Parent Relationship": "Outer", "Join Type": "Inner", "Startup Cost": 0.0, "Total Cost": 496795.05, "Plan Rows": 12, "Plan Width": 79, "Actual Startup Time": 0.598, "Actual Total Time": 1739.36, "Actual Rows": 2884, "Actual Loops": 1, "Inner Unique": false, "Plans": [{"Node Type": "Nested Loop", "Parent Relationship": "Outer", "Join Type": "Inner", "Startup Cost": 0.0, "Total Cost": 496792.85, "Plan Rows": 6, "Plan Width": 67, "Actual Startup Time": 0.583, "Actual Total Time": 1725.808, "Actual Rows": 1782, "Actual Loops": 1, "Inner Unique": true, "Plans": [{"Node Type": "Nested Loop", "Parent Relationship": "Outer", "Join Type": "Inner", "Startup Cost": 0.0, "Total Cost": 496759.91, "Plan Rows": 4, "Plan Width": 46, "Actual Startup Time": 0.563, "Actual Total Time": 1712.052, "Actual Rows": 1783, "Actual Loops": 1, "Inner Unique": false, "Plans": [{"Node Type": "Index Scan", "Parent Relationship": "Outer", "Scan Direction": "Forward", "Index Name": "info_type_pkey", "Relation Name": "info_type", "Alias": "it1", "Startup Cost": 0.0, "Total Cost": 14.21, "Plan Rows": 1, "Plan Width": 4, "Actual Startup Time": 0.04, "Actual Total Time": 0.091, "Actual Rows": 1, "Actual Loops": 1, "Filter": "((info)::text = 'release dates'::text)", "Rows Removed by Filter": 111}, {"Node Type": "Index Scan", "Parent Relationship": "Inner", "Scan Direction": "Forward", "Index Name": "info_type_id_movie_info", "Relation Name": "movie_info", "Alias": "mi", "Startup Cost": 0.0, "Total Cost": 496745.66, "Plan Rows": 4, "Plan Width": 50, "Actual Startup Time": 0.515, "Actual Total Time": 1711.3, "Actual Rows": 1783, "Actual Loops": 1, "Index Cond": "(info_type_id = it1.id)", "Rows Removed by Index Recheck": 0, "Filter": "((info IS NOT NULL) AND ((note)::text ~~ '%internet%'::text) AND (((info)::text ~~ 'USA:% 199%'::text) OR ((info)::text ~~ 'USA:% 200%'::text)))", "Rows Removed by Filter": 3034936}]}, {"Node Type": "Index Scan", "Parent Relationship": "Inner", "Scan Direction": "Forward", "Index Name": "title_pkey", "Relation Name": "title", "Alias": "t", "Startup Cost": 0.0, "Total Cost": 8.23, "Plan Rows": 1, "Plan Width": 21, "Actual Startup Time": 10.972, "Actual Total Time": 10.972, "Actual Rows": 1782, "Actual Loops": 1783, "Index Cond": "(id = mi.movie_id)", "Rows Removed by Index Recheck": 0, "Filter": "(production_year > 1990)", "Rows Removed by Filter": 1}]}, {"Node Type": "Index Scan", "Parent Relationship": "Inner", "Scan Direction": "Forward", "Index Name": "movie_id_movie_companies", "Relation Name": "movie_companies", "Alias": "mc", "Startup Cost": 0.0, "Total Cost": 0.35, "Plan Rows": 2, "Plan Width": 12, "Actual Startup Time": 9.043, "Actual Total Time": 11.612, "Actual Rows": 2884, "Actual Loops": 1782, "Index Cond": "(movie_id = t.id)", "Rows Removed by Index Recheck": 0}]}, {"Node Type": "Index Scan", "Parent Relationship": "Inner", "Scan Direction": "Forward", "Index Name": "company_name_pkey", "Relation Name": "company_name", "Alias": "cn", "Startup Cost": 0.0, "Total Cost": 0.28, "Plan Rows": 1, "Plan Width": 4, "Actual Startup Time": 14.158, "Actual Total Time": 14.158, "Actual Rows": 2647, "Actual Loops": 2884, "Index Cond": "(id = mc.company_id)", "Rows Removed by Index Recheck": 0, "Filter": "((country_code)::text = '[us]'::text)", "Rows Removed by Filter": 237}]}, {"Node Type": "Index Scan", "Parent Relationship": "Inner", "Scan Direction": "Forward", "Index Name": "company_type_pkey", "Relation Name": "company_type", "Alias": "ct", "Startup Cost": 0.0, "Total Cost": 0.27, "Plan Rows": 1, "Plan Width": 4, "Actual Startup Time": 3.581, "Actual Total Time": 3.581, "Actual Rows": 1488, "Actual Loops": 2647, "Index Cond": "(id = mc.company_type_id)", "Rows Removed by Index Recheck": 0}]}, {"Node Type": "Index Scan", "Parent Relationship": "Inner", "Scan Direction": "Forward", "Index Name": "movie_id_movie_keyword", "Relation Name": "movie_keyword", "Alias": "mk", "Startup Cost": 0.0, "Total Cost": 0.46, "Plan Rows": 8, "Plan Width": 8, "Actual Startup Time": 6.636, "Actual Total Time": 8.926, "Actual Rows": 4808, "Actual Loops": 1488, "Index Cond": "(movie_id = mc.movie_id)", "Rows Removed by Index Recheck": 0}]}, {"Node Type": "Index Scan", "Parent Relationship": "Inner", "Scan Direction": "Forward", "Index Name": "keyword_pkey", "Relation Name": "keyword", "Alias": "k", "Startup Cost": 0.0, "Total Cost": 0.27, "Plan Rows": 1, "Plan Width": 4, "Actual Startup Time": 18.507, "Actual Total Time": 18.507, "Actual Rows": 4808, "Actual Loops": 4808, "Index Cond": "(id = mk.keyword_id)", "Rows Removed by Index Recheck": 0}]}, {"Node Type": "Index Scan", "Parent Relationship": "Inner", "Scan Direction": "Forward", "Index Name": "movie_id_aka_title", "Relation Name": "aka_title", "Alias": "at", "Startup Cost": 0.0, "Total Cost": 0.32, "Plan Rows": 3, "Plan Width": 4, "Actual Startup Time": 11.006, "Actual Total Time": 11.557, "Actual Rows": 1140, "Actual Loops": 4808, "Index Cond": "(movie_id = mk.movie_id)", "Rows Removed by Index Recheck": 0}]}]}, "Triggers": [], "Planner Runtime": 123.676, "Total Runtime": 1813.311, "Unique SQL Id": 2846462052}}, "(1, 94)": {"explain_plan": {"Plan": {"Node Type": "Aggregate", "Strategy": "Plain", "Startup Cost": 1655664.52, "Total Cost": 1655664.53, "Plan Rows": 1, "Plan Width": 123, "Plans": [{"Node Type": "Merge Join", "Parent Relationship": "Outer", "Join Type": "Inner", "Startup Cost": 1645118.99, "Total Cost": 1655663.85, "Plan Rows": 134, "Plan Width": 59, "Inner Unique": true, "Merge Cond": "(at.movie_id = t.id)", "Plans": [{"Node Type": "Merge Join", "Parent Relationship": "Outer", "Join Type": "Inner", "Startup Cost": 1397392.17, "Total Cost": 1399200.2, "Plan Rows": 97, "Plan Width": 58, "Inner Unique": false, "Merge Cond": "(mi.movie_id = at.movie_id)", "Plans": [{"Node Type": "Sort", "Parent Relationship": "Outer", "Startup Cost": 1354127.02, "Total Cost": 1354127.1, "Plan Rows": 32, "Plan Width": 54, "Sort Key": ["mc.movie_id"], "Plans": [{"Node Type": "Merge Join", "Parent Relationship": "Outer", "Join Type": "Inner", "Startup Cost": 1353455.24, "Total Cost": 1354126.22, "Plan Rows": 32, "Plan Width": 54, "Inner Unique": true, "Merge Cond": "(mk.keyword_id = k.id)", "Plans": [{"Node Type": "Sort", "Parent Relationship": "Outer", "Startup Cost": 1339927.58, "Total Cost": 1339927.66, "Plan Rows": 32, "Plan Width": 58, "Sort Key": ["mk.keyword_id"], "Plans": [{"Node Type": "Merge Join", "Parent Relationship": "Outer", "Join Type": "Inner", "Startup Cost": 1317306.8, "Total Cost": 1339926.78, "Plan Rows": 32, "Plan Width": 58, "Inner Unique": false, "Merge Cond": "(mi.movie_id = mk.movie_id)", "Plans": [{"Node Type": "Sort", "Parent Relationship": "Outer", "Startup Cost": 754764.5, "Total Cost": 754764.51, "Plan Rows": 4, "Plan Width": 50, "Sort Key": ["mc.movie_id"], "Plans": [{"Node Type": "Merge Join", "Parent Relationship": "Outer", "Join Type": "Inner", "Startup Cost": 754764.36, "Total Cost": 754764.46, "Plan Rows": 4, "Plan Width": 50, "Inner Unique": false, "Merge Cond": "(ct.id = mc.company_type_id)", "Plans": [{"Node Type": "Sort", "Parent Relationship": "Outer", "Startup Cost": 1.05, "Total Cost": 1.06, "Plan Rows": 3, "Plan Width": 4, "Sort Key": ["ct.id"], "Plans": [{"Node Type": "Seq Scan", "Parent Relationship": "Outer", "Relation Name": "company_type", "Alias": "ct", "Startup Cost": 0.0, "Total Cost": 1.03, "Plan Rows": 3, "Plan Width": 4}]}, {"Node Type": "Sort", "Parent Relationship": "Inner", "Startup Cost": 754763.29, "Total Cost": 754763.3, "Plan Rows": 7, "Plan Width": 54, "Sort Key": ["mc.company_type_id"], "Plans": [{"Node Type": "Merge Join", "Parent Relationship": "Outer", "Join Type": "Inner", "Startup Cost": 754337.18, "Total Cost": 754763.19, "Plan Rows": 7, "Plan Width": 54, "Inner Unique": true, "Merge Cond": "(mc.company_id = cn.id)", "Plans": [{"Node Type": "Sort", "Parent Relationship": "Outer", "Startup Cost": 741459.14, "Total Cost": 741459.16, "Plan Rows": 9, "Plan Width": 58, "Sort Key": ["mc.company_id"], "Plans": [{"Node Type": "Merge Join", "Parent Relationship": "Outer", "Join Type": "Inner", "Startup Cost": 728413.45, "Total Cost": 741458.99, "Plan Rows": 9, "Plan Width": 58, "Inner Unique": false, "Merge Cond": "(mi.movie_id = mc.movie_id)", "Plans": [{"Node Type": "Sort", "Parent Relationship": "Outer", "Startup Cost": 408526.37, "Total Cost": 408526.38, "Plan Rows": 4, "Plan Width": 46, "Sort Key": ["mi.movie_id"], "Plans": [{"Node Type": "Merge Join", "Parent Relationship": "Outer", "Join Type": "Inner", "Startup Cost": 408525.08, "Total Cost": 408526.33, "Plan Rows": 4, "Plan Width": 46, "Inner Unique": false, "Merge Cond": "(it1.id = mi.info_type_id)", "Plans": [{"Node Type": "Sort", "Parent Relationship": "Outer", "Startup Cost": 2.41, "Total Cost": 2.42, "Plan Rows": 1, "Plan Width": 4, "Sort Key": ["it1.id"], "Plans": [{"Node Type": "Seq Scan", "Parent Relationship": "Outer", "Relation Name": "info_type", "Alias": "it1", "Startup Cost": 0.0, "Total Cost": 2.4, "Plan Rows": 1, "Plan Width": 4, "Filter": "((info)::text = 'release dates'::text)"}]}, {"Node Type": "Sort", "Parent Relationship": "Inner", "Startup Cost": 408522.6, "Total Cost": 408523.24, "Plan Rows": 255, "Plan Width": 50, "Sort Key": ["mi.info_type_id"], "Plans": [{"Node Type": "Seq Scan", "Parent Relationship": "Outer", "Relation Name": "movie_info", "Alias": "mi", "Startup Cost": 0.0, "Total Cost": 408512.41, "Plan Rows": 255, "Plan Width": 50, "Filter": "((info IS NOT NULL) AND ((note)::text ~~ '%internet%'::text) AND (((info)::text ~~ 'USA:% 199%'::text) OR ((info)::text ~~ 'USA:% 200%'::text)))"}]}]}]}, {"Node Type": "Sort", "Parent Relationship": "Inner", "Startup Cost": 319886.87, "Total Cost": 326409.69, "Plan Rows": 2609128, "Plan Width": 12, "Sort Key": ["mc.movie_id"], "Plans": [{"Node Type": "Seq Scan", "Parent Relationship": "Outer", "Relation Name": "movie_companies", "Alias": "mc", "Startup Cost": 0.0, "Total Cost": 41817.28, "Plan Rows": 2609128, "Plan Width": 12}]}]}]}, {"Node Type": "Sort", "Parent Relationship": "Inner", "Startup Cost": 12878.05, "Total Cost": 13090.97, "Plan Rows": 85170, "Plan Width": 4, "Sort Key": ["cn.id"], "Plans": [{"Node Type": "Seq Scan", "Parent Relationship": "Outer", "Relation Name": "company_name", "Alias": "cn", "Startup Cost": 0.0, "Total Cost": 5903.45, "Plan Rows": 85170, "Plan Width": 4, "Filter": "((country_code)::text = '[us]'::text)"}]}]}]}]}]}, {"Node Type": "Sort", "Parent Relationship": "Inner", "Startup Cost": 562542.3, "Total Cost": 573852.12, "Plan Rows": 4523929, "Plan Width": 8, "Sort Key": ["mk.movie_id"], "Plans": [{"Node Type": "Seq Scan", "Parent Relationship": "Outer", "Relation Name": "movie_keyword", "Alias": "mk", "Startup Cost": 0.0, "Total Cost": 62441.29, "Plan Rows": 4523929, "Plan Width": 8}]}]}]}, {"Node Type": "Sort", "Parent Relationship": "Inner", "Startup Cost": 13527.66, "Total Cost": 13863.08, "Plan Rows": 134169, "Plan Width": 4, "Sort Key": ["k.id"], "Plans": [{"Node Type": "Seq Scan", "Parent Relationship": "Outer", "Relation Name": "keyword", "Alias": "k", "Startup Cost": 0.0, "Total Cost": 2100.69, "Plan Rows": 134169, "Plan Width": 4}]}]}]}, {"Node Type": "Sort", "Parent Relationship": "Inner", "Startup Cost": 43264.85, "Total Cost": 44168.52, "Plan Rows": 361471, "Plan Width": 4, "Sort Key": ["at.movie_id"], "Plans": [{"Node Type": "Seq Scan", "Parent Relationship": "Outer", "Relation Name": "aka_title", "Alias": "at", "Startup Cost": 0.0, "Total Cost": 9894.71, "Plan Rows": 361471, "Plan Width": 4}]}]}, {"Node Type": "Sort", "Parent Relationship": "Inner", "Startup Cost": 247726.82, "Total Cost": 252098.92, "Plan Rows": 1748840, "Plan Width": 21, "Sort Key": ["t.id"], "Plans": [{"Node Type": "Seq Scan", "Parent Relationship": "Outer", "Relation Name": "title", "Alias": "t", "Startup Cost": 0.0, "Total Cost": 66389.89, "Plan Rows": 1748840, "Plan Width": 21, "Filter": "(production_year > 1990), (LLVM Optimized)"}]}]}]}, "Unique SQL Id": 2846462052}, "explain_analyze_plan": null}, "(1, 95)": {"explain_plan": {"Plan": {"Node Type": "Aggregate", "Strategy": "Plain", "Startup Cost": 8998376002738.87, "Total Cost": 8998376002738.88, "Plan Rows": 1, "Plan Width": 123, "Plans": [{"Node Type": "Merge Join", "Parent Relationship": "Outer", "Join Type": "Inner", "Startup Cost": 7019543309275.11, "Total Cost": 8998376002738.2, "Plan Rows": 134, "Plan Width": 59, "Inner Unique": true, "Merge Cond": "(at.movie_id = t.id)", "Plans": [{"Node Type": "Merge Join", "Parent Relationship": "Outer", "Join Type": "Inner", "Startup Cost": 7009543309275.11, "Total Cost": 7999378232501.42, "Plan Rows": 97, "Plan Width": 58, "Inner Unique": false, "Merge Cond": "(mi.movie_id = at.movie_id)", "Plans": [{"Node Type": "Sort", "Parent Relationship": "Outer", "Startup Cost": 6999376241594.87, "Total Cost": 6999376241595.01, "Plan Rows": 57, "Plan Width": 54, "Sort Key": ["mc.movie_id"], "Plans": [{"Node Type": "Merge Join", "Parent Relationship": "Outer", "Join Type": "Inner", "Startup Cost": 6009375191240.23, "Total Cost": 6999376241593.21, "Plan Rows": 57, "Plan Width": 54, "Inner Unique": true, "Merge Cond": "(mc.company_id = cn.id)", "Plans": [{"Node Type": "Sort", "Parent Relationship": "Outer", "Startup Cost": 5999375191240.22, "Total Cost": 5999375191240.38, "Plan Rows": 65, "Plan Width": 58, "Sort Key": ["mc.company_id"], "Plans": [{"Node Type": "Merge Join", "Parent Relationship": "Outer", "Join Type": "Inner", "Startup Cost": 5009884040321.67, "Total Cost": 5999375191238.26, "Plan Rows": 65, "Plan Width": 58, "Inner Unique": true, "Merge Cond": "(mk.keyword_id = k.id)", "Plans": [{"Node Type": "Sort", "Parent Relationship": "Outer", "Startup Cost": 4999884040321.67, "Total Cost": 4999884040321.83, "Plan Rows": 65, "Plan Width": 62, "Sort Key": ["mk.keyword_id"], "Plans": [{"Node Type": "Merge Join", "Parent Relationship": "Outer", "Join Type": "Inner", "Startup Cost": 4010026125738.97, "Total Cost": 4999884040319.71, "Plan Rows": 65, "Plan Width": 62, "Inner Unique": false, "Merge Cond": "(mk.movie_id = mi.movie_id)", "Plans": [{"Node Type": "Merge Join", "Parent Relationship": "Outer", "Join Type": "Inner", "Startup Cost": 2010009630132.58, "Total Cost": 2999867520822.16, "Plan Rows": 9556051, "Plan Width": 16, "Inner Unique": false, "Merge Cond": "(mk.movie_id = mc.movie_id)", "Plans": [{"Node Type": "Index Scan", "Parent Relationship": "Outer", "Scan Direction": "Forward", "Index Name": "movie_id_movie_keyword", "Relation Name": "movie_keyword", "Alias": "mk", "Startup Cost": 10000000000.0, "Total Cost": 1000015300634.17, "Plan Rows": 4523929, "Plan Width": 8}, {"Node Type": "Sort", "Parent Relationship": "Inner", "Startup Cost": 2000009630130.2, "Total Cost": 2000009636653.02, "Plan Rows": 2609128, "Plan Width": 8, "Sort Key": ["mc.movie_id"], "Plans": [{"Node Type": "Merge Join", "Parent Relationship": "Outer", "Join Type": "Inner", "Startup Cost": 504554486367.56, "Total Cost": 2000009352060.61, "Plan Rows": 2609128, "Plan Width": 8, "Inner Unique": false, "Merge Cond": "(ct.id = mc.company_type_id)", "Plans": [{"Node Type": "Index Scan", "Parent Relationship": "Outer", "Scan Direction": "Forward", "Index Name": "company_type_pkey", "Relation Name": "company_type", "Alias": "ct", "Startup Cost": 10000000000.0, "Total Cost": 1000000001229.5, "Plan Rows": 3, "Plan Width": 4}, {"Node Type": "Index Scan", "Parent Relationship": "Inner", "Scan Direction": "Forward", "Index Name": "company_type_id_movie_companies", "Relation Name": "movie_companies", "Alias": "mc", "Startup Cost": 10000000000.0, "Total Cost": 1000009318217.0, "Plan Rows": 2609128, "Plan Width": 12}]}]}]}, {"Node Type": "Sort", "Parent Relationship": "Inner", "Startup Cost": 2000016495606.39, "Total Cost": 2000016495606.4, "Plan Rows": 4, "Plan Width": 46, "Sort Key": ["mi.movie_id"], "Plans": [{"Node Type": "Nested Loop", "Parent Relationship": "Outer", "Join Type": "Inner", "Startup Cost": 20000004841.46, "Total Cost": 2000016495606.35, "Plan Rows": 4, "Plan Width": 46, "Inner Unique": false, "Plans": [{"Node Type": "Index Scan", "Parent Relationship": "Outer", "Scan Direction": "Forward", "Index Name": "info_type_pkey", "Relation Name": "info_type", "Alias": "it1", "Startup Cost": 10000000000.0, "Total Cost": 1000000001421.0, "Plan Rows": 1, "Plan Width": 4, "Filter": "((info)::text = 'release dates'::text)"}, {"Node Type": "Bitmap Heap Scan", "Parent Relationship": "Inner", "Relation Name": "movie_info", "Alias": "mi", "Startup Cost": 10000004841.46, "Total Cost": 1000016494185.31, "Plan Rows": 4, "Plan Width": 50, "Recheck Cond": "(info_type_id = it1.id)", "Filter": "((info IS NOT NULL) AND ((note)::text ~~ '%internet%'::text) AND (((info)::text ~~ 'USA:% 199%'::text) OR ((info)::text ~~ 'USA:% 200%'::text)))", "Plans": [{"Node Type": "Bitmap Index Scan", "Parent Relationship": "Outer", "Index Name": "info_type_id_movie_info", "Startup Cost": 0.0, "Total Cost": 4841.46, "Plan Rows": 212428, "Plan Width": 0, "Index Cond": "(info_type_id = it1.id)"}]}]}]}]}]}, {"Node Type": "Index Scan", "Parent Relationship": "Inner", "Scan Direction": "Forward", "Index Name": "keyword_pkey", "Relation Name": "keyword", "Alias": "k", "Startup Cost": 10000000000.0, "Total Cost": 1000000284729.43, "Plan Rows": 134169, "Plan Width": 4}]}]}, {"Node Type": "Index Scan", "Parent Relationship": "Inner", "Scan Direction": "Forward", "Index Name": "company_name_pkey", "Relation Name": "company_name", "Alias": "cn", "Startup Cost": 10000000000.0, "Total Cost": 1000001050138.97, "Plan Rows": 85170, "Plan Width": 4, "Filter": "((country_code)::text = '[us]'::text)"}]}]}, {"Node Type": "Index Scan", "Parent Relationship": "Inner", "Scan Direction": "Forward", "Index Name": "movie_id_aka_title", "Relation Name": "aka_title", "Alias": "at", "Startup Cost": 10000000000.0, "Total Cost": 1000001990001.13, "Plan Rows": 361471, "Plan Width": 4}]}, {"Node Type": "Index Scan", "Parent Relationship": "Inner", "Scan Direction": "Forward", "Index Name": "title_pkey", "Relation Name": "title", "Alias": "t", "Startup Cost": 10000000000.0, "Total Cost": 1000011644126.66, "Plan Rows": 1748840, "Plan Width": 21, "Filter": "(production_year > 1990), (LLVM Optimized)"}]}]}, "Unique SQL Id": 2846462052}, "explain_analyze_plan": null}, "(1, 96)": {"explain_plan": {"Plan": {"Node Type": "Aggregate", "Strategy": "Plain", "Startup Cost": 165026.1, "Total Cost": 165026.11, "Plan Rows": 1, "Plan Width": 123, "Plans": [{"Node Type": "Nested Loop", "Parent Relationship": "Outer", "Join Type": "Inner", "Startup Cost": 4841.46, "Total Cost": 165025.44, "Plan Rows": 132, "Plan Width": 59, "Inner Unique": true, "Plans": [{"Node Type": "Nested Loop", "Parent Relationship": "Outer", "Join Type": "Inner", "Startup Cost": 4841.46, "Total Cost": 164987.92, "Plan Rows": 134, "Plan Width": 63, "Inner Unique": false, "Join Filter": "(t.id = mk.movie_id)", "Plans": [{"Node Type": "Nested Loop", "Parent Relationship": "Outer", "Join Type": "Inner", "Startup Cost": 4841.46, "Total Cost": 164978.36, "Plan Rows": 17, "Plan Width": 75, "Inner Unique": true, "Join Filter": "(at.movie_id = t.id)", "Plans": [{"Node Type": "Nested Loop", "Parent Relationship": "Outer", "Join Type": "Inner", "Startup Cost": 4841.46, "Total Cost": 164974.13, "Plan Rows": 12, "Plan Width": 54, "Inner Unique": true, "Plans": [{"Node Type": "Nested Loop", "Parent Relationship": "Outer", "Join Type": "Inner", "Startup Cost": 4841.46, "Total Cost": 164970.77, "Plan Rows": 12, "Plan Width": 58, "Inner Unique": true, "Plans": [{"Node Type": "Nested Loop", "Parent Relationship": "Outer", "Join Type": "Inner", "Startup Cost": 4841.46, "Total Cost": 164965.02, "Plan Rows": 20, "Plan Width": 62, "Inner Unique": false, "Plans": [{"Node Type": "Nested Loop", "Parent Relationship": "Outer", "Join Type": "Inner", "Startup Cost": 4841.46, "Total Cost": 164959.71, "Plan Rows": 9, "Plan Width": 50, "Inner Unique": false, "Plans": [{"Node Type": "Nested Loop", "Parent Relationship": "Outer", "Join Type": "Inner", "Startup Cost": 4841.46, "Total Cost": 164944.29, "Plan Rows": 4, "Plan Width": 46, "Inner Unique": false, "Plans": [{"Node Type": "Seq Scan", "Parent Relationship": "Outer", "Relation Name": "info_type", "Alias": "it1", "Startup Cost": 0.0, "Total Cost": 2.4, "Plan Rows": 1, "Plan Width": 4, "Filter": "((info)::text = 'release dates'::text)"}, {"Node Type": "Bitmap Heap Scan", "Parent Relationship": "Inner", "Relation Name": "movie_info", "Alias": "mi", "Startup Cost": 4841.46, "Total Cost": 164941.85, "Plan Rows": 4, "Plan Width": 50, "Recheck Cond": "(info_type_id = it1.id)", "Filter": "((info IS NOT NULL) AND ((note)::text ~~ '%internet%'::text) AND (((info)::text ~~ 'USA:% 199%'::text) OR ((info)::text ~~ 'USA:% 200%'::text)))", "Plans": [{"Node Type": "Bitmap Index Scan", "Parent Relationship": "Outer", "Index Name": "info_type_id_movie_info", "Startup Cost": 0.0, "Total Cost": 4841.46, "Plan Rows": 212428, "Plan Width": 0, "Index Cond": "(info_type_id = it1.id)"}]}]}, {"Node Type": "Index Only Scan", "Parent Relationship": "Inner", "Scan Direction": "Forward", "Index Name": "movie_id_aka_title", "Relation Name": "aka_title", "Alias": "at", "Startup Cost": 0.0, "Total Cost": 3.82, "Plan Rows": 3, "Plan Width": 4, "Index Cond": "(movie_id = mi.movie_id)"}]}, {"Node Type": "Index Scan", "Parent Relationship": "Inner", "Scan Direction": "Forward", "Index Name": "movie_id_movie_companies", "Relation Name": "movie_companies", "Alias": "mc", "Startup Cost": 0.0, "Total Cost": 0.57, "Plan Rows": 2, "Plan Width": 12, "Index Cond": "(movie_id = at.movie_id)"}]}, {"Node Type": "Index Scan", "Parent Relationship": "Inner", "Scan Direction": "Forward", "Index Name": "company_name_pkey", "Relation Name": "company_name", "Alias": "cn", "Startup Cost": 0.0, "Total Cost": 0.28, "Plan Rows": 1, "Plan Width": 4, "Index Cond": "(id = mc.company_id)", "Filter": "((country_code)::text = '[us]'::text)"}]}, {"Node Type": "Index Only Scan", "Parent Relationship": "Inner", "Scan Direction": "Forward", "Index Name": "company_type_pkey", "Relation Name": "company_type", "Alias": "ct", "Startup Cost": 0.0, "Total Cost": 0.27, "Plan Rows": 1, "Plan Width": 4, "Index Cond": "(id = mc.company_type_id)"}]}, {"Node Type": "Index Scan", "Parent Relationship": "Inner", "Scan Direction": "Forward", "Index Name": "title_pkey", "Relation Name": "title", "Alias": "t", "Startup Cost": 0.0, "Total Cost": 0.34, "Plan Rows": 1, "Plan Width": 21, "Index Cond": "(id = mc.movie_id)", "Filter": "(production_year > 1990)"}]}, {"Node Type": "Index Scan", "Parent Relationship": "Inner", "Scan Direction": "Forward", "Index Name": "movie_id_movie_keyword", "Relation Name": "movie_keyword", "Alias": "mk", "Startup Cost": 0.0, "Total Cost": 0.46, "Plan Rows": 8, "Plan Width": 8, "Index Cond": "(movie_id = mc.movie_id)"}]}, {"Node Type": "Index Only Scan", "Parent Relationship": "Inner", "Scan Direction": "Forward", "Index Name": "keyword_pkey", "Relation Name": "keyword", "Alias": "k", "Startup Cost": 0.0, "Total Cost": 0.27, "Plan Rows": 1, "Plan Width": 4, "Index Cond": "(id = mk.keyword_id)"}]}]}, "Unique SQL Id": 2846462052}, "explain_analyze_plan": {"Plan": {"Node Type": "Aggregate", "Strategy": "Plain", "Startup Cost": 165026.1, "Total Cost": 165026.11, "Plan Rows": 1, "Plan Width": 123, "Actual Startup Time": 1631.983, "Actual Total Time": 1631.984, "Actual Rows": 1, "Actual Loops": 1, "Plans": [{"Node Type": "Nested Loop", "Parent Relationship": "Outer", "Join Type": "Inner", "Startup Cost": 4841.46, "Total Cost": 165025.44, "Plan Rows": 132, "Plan Width": 59, "Actual Startup Time": 420.175, "Actual Total Time": 1631.038, "Actual Rows": 1140, "Actual Loops": 1, "Inner Unique": true, "Plans": [{"Node Type": "Nested Loop", "Parent Relationship": "Outer", "Join Type": "Inner", "Startup Cost": 4841.46, "Total Cost": 164987.92, "Plan Rows": 134, "Plan Width": 63, "Actual Startup Time": 420.153, "Actual Total Time": 1626.887, "Actual Rows": 1140, "Actual Loops": 1, "Inner Unique": false, "Join Filter": "(t.id = mk.movie_id)", "Rows Removed by Join Filter": 0, "Plans": [{"Node Type": "Nested Loop", "Parent Relationship": "Outer", "Join Type": "Inner", "Startup Cost": 4841.46, "Total Cost": 164978.36, "Plan Rows": 17, "Plan Width": 75, "Actual Startup Time": 420.135, "Actual Total Time": 1624.976, "Actual Rows": 119, "Actual Loops": 1, "Inner Unique": true, "Join Filter": "(at.movie_id = t.id)", "Rows Removed by Join Filter": 0, "Plans": [{"Node Type": "Nested Loop", "Parent Relationship": "Outer", "Join Type": "Inner", "Startup Cost": 4841.46, "Total Cost": 164974.13, "Plan Rows": 12, "Plan Width": 54, "Actual Startup Time": 420.108, "Actual Total Time": 1623.971, "Actual Rows": 119, "Actual Loops": 1, "Inner Unique": true, "Plans": [{"Node Type": "Nested Loop", "Parent Relationship": "Outer", "Join Type": "Inner", "Startup Cost": 4841.46, "Total Cost": 164970.77, "Plan Rows": 12, "Plan Width": 58, "Actual Startup Time": 381.666, "Actual Total Time": 1623.384, "Actual Rows": 284, "Actual Loops": 1, "Inner Unique": true, "Plans": [{"Node Type": "Nested Loop", "Parent Relationship": "Outer", "Join Type": "Inner", "Startup Cost": 4841.46, "Total Cost": 164965.02, "Plan Rows": 20, "Plan Width": 62, "Actual Startup Time": 381.646, "Actual Total Time": 1620.845, "Actual Rows": 400, "Actual Loops": 1, "Inner Unique": false, "Plans": [{"Node Type": "Nested Loop", "Parent Relationship": "Outer", "Join Type": "Inner", "Startup Cost": 4841.46, "Total Cost": 164959.71, "Plan Rows": 9, "Plan Width": 50, "Actual Startup Time": 381.629, "Actual Total Time": 1619.336, "Actual Rows": 120, "Actual Loops": 1, "Inner Unique": false, "Plans": [{"Node Type": "Nested Loop", "Parent Relationship": "Outer", "Join Type": "Inner", "Startup Cost": 4841.46, "Total Cost": 164944.29, "Plan Rows": 4, "Plan Width": 46, "Actual Startup Time": 377.931, "Actual Total Time": 1611.614, "Actual Rows": 1783, "Actual Loops": 1, "Inner Unique": false, "Plans": [{"Node Type": "Seq Scan", "Parent Relationship": "Outer", "Relation Name": "info_type", "Alias": "it1", "Startup Cost": 0.0, "Total Cost": 2.4, "Plan Rows": 1, "Plan Width": 4, "Actual Startup Time": 0.046, "Actual Total Time": 0.092, "Actual Rows": 1, "Actual Loops": 1, "Filter": "((info)::text = 'release dates'::text)", "Rows Removed by Filter": 111}, {"Node Type": "Bitmap Heap Scan", "Parent Relationship": "Inner", "Relation Name": "movie_info", "Alias": "mi", "Startup Cost": 4841.46, "Total Cost": 164941.85, "Plan Rows": 4, "Plan Width": 50, "Actual Startup Time": 377.876, "Actual Total Time": 1610.871, "Actual Rows": 1783, "Actual Loops": 1, "Recheck Cond": "(info_type_id = it1.id)", "Rows Removed by Index Recheck": 0, "Filter": "((info IS NOT NULL) AND ((note)::text ~~ '%internet%'::text) AND (((info)::text ~~ 'USA:% 199%'::text) OR ((info)::text ~~ 'USA:% 200%'::text)))", "Rows Removed by Filter": 3034936, "Exact Heap Blocks": 21947, "Lossy Heap Blocks": 21947, "Plans": [{"Node Type": "Bitmap Index Scan", "Parent Relationship": "Outer", "Index Name": "info_type_id_movie_info", "Startup Cost": 0.0, "Total Cost": 4841.46, "Plan Rows": 212428, "Plan Width": 0, "Actual Startup Time": 372.586, "Actual Total Time": 372.586, "Actual Rows": 3036719, "Actual Loops": 1, "Index Cond": "(info_type_id = it1.id)"}]}]}, {"Node Type": "Index Only Scan", "Parent Relationship": "Inner", "Scan Direction": "Forward", "Index Name": "movie_id_aka_title", "Relation Name": "aka_title", "Alias": "at", "Startup Cost": 0.0, "Total Cost": 3.82, "Plan Rows": 3, "Plan Width": 4, "Actual Startup Time": 6.242, "Actual Total Time": 6.29, "Actual Rows": 120, "Actual Loops": 1783, "Index Cond": "(movie_id = mi.movie_id)", "Rows Removed by Index Recheck": 0, "Heap Fetches": 0}]}, {"Node Type": "Index Scan", "Parent Relationship": "Inner", "Scan Direction": "Forward", "Index Name": "movie_id_movie_companies", "Relation Name": "movie_companies", "Alias": "mc", "Startup Cost": 0.0, "Total Cost": 0.57, "Plan Rows": 2, "Plan Width": 12, "Actual Startup Time": 0.885, "Actual Total Time": 1.234, "Actual Rows": 400, "Actual Loops": 120, "Index Cond": "(movie_id = at.movie_id)", "Rows Removed by Index Recheck": 0}]}, {"Node Type": "Index Scan", "Parent Relationship": "Inner", "Scan Direction": "Forward", "Index Name": "company_name_pkey", "Relation Name": "company_name", "Alias": "cn", "Startup Cost": 0.0, "Total Cost": 0.28, "Plan Rows": 1, "Plan Width": 4, "Actual Startup Time": 2.073, "Actual Total Time": 2.073, "Actual Rows": 284, "Actual Loops": 400, "Index Cond": "(id = mc.company_id)", "Rows Removed by Index Recheck": 0, "Filter": "((country_code)::text = '[us]'::text)", "Rows Removed by Filter": 116}]}, {"Node Type": "Index Only Scan", "Parent Relationship": "Inner", "Scan Direction": "Forward", "Index Name": "company_type_pkey", "Relation Name": "company_type", "Alias": "ct", "Startup Cost": 0.0, "Total Cost": 0.27, "Plan Rows": 1, "Plan Width": 4, "Actual Startup Time": 0.29, "Actual Total Time": 0.29, "Actual Rows": 119, "Actual Loops": 284, "Index Cond": "(id = mc.company_type_id)", "Rows Removed by Index Recheck": 0, "Heap Fetches": 0}]}, {"Node Type": "Index Scan", "Parent Relationship": "Inner", "Scan Direction": "Forward", "Index Name": "title_pkey", "Relation Name": "title", "Alias": "t", "Startup Cost": 0.0, "Total Cost": 0.34, "Plan Rows": 1, "Plan Width": 21, "Actual Startup Time": 0.743, "Actual Total Time": 0.743, "Actual Rows": 119, "Actual Loops": 119, "Index Cond": "(id = mc.movie_id)", "Rows Removed by Index Recheck": 0, "Filter": "(production_year > 1990)", "Rows Removed by Filter": 0}]}, {"Node Type": "Index Scan", "Parent Relationship": "Inner", "Scan Direction": "Forward", "Index Name": "movie_id_movie_keyword", "Relation Name": "movie_keyword", "Alias": "mk", "Startup Cost": 0.0, "Total Cost": 0.46, "Plan Rows": 8, "Plan Width": 8, "Actual Startup Time": 0.733, "Actual Total Time": 1.307, "Actual Rows": 1140, "Actual Loops": 119, "Index Cond": "(movie_id = mc.movie_id)", "Rows Removed by Index Recheck": 0}]}, {"Node Type": "Index Only Scan", "Parent Relationship": "Inner", "Scan Direction": "Forward", "Index Name": "keyword_pkey", "Relation Name": "keyword", "Alias": "k", "Startup Cost": 0.0, "Total Cost": 0.27, "Plan Rows": 1, "Plan Width": 4, "Actual Startup Time": 3.279, "Actual Total Time": 3.279, "Actual Rows": 1140, "Actual Loops": 1140, "Index Cond": "(id = mk.keyword_id)", "Rows Removed by Index Recheck": 0, "Heap Fetches": 0}]}]}, "Triggers": [], "Planner Runtime": 61.474, "Total Runtime": 1632.638, "Unique SQL Id": 2846462052}}, "(1, 97)": {"explain_plan": {"Plan": {"Node Type": "Aggregate", "Strategy": "Plain", "Startup Cost": 165037.91, "Total Cost": 165037.92, "Plan Rows": 1, "Plan Width": 123, "Plans": [{"Node Type": "Nested Loop", "Parent Relationship": "Outer", "Join Type": "Inner", "Startup Cost": 4841.46, "Total Cost": 165037.25, "Plan Rows": 132, "Plan Width": 59, "Inner Unique": true, "Plans": [{"Node Type": "Nested Loop", "Parent Relationship": "Outer", "Join Type": "Inner", "Startup Cost": 4841.46, "Total Cost": 164999.73, "Plan Rows": 134, "Plan Width": 63, "Inner Unique": false, "Join Filter": "(t.id = mk.movie_id)", "Plans": [{"Node Type": "Nested Loop", "Parent Relationship": "Outer", "Join Type": "Inner", "Startup Cost": 4841.46, "Total Cost": 164990.17, "Plan Rows": 17, "Plan Width": 75, "Inner Unique": true, "Join Filter": "(at.movie_id = t.id)", "Plans": [{"Node Type": "Nested Loop", "Parent Relationship": "Outer", "Join Type": "Inner", "Startup Cost": 4841.46, "Total Cost": 164985.94, "Plan Rows": 12, "Plan Width": 54, "Inner Unique": true, "Plans": [{"Node Type": "Nested Loop", "Parent Relationship": "Outer", "Join Type": "Inner", "Startup Cost": 4841.46, "Total Cost": 164982.58, "Plan Rows": 12, "Plan Width": 58, "Inner Unique": true, "Plans": [{"Node Type": "Nested Loop", "Parent Relationship": "Outer", "Join Type": "Inner", "Startup Cost": 4841.46, "Total Cost": 164976.83, "Plan Rows": 20, "Plan Width": 62, "Inner Unique": false, "Plans": [{"Node Type": "Nested Loop", "Parent Relationship": "Outer", "Join Type": "Inner", "Startup Cost": 4841.46, "Total Cost": 164971.52, "Plan Rows": 9, "Plan Width": 50, "Inner Unique": false, "Plans": [{"Node Type": "Nested Loop", "Parent Relationship": "Outer", "Join Type": "Inner", "Startup Cost": 4841.46, "Total Cost": 164956.1, "Plan Rows": 4, "Plan Width": 46, "Inner Unique": false, "Plans": [{"Node Type": "Index Scan", "Parent Relationship": "Outer", "Scan Direction": "Forward", "Index Name": "info_type_pkey", "Relation Name": "info_type", "Alias": "it1", "Startup Cost": 0.0, "Total Cost": 14.21, "Plan Rows": 1, "Plan Width": 4, "Filter": "((info)::text = 'release dates'::text)"}, {"Node Type": "Bitmap Heap Scan", "Parent Relationship": "Inner", "Relation Name": "movie_info", "Alias": "mi", "Startup Cost": 4841.46, "Total Cost": 164941.85, "Plan Rows": 4, "Plan Width": 50, "Recheck Cond": "(info_type_id = it1.id)", "Filter": "((info IS NOT NULL) AND ((note)::text ~~ '%internet%'::text) AND (((info)::text ~~ 'USA:% 199%'::text) OR ((info)::text ~~ 'USA:% 200%'::text)))", "Plans": [{"Node Type": "Bitmap Index Scan", "Parent Relationship": "Outer", "Index Name": "info_type_id_movie_info", "Startup Cost": 0.0, "Total Cost": 4841.46, "Plan Rows": 212428, "Plan Width": 0, "Index Cond": "(info_type_id = it1.id)"}]}]}, {"Node Type": "Index Only Scan", "Parent Relationship": "Inner", "Scan Direction": "Forward", "Index Name": "movie_id_aka_title", "Relation Name": "aka_title", "Alias": "at", "Startup Cost": 0.0, "Total Cost": 3.82, "Plan Rows": 3, "Plan Width": 4, "Index Cond": "(movie_id = mi.movie_id)"}]}, {"Node Type": "Index Scan", "Parent Relationship": "Inner", "Scan Direction": "Forward", "Index Name": "movie_id_movie_companies", "Relation Name": "movie_companies", "Alias": "mc", "Startup Cost": 0.0, "Total Cost": 0.57, "Plan Rows": 2, "Plan Width": 12, "Index Cond": "(movie_id = at.movie_id)"}]}, {"Node Type": "Index Scan", "Parent Relationship": "Inner", "Scan Direction": "Forward", "Index Name": "company_name_pkey", "Relation Name": "company_name", "Alias": "cn", "Startup Cost": 0.0, "Total Cost": 0.28, "Plan Rows": 1, "Plan Width": 4, "Index Cond": "(id = mc.company_id)", "Filter": "((country_code)::text = '[us]'::text)"}]}, {"Node Type": "Index Only Scan", "Parent Relationship": "Inner", "Scan Direction": "Forward", "Index Name": "company_type_pkey", "Relation Name": "company_type", "Alias": "ct", "Startup Cost": 0.0, "Total Cost": 0.27, "Plan Rows": 1, "Plan Width": 4, "Index Cond": "(id = mc.company_type_id)"}]}, {"Node Type": "Index Scan", "Parent Relationship": "Inner", "Scan Direction": "Forward", "Index Name": "title_pkey", "Relation Name": "title", "Alias": "t", "Startup Cost": 0.0, "Total Cost": 0.34, "Plan Rows": 1, "Plan Width": 21, "Index Cond": "(id = mc.movie_id)", "Filter": "(production_year > 1990)"}]}, {"Node Type": "Index Scan", "Parent Relationship": "Inner", "Scan Direction": "Forward", "Index Name": "movie_id_movie_keyword", "Relation Name": "movie_keyword", "Alias": "mk", "Startup Cost": 0.0, "Total Cost": 0.46, "Plan Rows": 8, "Plan Width": 8, "Index Cond": "(movie_id = mc.movie_id)"}]}, {"Node Type": "Index Only Scan", "Parent Relationship": "Inner", "Scan Direction": "Forward", "Index Name": "keyword_pkey", "Relation Name": "keyword", "Alias": "k", "Startup Cost": 0.0, "Total Cost": 0.27, "Plan Rows": 1, "Plan Width": 4, "Index Cond": "(id = mk.keyword_id)"}]}]}, "Unique SQL Id": 2846462052}, "explain_analyze_plan": {"Plan": {"Node Type": "Aggregate", "Strategy": "Plain", "Startup Cost": 165037.91, "Total Cost": 165037.92, "Plan Rows": 1, "Plan Width": 123, "Actual Startup Time": 1759.128, "Actual Total Time": 1759.128, "Actual Rows": 1, "Actual Loops": 1, "Plans": [{"Node Type": "Nested Loop", "Parent Relationship": "Outer", "Join Type": "Inner", "Startup Cost": 4841.46, "Total Cost": 165037.25, "Plan Rows": 132, "Plan Width": 59, "Actual Startup Time": 420.862, "Actual Total Time": 1758.212, "Actual Rows": 1140, "Actual Loops": 1, "Inner Unique": true, "Plans": [{"Node Type": "Nested Loop", "Parent Relationship": "Outer", "Join Type": "Inner", "Startup Cost": 4841.46, "Total Cost": 164999.73, "Plan Rows": 134, "Plan Width": 63, "Actual Startup Time": 420.85, "Actual Total Time": 1753.603, "Actual Rows": 1140, "Actual Loops": 1, "Inner Unique": false, "Join Filter": "(t.id = mk.movie_id)", "Rows Removed by Join Filter": 0, "Plans": [{"Node Type": "Nested Loop", "Parent Relationship": "Outer", "Join Type": "Inner", "Startup Cost": 4841.46, "Total Cost": 164990.17, "Plan Rows": 17, "Plan Width": 75, "Actual Startup Time": 420.833, "Actual Total Time": 1751.487, "Actual Rows": 119, "Actual Loops": 1, "Inner Unique": true, "Join Filter": "(at.movie_id = t.id)", "Rows Removed by Join Filter": 0, "Plans": [{"Node Type": "Nested Loop", "Parent Relationship": "Outer", "Join Type": "Inner", "Startup Cost": 4841.46, "Total Cost": 164985.94, "Plan Rows": 12, "Plan Width": 54, "Actual Startup Time": 420.804, "Actual Total Time": 1750.305, "Actual Rows": 119, "Actual Loops": 1, "Inner Unique": true, "Plans": [{"Node Type": "Nested Loop", "Parent Relationship": "Outer", "Join Type": "Inner", "Startup Cost": 4841.46, "Total Cost": 164982.58, "Plan Rows": 12, "Plan Width": 58, "Actual Startup Time": 382.41, "Actual Total Time": 1749.733, "Actual Rows": 284, "Actual Loops": 1, "Inner Unique": true, "Plans": [{"Node Type": "Nested Loop", "Parent Relationship": "Outer", "Join Type": "Inner", "Startup Cost": 4841.46, "Total Cost": 164976.83, "Plan Rows": 20, "Plan Width": 62, "Actual Startup Time": 382.389, "Actual Total Time": 1746.791, "Actual Rows": 400, "Actual Loops": 1, "Inner Unique": false, "Plans": [{"Node Type": "Nested Loop", "Parent Relationship": "Outer", "Join Type": "Inner", "Startup Cost": 4841.46, "Total Cost": 164971.52, "Plan Rows": 9, "Plan Width": 50, "Actual Startup Time": 382.373, "Actual Total Time": 1745.033, "Actual Rows": 120, "Actual Loops": 1, "Inner Unique": false, "Plans": [{"Node Type": "Nested Loop", "Parent Relationship": "Outer", "Join Type": "Inner", "Startup Cost": 4841.46, "Total Cost": 164956.1, "Plan Rows": 4, "Plan Width": 46, "Actual Startup Time": 378.642, "Actual Total Time": 1736.196, "Actual Rows": 1783, "Actual Loops": 1, "Inner Unique": false, "Plans": [{"Node Type": "Index Scan", "Parent Relationship": "Outer", "Scan Direction": "Forward", "Index Name": "info_type_pkey", "Relation Name": "info_type", "Alias": "it1", "Startup Cost": 0.0, "Total Cost": 14.21, "Plan Rows": 1, "Plan Width": 4, "Actual Startup Time": 0.046, "Actual Total Time": 0.092, "Actual Rows": 1, "Actual Loops": 1, "Filter": "((info)::text = 'release dates'::text)", "Rows Removed by Filter": 111}, {"Node Type": "Bitmap Heap Scan", "Parent Relationship": "Inner", "Relation Name": "movie_info", "Alias": "mi", "Startup Cost": 4841.46, "Total Cost": 164941.85, "Plan Rows": 4, "Plan Width": 50, "Actual Startup Time": 378.585, "Actual Total Time": 1735.5, "Actual Rows": 1783, "Actual Loops": 1, "Recheck Cond": "(info_type_id = it1.id)", "Rows Removed by Index Recheck": 0, "Filter": "((info IS NOT NULL) AND ((note)::text ~~ '%internet%'::text) AND (((info)::text ~~ 'USA:% 199%'::text) OR ((info)::text ~~ 'USA:% 200%'::text)))", "Rows Removed by Filter": 3034936, "Exact Heap Blocks": 21947, "Lossy Heap Blocks": 21947, "Plans": [{"Node Type": "Bitmap Index Scan", "Parent Relationship": "Outer", "Index Name": "info_type_id_movie_info", "Startup Cost": 0.0, "Total Cost": 4841.46, "Plan Rows": 212428, "Plan Width": 0, "Actual Startup Time": 373.292, "Actual Total Time": 373.292, "Actual Rows": 3036719, "Actual Loops": 1, "Index Cond": "(info_type_id = it1.id)"}]}]}, {"Node Type": "Index Only Scan", "Parent Relationship": "Inner", "Scan Direction": "Forward", "Index Name": "movie_id_aka_title", "Relation Name": "aka_title", "Alias": "at", "Startup Cost": 0.0, "Total Cost": 3.82, "Plan Rows": 3, "Plan Width": 4, "Actual Startup Time": 7.399, "Actual Total Time": 7.46, "Actual Rows": 120, "Actual Loops": 1783, "Index Cond": "(movie_id = mi.movie_id)", "Rows Removed by Index Recheck": 0, "Heap Fetches": 0}]}, {"Node Type": "Index Scan", "Parent Relationship": "Inner", "Scan Direction": "Forward", "Index Name": "movie_id_movie_companies", "Relation Name": "movie_companies", "Alias": "mc", "Startup Cost": 0.0, "Total Cost": 0.57, "Plan Rows": 2, "Plan Width": 12, "Actual Startup Time": 1.06, "Actual Total Time": 1.462, "Actual Rows": 400, "Actual Loops": 120, "Index Cond": "(movie_id = at.movie_id)", "Rows Removed by Index Recheck": 0}]}, {"Node Type": "Index Scan", "Parent Relationship": "Inner", "Scan Direction": "Forward", "Index Name": "company_name_pkey", "Relation Name": "company_name", "Alias": "cn", "Startup Cost": 0.0, "Total Cost": 0.28, "Plan Rows": 1, "Plan Width": 4, "Actual Startup Time": 2.493, "Actual Total Time": 2.493, "Actual Rows": 284, "Actual Loops": 400, "Index Cond": "(id = mc.company_id)", "Rows Removed by Index Recheck": 0, "Filter": "((country_code)::text = '[us]'::text)", "Rows Removed by Filter": 116}]}, {"Node Type": "Index Only Scan", "Parent Relationship": "Inner", "Scan Direction": "Forward", "Index Name": "company_type_pkey", "Relation Name": "company_type", "Alias": "ct", "Startup Cost": 0.0, "Total Cost": 0.27, "Plan Rows": 1, "Plan Width": 4, "Actual Startup Time": 0.295, "Actual Total Time": 0.295, "Actual Rows": 119, "Actual Loops": 284, "Index Cond": "(id = mc.company_type_id)", "Rows Removed by Index Recheck": 0, "Heap Fetches": 0}]}, {"Node Type": "Index Scan", "Parent Relationship": "Inner", "Scan Direction": "Forward", "Index Name": "title_pkey", "Relation Name": "title", "Alias": "t", "Startup Cost": 0.0, "Total Cost": 0.34, "Plan Rows": 1, "Plan Width": 21, "Actual Startup Time": 0.918, "Actual Total Time": 0.918, "Actual Rows": 119, "Actual Loops": 119, "Index Cond": "(id = mc.movie_id)", "Rows Removed by Index Recheck": 0, "Filter": "(production_year > 1990)", "Rows Removed by Filter": 0}]}, {"Node Type": "Index Scan", "Parent Relationship": "Inner", "Scan Direction": "Forward", "Index Name": "movie_id_movie_keyword", "Relation Name": "movie_keyword", "Alias": "mk", "Startup Cost": 0.0, "Total Cost": 0.46, "Plan Rows": 8, "Plan Width": 8, "Actual Startup Time": 0.931, "Actual Total Time": 1.505, "Actual Rows": 1140, "Actual Loops": 119, "Index Cond": "(movie_id = mc.movie_id)", "Rows Removed by Index Recheck": 0}]}, {"Node Type": "Index Only Scan", "Parent Relationship": "Inner", "Scan Direction": "Forward", "Index Name": "keyword_pkey", "Relation Name": "keyword", "Alias": "k", "Startup Cost": 0.0, "Total Cost": 0.27, "Plan Rows": 1, "Plan Width": 4, "Actual Startup Time": 3.756, "Actual Total Time": 3.756, "Actual Rows": 1140, "Actual Loops": 1140, "Index Cond": "(id = mk.keyword_id)", "Rows Removed by Index Recheck": 0, "Heap Fetches": 0}]}]}, "Triggers": [], "Planner Runtime": 58.125, "Total Runtime": 1759.549, "Unique SQL Id": 2846462052}}, "(1, 98)": {"explain_plan": {"Plan": {"Node Type": "Aggregate", "Strategy": "Plain", "Startup Cost": 166061.88, "Total Cost": 166061.89, "Plan Rows": 1, "Plan Width": 123, "Plans": [{"Node Type": "Nested Loop", "Parent Relationship": "Outer", "Join Type": "Inner", "Startup Cost": 4847.0, "Total Cost": 166061.22, "Plan Rows": 132, "Plan Width": 59, "Inner Unique": true, "Join Filter": "(at.movie_id = t.id)", "Plans": [{"Node Type": "Nested Loop", "Parent Relationship": "Outer", "Join Type": "Inner", "Startup Cost": 4846.73, "Total Cost": 165653.34, "Plan Rows": 95, "Plan Width": 58, "Inner Unique": true, "Plans": [{"Node Type": "Nested Loop", "Parent Relationship": "Outer", "Join Type": "Inner", "Startup Cost": 4846.47, "Total Cost": 165238.16, "Plan Rows": 97, "Plan Width": 62, "Inner Unique": false, "Join Filter": "(at.movie_id = mk.movie_id)", "Plans": [{"Node Type": "Nested Loop", "Parent Relationship": "Outer", "Join Type": "Inner", "Startup Cost": 4846.14, "Total Cost": 165183.7, "Plan Rows": 12, "Plan Width": 54, "Inner Unique": true, "Plans": [{"Node Type": "Nested Loop", "Parent Relationship": "Outer", "Join Type": "Inner", "Startup Cost": 4845.88, "Total Cost": 165132.34, "Plan Rows": 12, "Plan Width": 58, "Inner Unique": true, "Plans": [{"Node Type": "Nested Loop", "Parent Relationship": "Outer", "Join Type": "Inner", "Startup Cost": 4845.62, "Total Cost": 165046.67, "Plan Rows": 20, "Plan Width": 62, "Inner Unique": false, "Plans": [{"Node Type": "Nested Loop", "Parent Relationship": "Outer", "Join Type": "Inner", "Startup Cost": 4845.25, "Total Cost": 165006.92, "Plan Rows": 9, "Plan Width": 50, "Inner Unique": false, "Plans": [{"Node Type": "Nested Loop", "Parent Relationship": "Outer", "Join Type": "Inner", "Startup Cost": 4841.46, "Total Cost": 164944.29, "Plan Rows": 4, "Plan Width": 46, "Inner Unique": false, "Plans": [{"Node Type": "Seq Scan", "Parent Relationship": "Outer", "Relation Name": "info_type", "Alias": "it1", "Startup Cost": 0.0, "Total Cost": 2.4, "Plan Rows": 1, "Plan Width": 4, "Filter": "((info)::text = 'release dates'::text)"}, {"Node Type": "Bitmap Heap Scan", "Parent Relationship": "Inner", "Relation Name": "movie_info", "Alias": "mi", "Startup Cost": 4841.46, "Total Cost": 164941.85, "Plan Rows": 4, "Plan Width": 50, "Recheck Cond": "(info_type_id = it1.id)", "Filter": "((info IS NOT NULL) AND ((note)::text ~~ '%internet%'::text) AND (((info)::text ~~ 'USA:% 199%'::text) OR ((info)::text ~~ 'USA:% 200%'::text)))", "Plans": [{"Node Type": "Bitmap Index Scan", "Parent Relationship": "Outer", "Index Name": "info_type_id_movie_info", "Startup Cost": 0.0, "Total Cost": 4841.46, "Plan Rows": 212428, "Plan Width": 0, "Index Cond": "(info_type_id = it1.id)"}]}]}, {"Node Type": "Bitmap Heap Scan", "Parent Relationship": "Inner", "Relation Name": "aka_title", "Alias": "at", "Startup Cost": 3.79, "Total Cost": 15.63, "Plan Rows": 3, "Plan Width": 4, "Recheck Cond": "(movie_id = mi.movie_id)", "Plans": [{"Node Type": "Bitmap Index Scan", "Parent Relationship": "Outer", "Index Name": "movie_id_aka_title", "Startup Cost": 0.0, "Total Cost": 3.79, "Plan Rows": 3, "Plan Width": 0, "Index Cond": "(movie_id = mi.movie_id)"}]}]}, {"Node Type": "Bitmap Heap Scan", "Parent Relationship": "Inner", "Relation Name": "movie_companies", "Alias": "mc", "Startup Cost": 0.37, "Total Cost": 4.4, "Plan Rows": 2, "Plan Width": 12, "Recheck Cond": "(movie_id = at.movie_id)", "Plans": [{"Node Type": "Bitmap Index Scan", "Parent Relationship": "Outer", "Index Name": "movie_id_movie_companies", "Startup Cost": 0.0, "Total Cost": 0.37, "Plan Rows": 2, "Plan Width": 0, "Index Cond": "(movie_id = at.movie_id)"}]}]}, {"Node Type": "Bitmap Heap Scan", "Parent Relationship": "Inner", "Relation Name": "company_name", "Alias": "cn", "Startup Cost": 0.26, "Total Cost": 4.27, "Plan Rows": 1, "Plan Width": 4, "Recheck Cond": "(id = mc.company_id)", "Filter": "((country_code)::text = '[us]'::text)", "Plans": [{"Node Type": "Bitmap Index Scan", "Parent Relationship": "Outer", "Index Name": "company_name_pkey", "Startup Cost": 0.0, "Total Cost": 0.26, "Plan Rows": 1, "Plan Width": 0, "Index Cond": "(id = mc.company_id)"}]}]}, {"Node Type": "Bitmap Heap Scan", "Parent Relationship": "Inner", "Relation Name": "company_type", "Alias": "ct", "Startup Cost": 0.26, "Total Cost": 4.27, "Plan Rows": 1, "Plan Width": 4, "Recheck Cond": "(id = mc.company_type_id)", "Plans": [{"Node Type": "Bitmap Index Scan", "Parent Relationship": "Outer", "Index Name": "company_type_pkey", "Startup Cost": 0.0, "Total Cost": 0.26, "Plan Rows": 1, "Plan Width": 0, "Index Cond": "(id = mc.company_type_id)"}]}]}, {"Node Type": "Bitmap Heap Scan", "Parent Relationship": "Inner", "Relation Name": "movie_keyword", "Alias": "mk", "Startup Cost": 0.34, "Total Cost": 4.44, "Plan Rows": 8, "Plan Width": 8, "Recheck Cond": "(movie_id = mc.movie_id)", "Plans": [{"Node Type": "Bitmap Index Scan", "Parent Relationship": "Outer", "Index Name": "movie_id_movie_keyword", "Startup Cost": 0.0, "Total Cost": 0.34, "Plan Rows": 8, "Plan Width": 0, "Index Cond": "(movie_id = mc.movie_id)"}]}]}, {"Node Type": "Bitmap Heap Scan", "Parent Relationship": "Inner", "Relation Name": "keyword", "Alias": "k", "Startup Cost": 0.26, "Total Cost": 4.27, "Plan Rows": 1, "Plan Width": 4, "Recheck Cond": "(id = mk.keyword_id)", "Plans": [{"Node Type": "Bitmap Index Scan", "Parent Relationship": "Outer", "Index Name": "keyword_pkey", "Startup Cost": 0.0, "Total Cost": 0.26, "Plan Rows": 1, "Plan Width": 0, "Index Cond": "(id = mk.keyword_id)"}]}]}, {"Node Type": "Bitmap Heap Scan", "Parent Relationship": "Inner", "Relation Name": "title", "Alias": "t", "Startup Cost": 0.27, "Total Cost": 4.28, "Plan Rows": 1, "Plan Width": 21, "Recheck Cond": "(id = mk.movie_id)", "Filter": "(production_year > 1990)", "Plans": [{"Node Type": "Bitmap Index Scan", "Parent Relationship": "Outer", "Index Name": "title_pkey", "Startup Cost": 0.0, "Total Cost": 0.27, "Plan Rows": 1, "Plan Width": 0, "Index Cond": "(id = mk.movie_id)"}]}]}]}, "Unique SQL Id": 2846462052}, "explain_analyze_plan": {"Plan": {"Node Type": "Aggregate", "Strategy": "Plain", "Startup Cost": 166061.88, "Total Cost": 166061.89, "Plan Rows": 1, "Plan Width": 123, "Actual Startup Time": 1899.068, "Actual Total Time": 1899.069, "Actual Rows": 1, "Actual Loops": 1, "Plans": [{"Node Type": "Nested Loop", "Parent Relationship": "Outer", "Join Type": "Inner", "Startup Cost": 4847.0, "Total Cost": 166061.22, "Plan Rows": 132, "Plan Width": 59, "Actual Startup Time": 542.471, "Actual Total Time": 1898.017, "Actual Rows": 1140, "Actual Loops": 1, "Inner Unique": true, "Join Filter": "(at.movie_id = t.id)", "Rows Removed by Join Filter": 0, "Plans": [{"Node Type": "Nested Loop", "Parent Relationship": "Outer", "Join Type": "Inner", "Startup Cost": 4846.73, "Total Cost": 165653.34, "Plan Rows": 95, "Plan Width": 58, "Actual Startup Time": 542.427, "Actual Total Time": 1891.329, "Actual Rows": 1140, "Actual Loops": 1, "Inner Unique": true, "Plans": [{"Node Type": "Nested Loop", "Parent Relationship": "Outer", "Join Type": "Inner", "Startup Cost": 4846.47, "Total Cost": 165238.16, "Plan Rows": 97, "Plan Width": 62, "Actual Startup Time": 542.394, "Actual Total Time": 1883.561, "Actual Rows": 1140, "Actual Loops": 1, "Inner Unique": false, "Join Filter": "(at.movie_id = mk.movie_id)", "Rows Removed by Join Filter": 0, "Plans": [{"Node Type": "Nested Loop", "Parent Relationship": "Outer", "Join Type": "Inner", "Startup Cost": 4846.14, "Total Cost": 165183.7, "Plan Rows": 12, "Plan Width": 54, "Actual Startup Time": 542.34, "Actual Total Time": 1881.479, "Actual Rows": 119, "Actual Loops": 1, "Inner Unique": true, "Plans": [{"Node Type": "Nested Loop", "Parent Relationship": "Outer", "Join Type": "Inner", "Startup Cost": 4845.88, "Total Cost": 165132.34, "Plan Rows": 12, "Plan Width": 58, "Actual Startup Time": 501.252, "Actual Total Time": 1880.364, "Actual Rows": 284, "Actual Loops": 1, "Inner Unique": true, "Plans": [{"Node Type": "Nested Loop", "Parent Relationship": "Outer", "Join Type": "Inner", "Startup Cost": 4845.62, "Total Cost": 165046.67, "Plan Rows": 20, "Plan Width": 62, "Actual Startup Time": 501.206, "Actual Total Time": 1876.876, "Actual Rows": 400, "Actual Loops": 1, "Inner Unique": false, "Plans": [{"Node Type": "Nested Loop", "Parent Relationship": "Outer", "Join Type": "Inner", "Startup Cost": 4845.25, "Total Cost": 165006.92, "Plan Rows": 9, "Plan Width": 50, "Actual Startup Time": 501.185, "Actual Total Time": 1874.454, "Actual Rows": 120, "Actual Loops": 1, "Inner Unique": false, "Plans": [{"Node Type": "Nested Loop", "Parent Relationship": "Outer", "Join Type": "Inner", "Startup Cost": 4841.46, "Total Cost": 164944.29, "Plan Rows": 4, "Plan Width": 46, "Actual Startup Time": 497.368, "Actual Total Time": 1862.901, "Actual Rows": 1783, "Actual Loops": 1, "Inner Unique": false, "Plans": [{"Node Type": "Seq Scan", "Parent Relationship": "Outer", "Relation Name": "info_type", "Alias": "it1", "Startup Cost": 0.0, "Total Cost": 2.4, "Plan Rows": 1, "Plan Width": 4, "Actual Startup Time": 0.054, "Actual Total Time": 0.086, "Actual Rows": 1, "Actual Loops": 1, "Filter": "((info)::text = 'release dates'::text)", "Rows Removed by Filter": 111}, {"Node Type": "Bitmap Heap Scan", "Parent Relationship": "Inner", "Relation Name": "movie_info", "Alias": "mi", "Startup Cost": 4841.46, "Total Cost": 164941.85, "Plan Rows": 4, "Plan Width": 50, "Actual Startup Time": 497.307, "Actual Total Time": 1862.24, "Actual Rows": 1783, "Actual Loops": 1, "Recheck Cond": "(info_type_id = it1.id)", "Rows Removed by Index Recheck": 0, "Filter": "((info IS NOT NULL) AND ((note)::text ~~ '%internet%'::text) AND (((info)::text ~~ 'USA:% 199%'::text) OR ((info)::text ~~ 'USA:% 200%'::text)))", "Rows Removed by Filter": 3034936, "Exact Heap Blocks": 21947, "Lossy Heap Blocks": 21947, "Plans": [{"Node Type": "Bitmap Index Scan", "Parent Relationship": "Outer", "Index Name": "info_type_id_movie_info", "Startup Cost": 0.0, "Total Cost": 4841.46, "Plan Rows": 212428, "Plan Width": 0, "Actual Startup Time": 491.975, "Actual Total Time": 491.975, "Actual Rows": 3036719, "Actual Loops": 1, "Index Cond": "(info_type_id = it1.id)"}]}]}, {"Node Type": "Bitmap Heap Scan", "Parent Relationship": "Inner", "Relation Name": "aka_title", "Alias": "at", "Startup Cost": 3.79, "Total Cost": 15.63, "Plan Rows": 3, "Plan Width": 4, "Actual Startup Time": 8.595, "Actual Total Time": 8.719, "Actual Rows": 120, "Actual Loops": 1783, "Recheck Cond": "(movie_id = mi.movie_id)", "Rows Removed by Index Recheck": 0, "Exact Heap Blocks": 120, "Lossy Heap Blocks": 120, "Plans": [{"Node Type": "Bitmap Index Scan", "Parent Relationship": "Outer", "Index Name": "movie_id_aka_title", "Startup Cost": 0.0, "Total Cost": 3.79, "Plan Rows": 3, "Plan Width": 0, "Actual Startup Time": 7.093, "Actual Total Time": 7.093, "Actual Rows": 120, "Actual Loops": 1783, "Index Cond": "(movie_id = mi.movie_id)"}]}]}, {"Node Type": "Bitmap Heap Scan", "Parent Relationship": "Inner", "Relation Name": "movie_companies", "Alias": "mc", "Startup Cost": 0.37, "Total Cost": 4.4, "Plan Rows": 2, "Plan Width": 12, "Actual Startup Time": 1.56, "Actual Total Time": 1.877, "Actual Rows": 400, "Actual Loops": 120, "Recheck Cond": "(movie_id = at.movie_id)", "Rows Removed by Index Recheck": 0, "Exact Heap Blocks": 214, "Lossy Heap Blocks": 214, "Plans": [{"Node Type": "Bitmap Index Scan", "Parent Relationship": "Outer", "Index Name": "movie_id_movie_companies", "Startup Cost": 0.0, "Total Cost": 0.37, "Plan Rows": 2, "Plan Width": 0, "Actual Startup Time": 0.933, "Actual Total Time": 0.933, "Actual Rows": 400, "Actual Loops": 120, "Index Cond": "(movie_id = at.movie_id)"}]}]}, {"Node Type": "Bitmap Heap Scan", "Parent Relationship": "Inner", "Relation Name": "company_name", "Alias": "cn", "Startup Cost": 0.26, "Total Cost": 4.27, "Plan Rows": 1, "Plan Width": 4, "Actual Startup Time": 2.794, "Actual Total Time": 2.794, "Actual Rows": 284, "Actual Loops": 400, "Recheck Cond": "(id = mc.company_id)", "Rows Removed by Index Recheck": 0, "Filter": "((country_code)::text = '[us]'::text)", "Rows Removed by Filter": 116, "Exact Heap Blocks": 400, "Lossy Heap Blocks": 400, "Plans": [{"Node Type": "Bitmap Index Scan", "Parent Relationship": "Outer", "Index Name": "company_name_pkey", "Startup Cost": 0.0, "Total Cost": 0.26, "Plan Rows": 1, "Plan Width": 0, "Actual Startup Time": 1.532, "Actual Total Time": 1.532, "Actual Rows": 400, "Actual Loops": 400, "Index Cond": "(id = mc.company_id)"}]}]}, {"Node Type": "Bitmap Heap Scan", "Parent Relationship": "Inner", "Relation Name": "company_type", "Alias": "ct", "Startup Cost": 0.26, "Total Cost": 4.27, "Plan Rows": 1, "Plan Width": 4, "Actual Startup Time": 0.641, "Actual Total Time": 0.641, "Actual Rows": 119, "Actual Loops": 284, "Recheck Cond": "(id = mc.company_type_id)", "Rows Removed by Index Recheck": 0, "Exact Heap Blocks": 119, "Lossy Heap Blocks": 119, "Plans": [{"Node Type": "Bitmap Index Scan", "Parent Relationship": "Outer", "Index Name": "company_type_pkey", "Startup Cost": 0.0, "Total Cost": 0.26, "Plan Rows": 1, "Plan Width": 0, "Actual Startup Time": 0.302, "Actual Total Time": 0.302, "Actual Rows": 119, "Actual Loops": 284, "Index Cond": "(id = mc.company_type_id)"}]}]}, {"Node Type": "Bitmap Heap Scan", "Parent Relationship": "Inner", "Relation Name": "movie_keyword", "Alias": "mk", "Startup Cost": 0.34, "Total Cost": 4.44, "Plan Rows": 8, "Plan Width": 8, "Actual Startup Time": 1.183, "Actual Total Time": 1.384, "Actual Rows": 1140, "Actual Loops": 119, "Recheck Cond": "(movie_id = mc.movie_id)", "Rows Removed by Index Recheck": 0, "Exact Heap Blocks": 91, "Lossy Heap Blocks": 91, "Plans": [{"Node Type": "Bitmap Index Scan", "Parent Relationship": "Outer", "Index Name": "movie_id_movie_keyword", "Startup Cost": 0.0, "Total Cost": 0.34, "Plan Rows": 8, "Plan Width": 0, "Actual Startup Time": 0.739, "Actual Total Time": 0.739, "Actual Rows": 1140, "Actual Loops": 119, "Index Cond": "(movie_id = mc.movie_id)"}]}]}, {"Node Type": "Bitmap Heap Scan", "Parent Relationship": "Inner", "Relation Name": "keyword", "Alias": "k", "Startup Cost": 0.26, "Total Cost": 4.27, "Plan Rows": 1, "Plan Width": 4, "Actual Startup Time": 6.046, "Actual Total Time": 6.046, "Actual Rows": 1140, "Actual Loops": 1140, "Recheck Cond": "(id = mk.keyword_id)", "Rows Removed by Index Recheck": 0, "Exact Heap Blocks": 1140, "Lossy Heap Blocks": 1140, "Plans": [{"Node Type": "Bitmap Index Scan", "Parent Relationship": "Outer", "Index Name": "keyword_pkey", "Startup Cost": 0.0, "Total Cost": 0.26, "Plan Rows": 1, "Plan Width": 0, "Actual Startup Time": 3.799, "Actual Total Time": 3.799, "Actual Rows": 1140, "Actual Loops": 1140, "Index Cond": "(id = mk.keyword_id)"}]}]}, {"Node Type": "Bitmap Heap Scan", "Parent Relationship": "Inner", "Relation Name": "title", "Alias": "t", "Startup Cost": 0.27, "Total Cost": 4.28, "Plan Rows": 1, "Plan Width": 21, "Actual Startup Time": 4.896, "Actual Total Time": 4.896, "Actual Rows": 1140, "Actual Loops": 1140, "Recheck Cond": "(id = mk.movie_id)", "Rows Removed by Index Recheck": 0, "Filter": "(production_year > 1990)", "Rows Removed by Filter": 0, "Exact Heap Blocks": 1140, "Lossy Heap Blocks": 1140, "Plans": [{"Node Type": "Bitmap Index Scan", "Parent Relationship": "Outer", "Index Name": "title_pkey", "Startup Cost": 0.0, "Total Cost": 0.27, "Plan Rows": 1, "Plan Width": 0, "Actual Startup Time": 2.901, "Actual Total Time": 2.901, "Actual Rows": 1140, "Actual Loops": 1140, "Index Cond": "(id = mk.movie_id)"}]}]}]}, "Triggers": [], "Planner Runtime": 68.57, "Total Runtime": 1899.54, "Unique SQL Id": 2846462052}}, "(1, 99)": {"explain_plan": {"Plan": {"Node Type": "Aggregate", "Strategy": "Plain", "Startup Cost": 1000002719454.35, "Total Cost": 1000002719454.36, "Plan Rows": 1, "Plan Width": 123, "Plans": [{"Node Type": "Nested Loop", "Parent Relationship": "Outer", "Join Type": "Inner", "Startup Cost": 10000000002.95, "Total Cost": 1000002719453.69, "Plan Rows": 132, "Plan Width": 59, "Inner Unique": true, "Join Filter": "(at.movie_id = t.id)", "Plans": [{"Node Type": "Nested Loop", "Parent Relationship": "Outer", "Join Type": "Inner", "Startup Cost": 10000000002.69, "Total Cost": 1000002719045.82, "Plan Rows": 95, "Plan Width": 58, "Inner Unique": true, "Plans": [{"Node Type": "Nested Loop", "Parent Relationship": "Outer", "Join Type": "Inner", "Startup Cost": 10000000002.43, "Total Cost": 1000002718630.63, "Plan Rows": 97, "Plan Width": 62, "Inner Unique": false, "Join Filter": "(at.movie_id = mk.movie_id)", "Plans": [{"Node Type": "Nested Loop", "Parent Relationship": "Outer", "Join Type": "Inner", "Startup Cost": 10000000002.09, "Total Cost": 1000002718576.18, "Plan Rows": 12, "Plan Width": 54, "Inner Unique": true, "Plans": [{"Node Type": "Nested Loop", "Parent Relationship": "Outer", "Join Type": "Inner", "Startup Cost": 10000000001.84, "Total Cost": 1000002718524.81, "Plan Rows": 12, "Plan Width": 58, "Inner Unique": true, "Plans": [{"Node Type": "Nested Loop", "Parent Relationship": "Outer", "Join Type": "Inner", "Startup Cost": 10000000001.58, "Total Cost": 1000002718439.15, "Plan Rows": 20, "Plan Width": 62, "Inner Unique": false, "Plans": [{"Node Type": "Nested Loop", "Parent Relationship": "Outer", "Join Type": "Inner", "Startup Cost": 10000000001.21, "Total Cost": 1000002718399.4, "Plan Rows": 9, "Plan Width": 50, "Inner Unique": true, "Plans": [{"Node Type": "Nested Loop", "Parent Relationship": "Outer", "Join Type": "Inner", "Startup Cost": 10000000000.92, "Total Cost": 1000002715586.59, "Plan Rows": 652, "Plan Width": 54, "Inner Unique": false, "Plans": [{"Node Type": "Index Only Scan", "Parent Relationship": "Outer", "Scan Direction": "Forward", "Index Name": "movie_id_aka_title", "Relation Name": "aka_title", "Alias": "at", "Startup Cost": 10000000000.0, "Total Cost": 1000000898631.5, "Plan Rows": 361471, "Plan Width": 4}, {"Node Type": "Bitmap Heap Scan", "Parent Relationship": "Inner", "Relation Name": "movie_info", "Alias": "mi", "Startup Cost": 0.92, "Total Cost": 5.02, "Plan Rows": 1, "Plan Width": 50, "Recheck Cond": "(movie_id = at.movie_id)", "Filter": "((info IS NOT NULL) AND ((note)::text ~~ '%internet%'::text) AND (((info)::text ~~ 'USA:% 199%'::text) OR ((info)::text ~~ 'USA:% 200%'::text)))", "Plans": [{"Node Type": "Bitmap Index Scan", "Parent Relationship": "Outer", "Index Name": "movie_id_movie_info", "Startup Cost": 0.0, "Total Cost": 0.92, "Plan Rows": 5, "Plan Width": 0, "Index Cond": "(movie_id = at.movie_id)"}]}]}, {"Node Type": "Bitmap Heap Scan", "Parent Relationship": "Inner", "Relation Name": "info_type", "Alias": "it1", "Startup Cost": 0.29, "Total Cost": 4.3, "Plan Rows": 1, "Plan Width": 4, "Recheck Cond": "(id = mi.info_type_id)", "Filter": "((info)::text = 'release dates'::text)", "Plans": [{"Node Type": "Bitmap Index Scan", "Parent Relationship": "Outer", "Index Name": "info_type_pkey", "Startup Cost": 0.0, "Total Cost": 0.29, "Plan Rows": 1, "Plan Width": 0, "Index Cond": "(id = mi.info_type_id)"}]}]}, {"Node Type": "Bitmap Heap Scan", "Parent Relationship": "Inner", "Relation Name": "movie_companies", "Alias": "mc", "Startup Cost": 0.37, "Total Cost": 4.4, "Plan Rows": 2, "Plan Width": 12, "Recheck Cond": "(movie_id = at.movie_id)", "Plans": [{"Node Type": "Bitmap Index Scan", "Parent Relationship": "Outer", "Index Name": "movie_id_movie_companies", "Startup Cost": 0.0, "Total Cost": 0.37, "Plan Rows": 2, "Plan Width": 0, "Index Cond": "(movie_id = at.movie_id)"}]}]}, {"Node Type": "Bitmap Heap Scan", "Parent Relationship": "Inner", "Relation Name": "company_name", "Alias": "cn", "Startup Cost": 0.26, "Total Cost": 4.27, "Plan Rows": 1, "Plan Width": 4, "Recheck Cond": "(id = mc.company_id)", "Filter": "((country_code)::text = '[us]'::text)", "Plans": [{"Node Type": "Bitmap Index Scan", "Parent Relationship": "Outer", "Index Name": "company_name_pkey", "Startup Cost": 0.0, "Total Cost": 0.26, "Plan Rows": 1, "Plan Width": 0, "Index Cond": "(id = mc.company_id)"}]}]}, {"Node Type": "Bitmap Heap Scan", "Parent Relationship": "Inner", "Relation Name": "company_type", "Alias": "ct", "Startup Cost": 0.26, "Total Cost": 4.27, "Plan Rows": 1, "Plan Width": 4, "Recheck Cond": "(id = mc.company_type_id)", "Plans": [{"Node Type": "Bitmap Index Scan", "Parent Relationship": "Outer", "Index Name": "company_type_pkey", "Startup Cost": 0.0, "Total Cost": 0.26, "Plan Rows": 1, "Plan Width": 0, "Index Cond": "(id = mc.company_type_id)"}]}]}, {"Node Type": "Bitmap Heap Scan", "Parent Relationship": "Inner", "Relation Name": "movie_keyword", "Alias": "mk", "Startup Cost": 0.34, "Total Cost": 4.44, "Plan Rows": 8, "Plan Width": 8, "Recheck Cond": "(movie_id = mc.movie_id)", "Plans": [{"Node Type": "Bitmap Index Scan", "Parent Relationship": "Outer", "Index Name": "movie_id_movie_keyword", "Startup Cost": 0.0, "Total Cost": 0.34, "Plan Rows": 8, "Plan Width": 0, "Index Cond": "(movie_id = mc.movie_id)"}]}]}, {"Node Type": "Bitmap Heap Scan", "Parent Relationship": "Inner", "Relation Name": "keyword", "Alias": "k", "Startup Cost": 0.26, "Total Cost": 4.27, "Plan Rows": 1, "Plan Width": 4, "Recheck Cond": "(id = mk.keyword_id)", "Plans": [{"Node Type": "Bitmap Index Scan", "Parent Relationship": "Outer", "Index Name": "keyword_pkey", "Startup Cost": 0.0, "Total Cost": 0.26, "Plan Rows": 1, "Plan Width": 0, "Index Cond": "(id = mk.keyword_id)"}]}]}, {"Node Type": "Bitmap Heap Scan", "Parent Relationship": "Inner", "Relation Name": "title", "Alias": "t", "Startup Cost": 0.27, "Total Cost": 4.28, "Plan Rows": 1, "Plan Width": 21, "Recheck Cond": "(id = mk.movie_id)", "Filter": "(production_year > 1990)", "Plans": [{"Node Type": "Bitmap Index Scan", "Parent Relationship": "Outer", "Index Name": "title_pkey", "Startup Cost": 0.0, "Total Cost": 0.27, "Plan Rows": 1, "Plan Width": 0, "Index Cond": "(id = mk.movie_id)"}]}]}]}, "Unique SQL Id": 2846462052}, "explain_analyze_plan": null}, "(1, 100)": {"explain_plan": {"Plan": {"Node Type": "Aggregate", "Strategy": "Plain", "Startup Cost": 165037.09, "Total Cost": 165037.1, "Plan Rows": 1, "Plan Width": 123, "Plans": [{"Node Type": "Nested Loop", "Parent Relationship": "Outer", "Join Type": "Inner", "Startup Cost": 4841.46, "Total Cost": 165036.43, "Plan Rows": 132, "Plan Width": 59, "Inner Unique": true, "Plans": [{"Node Type": "Nested Loop", "Parent Relationship": "Outer", "Join Type": "Inner", "Startup Cost": 4841.46, "Total Cost": 164998.82, "Plan Rows": 134, "Plan Width": 63, "Inner Unique": false, "Join Filter": "(t.id = mk.movie_id)", "Plans": [{"Node Type": "Nested Loop", "Parent Relationship": "Outer", "Join Type": "Inner", "Startup Cost": 4841.46, "Total Cost": 164989.26, "Plan Rows": 17, "Plan Width": 75, "Inner Unique": false, "Plans": [{"Node Type": "Nested Loop", "Parent Relationship": "Outer", "Join Type": "Inner", "Startup Cost": 4841.46, "Total Cost": 164985.69, "Plan Rows": 10, "Plan Width": 71, "Inner Unique": true, "Plans": [{"Node Type": "Nested Loop", "Parent Relationship": "Outer", "Join Type": "Inner", "Startup Cost": 4841.46, "Total Cost": 164982.89, "Plan Rows": 10, "Plan Width": 75, "Inner Unique": true, "Plans": [{"Node Type": "Nested Loop", "Parent Relationship": "Outer", "Join Type": "Inner", "Startup Cost": 4841.46, "Total Cost": 164979.44, "Plan Rows": 12, "Plan Width": 79, "Inner Unique": false, "Plans": [{"Node Type": "Nested Loop", "Parent Relationship": "Outer", "Join Type": "Inner", "Startup Cost": 4841.46, "Total Cost": 164977.23, "Plan Rows": 6, "Plan Width": 67, "Inner Unique": true, "Plans": [{"Node Type": "Nested Loop", "Parent Relationship": "Outer", "Join Type": "Inner", "Startup Cost": 4841.46, "Total Cost": 164944.29, "Plan Rows": 4, "Plan Width": 46, "Inner Unique": false, "Plans": [{"Node Type": "Seq Scan", "Parent Relationship": "Outer", "Relation Name": "info_type", "Alias": "it1", "Startup Cost": 0.0, "Total Cost": 2.4, "Plan Rows": 1, "Plan Width": 4, "Filter": "((info)::text = 'release dates'::text)"}, {"Node Type": "Bitmap Heap Scan", "Parent Relationship": "Inner", "Relation Name": "movie_info", "Alias": "mi", "Startup Cost": 4841.46, "Total Cost": 164941.85, "Plan Rows": 4, "Plan Width": 50, "Recheck Cond": "(info_type_id = it1.id)", "Filter": "((info IS NOT NULL) AND ((note)::text ~~ '%internet%'::text) AND (((info)::text ~~ 'USA:% 199%'::text) OR ((info)::text ~~ 'USA:% 200%'::text)))", "Plans": [{"Node Type": "Bitmap Index Scan", "Parent Relationship": "Outer", "Index Name": "info_type_id_movie_info", "Startup Cost": 0.0, "Total Cost": 4841.46, "Plan Rows": 212428, "Plan Width": 0, "Index Cond": "(info_type_id = it1.id)"}]}]}, {"Node Type": "Index Scan", "Parent Relationship": "Inner", "Scan Direction": "Forward", "Index Name": "title_pkey", "Relation Name": "title", "Alias": "t", "Startup Cost": 0.0, "Total Cost": 8.23, "Plan Rows": 1, "Plan Width": 21, "Index Cond": "(id = mi.movie_id)", "Filter": "(production_year > 1990)"}]}, {"Node Type": "Index Scan", "Parent Relationship": "Inner", "Scan Direction": "Forward", "Index Name": "movie_id_movie_companies", "Relation Name": "movie_companies", "Alias": "mc", "Startup Cost": 0.0, "Total Cost": 0.35, "Plan Rows": 2, "Plan Width": 12, "Index Cond": "(movie_id = t.id)"}]}, {"Node Type": "Index Scan", "Parent Relationship": "Inner", "Scan Direction": "Forward", "Index Name": "company_name_pkey", "Relation Name": "company_name", "Alias": "cn", "Startup Cost": 0.0, "Total Cost": 0.28, "Plan Rows": 1, "Plan Width": 4, "Index Cond": "(id = mc.company_id)", "Filter": "((country_code)::text = '[us]'::text)"}]}, {"Node Type": "Index Scan", "Parent Relationship": "Inner", "Scan Direction": "Forward", "Index Name": "company_type_pkey", "Relation Name": "company_type", "Alias": "ct", "Startup Cost": 0.0, "Total Cost": 0.27, "Plan Rows": 1, "Plan Width": 4, "Index Cond": "(id = mc.company_type_id)"}]}, {"Node Type": "Index Scan", "Parent Relationship": "Inner", "Scan Direction": "Forward", "Index Name": "movie_id_aka_title", "Relation Name": "aka_title", "Alias": "at", "Startup Cost": 0.0, "Total Cost": 0.33, "Plan Rows": 3, "Plan Width": 4, "Index Cond": "(movie_id = t.id)"}]}, {"Node Type": "Index Scan", "Parent Relationship": "Inner", "Scan Direction": "Forward", "Index Name": "movie_id_movie_keyword", "Relation Name": "movie_keyword", "Alias": "mk", "Startup Cost": 0.0, "Total Cost": 0.46, "Plan Rows": 8, "Plan Width": 8, "Index Cond": "(movie_id = mc.movie_id)"}]}, {"Node Type": "Index Scan", "Parent Relationship": "Inner", "Scan Direction": "Forward", "Index Name": "keyword_pkey", "Relation Name": "keyword", "Alias": "k", "Startup Cost": 0.0, "Total Cost": 0.27, "Plan Rows": 1, "Plan Width": 4, "Index Cond": "(id = mk.keyword_id)"}]}]}, "Unique SQL Id": 2846462052}, "explain_analyze_plan": {"Plan": {"Node Type": "Aggregate", "Strategy": "Plain", "Startup Cost": 165037.09, "Total Cost": 165037.1, "Plan Rows": 1, "Plan Width": 123, "Actual Startup Time": 1673.182, "Actual Total Time": 1673.182, "Actual Rows": 1, "Actual Loops": 1, "Plans": [{"Node Type": "Nested Loop", "Parent Relationship": "Outer", "Join Type": "Inner", "Startup Cost": 4841.46, "Total Cost": 165036.43, "Plan Rows": 132, "Plan Width": 59, "Actual Startup Time": 420.928, "Actual Total Time": 1672.236, "Actual Rows": 1140, "Actual Loops": 1, "Inner Unique": true, "Plans": [{"Node Type": "Nested Loop", "Parent Relationship": "Outer", "Join Type": "Inner", "Startup Cost": 4841.46, "Total Cost": 164998.82, "Plan Rows": 134, "Plan Width": 63, "Actual Startup Time": 420.914, "Actual Total Time": 1666.931, "Actual Rows": 1140, "Actual Loops": 1, "Inner Unique": false, "Join Filter": "(t.id = mk.movie_id)", "Rows Removed by Join Filter": 0, "Plans": [{"Node Type": "Nested Loop", "Parent Relationship": "Outer", "Join Type": "Inner", "Startup Cost": 4841.46, "Total Cost": 164989.26, "Plan Rows": 17, "Plan Width": 75, "Actual Startup Time": 420.891, "Actual Total Time": 1665.128, "Actual Rows": 119, "Actual Loops": 1, "Inner Unique": false, "Plans": [{"Node Type": "Nested Loop", "Parent Relationship": "Outer", "Join Type": "Inner", "Startup Cost": 4841.46, "Total Cost": 164985.69, "Plan Rows": 10, "Plan Width": 71, "Actual Startup Time": 378.055, "Actual Total Time": 1659.526, "Actual Rows": 1488, "Actual Loops": 1, "Inner Unique": true, "Plans": [{"Node Type": "Nested Loop", "Parent Relationship": "Outer", "Join Type": "Inner", "Startup Cost": 4841.46, "Total Cost": 164982.89, "Plan Rows": 10, "Plan Width": 75, "Actual Startup Time": 378.036, "Actual Total Time": 1654.024, "Actual Rows": 2647, "Actual Loops": 1, "Inner Unique": true, "Plans": [{"Node Type": "Nested Loop", "Parent Relationship": "Outer", "Join Type": "Inner", "Startup Cost": 4841.46, "Total Cost": 164979.44, "Plan Rows": 12, "Plan Width": 79, "Actual Startup Time": 378.019, "Actual Total Time": 1637.705, "Actual Rows": 2884, "Actual Loops": 1, "Inner Unique": false, "Plans": [{"Node Type": "Nested Loop", "Parent Relationship": "Outer", "Join Type": "Inner", "Startup Cost": 4841.46, "Total Cost": 164977.23, "Plan Rows": 6, "Plan Width": 67, "Actual Startup Time": 378.006, "Actual Total Time": 1624.243, "Actual Rows": 1782, "Actual Loops": 1, "Inner Unique": true, "Plans": [{"Node Type": "Nested Loop", "Parent Relationship": "Outer", "Join Type": "Inner", "Startup Cost": 4841.46, "Total Cost": 164944.29, "Plan Rows": 4, "Plan Width": 46, "Actual Startup Time": 377.96, "Actual Total Time": 1610.574, "Actual Rows": 1783, "Actual Loops": 1, "Inner Unique": false, "Plans": [{"Node Type": "Seq Scan", "Parent Relationship": "Outer", "Relation Name": "info_type", "Alias": "it1", "Startup Cost": 0.0, "Total Cost": 2.4, "Plan Rows": 1, "Plan Width": 4, "Actual Startup Time": 0.05, "Actual Total Time": 0.096, "Actual Rows": 1, "Actual Loops": 1, "Filter": "((info)::text = 'release dates'::text)", "Rows Removed by Filter": 111}, {"Node Type": "Bitmap Heap Scan", "Parent Relationship": "Inner", "Relation Name": "movie_info", "Alias": "mi", "Startup Cost": 4841.46, "Total Cost": 164941.85, "Plan Rows": 4, "Plan Width": 50, "Actual Startup Time": 377.9, "Actual Total Time": 1609.836, "Actual Rows": 1783, "Actual Loops": 1, "Recheck Cond": "(info_type_id = it1.id)", "Rows Removed by Index Recheck": 0, "Filter": "((info IS NOT NULL) AND ((note)::text ~~ '%internet%'::text) AND (((info)::text ~~ 'USA:% 199%'::text) OR ((info)::text ~~ 'USA:% 200%'::text)))", "Rows Removed by Filter": 3034936, "Exact Heap Blocks": 21947, "Lossy Heap Blocks": 21947, "Plans": [{"Node Type": "Bitmap Index Scan", "Parent Relationship": "Outer", "Index Name": "info_type_id_movie_info", "Startup Cost": 0.0, "Total Cost": 4841.46, "Plan Rows": 212428, "Plan Width": 0, "Actual Startup Time": 372.624, "Actual Total Time": 372.624, "Actual Rows": 3036719, "Actual Loops": 1, "Index Cond": "(info_type_id = it1.id)"}]}]}, {"Node Type": "Index Scan", "Parent Relationship": "Inner", "Scan Direction": "Forward", "Index Name": "title_pkey", "Relation Name": "title", "Alias": "t", "Startup Cost": 0.0, "Total Cost": 8.23, "Plan Rows": 1, "Plan Width": 21, "Actual Startup Time": 11.178, "Actual Total Time": 11.178, "Actual Rows": 1782, "Actual Loops": 1783, "Index Cond": "(id = mi.movie_id)", "Rows Removed by Index Recheck": 0, "Filter": "(production_year > 1990)", "Rows Removed by Filter": 1}]}, {"Node Type": "Index Scan", "Parent Relationship": "Inner", "Scan Direction": "Forward", "Index Name": "movie_id_movie_companies", "Relation Name": "movie_companies", "Alias": "mc", "Startup Cost": 0.0, "Total Cost": 0.35, "Plan Rows": 2, "Plan Width": 12, "Actual Startup Time": 9.065, "Actual Total Time": 11.572, "Actual Rows": 2884, "Actual Loops": 1782, "Index Cond": "(movie_id = t.id)", "Rows Removed by Index Recheck": 0}]}, {"Node Type": "Index Scan", "Parent Relationship": "Inner", "Scan Direction": "Forward", "Index Name": "company_name_pkey", "Relation Name": "company_name", "Alias": "cn", "Startup Cost": 0.0, "Total Cost": 0.28, "Plan Rows": 1, "Plan Width": 4, "Actual Startup Time": 13.606, "Actual Total Time": 13.606, "Actual Rows": 2647, "Actual Loops": 2884, "Index Cond": "(id = mc.company_id)", "Rows Removed by Index Recheck": 0, "Filter": "((country_code)::text = '[us]'::text)", "Rows Removed by Filter": 237}]}, {"Node Type": "Index Scan", "Parent Relationship": "Inner", "Scan Direction": "Forward", "Index Name": "company_type_pkey", "Relation Name": "company_type", "Alias": "ct", "Startup Cost": 0.0, "Total Cost": 0.27, "Plan Rows": 1, "Plan Width": 4, "Actual Startup Time": 3.363, "Actual Total Time": 3.363, "Actual Rows": 1488, "Actual Loops": 2647, "Index Cond": "(id = mc.company_type_id)", "Rows Removed by Index Recheck": 0}]}, {"Node Type": "Index Scan", "Parent Relationship": "Inner", "Scan Direction": "Forward", "Index Name": "movie_id_aka_title", "Relation Name": "aka_title", "Alias": "at", "Startup Cost": 0.0, "Total Cost": 0.33, "Plan Rows": 3, "Plan Width": 4, "Actual Startup Time": 4.576, "Actual Total Time": 4.662, "Actual Rows": 119, "Actual Loops": 1488, "Index Cond": "(movie_id = t.id)", "Rows Removed by Index Recheck": 0}]}, {"Node Type": "Index Scan", "Parent Relationship": "Inner", "Scan Direction": "Forward", "Index Name": "movie_id_movie_keyword", "Relation Name": "movie_keyword", "Alias": "mk", "Startup Cost": 0.0, "Total Cost": 0.46, "Plan Rows": 8, "Plan Width": 8, "Actual Startup Time": 0.683, "Actual Total Time": 1.22, "Actual Rows": 1140, "Actual Loops": 119, "Index Cond": "(movie_id = mc.movie_id)", "Rows Removed by Index Recheck": 0}]}, {"Node Type": "Index Scan", "Parent Relationship": "Inner", "Scan Direction": "Forward", "Index Name": "keyword_pkey", "Relation Name": "keyword", "Alias": "k", "Startup Cost": 0.0, "Total Cost": 0.27, "Plan Rows": 1, "Plan Width": 4, "Actual Startup Time": 4.373, "Actual Total Time": 4.373, "Actual Rows": 1140, "Actual Loops": 1140, "Index Cond": "(id = mk.keyword_id)", "Rows Removed by Index Recheck": 0}]}]}, "Triggers": [], "Planner Runtime": 61.81, "Total Runtime": 1673.598, "Unique SQL Id": 2846462052}}, "(1, 101)": {"explain_plan": {"Plan": {"Node Type": "Aggregate", "Strategy": "Plain", "Startup Cost": 165048.9, "Total Cost": 165048.91, "Plan Rows": 1, "Plan Width": 123, "Plans": [{"Node Type": "Nested Loop", "Parent Relationship": "Outer", "Join Type": "Inner", "Startup Cost": 4841.46, "Total Cost": 165048.24, "Plan Rows": 132, "Plan Width": 59, "Inner Unique": true, "Plans": [{"Node Type": "Nested Loop", "Parent Relationship": "Outer", "Join Type": "Inner", "Startup Cost": 4841.46, "Total Cost": 165010.63, "Plan Rows": 134, "Plan Width": 63, "Inner Unique": false, "Join Filter": "(t.id = mk.movie_id)", "Plans": [{"Node Type": "Nested Loop", "Parent Relationship": "Outer", "Join Type": "Inner", "Startup Cost": 4841.46, "Total Cost": 165001.07, "Plan Rows": 17, "Plan Width": 75, "Inner Unique": false, "Plans": [{"Node Type": "Nested Loop", "Parent Relationship": "Outer", "Join Type": "Inner", "Startup Cost": 4841.46, "Total Cost": 164997.5, "Plan Rows": 10, "Plan Width": 71, "Inner Unique": true, "Plans": [{"Node Type": "Nested Loop", "Parent Relationship": "Outer", "Join Type": "Inner", "Startup Cost": 4841.46, "Total Cost": 164994.7, "Plan Rows": 10, "Plan Width": 75, "Inner Unique": true, "Plans": [{"Node Type": "Nested Loop", "Parent Relationship": "Outer", "Join Type": "Inner", "Startup Cost": 4841.46, "Total Cost": 164991.25, "Plan Rows": 12, "Plan Width": 79, "Inner Unique": false, "Plans": [{"Node Type": "Nested Loop", "Parent Relationship": "Outer", "Join Type": "Inner", "Startup Cost": 4841.46, "Total Cost": 164989.04, "Plan Rows": 6, "Plan Width": 67, "Inner Unique": true, "Plans": [{"Node Type": "Nested Loop", "Parent Relationship": "Outer", "Join Type": "Inner", "Startup Cost": 4841.46, "Total Cost": 164956.1, "Plan Rows": 4, "Plan Width": 46, "Inner Unique": false, "Plans": [{"Node Type": "Index Scan", "Parent Relationship": "Outer", "Scan Direction": "Forward", "Index Name": "info_type_pkey", "Relation Name": "info_type", "Alias": "it1", "Startup Cost": 0.0, "Total Cost": 14.21, "Plan Rows": 1, "Plan Width": 4, "Filter": "((info)::text = 'release dates'::text)"}, {"Node Type": "Bitmap Heap Scan", "Parent Relationship": "Inner", "Relation Name": "movie_info", "Alias": "mi", "Startup Cost": 4841.46, "Total Cost": 164941.85, "Plan Rows": 4, "Plan Width": 50, "Recheck Cond": "(info_type_id = it1.id)", "Filter": "((info IS NOT NULL) AND ((note)::text ~~ '%internet%'::text) AND (((info)::text ~~ 'USA:% 199%'::text) OR ((info)::text ~~ 'USA:% 200%'::text)))", "Plans": [{"Node Type": "Bitmap Index Scan", "Parent Relationship": "Outer", "Index Name": "info_type_id_movie_info", "Startup Cost": 0.0, "Total Cost": 4841.46, "Plan Rows": 212428, "Plan Width": 0, "Index Cond": "(info_type_id = it1.id)"}]}]}, {"Node Type": "Index Scan", "Parent Relationship": "Inner", "Scan Direction": "Forward", "Index Name": "title_pkey", "Relation Name": "title", "Alias": "t", "Startup Cost": 0.0, "Total Cost": 8.23, "Plan Rows": 1, "Plan Width": 21, "Index Cond": "(id = mi.movie_id)", "Filter": "(production_year > 1990)"}]}, {"Node Type": "Index Scan", "Parent Relationship": "Inner", "Scan Direction": "Forward", "Index Name": "movie_id_movie_companies", "Relation Name": "movie_companies", "Alias": "mc", "Startup Cost": 0.0, "Total Cost": 0.35, "Plan Rows": 2, "Plan Width": 12, "Index Cond": "(movie_id = t.id)"}]}, {"Node Type": "Index Scan", "Parent Relationship": "Inner", "Scan Direction": "Forward", "Index Name": "company_name_pkey", "Relation Name": "company_name", "Alias": "cn", "Startup Cost": 0.0, "Total Cost": 0.28, "Plan Rows": 1, "Plan Width": 4, "Index Cond": "(id = mc.company_id)", "Filter": "((country_code)::text = '[us]'::text)"}]}, {"Node Type": "Index Scan", "Parent Relationship": "Inner", "Scan Direction": "Forward", "Index Name": "company_type_pkey", "Relation Name": "company_type", "Alias": "ct", "Startup Cost": 0.0, "Total Cost": 0.27, "Plan Rows": 1, "Plan Width": 4, "Index Cond": "(id = mc.company_type_id)"}]}, {"Node Type": "Index Scan", "Parent Relationship": "Inner", "Scan Direction": "Forward", "Index Name": "movie_id_aka_title", "Relation Name": "aka_title", "Alias": "at", "Startup Cost": 0.0, "Total Cost": 0.33, "Plan Rows": 3, "Plan Width": 4, "Index Cond": "(movie_id = t.id)"}]}, {"Node Type": "Index Scan", "Parent Relationship": "Inner", "Scan Direction": "Forward", "Index Name": "movie_id_movie_keyword", "Relation Name": "movie_keyword", "Alias": "mk", "Startup Cost": 0.0, "Total Cost": 0.46, "Plan Rows": 8, "Plan Width": 8, "Index Cond": "(movie_id = mc.movie_id)"}]}, {"Node Type": "Index Scan", "Parent Relationship": "Inner", "Scan Direction": "Forward", "Index Name": "keyword_pkey", "Relation Name": "keyword", "Alias": "k", "Startup Cost": 0.0, "Total Cost": 0.27, "Plan Rows": 1, "Plan Width": 4, "Index Cond": "(id = mk.keyword_id)"}]}]}, "Unique SQL Id": 2846462052}, "explain_analyze_plan": {"Plan": {"Node Type": "Aggregate", "Strategy": "Plain", "Startup Cost": 165048.9, "Total Cost": 165048.91, "Plan Rows": 1, "Plan Width": 123, "Actual Startup Time": 1920.0, "Actual Total Time": 1920.0, "Actual Rows": 1, "Actual Loops": 1, "Plans": [{"Node Type": "Nested Loop", "Parent Relationship": "Outer", "Join Type": "Inner", "Startup Cost": 4841.46, "Total Cost": 165048.24, "Plan Rows": 132, "Plan Width": 59, "Actual Startup Time": 551.55, "Actual Total Time": 1919.063, "Actual Rows": 1140, "Actual Loops": 1, "Inner Unique": true, "Plans": [{"Node Type": "Nested Loop", "Parent Relationship": "Outer", "Join Type": "Inner", "Startup Cost": 4841.46, "Total Cost": 165010.63, "Plan Rows": 134, "Plan Width": 63, "Actual Startup Time": 551.522, "Actual Total Time": 1913.523, "Actual Rows": 1140, "Actual Loops": 1, "Inner Unique": false, "Join Filter": "(t.id = mk.movie_id)", "Rows Removed by Join Filter": 0, "Plans": [{"Node Type": "Nested Loop", "Parent Relationship": "Outer", "Join Type": "Inner", "Startup Cost": 4841.46, "Total Cost": 165001.07, "Plan Rows": 17, "Plan Width": 75, "Actual Startup Time": 551.484, "Actual Total Time": 1911.577, "Actual Rows": 119, "Actual Loops": 1, "Inner Unique": false, "Plans": [{"Node Type": "Nested Loop", "Parent Relationship": "Outer", "Join Type": "Inner", "Startup Cost": 4841.46, "Total Cost": 164997.5, "Plan Rows": 10, "Plan Width": 71, "Actual Startup Time": 501.284, "Actual Total Time": 1905.25, "Actual Rows": 1488, "Actual Loops": 1, "Inner Unique": true, "Plans": [{"Node Type": "Nested Loop", "Parent Relationship": "Outer", "Join Type": "Inner", "Startup Cost": 4841.46, "Total Cost": 164994.7, "Plan Rows": 10, "Plan Width": 75, "Actual Startup Time": 501.255, "Actual Total Time": 1899.494, "Actual Rows": 2647, "Actual Loops": 1, "Inner Unique": true, "Plans": [{"Node Type": "Nested Loop", "Parent Relationship": "Outer", "Join Type": "Inner", "Startup Cost": 4841.46, "Total Cost": 164991.25, "Plan Rows": 12, "Plan Width": 79, "Actual Startup Time": 501.217, "Actual Total Time": 1881.153, "Actual Rows": 2884, "Actual Loops": 1, "Inner Unique": false, "Plans": [{"Node Type": "Nested Loop", "Parent Relationship": "Outer", "Join Type": "Inner", "Startup Cost": 4841.46, "Total Cost": 164989.04, "Plan Rows": 6, "Plan Width": 67, "Actual Startup Time": 501.193, "Actual Total Time": 1865.42, "Actual Rows": 1782, "Actual Loops": 1, "Inner Unique": true, "Plans": [{"Node Type": "Nested Loop", "Parent Relationship": "Outer", "Join Type": "Inner", "Startup Cost": 4841.46, "Total Cost": 164956.1, "Plan Rows": 4, "Plan Width": 46, "Actual Startup Time": 501.146, "Actual Total Time": 1849.754, "Actual Rows": 1783, "Actual Loops": 1, "Inner Unique": false, "Plans": [{"Node Type": "Index Scan", "Parent Relationship": "Outer", "Scan Direction": "Forward", "Index Name": "info_type_pkey", "Relation Name": "info_type", "Alias": "it1", "Startup Cost": 0.0, "Total Cost": 14.21, "Plan Rows": 1, "Plan Width": 4, "Actual Startup Time": 0.04, "Actual Total Time": 0.093, "Actual Rows": 1, "Actual Loops": 1, "Filter": "((info)::text = 'release dates'::text)", "Rows Removed by Filter": 111}, {"Node Type": "Bitmap Heap Scan", "Parent Relationship": "Inner", "Relation Name": "movie_info", "Alias": "mi", "Startup Cost": 4841.46, "Total Cost": 164941.85, "Plan Rows": 4, "Plan Width": 50, "Actual Startup Time": 501.096, "Actual Total Time": 1849.039, "Actual Rows": 1783, "Actual Loops": 1, "Recheck Cond": "(info_type_id = it1.id)", "Rows Removed by Index Recheck": 0, "Filter": "((info IS NOT NULL) AND ((note)::text ~~ '%internet%'::text) AND (((info)::text ~~ 'USA:% 199%'::text) OR ((info)::text ~~ 'USA:% 200%'::text)))", "Rows Removed by Filter": 3034936, "Exact Heap Blocks": 21947, "Lossy Heap Blocks": 21947, "Plans": [{"Node Type": "Bitmap Index Scan", "Parent Relationship": "Outer", "Index Name": "info_type_id_movie_info", "Startup Cost": 0.0, "Total Cost": 4841.46, "Plan Rows": 212428, "Plan Width": 0, "Actual Startup Time": 495.37, "Actual Total Time": 495.37, "Actual Rows": 3036719, "Actual Loops": 1, "Index Cond": "(info_type_id = it1.id)"}]}]}, {"Node Type": "Index Scan", "Parent Relationship": "Inner", "Scan Direction": "Forward", "Index Name": "title_pkey", "Relation Name": "title", "Alias": "t", "Startup Cost": 0.0, "Total Cost": 8.23, "Plan Rows": 1, "Plan Width": 21, "Actual Startup Time": 13.18, "Actual Total Time": 13.18, "Actual Rows": 1782, "Actual Loops": 1783, "Index Cond": "(id = mi.movie_id)", "Rows Removed by Index Recheck": 0, "Filter": "(production_year > 1990)", "Rows Removed by Filter": 1}]}, {"Node Type": "Index Scan", "Parent Relationship": "Inner", "Scan Direction": "Forward", "Index Name": "movie_id_movie_companies", "Relation Name": "movie_companies", "Alias": "mc", "Startup Cost": 0.0, "Total Cost": 0.35, "Plan Rows": 2, "Plan Width": 12, "Actual Startup Time": 10.655, "Actual Total Time": 13.651, "Actual Rows": 2884, "Actual Loops": 1782, "Index Cond": "(movie_id = t.id)", "Rows Removed by Index Recheck": 0}]}, {"Node Type": "Index Scan", "Parent Relationship": "Inner", "Scan Direction": "Forward", "Index Name": "company_name_pkey", "Relation Name": "company_name", "Alias": "cn", "Startup Cost": 0.0, "Total Cost": 0.28, "Plan Rows": 1, "Plan Width": 4, "Actual Startup Time": 15.504, "Actual Total Time": 15.504, "Actual Rows": 2647, "Actual Loops": 2884, "Index Cond": "(id = mc.company_id)", "Rows Removed by Index Recheck": 0, "Filter": "((country_code)::text = '[us]'::text)", "Rows Removed by Filter": 237}]}, {"Node Type": "Index Scan", "Parent Relationship": "Inner", "Scan Direction": "Forward", "Index Name": "company_type_pkey", "Relation Name": "company_type", "Alias": "ct", "Startup Cost": 0.0, "Total Cost": 0.27, "Plan Rows": 1, "Plan Width": 4, "Actual Startup Time": 3.423, "Actual Total Time": 3.423, "Actual Rows": 1488, "Actual Loops": 2647, "Index Cond": "(id = mc.company_type_id)", "Rows Removed by Index Recheck": 0}]}, {"Node Type": "Index Scan", "Parent Relationship": "Inner", "Scan Direction": "Forward", "Index Name": "movie_id_aka_title", "Relation Name": "aka_title", "Alias": "at", "Startup Cost": 0.0, "Total Cost": 0.33, "Plan Rows": 3, "Plan Width": 4, "Actual Startup Time": 5.207, "Actual Total Time": 5.319, "Actual Rows": 119, "Actual Loops": 1488, "Index Cond": "(movie_id = t.id)", "Rows Removed by Index Recheck": 0}]}, {"Node Type": "Index Scan", "Parent Relationship": "Inner", "Scan Direction": "Forward", "Index Name": "movie_id_movie_keyword", "Relation Name": "movie_keyword", "Alias": "mk", "Startup Cost": 0.0, "Total Cost": 0.46, "Plan Rows": 8, "Plan Width": 8, "Actual Startup Time": 0.809, "Actual Total Time": 1.322, "Actual Rows": 1140, "Actual Loops": 119, "Index Cond": "(movie_id = mc.movie_id)", "Rows Removed by Index Recheck": 0}]}, {"Node Type": "Index Scan", "Parent Relationship": "Inner", "Scan Direction": "Forward", "Index Name": "keyword_pkey", "Relation Name": "keyword", "Alias": "k", "Startup Cost": 0.0, "Total Cost": 0.27, "Plan Rows": 1, "Plan Width": 4, "Actual Startup Time": 4.564, "Actual Total Time": 4.564, "Actual Rows": 1140, "Actual Loops": 1140, "Index Cond": "(id = mk.keyword_id)", "Rows Removed by Index Recheck": 0}]}]}, "Triggers": [], "Planner Runtime": 58.526, "Total Runtime": 1920.428, "Unique SQL Id": 2846462052}}, "(1, 102)": {"explain_plan": {"Plan": {"Node Type": "Aggregate", "Strategy": "Plain", "Startup Cost": 166061.88, "Total Cost": 166061.89, "Plan Rows": 1, "Plan Width": 123, "Plans": [{"Node Type": "Nested Loop", "Parent Relationship": "Outer", "Join Type": "Inner", "Startup Cost": 4847.0, "Total Cost": 166061.22, "Plan Rows": 132, "Plan Width": 59, "Inner Unique": true, "Join Filter": "(at.movie_id = t.id)", "Plans": [{"Node Type": "Nested Loop", "Parent Relationship": "Outer", "Join Type": "Inner", "Startup Cost": 4846.73, "Total Cost": 165653.34, "Plan Rows": 95, "Plan Width": 58, "Inner Unique": true, "Plans": [{"Node Type": "Nested Loop", "Parent Relationship": "Outer", "Join Type": "Inner", "Startup Cost": 4846.47, "Total Cost": 165238.16, "Plan Rows": 97, "Plan Width": 62, "Inner Unique": false, "Join Filter": "(at.movie_id = mk.movie_id)", "Plans": [{"Node Type": "Nested Loop", "Parent Relationship": "Outer", "Join Type": "Inner", "Startup Cost": 4846.14, "Total Cost": 165183.7, "Plan Rows": 12, "Plan Width": 54, "Inner Unique": true, "Plans": [{"Node Type": "Nested Loop", "Parent Relationship": "Outer", "Join Type": "Inner", "Startup Cost": 4845.88, "Total Cost": 165132.34, "Plan Rows": 12, "Plan Width": 58, "Inner Unique": true, "Plans": [{"Node Type": "Nested Loop", "Parent Relationship": "Outer", "Join Type": "Inner", "Startup Cost": 4845.62, "Total Cost": 165046.67, "Plan Rows": 20, "Plan Width": 62, "Inner Unique": false, "Plans": [{"Node Type": "Nested Loop", "Parent Relationship": "Outer", "Join Type": "Inner", "Startup Cost": 4845.25, "Total Cost": 165006.92, "Plan Rows": 9, "Plan Width": 50, "Inner Unique": false, "Plans": [{"Node Type": "Nested Loop", "Parent Relationship": "Outer", "Join Type": "Inner", "Startup Cost": 4841.46, "Total Cost": 164944.29, "Plan Rows": 4, "Plan Width": 46, "Inner Unique": false, "Plans": [{"Node Type": "Seq Scan", "Parent Relationship": "Outer", "Relation Name": "info_type", "Alias": "it1", "Startup Cost": 0.0, "Total Cost": 2.4, "Plan Rows": 1, "Plan Width": 4, "Filter": "((info)::text = 'release dates'::text)"}, {"Node Type": "Bitmap Heap Scan", "Parent Relationship": "Inner", "Relation Name": "movie_info", "Alias": "mi", "Startup Cost": 4841.46, "Total Cost": 164941.85, "Plan Rows": 4, "Plan Width": 50, "Recheck Cond": "(info_type_id = it1.id)", "Filter": "((info IS NOT NULL) AND ((note)::text ~~ '%internet%'::text) AND (((info)::text ~~ 'USA:% 199%'::text) OR ((info)::text ~~ 'USA:% 200%'::text)))", "Plans": [{"Node Type": "Bitmap Index Scan", "Parent Relationship": "Outer", "Index Name": "info_type_id_movie_info", "Startup Cost": 0.0, "Total Cost": 4841.46, "Plan Rows": 212428, "Plan Width": 0, "Index Cond": "(info_type_id = it1.id)"}]}]}, {"Node Type": "Bitmap Heap Scan", "Parent Relationship": "Inner", "Relation Name": "aka_title", "Alias": "at", "Startup Cost": 3.79, "Total Cost": 15.63, "Plan Rows": 3, "Plan Width": 4, "Recheck Cond": "(movie_id = mi.movie_id)", "Plans": [{"Node Type": "Bitmap Index Scan", "Parent Relationship": "Outer", "Index Name": "movie_id_aka_title", "Startup Cost": 0.0, "Total Cost": 3.79, "Plan Rows": 3, "Plan Width": 0, "Index Cond": "(movie_id = mi.movie_id)"}]}]}, {"Node Type": "Bitmap Heap Scan", "Parent Relationship": "Inner", "Relation Name": "movie_companies", "Alias": "mc", "Startup Cost": 0.37, "Total Cost": 4.4, "Plan Rows": 2, "Plan Width": 12, "Recheck Cond": "(movie_id = at.movie_id)", "Plans": [{"Node Type": "Bitmap Index Scan", "Parent Relationship": "Outer", "Index Name": "movie_id_movie_companies", "Startup Cost": 0.0, "Total Cost": 0.37, "Plan Rows": 2, "Plan Width": 0, "Index Cond": "(movie_id = at.movie_id)"}]}]}, {"Node Type": "Bitmap Heap Scan", "Parent Relationship": "Inner", "Relation Name": "company_name", "Alias": "cn", "Startup Cost": 0.26, "Total Cost": 4.27, "Plan Rows": 1, "Plan Width": 4, "Recheck Cond": "(id = mc.company_id)", "Filter": "((country_code)::text = '[us]'::text)", "Plans": [{"Node Type": "Bitmap Index Scan", "Parent Relationship": "Outer", "Index Name": "company_name_pkey", "Startup Cost": 0.0, "Total Cost": 0.26, "Plan Rows": 1, "Plan Width": 0, "Index Cond": "(id = mc.company_id)"}]}]}, {"Node Type": "Bitmap Heap Scan", "Parent Relationship": "Inner", "Relation Name": "company_type", "Alias": "ct", "Startup Cost": 0.26, "Total Cost": 4.27, "Plan Rows": 1, "Plan Width": 4, "Recheck Cond": "(id = mc.company_type_id)", "Plans": [{"Node Type": "Bitmap Index Scan", "Parent Relationship": "Outer", "Index Name": "company_type_pkey", "Startup Cost": 0.0, "Total Cost": 0.26, "Plan Rows": 1, "Plan Width": 0, "Index Cond": "(id = mc.company_type_id)"}]}]}, {"Node Type": "Bitmap Heap Scan", "Parent Relationship": "Inner", "Relation Name": "movie_keyword", "Alias": "mk", "Startup Cost": 0.34, "Total Cost": 4.44, "Plan Rows": 8, "Plan Width": 8, "Recheck Cond": "(movie_id = mc.movie_id)", "Plans": [{"Node Type": "Bitmap Index Scan", "Parent Relationship": "Outer", "Index Name": "movie_id_movie_keyword", "Startup Cost": 0.0, "Total Cost": 0.34, "Plan Rows": 8, "Plan Width": 0, "Index Cond": "(movie_id = mc.movie_id)"}]}]}, {"Node Type": "Bitmap Heap Scan", "Parent Relationship": "Inner", "Relation Name": "keyword", "Alias": "k", "Startup Cost": 0.26, "Total Cost": 4.27, "Plan Rows": 1, "Plan Width": 4, "Recheck Cond": "(id = mk.keyword_id)", "Plans": [{"Node Type": "Bitmap Index Scan", "Parent Relationship": "Outer", "Index Name": "keyword_pkey", "Startup Cost": 0.0, "Total Cost": 0.26, "Plan Rows": 1, "Plan Width": 0, "Index Cond": "(id = mk.keyword_id)"}]}]}, {"Node Type": "Bitmap Heap Scan", "Parent Relationship": "Inner", "Relation Name": "title", "Alias": "t", "Startup Cost": 0.27, "Total Cost": 4.28, "Plan Rows": 1, "Plan Width": 21, "Recheck Cond": "(id = mk.movie_id)", "Filter": "(production_year > 1990)", "Plans": [{"Node Type": "Bitmap Index Scan", "Parent Relationship": "Outer", "Index Name": "title_pkey", "Startup Cost": 0.0, "Total Cost": 0.27, "Plan Rows": 1, "Plan Width": 0, "Index Cond": "(id = mk.movie_id)"}]}]}]}, "Unique SQL Id": 2846462052}, "explain_analyze_plan": {"Plan": {"Node Type": "Aggregate", "Strategy": "Plain", "Startup Cost": 166061.88, "Total Cost": 166061.89, "Plan Rows": 1, "Plan Width": 123, "Actual Startup Time": 1899.068, "Actual Total Time": 1899.069, "Actual Rows": 1, "Actual Loops": 1, "Plans": [{"Node Type": "Nested Loop", "Parent Relationship": "Outer", "Join Type": "Inner", "Startup Cost": 4847.0, "Total Cost": 166061.22, "Plan Rows": 132, "Plan Width": 59, "Actual Startup Time": 542.471, "Actual Total Time": 1898.017, "Actual Rows": 1140, "Actual Loops": 1, "Inner Unique": true, "Join Filter": "(at.movie_id = t.id)", "Rows Removed by Join Filter": 0, "Plans": [{"Node Type": "Nested Loop", "Parent Relationship": "Outer", "Join Type": "Inner", "Startup Cost": 4846.73, "Total Cost": 165653.34, "Plan Rows": 95, "Plan Width": 58, "Actual Startup Time": 542.427, "Actual Total Time": 1891.329, "Actual Rows": 1140, "Actual Loops": 1, "Inner Unique": true, "Plans": [{"Node Type": "Nested Loop", "Parent Relationship": "Outer", "Join Type": "Inner", "Startup Cost": 4846.47, "Total Cost": 165238.16, "Plan Rows": 97, "Plan Width": 62, "Actual Startup Time": 542.394, "Actual Total Time": 1883.561, "Actual Rows": 1140, "Actual Loops": 1, "Inner Unique": false, "Join Filter": "(at.movie_id = mk.movie_id)", "Rows Removed by Join Filter": 0, "Plans": [{"Node Type": "Nested Loop", "Parent Relationship": "Outer", "Join Type": "Inner", "Startup Cost": 4846.14, "Total Cost": 165183.7, "Plan Rows": 12, "Plan Width": 54, "Actual Startup Time": 542.34, "Actual Total Time": 1881.479, "Actual Rows": 119, "Actual Loops": 1, "Inner Unique": true, "Plans": [{"Node Type": "Nested Loop", "Parent Relationship": "Outer", "Join Type": "Inner", "Startup Cost": 4845.88, "Total Cost": 165132.34, "Plan Rows": 12, "Plan Width": 58, "Actual Startup Time": 501.252, "Actual Total Time": 1880.364, "Actual Rows": 284, "Actual Loops": 1, "Inner Unique": true, "Plans": [{"Node Type": "Nested Loop", "Parent Relationship": "Outer", "Join Type": "Inner", "Startup Cost": 4845.62, "Total Cost": 165046.67, "Plan Rows": 20, "Plan Width": 62, "Actual Startup Time": 501.206, "Actual Total Time": 1876.876, "Actual Rows": 400, "Actual Loops": 1, "Inner Unique": false, "Plans": [{"Node Type": "Nested Loop", "Parent Relationship": "Outer", "Join Type": "Inner", "Startup Cost": 4845.25, "Total Cost": 165006.92, "Plan Rows": 9, "Plan Width": 50, "Actual Startup Time": 501.185, "Actual Total Time": 1874.454, "Actual Rows": 120, "Actual Loops": 1, "Inner Unique": false, "Plans": [{"Node Type": "Nested Loop", "Parent Relationship": "Outer", "Join Type": "Inner", "Startup Cost": 4841.46, "Total Cost": 164944.29, "Plan Rows": 4, "Plan Width": 46, "Actual Startup Time": 497.368, "Actual Total Time": 1862.901, "Actual Rows": 1783, "Actual Loops": 1, "Inner Unique": false, "Plans": [{"Node Type": "Seq Scan", "Parent Relationship": "Outer", "Relation Name": "info_type", "Alias": "it1", "Startup Cost": 0.0, "Total Cost": 2.4, "Plan Rows": 1, "Plan Width": 4, "Actual Startup Time": 0.054, "Actual Total Time": 0.086, "Actual Rows": 1, "Actual Loops": 1, "Filter": "((info)::text = 'release dates'::text)", "Rows Removed by Filter": 111}, {"Node Type": "Bitmap Heap Scan", "Parent Relationship": "Inner", "Relation Name": "movie_info", "Alias": "mi", "Startup Cost": 4841.46, "Total Cost": 164941.85, "Plan Rows": 4, "Plan Width": 50, "Actual Startup Time": 497.307, "Actual Total Time": 1862.24, "Actual Rows": 1783, "Actual Loops": 1, "Recheck Cond": "(info_type_id = it1.id)", "Rows Removed by Index Recheck": 0, "Filter": "((info IS NOT NULL) AND ((note)::text ~~ '%internet%'::text) AND (((info)::text ~~ 'USA:% 199%'::text) OR ((info)::text ~~ 'USA:% 200%'::text)))", "Rows Removed by Filter": 3034936, "Exact Heap Blocks": 21947, "Lossy Heap Blocks": 21947, "Plans": [{"Node Type": "Bitmap Index Scan", "Parent Relationship": "Outer", "Index Name": "info_type_id_movie_info", "Startup Cost": 0.0, "Total Cost": 4841.46, "Plan Rows": 212428, "Plan Width": 0, "Actual Startup Time": 491.975, "Actual Total Time": 491.975, "Actual Rows": 3036719, "Actual Loops": 1, "Index Cond": "(info_type_id = it1.id)"}]}]}, {"Node Type": "Bitmap Heap Scan", "Parent Relationship": "Inner", "Relation Name": "aka_title", "Alias": "at", "Startup Cost": 3.79, "Total Cost": 15.63, "Plan Rows": 3, "Plan Width": 4, "Actual Startup Time": 8.595, "Actual Total Time": 8.719, "Actual Rows": 120, "Actual Loops": 1783, "Recheck Cond": "(movie_id = mi.movie_id)", "Rows Removed by Index Recheck": 0, "Exact Heap Blocks": 120, "Lossy Heap Blocks": 120, "Plans": [{"Node Type": "Bitmap Index Scan", "Parent Relationship": "Outer", "Index Name": "movie_id_aka_title", "Startup Cost": 0.0, "Total Cost": 3.79, "Plan Rows": 3, "Plan Width": 0, "Actual Startup Time": 7.093, "Actual Total Time": 7.093, "Actual Rows": 120, "Actual Loops": 1783, "Index Cond": "(movie_id = mi.movie_id)"}]}]}, {"Node Type": "Bitmap Heap Scan", "Parent Relationship": "Inner", "Relation Name": "movie_companies", "Alias": "mc", "Startup Cost": 0.37, "Total Cost": 4.4, "Plan Rows": 2, "Plan Width": 12, "Actual Startup Time": 1.56, "Actual Total Time": 1.877, "Actual Rows": 400, "Actual Loops": 120, "Recheck Cond": "(movie_id = at.movie_id)", "Rows Removed by Index Recheck": 0, "Exact Heap Blocks": 214, "Lossy Heap Blocks": 214, "Plans": [{"Node Type": "Bitmap Index Scan", "Parent Relationship": "Outer", "Index Name": "movie_id_movie_companies", "Startup Cost": 0.0, "Total Cost": 0.37, "Plan Rows": 2, "Plan Width": 0, "Actual Startup Time": 0.933, "Actual Total Time": 0.933, "Actual Rows": 400, "Actual Loops": 120, "Index Cond": "(movie_id = at.movie_id)"}]}]}, {"Node Type": "Bitmap Heap Scan", "Parent Relationship": "Inner", "Relation Name": "company_name", "Alias": "cn", "Startup Cost": 0.26, "Total Cost": 4.27, "Plan Rows": 1, "Plan Width": 4, "Actual Startup Time": 2.794, "Actual Total Time": 2.794, "Actual Rows": 284, "Actual Loops": 400, "Recheck Cond": "(id = mc.company_id)", "Rows Removed by Index Recheck": 0, "Filter": "((country_code)::text = '[us]'::text)", "Rows Removed by Filter": 116, "Exact Heap Blocks": 400, "Lossy Heap Blocks": 400, "Plans": [{"Node Type": "Bitmap Index Scan", "Parent Relationship": "Outer", "Index Name": "company_name_pkey", "Startup Cost": 0.0, "Total Cost": 0.26, "Plan Rows": 1, "Plan Width": 0, "Actual Startup Time": 1.532, "Actual Total Time": 1.532, "Actual Rows": 400, "Actual Loops": 400, "Index Cond": "(id = mc.company_id)"}]}]}, {"Node Type": "Bitmap Heap Scan", "Parent Relationship": "Inner", "Relation Name": "company_type", "Alias": "ct", "Startup Cost": 0.26, "Total Cost": 4.27, "Plan Rows": 1, "Plan Width": 4, "Actual Startup Time": 0.641, "Actual Total Time": 0.641, "Actual Rows": 119, "Actual Loops": 284, "Recheck Cond": "(id = mc.company_type_id)", "Rows Removed by Index Recheck": 0, "Exact Heap Blocks": 119, "Lossy Heap Blocks": 119, "Plans": [{"Node Type": "Bitmap Index Scan", "Parent Relationship": "Outer", "Index Name": "company_type_pkey", "Startup Cost": 0.0, "Total Cost": 0.26, "Plan Rows": 1, "Plan Width": 0, "Actual Startup Time": 0.302, "Actual Total Time": 0.302, "Actual Rows": 119, "Actual Loops": 284, "Index Cond": "(id = mc.company_type_id)"}]}]}, {"Node Type": "Bitmap Heap Scan", "Parent Relationship": "Inner", "Relation Name": "movie_keyword", "Alias": "mk", "Startup Cost": 0.34, "Total Cost": 4.44, "Plan Rows": 8, "Plan Width": 8, "Actual Startup Time": 1.183, "Actual Total Time": 1.384, "Actual Rows": 1140, "Actual Loops": 119, "Recheck Cond": "(movie_id = mc.movie_id)", "Rows Removed by Index Recheck": 0, "Exact Heap Blocks": 91, "Lossy Heap Blocks": 91, "Plans": [{"Node Type": "Bitmap Index Scan", "Parent Relationship": "Outer", "Index Name": "movie_id_movie_keyword", "Startup Cost": 0.0, "Total Cost": 0.34, "Plan Rows": 8, "Plan Width": 0, "Actual Startup Time": 0.739, "Actual Total Time": 0.739, "Actual Rows": 1140, "Actual Loops": 119, "Index Cond": "(movie_id = mc.movie_id)"}]}]}, {"Node Type": "Bitmap Heap Scan", "Parent Relationship": "Inner", "Relation Name": "keyword", "Alias": "k", "Startup Cost": 0.26, "Total Cost": 4.27, "Plan Rows": 1, "Plan Width": 4, "Actual Startup Time": 6.046, "Actual Total Time": 6.046, "Actual Rows": 1140, "Actual Loops": 1140, "Recheck Cond": "(id = mk.keyword_id)", "Rows Removed by Index Recheck": 0, "Exact Heap Blocks": 1140, "Lossy Heap Blocks": 1140, "Plans": [{"Node Type": "Bitmap Index Scan", "Parent Relationship": "Outer", "Index Name": "keyword_pkey", "Startup Cost": 0.0, "Total Cost": 0.26, "Plan Rows": 1, "Plan Width": 0, "Actual Startup Time": 3.799, "Actual Total Time": 3.799, "Actual Rows": 1140, "Actual Loops": 1140, "Index Cond": "(id = mk.keyword_id)"}]}]}, {"Node Type": "Bitmap Heap Scan", "Parent Relationship": "Inner", "Relation Name": "title", "Alias": "t", "Startup Cost": 0.27, "Total Cost": 4.28, "Plan Rows": 1, "Plan Width": 21, "Actual Startup Time": 4.896, "Actual Total Time": 4.896, "Actual Rows": 1140, "Actual Loops": 1140, "Recheck Cond": "(id = mk.movie_id)", "Rows Removed by Index Recheck": 0, "Filter": "(production_year > 1990)", "Rows Removed by Filter": 0, "Exact Heap Blocks": 1140, "Lossy Heap Blocks": 1140, "Plans": [{"Node Type": "Bitmap Index Scan", "Parent Relationship": "Outer", "Index Name": "title_pkey", "Startup Cost": 0.0, "Total Cost": 0.27, "Plan Rows": 1, "Plan Width": 0, "Actual Startup Time": 2.901, "Actual Total Time": 2.901, "Actual Rows": 1140, "Actual Loops": 1140, "Index Cond": "(id = mk.movie_id)"}]}]}]}, "Triggers": [], "Planner Runtime": 68.57, "Total Runtime": 1899.54, "Unique SQL Id": 2846462052}}, "(1, 103)": {"explain_plan": {"Plan": {"Node Type": "Aggregate", "Strategy": "Plain", "Startup Cost": 1000003810823.99, "Total Cost": 1000003810824.0, "Plan Rows": 1, "Plan Width": 123, "Plans": [{"Node Type": "Nested Loop", "Parent Relationship": "Outer", "Join Type": "Inner", "Startup Cost": 10000000002.95, "Total Cost": 1000003810823.33, "Plan Rows": 132, "Plan Width": 59, "Inner Unique": true, "Join Filter": "(at.movie_id = t.id)", "Plans": [{"Node Type": "Nested Loop", "Parent Relationship": "Outer", "Join Type": "Inner", "Startup Cost": 10000000002.69, "Total Cost": 1000003810415.45, "Plan Rows": 95, "Plan Width": 58, "Inner Unique": true, "Plans": [{"Node Type": "Nested Loop", "Parent Relationship": "Outer", "Join Type": "Inner", "Startup Cost": 10000000002.43, "Total Cost": 1000003810000.27, "Plan Rows": 97, "Plan Width": 62, "Inner Unique": false, "Join Filter": "(at.movie_id = mk.movie_id)", "Plans": [{"Node Type": "Nested Loop", "Parent Relationship": "Outer", "Join Type": "Inner", "Startup Cost": 10000000002.09, "Total Cost": 1000003809945.81, "Plan Rows": 12, "Plan Width": 54, "Inner Unique": true, "Plans": [{"Node Type": "Nested Loop", "Parent Relationship": "Outer", "Join Type": "Inner", "Startup Cost": 10000000001.84, "Total Cost": 1000003809894.45, "Plan Rows": 12, "Plan Width": 58, "Inner Unique": true, "Plans": [{"Node Type": "Nested Loop", "Parent Relationship": "Outer", "Join Type": "Inner", "Startup Cost": 10000000001.58, "Total Cost": 1000003809808.78, "Plan Rows": 20, "Plan Width": 62, "Inner Unique": false, "Plans": [{"Node Type": "Nested Loop", "Parent Relationship": "Outer", "Join Type": "Inner", "Startup Cost": 10000000001.21, "Total Cost": 1000003809769.03, "Plan Rows": 9, "Plan Width": 50, "Inner Unique": true, "Plans": [{"Node Type": "Nested Loop", "Parent Relationship": "Outer", "Join Type": "Inner", "Startup Cost": 10000000000.92, "Total Cost": 1000003806956.22, "Plan Rows": 652, "Plan Width": 54, "Inner Unique": false, "Plans": [{"Node Type": "Index Scan", "Parent Relationship": "Outer", "Scan Direction": "Forward", "Index Name": "movie_id_aka_title", "Relation Name": "aka_title", "Alias": "at", "Startup Cost": 10000000000.0, "Total Cost": 1000001990001.13, "Plan Rows": 361471, "Plan Width": 4}, {"Node Type": "Bitmap Heap Scan", "Parent Relationship": "Inner", "Relation Name": "movie_info", "Alias": "mi", "Startup Cost": 0.92, "Total Cost": 5.02, "Plan Rows": 1, "Plan Width": 50, "Recheck Cond": "(movie_id = at.movie_id)", "Filter": "((info IS NOT NULL) AND ((note)::text ~~ '%internet%'::text) AND (((info)::text ~~ 'USA:% 199%'::text) OR ((info)::text ~~ 'USA:% 200%'::text)))", "Plans": [{"Node Type": "Bitmap Index Scan", "Parent Relationship": "Outer", "Index Name": "movie_id_movie_info", "Startup Cost": 0.0, "Total Cost": 0.92, "Plan Rows": 5, "Plan Width": 0, "Index Cond": "(movie_id = at.movie_id)"}]}]}, {"Node Type": "Bitmap Heap Scan", "Parent Relationship": "Inner", "Relation Name": "info_type", "Alias": "it1", "Startup Cost": 0.29, "Total Cost": 4.3, "Plan Rows": 1, "Plan Width": 4, "Recheck Cond": "(id = mi.info_type_id)", "Filter": "((info)::text = 'release dates'::text)", "Plans": [{"Node Type": "Bitmap Index Scan", "Parent Relationship": "Outer", "Index Name": "info_type_pkey", "Startup Cost": 0.0, "Total Cost": 0.29, "Plan Rows": 1, "Plan Width": 0, "Index Cond": "(id = mi.info_type_id)"}]}]}, {"Node Type": "Bitmap Heap Scan", "Parent Relationship": "Inner", "Relation Name": "movie_companies", "Alias": "mc", "Startup Cost": 0.37, "Total Cost": 4.4, "Plan Rows": 2, "Plan Width": 12, "Recheck Cond": "(movie_id = at.movie_id)", "Plans": [{"Node Type": "Bitmap Index Scan", "Parent Relationship": "Outer", "Index Name": "movie_id_movie_companies", "Startup Cost": 0.0, "Total Cost": 0.37, "Plan Rows": 2, "Plan Width": 0, "Index Cond": "(movie_id = at.movie_id)"}]}]}, {"Node Type": "Bitmap Heap Scan", "Parent Relationship": "Inner", "Relation Name": "company_name", "Alias": "cn", "Startup Cost": 0.26, "Total Cost": 4.27, "Plan Rows": 1, "Plan Width": 4, "Recheck Cond": "(id = mc.company_id)", "Filter": "((country_code)::text = '[us]'::text)", "Plans": [{"Node Type": "Bitmap Index Scan", "Parent Relationship": "Outer", "Index Name": "company_name_pkey", "Startup Cost": 0.0, "Total Cost": 0.26, "Plan Rows": 1, "Plan Width": 0, "Index Cond": "(id = mc.company_id)"}]}]}, {"Node Type": "Bitmap Heap Scan", "Parent Relationship": "Inner", "Relation Name": "company_type", "Alias": "ct", "Startup Cost": 0.26, "Total Cost": 4.27, "Plan Rows": 1, "Plan Width": 4, "Recheck Cond": "(id = mc.company_type_id)", "Plans": [{"Node Type": "Bitmap Index Scan", "Parent Relationship": "Outer", "Index Name": "company_type_pkey", "Startup Cost": 0.0, "Total Cost": 0.26, "Plan Rows": 1, "Plan Width": 0, "Index Cond": "(id = mc.company_type_id)"}]}]}, {"Node Type": "Bitmap Heap Scan", "Parent Relationship": "Inner", "Relation Name": "movie_keyword", "Alias": "mk", "Startup Cost": 0.34, "Total Cost": 4.44, "Plan Rows": 8, "Plan Width": 8, "Recheck Cond": "(movie_id = mc.movie_id)", "Plans": [{"Node Type": "Bitmap Index Scan", "Parent Relationship": "Outer", "Index Name": "movie_id_movie_keyword", "Startup Cost": 0.0, "Total Cost": 0.34, "Plan Rows": 8, "Plan Width": 0, "Index Cond": "(movie_id = mc.movie_id)"}]}]}, {"Node Type": "Bitmap Heap Scan", "Parent Relationship": "Inner", "Relation Name": "keyword", "Alias": "k", "Startup Cost": 0.26, "Total Cost": 4.27, "Plan Rows": 1, "Plan Width": 4, "Recheck Cond": "(id = mk.keyword_id)", "Plans": [{"Node Type": "Bitmap Index Scan", "Parent Relationship": "Outer", "Index Name": "keyword_pkey", "Startup Cost": 0.0, "Total Cost": 0.26, "Plan Rows": 1, "Plan Width": 0, "Index Cond": "(id = mk.keyword_id)"}]}]}, {"Node Type": "Bitmap Heap Scan", "Parent Relationship": "Inner", "Relation Name": "title", "Alias": "t", "Startup Cost": 0.27, "Total Cost": 4.28, "Plan Rows": 1, "Plan Width": 21, "Recheck Cond": "(id = mk.movie_id)", "Filter": "(production_year > 1990)", "Plans": [{"Node Type": "Bitmap Index Scan", "Parent Relationship": "Outer", "Index Name": "title_pkey", "Startup Cost": 0.0, "Total Cost": 0.27, "Plan Rows": 1, "Plan Width": 0, "Index Cond": "(id = mk.movie_id)"}]}]}]}, "Unique SQL Id": 2846462052}, "explain_analyze_plan": null}, "(1, 104)": {"explain_plan": {"Plan": {"Node Type": "Aggregate", "Strategy": "Plain", "Startup Cost": 408678.25, "Total Cost": 408678.26, "Plan Rows": 1, "Plan Width": 123, "Plans": [{"Node Type": "Nested Loop", "Parent Relationship": "Outer", "Join Type": "Inner", "Startup Cost": 0.0, "Total Cost": 408677.59, "Plan Rows": 132, "Plan Width": 59, "Inner Unique": true, "Plans": [{"Node Type": "Nested Loop", "Parent Relationship": "Outer", "Join Type": "Inner", "Startup Cost": 0.0, "Total Cost": 408640.07, "Plan Rows": 134, "Plan Width": 63, "Inner Unique": false, "Join Filter": "(t.id = mk.movie_id)", "Plans": [{"Node Type": "Nested Loop", "Parent Relationship": "Outer", "Join Type": "Inner", "Startup Cost": 0.0, "Total Cost": 408630.51, "Plan Rows": 17, "Plan Width": 75, "Inner Unique": true, "Join Filter": "(at.movie_id = t.id)", "Plans": [{"Node Type": "Nested Loop", "Parent Relationship": "Outer", "Join Type": "Inner", "Startup Cost": 0.0, "Total Cost": 408626.28, "Plan Rows": 12, "Plan Width": 54, "Inner Unique": true, "Plans": [{"Node Type": "Nested Loop", "Parent Relationship": "Outer", "Join Type": "Inner", "Startup Cost": 0.0, "Total Cost": 408622.92, "Plan Rows": 12, "Plan Width": 58, "Inner Unique": true, "Plans": [{"Node Type": "Nested Loop", "Parent Relationship": "Outer", "Join Type": "Inner", "Startup Cost": 0.0, "Total Cost": 408617.17, "Plan Rows": 20, "Plan Width": 62, "Inner Unique": false, "Plans": [{"Node Type": "Nested Loop", "Parent Relationship": "Outer", "Join Type": "Inner", "Startup Cost": 0.0, "Total Cost": 408611.86, "Plan Rows": 9, "Plan Width": 50, "Inner Unique": false, "Plans": [{"Node Type": "Nested Loop", "Parent Relationship": "Outer", "Join Type": "Inner", "Startup Cost": 0.0, "Total Cost": 408596.44, "Plan Rows": 4, "Plan Width": 46, "Inner Unique": true, "Plans": [{"Node Type": "Seq Scan", "Parent Relationship": "Outer", "Relation Name": "movie_info", "Alias": "mi", "Startup Cost": 0.0, "Total Cost": 408512.41, "Plan Rows": 255, "Plan Width": 50, "Filter": "((info IS NOT NULL) AND ((note)::text ~~ '%internet%'::text) AND (((info)::text ~~ 'USA:% 199%'::text) OR ((info)::text ~~ 'USA:% 200%'::text)))"}, {"Node Type": "Index Scan", "Parent Relationship": "Inner", "Scan Direction": "Forward", "Index Name": "info_type_pkey", "Relation Name": "info_type", "Alias": "it1", "Startup Cost": 0.0, "Total Cost": 0.32, "Plan Rows": 1, "Plan Width": 4, "Index Cond": "(id = mi.info_type_id)", "Filter": "((info)::text = 'release dates'::text)"}]}, {"Node Type": "Index Only Scan", "Parent Relationship": "Inner", "Scan Direction": "Forward", "Index Name": "movie_id_aka_title", "Relation Name": "aka_title", "Alias": "at", "Startup Cost": 0.0, "Total Cost": 3.82, "Plan Rows": 3, "Plan Width": 4, "Index Cond": "(movie_id = mi.movie_id)"}]}, {"Node Type": "Index Scan", "Parent Relationship": "Inner", "Scan Direction": "Forward", "Index Name": "movie_id_movie_companies", "Relation Name": "movie_companies", "Alias": "mc", "Startup Cost": 0.0, "Total Cost": 0.57, "Plan Rows": 2, "Plan Width": 12, "Index Cond": "(movie_id = at.movie_id)"}]}, {"Node Type": "Index Scan", "Parent Relationship": "Inner", "Scan Direction": "Forward", "Index Name": "company_name_pkey", "Relation Name": "company_name", "Alias": "cn", "Startup Cost": 0.0, "Total Cost": 0.28, "Plan Rows": 1, "Plan Width": 4, "Index Cond": "(id = mc.company_id)", "Filter": "((country_code)::text = '[us]'::text)"}]}, {"Node Type": "Index Only Scan", "Parent Relationship": "Inner", "Scan Direction": "Forward", "Index Name": "company_type_pkey", "Relation Name": "company_type", "Alias": "ct", "Startup Cost": 0.0, "Total Cost": 0.27, "Plan Rows": 1, "Plan Width": 4, "Index Cond": "(id = mc.company_type_id)"}]}, {"Node Type": "Index Scan", "Parent Relationship": "Inner", "Scan Direction": "Forward", "Index Name": "title_pkey", "Relation Name": "title", "Alias": "t", "Startup Cost": 0.0, "Total Cost": 0.34, "Plan Rows": 1, "Plan Width": 21, "Index Cond": "(id = mc.movie_id)", "Filter": "(production_year > 1990)"}]}, {"Node Type": "Index Scan", "Parent Relationship": "Inner", "Scan Direction": "Forward", "Index Name": "movie_id_movie_keyword", "Relation Name": "movie_keyword", "Alias": "mk", "Startup Cost": 0.0, "Total Cost": 0.46, "Plan Rows": 8, "Plan Width": 8, "Index Cond": "(movie_id = mc.movie_id)"}]}, {"Node Type": "Index Only Scan", "Parent Relationship": "Inner", "Scan Direction": "Forward", "Index Name": "keyword_pkey", "Relation Name": "keyword", "Alias": "k", "Startup Cost": 0.0, "Total Cost": 0.27, "Plan Rows": 1, "Plan Width": 4, "Index Cond": "(id = mk.keyword_id)"}]}]}, "Unique SQL Id": 2846462052}, "explain_analyze_plan": null}, "(1, 105)": {"explain_plan": {"Plan": {"Node Type": "Aggregate", "Strategy": "Plain", "Startup Cost": 496841.72, "Total Cost": 496841.73, "Plan Rows": 1, "Plan Width": 123, "Plans": [{"Node Type": "Nested Loop", "Parent Relationship": "Outer", "Join Type": "Inner", "Startup Cost": 0.0, "Total Cost": 496841.06, "Plan Rows": 132, "Plan Width": 59, "Inner Unique": true, "Plans": [{"Node Type": "Nested Loop", "Parent Relationship": "Outer", "Join Type": "Inner", "Startup Cost": 0.0, "Total Cost": 496803.53, "Plan Rows": 134, "Plan Width": 63, "Inner Unique": false, "Join Filter": "(t.id = mk.movie_id)", "Plans": [{"Node Type": "Nested Loop", "Parent Relationship": "Outer", "Join Type": "Inner", "Startup Cost": 0.0, "Total Cost": 496793.97, "Plan Rows": 17, "Plan Width": 75, "Inner Unique": true, "Join Filter": "(at.movie_id = t.id)", "Plans": [{"Node Type": "Nested Loop", "Parent Relationship": "Outer", "Join Type": "Inner", "Startup Cost": 0.0, "Total Cost": 496789.74, "Plan Rows": 12, "Plan Width": 54, "Inner Unique": true, "Plans": [{"Node Type": "Nested Loop", "Parent Relationship": "Outer", "Join Type": "Inner", "Startup Cost": 0.0, "Total Cost": 496786.38, "Plan Rows": 12, "Plan Width": 58, "Inner Unique": true, "Plans": [{"Node Type": "Nested Loop", "Parent Relationship": "Outer", "Join Type": "Inner", "Startup Cost": 0.0, "Total Cost": 496780.63, "Plan Rows": 20, "Plan Width": 62, "Inner Unique": false, "Plans": [{"Node Type": "Nested Loop", "Parent Relationship": "Outer", "Join Type": "Inner", "Startup Cost": 0.0, "Total Cost": 496775.32, "Plan Rows": 9, "Plan Width": 50, "Inner Unique": false, "Plans": [{"Node Type": "Nested Loop", "Parent Relationship": "Outer", "Join Type": "Inner", "Startup Cost": 0.0, "Total Cost": 496759.91, "Plan Rows": 4, "Plan Width": 46, "Inner Unique": false, "Plans": [{"Node Type": "Index Scan", "Parent Relationship": "Outer", "Scan Direction": "Forward", "Index Name": "info_type_pkey", "Relation Name": "info_type", "Alias": "it1", "Startup Cost": 0.0, "Total Cost": 14.21, "Plan Rows": 1, "Plan Width": 4, "Filter": "((info)::text = 'release dates'::text)"}, {"Node Type": "Index Scan", "Parent Relationship": "Inner", "Scan Direction": "Forward", "Index Name": "info_type_id_movie_info", "Relation Name": "movie_info", "Alias": "mi", "Startup Cost": 0.0, "Total Cost": 496745.66, "Plan Rows": 4, "Plan Width": 50, "Index Cond": "(info_type_id = it1.id)", "Filter": "((info IS NOT NULL) AND ((note)::text ~~ '%internet%'::text) AND (((info)::text ~~ 'USA:% 199%'::text) OR ((info)::text ~~ 'USA:% 200%'::text)))"}]}, {"Node Type": "Index Only Scan", "Parent Relationship": "Inner", "Scan Direction": "Forward", "Index Name": "movie_id_aka_title", "Relation Name": "aka_title", "Alias": "at", "Startup Cost": 0.0, "Total Cost": 3.82, "Plan Rows": 3, "Plan Width": 4, "Index Cond": "(movie_id = mi.movie_id)"}]}, {"Node Type": "Index Scan", "Parent Relationship": "Inner", "Scan Direction": "Forward", "Index Name": "movie_id_movie_companies", "Relation Name": "movie_companies", "Alias": "mc", "Startup Cost": 0.0, "Total Cost": 0.57, "Plan Rows": 2, "Plan Width": 12, "Index Cond": "(movie_id = at.movie_id)"}]}, {"Node Type": "Index Scan", "Parent Relationship": "Inner", "Scan Direction": "Forward", "Index Name": "company_name_pkey", "Relation Name": "company_name", "Alias": "cn", "Startup Cost": 0.0, "Total Cost": 0.28, "Plan Rows": 1, "Plan Width": 4, "Index Cond": "(id = mc.company_id)", "Filter": "((country_code)::text = '[us]'::text)"}]}, {"Node Type": "Index Only Scan", "Parent Relationship": "Inner", "Scan Direction": "Forward", "Index Name": "company_type_pkey", "Relation Name": "company_type", "Alias": "ct", "Startup Cost": 0.0, "Total Cost": 0.27, "Plan Rows": 1, "Plan Width": 4, "Index Cond": "(id = mc.company_type_id)"}]}, {"Node Type": "Index Scan", "Parent Relationship": "Inner", "Scan Direction": "Forward", "Index Name": "title_pkey", "Relation Name": "title", "Alias": "t", "Startup Cost": 0.0, "Total Cost": 0.34, "Plan Rows": 1, "Plan Width": 21, "Index Cond": "(id = mc.movie_id)", "Filter": "(production_year > 1990)"}]}, {"Node Type": "Index Scan", "Parent Relationship": "Inner", "Scan Direction": "Forward", "Index Name": "movie_id_movie_keyword", "Relation Name": "movie_keyword", "Alias": "mk", "Startup Cost": 0.0, "Total Cost": 0.46, "Plan Rows": 8, "Plan Width": 8, "Index Cond": "(movie_id = mc.movie_id)"}]}, {"Node Type": "Index Only Scan", "Parent Relationship": "Inner", "Scan Direction": "Forward", "Index Name": "keyword_pkey", "Relation Name": "keyword", "Alias": "k", "Startup Cost": 0.0, "Total Cost": 0.27, "Plan Rows": 1, "Plan Width": 4, "Index Cond": "(id = mk.keyword_id)"}]}]}, "Unique SQL Id": 2846462052}, "explain_analyze_plan": {"Plan": {"Node Type": "Aggregate", "Strategy": "Plain", "Startup Cost": 496841.72, "Total Cost": 496841.73, "Plan Rows": 1, "Plan Width": 123, "Actual Startup Time": 1912.831, "Actual Total Time": 1912.832, "Actual Rows": 1, "Actual Loops": 1, "Plans": [{"Node Type": "Nested Loop", "Parent Relationship": "Outer", "Join Type": "Inner", "Startup Cost": 0.0, "Total Cost": 496841.06, "Plan Rows": 132, "Plan Width": 59, "Actual Startup Time": 61.482, "Actual Total Time": 1911.941, "Actual Rows": 1140, "Actual Loops": 1, "Inner Unique": true, "Plans": [{"Node Type": "Nested Loop", "Parent Relationship": "Outer", "Join Type": "Inner", "Startup Cost": 0.0, "Total Cost": 496803.53, "Plan Rows": 134, "Plan Width": 63, "Actual Startup Time": 61.473, "Actual Total Time": 1907.12, "Actual Rows": 1140, "Actual Loops": 1, "Inner Unique": false, "Join Filter": "(t.id = mk.movie_id)", "Rows Removed by Join Filter": 0, "Plans": [{"Node Type": "Nested Loop", "Parent Relationship": "Outer", "Join Type": "Inner", "Startup Cost": 0.0, "Total Cost": 496793.97, "Plan Rows": 17, "Plan Width": 75, "Actual Startup Time": 61.452, "Actual Total Time": 1904.93, "Actual Rows": 119, "Actual Loops": 1, "Inner Unique": true, "Join Filter": "(at.movie_id = t.id)", "Rows Removed by Join Filter": 0, "Plans": [{"Node Type": "Nested Loop", "Parent Relationship": "Outer", "Join Type": "Inner", "Startup Cost": 0.0, "Total Cost": 496789.74, "Plan Rows": 12, "Plan Width": 54, "Actual Startup Time": 61.428, "Actual Total Time": 1903.642, "Actual Rows": 119, "Actual Loops": 1, "Inner Unique": true, "Plans": [{"Node Type": "Nested Loop", "Parent Relationship": "Outer", "Join Type": "Inner", "Startup Cost": 0.0, "Total Cost": 496786.38, "Plan Rows": 12, "Plan Width": 58, "Actual Startup Time": 5.936, "Actual Total Time": 1903.047, "Actual Rows": 284, "Actual Loops": 1, "Inner Unique": true, "Plans": [{"Node Type": "Nested Loop", "Parent Relationship": "Outer", "Join Type": "Inner", "Startup Cost": 0.0, "Total Cost": 496780.63, "Plan Rows": 20, "Plan Width": 62, "Actual Startup Time": 5.92, "Actual Total Time": 1899.902, "Actual Rows": 400, "Actual Loops": 1, "Inner Unique": false, "Plans": [{"Node Type": "Nested Loop", "Parent Relationship": "Outer", "Join Type": "Inner", "Startup Cost": 0.0, "Total Cost": 496775.32, "Plan Rows": 9, "Plan Width": 50, "Actual Startup Time": 5.907, "Actual Total Time": 1898.098, "Actual Rows": 120, "Actual Loops": 1, "Inner Unique": false, "Plans": [{"Node Type": "Nested Loop", "Parent Relationship": "Outer", "Join Type": "Inner", "Startup Cost": 0.0, "Total Cost": 496759.91, "Plan Rows": 4, "Plan Width": 46, "Actual Startup Time": 0.588, "Actual Total Time": 1888.96, "Actual Rows": 1783, "Actual Loops": 1, "Inner Unique": false, "Plans": [{"Node Type": "Index Scan", "Parent Relationship": "Outer", "Scan Direction": "Forward", "Index Name": "info_type_pkey", "Relation Name": "info_type", "Alias": "it1", "Startup Cost": 0.0, "Total Cost": 14.21, "Plan Rows": 1, "Plan Width": 4, "Actual Startup Time": 0.051, "Actual Total Time": 0.104, "Actual Rows": 1, "Actual Loops": 1, "Filter": "((info)::text = 'release dates'::text)", "Rows Removed by Filter": 111}, {"Node Type": "Index Scan", "Parent Relationship": "Inner", "Scan Direction": "Forward", "Index Name": "info_type_id_movie_info", "Relation Name": "movie_info", "Alias": "mi", "Startup Cost": 0.0, "Total Cost": 496745.66, "Plan Rows": 4, "Plan Width": 50, "Actual Startup Time": 0.531, "Actual Total Time": 1888.179, "Actual Rows": 1783, "Actual Loops": 1, "Index Cond": "(info_type_id = it1.id)", "Rows Removed by Index Recheck": 0, "Filter": "((info IS NOT NULL) AND ((note)::text ~~ '%internet%'::text) AND (((info)::text ~~ 'USA:% 199%'::text) OR ((info)::text ~~ 'USA:% 200%'::text)))", "Rows Removed by Filter": 3034936}]}, {"Node Type": "Index Only Scan", "Parent Relationship": "Inner", "Scan Direction": "Forward", "Index Name": "movie_id_aka_title", "Relation Name": "aka_title", "Alias": "at", "Startup Cost": 0.0, "Total Cost": 3.82, "Plan Rows": 3, "Plan Width": 4, "Actual Startup Time": 7.545, "Actual Total Time": 7.594, "Actual Rows": 120, "Actual Loops": 1783, "Index Cond": "(movie_id = mi.movie_id)", "Rows Removed by Index Recheck": 0, "Heap Fetches": 0}]}, {"Node Type": "Index Scan", "Parent Relationship": "Inner", "Scan Direction": "Forward", "Index Name": "movie_id_movie_companies", "Relation Name": "movie_companies", "Alias": "mc", "Startup Cost": 0.0, "Total Cost": 0.57, "Plan Rows": 2, "Plan Width": 12, "Actual Startup Time": 1.097, "Actual Total Time": 1.497, "Actual Rows": 400, "Actual Loops": 120, "Index Cond": "(movie_id = at.movie_id)", "Rows Removed by Index Recheck": 0}]}, {"Node Type": "Index Scan", "Parent Relationship": "Inner", "Scan Direction": "Forward", "Index Name": "company_name_pkey", "Relation Name": "company_name", "Alias": "cn", "Startup Cost": 0.0, "Total Cost": 0.28, "Plan Rows": 1, "Plan Width": 4, "Actual Startup Time": 2.687, "Actual Total Time": 2.687, "Actual Rows": 284, "Actual Loops": 400, "Index Cond": "(id = mc.company_id)", "Rows Removed by Index Recheck": 0, "Filter": "((country_code)::text = '[us]'::text)", "Rows Removed by Filter": 116}]}, {"Node Type": "Index Only Scan", "Parent Relationship": "Inner", "Scan Direction": "Forward", "Index Name": "company_type_pkey", "Relation Name": "company_type", "Alias": "ct", "Startup Cost": 0.0, "Total Cost": 0.27, "Plan Rows": 1, "Plan Width": 4, "Actual Startup Time": 0.296, "Actual Total Time": 0.296, "Actual Rows": 119, "Actual Loops": 284, "Index Cond": "(id = mc.company_type_id)", "Rows Removed by Index Recheck": 0, "Heap Fetches": 0}]}, {"Node Type": "Index Scan", "Parent Relationship": "Inner", "Scan Direction": "Forward", "Index Name": "title_pkey", "Relation Name": "title", "Alias": "t", "Startup Cost": 0.0, "Total Cost": 0.34, "Plan Rows": 1, "Plan Width": 21, "Actual Startup Time": 0.982, "Actual Total Time": 0.982, "Actual Rows": 119, "Actual Loops": 119, "Index Cond": "(id = mc.movie_id)", "Rows Removed by Index Recheck": 0, "Filter": "(production_year > 1990)", "Rows Removed by Filter": 0}]}, {"Node Type": "Index Scan", "Parent Relationship": "Inner", "Scan Direction": "Forward", "Index Name": "movie_id_movie_keyword", "Relation Name": "movie_keyword", "Alias": "mk", "Startup Cost": 0.0, "Total Cost": 0.46, "Plan Rows": 8, "Plan Width": 8, "Actual Startup Time": 0.989, "Actual Total Time": 1.57, "Actual Rows": 1140, "Actual Loops": 119, "Index Cond": "(movie_id = mc.movie_id)", "Rows Removed by Index Recheck": 0}]}, {"Node Type": "Index Only Scan", "Parent Relationship": "Inner", "Scan Direction": "Forward", "Index Name": "keyword_pkey", "Relation Name": "keyword", "Alias": "k", "Startup Cost": 0.0, "Total Cost": 0.27, "Plan Rows": 1, "Plan Width": 4, "Actual Startup Time": 3.947, "Actual Total Time": 3.947, "Actual Rows": 1140, "Actual Loops": 1140, "Index Cond": "(id = mk.keyword_id)", "Rows Removed by Index Recheck": 0, "Heap Fetches": 0}]}]}, "Triggers": [], "Planner Runtime": 57.007, "Total Runtime": 1913.13, "Unique SQL Id": 2846462052}}, "(1, 106)": {"explain_plan": {"Plan": {"Node Type": "Aggregate", "Strategy": "Plain", "Startup Cost": 637513.53, "Total Cost": 637513.54, "Plan Rows": 1, "Plan Width": 123, "Plans": [{"Node Type": "Hash Join", "Parent Relationship": "Outer", "Join Type": "Inner", "Startup Cost": 558104.42, "Total Cost": 637512.86, "Plan Rows": 134, "Plan Width": 59, "Inner Unique": true, "Hash Cond": "(mk.keyword_id = k.id)", "Plans": [{"Node Type": "Hash Join", "Parent Relationship": "Outer", "Join Type": "Inner", "Startup Cost": 554326.61, "Total Cost": 633733.25, "Plan Rows": 134, "Plan Width": 63, "Inner Unique": false, "Hash Cond": "(mk.movie_id = t.id)", "Plans": [{"Node Type": "Seq Scan", "Parent Relationship": "Outer", "Relation Name": "movie_keyword", "Alias": "mk", "Startup Cost": 0.0, "Total Cost": 62441.29, "Plan Rows": 4523929, "Plan Width": 8}, {"Node Type": "Hash", "Parent Relationship": "Inner", "Startup Cost": 554326.4, "Total Cost": 554326.4, "Plan Rows": 17, "Plan Width": 75, "Plans": [{"Node Type": "Hash Join", "Parent Relationship": "Outer", "Join Type": "Inner", "Startup Cost": 481378.19, "Total Cost": 554326.4, "Plan Rows": 17, "Plan Width": 75, "Inner Unique": false, "Hash Cond": "(t.id = at.movie_id)", "Plans": [{"Node Type": "Seq Scan", "Parent Relationship": "Outer", "Relation Name": "title", "Alias": "t", "Startup Cost": 0.0, "Total Cost": 66389.89, "Plan Rows": 1748840, "Plan Width": 21, "Filter": "(production_year > 1990), (LLVM Optimized)"}, {"Node Type": "Hash", "Parent Relationship": "Inner", "Startup Cost": 481378.04, "Total Cost": 481378.04, "Plan Rows": 12, "Plan Width": 54, "Plans": [{"Node Type": "Hash Join", "Parent Relationship": "Outer", "Join Type": "Inner", "Startup Cost": 429897.79, "Total Cost": 481378.04, "Plan Rows": 12, "Plan Width": 54, "Inner Unique": false, "Hash Cond": "(mi.movie_id = at.movie_id)", "Plans": [{"Node Type": "Hash Join", "Parent Relationship": "Outer", "Join Type": "Inner", "Startup Cost": 415484.69, "Total Cost": 466964.22, "Plan Rows": 7, "Plan Width": 50, "Inner Unique": true, "Hash Cond": "(mc.company_id = cn.id)", "Plans": [{"Node Type": "Hash Join", "Parent Relationship": "Outer", "Join Type": "Inner", "Startup Cost": 408516.61, "Total Cost": 459996.08, "Plan Rows": 8, "Plan Width": 54, "Inner Unique": true, "Hash Cond": "(mc.company_type_id = ct.id)", "Plans": [{"Node Type": "Hash Join", "Parent Relationship": "Outer", "Join Type": "Inner", "Startup Cost": 408515.55, "Total Cost": 459994.89, "Plan Rows": 9, "Plan Width": 58, "Inner Unique": false, "Hash Cond": "(mc.movie_id = mi.movie_id)", "Plans": [{"Node Type": "Seq Scan", "Parent Relationship": "Outer", "Relation Name": "movie_companies", "Alias": "mc", "Startup Cost": 0.0, "Total Cost": 41817.28, "Plan Rows": 2609128, "Plan Width": 12}, {"Node Type": "Hash", "Parent Relationship": "Inner", "Startup Cost": 408515.5, "Total Cost": 408515.5, "Plan Rows": 4, "Plan Width": 46, "Plans": [{"Node Type": "Hash Join", "Parent Relationship": "Outer", "Join Type": "Inner", "Startup Cost": 2.41, "Total Cost": 408515.5, "Plan Rows": 4, "Plan Width": 46, "Inner Unique": true, "Hash Cond": "(mi.info_type_id = it1.id)", "Plans": [{"Node Type": "Seq Scan", "Parent Relationship": "Outer", "Relation Name": "movie_info", "Alias": "mi", "Startup Cost": 0.0, "Total Cost": 408512.41, "Plan Rows": 255, "Plan Width": 50, "Filter": "((info IS NOT NULL) AND ((note)::text ~~ '%internet%'::text) AND (((info)::text ~~ 'USA:% 199%'::text) OR ((info)::text ~~ 'USA:% 200%'::text)))"}, {"Node Type": "Hash", "Parent Relationship": "Inner", "Startup Cost": 2.4, "Total Cost": 2.4, "Plan Rows": 1, "Plan Width": 4, "Plans": [{"Node Type": "Seq Scan", "Parent Relationship": "Outer", "Relation Name": "info_type", "Alias": "it1", "Startup Cost": 0.0, "Total Cost": 2.4, "Plan Rows": 1, "Plan Width": 4, "Filter": "((info)::text = 'release dates'::text)"}]}]}]}]}, {"Node Type": "Hash", "Parent Relationship": "Inner", "Startup Cost": 1.03, "Total Cost": 1.03, "Plan Rows": 3, "Plan Width": 4, "Plans": [{"Node Type": "Seq Scan", "Parent Relationship": "Outer", "Relation Name": "company_type", "Alias": "ct", "Startup Cost": 0.0, "Total Cost": 1.03, "Plan Rows": 3, "Plan Width": 4}]}]}, {"Node Type": "Hash", "Parent Relationship": "Inner", "Startup Cost": 5903.45, "Total Cost": 5903.45, "Plan Rows": 85170, "Plan Width": 4, "Plans": [{"Node Type": "Seq Scan", "Parent Relationship": "Outer", "Relation Name": "company_name", "Alias": "cn", "Startup Cost": 0.0, "Total Cost": 5903.45, "Plan Rows": 85170, "Plan Width": 4, "Filter": "((country_code)::text = '[us]'::text)"}]}]}, {"Node Type": "Hash", "Parent Relationship": "Inner", "Startup Cost": 9894.71, "Total Cost": 9894.71, "Plan Rows": 361471, "Plan Width": 4, "Plans": [{"Node Type": "Seq Scan", "Parent Relationship": "Outer", "Relation Name": "aka_title", "Alias": "at", "Startup Cost": 0.0, "Total Cost": 9894.71, "Plan Rows": 361471, "Plan Width": 4}]}]}]}]}]}]}, {"Node Type": "Hash", "Parent Relationship": "Inner", "Startup Cost": 2100.69, "Total Cost": 2100.69, "Plan Rows": 134169, "Plan Width": 4, "Plans": [{"Node Type": "Seq Scan", "Parent Relationship": "Outer", "Relation Name": "keyword", "Alias": "k", "Startup Cost": 0.0, "Total Cost": 2100.69, "Plan Rows": 134169, "Plan Width": 4}]}]}]}, "Unique SQL Id": 2846462052}, "explain_analyze_plan": null}, "(1, 107)": {"explain_plan": {"Plan": {"Node Type": "Aggregate", "Strategy": "Plain", "Startup Cost": 9000055032566.68, "Total Cost": 9000055032566.69, "Plan Rows": 1, "Plan Width": 123, "Plans": [{"Node Type": "Hash Join", "Parent Relationship": "Outer", "Join Type": "Inner", "Startup Cost": 7020038541781.64, "Total Cost": 9000055032566.01, "Plan Rows": 134, "Plan Width": 59, "Inner Unique": true, "Hash Cond": "(at.movie_id = t.id)", "Plans": [{"Node Type": "Hash Join", "Parent Relationship": "Outer", "Join Type": "Inner", "Startup Cost": 6020026875794.47, "Total Cost": 8000043366577.15, "Plan Rows": 97, "Plan Width": 58, "Inner Unique": true, "Hash Cond": "(mk.keyword_id = k.id)", "Plans": [{"Node Type": "Hash Join", "Parent Relationship": "Outer", "Join Type": "Inner", "Startup Cost": 5020026668038.86, "Total Cost": 7000043158820.2, "Plan Rows": 97, "Plan Width": 62, "Inner Unique": false, "Hash Cond": "(at.movie_id = mk.movie_id)", "Plans": [{"Node Type": "Hash Join", "Parent Relationship": "Outer", "Join Type": "Inner", "Startup Cost": 4020011310855.58, "Total Cost": 6000027801623.86, "Plan Rows": 12, "Plan Width": 54, "Inner Unique": true, "Hash Cond": "(mc.company_type_id = ct.id)", "Plans": [{"Node Type": "Hash Join", "Parent Relationship": "Outer", "Join Type": "Inner", "Startup Cost": 3020011310026.04, "Total Cost": 5000027800794.16, "Plan Rows": 12, "Plan Width": 58, "Inner Unique": true, "Hash Cond": "(mc.company_id = cn.id)", "Plans": [{"Node Type": "Hash Join", "Parent Relationship": "Outer", "Join Type": "Inner", "Startup Cost": 2020010258822.45, "Total Cost": 4000026749590.25, "Plan Rows": 20, "Plan Width": 62, "Inner Unique": false, "Hash Cond": "(at.movie_id = mc.movie_id)", "Plans": [{"Node Type": "Hash Join", "Parent Relationship": "Outer", "Join Type": "Inner", "Startup Cost": 1020000907991.35, "Total Cost": 3000017398756.65, "Plan Rows": 9, "Plan Width": 50, "Inner Unique": false, "Hash Cond": "(mi.movie_id = at.movie_id)", "Plans": [{"Node Type": "Nested Loop", "Parent Relationship": "Outer", "Join Type": "Inner", "Startup Cost": 20000004841.46, "Total Cost": 2000016495606.35, "Plan Rows": 4, "Plan Width": 46, "Inner Unique": false, "Plans": [{"Node Type": "Index Scan", "Parent Relationship": "Outer", "Scan Direction": "Forward", "Index Name": "info_type_pkey", "Relation Name": "info_type", "Alias": "it1", "Startup Cost": 10000000000.0, "Total Cost": 1000000001421.0, "Plan Rows": 1, "Plan Width": 4, "Filter": "((info)::text = 'release dates'::text)"}, {"Node Type": "Bitmap Heap Scan", "Parent Relationship": "Inner", "Relation Name": "movie_info", "Alias": "mi", "Startup Cost": 10000004841.46, "Total Cost": 1000016494185.31, "Plan Rows": 4, "Plan Width": 50, "Recheck Cond": "(info_type_id = it1.id)", "Filter": "((info IS NOT NULL) AND ((note)::text ~~ '%internet%'::text) AND (((info)::text ~~ 'USA:% 199%'::text) OR ((info)::text ~~ 'USA:% 200%'::text)))", "Plans": [{"Node Type": "Bitmap Index Scan", "Parent Relationship": "Outer", "Index Name": "info_type_id_movie_info", "Startup Cost": 0.0, "Total Cost": 4841.46, "Plan Rows": 212428, "Plan Width": 0, "Index Cond": "(info_type_id = it1.id)"}]}]}, {"Node Type": "Hash", "Parent Relationship": "Inner", "Startup Cost": 1000000898631.5, "Total Cost": 1000000898631.5, "Plan Rows": 361471, "Plan Width": 4, "Plans": [{"Node Type": "Index Only Scan", "Parent Relationship": "Outer", "Scan Direction": "Forward", "Index Name": "movie_id_aka_title", "Relation Name": "aka_title", "Alias": "at", "Startup Cost": 10000000000.0, "Total Cost": 1000000898631.5, "Plan Rows": 361471, "Plan Width": 4}]}]}, {"Node Type": "Hash", "Parent Relationship": "Inner", "Startup Cost": 1000009318217.0, "Total Cost": 1000009318217.0, "Plan Rows": 2609128, "Plan Width": 12, "Plans": [{"Node Type": "Index Scan", "Parent Relationship": "Outer", "Scan Direction": "Forward", "Index Name": "company_type_id_movie_companies", "Relation Name": "movie_companies", "Alias": "mc", "Startup Cost": 10000000000.0, "Total Cost": 1000009318217.0, "Plan Rows": 2609128, "Plan Width": 12}]}]}, {"Node Type": "Hash", "Parent Relationship": "Inner", "Startup Cost": 1000001050138.97, "Total Cost": 1000001050138.97, "Plan Rows": 85170, "Plan Width": 4, "Plans": [{"Node Type": "Index Scan", "Parent Relationship": "Outer", "Scan Direction": "Forward", "Index Name": "company_name_pkey", "Relation Name": "company_name", "Alias": "cn", "Startup Cost": 10000000000.0, "Total Cost": 1000001050138.97, "Plan Rows": 85170, "Plan Width": 4, "Filter": "((country_code)::text = '[us]'::text)"}]}]}, {"Node Type": "Hash", "Parent Relationship": "Inner", "Startup Cost": 1000000000829.5, "Total Cost": 1000000000829.5, "Plan Rows": 3, "Plan Width": 4, "Plans": [{"Node Type": "Index Only Scan", "Parent Relationship": "Outer", "Scan Direction": "Forward", "Index Name": "company_type_pkey", "Relation Name": "company_type", "Alias": "ct", "Startup Cost": 10000000000.0, "Total Cost": 1000000000829.5, "Plan Rows": 3, "Plan Width": 4}]}]}, {"Node Type": "Hash", "Parent Relationship": "Inner", "Startup Cost": 1000015300634.17, "Total Cost": 1000015300634.17, "Plan Rows": 4523929, "Plan Width": 8, "Plans": [{"Node Type": "Index Scan", "Parent Relationship": "Outer", "Scan Direction": "Forward", "Index Name": "movie_id_movie_keyword", "Relation Name": "movie_keyword", "Alias": "mk", "Startup Cost": 10000000000.0, "Total Cost": 1000015300634.17, "Plan Rows": 4523929, "Plan Width": 8}]}]}, {"Node Type": "Hash", "Parent Relationship": "Inner", "Startup Cost": 1000000206078.5, "Total Cost": 1000000206078.5, "Plan Rows": 134169, "Plan Width": 4, "Plans": [{"Node Type": "Index Only Scan", "Parent Relationship": "Outer", "Scan Direction": "Forward", "Index Name": "keyword_pkey", "Relation Name": "keyword", "Alias": "k", "Startup Cost": 10000000000.0, "Total Cost": 1000000206078.5, "Plan Rows": 134169, "Plan Width": 4}]}]}, {"Node Type": "Hash", "Parent Relationship": "Inner", "Startup Cost": 1000011644126.66, "Total Cost": 1000011644126.66, "Plan Rows": 1748840, "Plan Width": 21, "Plans": [{"Node Type": "Index Scan", "Parent Relationship": "Outer", "Scan Direction": "Forward", "Index Name": "title_pkey", "Relation Name": "title", "Alias": "t", "Startup Cost": 10000000000.0, "Total Cost": 1000011644126.66, "Plan Rows": 1748840, "Plan Width": 21, "Filter": "(production_year > 1990), (LLVM Optimized)"}]}]}]}, "Unique SQL Id": 2846462052}, "explain_analyze_plan": null}, "(1, 108)": {"explain_plan": {"Plan": {"Node Type": "Aggregate", "Strategy": "Plain", "Startup Cost": 408689.24, "Total Cost": 408689.25, "Plan Rows": 1, "Plan Width": 123, "Plans": [{"Node Type": "Nested Loop", "Parent Relationship": "Outer", "Join Type": "Inner", "Startup Cost": 0.0, "Total Cost": 408688.58, "Plan Rows": 132, "Plan Width": 59, "Inner Unique": true, "Plans": [{"Node Type": "Nested Loop", "Parent Relationship": "Outer", "Join Type": "Inner", "Startup Cost": 0.0, "Total Cost": 408650.97, "Plan Rows": 134, "Plan Width": 63, "Inner Unique": false, "Join Filter": "(t.id = mk.movie_id)", "Plans": [{"Node Type": "Nested Loop", "Parent Relationship": "Outer", "Join Type": "Inner", "Startup Cost": 0.0, "Total Cost": 408641.41, "Plan Rows": 17, "Plan Width": 75, "Inner Unique": false, "Plans": [{"Node Type": "Nested Loop", "Parent Relationship": "Outer", "Join Type": "Inner", "Startup Cost": 0.0, "Total Cost": 408637.84, "Plan Rows": 10, "Plan Width": 71, "Inner Unique": true, "Plans": [{"Node Type": "Nested Loop", "Parent Relationship": "Outer", "Join Type": "Inner", "Startup Cost": 0.0, "Total Cost": 408635.04, "Plan Rows": 10, "Plan Width": 75, "Inner Unique": true, "Plans": [{"Node Type": "Nested Loop", "Parent Relationship": "Outer", "Join Type": "Inner", "Startup Cost": 0.0, "Total Cost": 408631.59, "Plan Rows": 12, "Plan Width": 79, "Inner Unique": false, "Plans": [{"Node Type": "Nested Loop", "Parent Relationship": "Outer", "Join Type": "Inner", "Startup Cost": 0.0, "Total Cost": 408629.38, "Plan Rows": 6, "Plan Width": 67, "Inner Unique": true, "Plans": [{"Node Type": "Nested Loop", "Parent Relationship": "Outer", "Join Type": "Inner", "Startup Cost": 0.0, "Total Cost": 408596.44, "Plan Rows": 4, "Plan Width": 46, "Inner Unique": true, "Plans": [{"Node Type": "Seq Scan", "Parent Relationship": "Outer", "Relation Name": "movie_info", "Alias": "mi", "Startup Cost": 0.0, "Total Cost": 408512.41, "Plan Rows": 255, "Plan Width": 50, "Filter": "((info IS NOT NULL) AND ((note)::text ~~ '%internet%'::text) AND (((info)::text ~~ 'USA:% 199%'::text) OR ((info)::text ~~ 'USA:% 200%'::text)))"}, {"Node Type": "Index Scan", "Parent Relationship": "Inner", "Scan Direction": "Forward", "Index Name": "info_type_pkey", "Relation Name": "info_type", "Alias": "it1", "Startup Cost": 0.0, "Total Cost": 0.32, "Plan Rows": 1, "Plan Width": 4, "Index Cond": "(id = mi.info_type_id)", "Filter": "((info)::text = 'release dates'::text)"}]}, {"Node Type": "Index Scan", "Parent Relationship": "Inner", "Scan Direction": "Forward", "Index Name": "title_pkey", "Relation Name": "title", "Alias": "t", "Startup Cost": 0.0, "Total Cost": 8.23, "Plan Rows": 1, "Plan Width": 21, "Index Cond": "(id = mi.movie_id)", "Filter": "(production_year > 1990)"}]}, {"Node Type": "Index Scan", "Parent Relationship": "Inner", "Scan Direction": "Forward", "Index Name": "movie_id_movie_companies", "Relation Name": "movie_companies", "Alias": "mc", "Startup Cost": 0.0, "Total Cost": 0.35, "Plan Rows": 2, "Plan Width": 12, "Index Cond": "(movie_id = t.id)"}]}, {"Node Type": "Index Scan", "Parent Relationship": "Inner", "Scan Direction": "Forward", "Index Name": "company_name_pkey", "Relation Name": "company_name", "Alias": "cn", "Startup Cost": 0.0, "Total Cost": 0.28, "Plan Rows": 1, "Plan Width": 4, "Index Cond": "(id = mc.company_id)", "Filter": "((country_code)::text = '[us]'::text)"}]}, {"Node Type": "Index Scan", "Parent Relationship": "Inner", "Scan Direction": "Forward", "Index Name": "company_type_pkey", "Relation Name": "company_type", "Alias": "ct", "Startup Cost": 0.0, "Total Cost": 0.27, "Plan Rows": 1, "Plan Width": 4, "Index Cond": "(id = mc.company_type_id)"}]}, {"Node Type": "Index Scan", "Parent Relationship": "Inner", "Scan Direction": "Forward", "Index Name": "movie_id_aka_title", "Relation Name": "aka_title", "Alias": "at", "Startup Cost": 0.0, "Total Cost": 0.33, "Plan Rows": 3, "Plan Width": 4, "Index Cond": "(movie_id = t.id)"}]}, {"Node Type": "Index Scan", "Parent Relationship": "Inner", "Scan Direction": "Forward", "Index Name": "movie_id_movie_keyword", "Relation Name": "movie_keyword", "Alias": "mk", "Startup Cost": 0.0, "Total Cost": 0.46, "Plan Rows": 8, "Plan Width": 8, "Index Cond": "(movie_id = mc.movie_id)"}]}, {"Node Type": "Index Scan", "Parent Relationship": "Inner", "Scan Direction": "Forward", "Index Name": "keyword_pkey", "Relation Name": "keyword", "Alias": "k", "Startup Cost": 0.0, "Total Cost": 0.27, "Plan Rows": 1, "Plan Width": 4, "Index Cond": "(id = mk.keyword_id)"}]}]}, "Unique SQL Id": 2846462052}, "explain_analyze_plan": null}, "(1, 109)": {"explain_plan": {"Plan": {"Node Type": "Aggregate", "Strategy": "Plain", "Startup Cost": 496852.7, "Total Cost": 496852.71, "Plan Rows": 1, "Plan Width": 123, "Plans": [{"Node Type": "Nested Loop", "Parent Relationship": "Outer", "Join Type": "Inner", "Startup Cost": 0.0, "Total Cost": 496852.04, "Plan Rows": 132, "Plan Width": 59, "Inner Unique": true, "Plans": [{"Node Type": "Nested Loop", "Parent Relationship": "Outer", "Join Type": "Inner", "Startup Cost": 0.0, "Total Cost": 496814.43, "Plan Rows": 134, "Plan Width": 63, "Inner Unique": false, "Join Filter": "(t.id = mk.movie_id)", "Plans": [{"Node Type": "Nested Loop", "Parent Relationship": "Outer", "Join Type": "Inner", "Startup Cost": 0.0, "Total Cost": 496804.87, "Plan Rows": 17, "Plan Width": 75, "Inner Unique": false, "Plans": [{"Node Type": "Nested Loop", "Parent Relationship": "Outer", "Join Type": "Inner", "Startup Cost": 0.0, "Total Cost": 496801.31, "Plan Rows": 10, "Plan Width": 71, "Inner Unique": true, "Plans": [{"Node Type": "Nested Loop", "Parent Relationship": "Outer", "Join Type": "Inner", "Startup Cost": 0.0, "Total Cost": 496798.51, "Plan Rows": 10, "Plan Width": 75, "Inner Unique": true, "Plans": [{"Node Type": "Nested Loop", "Parent Relationship": "Outer", "Join Type": "Inner", "Startup Cost": 0.0, "Total Cost": 496795.05, "Plan Rows": 12, "Plan Width": 79, "Inner Unique": false, "Plans": [{"Node Type": "Nested Loop", "Parent Relationship": "Outer", "Join Type": "Inner", "Startup Cost": 0.0, "Total Cost": 496792.85, "Plan Rows": 6, "Plan Width": 67, "Inner Unique": true, "Plans": [{"Node Type": "Nested Loop", "Parent Relationship": "Outer", "Join Type": "Inner", "Startup Cost": 0.0, "Total Cost": 496759.91, "Plan Rows": 4, "Plan Width": 46, "Inner Unique": false, "Plans": [{"Node Type": "Index Scan", "Parent Relationship": "Outer", "Scan Direction": "Forward", "Index Name": "info_type_pkey", "Relation Name": "info_type", "Alias": "it1", "Startup Cost": 0.0, "Total Cost": 14.21, "Plan Rows": 1, "Plan Width": 4, "Filter": "((info)::text = 'release dates'::text)"}, {"Node Type": "Index Scan", "Parent Relationship": "Inner", "Scan Direction": "Forward", "Index Name": "info_type_id_movie_info", "Relation Name": "movie_info", "Alias": "mi", "Startup Cost": 0.0, "Total Cost": 496745.66, "Plan Rows": 4, "Plan Width": 50, "Index Cond": "(info_type_id = it1.id)", "Filter": "((info IS NOT NULL) AND ((note)::text ~~ '%internet%'::text) AND (((info)::text ~~ 'USA:% 199%'::text) OR ((info)::text ~~ 'USA:% 200%'::text)))"}]}, {"Node Type": "Index Scan", "Parent Relationship": "Inner", "Scan Direction": "Forward", "Index Name": "title_pkey", "Relation Name": "title", "Alias": "t", "Startup Cost": 0.0, "Total Cost": 8.23, "Plan Rows": 1, "Plan Width": 21, "Index Cond": "(id = mi.movie_id)", "Filter": "(production_year > 1990)"}]}, {"Node Type": "Index Scan", "Parent Relationship": "Inner", "Scan Direction": "Forward", "Index Name": "movie_id_movie_companies", "Relation Name": "movie_companies", "Alias": "mc", "Startup Cost": 0.0, "Total Cost": 0.35, "Plan Rows": 2, "Plan Width": 12, "Index Cond": "(movie_id = t.id)"}]}, {"Node Type": "Index Scan", "Parent Relationship": "Inner", "Scan Direction": "Forward", "Index Name": "company_name_pkey", "Relation Name": "company_name", "Alias": "cn", "Startup Cost": 0.0, "Total Cost": 0.28, "Plan Rows": 1, "Plan Width": 4, "Index Cond": "(id = mc.company_id)", "Filter": "((country_code)::text = '[us]'::text)"}]}, {"Node Type": "Index Scan", "Parent Relationship": "Inner", "Scan Direction": "Forward", "Index Name": "company_type_pkey", "Relation Name": "company_type", "Alias": "ct", "Startup Cost": 0.0, "Total Cost": 0.27, "Plan Rows": 1, "Plan Width": 4, "Index Cond": "(id = mc.company_type_id)"}]}, {"Node Type": "Index Scan", "Parent Relationship": "Inner", "Scan Direction": "Forward", "Index Name": "movie_id_aka_title", "Relation Name": "aka_title", "Alias": "at", "Startup Cost": 0.0, "Total Cost": 0.33, "Plan Rows": 3, "Plan Width": 4, "Index Cond": "(movie_id = t.id)"}]}, {"Node Type": "Index Scan", "Parent Relationship": "Inner", "Scan Direction": "Forward", "Index Name": "movie_id_movie_keyword", "Relation Name": "movie_keyword", "Alias": "mk", "Startup Cost": 0.0, "Total Cost": 0.46, "Plan Rows": 8, "Plan Width": 8, "Index Cond": "(movie_id = mc.movie_id)"}]}, {"Node Type": "Index Scan", "Parent Relationship": "Inner", "Scan Direction": "Forward", "Index Name": "keyword_pkey", "Relation Name": "keyword", "Alias": "k", "Startup Cost": 0.0, "Total Cost": 0.27, "Plan Rows": 1, "Plan Width": 4, "Index Cond": "(id = mk.keyword_id)"}]}]}, "Unique SQL Id": 2846462052}, "explain_analyze_plan": {"Plan": {"Node Type": "Aggregate", "Strategy": "Plain", "Startup Cost": 496852.7, "Total Cost": 496852.71, "Plan Rows": 1, "Plan Width": 123, "Actual Startup Time": 2104.505, "Actual Total Time": 2104.506, "Actual Rows": 1, "Actual Loops": 1, "Plans": [{"Node Type": "Nested Loop", "Parent Relationship": "Outer", "Join Type": "Inner", "Startup Cost": 0.0, "Total Cost": 496852.04, "Plan Rows": 132, "Plan Width": 59, "Actual Startup Time": 74.14, "Actual Total Time": 2103.57, "Actual Rows": 1140, "Actual Loops": 1, "Inner Unique": true, "Plans": [{"Node Type": "Nested Loop", "Parent Relationship": "Outer", "Join Type": "Inner", "Startup Cost": 0.0, "Total Cost": 496814.43, "Plan Rows": 134, "Plan Width": 63, "Actual Startup Time": 74.118, "Actual Total Time": 2096.706, "Actual Rows": 1140, "Actual Loops": 1, "Inner Unique": false, "Join Filter": "(t.id = mk.movie_id)", "Rows Removed by Join Filter": 0, "Plans": [{"Node Type": "Nested Loop", "Parent Relationship": "Outer", "Join Type": "Inner", "Startup Cost": 0.0, "Total Cost": 496804.87, "Plan Rows": 17, "Plan Width": 75, "Actual Startup Time": 74.088, "Actual Total Time": 2094.455, "Actual Rows": 119, "Actual Loops": 1, "Inner Unique": false, "Plans": [{"Node Type": "Nested Loop", "Parent Relationship": "Outer", "Join Type": "Inner", "Startup Cost": 0.0, "Total Cost": 496801.31, "Plan Rows": 10, "Plan Width": 71, "Actual Startup Time": 0.775, "Actual Total Time": 2086.57, "Actual Rows": 1488, "Actual Loops": 1, "Inner Unique": true, "Plans": [{"Node Type": "Nested Loop", "Parent Relationship": "Outer", "Join Type": "Inner", "Startup Cost": 0.0, "Total Cost": 496798.51, "Plan Rows": 10, "Plan Width": 75, "Actual Startup Time": 0.753, "Actual Total Time": 2080.671, "Actual Rows": 2647, "Actual Loops": 1, "Inner Unique": true, "Plans": [{"Node Type": "Nested Loop", "Parent Relationship": "Outer", "Join Type": "Inner", "Startup Cost": 0.0, "Total Cost": 496795.05, "Plan Rows": 12, "Plan Width": 79, "Actual Startup Time": 0.731, "Actual Total Time": 2057.834, "Actual Rows": 2884, "Actual Loops": 1, "Inner Unique": false, "Plans": [{"Node Type": "Nested Loop", "Parent Relationship": "Outer", "Join Type": "Inner", "Startup Cost": 0.0, "Total Cost": 496792.85, "Plan Rows": 6, "Plan Width": 67, "Actual Startup Time": 0.713, "Actual Total Time": 2038.054, "Actual Rows": 1782, "Actual Loops": 1, "Inner Unique": true, "Plans": [{"Node Type": "Nested Loop", "Parent Relationship": "Outer", "Join Type": "Inner", "Startup Cost": 0.0, "Total Cost": 496759.91, "Plan Rows": 4, "Plan Width": 46, "Actual Startup Time": 0.69, "Actual Total Time": 2019.351, "Actual Rows": 1783, "Actual Loops": 1, "Inner Unique": false, "Plans": [{"Node Type": "Index Scan", "Parent Relationship": "Outer", "Scan Direction": "Forward", "Index Name": "info_type_pkey", "Relation Name": "info_type", "Alias": "it1", "Startup Cost": 0.0, "Total Cost": 14.21, "Plan Rows": 1, "Plan Width": 4, "Actual Startup Time": 0.042, "Actual Total Time": 0.096, "Actual Rows": 1, "Actual Loops": 1, "Filter": "((info)::text = 'release dates'::text)", "Rows Removed by Filter": 111}, {"Node Type": "Index Scan", "Parent Relationship": "Inner", "Scan Direction": "Forward", "Index Name": "info_type_id_movie_info", "Relation Name": "movie_info", "Alias": "mi", "Startup Cost": 0.0, "Total Cost": 496745.66, "Plan Rows": 4, "Plan Width": 50, "Actual Startup Time": 0.642, "Actual Total Time": 2018.525, "Actual Rows": 1783, "Actual Loops": 1, "Index Cond": "(info_type_id = it1.id)", "Rows Removed by Index Recheck": 0, "Filter": "((info IS NOT NULL) AND ((note)::text ~~ '%internet%'::text) AND (((info)::text ~~ 'USA:% 199%'::text) OR ((info)::text ~~ 'USA:% 200%'::text)))", "Rows Removed by Filter": 3034936}]}, {"Node Type": "Index Scan", "Parent Relationship": "Inner", "Scan Direction": "Forward", "Index Name": "title_pkey", "Relation Name": "title", "Alias": "t", "Startup Cost": 0.0, "Total Cost": 8.23, "Plan Rows": 1, "Plan Width": 21, "Actual Startup Time": 16.223, "Actual Total Time": 16.223, "Actual Rows": 1782, "Actual Loops": 1783, "Index Cond": "(id = mi.movie_id)", "Rows Removed by Index Recheck": 0, "Filter": "(production_year > 1990)", "Rows Removed by Filter": 1}]}, {"Node Type": "Index Scan", "Parent Relationship": "Inner", "Scan Direction": "Forward", "Index Name": "movie_id_movie_companies", "Relation Name": "movie_companies", "Alias": "mc", "Startup Cost": 0.0, "Total Cost": 0.35, "Plan Rows": 2, "Plan Width": 12, "Actual Startup Time": 14.135, "Actual Total Time": 17.706, "Actual Rows": 2884, "Actual Loops": 1782, "Index Cond": "(movie_id = t.id)", "Rows Removed by Index Recheck": 0}]}, {"Node Type": "Index Scan", "Parent Relationship": "Inner", "Scan Direction": "Forward", "Index Name": "company_name_pkey", "Relation Name": "company_name", "Alias": "cn", "Startup Cost": 0.0, "Total Cost": 0.28, "Plan Rows": 1, "Plan Width": 4, "Actual Startup Time": 19.805, "Actual Total Time": 19.805, "Actual Rows": 2647, "Actual Loops": 2884, "Index Cond": "(id = mc.company_id)", "Rows Removed by Index Recheck": 0, "Filter": "((country_code)::text = '[us]'::text)", "Rows Removed by Filter": 237}]}, {"Node Type": "Index Scan", "Parent Relationship": "Inner", "Scan Direction": "Forward", "Index Name": "company_type_pkey", "Relation Name": "company_type", "Alias": "ct", "Startup Cost": 0.0, "Total Cost": 0.27, "Plan Rows": 1, "Plan Width": 4, "Actual Startup Time": 3.438, "Actual Total Time": 3.438, "Actual Rows": 1488, "Actual Loops": 2647, "Index Cond": "(id = mc.company_type_id)", "Rows Removed by Index Recheck": 0}]}, {"Node Type": "Index Scan", "Parent Relationship": "Inner", "Scan Direction": "Forward", "Index Name": "movie_id_aka_title", "Relation Name": "aka_title", "Alias": "at", "Startup Cost": 0.0, "Total Cost": 0.33, "Plan Rows": 3, "Plan Width": 4, "Actual Startup Time": 6.593, "Actual Total Time": 6.709, "Actual Rows": 119, "Actual Loops": 1488, "Index Cond": "(movie_id = t.id)", "Rows Removed by Index Recheck": 0}]}, {"Node Type": "Index Scan", "Parent Relationship": "Inner", "Scan Direction": "Forward", "Index Name": "movie_id_movie_keyword", "Relation Name": "movie_keyword", "Alias": "mk", "Startup Cost": 0.0, "Total Cost": 0.46, "Plan Rows": 8, "Plan Width": 8, "Actual Startup Time": 1.041, "Actual Total Time": 1.566, "Actual Rows": 1140, "Actual Loops": 119, "Index Cond": "(movie_id = mc.movie_id)", "Rows Removed by Index Recheck": 0}]}, {"Node Type": "Index Scan", "Parent Relationship": "Inner", "Scan Direction": "Forward", "Index Name": "keyword_pkey", "Relation Name": "keyword", "Alias": "k", "Startup Cost": 0.0, "Total Cost": 0.27, "Plan Rows": 1, "Plan Width": 4, "Actual Startup Time": 5.88, "Actual Total Time": 5.88, "Actual Rows": 1140, "Actual Loops": 1140, "Index Cond": "(id = mk.keyword_id)", "Rows Removed by Index Recheck": 0}]}]}, "Triggers": [], "Planner Runtime": 57.813, "Total Runtime": 2104.907, "Unique SQL Id": 2846462052}}, "(1, 110)": {"explain_plan": {"Plan": {"Node Type": "Aggregate", "Strategy": "Plain", "Startup Cost": 637513.53, "Total Cost": 637513.54, "Plan Rows": 1, "Plan Width": 123, "Plans": [{"Node Type": "Hash Join", "Parent Relationship": "Outer", "Join Type": "Inner", "Startup Cost": 558104.42, "Total Cost": 637512.86, "Plan Rows": 134, "Plan Width": 59, "Inner Unique": true, "Hash Cond": "(mk.keyword_id = k.id)", "Plans": [{"Node Type": "Hash Join", "Parent Relationship": "Outer", "Join Type": "Inner", "Startup Cost": 554326.61, "Total Cost": 633733.25, "Plan Rows": 134, "Plan Width": 63, "Inner Unique": false, "Hash Cond": "(mk.movie_id = t.id)", "Plans": [{"Node Type": "Seq Scan", "Parent Relationship": "Outer", "Relation Name": "movie_keyword", "Alias": "mk", "Startup Cost": 0.0, "Total Cost": 62441.29, "Plan Rows": 4523929, "Plan Width": 8}, {"Node Type": "Hash", "Parent Relationship": "Inner", "Startup Cost": 554326.4, "Total Cost": 554326.4, "Plan Rows": 17, "Plan Width": 75, "Plans": [{"Node Type": "Hash Join", "Parent Relationship": "Outer", "Join Type": "Inner", "Startup Cost": 481378.19, "Total Cost": 554326.4, "Plan Rows": 17, "Plan Width": 75, "Inner Unique": false, "Hash Cond": "(t.id = at.movie_id)", "Plans": [{"Node Type": "Seq Scan", "Parent Relationship": "Outer", "Relation Name": "title", "Alias": "t", "Startup Cost": 0.0, "Total Cost": 66389.89, "Plan Rows": 1748840, "Plan Width": 21, "Filter": "(production_year > 1990), (LLVM Optimized)"}, {"Node Type": "Hash", "Parent Relationship": "Inner", "Startup Cost": 481378.04, "Total Cost": 481378.04, "Plan Rows": 12, "Plan Width": 54, "Plans": [{"Node Type": "Hash Join", "Parent Relationship": "Outer", "Join Type": "Inner", "Startup Cost": 429897.79, "Total Cost": 481378.04, "Plan Rows": 12, "Plan Width": 54, "Inner Unique": false, "Hash Cond": "(mi.movie_id = at.movie_id)", "Plans": [{"Node Type": "Hash Join", "Parent Relationship": "Outer", "Join Type": "Inner", "Startup Cost": 415484.69, "Total Cost": 466964.22, "Plan Rows": 7, "Plan Width": 50, "Inner Unique": true, "Hash Cond": "(mc.company_id = cn.id)", "Plans": [{"Node Type": "Hash Join", "Parent Relationship": "Outer", "Join Type": "Inner", "Startup Cost": 408516.61, "Total Cost": 459996.08, "Plan Rows": 8, "Plan Width": 54, "Inner Unique": true, "Hash Cond": "(mc.company_type_id = ct.id)", "Plans": [{"Node Type": "Hash Join", "Parent Relationship": "Outer", "Join Type": "Inner", "Startup Cost": 408515.55, "Total Cost": 459994.89, "Plan Rows": 9, "Plan Width": 58, "Inner Unique": false, "Hash Cond": "(mc.movie_id = mi.movie_id)", "Plans": [{"Node Type": "Seq Scan", "Parent Relationship": "Outer", "Relation Name": "movie_companies", "Alias": "mc", "Startup Cost": 0.0, "Total Cost": 41817.28, "Plan Rows": 2609128, "Plan Width": 12}, {"Node Type": "Hash", "Parent Relationship": "Inner", "Startup Cost": 408515.5, "Total Cost": 408515.5, "Plan Rows": 4, "Plan Width": 46, "Plans": [{"Node Type": "Hash Join", "Parent Relationship": "Outer", "Join Type": "Inner", "Startup Cost": 2.41, "Total Cost": 408515.5, "Plan Rows": 4, "Plan Width": 46, "Inner Unique": true, "Hash Cond": "(mi.info_type_id = it1.id)", "Plans": [{"Node Type": "Seq Scan", "Parent Relationship": "Outer", "Relation Name": "movie_info", "Alias": "mi", "Startup Cost": 0.0, "Total Cost": 408512.41, "Plan Rows": 255, "Plan Width": 50, "Filter": "((info IS NOT NULL) AND ((note)::text ~~ '%internet%'::text) AND (((info)::text ~~ 'USA:% 199%'::text) OR ((info)::text ~~ 'USA:% 200%'::text)))"}, {"Node Type": "Hash", "Parent Relationship": "Inner", "Startup Cost": 2.4, "Total Cost": 2.4, "Plan Rows": 1, "Plan Width": 4, "Plans": [{"Node Type": "Seq Scan", "Parent Relationship": "Outer", "Relation Name": "info_type", "Alias": "it1", "Startup Cost": 0.0, "Total Cost": 2.4, "Plan Rows": 1, "Plan Width": 4, "Filter": "((info)::text = 'release dates'::text)"}]}]}]}]}, {"Node Type": "Hash", "Parent Relationship": "Inner", "Startup Cost": 1.03, "Total Cost": 1.03, "Plan Rows": 3, "Plan Width": 4, "Plans": [{"Node Type": "Seq Scan", "Parent Relationship": "Outer", "Relation Name": "company_type", "Alias": "ct", "Startup Cost": 0.0, "Total Cost": 1.03, "Plan Rows": 3, "Plan Width": 4}]}]}, {"Node Type": "Hash", "Parent Relationship": "Inner", "Startup Cost": 5903.45, "Total Cost": 5903.45, "Plan Rows": 85170, "Plan Width": 4, "Plans": [{"Node Type": "Seq Scan", "Parent Relationship": "Outer", "Relation Name": "company_name", "Alias": "cn", "Startup Cost": 0.0, "Total Cost": 5903.45, "Plan Rows": 85170, "Plan Width": 4, "Filter": "((country_code)::text = '[us]'::text)"}]}]}, {"Node Type": "Hash", "Parent Relationship": "Inner", "Startup Cost": 9894.71, "Total Cost": 9894.71, "Plan Rows": 361471, "Plan Width": 4, "Plans": [{"Node Type": "Seq Scan", "Parent Relationship": "Outer", "Relation Name": "aka_title", "Alias": "at", "Startup Cost": 0.0, "Total Cost": 9894.71, "Plan Rows": 361471, "Plan Width": 4}]}]}]}]}]}]}, {"Node Type": "Hash", "Parent Relationship": "Inner", "Startup Cost": 2100.69, "Total Cost": 2100.69, "Plan Rows": 134169, "Plan Width": 4, "Plans": [{"Node Type": "Seq Scan", "Parent Relationship": "Outer", "Relation Name": "keyword", "Alias": "k", "Startup Cost": 0.0, "Total Cost": 2100.69, "Plan Rows": 134169, "Plan Width": 4}]}]}]}, "Unique SQL Id": 2846462052}, "explain_analyze_plan": null}, "(1, 111)": {"explain_plan": {"Plan": {"Node Type": "Aggregate", "Strategy": "Plain", "Startup Cost": 9000056202987.25, "Total Cost": 9000056202987.26, "Plan Rows": 1, "Plan Width": 123, "Plans": [{"Node Type": "Hash Join", "Parent Relationship": "Outer", "Join Type": "Inner", "Startup Cost": 7020039712202.21, "Total Cost": 9000056202986.58, "Plan Rows": 134, "Plan Width": 59, "Inner Unique": true, "Hash Cond": "(at.movie_id = t.id)", "Plans": [{"Node Type": "Hash Join", "Parent Relationship": "Outer", "Join Type": "Inner", "Startup Cost": 6020028046215.04, "Total Cost": 8000044536997.71, "Plan Rows": 97, "Plan Width": 58, "Inner Unique": true, "Hash Cond": "(mk.keyword_id = k.id)", "Plans": [{"Node Type": "Hash Join", "Parent Relationship": "Outer", "Join Type": "Inner", "Startup Cost": 5020027759808.49, "Total Cost": 7000044250589.83, "Plan Rows": 97, "Plan Width": 62, "Inner Unique": false, "Hash Cond": "(at.movie_id = mk.movie_id)", "Plans": [{"Node Type": "Hash Join", "Parent Relationship": "Outer", "Join Type": "Inner", "Startup Cost": 4020012402625.21, "Total Cost": 6000028893393.49, "Plan Rows": 12, "Plan Width": 54, "Inner Unique": true, "Hash Cond": "(mc.company_type_id = ct.id)", "Plans": [{"Node Type": "Hash Join", "Parent Relationship": "Outer", "Join Type": "Inner", "Startup Cost": 3020012401395.68, "Total Cost": 5000028892163.79, "Plan Rows": 12, "Plan Width": 58, "Inner Unique": true, "Hash Cond": "(mc.company_id = cn.id)", "Plans": [{"Node Type": "Hash Join", "Parent Relationship": "Outer", "Join Type": "Inner", "Startup Cost": 2020011350192.08, "Total Cost": 4000027840959.88, "Plan Rows": 20, "Plan Width": 62, "Inner Unique": false, "Hash Cond": "(at.movie_id = mc.movie_id)", "Plans": [{"Node Type": "Hash Join", "Parent Relationship": "Outer", "Join Type": "Inner", "Startup Cost": 1020001999360.98, "Total Cost": 3000018490126.28, "Plan Rows": 9, "Plan Width": 50, "Inner Unique": false, "Hash Cond": "(mi.movie_id = at.movie_id)", "Plans": [{"Node Type": "Nested Loop", "Parent Relationship": "Outer", "Join Type": "Inner", "Startup Cost": 20000004841.46, "Total Cost": 2000016495606.35, "Plan Rows": 4, "Plan Width": 46, "Inner Unique": false, "Plans": [{"Node Type": "Index Scan", "Parent Relationship": "Outer", "Scan Direction": "Forward", "Index Name": "info_type_pkey", "Relation Name": "info_type", "Alias": "it1", "Startup Cost": 10000000000.0, "Total Cost": 1000000001421.0, "Plan Rows": 1, "Plan Width": 4, "Filter": "((info)::text = 'release dates'::text)"}, {"Node Type": "Bitmap Heap Scan", "Parent Relationship": "Inner", "Relation Name": "movie_info", "Alias": "mi", "Startup Cost": 10000004841.46, "Total Cost": 1000016494185.31, "Plan Rows": 4, "Plan Width": 50, "Recheck Cond": "(info_type_id = it1.id)", "Filter": "((info IS NOT NULL) AND ((note)::text ~~ '%internet%'::text) AND (((info)::text ~~ 'USA:% 199%'::text) OR ((info)::text ~~ 'USA:% 200%'::text)))", "Plans": [{"Node Type": "Bitmap Index Scan", "Parent Relationship": "Outer", "Index Name": "info_type_id_movie_info", "Startup Cost": 0.0, "Total Cost": 4841.46, "Plan Rows": 212428, "Plan Width": 0, "Index Cond": "(info_type_id = it1.id)"}]}]}, {"Node Type": "Hash", "Parent Relationship": "Inner", "Startup Cost": 1000001990001.13, "Total Cost": 1000001990001.13, "Plan Rows": 361471, "Plan Width": 4, "Plans": [{"Node Type": "Index Scan", "Parent Relationship": "Outer", "Scan Direction": "Forward", "Index Name": "movie_id_aka_title", "Relation Name": "aka_title", "Alias": "at", "Startup Cost": 10000000000.0, "Total Cost": 1000001990001.13, "Plan Rows": 361471, "Plan Width": 4}]}]}, {"Node Type": "Hash", "Parent Relationship": "Inner", "Startup Cost": 1000009318217.0, "Total Cost": 1000009318217.0, "Plan Rows": 2609128, "Plan Width": 12, "Plans": [{"Node Type": "Index Scan", "Parent Relationship": "Outer", "Scan Direction": "Forward", "Index Name": "company_type_id_movie_companies", "Relation Name": "movie_companies", "Alias": "mc", "Startup Cost": 10000000000.0, "Total Cost": 1000009318217.0, "Plan Rows": 2609128, "Plan Width": 12}]}]}, {"Node Type": "Hash", "Parent Relationship": "Inner", "Startup Cost": 1000001050138.97, "Total Cost": 1000001050138.97, "Plan Rows": 85170, "Plan Width": 4, "Plans": [{"Node Type": "Index Scan", "Parent Relationship": "Outer", "Scan Direction": "Forward", "Index Name": "company_name_pkey", "Relation Name": "company_name", "Alias": "cn", "Startup Cost": 10000000000.0, "Total Cost": 1000001050138.97, "Plan Rows": 85170, "Plan Width": 4, "Filter": "((country_code)::text = '[us]'::text)"}]}]}, {"Node Type": "Hash", "Parent Relationship": "Inner", "Startup Cost": 1000000001229.5, "Total Cost": 1000000001229.5, "Plan Rows": 3, "Plan Width": 4, "Plans": [{"Node Type": "Index Scan", "Parent Relationship": "Outer", "Scan Direction": "Forward", "Index Name": "company_type_pkey", "Relation Name": "company_type", "Alias": "ct", "Startup Cost": 10000000000.0, "Total Cost": 1000000001229.5, "Plan Rows": 3, "Plan Width": 4}]}]}, {"Node Type": "Hash", "Parent Relationship": "Inner", "Startup Cost": 1000015300634.17, "Total Cost": 1000015300634.17, "Plan Rows": 4523929, "Plan Width": 8, "Plans": [{"Node Type": "Index Scan", "Parent Relationship": "Outer", "Scan Direction": "Forward", "Index Name": "movie_id_movie_keyword", "Relation Name": "movie_keyword", "Alias": "mk", "Startup Cost": 10000000000.0, "Total Cost": 1000015300634.17, "Plan Rows": 4523929, "Plan Width": 8}]}]}, {"Node Type": "Hash", "Parent Relationship": "Inner", "Startup Cost": 1000000284729.43, "Total Cost": 1000000284729.43, "Plan Rows": 134169, "Plan Width": 4, "Plans": [{"Node Type": "Index Scan", "Parent Relationship": "Outer", "Scan Direction": "Forward", "Index Name": "keyword_pkey", "Relation Name": "keyword", "Alias": "k", "Startup Cost": 10000000000.0, "Total Cost": 1000000284729.43, "Plan Rows": 134169, "Plan Width": 4}]}]}, {"Node Type": "Hash", "Parent Relationship": "Inner", "Startup Cost": 1000011644126.66, "Total Cost": 1000011644126.66, "Plan Rows": 1748840, "Plan Width": 21, "Plans": [{"Node Type": "Index Scan", "Parent Relationship": "Outer", "Scan Direction": "Forward", "Index Name": "title_pkey", "Relation Name": "title", "Alias": "t", "Startup Cost": 10000000000.0, "Total Cost": 1000011644126.66, "Plan Rows": 1748840, "Plan Width": 21, "Filter": "(production_year > 1990), (LLVM Optimized)"}]}]}]}, "Unique SQL Id": 2846462052}, "explain_analyze_plan": null}, "(1, 112)": {"explain_plan": {"Plan": {"Node Type": "Aggregate", "Strategy": "Plain", "Startup Cost": 165015.59, "Total Cost": 165015.6, "Plan Rows": 1, "Plan Width": 123, "Plans": [{"Node Type": "Nested Loop", "Parent Relationship": "Outer", "Join Type": "Inner", "Startup Cost": 4841.46, "Total Cost": 165014.93, "Plan Rows": 132, "Plan Width": 59, "Inner Unique": false, "Plans": [{"Node Type": "Nested Loop", "Parent Relationship": "Outer", "Join Type": "Inner", "Startup Cost": 4841.46, "Total Cost": 164999.88, "Plan Rows": 44, "Plan Width": 75, "Inner Unique": true, "Plans": [{"Node Type": "Nested Loop", "Parent Relationship": "Outer", "Join Type": "Inner", "Startup Cost": 4841.46, "Total Cost": 164987.56, "Plan Rows": 44, "Plan Width": 79, "Inner Unique": false, "Join Filter": "(t.id = mk.movie_id)", "Plans": [{"Node Type": "Nested Loop", "Parent Relationship": "Outer", "Join Type": "Inner", "Startup Cost": 4841.46, "Total Cost": 164984.18, "Plan Rows": 6, "Plan Width": 71, "Inner Unique": true, "Plans": [{"Node Type": "Nested Loop", "Parent Relationship": "Outer", "Join Type": "Inner", "Startup Cost": 4841.46, "Total Cost": 164981.02, "Plan Rows": 11, "Plan Width": 75, "Inner Unique": true, "Join Filter": "(mc.company_type_id = ct.id)", "Plans": [{"Node Type": "Nested Loop", "Parent Relationship": "Outer", "Join Type": "Inner", "Startup Cost": 4841.46, "Total Cost": 164979.44, "Plan Rows": 12, "Plan Width": 79, "Inner Unique": false, "Plans": [{"Node Type": "Nested Loop", "Parent Relationship": "Outer", "Join Type": "Inner", "Startup Cost": 4841.46, "Total Cost": 164977.23, "Plan Rows": 6, "Plan Width": 67, "Inner Unique": true, "Plans": [{"Node Type": "Nested Loop", "Parent Relationship": "Outer", "Join Type": "Inner", "Startup Cost": 4841.46, "Total Cost": 164944.29, "Plan Rows": 4, "Plan Width": 46, "Inner Unique": false, "Plans": [{"Node Type": "Seq Scan", "Parent Relationship": "Outer", "Relation Name": "info_type", "Alias": "it1", "Startup Cost": 0.0, "Total Cost": 2.4, "Plan Rows": 1, "Plan Width": 4, "Filter": "((info)::text = 'release dates'::text)"}, {"Node Type": "Bitmap Heap Scan", "Parent Relationship": "Inner", "Relation Name": "movie_info", "Alias": "mi", "Startup Cost": 4841.46, "Total Cost": 164941.85, "Plan Rows": 4, "Plan Width": 50, "Recheck Cond": "(info_type_id = it1.id)", "Filter": "((info IS NOT NULL) AND ((note)::text ~~ '%internet%'::text) AND (((info)::text ~~ 'USA:% 199%'::text) OR ((info)::text ~~ 'USA:% 200%'::text)))", "Plans": [{"Node Type": "Bitmap Index Scan", "Parent Relationship": "Outer", "Index Name": "info_type_id_movie_info", "Startup Cost": 0.0, "Total Cost": 4841.46, "Plan Rows": 212428, "Plan Width": 0, "Index Cond": "(info_type_id = it1.id)"}]}]}, {"Node Type": "Index Scan", "Parent Relationship": "Inner", "Scan Direction": "Forward", "Index Name": "title_pkey", "Relation Name": "title", "Alias": "t", "Startup Cost": 0.0, "Total Cost": 8.23, "Plan Rows": 1, "Plan Width": 21, "Index Cond": "(id = mi.movie_id)", "Filter": "(production_year > 1990)"}]}, {"Node Type": "Index Scan", "Parent Relationship": "Inner", "Scan Direction": "Forward", "Index Name": "movie_id_movie_companies", "Relation Name": "movie_companies", "Alias": "mc", "Startup Cost": 0.0, "Total Cost": 0.35, "Plan Rows": 2, "Plan Width": 12, "Index Cond": "(movie_id = t.id)"}]}, {"Node Type": "Materialize", "Parent Relationship": "Inner", "Startup Cost": 0.0, "Total Cost": 1.04, "Plan Rows": 3, "Plan Width": 4, "Plans": [{"Node Type": "Seq Scan", "Parent Relationship": "Outer", "Relation Name": "company_type", "Alias": "ct", "Startup Cost": 0.0, "Total Cost": 1.03, "Plan Rows": 3, "Plan Width": 4}]}]}, {"Node Type": "Index Scan", "Parent Relationship": "Inner", "Scan Direction": "Forward", "Index Name": "company_name_pkey", "Relation Name": "company_name", "Alias": "cn", "Startup Cost": 0.0, "Total Cost": 0.28, "Plan Rows": 1, "Plan Width": 4, "Index Cond": "(id = mc.company_id)", "Filter": "((country_code)::text = '[us]'::text)"}]}, {"Node Type": "Index Scan", "Parent Relationship": "Inner", "Scan Direction": "Forward", "Index Name": "movie_id_movie_keyword", "Relation Name": "movie_keyword", "Alias": "mk", "Startup Cost": 0.0, "Total Cost": 0.46, "Plan Rows": 8, "Plan Width": 8, "Index Cond": "(movie_id = mc.movie_id)"}]}, {"Node Type": "Index Only Scan", "Parent Relationship": "Inner", "Scan Direction": "Forward", "Index Name": "keyword_pkey", "Relation Name": "keyword", "Alias": "k", "Startup Cost": 0.0, "Total Cost": 0.27, "Plan Rows": 1, "Plan Width": 4, "Index Cond": "(id = mk.keyword_id)"}]}, {"Node Type": "Index Only Scan", "Parent Relationship": "Inner", "Scan Direction": "Forward", "Index Name": "movie_id_aka_title", "Relation Name": "aka_title", "Alias": "at", "Startup Cost": 0.0, "Total Cost": 0.31, "Plan Rows": 3, "Plan Width": 4, "Index Cond": "(movie_id = t.id)"}]}]}, "Unique SQL Id": 2846462052}, "explain_analyze_plan": {"Plan": {"Node Type": "Aggregate", "Strategy": "Plain", "Startup Cost": 165015.59, "Total Cost": 165015.6, "Plan Rows": 1, "Plan Width": 123, "Actual Startup Time": 1797.846, "Actual Total Time": 1797.846, "Actual Rows": 1, "Actual Loops": 1, "Plans": [{"Node Type": "Nested Loop", "Parent Relationship": "Outer", "Join Type": "Inner", "Startup Cost": 4841.46, "Total Cost": 165014.93, "Plan Rows": 132, "Plan Width": 59, "Actual Startup Time": 488.087, "Actual Total Time": 1796.957, "Actual Rows": 1140, "Actual Loops": 1, "Inner Unique": false, "Plans": [{"Node Type": "Nested Loop", "Parent Relationship": "Outer", "Join Type": "Inner", "Startup Cost": 4841.46, "Total Cost": 164999.88, "Plan Rows": 44, "Plan Width": 75, "Actual Startup Time": 444.569, "Actual Total Time": 1783.709, "Actual Rows": 4808, "Actual Loops": 1, "Inner Unique": true, "Plans": [{"Node Type": "Nested Loop", "Parent Relationship": "Outer", "Join Type": "Inner", "Startup Cost": 4841.46, "Total Cost": 164987.56, "Plan Rows": 44, "Plan Width": 79, "Actual Startup Time": 444.556, "Actual Total Time": 1766.193, "Actual Rows": 4808, "Actual Loops": 1, "Inner Unique": false, "Join Filter": "(t.id = mk.movie_id)", "Rows Removed by Join Filter": 0, "Plans": [{"Node Type": "Nested Loop", "Parent Relationship": "Outer", "Join Type": "Inner", "Startup Cost": 4841.46, "Total Cost": 164984.18, "Plan Rows": 6, "Plan Width": 71, "Actual Startup Time": 444.53, "Actual Total Time": 1753.372, "Actual Rows": 1488, "Actual Loops": 1, "Inner Unique": true, "Plans": [{"Node Type": "Nested Loop", "Parent Relationship": "Outer", "Join Type": "Inner", "Startup Cost": 4841.46, "Total Cost": 164981.02, "Plan Rows": 11, "Plan Width": 75, "Actual Startup Time": 444.513, "Actual Total Time": 1741.787, "Actual Rows": 1599, "Actual Loops": 1, "Inner Unique": true, "Join Filter": "(mc.company_type_id = ct.id)", "Rows Removed by Join Filter": 3855, "Plans": [{"Node Type": "Nested Loop", "Parent Relationship": "Outer", "Join Type": "Inner", "Startup Cost": 4841.46, "Total Cost": 164979.44, "Plan Rows": 12, "Plan Width": 79, "Actual Startup Time": 444.477, "Actual Total Time": 1738.708, "Actual Rows": 2884, "Actual Loops": 1, "Inner Unique": false, "Plans": [{"Node Type": "Nested Loop", "Parent Relationship": "Outer", "Join Type": "Inner", "Startup Cost": 4841.46, "Total Cost": 164977.23, "Plan Rows": 6, "Plan Width": 67, "Actual Startup Time": 444.462, "Actual Total Time": 1724.47, "Actual Rows": 1782, "Actual Loops": 1, "Inner Unique": true, "Plans": [{"Node Type": "Nested Loop", "Parent Relationship": "Outer", "Join Type": "Inner", "Startup Cost": 4841.46, "Total Cost": 164944.29, "Plan Rows": 4, "Plan Width": 46, "Actual Startup Time": 444.414, "Actual Total Time": 1710.242, "Actual Rows": 1783, "Actual Loops": 1, "Inner Unique": false, "Plans": [{"Node Type": "Seq Scan", "Parent Relationship": "Outer", "Relation Name": "info_type", "Alias": "it1", "Startup Cost": 0.0, "Total Cost": 2.4, "Plan Rows": 1, "Plan Width": 4, "Actual Startup Time": 0.056, "Actual Total Time": 0.087, "Actual Rows": 1, "Actual Loops": 1, "Filter": "((info)::text = 'release dates'::text)", "Rows Removed by Filter": 111}, {"Node Type": "Bitmap Heap Scan", "Parent Relationship": "Inner", "Relation Name": "movie_info", "Alias": "mi", "Startup Cost": 4841.46, "Total Cost": 164941.85, "Plan Rows": 4, "Plan Width": 50, "Actual Startup Time": 444.351, "Actual Total Time": 1709.571, "Actual Rows": 1783, "Actual Loops": 1, "Recheck Cond": "(info_type_id = it1.id)", "Rows Removed by Index Recheck": 0, "Filter": "((info IS NOT NULL) AND ((note)::text ~~ '%internet%'::text) AND (((info)::text ~~ 'USA:% 199%'::text) OR ((info)::text ~~ 'USA:% 200%'::text)))", "Rows Removed by Filter": 3034936, "Exact Heap Blocks": 21947, "Lossy Heap Blocks": 21947, "Plans": [{"Node Type": "Bitmap Index Scan", "Parent Relationship": "Outer", "Index Name": "info_type_id_movie_info", "Startup Cost": 0.0, "Total Cost": 4841.46, "Plan Rows": 212428, "Plan Width": 0, "Actual Startup Time": 439.081, "Actual Total Time": 439.081, "Actual Rows": 3036719, "Actual Loops": 1, "Index Cond": "(info_type_id = it1.id)"}]}]}, {"Node Type": "Index Scan", "Parent Relationship": "Inner", "Scan Direction": "Forward", "Index Name": "title_pkey", "Relation Name": "title", "Alias": "t", "Startup Cost": 0.0, "Total Cost": 8.23, "Plan Rows": 1, "Plan Width": 21, "Actual Startup Time": 11.88, "Actual Total Time": 11.88, "Actual Rows": 1782, "Actual Loops": 1783, "Index Cond": "(id = mi.movie_id)", "Rows Removed by Index Recheck": 0, "Filter": "(production_year > 1990)", "Rows Removed by Filter": 1}]}, {"Node Type": "Index Scan", "Parent Relationship": "Inner", "Scan Direction": "Forward", "Index Name": "movie_id_movie_companies", "Relation Name": "movie_companies", "Alias": "mc", "Startup Cost": 0.0, "Total Cost": 0.35, "Plan Rows": 2, "Plan Width": 12, "Actual Startup Time": 9.66, "Actual Total Time": 12.255, "Actual Rows": 2884, "Actual Loops": 1782, "Index Cond": "(movie_id = t.id)", "Rows Removed by Index Recheck": 0}]}, {"Node Type": "Materialize", "Parent Relationship": "Inner", "Startup Cost": 0.0, "Total Cost": 1.04, "Plan Rows": 3, "Plan Width": 4, "Actual Startup Time": 0.444, "Actual Total Time": 0.803, "Actual Rows": 5454, "Actual Loops": 2884, "Plans": [{"Node Type": "Seq Scan", "Parent Relationship": "Outer", "Relation Name": "company_type", "Alias": "ct", "Startup Cost": 0.0, "Total Cost": 1.03, "Plan Rows": 3, "Plan Width": 4, "Actual Startup Time": 0.01, "Actual Total Time": 0.012, "Actual Rows": 3, "Actual Loops": 1}]}]}, {"Node Type": "Index Scan", "Parent Relationship": "Inner", "Scan Direction": "Forward", "Index Name": "company_name_pkey", "Relation Name": "company_name", "Alias": "cn", "Startup Cost": 0.0, "Total Cost": 0.28, "Plan Rows": 1, "Plan Width": 4, "Actual Startup Time": 9.671, "Actual Total Time": 9.671, "Actual Rows": 1488, "Actual Loops": 1599, "Index Cond": "(id = mc.company_id)", "Rows Removed by Index Recheck": 0, "Filter": "((country_code)::text = '[us]'::text)", "Rows Removed by Filter": 111}]}, {"Node Type": "Index Scan", "Parent Relationship": "Inner", "Scan Direction": "Forward", "Index Name": "movie_id_movie_keyword", "Relation Name": "movie_keyword", "Alias": "mk", "Startup Cost": 0.0, "Total Cost": 0.46, "Plan Rows": 8, "Plan Width": 8, "Actual Startup Time": 7.416, "Actual Total Time": 9.785, "Actual Rows": 4808, "Actual Loops": 1488, "Index Cond": "(movie_id = mc.movie_id)", "Rows Removed by Index Recheck": 0}]}, {"Node Type": "Index Only Scan", "Parent Relationship": "Inner", "Scan Direction": "Forward", "Index Name": "keyword_pkey", "Relation Name": "keyword", "Alias": "k", "Startup Cost": 0.0, "Total Cost": 0.27, "Plan Rows": 1, "Plan Width": 4, "Actual Startup Time": 13.937, "Actual Total Time": 13.937, "Actual Rows": 4808, "Actual Loops": 4808, "Index Cond": "(id = mk.keyword_id)", "Rows Removed by Index Recheck": 0, "Heap Fetches": 0}]}, {"Node Type": "Index Only Scan", "Parent Relationship": "Inner", "Scan Direction": "Forward", "Index Name": "movie_id_aka_title", "Relation Name": "aka_title", "Alias": "at", "Startup Cost": 0.0, "Total Cost": 0.31, "Plan Rows": 3, "Plan Width": 4, "Actual Startup Time": 10.205, "Actual Total Time": 10.512, "Actual Rows": 1140, "Actual Loops": 4808, "Index Cond": "(movie_id = t.id)", "Rows Removed by Index Recheck": 0, "Heap Fetches": 0}]}]}, "Triggers": [], "Planner Runtime": 29.373, "Total Runtime": 1798.451, "Unique SQL Id": 2846462052}}, "(1, 113)": {"explain_plan": {"Plan": {"Node Type": "Aggregate", "Strategy": "Plain", "Startup Cost": 165028.91, "Total Cost": 165028.92, "Plan Rows": 1, "Plan Width": 123, "Plans": [{"Node Type": "Nested Loop", "Parent Relationship": "Outer", "Join Type": "Inner", "Startup Cost": 4841.46, "Total Cost": 165028.25, "Plan Rows": 132, "Plan Width": 59, "Inner Unique": false, "Plans": [{"Node Type": "Nested Loop", "Parent Relationship": "Outer", "Join Type": "Inner", "Startup Cost": 4841.46, "Total Cost": 165013.2, "Plan Rows": 44, "Plan Width": 75, "Inner Unique": true, "Plans": [{"Node Type": "Nested Loop", "Parent Relationship": "Outer", "Join Type": "Inner", "Startup Cost": 4841.46, "Total Cost": 165000.88, "Plan Rows": 44, "Plan Width": 79, "Inner Unique": false, "Join Filter": "(t.id = mk.movie_id)", "Plans": [{"Node Type": "Nested Loop", "Parent Relationship": "Outer", "Join Type": "Inner", "Startup Cost": 4841.46, "Total Cost": 164997.5, "Plan Rows": 6, "Plan Width": 71, "Inner Unique": true, "Plans": [{"Node Type": "Nested Loop", "Parent Relationship": "Outer", "Join Type": "Inner", "Startup Cost": 4841.46, "Total Cost": 164994.7, "Plan Rows": 10, "Plan Width": 75, "Inner Unique": true, "Plans": [{"Node Type": "Nested Loop", "Parent Relationship": "Outer", "Join Type": "Inner", "Startup Cost": 4841.46, "Total Cost": 164991.25, "Plan Rows": 12, "Plan Width": 79, "Inner Unique": false, "Plans": [{"Node Type": "Nested Loop", "Parent Relationship": "Outer", "Join Type": "Inner", "Startup Cost": 4841.46, "Total Cost": 164989.04, "Plan Rows": 6, "Plan Width": 67, "Inner Unique": true, "Plans": [{"Node Type": "Nested Loop", "Parent Relationship": "Outer", "Join Type": "Inner", "Startup Cost": 4841.46, "Total Cost": 164956.1, "Plan Rows": 4, "Plan Width": 46, "Inner Unique": false, "Plans": [{"Node Type": "Index Scan", "Parent Relationship": "Outer", "Scan Direction": "Forward", "Index Name": "info_type_pkey", "Relation Name": "info_type", "Alias": "it1", "Startup Cost": 0.0, "Total Cost": 14.21, "Plan Rows": 1, "Plan Width": 4, "Filter": "((info)::text = 'release dates'::text)"}, {"Node Type": "Bitmap Heap Scan", "Parent Relationship": "Inner", "Relation Name": "movie_info", "Alias": "mi", "Startup Cost": 4841.46, "Total Cost": 164941.85, "Plan Rows": 4, "Plan Width": 50, "Recheck Cond": "(info_type_id = it1.id)", "Filter": "((info IS NOT NULL) AND ((note)::text ~~ '%internet%'::text) AND (((info)::text ~~ 'USA:% 199%'::text) OR ((info)::text ~~ 'USA:% 200%'::text)))", "Plans": [{"Node Type": "Bitmap Index Scan", "Parent Relationship": "Outer", "Index Name": "info_type_id_movie_info", "Startup Cost": 0.0, "Total Cost": 4841.46, "Plan Rows": 212428, "Plan Width": 0, "Index Cond": "(info_type_id = it1.id)"}]}]}, {"Node Type": "Index Scan", "Parent Relationship": "Inner", "Scan Direction": "Forward", "Index Name": "title_pkey", "Relation Name": "title", "Alias": "t", "Startup Cost": 0.0, "Total Cost": 8.23, "Plan Rows": 1, "Plan Width": 21, "Index Cond": "(id = mi.movie_id)", "Filter": "(production_year > 1990)"}]}, {"Node Type": "Index Scan", "Parent Relationship": "Inner", "Scan Direction": "Forward", "Index Name": "movie_id_movie_companies", "Relation Name": "movie_companies", "Alias": "mc", "Startup Cost": 0.0, "Total Cost": 0.35, "Plan Rows": 2, "Plan Width": 12, "Index Cond": "(movie_id = t.id)"}]}, {"Node Type": "Index Scan", "Parent Relationship": "Inner", "Scan Direction": "Forward", "Index Name": "company_name_pkey", "Relation Name": "company_name", "Alias": "cn", "Startup Cost": 0.0, "Total Cost": 0.28, "Plan Rows": 1, "Plan Width": 4, "Index Cond": "(id = mc.company_id)", "Filter": "((country_code)::text = '[us]'::text)"}]}, {"Node Type": "Index Only Scan", "Parent Relationship": "Inner", "Scan Direction": "Forward", "Index Name": "company_type_pkey", "Relation Name": "company_type", "Alias": "ct", "Startup Cost": 0.0, "Total Cost": 0.27, "Plan Rows": 1, "Plan Width": 4, "Index Cond": "(id = mc.company_type_id)"}]}, {"Node Type": "Index Scan", "Parent Relationship": "Inner", "Scan Direction": "Forward", "Index Name": "movie_id_movie_keyword", "Relation Name": "movie_keyword", "Alias": "mk", "Startup Cost": 0.0, "Total Cost": 0.46, "Plan Rows": 8, "Plan Width": 8, "Index Cond": "(movie_id = mc.movie_id)"}]}, {"Node Type": "Index Only Scan", "Parent Relationship": "Inner", "Scan Direction": "Forward", "Index Name": "keyword_pkey", "Relation Name": "keyword", "Alias": "k", "Startup Cost": 0.0, "Total Cost": 0.27, "Plan Rows": 1, "Plan Width": 4, "Index Cond": "(id = mk.keyword_id)"}]}, {"Node Type": "Index Only Scan", "Parent Relationship": "Inner", "Scan Direction": "Forward", "Index Name": "movie_id_aka_title", "Relation Name": "aka_title", "Alias": "at", "Startup Cost": 0.0, "Total Cost": 0.31, "Plan Rows": 3, "Plan Width": 4, "Index Cond": "(movie_id = t.id)"}]}]}, "Unique SQL Id": 2846462052}, "explain_analyze_plan": {"Plan": {"Node Type": "Aggregate", "Strategy": "Plain", "Startup Cost": 165028.91, "Total Cost": 165028.92, "Plan Rows": 1, "Plan Width": 123, "Actual Startup Time": 1843.924, "Actual Total Time": 1843.925, "Actual Rows": 1, "Actual Loops": 1, "Plans": [{"Node Type": "Nested Loop", "Parent Relationship": "Outer", "Join Type": "Inner", "Startup Cost": 4841.46, "Total Cost": 165028.25, "Plan Rows": 132, "Plan Width": 59, "Actual Startup Time": 422.786, "Actual Total Time": 1843.016, "Actual Rows": 1140, "Actual Loops": 1, "Inner Unique": false, "Plans": [{"Node Type": "Nested Loop", "Parent Relationship": "Outer", "Join Type": "Inner", "Startup Cost": 4841.46, "Total Cost": 165013.2, "Plan Rows": 44, "Plan Width": 75, "Actual Startup Time": 379.118, "Actual Total Time": 1829.334, "Actual Rows": 4808, "Actual Loops": 1, "Inner Unique": true, "Plans": [{"Node Type": "Nested Loop", "Parent Relationship": "Outer", "Join Type": "Inner", "Startup Cost": 4841.46, "Total Cost": 165000.88, "Plan Rows": 44, "Plan Width": 79, "Actual Startup Time": 379.108, "Actual Total Time": 1810.393, "Actual Rows": 4808, "Actual Loops": 1, "Inner Unique": false, "Join Filter": "(t.id = mk.movie_id)", "Rows Removed by Join Filter": 0, "Plans": [{"Node Type": "Nested Loop", "Parent Relationship": "Outer", "Join Type": "Inner", "Startup Cost": 4841.46, "Total Cost": 164997.5, "Plan Rows": 6, "Plan Width": 71, "Actual Startup Time": 379.089, "Actual Total Time": 1795.464, "Actual Rows": 1488, "Actual Loops": 1, "Inner Unique": true, "Plans": [{"Node Type": "Nested Loop", "Parent Relationship": "Outer", "Join Type": "Inner", "Startup Cost": 4841.46, "Total Cost": 164994.7, "Plan Rows": 10, "Plan Width": 75, "Actual Startup Time": 379.068, "Actual Total Time": 1790.888, "Actual Rows": 2647, "Actual Loops": 1, "Inner Unique": true, "Plans": [{"Node Type": "Nested Loop", "Parent Relationship": "Outer", "Join Type": "Inner", "Startup Cost": 4841.46, "Total Cost": 164991.25, "Plan Rows": 12, "Plan Width": 79, "Actual Startup Time": 379.049, "Actual Total Time": 1770.642, "Actual Rows": 2884, "Actual Loops": 1, "Inner Unique": false, "Plans": [{"Node Type": "Nested Loop", "Parent Relationship": "Outer", "Join Type": "Inner", "Startup Cost": 4841.46, "Total Cost": 164989.04, "Plan Rows": 6, "Plan Width": 67, "Actual Startup Time": 379.035, "Actual Total Time": 1752.802, "Actual Rows": 1782, "Actual Loops": 1, "Inner Unique": true, "Plans": [{"Node Type": "Nested Loop", "Parent Relationship": "Outer", "Join Type": "Inner", "Startup Cost": 4841.46, "Total Cost": 164956.1, "Plan Rows": 4, "Plan Width": 46, "Actual Startup Time": 378.989, "Actual Total Time": 1735.185, "Actual Rows": 1783, "Actual Loops": 1, "Inner Unique": false, "Plans": [{"Node Type": "Index Scan", "Parent Relationship": "Outer", "Scan Direction": "Forward", "Index Name": "info_type_pkey", "Relation Name": "info_type", "Alias": "it1", "Startup Cost": 0.0, "Total Cost": 14.21, "Plan Rows": 1, "Plan Width": 4, "Actual Startup Time": 0.038, "Actual Total Time": 0.094, "Actual Rows": 1, "Actual Loops": 1, "Filter": "((info)::text = 'release dates'::text)", "Rows Removed by Filter": 111}, {"Node Type": "Bitmap Heap Scan", "Parent Relationship": "Inner", "Relation Name": "movie_info", "Alias": "mi", "Startup Cost": 4841.46, "Total Cost": 164941.85, "Plan Rows": 4, "Plan Width": 50, "Actual Startup Time": 378.941, "Actual Total Time": 1734.417, "Actual Rows": 1783, "Actual Loops": 1, "Recheck Cond": "(info_type_id = it1.id)", "Rows Removed by Index Recheck": 0, "Filter": "((info IS NOT NULL) AND ((note)::text ~~ '%internet%'::text) AND (((info)::text ~~ 'USA:% 199%'::text) OR ((info)::text ~~ 'USA:% 200%'::text)))", "Rows Removed by Filter": 3034936, "Exact Heap Blocks": 21947, "Lossy Heap Blocks": 21947, "Plans": [{"Node Type": "Bitmap Index Scan", "Parent Relationship": "Outer", "Index Name": "info_type_id_movie_info", "Startup Cost": 0.0, "Total Cost": 4841.46, "Plan Rows": 212428, "Plan Width": 0, "Actual Startup Time": 373.637, "Actual Total Time": 373.637, "Actual Rows": 3036719, "Actual Loops": 1, "Index Cond": "(info_type_id = it1.id)"}]}]}, {"Node Type": "Index Scan", "Parent Relationship": "Inner", "Scan Direction": "Forward", "Index Name": "title_pkey", "Relation Name": "title", "Alias": "t", "Startup Cost": 0.0, "Total Cost": 8.23, "Plan Rows": 1, "Plan Width": 21, "Actual Startup Time": 15.172, "Actual Total Time": 15.172, "Actual Rows": 1782, "Actual Loops": 1783, "Index Cond": "(id = mi.movie_id)", "Rows Removed by Index Recheck": 0, "Filter": "(production_year > 1990)", "Rows Removed by Filter": 1}]}, {"Node Type": "Index Scan", "Parent Relationship": "Inner", "Scan Direction": "Forward", "Index Name": "movie_id_movie_companies", "Relation Name": "movie_companies", "Alias": "mc", "Startup Cost": 0.0, "Total Cost": 0.35, "Plan Rows": 2, "Plan Width": 12, "Actual Startup Time": 12.508, "Actual Total Time": 15.741, "Actual Rows": 2884, "Actual Loops": 1782, "Index Cond": "(movie_id = t.id)", "Rows Removed by Index Recheck": 0}]}, {"Node Type": "Index Scan", "Parent Relationship": "Inner", "Scan Direction": "Forward", "Index Name": "company_name_pkey", "Relation Name": "company_name", "Alias": "cn", "Startup Cost": 0.0, "Total Cost": 0.28, "Plan Rows": 1, "Plan Width": 4, "Actual Startup Time": 17.398, "Actual Total Time": 17.398, "Actual Rows": 2647, "Actual Loops": 2884, "Index Cond": "(id = mc.company_id)", "Rows Removed by Index Recheck": 0, "Filter": "((country_code)::text = '[us]'::text)", "Rows Removed by Filter": 237}]}, {"Node Type": "Index Only Scan", "Parent Relationship": "Inner", "Scan Direction": "Forward", "Index Name": "company_type_pkey", "Relation Name": "company_type", "Alias": "ct", "Startup Cost": 0.0, "Total Cost": 0.27, "Plan Rows": 1, "Plan Width": 4, "Actual Startup Time": 2.475, "Actual Total Time": 2.475, "Actual Rows": 1488, "Actual Loops": 2647, "Index Cond": "(id = mc.company_type_id)", "Rows Removed by Index Recheck": 0, "Heap Fetches": 0}]}, {"Node Type": "Index Scan", "Parent Relationship": "Inner", "Scan Direction": "Forward", "Index Name": "movie_id_movie_keyword", "Relation Name": "movie_keyword", "Alias": "mk", "Startup Cost": 0.0, "Total Cost": 0.46, "Plan Rows": 8, "Plan Width": 8, "Actual Startup Time": 9.338, "Actual Total Time": 11.795, "Actual Rows": 4808, "Actual Loops": 1488, "Index Cond": "(movie_id = mc.movie_id)", "Rows Removed by Index Recheck": 0}]}, {"Node Type": "Index Only Scan", "Parent Relationship": "Inner", "Scan Direction": "Forward", "Index Name": "keyword_pkey", "Relation Name": "keyword", "Alias": "k", "Startup Cost": 0.0, "Total Cost": 0.27, "Plan Rows": 1, "Plan Width": 4, "Actual Startup Time": 15.193, "Actual Total Time": 15.193, "Actual Rows": 4808, "Actual Loops": 4808, "Index Cond": "(id = mk.keyword_id)", "Rows Removed by Index Recheck": 0, "Heap Fetches": 0}]}, {"Node Type": "Index Only Scan", "Parent Relationship": "Inner", "Scan Direction": "Forward", "Index Name": "movie_id_aka_title", "Relation Name": "aka_title", "Alias": "at", "Startup Cost": 0.0, "Total Cost": 0.31, "Plan Rows": 3, "Plan Width": 4, "Actual Startup Time": 10.79, "Actual Total Time": 11.101, "Actual Rows": 1140, "Actual Loops": 4808, "Index Cond": "(movie_id = t.id)", "Rows Removed by Index Recheck": 0, "Heap Fetches": 0}]}]}, "Triggers": [], "Planner Runtime": 27.322, "Total Runtime": 1844.343, "Unique SQL Id": 2846462052}}, "(1, 114)": {"explain_plan": {"Plan": {"Node Type": "Aggregate", "Strategy": "Plain", "Startup Cost": 166012.09, "Total Cost": 166012.1, "Plan Rows": 1, "Plan Width": 123, "Plans": [{"Node Type": "Nested Loop", "Parent Relationship": "Outer", "Join Type": "Inner", "Startup Cost": 4846.74, "Total Cost": 166011.43, "Plan Rows": 132, "Plan Width": 59, "Inner Unique": true, "Join Filter": "(at.movie_id = t.id)", "Plans": [{"Node Type": "Nested Loop", "Parent Relationship": "Outer", "Join Type": "Inner", "Startup Cost": 4846.47, "Total Cost": 165603.56, "Plan Rows": 95, "Plan Width": 58, "Inner Unique": true, "Plans": [{"Node Type": "Nested Loop", "Parent Relationship": "Outer", "Join Type": "Inner", "Startup Cost": 4846.22, "Total Cost": 165188.37, "Plan Rows": 97, "Plan Width": 62, "Inner Unique": false, "Join Filter": "(at.movie_id = mk.movie_id)", "Plans": [{"Node Type": "Nested Loop", "Parent Relationship": "Outer", "Join Type": "Inner", "Startup Cost": 4845.88, "Total Cost": 165133.92, "Plan Rows": 12, "Plan Width": 54, "Inner Unique": true, "Join Filter": "(mc.company_type_id = ct.id)", "Plans": [{"Node Type": "Nested Loop", "Parent Relationship": "Outer", "Join Type": "Inner", "Startup Cost": 4845.88, "Total Cost": 165132.34, "Plan Rows": 12, "Plan Width": 58, "Inner Unique": true, "Plans": [{"Node Type": "Nested Loop", "Parent Relationship": "Outer", "Join Type": "Inner", "Startup Cost": 4845.62, "Total Cost": 165046.67, "Plan Rows": 20, "Plan Width": 62, "Inner Unique": false, "Plans": [{"Node Type": "Nested Loop", "Parent Relationship": "Outer", "Join Type": "Inner", "Startup Cost": 4845.25, "Total Cost": 165006.92, "Plan Rows": 9, "Plan Width": 50, "Inner Unique": false, "Plans": [{"Node Type": "Nested Loop", "Parent Relationship": "Outer", "Join Type": "Inner", "Startup Cost": 4841.46, "Total Cost": 164944.29, "Plan Rows": 4, "Plan Width": 46, "Inner Unique": false, "Plans": [{"Node Type": "Seq Scan", "Parent Relationship": "Outer", "Relation Name": "info_type", "Alias": "it1", "Startup Cost": 0.0, "Total Cost": 2.4, "Plan Rows": 1, "Plan Width": 4, "Filter": "((info)::text = 'release dates'::text)"}, {"Node Type": "Bitmap Heap Scan", "Parent Relationship": "Inner", "Relation Name": "movie_info", "Alias": "mi", "Startup Cost": 4841.46, "Total Cost": 164941.85, "Plan Rows": 4, "Plan Width": 50, "Recheck Cond": "(info_type_id = it1.id)", "Filter": "((info IS NOT NULL) AND ((note)::text ~~ '%internet%'::text) AND (((info)::text ~~ 'USA:% 199%'::text) OR ((info)::text ~~ 'USA:% 200%'::text)))", "Plans": [{"Node Type": "Bitmap Index Scan", "Parent Relationship": "Outer", "Index Name": "info_type_id_movie_info", "Startup Cost": 0.0, "Total Cost": 4841.46, "Plan Rows": 212428, "Plan Width": 0, "Index Cond": "(info_type_id = it1.id)"}]}]}, {"Node Type": "Bitmap Heap Scan", "Parent Relationship": "Inner", "Relation Name": "aka_title", "Alias": "at", "Startup Cost": 3.79, "Total Cost": 15.63, "Plan Rows": 3, "Plan Width": 4, "Recheck Cond": "(movie_id = mi.movie_id)", "Plans": [{"Node Type": "Bitmap Index Scan", "Parent Relationship": "Outer", "Index Name": "movie_id_aka_title", "Startup Cost": 0.0, "Total Cost": 3.79, "Plan Rows": 3, "Plan Width": 0, "Index Cond": "(movie_id = mi.movie_id)"}]}]}, {"Node Type": "Bitmap Heap Scan", "Parent Relationship": "Inner", "Relation Name": "movie_companies", "Alias": "mc", "Startup Cost": 0.37, "Total Cost": 4.4, "Plan Rows": 2, "Plan Width": 12, "Recheck Cond": "(movie_id = at.movie_id)", "Plans": [{"Node Type": "Bitmap Index Scan", "Parent Relationship": "Outer", "Index Name": "movie_id_movie_companies", "Startup Cost": 0.0, "Total Cost": 0.37, "Plan Rows": 2, "Plan Width": 0, "Index Cond": "(movie_id = at.movie_id)"}]}]}, {"Node Type": "Bitmap Heap Scan", "Parent Relationship": "Inner", "Relation Name": "company_name", "Alias": "cn", "Startup Cost": 0.26, "Total Cost": 4.27, "Plan Rows": 1, "Plan Width": 4, "Recheck Cond": "(id = mc.company_id)", "Filter": "((country_code)::text = '[us]'::text)", "Plans": [{"Node Type": "Bitmap Index Scan", "Parent Relationship": "Outer", "Index Name": "company_name_pkey", "Startup Cost": 0.0, "Total Cost": 0.26, "Plan Rows": 1, "Plan Width": 0, "Index Cond": "(id = mc.company_id)"}]}]}, {"Node Type": "Materialize", "Parent Relationship": "Inner", "Startup Cost": 0.0, "Total Cost": 1.04, "Plan Rows": 3, "Plan Width": 4, "Plans": [{"Node Type": "Seq Scan", "Parent Relationship": "Outer", "Relation Name": "company_type", "Alias": "ct", "Startup Cost": 0.0, "Total Cost": 1.03, "Plan Rows": 3, "Plan Width": 4}]}]}, {"Node Type": "Bitmap Heap Scan", "Parent Relationship": "Inner", "Relation Name": "movie_keyword", "Alias": "mk", "Startup Cost": 0.34, "Total Cost": 4.44, "Plan Rows": 8, "Plan Width": 8, "Recheck Cond": "(movie_id = mc.movie_id)", "Plans": [{"Node Type": "Bitmap Index Scan", "Parent Relationship": "Outer", "Index Name": "movie_id_movie_keyword", "Startup Cost": 0.0, "Total Cost": 0.34, "Plan Rows": 8, "Plan Width": 0, "Index Cond": "(movie_id = mc.movie_id)"}]}]}, {"Node Type": "Bitmap Heap Scan", "Parent Relationship": "Inner", "Relation Name": "keyword", "Alias": "k", "Startup Cost": 0.26, "Total Cost": 4.27, "Plan Rows": 1, "Plan Width": 4, "Recheck Cond": "(id = mk.keyword_id)", "Plans": [{"Node Type": "Bitmap Index Scan", "Parent Relationship": "Outer", "Index Name": "keyword_pkey", "Startup Cost": 0.0, "Total Cost": 0.26, "Plan Rows": 1, "Plan Width": 0, "Index Cond": "(id = mk.keyword_id)"}]}]}, {"Node Type": "Bitmap Heap Scan", "Parent Relationship": "Inner", "Relation Name": "title", "Alias": "t", "Startup Cost": 0.27, "Total Cost": 4.28, "Plan Rows": 1, "Plan Width": 21, "Recheck Cond": "(id = mk.movie_id)", "Filter": "(production_year > 1990)", "Plans": [{"Node Type": "Bitmap Index Scan", "Parent Relationship": "Outer", "Index Name": "title_pkey", "Startup Cost": 0.0, "Total Cost": 0.27, "Plan Rows": 1, "Plan Width": 0, "Index Cond": "(id = mk.movie_id)"}]}]}]}, "Unique SQL Id": 2846462052}, "explain_analyze_plan": {"Plan": {"Node Type": "Aggregate", "Strategy": "Plain", "Startup Cost": 166012.09, "Total Cost": 166012.1, "Plan Rows": 1, "Plan Width": 123, "Actual Startup Time": 1790.814, "Actual Total Time": 1790.814, "Actual Rows": 1, "Actual Loops": 1, "Plans": [{"Node Type": "Nested Loop", "Parent Relationship": "Outer", "Join Type": "Inner", "Startup Cost": 4846.74, "Total Cost": 166011.43, "Plan Rows": 132, "Plan Width": 59, "Actual Startup Time": 486.5, "Actual Total Time": 1789.728, "Actual Rows": 1140, "Actual Loops": 1, "Inner Unique": true, "Join Filter": "(at.movie_id = t.id)", "Rows Removed by Join Filter": 0, "Plans": [{"Node Type": "Nested Loop", "Parent Relationship": "Outer", "Join Type": "Inner", "Startup Cost": 4846.47, "Total Cost": 165603.56, "Plan Rows": 95, "Plan Width": 58, "Actual Startup Time": 486.457, "Actual Total Time": 1783.136, "Actual Rows": 1140, "Actual Loops": 1, "Inner Unique": true, "Plans": [{"Node Type": "Nested Loop", "Parent Relationship": "Outer", "Join Type": "Inner", "Startup Cost": 4846.22, "Total Cost": 165188.37, "Plan Rows": 97, "Plan Width": 62, "Actual Startup Time": 486.425, "Actual Total Time": 1775.626, "Actual Rows": 1140, "Actual Loops": 1, "Inner Unique": false, "Join Filter": "(at.movie_id = mk.movie_id)", "Rows Removed by Join Filter": 0, "Plans": [{"Node Type": "Nested Loop", "Parent Relationship": "Outer", "Join Type": "Inner", "Startup Cost": 4845.88, "Total Cost": 165133.92, "Plan Rows": 12, "Plan Width": 54, "Actual Startup Time": 486.38, "Actual Total Time": 1773.52, "Actual Rows": 119, "Actual Loops": 1, "Inner Unique": true, "Join Filter": "(mc.company_type_id = ct.id)", "Rows Removed by Join Filter": 495, "Plans": [{"Node Type": "Nested Loop", "Parent Relationship": "Outer", "Join Type": "Inner", "Startup Cost": 4845.88, "Total Cost": 165132.34, "Plan Rows": 12, "Plan Width": 58, "Actual Startup Time": 441.384, "Actual Total Time": 1773.017, "Actual Rows": 284, "Actual Loops": 1, "Inner Unique": true, "Plans": [{"Node Type": "Nested Loop", "Parent Relationship": "Outer", "Join Type": "Inner", "Startup Cost": 4845.62, "Total Cost": 165046.67, "Plan Rows": 20, "Plan Width": 62, "Actual Startup Time": 441.318, "Actual Total Time": 1769.583, "Actual Rows": 400, "Actual Loops": 1, "Inner Unique": false, "Plans": [{"Node Type": "Nested Loop", "Parent Relationship": "Outer", "Join Type": "Inner", "Startup Cost": 4845.25, "Total Cost": 165006.92, "Plan Rows": 9, "Plan Width": 50, "Actual Startup Time": 441.266, "Actual Total Time": 1767.334, "Actual Rows": 120, "Actual Loops": 1, "Inner Unique": false, "Plans": [{"Node Type": "Nested Loop", "Parent Relationship": "Outer", "Join Type": "Inner", "Startup Cost": 4841.46, "Total Cost": 164944.29, "Plan Rows": 4, "Plan Width": 46, "Actual Startup Time": 436.895, "Actual Total Time": 1756.162, "Actual Rows": 1783, "Actual Loops": 1, "Inner Unique": false, "Plans": [{"Node Type": "Seq Scan", "Parent Relationship": "Outer", "Relation Name": "info_type", "Alias": "it1", "Startup Cost": 0.0, "Total Cost": 2.4, "Plan Rows": 1, "Plan Width": 4, "Actual Startup Time": 0.048, "Actual Total Time": 0.081, "Actual Rows": 1, "Actual Loops": 1, "Filter": "((info)::text = 'release dates'::text)", "Rows Removed by Filter": 111}, {"Node Type": "Bitmap Heap Scan", "Parent Relationship": "Inner", "Relation Name": "movie_info", "Alias": "mi", "Startup Cost": 4841.46, "Total Cost": 164941.85, "Plan Rows": 4, "Plan Width": 50, "Actual Startup Time": 436.84, "Actual Total Time": 1755.401, "Actual Rows": 1783, "Actual Loops": 1, "Recheck Cond": "(info_type_id = it1.id)", "Rows Removed by Index Recheck": 0, "Filter": "((info IS NOT NULL) AND ((note)::text ~~ '%internet%'::text) AND (((info)::text ~~ 'USA:% 199%'::text) OR ((info)::text ~~ 'USA:% 200%'::text)))", "Rows Removed by Filter": 3034936, "Exact Heap Blocks": 21947, "Lossy Heap Blocks": 21947, "Plans": [{"Node Type": "Bitmap Index Scan", "Parent Relationship": "Outer", "Index Name": "info_type_id_movie_info", "Startup Cost": 0.0, "Total Cost": 4841.46, "Plan Rows": 212428, "Plan Width": 0, "Actual Startup Time": 431.065, "Actual Total Time": 431.065, "Actual Rows": 3036719, "Actual Loops": 1, "Index Cond": "(info_type_id = it1.id)"}]}]}, {"Node Type": "Bitmap Heap Scan", "Parent Relationship": "Inner", "Relation Name": "aka_title", "Alias": "at", "Startup Cost": 3.79, "Total Cost": 15.63, "Plan Rows": 3, "Plan Width": 4, "Actual Startup Time": 8.151, "Actual Total Time": 8.262, "Actual Rows": 120, "Actual Loops": 1783, "Recheck Cond": "(movie_id = mi.movie_id)", "Rows Removed by Index Recheck": 0, "Exact Heap Blocks": 120, "Lossy Heap Blocks": 120, "Plans": [{"Node Type": "Bitmap Index Scan", "Parent Relationship": "Outer", "Index Name": "movie_id_aka_title", "Startup Cost": 0.0, "Total Cost": 3.79, "Plan Rows": 3, "Plan Width": 0, "Actual Startup Time": 6.619, "Actual Total Time": 6.619, "Actual Rows": 120, "Actual Loops": 1783, "Index Cond": "(movie_id = mi.movie_id)"}]}]}, {"Node Type": "Bitmap Heap Scan", "Parent Relationship": "Inner", "Relation Name": "movie_companies", "Alias": "mc", "Startup Cost": 0.37, "Total Cost": 4.4, "Plan Rows": 2, "Plan Width": 12, "Actual Startup Time": 1.465, "Actual Total Time": 1.742, "Actual Rows": 400, "Actual Loops": 120, "Recheck Cond": "(movie_id = at.movie_id)", "Rows Removed by Index Recheck": 0, "Exact Heap Blocks": 214, "Lossy Heap Blocks": 214, "Plans": [{"Node Type": "Bitmap Index Scan", "Parent Relationship": "Outer", "Index Name": "movie_id_movie_companies", "Startup Cost": 0.0, "Total Cost": 0.37, "Plan Rows": 2, "Plan Width": 0, "Actual Startup Time": 0.843, "Actual Total Time": 0.843, "Actual Rows": 400, "Actual Loops": 120, "Index Cond": "(movie_id = at.movie_id)"}]}]}, {"Node Type": "Bitmap Heap Scan", "Parent Relationship": "Inner", "Relation Name": "company_name", "Alias": "cn", "Startup Cost": 0.26, "Total Cost": 4.27, "Plan Rows": 1, "Plan Width": 4, "Actual Startup Time": 2.704, "Actual Total Time": 2.704, "Actual Rows": 284, "Actual Loops": 400, "Recheck Cond": "(id = mc.company_id)", "Rows Removed by Index Recheck": 0, "Filter": "((country_code)::text = '[us]'::text)", "Rows Removed by Filter": 116, "Exact Heap Blocks": 400, "Lossy Heap Blocks": 400, "Plans": [{"Node Type": "Bitmap Index Scan", "Parent Relationship": "Outer", "Index Name": "company_name_pkey", "Startup Cost": 0.0, "Total Cost": 0.26, "Plan Rows": 1, "Plan Width": 0, "Actual Startup Time": 1.499, "Actual Total Time": 1.499, "Actual Rows": 400, "Actual Loops": 400, "Index Cond": "(id = mc.company_id)"}]}]}, {"Node Type": "Materialize", "Parent Relationship": "Inner", "Startup Cost": 0.0, "Total Cost": 1.04, "Plan Rows": 3, "Plan Width": 4, "Actual Startup Time": 0.101, "Actual Total Time": 0.156, "Actual Rows": 614, "Actual Loops": 284, "Plans": [{"Node Type": "Seq Scan", "Parent Relationship": "Outer", "Relation Name": "company_type", "Alias": "ct", "Startup Cost": 0.0, "Total Cost": 1.03, "Plan Rows": 3, "Plan Width": 4, "Actual Startup Time": 0.013, "Actual Total Time": 0.016, "Actual Rows": 3, "Actual Loops": 1}]}]}, {"Node Type": "Bitmap Heap Scan", "Parent Relationship": "Inner", "Relation Name": "movie_keyword", "Alias": "mk", "Startup Cost": 0.34, "Total Cost": 4.44, "Plan Rows": 8, "Plan Width": 8, "Actual Startup Time": 1.163, "Actual Total Time": 1.361, "Actual Rows": 1140, "Actual Loops": 119, "Recheck Cond": "(movie_id = mc.movie_id)", "Rows Removed by Index Recheck": 0, "Exact Heap Blocks": 91, "Lossy Heap Blocks": 91, "Plans": [{"Node Type": "Bitmap Index Scan", "Parent Relationship": "Outer", "Index Name": "movie_id_movie_keyword", "Startup Cost": 0.0, "Total Cost": 0.34, "Plan Rows": 8, "Plan Width": 0, "Actual Startup Time": 0.713, "Actual Total Time": 0.713, "Actual Rows": 1140, "Actual Loops": 119, "Index Cond": "(movie_id = mc.movie_id)"}]}]}, {"Node Type": "Bitmap Heap Scan", "Parent Relationship": "Inner", "Relation Name": "keyword", "Alias": "k", "Startup Cost": 0.26, "Total Cost": 4.27, "Plan Rows": 1, "Plan Width": 4, "Actual Startup Time": 5.839, "Actual Total Time": 5.839, "Actual Rows": 1140, "Actual Loops": 1140, "Recheck Cond": "(id = mk.keyword_id)", "Rows Removed by Index Recheck": 0, "Exact Heap Blocks": 1140, "Lossy Heap Blocks": 1140, "Plans": [{"Node Type": "Bitmap Index Scan", "Parent Relationship": "Outer", "Index Name": "keyword_pkey", "Startup Cost": 0.0, "Total Cost": 0.26, "Plan Rows": 1, "Plan Width": 0, "Actual Startup Time": 3.696, "Actual Total Time": 3.696, "Actual Rows": 1140, "Actual Loops": 1140, "Index Cond": "(id = mk.keyword_id)"}]}]}, {"Node Type": "Bitmap Heap Scan", "Parent Relationship": "Inner", "Relation Name": "title", "Alias": "t", "Startup Cost": 0.27, "Total Cost": 4.28, "Plan Rows": 1, "Plan Width": 21, "Actual Startup Time": 4.791, "Actual Total Time": 4.791, "Actual Rows": 1140, "Actual Loops": 1140, "Recheck Cond": "(id = mk.movie_id)", "Rows Removed by Index Recheck": 0, "Filter": "(production_year > 1990)", "Rows Removed by Filter": 0, "Exact Heap Blocks": 1140, "Lossy Heap Blocks": 1140, "Plans": [{"Node Type": "Bitmap Index Scan", "Parent Relationship": "Outer", "Index Name": "title_pkey", "Startup Cost": 0.0, "Total Cost": 0.27, "Plan Rows": 1, "Plan Width": 0, "Actual Startup Time": 2.873, "Actual Total Time": 2.873, "Actual Rows": 1140, "Actual Loops": 1140, "Index Cond": "(id = mk.movie_id)"}]}]}]}, "Triggers": [], "Planner Runtime": 72.792, "Total Runtime": 1791.335, "Unique SQL Id": 2846462052}}, "(1, 115)": {"explain_plan": {"Plan": {"Node Type": "Aggregate", "Strategy": "Plain", "Startup Cost": 1000002719454.35, "Total Cost": 1000002719454.36, "Plan Rows": 1, "Plan Width": 123, "Plans": [{"Node Type": "Nested Loop", "Parent Relationship": "Outer", "Join Type": "Inner", "Startup Cost": 10000000002.95, "Total Cost": 1000002719453.69, "Plan Rows": 132, "Plan Width": 59, "Inner Unique": true, "Join Filter": "(at.movie_id = t.id)", "Plans": [{"Node Type": "Nested Loop", "Parent Relationship": "Outer", "Join Type": "Inner", "Startup Cost": 10000000002.69, "Total Cost": 1000002719045.82, "Plan Rows": 95, "Plan Width": 58, "Inner Unique": true, "Plans": [{"Node Type": "Nested Loop", "Parent Relationship": "Outer", "Join Type": "Inner", "Startup Cost": 10000000002.43, "Total Cost": 1000002718630.63, "Plan Rows": 97, "Plan Width": 62, "Inner Unique": false, "Join Filter": "(at.movie_id = mk.movie_id)", "Plans": [{"Node Type": "Nested Loop", "Parent Relationship": "Outer", "Join Type": "Inner", "Startup Cost": 10000000002.09, "Total Cost": 1000002718576.18, "Plan Rows": 12, "Plan Width": 54, "Inner Unique": true, "Plans": [{"Node Type": "Nested Loop", "Parent Relationship": "Outer", "Join Type": "Inner", "Startup Cost": 10000000001.84, "Total Cost": 1000002718524.81, "Plan Rows": 12, "Plan Width": 58, "Inner Unique": true, "Plans": [{"Node Type": "Nested Loop", "Parent Relationship": "Outer", "Join Type": "Inner", "Startup Cost": 10000000001.58, "Total Cost": 1000002718439.15, "Plan Rows": 20, "Plan Width": 62, "Inner Unique": false, "Plans": [{"Node Type": "Nested Loop", "Parent Relationship": "Outer", "Join Type": "Inner", "Startup Cost": 10000000001.21, "Total Cost": 1000002718399.4, "Plan Rows": 9, "Plan Width": 50, "Inner Unique": true, "Plans": [{"Node Type": "Nested Loop", "Parent Relationship": "Outer", "Join Type": "Inner", "Startup Cost": 10000000000.92, "Total Cost": 1000002715586.59, "Plan Rows": 652, "Plan Width": 54, "Inner Unique": false, "Plans": [{"Node Type": "Index Only Scan", "Parent Relationship": "Outer", "Scan Direction": "Forward", "Index Name": "movie_id_aka_title", "Relation Name": "aka_title", "Alias": "at", "Startup Cost": 10000000000.0, "Total Cost": 1000000898631.5, "Plan Rows": 361471, "Plan Width": 4}, {"Node Type": "Bitmap Heap Scan", "Parent Relationship": "Inner", "Relation Name": "movie_info", "Alias": "mi", "Startup Cost": 0.92, "Total Cost": 5.02, "Plan Rows": 1, "Plan Width": 50, "Recheck Cond": "(movie_id = at.movie_id)", "Filter": "((info IS NOT NULL) AND ((note)::text ~~ '%internet%'::text) AND (((info)::text ~~ 'USA:% 199%'::text) OR ((info)::text ~~ 'USA:% 200%'::text)))", "Plans": [{"Node Type": "Bitmap Index Scan", "Parent Relationship": "Outer", "Index Name": "movie_id_movie_info", "Startup Cost": 0.0, "Total Cost": 0.92, "Plan Rows": 5, "Plan Width": 0, "Index Cond": "(movie_id = at.movie_id)"}]}]}, {"Node Type": "Bitmap Heap Scan", "Parent Relationship": "Inner", "Relation Name": "info_type", "Alias": "it1", "Startup Cost": 0.29, "Total Cost": 4.3, "Plan Rows": 1, "Plan Width": 4, "Recheck Cond": "(id = mi.info_type_id)", "Filter": "((info)::text = 'release dates'::text)", "Plans": [{"Node Type": "Bitmap Index Scan", "Parent Relationship": "Outer", "Index Name": "info_type_pkey", "Startup Cost": 0.0, "Total Cost": 0.29, "Plan Rows": 1, "Plan Width": 0, "Index Cond": "(id = mi.info_type_id)"}]}]}, {"Node Type": "Bitmap Heap Scan", "Parent Relationship": "Inner", "Relation Name": "movie_companies", "Alias": "mc", "Startup Cost": 0.37, "Total Cost": 4.4, "Plan Rows": 2, "Plan Width": 12, "Recheck Cond": "(movie_id = at.movie_id)", "Plans": [{"Node Type": "Bitmap Index Scan", "Parent Relationship": "Outer", "Index Name": "movie_id_movie_companies", "Startup Cost": 0.0, "Total Cost": 0.37, "Plan Rows": 2, "Plan Width": 0, "Index Cond": "(movie_id = at.movie_id)"}]}]}, {"Node Type": "Bitmap Heap Scan", "Parent Relationship": "Inner", "Relation Name": "company_name", "Alias": "cn", "Startup Cost": 0.26, "Total Cost": 4.27, "Plan Rows": 1, "Plan Width": 4, "Recheck Cond": "(id = mc.company_id)", "Filter": "((country_code)::text = '[us]'::text)", "Plans": [{"Node Type": "Bitmap Index Scan", "Parent Relationship": "Outer", "Index Name": "company_name_pkey", "Startup Cost": 0.0, "Total Cost": 0.26, "Plan Rows": 1, "Plan Width": 0, "Index Cond": "(id = mc.company_id)"}]}]}, {"Node Type": "Bitmap Heap Scan", "Parent Relationship": "Inner", "Relation Name": "company_type", "Alias": "ct", "Startup Cost": 0.26, "Total Cost": 4.27, "Plan Rows": 1, "Plan Width": 4, "Recheck Cond": "(id = mc.company_type_id)", "Plans": [{"Node Type": "Bitmap Index Scan", "Parent Relationship": "Outer", "Index Name": "company_type_pkey", "Startup Cost": 0.0, "Total Cost": 0.26, "Plan Rows": 1, "Plan Width": 0, "Index Cond": "(id = mc.company_type_id)"}]}]}, {"Node Type": "Bitmap Heap Scan", "Parent Relationship": "Inner", "Relation Name": "movie_keyword", "Alias": "mk", "Startup Cost": 0.34, "Total Cost": 4.44, "Plan Rows": 8, "Plan Width": 8, "Recheck Cond": "(movie_id = mc.movie_id)", "Plans": [{"Node Type": "Bitmap Index Scan", "Parent Relationship": "Outer", "Index Name": "movie_id_movie_keyword", "Startup Cost": 0.0, "Total Cost": 0.34, "Plan Rows": 8, "Plan Width": 0, "Index Cond": "(movie_id = mc.movie_id)"}]}]}, {"Node Type": "Bitmap Heap Scan", "Parent Relationship": "Inner", "Relation Name": "keyword", "Alias": "k", "Startup Cost": 0.26, "Total Cost": 4.27, "Plan Rows": 1, "Plan Width": 4, "Recheck Cond": "(id = mk.keyword_id)", "Plans": [{"Node Type": "Bitmap Index Scan", "Parent Relationship": "Outer", "Index Name": "keyword_pkey", "Startup Cost": 0.0, "Total Cost": 0.26, "Plan Rows": 1, "Plan Width": 0, "Index Cond": "(id = mk.keyword_id)"}]}]}, {"Node Type": "Bitmap Heap Scan", "Parent Relationship": "Inner", "Relation Name": "title", "Alias": "t", "Startup Cost": 0.27, "Total Cost": 4.28, "Plan Rows": 1, "Plan Width": 21, "Recheck Cond": "(id = mk.movie_id)", "Filter": "(production_year > 1990)", "Plans": [{"Node Type": "Bitmap Index Scan", "Parent Relationship": "Outer", "Index Name": "title_pkey", "Startup Cost": 0.0, "Total Cost": 0.27, "Plan Rows": 1, "Plan Width": 0, "Index Cond": "(id = mk.movie_id)"}]}]}]}, "Unique SQL Id": 2846462052}, "explain_analyze_plan": null}, "(1, 116)": {"explain_plan": {"Plan": {"Node Type": "Aggregate", "Strategy": "Plain", "Startup Cost": 165016.14, "Total Cost": 165016.15, "Plan Rows": 1, "Plan Width": 123, "Plans": [{"Node Type": "Nested Loop", "Parent Relationship": "Outer", "Join Type": "Inner", "Startup Cost": 4841.46, "Total Cost": 165015.48, "Plan Rows": 132, "Plan Width": 59, "Inner Unique": false, "Join Filter": "(t.id = at.movie_id)", "Plans": [{"Node Type": "Nested Loop", "Parent Relationship": "Outer", "Join Type": "Inner", "Startup Cost": 4841.46, "Total Cost": 164999.91, "Plan Rows": 44, "Plan Width": 75, "Inner Unique": true, "Plans": [{"Node Type": "Nested Loop", "Parent Relationship": "Outer", "Join Type": "Inner", "Startup Cost": 4841.46, "Total Cost": 164987.56, "Plan Rows": 44, "Plan Width": 79, "Inner Unique": false, "Join Filter": "(t.id = mk.movie_id)", "Plans": [{"Node Type": "Nested Loop", "Parent Relationship": "Outer", "Join Type": "Inner", "Startup Cost": 4841.46, "Total Cost": 164984.18, "Plan Rows": 6, "Plan Width": 71, "Inner Unique": true, "Plans": [{"Node Type": "Nested Loop", "Parent Relationship": "Outer", "Join Type": "Inner", "Startup Cost": 4841.46, "Total Cost": 164981.02, "Plan Rows": 11, "Plan Width": 75, "Inner Unique": true, "Join Filter": "(mc.company_type_id = ct.id)", "Plans": [{"Node Type": "Nested Loop", "Parent Relationship": "Outer", "Join Type": "Inner", "Startup Cost": 4841.46, "Total Cost": 164979.44, "Plan Rows": 12, "Plan Width": 79, "Inner Unique": false, "Plans": [{"Node Type": "Nested Loop", "Parent Relationship": "Outer", "Join Type": "Inner", "Startup Cost": 4841.46, "Total Cost": 164977.23, "Plan Rows": 6, "Plan Width": 67, "Inner Unique": true, "Plans": [{"Node Type": "Nested Loop", "Parent Relationship": "Outer", "Join Type": "Inner", "Startup Cost": 4841.46, "Total Cost": 164944.29, "Plan Rows": 4, "Plan Width": 46, "Inner Unique": false, "Plans": [{"Node Type": "Seq Scan", "Parent Relationship": "Outer", "Relation Name": "info_type", "Alias": "it1", "Startup Cost": 0.0, "Total Cost": 2.4, "Plan Rows": 1, "Plan Width": 4, "Filter": "((info)::text = 'release dates'::text)"}, {"Node Type": "Bitmap Heap Scan", "Parent Relationship": "Inner", "Relation Name": "movie_info", "Alias": "mi", "Startup Cost": 4841.46, "Total Cost": 164941.85, "Plan Rows": 4, "Plan Width": 50, "Recheck Cond": "(info_type_id = it1.id)", "Filter": "((info IS NOT NULL) AND ((note)::text ~~ '%internet%'::text) AND (((info)::text ~~ 'USA:% 199%'::text) OR ((info)::text ~~ 'USA:% 200%'::text)))", "Plans": [{"Node Type": "Bitmap Index Scan", "Parent Relationship": "Outer", "Index Name": "info_type_id_movie_info", "Startup Cost": 0.0, "Total Cost": 4841.46, "Plan Rows": 212428, "Plan Width": 0, "Index Cond": "(info_type_id = it1.id)"}]}]}, {"Node Type": "Index Scan", "Parent Relationship": "Inner", "Scan Direction": "Forward", "Index Name": "title_pkey", "Relation Name": "title", "Alias": "t", "Startup Cost": 0.0, "Total Cost": 8.23, "Plan Rows": 1, "Plan Width": 21, "Index Cond": "(id = mi.movie_id)", "Filter": "(production_year > 1990)"}]}, {"Node Type": "Index Scan", "Parent Relationship": "Inner", "Scan Direction": "Forward", "Index Name": "movie_id_movie_companies", "Relation Name": "movie_companies", "Alias": "mc", "Startup Cost": 0.0, "Total Cost": 0.35, "Plan Rows": 2, "Plan Width": 12, "Index Cond": "(movie_id = t.id)"}]}, {"Node Type": "Materialize", "Parent Relationship": "Inner", "Startup Cost": 0.0, "Total Cost": 1.04, "Plan Rows": 3, "Plan Width": 4, "Plans": [{"Node Type": "Seq Scan", "Parent Relationship": "Outer", "Relation Name": "company_type", "Alias": "ct", "Startup Cost": 0.0, "Total Cost": 1.03, "Plan Rows": 3, "Plan Width": 4}]}]}, {"Node Type": "Index Scan", "Parent Relationship": "Inner", "Scan Direction": "Forward", "Index Name": "company_name_pkey", "Relation Name": "company_name", "Alias": "cn", "Startup Cost": 0.0, "Total Cost": 0.28, "Plan Rows": 1, "Plan Width": 4, "Index Cond": "(id = mc.company_id)", "Filter": "((country_code)::text = '[us]'::text)"}]}, {"Node Type": "Index Scan", "Parent Relationship": "Inner", "Scan Direction": "Forward", "Index Name": "movie_id_movie_keyword", "Relation Name": "movie_keyword", "Alias": "mk", "Startup Cost": 0.0, "Total Cost": 0.46, "Plan Rows": 8, "Plan Width": 8, "Index Cond": "(movie_id = mc.movie_id)"}]}, {"Node Type": "Index Scan", "Parent Relationship": "Inner", "Scan Direction": "Forward", "Index Name": "keyword_pkey", "Relation Name": "keyword", "Alias": "k", "Startup Cost": 0.0, "Total Cost": 0.27, "Plan Rows": 1, "Plan Width": 4, "Index Cond": "(id = mk.keyword_id)"}]}, {"Node Type": "Index Scan", "Parent Relationship": "Inner", "Scan Direction": "Forward", "Index Name": "movie_id_aka_title", "Relation Name": "aka_title", "Alias": "at", "Startup Cost": 0.0, "Total Cost": 0.32, "Plan Rows": 3, "Plan Width": 4, "Index Cond": "(movie_id = mk.movie_id)"}]}]}, "Unique SQL Id": 2846462052}, "explain_analyze_plan": {"Plan": {"Node Type": "Aggregate", "Strategy": "Plain", "Startup Cost": 165016.14, "Total Cost": 165016.15, "Plan Rows": 1, "Plan Width": 123, "Actual Startup Time": 1915.678, "Actual Total Time": 1915.678, "Actual Rows": 1, "Actual Loops": 1, "Plans": [{"Node Type": "Nested Loop", "Parent Relationship": "Outer", "Join Type": "Inner", "Startup Cost": 4841.46, "Total Cost": 165015.48, "Plan Rows": 132, "Plan Width": 59, "Actual Startup Time": 504.241, "Actual Total Time": 1914.745, "Actual Rows": 1140, "Actual Loops": 1, "Inner Unique": false, "Join Filter": "(t.id = at.movie_id)", "Rows Removed by Join Filter": 0, "Plans": [{"Node Type": "Nested Loop", "Parent Relationship": "Outer", "Join Type": "Inner", "Startup Cost": 4841.46, "Total Cost": 164999.91, "Plan Rows": 44, "Plan Width": 75, "Actual Startup Time": 460.591, "Actual Total Time": 1899.431, "Actual Rows": 4808, "Actual Loops": 1, "Inner Unique": true, "Plans": [{"Node Type": "Nested Loop", "Parent Relationship": "Outer", "Join Type": "Inner", "Startup Cost": 4841.46, "Total Cost": 164987.56, "Plan Rows": 44, "Plan Width": 79, "Actual Startup Time": 460.578, "Actual Total Time": 1873.699, "Actual Rows": 4808, "Actual Loops": 1, "Inner Unique": false, "Join Filter": "(t.id = mk.movie_id)", "Rows Removed by Join Filter": 0, "Plans": [{"Node Type": "Nested Loop", "Parent Relationship": "Outer", "Join Type": "Inner", "Startup Cost": 4841.46, "Total Cost": 164984.18, "Plan Rows": 6, "Plan Width": 71, "Actual Startup Time": 460.546, "Actual Total Time": 1858.738, "Actual Rows": 1488, "Actual Loops": 1, "Inner Unique": true, "Plans": [{"Node Type": "Nested Loop", "Parent Relationship": "Outer", "Join Type": "Inner", "Startup Cost": 4841.46, "Total Cost": 164981.02, "Plan Rows": 11, "Plan Width": 75, "Actual Startup Time": 460.529, "Actual Total Time": 1844.766, "Actual Rows": 1599, "Actual Loops": 1, "Inner Unique": true, "Join Filter": "(mc.company_type_id = ct.id)", "Rows Removed by Join Filter": 3855, "Plans": [{"Node Type": "Nested Loop", "Parent Relationship": "Outer", "Join Type": "Inner", "Startup Cost": 4841.46, "Total Cost": 164979.44, "Plan Rows": 12, "Plan Width": 79, "Actual Startup Time": 460.491, "Actual Total Time": 1841.689, "Actual Rows": 2884, "Actual Loops": 1, "Inner Unique": false, "Plans": [{"Node Type": "Nested Loop", "Parent Relationship": "Outer", "Join Type": "Inner", "Startup Cost": 4841.46, "Total Cost": 164977.23, "Plan Rows": 6, "Plan Width": 67, "Actual Startup Time": 460.478, "Actual Total Time": 1823.962, "Actual Rows": 1782, "Actual Loops": 1, "Inner Unique": true, "Plans": [{"Node Type": "Nested Loop", "Parent Relationship": "Outer", "Join Type": "Inner", "Startup Cost": 4841.46, "Total Cost": 164944.29, "Plan Rows": 4, "Plan Width": 46, "Actual Startup Time": 460.431, "Actual Total Time": 1806.545, "Actual Rows": 1783, "Actual Loops": 1, "Inner Unique": false, "Plans": [{"Node Type": "Seq Scan", "Parent Relationship": "Outer", "Relation Name": "info_type", "Alias": "it1", "Startup Cost": 0.0, "Total Cost": 2.4, "Plan Rows": 1, "Plan Width": 4, "Actual Startup Time": 0.053, "Actual Total Time": 0.108, "Actual Rows": 1, "Actual Loops": 1, "Filter": "((info)::text = 'release dates'::text)", "Rows Removed by Filter": 111}, {"Node Type": "Bitmap Heap Scan", "Parent Relationship": "Inner", "Relation Name": "movie_info", "Alias": "mi", "Startup Cost": 4841.46, "Total Cost": 164941.85, "Plan Rows": 4, "Plan Width": 50, "Actual Startup Time": 460.372, "Actual Total Time": 1805.82, "Actual Rows": 1783, "Actual Loops": 1, "Recheck Cond": "(info_type_id = it1.id)", "Rows Removed by Index Recheck": 0, "Filter": "((info IS NOT NULL) AND ((note)::text ~~ '%internet%'::text) AND (((info)::text ~~ 'USA:% 199%'::text) OR ((info)::text ~~ 'USA:% 200%'::text)))", "Rows Removed by Filter": 3034936, "Exact Heap Blocks": 21947, "Lossy Heap Blocks": 21947, "Plans": [{"Node Type": "Bitmap Index Scan", "Parent Relationship": "Outer", "Index Name": "info_type_id_movie_info", "Startup Cost": 0.0, "Total Cost": 4841.46, "Plan Rows": 212428, "Plan Width": 0, "Actual Startup Time": 455.108, "Actual Total Time": 455.108, "Actual Rows": 3036719, "Actual Loops": 1, "Index Cond": "(info_type_id = it1.id)"}]}]}, {"Node Type": "Index Scan", "Parent Relationship": "Inner", "Scan Direction": "Forward", "Index Name": "title_pkey", "Relation Name": "title", "Alias": "t", "Startup Cost": 0.0, "Total Cost": 8.23, "Plan Rows": 1, "Plan Width": 21, "Actual Startup Time": 14.911, "Actual Total Time": 14.911, "Actual Rows": 1782, "Actual Loops": 1783, "Index Cond": "(id = mi.movie_id)", "Rows Removed by Index Recheck": 0, "Filter": "(production_year > 1990)", "Rows Removed by Filter": 1}]}, {"Node Type": "Index Scan", "Parent Relationship": "Inner", "Scan Direction": "Forward", "Index Name": "movie_id_movie_companies", "Relation Name": "movie_companies", "Alias": "mc", "Startup Cost": 0.0, "Total Cost": 0.35, "Plan Rows": 2, "Plan Width": 12, "Actual Startup Time": 12.512, "Actual Total Time": 15.633, "Actual Rows": 2884, "Actual Loops": 1782, "Index Cond": "(movie_id = t.id)", "Rows Removed by Index Recheck": 0}]}, {"Node Type": "Materialize", "Parent Relationship": "Inner", "Startup Cost": 0.0, "Total Cost": 1.04, "Plan Rows": 3, "Plan Width": 4, "Actual Startup Time": 0.416, "Actual Total Time": 0.763, "Actual Rows": 5454, "Actual Loops": 2884, "Plans": [{"Node Type": "Seq Scan", "Parent Relationship": "Outer", "Relation Name": "company_type", "Alias": "ct", "Startup Cost": 0.0, "Total Cost": 1.03, "Plan Rows": 3, "Plan Width": 4, "Actual Startup Time": 0.011, "Actual Total Time": 0.015, "Actual Rows": 3, "Actual Loops": 1}]}]}, {"Node Type": "Index Scan", "Parent Relationship": "Inner", "Scan Direction": "Forward", "Index Name": "company_name_pkey", "Relation Name": "company_name", "Alias": "cn", "Startup Cost": 0.0, "Total Cost": 0.28, "Plan Rows": 1, "Plan Width": 4, "Actual Startup Time": 12.023, "Actual Total Time": 12.023, "Actual Rows": 1488, "Actual Loops": 1599, "Index Cond": "(id = mc.company_id)", "Rows Removed by Index Recheck": 0, "Filter": "((country_code)::text = '[us]'::text)", "Rows Removed by Filter": 111}]}, {"Node Type": "Index Scan", "Parent Relationship": "Inner", "Scan Direction": "Forward", "Index Name": "movie_id_movie_keyword", "Relation Name": "movie_keyword", "Alias": "mk", "Startup Cost": 0.0, "Total Cost": 0.46, "Plan Rows": 8, "Plan Width": 8, "Actual Startup Time": 9.419, "Actual Total Time": 11.69, "Actual Rows": 4808, "Actual Loops": 1488, "Index Cond": "(movie_id = mc.movie_id)", "Rows Removed by Index Recheck": 0}]}, {"Node Type": "Index Scan", "Parent Relationship": "Inner", "Scan Direction": "Forward", "Index Name": "keyword_pkey", "Relation Name": "keyword", "Alias": "k", "Startup Cost": 0.0, "Total Cost": 0.27, "Plan Rows": 1, "Plan Width": 4, "Actual Startup Time": 21.625, "Actual Total Time": 21.625, "Actual Rows": 4808, "Actual Loops": 4808, "Index Cond": "(id = mk.keyword_id)", "Rows Removed by Index Recheck": 0}]}, {"Node Type": "Index Scan", "Parent Relationship": "Inner", "Scan Direction": "Forward", "Index Name": "movie_id_aka_title", "Relation Name": "aka_title", "Alias": "at", "Startup Cost": 0.0, "Total Cost": 0.32, "Plan Rows": 3, "Plan Width": 4, "Actual Startup Time": 11.684, "Actual Total Time": 12.244, "Actual Rows": 1140, "Actual Loops": 4808, "Index Cond": "(movie_id = mk.movie_id)", "Rows Removed by Index Recheck": 0}]}]}, "Triggers": [], "Planner Runtime": 28.819, "Total Runtime": 1916.131, "Unique SQL Id": 2846462052}}, "(1, 117)": {"explain_plan": {"Plan": {"Node Type": "Aggregate", "Strategy": "Plain", "Startup Cost": 165029.46, "Total Cost": 165029.47, "Plan Rows": 1, "Plan Width": 123, "Plans": [{"Node Type": "Nested Loop", "Parent Relationship": "Outer", "Join Type": "Inner", "Startup Cost": 4841.46, "Total Cost": 165028.8, "Plan Rows": 132, "Plan Width": 59, "Inner Unique": false, "Join Filter": "(t.id = at.movie_id)", "Plans": [{"Node Type": "Nested Loop", "Parent Relationship": "Outer", "Join Type": "Inner", "Startup Cost": 4841.46, "Total Cost": 165013.23, "Plan Rows": 44, "Plan Width": 75, "Inner Unique": true, "Plans": [{"Node Type": "Nested Loop", "Parent Relationship": "Outer", "Join Type": "Inner", "Startup Cost": 4841.46, "Total Cost": 165000.88, "Plan Rows": 44, "Plan Width": 79, "Inner Unique": false, "Join Filter": "(t.id = mk.movie_id)", "Plans": [{"Node Type": "Nested Loop", "Parent Relationship": "Outer", "Join Type": "Inner", "Startup Cost": 4841.46, "Total Cost": 164997.5, "Plan Rows": 6, "Plan Width": 71, "Inner Unique": true, "Plans": [{"Node Type": "Nested Loop", "Parent Relationship": "Outer", "Join Type": "Inner", "Startup Cost": 4841.46, "Total Cost": 164994.7, "Plan Rows": 10, "Plan Width": 75, "Inner Unique": true, "Plans": [{"Node Type": "Nested Loop", "Parent Relationship": "Outer", "Join Type": "Inner", "Startup Cost": 4841.46, "Total Cost": 164991.25, "Plan Rows": 12, "Plan Width": 79, "Inner Unique": false, "Plans": [{"Node Type": "Nested Loop", "Parent Relationship": "Outer", "Join Type": "Inner", "Startup Cost": 4841.46, "Total Cost": 164989.04, "Plan Rows": 6, "Plan Width": 67, "Inner Unique": true, "Plans": [{"Node Type": "Nested Loop", "Parent Relationship": "Outer", "Join Type": "Inner", "Startup Cost": 4841.46, "Total Cost": 164956.1, "Plan Rows": 4, "Plan Width": 46, "Inner Unique": false, "Plans": [{"Node Type": "Index Scan", "Parent Relationship": "Outer", "Scan Direction": "Forward", "Index Name": "info_type_pkey", "Relation Name": "info_type", "Alias": "it1", "Startup Cost": 0.0, "Total Cost": 14.21, "Plan Rows": 1, "Plan Width": 4, "Filter": "((info)::text = 'release dates'::text)"}, {"Node Type": "Bitmap Heap Scan", "Parent Relationship": "Inner", "Relation Name": "movie_info", "Alias": "mi", "Startup Cost": 4841.46, "Total Cost": 164941.85, "Plan Rows": 4, "Plan Width": 50, "Recheck Cond": "(info_type_id = it1.id)", "Filter": "((info IS NOT NULL) AND ((note)::text ~~ '%internet%'::text) AND (((info)::text ~~ 'USA:% 199%'::text) OR ((info)::text ~~ 'USA:% 200%'::text)))", "Plans": [{"Node Type": "Bitmap Index Scan", "Parent Relationship": "Outer", "Index Name": "info_type_id_movie_info", "Startup Cost": 0.0, "Total Cost": 4841.46, "Plan Rows": 212428, "Plan Width": 0, "Index Cond": "(info_type_id = it1.id)"}]}]}, {"Node Type": "Index Scan", "Parent Relationship": "Inner", "Scan Direction": "Forward", "Index Name": "title_pkey", "Relation Name": "title", "Alias": "t", "Startup Cost": 0.0, "Total Cost": 8.23, "Plan Rows": 1, "Plan Width": 21, "Index Cond": "(id = mi.movie_id)", "Filter": "(production_year > 1990)"}]}, {"Node Type": "Index Scan", "Parent Relationship": "Inner", "Scan Direction": "Forward", "Index Name": "movie_id_movie_companies", "Relation Name": "movie_companies", "Alias": "mc", "Startup Cost": 0.0, "Total Cost": 0.35, "Plan Rows": 2, "Plan Width": 12, "Index Cond": "(movie_id = t.id)"}]}, {"Node Type": "Index Scan", "Parent Relationship": "Inner", "Scan Direction": "Forward", "Index Name": "company_name_pkey", "Relation Name": "company_name", "Alias": "cn", "Startup Cost": 0.0, "Total Cost": 0.28, "Plan Rows": 1, "Plan Width": 4, "Index Cond": "(id = mc.company_id)", "Filter": "((country_code)::text = '[us]'::text)"}]}, {"Node Type": "Index Scan", "Parent Relationship": "Inner", "Scan Direction": "Forward", "Index Name": "company_type_pkey", "Relation Name": "company_type", "Alias": "ct", "Startup Cost": 0.0, "Total Cost": 0.27, "Plan Rows": 1, "Plan Width": 4, "Index Cond": "(id = mc.company_type_id)"}]}, {"Node Type": "Index Scan", "Parent Relationship": "Inner", "Scan Direction": "Forward", "Index Name": "movie_id_movie_keyword", "Relation Name": "movie_keyword", "Alias": "mk", "Startup Cost": 0.0, "Total Cost": 0.46, "Plan Rows": 8, "Plan Width": 8, "Index Cond": "(movie_id = mc.movie_id)"}]}, {"Node Type": "Index Scan", "Parent Relationship": "Inner", "Scan Direction": "Forward", "Index Name": "keyword_pkey", "Relation Name": "keyword", "Alias": "k", "Startup Cost": 0.0, "Total Cost": 0.27, "Plan Rows": 1, "Plan Width": 4, "Index Cond": "(id = mk.keyword_id)"}]}, {"Node Type": "Index Scan", "Parent Relationship": "Inner", "Scan Direction": "Forward", "Index Name": "movie_id_aka_title", "Relation Name": "aka_title", "Alias": "at", "Startup Cost": 0.0, "Total Cost": 0.32, "Plan Rows": 3, "Plan Width": 4, "Index Cond": "(movie_id = mk.movie_id)"}]}]}, "Unique SQL Id": 2846462052}, "explain_analyze_plan": {"Plan": {"Node Type": "Aggregate", "Strategy": "Plain", "Startup Cost": 165029.46, "Total Cost": 165029.47, "Plan Rows": 1, "Plan Width": 123, "Actual Startup Time": 1930.855, "Actual Total Time": 1930.855, "Actual Rows": 1, "Actual Loops": 1, "Plans": [{"Node Type": "Nested Loop", "Parent Relationship": "Outer", "Join Type": "Inner", "Startup Cost": 4841.46, "Total Cost": 165028.8, "Plan Rows": 132, "Plan Width": 59, "Actual Startup Time": 444.185, "Actual Total Time": 1929.939, "Actual Rows": 1140, "Actual Loops": 1, "Inner Unique": false, "Join Filter": "(t.id = at.movie_id)", "Rows Removed by Join Filter": 0, "Plans": [{"Node Type": "Nested Loop", "Parent Relationship": "Outer", "Join Type": "Inner", "Startup Cost": 4841.46, "Total Cost": 165013.23, "Plan Rows": 44, "Plan Width": 75, "Actual Startup Time": 399.616, "Actual Total Time": 1914.56, "Actual Rows": 4808, "Actual Loops": 1, "Inner Unique": true, "Plans": [{"Node Type": "Nested Loop", "Parent Relationship": "Outer", "Join Type": "Inner", "Startup Cost": 4841.46, "Total Cost": 165000.88, "Plan Rows": 44, "Plan Width": 79, "Actual Startup Time": 399.603, "Actual Total Time": 1887.801, "Actual Rows": 4808, "Actual Loops": 1, "Inner Unique": false, "Join Filter": "(t.id = mk.movie_id)", "Rows Removed by Join Filter": 0, "Plans": [{"Node Type": "Nested Loop", "Parent Relationship": "Outer", "Join Type": "Inner", "Startup Cost": 4841.46, "Total Cost": 164997.5, "Plan Rows": 6, "Plan Width": 71, "Actual Startup Time": 399.583, "Actual Total Time": 1872.991, "Actual Rows": 1488, "Actual Loops": 1, "Inner Unique": true, "Plans": [{"Node Type": "Nested Loop", "Parent Relationship": "Outer", "Join Type": "Inner", "Startup Cost": 4841.46, "Total Cost": 164994.7, "Plan Rows": 10, "Plan Width": 75, "Actual Startup Time": 399.562, "Actual Total Time": 1867.117, "Actual Rows": 2647, "Actual Loops": 1, "Inner Unique": true, "Plans": [{"Node Type": "Nested Loop", "Parent Relationship": "Outer", "Join Type": "Inner", "Startup Cost": 4841.46, "Total Cost": 164991.25, "Plan Rows": 12, "Plan Width": 79, "Actual Startup Time": 399.542, "Actual Total Time": 1845.586, "Actual Rows": 2884, "Actual Loops": 1, "Inner Unique": false, "Plans": [{"Node Type": "Nested Loop", "Parent Relationship": "Outer", "Join Type": "Inner", "Startup Cost": 4841.46, "Total Cost": 164989.04, "Plan Rows": 6, "Plan Width": 67, "Actual Startup Time": 399.526, "Actual Total Time": 1826.788, "Actual Rows": 1782, "Actual Loops": 1, "Inner Unique": true, "Plans": [{"Node Type": "Nested Loop", "Parent Relationship": "Outer", "Join Type": "Inner", "Startup Cost": 4841.46, "Total Cost": 164956.1, "Plan Rows": 4, "Plan Width": 46, "Actual Startup Time": 399.479, "Actual Total Time": 1808.752, "Actual Rows": 1783, "Actual Loops": 1, "Inner Unique": false, "Plans": [{"Node Type": "Index Scan", "Parent Relationship": "Outer", "Scan Direction": "Forward", "Index Name": "info_type_pkey", "Relation Name": "info_type", "Alias": "it1", "Startup Cost": 0.0, "Total Cost": 14.21, "Plan Rows": 1, "Plan Width": 4, "Actual Startup Time": 0.041, "Actual Total Time": 0.087, "Actual Rows": 1, "Actual Loops": 1, "Filter": "((info)::text = 'release dates'::text)", "Rows Removed by Filter": 111}, {"Node Type": "Bitmap Heap Scan", "Parent Relationship": "Inner", "Relation Name": "movie_info", "Alias": "mi", "Startup Cost": 4841.46, "Total Cost": 164941.85, "Plan Rows": 4, "Plan Width": 50, "Actual Startup Time": 399.432, "Actual Total Time": 1808.054, "Actual Rows": 1783, "Actual Loops": 1, "Recheck Cond": "(info_type_id = it1.id)", "Rows Removed by Index Recheck": 0, "Filter": "((info IS NOT NULL) AND ((note)::text ~~ '%internet%'::text) AND (((info)::text ~~ 'USA:% 199%'::text) OR ((info)::text ~~ 'USA:% 200%'::text)))", "Rows Removed by Filter": 3034936, "Exact Heap Blocks": 21947, "Lossy Heap Blocks": 21947, "Plans": [{"Node Type": "Bitmap Index Scan", "Parent Relationship": "Outer", "Index Name": "info_type_id_movie_info", "Startup Cost": 0.0, "Total Cost": 4841.46, "Plan Rows": 212428, "Plan Width": 0, "Actual Startup Time": 394.067, "Actual Total Time": 394.067, "Actual Rows": 3036719, "Actual Loops": 1, "Index Cond": "(info_type_id = it1.id)"}]}]}, {"Node Type": "Index Scan", "Parent Relationship": "Inner", "Scan Direction": "Forward", "Index Name": "title_pkey", "Relation Name": "title", "Alias": "t", "Startup Cost": 0.0, "Total Cost": 8.23, "Plan Rows": 1, "Plan Width": 21, "Actual Startup Time": 15.545, "Actual Total Time": 15.545, "Actual Rows": 1782, "Actual Loops": 1783, "Index Cond": "(id = mi.movie_id)", "Rows Removed by Index Recheck": 0, "Filter": "(production_year > 1990)", "Rows Removed by Filter": 1}]}, {"Node Type": "Index Scan", "Parent Relationship": "Inner", "Scan Direction": "Forward", "Index Name": "movie_id_movie_companies", "Relation Name": "movie_companies", "Alias": "mc", "Startup Cost": 0.0, "Total Cost": 0.35, "Plan Rows": 2, "Plan Width": 12, "Actual Startup Time": 13.102, "Actual Total Time": 16.62, "Actual Rows": 2884, "Actual Loops": 1782, "Index Cond": "(movie_id = t.id)", "Rows Removed by Index Recheck": 0}]}, {"Node Type": "Index Scan", "Parent Relationship": "Inner", "Scan Direction": "Forward", "Index Name": "company_name_pkey", "Relation Name": "company_name", "Alias": "cn", "Startup Cost": 0.0, "Total Cost": 0.28, "Plan Rows": 1, "Plan Width": 4, "Actual Startup Time": 18.54, "Actual Total Time": 18.54, "Actual Rows": 2647, "Actual Loops": 2884, "Index Cond": "(id = mc.company_id)", "Rows Removed by Index Recheck": 0, "Filter": "((country_code)::text = '[us]'::text)", "Rows Removed by Filter": 237}]}, {"Node Type": "Index Scan", "Parent Relationship": "Inner", "Scan Direction": "Forward", "Index Name": "company_type_pkey", "Relation Name": "company_type", "Alias": "ct", "Startup Cost": 0.0, "Total Cost": 0.27, "Plan Rows": 1, "Plan Width": 4, "Actual Startup Time": 3.491, "Actual Total Time": 3.491, "Actual Rows": 1488, "Actual Loops": 2647, "Index Cond": "(id = mc.company_type_id)", "Rows Removed by Index Recheck": 0}]}, {"Node Type": "Index Scan", "Parent Relationship": "Inner", "Scan Direction": "Forward", "Index Name": "movie_id_movie_keyword", "Relation Name": "movie_keyword", "Alias": "mk", "Startup Cost": 0.0, "Total Cost": 0.46, "Plan Rows": 8, "Plan Width": 8, "Actual Startup Time": 9.346, "Actual Total Time": 11.61, "Actual Rows": 4808, "Actual Loops": 1488, "Index Cond": "(movie_id = mc.movie_id)", "Rows Removed by Index Recheck": 0}]}, {"Node Type": "Index Scan", "Parent Relationship": "Inner", "Scan Direction": "Forward", "Index Name": "keyword_pkey", "Relation Name": "keyword", "Alias": "k", "Startup Cost": 0.0, "Total Cost": 0.27, "Plan Rows": 1, "Plan Width": 4, "Actual Startup Time": 22.739, "Actual Total Time": 22.739, "Actual Rows": 4808, "Actual Loops": 4808, "Index Cond": "(id = mk.keyword_id)", "Rows Removed by Index Recheck": 0}]}, {"Node Type": "Index Scan", "Parent Relationship": "Inner", "Scan Direction": "Forward", "Index Name": "movie_id_aka_title", "Relation Name": "aka_title", "Alias": "at", "Startup Cost": 0.0, "Total Cost": 0.32, "Plan Rows": 3, "Plan Width": 4, "Actual Startup Time": 11.706, "Actual Total Time": 12.281, "Actual Rows": 1140, "Actual Loops": 4808, "Index Cond": "(movie_id = mk.movie_id)", "Rows Removed by Index Recheck": 0}]}]}, "Triggers": [], "Planner Runtime": 27.493, "Total Runtime": 1931.359, "Unique SQL Id": 2846462052}}, "(1, 118)": {"explain_plan": {"Plan": {"Node Type": "Aggregate", "Strategy": "Plain", "Startup Cost": 166012.09, "Total Cost": 166012.1, "Plan Rows": 1, "Plan Width": 123, "Plans": [{"Node Type": "Nested Loop", "Parent Relationship": "Outer", "Join Type": "Inner", "Startup Cost": 4846.74, "Total Cost": 166011.43, "Plan Rows": 132, "Plan Width": 59, "Inner Unique": true, "Join Filter": "(at.movie_id = t.id)", "Plans": [{"Node Type": "Nested Loop", "Parent Relationship": "Outer", "Join Type": "Inner", "Startup Cost": 4846.47, "Total Cost": 165603.56, "Plan Rows": 95, "Plan Width": 58, "Inner Unique": true, "Plans": [{"Node Type": "Nested Loop", "Parent Relationship": "Outer", "Join Type": "Inner", "Startup Cost": 4846.22, "Total Cost": 165188.37, "Plan Rows": 97, "Plan Width": 62, "Inner Unique": false, "Join Filter": "(at.movie_id = mk.movie_id)", "Plans": [{"Node Type": "Nested Loop", "Parent Relationship": "Outer", "Join Type": "Inner", "Startup Cost": 4845.88, "Total Cost": 165133.92, "Plan Rows": 12, "Plan Width": 54, "Inner Unique": true, "Join Filter": "(mc.company_type_id = ct.id)", "Plans": [{"Node Type": "Nested Loop", "Parent Relationship": "Outer", "Join Type": "Inner", "Startup Cost": 4845.88, "Total Cost": 165132.34, "Plan Rows": 12, "Plan Width": 58, "Inner Unique": true, "Plans": [{"Node Type": "Nested Loop", "Parent Relationship": "Outer", "Join Type": "Inner", "Startup Cost": 4845.62, "Total Cost": 165046.67, "Plan Rows": 20, "Plan Width": 62, "Inner Unique": false, "Plans": [{"Node Type": "Nested Loop", "Parent Relationship": "Outer", "Join Type": "Inner", "Startup Cost": 4845.25, "Total Cost": 165006.92, "Plan Rows": 9, "Plan Width": 50, "Inner Unique": false, "Plans": [{"Node Type": "Nested Loop", "Parent Relationship": "Outer", "Join Type": "Inner", "Startup Cost": 4841.46, "Total Cost": 164944.29, "Plan Rows": 4, "Plan Width": 46, "Inner Unique": false, "Plans": [{"Node Type": "Seq Scan", "Parent Relationship": "Outer", "Relation Name": "info_type", "Alias": "it1", "Startup Cost": 0.0, "Total Cost": 2.4, "Plan Rows": 1, "Plan Width": 4, "Filter": "((info)::text = 'release dates'::text)"}, {"Node Type": "Bitmap Heap Scan", "Parent Relationship": "Inner", "Relation Name": "movie_info", "Alias": "mi", "Startup Cost": 4841.46, "Total Cost": 164941.85, "Plan Rows": 4, "Plan Width": 50, "Recheck Cond": "(info_type_id = it1.id)", "Filter": "((info IS NOT NULL) AND ((note)::text ~~ '%internet%'::text) AND (((info)::text ~~ 'USA:% 199%'::text) OR ((info)::text ~~ 'USA:% 200%'::text)))", "Plans": [{"Node Type": "Bitmap Index Scan", "Parent Relationship": "Outer", "Index Name": "info_type_id_movie_info", "Startup Cost": 0.0, "Total Cost": 4841.46, "Plan Rows": 212428, "Plan Width": 0, "Index Cond": "(info_type_id = it1.id)"}]}]}, {"Node Type": "Bitmap Heap Scan", "Parent Relationship": "Inner", "Relation Name": "aka_title", "Alias": "at", "Startup Cost": 3.79, "Total Cost": 15.63, "Plan Rows": 3, "Plan Width": 4, "Recheck Cond": "(movie_id = mi.movie_id)", "Plans": [{"Node Type": "Bitmap Index Scan", "Parent Relationship": "Outer", "Index Name": "movie_id_aka_title", "Startup Cost": 0.0, "Total Cost": 3.79, "Plan Rows": 3, "Plan Width": 0, "Index Cond": "(movie_id = mi.movie_id)"}]}]}, {"Node Type": "Bitmap Heap Scan", "Parent Relationship": "Inner", "Relation Name": "movie_companies", "Alias": "mc", "Startup Cost": 0.37, "Total Cost": 4.4, "Plan Rows": 2, "Plan Width": 12, "Recheck Cond": "(movie_id = at.movie_id)", "Plans": [{"Node Type": "Bitmap Index Scan", "Parent Relationship": "Outer", "Index Name": "movie_id_movie_companies", "Startup Cost": 0.0, "Total Cost": 0.37, "Plan Rows": 2, "Plan Width": 0, "Index Cond": "(movie_id = at.movie_id)"}]}]}, {"Node Type": "Bitmap Heap Scan", "Parent Relationship": "Inner", "Relation Name": "company_name", "Alias": "cn", "Startup Cost": 0.26, "Total Cost": 4.27, "Plan Rows": 1, "Plan Width": 4, "Recheck Cond": "(id = mc.company_id)", "Filter": "((country_code)::text = '[us]'::text)", "Plans": [{"Node Type": "Bitmap Index Scan", "Parent Relationship": "Outer", "Index Name": "company_name_pkey", "Startup Cost": 0.0, "Total Cost": 0.26, "Plan Rows": 1, "Plan Width": 0, "Index Cond": "(id = mc.company_id)"}]}]}, {"Node Type": "Materialize", "Parent Relationship": "Inner", "Startup Cost": 0.0, "Total Cost": 1.04, "Plan Rows": 3, "Plan Width": 4, "Plans": [{"Node Type": "Seq Scan", "Parent Relationship": "Outer", "Relation Name": "company_type", "Alias": "ct", "Startup Cost": 0.0, "Total Cost": 1.03, "Plan Rows": 3, "Plan Width": 4}]}]}, {"Node Type": "Bitmap Heap Scan", "Parent Relationship": "Inner", "Relation Name": "movie_keyword", "Alias": "mk", "Startup Cost": 0.34, "Total Cost": 4.44, "Plan Rows": 8, "Plan Width": 8, "Recheck Cond": "(movie_id = mc.movie_id)", "Plans": [{"Node Type": "Bitmap Index Scan", "Parent Relationship": "Outer", "Index Name": "movie_id_movie_keyword", "Startup Cost": 0.0, "Total Cost": 0.34, "Plan Rows": 8, "Plan Width": 0, "Index Cond": "(movie_id = mc.movie_id)"}]}]}, {"Node Type": "Bitmap Heap Scan", "Parent Relationship": "Inner", "Relation Name": "keyword", "Alias": "k", "Startup Cost": 0.26, "Total Cost": 4.27, "Plan Rows": 1, "Plan Width": 4, "Recheck Cond": "(id = mk.keyword_id)", "Plans": [{"Node Type": "Bitmap Index Scan", "Parent Relationship": "Outer", "Index Name": "keyword_pkey", "Startup Cost": 0.0, "Total Cost": 0.26, "Plan Rows": 1, "Plan Width": 0, "Index Cond": "(id = mk.keyword_id)"}]}]}, {"Node Type": "Bitmap Heap Scan", "Parent Relationship": "Inner", "Relation Name": "title", "Alias": "t", "Startup Cost": 0.27, "Total Cost": 4.28, "Plan Rows": 1, "Plan Width": 21, "Recheck Cond": "(id = mk.movie_id)", "Filter": "(production_year > 1990)", "Plans": [{"Node Type": "Bitmap Index Scan", "Parent Relationship": "Outer", "Index Name": "title_pkey", "Startup Cost": 0.0, "Total Cost": 0.27, "Plan Rows": 1, "Plan Width": 0, "Index Cond": "(id = mk.movie_id)"}]}]}]}, "Unique SQL Id": 2846462052}, "explain_analyze_plan": {"Plan": {"Node Type": "Aggregate", "Strategy": "Plain", "Startup Cost": 166012.09, "Total Cost": 166012.1, "Plan Rows": 1, "Plan Width": 123, "Actual Startup Time": 1790.814, "Actual Total Time": 1790.814, "Actual Rows": 1, "Actual Loops": 1, "Plans": [{"Node Type": "Nested Loop", "Parent Relationship": "Outer", "Join Type": "Inner", "Startup Cost": 4846.74, "Total Cost": 166011.43, "Plan Rows": 132, "Plan Width": 59, "Actual Startup Time": 486.5, "Actual Total Time": 1789.728, "Actual Rows": 1140, "Actual Loops": 1, "Inner Unique": true, "Join Filter": "(at.movie_id = t.id)", "Rows Removed by Join Filter": 0, "Plans": [{"Node Type": "Nested Loop", "Parent Relationship": "Outer", "Join Type": "Inner", "Startup Cost": 4846.47, "Total Cost": 165603.56, "Plan Rows": 95, "Plan Width": 58, "Actual Startup Time": 486.457, "Actual Total Time": 1783.136, "Actual Rows": 1140, "Actual Loops": 1, "Inner Unique": true, "Plans": [{"Node Type": "Nested Loop", "Parent Relationship": "Outer", "Join Type": "Inner", "Startup Cost": 4846.22, "Total Cost": 165188.37, "Plan Rows": 97, "Plan Width": 62, "Actual Startup Time": 486.425, "Actual Total Time": 1775.626, "Actual Rows": 1140, "Actual Loops": 1, "Inner Unique": false, "Join Filter": "(at.movie_id = mk.movie_id)", "Rows Removed by Join Filter": 0, "Plans": [{"Node Type": "Nested Loop", "Parent Relationship": "Outer", "Join Type": "Inner", "Startup Cost": 4845.88, "Total Cost": 165133.92, "Plan Rows": 12, "Plan Width": 54, "Actual Startup Time": 486.38, "Actual Total Time": 1773.52, "Actual Rows": 119, "Actual Loops": 1, "Inner Unique": true, "Join Filter": "(mc.company_type_id = ct.id)", "Rows Removed by Join Filter": 495, "Plans": [{"Node Type": "Nested Loop", "Parent Relationship": "Outer", "Join Type": "Inner", "Startup Cost": 4845.88, "Total Cost": 165132.34, "Plan Rows": 12, "Plan Width": 58, "Actual Startup Time": 441.384, "Actual Total Time": 1773.017, "Actual Rows": 284, "Actual Loops": 1, "Inner Unique": true, "Plans": [{"Node Type": "Nested Loop", "Parent Relationship": "Outer", "Join Type": "Inner", "Startup Cost": 4845.62, "Total Cost": 165046.67, "Plan Rows": 20, "Plan Width": 62, "Actual Startup Time": 441.318, "Actual Total Time": 1769.583, "Actual Rows": 400, "Actual Loops": 1, "Inner Unique": false, "Plans": [{"Node Type": "Nested Loop", "Parent Relationship": "Outer", "Join Type": "Inner", "Startup Cost": 4845.25, "Total Cost": 165006.92, "Plan Rows": 9, "Plan Width": 50, "Actual Startup Time": 441.266, "Actual Total Time": 1767.334, "Actual Rows": 120, "Actual Loops": 1, "Inner Unique": false, "Plans": [{"Node Type": "Nested Loop", "Parent Relationship": "Outer", "Join Type": "Inner", "Startup Cost": 4841.46, "Total Cost": 164944.29, "Plan Rows": 4, "Plan Width": 46, "Actual Startup Time": 436.895, "Actual Total Time": 1756.162, "Actual Rows": 1783, "Actual Loops": 1, "Inner Unique": false, "Plans": [{"Node Type": "Seq Scan", "Parent Relationship": "Outer", "Relation Name": "info_type", "Alias": "it1", "Startup Cost": 0.0, "Total Cost": 2.4, "Plan Rows": 1, "Plan Width": 4, "Actual Startup Time": 0.048, "Actual Total Time": 0.081, "Actual Rows": 1, "Actual Loops": 1, "Filter": "((info)::text = 'release dates'::text)", "Rows Removed by Filter": 111}, {"Node Type": "Bitmap Heap Scan", "Parent Relationship": "Inner", "Relation Name": "movie_info", "Alias": "mi", "Startup Cost": 4841.46, "Total Cost": 164941.85, "Plan Rows": 4, "Plan Width": 50, "Actual Startup Time": 436.84, "Actual Total Time": 1755.401, "Actual Rows": 1783, "Actual Loops": 1, "Recheck Cond": "(info_type_id = it1.id)", "Rows Removed by Index Recheck": 0, "Filter": "((info IS NOT NULL) AND ((note)::text ~~ '%internet%'::text) AND (((info)::text ~~ 'USA:% 199%'::text) OR ((info)::text ~~ 'USA:% 200%'::text)))", "Rows Removed by Filter": 3034936, "Exact Heap Blocks": 21947, "Lossy Heap Blocks": 21947, "Plans": [{"Node Type": "Bitmap Index Scan", "Parent Relationship": "Outer", "Index Name": "info_type_id_movie_info", "Startup Cost": 0.0, "Total Cost": 4841.46, "Plan Rows": 212428, "Plan Width": 0, "Actual Startup Time": 431.065, "Actual Total Time": 431.065, "Actual Rows": 3036719, "Actual Loops": 1, "Index Cond": "(info_type_id = it1.id)"}]}]}, {"Node Type": "Bitmap Heap Scan", "Parent Relationship": "Inner", "Relation Name": "aka_title", "Alias": "at", "Startup Cost": 3.79, "Total Cost": 15.63, "Plan Rows": 3, "Plan Width": 4, "Actual Startup Time": 8.151, "Actual Total Time": 8.262, "Actual Rows": 120, "Actual Loops": 1783, "Recheck Cond": "(movie_id = mi.movie_id)", "Rows Removed by Index Recheck": 0, "Exact Heap Blocks": 120, "Lossy Heap Blocks": 120, "Plans": [{"Node Type": "Bitmap Index Scan", "Parent Relationship": "Outer", "Index Name": "movie_id_aka_title", "Startup Cost": 0.0, "Total Cost": 3.79, "Plan Rows": 3, "Plan Width": 0, "Actual Startup Time": 6.619, "Actual Total Time": 6.619, "Actual Rows": 120, "Actual Loops": 1783, "Index Cond": "(movie_id = mi.movie_id)"}]}]}, {"Node Type": "Bitmap Heap Scan", "Parent Relationship": "Inner", "Relation Name": "movie_companies", "Alias": "mc", "Startup Cost": 0.37, "Total Cost": 4.4, "Plan Rows": 2, "Plan Width": 12, "Actual Startup Time": 1.465, "Actual Total Time": 1.742, "Actual Rows": 400, "Actual Loops": 120, "Recheck Cond": "(movie_id = at.movie_id)", "Rows Removed by Index Recheck": 0, "Exact Heap Blocks": 214, "Lossy Heap Blocks": 214, "Plans": [{"Node Type": "Bitmap Index Scan", "Parent Relationship": "Outer", "Index Name": "movie_id_movie_companies", "Startup Cost": 0.0, "Total Cost": 0.37, "Plan Rows": 2, "Plan Width": 0, "Actual Startup Time": 0.843, "Actual Total Time": 0.843, "Actual Rows": 400, "Actual Loops": 120, "Index Cond": "(movie_id = at.movie_id)"}]}]}, {"Node Type": "Bitmap Heap Scan", "Parent Relationship": "Inner", "Relation Name": "company_name", "Alias": "cn", "Startup Cost": 0.26, "Total Cost": 4.27, "Plan Rows": 1, "Plan Width": 4, "Actual Startup Time": 2.704, "Actual Total Time": 2.704, "Actual Rows": 284, "Actual Loops": 400, "Recheck Cond": "(id = mc.company_id)", "Rows Removed by Index Recheck": 0, "Filter": "((country_code)::text = '[us]'::text)", "Rows Removed by Filter": 116, "Exact Heap Blocks": 400, "Lossy Heap Blocks": 400, "Plans": [{"Node Type": "Bitmap Index Scan", "Parent Relationship": "Outer", "Index Name": "company_name_pkey", "Startup Cost": 0.0, "Total Cost": 0.26, "Plan Rows": 1, "Plan Width": 0, "Actual Startup Time": 1.499, "Actual Total Time": 1.499, "Actual Rows": 400, "Actual Loops": 400, "Index Cond": "(id = mc.company_id)"}]}]}, {"Node Type": "Materialize", "Parent Relationship": "Inner", "Startup Cost": 0.0, "Total Cost": 1.04, "Plan Rows": 3, "Plan Width": 4, "Actual Startup Time": 0.101, "Actual Total Time": 0.156, "Actual Rows": 614, "Actual Loops": 284, "Plans": [{"Node Type": "Seq Scan", "Parent Relationship": "Outer", "Relation Name": "company_type", "Alias": "ct", "Startup Cost": 0.0, "Total Cost": 1.03, "Plan Rows": 3, "Plan Width": 4, "Actual Startup Time": 0.013, "Actual Total Time": 0.016, "Actual Rows": 3, "Actual Loops": 1}]}]}, {"Node Type": "Bitmap Heap Scan", "Parent Relationship": "Inner", "Relation Name": "movie_keyword", "Alias": "mk", "Startup Cost": 0.34, "Total Cost": 4.44, "Plan Rows": 8, "Plan Width": 8, "Actual Startup Time": 1.163, "Actual Total Time": 1.361, "Actual Rows": 1140, "Actual Loops": 119, "Recheck Cond": "(movie_id = mc.movie_id)", "Rows Removed by Index Recheck": 0, "Exact Heap Blocks": 91, "Lossy Heap Blocks": 91, "Plans": [{"Node Type": "Bitmap Index Scan", "Parent Relationship": "Outer", "Index Name": "movie_id_movie_keyword", "Startup Cost": 0.0, "Total Cost": 0.34, "Plan Rows": 8, "Plan Width": 0, "Actual Startup Time": 0.713, "Actual Total Time": 0.713, "Actual Rows": 1140, "Actual Loops": 119, "Index Cond": "(movie_id = mc.movie_id)"}]}]}, {"Node Type": "Bitmap Heap Scan", "Parent Relationship": "Inner", "Relation Name": "keyword", "Alias": "k", "Startup Cost": 0.26, "Total Cost": 4.27, "Plan Rows": 1, "Plan Width": 4, "Actual Startup Time": 5.839, "Actual Total Time": 5.839, "Actual Rows": 1140, "Actual Loops": 1140, "Recheck Cond": "(id = mk.keyword_id)", "Rows Removed by Index Recheck": 0, "Exact Heap Blocks": 1140, "Lossy Heap Blocks": 1140, "Plans": [{"Node Type": "Bitmap Index Scan", "Parent Relationship": "Outer", "Index Name": "keyword_pkey", "Startup Cost": 0.0, "Total Cost": 0.26, "Plan Rows": 1, "Plan Width": 0, "Actual Startup Time": 3.696, "Actual Total Time": 3.696, "Actual Rows": 1140, "Actual Loops": 1140, "Index Cond": "(id = mk.keyword_id)"}]}]}, {"Node Type": "Bitmap Heap Scan", "Parent Relationship": "Inner", "Relation Name": "title", "Alias": "t", "Startup Cost": 0.27, "Total Cost": 4.28, "Plan Rows": 1, "Plan Width": 21, "Actual Startup Time": 4.791, "Actual Total Time": 4.791, "Actual Rows": 1140, "Actual Loops": 1140, "Recheck Cond": "(id = mk.movie_id)", "Rows Removed by Index Recheck": 0, "Filter": "(production_year > 1990)", "Rows Removed by Filter": 0, "Exact Heap Blocks": 1140, "Lossy Heap Blocks": 1140, "Plans": [{"Node Type": "Bitmap Index Scan", "Parent Relationship": "Outer", "Index Name": "title_pkey", "Startup Cost": 0.0, "Total Cost": 0.27, "Plan Rows": 1, "Plan Width": 0, "Actual Startup Time": 2.873, "Actual Total Time": 2.873, "Actual Rows": 1140, "Actual Loops": 1140, "Index Cond": "(id = mk.movie_id)"}]}]}]}, "Triggers": [], "Planner Runtime": 72.792, "Total Runtime": 1791.335, "Unique SQL Id": 2846462052}}, "(1, 119)": {"explain_plan": {"Plan": {"Node Type": "Aggregate", "Strategy": "Plain", "Startup Cost": 1000003810823.99, "Total Cost": 1000003810824.0, "Plan Rows": 1, "Plan Width": 123, "Plans": [{"Node Type": "Nested Loop", "Parent Relationship": "Outer", "Join Type": "Inner", "Startup Cost": 10000000002.95, "Total Cost": 1000003810823.33, "Plan Rows": 132, "Plan Width": 59, "Inner Unique": true, "Join Filter": "(at.movie_id = t.id)", "Plans": [{"Node Type": "Nested Loop", "Parent Relationship": "Outer", "Join Type": "Inner", "Startup Cost": 10000000002.69, "Total Cost": 1000003810415.45, "Plan Rows": 95, "Plan Width": 58, "Inner Unique": true, "Plans": [{"Node Type": "Nested Loop", "Parent Relationship": "Outer", "Join Type": "Inner", "Startup Cost": 10000000002.43, "Total Cost": 1000003810000.27, "Plan Rows": 97, "Plan Width": 62, "Inner Unique": false, "Join Filter": "(at.movie_id = mk.movie_id)", "Plans": [{"Node Type": "Nested Loop", "Parent Relationship": "Outer", "Join Type": "Inner", "Startup Cost": 10000000002.09, "Total Cost": 1000003809945.81, "Plan Rows": 12, "Plan Width": 54, "Inner Unique": true, "Plans": [{"Node Type": "Nested Loop", "Parent Relationship": "Outer", "Join Type": "Inner", "Startup Cost": 10000000001.84, "Total Cost": 1000003809894.45, "Plan Rows": 12, "Plan Width": 58, "Inner Unique": true, "Plans": [{"Node Type": "Nested Loop", "Parent Relationship": "Outer", "Join Type": "Inner", "Startup Cost": 10000000001.58, "Total Cost": 1000003809808.78, "Plan Rows": 20, "Plan Width": 62, "Inner Unique": false, "Plans": [{"Node Type": "Nested Loop", "Parent Relationship": "Outer", "Join Type": "Inner", "Startup Cost": 10000000001.21, "Total Cost": 1000003809769.03, "Plan Rows": 9, "Plan Width": 50, "Inner Unique": true, "Plans": [{"Node Type": "Nested Loop", "Parent Relationship": "Outer", "Join Type": "Inner", "Startup Cost": 10000000000.92, "Total Cost": 1000003806956.22, "Plan Rows": 652, "Plan Width": 54, "Inner Unique": false, "Plans": [{"Node Type": "Index Scan", "Parent Relationship": "Outer", "Scan Direction": "Forward", "Index Name": "movie_id_aka_title", "Relation Name": "aka_title", "Alias": "at", "Startup Cost": 10000000000.0, "Total Cost": 1000001990001.13, "Plan Rows": 361471, "Plan Width": 4}, {"Node Type": "Bitmap Heap Scan", "Parent Relationship": "Inner", "Relation Name": "movie_info", "Alias": "mi", "Startup Cost": 0.92, "Total Cost": 5.02, "Plan Rows": 1, "Plan Width": 50, "Recheck Cond": "(movie_id = at.movie_id)", "Filter": "((info IS NOT NULL) AND ((note)::text ~~ '%internet%'::text) AND (((info)::text ~~ 'USA:% 199%'::text) OR ((info)::text ~~ 'USA:% 200%'::text)))", "Plans": [{"Node Type": "Bitmap Index Scan", "Parent Relationship": "Outer", "Index Name": "movie_id_movie_info", "Startup Cost": 0.0, "Total Cost": 0.92, "Plan Rows": 5, "Plan Width": 0, "Index Cond": "(movie_id = at.movie_id)"}]}]}, {"Node Type": "Bitmap Heap Scan", "Parent Relationship": "Inner", "Relation Name": "info_type", "Alias": "it1", "Startup Cost": 0.29, "Total Cost": 4.3, "Plan Rows": 1, "Plan Width": 4, "Recheck Cond": "(id = mi.info_type_id)", "Filter": "((info)::text = 'release dates'::text)", "Plans": [{"Node Type": "Bitmap Index Scan", "Parent Relationship": "Outer", "Index Name": "info_type_pkey", "Startup Cost": 0.0, "Total Cost": 0.29, "Plan Rows": 1, "Plan Width": 0, "Index Cond": "(id = mi.info_type_id)"}]}]}, {"Node Type": "Bitmap Heap Scan", "Parent Relationship": "Inner", "Relation Name": "movie_companies", "Alias": "mc", "Startup Cost": 0.37, "Total Cost": 4.4, "Plan Rows": 2, "Plan Width": 12, "Recheck Cond": "(movie_id = at.movie_id)", "Plans": [{"Node Type": "Bitmap Index Scan", "Parent Relationship": "Outer", "Index Name": "movie_id_movie_companies", "Startup Cost": 0.0, "Total Cost": 0.37, "Plan Rows": 2, "Plan Width": 0, "Index Cond": "(movie_id = at.movie_id)"}]}]}, {"Node Type": "Bitmap Heap Scan", "Parent Relationship": "Inner", "Relation Name": "company_name", "Alias": "cn", "Startup Cost": 0.26, "Total Cost": 4.27, "Plan Rows": 1, "Plan Width": 4, "Recheck Cond": "(id = mc.company_id)", "Filter": "((country_code)::text = '[us]'::text)", "Plans": [{"Node Type": "Bitmap Index Scan", "Parent Relationship": "Outer", "Index Name": "company_name_pkey", "Startup Cost": 0.0, "Total Cost": 0.26, "Plan Rows": 1, "Plan Width": 0, "Index Cond": "(id = mc.company_id)"}]}]}, {"Node Type": "Bitmap Heap Scan", "Parent Relationship": "Inner", "Relation Name": "company_type", "Alias": "ct", "Startup Cost": 0.26, "Total Cost": 4.27, "Plan Rows": 1, "Plan Width": 4, "Recheck Cond": "(id = mc.company_type_id)", "Plans": [{"Node Type": "Bitmap Index Scan", "Parent Relationship": "Outer", "Index Name": "company_type_pkey", "Startup Cost": 0.0, "Total Cost": 0.26, "Plan Rows": 1, "Plan Width": 0, "Index Cond": "(id = mc.company_type_id)"}]}]}, {"Node Type": "Bitmap Heap Scan", "Parent Relationship": "Inner", "Relation Name": "movie_keyword", "Alias": "mk", "Startup Cost": 0.34, "Total Cost": 4.44, "Plan Rows": 8, "Plan Width": 8, "Recheck Cond": "(movie_id = mc.movie_id)", "Plans": [{"Node Type": "Bitmap Index Scan", "Parent Relationship": "Outer", "Index Name": "movie_id_movie_keyword", "Startup Cost": 0.0, "Total Cost": 0.34, "Plan Rows": 8, "Plan Width": 0, "Index Cond": "(movie_id = mc.movie_id)"}]}]}, {"Node Type": "Bitmap Heap Scan", "Parent Relationship": "Inner", "Relation Name": "keyword", "Alias": "k", "Startup Cost": 0.26, "Total Cost": 4.27, "Plan Rows": 1, "Plan Width": 4, "Recheck Cond": "(id = mk.keyword_id)", "Plans": [{"Node Type": "Bitmap Index Scan", "Parent Relationship": "Outer", "Index Name": "keyword_pkey", "Startup Cost": 0.0, "Total Cost": 0.26, "Plan Rows": 1, "Plan Width": 0, "Index Cond": "(id = mk.keyword_id)"}]}]}, {"Node Type": "Bitmap Heap Scan", "Parent Relationship": "Inner", "Relation Name": "title", "Alias": "t", "Startup Cost": 0.27, "Total Cost": 4.28, "Plan Rows": 1, "Plan Width": 21, "Recheck Cond": "(id = mk.movie_id)", "Filter": "(production_year > 1990)", "Plans": [{"Node Type": "Bitmap Index Scan", "Parent Relationship": "Outer", "Index Name": "title_pkey", "Startup Cost": 0.0, "Total Cost": 0.27, "Plan Rows": 1, "Plan Width": 0, "Index Cond": "(id = mk.movie_id)"}]}]}]}, "Unique SQL Id": 2846462052}, "explain_analyze_plan": null}, "(1, 120)": {"explain_plan": {"Plan": {"Node Type": "Aggregate", "Strategy": "Plain", "Startup Cost": 408589.29, "Total Cost": 408589.3, "Plan Rows": 1, "Plan Width": 123, "Plans": [{"Node Type": "Nested Loop", "Parent Relationship": "Outer", "Join Type": "Inner", "Startup Cost": 0.0, "Total Cost": 408588.63, "Plan Rows": 132, "Plan Width": 59, "Inner Unique": false, "Plans": [{"Node Type": "Nested Loop", "Parent Relationship": "Outer", "Join Type": "Inner", "Startup Cost": 0.0, "Total Cost": 408573.58, "Plan Rows": 44, "Plan Width": 75, "Inner Unique": true, "Plans": [{"Node Type": "Nested Loop", "Parent Relationship": "Outer", "Join Type": "Inner", "Startup Cost": 0.0, "Total Cost": 408561.26, "Plan Rows": 44, "Plan Width": 79, "Inner Unique": false, "Join Filter": "(t.id = mk.movie_id)", "Plans": [{"Node Type": "Nested Loop", "Parent Relationship": "Outer", "Join Type": "Inner", "Startup Cost": 0.0, "Total Cost": 408557.88, "Plan Rows": 6, "Plan Width": 71, "Inner Unique": true, "Plans": [{"Node Type": "Nested Loop", "Parent Relationship": "Outer", "Join Type": "Inner", "Startup Cost": 0.0, "Total Cost": 408554.72, "Plan Rows": 11, "Plan Width": 75, "Inner Unique": true, "Join Filter": "(mc.company_type_id = ct.id)", "Plans": [{"Node Type": "Nested Loop", "Parent Relationship": "Outer", "Join Type": "Inner", "Startup Cost": 0.0, "Total Cost": 408553.14, "Plan Rows": 12, "Plan Width": 79, "Inner Unique": false, "Plans": [{"Node Type": "Nested Loop", "Parent Relationship": "Outer", "Join Type": "Inner", "Startup Cost": 0.0, "Total Cost": 408550.93, "Plan Rows": 6, "Plan Width": 67, "Inner Unique": true, "Plans": [{"Node Type": "Nested Loop", "Parent Relationship": "Outer", "Join Type": "Inner", "Startup Cost": 0.0, "Total Cost": 408517.99, "Plan Rows": 4, "Plan Width": 46, "Inner Unique": false, "Join Filter": "(it1.id = mi.info_type_id)", "Plans": [{"Node Type": "Seq Scan", "Parent Relationship": "Outer", "Relation Name": "info_type", "Alias": "it1", "Startup Cost": 0.0, "Total Cost": 2.4, "Plan Rows": 1, "Plan Width": 4, "Filter": "((info)::text = 'release dates'::text)"}, {"Node Type": "Seq Scan", "Parent Relationship": "Inner", "Relation Name": "movie_info", "Alias": "mi", "Startup Cost": 0.0, "Total Cost": 408512.41, "Plan Rows": 255, "Plan Width": 50, "Filter": "((info IS NOT NULL) AND ((note)::text ~~ '%internet%'::text) AND (((info)::text ~~ 'USA:% 199%'::text) OR ((info)::text ~~ 'USA:% 200%'::text)))"}]}, {"Node Type": "Index Scan", "Parent Relationship": "Inner", "Scan Direction": "Forward", "Index Name": "title_pkey", "Relation Name": "title", "Alias": "t", "Startup Cost": 0.0, "Total Cost": 8.23, "Plan Rows": 1, "Plan Width": 21, "Index Cond": "(id = mi.movie_id)", "Filter": "(production_year > 1990)"}]}, {"Node Type": "Index Scan", "Parent Relationship": "Inner", "Scan Direction": "Forward", "Index Name": "movie_id_movie_companies", "Relation Name": "movie_companies", "Alias": "mc", "Startup Cost": 0.0, "Total Cost": 0.35, "Plan Rows": 2, "Plan Width": 12, "Index Cond": "(movie_id = t.id)"}]}, {"Node Type": "Materialize", "Parent Relationship": "Inner", "Startup Cost": 0.0, "Total Cost": 1.04, "Plan Rows": 3, "Plan Width": 4, "Plans": [{"Node Type": "Seq Scan", "Parent Relationship": "Outer", "Relation Name": "company_type", "Alias": "ct", "Startup Cost": 0.0, "Total Cost": 1.03, "Plan Rows": 3, "Plan Width": 4}]}]}, {"Node Type": "Index Scan", "Parent Relationship": "Inner", "Scan Direction": "Forward", "Index Name": "company_name_pkey", "Relation Name": "company_name", "Alias": "cn", "Startup Cost": 0.0, "Total Cost": 0.28, "Plan Rows": 1, "Plan Width": 4, "Index Cond": "(id = mc.company_id)", "Filter": "((country_code)::text = '[us]'::text)"}]}, {"Node Type": "Index Scan", "Parent Relationship": "Inner", "Scan Direction": "Forward", "Index Name": "movie_id_movie_keyword", "Relation Name": "movie_keyword", "Alias": "mk", "Startup Cost": 0.0, "Total Cost": 0.46, "Plan Rows": 8, "Plan Width": 8, "Index Cond": "(movie_id = mc.movie_id)"}]}, {"Node Type": "Index Only Scan", "Parent Relationship": "Inner", "Scan Direction": "Forward", "Index Name": "keyword_pkey", "Relation Name": "keyword", "Alias": "k", "Startup Cost": 0.0, "Total Cost": 0.27, "Plan Rows": 1, "Plan Width": 4, "Index Cond": "(id = mk.keyword_id)"}]}, {"Node Type": "Index Only Scan", "Parent Relationship": "Inner", "Scan Direction": "Forward", "Index Name": "movie_id_aka_title", "Relation Name": "aka_title", "Alias": "at", "Startup Cost": 0.0, "Total Cost": 0.31, "Plan Rows": 3, "Plan Width": 4, "Index Cond": "(movie_id = t.id)"}]}]}, "Unique SQL Id": 2846462052}, "explain_analyze_plan": null}, "(1, 121)": {"explain_plan": {"Plan": {"Node Type": "Aggregate", "Strategy": "Plain", "Startup Cost": 496832.71, "Total Cost": 496832.72, "Plan Rows": 1, "Plan Width": 123, "Plans": [{"Node Type": "Nested Loop", "Parent Relationship": "Outer", "Join Type": "Inner", "Startup Cost": 0.0, "Total Cost": 496832.05, "Plan Rows": 132, "Plan Width": 59, "Inner Unique": false, "Plans": [{"Node Type": "Nested Loop", "Parent Relationship": "Outer", "Join Type": "Inner", "Startup Cost": 0.0, "Total Cost": 496817.0, "Plan Rows": 44, "Plan Width": 75, "Inner Unique": true, "Plans": [{"Node Type": "Nested Loop", "Parent Relationship": "Outer", "Join Type": "Inner", "Startup Cost": 0.0, "Total Cost": 496804.68, "Plan Rows": 44, "Plan Width": 79, "Inner Unique": false, "Join Filter": "(t.id = mk.movie_id)", "Plans": [{"Node Type": "Nested Loop", "Parent Relationship": "Outer", "Join Type": "Inner", "Startup Cost": 0.0, "Total Cost": 496801.31, "Plan Rows": 6, "Plan Width": 71, "Inner Unique": true, "Plans": [{"Node Type": "Nested Loop", "Parent Relationship": "Outer", "Join Type": "Inner", "Startup Cost": 0.0, "Total Cost": 496798.51, "Plan Rows": 10, "Plan Width": 75, "Inner Unique": true, "Plans": [{"Node Type": "Nested Loop", "Parent Relationship": "Outer", "Join Type": "Inner", "Startup Cost": 0.0, "Total Cost": 496795.05, "Plan Rows": 12, "Plan Width": 79, "Inner Unique": false, "Plans": [{"Node Type": "Nested Loop", "Parent Relationship": "Outer", "Join Type": "Inner", "Startup Cost": 0.0, "Total Cost": 496792.85, "Plan Rows": 6, "Plan Width": 67, "Inner Unique": true, "Plans": [{"Node Type": "Nested Loop", "Parent Relationship": "Outer", "Join Type": "Inner", "Startup Cost": 0.0, "Total Cost": 496759.91, "Plan Rows": 4, "Plan Width": 46, "Inner Unique": false, "Plans": [{"Node Type": "Index Scan", "Parent Relationship": "Outer", "Scan Direction": "Forward", "Index Name": "info_type_pkey", "Relation Name": "info_type", "Alias": "it1", "Startup Cost": 0.0, "Total Cost": 14.21, "Plan Rows": 1, "Plan Width": 4, "Filter": "((info)::text = 'release dates'::text)"}, {"Node Type": "Index Scan", "Parent Relationship": "Inner", "Scan Direction": "Forward", "Index Name": "info_type_id_movie_info", "Relation Name": "movie_info", "Alias": "mi", "Startup Cost": 0.0, "Total Cost": 496745.66, "Plan Rows": 4, "Plan Width": 50, "Index Cond": "(info_type_id = it1.id)", "Filter": "((info IS NOT NULL) AND ((note)::text ~~ '%internet%'::text) AND (((info)::text ~~ 'USA:% 199%'::text) OR ((info)::text ~~ 'USA:% 200%'::text)))"}]}, {"Node Type": "Index Scan", "Parent Relationship": "Inner", "Scan Direction": "Forward", "Index Name": "title_pkey", "Relation Name": "title", "Alias": "t", "Startup Cost": 0.0, "Total Cost": 8.23, "Plan Rows": 1, "Plan Width": 21, "Index Cond": "(id = mi.movie_id)", "Filter": "(production_year > 1990)"}]}, {"Node Type": "Index Scan", "Parent Relationship": "Inner", "Scan Direction": "Forward", "Index Name": "movie_id_movie_companies", "Relation Name": "movie_companies", "Alias": "mc", "Startup Cost": 0.0, "Total Cost": 0.35, "Plan Rows": 2, "Plan Width": 12, "Index Cond": "(movie_id = t.id)"}]}, {"Node Type": "Index Scan", "Parent Relationship": "Inner", "Scan Direction": "Forward", "Index Name": "company_name_pkey", "Relation Name": "company_name", "Alias": "cn", "Startup Cost": 0.0, "Total Cost": 0.28, "Plan Rows": 1, "Plan Width": 4, "Index Cond": "(id = mc.company_id)", "Filter": "((country_code)::text = '[us]'::text)"}]}, {"Node Type": "Index Only Scan", "Parent Relationship": "Inner", "Scan Direction": "Forward", "Index Name": "company_type_pkey", "Relation Name": "company_type", "Alias": "ct", "Startup Cost": 0.0, "Total Cost": 0.27, "Plan Rows": 1, "Plan Width": 4, "Index Cond": "(id = mc.company_type_id)"}]}, {"Node Type": "Index Scan", "Parent Relationship": "Inner", "Scan Direction": "Forward", "Index Name": "movie_id_movie_keyword", "Relation Name": "movie_keyword", "Alias": "mk", "Startup Cost": 0.0, "Total Cost": 0.46, "Plan Rows": 8, "Plan Width": 8, "Index Cond": "(movie_id = mc.movie_id)"}]}, {"Node Type": "Index Only Scan", "Parent Relationship": "Inner", "Scan Direction": "Forward", "Index Name": "keyword_pkey", "Relation Name": "keyword", "Alias": "k", "Startup Cost": 0.0, "Total Cost": 0.27, "Plan Rows": 1, "Plan Width": 4, "Index Cond": "(id = mk.keyword_id)"}]}, {"Node Type": "Index Only Scan", "Parent Relationship": "Inner", "Scan Direction": "Forward", "Index Name": "movie_id_aka_title", "Relation Name": "aka_title", "Alias": "at", "Startup Cost": 0.0, "Total Cost": 0.31, "Plan Rows": 3, "Plan Width": 4, "Index Cond": "(movie_id = t.id)"}]}]}, "Unique SQL Id": 2846462052}, "explain_analyze_plan": {"Plan": {"Node Type": "Aggregate", "Strategy": "Plain", "Startup Cost": 496832.71, "Total Cost": 496832.72, "Plan Rows": 1, "Plan Width": 123, "Actual Startup Time": 1861.055, "Actual Total Time": 1861.056, "Actual Rows": 1, "Actual Loops": 1, "Plans": [{"Node Type": "Nested Loop", "Parent Relationship": "Outer", "Join Type": "Inner", "Startup Cost": 0.0, "Total Cost": 496832.05, "Plan Rows": 132, "Plan Width": 59, "Actual Startup Time": 75.109, "Actual Total Time": 1860.111, "Actual Rows": 1140, "Actual Loops": 1, "Inner Unique": false, "Plans": [{"Node Type": "Nested Loop", "Parent Relationship": "Outer", "Join Type": "Inner", "Startup Cost": 0.0, "Total Cost": 496817.0, "Plan Rows": 44, "Plan Width": 75, "Actual Startup Time": 0.816, "Actual Total Time": 1846.908, "Actual Rows": 4808, "Actual Loops": 1, "Inner Unique": true, "Plans": [{"Node Type": "Nested Loop", "Parent Relationship": "Outer", "Join Type": "Inner", "Startup Cost": 0.0, "Total Cost": 496804.68, "Plan Rows": 44, "Plan Width": 79, "Actual Startup Time": 0.8, "Actual Total Time": 1829.544, "Actual Rows": 4808, "Actual Loops": 1, "Inner Unique": false, "Join Filter": "(t.id = mk.movie_id)", "Rows Removed by Join Filter": 0, "Plans": [{"Node Type": "Nested Loop", "Parent Relationship": "Outer", "Join Type": "Inner", "Startup Cost": 0.0, "Total Cost": 496801.31, "Plan Rows": 6, "Plan Width": 71, "Actual Startup Time": 0.777, "Actual Total Time": 1817.136, "Actual Rows": 1488, "Actual Loops": 1, "Inner Unique": true, "Plans": [{"Node Type": "Nested Loop", "Parent Relationship": "Outer", "Join Type": "Inner", "Startup Cost": 0.0, "Total Cost": 496798.51, "Plan Rows": 10, "Plan Width": 75, "Actual Startup Time": 0.758, "Actual Total Time": 1812.454, "Actual Rows": 2647, "Actual Loops": 1, "Inner Unique": true, "Plans": [{"Node Type": "Nested Loop", "Parent Relationship": "Outer", "Join Type": "Inner", "Startup Cost": 0.0, "Total Cost": 496795.05, "Plan Rows": 12, "Plan Width": 79, "Actual Startup Time": 0.734, "Actual Total Time": 1795.105, "Actual Rows": 2884, "Actual Loops": 1, "Inner Unique": false, "Plans": [{"Node Type": "Nested Loop", "Parent Relationship": "Outer", "Join Type": "Inner", "Startup Cost": 0.0, "Total Cost": 496792.85, "Plan Rows": 6, "Plan Width": 67, "Actual Startup Time": 0.715, "Actual Total Time": 1780.919, "Actual Rows": 1782, "Actual Loops": 1, "Inner Unique": true, "Plans": [{"Node Type": "Nested Loop", "Parent Relationship": "Outer", "Join Type": "Inner", "Startup Cost": 0.0, "Total Cost": 496759.91, "Plan Rows": 4, "Plan Width": 46, "Actual Startup Time": 0.692, "Actual Total Time": 1766.84, "Actual Rows": 1783, "Actual Loops": 1, "Inner Unique": false, "Plans": [{"Node Type": "Index Scan", "Parent Relationship": "Outer", "Scan Direction": "Forward", "Index Name": "info_type_pkey", "Relation Name": "info_type", "Alias": "it1", "Startup Cost": 0.0, "Total Cost": 14.21, "Plan Rows": 1, "Plan Width": 4, "Actual Startup Time": 0.04, "Actual Total Time": 0.084, "Actual Rows": 1, "Actual Loops": 1, "Filter": "((info)::text = 'release dates'::text)", "Rows Removed by Filter": 111}, {"Node Type": "Index Scan", "Parent Relationship": "Inner", "Scan Direction": "Forward", "Index Name": "info_type_id_movie_info", "Relation Name": "movie_info", "Alias": "mi", "Startup Cost": 0.0, "Total Cost": 496745.66, "Plan Rows": 4, "Plan Width": 50, "Actual Startup Time": 0.648, "Actual Total Time": 1766.03, "Actual Rows": 1783, "Actual Loops": 1, "Index Cond": "(info_type_id = it1.id)", "Rows Removed by Index Recheck": 0, "Filter": "((info IS NOT NULL) AND ((note)::text ~~ '%internet%'::text) AND (((info)::text ~~ 'USA:% 199%'::text) OR ((info)::text ~~ 'USA:% 200%'::text)))", "Rows Removed by Filter": 3034936}]}, {"Node Type": "Index Scan", "Parent Relationship": "Inner", "Scan Direction": "Forward", "Index Name": "title_pkey", "Relation Name": "title", "Alias": "t", "Startup Cost": 0.0, "Total Cost": 8.23, "Plan Rows": 1, "Plan Width": 21, "Actual Startup Time": 11.382, "Actual Total Time": 11.382, "Actual Rows": 1782, "Actual Loops": 1783, "Index Cond": "(id = mi.movie_id)", "Rows Removed by Index Recheck": 0, "Filter": "(production_year > 1990)", "Rows Removed by Filter": 1}]}, {"Node Type": "Index Scan", "Parent Relationship": "Inner", "Scan Direction": "Forward", "Index Name": "movie_id_movie_companies", "Relation Name": "movie_companies", "Alias": "mc", "Startup Cost": 0.0, "Total Cost": 0.35, "Plan Rows": 2, "Plan Width": 12, "Actual Startup Time": 9.415, "Actual Total Time": 12.113, "Actual Rows": 2884, "Actual Loops": 1782, "Index Cond": "(movie_id = t.id)", "Rows Removed by Index Recheck": 0}]}, {"Node Type": "Index Scan", "Parent Relationship": "Inner", "Scan Direction": "Forward", "Index Name": "company_name_pkey", "Relation Name": "company_name", "Alias": "cn", "Startup Cost": 0.0, "Total Cost": 0.28, "Plan Rows": 1, "Plan Width": 4, "Actual Startup Time": 14.514, "Actual Total Time": 14.514, "Actual Rows": 2647, "Actual Loops": 2884, "Index Cond": "(id = mc.company_id)", "Rows Removed by Index Recheck": 0, "Filter": "((country_code)::text = '[us]'::text)", "Rows Removed by Filter": 237}]}, {"Node Type": "Index Only Scan", "Parent Relationship": "Inner", "Scan Direction": "Forward", "Index Name": "company_type_pkey", "Relation Name": "company_type", "Alias": "ct", "Startup Cost": 0.0, "Total Cost": 0.27, "Plan Rows": 1, "Plan Width": 4, "Actual Startup Time": 2.551, "Actual Total Time": 2.551, "Actual Rows": 1488, "Actual Loops": 2647, "Index Cond": "(id = mc.company_type_id)", "Rows Removed by Index Recheck": 0, "Heap Fetches": 0}]}, {"Node Type": "Index Scan", "Parent Relationship": "Inner", "Scan Direction": "Forward", "Index Name": "movie_id_movie_keyword", "Relation Name": "movie_keyword", "Alias": "mk", "Startup Cost": 0.0, "Total Cost": 0.46, "Plan Rows": 8, "Plan Width": 8, "Actual Startup Time": 7.021, "Actual Total Time": 9.337, "Actual Rows": 4808, "Actual Loops": 1488, "Index Cond": "(movie_id = mc.movie_id)", "Rows Removed by Index Recheck": 0}]}, {"Node Type": "Index Only Scan", "Parent Relationship": "Inner", "Scan Direction": "Forward", "Index Name": "keyword_pkey", "Relation Name": "keyword", "Alias": "k", "Startup Cost": 0.0, "Total Cost": 0.27, "Plan Rows": 1, "Plan Width": 4, "Actual Startup Time": 13.756, "Actual Total Time": 13.756, "Actual Rows": 4808, "Actual Loops": 4808, "Index Cond": "(id = mk.keyword_id)", "Rows Removed by Index Recheck": 0, "Heap Fetches": 0}]}, {"Node Type": "Index Only Scan", "Parent Relationship": "Inner", "Scan Direction": "Forward", "Index Name": "movie_id_aka_title", "Relation Name": "aka_title", "Alias": "at", "Startup Cost": 0.0, "Total Cost": 0.31, "Plan Rows": 3, "Plan Width": 4, "Actual Startup Time": 10.217, "Actual Total Time": 10.491, "Actual Rows": 1140, "Actual Loops": 4808, "Index Cond": "(movie_id = t.id)", "Rows Removed by Index Recheck": 0, "Heap Fetches": 0}]}]}, "Triggers": [], "Planner Runtime": 26.444, "Total Runtime": 1861.397, "Unique SQL Id": 2846462052}}, "(1, 122)": {"explain_plan": {"Plan": {"Node Type": "Aggregate", "Strategy": "Plain", "Startup Cost": 1603042.17, "Total Cost": 1603042.18, "Plan Rows": 1, "Plan Width": 123, "Plans": [{"Node Type": "Nested Loop", "Parent Relationship": "Outer", "Join Type": "Inner", "Startup Cost": 0.0, "Total Cost": 1603041.51, "Plan Rows": 132, "Plan Width": 59, "Inner Unique": false, "Join Filter": "(t.id = at.movie_id)", "Plans": [{"Node Type": "Seq Scan", "Parent Relationship": "Outer", "Relation Name": "aka_title", "Alias": "at", "Startup Cost": 0.0, "Total Cost": 9894.71, "Plan Rows": 361471, "Plan Width": 4}, {"Node Type": "Materialize", "Parent Relationship": "Inner", "Startup Cost": 0.0, "Total Cost": 1354576.05, "Plan Rows": 44, "Plan Width": 75, "Plans": [{"Node Type": "Nested Loop", "Parent Relationship": "Outer", "Join Type": "Inner", "Startup Cost": 0.0, "Total Cost": 1354575.83, "Plan Rows": 44, "Plan Width": 75, "Inner Unique": false, "Join Filter": "(mk.keyword_id = k.id)", "Plans": [{"Node Type": "Seq Scan", "Parent Relationship": "Outer", "Relation Name": "keyword", "Alias": "k", "Startup Cost": 0.0, "Total Cost": 2100.69, "Plan Rows": 134169, "Plan Width": 4}, {"Node Type": "Materialize", "Parent Relationship": "Inner", "Startup Cost": 0.0, "Total Cost": 1263923.71, "Plan Rows": 44, "Plan Width": 79, "Plans": [{"Node Type": "Nested Loop", "Parent Relationship": "Outer", "Join Type": "Inner", "Startup Cost": 0.0, "Total Cost": 1263923.49, "Plan Rows": 44, "Plan Width": 79, "Inner Unique": false, "Join Filter": "(t.id = mk.movie_id)", "Plans": [{"Node Type": "Seq Scan", "Parent Relationship": "Outer", "Relation Name": "movie_keyword", "Alias": "mk", "Startup Cost": 0.0, "Total Cost": 62441.29, "Plan Rows": 4523929, "Plan Width": 8}, {"Node Type": "Materialize", "Parent Relationship": "Inner", "Startup Cost": 0.0, "Total Cost": 794328.6, "Plan Rows": 6, "Plan Width": 71, "Plans": [{"Node Type": "Nested Loop", "Parent Relationship": "Outer", "Join Type": "Inner", "Startup Cost": 0.0, "Total Cost": 794328.57, "Plan Rows": 6, "Plan Width": 71, "Inner Unique": false, "Join Filter": "(mi.movie_id = t.id)", "Plans": [{"Node Type": "Seq Scan", "Parent Relationship": "Outer", "Relation Name": "title", "Alias": "t", "Startup Cost": 0.0, "Total Cost": 66389.89, "Plan Rows": 1748840, "Plan Width": 21, "Filter": "(production_year > 1990), (LLVM Optimized)"}, {"Node Type": "Materialize", "Parent Relationship": "Inner", "Startup Cost": 0.0, "Total Cost": 623008.3, "Plan Rows": 4, "Plan Width": 50, "Plans": [{"Node Type": "Nested Loop", "Parent Relationship": "Outer", "Join Type": "Inner", "Startup Cost": 0.0, "Total Cost": 623008.28, "Plan Rows": 4, "Plan Width": 50, "Inner Unique": false, "Join Filter": "(mc.company_id = cn.id)", "Plans": [{"Node Type": "Seq Scan", "Parent Relationship": "Outer", "Relation Name": "company_name", "Alias": "cn", "Startup Cost": 0.0, "Total Cost": 5903.45, "Plan Rows": 85170, "Plan Width": 4, "Filter": "((country_code)::text = '[us]'::text)"}, {"Node Type": "Materialize", "Parent Relationship": "Inner", "Startup Cost": 0.0, "Total Cost": 606884.45, "Plan Rows": 8, "Plan Width": 54, "Plans": [{"Node Type": "Nested Loop", "Parent Relationship": "Outer", "Join Type": "Inner", "Startup Cost": 0.0, "Total Cost": 606884.41, "Plan Rows": 8, "Plan Width": 54, "Inner Unique": true, "Join Filter": "(mc.company_type_id = ct.id)", "Plans": [{"Node Type": "Nested Loop", "Parent Relationship": "Outer", "Join Type": "Inner", "Startup Cost": 0.0, "Total Cost": 606882.96, "Plan Rows": 9, "Plan Width": 58, "Inner Unique": false, "Join Filter": "(mi.movie_id = mc.movie_id)", "Plans": [{"Node Type": "Seq Scan", "Parent Relationship": "Outer", "Relation Name": "movie_companies", "Alias": "mc", "Startup Cost": 0.0, "Total Cost": 41817.28, "Plan Rows": 2609128, "Plan Width": 12}, {"Node Type": "Materialize", "Parent Relationship": "Inner", "Startup Cost": 0.0, "Total Cost": 408518.01, "Plan Rows": 4, "Plan Width": 46, "Plans": [{"Node Type": "Nested Loop", "Parent Relationship": "Outer", "Join Type": "Inner", "Startup Cost": 0.0, "Total Cost": 408517.99, "Plan Rows": 4, "Plan Width": 46, "Inner Unique": false, "Join Filter": "(it1.id = mi.info_type_id)", "Plans": [{"Node Type": "Seq Scan", "Parent Relationship": "Outer", "Relation Name": "info_type", "Alias": "it1", "Startup Cost": 0.0, "Total Cost": 2.4, "Plan Rows": 1, "Plan Width": 4, "Filter": "((info)::text = 'release dates'::text)"}, {"Node Type": "Seq Scan", "Parent Relationship": "Inner", "Relation Name": "movie_info", "Alias": "mi", "Startup Cost": 0.0, "Total Cost": 408512.41, "Plan Rows": 255, "Plan Width": 50, "Filter": "((info IS NOT NULL) AND ((note)::text ~~ '%internet%'::text) AND (((info)::text ~~ 'USA:% 199%'::text) OR ((info)::text ~~ 'USA:% 200%'::text)))"}]}]}]}, {"Node Type": "Materialize", "Parent Relationship": "Inner", "Startup Cost": 0.0, "Total Cost": 1.04, "Plan Rows": 3, "Plan Width": 4, "Plans": [{"Node Type": "Seq Scan", "Parent Relationship": "Outer", "Relation Name": "company_type", "Alias": "ct", "Startup Cost": 0.0, "Total Cost": 1.03, "Plan Rows": 3, "Plan Width": 4}]}]}]}]}]}]}]}]}]}]}]}]}]}, "Unique SQL Id": 2846462052}, "explain_analyze_plan": null}, "(1, 123)": {"explain_plan": {"Plan": {"Node Type": "Aggregate", "Strategy": "Plain", "Startup Cost": 9000154402514.71, "Total Cost": 9000154402514.72, "Plan Rows": 1, "Plan Width": 123, "Plans": [{"Node Type": "Nested Loop", "Parent Relationship": "Outer", "Join Type": "Inner", "Startup Cost": 90000000000.0, "Total Cost": 9000154402514.05, "Plan Rows": 132, "Plan Width": 59, "Inner Unique": false, "Join Filter": "(t.id = at.movie_id)", "Plans": [{"Node Type": "Index Only Scan", "Parent Relationship": "Outer", "Scan Direction": "Forward", "Index Name": "movie_id_aka_title", "Relation Name": "aka_title", "Alias": "at", "Startup Cost": 10000000000.0, "Total Cost": 1000000898631.5, "Plan Rows": 361471, "Plan Width": 4}, {"Node Type": "Materialize", "Parent Relationship": "Inner", "Startup Cost": 80000000000.0, "Total Cost": 8000153265311.8, "Plan Rows": 44, "Plan Width": 75, "Plans": [{"Node Type": "Nested Loop", "Parent Relationship": "Outer", "Join Type": "Inner", "Startup Cost": 80000000000.0, "Total Cost": 8000153265311.58, "Plan Rows": 44, "Plan Width": 75, "Inner Unique": true, "Join Filter": "(mk.keyword_id = k.id)", "Plans": [{"Node Type": "Nested Loop", "Parent Relationship": "Outer", "Join Type": "Inner", "Startup Cost": 70000000000.0, "Total Cost": 7000152970346.12, "Plan Rows": 44, "Plan Width": 79, "Inner Unique": false, "Join Filter": "(t.id = mk.movie_id)", "Plans": [{"Node Type": "Index Scan", "Parent Relationship": "Outer", "Scan Direction": "Forward", "Index Name": "movie_id_movie_keyword", "Relation Name": "movie_keyword", "Alias": "mk", "Startup Cost": 10000000000.0, "Total Cost": 1000015300634.17, "Plan Rows": 4523929, "Plan Width": 8}, {"Node Type": "Materialize", "Parent Relationship": "Inner", "Startup Cost": 60000000000.0, "Total Cost": 6000137262558.35, "Plan Rows": 6, "Plan Width": 71, "Plans": [{"Node Type": "Nested Loop", "Parent Relationship": "Outer", "Join Type": "Inner", "Startup Cost": 60000000000.0, "Total Cost": 6000137262558.32, "Plan Rows": 6, "Plan Width": 71, "Inner Unique": false, "Join Filter": "(mi.movie_id = t.id)", "Plans": [{"Node Type": "Index Scan", "Parent Relationship": "Outer", "Scan Direction": "Forward", "Index Name": "title_pkey", "Relation Name": "title", "Alias": "t", "Startup Cost": 10000000000.0, "Total Cost": 1000011644126.66, "Plan Rows": 1748840, "Plan Width": 21, "Filter": "(production_year > 1990), (LLVM Optimized)"}, {"Node Type": "Materialize", "Parent Relationship": "Inner", "Startup Cost": 50000000000.0, "Total Cost": 5000125513501.27, "Plan Rows": 4, "Plan Width": 50, "Plans": [{"Node Type": "Nested Loop", "Parent Relationship": "Outer", "Join Type": "Inner", "Startup Cost": 50000000000.0, "Total Cost": 5000125513501.25, "Plan Rows": 4, "Plan Width": 50, "Inner Unique": true, "Join Filter": "(mc.company_id = cn.id)", "Plans": [{"Node Type": "Nested Loop", "Parent Relationship": "Outer", "Join Type": "Inner", "Startup Cost": 40000000000.0, "Total Cost": 4000124452928.96, "Plan Rows": 8, "Plan Width": 54, "Inner Unique": true, "Join Filter": "(mc.company_type_id = ct.id)", "Plans": [{"Node Type": "Nested Loop", "Parent Relationship": "Outer", "Join Type": "Inner", "Startup Cost": 30000000000.0, "Total Cost": 3000124452099.04, "Plan Rows": 9, "Plan Width": 58, "Inner Unique": false, "Join Filter": "(mi.movie_id = mc.movie_id)", "Plans": [{"Node Type": "Nested Loop", "Parent Relationship": "Outer", "Join Type": "Inner", "Startup Cost": 20000000000.0, "Total Cost": 2000114970811.54, "Plan Rows": 4, "Plan Width": 46, "Inner Unique": true, "Join Filter": "(it1.id = mi.info_type_id)", "Plans": [{"Node Type": "Index Scan", "Parent Relationship": "Outer", "Scan Direction": "Forward", "Index Name": "movie_id_movie_info", "Relation Name": "movie_info", "Alias": "mi", "Startup Cost": 10000000000.0, "Total Cost": 1000114969386.72, "Plan Rows": 255, "Plan Width": 50, "Filter": "((info IS NOT NULL) AND ((note)::text ~~ '%internet%'::text) AND (((info)::text ~~ 'USA:% 199%'::text) OR ((info)::text ~~ 'USA:% 200%'::text)))"}, {"Node Type": "Materialize", "Parent Relationship": "Inner", "Startup Cost": 10000000000.0, "Total Cost": 1000000001421.0, "Plan Rows": 1, "Plan Width": 4, "Plans": [{"Node Type": "Index Scan", "Parent Relationship": "Outer", "Scan Direction": "Forward", "Index Name": "info_type_pkey", "Relation Name": "info_type", "Alias": "it1", "Startup Cost": 10000000000.0, "Total Cost": 1000000001421.0, "Plan Rows": 1, "Plan Width": 4, "Filter": "((info)::text = 'release dates'::text)"}]}]}, {"Node Type": "Materialize", "Parent Relationship": "Inner", "Startup Cost": 10000000000.0, "Total Cost": 1000009331262.64, "Plan Rows": 2609128, "Plan Width": 12, "Plans": [{"Node Type": "Index Scan", "Parent Relationship": "Outer", "Scan Direction": "Forward", "Index Name": "company_type_id_movie_companies", "Relation Name": "movie_companies", "Alias": "mc", "Startup Cost": 10000000000.0, "Total Cost": 1000009318217.0, "Plan Rows": 2609128, "Plan Width": 12}]}]}, {"Node Type": "Materialize", "Parent Relationship": "Inner", "Startup Cost": 10000000000.0, "Total Cost": 1000000000829.52, "Plan Rows": 3, "Plan Width": 4, "Plans": [{"Node Type": "Index Only Scan", "Parent Relationship": "Outer", "Scan Direction": "Forward", "Index Name": "company_type_pkey", "Relation Name": "company_type", "Alias": "ct", "Startup Cost": 10000000000.0, "Total Cost": 1000000000829.5, "Plan Rows": 3, "Plan Width": 4}]}]}, {"Node Type": "Materialize", "Parent Relationship": "Inner", "Startup Cost": 10000000000.0, "Total Cost": 1000001050564.82, "Plan Rows": 85170, "Plan Width": 4, "Plans": [{"Node Type": "Index Scan", "Parent Relationship": "Outer", "Scan Direction": "Forward", "Index Name": "company_name_pkey", "Relation Name": "company_name", "Alias": "cn", "Startup Cost": 10000000000.0, "Total Cost": 1000001050138.97, "Plan Rows": 85170, "Plan Width": 4, "Filter": "((country_code)::text = '[us]'::text)"}]}]}]}]}]}]}, {"Node Type": "Materialize", "Parent Relationship": "Inner", "Startup Cost": 10000000000.0, "Total Cost": 1000000206749.34, "Plan Rows": 134169, "Plan Width": 4, "Plans": [{"Node Type": "Index Only Scan", "Parent Relationship": "Outer", "Scan Direction": "Forward", "Index Name": "keyword_pkey", "Relation Name": "keyword", "Alias": "k", "Startup Cost": 10000000000.0, "Total Cost": 1000000206078.5, "Plan Rows": 134169, "Plan Width": 4}]}]}]}]}]}, "Unique SQL Id": 2846462052}, "explain_analyze_plan": null}, "(1, 124)": {"explain_plan": {"Plan": {"Node Type": "Aggregate", "Strategy": "Plain", "Startup Cost": 408589.84, "Total Cost": 408589.85, "Plan Rows": 1, "Plan Width": 123, "Plans": [{"Node Type": "Nested Loop", "Parent Relationship": "Outer", "Join Type": "Inner", "Startup Cost": 0.0, "Total Cost": 408589.18, "Plan Rows": 132, "Plan Width": 59, "Inner Unique": false, "Join Filter": "(t.id = at.movie_id)", "Plans": [{"Node Type": "Nested Loop", "Parent Relationship": "Outer", "Join Type": "Inner", "Startup Cost": 0.0, "Total Cost": 408573.61, "Plan Rows": 44, "Plan Width": 75, "Inner Unique": true, "Plans": [{"Node Type": "Nested Loop", "Parent Relationship": "Outer", "Join Type": "Inner", "Startup Cost": 0.0, "Total Cost": 408561.26, "Plan Rows": 44, "Plan Width": 79, "Inner Unique": false, "Join Filter": "(t.id = mk.movie_id)", "Plans": [{"Node Type": "Nested Loop", "Parent Relationship": "Outer", "Join Type": "Inner", "Startup Cost": 0.0, "Total Cost": 408557.88, "Plan Rows": 6, "Plan Width": 71, "Inner Unique": true, "Plans": [{"Node Type": "Nested Loop", "Parent Relationship": "Outer", "Join Type": "Inner", "Startup Cost": 0.0, "Total Cost": 408554.72, "Plan Rows": 11, "Plan Width": 75, "Inner Unique": true, "Join Filter": "(mc.company_type_id = ct.id)", "Plans": [{"Node Type": "Nested Loop", "Parent Relationship": "Outer", "Join Type": "Inner", "Startup Cost": 0.0, "Total Cost": 408553.14, "Plan Rows": 12, "Plan Width": 79, "Inner Unique": false, "Plans": [{"Node Type": "Nested Loop", "Parent Relationship": "Outer", "Join Type": "Inner", "Startup Cost": 0.0, "Total Cost": 408550.93, "Plan Rows": 6, "Plan Width": 67, "Inner Unique": true, "Plans": [{"Node Type": "Nested Loop", "Parent Relationship": "Outer", "Join Type": "Inner", "Startup Cost": 0.0, "Total Cost": 408517.99, "Plan Rows": 4, "Plan Width": 46, "Inner Unique": false, "Join Filter": "(it1.id = mi.info_type_id)", "Plans": [{"Node Type": "Seq Scan", "Parent Relationship": "Outer", "Relation Name": "info_type", "Alias": "it1", "Startup Cost": 0.0, "Total Cost": 2.4, "Plan Rows": 1, "Plan Width": 4, "Filter": "((info)::text = 'release dates'::text)"}, {"Node Type": "Seq Scan", "Parent Relationship": "Inner", "Relation Name": "movie_info", "Alias": "mi", "Startup Cost": 0.0, "Total Cost": 408512.41, "Plan Rows": 255, "Plan Width": 50, "Filter": "((info IS NOT NULL) AND ((note)::text ~~ '%internet%'::text) AND (((info)::text ~~ 'USA:% 199%'::text) OR ((info)::text ~~ 'USA:% 200%'::text)))"}]}, {"Node Type": "Index Scan", "Parent Relationship": "Inner", "Scan Direction": "Forward", "Index Name": "title_pkey", "Relation Name": "title", "Alias": "t", "Startup Cost": 0.0, "Total Cost": 8.23, "Plan Rows": 1, "Plan Width": 21, "Index Cond": "(id = mi.movie_id)", "Filter": "(production_year > 1990)"}]}, {"Node Type": "Index Scan", "Parent Relationship": "Inner", "Scan Direction": "Forward", "Index Name": "movie_id_movie_companies", "Relation Name": "movie_companies", "Alias": "mc", "Startup Cost": 0.0, "Total Cost": 0.35, "Plan Rows": 2, "Plan Width": 12, "Index Cond": "(movie_id = t.id)"}]}, {"Node Type": "Materialize", "Parent Relationship": "Inner", "Startup Cost": 0.0, "Total Cost": 1.04, "Plan Rows": 3, "Plan Width": 4, "Plans": [{"Node Type": "Seq Scan", "Parent Relationship": "Outer", "Relation Name": "company_type", "Alias": "ct", "Startup Cost": 0.0, "Total Cost": 1.03, "Plan Rows": 3, "Plan Width": 4}]}]}, {"Node Type": "Index Scan", "Parent Relationship": "Inner", "Scan Direction": "Forward", "Index Name": "company_name_pkey", "Relation Name": "company_name", "Alias": "cn", "Startup Cost": 0.0, "Total Cost": 0.28, "Plan Rows": 1, "Plan Width": 4, "Index Cond": "(id = mc.company_id)", "Filter": "((country_code)::text = '[us]'::text)"}]}, {"Node Type": "Index Scan", "Parent Relationship": "Inner", "Scan Direction": "Forward", "Index Name": "movie_id_movie_keyword", "Relation Name": "movie_keyword", "Alias": "mk", "Startup Cost": 0.0, "Total Cost": 0.46, "Plan Rows": 8, "Plan Width": 8, "Index Cond": "(movie_id = mc.movie_id)"}]}, {"Node Type": "Index Scan", "Parent Relationship": "Inner", "Scan Direction": "Forward", "Index Name": "keyword_pkey", "Relation Name": "keyword", "Alias": "k", "Startup Cost": 0.0, "Total Cost": 0.27, "Plan Rows": 1, "Plan Width": 4, "Index Cond": "(id = mk.keyword_id)"}]}, {"Node Type": "Index Scan", "Parent Relationship": "Inner", "Scan Direction": "Forward", "Index Name": "movie_id_aka_title", "Relation Name": "aka_title", "Alias": "at", "Startup Cost": 0.0, "Total Cost": 0.32, "Plan Rows": 3, "Plan Width": 4, "Index Cond": "(movie_id = mk.movie_id)"}]}]}, "Unique SQL Id": 2846462052}, "explain_analyze_plan": null}, "(1, 125)": {"explain_plan": {"Plan": {"Node Type": "Aggregate", "Strategy": "Plain", "Startup Cost": 496833.26, "Total Cost": 496833.27, "Plan Rows": 1, "Plan Width": 123, "Plans": [{"Node Type": "Nested Loop", "Parent Relationship": "Outer", "Join Type": "Inner", "Startup Cost": 0.0, "Total Cost": 496832.6, "Plan Rows": 132, "Plan Width": 59, "Inner Unique": false, "Join Filter": "(t.id = at.movie_id)", "Plans": [{"Node Type": "Nested Loop", "Parent Relationship": "Outer", "Join Type": "Inner", "Startup Cost": 0.0, "Total Cost": 496817.03, "Plan Rows": 44, "Plan Width": 75, "Inner Unique": true, "Plans": [{"Node Type": "Nested Loop", "Parent Relationship": "Outer", "Join Type": "Inner", "Startup Cost": 0.0, "Total Cost": 496804.68, "Plan Rows": 44, "Plan Width": 79, "Inner Unique": false, "Join Filter": "(t.id = mk.movie_id)", "Plans": [{"Node Type": "Nested Loop", "Parent Relationship": "Outer", "Join Type": "Inner", "Startup Cost": 0.0, "Total Cost": 496801.31, "Plan Rows": 6, "Plan Width": 71, "Inner Unique": true, "Plans": [{"Node Type": "Nested Loop", "Parent Relationship": "Outer", "Join Type": "Inner", "Startup Cost": 0.0, "Total Cost": 496798.51, "Plan Rows": 10, "Plan Width": 75, "Inner Unique": true, "Plans": [{"Node Type": "Nested Loop", "Parent Relationship": "Outer", "Join Type": "Inner", "Startup Cost": 0.0, "Total Cost": 496795.05, "Plan Rows": 12, "Plan Width": 79, "Inner Unique": false, "Plans": [{"Node Type": "Nested Loop", "Parent Relationship": "Outer", "Join Type": "Inner", "Startup Cost": 0.0, "Total Cost": 496792.85, "Plan Rows": 6, "Plan Width": 67, "Inner Unique": true, "Plans": [{"Node Type": "Nested Loop", "Parent Relationship": "Outer", "Join Type": "Inner", "Startup Cost": 0.0, "Total Cost": 496759.91, "Plan Rows": 4, "Plan Width": 46, "Inner Unique": false, "Plans": [{"Node Type": "Index Scan", "Parent Relationship": "Outer", "Scan Direction": "Forward", "Index Name": "info_type_pkey", "Relation Name": "info_type", "Alias": "it1", "Startup Cost": 0.0, "Total Cost": 14.21, "Plan Rows": 1, "Plan Width": 4, "Filter": "((info)::text = 'release dates'::text)"}, {"Node Type": "Index Scan", "Parent Relationship": "Inner", "Scan Direction": "Forward", "Index Name": "info_type_id_movie_info", "Relation Name": "movie_info", "Alias": "mi", "Startup Cost": 0.0, "Total Cost": 496745.66, "Plan Rows": 4, "Plan Width": 50, "Index Cond": "(info_type_id = it1.id)", "Filter": "((info IS NOT NULL) AND ((note)::text ~~ '%internet%'::text) AND (((info)::text ~~ 'USA:% 199%'::text) OR ((info)::text ~~ 'USA:% 200%'::text)))"}]}, {"Node Type": "Index Scan", "Parent Relationship": "Inner", "Scan Direction": "Forward", "Index Name": "title_pkey", "Relation Name": "title", "Alias": "t", "Startup Cost": 0.0, "Total Cost": 8.23, "Plan Rows": 1, "Plan Width": 21, "Index Cond": "(id = mi.movie_id)", "Filter": "(production_year > 1990)"}]}, {"Node Type": "Index Scan", "Parent Relationship": "Inner", "Scan Direction": "Forward", "Index Name": "movie_id_movie_companies", "Relation Name": "movie_companies", "Alias": "mc", "Startup Cost": 0.0, "Total Cost": 0.35, "Plan Rows": 2, "Plan Width": 12, "Index Cond": "(movie_id = t.id)"}]}, {"Node Type": "Index Scan", "Parent Relationship": "Inner", "Scan Direction": "Forward", "Index Name": "company_name_pkey", "Relation Name": "company_name", "Alias": "cn", "Startup Cost": 0.0, "Total Cost": 0.28, "Plan Rows": 1, "Plan Width": 4, "Index Cond": "(id = mc.company_id)", "Filter": "((country_code)::text = '[us]'::text)"}]}, {"Node Type": "Index Scan", "Parent Relationship": "Inner", "Scan Direction": "Forward", "Index Name": "company_type_pkey", "Relation Name": "company_type", "Alias": "ct", "Startup Cost": 0.0, "Total Cost": 0.27, "Plan Rows": 1, "Plan Width": 4, "Index Cond": "(id = mc.company_type_id)"}]}, {"Node Type": "Index Scan", "Parent Relationship": "Inner", "Scan Direction": "Forward", "Index Name": "movie_id_movie_keyword", "Relation Name": "movie_keyword", "Alias": "mk", "Startup Cost": 0.0, "Total Cost": 0.46, "Plan Rows": 8, "Plan Width": 8, "Index Cond": "(movie_id = mc.movie_id)"}]}, {"Node Type": "Index Scan", "Parent Relationship": "Inner", "Scan Direction": "Forward", "Index Name": "keyword_pkey", "Relation Name": "keyword", "Alias": "k", "Startup Cost": 0.0, "Total Cost": 0.27, "Plan Rows": 1, "Plan Width": 4, "Index Cond": "(id = mk.keyword_id)"}]}, {"Node Type": "Index Scan", "Parent Relationship": "Inner", "Scan Direction": "Forward", "Index Name": "movie_id_aka_title", "Relation Name": "aka_title", "Alias": "at", "Startup Cost": 0.0, "Total Cost": 0.32, "Plan Rows": 3, "Plan Width": 4, "Index Cond": "(movie_id = mk.movie_id)"}]}]}, "Unique SQL Id": 2846462052}, "explain_analyze_plan": {"Plan": {"Node Type": "Aggregate", "Strategy": "Plain", "Startup Cost": 496833.26, "Total Cost": 496833.27, "Plan Rows": 1, "Plan Width": 123, "Actual Startup Time": 1911.833, "Actual Total Time": 1911.833, "Actual Rows": 1, "Actual Loops": 1, "Plans": [{"Node Type": "Nested Loop", "Parent Relationship": "Outer", "Join Type": "Inner", "Startup Cost": 0.0, "Total Cost": 496832.6, "Plan Rows": 132, "Plan Width": 59, "Actual Startup Time": 63.152, "Actual Total Time": 1910.888, "Actual Rows": 1140, "Actual Loops": 1, "Inner Unique": false, "Join Filter": "(t.id = at.movie_id)", "Rows Removed by Join Filter": 0, "Plans": [{"Node Type": "Nested Loop", "Parent Relationship": "Outer", "Join Type": "Inner", "Startup Cost": 0.0, "Total Cost": 496817.03, "Plan Rows": 44, "Plan Width": 75, "Actual Startup Time": 0.651, "Actual Total Time": 1895.802, "Actual Rows": 4808, "Actual Loops": 1, "Inner Unique": true, "Plans": [{"Node Type": "Nested Loop", "Parent Relationship": "Outer", "Join Type": "Inner", "Startup Cost": 0.0, "Total Cost": 496804.68, "Plan Rows": 44, "Plan Width": 79, "Actual Startup Time": 0.642, "Actual Total Time": 1869.99, "Actual Rows": 4808, "Actual Loops": 1, "Inner Unique": false, "Join Filter": "(t.id = mk.movie_id)", "Rows Removed by Join Filter": 0, "Plans": [{"Node Type": "Nested Loop", "Parent Relationship": "Outer", "Join Type": "Inner", "Startup Cost": 0.0, "Total Cost": 496801.31, "Plan Rows": 6, "Plan Width": 71, "Actual Startup Time": 0.63, "Actual Total Time": 1855.428, "Actual Rows": 1488, "Actual Loops": 1, "Inner Unique": true, "Plans": [{"Node Type": "Nested Loop", "Parent Relationship": "Outer", "Join Type": "Inner", "Startup Cost": 0.0, "Total Cost": 496798.51, "Plan Rows": 10, "Plan Width": 75, "Actual Startup Time": 0.615, "Actual Total Time": 1849.294, "Actual Rows": 2647, "Actual Loops": 1, "Inner Unique": true, "Plans": [{"Node Type": "Nested Loop", "Parent Relationship": "Outer", "Join Type": "Inner", "Startup Cost": 0.0, "Total Cost": 496795.05, "Plan Rows": 12, "Plan Width": 79, "Actual Startup Time": 0.602, "Actual Total Time": 1829.344, "Actual Rows": 2884, "Actual Loops": 1, "Inner Unique": false, "Plans": [{"Node Type": "Nested Loop", "Parent Relationship": "Outer", "Join Type": "Inner", "Startup Cost": 0.0, "Total Cost": 496792.85, "Plan Rows": 6, "Plan Width": 67, "Actual Startup Time": 0.592, "Actual Total Time": 1812.89, "Actual Rows": 1782, "Actual Loops": 1, "Inner Unique": true, "Plans": [{"Node Type": "Nested Loop", "Parent Relationship": "Outer", "Join Type": "Inner", "Startup Cost": 0.0, "Total Cost": 496759.91, "Plan Rows": 4, "Plan Width": 46, "Actual Startup Time": 0.578, "Actual Total Time": 1796.87, "Actual Rows": 1783, "Actual Loops": 1, "Inner Unique": false, "Plans": [{"Node Type": "Index Scan", "Parent Relationship": "Outer", "Scan Direction": "Forward", "Index Name": "info_type_pkey", "Relation Name": "info_type", "Alias": "it1", "Startup Cost": 0.0, "Total Cost": 14.21, "Plan Rows": 1, "Plan Width": 4, "Actual Startup Time": 0.05, "Actual Total Time": 0.093, "Actual Rows": 1, "Actual Loops": 1, "Filter": "((info)::text = 'release dates'::text)", "Rows Removed by Filter": 111}, {"Node Type": "Index Scan", "Parent Relationship": "Inner", "Scan Direction": "Forward", "Index Name": "info_type_id_movie_info", "Relation Name": "movie_info", "Alias": "mi", "Startup Cost": 0.0, "Total Cost": 496745.66, "Plan Rows": 4, "Plan Width": 50, "Actual Startup Time": 0.523, "Actual Total Time": 1796.089, "Actual Rows": 1783, "Actual Loops": 1, "Index Cond": "(info_type_id = it1.id)", "Rows Removed by Index Recheck": 0, "Filter": "((info IS NOT NULL) AND ((note)::text ~~ '%internet%'::text) AND (((info)::text ~~ 'USA:% 199%'::text) OR ((info)::text ~~ 'USA:% 200%'::text)))", "Rows Removed by Filter": 3034936}]}, {"Node Type": "Index Scan", "Parent Relationship": "Inner", "Scan Direction": "Forward", "Index Name": "title_pkey", "Relation Name": "title", "Alias": "t", "Startup Cost": 0.0, "Total Cost": 8.23, "Plan Rows": 1, "Plan Width": 21, "Actual Startup Time": 13.283, "Actual Total Time": 13.283, "Actual Rows": 1782, "Actual Loops": 1783, "Index Cond": "(id = mi.movie_id)", "Rows Removed by Index Recheck": 0, "Filter": "(production_year > 1990)", "Rows Removed by Filter": 1}]}, {"Node Type": "Index Scan", "Parent Relationship": "Inner", "Scan Direction": "Forward", "Index Name": "movie_id_movie_companies", "Relation Name": "movie_companies", "Alias": "mc", "Startup Cost": 0.0, "Total Cost": 0.35, "Plan Rows": 2, "Plan Width": 12, "Actual Startup Time": 11.319, "Actual Total Time": 14.303, "Actual Rows": 2884, "Actual Loops": 1782, "Index Cond": "(movie_id = t.id)", "Rows Removed by Index Recheck": 0}]}, {"Node Type": "Index Scan", "Parent Relationship": "Inner", "Scan Direction": "Forward", "Index Name": "company_name_pkey", "Relation Name": "company_name", "Alias": "cn", "Startup Cost": 0.0, "Total Cost": 0.28, "Plan Rows": 1, "Plan Width": 4, "Actual Startup Time": 16.879, "Actual Total Time": 16.879, "Actual Rows": 2647, "Actual Loops": 2884, "Index Cond": "(id = mc.company_id)", "Rows Removed by Index Recheck": 0, "Filter": "((country_code)::text = '[us]'::text)", "Rows Removed by Filter": 237}]}, {"Node Type": "Index Scan", "Parent Relationship": "Inner", "Scan Direction": "Forward", "Index Name": "company_type_pkey", "Relation Name": "company_type", "Alias": "ct", "Startup Cost": 0.0, "Total Cost": 0.27, "Plan Rows": 1, "Plan Width": 4, "Actual Startup Time": 3.52, "Actual Total Time": 3.52, "Actual Rows": 1488, "Actual Loops": 2647, "Index Cond": "(id = mc.company_type_id)", "Rows Removed by Index Recheck": 0}]}, {"Node Type": "Index Scan", "Parent Relationship": "Inner", "Scan Direction": "Forward", "Index Name": "movie_id_movie_keyword", "Relation Name": "movie_keyword", "Alias": "mk", "Startup Cost": 0.0, "Total Cost": 0.46, "Plan Rows": 8, "Plan Width": 8, "Actual Startup Time": 9.051, "Actual Total Time": 11.214, "Actual Rows": 4808, "Actual Loops": 1488, "Index Cond": "(movie_id = mc.movie_id)", "Rows Removed by Index Recheck": 0}]}, {"Node Type": "Index Scan", "Parent Relationship": "Inner", "Scan Direction": "Forward", "Index Name": "keyword_pkey", "Relation Name": "keyword", "Alias": "k", "Startup Cost": 0.0, "Total Cost": 0.27, "Plan Rows": 1, "Plan Width": 4, "Actual Startup Time": 21.453, "Actual Total Time": 21.453, "Actual Rows": 4808, "Actual Loops": 4808, "Index Cond": "(id = mk.keyword_id)", "Rows Removed by Index Recheck": 0}]}, {"Node Type": "Index Scan", "Parent Relationship": "Inner", "Scan Direction": "Forward", "Index Name": "movie_id_aka_title", "Relation Name": "aka_title", "Alias": "at", "Startup Cost": 0.0, "Total Cost": 0.32, "Plan Rows": 3, "Plan Width": 4, "Actual Startup Time": 11.472, "Actual Total Time": 12.032, "Actual Rows": 1140, "Actual Loops": 4808, "Index Cond": "(movie_id = mk.movie_id)", "Rows Removed by Index Recheck": 0}]}]}, "Triggers": [], "Planner Runtime": 26.321, "Total Runtime": 1912.163, "Unique SQL Id": 2846462052}}, "(1, 126)": {"explain_plan": {"Plan": {"Node Type": "Aggregate", "Strategy": "Plain", "Startup Cost": 1603042.17, "Total Cost": 1603042.18, "Plan Rows": 1, "Plan Width": 123, "Plans": [{"Node Type": "Nested Loop", "Parent Relationship": "Outer", "Join Type": "Inner", "Startup Cost": 0.0, "Total Cost": 1603041.51, "Plan Rows": 132, "Plan Width": 59, "Inner Unique": false, "Join Filter": "(t.id = at.movie_id)", "Plans": [{"Node Type": "Seq Scan", "Parent Relationship": "Outer", "Relation Name": "aka_title", "Alias": "at", "Startup Cost": 0.0, "Total Cost": 9894.71, "Plan Rows": 361471, "Plan Width": 4}, {"Node Type": "Materialize", "Parent Relationship": "Inner", "Startup Cost": 0.0, "Total Cost": 1354576.05, "Plan Rows": 44, "Plan Width": 75, "Plans": [{"Node Type": "Nested Loop", "Parent Relationship": "Outer", "Join Type": "Inner", "Startup Cost": 0.0, "Total Cost": 1354575.83, "Plan Rows": 44, "Plan Width": 75, "Inner Unique": false, "Join Filter": "(mk.keyword_id = k.id)", "Plans": [{"Node Type": "Seq Scan", "Parent Relationship": "Outer", "Relation Name": "keyword", "Alias": "k", "Startup Cost": 0.0, "Total Cost": 2100.69, "Plan Rows": 134169, "Plan Width": 4}, {"Node Type": "Materialize", "Parent Relationship": "Inner", "Startup Cost": 0.0, "Total Cost": 1263923.71, "Plan Rows": 44, "Plan Width": 79, "Plans": [{"Node Type": "Nested Loop", "Parent Relationship": "Outer", "Join Type": "Inner", "Startup Cost": 0.0, "Total Cost": 1263923.49, "Plan Rows": 44, "Plan Width": 79, "Inner Unique": false, "Join Filter": "(t.id = mk.movie_id)", "Plans": [{"Node Type": "Seq Scan", "Parent Relationship": "Outer", "Relation Name": "movie_keyword", "Alias": "mk", "Startup Cost": 0.0, "Total Cost": 62441.29, "Plan Rows": 4523929, "Plan Width": 8}, {"Node Type": "Materialize", "Parent Relationship": "Inner", "Startup Cost": 0.0, "Total Cost": 794328.6, "Plan Rows": 6, "Plan Width": 71, "Plans": [{"Node Type": "Nested Loop", "Parent Relationship": "Outer", "Join Type": "Inner", "Startup Cost": 0.0, "Total Cost": 794328.57, "Plan Rows": 6, "Plan Width": 71, "Inner Unique": false, "Join Filter": "(mi.movie_id = t.id)", "Plans": [{"Node Type": "Seq Scan", "Parent Relationship": "Outer", "Relation Name": "title", "Alias": "t", "Startup Cost": 0.0, "Total Cost": 66389.89, "Plan Rows": 1748840, "Plan Width": 21, "Filter": "(production_year > 1990), (LLVM Optimized)"}, {"Node Type": "Materialize", "Parent Relationship": "Inner", "Startup Cost": 0.0, "Total Cost": 623008.3, "Plan Rows": 4, "Plan Width": 50, "Plans": [{"Node Type": "Nested Loop", "Parent Relationship": "Outer", "Join Type": "Inner", "Startup Cost": 0.0, "Total Cost": 623008.28, "Plan Rows": 4, "Plan Width": 50, "Inner Unique": false, "Join Filter": "(mc.company_id = cn.id)", "Plans": [{"Node Type": "Seq Scan", "Parent Relationship": "Outer", "Relation Name": "company_name", "Alias": "cn", "Startup Cost": 0.0, "Total Cost": 5903.45, "Plan Rows": 85170, "Plan Width": 4, "Filter": "((country_code)::text = '[us]'::text)"}, {"Node Type": "Materialize", "Parent Relationship": "Inner", "Startup Cost": 0.0, "Total Cost": 606884.45, "Plan Rows": 8, "Plan Width": 54, "Plans": [{"Node Type": "Nested Loop", "Parent Relationship": "Outer", "Join Type": "Inner", "Startup Cost": 0.0, "Total Cost": 606884.41, "Plan Rows": 8, "Plan Width": 54, "Inner Unique": true, "Join Filter": "(mc.company_type_id = ct.id)", "Plans": [{"Node Type": "Nested Loop", "Parent Relationship": "Outer", "Join Type": "Inner", "Startup Cost": 0.0, "Total Cost": 606882.96, "Plan Rows": 9, "Plan Width": 58, "Inner Unique": false, "Join Filter": "(mi.movie_id = mc.movie_id)", "Plans": [{"Node Type": "Seq Scan", "Parent Relationship": "Outer", "Relation Name": "movie_companies", "Alias": "mc", "Startup Cost": 0.0, "Total Cost": 41817.28, "Plan Rows": 2609128, "Plan Width": 12}, {"Node Type": "Materialize", "Parent Relationship": "Inner", "Startup Cost": 0.0, "Total Cost": 408518.01, "Plan Rows": 4, "Plan Width": 46, "Plans": [{"Node Type": "Nested Loop", "Parent Relationship": "Outer", "Join Type": "Inner", "Startup Cost": 0.0, "Total Cost": 408517.99, "Plan Rows": 4, "Plan Width": 46, "Inner Unique": false, "Join Filter": "(it1.id = mi.info_type_id)", "Plans": [{"Node Type": "Seq Scan", "Parent Relationship": "Outer", "Relation Name": "info_type", "Alias": "it1", "Startup Cost": 0.0, "Total Cost": 2.4, "Plan Rows": 1, "Plan Width": 4, "Filter": "((info)::text = 'release dates'::text)"}, {"Node Type": "Seq Scan", "Parent Relationship": "Inner", "Relation Name": "movie_info", "Alias": "mi", "Startup Cost": 0.0, "Total Cost": 408512.41, "Plan Rows": 255, "Plan Width": 50, "Filter": "((info IS NOT NULL) AND ((note)::text ~~ '%internet%'::text) AND (((info)::text ~~ 'USA:% 199%'::text) OR ((info)::text ~~ 'USA:% 200%'::text)))"}]}]}]}, {"Node Type": "Materialize", "Parent Relationship": "Inner", "Startup Cost": 0.0, "Total Cost": 1.04, "Plan Rows": 3, "Plan Width": 4, "Plans": [{"Node Type": "Seq Scan", "Parent Relationship": "Outer", "Relation Name": "company_type", "Alias": "ct", "Startup Cost": 0.0, "Total Cost": 1.03, "Plan Rows": 3, "Plan Width": 4}]}]}]}]}]}]}]}]}]}]}]}]}]}, "Unique SQL Id": 2846462052}, "explain_analyze_plan": null}, "(1, 127)": {"explain_plan": {"Plan": {"Node Type": "Aggregate", "Strategy": "Plain", "Startup Cost": 9000155572935.28, "Total Cost": 9000155572935.29, "Plan Rows": 1, "Plan Width": 123, "Plans": [{"Node Type": "Nested Loop", "Parent Relationship": "Outer", "Join Type": "Inner", "Startup Cost": 90000000000.0, "Total Cost": 9000155572934.62, "Plan Rows": 132, "Plan Width": 59, "Inner Unique": false, "Join Filter": "(t.id = at.movie_id)", "Plans": [{"Node Type": "Index Scan", "Parent Relationship": "Outer", "Scan Direction": "Forward", "Index Name": "movie_id_aka_title", "Relation Name": "aka_title", "Alias": "at", "Startup Cost": 10000000000.0, "Total Cost": 1000001990001.13, "Plan Rows": 361471, "Plan Width": 4}, {"Node Type": "Materialize", "Parent Relationship": "Inner", "Startup Cost": 80000000000.0, "Total Cost": 8000153344362.73, "Plan Rows": 44, "Plan Width": 75, "Plans": [{"Node Type": "Nested Loop", "Parent Relationship": "Outer", "Join Type": "Inner", "Startup Cost": 80000000000.0, "Total Cost": 8000153344362.51, "Plan Rows": 44, "Plan Width": 75, "Inner Unique": true, "Join Filter": "(mk.keyword_id = k.id)", "Plans": [{"Node Type": "Nested Loop", "Parent Relationship": "Outer", "Join Type": "Inner", "Startup Cost": 70000000000.0, "Total Cost": 7000152970746.12, "Plan Rows": 44, "Plan Width": 79, "Inner Unique": false, "Join Filter": "(t.id = mk.movie_id)", "Plans": [{"Node Type": "Index Scan", "Parent Relationship": "Outer", "Scan Direction": "Forward", "Index Name": "movie_id_movie_keyword", "Relation Name": "movie_keyword", "Alias": "mk", "Startup Cost": 10000000000.0, "Total Cost": 1000015300634.17, "Plan Rows": 4523929, "Plan Width": 8}, {"Node Type": "Materialize", "Parent Relationship": "Inner", "Startup Cost": 60000000000.0, "Total Cost": 6000137262958.35, "Plan Rows": 6, "Plan Width": 71, "Plans": [{"Node Type": "Nested Loop", "Parent Relationship": "Outer", "Join Type": "Inner", "Startup Cost": 60000000000.0, "Total Cost": 6000137262958.32, "Plan Rows": 6, "Plan Width": 71, "Inner Unique": false, "Join Filter": "(mi.movie_id = t.id)", "Plans": [{"Node Type": "Index Scan", "Parent Relationship": "Outer", "Scan Direction": "Forward", "Index Name": "title_pkey", "Relation Name": "title", "Alias": "t", "Startup Cost": 10000000000.0, "Total Cost": 1000011644126.66, "Plan Rows": 1748840, "Plan Width": 21, "Filter": "(production_year > 1990), (LLVM Optimized)"}, {"Node Type": "Materialize", "Parent Relationship": "Inner", "Startup Cost": 50000000000.0, "Total Cost": 5000125513901.27, "Plan Rows": 4, "Plan Width": 50, "Plans": [{"Node Type": "Nested Loop", "Parent Relationship": "Outer", "Join Type": "Inner", "Startup Cost": 50000000000.0, "Total Cost": 5000125513901.25, "Plan Rows": 4, "Plan Width": 50, "Inner Unique": true, "Join Filter": "(mc.company_id = cn.id)", "Plans": [{"Node Type": "Nested Loop", "Parent Relationship": "Outer", "Join Type": "Inner", "Startup Cost": 40000000000.0, "Total Cost": 4000124453328.96, "Plan Rows": 8, "Plan Width": 54, "Inner Unique": true, "Join Filter": "(mc.company_type_id = ct.id)", "Plans": [{"Node Type": "Nested Loop", "Parent Relationship": "Outer", "Join Type": "Inner", "Startup Cost": 30000000000.0, "Total Cost": 3000124452099.04, "Plan Rows": 9, "Plan Width": 58, "Inner Unique": false, "Join Filter": "(mi.movie_id = mc.movie_id)", "Plans": [{"Node Type": "Nested Loop", "Parent Relationship": "Outer", "Join Type": "Inner", "Startup Cost": 20000000000.0, "Total Cost": 2000114970811.54, "Plan Rows": 4, "Plan Width": 46, "Inner Unique": true, "Join Filter": "(it1.id = mi.info_type_id)", "Plans": [{"Node Type": "Index Scan", "Parent Relationship": "Outer", "Scan Direction": "Forward", "Index Name": "movie_id_movie_info", "Relation Name": "movie_info", "Alias": "mi", "Startup Cost": 10000000000.0, "Total Cost": 1000114969386.72, "Plan Rows": 255, "Plan Width": 50, "Filter": "((info IS NOT NULL) AND ((note)::text ~~ '%internet%'::text) AND (((info)::text ~~ 'USA:% 199%'::text) OR ((info)::text ~~ 'USA:% 200%'::text)))"}, {"Node Type": "Materialize", "Parent Relationship": "Inner", "Startup Cost": 10000000000.0, "Total Cost": 1000000001421.0, "Plan Rows": 1, "Plan Width": 4, "Plans": [{"Node Type": "Index Scan", "Parent Relationship": "Outer", "Scan Direction": "Forward", "Index Name": "info_type_pkey", "Relation Name": "info_type", "Alias": "it1", "Startup Cost": 10000000000.0, "Total Cost": 1000000001421.0, "Plan Rows": 1, "Plan Width": 4, "Filter": "((info)::text = 'release dates'::text)"}]}]}, {"Node Type": "Materialize", "Parent Relationship": "Inner", "Startup Cost": 10000000000.0, "Total Cost": 1000009331262.64, "Plan Rows": 2609128, "Plan Width": 12, "Plans": [{"Node Type": "Index Scan", "Parent Relationship": "Outer", "Scan Direction": "Forward", "Index Name": "company_type_id_movie_companies", "Relation Name": "movie_companies", "Alias": "mc", "Startup Cost": 10000000000.0, "Total Cost": 1000009318217.0, "Plan Rows": 2609128, "Plan Width": 12}]}]}, {"Node Type": "Materialize", "Parent Relationship": "Inner", "Startup Cost": 10000000000.0, "Total Cost": 1000000001229.52, "Plan Rows": 3, "Plan Width": 4, "Plans": [{"Node Type": "Index Scan", "Parent Relationship": "Outer", "Scan Direction": "Forward", "Index Name": "company_type_pkey", "Relation Name": "company_type", "Alias": "ct", "Startup Cost": 10000000000.0, "Total Cost": 1000000001229.5, "Plan Rows": 3, "Plan Width": 4}]}]}, {"Node Type": "Materialize", "Parent Relationship": "Inner", "Startup Cost": 10000000000.0, "Total Cost": 1000001050564.82, "Plan Rows": 85170, "Plan Width": 4, "Plans": [{"Node Type": "Index Scan", "Parent Relationship": "Outer", "Scan Direction": "Forward", "Index Name": "company_name_pkey", "Relation Name": "company_name", "Alias": "cn", "Startup Cost": 10000000000.0, "Total Cost": 1000001050138.97, "Plan Rows": 85170, "Plan Width": 4, "Filter": "((country_code)::text = '[us]'::text)"}]}]}]}]}]}]}, {"Node Type": "Materialize", "Parent Relationship": "Inner", "Startup Cost": 10000000000.0, "Total Cost": 1000000285400.28, "Plan Rows": 134169, "Plan Width": 4, "Plans": [{"Node Type": "Index Scan", "Parent Relationship": "Outer", "Scan Direction": "Forward", "Index Name": "keyword_pkey", "Relation Name": "keyword", "Alias": "k", "Startup Cost": 10000000000.0, "Total Cost": 1000000284729.43, "Plan Rows": 134169, "Plan Width": 4}]}]}]}]}]}, "Unique SQL Id": 2846462052}, "explain_analyze_plan": null}, "(16, 0)": {"explain_plan": {"Plan": {"Node Type": "Aggregate", "Strategy": "Plain", "Startup Cost": 40623.15, "Total Cost": 40623.16, "Plan Rows": 1, "Plan Width": 123, "Plans": [{"Node Type": "Nested Loop", "Parent Relationship": "Outer", "Join Type": "Inner", "Startup Cost": 0.0, "Total Cost": 40622.48, "Plan Rows": 134, "Plan Width": 59, "Inner Unique": true, "Plans": [{"Node Type": "Nested Loop", "Parent Relationship": "Outer", "Join Type": "Inner", "Startup Cost": 0.0, "Total Cost": 40584.96, "Plan Rows": 134, "Plan Width": 63, "Inner Unique": false, "Join Filter": "(t.id = mk.movie_id)", "Plans": [{"Node Type": "Nested Loop", "Parent Relationship": "Outer", "Join Type": "Inner", "Startup Cost": 0.0, "Total Cost": 40575.4, "Plan Rows": 17, "Plan Width": 75, "Inner Unique": true, "Join Filter": "(at.movie_id = t.id)", "Plans": [{"Node Type": "Nested Loop", "Parent Relationship": "Outer", "Join Type": "Inner", "Startup Cost": 0.0, "Total Cost": 40571.17, "Plan Rows": 12, "Plan Width": 54, "Inner Unique": true, "Join Filter": "(mc.company_type_id = ct.id)", "Plans": [{"Node Type": "Nested Loop", "Parent Relationship": "Outer", "Join Type": "Inner", "Startup Cost": 0.0, "Total Cost": 40569.59, "Plan Rows": 12, "Plan Width": 58, "Inner Unique": true, "Plans": [{"Node Type": "Nested Loop", "Parent Relationship": "Outer", "Join Type": "Inner", "Startup Cost": 0.0, "Total Cost": 40563.84, "Plan Rows": 20, "Plan Width": 62, "Inner Unique": false, "Plans": [{"Node Type": "Nested Loop", "Parent Relationship": "Outer", "Join Type": "Inner", "Startup Cost": 0.0, "Total Cost": 40558.53, "Plan Rows": 9, "Plan Width": 50, "Inner Unique": false, "Plans": [{"Node Type": "Nested Loop", "Parent Relationship": "Outer", "Join Type": "Inner", "Startup Cost": 0.0, "Total Cost": 40543.12, "Plan Rows": 4, "Plan Width": 46, "Inner Unique": false, "Join Filter": "(it1.id = mi.info_type_id)", "Plans": [{"Node Type": "Seq Scan", "Parent Relationship": "Outer", "Relation Name": "info_type", "Alias": "it1", "Startup Cost": 0.0, "Total Cost": 2.4, "Plan Rows": 1, "Plan Width": 4, "Filter": "((info)::text = 'release dates'::text)"}, {"Node Type": "Materialize", "Parent Relationship": "Inner", "Startup Cost": 0.0, "Total Cost": 40538.17, "Plan Rows": 255, "Plan Width": 50, "Plans": [{"Node Type": "Streaming(type: LOCAL GATHER dop: 1/16)", "Parent Relationship": "Outer", "Startup Cost": 0.0, "Total Cost": 40537.53, "Plan Rows": 255, "Plan Width": 50, "Plans": [{"Node Type": "Seq Scan", "Parent Relationship": "Outer", "Relation Name": "movie_info", "Alias": "mi", "Startup Cost": 0.0, "Total Cost": 40532.03, "Plan Rows": 255, "Plan Width": 50, "Filter": "((info IS NOT NULL) AND ((note)::text ~~ '%internet%'::text) AND (((info)::text ~~ 'USA:% 199%'::text) OR ((info)::text ~~ 'USA:% 200%'::text)))"}]}]}]}, {"Node Type": "Index Only Scan", "Parent Relationship": "Inner", "Scan Direction": "Forward", "Index Name": "movie_id_aka_title", "Relation Name": "aka_title", "Alias": "at", "Startup Cost": 0.0, "Total Cost": 3.82, "Plan Rows": 3, "Plan Width": 4, "Index Cond": "(movie_id = mi.movie_id)"}]}, {"Node Type": "Index Scan", "Parent Relationship": "Inner", "Scan Direction": "Forward", "Index Name": "movie_id_movie_companies", "Relation Name": "movie_companies", "Alias": "mc", "Startup Cost": 0.0, "Total Cost": 0.57, "Plan Rows": 2, "Plan Width": 12, "Index Cond": "(movie_id = at.movie_id)"}]}, {"Node Type": "Index Scan", "Parent Relationship": "Inner", "Scan Direction": "Forward", "Index Name": "company_name_pkey", "Relation Name": "company_name", "Alias": "cn", "Startup Cost": 0.0, "Total Cost": 0.28, "Plan Rows": 1, "Plan Width": 4, "Index Cond": "(id = mc.company_id)", "Filter": "((country_code)::text = '[us]'::text)"}]}, {"Node Type": "Materialize", "Parent Relationship": "Inner", "Startup Cost": 0.0, "Total Cost": 1.04, "Plan Rows": 3, "Plan Width": 4, "Plans": [{"Node Type": "Seq Scan", "Parent Relationship": "Outer", "Relation Name": "company_type", "Alias": "ct", "Startup Cost": 0.0, "Total Cost": 1.03, "Plan Rows": 3, "Plan Width": 4}]}]}, {"Node Type": "Index Scan", "Parent Relationship": "Inner", "Scan Direction": "Forward", "Index Name": "title_pkey", "Relation Name": "title", "Alias": "t", "Startup Cost": 0.0, "Total Cost": 0.34, "Plan Rows": 1, "Plan Width": 21, "Index Cond": "(id = mc.movie_id)", "Filter": "(production_year > 1990)"}]}, {"Node Type": "Index Scan", "Parent Relationship": "Inner", "Scan Direction": "Forward", "Index Name": "movie_id_movie_keyword", "Relation Name": "movie_keyword", "Alias": "mk", "Startup Cost": 0.0, "Total Cost": 0.46, "Plan Rows": 8, "Plan Width": 8, "Index Cond": "(movie_id = mc.movie_id)"}]}, {"Node Type": "Index Only Scan", "Parent Relationship": "Inner", "Scan Direction": "Forward", "Index Name": "keyword_pkey", "Relation Name": "keyword", "Alias": "k", "Startup Cost": 0.0, "Total Cost": 0.27, "Plan Rows": 1, "Plan Width": 4, "Index Cond": "(id = mk.keyword_id)"}]}]}, "Unique SQL Id": 2846462052}, "explain_analyze_plan": {"Plan": {"Node Type": "Aggregate", "Strategy": "Plain", "Startup Cost": 40623.15, "Total Cost": 40623.16, "Plan Rows": 1, "Plan Width": 123, "Actual Min Startup Time": 390.381, "Actual Max Startup Time": 390.381, "Actual Min Total Time": 390.381, "Actual Max Total Time": 390.381, "Actual Total Rows": 1, "Plans": [{"Node Type": "Nested Loop", "Parent Relationship": "Outer", "Join Type": "Inner", "Startup Cost": 0.0, "Total Cost": 40622.48, "Plan Rows": 134, "Plan Width": 59, "Actual Min Startup Time": 369.5, "Actual Max Startup Time": 369.5, "Actual Min Total Time": 389.585, "Actual Max Total Time": 389.585, "Actual Total Rows": 1140, "Inner Unique": true, "Plans": [{"Node Type": "Nested Loop", "Parent Relationship": "Outer", "Join Type": "Inner", "Startup Cost": 0.0, "Total Cost": 40584.96, "Plan Rows": 134, "Plan Width": 63, "Actual Min Startup Time": 369.479, "Actual Max Startup Time": 369.479, "Actual Min Total Time": 385.419, "Actual Max Total Time": 385.419, "Actual Total Rows": 1140, "Inner Unique": false, "Join Filter": "(t.id = mk.movie_id)", "Rows Removed by Join Filter": 0, "Plans": [{"Node Type": "Nested Loop", "Parent Relationship": "Outer", "Join Type": "Inner", "Startup Cost": 0.0, "Total Cost": 40575.4, "Plan Rows": 17, "Plan Width": 75, "Actual Min Startup Time": 369.443, "Actual Max Startup Time": 369.443, "Actual Min Total Time": 383.388, "Actual Max Total Time": 383.388, "Actual Total Rows": 119, "Inner Unique": true, "Join Filter": "(at.movie_id = t.id)", "Rows Removed by Join Filter": 0, "Plans": [{"Node Type": "Nested Loop", "Parent Relationship": "Outer", "Join Type": "Inner", "Startup Cost": 0.0, "Total Cost": 40571.17, "Plan Rows": 12, "Plan Width": 54, "Actual Min Startup Time": 369.408, "Actual Max Startup Time": 369.408, "Actual Min Total Time": 382.307, "Actual Max Total Time": 382.307, "Actual Total Rows": 119, "Inner Unique": true, "Join Filter": "(mc.company_type_id = ct.id)", "Rows Removed by Join Filter": 495, "Plans": [{"Node Type": "Nested Loop", "Parent Relationship": "Outer", "Join Type": "Inner", "Startup Cost": 0.0, "Total Cost": 40569.59, "Plan Rows": 12, "Plan Width": 58, "Actual Min Startup Time": 369.367, "Actual Max Startup Time": 369.367, "Actual Min Total Time": 381.975, "Actual Max Total Time": 381.975, "Actual Total Rows": 284, "Inner Unique": true, "Plans": [{"Node Type": "Nested Loop", "Parent Relationship": "Outer", "Join Type": "Inner", "Startup Cost": 0.0, "Total Cost": 40563.84, "Plan Rows": 20, "Plan Width": 62, "Actual Min Startup Time": 369.336, "Actual Max Startup Time": 369.336, "Actual Min Total Time": 379.472, "Actual Max Total Time": 379.472, "Actual Total Rows": 400, "Inner Unique": false, "Plans": [{"Node Type": "Nested Loop", "Parent Relationship": "Outer", "Join Type": "Inner", "Startup Cost": 0.0, "Total Cost": 40558.53, "Plan Rows": 9, "Plan Width": 50, "Actual Min Startup Time": 369.306, "Actual Max Startup Time": 369.306, "Actual Min Total Time": 377.897, "Actual Max Total Time": 377.897, "Actual Total Rows": 120, "Inner Unique": false, "Plans": [{"Node Type": "Nested Loop", "Parent Relationship": "Outer", "Join Type": "Inner", "Startup Cost": 0.0, "Total Cost": 40543.12, "Plan Rows": 4, "Plan Width": 46, "Actual Min Startup Time": 369.157, "Actual Max Startup Time": 369.157, "Actual Min Total Time": 370.249, "Actual Max Total Time": 370.249, "Actual Total Rows": 1783, "Inner Unique": false, "Join Filter": "(it1.id = mi.info_type_id)", "Rows Removed by Join Filter": 0, "Plans": [{"Node Type": "Seq Scan", "Parent Relationship": "Outer", "Relation Name": "info_type", "Alias": "it1", "Startup Cost": 0.0, "Total Cost": 2.4, "Plan Rows": 1, "Plan Width": 4, "Actual Min Startup Time": 0.065, "Actual Max Startup Time": 0.065, "Actual Min Total Time": 0.088, "Actual Max Total Time": 0.088, "Actual Total Rows": 1, "Filter": "((info)::text = 'release dates'::text)", "Rows Removed by Filter": 111}, {"Node Type": "Materialize", "Parent Relationship": "Inner", "Startup Cost": 0.0, "Total Cost": 40538.17, "Plan Rows": 255, "Plan Width": 50, "Actual Min Startup Time": 369.064, "Actual Max Startup Time": 369.064, "Actual Min Total Time": 369.331, "Actual Max Total Time": 369.331, "Actual Total Rows": 1784, "Plans": [{"Node Type": "Streaming(type: LOCAL GATHER dop: 1/16)", "Parent Relationship": "Outer", "Startup Cost": 0.0, "Total Cost": 40537.53, "Plan Rows": 255, "Plan Width": 50, "Actual Min Startup Time": 178.238, "Actual Max Startup Time": 178.238, "Actual Min Total Time": 368.67, "Actual Max Total Time": 368.67, "Actual Total Rows": 1783, "Plans": [{"Node Type": "Seq Scan", "Parent Relationship": "Outer", "Relation Name": "movie_info", "Alias": "mi", "Startup Cost": 0.0, "Total Cost": 40532.03, "Plan Rows": 255, "Plan Width": 50, "Actual Min Startup Time": 85.255, "Actual Max Startup Time": 93.841, "Actual Min Total Time": 321.741, "Actual Max Total Time": 331.445, "Actual Total Rows": 1783, "Filter": "((info IS NOT NULL) AND ((note)::text ~~ '%internet%'::text) AND (((info)::text ~~ 'USA:% 199%'::text) OR ((info)::text ~~ 'USA:% 200%'::text)))", "Rows Removed by Filter": 14833936}]}]}]}, {"Node Type": "Index Only Scan", "Parent Relationship": "Inner", "Scan Direction": "Forward", "Index Name": "movie_id_aka_title", "Relation Name": "aka_title", "Alias": "at", "Startup Cost": 0.0, "Total Cost": 3.82, "Plan Rows": 3, "Plan Width": 4, "Actual Min Startup Time": 6.788, "Actual Max Startup Time": 6.788, "Actual Min Total Time": 6.817, "Actual Max Total Time": 6.817, "Actual Total Rows": 120, "Index Cond": "(movie_id = mi.movie_id)", "Rows Removed by Index Recheck": 0, "Heap Fetches": 0}]}, {"Node Type": "Index Scan", "Parent Relationship": "Inner", "Scan Direction": "Forward", "Index Name": "movie_id_movie_companies", "Relation Name": "movie_companies", "Alias": "mc", "Startup Cost": 0.0, "Total Cost": 0.57, "Plan Rows": 2, "Plan Width": 12, "Actual Min Startup Time": 1.026, "Actual Max Startup Time": 1.026, "Actual Min Total Time": 1.419, "Actual Max Total Time": 1.419, "Actual Total Rows": 400, "Index Cond": "(movie_id = at.movie_id)", "Rows Removed by Index Recheck": 0}]}, {"Node Type": "Index Scan", "Parent Relationship": "Inner", "Scan Direction": "Forward", "Index Name": "company_name_pkey", "Relation Name": "company_name", "Alias": "cn", "Startup Cost": 0.0, "Total Cost": 0.28, "Plan Rows": 1, "Plan Width": 4, "Actual Min Startup Time": 2.184, "Actual Max Startup Time": 2.184, "Actual Min Total Time": 2.184, "Actual Max Total Time": 2.184, "Actual Total Rows": 284, "Index Cond": "(id = mc.company_id)", "Rows Removed by Index Recheck": 0, "Filter": "((country_code)::text = '[us]'::text)", "Rows Removed by Filter": 116}]}, {"Node Type": "Materialize", "Parent Relationship": "Inner", "Startup Cost": 0.0, "Total Cost": 1.04, "Plan Rows": 3, "Plan Width": 4, "Actual Min Startup Time": 0.052, "Actual Max Startup Time": 0.052, "Actual Min Total Time": 0.084, "Actual Max Total Time": 0.084, "Actual Total Rows": 614, "Plans": [{"Node Type": "Seq Scan", "Parent Relationship": "Outer", "Relation Name": "company_type", "Alias": "ct", "Startup Cost": 0.0, "Total Cost": 1.03, "Plan Rows": 3, "Plan Width": 4, "Actual Min Startup Time": 0.01, "Actual Max Startup Time": 0.01, "Actual Min Total Time": 0.011, "Actual Max Total Time": 0.011, "Actual Total Rows": 3}]}]}, {"Node Type": "Index Scan", "Parent Relationship": "Inner", "Scan Direction": "Forward", "Index Name": "title_pkey", "Relation Name": "title", "Alias": "t", "Startup Cost": 0.0, "Total Cost": 0.34, "Plan Rows": 1, "Plan Width": 21, "Actual Min Startup Time": 0.914, "Actual Max Startup Time": 0.914, "Actual Min Total Time": 0.914, "Actual Max Total Time": 0.914, "Actual Total Rows": 119, "Index Cond": "(id = mc.movie_id)", "Rows Removed by Index Recheck": 0, "Filter": "(production_year > 1990)", "Rows Removed by Filter": 0}]}, {"Node Type": "Index Scan", "Parent Relationship": "Inner", "Scan Direction": "Forward", "Index Name": "movie_id_movie_keyword", "Relation Name": "movie_keyword", "Alias": "mk", "Startup Cost": 0.0, "Total Cost": 0.46, "Plan Rows": 8, "Plan Width": 8, "Actual Min Startup Time": 0.931, "Actual Max Startup Time": 0.931, "Actual Min Total Time": 1.519, "Actual Max Total Time": 1.519, "Actual Total Rows": 1140, "Index Cond": "(movie_id = mc.movie_id)", "Rows Removed by Index Recheck": 0}]}, {"Node Type": "Index Only Scan", "Parent Relationship": "Inner", "Scan Direction": "Forward", "Index Name": "keyword_pkey", "Relation Name": "keyword", "Alias": "k", "Startup Cost": 0.0, "Total Cost": 0.27, "Plan Rows": 1, "Plan Width": 4, "Actual Min Startup Time": 3.378, "Actual Max Startup Time": 3.378, "Actual Min Total Time": 3.378, "Actual Max Total Time": 3.378, "Actual Total Rows": 1140, "Index Cond": "(id = mk.keyword_id)", "Rows Removed by Index Recheck": 0, "Heap Fetches": 0}]}]}, "Triggers": [], "Planner Runtime": 327.247, "Total Runtime": 393.671, "Unique SQL Id": 2846462052}}, "(16, 1)": {"explain_plan": {"Plan": {"Node Type": "Aggregate", "Strategy": "Plain", "Startup Cost": 165037.92, "Total Cost": 165037.93, "Plan Rows": 1, "Plan Width": 123, "Plans": [{"Node Type": "Nested Loop", "Parent Relationship": "Outer", "Join Type": "Inner", "Startup Cost": 4841.46, "Total Cost": 165037.25, "Plan Rows": 134, "Plan Width": 59, "Inner Unique": true, "Plans": [{"Node Type": "Nested Loop", "Parent Relationship": "Outer", "Join Type": "Inner", "Startup Cost": 4841.46, "Total Cost": 164999.73, "Plan Rows": 134, "Plan Width": 63, "Inner Unique": false, "Join Filter": "(t.id = mk.movie_id)", "Plans": [{"Node Type": "Nested Loop", "Parent Relationship": "Outer", "Join Type": "Inner", "Startup Cost": 4841.46, "Total Cost": 164990.17, "Plan Rows": 17, "Plan Width": 75, "Inner Unique": true, "Join Filter": "(at.movie_id = t.id)", "Plans": [{"Node Type": "Nested Loop", "Parent Relationship": "Outer", "Join Type": "Inner", "Startup Cost": 4841.46, "Total Cost": 164985.94, "Plan Rows": 12, "Plan Width": 54, "Inner Unique": true, "Plans": [{"Node Type": "Nested Loop", "Parent Relationship": "Outer", "Join Type": "Inner", "Startup Cost": 4841.46, "Total Cost": 164982.58, "Plan Rows": 12, "Plan Width": 58, "Inner Unique": true, "Plans": [{"Node Type": "Nested Loop", "Parent Relationship": "Outer", "Join Type": "Inner", "Startup Cost": 4841.46, "Total Cost": 164976.83, "Plan Rows": 20, "Plan Width": 62, "Inner Unique": false, "Plans": [{"Node Type": "Nested Loop", "Parent Relationship": "Outer", "Join Type": "Inner", "Startup Cost": 4841.46, "Total Cost": 164971.52, "Plan Rows": 9, "Plan Width": 50, "Inner Unique": false, "Plans": [{"Node Type": "Nested Loop", "Parent Relationship": "Outer", "Join Type": "Inner", "Startup Cost": 4841.46, "Total Cost": 164956.1, "Plan Rows": 4, "Plan Width": 46, "Inner Unique": false, "Plans": [{"Node Type": "Index Scan", "Parent Relationship": "Outer", "Scan Direction": "Forward", "Index Name": "info_type_pkey", "Relation Name": "info_type", "Alias": "it1", "Startup Cost": 0.0, "Total Cost": 14.21, "Plan Rows": 1, "Plan Width": 4, "Filter": "((info)::text = 'release dates'::text)"}, {"Node Type": "Bitmap Heap Scan", "Parent Relationship": "Inner", "Relation Name": "movie_info", "Alias": "mi", "Startup Cost": 4841.46, "Total Cost": 164941.85, "Plan Rows": 4, "Plan Width": 50, "Recheck Cond": "(info_type_id = it1.id)", "Filter": "((info IS NOT NULL) AND ((note)::text ~~ '%internet%'::text) AND (((info)::text ~~ 'USA:% 199%'::text) OR ((info)::text ~~ 'USA:% 200%'::text)))", "Plans": [{"Node Type": "Bitmap Index Scan", "Parent Relationship": "Outer", "Index Name": "info_type_id_movie_info", "Startup Cost": 0.0, "Total Cost": 4841.46, "Plan Rows": 212428, "Plan Width": 0, "Index Cond": "(info_type_id = it1.id)"}]}]}, {"Node Type": "Index Only Scan", "Parent Relationship": "Inner", "Scan Direction": "Forward", "Index Name": "movie_id_aka_title", "Relation Name": "aka_title", "Alias": "at", "Startup Cost": 0.0, "Total Cost": 3.82, "Plan Rows": 3, "Plan Width": 4, "Index Cond": "(movie_id = mi.movie_id)"}]}, {"Node Type": "Index Scan", "Parent Relationship": "Inner", "Scan Direction": "Forward", "Index Name": "movie_id_movie_companies", "Relation Name": "movie_companies", "Alias": "mc", "Startup Cost": 0.0, "Total Cost": 0.57, "Plan Rows": 2, "Plan Width": 12, "Index Cond": "(movie_id = at.movie_id)"}]}, {"Node Type": "Index Scan", "Parent Relationship": "Inner", "Scan Direction": "Forward", "Index Name": "company_name_pkey", "Relation Name": "company_name", "Alias": "cn", "Startup Cost": 0.0, "Total Cost": 0.28, "Plan Rows": 1, "Plan Width": 4, "Index Cond": "(id = mc.company_id)", "Filter": "((country_code)::text = '[us]'::text)"}]}, {"Node Type": "Index Only Scan", "Parent Relationship": "Inner", "Scan Direction": "Forward", "Index Name": "company_type_pkey", "Relation Name": "company_type", "Alias": "ct", "Startup Cost": 0.0, "Total Cost": 0.27, "Plan Rows": 1, "Plan Width": 4, "Index Cond": "(id = mc.company_type_id)"}]}, {"Node Type": "Index Scan", "Parent Relationship": "Inner", "Scan Direction": "Forward", "Index Name": "title_pkey", "Relation Name": "title", "Alias": "t", "Startup Cost": 0.0, "Total Cost": 0.34, "Plan Rows": 1, "Plan Width": 21, "Index Cond": "(id = mc.movie_id)", "Filter": "(production_year > 1990)"}]}, {"Node Type": "Index Scan", "Parent Relationship": "Inner", "Scan Direction": "Forward", "Index Name": "movie_id_movie_keyword", "Relation Name": "movie_keyword", "Alias": "mk", "Startup Cost": 0.0, "Total Cost": 0.46, "Plan Rows": 8, "Plan Width": 8, "Index Cond": "(movie_id = mc.movie_id)"}]}, {"Node Type": "Index Only Scan", "Parent Relationship": "Inner", "Scan Direction": "Forward", "Index Name": "keyword_pkey", "Relation Name": "keyword", "Alias": "k", "Startup Cost": 0.0, "Total Cost": 0.27, "Plan Rows": 1, "Plan Width": 4, "Index Cond": "(id = mk.keyword_id)"}]}]}, "Unique SQL Id": 2846462052}, "explain_analyze_plan": null}, "(16, 2)": {"explain_plan": {"Plan": {"Node Type": "Aggregate", "Strategy": "Plain", "Startup Cost": 41619.51, "Total Cost": 41619.52, "Plan Rows": 1, "Plan Width": 123, "Plans": [{"Node Type": "Nested Loop", "Parent Relationship": "Outer", "Join Type": "Inner", "Startup Cost": 5.28, "Total Cost": 41618.84, "Plan Rows": 134, "Plan Width": 59, "Inner Unique": true, "Join Filter": "(at.movie_id = t.id)", "Plans": [{"Node Type": "Nested Loop", "Parent Relationship": "Outer", "Join Type": "Inner", "Startup Cost": 5.01, "Total Cost": 41202.38, "Plan Rows": 97, "Plan Width": 58, "Inner Unique": true, "Plans": [{"Node Type": "Nested Loop", "Parent Relationship": "Outer", "Join Type": "Inner", "Startup Cost": 4.75, "Total Cost": 40787.2, "Plan Rows": 97, "Plan Width": 62, "Inner Unique": false, "Join Filter": "(at.movie_id = mk.movie_id)", "Plans": [{"Node Type": "Nested Loop", "Parent Relationship": "Outer", "Join Type": "Inner", "Startup Cost": 4.42, "Total Cost": 40732.74, "Plan Rows": 12, "Plan Width": 54, "Inner Unique": true, "Join Filter": "(mc.company_type_id = ct.id)", "Plans": [{"Node Type": "Nested Loop", "Parent Relationship": "Outer", "Join Type": "Inner", "Startup Cost": 4.42, "Total Cost": 40731.16, "Plan Rows": 12, "Plan Width": 58, "Inner Unique": true, "Plans": [{"Node Type": "Nested Loop", "Parent Relationship": "Outer", "Join Type": "Inner", "Startup Cost": 4.16, "Total Cost": 40645.5, "Plan Rows": 20, "Plan Width": 62, "Inner Unique": false, "Plans": [{"Node Type": "Nested Loop", "Parent Relationship": "Outer", "Join Type": "Inner", "Startup Cost": 3.79, "Total Cost": 40605.75, "Plan Rows": 9, "Plan Width": 50, "Inner Unique": false, "Plans": [{"Node Type": "Nested Loop", "Parent Relationship": "Outer", "Join Type": "Inner", "Startup Cost": 0.0, "Total Cost": 40543.12, "Plan Rows": 4, "Plan Width": 46, "Inner Unique": false, "Join Filter": "(it1.id = mi.info_type_id)", "Plans": [{"Node Type": "Seq Scan", "Parent Relationship": "Outer", "Relation Name": "info_type", "Alias": "it1", "Startup Cost": 0.0, "Total Cost": 2.4, "Plan Rows": 1, "Plan Width": 4, "Filter": "((info)::text = 'release dates'::text)"}, {"Node Type": "Materialize", "Parent Relationship": "Inner", "Startup Cost": 0.0, "Total Cost": 40538.17, "Plan Rows": 255, "Plan Width": 50, "Plans": [{"Node Type": "Streaming(type: LOCAL GATHER dop: 1/16)", "Parent Relationship": "Outer", "Startup Cost": 0.0, "Total Cost": 40537.53, "Plan Rows": 255, "Plan Width": 50, "Plans": [{"Node Type": "Seq Scan", "Parent Relationship": "Outer", "Relation Name": "movie_info", "Alias": "mi", "Startup Cost": 0.0, "Total Cost": 40532.03, "Plan Rows": 255, "Plan Width": 50, "Filter": "((info IS NOT NULL) AND ((note)::text ~~ '%internet%'::text) AND (((info)::text ~~ 'USA:% 199%'::text) OR ((info)::text ~~ 'USA:% 200%'::text)))"}]}]}]}, {"Node Type": "Bitmap Heap Scan", "Parent Relationship": "Inner", "Relation Name": "aka_title", "Alias": "at", "Startup Cost": 3.79, "Total Cost": 15.63, "Plan Rows": 3, "Plan Width": 4, "Recheck Cond": "(movie_id = mi.movie_id)", "Plans": [{"Node Type": "Bitmap Index Scan", "Parent Relationship": "Outer", "Index Name": "movie_id_aka_title", "Startup Cost": 0.0, "Total Cost": 3.79, "Plan Rows": 3, "Plan Width": 0, "Index Cond": "(movie_id = mi.movie_id)"}]}]}, {"Node Type": "Bitmap Heap Scan", "Parent Relationship": "Inner", "Relation Name": "movie_companies", "Alias": "mc", "Startup Cost": 0.37, "Total Cost": 4.4, "Plan Rows": 2, "Plan Width": 12, "Recheck Cond": "(movie_id = at.movie_id)", "Plans": [{"Node Type": "Bitmap Index Scan", "Parent Relationship": "Outer", "Index Name": "movie_id_movie_companies", "Startup Cost": 0.0, "Total Cost": 0.37, "Plan Rows": 2, "Plan Width": 0, "Index Cond": "(movie_id = at.movie_id)"}]}]}, {"Node Type": "Bitmap Heap Scan", "Parent Relationship": "Inner", "Relation Name": "company_name", "Alias": "cn", "Startup Cost": 0.26, "Total Cost": 4.27, "Plan Rows": 1, "Plan Width": 4, "Recheck Cond": "(id = mc.company_id)", "Filter": "((country_code)::text = '[us]'::text)", "Plans": [{"Node Type": "Bitmap Index Scan", "Parent Relationship": "Outer", "Index Name": "company_name_pkey", "Startup Cost": 0.0, "Total Cost": 0.26, "Plan Rows": 1, "Plan Width": 0, "Index Cond": "(id = mc.company_id)"}]}]}, {"Node Type": "Materialize", "Parent Relationship": "Inner", "Startup Cost": 0.0, "Total Cost": 1.04, "Plan Rows": 3, "Plan Width": 4, "Plans": [{"Node Type": "Seq Scan", "Parent Relationship": "Outer", "Relation Name": "company_type", "Alias": "ct", "Startup Cost": 0.0, "Total Cost": 1.03, "Plan Rows": 3, "Plan Width": 4}]}]}, {"Node Type": "Bitmap Heap Scan", "Parent Relationship": "Inner", "Relation Name": "movie_keyword", "Alias": "mk", "Startup Cost": 0.34, "Total Cost": 4.44, "Plan Rows": 8, "Plan Width": 8, "Recheck Cond": "(movie_id = mc.movie_id)", "Plans": [{"Node Type": "Bitmap Index Scan", "Parent Relationship": "Outer", "Index Name": "movie_id_movie_keyword", "Startup Cost": 0.0, "Total Cost": 0.34, "Plan Rows": 8, "Plan Width": 0, "Index Cond": "(movie_id = mc.movie_id)"}]}]}, {"Node Type": "Bitmap Heap Scan", "Parent Relationship": "Inner", "Relation Name": "keyword", "Alias": "k", "Startup Cost": 0.26, "Total Cost": 4.27, "Plan Rows": 1, "Plan Width": 4, "Recheck Cond": "(id = mk.keyword_id)", "Plans": [{"Node Type": "Bitmap Index Scan", "Parent Relationship": "Outer", "Index Name": "keyword_pkey", "Startup Cost": 0.0, "Total Cost": 0.26, "Plan Rows": 1, "Plan Width": 0, "Index Cond": "(id = mk.keyword_id)"}]}]}, {"Node Type": "Bitmap Heap Scan", "Parent Relationship": "Inner", "Relation Name": "title", "Alias": "t", "Startup Cost": 0.27, "Total Cost": 4.28, "Plan Rows": 1, "Plan Width": 21, "Recheck Cond": "(id = mk.movie_id)", "Filter": "(production_year > 1990)", "Plans": [{"Node Type": "Bitmap Index Scan", "Parent Relationship": "Outer", "Index Name": "title_pkey", "Startup Cost": 0.0, "Total Cost": 0.27, "Plan Rows": 1, "Plan Width": 0, "Index Cond": "(id = mk.movie_id)"}]}]}]}, "Unique SQL Id": 2846462052}, "explain_analyze_plan": {"Plan": {"Node Type": "Aggregate", "Strategy": "Plain", "Startup Cost": 41619.51, "Total Cost": 41619.52, "Plan Rows": 1, "Plan Width": 123, "Actual Min Startup Time": 396.438, "Actual Max Startup Time": 396.438, "Actual Min Total Time": 396.438, "Actual Max Total Time": 396.438, "Actual Total Rows": 1, "Plans": [{"Node Type": "Nested Loop", "Parent Relationship": "Outer", "Join Type": "Inner", "Startup Cost": 5.28, "Total Cost": 41618.84, "Plan Rows": 134, "Plan Width": 59, "Actual Min Startup Time": 362.956, "Actual Max Startup Time": 362.956, "Actual Min Total Time": 395.503, "Actual Max Total Time": 395.503, "Actual Total Rows": 1140, "Inner Unique": true, "Join Filter": "(at.movie_id = t.id)", "Rows Removed by Join Filter": 0, "Plans": [{"Node Type": "Nested Loop", "Parent Relationship": "Outer", "Join Type": "Inner", "Startup Cost": 5.01, "Total Cost": 41202.38, "Plan Rows": 97, "Plan Width": 58, "Actual Min Startup Time": 362.904, "Actual Max Startup Time": 362.904, "Actual Min Total Time": 388.993, "Actual Max Total Time": 388.993, "Actual Total Rows": 1140, "Inner Unique": true, "Plans": [{"Node Type": "Nested Loop", "Parent Relationship": "Outer", "Join Type": "Inner", "Startup Cost": 4.75, "Total Cost": 40787.2, "Plan Rows": 97, "Plan Width": 62, "Actual Min Startup Time": 362.874, "Actual Max Startup Time": 362.874, "Actual Min Total Time": 381.445, "Actual Max Total Time": 381.445, "Actual Total Rows": 1140, "Inner Unique": false, "Join Filter": "(at.movie_id = mk.movie_id)", "Rows Removed by Join Filter": 0, "Plans": [{"Node Type": "Nested Loop", "Parent Relationship": "Outer", "Join Type": "Inner", "Startup Cost": 4.42, "Total Cost": 40732.74, "Plan Rows": 12, "Plan Width": 54, "Actual Min Startup Time": 362.829, "Actual Max Startup Time": 362.829, "Actual Min Total Time": 379.4, "Actual Max Total Time": 379.4, "Actual Total Rows": 119, "Inner Unique": true, "Join Filter": "(mc.company_type_id = ct.id)", "Rows Removed by Join Filter": 495, "Plans": [{"Node Type": "Nested Loop", "Parent Relationship": "Outer", "Join Type": "Inner", "Startup Cost": 4.42, "Total Cost": 40731.16, "Plan Rows": 12, "Plan Width": 58, "Actual Min Startup Time": 362.76, "Actual Max Startup Time": 362.76, "Actual Min Total Time": 379.032, "Actual Max Total Time": 379.032, "Actual Total Rows": 284, "Inner Unique": true, "Plans": [{"Node Type": "Nested Loop", "Parent Relationship": "Outer", "Join Type": "Inner", "Startup Cost": 4.16, "Total Cost": 40645.5, "Plan Rows": 20, "Plan Width": 62, "Actual Min Startup Time": 362.719, "Actual Max Startup Time": 362.719, "Actual Min Total Time": 375.815, "Actual Max Total Time": 375.815, "Actual Total Rows": 400, "Inner Unique": false, "Plans": [{"Node Type": "Nested Loop", "Parent Relationship": "Outer", "Join Type": "Inner", "Startup Cost": 3.79, "Total Cost": 40605.75, "Plan Rows": 9, "Plan Width": 50, "Actual Min Startup Time": 362.675, "Actual Max Startup Time": 362.675, "Actual Min Total Time": 373.754, "Actual Max Total Time": 373.754, "Actual Total Rows": 120, "Inner Unique": false, "Plans": [{"Node Type": "Nested Loop", "Parent Relationship": "Outer", "Join Type": "Inner", "Startup Cost": 0.0, "Total Cost": 40543.12, "Plan Rows": 4, "Plan Width": 46, "Actual Min Startup Time": 362.467, "Actual Max Startup Time": 362.467, "Actual Min Total Time": 363.653, "Actual Max Total Time": 363.653, "Actual Total Rows": 1783, "Inner Unique": false, "Join Filter": "(it1.id = mi.info_type_id)", "Rows Removed by Join Filter": 0, "Plans": [{"Node Type": "Seq Scan", "Parent Relationship": "Outer", "Relation Name": "info_type", "Alias": "it1", "Startup Cost": 0.0, "Total Cost": 2.4, "Plan Rows": 1, "Plan Width": 4, "Actual Min Startup Time": 0.07, "Actual Max Startup Time": 0.07, "Actual Min Total Time": 0.094, "Actual Max Total Time": 0.094, "Actual Total Rows": 1, "Filter": "((info)::text = 'release dates'::text)", "Rows Removed by Filter": 111}, {"Node Type": "Materialize", "Parent Relationship": "Inner", "Startup Cost": 0.0, "Total Cost": 40538.17, "Plan Rows": 255, "Plan Width": 50, "Actual Min Startup Time": 362.371, "Actual Max Startup Time": 362.371, "Actual Min Total Time": 362.679, "Actual Max Total Time": 362.679, "Actual Total Rows": 1784, "Plans": [{"Node Type": "Streaming(type: LOCAL GATHER dop: 1/16)", "Parent Relationship": "Outer", "Startup Cost": 0.0, "Total Cost": 40537.53, "Plan Rows": 255, "Plan Width": 50, "Actual Min Startup Time": 168.051, "Actual Max Startup Time": 168.051, "Actual Min Total Time": 361.952, "Actual Max Total Time": 361.952, "Actual Total Rows": 1783, "Plans": [{"Node Type": "Seq Scan", "Parent Relationship": "Outer", "Relation Name": "movie_info", "Alias": "mi", "Startup Cost": 0.0, "Total Cost": 40532.03, "Plan Rows": 255, "Plan Width": 50, "Actual Min Startup Time": 85.863, "Actual Max Startup Time": 94.157, "Actual Min Total Time": 321.055, "Actual Max Total Time": 332.739, "Actual Total Rows": 1783, "Filter": "((info IS NOT NULL) AND ((note)::text ~~ '%internet%'::text) AND (((info)::text ~~ 'USA:% 199%'::text) OR ((info)::text ~~ 'USA:% 200%'::text)))", "Rows Removed by Filter": 14833936}]}]}]}, {"Node Type": "Bitmap Heap Scan", "Parent Relationship": "Inner", "Relation Name": "aka_title", "Alias": "at", "Startup Cost": 3.79, "Total Cost": 15.63, "Plan Rows": 3, "Plan Width": 4, "Actual Min Startup Time": 8.07, "Actual Max Startup Time": 8.07, "Actual Min Total Time": 8.207, "Actual Max Total Time": 8.207, "Actual Total Rows": 120, "Recheck Cond": "(movie_id = mi.movie_id)", "Rows Removed by Index Recheck": 0, "Exact Heap Blocks": 120, "Lossy Heap Blocks": 120, "Plans": [{"Node Type": "Bitmap Index Scan", "Parent Relationship": "Outer", "Index Name": "movie_id_aka_title", "Startup Cost": 0.0, "Total Cost": 3.79, "Plan Rows": 3, "Plan Width": 0, "Actual Min Startup Time": 6.942, "Actual Max Startup Time": 6.942, "Actual Min Total Time": 6.942, "Actual Max Total Time": 6.942, "Actual Total Rows": 120, "Index Cond": "(movie_id = mi.movie_id)"}]}]}, {"Node Type": "Bitmap Heap Scan", "Parent Relationship": "Inner", "Relation Name": "movie_companies", "Alias": "mc", "Startup Cost": 0.37, "Total Cost": 4.4, "Plan Rows": 2, "Plan Width": 12, "Actual Min Startup Time": 1.423, "Actual Max Startup Time": 1.423, "Actual Min Total Time": 1.743, "Actual Max Total Time": 1.743, "Actual Total Rows": 400, "Recheck Cond": "(movie_id = at.movie_id)", "Rows Removed by Index Recheck": 0, "Exact Heap Blocks": 214, "Lossy Heap Blocks": 214, "Plans": [{"Node Type": "Bitmap Index Scan", "Parent Relationship": "Outer", "Index Name": "movie_id_movie_companies", "Startup Cost": 0.0, "Total Cost": 0.37, "Plan Rows": 2, "Plan Width": 0, "Actual Min Startup Time": 0.896, "Actual Max Startup Time": 0.896, "Actual Min Total Time": 0.896, "Actual Max Total Time": 0.896, "Actual Total Rows": 400, "Index Cond": "(movie_id = at.movie_id)"}]}]}, {"Node Type": "Bitmap Heap Scan", "Parent Relationship": "Inner", "Relation Name": "company_name", "Alias": "cn", "Startup Cost": 0.26, "Total Cost": 4.27, "Plan Rows": 1, "Plan Width": 4, "Actual Min Startup Time": 2.657, "Actual Max Startup Time": 2.657, "Actual Min Total Time": 2.657, "Actual Max Total Time": 2.657, "Actual Total Rows": 284, "Recheck Cond": "(id = mc.company_id)", "Rows Removed by Index Recheck": 0, "Filter": "((country_code)::text = '[us]'::text)", "Rows Removed by Filter": 116, "Exact Heap Blocks": 400, "Lossy Heap Blocks": 400, "Plans": [{"Node Type": "Bitmap Index Scan", "Parent Relationship": "Outer", "Index Name": "company_name_pkey", "Startup Cost": 0.0, "Total Cost": 0.26, "Plan Rows": 1, "Plan Width": 0, "Actual Min Startup Time": 1.482, "Actual Max Startup Time": 1.482, "Actual Min Total Time": 1.482, "Actual Max Total Time": 1.482, "Actual Total Rows": 400, "Index Cond": "(id = mc.company_id)"}]}]}, {"Node Type": "Materialize", "Parent Relationship": "Inner", "Startup Cost": 0.0, "Total Cost": 1.04, "Plan Rows": 3, "Plan Width": 4, "Actual Min Startup Time": 0.069, "Actual Max Startup Time": 0.069, "Actual Min Total Time": 0.117, "Actual Max Total Time": 0.117, "Actual Total Rows": 614, "Plans": [{"Node Type": "Seq Scan", "Parent Relationship": "Outer", "Relation Name": "company_type", "Alias": "ct", "Startup Cost": 0.0, "Total Cost": 1.03, "Plan Rows": 3, "Plan Width": 4, "Actual Min Startup Time": 0.01, "Actual Max Startup Time": 0.01, "Actual Min Total Time": 0.012, "Actual Max Total Time": 0.012, "Actual Total Rows": 3}]}]}, {"Node Type": "Bitmap Heap Scan", "Parent Relationship": "Inner", "Relation Name": "movie_keyword", "Alias": "mk", "Startup Cost": 0.34, "Total Cost": 4.44, "Plan Rows": 8, "Plan Width": 8, "Actual Min Startup Time": 1.224, "Actual Max Startup Time": 1.224, "Actual Min Total Time": 1.426, "Actual Max Total Time": 1.426, "Actual Total Rows": 1140, "Recheck Cond": "(movie_id = mc.movie_id)", "Rows Removed by Index Recheck": 0, "Exact Heap Blocks": 91, "Lossy Heap Blocks": 91, "Plans": [{"Node Type": "Bitmap Index Scan", "Parent Relationship": "Outer", "Index Name": "movie_id_movie_keyword", "Startup Cost": 0.0, "Total Cost": 0.34, "Plan Rows": 8, "Plan Width": 0, "Actual Min Startup Time": 0.819, "Actual Max Startup Time": 0.819, "Actual Min Total Time": 0.819, "Actual Max Total Time": 0.819, "Actual Total Rows": 1140, "Index Cond": "(movie_id = mc.movie_id)"}]}]}, {"Node Type": "Bitmap Heap Scan", "Parent Relationship": "Inner", "Relation Name": "keyword", "Alias": "k", "Startup Cost": 0.26, "Total Cost": 4.27, "Plan Rows": 1, "Plan Width": 4, "Actual Min Startup Time": 5.984, "Actual Max Startup Time": 5.984, "Actual Min Total Time": 5.984, "Actual Max Total Time": 5.984, "Actual Total Rows": 1140, "Recheck Cond": "(id = mk.keyword_id)", "Rows Removed by Index Recheck": 0, "Exact Heap Blocks": 1140, "Lossy Heap Blocks": 1140, "Plans": [{"Node Type": "Bitmap Index Scan", "Parent Relationship": "Outer", "Index Name": "keyword_pkey", "Startup Cost": 0.0, "Total Cost": 0.26, "Plan Rows": 1, "Plan Width": 0, "Actual Min Startup Time": 3.695, "Actual Max Startup Time": 3.695, "Actual Min Total Time": 3.695, "Actual Max Total Time": 3.695, "Actual Total Rows": 1140, "Index Cond": "(id = mk.keyword_id)"}]}]}, {"Node Type": "Bitmap Heap Scan", "Parent Relationship": "Inner", "Relation Name": "title", "Alias": "t", "Startup Cost": 0.27, "Total Cost": 4.28, "Plan Rows": 1, "Plan Width": 21, "Actual Min Startup Time": 4.896, "Actual Max Startup Time": 4.896, "Actual Min Total Time": 4.896, "Actual Max Total Time": 4.896, "Actual Total Rows": 1140, "Recheck Cond": "(id = mk.movie_id)", "Rows Removed by Index Recheck": 0, "Filter": "(production_year > 1990)", "Rows Removed by Filter": 0, "Exact Heap Blocks": 1140, "Lossy Heap Blocks": 1140, "Plans": [{"Node Type": "Bitmap Index Scan", "Parent Relationship": "Outer", "Index Name": "title_pkey", "Startup Cost": 0.0, "Total Cost": 0.27, "Plan Rows": 1, "Plan Width": 0, "Actual Min Startup Time": 2.954, "Actual Max Startup Time": 2.954, "Actual Min Total Time": 2.954, "Actual Max Total Time": 2.954, "Actual Total Rows": 1140, "Index Cond": "(id = mk.movie_id)"}]}]}]}, "Triggers": [], "Planner Runtime": 383.996, "Total Runtime": 400.04, "Unique SQL Id": 2846462052}}, "(16, 3)": {"explain_plan": {"Plan": {"Node Type": "Aggregate", "Strategy": "Plain", "Startup Cost": 166082.29, "Total Cost": 166082.3, "Plan Rows": 1, "Plan Width": 123, "Plans": [{"Node Type": "Nested Loop", "Parent Relationship": "Outer", "Join Type": "Inner", "Startup Cost": 4855.81, "Total Cost": 166081.62, "Plan Rows": 134, "Plan Width": 59, "Inner Unique": true, "Join Filter": "(at.movie_id = t.id)", "Plans": [{"Node Type": "Nested Loop", "Parent Relationship": "Outer", "Join Type": "Inner", "Startup Cost": 4855.54, "Total Cost": 165665.15, "Plan Rows": 97, "Plan Width": 58, "Inner Unique": true, "Plans": [{"Node Type": "Nested Loop", "Parent Relationship": "Outer", "Join Type": "Inner", "Startup Cost": 4855.28, "Total Cost": 165249.97, "Plan Rows": 97, "Plan Width": 62, "Inner Unique": false, "Join Filter": "(at.movie_id = mk.movie_id)", "Plans": [{"Node Type": "Nested Loop", "Parent Relationship": "Outer", "Join Type": "Inner", "Startup Cost": 4854.95, "Total Cost": 165195.51, "Plan Rows": 12, "Plan Width": 54, "Inner Unique": true, "Plans": [{"Node Type": "Nested Loop", "Parent Relationship": "Outer", "Join Type": "Inner", "Startup Cost": 4854.69, "Total Cost": 165144.15, "Plan Rows": 12, "Plan Width": 58, "Inner Unique": true, "Plans": [{"Node Type": "Nested Loop", "Parent Relationship": "Outer", "Join Type": "Inner", "Startup Cost": 4854.43, "Total Cost": 165058.48, "Plan Rows": 20, "Plan Width": 62, "Inner Unique": false, "Plans": [{"Node Type": "Nested Loop", "Parent Relationship": "Outer", "Join Type": "Inner", "Startup Cost": 4854.06, "Total Cost": 165018.73, "Plan Rows": 9, "Plan Width": 50, "Inner Unique": false, "Plans": [{"Node Type": "Nested Loop", "Parent Relationship": "Outer", "Join Type": "Inner", "Startup Cost": 4850.27, "Total Cost": 164956.1, "Plan Rows": 4, "Plan Width": 46, "Inner Unique": false, "Plans": [{"Node Type": "Bitmap Heap Scan", "Parent Relationship": "Outer", "Relation Name": "info_type", "Alias": "it1", "Startup Cost": 8.81, "Total Cost": 14.21, "Plan Rows": 1, "Plan Width": 4, "Filter": "((info)::text = 'release dates'::text)", "Plans": [{"Node Type": "Bitmap Index Scan", "Parent Relationship": "Outer", "Index Name": "info_type_pkey", "Startup Cost": 0.0, "Total Cost": 8.81, "Plan Rows": 112, "Plan Width": 0}]}, {"Node Type": "Bitmap Heap Scan", "Parent Relationship": "Inner", "Relation Name": "movie_info", "Alias": "mi", "Startup Cost": 4841.46, "Total Cost": 164941.85, "Plan Rows": 4, "Plan Width": 50, "Recheck Cond": "(info_type_id = it1.id)", "Filter": "((info IS NOT NULL) AND ((note)::text ~~ '%internet%'::text) AND (((info)::text ~~ 'USA:% 199%'::text) OR ((info)::text ~~ 'USA:% 200%'::text)))", "Plans": [{"Node Type": "Bitmap Index Scan", "Parent Relationship": "Outer", "Index Name": "info_type_id_movie_info", "Startup Cost": 0.0, "Total Cost": 4841.46, "Plan Rows": 212428, "Plan Width": 0, "Index Cond": "(info_type_id = it1.id)"}]}]}, {"Node Type": "Bitmap Heap Scan", "Parent Relationship": "Inner", "Relation Name": "aka_title", "Alias": "at", "Startup Cost": 3.79, "Total Cost": 15.63, "Plan Rows": 3, "Plan Width": 4, "Recheck Cond": "(movie_id = mi.movie_id)", "Plans": [{"Node Type": "Bitmap Index Scan", "Parent Relationship": "Outer", "Index Name": "movie_id_aka_title", "Startup Cost": 0.0, "Total Cost": 3.79, "Plan Rows": 3, "Plan Width": 0, "Index Cond": "(movie_id = mi.movie_id)"}]}]}, {"Node Type": "Bitmap Heap Scan", "Parent Relationship": "Inner", "Relation Name": "movie_companies", "Alias": "mc", "Startup Cost": 0.37, "Total Cost": 4.4, "Plan Rows": 2, "Plan Width": 12, "Recheck Cond": "(movie_id = at.movie_id)", "Plans": [{"Node Type": "Bitmap Index Scan", "Parent Relationship": "Outer", "Index Name": "movie_id_movie_companies", "Startup Cost": 0.0, "Total Cost": 0.37, "Plan Rows": 2, "Plan Width": 0, "Index Cond": "(movie_id = at.movie_id)"}]}]}, {"Node Type": "Bitmap Heap Scan", "Parent Relationship": "Inner", "Relation Name": "company_name", "Alias": "cn", "Startup Cost": 0.26, "Total Cost": 4.27, "Plan Rows": 1, "Plan Width": 4, "Recheck Cond": "(id = mc.company_id)", "Filter": "((country_code)::text = '[us]'::text)", "Plans": [{"Node Type": "Bitmap Index Scan", "Parent Relationship": "Outer", "Index Name": "company_name_pkey", "Startup Cost": 0.0, "Total Cost": 0.26, "Plan Rows": 1, "Plan Width": 0, "Index Cond": "(id = mc.company_id)"}]}]}, {"Node Type": "Bitmap Heap Scan", "Parent Relationship": "Inner", "Relation Name": "company_type", "Alias": "ct", "Startup Cost": 0.26, "Total Cost": 4.27, "Plan Rows": 1, "Plan Width": 4, "Recheck Cond": "(id = mc.company_type_id)", "Plans": [{"Node Type": "Bitmap Index Scan", "Parent Relationship": "Outer", "Index Name": "company_type_pkey", "Startup Cost": 0.0, "Total Cost": 0.26, "Plan Rows": 1, "Plan Width": 0, "Index Cond": "(id = mc.company_type_id)"}]}]}, {"Node Type": "Bitmap Heap Scan", "Parent Relationship": "Inner", "Relation Name": "movie_keyword", "Alias": "mk", "Startup Cost": 0.34, "Total Cost": 4.44, "Plan Rows": 8, "Plan Width": 8, "Recheck Cond": "(movie_id = mc.movie_id)", "Plans": [{"Node Type": "Bitmap Index Scan", "Parent Relationship": "Outer", "Index Name": "movie_id_movie_keyword", "Startup Cost": 0.0, "Total Cost": 0.34, "Plan Rows": 8, "Plan Width": 0, "Index Cond": "(movie_id = mc.movie_id)"}]}]}, {"Node Type": "Bitmap Heap Scan", "Parent Relationship": "Inner", "Relation Name": "keyword", "Alias": "k", "Startup Cost": 0.26, "Total Cost": 4.27, "Plan Rows": 1, "Plan Width": 4, "Recheck Cond": "(id = mk.keyword_id)", "Plans": [{"Node Type": "Bitmap Index Scan", "Parent Relationship": "Outer", "Index Name": "keyword_pkey", "Startup Cost": 0.0, "Total Cost": 0.26, "Plan Rows": 1, "Plan Width": 0, "Index Cond": "(id = mk.keyword_id)"}]}]}, {"Node Type": "Bitmap Heap Scan", "Parent Relationship": "Inner", "Relation Name": "title", "Alias": "t", "Startup Cost": 0.27, "Total Cost": 4.28, "Plan Rows": 1, "Plan Width": 21, "Recheck Cond": "(id = mk.movie_id)", "Filter": "(production_year > 1990)", "Plans": [{"Node Type": "Bitmap Index Scan", "Parent Relationship": "Outer", "Index Name": "title_pkey", "Startup Cost": 0.0, "Total Cost": 0.27, "Plan Rows": 1, "Plan Width": 0, "Index Cond": "(id = mk.movie_id)"}]}]}]}, "Unique SQL Id": 2846462052}, "explain_analyze_plan": null}, "(16, 4)": {"explain_plan": {"Plan": {"Node Type": "Aggregate", "Strategy": "Plain", "Startup Cost": 40634.41, "Total Cost": 40634.42, "Plan Rows": 1, "Plan Width": 123, "Plans": [{"Node Type": "Nested Loop", "Parent Relationship": "Outer", "Join Type": "Inner", "Startup Cost": 0.0, "Total Cost": 40633.74, "Plan Rows": 134, "Plan Width": 59, "Inner Unique": true, "Plans": [{"Node Type": "Nested Loop", "Parent Relationship": "Outer", "Join Type": "Inner", "Startup Cost": 0.0, "Total Cost": 40596.13, "Plan Rows": 134, "Plan Width": 63, "Inner Unique": false, "Join Filter": "(t.id = mk.movie_id)", "Plans": [{"Node Type": "Nested Loop", "Parent Relationship": "Outer", "Join Type": "Inner", "Startup Cost": 0.0, "Total Cost": 40586.57, "Plan Rows": 17, "Plan Width": 75, "Inner Unique": false, "Plans": [{"Node Type": "Nested Loop", "Parent Relationship": "Outer", "Join Type": "Inner", "Startup Cost": 0.0, "Total Cost": 40583.01, "Plan Rows": 10, "Plan Width": 71, "Inner Unique": true, "Plans": [{"Node Type": "Nested Loop", "Parent Relationship": "Outer", "Join Type": "Inner", "Startup Cost": 0.0, "Total Cost": 40579.84, "Plan Rows": 11, "Plan Width": 75, "Inner Unique": true, "Join Filter": "(mc.company_type_id = ct.id)", "Plans": [{"Node Type": "Nested Loop", "Parent Relationship": "Outer", "Join Type": "Inner", "Startup Cost": 0.0, "Total Cost": 40578.27, "Plan Rows": 12, "Plan Width": 79, "Inner Unique": false, "Plans": [{"Node Type": "Nested Loop", "Parent Relationship": "Outer", "Join Type": "Inner", "Startup Cost": 0.0, "Total Cost": 40576.06, "Plan Rows": 6, "Plan Width": 67, "Inner Unique": true, "Plans": [{"Node Type": "Nested Loop", "Parent Relationship": "Outer", "Join Type": "Inner", "Startup Cost": 0.0, "Total Cost": 40543.12, "Plan Rows": 4, "Plan Width": 46, "Inner Unique": false, "Join Filter": "(it1.id = mi.info_type_id)", "Plans": [{"Node Type": "Seq Scan", "Parent Relationship": "Outer", "Relation Name": "info_type", "Alias": "it1", "Startup Cost": 0.0, "Total Cost": 2.4, "Plan Rows": 1, "Plan Width": 4, "Filter": "((info)::text = 'release dates'::text)"}, {"Node Type": "Materialize", "Parent Relationship": "Inner", "Startup Cost": 0.0, "Total Cost": 40538.17, "Plan Rows": 255, "Plan Width": 50, "Plans": [{"Node Type": "Streaming(type: LOCAL GATHER dop: 1/16)", "Parent Relationship": "Outer", "Startup Cost": 0.0, "Total Cost": 40537.53, "Plan Rows": 255, "Plan Width": 50, "Plans": [{"Node Type": "Seq Scan", "Parent Relationship": "Outer", "Relation Name": "movie_info", "Alias": "mi", "Startup Cost": 0.0, "Total Cost": 40532.03, "Plan Rows": 255, "Plan Width": 50, "Filter": "((info IS NOT NULL) AND ((note)::text ~~ '%internet%'::text) AND (((info)::text ~~ 'USA:% 199%'::text) OR ((info)::text ~~ 'USA:% 200%'::text)))"}]}]}]}, {"Node Type": "Index Scan", "Parent Relationship": "Inner", "Scan Direction": "Forward", "Index Name": "title_pkey", "Relation Name": "title", "Alias": "t", "Startup Cost": 0.0, "Total Cost": 8.23, "Plan Rows": 1, "Plan Width": 21, "Index Cond": "(id = mi.movie_id)", "Filter": "(production_year > 1990)"}]}, {"Node Type": "Index Scan", "Parent Relationship": "Inner", "Scan Direction": "Forward", "Index Name": "movie_id_movie_companies", "Relation Name": "movie_companies", "Alias": "mc", "Startup Cost": 0.0, "Total Cost": 0.35, "Plan Rows": 2, "Plan Width": 12, "Index Cond": "(movie_id = t.id)"}]}, {"Node Type": "Materialize", "Parent Relationship": "Inner", "Startup Cost": 0.0, "Total Cost": 1.04, "Plan Rows": 3, "Plan Width": 4, "Plans": [{"Node Type": "Seq Scan", "Parent Relationship": "Outer", "Relation Name": "company_type", "Alias": "ct", "Startup Cost": 0.0, "Total Cost": 1.03, "Plan Rows": 3, "Plan Width": 4}]}]}, {"Node Type": "Index Scan", "Parent Relationship": "Inner", "Scan Direction": "Forward", "Index Name": "company_name_pkey", "Relation Name": "company_name", "Alias": "cn", "Startup Cost": 0.0, "Total Cost": 0.28, "Plan Rows": 1, "Plan Width": 4, "Index Cond": "(id = mc.company_id)", "Filter": "((country_code)::text = '[us]'::text)"}]}, {"Node Type": "Index Scan", "Parent Relationship": "Inner", "Scan Direction": "Forward", "Index Name": "movie_id_aka_title", "Relation Name": "aka_title", "Alias": "at", "Startup Cost": 0.0, "Total Cost": 0.33, "Plan Rows": 3, "Plan Width": 4, "Index Cond": "(movie_id = t.id)"}]}, {"Node Type": "Index Scan", "Parent Relationship": "Inner", "Scan Direction": "Forward", "Index Name": "movie_id_movie_keyword", "Relation Name": "movie_keyword", "Alias": "mk", "Startup Cost": 0.0, "Total Cost": 0.46, "Plan Rows": 8, "Plan Width": 8, "Index Cond": "(movie_id = mc.movie_id)"}]}, {"Node Type": "Index Scan", "Parent Relationship": "Inner", "Scan Direction": "Forward", "Index Name": "keyword_pkey", "Relation Name": "keyword", "Alias": "k", "Startup Cost": 0.0, "Total Cost": 0.27, "Plan Rows": 1, "Plan Width": 4, "Index Cond": "(id = mk.keyword_id)"}]}]}, "Unique SQL Id": 2846462052}, "explain_analyze_plan": {"Plan": {"Node Type": "Aggregate", "Strategy": "Plain", "Startup Cost": 40634.41, "Total Cost": 40634.42, "Plan Rows": 1, "Plan Width": 123, "Actual Min Startup Time": 434.003, "Actual Max Startup Time": 434.003, "Actual Min Total Time": 434.003, "Actual Max Total Time": 434.003, "Actual Total Rows": 1, "Plans": [{"Node Type": "Nested Loop", "Parent Relationship": "Outer", "Join Type": "Inner", "Startup Cost": 0.0, "Total Cost": 40633.74, "Plan Rows": 134, "Plan Width": 59, "Actual Min Startup Time": 371.209, "Actual Max Startup Time": 371.209, "Actual Min Total Time": 433.203, "Actual Max Total Time": 433.203, "Actual Total Rows": 1140, "Inner Unique": true, "Plans": [{"Node Type": "Nested Loop", "Parent Relationship": "Outer", "Join Type": "Inner", "Startup Cost": 0.0, "Total Cost": 40596.13, "Plan Rows": 134, "Plan Width": 63, "Actual Min Startup Time": 371.182, "Actual Max Startup Time": 371.182, "Actual Min Total Time": 427.563, "Actual Max Total Time": 427.563, "Actual Total Rows": 1140, "Inner Unique": false, "Join Filter": "(t.id = mk.movie_id)", "Rows Removed by Join Filter": 0, "Plans": [{"Node Type": "Nested Loop", "Parent Relationship": "Outer", "Join Type": "Inner", "Startup Cost": 0.0, "Total Cost": 40586.57, "Plan Rows": 17, "Plan Width": 75, "Actual Min Startup Time": 371.148, "Actual Max Startup Time": 371.148, "Actual Min Total Time": 425.597, "Actual Max Total Time": 425.597, "Actual Total Rows": 119, "Inner Unique": false, "Plans": [{"Node Type": "Nested Loop", "Parent Relationship": "Outer", "Join Type": "Inner", "Startup Cost": 0.0, "Total Cost": 40583.01, "Plan Rows": 10, "Plan Width": 71, "Actual Min Startup Time": 370.6, "Actual Max Startup Time": 370.6, "Actual Min Total Time": 418.562, "Actual Max Total Time": 418.562, "Actual Total Rows": 1488, "Inner Unique": true, "Plans": [{"Node Type": "Nested Loop", "Parent Relationship": "Outer", "Join Type": "Inner", "Startup Cost": 0.0, "Total Cost": 40579.84, "Plan Rows": 11, "Plan Width": 75, "Actual Min Startup Time": 370.556, "Actual Max Startup Time": 370.556, "Actual Min Total Time": 407.501, "Actual Max Total Time": 407.501, "Actual Total Rows": 1599, "Inner Unique": true, "Join Filter": "(mc.company_type_id = ct.id)", "Rows Removed by Join Filter": 3855, "Plans": [{"Node Type": "Nested Loop", "Parent Relationship": "Outer", "Join Type": "Inner", "Startup Cost": 0.0, "Total Cost": 40578.27, "Plan Rows": 12, "Plan Width": 79, "Actual Min Startup Time": 370.519, "Actual Max Startup Time": 370.519, "Actual Min Total Time": 404.953, "Actual Max Total Time": 404.953, "Actual Total Rows": 2884, "Inner Unique": false, "Plans": [{"Node Type": "Nested Loop", "Parent Relationship": "Outer", "Join Type": "Inner", "Startup Cost": 0.0, "Total Cost": 40576.06, "Plan Rows": 6, "Plan Width": 67, "Actual Min Startup Time": 370.492, "Actual Max Startup Time": 370.492, "Actual Min Total Time": 387.489, "Actual Max Total Time": 387.489, "Actual Total Rows": 1782, "Inner Unique": true, "Plans": [{"Node Type": "Nested Loop", "Parent Relationship": "Outer", "Join Type": "Inner", "Startup Cost": 0.0, "Total Cost": 40543.12, "Plan Rows": 4, "Plan Width": 46, "Actual Min Startup Time": 370.444, "Actual Max Startup Time": 370.444, "Actual Min Total Time": 371.648, "Actual Max Total Time": 371.648, "Actual Total Rows": 1783, "Inner Unique": false, "Join Filter": "(it1.id = mi.info_type_id)", "Rows Removed by Join Filter": 0, "Plans": [{"Node Type": "Seq Scan", "Parent Relationship": "Outer", "Relation Name": "info_type", "Alias": "it1", "Startup Cost": 0.0, "Total Cost": 2.4, "Plan Rows": 1, "Plan Width": 4, "Actual Min Startup Time": 0.077, "Actual Max Startup Time": 0.077, "Actual Min Total Time": 0.103, "Actual Max Total Time": 0.103, "Actual Total Rows": 1, "Filter": "((info)::text = 'release dates'::text)", "Rows Removed by Filter": 111}, {"Node Type": "Materialize", "Parent Relationship": "Inner", "Startup Cost": 0.0, "Total Cost": 40538.17, "Plan Rows": 255, "Plan Width": 50, "Actual Min Startup Time": 370.342, "Actual Max Startup Time": 370.342, "Actual Min Total Time": 370.697, "Actual Max Total Time": 370.697, "Actual Total Rows": 1784, "Plans": [{"Node Type": "Streaming(type: LOCAL GATHER dop: 1/16)", "Parent Relationship": "Outer", "Startup Cost": 0.0, "Total Cost": 40537.53, "Plan Rows": 255, "Plan Width": 50, "Actual Min Startup Time": 178.955, "Actual Max Startup Time": 178.955, "Actual Min Total Time": 369.947, "Actual Max Total Time": 369.947, "Actual Total Rows": 1783, "Plans": [{"Node Type": "Seq Scan", "Parent Relationship": "Outer", "Relation Name": "movie_info", "Alias": "mi", "Startup Cost": 0.0, "Total Cost": 40532.03, "Plan Rows": 255, "Plan Width": 50, "Actual Min Startup Time": 82.571, "Actual Max Startup Time": 94.028, "Actual Min Total Time": 298.766, "Actual Max Total Time": 331.696, "Actual Total Rows": 1783, "Filter": "((info IS NOT NULL) AND ((note)::text ~~ '%internet%'::text) AND (((info)::text ~~ 'USA:% 199%'::text) OR ((info)::text ~~ 'USA:% 200%'::text)))", "Rows Removed by Filter": 14833936}]}]}]}, {"Node Type": "Index Scan", "Parent Relationship": "Inner", "Scan Direction": "Forward", "Index Name": "title_pkey", "Relation Name": "title", "Alias": "t", "Startup Cost": 0.0, "Total Cost": 8.23, "Plan Rows": 1, "Plan Width": 21, "Actual Min Startup Time": 14.414, "Actual Max Startup Time": 14.414, "Actual Min Total Time": 14.414, "Actual Max Total Time": 14.414, "Actual Total Rows": 1782, "Index Cond": "(id = mi.movie_id)", "Rows Removed by Index Recheck": 0, "Filter": "(production_year > 1990)", "Rows Removed by Filter": 1}]}, {"Node Type": "Index Scan", "Parent Relationship": "Inner", "Scan Direction": "Forward", "Index Name": "movie_id_movie_companies", "Relation Name": "movie_companies", "Alias": "mc", "Startup Cost": 0.0, "Total Cost": 0.35, "Plan Rows": 2, "Plan Width": 12, "Actual Min Startup Time": 12.832, "Actual Max Startup Time": 12.832, "Actual Min Total Time": 15.877, "Actual Max Total Time": 15.877, "Actual Total Rows": 2884, "Index Cond": "(movie_id = t.id)", "Rows Removed by Index Recheck": 0}]}, {"Node Type": "Materialize", "Parent Relationship": "Inner", "Startup Cost": 0.0, "Total Cost": 1.04, "Plan Rows": 3, "Plan Width": 4, "Actual Min Startup Time": 0.275, "Actual Max Startup Time": 0.275, "Actual Min Total Time": 0.652, "Actual Max Total Time": 0.652, "Actual Total Rows": 5454, "Plans": [{"Node Type": "Seq Scan", "Parent Relationship": "Outer", "Relation Name": "company_type", "Alias": "ct", "Startup Cost": 0.0, "Total Cost": 1.03, "Plan Rows": 3, "Plan Width": 4, "Actual Min Startup Time": 0.009, "Actual Max Startup Time": 0.009, "Actual Min Total Time": 0.012, "Actual Max Total Time": 0.012, "Actual Total Rows": 3}]}]}, {"Node Type": "Index Scan", "Parent Relationship": "Inner", "Scan Direction": "Forward", "Index Name": "company_name_pkey", "Relation Name": "company_name", "Alias": "cn", "Startup Cost": 0.0, "Total Cost": 0.28, "Plan Rows": 1, "Plan Width": 4, "Actual Min Startup Time": 9.734, "Actual Max Startup Time": 9.734, "Actual Min Total Time": 9.734, "Actual Max Total Time": 9.734, "Actual Total Rows": 1488, "Index Cond": "(id = mc.company_id)", "Rows Removed by Index Recheck": 0, "Filter": "((country_code)::text = '[us]'::text)", "Rows Removed by Filter": 111}]}, {"Node Type": "Index Scan", "Parent Relationship": "Inner", "Scan Direction": "Forward", "Index Name": "movie_id_aka_title", "Relation Name": "aka_title", "Alias": "at", "Startup Cost": 0.0, "Total Cost": 0.33, "Plan Rows": 3, "Plan Width": 4, "Actual Min Startup Time": 6.044, "Actual Max Startup Time": 6.044, "Actual Min Total Time": 6.156, "Actual Max Total Time": 6.156, "Actual Total Rows": 119, "Index Cond": "(movie_id = t.id)", "Rows Removed by Index Recheck": 0}]}, {"Node Type": "Index Scan", "Parent Relationship": "Inner", "Scan Direction": "Forward", "Index Name": "movie_id_movie_keyword", "Relation Name": "movie_keyword", "Alias": "mk", "Startup Cost": 0.0, "Total Cost": 0.46, "Plan Rows": 8, "Plan Width": 8, "Actual Min Startup Time": 0.91, "Actual Max Startup Time": 0.91, "Actual Min Total Time": 1.449, "Actual Max Total Time": 1.449, "Actual Total Rows": 1140, "Index Cond": "(movie_id = mc.movie_id)", "Rows Removed by Index Recheck": 0}]}, {"Node Type": "Index Scan", "Parent Relationship": "Inner", "Scan Direction": "Forward", "Index Name": "keyword_pkey", "Relation Name": "keyword", "Alias": "k", "Startup Cost": 0.0, "Total Cost": 0.27, "Plan Rows": 1, "Plan Width": 4, "Actual Min Startup Time": 4.767, "Actual Max Startup Time": 4.767, "Actual Min Total Time": 4.767, "Actual Max Total Time": 4.767, "Actual Total Rows": 1140, "Index Cond": "(id = mk.keyword_id)", "Rows Removed by Index Recheck": 0}]}]}, "Triggers": [], "Planner Runtime": 313.711, "Total Runtime": 437.36, "Unique SQL Id": 2846462052}}, "(16, 5)": {"explain_plan": {"Plan": {"Node Type": "Aggregate", "Strategy": "Plain", "Startup Cost": 165048.91, "Total Cost": 165048.92, "Plan Rows": 1, "Plan Width": 123, "Plans": [{"Node Type": "Nested Loop", "Parent Relationship": "Outer", "Join Type": "Inner", "Startup Cost": 4841.46, "Total Cost": 165048.24, "Plan Rows": 134, "Plan Width": 59, "Inner Unique": true, "Plans": [{"Node Type": "Nested Loop", "Parent Relationship": "Outer", "Join Type": "Inner", "Startup Cost": 4841.46, "Total Cost": 165010.63, "Plan Rows": 134, "Plan Width": 63, "Inner Unique": false, "Join Filter": "(t.id = mk.movie_id)", "Plans": [{"Node Type": "Nested Loop", "Parent Relationship": "Outer", "Join Type": "Inner", "Startup Cost": 4841.46, "Total Cost": 165001.07, "Plan Rows": 17, "Plan Width": 75, "Inner Unique": false, "Plans": [{"Node Type": "Nested Loop", "Parent Relationship": "Outer", "Join Type": "Inner", "Startup Cost": 4841.46, "Total Cost": 164997.5, "Plan Rows": 10, "Plan Width": 71, "Inner Unique": true, "Plans": [{"Node Type": "Nested Loop", "Parent Relationship": "Outer", "Join Type": "Inner", "Startup Cost": 4841.46, "Total Cost": 164994.7, "Plan Rows": 10, "Plan Width": 75, "Inner Unique": true, "Plans": [{"Node Type": "Nested Loop", "Parent Relationship": "Outer", "Join Type": "Inner", "Startup Cost": 4841.46, "Total Cost": 164991.25, "Plan Rows": 12, "Plan Width": 79, "Inner Unique": false, "Plans": [{"Node Type": "Nested Loop", "Parent Relationship": "Outer", "Join Type": "Inner", "Startup Cost": 4841.46, "Total Cost": 164989.04, "Plan Rows": 6, "Plan Width": 67, "Inner Unique": true, "Plans": [{"Node Type": "Nested Loop", "Parent Relationship": "Outer", "Join Type": "Inner", "Startup Cost": 4841.46, "Total Cost": 164956.1, "Plan Rows": 4, "Plan Width": 46, "Inner Unique": false, "Plans": [{"Node Type": "Index Scan", "Parent Relationship": "Outer", "Scan Direction": "Forward", "Index Name": "info_type_pkey", "Relation Name": "info_type", "Alias": "it1", "Startup Cost": 0.0, "Total Cost": 14.21, "Plan Rows": 1, "Plan Width": 4, "Filter": "((info)::text = 'release dates'::text)"}, {"Node Type": "Bitmap Heap Scan", "Parent Relationship": "Inner", "Relation Name": "movie_info", "Alias": "mi", "Startup Cost": 4841.46, "Total Cost": 164941.85, "Plan Rows": 4, "Plan Width": 50, "Recheck Cond": "(info_type_id = it1.id)", "Filter": "((info IS NOT NULL) AND ((note)::text ~~ '%internet%'::text) AND (((info)::text ~~ 'USA:% 199%'::text) OR ((info)::text ~~ 'USA:% 200%'::text)))", "Plans": [{"Node Type": "Bitmap Index Scan", "Parent Relationship": "Outer", "Index Name": "info_type_id_movie_info", "Startup Cost": 0.0, "Total Cost": 4841.46, "Plan Rows": 212428, "Plan Width": 0, "Index Cond": "(info_type_id = it1.id)"}]}]}, {"Node Type": "Index Scan", "Parent Relationship": "Inner", "Scan Direction": "Forward", "Index Name": "title_pkey", "Relation Name": "title", "Alias": "t", "Startup Cost": 0.0, "Total Cost": 8.23, "Plan Rows": 1, "Plan Width": 21, "Index Cond": "(id = mi.movie_id)", "Filter": "(production_year > 1990)"}]}, {"Node Type": "Index Scan", "Parent Relationship": "Inner", "Scan Direction": "Forward", "Index Name": "movie_id_movie_companies", "Relation Name": "movie_companies", "Alias": "mc", "Startup Cost": 0.0, "Total Cost": 0.35, "Plan Rows": 2, "Plan Width": 12, "Index Cond": "(movie_id = t.id)"}]}, {"Node Type": "Index Scan", "Parent Relationship": "Inner", "Scan Direction": "Forward", "Index Name": "company_name_pkey", "Relation Name": "company_name", "Alias": "cn", "Startup Cost": 0.0, "Total Cost": 0.28, "Plan Rows": 1, "Plan Width": 4, "Index Cond": "(id = mc.company_id)", "Filter": "((country_code)::text = '[us]'::text)"}]}, {"Node Type": "Index Scan", "Parent Relationship": "Inner", "Scan Direction": "Forward", "Index Name": "company_type_pkey", "Relation Name": "company_type", "Alias": "ct", "Startup Cost": 0.0, "Total Cost": 0.27, "Plan Rows": 1, "Plan Width": 4, "Index Cond": "(id = mc.company_type_id)"}]}, {"Node Type": "Index Scan", "Parent Relationship": "Inner", "Scan Direction": "Forward", "Index Name": "movie_id_aka_title", "Relation Name": "aka_title", "Alias": "at", "Startup Cost": 0.0, "Total Cost": 0.33, "Plan Rows": 3, "Plan Width": 4, "Index Cond": "(movie_id = t.id)"}]}, {"Node Type": "Index Scan", "Parent Relationship": "Inner", "Scan Direction": "Forward", "Index Name": "movie_id_movie_keyword", "Relation Name": "movie_keyword", "Alias": "mk", "Startup Cost": 0.0, "Total Cost": 0.46, "Plan Rows": 8, "Plan Width": 8, "Index Cond": "(movie_id = mc.movie_id)"}]}, {"Node Type": "Index Scan", "Parent Relationship": "Inner", "Scan Direction": "Forward", "Index Name": "keyword_pkey", "Relation Name": "keyword", "Alias": "k", "Startup Cost": 0.0, "Total Cost": 0.27, "Plan Rows": 1, "Plan Width": 4, "Index Cond": "(id = mk.keyword_id)"}]}]}, "Unique SQL Id": 2846462052}, "explain_analyze_plan": {"Plan": {"Node Type": "Aggregate", "Strategy": "Plain", "Startup Cost": 165048.91, "Total Cost": 165048.92, "Plan Rows": 1, "Plan Width": 123, "Actual Startup Time": 1702.54, "Actual Total Time": 1702.541, "Actual Rows": 1, "Actual Loops": 1, "Plans": [{"Node Type": "Nested Loop", "Parent Relationship": "Outer", "Join Type": "Inner", "Startup Cost": 4841.46, "Total Cost": 165048.24, "Plan Rows": 134, "Plan Width": 59, "Actual Startup Time": 431.4, "Actual Total Time": 1701.484, "Actual Rows": 1140, "Actual Loops": 1, "Inner Unique": true, "Plans": [{"Node Type": "Nested Loop", "Parent Relationship": "Outer", "Join Type": "Inner", "Startup Cost": 4841.46, "Total Cost": 165010.63, "Plan Rows": 134, "Plan Width": 63, "Actual Startup Time": 431.375, "Actual Total Time": 1695.731, "Actual Rows": 1140, "Actual Loops": 1, "Inner Unique": false, "Join Filter": "(t.id = mk.movie_id)", "Rows Removed by Join Filter": 0, "Plans": [{"Node Type": "Nested Loop", "Parent Relationship": "Outer", "Join Type": "Inner", "Startup Cost": 4841.46, "Total Cost": 165001.07, "Plan Rows": 17, "Plan Width": 75, "Actual Startup Time": 431.333, "Actual Total Time": 1693.782, "Actual Rows": 119, "Actual Loops": 1, "Inner Unique": false, "Plans": [{"Node Type": "Nested Loop", "Parent Relationship": "Outer", "Join Type": "Inner", "Startup Cost": 4841.46, "Total Cost": 164997.5, "Plan Rows": 10, "Plan Width": 71, "Actual Startup Time": 381.777, "Actual Total Time": 1687.841, "Actual Rows": 1488, "Actual Loops": 1, "Inner Unique": true, "Plans": [{"Node Type": "Nested Loop", "Parent Relationship": "Outer", "Join Type": "Inner", "Startup Cost": 4841.46, "Total Cost": 164994.7, "Plan Rows": 10, "Plan Width": 75, "Actual Startup Time": 381.756, "Actual Total Time": 1682.224, "Actual Rows": 2647, "Actual Loops": 1, "Inner Unique": true, "Plans": [{"Node Type": "Nested Loop", "Parent Relationship": "Outer", "Join Type": "Inner", "Startup Cost": 4841.46, "Total Cost": 164991.25, "Plan Rows": 12, "Plan Width": 79, "Actual Startup Time": 381.735, "Actual Total Time": 1664.775, "Actual Rows": 2884, "Actual Loops": 1, "Inner Unique": false, "Plans": [{"Node Type": "Nested Loop", "Parent Relationship": "Outer", "Join Type": "Inner", "Startup Cost": 4841.46, "Total Cost": 164989.04, "Plan Rows": 6, "Plan Width": 67, "Actual Startup Time": 381.722, "Actual Total Time": 1650.254, "Actual Rows": 1782, "Actual Loops": 1, "Inner Unique": true, "Plans": [{"Node Type": "Nested Loop", "Parent Relationship": "Outer", "Join Type": "Inner", "Startup Cost": 4841.46, "Total Cost": 164956.1, "Plan Rows": 4, "Plan Width": 46, "Actual Startup Time": 381.675, "Actual Total Time": 1635.729, "Actual Rows": 1783, "Actual Loops": 1, "Inner Unique": false, "Plans": [{"Node Type": "Index Scan", "Parent Relationship": "Outer", "Scan Direction": "Forward", "Index Name": "info_type_pkey", "Relation Name": "info_type", "Alias": "it1", "Startup Cost": 0.0, "Total Cost": 14.21, "Plan Rows": 1, "Plan Width": 4, "Actual Startup Time": 0.062, "Actual Total Time": 0.11, "Actual Rows": 1, "Actual Loops": 1, "Filter": "((info)::text = 'release dates'::text)", "Rows Removed by Filter": 111}, {"Node Type": "Bitmap Heap Scan", "Parent Relationship": "Inner", "Relation Name": "movie_info", "Alias": "mi", "Startup Cost": 4841.46, "Total Cost": 164941.85, "Plan Rows": 4, "Plan Width": 50, "Actual Startup Time": 381.603, "Actual Total Time": 1635.049, "Actual Rows": 1783, "Actual Loops": 1, "Recheck Cond": "(info_type_id = it1.id)", "Rows Removed by Index Recheck": 0, "Filter": "((info IS NOT NULL) AND ((note)::text ~~ '%internet%'::text) AND (((info)::text ~~ 'USA:% 199%'::text) OR ((info)::text ~~ 'USA:% 200%'::text)))", "Rows Removed by Filter": 3034936, "Exact Heap Blocks": 21947, "Lossy Heap Blocks": 21947, "Plans": [{"Node Type": "Bitmap Index Scan", "Parent Relationship": "Outer", "Index Name": "info_type_id_movie_info", "Startup Cost": 0.0, "Total Cost": 4841.46, "Plan Rows": 212428, "Plan Width": 0, "Actual Startup Time": 376.299, "Actual Total Time": 376.299, "Actual Rows": 3036719, "Actual Loops": 1, "Index Cond": "(info_type_id = it1.id)"}]}]}, {"Node Type": "Index Scan", "Parent Relationship": "Inner", "Scan Direction": "Forward", "Index Name": "title_pkey", "Relation Name": "title", "Alias": "t", "Startup Cost": 0.0, "Total Cost": 8.23, "Plan Rows": 1, "Plan Width": 21, "Actual Startup Time": 12.127, "Actual Total Time": 12.127, "Actual Rows": 1782, "Actual Loops": 1783, "Index Cond": "(id = mi.movie_id)", "Rows Removed by Index Recheck": 0, "Filter": "(production_year > 1990)", "Rows Removed by Filter": 1}]}, {"Node Type": "Index Scan", "Parent Relationship": "Inner", "Scan Direction": "Forward", "Index Name": "movie_id_movie_companies", "Relation Name": "movie_companies", "Alias": "mc", "Startup Cost": 0.0, "Total Cost": 0.35, "Plan Rows": 2, "Plan Width": 12, "Actual Startup Time": 9.869, "Actual Total Time": 12.552, "Actual Rows": 2884, "Actual Loops": 1782, "Index Cond": "(movie_id = t.id)", "Rows Removed by Index Recheck": 0}]}, {"Node Type": "Index Scan", "Parent Relationship": "Inner", "Scan Direction": "Forward", "Index Name": "company_name_pkey", "Relation Name": "company_name", "Alias": "cn", "Startup Cost": 0.0, "Total Cost": 0.28, "Plan Rows": 1, "Plan Width": 4, "Actual Startup Time": 14.708, "Actual Total Time": 14.708, "Actual Rows": 2647, "Actual Loops": 2884, "Index Cond": "(id = mc.company_id)", "Rows Removed by Index Recheck": 0, "Filter": "((country_code)::text = '[us]'::text)", "Rows Removed by Filter": 237}]}, {"Node Type": "Index Scan", "Parent Relationship": "Inner", "Scan Direction": "Forward", "Index Name": "company_type_pkey", "Relation Name": "company_type", "Alias": "ct", "Startup Cost": 0.0, "Total Cost": 0.27, "Plan Rows": 1, "Plan Width": 4, "Actual Startup Time": 3.387, "Actual Total Time": 3.387, "Actual Rows": 1488, "Actual Loops": 2647, "Index Cond": "(id = mc.company_type_id)", "Rows Removed by Index Recheck": 0}]}, {"Node Type": "Index Scan", "Parent Relationship": "Inner", "Scan Direction": "Forward", "Index Name": "movie_id_aka_title", "Relation Name": "aka_title", "Alias": "at", "Startup Cost": 0.0, "Total Cost": 0.33, "Plan Rows": 3, "Plan Width": 4, "Actual Startup Time": 4.93, "Actual Total Time": 5.027, "Actual Rows": 119, "Actual Loops": 1488, "Index Cond": "(movie_id = t.id)", "Rows Removed by Index Recheck": 0}]}, {"Node Type": "Index Scan", "Parent Relationship": "Inner", "Scan Direction": "Forward", "Index Name": "movie_id_movie_keyword", "Relation Name": "movie_keyword", "Alias": "mk", "Startup Cost": 0.0, "Total Cost": 0.46, "Plan Rows": 8, "Plan Width": 8, "Actual Startup Time": 0.754, "Actual Total Time": 1.296, "Actual Rows": 1140, "Actual Loops": 119, "Index Cond": "(movie_id = mc.movie_id)", "Rows Removed by Index Recheck": 0}]}, {"Node Type": "Index Scan", "Parent Relationship": "Inner", "Scan Direction": "Forward", "Index Name": "keyword_pkey", "Relation Name": "keyword", "Alias": "k", "Startup Cost": 0.0, "Total Cost": 0.27, "Plan Rows": 1, "Plan Width": 4, "Actual Startup Time": 4.847, "Actual Total Time": 4.847, "Actual Rows": 1140, "Actual Loops": 1140, "Index Cond": "(id = mk.keyword_id)", "Rows Removed by Index Recheck": 0}]}]}, "Triggers": [], "Planner Runtime": 313.468, "Total Runtime": 1703.232, "Unique SQL Id": 2846462052}}, "(16, 6)": {"explain_plan": {"Plan": {"Node Type": "Aggregate", "Strategy": "Plain", "Startup Cost": 41619.51, "Total Cost": 41619.52, "Plan Rows": 1, "Plan Width": 123, "Plans": [{"Node Type": "Nested Loop", "Parent Relationship": "Outer", "Join Type": "Inner", "Startup Cost": 5.28, "Total Cost": 41618.84, "Plan Rows": 134, "Plan Width": 59, "Inner Unique": true, "Join Filter": "(at.movie_id = t.id)", "Plans": [{"Node Type": "Nested Loop", "Parent Relationship": "Outer", "Join Type": "Inner", "Startup Cost": 5.01, "Total Cost": 41202.38, "Plan Rows": 97, "Plan Width": 58, "Inner Unique": true, "Plans": [{"Node Type": "Nested Loop", "Parent Relationship": "Outer", "Join Type": "Inner", "Startup Cost": 4.75, "Total Cost": 40787.2, "Plan Rows": 97, "Plan Width": 62, "Inner Unique": false, "Join Filter": "(at.movie_id = mk.movie_id)", "Plans": [{"Node Type": "Nested Loop", "Parent Relationship": "Outer", "Join Type": "Inner", "Startup Cost": 4.42, "Total Cost": 40732.74, "Plan Rows": 12, "Plan Width": 54, "Inner Unique": true, "Join Filter": "(mc.company_type_id = ct.id)", "Plans": [{"Node Type": "Nested Loop", "Parent Relationship": "Outer", "Join Type": "Inner", "Startup Cost": 4.42, "Total Cost": 40731.16, "Plan Rows": 12, "Plan Width": 58, "Inner Unique": true, "Plans": [{"Node Type": "Nested Loop", "Parent Relationship": "Outer", "Join Type": "Inner", "Startup Cost": 4.16, "Total Cost": 40645.5, "Plan Rows": 20, "Plan Width": 62, "Inner Unique": false, "Plans": [{"Node Type": "Nested Loop", "Parent Relationship": "Outer", "Join Type": "Inner", "Startup Cost": 3.79, "Total Cost": 40605.75, "Plan Rows": 9, "Plan Width": 50, "Inner Unique": false, "Plans": [{"Node Type": "Nested Loop", "Parent Relationship": "Outer", "Join Type": "Inner", "Startup Cost": 0.0, "Total Cost": 40543.12, "Plan Rows": 4, "Plan Width": 46, "Inner Unique": false, "Join Filter": "(it1.id = mi.info_type_id)", "Plans": [{"Node Type": "Seq Scan", "Parent Relationship": "Outer", "Relation Name": "info_type", "Alias": "it1", "Startup Cost": 0.0, "Total Cost": 2.4, "Plan Rows": 1, "Plan Width": 4, "Filter": "((info)::text = 'release dates'::text)"}, {"Node Type": "Materialize", "Parent Relationship": "Inner", "Startup Cost": 0.0, "Total Cost": 40538.17, "Plan Rows": 255, "Plan Width": 50, "Plans": [{"Node Type": "Streaming(type: LOCAL GATHER dop: 1/16)", "Parent Relationship": "Outer", "Startup Cost": 0.0, "Total Cost": 40537.53, "Plan Rows": 255, "Plan Width": 50, "Plans": [{"Node Type": "Seq Scan", "Parent Relationship": "Outer", "Relation Name": "movie_info", "Alias": "mi", "Startup Cost": 0.0, "Total Cost": 40532.03, "Plan Rows": 255, "Plan Width": 50, "Filter": "((info IS NOT NULL) AND ((note)::text ~~ '%internet%'::text) AND (((info)::text ~~ 'USA:% 199%'::text) OR ((info)::text ~~ 'USA:% 200%'::text)))"}]}]}]}, {"Node Type": "Bitmap Heap Scan", "Parent Relationship": "Inner", "Relation Name": "aka_title", "Alias": "at", "Startup Cost": 3.79, "Total Cost": 15.63, "Plan Rows": 3, "Plan Width": 4, "Recheck Cond": "(movie_id = mi.movie_id)", "Plans": [{"Node Type": "Bitmap Index Scan", "Parent Relationship": "Outer", "Index Name": "movie_id_aka_title", "Startup Cost": 0.0, "Total Cost": 3.79, "Plan Rows": 3, "Plan Width": 0, "Index Cond": "(movie_id = mi.movie_id)"}]}]}, {"Node Type": "Bitmap Heap Scan", "Parent Relationship": "Inner", "Relation Name": "movie_companies", "Alias": "mc", "Startup Cost": 0.37, "Total Cost": 4.4, "Plan Rows": 2, "Plan Width": 12, "Recheck Cond": "(movie_id = at.movie_id)", "Plans": [{"Node Type": "Bitmap Index Scan", "Parent Relationship": "Outer", "Index Name": "movie_id_movie_companies", "Startup Cost": 0.0, "Total Cost": 0.37, "Plan Rows": 2, "Plan Width": 0, "Index Cond": "(movie_id = at.movie_id)"}]}]}, {"Node Type": "Bitmap Heap Scan", "Parent Relationship": "Inner", "Relation Name": "company_name", "Alias": "cn", "Startup Cost": 0.26, "Total Cost": 4.27, "Plan Rows": 1, "Plan Width": 4, "Recheck Cond": "(id = mc.company_id)", "Filter": "((country_code)::text = '[us]'::text)", "Plans": [{"Node Type": "Bitmap Index Scan", "Parent Relationship": "Outer", "Index Name": "company_name_pkey", "Startup Cost": 0.0, "Total Cost": 0.26, "Plan Rows": 1, "Plan Width": 0, "Index Cond": "(id = mc.company_id)"}]}]}, {"Node Type": "Materialize", "Parent Relationship": "Inner", "Startup Cost": 0.0, "Total Cost": 1.04, "Plan Rows": 3, "Plan Width": 4, "Plans": [{"Node Type": "Seq Scan", "Parent Relationship": "Outer", "Relation Name": "company_type", "Alias": "ct", "Startup Cost": 0.0, "Total Cost": 1.03, "Plan Rows": 3, "Plan Width": 4}]}]}, {"Node Type": "Bitmap Heap Scan", "Parent Relationship": "Inner", "Relation Name": "movie_keyword", "Alias": "mk", "Startup Cost": 0.34, "Total Cost": 4.44, "Plan Rows": 8, "Plan Width": 8, "Recheck Cond": "(movie_id = mc.movie_id)", "Plans": [{"Node Type": "Bitmap Index Scan", "Parent Relationship": "Outer", "Index Name": "movie_id_movie_keyword", "Startup Cost": 0.0, "Total Cost": 0.34, "Plan Rows": 8, "Plan Width": 0, "Index Cond": "(movie_id = mc.movie_id)"}]}]}, {"Node Type": "Bitmap Heap Scan", "Parent Relationship": "Inner", "Relation Name": "keyword", "Alias": "k", "Startup Cost": 0.26, "Total Cost": 4.27, "Plan Rows": 1, "Plan Width": 4, "Recheck Cond": "(id = mk.keyword_id)", "Plans": [{"Node Type": "Bitmap Index Scan", "Parent Relationship": "Outer", "Index Name": "keyword_pkey", "Startup Cost": 0.0, "Total Cost": 0.26, "Plan Rows": 1, "Plan Width": 0, "Index Cond": "(id = mk.keyword_id)"}]}]}, {"Node Type": "Bitmap Heap Scan", "Parent Relationship": "Inner", "Relation Name": "title", "Alias": "t", "Startup Cost": 0.27, "Total Cost": 4.28, "Plan Rows": 1, "Plan Width": 21, "Recheck Cond": "(id = mk.movie_id)", "Filter": "(production_year > 1990)", "Plans": [{"Node Type": "Bitmap Index Scan", "Parent Relationship": "Outer", "Index Name": "title_pkey", "Startup Cost": 0.0, "Total Cost": 0.27, "Plan Rows": 1, "Plan Width": 0, "Index Cond": "(id = mk.movie_id)"}]}]}]}, "Unique SQL Id": 2846462052}, "explain_analyze_plan": {"Plan": {"Node Type": "Aggregate", "Strategy": "Plain", "Startup Cost": 41619.51, "Total Cost": 41619.52, "Plan Rows": 1, "Plan Width": 123, "Actual Min Startup Time": 396.438, "Actual Max Startup Time": 396.438, "Actual Min Total Time": 396.438, "Actual Max Total Time": 396.438, "Actual Total Rows": 1, "Plans": [{"Node Type": "Nested Loop", "Parent Relationship": "Outer", "Join Type": "Inner", "Startup Cost": 5.28, "Total Cost": 41618.84, "Plan Rows": 134, "Plan Width": 59, "Actual Min Startup Time": 362.956, "Actual Max Startup Time": 362.956, "Actual Min Total Time": 395.503, "Actual Max Total Time": 395.503, "Actual Total Rows": 1140, "Inner Unique": true, "Join Filter": "(at.movie_id = t.id)", "Rows Removed by Join Filter": 0, "Plans": [{"Node Type": "Nested Loop", "Parent Relationship": "Outer", "Join Type": "Inner", "Startup Cost": 5.01, "Total Cost": 41202.38, "Plan Rows": 97, "Plan Width": 58, "Actual Min Startup Time": 362.904, "Actual Max Startup Time": 362.904, "Actual Min Total Time": 388.993, "Actual Max Total Time": 388.993, "Actual Total Rows": 1140, "Inner Unique": true, "Plans": [{"Node Type": "Nested Loop", "Parent Relationship": "Outer", "Join Type": "Inner", "Startup Cost": 4.75, "Total Cost": 40787.2, "Plan Rows": 97, "Plan Width": 62, "Actual Min Startup Time": 362.874, "Actual Max Startup Time": 362.874, "Actual Min Total Time": 381.445, "Actual Max Total Time": 381.445, "Actual Total Rows": 1140, "Inner Unique": false, "Join Filter": "(at.movie_id = mk.movie_id)", "Rows Removed by Join Filter": 0, "Plans": [{"Node Type": "Nested Loop", "Parent Relationship": "Outer", "Join Type": "Inner", "Startup Cost": 4.42, "Total Cost": 40732.74, "Plan Rows": 12, "Plan Width": 54, "Actual Min Startup Time": 362.829, "Actual Max Startup Time": 362.829, "Actual Min Total Time": 379.4, "Actual Max Total Time": 379.4, "Actual Total Rows": 119, "Inner Unique": true, "Join Filter": "(mc.company_type_id = ct.id)", "Rows Removed by Join Filter": 495, "Plans": [{"Node Type": "Nested Loop", "Parent Relationship": "Outer", "Join Type": "Inner", "Startup Cost": 4.42, "Total Cost": 40731.16, "Plan Rows": 12, "Plan Width": 58, "Actual Min Startup Time": 362.76, "Actual Max Startup Time": 362.76, "Actual Min Total Time": 379.032, "Actual Max Total Time": 379.032, "Actual Total Rows": 284, "Inner Unique": true, "Plans": [{"Node Type": "Nested Loop", "Parent Relationship": "Outer", "Join Type": "Inner", "Startup Cost": 4.16, "Total Cost": 40645.5, "Plan Rows": 20, "Plan Width": 62, "Actual Min Startup Time": 362.719, "Actual Max Startup Time": 362.719, "Actual Min Total Time": 375.815, "Actual Max Total Time": 375.815, "Actual Total Rows": 400, "Inner Unique": false, "Plans": [{"Node Type": "Nested Loop", "Parent Relationship": "Outer", "Join Type": "Inner", "Startup Cost": 3.79, "Total Cost": 40605.75, "Plan Rows": 9, "Plan Width": 50, "Actual Min Startup Time": 362.675, "Actual Max Startup Time": 362.675, "Actual Min Total Time": 373.754, "Actual Max Total Time": 373.754, "Actual Total Rows": 120, "Inner Unique": false, "Plans": [{"Node Type": "Nested Loop", "Parent Relationship": "Outer", "Join Type": "Inner", "Startup Cost": 0.0, "Total Cost": 40543.12, "Plan Rows": 4, "Plan Width": 46, "Actual Min Startup Time": 362.467, "Actual Max Startup Time": 362.467, "Actual Min Total Time": 363.653, "Actual Max Total Time": 363.653, "Actual Total Rows": 1783, "Inner Unique": false, "Join Filter": "(it1.id = mi.info_type_id)", "Rows Removed by Join Filter": 0, "Plans": [{"Node Type": "Seq Scan", "Parent Relationship": "Outer", "Relation Name": "info_type", "Alias": "it1", "Startup Cost": 0.0, "Total Cost": 2.4, "Plan Rows": 1, "Plan Width": 4, "Actual Min Startup Time": 0.07, "Actual Max Startup Time": 0.07, "Actual Min Total Time": 0.094, "Actual Max Total Time": 0.094, "Actual Total Rows": 1, "Filter": "((info)::text = 'release dates'::text)", "Rows Removed by Filter": 111}, {"Node Type": "Materialize", "Parent Relationship": "Inner", "Startup Cost": 0.0, "Total Cost": 40538.17, "Plan Rows": 255, "Plan Width": 50, "Actual Min Startup Time": 362.371, "Actual Max Startup Time": 362.371, "Actual Min Total Time": 362.679, "Actual Max Total Time": 362.679, "Actual Total Rows": 1784, "Plans": [{"Node Type": "Streaming(type: LOCAL GATHER dop: 1/16)", "Parent Relationship": "Outer", "Startup Cost": 0.0, "Total Cost": 40537.53, "Plan Rows": 255, "Plan Width": 50, "Actual Min Startup Time": 168.051, "Actual Max Startup Time": 168.051, "Actual Min Total Time": 361.952, "Actual Max Total Time": 361.952, "Actual Total Rows": 1783, "Plans": [{"Node Type": "Seq Scan", "Parent Relationship": "Outer", "Relation Name": "movie_info", "Alias": "mi", "Startup Cost": 0.0, "Total Cost": 40532.03, "Plan Rows": 255, "Plan Width": 50, "Actual Min Startup Time": 85.863, "Actual Max Startup Time": 94.157, "Actual Min Total Time": 321.055, "Actual Max Total Time": 332.739, "Actual Total Rows": 1783, "Filter": "((info IS NOT NULL) AND ((note)::text ~~ '%internet%'::text) AND (((info)::text ~~ 'USA:% 199%'::text) OR ((info)::text ~~ 'USA:% 200%'::text)))", "Rows Removed by Filter": 14833936}]}]}]}, {"Node Type": "Bitmap Heap Scan", "Parent Relationship": "Inner", "Relation Name": "aka_title", "Alias": "at", "Startup Cost": 3.79, "Total Cost": 15.63, "Plan Rows": 3, "Plan Width": 4, "Actual Min Startup Time": 8.07, "Actual Max Startup Time": 8.07, "Actual Min Total Time": 8.207, "Actual Max Total Time": 8.207, "Actual Total Rows": 120, "Recheck Cond": "(movie_id = mi.movie_id)", "Rows Removed by Index Recheck": 0, "Exact Heap Blocks": 120, "Lossy Heap Blocks": 120, "Plans": [{"Node Type": "Bitmap Index Scan", "Parent Relationship": "Outer", "Index Name": "movie_id_aka_title", "Startup Cost": 0.0, "Total Cost": 3.79, "Plan Rows": 3, "Plan Width": 0, "Actual Min Startup Time": 6.942, "Actual Max Startup Time": 6.942, "Actual Min Total Time": 6.942, "Actual Max Total Time": 6.942, "Actual Total Rows": 120, "Index Cond": "(movie_id = mi.movie_id)"}]}]}, {"Node Type": "Bitmap Heap Scan", "Parent Relationship": "Inner", "Relation Name": "movie_companies", "Alias": "mc", "Startup Cost": 0.37, "Total Cost": 4.4, "Plan Rows": 2, "Plan Width": 12, "Actual Min Startup Time": 1.423, "Actual Max Startup Time": 1.423, "Actual Min Total Time": 1.743, "Actual Max Total Time": 1.743, "Actual Total Rows": 400, "Recheck Cond": "(movie_id = at.movie_id)", "Rows Removed by Index Recheck": 0, "Exact Heap Blocks": 214, "Lossy Heap Blocks": 214, "Plans": [{"Node Type": "Bitmap Index Scan", "Parent Relationship": "Outer", "Index Name": "movie_id_movie_companies", "Startup Cost": 0.0, "Total Cost": 0.37, "Plan Rows": 2, "Plan Width": 0, "Actual Min Startup Time": 0.896, "Actual Max Startup Time": 0.896, "Actual Min Total Time": 0.896, "Actual Max Total Time": 0.896, "Actual Total Rows": 400, "Index Cond": "(movie_id = at.movie_id)"}]}]}, {"Node Type": "Bitmap Heap Scan", "Parent Relationship": "Inner", "Relation Name": "company_name", "Alias": "cn", "Startup Cost": 0.26, "Total Cost": 4.27, "Plan Rows": 1, "Plan Width": 4, "Actual Min Startup Time": 2.657, "Actual Max Startup Time": 2.657, "Actual Min Total Time": 2.657, "Actual Max Total Time": 2.657, "Actual Total Rows": 284, "Recheck Cond": "(id = mc.company_id)", "Rows Removed by Index Recheck": 0, "Filter": "((country_code)::text = '[us]'::text)", "Rows Removed by Filter": 116, "Exact Heap Blocks": 400, "Lossy Heap Blocks": 400, "Plans": [{"Node Type": "Bitmap Index Scan", "Parent Relationship": "Outer", "Index Name": "company_name_pkey", "Startup Cost": 0.0, "Total Cost": 0.26, "Plan Rows": 1, "Plan Width": 0, "Actual Min Startup Time": 1.482, "Actual Max Startup Time": 1.482, "Actual Min Total Time": 1.482, "Actual Max Total Time": 1.482, "Actual Total Rows": 400, "Index Cond": "(id = mc.company_id)"}]}]}, {"Node Type": "Materialize", "Parent Relationship": "Inner", "Startup Cost": 0.0, "Total Cost": 1.04, "Plan Rows": 3, "Plan Width": 4, "Actual Min Startup Time": 0.069, "Actual Max Startup Time": 0.069, "Actual Min Total Time": 0.117, "Actual Max Total Time": 0.117, "Actual Total Rows": 614, "Plans": [{"Node Type": "Seq Scan", "Parent Relationship": "Outer", "Relation Name": "company_type", "Alias": "ct", "Startup Cost": 0.0, "Total Cost": 1.03, "Plan Rows": 3, "Plan Width": 4, "Actual Min Startup Time": 0.01, "Actual Max Startup Time": 0.01, "Actual Min Total Time": 0.012, "Actual Max Total Time": 0.012, "Actual Total Rows": 3}]}]}, {"Node Type": "Bitmap Heap Scan", "Parent Relationship": "Inner", "Relation Name": "movie_keyword", "Alias": "mk", "Startup Cost": 0.34, "Total Cost": 4.44, "Plan Rows": 8, "Plan Width": 8, "Actual Min Startup Time": 1.224, "Actual Max Startup Time": 1.224, "Actual Min Total Time": 1.426, "Actual Max Total Time": 1.426, "Actual Total Rows": 1140, "Recheck Cond": "(movie_id = mc.movie_id)", "Rows Removed by Index Recheck": 0, "Exact Heap Blocks": 91, "Lossy Heap Blocks": 91, "Plans": [{"Node Type": "Bitmap Index Scan", "Parent Relationship": "Outer", "Index Name": "movie_id_movie_keyword", "Startup Cost": 0.0, "Total Cost": 0.34, "Plan Rows": 8, "Plan Width": 0, "Actual Min Startup Time": 0.819, "Actual Max Startup Time": 0.819, "Actual Min Total Time": 0.819, "Actual Max Total Time": 0.819, "Actual Total Rows": 1140, "Index Cond": "(movie_id = mc.movie_id)"}]}]}, {"Node Type": "Bitmap Heap Scan", "Parent Relationship": "Inner", "Relation Name": "keyword", "Alias": "k", "Startup Cost": 0.26, "Total Cost": 4.27, "Plan Rows": 1, "Plan Width": 4, "Actual Min Startup Time": 5.984, "Actual Max Startup Time": 5.984, "Actual Min Total Time": 5.984, "Actual Max Total Time": 5.984, "Actual Total Rows": 1140, "Recheck Cond": "(id = mk.keyword_id)", "Rows Removed by Index Recheck": 0, "Exact Heap Blocks": 1140, "Lossy Heap Blocks": 1140, "Plans": [{"Node Type": "Bitmap Index Scan", "Parent Relationship": "Outer", "Index Name": "keyword_pkey", "Startup Cost": 0.0, "Total Cost": 0.26, "Plan Rows": 1, "Plan Width": 0, "Actual Min Startup Time": 3.695, "Actual Max Startup Time": 3.695, "Actual Min Total Time": 3.695, "Actual Max Total Time": 3.695, "Actual Total Rows": 1140, "Index Cond": "(id = mk.keyword_id)"}]}]}, {"Node Type": "Bitmap Heap Scan", "Parent Relationship": "Inner", "Relation Name": "title", "Alias": "t", "Startup Cost": 0.27, "Total Cost": 4.28, "Plan Rows": 1, "Plan Width": 21, "Actual Min Startup Time": 4.896, "Actual Max Startup Time": 4.896, "Actual Min Total Time": 4.896, "Actual Max Total Time": 4.896, "Actual Total Rows": 1140, "Recheck Cond": "(id = mk.movie_id)", "Rows Removed by Index Recheck": 0, "Filter": "(production_year > 1990)", "Rows Removed by Filter": 0, "Exact Heap Blocks": 1140, "Lossy Heap Blocks": 1140, "Plans": [{"Node Type": "Bitmap Index Scan", "Parent Relationship": "Outer", "Index Name": "title_pkey", "Startup Cost": 0.0, "Total Cost": 0.27, "Plan Rows": 1, "Plan Width": 0, "Actual Min Startup Time": 2.954, "Actual Max Startup Time": 2.954, "Actual Min Total Time": 2.954, "Actual Max Total Time": 2.954, "Actual Total Rows": 1140, "Index Cond": "(id = mk.movie_id)"}]}]}]}, "Triggers": [], "Planner Runtime": 383.996, "Total Runtime": 400.04, "Unique SQL Id": 2846462052}}, "(16, 7)": {"explain_plan": {"Plan": {"Node Type": "Aggregate", "Strategy": "Plain", "Startup Cost": 166082.29, "Total Cost": 166082.3, "Plan Rows": 1, "Plan Width": 123, "Plans": [{"Node Type": "Nested Loop", "Parent Relationship": "Outer", "Join Type": "Inner", "Startup Cost": 4855.81, "Total Cost": 166081.62, "Plan Rows": 134, "Plan Width": 59, "Inner Unique": true, "Join Filter": "(at.movie_id = t.id)", "Plans": [{"Node Type": "Nested Loop", "Parent Relationship": "Outer", "Join Type": "Inner", "Startup Cost": 4855.54, "Total Cost": 165665.15, "Plan Rows": 97, "Plan Width": 58, "Inner Unique": true, "Plans": [{"Node Type": "Nested Loop", "Parent Relationship": "Outer", "Join Type": "Inner", "Startup Cost": 4855.28, "Total Cost": 165249.97, "Plan Rows": 97, "Plan Width": 62, "Inner Unique": false, "Join Filter": "(at.movie_id = mk.movie_id)", "Plans": [{"Node Type": "Nested Loop", "Parent Relationship": "Outer", "Join Type": "Inner", "Startup Cost": 4854.95, "Total Cost": 165195.51, "Plan Rows": 12, "Plan Width": 54, "Inner Unique": true, "Plans": [{"Node Type": "Nested Loop", "Parent Relationship": "Outer", "Join Type": "Inner", "Startup Cost": 4854.69, "Total Cost": 165144.15, "Plan Rows": 12, "Plan Width": 58, "Inner Unique": true, "Plans": [{"Node Type": "Nested Loop", "Parent Relationship": "Outer", "Join Type": "Inner", "Startup Cost": 4854.43, "Total Cost": 165058.48, "Plan Rows": 20, "Plan Width": 62, "Inner Unique": false, "Plans": [{"Node Type": "Nested Loop", "Parent Relationship": "Outer", "Join Type": "Inner", "Startup Cost": 4854.06, "Total Cost": 165018.73, "Plan Rows": 9, "Plan Width": 50, "Inner Unique": false, "Plans": [{"Node Type": "Nested Loop", "Parent Relationship": "Outer", "Join Type": "Inner", "Startup Cost": 4850.27, "Total Cost": 164956.1, "Plan Rows": 4, "Plan Width": 46, "Inner Unique": false, "Plans": [{"Node Type": "Bitmap Heap Scan", "Parent Relationship": "Outer", "Relation Name": "info_type", "Alias": "it1", "Startup Cost": 8.81, "Total Cost": 14.21, "Plan Rows": 1, "Plan Width": 4, "Filter": "((info)::text = 'release dates'::text)", "Plans": [{"Node Type": "Bitmap Index Scan", "Parent Relationship": "Outer", "Index Name": "info_type_pkey", "Startup Cost": 0.0, "Total Cost": 8.81, "Plan Rows": 112, "Plan Width": 0}]}, {"Node Type": "Bitmap Heap Scan", "Parent Relationship": "Inner", "Relation Name": "movie_info", "Alias": "mi", "Startup Cost": 4841.46, "Total Cost": 164941.85, "Plan Rows": 4, "Plan Width": 50, "Recheck Cond": "(info_type_id = it1.id)", "Filter": "((info IS NOT NULL) AND ((note)::text ~~ '%internet%'::text) AND (((info)::text ~~ 'USA:% 199%'::text) OR ((info)::text ~~ 'USA:% 200%'::text)))", "Plans": [{"Node Type": "Bitmap Index Scan", "Parent Relationship": "Outer", "Index Name": "info_type_id_movie_info", "Startup Cost": 0.0, "Total Cost": 4841.46, "Plan Rows": 212428, "Plan Width": 0, "Index Cond": "(info_type_id = it1.id)"}]}]}, {"Node Type": "Bitmap Heap Scan", "Parent Relationship": "Inner", "Relation Name": "aka_title", "Alias": "at", "Startup Cost": 3.79, "Total Cost": 15.63, "Plan Rows": 3, "Plan Width": 4, "Recheck Cond": "(movie_id = mi.movie_id)", "Plans": [{"Node Type": "Bitmap Index Scan", "Parent Relationship": "Outer", "Index Name": "movie_id_aka_title", "Startup Cost": 0.0, "Total Cost": 3.79, "Plan Rows": 3, "Plan Width": 0, "Index Cond": "(movie_id = mi.movie_id)"}]}]}, {"Node Type": "Bitmap Heap Scan", "Parent Relationship": "Inner", "Relation Name": "movie_companies", "Alias": "mc", "Startup Cost": 0.37, "Total Cost": 4.4, "Plan Rows": 2, "Plan Width": 12, "Recheck Cond": "(movie_id = at.movie_id)", "Plans": [{"Node Type": "Bitmap Index Scan", "Parent Relationship": "Outer", "Index Name": "movie_id_movie_companies", "Startup Cost": 0.0, "Total Cost": 0.37, "Plan Rows": 2, "Plan Width": 0, "Index Cond": "(movie_id = at.movie_id)"}]}]}, {"Node Type": "Bitmap Heap Scan", "Parent Relationship": "Inner", "Relation Name": "company_name", "Alias": "cn", "Startup Cost": 0.26, "Total Cost": 4.27, "Plan Rows": 1, "Plan Width": 4, "Recheck Cond": "(id = mc.company_id)", "Filter": "((country_code)::text = '[us]'::text)", "Plans": [{"Node Type": "Bitmap Index Scan", "Parent Relationship": "Outer", "Index Name": "company_name_pkey", "Startup Cost": 0.0, "Total Cost": 0.26, "Plan Rows": 1, "Plan Width": 0, "Index Cond": "(id = mc.company_id)"}]}]}, {"Node Type": "Bitmap Heap Scan", "Parent Relationship": "Inner", "Relation Name": "company_type", "Alias": "ct", "Startup Cost": 0.26, "Total Cost": 4.27, "Plan Rows": 1, "Plan Width": 4, "Recheck Cond": "(id = mc.company_type_id)", "Plans": [{"Node Type": "Bitmap Index Scan", "Parent Relationship": "Outer", "Index Name": "company_type_pkey", "Startup Cost": 0.0, "Total Cost": 0.26, "Plan Rows": 1, "Plan Width": 0, "Index Cond": "(id = mc.company_type_id)"}]}]}, {"Node Type": "Bitmap Heap Scan", "Parent Relationship": "Inner", "Relation Name": "movie_keyword", "Alias": "mk", "Startup Cost": 0.34, "Total Cost": 4.44, "Plan Rows": 8, "Plan Width": 8, "Recheck Cond": "(movie_id = mc.movie_id)", "Plans": [{"Node Type": "Bitmap Index Scan", "Parent Relationship": "Outer", "Index Name": "movie_id_movie_keyword", "Startup Cost": 0.0, "Total Cost": 0.34, "Plan Rows": 8, "Plan Width": 0, "Index Cond": "(movie_id = mc.movie_id)"}]}]}, {"Node Type": "Bitmap Heap Scan", "Parent Relationship": "Inner", "Relation Name": "keyword", "Alias": "k", "Startup Cost": 0.26, "Total Cost": 4.27, "Plan Rows": 1, "Plan Width": 4, "Recheck Cond": "(id = mk.keyword_id)", "Plans": [{"Node Type": "Bitmap Index Scan", "Parent Relationship": "Outer", "Index Name": "keyword_pkey", "Startup Cost": 0.0, "Total Cost": 0.26, "Plan Rows": 1, "Plan Width": 0, "Index Cond": "(id = mk.keyword_id)"}]}]}, {"Node Type": "Bitmap Heap Scan", "Parent Relationship": "Inner", "Relation Name": "title", "Alias": "t", "Startup Cost": 0.27, "Total Cost": 4.28, "Plan Rows": 1, "Plan Width": 21, "Recheck Cond": "(id = mk.movie_id)", "Filter": "(production_year > 1990)", "Plans": [{"Node Type": "Bitmap Index Scan", "Parent Relationship": "Outer", "Index Name": "title_pkey", "Startup Cost": 0.0, "Total Cost": 0.27, "Plan Rows": 1, "Plan Width": 0, "Index Cond": "(id = mk.movie_id)"}]}]}]}, "Unique SQL Id": 2846462052}, "explain_analyze_plan": null}, "(16, 8)": {"explain_plan": {"Plan": {"Node Type": "Aggregate", "Strategy": "Plain", "Startup Cost": 40623.15, "Total Cost": 40623.16, "Plan Rows": 1, "Plan Width": 123, "Plans": [{"Node Type": "Nested Loop", "Parent Relationship": "Outer", "Join Type": "Inner", "Startup Cost": 0.0, "Total Cost": 40622.48, "Plan Rows": 134, "Plan Width": 59, "Inner Unique": true, "Plans": [{"Node Type": "Nested Loop", "Parent Relationship": "Outer", "Join Type": "Inner", "Startup Cost": 0.0, "Total Cost": 40584.96, "Plan Rows": 134, "Plan Width": 63, "Inner Unique": false, "Join Filter": "(t.id = mk.movie_id)", "Plans": [{"Node Type": "Nested Loop", "Parent Relationship": "Outer", "Join Type": "Inner", "Startup Cost": 0.0, "Total Cost": 40575.4, "Plan Rows": 17, "Plan Width": 75, "Inner Unique": true, "Join Filter": "(at.movie_id = t.id)", "Plans": [{"Node Type": "Nested Loop", "Parent Relationship": "Outer", "Join Type": "Inner", "Startup Cost": 0.0, "Total Cost": 40571.17, "Plan Rows": 12, "Plan Width": 54, "Inner Unique": true, "Join Filter": "(mc.company_type_id = ct.id)", "Plans": [{"Node Type": "Nested Loop", "Parent Relationship": "Outer", "Join Type": "Inner", "Startup Cost": 0.0, "Total Cost": 40569.59, "Plan Rows": 12, "Plan Width": 58, "Inner Unique": true, "Plans": [{"Node Type": "Nested Loop", "Parent Relationship": "Outer", "Join Type": "Inner", "Startup Cost": 0.0, "Total Cost": 40563.84, "Plan Rows": 20, "Plan Width": 62, "Inner Unique": false, "Plans": [{"Node Type": "Nested Loop", "Parent Relationship": "Outer", "Join Type": "Inner", "Startup Cost": 0.0, "Total Cost": 40558.53, "Plan Rows": 9, "Plan Width": 50, "Inner Unique": false, "Plans": [{"Node Type": "Nested Loop", "Parent Relationship": "Outer", "Join Type": "Inner", "Startup Cost": 0.0, "Total Cost": 40543.12, "Plan Rows": 4, "Plan Width": 46, "Inner Unique": false, "Join Filter": "(it1.id = mi.info_type_id)", "Plans": [{"Node Type": "Seq Scan", "Parent Relationship": "Outer", "Relation Name": "info_type", "Alias": "it1", "Startup Cost": 0.0, "Total Cost": 2.4, "Plan Rows": 1, "Plan Width": 4, "Filter": "((info)::text = 'release dates'::text)"}, {"Node Type": "Materialize", "Parent Relationship": "Inner", "Startup Cost": 0.0, "Total Cost": 40538.17, "Plan Rows": 255, "Plan Width": 50, "Plans": [{"Node Type": "Streaming(type: LOCAL GATHER dop: 1/16)", "Parent Relationship": "Outer", "Startup Cost": 0.0, "Total Cost": 40537.53, "Plan Rows": 255, "Plan Width": 50, "Plans": [{"Node Type": "Seq Scan", "Parent Relationship": "Outer", "Relation Name": "movie_info", "Alias": "mi", "Startup Cost": 0.0, "Total Cost": 40532.03, "Plan Rows": 255, "Plan Width": 50, "Filter": "((info IS NOT NULL) AND ((note)::text ~~ '%internet%'::text) AND (((info)::text ~~ 'USA:% 199%'::text) OR ((info)::text ~~ 'USA:% 200%'::text)))"}]}]}]}, {"Node Type": "Index Only Scan", "Parent Relationship": "Inner", "Scan Direction": "Forward", "Index Name": "movie_id_aka_title", "Relation Name": "aka_title", "Alias": "at", "Startup Cost": 0.0, "Total Cost": 3.82, "Plan Rows": 3, "Plan Width": 4, "Index Cond": "(movie_id = mi.movie_id)"}]}, {"Node Type": "Index Scan", "Parent Relationship": "Inner", "Scan Direction": "Forward", "Index Name": "movie_id_movie_companies", "Relation Name": "movie_companies", "Alias": "mc", "Startup Cost": 0.0, "Total Cost": 0.57, "Plan Rows": 2, "Plan Width": 12, "Index Cond": "(movie_id = at.movie_id)"}]}, {"Node Type": "Index Scan", "Parent Relationship": "Inner", "Scan Direction": "Forward", "Index Name": "company_name_pkey", "Relation Name": "company_name", "Alias": "cn", "Startup Cost": 0.0, "Total Cost": 0.28, "Plan Rows": 1, "Plan Width": 4, "Index Cond": "(id = mc.company_id)", "Filter": "((country_code)::text = '[us]'::text)"}]}, {"Node Type": "Materialize", "Parent Relationship": "Inner", "Startup Cost": 0.0, "Total Cost": 1.04, "Plan Rows": 3, "Plan Width": 4, "Plans": [{"Node Type": "Seq Scan", "Parent Relationship": "Outer", "Relation Name": "company_type", "Alias": "ct", "Startup Cost": 0.0, "Total Cost": 1.03, "Plan Rows": 3, "Plan Width": 4}]}]}, {"Node Type": "Index Scan", "Parent Relationship": "Inner", "Scan Direction": "Forward", "Index Name": "title_pkey", "Relation Name": "title", "Alias": "t", "Startup Cost": 0.0, "Total Cost": 0.34, "Plan Rows": 1, "Plan Width": 21, "Index Cond": "(id = mc.movie_id)", "Filter": "(production_year > 1990)"}]}, {"Node Type": "Index Scan", "Parent Relationship": "Inner", "Scan Direction": "Forward", "Index Name": "movie_id_movie_keyword", "Relation Name": "movie_keyword", "Alias": "mk", "Startup Cost": 0.0, "Total Cost": 0.46, "Plan Rows": 8, "Plan Width": 8, "Index Cond": "(movie_id = mc.movie_id)"}]}, {"Node Type": "Index Only Scan", "Parent Relationship": "Inner", "Scan Direction": "Forward", "Index Name": "keyword_pkey", "Relation Name": "keyword", "Alias": "k", "Startup Cost": 0.0, "Total Cost": 0.27, "Plan Rows": 1, "Plan Width": 4, "Index Cond": "(id = mk.keyword_id)"}]}]}, "Unique SQL Id": 2846462052}, "explain_analyze_plan": {"Plan": {"Node Type": "Aggregate", "Strategy": "Plain", "Startup Cost": 40623.15, "Total Cost": 40623.16, "Plan Rows": 1, "Plan Width": 123, "Actual Min Startup Time": 390.381, "Actual Max Startup Time": 390.381, "Actual Min Total Time": 390.381, "Actual Max Total Time": 390.381, "Actual Total Rows": 1, "Plans": [{"Node Type": "Nested Loop", "Parent Relationship": "Outer", "Join Type": "Inner", "Startup Cost": 0.0, "Total Cost": 40622.48, "Plan Rows": 134, "Plan Width": 59, "Actual Min Startup Time": 369.5, "Actual Max Startup Time": 369.5, "Actual Min Total Time": 389.585, "Actual Max Total Time": 389.585, "Actual Total Rows": 1140, "Inner Unique": true, "Plans": [{"Node Type": "Nested Loop", "Parent Relationship": "Outer", "Join Type": "Inner", "Startup Cost": 0.0, "Total Cost": 40584.96, "Plan Rows": 134, "Plan Width": 63, "Actual Min Startup Time": 369.479, "Actual Max Startup Time": 369.479, "Actual Min Total Time": 385.419, "Actual Max Total Time": 385.419, "Actual Total Rows": 1140, "Inner Unique": false, "Join Filter": "(t.id = mk.movie_id)", "Rows Removed by Join Filter": 0, "Plans": [{"Node Type": "Nested Loop", "Parent Relationship": "Outer", "Join Type": "Inner", "Startup Cost": 0.0, "Total Cost": 40575.4, "Plan Rows": 17, "Plan Width": 75, "Actual Min Startup Time": 369.443, "Actual Max Startup Time": 369.443, "Actual Min Total Time": 383.388, "Actual Max Total Time": 383.388, "Actual Total Rows": 119, "Inner Unique": true, "Join Filter": "(at.movie_id = t.id)", "Rows Removed by Join Filter": 0, "Plans": [{"Node Type": "Nested Loop", "Parent Relationship": "Outer", "Join Type": "Inner", "Startup Cost": 0.0, "Total Cost": 40571.17, "Plan Rows": 12, "Plan Width": 54, "Actual Min Startup Time": 369.408, "Actual Max Startup Time": 369.408, "Actual Min Total Time": 382.307, "Actual Max Total Time": 382.307, "Actual Total Rows": 119, "Inner Unique": true, "Join Filter": "(mc.company_type_id = ct.id)", "Rows Removed by Join Filter": 495, "Plans": [{"Node Type": "Nested Loop", "Parent Relationship": "Outer", "Join Type": "Inner", "Startup Cost": 0.0, "Total Cost": 40569.59, "Plan Rows": 12, "Plan Width": 58, "Actual Min Startup Time": 369.367, "Actual Max Startup Time": 369.367, "Actual Min Total Time": 381.975, "Actual Max Total Time": 381.975, "Actual Total Rows": 284, "Inner Unique": true, "Plans": [{"Node Type": "Nested Loop", "Parent Relationship": "Outer", "Join Type": "Inner", "Startup Cost": 0.0, "Total Cost": 40563.84, "Plan Rows": 20, "Plan Width": 62, "Actual Min Startup Time": 369.336, "Actual Max Startup Time": 369.336, "Actual Min Total Time": 379.472, "Actual Max Total Time": 379.472, "Actual Total Rows": 400, "Inner Unique": false, "Plans": [{"Node Type": "Nested Loop", "Parent Relationship": "Outer", "Join Type": "Inner", "Startup Cost": 0.0, "Total Cost": 40558.53, "Plan Rows": 9, "Plan Width": 50, "Actual Min Startup Time": 369.306, "Actual Max Startup Time": 369.306, "Actual Min Total Time": 377.897, "Actual Max Total Time": 377.897, "Actual Total Rows": 120, "Inner Unique": false, "Plans": [{"Node Type": "Nested Loop", "Parent Relationship": "Outer", "Join Type": "Inner", "Startup Cost": 0.0, "Total Cost": 40543.12, "Plan Rows": 4, "Plan Width": 46, "Actual Min Startup Time": 369.157, "Actual Max Startup Time": 369.157, "Actual Min Total Time": 370.249, "Actual Max Total Time": 370.249, "Actual Total Rows": 1783, "Inner Unique": false, "Join Filter": "(it1.id = mi.info_type_id)", "Rows Removed by Join Filter": 0, "Plans": [{"Node Type": "Seq Scan", "Parent Relationship": "Outer", "Relation Name": "info_type", "Alias": "it1", "Startup Cost": 0.0, "Total Cost": 2.4, "Plan Rows": 1, "Plan Width": 4, "Actual Min Startup Time": 0.065, "Actual Max Startup Time": 0.065, "Actual Min Total Time": 0.088, "Actual Max Total Time": 0.088, "Actual Total Rows": 1, "Filter": "((info)::text = 'release dates'::text)", "Rows Removed by Filter": 111}, {"Node Type": "Materialize", "Parent Relationship": "Inner", "Startup Cost": 0.0, "Total Cost": 40538.17, "Plan Rows": 255, "Plan Width": 50, "Actual Min Startup Time": 369.064, "Actual Max Startup Time": 369.064, "Actual Min Total Time": 369.331, "Actual Max Total Time": 369.331, "Actual Total Rows": 1784, "Plans": [{"Node Type": "Streaming(type: LOCAL GATHER dop: 1/16)", "Parent Relationship": "Outer", "Startup Cost": 0.0, "Total Cost": 40537.53, "Plan Rows": 255, "Plan Width": 50, "Actual Min Startup Time": 178.238, "Actual Max Startup Time": 178.238, "Actual Min Total Time": 368.67, "Actual Max Total Time": 368.67, "Actual Total Rows": 1783, "Plans": [{"Node Type": "Seq Scan", "Parent Relationship": "Outer", "Relation Name": "movie_info", "Alias": "mi", "Startup Cost": 0.0, "Total Cost": 40532.03, "Plan Rows": 255, "Plan Width": 50, "Actual Min Startup Time": 85.255, "Actual Max Startup Time": 93.841, "Actual Min Total Time": 321.741, "Actual Max Total Time": 331.445, "Actual Total Rows": 1783, "Filter": "((info IS NOT NULL) AND ((note)::text ~~ '%internet%'::text) AND (((info)::text ~~ 'USA:% 199%'::text) OR ((info)::text ~~ 'USA:% 200%'::text)))", "Rows Removed by Filter": 14833936}]}]}]}, {"Node Type": "Index Only Scan", "Parent Relationship": "Inner", "Scan Direction": "Forward", "Index Name": "movie_id_aka_title", "Relation Name": "aka_title", "Alias": "at", "Startup Cost": 0.0, "Total Cost": 3.82, "Plan Rows": 3, "Plan Width": 4, "Actual Min Startup Time": 6.788, "Actual Max Startup Time": 6.788, "Actual Min Total Time": 6.817, "Actual Max Total Time": 6.817, "Actual Total Rows": 120, "Index Cond": "(movie_id = mi.movie_id)", "Rows Removed by Index Recheck": 0, "Heap Fetches": 0}]}, {"Node Type": "Index Scan", "Parent Relationship": "Inner", "Scan Direction": "Forward", "Index Name": "movie_id_movie_companies", "Relation Name": "movie_companies", "Alias": "mc", "Startup Cost": 0.0, "Total Cost": 0.57, "Plan Rows": 2, "Plan Width": 12, "Actual Min Startup Time": 1.026, "Actual Max Startup Time": 1.026, "Actual Min Total Time": 1.419, "Actual Max Total Time": 1.419, "Actual Total Rows": 400, "Index Cond": "(movie_id = at.movie_id)", "Rows Removed by Index Recheck": 0}]}, {"Node Type": "Index Scan", "Parent Relationship": "Inner", "Scan Direction": "Forward", "Index Name": "company_name_pkey", "Relation Name": "company_name", "Alias": "cn", "Startup Cost": 0.0, "Total Cost": 0.28, "Plan Rows": 1, "Plan Width": 4, "Actual Min Startup Time": 2.184, "Actual Max Startup Time": 2.184, "Actual Min Total Time": 2.184, "Actual Max Total Time": 2.184, "Actual Total Rows": 284, "Index Cond": "(id = mc.company_id)", "Rows Removed by Index Recheck": 0, "Filter": "((country_code)::text = '[us]'::text)", "Rows Removed by Filter": 116}]}, {"Node Type": "Materialize", "Parent Relationship": "Inner", "Startup Cost": 0.0, "Total Cost": 1.04, "Plan Rows": 3, "Plan Width": 4, "Actual Min Startup Time": 0.052, "Actual Max Startup Time": 0.052, "Actual Min Total Time": 0.084, "Actual Max Total Time": 0.084, "Actual Total Rows": 614, "Plans": [{"Node Type": "Seq Scan", "Parent Relationship": "Outer", "Relation Name": "company_type", "Alias": "ct", "Startup Cost": 0.0, "Total Cost": 1.03, "Plan Rows": 3, "Plan Width": 4, "Actual Min Startup Time": 0.01, "Actual Max Startup Time": 0.01, "Actual Min Total Time": 0.011, "Actual Max Total Time": 0.011, "Actual Total Rows": 3}]}]}, {"Node Type": "Index Scan", "Parent Relationship": "Inner", "Scan Direction": "Forward", "Index Name": "title_pkey", "Relation Name": "title", "Alias": "t", "Startup Cost": 0.0, "Total Cost": 0.34, "Plan Rows": 1, "Plan Width": 21, "Actual Min Startup Time": 0.914, "Actual Max Startup Time": 0.914, "Actual Min Total Time": 0.914, "Actual Max Total Time": 0.914, "Actual Total Rows": 119, "Index Cond": "(id = mc.movie_id)", "Rows Removed by Index Recheck": 0, "Filter": "(production_year > 1990)", "Rows Removed by Filter": 0}]}, {"Node Type": "Index Scan", "Parent Relationship": "Inner", "Scan Direction": "Forward", "Index Name": "movie_id_movie_keyword", "Relation Name": "movie_keyword", "Alias": "mk", "Startup Cost": 0.0, "Total Cost": 0.46, "Plan Rows": 8, "Plan Width": 8, "Actual Min Startup Time": 0.931, "Actual Max Startup Time": 0.931, "Actual Min Total Time": 1.519, "Actual Max Total Time": 1.519, "Actual Total Rows": 1140, "Index Cond": "(movie_id = mc.movie_id)", "Rows Removed by Index Recheck": 0}]}, {"Node Type": "Index Only Scan", "Parent Relationship": "Inner", "Scan Direction": "Forward", "Index Name": "keyword_pkey", "Relation Name": "keyword", "Alias": "k", "Startup Cost": 0.0, "Total Cost": 0.27, "Plan Rows": 1, "Plan Width": 4, "Actual Min Startup Time": 3.378, "Actual Max Startup Time": 3.378, "Actual Min Total Time": 3.378, "Actual Max Total Time": 3.378, "Actual Total Rows": 1140, "Index Cond": "(id = mk.keyword_id)", "Rows Removed by Index Recheck": 0, "Heap Fetches": 0}]}]}, "Triggers": [], "Planner Runtime": 327.247, "Total Runtime": 393.671, "Unique SQL Id": 2846462052}}, "(16, 9)": {"explain_plan": {"Plan": {"Node Type": "Aggregate", "Strategy": "Plain", "Startup Cost": 496841.73, "Total Cost": 496841.74, "Plan Rows": 1, "Plan Width": 123, "Plans": [{"Node Type": "Nested Loop", "Parent Relationship": "Outer", "Join Type": "Inner", "Startup Cost": 0.0, "Total Cost": 496841.06, "Plan Rows": 134, "Plan Width": 59, "Inner Unique": true, "Plans": [{"Node Type": "Nested Loop", "Parent Relationship": "Outer", "Join Type": "Inner", "Startup Cost": 0.0, "Total Cost": 496803.53, "Plan Rows": 134, "Plan Width": 63, "Inner Unique": false, "Join Filter": "(t.id = mk.movie_id)", "Plans": [{"Node Type": "Nested Loop", "Parent Relationship": "Outer", "Join Type": "Inner", "Startup Cost": 0.0, "Total Cost": 496793.97, "Plan Rows": 17, "Plan Width": 75, "Inner Unique": true, "Join Filter": "(at.movie_id = t.id)", "Plans": [{"Node Type": "Nested Loop", "Parent Relationship": "Outer", "Join Type": "Inner", "Startup Cost": 0.0, "Total Cost": 496789.74, "Plan Rows": 12, "Plan Width": 54, "Inner Unique": true, "Plans": [{"Node Type": "Nested Loop", "Parent Relationship": "Outer", "Join Type": "Inner", "Startup Cost": 0.0, "Total Cost": 496786.38, "Plan Rows": 12, "Plan Width": 58, "Inner Unique": true, "Plans": [{"Node Type": "Nested Loop", "Parent Relationship": "Outer", "Join Type": "Inner", "Startup Cost": 0.0, "Total Cost": 496780.63, "Plan Rows": 20, "Plan Width": 62, "Inner Unique": false, "Plans": [{"Node Type": "Nested Loop", "Parent Relationship": "Outer", "Join Type": "Inner", "Startup Cost": 0.0, "Total Cost": 496775.32, "Plan Rows": 9, "Plan Width": 50, "Inner Unique": false, "Plans": [{"Node Type": "Nested Loop", "Parent Relationship": "Outer", "Join Type": "Inner", "Startup Cost": 0.0, "Total Cost": 496759.91, "Plan Rows": 4, "Plan Width": 46, "Inner Unique": false, "Plans": [{"Node Type": "Index Scan", "Parent Relationship": "Outer", "Scan Direction": "Forward", "Index Name": "info_type_pkey", "Relation Name": "info_type", "Alias": "it1", "Startup Cost": 0.0, "Total Cost": 14.21, "Plan Rows": 1, "Plan Width": 4, "Filter": "((info)::text = 'release dates'::text)"}, {"Node Type": "Index Scan", "Parent Relationship": "Inner", "Scan Direction": "Forward", "Index Name": "info_type_id_movie_info", "Relation Name": "movie_info", "Alias": "mi", "Startup Cost": 0.0, "Total Cost": 496745.66, "Plan Rows": 4, "Plan Width": 50, "Index Cond": "(info_type_id = it1.id)", "Filter": "((info IS NOT NULL) AND ((note)::text ~~ '%internet%'::text) AND (((info)::text ~~ 'USA:% 199%'::text) OR ((info)::text ~~ 'USA:% 200%'::text)))"}]}, {"Node Type": "Index Only Scan", "Parent Relationship": "Inner", "Scan Direction": "Forward", "Index Name": "movie_id_aka_title", "Relation Name": "aka_title", "Alias": "at", "Startup Cost": 0.0, "Total Cost": 3.82, "Plan Rows": 3, "Plan Width": 4, "Index Cond": "(movie_id = mi.movie_id)"}]}, {"Node Type": "Index Scan", "Parent Relationship": "Inner", "Scan Direction": "Forward", "Index Name": "movie_id_movie_companies", "Relation Name": "movie_companies", "Alias": "mc", "Startup Cost": 0.0, "Total Cost": 0.57, "Plan Rows": 2, "Plan Width": 12, "Index Cond": "(movie_id = at.movie_id)"}]}, {"Node Type": "Index Scan", "Parent Relationship": "Inner", "Scan Direction": "Forward", "Index Name": "company_name_pkey", "Relation Name": "company_name", "Alias": "cn", "Startup Cost": 0.0, "Total Cost": 0.28, "Plan Rows": 1, "Plan Width": 4, "Index Cond": "(id = mc.company_id)", "Filter": "((country_code)::text = '[us]'::text)"}]}, {"Node Type": "Index Only Scan", "Parent Relationship": "Inner", "Scan Direction": "Forward", "Index Name": "company_type_pkey", "Relation Name": "company_type", "Alias": "ct", "Startup Cost": 0.0, "Total Cost": 0.27, "Plan Rows": 1, "Plan Width": 4, "Index Cond": "(id = mc.company_type_id)"}]}, {"Node Type": "Index Scan", "Parent Relationship": "Inner", "Scan Direction": "Forward", "Index Name": "title_pkey", "Relation Name": "title", "Alias": "t", "Startup Cost": 0.0, "Total Cost": 0.34, "Plan Rows": 1, "Plan Width": 21, "Index Cond": "(id = mc.movie_id)", "Filter": "(production_year > 1990)"}]}, {"Node Type": "Index Scan", "Parent Relationship": "Inner", "Scan Direction": "Forward", "Index Name": "movie_id_movie_keyword", "Relation Name": "movie_keyword", "Alias": "mk", "Startup Cost": 0.0, "Total Cost": 0.46, "Plan Rows": 8, "Plan Width": 8, "Index Cond": "(movie_id = mc.movie_id)"}]}, {"Node Type": "Index Only Scan", "Parent Relationship": "Inner", "Scan Direction": "Forward", "Index Name": "keyword_pkey", "Relation Name": "keyword", "Alias": "k", "Startup Cost": 0.0, "Total Cost": 0.27, "Plan Rows": 1, "Plan Width": 4, "Index Cond": "(id = mk.keyword_id)"}]}]}, "Unique SQL Id": 2846462052}, "explain_analyze_plan": null}, "(16, 10)": {"explain_plan": {"Plan": {"Node Type": "Aggregate", "Strategy": "Plain", "Startup Cost": 145917.69, "Total Cost": 145917.7, "Plan Rows": 1, "Plan Width": 123, "Plans": [{"Node Type": "Nested Loop", "Parent Relationship": "Outer", "Join Type": "Inner", "Startup Cost": 110902.34, "Total Cost": 145917.02, "Plan Rows": 134, "Plan Width": 59, "Inner Unique": true, "Join Filter": "(mc.company_type_id = ct.id)", "Plans": [{"Node Type": "Hash Join", "Parent Relationship": "Outer", "Join Type": "Inner", "Startup Cost": 110902.34, "Total Cost": 145909.96, "Plan Rows": 134, "Plan Width": 63, "Inner Unique": true, "Hash Cond": "(mk.keyword_id = k.id)", "Plans": [{"Node Type": "Streaming(type: LOCAL GATHER dop: 1/16)", "Parent Relationship": "Outer", "Startup Cost": 108700.05, "Total Cost": 143705.86, "Plan Rows": 134, "Plan Width": 67, "Plans": [{"Node Type": "Hash Join", "Parent Relationship": "Outer", "Join Type": "Inner", "Startup Cost": 108700.05, "Total Cost": 143702.97, "Plan Rows": 134, "Plan Width": 67, "Inner Unique": true, "Hash Cond": "(at.movie_id = t.id)", "Plans": [{"Node Type": "Streaming(type: BROADCAST dop: 16/1)", "Parent Relationship": "Outer", "Startup Cost": 102546.43, "Total Cost": 137548.9, "Plan Rows": 1552, "Plan Width": 66, "Plans": [{"Node Type": "Hash Join", "Parent Relationship": "Outer", "Join Type": "Inner", "Startup Cost": 102546.43, "Total Cost": 122515.4, "Plan Rows": 97, "Plan Width": 66, "Inner Unique": true, "Hash Cond": "(mc.company_id = cn.id)", "Plans": [{"Node Type": "Streaming(type: LOCAL GATHER dop: 1/16)", "Parent Relationship": "Outer", "Startup Cost": 100005.94, "Total Cost": 119972.39, "Plan Rows": 161, "Plan Width": 70, "Plans": [{"Node Type": "Hash Join", "Parent Relationship": "Outer", "Join Type": "Inner", "Startup Cost": 100005.94, "Total Cost": 119968.92, "Plan Rows": 161, "Plan Width": 70, "Inner Unique": false, "Hash Cond": "(mk.movie_id = at.movie_id)", "Plans": [{"Node Type": "Seq Scan", "Parent Relationship": "Outer", "Relation Name": "movie_keyword", "Alias": "mk", "Startup Cost": 0.0, "Total Cost": 18902.58, "Plan Rows": 4523929, "Plan Width": 8}, {"Node Type": "Hash", "Parent Relationship": "Inner", "Startup Cost": 100005.69, "Total Cost": 100005.69, "Plan Rows": 320, "Plan Width": 62, "Plans": [{"Node Type": "Streaming(type: BROADCAST dop: 16/16)", "Parent Relationship": "Outer", "Startup Cost": 66779.77, "Total Cost": 100005.69, "Plan Rows": 320, "Plan Width": 62, "Plans": [{"Node Type": "Hash Join", "Parent Relationship": "Outer", "Join Type": "Inner", "Startup Cost": 66779.77, "Total Cost": 85004.88, "Plan Rows": 20, "Plan Width": 62, "Inner Unique": false, "Hash Cond": "(mc.movie_id = at.movie_id)", "Plans": [{"Node Type": "Seq Scan", "Parent Relationship": "Outer", "Relation Name": "movie_companies", "Alias": "mc", "Startup Cost": 0.0, "Total Cost": 17613.58, "Plan Rows": 2609128, "Plan Width": 12}, {"Node Type": "Hash", "Parent Relationship": "Inner", "Startup Cost": 66779.66, "Total Cost": 66779.66, "Plan Rows": 144, "Plan Width": 50, "Plans": [{"Node Type": "Streaming(type: BROADCAST dop: 16/1)", "Parent Relationship": "Outer", "Startup Cost": 40543.17, "Total Cost": 66779.66, "Plan Rows": 144, "Plan Width": 50, "Plans": [{"Node Type": "Hash Join", "Parent Relationship": "Outer", "Join Type": "Inner", "Startup Cost": 40543.17, "Total Cost": 51776.55, "Plan Rows": 9, "Plan Width": 50, "Inner Unique": false, "Hash Cond": "(at.movie_id = mi.movie_id)", "Plans": [{"Node Type": "Seq Scan", "Parent Relationship": "Outer", "Relation Name": "aka_title", "Alias": "at", "Startup Cost": 0.0, "Total Cost": 9894.71, "Plan Rows": 361471, "Plan Width": 4}, {"Node Type": "Hash", "Parent Relationship": "Inner", "Startup Cost": 40543.12, "Total Cost": 40543.12, "Plan Rows": 4, "Plan Width": 46, "Plans": [{"Node Type": "Nested Loop", "Parent Relationship": "Outer", "Join Type": "Inner", "Startup Cost": 0.0, "Total Cost": 40543.12, "Plan Rows": 4, "Plan Width": 46, "Inner Unique": false, "Join Filter": "(it1.id = mi.info_type_id)", "Plans": [{"Node Type": "Seq Scan", "Parent Relationship": "Outer", "Relation Name": "info_type", "Alias": "it1", "Startup Cost": 0.0, "Total Cost": 2.4, "Plan Rows": 1, "Plan Width": 4, "Filter": "((info)::text = 'release dates'::text)"}, {"Node Type": "Materialize", "Parent Relationship": "Inner", "Startup Cost": 0.0, "Total Cost": 40538.17, "Plan Rows": 255, "Plan Width": 50, "Plans": [{"Node Type": "Streaming(type: LOCAL GATHER dop: 1/16)", "Parent Relationship": "Outer", "Startup Cost": 0.0, "Total Cost": 40537.53, "Plan Rows": 255, "Plan Width": 50, "Plans": [{"Node Type": "Seq Scan", "Parent Relationship": "Outer", "Relation Name": "movie_info", "Alias": "mi", "Startup Cost": 0.0, "Total Cost": 40532.03, "Plan Rows": 255, "Plan Width": 50, "Filter": "((info IS NOT NULL) AND ((note)::text ~~ '%internet%'::text) AND (((info)::text ~~ 'USA:% 199%'::text) OR ((info)::text ~~ 'USA:% 200%'::text)))"}]}]}]}]}]}]}]}]}]}]}]}]}, {"Node Type": "Hash", "Parent Relationship": "Inner", "Startup Cost": 5903.45, "Total Cost": 5903.45, "Plan Rows": 85170, "Plan Width": 4, "Plans": [{"Node Type": "Seq Scan", "Parent Relationship": "Outer", "Relation Name": "company_name", "Alias": "cn", "Startup Cost": 0.0, "Total Cost": 5903.45, "Plan Rows": 85170, "Plan Width": 4, "Filter": "((country_code)::text = '[us]'::text)"}]}]}]}, {"Node Type": "Hash", "Parent Relationship": "Inner", "Startup Cost": 19149.37, "Total Cost": 19149.37, "Plan Rows": 1748840, "Plan Width": 21, "Plans": [{"Node Type": "Seq Scan", "Parent Relationship": "Outer", "Relation Name": "title", "Alias": "t", "Startup Cost": 0.0, "Total Cost": 19149.37, "Plan Rows": 1748840, "Plan Width": 21, "Filter": "(production_year > 1990), (LLVM Optimized)"}]}]}]}, {"Node Type": "Hash", "Parent Relationship": "Inner", "Startup Cost": 2100.69, "Total Cost": 2100.69, "Plan Rows": 134169, "Plan Width": 4, "Plans": [{"Node Type": "Seq Scan", "Parent Relationship": "Outer", "Relation Name": "keyword", "Alias": "k", "Startup Cost": 0.0, "Total Cost": 2100.69, "Plan Rows": 134169, "Plan Width": 4}]}]}, {"Node Type": "Materialize", "Parent Relationship": "Inner", "Startup Cost": 0.0, "Total Cost": 1.04, "Plan Rows": 3, "Plan Width": 4, "Plans": [{"Node Type": "Seq Scan", "Parent Relationship": "Outer", "Relation Name": "company_type", "Alias": "ct", "Startup Cost": 0.0, "Total Cost": 1.03, "Plan Rows": 3, "Plan Width": 4}]}]}]}, "Unique SQL Id": 2846462052}, "explain_analyze_plan": {"Plan": {"Node Type": "Aggregate", "Strategy": "Plain", "Startup Cost": 145917.69, "Total Cost": 145917.7, "Plan Rows": 1, "Plan Width": 123, "Actual Min Startup Time": 751.631, "Actual Max Startup Time": 751.631, "Actual Min Total Time": 751.631, "Actual Max Total Time": 751.631, "Actual Total Rows": 1, "Plans": [{"Node Type": "Nested Loop", "Parent Relationship": "Outer", "Join Type": "Inner", "Startup Cost": 110902.34, "Total Cost": 145917.02, "Plan Rows": 134, "Plan Width": 59, "Actual Min Startup Time": 678.675, "Actual Max Startup Time": 678.675, "Actual Min Total Time": 750.948, "Actual Max Total Time": 750.948, "Actual Total Rows": 1140, "Inner Unique": true, "Join Filter": "(mc.company_type_id = ct.id)", "Rows Removed by Join Filter": 3393, "Plans": [{"Node Type": "Hash Join", "Parent Relationship": "Outer", "Join Type": "Inner", "Startup Cost": 110902.34, "Total Cost": 145909.96, "Plan Rows": 134, "Plan Width": 63, "Actual Min Startup Time": 678.576, "Actual Max Startup Time": 678.576, "Actual Min Total Time": 748.829, "Actual Max Total Time": 748.829, "Actual Total Rows": 2271, "Inner Unique": true, "Hash Cond": "(mk.keyword_id = k.id)", "Plans": [{"Node Type": "Streaming(type: LOCAL GATHER dop: 1/16)", "Parent Relationship": "Outer", "Startup Cost": 108700.05, "Total Cost": 143705.86, "Plan Rows": 134, "Plan Width": 67, "Actual Min Startup Time": 605.512, "Actual Max Startup Time": 605.512, "Actual Min Total Time": 674.657, "Actual Max Total Time": 674.657, "Actual Total Rows": 2271, "Plans": [{"Node Type": "Hash Join", "Parent Relationship": "Outer", "Join Type": "Inner", "Startup Cost": 108700.05, "Total Cost": 143702.97, "Plan Rows": 134, "Plan Width": 67, "Actual Min Startup Time": 522.702, "Actual Max Startup Time": 651.908, "Actual Min Total Time": 631.426, "Actual Max Total Time": 671.255, "Actual Total Rows": 2271, "Inner Unique": true, "Hash Cond": "(at.movie_id = t.id)", "Plans": [{"Node Type": "Streaming(type: BROADCAST dop: 16/1)", "Parent Relationship": "Outer", "Startup Cost": 102546.43, "Total Cost": 137548.9, "Plan Rows": 1552, "Plan Width": 66, "Actual Min Startup Time": 416.412, "Actual Max Startup Time": 461.277, "Actual Min Total Time": 528.803, "Actual Max Total Time": 573.17, "Actual Total Rows": 36336, "Plans": [{"Node Type": "Hash Join", "Parent Relationship": "Outer", "Join Type": "Inner", "Startup Cost": 102546.43, "Total Cost": 122515.4, "Plan Rows": 97, "Plan Width": 66, "Actual Min Startup Time": 547.358, "Actual Max Startup Time": 547.358, "Actual Min Total Time": 631.424, "Actual Max Total Time": 631.424, "Actual Total Rows": 2271, "Inner Unique": true, "Hash Cond": "(mc.company_id = cn.id)", "Plans": [{"Node Type": "Streaming(type: LOCAL GATHER dop: 1/16)", "Parent Relationship": "Outer", "Startup Cost": 100005.94, "Total Cost": 119972.39, "Plan Rows": 161, "Plan Width": 70, "Actual Min Startup Time": 425.693, "Actual Max Startup Time": 425.693, "Actual Min Total Time": 508.418, "Actual Max Total Time": 508.418, "Actual Total Rows": 3123, "Plans": [{"Node Type": "Hash Join", "Parent Relationship": "Outer", "Join Type": "Inner", "Startup Cost": 100005.94, "Total Cost": 119968.92, "Plan Rows": 161, "Plan Width": 70, "Actual Min Startup Time": 536.217, "Actual Max Startup Time": 640.218, "Actual Min Total Time": 637.906, "Actual Max Total Time": 665.178, "Actual Total Rows": 3123, "Inner Unique": false, "Hash Cond": "(mk.movie_id = at.movie_id)", "Plans": [{"Node Type": "Seq Scan", "Parent Relationship": "Outer", "Relation Name": "movie_keyword", "Alias": "mk", "Startup Cost": 0.0, "Total Cost": 18902.58, "Plan Rows": 4523929, "Plan Width": 8, "Actual Min Startup Time": 0.057, "Actual Max Startup Time": 0.077, "Actual Min Total Time": 57.377, "Actual Max Total Time": 63.476, "Actual Total Rows": 4523929}, {"Node Type": "Hash", "Parent Relationship": "Inner", "Startup Cost": 100005.69, "Total Cost": 100005.69, "Plan Rows": 320, "Plan Width": 62, "Actual Min Startup Time": 532.732, "Actual Max Startup Time": 561.103, "Actual Min Total Time": 532.732, "Actual Max Total Time": 561.103, "Actual Total Rows": 6400, "Max Hash Buckets": 32768, "Min Hash Buckets": 32768, "Max Hash Batches": 1, "Min Hash Batches": 1, "Max Original Hash Batches": 1, "Min Original Hash Batches": 1, "Max Peak Memory Usage": 29, "min Peak Memory Usage": 29, "Plans": [{"Node Type": "Streaming(type: BROADCAST dop: 16/16)", "Parent Relationship": "Outer", "Startup Cost": 66779.77, "Total Cost": 100005.69, "Plan Rows": 320, "Plan Width": 62, "Actual Min Startup Time": 521.287, "Actual Max Startup Time": 549.686, "Actual Min Total Time": 532.609, "Actual Max Total Time": 560.986, "Actual Total Rows": 6400, "Plans": [{"Node Type": "Hash Join", "Parent Relationship": "Outer", "Join Type": "Inner", "Startup Cost": 66779.77, "Total Cost": 85004.88, "Plan Rows": 20, "Plan Width": 62, "Actual Min Startup Time": 470.239, "Actual Max Startup Time": 504.882, "Actual Min Total Time": 524.261, "Actual Max Total Time": 564.03, "Actual Total Rows": 400, "Inner Unique": false, "Hash Cond": "(mc.movie_id = at.movie_id)", "Plans": [{"Node Type": "Seq Scan", "Parent Relationship": "Outer", "Relation Name": "movie_companies", "Alias": "mc", "Startup Cost": 0.0, "Total Cost": 17613.58, "Plan Rows": 2609128, "Plan Width": 12, "Actual Min Startup Time": 0.035, "Actual Max Startup Time": 0.062, "Actual Min Total Time": 32.926, "Actual Max Total Time": 40.022, "Actual Total Rows": 2609128}, {"Node Type": "Hash", "Parent Relationship": "Inner", "Startup Cost": 66779.66, "Total Cost": 66779.66, "Plan Rows": 144, "Plan Width": 50, "Actual Min Startup Time": 463.428, "Actual Max Startup Time": 497.81, "Actual Min Total Time": 463.428, "Actual Max Total Time": 497.81, "Actual Total Rows": 1920, "Max Hash Buckets": 32768, "Min Hash Buckets": 32768, "Max Hash Batches": 1, "Min Hash Batches": 1, "Max Original Hash Batches": 1, "Min Original Hash Batches": 1, "Max Peak Memory Usage": 8, "min Peak Memory Usage": 8, "Plans": [{"Node Type": "Streaming(type: BROADCAST dop: 16/1)", "Parent Relationship": "Outer", "Startup Cost": 40543.17, "Total Cost": 66779.66, "Plan Rows": 144, "Plan Width": 50, "Actual Min Startup Time": 422.459, "Actual Max Startup Time": 456.845, "Actual Min Total Time": 463.372, "Actual Max Total Time": 497.746, "Actual Total Rows": 1920, "Plans": [{"Node Type": "Hash Join", "Parent Relationship": "Outer", "Join Type": "Inner", "Startup Cost": 40543.17, "Total Cost": 51776.55, "Plan Rows": 9, "Plan Width": 50, "Actual Min Startup Time": 307.463, "Actual Max Startup Time": 307.463, "Actual Min Total Time": 469.161, "Actual Max Total Time": 469.161, "Actual Total Rows": 120, "Inner Unique": false, "Hash Cond": "(at.movie_id = mi.movie_id)", "Plans": [{"Node Type": "Seq Scan", "Parent Relationship": "Outer", "Relation Name": "aka_title", "Alias": "at", "Startup Cost": 0.0, "Total Cost": 9894.71, "Plan Rows": 361471, "Plan Width": 4, "Actual Min Startup Time": 0.033, "Actual Max Startup Time": 0.033, "Actual Min Total Time": 97.995, "Actual Max Total Time": 97.995, "Actual Total Rows": 361471}, {"Node Type": "Hash", "Parent Relationship": "Inner", "Startup Cost": 40543.12, "Total Cost": 40543.12, "Plan Rows": 4, "Plan Width": 46, "Actual Min Startup Time": 307.139, "Actual Max Startup Time": 307.139, "Actual Min Total Time": 307.139, "Actual Max Total Time": 307.139, "Actual Total Rows": 1783, "Max Hash Buckets": 32768, "Min Hash Buckets": 32768, "Max Hash Batches": 1, "Min Hash Batches": 1, "Max Original Hash Batches": 1, "Min Original Hash Batches": 1, "Max Peak Memory Usage": 99, "min Peak Memory Usage": 99, "Plans": [{"Node Type": "Nested Loop", "Parent Relationship": "Outer", "Join Type": "Inner", "Startup Cost": 0.0, "Total Cost": 40543.12, "Plan Rows": 4, "Plan Width": 46, "Actual Min Startup Time": 305.778, "Actual Max Startup Time": 305.778, "Actual Min Total Time": 306.577, "Actual Max Total Time": 306.577, "Actual Total Rows": 1783, "Inner Unique": false, "Join Filter": "(it1.id = mi.info_type_id)", "Rows Removed by Join Filter": 0, "Plans": [{"Node Type": "Seq Scan", "Parent Relationship": "Outer", "Relation Name": "info_type", "Alias": "it1", "Startup Cost": 0.0, "Total Cost": 2.4, "Plan Rows": 1, "Plan Width": 4, "Actual Min Startup Time": 0.066, "Actual Max Startup Time": 0.066, "Actual Min Total Time": 0.09, "Actual Max Total Time": 0.09, "Actual Total Rows": 1, "Filter": "((info)::text = 'release dates'::text)", "Rows Removed by Filter": 111}, {"Node Type": "Materialize", "Parent Relationship": "Inner", "Startup Cost": 0.0, "Total Cost": 40538.17, "Plan Rows": 255, "Plan Width": 50, "Actual Min Startup Time": 305.68, "Actual Max Startup Time": 305.68, "Actual Min Total Time": 305.846, "Actual Max Total Time": 305.846, "Actual Total Rows": 1784, "Plans": [{"Node Type": "Streaming(type: LOCAL GATHER dop: 1/16)", "Parent Relationship": "Outer", "Startup Cost": 0.0, "Total Cost": 40537.53, "Plan Rows": 255, "Plan Width": 50, "Actual Min Startup Time": 131.885, "Actual Max Startup Time": 131.885, "Actual Min Total Time": 305.335, "Actual Max Total Time": 305.335, "Actual Total Rows": 1783, "Plans": [{"Node Type": "Seq Scan", "Parent Relationship": "Outer", "Relation Name": "movie_info", "Alias": "mi", "Startup Cost": 0.0, "Total Cost": 40532.03, "Plan Rows": 255, "Plan Width": 50, "Actual Min Startup Time": 81.217, "Actual Max Startup Time": 89.305, "Actual Min Total Time": 295.699, "Actual Max Total Time": 303.732, "Actual Total Rows": 1783, "Filter": "((info IS NOT NULL) AND ((note)::text ~~ '%internet%'::text) AND (((info)::text ~~ 'USA:% 199%'::text) OR ((info)::text ~~ 'USA:% 200%'::text)))", "Rows Removed by Filter": 14833936}]}]}]}]}]}]}]}]}]}]}]}]}, {"Node Type": "Hash", "Parent Relationship": "Inner", "Startup Cost": 5903.45, "Total Cost": 5903.45, "Plan Rows": 85170, "Plan Width": 4, "Actual Min Startup Time": 121.381, "Actual Max Startup Time": 121.381, "Actual Min Total Time": 121.381, "Actual Max Total Time": 121.381, "Actual Total Rows": 84843, "Max Hash Buckets": 131072, "Min Hash Buckets": 131072, "Max Hash Batches": 1, "Min Hash Batches": 1, "Max Original Hash Batches": 1, "Min Original Hash Batches": 1, "Max Peak Memory Usage": 2983, "min Peak Memory Usage": 2983, "Plans": [{"Node Type": "Seq Scan", "Parent Relationship": "Outer", "Relation Name": "company_name", "Alias": "cn", "Startup Cost": 0.0, "Total Cost": 5903.45, "Plan Rows": 85170, "Plan Width": 4, "Actual Min Startup Time": 0.073, "Actual Max Startup Time": 0.073, "Actual Min Total Time": 97.731, "Actual Max Total Time": 97.731, "Actual Total Rows": 84843, "Filter": "((country_code)::text = '[us]'::text)", "Rows Removed by Filter": 150153}]}]}]}, {"Node Type": "Hash", "Parent Relationship": "Inner", "Startup Cost": 19149.37, "Total Cost": 19149.37, "Plan Rows": 1748840, "Plan Width": 21, "Actual Min Startup Time": 97.381, "Actual Max Startup Time": 102.063, "Actual Min Total Time": 97.381, "Actual Max Total Time": 102.063, "Actual Total Rows": 1749032, "Max Hash Buckets": 131072, "Min Hash Buckets": 131072, "Max Hash Batches": 1, "Min Hash Batches": 1, "Max Original Hash Batches": 1, "Min Original Hash Batches": 1, "Max Peak Memory Usage": 5962, "min Peak Memory Usage": 5962, "Plans": [{"Node Type": "Seq Scan", "Parent Relationship": "Outer", "Relation Name": "title", "Alias": "t", "Startup Cost": 0.0, "Total Cost": 19149.37, "Plan Rows": 1748840, "Plan Width": 21, "Actual Min Startup Time": 0.025, "Actual Max Startup Time": 0.039, "Actual Min Total Time": 63.19, "Actual Max Total Time": 67.215, "Actual Total Rows": 1749032, "Filter": "(production_year > 1990), (LLVM Optimized, Jit Execute)", "Rows Removed by Filter": 779279}]}]}]}, {"Node Type": "Hash", "Parent Relationship": "Inner", "Startup Cost": 2100.69, "Total Cost": 2100.69, "Plan Rows": 134169, "Plan Width": 4, "Actual Min Startup Time": 72.825, "Actual Max Startup Time": 72.825, "Actual Min Total Time": 72.825, "Actual Max Total Time": 72.825, "Actual Total Rows": 134169, "Max Hash Buckets": 262144, "Min Hash Buckets": 262144, "Max Hash Batches": 1, "Min Hash Batches": 1, "Max Original Hash Batches": 1, "Min Original Hash Batches": 1, "Max Peak Memory Usage": 4717, "min Peak Memory Usage": 4717, "Plans": [{"Node Type": "Seq Scan", "Parent Relationship": "Outer", "Relation Name": "keyword", "Alias": "k", "Startup Cost": 0.0, "Total Cost": 2100.69, "Plan Rows": 134169, "Plan Width": 4, "Actual Min Startup Time": 0.045, "Actual Max Startup Time": 0.045, "Actual Min Total Time": 37.928, "Actual Max Total Time": 37.928, "Actual Total Rows": 134169}]}]}, {"Node Type": "Materialize", "Parent Relationship": "Inner", "Startup Cost": 0.0, "Total Cost": 1.04, "Plan Rows": 3, "Plan Width": 4, "Actual Min Startup Time": 0.241, "Actual Max Startup Time": 0.241, "Actual Min Total Time": 0.568, "Actual Max Total Time": 0.568, "Actual Total Rows": 4534, "Plans": [{"Node Type": "Seq Scan", "Parent Relationship": "Outer", "Relation Name": "company_type", "Alias": "ct", "Startup Cost": 0.0, "Total Cost": 1.03, "Plan Rows": 3, "Plan Width": 4, "Actual Min Startup Time": 0.031, "Actual Max Startup Time": 0.031, "Actual Min Total Time": 0.033, "Actual Max Total Time": 0.033, "Actual Total Rows": 3}]}]}]}, "Triggers": [], "Planner Runtime": 623.807, "Total Runtime": 776.269, "Unique SQL Id": 2846462052}}, "(16, 11)": {"explain_plan": {"Plan": {"Node Type": "Aggregate", "Strategy": "Plain", "Startup Cost": 8992369740906.11, "Total Cost": 8992369740906.12, "Plan Rows": 1, "Plan Width": 123, "Plans": [{"Node Type": "Nested Loop", "Parent Relationship": "Outer", "Join Type": "Inner", "Startup Cost": 90000000000.0, "Total Cost": 8992369740905.44, "Plan Rows": 134, "Plan Width": 59, "Inner Unique": false, "Join Filter": "(t.id = at.movie_id)", "Plans": [{"Node Type": "Index Only Scan", "Parent Relationship": "Outer", "Scan Direction": "Forward", "Index Name": "movie_id_aka_title", "Relation Name": "aka_title", "Alias": "at", "Startup Cost": 10000000000.0, "Total Cost": 1000000898631.5, "Plan Rows": 361471, "Plan Width": 4}, {"Node Type": "Materialize", "Parent Relationship": "Inner", "Startup Cost": 80000000000.0, "Total Cost": 7992368413931.01, "Plan Rows": 79, "Plan Width": 75, "Plans": [{"Node Type": "Nested Loop", "Parent Relationship": "Outer", "Join Type": "Inner", "Startup Cost": 80000000000.0, "Total Cost": 7992368413930.61, "Plan Rows": 79, "Plan Width": 75, "Inner Unique": true, "Join Filter": "(mk.keyword_id = k.id)", "Plans": [{"Node Type": "Nested Loop", "Parent Relationship": "Outer", "Join Type": "Inner", "Startup Cost": 70000000000.0, "Total Cost": 6992368048526.42, "Plan Rows": 79, "Plan Width": 79, "Inner Unique": true, "Join Filter": "(mi.info_type_id = it1.id)", "Plans": [{"Node Type": "Merge Join", "Parent Relationship": "Outer", "Join Type": "Inner", "Startup Cost": 60000000000.0, "Total Cost": 5992368047028.28, "Plan Rows": 5143, "Plan Width": 83, "Inner Unique": false, "Merge Cond": "(t.id = mk.movie_id)", "Plans": [{"Node Type": "Nested Loop", "Parent Relationship": "Outer", "Join Type": "Inner", "Startup Cost": 50000000000.0, "Total Cost": 5000148244105.78, "Plan Rows": 635, "Plan Width": 75, "Inner Unique": true, "Join Filter": "(mc.company_type_id = ct.id)", "Plans": [{"Node Type": "Nested Loop", "Parent Relationship": "Outer", "Join Type": "Inner", "Startup Cost": 40000000000.0, "Total Cost": 4000148243247.7, "Plan Rows": 635, "Plan Width": 79, "Inner Unique": true, "Join Filter": "(mc.company_id = cn.id)", "Plans": [{"Node Type": "Merge Join", "Parent Relationship": "Outer", "Join Type": "Inner", "Startup Cost": 30000000000.0, "Total Cost": 3000146228345.55, "Plan Rows": 755, "Plan Width": 83, "Inner Unique": false, "Merge Cond": "(t.id = mc.movie_id)", "Plans": [{"Node Type": "Nested Loop", "Parent Relationship": "Outer", "Join Type": "Inner", "Startup Cost": 20000000000.0, "Total Cost": 2000133169868.42, "Plan Rows": 353, "Plan Width": 71, "Inner Unique": false, "Join Filter": "(mi.movie_id = t.id)", "Plans": [{"Node Type": "Index Scan", "Parent Relationship": "Outer", "Scan Direction": "Forward", "Index Name": "title_pkey", "Relation Name": "title", "Alias": "t", "Startup Cost": 10000000000.0, "Total Cost": 1000011644126.66, "Plan Rows": 1748840, "Plan Width": 21, "Filter": "(production_year > 1990), (LLVM Optimized)"}, {"Node Type": "Materialize", "Parent Relationship": "Inner", "Startup Cost": 10000000000.0, "Total Cost": 1000114836429.39, "Plan Rows": 255, "Plan Width": 50, "Plans": [{"Node Type": "Index Scan", "Parent Relationship": "Outer", "Scan Direction": "Forward", "Index Name": "info_type_id_movie_info", "Relation Name": "movie_info", "Alias": "mi", "Startup Cost": 10000000000.0, "Total Cost": 1000114836428.12, "Plan Rows": 255, "Plan Width": 50, "Filter": "((info IS NOT NULL) AND ((note)::text ~~ '%internet%'::text) AND (((info)::text ~~ 'USA:% 199%'::text) OR ((info)::text ~~ 'USA:% 200%'::text)))"}]}]}, {"Node Type": "Index Scan", "Parent Relationship": "Inner", "Scan Direction": "Forward", "Index Name": "movie_id_movie_companies", "Relation Name": "movie_companies", "Alias": "mc", "Startup Cost": 10000000000.0, "Total Cost": 1000013051946.13, "Plan Rows": 2609128, "Plan Width": 12}]}, {"Node Type": "Materialize", "Parent Relationship": "Inner", "Startup Cost": 10000000000.0, "Total Cost": 1000001050564.82, "Plan Rows": 85170, "Plan Width": 4, "Plans": [{"Node Type": "Index Scan", "Parent Relationship": "Outer", "Scan Direction": "Forward", "Index Name": "company_name_pkey", "Relation Name": "company_name", "Alias": "cn", "Startup Cost": 10000000000.0, "Total Cost": 1000001050138.97, "Plan Rows": 85170, "Plan Width": 4, "Filter": "((country_code)::text = '[us]'::text)"}]}]}, {"Node Type": "Materialize", "Parent Relationship": "Inner", "Startup Cost": 10000000000.0, "Total Cost": 1000000000829.52, "Plan Rows": 3, "Plan Width": 4, "Plans": [{"Node Type": "Index Only Scan", "Parent Relationship": "Outer", "Scan Direction": "Forward", "Index Name": "company_type_pkey", "Relation Name": "company_type", "Alias": "ct", "Startup Cost": 10000000000.0, "Total Cost": 1000000000829.5, "Plan Rows": 3, "Plan Width": 4}]}]}, {"Node Type": "Index Scan", "Parent Relationship": "Inner", "Scan Direction": "Forward", "Index Name": "movie_id_movie_keyword", "Relation Name": "movie_keyword", "Alias": "mk", "Startup Cost": 10000000000.0, "Total Cost": 1000015300634.17, "Plan Rows": 4523929, "Plan Width": 8}]}, {"Node Type": "Materialize", "Parent Relationship": "Inner", "Startup Cost": 10000000000.0, "Total Cost": 1000000001421.0, "Plan Rows": 1, "Plan Width": 4, "Plans": [{"Node Type": "Index Scan", "Parent Relationship": "Outer", "Scan Direction": "Forward", "Index Name": "info_type_pkey", "Relation Name": "info_type", "Alias": "it1", "Startup Cost": 10000000000.0, "Total Cost": 1000000001421.0, "Plan Rows": 1, "Plan Width": 4, "Filter": "((info)::text = 'release dates'::text)"}]}]}, {"Node Type": "Materialize", "Parent Relationship": "Inner", "Startup Cost": 10000000000.0, "Total Cost": 1000000206749.34, "Plan Rows": 134169, "Plan Width": 4, "Plans": [{"Node Type": "Index Only Scan", "Parent Relationship": "Outer", "Scan Direction": "Forward", "Index Name": "keyword_pkey", "Relation Name": "keyword", "Alias": "k", "Startup Cost": 10000000000.0, "Total Cost": 1000000206078.5, "Plan Rows": 134169, "Plan Width": 4}]}]}]}]}]}, "Unique SQL Id": 2846462052}, "explain_analyze_plan": null}, "(16, 12)": {"explain_plan": {"Plan": {"Node Type": "Aggregate", "Strategy": "Plain", "Startup Cost": 40634.41, "Total Cost": 40634.42, "Plan Rows": 1, "Plan Width": 123, "Plans": [{"Node Type": "Nested Loop", "Parent Relationship": "Outer", "Join Type": "Inner", "Startup Cost": 0.0, "Total Cost": 40633.74, "Plan Rows": 134, "Plan Width": 59, "Inner Unique": true, "Plans": [{"Node Type": "Nested Loop", "Parent Relationship": "Outer", "Join Type": "Inner", "Startup Cost": 0.0, "Total Cost": 40596.13, "Plan Rows": 134, "Plan Width": 63, "Inner Unique": false, "Join Filter": "(t.id = mk.movie_id)", "Plans": [{"Node Type": "Nested Loop", "Parent Relationship": "Outer", "Join Type": "Inner", "Startup Cost": 0.0, "Total Cost": 40586.57, "Plan Rows": 17, "Plan Width": 75, "Inner Unique": false, "Plans": [{"Node Type": "Nested Loop", "Parent Relationship": "Outer", "Join Type": "Inner", "Startup Cost": 0.0, "Total Cost": 40583.01, "Plan Rows": 10, "Plan Width": 71, "Inner Unique": true, "Plans": [{"Node Type": "Nested Loop", "Parent Relationship": "Outer", "Join Type": "Inner", "Startup Cost": 0.0, "Total Cost": 40579.84, "Plan Rows": 11, "Plan Width": 75, "Inner Unique": true, "Join Filter": "(mc.company_type_id = ct.id)", "Plans": [{"Node Type": "Nested Loop", "Parent Relationship": "Outer", "Join Type": "Inner", "Startup Cost": 0.0, "Total Cost": 40578.27, "Plan Rows": 12, "Plan Width": 79, "Inner Unique": false, "Plans": [{"Node Type": "Nested Loop", "Parent Relationship": "Outer", "Join Type": "Inner", "Startup Cost": 0.0, "Total Cost": 40576.06, "Plan Rows": 6, "Plan Width": 67, "Inner Unique": true, "Plans": [{"Node Type": "Nested Loop", "Parent Relationship": "Outer", "Join Type": "Inner", "Startup Cost": 0.0, "Total Cost": 40543.12, "Plan Rows": 4, "Plan Width": 46, "Inner Unique": false, "Join Filter": "(it1.id = mi.info_type_id)", "Plans": [{"Node Type": "Seq Scan", "Parent Relationship": "Outer", "Relation Name": "info_type", "Alias": "it1", "Startup Cost": 0.0, "Total Cost": 2.4, "Plan Rows": 1, "Plan Width": 4, "Filter": "((info)::text = 'release dates'::text)"}, {"Node Type": "Materialize", "Parent Relationship": "Inner", "Startup Cost": 0.0, "Total Cost": 40538.17, "Plan Rows": 255, "Plan Width": 50, "Plans": [{"Node Type": "Streaming(type: LOCAL GATHER dop: 1/16)", "Parent Relationship": "Outer", "Startup Cost": 0.0, "Total Cost": 40537.53, "Plan Rows": 255, "Plan Width": 50, "Plans": [{"Node Type": "Seq Scan", "Parent Relationship": "Outer", "Relation Name": "movie_info", "Alias": "mi", "Startup Cost": 0.0, "Total Cost": 40532.03, "Plan Rows": 255, "Plan Width": 50, "Filter": "((info IS NOT NULL) AND ((note)::text ~~ '%internet%'::text) AND (((info)::text ~~ 'USA:% 199%'::text) OR ((info)::text ~~ 'USA:% 200%'::text)))"}]}]}]}, {"Node Type": "Index Scan", "Parent Relationship": "Inner", "Scan Direction": "Forward", "Index Name": "title_pkey", "Relation Name": "title", "Alias": "t", "Startup Cost": 0.0, "Total Cost": 8.23, "Plan Rows": 1, "Plan Width": 21, "Index Cond": "(id = mi.movie_id)", "Filter": "(production_year > 1990)"}]}, {"Node Type": "Index Scan", "Parent Relationship": "Inner", "Scan Direction": "Forward", "Index Name": "movie_id_movie_companies", "Relation Name": "movie_companies", "Alias": "mc", "Startup Cost": 0.0, "Total Cost": 0.35, "Plan Rows": 2, "Plan Width": 12, "Index Cond": "(movie_id = t.id)"}]}, {"Node Type": "Materialize", "Parent Relationship": "Inner", "Startup Cost": 0.0, "Total Cost": 1.04, "Plan Rows": 3, "Plan Width": 4, "Plans": [{"Node Type": "Seq Scan", "Parent Relationship": "Outer", "Relation Name": "company_type", "Alias": "ct", "Startup Cost": 0.0, "Total Cost": 1.03, "Plan Rows": 3, "Plan Width": 4}]}]}, {"Node Type": "Index Scan", "Parent Relationship": "Inner", "Scan Direction": "Forward", "Index Name": "company_name_pkey", "Relation Name": "company_name", "Alias": "cn", "Startup Cost": 0.0, "Total Cost": 0.28, "Plan Rows": 1, "Plan Width": 4, "Index Cond": "(id = mc.company_id)", "Filter": "((country_code)::text = '[us]'::text)"}]}, {"Node Type": "Index Scan", "Parent Relationship": "Inner", "Scan Direction": "Forward", "Index Name": "movie_id_aka_title", "Relation Name": "aka_title", "Alias": "at", "Startup Cost": 0.0, "Total Cost": 0.33, "Plan Rows": 3, "Plan Width": 4, "Index Cond": "(movie_id = t.id)"}]}, {"Node Type": "Index Scan", "Parent Relationship": "Inner", "Scan Direction": "Forward", "Index Name": "movie_id_movie_keyword", "Relation Name": "movie_keyword", "Alias": "mk", "Startup Cost": 0.0, "Total Cost": 0.46, "Plan Rows": 8, "Plan Width": 8, "Index Cond": "(movie_id = mc.movie_id)"}]}, {"Node Type": "Index Scan", "Parent Relationship": "Inner", "Scan Direction": "Forward", "Index Name": "keyword_pkey", "Relation Name": "keyword", "Alias": "k", "Startup Cost": 0.0, "Total Cost": 0.27, "Plan Rows": 1, "Plan Width": 4, "Index Cond": "(id = mk.keyword_id)"}]}]}, "Unique SQL Id": 2846462052}, "explain_analyze_plan": {"Plan": {"Node Type": "Aggregate", "Strategy": "Plain", "Startup Cost": 40634.41, "Total Cost": 40634.42, "Plan Rows": 1, "Plan Width": 123, "Actual Min Startup Time": 434.003, "Actual Max Startup Time": 434.003, "Actual Min Total Time": 434.003, "Actual Max Total Time": 434.003, "Actual Total Rows": 1, "Plans": [{"Node Type": "Nested Loop", "Parent Relationship": "Outer", "Join Type": "Inner", "Startup Cost": 0.0, "Total Cost": 40633.74, "Plan Rows": 134, "Plan Width": 59, "Actual Min Startup Time": 371.209, "Actual Max Startup Time": 371.209, "Actual Min Total Time": 433.203, "Actual Max Total Time": 433.203, "Actual Total Rows": 1140, "Inner Unique": true, "Plans": [{"Node Type": "Nested Loop", "Parent Relationship": "Outer", "Join Type": "Inner", "Startup Cost": 0.0, "Total Cost": 40596.13, "Plan Rows": 134, "Plan Width": 63, "Actual Min Startup Time": 371.182, "Actual Max Startup Time": 371.182, "Actual Min Total Time": 427.563, "Actual Max Total Time": 427.563, "Actual Total Rows": 1140, "Inner Unique": false, "Join Filter": "(t.id = mk.movie_id)", "Rows Removed by Join Filter": 0, "Plans": [{"Node Type": "Nested Loop", "Parent Relationship": "Outer", "Join Type": "Inner", "Startup Cost": 0.0, "Total Cost": 40586.57, "Plan Rows": 17, "Plan Width": 75, "Actual Min Startup Time": 371.148, "Actual Max Startup Time": 371.148, "Actual Min Total Time": 425.597, "Actual Max Total Time": 425.597, "Actual Total Rows": 119, "Inner Unique": false, "Plans": [{"Node Type": "Nested Loop", "Parent Relationship": "Outer", "Join Type": "Inner", "Startup Cost": 0.0, "Total Cost": 40583.01, "Plan Rows": 10, "Plan Width": 71, "Actual Min Startup Time": 370.6, "Actual Max Startup Time": 370.6, "Actual Min Total Time": 418.562, "Actual Max Total Time": 418.562, "Actual Total Rows": 1488, "Inner Unique": true, "Plans": [{"Node Type": "Nested Loop", "Parent Relationship": "Outer", "Join Type": "Inner", "Startup Cost": 0.0, "Total Cost": 40579.84, "Plan Rows": 11, "Plan Width": 75, "Actual Min Startup Time": 370.556, "Actual Max Startup Time": 370.556, "Actual Min Total Time": 407.501, "Actual Max Total Time": 407.501, "Actual Total Rows": 1599, "Inner Unique": true, "Join Filter": "(mc.company_type_id = ct.id)", "Rows Removed by Join Filter": 3855, "Plans": [{"Node Type": "Nested Loop", "Parent Relationship": "Outer", "Join Type": "Inner", "Startup Cost": 0.0, "Total Cost": 40578.27, "Plan Rows": 12, "Plan Width": 79, "Actual Min Startup Time": 370.519, "Actual Max Startup Time": 370.519, "Actual Min Total Time": 404.953, "Actual Max Total Time": 404.953, "Actual Total Rows": 2884, "Inner Unique": false, "Plans": [{"Node Type": "Nested Loop", "Parent Relationship": "Outer", "Join Type": "Inner", "Startup Cost": 0.0, "Total Cost": 40576.06, "Plan Rows": 6, "Plan Width": 67, "Actual Min Startup Time": 370.492, "Actual Max Startup Time": 370.492, "Actual Min Total Time": 387.489, "Actual Max Total Time": 387.489, "Actual Total Rows": 1782, "Inner Unique": true, "Plans": [{"Node Type": "Nested Loop", "Parent Relationship": "Outer", "Join Type": "Inner", "Startup Cost": 0.0, "Total Cost": 40543.12, "Plan Rows": 4, "Plan Width": 46, "Actual Min Startup Time": 370.444, "Actual Max Startup Time": 370.444, "Actual Min Total Time": 371.648, "Actual Max Total Time": 371.648, "Actual Total Rows": 1783, "Inner Unique": false, "Join Filter": "(it1.id = mi.info_type_id)", "Rows Removed by Join Filter": 0, "Plans": [{"Node Type": "Seq Scan", "Parent Relationship": "Outer", "Relation Name": "info_type", "Alias": "it1", "Startup Cost": 0.0, "Total Cost": 2.4, "Plan Rows": 1, "Plan Width": 4, "Actual Min Startup Time": 0.077, "Actual Max Startup Time": 0.077, "Actual Min Total Time": 0.103, "Actual Max Total Time": 0.103, "Actual Total Rows": 1, "Filter": "((info)::text = 'release dates'::text)", "Rows Removed by Filter": 111}, {"Node Type": "Materialize", "Parent Relationship": "Inner", "Startup Cost": 0.0, "Total Cost": 40538.17, "Plan Rows": 255, "Plan Width": 50, "Actual Min Startup Time": 370.342, "Actual Max Startup Time": 370.342, "Actual Min Total Time": 370.697, "Actual Max Total Time": 370.697, "Actual Total Rows": 1784, "Plans": [{"Node Type": "Streaming(type: LOCAL GATHER dop: 1/16)", "Parent Relationship": "Outer", "Startup Cost": 0.0, "Total Cost": 40537.53, "Plan Rows": 255, "Plan Width": 50, "Actual Min Startup Time": 178.955, "Actual Max Startup Time": 178.955, "Actual Min Total Time": 369.947, "Actual Max Total Time": 369.947, "Actual Total Rows": 1783, "Plans": [{"Node Type": "Seq Scan", "Parent Relationship": "Outer", "Relation Name": "movie_info", "Alias": "mi", "Startup Cost": 0.0, "Total Cost": 40532.03, "Plan Rows": 255, "Plan Width": 50, "Actual Min Startup Time": 82.571, "Actual Max Startup Time": 94.028, "Actual Min Total Time": 298.766, "Actual Max Total Time": 331.696, "Actual Total Rows": 1783, "Filter": "((info IS NOT NULL) AND ((note)::text ~~ '%internet%'::text) AND (((info)::text ~~ 'USA:% 199%'::text) OR ((info)::text ~~ 'USA:% 200%'::text)))", "Rows Removed by Filter": 14833936}]}]}]}, {"Node Type": "Index Scan", "Parent Relationship": "Inner", "Scan Direction": "Forward", "Index Name": "title_pkey", "Relation Name": "title", "Alias": "t", "Startup Cost": 0.0, "Total Cost": 8.23, "Plan Rows": 1, "Plan Width": 21, "Actual Min Startup Time": 14.414, "Actual Max Startup Time": 14.414, "Actual Min Total Time": 14.414, "Actual Max Total Time": 14.414, "Actual Total Rows": 1782, "Index Cond": "(id = mi.movie_id)", "Rows Removed by Index Recheck": 0, "Filter": "(production_year > 1990)", "Rows Removed by Filter": 1}]}, {"Node Type": "Index Scan", "Parent Relationship": "Inner", "Scan Direction": "Forward", "Index Name": "movie_id_movie_companies", "Relation Name": "movie_companies", "Alias": "mc", "Startup Cost": 0.0, "Total Cost": 0.35, "Plan Rows": 2, "Plan Width": 12, "Actual Min Startup Time": 12.832, "Actual Max Startup Time": 12.832, "Actual Min Total Time": 15.877, "Actual Max Total Time": 15.877, "Actual Total Rows": 2884, "Index Cond": "(movie_id = t.id)", "Rows Removed by Index Recheck": 0}]}, {"Node Type": "Materialize", "Parent Relationship": "Inner", "Startup Cost": 0.0, "Total Cost": 1.04, "Plan Rows": 3, "Plan Width": 4, "Actual Min Startup Time": 0.275, "Actual Max Startup Time": 0.275, "Actual Min Total Time": 0.652, "Actual Max Total Time": 0.652, "Actual Total Rows": 5454, "Plans": [{"Node Type": "Seq Scan", "Parent Relationship": "Outer", "Relation Name": "company_type", "Alias": "ct", "Startup Cost": 0.0, "Total Cost": 1.03, "Plan Rows": 3, "Plan Width": 4, "Actual Min Startup Time": 0.009, "Actual Max Startup Time": 0.009, "Actual Min Total Time": 0.012, "Actual Max Total Time": 0.012, "Actual Total Rows": 3}]}]}, {"Node Type": "Index Scan", "Parent Relationship": "Inner", "Scan Direction": "Forward", "Index Name": "company_name_pkey", "Relation Name": "company_name", "Alias": "cn", "Startup Cost": 0.0, "Total Cost": 0.28, "Plan Rows": 1, "Plan Width": 4, "Actual Min Startup Time": 9.734, "Actual Max Startup Time": 9.734, "Actual Min Total Time": 9.734, "Actual Max Total Time": 9.734, "Actual Total Rows": 1488, "Index Cond": "(id = mc.company_id)", "Rows Removed by Index Recheck": 0, "Filter": "((country_code)::text = '[us]'::text)", "Rows Removed by Filter": 111}]}, {"Node Type": "Index Scan", "Parent Relationship": "Inner", "Scan Direction": "Forward", "Index Name": "movie_id_aka_title", "Relation Name": "aka_title", "Alias": "at", "Startup Cost": 0.0, "Total Cost": 0.33, "Plan Rows": 3, "Plan Width": 4, "Actual Min Startup Time": 6.044, "Actual Max Startup Time": 6.044, "Actual Min Total Time": 6.156, "Actual Max Total Time": 6.156, "Actual Total Rows": 119, "Index Cond": "(movie_id = t.id)", "Rows Removed by Index Recheck": 0}]}, {"Node Type": "Index Scan", "Parent Relationship": "Inner", "Scan Direction": "Forward", "Index Name": "movie_id_movie_keyword", "Relation Name": "movie_keyword", "Alias": "mk", "Startup Cost": 0.0, "Total Cost": 0.46, "Plan Rows": 8, "Plan Width": 8, "Actual Min Startup Time": 0.91, "Actual Max Startup Time": 0.91, "Actual Min Total Time": 1.449, "Actual Max Total Time": 1.449, "Actual Total Rows": 1140, "Index Cond": "(movie_id = mc.movie_id)", "Rows Removed by Index Recheck": 0}]}, {"Node Type": "Index Scan", "Parent Relationship": "Inner", "Scan Direction": "Forward", "Index Name": "keyword_pkey", "Relation Name": "keyword", "Alias": "k", "Startup Cost": 0.0, "Total Cost": 0.27, "Plan Rows": 1, "Plan Width": 4, "Actual Min Startup Time": 4.767, "Actual Max Startup Time": 4.767, "Actual Min Total Time": 4.767, "Actual Max Total Time": 4.767, "Actual Total Rows": 1140, "Index Cond": "(id = mk.keyword_id)", "Rows Removed by Index Recheck": 0}]}]}, "Triggers": [], "Planner Runtime": 313.711, "Total Runtime": 437.36, "Unique SQL Id": 2846462052}}, "(16, 13)": {"explain_plan": {"Plan": {"Node Type": "Aggregate", "Strategy": "Plain", "Startup Cost": 496852.71, "Total Cost": 496852.72, "Plan Rows": 1, "Plan Width": 123, "Plans": [{"Node Type": "Nested Loop", "Parent Relationship": "Outer", "Join Type": "Inner", "Startup Cost": 0.0, "Total Cost": 496852.04, "Plan Rows": 134, "Plan Width": 59, "Inner Unique": true, "Plans": [{"Node Type": "Nested Loop", "Parent Relationship": "Outer", "Join Type": "Inner", "Startup Cost": 0.0, "Total Cost": 496814.43, "Plan Rows": 134, "Plan Width": 63, "Inner Unique": false, "Join Filter": "(t.id = mk.movie_id)", "Plans": [{"Node Type": "Nested Loop", "Parent Relationship": "Outer", "Join Type": "Inner", "Startup Cost": 0.0, "Total Cost": 496804.87, "Plan Rows": 17, "Plan Width": 75, "Inner Unique": false, "Plans": [{"Node Type": "Nested Loop", "Parent Relationship": "Outer", "Join Type": "Inner", "Startup Cost": 0.0, "Total Cost": 496801.31, "Plan Rows": 10, "Plan Width": 71, "Inner Unique": true, "Plans": [{"Node Type": "Nested Loop", "Parent Relationship": "Outer", "Join Type": "Inner", "Startup Cost": 0.0, "Total Cost": 496798.51, "Plan Rows": 10, "Plan Width": 75, "Inner Unique": true, "Plans": [{"Node Type": "Nested Loop", "Parent Relationship": "Outer", "Join Type": "Inner", "Startup Cost": 0.0, "Total Cost": 496795.05, "Plan Rows": 12, "Plan Width": 79, "Inner Unique": false, "Plans": [{"Node Type": "Nested Loop", "Parent Relationship": "Outer", "Join Type": "Inner", "Startup Cost": 0.0, "Total Cost": 496792.85, "Plan Rows": 6, "Plan Width": 67, "Inner Unique": true, "Plans": [{"Node Type": "Nested Loop", "Parent Relationship": "Outer", "Join Type": "Inner", "Startup Cost": 0.0, "Total Cost": 496759.91, "Plan Rows": 4, "Plan Width": 46, "Inner Unique": false, "Plans": [{"Node Type": "Index Scan", "Parent Relationship": "Outer", "Scan Direction": "Forward", "Index Name": "info_type_pkey", "Relation Name": "info_type", "Alias": "it1", "Startup Cost": 0.0, "Total Cost": 14.21, "Plan Rows": 1, "Plan Width": 4, "Filter": "((info)::text = 'release dates'::text)"}, {"Node Type": "Index Scan", "Parent Relationship": "Inner", "Scan Direction": "Forward", "Index Name": "info_type_id_movie_info", "Relation Name": "movie_info", "Alias": "mi", "Startup Cost": 0.0, "Total Cost": 496745.66, "Plan Rows": 4, "Plan Width": 50, "Index Cond": "(info_type_id = it1.id)", "Filter": "((info IS NOT NULL) AND ((note)::text ~~ '%internet%'::text) AND (((info)::text ~~ 'USA:% 199%'::text) OR ((info)::text ~~ 'USA:% 200%'::text)))"}]}, {"Node Type": "Index Scan", "Parent Relationship": "Inner", "Scan Direction": "Forward", "Index Name": "title_pkey", "Relation Name": "title", "Alias": "t", "Startup Cost": 0.0, "Total Cost": 8.23, "Plan Rows": 1, "Plan Width": 21, "Index Cond": "(id = mi.movie_id)", "Filter": "(production_year > 1990)"}]}, {"Node Type": "Index Scan", "Parent Relationship": "Inner", "Scan Direction": "Forward", "Index Name": "movie_id_movie_companies", "Relation Name": "movie_companies", "Alias": "mc", "Startup Cost": 0.0, "Total Cost": 0.35, "Plan Rows": 2, "Plan Width": 12, "Index Cond": "(movie_id = t.id)"}]}, {"Node Type": "Index Scan", "Parent Relationship": "Inner", "Scan Direction": "Forward", "Index Name": "company_name_pkey", "Relation Name": "company_name", "Alias": "cn", "Startup Cost": 0.0, "Total Cost": 0.28, "Plan Rows": 1, "Plan Width": 4, "Index Cond": "(id = mc.company_id)", "Filter": "((country_code)::text = '[us]'::text)"}]}, {"Node Type": "Index Scan", "Parent Relationship": "Inner", "Scan Direction": "Forward", "Index Name": "company_type_pkey", "Relation Name": "company_type", "Alias": "ct", "Startup Cost": 0.0, "Total Cost": 0.27, "Plan Rows": 1, "Plan Width": 4, "Index Cond": "(id = mc.company_type_id)"}]}, {"Node Type": "Index Scan", "Parent Relationship": "Inner", "Scan Direction": "Forward", "Index Name": "movie_id_aka_title", "Relation Name": "aka_title", "Alias": "at", "Startup Cost": 0.0, "Total Cost": 0.33, "Plan Rows": 3, "Plan Width": 4, "Index Cond": "(movie_id = t.id)"}]}, {"Node Type": "Index Scan", "Parent Relationship": "Inner", "Scan Direction": "Forward", "Index Name": "movie_id_movie_keyword", "Relation Name": "movie_keyword", "Alias": "mk", "Startup Cost": 0.0, "Total Cost": 0.46, "Plan Rows": 8, "Plan Width": 8, "Index Cond": "(movie_id = mc.movie_id)"}]}, {"Node Type": "Index Scan", "Parent Relationship": "Inner", "Scan Direction": "Forward", "Index Name": "keyword_pkey", "Relation Name": "keyword", "Alias": "k", "Startup Cost": 0.0, "Total Cost": 0.27, "Plan Rows": 1, "Plan Width": 4, "Index Cond": "(id = mk.keyword_id)"}]}]}, "Unique SQL Id": 2846462052}, "explain_analyze_plan": null}, "(16, 14)": {"explain_plan": {"Plan": {"Node Type": "Aggregate", "Strategy": "Plain", "Startup Cost": 145917.69, "Total Cost": 145917.7, "Plan Rows": 1, "Plan Width": 123, "Plans": [{"Node Type": "Nested Loop", "Parent Relationship": "Outer", "Join Type": "Inner", "Startup Cost": 110902.34, "Total Cost": 145917.02, "Plan Rows": 134, "Plan Width": 59, "Inner Unique": true, "Join Filter": "(mc.company_type_id = ct.id)", "Plans": [{"Node Type": "Hash Join", "Parent Relationship": "Outer", "Join Type": "Inner", "Startup Cost": 110902.34, "Total Cost": 145909.96, "Plan Rows": 134, "Plan Width": 63, "Inner Unique": true, "Hash Cond": "(mk.keyword_id = k.id)", "Plans": [{"Node Type": "Streaming(type: LOCAL GATHER dop: 1/16)", "Parent Relationship": "Outer", "Startup Cost": 108700.05, "Total Cost": 143705.86, "Plan Rows": 134, "Plan Width": 67, "Plans": [{"Node Type": "Hash Join", "Parent Relationship": "Outer", "Join Type": "Inner", "Startup Cost": 108700.05, "Total Cost": 143702.97, "Plan Rows": 134, "Plan Width": 67, "Inner Unique": true, "Hash Cond": "(at.movie_id = t.id)", "Plans": [{"Node Type": "Streaming(type: BROADCAST dop: 16/1)", "Parent Relationship": "Outer", "Startup Cost": 102546.43, "Total Cost": 137548.9, "Plan Rows": 1552, "Plan Width": 66, "Plans": [{"Node Type": "Hash Join", "Parent Relationship": "Outer", "Join Type": "Inner", "Startup Cost": 102546.43, "Total Cost": 122515.4, "Plan Rows": 97, "Plan Width": 66, "Inner Unique": true, "Hash Cond": "(mc.company_id = cn.id)", "Plans": [{"Node Type": "Streaming(type: LOCAL GATHER dop: 1/16)", "Parent Relationship": "Outer", "Startup Cost": 100005.94, "Total Cost": 119972.39, "Plan Rows": 161, "Plan Width": 70, "Plans": [{"Node Type": "Hash Join", "Parent Relationship": "Outer", "Join Type": "Inner", "Startup Cost": 100005.94, "Total Cost": 119968.92, "Plan Rows": 161, "Plan Width": 70, "Inner Unique": false, "Hash Cond": "(mk.movie_id = at.movie_id)", "Plans": [{"Node Type": "Seq Scan", "Parent Relationship": "Outer", "Relation Name": "movie_keyword", "Alias": "mk", "Startup Cost": 0.0, "Total Cost": 18902.58, "Plan Rows": 4523929, "Plan Width": 8}, {"Node Type": "Hash", "Parent Relationship": "Inner", "Startup Cost": 100005.69, "Total Cost": 100005.69, "Plan Rows": 320, "Plan Width": 62, "Plans": [{"Node Type": "Streaming(type: BROADCAST dop: 16/16)", "Parent Relationship": "Outer", "Startup Cost": 66779.77, "Total Cost": 100005.69, "Plan Rows": 320, "Plan Width": 62, "Plans": [{"Node Type": "Hash Join", "Parent Relationship": "Outer", "Join Type": "Inner", "Startup Cost": 66779.77, "Total Cost": 85004.88, "Plan Rows": 20, "Plan Width": 62, "Inner Unique": false, "Hash Cond": "(mc.movie_id = at.movie_id)", "Plans": [{"Node Type": "Seq Scan", "Parent Relationship": "Outer", "Relation Name": "movie_companies", "Alias": "mc", "Startup Cost": 0.0, "Total Cost": 17613.58, "Plan Rows": 2609128, "Plan Width": 12}, {"Node Type": "Hash", "Parent Relationship": "Inner", "Startup Cost": 66779.66, "Total Cost": 66779.66, "Plan Rows": 144, "Plan Width": 50, "Plans": [{"Node Type": "Streaming(type: BROADCAST dop: 16/1)", "Parent Relationship": "Outer", "Startup Cost": 40543.17, "Total Cost": 66779.66, "Plan Rows": 144, "Plan Width": 50, "Plans": [{"Node Type": "Hash Join", "Parent Relationship": "Outer", "Join Type": "Inner", "Startup Cost": 40543.17, "Total Cost": 51776.55, "Plan Rows": 9, "Plan Width": 50, "Inner Unique": false, "Hash Cond": "(at.movie_id = mi.movie_id)", "Plans": [{"Node Type": "Seq Scan", "Parent Relationship": "Outer", "Relation Name": "aka_title", "Alias": "at", "Startup Cost": 0.0, "Total Cost": 9894.71, "Plan Rows": 361471, "Plan Width": 4}, {"Node Type": "Hash", "Parent Relationship": "Inner", "Startup Cost": 40543.12, "Total Cost": 40543.12, "Plan Rows": 4, "Plan Width": 46, "Plans": [{"Node Type": "Nested Loop", "Parent Relationship": "Outer", "Join Type": "Inner", "Startup Cost": 0.0, "Total Cost": 40543.12, "Plan Rows": 4, "Plan Width": 46, "Inner Unique": false, "Join Filter": "(it1.id = mi.info_type_id)", "Plans": [{"Node Type": "Seq Scan", "Parent Relationship": "Outer", "Relation Name": "info_type", "Alias": "it1", "Startup Cost": 0.0, "Total Cost": 2.4, "Plan Rows": 1, "Plan Width": 4, "Filter": "((info)::text = 'release dates'::text)"}, {"Node Type": "Materialize", "Parent Relationship": "Inner", "Startup Cost": 0.0, "Total Cost": 40538.17, "Plan Rows": 255, "Plan Width": 50, "Plans": [{"Node Type": "Streaming(type: LOCAL GATHER dop: 1/16)", "Parent Relationship": "Outer", "Startup Cost": 0.0, "Total Cost": 40537.53, "Plan Rows": 255, "Plan Width": 50, "Plans": [{"Node Type": "Seq Scan", "Parent Relationship": "Outer", "Relation Name": "movie_info", "Alias": "mi", "Startup Cost": 0.0, "Total Cost": 40532.03, "Plan Rows": 255, "Plan Width": 50, "Filter": "((info IS NOT NULL) AND ((note)::text ~~ '%internet%'::text) AND (((info)::text ~~ 'USA:% 199%'::text) OR ((info)::text ~~ 'USA:% 200%'::text)))"}]}]}]}]}]}]}]}]}]}]}]}]}, {"Node Type": "Hash", "Parent Relationship": "Inner", "Startup Cost": 5903.45, "Total Cost": 5903.45, "Plan Rows": 85170, "Plan Width": 4, "Plans": [{"Node Type": "Seq Scan", "Parent Relationship": "Outer", "Relation Name": "company_name", "Alias": "cn", "Startup Cost": 0.0, "Total Cost": 5903.45, "Plan Rows": 85170, "Plan Width": 4, "Filter": "((country_code)::text = '[us]'::text)"}]}]}]}, {"Node Type": "Hash", "Parent Relationship": "Inner", "Startup Cost": 19149.37, "Total Cost": 19149.37, "Plan Rows": 1748840, "Plan Width": 21, "Plans": [{"Node Type": "Seq Scan", "Parent Relationship": "Outer", "Relation Name": "title", "Alias": "t", "Startup Cost": 0.0, "Total Cost": 19149.37, "Plan Rows": 1748840, "Plan Width": 21, "Filter": "(production_year > 1990), (LLVM Optimized)"}]}]}]}, {"Node Type": "Hash", "Parent Relationship": "Inner", "Startup Cost": 2100.69, "Total Cost": 2100.69, "Plan Rows": 134169, "Plan Width": 4, "Plans": [{"Node Type": "Seq Scan", "Parent Relationship": "Outer", "Relation Name": "keyword", "Alias": "k", "Startup Cost": 0.0, "Total Cost": 2100.69, "Plan Rows": 134169, "Plan Width": 4}]}]}, {"Node Type": "Materialize", "Parent Relationship": "Inner", "Startup Cost": 0.0, "Total Cost": 1.04, "Plan Rows": 3, "Plan Width": 4, "Plans": [{"Node Type": "Seq Scan", "Parent Relationship": "Outer", "Relation Name": "company_type", "Alias": "ct", "Startup Cost": 0.0, "Total Cost": 1.03, "Plan Rows": 3, "Plan Width": 4}]}]}]}, "Unique SQL Id": 2846462052}, "explain_analyze_plan": {"Plan": {"Node Type": "Aggregate", "Strategy": "Plain", "Startup Cost": 145917.69, "Total Cost": 145917.7, "Plan Rows": 1, "Plan Width": 123, "Actual Min Startup Time": 751.631, "Actual Max Startup Time": 751.631, "Actual Min Total Time": 751.631, "Actual Max Total Time": 751.631, "Actual Total Rows": 1, "Plans": [{"Node Type": "Nested Loop", "Parent Relationship": "Outer", "Join Type": "Inner", "Startup Cost": 110902.34, "Total Cost": 145917.02, "Plan Rows": 134, "Plan Width": 59, "Actual Min Startup Time": 678.675, "Actual Max Startup Time": 678.675, "Actual Min Total Time": 750.948, "Actual Max Total Time": 750.948, "Actual Total Rows": 1140, "Inner Unique": true, "Join Filter": "(mc.company_type_id = ct.id)", "Rows Removed by Join Filter": 3393, "Plans": [{"Node Type": "Hash Join", "Parent Relationship": "Outer", "Join Type": "Inner", "Startup Cost": 110902.34, "Total Cost": 145909.96, "Plan Rows": 134, "Plan Width": 63, "Actual Min Startup Time": 678.576, "Actual Max Startup Time": 678.576, "Actual Min Total Time": 748.829, "Actual Max Total Time": 748.829, "Actual Total Rows": 2271, "Inner Unique": true, "Hash Cond": "(mk.keyword_id = k.id)", "Plans": [{"Node Type": "Streaming(type: LOCAL GATHER dop: 1/16)", "Parent Relationship": "Outer", "Startup Cost": 108700.05, "Total Cost": 143705.86, "Plan Rows": 134, "Plan Width": 67, "Actual Min Startup Time": 605.512, "Actual Max Startup Time": 605.512, "Actual Min Total Time": 674.657, "Actual Max Total Time": 674.657, "Actual Total Rows": 2271, "Plans": [{"Node Type": "Hash Join", "Parent Relationship": "Outer", "Join Type": "Inner", "Startup Cost": 108700.05, "Total Cost": 143702.97, "Plan Rows": 134, "Plan Width": 67, "Actual Min Startup Time": 522.702, "Actual Max Startup Time": 651.908, "Actual Min Total Time": 631.426, "Actual Max Total Time": 671.255, "Actual Total Rows": 2271, "Inner Unique": true, "Hash Cond": "(at.movie_id = t.id)", "Plans": [{"Node Type": "Streaming(type: BROADCAST dop: 16/1)", "Parent Relationship": "Outer", "Startup Cost": 102546.43, "Total Cost": 137548.9, "Plan Rows": 1552, "Plan Width": 66, "Actual Min Startup Time": 416.412, "Actual Max Startup Time": 461.277, "Actual Min Total Time": 528.803, "Actual Max Total Time": 573.17, "Actual Total Rows": 36336, "Plans": [{"Node Type": "Hash Join", "Parent Relationship": "Outer", "Join Type": "Inner", "Startup Cost": 102546.43, "Total Cost": 122515.4, "Plan Rows": 97, "Plan Width": 66, "Actual Min Startup Time": 547.358, "Actual Max Startup Time": 547.358, "Actual Min Total Time": 631.424, "Actual Max Total Time": 631.424, "Actual Total Rows": 2271, "Inner Unique": true, "Hash Cond": "(mc.company_id = cn.id)", "Plans": [{"Node Type": "Streaming(type: LOCAL GATHER dop: 1/16)", "Parent Relationship": "Outer", "Startup Cost": 100005.94, "Total Cost": 119972.39, "Plan Rows": 161, "Plan Width": 70, "Actual Min Startup Time": 425.693, "Actual Max Startup Time": 425.693, "Actual Min Total Time": 508.418, "Actual Max Total Time": 508.418, "Actual Total Rows": 3123, "Plans": [{"Node Type": "Hash Join", "Parent Relationship": "Outer", "Join Type": "Inner", "Startup Cost": 100005.94, "Total Cost": 119968.92, "Plan Rows": 161, "Plan Width": 70, "Actual Min Startup Time": 536.217, "Actual Max Startup Time": 640.218, "Actual Min Total Time": 637.906, "Actual Max Total Time": 665.178, "Actual Total Rows": 3123, "Inner Unique": false, "Hash Cond": "(mk.movie_id = at.movie_id)", "Plans": [{"Node Type": "Seq Scan", "Parent Relationship": "Outer", "Relation Name": "movie_keyword", "Alias": "mk", "Startup Cost": 0.0, "Total Cost": 18902.58, "Plan Rows": 4523929, "Plan Width": 8, "Actual Min Startup Time": 0.057, "Actual Max Startup Time": 0.077, "Actual Min Total Time": 57.377, "Actual Max Total Time": 63.476, "Actual Total Rows": 4523929}, {"Node Type": "Hash", "Parent Relationship": "Inner", "Startup Cost": 100005.69, "Total Cost": 100005.69, "Plan Rows": 320, "Plan Width": 62, "Actual Min Startup Time": 532.732, "Actual Max Startup Time": 561.103, "Actual Min Total Time": 532.732, "Actual Max Total Time": 561.103, "Actual Total Rows": 6400, "Max Hash Buckets": 32768, "Min Hash Buckets": 32768, "Max Hash Batches": 1, "Min Hash Batches": 1, "Max Original Hash Batches": 1, "Min Original Hash Batches": 1, "Max Peak Memory Usage": 29, "min Peak Memory Usage": 29, "Plans": [{"Node Type": "Streaming(type: BROADCAST dop: 16/16)", "Parent Relationship": "Outer", "Startup Cost": 66779.77, "Total Cost": 100005.69, "Plan Rows": 320, "Plan Width": 62, "Actual Min Startup Time": 521.287, "Actual Max Startup Time": 549.686, "Actual Min Total Time": 532.609, "Actual Max Total Time": 560.986, "Actual Total Rows": 6400, "Plans": [{"Node Type": "Hash Join", "Parent Relationship": "Outer", "Join Type": "Inner", "Startup Cost": 66779.77, "Total Cost": 85004.88, "Plan Rows": 20, "Plan Width": 62, "Actual Min Startup Time": 470.239, "Actual Max Startup Time": 504.882, "Actual Min Total Time": 524.261, "Actual Max Total Time": 564.03, "Actual Total Rows": 400, "Inner Unique": false, "Hash Cond": "(mc.movie_id = at.movie_id)", "Plans": [{"Node Type": "Seq Scan", "Parent Relationship": "Outer", "Relation Name": "movie_companies", "Alias": "mc", "Startup Cost": 0.0, "Total Cost": 17613.58, "Plan Rows": 2609128, "Plan Width": 12, "Actual Min Startup Time": 0.035, "Actual Max Startup Time": 0.062, "Actual Min Total Time": 32.926, "Actual Max Total Time": 40.022, "Actual Total Rows": 2609128}, {"Node Type": "Hash", "Parent Relationship": "Inner", "Startup Cost": 66779.66, "Total Cost": 66779.66, "Plan Rows": 144, "Plan Width": 50, "Actual Min Startup Time": 463.428, "Actual Max Startup Time": 497.81, "Actual Min Total Time": 463.428, "Actual Max Total Time": 497.81, "Actual Total Rows": 1920, "Max Hash Buckets": 32768, "Min Hash Buckets": 32768, "Max Hash Batches": 1, "Min Hash Batches": 1, "Max Original Hash Batches": 1, "Min Original Hash Batches": 1, "Max Peak Memory Usage": 8, "min Peak Memory Usage": 8, "Plans": [{"Node Type": "Streaming(type: BROADCAST dop: 16/1)", "Parent Relationship": "Outer", "Startup Cost": 40543.17, "Total Cost": 66779.66, "Plan Rows": 144, "Plan Width": 50, "Actual Min Startup Time": 422.459, "Actual Max Startup Time": 456.845, "Actual Min Total Time": 463.372, "Actual Max Total Time": 497.746, "Actual Total Rows": 1920, "Plans": [{"Node Type": "Hash Join", "Parent Relationship": "Outer", "Join Type": "Inner", "Startup Cost": 40543.17, "Total Cost": 51776.55, "Plan Rows": 9, "Plan Width": 50, "Actual Min Startup Time": 307.463, "Actual Max Startup Time": 307.463, "Actual Min Total Time": 469.161, "Actual Max Total Time": 469.161, "Actual Total Rows": 120, "Inner Unique": false, "Hash Cond": "(at.movie_id = mi.movie_id)", "Plans": [{"Node Type": "Seq Scan", "Parent Relationship": "Outer", "Relation Name": "aka_title", "Alias": "at", "Startup Cost": 0.0, "Total Cost": 9894.71, "Plan Rows": 361471, "Plan Width": 4, "Actual Min Startup Time": 0.033, "Actual Max Startup Time": 0.033, "Actual Min Total Time": 97.995, "Actual Max Total Time": 97.995, "Actual Total Rows": 361471}, {"Node Type": "Hash", "Parent Relationship": "Inner", "Startup Cost": 40543.12, "Total Cost": 40543.12, "Plan Rows": 4, "Plan Width": 46, "Actual Min Startup Time": 307.139, "Actual Max Startup Time": 307.139, "Actual Min Total Time": 307.139, "Actual Max Total Time": 307.139, "Actual Total Rows": 1783, "Max Hash Buckets": 32768, "Min Hash Buckets": 32768, "Max Hash Batches": 1, "Min Hash Batches": 1, "Max Original Hash Batches": 1, "Min Original Hash Batches": 1, "Max Peak Memory Usage": 99, "min Peak Memory Usage": 99, "Plans": [{"Node Type": "Nested Loop", "Parent Relationship": "Outer", "Join Type": "Inner", "Startup Cost": 0.0, "Total Cost": 40543.12, "Plan Rows": 4, "Plan Width": 46, "Actual Min Startup Time": 305.778, "Actual Max Startup Time": 305.778, "Actual Min Total Time": 306.577, "Actual Max Total Time": 306.577, "Actual Total Rows": 1783, "Inner Unique": false, "Join Filter": "(it1.id = mi.info_type_id)", "Rows Removed by Join Filter": 0, "Plans": [{"Node Type": "Seq Scan", "Parent Relationship": "Outer", "Relation Name": "info_type", "Alias": "it1", "Startup Cost": 0.0, "Total Cost": 2.4, "Plan Rows": 1, "Plan Width": 4, "Actual Min Startup Time": 0.066, "Actual Max Startup Time": 0.066, "Actual Min Total Time": 0.09, "Actual Max Total Time": 0.09, "Actual Total Rows": 1, "Filter": "((info)::text = 'release dates'::text)", "Rows Removed by Filter": 111}, {"Node Type": "Materialize", "Parent Relationship": "Inner", "Startup Cost": 0.0, "Total Cost": 40538.17, "Plan Rows": 255, "Plan Width": 50, "Actual Min Startup Time": 305.68, "Actual Max Startup Time": 305.68, "Actual Min Total Time": 305.846, "Actual Max Total Time": 305.846, "Actual Total Rows": 1784, "Plans": [{"Node Type": "Streaming(type: LOCAL GATHER dop: 1/16)", "Parent Relationship": "Outer", "Startup Cost": 0.0, "Total Cost": 40537.53, "Plan Rows": 255, "Plan Width": 50, "Actual Min Startup Time": 131.885, "Actual Max Startup Time": 131.885, "Actual Min Total Time": 305.335, "Actual Max Total Time": 305.335, "Actual Total Rows": 1783, "Plans": [{"Node Type": "Seq Scan", "Parent Relationship": "Outer", "Relation Name": "movie_info", "Alias": "mi", "Startup Cost": 0.0, "Total Cost": 40532.03, "Plan Rows": 255, "Plan Width": 50, "Actual Min Startup Time": 81.217, "Actual Max Startup Time": 89.305, "Actual Min Total Time": 295.699, "Actual Max Total Time": 303.732, "Actual Total Rows": 1783, "Filter": "((info IS NOT NULL) AND ((note)::text ~~ '%internet%'::text) AND (((info)::text ~~ 'USA:% 199%'::text) OR ((info)::text ~~ 'USA:% 200%'::text)))", "Rows Removed by Filter": 14833936}]}]}]}]}]}]}]}]}]}]}]}]}, {"Node Type": "Hash", "Parent Relationship": "Inner", "Startup Cost": 5903.45, "Total Cost": 5903.45, "Plan Rows": 85170, "Plan Width": 4, "Actual Min Startup Time": 121.381, "Actual Max Startup Time": 121.381, "Actual Min Total Time": 121.381, "Actual Max Total Time": 121.381, "Actual Total Rows": 84843, "Max Hash Buckets": 131072, "Min Hash Buckets": 131072, "Max Hash Batches": 1, "Min Hash Batches": 1, "Max Original Hash Batches": 1, "Min Original Hash Batches": 1, "Max Peak Memory Usage": 2983, "min Peak Memory Usage": 2983, "Plans": [{"Node Type": "Seq Scan", "Parent Relationship": "Outer", "Relation Name": "company_name", "Alias": "cn", "Startup Cost": 0.0, "Total Cost": 5903.45, "Plan Rows": 85170, "Plan Width": 4, "Actual Min Startup Time": 0.073, "Actual Max Startup Time": 0.073, "Actual Min Total Time": 97.731, "Actual Max Total Time": 97.731, "Actual Total Rows": 84843, "Filter": "((country_code)::text = '[us]'::text)", "Rows Removed by Filter": 150153}]}]}]}, {"Node Type": "Hash", "Parent Relationship": "Inner", "Startup Cost": 19149.37, "Total Cost": 19149.37, "Plan Rows": 1748840, "Plan Width": 21, "Actual Min Startup Time": 97.381, "Actual Max Startup Time": 102.063, "Actual Min Total Time": 97.381, "Actual Max Total Time": 102.063, "Actual Total Rows": 1749032, "Max Hash Buckets": 131072, "Min Hash Buckets": 131072, "Max Hash Batches": 1, "Min Hash Batches": 1, "Max Original Hash Batches": 1, "Min Original Hash Batches": 1, "Max Peak Memory Usage": 5962, "min Peak Memory Usage": 5962, "Plans": [{"Node Type": "Seq Scan", "Parent Relationship": "Outer", "Relation Name": "title", "Alias": "t", "Startup Cost": 0.0, "Total Cost": 19149.37, "Plan Rows": 1748840, "Plan Width": 21, "Actual Min Startup Time": 0.025, "Actual Max Startup Time": 0.039, "Actual Min Total Time": 63.19, "Actual Max Total Time": 67.215, "Actual Total Rows": 1749032, "Filter": "(production_year > 1990), (LLVM Optimized, Jit Execute)", "Rows Removed by Filter": 779279}]}]}]}, {"Node Type": "Hash", "Parent Relationship": "Inner", "Startup Cost": 2100.69, "Total Cost": 2100.69, "Plan Rows": 134169, "Plan Width": 4, "Actual Min Startup Time": 72.825, "Actual Max Startup Time": 72.825, "Actual Min Total Time": 72.825, "Actual Max Total Time": 72.825, "Actual Total Rows": 134169, "Max Hash Buckets": 262144, "Min Hash Buckets": 262144, "Max Hash Batches": 1, "Min Hash Batches": 1, "Max Original Hash Batches": 1, "Min Original Hash Batches": 1, "Max Peak Memory Usage": 4717, "min Peak Memory Usage": 4717, "Plans": [{"Node Type": "Seq Scan", "Parent Relationship": "Outer", "Relation Name": "keyword", "Alias": "k", "Startup Cost": 0.0, "Total Cost": 2100.69, "Plan Rows": 134169, "Plan Width": 4, "Actual Min Startup Time": 0.045, "Actual Max Startup Time": 0.045, "Actual Min Total Time": 37.928, "Actual Max Total Time": 37.928, "Actual Total Rows": 134169}]}]}, {"Node Type": "Materialize", "Parent Relationship": "Inner", "Startup Cost": 0.0, "Total Cost": 1.04, "Plan Rows": 3, "Plan Width": 4, "Actual Min Startup Time": 0.241, "Actual Max Startup Time": 0.241, "Actual Min Total Time": 0.568, "Actual Max Total Time": 0.568, "Actual Total Rows": 4534, "Plans": [{"Node Type": "Seq Scan", "Parent Relationship": "Outer", "Relation Name": "company_type", "Alias": "ct", "Startup Cost": 0.0, "Total Cost": 1.03, "Plan Rows": 3, "Plan Width": 4, "Actual Min Startup Time": 0.031, "Actual Max Startup Time": 0.031, "Actual Min Total Time": 0.033, "Actual Max Total Time": 0.033, "Actual Total Rows": 3}]}]}]}, "Triggers": [], "Planner Runtime": 623.807, "Total Runtime": 776.269, "Unique SQL Id": 2846462052}}, "(16, 15)": {"explain_plan": {"Plan": {"Node Type": "Aggregate", "Strategy": "Plain", "Startup Cost": 8992370911326.05, "Total Cost": 8992370911326.06, "Plan Rows": 1, "Plan Width": 123, "Plans": [{"Node Type": "Nested Loop", "Parent Relationship": "Outer", "Join Type": "Inner", "Startup Cost": 90000000000.0, "Total Cost": 8992370911325.38, "Plan Rows": 134, "Plan Width": 59, "Inner Unique": false, "Join Filter": "(t.id = at.movie_id)", "Plans": [{"Node Type": "Index Scan", "Parent Relationship": "Outer", "Scan Direction": "Forward", "Index Name": "movie_id_aka_title", "Relation Name": "aka_title", "Alias": "at", "Startup Cost": 10000000000.0, "Total Cost": 1000001990001.13, "Plan Rows": 361471, "Plan Width": 4}, {"Node Type": "Materialize", "Parent Relationship": "Inner", "Startup Cost": 80000000000.0, "Total Cost": 7992368492981.31, "Plan Rows": 79, "Plan Width": 75, "Plans": [{"Node Type": "Nested Loop", "Parent Relationship": "Outer", "Join Type": "Inner", "Startup Cost": 80000000000.0, "Total Cost": 7992368492980.92, "Plan Rows": 79, "Plan Width": 75, "Inner Unique": true, "Join Filter": "(mk.keyword_id = k.id)", "Plans": [{"Node Type": "Nested Loop", "Parent Relationship": "Outer", "Join Type": "Inner", "Startup Cost": 70000000000.0, "Total Cost": 6992368048925.79, "Plan Rows": 79, "Plan Width": 79, "Inner Unique": true, "Join Filter": "(mi.info_type_id = it1.id)", "Plans": [{"Node Type": "Merge Join", "Parent Relationship": "Outer", "Join Type": "Inner", "Startup Cost": 60000000000.0, "Total Cost": 5992368047427.65, "Plan Rows": 5143, "Plan Width": 83, "Inner Unique": false, "Merge Cond": "(t.id = mk.movie_id)", "Plans": [{"Node Type": "Nested Loop", "Parent Relationship": "Outer", "Join Type": "Inner", "Startup Cost": 50000000000.0, "Total Cost": 5000148244505.78, "Plan Rows": 635, "Plan Width": 75, "Inner Unique": true, "Join Filter": "(mc.company_type_id = ct.id)", "Plans": [{"Node Type": "Nested Loop", "Parent Relationship": "Outer", "Join Type": "Inner", "Startup Cost": 40000000000.0, "Total Cost": 4000148243247.7, "Plan Rows": 635, "Plan Width": 79, "Inner Unique": true, "Join Filter": "(mc.company_id = cn.id)", "Plans": [{"Node Type": "Merge Join", "Parent Relationship": "Outer", "Join Type": "Inner", "Startup Cost": 30000000000.0, "Total Cost": 3000146228345.55, "Plan Rows": 755, "Plan Width": 83, "Inner Unique": false, "Merge Cond": "(t.id = mc.movie_id)", "Plans": [{"Node Type": "Nested Loop", "Parent Relationship": "Outer", "Join Type": "Inner", "Startup Cost": 20000000000.0, "Total Cost": 2000133169868.42, "Plan Rows": 353, "Plan Width": 71, "Inner Unique": false, "Join Filter": "(mi.movie_id = t.id)", "Plans": [{"Node Type": "Index Scan", "Parent Relationship": "Outer", "Scan Direction": "Forward", "Index Name": "title_pkey", "Relation Name": "title", "Alias": "t", "Startup Cost": 10000000000.0, "Total Cost": 1000011644126.66, "Plan Rows": 1748840, "Plan Width": 21, "Filter": "(production_year > 1990), (LLVM Optimized)"}, {"Node Type": "Materialize", "Parent Relationship": "Inner", "Startup Cost": 10000000000.0, "Total Cost": 1000114836429.39, "Plan Rows": 255, "Plan Width": 50, "Plans": [{"Node Type": "Index Scan", "Parent Relationship": "Outer", "Scan Direction": "Forward", "Index Name": "info_type_id_movie_info", "Relation Name": "movie_info", "Alias": "mi", "Startup Cost": 10000000000.0, "Total Cost": 1000114836428.12, "Plan Rows": 255, "Plan Width": 50, "Filter": "((info IS NOT NULL) AND ((note)::text ~~ '%internet%'::text) AND (((info)::text ~~ 'USA:% 199%'::text) OR ((info)::text ~~ 'USA:% 200%'::text)))"}]}]}, {"Node Type": "Index Scan", "Parent Relationship": "Inner", "Scan Direction": "Forward", "Index Name": "movie_id_movie_companies", "Relation Name": "movie_companies", "Alias": "mc", "Startup Cost": 10000000000.0, "Total Cost": 1000013051946.13, "Plan Rows": 2609128, "Plan Width": 12}]}, {"Node Type": "Materialize", "Parent Relationship": "Inner", "Startup Cost": 10000000000.0, "Total Cost": 1000001050564.82, "Plan Rows": 85170, "Plan Width": 4, "Plans": [{"Node Type": "Index Scan", "Parent Relationship": "Outer", "Scan Direction": "Forward", "Index Name": "company_name_pkey", "Relation Name": "company_name", "Alias": "cn", "Startup Cost": 10000000000.0, "Total Cost": 1000001050138.97, "Plan Rows": 85170, "Plan Width": 4, "Filter": "((country_code)::text = '[us]'::text)"}]}]}, {"Node Type": "Materialize", "Parent Relationship": "Inner", "Startup Cost": 10000000000.0, "Total Cost": 1000000001229.52, "Plan Rows": 3, "Plan Width": 4, "Plans": [{"Node Type": "Index Scan", "Parent Relationship": "Outer", "Scan Direction": "Forward", "Index Name": "company_type_pkey", "Relation Name": "company_type", "Alias": "ct", "Startup Cost": 10000000000.0, "Total Cost": 1000000001229.5, "Plan Rows": 3, "Plan Width": 4}]}]}, {"Node Type": "Index Scan", "Parent Relationship": "Inner", "Scan Direction": "Forward", "Index Name": "movie_id_movie_keyword", "Relation Name": "movie_keyword", "Alias": "mk", "Startup Cost": 10000000000.0, "Total Cost": 1000015300634.17, "Plan Rows": 4523929, "Plan Width": 8}]}, {"Node Type": "Materialize", "Parent Relationship": "Inner", "Startup Cost": 10000000000.0, "Total Cost": 1000000001421.0, "Plan Rows": 1, "Plan Width": 4, "Plans": [{"Node Type": "Index Scan", "Parent Relationship": "Outer", "Scan Direction": "Forward", "Index Name": "info_type_pkey", "Relation Name": "info_type", "Alias": "it1", "Startup Cost": 10000000000.0, "Total Cost": 1000000001421.0, "Plan Rows": 1, "Plan Width": 4, "Filter": "((info)::text = 'release dates'::text)"}]}]}, {"Node Type": "Materialize", "Parent Relationship": "Inner", "Startup Cost": 10000000000.0, "Total Cost": 1000000285400.28, "Plan Rows": 134169, "Plan Width": 4, "Plans": [{"Node Type": "Index Scan", "Parent Relationship": "Outer", "Scan Direction": "Forward", "Index Name": "keyword_pkey", "Relation Name": "keyword", "Alias": "k", "Startup Cost": 10000000000.0, "Total Cost": 1000000284729.43, "Plan Rows": 134169, "Plan Width": 4}]}]}]}]}]}, "Unique SQL Id": 2846462052}, "explain_analyze_plan": null}, "(16, 16)": {"explain_plan": {"Plan": {"Node Type": "Aggregate", "Strategy": "Plain", "Startup Cost": 40614.42, "Total Cost": 40614.43, "Plan Rows": 1, "Plan Width": 123, "Plans": [{"Node Type": "Nested Loop", "Parent Relationship": "Outer", "Join Type": "Inner", "Startup Cost": 0.0, "Total Cost": 40613.75, "Plan Rows": 134, "Plan Width": 59, "Inner Unique": false, "Plans": [{"Node Type": "Nested Loop", "Parent Relationship": "Outer", "Join Type": "Inner", "Startup Cost": 0.0, "Total Cost": 40598.7, "Plan Rows": 44, "Plan Width": 75, "Inner Unique": true, "Plans": [{"Node Type": "Nested Loop", "Parent Relationship": "Outer", "Join Type": "Inner", "Startup Cost": 0.0, "Total Cost": 40586.38, "Plan Rows": 44, "Plan Width": 79, "Inner Unique": false, "Join Filter": "(t.id = mk.movie_id)", "Plans": [{"Node Type": "Nested Loop", "Parent Relationship": "Outer", "Join Type": "Inner", "Startup Cost": 0.0, "Total Cost": 40583.01, "Plan Rows": 6, "Plan Width": 71, "Inner Unique": true, "Plans": [{"Node Type": "Nested Loop", "Parent Relationship": "Outer", "Join Type": "Inner", "Startup Cost": 0.0, "Total Cost": 40579.84, "Plan Rows": 11, "Plan Width": 75, "Inner Unique": true, "Join Filter": "(mc.company_type_id = ct.id)", "Plans": [{"Node Type": "Nested Loop", "Parent Relationship": "Outer", "Join Type": "Inner", "Startup Cost": 0.0, "Total Cost": 40578.27, "Plan Rows": 12, "Plan Width": 79, "Inner Unique": false, "Plans": [{"Node Type": "Nested Loop", "Parent Relationship": "Outer", "Join Type": "Inner", "Startup Cost": 0.0, "Total Cost": 40576.06, "Plan Rows": 6, "Plan Width": 67, "Inner Unique": true, "Plans": [{"Node Type": "Nested Loop", "Parent Relationship": "Outer", "Join Type": "Inner", "Startup Cost": 0.0, "Total Cost": 40543.12, "Plan Rows": 4, "Plan Width": 46, "Inner Unique": false, "Join Filter": "(it1.id = mi.info_type_id)", "Plans": [{"Node Type": "Seq Scan", "Parent Relationship": "Outer", "Relation Name": "info_type", "Alias": "it1", "Startup Cost": 0.0, "Total Cost": 2.4, "Plan Rows": 1, "Plan Width": 4, "Filter": "((info)::text = 'release dates'::text)"}, {"Node Type": "Materialize", "Parent Relationship": "Inner", "Startup Cost": 0.0, "Total Cost": 40538.17, "Plan Rows": 255, "Plan Width": 50, "Plans": [{"Node Type": "Streaming(type: LOCAL GATHER dop: 1/16)", "Parent Relationship": "Outer", "Startup Cost": 0.0, "Total Cost": 40537.53, "Plan Rows": 255, "Plan Width": 50, "Plans": [{"Node Type": "Seq Scan", "Parent Relationship": "Outer", "Relation Name": "movie_info", "Alias": "mi", "Startup Cost": 0.0, "Total Cost": 40532.03, "Plan Rows": 255, "Plan Width": 50, "Filter": "((info IS NOT NULL) AND ((note)::text ~~ '%internet%'::text) AND (((info)::text ~~ 'USA:% 199%'::text) OR ((info)::text ~~ 'USA:% 200%'::text)))"}]}]}]}, {"Node Type": "Index Scan", "Parent Relationship": "Inner", "Scan Direction": "Forward", "Index Name": "title_pkey", "Relation Name": "title", "Alias": "t", "Startup Cost": 0.0, "Total Cost": 8.23, "Plan Rows": 1, "Plan Width": 21, "Index Cond": "(id = mi.movie_id)", "Filter": "(production_year > 1990)"}]}, {"Node Type": "Index Scan", "Parent Relationship": "Inner", "Scan Direction": "Forward", "Index Name": "movie_id_movie_companies", "Relation Name": "movie_companies", "Alias": "mc", "Startup Cost": 0.0, "Total Cost": 0.35, "Plan Rows": 2, "Plan Width": 12, "Index Cond": "(movie_id = t.id)"}]}, {"Node Type": "Materialize", "Parent Relationship": "Inner", "Startup Cost": 0.0, "Total Cost": 1.04, "Plan Rows": 3, "Plan Width": 4, "Plans": [{"Node Type": "Seq Scan", "Parent Relationship": "Outer", "Relation Name": "company_type", "Alias": "ct", "Startup Cost": 0.0, "Total Cost": 1.03, "Plan Rows": 3, "Plan Width": 4}]}]}, {"Node Type": "Index Scan", "Parent Relationship": "Inner", "Scan Direction": "Forward", "Index Name": "company_name_pkey", "Relation Name": "company_name", "Alias": "cn", "Startup Cost": 0.0, "Total Cost": 0.28, "Plan Rows": 1, "Plan Width": 4, "Index Cond": "(id = mc.company_id)", "Filter": "((country_code)::text = '[us]'::text)"}]}, {"Node Type": "Index Scan", "Parent Relationship": "Inner", "Scan Direction": "Forward", "Index Name": "movie_id_movie_keyword", "Relation Name": "movie_keyword", "Alias": "mk", "Startup Cost": 0.0, "Total Cost": 0.46, "Plan Rows": 8, "Plan Width": 8, "Index Cond": "(movie_id = mc.movie_id)"}]}, {"Node Type": "Index Only Scan", "Parent Relationship": "Inner", "Scan Direction": "Forward", "Index Name": "keyword_pkey", "Relation Name": "keyword", "Alias": "k", "Startup Cost": 0.0, "Total Cost": 0.27, "Plan Rows": 1, "Plan Width": 4, "Index Cond": "(id = mk.keyword_id)"}]}, {"Node Type": "Index Only Scan", "Parent Relationship": "Inner", "Scan Direction": "Forward", "Index Name": "movie_id_aka_title", "Relation Name": "aka_title", "Alias": "at", "Startup Cost": 0.0, "Total Cost": 0.31, "Plan Rows": 3, "Plan Width": 4, "Index Cond": "(movie_id = t.id)"}]}]}, "Unique SQL Id": 2846462052}, "explain_analyze_plan": {"Plan": {"Node Type": "Aggregate", "Strategy": "Plain", "Startup Cost": 40614.42, "Total Cost": 40614.43, "Plan Rows": 1, "Plan Width": 123, "Actual Min Startup Time": 418.637, "Actual Max Startup Time": 418.637, "Actual Min Total Time": 418.638, "Actual Max Total Time": 418.638, "Actual Total Rows": 1, "Plans": [{"Node Type": "Nested Loop", "Parent Relationship": "Outer", "Join Type": "Inner", "Startup Cost": 0.0, "Total Cost": 40613.75, "Plan Rows": 134, "Plan Width": 59, "Actual Min Startup Time": 342.776, "Actual Max Startup Time": 342.776, "Actual Min Total Time": 417.788, "Actual Max Total Time": 417.788, "Actual Total Rows": 1140, "Inner Unique": false, "Plans": [{"Node Type": "Nested Loop", "Parent Relationship": "Outer", "Join Type": "Inner", "Startup Cost": 0.0, "Total Cost": 40598.7, "Plan Rows": 44, "Plan Width": 75, "Actual Min Startup Time": 342.194, "Actual Max Startup Time": 342.194, "Actual Min Total Time": 405.112, "Actual Max Total Time": 405.112, "Actual Total Rows": 4808, "Inner Unique": true, "Plans": [{"Node Type": "Nested Loop", "Parent Relationship": "Outer", "Join Type": "Inner", "Startup Cost": 0.0, "Total Cost": 40586.38, "Plan Rows": 44, "Plan Width": 79, "Actual Min Startup Time": 342.175, "Actual Max Startup Time": 342.175, "Actual Min Total Time": 389.282, "Actual Max Total Time": 389.282, "Actual Total Rows": 4808, "Inner Unique": false, "Join Filter": "(t.id = mk.movie_id)", "Rows Removed by Join Filter": 0, "Plans": [{"Node Type": "Nested Loop", "Parent Relationship": "Outer", "Join Type": "Inner", "Startup Cost": 0.0, "Total Cost": 40583.01, "Plan Rows": 6, "Plan Width": 71, "Actual Min Startup Time": 342.158, "Actual Max Startup Time": 342.158, "Actual Min Total Time": 377.9, "Actual Max Total Time": 377.9, "Actual Total Rows": 1488, "Inner Unique": true, "Plans": [{"Node Type": "Nested Loop", "Parent Relationship": "Outer", "Join Type": "Inner", "Startup Cost": 0.0, "Total Cost": 40579.84, "Plan Rows": 11, "Plan Width": 75, "Actual Min Startup Time": 342.13, "Actual Max Startup Time": 342.13, "Actual Min Total Time": 368.946, "Actual Max Total Time": 368.946, "Actual Total Rows": 1599, "Inner Unique": true, "Join Filter": "(mc.company_type_id = ct.id)", "Rows Removed by Join Filter": 3855, "Plans": [{"Node Type": "Nested Loop", "Parent Relationship": "Outer", "Join Type": "Inner", "Startup Cost": 0.0, "Total Cost": 40578.27, "Plan Rows": 12, "Plan Width": 79, "Actual Min Startup Time": 342.103, "Actual Max Startup Time": 342.103, "Actual Min Total Time": 366.372, "Actual Max Total Time": 366.372, "Actual Total Rows": 2884, "Inner Unique": false, "Plans": [{"Node Type": "Nested Loop", "Parent Relationship": "Outer", "Join Type": "Inner", "Startup Cost": 0.0, "Total Cost": 40576.06, "Plan Rows": 6, "Plan Width": 67, "Actual Min Startup Time": 342.088, "Actual Max Startup Time": 342.088, "Actual Min Total Time": 354.05, "Actual Max Total Time": 354.05, "Actual Total Rows": 1782, "Inner Unique": true, "Plans": [{"Node Type": "Nested Loop", "Parent Relationship": "Outer", "Join Type": "Inner", "Startup Cost": 0.0, "Total Cost": 40543.12, "Plan Rows": 4, "Plan Width": 46, "Actual Min Startup Time": 342.04, "Actual Max Startup Time": 342.04, "Actual Min Total Time": 343.2, "Actual Max Total Time": 343.2, "Actual Total Rows": 1783, "Inner Unique": false, "Join Filter": "(it1.id = mi.info_type_id)", "Rows Removed by Join Filter": 0, "Plans": [{"Node Type": "Seq Scan", "Parent Relationship": "Outer", "Relation Name": "info_type", "Alias": "it1", "Startup Cost": 0.0, "Total Cost": 2.4, "Plan Rows": 1, "Plan Width": 4, "Actual Min Startup Time": 0.067, "Actual Max Startup Time": 0.067, "Actual Min Total Time": 0.1, "Actual Max Total Time": 0.1, "Actual Total Rows": 1, "Filter": "((info)::text = 'release dates'::text)", "Rows Removed by Filter": 111}, {"Node Type": "Materialize", "Parent Relationship": "Inner", "Startup Cost": 0.0, "Total Cost": 40538.17, "Plan Rows": 255, "Plan Width": 50, "Actual Min Startup Time": 341.949, "Actual Max Startup Time": 341.949, "Actual Min Total Time": 342.266, "Actual Max Total Time": 342.266, "Actual Total Rows": 1784, "Plans": [{"Node Type": "Streaming(type: LOCAL GATHER dop: 1/16)", "Parent Relationship": "Outer", "Startup Cost": 0.0, "Total Cost": 40537.53, "Plan Rows": 255, "Plan Width": 50, "Actual Min Startup Time": 146.719, "Actual Max Startup Time": 146.719, "Actual Min Total Time": 341.59, "Actual Max Total Time": 341.59, "Actual Total Rows": 1783, "Plans": [{"Node Type": "Seq Scan", "Parent Relationship": "Outer", "Relation Name": "movie_info", "Alias": "mi", "Startup Cost": 0.0, "Total Cost": 40532.03, "Plan Rows": 255, "Plan Width": 50, "Actual Min Startup Time": 80.82, "Actual Max Startup Time": 88.991, "Actual Min Total Time": 295.702, "Actual Max Total Time": 324.262, "Actual Total Rows": 1783, "Filter": "((info IS NOT NULL) AND ((note)::text ~~ '%internet%'::text) AND (((info)::text ~~ 'USA:% 199%'::text) OR ((info)::text ~~ 'USA:% 200%'::text)))", "Rows Removed by Filter": 14833936}]}]}]}, {"Node Type": "Index Scan", "Parent Relationship": "Inner", "Scan Direction": "Forward", "Index Name": "title_pkey", "Relation Name": "title", "Alias": "t", "Startup Cost": 0.0, "Total Cost": 8.23, "Plan Rows": 1, "Plan Width": 21, "Actual Min Startup Time": 9.348, "Actual Max Startup Time": 9.348, "Actual Min Total Time": 9.348, "Actual Max Total Time": 9.348, "Actual Total Rows": 1782, "Index Cond": "(id = mi.movie_id)", "Rows Removed by Index Recheck": 0, "Filter": "(production_year > 1990)", "Rows Removed by Filter": 1}]}, {"Node Type": "Index Scan", "Parent Relationship": "Inner", "Scan Direction": "Forward", "Index Name": "movie_id_movie_companies", "Relation Name": "movie_companies", "Alias": "mc", "Startup Cost": 0.0, "Total Cost": 0.35, "Plan Rows": 2, "Plan Width": 12, "Actual Min Startup Time": 8.328, "Actual Max Startup Time": 8.328, "Actual Min Total Time": 10.748, "Actual Max Total Time": 10.748, "Actual Total Rows": 2884, "Index Cond": "(movie_id = t.id)", "Rows Removed by Index Recheck": 0}]}, {"Node Type": "Materialize", "Parent Relationship": "Inner", "Startup Cost": 0.0, "Total Cost": 1.04, "Plan Rows": 3, "Plan Width": 4, "Actual Min Startup Time": 0.283, "Actual Max Startup Time": 0.283, "Actual Min Total Time": 0.603, "Actual Max Total Time": 0.603, "Actual Total Rows": 5454, "Plans": [{"Node Type": "Seq Scan", "Parent Relationship": "Outer", "Relation Name": "company_type", "Alias": "ct", "Startup Cost": 0.0, "Total Cost": 1.03, "Plan Rows": 3, "Plan Width": 4, "Actual Min Startup Time": 0.006, "Actual Max Startup Time": 0.006, "Actual Min Total Time": 0.009, "Actual Max Total Time": 0.009, "Actual Total Rows": 3}]}]}, {"Node Type": "Index Scan", "Parent Relationship": "Inner", "Scan Direction": "Forward", "Index Name": "company_name_pkey", "Relation Name": "company_name", "Alias": "cn", "Startup Cost": 0.0, "Total Cost": 0.28, "Plan Rows": 1, "Plan Width": 4, "Actual Min Startup Time": 7.588, "Actual Max Startup Time": 7.588, "Actual Min Total Time": 7.588, "Actual Max Total Time": 7.588, "Actual Total Rows": 1488, "Index Cond": "(id = mc.company_id)", "Rows Removed by Index Recheck": 0, "Filter": "((country_code)::text = '[us]'::text)", "Rows Removed by Filter": 111}]}, {"Node Type": "Index Scan", "Parent Relationship": "Inner", "Scan Direction": "Forward", "Index Name": "movie_id_movie_keyword", "Relation Name": "movie_keyword", "Alias": "mk", "Startup Cost": 0.0, "Total Cost": 0.46, "Plan Rows": 8, "Plan Width": 8, "Actual Min Startup Time": 6.284, "Actual Max Startup Time": 6.284, "Actual Min Total Time": 8.599, "Actual Max Total Time": 8.599, "Actual Total Rows": 4808, "Index Cond": "(movie_id = mc.movie_id)", "Rows Removed by Index Recheck": 0}]}, {"Node Type": "Index Only Scan", "Parent Relationship": "Inner", "Scan Direction": "Forward", "Index Name": "keyword_pkey", "Relation Name": "keyword", "Alias": "k", "Startup Cost": 0.0, "Total Cost": 0.27, "Plan Rows": 1, "Plan Width": 4, "Actual Min Startup Time": 12.351, "Actual Max Startup Time": 12.351, "Actual Min Total Time": 12.351, "Actual Max Total Time": 12.351, "Actual Total Rows": 4808, "Index Cond": "(id = mk.keyword_id)", "Rows Removed by Index Recheck": 0, "Heap Fetches": 0}]}, {"Node Type": "Index Only Scan", "Parent Relationship": "Inner", "Scan Direction": "Forward", "Index Name": "movie_id_aka_title", "Relation Name": "aka_title", "Alias": "at", "Startup Cost": 0.0, "Total Cost": 0.31, "Plan Rows": 3, "Plan Width": 4, "Actual Min Startup Time": 9.949, "Actual Max Startup Time": 9.949, "Actual Min Total Time": 10.214, "Actual Max Total Time": 10.214, "Actual Total Rows": 1140, "Index Cond": "(movie_id = t.id)", "Rows Removed by Index Recheck": 0, "Heap Fetches": 0}]}]}, "Triggers": [], "Planner Runtime": 147.095, "Total Runtime": 421.622, "Unique SQL Id": 2846462052}}, "(16, 17)": {"explain_plan": {"Plan": {"Node Type": "Aggregate", "Strategy": "Plain", "Startup Cost": 165028.92, "Total Cost": 165028.93, "Plan Rows": 1, "Plan Width": 123, "Plans": [{"Node Type": "Nested Loop", "Parent Relationship": "Outer", "Join Type": "Inner", "Startup Cost": 4841.46, "Total Cost": 165028.25, "Plan Rows": 134, "Plan Width": 59, "Inner Unique": false, "Plans": [{"Node Type": "Nested Loop", "Parent Relationship": "Outer", "Join Type": "Inner", "Startup Cost": 4841.46, "Total Cost": 165013.2, "Plan Rows": 44, "Plan Width": 75, "Inner Unique": true, "Plans": [{"Node Type": "Nested Loop", "Parent Relationship": "Outer", "Join Type": "Inner", "Startup Cost": 4841.46, "Total Cost": 165000.88, "Plan Rows": 44, "Plan Width": 79, "Inner Unique": false, "Join Filter": "(t.id = mk.movie_id)", "Plans": [{"Node Type": "Nested Loop", "Parent Relationship": "Outer", "Join Type": "Inner", "Startup Cost": 4841.46, "Total Cost": 164997.5, "Plan Rows": 6, "Plan Width": 71, "Inner Unique": true, "Plans": [{"Node Type": "Nested Loop", "Parent Relationship": "Outer", "Join Type": "Inner", "Startup Cost": 4841.46, "Total Cost": 164994.7, "Plan Rows": 10, "Plan Width": 75, "Inner Unique": true, "Plans": [{"Node Type": "Nested Loop", "Parent Relationship": "Outer", "Join Type": "Inner", "Startup Cost": 4841.46, "Total Cost": 164991.25, "Plan Rows": 12, "Plan Width": 79, "Inner Unique": false, "Plans": [{"Node Type": "Nested Loop", "Parent Relationship": "Outer", "Join Type": "Inner", "Startup Cost": 4841.46, "Total Cost": 164989.04, "Plan Rows": 6, "Plan Width": 67, "Inner Unique": true, "Plans": [{"Node Type": "Nested Loop", "Parent Relationship": "Outer", "Join Type": "Inner", "Startup Cost": 4841.46, "Total Cost": 164956.1, "Plan Rows": 4, "Plan Width": 46, "Inner Unique": false, "Plans": [{"Node Type": "Index Scan", "Parent Relationship": "Outer", "Scan Direction": "Forward", "Index Name": "info_type_pkey", "Relation Name": "info_type", "Alias": "it1", "Startup Cost": 0.0, "Total Cost": 14.21, "Plan Rows": 1, "Plan Width": 4, "Filter": "((info)::text = 'release dates'::text)"}, {"Node Type": "Bitmap Heap Scan", "Parent Relationship": "Inner", "Relation Name": "movie_info", "Alias": "mi", "Startup Cost": 4841.46, "Total Cost": 164941.85, "Plan Rows": 4, "Plan Width": 50, "Recheck Cond": "(info_type_id = it1.id)", "Filter": "((info IS NOT NULL) AND ((note)::text ~~ '%internet%'::text) AND (((info)::text ~~ 'USA:% 199%'::text) OR ((info)::text ~~ 'USA:% 200%'::text)))", "Plans": [{"Node Type": "Bitmap Index Scan", "Parent Relationship": "Outer", "Index Name": "info_type_id_movie_info", "Startup Cost": 0.0, "Total Cost": 4841.46, "Plan Rows": 212428, "Plan Width": 0, "Index Cond": "(info_type_id = it1.id)"}]}]}, {"Node Type": "Index Scan", "Parent Relationship": "Inner", "Scan Direction": "Forward", "Index Name": "title_pkey", "Relation Name": "title", "Alias": "t", "Startup Cost": 0.0, "Total Cost": 8.23, "Plan Rows": 1, "Plan Width": 21, "Index Cond": "(id = mi.movie_id)", "Filter": "(production_year > 1990)"}]}, {"Node Type": "Index Scan", "Parent Relationship": "Inner", "Scan Direction": "Forward", "Index Name": "movie_id_movie_companies", "Relation Name": "movie_companies", "Alias": "mc", "Startup Cost": 0.0, "Total Cost": 0.35, "Plan Rows": 2, "Plan Width": 12, "Index Cond": "(movie_id = t.id)"}]}, {"Node Type": "Index Scan", "Parent Relationship": "Inner", "Scan Direction": "Forward", "Index Name": "company_name_pkey", "Relation Name": "company_name", "Alias": "cn", "Startup Cost": 0.0, "Total Cost": 0.28, "Plan Rows": 1, "Plan Width": 4, "Index Cond": "(id = mc.company_id)", "Filter": "((country_code)::text = '[us]'::text)"}]}, {"Node Type": "Index Only Scan", "Parent Relationship": "Inner", "Scan Direction": "Forward", "Index Name": "company_type_pkey", "Relation Name": "company_type", "Alias": "ct", "Startup Cost": 0.0, "Total Cost": 0.27, "Plan Rows": 1, "Plan Width": 4, "Index Cond": "(id = mc.company_type_id)"}]}, {"Node Type": "Index Scan", "Parent Relationship": "Inner", "Scan Direction": "Forward", "Index Name": "movie_id_movie_keyword", "Relation Name": "movie_keyword", "Alias": "mk", "Startup Cost": 0.0, "Total Cost": 0.46, "Plan Rows": 8, "Plan Width": 8, "Index Cond": "(movie_id = mc.movie_id)"}]}, {"Node Type": "Index Only Scan", "Parent Relationship": "Inner", "Scan Direction": "Forward", "Index Name": "keyword_pkey", "Relation Name": "keyword", "Alias": "k", "Startup Cost": 0.0, "Total Cost": 0.27, "Plan Rows": 1, "Plan Width": 4, "Index Cond": "(id = mk.keyword_id)"}]}, {"Node Type": "Index Only Scan", "Parent Relationship": "Inner", "Scan Direction": "Forward", "Index Name": "movie_id_aka_title", "Relation Name": "aka_title", "Alias": "at", "Startup Cost": 0.0, "Total Cost": 0.31, "Plan Rows": 3, "Plan Width": 4, "Index Cond": "(movie_id = t.id)"}]}]}, "Unique SQL Id": 2846462052}, "explain_analyze_plan": null}, "(16, 18)": {"explain_plan": {"Plan": {"Node Type": "Aggregate", "Strategy": "Plain", "Startup Cost": 41112.15, "Total Cost": 41112.16, "Plan Rows": 1, "Plan Width": 123, "Plans": [{"Node Type": "Nested Loop", "Parent Relationship": "Outer", "Join Type": "Inner", "Startup Cost": 5.61, "Total Cost": 41111.48, "Plan Rows": 134, "Plan Width": 59, "Inner Unique": false, "Join Filter": "(t.id = at.movie_id)", "Plans": [{"Node Type": "Nested Loop", "Parent Relationship": "Outer", "Join Type": "Inner", "Startup Cost": 5.34, "Total Cost": 40920.12, "Plan Rows": 44, "Plan Width": 75, "Inner Unique": true, "Join Filter": "(mi.movie_id = t.id)", "Plans": [{"Node Type": "Nested Loop", "Parent Relationship": "Outer", "Join Type": "Inner", "Startup Cost": 5.07, "Total Cost": 40782.73, "Plan Rows": 32, "Plan Width": 54, "Inner Unique": true, "Plans": [{"Node Type": "Nested Loop", "Parent Relationship": "Outer", "Join Type": "Inner", "Startup Cost": 4.81, "Total Cost": 40645.76, "Plan Rows": 32, "Plan Width": 58, "Inner Unique": false, "Join Filter": "(mi.movie_id = mk.movie_id)", "Plans": [{"Node Type": "Nested Loop", "Parent Relationship": "Outer", "Join Type": "Inner", "Startup Cost": 4.48, "Total Cost": 40627.61, "Plan Rows": 4, "Plan Width": 50, "Inner Unique": true, "Plans": [{"Node Type": "Nested Loop", "Parent Relationship": "Outer", "Join Type": "Inner", "Startup Cost": 4.22, "Total Cost": 40593.34, "Plan Rows": 8, "Plan Width": 54, "Inner Unique": true, "Join Filter": "(mc.company_type_id = ct.id)", "Plans": [{"Node Type": "Nested Loop", "Parent Relationship": "Outer", "Join Type": "Inner", "Startup Cost": 4.22, "Total Cost": 40591.9, "Plan Rows": 9, "Plan Width": 58, "Inner Unique": false, "Plans": [{"Node Type": "Nested Loop", "Parent Relationship": "Outer", "Join Type": "Inner", "Startup Cost": 0.0, "Total Cost": 40543.12, "Plan Rows": 4, "Plan Width": 46, "Inner Unique": false, "Join Filter": "(it1.id = mi.info_type_id)", "Plans": [{"Node Type": "Seq Scan", "Parent Relationship": "Outer", "Relation Name": "info_type", "Alias": "it1", "Startup Cost": 0.0, "Total Cost": 2.4, "Plan Rows": 1, "Plan Width": 4, "Filter": "((info)::text = 'release dates'::text)"}, {"Node Type": "Materialize", "Parent Relationship": "Inner", "Startup Cost": 0.0, "Total Cost": 40538.17, "Plan Rows": 255, "Plan Width": 50, "Plans": [{"Node Type": "Streaming(type: LOCAL GATHER dop: 1/16)", "Parent Relationship": "Outer", "Startup Cost": 0.0, "Total Cost": 40537.53, "Plan Rows": 255, "Plan Width": 50, "Plans": [{"Node Type": "Seq Scan", "Parent Relationship": "Outer", "Relation Name": "movie_info", "Alias": "mi", "Startup Cost": 0.0, "Total Cost": 40532.03, "Plan Rows": 255, "Plan Width": 50, "Filter": "((info IS NOT NULL) AND ((note)::text ~~ '%internet%'::text) AND (((info)::text ~~ 'USA:% 199%'::text) OR ((info)::text ~~ 'USA:% 200%'::text)))"}]}]}]}, {"Node Type": "Bitmap Heap Scan", "Parent Relationship": "Inner", "Relation Name": "movie_companies", "Alias": "mc", "Startup Cost": 4.22, "Total Cost": 12.18, "Plan Rows": 2, "Plan Width": 12, "Recheck Cond": "(movie_id = mi.movie_id)", "Plans": [{"Node Type": "Bitmap Index Scan", "Parent Relationship": "Outer", "Index Name": "movie_id_movie_companies", "Startup Cost": 0.0, "Total Cost": 4.22, "Plan Rows": 2, "Plan Width": 0, "Index Cond": "(movie_id = mi.movie_id)"}]}]}, {"Node Type": "Materialize", "Parent Relationship": "Inner", "Startup Cost": 0.0, "Total Cost": 1.04, "Plan Rows": 3, "Plan Width": 4, "Plans": [{"Node Type": "Seq Scan", "Parent Relationship": "Outer", "Relation Name": "company_type", "Alias": "ct", "Startup Cost": 0.0, "Total Cost": 1.03, "Plan Rows": 3, "Plan Width": 4}]}]}, {"Node Type": "Bitmap Heap Scan", "Parent Relationship": "Inner", "Relation Name": "company_name", "Alias": "cn", "Startup Cost": 0.26, "Total Cost": 4.27, "Plan Rows": 1, "Plan Width": 4, "Recheck Cond": "(id = mc.company_id)", "Filter": "((country_code)::text = '[us]'::text)", "Plans": [{"Node Type": "Bitmap Index Scan", "Parent Relationship": "Outer", "Index Name": "company_name_pkey", "Startup Cost": 0.0, "Total Cost": 0.26, "Plan Rows": 1, "Plan Width": 0, "Index Cond": "(id = mc.company_id)"}]}]}, {"Node Type": "Bitmap Heap Scan", "Parent Relationship": "Inner", "Relation Name": "movie_keyword", "Alias": "mk", "Startup Cost": 0.34, "Total Cost": 4.44, "Plan Rows": 8, "Plan Width": 8, "Recheck Cond": "(movie_id = mc.movie_id)", "Plans": [{"Node Type": "Bitmap Index Scan", "Parent Relationship": "Outer", "Index Name": "movie_id_movie_keyword", "Startup Cost": 0.0, "Total Cost": 0.34, "Plan Rows": 8, "Plan Width": 0, "Index Cond": "(movie_id = mc.movie_id)"}]}]}, {"Node Type": "Bitmap Heap Scan", "Parent Relationship": "Inner", "Relation Name": "keyword", "Alias": "k", "Startup Cost": 0.26, "Total Cost": 4.27, "Plan Rows": 1, "Plan Width": 4, "Recheck Cond": "(id = mk.keyword_id)", "Plans": [{"Node Type": "Bitmap Index Scan", "Parent Relationship": "Outer", "Index Name": "keyword_pkey", "Startup Cost": 0.0, "Total Cost": 0.26, "Plan Rows": 1, "Plan Width": 0, "Index Cond": "(id = mk.keyword_id)"}]}]}, {"Node Type": "Bitmap Heap Scan", "Parent Relationship": "Inner", "Relation Name": "title", "Alias": "t", "Startup Cost": 0.27, "Total Cost": 4.28, "Plan Rows": 1, "Plan Width": 21, "Recheck Cond": "(id = mk.movie_id)", "Filter": "(production_year > 1990)", "Plans": [{"Node Type": "Bitmap Index Scan", "Parent Relationship": "Outer", "Index Name": "title_pkey", "Startup Cost": 0.0, "Total Cost": 0.27, "Plan Rows": 1, "Plan Width": 0, "Index Cond": "(id = mk.movie_id)"}]}]}, {"Node Type": "Bitmap Heap Scan", "Parent Relationship": "Inner", "Relation Name": "aka_title", "Alias": "at", "Startup Cost": 0.27, "Total Cost": 4.31, "Plan Rows": 3, "Plan Width": 4, "Recheck Cond": "(movie_id = mk.movie_id)", "Plans": [{"Node Type": "Bitmap Index Scan", "Parent Relationship": "Outer", "Index Name": "movie_id_aka_title", "Startup Cost": 0.0, "Total Cost": 0.27, "Plan Rows": 3, "Plan Width": 0, "Index Cond": "(movie_id = mk.movie_id)"}]}]}]}, "Unique SQL Id": 2846462052}, "explain_analyze_plan": {"Plan": {"Node Type": "Aggregate", "Strategy": "Plain", "Startup Cost": 41112.15, "Total Cost": 41112.16, "Plan Rows": 1, "Plan Width": 123, "Actual Min Startup Time": 444.081, "Actual Max Startup Time": 444.081, "Actual Min Total Time": 444.081, "Actual Max Total Time": 444.081, "Actual Total Rows": 1, "Plans": [{"Node Type": "Nested Loop", "Parent Relationship": "Outer", "Join Type": "Inner", "Startup Cost": 5.61, "Total Cost": 41111.48, "Plan Rows": 134, "Plan Width": 59, "Actual Min Startup Time": 323.4, "Actual Max Startup Time": 323.4, "Actual Min Total Time": 443.034, "Actual Max Total Time": 443.034, "Actual Total Rows": 1140, "Inner Unique": false, "Join Filter": "(t.id = at.movie_id)", "Rows Removed by Join Filter": 0, "Plans": [{"Node Type": "Nested Loop", "Parent Relationship": "Outer", "Join Type": "Inner", "Startup Cost": 5.34, "Total Cost": 40920.12, "Plan Rows": 44, "Plan Width": 75, "Actual Min Startup Time": 322.697, "Actual Max Startup Time": 322.697, "Actual Min Total Time": 422.492, "Actual Max Total Time": 422.492, "Actual Total Rows": 4808, "Inner Unique": true, "Join Filter": "(mi.movie_id = t.id)", "Rows Removed by Join Filter": 0, "Plans": [{"Node Type": "Nested Loop", "Parent Relationship": "Outer", "Join Type": "Inner", "Startup Cost": 5.07, "Total Cost": 40782.73, "Plan Rows": 32, "Plan Width": 54, "Actual Min Startup Time": 322.668, "Actual Max Startup Time": 322.668, "Actual Min Total Time": 395.413, "Actual Max Total Time": 395.413, "Actual Total Rows": 4808, "Inner Unique": true, "Plans": [{"Node Type": "Nested Loop", "Parent Relationship": "Outer", "Join Type": "Inner", "Startup Cost": 4.81, "Total Cost": 40645.76, "Plan Rows": 32, "Plan Width": 58, "Actual Min Startup Time": 322.652, "Actual Max Startup Time": 322.652, "Actual Min Total Time": 368.02, "Actual Max Total Time": 368.02, "Actual Total Rows": 4808, "Inner Unique": false, "Join Filter": "(mi.movie_id = mk.movie_id)", "Rows Removed by Join Filter": 0, "Plans": [{"Node Type": "Nested Loop", "Parent Relationship": "Outer", "Join Type": "Inner", "Startup Cost": 4.48, "Total Cost": 40627.61, "Plan Rows": 4, "Plan Width": 50, "Actual Min Startup Time": 322.63, "Actual Max Startup Time": 322.63, "Actual Min Total Time": 355.048, "Actual Max Total Time": 355.048, "Actual Total Rows": 1488, "Inner Unique": true, "Plans": [{"Node Type": "Nested Loop", "Parent Relationship": "Outer", "Join Type": "Inner", "Startup Cost": 4.22, "Total Cost": 40593.34, "Plan Rows": 8, "Plan Width": 54, "Actual Min Startup Time": 322.595, "Actual Max Startup Time": 322.595, "Actual Min Total Time": 343.314, "Actual Max Total Time": 343.314, "Actual Total Rows": 1599, "Inner Unique": true, "Join Filter": "(mc.company_type_id = ct.id)", "Rows Removed by Join Filter": 3855, "Plans": [{"Node Type": "Nested Loop", "Parent Relationship": "Outer", "Join Type": "Inner", "Startup Cost": 4.22, "Total Cost": 40591.9, "Plan Rows": 9, "Plan Width": 58, "Actual Min Startup Time": 322.535, "Actual Max Startup Time": 322.535, "Actual Min Total Time": 340.625, "Actual Max Total Time": 340.625, "Actual Total Rows": 2884, "Inner Unique": false, "Plans": [{"Node Type": "Nested Loop", "Parent Relationship": "Outer", "Join Type": "Inner", "Startup Cost": 0.0, "Total Cost": 40543.12, "Plan Rows": 4, "Plan Width": 46, "Actual Min Startup Time": 322.465, "Actual Max Startup Time": 322.465, "Actual Min Total Time": 323.843, "Actual Max Total Time": 323.843, "Actual Total Rows": 1783, "Inner Unique": false, "Join Filter": "(it1.id = mi.info_type_id)", "Rows Removed by Join Filter": 0, "Plans": [{"Node Type": "Seq Scan", "Parent Relationship": "Outer", "Relation Name": "info_type", "Alias": "it1", "Startup Cost": 0.0, "Total Cost": 2.4, "Plan Rows": 1, "Plan Width": 4, "Actual Min Startup Time": 0.071, "Actual Max Startup Time": 0.071, "Actual Min Total Time": 0.097, "Actual Max Total Time": 0.097, "Actual Total Rows": 1, "Filter": "((info)::text = 'release dates'::text)", "Rows Removed by Filter": 111}, {"Node Type": "Materialize", "Parent Relationship": "Inner", "Startup Cost": 0.0, "Total Cost": 40538.17, "Plan Rows": 255, "Plan Width": 50, "Actual Min Startup Time": 322.368, "Actual Max Startup Time": 322.368, "Actual Min Total Time": 322.733, "Actual Max Total Time": 322.733, "Actual Total Rows": 1784, "Plans": [{"Node Type": "Streaming(type: LOCAL GATHER dop: 1/16)", "Parent Relationship": "Outer", "Startup Cost": 0.0, "Total Cost": 40537.53, "Plan Rows": 255, "Plan Width": 50, "Actual Min Startup Time": 148.512, "Actual Max Startup Time": 148.512, "Actual Min Total Time": 322.015, "Actual Max Total Time": 322.015, "Actual Total Rows": 1783, "Plans": [{"Node Type": "Seq Scan", "Parent Relationship": "Outer", "Relation Name": "movie_info", "Alias": "mi", "Startup Cost": 0.0, "Total Cost": 40532.03, "Plan Rows": 255, "Plan Width": 50, "Actual Min Startup Time": 80.913, "Actual Max Startup Time": 88.975, "Actual Min Total Time": 294.541, "Actual Max Total Time": 303.638, "Actual Total Rows": 1783, "Filter": "((info IS NOT NULL) AND ((note)::text ~~ '%internet%'::text) AND (((info)::text ~~ 'USA:% 199%'::text) OR ((info)::text ~~ 'USA:% 200%'::text)))", "Rows Removed by Filter": 14833936}]}]}]}, {"Node Type": "Bitmap Heap Scan", "Parent Relationship": "Inner", "Relation Name": "movie_companies", "Alias": "mc", "Startup Cost": 4.22, "Total Cost": 12.18, "Plan Rows": 2, "Plan Width": 12, "Actual Min Startup Time": 12.042, "Actual Max Startup Time": 12.042, "Actual Min Total Time": 13.938, "Actual Max Total Time": 13.938, "Actual Total Rows": 2884, "Recheck Cond": "(movie_id = mi.movie_id)", "Rows Removed by Index Recheck": 0, "Exact Heap Blocks": 2325, "Lossy Heap Blocks": 2325, "Plans": [{"Node Type": "Bitmap Index Scan", "Parent Relationship": "Outer", "Index Name": "movie_id_movie_companies", "Startup Cost": 0.0, "Total Cost": 4.22, "Plan Rows": 2, "Plan Width": 0, "Actual Min Startup Time": 7.724, "Actual Max Startup Time": 7.724, "Actual Min Total Time": 7.724, "Actual Max Total Time": 7.724, "Actual Total Rows": 2884, "Index Cond": "(movie_id = mi.movie_id)"}]}]}, {"Node Type": "Materialize", "Parent Relationship": "Inner", "Startup Cost": 0.0, "Total Cost": 1.04, "Plan Rows": 3, "Plan Width": 4, "Actual Min Startup Time": 0.368, "Actual Max Startup Time": 0.368, "Actual Min Total Time": 0.705, "Actual Max Total Time": 0.705, "Actual Total Rows": 5454, "Plans": [{"Node Type": "Seq Scan", "Parent Relationship": "Outer", "Relation Name": "company_type", "Alias": "ct", "Startup Cost": 0.0, "Total Cost": 1.03, "Plan Rows": 3, "Plan Width": 4, "Actual Min Startup Time": 0.007, "Actual Max Startup Time": 0.007, "Actual Min Total Time": 0.008, "Actual Max Total Time": 0.008, "Actual Total Rows": 3}]}]}, {"Node Type": "Bitmap Heap Scan", "Parent Relationship": "Inner", "Relation Name": "company_name", "Alias": "cn", "Startup Cost": 0.26, "Total Cost": 4.27, "Plan Rows": 1, "Plan Width": 4, "Actual Min Startup Time": 9.608, "Actual Max Startup Time": 9.608, "Actual Min Total Time": 9.608, "Actual Max Total Time": 9.608, "Actual Total Rows": 1488, "Recheck Cond": "(id = mc.company_id)", "Rows Removed by Index Recheck": 0, "Filter": "((country_code)::text = '[us]'::text)", "Rows Removed by Filter": 111, "Exact Heap Blocks": 1599, "Lossy Heap Blocks": 1599, "Plans": [{"Node Type": "Bitmap Index Scan", "Parent Relationship": "Outer", "Index Name": "company_name_pkey", "Startup Cost": 0.0, "Total Cost": 0.26, "Plan Rows": 1, "Plan Width": 0, "Actual Min Startup Time": 5.454, "Actual Max Startup Time": 5.454, "Actual Min Total Time": 5.454, "Actual Max Total Time": 5.454, "Actual Total Rows": 1599, "Index Cond": "(id = mc.company_id)"}]}]}, {"Node Type": "Bitmap Heap Scan", "Parent Relationship": "Inner", "Relation Name": "movie_keyword", "Alias": "mk", "Startup Cost": 0.34, "Total Cost": 4.44, "Plan Rows": 8, "Plan Width": 8, "Actual Min Startup Time": 8.279, "Actual Max Startup Time": 8.279, "Actual Min Total Time": 9.017, "Actual Max Total Time": 9.017, "Actual Total Rows": 4808, "Recheck Cond": "(movie_id = mc.movie_id)", "Rows Removed by Index Recheck": 0, "Exact Heap Blocks": 586, "Lossy Heap Blocks": 586, "Plans": [{"Node Type": "Bitmap Index Scan", "Parent Relationship": "Outer", "Index Name": "movie_id_movie_keyword", "Startup Cost": 0.0, "Total Cost": 0.34, "Plan Rows": 8, "Plan Width": 0, "Actual Min Startup Time": 5.945, "Actual Max Startup Time": 5.945, "Actual Min Total Time": 5.945, "Actual Max Total Time": 5.945, "Actual Total Rows": 4808, "Index Cond": "(movie_id = mc.movie_id)"}]}]}, {"Node Type": "Bitmap Heap Scan", "Parent Relationship": "Inner", "Relation Name": "keyword", "Alias": "k", "Startup Cost": 0.26, "Total Cost": 4.27, "Plan Rows": 1, "Plan Width": 4, "Actual Min Startup Time": 21.17, "Actual Max Startup Time": 21.17, "Actual Min Total Time": 21.17, "Actual Max Total Time": 21.17, "Actual Total Rows": 4808, "Recheck Cond": "(id = mk.keyword_id)", "Rows Removed by Index Recheck": 0, "Exact Heap Blocks": 4808, "Lossy Heap Blocks": 4808, "Plans": [{"Node Type": "Bitmap Index Scan", "Parent Relationship": "Outer", "Index Name": "keyword_pkey", "Startup Cost": 0.0, "Total Cost": 0.26, "Plan Rows": 1, "Plan Width": 0, "Actual Min Startup Time": 13.4, "Actual Max Startup Time": 13.4, "Actual Min Total Time": 13.4, "Actual Max Total Time": 13.4, "Actual Total Rows": 4808, "Index Cond": "(id = mk.keyword_id)"}]}]}, {"Node Type": "Bitmap Heap Scan", "Parent Relationship": "Inner", "Relation Name": "title", "Alias": "t", "Startup Cost": 0.27, "Total Cost": 4.28, "Plan Rows": 1, "Plan Width": 21, "Actual Min Startup Time": 20.148, "Actual Max Startup Time": 20.148, "Actual Min Total Time": 20.148, "Actual Max Total Time": 20.148, "Actual Total Rows": 4808, "Recheck Cond": "(id = mk.movie_id)", "Rows Removed by Index Recheck": 0, "Filter": "(production_year > 1990)", "Rows Removed by Filter": 0, "Exact Heap Blocks": 4808, "Lossy Heap Blocks": 4808, "Plans": [{"Node Type": "Bitmap Index Scan", "Parent Relationship": "Outer", "Index Name": "title_pkey", "Startup Cost": 0.0, "Total Cost": 0.27, "Plan Rows": 1, "Plan Width": 0, "Actual Min Startup Time": 12.205, "Actual Max Startup Time": 12.205, "Actual Min Total Time": 12.205, "Actual Max Total Time": 12.205, "Actual Total Rows": 4808, "Index Cond": "(id = mk.movie_id)"}]}]}, {"Node Type": "Bitmap Heap Scan", "Parent Relationship": "Inner", "Relation Name": "aka_title", "Alias": "at", "Startup Cost": 0.27, "Total Cost": 4.31, "Plan Rows": 3, "Plan Width": 4, "Actual Min Startup Time": 14.511, "Actual Max Startup Time": 14.511, "Actual Min Total Time": 14.891, "Actual Max Total Time": 14.891, "Actual Total Rows": 1140, "Recheck Cond": "(movie_id = mk.movie_id)", "Rows Removed by Index Recheck": 0, "Exact Heap Blocks": 1140, "Lossy Heap Blocks": 1140, "Plans": [{"Node Type": "Bitmap Index Scan", "Parent Relationship": "Outer", "Index Name": "movie_id_aka_title", "Startup Cost": 0.0, "Total Cost": 0.27, "Plan Rows": 3, "Plan Width": 0, "Actual Min Startup Time": 11.174, "Actual Max Startup Time": 11.174, "Actual Min Total Time": 11.174, "Actual Max Total Time": 11.174, "Actual Total Rows": 1140, "Index Cond": "(movie_id = mk.movie_id)"}]}]}]}, "Triggers": [], "Planner Runtime": 186.784, "Total Runtime": 447.172, "Unique SQL Id": 2846462052}}, "(16, 19)": {"explain_plan": {"Plan": {"Node Type": "Aggregate", "Strategy": "Plain", "Startup Cost": 166082.29, "Total Cost": 166082.3, "Plan Rows": 1, "Plan Width": 123, "Plans": [{"Node Type": "Nested Loop", "Parent Relationship": "Outer", "Join Type": "Inner", "Startup Cost": 4855.81, "Total Cost": 166081.62, "Plan Rows": 134, "Plan Width": 59, "Inner Unique": true, "Join Filter": "(at.movie_id = t.id)", "Plans": [{"Node Type": "Nested Loop", "Parent Relationship": "Outer", "Join Type": "Inner", "Startup Cost": 4855.54, "Total Cost": 165665.15, "Plan Rows": 97, "Plan Width": 58, "Inner Unique": true, "Plans": [{"Node Type": "Nested Loop", "Parent Relationship": "Outer", "Join Type": "Inner", "Startup Cost": 4855.28, "Total Cost": 165249.97, "Plan Rows": 97, "Plan Width": 62, "Inner Unique": false, "Join Filter": "(at.movie_id = mk.movie_id)", "Plans": [{"Node Type": "Nested Loop", "Parent Relationship": "Outer", "Join Type": "Inner", "Startup Cost": 4854.95, "Total Cost": 165195.51, "Plan Rows": 12, "Plan Width": 54, "Inner Unique": true, "Plans": [{"Node Type": "Nested Loop", "Parent Relationship": "Outer", "Join Type": "Inner", "Startup Cost": 4854.69, "Total Cost": 165144.15, "Plan Rows": 12, "Plan Width": 58, "Inner Unique": true, "Plans": [{"Node Type": "Nested Loop", "Parent Relationship": "Outer", "Join Type": "Inner", "Startup Cost": 4854.43, "Total Cost": 165058.48, "Plan Rows": 20, "Plan Width": 62, "Inner Unique": false, "Plans": [{"Node Type": "Nested Loop", "Parent Relationship": "Outer", "Join Type": "Inner", "Startup Cost": 4854.06, "Total Cost": 165018.73, "Plan Rows": 9, "Plan Width": 50, "Inner Unique": false, "Plans": [{"Node Type": "Nested Loop", "Parent Relationship": "Outer", "Join Type": "Inner", "Startup Cost": 4850.27, "Total Cost": 164956.1, "Plan Rows": 4, "Plan Width": 46, "Inner Unique": false, "Plans": [{"Node Type": "Bitmap Heap Scan", "Parent Relationship": "Outer", "Relation Name": "info_type", "Alias": "it1", "Startup Cost": 8.81, "Total Cost": 14.21, "Plan Rows": 1, "Plan Width": 4, "Filter": "((info)::text = 'release dates'::text)", "Plans": [{"Node Type": "Bitmap Index Scan", "Parent Relationship": "Outer", "Index Name": "info_type_pkey", "Startup Cost": 0.0, "Total Cost": 8.81, "Plan Rows": 112, "Plan Width": 0}]}, {"Node Type": "Bitmap Heap Scan", "Parent Relationship": "Inner", "Relation Name": "movie_info", "Alias": "mi", "Startup Cost": 4841.46, "Total Cost": 164941.85, "Plan Rows": 4, "Plan Width": 50, "Recheck Cond": "(info_type_id = it1.id)", "Filter": "((info IS NOT NULL) AND ((note)::text ~~ '%internet%'::text) AND (((info)::text ~~ 'USA:% 199%'::text) OR ((info)::text ~~ 'USA:% 200%'::text)))", "Plans": [{"Node Type": "Bitmap Index Scan", "Parent Relationship": "Outer", "Index Name": "info_type_id_movie_info", "Startup Cost": 0.0, "Total Cost": 4841.46, "Plan Rows": 212428, "Plan Width": 0, "Index Cond": "(info_type_id = it1.id)"}]}]}, {"Node Type": "Bitmap Heap Scan", "Parent Relationship": "Inner", "Relation Name": "aka_title", "Alias": "at", "Startup Cost": 3.79, "Total Cost": 15.63, "Plan Rows": 3, "Plan Width": 4, "Recheck Cond": "(movie_id = mi.movie_id)", "Plans": [{"Node Type": "Bitmap Index Scan", "Parent Relationship": "Outer", "Index Name": "movie_id_aka_title", "Startup Cost": 0.0, "Total Cost": 3.79, "Plan Rows": 3, "Plan Width": 0, "Index Cond": "(movie_id = mi.movie_id)"}]}]}, {"Node Type": "Bitmap Heap Scan", "Parent Relationship": "Inner", "Relation Name": "movie_companies", "Alias": "mc", "Startup Cost": 0.37, "Total Cost": 4.4, "Plan Rows": 2, "Plan Width": 12, "Recheck Cond": "(movie_id = at.movie_id)", "Plans": [{"Node Type": "Bitmap Index Scan", "Parent Relationship": "Outer", "Index Name": "movie_id_movie_companies", "Startup Cost": 0.0, "Total Cost": 0.37, "Plan Rows": 2, "Plan Width": 0, "Index Cond": "(movie_id = at.movie_id)"}]}]}, {"Node Type": "Bitmap Heap Scan", "Parent Relationship": "Inner", "Relation Name": "company_name", "Alias": "cn", "Startup Cost": 0.26, "Total Cost": 4.27, "Plan Rows": 1, "Plan Width": 4, "Recheck Cond": "(id = mc.company_id)", "Filter": "((country_code)::text = '[us]'::text)", "Plans": [{"Node Type": "Bitmap Index Scan", "Parent Relationship": "Outer", "Index Name": "company_name_pkey", "Startup Cost": 0.0, "Total Cost": 0.26, "Plan Rows": 1, "Plan Width": 0, "Index Cond": "(id = mc.company_id)"}]}]}, {"Node Type": "Bitmap Heap Scan", "Parent Relationship": "Inner", "Relation Name": "company_type", "Alias": "ct", "Startup Cost": 0.26, "Total Cost": 4.27, "Plan Rows": 1, "Plan Width": 4, "Recheck Cond": "(id = mc.company_type_id)", "Plans": [{"Node Type": "Bitmap Index Scan", "Parent Relationship": "Outer", "Index Name": "company_type_pkey", "Startup Cost": 0.0, "Total Cost": 0.26, "Plan Rows": 1, "Plan Width": 0, "Index Cond": "(id = mc.company_type_id)"}]}]}, {"Node Type": "Bitmap Heap Scan", "Parent Relationship": "Inner", "Relation Name": "movie_keyword", "Alias": "mk", "Startup Cost": 0.34, "Total Cost": 4.44, "Plan Rows": 8, "Plan Width": 8, "Recheck Cond": "(movie_id = mc.movie_id)", "Plans": [{"Node Type": "Bitmap Index Scan", "Parent Relationship": "Outer", "Index Name": "movie_id_movie_keyword", "Startup Cost": 0.0, "Total Cost": 0.34, "Plan Rows": 8, "Plan Width": 0, "Index Cond": "(movie_id = mc.movie_id)"}]}]}, {"Node Type": "Bitmap Heap Scan", "Parent Relationship": "Inner", "Relation Name": "keyword", "Alias": "k", "Startup Cost": 0.26, "Total Cost": 4.27, "Plan Rows": 1, "Plan Width": 4, "Recheck Cond": "(id = mk.keyword_id)", "Plans": [{"Node Type": "Bitmap Index Scan", "Parent Relationship": "Outer", "Index Name": "keyword_pkey", "Startup Cost": 0.0, "Total Cost": 0.26, "Plan Rows": 1, "Plan Width": 0, "Index Cond": "(id = mk.keyword_id)"}]}]}, {"Node Type": "Bitmap Heap Scan", "Parent Relationship": "Inner", "Relation Name": "title", "Alias": "t", "Startup Cost": 0.27, "Total Cost": 4.28, "Plan Rows": 1, "Plan Width": 21, "Recheck Cond": "(id = mk.movie_id)", "Filter": "(production_year > 1990)", "Plans": [{"Node Type": "Bitmap Index Scan", "Parent Relationship": "Outer", "Index Name": "title_pkey", "Startup Cost": 0.0, "Total Cost": 0.27, "Plan Rows": 1, "Plan Width": 0, "Index Cond": "(id = mk.movie_id)"}]}]}]}, "Unique SQL Id": 2846462052}, "explain_analyze_plan": null}, "(16, 20)": {"explain_plan": {"Plan": {"Node Type": "Aggregate", "Strategy": "Plain", "Startup Cost": 40614.97, "Total Cost": 40614.98, "Plan Rows": 1, "Plan Width": 123, "Plans": [{"Node Type": "Nested Loop", "Parent Relationship": "Outer", "Join Type": "Inner", "Startup Cost": 0.0, "Total Cost": 40614.3, "Plan Rows": 134, "Plan Width": 59, "Inner Unique": false, "Join Filter": "(t.id = at.movie_id)", "Plans": [{"Node Type": "Nested Loop", "Parent Relationship": "Outer", "Join Type": "Inner", "Startup Cost": 0.0, "Total Cost": 40598.73, "Plan Rows": 44, "Plan Width": 75, "Inner Unique": true, "Plans": [{"Node Type": "Nested Loop", "Parent Relationship": "Outer", "Join Type": "Inner", "Startup Cost": 0.0, "Total Cost": 40586.38, "Plan Rows": 44, "Plan Width": 79, "Inner Unique": false, "Join Filter": "(t.id = mk.movie_id)", "Plans": [{"Node Type": "Nested Loop", "Parent Relationship": "Outer", "Join Type": "Inner", "Startup Cost": 0.0, "Total Cost": 40583.01, "Plan Rows": 6, "Plan Width": 71, "Inner Unique": true, "Plans": [{"Node Type": "Nested Loop", "Parent Relationship": "Outer", "Join Type": "Inner", "Startup Cost": 0.0, "Total Cost": 40579.84, "Plan Rows": 11, "Plan Width": 75, "Inner Unique": true, "Join Filter": "(mc.company_type_id = ct.id)", "Plans": [{"Node Type": "Nested Loop", "Parent Relationship": "Outer", "Join Type": "Inner", "Startup Cost": 0.0, "Total Cost": 40578.27, "Plan Rows": 12, "Plan Width": 79, "Inner Unique": false, "Plans": [{"Node Type": "Nested Loop", "Parent Relationship": "Outer", "Join Type": "Inner", "Startup Cost": 0.0, "Total Cost": 40576.06, "Plan Rows": 6, "Plan Width": 67, "Inner Unique": true, "Plans": [{"Node Type": "Nested Loop", "Parent Relationship": "Outer", "Join Type": "Inner", "Startup Cost": 0.0, "Total Cost": 40543.12, "Plan Rows": 4, "Plan Width": 46, "Inner Unique": false, "Join Filter": "(it1.id = mi.info_type_id)", "Plans": [{"Node Type": "Seq Scan", "Parent Relationship": "Outer", "Relation Name": "info_type", "Alias": "it1", "Startup Cost": 0.0, "Total Cost": 2.4, "Plan Rows": 1, "Plan Width": 4, "Filter": "((info)::text = 'release dates'::text)"}, {"Node Type": "Materialize", "Parent Relationship": "Inner", "Startup Cost": 0.0, "Total Cost": 40538.17, "Plan Rows": 255, "Plan Width": 50, "Plans": [{"Node Type": "Streaming(type: LOCAL GATHER dop: 1/16)", "Parent Relationship": "Outer", "Startup Cost": 0.0, "Total Cost": 40537.53, "Plan Rows": 255, "Plan Width": 50, "Plans": [{"Node Type": "Seq Scan", "Parent Relationship": "Outer", "Relation Name": "movie_info", "Alias": "mi", "Startup Cost": 0.0, "Total Cost": 40532.03, "Plan Rows": 255, "Plan Width": 50, "Filter": "((info IS NOT NULL) AND ((note)::text ~~ '%internet%'::text) AND (((info)::text ~~ 'USA:% 199%'::text) OR ((info)::text ~~ 'USA:% 200%'::text)))"}]}]}]}, {"Node Type": "Index Scan", "Parent Relationship": "Inner", "Scan Direction": "Forward", "Index Name": "title_pkey", "Relation Name": "title", "Alias": "t", "Startup Cost": 0.0, "Total Cost": 8.23, "Plan Rows": 1, "Plan Width": 21, "Index Cond": "(id = mi.movie_id)", "Filter": "(production_year > 1990)"}]}, {"Node Type": "Index Scan", "Parent Relationship": "Inner", "Scan Direction": "Forward", "Index Name": "movie_id_movie_companies", "Relation Name": "movie_companies", "Alias": "mc", "Startup Cost": 0.0, "Total Cost": 0.35, "Plan Rows": 2, "Plan Width": 12, "Index Cond": "(movie_id = t.id)"}]}, {"Node Type": "Materialize", "Parent Relationship": "Inner", "Startup Cost": 0.0, "Total Cost": 1.04, "Plan Rows": 3, "Plan Width": 4, "Plans": [{"Node Type": "Seq Scan", "Parent Relationship": "Outer", "Relation Name": "company_type", "Alias": "ct", "Startup Cost": 0.0, "Total Cost": 1.03, "Plan Rows": 3, "Plan Width": 4}]}]}, {"Node Type": "Index Scan", "Parent Relationship": "Inner", "Scan Direction": "Forward", "Index Name": "company_name_pkey", "Relation Name": "company_name", "Alias": "cn", "Startup Cost": 0.0, "Total Cost": 0.28, "Plan Rows": 1, "Plan Width": 4, "Index Cond": "(id = mc.company_id)", "Filter": "((country_code)::text = '[us]'::text)"}]}, {"Node Type": "Index Scan", "Parent Relationship": "Inner", "Scan Direction": "Forward", "Index Name": "movie_id_movie_keyword", "Relation Name": "movie_keyword", "Alias": "mk", "Startup Cost": 0.0, "Total Cost": 0.46, "Plan Rows": 8, "Plan Width": 8, "Index Cond": "(movie_id = mc.movie_id)"}]}, {"Node Type": "Index Scan", "Parent Relationship": "Inner", "Scan Direction": "Forward", "Index Name": "keyword_pkey", "Relation Name": "keyword", "Alias": "k", "Startup Cost": 0.0, "Total Cost": 0.27, "Plan Rows": 1, "Plan Width": 4, "Index Cond": "(id = mk.keyword_id)"}]}, {"Node Type": "Index Scan", "Parent Relationship": "Inner", "Scan Direction": "Forward", "Index Name": "movie_id_aka_title", "Relation Name": "aka_title", "Alias": "at", "Startup Cost": 0.0, "Total Cost": 0.32, "Plan Rows": 3, "Plan Width": 4, "Index Cond": "(movie_id = mk.movie_id)"}]}]}, "Unique SQL Id": 2846462052}, "explain_analyze_plan": {"Plan": {"Node Type": "Aggregate", "Strategy": "Plain", "Startup Cost": 40614.97, "Total Cost": 40614.98, "Plan Rows": 1, "Plan Width": 123, "Actual Min Startup Time": 401.986, "Actual Max Startup Time": 401.986, "Actual Min Total Time": 401.986, "Actual Max Total Time": 401.986, "Actual Total Rows": 1, "Plans": [{"Node Type": "Nested Loop", "Parent Relationship": "Outer", "Join Type": "Inner", "Startup Cost": 0.0, "Total Cost": 40614.3, "Plan Rows": 134, "Plan Width": 59, "Actual Min Startup Time": 320.665, "Actual Max Startup Time": 320.665, "Actual Min Total Time": 401.167, "Actual Max Total Time": 401.167, "Actual Total Rows": 1140, "Inner Unique": false, "Join Filter": "(t.id = at.movie_id)", "Rows Removed by Join Filter": 0, "Plans": [{"Node Type": "Nested Loop", "Parent Relationship": "Outer", "Join Type": "Inner", "Startup Cost": 0.0, "Total Cost": 40598.73, "Plan Rows": 44, "Plan Width": 75, "Actual Min Startup Time": 320.051, "Actual Max Startup Time": 320.051, "Actual Min Total Time": 386.992, "Actual Max Total Time": 386.992, "Actual Total Rows": 4808, "Inner Unique": true, "Plans": [{"Node Type": "Nested Loop", "Parent Relationship": "Outer", "Join Type": "Inner", "Startup Cost": 0.0, "Total Cost": 40586.38, "Plan Rows": 44, "Plan Width": 79, "Actual Min Startup Time": 320.037, "Actual Max Startup Time": 320.037, "Actual Min Total Time": 366.836, "Actual Max Total Time": 366.836, "Actual Total Rows": 4808, "Inner Unique": false, "Join Filter": "(t.id = mk.movie_id)", "Rows Removed by Join Filter": 0, "Plans": [{"Node Type": "Nested Loop", "Parent Relationship": "Outer", "Join Type": "Inner", "Startup Cost": 0.0, "Total Cost": 40583.01, "Plan Rows": 6, "Plan Width": 71, "Actual Min Startup Time": 320.02, "Actual Max Startup Time": 320.02, "Actual Min Total Time": 355.518, "Actual Max Total Time": 355.518, "Actual Total Rows": 1488, "Inner Unique": true, "Plans": [{"Node Type": "Nested Loop", "Parent Relationship": "Outer", "Join Type": "Inner", "Startup Cost": 0.0, "Total Cost": 40579.84, "Plan Rows": 11, "Plan Width": 75, "Actual Min Startup Time": 319.992, "Actual Max Startup Time": 319.992, "Actual Min Total Time": 346.593, "Actual Max Total Time": 346.593, "Actual Total Rows": 1599, "Inner Unique": true, "Join Filter": "(mc.company_type_id = ct.id)", "Rows Removed by Join Filter": 3855, "Plans": [{"Node Type": "Nested Loop", "Parent Relationship": "Outer", "Join Type": "Inner", "Startup Cost": 0.0, "Total Cost": 40578.27, "Plan Rows": 12, "Plan Width": 79, "Actual Min Startup Time": 319.937, "Actual Max Startup Time": 319.937, "Actual Min Total Time": 343.989, "Actual Max Total Time": 343.989, "Actual Total Rows": 2884, "Inner Unique": false, "Plans": [{"Node Type": "Nested Loop", "Parent Relationship": "Outer", "Join Type": "Inner", "Startup Cost": 0.0, "Total Cost": 40576.06, "Plan Rows": 6, "Plan Width": 67, "Actual Min Startup Time": 319.923, "Actual Max Startup Time": 319.923, "Actual Min Total Time": 331.838, "Actual Max Total Time": 331.838, "Actual Total Rows": 1782, "Inner Unique": true, "Plans": [{"Node Type": "Nested Loop", "Parent Relationship": "Outer", "Join Type": "Inner", "Startup Cost": 0.0, "Total Cost": 40543.12, "Plan Rows": 4, "Plan Width": 46, "Actual Min Startup Time": 319.877, "Actual Max Startup Time": 319.877, "Actual Min Total Time": 321.04, "Actual Max Total Time": 321.04, "Actual Total Rows": 1783, "Inner Unique": false, "Join Filter": "(it1.id = mi.info_type_id)", "Rows Removed by Join Filter": 0, "Plans": [{"Node Type": "Seq Scan", "Parent Relationship": "Outer", "Relation Name": "info_type", "Alias": "it1", "Startup Cost": 0.0, "Total Cost": 2.4, "Plan Rows": 1, "Plan Width": 4, "Actual Min Startup Time": 0.069, "Actual Max Startup Time": 0.069, "Actual Min Total Time": 0.098, "Actual Max Total Time": 0.098, "Actual Total Rows": 1, "Filter": "((info)::text = 'release dates'::text)", "Rows Removed by Filter": 111}, {"Node Type": "Materialize", "Parent Relationship": "Inner", "Startup Cost": 0.0, "Total Cost": 40538.17, "Plan Rows": 255, "Plan Width": 50, "Actual Min Startup Time": 319.784, "Actual Max Startup Time": 319.784, "Actual Min Total Time": 320.079, "Actual Max Total Time": 320.079, "Actual Total Rows": 1784, "Plans": [{"Node Type": "Streaming(type: LOCAL GATHER dop: 1/16)", "Parent Relationship": "Outer", "Startup Cost": 0.0, "Total Cost": 40537.53, "Plan Rows": 255, "Plan Width": 50, "Actual Min Startup Time": 146.199, "Actual Max Startup Time": 146.199, "Actual Min Total Time": 319.424, "Actual Max Total Time": 319.424, "Actual Total Rows": 1783, "Plans": [{"Node Type": "Seq Scan", "Parent Relationship": "Outer", "Relation Name": "movie_info", "Alias": "mi", "Startup Cost": 0.0, "Total Cost": 40532.03, "Plan Rows": 255, "Plan Width": 50, "Actual Min Startup Time": 80.818, "Actual Max Startup Time": 88.92, "Actual Min Total Time": 294.568, "Actual Max Total Time": 303.074, "Actual Total Rows": 1783, "Filter": "((info IS NOT NULL) AND ((note)::text ~~ '%internet%'::text) AND (((info)::text ~~ 'USA:% 199%'::text) OR ((info)::text ~~ 'USA:% 200%'::text)))", "Rows Removed by Filter": 14833936}]}]}]}, {"Node Type": "Index Scan", "Parent Relationship": "Inner", "Scan Direction": "Forward", "Index Name": "title_pkey", "Relation Name": "title", "Alias": "t", "Startup Cost": 0.0, "Total Cost": 8.23, "Plan Rows": 1, "Plan Width": 21, "Actual Min Startup Time": 9.28, "Actual Max Startup Time": 9.28, "Actual Min Total Time": 9.28, "Actual Max Total Time": 9.28, "Actual Total Rows": 1782, "Index Cond": "(id = mi.movie_id)", "Rows Removed by Index Recheck": 0, "Filter": "(production_year > 1990)", "Rows Removed by Filter": 1}]}, {"Node Type": "Index Scan", "Parent Relationship": "Inner", "Scan Direction": "Forward", "Index Name": "movie_id_movie_companies", "Relation Name": "movie_companies", "Alias": "mc", "Startup Cost": 0.0, "Total Cost": 0.35, "Plan Rows": 2, "Plan Width": 12, "Actual Min Startup Time": 8.273, "Actual Max Startup Time": 8.273, "Actual Min Total Time": 10.533, "Actual Max Total Time": 10.533, "Actual Total Rows": 2884, "Index Cond": "(movie_id = t.id)", "Rows Removed by Index Recheck": 0}]}, {"Node Type": "Materialize", "Parent Relationship": "Inner", "Startup Cost": 0.0, "Total Cost": 1.04, "Plan Rows": 3, "Plan Width": 4, "Actual Min Startup Time": 0.326, "Actual Max Startup Time": 0.326, "Actual Min Total Time": 0.66, "Actual Max Total Time": 0.66, "Actual Total Rows": 5454, "Plans": [{"Node Type": "Seq Scan", "Parent Relationship": "Outer", "Relation Name": "company_type", "Alias": "ct", "Startup Cost": 0.0, "Total Cost": 1.03, "Plan Rows": 3, "Plan Width": 4, "Actual Min Startup Time": 0.006, "Actual Max Startup Time": 0.006, "Actual Min Total Time": 0.008, "Actual Max Total Time": 0.008, "Actual Total Rows": 3}]}]}, {"Node Type": "Index Scan", "Parent Relationship": "Inner", "Scan Direction": "Forward", "Index Name": "company_name_pkey", "Relation Name": "company_name", "Alias": "cn", "Startup Cost": 0.0, "Total Cost": 0.28, "Plan Rows": 1, "Plan Width": 4, "Actual Min Startup Time": 7.556, "Actual Max Startup Time": 7.556, "Actual Min Total Time": 7.556, "Actual Max Total Time": 7.556, "Actual Total Rows": 1488, "Index Cond": "(id = mc.company_id)", "Rows Removed by Index Recheck": 0, "Filter": "((country_code)::text = '[us]'::text)", "Rows Removed by Filter": 111}]}, {"Node Type": "Index Scan", "Parent Relationship": "Inner", "Scan Direction": "Forward", "Index Name": "movie_id_movie_keyword", "Relation Name": "movie_keyword", "Alias": "mk", "Startup Cost": 0.0, "Total Cost": 0.46, "Plan Rows": 8, "Plan Width": 8, "Actual Min Startup Time": 6.345, "Actual Max Startup Time": 6.345, "Actual Min Total Time": 8.518, "Actual Max Total Time": 8.518, "Actual Total Rows": 4808, "Index Cond": "(movie_id = mc.movie_id)", "Rows Removed by Index Recheck": 0}]}, {"Node Type": "Index Scan", "Parent Relationship": "Inner", "Scan Direction": "Forward", "Index Name": "keyword_pkey", "Relation Name": "keyword", "Alias": "k", "Startup Cost": 0.0, "Total Cost": 0.27, "Plan Rows": 1, "Plan Width": 4, "Actual Min Startup Time": 16.23, "Actual Max Startup Time": 16.23, "Actual Min Total Time": 16.23, "Actual Max Total Time": 16.23, "Actual Total Rows": 4808, "Index Cond": "(id = mk.keyword_id)", "Rows Removed by Index Recheck": 0}]}, {"Node Type": "Index Scan", "Parent Relationship": "Inner", "Scan Direction": "Forward", "Index Name": "movie_id_aka_title", "Relation Name": "aka_title", "Alias": "at", "Startup Cost": 0.0, "Total Cost": 0.32, "Plan Rows": 3, "Plan Width": 4, "Actual Min Startup Time": 10.816, "Actual Max Startup Time": 10.816, "Actual Min Total Time": 11.38, "Actual Max Total Time": 11.38, "Actual Total Rows": 1140, "Index Cond": "(movie_id = mk.movie_id)", "Rows Removed by Index Recheck": 0}]}]}, "Triggers": [], "Planner Runtime": 128.527, "Total Runtime": 404.914, "Unique SQL Id": 2846462052}}, "(16, 21)": {"explain_plan": {"Plan": {"Node Type": "Aggregate", "Strategy": "Plain", "Startup Cost": 165029.47, "Total Cost": 165029.48, "Plan Rows": 1, "Plan Width": 123, "Plans": [{"Node Type": "Nested Loop", "Parent Relationship": "Outer", "Join Type": "Inner", "Startup Cost": 4841.46, "Total Cost": 165028.8, "Plan Rows": 134, "Plan Width": 59, "Inner Unique": false, "Join Filter": "(t.id = at.movie_id)", "Plans": [{"Node Type": "Nested Loop", "Parent Relationship": "Outer", "Join Type": "Inner", "Startup Cost": 4841.46, "Total Cost": 165013.23, "Plan Rows": 44, "Plan Width": 75, "Inner Unique": true, "Plans": [{"Node Type": "Nested Loop", "Parent Relationship": "Outer", "Join Type": "Inner", "Startup Cost": 4841.46, "Total Cost": 165000.88, "Plan Rows": 44, "Plan Width": 79, "Inner Unique": false, "Join Filter": "(t.id = mk.movie_id)", "Plans": [{"Node Type": "Nested Loop", "Parent Relationship": "Outer", "Join Type": "Inner", "Startup Cost": 4841.46, "Total Cost": 164997.5, "Plan Rows": 6, "Plan Width": 71, "Inner Unique": true, "Plans": [{"Node Type": "Nested Loop", "Parent Relationship": "Outer", "Join Type": "Inner", "Startup Cost": 4841.46, "Total Cost": 164994.7, "Plan Rows": 10, "Plan Width": 75, "Inner Unique": true, "Plans": [{"Node Type": "Nested Loop", "Parent Relationship": "Outer", "Join Type": "Inner", "Startup Cost": 4841.46, "Total Cost": 164991.25, "Plan Rows": 12, "Plan Width": 79, "Inner Unique": false, "Plans": [{"Node Type": "Nested Loop", "Parent Relationship": "Outer", "Join Type": "Inner", "Startup Cost": 4841.46, "Total Cost": 164989.04, "Plan Rows": 6, "Plan Width": 67, "Inner Unique": true, "Plans": [{"Node Type": "Nested Loop", "Parent Relationship": "Outer", "Join Type": "Inner", "Startup Cost": 4841.46, "Total Cost": 164956.1, "Plan Rows": 4, "Plan Width": 46, "Inner Unique": false, "Plans": [{"Node Type": "Index Scan", "Parent Relationship": "Outer", "Scan Direction": "Forward", "Index Name": "info_type_pkey", "Relation Name": "info_type", "Alias": "it1", "Startup Cost": 0.0, "Total Cost": 14.21, "Plan Rows": 1, "Plan Width": 4, "Filter": "((info)::text = 'release dates'::text)"}, {"Node Type": "Bitmap Heap Scan", "Parent Relationship": "Inner", "Relation Name": "movie_info", "Alias": "mi", "Startup Cost": 4841.46, "Total Cost": 164941.85, "Plan Rows": 4, "Plan Width": 50, "Recheck Cond": "(info_type_id = it1.id)", "Filter": "((info IS NOT NULL) AND ((note)::text ~~ '%internet%'::text) AND (((info)::text ~~ 'USA:% 199%'::text) OR ((info)::text ~~ 'USA:% 200%'::text)))", "Plans": [{"Node Type": "Bitmap Index Scan", "Parent Relationship": "Outer", "Index Name": "info_type_id_movie_info", "Startup Cost": 0.0, "Total Cost": 4841.46, "Plan Rows": 212428, "Plan Width": 0, "Index Cond": "(info_type_id = it1.id)"}]}]}, {"Node Type": "Index Scan", "Parent Relationship": "Inner", "Scan Direction": "Forward", "Index Name": "title_pkey", "Relation Name": "title", "Alias": "t", "Startup Cost": 0.0, "Total Cost": 8.23, "Plan Rows": 1, "Plan Width": 21, "Index Cond": "(id = mi.movie_id)", "Filter": "(production_year > 1990)"}]}, {"Node Type": "Index Scan", "Parent Relationship": "Inner", "Scan Direction": "Forward", "Index Name": "movie_id_movie_companies", "Relation Name": "movie_companies", "Alias": "mc", "Startup Cost": 0.0, "Total Cost": 0.35, "Plan Rows": 2, "Plan Width": 12, "Index Cond": "(movie_id = t.id)"}]}, {"Node Type": "Index Scan", "Parent Relationship": "Inner", "Scan Direction": "Forward", "Index Name": "company_name_pkey", "Relation Name": "company_name", "Alias": "cn", "Startup Cost": 0.0, "Total Cost": 0.28, "Plan Rows": 1, "Plan Width": 4, "Index Cond": "(id = mc.company_id)", "Filter": "((country_code)::text = '[us]'::text)"}]}, {"Node Type": "Index Scan", "Parent Relationship": "Inner", "Scan Direction": "Forward", "Index Name": "company_type_pkey", "Relation Name": "company_type", "Alias": "ct", "Startup Cost": 0.0, "Total Cost": 0.27, "Plan Rows": 1, "Plan Width": 4, "Index Cond": "(id = mc.company_type_id)"}]}, {"Node Type": "Index Scan", "Parent Relationship": "Inner", "Scan Direction": "Forward", "Index Name": "movie_id_movie_keyword", "Relation Name": "movie_keyword", "Alias": "mk", "Startup Cost": 0.0, "Total Cost": 0.46, "Plan Rows": 8, "Plan Width": 8, "Index Cond": "(movie_id = mc.movie_id)"}]}, {"Node Type": "Index Scan", "Parent Relationship": "Inner", "Scan Direction": "Forward", "Index Name": "keyword_pkey", "Relation Name": "keyword", "Alias": "k", "Startup Cost": 0.0, "Total Cost": 0.27, "Plan Rows": 1, "Plan Width": 4, "Index Cond": "(id = mk.keyword_id)"}]}, {"Node Type": "Index Scan", "Parent Relationship": "Inner", "Scan Direction": "Forward", "Index Name": "movie_id_aka_title", "Relation Name": "aka_title", "Alias": "at", "Startup Cost": 0.0, "Total Cost": 0.32, "Plan Rows": 3, "Plan Width": 4, "Index Cond": "(movie_id = mk.movie_id)"}]}]}, "Unique SQL Id": 2846462052}, "explain_analyze_plan": null}, "(16, 22)": {"explain_plan": {"Plan": {"Node Type": "Aggregate", "Strategy": "Plain", "Startup Cost": 41112.15, "Total Cost": 41112.16, "Plan Rows": 1, "Plan Width": 123, "Plans": [{"Node Type": "Nested Loop", "Parent Relationship": "Outer", "Join Type": "Inner", "Startup Cost": 5.61, "Total Cost": 41111.48, "Plan Rows": 134, "Plan Width": 59, "Inner Unique": false, "Join Filter": "(t.id = at.movie_id)", "Plans": [{"Node Type": "Nested Loop", "Parent Relationship": "Outer", "Join Type": "Inner", "Startup Cost": 5.34, "Total Cost": 40920.12, "Plan Rows": 44, "Plan Width": 75, "Inner Unique": true, "Join Filter": "(mi.movie_id = t.id)", "Plans": [{"Node Type": "Nested Loop", "Parent Relationship": "Outer", "Join Type": "Inner", "Startup Cost": 5.07, "Total Cost": 40782.73, "Plan Rows": 32, "Plan Width": 54, "Inner Unique": true, "Plans": [{"Node Type": "Nested Loop", "Parent Relationship": "Outer", "Join Type": "Inner", "Startup Cost": 4.81, "Total Cost": 40645.76, "Plan Rows": 32, "Plan Width": 58, "Inner Unique": false, "Join Filter": "(mi.movie_id = mk.movie_id)", "Plans": [{"Node Type": "Nested Loop", "Parent Relationship": "Outer", "Join Type": "Inner", "Startup Cost": 4.48, "Total Cost": 40627.61, "Plan Rows": 4, "Plan Width": 50, "Inner Unique": true, "Plans": [{"Node Type": "Nested Loop", "Parent Relationship": "Outer", "Join Type": "Inner", "Startup Cost": 4.22, "Total Cost": 40593.34, "Plan Rows": 8, "Plan Width": 54, "Inner Unique": true, "Join Filter": "(mc.company_type_id = ct.id)", "Plans": [{"Node Type": "Nested Loop", "Parent Relationship": "Outer", "Join Type": "Inner", "Startup Cost": 4.22, "Total Cost": 40591.9, "Plan Rows": 9, "Plan Width": 58, "Inner Unique": false, "Plans": [{"Node Type": "Nested Loop", "Parent Relationship": "Outer", "Join Type": "Inner", "Startup Cost": 0.0, "Total Cost": 40543.12, "Plan Rows": 4, "Plan Width": 46, "Inner Unique": false, "Join Filter": "(it1.id = mi.info_type_id)", "Plans": [{"Node Type": "Seq Scan", "Parent Relationship": "Outer", "Relation Name": "info_type", "Alias": "it1", "Startup Cost": 0.0, "Total Cost": 2.4, "Plan Rows": 1, "Plan Width": 4, "Filter": "((info)::text = 'release dates'::text)"}, {"Node Type": "Materialize", "Parent Relationship": "Inner", "Startup Cost": 0.0, "Total Cost": 40538.17, "Plan Rows": 255, "Plan Width": 50, "Plans": [{"Node Type": "Streaming(type: LOCAL GATHER dop: 1/16)", "Parent Relationship": "Outer", "Startup Cost": 0.0, "Total Cost": 40537.53, "Plan Rows": 255, "Plan Width": 50, "Plans": [{"Node Type": "Seq Scan", "Parent Relationship": "Outer", "Relation Name": "movie_info", "Alias": "mi", "Startup Cost": 0.0, "Total Cost": 40532.03, "Plan Rows": 255, "Plan Width": 50, "Filter": "((info IS NOT NULL) AND ((note)::text ~~ '%internet%'::text) AND (((info)::text ~~ 'USA:% 199%'::text) OR ((info)::text ~~ 'USA:% 200%'::text)))"}]}]}]}, {"Node Type": "Bitmap Heap Scan", "Parent Relationship": "Inner", "Relation Name": "movie_companies", "Alias": "mc", "Startup Cost": 4.22, "Total Cost": 12.18, "Plan Rows": 2, "Plan Width": 12, "Recheck Cond": "(movie_id = mi.movie_id)", "Plans": [{"Node Type": "Bitmap Index Scan", "Parent Relationship": "Outer", "Index Name": "movie_id_movie_companies", "Startup Cost": 0.0, "Total Cost": 4.22, "Plan Rows": 2, "Plan Width": 0, "Index Cond": "(movie_id = mi.movie_id)"}]}]}, {"Node Type": "Materialize", "Parent Relationship": "Inner", "Startup Cost": 0.0, "Total Cost": 1.04, "Plan Rows": 3, "Plan Width": 4, "Plans": [{"Node Type": "Seq Scan", "Parent Relationship": "Outer", "Relation Name": "company_type", "Alias": "ct", "Startup Cost": 0.0, "Total Cost": 1.03, "Plan Rows": 3, "Plan Width": 4}]}]}, {"Node Type": "Bitmap Heap Scan", "Parent Relationship": "Inner", "Relation Name": "company_name", "Alias": "cn", "Startup Cost": 0.26, "Total Cost": 4.27, "Plan Rows": 1, "Plan Width": 4, "Recheck Cond": "(id = mc.company_id)", "Filter": "((country_code)::text = '[us]'::text)", "Plans": [{"Node Type": "Bitmap Index Scan", "Parent Relationship": "Outer", "Index Name": "company_name_pkey", "Startup Cost": 0.0, "Total Cost": 0.26, "Plan Rows": 1, "Plan Width": 0, "Index Cond": "(id = mc.company_id)"}]}]}, {"Node Type": "Bitmap Heap Scan", "Parent Relationship": "Inner", "Relation Name": "movie_keyword", "Alias": "mk", "Startup Cost": 0.34, "Total Cost": 4.44, "Plan Rows": 8, "Plan Width": 8, "Recheck Cond": "(movie_id = mc.movie_id)", "Plans": [{"Node Type": "Bitmap Index Scan", "Parent Relationship": "Outer", "Index Name": "movie_id_movie_keyword", "Startup Cost": 0.0, "Total Cost": 0.34, "Plan Rows": 8, "Plan Width": 0, "Index Cond": "(movie_id = mc.movie_id)"}]}]}, {"Node Type": "Bitmap Heap Scan", "Parent Relationship": "Inner", "Relation Name": "keyword", "Alias": "k", "Startup Cost": 0.26, "Total Cost": 4.27, "Plan Rows": 1, "Plan Width": 4, "Recheck Cond": "(id = mk.keyword_id)", "Plans": [{"Node Type": "Bitmap Index Scan", "Parent Relationship": "Outer", "Index Name": "keyword_pkey", "Startup Cost": 0.0, "Total Cost": 0.26, "Plan Rows": 1, "Plan Width": 0, "Index Cond": "(id = mk.keyword_id)"}]}]}, {"Node Type": "Bitmap Heap Scan", "Parent Relationship": "Inner", "Relation Name": "title", "Alias": "t", "Startup Cost": 0.27, "Total Cost": 4.28, "Plan Rows": 1, "Plan Width": 21, "Recheck Cond": "(id = mk.movie_id)", "Filter": "(production_year > 1990)", "Plans": [{"Node Type": "Bitmap Index Scan", "Parent Relationship": "Outer", "Index Name": "title_pkey", "Startup Cost": 0.0, "Total Cost": 0.27, "Plan Rows": 1, "Plan Width": 0, "Index Cond": "(id = mk.movie_id)"}]}]}, {"Node Type": "Bitmap Heap Scan", "Parent Relationship": "Inner", "Relation Name": "aka_title", "Alias": "at", "Startup Cost": 0.27, "Total Cost": 4.31, "Plan Rows": 3, "Plan Width": 4, "Recheck Cond": "(movie_id = mk.movie_id)", "Plans": [{"Node Type": "Bitmap Index Scan", "Parent Relationship": "Outer", "Index Name": "movie_id_aka_title", "Startup Cost": 0.0, "Total Cost": 0.27, "Plan Rows": 3, "Plan Width": 0, "Index Cond": "(movie_id = mk.movie_id)"}]}]}]}, "Unique SQL Id": 2846462052}, "explain_analyze_plan": {"Plan": {"Node Type": "Aggregate", "Strategy": "Plain", "Startup Cost": 41112.15, "Total Cost": 41112.16, "Plan Rows": 1, "Plan Width": 123, "Actual Min Startup Time": 444.081, "Actual Max Startup Time": 444.081, "Actual Min Total Time": 444.081, "Actual Max Total Time": 444.081, "Actual Total Rows": 1, "Plans": [{"Node Type": "Nested Loop", "Parent Relationship": "Outer", "Join Type": "Inner", "Startup Cost": 5.61, "Total Cost": 41111.48, "Plan Rows": 134, "Plan Width": 59, "Actual Min Startup Time": 323.4, "Actual Max Startup Time": 323.4, "Actual Min Total Time": 443.034, "Actual Max Total Time": 443.034, "Actual Total Rows": 1140, "Inner Unique": false, "Join Filter": "(t.id = at.movie_id)", "Rows Removed by Join Filter": 0, "Plans": [{"Node Type": "Nested Loop", "Parent Relationship": "Outer", "Join Type": "Inner", "Startup Cost": 5.34, "Total Cost": 40920.12, "Plan Rows": 44, "Plan Width": 75, "Actual Min Startup Time": 322.697, "Actual Max Startup Time": 322.697, "Actual Min Total Time": 422.492, "Actual Max Total Time": 422.492, "Actual Total Rows": 4808, "Inner Unique": true, "Join Filter": "(mi.movie_id = t.id)", "Rows Removed by Join Filter": 0, "Plans": [{"Node Type": "Nested Loop", "Parent Relationship": "Outer", "Join Type": "Inner", "Startup Cost": 5.07, "Total Cost": 40782.73, "Plan Rows": 32, "Plan Width": 54, "Actual Min Startup Time": 322.668, "Actual Max Startup Time": 322.668, "Actual Min Total Time": 395.413, "Actual Max Total Time": 395.413, "Actual Total Rows": 4808, "Inner Unique": true, "Plans": [{"Node Type": "Nested Loop", "Parent Relationship": "Outer", "Join Type": "Inner", "Startup Cost": 4.81, "Total Cost": 40645.76, "Plan Rows": 32, "Plan Width": 58, "Actual Min Startup Time": 322.652, "Actual Max Startup Time": 322.652, "Actual Min Total Time": 368.02, "Actual Max Total Time": 368.02, "Actual Total Rows": 4808, "Inner Unique": false, "Join Filter": "(mi.movie_id = mk.movie_id)", "Rows Removed by Join Filter": 0, "Plans": [{"Node Type": "Nested Loop", "Parent Relationship": "Outer", "Join Type": "Inner", "Startup Cost": 4.48, "Total Cost": 40627.61, "Plan Rows": 4, "Plan Width": 50, "Actual Min Startup Time": 322.63, "Actual Max Startup Time": 322.63, "Actual Min Total Time": 355.048, "Actual Max Total Time": 355.048, "Actual Total Rows": 1488, "Inner Unique": true, "Plans": [{"Node Type": "Nested Loop", "Parent Relationship": "Outer", "Join Type": "Inner", "Startup Cost": 4.22, "Total Cost": 40593.34, "Plan Rows": 8, "Plan Width": 54, "Actual Min Startup Time": 322.595, "Actual Max Startup Time": 322.595, "Actual Min Total Time": 343.314, "Actual Max Total Time": 343.314, "Actual Total Rows": 1599, "Inner Unique": true, "Join Filter": "(mc.company_type_id = ct.id)", "Rows Removed by Join Filter": 3855, "Plans": [{"Node Type": "Nested Loop", "Parent Relationship": "Outer", "Join Type": "Inner", "Startup Cost": 4.22, "Total Cost": 40591.9, "Plan Rows": 9, "Plan Width": 58, "Actual Min Startup Time": 322.535, "Actual Max Startup Time": 322.535, "Actual Min Total Time": 340.625, "Actual Max Total Time": 340.625, "Actual Total Rows": 2884, "Inner Unique": false, "Plans": [{"Node Type": "Nested Loop", "Parent Relationship": "Outer", "Join Type": "Inner", "Startup Cost": 0.0, "Total Cost": 40543.12, "Plan Rows": 4, "Plan Width": 46, "Actual Min Startup Time": 322.465, "Actual Max Startup Time": 322.465, "Actual Min Total Time": 323.843, "Actual Max Total Time": 323.843, "Actual Total Rows": 1783, "Inner Unique": false, "Join Filter": "(it1.id = mi.info_type_id)", "Rows Removed by Join Filter": 0, "Plans": [{"Node Type": "Seq Scan", "Parent Relationship": "Outer", "Relation Name": "info_type", "Alias": "it1", "Startup Cost": 0.0, "Total Cost": 2.4, "Plan Rows": 1, "Plan Width": 4, "Actual Min Startup Time": 0.071, "Actual Max Startup Time": 0.071, "Actual Min Total Time": 0.097, "Actual Max Total Time": 0.097, "Actual Total Rows": 1, "Filter": "((info)::text = 'release dates'::text)", "Rows Removed by Filter": 111}, {"Node Type": "Materialize", "Parent Relationship": "Inner", "Startup Cost": 0.0, "Total Cost": 40538.17, "Plan Rows": 255, "Plan Width": 50, "Actual Min Startup Time": 322.368, "Actual Max Startup Time": 322.368, "Actual Min Total Time": 322.733, "Actual Max Total Time": 322.733, "Actual Total Rows": 1784, "Plans": [{"Node Type": "Streaming(type: LOCAL GATHER dop: 1/16)", "Parent Relationship": "Outer", "Startup Cost": 0.0, "Total Cost": 40537.53, "Plan Rows": 255, "Plan Width": 50, "Actual Min Startup Time": 148.512, "Actual Max Startup Time": 148.512, "Actual Min Total Time": 322.015, "Actual Max Total Time": 322.015, "Actual Total Rows": 1783, "Plans": [{"Node Type": "Seq Scan", "Parent Relationship": "Outer", "Relation Name": "movie_info", "Alias": "mi", "Startup Cost": 0.0, "Total Cost": 40532.03, "Plan Rows": 255, "Plan Width": 50, "Actual Min Startup Time": 80.913, "Actual Max Startup Time": 88.975, "Actual Min Total Time": 294.541, "Actual Max Total Time": 303.638, "Actual Total Rows": 1783, "Filter": "((info IS NOT NULL) AND ((note)::text ~~ '%internet%'::text) AND (((info)::text ~~ 'USA:% 199%'::text) OR ((info)::text ~~ 'USA:% 200%'::text)))", "Rows Removed by Filter": 14833936}]}]}]}, {"Node Type": "Bitmap Heap Scan", "Parent Relationship": "Inner", "Relation Name": "movie_companies", "Alias": "mc", "Startup Cost": 4.22, "Total Cost": 12.18, "Plan Rows": 2, "Plan Width": 12, "Actual Min Startup Time": 12.042, "Actual Max Startup Time": 12.042, "Actual Min Total Time": 13.938, "Actual Max Total Time": 13.938, "Actual Total Rows": 2884, "Recheck Cond": "(movie_id = mi.movie_id)", "Rows Removed by Index Recheck": 0, "Exact Heap Blocks": 2325, "Lossy Heap Blocks": 2325, "Plans": [{"Node Type": "Bitmap Index Scan", "Parent Relationship": "Outer", "Index Name": "movie_id_movie_companies", "Startup Cost": 0.0, "Total Cost": 4.22, "Plan Rows": 2, "Plan Width": 0, "Actual Min Startup Time": 7.724, "Actual Max Startup Time": 7.724, "Actual Min Total Time": 7.724, "Actual Max Total Time": 7.724, "Actual Total Rows": 2884, "Index Cond": "(movie_id = mi.movie_id)"}]}]}, {"Node Type": "Materialize", "Parent Relationship": "Inner", "Startup Cost": 0.0, "Total Cost": 1.04, "Plan Rows": 3, "Plan Width": 4, "Actual Min Startup Time": 0.368, "Actual Max Startup Time": 0.368, "Actual Min Total Time": 0.705, "Actual Max Total Time": 0.705, "Actual Total Rows": 5454, "Plans": [{"Node Type": "Seq Scan", "Parent Relationship": "Outer", "Relation Name": "company_type", "Alias": "ct", "Startup Cost": 0.0, "Total Cost": 1.03, "Plan Rows": 3, "Plan Width": 4, "Actual Min Startup Time": 0.007, "Actual Max Startup Time": 0.007, "Actual Min Total Time": 0.008, "Actual Max Total Time": 0.008, "Actual Total Rows": 3}]}]}, {"Node Type": "Bitmap Heap Scan", "Parent Relationship": "Inner", "Relation Name": "company_name", "Alias": "cn", "Startup Cost": 0.26, "Total Cost": 4.27, "Plan Rows": 1, "Plan Width": 4, "Actual Min Startup Time": 9.608, "Actual Max Startup Time": 9.608, "Actual Min Total Time": 9.608, "Actual Max Total Time": 9.608, "Actual Total Rows": 1488, "Recheck Cond": "(id = mc.company_id)", "Rows Removed by Index Recheck": 0, "Filter": "((country_code)::text = '[us]'::text)", "Rows Removed by Filter": 111, "Exact Heap Blocks": 1599, "Lossy Heap Blocks": 1599, "Plans": [{"Node Type": "Bitmap Index Scan", "Parent Relationship": "Outer", "Index Name": "company_name_pkey", "Startup Cost": 0.0, "Total Cost": 0.26, "Plan Rows": 1, "Plan Width": 0, "Actual Min Startup Time": 5.454, "Actual Max Startup Time": 5.454, "Actual Min Total Time": 5.454, "Actual Max Total Time": 5.454, "Actual Total Rows": 1599, "Index Cond": "(id = mc.company_id)"}]}]}, {"Node Type": "Bitmap Heap Scan", "Parent Relationship": "Inner", "Relation Name": "movie_keyword", "Alias": "mk", "Startup Cost": 0.34, "Total Cost": 4.44, "Plan Rows": 8, "Plan Width": 8, "Actual Min Startup Time": 8.279, "Actual Max Startup Time": 8.279, "Actual Min Total Time": 9.017, "Actual Max Total Time": 9.017, "Actual Total Rows": 4808, "Recheck Cond": "(movie_id = mc.movie_id)", "Rows Removed by Index Recheck": 0, "Exact Heap Blocks": 586, "Lossy Heap Blocks": 586, "Plans": [{"Node Type": "Bitmap Index Scan", "Parent Relationship": "Outer", "Index Name": "movie_id_movie_keyword", "Startup Cost": 0.0, "Total Cost": 0.34, "Plan Rows": 8, "Plan Width": 0, "Actual Min Startup Time": 5.945, "Actual Max Startup Time": 5.945, "Actual Min Total Time": 5.945, "Actual Max Total Time": 5.945, "Actual Total Rows": 4808, "Index Cond": "(movie_id = mc.movie_id)"}]}]}, {"Node Type": "Bitmap Heap Scan", "Parent Relationship": "Inner", "Relation Name": "keyword", "Alias": "k", "Startup Cost": 0.26, "Total Cost": 4.27, "Plan Rows": 1, "Plan Width": 4, "Actual Min Startup Time": 21.17, "Actual Max Startup Time": 21.17, "Actual Min Total Time": 21.17, "Actual Max Total Time": 21.17, "Actual Total Rows": 4808, "Recheck Cond": "(id = mk.keyword_id)", "Rows Removed by Index Recheck": 0, "Exact Heap Blocks": 4808, "Lossy Heap Blocks": 4808, "Plans": [{"Node Type": "Bitmap Index Scan", "Parent Relationship": "Outer", "Index Name": "keyword_pkey", "Startup Cost": 0.0, "Total Cost": 0.26, "Plan Rows": 1, "Plan Width": 0, "Actual Min Startup Time": 13.4, "Actual Max Startup Time": 13.4, "Actual Min Total Time": 13.4, "Actual Max Total Time": 13.4, "Actual Total Rows": 4808, "Index Cond": "(id = mk.keyword_id)"}]}]}, {"Node Type": "Bitmap Heap Scan", "Parent Relationship": "Inner", "Relation Name": "title", "Alias": "t", "Startup Cost": 0.27, "Total Cost": 4.28, "Plan Rows": 1, "Plan Width": 21, "Actual Min Startup Time": 20.148, "Actual Max Startup Time": 20.148, "Actual Min Total Time": 20.148, "Actual Max Total Time": 20.148, "Actual Total Rows": 4808, "Recheck Cond": "(id = mk.movie_id)", "Rows Removed by Index Recheck": 0, "Filter": "(production_year > 1990)", "Rows Removed by Filter": 0, "Exact Heap Blocks": 4808, "Lossy Heap Blocks": 4808, "Plans": [{"Node Type": "Bitmap Index Scan", "Parent Relationship": "Outer", "Index Name": "title_pkey", "Startup Cost": 0.0, "Total Cost": 0.27, "Plan Rows": 1, "Plan Width": 0, "Actual Min Startup Time": 12.205, "Actual Max Startup Time": 12.205, "Actual Min Total Time": 12.205, "Actual Max Total Time": 12.205, "Actual Total Rows": 4808, "Index Cond": "(id = mk.movie_id)"}]}]}, {"Node Type": "Bitmap Heap Scan", "Parent Relationship": "Inner", "Relation Name": "aka_title", "Alias": "at", "Startup Cost": 0.27, "Total Cost": 4.31, "Plan Rows": 3, "Plan Width": 4, "Actual Min Startup Time": 14.511, "Actual Max Startup Time": 14.511, "Actual Min Total Time": 14.891, "Actual Max Total Time": 14.891, "Actual Total Rows": 1140, "Recheck Cond": "(movie_id = mk.movie_id)", "Rows Removed by Index Recheck": 0, "Exact Heap Blocks": 1140, "Lossy Heap Blocks": 1140, "Plans": [{"Node Type": "Bitmap Index Scan", "Parent Relationship": "Outer", "Index Name": "movie_id_aka_title", "Startup Cost": 0.0, "Total Cost": 0.27, "Plan Rows": 3, "Plan Width": 0, "Actual Min Startup Time": 11.174, "Actual Max Startup Time": 11.174, "Actual Min Total Time": 11.174, "Actual Max Total Time": 11.174, "Actual Total Rows": 1140, "Index Cond": "(movie_id = mk.movie_id)"}]}]}]}, "Triggers": [], "Planner Runtime": 186.784, "Total Runtime": 447.172, "Unique SQL Id": 2846462052}}, "(16, 23)": {"explain_plan": {"Plan": {"Node Type": "Aggregate", "Strategy": "Plain", "Startup Cost": 166082.29, "Total Cost": 166082.3, "Plan Rows": 1, "Plan Width": 123, "Plans": [{"Node Type": "Nested Loop", "Parent Relationship": "Outer", "Join Type": "Inner", "Startup Cost": 4855.81, "Total Cost": 166081.62, "Plan Rows": 134, "Plan Width": 59, "Inner Unique": true, "Join Filter": "(at.movie_id = t.id)", "Plans": [{"Node Type": "Nested Loop", "Parent Relationship": "Outer", "Join Type": "Inner", "Startup Cost": 4855.54, "Total Cost": 165665.15, "Plan Rows": 97, "Plan Width": 58, "Inner Unique": true, "Plans": [{"Node Type": "Nested Loop", "Parent Relationship": "Outer", "Join Type": "Inner", "Startup Cost": 4855.28, "Total Cost": 165249.97, "Plan Rows": 97, "Plan Width": 62, "Inner Unique": false, "Join Filter": "(at.movie_id = mk.movie_id)", "Plans": [{"Node Type": "Nested Loop", "Parent Relationship": "Outer", "Join Type": "Inner", "Startup Cost": 4854.95, "Total Cost": 165195.51, "Plan Rows": 12, "Plan Width": 54, "Inner Unique": true, "Plans": [{"Node Type": "Nested Loop", "Parent Relationship": "Outer", "Join Type": "Inner", "Startup Cost": 4854.69, "Total Cost": 165144.15, "Plan Rows": 12, "Plan Width": 58, "Inner Unique": true, "Plans": [{"Node Type": "Nested Loop", "Parent Relationship": "Outer", "Join Type": "Inner", "Startup Cost": 4854.43, "Total Cost": 165058.48, "Plan Rows": 20, "Plan Width": 62, "Inner Unique": false, "Plans": [{"Node Type": "Nested Loop", "Parent Relationship": "Outer", "Join Type": "Inner", "Startup Cost": 4854.06, "Total Cost": 165018.73, "Plan Rows": 9, "Plan Width": 50, "Inner Unique": false, "Plans": [{"Node Type": "Nested Loop", "Parent Relationship": "Outer", "Join Type": "Inner", "Startup Cost": 4850.27, "Total Cost": 164956.1, "Plan Rows": 4, "Plan Width": 46, "Inner Unique": false, "Plans": [{"Node Type": "Bitmap Heap Scan", "Parent Relationship": "Outer", "Relation Name": "info_type", "Alias": "it1", "Startup Cost": 8.81, "Total Cost": 14.21, "Plan Rows": 1, "Plan Width": 4, "Filter": "((info)::text = 'release dates'::text)", "Plans": [{"Node Type": "Bitmap Index Scan", "Parent Relationship": "Outer", "Index Name": "info_type_pkey", "Startup Cost": 0.0, "Total Cost": 8.81, "Plan Rows": 112, "Plan Width": 0}]}, {"Node Type": "Bitmap Heap Scan", "Parent Relationship": "Inner", "Relation Name": "movie_info", "Alias": "mi", "Startup Cost": 4841.46, "Total Cost": 164941.85, "Plan Rows": 4, "Plan Width": 50, "Recheck Cond": "(info_type_id = it1.id)", "Filter": "((info IS NOT NULL) AND ((note)::text ~~ '%internet%'::text) AND (((info)::text ~~ 'USA:% 199%'::text) OR ((info)::text ~~ 'USA:% 200%'::text)))", "Plans": [{"Node Type": "Bitmap Index Scan", "Parent Relationship": "Outer", "Index Name": "info_type_id_movie_info", "Startup Cost": 0.0, "Total Cost": 4841.46, "Plan Rows": 212428, "Plan Width": 0, "Index Cond": "(info_type_id = it1.id)"}]}]}, {"Node Type": "Bitmap Heap Scan", "Parent Relationship": "Inner", "Relation Name": "aka_title", "Alias": "at", "Startup Cost": 3.79, "Total Cost": 15.63, "Plan Rows": 3, "Plan Width": 4, "Recheck Cond": "(movie_id = mi.movie_id)", "Plans": [{"Node Type": "Bitmap Index Scan", "Parent Relationship": "Outer", "Index Name": "movie_id_aka_title", "Startup Cost": 0.0, "Total Cost": 3.79, "Plan Rows": 3, "Plan Width": 0, "Index Cond": "(movie_id = mi.movie_id)"}]}]}, {"Node Type": "Bitmap Heap Scan", "Parent Relationship": "Inner", "Relation Name": "movie_companies", "Alias": "mc", "Startup Cost": 0.37, "Total Cost": 4.4, "Plan Rows": 2, "Plan Width": 12, "Recheck Cond": "(movie_id = at.movie_id)", "Plans": [{"Node Type": "Bitmap Index Scan", "Parent Relationship": "Outer", "Index Name": "movie_id_movie_companies", "Startup Cost": 0.0, "Total Cost": 0.37, "Plan Rows": 2, "Plan Width": 0, "Index Cond": "(movie_id = at.movie_id)"}]}]}, {"Node Type": "Bitmap Heap Scan", "Parent Relationship": "Inner", "Relation Name": "company_name", "Alias": "cn", "Startup Cost": 0.26, "Total Cost": 4.27, "Plan Rows": 1, "Plan Width": 4, "Recheck Cond": "(id = mc.company_id)", "Filter": "((country_code)::text = '[us]'::text)", "Plans": [{"Node Type": "Bitmap Index Scan", "Parent Relationship": "Outer", "Index Name": "company_name_pkey", "Startup Cost": 0.0, "Total Cost": 0.26, "Plan Rows": 1, "Plan Width": 0, "Index Cond": "(id = mc.company_id)"}]}]}, {"Node Type": "Bitmap Heap Scan", "Parent Relationship": "Inner", "Relation Name": "company_type", "Alias": "ct", "Startup Cost": 0.26, "Total Cost": 4.27, "Plan Rows": 1, "Plan Width": 4, "Recheck Cond": "(id = mc.company_type_id)", "Plans": [{"Node Type": "Bitmap Index Scan", "Parent Relationship": "Outer", "Index Name": "company_type_pkey", "Startup Cost": 0.0, "Total Cost": 0.26, "Plan Rows": 1, "Plan Width": 0, "Index Cond": "(id = mc.company_type_id)"}]}]}, {"Node Type": "Bitmap Heap Scan", "Parent Relationship": "Inner", "Relation Name": "movie_keyword", "Alias": "mk", "Startup Cost": 0.34, "Total Cost": 4.44, "Plan Rows": 8, "Plan Width": 8, "Recheck Cond": "(movie_id = mc.movie_id)", "Plans": [{"Node Type": "Bitmap Index Scan", "Parent Relationship": "Outer", "Index Name": "movie_id_movie_keyword", "Startup Cost": 0.0, "Total Cost": 0.34, "Plan Rows": 8, "Plan Width": 0, "Index Cond": "(movie_id = mc.movie_id)"}]}]}, {"Node Type": "Bitmap Heap Scan", "Parent Relationship": "Inner", "Relation Name": "keyword", "Alias": "k", "Startup Cost": 0.26, "Total Cost": 4.27, "Plan Rows": 1, "Plan Width": 4, "Recheck Cond": "(id = mk.keyword_id)", "Plans": [{"Node Type": "Bitmap Index Scan", "Parent Relationship": "Outer", "Index Name": "keyword_pkey", "Startup Cost": 0.0, "Total Cost": 0.26, "Plan Rows": 1, "Plan Width": 0, "Index Cond": "(id = mk.keyword_id)"}]}]}, {"Node Type": "Bitmap Heap Scan", "Parent Relationship": "Inner", "Relation Name": "title", "Alias": "t", "Startup Cost": 0.27, "Total Cost": 4.28, "Plan Rows": 1, "Plan Width": 21, "Recheck Cond": "(id = mk.movie_id)", "Filter": "(production_year > 1990)", "Plans": [{"Node Type": "Bitmap Index Scan", "Parent Relationship": "Outer", "Index Name": "title_pkey", "Startup Cost": 0.0, "Total Cost": 0.27, "Plan Rows": 1, "Plan Width": 0, "Index Cond": "(id = mk.movie_id)"}]}]}]}, "Unique SQL Id": 2846462052}, "explain_analyze_plan": null}, "(16, 24)": {"explain_plan": {"Plan": {"Node Type": "Aggregate", "Strategy": "Plain", "Startup Cost": 40614.42, "Total Cost": 40614.43, "Plan Rows": 1, "Plan Width": 123, "Plans": [{"Node Type": "Nested Loop", "Parent Relationship": "Outer", "Join Type": "Inner", "Startup Cost": 0.0, "Total Cost": 40613.75, "Plan Rows": 134, "Plan Width": 59, "Inner Unique": false, "Plans": [{"Node Type": "Nested Loop", "Parent Relationship": "Outer", "Join Type": "Inner", "Startup Cost": 0.0, "Total Cost": 40598.7, "Plan Rows": 44, "Plan Width": 75, "Inner Unique": true, "Plans": [{"Node Type": "Nested Loop", "Parent Relationship": "Outer", "Join Type": "Inner", "Startup Cost": 0.0, "Total Cost": 40586.38, "Plan Rows": 44, "Plan Width": 79, "Inner Unique": false, "Join Filter": "(t.id = mk.movie_id)", "Plans": [{"Node Type": "Nested Loop", "Parent Relationship": "Outer", "Join Type": "Inner", "Startup Cost": 0.0, "Total Cost": 40583.01, "Plan Rows": 6, "Plan Width": 71, "Inner Unique": true, "Plans": [{"Node Type": "Nested Loop", "Parent Relationship": "Outer", "Join Type": "Inner", "Startup Cost": 0.0, "Total Cost": 40579.84, "Plan Rows": 11, "Plan Width": 75, "Inner Unique": true, "Join Filter": "(mc.company_type_id = ct.id)", "Plans": [{"Node Type": "Nested Loop", "Parent Relationship": "Outer", "Join Type": "Inner", "Startup Cost": 0.0, "Total Cost": 40578.27, "Plan Rows": 12, "Plan Width": 79, "Inner Unique": false, "Plans": [{"Node Type": "Nested Loop", "Parent Relationship": "Outer", "Join Type": "Inner", "Startup Cost": 0.0, "Total Cost": 40576.06, "Plan Rows": 6, "Plan Width": 67, "Inner Unique": true, "Plans": [{"Node Type": "Nested Loop", "Parent Relationship": "Outer", "Join Type": "Inner", "Startup Cost": 0.0, "Total Cost": 40543.12, "Plan Rows": 4, "Plan Width": 46, "Inner Unique": false, "Join Filter": "(it1.id = mi.info_type_id)", "Plans": [{"Node Type": "Seq Scan", "Parent Relationship": "Outer", "Relation Name": "info_type", "Alias": "it1", "Startup Cost": 0.0, "Total Cost": 2.4, "Plan Rows": 1, "Plan Width": 4, "Filter": "((info)::text = 'release dates'::text)"}, {"Node Type": "Materialize", "Parent Relationship": "Inner", "Startup Cost": 0.0, "Total Cost": 40538.17, "Plan Rows": 255, "Plan Width": 50, "Plans": [{"Node Type": "Streaming(type: LOCAL GATHER dop: 1/16)", "Parent Relationship": "Outer", "Startup Cost": 0.0, "Total Cost": 40537.53, "Plan Rows": 255, "Plan Width": 50, "Plans": [{"Node Type": "Seq Scan", "Parent Relationship": "Outer", "Relation Name": "movie_info", "Alias": "mi", "Startup Cost": 0.0, "Total Cost": 40532.03, "Plan Rows": 255, "Plan Width": 50, "Filter": "((info IS NOT NULL) AND ((note)::text ~~ '%internet%'::text) AND (((info)::text ~~ 'USA:% 199%'::text) OR ((info)::text ~~ 'USA:% 200%'::text)))"}]}]}]}, {"Node Type": "Index Scan", "Parent Relationship": "Inner", "Scan Direction": "Forward", "Index Name": "title_pkey", "Relation Name": "title", "Alias": "t", "Startup Cost": 0.0, "Total Cost": 8.23, "Plan Rows": 1, "Plan Width": 21, "Index Cond": "(id = mi.movie_id)", "Filter": "(production_year > 1990)"}]}, {"Node Type": "Index Scan", "Parent Relationship": "Inner", "Scan Direction": "Forward", "Index Name": "movie_id_movie_companies", "Relation Name": "movie_companies", "Alias": "mc", "Startup Cost": 0.0, "Total Cost": 0.35, "Plan Rows": 2, "Plan Width": 12, "Index Cond": "(movie_id = t.id)"}]}, {"Node Type": "Materialize", "Parent Relationship": "Inner", "Startup Cost": 0.0, "Total Cost": 1.04, "Plan Rows": 3, "Plan Width": 4, "Plans": [{"Node Type": "Seq Scan", "Parent Relationship": "Outer", "Relation Name": "company_type", "Alias": "ct", "Startup Cost": 0.0, "Total Cost": 1.03, "Plan Rows": 3, "Plan Width": 4}]}]}, {"Node Type": "Index Scan", "Parent Relationship": "Inner", "Scan Direction": "Forward", "Index Name": "company_name_pkey", "Relation Name": "company_name", "Alias": "cn", "Startup Cost": 0.0, "Total Cost": 0.28, "Plan Rows": 1, "Plan Width": 4, "Index Cond": "(id = mc.company_id)", "Filter": "((country_code)::text = '[us]'::text)"}]}, {"Node Type": "Index Scan", "Parent Relationship": "Inner", "Scan Direction": "Forward", "Index Name": "movie_id_movie_keyword", "Relation Name": "movie_keyword", "Alias": "mk", "Startup Cost": 0.0, "Total Cost": 0.46, "Plan Rows": 8, "Plan Width": 8, "Index Cond": "(movie_id = mc.movie_id)"}]}, {"Node Type": "Index Only Scan", "Parent Relationship": "Inner", "Scan Direction": "Forward", "Index Name": "keyword_pkey", "Relation Name": "keyword", "Alias": "k", "Startup Cost": 0.0, "Total Cost": 0.27, "Plan Rows": 1, "Plan Width": 4, "Index Cond": "(id = mk.keyword_id)"}]}, {"Node Type": "Index Only Scan", "Parent Relationship": "Inner", "Scan Direction": "Forward", "Index Name": "movie_id_aka_title", "Relation Name": "aka_title", "Alias": "at", "Startup Cost": 0.0, "Total Cost": 0.31, "Plan Rows": 3, "Plan Width": 4, "Index Cond": "(movie_id = t.id)"}]}]}, "Unique SQL Id": 2846462052}, "explain_analyze_plan": {"Plan": {"Node Type": "Aggregate", "Strategy": "Plain", "Startup Cost": 40614.42, "Total Cost": 40614.43, "Plan Rows": 1, "Plan Width": 123, "Actual Min Startup Time": 418.637, "Actual Max Startup Time": 418.637, "Actual Min Total Time": 418.638, "Actual Max Total Time": 418.638, "Actual Total Rows": 1, "Plans": [{"Node Type": "Nested Loop", "Parent Relationship": "Outer", "Join Type": "Inner", "Startup Cost": 0.0, "Total Cost": 40613.75, "Plan Rows": 134, "Plan Width": 59, "Actual Min Startup Time": 342.776, "Actual Max Startup Time": 342.776, "Actual Min Total Time": 417.788, "Actual Max Total Time": 417.788, "Actual Total Rows": 1140, "Inner Unique": false, "Plans": [{"Node Type": "Nested Loop", "Parent Relationship": "Outer", "Join Type": "Inner", "Startup Cost": 0.0, "Total Cost": 40598.7, "Plan Rows": 44, "Plan Width": 75, "Actual Min Startup Time": 342.194, "Actual Max Startup Time": 342.194, "Actual Min Total Time": 405.112, "Actual Max Total Time": 405.112, "Actual Total Rows": 4808, "Inner Unique": true, "Plans": [{"Node Type": "Nested Loop", "Parent Relationship": "Outer", "Join Type": "Inner", "Startup Cost": 0.0, "Total Cost": 40586.38, "Plan Rows": 44, "Plan Width": 79, "Actual Min Startup Time": 342.175, "Actual Max Startup Time": 342.175, "Actual Min Total Time": 389.282, "Actual Max Total Time": 389.282, "Actual Total Rows": 4808, "Inner Unique": false, "Join Filter": "(t.id = mk.movie_id)", "Rows Removed by Join Filter": 0, "Plans": [{"Node Type": "Nested Loop", "Parent Relationship": "Outer", "Join Type": "Inner", "Startup Cost": 0.0, "Total Cost": 40583.01, "Plan Rows": 6, "Plan Width": 71, "Actual Min Startup Time": 342.158, "Actual Max Startup Time": 342.158, "Actual Min Total Time": 377.9, "Actual Max Total Time": 377.9, "Actual Total Rows": 1488, "Inner Unique": true, "Plans": [{"Node Type": "Nested Loop", "Parent Relationship": "Outer", "Join Type": "Inner", "Startup Cost": 0.0, "Total Cost": 40579.84, "Plan Rows": 11, "Plan Width": 75, "Actual Min Startup Time": 342.13, "Actual Max Startup Time": 342.13, "Actual Min Total Time": 368.946, "Actual Max Total Time": 368.946, "Actual Total Rows": 1599, "Inner Unique": true, "Join Filter": "(mc.company_type_id = ct.id)", "Rows Removed by Join Filter": 3855, "Plans": [{"Node Type": "Nested Loop", "Parent Relationship": "Outer", "Join Type": "Inner", "Startup Cost": 0.0, "Total Cost": 40578.27, "Plan Rows": 12, "Plan Width": 79, "Actual Min Startup Time": 342.103, "Actual Max Startup Time": 342.103, "Actual Min Total Time": 366.372, "Actual Max Total Time": 366.372, "Actual Total Rows": 2884, "Inner Unique": false, "Plans": [{"Node Type": "Nested Loop", "Parent Relationship": "Outer", "Join Type": "Inner", "Startup Cost": 0.0, "Total Cost": 40576.06, "Plan Rows": 6, "Plan Width": 67, "Actual Min Startup Time": 342.088, "Actual Max Startup Time": 342.088, "Actual Min Total Time": 354.05, "Actual Max Total Time": 354.05, "Actual Total Rows": 1782, "Inner Unique": true, "Plans": [{"Node Type": "Nested Loop", "Parent Relationship": "Outer", "Join Type": "Inner", "Startup Cost": 0.0, "Total Cost": 40543.12, "Plan Rows": 4, "Plan Width": 46, "Actual Min Startup Time": 342.04, "Actual Max Startup Time": 342.04, "Actual Min Total Time": 343.2, "Actual Max Total Time": 343.2, "Actual Total Rows": 1783, "Inner Unique": false, "Join Filter": "(it1.id = mi.info_type_id)", "Rows Removed by Join Filter": 0, "Plans": [{"Node Type": "Seq Scan", "Parent Relationship": "Outer", "Relation Name": "info_type", "Alias": "it1", "Startup Cost": 0.0, "Total Cost": 2.4, "Plan Rows": 1, "Plan Width": 4, "Actual Min Startup Time": 0.067, "Actual Max Startup Time": 0.067, "Actual Min Total Time": 0.1, "Actual Max Total Time": 0.1, "Actual Total Rows": 1, "Filter": "((info)::text = 'release dates'::text)", "Rows Removed by Filter": 111}, {"Node Type": "Materialize", "Parent Relationship": "Inner", "Startup Cost": 0.0, "Total Cost": 40538.17, "Plan Rows": 255, "Plan Width": 50, "Actual Min Startup Time": 341.949, "Actual Max Startup Time": 341.949, "Actual Min Total Time": 342.266, "Actual Max Total Time": 342.266, "Actual Total Rows": 1784, "Plans": [{"Node Type": "Streaming(type: LOCAL GATHER dop: 1/16)", "Parent Relationship": "Outer", "Startup Cost": 0.0, "Total Cost": 40537.53, "Plan Rows": 255, "Plan Width": 50, "Actual Min Startup Time": 146.719, "Actual Max Startup Time": 146.719, "Actual Min Total Time": 341.59, "Actual Max Total Time": 341.59, "Actual Total Rows": 1783, "Plans": [{"Node Type": "Seq Scan", "Parent Relationship": "Outer", "Relation Name": "movie_info", "Alias": "mi", "Startup Cost": 0.0, "Total Cost": 40532.03, "Plan Rows": 255, "Plan Width": 50, "Actual Min Startup Time": 80.82, "Actual Max Startup Time": 88.991, "Actual Min Total Time": 295.702, "Actual Max Total Time": 324.262, "Actual Total Rows": 1783, "Filter": "((info IS NOT NULL) AND ((note)::text ~~ '%internet%'::text) AND (((info)::text ~~ 'USA:% 199%'::text) OR ((info)::text ~~ 'USA:% 200%'::text)))", "Rows Removed by Filter": 14833936}]}]}]}, {"Node Type": "Index Scan", "Parent Relationship": "Inner", "Scan Direction": "Forward", "Index Name": "title_pkey", "Relation Name": "title", "Alias": "t", "Startup Cost": 0.0, "Total Cost": 8.23, "Plan Rows": 1, "Plan Width": 21, "Actual Min Startup Time": 9.348, "Actual Max Startup Time": 9.348, "Actual Min Total Time": 9.348, "Actual Max Total Time": 9.348, "Actual Total Rows": 1782, "Index Cond": "(id = mi.movie_id)", "Rows Removed by Index Recheck": 0, "Filter": "(production_year > 1990)", "Rows Removed by Filter": 1}]}, {"Node Type": "Index Scan", "Parent Relationship": "Inner", "Scan Direction": "Forward", "Index Name": "movie_id_movie_companies", "Relation Name": "movie_companies", "Alias": "mc", "Startup Cost": 0.0, "Total Cost": 0.35, "Plan Rows": 2, "Plan Width": 12, "Actual Min Startup Time": 8.328, "Actual Max Startup Time": 8.328, "Actual Min Total Time": 10.748, "Actual Max Total Time": 10.748, "Actual Total Rows": 2884, "Index Cond": "(movie_id = t.id)", "Rows Removed by Index Recheck": 0}]}, {"Node Type": "Materialize", "Parent Relationship": "Inner", "Startup Cost": 0.0, "Total Cost": 1.04, "Plan Rows": 3, "Plan Width": 4, "Actual Min Startup Time": 0.283, "Actual Max Startup Time": 0.283, "Actual Min Total Time": 0.603, "Actual Max Total Time": 0.603, "Actual Total Rows": 5454, "Plans": [{"Node Type": "Seq Scan", "Parent Relationship": "Outer", "Relation Name": "company_type", "Alias": "ct", "Startup Cost": 0.0, "Total Cost": 1.03, "Plan Rows": 3, "Plan Width": 4, "Actual Min Startup Time": 0.006, "Actual Max Startup Time": 0.006, "Actual Min Total Time": 0.009, "Actual Max Total Time": 0.009, "Actual Total Rows": 3}]}]}, {"Node Type": "Index Scan", "Parent Relationship": "Inner", "Scan Direction": "Forward", "Index Name": "company_name_pkey", "Relation Name": "company_name", "Alias": "cn", "Startup Cost": 0.0, "Total Cost": 0.28, "Plan Rows": 1, "Plan Width": 4, "Actual Min Startup Time": 7.588, "Actual Max Startup Time": 7.588, "Actual Min Total Time": 7.588, "Actual Max Total Time": 7.588, "Actual Total Rows": 1488, "Index Cond": "(id = mc.company_id)", "Rows Removed by Index Recheck": 0, "Filter": "((country_code)::text = '[us]'::text)", "Rows Removed by Filter": 111}]}, {"Node Type": "Index Scan", "Parent Relationship": "Inner", "Scan Direction": "Forward", "Index Name": "movie_id_movie_keyword", "Relation Name": "movie_keyword", "Alias": "mk", "Startup Cost": 0.0, "Total Cost": 0.46, "Plan Rows": 8, "Plan Width": 8, "Actual Min Startup Time": 6.284, "Actual Max Startup Time": 6.284, "Actual Min Total Time": 8.599, "Actual Max Total Time": 8.599, "Actual Total Rows": 4808, "Index Cond": "(movie_id = mc.movie_id)", "Rows Removed by Index Recheck": 0}]}, {"Node Type": "Index Only Scan", "Parent Relationship": "Inner", "Scan Direction": "Forward", "Index Name": "keyword_pkey", "Relation Name": "keyword", "Alias": "k", "Startup Cost": 0.0, "Total Cost": 0.27, "Plan Rows": 1, "Plan Width": 4, "Actual Min Startup Time": 12.351, "Actual Max Startup Time": 12.351, "Actual Min Total Time": 12.351, "Actual Max Total Time": 12.351, "Actual Total Rows": 4808, "Index Cond": "(id = mk.keyword_id)", "Rows Removed by Index Recheck": 0, "Heap Fetches": 0}]}, {"Node Type": "Index Only Scan", "Parent Relationship": "Inner", "Scan Direction": "Forward", "Index Name": "movie_id_aka_title", "Relation Name": "aka_title", "Alias": "at", "Startup Cost": 0.0, "Total Cost": 0.31, "Plan Rows": 3, "Plan Width": 4, "Actual Min Startup Time": 9.949, "Actual Max Startup Time": 9.949, "Actual Min Total Time": 10.214, "Actual Max Total Time": 10.214, "Actual Total Rows": 1140, "Index Cond": "(movie_id = t.id)", "Rows Removed by Index Recheck": 0, "Heap Fetches": 0}]}]}, "Triggers": [], "Planner Runtime": 147.095, "Total Runtime": 421.622, "Unique SQL Id": 2846462052}}, "(16, 25)": {"explain_plan": {"Plan": {"Node Type": "Aggregate", "Strategy": "Plain", "Startup Cost": 496832.72, "Total Cost": 496832.73, "Plan Rows": 1, "Plan Width": 123, "Plans": [{"Node Type": "Nested Loop", "Parent Relationship": "Outer", "Join Type": "Inner", "Startup Cost": 0.0, "Total Cost": 496832.05, "Plan Rows": 134, "Plan Width": 59, "Inner Unique": false, "Plans": [{"Node Type": "Nested Loop", "Parent Relationship": "Outer", "Join Type": "Inner", "Startup Cost": 0.0, "Total Cost": 496817.0, "Plan Rows": 44, "Plan Width": 75, "Inner Unique": true, "Plans": [{"Node Type": "Nested Loop", "Parent Relationship": "Outer", "Join Type": "Inner", "Startup Cost": 0.0, "Total Cost": 496804.68, "Plan Rows": 44, "Plan Width": 79, "Inner Unique": false, "Join Filter": "(t.id = mk.movie_id)", "Plans": [{"Node Type": "Nested Loop", "Parent Relationship": "Outer", "Join Type": "Inner", "Startup Cost": 0.0, "Total Cost": 496801.31, "Plan Rows": 6, "Plan Width": 71, "Inner Unique": true, "Plans": [{"Node Type": "Nested Loop", "Parent Relationship": "Outer", "Join Type": "Inner", "Startup Cost": 0.0, "Total Cost": 496798.51, "Plan Rows": 10, "Plan Width": 75, "Inner Unique": true, "Plans": [{"Node Type": "Nested Loop", "Parent Relationship": "Outer", "Join Type": "Inner", "Startup Cost": 0.0, "Total Cost": 496795.05, "Plan Rows": 12, "Plan Width": 79, "Inner Unique": false, "Plans": [{"Node Type": "Nested Loop", "Parent Relationship": "Outer", "Join Type": "Inner", "Startup Cost": 0.0, "Total Cost": 496792.85, "Plan Rows": 6, "Plan Width": 67, "Inner Unique": true, "Plans": [{"Node Type": "Nested Loop", "Parent Relationship": "Outer", "Join Type": "Inner", "Startup Cost": 0.0, "Total Cost": 496759.91, "Plan Rows": 4, "Plan Width": 46, "Inner Unique": false, "Plans": [{"Node Type": "Index Scan", "Parent Relationship": "Outer", "Scan Direction": "Forward", "Index Name": "info_type_pkey", "Relation Name": "info_type", "Alias": "it1", "Startup Cost": 0.0, "Total Cost": 14.21, "Plan Rows": 1, "Plan Width": 4, "Filter": "((info)::text = 'release dates'::text)"}, {"Node Type": "Index Scan", "Parent Relationship": "Inner", "Scan Direction": "Forward", "Index Name": "info_type_id_movie_info", "Relation Name": "movie_info", "Alias": "mi", "Startup Cost": 0.0, "Total Cost": 496745.66, "Plan Rows": 4, "Plan Width": 50, "Index Cond": "(info_type_id = it1.id)", "Filter": "((info IS NOT NULL) AND ((note)::text ~~ '%internet%'::text) AND (((info)::text ~~ 'USA:% 199%'::text) OR ((info)::text ~~ 'USA:% 200%'::text)))"}]}, {"Node Type": "Index Scan", "Parent Relationship": "Inner", "Scan Direction": "Forward", "Index Name": "title_pkey", "Relation Name": "title", "Alias": "t", "Startup Cost": 0.0, "Total Cost": 8.23, "Plan Rows": 1, "Plan Width": 21, "Index Cond": "(id = mi.movie_id)", "Filter": "(production_year > 1990)"}]}, {"Node Type": "Index Scan", "Parent Relationship": "Inner", "Scan Direction": "Forward", "Index Name": "movie_id_movie_companies", "Relation Name": "movie_companies", "Alias": "mc", "Startup Cost": 0.0, "Total Cost": 0.35, "Plan Rows": 2, "Plan Width": 12, "Index Cond": "(movie_id = t.id)"}]}, {"Node Type": "Index Scan", "Parent Relationship": "Inner", "Scan Direction": "Forward", "Index Name": "company_name_pkey", "Relation Name": "company_name", "Alias": "cn", "Startup Cost": 0.0, "Total Cost": 0.28, "Plan Rows": 1, "Plan Width": 4, "Index Cond": "(id = mc.company_id)", "Filter": "((country_code)::text = '[us]'::text)"}]}, {"Node Type": "Index Only Scan", "Parent Relationship": "Inner", "Scan Direction": "Forward", "Index Name": "company_type_pkey", "Relation Name": "company_type", "Alias": "ct", "Startup Cost": 0.0, "Total Cost": 0.27, "Plan Rows": 1, "Plan Width": 4, "Index Cond": "(id = mc.company_type_id)"}]}, {"Node Type": "Index Scan", "Parent Relationship": "Inner", "Scan Direction": "Forward", "Index Name": "movie_id_movie_keyword", "Relation Name": "movie_keyword", "Alias": "mk", "Startup Cost": 0.0, "Total Cost": 0.46, "Plan Rows": 8, "Plan Width": 8, "Index Cond": "(movie_id = mc.movie_id)"}]}, {"Node Type": "Index Only Scan", "Parent Relationship": "Inner", "Scan Direction": "Forward", "Index Name": "keyword_pkey", "Relation Name": "keyword", "Alias": "k", "Startup Cost": 0.0, "Total Cost": 0.27, "Plan Rows": 1, "Plan Width": 4, "Index Cond": "(id = mk.keyword_id)"}]}, {"Node Type": "Index Only Scan", "Parent Relationship": "Inner", "Scan Direction": "Forward", "Index Name": "movie_id_aka_title", "Relation Name": "aka_title", "Alias": "at", "Startup Cost": 0.0, "Total Cost": 0.31, "Plan Rows": 3, "Plan Width": 4, "Index Cond": "(movie_id = t.id)"}]}]}, "Unique SQL Id": 2846462052}, "explain_analyze_plan": null}, "(16, 26)": {"explain_plan": {"Plan": {"Node Type": "Aggregate", "Strategy": "Plain", "Startup Cost": 288669.61, "Total Cost": 288669.64, "Plan Rows": 1, "Plan Width": 123, "Plans": [{"Node Type": "Streaming(type: LOCAL GATHER dop: 1/16)", "Parent Relationship": "Outer", "Startup Cost": 288669.61, "Total Cost": 288669.64, "Plan Rows": 1, "Plan Width": 123, "Plans": [{"Node Type": "Aggregate", "Strategy": "Plain", "Parent Relationship": "Outer", "Startup Cost": 288669.61, "Total Cost": 288669.62, "Plan Rows": 1, "Plan Width": 123, "Plans": [{"Node Type": "Nested Loop", "Parent Relationship": "Outer", "Join Type": "Inner", "Startup Cost": 95822.12, "Total Cost": 288668.94, "Plan Rows": 134, "Plan Width": 59, "Inner Unique": false, "Join Filter": "(mk.keyword_id = k.id)", "Plans": [{"Node Type": "Streaming(type: LOCAL REDISTRIBUTE dop: 16/1)", "Parent Relationship": "Outer", "Startup Cost": 0.0, "Total Cost": 22679.71, "Plan Rows": 134169, "Plan Width": 4, "Plans": [{"Node Type": "Seq Scan", "Parent Relationship": "Outer", "Relation Name": "keyword", "Alias": "k", "Startup Cost": 0.0, "Total Cost": 2100.69, "Plan Rows": 134169, "Plan Width": 4}]}, {"Node Type": "Materialize", "Parent Relationship": "Inner", "Startup Cost": 95822.12, "Total Cost": 264935.81, "Plan Rows": 134, "Plan Width": 63, "Plans": [{"Node Type": "Streaming(type: LOCAL REDISTRIBUTE dop: 16/16)", "Parent Relationship": "Outer", "Startup Cost": 95822.12, "Total Cost": 264935.77, "Plan Rows": 134, "Plan Width": 63, "Plans": [{"Node Type": "Nested Loop", "Parent Relationship": "Outer", "Join Type": "Inner", "Startup Cost": 95822.12, "Total Cost": 249935.26, "Plan Rows": 134, "Plan Width": 63, "Inner Unique": false, "Join Filter": "(t.id = mk.movie_id)", "Plans": [{"Node Type": "Streaming(type: LOCAL REDISTRIBUTE dop: 16/16)", "Parent Relationship": "Outer", "Startup Cost": 0.0, "Total Cost": 51044.03, "Plan Rows": 4523929, "Plan Width": 8, "Plans": [{"Node Type": "Seq Scan", "Parent Relationship": "Outer", "Relation Name": "movie_keyword", "Alias": "mk", "Startup Cost": 0.0, "Total Cost": 18902.58, "Plan Rows": 4523929, "Plan Width": 8}]}, {"Node Type": "Materialize", "Parent Relationship": "Inner", "Startup Cost": 95822.12, "Total Cost": 194384.98, "Plan Rows": 17, "Plan Width": 75, "Plans": [{"Node Type": "Streaming(type: LOCAL REDISTRIBUTE dop: 16/1)", "Parent Relationship": "Outer", "Startup Cost": 95822.12, "Total Cost": 194384.97, "Plan Rows": 17, "Plan Width": 75, "Plans": [{"Node Type": "Nested Loop", "Parent Relationship": "Outer", "Join Type": "Inner", "Startup Cost": 95822.12, "Total Cost": 179384.26, "Plan Rows": 17, "Plan Width": 75, "Inner Unique": false, "Join Filter": "(t.id = at.movie_id)", "Plans": [{"Node Type": "Seq Scan", "Parent Relationship": "Outer", "Relation Name": "aka_title", "Alias": "at", "Startup Cost": 0.0, "Total Cost": 9894.71, "Plan Rows": 361471, "Plan Width": 4}, {"Node Type": "Materialize", "Parent Relationship": "Inner", "Startup Cost": 95822.12, "Total Cost": 136957.18, "Plan Rows": 6, "Plan Width": 71, "Plans": [{"Node Type": "Streaming(type: LOCAL GATHER dop: 1/16)", "Parent Relationship": "Outer", "Startup Cost": 95822.12, "Total Cost": 136957.15, "Plan Rows": 6, "Plan Width": 71, "Plans": [{"Node Type": "Nested Loop", "Parent Relationship": "Outer", "Join Type": "Inner", "Startup Cost": 95822.12, "Total Cost": 136957.02, "Plan Rows": 6, "Plan Width": 71, "Inner Unique": false, "Join Filter": "(mi.movie_id = t.id)", "Plans": [{"Node Type": "Seq Scan", "Parent Relationship": "Outer", "Relation Name": "title", "Alias": "t", "Startup Cost": 0.0, "Total Cost": 19149.37, "Plan Rows": 1748840, "Plan Width": 21, "Filter": "(production_year > 1990), (LLVM Optimized)"}, {"Node Type": "Materialize", "Parent Relationship": "Inner", "Startup Cost": 95822.12, "Total Cost": 111249.51, "Plan Rows": 64, "Plan Width": 50, "Plans": [{"Node Type": "Streaming(type: BROADCAST dop: 16/1)", "Parent Relationship": "Outer", "Startup Cost": 95822.12, "Total Cost": 111249.49, "Plan Rows": 64, "Plan Width": 50, "Plans": [{"Node Type": "Merge Join", "Parent Relationship": "Outer", "Join Type": "Inner", "Startup Cost": 95822.12, "Total Cost": 96248.11, "Plan Rows": 4, "Plan Width": 50, "Inner Unique": true, "Merge Cond": "(mc.company_id = cn.id)", "Plans": [{"Node Type": "Sort", "Parent Relationship": "Outer", "Startup Cost": 82944.07, "Total Cost": 82944.09, "Plan Rows": 8, "Plan Width": 54, "Sort Key": ["mc.company_id"], "Plans": [{"Node Type": "Nested Loop", "Parent Relationship": "Outer", "Join Type": "Inner", "Startup Cost": 0.0, "Total Cost": 82943.95, "Plan Rows": 8, "Plan Width": 54, "Inner Unique": true, "Join Filter": "(mc.company_type_id = ct.id)", "Plans": [{"Node Type": "Streaming(type: LOCAL GATHER dop: 1/16)", "Parent Relationship": "Outer", "Startup Cost": 0.0, "Total Cost": 82942.51, "Plan Rows": 9, "Plan Width": 58, "Plans": [{"Node Type": "Nested Loop", "Parent Relationship": "Outer", "Join Type": "Inner", "Startup Cost": 0.0, "Total Cost": 82942.32, "Plan Rows": 9, "Plan Width": 58, "Inner Unique": false, "Join Filter": "(mi.movie_id = mc.movie_id)", "Plans": [{"Node Type": "Seq Scan", "Parent Relationship": "Outer", "Relation Name": "movie_companies", "Alias": "mc", "Startup Cost": 0.0, "Total Cost": 17613.58, "Plan Rows": 2609128, "Plan Width": 12}, {"Node Type": "Materialize", "Parent Relationship": "Inner", "Startup Cost": 0.0, "Total Cost": 55544.52, "Plan Rows": 64, "Plan Width": 46, "Plans": [{"Node Type": "Streaming(type: BROADCAST dop: 16/1)", "Parent Relationship": "Outer", "Startup Cost": 0.0, "Total Cost": 55544.5, "Plan Rows": 64, "Plan Width": 46, "Plans": [{"Node Type": "Nested Loop", "Parent Relationship": "Outer", "Join Type": "Inner", "Startup Cost": 0.0, "Total Cost": 40543.12, "Plan Rows": 4, "Plan Width": 46, "Inner Unique": false, "Join Filter": "(it1.id = mi.info_type_id)", "Plans": [{"Node Type": "Seq Scan", "Parent Relationship": "Outer", "Relation Name": "info_type", "Alias": "it1", "Startup Cost": 0.0, "Total Cost": 2.4, "Plan Rows": 1, "Plan Width": 4, "Filter": "((info)::text = 'release dates'::text)"}, {"Node Type": "Materialize", "Parent Relationship": "Inner", "Startup Cost": 0.0, "Total Cost": 40538.17, "Plan Rows": 255, "Plan Width": 50, "Plans": [{"Node Type": "Streaming(type: LOCAL GATHER dop: 1/16)", "Parent Relationship": "Outer", "Startup Cost": 0.0, "Total Cost": 40537.53, "Plan Rows": 255, "Plan Width": 50, "Plans": [{"Node Type": "Seq Scan", "Parent Relationship": "Outer", "Relation Name": "movie_info", "Alias": "mi", "Startup Cost": 0.0, "Total Cost": 40532.03, "Plan Rows": 255, "Plan Width": 50, "Filter": "((info IS NOT NULL) AND ((note)::text ~~ '%internet%'::text) AND (((info)::text ~~ 'USA:% 199%'::text) OR ((info)::text ~~ 'USA:% 200%'::text)))"}]}]}]}]}]}]}]}, {"Node Type": "Materialize", "Parent Relationship": "Inner", "Startup Cost": 0.0, "Total Cost": 1.04, "Plan Rows": 3, "Plan Width": 4, "Plans": [{"Node Type": "Seq Scan", "Parent Relationship": "Outer", "Relation Name": "company_type", "Alias": "ct", "Startup Cost": 0.0, "Total Cost": 1.03, "Plan Rows": 3, "Plan Width": 4}]}]}]}, {"Node Type": "Sort", "Parent Relationship": "Inner", "Startup Cost": 12878.05, "Total Cost": 13090.97, "Plan Rows": 85170, "Plan Width": 4, "Sort Key": ["cn.id"], "Plans": [{"Node Type": "Seq Scan", "Parent Relationship": "Outer", "Relation Name": "company_name", "Alias": "cn", "Startup Cost": 0.0, "Total Cost": 5903.45, "Plan Rows": 85170, "Plan Width": 4, "Filter": "((country_code)::text = '[us]'::text)"}]}]}]}]}]}]}]}]}]}]}]}]}]}]}]}]}]}, "Unique SQL Id": 2846462052}, "explain_analyze_plan": null}, "(16, 27)": {"explain_plan": {"Plan": {"Node Type": "Aggregate", "Strategy": "Plain", "Startup Cost": 8992369740906.11, "Total Cost": 8992369740906.12, "Plan Rows": 1, "Plan Width": 123, "Plans": [{"Node Type": "Nested Loop", "Parent Relationship": "Outer", "Join Type": "Inner", "Startup Cost": 90000000000.0, "Total Cost": 8992369740905.44, "Plan Rows": 134, "Plan Width": 59, "Inner Unique": false, "Join Filter": "(t.id = at.movie_id)", "Plans": [{"Node Type": "Index Only Scan", "Parent Relationship": "Outer", "Scan Direction": "Forward", "Index Name": "movie_id_aka_title", "Relation Name": "aka_title", "Alias": "at", "Startup Cost": 10000000000.0, "Total Cost": 1000000898631.5, "Plan Rows": 361471, "Plan Width": 4}, {"Node Type": "Materialize", "Parent Relationship": "Inner", "Startup Cost": 80000000000.0, "Total Cost": 7992368413931.01, "Plan Rows": 79, "Plan Width": 75, "Plans": [{"Node Type": "Nested Loop", "Parent Relationship": "Outer", "Join Type": "Inner", "Startup Cost": 80000000000.0, "Total Cost": 7992368413930.61, "Plan Rows": 79, "Plan Width": 75, "Inner Unique": true, "Join Filter": "(mk.keyword_id = k.id)", "Plans": [{"Node Type": "Nested Loop", "Parent Relationship": "Outer", "Join Type": "Inner", "Startup Cost": 70000000000.0, "Total Cost": 6992368048526.42, "Plan Rows": 79, "Plan Width": 79, "Inner Unique": true, "Join Filter": "(mi.info_type_id = it1.id)", "Plans": [{"Node Type": "Merge Join", "Parent Relationship": "Outer", "Join Type": "Inner", "Startup Cost": 60000000000.0, "Total Cost": 5992368047028.28, "Plan Rows": 5143, "Plan Width": 83, "Inner Unique": false, "Merge Cond": "(t.id = mk.movie_id)", "Plans": [{"Node Type": "Nested Loop", "Parent Relationship": "Outer", "Join Type": "Inner", "Startup Cost": 50000000000.0, "Total Cost": 5000148244105.78, "Plan Rows": 635, "Plan Width": 75, "Inner Unique": true, "Join Filter": "(mc.company_type_id = ct.id)", "Plans": [{"Node Type": "Nested Loop", "Parent Relationship": "Outer", "Join Type": "Inner", "Startup Cost": 40000000000.0, "Total Cost": 4000148243247.7, "Plan Rows": 635, "Plan Width": 79, "Inner Unique": true, "Join Filter": "(mc.company_id = cn.id)", "Plans": [{"Node Type": "Merge Join", "Parent Relationship": "Outer", "Join Type": "Inner", "Startup Cost": 30000000000.0, "Total Cost": 3000146228345.55, "Plan Rows": 755, "Plan Width": 83, "Inner Unique": false, "Merge Cond": "(t.id = mc.movie_id)", "Plans": [{"Node Type": "Nested Loop", "Parent Relationship": "Outer", "Join Type": "Inner", "Startup Cost": 20000000000.0, "Total Cost": 2000133169868.42, "Plan Rows": 353, "Plan Width": 71, "Inner Unique": false, "Join Filter": "(mi.movie_id = t.id)", "Plans": [{"Node Type": "Index Scan", "Parent Relationship": "Outer", "Scan Direction": "Forward", "Index Name": "title_pkey", "Relation Name": "title", "Alias": "t", "Startup Cost": 10000000000.0, "Total Cost": 1000011644126.66, "Plan Rows": 1748840, "Plan Width": 21, "Filter": "(production_year > 1990), (LLVM Optimized)"}, {"Node Type": "Materialize", "Parent Relationship": "Inner", "Startup Cost": 10000000000.0, "Total Cost": 1000114836429.39, "Plan Rows": 255, "Plan Width": 50, "Plans": [{"Node Type": "Index Scan", "Parent Relationship": "Outer", "Scan Direction": "Forward", "Index Name": "info_type_id_movie_info", "Relation Name": "movie_info", "Alias": "mi", "Startup Cost": 10000000000.0, "Total Cost": 1000114836428.12, "Plan Rows": 255, "Plan Width": 50, "Filter": "((info IS NOT NULL) AND ((note)::text ~~ '%internet%'::text) AND (((info)::text ~~ 'USA:% 199%'::text) OR ((info)::text ~~ 'USA:% 200%'::text)))"}]}]}, {"Node Type": "Index Scan", "Parent Relationship": "Inner", "Scan Direction": "Forward", "Index Name": "movie_id_movie_companies", "Relation Name": "movie_companies", "Alias": "mc", "Startup Cost": 10000000000.0, "Total Cost": 1000013051946.13, "Plan Rows": 2609128, "Plan Width": 12}]}, {"Node Type": "Materialize", "Parent Relationship": "Inner", "Startup Cost": 10000000000.0, "Total Cost": 1000001050564.82, "Plan Rows": 85170, "Plan Width": 4, "Plans": [{"Node Type": "Index Scan", "Parent Relationship": "Outer", "Scan Direction": "Forward", "Index Name": "company_name_pkey", "Relation Name": "company_name", "Alias": "cn", "Startup Cost": 10000000000.0, "Total Cost": 1000001050138.97, "Plan Rows": 85170, "Plan Width": 4, "Filter": "((country_code)::text = '[us]'::text)"}]}]}, {"Node Type": "Materialize", "Parent Relationship": "Inner", "Startup Cost": 10000000000.0, "Total Cost": 1000000000829.52, "Plan Rows": 3, "Plan Width": 4, "Plans": [{"Node Type": "Index Only Scan", "Parent Relationship": "Outer", "Scan Direction": "Forward", "Index Name": "company_type_pkey", "Relation Name": "company_type", "Alias": "ct", "Startup Cost": 10000000000.0, "Total Cost": 1000000000829.5, "Plan Rows": 3, "Plan Width": 4}]}]}, {"Node Type": "Index Scan", "Parent Relationship": "Inner", "Scan Direction": "Forward", "Index Name": "movie_id_movie_keyword", "Relation Name": "movie_keyword", "Alias": "mk", "Startup Cost": 10000000000.0, "Total Cost": 1000015300634.17, "Plan Rows": 4523929, "Plan Width": 8}]}, {"Node Type": "Materialize", "Parent Relationship": "Inner", "Startup Cost": 10000000000.0, "Total Cost": 1000000001421.0, "Plan Rows": 1, "Plan Width": 4, "Plans": [{"Node Type": "Index Scan", "Parent Relationship": "Outer", "Scan Direction": "Forward", "Index Name": "info_type_pkey", "Relation Name": "info_type", "Alias": "it1", "Startup Cost": 10000000000.0, "Total Cost": 1000000001421.0, "Plan Rows": 1, "Plan Width": 4, "Filter": "((info)::text = 'release dates'::text)"}]}]}, {"Node Type": "Materialize", "Parent Relationship": "Inner", "Startup Cost": 10000000000.0, "Total Cost": 1000000206749.34, "Plan Rows": 134169, "Plan Width": 4, "Plans": [{"Node Type": "Index Only Scan", "Parent Relationship": "Outer", "Scan Direction": "Forward", "Index Name": "keyword_pkey", "Relation Name": "keyword", "Alias": "k", "Startup Cost": 10000000000.0, "Total Cost": 1000000206078.5, "Plan Rows": 134169, "Plan Width": 4}]}]}]}]}]}, "Unique SQL Id": 2846462052}, "explain_analyze_plan": null}, "(16, 28)": {"explain_plan": {"Plan": {"Node Type": "Aggregate", "Strategy": "Plain", "Startup Cost": 40614.97, "Total Cost": 40614.98, "Plan Rows": 1, "Plan Width": 123, "Plans": [{"Node Type": "Nested Loop", "Parent Relationship": "Outer", "Join Type": "Inner", "Startup Cost": 0.0, "Total Cost": 40614.3, "Plan Rows": 134, "Plan Width": 59, "Inner Unique": false, "Join Filter": "(t.id = at.movie_id)", "Plans": [{"Node Type": "Nested Loop", "Parent Relationship": "Outer", "Join Type": "Inner", "Startup Cost": 0.0, "Total Cost": 40598.73, "Plan Rows": 44, "Plan Width": 75, "Inner Unique": true, "Plans": [{"Node Type": "Nested Loop", "Parent Relationship": "Outer", "Join Type": "Inner", "Startup Cost": 0.0, "Total Cost": 40586.38, "Plan Rows": 44, "Plan Width": 79, "Inner Unique": false, "Join Filter": "(t.id = mk.movie_id)", "Plans": [{"Node Type": "Nested Loop", "Parent Relationship": "Outer", "Join Type": "Inner", "Startup Cost": 0.0, "Total Cost": 40583.01, "Plan Rows": 6, "Plan Width": 71, "Inner Unique": true, "Plans": [{"Node Type": "Nested Loop", "Parent Relationship": "Outer", "Join Type": "Inner", "Startup Cost": 0.0, "Total Cost": 40579.84, "Plan Rows": 11, "Plan Width": 75, "Inner Unique": true, "Join Filter": "(mc.company_type_id = ct.id)", "Plans": [{"Node Type": "Nested Loop", "Parent Relationship": "Outer", "Join Type": "Inner", "Startup Cost": 0.0, "Total Cost": 40578.27, "Plan Rows": 12, "Plan Width": 79, "Inner Unique": false, "Plans": [{"Node Type": "Nested Loop", "Parent Relationship": "Outer", "Join Type": "Inner", "Startup Cost": 0.0, "Total Cost": 40576.06, "Plan Rows": 6, "Plan Width": 67, "Inner Unique": true, "Plans": [{"Node Type": "Nested Loop", "Parent Relationship": "Outer", "Join Type": "Inner", "Startup Cost": 0.0, "Total Cost": 40543.12, "Plan Rows": 4, "Plan Width": 46, "Inner Unique": false, "Join Filter": "(it1.id = mi.info_type_id)", "Plans": [{"Node Type": "Seq Scan", "Parent Relationship": "Outer", "Relation Name": "info_type", "Alias": "it1", "Startup Cost": 0.0, "Total Cost": 2.4, "Plan Rows": 1, "Plan Width": 4, "Filter": "((info)::text = 'release dates'::text)"}, {"Node Type": "Materialize", "Parent Relationship": "Inner", "Startup Cost": 0.0, "Total Cost": 40538.17, "Plan Rows": 255, "Plan Width": 50, "Plans": [{"Node Type": "Streaming(type: LOCAL GATHER dop: 1/16)", "Parent Relationship": "Outer", "Startup Cost": 0.0, "Total Cost": 40537.53, "Plan Rows": 255, "Plan Width": 50, "Plans": [{"Node Type": "Seq Scan", "Parent Relationship": "Outer", "Relation Name": "movie_info", "Alias": "mi", "Startup Cost": 0.0, "Total Cost": 40532.03, "Plan Rows": 255, "Plan Width": 50, "Filter": "((info IS NOT NULL) AND ((note)::text ~~ '%internet%'::text) AND (((info)::text ~~ 'USA:% 199%'::text) OR ((info)::text ~~ 'USA:% 200%'::text)))"}]}]}]}, {"Node Type": "Index Scan", "Parent Relationship": "Inner", "Scan Direction": "Forward", "Index Name": "title_pkey", "Relation Name": "title", "Alias": "t", "Startup Cost": 0.0, "Total Cost": 8.23, "Plan Rows": 1, "Plan Width": 21, "Index Cond": "(id = mi.movie_id)", "Filter": "(production_year > 1990)"}]}, {"Node Type": "Index Scan", "Parent Relationship": "Inner", "Scan Direction": "Forward", "Index Name": "movie_id_movie_companies", "Relation Name": "movie_companies", "Alias": "mc", "Startup Cost": 0.0, "Total Cost": 0.35, "Plan Rows": 2, "Plan Width": 12, "Index Cond": "(movie_id = t.id)"}]}, {"Node Type": "Materialize", "Parent Relationship": "Inner", "Startup Cost": 0.0, "Total Cost": 1.04, "Plan Rows": 3, "Plan Width": 4, "Plans": [{"Node Type": "Seq Scan", "Parent Relationship": "Outer", "Relation Name": "company_type", "Alias": "ct", "Startup Cost": 0.0, "Total Cost": 1.03, "Plan Rows": 3, "Plan Width": 4}]}]}, {"Node Type": "Index Scan", "Parent Relationship": "Inner", "Scan Direction": "Forward", "Index Name": "company_name_pkey", "Relation Name": "company_name", "Alias": "cn", "Startup Cost": 0.0, "Total Cost": 0.28, "Plan Rows": 1, "Plan Width": 4, "Index Cond": "(id = mc.company_id)", "Filter": "((country_code)::text = '[us]'::text)"}]}, {"Node Type": "Index Scan", "Parent Relationship": "Inner", "Scan Direction": "Forward", "Index Name": "movie_id_movie_keyword", "Relation Name": "movie_keyword", "Alias": "mk", "Startup Cost": 0.0, "Total Cost": 0.46, "Plan Rows": 8, "Plan Width": 8, "Index Cond": "(movie_id = mc.movie_id)"}]}, {"Node Type": "Index Scan", "Parent Relationship": "Inner", "Scan Direction": "Forward", "Index Name": "keyword_pkey", "Relation Name": "keyword", "Alias": "k", "Startup Cost": 0.0, "Total Cost": 0.27, "Plan Rows": 1, "Plan Width": 4, "Index Cond": "(id = mk.keyword_id)"}]}, {"Node Type": "Index Scan", "Parent Relationship": "Inner", "Scan Direction": "Forward", "Index Name": "movie_id_aka_title", "Relation Name": "aka_title", "Alias": "at", "Startup Cost": 0.0, "Total Cost": 0.32, "Plan Rows": 3, "Plan Width": 4, "Index Cond": "(movie_id = mk.movie_id)"}]}]}, "Unique SQL Id": 2846462052}, "explain_analyze_plan": {"Plan": {"Node Type": "Aggregate", "Strategy": "Plain", "Startup Cost": 40614.97, "Total Cost": 40614.98, "Plan Rows": 1, "Plan Width": 123, "Actual Min Startup Time": 401.986, "Actual Max Startup Time": 401.986, "Actual Min Total Time": 401.986, "Actual Max Total Time": 401.986, "Actual Total Rows": 1, "Plans": [{"Node Type": "Nested Loop", "Parent Relationship": "Outer", "Join Type": "Inner", "Startup Cost": 0.0, "Total Cost": 40614.3, "Plan Rows": 134, "Plan Width": 59, "Actual Min Startup Time": 320.665, "Actual Max Startup Time": 320.665, "Actual Min Total Time": 401.167, "Actual Max Total Time": 401.167, "Actual Total Rows": 1140, "Inner Unique": false, "Join Filter": "(t.id = at.movie_id)", "Rows Removed by Join Filter": 0, "Plans": [{"Node Type": "Nested Loop", "Parent Relationship": "Outer", "Join Type": "Inner", "Startup Cost": 0.0, "Total Cost": 40598.73, "Plan Rows": 44, "Plan Width": 75, "Actual Min Startup Time": 320.051, "Actual Max Startup Time": 320.051, "Actual Min Total Time": 386.992, "Actual Max Total Time": 386.992, "Actual Total Rows": 4808, "Inner Unique": true, "Plans": [{"Node Type": "Nested Loop", "Parent Relationship": "Outer", "Join Type": "Inner", "Startup Cost": 0.0, "Total Cost": 40586.38, "Plan Rows": 44, "Plan Width": 79, "Actual Min Startup Time": 320.037, "Actual Max Startup Time": 320.037, "Actual Min Total Time": 366.836, "Actual Max Total Time": 366.836, "Actual Total Rows": 4808, "Inner Unique": false, "Join Filter": "(t.id = mk.movie_id)", "Rows Removed by Join Filter": 0, "Plans": [{"Node Type": "Nested Loop", "Parent Relationship": "Outer", "Join Type": "Inner", "Startup Cost": 0.0, "Total Cost": 40583.01, "Plan Rows": 6, "Plan Width": 71, "Actual Min Startup Time": 320.02, "Actual Max Startup Time": 320.02, "Actual Min Total Time": 355.518, "Actual Max Total Time": 355.518, "Actual Total Rows": 1488, "Inner Unique": true, "Plans": [{"Node Type": "Nested Loop", "Parent Relationship": "Outer", "Join Type": "Inner", "Startup Cost": 0.0, "Total Cost": 40579.84, "Plan Rows": 11, "Plan Width": 75, "Actual Min Startup Time": 319.992, "Actual Max Startup Time": 319.992, "Actual Min Total Time": 346.593, "Actual Max Total Time": 346.593, "Actual Total Rows": 1599, "Inner Unique": true, "Join Filter": "(mc.company_type_id = ct.id)", "Rows Removed by Join Filter": 3855, "Plans": [{"Node Type": "Nested Loop", "Parent Relationship": "Outer", "Join Type": "Inner", "Startup Cost": 0.0, "Total Cost": 40578.27, "Plan Rows": 12, "Plan Width": 79, "Actual Min Startup Time": 319.937, "Actual Max Startup Time": 319.937, "Actual Min Total Time": 343.989, "Actual Max Total Time": 343.989, "Actual Total Rows": 2884, "Inner Unique": false, "Plans": [{"Node Type": "Nested Loop", "Parent Relationship": "Outer", "Join Type": "Inner", "Startup Cost": 0.0, "Total Cost": 40576.06, "Plan Rows": 6, "Plan Width": 67, "Actual Min Startup Time": 319.923, "Actual Max Startup Time": 319.923, "Actual Min Total Time": 331.838, "Actual Max Total Time": 331.838, "Actual Total Rows": 1782, "Inner Unique": true, "Plans": [{"Node Type": "Nested Loop", "Parent Relationship": "Outer", "Join Type": "Inner", "Startup Cost": 0.0, "Total Cost": 40543.12, "Plan Rows": 4, "Plan Width": 46, "Actual Min Startup Time": 319.877, "Actual Max Startup Time": 319.877, "Actual Min Total Time": 321.04, "Actual Max Total Time": 321.04, "Actual Total Rows": 1783, "Inner Unique": false, "Join Filter": "(it1.id = mi.info_type_id)", "Rows Removed by Join Filter": 0, "Plans": [{"Node Type": "Seq Scan", "Parent Relationship": "Outer", "Relation Name": "info_type", "Alias": "it1", "Startup Cost": 0.0, "Total Cost": 2.4, "Plan Rows": 1, "Plan Width": 4, "Actual Min Startup Time": 0.069, "Actual Max Startup Time": 0.069, "Actual Min Total Time": 0.098, "Actual Max Total Time": 0.098, "Actual Total Rows": 1, "Filter": "((info)::text = 'release dates'::text)", "Rows Removed by Filter": 111}, {"Node Type": "Materialize", "Parent Relationship": "Inner", "Startup Cost": 0.0, "Total Cost": 40538.17, "Plan Rows": 255, "Plan Width": 50, "Actual Min Startup Time": 319.784, "Actual Max Startup Time": 319.784, "Actual Min Total Time": 320.079, "Actual Max Total Time": 320.079, "Actual Total Rows": 1784, "Plans": [{"Node Type": "Streaming(type: LOCAL GATHER dop: 1/16)", "Parent Relationship": "Outer", "Startup Cost": 0.0, "Total Cost": 40537.53, "Plan Rows": 255, "Plan Width": 50, "Actual Min Startup Time": 146.199, "Actual Max Startup Time": 146.199, "Actual Min Total Time": 319.424, "Actual Max Total Time": 319.424, "Actual Total Rows": 1783, "Plans": [{"Node Type": "Seq Scan", "Parent Relationship": "Outer", "Relation Name": "movie_info", "Alias": "mi", "Startup Cost": 0.0, "Total Cost": 40532.03, "Plan Rows": 255, "Plan Width": 50, "Actual Min Startup Time": 80.818, "Actual Max Startup Time": 88.92, "Actual Min Total Time": 294.568, "Actual Max Total Time": 303.074, "Actual Total Rows": 1783, "Filter": "((info IS NOT NULL) AND ((note)::text ~~ '%internet%'::text) AND (((info)::text ~~ 'USA:% 199%'::text) OR ((info)::text ~~ 'USA:% 200%'::text)))", "Rows Removed by Filter": 14833936}]}]}]}, {"Node Type": "Index Scan", "Parent Relationship": "Inner", "Scan Direction": "Forward", "Index Name": "title_pkey", "Relation Name": "title", "Alias": "t", "Startup Cost": 0.0, "Total Cost": 8.23, "Plan Rows": 1, "Plan Width": 21, "Actual Min Startup Time": 9.28, "Actual Max Startup Time": 9.28, "Actual Min Total Time": 9.28, "Actual Max Total Time": 9.28, "Actual Total Rows": 1782, "Index Cond": "(id = mi.movie_id)", "Rows Removed by Index Recheck": 0, "Filter": "(production_year > 1990)", "Rows Removed by Filter": 1}]}, {"Node Type": "Index Scan", "Parent Relationship": "Inner", "Scan Direction": "Forward", "Index Name": "movie_id_movie_companies", "Relation Name": "movie_companies", "Alias": "mc", "Startup Cost": 0.0, "Total Cost": 0.35, "Plan Rows": 2, "Plan Width": 12, "Actual Min Startup Time": 8.273, "Actual Max Startup Time": 8.273, "Actual Min Total Time": 10.533, "Actual Max Total Time": 10.533, "Actual Total Rows": 2884, "Index Cond": "(movie_id = t.id)", "Rows Removed by Index Recheck": 0}]}, {"Node Type": "Materialize", "Parent Relationship": "Inner", "Startup Cost": 0.0, "Total Cost": 1.04, "Plan Rows": 3, "Plan Width": 4, "Actual Min Startup Time": 0.326, "Actual Max Startup Time": 0.326, "Actual Min Total Time": 0.66, "Actual Max Total Time": 0.66, "Actual Total Rows": 5454, "Plans": [{"Node Type": "Seq Scan", "Parent Relationship": "Outer", "Relation Name": "company_type", "Alias": "ct", "Startup Cost": 0.0, "Total Cost": 1.03, "Plan Rows": 3, "Plan Width": 4, "Actual Min Startup Time": 0.006, "Actual Max Startup Time": 0.006, "Actual Min Total Time": 0.008, "Actual Max Total Time": 0.008, "Actual Total Rows": 3}]}]}, {"Node Type": "Index Scan", "Parent Relationship": "Inner", "Scan Direction": "Forward", "Index Name": "company_name_pkey", "Relation Name": "company_name", "Alias": "cn", "Startup Cost": 0.0, "Total Cost": 0.28, "Plan Rows": 1, "Plan Width": 4, "Actual Min Startup Time": 7.556, "Actual Max Startup Time": 7.556, "Actual Min Total Time": 7.556, "Actual Max Total Time": 7.556, "Actual Total Rows": 1488, "Index Cond": "(id = mc.company_id)", "Rows Removed by Index Recheck": 0, "Filter": "((country_code)::text = '[us]'::text)", "Rows Removed by Filter": 111}]}, {"Node Type": "Index Scan", "Parent Relationship": "Inner", "Scan Direction": "Forward", "Index Name": "movie_id_movie_keyword", "Relation Name": "movie_keyword", "Alias": "mk", "Startup Cost": 0.0, "Total Cost": 0.46, "Plan Rows": 8, "Plan Width": 8, "Actual Min Startup Time": 6.345, "Actual Max Startup Time": 6.345, "Actual Min Total Time": 8.518, "Actual Max Total Time": 8.518, "Actual Total Rows": 4808, "Index Cond": "(movie_id = mc.movie_id)", "Rows Removed by Index Recheck": 0}]}, {"Node Type": "Index Scan", "Parent Relationship": "Inner", "Scan Direction": "Forward", "Index Name": "keyword_pkey", "Relation Name": "keyword", "Alias": "k", "Startup Cost": 0.0, "Total Cost": 0.27, "Plan Rows": 1, "Plan Width": 4, "Actual Min Startup Time": 16.23, "Actual Max Startup Time": 16.23, "Actual Min Total Time": 16.23, "Actual Max Total Time": 16.23, "Actual Total Rows": 4808, "Index Cond": "(id = mk.keyword_id)", "Rows Removed by Index Recheck": 0}]}, {"Node Type": "Index Scan", "Parent Relationship": "Inner", "Scan Direction": "Forward", "Index Name": "movie_id_aka_title", "Relation Name": "aka_title", "Alias": "at", "Startup Cost": 0.0, "Total Cost": 0.32, "Plan Rows": 3, "Plan Width": 4, "Actual Min Startup Time": 10.816, "Actual Max Startup Time": 10.816, "Actual Min Total Time": 11.38, "Actual Max Total Time": 11.38, "Actual Total Rows": 1140, "Index Cond": "(movie_id = mk.movie_id)", "Rows Removed by Index Recheck": 0}]}]}, "Triggers": [], "Planner Runtime": 128.527, "Total Runtime": 404.914, "Unique SQL Id": 2846462052}}, "(16, 29)": {"explain_plan": {"Plan": {"Node Type": "Aggregate", "Strategy": "Plain", "Startup Cost": 496833.27, "Total Cost": 496833.28, "Plan Rows": 1, "Plan Width": 123, "Plans": [{"Node Type": "Nested Loop", "Parent Relationship": "Outer", "Join Type": "Inner", "Startup Cost": 0.0, "Total Cost": 496832.6, "Plan Rows": 134, "Plan Width": 59, "Inner Unique": false, "Join Filter": "(t.id = at.movie_id)", "Plans": [{"Node Type": "Nested Loop", "Parent Relationship": "Outer", "Join Type": "Inner", "Startup Cost": 0.0, "Total Cost": 496817.03, "Plan Rows": 44, "Plan Width": 75, "Inner Unique": true, "Plans": [{"Node Type": "Nested Loop", "Parent Relationship": "Outer", "Join Type": "Inner", "Startup Cost": 0.0, "Total Cost": 496804.68, "Plan Rows": 44, "Plan Width": 79, "Inner Unique": false, "Join Filter": "(t.id = mk.movie_id)", "Plans": [{"Node Type": "Nested Loop", "Parent Relationship": "Outer", "Join Type": "Inner", "Startup Cost": 0.0, "Total Cost": 496801.31, "Plan Rows": 6, "Plan Width": 71, "Inner Unique": true, "Plans": [{"Node Type": "Nested Loop", "Parent Relationship": "Outer", "Join Type": "Inner", "Startup Cost": 0.0, "Total Cost": 496798.51, "Plan Rows": 10, "Plan Width": 75, "Inner Unique": true, "Plans": [{"Node Type": "Nested Loop", "Parent Relationship": "Outer", "Join Type": "Inner", "Startup Cost": 0.0, "Total Cost": 496795.05, "Plan Rows": 12, "Plan Width": 79, "Inner Unique": false, "Plans": [{"Node Type": "Nested Loop", "Parent Relationship": "Outer", "Join Type": "Inner", "Startup Cost": 0.0, "Total Cost": 496792.85, "Plan Rows": 6, "Plan Width": 67, "Inner Unique": true, "Plans": [{"Node Type": "Nested Loop", "Parent Relationship": "Outer", "Join Type": "Inner", "Startup Cost": 0.0, "Total Cost": 496759.91, "Plan Rows": 4, "Plan Width": 46, "Inner Unique": false, "Plans": [{"Node Type": "Index Scan", "Parent Relationship": "Outer", "Scan Direction": "Forward", "Index Name": "info_type_pkey", "Relation Name": "info_type", "Alias": "it1", "Startup Cost": 0.0, "Total Cost": 14.21, "Plan Rows": 1, "Plan Width": 4, "Filter": "((info)::text = 'release dates'::text)"}, {"Node Type": "Index Scan", "Parent Relationship": "Inner", "Scan Direction": "Forward", "Index Name": "info_type_id_movie_info", "Relation Name": "movie_info", "Alias": "mi", "Startup Cost": 0.0, "Total Cost": 496745.66, "Plan Rows": 4, "Plan Width": 50, "Index Cond": "(info_type_id = it1.id)", "Filter": "((info IS NOT NULL) AND ((note)::text ~~ '%internet%'::text) AND (((info)::text ~~ 'USA:% 199%'::text) OR ((info)::text ~~ 'USA:% 200%'::text)))"}]}, {"Node Type": "Index Scan", "Parent Relationship": "Inner", "Scan Direction": "Forward", "Index Name": "title_pkey", "Relation Name": "title", "Alias": "t", "Startup Cost": 0.0, "Total Cost": 8.23, "Plan Rows": 1, "Plan Width": 21, "Index Cond": "(id = mi.movie_id)", "Filter": "(production_year > 1990)"}]}, {"Node Type": "Index Scan", "Parent Relationship": "Inner", "Scan Direction": "Forward", "Index Name": "movie_id_movie_companies", "Relation Name": "movie_companies", "Alias": "mc", "Startup Cost": 0.0, "Total Cost": 0.35, "Plan Rows": 2, "Plan Width": 12, "Index Cond": "(movie_id = t.id)"}]}, {"Node Type": "Index Scan", "Parent Relationship": "Inner", "Scan Direction": "Forward", "Index Name": "company_name_pkey", "Relation Name": "company_name", "Alias": "cn", "Startup Cost": 0.0, "Total Cost": 0.28, "Plan Rows": 1, "Plan Width": 4, "Index Cond": "(id = mc.company_id)", "Filter": "((country_code)::text = '[us]'::text)"}]}, {"Node Type": "Index Scan", "Parent Relationship": "Inner", "Scan Direction": "Forward", "Index Name": "company_type_pkey", "Relation Name": "company_type", "Alias": "ct", "Startup Cost": 0.0, "Total Cost": 0.27, "Plan Rows": 1, "Plan Width": 4, "Index Cond": "(id = mc.company_type_id)"}]}, {"Node Type": "Index Scan", "Parent Relationship": "Inner", "Scan Direction": "Forward", "Index Name": "movie_id_movie_keyword", "Relation Name": "movie_keyword", "Alias": "mk", "Startup Cost": 0.0, "Total Cost": 0.46, "Plan Rows": 8, "Plan Width": 8, "Index Cond": "(movie_id = mc.movie_id)"}]}, {"Node Type": "Index Scan", "Parent Relationship": "Inner", "Scan Direction": "Forward", "Index Name": "keyword_pkey", "Relation Name": "keyword", "Alias": "k", "Startup Cost": 0.0, "Total Cost": 0.27, "Plan Rows": 1, "Plan Width": 4, "Index Cond": "(id = mk.keyword_id)"}]}, {"Node Type": "Index Scan", "Parent Relationship": "Inner", "Scan Direction": "Forward", "Index Name": "movie_id_aka_title", "Relation Name": "aka_title", "Alias": "at", "Startup Cost": 0.0, "Total Cost": 0.32, "Plan Rows": 3, "Plan Width": 4, "Index Cond": "(movie_id = mk.movie_id)"}]}]}, "Unique SQL Id": 2846462052}, "explain_analyze_plan": null}, "(16, 30)": {"explain_plan": {"Plan": {"Node Type": "Aggregate", "Strategy": "Plain", "Startup Cost": 288669.61, "Total Cost": 288669.64, "Plan Rows": 1, "Plan Width": 123, "Plans": [{"Node Type": "Streaming(type: LOCAL GATHER dop: 1/16)", "Parent Relationship": "Outer", "Startup Cost": 288669.61, "Total Cost": 288669.64, "Plan Rows": 1, "Plan Width": 123, "Plans": [{"Node Type": "Aggregate", "Strategy": "Plain", "Parent Relationship": "Outer", "Startup Cost": 288669.61, "Total Cost": 288669.62, "Plan Rows": 1, "Plan Width": 123, "Plans": [{"Node Type": "Nested Loop", "Parent Relationship": "Outer", "Join Type": "Inner", "Startup Cost": 95822.12, "Total Cost": 288668.94, "Plan Rows": 134, "Plan Width": 59, "Inner Unique": false, "Join Filter": "(mk.keyword_id = k.id)", "Plans": [{"Node Type": "Streaming(type: LOCAL REDISTRIBUTE dop: 16/1)", "Parent Relationship": "Outer", "Startup Cost": 0.0, "Total Cost": 22679.71, "Plan Rows": 134169, "Plan Width": 4, "Plans": [{"Node Type": "Seq Scan", "Parent Relationship": "Outer", "Relation Name": "keyword", "Alias": "k", "Startup Cost": 0.0, "Total Cost": 2100.69, "Plan Rows": 134169, "Plan Width": 4}]}, {"Node Type": "Materialize", "Parent Relationship": "Inner", "Startup Cost": 95822.12, "Total Cost": 264935.81, "Plan Rows": 134, "Plan Width": 63, "Plans": [{"Node Type": "Streaming(type: LOCAL REDISTRIBUTE dop: 16/16)", "Parent Relationship": "Outer", "Startup Cost": 95822.12, "Total Cost": 264935.77, "Plan Rows": 134, "Plan Width": 63, "Plans": [{"Node Type": "Nested Loop", "Parent Relationship": "Outer", "Join Type": "Inner", "Startup Cost": 95822.12, "Total Cost": 249935.26, "Plan Rows": 134, "Plan Width": 63, "Inner Unique": false, "Join Filter": "(t.id = mk.movie_id)", "Plans": [{"Node Type": "Streaming(type: LOCAL REDISTRIBUTE dop: 16/16)", "Parent Relationship": "Outer", "Startup Cost": 0.0, "Total Cost": 51044.03, "Plan Rows": 4523929, "Plan Width": 8, "Plans": [{"Node Type": "Seq Scan", "Parent Relationship": "Outer", "Relation Name": "movie_keyword", "Alias": "mk", "Startup Cost": 0.0, "Total Cost": 18902.58, "Plan Rows": 4523929, "Plan Width": 8}]}, {"Node Type": "Materialize", "Parent Relationship": "Inner", "Startup Cost": 95822.12, "Total Cost": 194384.98, "Plan Rows": 17, "Plan Width": 75, "Plans": [{"Node Type": "Streaming(type: LOCAL REDISTRIBUTE dop: 16/1)", "Parent Relationship": "Outer", "Startup Cost": 95822.12, "Total Cost": 194384.97, "Plan Rows": 17, "Plan Width": 75, "Plans": [{"Node Type": "Nested Loop", "Parent Relationship": "Outer", "Join Type": "Inner", "Startup Cost": 95822.12, "Total Cost": 179384.26, "Plan Rows": 17, "Plan Width": 75, "Inner Unique": false, "Join Filter": "(t.id = at.movie_id)", "Plans": [{"Node Type": "Seq Scan", "Parent Relationship": "Outer", "Relation Name": "aka_title", "Alias": "at", "Startup Cost": 0.0, "Total Cost": 9894.71, "Plan Rows": 361471, "Plan Width": 4}, {"Node Type": "Materialize", "Parent Relationship": "Inner", "Startup Cost": 95822.12, "Total Cost": 136957.18, "Plan Rows": 6, "Plan Width": 71, "Plans": [{"Node Type": "Streaming(type: LOCAL GATHER dop: 1/16)", "Parent Relationship": "Outer", "Startup Cost": 95822.12, "Total Cost": 136957.15, "Plan Rows": 6, "Plan Width": 71, "Plans": [{"Node Type": "Nested Loop", "Parent Relationship": "Outer", "Join Type": "Inner", "Startup Cost": 95822.12, "Total Cost": 136957.02, "Plan Rows": 6, "Plan Width": 71, "Inner Unique": false, "Join Filter": "(mi.movie_id = t.id)", "Plans": [{"Node Type": "Seq Scan", "Parent Relationship": "Outer", "Relation Name": "title", "Alias": "t", "Startup Cost": 0.0, "Total Cost": 19149.37, "Plan Rows": 1748840, "Plan Width": 21, "Filter": "(production_year > 1990), (LLVM Optimized)"}, {"Node Type": "Materialize", "Parent Relationship": "Inner", "Startup Cost": 95822.12, "Total Cost": 111249.51, "Plan Rows": 64, "Plan Width": 50, "Plans": [{"Node Type": "Streaming(type: BROADCAST dop: 16/1)", "Parent Relationship": "Outer", "Startup Cost": 95822.12, "Total Cost": 111249.49, "Plan Rows": 64, "Plan Width": 50, "Plans": [{"Node Type": "Merge Join", "Parent Relationship": "Outer", "Join Type": "Inner", "Startup Cost": 95822.12, "Total Cost": 96248.11, "Plan Rows": 4, "Plan Width": 50, "Inner Unique": true, "Merge Cond": "(mc.company_id = cn.id)", "Plans": [{"Node Type": "Sort", "Parent Relationship": "Outer", "Startup Cost": 82944.07, "Total Cost": 82944.09, "Plan Rows": 8, "Plan Width": 54, "Sort Key": ["mc.company_id"], "Plans": [{"Node Type": "Nested Loop", "Parent Relationship": "Outer", "Join Type": "Inner", "Startup Cost": 0.0, "Total Cost": 82943.95, "Plan Rows": 8, "Plan Width": 54, "Inner Unique": true, "Join Filter": "(mc.company_type_id = ct.id)", "Plans": [{"Node Type": "Streaming(type: LOCAL GATHER dop: 1/16)", "Parent Relationship": "Outer", "Startup Cost": 0.0, "Total Cost": 82942.51, "Plan Rows": 9, "Plan Width": 58, "Plans": [{"Node Type": "Nested Loop", "Parent Relationship": "Outer", "Join Type": "Inner", "Startup Cost": 0.0, "Total Cost": 82942.32, "Plan Rows": 9, "Plan Width": 58, "Inner Unique": false, "Join Filter": "(mi.movie_id = mc.movie_id)", "Plans": [{"Node Type": "Seq Scan", "Parent Relationship": "Outer", "Relation Name": "movie_companies", "Alias": "mc", "Startup Cost": 0.0, "Total Cost": 17613.58, "Plan Rows": 2609128, "Plan Width": 12}, {"Node Type": "Materialize", "Parent Relationship": "Inner", "Startup Cost": 0.0, "Total Cost": 55544.52, "Plan Rows": 64, "Plan Width": 46, "Plans": [{"Node Type": "Streaming(type: BROADCAST dop: 16/1)", "Parent Relationship": "Outer", "Startup Cost": 0.0, "Total Cost": 55544.5, "Plan Rows": 64, "Plan Width": 46, "Plans": [{"Node Type": "Nested Loop", "Parent Relationship": "Outer", "Join Type": "Inner", "Startup Cost": 0.0, "Total Cost": 40543.12, "Plan Rows": 4, "Plan Width": 46, "Inner Unique": false, "Join Filter": "(it1.id = mi.info_type_id)", "Plans": [{"Node Type": "Seq Scan", "Parent Relationship": "Outer", "Relation Name": "info_type", "Alias": "it1", "Startup Cost": 0.0, "Total Cost": 2.4, "Plan Rows": 1, "Plan Width": 4, "Filter": "((info)::text = 'release dates'::text)"}, {"Node Type": "Materialize", "Parent Relationship": "Inner", "Startup Cost": 0.0, "Total Cost": 40538.17, "Plan Rows": 255, "Plan Width": 50, "Plans": [{"Node Type": "Streaming(type: LOCAL GATHER dop: 1/16)", "Parent Relationship": "Outer", "Startup Cost": 0.0, "Total Cost": 40537.53, "Plan Rows": 255, "Plan Width": 50, "Plans": [{"Node Type": "Seq Scan", "Parent Relationship": "Outer", "Relation Name": "movie_info", "Alias": "mi", "Startup Cost": 0.0, "Total Cost": 40532.03, "Plan Rows": 255, "Plan Width": 50, "Filter": "((info IS NOT NULL) AND ((note)::text ~~ '%internet%'::text) AND (((info)::text ~~ 'USA:% 199%'::text) OR ((info)::text ~~ 'USA:% 200%'::text)))"}]}]}]}]}]}]}]}, {"Node Type": "Materialize", "Parent Relationship": "Inner", "Startup Cost": 0.0, "Total Cost": 1.04, "Plan Rows": 3, "Plan Width": 4, "Plans": [{"Node Type": "Seq Scan", "Parent Relationship": "Outer", "Relation Name": "company_type", "Alias": "ct", "Startup Cost": 0.0, "Total Cost": 1.03, "Plan Rows": 3, "Plan Width": 4}]}]}]}, {"Node Type": "Sort", "Parent Relationship": "Inner", "Startup Cost": 12878.05, "Total Cost": 13090.97, "Plan Rows": 85170, "Plan Width": 4, "Sort Key": ["cn.id"], "Plans": [{"Node Type": "Seq Scan", "Parent Relationship": "Outer", "Relation Name": "company_name", "Alias": "cn", "Startup Cost": 0.0, "Total Cost": 5903.45, "Plan Rows": 85170, "Plan Width": 4, "Filter": "((country_code)::text = '[us]'::text)"}]}]}]}]}]}]}]}]}]}]}]}]}]}]}]}]}]}, "Unique SQL Id": 2846462052}, "explain_analyze_plan": null}, "(16, 31)": {"explain_plan": {"Plan": {"Node Type": "Aggregate", "Strategy": "Plain", "Startup Cost": 8992370911326.05, "Total Cost": 8992370911326.06, "Plan Rows": 1, "Plan Width": 123, "Plans": [{"Node Type": "Nested Loop", "Parent Relationship": "Outer", "Join Type": "Inner", "Startup Cost": 90000000000.0, "Total Cost": 8992370911325.38, "Plan Rows": 134, "Plan Width": 59, "Inner Unique": false, "Join Filter": "(t.id = at.movie_id)", "Plans": [{"Node Type": "Index Scan", "Parent Relationship": "Outer", "Scan Direction": "Forward", "Index Name": "movie_id_aka_title", "Relation Name": "aka_title", "Alias": "at", "Startup Cost": 10000000000.0, "Total Cost": 1000001990001.13, "Plan Rows": 361471, "Plan Width": 4}, {"Node Type": "Materialize", "Parent Relationship": "Inner", "Startup Cost": 80000000000.0, "Total Cost": 7992368492981.31, "Plan Rows": 79, "Plan Width": 75, "Plans": [{"Node Type": "Nested Loop", "Parent Relationship": "Outer", "Join Type": "Inner", "Startup Cost": 80000000000.0, "Total Cost": 7992368492980.92, "Plan Rows": 79, "Plan Width": 75, "Inner Unique": true, "Join Filter": "(mk.keyword_id = k.id)", "Plans": [{"Node Type": "Nested Loop", "Parent Relationship": "Outer", "Join Type": "Inner", "Startup Cost": 70000000000.0, "Total Cost": 6992368048925.79, "Plan Rows": 79, "Plan Width": 79, "Inner Unique": true, "Join Filter": "(mi.info_type_id = it1.id)", "Plans": [{"Node Type": "Merge Join", "Parent Relationship": "Outer", "Join Type": "Inner", "Startup Cost": 60000000000.0, "Total Cost": 5992368047427.65, "Plan Rows": 5143, "Plan Width": 83, "Inner Unique": false, "Merge Cond": "(t.id = mk.movie_id)", "Plans": [{"Node Type": "Nested Loop", "Parent Relationship": "Outer", "Join Type": "Inner", "Startup Cost": 50000000000.0, "Total Cost": 5000148244505.78, "Plan Rows": 635, "Plan Width": 75, "Inner Unique": true, "Join Filter": "(mc.company_type_id = ct.id)", "Plans": [{"Node Type": "Nested Loop", "Parent Relationship": "Outer", "Join Type": "Inner", "Startup Cost": 40000000000.0, "Total Cost": 4000148243247.7, "Plan Rows": 635, "Plan Width": 79, "Inner Unique": true, "Join Filter": "(mc.company_id = cn.id)", "Plans": [{"Node Type": "Merge Join", "Parent Relationship": "Outer", "Join Type": "Inner", "Startup Cost": 30000000000.0, "Total Cost": 3000146228345.55, "Plan Rows": 755, "Plan Width": 83, "Inner Unique": false, "Merge Cond": "(t.id = mc.movie_id)", "Plans": [{"Node Type": "Nested Loop", "Parent Relationship": "Outer", "Join Type": "Inner", "Startup Cost": 20000000000.0, "Total Cost": 2000133169868.42, "Plan Rows": 353, "Plan Width": 71, "Inner Unique": false, "Join Filter": "(mi.movie_id = t.id)", "Plans": [{"Node Type": "Index Scan", "Parent Relationship": "Outer", "Scan Direction": "Forward", "Index Name": "title_pkey", "Relation Name": "title", "Alias": "t", "Startup Cost": 10000000000.0, "Total Cost": 1000011644126.66, "Plan Rows": 1748840, "Plan Width": 21, "Filter": "(production_year > 1990), (LLVM Optimized)"}, {"Node Type": "Materialize", "Parent Relationship": "Inner", "Startup Cost": 10000000000.0, "Total Cost": 1000114836429.39, "Plan Rows": 255, "Plan Width": 50, "Plans": [{"Node Type": "Index Scan", "Parent Relationship": "Outer", "Scan Direction": "Forward", "Index Name": "info_type_id_movie_info", "Relation Name": "movie_info", "Alias": "mi", "Startup Cost": 10000000000.0, "Total Cost": 1000114836428.12, "Plan Rows": 255, "Plan Width": 50, "Filter": "((info IS NOT NULL) AND ((note)::text ~~ '%internet%'::text) AND (((info)::text ~~ 'USA:% 199%'::text) OR ((info)::text ~~ 'USA:% 200%'::text)))"}]}]}, {"Node Type": "Index Scan", "Parent Relationship": "Inner", "Scan Direction": "Forward", "Index Name": "movie_id_movie_companies", "Relation Name": "movie_companies", "Alias": "mc", "Startup Cost": 10000000000.0, "Total Cost": 1000013051946.13, "Plan Rows": 2609128, "Plan Width": 12}]}, {"Node Type": "Materialize", "Parent Relationship": "Inner", "Startup Cost": 10000000000.0, "Total Cost": 1000001050564.82, "Plan Rows": 85170, "Plan Width": 4, "Plans": [{"Node Type": "Index Scan", "Parent Relationship": "Outer", "Scan Direction": "Forward", "Index Name": "company_name_pkey", "Relation Name": "company_name", "Alias": "cn", "Startup Cost": 10000000000.0, "Total Cost": 1000001050138.97, "Plan Rows": 85170, "Plan Width": 4, "Filter": "((country_code)::text = '[us]'::text)"}]}]}, {"Node Type": "Materialize", "Parent Relationship": "Inner", "Startup Cost": 10000000000.0, "Total Cost": 1000000001229.52, "Plan Rows": 3, "Plan Width": 4, "Plans": [{"Node Type": "Index Scan", "Parent Relationship": "Outer", "Scan Direction": "Forward", "Index Name": "company_type_pkey", "Relation Name": "company_type", "Alias": "ct", "Startup Cost": 10000000000.0, "Total Cost": 1000000001229.5, "Plan Rows": 3, "Plan Width": 4}]}]}, {"Node Type": "Index Scan", "Parent Relationship": "Inner", "Scan Direction": "Forward", "Index Name": "movie_id_movie_keyword", "Relation Name": "movie_keyword", "Alias": "mk", "Startup Cost": 10000000000.0, "Total Cost": 1000015300634.17, "Plan Rows": 4523929, "Plan Width": 8}]}, {"Node Type": "Materialize", "Parent Relationship": "Inner", "Startup Cost": 10000000000.0, "Total Cost": 1000000001421.0, "Plan Rows": 1, "Plan Width": 4, "Plans": [{"Node Type": "Index Scan", "Parent Relationship": "Outer", "Scan Direction": "Forward", "Index Name": "info_type_pkey", "Relation Name": "info_type", "Alias": "it1", "Startup Cost": 10000000000.0, "Total Cost": 1000000001421.0, "Plan Rows": 1, "Plan Width": 4, "Filter": "((info)::text = 'release dates'::text)"}]}]}, {"Node Type": "Materialize", "Parent Relationship": "Inner", "Startup Cost": 10000000000.0, "Total Cost": 1000000285400.28, "Plan Rows": 134169, "Plan Width": 4, "Plans": [{"Node Type": "Index Scan", "Parent Relationship": "Outer", "Scan Direction": "Forward", "Index Name": "keyword_pkey", "Relation Name": "keyword", "Alias": "k", "Startup Cost": 10000000000.0, "Total Cost": 1000000284729.43, "Plan Rows": 134169, "Plan Width": 4}]}]}]}]}]}, "Unique SQL Id": 2846462052}, "explain_analyze_plan": null}, "(16, 32)": {"explain_plan": {"Plan": {"Node Type": "Aggregate", "Strategy": "Plain", "Startup Cost": 40623.14, "Total Cost": 40623.15, "Plan Rows": 1, "Plan Width": 123, "Plans": [{"Node Type": "Nested Loop", "Parent Relationship": "Outer", "Join Type": "Inner", "Startup Cost": 0.0, "Total Cost": 40622.48, "Plan Rows": 132, "Plan Width": 59, "Inner Unique": true, "Plans": [{"Node Type": "Nested Loop", "Parent Relationship": "Outer", "Join Type": "Inner", "Startup Cost": 0.0, "Total Cost": 40584.96, "Plan Rows": 134, "Plan Width": 63, "Inner Unique": false, "Join Filter": "(t.id = mk.movie_id)", "Plans": [{"Node Type": "Nested Loop", "Parent Relationship": "Outer", "Join Type": "Inner", "Startup Cost": 0.0, "Total Cost": 40575.4, "Plan Rows": 17, "Plan Width": 75, "Inner Unique": true, "Join Filter": "(at.movie_id = t.id)", "Plans": [{"Node Type": "Nested Loop", "Parent Relationship": "Outer", "Join Type": "Inner", "Startup Cost": 0.0, "Total Cost": 40571.17, "Plan Rows": 12, "Plan Width": 54, "Inner Unique": true, "Join Filter": "(mc.company_type_id = ct.id)", "Plans": [{"Node Type": "Nested Loop", "Parent Relationship": "Outer", "Join Type": "Inner", "Startup Cost": 0.0, "Total Cost": 40569.59, "Plan Rows": 12, "Plan Width": 58, "Inner Unique": true, "Plans": [{"Node Type": "Nested Loop", "Parent Relationship": "Outer", "Join Type": "Inner", "Startup Cost": 0.0, "Total Cost": 40563.84, "Plan Rows": 20, "Plan Width": 62, "Inner Unique": false, "Plans": [{"Node Type": "Nested Loop", "Parent Relationship": "Outer", "Join Type": "Inner", "Startup Cost": 0.0, "Total Cost": 40558.53, "Plan Rows": 9, "Plan Width": 50, "Inner Unique": false, "Plans": [{"Node Type": "Nested Loop", "Parent Relationship": "Outer", "Join Type": "Inner", "Startup Cost": 0.0, "Total Cost": 40543.12, "Plan Rows": 4, "Plan Width": 46, "Inner Unique": false, "Join Filter": "(it1.id = mi.info_type_id)", "Plans": [{"Node Type": "Seq Scan", "Parent Relationship": "Outer", "Relation Name": "info_type", "Alias": "it1", "Startup Cost": 0.0, "Total Cost": 2.4, "Plan Rows": 1, "Plan Width": 4, "Filter": "((info)::text = 'release dates'::text)"}, {"Node Type": "Materialize", "Parent Relationship": "Inner", "Startup Cost": 0.0, "Total Cost": 40538.17, "Plan Rows": 255, "Plan Width": 50, "Plans": [{"Node Type": "Streaming(type: LOCAL GATHER dop: 1/16)", "Parent Relationship": "Outer", "Startup Cost": 0.0, "Total Cost": 40537.53, "Plan Rows": 255, "Plan Width": 50, "Plans": [{"Node Type": "Seq Scan", "Parent Relationship": "Outer", "Relation Name": "movie_info", "Alias": "mi", "Startup Cost": 0.0, "Total Cost": 40532.03, "Plan Rows": 255, "Plan Width": 50, "Filter": "((info IS NOT NULL) AND ((note)::text ~~ '%internet%'::text) AND (((info)::text ~~ 'USA:% 199%'::text) OR ((info)::text ~~ 'USA:% 200%'::text)))"}]}]}]}, {"Node Type": "Index Only Scan", "Parent Relationship": "Inner", "Scan Direction": "Forward", "Index Name": "movie_id_aka_title", "Relation Name": "aka_title", "Alias": "at", "Startup Cost": 0.0, "Total Cost": 3.82, "Plan Rows": 3, "Plan Width": 4, "Index Cond": "(movie_id = mi.movie_id)"}]}, {"Node Type": "Index Scan", "Parent Relationship": "Inner", "Scan Direction": "Forward", "Index Name": "movie_id_movie_companies", "Relation Name": "movie_companies", "Alias": "mc", "Startup Cost": 0.0, "Total Cost": 0.57, "Plan Rows": 2, "Plan Width": 12, "Index Cond": "(movie_id = at.movie_id)"}]}, {"Node Type": "Index Scan", "Parent Relationship": "Inner", "Scan Direction": "Forward", "Index Name": "company_name_pkey", "Relation Name": "company_name", "Alias": "cn", "Startup Cost": 0.0, "Total Cost": 0.28, "Plan Rows": 1, "Plan Width": 4, "Index Cond": "(id = mc.company_id)", "Filter": "((country_code)::text = '[us]'::text)"}]}, {"Node Type": "Materialize", "Parent Relationship": "Inner", "Startup Cost": 0.0, "Total Cost": 1.04, "Plan Rows": 3, "Plan Width": 4, "Plans": [{"Node Type": "Seq Scan", "Parent Relationship": "Outer", "Relation Name": "company_type", "Alias": "ct", "Startup Cost": 0.0, "Total Cost": 1.03, "Plan Rows": 3, "Plan Width": 4}]}]}, {"Node Type": "Index Scan", "Parent Relationship": "Inner", "Scan Direction": "Forward", "Index Name": "title_pkey", "Relation Name": "title", "Alias": "t", "Startup Cost": 0.0, "Total Cost": 0.34, "Plan Rows": 1, "Plan Width": 21, "Index Cond": "(id = mc.movie_id)", "Filter": "(production_year > 1990)"}]}, {"Node Type": "Index Scan", "Parent Relationship": "Inner", "Scan Direction": "Forward", "Index Name": "movie_id_movie_keyword", "Relation Name": "movie_keyword", "Alias": "mk", "Startup Cost": 0.0, "Total Cost": 0.46, "Plan Rows": 8, "Plan Width": 8, "Index Cond": "(movie_id = mc.movie_id)"}]}, {"Node Type": "Index Only Scan", "Parent Relationship": "Inner", "Scan Direction": "Forward", "Index Name": "keyword_pkey", "Relation Name": "keyword", "Alias": "k", "Startup Cost": 0.0, "Total Cost": 0.27, "Plan Rows": 1, "Plan Width": 4, "Index Cond": "(id = mk.keyword_id)"}]}]}, "Unique SQL Id": 2846462052}, "explain_analyze_plan": {"Plan": {"Node Type": "Aggregate", "Strategy": "Plain", "Startup Cost": 40623.14, "Total Cost": 40623.15, "Plan Rows": 1, "Plan Width": 123, "Actual Min Startup Time": 338.027, "Actual Max Startup Time": 338.027, "Actual Min Total Time": 338.027, "Actual Max Total Time": 338.027, "Actual Total Rows": 1, "Plans": [{"Node Type": "Nested Loop", "Parent Relationship": "Outer", "Join Type": "Inner", "Startup Cost": 0.0, "Total Cost": 40622.48, "Plan Rows": 132, "Plan Width": 59, "Actual Min Startup Time": 321.241, "Actual Max Startup Time": 321.241, "Actual Min Total Time": 337.236, "Actual Max Total Time": 337.236, "Actual Total Rows": 1140, "Inner Unique": true, "Plans": [{"Node Type": "Nested Loop", "Parent Relationship": "Outer", "Join Type": "Inner", "Startup Cost": 0.0, "Total Cost": 40584.96, "Plan Rows": 134, "Plan Width": 63, "Actual Min Startup Time": 321.229, "Actual Max Startup Time": 321.229, "Actual Min Total Time": 333.543, "Actual Max Total Time": 333.543, "Actual Total Rows": 1140, "Inner Unique": false, "Join Filter": "(t.id = mk.movie_id)", "Rows Removed by Join Filter": 0, "Plans": [{"Node Type": "Nested Loop", "Parent Relationship": "Outer", "Join Type": "Inner", "Startup Cost": 0.0, "Total Cost": 40575.4, "Plan Rows": 17, "Plan Width": 75, "Actual Min Startup Time": 321.211, "Actual Max Startup Time": 321.211, "Actual Min Total Time": 331.835, "Actual Max Total Time": 331.835, "Actual Total Rows": 119, "Inner Unique": true, "Join Filter": "(at.movie_id = t.id)", "Rows Removed by Join Filter": 0, "Plans": [{"Node Type": "Nested Loop", "Parent Relationship": "Outer", "Join Type": "Inner", "Startup Cost": 0.0, "Total Cost": 40571.17, "Plan Rows": 12, "Plan Width": 54, "Actual Min Startup Time": 321.193, "Actual Max Startup Time": 321.193, "Actual Min Total Time": 331.067, "Actual Max Total Time": 331.067, "Actual Total Rows": 119, "Inner Unique": true, "Join Filter": "(mc.company_type_id = ct.id)", "Rows Removed by Join Filter": 495, "Plans": [{"Node Type": "Nested Loop", "Parent Relationship": "Outer", "Join Type": "Inner", "Startup Cost": 0.0, "Total Cost": 40569.59, "Plan Rows": 12, "Plan Width": 58, "Actual Min Startup Time": 321.163, "Actual Max Startup Time": 321.163, "Actual Min Total Time": 330.753, "Actual Max Total Time": 330.753, "Actual Total Rows": 284, "Inner Unique": true, "Plans": [{"Node Type": "Nested Loop", "Parent Relationship": "Outer", "Join Type": "Inner", "Startup Cost": 0.0, "Total Cost": 40563.84, "Plan Rows": 20, "Plan Width": 62, "Actual Min Startup Time": 321.145, "Actual Max Startup Time": 321.145, "Actual Min Total Time": 328.756, "Actual Max Total Time": 328.756, "Actual Total Rows": 400, "Inner Unique": false, "Plans": [{"Node Type": "Nested Loop", "Parent Relationship": "Outer", "Join Type": "Inner", "Startup Cost": 0.0, "Total Cost": 40558.53, "Plan Rows": 9, "Plan Width": 50, "Actual Min Startup Time": 321.126, "Actual Max Startup Time": 321.126, "Actual Min Total Time": 327.656, "Actual Max Total Time": 327.656, "Actual Total Rows": 120, "Inner Unique": false, "Plans": [{"Node Type": "Nested Loop", "Parent Relationship": "Outer", "Join Type": "Inner", "Startup Cost": 0.0, "Total Cost": 40543.12, "Plan Rows": 4, "Plan Width": 46, "Actual Min Startup Time": 320.978, "Actual Max Startup Time": 320.978, "Actual Min Total Time": 321.981, "Actual Max Total Time": 321.981, "Actual Total Rows": 1783, "Inner Unique": false, "Join Filter": "(it1.id = mi.info_type_id)", "Rows Removed by Join Filter": 0, "Plans": [{"Node Type": "Seq Scan", "Parent Relationship": "Outer", "Relation Name": "info_type", "Alias": "it1", "Startup Cost": 0.0, "Total Cost": 2.4, "Plan Rows": 1, "Plan Width": 4, "Actual Min Startup Time": 0.075, "Actual Max Startup Time": 0.075, "Actual Min Total Time": 0.1, "Actual Max Total Time": 0.1, "Actual Total Rows": 1, "Filter": "((info)::text = 'release dates'::text)", "Rows Removed by Filter": 111}, {"Node Type": "Materialize", "Parent Relationship": "Inner", "Startup Cost": 0.0, "Total Cost": 40538.17, "Plan Rows": 255, "Plan Width": 50, "Actual Min Startup Time": 320.878, "Actual Max Startup Time": 320.878, "Actual Min Total Time": 321.139, "Actual Max Total Time": 321.139, "Actual Total Rows": 1784, "Plans": [{"Node Type": "Streaming(type: LOCAL GATHER dop: 1/16)", "Parent Relationship": "Outer", "Startup Cost": 0.0, "Total Cost": 40537.53, "Plan Rows": 255, "Plan Width": 50, "Actual Min Startup Time": 146.786, "Actual Max Startup Time": 146.786, "Actual Min Total Time": 320.518, "Actual Max Total Time": 320.518, "Actual Total Rows": 1783, "Plans": [{"Node Type": "Seq Scan", "Parent Relationship": "Outer", "Relation Name": "movie_info", "Alias": "mi", "Startup Cost": 0.0, "Total Cost": 40532.03, "Plan Rows": 255, "Plan Width": 50, "Actual Min Startup Time": 80.895, "Actual Max Startup Time": 89.081, "Actual Min Total Time": 294.93, "Actual Max Total Time": 303.802, "Actual Total Rows": 1783, "Filter": "((info IS NOT NULL) AND ((note)::text ~~ '%internet%'::text) AND (((info)::text ~~ 'USA:% 199%'::text) OR ((info)::text ~~ 'USA:% 200%'::text)))", "Rows Removed by Filter": 14833936}]}]}]}, {"Node Type": "Index Only Scan", "Parent Relationship": "Inner", "Scan Direction": "Forward", "Index Name": "movie_id_aka_title", "Relation Name": "aka_title", "Alias": "at", "Startup Cost": 0.0, "Total Cost": 3.82, "Plan Rows": 3, "Plan Width": 4, "Actual Min Startup Time": 4.798, "Actual Max Startup Time": 4.798, "Actual Min Total Time": 4.847, "Actual Max Total Time": 4.847, "Actual Total Rows": 120, "Index Cond": "(movie_id = mi.movie_id)", "Rows Removed by Index Recheck": 0, "Heap Fetches": 0}]}, {"Node Type": "Index Scan", "Parent Relationship": "Inner", "Scan Direction": "Forward", "Index Name": "movie_id_movie_companies", "Relation Name": "movie_companies", "Alias": "mc", "Startup Cost": 0.0, "Total Cost": 0.57, "Plan Rows": 2, "Plan Width": 12, "Actual Min Startup Time": 0.655, "Actual Max Startup Time": 0.655, "Actual Min Total Time": 0.923, "Actual Max Total Time": 0.923, "Actual Total Rows": 400, "Index Cond": "(movie_id = at.movie_id)", "Rows Removed by Index Recheck": 0}]}, {"Node Type": "Index Scan", "Parent Relationship": "Inner", "Scan Direction": "Forward", "Index Name": "company_name_pkey", "Relation Name": "company_name", "Alias": "cn", "Startup Cost": 0.0, "Total Cost": 0.28, "Plan Rows": 1, "Plan Width": 4, "Actual Min Startup Time": 1.69, "Actual Max Startup Time": 1.69, "Actual Min Total Time": 1.69, "Actual Max Total Time": 1.69, "Actual Total Rows": 284, "Index Cond": "(id = mc.company_id)", "Rows Removed by Index Recheck": 0, "Filter": "((country_code)::text = '[us]'::text)", "Rows Removed by Filter": 116}]}, {"Node Type": "Materialize", "Parent Relationship": "Inner", "Startup Cost": 0.0, "Total Cost": 1.04, "Plan Rows": 3, "Plan Width": 4, "Actual Min Startup Time": 0.051, "Actual Max Startup Time": 0.051, "Actual Min Total Time": 0.097, "Actual Max Total Time": 0.097, "Actual Total Rows": 614, "Plans": [{"Node Type": "Seq Scan", "Parent Relationship": "Outer", "Relation Name": "company_type", "Alias": "ct", "Startup Cost": 0.0, "Total Cost": 1.03, "Plan Rows": 3, "Plan Width": 4, "Actual Min Startup Time": 0.006, "Actual Max Startup Time": 0.006, "Actual Min Total Time": 0.008, "Actual Max Total Time": 0.008, "Actual Total Rows": 3}]}]}, {"Node Type": "Index Scan", "Parent Relationship": "Inner", "Scan Direction": "Forward", "Index Name": "title_pkey", "Relation Name": "title", "Alias": "t", "Startup Cost": 0.0, "Total Cost": 0.34, "Plan Rows": 1, "Plan Width": 21, "Actual Min Startup Time": 0.629, "Actual Max Startup Time": 0.629, "Actual Min Total Time": 0.629, "Actual Max Total Time": 0.629, "Actual Total Rows": 119, "Index Cond": "(id = mc.movie_id)", "Rows Removed by Index Recheck": 0, "Filter": "(production_year > 1990)", "Rows Removed by Filter": 0}]}, {"Node Type": "Index Scan", "Parent Relationship": "Inner", "Scan Direction": "Forward", "Index Name": "movie_id_movie_keyword", "Relation Name": "movie_keyword", "Alias": "mk", "Startup Cost": 0.0, "Total Cost": 0.46, "Plan Rows": 8, "Plan Width": 8, "Actual Min Startup Time": 0.625, "Actual Max Startup Time": 0.625, "Actual Min Total Time": 1.187, "Actual Max Total Time": 1.187, "Actual Total Rows": 1140, "Index Cond": "(movie_id = mc.movie_id)", "Rows Removed by Index Recheck": 0}]}, {"Node Type": "Index Only Scan", "Parent Relationship": "Inner", "Scan Direction": "Forward", "Index Name": "keyword_pkey", "Relation Name": "keyword", "Alias": "k", "Startup Cost": 0.0, "Total Cost": 0.27, "Plan Rows": 1, "Plan Width": 4, "Actual Min Startup Time": 2.936, "Actual Max Startup Time": 2.936, "Actual Min Total Time": 2.936, "Actual Max Total Time": 2.936, "Actual Total Rows": 1140, "Index Cond": "(id = mk.keyword_id)", "Rows Removed by Index Recheck": 0, "Heap Fetches": 0}]}]}, "Triggers": [], "Planner Runtime": 248.606, "Total Runtime": 341.167, "Unique SQL Id": 2846462052}}, "(16, 33)": {"explain_plan": {"Plan": {"Node Type": "Aggregate", "Strategy": "Plain", "Startup Cost": 165037.91, "Total Cost": 165037.92, "Plan Rows": 1, "Plan Width": 123, "Plans": [{"Node Type": "Nested Loop", "Parent Relationship": "Outer", "Join Type": "Inner", "Startup Cost": 4841.46, "Total Cost": 165037.25, "Plan Rows": 132, "Plan Width": 59, "Inner Unique": true, "Plans": [{"Node Type": "Nested Loop", "Parent Relationship": "Outer", "Join Type": "Inner", "Startup Cost": 4841.46, "Total Cost": 164999.73, "Plan Rows": 134, "Plan Width": 63, "Inner Unique": false, "Join Filter": "(t.id = mk.movie_id)", "Plans": [{"Node Type": "Nested Loop", "Parent Relationship": "Outer", "Join Type": "Inner", "Startup Cost": 4841.46, "Total Cost": 164990.17, "Plan Rows": 17, "Plan Width": 75, "Inner Unique": true, "Join Filter": "(at.movie_id = t.id)", "Plans": [{"Node Type": "Nested Loop", "Parent Relationship": "Outer", "Join Type": "Inner", "Startup Cost": 4841.46, "Total Cost": 164985.94, "Plan Rows": 12, "Plan Width": 54, "Inner Unique": true, "Plans": [{"Node Type": "Nested Loop", "Parent Relationship": "Outer", "Join Type": "Inner", "Startup Cost": 4841.46, "Total Cost": 164982.58, "Plan Rows": 12, "Plan Width": 58, "Inner Unique": true, "Plans": [{"Node Type": "Nested Loop", "Parent Relationship": "Outer", "Join Type": "Inner", "Startup Cost": 4841.46, "Total Cost": 164976.83, "Plan Rows": 20, "Plan Width": 62, "Inner Unique": false, "Plans": [{"Node Type": "Nested Loop", "Parent Relationship": "Outer", "Join Type": "Inner", "Startup Cost": 4841.46, "Total Cost": 164971.52, "Plan Rows": 9, "Plan Width": 50, "Inner Unique": false, "Plans": [{"Node Type": "Nested Loop", "Parent Relationship": "Outer", "Join Type": "Inner", "Startup Cost": 4841.46, "Total Cost": 164956.1, "Plan Rows": 4, "Plan Width": 46, "Inner Unique": false, "Plans": [{"Node Type": "Index Scan", "Parent Relationship": "Outer", "Scan Direction": "Forward", "Index Name": "info_type_pkey", "Relation Name": "info_type", "Alias": "it1", "Startup Cost": 0.0, "Total Cost": 14.21, "Plan Rows": 1, "Plan Width": 4, "Filter": "((info)::text = 'release dates'::text)"}, {"Node Type": "Bitmap Heap Scan", "Parent Relationship": "Inner", "Relation Name": "movie_info", "Alias": "mi", "Startup Cost": 4841.46, "Total Cost": 164941.85, "Plan Rows": 4, "Plan Width": 50, "Recheck Cond": "(info_type_id = it1.id)", "Filter": "((info IS NOT NULL) AND ((note)::text ~~ '%internet%'::text) AND (((info)::text ~~ 'USA:% 199%'::text) OR ((info)::text ~~ 'USA:% 200%'::text)))", "Plans": [{"Node Type": "Bitmap Index Scan", "Parent Relationship": "Outer", "Index Name": "info_type_id_movie_info", "Startup Cost": 0.0, "Total Cost": 4841.46, "Plan Rows": 212428, "Plan Width": 0, "Index Cond": "(info_type_id = it1.id)"}]}]}, {"Node Type": "Index Only Scan", "Parent Relationship": "Inner", "Scan Direction": "Forward", "Index Name": "movie_id_aka_title", "Relation Name": "aka_title", "Alias": "at", "Startup Cost": 0.0, "Total Cost": 3.82, "Plan Rows": 3, "Plan Width": 4, "Index Cond": "(movie_id = mi.movie_id)"}]}, {"Node Type": "Index Scan", "Parent Relationship": "Inner", "Scan Direction": "Forward", "Index Name": "movie_id_movie_companies", "Relation Name": "movie_companies", "Alias": "mc", "Startup Cost": 0.0, "Total Cost": 0.57, "Plan Rows": 2, "Plan Width": 12, "Index Cond": "(movie_id = at.movie_id)"}]}, {"Node Type": "Index Scan", "Parent Relationship": "Inner", "Scan Direction": "Forward", "Index Name": "company_name_pkey", "Relation Name": "company_name", "Alias": "cn", "Startup Cost": 0.0, "Total Cost": 0.28, "Plan Rows": 1, "Plan Width": 4, "Index Cond": "(id = mc.company_id)", "Filter": "((country_code)::text = '[us]'::text)"}]}, {"Node Type": "Index Only Scan", "Parent Relationship": "Inner", "Scan Direction": "Forward", "Index Name": "company_type_pkey", "Relation Name": "company_type", "Alias": "ct", "Startup Cost": 0.0, "Total Cost": 0.27, "Plan Rows": 1, "Plan Width": 4, "Index Cond": "(id = mc.company_type_id)"}]}, {"Node Type": "Index Scan", "Parent Relationship": "Inner", "Scan Direction": "Forward", "Index Name": "title_pkey", "Relation Name": "title", "Alias": "t", "Startup Cost": 0.0, "Total Cost": 0.34, "Plan Rows": 1, "Plan Width": 21, "Index Cond": "(id = mc.movie_id)", "Filter": "(production_year > 1990)"}]}, {"Node Type": "Index Scan", "Parent Relationship": "Inner", "Scan Direction": "Forward", "Index Name": "movie_id_movie_keyword", "Relation Name": "movie_keyword", "Alias": "mk", "Startup Cost": 0.0, "Total Cost": 0.46, "Plan Rows": 8, "Plan Width": 8, "Index Cond": "(movie_id = mc.movie_id)"}]}, {"Node Type": "Index Only Scan", "Parent Relationship": "Inner", "Scan Direction": "Forward", "Index Name": "keyword_pkey", "Relation Name": "keyword", "Alias": "k", "Startup Cost": 0.0, "Total Cost": 0.27, "Plan Rows": 1, "Plan Width": 4, "Index Cond": "(id = mk.keyword_id)"}]}]}, "Unique SQL Id": 2846462052}, "explain_analyze_plan": null}, "(16, 34)": {"explain_plan": {"Plan": {"Node Type": "Aggregate", "Strategy": "Plain", "Startup Cost": 41610.92, "Total Cost": 41610.93, "Plan Rows": 1, "Plan Width": 123, "Plans": [{"Node Type": "Nested Loop", "Parent Relationship": "Outer", "Join Type": "Inner", "Startup Cost": 5.28, "Total Cost": 41610.26, "Plan Rows": 132, "Plan Width": 59, "Inner Unique": true, "Join Filter": "(at.movie_id = t.id)", "Plans": [{"Node Type": "Nested Loop", "Parent Relationship": "Outer", "Join Type": "Inner", "Startup Cost": 5.01, "Total Cost": 41202.38, "Plan Rows": 95, "Plan Width": 58, "Inner Unique": true, "Plans": [{"Node Type": "Nested Loop", "Parent Relationship": "Outer", "Join Type": "Inner", "Startup Cost": 4.75, "Total Cost": 40787.2, "Plan Rows": 97, "Plan Width": 62, "Inner Unique": false, "Join Filter": "(at.movie_id = mk.movie_id)", "Plans": [{"Node Type": "Nested Loop", "Parent Relationship": "Outer", "Join Type": "Inner", "Startup Cost": 4.42, "Total Cost": 40732.74, "Plan Rows": 12, "Plan Width": 54, "Inner Unique": true, "Join Filter": "(mc.company_type_id = ct.id)", "Plans": [{"Node Type": "Nested Loop", "Parent Relationship": "Outer", "Join Type": "Inner", "Startup Cost": 4.42, "Total Cost": 40731.16, "Plan Rows": 12, "Plan Width": 58, "Inner Unique": true, "Plans": [{"Node Type": "Nested Loop", "Parent Relationship": "Outer", "Join Type": "Inner", "Startup Cost": 4.16, "Total Cost": 40645.5, "Plan Rows": 20, "Plan Width": 62, "Inner Unique": false, "Plans": [{"Node Type": "Nested Loop", "Parent Relationship": "Outer", "Join Type": "Inner", "Startup Cost": 3.79, "Total Cost": 40605.75, "Plan Rows": 9, "Plan Width": 50, "Inner Unique": false, "Plans": [{"Node Type": "Nested Loop", "Parent Relationship": "Outer", "Join Type": "Inner", "Startup Cost": 0.0, "Total Cost": 40543.12, "Plan Rows": 4, "Plan Width": 46, "Inner Unique": false, "Join Filter": "(it1.id = mi.info_type_id)", "Plans": [{"Node Type": "Seq Scan", "Parent Relationship": "Outer", "Relation Name": "info_type", "Alias": "it1", "Startup Cost": 0.0, "Total Cost": 2.4, "Plan Rows": 1, "Plan Width": 4, "Filter": "((info)::text = 'release dates'::text)"}, {"Node Type": "Materialize", "Parent Relationship": "Inner", "Startup Cost": 0.0, "Total Cost": 40538.17, "Plan Rows": 255, "Plan Width": 50, "Plans": [{"Node Type": "Streaming(type: LOCAL GATHER dop: 1/16)", "Parent Relationship": "Outer", "Startup Cost": 0.0, "Total Cost": 40537.53, "Plan Rows": 255, "Plan Width": 50, "Plans": [{"Node Type": "Seq Scan", "Parent Relationship": "Outer", "Relation Name": "movie_info", "Alias": "mi", "Startup Cost": 0.0, "Total Cost": 40532.03, "Plan Rows": 255, "Plan Width": 50, "Filter": "((info IS NOT NULL) AND ((note)::text ~~ '%internet%'::text) AND (((info)::text ~~ 'USA:% 199%'::text) OR ((info)::text ~~ 'USA:% 200%'::text)))"}]}]}]}, {"Node Type": "Bitmap Heap Scan", "Parent Relationship": "Inner", "Relation Name": "aka_title", "Alias": "at", "Startup Cost": 3.79, "Total Cost": 15.63, "Plan Rows": 3, "Plan Width": 4, "Recheck Cond": "(movie_id = mi.movie_id)", "Plans": [{"Node Type": "Bitmap Index Scan", "Parent Relationship": "Outer", "Index Name": "movie_id_aka_title", "Startup Cost": 0.0, "Total Cost": 3.79, "Plan Rows": 3, "Plan Width": 0, "Index Cond": "(movie_id = mi.movie_id)"}]}]}, {"Node Type": "Bitmap Heap Scan", "Parent Relationship": "Inner", "Relation Name": "movie_companies", "Alias": "mc", "Startup Cost": 0.37, "Total Cost": 4.4, "Plan Rows": 2, "Plan Width": 12, "Recheck Cond": "(movie_id = at.movie_id)", "Plans": [{"Node Type": "Bitmap Index Scan", "Parent Relationship": "Outer", "Index Name": "movie_id_movie_companies", "Startup Cost": 0.0, "Total Cost": 0.37, "Plan Rows": 2, "Plan Width": 0, "Index Cond": "(movie_id = at.movie_id)"}]}]}, {"Node Type": "Bitmap Heap Scan", "Parent Relationship": "Inner", "Relation Name": "company_name", "Alias": "cn", "Startup Cost": 0.26, "Total Cost": 4.27, "Plan Rows": 1, "Plan Width": 4, "Recheck Cond": "(id = mc.company_id)", "Filter": "((country_code)::text = '[us]'::text)", "Plans": [{"Node Type": "Bitmap Index Scan", "Parent Relationship": "Outer", "Index Name": "company_name_pkey", "Startup Cost": 0.0, "Total Cost": 0.26, "Plan Rows": 1, "Plan Width": 0, "Index Cond": "(id = mc.company_id)"}]}]}, {"Node Type": "Materialize", "Parent Relationship": "Inner", "Startup Cost": 0.0, "Total Cost": 1.04, "Plan Rows": 3, "Plan Width": 4, "Plans": [{"Node Type": "Seq Scan", "Parent Relationship": "Outer", "Relation Name": "company_type", "Alias": "ct", "Startup Cost": 0.0, "Total Cost": 1.03, "Plan Rows": 3, "Plan Width": 4}]}]}, {"Node Type": "Bitmap Heap Scan", "Parent Relationship": "Inner", "Relation Name": "movie_keyword", "Alias": "mk", "Startup Cost": 0.34, "Total Cost": 4.44, "Plan Rows": 8, "Plan Width": 8, "Recheck Cond": "(movie_id = mc.movie_id)", "Plans": [{"Node Type": "Bitmap Index Scan", "Parent Relationship": "Outer", "Index Name": "movie_id_movie_keyword", "Startup Cost": 0.0, "Total Cost": 0.34, "Plan Rows": 8, "Plan Width": 0, "Index Cond": "(movie_id = mc.movie_id)"}]}]}, {"Node Type": "Bitmap Heap Scan", "Parent Relationship": "Inner", "Relation Name": "keyword", "Alias": "k", "Startup Cost": 0.26, "Total Cost": 4.27, "Plan Rows": 1, "Plan Width": 4, "Recheck Cond": "(id = mk.keyword_id)", "Plans": [{"Node Type": "Bitmap Index Scan", "Parent Relationship": "Outer", "Index Name": "keyword_pkey", "Startup Cost": 0.0, "Total Cost": 0.26, "Plan Rows": 1, "Plan Width": 0, "Index Cond": "(id = mk.keyword_id)"}]}]}, {"Node Type": "Bitmap Heap Scan", "Parent Relationship": "Inner", "Relation Name": "title", "Alias": "t", "Startup Cost": 0.27, "Total Cost": 4.28, "Plan Rows": 1, "Plan Width": 21, "Recheck Cond": "(id = mk.movie_id)", "Filter": "(production_year > 1990)", "Plans": [{"Node Type": "Bitmap Index Scan", "Parent Relationship": "Outer", "Index Name": "title_pkey", "Startup Cost": 0.0, "Total Cost": 0.27, "Plan Rows": 1, "Plan Width": 0, "Index Cond": "(id = mk.movie_id)"}]}]}]}, "Unique SQL Id": 2846462052}, "explain_analyze_plan": {"Plan": {"Node Type": "Aggregate", "Strategy": "Plain", "Startup Cost": 41610.92, "Total Cost": 41610.93, "Plan Rows": 1, "Plan Width": 123, "Actual Min Startup Time": 350.858, "Actual Max Startup Time": 350.858, "Actual Min Total Time": 350.859, "Actual Max Total Time": 350.859, "Actual Total Rows": 1, "Plans": [{"Node Type": "Nested Loop", "Parent Relationship": "Outer", "Join Type": "Inner", "Startup Cost": 5.28, "Total Cost": 41610.26, "Plan Rows": 132, "Plan Width": 59, "Actual Min Startup Time": 321.989, "Actual Max Startup Time": 321.989, "Actual Min Total Time": 349.883, "Actual Max Total Time": 349.883, "Actual Total Rows": 1140, "Inner Unique": true, "Join Filter": "(at.movie_id = t.id)", "Rows Removed by Join Filter": 0, "Plans": [{"Node Type": "Nested Loop", "Parent Relationship": "Outer", "Join Type": "Inner", "Startup Cost": 5.01, "Total Cost": 41202.38, "Plan Rows": 95, "Plan Width": 58, "Actual Min Startup Time": 321.96, "Actual Max Startup Time": 321.96, "Actual Min Total Time": 343.654, "Actual Max Total Time": 343.654, "Actual Total Rows": 1140, "Inner Unique": true, "Plans": [{"Node Type": "Nested Loop", "Parent Relationship": "Outer", "Join Type": "Inner", "Startup Cost": 4.75, "Total Cost": 40787.2, "Plan Rows": 97, "Plan Width": 62, "Actual Min Startup Time": 321.945, "Actual Max Startup Time": 321.945, "Actual Min Total Time": 336.998, "Actual Max Total Time": 336.998, "Actual Total Rows": 1140, "Inner Unique": false, "Join Filter": "(at.movie_id = mk.movie_id)", "Rows Removed by Join Filter": 0, "Plans": [{"Node Type": "Nested Loop", "Parent Relationship": "Outer", "Join Type": "Inner", "Startup Cost": 4.42, "Total Cost": 40732.74, "Plan Rows": 12, "Plan Width": 54, "Actual Min Startup Time": 321.92, "Actual Max Startup Time": 321.92, "Actual Min Total Time": 335.344, "Actual Max Total Time": 335.344, "Actual Total Rows": 119, "Inner Unique": true, "Join Filter": "(mc.company_type_id = ct.id)", "Rows Removed by Join Filter": 495, "Plans": [{"Node Type": "Nested Loop", "Parent Relationship": "Outer", "Join Type": "Inner", "Startup Cost": 4.42, "Total Cost": 40731.16, "Plan Rows": 12, "Plan Width": 58, "Actual Min Startup Time": 321.85, "Actual Max Startup Time": 321.85, "Actual Min Total Time": 334.996, "Actual Max Total Time": 334.996, "Actual Total Rows": 284, "Inner Unique": true, "Plans": [{"Node Type": "Nested Loop", "Parent Relationship": "Outer", "Join Type": "Inner", "Startup Cost": 4.16, "Total Cost": 40645.5, "Plan Rows": 20, "Plan Width": 62, "Actual Min Startup Time": 321.829, "Actual Max Startup Time": 321.829, "Actual Min Total Time": 332.314, "Actual Max Total Time": 332.314, "Actual Total Rows": 400, "Inner Unique": false, "Plans": [{"Node Type": "Nested Loop", "Parent Relationship": "Outer", "Join Type": "Inner", "Startup Cost": 3.79, "Total Cost": 40605.75, "Plan Rows": 9, "Plan Width": 50, "Actual Min Startup Time": 321.806, "Actual Max Startup Time": 321.806, "Actual Min Total Time": 330.785, "Actual Max Total Time": 330.785, "Actual Total Rows": 120, "Inner Unique": false, "Plans": [{"Node Type": "Nested Loop", "Parent Relationship": "Outer", "Join Type": "Inner", "Startup Cost": 0.0, "Total Cost": 40543.12, "Plan Rows": 4, "Plan Width": 46, "Actual Min Startup Time": 321.594, "Actual Max Startup Time": 321.594, "Actual Min Total Time": 322.724, "Actual Max Total Time": 322.724, "Actual Total Rows": 1783, "Inner Unique": false, "Join Filter": "(it1.id = mi.info_type_id)", "Rows Removed by Join Filter": 0, "Plans": [{"Node Type": "Seq Scan", "Parent Relationship": "Outer", "Relation Name": "info_type", "Alias": "it1", "Startup Cost": 0.0, "Total Cost": 2.4, "Plan Rows": 1, "Plan Width": 4, "Actual Min Startup Time": 0.076, "Actual Max Startup Time": 0.076, "Actual Min Total Time": 0.104, "Actual Max Total Time": 0.104, "Actual Total Rows": 1, "Filter": "((info)::text = 'release dates'::text)", "Rows Removed by Filter": 111}, {"Node Type": "Materialize", "Parent Relationship": "Inner", "Startup Cost": 0.0, "Total Cost": 40538.17, "Plan Rows": 255, "Plan Width": 50, "Actual Min Startup Time": 321.492, "Actual Max Startup Time": 321.492, "Actual Min Total Time": 321.782, "Actual Max Total Time": 321.782, "Actual Total Rows": 1784, "Plans": [{"Node Type": "Streaming(type: LOCAL GATHER dop: 1/16)", "Parent Relationship": "Outer", "Startup Cost": 0.0, "Total Cost": 40537.53, "Plan Rows": 255, "Plan Width": 50, "Actual Min Startup Time": 147.602, "Actual Max Startup Time": 147.602, "Actual Min Total Time": 321.127, "Actual Max Total Time": 321.127, "Actual Total Rows": 1783, "Plans": [{"Node Type": "Seq Scan", "Parent Relationship": "Outer", "Relation Name": "movie_info", "Alias": "mi", "Startup Cost": 0.0, "Total Cost": 40532.03, "Plan Rows": 255, "Plan Width": 50, "Actual Min Startup Time": 80.924, "Actual Max Startup Time": 88.909, "Actual Min Total Time": 295.619, "Actual Max Total Time": 303.486, "Actual Total Rows": 1783, "Filter": "((info IS NOT NULL) AND ((note)::text ~~ '%internet%'::text) AND (((info)::text ~~ 'USA:% 199%'::text) OR ((info)::text ~~ 'USA:% 200%'::text)))", "Rows Removed by Filter": 14833936}]}]}]}, {"Node Type": "Bitmap Heap Scan", "Parent Relationship": "Inner", "Relation Name": "aka_title", "Alias": "at", "Startup Cost": 3.79, "Total Cost": 15.63, "Plan Rows": 3, "Plan Width": 4, "Actual Min Startup Time": 6.058, "Actual Max Startup Time": 6.058, "Actual Min Total Time": 6.152, "Actual Max Total Time": 6.152, "Actual Total Rows": 120, "Recheck Cond": "(movie_id = mi.movie_id)", "Rows Removed by Index Recheck": 0, "Exact Heap Blocks": 120, "Lossy Heap Blocks": 120, "Plans": [{"Node Type": "Bitmap Index Scan", "Parent Relationship": "Outer", "Index Name": "movie_id_aka_title", "Startup Cost": 0.0, "Total Cost": 3.79, "Plan Rows": 3, "Plan Width": 0, "Actual Min Startup Time": 5.034, "Actual Max Startup Time": 5.034, "Actual Min Total Time": 5.034, "Actual Max Total Time": 5.034, "Actual Total Rows": 120, "Index Cond": "(movie_id = mi.movie_id)"}]}]}, {"Node Type": "Bitmap Heap Scan", "Parent Relationship": "Inner", "Relation Name": "movie_companies", "Alias": "mc", "Startup Cost": 0.37, "Total Cost": 4.4, "Plan Rows": 2, "Plan Width": 12, "Actual Min Startup Time": 1.045, "Actual Max Startup Time": 1.045, "Actual Min Total Time": 1.264, "Actual Max Total Time": 1.264, "Actual Total Rows": 400, "Recheck Cond": "(movie_id = at.movie_id)", "Rows Removed by Index Recheck": 0, "Exact Heap Blocks": 214, "Lossy Heap Blocks": 214, "Plans": [{"Node Type": "Bitmap Index Scan", "Parent Relationship": "Outer", "Index Name": "movie_id_movie_companies", "Startup Cost": 0.0, "Total Cost": 0.37, "Plan Rows": 2, "Plan Width": 0, "Actual Min Startup Time": 0.633, "Actual Max Startup Time": 0.633, "Actual Min Total Time": 0.633, "Actual Max Total Time": 0.633, "Actual Total Rows": 400, "Index Cond": "(movie_id = at.movie_id)"}]}]}, {"Node Type": "Bitmap Heap Scan", "Parent Relationship": "Inner", "Relation Name": "company_name", "Alias": "cn", "Startup Cost": 0.26, "Total Cost": 4.27, "Plan Rows": 1, "Plan Width": 4, "Actual Min Startup Time": 2.142, "Actual Max Startup Time": 2.142, "Actual Min Total Time": 2.142, "Actual Max Total Time": 2.142, "Actual Total Rows": 284, "Recheck Cond": "(id = mc.company_id)", "Rows Removed by Index Recheck": 0, "Filter": "((country_code)::text = '[us]'::text)", "Rows Removed by Filter": 116, "Exact Heap Blocks": 400, "Lossy Heap Blocks": 400, "Plans": [{"Node Type": "Bitmap Index Scan", "Parent Relationship": "Outer", "Index Name": "company_name_pkey", "Startup Cost": 0.0, "Total Cost": 0.26, "Plan Rows": 1, "Plan Width": 0, "Actual Min Startup Time": 1.227, "Actual Max Startup Time": 1.227, "Actual Min Total Time": 1.227, "Actual Max Total Time": 1.227, "Actual Total Rows": 400, "Index Cond": "(id = mc.company_id)"}]}]}, {"Node Type": "Materialize", "Parent Relationship": "Inner", "Startup Cost": 0.0, "Total Cost": 1.04, "Plan Rows": 3, "Plan Width": 4, "Actual Min Startup Time": 0.073, "Actual Max Startup Time": 0.073, "Actual Min Total Time": 0.115, "Actual Max Total Time": 0.115, "Actual Total Rows": 614, "Plans": [{"Node Type": "Seq Scan", "Parent Relationship": "Outer", "Relation Name": "company_type", "Alias": "ct", "Startup Cost": 0.0, "Total Cost": 1.03, "Plan Rows": 3, "Plan Width": 4, "Actual Min Startup Time": 0.006, "Actual Max Startup Time": 0.006, "Actual Min Total Time": 0.008, "Actual Max Total Time": 0.008, "Actual Total Rows": 3}]}]}, {"Node Type": "Bitmap Heap Scan", "Parent Relationship": "Inner", "Relation Name": "movie_keyword", "Alias": "mk", "Startup Cost": 0.34, "Total Cost": 4.44, "Plan Rows": 8, "Plan Width": 8, "Actual Min Startup Time": 0.921, "Actual Max Startup Time": 0.921, "Actual Min Total Time": 1.097, "Actual Max Total Time": 1.097, "Actual Total Rows": 1140, "Recheck Cond": "(movie_id = mc.movie_id)", "Rows Removed by Index Recheck": 0, "Exact Heap Blocks": 91, "Lossy Heap Blocks": 91, "Plans": [{"Node Type": "Bitmap Index Scan", "Parent Relationship": "Outer", "Index Name": "movie_id_movie_keyword", "Startup Cost": 0.0, "Total Cost": 0.34, "Plan Rows": 8, "Plan Width": 0, "Actual Min Startup Time": 0.588, "Actual Max Startup Time": 0.588, "Actual Min Total Time": 0.588, "Actual Max Total Time": 0.588, "Actual Total Rows": 1140, "Index Cond": "(movie_id = mc.movie_id)"}]}]}, {"Node Type": "Bitmap Heap Scan", "Parent Relationship": "Inner", "Relation Name": "keyword", "Alias": "k", "Startup Cost": 0.26, "Total Cost": 4.27, "Plan Rows": 1, "Plan Width": 4, "Actual Min Startup Time": 5.083, "Actual Max Startup Time": 5.083, "Actual Min Total Time": 5.083, "Actual Max Total Time": 5.083, "Actual Total Rows": 1140, "Recheck Cond": "(id = mk.keyword_id)", "Rows Removed by Index Recheck": 0, "Exact Heap Blocks": 1140, "Lossy Heap Blocks": 1140, "Plans": [{"Node Type": "Bitmap Index Scan", "Parent Relationship": "Outer", "Index Name": "keyword_pkey", "Startup Cost": 0.0, "Total Cost": 0.26, "Plan Rows": 1, "Plan Width": 0, "Actual Min Startup Time": 3.224, "Actual Max Startup Time": 3.224, "Actual Min Total Time": 3.224, "Actual Max Total Time": 3.224, "Actual Total Rows": 1140, "Index Cond": "(id = mk.keyword_id)"}]}]}, {"Node Type": "Bitmap Heap Scan", "Parent Relationship": "Inner", "Relation Name": "title", "Alias": "t", "Startup Cost": 0.27, "Total Cost": 4.28, "Plan Rows": 1, "Plan Width": 21, "Actual Min Startup Time": 4.563, "Actual Max Startup Time": 4.563, "Actual Min Total Time": 4.563, "Actual Max Total Time": 4.563, "Actual Total Rows": 1140, "Recheck Cond": "(id = mk.movie_id)", "Rows Removed by Index Recheck": 0, "Filter": "(production_year > 1990)", "Rows Removed by Filter": 0, "Exact Heap Blocks": 1140, "Lossy Heap Blocks": 1140, "Plans": [{"Node Type": "Bitmap Index Scan", "Parent Relationship": "Outer", "Index Name": "title_pkey", "Startup Cost": 0.0, "Total Cost": 0.27, "Plan Rows": 1, "Plan Width": 0, "Actual Min Startup Time": 2.774, "Actual Max Startup Time": 2.774, "Actual Min Total Time": 2.774, "Actual Max Total Time": 2.774, "Actual Total Rows": 1140, "Index Cond": "(id = mk.movie_id)"}]}]}]}, "Triggers": [], "Planner Runtime": 331.952, "Total Runtime": 353.966, "Unique SQL Id": 2846462052}}, "(16, 35)": {"explain_plan": {"Plan": {"Node Type": "Aggregate", "Strategy": "Plain", "Startup Cost": 166073.69, "Total Cost": 166073.7, "Plan Rows": 1, "Plan Width": 123, "Plans": [{"Node Type": "Nested Loop", "Parent Relationship": "Outer", "Join Type": "Inner", "Startup Cost": 4855.81, "Total Cost": 166073.03, "Plan Rows": 132, "Plan Width": 59, "Inner Unique": true, "Join Filter": "(at.movie_id = t.id)", "Plans": [{"Node Type": "Nested Loop", "Parent Relationship": "Outer", "Join Type": "Inner", "Startup Cost": 4855.54, "Total Cost": 165665.15, "Plan Rows": 95, "Plan Width": 58, "Inner Unique": true, "Plans": [{"Node Type": "Nested Loop", "Parent Relationship": "Outer", "Join Type": "Inner", "Startup Cost": 4855.28, "Total Cost": 165249.97, "Plan Rows": 97, "Plan Width": 62, "Inner Unique": false, "Join Filter": "(at.movie_id = mk.movie_id)", "Plans": [{"Node Type": "Nested Loop", "Parent Relationship": "Outer", "Join Type": "Inner", "Startup Cost": 4854.95, "Total Cost": 165195.51, "Plan Rows": 12, "Plan Width": 54, "Inner Unique": true, "Plans": [{"Node Type": "Nested Loop", "Parent Relationship": "Outer", "Join Type": "Inner", "Startup Cost": 4854.69, "Total Cost": 165144.15, "Plan Rows": 12, "Plan Width": 58, "Inner Unique": true, "Plans": [{"Node Type": "Nested Loop", "Parent Relationship": "Outer", "Join Type": "Inner", "Startup Cost": 4854.43, "Total Cost": 165058.48, "Plan Rows": 20, "Plan Width": 62, "Inner Unique": false, "Plans": [{"Node Type": "Nested Loop", "Parent Relationship": "Outer", "Join Type": "Inner", "Startup Cost": 4854.06, "Total Cost": 165018.73, "Plan Rows": 9, "Plan Width": 50, "Inner Unique": false, "Plans": [{"Node Type": "Nested Loop", "Parent Relationship": "Outer", "Join Type": "Inner", "Startup Cost": 4850.27, "Total Cost": 164956.1, "Plan Rows": 4, "Plan Width": 46, "Inner Unique": false, "Plans": [{"Node Type": "Bitmap Heap Scan", "Parent Relationship": "Outer", "Relation Name": "info_type", "Alias": "it1", "Startup Cost": 8.81, "Total Cost": 14.21, "Plan Rows": 1, "Plan Width": 4, "Filter": "((info)::text = 'release dates'::text)", "Plans": [{"Node Type": "Bitmap Index Scan", "Parent Relationship": "Outer", "Index Name": "info_type_pkey", "Startup Cost": 0.0, "Total Cost": 8.81, "Plan Rows": 112, "Plan Width": 0}]}, {"Node Type": "Bitmap Heap Scan", "Parent Relationship": "Inner", "Relation Name": "movie_info", "Alias": "mi", "Startup Cost": 4841.46, "Total Cost": 164941.85, "Plan Rows": 4, "Plan Width": 50, "Recheck Cond": "(info_type_id = it1.id)", "Filter": "((info IS NOT NULL) AND ((note)::text ~~ '%internet%'::text) AND (((info)::text ~~ 'USA:% 199%'::text) OR ((info)::text ~~ 'USA:% 200%'::text)))", "Plans": [{"Node Type": "Bitmap Index Scan", "Parent Relationship": "Outer", "Index Name": "info_type_id_movie_info", "Startup Cost": 0.0, "Total Cost": 4841.46, "Plan Rows": 212428, "Plan Width": 0, "Index Cond": "(info_type_id = it1.id)"}]}]}, {"Node Type": "Bitmap Heap Scan", "Parent Relationship": "Inner", "Relation Name": "aka_title", "Alias": "at", "Startup Cost": 3.79, "Total Cost": 15.63, "Plan Rows": 3, "Plan Width": 4, "Recheck Cond": "(movie_id = mi.movie_id)", "Plans": [{"Node Type": "Bitmap Index Scan", "Parent Relationship": "Outer", "Index Name": "movie_id_aka_title", "Startup Cost": 0.0, "Total Cost": 3.79, "Plan Rows": 3, "Plan Width": 0, "Index Cond": "(movie_id = mi.movie_id)"}]}]}, {"Node Type": "Bitmap Heap Scan", "Parent Relationship": "Inner", "Relation Name": "movie_companies", "Alias": "mc", "Startup Cost": 0.37, "Total Cost": 4.4, "Plan Rows": 2, "Plan Width": 12, "Recheck Cond": "(movie_id = at.movie_id)", "Plans": [{"Node Type": "Bitmap Index Scan", "Parent Relationship": "Outer", "Index Name": "movie_id_movie_companies", "Startup Cost": 0.0, "Total Cost": 0.37, "Plan Rows": 2, "Plan Width": 0, "Index Cond": "(movie_id = at.movie_id)"}]}]}, {"Node Type": "Bitmap Heap Scan", "Parent Relationship": "Inner", "Relation Name": "company_name", "Alias": "cn", "Startup Cost": 0.26, "Total Cost": 4.27, "Plan Rows": 1, "Plan Width": 4, "Recheck Cond": "(id = mc.company_id)", "Filter": "((country_code)::text = '[us]'::text)", "Plans": [{"Node Type": "Bitmap Index Scan", "Parent Relationship": "Outer", "Index Name": "company_name_pkey", "Startup Cost": 0.0, "Total Cost": 0.26, "Plan Rows": 1, "Plan Width": 0, "Index Cond": "(id = mc.company_id)"}]}]}, {"Node Type": "Bitmap Heap Scan", "Parent Relationship": "Inner", "Relation Name": "company_type", "Alias": "ct", "Startup Cost": 0.26, "Total Cost": 4.27, "Plan Rows": 1, "Plan Width": 4, "Recheck Cond": "(id = mc.company_type_id)", "Plans": [{"Node Type": "Bitmap Index Scan", "Parent Relationship": "Outer", "Index Name": "company_type_pkey", "Startup Cost": 0.0, "Total Cost": 0.26, "Plan Rows": 1, "Plan Width": 0, "Index Cond": "(id = mc.company_type_id)"}]}]}, {"Node Type": "Bitmap Heap Scan", "Parent Relationship": "Inner", "Relation Name": "movie_keyword", "Alias": "mk", "Startup Cost": 0.34, "Total Cost": 4.44, "Plan Rows": 8, "Plan Width": 8, "Recheck Cond": "(movie_id = mc.movie_id)", "Plans": [{"Node Type": "Bitmap Index Scan", "Parent Relationship": "Outer", "Index Name": "movie_id_movie_keyword", "Startup Cost": 0.0, "Total Cost": 0.34, "Plan Rows": 8, "Plan Width": 0, "Index Cond": "(movie_id = mc.movie_id)"}]}]}, {"Node Type": "Bitmap Heap Scan", "Parent Relationship": "Inner", "Relation Name": "keyword", "Alias": "k", "Startup Cost": 0.26, "Total Cost": 4.27, "Plan Rows": 1, "Plan Width": 4, "Recheck Cond": "(id = mk.keyword_id)", "Plans": [{"Node Type": "Bitmap Index Scan", "Parent Relationship": "Outer", "Index Name": "keyword_pkey", "Startup Cost": 0.0, "Total Cost": 0.26, "Plan Rows": 1, "Plan Width": 0, "Index Cond": "(id = mk.keyword_id)"}]}]}, {"Node Type": "Bitmap Heap Scan", "Parent Relationship": "Inner", "Relation Name": "title", "Alias": "t", "Startup Cost": 0.27, "Total Cost": 4.28, "Plan Rows": 1, "Plan Width": 21, "Recheck Cond": "(id = mk.movie_id)", "Filter": "(production_year > 1990)", "Plans": [{"Node Type": "Bitmap Index Scan", "Parent Relationship": "Outer", "Index Name": "title_pkey", "Startup Cost": 0.0, "Total Cost": 0.27, "Plan Rows": 1, "Plan Width": 0, "Index Cond": "(id = mk.movie_id)"}]}]}]}, "Unique SQL Id": 2846462052}, "explain_analyze_plan": null}, "(16, 36)": {"explain_plan": {"Plan": {"Node Type": "Aggregate", "Strategy": "Plain", "Startup Cost": 40634.4, "Total Cost": 40634.41, "Plan Rows": 1, "Plan Width": 123, "Plans": [{"Node Type": "Nested Loop", "Parent Relationship": "Outer", "Join Type": "Inner", "Startup Cost": 0.0, "Total Cost": 40633.74, "Plan Rows": 132, "Plan Width": 59, "Inner Unique": true, "Plans": [{"Node Type": "Nested Loop", "Parent Relationship": "Outer", "Join Type": "Inner", "Startup Cost": 0.0, "Total Cost": 40596.13, "Plan Rows": 134, "Plan Width": 63, "Inner Unique": false, "Join Filter": "(t.id = mk.movie_id)", "Plans": [{"Node Type": "Nested Loop", "Parent Relationship": "Outer", "Join Type": "Inner", "Startup Cost": 0.0, "Total Cost": 40586.57, "Plan Rows": 17, "Plan Width": 75, "Inner Unique": false, "Plans": [{"Node Type": "Nested Loop", "Parent Relationship": "Outer", "Join Type": "Inner", "Startup Cost": 0.0, "Total Cost": 40583.01, "Plan Rows": 10, "Plan Width": 71, "Inner Unique": true, "Plans": [{"Node Type": "Nested Loop", "Parent Relationship": "Outer", "Join Type": "Inner", "Startup Cost": 0.0, "Total Cost": 40579.84, "Plan Rows": 11, "Plan Width": 75, "Inner Unique": true, "Join Filter": "(mc.company_type_id = ct.id)", "Plans": [{"Node Type": "Nested Loop", "Parent Relationship": "Outer", "Join Type": "Inner", "Startup Cost": 0.0, "Total Cost": 40578.27, "Plan Rows": 12, "Plan Width": 79, "Inner Unique": false, "Plans": [{"Node Type": "Nested Loop", "Parent Relationship": "Outer", "Join Type": "Inner", "Startup Cost": 0.0, "Total Cost": 40576.06, "Plan Rows": 6, "Plan Width": 67, "Inner Unique": true, "Plans": [{"Node Type": "Nested Loop", "Parent Relationship": "Outer", "Join Type": "Inner", "Startup Cost": 0.0, "Total Cost": 40543.12, "Plan Rows": 4, "Plan Width": 46, "Inner Unique": false, "Join Filter": "(it1.id = mi.info_type_id)", "Plans": [{"Node Type": "Seq Scan", "Parent Relationship": "Outer", "Relation Name": "info_type", "Alias": "it1", "Startup Cost": 0.0, "Total Cost": 2.4, "Plan Rows": 1, "Plan Width": 4, "Filter": "((info)::text = 'release dates'::text)"}, {"Node Type": "Materialize", "Parent Relationship": "Inner", "Startup Cost": 0.0, "Total Cost": 40538.17, "Plan Rows": 255, "Plan Width": 50, "Plans": [{"Node Type": "Streaming(type: LOCAL GATHER dop: 1/16)", "Parent Relationship": "Outer", "Startup Cost": 0.0, "Total Cost": 40537.53, "Plan Rows": 255, "Plan Width": 50, "Plans": [{"Node Type": "Seq Scan", "Parent Relationship": "Outer", "Relation Name": "movie_info", "Alias": "mi", "Startup Cost": 0.0, "Total Cost": 40532.03, "Plan Rows": 255, "Plan Width": 50, "Filter": "((info IS NOT NULL) AND ((note)::text ~~ '%internet%'::text) AND (((info)::text ~~ 'USA:% 199%'::text) OR ((info)::text ~~ 'USA:% 200%'::text)))"}]}]}]}, {"Node Type": "Index Scan", "Parent Relationship": "Inner", "Scan Direction": "Forward", "Index Name": "title_pkey", "Relation Name": "title", "Alias": "t", "Startup Cost": 0.0, "Total Cost": 8.23, "Plan Rows": 1, "Plan Width": 21, "Index Cond": "(id = mi.movie_id)", "Filter": "(production_year > 1990)"}]}, {"Node Type": "Index Scan", "Parent Relationship": "Inner", "Scan Direction": "Forward", "Index Name": "movie_id_movie_companies", "Relation Name": "movie_companies", "Alias": "mc", "Startup Cost": 0.0, "Total Cost": 0.35, "Plan Rows": 2, "Plan Width": 12, "Index Cond": "(movie_id = t.id)"}]}, {"Node Type": "Materialize", "Parent Relationship": "Inner", "Startup Cost": 0.0, "Total Cost": 1.04, "Plan Rows": 3, "Plan Width": 4, "Plans": [{"Node Type": "Seq Scan", "Parent Relationship": "Outer", "Relation Name": "company_type", "Alias": "ct", "Startup Cost": 0.0, "Total Cost": 1.03, "Plan Rows": 3, "Plan Width": 4}]}]}, {"Node Type": "Index Scan", "Parent Relationship": "Inner", "Scan Direction": "Forward", "Index Name": "company_name_pkey", "Relation Name": "company_name", "Alias": "cn", "Startup Cost": 0.0, "Total Cost": 0.28, "Plan Rows": 1, "Plan Width": 4, "Index Cond": "(id = mc.company_id)", "Filter": "((country_code)::text = '[us]'::text)"}]}, {"Node Type": "Index Scan", "Parent Relationship": "Inner", "Scan Direction": "Forward", "Index Name": "movie_id_aka_title", "Relation Name": "aka_title", "Alias": "at", "Startup Cost": 0.0, "Total Cost": 0.33, "Plan Rows": 3, "Plan Width": 4, "Index Cond": "(movie_id = t.id)"}]}, {"Node Type": "Index Scan", "Parent Relationship": "Inner", "Scan Direction": "Forward", "Index Name": "movie_id_movie_keyword", "Relation Name": "movie_keyword", "Alias": "mk", "Startup Cost": 0.0, "Total Cost": 0.46, "Plan Rows": 8, "Plan Width": 8, "Index Cond": "(movie_id = mc.movie_id)"}]}, {"Node Type": "Index Scan", "Parent Relationship": "Inner", "Scan Direction": "Forward", "Index Name": "keyword_pkey", "Relation Name": "keyword", "Alias": "k", "Startup Cost": 0.0, "Total Cost": 0.27, "Plan Rows": 1, "Plan Width": 4, "Index Cond": "(id = mk.keyword_id)"}]}]}, "Unique SQL Id": 2846462052}, "explain_analyze_plan": {"Plan": {"Node Type": "Aggregate", "Strategy": "Plain", "Startup Cost": 40634.4, "Total Cost": 40634.41, "Plan Rows": 1, "Plan Width": 123, "Actual Min Startup Time": 391.194, "Actual Max Startup Time": 391.194, "Actual Min Total Time": 391.194, "Actual Max Total Time": 391.194, "Actual Total Rows": 1, "Plans": [{"Node Type": "Nested Loop", "Parent Relationship": "Outer", "Join Type": "Inner", "Startup Cost": 0.0, "Total Cost": 40633.74, "Plan Rows": 132, "Plan Width": 59, "Actual Min Startup Time": 343.413, "Actual Max Startup Time": 343.413, "Actual Min Total Time": 390.319, "Actual Max Total Time": 390.319, "Actual Total Rows": 1140, "Inner Unique": true, "Plans": [{"Node Type": "Nested Loop", "Parent Relationship": "Outer", "Join Type": "Inner", "Startup Cost": 0.0, "Total Cost": 40596.13, "Plan Rows": 134, "Plan Width": 63, "Actual Min Startup Time": 343.398, "Actual Max Startup Time": 343.398, "Actual Min Total Time": 385.425, "Actual Max Total Time": 385.425, "Actual Total Rows": 1140, "Inner Unique": false, "Join Filter": "(t.id = mk.movie_id)", "Rows Removed by Join Filter": 0, "Plans": [{"Node Type": "Nested Loop", "Parent Relationship": "Outer", "Join Type": "Inner", "Startup Cost": 0.0, "Total Cost": 40586.57, "Plan Rows": 17, "Plan Width": 75, "Actual Min Startup Time": 343.379, "Actual Max Startup Time": 343.379, "Actual Min Total Time": 383.73, "Actual Max Total Time": 383.73, "Actual Total Rows": 119, "Inner Unique": false, "Plans": [{"Node Type": "Nested Loop", "Parent Relationship": "Outer", "Join Type": "Inner", "Startup Cost": 0.0, "Total Cost": 40583.01, "Plan Rows": 10, "Plan Width": 71, "Actual Min Startup Time": 342.964, "Actual Max Startup Time": 342.964, "Actual Min Total Time": 378.281, "Actual Max Total Time": 378.281, "Actual Total Rows": 1488, "Inner Unique": true, "Plans": [{"Node Type": "Nested Loop", "Parent Relationship": "Outer", "Join Type": "Inner", "Startup Cost": 0.0, "Total Cost": 40579.84, "Plan Rows": 11, "Plan Width": 75, "Actual Min Startup Time": 342.936, "Actual Max Startup Time": 342.936, "Actual Min Total Time": 369.422, "Actual Max Total Time": 369.422, "Actual Total Rows": 1599, "Inner Unique": true, "Join Filter": "(mc.company_type_id = ct.id)", "Rows Removed by Join Filter": 3855, "Plans": [{"Node Type": "Nested Loop", "Parent Relationship": "Outer", "Join Type": "Inner", "Startup Cost": 0.0, "Total Cost": 40578.27, "Plan Rows": 12, "Plan Width": 79, "Actual Min Startup Time": 342.908, "Actual Max Startup Time": 342.908, "Actual Min Total Time": 366.911, "Actual Max Total Time": 366.911, "Actual Total Rows": 2884, "Inner Unique": false, "Plans": [{"Node Type": "Nested Loop", "Parent Relationship": "Outer", "Join Type": "Inner", "Startup Cost": 0.0, "Total Cost": 40576.06, "Plan Rows": 6, "Plan Width": 67, "Actual Min Startup Time": 342.893, "Actual Max Startup Time": 342.893, "Actual Min Total Time": 354.802, "Actual Max Total Time": 354.802, "Actual Total Rows": 1782, "Inner Unique": true, "Plans": [{"Node Type": "Nested Loop", "Parent Relationship": "Outer", "Join Type": "Inner", "Startup Cost": 0.0, "Total Cost": 40543.12, "Plan Rows": 4, "Plan Width": 46, "Actual Min Startup Time": 342.844, "Actual Max Startup Time": 342.844, "Actual Min Total Time": 343.997, "Actual Max Total Time": 343.997, "Actual Total Rows": 1783, "Inner Unique": false, "Join Filter": "(it1.id = mi.info_type_id)", "Rows Removed by Join Filter": 0, "Plans": [{"Node Type": "Seq Scan", "Parent Relationship": "Outer", "Relation Name": "info_type", "Alias": "it1", "Startup Cost": 0.0, "Total Cost": 2.4, "Plan Rows": 1, "Plan Width": 4, "Actual Min Startup Time": 0.069, "Actual Max Startup Time": 0.069, "Actual Min Total Time": 0.099, "Actual Max Total Time": 0.099, "Actual Total Rows": 1, "Filter": "((info)::text = 'release dates'::text)", "Rows Removed by Filter": 111}, {"Node Type": "Materialize", "Parent Relationship": "Inner", "Startup Cost": 0.0, "Total Cost": 40538.17, "Plan Rows": 255, "Plan Width": 50, "Actual Min Startup Time": 342.75, "Actual Max Startup Time": 342.75, "Actual Min Total Time": 343.068, "Actual Max Total Time": 343.068, "Actual Total Rows": 1784, "Plans": [{"Node Type": "Streaming(type: LOCAL GATHER dop: 1/16)", "Parent Relationship": "Outer", "Startup Cost": 0.0, "Total Cost": 40537.53, "Plan Rows": 255, "Plan Width": 50, "Actual Min Startup Time": 146.931, "Actual Max Startup Time": 146.931, "Actual Min Total Time": 342.384, "Actual Max Total Time": 342.384, "Actual Total Rows": 1783, "Plans": [{"Node Type": "Seq Scan", "Parent Relationship": "Outer", "Relation Name": "movie_info", "Alias": "mi", "Startup Cost": 0.0, "Total Cost": 40532.03, "Plan Rows": 255, "Plan Width": 50, "Actual Min Startup Time": 81.619, "Actual Max Startup Time": 88.947, "Actual Min Total Time": 296.194, "Actual Max Total Time": 325.291, "Actual Total Rows": 1783, "Filter": "((info IS NOT NULL) AND ((note)::text ~~ '%internet%'::text) AND (((info)::text ~~ 'USA:% 199%'::text) OR ((info)::text ~~ 'USA:% 200%'::text)))", "Rows Removed by Filter": 14833936}]}]}]}, {"Node Type": "Index Scan", "Parent Relationship": "Inner", "Scan Direction": "Forward", "Index Name": "title_pkey", "Relation Name": "title", "Alias": "t", "Startup Cost": 0.0, "Total Cost": 8.23, "Plan Rows": 1, "Plan Width": 21, "Actual Min Startup Time": 9.337, "Actual Max Startup Time": 9.337, "Actual Min Total Time": 9.337, "Actual Max Total Time": 9.337, "Actual Total Rows": 1782, "Index Cond": "(id = mi.movie_id)", "Rows Removed by Index Recheck": 0, "Filter": "(production_year > 1990)", "Rows Removed by Filter": 1}]}, {"Node Type": "Index Scan", "Parent Relationship": "Inner", "Scan Direction": "Forward", "Index Name": "movie_id_movie_companies", "Relation Name": "movie_companies", "Alias": "mc", "Startup Cost": 0.0, "Total Cost": 0.35, "Plan Rows": 2, "Plan Width": 12, "Actual Min Startup Time": 8.329, "Actual Max Startup Time": 8.329, "Actual Min Total Time": 10.463, "Actual Max Total Time": 10.463, "Actual Total Rows": 2884, "Index Cond": "(movie_id = t.id)", "Rows Removed by Index Recheck": 0}]}, {"Node Type": "Materialize", "Parent Relationship": "Inner", "Startup Cost": 0.0, "Total Cost": 1.04, "Plan Rows": 3, "Plan Width": 4, "Actual Min Startup Time": 0.263, "Actual Max Startup Time": 0.263, "Actual Min Total Time": 0.627, "Actual Max Total Time": 0.627, "Actual Total Rows": 5454, "Plans": [{"Node Type": "Seq Scan", "Parent Relationship": "Outer", "Relation Name": "company_type", "Alias": "ct", "Startup Cost": 0.0, "Total Cost": 1.03, "Plan Rows": 3, "Plan Width": 4, "Actual Min Startup Time": 0.005, "Actual Max Startup Time": 0.005, "Actual Min Total Time": 0.006, "Actual Max Total Time": 0.006, "Actual Total Rows": 3}]}]}, {"Node Type": "Index Scan", "Parent Relationship": "Inner", "Scan Direction": "Forward", "Index Name": "company_name_pkey", "Relation Name": "company_name", "Alias": "cn", "Startup Cost": 0.0, "Total Cost": 0.28, "Plan Rows": 1, "Plan Width": 4, "Actual Min Startup Time": 7.575, "Actual Max Startup Time": 7.575, "Actual Min Total Time": 7.575, "Actual Max Total Time": 7.575, "Actual Total Rows": 1488, "Index Cond": "(id = mc.company_id)", "Rows Removed by Index Recheck": 0, "Filter": "((country_code)::text = '[us]'::text)", "Rows Removed by Filter": 111}]}, {"Node Type": "Index Scan", "Parent Relationship": "Inner", "Scan Direction": "Forward", "Index Name": "movie_id_aka_title", "Relation Name": "aka_title", "Alias": "at", "Startup Cost": 0.0, "Total Cost": 0.33, "Plan Rows": 3, "Plan Width": 4, "Actual Min Startup Time": 4.496, "Actual Max Startup Time": 4.496, "Actual Min Total Time": 4.581, "Actual Max Total Time": 4.581, "Actual Total Rows": 119, "Index Cond": "(movie_id = t.id)", "Rows Removed by Index Recheck": 0}]}, {"Node Type": "Index Scan", "Parent Relationship": "Inner", "Scan Direction": "Forward", "Index Name": "movie_id_movie_keyword", "Relation Name": "movie_keyword", "Alias": "mk", "Startup Cost": 0.0, "Total Cost": 0.46, "Plan Rows": 8, "Plan Width": 8, "Actual Min Startup Time": 0.651, "Actual Max Startup Time": 0.651, "Actual Min Total Time": 1.142, "Actual Max Total Time": 1.142, "Actual Total Rows": 1140, "Index Cond": "(movie_id = mc.movie_id)", "Rows Removed by Index Recheck": 0}]}, {"Node Type": "Index Scan", "Parent Relationship": "Inner", "Scan Direction": "Forward", "Index Name": "keyword_pkey", "Relation Name": "keyword", "Alias": "k", "Startup Cost": 0.0, "Total Cost": 0.27, "Plan Rows": 1, "Plan Width": 4, "Actual Min Startup Time": 4.075, "Actual Max Startup Time": 4.075, "Actual Min Total Time": 4.075, "Actual Max Total Time": 4.075, "Actual Total Rows": 1140, "Index Cond": "(id = mk.keyword_id)", "Rows Removed by Index Recheck": 0}]}]}, "Triggers": [], "Planner Runtime": 248.266, "Total Runtime": 394.194, "Unique SQL Id": 2846462052}}, "(16, 37)": {"explain_plan": {"Plan": {"Node Type": "Aggregate", "Strategy": "Plain", "Startup Cost": 165048.9, "Total Cost": 165048.91, "Plan Rows": 1, "Plan Width": 123, "Plans": [{"Node Type": "Nested Loop", "Parent Relationship": "Outer", "Join Type": "Inner", "Startup Cost": 4841.46, "Total Cost": 165048.24, "Plan Rows": 132, "Plan Width": 59, "Inner Unique": true, "Plans": [{"Node Type": "Nested Loop", "Parent Relationship": "Outer", "Join Type": "Inner", "Startup Cost": 4841.46, "Total Cost": 165010.63, "Plan Rows": 134, "Plan Width": 63, "Inner Unique": false, "Join Filter": "(t.id = mk.movie_id)", "Plans": [{"Node Type": "Nested Loop", "Parent Relationship": "Outer", "Join Type": "Inner", "Startup Cost": 4841.46, "Total Cost": 165001.07, "Plan Rows": 17, "Plan Width": 75, "Inner Unique": false, "Plans": [{"Node Type": "Nested Loop", "Parent Relationship": "Outer", "Join Type": "Inner", "Startup Cost": 4841.46, "Total Cost": 164997.5, "Plan Rows": 10, "Plan Width": 71, "Inner Unique": true, "Plans": [{"Node Type": "Nested Loop", "Parent Relationship": "Outer", "Join Type": "Inner", "Startup Cost": 4841.46, "Total Cost": 164994.7, "Plan Rows": 10, "Plan Width": 75, "Inner Unique": true, "Plans": [{"Node Type": "Nested Loop", "Parent Relationship": "Outer", "Join Type": "Inner", "Startup Cost": 4841.46, "Total Cost": 164991.25, "Plan Rows": 12, "Plan Width": 79, "Inner Unique": false, "Plans": [{"Node Type": "Nested Loop", "Parent Relationship": "Outer", "Join Type": "Inner", "Startup Cost": 4841.46, "Total Cost": 164989.04, "Plan Rows": 6, "Plan Width": 67, "Inner Unique": true, "Plans": [{"Node Type": "Nested Loop", "Parent Relationship": "Outer", "Join Type": "Inner", "Startup Cost": 4841.46, "Total Cost": 164956.1, "Plan Rows": 4, "Plan Width": 46, "Inner Unique": false, "Plans": [{"Node Type": "Index Scan", "Parent Relationship": "Outer", "Scan Direction": "Forward", "Index Name": "info_type_pkey", "Relation Name": "info_type", "Alias": "it1", "Startup Cost": 0.0, "Total Cost": 14.21, "Plan Rows": 1, "Plan Width": 4, "Filter": "((info)::text = 'release dates'::text)"}, {"Node Type": "Bitmap Heap Scan", "Parent Relationship": "Inner", "Relation Name": "movie_info", "Alias": "mi", "Startup Cost": 4841.46, "Total Cost": 164941.85, "Plan Rows": 4, "Plan Width": 50, "Recheck Cond": "(info_type_id = it1.id)", "Filter": "((info IS NOT NULL) AND ((note)::text ~~ '%internet%'::text) AND (((info)::text ~~ 'USA:% 199%'::text) OR ((info)::text ~~ 'USA:% 200%'::text)))", "Plans": [{"Node Type": "Bitmap Index Scan", "Parent Relationship": "Outer", "Index Name": "info_type_id_movie_info", "Startup Cost": 0.0, "Total Cost": 4841.46, "Plan Rows": 212428, "Plan Width": 0, "Index Cond": "(info_type_id = it1.id)"}]}]}, {"Node Type": "Index Scan", "Parent Relationship": "Inner", "Scan Direction": "Forward", "Index Name": "title_pkey", "Relation Name": "title", "Alias": "t", "Startup Cost": 0.0, "Total Cost": 8.23, "Plan Rows": 1, "Plan Width": 21, "Index Cond": "(id = mi.movie_id)", "Filter": "(production_year > 1990)"}]}, {"Node Type": "Index Scan", "Parent Relationship": "Inner", "Scan Direction": "Forward", "Index Name": "movie_id_movie_companies", "Relation Name": "movie_companies", "Alias": "mc", "Startup Cost": 0.0, "Total Cost": 0.35, "Plan Rows": 2, "Plan Width": 12, "Index Cond": "(movie_id = t.id)"}]}, {"Node Type": "Index Scan", "Parent Relationship": "Inner", "Scan Direction": "Forward", "Index Name": "company_name_pkey", "Relation Name": "company_name", "Alias": "cn", "Startup Cost": 0.0, "Total Cost": 0.28, "Plan Rows": 1, "Plan Width": 4, "Index Cond": "(id = mc.company_id)", "Filter": "((country_code)::text = '[us]'::text)"}]}, {"Node Type": "Index Scan", "Parent Relationship": "Inner", "Scan Direction": "Forward", "Index Name": "company_type_pkey", "Relation Name": "company_type", "Alias": "ct", "Startup Cost": 0.0, "Total Cost": 0.27, "Plan Rows": 1, "Plan Width": 4, "Index Cond": "(id = mc.company_type_id)"}]}, {"Node Type": "Index Scan", "Parent Relationship": "Inner", "Scan Direction": "Forward", "Index Name": "movie_id_aka_title", "Relation Name": "aka_title", "Alias": "at", "Startup Cost": 0.0, "Total Cost": 0.33, "Plan Rows": 3, "Plan Width": 4, "Index Cond": "(movie_id = t.id)"}]}, {"Node Type": "Index Scan", "Parent Relationship": "Inner", "Scan Direction": "Forward", "Index Name": "movie_id_movie_keyword", "Relation Name": "movie_keyword", "Alias": "mk", "Startup Cost": 0.0, "Total Cost": 0.46, "Plan Rows": 8, "Plan Width": 8, "Index Cond": "(movie_id = mc.movie_id)"}]}, {"Node Type": "Index Scan", "Parent Relationship": "Inner", "Scan Direction": "Forward", "Index Name": "keyword_pkey", "Relation Name": "keyword", "Alias": "k", "Startup Cost": 0.0, "Total Cost": 0.27, "Plan Rows": 1, "Plan Width": 4, "Index Cond": "(id = mk.keyword_id)"}]}]}, "Unique SQL Id": 2846462052}, "explain_analyze_plan": null}, "(16, 38)": {"explain_plan": {"Plan": {"Node Type": "Aggregate", "Strategy": "Plain", "Startup Cost": 41610.92, "Total Cost": 41610.93, "Plan Rows": 1, "Plan Width": 123, "Plans": [{"Node Type": "Nested Loop", "Parent Relationship": "Outer", "Join Type": "Inner", "Startup Cost": 5.28, "Total Cost": 41610.26, "Plan Rows": 132, "Plan Width": 59, "Inner Unique": true, "Join Filter": "(at.movie_id = t.id)", "Plans": [{"Node Type": "Nested Loop", "Parent Relationship": "Outer", "Join Type": "Inner", "Startup Cost": 5.01, "Total Cost": 41202.38, "Plan Rows": 95, "Plan Width": 58, "Inner Unique": true, "Plans": [{"Node Type": "Nested Loop", "Parent Relationship": "Outer", "Join Type": "Inner", "Startup Cost": 4.75, "Total Cost": 40787.2, "Plan Rows": 97, "Plan Width": 62, "Inner Unique": false, "Join Filter": "(at.movie_id = mk.movie_id)", "Plans": [{"Node Type": "Nested Loop", "Parent Relationship": "Outer", "Join Type": "Inner", "Startup Cost": 4.42, "Total Cost": 40732.74, "Plan Rows": 12, "Plan Width": 54, "Inner Unique": true, "Join Filter": "(mc.company_type_id = ct.id)", "Plans": [{"Node Type": "Nested Loop", "Parent Relationship": "Outer", "Join Type": "Inner", "Startup Cost": 4.42, "Total Cost": 40731.16, "Plan Rows": 12, "Plan Width": 58, "Inner Unique": true, "Plans": [{"Node Type": "Nested Loop", "Parent Relationship": "Outer", "Join Type": "Inner", "Startup Cost": 4.16, "Total Cost": 40645.5, "Plan Rows": 20, "Plan Width": 62, "Inner Unique": false, "Plans": [{"Node Type": "Nested Loop", "Parent Relationship": "Outer", "Join Type": "Inner", "Startup Cost": 3.79, "Total Cost": 40605.75, "Plan Rows": 9, "Plan Width": 50, "Inner Unique": false, "Plans": [{"Node Type": "Nested Loop", "Parent Relationship": "Outer", "Join Type": "Inner", "Startup Cost": 0.0, "Total Cost": 40543.12, "Plan Rows": 4, "Plan Width": 46, "Inner Unique": false, "Join Filter": "(it1.id = mi.info_type_id)", "Plans": [{"Node Type": "Seq Scan", "Parent Relationship": "Outer", "Relation Name": "info_type", "Alias": "it1", "Startup Cost": 0.0, "Total Cost": 2.4, "Plan Rows": 1, "Plan Width": 4, "Filter": "((info)::text = 'release dates'::text)"}, {"Node Type": "Materialize", "Parent Relationship": "Inner", "Startup Cost": 0.0, "Total Cost": 40538.17, "Plan Rows": 255, "Plan Width": 50, "Plans": [{"Node Type": "Streaming(type: LOCAL GATHER dop: 1/16)", "Parent Relationship": "Outer", "Startup Cost": 0.0, "Total Cost": 40537.53, "Plan Rows": 255, "Plan Width": 50, "Plans": [{"Node Type": "Seq Scan", "Parent Relationship": "Outer", "Relation Name": "movie_info", "Alias": "mi", "Startup Cost": 0.0, "Total Cost": 40532.03, "Plan Rows": 255, "Plan Width": 50, "Filter": "((info IS NOT NULL) AND ((note)::text ~~ '%internet%'::text) AND (((info)::text ~~ 'USA:% 199%'::text) OR ((info)::text ~~ 'USA:% 200%'::text)))"}]}]}]}, {"Node Type": "Bitmap Heap Scan", "Parent Relationship": "Inner", "Relation Name": "aka_title", "Alias": "at", "Startup Cost": 3.79, "Total Cost": 15.63, "Plan Rows": 3, "Plan Width": 4, "Recheck Cond": "(movie_id = mi.movie_id)", "Plans": [{"Node Type": "Bitmap Index Scan", "Parent Relationship": "Outer", "Index Name": "movie_id_aka_title", "Startup Cost": 0.0, "Total Cost": 3.79, "Plan Rows": 3, "Plan Width": 0, "Index Cond": "(movie_id = mi.movie_id)"}]}]}, {"Node Type": "Bitmap Heap Scan", "Parent Relationship": "Inner", "Relation Name": "movie_companies", "Alias": "mc", "Startup Cost": 0.37, "Total Cost": 4.4, "Plan Rows": 2, "Plan Width": 12, "Recheck Cond": "(movie_id = at.movie_id)", "Plans": [{"Node Type": "Bitmap Index Scan", "Parent Relationship": "Outer", "Index Name": "movie_id_movie_companies", "Startup Cost": 0.0, "Total Cost": 0.37, "Plan Rows": 2, "Plan Width": 0, "Index Cond": "(movie_id = at.movie_id)"}]}]}, {"Node Type": "Bitmap Heap Scan", "Parent Relationship": "Inner", "Relation Name": "company_name", "Alias": "cn", "Startup Cost": 0.26, "Total Cost": 4.27, "Plan Rows": 1, "Plan Width": 4, "Recheck Cond": "(id = mc.company_id)", "Filter": "((country_code)::text = '[us]'::text)", "Plans": [{"Node Type": "Bitmap Index Scan", "Parent Relationship": "Outer", "Index Name": "company_name_pkey", "Startup Cost": 0.0, "Total Cost": 0.26, "Plan Rows": 1, "Plan Width": 0, "Index Cond": "(id = mc.company_id)"}]}]}, {"Node Type": "Materialize", "Parent Relationship": "Inner", "Startup Cost": 0.0, "Total Cost": 1.04, "Plan Rows": 3, "Plan Width": 4, "Plans": [{"Node Type": "Seq Scan", "Parent Relationship": "Outer", "Relation Name": "company_type", "Alias": "ct", "Startup Cost": 0.0, "Total Cost": 1.03, "Plan Rows": 3, "Plan Width": 4}]}]}, {"Node Type": "Bitmap Heap Scan", "Parent Relationship": "Inner", "Relation Name": "movie_keyword", "Alias": "mk", "Startup Cost": 0.34, "Total Cost": 4.44, "Plan Rows": 8, "Plan Width": 8, "Recheck Cond": "(movie_id = mc.movie_id)", "Plans": [{"Node Type": "Bitmap Index Scan", "Parent Relationship": "Outer", "Index Name": "movie_id_movie_keyword", "Startup Cost": 0.0, "Total Cost": 0.34, "Plan Rows": 8, "Plan Width": 0, "Index Cond": "(movie_id = mc.movie_id)"}]}]}, {"Node Type": "Bitmap Heap Scan", "Parent Relationship": "Inner", "Relation Name": "keyword", "Alias": "k", "Startup Cost": 0.26, "Total Cost": 4.27, "Plan Rows": 1, "Plan Width": 4, "Recheck Cond": "(id = mk.keyword_id)", "Plans": [{"Node Type": "Bitmap Index Scan", "Parent Relationship": "Outer", "Index Name": "keyword_pkey", "Startup Cost": 0.0, "Total Cost": 0.26, "Plan Rows": 1, "Plan Width": 0, "Index Cond": "(id = mk.keyword_id)"}]}]}, {"Node Type": "Bitmap Heap Scan", "Parent Relationship": "Inner", "Relation Name": "title", "Alias": "t", "Startup Cost": 0.27, "Total Cost": 4.28, "Plan Rows": 1, "Plan Width": 21, "Recheck Cond": "(id = mk.movie_id)", "Filter": "(production_year > 1990)", "Plans": [{"Node Type": "Bitmap Index Scan", "Parent Relationship": "Outer", "Index Name": "title_pkey", "Startup Cost": 0.0, "Total Cost": 0.27, "Plan Rows": 1, "Plan Width": 0, "Index Cond": "(id = mk.movie_id)"}]}]}]}, "Unique SQL Id": 2846462052}, "explain_analyze_plan": {"Plan": {"Node Type": "Aggregate", "Strategy": "Plain", "Startup Cost": 41610.92, "Total Cost": 41610.93, "Plan Rows": 1, "Plan Width": 123, "Actual Min Startup Time": 350.858, "Actual Max Startup Time": 350.858, "Actual Min Total Time": 350.859, "Actual Max Total Time": 350.859, "Actual Total Rows": 1, "Plans": [{"Node Type": "Nested Loop", "Parent Relationship": "Outer", "Join Type": "Inner", "Startup Cost": 5.28, "Total Cost": 41610.26, "Plan Rows": 132, "Plan Width": 59, "Actual Min Startup Time": 321.989, "Actual Max Startup Time": 321.989, "Actual Min Total Time": 349.883, "Actual Max Total Time": 349.883, "Actual Total Rows": 1140, "Inner Unique": true, "Join Filter": "(at.movie_id = t.id)", "Rows Removed by Join Filter": 0, "Plans": [{"Node Type": "Nested Loop", "Parent Relationship": "Outer", "Join Type": "Inner", "Startup Cost": 5.01, "Total Cost": 41202.38, "Plan Rows": 95, "Plan Width": 58, "Actual Min Startup Time": 321.96, "Actual Max Startup Time": 321.96, "Actual Min Total Time": 343.654, "Actual Max Total Time": 343.654, "Actual Total Rows": 1140, "Inner Unique": true, "Plans": [{"Node Type": "Nested Loop", "Parent Relationship": "Outer", "Join Type": "Inner", "Startup Cost": 4.75, "Total Cost": 40787.2, "Plan Rows": 97, "Plan Width": 62, "Actual Min Startup Time": 321.945, "Actual Max Startup Time": 321.945, "Actual Min Total Time": 336.998, "Actual Max Total Time": 336.998, "Actual Total Rows": 1140, "Inner Unique": false, "Join Filter": "(at.movie_id = mk.movie_id)", "Rows Removed by Join Filter": 0, "Plans": [{"Node Type": "Nested Loop", "Parent Relationship": "Outer", "Join Type": "Inner", "Startup Cost": 4.42, "Total Cost": 40732.74, "Plan Rows": 12, "Plan Width": 54, "Actual Min Startup Time": 321.92, "Actual Max Startup Time": 321.92, "Actual Min Total Time": 335.344, "Actual Max Total Time": 335.344, "Actual Total Rows": 119, "Inner Unique": true, "Join Filter": "(mc.company_type_id = ct.id)", "Rows Removed by Join Filter": 495, "Plans": [{"Node Type": "Nested Loop", "Parent Relationship": "Outer", "Join Type": "Inner", "Startup Cost": 4.42, "Total Cost": 40731.16, "Plan Rows": 12, "Plan Width": 58, "Actual Min Startup Time": 321.85, "Actual Max Startup Time": 321.85, "Actual Min Total Time": 334.996, "Actual Max Total Time": 334.996, "Actual Total Rows": 284, "Inner Unique": true, "Plans": [{"Node Type": "Nested Loop", "Parent Relationship": "Outer", "Join Type": "Inner", "Startup Cost": 4.16, "Total Cost": 40645.5, "Plan Rows": 20, "Plan Width": 62, "Actual Min Startup Time": 321.829, "Actual Max Startup Time": 321.829, "Actual Min Total Time": 332.314, "Actual Max Total Time": 332.314, "Actual Total Rows": 400, "Inner Unique": false, "Plans": [{"Node Type": "Nested Loop", "Parent Relationship": "Outer", "Join Type": "Inner", "Startup Cost": 3.79, "Total Cost": 40605.75, "Plan Rows": 9, "Plan Width": 50, "Actual Min Startup Time": 321.806, "Actual Max Startup Time": 321.806, "Actual Min Total Time": 330.785, "Actual Max Total Time": 330.785, "Actual Total Rows": 120, "Inner Unique": false, "Plans": [{"Node Type": "Nested Loop", "Parent Relationship": "Outer", "Join Type": "Inner", "Startup Cost": 0.0, "Total Cost": 40543.12, "Plan Rows": 4, "Plan Width": 46, "Actual Min Startup Time": 321.594, "Actual Max Startup Time": 321.594, "Actual Min Total Time": 322.724, "Actual Max Total Time": 322.724, "Actual Total Rows": 1783, "Inner Unique": false, "Join Filter": "(it1.id = mi.info_type_id)", "Rows Removed by Join Filter": 0, "Plans": [{"Node Type": "Seq Scan", "Parent Relationship": "Outer", "Relation Name": "info_type", "Alias": "it1", "Startup Cost": 0.0, "Total Cost": 2.4, "Plan Rows": 1, "Plan Width": 4, "Actual Min Startup Time": 0.076, "Actual Max Startup Time": 0.076, "Actual Min Total Time": 0.104, "Actual Max Total Time": 0.104, "Actual Total Rows": 1, "Filter": "((info)::text = 'release dates'::text)", "Rows Removed by Filter": 111}, {"Node Type": "Materialize", "Parent Relationship": "Inner", "Startup Cost": 0.0, "Total Cost": 40538.17, "Plan Rows": 255, "Plan Width": 50, "Actual Min Startup Time": 321.492, "Actual Max Startup Time": 321.492, "Actual Min Total Time": 321.782, "Actual Max Total Time": 321.782, "Actual Total Rows": 1784, "Plans": [{"Node Type": "Streaming(type: LOCAL GATHER dop: 1/16)", "Parent Relationship": "Outer", "Startup Cost": 0.0, "Total Cost": 40537.53, "Plan Rows": 255, "Plan Width": 50, "Actual Min Startup Time": 147.602, "Actual Max Startup Time": 147.602, "Actual Min Total Time": 321.127, "Actual Max Total Time": 321.127, "Actual Total Rows": 1783, "Plans": [{"Node Type": "Seq Scan", "Parent Relationship": "Outer", "Relation Name": "movie_info", "Alias": "mi", "Startup Cost": 0.0, "Total Cost": 40532.03, "Plan Rows": 255, "Plan Width": 50, "Actual Min Startup Time": 80.924, "Actual Max Startup Time": 88.909, "Actual Min Total Time": 295.619, "Actual Max Total Time": 303.486, "Actual Total Rows": 1783, "Filter": "((info IS NOT NULL) AND ((note)::text ~~ '%internet%'::text) AND (((info)::text ~~ 'USA:% 199%'::text) OR ((info)::text ~~ 'USA:% 200%'::text)))", "Rows Removed by Filter": 14833936}]}]}]}, {"Node Type": "Bitmap Heap Scan", "Parent Relationship": "Inner", "Relation Name": "aka_title", "Alias": "at", "Startup Cost": 3.79, "Total Cost": 15.63, "Plan Rows": 3, "Plan Width": 4, "Actual Min Startup Time": 6.058, "Actual Max Startup Time": 6.058, "Actual Min Total Time": 6.152, "Actual Max Total Time": 6.152, "Actual Total Rows": 120, "Recheck Cond": "(movie_id = mi.movie_id)", "Rows Removed by Index Recheck": 0, "Exact Heap Blocks": 120, "Lossy Heap Blocks": 120, "Plans": [{"Node Type": "Bitmap Index Scan", "Parent Relationship": "Outer", "Index Name": "movie_id_aka_title", "Startup Cost": 0.0, "Total Cost": 3.79, "Plan Rows": 3, "Plan Width": 0, "Actual Min Startup Time": 5.034, "Actual Max Startup Time": 5.034, "Actual Min Total Time": 5.034, "Actual Max Total Time": 5.034, "Actual Total Rows": 120, "Index Cond": "(movie_id = mi.movie_id)"}]}]}, {"Node Type": "Bitmap Heap Scan", "Parent Relationship": "Inner", "Relation Name": "movie_companies", "Alias": "mc", "Startup Cost": 0.37, "Total Cost": 4.4, "Plan Rows": 2, "Plan Width": 12, "Actual Min Startup Time": 1.045, "Actual Max Startup Time": 1.045, "Actual Min Total Time": 1.264, "Actual Max Total Time": 1.264, "Actual Total Rows": 400, "Recheck Cond": "(movie_id = at.movie_id)", "Rows Removed by Index Recheck": 0, "Exact Heap Blocks": 214, "Lossy Heap Blocks": 214, "Plans": [{"Node Type": "Bitmap Index Scan", "Parent Relationship": "Outer", "Index Name": "movie_id_movie_companies", "Startup Cost": 0.0, "Total Cost": 0.37, "Plan Rows": 2, "Plan Width": 0, "Actual Min Startup Time": 0.633, "Actual Max Startup Time": 0.633, "Actual Min Total Time": 0.633, "Actual Max Total Time": 0.633, "Actual Total Rows": 400, "Index Cond": "(movie_id = at.movie_id)"}]}]}, {"Node Type": "Bitmap Heap Scan", "Parent Relationship": "Inner", "Relation Name": "company_name", "Alias": "cn", "Startup Cost": 0.26, "Total Cost": 4.27, "Plan Rows": 1, "Plan Width": 4, "Actual Min Startup Time": 2.142, "Actual Max Startup Time": 2.142, "Actual Min Total Time": 2.142, "Actual Max Total Time": 2.142, "Actual Total Rows": 284, "Recheck Cond": "(id = mc.company_id)", "Rows Removed by Index Recheck": 0, "Filter": "((country_code)::text = '[us]'::text)", "Rows Removed by Filter": 116, "Exact Heap Blocks": 400, "Lossy Heap Blocks": 400, "Plans": [{"Node Type": "Bitmap Index Scan", "Parent Relationship": "Outer", "Index Name": "company_name_pkey", "Startup Cost": 0.0, "Total Cost": 0.26, "Plan Rows": 1, "Plan Width": 0, "Actual Min Startup Time": 1.227, "Actual Max Startup Time": 1.227, "Actual Min Total Time": 1.227, "Actual Max Total Time": 1.227, "Actual Total Rows": 400, "Index Cond": "(id = mc.company_id)"}]}]}, {"Node Type": "Materialize", "Parent Relationship": "Inner", "Startup Cost": 0.0, "Total Cost": 1.04, "Plan Rows": 3, "Plan Width": 4, "Actual Min Startup Time": 0.073, "Actual Max Startup Time": 0.073, "Actual Min Total Time": 0.115, "Actual Max Total Time": 0.115, "Actual Total Rows": 614, "Plans": [{"Node Type": "Seq Scan", "Parent Relationship": "Outer", "Relation Name": "company_type", "Alias": "ct", "Startup Cost": 0.0, "Total Cost": 1.03, "Plan Rows": 3, "Plan Width": 4, "Actual Min Startup Time": 0.006, "Actual Max Startup Time": 0.006, "Actual Min Total Time": 0.008, "Actual Max Total Time": 0.008, "Actual Total Rows": 3}]}]}, {"Node Type": "Bitmap Heap Scan", "Parent Relationship": "Inner", "Relation Name": "movie_keyword", "Alias": "mk", "Startup Cost": 0.34, "Total Cost": 4.44, "Plan Rows": 8, "Plan Width": 8, "Actual Min Startup Time": 0.921, "Actual Max Startup Time": 0.921, "Actual Min Total Time": 1.097, "Actual Max Total Time": 1.097, "Actual Total Rows": 1140, "Recheck Cond": "(movie_id = mc.movie_id)", "Rows Removed by Index Recheck": 0, "Exact Heap Blocks": 91, "Lossy Heap Blocks": 91, "Plans": [{"Node Type": "Bitmap Index Scan", "Parent Relationship": "Outer", "Index Name": "movie_id_movie_keyword", "Startup Cost": 0.0, "Total Cost": 0.34, "Plan Rows": 8, "Plan Width": 0, "Actual Min Startup Time": 0.588, "Actual Max Startup Time": 0.588, "Actual Min Total Time": 0.588, "Actual Max Total Time": 0.588, "Actual Total Rows": 1140, "Index Cond": "(movie_id = mc.movie_id)"}]}]}, {"Node Type": "Bitmap Heap Scan", "Parent Relationship": "Inner", "Relation Name": "keyword", "Alias": "k", "Startup Cost": 0.26, "Total Cost": 4.27, "Plan Rows": 1, "Plan Width": 4, "Actual Min Startup Time": 5.083, "Actual Max Startup Time": 5.083, "Actual Min Total Time": 5.083, "Actual Max Total Time": 5.083, "Actual Total Rows": 1140, "Recheck Cond": "(id = mk.keyword_id)", "Rows Removed by Index Recheck": 0, "Exact Heap Blocks": 1140, "Lossy Heap Blocks": 1140, "Plans": [{"Node Type": "Bitmap Index Scan", "Parent Relationship": "Outer", "Index Name": "keyword_pkey", "Startup Cost": 0.0, "Total Cost": 0.26, "Plan Rows": 1, "Plan Width": 0, "Actual Min Startup Time": 3.224, "Actual Max Startup Time": 3.224, "Actual Min Total Time": 3.224, "Actual Max Total Time": 3.224, "Actual Total Rows": 1140, "Index Cond": "(id = mk.keyword_id)"}]}]}, {"Node Type": "Bitmap Heap Scan", "Parent Relationship": "Inner", "Relation Name": "title", "Alias": "t", "Startup Cost": 0.27, "Total Cost": 4.28, "Plan Rows": 1, "Plan Width": 21, "Actual Min Startup Time": 4.563, "Actual Max Startup Time": 4.563, "Actual Min Total Time": 4.563, "Actual Max Total Time": 4.563, "Actual Total Rows": 1140, "Recheck Cond": "(id = mk.movie_id)", "Rows Removed by Index Recheck": 0, "Filter": "(production_year > 1990)", "Rows Removed by Filter": 0, "Exact Heap Blocks": 1140, "Lossy Heap Blocks": 1140, "Plans": [{"Node Type": "Bitmap Index Scan", "Parent Relationship": "Outer", "Index Name": "title_pkey", "Startup Cost": 0.0, "Total Cost": 0.27, "Plan Rows": 1, "Plan Width": 0, "Actual Min Startup Time": 2.774, "Actual Max Startup Time": 2.774, "Actual Min Total Time": 2.774, "Actual Max Total Time": 2.774, "Actual Total Rows": 1140, "Index Cond": "(id = mk.movie_id)"}]}]}]}, "Triggers": [], "Planner Runtime": 331.952, "Total Runtime": 353.966, "Unique SQL Id": 2846462052}}, "(16, 39)": {"explain_plan": {"Plan": {"Node Type": "Aggregate", "Strategy": "Plain", "Startup Cost": 166073.69, "Total Cost": 166073.7, "Plan Rows": 1, "Plan Width": 123, "Plans": [{"Node Type": "Nested Loop", "Parent Relationship": "Outer", "Join Type": "Inner", "Startup Cost": 4855.81, "Total Cost": 166073.03, "Plan Rows": 132, "Plan Width": 59, "Inner Unique": true, "Join Filter": "(at.movie_id = t.id)", "Plans": [{"Node Type": "Nested Loop", "Parent Relationship": "Outer", "Join Type": "Inner", "Startup Cost": 4855.54, "Total Cost": 165665.15, "Plan Rows": 95, "Plan Width": 58, "Inner Unique": true, "Plans": [{"Node Type": "Nested Loop", "Parent Relationship": "Outer", "Join Type": "Inner", "Startup Cost": 4855.28, "Total Cost": 165249.97, "Plan Rows": 97, "Plan Width": 62, "Inner Unique": false, "Join Filter": "(at.movie_id = mk.movie_id)", "Plans": [{"Node Type": "Nested Loop", "Parent Relationship": "Outer", "Join Type": "Inner", "Startup Cost": 4854.95, "Total Cost": 165195.51, "Plan Rows": 12, "Plan Width": 54, "Inner Unique": true, "Plans": [{"Node Type": "Nested Loop", "Parent Relationship": "Outer", "Join Type": "Inner", "Startup Cost": 4854.69, "Total Cost": 165144.15, "Plan Rows": 12, "Plan Width": 58, "Inner Unique": true, "Plans": [{"Node Type": "Nested Loop", "Parent Relationship": "Outer", "Join Type": "Inner", "Startup Cost": 4854.43, "Total Cost": 165058.48, "Plan Rows": 20, "Plan Width": 62, "Inner Unique": false, "Plans": [{"Node Type": "Nested Loop", "Parent Relationship": "Outer", "Join Type": "Inner", "Startup Cost": 4854.06, "Total Cost": 165018.73, "Plan Rows": 9, "Plan Width": 50, "Inner Unique": false, "Plans": [{"Node Type": "Nested Loop", "Parent Relationship": "Outer", "Join Type": "Inner", "Startup Cost": 4850.27, "Total Cost": 164956.1, "Plan Rows": 4, "Plan Width": 46, "Inner Unique": false, "Plans": [{"Node Type": "Bitmap Heap Scan", "Parent Relationship": "Outer", "Relation Name": "info_type", "Alias": "it1", "Startup Cost": 8.81, "Total Cost": 14.21, "Plan Rows": 1, "Plan Width": 4, "Filter": "((info)::text = 'release dates'::text)", "Plans": [{"Node Type": "Bitmap Index Scan", "Parent Relationship": "Outer", "Index Name": "info_type_pkey", "Startup Cost": 0.0, "Total Cost": 8.81, "Plan Rows": 112, "Plan Width": 0}]}, {"Node Type": "Bitmap Heap Scan", "Parent Relationship": "Inner", "Relation Name": "movie_info", "Alias": "mi", "Startup Cost": 4841.46, "Total Cost": 164941.85, "Plan Rows": 4, "Plan Width": 50, "Recheck Cond": "(info_type_id = it1.id)", "Filter": "((info IS NOT NULL) AND ((note)::text ~~ '%internet%'::text) AND (((info)::text ~~ 'USA:% 199%'::text) OR ((info)::text ~~ 'USA:% 200%'::text)))", "Plans": [{"Node Type": "Bitmap Index Scan", "Parent Relationship": "Outer", "Index Name": "info_type_id_movie_info", "Startup Cost": 0.0, "Total Cost": 4841.46, "Plan Rows": 212428, "Plan Width": 0, "Index Cond": "(info_type_id = it1.id)"}]}]}, {"Node Type": "Bitmap Heap Scan", "Parent Relationship": "Inner", "Relation Name": "aka_title", "Alias": "at", "Startup Cost": 3.79, "Total Cost": 15.63, "Plan Rows": 3, "Plan Width": 4, "Recheck Cond": "(movie_id = mi.movie_id)", "Plans": [{"Node Type": "Bitmap Index Scan", "Parent Relationship": "Outer", "Index Name": "movie_id_aka_title", "Startup Cost": 0.0, "Total Cost": 3.79, "Plan Rows": 3, "Plan Width": 0, "Index Cond": "(movie_id = mi.movie_id)"}]}]}, {"Node Type": "Bitmap Heap Scan", "Parent Relationship": "Inner", "Relation Name": "movie_companies", "Alias": "mc", "Startup Cost": 0.37, "Total Cost": 4.4, "Plan Rows": 2, "Plan Width": 12, "Recheck Cond": "(movie_id = at.movie_id)", "Plans": [{"Node Type": "Bitmap Index Scan", "Parent Relationship": "Outer", "Index Name": "movie_id_movie_companies", "Startup Cost": 0.0, "Total Cost": 0.37, "Plan Rows": 2, "Plan Width": 0, "Index Cond": "(movie_id = at.movie_id)"}]}]}, {"Node Type": "Bitmap Heap Scan", "Parent Relationship": "Inner", "Relation Name": "company_name", "Alias": "cn", "Startup Cost": 0.26, "Total Cost": 4.27, "Plan Rows": 1, "Plan Width": 4, "Recheck Cond": "(id = mc.company_id)", "Filter": "((country_code)::text = '[us]'::text)", "Plans": [{"Node Type": "Bitmap Index Scan", "Parent Relationship": "Outer", "Index Name": "company_name_pkey", "Startup Cost": 0.0, "Total Cost": 0.26, "Plan Rows": 1, "Plan Width": 0, "Index Cond": "(id = mc.company_id)"}]}]}, {"Node Type": "Bitmap Heap Scan", "Parent Relationship": "Inner", "Relation Name": "company_type", "Alias": "ct", "Startup Cost": 0.26, "Total Cost": 4.27, "Plan Rows": 1, "Plan Width": 4, "Recheck Cond": "(id = mc.company_type_id)", "Plans": [{"Node Type": "Bitmap Index Scan", "Parent Relationship": "Outer", "Index Name": "company_type_pkey", "Startup Cost": 0.0, "Total Cost": 0.26, "Plan Rows": 1, "Plan Width": 0, "Index Cond": "(id = mc.company_type_id)"}]}]}, {"Node Type": "Bitmap Heap Scan", "Parent Relationship": "Inner", "Relation Name": "movie_keyword", "Alias": "mk", "Startup Cost": 0.34, "Total Cost": 4.44, "Plan Rows": 8, "Plan Width": 8, "Recheck Cond": "(movie_id = mc.movie_id)", "Plans": [{"Node Type": "Bitmap Index Scan", "Parent Relationship": "Outer", "Index Name": "movie_id_movie_keyword", "Startup Cost": 0.0, "Total Cost": 0.34, "Plan Rows": 8, "Plan Width": 0, "Index Cond": "(movie_id = mc.movie_id)"}]}]}, {"Node Type": "Bitmap Heap Scan", "Parent Relationship": "Inner", "Relation Name": "keyword", "Alias": "k", "Startup Cost": 0.26, "Total Cost": 4.27, "Plan Rows": 1, "Plan Width": 4, "Recheck Cond": "(id = mk.keyword_id)", "Plans": [{"Node Type": "Bitmap Index Scan", "Parent Relationship": "Outer", "Index Name": "keyword_pkey", "Startup Cost": 0.0, "Total Cost": 0.26, "Plan Rows": 1, "Plan Width": 0, "Index Cond": "(id = mk.keyword_id)"}]}]}, {"Node Type": "Bitmap Heap Scan", "Parent Relationship": "Inner", "Relation Name": "title", "Alias": "t", "Startup Cost": 0.27, "Total Cost": 4.28, "Plan Rows": 1, "Plan Width": 21, "Recheck Cond": "(id = mk.movie_id)", "Filter": "(production_year > 1990)", "Plans": [{"Node Type": "Bitmap Index Scan", "Parent Relationship": "Outer", "Index Name": "title_pkey", "Startup Cost": 0.0, "Total Cost": 0.27, "Plan Rows": 1, "Plan Width": 0, "Index Cond": "(id = mk.movie_id)"}]}]}]}, "Unique SQL Id": 2846462052}, "explain_analyze_plan": null}, "(16, 40)": {"explain_plan": {"Plan": {"Node Type": "Aggregate", "Strategy": "Plain", "Startup Cost": 40623.14, "Total Cost": 40623.15, "Plan Rows": 1, "Plan Width": 123, "Plans": [{"Node Type": "Nested Loop", "Parent Relationship": "Outer", "Join Type": "Inner", "Startup Cost": 0.0, "Total Cost": 40622.48, "Plan Rows": 132, "Plan Width": 59, "Inner Unique": true, "Plans": [{"Node Type": "Nested Loop", "Parent Relationship": "Outer", "Join Type": "Inner", "Startup Cost": 0.0, "Total Cost": 40584.96, "Plan Rows": 134, "Plan Width": 63, "Inner Unique": false, "Join Filter": "(t.id = mk.movie_id)", "Plans": [{"Node Type": "Nested Loop", "Parent Relationship": "Outer", "Join Type": "Inner", "Startup Cost": 0.0, "Total Cost": 40575.4, "Plan Rows": 17, "Plan Width": 75, "Inner Unique": true, "Join Filter": "(at.movie_id = t.id)", "Plans": [{"Node Type": "Nested Loop", "Parent Relationship": "Outer", "Join Type": "Inner", "Startup Cost": 0.0, "Total Cost": 40571.17, "Plan Rows": 12, "Plan Width": 54, "Inner Unique": true, "Join Filter": "(mc.company_type_id = ct.id)", "Plans": [{"Node Type": "Nested Loop", "Parent Relationship": "Outer", "Join Type": "Inner", "Startup Cost": 0.0, "Total Cost": 40569.59, "Plan Rows": 12, "Plan Width": 58, "Inner Unique": true, "Plans": [{"Node Type": "Nested Loop", "Parent Relationship": "Outer", "Join Type": "Inner", "Startup Cost": 0.0, "Total Cost": 40563.84, "Plan Rows": 20, "Plan Width": 62, "Inner Unique": false, "Plans": [{"Node Type": "Nested Loop", "Parent Relationship": "Outer", "Join Type": "Inner", "Startup Cost": 0.0, "Total Cost": 40558.53, "Plan Rows": 9, "Plan Width": 50, "Inner Unique": false, "Plans": [{"Node Type": "Nested Loop", "Parent Relationship": "Outer", "Join Type": "Inner", "Startup Cost": 0.0, "Total Cost": 40543.12, "Plan Rows": 4, "Plan Width": 46, "Inner Unique": false, "Join Filter": "(it1.id = mi.info_type_id)", "Plans": [{"Node Type": "Seq Scan", "Parent Relationship": "Outer", "Relation Name": "info_type", "Alias": "it1", "Startup Cost": 0.0, "Total Cost": 2.4, "Plan Rows": 1, "Plan Width": 4, "Filter": "((info)::text = 'release dates'::text)"}, {"Node Type": "Materialize", "Parent Relationship": "Inner", "Startup Cost": 0.0, "Total Cost": 40538.17, "Plan Rows": 255, "Plan Width": 50, "Plans": [{"Node Type": "Streaming(type: LOCAL GATHER dop: 1/16)", "Parent Relationship": "Outer", "Startup Cost": 0.0, "Total Cost": 40537.53, "Plan Rows": 255, "Plan Width": 50, "Plans": [{"Node Type": "Seq Scan", "Parent Relationship": "Outer", "Relation Name": "movie_info", "Alias": "mi", "Startup Cost": 0.0, "Total Cost": 40532.03, "Plan Rows": 255, "Plan Width": 50, "Filter": "((info IS NOT NULL) AND ((note)::text ~~ '%internet%'::text) AND (((info)::text ~~ 'USA:% 199%'::text) OR ((info)::text ~~ 'USA:% 200%'::text)))"}]}]}]}, {"Node Type": "Index Only Scan", "Parent Relationship": "Inner", "Scan Direction": "Forward", "Index Name": "movie_id_aka_title", "Relation Name": "aka_title", "Alias": "at", "Startup Cost": 0.0, "Total Cost": 3.82, "Plan Rows": 3, "Plan Width": 4, "Index Cond": "(movie_id = mi.movie_id)"}]}, {"Node Type": "Index Scan", "Parent Relationship": "Inner", "Scan Direction": "Forward", "Index Name": "movie_id_movie_companies", "Relation Name": "movie_companies", "Alias": "mc", "Startup Cost": 0.0, "Total Cost": 0.57, "Plan Rows": 2, "Plan Width": 12, "Index Cond": "(movie_id = at.movie_id)"}]}, {"Node Type": "Index Scan", "Parent Relationship": "Inner", "Scan Direction": "Forward", "Index Name": "company_name_pkey", "Relation Name": "company_name", "Alias": "cn", "Startup Cost": 0.0, "Total Cost": 0.28, "Plan Rows": 1, "Plan Width": 4, "Index Cond": "(id = mc.company_id)", "Filter": "((country_code)::text = '[us]'::text)"}]}, {"Node Type": "Materialize", "Parent Relationship": "Inner", "Startup Cost": 0.0, "Total Cost": 1.04, "Plan Rows": 3, "Plan Width": 4, "Plans": [{"Node Type": "Seq Scan", "Parent Relationship": "Outer", "Relation Name": "company_type", "Alias": "ct", "Startup Cost": 0.0, "Total Cost": 1.03, "Plan Rows": 3, "Plan Width": 4}]}]}, {"Node Type": "Index Scan", "Parent Relationship": "Inner", "Scan Direction": "Forward", "Index Name": "title_pkey", "Relation Name": "title", "Alias": "t", "Startup Cost": 0.0, "Total Cost": 0.34, "Plan Rows": 1, "Plan Width": 21, "Index Cond": "(id = mc.movie_id)", "Filter": "(production_year > 1990)"}]}, {"Node Type": "Index Scan", "Parent Relationship": "Inner", "Scan Direction": "Forward", "Index Name": "movie_id_movie_keyword", "Relation Name": "movie_keyword", "Alias": "mk", "Startup Cost": 0.0, "Total Cost": 0.46, "Plan Rows": 8, "Plan Width": 8, "Index Cond": "(movie_id = mc.movie_id)"}]}, {"Node Type": "Index Only Scan", "Parent Relationship": "Inner", "Scan Direction": "Forward", "Index Name": "keyword_pkey", "Relation Name": "keyword", "Alias": "k", "Startup Cost": 0.0, "Total Cost": 0.27, "Plan Rows": 1, "Plan Width": 4, "Index Cond": "(id = mk.keyword_id)"}]}]}, "Unique SQL Id": 2846462052}, "explain_analyze_plan": {"Plan": {"Node Type": "Aggregate", "Strategy": "Plain", "Startup Cost": 40623.14, "Total Cost": 40623.15, "Plan Rows": 1, "Plan Width": 123, "Actual Min Startup Time": 338.027, "Actual Max Startup Time": 338.027, "Actual Min Total Time": 338.027, "Actual Max Total Time": 338.027, "Actual Total Rows": 1, "Plans": [{"Node Type": "Nested Loop", "Parent Relationship": "Outer", "Join Type": "Inner", "Startup Cost": 0.0, "Total Cost": 40622.48, "Plan Rows": 132, "Plan Width": 59, "Actual Min Startup Time": 321.241, "Actual Max Startup Time": 321.241, "Actual Min Total Time": 337.236, "Actual Max Total Time": 337.236, "Actual Total Rows": 1140, "Inner Unique": true, "Plans": [{"Node Type": "Nested Loop", "Parent Relationship": "Outer", "Join Type": "Inner", "Startup Cost": 0.0, "Total Cost": 40584.96, "Plan Rows": 134, "Plan Width": 63, "Actual Min Startup Time": 321.229, "Actual Max Startup Time": 321.229, "Actual Min Total Time": 333.543, "Actual Max Total Time": 333.543, "Actual Total Rows": 1140, "Inner Unique": false, "Join Filter": "(t.id = mk.movie_id)", "Rows Removed by Join Filter": 0, "Plans": [{"Node Type": "Nested Loop", "Parent Relationship": "Outer", "Join Type": "Inner", "Startup Cost": 0.0, "Total Cost": 40575.4, "Plan Rows": 17, "Plan Width": 75, "Actual Min Startup Time": 321.211, "Actual Max Startup Time": 321.211, "Actual Min Total Time": 331.835, "Actual Max Total Time": 331.835, "Actual Total Rows": 119, "Inner Unique": true, "Join Filter": "(at.movie_id = t.id)", "Rows Removed by Join Filter": 0, "Plans": [{"Node Type": "Nested Loop", "Parent Relationship": "Outer", "Join Type": "Inner", "Startup Cost": 0.0, "Total Cost": 40571.17, "Plan Rows": 12, "Plan Width": 54, "Actual Min Startup Time": 321.193, "Actual Max Startup Time": 321.193, "Actual Min Total Time": 331.067, "Actual Max Total Time": 331.067, "Actual Total Rows": 119, "Inner Unique": true, "Join Filter": "(mc.company_type_id = ct.id)", "Rows Removed by Join Filter": 495, "Plans": [{"Node Type": "Nested Loop", "Parent Relationship": "Outer", "Join Type": "Inner", "Startup Cost": 0.0, "Total Cost": 40569.59, "Plan Rows": 12, "Plan Width": 58, "Actual Min Startup Time": 321.163, "Actual Max Startup Time": 321.163, "Actual Min Total Time": 330.753, "Actual Max Total Time": 330.753, "Actual Total Rows": 284, "Inner Unique": true, "Plans": [{"Node Type": "Nested Loop", "Parent Relationship": "Outer", "Join Type": "Inner", "Startup Cost": 0.0, "Total Cost": 40563.84, "Plan Rows": 20, "Plan Width": 62, "Actual Min Startup Time": 321.145, "Actual Max Startup Time": 321.145, "Actual Min Total Time": 328.756, "Actual Max Total Time": 328.756, "Actual Total Rows": 400, "Inner Unique": false, "Plans": [{"Node Type": "Nested Loop", "Parent Relationship": "Outer", "Join Type": "Inner", "Startup Cost": 0.0, "Total Cost": 40558.53, "Plan Rows": 9, "Plan Width": 50, "Actual Min Startup Time": 321.126, "Actual Max Startup Time": 321.126, "Actual Min Total Time": 327.656, "Actual Max Total Time": 327.656, "Actual Total Rows": 120, "Inner Unique": false, "Plans": [{"Node Type": "Nested Loop", "Parent Relationship": "Outer", "Join Type": "Inner", "Startup Cost": 0.0, "Total Cost": 40543.12, "Plan Rows": 4, "Plan Width": 46, "Actual Min Startup Time": 320.978, "Actual Max Startup Time": 320.978, "Actual Min Total Time": 321.981, "Actual Max Total Time": 321.981, "Actual Total Rows": 1783, "Inner Unique": false, "Join Filter": "(it1.id = mi.info_type_id)", "Rows Removed by Join Filter": 0, "Plans": [{"Node Type": "Seq Scan", "Parent Relationship": "Outer", "Relation Name": "info_type", "Alias": "it1", "Startup Cost": 0.0, "Total Cost": 2.4, "Plan Rows": 1, "Plan Width": 4, "Actual Min Startup Time": 0.075, "Actual Max Startup Time": 0.075, "Actual Min Total Time": 0.1, "Actual Max Total Time": 0.1, "Actual Total Rows": 1, "Filter": "((info)::text = 'release dates'::text)", "Rows Removed by Filter": 111}, {"Node Type": "Materialize", "Parent Relationship": "Inner", "Startup Cost": 0.0, "Total Cost": 40538.17, "Plan Rows": 255, "Plan Width": 50, "Actual Min Startup Time": 320.878, "Actual Max Startup Time": 320.878, "Actual Min Total Time": 321.139, "Actual Max Total Time": 321.139, "Actual Total Rows": 1784, "Plans": [{"Node Type": "Streaming(type: LOCAL GATHER dop: 1/16)", "Parent Relationship": "Outer", "Startup Cost": 0.0, "Total Cost": 40537.53, "Plan Rows": 255, "Plan Width": 50, "Actual Min Startup Time": 146.786, "Actual Max Startup Time": 146.786, "Actual Min Total Time": 320.518, "Actual Max Total Time": 320.518, "Actual Total Rows": 1783, "Plans": [{"Node Type": "Seq Scan", "Parent Relationship": "Outer", "Relation Name": "movie_info", "Alias": "mi", "Startup Cost": 0.0, "Total Cost": 40532.03, "Plan Rows": 255, "Plan Width": 50, "Actual Min Startup Time": 80.895, "Actual Max Startup Time": 89.081, "Actual Min Total Time": 294.93, "Actual Max Total Time": 303.802, "Actual Total Rows": 1783, "Filter": "((info IS NOT NULL) AND ((note)::text ~~ '%internet%'::text) AND (((info)::text ~~ 'USA:% 199%'::text) OR ((info)::text ~~ 'USA:% 200%'::text)))", "Rows Removed by Filter": 14833936}]}]}]}, {"Node Type": "Index Only Scan", "Parent Relationship": "Inner", "Scan Direction": "Forward", "Index Name": "movie_id_aka_title", "Relation Name": "aka_title", "Alias": "at", "Startup Cost": 0.0, "Total Cost": 3.82, "Plan Rows": 3, "Plan Width": 4, "Actual Min Startup Time": 4.798, "Actual Max Startup Time": 4.798, "Actual Min Total Time": 4.847, "Actual Max Total Time": 4.847, "Actual Total Rows": 120, "Index Cond": "(movie_id = mi.movie_id)", "Rows Removed by Index Recheck": 0, "Heap Fetches": 0}]}, {"Node Type": "Index Scan", "Parent Relationship": "Inner", "Scan Direction": "Forward", "Index Name": "movie_id_movie_companies", "Relation Name": "movie_companies", "Alias": "mc", "Startup Cost": 0.0, "Total Cost": 0.57, "Plan Rows": 2, "Plan Width": 12, "Actual Min Startup Time": 0.655, "Actual Max Startup Time": 0.655, "Actual Min Total Time": 0.923, "Actual Max Total Time": 0.923, "Actual Total Rows": 400, "Index Cond": "(movie_id = at.movie_id)", "Rows Removed by Index Recheck": 0}]}, {"Node Type": "Index Scan", "Parent Relationship": "Inner", "Scan Direction": "Forward", "Index Name": "company_name_pkey", "Relation Name": "company_name", "Alias": "cn", "Startup Cost": 0.0, "Total Cost": 0.28, "Plan Rows": 1, "Plan Width": 4, "Actual Min Startup Time": 1.69, "Actual Max Startup Time": 1.69, "Actual Min Total Time": 1.69, "Actual Max Total Time": 1.69, "Actual Total Rows": 284, "Index Cond": "(id = mc.company_id)", "Rows Removed by Index Recheck": 0, "Filter": "((country_code)::text = '[us]'::text)", "Rows Removed by Filter": 116}]}, {"Node Type": "Materialize", "Parent Relationship": "Inner", "Startup Cost": 0.0, "Total Cost": 1.04, "Plan Rows": 3, "Plan Width": 4, "Actual Min Startup Time": 0.051, "Actual Max Startup Time": 0.051, "Actual Min Total Time": 0.097, "Actual Max Total Time": 0.097, "Actual Total Rows": 614, "Plans": [{"Node Type": "Seq Scan", "Parent Relationship": "Outer", "Relation Name": "company_type", "Alias": "ct", "Startup Cost": 0.0, "Total Cost": 1.03, "Plan Rows": 3, "Plan Width": 4, "Actual Min Startup Time": 0.006, "Actual Max Startup Time": 0.006, "Actual Min Total Time": 0.008, "Actual Max Total Time": 0.008, "Actual Total Rows": 3}]}]}, {"Node Type": "Index Scan", "Parent Relationship": "Inner", "Scan Direction": "Forward", "Index Name": "title_pkey", "Relation Name": "title", "Alias": "t", "Startup Cost": 0.0, "Total Cost": 0.34, "Plan Rows": 1, "Plan Width": 21, "Actual Min Startup Time": 0.629, "Actual Max Startup Time": 0.629, "Actual Min Total Time": 0.629, "Actual Max Total Time": 0.629, "Actual Total Rows": 119, "Index Cond": "(id = mc.movie_id)", "Rows Removed by Index Recheck": 0, "Filter": "(production_year > 1990)", "Rows Removed by Filter": 0}]}, {"Node Type": "Index Scan", "Parent Relationship": "Inner", "Scan Direction": "Forward", "Index Name": "movie_id_movie_keyword", "Relation Name": "movie_keyword", "Alias": "mk", "Startup Cost": 0.0, "Total Cost": 0.46, "Plan Rows": 8, "Plan Width": 8, "Actual Min Startup Time": 0.625, "Actual Max Startup Time": 0.625, "Actual Min Total Time": 1.187, "Actual Max Total Time": 1.187, "Actual Total Rows": 1140, "Index Cond": "(movie_id = mc.movie_id)", "Rows Removed by Index Recheck": 0}]}, {"Node Type": "Index Only Scan", "Parent Relationship": "Inner", "Scan Direction": "Forward", "Index Name": "keyword_pkey", "Relation Name": "keyword", "Alias": "k", "Startup Cost": 0.0, "Total Cost": 0.27, "Plan Rows": 1, "Plan Width": 4, "Actual Min Startup Time": 2.936, "Actual Max Startup Time": 2.936, "Actual Min Total Time": 2.936, "Actual Max Total Time": 2.936, "Actual Total Rows": 1140, "Index Cond": "(id = mk.keyword_id)", "Rows Removed by Index Recheck": 0, "Heap Fetches": 0}]}]}, "Triggers": [], "Planner Runtime": 248.606, "Total Runtime": 341.167, "Unique SQL Id": 2846462052}}, "(16, 41)": {"explain_plan": {"Plan": {"Node Type": "Aggregate", "Strategy": "Plain", "Startup Cost": 496841.72, "Total Cost": 496841.73, "Plan Rows": 1, "Plan Width": 123, "Plans": [{"Node Type": "Nested Loop", "Parent Relationship": "Outer", "Join Type": "Inner", "Startup Cost": 0.0, "Total Cost": 496841.06, "Plan Rows": 132, "Plan Width": 59, "Inner Unique": true, "Plans": [{"Node Type": "Nested Loop", "Parent Relationship": "Outer", "Join Type": "Inner", "Startup Cost": 0.0, "Total Cost": 496803.53, "Plan Rows": 134, "Plan Width": 63, "Inner Unique": false, "Join Filter": "(t.id = mk.movie_id)", "Plans": [{"Node Type": "Nested Loop", "Parent Relationship": "Outer", "Join Type": "Inner", "Startup Cost": 0.0, "Total Cost": 496793.97, "Plan Rows": 17, "Plan Width": 75, "Inner Unique": true, "Join Filter": "(at.movie_id = t.id)", "Plans": [{"Node Type": "Nested Loop", "Parent Relationship": "Outer", "Join Type": "Inner", "Startup Cost": 0.0, "Total Cost": 496789.74, "Plan Rows": 12, "Plan Width": 54, "Inner Unique": true, "Plans": [{"Node Type": "Nested Loop", "Parent Relationship": "Outer", "Join Type": "Inner", "Startup Cost": 0.0, "Total Cost": 496786.38, "Plan Rows": 12, "Plan Width": 58, "Inner Unique": true, "Plans": [{"Node Type": "Nested Loop", "Parent Relationship": "Outer", "Join Type": "Inner", "Startup Cost": 0.0, "Total Cost": 496780.63, "Plan Rows": 20, "Plan Width": 62, "Inner Unique": false, "Plans": [{"Node Type": "Nested Loop", "Parent Relationship": "Outer", "Join Type": "Inner", "Startup Cost": 0.0, "Total Cost": 496775.32, "Plan Rows": 9, "Plan Width": 50, "Inner Unique": false, "Plans": [{"Node Type": "Nested Loop", "Parent Relationship": "Outer", "Join Type": "Inner", "Startup Cost": 0.0, "Total Cost": 496759.91, "Plan Rows": 4, "Plan Width": 46, "Inner Unique": false, "Plans": [{"Node Type": "Index Scan", "Parent Relationship": "Outer", "Scan Direction": "Forward", "Index Name": "info_type_pkey", "Relation Name": "info_type", "Alias": "it1", "Startup Cost": 0.0, "Total Cost": 14.21, "Plan Rows": 1, "Plan Width": 4, "Filter": "((info)::text = 'release dates'::text)"}, {"Node Type": "Index Scan", "Parent Relationship": "Inner", "Scan Direction": "Forward", "Index Name": "info_type_id_movie_info", "Relation Name": "movie_info", "Alias": "mi", "Startup Cost": 0.0, "Total Cost": 496745.66, "Plan Rows": 4, "Plan Width": 50, "Index Cond": "(info_type_id = it1.id)", "Filter": "((info IS NOT NULL) AND ((note)::text ~~ '%internet%'::text) AND (((info)::text ~~ 'USA:% 199%'::text) OR ((info)::text ~~ 'USA:% 200%'::text)))"}]}, {"Node Type": "Index Only Scan", "Parent Relationship": "Inner", "Scan Direction": "Forward", "Index Name": "movie_id_aka_title", "Relation Name": "aka_title", "Alias": "at", "Startup Cost": 0.0, "Total Cost": 3.82, "Plan Rows": 3, "Plan Width": 4, "Index Cond": "(movie_id = mi.movie_id)"}]}, {"Node Type": "Index Scan", "Parent Relationship": "Inner", "Scan Direction": "Forward", "Index Name": "movie_id_movie_companies", "Relation Name": "movie_companies", "Alias": "mc", "Startup Cost": 0.0, "Total Cost": 0.57, "Plan Rows": 2, "Plan Width": 12, "Index Cond": "(movie_id = at.movie_id)"}]}, {"Node Type": "Index Scan", "Parent Relationship": "Inner", "Scan Direction": "Forward", "Index Name": "company_name_pkey", "Relation Name": "company_name", "Alias": "cn", "Startup Cost": 0.0, "Total Cost": 0.28, "Plan Rows": 1, "Plan Width": 4, "Index Cond": "(id = mc.company_id)", "Filter": "((country_code)::text = '[us]'::text)"}]}, {"Node Type": "Index Only Scan", "Parent Relationship": "Inner", "Scan Direction": "Forward", "Index Name": "company_type_pkey", "Relation Name": "company_type", "Alias": "ct", "Startup Cost": 0.0, "Total Cost": 0.27, "Plan Rows": 1, "Plan Width": 4, "Index Cond": "(id = mc.company_type_id)"}]}, {"Node Type": "Index Scan", "Parent Relationship": "Inner", "Scan Direction": "Forward", "Index Name": "title_pkey", "Relation Name": "title", "Alias": "t", "Startup Cost": 0.0, "Total Cost": 0.34, "Plan Rows": 1, "Plan Width": 21, "Index Cond": "(id = mc.movie_id)", "Filter": "(production_year > 1990)"}]}, {"Node Type": "Index Scan", "Parent Relationship": "Inner", "Scan Direction": "Forward", "Index Name": "movie_id_movie_keyword", "Relation Name": "movie_keyword", "Alias": "mk", "Startup Cost": 0.0, "Total Cost": 0.46, "Plan Rows": 8, "Plan Width": 8, "Index Cond": "(movie_id = mc.movie_id)"}]}, {"Node Type": "Index Only Scan", "Parent Relationship": "Inner", "Scan Direction": "Forward", "Index Name": "keyword_pkey", "Relation Name": "keyword", "Alias": "k", "Startup Cost": 0.0, "Total Cost": 0.27, "Plan Rows": 1, "Plan Width": 4, "Index Cond": "(id = mk.keyword_id)"}]}]}, "Unique SQL Id": 2846462052}, "explain_analyze_plan": null}, "(16, 42)": {"explain_plan": {"Plan": {"Node Type": "Aggregate", "Strategy": "Plain", "Startup Cost": 145917.69, "Total Cost": 145917.7, "Plan Rows": 1, "Plan Width": 123, "Plans": [{"Node Type": "Nested Loop", "Parent Relationship": "Outer", "Join Type": "Inner", "Startup Cost": 110902.34, "Total Cost": 145917.02, "Plan Rows": 134, "Plan Width": 59, "Inner Unique": true, "Join Filter": "(mc.company_type_id = ct.id)", "Plans": [{"Node Type": "Hash Join", "Parent Relationship": "Outer", "Join Type": "Inner", "Startup Cost": 110902.34, "Total Cost": 145909.96, "Plan Rows": 134, "Plan Width": 63, "Inner Unique": true, "Hash Cond": "(mk.keyword_id = k.id)", "Plans": [{"Node Type": "Streaming(type: LOCAL GATHER dop: 1/16)", "Parent Relationship": "Outer", "Startup Cost": 108700.05, "Total Cost": 143705.86, "Plan Rows": 134, "Plan Width": 67, "Plans": [{"Node Type": "Hash Join", "Parent Relationship": "Outer", "Join Type": "Inner", "Startup Cost": 108700.05, "Total Cost": 143702.97, "Plan Rows": 134, "Plan Width": 67, "Inner Unique": true, "Hash Cond": "(at.movie_id = t.id)", "Plans": [{"Node Type": "Streaming(type: BROADCAST dop: 16/1)", "Parent Relationship": "Outer", "Startup Cost": 102546.43, "Total Cost": 137548.9, "Plan Rows": 1552, "Plan Width": 66, "Plans": [{"Node Type": "Hash Join", "Parent Relationship": "Outer", "Join Type": "Inner", "Startup Cost": 102546.43, "Total Cost": 122515.4, "Plan Rows": 97, "Plan Width": 66, "Inner Unique": true, "Hash Cond": "(mc.company_id = cn.id)", "Plans": [{"Node Type": "Streaming(type: LOCAL GATHER dop: 1/16)", "Parent Relationship": "Outer", "Startup Cost": 100005.94, "Total Cost": 119972.39, "Plan Rows": 161, "Plan Width": 70, "Plans": [{"Node Type": "Hash Join", "Parent Relationship": "Outer", "Join Type": "Inner", "Startup Cost": 100005.94, "Total Cost": 119968.92, "Plan Rows": 161, "Plan Width": 70, "Inner Unique": false, "Hash Cond": "(mk.movie_id = at.movie_id)", "Plans": [{"Node Type": "Seq Scan", "Parent Relationship": "Outer", "Relation Name": "movie_keyword", "Alias": "mk", "Startup Cost": 0.0, "Total Cost": 18902.58, "Plan Rows": 4523929, "Plan Width": 8}, {"Node Type": "Hash", "Parent Relationship": "Inner", "Startup Cost": 100005.69, "Total Cost": 100005.69, "Plan Rows": 320, "Plan Width": 62, "Plans": [{"Node Type": "Streaming(type: BROADCAST dop: 16/16)", "Parent Relationship": "Outer", "Startup Cost": 66779.77, "Total Cost": 100005.69, "Plan Rows": 320, "Plan Width": 62, "Plans": [{"Node Type": "Hash Join", "Parent Relationship": "Outer", "Join Type": "Inner", "Startup Cost": 66779.77, "Total Cost": 85004.88, "Plan Rows": 20, "Plan Width": 62, "Inner Unique": false, "Hash Cond": "(mc.movie_id = at.movie_id)", "Plans": [{"Node Type": "Seq Scan", "Parent Relationship": "Outer", "Relation Name": "movie_companies", "Alias": "mc", "Startup Cost": 0.0, "Total Cost": 17613.58, "Plan Rows": 2609128, "Plan Width": 12}, {"Node Type": "Hash", "Parent Relationship": "Inner", "Startup Cost": 66779.66, "Total Cost": 66779.66, "Plan Rows": 144, "Plan Width": 50, "Plans": [{"Node Type": "Streaming(type: BROADCAST dop: 16/1)", "Parent Relationship": "Outer", "Startup Cost": 40543.17, "Total Cost": 66779.66, "Plan Rows": 144, "Plan Width": 50, "Plans": [{"Node Type": "Hash Join", "Parent Relationship": "Outer", "Join Type": "Inner", "Startup Cost": 40543.17, "Total Cost": 51776.55, "Plan Rows": 9, "Plan Width": 50, "Inner Unique": false, "Hash Cond": "(at.movie_id = mi.movie_id)", "Plans": [{"Node Type": "Seq Scan", "Parent Relationship": "Outer", "Relation Name": "aka_title", "Alias": "at", "Startup Cost": 0.0, "Total Cost": 9894.71, "Plan Rows": 361471, "Plan Width": 4}, {"Node Type": "Hash", "Parent Relationship": "Inner", "Startup Cost": 40543.12, "Total Cost": 40543.12, "Plan Rows": 4, "Plan Width": 46, "Plans": [{"Node Type": "Nested Loop", "Parent Relationship": "Outer", "Join Type": "Inner", "Startup Cost": 0.0, "Total Cost": 40543.12, "Plan Rows": 4, "Plan Width": 46, "Inner Unique": false, "Join Filter": "(it1.id = mi.info_type_id)", "Plans": [{"Node Type": "Seq Scan", "Parent Relationship": "Outer", "Relation Name": "info_type", "Alias": "it1", "Startup Cost": 0.0, "Total Cost": 2.4, "Plan Rows": 1, "Plan Width": 4, "Filter": "((info)::text = 'release dates'::text)"}, {"Node Type": "Materialize", "Parent Relationship": "Inner", "Startup Cost": 0.0, "Total Cost": 40538.17, "Plan Rows": 255, "Plan Width": 50, "Plans": [{"Node Type": "Streaming(type: LOCAL GATHER dop: 1/16)", "Parent Relationship": "Outer", "Startup Cost": 0.0, "Total Cost": 40537.53, "Plan Rows": 255, "Plan Width": 50, "Plans": [{"Node Type": "Seq Scan", "Parent Relationship": "Outer", "Relation Name": "movie_info", "Alias": "mi", "Startup Cost": 0.0, "Total Cost": 40532.03, "Plan Rows": 255, "Plan Width": 50, "Filter": "((info IS NOT NULL) AND ((note)::text ~~ '%internet%'::text) AND (((info)::text ~~ 'USA:% 199%'::text) OR ((info)::text ~~ 'USA:% 200%'::text)))"}]}]}]}]}]}]}]}]}]}]}]}]}, {"Node Type": "Hash", "Parent Relationship": "Inner", "Startup Cost": 5903.45, "Total Cost": 5903.45, "Plan Rows": 85170, "Plan Width": 4, "Plans": [{"Node Type": "Seq Scan", "Parent Relationship": "Outer", "Relation Name": "company_name", "Alias": "cn", "Startup Cost": 0.0, "Total Cost": 5903.45, "Plan Rows": 85170, "Plan Width": 4, "Filter": "((country_code)::text = '[us]'::text)"}]}]}]}, {"Node Type": "Hash", "Parent Relationship": "Inner", "Startup Cost": 19149.37, "Total Cost": 19149.37, "Plan Rows": 1748840, "Plan Width": 21, "Plans": [{"Node Type": "Seq Scan", "Parent Relationship": "Outer", "Relation Name": "title", "Alias": "t", "Startup Cost": 0.0, "Total Cost": 19149.37, "Plan Rows": 1748840, "Plan Width": 21, "Filter": "(production_year > 1990), (LLVM Optimized)"}]}]}]}, {"Node Type": "Hash", "Parent Relationship": "Inner", "Startup Cost": 2100.69, "Total Cost": 2100.69, "Plan Rows": 134169, "Plan Width": 4, "Plans": [{"Node Type": "Seq Scan", "Parent Relationship": "Outer", "Relation Name": "keyword", "Alias": "k", "Startup Cost": 0.0, "Total Cost": 2100.69, "Plan Rows": 134169, "Plan Width": 4}]}]}, {"Node Type": "Materialize", "Parent Relationship": "Inner", "Startup Cost": 0.0, "Total Cost": 1.04, "Plan Rows": 3, "Plan Width": 4, "Plans": [{"Node Type": "Seq Scan", "Parent Relationship": "Outer", "Relation Name": "company_type", "Alias": "ct", "Startup Cost": 0.0, "Total Cost": 1.03, "Plan Rows": 3, "Plan Width": 4}]}]}]}, "Unique SQL Id": 2846462052}, "explain_analyze_plan": {"Plan": {"Node Type": "Aggregate", "Strategy": "Plain", "Startup Cost": 145917.69, "Total Cost": 145917.7, "Plan Rows": 1, "Plan Width": 123, "Actual Min Startup Time": 751.631, "Actual Max Startup Time": 751.631, "Actual Min Total Time": 751.631, "Actual Max Total Time": 751.631, "Actual Total Rows": 1, "Plans": [{"Node Type": "Nested Loop", "Parent Relationship": "Outer", "Join Type": "Inner", "Startup Cost": 110902.34, "Total Cost": 145917.02, "Plan Rows": 134, "Plan Width": 59, "Actual Min Startup Time": 678.675, "Actual Max Startup Time": 678.675, "Actual Min Total Time": 750.948, "Actual Max Total Time": 750.948, "Actual Total Rows": 1140, "Inner Unique": true, "Join Filter": "(mc.company_type_id = ct.id)", "Rows Removed by Join Filter": 3393, "Plans": [{"Node Type": "Hash Join", "Parent Relationship": "Outer", "Join Type": "Inner", "Startup Cost": 110902.34, "Total Cost": 145909.96, "Plan Rows": 134, "Plan Width": 63, "Actual Min Startup Time": 678.576, "Actual Max Startup Time": 678.576, "Actual Min Total Time": 748.829, "Actual Max Total Time": 748.829, "Actual Total Rows": 2271, "Inner Unique": true, "Hash Cond": "(mk.keyword_id = k.id)", "Plans": [{"Node Type": "Streaming(type: LOCAL GATHER dop: 1/16)", "Parent Relationship": "Outer", "Startup Cost": 108700.05, "Total Cost": 143705.86, "Plan Rows": 134, "Plan Width": 67, "Actual Min Startup Time": 605.512, "Actual Max Startup Time": 605.512, "Actual Min Total Time": 674.657, "Actual Max Total Time": 674.657, "Actual Total Rows": 2271, "Plans": [{"Node Type": "Hash Join", "Parent Relationship": "Outer", "Join Type": "Inner", "Startup Cost": 108700.05, "Total Cost": 143702.97, "Plan Rows": 134, "Plan Width": 67, "Actual Min Startup Time": 522.702, "Actual Max Startup Time": 651.908, "Actual Min Total Time": 631.426, "Actual Max Total Time": 671.255, "Actual Total Rows": 2271, "Inner Unique": true, "Hash Cond": "(at.movie_id = t.id)", "Plans": [{"Node Type": "Streaming(type: BROADCAST dop: 16/1)", "Parent Relationship": "Outer", "Startup Cost": 102546.43, "Total Cost": 137548.9, "Plan Rows": 1552, "Plan Width": 66, "Actual Min Startup Time": 416.412, "Actual Max Startup Time": 461.277, "Actual Min Total Time": 528.803, "Actual Max Total Time": 573.17, "Actual Total Rows": 36336, "Plans": [{"Node Type": "Hash Join", "Parent Relationship": "Outer", "Join Type": "Inner", "Startup Cost": 102546.43, "Total Cost": 122515.4, "Plan Rows": 97, "Plan Width": 66, "Actual Min Startup Time": 547.358, "Actual Max Startup Time": 547.358, "Actual Min Total Time": 631.424, "Actual Max Total Time": 631.424, "Actual Total Rows": 2271, "Inner Unique": true, "Hash Cond": "(mc.company_id = cn.id)", "Plans": [{"Node Type": "Streaming(type: LOCAL GATHER dop: 1/16)", "Parent Relationship": "Outer", "Startup Cost": 100005.94, "Total Cost": 119972.39, "Plan Rows": 161, "Plan Width": 70, "Actual Min Startup Time": 425.693, "Actual Max Startup Time": 425.693, "Actual Min Total Time": 508.418, "Actual Max Total Time": 508.418, "Actual Total Rows": 3123, "Plans": [{"Node Type": "Hash Join", "Parent Relationship": "Outer", "Join Type": "Inner", "Startup Cost": 100005.94, "Total Cost": 119968.92, "Plan Rows": 161, "Plan Width": 70, "Actual Min Startup Time": 536.217, "Actual Max Startup Time": 640.218, "Actual Min Total Time": 637.906, "Actual Max Total Time": 665.178, "Actual Total Rows": 3123, "Inner Unique": false, "Hash Cond": "(mk.movie_id = at.movie_id)", "Plans": [{"Node Type": "Seq Scan", "Parent Relationship": "Outer", "Relation Name": "movie_keyword", "Alias": "mk", "Startup Cost": 0.0, "Total Cost": 18902.58, "Plan Rows": 4523929, "Plan Width": 8, "Actual Min Startup Time": 0.057, "Actual Max Startup Time": 0.077, "Actual Min Total Time": 57.377, "Actual Max Total Time": 63.476, "Actual Total Rows": 4523929}, {"Node Type": "Hash", "Parent Relationship": "Inner", "Startup Cost": 100005.69, "Total Cost": 100005.69, "Plan Rows": 320, "Plan Width": 62, "Actual Min Startup Time": 532.732, "Actual Max Startup Time": 561.103, "Actual Min Total Time": 532.732, "Actual Max Total Time": 561.103, "Actual Total Rows": 6400, "Max Hash Buckets": 32768, "Min Hash Buckets": 32768, "Max Hash Batches": 1, "Min Hash Batches": 1, "Max Original Hash Batches": 1, "Min Original Hash Batches": 1, "Max Peak Memory Usage": 29, "min Peak Memory Usage": 29, "Plans": [{"Node Type": "Streaming(type: BROADCAST dop: 16/16)", "Parent Relationship": "Outer", "Startup Cost": 66779.77, "Total Cost": 100005.69, "Plan Rows": 320, "Plan Width": 62, "Actual Min Startup Time": 521.287, "Actual Max Startup Time": 549.686, "Actual Min Total Time": 532.609, "Actual Max Total Time": 560.986, "Actual Total Rows": 6400, "Plans": [{"Node Type": "Hash Join", "Parent Relationship": "Outer", "Join Type": "Inner", "Startup Cost": 66779.77, "Total Cost": 85004.88, "Plan Rows": 20, "Plan Width": 62, "Actual Min Startup Time": 470.239, "Actual Max Startup Time": 504.882, "Actual Min Total Time": 524.261, "Actual Max Total Time": 564.03, "Actual Total Rows": 400, "Inner Unique": false, "Hash Cond": "(mc.movie_id = at.movie_id)", "Plans": [{"Node Type": "Seq Scan", "Parent Relationship": "Outer", "Relation Name": "movie_companies", "Alias": "mc", "Startup Cost": 0.0, "Total Cost": 17613.58, "Plan Rows": 2609128, "Plan Width": 12, "Actual Min Startup Time": 0.035, "Actual Max Startup Time": 0.062, "Actual Min Total Time": 32.926, "Actual Max Total Time": 40.022, "Actual Total Rows": 2609128}, {"Node Type": "Hash", "Parent Relationship": "Inner", "Startup Cost": 66779.66, "Total Cost": 66779.66, "Plan Rows": 144, "Plan Width": 50, "Actual Min Startup Time": 463.428, "Actual Max Startup Time": 497.81, "Actual Min Total Time": 463.428, "Actual Max Total Time": 497.81, "Actual Total Rows": 1920, "Max Hash Buckets": 32768, "Min Hash Buckets": 32768, "Max Hash Batches": 1, "Min Hash Batches": 1, "Max Original Hash Batches": 1, "Min Original Hash Batches": 1, "Max Peak Memory Usage": 8, "min Peak Memory Usage": 8, "Plans": [{"Node Type": "Streaming(type: BROADCAST dop: 16/1)", "Parent Relationship": "Outer", "Startup Cost": 40543.17, "Total Cost": 66779.66, "Plan Rows": 144, "Plan Width": 50, "Actual Min Startup Time": 422.459, "Actual Max Startup Time": 456.845, "Actual Min Total Time": 463.372, "Actual Max Total Time": 497.746, "Actual Total Rows": 1920, "Plans": [{"Node Type": "Hash Join", "Parent Relationship": "Outer", "Join Type": "Inner", "Startup Cost": 40543.17, "Total Cost": 51776.55, "Plan Rows": 9, "Plan Width": 50, "Actual Min Startup Time": 307.463, "Actual Max Startup Time": 307.463, "Actual Min Total Time": 469.161, "Actual Max Total Time": 469.161, "Actual Total Rows": 120, "Inner Unique": false, "Hash Cond": "(at.movie_id = mi.movie_id)", "Plans": [{"Node Type": "Seq Scan", "Parent Relationship": "Outer", "Relation Name": "aka_title", "Alias": "at", "Startup Cost": 0.0, "Total Cost": 9894.71, "Plan Rows": 361471, "Plan Width": 4, "Actual Min Startup Time": 0.033, "Actual Max Startup Time": 0.033, "Actual Min Total Time": 97.995, "Actual Max Total Time": 97.995, "Actual Total Rows": 361471}, {"Node Type": "Hash", "Parent Relationship": "Inner", "Startup Cost": 40543.12, "Total Cost": 40543.12, "Plan Rows": 4, "Plan Width": 46, "Actual Min Startup Time": 307.139, "Actual Max Startup Time": 307.139, "Actual Min Total Time": 307.139, "Actual Max Total Time": 307.139, "Actual Total Rows": 1783, "Max Hash Buckets": 32768, "Min Hash Buckets": 32768, "Max Hash Batches": 1, "Min Hash Batches": 1, "Max Original Hash Batches": 1, "Min Original Hash Batches": 1, "Max Peak Memory Usage": 99, "min Peak Memory Usage": 99, "Plans": [{"Node Type": "Nested Loop", "Parent Relationship": "Outer", "Join Type": "Inner", "Startup Cost": 0.0, "Total Cost": 40543.12, "Plan Rows": 4, "Plan Width": 46, "Actual Min Startup Time": 305.778, "Actual Max Startup Time": 305.778, "Actual Min Total Time": 306.577, "Actual Max Total Time": 306.577, "Actual Total Rows": 1783, "Inner Unique": false, "Join Filter": "(it1.id = mi.info_type_id)", "Rows Removed by Join Filter": 0, "Plans": [{"Node Type": "Seq Scan", "Parent Relationship": "Outer", "Relation Name": "info_type", "Alias": "it1", "Startup Cost": 0.0, "Total Cost": 2.4, "Plan Rows": 1, "Plan Width": 4, "Actual Min Startup Time": 0.066, "Actual Max Startup Time": 0.066, "Actual Min Total Time": 0.09, "Actual Max Total Time": 0.09, "Actual Total Rows": 1, "Filter": "((info)::text = 'release dates'::text)", "Rows Removed by Filter": 111}, {"Node Type": "Materialize", "Parent Relationship": "Inner", "Startup Cost": 0.0, "Total Cost": 40538.17, "Plan Rows": 255, "Plan Width": 50, "Actual Min Startup Time": 305.68, "Actual Max Startup Time": 305.68, "Actual Min Total Time": 305.846, "Actual Max Total Time": 305.846, "Actual Total Rows": 1784, "Plans": [{"Node Type": "Streaming(type: LOCAL GATHER dop: 1/16)", "Parent Relationship": "Outer", "Startup Cost": 0.0, "Total Cost": 40537.53, "Plan Rows": 255, "Plan Width": 50, "Actual Min Startup Time": 131.885, "Actual Max Startup Time": 131.885, "Actual Min Total Time": 305.335, "Actual Max Total Time": 305.335, "Actual Total Rows": 1783, "Plans": [{"Node Type": "Seq Scan", "Parent Relationship": "Outer", "Relation Name": "movie_info", "Alias": "mi", "Startup Cost": 0.0, "Total Cost": 40532.03, "Plan Rows": 255, "Plan Width": 50, "Actual Min Startup Time": 81.217, "Actual Max Startup Time": 89.305, "Actual Min Total Time": 295.699, "Actual Max Total Time": 303.732, "Actual Total Rows": 1783, "Filter": "((info IS NOT NULL) AND ((note)::text ~~ '%internet%'::text) AND (((info)::text ~~ 'USA:% 199%'::text) OR ((info)::text ~~ 'USA:% 200%'::text)))", "Rows Removed by Filter": 14833936}]}]}]}]}]}]}]}]}]}]}]}]}, {"Node Type": "Hash", "Parent Relationship": "Inner", "Startup Cost": 5903.45, "Total Cost": 5903.45, "Plan Rows": 85170, "Plan Width": 4, "Actual Min Startup Time": 121.381, "Actual Max Startup Time": 121.381, "Actual Min Total Time": 121.381, "Actual Max Total Time": 121.381, "Actual Total Rows": 84843, "Max Hash Buckets": 131072, "Min Hash Buckets": 131072, "Max Hash Batches": 1, "Min Hash Batches": 1, "Max Original Hash Batches": 1, "Min Original Hash Batches": 1, "Max Peak Memory Usage": 2983, "min Peak Memory Usage": 2983, "Plans": [{"Node Type": "Seq Scan", "Parent Relationship": "Outer", "Relation Name": "company_name", "Alias": "cn", "Startup Cost": 0.0, "Total Cost": 5903.45, "Plan Rows": 85170, "Plan Width": 4, "Actual Min Startup Time": 0.073, "Actual Max Startup Time": 0.073, "Actual Min Total Time": 97.731, "Actual Max Total Time": 97.731, "Actual Total Rows": 84843, "Filter": "((country_code)::text = '[us]'::text)", "Rows Removed by Filter": 150153}]}]}]}, {"Node Type": "Hash", "Parent Relationship": "Inner", "Startup Cost": 19149.37, "Total Cost": 19149.37, "Plan Rows": 1748840, "Plan Width": 21, "Actual Min Startup Time": 97.381, "Actual Max Startup Time": 102.063, "Actual Min Total Time": 97.381, "Actual Max Total Time": 102.063, "Actual Total Rows": 1749032, "Max Hash Buckets": 131072, "Min Hash Buckets": 131072, "Max Hash Batches": 1, "Min Hash Batches": 1, "Max Original Hash Batches": 1, "Min Original Hash Batches": 1, "Max Peak Memory Usage": 5962, "min Peak Memory Usage": 5962, "Plans": [{"Node Type": "Seq Scan", "Parent Relationship": "Outer", "Relation Name": "title", "Alias": "t", "Startup Cost": 0.0, "Total Cost": 19149.37, "Plan Rows": 1748840, "Plan Width": 21, "Actual Min Startup Time": 0.025, "Actual Max Startup Time": 0.039, "Actual Min Total Time": 63.19, "Actual Max Total Time": 67.215, "Actual Total Rows": 1749032, "Filter": "(production_year > 1990), (LLVM Optimized, Jit Execute)", "Rows Removed by Filter": 779279}]}]}]}, {"Node Type": "Hash", "Parent Relationship": "Inner", "Startup Cost": 2100.69, "Total Cost": 2100.69, "Plan Rows": 134169, "Plan Width": 4, "Actual Min Startup Time": 72.825, "Actual Max Startup Time": 72.825, "Actual Min Total Time": 72.825, "Actual Max Total Time": 72.825, "Actual Total Rows": 134169, "Max Hash Buckets": 262144, "Min Hash Buckets": 262144, "Max Hash Batches": 1, "Min Hash Batches": 1, "Max Original Hash Batches": 1, "Min Original Hash Batches": 1, "Max Peak Memory Usage": 4717, "min Peak Memory Usage": 4717, "Plans": [{"Node Type": "Seq Scan", "Parent Relationship": "Outer", "Relation Name": "keyword", "Alias": "k", "Startup Cost": 0.0, "Total Cost": 2100.69, "Plan Rows": 134169, "Plan Width": 4, "Actual Min Startup Time": 0.045, "Actual Max Startup Time": 0.045, "Actual Min Total Time": 37.928, "Actual Max Total Time": 37.928, "Actual Total Rows": 134169}]}]}, {"Node Type": "Materialize", "Parent Relationship": "Inner", "Startup Cost": 0.0, "Total Cost": 1.04, "Plan Rows": 3, "Plan Width": 4, "Actual Min Startup Time": 0.241, "Actual Max Startup Time": 0.241, "Actual Min Total Time": 0.568, "Actual Max Total Time": 0.568, "Actual Total Rows": 4534, "Plans": [{"Node Type": "Seq Scan", "Parent Relationship": "Outer", "Relation Name": "company_type", "Alias": "ct", "Startup Cost": 0.0, "Total Cost": 1.03, "Plan Rows": 3, "Plan Width": 4, "Actual Min Startup Time": 0.031, "Actual Max Startup Time": 0.031, "Actual Min Total Time": 0.033, "Actual Max Total Time": 0.033, "Actual Total Rows": 3}]}]}]}, "Triggers": [], "Planner Runtime": 623.807, "Total Runtime": 776.269, "Unique SQL Id": 2846462052}}, "(16, 43)": {"explain_plan": {"Plan": {"Node Type": "Aggregate", "Strategy": "Plain", "Startup Cost": 9000155007614.15, "Total Cost": 9000155007614.16, "Plan Rows": 1, "Plan Width": 123, "Plans": [{"Node Type": "Nested Loop", "Parent Relationship": "Outer", "Join Type": "Inner", "Startup Cost": 90000000000.0, "Total Cost": 9000155007613.48, "Plan Rows": 134, "Plan Width": 59, "Inner Unique": false, "Join Filter": "(t.id = at.movie_id)", "Plans": [{"Node Type": "Index Only Scan", "Parent Relationship": "Outer", "Scan Direction": "Forward", "Index Name": "movie_id_aka_title", "Relation Name": "aka_title", "Alias": "at", "Startup Cost": 10000000000.0, "Total Cost": 1000000898631.5, "Plan Rows": 361471, "Plan Width": 4}, {"Node Type": "Materialize", "Parent Relationship": "Inner", "Startup Cost": 80000000000.0, "Total Cost": 8000153680639.04, "Plan Rows": 79, "Plan Width": 75, "Plans": [{"Node Type": "Nested Loop", "Parent Relationship": "Outer", "Join Type": "Inner", "Startup Cost": 80000000000.0, "Total Cost": 8000153680638.65, "Plan Rows": 79, "Plan Width": 75, "Inner Unique": true, "Join Filter": "(mk.keyword_id = k.id)", "Plans": [{"Node Type": "Nested Loop", "Parent Relationship": "Outer", "Join Type": "Inner", "Startup Cost": 70000000000.0, "Total Cost": 7000153315234.46, "Plan Rows": 79, "Plan Width": 79, "Inner Unique": false, "Join Filter": "(t.id = mk.movie_id)", "Plans": [{"Node Type": "Index Scan", "Parent Relationship": "Outer", "Scan Direction": "Forward", "Index Name": "movie_id_movie_keyword", "Relation Name": "movie_keyword", "Alias": "mk", "Startup Cost": 10000000000.0, "Total Cost": 1000015300634.17, "Plan Rows": 4523929, "Plan Width": 8}, {"Node Type": "Materialize", "Parent Relationship": "Inner", "Startup Cost": 60000000000.0, "Total Cost": 6000137336010.97, "Plan Rows": 10, "Plan Width": 71, "Plans": [{"Node Type": "Nested Loop", "Parent Relationship": "Outer", "Join Type": "Inner", "Startup Cost": 60000000000.0, "Total Cost": 6000137336010.92, "Plan Rows": 10, "Plan Width": 71, "Inner Unique": true, "Join Filter": "(mc.company_type_id = ct.id)", "Plans": [{"Node Type": "Nested Loop", "Parent Relationship": "Outer", "Join Type": "Inner", "Startup Cost": 50000000000.0, "Total Cost": 5000137335180.96, "Plan Rows": 10, "Plan Width": 75, "Inner Unique": false, "Join Filter": "(mi.movie_id = t.id)", "Plans": [{"Node Type": "Index Scan", "Parent Relationship": "Outer", "Scan Direction": "Forward", "Index Name": "title_pkey", "Relation Name": "title", "Alias": "t", "Startup Cost": 10000000000.0, "Total Cost": 1000011644126.66, "Plan Rows": 1748840, "Plan Width": 21, "Filter": "(production_year > 1990), (LLVM Optimized)"}, {"Node Type": "Materialize", "Parent Relationship": "Inner", "Startup Cost": 40000000000.0, "Total Cost": 4000125507426.11, "Plan Rows": 7, "Plan Width": 54, "Plans": [{"Node Type": "Nested Loop", "Parent Relationship": "Outer", "Join Type": "Inner", "Startup Cost": 40000000000.0, "Total Cost": 4000125507426.08, "Plan Rows": 7, "Plan Width": 54, "Inner Unique": true, "Join Filter": "(mc.company_id = cn.id)", "Plans": [{"Node Type": "Nested Loop", "Parent Relationship": "Outer", "Join Type": "Inner", "Startup Cost": 30000000000.0, "Total Cost": 3000124445576.23, "Plan Rows": 9, "Plan Width": 58, "Inner Unique": false, "Join Filter": "(mi.movie_id = mc.movie_id)", "Plans": [{"Node Type": "Index Scan", "Parent Relationship": "Outer", "Scan Direction": "Forward", "Index Name": "company_type_id_movie_companies", "Relation Name": "movie_companies", "Alias": "mc", "Startup Cost": 10000000000.0, "Total Cost": 1000009318217.0, "Plan Rows": 2609128, "Plan Width": 12}, {"Node Type": "Materialize", "Parent Relationship": "Inner", "Startup Cost": 20000000000.0, "Total Cost": 2000114970811.56, "Plan Rows": 4, "Plan Width": 46, "Plans": [{"Node Type": "Nested Loop", "Parent Relationship": "Outer", "Join Type": "Inner", "Startup Cost": 20000000000.0, "Total Cost": 2000114970811.54, "Plan Rows": 4, "Plan Width": 46, "Inner Unique": true, "Join Filter": "(it1.id = mi.info_type_id)", "Plans": [{"Node Type": "Index Scan", "Parent Relationship": "Outer", "Scan Direction": "Forward", "Index Name": "movie_id_movie_info", "Relation Name": "movie_info", "Alias": "mi", "Startup Cost": 10000000000.0, "Total Cost": 1000114969386.72, "Plan Rows": 255, "Plan Width": 50, "Filter": "((info IS NOT NULL) AND ((note)::text ~~ '%internet%'::text) AND (((info)::text ~~ 'USA:% 199%'::text) OR ((info)::text ~~ 'USA:% 200%'::text)))"}, {"Node Type": "Materialize", "Parent Relationship": "Inner", "Startup Cost": 10000000000.0, "Total Cost": 1000000001421.0, "Plan Rows": 1, "Plan Width": 4, "Plans": [{"Node Type": "Index Scan", "Parent Relationship": "Outer", "Scan Direction": "Forward", "Index Name": "info_type_pkey", "Relation Name": "info_type", "Alias": "it1", "Startup Cost": 10000000000.0, "Total Cost": 1000000001421.0, "Plan Rows": 1, "Plan Width": 4, "Filter": "((info)::text = 'release dates'::text)"}]}]}]}]}, {"Node Type": "Materialize", "Parent Relationship": "Inner", "Startup Cost": 10000000000.0, "Total Cost": 1000001050564.82, "Plan Rows": 85170, "Plan Width": 4, "Plans": [{"Node Type": "Index Scan", "Parent Relationship": "Outer", "Scan Direction": "Forward", "Index Name": "company_name_pkey", "Relation Name": "company_name", "Alias": "cn", "Startup Cost": 10000000000.0, "Total Cost": 1000001050138.97, "Plan Rows": 85170, "Plan Width": 4, "Filter": "((country_code)::text = '[us]'::text)"}]}]}]}]}, {"Node Type": "Materialize", "Parent Relationship": "Inner", "Startup Cost": 10000000000.0, "Total Cost": 1000000000829.52, "Plan Rows": 3, "Plan Width": 4, "Plans": [{"Node Type": "Index Only Scan", "Parent Relationship": "Outer", "Scan Direction": "Forward", "Index Name": "company_type_pkey", "Relation Name": "company_type", "Alias": "ct", "Startup Cost": 10000000000.0, "Total Cost": 1000000000829.5, "Plan Rows": 3, "Plan Width": 4}]}]}]}]}, {"Node Type": "Materialize", "Parent Relationship": "Inner", "Startup Cost": 10000000000.0, "Total Cost": 1000000206749.34, "Plan Rows": 134169, "Plan Width": 4, "Plans": [{"Node Type": "Index Only Scan", "Parent Relationship": "Outer", "Scan Direction": "Forward", "Index Name": "keyword_pkey", "Relation Name": "keyword", "Alias": "k", "Startup Cost": 10000000000.0, "Total Cost": 1000000206078.5, "Plan Rows": 134169, "Plan Width": 4}]}]}]}]}]}, "Unique SQL Id": 2846462052}, "explain_analyze_plan": null}, "(16, 44)": {"explain_plan": {"Plan": {"Node Type": "Aggregate", "Strategy": "Plain", "Startup Cost": 40634.4, "Total Cost": 40634.41, "Plan Rows": 1, "Plan Width": 123, "Plans": [{"Node Type": "Nested Loop", "Parent Relationship": "Outer", "Join Type": "Inner", "Startup Cost": 0.0, "Total Cost": 40633.74, "Plan Rows": 132, "Plan Width": 59, "Inner Unique": true, "Plans": [{"Node Type": "Nested Loop", "Parent Relationship": "Outer", "Join Type": "Inner", "Startup Cost": 0.0, "Total Cost": 40596.13, "Plan Rows": 134, "Plan Width": 63, "Inner Unique": false, "Join Filter": "(t.id = mk.movie_id)", "Plans": [{"Node Type": "Nested Loop", "Parent Relationship": "Outer", "Join Type": "Inner", "Startup Cost": 0.0, "Total Cost": 40586.57, "Plan Rows": 17, "Plan Width": 75, "Inner Unique": false, "Plans": [{"Node Type": "Nested Loop", "Parent Relationship": "Outer", "Join Type": "Inner", "Startup Cost": 0.0, "Total Cost": 40583.01, "Plan Rows": 10, "Plan Width": 71, "Inner Unique": true, "Plans": [{"Node Type": "Nested Loop", "Parent Relationship": "Outer", "Join Type": "Inner", "Startup Cost": 0.0, "Total Cost": 40579.84, "Plan Rows": 11, "Plan Width": 75, "Inner Unique": true, "Join Filter": "(mc.company_type_id = ct.id)", "Plans": [{"Node Type": "Nested Loop", "Parent Relationship": "Outer", "Join Type": "Inner", "Startup Cost": 0.0, "Total Cost": 40578.27, "Plan Rows": 12, "Plan Width": 79, "Inner Unique": false, "Plans": [{"Node Type": "Nested Loop", "Parent Relationship": "Outer", "Join Type": "Inner", "Startup Cost": 0.0, "Total Cost": 40576.06, "Plan Rows": 6, "Plan Width": 67, "Inner Unique": true, "Plans": [{"Node Type": "Nested Loop", "Parent Relationship": "Outer", "Join Type": "Inner", "Startup Cost": 0.0, "Total Cost": 40543.12, "Plan Rows": 4, "Plan Width": 46, "Inner Unique": false, "Join Filter": "(it1.id = mi.info_type_id)", "Plans": [{"Node Type": "Seq Scan", "Parent Relationship": "Outer", "Relation Name": "info_type", "Alias": "it1", "Startup Cost": 0.0, "Total Cost": 2.4, "Plan Rows": 1, "Plan Width": 4, "Filter": "((info)::text = 'release dates'::text)"}, {"Node Type": "Materialize", "Parent Relationship": "Inner", "Startup Cost": 0.0, "Total Cost": 40538.17, "Plan Rows": 255, "Plan Width": 50, "Plans": [{"Node Type": "Streaming(type: LOCAL GATHER dop: 1/16)", "Parent Relationship": "Outer", "Startup Cost": 0.0, "Total Cost": 40537.53, "Plan Rows": 255, "Plan Width": 50, "Plans": [{"Node Type": "Seq Scan", "Parent Relationship": "Outer", "Relation Name": "movie_info", "Alias": "mi", "Startup Cost": 0.0, "Total Cost": 40532.03, "Plan Rows": 255, "Plan Width": 50, "Filter": "((info IS NOT NULL) AND ((note)::text ~~ '%internet%'::text) AND (((info)::text ~~ 'USA:% 199%'::text) OR ((info)::text ~~ 'USA:% 200%'::text)))"}]}]}]}, {"Node Type": "Index Scan", "Parent Relationship": "Inner", "Scan Direction": "Forward", "Index Name": "title_pkey", "Relation Name": "title", "Alias": "t", "Startup Cost": 0.0, "Total Cost": 8.23, "Plan Rows": 1, "Plan Width": 21, "Index Cond": "(id = mi.movie_id)", "Filter": "(production_year > 1990)"}]}, {"Node Type": "Index Scan", "Parent Relationship": "Inner", "Scan Direction": "Forward", "Index Name": "movie_id_movie_companies", "Relation Name": "movie_companies", "Alias": "mc", "Startup Cost": 0.0, "Total Cost": 0.35, "Plan Rows": 2, "Plan Width": 12, "Index Cond": "(movie_id = t.id)"}]}, {"Node Type": "Materialize", "Parent Relationship": "Inner", "Startup Cost": 0.0, "Total Cost": 1.04, "Plan Rows": 3, "Plan Width": 4, "Plans": [{"Node Type": "Seq Scan", "Parent Relationship": "Outer", "Relation Name": "company_type", "Alias": "ct", "Startup Cost": 0.0, "Total Cost": 1.03, "Plan Rows": 3, "Plan Width": 4}]}]}, {"Node Type": "Index Scan", "Parent Relationship": "Inner", "Scan Direction": "Forward", "Index Name": "company_name_pkey", "Relation Name": "company_name", "Alias": "cn", "Startup Cost": 0.0, "Total Cost": 0.28, "Plan Rows": 1, "Plan Width": 4, "Index Cond": "(id = mc.company_id)", "Filter": "((country_code)::text = '[us]'::text)"}]}, {"Node Type": "Index Scan", "Parent Relationship": "Inner", "Scan Direction": "Forward", "Index Name": "movie_id_aka_title", "Relation Name": "aka_title", "Alias": "at", "Startup Cost": 0.0, "Total Cost": 0.33, "Plan Rows": 3, "Plan Width": 4, "Index Cond": "(movie_id = t.id)"}]}, {"Node Type": "Index Scan", "Parent Relationship": "Inner", "Scan Direction": "Forward", "Index Name": "movie_id_movie_keyword", "Relation Name": "movie_keyword", "Alias": "mk", "Startup Cost": 0.0, "Total Cost": 0.46, "Plan Rows": 8, "Plan Width": 8, "Index Cond": "(movie_id = mc.movie_id)"}]}, {"Node Type": "Index Scan", "Parent Relationship": "Inner", "Scan Direction": "Forward", "Index Name": "keyword_pkey", "Relation Name": "keyword", "Alias": "k", "Startup Cost": 0.0, "Total Cost": 0.27, "Plan Rows": 1, "Plan Width": 4, "Index Cond": "(id = mk.keyword_id)"}]}]}, "Unique SQL Id": 2846462052}, "explain_analyze_plan": {"Plan": {"Node Type": "Aggregate", "Strategy": "Plain", "Startup Cost": 40634.4, "Total Cost": 40634.41, "Plan Rows": 1, "Plan Width": 123, "Actual Min Startup Time": 391.194, "Actual Max Startup Time": 391.194, "Actual Min Total Time": 391.194, "Actual Max Total Time": 391.194, "Actual Total Rows": 1, "Plans": [{"Node Type": "Nested Loop", "Parent Relationship": "Outer", "Join Type": "Inner", "Startup Cost": 0.0, "Total Cost": 40633.74, "Plan Rows": 132, "Plan Width": 59, "Actual Min Startup Time": 343.413, "Actual Max Startup Time": 343.413, "Actual Min Total Time": 390.319, "Actual Max Total Time": 390.319, "Actual Total Rows": 1140, "Inner Unique": true, "Plans": [{"Node Type": "Nested Loop", "Parent Relationship": "Outer", "Join Type": "Inner", "Startup Cost": 0.0, "Total Cost": 40596.13, "Plan Rows": 134, "Plan Width": 63, "Actual Min Startup Time": 343.398, "Actual Max Startup Time": 343.398, "Actual Min Total Time": 385.425, "Actual Max Total Time": 385.425, "Actual Total Rows": 1140, "Inner Unique": false, "Join Filter": "(t.id = mk.movie_id)", "Rows Removed by Join Filter": 0, "Plans": [{"Node Type": "Nested Loop", "Parent Relationship": "Outer", "Join Type": "Inner", "Startup Cost": 0.0, "Total Cost": 40586.57, "Plan Rows": 17, "Plan Width": 75, "Actual Min Startup Time": 343.379, "Actual Max Startup Time": 343.379, "Actual Min Total Time": 383.73, "Actual Max Total Time": 383.73, "Actual Total Rows": 119, "Inner Unique": false, "Plans": [{"Node Type": "Nested Loop", "Parent Relationship": "Outer", "Join Type": "Inner", "Startup Cost": 0.0, "Total Cost": 40583.01, "Plan Rows": 10, "Plan Width": 71, "Actual Min Startup Time": 342.964, "Actual Max Startup Time": 342.964, "Actual Min Total Time": 378.281, "Actual Max Total Time": 378.281, "Actual Total Rows": 1488, "Inner Unique": true, "Plans": [{"Node Type": "Nested Loop", "Parent Relationship": "Outer", "Join Type": "Inner", "Startup Cost": 0.0, "Total Cost": 40579.84, "Plan Rows": 11, "Plan Width": 75, "Actual Min Startup Time": 342.936, "Actual Max Startup Time": 342.936, "Actual Min Total Time": 369.422, "Actual Max Total Time": 369.422, "Actual Total Rows": 1599, "Inner Unique": true, "Join Filter": "(mc.company_type_id = ct.id)", "Rows Removed by Join Filter": 3855, "Plans": [{"Node Type": "Nested Loop", "Parent Relationship": "Outer", "Join Type": "Inner", "Startup Cost": 0.0, "Total Cost": 40578.27, "Plan Rows": 12, "Plan Width": 79, "Actual Min Startup Time": 342.908, "Actual Max Startup Time": 342.908, "Actual Min Total Time": 366.911, "Actual Max Total Time": 366.911, "Actual Total Rows": 2884, "Inner Unique": false, "Plans": [{"Node Type": "Nested Loop", "Parent Relationship": "Outer", "Join Type": "Inner", "Startup Cost": 0.0, "Total Cost": 40576.06, "Plan Rows": 6, "Plan Width": 67, "Actual Min Startup Time": 342.893, "Actual Max Startup Time": 342.893, "Actual Min Total Time": 354.802, "Actual Max Total Time": 354.802, "Actual Total Rows": 1782, "Inner Unique": true, "Plans": [{"Node Type": "Nested Loop", "Parent Relationship": "Outer", "Join Type": "Inner", "Startup Cost": 0.0, "Total Cost": 40543.12, "Plan Rows": 4, "Plan Width": 46, "Actual Min Startup Time": 342.844, "Actual Max Startup Time": 342.844, "Actual Min Total Time": 343.997, "Actual Max Total Time": 343.997, "Actual Total Rows": 1783, "Inner Unique": false, "Join Filter": "(it1.id = mi.info_type_id)", "Rows Removed by Join Filter": 0, "Plans": [{"Node Type": "Seq Scan", "Parent Relationship": "Outer", "Relation Name": "info_type", "Alias": "it1", "Startup Cost": 0.0, "Total Cost": 2.4, "Plan Rows": 1, "Plan Width": 4, "Actual Min Startup Time": 0.069, "Actual Max Startup Time": 0.069, "Actual Min Total Time": 0.099, "Actual Max Total Time": 0.099, "Actual Total Rows": 1, "Filter": "((info)::text = 'release dates'::text)", "Rows Removed by Filter": 111}, {"Node Type": "Materialize", "Parent Relationship": "Inner", "Startup Cost": 0.0, "Total Cost": 40538.17, "Plan Rows": 255, "Plan Width": 50, "Actual Min Startup Time": 342.75, "Actual Max Startup Time": 342.75, "Actual Min Total Time": 343.068, "Actual Max Total Time": 343.068, "Actual Total Rows": 1784, "Plans": [{"Node Type": "Streaming(type: LOCAL GATHER dop: 1/16)", "Parent Relationship": "Outer", "Startup Cost": 0.0, "Total Cost": 40537.53, "Plan Rows": 255, "Plan Width": 50, "Actual Min Startup Time": 146.931, "Actual Max Startup Time": 146.931, "Actual Min Total Time": 342.384, "Actual Max Total Time": 342.384, "Actual Total Rows": 1783, "Plans": [{"Node Type": "Seq Scan", "Parent Relationship": "Outer", "Relation Name": "movie_info", "Alias": "mi", "Startup Cost": 0.0, "Total Cost": 40532.03, "Plan Rows": 255, "Plan Width": 50, "Actual Min Startup Time": 81.619, "Actual Max Startup Time": 88.947, "Actual Min Total Time": 296.194, "Actual Max Total Time": 325.291, "Actual Total Rows": 1783, "Filter": "((info IS NOT NULL) AND ((note)::text ~~ '%internet%'::text) AND (((info)::text ~~ 'USA:% 199%'::text) OR ((info)::text ~~ 'USA:% 200%'::text)))", "Rows Removed by Filter": 14833936}]}]}]}, {"Node Type": "Index Scan", "Parent Relationship": "Inner", "Scan Direction": "Forward", "Index Name": "title_pkey", "Relation Name": "title", "Alias": "t", "Startup Cost": 0.0, "Total Cost": 8.23, "Plan Rows": 1, "Plan Width": 21, "Actual Min Startup Time": 9.337, "Actual Max Startup Time": 9.337, "Actual Min Total Time": 9.337, "Actual Max Total Time": 9.337, "Actual Total Rows": 1782, "Index Cond": "(id = mi.movie_id)", "Rows Removed by Index Recheck": 0, "Filter": "(production_year > 1990)", "Rows Removed by Filter": 1}]}, {"Node Type": "Index Scan", "Parent Relationship": "Inner", "Scan Direction": "Forward", "Index Name": "movie_id_movie_companies", "Relation Name": "movie_companies", "Alias": "mc", "Startup Cost": 0.0, "Total Cost": 0.35, "Plan Rows": 2, "Plan Width": 12, "Actual Min Startup Time": 8.329, "Actual Max Startup Time": 8.329, "Actual Min Total Time": 10.463, "Actual Max Total Time": 10.463, "Actual Total Rows": 2884, "Index Cond": "(movie_id = t.id)", "Rows Removed by Index Recheck": 0}]}, {"Node Type": "Materialize", "Parent Relationship": "Inner", "Startup Cost": 0.0, "Total Cost": 1.04, "Plan Rows": 3, "Plan Width": 4, "Actual Min Startup Time": 0.263, "Actual Max Startup Time": 0.263, "Actual Min Total Time": 0.627, "Actual Max Total Time": 0.627, "Actual Total Rows": 5454, "Plans": [{"Node Type": "Seq Scan", "Parent Relationship": "Outer", "Relation Name": "company_type", "Alias": "ct", "Startup Cost": 0.0, "Total Cost": 1.03, "Plan Rows": 3, "Plan Width": 4, "Actual Min Startup Time": 0.005, "Actual Max Startup Time": 0.005, "Actual Min Total Time": 0.006, "Actual Max Total Time": 0.006, "Actual Total Rows": 3}]}]}, {"Node Type": "Index Scan", "Parent Relationship": "Inner", "Scan Direction": "Forward", "Index Name": "company_name_pkey", "Relation Name": "company_name", "Alias": "cn", "Startup Cost": 0.0, "Total Cost": 0.28, "Plan Rows": 1, "Plan Width": 4, "Actual Min Startup Time": 7.575, "Actual Max Startup Time": 7.575, "Actual Min Total Time": 7.575, "Actual Max Total Time": 7.575, "Actual Total Rows": 1488, "Index Cond": "(id = mc.company_id)", "Rows Removed by Index Recheck": 0, "Filter": "((country_code)::text = '[us]'::text)", "Rows Removed by Filter": 111}]}, {"Node Type": "Index Scan", "Parent Relationship": "Inner", "Scan Direction": "Forward", "Index Name": "movie_id_aka_title", "Relation Name": "aka_title", "Alias": "at", "Startup Cost": 0.0, "Total Cost": 0.33, "Plan Rows": 3, "Plan Width": 4, "Actual Min Startup Time": 4.496, "Actual Max Startup Time": 4.496, "Actual Min Total Time": 4.581, "Actual Max Total Time": 4.581, "Actual Total Rows": 119, "Index Cond": "(movie_id = t.id)", "Rows Removed by Index Recheck": 0}]}, {"Node Type": "Index Scan", "Parent Relationship": "Inner", "Scan Direction": "Forward", "Index Name": "movie_id_movie_keyword", "Relation Name": "movie_keyword", "Alias": "mk", "Startup Cost": 0.0, "Total Cost": 0.46, "Plan Rows": 8, "Plan Width": 8, "Actual Min Startup Time": 0.651, "Actual Max Startup Time": 0.651, "Actual Min Total Time": 1.142, "Actual Max Total Time": 1.142, "Actual Total Rows": 1140, "Index Cond": "(movie_id = mc.movie_id)", "Rows Removed by Index Recheck": 0}]}, {"Node Type": "Index Scan", "Parent Relationship": "Inner", "Scan Direction": "Forward", "Index Name": "keyword_pkey", "Relation Name": "keyword", "Alias": "k", "Startup Cost": 0.0, "Total Cost": 0.27, "Plan Rows": 1, "Plan Width": 4, "Actual Min Startup Time": 4.075, "Actual Max Startup Time": 4.075, "Actual Min Total Time": 4.075, "Actual Max Total Time": 4.075, "Actual Total Rows": 1140, "Index Cond": "(id = mk.keyword_id)", "Rows Removed by Index Recheck": 0}]}]}, "Triggers": [], "Planner Runtime": 248.266, "Total Runtime": 394.194, "Unique SQL Id": 2846462052}}, "(16, 45)": {"explain_plan": {"Plan": {"Node Type": "Aggregate", "Strategy": "Plain", "Startup Cost": 496852.7, "Total Cost": 496852.71, "Plan Rows": 1, "Plan Width": 123, "Plans": [{"Node Type": "Nested Loop", "Parent Relationship": "Outer", "Join Type": "Inner", "Startup Cost": 0.0, "Total Cost": 496852.04, "Plan Rows": 132, "Plan Width": 59, "Inner Unique": true, "Plans": [{"Node Type": "Nested Loop", "Parent Relationship": "Outer", "Join Type": "Inner", "Startup Cost": 0.0, "Total Cost": 496814.43, "Plan Rows": 134, "Plan Width": 63, "Inner Unique": false, "Join Filter": "(t.id = mk.movie_id)", "Plans": [{"Node Type": "Nested Loop", "Parent Relationship": "Outer", "Join Type": "Inner", "Startup Cost": 0.0, "Total Cost": 496804.87, "Plan Rows": 17, "Plan Width": 75, "Inner Unique": false, "Plans": [{"Node Type": "Nested Loop", "Parent Relationship": "Outer", "Join Type": "Inner", "Startup Cost": 0.0, "Total Cost": 496801.31, "Plan Rows": 10, "Plan Width": 71, "Inner Unique": true, "Plans": [{"Node Type": "Nested Loop", "Parent Relationship": "Outer", "Join Type": "Inner", "Startup Cost": 0.0, "Total Cost": 496798.51, "Plan Rows": 10, "Plan Width": 75, "Inner Unique": true, "Plans": [{"Node Type": "Nested Loop", "Parent Relationship": "Outer", "Join Type": "Inner", "Startup Cost": 0.0, "Total Cost": 496795.05, "Plan Rows": 12, "Plan Width": 79, "Inner Unique": false, "Plans": [{"Node Type": "Nested Loop", "Parent Relationship": "Outer", "Join Type": "Inner", "Startup Cost": 0.0, "Total Cost": 496792.85, "Plan Rows": 6, "Plan Width": 67, "Inner Unique": true, "Plans": [{"Node Type": "Nested Loop", "Parent Relationship": "Outer", "Join Type": "Inner", "Startup Cost": 0.0, "Total Cost": 496759.91, "Plan Rows": 4, "Plan Width": 46, "Inner Unique": false, "Plans": [{"Node Type": "Index Scan", "Parent Relationship": "Outer", "Scan Direction": "Forward", "Index Name": "info_type_pkey", "Relation Name": "info_type", "Alias": "it1", "Startup Cost": 0.0, "Total Cost": 14.21, "Plan Rows": 1, "Plan Width": 4, "Filter": "((info)::text = 'release dates'::text)"}, {"Node Type": "Index Scan", "Parent Relationship": "Inner", "Scan Direction": "Forward", "Index Name": "info_type_id_movie_info", "Relation Name": "movie_info", "Alias": "mi", "Startup Cost": 0.0, "Total Cost": 496745.66, "Plan Rows": 4, "Plan Width": 50, "Index Cond": "(info_type_id = it1.id)", "Filter": "((info IS NOT NULL) AND ((note)::text ~~ '%internet%'::text) AND (((info)::text ~~ 'USA:% 199%'::text) OR ((info)::text ~~ 'USA:% 200%'::text)))"}]}, {"Node Type": "Index Scan", "Parent Relationship": "Inner", "Scan Direction": "Forward", "Index Name": "title_pkey", "Relation Name": "title", "Alias": "t", "Startup Cost": 0.0, "Total Cost": 8.23, "Plan Rows": 1, "Plan Width": 21, "Index Cond": "(id = mi.movie_id)", "Filter": "(production_year > 1990)"}]}, {"Node Type": "Index Scan", "Parent Relationship": "Inner", "Scan Direction": "Forward", "Index Name": "movie_id_movie_companies", "Relation Name": "movie_companies", "Alias": "mc", "Startup Cost": 0.0, "Total Cost": 0.35, "Plan Rows": 2, "Plan Width": 12, "Index Cond": "(movie_id = t.id)"}]}, {"Node Type": "Index Scan", "Parent Relationship": "Inner", "Scan Direction": "Forward", "Index Name": "company_name_pkey", "Relation Name": "company_name", "Alias": "cn", "Startup Cost": 0.0, "Total Cost": 0.28, "Plan Rows": 1, "Plan Width": 4, "Index Cond": "(id = mc.company_id)", "Filter": "((country_code)::text = '[us]'::text)"}]}, {"Node Type": "Index Scan", "Parent Relationship": "Inner", "Scan Direction": "Forward", "Index Name": "company_type_pkey", "Relation Name": "company_type", "Alias": "ct", "Startup Cost": 0.0, "Total Cost": 0.27, "Plan Rows": 1, "Plan Width": 4, "Index Cond": "(id = mc.company_type_id)"}]}, {"Node Type": "Index Scan", "Parent Relationship": "Inner", "Scan Direction": "Forward", "Index Name": "movie_id_aka_title", "Relation Name": "aka_title", "Alias": "at", "Startup Cost": 0.0, "Total Cost": 0.33, "Plan Rows": 3, "Plan Width": 4, "Index Cond": "(movie_id = t.id)"}]}, {"Node Type": "Index Scan", "Parent Relationship": "Inner", "Scan Direction": "Forward", "Index Name": "movie_id_movie_keyword", "Relation Name": "movie_keyword", "Alias": "mk", "Startup Cost": 0.0, "Total Cost": 0.46, "Plan Rows": 8, "Plan Width": 8, "Index Cond": "(movie_id = mc.movie_id)"}]}, {"Node Type": "Index Scan", "Parent Relationship": "Inner", "Scan Direction": "Forward", "Index Name": "keyword_pkey", "Relation Name": "keyword", "Alias": "k", "Startup Cost": 0.0, "Total Cost": 0.27, "Plan Rows": 1, "Plan Width": 4, "Index Cond": "(id = mk.keyword_id)"}]}]}, "Unique SQL Id": 2846462052}, "explain_analyze_plan": null}, "(16, 46)": {"explain_plan": {"Plan": {"Node Type": "Aggregate", "Strategy": "Plain", "Startup Cost": 145917.69, "Total Cost": 145917.7, "Plan Rows": 1, "Plan Width": 123, "Plans": [{"Node Type": "Nested Loop", "Parent Relationship": "Outer", "Join Type": "Inner", "Startup Cost": 110902.34, "Total Cost": 145917.02, "Plan Rows": 134, "Plan Width": 59, "Inner Unique": true, "Join Filter": "(mc.company_type_id = ct.id)", "Plans": [{"Node Type": "Hash Join", "Parent Relationship": "Outer", "Join Type": "Inner", "Startup Cost": 110902.34, "Total Cost": 145909.96, "Plan Rows": 134, "Plan Width": 63, "Inner Unique": true, "Hash Cond": "(mk.keyword_id = k.id)", "Plans": [{"Node Type": "Streaming(type: LOCAL GATHER dop: 1/16)", "Parent Relationship": "Outer", "Startup Cost": 108700.05, "Total Cost": 143705.86, "Plan Rows": 134, "Plan Width": 67, "Plans": [{"Node Type": "Hash Join", "Parent Relationship": "Outer", "Join Type": "Inner", "Startup Cost": 108700.05, "Total Cost": 143702.97, "Plan Rows": 134, "Plan Width": 67, "Inner Unique": true, "Hash Cond": "(at.movie_id = t.id)", "Plans": [{"Node Type": "Streaming(type: BROADCAST dop: 16/1)", "Parent Relationship": "Outer", "Startup Cost": 102546.43, "Total Cost": 137548.9, "Plan Rows": 1552, "Plan Width": 66, "Plans": [{"Node Type": "Hash Join", "Parent Relationship": "Outer", "Join Type": "Inner", "Startup Cost": 102546.43, "Total Cost": 122515.4, "Plan Rows": 97, "Plan Width": 66, "Inner Unique": true, "Hash Cond": "(mc.company_id = cn.id)", "Plans": [{"Node Type": "Streaming(type: LOCAL GATHER dop: 1/16)", "Parent Relationship": "Outer", "Startup Cost": 100005.94, "Total Cost": 119972.39, "Plan Rows": 161, "Plan Width": 70, "Plans": [{"Node Type": "Hash Join", "Parent Relationship": "Outer", "Join Type": "Inner", "Startup Cost": 100005.94, "Total Cost": 119968.92, "Plan Rows": 161, "Plan Width": 70, "Inner Unique": false, "Hash Cond": "(mk.movie_id = at.movie_id)", "Plans": [{"Node Type": "Seq Scan", "Parent Relationship": "Outer", "Relation Name": "movie_keyword", "Alias": "mk", "Startup Cost": 0.0, "Total Cost": 18902.58, "Plan Rows": 4523929, "Plan Width": 8}, {"Node Type": "Hash", "Parent Relationship": "Inner", "Startup Cost": 100005.69, "Total Cost": 100005.69, "Plan Rows": 320, "Plan Width": 62, "Plans": [{"Node Type": "Streaming(type: BROADCAST dop: 16/16)", "Parent Relationship": "Outer", "Startup Cost": 66779.77, "Total Cost": 100005.69, "Plan Rows": 320, "Plan Width": 62, "Plans": [{"Node Type": "Hash Join", "Parent Relationship": "Outer", "Join Type": "Inner", "Startup Cost": 66779.77, "Total Cost": 85004.88, "Plan Rows": 20, "Plan Width": 62, "Inner Unique": false, "Hash Cond": "(mc.movie_id = at.movie_id)", "Plans": [{"Node Type": "Seq Scan", "Parent Relationship": "Outer", "Relation Name": "movie_companies", "Alias": "mc", "Startup Cost": 0.0, "Total Cost": 17613.58, "Plan Rows": 2609128, "Plan Width": 12}, {"Node Type": "Hash", "Parent Relationship": "Inner", "Startup Cost": 66779.66, "Total Cost": 66779.66, "Plan Rows": 144, "Plan Width": 50, "Plans": [{"Node Type": "Streaming(type: BROADCAST dop: 16/1)", "Parent Relationship": "Outer", "Startup Cost": 40543.17, "Total Cost": 66779.66, "Plan Rows": 144, "Plan Width": 50, "Plans": [{"Node Type": "Hash Join", "Parent Relationship": "Outer", "Join Type": "Inner", "Startup Cost": 40543.17, "Total Cost": 51776.55, "Plan Rows": 9, "Plan Width": 50, "Inner Unique": false, "Hash Cond": "(at.movie_id = mi.movie_id)", "Plans": [{"Node Type": "Seq Scan", "Parent Relationship": "Outer", "Relation Name": "aka_title", "Alias": "at", "Startup Cost": 0.0, "Total Cost": 9894.71, "Plan Rows": 361471, "Plan Width": 4}, {"Node Type": "Hash", "Parent Relationship": "Inner", "Startup Cost": 40543.12, "Total Cost": 40543.12, "Plan Rows": 4, "Plan Width": 46, "Plans": [{"Node Type": "Nested Loop", "Parent Relationship": "Outer", "Join Type": "Inner", "Startup Cost": 0.0, "Total Cost": 40543.12, "Plan Rows": 4, "Plan Width": 46, "Inner Unique": false, "Join Filter": "(it1.id = mi.info_type_id)", "Plans": [{"Node Type": "Seq Scan", "Parent Relationship": "Outer", "Relation Name": "info_type", "Alias": "it1", "Startup Cost": 0.0, "Total Cost": 2.4, "Plan Rows": 1, "Plan Width": 4, "Filter": "((info)::text = 'release dates'::text)"}, {"Node Type": "Materialize", "Parent Relationship": "Inner", "Startup Cost": 0.0, "Total Cost": 40538.17, "Plan Rows": 255, "Plan Width": 50, "Plans": [{"Node Type": "Streaming(type: LOCAL GATHER dop: 1/16)", "Parent Relationship": "Outer", "Startup Cost": 0.0, "Total Cost": 40537.53, "Plan Rows": 255, "Plan Width": 50, "Plans": [{"Node Type": "Seq Scan", "Parent Relationship": "Outer", "Relation Name": "movie_info", "Alias": "mi", "Startup Cost": 0.0, "Total Cost": 40532.03, "Plan Rows": 255, "Plan Width": 50, "Filter": "((info IS NOT NULL) AND ((note)::text ~~ '%internet%'::text) AND (((info)::text ~~ 'USA:% 199%'::text) OR ((info)::text ~~ 'USA:% 200%'::text)))"}]}]}]}]}]}]}]}]}]}]}]}]}, {"Node Type": "Hash", "Parent Relationship": "Inner", "Startup Cost": 5903.45, "Total Cost": 5903.45, "Plan Rows": 85170, "Plan Width": 4, "Plans": [{"Node Type": "Seq Scan", "Parent Relationship": "Outer", "Relation Name": "company_name", "Alias": "cn", "Startup Cost": 0.0, "Total Cost": 5903.45, "Plan Rows": 85170, "Plan Width": 4, "Filter": "((country_code)::text = '[us]'::text)"}]}]}]}, {"Node Type": "Hash", "Parent Relationship": "Inner", "Startup Cost": 19149.37, "Total Cost": 19149.37, "Plan Rows": 1748840, "Plan Width": 21, "Plans": [{"Node Type": "Seq Scan", "Parent Relationship": "Outer", "Relation Name": "title", "Alias": "t", "Startup Cost": 0.0, "Total Cost": 19149.37, "Plan Rows": 1748840, "Plan Width": 21, "Filter": "(production_year > 1990), (LLVM Optimized)"}]}]}]}, {"Node Type": "Hash", "Parent Relationship": "Inner", "Startup Cost": 2100.69, "Total Cost": 2100.69, "Plan Rows": 134169, "Plan Width": 4, "Plans": [{"Node Type": "Seq Scan", "Parent Relationship": "Outer", "Relation Name": "keyword", "Alias": "k", "Startup Cost": 0.0, "Total Cost": 2100.69, "Plan Rows": 134169, "Plan Width": 4}]}]}, {"Node Type": "Materialize", "Parent Relationship": "Inner", "Startup Cost": 0.0, "Total Cost": 1.04, "Plan Rows": 3, "Plan Width": 4, "Plans": [{"Node Type": "Seq Scan", "Parent Relationship": "Outer", "Relation Name": "company_type", "Alias": "ct", "Startup Cost": 0.0, "Total Cost": 1.03, "Plan Rows": 3, "Plan Width": 4}]}]}]}, "Unique SQL Id": 2846462052}, "explain_analyze_plan": {"Plan": {"Node Type": "Aggregate", "Strategy": "Plain", "Startup Cost": 145917.69, "Total Cost": 145917.7, "Plan Rows": 1, "Plan Width": 123, "Actual Min Startup Time": 751.631, "Actual Max Startup Time": 751.631, "Actual Min Total Time": 751.631, "Actual Max Total Time": 751.631, "Actual Total Rows": 1, "Plans": [{"Node Type": "Nested Loop", "Parent Relationship": "Outer", "Join Type": "Inner", "Startup Cost": 110902.34, "Total Cost": 145917.02, "Plan Rows": 134, "Plan Width": 59, "Actual Min Startup Time": 678.675, "Actual Max Startup Time": 678.675, "Actual Min Total Time": 750.948, "Actual Max Total Time": 750.948, "Actual Total Rows": 1140, "Inner Unique": true, "Join Filter": "(mc.company_type_id = ct.id)", "Rows Removed by Join Filter": 3393, "Plans": [{"Node Type": "Hash Join", "Parent Relationship": "Outer", "Join Type": "Inner", "Startup Cost": 110902.34, "Total Cost": 145909.96, "Plan Rows": 134, "Plan Width": 63, "Actual Min Startup Time": 678.576, "Actual Max Startup Time": 678.576, "Actual Min Total Time": 748.829, "Actual Max Total Time": 748.829, "Actual Total Rows": 2271, "Inner Unique": true, "Hash Cond": "(mk.keyword_id = k.id)", "Plans": [{"Node Type": "Streaming(type: LOCAL GATHER dop: 1/16)", "Parent Relationship": "Outer", "Startup Cost": 108700.05, "Total Cost": 143705.86, "Plan Rows": 134, "Plan Width": 67, "Actual Min Startup Time": 605.512, "Actual Max Startup Time": 605.512, "Actual Min Total Time": 674.657, "Actual Max Total Time": 674.657, "Actual Total Rows": 2271, "Plans": [{"Node Type": "Hash Join", "Parent Relationship": "Outer", "Join Type": "Inner", "Startup Cost": 108700.05, "Total Cost": 143702.97, "Plan Rows": 134, "Plan Width": 67, "Actual Min Startup Time": 522.702, "Actual Max Startup Time": 651.908, "Actual Min Total Time": 631.426, "Actual Max Total Time": 671.255, "Actual Total Rows": 2271, "Inner Unique": true, "Hash Cond": "(at.movie_id = t.id)", "Plans": [{"Node Type": "Streaming(type: BROADCAST dop: 16/1)", "Parent Relationship": "Outer", "Startup Cost": 102546.43, "Total Cost": 137548.9, "Plan Rows": 1552, "Plan Width": 66, "Actual Min Startup Time": 416.412, "Actual Max Startup Time": 461.277, "Actual Min Total Time": 528.803, "Actual Max Total Time": 573.17, "Actual Total Rows": 36336, "Plans": [{"Node Type": "Hash Join", "Parent Relationship": "Outer", "Join Type": "Inner", "Startup Cost": 102546.43, "Total Cost": 122515.4, "Plan Rows": 97, "Plan Width": 66, "Actual Min Startup Time": 547.358, "Actual Max Startup Time": 547.358, "Actual Min Total Time": 631.424, "Actual Max Total Time": 631.424, "Actual Total Rows": 2271, "Inner Unique": true, "Hash Cond": "(mc.company_id = cn.id)", "Plans": [{"Node Type": "Streaming(type: LOCAL GATHER dop: 1/16)", "Parent Relationship": "Outer", "Startup Cost": 100005.94, "Total Cost": 119972.39, "Plan Rows": 161, "Plan Width": 70, "Actual Min Startup Time": 425.693, "Actual Max Startup Time": 425.693, "Actual Min Total Time": 508.418, "Actual Max Total Time": 508.418, "Actual Total Rows": 3123, "Plans": [{"Node Type": "Hash Join", "Parent Relationship": "Outer", "Join Type": "Inner", "Startup Cost": 100005.94, "Total Cost": 119968.92, "Plan Rows": 161, "Plan Width": 70, "Actual Min Startup Time": 536.217, "Actual Max Startup Time": 640.218, "Actual Min Total Time": 637.906, "Actual Max Total Time": 665.178, "Actual Total Rows": 3123, "Inner Unique": false, "Hash Cond": "(mk.movie_id = at.movie_id)", "Plans": [{"Node Type": "Seq Scan", "Parent Relationship": "Outer", "Relation Name": "movie_keyword", "Alias": "mk", "Startup Cost": 0.0, "Total Cost": 18902.58, "Plan Rows": 4523929, "Plan Width": 8, "Actual Min Startup Time": 0.057, "Actual Max Startup Time": 0.077, "Actual Min Total Time": 57.377, "Actual Max Total Time": 63.476, "Actual Total Rows": 4523929}, {"Node Type": "Hash", "Parent Relationship": "Inner", "Startup Cost": 100005.69, "Total Cost": 100005.69, "Plan Rows": 320, "Plan Width": 62, "Actual Min Startup Time": 532.732, "Actual Max Startup Time": 561.103, "Actual Min Total Time": 532.732, "Actual Max Total Time": 561.103, "Actual Total Rows": 6400, "Max Hash Buckets": 32768, "Min Hash Buckets": 32768, "Max Hash Batches": 1, "Min Hash Batches": 1, "Max Original Hash Batches": 1, "Min Original Hash Batches": 1, "Max Peak Memory Usage": 29, "min Peak Memory Usage": 29, "Plans": [{"Node Type": "Streaming(type: BROADCAST dop: 16/16)", "Parent Relationship": "Outer", "Startup Cost": 66779.77, "Total Cost": 100005.69, "Plan Rows": 320, "Plan Width": 62, "Actual Min Startup Time": 521.287, "Actual Max Startup Time": 549.686, "Actual Min Total Time": 532.609, "Actual Max Total Time": 560.986, "Actual Total Rows": 6400, "Plans": [{"Node Type": "Hash Join", "Parent Relationship": "Outer", "Join Type": "Inner", "Startup Cost": 66779.77, "Total Cost": 85004.88, "Plan Rows": 20, "Plan Width": 62, "Actual Min Startup Time": 470.239, "Actual Max Startup Time": 504.882, "Actual Min Total Time": 524.261, "Actual Max Total Time": 564.03, "Actual Total Rows": 400, "Inner Unique": false, "Hash Cond": "(mc.movie_id = at.movie_id)", "Plans": [{"Node Type": "Seq Scan", "Parent Relationship": "Outer", "Relation Name": "movie_companies", "Alias": "mc", "Startup Cost": 0.0, "Total Cost": 17613.58, "Plan Rows": 2609128, "Plan Width": 12, "Actual Min Startup Time": 0.035, "Actual Max Startup Time": 0.062, "Actual Min Total Time": 32.926, "Actual Max Total Time": 40.022, "Actual Total Rows": 2609128}, {"Node Type": "Hash", "Parent Relationship": "Inner", "Startup Cost": 66779.66, "Total Cost": 66779.66, "Plan Rows": 144, "Plan Width": 50, "Actual Min Startup Time": 463.428, "Actual Max Startup Time": 497.81, "Actual Min Total Time": 463.428, "Actual Max Total Time": 497.81, "Actual Total Rows": 1920, "Max Hash Buckets": 32768, "Min Hash Buckets": 32768, "Max Hash Batches": 1, "Min Hash Batches": 1, "Max Original Hash Batches": 1, "Min Original Hash Batches": 1, "Max Peak Memory Usage": 8, "min Peak Memory Usage": 8, "Plans": [{"Node Type": "Streaming(type: BROADCAST dop: 16/1)", "Parent Relationship": "Outer", "Startup Cost": 40543.17, "Total Cost": 66779.66, "Plan Rows": 144, "Plan Width": 50, "Actual Min Startup Time": 422.459, "Actual Max Startup Time": 456.845, "Actual Min Total Time": 463.372, "Actual Max Total Time": 497.746, "Actual Total Rows": 1920, "Plans": [{"Node Type": "Hash Join", "Parent Relationship": "Outer", "Join Type": "Inner", "Startup Cost": 40543.17, "Total Cost": 51776.55, "Plan Rows": 9, "Plan Width": 50, "Actual Min Startup Time": 307.463, "Actual Max Startup Time": 307.463, "Actual Min Total Time": 469.161, "Actual Max Total Time": 469.161, "Actual Total Rows": 120, "Inner Unique": false, "Hash Cond": "(at.movie_id = mi.movie_id)", "Plans": [{"Node Type": "Seq Scan", "Parent Relationship": "Outer", "Relation Name": "aka_title", "Alias": "at", "Startup Cost": 0.0, "Total Cost": 9894.71, "Plan Rows": 361471, "Plan Width": 4, "Actual Min Startup Time": 0.033, "Actual Max Startup Time": 0.033, "Actual Min Total Time": 97.995, "Actual Max Total Time": 97.995, "Actual Total Rows": 361471}, {"Node Type": "Hash", "Parent Relationship": "Inner", "Startup Cost": 40543.12, "Total Cost": 40543.12, "Plan Rows": 4, "Plan Width": 46, "Actual Min Startup Time": 307.139, "Actual Max Startup Time": 307.139, "Actual Min Total Time": 307.139, "Actual Max Total Time": 307.139, "Actual Total Rows": 1783, "Max Hash Buckets": 32768, "Min Hash Buckets": 32768, "Max Hash Batches": 1, "Min Hash Batches": 1, "Max Original Hash Batches": 1, "Min Original Hash Batches": 1, "Max Peak Memory Usage": 99, "min Peak Memory Usage": 99, "Plans": [{"Node Type": "Nested Loop", "Parent Relationship": "Outer", "Join Type": "Inner", "Startup Cost": 0.0, "Total Cost": 40543.12, "Plan Rows": 4, "Plan Width": 46, "Actual Min Startup Time": 305.778, "Actual Max Startup Time": 305.778, "Actual Min Total Time": 306.577, "Actual Max Total Time": 306.577, "Actual Total Rows": 1783, "Inner Unique": false, "Join Filter": "(it1.id = mi.info_type_id)", "Rows Removed by Join Filter": 0, "Plans": [{"Node Type": "Seq Scan", "Parent Relationship": "Outer", "Relation Name": "info_type", "Alias": "it1", "Startup Cost": 0.0, "Total Cost": 2.4, "Plan Rows": 1, "Plan Width": 4, "Actual Min Startup Time": 0.066, "Actual Max Startup Time": 0.066, "Actual Min Total Time": 0.09, "Actual Max Total Time": 0.09, "Actual Total Rows": 1, "Filter": "((info)::text = 'release dates'::text)", "Rows Removed by Filter": 111}, {"Node Type": "Materialize", "Parent Relationship": "Inner", "Startup Cost": 0.0, "Total Cost": 40538.17, "Plan Rows": 255, "Plan Width": 50, "Actual Min Startup Time": 305.68, "Actual Max Startup Time": 305.68, "Actual Min Total Time": 305.846, "Actual Max Total Time": 305.846, "Actual Total Rows": 1784, "Plans": [{"Node Type": "Streaming(type: LOCAL GATHER dop: 1/16)", "Parent Relationship": "Outer", "Startup Cost": 0.0, "Total Cost": 40537.53, "Plan Rows": 255, "Plan Width": 50, "Actual Min Startup Time": 131.885, "Actual Max Startup Time": 131.885, "Actual Min Total Time": 305.335, "Actual Max Total Time": 305.335, "Actual Total Rows": 1783, "Plans": [{"Node Type": "Seq Scan", "Parent Relationship": "Outer", "Relation Name": "movie_info", "Alias": "mi", "Startup Cost": 0.0, "Total Cost": 40532.03, "Plan Rows": 255, "Plan Width": 50, "Actual Min Startup Time": 81.217, "Actual Max Startup Time": 89.305, "Actual Min Total Time": 295.699, "Actual Max Total Time": 303.732, "Actual Total Rows": 1783, "Filter": "((info IS NOT NULL) AND ((note)::text ~~ '%internet%'::text) AND (((info)::text ~~ 'USA:% 199%'::text) OR ((info)::text ~~ 'USA:% 200%'::text)))", "Rows Removed by Filter": 14833936}]}]}]}]}]}]}]}]}]}]}]}]}, {"Node Type": "Hash", "Parent Relationship": "Inner", "Startup Cost": 5903.45, "Total Cost": 5903.45, "Plan Rows": 85170, "Plan Width": 4, "Actual Min Startup Time": 121.381, "Actual Max Startup Time": 121.381, "Actual Min Total Time": 121.381, "Actual Max Total Time": 121.381, "Actual Total Rows": 84843, "Max Hash Buckets": 131072, "Min Hash Buckets": 131072, "Max Hash Batches": 1, "Min Hash Batches": 1, "Max Original Hash Batches": 1, "Min Original Hash Batches": 1, "Max Peak Memory Usage": 2983, "min Peak Memory Usage": 2983, "Plans": [{"Node Type": "Seq Scan", "Parent Relationship": "Outer", "Relation Name": "company_name", "Alias": "cn", "Startup Cost": 0.0, "Total Cost": 5903.45, "Plan Rows": 85170, "Plan Width": 4, "Actual Min Startup Time": 0.073, "Actual Max Startup Time": 0.073, "Actual Min Total Time": 97.731, "Actual Max Total Time": 97.731, "Actual Total Rows": 84843, "Filter": "((country_code)::text = '[us]'::text)", "Rows Removed by Filter": 150153}]}]}]}, {"Node Type": "Hash", "Parent Relationship": "Inner", "Startup Cost": 19149.37, "Total Cost": 19149.37, "Plan Rows": 1748840, "Plan Width": 21, "Actual Min Startup Time": 97.381, "Actual Max Startup Time": 102.063, "Actual Min Total Time": 97.381, "Actual Max Total Time": 102.063, "Actual Total Rows": 1749032, "Max Hash Buckets": 131072, "Min Hash Buckets": 131072, "Max Hash Batches": 1, "Min Hash Batches": 1, "Max Original Hash Batches": 1, "Min Original Hash Batches": 1, "Max Peak Memory Usage": 5962, "min Peak Memory Usage": 5962, "Plans": [{"Node Type": "Seq Scan", "Parent Relationship": "Outer", "Relation Name": "title", "Alias": "t", "Startup Cost": 0.0, "Total Cost": 19149.37, "Plan Rows": 1748840, "Plan Width": 21, "Actual Min Startup Time": 0.025, "Actual Max Startup Time": 0.039, "Actual Min Total Time": 63.19, "Actual Max Total Time": 67.215, "Actual Total Rows": 1749032, "Filter": "(production_year > 1990), (LLVM Optimized, Jit Execute)", "Rows Removed by Filter": 779279}]}]}]}, {"Node Type": "Hash", "Parent Relationship": "Inner", "Startup Cost": 2100.69, "Total Cost": 2100.69, "Plan Rows": 134169, "Plan Width": 4, "Actual Min Startup Time": 72.825, "Actual Max Startup Time": 72.825, "Actual Min Total Time": 72.825, "Actual Max Total Time": 72.825, "Actual Total Rows": 134169, "Max Hash Buckets": 262144, "Min Hash Buckets": 262144, "Max Hash Batches": 1, "Min Hash Batches": 1, "Max Original Hash Batches": 1, "Min Original Hash Batches": 1, "Max Peak Memory Usage": 4717, "min Peak Memory Usage": 4717, "Plans": [{"Node Type": "Seq Scan", "Parent Relationship": "Outer", "Relation Name": "keyword", "Alias": "k", "Startup Cost": 0.0, "Total Cost": 2100.69, "Plan Rows": 134169, "Plan Width": 4, "Actual Min Startup Time": 0.045, "Actual Max Startup Time": 0.045, "Actual Min Total Time": 37.928, "Actual Max Total Time": 37.928, "Actual Total Rows": 134169}]}]}, {"Node Type": "Materialize", "Parent Relationship": "Inner", "Startup Cost": 0.0, "Total Cost": 1.04, "Plan Rows": 3, "Plan Width": 4, "Actual Min Startup Time": 0.241, "Actual Max Startup Time": 0.241, "Actual Min Total Time": 0.568, "Actual Max Total Time": 0.568, "Actual Total Rows": 4534, "Plans": [{"Node Type": "Seq Scan", "Parent Relationship": "Outer", "Relation Name": "company_type", "Alias": "ct", "Startup Cost": 0.0, "Total Cost": 1.03, "Plan Rows": 3, "Plan Width": 4, "Actual Min Startup Time": 0.031, "Actual Max Startup Time": 0.031, "Actual Min Total Time": 0.033, "Actual Max Total Time": 0.033, "Actual Total Rows": 3}]}]}]}, "Triggers": [], "Planner Runtime": 623.807, "Total Runtime": 776.269, "Unique SQL Id": 2846462052}}, "(16, 47)": {"explain_plan": {"Plan": {"Node Type": "Aggregate", "Strategy": "Plain", "Startup Cost": 9000156178034.72, "Total Cost": 9000156178034.73, "Plan Rows": 1, "Plan Width": 123, "Plans": [{"Node Type": "Nested Loop", "Parent Relationship": "Outer", "Join Type": "Inner", "Startup Cost": 90000000000.0, "Total Cost": 9000156178034.05, "Plan Rows": 134, "Plan Width": 59, "Inner Unique": false, "Join Filter": "(t.id = at.movie_id)", "Plans": [{"Node Type": "Index Scan", "Parent Relationship": "Outer", "Scan Direction": "Forward", "Index Name": "movie_id_aka_title", "Relation Name": "aka_title", "Alias": "at", "Startup Cost": 10000000000.0, "Total Cost": 1000001990001.13, "Plan Rows": 361471, "Plan Width": 4}, {"Node Type": "Materialize", "Parent Relationship": "Inner", "Startup Cost": 80000000000.0, "Total Cost": 8000153759689.98, "Plan Rows": 79, "Plan Width": 75, "Plans": [{"Node Type": "Nested Loop", "Parent Relationship": "Outer", "Join Type": "Inner", "Startup Cost": 80000000000.0, "Total Cost": 8000153759689.58, "Plan Rows": 79, "Plan Width": 75, "Inner Unique": true, "Join Filter": "(mk.keyword_id = k.id)", "Plans": [{"Node Type": "Nested Loop", "Parent Relationship": "Outer", "Join Type": "Inner", "Startup Cost": 70000000000.0, "Total Cost": 7000153315634.46, "Plan Rows": 79, "Plan Width": 79, "Inner Unique": false, "Join Filter": "(t.id = mk.movie_id)", "Plans": [{"Node Type": "Index Scan", "Parent Relationship": "Outer", "Scan Direction": "Forward", "Index Name": "movie_id_movie_keyword", "Relation Name": "movie_keyword", "Alias": "mk", "Startup Cost": 10000000000.0, "Total Cost": 1000015300634.17, "Plan Rows": 4523929, "Plan Width": 8}, {"Node Type": "Materialize", "Parent Relationship": "Inner", "Startup Cost": 60000000000.0, "Total Cost": 6000137336410.97, "Plan Rows": 10, "Plan Width": 71, "Plans": [{"Node Type": "Nested Loop", "Parent Relationship": "Outer", "Join Type": "Inner", "Startup Cost": 60000000000.0, "Total Cost": 6000137336410.92, "Plan Rows": 10, "Plan Width": 71, "Inner Unique": true, "Join Filter": "(mc.company_type_id = ct.id)", "Plans": [{"Node Type": "Nested Loop", "Parent Relationship": "Outer", "Join Type": "Inner", "Startup Cost": 50000000000.0, "Total Cost": 5000137335180.96, "Plan Rows": 10, "Plan Width": 75, "Inner Unique": false, "Join Filter": "(mi.movie_id = t.id)", "Plans": [{"Node Type": "Index Scan", "Parent Relationship": "Outer", "Scan Direction": "Forward", "Index Name": "title_pkey", "Relation Name": "title", "Alias": "t", "Startup Cost": 10000000000.0, "Total Cost": 1000011644126.66, "Plan Rows": 1748840, "Plan Width": 21, "Filter": "(production_year > 1990), (LLVM Optimized)"}, {"Node Type": "Materialize", "Parent Relationship": "Inner", "Startup Cost": 40000000000.0, "Total Cost": 4000125507426.11, "Plan Rows": 7, "Plan Width": 54, "Plans": [{"Node Type": "Nested Loop", "Parent Relationship": "Outer", "Join Type": "Inner", "Startup Cost": 40000000000.0, "Total Cost": 4000125507426.08, "Plan Rows": 7, "Plan Width": 54, "Inner Unique": true, "Join Filter": "(mc.company_id = cn.id)", "Plans": [{"Node Type": "Nested Loop", "Parent Relationship": "Outer", "Join Type": "Inner", "Startup Cost": 30000000000.0, "Total Cost": 3000124445576.23, "Plan Rows": 9, "Plan Width": 58, "Inner Unique": false, "Join Filter": "(mi.movie_id = mc.movie_id)", "Plans": [{"Node Type": "Index Scan", "Parent Relationship": "Outer", "Scan Direction": "Forward", "Index Name": "company_type_id_movie_companies", "Relation Name": "movie_companies", "Alias": "mc", "Startup Cost": 10000000000.0, "Total Cost": 1000009318217.0, "Plan Rows": 2609128, "Plan Width": 12}, {"Node Type": "Materialize", "Parent Relationship": "Inner", "Startup Cost": 20000000000.0, "Total Cost": 2000114970811.56, "Plan Rows": 4, "Plan Width": 46, "Plans": [{"Node Type": "Nested Loop", "Parent Relationship": "Outer", "Join Type": "Inner", "Startup Cost": 20000000000.0, "Total Cost": 2000114970811.54, "Plan Rows": 4, "Plan Width": 46, "Inner Unique": true, "Join Filter": "(it1.id = mi.info_type_id)", "Plans": [{"Node Type": "Index Scan", "Parent Relationship": "Outer", "Scan Direction": "Forward", "Index Name": "movie_id_movie_info", "Relation Name": "movie_info", "Alias": "mi", "Startup Cost": 10000000000.0, "Total Cost": 1000114969386.72, "Plan Rows": 255, "Plan Width": 50, "Filter": "((info IS NOT NULL) AND ((note)::text ~~ '%internet%'::text) AND (((info)::text ~~ 'USA:% 199%'::text) OR ((info)::text ~~ 'USA:% 200%'::text)))"}, {"Node Type": "Materialize", "Parent Relationship": "Inner", "Startup Cost": 10000000000.0, "Total Cost": 1000000001421.0, "Plan Rows": 1, "Plan Width": 4, "Plans": [{"Node Type": "Index Scan", "Parent Relationship": "Outer", "Scan Direction": "Forward", "Index Name": "info_type_pkey", "Relation Name": "info_type", "Alias": "it1", "Startup Cost": 10000000000.0, "Total Cost": 1000000001421.0, "Plan Rows": 1, "Plan Width": 4, "Filter": "((info)::text = 'release dates'::text)"}]}]}]}]}, {"Node Type": "Materialize", "Parent Relationship": "Inner", "Startup Cost": 10000000000.0, "Total Cost": 1000001050564.82, "Plan Rows": 85170, "Plan Width": 4, "Plans": [{"Node Type": "Index Scan", "Parent Relationship": "Outer", "Scan Direction": "Forward", "Index Name": "company_name_pkey", "Relation Name": "company_name", "Alias": "cn", "Startup Cost": 10000000000.0, "Total Cost": 1000001050138.97, "Plan Rows": 85170, "Plan Width": 4, "Filter": "((country_code)::text = '[us]'::text)"}]}]}]}]}, {"Node Type": "Materialize", "Parent Relationship": "Inner", "Startup Cost": 10000000000.0, "Total Cost": 1000000001229.52, "Plan Rows": 3, "Plan Width": 4, "Plans": [{"Node Type": "Index Scan", "Parent Relationship": "Outer", "Scan Direction": "Forward", "Index Name": "company_type_pkey", "Relation Name": "company_type", "Alias": "ct", "Startup Cost": 10000000000.0, "Total Cost": 1000000001229.5, "Plan Rows": 3, "Plan Width": 4}]}]}]}]}, {"Node Type": "Materialize", "Parent Relationship": "Inner", "Startup Cost": 10000000000.0, "Total Cost": 1000000285400.28, "Plan Rows": 134169, "Plan Width": 4, "Plans": [{"Node Type": "Index Scan", "Parent Relationship": "Outer", "Scan Direction": "Forward", "Index Name": "keyword_pkey", "Relation Name": "keyword", "Alias": "k", "Startup Cost": 10000000000.0, "Total Cost": 1000000284729.43, "Plan Rows": 134169, "Plan Width": 4}]}]}]}]}]}, "Unique SQL Id": 2846462052}, "explain_analyze_plan": null}, "(16, 48)": {"explain_plan": {"Plan": {"Node Type": "Aggregate", "Strategy": "Plain", "Startup Cost": 40614.41, "Total Cost": 40614.42, "Plan Rows": 1, "Plan Width": 123, "Plans": [{"Node Type": "Nested Loop", "Parent Relationship": "Outer", "Join Type": "Inner", "Startup Cost": 0.0, "Total Cost": 40613.75, "Plan Rows": 132, "Plan Width": 59, "Inner Unique": false, "Plans": [{"Node Type": "Nested Loop", "Parent Relationship": "Outer", "Join Type": "Inner", "Startup Cost": 0.0, "Total Cost": 40598.7, "Plan Rows": 44, "Plan Width": 75, "Inner Unique": true, "Plans": [{"Node Type": "Nested Loop", "Parent Relationship": "Outer", "Join Type": "Inner", "Startup Cost": 0.0, "Total Cost": 40586.38, "Plan Rows": 44, "Plan Width": 79, "Inner Unique": false, "Join Filter": "(t.id = mk.movie_id)", "Plans": [{"Node Type": "Nested Loop", "Parent Relationship": "Outer", "Join Type": "Inner", "Startup Cost": 0.0, "Total Cost": 40583.01, "Plan Rows": 6, "Plan Width": 71, "Inner Unique": true, "Plans": [{"Node Type": "Nested Loop", "Parent Relationship": "Outer", "Join Type": "Inner", "Startup Cost": 0.0, "Total Cost": 40579.84, "Plan Rows": 11, "Plan Width": 75, "Inner Unique": true, "Join Filter": "(mc.company_type_id = ct.id)", "Plans": [{"Node Type": "Nested Loop", "Parent Relationship": "Outer", "Join Type": "Inner", "Startup Cost": 0.0, "Total Cost": 40578.27, "Plan Rows": 12, "Plan Width": 79, "Inner Unique": false, "Plans": [{"Node Type": "Nested Loop", "Parent Relationship": "Outer", "Join Type": "Inner", "Startup Cost": 0.0, "Total Cost": 40576.06, "Plan Rows": 6, "Plan Width": 67, "Inner Unique": true, "Plans": [{"Node Type": "Nested Loop", "Parent Relationship": "Outer", "Join Type": "Inner", "Startup Cost": 0.0, "Total Cost": 40543.12, "Plan Rows": 4, "Plan Width": 46, "Inner Unique": false, "Join Filter": "(it1.id = mi.info_type_id)", "Plans": [{"Node Type": "Seq Scan", "Parent Relationship": "Outer", "Relation Name": "info_type", "Alias": "it1", "Startup Cost": 0.0, "Total Cost": 2.4, "Plan Rows": 1, "Plan Width": 4, "Filter": "((info)::text = 'release dates'::text)"}, {"Node Type": "Materialize", "Parent Relationship": "Inner", "Startup Cost": 0.0, "Total Cost": 40538.17, "Plan Rows": 255, "Plan Width": 50, "Plans": [{"Node Type": "Streaming(type: LOCAL GATHER dop: 1/16)", "Parent Relationship": "Outer", "Startup Cost": 0.0, "Total Cost": 40537.53, "Plan Rows": 255, "Plan Width": 50, "Plans": [{"Node Type": "Seq Scan", "Parent Relationship": "Outer", "Relation Name": "movie_info", "Alias": "mi", "Startup Cost": 0.0, "Total Cost": 40532.03, "Plan Rows": 255, "Plan Width": 50, "Filter": "((info IS NOT NULL) AND ((note)::text ~~ '%internet%'::text) AND (((info)::text ~~ 'USA:% 199%'::text) OR ((info)::text ~~ 'USA:% 200%'::text)))"}]}]}]}, {"Node Type": "Index Scan", "Parent Relationship": "Inner", "Scan Direction": "Forward", "Index Name": "title_pkey", "Relation Name": "title", "Alias": "t", "Startup Cost": 0.0, "Total Cost": 8.23, "Plan Rows": 1, "Plan Width": 21, "Index Cond": "(id = mi.movie_id)", "Filter": "(production_year > 1990)"}]}, {"Node Type": "Index Scan", "Parent Relationship": "Inner", "Scan Direction": "Forward", "Index Name": "movie_id_movie_companies", "Relation Name": "movie_companies", "Alias": "mc", "Startup Cost": 0.0, "Total Cost": 0.35, "Plan Rows": 2, "Plan Width": 12, "Index Cond": "(movie_id = t.id)"}]}, {"Node Type": "Materialize", "Parent Relationship": "Inner", "Startup Cost": 0.0, "Total Cost": 1.04, "Plan Rows": 3, "Plan Width": 4, "Plans": [{"Node Type": "Seq Scan", "Parent Relationship": "Outer", "Relation Name": "company_type", "Alias": "ct", "Startup Cost": 0.0, "Total Cost": 1.03, "Plan Rows": 3, "Plan Width": 4}]}]}, {"Node Type": "Index Scan", "Parent Relationship": "Inner", "Scan Direction": "Forward", "Index Name": "company_name_pkey", "Relation Name": "company_name", "Alias": "cn", "Startup Cost": 0.0, "Total Cost": 0.28, "Plan Rows": 1, "Plan Width": 4, "Index Cond": "(id = mc.company_id)", "Filter": "((country_code)::text = '[us]'::text)"}]}, {"Node Type": "Index Scan", "Parent Relationship": "Inner", "Scan Direction": "Forward", "Index Name": "movie_id_movie_keyword", "Relation Name": "movie_keyword", "Alias": "mk", "Startup Cost": 0.0, "Total Cost": 0.46, "Plan Rows": 8, "Plan Width": 8, "Index Cond": "(movie_id = mc.movie_id)"}]}, {"Node Type": "Index Only Scan", "Parent Relationship": "Inner", "Scan Direction": "Forward", "Index Name": "keyword_pkey", "Relation Name": "keyword", "Alias": "k", "Startup Cost": 0.0, "Total Cost": 0.27, "Plan Rows": 1, "Plan Width": 4, "Index Cond": "(id = mk.keyword_id)"}]}, {"Node Type": "Index Only Scan", "Parent Relationship": "Inner", "Scan Direction": "Forward", "Index Name": "movie_id_aka_title", "Relation Name": "aka_title", "Alias": "at", "Startup Cost": 0.0, "Total Cost": 0.31, "Plan Rows": 3, "Plan Width": 4, "Index Cond": "(movie_id = t.id)"}]}]}, "Unique SQL Id": 2846462052}, "explain_analyze_plan": {"Plan": {"Node Type": "Aggregate", "Strategy": "Plain", "Startup Cost": 40614.41, "Total Cost": 40614.42, "Plan Rows": 1, "Plan Width": 123, "Actual Min Startup Time": 454.594, "Actual Max Startup Time": 454.594, "Actual Min Total Time": 454.595, "Actual Max Total Time": 454.595, "Actual Total Rows": 1, "Plans": [{"Node Type": "Nested Loop", "Parent Relationship": "Outer", "Join Type": "Inner", "Startup Cost": 0.0, "Total Cost": 40613.75, "Plan Rows": 132, "Plan Width": 59, "Actual Min Startup Time": 361.276, "Actual Max Startup Time": 361.276, "Actual Min Total Time": 453.787, "Actual Max Total Time": 453.787, "Actual Total Rows": 1140, "Inner Unique": false, "Plans": [{"Node Type": "Nested Loop", "Parent Relationship": "Outer", "Join Type": "Inner", "Startup Cost": 0.0, "Total Cost": 40598.7, "Plan Rows": 44, "Plan Width": 75, "Actual Min Startup Time": 360.519, "Actual Max Startup Time": 360.519, "Actual Min Total Time": 440.393, "Actual Max Total Time": 440.393, "Actual Total Rows": 4808, "Inner Unique": true, "Plans": [{"Node Type": "Nested Loop", "Parent Relationship": "Outer", "Join Type": "Inner", "Startup Cost": 0.0, "Total Cost": 40586.38, "Plan Rows": 44, "Plan Width": 79, "Actual Min Startup Time": 360.492, "Actual Max Startup Time": 360.492, "Actual Min Total Time": 423.471, "Actual Max Total Time": 423.471, "Actual Total Rows": 4808, "Inner Unique": false, "Join Filter": "(t.id = mk.movie_id)", "Rows Removed by Join Filter": 0, "Plans": [{"Node Type": "Nested Loop", "Parent Relationship": "Outer", "Join Type": "Inner", "Startup Cost": 0.0, "Total Cost": 40583.01, "Plan Rows": 6, "Plan Width": 71, "Actual Min Startup Time": 360.461, "Actual Max Startup Time": 360.461, "Actual Min Total Time": 408.996, "Actual Max Total Time": 408.996, "Actual Total Rows": 1488, "Inner Unique": true, "Plans": [{"Node Type": "Nested Loop", "Parent Relationship": "Outer", "Join Type": "Inner", "Startup Cost": 0.0, "Total Cost": 40579.84, "Plan Rows": 11, "Plan Width": 75, "Actual Min Startup Time": 360.403, "Actual Max Startup Time": 360.403, "Actual Min Total Time": 397.761, "Actual Max Total Time": 397.761, "Actual Total Rows": 1599, "Inner Unique": true, "Join Filter": "(mc.company_type_id = ct.id)", "Rows Removed by Join Filter": 3855, "Plans": [{"Node Type": "Nested Loop", "Parent Relationship": "Outer", "Join Type": "Inner", "Startup Cost": 0.0, "Total Cost": 40578.27, "Plan Rows": 12, "Plan Width": 79, "Actual Min Startup Time": 360.371, "Actual Max Startup Time": 360.371, "Actual Min Total Time": 395.098, "Actual Max Total Time": 395.098, "Actual Total Rows": 2884, "Inner Unique": false, "Plans": [{"Node Type": "Nested Loop", "Parent Relationship": "Outer", "Join Type": "Inner", "Startup Cost": 0.0, "Total Cost": 40576.06, "Plan Rows": 6, "Plan Width": 67, "Actual Min Startup Time": 360.343, "Actual Max Startup Time": 360.343, "Actual Min Total Time": 377.531, "Actual Max Total Time": 377.531, "Actual Total Rows": 1782, "Inner Unique": true, "Plans": [{"Node Type": "Nested Loop", "Parent Relationship": "Outer", "Join Type": "Inner", "Startup Cost": 0.0, "Total Cost": 40543.12, "Plan Rows": 4, "Plan Width": 46, "Actual Min Startup Time": 360.293, "Actual Max Startup Time": 360.293, "Actual Min Total Time": 361.58, "Actual Max Total Time": 361.58, "Actual Total Rows": 1783, "Inner Unique": false, "Join Filter": "(it1.id = mi.info_type_id)", "Rows Removed by Join Filter": 0, "Plans": [{"Node Type": "Seq Scan", "Parent Relationship": "Outer", "Relation Name": "info_type", "Alias": "it1", "Startup Cost": 0.0, "Total Cost": 2.4, "Plan Rows": 1, "Plan Width": 4, "Actual Min Startup Time": 0.075, "Actual Max Startup Time": 0.075, "Actual Min Total Time": 0.107, "Actual Max Total Time": 0.107, "Actual Total Rows": 1, "Filter": "((info)::text = 'release dates'::text)", "Rows Removed by Filter": 111}, {"Node Type": "Materialize", "Parent Relationship": "Inner", "Startup Cost": 0.0, "Total Cost": 40538.17, "Plan Rows": 255, "Plan Width": 50, "Actual Min Startup Time": 360.193, "Actual Max Startup Time": 360.193, "Actual Min Total Time": 360.551, "Actual Max Total Time": 360.551, "Actual Total Rows": 1784, "Plans": [{"Node Type": "Streaming(type: LOCAL GATHER dop: 1/16)", "Parent Relationship": "Outer", "Startup Cost": 0.0, "Total Cost": 40537.53, "Plan Rows": 255, "Plan Width": 50, "Actual Min Startup Time": 166.394, "Actual Max Startup Time": 166.394, "Actual Min Total Time": 359.818, "Actual Max Total Time": 359.818, "Actual Total Rows": 1783, "Plans": [{"Node Type": "Seq Scan", "Parent Relationship": "Outer", "Relation Name": "movie_info", "Alias": "mi", "Startup Cost": 0.0, "Total Cost": 40532.03, "Plan Rows": 255, "Plan Width": 50, "Actual Min Startup Time": 83.623, "Actual Max Startup Time": 93.952, "Actual Min Total Time": 296.592, "Actual Max Total Time": 332.659, "Actual Total Rows": 1783, "Filter": "((info IS NOT NULL) AND ((note)::text ~~ '%internet%'::text) AND (((info)::text ~~ 'USA:% 199%'::text) OR ((info)::text ~~ 'USA:% 200%'::text)))", "Rows Removed by Filter": 14833936}]}]}]}, {"Node Type": "Index Scan", "Parent Relationship": "Inner", "Scan Direction": "Forward", "Index Name": "title_pkey", "Relation Name": "title", "Alias": "t", "Startup Cost": 0.0, "Total Cost": 8.23, "Plan Rows": 1, "Plan Width": 21, "Actual Min Startup Time": 14.366, "Actual Max Startup Time": 14.366, "Actual Min Total Time": 14.366, "Actual Max Total Time": 14.366, "Actual Total Rows": 1782, "Index Cond": "(id = mi.movie_id)", "Rows Removed by Index Recheck": 0, "Filter": "(production_year > 1990)", "Rows Removed by Filter": 1}]}, {"Node Type": "Index Scan", "Parent Relationship": "Inner", "Scan Direction": "Forward", "Index Name": "movie_id_movie_companies", "Relation Name": "movie_companies", "Alias": "mc", "Startup Cost": 0.0, "Total Cost": 0.35, "Plan Rows": 2, "Plan Width": 12, "Actual Min Startup Time": 12.799, "Actual Max Startup Time": 12.799, "Actual Min Total Time": 15.889, "Actual Max Total Time": 15.889, "Actual Total Rows": 2884, "Index Cond": "(movie_id = t.id)", "Rows Removed by Index Recheck": 0}]}, {"Node Type": "Materialize", "Parent Relationship": "Inner", "Startup Cost": 0.0, "Total Cost": 1.04, "Plan Rows": 3, "Plan Width": 4, "Actual Min Startup Time": 0.31, "Actual Max Startup Time": 0.31, "Actual Min Total Time": 0.635, "Actual Max Total Time": 0.635, "Actual Total Rows": 5454, "Plans": [{"Node Type": "Seq Scan", "Parent Relationship": "Outer", "Relation Name": "company_type", "Alias": "ct", "Startup Cost": 0.0, "Total Cost": 1.03, "Plan Rows": 3, "Plan Width": 4, "Actual Min Startup Time": 0.007, "Actual Max Startup Time": 0.007, "Actual Min Total Time": 0.009, "Actual Max Total Time": 0.009, "Actual Total Rows": 3}]}]}, {"Node Type": "Index Scan", "Parent Relationship": "Inner", "Scan Direction": "Forward", "Index Name": "company_name_pkey", "Relation Name": "company_name", "Alias": "cn", "Startup Cost": 0.0, "Total Cost": 0.28, "Plan Rows": 1, "Plan Width": 4, "Actual Min Startup Time": 9.852, "Actual Max Startup Time": 9.852, "Actual Min Total Time": 9.852, "Actual Max Total Time": 9.852, "Actual Total Rows": 1488, "Index Cond": "(id = mc.company_id)", "Rows Removed by Index Recheck": 0, "Filter": "((country_code)::text = '[us]'::text)", "Rows Removed by Filter": 111}]}, {"Node Type": "Index Scan", "Parent Relationship": "Inner", "Scan Direction": "Forward", "Index Name": "movie_id_movie_keyword", "Relation Name": "movie_keyword", "Alias": "mk", "Startup Cost": 0.0, "Total Cost": 0.46, "Plan Rows": 8, "Plan Width": 8, "Actual Min Startup Time": 9.206, "Actual Max Startup Time": 9.206, "Actual Min Total Time": 11.66, "Actual Max Total Time": 11.66, "Actual Total Rows": 4808, "Index Cond": "(movie_id = mc.movie_id)", "Rows Removed by Index Recheck": 0}]}, {"Node Type": "Index Only Scan", "Parent Relationship": "Inner", "Scan Direction": "Forward", "Index Name": "keyword_pkey", "Relation Name": "keyword", "Alias": "k", "Startup Cost": 0.0, "Total Cost": 0.27, "Plan Rows": 1, "Plan Width": 4, "Actual Min Startup Time": 13.35, "Actual Max Startup Time": 13.35, "Actual Min Total Time": 13.35, "Actual Max Total Time": 13.35, "Actual Total Rows": 4808, "Index Cond": "(id = mk.keyword_id)", "Rows Removed by Index Recheck": 0, "Heap Fetches": 0}]}, {"Node Type": "Index Only Scan", "Parent Relationship": "Inner", "Scan Direction": "Forward", "Index Name": "movie_id_aka_title", "Relation Name": "aka_title", "Alias": "at", "Startup Cost": 0.0, "Total Cost": 0.31, "Plan Rows": 3, "Plan Width": 4, "Actual Min Startup Time": 10.75, "Actual Max Startup Time": 10.75, "Actual Min Total Time": 11.04, "Actual Max Total Time": 11.04, "Actual Total Rows": 1140, "Index Cond": "(movie_id = t.id)", "Rows Removed by Index Recheck": 0, "Heap Fetches": 0}]}]}, "Triggers": [], "Planner Runtime": 42.407, "Total Runtime": 458.139, "Unique SQL Id": 2846462052}}, "(16, 49)": {"explain_plan": {"Plan": {"Node Type": "Aggregate", "Strategy": "Plain", "Startup Cost": 165028.91, "Total Cost": 165028.92, "Plan Rows": 1, "Plan Width": 123, "Plans": [{"Node Type": "Nested Loop", "Parent Relationship": "Outer", "Join Type": "Inner", "Startup Cost": 4841.46, "Total Cost": 165028.25, "Plan Rows": 132, "Plan Width": 59, "Inner Unique": false, "Plans": [{"Node Type": "Nested Loop", "Parent Relationship": "Outer", "Join Type": "Inner", "Startup Cost": 4841.46, "Total Cost": 165013.2, "Plan Rows": 44, "Plan Width": 75, "Inner Unique": true, "Plans": [{"Node Type": "Nested Loop", "Parent Relationship": "Outer", "Join Type": "Inner", "Startup Cost": 4841.46, "Total Cost": 165000.88, "Plan Rows": 44, "Plan Width": 79, "Inner Unique": false, "Join Filter": "(t.id = mk.movie_id)", "Plans": [{"Node Type": "Nested Loop", "Parent Relationship": "Outer", "Join Type": "Inner", "Startup Cost": 4841.46, "Total Cost": 164997.5, "Plan Rows": 6, "Plan Width": 71, "Inner Unique": true, "Plans": [{"Node Type": "Nested Loop", "Parent Relationship": "Outer", "Join Type": "Inner", "Startup Cost": 4841.46, "Total Cost": 164994.7, "Plan Rows": 10, "Plan Width": 75, "Inner Unique": true, "Plans": [{"Node Type": "Nested Loop", "Parent Relationship": "Outer", "Join Type": "Inner", "Startup Cost": 4841.46, "Total Cost": 164991.25, "Plan Rows": 12, "Plan Width": 79, "Inner Unique": false, "Plans": [{"Node Type": "Nested Loop", "Parent Relationship": "Outer", "Join Type": "Inner", "Startup Cost": 4841.46, "Total Cost": 164989.04, "Plan Rows": 6, "Plan Width": 67, "Inner Unique": true, "Plans": [{"Node Type": "Nested Loop", "Parent Relationship": "Outer", "Join Type": "Inner", "Startup Cost": 4841.46, "Total Cost": 164956.1, "Plan Rows": 4, "Plan Width": 46, "Inner Unique": false, "Plans": [{"Node Type": "Index Scan", "Parent Relationship": "Outer", "Scan Direction": "Forward", "Index Name": "info_type_pkey", "Relation Name": "info_type", "Alias": "it1", "Startup Cost": 0.0, "Total Cost": 14.21, "Plan Rows": 1, "Plan Width": 4, "Filter": "((info)::text = 'release dates'::text)"}, {"Node Type": "Bitmap Heap Scan", "Parent Relationship": "Inner", "Relation Name": "movie_info", "Alias": "mi", "Startup Cost": 4841.46, "Total Cost": 164941.85, "Plan Rows": 4, "Plan Width": 50, "Recheck Cond": "(info_type_id = it1.id)", "Filter": "((info IS NOT NULL) AND ((note)::text ~~ '%internet%'::text) AND (((info)::text ~~ 'USA:% 199%'::text) OR ((info)::text ~~ 'USA:% 200%'::text)))", "Plans": [{"Node Type": "Bitmap Index Scan", "Parent Relationship": "Outer", "Index Name": "info_type_id_movie_info", "Startup Cost": 0.0, "Total Cost": 4841.46, "Plan Rows": 212428, "Plan Width": 0, "Index Cond": "(info_type_id = it1.id)"}]}]}, {"Node Type": "Index Scan", "Parent Relationship": "Inner", "Scan Direction": "Forward", "Index Name": "title_pkey", "Relation Name": "title", "Alias": "t", "Startup Cost": 0.0, "Total Cost": 8.23, "Plan Rows": 1, "Plan Width": 21, "Index Cond": "(id = mi.movie_id)", "Filter": "(production_year > 1990)"}]}, {"Node Type": "Index Scan", "Parent Relationship": "Inner", "Scan Direction": "Forward", "Index Name": "movie_id_movie_companies", "Relation Name": "movie_companies", "Alias": "mc", "Startup Cost": 0.0, "Total Cost": 0.35, "Plan Rows": 2, "Plan Width": 12, "Index Cond": "(movie_id = t.id)"}]}, {"Node Type": "Index Scan", "Parent Relationship": "Inner", "Scan Direction": "Forward", "Index Name": "company_name_pkey", "Relation Name": "company_name", "Alias": "cn", "Startup Cost": 0.0, "Total Cost": 0.28, "Plan Rows": 1, "Plan Width": 4, "Index Cond": "(id = mc.company_id)", "Filter": "((country_code)::text = '[us]'::text)"}]}, {"Node Type": "Index Only Scan", "Parent Relationship": "Inner", "Scan Direction": "Forward", "Index Name": "company_type_pkey", "Relation Name": "company_type", "Alias": "ct", "Startup Cost": 0.0, "Total Cost": 0.27, "Plan Rows": 1, "Plan Width": 4, "Index Cond": "(id = mc.company_type_id)"}]}, {"Node Type": "Index Scan", "Parent Relationship": "Inner", "Scan Direction": "Forward", "Index Name": "movie_id_movie_keyword", "Relation Name": "movie_keyword", "Alias": "mk", "Startup Cost": 0.0, "Total Cost": 0.46, "Plan Rows": 8, "Plan Width": 8, "Index Cond": "(movie_id = mc.movie_id)"}]}, {"Node Type": "Index Only Scan", "Parent Relationship": "Inner", "Scan Direction": "Forward", "Index Name": "keyword_pkey", "Relation Name": "keyword", "Alias": "k", "Startup Cost": 0.0, "Total Cost": 0.27, "Plan Rows": 1, "Plan Width": 4, "Index Cond": "(id = mk.keyword_id)"}]}, {"Node Type": "Index Only Scan", "Parent Relationship": "Inner", "Scan Direction": "Forward", "Index Name": "movie_id_aka_title", "Relation Name": "aka_title", "Alias": "at", "Startup Cost": 0.0, "Total Cost": 0.31, "Plan Rows": 3, "Plan Width": 4, "Index Cond": "(movie_id = t.id)"}]}]}, "Unique SQL Id": 2846462052}, "explain_analyze_plan": null}, "(16, 50)": {"explain_plan": {"Plan": {"Node Type": "Aggregate", "Strategy": "Plain", "Startup Cost": 41112.14, "Total Cost": 41112.15, "Plan Rows": 1, "Plan Width": 123, "Plans": [{"Node Type": "Nested Loop", "Parent Relationship": "Outer", "Join Type": "Inner", "Startup Cost": 5.61, "Total Cost": 41111.48, "Plan Rows": 132, "Plan Width": 59, "Inner Unique": false, "Join Filter": "(t.id = at.movie_id)", "Plans": [{"Node Type": "Nested Loop", "Parent Relationship": "Outer", "Join Type": "Inner", "Startup Cost": 5.34, "Total Cost": 40920.12, "Plan Rows": 44, "Plan Width": 75, "Inner Unique": true, "Join Filter": "(mi.movie_id = t.id)", "Plans": [{"Node Type": "Nested Loop", "Parent Relationship": "Outer", "Join Type": "Inner", "Startup Cost": 5.07, "Total Cost": 40782.73, "Plan Rows": 32, "Plan Width": 54, "Inner Unique": true, "Plans": [{"Node Type": "Nested Loop", "Parent Relationship": "Outer", "Join Type": "Inner", "Startup Cost": 4.81, "Total Cost": 40645.76, "Plan Rows": 32, "Plan Width": 58, "Inner Unique": false, "Join Filter": "(mi.movie_id = mk.movie_id)", "Plans": [{"Node Type": "Nested Loop", "Parent Relationship": "Outer", "Join Type": "Inner", "Startup Cost": 4.48, "Total Cost": 40627.61, "Plan Rows": 4, "Plan Width": 50, "Inner Unique": true, "Plans": [{"Node Type": "Nested Loop", "Parent Relationship": "Outer", "Join Type": "Inner", "Startup Cost": 4.22, "Total Cost": 40593.34, "Plan Rows": 8, "Plan Width": 54, "Inner Unique": true, "Join Filter": "(mc.company_type_id = ct.id)", "Plans": [{"Node Type": "Nested Loop", "Parent Relationship": "Outer", "Join Type": "Inner", "Startup Cost": 4.22, "Total Cost": 40591.9, "Plan Rows": 9, "Plan Width": 58, "Inner Unique": false, "Plans": [{"Node Type": "Nested Loop", "Parent Relationship": "Outer", "Join Type": "Inner", "Startup Cost": 0.0, "Total Cost": 40543.12, "Plan Rows": 4, "Plan Width": 46, "Inner Unique": false, "Join Filter": "(it1.id = mi.info_type_id)", "Plans": [{"Node Type": "Seq Scan", "Parent Relationship": "Outer", "Relation Name": "info_type", "Alias": "it1", "Startup Cost": 0.0, "Total Cost": 2.4, "Plan Rows": 1, "Plan Width": 4, "Filter": "((info)::text = 'release dates'::text)"}, {"Node Type": "Materialize", "Parent Relationship": "Inner", "Startup Cost": 0.0, "Total Cost": 40538.17, "Plan Rows": 255, "Plan Width": 50, "Plans": [{"Node Type": "Streaming(type: LOCAL GATHER dop: 1/16)", "Parent Relationship": "Outer", "Startup Cost": 0.0, "Total Cost": 40537.53, "Plan Rows": 255, "Plan Width": 50, "Plans": [{"Node Type": "Seq Scan", "Parent Relationship": "Outer", "Relation Name": "movie_info", "Alias": "mi", "Startup Cost": 0.0, "Total Cost": 40532.03, "Plan Rows": 255, "Plan Width": 50, "Filter": "((info IS NOT NULL) AND ((note)::text ~~ '%internet%'::text) AND (((info)::text ~~ 'USA:% 199%'::text) OR ((info)::text ~~ 'USA:% 200%'::text)))"}]}]}]}, {"Node Type": "Bitmap Heap Scan", "Parent Relationship": "Inner", "Relation Name": "movie_companies", "Alias": "mc", "Startup Cost": 4.22, "Total Cost": 12.18, "Plan Rows": 2, "Plan Width": 12, "Recheck Cond": "(movie_id = mi.movie_id)", "Plans": [{"Node Type": "Bitmap Index Scan", "Parent Relationship": "Outer", "Index Name": "movie_id_movie_companies", "Startup Cost": 0.0, "Total Cost": 4.22, "Plan Rows": 2, "Plan Width": 0, "Index Cond": "(movie_id = mi.movie_id)"}]}]}, {"Node Type": "Materialize", "Parent Relationship": "Inner", "Startup Cost": 0.0, "Total Cost": 1.04, "Plan Rows": 3, "Plan Width": 4, "Plans": [{"Node Type": "Seq Scan", "Parent Relationship": "Outer", "Relation Name": "company_type", "Alias": "ct", "Startup Cost": 0.0, "Total Cost": 1.03, "Plan Rows": 3, "Plan Width": 4}]}]}, {"Node Type": "Bitmap Heap Scan", "Parent Relationship": "Inner", "Relation Name": "company_name", "Alias": "cn", "Startup Cost": 0.26, "Total Cost": 4.27, "Plan Rows": 1, "Plan Width": 4, "Recheck Cond": "(id = mc.company_id)", "Filter": "((country_code)::text = '[us]'::text)", "Plans": [{"Node Type": "Bitmap Index Scan", "Parent Relationship": "Outer", "Index Name": "company_name_pkey", "Startup Cost": 0.0, "Total Cost": 0.26, "Plan Rows": 1, "Plan Width": 0, "Index Cond": "(id = mc.company_id)"}]}]}, {"Node Type": "Bitmap Heap Scan", "Parent Relationship": "Inner", "Relation Name": "movie_keyword", "Alias": "mk", "Startup Cost": 0.34, "Total Cost": 4.44, "Plan Rows": 8, "Plan Width": 8, "Recheck Cond": "(movie_id = mc.movie_id)", "Plans": [{"Node Type": "Bitmap Index Scan", "Parent Relationship": "Outer", "Index Name": "movie_id_movie_keyword", "Startup Cost": 0.0, "Total Cost": 0.34, "Plan Rows": 8, "Plan Width": 0, "Index Cond": "(movie_id = mc.movie_id)"}]}]}, {"Node Type": "Bitmap Heap Scan", "Parent Relationship": "Inner", "Relation Name": "keyword", "Alias": "k", "Startup Cost": 0.26, "Total Cost": 4.27, "Plan Rows": 1, "Plan Width": 4, "Recheck Cond": "(id = mk.keyword_id)", "Plans": [{"Node Type": "Bitmap Index Scan", "Parent Relationship": "Outer", "Index Name": "keyword_pkey", "Startup Cost": 0.0, "Total Cost": 0.26, "Plan Rows": 1, "Plan Width": 0, "Index Cond": "(id = mk.keyword_id)"}]}]}, {"Node Type": "Bitmap Heap Scan", "Parent Relationship": "Inner", "Relation Name": "title", "Alias": "t", "Startup Cost": 0.27, "Total Cost": 4.28, "Plan Rows": 1, "Plan Width": 21, "Recheck Cond": "(id = mk.movie_id)", "Filter": "(production_year > 1990)", "Plans": [{"Node Type": "Bitmap Index Scan", "Parent Relationship": "Outer", "Index Name": "title_pkey", "Startup Cost": 0.0, "Total Cost": 0.27, "Plan Rows": 1, "Plan Width": 0, "Index Cond": "(id = mk.movie_id)"}]}]}, {"Node Type": "Bitmap Heap Scan", "Parent Relationship": "Inner", "Relation Name": "aka_title", "Alias": "at", "Startup Cost": 0.27, "Total Cost": 4.31, "Plan Rows": 3, "Plan Width": 4, "Recheck Cond": "(movie_id = mk.movie_id)", "Plans": [{"Node Type": "Bitmap Index Scan", "Parent Relationship": "Outer", "Index Name": "movie_id_aka_title", "Startup Cost": 0.0, "Total Cost": 0.27, "Plan Rows": 3, "Plan Width": 0, "Index Cond": "(movie_id = mk.movie_id)"}]}]}]}, "Unique SQL Id": 2846462052}, "explain_analyze_plan": {"Plan": {"Node Type": "Aggregate", "Strategy": "Plain", "Startup Cost": 41112.14, "Total Cost": 41112.15, "Plan Rows": 1, "Plan Width": 123, "Actual Min Startup Time": 442.402, "Actual Max Startup Time": 442.402, "Actual Min Total Time": 442.402, "Actual Max Total Time": 442.402, "Actual Total Rows": 1, "Plans": [{"Node Type": "Nested Loop", "Parent Relationship": "Outer", "Join Type": "Inner", "Startup Cost": 5.61, "Total Cost": 41111.48, "Plan Rows": 132, "Plan Width": 59, "Actual Min Startup Time": 321.434, "Actual Max Startup Time": 321.434, "Actual Min Total Time": 441.348, "Actual Max Total Time": 441.348, "Actual Total Rows": 1140, "Inner Unique": false, "Join Filter": "(t.id = at.movie_id)", "Rows Removed by Join Filter": 0, "Plans": [{"Node Type": "Nested Loop", "Parent Relationship": "Outer", "Join Type": "Inner", "Startup Cost": 5.34, "Total Cost": 40920.12, "Plan Rows": 44, "Plan Width": 75, "Actual Min Startup Time": 320.702, "Actual Max Startup Time": 320.702, "Actual Min Total Time": 420.823, "Actual Max Total Time": 420.823, "Actual Total Rows": 4808, "Inner Unique": true, "Join Filter": "(mi.movie_id = t.id)", "Rows Removed by Join Filter": 0, "Plans": [{"Node Type": "Nested Loop", "Parent Relationship": "Outer", "Join Type": "Inner", "Startup Cost": 5.07, "Total Cost": 40782.73, "Plan Rows": 32, "Plan Width": 54, "Actual Min Startup Time": 320.671, "Actual Max Startup Time": 320.671, "Actual Min Total Time": 393.642, "Actual Max Total Time": 393.642, "Actual Total Rows": 4808, "Inner Unique": true, "Plans": [{"Node Type": "Nested Loop", "Parent Relationship": "Outer", "Join Type": "Inner", "Startup Cost": 4.81, "Total Cost": 40645.76, "Plan Rows": 32, "Plan Width": 58, "Actual Min Startup Time": 320.654, "Actual Max Startup Time": 320.654, "Actual Min Total Time": 366.383, "Actual Max Total Time": 366.383, "Actual Total Rows": 4808, "Inner Unique": false, "Join Filter": "(mi.movie_id = mk.movie_id)", "Rows Removed by Join Filter": 0, "Plans": [{"Node Type": "Nested Loop", "Parent Relationship": "Outer", "Join Type": "Inner", "Startup Cost": 4.48, "Total Cost": 40627.61, "Plan Rows": 4, "Plan Width": 50, "Actual Min Startup Time": 320.632, "Actual Max Startup Time": 320.632, "Actual Min Total Time": 353.415, "Actual Max Total Time": 353.415, "Actual Total Rows": 1488, "Inner Unique": true, "Plans": [{"Node Type": "Nested Loop", "Parent Relationship": "Outer", "Join Type": "Inner", "Startup Cost": 4.22, "Total Cost": 40593.34, "Plan Rows": 8, "Plan Width": 54, "Actual Min Startup Time": 320.593, "Actual Max Startup Time": 320.593, "Actual Min Total Time": 341.549, "Actual Max Total Time": 341.549, "Actual Total Rows": 1599, "Inner Unique": true, "Join Filter": "(mc.company_type_id = ct.id)", "Rows Removed by Join Filter": 3855, "Plans": [{"Node Type": "Nested Loop", "Parent Relationship": "Outer", "Join Type": "Inner", "Startup Cost": 4.22, "Total Cost": 40591.9, "Plan Rows": 9, "Plan Width": 58, "Actual Min Startup Time": 320.53, "Actual Max Startup Time": 320.53, "Actual Min Total Time": 338.753, "Actual Max Total Time": 338.753, "Actual Total Rows": 2884, "Inner Unique": false, "Plans": [{"Node Type": "Nested Loop", "Parent Relationship": "Outer", "Join Type": "Inner", "Startup Cost": 0.0, "Total Cost": 40543.12, "Plan Rows": 4, "Plan Width": 46, "Actual Min Startup Time": 320.462, "Actual Max Startup Time": 320.462, "Actual Min Total Time": 321.784, "Actual Max Total Time": 321.784, "Actual Total Rows": 1783, "Inner Unique": false, "Join Filter": "(it1.id = mi.info_type_id)", "Rows Removed by Join Filter": 0, "Plans": [{"Node Type": "Seq Scan", "Parent Relationship": "Outer", "Relation Name": "info_type", "Alias": "it1", "Startup Cost": 0.0, "Total Cost": 2.4, "Plan Rows": 1, "Plan Width": 4, "Actual Min Startup Time": 0.069, "Actual Max Startup Time": 0.069, "Actual Min Total Time": 0.1, "Actual Max Total Time": 0.1, "Actual Total Rows": 1, "Filter": "((info)::text = 'release dates'::text)", "Rows Removed by Filter": 111}, {"Node Type": "Materialize", "Parent Relationship": "Inner", "Startup Cost": 0.0, "Total Cost": 40538.17, "Plan Rows": 255, "Plan Width": 50, "Actual Min Startup Time": 320.366, "Actual Max Startup Time": 320.366, "Actual Min Total Time": 320.693, "Actual Max Total Time": 320.693, "Actual Total Rows": 1784, "Plans": [{"Node Type": "Streaming(type: LOCAL GATHER dop: 1/16)", "Parent Relationship": "Outer", "Startup Cost": 0.0, "Total Cost": 40537.53, "Plan Rows": 255, "Plan Width": 50, "Actual Min Startup Time": 146.751, "Actual Max Startup Time": 146.751, "Actual Min Total Time": 320.022, "Actual Max Total Time": 320.022, "Actual Total Rows": 1783, "Plans": [{"Node Type": "Seq Scan", "Parent Relationship": "Outer", "Relation Name": "movie_info", "Alias": "mi", "Startup Cost": 0.0, "Total Cost": 40532.03, "Plan Rows": 255, "Plan Width": 50, "Actual Min Startup Time": 80.855, "Actual Max Startup Time": 89.163, "Actual Min Total Time": 295.022, "Actual Max Total Time": 303.152, "Actual Total Rows": 1783, "Filter": "((info IS NOT NULL) AND ((note)::text ~~ '%internet%'::text) AND (((info)::text ~~ 'USA:% 199%'::text) OR ((info)::text ~~ 'USA:% 200%'::text)))", "Rows Removed by Filter": 14833936}]}]}]}, {"Node Type": "Bitmap Heap Scan", "Parent Relationship": "Inner", "Relation Name": "movie_companies", "Alias": "mc", "Startup Cost": 4.22, "Total Cost": 12.18, "Plan Rows": 2, "Plan Width": 12, "Actual Min Startup Time": 12.162, "Actual Max Startup Time": 12.162, "Actual Min Total Time": 14.14, "Actual Max Total Time": 14.14, "Actual Total Rows": 2884, "Recheck Cond": "(movie_id = mi.movie_id)", "Rows Removed by Index Recheck": 0, "Exact Heap Blocks": 2325, "Lossy Heap Blocks": 2325, "Plans": [{"Node Type": "Bitmap Index Scan", "Parent Relationship": "Outer", "Index Name": "movie_id_movie_companies", "Startup Cost": 0.0, "Total Cost": 4.22, "Plan Rows": 2, "Plan Width": 0, "Actual Min Startup Time": 7.762, "Actual Max Startup Time": 7.762, "Actual Min Total Time": 7.762, "Actual Max Total Time": 7.762, "Actual Total Rows": 2884, "Index Cond": "(movie_id = mi.movie_id)"}]}]}, {"Node Type": "Materialize", "Parent Relationship": "Inner", "Startup Cost": 0.0, "Total Cost": 1.04, "Plan Rows": 3, "Plan Width": 4, "Actual Min Startup Time": 0.365, "Actual Max Startup Time": 0.365, "Actual Min Total Time": 0.711, "Actual Max Total Time": 0.711, "Actual Total Rows": 5454, "Plans": [{"Node Type": "Seq Scan", "Parent Relationship": "Outer", "Relation Name": "company_type", "Alias": "ct", "Startup Cost": 0.0, "Total Cost": 1.03, "Plan Rows": 3, "Plan Width": 4, "Actual Min Startup Time": 0.007, "Actual Max Startup Time": 0.007, "Actual Min Total Time": 0.008, "Actual Max Total Time": 0.008, "Actual Total Rows": 3}]}]}, {"Node Type": "Bitmap Heap Scan", "Parent Relationship": "Inner", "Relation Name": "company_name", "Alias": "cn", "Startup Cost": 0.26, "Total Cost": 4.27, "Plan Rows": 1, "Plan Width": 4, "Actual Min Startup Time": 9.72, "Actual Max Startup Time": 9.72, "Actual Min Total Time": 9.72, "Actual Max Total Time": 9.72, "Actual Total Rows": 1488, "Recheck Cond": "(id = mc.company_id)", "Rows Removed by Index Recheck": 0, "Filter": "((country_code)::text = '[us]'::text)", "Rows Removed by Filter": 111, "Exact Heap Blocks": 1599, "Lossy Heap Blocks": 1599, "Plans": [{"Node Type": "Bitmap Index Scan", "Parent Relationship": "Outer", "Index Name": "company_name_pkey", "Startup Cost": 0.0, "Total Cost": 0.26, "Plan Rows": 1, "Plan Width": 0, "Actual Min Startup Time": 5.575, "Actual Max Startup Time": 5.575, "Actual Min Total Time": 5.575, "Actual Max Total Time": 5.575, "Actual Total Rows": 1599, "Index Cond": "(id = mc.company_id)"}]}]}, {"Node Type": "Bitmap Heap Scan", "Parent Relationship": "Inner", "Relation Name": "movie_keyword", "Alias": "mk", "Startup Cost": 0.34, "Total Cost": 4.44, "Plan Rows": 8, "Plan Width": 8, "Actual Min Startup Time": 8.322, "Actual Max Startup Time": 8.322, "Actual Min Total Time": 9.099, "Actual Max Total Time": 9.099, "Actual Total Rows": 4808, "Recheck Cond": "(movie_id = mc.movie_id)", "Rows Removed by Index Recheck": 0, "Exact Heap Blocks": 586, "Lossy Heap Blocks": 586, "Plans": [{"Node Type": "Bitmap Index Scan", "Parent Relationship": "Outer", "Index Name": "movie_id_movie_keyword", "Startup Cost": 0.0, "Total Cost": 0.34, "Plan Rows": 8, "Plan Width": 0, "Actual Min Startup Time": 6.05, "Actual Max Startup Time": 6.05, "Actual Min Total Time": 6.05, "Actual Max Total Time": 6.05, "Actual Total Rows": 4808, "Index Cond": "(movie_id = mc.movie_id)"}]}]}, {"Node Type": "Bitmap Heap Scan", "Parent Relationship": "Inner", "Relation Name": "keyword", "Alias": "k", "Startup Cost": 0.26, "Total Cost": 4.27, "Plan Rows": 1, "Plan Width": 4, "Actual Min Startup Time": 21.027, "Actual Max Startup Time": 21.027, "Actual Min Total Time": 21.027, "Actual Max Total Time": 21.027, "Actual Total Rows": 4808, "Recheck Cond": "(id = mk.keyword_id)", "Rows Removed by Index Recheck": 0, "Exact Heap Blocks": 4808, "Lossy Heap Blocks": 4808, "Plans": [{"Node Type": "Bitmap Index Scan", "Parent Relationship": "Outer", "Index Name": "keyword_pkey", "Startup Cost": 0.0, "Total Cost": 0.26, "Plan Rows": 1, "Plan Width": 0, "Actual Min Startup Time": 13.378, "Actual Max Startup Time": 13.378, "Actual Min Total Time": 13.378, "Actual Max Total Time": 13.378, "Actual Total Rows": 4808, "Index Cond": "(id = mk.keyword_id)"}]}]}, {"Node Type": "Bitmap Heap Scan", "Parent Relationship": "Inner", "Relation Name": "title", "Alias": "t", "Startup Cost": 0.27, "Total Cost": 4.28, "Plan Rows": 1, "Plan Width": 21, "Actual Min Startup Time": 20.151, "Actual Max Startup Time": 20.151, "Actual Min Total Time": 20.151, "Actual Max Total Time": 20.151, "Actual Total Rows": 4808, "Recheck Cond": "(id = mk.movie_id)", "Rows Removed by Index Recheck": 0, "Filter": "(production_year > 1990)", "Rows Removed by Filter": 0, "Exact Heap Blocks": 4808, "Lossy Heap Blocks": 4808, "Plans": [{"Node Type": "Bitmap Index Scan", "Parent Relationship": "Outer", "Index Name": "title_pkey", "Startup Cost": 0.0, "Total Cost": 0.27, "Plan Rows": 1, "Plan Width": 0, "Actual Min Startup Time": 12.256, "Actual Max Startup Time": 12.256, "Actual Min Total Time": 12.256, "Actual Max Total Time": 12.256, "Actual Total Rows": 4808, "Index Cond": "(id = mk.movie_id)"}]}]}, {"Node Type": "Bitmap Heap Scan", "Parent Relationship": "Inner", "Relation Name": "aka_title", "Alias": "at", "Startup Cost": 0.27, "Total Cost": 4.31, "Plan Rows": 3, "Plan Width": 4, "Actual Min Startup Time": 14.526, "Actual Max Startup Time": 14.526, "Actual Min Total Time": 14.913, "Actual Max Total Time": 14.913, "Actual Total Rows": 1140, "Recheck Cond": "(movie_id = mk.movie_id)", "Rows Removed by Index Recheck": 0, "Exact Heap Blocks": 1140, "Lossy Heap Blocks": 1140, "Plans": [{"Node Type": "Bitmap Index Scan", "Parent Relationship": "Outer", "Index Name": "movie_id_aka_title", "Startup Cost": 0.0, "Total Cost": 0.27, "Plan Rows": 3, "Plan Width": 0, "Actual Min Startup Time": 11.273, "Actual Max Startup Time": 11.273, "Actual Min Total Time": 11.273, "Actual Max Total Time": 11.273, "Actual Total Rows": 1140, "Index Cond": "(movie_id = mk.movie_id)"}]}]}]}, "Triggers": [], "Planner Runtime": 125.779, "Total Runtime": 445.427, "Unique SQL Id": 2846462052}}, "(16, 51)": {"explain_plan": {"Plan": {"Node Type": "Aggregate", "Strategy": "Plain", "Startup Cost": 166073.69, "Total Cost": 166073.7, "Plan Rows": 1, "Plan Width": 123, "Plans": [{"Node Type": "Nested Loop", "Parent Relationship": "Outer", "Join Type": "Inner", "Startup Cost": 4855.81, "Total Cost": 166073.03, "Plan Rows": 132, "Plan Width": 59, "Inner Unique": true, "Join Filter": "(at.movie_id = t.id)", "Plans": [{"Node Type": "Nested Loop", "Parent Relationship": "Outer", "Join Type": "Inner", "Startup Cost": 4855.54, "Total Cost": 165665.15, "Plan Rows": 95, "Plan Width": 58, "Inner Unique": true, "Plans": [{"Node Type": "Nested Loop", "Parent Relationship": "Outer", "Join Type": "Inner", "Startup Cost": 4855.28, "Total Cost": 165249.97, "Plan Rows": 97, "Plan Width": 62, "Inner Unique": false, "Join Filter": "(at.movie_id = mk.movie_id)", "Plans": [{"Node Type": "Nested Loop", "Parent Relationship": "Outer", "Join Type": "Inner", "Startup Cost": 4854.95, "Total Cost": 165195.51, "Plan Rows": 12, "Plan Width": 54, "Inner Unique": true, "Plans": [{"Node Type": "Nested Loop", "Parent Relationship": "Outer", "Join Type": "Inner", "Startup Cost": 4854.69, "Total Cost": 165144.15, "Plan Rows": 12, "Plan Width": 58, "Inner Unique": true, "Plans": [{"Node Type": "Nested Loop", "Parent Relationship": "Outer", "Join Type": "Inner", "Startup Cost": 4854.43, "Total Cost": 165058.48, "Plan Rows": 20, "Plan Width": 62, "Inner Unique": false, "Plans": [{"Node Type": "Nested Loop", "Parent Relationship": "Outer", "Join Type": "Inner", "Startup Cost": 4854.06, "Total Cost": 165018.73, "Plan Rows": 9, "Plan Width": 50, "Inner Unique": false, "Plans": [{"Node Type": "Nested Loop", "Parent Relationship": "Outer", "Join Type": "Inner", "Startup Cost": 4850.27, "Total Cost": 164956.1, "Plan Rows": 4, "Plan Width": 46, "Inner Unique": false, "Plans": [{"Node Type": "Bitmap Heap Scan", "Parent Relationship": "Outer", "Relation Name": "info_type", "Alias": "it1", "Startup Cost": 8.81, "Total Cost": 14.21, "Plan Rows": 1, "Plan Width": 4, "Filter": "((info)::text = 'release dates'::text)", "Plans": [{"Node Type": "Bitmap Index Scan", "Parent Relationship": "Outer", "Index Name": "info_type_pkey", "Startup Cost": 0.0, "Total Cost": 8.81, "Plan Rows": 112, "Plan Width": 0}]}, {"Node Type": "Bitmap Heap Scan", "Parent Relationship": "Inner", "Relation Name": "movie_info", "Alias": "mi", "Startup Cost": 4841.46, "Total Cost": 164941.85, "Plan Rows": 4, "Plan Width": 50, "Recheck Cond": "(info_type_id = it1.id)", "Filter": "((info IS NOT NULL) AND ((note)::text ~~ '%internet%'::text) AND (((info)::text ~~ 'USA:% 199%'::text) OR ((info)::text ~~ 'USA:% 200%'::text)))", "Plans": [{"Node Type": "Bitmap Index Scan", "Parent Relationship": "Outer", "Index Name": "info_type_id_movie_info", "Startup Cost": 0.0, "Total Cost": 4841.46, "Plan Rows": 212428, "Plan Width": 0, "Index Cond": "(info_type_id = it1.id)"}]}]}, {"Node Type": "Bitmap Heap Scan", "Parent Relationship": "Inner", "Relation Name": "aka_title", "Alias": "at", "Startup Cost": 3.79, "Total Cost": 15.63, "Plan Rows": 3, "Plan Width": 4, "Recheck Cond": "(movie_id = mi.movie_id)", "Plans": [{"Node Type": "Bitmap Index Scan", "Parent Relationship": "Outer", "Index Name": "movie_id_aka_title", "Startup Cost": 0.0, "Total Cost": 3.79, "Plan Rows": 3, "Plan Width": 0, "Index Cond": "(movie_id = mi.movie_id)"}]}]}, {"Node Type": "Bitmap Heap Scan", "Parent Relationship": "Inner", "Relation Name": "movie_companies", "Alias": "mc", "Startup Cost": 0.37, "Total Cost": 4.4, "Plan Rows": 2, "Plan Width": 12, "Recheck Cond": "(movie_id = at.movie_id)", "Plans": [{"Node Type": "Bitmap Index Scan", "Parent Relationship": "Outer", "Index Name": "movie_id_movie_companies", "Startup Cost": 0.0, "Total Cost": 0.37, "Plan Rows": 2, "Plan Width": 0, "Index Cond": "(movie_id = at.movie_id)"}]}]}, {"Node Type": "Bitmap Heap Scan", "Parent Relationship": "Inner", "Relation Name": "company_name", "Alias": "cn", "Startup Cost": 0.26, "Total Cost": 4.27, "Plan Rows": 1, "Plan Width": 4, "Recheck Cond": "(id = mc.company_id)", "Filter": "((country_code)::text = '[us]'::text)", "Plans": [{"Node Type": "Bitmap Index Scan", "Parent Relationship": "Outer", "Index Name": "company_name_pkey", "Startup Cost": 0.0, "Total Cost": 0.26, "Plan Rows": 1, "Plan Width": 0, "Index Cond": "(id = mc.company_id)"}]}]}, {"Node Type": "Bitmap Heap Scan", "Parent Relationship": "Inner", "Relation Name": "company_type", "Alias": "ct", "Startup Cost": 0.26, "Total Cost": 4.27, "Plan Rows": 1, "Plan Width": 4, "Recheck Cond": "(id = mc.company_type_id)", "Plans": [{"Node Type": "Bitmap Index Scan", "Parent Relationship": "Outer", "Index Name": "company_type_pkey", "Startup Cost": 0.0, "Total Cost": 0.26, "Plan Rows": 1, "Plan Width": 0, "Index Cond": "(id = mc.company_type_id)"}]}]}, {"Node Type": "Bitmap Heap Scan", "Parent Relationship": "Inner", "Relation Name": "movie_keyword", "Alias": "mk", "Startup Cost": 0.34, "Total Cost": 4.44, "Plan Rows": 8, "Plan Width": 8, "Recheck Cond": "(movie_id = mc.movie_id)", "Plans": [{"Node Type": "Bitmap Index Scan", "Parent Relationship": "Outer", "Index Name": "movie_id_movie_keyword", "Startup Cost": 0.0, "Total Cost": 0.34, "Plan Rows": 8, "Plan Width": 0, "Index Cond": "(movie_id = mc.movie_id)"}]}]}, {"Node Type": "Bitmap Heap Scan", "Parent Relationship": "Inner", "Relation Name": "keyword", "Alias": "k", "Startup Cost": 0.26, "Total Cost": 4.27, "Plan Rows": 1, "Plan Width": 4, "Recheck Cond": "(id = mk.keyword_id)", "Plans": [{"Node Type": "Bitmap Index Scan", "Parent Relationship": "Outer", "Index Name": "keyword_pkey", "Startup Cost": 0.0, "Total Cost": 0.26, "Plan Rows": 1, "Plan Width": 0, "Index Cond": "(id = mk.keyword_id)"}]}]}, {"Node Type": "Bitmap Heap Scan", "Parent Relationship": "Inner", "Relation Name": "title", "Alias": "t", "Startup Cost": 0.27, "Total Cost": 4.28, "Plan Rows": 1, "Plan Width": 21, "Recheck Cond": "(id = mk.movie_id)", "Filter": "(production_year > 1990)", "Plans": [{"Node Type": "Bitmap Index Scan", "Parent Relationship": "Outer", "Index Name": "title_pkey", "Startup Cost": 0.0, "Total Cost": 0.27, "Plan Rows": 1, "Plan Width": 0, "Index Cond": "(id = mk.movie_id)"}]}]}]}, "Unique SQL Id": 2846462052}, "explain_analyze_plan": null}, "(16, 52)": {"explain_plan": {"Plan": {"Node Type": "Aggregate", "Strategy": "Plain", "Startup Cost": 40614.96, "Total Cost": 40614.97, "Plan Rows": 1, "Plan Width": 123, "Plans": [{"Node Type": "Nested Loop", "Parent Relationship": "Outer", "Join Type": "Inner", "Startup Cost": 0.0, "Total Cost": 40614.3, "Plan Rows": 132, "Plan Width": 59, "Inner Unique": false, "Join Filter": "(t.id = at.movie_id)", "Plans": [{"Node Type": "Nested Loop", "Parent Relationship": "Outer", "Join Type": "Inner", "Startup Cost": 0.0, "Total Cost": 40598.73, "Plan Rows": 44, "Plan Width": 75, "Inner Unique": true, "Plans": [{"Node Type": "Nested Loop", "Parent Relationship": "Outer", "Join Type": "Inner", "Startup Cost": 0.0, "Total Cost": 40586.38, "Plan Rows": 44, "Plan Width": 79, "Inner Unique": false, "Join Filter": "(t.id = mk.movie_id)", "Plans": [{"Node Type": "Nested Loop", "Parent Relationship": "Outer", "Join Type": "Inner", "Startup Cost": 0.0, "Total Cost": 40583.01, "Plan Rows": 6, "Plan Width": 71, "Inner Unique": true, "Plans": [{"Node Type": "Nested Loop", "Parent Relationship": "Outer", "Join Type": "Inner", "Startup Cost": 0.0, "Total Cost": 40579.84, "Plan Rows": 11, "Plan Width": 75, "Inner Unique": true, "Join Filter": "(mc.company_type_id = ct.id)", "Plans": [{"Node Type": "Nested Loop", "Parent Relationship": "Outer", "Join Type": "Inner", "Startup Cost": 0.0, "Total Cost": 40578.27, "Plan Rows": 12, "Plan Width": 79, "Inner Unique": false, "Plans": [{"Node Type": "Nested Loop", "Parent Relationship": "Outer", "Join Type": "Inner", "Startup Cost": 0.0, "Total Cost": 40576.06, "Plan Rows": 6, "Plan Width": 67, "Inner Unique": true, "Plans": [{"Node Type": "Nested Loop", "Parent Relationship": "Outer", "Join Type": "Inner", "Startup Cost": 0.0, "Total Cost": 40543.12, "Plan Rows": 4, "Plan Width": 46, "Inner Unique": false, "Join Filter": "(it1.id = mi.info_type_id)", "Plans": [{"Node Type": "Seq Scan", "Parent Relationship": "Outer", "Relation Name": "info_type", "Alias": "it1", "Startup Cost": 0.0, "Total Cost": 2.4, "Plan Rows": 1, "Plan Width": 4, "Filter": "((info)::text = 'release dates'::text)"}, {"Node Type": "Materialize", "Parent Relationship": "Inner", "Startup Cost": 0.0, "Total Cost": 40538.17, "Plan Rows": 255, "Plan Width": 50, "Plans": [{"Node Type": "Streaming(type: LOCAL GATHER dop: 1/16)", "Parent Relationship": "Outer", "Startup Cost": 0.0, "Total Cost": 40537.53, "Plan Rows": 255, "Plan Width": 50, "Plans": [{"Node Type": "Seq Scan", "Parent Relationship": "Outer", "Relation Name": "movie_info", "Alias": "mi", "Startup Cost": 0.0, "Total Cost": 40532.03, "Plan Rows": 255, "Plan Width": 50, "Filter": "((info IS NOT NULL) AND ((note)::text ~~ '%internet%'::text) AND (((info)::text ~~ 'USA:% 199%'::text) OR ((info)::text ~~ 'USA:% 200%'::text)))"}]}]}]}, {"Node Type": "Index Scan", "Parent Relationship": "Inner", "Scan Direction": "Forward", "Index Name": "title_pkey", "Relation Name": "title", "Alias": "t", "Startup Cost": 0.0, "Total Cost": 8.23, "Plan Rows": 1, "Plan Width": 21, "Index Cond": "(id = mi.movie_id)", "Filter": "(production_year > 1990)"}]}, {"Node Type": "Index Scan", "Parent Relationship": "Inner", "Scan Direction": "Forward", "Index Name": "movie_id_movie_companies", "Relation Name": "movie_companies", "Alias": "mc", "Startup Cost": 0.0, "Total Cost": 0.35, "Plan Rows": 2, "Plan Width": 12, "Index Cond": "(movie_id = t.id)"}]}, {"Node Type": "Materialize", "Parent Relationship": "Inner", "Startup Cost": 0.0, "Total Cost": 1.04, "Plan Rows": 3, "Plan Width": 4, "Plans": [{"Node Type": "Seq Scan", "Parent Relationship": "Outer", "Relation Name": "company_type", "Alias": "ct", "Startup Cost": 0.0, "Total Cost": 1.03, "Plan Rows": 3, "Plan Width": 4}]}]}, {"Node Type": "Index Scan", "Parent Relationship": "Inner", "Scan Direction": "Forward", "Index Name": "company_name_pkey", "Relation Name": "company_name", "Alias": "cn", "Startup Cost": 0.0, "Total Cost": 0.28, "Plan Rows": 1, "Plan Width": 4, "Index Cond": "(id = mc.company_id)", "Filter": "((country_code)::text = '[us]'::text)"}]}, {"Node Type": "Index Scan", "Parent Relationship": "Inner", "Scan Direction": "Forward", "Index Name": "movie_id_movie_keyword", "Relation Name": "movie_keyword", "Alias": "mk", "Startup Cost": 0.0, "Total Cost": 0.46, "Plan Rows": 8, "Plan Width": 8, "Index Cond": "(movie_id = mc.movie_id)"}]}, {"Node Type": "Index Scan", "Parent Relationship": "Inner", "Scan Direction": "Forward", "Index Name": "keyword_pkey", "Relation Name": "keyword", "Alias": "k", "Startup Cost": 0.0, "Total Cost": 0.27, "Plan Rows": 1, "Plan Width": 4, "Index Cond": "(id = mk.keyword_id)"}]}, {"Node Type": "Index Scan", "Parent Relationship": "Inner", "Scan Direction": "Forward", "Index Name": "movie_id_aka_title", "Relation Name": "aka_title", "Alias": "at", "Startup Cost": 0.0, "Total Cost": 0.32, "Plan Rows": 3, "Plan Width": 4, "Index Cond": "(movie_id = mk.movie_id)"}]}]}, "Unique SQL Id": 2846462052}, "explain_analyze_plan": {"Plan": {"Node Type": "Aggregate", "Strategy": "Plain", "Startup Cost": 40614.96, "Total Cost": 40614.97, "Plan Rows": 1, "Plan Width": 123, "Actual Min Startup Time": 470.901, "Actual Max Startup Time": 470.901, "Actual Min Total Time": 470.901, "Actual Max Total Time": 470.901, "Actual Total Rows": 1, "Plans": [{"Node Type": "Nested Loop", "Parent Relationship": "Outer", "Join Type": "Inner", "Startup Cost": 0.0, "Total Cost": 40614.3, "Plan Rows": 132, "Plan Width": 59, "Actual Min Startup Time": 365.174, "Actual Max Startup Time": 365.174, "Actual Min Total Time": 470.039, "Actual Max Total Time": 470.039, "Actual Total Rows": 1140, "Inner Unique": false, "Join Filter": "(t.id = at.movie_id)", "Rows Removed by Join Filter": 0, "Plans": [{"Node Type": "Nested Loop", "Parent Relationship": "Outer", "Join Type": "Inner", "Startup Cost": 0.0, "Total Cost": 40598.73, "Plan Rows": 44, "Plan Width": 75, "Actual Min Startup Time": 363.726, "Actual Max Startup Time": 363.726, "Actual Min Total Time": 454.708, "Actual Max Total Time": 454.708, "Actual Total Rows": 4808, "Inner Unique": true, "Plans": [{"Node Type": "Nested Loop", "Parent Relationship": "Outer", "Join Type": "Inner", "Startup Cost": 0.0, "Total Cost": 40586.38, "Plan Rows": 44, "Plan Width": 79, "Actual Min Startup Time": 363.702, "Actual Max Startup Time": 363.702, "Actual Min Total Time": 431.177, "Actual Max Total Time": 431.177, "Actual Total Rows": 4808, "Inner Unique": false, "Join Filter": "(t.id = mk.movie_id)", "Rows Removed by Join Filter": 0, "Plans": [{"Node Type": "Nested Loop", "Parent Relationship": "Outer", "Join Type": "Inner", "Startup Cost": 0.0, "Total Cost": 40583.01, "Plan Rows": 6, "Plan Width": 71, "Actual Min Startup Time": 363.672, "Actual Max Startup Time": 363.672, "Actual Min Total Time": 416.165, "Actual Max Total Time": 416.165, "Actual Total Rows": 1488, "Inner Unique": true, "Plans": [{"Node Type": "Nested Loop", "Parent Relationship": "Outer", "Join Type": "Inner", "Startup Cost": 0.0, "Total Cost": 40579.84, "Plan Rows": 11, "Plan Width": 75, "Actual Min Startup Time": 363.643, "Actual Max Startup Time": 363.643, "Actual Min Total Time": 403.621, "Actual Max Total Time": 403.621, "Actual Total Rows": 1599, "Inner Unique": true, "Join Filter": "(mc.company_type_id = ct.id)", "Rows Removed by Join Filter": 3855, "Plans": [{"Node Type": "Nested Loop", "Parent Relationship": "Outer", "Join Type": "Inner", "Startup Cost": 0.0, "Total Cost": 40578.27, "Plan Rows": 12, "Plan Width": 79, "Actual Min Startup Time": 363.599, "Actual Max Startup Time": 363.599, "Actual Min Total Time": 400.898, "Actual Max Total Time": 400.898, "Actual Total Rows": 2884, "Inner Unique": false, "Plans": [{"Node Type": "Nested Loop", "Parent Relationship": "Outer", "Join Type": "Inner", "Startup Cost": 0.0, "Total Cost": 40576.06, "Plan Rows": 6, "Plan Width": 67, "Actual Min Startup Time": 363.573, "Actual Max Startup Time": 363.573, "Actual Min Total Time": 382.39, "Actual Max Total Time": 382.39, "Actual Total Rows": 1782, "Inner Unique": true, "Plans": [{"Node Type": "Nested Loop", "Parent Relationship": "Outer", "Join Type": "Inner", "Startup Cost": 0.0, "Total Cost": 40543.12, "Plan Rows": 4, "Plan Width": 46, "Actual Min Startup Time": 363.528, "Actual Max Startup Time": 363.528, "Actual Min Total Time": 364.872, "Actual Max Total Time": 364.872, "Actual Total Rows": 1783, "Inner Unique": false, "Join Filter": "(it1.id = mi.info_type_id)", "Rows Removed by Join Filter": 0, "Plans": [{"Node Type": "Seq Scan", "Parent Relationship": "Outer", "Relation Name": "info_type", "Alias": "it1", "Startup Cost": 0.0, "Total Cost": 2.4, "Plan Rows": 1, "Plan Width": 4, "Actual Min Startup Time": 0.07, "Actual Max Startup Time": 0.07, "Actual Min Total Time": 0.132, "Actual Max Total Time": 0.132, "Actual Total Rows": 1, "Filter": "((info)::text = 'release dates'::text)", "Rows Removed by Filter": 111}, {"Node Type": "Materialize", "Parent Relationship": "Inner", "Startup Cost": 0.0, "Total Cost": 40538.17, "Plan Rows": 255, "Plan Width": 50, "Actual Min Startup Time": 363.435, "Actual Max Startup Time": 363.435, "Actual Min Total Time": 363.81, "Actual Max Total Time": 363.81, "Actual Total Rows": 1784, "Plans": [{"Node Type": "Streaming(type: LOCAL GATHER dop: 1/16)", "Parent Relationship": "Outer", "Startup Cost": 0.0, "Total Cost": 40537.53, "Plan Rows": 255, "Plan Width": 50, "Actual Min Startup Time": 163.091, "Actual Max Startup Time": 163.091, "Actual Min Total Time": 363.017, "Actual Max Total Time": 363.017, "Actual Total Rows": 1783, "Plans": [{"Node Type": "Seq Scan", "Parent Relationship": "Outer", "Relation Name": "movie_info", "Alias": "mi", "Startup Cost": 0.0, "Total Cost": 40532.03, "Plan Rows": 255, "Plan Width": 50, "Actual Min Startup Time": 85.414, "Actual Max Startup Time": 93.033, "Actual Min Total Time": 303.553, "Actual Max Total Time": 327.965, "Actual Total Rows": 1783, "Filter": "((info IS NOT NULL) AND ((note)::text ~~ '%internet%'::text) AND (((info)::text ~~ 'USA:% 199%'::text) OR ((info)::text ~~ 'USA:% 200%'::text)))", "Rows Removed by Filter": 14833936}]}]}]}, {"Node Type": "Index Scan", "Parent Relationship": "Inner", "Scan Direction": "Forward", "Index Name": "title_pkey", "Relation Name": "title", "Alias": "t", "Startup Cost": 0.0, "Total Cost": 8.23, "Plan Rows": 1, "Plan Width": 21, "Actual Min Startup Time": 15.883, "Actual Max Startup Time": 15.883, "Actual Min Total Time": 15.883, "Actual Max Total Time": 15.883, "Actual Total Rows": 1782, "Index Cond": "(id = mi.movie_id)", "Rows Removed by Index Recheck": 0, "Filter": "(production_year > 1990)", "Rows Removed by Filter": 1}]}, {"Node Type": "Index Scan", "Parent Relationship": "Inner", "Scan Direction": "Forward", "Index Name": "movie_id_movie_companies", "Relation Name": "movie_companies", "Alias": "mc", "Startup Cost": 0.0, "Total Cost": 0.35, "Plan Rows": 2, "Plan Width": 12, "Actual Min Startup Time": 13.512, "Actual Max Startup Time": 13.512, "Actual Min Total Time": 16.791, "Actual Max Total Time": 16.791, "Actual Total Rows": 2884, "Index Cond": "(movie_id = t.id)", "Rows Removed by Index Recheck": 0}]}, {"Node Type": "Materialize", "Parent Relationship": "Inner", "Startup Cost": 0.0, "Total Cost": 1.04, "Plan Rows": 3, "Plan Width": 4, "Actual Min Startup Time": 0.362, "Actual Max Startup Time": 0.362, "Actual Min Total Time": 0.686, "Actual Max Total Time": 0.686, "Actual Total Rows": 5454, "Plans": [{"Node Type": "Seq Scan", "Parent Relationship": "Outer", "Relation Name": "company_type", "Alias": "ct", "Startup Cost": 0.0, "Total Cost": 1.03, "Plan Rows": 3, "Plan Width": 4, "Actual Min Startup Time": 0.009, "Actual Max Startup Time": 0.009, "Actual Min Total Time": 0.011, "Actual Max Total Time": 0.011, "Actual Total Rows": 3}]}]}, {"Node Type": "Index Scan", "Parent Relationship": "Inner", "Scan Direction": "Forward", "Index Name": "company_name_pkey", "Relation Name": "company_name", "Alias": "cn", "Startup Cost": 0.0, "Total Cost": 0.28, "Plan Rows": 1, "Plan Width": 4, "Actual Min Startup Time": 10.923, "Actual Max Startup Time": 10.923, "Actual Min Total Time": 10.923, "Actual Max Total Time": 10.923, "Actual Total Rows": 1488, "Index Cond": "(id = mc.company_id)", "Rows Removed by Index Recheck": 0, "Filter": "((country_code)::text = '[us]'::text)", "Rows Removed by Filter": 111}]}, {"Node Type": "Index Scan", "Parent Relationship": "Inner", "Scan Direction": "Forward", "Index Name": "movie_id_movie_keyword", "Relation Name": "movie_keyword", "Alias": "mk", "Startup Cost": 0.0, "Total Cost": 0.46, "Plan Rows": 8, "Plan Width": 8, "Actual Min Startup Time": 9.883, "Actual Max Startup Time": 9.883, "Actual Min Total Time": 12.129, "Actual Max Total Time": 12.129, "Actual Total Rows": 4808, "Index Cond": "(movie_id = mc.movie_id)", "Rows Removed by Index Recheck": 0}]}, {"Node Type": "Index Scan", "Parent Relationship": "Inner", "Scan Direction": "Forward", "Index Name": "keyword_pkey", "Relation Name": "keyword", "Alias": "k", "Startup Cost": 0.0, "Total Cost": 0.27, "Plan Rows": 1, "Plan Width": 4, "Actual Min Startup Time": 19.528, "Actual Max Startup Time": 19.528, "Actual Min Total Time": 19.528, "Actual Max Total Time": 19.528, "Actual Total Rows": 4808, "Index Cond": "(id = mk.keyword_id)", "Rows Removed by Index Recheck": 0}]}, {"Node Type": "Index Scan", "Parent Relationship": "Inner", "Scan Direction": "Forward", "Index Name": "movie_id_aka_title", "Relation Name": "aka_title", "Alias": "at", "Startup Cost": 0.0, "Total Cost": 0.32, "Plan Rows": 3, "Plan Width": 4, "Actual Min Startup Time": 11.896, "Actual Max Startup Time": 11.896, "Actual Min Total Time": 12.433, "Actual Max Total Time": 12.433, "Actual Total Rows": 1140, "Index Cond": "(movie_id = mk.movie_id)", "Rows Removed by Index Recheck": 0}]}]}, "Triggers": [], "Planner Runtime": 43.927, "Total Runtime": 474.633, "Unique SQL Id": 2846462052}}, "(16, 53)": {"explain_plan": {"Plan": {"Node Type": "Aggregate", "Strategy": "Plain", "Startup Cost": 165029.46, "Total Cost": 165029.47, "Plan Rows": 1, "Plan Width": 123, "Plans": [{"Node Type": "Nested Loop", "Parent Relationship": "Outer", "Join Type": "Inner", "Startup Cost": 4841.46, "Total Cost": 165028.8, "Plan Rows": 132, "Plan Width": 59, "Inner Unique": false, "Join Filter": "(t.id = at.movie_id)", "Plans": [{"Node Type": "Nested Loop", "Parent Relationship": "Outer", "Join Type": "Inner", "Startup Cost": 4841.46, "Total Cost": 165013.23, "Plan Rows": 44, "Plan Width": 75, "Inner Unique": true, "Plans": [{"Node Type": "Nested Loop", "Parent Relationship": "Outer", "Join Type": "Inner", "Startup Cost": 4841.46, "Total Cost": 165000.88, "Plan Rows": 44, "Plan Width": 79, "Inner Unique": false, "Join Filter": "(t.id = mk.movie_id)", "Plans": [{"Node Type": "Nested Loop", "Parent Relationship": "Outer", "Join Type": "Inner", "Startup Cost": 4841.46, "Total Cost": 164997.5, "Plan Rows": 6, "Plan Width": 71, "Inner Unique": true, "Plans": [{"Node Type": "Nested Loop", "Parent Relationship": "Outer", "Join Type": "Inner", "Startup Cost": 4841.46, "Total Cost": 164994.7, "Plan Rows": 10, "Plan Width": 75, "Inner Unique": true, "Plans": [{"Node Type": "Nested Loop", "Parent Relationship": "Outer", "Join Type": "Inner", "Startup Cost": 4841.46, "Total Cost": 164991.25, "Plan Rows": 12, "Plan Width": 79, "Inner Unique": false, "Plans": [{"Node Type": "Nested Loop", "Parent Relationship": "Outer", "Join Type": "Inner", "Startup Cost": 4841.46, "Total Cost": 164989.04, "Plan Rows": 6, "Plan Width": 67, "Inner Unique": true, "Plans": [{"Node Type": "Nested Loop", "Parent Relationship": "Outer", "Join Type": "Inner", "Startup Cost": 4841.46, "Total Cost": 164956.1, "Plan Rows": 4, "Plan Width": 46, "Inner Unique": false, "Plans": [{"Node Type": "Index Scan", "Parent Relationship": "Outer", "Scan Direction": "Forward", "Index Name": "info_type_pkey", "Relation Name": "info_type", "Alias": "it1", "Startup Cost": 0.0, "Total Cost": 14.21, "Plan Rows": 1, "Plan Width": 4, "Filter": "((info)::text = 'release dates'::text)"}, {"Node Type": "Bitmap Heap Scan", "Parent Relationship": "Inner", "Relation Name": "movie_info", "Alias": "mi", "Startup Cost": 4841.46, "Total Cost": 164941.85, "Plan Rows": 4, "Plan Width": 50, "Recheck Cond": "(info_type_id = it1.id)", "Filter": "((info IS NOT NULL) AND ((note)::text ~~ '%internet%'::text) AND (((info)::text ~~ 'USA:% 199%'::text) OR ((info)::text ~~ 'USA:% 200%'::text)))", "Plans": [{"Node Type": "Bitmap Index Scan", "Parent Relationship": "Outer", "Index Name": "info_type_id_movie_info", "Startup Cost": 0.0, "Total Cost": 4841.46, "Plan Rows": 212428, "Plan Width": 0, "Index Cond": "(info_type_id = it1.id)"}]}]}, {"Node Type": "Index Scan", "Parent Relationship": "Inner", "Scan Direction": "Forward", "Index Name": "title_pkey", "Relation Name": "title", "Alias": "t", "Startup Cost": 0.0, "Total Cost": 8.23, "Plan Rows": 1, "Plan Width": 21, "Index Cond": "(id = mi.movie_id)", "Filter": "(production_year > 1990)"}]}, {"Node Type": "Index Scan", "Parent Relationship": "Inner", "Scan Direction": "Forward", "Index Name": "movie_id_movie_companies", "Relation Name": "movie_companies", "Alias": "mc", "Startup Cost": 0.0, "Total Cost": 0.35, "Plan Rows": 2, "Plan Width": 12, "Index Cond": "(movie_id = t.id)"}]}, {"Node Type": "Index Scan", "Parent Relationship": "Inner", "Scan Direction": "Forward", "Index Name": "company_name_pkey", "Relation Name": "company_name", "Alias": "cn", "Startup Cost": 0.0, "Total Cost": 0.28, "Plan Rows": 1, "Plan Width": 4, "Index Cond": "(id = mc.company_id)", "Filter": "((country_code)::text = '[us]'::text)"}]}, {"Node Type": "Index Scan", "Parent Relationship": "Inner", "Scan Direction": "Forward", "Index Name": "company_type_pkey", "Relation Name": "company_type", "Alias": "ct", "Startup Cost": 0.0, "Total Cost": 0.27, "Plan Rows": 1, "Plan Width": 4, "Index Cond": "(id = mc.company_type_id)"}]}, {"Node Type": "Index Scan", "Parent Relationship": "Inner", "Scan Direction": "Forward", "Index Name": "movie_id_movie_keyword", "Relation Name": "movie_keyword", "Alias": "mk", "Startup Cost": 0.0, "Total Cost": 0.46, "Plan Rows": 8, "Plan Width": 8, "Index Cond": "(movie_id = mc.movie_id)"}]}, {"Node Type": "Index Scan", "Parent Relationship": "Inner", "Scan Direction": "Forward", "Index Name": "keyword_pkey", "Relation Name": "keyword", "Alias": "k", "Startup Cost": 0.0, "Total Cost": 0.27, "Plan Rows": 1, "Plan Width": 4, "Index Cond": "(id = mk.keyword_id)"}]}, {"Node Type": "Index Scan", "Parent Relationship": "Inner", "Scan Direction": "Forward", "Index Name": "movie_id_aka_title", "Relation Name": "aka_title", "Alias": "at", "Startup Cost": 0.0, "Total Cost": 0.32, "Plan Rows": 3, "Plan Width": 4, "Index Cond": "(movie_id = mk.movie_id)"}]}]}, "Unique SQL Id": 2846462052}, "explain_analyze_plan": null}, "(16, 54)": {"explain_plan": {"Plan": {"Node Type": "Aggregate", "Strategy": "Plain", "Startup Cost": 41112.14, "Total Cost": 41112.15, "Plan Rows": 1, "Plan Width": 123, "Plans": [{"Node Type": "Nested Loop", "Parent Relationship": "Outer", "Join Type": "Inner", "Startup Cost": 5.61, "Total Cost": 41111.48, "Plan Rows": 132, "Plan Width": 59, "Inner Unique": false, "Join Filter": "(t.id = at.movie_id)", "Plans": [{"Node Type": "Nested Loop", "Parent Relationship": "Outer", "Join Type": "Inner", "Startup Cost": 5.34, "Total Cost": 40920.12, "Plan Rows": 44, "Plan Width": 75, "Inner Unique": true, "Join Filter": "(mi.movie_id = t.id)", "Plans": [{"Node Type": "Nested Loop", "Parent Relationship": "Outer", "Join Type": "Inner", "Startup Cost": 5.07, "Total Cost": 40782.73, "Plan Rows": 32, "Plan Width": 54, "Inner Unique": true, "Plans": [{"Node Type": "Nested Loop", "Parent Relationship": "Outer", "Join Type": "Inner", "Startup Cost": 4.81, "Total Cost": 40645.76, "Plan Rows": 32, "Plan Width": 58, "Inner Unique": false, "Join Filter": "(mi.movie_id = mk.movie_id)", "Plans": [{"Node Type": "Nested Loop", "Parent Relationship": "Outer", "Join Type": "Inner", "Startup Cost": 4.48, "Total Cost": 40627.61, "Plan Rows": 4, "Plan Width": 50, "Inner Unique": true, "Plans": [{"Node Type": "Nested Loop", "Parent Relationship": "Outer", "Join Type": "Inner", "Startup Cost": 4.22, "Total Cost": 40593.34, "Plan Rows": 8, "Plan Width": 54, "Inner Unique": true, "Join Filter": "(mc.company_type_id = ct.id)", "Plans": [{"Node Type": "Nested Loop", "Parent Relationship": "Outer", "Join Type": "Inner", "Startup Cost": 4.22, "Total Cost": 40591.9, "Plan Rows": 9, "Plan Width": 58, "Inner Unique": false, "Plans": [{"Node Type": "Nested Loop", "Parent Relationship": "Outer", "Join Type": "Inner", "Startup Cost": 0.0, "Total Cost": 40543.12, "Plan Rows": 4, "Plan Width": 46, "Inner Unique": false, "Join Filter": "(it1.id = mi.info_type_id)", "Plans": [{"Node Type": "Seq Scan", "Parent Relationship": "Outer", "Relation Name": "info_type", "Alias": "it1", "Startup Cost": 0.0, "Total Cost": 2.4, "Plan Rows": 1, "Plan Width": 4, "Filter": "((info)::text = 'release dates'::text)"}, {"Node Type": "Materialize", "Parent Relationship": "Inner", "Startup Cost": 0.0, "Total Cost": 40538.17, "Plan Rows": 255, "Plan Width": 50, "Plans": [{"Node Type": "Streaming(type: LOCAL GATHER dop: 1/16)", "Parent Relationship": "Outer", "Startup Cost": 0.0, "Total Cost": 40537.53, "Plan Rows": 255, "Plan Width": 50, "Plans": [{"Node Type": "Seq Scan", "Parent Relationship": "Outer", "Relation Name": "movie_info", "Alias": "mi", "Startup Cost": 0.0, "Total Cost": 40532.03, "Plan Rows": 255, "Plan Width": 50, "Filter": "((info IS NOT NULL) AND ((note)::text ~~ '%internet%'::text) AND (((info)::text ~~ 'USA:% 199%'::text) OR ((info)::text ~~ 'USA:% 200%'::text)))"}]}]}]}, {"Node Type": "Bitmap Heap Scan", "Parent Relationship": "Inner", "Relation Name": "movie_companies", "Alias": "mc", "Startup Cost": 4.22, "Total Cost": 12.18, "Plan Rows": 2, "Plan Width": 12, "Recheck Cond": "(movie_id = mi.movie_id)", "Plans": [{"Node Type": "Bitmap Index Scan", "Parent Relationship": "Outer", "Index Name": "movie_id_movie_companies", "Startup Cost": 0.0, "Total Cost": 4.22, "Plan Rows": 2, "Plan Width": 0, "Index Cond": "(movie_id = mi.movie_id)"}]}]}, {"Node Type": "Materialize", "Parent Relationship": "Inner", "Startup Cost": 0.0, "Total Cost": 1.04, "Plan Rows": 3, "Plan Width": 4, "Plans": [{"Node Type": "Seq Scan", "Parent Relationship": "Outer", "Relation Name": "company_type", "Alias": "ct", "Startup Cost": 0.0, "Total Cost": 1.03, "Plan Rows": 3, "Plan Width": 4}]}]}, {"Node Type": "Bitmap Heap Scan", "Parent Relationship": "Inner", "Relation Name": "company_name", "Alias": "cn", "Startup Cost": 0.26, "Total Cost": 4.27, "Plan Rows": 1, "Plan Width": 4, "Recheck Cond": "(id = mc.company_id)", "Filter": "((country_code)::text = '[us]'::text)", "Plans": [{"Node Type": "Bitmap Index Scan", "Parent Relationship": "Outer", "Index Name": "company_name_pkey", "Startup Cost": 0.0, "Total Cost": 0.26, "Plan Rows": 1, "Plan Width": 0, "Index Cond": "(id = mc.company_id)"}]}]}, {"Node Type": "Bitmap Heap Scan", "Parent Relationship": "Inner", "Relation Name": "movie_keyword", "Alias": "mk", "Startup Cost": 0.34, "Total Cost": 4.44, "Plan Rows": 8, "Plan Width": 8, "Recheck Cond": "(movie_id = mc.movie_id)", "Plans": [{"Node Type": "Bitmap Index Scan", "Parent Relationship": "Outer", "Index Name": "movie_id_movie_keyword", "Startup Cost": 0.0, "Total Cost": 0.34, "Plan Rows": 8, "Plan Width": 0, "Index Cond": "(movie_id = mc.movie_id)"}]}]}, {"Node Type": "Bitmap Heap Scan", "Parent Relationship": "Inner", "Relation Name": "keyword", "Alias": "k", "Startup Cost": 0.26, "Total Cost": 4.27, "Plan Rows": 1, "Plan Width": 4, "Recheck Cond": "(id = mk.keyword_id)", "Plans": [{"Node Type": "Bitmap Index Scan", "Parent Relationship": "Outer", "Index Name": "keyword_pkey", "Startup Cost": 0.0, "Total Cost": 0.26, "Plan Rows": 1, "Plan Width": 0, "Index Cond": "(id = mk.keyword_id)"}]}]}, {"Node Type": "Bitmap Heap Scan", "Parent Relationship": "Inner", "Relation Name": "title", "Alias": "t", "Startup Cost": 0.27, "Total Cost": 4.28, "Plan Rows": 1, "Plan Width": 21, "Recheck Cond": "(id = mk.movie_id)", "Filter": "(production_year > 1990)", "Plans": [{"Node Type": "Bitmap Index Scan", "Parent Relationship": "Outer", "Index Name": "title_pkey", "Startup Cost": 0.0, "Total Cost": 0.27, "Plan Rows": 1, "Plan Width": 0, "Index Cond": "(id = mk.movie_id)"}]}]}, {"Node Type": "Bitmap Heap Scan", "Parent Relationship": "Inner", "Relation Name": "aka_title", "Alias": "at", "Startup Cost": 0.27, "Total Cost": 4.31, "Plan Rows": 3, "Plan Width": 4, "Recheck Cond": "(movie_id = mk.movie_id)", "Plans": [{"Node Type": "Bitmap Index Scan", "Parent Relationship": "Outer", "Index Name": "movie_id_aka_title", "Startup Cost": 0.0, "Total Cost": 0.27, "Plan Rows": 3, "Plan Width": 0, "Index Cond": "(movie_id = mk.movie_id)"}]}]}]}, "Unique SQL Id": 2846462052}, "explain_analyze_plan": {"Plan": {"Node Type": "Aggregate", "Strategy": "Plain", "Startup Cost": 41112.14, "Total Cost": 41112.15, "Plan Rows": 1, "Plan Width": 123, "Actual Min Startup Time": 442.402, "Actual Max Startup Time": 442.402, "Actual Min Total Time": 442.402, "Actual Max Total Time": 442.402, "Actual Total Rows": 1, "Plans": [{"Node Type": "Nested Loop", "Parent Relationship": "Outer", "Join Type": "Inner", "Startup Cost": 5.61, "Total Cost": 41111.48, "Plan Rows": 132, "Plan Width": 59, "Actual Min Startup Time": 321.434, "Actual Max Startup Time": 321.434, "Actual Min Total Time": 441.348, "Actual Max Total Time": 441.348, "Actual Total Rows": 1140, "Inner Unique": false, "Join Filter": "(t.id = at.movie_id)", "Rows Removed by Join Filter": 0, "Plans": [{"Node Type": "Nested Loop", "Parent Relationship": "Outer", "Join Type": "Inner", "Startup Cost": 5.34, "Total Cost": 40920.12, "Plan Rows": 44, "Plan Width": 75, "Actual Min Startup Time": 320.702, "Actual Max Startup Time": 320.702, "Actual Min Total Time": 420.823, "Actual Max Total Time": 420.823, "Actual Total Rows": 4808, "Inner Unique": true, "Join Filter": "(mi.movie_id = t.id)", "Rows Removed by Join Filter": 0, "Plans": [{"Node Type": "Nested Loop", "Parent Relationship": "Outer", "Join Type": "Inner", "Startup Cost": 5.07, "Total Cost": 40782.73, "Plan Rows": 32, "Plan Width": 54, "Actual Min Startup Time": 320.671, "Actual Max Startup Time": 320.671, "Actual Min Total Time": 393.642, "Actual Max Total Time": 393.642, "Actual Total Rows": 4808, "Inner Unique": true, "Plans": [{"Node Type": "Nested Loop", "Parent Relationship": "Outer", "Join Type": "Inner", "Startup Cost": 4.81, "Total Cost": 40645.76, "Plan Rows": 32, "Plan Width": 58, "Actual Min Startup Time": 320.654, "Actual Max Startup Time": 320.654, "Actual Min Total Time": 366.383, "Actual Max Total Time": 366.383, "Actual Total Rows": 4808, "Inner Unique": false, "Join Filter": "(mi.movie_id = mk.movie_id)", "Rows Removed by Join Filter": 0, "Plans": [{"Node Type": "Nested Loop", "Parent Relationship": "Outer", "Join Type": "Inner", "Startup Cost": 4.48, "Total Cost": 40627.61, "Plan Rows": 4, "Plan Width": 50, "Actual Min Startup Time": 320.632, "Actual Max Startup Time": 320.632, "Actual Min Total Time": 353.415, "Actual Max Total Time": 353.415, "Actual Total Rows": 1488, "Inner Unique": true, "Plans": [{"Node Type": "Nested Loop", "Parent Relationship": "Outer", "Join Type": "Inner", "Startup Cost": 4.22, "Total Cost": 40593.34, "Plan Rows": 8, "Plan Width": 54, "Actual Min Startup Time": 320.593, "Actual Max Startup Time": 320.593, "Actual Min Total Time": 341.549, "Actual Max Total Time": 341.549, "Actual Total Rows": 1599, "Inner Unique": true, "Join Filter": "(mc.company_type_id = ct.id)", "Rows Removed by Join Filter": 3855, "Plans": [{"Node Type": "Nested Loop", "Parent Relationship": "Outer", "Join Type": "Inner", "Startup Cost": 4.22, "Total Cost": 40591.9, "Plan Rows": 9, "Plan Width": 58, "Actual Min Startup Time": 320.53, "Actual Max Startup Time": 320.53, "Actual Min Total Time": 338.753, "Actual Max Total Time": 338.753, "Actual Total Rows": 2884, "Inner Unique": false, "Plans": [{"Node Type": "Nested Loop", "Parent Relationship": "Outer", "Join Type": "Inner", "Startup Cost": 0.0, "Total Cost": 40543.12, "Plan Rows": 4, "Plan Width": 46, "Actual Min Startup Time": 320.462, "Actual Max Startup Time": 320.462, "Actual Min Total Time": 321.784, "Actual Max Total Time": 321.784, "Actual Total Rows": 1783, "Inner Unique": false, "Join Filter": "(it1.id = mi.info_type_id)", "Rows Removed by Join Filter": 0, "Plans": [{"Node Type": "Seq Scan", "Parent Relationship": "Outer", "Relation Name": "info_type", "Alias": "it1", "Startup Cost": 0.0, "Total Cost": 2.4, "Plan Rows": 1, "Plan Width": 4, "Actual Min Startup Time": 0.069, "Actual Max Startup Time": 0.069, "Actual Min Total Time": 0.1, "Actual Max Total Time": 0.1, "Actual Total Rows": 1, "Filter": "((info)::text = 'release dates'::text)", "Rows Removed by Filter": 111}, {"Node Type": "Materialize", "Parent Relationship": "Inner", "Startup Cost": 0.0, "Total Cost": 40538.17, "Plan Rows": 255, "Plan Width": 50, "Actual Min Startup Time": 320.366, "Actual Max Startup Time": 320.366, "Actual Min Total Time": 320.693, "Actual Max Total Time": 320.693, "Actual Total Rows": 1784, "Plans": [{"Node Type": "Streaming(type: LOCAL GATHER dop: 1/16)", "Parent Relationship": "Outer", "Startup Cost": 0.0, "Total Cost": 40537.53, "Plan Rows": 255, "Plan Width": 50, "Actual Min Startup Time": 146.751, "Actual Max Startup Time": 146.751, "Actual Min Total Time": 320.022, "Actual Max Total Time": 320.022, "Actual Total Rows": 1783, "Plans": [{"Node Type": "Seq Scan", "Parent Relationship": "Outer", "Relation Name": "movie_info", "Alias": "mi", "Startup Cost": 0.0, "Total Cost": 40532.03, "Plan Rows": 255, "Plan Width": 50, "Actual Min Startup Time": 80.855, "Actual Max Startup Time": 89.163, "Actual Min Total Time": 295.022, "Actual Max Total Time": 303.152, "Actual Total Rows": 1783, "Filter": "((info IS NOT NULL) AND ((note)::text ~~ '%internet%'::text) AND (((info)::text ~~ 'USA:% 199%'::text) OR ((info)::text ~~ 'USA:% 200%'::text)))", "Rows Removed by Filter": 14833936}]}]}]}, {"Node Type": "Bitmap Heap Scan", "Parent Relationship": "Inner", "Relation Name": "movie_companies", "Alias": "mc", "Startup Cost": 4.22, "Total Cost": 12.18, "Plan Rows": 2, "Plan Width": 12, "Actual Min Startup Time": 12.162, "Actual Max Startup Time": 12.162, "Actual Min Total Time": 14.14, "Actual Max Total Time": 14.14, "Actual Total Rows": 2884, "Recheck Cond": "(movie_id = mi.movie_id)", "Rows Removed by Index Recheck": 0, "Exact Heap Blocks": 2325, "Lossy Heap Blocks": 2325, "Plans": [{"Node Type": "Bitmap Index Scan", "Parent Relationship": "Outer", "Index Name": "movie_id_movie_companies", "Startup Cost": 0.0, "Total Cost": 4.22, "Plan Rows": 2, "Plan Width": 0, "Actual Min Startup Time": 7.762, "Actual Max Startup Time": 7.762, "Actual Min Total Time": 7.762, "Actual Max Total Time": 7.762, "Actual Total Rows": 2884, "Index Cond": "(movie_id = mi.movie_id)"}]}]}, {"Node Type": "Materialize", "Parent Relationship": "Inner", "Startup Cost": 0.0, "Total Cost": 1.04, "Plan Rows": 3, "Plan Width": 4, "Actual Min Startup Time": 0.365, "Actual Max Startup Time": 0.365, "Actual Min Total Time": 0.711, "Actual Max Total Time": 0.711, "Actual Total Rows": 5454, "Plans": [{"Node Type": "Seq Scan", "Parent Relationship": "Outer", "Relation Name": "company_type", "Alias": "ct", "Startup Cost": 0.0, "Total Cost": 1.03, "Plan Rows": 3, "Plan Width": 4, "Actual Min Startup Time": 0.007, "Actual Max Startup Time": 0.007, "Actual Min Total Time": 0.008, "Actual Max Total Time": 0.008, "Actual Total Rows": 3}]}]}, {"Node Type": "Bitmap Heap Scan", "Parent Relationship": "Inner", "Relation Name": "company_name", "Alias": "cn", "Startup Cost": 0.26, "Total Cost": 4.27, "Plan Rows": 1, "Plan Width": 4, "Actual Min Startup Time": 9.72, "Actual Max Startup Time": 9.72, "Actual Min Total Time": 9.72, "Actual Max Total Time": 9.72, "Actual Total Rows": 1488, "Recheck Cond": "(id = mc.company_id)", "Rows Removed by Index Recheck": 0, "Filter": "((country_code)::text = '[us]'::text)", "Rows Removed by Filter": 111, "Exact Heap Blocks": 1599, "Lossy Heap Blocks": 1599, "Plans": [{"Node Type": "Bitmap Index Scan", "Parent Relationship": "Outer", "Index Name": "company_name_pkey", "Startup Cost": 0.0, "Total Cost": 0.26, "Plan Rows": 1, "Plan Width": 0, "Actual Min Startup Time": 5.575, "Actual Max Startup Time": 5.575, "Actual Min Total Time": 5.575, "Actual Max Total Time": 5.575, "Actual Total Rows": 1599, "Index Cond": "(id = mc.company_id)"}]}]}, {"Node Type": "Bitmap Heap Scan", "Parent Relationship": "Inner", "Relation Name": "movie_keyword", "Alias": "mk", "Startup Cost": 0.34, "Total Cost": 4.44, "Plan Rows": 8, "Plan Width": 8, "Actual Min Startup Time": 8.322, "Actual Max Startup Time": 8.322, "Actual Min Total Time": 9.099, "Actual Max Total Time": 9.099, "Actual Total Rows": 4808, "Recheck Cond": "(movie_id = mc.movie_id)", "Rows Removed by Index Recheck": 0, "Exact Heap Blocks": 586, "Lossy Heap Blocks": 586, "Plans": [{"Node Type": "Bitmap Index Scan", "Parent Relationship": "Outer", "Index Name": "movie_id_movie_keyword", "Startup Cost": 0.0, "Total Cost": 0.34, "Plan Rows": 8, "Plan Width": 0, "Actual Min Startup Time": 6.05, "Actual Max Startup Time": 6.05, "Actual Min Total Time": 6.05, "Actual Max Total Time": 6.05, "Actual Total Rows": 4808, "Index Cond": "(movie_id = mc.movie_id)"}]}]}, {"Node Type": "Bitmap Heap Scan", "Parent Relationship": "Inner", "Relation Name": "keyword", "Alias": "k", "Startup Cost": 0.26, "Total Cost": 4.27, "Plan Rows": 1, "Plan Width": 4, "Actual Min Startup Time": 21.027, "Actual Max Startup Time": 21.027, "Actual Min Total Time": 21.027, "Actual Max Total Time": 21.027, "Actual Total Rows": 4808, "Recheck Cond": "(id = mk.keyword_id)", "Rows Removed by Index Recheck": 0, "Exact Heap Blocks": 4808, "Lossy Heap Blocks": 4808, "Plans": [{"Node Type": "Bitmap Index Scan", "Parent Relationship": "Outer", "Index Name": "keyword_pkey", "Startup Cost": 0.0, "Total Cost": 0.26, "Plan Rows": 1, "Plan Width": 0, "Actual Min Startup Time": 13.378, "Actual Max Startup Time": 13.378, "Actual Min Total Time": 13.378, "Actual Max Total Time": 13.378, "Actual Total Rows": 4808, "Index Cond": "(id = mk.keyword_id)"}]}]}, {"Node Type": "Bitmap Heap Scan", "Parent Relationship": "Inner", "Relation Name": "title", "Alias": "t", "Startup Cost": 0.27, "Total Cost": 4.28, "Plan Rows": 1, "Plan Width": 21, "Actual Min Startup Time": 20.151, "Actual Max Startup Time": 20.151, "Actual Min Total Time": 20.151, "Actual Max Total Time": 20.151, "Actual Total Rows": 4808, "Recheck Cond": "(id = mk.movie_id)", "Rows Removed by Index Recheck": 0, "Filter": "(production_year > 1990)", "Rows Removed by Filter": 0, "Exact Heap Blocks": 4808, "Lossy Heap Blocks": 4808, "Plans": [{"Node Type": "Bitmap Index Scan", "Parent Relationship": "Outer", "Index Name": "title_pkey", "Startup Cost": 0.0, "Total Cost": 0.27, "Plan Rows": 1, "Plan Width": 0, "Actual Min Startup Time": 12.256, "Actual Max Startup Time": 12.256, "Actual Min Total Time": 12.256, "Actual Max Total Time": 12.256, "Actual Total Rows": 4808, "Index Cond": "(id = mk.movie_id)"}]}]}, {"Node Type": "Bitmap Heap Scan", "Parent Relationship": "Inner", "Relation Name": "aka_title", "Alias": "at", "Startup Cost": 0.27, "Total Cost": 4.31, "Plan Rows": 3, "Plan Width": 4, "Actual Min Startup Time": 14.526, "Actual Max Startup Time": 14.526, "Actual Min Total Time": 14.913, "Actual Max Total Time": 14.913, "Actual Total Rows": 1140, "Recheck Cond": "(movie_id = mk.movie_id)", "Rows Removed by Index Recheck": 0, "Exact Heap Blocks": 1140, "Lossy Heap Blocks": 1140, "Plans": [{"Node Type": "Bitmap Index Scan", "Parent Relationship": "Outer", "Index Name": "movie_id_aka_title", "Startup Cost": 0.0, "Total Cost": 0.27, "Plan Rows": 3, "Plan Width": 0, "Actual Min Startup Time": 11.273, "Actual Max Startup Time": 11.273, "Actual Min Total Time": 11.273, "Actual Max Total Time": 11.273, "Actual Total Rows": 1140, "Index Cond": "(movie_id = mk.movie_id)"}]}]}]}, "Triggers": [], "Planner Runtime": 125.779, "Total Runtime": 445.427, "Unique SQL Id": 2846462052}}, "(16, 55)": {"explain_plan": {"Plan": {"Node Type": "Aggregate", "Strategy": "Plain", "Startup Cost": 166073.69, "Total Cost": 166073.7, "Plan Rows": 1, "Plan Width": 123, "Plans": [{"Node Type": "Nested Loop", "Parent Relationship": "Outer", "Join Type": "Inner", "Startup Cost": 4855.81, "Total Cost": 166073.03, "Plan Rows": 132, "Plan Width": 59, "Inner Unique": true, "Join Filter": "(at.movie_id = t.id)", "Plans": [{"Node Type": "Nested Loop", "Parent Relationship": "Outer", "Join Type": "Inner", "Startup Cost": 4855.54, "Total Cost": 165665.15, "Plan Rows": 95, "Plan Width": 58, "Inner Unique": true, "Plans": [{"Node Type": "Nested Loop", "Parent Relationship": "Outer", "Join Type": "Inner", "Startup Cost": 4855.28, "Total Cost": 165249.97, "Plan Rows": 97, "Plan Width": 62, "Inner Unique": false, "Join Filter": "(at.movie_id = mk.movie_id)", "Plans": [{"Node Type": "Nested Loop", "Parent Relationship": "Outer", "Join Type": "Inner", "Startup Cost": 4854.95, "Total Cost": 165195.51, "Plan Rows": 12, "Plan Width": 54, "Inner Unique": true, "Plans": [{"Node Type": "Nested Loop", "Parent Relationship": "Outer", "Join Type": "Inner", "Startup Cost": 4854.69, "Total Cost": 165144.15, "Plan Rows": 12, "Plan Width": 58, "Inner Unique": true, "Plans": [{"Node Type": "Nested Loop", "Parent Relationship": "Outer", "Join Type": "Inner", "Startup Cost": 4854.43, "Total Cost": 165058.48, "Plan Rows": 20, "Plan Width": 62, "Inner Unique": false, "Plans": [{"Node Type": "Nested Loop", "Parent Relationship": "Outer", "Join Type": "Inner", "Startup Cost": 4854.06, "Total Cost": 165018.73, "Plan Rows": 9, "Plan Width": 50, "Inner Unique": false, "Plans": [{"Node Type": "Nested Loop", "Parent Relationship": "Outer", "Join Type": "Inner", "Startup Cost": 4850.27, "Total Cost": 164956.1, "Plan Rows": 4, "Plan Width": 46, "Inner Unique": false, "Plans": [{"Node Type": "Bitmap Heap Scan", "Parent Relationship": "Outer", "Relation Name": "info_type", "Alias": "it1", "Startup Cost": 8.81, "Total Cost": 14.21, "Plan Rows": 1, "Plan Width": 4, "Filter": "((info)::text = 'release dates'::text)", "Plans": [{"Node Type": "Bitmap Index Scan", "Parent Relationship": "Outer", "Index Name": "info_type_pkey", "Startup Cost": 0.0, "Total Cost": 8.81, "Plan Rows": 112, "Plan Width": 0}]}, {"Node Type": "Bitmap Heap Scan", "Parent Relationship": "Inner", "Relation Name": "movie_info", "Alias": "mi", "Startup Cost": 4841.46, "Total Cost": 164941.85, "Plan Rows": 4, "Plan Width": 50, "Recheck Cond": "(info_type_id = it1.id)", "Filter": "((info IS NOT NULL) AND ((note)::text ~~ '%internet%'::text) AND (((info)::text ~~ 'USA:% 199%'::text) OR ((info)::text ~~ 'USA:% 200%'::text)))", "Plans": [{"Node Type": "Bitmap Index Scan", "Parent Relationship": "Outer", "Index Name": "info_type_id_movie_info", "Startup Cost": 0.0, "Total Cost": 4841.46, "Plan Rows": 212428, "Plan Width": 0, "Index Cond": "(info_type_id = it1.id)"}]}]}, {"Node Type": "Bitmap Heap Scan", "Parent Relationship": "Inner", "Relation Name": "aka_title", "Alias": "at", "Startup Cost": 3.79, "Total Cost": 15.63, "Plan Rows": 3, "Plan Width": 4, "Recheck Cond": "(movie_id = mi.movie_id)", "Plans": [{"Node Type": "Bitmap Index Scan", "Parent Relationship": "Outer", "Index Name": "movie_id_aka_title", "Startup Cost": 0.0, "Total Cost": 3.79, "Plan Rows": 3, "Plan Width": 0, "Index Cond": "(movie_id = mi.movie_id)"}]}]}, {"Node Type": "Bitmap Heap Scan", "Parent Relationship": "Inner", "Relation Name": "movie_companies", "Alias": "mc", "Startup Cost": 0.37, "Total Cost": 4.4, "Plan Rows": 2, "Plan Width": 12, "Recheck Cond": "(movie_id = at.movie_id)", "Plans": [{"Node Type": "Bitmap Index Scan", "Parent Relationship": "Outer", "Index Name": "movie_id_movie_companies", "Startup Cost": 0.0, "Total Cost": 0.37, "Plan Rows": 2, "Plan Width": 0, "Index Cond": "(movie_id = at.movie_id)"}]}]}, {"Node Type": "Bitmap Heap Scan", "Parent Relationship": "Inner", "Relation Name": "company_name", "Alias": "cn", "Startup Cost": 0.26, "Total Cost": 4.27, "Plan Rows": 1, "Plan Width": 4, "Recheck Cond": "(id = mc.company_id)", "Filter": "((country_code)::text = '[us]'::text)", "Plans": [{"Node Type": "Bitmap Index Scan", "Parent Relationship": "Outer", "Index Name": "company_name_pkey", "Startup Cost": 0.0, "Total Cost": 0.26, "Plan Rows": 1, "Plan Width": 0, "Index Cond": "(id = mc.company_id)"}]}]}, {"Node Type": "Bitmap Heap Scan", "Parent Relationship": "Inner", "Relation Name": "company_type", "Alias": "ct", "Startup Cost": 0.26, "Total Cost": 4.27, "Plan Rows": 1, "Plan Width": 4, "Recheck Cond": "(id = mc.company_type_id)", "Plans": [{"Node Type": "Bitmap Index Scan", "Parent Relationship": "Outer", "Index Name": "company_type_pkey", "Startup Cost": 0.0, "Total Cost": 0.26, "Plan Rows": 1, "Plan Width": 0, "Index Cond": "(id = mc.company_type_id)"}]}]}, {"Node Type": "Bitmap Heap Scan", "Parent Relationship": "Inner", "Relation Name": "movie_keyword", "Alias": "mk", "Startup Cost": 0.34, "Total Cost": 4.44, "Plan Rows": 8, "Plan Width": 8, "Recheck Cond": "(movie_id = mc.movie_id)", "Plans": [{"Node Type": "Bitmap Index Scan", "Parent Relationship": "Outer", "Index Name": "movie_id_movie_keyword", "Startup Cost": 0.0, "Total Cost": 0.34, "Plan Rows": 8, "Plan Width": 0, "Index Cond": "(movie_id = mc.movie_id)"}]}]}, {"Node Type": "Bitmap Heap Scan", "Parent Relationship": "Inner", "Relation Name": "keyword", "Alias": "k", "Startup Cost": 0.26, "Total Cost": 4.27, "Plan Rows": 1, "Plan Width": 4, "Recheck Cond": "(id = mk.keyword_id)", "Plans": [{"Node Type": "Bitmap Index Scan", "Parent Relationship": "Outer", "Index Name": "keyword_pkey", "Startup Cost": 0.0, "Total Cost": 0.26, "Plan Rows": 1, "Plan Width": 0, "Index Cond": "(id = mk.keyword_id)"}]}]}, {"Node Type": "Bitmap Heap Scan", "Parent Relationship": "Inner", "Relation Name": "title", "Alias": "t", "Startup Cost": 0.27, "Total Cost": 4.28, "Plan Rows": 1, "Plan Width": 21, "Recheck Cond": "(id = mk.movie_id)", "Filter": "(production_year > 1990)", "Plans": [{"Node Type": "Bitmap Index Scan", "Parent Relationship": "Outer", "Index Name": "title_pkey", "Startup Cost": 0.0, "Total Cost": 0.27, "Plan Rows": 1, "Plan Width": 0, "Index Cond": "(id = mk.movie_id)"}]}]}]}, "Unique SQL Id": 2846462052}, "explain_analyze_plan": null}, "(16, 56)": {"explain_plan": {"Plan": {"Node Type": "Aggregate", "Strategy": "Plain", "Startup Cost": 40614.41, "Total Cost": 40614.42, "Plan Rows": 1, "Plan Width": 123, "Plans": [{"Node Type": "Nested Loop", "Parent Relationship": "Outer", "Join Type": "Inner", "Startup Cost": 0.0, "Total Cost": 40613.75, "Plan Rows": 132, "Plan Width": 59, "Inner Unique": false, "Plans": [{"Node Type": "Nested Loop", "Parent Relationship": "Outer", "Join Type": "Inner", "Startup Cost": 0.0, "Total Cost": 40598.7, "Plan Rows": 44, "Plan Width": 75, "Inner Unique": true, "Plans": [{"Node Type": "Nested Loop", "Parent Relationship": "Outer", "Join Type": "Inner", "Startup Cost": 0.0, "Total Cost": 40586.38, "Plan Rows": 44, "Plan Width": 79, "Inner Unique": false, "Join Filter": "(t.id = mk.movie_id)", "Plans": [{"Node Type": "Nested Loop", "Parent Relationship": "Outer", "Join Type": "Inner", "Startup Cost": 0.0, "Total Cost": 40583.01, "Plan Rows": 6, "Plan Width": 71, "Inner Unique": true, "Plans": [{"Node Type": "Nested Loop", "Parent Relationship": "Outer", "Join Type": "Inner", "Startup Cost": 0.0, "Total Cost": 40579.84, "Plan Rows": 11, "Plan Width": 75, "Inner Unique": true, "Join Filter": "(mc.company_type_id = ct.id)", "Plans": [{"Node Type": "Nested Loop", "Parent Relationship": "Outer", "Join Type": "Inner", "Startup Cost": 0.0, "Total Cost": 40578.27, "Plan Rows": 12, "Plan Width": 79, "Inner Unique": false, "Plans": [{"Node Type": "Nested Loop", "Parent Relationship": "Outer", "Join Type": "Inner", "Startup Cost": 0.0, "Total Cost": 40576.06, "Plan Rows": 6, "Plan Width": 67, "Inner Unique": true, "Plans": [{"Node Type": "Nested Loop", "Parent Relationship": "Outer", "Join Type": "Inner", "Startup Cost": 0.0, "Total Cost": 40543.12, "Plan Rows": 4, "Plan Width": 46, "Inner Unique": false, "Join Filter": "(it1.id = mi.info_type_id)", "Plans": [{"Node Type": "Seq Scan", "Parent Relationship": "Outer", "Relation Name": "info_type", "Alias": "it1", "Startup Cost": 0.0, "Total Cost": 2.4, "Plan Rows": 1, "Plan Width": 4, "Filter": "((info)::text = 'release dates'::text)"}, {"Node Type": "Materialize", "Parent Relationship": "Inner", "Startup Cost": 0.0, "Total Cost": 40538.17, "Plan Rows": 255, "Plan Width": 50, "Plans": [{"Node Type": "Streaming(type: LOCAL GATHER dop: 1/16)", "Parent Relationship": "Outer", "Startup Cost": 0.0, "Total Cost": 40537.53, "Plan Rows": 255, "Plan Width": 50, "Plans": [{"Node Type": "Seq Scan", "Parent Relationship": "Outer", "Relation Name": "movie_info", "Alias": "mi", "Startup Cost": 0.0, "Total Cost": 40532.03, "Plan Rows": 255, "Plan Width": 50, "Filter": "((info IS NOT NULL) AND ((note)::text ~~ '%internet%'::text) AND (((info)::text ~~ 'USA:% 199%'::text) OR ((info)::text ~~ 'USA:% 200%'::text)))"}]}]}]}, {"Node Type": "Index Scan", "Parent Relationship": "Inner", "Scan Direction": "Forward", "Index Name": "title_pkey", "Relation Name": "title", "Alias": "t", "Startup Cost": 0.0, "Total Cost": 8.23, "Plan Rows": 1, "Plan Width": 21, "Index Cond": "(id = mi.movie_id)", "Filter": "(production_year > 1990)"}]}, {"Node Type": "Index Scan", "Parent Relationship": "Inner", "Scan Direction": "Forward", "Index Name": "movie_id_movie_companies", "Relation Name": "movie_companies", "Alias": "mc", "Startup Cost": 0.0, "Total Cost": 0.35, "Plan Rows": 2, "Plan Width": 12, "Index Cond": "(movie_id = t.id)"}]}, {"Node Type": "Materialize", "Parent Relationship": "Inner", "Startup Cost": 0.0, "Total Cost": 1.04, "Plan Rows": 3, "Plan Width": 4, "Plans": [{"Node Type": "Seq Scan", "Parent Relationship": "Outer", "Relation Name": "company_type", "Alias": "ct", "Startup Cost": 0.0, "Total Cost": 1.03, "Plan Rows": 3, "Plan Width": 4}]}]}, {"Node Type": "Index Scan", "Parent Relationship": "Inner", "Scan Direction": "Forward", "Index Name": "company_name_pkey", "Relation Name": "company_name", "Alias": "cn", "Startup Cost": 0.0, "Total Cost": 0.28, "Plan Rows": 1, "Plan Width": 4, "Index Cond": "(id = mc.company_id)", "Filter": "((country_code)::text = '[us]'::text)"}]}, {"Node Type": "Index Scan", "Parent Relationship": "Inner", "Scan Direction": "Forward", "Index Name": "movie_id_movie_keyword", "Relation Name": "movie_keyword", "Alias": "mk", "Startup Cost": 0.0, "Total Cost": 0.46, "Plan Rows": 8, "Plan Width": 8, "Index Cond": "(movie_id = mc.movie_id)"}]}, {"Node Type": "Index Only Scan", "Parent Relationship": "Inner", "Scan Direction": "Forward", "Index Name": "keyword_pkey", "Relation Name": "keyword", "Alias": "k", "Startup Cost": 0.0, "Total Cost": 0.27, "Plan Rows": 1, "Plan Width": 4, "Index Cond": "(id = mk.keyword_id)"}]}, {"Node Type": "Index Only Scan", "Parent Relationship": "Inner", "Scan Direction": "Forward", "Index Name": "movie_id_aka_title", "Relation Name": "aka_title", "Alias": "at", "Startup Cost": 0.0, "Total Cost": 0.31, "Plan Rows": 3, "Plan Width": 4, "Index Cond": "(movie_id = t.id)"}]}]}, "Unique SQL Id": 2846462052}, "explain_analyze_plan": {"Plan": {"Node Type": "Aggregate", "Strategy": "Plain", "Startup Cost": 40614.41, "Total Cost": 40614.42, "Plan Rows": 1, "Plan Width": 123, "Actual Min Startup Time": 454.594, "Actual Max Startup Time": 454.594, "Actual Min Total Time": 454.595, "Actual Max Total Time": 454.595, "Actual Total Rows": 1, "Plans": [{"Node Type": "Nested Loop", "Parent Relationship": "Outer", "Join Type": "Inner", "Startup Cost": 0.0, "Total Cost": 40613.75, "Plan Rows": 132, "Plan Width": 59, "Actual Min Startup Time": 361.276, "Actual Max Startup Time": 361.276, "Actual Min Total Time": 453.787, "Actual Max Total Time": 453.787, "Actual Total Rows": 1140, "Inner Unique": false, "Plans": [{"Node Type": "Nested Loop", "Parent Relationship": "Outer", "Join Type": "Inner", "Startup Cost": 0.0, "Total Cost": 40598.7, "Plan Rows": 44, "Plan Width": 75, "Actual Min Startup Time": 360.519, "Actual Max Startup Time": 360.519, "Actual Min Total Time": 440.393, "Actual Max Total Time": 440.393, "Actual Total Rows": 4808, "Inner Unique": true, "Plans": [{"Node Type": "Nested Loop", "Parent Relationship": "Outer", "Join Type": "Inner", "Startup Cost": 0.0, "Total Cost": 40586.38, "Plan Rows": 44, "Plan Width": 79, "Actual Min Startup Time": 360.492, "Actual Max Startup Time": 360.492, "Actual Min Total Time": 423.471, "Actual Max Total Time": 423.471, "Actual Total Rows": 4808, "Inner Unique": false, "Join Filter": "(t.id = mk.movie_id)", "Rows Removed by Join Filter": 0, "Plans": [{"Node Type": "Nested Loop", "Parent Relationship": "Outer", "Join Type": "Inner", "Startup Cost": 0.0, "Total Cost": 40583.01, "Plan Rows": 6, "Plan Width": 71, "Actual Min Startup Time": 360.461, "Actual Max Startup Time": 360.461, "Actual Min Total Time": 408.996, "Actual Max Total Time": 408.996, "Actual Total Rows": 1488, "Inner Unique": true, "Plans": [{"Node Type": "Nested Loop", "Parent Relationship": "Outer", "Join Type": "Inner", "Startup Cost": 0.0, "Total Cost": 40579.84, "Plan Rows": 11, "Plan Width": 75, "Actual Min Startup Time": 360.403, "Actual Max Startup Time": 360.403, "Actual Min Total Time": 397.761, "Actual Max Total Time": 397.761, "Actual Total Rows": 1599, "Inner Unique": true, "Join Filter": "(mc.company_type_id = ct.id)", "Rows Removed by Join Filter": 3855, "Plans": [{"Node Type": "Nested Loop", "Parent Relationship": "Outer", "Join Type": "Inner", "Startup Cost": 0.0, "Total Cost": 40578.27, "Plan Rows": 12, "Plan Width": 79, "Actual Min Startup Time": 360.371, "Actual Max Startup Time": 360.371, "Actual Min Total Time": 395.098, "Actual Max Total Time": 395.098, "Actual Total Rows": 2884, "Inner Unique": false, "Plans": [{"Node Type": "Nested Loop", "Parent Relationship": "Outer", "Join Type": "Inner", "Startup Cost": 0.0, "Total Cost": 40576.06, "Plan Rows": 6, "Plan Width": 67, "Actual Min Startup Time": 360.343, "Actual Max Startup Time": 360.343, "Actual Min Total Time": 377.531, "Actual Max Total Time": 377.531, "Actual Total Rows": 1782, "Inner Unique": true, "Plans": [{"Node Type": "Nested Loop", "Parent Relationship": "Outer", "Join Type": "Inner", "Startup Cost": 0.0, "Total Cost": 40543.12, "Plan Rows": 4, "Plan Width": 46, "Actual Min Startup Time": 360.293, "Actual Max Startup Time": 360.293, "Actual Min Total Time": 361.58, "Actual Max Total Time": 361.58, "Actual Total Rows": 1783, "Inner Unique": false, "Join Filter": "(it1.id = mi.info_type_id)", "Rows Removed by Join Filter": 0, "Plans": [{"Node Type": "Seq Scan", "Parent Relationship": "Outer", "Relation Name": "info_type", "Alias": "it1", "Startup Cost": 0.0, "Total Cost": 2.4, "Plan Rows": 1, "Plan Width": 4, "Actual Min Startup Time": 0.075, "Actual Max Startup Time": 0.075, "Actual Min Total Time": 0.107, "Actual Max Total Time": 0.107, "Actual Total Rows": 1, "Filter": "((info)::text = 'release dates'::text)", "Rows Removed by Filter": 111}, {"Node Type": "Materialize", "Parent Relationship": "Inner", "Startup Cost": 0.0, "Total Cost": 40538.17, "Plan Rows": 255, "Plan Width": 50, "Actual Min Startup Time": 360.193, "Actual Max Startup Time": 360.193, "Actual Min Total Time": 360.551, "Actual Max Total Time": 360.551, "Actual Total Rows": 1784, "Plans": [{"Node Type": "Streaming(type: LOCAL GATHER dop: 1/16)", "Parent Relationship": "Outer", "Startup Cost": 0.0, "Total Cost": 40537.53, "Plan Rows": 255, "Plan Width": 50, "Actual Min Startup Time": 166.394, "Actual Max Startup Time": 166.394, "Actual Min Total Time": 359.818, "Actual Max Total Time": 359.818, "Actual Total Rows": 1783, "Plans": [{"Node Type": "Seq Scan", "Parent Relationship": "Outer", "Relation Name": "movie_info", "Alias": "mi", "Startup Cost": 0.0, "Total Cost": 40532.03, "Plan Rows": 255, "Plan Width": 50, "Actual Min Startup Time": 83.623, "Actual Max Startup Time": 93.952, "Actual Min Total Time": 296.592, "Actual Max Total Time": 332.659, "Actual Total Rows": 1783, "Filter": "((info IS NOT NULL) AND ((note)::text ~~ '%internet%'::text) AND (((info)::text ~~ 'USA:% 199%'::text) OR ((info)::text ~~ 'USA:% 200%'::text)))", "Rows Removed by Filter": 14833936}]}]}]}, {"Node Type": "Index Scan", "Parent Relationship": "Inner", "Scan Direction": "Forward", "Index Name": "title_pkey", "Relation Name": "title", "Alias": "t", "Startup Cost": 0.0, "Total Cost": 8.23, "Plan Rows": 1, "Plan Width": 21, "Actual Min Startup Time": 14.366, "Actual Max Startup Time": 14.366, "Actual Min Total Time": 14.366, "Actual Max Total Time": 14.366, "Actual Total Rows": 1782, "Index Cond": "(id = mi.movie_id)", "Rows Removed by Index Recheck": 0, "Filter": "(production_year > 1990)", "Rows Removed by Filter": 1}]}, {"Node Type": "Index Scan", "Parent Relationship": "Inner", "Scan Direction": "Forward", "Index Name": "movie_id_movie_companies", "Relation Name": "movie_companies", "Alias": "mc", "Startup Cost": 0.0, "Total Cost": 0.35, "Plan Rows": 2, "Plan Width": 12, "Actual Min Startup Time": 12.799, "Actual Max Startup Time": 12.799, "Actual Min Total Time": 15.889, "Actual Max Total Time": 15.889, "Actual Total Rows": 2884, "Index Cond": "(movie_id = t.id)", "Rows Removed by Index Recheck": 0}]}, {"Node Type": "Materialize", "Parent Relationship": "Inner", "Startup Cost": 0.0, "Total Cost": 1.04, "Plan Rows": 3, "Plan Width": 4, "Actual Min Startup Time": 0.31, "Actual Max Startup Time": 0.31, "Actual Min Total Time": 0.635, "Actual Max Total Time": 0.635, "Actual Total Rows": 5454, "Plans": [{"Node Type": "Seq Scan", "Parent Relationship": "Outer", "Relation Name": "company_type", "Alias": "ct", "Startup Cost": 0.0, "Total Cost": 1.03, "Plan Rows": 3, "Plan Width": 4, "Actual Min Startup Time": 0.007, "Actual Max Startup Time": 0.007, "Actual Min Total Time": 0.009, "Actual Max Total Time": 0.009, "Actual Total Rows": 3}]}]}, {"Node Type": "Index Scan", "Parent Relationship": "Inner", "Scan Direction": "Forward", "Index Name": "company_name_pkey", "Relation Name": "company_name", "Alias": "cn", "Startup Cost": 0.0, "Total Cost": 0.28, "Plan Rows": 1, "Plan Width": 4, "Actual Min Startup Time": 9.852, "Actual Max Startup Time": 9.852, "Actual Min Total Time": 9.852, "Actual Max Total Time": 9.852, "Actual Total Rows": 1488, "Index Cond": "(id = mc.company_id)", "Rows Removed by Index Recheck": 0, "Filter": "((country_code)::text = '[us]'::text)", "Rows Removed by Filter": 111}]}, {"Node Type": "Index Scan", "Parent Relationship": "Inner", "Scan Direction": "Forward", "Index Name": "movie_id_movie_keyword", "Relation Name": "movie_keyword", "Alias": "mk", "Startup Cost": 0.0, "Total Cost": 0.46, "Plan Rows": 8, "Plan Width": 8, "Actual Min Startup Time": 9.206, "Actual Max Startup Time": 9.206, "Actual Min Total Time": 11.66, "Actual Max Total Time": 11.66, "Actual Total Rows": 4808, "Index Cond": "(movie_id = mc.movie_id)", "Rows Removed by Index Recheck": 0}]}, {"Node Type": "Index Only Scan", "Parent Relationship": "Inner", "Scan Direction": "Forward", "Index Name": "keyword_pkey", "Relation Name": "keyword", "Alias": "k", "Startup Cost": 0.0, "Total Cost": 0.27, "Plan Rows": 1, "Plan Width": 4, "Actual Min Startup Time": 13.35, "Actual Max Startup Time": 13.35, "Actual Min Total Time": 13.35, "Actual Max Total Time": 13.35, "Actual Total Rows": 4808, "Index Cond": "(id = mk.keyword_id)", "Rows Removed by Index Recheck": 0, "Heap Fetches": 0}]}, {"Node Type": "Index Only Scan", "Parent Relationship": "Inner", "Scan Direction": "Forward", "Index Name": "movie_id_aka_title", "Relation Name": "aka_title", "Alias": "at", "Startup Cost": 0.0, "Total Cost": 0.31, "Plan Rows": 3, "Plan Width": 4, "Actual Min Startup Time": 10.75, "Actual Max Startup Time": 10.75, "Actual Min Total Time": 11.04, "Actual Max Total Time": 11.04, "Actual Total Rows": 1140, "Index Cond": "(movie_id = t.id)", "Rows Removed by Index Recheck": 0, "Heap Fetches": 0}]}]}, "Triggers": [], "Planner Runtime": 42.407, "Total Runtime": 458.139, "Unique SQL Id": 2846462052}}, "(16, 57)": {"explain_plan": {"Plan": {"Node Type": "Aggregate", "Strategy": "Plain", "Startup Cost": 496832.71, "Total Cost": 496832.72, "Plan Rows": 1, "Plan Width": 123, "Plans": [{"Node Type": "Nested Loop", "Parent Relationship": "Outer", "Join Type": "Inner", "Startup Cost": 0.0, "Total Cost": 496832.05, "Plan Rows": 132, "Plan Width": 59, "Inner Unique": false, "Plans": [{"Node Type": "Nested Loop", "Parent Relationship": "Outer", "Join Type": "Inner", "Startup Cost": 0.0, "Total Cost": 496817.0, "Plan Rows": 44, "Plan Width": 75, "Inner Unique": true, "Plans": [{"Node Type": "Nested Loop", "Parent Relationship": "Outer", "Join Type": "Inner", "Startup Cost": 0.0, "Total Cost": 496804.68, "Plan Rows": 44, "Plan Width": 79, "Inner Unique": false, "Join Filter": "(t.id = mk.movie_id)", "Plans": [{"Node Type": "Nested Loop", "Parent Relationship": "Outer", "Join Type": "Inner", "Startup Cost": 0.0, "Total Cost": 496801.31, "Plan Rows": 6, "Plan Width": 71, "Inner Unique": true, "Plans": [{"Node Type": "Nested Loop", "Parent Relationship": "Outer", "Join Type": "Inner", "Startup Cost": 0.0, "Total Cost": 496798.51, "Plan Rows": 10, "Plan Width": 75, "Inner Unique": true, "Plans": [{"Node Type": "Nested Loop", "Parent Relationship": "Outer", "Join Type": "Inner", "Startup Cost": 0.0, "Total Cost": 496795.05, "Plan Rows": 12, "Plan Width": 79, "Inner Unique": false, "Plans": [{"Node Type": "Nested Loop", "Parent Relationship": "Outer", "Join Type": "Inner", "Startup Cost": 0.0, "Total Cost": 496792.85, "Plan Rows": 6, "Plan Width": 67, "Inner Unique": true, "Plans": [{"Node Type": "Nested Loop", "Parent Relationship": "Outer", "Join Type": "Inner", "Startup Cost": 0.0, "Total Cost": 496759.91, "Plan Rows": 4, "Plan Width": 46, "Inner Unique": false, "Plans": [{"Node Type": "Index Scan", "Parent Relationship": "Outer", "Scan Direction": "Forward", "Index Name": "info_type_pkey", "Relation Name": "info_type", "Alias": "it1", "Startup Cost": 0.0, "Total Cost": 14.21, "Plan Rows": 1, "Plan Width": 4, "Filter": "((info)::text = 'release dates'::text)"}, {"Node Type": "Index Scan", "Parent Relationship": "Inner", "Scan Direction": "Forward", "Index Name": "info_type_id_movie_info", "Relation Name": "movie_info", "Alias": "mi", "Startup Cost": 0.0, "Total Cost": 496745.66, "Plan Rows": 4, "Plan Width": 50, "Index Cond": "(info_type_id = it1.id)", "Filter": "((info IS NOT NULL) AND ((note)::text ~~ '%internet%'::text) AND (((info)::text ~~ 'USA:% 199%'::text) OR ((info)::text ~~ 'USA:% 200%'::text)))"}]}, {"Node Type": "Index Scan", "Parent Relationship": "Inner", "Scan Direction": "Forward", "Index Name": "title_pkey", "Relation Name": "title", "Alias": "t", "Startup Cost": 0.0, "Total Cost": 8.23, "Plan Rows": 1, "Plan Width": 21, "Index Cond": "(id = mi.movie_id)", "Filter": "(production_year > 1990)"}]}, {"Node Type": "Index Scan", "Parent Relationship": "Inner", "Scan Direction": "Forward", "Index Name": "movie_id_movie_companies", "Relation Name": "movie_companies", "Alias": "mc", "Startup Cost": 0.0, "Total Cost": 0.35, "Plan Rows": 2, "Plan Width": 12, "Index Cond": "(movie_id = t.id)"}]}, {"Node Type": "Index Scan", "Parent Relationship": "Inner", "Scan Direction": "Forward", "Index Name": "company_name_pkey", "Relation Name": "company_name", "Alias": "cn", "Startup Cost": 0.0, "Total Cost": 0.28, "Plan Rows": 1, "Plan Width": 4, "Index Cond": "(id = mc.company_id)", "Filter": "((country_code)::text = '[us]'::text)"}]}, {"Node Type": "Index Only Scan", "Parent Relationship": "Inner", "Scan Direction": "Forward", "Index Name": "company_type_pkey", "Relation Name": "company_type", "Alias": "ct", "Startup Cost": 0.0, "Total Cost": 0.27, "Plan Rows": 1, "Plan Width": 4, "Index Cond": "(id = mc.company_type_id)"}]}, {"Node Type": "Index Scan", "Parent Relationship": "Inner", "Scan Direction": "Forward", "Index Name": "movie_id_movie_keyword", "Relation Name": "movie_keyword", "Alias": "mk", "Startup Cost": 0.0, "Total Cost": 0.46, "Plan Rows": 8, "Plan Width": 8, "Index Cond": "(movie_id = mc.movie_id)"}]}, {"Node Type": "Index Only Scan", "Parent Relationship": "Inner", "Scan Direction": "Forward", "Index Name": "keyword_pkey", "Relation Name": "keyword", "Alias": "k", "Startup Cost": 0.0, "Total Cost": 0.27, "Plan Rows": 1, "Plan Width": 4, "Index Cond": "(id = mk.keyword_id)"}]}, {"Node Type": "Index Only Scan", "Parent Relationship": "Inner", "Scan Direction": "Forward", "Index Name": "movie_id_aka_title", "Relation Name": "aka_title", "Alias": "at", "Startup Cost": 0.0, "Total Cost": 0.31, "Plan Rows": 3, "Plan Width": 4, "Index Cond": "(movie_id = t.id)"}]}]}, "Unique SQL Id": 2846462052}, "explain_analyze_plan": null}, "(16, 58)": {"explain_plan": {"Plan": {"Node Type": "Aggregate", "Strategy": "Plain", "Startup Cost": 291489.31, "Total Cost": 291489.34, "Plan Rows": 1, "Plan Width": 123, "Plans": [{"Node Type": "Streaming(type: LOCAL GATHER dop: 1/16)", "Parent Relationship": "Outer", "Startup Cost": 291489.31, "Total Cost": 291489.34, "Plan Rows": 1, "Plan Width": 123, "Plans": [{"Node Type": "Aggregate", "Strategy": "Plain", "Parent Relationship": "Outer", "Startup Cost": 291489.31, "Total Cost": 291489.32, "Plan Rows": 1, "Plan Width": 123, "Plans": [{"Node Type": "Nested Loop", "Parent Relationship": "Outer", "Join Type": "Inner", "Startup Cost": 0.0, "Total Cost": 291488.65, "Plan Rows": 132, "Plan Width": 59, "Inner Unique": false, "Join Filter": "(mk.keyword_id = k.id)", "Plans": [{"Node Type": "Streaming(type: LOCAL REDISTRIBUTE dop: 16/1)", "Parent Relationship": "Outer", "Startup Cost": 0.0, "Total Cost": 22679.71, "Plan Rows": 134169, "Plan Width": 4, "Plans": [{"Node Type": "Seq Scan", "Parent Relationship": "Outer", "Relation Name": "keyword", "Alias": "k", "Startup Cost": 0.0, "Total Cost": 2100.69, "Plan Rows": 134169, "Plan Width": 4}]}, {"Node Type": "Materialize", "Parent Relationship": "Inner", "Startup Cost": 0.0, "Total Cost": 267755.52, "Plan Rows": 134, "Plan Width": 63, "Plans": [{"Node Type": "Streaming(type: LOCAL REDISTRIBUTE dop: 16/16)", "Parent Relationship": "Outer", "Startup Cost": 0.0, "Total Cost": 267755.48, "Plan Rows": 134, "Plan Width": 63, "Plans": [{"Node Type": "Nested Loop", "Parent Relationship": "Outer", "Join Type": "Inner", "Startup Cost": 0.0, "Total Cost": 252754.98, "Plan Rows": 134, "Plan Width": 63, "Inner Unique": false, "Join Filter": "(t.id = mk.movie_id)", "Plans": [{"Node Type": "Streaming(type: LOCAL REDISTRIBUTE dop: 16/16)", "Parent Relationship": "Outer", "Startup Cost": 0.0, "Total Cost": 51044.03, "Plan Rows": 4523929, "Plan Width": 8, "Plans": [{"Node Type": "Seq Scan", "Parent Relationship": "Outer", "Relation Name": "movie_keyword", "Alias": "mk", "Startup Cost": 0.0, "Total Cost": 18902.58, "Plan Rows": 4523929, "Plan Width": 8}]}, {"Node Type": "Materialize", "Parent Relationship": "Inner", "Startup Cost": 0.0, "Total Cost": 197204.69, "Plan Rows": 17, "Plan Width": 75, "Plans": [{"Node Type": "Streaming(type: LOCAL REDISTRIBUTE dop: 16/1)", "Parent Relationship": "Outer", "Startup Cost": 0.0, "Total Cost": 197204.68, "Plan Rows": 17, "Plan Width": 75, "Plans": [{"Node Type": "Nested Loop", "Parent Relationship": "Outer", "Join Type": "Inner", "Startup Cost": 0.0, "Total Cost": 182203.98, "Plan Rows": 17, "Plan Width": 75, "Inner Unique": false, "Join Filter": "(t.id = at.movie_id)", "Plans": [{"Node Type": "Seq Scan", "Parent Relationship": "Outer", "Relation Name": "aka_title", "Alias": "at", "Startup Cost": 0.0, "Total Cost": 9894.71, "Plan Rows": 361471, "Plan Width": 4}, {"Node Type": "Materialize", "Parent Relationship": "Inner", "Startup Cost": 0.0, "Total Cost": 139776.89, "Plan Rows": 6, "Plan Width": 71, "Plans": [{"Node Type": "Streaming(type: LOCAL GATHER dop: 1/16)", "Parent Relationship": "Outer", "Startup Cost": 0.0, "Total Cost": 139776.86, "Plan Rows": 6, "Plan Width": 71, "Plans": [{"Node Type": "Nested Loop", "Parent Relationship": "Outer", "Join Type": "Inner", "Startup Cost": 0.0, "Total Cost": 139776.73, "Plan Rows": 6, "Plan Width": 71, "Inner Unique": false, "Join Filter": "(mi.movie_id = t.id)", "Plans": [{"Node Type": "Seq Scan", "Parent Relationship": "Outer", "Relation Name": "title", "Alias": "t", "Startup Cost": 0.0, "Total Cost": 19149.37, "Plan Rows": 1748840, "Plan Width": 21, "Filter": "(production_year > 1990), (LLVM Optimized)"}, {"Node Type": "Materialize", "Parent Relationship": "Inner", "Startup Cost": 0.0, "Total Cost": 114069.23, "Plan Rows": 64, "Plan Width": 50, "Plans": [{"Node Type": "Streaming(type: BROADCAST dop: 16/1)", "Parent Relationship": "Outer", "Startup Cost": 0.0, "Total Cost": 114069.21, "Plan Rows": 64, "Plan Width": 50, "Plans": [{"Node Type": "Nested Loop", "Parent Relationship": "Outer", "Join Type": "Inner", "Startup Cost": 0.0, "Total Cost": 99067.82, "Plan Rows": 4, "Plan Width": 50, "Inner Unique": false, "Join Filter": "(mc.company_id = cn.id)", "Plans": [{"Node Type": "Seq Scan", "Parent Relationship": "Outer", "Relation Name": "company_name", "Alias": "cn", "Startup Cost": 0.0, "Total Cost": 5903.45, "Plan Rows": 85170, "Plan Width": 4, "Filter": "((country_code)::text = '[us]'::text)"}, {"Node Type": "Materialize", "Parent Relationship": "Inner", "Startup Cost": 0.0, "Total Cost": 82943.99, "Plan Rows": 8, "Plan Width": 54, "Plans": [{"Node Type": "Nested Loop", "Parent Relationship": "Outer", "Join Type": "Inner", "Startup Cost": 0.0, "Total Cost": 82943.95, "Plan Rows": 8, "Plan Width": 54, "Inner Unique": true, "Join Filter": "(mc.company_type_id = ct.id)", "Plans": [{"Node Type": "Streaming(type: LOCAL GATHER dop: 1/16)", "Parent Relationship": "Outer", "Startup Cost": 0.0, "Total Cost": 82942.51, "Plan Rows": 9, "Plan Width": 58, "Plans": [{"Node Type": "Nested Loop", "Parent Relationship": "Outer", "Join Type": "Inner", "Startup Cost": 0.0, "Total Cost": 82942.32, "Plan Rows": 9, "Plan Width": 58, "Inner Unique": false, "Join Filter": "(mi.movie_id = mc.movie_id)", "Plans": [{"Node Type": "Seq Scan", "Parent Relationship": "Outer", "Relation Name": "movie_companies", "Alias": "mc", "Startup Cost": 0.0, "Total Cost": 17613.58, "Plan Rows": 2609128, "Plan Width": 12}, {"Node Type": "Materialize", "Parent Relationship": "Inner", "Startup Cost": 0.0, "Total Cost": 55544.52, "Plan Rows": 64, "Plan Width": 46, "Plans": [{"Node Type": "Streaming(type: BROADCAST dop: 16/1)", "Parent Relationship": "Outer", "Startup Cost": 0.0, "Total Cost": 55544.5, "Plan Rows": 64, "Plan Width": 46, "Plans": [{"Node Type": "Nested Loop", "Parent Relationship": "Outer", "Join Type": "Inner", "Startup Cost": 0.0, "Total Cost": 40543.12, "Plan Rows": 4, "Plan Width": 46, "Inner Unique": false, "Join Filter": "(it1.id = mi.info_type_id)", "Plans": [{"Node Type": "Seq Scan", "Parent Relationship": "Outer", "Relation Name": "info_type", "Alias": "it1", "Startup Cost": 0.0, "Total Cost": 2.4, "Plan Rows": 1, "Plan Width": 4, "Filter": "((info)::text = 'release dates'::text)"}, {"Node Type": "Materialize", "Parent Relationship": "Inner", "Startup Cost": 0.0, "Total Cost": 40538.17, "Plan Rows": 255, "Plan Width": 50, "Plans": [{"Node Type": "Streaming(type: LOCAL GATHER dop: 1/16)", "Parent Relationship": "Outer", "Startup Cost": 0.0, "Total Cost": 40537.53, "Plan Rows": 255, "Plan Width": 50, "Plans": [{"Node Type": "Seq Scan", "Parent Relationship": "Outer", "Relation Name": "movie_info", "Alias": "mi", "Startup Cost": 0.0, "Total Cost": 40532.03, "Plan Rows": 255, "Plan Width": 50, "Filter": "((info IS NOT NULL) AND ((note)::text ~~ '%internet%'::text) AND (((info)::text ~~ 'USA:% 199%'::text) OR ((info)::text ~~ 'USA:% 200%'::text)))"}]}]}]}]}]}]}]}, {"Node Type": "Materialize", "Parent Relationship": "Inner", "Startup Cost": 0.0, "Total Cost": 1.04, "Plan Rows": 3, "Plan Width": 4, "Plans": [{"Node Type": "Seq Scan", "Parent Relationship": "Outer", "Relation Name": "company_type", "Alias": "ct", "Startup Cost": 0.0, "Total Cost": 1.03, "Plan Rows": 3, "Plan Width": 4}]}]}]}]}]}]}]}]}]}]}]}]}]}]}]}]}]}]}]}, "Unique SQL Id": 2846462052}, "explain_analyze_plan": null}, "(16, 59)": {"explain_plan": {"Plan": {"Node Type": "Aggregate", "Strategy": "Plain", "Startup Cost": 9000154402514.71, "Total Cost": 9000154402514.72, "Plan Rows": 1, "Plan Width": 123, "Plans": [{"Node Type": "Nested Loop", "Parent Relationship": "Outer", "Join Type": "Inner", "Startup Cost": 90000000000.0, "Total Cost": 9000154402514.05, "Plan Rows": 132, "Plan Width": 59, "Inner Unique": false, "Join Filter": "(t.id = at.movie_id)", "Plans": [{"Node Type": "Index Only Scan", "Parent Relationship": "Outer", "Scan Direction": "Forward", "Index Name": "movie_id_aka_title", "Relation Name": "aka_title", "Alias": "at", "Startup Cost": 10000000000.0, "Total Cost": 1000000898631.5, "Plan Rows": 361471, "Plan Width": 4}, {"Node Type": "Materialize", "Parent Relationship": "Inner", "Startup Cost": 80000000000.0, "Total Cost": 8000153265311.8, "Plan Rows": 44, "Plan Width": 75, "Plans": [{"Node Type": "Nested Loop", "Parent Relationship": "Outer", "Join Type": "Inner", "Startup Cost": 80000000000.0, "Total Cost": 8000153265311.58, "Plan Rows": 44, "Plan Width": 75, "Inner Unique": true, "Join Filter": "(mk.keyword_id = k.id)", "Plans": [{"Node Type": "Nested Loop", "Parent Relationship": "Outer", "Join Type": "Inner", "Startup Cost": 70000000000.0, "Total Cost": 7000152970346.12, "Plan Rows": 44, "Plan Width": 79, "Inner Unique": false, "Join Filter": "(t.id = mk.movie_id)", "Plans": [{"Node Type": "Index Scan", "Parent Relationship": "Outer", "Scan Direction": "Forward", "Index Name": "movie_id_movie_keyword", "Relation Name": "movie_keyword", "Alias": "mk", "Startup Cost": 10000000000.0, "Total Cost": 1000015300634.17, "Plan Rows": 4523929, "Plan Width": 8}, {"Node Type": "Materialize", "Parent Relationship": "Inner", "Startup Cost": 60000000000.0, "Total Cost": 6000137262558.35, "Plan Rows": 6, "Plan Width": 71, "Plans": [{"Node Type": "Nested Loop", "Parent Relationship": "Outer", "Join Type": "Inner", "Startup Cost": 60000000000.0, "Total Cost": 6000137262558.32, "Plan Rows": 6, "Plan Width": 71, "Inner Unique": false, "Join Filter": "(mi.movie_id = t.id)", "Plans": [{"Node Type": "Index Scan", "Parent Relationship": "Outer", "Scan Direction": "Forward", "Index Name": "title_pkey", "Relation Name": "title", "Alias": "t", "Startup Cost": 10000000000.0, "Total Cost": 1000011644126.66, "Plan Rows": 1748840, "Plan Width": 21, "Filter": "(production_year > 1990), (LLVM Optimized)"}, {"Node Type": "Materialize", "Parent Relationship": "Inner", "Startup Cost": 50000000000.0, "Total Cost": 5000125513501.27, "Plan Rows": 4, "Plan Width": 50, "Plans": [{"Node Type": "Nested Loop", "Parent Relationship": "Outer", "Join Type": "Inner", "Startup Cost": 50000000000.0, "Total Cost": 5000125513501.25, "Plan Rows": 4, "Plan Width": 50, "Inner Unique": true, "Join Filter": "(mc.company_id = cn.id)", "Plans": [{"Node Type": "Nested Loop", "Parent Relationship": "Outer", "Join Type": "Inner", "Startup Cost": 40000000000.0, "Total Cost": 4000124452928.96, "Plan Rows": 8, "Plan Width": 54, "Inner Unique": true, "Join Filter": "(mc.company_type_id = ct.id)", "Plans": [{"Node Type": "Nested Loop", "Parent Relationship": "Outer", "Join Type": "Inner", "Startup Cost": 30000000000.0, "Total Cost": 3000124452099.04, "Plan Rows": 9, "Plan Width": 58, "Inner Unique": false, "Join Filter": "(mi.movie_id = mc.movie_id)", "Plans": [{"Node Type": "Nested Loop", "Parent Relationship": "Outer", "Join Type": "Inner", "Startup Cost": 20000000000.0, "Total Cost": 2000114970811.54, "Plan Rows": 4, "Plan Width": 46, "Inner Unique": true, "Join Filter": "(it1.id = mi.info_type_id)", "Plans": [{"Node Type": "Index Scan", "Parent Relationship": "Outer", "Scan Direction": "Forward", "Index Name": "movie_id_movie_info", "Relation Name": "movie_info", "Alias": "mi", "Startup Cost": 10000000000.0, "Total Cost": 1000114969386.72, "Plan Rows": 255, "Plan Width": 50, "Filter": "((info IS NOT NULL) AND ((note)::text ~~ '%internet%'::text) AND (((info)::text ~~ 'USA:% 199%'::text) OR ((info)::text ~~ 'USA:% 200%'::text)))"}, {"Node Type": "Materialize", "Parent Relationship": "Inner", "Startup Cost": 10000000000.0, "Total Cost": 1000000001421.0, "Plan Rows": 1, "Plan Width": 4, "Plans": [{"Node Type": "Index Scan", "Parent Relationship": "Outer", "Scan Direction": "Forward", "Index Name": "info_type_pkey", "Relation Name": "info_type", "Alias": "it1", "Startup Cost": 10000000000.0, "Total Cost": 1000000001421.0, "Plan Rows": 1, "Plan Width": 4, "Filter": "((info)::text = 'release dates'::text)"}]}]}, {"Node Type": "Materialize", "Parent Relationship": "Inner", "Startup Cost": 10000000000.0, "Total Cost": 1000009331262.64, "Plan Rows": 2609128, "Plan Width": 12, "Plans": [{"Node Type": "Index Scan", "Parent Relationship": "Outer", "Scan Direction": "Forward", "Index Name": "company_type_id_movie_companies", "Relation Name": "movie_companies", "Alias": "mc", "Startup Cost": 10000000000.0, "Total Cost": 1000009318217.0, "Plan Rows": 2609128, "Plan Width": 12}]}]}, {"Node Type": "Materialize", "Parent Relationship": "Inner", "Startup Cost": 10000000000.0, "Total Cost": 1000000000829.52, "Plan Rows": 3, "Plan Width": 4, "Plans": [{"Node Type": "Index Only Scan", "Parent Relationship": "Outer", "Scan Direction": "Forward", "Index Name": "company_type_pkey", "Relation Name": "company_type", "Alias": "ct", "Startup Cost": 10000000000.0, "Total Cost": 1000000000829.5, "Plan Rows": 3, "Plan Width": 4}]}]}, {"Node Type": "Materialize", "Parent Relationship": "Inner", "Startup Cost": 10000000000.0, "Total Cost": 1000001050564.82, "Plan Rows": 85170, "Plan Width": 4, "Plans": [{"Node Type": "Index Scan", "Parent Relationship": "Outer", "Scan Direction": "Forward", "Index Name": "company_name_pkey", "Relation Name": "company_name", "Alias": "cn", "Startup Cost": 10000000000.0, "Total Cost": 1000001050138.97, "Plan Rows": 85170, "Plan Width": 4, "Filter": "((country_code)::text = '[us]'::text)"}]}]}]}]}]}]}, {"Node Type": "Materialize", "Parent Relationship": "Inner", "Startup Cost": 10000000000.0, "Total Cost": 1000000206749.34, "Plan Rows": 134169, "Plan Width": 4, "Plans": [{"Node Type": "Index Only Scan", "Parent Relationship": "Outer", "Scan Direction": "Forward", "Index Name": "keyword_pkey", "Relation Name": "keyword", "Alias": "k", "Startup Cost": 10000000000.0, "Total Cost": 1000000206078.5, "Plan Rows": 134169, "Plan Width": 4}]}]}]}]}]}, "Unique SQL Id": 2846462052}, "explain_analyze_plan": null}, "(16, 60)": {"explain_plan": {"Plan": {"Node Type": "Aggregate", "Strategy": "Plain", "Startup Cost": 40614.96, "Total Cost": 40614.97, "Plan Rows": 1, "Plan Width": 123, "Plans": [{"Node Type": "Nested Loop", "Parent Relationship": "Outer", "Join Type": "Inner", "Startup Cost": 0.0, "Total Cost": 40614.3, "Plan Rows": 132, "Plan Width": 59, "Inner Unique": false, "Join Filter": "(t.id = at.movie_id)", "Plans": [{"Node Type": "Nested Loop", "Parent Relationship": "Outer", "Join Type": "Inner", "Startup Cost": 0.0, "Total Cost": 40598.73, "Plan Rows": 44, "Plan Width": 75, "Inner Unique": true, "Plans": [{"Node Type": "Nested Loop", "Parent Relationship": "Outer", "Join Type": "Inner", "Startup Cost": 0.0, "Total Cost": 40586.38, "Plan Rows": 44, "Plan Width": 79, "Inner Unique": false, "Join Filter": "(t.id = mk.movie_id)", "Plans": [{"Node Type": "Nested Loop", "Parent Relationship": "Outer", "Join Type": "Inner", "Startup Cost": 0.0, "Total Cost": 40583.01, "Plan Rows": 6, "Plan Width": 71, "Inner Unique": true, "Plans": [{"Node Type": "Nested Loop", "Parent Relationship": "Outer", "Join Type": "Inner", "Startup Cost": 0.0, "Total Cost": 40579.84, "Plan Rows": 11, "Plan Width": 75, "Inner Unique": true, "Join Filter": "(mc.company_type_id = ct.id)", "Plans": [{"Node Type": "Nested Loop", "Parent Relationship": "Outer", "Join Type": "Inner", "Startup Cost": 0.0, "Total Cost": 40578.27, "Plan Rows": 12, "Plan Width": 79, "Inner Unique": false, "Plans": [{"Node Type": "Nested Loop", "Parent Relationship": "Outer", "Join Type": "Inner", "Startup Cost": 0.0, "Total Cost": 40576.06, "Plan Rows": 6, "Plan Width": 67, "Inner Unique": true, "Plans": [{"Node Type": "Nested Loop", "Parent Relationship": "Outer", "Join Type": "Inner", "Startup Cost": 0.0, "Total Cost": 40543.12, "Plan Rows": 4, "Plan Width": 46, "Inner Unique": false, "Join Filter": "(it1.id = mi.info_type_id)", "Plans": [{"Node Type": "Seq Scan", "Parent Relationship": "Outer", "Relation Name": "info_type", "Alias": "it1", "Startup Cost": 0.0, "Total Cost": 2.4, "Plan Rows": 1, "Plan Width": 4, "Filter": "((info)::text = 'release dates'::text)"}, {"Node Type": "Materialize", "Parent Relationship": "Inner", "Startup Cost": 0.0, "Total Cost": 40538.17, "Plan Rows": 255, "Plan Width": 50, "Plans": [{"Node Type": "Streaming(type: LOCAL GATHER dop: 1/16)", "Parent Relationship": "Outer", "Startup Cost": 0.0, "Total Cost": 40537.53, "Plan Rows": 255, "Plan Width": 50, "Plans": [{"Node Type": "Seq Scan", "Parent Relationship": "Outer", "Relation Name": "movie_info", "Alias": "mi", "Startup Cost": 0.0, "Total Cost": 40532.03, "Plan Rows": 255, "Plan Width": 50, "Filter": "((info IS NOT NULL) AND ((note)::text ~~ '%internet%'::text) AND (((info)::text ~~ 'USA:% 199%'::text) OR ((info)::text ~~ 'USA:% 200%'::text)))"}]}]}]}, {"Node Type": "Index Scan", "Parent Relationship": "Inner", "Scan Direction": "Forward", "Index Name": "title_pkey", "Relation Name": "title", "Alias": "t", "Startup Cost": 0.0, "Total Cost": 8.23, "Plan Rows": 1, "Plan Width": 21, "Index Cond": "(id = mi.movie_id)", "Filter": "(production_year > 1990)"}]}, {"Node Type": "Index Scan", "Parent Relationship": "Inner", "Scan Direction": "Forward", "Index Name": "movie_id_movie_companies", "Relation Name": "movie_companies", "Alias": "mc", "Startup Cost": 0.0, "Total Cost": 0.35, "Plan Rows": 2, "Plan Width": 12, "Index Cond": "(movie_id = t.id)"}]}, {"Node Type": "Materialize", "Parent Relationship": "Inner", "Startup Cost": 0.0, "Total Cost": 1.04, "Plan Rows": 3, "Plan Width": 4, "Plans": [{"Node Type": "Seq Scan", "Parent Relationship": "Outer", "Relation Name": "company_type", "Alias": "ct", "Startup Cost": 0.0, "Total Cost": 1.03, "Plan Rows": 3, "Plan Width": 4}]}]}, {"Node Type": "Index Scan", "Parent Relationship": "Inner", "Scan Direction": "Forward", "Index Name": "company_name_pkey", "Relation Name": "company_name", "Alias": "cn", "Startup Cost": 0.0, "Total Cost": 0.28, "Plan Rows": 1, "Plan Width": 4, "Index Cond": "(id = mc.company_id)", "Filter": "((country_code)::text = '[us]'::text)"}]}, {"Node Type": "Index Scan", "Parent Relationship": "Inner", "Scan Direction": "Forward", "Index Name": "movie_id_movie_keyword", "Relation Name": "movie_keyword", "Alias": "mk", "Startup Cost": 0.0, "Total Cost": 0.46, "Plan Rows": 8, "Plan Width": 8, "Index Cond": "(movie_id = mc.movie_id)"}]}, {"Node Type": "Index Scan", "Parent Relationship": "Inner", "Scan Direction": "Forward", "Index Name": "keyword_pkey", "Relation Name": "keyword", "Alias": "k", "Startup Cost": 0.0, "Total Cost": 0.27, "Plan Rows": 1, "Plan Width": 4, "Index Cond": "(id = mk.keyword_id)"}]}, {"Node Type": "Index Scan", "Parent Relationship": "Inner", "Scan Direction": "Forward", "Index Name": "movie_id_aka_title", "Relation Name": "aka_title", "Alias": "at", "Startup Cost": 0.0, "Total Cost": 0.32, "Plan Rows": 3, "Plan Width": 4, "Index Cond": "(movie_id = mk.movie_id)"}]}]}, "Unique SQL Id": 2846462052}, "explain_analyze_plan": {"Plan": {"Node Type": "Aggregate", "Strategy": "Plain", "Startup Cost": 40614.96, "Total Cost": 40614.97, "Plan Rows": 1, "Plan Width": 123, "Actual Min Startup Time": 470.901, "Actual Max Startup Time": 470.901, "Actual Min Total Time": 470.901, "Actual Max Total Time": 470.901, "Actual Total Rows": 1, "Plans": [{"Node Type": "Nested Loop", "Parent Relationship": "Outer", "Join Type": "Inner", "Startup Cost": 0.0, "Total Cost": 40614.3, "Plan Rows": 132, "Plan Width": 59, "Actual Min Startup Time": 365.174, "Actual Max Startup Time": 365.174, "Actual Min Total Time": 470.039, "Actual Max Total Time": 470.039, "Actual Total Rows": 1140, "Inner Unique": false, "Join Filter": "(t.id = at.movie_id)", "Rows Removed by Join Filter": 0, "Plans": [{"Node Type": "Nested Loop", "Parent Relationship": "Outer", "Join Type": "Inner", "Startup Cost": 0.0, "Total Cost": 40598.73, "Plan Rows": 44, "Plan Width": 75, "Actual Min Startup Time": 363.726, "Actual Max Startup Time": 363.726, "Actual Min Total Time": 454.708, "Actual Max Total Time": 454.708, "Actual Total Rows": 4808, "Inner Unique": true, "Plans": [{"Node Type": "Nested Loop", "Parent Relationship": "Outer", "Join Type": "Inner", "Startup Cost": 0.0, "Total Cost": 40586.38, "Plan Rows": 44, "Plan Width": 79, "Actual Min Startup Time": 363.702, "Actual Max Startup Time": 363.702, "Actual Min Total Time": 431.177, "Actual Max Total Time": 431.177, "Actual Total Rows": 4808, "Inner Unique": false, "Join Filter": "(t.id = mk.movie_id)", "Rows Removed by Join Filter": 0, "Plans": [{"Node Type": "Nested Loop", "Parent Relationship": "Outer", "Join Type": "Inner", "Startup Cost": 0.0, "Total Cost": 40583.01, "Plan Rows": 6, "Plan Width": 71, "Actual Min Startup Time": 363.672, "Actual Max Startup Time": 363.672, "Actual Min Total Time": 416.165, "Actual Max Total Time": 416.165, "Actual Total Rows": 1488, "Inner Unique": true, "Plans": [{"Node Type": "Nested Loop", "Parent Relationship": "Outer", "Join Type": "Inner", "Startup Cost": 0.0, "Total Cost": 40579.84, "Plan Rows": 11, "Plan Width": 75, "Actual Min Startup Time": 363.643, "Actual Max Startup Time": 363.643, "Actual Min Total Time": 403.621, "Actual Max Total Time": 403.621, "Actual Total Rows": 1599, "Inner Unique": true, "Join Filter": "(mc.company_type_id = ct.id)", "Rows Removed by Join Filter": 3855, "Plans": [{"Node Type": "Nested Loop", "Parent Relationship": "Outer", "Join Type": "Inner", "Startup Cost": 0.0, "Total Cost": 40578.27, "Plan Rows": 12, "Plan Width": 79, "Actual Min Startup Time": 363.599, "Actual Max Startup Time": 363.599, "Actual Min Total Time": 400.898, "Actual Max Total Time": 400.898, "Actual Total Rows": 2884, "Inner Unique": false, "Plans": [{"Node Type": "Nested Loop", "Parent Relationship": "Outer", "Join Type": "Inner", "Startup Cost": 0.0, "Total Cost": 40576.06, "Plan Rows": 6, "Plan Width": 67, "Actual Min Startup Time": 363.573, "Actual Max Startup Time": 363.573, "Actual Min Total Time": 382.39, "Actual Max Total Time": 382.39, "Actual Total Rows": 1782, "Inner Unique": true, "Plans": [{"Node Type": "Nested Loop", "Parent Relationship": "Outer", "Join Type": "Inner", "Startup Cost": 0.0, "Total Cost": 40543.12, "Plan Rows": 4, "Plan Width": 46, "Actual Min Startup Time": 363.528, "Actual Max Startup Time": 363.528, "Actual Min Total Time": 364.872, "Actual Max Total Time": 364.872, "Actual Total Rows": 1783, "Inner Unique": false, "Join Filter": "(it1.id = mi.info_type_id)", "Rows Removed by Join Filter": 0, "Plans": [{"Node Type": "Seq Scan", "Parent Relationship": "Outer", "Relation Name": "info_type", "Alias": "it1", "Startup Cost": 0.0, "Total Cost": 2.4, "Plan Rows": 1, "Plan Width": 4, "Actual Min Startup Time": 0.07, "Actual Max Startup Time": 0.07, "Actual Min Total Time": 0.132, "Actual Max Total Time": 0.132, "Actual Total Rows": 1, "Filter": "((info)::text = 'release dates'::text)", "Rows Removed by Filter": 111}, {"Node Type": "Materialize", "Parent Relationship": "Inner", "Startup Cost": 0.0, "Total Cost": 40538.17, "Plan Rows": 255, "Plan Width": 50, "Actual Min Startup Time": 363.435, "Actual Max Startup Time": 363.435, "Actual Min Total Time": 363.81, "Actual Max Total Time": 363.81, "Actual Total Rows": 1784, "Plans": [{"Node Type": "Streaming(type: LOCAL GATHER dop: 1/16)", "Parent Relationship": "Outer", "Startup Cost": 0.0, "Total Cost": 40537.53, "Plan Rows": 255, "Plan Width": 50, "Actual Min Startup Time": 163.091, "Actual Max Startup Time": 163.091, "Actual Min Total Time": 363.017, "Actual Max Total Time": 363.017, "Actual Total Rows": 1783, "Plans": [{"Node Type": "Seq Scan", "Parent Relationship": "Outer", "Relation Name": "movie_info", "Alias": "mi", "Startup Cost": 0.0, "Total Cost": 40532.03, "Plan Rows": 255, "Plan Width": 50, "Actual Min Startup Time": 85.414, "Actual Max Startup Time": 93.033, "Actual Min Total Time": 303.553, "Actual Max Total Time": 327.965, "Actual Total Rows": 1783, "Filter": "((info IS NOT NULL) AND ((note)::text ~~ '%internet%'::text) AND (((info)::text ~~ 'USA:% 199%'::text) OR ((info)::text ~~ 'USA:% 200%'::text)))", "Rows Removed by Filter": 14833936}]}]}]}, {"Node Type": "Index Scan", "Parent Relationship": "Inner", "Scan Direction": "Forward", "Index Name": "title_pkey", "Relation Name": "title", "Alias": "t", "Startup Cost": 0.0, "Total Cost": 8.23, "Plan Rows": 1, "Plan Width": 21, "Actual Min Startup Time": 15.883, "Actual Max Startup Time": 15.883, "Actual Min Total Time": 15.883, "Actual Max Total Time": 15.883, "Actual Total Rows": 1782, "Index Cond": "(id = mi.movie_id)", "Rows Removed by Index Recheck": 0, "Filter": "(production_year > 1990)", "Rows Removed by Filter": 1}]}, {"Node Type": "Index Scan", "Parent Relationship": "Inner", "Scan Direction": "Forward", "Index Name": "movie_id_movie_companies", "Relation Name": "movie_companies", "Alias": "mc", "Startup Cost": 0.0, "Total Cost": 0.35, "Plan Rows": 2, "Plan Width": 12, "Actual Min Startup Time": 13.512, "Actual Max Startup Time": 13.512, "Actual Min Total Time": 16.791, "Actual Max Total Time": 16.791, "Actual Total Rows": 2884, "Index Cond": "(movie_id = t.id)", "Rows Removed by Index Recheck": 0}]}, {"Node Type": "Materialize", "Parent Relationship": "Inner", "Startup Cost": 0.0, "Total Cost": 1.04, "Plan Rows": 3, "Plan Width": 4, "Actual Min Startup Time": 0.362, "Actual Max Startup Time": 0.362, "Actual Min Total Time": 0.686, "Actual Max Total Time": 0.686, "Actual Total Rows": 5454, "Plans": [{"Node Type": "Seq Scan", "Parent Relationship": "Outer", "Relation Name": "company_type", "Alias": "ct", "Startup Cost": 0.0, "Total Cost": 1.03, "Plan Rows": 3, "Plan Width": 4, "Actual Min Startup Time": 0.009, "Actual Max Startup Time": 0.009, "Actual Min Total Time": 0.011, "Actual Max Total Time": 0.011, "Actual Total Rows": 3}]}]}, {"Node Type": "Index Scan", "Parent Relationship": "Inner", "Scan Direction": "Forward", "Index Name": "company_name_pkey", "Relation Name": "company_name", "Alias": "cn", "Startup Cost": 0.0, "Total Cost": 0.28, "Plan Rows": 1, "Plan Width": 4, "Actual Min Startup Time": 10.923, "Actual Max Startup Time": 10.923, "Actual Min Total Time": 10.923, "Actual Max Total Time": 10.923, "Actual Total Rows": 1488, "Index Cond": "(id = mc.company_id)", "Rows Removed by Index Recheck": 0, "Filter": "((country_code)::text = '[us]'::text)", "Rows Removed by Filter": 111}]}, {"Node Type": "Index Scan", "Parent Relationship": "Inner", "Scan Direction": "Forward", "Index Name": "movie_id_movie_keyword", "Relation Name": "movie_keyword", "Alias": "mk", "Startup Cost": 0.0, "Total Cost": 0.46, "Plan Rows": 8, "Plan Width": 8, "Actual Min Startup Time": 9.883, "Actual Max Startup Time": 9.883, "Actual Min Total Time": 12.129, "Actual Max Total Time": 12.129, "Actual Total Rows": 4808, "Index Cond": "(movie_id = mc.movie_id)", "Rows Removed by Index Recheck": 0}]}, {"Node Type": "Index Scan", "Parent Relationship": "Inner", "Scan Direction": "Forward", "Index Name": "keyword_pkey", "Relation Name": "keyword", "Alias": "k", "Startup Cost": 0.0, "Total Cost": 0.27, "Plan Rows": 1, "Plan Width": 4, "Actual Min Startup Time": 19.528, "Actual Max Startup Time": 19.528, "Actual Min Total Time": 19.528, "Actual Max Total Time": 19.528, "Actual Total Rows": 4808, "Index Cond": "(id = mk.keyword_id)", "Rows Removed by Index Recheck": 0}]}, {"Node Type": "Index Scan", "Parent Relationship": "Inner", "Scan Direction": "Forward", "Index Name": "movie_id_aka_title", "Relation Name": "aka_title", "Alias": "at", "Startup Cost": 0.0, "Total Cost": 0.32, "Plan Rows": 3, "Plan Width": 4, "Actual Min Startup Time": 11.896, "Actual Max Startup Time": 11.896, "Actual Min Total Time": 12.433, "Actual Max Total Time": 12.433, "Actual Total Rows": 1140, "Index Cond": "(movie_id = mk.movie_id)", "Rows Removed by Index Recheck": 0}]}]}, "Triggers": [], "Planner Runtime": 43.927, "Total Runtime": 474.633, "Unique SQL Id": 2846462052}}, "(16, 61)": {"explain_plan": {"Plan": {"Node Type": "Aggregate", "Strategy": "Plain", "Startup Cost": 496833.26, "Total Cost": 496833.27, "Plan Rows": 1, "Plan Width": 123, "Plans": [{"Node Type": "Nested Loop", "Parent Relationship": "Outer", "Join Type": "Inner", "Startup Cost": 0.0, "Total Cost": 496832.6, "Plan Rows": 132, "Plan Width": 59, "Inner Unique": false, "Join Filter": "(t.id = at.movie_id)", "Plans": [{"Node Type": "Nested Loop", "Parent Relationship": "Outer", "Join Type": "Inner", "Startup Cost": 0.0, "Total Cost": 496817.03, "Plan Rows": 44, "Plan Width": 75, "Inner Unique": true, "Plans": [{"Node Type": "Nested Loop", "Parent Relationship": "Outer", "Join Type": "Inner", "Startup Cost": 0.0, "Total Cost": 496804.68, "Plan Rows": 44, "Plan Width": 79, "Inner Unique": false, "Join Filter": "(t.id = mk.movie_id)", "Plans": [{"Node Type": "Nested Loop", "Parent Relationship": "Outer", "Join Type": "Inner", "Startup Cost": 0.0, "Total Cost": 496801.31, "Plan Rows": 6, "Plan Width": 71, "Inner Unique": true, "Plans": [{"Node Type": "Nested Loop", "Parent Relationship": "Outer", "Join Type": "Inner", "Startup Cost": 0.0, "Total Cost": 496798.51, "Plan Rows": 10, "Plan Width": 75, "Inner Unique": true, "Plans": [{"Node Type": "Nested Loop", "Parent Relationship": "Outer", "Join Type": "Inner", "Startup Cost": 0.0, "Total Cost": 496795.05, "Plan Rows": 12, "Plan Width": 79, "Inner Unique": false, "Plans": [{"Node Type": "Nested Loop", "Parent Relationship": "Outer", "Join Type": "Inner", "Startup Cost": 0.0, "Total Cost": 496792.85, "Plan Rows": 6, "Plan Width": 67, "Inner Unique": true, "Plans": [{"Node Type": "Nested Loop", "Parent Relationship": "Outer", "Join Type": "Inner", "Startup Cost": 0.0, "Total Cost": 496759.91, "Plan Rows": 4, "Plan Width": 46, "Inner Unique": false, "Plans": [{"Node Type": "Index Scan", "Parent Relationship": "Outer", "Scan Direction": "Forward", "Index Name": "info_type_pkey", "Relation Name": "info_type", "Alias": "it1", "Startup Cost": 0.0, "Total Cost": 14.21, "Plan Rows": 1, "Plan Width": 4, "Filter": "((info)::text = 'release dates'::text)"}, {"Node Type": "Index Scan", "Parent Relationship": "Inner", "Scan Direction": "Forward", "Index Name": "info_type_id_movie_info", "Relation Name": "movie_info", "Alias": "mi", "Startup Cost": 0.0, "Total Cost": 496745.66, "Plan Rows": 4, "Plan Width": 50, "Index Cond": "(info_type_id = it1.id)", "Filter": "((info IS NOT NULL) AND ((note)::text ~~ '%internet%'::text) AND (((info)::text ~~ 'USA:% 199%'::text) OR ((info)::text ~~ 'USA:% 200%'::text)))"}]}, {"Node Type": "Index Scan", "Parent Relationship": "Inner", "Scan Direction": "Forward", "Index Name": "title_pkey", "Relation Name": "title", "Alias": "t", "Startup Cost": 0.0, "Total Cost": 8.23, "Plan Rows": 1, "Plan Width": 21, "Index Cond": "(id = mi.movie_id)", "Filter": "(production_year > 1990)"}]}, {"Node Type": "Index Scan", "Parent Relationship": "Inner", "Scan Direction": "Forward", "Index Name": "movie_id_movie_companies", "Relation Name": "movie_companies", "Alias": "mc", "Startup Cost": 0.0, "Total Cost": 0.35, "Plan Rows": 2, "Plan Width": 12, "Index Cond": "(movie_id = t.id)"}]}, {"Node Type": "Index Scan", "Parent Relationship": "Inner", "Scan Direction": "Forward", "Index Name": "company_name_pkey", "Relation Name": "company_name", "Alias": "cn", "Startup Cost": 0.0, "Total Cost": 0.28, "Plan Rows": 1, "Plan Width": 4, "Index Cond": "(id = mc.company_id)", "Filter": "((country_code)::text = '[us]'::text)"}]}, {"Node Type": "Index Scan", "Parent Relationship": "Inner", "Scan Direction": "Forward", "Index Name": "company_type_pkey", "Relation Name": "company_type", "Alias": "ct", "Startup Cost": 0.0, "Total Cost": 0.27, "Plan Rows": 1, "Plan Width": 4, "Index Cond": "(id = mc.company_type_id)"}]}, {"Node Type": "Index Scan", "Parent Relationship": "Inner", "Scan Direction": "Forward", "Index Name": "movie_id_movie_keyword", "Relation Name": "movie_keyword", "Alias": "mk", "Startup Cost": 0.0, "Total Cost": 0.46, "Plan Rows": 8, "Plan Width": 8, "Index Cond": "(movie_id = mc.movie_id)"}]}, {"Node Type": "Index Scan", "Parent Relationship": "Inner", "Scan Direction": "Forward", "Index Name": "keyword_pkey", "Relation Name": "keyword", "Alias": "k", "Startup Cost": 0.0, "Total Cost": 0.27, "Plan Rows": 1, "Plan Width": 4, "Index Cond": "(id = mk.keyword_id)"}]}, {"Node Type": "Index Scan", "Parent Relationship": "Inner", "Scan Direction": "Forward", "Index Name": "movie_id_aka_title", "Relation Name": "aka_title", "Alias": "at", "Startup Cost": 0.0, "Total Cost": 0.32, "Plan Rows": 3, "Plan Width": 4, "Index Cond": "(movie_id = mk.movie_id)"}]}]}, "Unique SQL Id": 2846462052}, "explain_analyze_plan": null}, "(16, 62)": {"explain_plan": {"Plan": {"Node Type": "Aggregate", "Strategy": "Plain", "Startup Cost": 291489.31, "Total Cost": 291489.34, "Plan Rows": 1, "Plan Width": 123, "Plans": [{"Node Type": "Streaming(type: LOCAL GATHER dop: 1/16)", "Parent Relationship": "Outer", "Startup Cost": 291489.31, "Total Cost": 291489.34, "Plan Rows": 1, "Plan Width": 123, "Plans": [{"Node Type": "Aggregate", "Strategy": "Plain", "Parent Relationship": "Outer", "Startup Cost": 291489.31, "Total Cost": 291489.32, "Plan Rows": 1, "Plan Width": 123, "Plans": [{"Node Type": "Nested Loop", "Parent Relationship": "Outer", "Join Type": "Inner", "Startup Cost": 0.0, "Total Cost": 291488.65, "Plan Rows": 132, "Plan Width": 59, "Inner Unique": false, "Join Filter": "(mk.keyword_id = k.id)", "Plans": [{"Node Type": "Streaming(type: LOCAL REDISTRIBUTE dop: 16/1)", "Parent Relationship": "Outer", "Startup Cost": 0.0, "Total Cost": 22679.71, "Plan Rows": 134169, "Plan Width": 4, "Plans": [{"Node Type": "Seq Scan", "Parent Relationship": "Outer", "Relation Name": "keyword", "Alias": "k", "Startup Cost": 0.0, "Total Cost": 2100.69, "Plan Rows": 134169, "Plan Width": 4}]}, {"Node Type": "Materialize", "Parent Relationship": "Inner", "Startup Cost": 0.0, "Total Cost": 267755.52, "Plan Rows": 134, "Plan Width": 63, "Plans": [{"Node Type": "Streaming(type: LOCAL REDISTRIBUTE dop: 16/16)", "Parent Relationship": "Outer", "Startup Cost": 0.0, "Total Cost": 267755.48, "Plan Rows": 134, "Plan Width": 63, "Plans": [{"Node Type": "Nested Loop", "Parent Relationship": "Outer", "Join Type": "Inner", "Startup Cost": 0.0, "Total Cost": 252754.98, "Plan Rows": 134, "Plan Width": 63, "Inner Unique": false, "Join Filter": "(t.id = mk.movie_id)", "Plans": [{"Node Type": "Streaming(type: LOCAL REDISTRIBUTE dop: 16/16)", "Parent Relationship": "Outer", "Startup Cost": 0.0, "Total Cost": 51044.03, "Plan Rows": 4523929, "Plan Width": 8, "Plans": [{"Node Type": "Seq Scan", "Parent Relationship": "Outer", "Relation Name": "movie_keyword", "Alias": "mk", "Startup Cost": 0.0, "Total Cost": 18902.58, "Plan Rows": 4523929, "Plan Width": 8}]}, {"Node Type": "Materialize", "Parent Relationship": "Inner", "Startup Cost": 0.0, "Total Cost": 197204.69, "Plan Rows": 17, "Plan Width": 75, "Plans": [{"Node Type": "Streaming(type: LOCAL REDISTRIBUTE dop: 16/1)", "Parent Relationship": "Outer", "Startup Cost": 0.0, "Total Cost": 197204.68, "Plan Rows": 17, "Plan Width": 75, "Plans": [{"Node Type": "Nested Loop", "Parent Relationship": "Outer", "Join Type": "Inner", "Startup Cost": 0.0, "Total Cost": 182203.98, "Plan Rows": 17, "Plan Width": 75, "Inner Unique": false, "Join Filter": "(t.id = at.movie_id)", "Plans": [{"Node Type": "Seq Scan", "Parent Relationship": "Outer", "Relation Name": "aka_title", "Alias": "at", "Startup Cost": 0.0, "Total Cost": 9894.71, "Plan Rows": 361471, "Plan Width": 4}, {"Node Type": "Materialize", "Parent Relationship": "Inner", "Startup Cost": 0.0, "Total Cost": 139776.89, "Plan Rows": 6, "Plan Width": 71, "Plans": [{"Node Type": "Streaming(type: LOCAL GATHER dop: 1/16)", "Parent Relationship": "Outer", "Startup Cost": 0.0, "Total Cost": 139776.86, "Plan Rows": 6, "Plan Width": 71, "Plans": [{"Node Type": "Nested Loop", "Parent Relationship": "Outer", "Join Type": "Inner", "Startup Cost": 0.0, "Total Cost": 139776.73, "Plan Rows": 6, "Plan Width": 71, "Inner Unique": false, "Join Filter": "(mi.movie_id = t.id)", "Plans": [{"Node Type": "Seq Scan", "Parent Relationship": "Outer", "Relation Name": "title", "Alias": "t", "Startup Cost": 0.0, "Total Cost": 19149.37, "Plan Rows": 1748840, "Plan Width": 21, "Filter": "(production_year > 1990), (LLVM Optimized)"}, {"Node Type": "Materialize", "Parent Relationship": "Inner", "Startup Cost": 0.0, "Total Cost": 114069.23, "Plan Rows": 64, "Plan Width": 50, "Plans": [{"Node Type": "Streaming(type: BROADCAST dop: 16/1)", "Parent Relationship": "Outer", "Startup Cost": 0.0, "Total Cost": 114069.21, "Plan Rows": 64, "Plan Width": 50, "Plans": [{"Node Type": "Nested Loop", "Parent Relationship": "Outer", "Join Type": "Inner", "Startup Cost": 0.0, "Total Cost": 99067.82, "Plan Rows": 4, "Plan Width": 50, "Inner Unique": false, "Join Filter": "(mc.company_id = cn.id)", "Plans": [{"Node Type": "Seq Scan", "Parent Relationship": "Outer", "Relation Name": "company_name", "Alias": "cn", "Startup Cost": 0.0, "Total Cost": 5903.45, "Plan Rows": 85170, "Plan Width": 4, "Filter": "((country_code)::text = '[us]'::text)"}, {"Node Type": "Materialize", "Parent Relationship": "Inner", "Startup Cost": 0.0, "Total Cost": 82943.99, "Plan Rows": 8, "Plan Width": 54, "Plans": [{"Node Type": "Nested Loop", "Parent Relationship": "Outer", "Join Type": "Inner", "Startup Cost": 0.0, "Total Cost": 82943.95, "Plan Rows": 8, "Plan Width": 54, "Inner Unique": true, "Join Filter": "(mc.company_type_id = ct.id)", "Plans": [{"Node Type": "Streaming(type: LOCAL GATHER dop: 1/16)", "Parent Relationship": "Outer", "Startup Cost": 0.0, "Total Cost": 82942.51, "Plan Rows": 9, "Plan Width": 58, "Plans": [{"Node Type": "Nested Loop", "Parent Relationship": "Outer", "Join Type": "Inner", "Startup Cost": 0.0, "Total Cost": 82942.32, "Plan Rows": 9, "Plan Width": 58, "Inner Unique": false, "Join Filter": "(mi.movie_id = mc.movie_id)", "Plans": [{"Node Type": "Seq Scan", "Parent Relationship": "Outer", "Relation Name": "movie_companies", "Alias": "mc", "Startup Cost": 0.0, "Total Cost": 17613.58, "Plan Rows": 2609128, "Plan Width": 12}, {"Node Type": "Materialize", "Parent Relationship": "Inner", "Startup Cost": 0.0, "Total Cost": 55544.52, "Plan Rows": 64, "Plan Width": 46, "Plans": [{"Node Type": "Streaming(type: BROADCAST dop: 16/1)", "Parent Relationship": "Outer", "Startup Cost": 0.0, "Total Cost": 55544.5, "Plan Rows": 64, "Plan Width": 46, "Plans": [{"Node Type": "Nested Loop", "Parent Relationship": "Outer", "Join Type": "Inner", "Startup Cost": 0.0, "Total Cost": 40543.12, "Plan Rows": 4, "Plan Width": 46, "Inner Unique": false, "Join Filter": "(it1.id = mi.info_type_id)", "Plans": [{"Node Type": "Seq Scan", "Parent Relationship": "Outer", "Relation Name": "info_type", "Alias": "it1", "Startup Cost": 0.0, "Total Cost": 2.4, "Plan Rows": 1, "Plan Width": 4, "Filter": "((info)::text = 'release dates'::text)"}, {"Node Type": "Materialize", "Parent Relationship": "Inner", "Startup Cost": 0.0, "Total Cost": 40538.17, "Plan Rows": 255, "Plan Width": 50, "Plans": [{"Node Type": "Streaming(type: LOCAL GATHER dop: 1/16)", "Parent Relationship": "Outer", "Startup Cost": 0.0, "Total Cost": 40537.53, "Plan Rows": 255, "Plan Width": 50, "Plans": [{"Node Type": "Seq Scan", "Parent Relationship": "Outer", "Relation Name": "movie_info", "Alias": "mi", "Startup Cost": 0.0, "Total Cost": 40532.03, "Plan Rows": 255, "Plan Width": 50, "Filter": "((info IS NOT NULL) AND ((note)::text ~~ '%internet%'::text) AND (((info)::text ~~ 'USA:% 199%'::text) OR ((info)::text ~~ 'USA:% 200%'::text)))"}]}]}]}]}]}]}]}, {"Node Type": "Materialize", "Parent Relationship": "Inner", "Startup Cost": 0.0, "Total Cost": 1.04, "Plan Rows": 3, "Plan Width": 4, "Plans": [{"Node Type": "Seq Scan", "Parent Relationship": "Outer", "Relation Name": "company_type", "Alias": "ct", "Startup Cost": 0.0, "Total Cost": 1.03, "Plan Rows": 3, "Plan Width": 4}]}]}]}]}]}]}]}]}]}]}]}]}]}]}]}]}]}]}]}, "Unique SQL Id": 2846462052}, "explain_analyze_plan": null}, "(16, 63)": {"explain_plan": {"Plan": {"Node Type": "Aggregate", "Strategy": "Plain", "Startup Cost": 9000155572935.28, "Total Cost": 9000155572935.29, "Plan Rows": 1, "Plan Width": 123, "Plans": [{"Node Type": "Nested Loop", "Parent Relationship": "Outer", "Join Type": "Inner", "Startup Cost": 90000000000.0, "Total Cost": 9000155572934.62, "Plan Rows": 132, "Plan Width": 59, "Inner Unique": false, "Join Filter": "(t.id = at.movie_id)", "Plans": [{"Node Type": "Index Scan", "Parent Relationship": "Outer", "Scan Direction": "Forward", "Index Name": "movie_id_aka_title", "Relation Name": "aka_title", "Alias": "at", "Startup Cost": 10000000000.0, "Total Cost": 1000001990001.13, "Plan Rows": 361471, "Plan Width": 4}, {"Node Type": "Materialize", "Parent Relationship": "Inner", "Startup Cost": 80000000000.0, "Total Cost": 8000153344362.73, "Plan Rows": 44, "Plan Width": 75, "Plans": [{"Node Type": "Nested Loop", "Parent Relationship": "Outer", "Join Type": "Inner", "Startup Cost": 80000000000.0, "Total Cost": 8000153344362.51, "Plan Rows": 44, "Plan Width": 75, "Inner Unique": true, "Join Filter": "(mk.keyword_id = k.id)", "Plans": [{"Node Type": "Nested Loop", "Parent Relationship": "Outer", "Join Type": "Inner", "Startup Cost": 70000000000.0, "Total Cost": 7000152970746.12, "Plan Rows": 44, "Plan Width": 79, "Inner Unique": false, "Join Filter": "(t.id = mk.movie_id)", "Plans": [{"Node Type": "Index Scan", "Parent Relationship": "Outer", "Scan Direction": "Forward", "Index Name": "movie_id_movie_keyword", "Relation Name": "movie_keyword", "Alias": "mk", "Startup Cost": 10000000000.0, "Total Cost": 1000015300634.17, "Plan Rows": 4523929, "Plan Width": 8}, {"Node Type": "Materialize", "Parent Relationship": "Inner", "Startup Cost": 60000000000.0, "Total Cost": 6000137262958.35, "Plan Rows": 6, "Plan Width": 71, "Plans": [{"Node Type": "Nested Loop", "Parent Relationship": "Outer", "Join Type": "Inner", "Startup Cost": 60000000000.0, "Total Cost": 6000137262958.32, "Plan Rows": 6, "Plan Width": 71, "Inner Unique": false, "Join Filter": "(mi.movie_id = t.id)", "Plans": [{"Node Type": "Index Scan", "Parent Relationship": "Outer", "Scan Direction": "Forward", "Index Name": "title_pkey", "Relation Name": "title", "Alias": "t", "Startup Cost": 10000000000.0, "Total Cost": 1000011644126.66, "Plan Rows": 1748840, "Plan Width": 21, "Filter": "(production_year > 1990), (LLVM Optimized)"}, {"Node Type": "Materialize", "Parent Relationship": "Inner", "Startup Cost": 50000000000.0, "Total Cost": 5000125513901.27, "Plan Rows": 4, "Plan Width": 50, "Plans": [{"Node Type": "Nested Loop", "Parent Relationship": "Outer", "Join Type": "Inner", "Startup Cost": 50000000000.0, "Total Cost": 5000125513901.25, "Plan Rows": 4, "Plan Width": 50, "Inner Unique": true, "Join Filter": "(mc.company_id = cn.id)", "Plans": [{"Node Type": "Nested Loop", "Parent Relationship": "Outer", "Join Type": "Inner", "Startup Cost": 40000000000.0, "Total Cost": 4000124453328.96, "Plan Rows": 8, "Plan Width": 54, "Inner Unique": true, "Join Filter": "(mc.company_type_id = ct.id)", "Plans": [{"Node Type": "Nested Loop", "Parent Relationship": "Outer", "Join Type": "Inner", "Startup Cost": 30000000000.0, "Total Cost": 3000124452099.04, "Plan Rows": 9, "Plan Width": 58, "Inner Unique": false, "Join Filter": "(mi.movie_id = mc.movie_id)", "Plans": [{"Node Type": "Nested Loop", "Parent Relationship": "Outer", "Join Type": "Inner", "Startup Cost": 20000000000.0, "Total Cost": 2000114970811.54, "Plan Rows": 4, "Plan Width": 46, "Inner Unique": true, "Join Filter": "(it1.id = mi.info_type_id)", "Plans": [{"Node Type": "Index Scan", "Parent Relationship": "Outer", "Scan Direction": "Forward", "Index Name": "movie_id_movie_info", "Relation Name": "movie_info", "Alias": "mi", "Startup Cost": 10000000000.0, "Total Cost": 1000114969386.72, "Plan Rows": 255, "Plan Width": 50, "Filter": "((info IS NOT NULL) AND ((note)::text ~~ '%internet%'::text) AND (((info)::text ~~ 'USA:% 199%'::text) OR ((info)::text ~~ 'USA:% 200%'::text)))"}, {"Node Type": "Materialize", "Parent Relationship": "Inner", "Startup Cost": 10000000000.0, "Total Cost": 1000000001421.0, "Plan Rows": 1, "Plan Width": 4, "Plans": [{"Node Type": "Index Scan", "Parent Relationship": "Outer", "Scan Direction": "Forward", "Index Name": "info_type_pkey", "Relation Name": "info_type", "Alias": "it1", "Startup Cost": 10000000000.0, "Total Cost": 1000000001421.0, "Plan Rows": 1, "Plan Width": 4, "Filter": "((info)::text = 'release dates'::text)"}]}]}, {"Node Type": "Materialize", "Parent Relationship": "Inner", "Startup Cost": 10000000000.0, "Total Cost": 1000009331262.64, "Plan Rows": 2609128, "Plan Width": 12, "Plans": [{"Node Type": "Index Scan", "Parent Relationship": "Outer", "Scan Direction": "Forward", "Index Name": "company_type_id_movie_companies", "Relation Name": "movie_companies", "Alias": "mc", "Startup Cost": 10000000000.0, "Total Cost": 1000009318217.0, "Plan Rows": 2609128, "Plan Width": 12}]}]}, {"Node Type": "Materialize", "Parent Relationship": "Inner", "Startup Cost": 10000000000.0, "Total Cost": 1000000001229.52, "Plan Rows": 3, "Plan Width": 4, "Plans": [{"Node Type": "Index Scan", "Parent Relationship": "Outer", "Scan Direction": "Forward", "Index Name": "company_type_pkey", "Relation Name": "company_type", "Alias": "ct", "Startup Cost": 10000000000.0, "Total Cost": 1000000001229.5, "Plan Rows": 3, "Plan Width": 4}]}]}, {"Node Type": "Materialize", "Parent Relationship": "Inner", "Startup Cost": 10000000000.0, "Total Cost": 1000001050564.82, "Plan Rows": 85170, "Plan Width": 4, "Plans": [{"Node Type": "Index Scan", "Parent Relationship": "Outer", "Scan Direction": "Forward", "Index Name": "company_name_pkey", "Relation Name": "company_name", "Alias": "cn", "Startup Cost": 10000000000.0, "Total Cost": 1000001050138.97, "Plan Rows": 85170, "Plan Width": 4, "Filter": "((country_code)::text = '[us]'::text)"}]}]}]}]}]}]}, {"Node Type": "Materialize", "Parent Relationship": "Inner", "Startup Cost": 10000000000.0, "Total Cost": 1000000285400.28, "Plan Rows": 134169, "Plan Width": 4, "Plans": [{"Node Type": "Index Scan", "Parent Relationship": "Outer", "Scan Direction": "Forward", "Index Name": "keyword_pkey", "Relation Name": "keyword", "Alias": "k", "Startup Cost": 10000000000.0, "Total Cost": 1000000284729.43, "Plan Rows": 134169, "Plan Width": 4}]}]}]}]}]}, "Unique SQL Id": 2846462052}, "explain_analyze_plan": null}, "(16, 64)": {"explain_plan": {"Plan": {"Node Type": "Aggregate", "Strategy": "Plain", "Startup Cost": 40703.39, "Total Cost": 40703.4, "Plan Rows": 1, "Plan Width": 123, "Plans": [{"Node Type": "Nested Loop", "Parent Relationship": "Outer", "Join Type": "Inner", "Startup Cost": 0.0, "Total Cost": 40702.72, "Plan Rows": 134, "Plan Width": 59, "Inner Unique": true, "Plans": [{"Node Type": "Nested Loop", "Parent Relationship": "Outer", "Join Type": "Inner", "Startup Cost": 0.0, "Total Cost": 40665.2, "Plan Rows": 134, "Plan Width": 63, "Inner Unique": false, "Join Filter": "(t.id = mk.movie_id)", "Plans": [{"Node Type": "Nested Loop", "Parent Relationship": "Outer", "Join Type": "Inner", "Startup Cost": 0.0, "Total Cost": 40655.63, "Plan Rows": 17, "Plan Width": 75, "Inner Unique": true, "Join Filter": "(at.movie_id = t.id)", "Plans": [{"Node Type": "Nested Loop", "Parent Relationship": "Outer", "Join Type": "Inner", "Startup Cost": 0.0, "Total Cost": 40651.4, "Plan Rows": 12, "Plan Width": 54, "Inner Unique": true, "Plans": [{"Node Type": "Nested Loop", "Parent Relationship": "Outer", "Join Type": "Inner", "Startup Cost": 0.0, "Total Cost": 40648.04, "Plan Rows": 12, "Plan Width": 58, "Inner Unique": true, "Plans": [{"Node Type": "Nested Loop", "Parent Relationship": "Outer", "Join Type": "Inner", "Startup Cost": 0.0, "Total Cost": 40642.29, "Plan Rows": 20, "Plan Width": 62, "Inner Unique": false, "Plans": [{"Node Type": "Nested Loop", "Parent Relationship": "Outer", "Join Type": "Inner", "Startup Cost": 0.0, "Total Cost": 40636.98, "Plan Rows": 9, "Plan Width": 50, "Inner Unique": false, "Plans": [{"Node Type": "Nested Loop", "Parent Relationship": "Outer", "Join Type": "Inner", "Startup Cost": 0.0, "Total Cost": 40621.57, "Plan Rows": 4, "Plan Width": 46, "Inner Unique": true, "Plans": [{"Node Type": "Streaming(type: LOCAL GATHER dop: 1/16)", "Parent Relationship": "Outer", "Startup Cost": 0.0, "Total Cost": 40537.53, "Plan Rows": 255, "Plan Width": 50, "Plans": [{"Node Type": "Seq Scan", "Parent Relationship": "Outer", "Relation Name": "movie_info", "Alias": "mi", "Startup Cost": 0.0, "Total Cost": 40532.03, "Plan Rows": 255, "Plan Width": 50, "Filter": "((info IS NOT NULL) AND ((note)::text ~~ '%internet%'::text) AND (((info)::text ~~ 'USA:% 199%'::text) OR ((info)::text ~~ 'USA:% 200%'::text)))"}]}, {"Node Type": "Index Scan", "Parent Relationship": "Inner", "Scan Direction": "Forward", "Index Name": "info_type_pkey", "Relation Name": "info_type", "Alias": "it1", "Startup Cost": 0.0, "Total Cost": 0.32, "Plan Rows": 1, "Plan Width": 4, "Index Cond": "(id = mi.info_type_id)", "Filter": "((info)::text = 'release dates'::text)"}]}, {"Node Type": "Index Only Scan", "Parent Relationship": "Inner", "Scan Direction": "Forward", "Index Name": "movie_id_aka_title", "Relation Name": "aka_title", "Alias": "at", "Startup Cost": 0.0, "Total Cost": 3.82, "Plan Rows": 3, "Plan Width": 4, "Index Cond": "(movie_id = mi.movie_id)"}]}, {"Node Type": "Index Scan", "Parent Relationship": "Inner", "Scan Direction": "Forward", "Index Name": "movie_id_movie_companies", "Relation Name": "movie_companies", "Alias": "mc", "Startup Cost": 0.0, "Total Cost": 0.57, "Plan Rows": 2, "Plan Width": 12, "Index Cond": "(movie_id = at.movie_id)"}]}, {"Node Type": "Index Scan", "Parent Relationship": "Inner", "Scan Direction": "Forward", "Index Name": "company_name_pkey", "Relation Name": "company_name", "Alias": "cn", "Startup Cost": 0.0, "Total Cost": 0.28, "Plan Rows": 1, "Plan Width": 4, "Index Cond": "(id = mc.company_id)", "Filter": "((country_code)::text = '[us]'::text)"}]}, {"Node Type": "Index Only Scan", "Parent Relationship": "Inner", "Scan Direction": "Forward", "Index Name": "company_type_pkey", "Relation Name": "company_type", "Alias": "ct", "Startup Cost": 0.0, "Total Cost": 0.27, "Plan Rows": 1, "Plan Width": 4, "Index Cond": "(id = mc.company_type_id)"}]}, {"Node Type": "Index Scan", "Parent Relationship": "Inner", "Scan Direction": "Forward", "Index Name": "title_pkey", "Relation Name": "title", "Alias": "t", "Startup Cost": 0.0, "Total Cost": 0.34, "Plan Rows": 1, "Plan Width": 21, "Index Cond": "(id = mc.movie_id)", "Filter": "(production_year > 1990)"}]}, {"Node Type": "Index Scan", "Parent Relationship": "Inner", "Scan Direction": "Forward", "Index Name": "movie_id_movie_keyword", "Relation Name": "movie_keyword", "Alias": "mk", "Startup Cost": 0.0, "Total Cost": 0.46, "Plan Rows": 8, "Plan Width": 8, "Index Cond": "(movie_id = mc.movie_id)"}]}, {"Node Type": "Index Only Scan", "Parent Relationship": "Inner", "Scan Direction": "Forward", "Index Name": "keyword_pkey", "Relation Name": "keyword", "Alias": "k", "Startup Cost": 0.0, "Total Cost": 0.27, "Plan Rows": 1, "Plan Width": 4, "Index Cond": "(id = mk.keyword_id)"}]}]}, "Unique SQL Id": 2846462052}, "explain_analyze_plan": {"Plan": {"Node Type": "Aggregate", "Strategy": "Plain", "Startup Cost": 40703.39, "Total Cost": 40703.4, "Plan Rows": 1, "Plan Width": 123, "Actual Min Startup Time": 344.423, "Actual Max Startup Time": 344.423, "Actual Min Total Time": 344.423, "Actual Max Total Time": 344.423, "Actual Total Rows": 1, "Plans": [{"Node Type": "Nested Loop", "Parent Relationship": "Outer", "Join Type": "Inner", "Startup Cost": 0.0, "Total Cost": 40702.72, "Plan Rows": 134, "Plan Width": 59, "Actual Min Startup Time": 148.232, "Actual Max Startup Time": 148.232, "Actual Min Total Time": 343.567, "Actual Max Total Time": 343.567, "Actual Total Rows": 1140, "Inner Unique": true, "Plans": [{"Node Type": "Nested Loop", "Parent Relationship": "Outer", "Join Type": "Inner", "Startup Cost": 0.0, "Total Cost": 40665.2, "Plan Rows": 134, "Plan Width": 63, "Actual Min Startup Time": 148.22, "Actual Max Startup Time": 148.22, "Actual Min Total Time": 339.632, "Actual Max Total Time": 339.632, "Actual Total Rows": 1140, "Inner Unique": false, "Join Filter": "(t.id = mk.movie_id)", "Rows Removed by Join Filter": 0, "Plans": [{"Node Type": "Nested Loop", "Parent Relationship": "Outer", "Join Type": "Inner", "Startup Cost": 0.0, "Total Cost": 40655.63, "Plan Rows": 17, "Plan Width": 75, "Actual Min Startup Time": 148.201, "Actual Max Startup Time": 148.201, "Actual Min Total Time": 337.925, "Actual Max Total Time": 337.925, "Actual Total Rows": 119, "Inner Unique": true, "Join Filter": "(at.movie_id = t.id)", "Rows Removed by Join Filter": 0, "Plans": [{"Node Type": "Nested Loop", "Parent Relationship": "Outer", "Join Type": "Inner", "Startup Cost": 0.0, "Total Cost": 40651.4, "Plan Rows": 12, "Plan Width": 54, "Actual Min Startup Time": 148.179, "Actual Max Startup Time": 148.179, "Actual Min Total Time": 337.154, "Actual Max Total Time": 337.154, "Actual Total Rows": 119, "Inner Unique": true, "Plans": [{"Node Type": "Nested Loop", "Parent Relationship": "Outer", "Join Type": "Inner", "Startup Cost": 0.0, "Total Cost": 40648.04, "Plan Rows": 12, "Plan Width": 58, "Actual Min Startup Time": 148.163, "Actual Max Startup Time": 148.163, "Actual Min Total Time": 336.713, "Actual Max Total Time": 336.713, "Actual Total Rows": 284, "Inner Unique": true, "Plans": [{"Node Type": "Nested Loop", "Parent Relationship": "Outer", "Join Type": "Inner", "Startup Cost": 0.0, "Total Cost": 40642.29, "Plan Rows": 20, "Plan Width": 62, "Actual Min Startup Time": 148.145, "Actual Max Startup Time": 148.145, "Actual Min Total Time": 334.645, "Actual Max Total Time": 334.645, "Actual Total Rows": 400, "Inner Unique": false, "Plans": [{"Node Type": "Nested Loop", "Parent Relationship": "Outer", "Join Type": "Inner", "Startup Cost": 0.0, "Total Cost": 40636.98, "Plan Rows": 9, "Plan Width": 50, "Actual Min Startup Time": 148.131, "Actual Max Startup Time": 148.131, "Actual Min Total Time": 333.496, "Actual Max Total Time": 333.496, "Actual Total Rows": 120, "Inner Unique": false, "Plans": [{"Node Type": "Nested Loop", "Parent Relationship": "Outer", "Join Type": "Inner", "Startup Cost": 0.0, "Total Cost": 40621.57, "Plan Rows": 4, "Plan Width": 46, "Actual Min Startup Time": 147.937, "Actual Max Startup Time": 147.937, "Actual Min Total Time": 327.542, "Actual Max Total Time": 327.542, "Actual Total Rows": 1783, "Inner Unique": true, "Plans": [{"Node Type": "Streaming(type: LOCAL GATHER dop: 1/16)", "Parent Relationship": "Outer", "Startup Cost": 0.0, "Total Cost": 40537.53, "Plan Rows": 255, "Plan Width": 50, "Actual Min Startup Time": 147.858, "Actual Max Startup Time": 147.858, "Actual Min Total Time": 322.889, "Actual Max Total Time": 322.889, "Actual Total Rows": 1783, "Plans": [{"Node Type": "Seq Scan", "Parent Relationship": "Outer", "Relation Name": "movie_info", "Alias": "mi", "Startup Cost": 0.0, "Total Cost": 40532.03, "Plan Rows": 255, "Plan Width": 50, "Actual Min Startup Time": 80.918, "Actual Max Startup Time": 89.013, "Actual Min Total Time": 296.203, "Actual Max Total Time": 325.609, "Actual Total Rows": 1783, "Filter": "((info IS NOT NULL) AND ((note)::text ~~ '%internet%'::text) AND (((info)::text ~~ 'USA:% 199%'::text) OR ((info)::text ~~ 'USA:% 200%'::text)))", "Rows Removed by Filter": 14833936}]}, {"Node Type": "Index Scan", "Parent Relationship": "Inner", "Scan Direction": "Forward", "Index Name": "info_type_pkey", "Relation Name": "info_type", "Alias": "it1", "Startup Cost": 0.0, "Total Cost": 0.32, "Plan Rows": 1, "Plan Width": 4, "Actual Min Startup Time": 3.228, "Actual Max Startup Time": 3.228, "Actual Min Total Time": 3.228, "Actual Max Total Time": 3.228, "Actual Total Rows": 1783, "Index Cond": "(id = mi.info_type_id)", "Rows Removed by Index Recheck": 0, "Filter": "((info)::text = 'release dates'::text)", "Rows Removed by Filter": 0}]}, {"Node Type": "Index Only Scan", "Parent Relationship": "Inner", "Scan Direction": "Forward", "Index Name": "movie_id_aka_title", "Relation Name": "aka_title", "Alias": "at", "Startup Cost": 0.0, "Total Cost": 3.82, "Plan Rows": 3, "Plan Width": 4, "Actual Min Startup Time": 5.006, "Actual Max Startup Time": 5.006, "Actual Min Total Time": 5.058, "Actual Max Total Time": 5.058, "Actual Total Rows": 120, "Index Cond": "(movie_id = mi.movie_id)", "Rows Removed by Index Recheck": 0, "Heap Fetches": 0}]}, {"Node Type": "Index Scan", "Parent Relationship": "Inner", "Scan Direction": "Forward", "Index Name": "movie_id_movie_companies", "Relation Name": "movie_companies", "Alias": "mc", "Startup Cost": 0.0, "Total Cost": 0.57, "Plan Rows": 2, "Plan Width": 12, "Actual Min Startup Time": 0.683, "Actual Max Startup Time": 0.683, "Actual Min Total Time": 0.995, "Actual Max Total Time": 0.995, "Actual Total Rows": 400, "Index Cond": "(movie_id = at.movie_id)", "Rows Removed by Index Recheck": 0}]}, {"Node Type": "Index Scan", "Parent Relationship": "Inner", "Scan Direction": "Forward", "Index Name": "company_name_pkey", "Relation Name": "company_name", "Alias": "cn", "Startup Cost": 0.0, "Total Cost": 0.28, "Plan Rows": 1, "Plan Width": 4, "Actual Min Startup Time": 1.745, "Actual Max Startup Time": 1.745, "Actual Min Total Time": 1.745, "Actual Max Total Time": 1.745, "Actual Total Rows": 284, "Index Cond": "(id = mc.company_id)", "Rows Removed by Index Recheck": 0, "Filter": "((country_code)::text = '[us]'::text)", "Rows Removed by Filter": 116}]}, {"Node Type": "Index Only Scan", "Parent Relationship": "Inner", "Scan Direction": "Forward", "Index Name": "company_type_pkey", "Relation Name": "company_type", "Alias": "ct", "Startup Cost": 0.0, "Total Cost": 0.27, "Plan Rows": 1, "Plan Width": 4, "Actual Min Startup Time": 0.243, "Actual Max Startup Time": 0.243, "Actual Min Total Time": 0.243, "Actual Max Total Time": 0.243, "Actual Total Rows": 119, "Index Cond": "(id = mc.company_type_id)", "Rows Removed by Index Recheck": 0, "Heap Fetches": 0}]}, {"Node Type": "Index Scan", "Parent Relationship": "Inner", "Scan Direction": "Forward", "Index Name": "title_pkey", "Relation Name": "title", "Alias": "t", "Startup Cost": 0.0, "Total Cost": 0.34, "Plan Rows": 1, "Plan Width": 21, "Actual Min Startup Time": 0.621, "Actual Max Startup Time": 0.621, "Actual Min Total Time": 0.621, "Actual Max Total Time": 0.621, "Actual Total Rows": 119, "Index Cond": "(id = mc.movie_id)", "Rows Removed by Index Recheck": 0, "Filter": "(production_year > 1990)", "Rows Removed by Filter": 0}]}, {"Node Type": "Index Scan", "Parent Relationship": "Inner", "Scan Direction": "Forward", "Index Name": "movie_id_movie_keyword", "Relation Name": "movie_keyword", "Alias": "mk", "Startup Cost": 0.0, "Total Cost": 0.46, "Plan Rows": 8, "Plan Width": 8, "Actual Min Startup Time": 0.649, "Actual Max Startup Time": 0.649, "Actual Min Total Time": 1.188, "Actual Max Total Time": 1.188, "Actual Total Rows": 1140, "Index Cond": "(movie_id = mc.movie_id)", "Rows Removed by Index Recheck": 0}]}, {"Node Type": "Index Only Scan", "Parent Relationship": "Inner", "Scan Direction": "Forward", "Index Name": "keyword_pkey", "Relation Name": "keyword", "Alias": "k", "Startup Cost": 0.0, "Total Cost": 0.27, "Plan Rows": 1, "Plan Width": 4, "Actual Min Startup Time": 3.063, "Actual Max Startup Time": 3.063, "Actual Min Total Time": 3.063, "Actual Max Total Time": 3.063, "Actual Total Rows": 1140, "Index Cond": "(id = mk.keyword_id)", "Rows Removed by Index Recheck": 0, "Heap Fetches": 0}]}]}, "Triggers": [], "Planner Runtime": 326.972, "Total Runtime": 347.473, "Unique SQL Id": 2846462052}}, "(16, 65)": {"explain_plan": {"Plan": {"Node Type": "Aggregate", "Strategy": "Plain", "Startup Cost": 165037.92, "Total Cost": 165037.93, "Plan Rows": 1, "Plan Width": 123, "Plans": [{"Node Type": "Nested Loop", "Parent Relationship": "Outer", "Join Type": "Inner", "Startup Cost": 4841.46, "Total Cost": 165037.25, "Plan Rows": 134, "Plan Width": 59, "Inner Unique": true, "Plans": [{"Node Type": "Nested Loop", "Parent Relationship": "Outer", "Join Type": "Inner", "Startup Cost": 4841.46, "Total Cost": 164999.73, "Plan Rows": 134, "Plan Width": 63, "Inner Unique": false, "Join Filter": "(t.id = mk.movie_id)", "Plans": [{"Node Type": "Nested Loop", "Parent Relationship": "Outer", "Join Type": "Inner", "Startup Cost": 4841.46, "Total Cost": 164990.17, "Plan Rows": 17, "Plan Width": 75, "Inner Unique": true, "Join Filter": "(at.movie_id = t.id)", "Plans": [{"Node Type": "Nested Loop", "Parent Relationship": "Outer", "Join Type": "Inner", "Startup Cost": 4841.46, "Total Cost": 164985.94, "Plan Rows": 12, "Plan Width": 54, "Inner Unique": true, "Plans": [{"Node Type": "Nested Loop", "Parent Relationship": "Outer", "Join Type": "Inner", "Startup Cost": 4841.46, "Total Cost": 164982.58, "Plan Rows": 12, "Plan Width": 58, "Inner Unique": true, "Plans": [{"Node Type": "Nested Loop", "Parent Relationship": "Outer", "Join Type": "Inner", "Startup Cost": 4841.46, "Total Cost": 164976.83, "Plan Rows": 20, "Plan Width": 62, "Inner Unique": false, "Plans": [{"Node Type": "Nested Loop", "Parent Relationship": "Outer", "Join Type": "Inner", "Startup Cost": 4841.46, "Total Cost": 164971.52, "Plan Rows": 9, "Plan Width": 50, "Inner Unique": false, "Plans": [{"Node Type": "Nested Loop", "Parent Relationship": "Outer", "Join Type": "Inner", "Startup Cost": 4841.46, "Total Cost": 164956.1, "Plan Rows": 4, "Plan Width": 46, "Inner Unique": false, "Plans": [{"Node Type": "Index Scan", "Parent Relationship": "Outer", "Scan Direction": "Forward", "Index Name": "info_type_pkey", "Relation Name": "info_type", "Alias": "it1", "Startup Cost": 0.0, "Total Cost": 14.21, "Plan Rows": 1, "Plan Width": 4, "Filter": "((info)::text = 'release dates'::text)"}, {"Node Type": "Bitmap Heap Scan", "Parent Relationship": "Inner", "Relation Name": "movie_info", "Alias": "mi", "Startup Cost": 4841.46, "Total Cost": 164941.85, "Plan Rows": 4, "Plan Width": 50, "Recheck Cond": "(info_type_id = it1.id)", "Filter": "((info IS NOT NULL) AND ((note)::text ~~ '%internet%'::text) AND (((info)::text ~~ 'USA:% 199%'::text) OR ((info)::text ~~ 'USA:% 200%'::text)))", "Plans": [{"Node Type": "Bitmap Index Scan", "Parent Relationship": "Outer", "Index Name": "info_type_id_movie_info", "Startup Cost": 0.0, "Total Cost": 4841.46, "Plan Rows": 212428, "Plan Width": 0, "Index Cond": "(info_type_id = it1.id)"}]}]}, {"Node Type": "Index Only Scan", "Parent Relationship": "Inner", "Scan Direction": "Forward", "Index Name": "movie_id_aka_title", "Relation Name": "aka_title", "Alias": "at", "Startup Cost": 0.0, "Total Cost": 3.82, "Plan Rows": 3, "Plan Width": 4, "Index Cond": "(movie_id = mi.movie_id)"}]}, {"Node Type": "Index Scan", "Parent Relationship": "Inner", "Scan Direction": "Forward", "Index Name": "movie_id_movie_companies", "Relation Name": "movie_companies", "Alias": "mc", "Startup Cost": 0.0, "Total Cost": 0.57, "Plan Rows": 2, "Plan Width": 12, "Index Cond": "(movie_id = at.movie_id)"}]}, {"Node Type": "Index Scan", "Parent Relationship": "Inner", "Scan Direction": "Forward", "Index Name": "company_name_pkey", "Relation Name": "company_name", "Alias": "cn", "Startup Cost": 0.0, "Total Cost": 0.28, "Plan Rows": 1, "Plan Width": 4, "Index Cond": "(id = mc.company_id)", "Filter": "((country_code)::text = '[us]'::text)"}]}, {"Node Type": "Index Only Scan", "Parent Relationship": "Inner", "Scan Direction": "Forward", "Index Name": "company_type_pkey", "Relation Name": "company_type", "Alias": "ct", "Startup Cost": 0.0, "Total Cost": 0.27, "Plan Rows": 1, "Plan Width": 4, "Index Cond": "(id = mc.company_type_id)"}]}, {"Node Type": "Index Scan", "Parent Relationship": "Inner", "Scan Direction": "Forward", "Index Name": "title_pkey", "Relation Name": "title", "Alias": "t", "Startup Cost": 0.0, "Total Cost": 0.34, "Plan Rows": 1, "Plan Width": 21, "Index Cond": "(id = mc.movie_id)", "Filter": "(production_year > 1990)"}]}, {"Node Type": "Index Scan", "Parent Relationship": "Inner", "Scan Direction": "Forward", "Index Name": "movie_id_movie_keyword", "Relation Name": "movie_keyword", "Alias": "mk", "Startup Cost": 0.0, "Total Cost": 0.46, "Plan Rows": 8, "Plan Width": 8, "Index Cond": "(movie_id = mc.movie_id)"}]}, {"Node Type": "Index Only Scan", "Parent Relationship": "Inner", "Scan Direction": "Forward", "Index Name": "keyword_pkey", "Relation Name": "keyword", "Alias": "k", "Startup Cost": 0.0, "Total Cost": 0.27, "Plan Rows": 1, "Plan Width": 4, "Index Cond": "(id = mk.keyword_id)"}]}]}, "Unique SQL Id": 2846462052}, "explain_analyze_plan": null}, "(16, 66)": {"explain_plan": {"Plan": {"Node Type": "Aggregate", "Strategy": "Plain", "Startup Cost": 41667.12, "Total Cost": 41667.13, "Plan Rows": 1, "Plan Width": 123, "Plans": [{"Node Type": "Nested Loop", "Parent Relationship": "Outer", "Join Type": "Inner", "Startup Cost": 7.95, "Total Cost": 41666.45, "Plan Rows": 134, "Plan Width": 59, "Inner Unique": true, "Join Filter": "(at.movie_id = t.id)", "Plans": [{"Node Type": "Nested Loop", "Parent Relationship": "Outer", "Join Type": "Inner", "Startup Cost": 7.68, "Total Cost": 41249.99, "Plan Rows": 97, "Plan Width": 58, "Inner Unique": true, "Plans": [{"Node Type": "Nested Loop", "Parent Relationship": "Outer", "Join Type": "Inner", "Startup Cost": 7.43, "Total Cost": 40834.8, "Plan Rows": 97, "Plan Width": 62, "Inner Unique": false, "Join Filter": "(at.movie_id = mk.movie_id)", "Plans": [{"Node Type": "Nested Loop", "Parent Relationship": "Outer", "Join Type": "Inner", "Startup Cost": 7.09, "Total Cost": 40780.35, "Plan Rows": 12, "Plan Width": 54, "Inner Unique": true, "Plans": [{"Node Type": "Nested Loop", "Parent Relationship": "Outer", "Join Type": "Inner", "Startup Cost": 6.83, "Total Cost": 40728.98, "Plan Rows": 12, "Plan Width": 58, "Inner Unique": true, "Plans": [{"Node Type": "Nested Loop", "Parent Relationship": "Outer", "Join Type": "Inner", "Startup Cost": 6.57, "Total Cost": 40643.32, "Plan Rows": 20, "Plan Width": 62, "Inner Unique": false, "Plans": [{"Node Type": "Nested Loop", "Parent Relationship": "Outer", "Join Type": "Inner", "Startup Cost": 6.2, "Total Cost": 40603.57, "Plan Rows": 9, "Plan Width": 50, "Inner Unique": false, "Plans": [{"Node Type": "Hash Join", "Parent Relationship": "Outer", "Join Type": "Inner", "Startup Cost": 2.41, "Total Cost": 40540.94, "Plan Rows": 4, "Plan Width": 46, "Inner Unique": true, "Hash Cond": "(mi.info_type_id = it1.id)", "Plans": [{"Node Type": "Streaming(type: LOCAL GATHER dop: 1/16)", "Parent Relationship": "Outer", "Startup Cost": 0.0, "Total Cost": 40537.53, "Plan Rows": 255, "Plan Width": 50, "Plans": [{"Node Type": "Seq Scan", "Parent Relationship": "Outer", "Relation Name": "movie_info", "Alias": "mi", "Startup Cost": 0.0, "Total Cost": 40532.03, "Plan Rows": 255, "Plan Width": 50, "Filter": "((info IS NOT NULL) AND ((note)::text ~~ '%internet%'::text) AND (((info)::text ~~ 'USA:% 199%'::text) OR ((info)::text ~~ 'USA:% 200%'::text)))"}]}, {"Node Type": "Hash", "Parent Relationship": "Inner", "Startup Cost": 2.4, "Total Cost": 2.4, "Plan Rows": 1, "Plan Width": 4, "Plans": [{"Node Type": "Seq Scan", "Parent Relationship": "Outer", "Relation Name": "info_type", "Alias": "it1", "Startup Cost": 0.0, "Total Cost": 2.4, "Plan Rows": 1, "Plan Width": 4, "Filter": "((info)::text = 'release dates'::text)"}]}]}, {"Node Type": "Bitmap Heap Scan", "Parent Relationship": "Inner", "Relation Name": "aka_title", "Alias": "at", "Startup Cost": 3.79, "Total Cost": 15.63, "Plan Rows": 3, "Plan Width": 4, "Recheck Cond": "(movie_id = mi.movie_id)", "Plans": [{"Node Type": "Bitmap Index Scan", "Parent Relationship": "Outer", "Index Name": "movie_id_aka_title", "Startup Cost": 0.0, "Total Cost": 3.79, "Plan Rows": 3, "Plan Width": 0, "Index Cond": "(movie_id = mi.movie_id)"}]}]}, {"Node Type": "Bitmap Heap Scan", "Parent Relationship": "Inner", "Relation Name": "movie_companies", "Alias": "mc", "Startup Cost": 0.37, "Total Cost": 4.4, "Plan Rows": 2, "Plan Width": 12, "Recheck Cond": "(movie_id = at.movie_id)", "Plans": [{"Node Type": "Bitmap Index Scan", "Parent Relationship": "Outer", "Index Name": "movie_id_movie_companies", "Startup Cost": 0.0, "Total Cost": 0.37, "Plan Rows": 2, "Plan Width": 0, "Index Cond": "(movie_id = at.movie_id)"}]}]}, {"Node Type": "Bitmap Heap Scan", "Parent Relationship": "Inner", "Relation Name": "company_name", "Alias": "cn", "Startup Cost": 0.26, "Total Cost": 4.27, "Plan Rows": 1, "Plan Width": 4, "Recheck Cond": "(id = mc.company_id)", "Filter": "((country_code)::text = '[us]'::text)", "Plans": [{"Node Type": "Bitmap Index Scan", "Parent Relationship": "Outer", "Index Name": "company_name_pkey", "Startup Cost": 0.0, "Total Cost": 0.26, "Plan Rows": 1, "Plan Width": 0, "Index Cond": "(id = mc.company_id)"}]}]}, {"Node Type": "Bitmap Heap Scan", "Parent Relationship": "Inner", "Relation Name": "company_type", "Alias": "ct", "Startup Cost": 0.26, "Total Cost": 4.27, "Plan Rows": 1, "Plan Width": 4, "Recheck Cond": "(id = mc.company_type_id)", "Plans": [{"Node Type": "Bitmap Index Scan", "Parent Relationship": "Outer", "Index Name": "company_type_pkey", "Startup Cost": 0.0, "Total Cost": 0.26, "Plan Rows": 1, "Plan Width": 0, "Index Cond": "(id = mc.company_type_id)"}]}]}, {"Node Type": "Bitmap Heap Scan", "Parent Relationship": "Inner", "Relation Name": "movie_keyword", "Alias": "mk", "Startup Cost": 0.34, "Total Cost": 4.44, "Plan Rows": 8, "Plan Width": 8, "Recheck Cond": "(movie_id = mc.movie_id)", "Plans": [{"Node Type": "Bitmap Index Scan", "Parent Relationship": "Outer", "Index Name": "movie_id_movie_keyword", "Startup Cost": 0.0, "Total Cost": 0.34, "Plan Rows": 8, "Plan Width": 0, "Index Cond": "(movie_id = mc.movie_id)"}]}]}, {"Node Type": "Bitmap Heap Scan", "Parent Relationship": "Inner", "Relation Name": "keyword", "Alias": "k", "Startup Cost": 0.26, "Total Cost": 4.27, "Plan Rows": 1, "Plan Width": 4, "Recheck Cond": "(id = mk.keyword_id)", "Plans": [{"Node Type": "Bitmap Index Scan", "Parent Relationship": "Outer", "Index Name": "keyword_pkey", "Startup Cost": 0.0, "Total Cost": 0.26, "Plan Rows": 1, "Plan Width": 0, "Index Cond": "(id = mk.keyword_id)"}]}]}, {"Node Type": "Bitmap Heap Scan", "Parent Relationship": "Inner", "Relation Name": "title", "Alias": "t", "Startup Cost": 0.27, "Total Cost": 4.28, "Plan Rows": 1, "Plan Width": 21, "Recheck Cond": "(id = mk.movie_id)", "Filter": "(production_year > 1990)", "Plans": [{"Node Type": "Bitmap Index Scan", "Parent Relationship": "Outer", "Index Name": "title_pkey", "Startup Cost": 0.0, "Total Cost": 0.27, "Plan Rows": 1, "Plan Width": 0, "Index Cond": "(id = mk.movie_id)"}]}]}]}, "Unique SQL Id": 2846462052}, "explain_analyze_plan": {"Plan": {"Node Type": "Aggregate", "Strategy": "Plain", "Startup Cost": 41667.12, "Total Cost": 41667.13, "Plan Rows": 1, "Plan Width": 123, "Actual Min Startup Time": 331.447, "Actual Max Startup Time": 331.447, "Actual Min Total Time": 331.447, "Actual Max Total Time": 331.447, "Actual Total Rows": 1, "Plans": [{"Node Type": "Nested Loop", "Parent Relationship": "Outer", "Join Type": "Inner", "Startup Cost": 7.95, "Total Cost": 41666.45, "Plan Rows": 134, "Plan Width": 59, "Actual Min Startup Time": 147.126, "Actual Max Startup Time": 147.126, "Actual Min Total Time": 330.419, "Actual Max Total Time": 330.419, "Actual Total Rows": 1140, "Inner Unique": true, "Join Filter": "(at.movie_id = t.id)", "Rows Removed by Join Filter": 0, "Plans": [{"Node Type": "Nested Loop", "Parent Relationship": "Outer", "Join Type": "Inner", "Startup Cost": 7.68, "Total Cost": 41249.99, "Plan Rows": 97, "Plan Width": 58, "Actual Min Startup Time": 147.085, "Actual Max Startup Time": 147.085, "Actual Min Total Time": 324.027, "Actual Max Total Time": 324.027, "Actual Total Rows": 1140, "Inner Unique": true, "Plans": [{"Node Type": "Nested Loop", "Parent Relationship": "Outer", "Join Type": "Inner", "Startup Cost": 7.43, "Total Cost": 40834.8, "Plan Rows": 97, "Plan Width": 62, "Actual Min Startup Time": 147.069, "Actual Max Startup Time": 147.069, "Actual Min Total Time": 317.038, "Actual Max Total Time": 317.038, "Actual Total Rows": 1140, "Inner Unique": false, "Join Filter": "(at.movie_id = mk.movie_id)", "Rows Removed by Join Filter": 0, "Plans": [{"Node Type": "Nested Loop", "Parent Relationship": "Outer", "Join Type": "Inner", "Startup Cost": 7.09, "Total Cost": 40780.35, "Plan Rows": 12, "Plan Width": 54, "Actual Min Startup Time": 147.047, "Actual Max Startup Time": 147.047, "Actual Min Total Time": 315.333, "Actual Max Total Time": 315.333, "Actual Total Rows": 119, "Inner Unique": true, "Plans": [{"Node Type": "Nested Loop", "Parent Relationship": "Outer", "Join Type": "Inner", "Startup Cost": 6.83, "Total Cost": 40728.98, "Plan Rows": 12, "Plan Width": 58, "Actual Min Startup Time": 147.02, "Actual Max Startup Time": 147.02, "Actual Min Total Time": 314.401, "Actual Max Total Time": 314.401, "Actual Total Rows": 284, "Inner Unique": true, "Plans": [{"Node Type": "Nested Loop", "Parent Relationship": "Outer", "Join Type": "Inner", "Startup Cost": 6.57, "Total Cost": 40643.32, "Plan Rows": 20, "Plan Width": 62, "Actual Min Startup Time": 146.995, "Actual Max Startup Time": 146.995, "Actual Min Total Time": 311.671, "Actual Max Total Time": 311.671, "Actual Total Rows": 400, "Inner Unique": false, "Plans": [{"Node Type": "Nested Loop", "Parent Relationship": "Outer", "Join Type": "Inner", "Startup Cost": 6.2, "Total Cost": 40603.57, "Plan Rows": 9, "Plan Width": 50, "Actual Min Startup Time": 146.971, "Actual Max Startup Time": 146.971, "Actual Min Total Time": 309.989, "Actual Max Total Time": 309.989, "Actual Total Rows": 120, "Inner Unique": false, "Plans": [{"Node Type": "Hash Join", "Parent Relationship": "Outer", "Join Type": "Inner", "Startup Cost": 2.41, "Total Cost": 40540.94, "Plan Rows": 4, "Plan Width": 46, "Actual Min Startup Time": 146.738, "Actual Max Startup Time": 146.738, "Actual Min Total Time": 301.42, "Actual Max Total Time": 301.42, "Actual Total Rows": 1783, "Inner Unique": true, "Hash Cond": "(mi.info_type_id = it1.id)", "Plans": [{"Node Type": "Streaming(type: LOCAL GATHER dop: 1/16)", "Parent Relationship": "Outer", "Startup Cost": 0.0, "Total Cost": 40537.53, "Plan Rows": 255, "Plan Width": 50, "Actual Min Startup Time": 146.524, "Actual Max Startup Time": 146.524, "Actual Min Total Time": 300.168, "Actual Max Total Time": 300.168, "Actual Total Rows": 1783, "Plans": [{"Node Type": "Seq Scan", "Parent Relationship": "Outer", "Relation Name": "movie_info", "Alias": "mi", "Startup Cost": 0.0, "Total Cost": 40532.03, "Plan Rows": 255, "Plan Width": 50, "Actual Min Startup Time": 80.813, "Actual Max Startup Time": 88.891, "Actual Min Total Time": 294.643, "Actual Max Total Time": 303.594, "Actual Total Rows": 1783, "Filter": "((info IS NOT NULL) AND ((note)::text ~~ '%internet%'::text) AND (((info)::text ~~ 'USA:% 199%'::text) OR ((info)::text ~~ 'USA:% 200%'::text)))", "Rows Removed by Filter": 14833936}]}, {"Node Type": "Hash", "Parent Relationship": "Inner", "Startup Cost": 2.4, "Total Cost": 2.4, "Plan Rows": 1, "Plan Width": 4, "Actual Min Startup Time": 0.117, "Actual Max Startup Time": 0.117, "Actual Min Total Time": 0.117, "Actual Max Total Time": 0.117, "Actual Total Rows": 1, "Max Hash Buckets": 32768, "Min Hash Buckets": 32768, "Max Hash Batches": 1, "Min Hash Batches": 1, "Max Original Hash Batches": 1, "Min Original Hash Batches": 1, "Max Peak Memory Usage": 1, "min Peak Memory Usage": 1, "Plans": [{"Node Type": "Seq Scan", "Parent Relationship": "Outer", "Relation Name": "info_type", "Alias": "it1", "Startup Cost": 0.0, "Total Cost": 2.4, "Plan Rows": 1, "Plan Width": 4, "Actual Min Startup Time": 0.077, "Actual Max Startup Time": 0.077, "Actual Min Total Time": 0.099, "Actual Max Total Time": 0.099, "Actual Total Rows": 1, "Filter": "((info)::text = 'release dates'::text)", "Rows Removed by Filter": 111}]}]}, {"Node Type": "Bitmap Heap Scan", "Parent Relationship": "Inner", "Relation Name": "aka_title", "Alias": "at", "Startup Cost": 3.79, "Total Cost": 15.63, "Plan Rows": 3, "Plan Width": 4, "Actual Min Startup Time": 6.438, "Actual Max Startup Time": 6.438, "Actual Min Total Time": 6.538, "Actual Max Total Time": 6.538, "Actual Total Rows": 120, "Recheck Cond": "(movie_id = mi.movie_id)", "Rows Removed by Index Recheck": 0, "Exact Heap Blocks": 120, "Lossy Heap Blocks": 120, "Plans": [{"Node Type": "Bitmap Index Scan", "Parent Relationship": "Outer", "Index Name": "movie_id_aka_title", "Startup Cost": 0.0, "Total Cost": 3.79, "Plan Rows": 3, "Plan Width": 0, "Actual Min Startup Time": 5.297, "Actual Max Startup Time": 5.297, "Actual Min Total Time": 5.297, "Actual Max Total Time": 5.297, "Actual Total Rows": 120, "Index Cond": "(movie_id = mi.movie_id)"}]}]}, {"Node Type": "Bitmap Heap Scan", "Parent Relationship": "Inner", "Relation Name": "movie_companies", "Alias": "mc", "Startup Cost": 0.37, "Total Cost": 4.4, "Plan Rows": 2, "Plan Width": 12, "Actual Min Startup Time": 1.141, "Actual Max Startup Time": 1.141, "Actual Min Total Time": 1.377, "Actual Max Total Time": 1.377, "Actual Total Rows": 400, "Recheck Cond": "(movie_id = at.movie_id)", "Rows Removed by Index Recheck": 0, "Exact Heap Blocks": 214, "Lossy Heap Blocks": 214, "Plans": [{"Node Type": "Bitmap Index Scan", "Parent Relationship": "Outer", "Index Name": "movie_id_movie_companies", "Startup Cost": 0.0, "Total Cost": 0.37, "Plan Rows": 2, "Plan Width": 0, "Actual Min Startup Time": 0.68, "Actual Max Startup Time": 0.68, "Actual Min Total Time": 0.68, "Actual Max Total Time": 0.68, "Actual Total Rows": 400, "Index Cond": "(movie_id = at.movie_id)"}]}]}, {"Node Type": "Bitmap Heap Scan", "Parent Relationship": "Inner", "Relation Name": "company_name", "Alias": "cn", "Startup Cost": 0.26, "Total Cost": 4.27, "Plan Rows": 1, "Plan Width": 4, "Actual Min Startup Time": 2.193, "Actual Max Startup Time": 2.193, "Actual Min Total Time": 2.193, "Actual Max Total Time": 2.193, "Actual Total Rows": 284, "Recheck Cond": "(id = mc.company_id)", "Rows Removed by Index Recheck": 0, "Filter": "((country_code)::text = '[us]'::text)", "Rows Removed by Filter": 116, "Exact Heap Blocks": 400, "Lossy Heap Blocks": 400, "Plans": [{"Node Type": "Bitmap Index Scan", "Parent Relationship": "Outer", "Index Name": "company_name_pkey", "Startup Cost": 0.0, "Total Cost": 0.26, "Plan Rows": 1, "Plan Width": 0, "Actual Min Startup Time": 1.258, "Actual Max Startup Time": 1.258, "Actual Min Total Time": 1.258, "Actual Max Total Time": 1.258, "Actual Total Rows": 400, "Index Cond": "(id = mc.company_id)"}]}]}, {"Node Type": "Bitmap Heap Scan", "Parent Relationship": "Inner", "Relation Name": "company_type", "Alias": "ct", "Startup Cost": 0.26, "Total Cost": 4.27, "Plan Rows": 1, "Plan Width": 4, "Actual Min Startup Time": 0.559, "Actual Max Startup Time": 0.559, "Actual Min Total Time": 0.559, "Actual Max Total Time": 0.559, "Actual Total Rows": 119, "Recheck Cond": "(id = mc.company_type_id)", "Rows Removed by Index Recheck": 0, "Exact Heap Blocks": 119, "Lossy Heap Blocks": 119, "Plans": [{"Node Type": "Bitmap Index Scan", "Parent Relationship": "Outer", "Index Name": "company_type_pkey", "Startup Cost": 0.0, "Total Cost": 0.26, "Plan Rows": 1, "Plan Width": 0, "Actual Min Startup Time": 0.278, "Actual Max Startup Time": 0.278, "Actual Min Total Time": 0.278, "Actual Max Total Time": 0.278, "Actual Total Rows": 119, "Index Cond": "(id = mc.company_type_id)"}]}]}, {"Node Type": "Bitmap Heap Scan", "Parent Relationship": "Inner", "Relation Name": "movie_keyword", "Alias": "mk", "Startup Cost": 0.34, "Total Cost": 4.44, "Plan Rows": 8, "Plan Width": 8, "Actual Min Startup Time": 0.933, "Actual Max Startup Time": 0.933, "Actual Min Total Time": 1.14, "Actual Max Total Time": 1.14, "Actual Total Rows": 1140, "Recheck Cond": "(movie_id = mc.movie_id)", "Rows Removed by Index Recheck": 0, "Exact Heap Blocks": 91, "Lossy Heap Blocks": 91, "Plans": [{"Node Type": "Bitmap Index Scan", "Parent Relationship": "Outer", "Index Name": "movie_id_movie_keyword", "Startup Cost": 0.0, "Total Cost": 0.34, "Plan Rows": 8, "Plan Width": 0, "Actual Min Startup Time": 0.605, "Actual Max Startup Time": 0.605, "Actual Min Total Time": 0.605, "Actual Max Total Time": 0.605, "Actual Total Rows": 1140, "Index Cond": "(movie_id = mc.movie_id)"}]}]}, {"Node Type": "Bitmap Heap Scan", "Parent Relationship": "Inner", "Relation Name": "keyword", "Alias": "k", "Startup Cost": 0.26, "Total Cost": 4.27, "Plan Rows": 1, "Plan Width": 4, "Actual Min Startup Time": 5.351, "Actual Max Startup Time": 5.351, "Actual Min Total Time": 5.351, "Actual Max Total Time": 5.351, "Actual Total Rows": 1140, "Recheck Cond": "(id = mk.keyword_id)", "Rows Removed by Index Recheck": 0, "Exact Heap Blocks": 1140, "Lossy Heap Blocks": 1140, "Plans": [{"Node Type": "Bitmap Index Scan", "Parent Relationship": "Outer", "Index Name": "keyword_pkey", "Startup Cost": 0.0, "Total Cost": 0.26, "Plan Rows": 1, "Plan Width": 0, "Actual Min Startup Time": 3.381, "Actual Max Startup Time": 3.381, "Actual Min Total Time": 3.381, "Actual Max Total Time": 3.381, "Actual Total Rows": 1140, "Index Cond": "(id = mk.keyword_id)"}]}]}, {"Node Type": "Bitmap Heap Scan", "Parent Relationship": "Inner", "Relation Name": "title", "Alias": "t", "Startup Cost": 0.27, "Total Cost": 4.28, "Plan Rows": 1, "Plan Width": 21, "Actual Min Startup Time": 4.703, "Actual Max Startup Time": 4.703, "Actual Min Total Time": 4.703, "Actual Max Total Time": 4.703, "Actual Total Rows": 1140, "Recheck Cond": "(id = mk.movie_id)", "Rows Removed by Index Recheck": 0, "Filter": "(production_year > 1990)", "Rows Removed by Filter": 0, "Exact Heap Blocks": 1140, "Lossy Heap Blocks": 1140, "Plans": [{"Node Type": "Bitmap Index Scan", "Parent Relationship": "Outer", "Index Name": "title_pkey", "Startup Cost": 0.0, "Total Cost": 0.27, "Plan Rows": 1, "Plan Width": 0, "Actual Min Startup Time": 2.836, "Actual Max Startup Time": 2.836, "Actual Min Total Time": 2.836, "Actual Max Total Time": 2.836, "Actual Total Rows": 1140, "Index Cond": "(id = mk.movie_id)"}]}]}]}, "Triggers": [], "Planner Runtime": 343.393, "Total Runtime": 334.527, "Unique SQL Id": 2846462052}}, "(16, 67)": {"explain_plan": {"Plan": {"Node Type": "Aggregate", "Strategy": "Plain", "Startup Cost": 166082.29, "Total Cost": 166082.3, "Plan Rows": 1, "Plan Width": 123, "Plans": [{"Node Type": "Nested Loop", "Parent Relationship": "Outer", "Join Type": "Inner", "Startup Cost": 4855.81, "Total Cost": 166081.62, "Plan Rows": 134, "Plan Width": 59, "Inner Unique": true, "Join Filter": "(at.movie_id = t.id)", "Plans": [{"Node Type": "Nested Loop", "Parent Relationship": "Outer", "Join Type": "Inner", "Startup Cost": 4855.54, "Total Cost": 165665.15, "Plan Rows": 97, "Plan Width": 58, "Inner Unique": true, "Plans": [{"Node Type": "Nested Loop", "Parent Relationship": "Outer", "Join Type": "Inner", "Startup Cost": 4855.28, "Total Cost": 165249.97, "Plan Rows": 97, "Plan Width": 62, "Inner Unique": false, "Join Filter": "(at.movie_id = mk.movie_id)", "Plans": [{"Node Type": "Nested Loop", "Parent Relationship": "Outer", "Join Type": "Inner", "Startup Cost": 4854.95, "Total Cost": 165195.51, "Plan Rows": 12, "Plan Width": 54, "Inner Unique": true, "Plans": [{"Node Type": "Nested Loop", "Parent Relationship": "Outer", "Join Type": "Inner", "Startup Cost": 4854.69, "Total Cost": 165144.15, "Plan Rows": 12, "Plan Width": 58, "Inner Unique": true, "Plans": [{"Node Type": "Nested Loop", "Parent Relationship": "Outer", "Join Type": "Inner", "Startup Cost": 4854.43, "Total Cost": 165058.48, "Plan Rows": 20, "Plan Width": 62, "Inner Unique": false, "Plans": [{"Node Type": "Nested Loop", "Parent Relationship": "Outer", "Join Type": "Inner", "Startup Cost": 4854.06, "Total Cost": 165018.73, "Plan Rows": 9, "Plan Width": 50, "Inner Unique": false, "Plans": [{"Node Type": "Nested Loop", "Parent Relationship": "Outer", "Join Type": "Inner", "Startup Cost": 4850.27, "Total Cost": 164956.1, "Plan Rows": 4, "Plan Width": 46, "Inner Unique": false, "Plans": [{"Node Type": "Bitmap Heap Scan", "Parent Relationship": "Outer", "Relation Name": "info_type", "Alias": "it1", "Startup Cost": 8.81, "Total Cost": 14.21, "Plan Rows": 1, "Plan Width": 4, "Filter": "((info)::text = 'release dates'::text)", "Plans": [{"Node Type": "Bitmap Index Scan", "Parent Relationship": "Outer", "Index Name": "info_type_pkey", "Startup Cost": 0.0, "Total Cost": 8.81, "Plan Rows": 112, "Plan Width": 0}]}, {"Node Type": "Bitmap Heap Scan", "Parent Relationship": "Inner", "Relation Name": "movie_info", "Alias": "mi", "Startup Cost": 4841.46, "Total Cost": 164941.85, "Plan Rows": 4, "Plan Width": 50, "Recheck Cond": "(info_type_id = it1.id)", "Filter": "((info IS NOT NULL) AND ((note)::text ~~ '%internet%'::text) AND (((info)::text ~~ 'USA:% 199%'::text) OR ((info)::text ~~ 'USA:% 200%'::text)))", "Plans": [{"Node Type": "Bitmap Index Scan", "Parent Relationship": "Outer", "Index Name": "info_type_id_movie_info", "Startup Cost": 0.0, "Total Cost": 4841.46, "Plan Rows": 212428, "Plan Width": 0, "Index Cond": "(info_type_id = it1.id)"}]}]}, {"Node Type": "Bitmap Heap Scan", "Parent Relationship": "Inner", "Relation Name": "aka_title", "Alias": "at", "Startup Cost": 3.79, "Total Cost": 15.63, "Plan Rows": 3, "Plan Width": 4, "Recheck Cond": "(movie_id = mi.movie_id)", "Plans": [{"Node Type": "Bitmap Index Scan", "Parent Relationship": "Outer", "Index Name": "movie_id_aka_title", "Startup Cost": 0.0, "Total Cost": 3.79, "Plan Rows": 3, "Plan Width": 0, "Index Cond": "(movie_id = mi.movie_id)"}]}]}, {"Node Type": "Bitmap Heap Scan", "Parent Relationship": "Inner", "Relation Name": "movie_companies", "Alias": "mc", "Startup Cost": 0.37, "Total Cost": 4.4, "Plan Rows": 2, "Plan Width": 12, "Recheck Cond": "(movie_id = at.movie_id)", "Plans": [{"Node Type": "Bitmap Index Scan", "Parent Relationship": "Outer", "Index Name": "movie_id_movie_companies", "Startup Cost": 0.0, "Total Cost": 0.37, "Plan Rows": 2, "Plan Width": 0, "Index Cond": "(movie_id = at.movie_id)"}]}]}, {"Node Type": "Bitmap Heap Scan", "Parent Relationship": "Inner", "Relation Name": "company_name", "Alias": "cn", "Startup Cost": 0.26, "Total Cost": 4.27, "Plan Rows": 1, "Plan Width": 4, "Recheck Cond": "(id = mc.company_id)", "Filter": "((country_code)::text = '[us]'::text)", "Plans": [{"Node Type": "Bitmap Index Scan", "Parent Relationship": "Outer", "Index Name": "company_name_pkey", "Startup Cost": 0.0, "Total Cost": 0.26, "Plan Rows": 1, "Plan Width": 0, "Index Cond": "(id = mc.company_id)"}]}]}, {"Node Type": "Bitmap Heap Scan", "Parent Relationship": "Inner", "Relation Name": "company_type", "Alias": "ct", "Startup Cost": 0.26, "Total Cost": 4.27, "Plan Rows": 1, "Plan Width": 4, "Recheck Cond": "(id = mc.company_type_id)", "Plans": [{"Node Type": "Bitmap Index Scan", "Parent Relationship": "Outer", "Index Name": "company_type_pkey", "Startup Cost": 0.0, "Total Cost": 0.26, "Plan Rows": 1, "Plan Width": 0, "Index Cond": "(id = mc.company_type_id)"}]}]}, {"Node Type": "Bitmap Heap Scan", "Parent Relationship": "Inner", "Relation Name": "movie_keyword", "Alias": "mk", "Startup Cost": 0.34, "Total Cost": 4.44, "Plan Rows": 8, "Plan Width": 8, "Recheck Cond": "(movie_id = mc.movie_id)", "Plans": [{"Node Type": "Bitmap Index Scan", "Parent Relationship": "Outer", "Index Name": "movie_id_movie_keyword", "Startup Cost": 0.0, "Total Cost": 0.34, "Plan Rows": 8, "Plan Width": 0, "Index Cond": "(movie_id = mc.movie_id)"}]}]}, {"Node Type": "Bitmap Heap Scan", "Parent Relationship": "Inner", "Relation Name": "keyword", "Alias": "k", "Startup Cost": 0.26, "Total Cost": 4.27, "Plan Rows": 1, "Plan Width": 4, "Recheck Cond": "(id = mk.keyword_id)", "Plans": [{"Node Type": "Bitmap Index Scan", "Parent Relationship": "Outer", "Index Name": "keyword_pkey", "Startup Cost": 0.0, "Total Cost": 0.26, "Plan Rows": 1, "Plan Width": 0, "Index Cond": "(id = mk.keyword_id)"}]}]}, {"Node Type": "Bitmap Heap Scan", "Parent Relationship": "Inner", "Relation Name": "title", "Alias": "t", "Startup Cost": 0.27, "Total Cost": 4.28, "Plan Rows": 1, "Plan Width": 21, "Recheck Cond": "(id = mk.movie_id)", "Filter": "(production_year > 1990)", "Plans": [{"Node Type": "Bitmap Index Scan", "Parent Relationship": "Outer", "Index Name": "title_pkey", "Startup Cost": 0.0, "Total Cost": 0.27, "Plan Rows": 1, "Plan Width": 0, "Index Cond": "(id = mk.movie_id)"}]}]}]}, "Unique SQL Id": 2846462052}, "explain_analyze_plan": null}, "(16, 68)": {"explain_plan": {"Plan": {"Node Type": "Aggregate", "Strategy": "Plain", "Startup Cost": 40714.37, "Total Cost": 40714.38, "Plan Rows": 1, "Plan Width": 123, "Plans": [{"Node Type": "Nested Loop", "Parent Relationship": "Outer", "Join Type": "Inner", "Startup Cost": 0.0, "Total Cost": 40713.7, "Plan Rows": 134, "Plan Width": 59, "Inner Unique": true, "Plans": [{"Node Type": "Nested Loop", "Parent Relationship": "Outer", "Join Type": "Inner", "Startup Cost": 0.0, "Total Cost": 40676.09, "Plan Rows": 134, "Plan Width": 63, "Inner Unique": false, "Join Filter": "(t.id = mk.movie_id)", "Plans": [{"Node Type": "Nested Loop", "Parent Relationship": "Outer", "Join Type": "Inner", "Startup Cost": 0.0, "Total Cost": 40666.53, "Plan Rows": 17, "Plan Width": 75, "Inner Unique": false, "Plans": [{"Node Type": "Nested Loop", "Parent Relationship": "Outer", "Join Type": "Inner", "Startup Cost": 0.0, "Total Cost": 40662.97, "Plan Rows": 10, "Plan Width": 71, "Inner Unique": true, "Plans": [{"Node Type": "Nested Loop", "Parent Relationship": "Outer", "Join Type": "Inner", "Startup Cost": 0.0, "Total Cost": 40660.17, "Plan Rows": 10, "Plan Width": 75, "Inner Unique": true, "Plans": [{"Node Type": "Nested Loop", "Parent Relationship": "Outer", "Join Type": "Inner", "Startup Cost": 0.0, "Total Cost": 40656.72, "Plan Rows": 12, "Plan Width": 79, "Inner Unique": false, "Plans": [{"Node Type": "Nested Loop", "Parent Relationship": "Outer", "Join Type": "Inner", "Startup Cost": 0.0, "Total Cost": 40654.51, "Plan Rows": 6, "Plan Width": 67, "Inner Unique": true, "Plans": [{"Node Type": "Nested Loop", "Parent Relationship": "Outer", "Join Type": "Inner", "Startup Cost": 0.0, "Total Cost": 40621.57, "Plan Rows": 4, "Plan Width": 46, "Inner Unique": true, "Plans": [{"Node Type": "Streaming(type: LOCAL GATHER dop: 1/16)", "Parent Relationship": "Outer", "Startup Cost": 0.0, "Total Cost": 40537.53, "Plan Rows": 255, "Plan Width": 50, "Plans": [{"Node Type": "Seq Scan", "Parent Relationship": "Outer", "Relation Name": "movie_info", "Alias": "mi", "Startup Cost": 0.0, "Total Cost": 40532.03, "Plan Rows": 255, "Plan Width": 50, "Filter": "((info IS NOT NULL) AND ((note)::text ~~ '%internet%'::text) AND (((info)::text ~~ 'USA:% 199%'::text) OR ((info)::text ~~ 'USA:% 200%'::text)))"}]}, {"Node Type": "Index Scan", "Parent Relationship": "Inner", "Scan Direction": "Forward", "Index Name": "info_type_pkey", "Relation Name": "info_type", "Alias": "it1", "Startup Cost": 0.0, "Total Cost": 0.32, "Plan Rows": 1, "Plan Width": 4, "Index Cond": "(id = mi.info_type_id)", "Filter": "((info)::text = 'release dates'::text)"}]}, {"Node Type": "Index Scan", "Parent Relationship": "Inner", "Scan Direction": "Forward", "Index Name": "title_pkey", "Relation Name": "title", "Alias": "t", "Startup Cost": 0.0, "Total Cost": 8.23, "Plan Rows": 1, "Plan Width": 21, "Index Cond": "(id = mi.movie_id)", "Filter": "(production_year > 1990)"}]}, {"Node Type": "Index Scan", "Parent Relationship": "Inner", "Scan Direction": "Forward", "Index Name": "movie_id_movie_companies", "Relation Name": "movie_companies", "Alias": "mc", "Startup Cost": 0.0, "Total Cost": 0.35, "Plan Rows": 2, "Plan Width": 12, "Index Cond": "(movie_id = t.id)"}]}, {"Node Type": "Index Scan", "Parent Relationship": "Inner", "Scan Direction": "Forward", "Index Name": "company_name_pkey", "Relation Name": "company_name", "Alias": "cn", "Startup Cost": 0.0, "Total Cost": 0.28, "Plan Rows": 1, "Plan Width": 4, "Index Cond": "(id = mc.company_id)", "Filter": "((country_code)::text = '[us]'::text)"}]}, {"Node Type": "Index Scan", "Parent Relationship": "Inner", "Scan Direction": "Forward", "Index Name": "company_type_pkey", "Relation Name": "company_type", "Alias": "ct", "Startup Cost": 0.0, "Total Cost": 0.27, "Plan Rows": 1, "Plan Width": 4, "Index Cond": "(id = mc.company_type_id)"}]}, {"Node Type": "Index Scan", "Parent Relationship": "Inner", "Scan Direction": "Forward", "Index Name": "movie_id_aka_title", "Relation Name": "aka_title", "Alias": "at", "Startup Cost": 0.0, "Total Cost": 0.33, "Plan Rows": 3, "Plan Width": 4, "Index Cond": "(movie_id = t.id)"}]}, {"Node Type": "Index Scan", "Parent Relationship": "Inner", "Scan Direction": "Forward", "Index Name": "movie_id_movie_keyword", "Relation Name": "movie_keyword", "Alias": "mk", "Startup Cost": 0.0, "Total Cost": 0.46, "Plan Rows": 8, "Plan Width": 8, "Index Cond": "(movie_id = mc.movie_id)"}]}, {"Node Type": "Index Scan", "Parent Relationship": "Inner", "Scan Direction": "Forward", "Index Name": "keyword_pkey", "Relation Name": "keyword", "Alias": "k", "Startup Cost": 0.0, "Total Cost": 0.27, "Plan Rows": 1, "Plan Width": 4, "Index Cond": "(id = mk.keyword_id)"}]}]}, "Unique SQL Id": 2846462052}, "explain_analyze_plan": {"Plan": {"Node Type": "Aggregate", "Strategy": "Plain", "Startup Cost": 40714.37, "Total Cost": 40714.38, "Plan Rows": 1, "Plan Width": 123, "Actual Min Startup Time": 407.821, "Actual Max Startup Time": 407.821, "Actual Min Total Time": 407.821, "Actual Max Total Time": 407.821, "Actual Total Rows": 1, "Plans": [{"Node Type": "Nested Loop", "Parent Relationship": "Outer", "Join Type": "Inner", "Startup Cost": 0.0, "Total Cost": 40713.7, "Plan Rows": 134, "Plan Width": 59, "Actual Min Startup Time": 172.914, "Actual Max Startup Time": 172.914, "Actual Min Total Time": 406.948, "Actual Max Total Time": 406.948, "Actual Total Rows": 1140, "Inner Unique": true, "Plans": [{"Node Type": "Nested Loop", "Parent Relationship": "Outer", "Join Type": "Inner", "Startup Cost": 0.0, "Total Cost": 40676.09, "Plan Rows": 134, "Plan Width": 63, "Actual Min Startup Time": 172.889, "Actual Max Startup Time": 172.889, "Actual Min Total Time": 400.066, "Actual Max Total Time": 400.066, "Actual Total Rows": 1140, "Inner Unique": false, "Join Filter": "(t.id = mk.movie_id)", "Rows Removed by Join Filter": 0, "Plans": [{"Node Type": "Nested Loop", "Parent Relationship": "Outer", "Join Type": "Inner", "Startup Cost": 0.0, "Total Cost": 40666.53, "Plan Rows": 17, "Plan Width": 75, "Actual Min Startup Time": 172.853, "Actual Max Startup Time": 172.853, "Actual Min Total Time": 397.882, "Actual Max Total Time": 397.882, "Actual Total Rows": 119, "Inner Unique": false, "Plans": [{"Node Type": "Nested Loop", "Parent Relationship": "Outer", "Join Type": "Inner", "Startup Cost": 0.0, "Total Cost": 40662.97, "Plan Rows": 10, "Plan Width": 71, "Actual Min Startup Time": 172.156, "Actual Max Startup Time": 172.156, "Actual Min Total Time": 390.157, "Actual Max Total Time": 390.157, "Actual Total Rows": 1488, "Inner Unique": true, "Plans": [{"Node Type": "Nested Loop", "Parent Relationship": "Outer", "Join Type": "Inner", "Startup Cost": 0.0, "Total Cost": 40660.17, "Plan Rows": 10, "Plan Width": 75, "Actual Min Startup Time": 172.094, "Actual Max Startup Time": 172.094, "Actual Min Total Time": 384.765, "Actual Max Total Time": 384.765, "Actual Total Rows": 2647, "Inner Unique": true, "Plans": [{"Node Type": "Nested Loop", "Parent Relationship": "Outer", "Join Type": "Inner", "Startup Cost": 0.0, "Total Cost": 40656.72, "Plan Rows": 12, "Plan Width": 79, "Actual Min Startup Time": 172.06, "Actual Max Startup Time": 172.06, "Actual Min Total Time": 363.621, "Actual Max Total Time": 363.621, "Actual Total Rows": 2884, "Inner Unique": false, "Plans": [{"Node Type": "Nested Loop", "Parent Relationship": "Outer", "Join Type": "Inner", "Startup Cost": 0.0, "Total Cost": 40654.51, "Plan Rows": 6, "Plan Width": 67, "Actual Min Startup Time": 172.032, "Actual Max Startup Time": 172.032, "Actual Min Total Time": 343.511, "Actual Max Total Time": 343.511, "Actual Total Rows": 1782, "Inner Unique": true, "Plans": [{"Node Type": "Nested Loop", "Parent Relationship": "Outer", "Join Type": "Inner", "Startup Cost": 0.0, "Total Cost": 40621.57, "Plan Rows": 4, "Plan Width": 46, "Actual Min Startup Time": 171.991, "Actual Max Startup Time": 171.991, "Actual Min Total Time": 325.229, "Actual Max Total Time": 325.229, "Actual Total Rows": 1783, "Inner Unique": true, "Plans": [{"Node Type": "Streaming(type: LOCAL GATHER dop: 1/16)", "Parent Relationship": "Outer", "Startup Cost": 0.0, "Total Cost": 40537.53, "Plan Rows": 255, "Plan Width": 50, "Actual Min Startup Time": 171.929, "Actual Max Startup Time": 171.929, "Actual Min Total Time": 319.709, "Actual Max Total Time": 319.709, "Actual Total Rows": 1783, "Plans": [{"Node Type": "Seq Scan", "Parent Relationship": "Outer", "Relation Name": "movie_info", "Alias": "mi", "Startup Cost": 0.0, "Total Cost": 40532.03, "Plan Rows": 255, "Plan Width": 50, "Actual Min Startup Time": 85.668, "Actual Max Startup Time": 94.074, "Actual Min Total Time": 320.593, "Actual Max Total Time": 332.572, "Actual Total Rows": 1783, "Filter": "((info IS NOT NULL) AND ((note)::text ~~ '%internet%'::text) AND (((info)::text ~~ 'USA:% 199%'::text) OR ((info)::text ~~ 'USA:% 200%'::text)))", "Rows Removed by Filter": 14833936}]}, {"Node Type": "Index Scan", "Parent Relationship": "Inner", "Scan Direction": "Forward", "Index Name": "info_type_pkey", "Relation Name": "info_type", "Alias": "it1", "Startup Cost": 0.0, "Total Cost": 0.32, "Plan Rows": 1, "Plan Width": 4, "Actual Min Startup Time": 3.482, "Actual Max Startup Time": 3.482, "Actual Min Total Time": 3.482, "Actual Max Total Time": 3.482, "Actual Total Rows": 1783, "Index Cond": "(id = mi.info_type_id)", "Rows Removed by Index Recheck": 0, "Filter": "((info)::text = 'release dates'::text)", "Rows Removed by Filter": 0}]}, {"Node Type": "Index Scan", "Parent Relationship": "Inner", "Scan Direction": "Forward", "Index Name": "title_pkey", "Relation Name": "title", "Alias": "t", "Startup Cost": 0.0, "Total Cost": 8.23, "Plan Rows": 1, "Plan Width": 21, "Actual Min Startup Time": 16.335, "Actual Max Startup Time": 16.335, "Actual Min Total Time": 16.335, "Actual Max Total Time": 16.335, "Actual Total Rows": 1782, "Index Cond": "(id = mi.movie_id)", "Rows Removed by Index Recheck": 0, "Filter": "(production_year > 1990)", "Rows Removed by Filter": 1}]}, {"Node Type": "Index Scan", "Parent Relationship": "Inner", "Scan Direction": "Forward", "Index Name": "movie_id_movie_companies", "Relation Name": "movie_companies", "Alias": "mc", "Startup Cost": 0.0, "Total Cost": 0.35, "Plan Rows": 2, "Plan Width": 12, "Actual Min Startup Time": 14.675, "Actual Max Startup Time": 14.675, "Actual Min Total Time": 18.284, "Actual Max Total Time": 18.284, "Actual Total Rows": 2884, "Index Cond": "(movie_id = t.id)", "Rows Removed by Index Recheck": 0}]}, {"Node Type": "Index Scan", "Parent Relationship": "Inner", "Scan Direction": "Forward", "Index Name": "company_name_pkey", "Relation Name": "company_name", "Alias": "cn", "Startup Cost": 0.0, "Total Cost": 0.28, "Plan Rows": 1, "Plan Width": 4, "Actual Min Startup Time": 18.52, "Actual Max Startup Time": 18.52, "Actual Min Total Time": 18.52, "Actual Max Total Time": 18.52, "Actual Total Rows": 2647, "Index Cond": "(id = mc.company_id)", "Rows Removed by Index Recheck": 0, "Filter": "((country_code)::text = '[us]'::text)", "Rows Removed by Filter": 237}]}, {"Node Type": "Index Scan", "Parent Relationship": "Inner", "Scan Direction": "Forward", "Index Name": "company_type_pkey", "Relation Name": "company_type", "Alias": "ct", "Startup Cost": 0.0, "Total Cost": 0.27, "Plan Rows": 1, "Plan Width": 4, "Actual Min Startup Time": 3.271, "Actual Max Startup Time": 3.271, "Actual Min Total Time": 3.271, "Actual Max Total Time": 3.271, "Actual Total Rows": 1488, "Index Cond": "(id = mc.company_type_id)", "Rows Removed by Index Recheck": 0}]}, {"Node Type": "Index Scan", "Parent Relationship": "Inner", "Scan Direction": "Forward", "Index Name": "movie_id_aka_title", "Relation Name": "aka_title", "Alias": "at", "Startup Cost": 0.0, "Total Cost": 0.33, "Plan Rows": 3, "Plan Width": 4, "Actual Min Startup Time": 6.687, "Actual Max Startup Time": 6.687, "Actual Min Total Time": 6.819, "Actual Max Total Time": 6.819, "Actual Total Rows": 119, "Index Cond": "(movie_id = t.id)", "Rows Removed by Index Recheck": 0}]}, {"Node Type": "Index Scan", "Parent Relationship": "Inner", "Scan Direction": "Forward", "Index Name": "movie_id_movie_keyword", "Relation Name": "movie_keyword", "Alias": "mk", "Startup Cost": 0.0, "Total Cost": 0.46, "Plan Rows": 8, "Plan Width": 8, "Actual Min Startup Time": 1.048, "Actual Max Startup Time": 1.048, "Actual Min Total Time": 1.569, "Actual Max Total Time": 1.569, "Actual Total Rows": 1140, "Index Cond": "(movie_id = mc.movie_id)", "Rows Removed by Index Recheck": 0}]}, {"Node Type": "Index Scan", "Parent Relationship": "Inner", "Scan Direction": "Forward", "Index Name": "keyword_pkey", "Relation Name": "keyword", "Alias": "k", "Startup Cost": 0.0, "Total Cost": 0.27, "Plan Rows": 1, "Plan Width": 4, "Actual Min Startup Time": 5.895, "Actual Max Startup Time": 5.895, "Actual Min Total Time": 5.895, "Actual Max Total Time": 5.895, "Actual Total Rows": 1140, "Index Cond": "(id = mk.keyword_id)", "Rows Removed by Index Recheck": 0}]}]}, "Triggers": [], "Planner Runtime": 312.327, "Total Runtime": 411.725, "Unique SQL Id": 2846462052}}, "(16, 69)": {"explain_plan": {"Plan": {"Node Type": "Aggregate", "Strategy": "Plain", "Startup Cost": 165048.91, "Total Cost": 165048.92, "Plan Rows": 1, "Plan Width": 123, "Plans": [{"Node Type": "Nested Loop", "Parent Relationship": "Outer", "Join Type": "Inner", "Startup Cost": 4841.46, "Total Cost": 165048.24, "Plan Rows": 134, "Plan Width": 59, "Inner Unique": true, "Plans": [{"Node Type": "Nested Loop", "Parent Relationship": "Outer", "Join Type": "Inner", "Startup Cost": 4841.46, "Total Cost": 165010.63, "Plan Rows": 134, "Plan Width": 63, "Inner Unique": false, "Join Filter": "(t.id = mk.movie_id)", "Plans": [{"Node Type": "Nested Loop", "Parent Relationship": "Outer", "Join Type": "Inner", "Startup Cost": 4841.46, "Total Cost": 165001.07, "Plan Rows": 17, "Plan Width": 75, "Inner Unique": false, "Plans": [{"Node Type": "Nested Loop", "Parent Relationship": "Outer", "Join Type": "Inner", "Startup Cost": 4841.46, "Total Cost": 164997.5, "Plan Rows": 10, "Plan Width": 71, "Inner Unique": true, "Plans": [{"Node Type": "Nested Loop", "Parent Relationship": "Outer", "Join Type": "Inner", "Startup Cost": 4841.46, "Total Cost": 164994.7, "Plan Rows": 10, "Plan Width": 75, "Inner Unique": true, "Plans": [{"Node Type": "Nested Loop", "Parent Relationship": "Outer", "Join Type": "Inner", "Startup Cost": 4841.46, "Total Cost": 164991.25, "Plan Rows": 12, "Plan Width": 79, "Inner Unique": false, "Plans": [{"Node Type": "Nested Loop", "Parent Relationship": "Outer", "Join Type": "Inner", "Startup Cost": 4841.46, "Total Cost": 164989.04, "Plan Rows": 6, "Plan Width": 67, "Inner Unique": true, "Plans": [{"Node Type": "Nested Loop", "Parent Relationship": "Outer", "Join Type": "Inner", "Startup Cost": 4841.46, "Total Cost": 164956.1, "Plan Rows": 4, "Plan Width": 46, "Inner Unique": false, "Plans": [{"Node Type": "Index Scan", "Parent Relationship": "Outer", "Scan Direction": "Forward", "Index Name": "info_type_pkey", "Relation Name": "info_type", "Alias": "it1", "Startup Cost": 0.0, "Total Cost": 14.21, "Plan Rows": 1, "Plan Width": 4, "Filter": "((info)::text = 'release dates'::text)"}, {"Node Type": "Bitmap Heap Scan", "Parent Relationship": "Inner", "Relation Name": "movie_info", "Alias": "mi", "Startup Cost": 4841.46, "Total Cost": 164941.85, "Plan Rows": 4, "Plan Width": 50, "Recheck Cond": "(info_type_id = it1.id)", "Filter": "((info IS NOT NULL) AND ((note)::text ~~ '%internet%'::text) AND (((info)::text ~~ 'USA:% 199%'::text) OR ((info)::text ~~ 'USA:% 200%'::text)))", "Plans": [{"Node Type": "Bitmap Index Scan", "Parent Relationship": "Outer", "Index Name": "info_type_id_movie_info", "Startup Cost": 0.0, "Total Cost": 4841.46, "Plan Rows": 212428, "Plan Width": 0, "Index Cond": "(info_type_id = it1.id)"}]}]}, {"Node Type": "Index Scan", "Parent Relationship": "Inner", "Scan Direction": "Forward", "Index Name": "title_pkey", "Relation Name": "title", "Alias": "t", "Startup Cost": 0.0, "Total Cost": 8.23, "Plan Rows": 1, "Plan Width": 21, "Index Cond": "(id = mi.movie_id)", "Filter": "(production_year > 1990)"}]}, {"Node Type": "Index Scan", "Parent Relationship": "Inner", "Scan Direction": "Forward", "Index Name": "movie_id_movie_companies", "Relation Name": "movie_companies", "Alias": "mc", "Startup Cost": 0.0, "Total Cost": 0.35, "Plan Rows": 2, "Plan Width": 12, "Index Cond": "(movie_id = t.id)"}]}, {"Node Type": "Index Scan", "Parent Relationship": "Inner", "Scan Direction": "Forward", "Index Name": "company_name_pkey", "Relation Name": "company_name", "Alias": "cn", "Startup Cost": 0.0, "Total Cost": 0.28, "Plan Rows": 1, "Plan Width": 4, "Index Cond": "(id = mc.company_id)", "Filter": "((country_code)::text = '[us]'::text)"}]}, {"Node Type": "Index Scan", "Parent Relationship": "Inner", "Scan Direction": "Forward", "Index Name": "company_type_pkey", "Relation Name": "company_type", "Alias": "ct", "Startup Cost": 0.0, "Total Cost": 0.27, "Plan Rows": 1, "Plan Width": 4, "Index Cond": "(id = mc.company_type_id)"}]}, {"Node Type": "Index Scan", "Parent Relationship": "Inner", "Scan Direction": "Forward", "Index Name": "movie_id_aka_title", "Relation Name": "aka_title", "Alias": "at", "Startup Cost": 0.0, "Total Cost": 0.33, "Plan Rows": 3, "Plan Width": 4, "Index Cond": "(movie_id = t.id)"}]}, {"Node Type": "Index Scan", "Parent Relationship": "Inner", "Scan Direction": "Forward", "Index Name": "movie_id_movie_keyword", "Relation Name": "movie_keyword", "Alias": "mk", "Startup Cost": 0.0, "Total Cost": 0.46, "Plan Rows": 8, "Plan Width": 8, "Index Cond": "(movie_id = mc.movie_id)"}]}, {"Node Type": "Index Scan", "Parent Relationship": "Inner", "Scan Direction": "Forward", "Index Name": "keyword_pkey", "Relation Name": "keyword", "Alias": "k", "Startup Cost": 0.0, "Total Cost": 0.27, "Plan Rows": 1, "Plan Width": 4, "Index Cond": "(id = mk.keyword_id)"}]}]}, "Unique SQL Id": 2846462052}, "explain_analyze_plan": {"Plan": {"Node Type": "Aggregate", "Strategy": "Plain", "Startup Cost": 165048.91, "Total Cost": 165048.92, "Plan Rows": 1, "Plan Width": 123, "Actual Startup Time": 1702.54, "Actual Total Time": 1702.541, "Actual Rows": 1, "Actual Loops": 1, "Plans": [{"Node Type": "Nested Loop", "Parent Relationship": "Outer", "Join Type": "Inner", "Startup Cost": 4841.46, "Total Cost": 165048.24, "Plan Rows": 134, "Plan Width": 59, "Actual Startup Time": 431.4, "Actual Total Time": 1701.484, "Actual Rows": 1140, "Actual Loops": 1, "Inner Unique": true, "Plans": [{"Node Type": "Nested Loop", "Parent Relationship": "Outer", "Join Type": "Inner", "Startup Cost": 4841.46, "Total Cost": 165010.63, "Plan Rows": 134, "Plan Width": 63, "Actual Startup Time": 431.375, "Actual Total Time": 1695.731, "Actual Rows": 1140, "Actual Loops": 1, "Inner Unique": false, "Join Filter": "(t.id = mk.movie_id)", "Rows Removed by Join Filter": 0, "Plans": [{"Node Type": "Nested Loop", "Parent Relationship": "Outer", "Join Type": "Inner", "Startup Cost": 4841.46, "Total Cost": 165001.07, "Plan Rows": 17, "Plan Width": 75, "Actual Startup Time": 431.333, "Actual Total Time": 1693.782, "Actual Rows": 119, "Actual Loops": 1, "Inner Unique": false, "Plans": [{"Node Type": "Nested Loop", "Parent Relationship": "Outer", "Join Type": "Inner", "Startup Cost": 4841.46, "Total Cost": 164997.5, "Plan Rows": 10, "Plan Width": 71, "Actual Startup Time": 381.777, "Actual Total Time": 1687.841, "Actual Rows": 1488, "Actual Loops": 1, "Inner Unique": true, "Plans": [{"Node Type": "Nested Loop", "Parent Relationship": "Outer", "Join Type": "Inner", "Startup Cost": 4841.46, "Total Cost": 164994.7, "Plan Rows": 10, "Plan Width": 75, "Actual Startup Time": 381.756, "Actual Total Time": 1682.224, "Actual Rows": 2647, "Actual Loops": 1, "Inner Unique": true, "Plans": [{"Node Type": "Nested Loop", "Parent Relationship": "Outer", "Join Type": "Inner", "Startup Cost": 4841.46, "Total Cost": 164991.25, "Plan Rows": 12, "Plan Width": 79, "Actual Startup Time": 381.735, "Actual Total Time": 1664.775, "Actual Rows": 2884, "Actual Loops": 1, "Inner Unique": false, "Plans": [{"Node Type": "Nested Loop", "Parent Relationship": "Outer", "Join Type": "Inner", "Startup Cost": 4841.46, "Total Cost": 164989.04, "Plan Rows": 6, "Plan Width": 67, "Actual Startup Time": 381.722, "Actual Total Time": 1650.254, "Actual Rows": 1782, "Actual Loops": 1, "Inner Unique": true, "Plans": [{"Node Type": "Nested Loop", "Parent Relationship": "Outer", "Join Type": "Inner", "Startup Cost": 4841.46, "Total Cost": 164956.1, "Plan Rows": 4, "Plan Width": 46, "Actual Startup Time": 381.675, "Actual Total Time": 1635.729, "Actual Rows": 1783, "Actual Loops": 1, "Inner Unique": false, "Plans": [{"Node Type": "Index Scan", "Parent Relationship": "Outer", "Scan Direction": "Forward", "Index Name": "info_type_pkey", "Relation Name": "info_type", "Alias": "it1", "Startup Cost": 0.0, "Total Cost": 14.21, "Plan Rows": 1, "Plan Width": 4, "Actual Startup Time": 0.062, "Actual Total Time": 0.11, "Actual Rows": 1, "Actual Loops": 1, "Filter": "((info)::text = 'release dates'::text)", "Rows Removed by Filter": 111}, {"Node Type": "Bitmap Heap Scan", "Parent Relationship": "Inner", "Relation Name": "movie_info", "Alias": "mi", "Startup Cost": 4841.46, "Total Cost": 164941.85, "Plan Rows": 4, "Plan Width": 50, "Actual Startup Time": 381.603, "Actual Total Time": 1635.049, "Actual Rows": 1783, "Actual Loops": 1, "Recheck Cond": "(info_type_id = it1.id)", "Rows Removed by Index Recheck": 0, "Filter": "((info IS NOT NULL) AND ((note)::text ~~ '%internet%'::text) AND (((info)::text ~~ 'USA:% 199%'::text) OR ((info)::text ~~ 'USA:% 200%'::text)))", "Rows Removed by Filter": 3034936, "Exact Heap Blocks": 21947, "Lossy Heap Blocks": 21947, "Plans": [{"Node Type": "Bitmap Index Scan", "Parent Relationship": "Outer", "Index Name": "info_type_id_movie_info", "Startup Cost": 0.0, "Total Cost": 4841.46, "Plan Rows": 212428, "Plan Width": 0, "Actual Startup Time": 376.299, "Actual Total Time": 376.299, "Actual Rows": 3036719, "Actual Loops": 1, "Index Cond": "(info_type_id = it1.id)"}]}]}, {"Node Type": "Index Scan", "Parent Relationship": "Inner", "Scan Direction": "Forward", "Index Name": "title_pkey", "Relation Name": "title", "Alias": "t", "Startup Cost": 0.0, "Total Cost": 8.23, "Plan Rows": 1, "Plan Width": 21, "Actual Startup Time": 12.127, "Actual Total Time": 12.127, "Actual Rows": 1782, "Actual Loops": 1783, "Index Cond": "(id = mi.movie_id)", "Rows Removed by Index Recheck": 0, "Filter": "(production_year > 1990)", "Rows Removed by Filter": 1}]}, {"Node Type": "Index Scan", "Parent Relationship": "Inner", "Scan Direction": "Forward", "Index Name": "movie_id_movie_companies", "Relation Name": "movie_companies", "Alias": "mc", "Startup Cost": 0.0, "Total Cost": 0.35, "Plan Rows": 2, "Plan Width": 12, "Actual Startup Time": 9.869, "Actual Total Time": 12.552, "Actual Rows": 2884, "Actual Loops": 1782, "Index Cond": "(movie_id = t.id)", "Rows Removed by Index Recheck": 0}]}, {"Node Type": "Index Scan", "Parent Relationship": "Inner", "Scan Direction": "Forward", "Index Name": "company_name_pkey", "Relation Name": "company_name", "Alias": "cn", "Startup Cost": 0.0, "Total Cost": 0.28, "Plan Rows": 1, "Plan Width": 4, "Actual Startup Time": 14.708, "Actual Total Time": 14.708, "Actual Rows": 2647, "Actual Loops": 2884, "Index Cond": "(id = mc.company_id)", "Rows Removed by Index Recheck": 0, "Filter": "((country_code)::text = '[us]'::text)", "Rows Removed by Filter": 237}]}, {"Node Type": "Index Scan", "Parent Relationship": "Inner", "Scan Direction": "Forward", "Index Name": "company_type_pkey", "Relation Name": "company_type", "Alias": "ct", "Startup Cost": 0.0, "Total Cost": 0.27, "Plan Rows": 1, "Plan Width": 4, "Actual Startup Time": 3.387, "Actual Total Time": 3.387, "Actual Rows": 1488, "Actual Loops": 2647, "Index Cond": "(id = mc.company_type_id)", "Rows Removed by Index Recheck": 0}]}, {"Node Type": "Index Scan", "Parent Relationship": "Inner", "Scan Direction": "Forward", "Index Name": "movie_id_aka_title", "Relation Name": "aka_title", "Alias": "at", "Startup Cost": 0.0, "Total Cost": 0.33, "Plan Rows": 3, "Plan Width": 4, "Actual Startup Time": 4.93, "Actual Total Time": 5.027, "Actual Rows": 119, "Actual Loops": 1488, "Index Cond": "(movie_id = t.id)", "Rows Removed by Index Recheck": 0}]}, {"Node Type": "Index Scan", "Parent Relationship": "Inner", "Scan Direction": "Forward", "Index Name": "movie_id_movie_keyword", "Relation Name": "movie_keyword", "Alias": "mk", "Startup Cost": 0.0, "Total Cost": 0.46, "Plan Rows": 8, "Plan Width": 8, "Actual Startup Time": 0.754, "Actual Total Time": 1.296, "Actual Rows": 1140, "Actual Loops": 119, "Index Cond": "(movie_id = mc.movie_id)", "Rows Removed by Index Recheck": 0}]}, {"Node Type": "Index Scan", "Parent Relationship": "Inner", "Scan Direction": "Forward", "Index Name": "keyword_pkey", "Relation Name": "keyword", "Alias": "k", "Startup Cost": 0.0, "Total Cost": 0.27, "Plan Rows": 1, "Plan Width": 4, "Actual Startup Time": 4.847, "Actual Total Time": 4.847, "Actual Rows": 1140, "Actual Loops": 1140, "Index Cond": "(id = mk.keyword_id)", "Rows Removed by Index Recheck": 0}]}]}, "Triggers": [], "Planner Runtime": 313.468, "Total Runtime": 1703.232, "Unique SQL Id": 2846462052}}, "(16, 70)": {"explain_plan": {"Plan": {"Node Type": "Aggregate", "Strategy": "Plain", "Startup Cost": 41667.12, "Total Cost": 41667.13, "Plan Rows": 1, "Plan Width": 123, "Plans": [{"Node Type": "Nested Loop", "Parent Relationship": "Outer", "Join Type": "Inner", "Startup Cost": 7.95, "Total Cost": 41666.45, "Plan Rows": 134, "Plan Width": 59, "Inner Unique": true, "Join Filter": "(at.movie_id = t.id)", "Plans": [{"Node Type": "Nested Loop", "Parent Relationship": "Outer", "Join Type": "Inner", "Startup Cost": 7.68, "Total Cost": 41249.99, "Plan Rows": 97, "Plan Width": 58, "Inner Unique": true, "Plans": [{"Node Type": "Nested Loop", "Parent Relationship": "Outer", "Join Type": "Inner", "Startup Cost": 7.43, "Total Cost": 40834.8, "Plan Rows": 97, "Plan Width": 62, "Inner Unique": false, "Join Filter": "(at.movie_id = mk.movie_id)", "Plans": [{"Node Type": "Nested Loop", "Parent Relationship": "Outer", "Join Type": "Inner", "Startup Cost": 7.09, "Total Cost": 40780.35, "Plan Rows": 12, "Plan Width": 54, "Inner Unique": true, "Plans": [{"Node Type": "Nested Loop", "Parent Relationship": "Outer", "Join Type": "Inner", "Startup Cost": 6.83, "Total Cost": 40728.98, "Plan Rows": 12, "Plan Width": 58, "Inner Unique": true, "Plans": [{"Node Type": "Nested Loop", "Parent Relationship": "Outer", "Join Type": "Inner", "Startup Cost": 6.57, "Total Cost": 40643.32, "Plan Rows": 20, "Plan Width": 62, "Inner Unique": false, "Plans": [{"Node Type": "Nested Loop", "Parent Relationship": "Outer", "Join Type": "Inner", "Startup Cost": 6.2, "Total Cost": 40603.57, "Plan Rows": 9, "Plan Width": 50, "Inner Unique": false, "Plans": [{"Node Type": "Hash Join", "Parent Relationship": "Outer", "Join Type": "Inner", "Startup Cost": 2.41, "Total Cost": 40540.94, "Plan Rows": 4, "Plan Width": 46, "Inner Unique": true, "Hash Cond": "(mi.info_type_id = it1.id)", "Plans": [{"Node Type": "Streaming(type: LOCAL GATHER dop: 1/16)", "Parent Relationship": "Outer", "Startup Cost": 0.0, "Total Cost": 40537.53, "Plan Rows": 255, "Plan Width": 50, "Plans": [{"Node Type": "Seq Scan", "Parent Relationship": "Outer", "Relation Name": "movie_info", "Alias": "mi", "Startup Cost": 0.0, "Total Cost": 40532.03, "Plan Rows": 255, "Plan Width": 50, "Filter": "((info IS NOT NULL) AND ((note)::text ~~ '%internet%'::text) AND (((info)::text ~~ 'USA:% 199%'::text) OR ((info)::text ~~ 'USA:% 200%'::text)))"}]}, {"Node Type": "Hash", "Parent Relationship": "Inner", "Startup Cost": 2.4, "Total Cost": 2.4, "Plan Rows": 1, "Plan Width": 4, "Plans": [{"Node Type": "Seq Scan", "Parent Relationship": "Outer", "Relation Name": "info_type", "Alias": "it1", "Startup Cost": 0.0, "Total Cost": 2.4, "Plan Rows": 1, "Plan Width": 4, "Filter": "((info)::text = 'release dates'::text)"}]}]}, {"Node Type": "Bitmap Heap Scan", "Parent Relationship": "Inner", "Relation Name": "aka_title", "Alias": "at", "Startup Cost": 3.79, "Total Cost": 15.63, "Plan Rows": 3, "Plan Width": 4, "Recheck Cond": "(movie_id = mi.movie_id)", "Plans": [{"Node Type": "Bitmap Index Scan", "Parent Relationship": "Outer", "Index Name": "movie_id_aka_title", "Startup Cost": 0.0, "Total Cost": 3.79, "Plan Rows": 3, "Plan Width": 0, "Index Cond": "(movie_id = mi.movie_id)"}]}]}, {"Node Type": "Bitmap Heap Scan", "Parent Relationship": "Inner", "Relation Name": "movie_companies", "Alias": "mc", "Startup Cost": 0.37, "Total Cost": 4.4, "Plan Rows": 2, "Plan Width": 12, "Recheck Cond": "(movie_id = at.movie_id)", "Plans": [{"Node Type": "Bitmap Index Scan", "Parent Relationship": "Outer", "Index Name": "movie_id_movie_companies", "Startup Cost": 0.0, "Total Cost": 0.37, "Plan Rows": 2, "Plan Width": 0, "Index Cond": "(movie_id = at.movie_id)"}]}]}, {"Node Type": "Bitmap Heap Scan", "Parent Relationship": "Inner", "Relation Name": "company_name", "Alias": "cn", "Startup Cost": 0.26, "Total Cost": 4.27, "Plan Rows": 1, "Plan Width": 4, "Recheck Cond": "(id = mc.company_id)", "Filter": "((country_code)::text = '[us]'::text)", "Plans": [{"Node Type": "Bitmap Index Scan", "Parent Relationship": "Outer", "Index Name": "company_name_pkey", "Startup Cost": 0.0, "Total Cost": 0.26, "Plan Rows": 1, "Plan Width": 0, "Index Cond": "(id = mc.company_id)"}]}]}, {"Node Type": "Bitmap Heap Scan", "Parent Relationship": "Inner", "Relation Name": "company_type", "Alias": "ct", "Startup Cost": 0.26, "Total Cost": 4.27, "Plan Rows": 1, "Plan Width": 4, "Recheck Cond": "(id = mc.company_type_id)", "Plans": [{"Node Type": "Bitmap Index Scan", "Parent Relationship": "Outer", "Index Name": "company_type_pkey", "Startup Cost": 0.0, "Total Cost": 0.26, "Plan Rows": 1, "Plan Width": 0, "Index Cond": "(id = mc.company_type_id)"}]}]}, {"Node Type": "Bitmap Heap Scan", "Parent Relationship": "Inner", "Relation Name": "movie_keyword", "Alias": "mk", "Startup Cost": 0.34, "Total Cost": 4.44, "Plan Rows": 8, "Plan Width": 8, "Recheck Cond": "(movie_id = mc.movie_id)", "Plans": [{"Node Type": "Bitmap Index Scan", "Parent Relationship": "Outer", "Index Name": "movie_id_movie_keyword", "Startup Cost": 0.0, "Total Cost": 0.34, "Plan Rows": 8, "Plan Width": 0, "Index Cond": "(movie_id = mc.movie_id)"}]}]}, {"Node Type": "Bitmap Heap Scan", "Parent Relationship": "Inner", "Relation Name": "keyword", "Alias": "k", "Startup Cost": 0.26, "Total Cost": 4.27, "Plan Rows": 1, "Plan Width": 4, "Recheck Cond": "(id = mk.keyword_id)", "Plans": [{"Node Type": "Bitmap Index Scan", "Parent Relationship": "Outer", "Index Name": "keyword_pkey", "Startup Cost": 0.0, "Total Cost": 0.26, "Plan Rows": 1, "Plan Width": 0, "Index Cond": "(id = mk.keyword_id)"}]}]}, {"Node Type": "Bitmap Heap Scan", "Parent Relationship": "Inner", "Relation Name": "title", "Alias": "t", "Startup Cost": 0.27, "Total Cost": 4.28, "Plan Rows": 1, "Plan Width": 21, "Recheck Cond": "(id = mk.movie_id)", "Filter": "(production_year > 1990)", "Plans": [{"Node Type": "Bitmap Index Scan", "Parent Relationship": "Outer", "Index Name": "title_pkey", "Startup Cost": 0.0, "Total Cost": 0.27, "Plan Rows": 1, "Plan Width": 0, "Index Cond": "(id = mk.movie_id)"}]}]}]}, "Unique SQL Id": 2846462052}, "explain_analyze_plan": {"Plan": {"Node Type": "Aggregate", "Strategy": "Plain", "Startup Cost": 41667.12, "Total Cost": 41667.13, "Plan Rows": 1, "Plan Width": 123, "Actual Min Startup Time": 331.447, "Actual Max Startup Time": 331.447, "Actual Min Total Time": 331.447, "Actual Max Total Time": 331.447, "Actual Total Rows": 1, "Plans": [{"Node Type": "Nested Loop", "Parent Relationship": "Outer", "Join Type": "Inner", "Startup Cost": 7.95, "Total Cost": 41666.45, "Plan Rows": 134, "Plan Width": 59, "Actual Min Startup Time": 147.126, "Actual Max Startup Time": 147.126, "Actual Min Total Time": 330.419, "Actual Max Total Time": 330.419, "Actual Total Rows": 1140, "Inner Unique": true, "Join Filter": "(at.movie_id = t.id)", "Rows Removed by Join Filter": 0, "Plans": [{"Node Type": "Nested Loop", "Parent Relationship": "Outer", "Join Type": "Inner", "Startup Cost": 7.68, "Total Cost": 41249.99, "Plan Rows": 97, "Plan Width": 58, "Actual Min Startup Time": 147.085, "Actual Max Startup Time": 147.085, "Actual Min Total Time": 324.027, "Actual Max Total Time": 324.027, "Actual Total Rows": 1140, "Inner Unique": true, "Plans": [{"Node Type": "Nested Loop", "Parent Relationship": "Outer", "Join Type": "Inner", "Startup Cost": 7.43, "Total Cost": 40834.8, "Plan Rows": 97, "Plan Width": 62, "Actual Min Startup Time": 147.069, "Actual Max Startup Time": 147.069, "Actual Min Total Time": 317.038, "Actual Max Total Time": 317.038, "Actual Total Rows": 1140, "Inner Unique": false, "Join Filter": "(at.movie_id = mk.movie_id)", "Rows Removed by Join Filter": 0, "Plans": [{"Node Type": "Nested Loop", "Parent Relationship": "Outer", "Join Type": "Inner", "Startup Cost": 7.09, "Total Cost": 40780.35, "Plan Rows": 12, "Plan Width": 54, "Actual Min Startup Time": 147.047, "Actual Max Startup Time": 147.047, "Actual Min Total Time": 315.333, "Actual Max Total Time": 315.333, "Actual Total Rows": 119, "Inner Unique": true, "Plans": [{"Node Type": "Nested Loop", "Parent Relationship": "Outer", "Join Type": "Inner", "Startup Cost": 6.83, "Total Cost": 40728.98, "Plan Rows": 12, "Plan Width": 58, "Actual Min Startup Time": 147.02, "Actual Max Startup Time": 147.02, "Actual Min Total Time": 314.401, "Actual Max Total Time": 314.401, "Actual Total Rows": 284, "Inner Unique": true, "Plans": [{"Node Type": "Nested Loop", "Parent Relationship": "Outer", "Join Type": "Inner", "Startup Cost": 6.57, "Total Cost": 40643.32, "Plan Rows": 20, "Plan Width": 62, "Actual Min Startup Time": 146.995, "Actual Max Startup Time": 146.995, "Actual Min Total Time": 311.671, "Actual Max Total Time": 311.671, "Actual Total Rows": 400, "Inner Unique": false, "Plans": [{"Node Type": "Nested Loop", "Parent Relationship": "Outer", "Join Type": "Inner", "Startup Cost": 6.2, "Total Cost": 40603.57, "Plan Rows": 9, "Plan Width": 50, "Actual Min Startup Time": 146.971, "Actual Max Startup Time": 146.971, "Actual Min Total Time": 309.989, "Actual Max Total Time": 309.989, "Actual Total Rows": 120, "Inner Unique": false, "Plans": [{"Node Type": "Hash Join", "Parent Relationship": "Outer", "Join Type": "Inner", "Startup Cost": 2.41, "Total Cost": 40540.94, "Plan Rows": 4, "Plan Width": 46, "Actual Min Startup Time": 146.738, "Actual Max Startup Time": 146.738, "Actual Min Total Time": 301.42, "Actual Max Total Time": 301.42, "Actual Total Rows": 1783, "Inner Unique": true, "Hash Cond": "(mi.info_type_id = it1.id)", "Plans": [{"Node Type": "Streaming(type: LOCAL GATHER dop: 1/16)", "Parent Relationship": "Outer", "Startup Cost": 0.0, "Total Cost": 40537.53, "Plan Rows": 255, "Plan Width": 50, "Actual Min Startup Time": 146.524, "Actual Max Startup Time": 146.524, "Actual Min Total Time": 300.168, "Actual Max Total Time": 300.168, "Actual Total Rows": 1783, "Plans": [{"Node Type": "Seq Scan", "Parent Relationship": "Outer", "Relation Name": "movie_info", "Alias": "mi", "Startup Cost": 0.0, "Total Cost": 40532.03, "Plan Rows": 255, "Plan Width": 50, "Actual Min Startup Time": 80.813, "Actual Max Startup Time": 88.891, "Actual Min Total Time": 294.643, "Actual Max Total Time": 303.594, "Actual Total Rows": 1783, "Filter": "((info IS NOT NULL) AND ((note)::text ~~ '%internet%'::text) AND (((info)::text ~~ 'USA:% 199%'::text) OR ((info)::text ~~ 'USA:% 200%'::text)))", "Rows Removed by Filter": 14833936}]}, {"Node Type": "Hash", "Parent Relationship": "Inner", "Startup Cost": 2.4, "Total Cost": 2.4, "Plan Rows": 1, "Plan Width": 4, "Actual Min Startup Time": 0.117, "Actual Max Startup Time": 0.117, "Actual Min Total Time": 0.117, "Actual Max Total Time": 0.117, "Actual Total Rows": 1, "Max Hash Buckets": 32768, "Min Hash Buckets": 32768, "Max Hash Batches": 1, "Min Hash Batches": 1, "Max Original Hash Batches": 1, "Min Original Hash Batches": 1, "Max Peak Memory Usage": 1, "min Peak Memory Usage": 1, "Plans": [{"Node Type": "Seq Scan", "Parent Relationship": "Outer", "Relation Name": "info_type", "Alias": "it1", "Startup Cost": 0.0, "Total Cost": 2.4, "Plan Rows": 1, "Plan Width": 4, "Actual Min Startup Time": 0.077, "Actual Max Startup Time": 0.077, "Actual Min Total Time": 0.099, "Actual Max Total Time": 0.099, "Actual Total Rows": 1, "Filter": "((info)::text = 'release dates'::text)", "Rows Removed by Filter": 111}]}]}, {"Node Type": "Bitmap Heap Scan", "Parent Relationship": "Inner", "Relation Name": "aka_title", "Alias": "at", "Startup Cost": 3.79, "Total Cost": 15.63, "Plan Rows": 3, "Plan Width": 4, "Actual Min Startup Time": 6.438, "Actual Max Startup Time": 6.438, "Actual Min Total Time": 6.538, "Actual Max Total Time": 6.538, "Actual Total Rows": 120, "Recheck Cond": "(movie_id = mi.movie_id)", "Rows Removed by Index Recheck": 0, "Exact Heap Blocks": 120, "Lossy Heap Blocks": 120, "Plans": [{"Node Type": "Bitmap Index Scan", "Parent Relationship": "Outer", "Index Name": "movie_id_aka_title", "Startup Cost": 0.0, "Total Cost": 3.79, "Plan Rows": 3, "Plan Width": 0, "Actual Min Startup Time": 5.297, "Actual Max Startup Time": 5.297, "Actual Min Total Time": 5.297, "Actual Max Total Time": 5.297, "Actual Total Rows": 120, "Index Cond": "(movie_id = mi.movie_id)"}]}]}, {"Node Type": "Bitmap Heap Scan", "Parent Relationship": "Inner", "Relation Name": "movie_companies", "Alias": "mc", "Startup Cost": 0.37, "Total Cost": 4.4, "Plan Rows": 2, "Plan Width": 12, "Actual Min Startup Time": 1.141, "Actual Max Startup Time": 1.141, "Actual Min Total Time": 1.377, "Actual Max Total Time": 1.377, "Actual Total Rows": 400, "Recheck Cond": "(movie_id = at.movie_id)", "Rows Removed by Index Recheck": 0, "Exact Heap Blocks": 214, "Lossy Heap Blocks": 214, "Plans": [{"Node Type": "Bitmap Index Scan", "Parent Relationship": "Outer", "Index Name": "movie_id_movie_companies", "Startup Cost": 0.0, "Total Cost": 0.37, "Plan Rows": 2, "Plan Width": 0, "Actual Min Startup Time": 0.68, "Actual Max Startup Time": 0.68, "Actual Min Total Time": 0.68, "Actual Max Total Time": 0.68, "Actual Total Rows": 400, "Index Cond": "(movie_id = at.movie_id)"}]}]}, {"Node Type": "Bitmap Heap Scan", "Parent Relationship": "Inner", "Relation Name": "company_name", "Alias": "cn", "Startup Cost": 0.26, "Total Cost": 4.27, "Plan Rows": 1, "Plan Width": 4, "Actual Min Startup Time": 2.193, "Actual Max Startup Time": 2.193, "Actual Min Total Time": 2.193, "Actual Max Total Time": 2.193, "Actual Total Rows": 284, "Recheck Cond": "(id = mc.company_id)", "Rows Removed by Index Recheck": 0, "Filter": "((country_code)::text = '[us]'::text)", "Rows Removed by Filter": 116, "Exact Heap Blocks": 400, "Lossy Heap Blocks": 400, "Plans": [{"Node Type": "Bitmap Index Scan", "Parent Relationship": "Outer", "Index Name": "company_name_pkey", "Startup Cost": 0.0, "Total Cost": 0.26, "Plan Rows": 1, "Plan Width": 0, "Actual Min Startup Time": 1.258, "Actual Max Startup Time": 1.258, "Actual Min Total Time": 1.258, "Actual Max Total Time": 1.258, "Actual Total Rows": 400, "Index Cond": "(id = mc.company_id)"}]}]}, {"Node Type": "Bitmap Heap Scan", "Parent Relationship": "Inner", "Relation Name": "company_type", "Alias": "ct", "Startup Cost": 0.26, "Total Cost": 4.27, "Plan Rows": 1, "Plan Width": 4, "Actual Min Startup Time": 0.559, "Actual Max Startup Time": 0.559, "Actual Min Total Time": 0.559, "Actual Max Total Time": 0.559, "Actual Total Rows": 119, "Recheck Cond": "(id = mc.company_type_id)", "Rows Removed by Index Recheck": 0, "Exact Heap Blocks": 119, "Lossy Heap Blocks": 119, "Plans": [{"Node Type": "Bitmap Index Scan", "Parent Relationship": "Outer", "Index Name": "company_type_pkey", "Startup Cost": 0.0, "Total Cost": 0.26, "Plan Rows": 1, "Plan Width": 0, "Actual Min Startup Time": 0.278, "Actual Max Startup Time": 0.278, "Actual Min Total Time": 0.278, "Actual Max Total Time": 0.278, "Actual Total Rows": 119, "Index Cond": "(id = mc.company_type_id)"}]}]}, {"Node Type": "Bitmap Heap Scan", "Parent Relationship": "Inner", "Relation Name": "movie_keyword", "Alias": "mk", "Startup Cost": 0.34, "Total Cost": 4.44, "Plan Rows": 8, "Plan Width": 8, "Actual Min Startup Time": 0.933, "Actual Max Startup Time": 0.933, "Actual Min Total Time": 1.14, "Actual Max Total Time": 1.14, "Actual Total Rows": 1140, "Recheck Cond": "(movie_id = mc.movie_id)", "Rows Removed by Index Recheck": 0, "Exact Heap Blocks": 91, "Lossy Heap Blocks": 91, "Plans": [{"Node Type": "Bitmap Index Scan", "Parent Relationship": "Outer", "Index Name": "movie_id_movie_keyword", "Startup Cost": 0.0, "Total Cost": 0.34, "Plan Rows": 8, "Plan Width": 0, "Actual Min Startup Time": 0.605, "Actual Max Startup Time": 0.605, "Actual Min Total Time": 0.605, "Actual Max Total Time": 0.605, "Actual Total Rows": 1140, "Index Cond": "(movie_id = mc.movie_id)"}]}]}, {"Node Type": "Bitmap Heap Scan", "Parent Relationship": "Inner", "Relation Name": "keyword", "Alias": "k", "Startup Cost": 0.26, "Total Cost": 4.27, "Plan Rows": 1, "Plan Width": 4, "Actual Min Startup Time": 5.351, "Actual Max Startup Time": 5.351, "Actual Min Total Time": 5.351, "Actual Max Total Time": 5.351, "Actual Total Rows": 1140, "Recheck Cond": "(id = mk.keyword_id)", "Rows Removed by Index Recheck": 0, "Exact Heap Blocks": 1140, "Lossy Heap Blocks": 1140, "Plans": [{"Node Type": "Bitmap Index Scan", "Parent Relationship": "Outer", "Index Name": "keyword_pkey", "Startup Cost": 0.0, "Total Cost": 0.26, "Plan Rows": 1, "Plan Width": 0, "Actual Min Startup Time": 3.381, "Actual Max Startup Time": 3.381, "Actual Min Total Time": 3.381, "Actual Max Total Time": 3.381, "Actual Total Rows": 1140, "Index Cond": "(id = mk.keyword_id)"}]}]}, {"Node Type": "Bitmap Heap Scan", "Parent Relationship": "Inner", "Relation Name": "title", "Alias": "t", "Startup Cost": 0.27, "Total Cost": 4.28, "Plan Rows": 1, "Plan Width": 21, "Actual Min Startup Time": 4.703, "Actual Max Startup Time": 4.703, "Actual Min Total Time": 4.703, "Actual Max Total Time": 4.703, "Actual Total Rows": 1140, "Recheck Cond": "(id = mk.movie_id)", "Rows Removed by Index Recheck": 0, "Filter": "(production_year > 1990)", "Rows Removed by Filter": 0, "Exact Heap Blocks": 1140, "Lossy Heap Blocks": 1140, "Plans": [{"Node Type": "Bitmap Index Scan", "Parent Relationship": "Outer", "Index Name": "title_pkey", "Startup Cost": 0.0, "Total Cost": 0.27, "Plan Rows": 1, "Plan Width": 0, "Actual Min Startup Time": 2.836, "Actual Max Startup Time": 2.836, "Actual Min Total Time": 2.836, "Actual Max Total Time": 2.836, "Actual Total Rows": 1140, "Index Cond": "(id = mk.movie_id)"}]}]}]}, "Triggers": [], "Planner Runtime": 343.393, "Total Runtime": 334.527, "Unique SQL Id": 2846462052}}, "(16, 71)": {"explain_plan": {"Plan": {"Node Type": "Aggregate", "Strategy": "Plain", "Startup Cost": 166082.29, "Total Cost": 166082.3, "Plan Rows": 1, "Plan Width": 123, "Plans": [{"Node Type": "Nested Loop", "Parent Relationship": "Outer", "Join Type": "Inner", "Startup Cost": 4855.81, "Total Cost": 166081.62, "Plan Rows": 134, "Plan Width": 59, "Inner Unique": true, "Join Filter": "(at.movie_id = t.id)", "Plans": [{"Node Type": "Nested Loop", "Parent Relationship": "Outer", "Join Type": "Inner", "Startup Cost": 4855.54, "Total Cost": 165665.15, "Plan Rows": 97, "Plan Width": 58, "Inner Unique": true, "Plans": [{"Node Type": "Nested Loop", "Parent Relationship": "Outer", "Join Type": "Inner", "Startup Cost": 4855.28, "Total Cost": 165249.97, "Plan Rows": 97, "Plan Width": 62, "Inner Unique": false, "Join Filter": "(at.movie_id = mk.movie_id)", "Plans": [{"Node Type": "Nested Loop", "Parent Relationship": "Outer", "Join Type": "Inner", "Startup Cost": 4854.95, "Total Cost": 165195.51, "Plan Rows": 12, "Plan Width": 54, "Inner Unique": true, "Plans": [{"Node Type": "Nested Loop", "Parent Relationship": "Outer", "Join Type": "Inner", "Startup Cost": 4854.69, "Total Cost": 165144.15, "Plan Rows": 12, "Plan Width": 58, "Inner Unique": true, "Plans": [{"Node Type": "Nested Loop", "Parent Relationship": "Outer", "Join Type": "Inner", "Startup Cost": 4854.43, "Total Cost": 165058.48, "Plan Rows": 20, "Plan Width": 62, "Inner Unique": false, "Plans": [{"Node Type": "Nested Loop", "Parent Relationship": "Outer", "Join Type": "Inner", "Startup Cost": 4854.06, "Total Cost": 165018.73, "Plan Rows": 9, "Plan Width": 50, "Inner Unique": false, "Plans": [{"Node Type": "Nested Loop", "Parent Relationship": "Outer", "Join Type": "Inner", "Startup Cost": 4850.27, "Total Cost": 164956.1, "Plan Rows": 4, "Plan Width": 46, "Inner Unique": false, "Plans": [{"Node Type": "Bitmap Heap Scan", "Parent Relationship": "Outer", "Relation Name": "info_type", "Alias": "it1", "Startup Cost": 8.81, "Total Cost": 14.21, "Plan Rows": 1, "Plan Width": 4, "Filter": "((info)::text = 'release dates'::text)", "Plans": [{"Node Type": "Bitmap Index Scan", "Parent Relationship": "Outer", "Index Name": "info_type_pkey", "Startup Cost": 0.0, "Total Cost": 8.81, "Plan Rows": 112, "Plan Width": 0}]}, {"Node Type": "Bitmap Heap Scan", "Parent Relationship": "Inner", "Relation Name": "movie_info", "Alias": "mi", "Startup Cost": 4841.46, "Total Cost": 164941.85, "Plan Rows": 4, "Plan Width": 50, "Recheck Cond": "(info_type_id = it1.id)", "Filter": "((info IS NOT NULL) AND ((note)::text ~~ '%internet%'::text) AND (((info)::text ~~ 'USA:% 199%'::text) OR ((info)::text ~~ 'USA:% 200%'::text)))", "Plans": [{"Node Type": "Bitmap Index Scan", "Parent Relationship": "Outer", "Index Name": "info_type_id_movie_info", "Startup Cost": 0.0, "Total Cost": 4841.46, "Plan Rows": 212428, "Plan Width": 0, "Index Cond": "(info_type_id = it1.id)"}]}]}, {"Node Type": "Bitmap Heap Scan", "Parent Relationship": "Inner", "Relation Name": "aka_title", "Alias": "at", "Startup Cost": 3.79, "Total Cost": 15.63, "Plan Rows": 3, "Plan Width": 4, "Recheck Cond": "(movie_id = mi.movie_id)", "Plans": [{"Node Type": "Bitmap Index Scan", "Parent Relationship": "Outer", "Index Name": "movie_id_aka_title", "Startup Cost": 0.0, "Total Cost": 3.79, "Plan Rows": 3, "Plan Width": 0, "Index Cond": "(movie_id = mi.movie_id)"}]}]}, {"Node Type": "Bitmap Heap Scan", "Parent Relationship": "Inner", "Relation Name": "movie_companies", "Alias": "mc", "Startup Cost": 0.37, "Total Cost": 4.4, "Plan Rows": 2, "Plan Width": 12, "Recheck Cond": "(movie_id = at.movie_id)", "Plans": [{"Node Type": "Bitmap Index Scan", "Parent Relationship": "Outer", "Index Name": "movie_id_movie_companies", "Startup Cost": 0.0, "Total Cost": 0.37, "Plan Rows": 2, "Plan Width": 0, "Index Cond": "(movie_id = at.movie_id)"}]}]}, {"Node Type": "Bitmap Heap Scan", "Parent Relationship": "Inner", "Relation Name": "company_name", "Alias": "cn", "Startup Cost": 0.26, "Total Cost": 4.27, "Plan Rows": 1, "Plan Width": 4, "Recheck Cond": "(id = mc.company_id)", "Filter": "((country_code)::text = '[us]'::text)", "Plans": [{"Node Type": "Bitmap Index Scan", "Parent Relationship": "Outer", "Index Name": "company_name_pkey", "Startup Cost": 0.0, "Total Cost": 0.26, "Plan Rows": 1, "Plan Width": 0, "Index Cond": "(id = mc.company_id)"}]}]}, {"Node Type": "Bitmap Heap Scan", "Parent Relationship": "Inner", "Relation Name": "company_type", "Alias": "ct", "Startup Cost": 0.26, "Total Cost": 4.27, "Plan Rows": 1, "Plan Width": 4, "Recheck Cond": "(id = mc.company_type_id)", "Plans": [{"Node Type": "Bitmap Index Scan", "Parent Relationship": "Outer", "Index Name": "company_type_pkey", "Startup Cost": 0.0, "Total Cost": 0.26, "Plan Rows": 1, "Plan Width": 0, "Index Cond": "(id = mc.company_type_id)"}]}]}, {"Node Type": "Bitmap Heap Scan", "Parent Relationship": "Inner", "Relation Name": "movie_keyword", "Alias": "mk", "Startup Cost": 0.34, "Total Cost": 4.44, "Plan Rows": 8, "Plan Width": 8, "Recheck Cond": "(movie_id = mc.movie_id)", "Plans": [{"Node Type": "Bitmap Index Scan", "Parent Relationship": "Outer", "Index Name": "movie_id_movie_keyword", "Startup Cost": 0.0, "Total Cost": 0.34, "Plan Rows": 8, "Plan Width": 0, "Index Cond": "(movie_id = mc.movie_id)"}]}]}, {"Node Type": "Bitmap Heap Scan", "Parent Relationship": "Inner", "Relation Name": "keyword", "Alias": "k", "Startup Cost": 0.26, "Total Cost": 4.27, "Plan Rows": 1, "Plan Width": 4, "Recheck Cond": "(id = mk.keyword_id)", "Plans": [{"Node Type": "Bitmap Index Scan", "Parent Relationship": "Outer", "Index Name": "keyword_pkey", "Startup Cost": 0.0, "Total Cost": 0.26, "Plan Rows": 1, "Plan Width": 0, "Index Cond": "(id = mk.keyword_id)"}]}]}, {"Node Type": "Bitmap Heap Scan", "Parent Relationship": "Inner", "Relation Name": "title", "Alias": "t", "Startup Cost": 0.27, "Total Cost": 4.28, "Plan Rows": 1, "Plan Width": 21, "Recheck Cond": "(id = mk.movie_id)", "Filter": "(production_year > 1990)", "Plans": [{"Node Type": "Bitmap Index Scan", "Parent Relationship": "Outer", "Index Name": "title_pkey", "Startup Cost": 0.0, "Total Cost": 0.27, "Plan Rows": 1, "Plan Width": 0, "Index Cond": "(id = mk.movie_id)"}]}]}]}, "Unique SQL Id": 2846462052}, "explain_analyze_plan": null}, "(16, 72)": {"explain_plan": {"Plan": {"Node Type": "Aggregate", "Strategy": "Plain", "Startup Cost": 40703.39, "Total Cost": 40703.4, "Plan Rows": 1, "Plan Width": 123, "Plans": [{"Node Type": "Nested Loop", "Parent Relationship": "Outer", "Join Type": "Inner", "Startup Cost": 0.0, "Total Cost": 40702.72, "Plan Rows": 134, "Plan Width": 59, "Inner Unique": true, "Plans": [{"Node Type": "Nested Loop", "Parent Relationship": "Outer", "Join Type": "Inner", "Startup Cost": 0.0, "Total Cost": 40665.2, "Plan Rows": 134, "Plan Width": 63, "Inner Unique": false, "Join Filter": "(t.id = mk.movie_id)", "Plans": [{"Node Type": "Nested Loop", "Parent Relationship": "Outer", "Join Type": "Inner", "Startup Cost": 0.0, "Total Cost": 40655.63, "Plan Rows": 17, "Plan Width": 75, "Inner Unique": true, "Join Filter": "(at.movie_id = t.id)", "Plans": [{"Node Type": "Nested Loop", "Parent Relationship": "Outer", "Join Type": "Inner", "Startup Cost": 0.0, "Total Cost": 40651.4, "Plan Rows": 12, "Plan Width": 54, "Inner Unique": true, "Plans": [{"Node Type": "Nested Loop", "Parent Relationship": "Outer", "Join Type": "Inner", "Startup Cost": 0.0, "Total Cost": 40648.04, "Plan Rows": 12, "Plan Width": 58, "Inner Unique": true, "Plans": [{"Node Type": "Nested Loop", "Parent Relationship": "Outer", "Join Type": "Inner", "Startup Cost": 0.0, "Total Cost": 40642.29, "Plan Rows": 20, "Plan Width": 62, "Inner Unique": false, "Plans": [{"Node Type": "Nested Loop", "Parent Relationship": "Outer", "Join Type": "Inner", "Startup Cost": 0.0, "Total Cost": 40636.98, "Plan Rows": 9, "Plan Width": 50, "Inner Unique": false, "Plans": [{"Node Type": "Nested Loop", "Parent Relationship": "Outer", "Join Type": "Inner", "Startup Cost": 0.0, "Total Cost": 40621.57, "Plan Rows": 4, "Plan Width": 46, "Inner Unique": true, "Plans": [{"Node Type": "Streaming(type: LOCAL GATHER dop: 1/16)", "Parent Relationship": "Outer", "Startup Cost": 0.0, "Total Cost": 40537.53, "Plan Rows": 255, "Plan Width": 50, "Plans": [{"Node Type": "Seq Scan", "Parent Relationship": "Outer", "Relation Name": "movie_info", "Alias": "mi", "Startup Cost": 0.0, "Total Cost": 40532.03, "Plan Rows": 255, "Plan Width": 50, "Filter": "((info IS NOT NULL) AND ((note)::text ~~ '%internet%'::text) AND (((info)::text ~~ 'USA:% 199%'::text) OR ((info)::text ~~ 'USA:% 200%'::text)))"}]}, {"Node Type": "Index Scan", "Parent Relationship": "Inner", "Scan Direction": "Forward", "Index Name": "info_type_pkey", "Relation Name": "info_type", "Alias": "it1", "Startup Cost": 0.0, "Total Cost": 0.32, "Plan Rows": 1, "Plan Width": 4, "Index Cond": "(id = mi.info_type_id)", "Filter": "((info)::text = 'release dates'::text)"}]}, {"Node Type": "Index Only Scan", "Parent Relationship": "Inner", "Scan Direction": "Forward", "Index Name": "movie_id_aka_title", "Relation Name": "aka_title", "Alias": "at", "Startup Cost": 0.0, "Total Cost": 3.82, "Plan Rows": 3, "Plan Width": 4, "Index Cond": "(movie_id = mi.movie_id)"}]}, {"Node Type": "Index Scan", "Parent Relationship": "Inner", "Scan Direction": "Forward", "Index Name": "movie_id_movie_companies", "Relation Name": "movie_companies", "Alias": "mc", "Startup Cost": 0.0, "Total Cost": 0.57, "Plan Rows": 2, "Plan Width": 12, "Index Cond": "(movie_id = at.movie_id)"}]}, {"Node Type": "Index Scan", "Parent Relationship": "Inner", "Scan Direction": "Forward", "Index Name": "company_name_pkey", "Relation Name": "company_name", "Alias": "cn", "Startup Cost": 0.0, "Total Cost": 0.28, "Plan Rows": 1, "Plan Width": 4, "Index Cond": "(id = mc.company_id)", "Filter": "((country_code)::text = '[us]'::text)"}]}, {"Node Type": "Index Only Scan", "Parent Relationship": "Inner", "Scan Direction": "Forward", "Index Name": "company_type_pkey", "Relation Name": "company_type", "Alias": "ct", "Startup Cost": 0.0, "Total Cost": 0.27, "Plan Rows": 1, "Plan Width": 4, "Index Cond": "(id = mc.company_type_id)"}]}, {"Node Type": "Index Scan", "Parent Relationship": "Inner", "Scan Direction": "Forward", "Index Name": "title_pkey", "Relation Name": "title", "Alias": "t", "Startup Cost": 0.0, "Total Cost": 0.34, "Plan Rows": 1, "Plan Width": 21, "Index Cond": "(id = mc.movie_id)", "Filter": "(production_year > 1990)"}]}, {"Node Type": "Index Scan", "Parent Relationship": "Inner", "Scan Direction": "Forward", "Index Name": "movie_id_movie_keyword", "Relation Name": "movie_keyword", "Alias": "mk", "Startup Cost": 0.0, "Total Cost": 0.46, "Plan Rows": 8, "Plan Width": 8, "Index Cond": "(movie_id = mc.movie_id)"}]}, {"Node Type": "Index Only Scan", "Parent Relationship": "Inner", "Scan Direction": "Forward", "Index Name": "keyword_pkey", "Relation Name": "keyword", "Alias": "k", "Startup Cost": 0.0, "Total Cost": 0.27, "Plan Rows": 1, "Plan Width": 4, "Index Cond": "(id = mk.keyword_id)"}]}]}, "Unique SQL Id": 2846462052}, "explain_analyze_plan": {"Plan": {"Node Type": "Aggregate", "Strategy": "Plain", "Startup Cost": 40703.39, "Total Cost": 40703.4, "Plan Rows": 1, "Plan Width": 123, "Actual Min Startup Time": 344.423, "Actual Max Startup Time": 344.423, "Actual Min Total Time": 344.423, "Actual Max Total Time": 344.423, "Actual Total Rows": 1, "Plans": [{"Node Type": "Nested Loop", "Parent Relationship": "Outer", "Join Type": "Inner", "Startup Cost": 0.0, "Total Cost": 40702.72, "Plan Rows": 134, "Plan Width": 59, "Actual Min Startup Time": 148.232, "Actual Max Startup Time": 148.232, "Actual Min Total Time": 343.567, "Actual Max Total Time": 343.567, "Actual Total Rows": 1140, "Inner Unique": true, "Plans": [{"Node Type": "Nested Loop", "Parent Relationship": "Outer", "Join Type": "Inner", "Startup Cost": 0.0, "Total Cost": 40665.2, "Plan Rows": 134, "Plan Width": 63, "Actual Min Startup Time": 148.22, "Actual Max Startup Time": 148.22, "Actual Min Total Time": 339.632, "Actual Max Total Time": 339.632, "Actual Total Rows": 1140, "Inner Unique": false, "Join Filter": "(t.id = mk.movie_id)", "Rows Removed by Join Filter": 0, "Plans": [{"Node Type": "Nested Loop", "Parent Relationship": "Outer", "Join Type": "Inner", "Startup Cost": 0.0, "Total Cost": 40655.63, "Plan Rows": 17, "Plan Width": 75, "Actual Min Startup Time": 148.201, "Actual Max Startup Time": 148.201, "Actual Min Total Time": 337.925, "Actual Max Total Time": 337.925, "Actual Total Rows": 119, "Inner Unique": true, "Join Filter": "(at.movie_id = t.id)", "Rows Removed by Join Filter": 0, "Plans": [{"Node Type": "Nested Loop", "Parent Relationship": "Outer", "Join Type": "Inner", "Startup Cost": 0.0, "Total Cost": 40651.4, "Plan Rows": 12, "Plan Width": 54, "Actual Min Startup Time": 148.179, "Actual Max Startup Time": 148.179, "Actual Min Total Time": 337.154, "Actual Max Total Time": 337.154, "Actual Total Rows": 119, "Inner Unique": true, "Plans": [{"Node Type": "Nested Loop", "Parent Relationship": "Outer", "Join Type": "Inner", "Startup Cost": 0.0, "Total Cost": 40648.04, "Plan Rows": 12, "Plan Width": 58, "Actual Min Startup Time": 148.163, "Actual Max Startup Time": 148.163, "Actual Min Total Time": 336.713, "Actual Max Total Time": 336.713, "Actual Total Rows": 284, "Inner Unique": true, "Plans": [{"Node Type": "Nested Loop", "Parent Relationship": "Outer", "Join Type": "Inner", "Startup Cost": 0.0, "Total Cost": 40642.29, "Plan Rows": 20, "Plan Width": 62, "Actual Min Startup Time": 148.145, "Actual Max Startup Time": 148.145, "Actual Min Total Time": 334.645, "Actual Max Total Time": 334.645, "Actual Total Rows": 400, "Inner Unique": false, "Plans": [{"Node Type": "Nested Loop", "Parent Relationship": "Outer", "Join Type": "Inner", "Startup Cost": 0.0, "Total Cost": 40636.98, "Plan Rows": 9, "Plan Width": 50, "Actual Min Startup Time": 148.131, "Actual Max Startup Time": 148.131, "Actual Min Total Time": 333.496, "Actual Max Total Time": 333.496, "Actual Total Rows": 120, "Inner Unique": false, "Plans": [{"Node Type": "Nested Loop", "Parent Relationship": "Outer", "Join Type": "Inner", "Startup Cost": 0.0, "Total Cost": 40621.57, "Plan Rows": 4, "Plan Width": 46, "Actual Min Startup Time": 147.937, "Actual Max Startup Time": 147.937, "Actual Min Total Time": 327.542, "Actual Max Total Time": 327.542, "Actual Total Rows": 1783, "Inner Unique": true, "Plans": [{"Node Type": "Streaming(type: LOCAL GATHER dop: 1/16)", "Parent Relationship": "Outer", "Startup Cost": 0.0, "Total Cost": 40537.53, "Plan Rows": 255, "Plan Width": 50, "Actual Min Startup Time": 147.858, "Actual Max Startup Time": 147.858, "Actual Min Total Time": 322.889, "Actual Max Total Time": 322.889, "Actual Total Rows": 1783, "Plans": [{"Node Type": "Seq Scan", "Parent Relationship": "Outer", "Relation Name": "movie_info", "Alias": "mi", "Startup Cost": 0.0, "Total Cost": 40532.03, "Plan Rows": 255, "Plan Width": 50, "Actual Min Startup Time": 80.918, "Actual Max Startup Time": 89.013, "Actual Min Total Time": 296.203, "Actual Max Total Time": 325.609, "Actual Total Rows": 1783, "Filter": "((info IS NOT NULL) AND ((note)::text ~~ '%internet%'::text) AND (((info)::text ~~ 'USA:% 199%'::text) OR ((info)::text ~~ 'USA:% 200%'::text)))", "Rows Removed by Filter": 14833936}]}, {"Node Type": "Index Scan", "Parent Relationship": "Inner", "Scan Direction": "Forward", "Index Name": "info_type_pkey", "Relation Name": "info_type", "Alias": "it1", "Startup Cost": 0.0, "Total Cost": 0.32, "Plan Rows": 1, "Plan Width": 4, "Actual Min Startup Time": 3.228, "Actual Max Startup Time": 3.228, "Actual Min Total Time": 3.228, "Actual Max Total Time": 3.228, "Actual Total Rows": 1783, "Index Cond": "(id = mi.info_type_id)", "Rows Removed by Index Recheck": 0, "Filter": "((info)::text = 'release dates'::text)", "Rows Removed by Filter": 0}]}, {"Node Type": "Index Only Scan", "Parent Relationship": "Inner", "Scan Direction": "Forward", "Index Name": "movie_id_aka_title", "Relation Name": "aka_title", "Alias": "at", "Startup Cost": 0.0, "Total Cost": 3.82, "Plan Rows": 3, "Plan Width": 4, "Actual Min Startup Time": 5.006, "Actual Max Startup Time": 5.006, "Actual Min Total Time": 5.058, "Actual Max Total Time": 5.058, "Actual Total Rows": 120, "Index Cond": "(movie_id = mi.movie_id)", "Rows Removed by Index Recheck": 0, "Heap Fetches": 0}]}, {"Node Type": "Index Scan", "Parent Relationship": "Inner", "Scan Direction": "Forward", "Index Name": "movie_id_movie_companies", "Relation Name": "movie_companies", "Alias": "mc", "Startup Cost": 0.0, "Total Cost": 0.57, "Plan Rows": 2, "Plan Width": 12, "Actual Min Startup Time": 0.683, "Actual Max Startup Time": 0.683, "Actual Min Total Time": 0.995, "Actual Max Total Time": 0.995, "Actual Total Rows": 400, "Index Cond": "(movie_id = at.movie_id)", "Rows Removed by Index Recheck": 0}]}, {"Node Type": "Index Scan", "Parent Relationship": "Inner", "Scan Direction": "Forward", "Index Name": "company_name_pkey", "Relation Name": "company_name", "Alias": "cn", "Startup Cost": 0.0, "Total Cost": 0.28, "Plan Rows": 1, "Plan Width": 4, "Actual Min Startup Time": 1.745, "Actual Max Startup Time": 1.745, "Actual Min Total Time": 1.745, "Actual Max Total Time": 1.745, "Actual Total Rows": 284, "Index Cond": "(id = mc.company_id)", "Rows Removed by Index Recheck": 0, "Filter": "((country_code)::text = '[us]'::text)", "Rows Removed by Filter": 116}]}, {"Node Type": "Index Only Scan", "Parent Relationship": "Inner", "Scan Direction": "Forward", "Index Name": "company_type_pkey", "Relation Name": "company_type", "Alias": "ct", "Startup Cost": 0.0, "Total Cost": 0.27, "Plan Rows": 1, "Plan Width": 4, "Actual Min Startup Time": 0.243, "Actual Max Startup Time": 0.243, "Actual Min Total Time": 0.243, "Actual Max Total Time": 0.243, "Actual Total Rows": 119, "Index Cond": "(id = mc.company_type_id)", "Rows Removed by Index Recheck": 0, "Heap Fetches": 0}]}, {"Node Type": "Index Scan", "Parent Relationship": "Inner", "Scan Direction": "Forward", "Index Name": "title_pkey", "Relation Name": "title", "Alias": "t", "Startup Cost": 0.0, "Total Cost": 0.34, "Plan Rows": 1, "Plan Width": 21, "Actual Min Startup Time": 0.621, "Actual Max Startup Time": 0.621, "Actual Min Total Time": 0.621, "Actual Max Total Time": 0.621, "Actual Total Rows": 119, "Index Cond": "(id = mc.movie_id)", "Rows Removed by Index Recheck": 0, "Filter": "(production_year > 1990)", "Rows Removed by Filter": 0}]}, {"Node Type": "Index Scan", "Parent Relationship": "Inner", "Scan Direction": "Forward", "Index Name": "movie_id_movie_keyword", "Relation Name": "movie_keyword", "Alias": "mk", "Startup Cost": 0.0, "Total Cost": 0.46, "Plan Rows": 8, "Plan Width": 8, "Actual Min Startup Time": 0.649, "Actual Max Startup Time": 0.649, "Actual Min Total Time": 1.188, "Actual Max Total Time": 1.188, "Actual Total Rows": 1140, "Index Cond": "(movie_id = mc.movie_id)", "Rows Removed by Index Recheck": 0}]}, {"Node Type": "Index Only Scan", "Parent Relationship": "Inner", "Scan Direction": "Forward", "Index Name": "keyword_pkey", "Relation Name": "keyword", "Alias": "k", "Startup Cost": 0.0, "Total Cost": 0.27, "Plan Rows": 1, "Plan Width": 4, "Actual Min Startup Time": 3.063, "Actual Max Startup Time": 3.063, "Actual Min Total Time": 3.063, "Actual Max Total Time": 3.063, "Actual Total Rows": 1140, "Index Cond": "(id = mk.keyword_id)", "Rows Removed by Index Recheck": 0, "Heap Fetches": 0}]}]}, "Triggers": [], "Planner Runtime": 326.972, "Total Runtime": 347.473, "Unique SQL Id": 2846462052}}, "(16, 73)": {"explain_plan": {"Plan": {"Node Type": "Aggregate", "Strategy": "Plain", "Startup Cost": 496841.73, "Total Cost": 496841.74, "Plan Rows": 1, "Plan Width": 123, "Plans": [{"Node Type": "Nested Loop", "Parent Relationship": "Outer", "Join Type": "Inner", "Startup Cost": 0.0, "Total Cost": 496841.06, "Plan Rows": 134, "Plan Width": 59, "Inner Unique": true, "Plans": [{"Node Type": "Nested Loop", "Parent Relationship": "Outer", "Join Type": "Inner", "Startup Cost": 0.0, "Total Cost": 496803.53, "Plan Rows": 134, "Plan Width": 63, "Inner Unique": false, "Join Filter": "(t.id = mk.movie_id)", "Plans": [{"Node Type": "Nested Loop", "Parent Relationship": "Outer", "Join Type": "Inner", "Startup Cost": 0.0, "Total Cost": 496793.97, "Plan Rows": 17, "Plan Width": 75, "Inner Unique": true, "Join Filter": "(at.movie_id = t.id)", "Plans": [{"Node Type": "Nested Loop", "Parent Relationship": "Outer", "Join Type": "Inner", "Startup Cost": 0.0, "Total Cost": 496789.74, "Plan Rows": 12, "Plan Width": 54, "Inner Unique": true, "Plans": [{"Node Type": "Nested Loop", "Parent Relationship": "Outer", "Join Type": "Inner", "Startup Cost": 0.0, "Total Cost": 496786.38, "Plan Rows": 12, "Plan Width": 58, "Inner Unique": true, "Plans": [{"Node Type": "Nested Loop", "Parent Relationship": "Outer", "Join Type": "Inner", "Startup Cost": 0.0, "Total Cost": 496780.63, "Plan Rows": 20, "Plan Width": 62, "Inner Unique": false, "Plans": [{"Node Type": "Nested Loop", "Parent Relationship": "Outer", "Join Type": "Inner", "Startup Cost": 0.0, "Total Cost": 496775.32, "Plan Rows": 9, "Plan Width": 50, "Inner Unique": false, "Plans": [{"Node Type": "Nested Loop", "Parent Relationship": "Outer", "Join Type": "Inner", "Startup Cost": 0.0, "Total Cost": 496759.91, "Plan Rows": 4, "Plan Width": 46, "Inner Unique": false, "Plans": [{"Node Type": "Index Scan", "Parent Relationship": "Outer", "Scan Direction": "Forward", "Index Name": "info_type_pkey", "Relation Name": "info_type", "Alias": "it1", "Startup Cost": 0.0, "Total Cost": 14.21, "Plan Rows": 1, "Plan Width": 4, "Filter": "((info)::text = 'release dates'::text)"}, {"Node Type": "Index Scan", "Parent Relationship": "Inner", "Scan Direction": "Forward", "Index Name": "info_type_id_movie_info", "Relation Name": "movie_info", "Alias": "mi", "Startup Cost": 0.0, "Total Cost": 496745.66, "Plan Rows": 4, "Plan Width": 50, "Index Cond": "(info_type_id = it1.id)", "Filter": "((info IS NOT NULL) AND ((note)::text ~~ '%internet%'::text) AND (((info)::text ~~ 'USA:% 199%'::text) OR ((info)::text ~~ 'USA:% 200%'::text)))"}]}, {"Node Type": "Index Only Scan", "Parent Relationship": "Inner", "Scan Direction": "Forward", "Index Name": "movie_id_aka_title", "Relation Name": "aka_title", "Alias": "at", "Startup Cost": 0.0, "Total Cost": 3.82, "Plan Rows": 3, "Plan Width": 4, "Index Cond": "(movie_id = mi.movie_id)"}]}, {"Node Type": "Index Scan", "Parent Relationship": "Inner", "Scan Direction": "Forward", "Index Name": "movie_id_movie_companies", "Relation Name": "movie_companies", "Alias": "mc", "Startup Cost": 0.0, "Total Cost": 0.57, "Plan Rows": 2, "Plan Width": 12, "Index Cond": "(movie_id = at.movie_id)"}]}, {"Node Type": "Index Scan", "Parent Relationship": "Inner", "Scan Direction": "Forward", "Index Name": "company_name_pkey", "Relation Name": "company_name", "Alias": "cn", "Startup Cost": 0.0, "Total Cost": 0.28, "Plan Rows": 1, "Plan Width": 4, "Index Cond": "(id = mc.company_id)", "Filter": "((country_code)::text = '[us]'::text)"}]}, {"Node Type": "Index Only Scan", "Parent Relationship": "Inner", "Scan Direction": "Forward", "Index Name": "company_type_pkey", "Relation Name": "company_type", "Alias": "ct", "Startup Cost": 0.0, "Total Cost": 0.27, "Plan Rows": 1, "Plan Width": 4, "Index Cond": "(id = mc.company_type_id)"}]}, {"Node Type": "Index Scan", "Parent Relationship": "Inner", "Scan Direction": "Forward", "Index Name": "title_pkey", "Relation Name": "title", "Alias": "t", "Startup Cost": 0.0, "Total Cost": 0.34, "Plan Rows": 1, "Plan Width": 21, "Index Cond": "(id = mc.movie_id)", "Filter": "(production_year > 1990)"}]}, {"Node Type": "Index Scan", "Parent Relationship": "Inner", "Scan Direction": "Forward", "Index Name": "movie_id_movie_keyword", "Relation Name": "movie_keyword", "Alias": "mk", "Startup Cost": 0.0, "Total Cost": 0.46, "Plan Rows": 8, "Plan Width": 8, "Index Cond": "(movie_id = mc.movie_id)"}]}, {"Node Type": "Index Only Scan", "Parent Relationship": "Inner", "Scan Direction": "Forward", "Index Name": "keyword_pkey", "Relation Name": "keyword", "Alias": "k", "Startup Cost": 0.0, "Total Cost": 0.27, "Plan Rows": 1, "Plan Width": 4, "Index Cond": "(id = mk.keyword_id)"}]}]}, "Unique SQL Id": 2846462052}, "explain_analyze_plan": null}, "(16, 74)": {"explain_plan": {"Plan": {"Node Type": "Aggregate", "Strategy": "Plain", "Startup Cost": 145910.85, "Total Cost": 145910.86, "Plan Rows": 1, "Plan Width": 123, "Plans": [{"Node Type": "Hash Join", "Parent Relationship": "Outer", "Join Type": "Inner", "Startup Cost": 110901.22, "Total Cost": 145910.18, "Plan Rows": 134, "Plan Width": 59, "Inner Unique": true, "Hash Cond": "(mk.keyword_id = k.id)", "Plans": [{"Node Type": "Streaming(type: LOCAL GATHER dop: 1/16)", "Parent Relationship": "Outer", "Startup Cost": 108698.94, "Total Cost": 143706.08, "Plan Rows": 134, "Plan Width": 63, "Plans": [{"Node Type": "Hash Join", "Parent Relationship": "Outer", "Join Type": "Inner", "Startup Cost": 108698.94, "Total Cost": 143703.19, "Plan Rows": 134, "Plan Width": 63, "Inner Unique": true, "Hash Cond": "(at.movie_id = t.id)", "Plans": [{"Node Type": "Streaming(type: BROADCAST dop: 16/1)", "Parent Relationship": "Outer", "Startup Cost": 102545.32, "Total Cost": 137549.12, "Plan Rows": 1552, "Plan Width": 62, "Plans": [{"Node Type": "Hash Join", "Parent Relationship": "Outer", "Join Type": "Inner", "Startup Cost": 102545.32, "Total Cost": 122515.63, "Plan Rows": 97, "Plan Width": 62, "Inner Unique": true, "Hash Cond": "(mc.company_type_id = ct.id)", "Plans": [{"Node Type": "Hash Join", "Parent Relationship": "Outer", "Join Type": "Inner", "Startup Cost": 102544.25, "Total Cost": 122513.22, "Plan Rows": 97, "Plan Width": 66, "Inner Unique": true, "Hash Cond": "(mc.company_id = cn.id)", "Plans": [{"Node Type": "Streaming(type: LOCAL GATHER dop: 1/16)", "Parent Relationship": "Outer", "Startup Cost": 100003.76, "Total Cost": 119970.21, "Plan Rows": 161, "Plan Width": 70, "Plans": [{"Node Type": "Hash Join", "Parent Relationship": "Outer", "Join Type": "Inner", "Startup Cost": 100003.76, "Total Cost": 119966.74, "Plan Rows": 161, "Plan Width": 70, "Inner Unique": false, "Hash Cond": "(mk.movie_id = at.movie_id)", "Plans": [{"Node Type": "Seq Scan", "Parent Relationship": "Outer", "Relation Name": "movie_keyword", "Alias": "mk", "Startup Cost": 0.0, "Total Cost": 18902.58, "Plan Rows": 4523929, "Plan Width": 8}, {"Node Type": "Hash", "Parent Relationship": "Inner", "Startup Cost": 100003.51, "Total Cost": 100003.51, "Plan Rows": 320, "Plan Width": 62, "Plans": [{"Node Type": "Streaming(type: BROADCAST dop: 16/16)", "Parent Relationship": "Outer", "Startup Cost": 66777.6, "Total Cost": 100003.51, "Plan Rows": 320, "Plan Width": 62, "Plans": [{"Node Type": "Hash Join", "Parent Relationship": "Outer", "Join Type": "Inner", "Startup Cost": 66777.6, "Total Cost": 85002.7, "Plan Rows": 20, "Plan Width": 62, "Inner Unique": false, "Hash Cond": "(mc.movie_id = at.movie_id)", "Plans": [{"Node Type": "Seq Scan", "Parent Relationship": "Outer", "Relation Name": "movie_companies", "Alias": "mc", "Startup Cost": 0.0, "Total Cost": 17613.58, "Plan Rows": 2609128, "Plan Width": 12}, {"Node Type": "Hash", "Parent Relationship": "Inner", "Startup Cost": 66777.48, "Total Cost": 66777.48, "Plan Rows": 144, "Plan Width": 50, "Plans": [{"Node Type": "Streaming(type: BROADCAST dop: 16/1)", "Parent Relationship": "Outer", "Startup Cost": 40540.99, "Total Cost": 66777.48, "Plan Rows": 144, "Plan Width": 50, "Plans": [{"Node Type": "Hash Join", "Parent Relationship": "Outer", "Join Type": "Inner", "Startup Cost": 40540.99, "Total Cost": 51774.37, "Plan Rows": 9, "Plan Width": 50, "Inner Unique": false, "Hash Cond": "(at.movie_id = mi.movie_id)", "Plans": [{"Node Type": "Seq Scan", "Parent Relationship": "Outer", "Relation Name": "aka_title", "Alias": "at", "Startup Cost": 0.0, "Total Cost": 9894.71, "Plan Rows": 361471, "Plan Width": 4}, {"Node Type": "Hash", "Parent Relationship": "Inner", "Startup Cost": 40540.94, "Total Cost": 40540.94, "Plan Rows": 4, "Plan Width": 46, "Plans": [{"Node Type": "Hash Join", "Parent Relationship": "Outer", "Join Type": "Inner", "Startup Cost": 2.41, "Total Cost": 40540.94, "Plan Rows": 4, "Plan Width": 46, "Inner Unique": true, "Hash Cond": "(mi.info_type_id = it1.id)", "Plans": [{"Node Type": "Streaming(type: LOCAL GATHER dop: 1/16)", "Parent Relationship": "Outer", "Startup Cost": 0.0, "Total Cost": 40537.53, "Plan Rows": 255, "Plan Width": 50, "Plans": [{"Node Type": "Seq Scan", "Parent Relationship": "Outer", "Relation Name": "movie_info", "Alias": "mi", "Startup Cost": 0.0, "Total Cost": 40532.03, "Plan Rows": 255, "Plan Width": 50, "Filter": "((info IS NOT NULL) AND ((note)::text ~~ '%internet%'::text) AND (((info)::text ~~ 'USA:% 199%'::text) OR ((info)::text ~~ 'USA:% 200%'::text)))"}]}, {"Node Type": "Hash", "Parent Relationship": "Inner", "Startup Cost": 2.4, "Total Cost": 2.4, "Plan Rows": 1, "Plan Width": 4, "Plans": [{"Node Type": "Seq Scan", "Parent Relationship": "Outer", "Relation Name": "info_type", "Alias": "it1", "Startup Cost": 0.0, "Total Cost": 2.4, "Plan Rows": 1, "Plan Width": 4, "Filter": "((info)::text = 'release dates'::text)"}]}]}]}]}]}]}]}]}]}]}]}, {"Node Type": "Hash", "Parent Relationship": "Inner", "Startup Cost": 5903.45, "Total Cost": 5903.45, "Plan Rows": 85170, "Plan Width": 4, "Plans": [{"Node Type": "Seq Scan", "Parent Relationship": "Outer", "Relation Name": "company_name", "Alias": "cn", "Startup Cost": 0.0, "Total Cost": 5903.45, "Plan Rows": 85170, "Plan Width": 4, "Filter": "((country_code)::text = '[us]'::text)"}]}]}, {"Node Type": "Hash", "Parent Relationship": "Inner", "Startup Cost": 1.03, "Total Cost": 1.03, "Plan Rows": 3, "Plan Width": 4, "Plans": [{"Node Type": "Seq Scan", "Parent Relationship": "Outer", "Relation Name": "company_type", "Alias": "ct", "Startup Cost": 0.0, "Total Cost": 1.03, "Plan Rows": 3, "Plan Width": 4}]}]}]}, {"Node Type": "Hash", "Parent Relationship": "Inner", "Startup Cost": 19149.37, "Total Cost": 19149.37, "Plan Rows": 1748840, "Plan Width": 21, "Plans": [{"Node Type": "Seq Scan", "Parent Relationship": "Outer", "Relation Name": "title", "Alias": "t", "Startup Cost": 0.0, "Total Cost": 19149.37, "Plan Rows": 1748840, "Plan Width": 21, "Filter": "(production_year > 1990), (LLVM Optimized)"}]}]}]}, {"Node Type": "Hash", "Parent Relationship": "Inner", "Startup Cost": 2100.69, "Total Cost": 2100.69, "Plan Rows": 134169, "Plan Width": 4, "Plans": [{"Node Type": "Seq Scan", "Parent Relationship": "Outer", "Relation Name": "keyword", "Alias": "k", "Startup Cost": 0.0, "Total Cost": 2100.69, "Plan Rows": 134169, "Plan Width": 4}]}]}]}, "Unique SQL Id": 2846462052}, "explain_analyze_plan": {"Plan": {"Node Type": "Aggregate", "Strategy": "Plain", "Startup Cost": 145910.85, "Total Cost": 145910.86, "Plan Rows": 1, "Plan Width": 123, "Actual Min Startup Time": 729.613, "Actual Max Startup Time": 729.613, "Actual Min Total Time": 729.613, "Actual Max Total Time": 729.613, "Actual Total Rows": 1, "Plans": [{"Node Type": "Hash Join", "Parent Relationship": "Outer", "Join Type": "Inner", "Startup Cost": 110901.22, "Total Cost": 145910.18, "Plan Rows": 134, "Plan Width": 59, "Actual Min Startup Time": 691.845, "Actual Max Startup Time": 691.845, "Actual Min Total Time": 728.957, "Actual Max Total Time": 728.957, "Actual Total Rows": 1140, "Inner Unique": true, "Hash Cond": "(mk.keyword_id = k.id)", "Plans": [{"Node Type": "Streaming(type: LOCAL GATHER dop: 1/16)", "Parent Relationship": "Outer", "Startup Cost": 108698.94, "Total Cost": 143706.08, "Plan Rows": 134, "Plan Width": 63, "Actual Min Startup Time": 618.58, "Actual Max Startup Time": 618.58, "Actual Min Total Time": 655.134, "Actual Max Total Time": 655.134, "Actual Total Rows": 1140, "Plans": [{"Node Type": "Hash Join", "Parent Relationship": "Outer", "Join Type": "Inner", "Startup Cost": 108698.94, "Total Cost": 143703.19, "Plan Rows": 134, "Plan Width": 63, "Actual Min Startup Time": 546.032, "Actual Max Startup Time": 658.368, "Actual Min Total Time": 622.916, "Actual Max Total Time": 660.235, "Actual Total Rows": 1140, "Inner Unique": true, "Hash Cond": "(at.movie_id = t.id)", "Plans": [{"Node Type": "Streaming(type: BROADCAST dop: 16/1)", "Parent Relationship": "Outer", "Startup Cost": 102545.32, "Total Cost": 137549.12, "Plan Rows": 1552, "Plan Width": 62, "Actual Min Startup Time": 444.915, "Actual Max Startup Time": 480.922, "Actual Min Total Time": 521.583, "Actual Max Total Time": 557.167, "Actual Total Rows": 18240, "Plans": [{"Node Type": "Hash Join", "Parent Relationship": "Outer", "Join Type": "Inner", "Startup Cost": 102545.32, "Total Cost": 122515.63, "Plan Rows": 97, "Plan Width": 62, "Actual Min Startup Time": 536.081, "Actual Max Startup Time": 536.081, "Actual Min Total Time": 634.494, "Actual Max Total Time": 634.494, "Actual Total Rows": 1140, "Inner Unique": true, "Hash Cond": "(mc.company_type_id = ct.id)", "Plans": [{"Node Type": "Hash Join", "Parent Relationship": "Outer", "Join Type": "Inner", "Startup Cost": 102544.25, "Total Cost": 122513.22, "Plan Rows": 97, "Plan Width": 66, "Actual Min Startup Time": 535.969, "Actual Max Startup Time": 535.969, "Actual Min Total Time": 633.65, "Actual Max Total Time": 633.65, "Actual Total Rows": 2271, "Inner Unique": true, "Hash Cond": "(mc.company_id = cn.id)", "Plans": [{"Node Type": "Streaming(type: LOCAL GATHER dop: 1/16)", "Parent Relationship": "Outer", "Startup Cost": 100003.76, "Total Cost": 119970.21, "Plan Rows": 161, "Plan Width": 70, "Actual Min Startup Time": 419.081, "Actual Max Startup Time": 419.081, "Actual Min Total Time": 515.531, "Actual Max Total Time": 515.531, "Actual Total Rows": 3123, "Plans": [{"Node Type": "Hash Join", "Parent Relationship": "Outer", "Join Type": "Inner", "Startup Cost": 100003.76, "Total Cost": 119966.74, "Plan Rows": 161, "Plan Width": 70, "Actual Min Startup Time": 529.883, "Actual Max Startup Time": 620.433, "Actual Min Total Time": 630.847, "Actual Max Total Time": 654.44, "Actual Total Rows": 3123, "Inner Unique": false, "Hash Cond": "(mk.movie_id = at.movie_id)", "Plans": [{"Node Type": "Seq Scan", "Parent Relationship": "Outer", "Relation Name": "movie_keyword", "Alias": "mk", "Startup Cost": 0.0, "Total Cost": 18902.58, "Plan Rows": 4523929, "Plan Width": 8, "Actual Min Startup Time": 0.055, "Actual Max Startup Time": 0.085, "Actual Min Total Time": 57.268, "Actual Max Total Time": 65.834, "Actual Total Rows": 4523929}, {"Node Type": "Hash", "Parent Relationship": "Inner", "Startup Cost": 100003.51, "Total Cost": 100003.51, "Plan Rows": 320, "Plan Width": 62, "Actual Min Startup Time": 528.76, "Actual Max Startup Time": 539.827, "Actual Min Total Time": 528.76, "Actual Max Total Time": 539.827, "Actual Total Rows": 6400, "Max Hash Buckets": 32768, "Min Hash Buckets": 32768, "Max Hash Batches": 1, "Min Hash Batches": 1, "Max Original Hash Batches": 1, "Min Original Hash Batches": 1, "Max Peak Memory Usage": 29, "min Peak Memory Usage": 29, "Plans": [{"Node Type": "Streaming(type: BROADCAST dop: 16/16)", "Parent Relationship": "Outer", "Startup Cost": 66777.6, "Total Cost": 100003.51, "Plan Rows": 320, "Plan Width": 62, "Actual Min Startup Time": 516.556, "Actual Max Startup Time": 527.611, "Actual Min Total Time": 528.637, "Actual Max Total Time": 539.699, "Actual Total Rows": 6400, "Plans": [{"Node Type": "Hash Join", "Parent Relationship": "Outer", "Join Type": "Inner", "Startup Cost": 66777.6, "Total Cost": 85002.7, "Plan Rows": 20, "Plan Width": 62, "Actual Min Startup Time": 460.663, "Actual Max Startup Time": 494.615, "Actual Min Total Time": 518.903, "Actual Max Total Time": 549.663, "Actual Total Rows": 400, "Inner Unique": false, "Hash Cond": "(mc.movie_id = at.movie_id)", "Plans": [{"Node Type": "Seq Scan", "Parent Relationship": "Outer", "Relation Name": "movie_companies", "Alias": "mc", "Startup Cost": 0.0, "Total Cost": 17613.58, "Plan Rows": 2609128, "Plan Width": 12, "Actual Min Startup Time": 0.041, "Actual Max Startup Time": 0.062, "Actual Min Total Time": 32.793, "Actual Max Total Time": 40.26, "Actual Total Rows": 2609128}, {"Node Type": "Hash", "Parent Relationship": "Inner", "Startup Cost": 66777.48, "Total Cost": 66777.48, "Plan Rows": 144, "Plan Width": 50, "Actual Min Startup Time": 458.748, "Actual Max Startup Time": 483.719, "Actual Min Total Time": 458.748, "Actual Max Total Time": 483.719, "Actual Total Rows": 1920, "Max Hash Buckets": 32768, "Min Hash Buckets": 32768, "Max Hash Batches": 1, "Min Hash Batches": 1, "Max Original Hash Batches": 1, "Min Original Hash Batches": 1, "Max Peak Memory Usage": 8, "min Peak Memory Usage": 8, "Plans": [{"Node Type": "Streaming(type: BROADCAST dop: 16/1)", "Parent Relationship": "Outer", "Startup Cost": 40540.99, "Total Cost": 66777.48, "Plan Rows": 144, "Plan Width": 50, "Actual Min Startup Time": 420.134, "Actual Max Startup Time": 445.115, "Actual Min Total Time": 458.684, "Actual Max Total Time": 483.664, "Actual Total Rows": 1920, "Plans": [{"Node Type": "Hash Join", "Parent Relationship": "Outer", "Join Type": "Inner", "Startup Cost": 40540.99, "Total Cost": 51774.37, "Plan Rows": 9, "Plan Width": 50, "Actual Min Startup Time": 309.23, "Actual Max Startup Time": 309.23, "Actual Min Total Time": 463.919, "Actual Max Total Time": 463.919, "Actual Total Rows": 120, "Inner Unique": false, "Hash Cond": "(at.movie_id = mi.movie_id)", "Plans": [{"Node Type": "Seq Scan", "Parent Relationship": "Outer", "Relation Name": "aka_title", "Alias": "at", "Startup Cost": 0.0, "Total Cost": 9894.71, "Plan Rows": 361471, "Plan Width": 4, "Actual Min Startup Time": 0.028, "Actual Max Startup Time": 0.028, "Actual Min Total Time": 92.154, "Actual Max Total Time": 92.154, "Actual Total Rows": 361471}, {"Node Type": "Hash", "Parent Relationship": "Inner", "Startup Cost": 40540.94, "Total Cost": 40540.94, "Plan Rows": 4, "Plan Width": 46, "Actual Min Startup Time": 308.855, "Actual Max Startup Time": 308.855, "Actual Min Total Time": 308.855, "Actual Max Total Time": 308.855, "Actual Total Rows": 1783, "Max Hash Buckets": 32768, "Min Hash Buckets": 32768, "Max Hash Batches": 1, "Min Hash Batches": 1, "Max Original Hash Batches": 1, "Min Original Hash Batches": 1, "Max Peak Memory Usage": 99, "min Peak Memory Usage": 99, "Plans": [{"Node Type": "Hash Join", "Parent Relationship": "Outer", "Join Type": "Inner", "Startup Cost": 2.41, "Total Cost": 40540.94, "Plan Rows": 4, "Plan Width": 46, "Actual Min Startup Time": 128.262, "Actual Max Startup Time": 128.262, "Actual Min Total Time": 308.215, "Actual Max Total Time": 308.215, "Actual Total Rows": 1783, "Inner Unique": true, "Hash Cond": "(mi.info_type_id = it1.id)", "Plans": [{"Node Type": "Streaming(type: LOCAL GATHER dop: 1/16)", "Parent Relationship": "Outer", "Startup Cost": 0.0, "Total Cost": 40537.53, "Plan Rows": 255, "Plan Width": 50, "Actual Min Startup Time": 128.091, "Actual Max Startup Time": 128.091, "Actual Min Total Time": 307.245, "Actual Max Total Time": 307.245, "Actual Total Rows": 1783, "Plans": [{"Node Type": "Seq Scan", "Parent Relationship": "Outer", "Relation Name": "movie_info", "Alias": "mi", "Startup Cost": 0.0, "Total Cost": 40532.03, "Plan Rows": 255, "Plan Width": 50, "Actual Min Startup Time": 81.163, "Actual Max Startup Time": 89.351, "Actual Min Total Time": 295.744, "Actual Max Total Time": 303.842, "Actual Total Rows": 1783, "Filter": "((info IS NOT NULL) AND ((note)::text ~~ '%internet%'::text) AND (((info)::text ~~ 'USA:% 199%'::text) OR ((info)::text ~~ 'USA:% 200%'::text)))", "Rows Removed by Filter": 14833936}]}, {"Node Type": "Hash", "Parent Relationship": "Inner", "Startup Cost": 2.4, "Total Cost": 2.4, "Plan Rows": 1, "Plan Width": 4, "Actual Min Startup Time": 0.089, "Actual Max Startup Time": 0.089, "Actual Min Total Time": 0.089, "Actual Max Total Time": 0.089, "Actual Total Rows": 1, "Max Hash Buckets": 32768, "Min Hash Buckets": 32768, "Max Hash Batches": 1, "Min Hash Batches": 1, "Max Original Hash Batches": 1, "Min Original Hash Batches": 1, "Max Peak Memory Usage": 1, "min Peak Memory Usage": 1, "Plans": [{"Node Type": "Seq Scan", "Parent Relationship": "Outer", "Relation Name": "info_type", "Alias": "it1", "Startup Cost": 0.0, "Total Cost": 2.4, "Plan Rows": 1, "Plan Width": 4, "Actual Min Startup Time": 0.052, "Actual Max Startup Time": 0.052, "Actual Min Total Time": 0.073, "Actual Max Total Time": 0.073, "Actual Total Rows": 1, "Filter": "((info)::text = 'release dates'::text)", "Rows Removed by Filter": 111}]}]}]}]}]}]}]}]}]}]}]}, {"Node Type": "Hash", "Parent Relationship": "Inner", "Startup Cost": 5903.45, "Total Cost": 5903.45, "Plan Rows": 85170, "Plan Width": 4, "Actual Min Startup Time": 116.763, "Actual Max Startup Time": 116.763, "Actual Min Total Time": 116.763, "Actual Max Total Time": 116.763, "Actual Total Rows": 84843, "Max Hash Buckets": 131072, "Min Hash Buckets": 131072, "Max Hash Batches": 1, "Min Hash Batches": 1, "Max Original Hash Batches": 1, "Min Original Hash Batches": 1, "Max Peak Memory Usage": 2983, "min Peak Memory Usage": 2983, "Plans": [{"Node Type": "Seq Scan", "Parent Relationship": "Outer", "Relation Name": "company_name", "Alias": "cn", "Startup Cost": 0.0, "Total Cost": 5903.45, "Plan Rows": 85170, "Plan Width": 4, "Actual Min Startup Time": 0.042, "Actual Max Startup Time": 0.042, "Actual Min Total Time": 90.857, "Actual Max Total Time": 90.857, "Actual Total Rows": 84843, "Filter": "((country_code)::text = '[us]'::text)", "Rows Removed by Filter": 150153}]}]}, {"Node Type": "Hash", "Parent Relationship": "Inner", "Startup Cost": 1.03, "Total Cost": 1.03, "Plan Rows": 3, "Plan Width": 4, "Actual Min Startup Time": 0.032, "Actual Max Startup Time": 0.032, "Actual Min Total Time": 0.032, "Actual Max Total Time": 0.032, "Actual Total Rows": 3, "Max Hash Buckets": 32768, "Min Hash Buckets": 32768, "Max Hash Batches": 1, "Min Hash Batches": 1, "Max Original Hash Batches": 1, "Min Original Hash Batches": 1, "Max Peak Memory Usage": 1, "min Peak Memory Usage": 1, "Plans": [{"Node Type": "Seq Scan", "Parent Relationship": "Outer", "Relation Name": "company_type", "Alias": "ct", "Startup Cost": 0.0, "Total Cost": 1.03, "Plan Rows": 3, "Plan Width": 4, "Actual Min Startup Time": 0.013, "Actual Max Startup Time": 0.013, "Actual Min Total Time": 0.015, "Actual Max Total Time": 0.015, "Actual Total Rows": 3}]}]}]}, {"Node Type": "Hash", "Parent Relationship": "Inner", "Startup Cost": 19149.37, "Total Cost": 19149.37, "Plan Rows": 1748840, "Plan Width": 21, "Actual Min Startup Time": 96.692, "Actual Max Startup Time": 106.495, "Actual Min Total Time": 96.692, "Actual Max Total Time": 106.495, "Actual Total Rows": 1749032, "Max Hash Buckets": 131072, "Min Hash Buckets": 131072, "Max Hash Batches": 1, "Min Hash Batches": 1, "Max Original Hash Batches": 1, "Min Original Hash Batches": 1, "Max Peak Memory Usage": 5962, "min Peak Memory Usage": 5962, "Plans": [{"Node Type": "Seq Scan", "Parent Relationship": "Outer", "Relation Name": "title", "Alias": "t", "Startup Cost": 0.0, "Total Cost": 19149.37, "Plan Rows": 1748840, "Plan Width": 21, "Actual Min Startup Time": 0.023, "Actual Max Startup Time": 0.039, "Actual Min Total Time": 63.609, "Actual Max Total Time": 72.278, "Actual Total Rows": 1749032, "Filter": "(production_year > 1990), (LLVM Optimized)", "Rows Removed by Filter": 779279}]}]}]}, {"Node Type": "Hash", "Parent Relationship": "Inner", "Startup Cost": 2100.69, "Total Cost": 2100.69, "Plan Rows": 134169, "Plan Width": 4, "Actual Min Startup Time": 73.018, "Actual Max Startup Time": 73.018, "Actual Min Total Time": 73.018, "Actual Max Total Time": 73.018, "Actual Total Rows": 134169, "Max Hash Buckets": 262144, "Min Hash Buckets": 262144, "Max Hash Batches": 1, "Min Hash Batches": 1, "Max Original Hash Batches": 1, "Min Original Hash Batches": 1, "Max Peak Memory Usage": 4717, "min Peak Memory Usage": 4717, "Plans": [{"Node Type": "Seq Scan", "Parent Relationship": "Outer", "Relation Name": "keyword", "Alias": "k", "Startup Cost": 0.0, "Total Cost": 2100.69, "Plan Rows": 134169, "Plan Width": 4, "Actual Min Startup Time": 0.065, "Actual Max Startup Time": 0.065, "Actual Min Total Time": 37.77, "Actual Max Total Time": 37.77, "Actual Total Rows": 134169}]}]}]}, "Triggers": [], "Planner Runtime": 579.458, "Total Runtime": 756.918, "Unique SQL Id": 2846462052}}, "(16, 75)": {"explain_plan": {"Plan": {"Node Type": "Aggregate", "Strategy": "Plain", "Startup Cost": 8991773180642.51, "Total Cost": 8991773180642.52, "Plan Rows": 1, "Plan Width": 123, "Plans": [{"Node Type": "Hash Join", "Parent Relationship": "Outer", "Join Type": "Inner", "Startup Cost": 4050168328705.83, "Total Cost": 8991773180641.84, "Plan Rows": 134, "Plan Width": 59, "Inner Unique": true, "Hash Cond": "(mk.keyword_id = k.id)", "Plans": [{"Node Type": "Hash Join", "Parent Relationship": "Outer", "Join Type": "Inner", "Startup Cost": 3050168120950.21, "Total Cost": 7991772972884.42, "Plan Rows": 134, "Plan Width": 63, "Inner Unique": true, "Hash Cond": "(mi.info_type_id = it1.id)", "Plans": [{"Node Type": "Hash Join", "Parent Relationship": "Outer", "Join Type": "Inner", "Startup Cost": 2050168119529.2, "Total Cost": 6991772971426.9, "Plan Rows": 9378, "Plan Width": 67, "Inner Unique": true, "Hash Cond": "(mc.company_type_id = ct.id)", "Plans": [{"Node Type": "Hash Join", "Parent Relationship": "Outer", "Join Type": "Inner", "Startup Cost": 1050168118699.66, "Total Cost": 5991772970468.41, "Plan Rows": 9378, "Plan Width": 71, "Inner Unique": true, "Hash Cond": "(mc.company_id = cn.id)", "Plans": [{"Node Type": "Merge Join", "Parent Relationship": "Outer", "Join Type": "Inner", "Startup Cost": 50167067496.07, "Total Cost": 4991771919129.33, "Plan Rows": 15637, "Plan Width": 75, "Inner Unique": false, "Merge Cond": "(t.id = mk.movie_id)", "Plans": [{"Node Type": "Merge Join", "Parent Relationship": "Outer", "Join Type": "Inner", "Startup Cost": 40167067496.07, "Total Cost": 3995838827709.83, "Plan Rows": 1938, "Plan Width": 87, "Inner Unique": false, "Merge Cond": "(t.id = mc.movie_id)", "Plans": [{"Node Type": "Merge Join", "Parent Relationship": "Outer", "Join Type": "Inner", "Startup Cost": 30167067496.07, "Total Cost": 2999113639177.53, "Plan Rows": 903, "Plan Width": 75, "Inner Unique": true, "Merge Cond": "(at.movie_id = t.id)", "Plans": [{"Node Type": "Merge Join", "Parent Relationship": "Outer", "Join Type": "Inner", "Startup Cost": 20167067496.07, "Total Cost": 2000115868931.67, "Plan Rows": 652, "Plan Width": 54, "Inner Unique": false, "Merge Cond": "(at.movie_id = mi.movie_id)", "Plans": [{"Node Type": "Index Only Scan", "Parent Relationship": "Outer", "Scan Direction": "Forward", "Index Name": "movie_id_aka_title", "Relation Name": "aka_title", "Alias": "at", "Startup Cost": 10000000000.0, "Total Cost": 1000000898631.5, "Plan Rows": 361471, "Plan Width": 4}, {"Node Type": "Materialize", "Parent Relationship": "Inner", "Startup Cost": 10000000000.0, "Total Cost": 1000114969387.35, "Plan Rows": 255, "Plan Width": 50, "Plans": [{"Node Type": "Index Scan", "Parent Relationship": "Outer", "Scan Direction": "Forward", "Index Name": "movie_id_movie_info", "Relation Name": "movie_info", "Alias": "mi", "Startup Cost": 10000000000.0, "Total Cost": 1000114969386.72, "Plan Rows": 255, "Plan Width": 50, "Filter": "((info IS NOT NULL) AND ((note)::text ~~ '%internet%'::text) AND (((info)::text ~~ 'USA:% 199%'::text) OR ((info)::text ~~ 'USA:% 200%'::text)))"}]}]}, {"Node Type": "Index Scan", "Parent Relationship": "Inner", "Scan Direction": "Forward", "Index Name": "title_pkey", "Relation Name": "title", "Alias": "t", "Startup Cost": 10000000000.0, "Total Cost": 1000011644126.66, "Plan Rows": 1748840, "Plan Width": 21, "Filter": "(production_year > 1990), (LLVM Optimized)"}]}, {"Node Type": "Index Scan", "Parent Relationship": "Inner", "Scan Direction": "Forward", "Index Name": "movie_id_movie_companies", "Relation Name": "movie_companies", "Alias": "mc", "Startup Cost": 10000000000.0, "Total Cost": 1000013051946.13, "Plan Rows": 2609128, "Plan Width": 12}]}, {"Node Type": "Index Scan", "Parent Relationship": "Inner", "Scan Direction": "Forward", "Index Name": "movie_id_movie_keyword", "Relation Name": "movie_keyword", "Alias": "mk", "Startup Cost": 10000000000.0, "Total Cost": 1000015300634.17, "Plan Rows": 4523929, "Plan Width": 8}]}, {"Node Type": "Hash", "Parent Relationship": "Inner", "Startup Cost": 1000001050138.97, "Total Cost": 1000001050138.97, "Plan Rows": 85170, "Plan Width": 4, "Plans": [{"Node Type": "Index Scan", "Parent Relationship": "Outer", "Scan Direction": "Forward", "Index Name": "company_name_pkey", "Relation Name": "company_name", "Alias": "cn", "Startup Cost": 10000000000.0, "Total Cost": 1000001050138.97, "Plan Rows": 85170, "Plan Width": 4, "Filter": "((country_code)::text = '[us]'::text)"}]}]}, {"Node Type": "Hash", "Parent Relationship": "Inner", "Startup Cost": 1000000000829.5, "Total Cost": 1000000000829.5, "Plan Rows": 3, "Plan Width": 4, "Plans": [{"Node Type": "Index Only Scan", "Parent Relationship": "Outer", "Scan Direction": "Forward", "Index Name": "company_type_pkey", "Relation Name": "company_type", "Alias": "ct", "Startup Cost": 10000000000.0, "Total Cost": 1000000000829.5, "Plan Rows": 3, "Plan Width": 4}]}]}, {"Node Type": "Hash", "Parent Relationship": "Inner", "Startup Cost": 1000000001421.0, "Total Cost": 1000000001421.0, "Plan Rows": 1, "Plan Width": 4, "Plans": [{"Node Type": "Index Scan", "Parent Relationship": "Outer", "Scan Direction": "Forward", "Index Name": "info_type_pkey", "Relation Name": "info_type", "Alias": "it1", "Startup Cost": 10000000000.0, "Total Cost": 1000000001421.0, "Plan Rows": 1, "Plan Width": 4, "Filter": "((info)::text = 'release dates'::text)"}]}]}, {"Node Type": "Hash", "Parent Relationship": "Inner", "Startup Cost": 1000000206078.5, "Total Cost": 1000000206078.5, "Plan Rows": 134169, "Plan Width": 4, "Plans": [{"Node Type": "Index Only Scan", "Parent Relationship": "Outer", "Scan Direction": "Forward", "Index Name": "keyword_pkey", "Relation Name": "keyword", "Alias": "k", "Startup Cost": 10000000000.0, "Total Cost": 1000000206078.5, "Plan Rows": 134169, "Plan Width": 4}]}]}]}, "Unique SQL Id": 2846462052}, "explain_analyze_plan": null}, "(16, 76)": {"explain_plan": {"Plan": {"Node Type": "Aggregate", "Strategy": "Plain", "Startup Cost": 40714.37, "Total Cost": 40714.38, "Plan Rows": 1, "Plan Width": 123, "Plans": [{"Node Type": "Nested Loop", "Parent Relationship": "Outer", "Join Type": "Inner", "Startup Cost": 0.0, "Total Cost": 40713.7, "Plan Rows": 134, "Plan Width": 59, "Inner Unique": true, "Plans": [{"Node Type": "Nested Loop", "Parent Relationship": "Outer", "Join Type": "Inner", "Startup Cost": 0.0, "Total Cost": 40676.09, "Plan Rows": 134, "Plan Width": 63, "Inner Unique": false, "Join Filter": "(t.id = mk.movie_id)", "Plans": [{"Node Type": "Nested Loop", "Parent Relationship": "Outer", "Join Type": "Inner", "Startup Cost": 0.0, "Total Cost": 40666.53, "Plan Rows": 17, "Plan Width": 75, "Inner Unique": false, "Plans": [{"Node Type": "Nested Loop", "Parent Relationship": "Outer", "Join Type": "Inner", "Startup Cost": 0.0, "Total Cost": 40662.97, "Plan Rows": 10, "Plan Width": 71, "Inner Unique": true, "Plans": [{"Node Type": "Nested Loop", "Parent Relationship": "Outer", "Join Type": "Inner", "Startup Cost": 0.0, "Total Cost": 40660.17, "Plan Rows": 10, "Plan Width": 75, "Inner Unique": true, "Plans": [{"Node Type": "Nested Loop", "Parent Relationship": "Outer", "Join Type": "Inner", "Startup Cost": 0.0, "Total Cost": 40656.72, "Plan Rows": 12, "Plan Width": 79, "Inner Unique": false, "Plans": [{"Node Type": "Nested Loop", "Parent Relationship": "Outer", "Join Type": "Inner", "Startup Cost": 0.0, "Total Cost": 40654.51, "Plan Rows": 6, "Plan Width": 67, "Inner Unique": true, "Plans": [{"Node Type": "Nested Loop", "Parent Relationship": "Outer", "Join Type": "Inner", "Startup Cost": 0.0, "Total Cost": 40621.57, "Plan Rows": 4, "Plan Width": 46, "Inner Unique": true, "Plans": [{"Node Type": "Streaming(type: LOCAL GATHER dop: 1/16)", "Parent Relationship": "Outer", "Startup Cost": 0.0, "Total Cost": 40537.53, "Plan Rows": 255, "Plan Width": 50, "Plans": [{"Node Type": "Seq Scan", "Parent Relationship": "Outer", "Relation Name": "movie_info", "Alias": "mi", "Startup Cost": 0.0, "Total Cost": 40532.03, "Plan Rows": 255, "Plan Width": 50, "Filter": "((info IS NOT NULL) AND ((note)::text ~~ '%internet%'::text) AND (((info)::text ~~ 'USA:% 199%'::text) OR ((info)::text ~~ 'USA:% 200%'::text)))"}]}, {"Node Type": "Index Scan", "Parent Relationship": "Inner", "Scan Direction": "Forward", "Index Name": "info_type_pkey", "Relation Name": "info_type", "Alias": "it1", "Startup Cost": 0.0, "Total Cost": 0.32, "Plan Rows": 1, "Plan Width": 4, "Index Cond": "(id = mi.info_type_id)", "Filter": "((info)::text = 'release dates'::text)"}]}, {"Node Type": "Index Scan", "Parent Relationship": "Inner", "Scan Direction": "Forward", "Index Name": "title_pkey", "Relation Name": "title", "Alias": "t", "Startup Cost": 0.0, "Total Cost": 8.23, "Plan Rows": 1, "Plan Width": 21, "Index Cond": "(id = mi.movie_id)", "Filter": "(production_year > 1990)"}]}, {"Node Type": "Index Scan", "Parent Relationship": "Inner", "Scan Direction": "Forward", "Index Name": "movie_id_movie_companies", "Relation Name": "movie_companies", "Alias": "mc", "Startup Cost": 0.0, "Total Cost": 0.35, "Plan Rows": 2, "Plan Width": 12, "Index Cond": "(movie_id = t.id)"}]}, {"Node Type": "Index Scan", "Parent Relationship": "Inner", "Scan Direction": "Forward", "Index Name": "company_name_pkey", "Relation Name": "company_name", "Alias": "cn", "Startup Cost": 0.0, "Total Cost": 0.28, "Plan Rows": 1, "Plan Width": 4, "Index Cond": "(id = mc.company_id)", "Filter": "((country_code)::text = '[us]'::text)"}]}, {"Node Type": "Index Scan", "Parent Relationship": "Inner", "Scan Direction": "Forward", "Index Name": "company_type_pkey", "Relation Name": "company_type", "Alias": "ct", "Startup Cost": 0.0, "Total Cost": 0.27, "Plan Rows": 1, "Plan Width": 4, "Index Cond": "(id = mc.company_type_id)"}]}, {"Node Type": "Index Scan", "Parent Relationship": "Inner", "Scan Direction": "Forward", "Index Name": "movie_id_aka_title", "Relation Name": "aka_title", "Alias": "at", "Startup Cost": 0.0, "Total Cost": 0.33, "Plan Rows": 3, "Plan Width": 4, "Index Cond": "(movie_id = t.id)"}]}, {"Node Type": "Index Scan", "Parent Relationship": "Inner", "Scan Direction": "Forward", "Index Name": "movie_id_movie_keyword", "Relation Name": "movie_keyword", "Alias": "mk", "Startup Cost": 0.0, "Total Cost": 0.46, "Plan Rows": 8, "Plan Width": 8, "Index Cond": "(movie_id = mc.movie_id)"}]}, {"Node Type": "Index Scan", "Parent Relationship": "Inner", "Scan Direction": "Forward", "Index Name": "keyword_pkey", "Relation Name": "keyword", "Alias": "k", "Startup Cost": 0.0, "Total Cost": 0.27, "Plan Rows": 1, "Plan Width": 4, "Index Cond": "(id = mk.keyword_id)"}]}]}, "Unique SQL Id": 2846462052}, "explain_analyze_plan": {"Plan": {"Node Type": "Aggregate", "Strategy": "Plain", "Startup Cost": 40714.37, "Total Cost": 40714.38, "Plan Rows": 1, "Plan Width": 123, "Actual Min Startup Time": 407.821, "Actual Max Startup Time": 407.821, "Actual Min Total Time": 407.821, "Actual Max Total Time": 407.821, "Actual Total Rows": 1, "Plans": [{"Node Type": "Nested Loop", "Parent Relationship": "Outer", "Join Type": "Inner", "Startup Cost": 0.0, "Total Cost": 40713.7, "Plan Rows": 134, "Plan Width": 59, "Actual Min Startup Time": 172.914, "Actual Max Startup Time": 172.914, "Actual Min Total Time": 406.948, "Actual Max Total Time": 406.948, "Actual Total Rows": 1140, "Inner Unique": true, "Plans": [{"Node Type": "Nested Loop", "Parent Relationship": "Outer", "Join Type": "Inner", "Startup Cost": 0.0, "Total Cost": 40676.09, "Plan Rows": 134, "Plan Width": 63, "Actual Min Startup Time": 172.889, "Actual Max Startup Time": 172.889, "Actual Min Total Time": 400.066, "Actual Max Total Time": 400.066, "Actual Total Rows": 1140, "Inner Unique": false, "Join Filter": "(t.id = mk.movie_id)", "Rows Removed by Join Filter": 0, "Plans": [{"Node Type": "Nested Loop", "Parent Relationship": "Outer", "Join Type": "Inner", "Startup Cost": 0.0, "Total Cost": 40666.53, "Plan Rows": 17, "Plan Width": 75, "Actual Min Startup Time": 172.853, "Actual Max Startup Time": 172.853, "Actual Min Total Time": 397.882, "Actual Max Total Time": 397.882, "Actual Total Rows": 119, "Inner Unique": false, "Plans": [{"Node Type": "Nested Loop", "Parent Relationship": "Outer", "Join Type": "Inner", "Startup Cost": 0.0, "Total Cost": 40662.97, "Plan Rows": 10, "Plan Width": 71, "Actual Min Startup Time": 172.156, "Actual Max Startup Time": 172.156, "Actual Min Total Time": 390.157, "Actual Max Total Time": 390.157, "Actual Total Rows": 1488, "Inner Unique": true, "Plans": [{"Node Type": "Nested Loop", "Parent Relationship": "Outer", "Join Type": "Inner", "Startup Cost": 0.0, "Total Cost": 40660.17, "Plan Rows": 10, "Plan Width": 75, "Actual Min Startup Time": 172.094, "Actual Max Startup Time": 172.094, "Actual Min Total Time": 384.765, "Actual Max Total Time": 384.765, "Actual Total Rows": 2647, "Inner Unique": true, "Plans": [{"Node Type": "Nested Loop", "Parent Relationship": "Outer", "Join Type": "Inner", "Startup Cost": 0.0, "Total Cost": 40656.72, "Plan Rows": 12, "Plan Width": 79, "Actual Min Startup Time": 172.06, "Actual Max Startup Time": 172.06, "Actual Min Total Time": 363.621, "Actual Max Total Time": 363.621, "Actual Total Rows": 2884, "Inner Unique": false, "Plans": [{"Node Type": "Nested Loop", "Parent Relationship": "Outer", "Join Type": "Inner", "Startup Cost": 0.0, "Total Cost": 40654.51, "Plan Rows": 6, "Plan Width": 67, "Actual Min Startup Time": 172.032, "Actual Max Startup Time": 172.032, "Actual Min Total Time": 343.511, "Actual Max Total Time": 343.511, "Actual Total Rows": 1782, "Inner Unique": true, "Plans": [{"Node Type": "Nested Loop", "Parent Relationship": "Outer", "Join Type": "Inner", "Startup Cost": 0.0, "Total Cost": 40621.57, "Plan Rows": 4, "Plan Width": 46, "Actual Min Startup Time": 171.991, "Actual Max Startup Time": 171.991, "Actual Min Total Time": 325.229, "Actual Max Total Time": 325.229, "Actual Total Rows": 1783, "Inner Unique": true, "Plans": [{"Node Type": "Streaming(type: LOCAL GATHER dop: 1/16)", "Parent Relationship": "Outer", "Startup Cost": 0.0, "Total Cost": 40537.53, "Plan Rows": 255, "Plan Width": 50, "Actual Min Startup Time": 171.929, "Actual Max Startup Time": 171.929, "Actual Min Total Time": 319.709, "Actual Max Total Time": 319.709, "Actual Total Rows": 1783, "Plans": [{"Node Type": "Seq Scan", "Parent Relationship": "Outer", "Relation Name": "movie_info", "Alias": "mi", "Startup Cost": 0.0, "Total Cost": 40532.03, "Plan Rows": 255, "Plan Width": 50, "Actual Min Startup Time": 85.668, "Actual Max Startup Time": 94.074, "Actual Min Total Time": 320.593, "Actual Max Total Time": 332.572, "Actual Total Rows": 1783, "Filter": "((info IS NOT NULL) AND ((note)::text ~~ '%internet%'::text) AND (((info)::text ~~ 'USA:% 199%'::text) OR ((info)::text ~~ 'USA:% 200%'::text)))", "Rows Removed by Filter": 14833936}]}, {"Node Type": "Index Scan", "Parent Relationship": "Inner", "Scan Direction": "Forward", "Index Name": "info_type_pkey", "Relation Name": "info_type", "Alias": "it1", "Startup Cost": 0.0, "Total Cost": 0.32, "Plan Rows": 1, "Plan Width": 4, "Actual Min Startup Time": 3.482, "Actual Max Startup Time": 3.482, "Actual Min Total Time": 3.482, "Actual Max Total Time": 3.482, "Actual Total Rows": 1783, "Index Cond": "(id = mi.info_type_id)", "Rows Removed by Index Recheck": 0, "Filter": "((info)::text = 'release dates'::text)", "Rows Removed by Filter": 0}]}, {"Node Type": "Index Scan", "Parent Relationship": "Inner", "Scan Direction": "Forward", "Index Name": "title_pkey", "Relation Name": "title", "Alias": "t", "Startup Cost": 0.0, "Total Cost": 8.23, "Plan Rows": 1, "Plan Width": 21, "Actual Min Startup Time": 16.335, "Actual Max Startup Time": 16.335, "Actual Min Total Time": 16.335, "Actual Max Total Time": 16.335, "Actual Total Rows": 1782, "Index Cond": "(id = mi.movie_id)", "Rows Removed by Index Recheck": 0, "Filter": "(production_year > 1990)", "Rows Removed by Filter": 1}]}, {"Node Type": "Index Scan", "Parent Relationship": "Inner", "Scan Direction": "Forward", "Index Name": "movie_id_movie_companies", "Relation Name": "movie_companies", "Alias": "mc", "Startup Cost": 0.0, "Total Cost": 0.35, "Plan Rows": 2, "Plan Width": 12, "Actual Min Startup Time": 14.675, "Actual Max Startup Time": 14.675, "Actual Min Total Time": 18.284, "Actual Max Total Time": 18.284, "Actual Total Rows": 2884, "Index Cond": "(movie_id = t.id)", "Rows Removed by Index Recheck": 0}]}, {"Node Type": "Index Scan", "Parent Relationship": "Inner", "Scan Direction": "Forward", "Index Name": "company_name_pkey", "Relation Name": "company_name", "Alias": "cn", "Startup Cost": 0.0, "Total Cost": 0.28, "Plan Rows": 1, "Plan Width": 4, "Actual Min Startup Time": 18.52, "Actual Max Startup Time": 18.52, "Actual Min Total Time": 18.52, "Actual Max Total Time": 18.52, "Actual Total Rows": 2647, "Index Cond": "(id = mc.company_id)", "Rows Removed by Index Recheck": 0, "Filter": "((country_code)::text = '[us]'::text)", "Rows Removed by Filter": 237}]}, {"Node Type": "Index Scan", "Parent Relationship": "Inner", "Scan Direction": "Forward", "Index Name": "company_type_pkey", "Relation Name": "company_type", "Alias": "ct", "Startup Cost": 0.0, "Total Cost": 0.27, "Plan Rows": 1, "Plan Width": 4, "Actual Min Startup Time": 3.271, "Actual Max Startup Time": 3.271, "Actual Min Total Time": 3.271, "Actual Max Total Time": 3.271, "Actual Total Rows": 1488, "Index Cond": "(id = mc.company_type_id)", "Rows Removed by Index Recheck": 0}]}, {"Node Type": "Index Scan", "Parent Relationship": "Inner", "Scan Direction": "Forward", "Index Name": "movie_id_aka_title", "Relation Name": "aka_title", "Alias": "at", "Startup Cost": 0.0, "Total Cost": 0.33, "Plan Rows": 3, "Plan Width": 4, "Actual Min Startup Time": 6.687, "Actual Max Startup Time": 6.687, "Actual Min Total Time": 6.819, "Actual Max Total Time": 6.819, "Actual Total Rows": 119, "Index Cond": "(movie_id = t.id)", "Rows Removed by Index Recheck": 0}]}, {"Node Type": "Index Scan", "Parent Relationship": "Inner", "Scan Direction": "Forward", "Index Name": "movie_id_movie_keyword", "Relation Name": "movie_keyword", "Alias": "mk", "Startup Cost": 0.0, "Total Cost": 0.46, "Plan Rows": 8, "Plan Width": 8, "Actual Min Startup Time": 1.048, "Actual Max Startup Time": 1.048, "Actual Min Total Time": 1.569, "Actual Max Total Time": 1.569, "Actual Total Rows": 1140, "Index Cond": "(movie_id = mc.movie_id)", "Rows Removed by Index Recheck": 0}]}, {"Node Type": "Index Scan", "Parent Relationship": "Inner", "Scan Direction": "Forward", "Index Name": "keyword_pkey", "Relation Name": "keyword", "Alias": "k", "Startup Cost": 0.0, "Total Cost": 0.27, "Plan Rows": 1, "Plan Width": 4, "Actual Min Startup Time": 5.895, "Actual Max Startup Time": 5.895, "Actual Min Total Time": 5.895, "Actual Max Total Time": 5.895, "Actual Total Rows": 1140, "Index Cond": "(id = mk.keyword_id)", "Rows Removed by Index Recheck": 0}]}]}, "Triggers": [], "Planner Runtime": 312.327, "Total Runtime": 411.725, "Unique SQL Id": 2846462052}}, "(16, 77)": {"explain_plan": {"Plan": {"Node Type": "Aggregate", "Strategy": "Plain", "Startup Cost": 496852.71, "Total Cost": 496852.72, "Plan Rows": 1, "Plan Width": 123, "Plans": [{"Node Type": "Nested Loop", "Parent Relationship": "Outer", "Join Type": "Inner", "Startup Cost": 0.0, "Total Cost": 496852.04, "Plan Rows": 134, "Plan Width": 59, "Inner Unique": true, "Plans": [{"Node Type": "Nested Loop", "Parent Relationship": "Outer", "Join Type": "Inner", "Startup Cost": 0.0, "Total Cost": 496814.43, "Plan Rows": 134, "Plan Width": 63, "Inner Unique": false, "Join Filter": "(t.id = mk.movie_id)", "Plans": [{"Node Type": "Nested Loop", "Parent Relationship": "Outer", "Join Type": "Inner", "Startup Cost": 0.0, "Total Cost": 496804.87, "Plan Rows": 17, "Plan Width": 75, "Inner Unique": false, "Plans": [{"Node Type": "Nested Loop", "Parent Relationship": "Outer", "Join Type": "Inner", "Startup Cost": 0.0, "Total Cost": 496801.31, "Plan Rows": 10, "Plan Width": 71, "Inner Unique": true, "Plans": [{"Node Type": "Nested Loop", "Parent Relationship": "Outer", "Join Type": "Inner", "Startup Cost": 0.0, "Total Cost": 496798.51, "Plan Rows": 10, "Plan Width": 75, "Inner Unique": true, "Plans": [{"Node Type": "Nested Loop", "Parent Relationship": "Outer", "Join Type": "Inner", "Startup Cost": 0.0, "Total Cost": 496795.05, "Plan Rows": 12, "Plan Width": 79, "Inner Unique": false, "Plans": [{"Node Type": "Nested Loop", "Parent Relationship": "Outer", "Join Type": "Inner", "Startup Cost": 0.0, "Total Cost": 496792.85, "Plan Rows": 6, "Plan Width": 67, "Inner Unique": true, "Plans": [{"Node Type": "Nested Loop", "Parent Relationship": "Outer", "Join Type": "Inner", "Startup Cost": 0.0, "Total Cost": 496759.91, "Plan Rows": 4, "Plan Width": 46, "Inner Unique": false, "Plans": [{"Node Type": "Index Scan", "Parent Relationship": "Outer", "Scan Direction": "Forward", "Index Name": "info_type_pkey", "Relation Name": "info_type", "Alias": "it1", "Startup Cost": 0.0, "Total Cost": 14.21, "Plan Rows": 1, "Plan Width": 4, "Filter": "((info)::text = 'release dates'::text)"}, {"Node Type": "Index Scan", "Parent Relationship": "Inner", "Scan Direction": "Forward", "Index Name": "info_type_id_movie_info", "Relation Name": "movie_info", "Alias": "mi", "Startup Cost": 0.0, "Total Cost": 496745.66, "Plan Rows": 4, "Plan Width": 50, "Index Cond": "(info_type_id = it1.id)", "Filter": "((info IS NOT NULL) AND ((note)::text ~~ '%internet%'::text) AND (((info)::text ~~ 'USA:% 199%'::text) OR ((info)::text ~~ 'USA:% 200%'::text)))"}]}, {"Node Type": "Index Scan", "Parent Relationship": "Inner", "Scan Direction": "Forward", "Index Name": "title_pkey", "Relation Name": "title", "Alias": "t", "Startup Cost": 0.0, "Total Cost": 8.23, "Plan Rows": 1, "Plan Width": 21, "Index Cond": "(id = mi.movie_id)", "Filter": "(production_year > 1990)"}]}, {"Node Type": "Index Scan", "Parent Relationship": "Inner", "Scan Direction": "Forward", "Index Name": "movie_id_movie_companies", "Relation Name": "movie_companies", "Alias": "mc", "Startup Cost": 0.0, "Total Cost": 0.35, "Plan Rows": 2, "Plan Width": 12, "Index Cond": "(movie_id = t.id)"}]}, {"Node Type": "Index Scan", "Parent Relationship": "Inner", "Scan Direction": "Forward", "Index Name": "company_name_pkey", "Relation Name": "company_name", "Alias": "cn", "Startup Cost": 0.0, "Total Cost": 0.28, "Plan Rows": 1, "Plan Width": 4, "Index Cond": "(id = mc.company_id)", "Filter": "((country_code)::text = '[us]'::text)"}]}, {"Node Type": "Index Scan", "Parent Relationship": "Inner", "Scan Direction": "Forward", "Index Name": "company_type_pkey", "Relation Name": "company_type", "Alias": "ct", "Startup Cost": 0.0, "Total Cost": 0.27, "Plan Rows": 1, "Plan Width": 4, "Index Cond": "(id = mc.company_type_id)"}]}, {"Node Type": "Index Scan", "Parent Relationship": "Inner", "Scan Direction": "Forward", "Index Name": "movie_id_aka_title", "Relation Name": "aka_title", "Alias": "at", "Startup Cost": 0.0, "Total Cost": 0.33, "Plan Rows": 3, "Plan Width": 4, "Index Cond": "(movie_id = t.id)"}]}, {"Node Type": "Index Scan", "Parent Relationship": "Inner", "Scan Direction": "Forward", "Index Name": "movie_id_movie_keyword", "Relation Name": "movie_keyword", "Alias": "mk", "Startup Cost": 0.0, "Total Cost": 0.46, "Plan Rows": 8, "Plan Width": 8, "Index Cond": "(movie_id = mc.movie_id)"}]}, {"Node Type": "Index Scan", "Parent Relationship": "Inner", "Scan Direction": "Forward", "Index Name": "keyword_pkey", "Relation Name": "keyword", "Alias": "k", "Startup Cost": 0.0, "Total Cost": 0.27, "Plan Rows": 1, "Plan Width": 4, "Index Cond": "(id = mk.keyword_id)"}]}]}, "Unique SQL Id": 2846462052}, "explain_analyze_plan": null}, "(16, 78)": {"explain_plan": {"Plan": {"Node Type": "Aggregate", "Strategy": "Plain", "Startup Cost": 145910.85, "Total Cost": 145910.86, "Plan Rows": 1, "Plan Width": 123, "Plans": [{"Node Type": "Hash Join", "Parent Relationship": "Outer", "Join Type": "Inner", "Startup Cost": 110901.22, "Total Cost": 145910.18, "Plan Rows": 134, "Plan Width": 59, "Inner Unique": true, "Hash Cond": "(mk.keyword_id = k.id)", "Plans": [{"Node Type": "Streaming(type: LOCAL GATHER dop: 1/16)", "Parent Relationship": "Outer", "Startup Cost": 108698.94, "Total Cost": 143706.08, "Plan Rows": 134, "Plan Width": 63, "Plans": [{"Node Type": "Hash Join", "Parent Relationship": "Outer", "Join Type": "Inner", "Startup Cost": 108698.94, "Total Cost": 143703.19, "Plan Rows": 134, "Plan Width": 63, "Inner Unique": true, "Hash Cond": "(at.movie_id = t.id)", "Plans": [{"Node Type": "Streaming(type: BROADCAST dop: 16/1)", "Parent Relationship": "Outer", "Startup Cost": 102545.32, "Total Cost": 137549.12, "Plan Rows": 1552, "Plan Width": 62, "Plans": [{"Node Type": "Hash Join", "Parent Relationship": "Outer", "Join Type": "Inner", "Startup Cost": 102545.32, "Total Cost": 122515.63, "Plan Rows": 97, "Plan Width": 62, "Inner Unique": true, "Hash Cond": "(mc.company_type_id = ct.id)", "Plans": [{"Node Type": "Hash Join", "Parent Relationship": "Outer", "Join Type": "Inner", "Startup Cost": 102544.25, "Total Cost": 122513.22, "Plan Rows": 97, "Plan Width": 66, "Inner Unique": true, "Hash Cond": "(mc.company_id = cn.id)", "Plans": [{"Node Type": "Streaming(type: LOCAL GATHER dop: 1/16)", "Parent Relationship": "Outer", "Startup Cost": 100003.76, "Total Cost": 119970.21, "Plan Rows": 161, "Plan Width": 70, "Plans": [{"Node Type": "Hash Join", "Parent Relationship": "Outer", "Join Type": "Inner", "Startup Cost": 100003.76, "Total Cost": 119966.74, "Plan Rows": 161, "Plan Width": 70, "Inner Unique": false, "Hash Cond": "(mk.movie_id = at.movie_id)", "Plans": [{"Node Type": "Seq Scan", "Parent Relationship": "Outer", "Relation Name": "movie_keyword", "Alias": "mk", "Startup Cost": 0.0, "Total Cost": 18902.58, "Plan Rows": 4523929, "Plan Width": 8}, {"Node Type": "Hash", "Parent Relationship": "Inner", "Startup Cost": 100003.51, "Total Cost": 100003.51, "Plan Rows": 320, "Plan Width": 62, "Plans": [{"Node Type": "Streaming(type: BROADCAST dop: 16/16)", "Parent Relationship": "Outer", "Startup Cost": 66777.6, "Total Cost": 100003.51, "Plan Rows": 320, "Plan Width": 62, "Plans": [{"Node Type": "Hash Join", "Parent Relationship": "Outer", "Join Type": "Inner", "Startup Cost": 66777.6, "Total Cost": 85002.7, "Plan Rows": 20, "Plan Width": 62, "Inner Unique": false, "Hash Cond": "(mc.movie_id = at.movie_id)", "Plans": [{"Node Type": "Seq Scan", "Parent Relationship": "Outer", "Relation Name": "movie_companies", "Alias": "mc", "Startup Cost": 0.0, "Total Cost": 17613.58, "Plan Rows": 2609128, "Plan Width": 12}, {"Node Type": "Hash", "Parent Relationship": "Inner", "Startup Cost": 66777.48, "Total Cost": 66777.48, "Plan Rows": 144, "Plan Width": 50, "Plans": [{"Node Type": "Streaming(type: BROADCAST dop: 16/1)", "Parent Relationship": "Outer", "Startup Cost": 40540.99, "Total Cost": 66777.48, "Plan Rows": 144, "Plan Width": 50, "Plans": [{"Node Type": "Hash Join", "Parent Relationship": "Outer", "Join Type": "Inner", "Startup Cost": 40540.99, "Total Cost": 51774.37, "Plan Rows": 9, "Plan Width": 50, "Inner Unique": false, "Hash Cond": "(at.movie_id = mi.movie_id)", "Plans": [{"Node Type": "Seq Scan", "Parent Relationship": "Outer", "Relation Name": "aka_title", "Alias": "at", "Startup Cost": 0.0, "Total Cost": 9894.71, "Plan Rows": 361471, "Plan Width": 4}, {"Node Type": "Hash", "Parent Relationship": "Inner", "Startup Cost": 40540.94, "Total Cost": 40540.94, "Plan Rows": 4, "Plan Width": 46, "Plans": [{"Node Type": "Hash Join", "Parent Relationship": "Outer", "Join Type": "Inner", "Startup Cost": 2.41, "Total Cost": 40540.94, "Plan Rows": 4, "Plan Width": 46, "Inner Unique": true, "Hash Cond": "(mi.info_type_id = it1.id)", "Plans": [{"Node Type": "Streaming(type: LOCAL GATHER dop: 1/16)", "Parent Relationship": "Outer", "Startup Cost": 0.0, "Total Cost": 40537.53, "Plan Rows": 255, "Plan Width": 50, "Plans": [{"Node Type": "Seq Scan", "Parent Relationship": "Outer", "Relation Name": "movie_info", "Alias": "mi", "Startup Cost": 0.0, "Total Cost": 40532.03, "Plan Rows": 255, "Plan Width": 50, "Filter": "((info IS NOT NULL) AND ((note)::text ~~ '%internet%'::text) AND (((info)::text ~~ 'USA:% 199%'::text) OR ((info)::text ~~ 'USA:% 200%'::text)))"}]}, {"Node Type": "Hash", "Parent Relationship": "Inner", "Startup Cost": 2.4, "Total Cost": 2.4, "Plan Rows": 1, "Plan Width": 4, "Plans": [{"Node Type": "Seq Scan", "Parent Relationship": "Outer", "Relation Name": "info_type", "Alias": "it1", "Startup Cost": 0.0, "Total Cost": 2.4, "Plan Rows": 1, "Plan Width": 4, "Filter": "((info)::text = 'release dates'::text)"}]}]}]}]}]}]}]}]}]}]}]}, {"Node Type": "Hash", "Parent Relationship": "Inner", "Startup Cost": 5903.45, "Total Cost": 5903.45, "Plan Rows": 85170, "Plan Width": 4, "Plans": [{"Node Type": "Seq Scan", "Parent Relationship": "Outer", "Relation Name": "company_name", "Alias": "cn", "Startup Cost": 0.0, "Total Cost": 5903.45, "Plan Rows": 85170, "Plan Width": 4, "Filter": "((country_code)::text = '[us]'::text)"}]}]}, {"Node Type": "Hash", "Parent Relationship": "Inner", "Startup Cost": 1.03, "Total Cost": 1.03, "Plan Rows": 3, "Plan Width": 4, "Plans": [{"Node Type": "Seq Scan", "Parent Relationship": "Outer", "Relation Name": "company_type", "Alias": "ct", "Startup Cost": 0.0, "Total Cost": 1.03, "Plan Rows": 3, "Plan Width": 4}]}]}]}, {"Node Type": "Hash", "Parent Relationship": "Inner", "Startup Cost": 19149.37, "Total Cost": 19149.37, "Plan Rows": 1748840, "Plan Width": 21, "Plans": [{"Node Type": "Seq Scan", "Parent Relationship": "Outer", "Relation Name": "title", "Alias": "t", "Startup Cost": 0.0, "Total Cost": 19149.37, "Plan Rows": 1748840, "Plan Width": 21, "Filter": "(production_year > 1990), (LLVM Optimized)"}]}]}]}, {"Node Type": "Hash", "Parent Relationship": "Inner", "Startup Cost": 2100.69, "Total Cost": 2100.69, "Plan Rows": 134169, "Plan Width": 4, "Plans": [{"Node Type": "Seq Scan", "Parent Relationship": "Outer", "Relation Name": "keyword", "Alias": "k", "Startup Cost": 0.0, "Total Cost": 2100.69, "Plan Rows": 134169, "Plan Width": 4}]}]}]}, "Unique SQL Id": 2846462052}, "explain_analyze_plan": {"Plan": {"Node Type": "Aggregate", "Strategy": "Plain", "Startup Cost": 145910.85, "Total Cost": 145910.86, "Plan Rows": 1, "Plan Width": 123, "Actual Min Startup Time": 729.613, "Actual Max Startup Time": 729.613, "Actual Min Total Time": 729.613, "Actual Max Total Time": 729.613, "Actual Total Rows": 1, "Plans": [{"Node Type": "Hash Join", "Parent Relationship": "Outer", "Join Type": "Inner", "Startup Cost": 110901.22, "Total Cost": 145910.18, "Plan Rows": 134, "Plan Width": 59, "Actual Min Startup Time": 691.845, "Actual Max Startup Time": 691.845, "Actual Min Total Time": 728.957, "Actual Max Total Time": 728.957, "Actual Total Rows": 1140, "Inner Unique": true, "Hash Cond": "(mk.keyword_id = k.id)", "Plans": [{"Node Type": "Streaming(type: LOCAL GATHER dop: 1/16)", "Parent Relationship": "Outer", "Startup Cost": 108698.94, "Total Cost": 143706.08, "Plan Rows": 134, "Plan Width": 63, "Actual Min Startup Time": 618.58, "Actual Max Startup Time": 618.58, "Actual Min Total Time": 655.134, "Actual Max Total Time": 655.134, "Actual Total Rows": 1140, "Plans": [{"Node Type": "Hash Join", "Parent Relationship": "Outer", "Join Type": "Inner", "Startup Cost": 108698.94, "Total Cost": 143703.19, "Plan Rows": 134, "Plan Width": 63, "Actual Min Startup Time": 546.032, "Actual Max Startup Time": 658.368, "Actual Min Total Time": 622.916, "Actual Max Total Time": 660.235, "Actual Total Rows": 1140, "Inner Unique": true, "Hash Cond": "(at.movie_id = t.id)", "Plans": [{"Node Type": "Streaming(type: BROADCAST dop: 16/1)", "Parent Relationship": "Outer", "Startup Cost": 102545.32, "Total Cost": 137549.12, "Plan Rows": 1552, "Plan Width": 62, "Actual Min Startup Time": 444.915, "Actual Max Startup Time": 480.922, "Actual Min Total Time": 521.583, "Actual Max Total Time": 557.167, "Actual Total Rows": 18240, "Plans": [{"Node Type": "Hash Join", "Parent Relationship": "Outer", "Join Type": "Inner", "Startup Cost": 102545.32, "Total Cost": 122515.63, "Plan Rows": 97, "Plan Width": 62, "Actual Min Startup Time": 536.081, "Actual Max Startup Time": 536.081, "Actual Min Total Time": 634.494, "Actual Max Total Time": 634.494, "Actual Total Rows": 1140, "Inner Unique": true, "Hash Cond": "(mc.company_type_id = ct.id)", "Plans": [{"Node Type": "Hash Join", "Parent Relationship": "Outer", "Join Type": "Inner", "Startup Cost": 102544.25, "Total Cost": 122513.22, "Plan Rows": 97, "Plan Width": 66, "Actual Min Startup Time": 535.969, "Actual Max Startup Time": 535.969, "Actual Min Total Time": 633.65, "Actual Max Total Time": 633.65, "Actual Total Rows": 2271, "Inner Unique": true, "Hash Cond": "(mc.company_id = cn.id)", "Plans": [{"Node Type": "Streaming(type: LOCAL GATHER dop: 1/16)", "Parent Relationship": "Outer", "Startup Cost": 100003.76, "Total Cost": 119970.21, "Plan Rows": 161, "Plan Width": 70, "Actual Min Startup Time": 419.081, "Actual Max Startup Time": 419.081, "Actual Min Total Time": 515.531, "Actual Max Total Time": 515.531, "Actual Total Rows": 3123, "Plans": [{"Node Type": "Hash Join", "Parent Relationship": "Outer", "Join Type": "Inner", "Startup Cost": 100003.76, "Total Cost": 119966.74, "Plan Rows": 161, "Plan Width": 70, "Actual Min Startup Time": 529.883, "Actual Max Startup Time": 620.433, "Actual Min Total Time": 630.847, "Actual Max Total Time": 654.44, "Actual Total Rows": 3123, "Inner Unique": false, "Hash Cond": "(mk.movie_id = at.movie_id)", "Plans": [{"Node Type": "Seq Scan", "Parent Relationship": "Outer", "Relation Name": "movie_keyword", "Alias": "mk", "Startup Cost": 0.0, "Total Cost": 18902.58, "Plan Rows": 4523929, "Plan Width": 8, "Actual Min Startup Time": 0.055, "Actual Max Startup Time": 0.085, "Actual Min Total Time": 57.268, "Actual Max Total Time": 65.834, "Actual Total Rows": 4523929}, {"Node Type": "Hash", "Parent Relationship": "Inner", "Startup Cost": 100003.51, "Total Cost": 100003.51, "Plan Rows": 320, "Plan Width": 62, "Actual Min Startup Time": 528.76, "Actual Max Startup Time": 539.827, "Actual Min Total Time": 528.76, "Actual Max Total Time": 539.827, "Actual Total Rows": 6400, "Max Hash Buckets": 32768, "Min Hash Buckets": 32768, "Max Hash Batches": 1, "Min Hash Batches": 1, "Max Original Hash Batches": 1, "Min Original Hash Batches": 1, "Max Peak Memory Usage": 29, "min Peak Memory Usage": 29, "Plans": [{"Node Type": "Streaming(type: BROADCAST dop: 16/16)", "Parent Relationship": "Outer", "Startup Cost": 66777.6, "Total Cost": 100003.51, "Plan Rows": 320, "Plan Width": 62, "Actual Min Startup Time": 516.556, "Actual Max Startup Time": 527.611, "Actual Min Total Time": 528.637, "Actual Max Total Time": 539.699, "Actual Total Rows": 6400, "Plans": [{"Node Type": "Hash Join", "Parent Relationship": "Outer", "Join Type": "Inner", "Startup Cost": 66777.6, "Total Cost": 85002.7, "Plan Rows": 20, "Plan Width": 62, "Actual Min Startup Time": 460.663, "Actual Max Startup Time": 494.615, "Actual Min Total Time": 518.903, "Actual Max Total Time": 549.663, "Actual Total Rows": 400, "Inner Unique": false, "Hash Cond": "(mc.movie_id = at.movie_id)", "Plans": [{"Node Type": "Seq Scan", "Parent Relationship": "Outer", "Relation Name": "movie_companies", "Alias": "mc", "Startup Cost": 0.0, "Total Cost": 17613.58, "Plan Rows": 2609128, "Plan Width": 12, "Actual Min Startup Time": 0.041, "Actual Max Startup Time": 0.062, "Actual Min Total Time": 32.793, "Actual Max Total Time": 40.26, "Actual Total Rows": 2609128}, {"Node Type": "Hash", "Parent Relationship": "Inner", "Startup Cost": 66777.48, "Total Cost": 66777.48, "Plan Rows": 144, "Plan Width": 50, "Actual Min Startup Time": 458.748, "Actual Max Startup Time": 483.719, "Actual Min Total Time": 458.748, "Actual Max Total Time": 483.719, "Actual Total Rows": 1920, "Max Hash Buckets": 32768, "Min Hash Buckets": 32768, "Max Hash Batches": 1, "Min Hash Batches": 1, "Max Original Hash Batches": 1, "Min Original Hash Batches": 1, "Max Peak Memory Usage": 8, "min Peak Memory Usage": 8, "Plans": [{"Node Type": "Streaming(type: BROADCAST dop: 16/1)", "Parent Relationship": "Outer", "Startup Cost": 40540.99, "Total Cost": 66777.48, "Plan Rows": 144, "Plan Width": 50, "Actual Min Startup Time": 420.134, "Actual Max Startup Time": 445.115, "Actual Min Total Time": 458.684, "Actual Max Total Time": 483.664, "Actual Total Rows": 1920, "Plans": [{"Node Type": "Hash Join", "Parent Relationship": "Outer", "Join Type": "Inner", "Startup Cost": 40540.99, "Total Cost": 51774.37, "Plan Rows": 9, "Plan Width": 50, "Actual Min Startup Time": 309.23, "Actual Max Startup Time": 309.23, "Actual Min Total Time": 463.919, "Actual Max Total Time": 463.919, "Actual Total Rows": 120, "Inner Unique": false, "Hash Cond": "(at.movie_id = mi.movie_id)", "Plans": [{"Node Type": "Seq Scan", "Parent Relationship": "Outer", "Relation Name": "aka_title", "Alias": "at", "Startup Cost": 0.0, "Total Cost": 9894.71, "Plan Rows": 361471, "Plan Width": 4, "Actual Min Startup Time": 0.028, "Actual Max Startup Time": 0.028, "Actual Min Total Time": 92.154, "Actual Max Total Time": 92.154, "Actual Total Rows": 361471}, {"Node Type": "Hash", "Parent Relationship": "Inner", "Startup Cost": 40540.94, "Total Cost": 40540.94, "Plan Rows": 4, "Plan Width": 46, "Actual Min Startup Time": 308.855, "Actual Max Startup Time": 308.855, "Actual Min Total Time": 308.855, "Actual Max Total Time": 308.855, "Actual Total Rows": 1783, "Max Hash Buckets": 32768, "Min Hash Buckets": 32768, "Max Hash Batches": 1, "Min Hash Batches": 1, "Max Original Hash Batches": 1, "Min Original Hash Batches": 1, "Max Peak Memory Usage": 99, "min Peak Memory Usage": 99, "Plans": [{"Node Type": "Hash Join", "Parent Relationship": "Outer", "Join Type": "Inner", "Startup Cost": 2.41, "Total Cost": 40540.94, "Plan Rows": 4, "Plan Width": 46, "Actual Min Startup Time": 128.262, "Actual Max Startup Time": 128.262, "Actual Min Total Time": 308.215, "Actual Max Total Time": 308.215, "Actual Total Rows": 1783, "Inner Unique": true, "Hash Cond": "(mi.info_type_id = it1.id)", "Plans": [{"Node Type": "Streaming(type: LOCAL GATHER dop: 1/16)", "Parent Relationship": "Outer", "Startup Cost": 0.0, "Total Cost": 40537.53, "Plan Rows": 255, "Plan Width": 50, "Actual Min Startup Time": 128.091, "Actual Max Startup Time": 128.091, "Actual Min Total Time": 307.245, "Actual Max Total Time": 307.245, "Actual Total Rows": 1783, "Plans": [{"Node Type": "Seq Scan", "Parent Relationship": "Outer", "Relation Name": "movie_info", "Alias": "mi", "Startup Cost": 0.0, "Total Cost": 40532.03, "Plan Rows": 255, "Plan Width": 50, "Actual Min Startup Time": 81.163, "Actual Max Startup Time": 89.351, "Actual Min Total Time": 295.744, "Actual Max Total Time": 303.842, "Actual Total Rows": 1783, "Filter": "((info IS NOT NULL) AND ((note)::text ~~ '%internet%'::text) AND (((info)::text ~~ 'USA:% 199%'::text) OR ((info)::text ~~ 'USA:% 200%'::text)))", "Rows Removed by Filter": 14833936}]}, {"Node Type": "Hash", "Parent Relationship": "Inner", "Startup Cost": 2.4, "Total Cost": 2.4, "Plan Rows": 1, "Plan Width": 4, "Actual Min Startup Time": 0.089, "Actual Max Startup Time": 0.089, "Actual Min Total Time": 0.089, "Actual Max Total Time": 0.089, "Actual Total Rows": 1, "Max Hash Buckets": 32768, "Min Hash Buckets": 32768, "Max Hash Batches": 1, "Min Hash Batches": 1, "Max Original Hash Batches": 1, "Min Original Hash Batches": 1, "Max Peak Memory Usage": 1, "min Peak Memory Usage": 1, "Plans": [{"Node Type": "Seq Scan", "Parent Relationship": "Outer", "Relation Name": "info_type", "Alias": "it1", "Startup Cost": 0.0, "Total Cost": 2.4, "Plan Rows": 1, "Plan Width": 4, "Actual Min Startup Time": 0.052, "Actual Max Startup Time": 0.052, "Actual Min Total Time": 0.073, "Actual Max Total Time": 0.073, "Actual Total Rows": 1, "Filter": "((info)::text = 'release dates'::text)", "Rows Removed by Filter": 111}]}]}]}]}]}]}]}]}]}]}]}, {"Node Type": "Hash", "Parent Relationship": "Inner", "Startup Cost": 5903.45, "Total Cost": 5903.45, "Plan Rows": 85170, "Plan Width": 4, "Actual Min Startup Time": 116.763, "Actual Max Startup Time": 116.763, "Actual Min Total Time": 116.763, "Actual Max Total Time": 116.763, "Actual Total Rows": 84843, "Max Hash Buckets": 131072, "Min Hash Buckets": 131072, "Max Hash Batches": 1, "Min Hash Batches": 1, "Max Original Hash Batches": 1, "Min Original Hash Batches": 1, "Max Peak Memory Usage": 2983, "min Peak Memory Usage": 2983, "Plans": [{"Node Type": "Seq Scan", "Parent Relationship": "Outer", "Relation Name": "company_name", "Alias": "cn", "Startup Cost": 0.0, "Total Cost": 5903.45, "Plan Rows": 85170, "Plan Width": 4, "Actual Min Startup Time": 0.042, "Actual Max Startup Time": 0.042, "Actual Min Total Time": 90.857, "Actual Max Total Time": 90.857, "Actual Total Rows": 84843, "Filter": "((country_code)::text = '[us]'::text)", "Rows Removed by Filter": 150153}]}]}, {"Node Type": "Hash", "Parent Relationship": "Inner", "Startup Cost": 1.03, "Total Cost": 1.03, "Plan Rows": 3, "Plan Width": 4, "Actual Min Startup Time": 0.032, "Actual Max Startup Time": 0.032, "Actual Min Total Time": 0.032, "Actual Max Total Time": 0.032, "Actual Total Rows": 3, "Max Hash Buckets": 32768, "Min Hash Buckets": 32768, "Max Hash Batches": 1, "Min Hash Batches": 1, "Max Original Hash Batches": 1, "Min Original Hash Batches": 1, "Max Peak Memory Usage": 1, "min Peak Memory Usage": 1, "Plans": [{"Node Type": "Seq Scan", "Parent Relationship": "Outer", "Relation Name": "company_type", "Alias": "ct", "Startup Cost": 0.0, "Total Cost": 1.03, "Plan Rows": 3, "Plan Width": 4, "Actual Min Startup Time": 0.013, "Actual Max Startup Time": 0.013, "Actual Min Total Time": 0.015, "Actual Max Total Time": 0.015, "Actual Total Rows": 3}]}]}]}, {"Node Type": "Hash", "Parent Relationship": "Inner", "Startup Cost": 19149.37, "Total Cost": 19149.37, "Plan Rows": 1748840, "Plan Width": 21, "Actual Min Startup Time": 96.692, "Actual Max Startup Time": 106.495, "Actual Min Total Time": 96.692, "Actual Max Total Time": 106.495, "Actual Total Rows": 1749032, "Max Hash Buckets": 131072, "Min Hash Buckets": 131072, "Max Hash Batches": 1, "Min Hash Batches": 1, "Max Original Hash Batches": 1, "Min Original Hash Batches": 1, "Max Peak Memory Usage": 5962, "min Peak Memory Usage": 5962, "Plans": [{"Node Type": "Seq Scan", "Parent Relationship": "Outer", "Relation Name": "title", "Alias": "t", "Startup Cost": 0.0, "Total Cost": 19149.37, "Plan Rows": 1748840, "Plan Width": 21, "Actual Min Startup Time": 0.023, "Actual Max Startup Time": 0.039, "Actual Min Total Time": 63.609, "Actual Max Total Time": 72.278, "Actual Total Rows": 1749032, "Filter": "(production_year > 1990), (LLVM Optimized)", "Rows Removed by Filter": 779279}]}]}]}, {"Node Type": "Hash", "Parent Relationship": "Inner", "Startup Cost": 2100.69, "Total Cost": 2100.69, "Plan Rows": 134169, "Plan Width": 4, "Actual Min Startup Time": 73.018, "Actual Max Startup Time": 73.018, "Actual Min Total Time": 73.018, "Actual Max Total Time": 73.018, "Actual Total Rows": 134169, "Max Hash Buckets": 262144, "Min Hash Buckets": 262144, "Max Hash Batches": 1, "Min Hash Batches": 1, "Max Original Hash Batches": 1, "Min Original Hash Batches": 1, "Max Peak Memory Usage": 4717, "min Peak Memory Usage": 4717, "Plans": [{"Node Type": "Seq Scan", "Parent Relationship": "Outer", "Relation Name": "keyword", "Alias": "k", "Startup Cost": 0.0, "Total Cost": 2100.69, "Plan Rows": 134169, "Plan Width": 4, "Actual Min Startup Time": 0.065, "Actual Max Startup Time": 0.065, "Actual Min Total Time": 37.77, "Actual Max Total Time": 37.77, "Actual Total Rows": 134169}]}]}]}, "Triggers": [], "Planner Runtime": 579.458, "Total Runtime": 756.918, "Unique SQL Id": 2846462052}}, "(16, 79)": {"explain_plan": {"Plan": {"Node Type": "Aggregate", "Strategy": "Plain", "Startup Cost": 8991774348729.84, "Total Cost": 8991774348729.85, "Plan Rows": 1, "Plan Width": 123, "Plans": [{"Node Type": "Hash Join", "Parent Relationship": "Outer", "Join Type": "Inner", "Startup Cost": 4050168407940.94, "Total Cost": 8991774348729.17, "Plan Rows": 134, "Plan Width": 59, "Inner Unique": true, "Hash Cond": "(mk.keyword_id = k.id)", "Plans": [{"Node Type": "Hash Join", "Parent Relationship": "Outer", "Join Type": "Inner", "Startup Cost": 3050168121534.39, "Total Cost": 7991774062320.81, "Plan Rows": 134, "Plan Width": 63, "Inner Unique": true, "Hash Cond": "(mi.info_type_id = it1.id)", "Plans": [{"Node Type": "Hash Join", "Parent Relationship": "Outer", "Join Type": "Inner", "Startup Cost": 2050168120113.38, "Total Cost": 6991774060863.29, "Plan Rows": 9378, "Plan Width": 67, "Inner Unique": true, "Hash Cond": "(mc.company_type_id = ct.id)", "Plans": [{"Node Type": "Hash Join", "Parent Relationship": "Outer", "Join Type": "Inner", "Startup Cost": 1050168118883.84, "Total Cost": 5991774059504.8, "Plan Rows": 9378, "Plan Width": 71, "Inner Unique": true, "Hash Cond": "(mc.company_id = cn.id)", "Plans": [{"Node Type": "Merge Join", "Parent Relationship": "Outer", "Join Type": "Inner", "Startup Cost": 50167067680.24, "Total Cost": 4991773008165.72, "Plan Rows": 15637, "Plan Width": 75, "Inner Unique": false, "Merge Cond": "(t.id = mk.movie_id)", "Plans": [{"Node Type": "Merge Join", "Parent Relationship": "Outer", "Join Type": "Inner", "Startup Cost": 40167067680.24, "Total Cost": 3995839917871.06, "Plan Rows": 1938, "Plan Width": 87, "Inner Unique": false, "Merge Cond": "(t.id = mc.movie_id)", "Plans": [{"Node Type": "Merge Join", "Parent Relationship": "Outer", "Join Type": "Inner", "Startup Cost": 30167067680.24, "Total Cost": 2999114730547.16, "Plan Rows": 903, "Plan Width": 75, "Inner Unique": true, "Merge Cond": "(at.movie_id = t.id)", "Plans": [{"Node Type": "Merge Join", "Parent Relationship": "Outer", "Join Type": "Inner", "Startup Cost": 20167067680.24, "Total Cost": 2000116960301.31, "Plan Rows": 652, "Plan Width": 54, "Inner Unique": false, "Merge Cond": "(at.movie_id = mi.movie_id)", "Plans": [{"Node Type": "Index Scan", "Parent Relationship": "Outer", "Scan Direction": "Forward", "Index Name": "movie_id_aka_title", "Relation Name": "aka_title", "Alias": "at", "Startup Cost": 10000000000.0, "Total Cost": 1000001990001.13, "Plan Rows": 361471, "Plan Width": 4}, {"Node Type": "Materialize", "Parent Relationship": "Inner", "Startup Cost": 10000000000.0, "Total Cost": 1000114969387.35, "Plan Rows": 255, "Plan Width": 50, "Plans": [{"Node Type": "Index Scan", "Parent Relationship": "Outer", "Scan Direction": "Forward", "Index Name": "movie_id_movie_info", "Relation Name": "movie_info", "Alias": "mi", "Startup Cost": 10000000000.0, "Total Cost": 1000114969386.72, "Plan Rows": 255, "Plan Width": 50, "Filter": "((info IS NOT NULL) AND ((note)::text ~~ '%internet%'::text) AND (((info)::text ~~ 'USA:% 199%'::text) OR ((info)::text ~~ 'USA:% 200%'::text)))"}]}]}, {"Node Type": "Index Scan", "Parent Relationship": "Inner", "Scan Direction": "Forward", "Index Name": "title_pkey", "Relation Name": "title", "Alias": "t", "Startup Cost": 10000000000.0, "Total Cost": 1000011644126.66, "Plan Rows": 1748840, "Plan Width": 21, "Filter": "(production_year > 1990), (LLVM Optimized)"}]}, {"Node Type": "Index Scan", "Parent Relationship": "Inner", "Scan Direction": "Forward", "Index Name": "movie_id_movie_companies", "Relation Name": "movie_companies", "Alias": "mc", "Startup Cost": 10000000000.0, "Total Cost": 1000013051946.13, "Plan Rows": 2609128, "Plan Width": 12}]}, {"Node Type": "Index Scan", "Parent Relationship": "Inner", "Scan Direction": "Forward", "Index Name": "movie_id_movie_keyword", "Relation Name": "movie_keyword", "Alias": "mk", "Startup Cost": 10000000000.0, "Total Cost": 1000015300634.17, "Plan Rows": 4523929, "Plan Width": 8}]}, {"Node Type": "Hash", "Parent Relationship": "Inner", "Startup Cost": 1000001050138.97, "Total Cost": 1000001050138.97, "Plan Rows": 85170, "Plan Width": 4, "Plans": [{"Node Type": "Index Scan", "Parent Relationship": "Outer", "Scan Direction": "Forward", "Index Name": "company_name_pkey", "Relation Name": "company_name", "Alias": "cn", "Startup Cost": 10000000000.0, "Total Cost": 1000001050138.97, "Plan Rows": 85170, "Plan Width": 4, "Filter": "((country_code)::text = '[us]'::text)"}]}]}, {"Node Type": "Hash", "Parent Relationship": "Inner", "Startup Cost": 1000000001229.5, "Total Cost": 1000000001229.5, "Plan Rows": 3, "Plan Width": 4, "Plans": [{"Node Type": "Index Scan", "Parent Relationship": "Outer", "Scan Direction": "Forward", "Index Name": "company_type_pkey", "Relation Name": "company_type", "Alias": "ct", "Startup Cost": 10000000000.0, "Total Cost": 1000000001229.5, "Plan Rows": 3, "Plan Width": 4}]}]}, {"Node Type": "Hash", "Parent Relationship": "Inner", "Startup Cost": 1000000001421.0, "Total Cost": 1000000001421.0, "Plan Rows": 1, "Plan Width": 4, "Plans": [{"Node Type": "Index Scan", "Parent Relationship": "Outer", "Scan Direction": "Forward", "Index Name": "info_type_pkey", "Relation Name": "info_type", "Alias": "it1", "Startup Cost": 10000000000.0, "Total Cost": 1000000001421.0, "Plan Rows": 1, "Plan Width": 4, "Filter": "((info)::text = 'release dates'::text)"}]}]}, {"Node Type": "Hash", "Parent Relationship": "Inner", "Startup Cost": 1000000284729.43, "Total Cost": 1000000284729.43, "Plan Rows": 134169, "Plan Width": 4, "Plans": [{"Node Type": "Index Scan", "Parent Relationship": "Outer", "Scan Direction": "Forward", "Index Name": "keyword_pkey", "Relation Name": "keyword", "Alias": "k", "Startup Cost": 10000000000.0, "Total Cost": 1000000284729.43, "Plan Rows": 134169, "Plan Width": 4}]}]}]}, "Unique SQL Id": 2846462052}, "explain_analyze_plan": null}, "(16, 80)": {"explain_plan": {"Plan": {"Node Type": "Aggregate", "Strategy": "Plain", "Startup Cost": 40694.38, "Total Cost": 40694.39, "Plan Rows": 1, "Plan Width": 123, "Plans": [{"Node Type": "Nested Loop", "Parent Relationship": "Outer", "Join Type": "Inner", "Startup Cost": 0.0, "Total Cost": 40693.71, "Plan Rows": 134, "Plan Width": 59, "Inner Unique": false, "Plans": [{"Node Type": "Nested Loop", "Parent Relationship": "Outer", "Join Type": "Inner", "Startup Cost": 0.0, "Total Cost": 40678.66, "Plan Rows": 44, "Plan Width": 75, "Inner Unique": true, "Plans": [{"Node Type": "Nested Loop", "Parent Relationship": "Outer", "Join Type": "Inner", "Startup Cost": 0.0, "Total Cost": 40666.34, "Plan Rows": 44, "Plan Width": 79, "Inner Unique": false, "Join Filter": "(t.id = mk.movie_id)", "Plans": [{"Node Type": "Nested Loop", "Parent Relationship": "Outer", "Join Type": "Inner", "Startup Cost": 0.0, "Total Cost": 40662.97, "Plan Rows": 6, "Plan Width": 71, "Inner Unique": true, "Plans": [{"Node Type": "Nested Loop", "Parent Relationship": "Outer", "Join Type": "Inner", "Startup Cost": 0.0, "Total Cost": 40660.17, "Plan Rows": 10, "Plan Width": 75, "Inner Unique": true, "Plans": [{"Node Type": "Nested Loop", "Parent Relationship": "Outer", "Join Type": "Inner", "Startup Cost": 0.0, "Total Cost": 40656.72, "Plan Rows": 12, "Plan Width": 79, "Inner Unique": false, "Plans": [{"Node Type": "Nested Loop", "Parent Relationship": "Outer", "Join Type": "Inner", "Startup Cost": 0.0, "Total Cost": 40654.51, "Plan Rows": 6, "Plan Width": 67, "Inner Unique": true, "Plans": [{"Node Type": "Nested Loop", "Parent Relationship": "Outer", "Join Type": "Inner", "Startup Cost": 0.0, "Total Cost": 40621.57, "Plan Rows": 4, "Plan Width": 46, "Inner Unique": true, "Plans": [{"Node Type": "Streaming(type: LOCAL GATHER dop: 1/16)", "Parent Relationship": "Outer", "Startup Cost": 0.0, "Total Cost": 40537.53, "Plan Rows": 255, "Plan Width": 50, "Plans": [{"Node Type": "Seq Scan", "Parent Relationship": "Outer", "Relation Name": "movie_info", "Alias": "mi", "Startup Cost": 0.0, "Total Cost": 40532.03, "Plan Rows": 255, "Plan Width": 50, "Filter": "((info IS NOT NULL) AND ((note)::text ~~ '%internet%'::text) AND (((info)::text ~~ 'USA:% 199%'::text) OR ((info)::text ~~ 'USA:% 200%'::text)))"}]}, {"Node Type": "Index Scan", "Parent Relationship": "Inner", "Scan Direction": "Forward", "Index Name": "info_type_pkey", "Relation Name": "info_type", "Alias": "it1", "Startup Cost": 0.0, "Total Cost": 0.32, "Plan Rows": 1, "Plan Width": 4, "Index Cond": "(id = mi.info_type_id)", "Filter": "((info)::text = 'release dates'::text)"}]}, {"Node Type": "Index Scan", "Parent Relationship": "Inner", "Scan Direction": "Forward", "Index Name": "title_pkey", "Relation Name": "title", "Alias": "t", "Startup Cost": 0.0, "Total Cost": 8.23, "Plan Rows": 1, "Plan Width": 21, "Index Cond": "(id = mi.movie_id)", "Filter": "(production_year > 1990)"}]}, {"Node Type": "Index Scan", "Parent Relationship": "Inner", "Scan Direction": "Forward", "Index Name": "movie_id_movie_companies", "Relation Name": "movie_companies", "Alias": "mc", "Startup Cost": 0.0, "Total Cost": 0.35, "Plan Rows": 2, "Plan Width": 12, "Index Cond": "(movie_id = t.id)"}]}, {"Node Type": "Index Scan", "Parent Relationship": "Inner", "Scan Direction": "Forward", "Index Name": "company_name_pkey", "Relation Name": "company_name", "Alias": "cn", "Startup Cost": 0.0, "Total Cost": 0.28, "Plan Rows": 1, "Plan Width": 4, "Index Cond": "(id = mc.company_id)", "Filter": "((country_code)::text = '[us]'::text)"}]}, {"Node Type": "Index Only Scan", "Parent Relationship": "Inner", "Scan Direction": "Forward", "Index Name": "company_type_pkey", "Relation Name": "company_type", "Alias": "ct", "Startup Cost": 0.0, "Total Cost": 0.27, "Plan Rows": 1, "Plan Width": 4, "Index Cond": "(id = mc.company_type_id)"}]}, {"Node Type": "Index Scan", "Parent Relationship": "Inner", "Scan Direction": "Forward", "Index Name": "movie_id_movie_keyword", "Relation Name": "movie_keyword", "Alias": "mk", "Startup Cost": 0.0, "Total Cost": 0.46, "Plan Rows": 8, "Plan Width": 8, "Index Cond": "(movie_id = mc.movie_id)"}]}, {"Node Type": "Index Only Scan", "Parent Relationship": "Inner", "Scan Direction": "Forward", "Index Name": "keyword_pkey", "Relation Name": "keyword", "Alias": "k", "Startup Cost": 0.0, "Total Cost": 0.27, "Plan Rows": 1, "Plan Width": 4, "Index Cond": "(id = mk.keyword_id)"}]}, {"Node Type": "Index Only Scan", "Parent Relationship": "Inner", "Scan Direction": "Forward", "Index Name": "movie_id_aka_title", "Relation Name": "aka_title", "Alias": "at", "Startup Cost": 0.0, "Total Cost": 0.31, "Plan Rows": 3, "Plan Width": 4, "Index Cond": "(movie_id = t.id)"}]}]}, "Unique SQL Id": 2846462052}, "explain_analyze_plan": {"Plan": {"Node Type": "Aggregate", "Strategy": "Plain", "Startup Cost": 40694.38, "Total Cost": 40694.39, "Plan Rows": 1, "Plan Width": 123, "Actual Min Startup Time": 364.864, "Actual Max Startup Time": 364.864, "Actual Min Total Time": 364.864, "Actual Max Total Time": 364.864, "Actual Total Rows": 1, "Plans": [{"Node Type": "Nested Loop", "Parent Relationship": "Outer", "Join Type": "Inner", "Startup Cost": 0.0, "Total Cost": 40693.71, "Plan Rows": 134, "Plan Width": 59, "Actual Min Startup Time": 150.031, "Actual Max Startup Time": 150.031, "Actual Min Total Time": 363.963, "Actual Max Total Time": 363.963, "Actual Total Rows": 1140, "Inner Unique": false, "Plans": [{"Node Type": "Nested Loop", "Parent Relationship": "Outer", "Join Type": "Inner", "Startup Cost": 0.0, "Total Cost": 40678.66, "Plan Rows": 44, "Plan Width": 75, "Actual Min Startup Time": 149.33, "Actual Max Startup Time": 149.33, "Actual Min Total Time": 350.621, "Actual Max Total Time": 350.621, "Actual Total Rows": 4808, "Inner Unique": true, "Plans": [{"Node Type": "Nested Loop", "Parent Relationship": "Outer", "Join Type": "Inner", "Startup Cost": 0.0, "Total Cost": 40666.34, "Plan Rows": 44, "Plan Width": 79, "Actual Min Startup Time": 149.32, "Actual Max Startup Time": 149.32, "Actual Min Total Time": 334.369, "Actual Max Total Time": 334.369, "Actual Total Rows": 4808, "Inner Unique": false, "Join Filter": "(t.id = mk.movie_id)", "Rows Removed by Join Filter": 0, "Plans": [{"Node Type": "Nested Loop", "Parent Relationship": "Outer", "Join Type": "Inner", "Startup Cost": 0.0, "Total Cost": 40662.97, "Plan Rows": 6, "Plan Width": 71, "Actual Min Startup Time": 149.301, "Actual Max Startup Time": 149.301, "Actual Min Total Time": 322.876, "Actual Max Total Time": 322.876, "Actual Total Rows": 1488, "Inner Unique": true, "Plans": [{"Node Type": "Nested Loop", "Parent Relationship": "Outer", "Join Type": "Inner", "Startup Cost": 0.0, "Total Cost": 40660.17, "Plan Rows": 10, "Plan Width": 75, "Actual Min Startup Time": 149.258, "Actual Max Startup Time": 149.258, "Actual Min Total Time": 318.774, "Actual Max Total Time": 318.774, "Actual Total Rows": 2647, "Inner Unique": true, "Plans": [{"Node Type": "Nested Loop", "Parent Relationship": "Outer", "Join Type": "Inner", "Startup Cost": 0.0, "Total Cost": 40656.72, "Plan Rows": 12, "Plan Width": 79, "Actual Min Startup Time": 149.242, "Actual Max Startup Time": 149.242, "Actual Min Total Time": 303.519, "Actual Max Total Time": 303.519, "Actual Total Rows": 2884, "Inner Unique": false, "Plans": [{"Node Type": "Nested Loop", "Parent Relationship": "Outer", "Join Type": "Inner", "Startup Cost": 0.0, "Total Cost": 40654.51, "Plan Rows": 6, "Plan Width": 67, "Actual Min Startup Time": 149.227, "Actual Max Startup Time": 149.227, "Actual Min Total Time": 290.4, "Actual Max Total Time": 290.4, "Actual Total Rows": 1782, "Inner Unique": true, "Plans": [{"Node Type": "Nested Loop", "Parent Relationship": "Outer", "Join Type": "Inner", "Startup Cost": 0.0, "Total Cost": 40621.57, "Plan Rows": 4, "Plan Width": 46, "Actual Min Startup Time": 149.207, "Actual Max Startup Time": 149.207, "Actual Min Total Time": 278.887, "Actual Max Total Time": 278.887, "Actual Total Rows": 1783, "Inner Unique": true, "Plans": [{"Node Type": "Streaming(type: LOCAL GATHER dop: 1/16)", "Parent Relationship": "Outer", "Startup Cost": 0.0, "Total Cost": 40537.53, "Plan Rows": 255, "Plan Width": 50, "Actual Min Startup Time": 149.125, "Actual Max Startup Time": 149.125, "Actual Min Total Time": 273.317, "Actual Max Total Time": 273.317, "Actual Total Rows": 1783, "Plans": [{"Node Type": "Seq Scan", "Parent Relationship": "Outer", "Relation Name": "movie_info", "Alias": "mi", "Startup Cost": 0.0, "Total Cost": 40532.03, "Plan Rows": 255, "Plan Width": 50, "Actual Min Startup Time": 80.915, "Actual Max Startup Time": 88.891, "Actual Min Total Time": 295.272, "Actual Max Total Time": 303.871, "Actual Total Rows": 1783, "Filter": "((info IS NOT NULL) AND ((note)::text ~~ '%internet%'::text) AND (((info)::text ~~ 'USA:% 199%'::text) OR ((info)::text ~~ 'USA:% 200%'::text)))", "Rows Removed by Filter": 14833936}]}, {"Node Type": "Index Scan", "Parent Relationship": "Inner", "Scan Direction": "Forward", "Index Name": "info_type_pkey", "Relation Name": "info_type", "Alias": "it1", "Startup Cost": 0.0, "Total Cost": 0.32, "Plan Rows": 1, "Plan Width": 4, "Actual Min Startup Time": 3.688, "Actual Max Startup Time": 3.688, "Actual Min Total Time": 3.688, "Actual Max Total Time": 3.688, "Actual Total Rows": 1783, "Index Cond": "(id = mi.info_type_id)", "Rows Removed by Index Recheck": 0, "Filter": "((info)::text = 'release dates'::text)", "Rows Removed by Filter": 0}]}, {"Node Type": "Index Scan", "Parent Relationship": "Inner", "Scan Direction": "Forward", "Index Name": "title_pkey", "Relation Name": "title", "Alias": "t", "Startup Cost": 0.0, "Total Cost": 8.23, "Plan Rows": 1, "Plan Width": 21, "Actual Min Startup Time": 9.65, "Actual Max Startup Time": 9.65, "Actual Min Total Time": 9.65, "Actual Max Total Time": 9.65, "Actual Total Rows": 1782, "Index Cond": "(id = mi.movie_id)", "Rows Removed by Index Recheck": 0, "Filter": "(production_year > 1990)", "Rows Removed by Filter": 1}]}, {"Node Type": "Index Scan", "Parent Relationship": "Inner", "Scan Direction": "Forward", "Index Name": "movie_id_movie_companies", "Relation Name": "movie_companies", "Alias": "mc", "Startup Cost": 0.0, "Total Cost": 0.35, "Plan Rows": 2, "Plan Width": 12, "Actual Min Startup Time": 8.852, "Actual Max Startup Time": 8.852, "Actual Min Total Time": 11.337, "Actual Max Total Time": 11.337, "Actual Total Rows": 2884, "Index Cond": "(movie_id = t.id)", "Rows Removed by Index Recheck": 0}]}, {"Node Type": "Index Scan", "Parent Relationship": "Inner", "Scan Direction": "Forward", "Index Name": "company_name_pkey", "Relation Name": "company_name", "Alias": "cn", "Startup Cost": 0.0, "Total Cost": 0.28, "Plan Rows": 1, "Plan Width": 4, "Actual Min Startup Time": 12.816, "Actual Max Startup Time": 12.816, "Actual Min Total Time": 12.816, "Actual Max Total Time": 12.816, "Actual Total Rows": 2647, "Index Cond": "(id = mc.company_id)", "Rows Removed by Index Recheck": 0, "Filter": "((country_code)::text = '[us]'::text)", "Rows Removed by Filter": 237}]}, {"Node Type": "Index Only Scan", "Parent Relationship": "Inner", "Scan Direction": "Forward", "Index Name": "company_type_pkey", "Relation Name": "company_type", "Alias": "ct", "Startup Cost": 0.0, "Total Cost": 0.27, "Plan Rows": 1, "Plan Width": 4, "Actual Min Startup Time": 2.303, "Actual Max Startup Time": 2.303, "Actual Min Total Time": 2.303, "Actual Max Total Time": 2.303, "Actual Total Rows": 1488, "Index Cond": "(id = mc.company_type_id)", "Rows Removed by Index Recheck": 0, "Heap Fetches": 0}]}, {"Node Type": "Index Scan", "Parent Relationship": "Inner", "Scan Direction": "Forward", "Index Name": "movie_id_movie_keyword", "Relation Name": "movie_keyword", "Alias": "mk", "Startup Cost": 0.0, "Total Cost": 0.46, "Plan Rows": 8, "Plan Width": 8, "Actual Min Startup Time": 6.526, "Actual Max Startup Time": 6.526, "Actual Min Total Time": 8.792, "Actual Max Total Time": 8.792, "Actual Total Rows": 4808, "Index Cond": "(movie_id = mc.movie_id)", "Rows Removed by Index Recheck": 0}]}, {"Node Type": "Index Only Scan", "Parent Relationship": "Inner", "Scan Direction": "Forward", "Index Name": "keyword_pkey", "Relation Name": "keyword", "Alias": "k", "Startup Cost": 0.0, "Total Cost": 0.27, "Plan Rows": 1, "Plan Width": 4, "Actual Min Startup Time": 12.885, "Actual Max Startup Time": 12.885, "Actual Min Total Time": 12.885, "Actual Max Total Time": 12.885, "Actual Total Rows": 4808, "Index Cond": "(id = mk.keyword_id)", "Rows Removed by Index Recheck": 0, "Heap Fetches": 0}]}, {"Node Type": "Index Only Scan", "Parent Relationship": "Inner", "Scan Direction": "Forward", "Index Name": "movie_id_aka_title", "Relation Name": "aka_title", "Alias": "at", "Startup Cost": 0.0, "Total Cost": 0.31, "Plan Rows": 3, "Plan Width": 4, "Actual Min Startup Time": 10.107, "Actual Max Startup Time": 10.107, "Actual Min Total Time": 10.399, "Actual Max Total Time": 10.399, "Actual Total Rows": 1140, "Index Cond": "(movie_id = t.id)", "Rows Removed by Index Recheck": 0, "Heap Fetches": 0}]}]}, "Triggers": [], "Planner Runtime": 151.926, "Total Runtime": 368.208, "Unique SQL Id": 2846462052}}, "(16, 81)": {"explain_plan": {"Plan": {"Node Type": "Aggregate", "Strategy": "Plain", "Startup Cost": 165028.92, "Total Cost": 165028.93, "Plan Rows": 1, "Plan Width": 123, "Plans": [{"Node Type": "Nested Loop", "Parent Relationship": "Outer", "Join Type": "Inner", "Startup Cost": 4841.46, "Total Cost": 165028.25, "Plan Rows": 134, "Plan Width": 59, "Inner Unique": false, "Plans": [{"Node Type": "Nested Loop", "Parent Relationship": "Outer", "Join Type": "Inner", "Startup Cost": 4841.46, "Total Cost": 165013.2, "Plan Rows": 44, "Plan Width": 75, "Inner Unique": true, "Plans": [{"Node Type": "Nested Loop", "Parent Relationship": "Outer", "Join Type": "Inner", "Startup Cost": 4841.46, "Total Cost": 165000.88, "Plan Rows": 44, "Plan Width": 79, "Inner Unique": false, "Join Filter": "(t.id = mk.movie_id)", "Plans": [{"Node Type": "Nested Loop", "Parent Relationship": "Outer", "Join Type": "Inner", "Startup Cost": 4841.46, "Total Cost": 164997.5, "Plan Rows": 6, "Plan Width": 71, "Inner Unique": true, "Plans": [{"Node Type": "Nested Loop", "Parent Relationship": "Outer", "Join Type": "Inner", "Startup Cost": 4841.46, "Total Cost": 164994.7, "Plan Rows": 10, "Plan Width": 75, "Inner Unique": true, "Plans": [{"Node Type": "Nested Loop", "Parent Relationship": "Outer", "Join Type": "Inner", "Startup Cost": 4841.46, "Total Cost": 164991.25, "Plan Rows": 12, "Plan Width": 79, "Inner Unique": false, "Plans": [{"Node Type": "Nested Loop", "Parent Relationship": "Outer", "Join Type": "Inner", "Startup Cost": 4841.46, "Total Cost": 164989.04, "Plan Rows": 6, "Plan Width": 67, "Inner Unique": true, "Plans": [{"Node Type": "Nested Loop", "Parent Relationship": "Outer", "Join Type": "Inner", "Startup Cost": 4841.46, "Total Cost": 164956.1, "Plan Rows": 4, "Plan Width": 46, "Inner Unique": false, "Plans": [{"Node Type": "Index Scan", "Parent Relationship": "Outer", "Scan Direction": "Forward", "Index Name": "info_type_pkey", "Relation Name": "info_type", "Alias": "it1", "Startup Cost": 0.0, "Total Cost": 14.21, "Plan Rows": 1, "Plan Width": 4, "Filter": "((info)::text = 'release dates'::text)"}, {"Node Type": "Bitmap Heap Scan", "Parent Relationship": "Inner", "Relation Name": "movie_info", "Alias": "mi", "Startup Cost": 4841.46, "Total Cost": 164941.85, "Plan Rows": 4, "Plan Width": 50, "Recheck Cond": "(info_type_id = it1.id)", "Filter": "((info IS NOT NULL) AND ((note)::text ~~ '%internet%'::text) AND (((info)::text ~~ 'USA:% 199%'::text) OR ((info)::text ~~ 'USA:% 200%'::text)))", "Plans": [{"Node Type": "Bitmap Index Scan", "Parent Relationship": "Outer", "Index Name": "info_type_id_movie_info", "Startup Cost": 0.0, "Total Cost": 4841.46, "Plan Rows": 212428, "Plan Width": 0, "Index Cond": "(info_type_id = it1.id)"}]}]}, {"Node Type": "Index Scan", "Parent Relationship": "Inner", "Scan Direction": "Forward", "Index Name": "title_pkey", "Relation Name": "title", "Alias": "t", "Startup Cost": 0.0, "Total Cost": 8.23, "Plan Rows": 1, "Plan Width": 21, "Index Cond": "(id = mi.movie_id)", "Filter": "(production_year > 1990)"}]}, {"Node Type": "Index Scan", "Parent Relationship": "Inner", "Scan Direction": "Forward", "Index Name": "movie_id_movie_companies", "Relation Name": "movie_companies", "Alias": "mc", "Startup Cost": 0.0, "Total Cost": 0.35, "Plan Rows": 2, "Plan Width": 12, "Index Cond": "(movie_id = t.id)"}]}, {"Node Type": "Index Scan", "Parent Relationship": "Inner", "Scan Direction": "Forward", "Index Name": "company_name_pkey", "Relation Name": "company_name", "Alias": "cn", "Startup Cost": 0.0, "Total Cost": 0.28, "Plan Rows": 1, "Plan Width": 4, "Index Cond": "(id = mc.company_id)", "Filter": "((country_code)::text = '[us]'::text)"}]}, {"Node Type": "Index Only Scan", "Parent Relationship": "Inner", "Scan Direction": "Forward", "Index Name": "company_type_pkey", "Relation Name": "company_type", "Alias": "ct", "Startup Cost": 0.0, "Total Cost": 0.27, "Plan Rows": 1, "Plan Width": 4, "Index Cond": "(id = mc.company_type_id)"}]}, {"Node Type": "Index Scan", "Parent Relationship": "Inner", "Scan Direction": "Forward", "Index Name": "movie_id_movie_keyword", "Relation Name": "movie_keyword", "Alias": "mk", "Startup Cost": 0.0, "Total Cost": 0.46, "Plan Rows": 8, "Plan Width": 8, "Index Cond": "(movie_id = mc.movie_id)"}]}, {"Node Type": "Index Only Scan", "Parent Relationship": "Inner", "Scan Direction": "Forward", "Index Name": "keyword_pkey", "Relation Name": "keyword", "Alias": "k", "Startup Cost": 0.0, "Total Cost": 0.27, "Plan Rows": 1, "Plan Width": 4, "Index Cond": "(id = mk.keyword_id)"}]}, {"Node Type": "Index Only Scan", "Parent Relationship": "Inner", "Scan Direction": "Forward", "Index Name": "movie_id_aka_title", "Relation Name": "aka_title", "Alias": "at", "Startup Cost": 0.0, "Total Cost": 0.31, "Plan Rows": 3, "Plan Width": 4, "Index Cond": "(movie_id = t.id)"}]}]}, "Unique SQL Id": 2846462052}, "explain_analyze_plan": null}, "(16, 82)": {"explain_plan": {"Plan": {"Node Type": "Aggregate", "Strategy": "Plain", "Startup Cost": 43426.24, "Total Cost": 43426.25, "Plan Rows": 1, "Plan Width": 123, "Plans": [{"Node Type": "Nested Loop", "Parent Relationship": "Outer", "Join Type": "Inner", "Startup Cost": 42685.22, "Total Cost": 43425.57, "Plan Rows": 134, "Plan Width": 59, "Inner Unique": true, "Plans": [{"Node Type": "Nested Loop", "Parent Relationship": "Outer", "Join Type": "Inner", "Startup Cost": 42684.96, "Total Cost": 42852.02, "Plan Rows": 134, "Plan Width": 63, "Inner Unique": false, "Join Filter": "(t.id = mk.movie_id)", "Plans": [{"Node Type": "Nested Loop", "Parent Relationship": "Outer", "Join Type": "Inner", "Startup Cost": 42684.63, "Total Cost": 42774.87, "Plan Rows": 17, "Plan Width": 75, "Inner Unique": false, "Join Filter": "(t.id = at.movie_id)", "Plans": [{"Node Type": "Nested Loop", "Parent Relationship": "Outer", "Join Type": "Inner", "Startup Cost": 42684.35, "Total Cost": 42731.38, "Plan Rows": 10, "Plan Width": 71, "Inner Unique": true, "Plans": [{"Node Type": "Merge Join", "Parent Relationship": "Outer", "Join Type": "Inner", "Startup Cost": 42684.09, "Total Cost": 42684.26, "Plan Rows": 11, "Plan Width": 75, "Inner Unique": false, "Merge Cond": "(ct.id = mc.company_type_id)", "Plans": [{"Node Type": "Sort", "Parent Relationship": "Outer", "Startup Cost": 1.05, "Total Cost": 1.06, "Plan Rows": 3, "Plan Width": 4, "Sort Key": ["ct.id"], "Plans": [{"Node Type": "Seq Scan", "Parent Relationship": "Outer", "Relation Name": "company_type", "Alias": "ct", "Startup Cost": 0.0, "Total Cost": 1.03, "Plan Rows": 3, "Plan Width": 4}]}, {"Node Type": "Sort", "Parent Relationship": "Inner", "Startup Cost": 42683.01, "Total Cost": 42683.04, "Plan Rows": 12, "Plan Width": 79, "Sort Key": ["mc.company_type_id"], "Plans": [{"Node Type": "Nested Loop", "Parent Relationship": "Outer", "Join Type": "Inner", "Startup Cost": 42655.36, "Total Cost": 42682.79, "Plan Rows": 12, "Plan Width": 79, "Inner Unique": false, "Plans": [{"Node Type": "Merge Join", "Parent Relationship": "Outer", "Join Type": "Inner", "Startup Cost": 42655.07, "Total Cost": 42656.8, "Plan Rows": 6, "Plan Width": 67, "Inner Unique": false, "Merge Cond": "(it1.id = mi.info_type_id)", "Plans": [{"Node Type": "Sort", "Parent Relationship": "Outer", "Startup Cost": 2.41, "Total Cost": 2.42, "Plan Rows": 1, "Plan Width": 4, "Sort Key": ["it1.id"], "Plans": [{"Node Type": "Seq Scan", "Parent Relationship": "Outer", "Relation Name": "info_type", "Alias": "it1", "Startup Cost": 0.0, "Total Cost": 2.4, "Plan Rows": 1, "Plan Width": 4, "Filter": "((info)::text = 'release dates'::text)"}]}, {"Node Type": "Sort", "Parent Relationship": "Inner", "Startup Cost": 42652.57, "Total Cost": 42653.45, "Plan Rows": 353, "Plan Width": 71, "Sort Key": ["mi.info_type_id"], "Plans": [{"Node Type": "Nested Loop", "Parent Relationship": "Outer", "Join Type": "Inner", "Startup Cost": 4.21, "Total Cost": 42637.63, "Plan Rows": 353, "Plan Width": 71, "Inner Unique": true, "Plans": [{"Node Type": "Streaming(type: LOCAL GATHER dop: 1/16)", "Parent Relationship": "Outer", "Startup Cost": 0.0, "Total Cost": 40537.53, "Plan Rows": 255, "Plan Width": 50, "Plans": [{"Node Type": "Seq Scan", "Parent Relationship": "Outer", "Relation Name": "movie_info", "Alias": "mi", "Startup Cost": 0.0, "Total Cost": 40532.03, "Plan Rows": 255, "Plan Width": 50, "Filter": "((info IS NOT NULL) AND ((note)::text ~~ '%internet%'::text) AND (((info)::text ~~ 'USA:% 199%'::text) OR ((info)::text ~~ 'USA:% 200%'::text)))"}]}, {"Node Type": "Bitmap Heap Scan", "Parent Relationship": "Inner", "Relation Name": "title", "Alias": "t", "Startup Cost": 4.21, "Total Cost": 8.23, "Plan Rows": 1, "Plan Width": 21, "Recheck Cond": "(id = mi.movie_id)", "Filter": "(production_year > 1990)", "Plans": [{"Node Type": "Bitmap Index Scan", "Parent Relationship": "Outer", "Index Name": "title_pkey", "Startup Cost": 0.0, "Total Cost": 4.21, "Plan Rows": 1, "Plan Width": 0, "Index Cond": "(id = mi.movie_id)"}]}]}]}]}, {"Node Type": "Bitmap Heap Scan", "Parent Relationship": "Inner", "Relation Name": "movie_companies", "Alias": "mc", "Startup Cost": 0.29, "Total Cost": 4.31, "Plan Rows": 2, "Plan Width": 12, "Recheck Cond": "(movie_id = t.id)", "Plans": [{"Node Type": "Bitmap Index Scan", "Parent Relationship": "Outer", "Index Name": "movie_id_movie_companies", "Startup Cost": 0.0, "Total Cost": 0.29, "Plan Rows": 2, "Plan Width": 0, "Index Cond": "(movie_id = t.id)"}]}]}]}]}, {"Node Type": "Bitmap Heap Scan", "Parent Relationship": "Inner", "Relation Name": "company_name", "Alias": "cn", "Startup Cost": 0.26, "Total Cost": 4.27, "Plan Rows": 1, "Plan Width": 4, "Recheck Cond": "(id = mc.company_id)", "Filter": "((country_code)::text = '[us]'::text)", "Plans": [{"Node Type": "Bitmap Index Scan", "Parent Relationship": "Outer", "Index Name": "company_name_pkey", "Startup Cost": 0.0, "Total Cost": 0.26, "Plan Rows": 1, "Plan Width": 0, "Index Cond": "(id = mc.company_id)"}]}]}, {"Node Type": "Bitmap Heap Scan", "Parent Relationship": "Inner", "Relation Name": "aka_title", "Alias": "at", "Startup Cost": 0.27, "Total Cost": 4.31, "Plan Rows": 3, "Plan Width": 4, "Recheck Cond": "(movie_id = mc.movie_id)", "Plans": [{"Node Type": "Bitmap Index Scan", "Parent Relationship": "Outer", "Index Name": "movie_id_aka_title", "Startup Cost": 0.0, "Total Cost": 0.27, "Plan Rows": 3, "Plan Width": 0, "Index Cond": "(movie_id = mc.movie_id)"}]}]}, {"Node Type": "Bitmap Heap Scan", "Parent Relationship": "Inner", "Relation Name": "movie_keyword", "Alias": "mk", "Startup Cost": 0.34, "Total Cost": 4.44, "Plan Rows": 8, "Plan Width": 8, "Recheck Cond": "(movie_id = mc.movie_id)", "Plans": [{"Node Type": "Bitmap Index Scan", "Parent Relationship": "Outer", "Index Name": "movie_id_movie_keyword", "Startup Cost": 0.0, "Total Cost": 0.34, "Plan Rows": 8, "Plan Width": 0, "Index Cond": "(movie_id = mc.movie_id)"}]}]}, {"Node Type": "Bitmap Heap Scan", "Parent Relationship": "Inner", "Relation Name": "keyword", "Alias": "k", "Startup Cost": 0.26, "Total Cost": 4.27, "Plan Rows": 1, "Plan Width": 4, "Recheck Cond": "(id = mk.keyword_id)", "Plans": [{"Node Type": "Bitmap Index Scan", "Parent Relationship": "Outer", "Index Name": "keyword_pkey", "Startup Cost": 0.0, "Total Cost": 0.26, "Plan Rows": 1, "Plan Width": 0, "Index Cond": "(id = mk.keyword_id)"}]}]}]}, "Unique SQL Id": 2846462052}, "explain_analyze_plan": {"Plan": {"Node Type": "Aggregate", "Strategy": "Plain", "Startup Cost": 43426.24, "Total Cost": 43426.25, "Plan Rows": 1, "Plan Width": 123, "Actual Min Startup Time": 423.662, "Actual Max Startup Time": 423.662, "Actual Min Total Time": 423.662, "Actual Max Total Time": 423.662, "Actual Total Rows": 1, "Plans": [{"Node Type": "Nested Loop", "Parent Relationship": "Outer", "Join Type": "Inner", "Startup Cost": 42685.22, "Total Cost": 43425.57, "Plan Rows": 134, "Plan Width": 59, "Actual Min Startup Time": 392.255, "Actual Max Startup Time": 392.255, "Actual Min Total Time": 422.765, "Actual Max Total Time": 422.765, "Actual Total Rows": 1140, "Inner Unique": true, "Plans": [{"Node Type": "Nested Loop", "Parent Relationship": "Outer", "Join Type": "Inner", "Startup Cost": 42684.96, "Total Cost": 42852.02, "Plan Rows": 134, "Plan Width": 63, "Actual Min Startup Time": 392.226, "Actual Max Startup Time": 392.226, "Actual Min Total Time": 415.403, "Actual Max Total Time": 415.403, "Actual Total Rows": 1140, "Inner Unique": false, "Join Filter": "(t.id = mk.movie_id)", "Rows Removed by Join Filter": 0, "Plans": [{"Node Type": "Nested Loop", "Parent Relationship": "Outer", "Join Type": "Inner", "Startup Cost": 42684.63, "Total Cost": 42774.87, "Plan Rows": 17, "Plan Width": 75, "Actual Min Startup Time": 390.95, "Actual Max Startup Time": 390.95, "Actual Min Total Time": 413.376, "Actual Max Total Time": 413.376, "Actual Total Rows": 119, "Inner Unique": false, "Join Filter": "(t.id = at.movie_id)", "Rows Removed by Join Filter": 0, "Plans": [{"Node Type": "Nested Loop", "Parent Relationship": "Outer", "Join Type": "Inner", "Startup Cost": 42684.35, "Total Cost": 42731.38, "Plan Rows": 10, "Plan Width": 71, "Actual Min Startup Time": 390.397, "Actual Max Startup Time": 390.397, "Actual Min Total Time": 404.624, "Actual Max Total Time": 404.624, "Actual Total Rows": 1488, "Inner Unique": true, "Plans": [{"Node Type": "Merge Join", "Parent Relationship": "Outer", "Join Type": "Inner", "Startup Cost": 42684.09, "Total Cost": 42684.26, "Plan Rows": 11, "Plan Width": 75, "Actual Min Startup Time": 390.347, "Actual Max Startup Time": 390.347, "Actual Min Total Time": 391.372, "Actual Max Total Time": 391.372, "Actual Total Rows": 1599, "Inner Unique": false, "Merge Cond": "(ct.id = mc.company_type_id)", "Plans": [{"Node Type": "Sort", "Parent Relationship": "Outer", "Startup Cost": 1.05, "Total Cost": 1.06, "Plan Rows": 3, "Plan Width": 4, "Actual Min Startup Time": 0.038, "Actual Max Startup Time": 0.038, "Actual Min Total Time": 0.039, "Actual Max Total Time": 0.039, "Actual Total Rows": 2, "Sort Key": ["ct.id"], "Sort Method": "quicksort", "Sort Space Min Used": 25, "Sort Space Max Used": 25, "Sort Space Type": "Memory", "Plans": [{"Node Type": "Seq Scan", "Parent Relationship": "Outer", "Relation Name": "company_type", "Alias": "ct", "Startup Cost": 0.0, "Total Cost": 1.03, "Plan Rows": 3, "Plan Width": 4, "Actual Min Startup Time": 0.015, "Actual Max Startup Time": 0.015, "Actual Min Total Time": 0.018, "Actual Max Total Time": 0.018, "Actual Total Rows": 3}]}, {"Node Type": "Sort", "Parent Relationship": "Inner", "Startup Cost": 42683.01, "Total Cost": 42683.04, "Plan Rows": 12, "Plan Width": 79, "Actual Min Startup Time": 389.925, "Actual Max Startup Time": 389.925, "Actual Min Total Time": 390.424, "Actual Max Total Time": 390.424, "Actual Total Rows": 2884, "Sort Key": ["mc.company_type_id"], "Sort Method": "quicksort", "Sort Space Min Used": 548, "Sort Space Max Used": 548, "Sort Space Type": "Memory", "Plans": [{"Node Type": "Nested Loop", "Parent Relationship": "Outer", "Join Type": "Inner", "Startup Cost": 42655.36, "Total Cost": 42682.79, "Plan Rows": 12, "Plan Width": 79, "Actual Min Startup Time": 365.256, "Actual Max Startup Time": 365.256, "Actual Min Total Time": 388.409, "Actual Max Total Time": 388.409, "Actual Total Rows": 2884, "Inner Unique": false, "Plans": [{"Node Type": "Merge Join", "Parent Relationship": "Outer", "Join Type": "Inner", "Startup Cost": 42655.07, "Total Cost": 42656.8, "Plan Rows": 6, "Plan Width": 67, "Actual Min Startup Time": 365.212, "Actual Max Startup Time": 365.212, "Actual Min Total Time": 366.278, "Actual Max Total Time": 366.278, "Actual Total Rows": 1782, "Inner Unique": false, "Merge Cond": "(it1.id = mi.info_type_id)", "Plans": [{"Node Type": "Sort", "Parent Relationship": "Outer", "Startup Cost": 2.41, "Total Cost": 2.42, "Plan Rows": 1, "Plan Width": 4, "Actual Min Startup Time": 0.061, "Actual Max Startup Time": 0.061, "Actual Min Total Time": 0.061, "Actual Max Total Time": 0.061, "Actual Total Rows": 1, "Sort Key": ["it1.id"], "Sort Method": "quicksort", "Sort Space Min Used": 25, "Sort Space Max Used": 25, "Sort Space Type": "Memory", "Plans": [{"Node Type": "Seq Scan", "Parent Relationship": "Outer", "Relation Name": "info_type", "Alias": "it1", "Startup Cost": 0.0, "Total Cost": 2.4, "Plan Rows": 1, "Plan Width": 4, "Actual Min Startup Time": 0.037, "Actual Max Startup Time": 0.037, "Actual Min Total Time": 0.057, "Actual Max Total Time": 0.057, "Actual Total Rows": 1, "Filter": "((info)::text = 'release dates'::text)", "Rows Removed by Filter": 111}]}, {"Node Type": "Sort", "Parent Relationship": "Inner", "Startup Cost": 42652.57, "Total Cost": 42653.45, "Plan Rows": 353, "Plan Width": 71, "Actual Min Startup Time": 365.143, "Actual Max Startup Time": 365.143, "Actual Min Total Time": 365.525, "Actual Max Total Time": 365.525, "Actual Total Rows": 1782, "Sort Key": ["mi.info_type_id"], "Sort Method": "quicksort", "Sort Space Min Used": 317, "Sort Space Max Used": 317, "Sort Space Type": "Memory", "Plans": [{"Node Type": "Nested Loop", "Parent Relationship": "Outer", "Join Type": "Inner", "Startup Cost": 4.21, "Total Cost": 42637.63, "Plan Rows": 353, "Plan Width": 71, "Actual Min Startup Time": 168.927, "Actual Max Startup Time": 168.927, "Actual Min Total Time": 364.001, "Actual Max Total Time": 364.001, "Actual Total Rows": 1782, "Inner Unique": true, "Plans": [{"Node Type": "Streaming(type: LOCAL GATHER dop: 1/16)", "Parent Relationship": "Outer", "Startup Cost": 0.0, "Total Cost": 40537.53, "Plan Rows": 255, "Plan Width": 50, "Actual Min Startup Time": 168.847, "Actual Max Startup Time": 168.847, "Actual Min Total Time": 343.498, "Actual Max Total Time": 343.498, "Actual Total Rows": 1783, "Plans": [{"Node Type": "Seq Scan", "Parent Relationship": "Outer", "Relation Name": "movie_info", "Alias": "mi", "Startup Cost": 0.0, "Total Cost": 40532.03, "Plan Rows": 255, "Plan Width": 50, "Actual Min Startup Time": 85.754, "Actual Max Startup Time": 94.075, "Actual Min Total Time": 321.781, "Actual Max Total Time": 333.005, "Actual Total Rows": 1783, "Filter": "((info IS NOT NULL) AND ((note)::text ~~ '%internet%'::text) AND (((info)::text ~~ 'USA:% 199%'::text) OR ((info)::text ~~ 'USA:% 200%'::text)))", "Rows Removed by Filter": 14833936}]}, {"Node Type": "Bitmap Heap Scan", "Parent Relationship": "Inner", "Relation Name": "title", "Alias": "t", "Startup Cost": 4.21, "Total Cost": 8.23, "Plan Rows": 1, "Plan Width": 21, "Actual Min Startup Time": 17.918, "Actual Max Startup Time": 17.918, "Actual Min Total Time": 17.918, "Actual Max Total Time": 17.918, "Actual Total Rows": 1782, "Recheck Cond": "(id = mi.movie_id)", "Rows Removed by Index Recheck": 0, "Filter": "(production_year > 1990)", "Rows Removed by Filter": 1, "Exact Heap Blocks": 1783, "Lossy Heap Blocks": 1783, "Plans": [{"Node Type": "Bitmap Index Scan", "Parent Relationship": "Outer", "Index Name": "title_pkey", "Startup Cost": 0.0, "Total Cost": 4.21, "Plan Rows": 1, "Plan Width": 0, "Actual Min Startup Time": 10.127, "Actual Max Startup Time": 10.127, "Actual Min Total Time": 10.127, "Actual Max Total Time": 10.127, "Actual Total Rows": 1783, "Index Cond": "(id = mi.movie_id)"}]}]}]}]}, {"Node Type": "Bitmap Heap Scan", "Parent Relationship": "Inner", "Relation Name": "movie_companies", "Alias": "mc", "Startup Cost": 0.29, "Total Cost": 4.31, "Plan Rows": 2, "Plan Width": 12, "Actual Min Startup Time": 16.497, "Actual Max Startup Time": 16.497, "Actual Min Total Time": 19.331, "Actual Max Total Time": 19.331, "Actual Total Rows": 2884, "Recheck Cond": "(movie_id = t.id)", "Rows Removed by Index Recheck": 0, "Exact Heap Blocks": 2325, "Lossy Heap Blocks": 2325, "Plans": [{"Node Type": "Bitmap Index Scan", "Parent Relationship": "Outer", "Index Name": "movie_id_movie_companies", "Startup Cost": 0.0, "Total Cost": 0.29, "Plan Rows": 2, "Plan Width": 0, "Actual Min Startup Time": 10.795, "Actual Max Startup Time": 10.795, "Actual Min Total Time": 10.795, "Actual Max Total Time": 10.795, "Actual Total Rows": 2884, "Index Cond": "(movie_id = t.id)"}]}]}]}]}, {"Node Type": "Bitmap Heap Scan", "Parent Relationship": "Inner", "Relation Name": "company_name", "Alias": "cn", "Startup Cost": 0.26, "Total Cost": 4.27, "Plan Rows": 1, "Plan Width": 4, "Actual Min Startup Time": 11.307, "Actual Max Startup Time": 11.307, "Actual Min Total Time": 11.307, "Actual Max Total Time": 11.307, "Actual Total Rows": 1488, "Recheck Cond": "(id = mc.company_id)", "Rows Removed by Index Recheck": 0, "Filter": "((country_code)::text = '[us]'::text)", "Rows Removed by Filter": 111, "Exact Heap Blocks": 1599, "Lossy Heap Blocks": 1599, "Plans": [{"Node Type": "Bitmap Index Scan", "Parent Relationship": "Outer", "Index Name": "company_name_pkey", "Startup Cost": 0.0, "Total Cost": 0.26, "Plan Rows": 1, "Plan Width": 0, "Actual Min Startup Time": 6.21, "Actual Max Startup Time": 6.21, "Actual Min Total Time": 6.21, "Actual Max Total Time": 6.21, "Actual Total Rows": 1599, "Index Cond": "(id = mc.company_id)"}]}]}, {"Node Type": "Bitmap Heap Scan", "Parent Relationship": "Inner", "Relation Name": "aka_title", "Alias": "at", "Startup Cost": 0.27, "Total Cost": 4.31, "Plan Rows": 3, "Plan Width": 4, "Actual Min Startup Time": 6.93, "Actual Max Startup Time": 6.93, "Actual Min Total Time": 7.031, "Actual Max Total Time": 7.031, "Actual Total Rows": 119, "Recheck Cond": "(movie_id = mc.movie_id)", "Rows Removed by Index Recheck": 0, "Exact Heap Blocks": 119, "Lossy Heap Blocks": 119, "Plans": [{"Node Type": "Bitmap Index Scan", "Parent Relationship": "Outer", "Index Name": "movie_id_aka_title", "Startup Cost": 0.0, "Total Cost": 0.27, "Plan Rows": 3, "Plan Width": 0, "Actual Min Startup Time": 5.923, "Actual Max Startup Time": 5.923, "Actual Min Total Time": 5.923, "Actual Max Total Time": 5.923, "Actual Total Rows": 119, "Index Cond": "(movie_id = mc.movie_id)"}]}]}, {"Node Type": "Bitmap Heap Scan", "Parent Relationship": "Inner", "Relation Name": "movie_keyword", "Alias": "mk", "Startup Cost": 0.34, "Total Cost": 4.44, "Plan Rows": 8, "Plan Width": 8, "Actual Min Startup Time": 1.22, "Actual Max Startup Time": 1.22, "Actual Min Total Time": 1.402, "Actual Max Total Time": 1.402, "Actual Total Rows": 1140, "Recheck Cond": "(movie_id = mc.movie_id)", "Rows Removed by Index Recheck": 0, "Exact Heap Blocks": 91, "Lossy Heap Blocks": 91, "Plans": [{"Node Type": "Bitmap Index Scan", "Parent Relationship": "Outer", "Index Name": "movie_id_movie_keyword", "Startup Cost": 0.0, "Total Cost": 0.34, "Plan Rows": 8, "Plan Width": 0, "Actual Min Startup Time": 0.817, "Actual Max Startup Time": 0.817, "Actual Min Total Time": 0.817, "Actual Max Total Time": 0.817, "Actual Total Rows": 1140, "Index Cond": "(movie_id = mc.movie_id)"}]}]}, {"Node Type": "Bitmap Heap Scan", "Parent Relationship": "Inner", "Relation Name": "keyword", "Alias": "k", "Startup Cost": 0.26, "Total Cost": 4.27, "Plan Rows": 1, "Plan Width": 4, "Actual Min Startup Time": 5.86, "Actual Max Startup Time": 5.86, "Actual Min Total Time": 5.86, "Actual Max Total Time": 5.86, "Actual Total Rows": 1140, "Recheck Cond": "(id = mk.keyword_id)", "Rows Removed by Index Recheck": 0, "Exact Heap Blocks": 1140, "Lossy Heap Blocks": 1140, "Plans": [{"Node Type": "Bitmap Index Scan", "Parent Relationship": "Outer", "Index Name": "keyword_pkey", "Startup Cost": 0.0, "Total Cost": 0.26, "Plan Rows": 1, "Plan Width": 0, "Actual Min Startup Time": 3.641, "Actual Max Startup Time": 3.641, "Actual Min Total Time": 3.641, "Actual Max Total Time": 3.641, "Actual Total Rows": 1140, "Index Cond": "(id = mk.keyword_id)"}]}]}]}, "Triggers": [], "Planner Runtime": 154.999, "Total Runtime": 427.736, "Unique SQL Id": 2846462052}}, "(16, 83)": {"explain_plan": {"Plan": {"Node Type": "Aggregate", "Strategy": "Plain", "Startup Cost": 166082.29, "Total Cost": 166082.3, "Plan Rows": 1, "Plan Width": 123, "Plans": [{"Node Type": "Nested Loop", "Parent Relationship": "Outer", "Join Type": "Inner", "Startup Cost": 4855.81, "Total Cost": 166081.62, "Plan Rows": 134, "Plan Width": 59, "Inner Unique": true, "Join Filter": "(at.movie_id = t.id)", "Plans": [{"Node Type": "Nested Loop", "Parent Relationship": "Outer", "Join Type": "Inner", "Startup Cost": 4855.54, "Total Cost": 165665.15, "Plan Rows": 97, "Plan Width": 58, "Inner Unique": true, "Plans": [{"Node Type": "Nested Loop", "Parent Relationship": "Outer", "Join Type": "Inner", "Startup Cost": 4855.28, "Total Cost": 165249.97, "Plan Rows": 97, "Plan Width": 62, "Inner Unique": false, "Join Filter": "(at.movie_id = mk.movie_id)", "Plans": [{"Node Type": "Nested Loop", "Parent Relationship": "Outer", "Join Type": "Inner", "Startup Cost": 4854.95, "Total Cost": 165195.51, "Plan Rows": 12, "Plan Width": 54, "Inner Unique": true, "Plans": [{"Node Type": "Nested Loop", "Parent Relationship": "Outer", "Join Type": "Inner", "Startup Cost": 4854.69, "Total Cost": 165144.15, "Plan Rows": 12, "Plan Width": 58, "Inner Unique": true, "Plans": [{"Node Type": "Nested Loop", "Parent Relationship": "Outer", "Join Type": "Inner", "Startup Cost": 4854.43, "Total Cost": 165058.48, "Plan Rows": 20, "Plan Width": 62, "Inner Unique": false, "Plans": [{"Node Type": "Nested Loop", "Parent Relationship": "Outer", "Join Type": "Inner", "Startup Cost": 4854.06, "Total Cost": 165018.73, "Plan Rows": 9, "Plan Width": 50, "Inner Unique": false, "Plans": [{"Node Type": "Nested Loop", "Parent Relationship": "Outer", "Join Type": "Inner", "Startup Cost": 4850.27, "Total Cost": 164956.1, "Plan Rows": 4, "Plan Width": 46, "Inner Unique": false, "Plans": [{"Node Type": "Bitmap Heap Scan", "Parent Relationship": "Outer", "Relation Name": "info_type", "Alias": "it1", "Startup Cost": 8.81, "Total Cost": 14.21, "Plan Rows": 1, "Plan Width": 4, "Filter": "((info)::text = 'release dates'::text)", "Plans": [{"Node Type": "Bitmap Index Scan", "Parent Relationship": "Outer", "Index Name": "info_type_pkey", "Startup Cost": 0.0, "Total Cost": 8.81, "Plan Rows": 112, "Plan Width": 0}]}, {"Node Type": "Bitmap Heap Scan", "Parent Relationship": "Inner", "Relation Name": "movie_info", "Alias": "mi", "Startup Cost": 4841.46, "Total Cost": 164941.85, "Plan Rows": 4, "Plan Width": 50, "Recheck Cond": "(info_type_id = it1.id)", "Filter": "((info IS NOT NULL) AND ((note)::text ~~ '%internet%'::text) AND (((info)::text ~~ 'USA:% 199%'::text) OR ((info)::text ~~ 'USA:% 200%'::text)))", "Plans": [{"Node Type": "Bitmap Index Scan", "Parent Relationship": "Outer", "Index Name": "info_type_id_movie_info", "Startup Cost": 0.0, "Total Cost": 4841.46, "Plan Rows": 212428, "Plan Width": 0, "Index Cond": "(info_type_id = it1.id)"}]}]}, {"Node Type": "Bitmap Heap Scan", "Parent Relationship": "Inner", "Relation Name": "aka_title", "Alias": "at", "Startup Cost": 3.79, "Total Cost": 15.63, "Plan Rows": 3, "Plan Width": 4, "Recheck Cond": "(movie_id = mi.movie_id)", "Plans": [{"Node Type": "Bitmap Index Scan", "Parent Relationship": "Outer", "Index Name": "movie_id_aka_title", "Startup Cost": 0.0, "Total Cost": 3.79, "Plan Rows": 3, "Plan Width": 0, "Index Cond": "(movie_id = mi.movie_id)"}]}]}, {"Node Type": "Bitmap Heap Scan", "Parent Relationship": "Inner", "Relation Name": "movie_companies", "Alias": "mc", "Startup Cost": 0.37, "Total Cost": 4.4, "Plan Rows": 2, "Plan Width": 12, "Recheck Cond": "(movie_id = at.movie_id)", "Plans": [{"Node Type": "Bitmap Index Scan", "Parent Relationship": "Outer", "Index Name": "movie_id_movie_companies", "Startup Cost": 0.0, "Total Cost": 0.37, "Plan Rows": 2, "Plan Width": 0, "Index Cond": "(movie_id = at.movie_id)"}]}]}, {"Node Type": "Bitmap Heap Scan", "Parent Relationship": "Inner", "Relation Name": "company_name", "Alias": "cn", "Startup Cost": 0.26, "Total Cost": 4.27, "Plan Rows": 1, "Plan Width": 4, "Recheck Cond": "(id = mc.company_id)", "Filter": "((country_code)::text = '[us]'::text)", "Plans": [{"Node Type": "Bitmap Index Scan", "Parent Relationship": "Outer", "Index Name": "company_name_pkey", "Startup Cost": 0.0, "Total Cost": 0.26, "Plan Rows": 1, "Plan Width": 0, "Index Cond": "(id = mc.company_id)"}]}]}, {"Node Type": "Bitmap Heap Scan", "Parent Relationship": "Inner", "Relation Name": "company_type", "Alias": "ct", "Startup Cost": 0.26, "Total Cost": 4.27, "Plan Rows": 1, "Plan Width": 4, "Recheck Cond": "(id = mc.company_type_id)", "Plans": [{"Node Type": "Bitmap Index Scan", "Parent Relationship": "Outer", "Index Name": "company_type_pkey", "Startup Cost": 0.0, "Total Cost": 0.26, "Plan Rows": 1, "Plan Width": 0, "Index Cond": "(id = mc.company_type_id)"}]}]}, {"Node Type": "Bitmap Heap Scan", "Parent Relationship": "Inner", "Relation Name": "movie_keyword", "Alias": "mk", "Startup Cost": 0.34, "Total Cost": 4.44, "Plan Rows": 8, "Plan Width": 8, "Recheck Cond": "(movie_id = mc.movie_id)", "Plans": [{"Node Type": "Bitmap Index Scan", "Parent Relationship": "Outer", "Index Name": "movie_id_movie_keyword", "Startup Cost": 0.0, "Total Cost": 0.34, "Plan Rows": 8, "Plan Width": 0, "Index Cond": "(movie_id = mc.movie_id)"}]}]}, {"Node Type": "Bitmap Heap Scan", "Parent Relationship": "Inner", "Relation Name": "keyword", "Alias": "k", "Startup Cost": 0.26, "Total Cost": 4.27, "Plan Rows": 1, "Plan Width": 4, "Recheck Cond": "(id = mk.keyword_id)", "Plans": [{"Node Type": "Bitmap Index Scan", "Parent Relationship": "Outer", "Index Name": "keyword_pkey", "Startup Cost": 0.0, "Total Cost": 0.26, "Plan Rows": 1, "Plan Width": 0, "Index Cond": "(id = mk.keyword_id)"}]}]}, {"Node Type": "Bitmap Heap Scan", "Parent Relationship": "Inner", "Relation Name": "title", "Alias": "t", "Startup Cost": 0.27, "Total Cost": 4.28, "Plan Rows": 1, "Plan Width": 21, "Recheck Cond": "(id = mk.movie_id)", "Filter": "(production_year > 1990)", "Plans": [{"Node Type": "Bitmap Index Scan", "Parent Relationship": "Outer", "Index Name": "title_pkey", "Startup Cost": 0.0, "Total Cost": 0.27, "Plan Rows": 1, "Plan Width": 0, "Index Cond": "(id = mk.movie_id)"}]}]}]}, "Unique SQL Id": 2846462052}, "explain_analyze_plan": null}, "(16, 84)": {"explain_plan": {"Plan": {"Node Type": "Aggregate", "Strategy": "Plain", "Startup Cost": 40694.93, "Total Cost": 40694.94, "Plan Rows": 1, "Plan Width": 123, "Plans": [{"Node Type": "Nested Loop", "Parent Relationship": "Outer", "Join Type": "Inner", "Startup Cost": 0.0, "Total Cost": 40694.26, "Plan Rows": 134, "Plan Width": 59, "Inner Unique": false, "Join Filter": "(t.id = at.movie_id)", "Plans": [{"Node Type": "Nested Loop", "Parent Relationship": "Outer", "Join Type": "Inner", "Startup Cost": 0.0, "Total Cost": 40678.69, "Plan Rows": 44, "Plan Width": 75, "Inner Unique": true, "Plans": [{"Node Type": "Nested Loop", "Parent Relationship": "Outer", "Join Type": "Inner", "Startup Cost": 0.0, "Total Cost": 40666.34, "Plan Rows": 44, "Plan Width": 79, "Inner Unique": false, "Join Filter": "(t.id = mk.movie_id)", "Plans": [{"Node Type": "Nested Loop", "Parent Relationship": "Outer", "Join Type": "Inner", "Startup Cost": 0.0, "Total Cost": 40662.97, "Plan Rows": 6, "Plan Width": 71, "Inner Unique": true, "Plans": [{"Node Type": "Nested Loop", "Parent Relationship": "Outer", "Join Type": "Inner", "Startup Cost": 0.0, "Total Cost": 40660.17, "Plan Rows": 10, "Plan Width": 75, "Inner Unique": true, "Plans": [{"Node Type": "Nested Loop", "Parent Relationship": "Outer", "Join Type": "Inner", "Startup Cost": 0.0, "Total Cost": 40656.72, "Plan Rows": 12, "Plan Width": 79, "Inner Unique": false, "Plans": [{"Node Type": "Nested Loop", "Parent Relationship": "Outer", "Join Type": "Inner", "Startup Cost": 0.0, "Total Cost": 40654.51, "Plan Rows": 6, "Plan Width": 67, "Inner Unique": true, "Plans": [{"Node Type": "Nested Loop", "Parent Relationship": "Outer", "Join Type": "Inner", "Startup Cost": 0.0, "Total Cost": 40621.57, "Plan Rows": 4, "Plan Width": 46, "Inner Unique": true, "Plans": [{"Node Type": "Streaming(type: LOCAL GATHER dop: 1/16)", "Parent Relationship": "Outer", "Startup Cost": 0.0, "Total Cost": 40537.53, "Plan Rows": 255, "Plan Width": 50, "Plans": [{"Node Type": "Seq Scan", "Parent Relationship": "Outer", "Relation Name": "movie_info", "Alias": "mi", "Startup Cost": 0.0, "Total Cost": 40532.03, "Plan Rows": 255, "Plan Width": 50, "Filter": "((info IS NOT NULL) AND ((note)::text ~~ '%internet%'::text) AND (((info)::text ~~ 'USA:% 199%'::text) OR ((info)::text ~~ 'USA:% 200%'::text)))"}]}, {"Node Type": "Index Scan", "Parent Relationship": "Inner", "Scan Direction": "Forward", "Index Name": "info_type_pkey", "Relation Name": "info_type", "Alias": "it1", "Startup Cost": 0.0, "Total Cost": 0.32, "Plan Rows": 1, "Plan Width": 4, "Index Cond": "(id = mi.info_type_id)", "Filter": "((info)::text = 'release dates'::text)"}]}, {"Node Type": "Index Scan", "Parent Relationship": "Inner", "Scan Direction": "Forward", "Index Name": "title_pkey", "Relation Name": "title", "Alias": "t", "Startup Cost": 0.0, "Total Cost": 8.23, "Plan Rows": 1, "Plan Width": 21, "Index Cond": "(id = mi.movie_id)", "Filter": "(production_year > 1990)"}]}, {"Node Type": "Index Scan", "Parent Relationship": "Inner", "Scan Direction": "Forward", "Index Name": "movie_id_movie_companies", "Relation Name": "movie_companies", "Alias": "mc", "Startup Cost": 0.0, "Total Cost": 0.35, "Plan Rows": 2, "Plan Width": 12, "Index Cond": "(movie_id = t.id)"}]}, {"Node Type": "Index Scan", "Parent Relationship": "Inner", "Scan Direction": "Forward", "Index Name": "company_name_pkey", "Relation Name": "company_name", "Alias": "cn", "Startup Cost": 0.0, "Total Cost": 0.28, "Plan Rows": 1, "Plan Width": 4, "Index Cond": "(id = mc.company_id)", "Filter": "((country_code)::text = '[us]'::text)"}]}, {"Node Type": "Index Scan", "Parent Relationship": "Inner", "Scan Direction": "Forward", "Index Name": "company_type_pkey", "Relation Name": "company_type", "Alias": "ct", "Startup Cost": 0.0, "Total Cost": 0.27, "Plan Rows": 1, "Plan Width": 4, "Index Cond": "(id = mc.company_type_id)"}]}, {"Node Type": "Index Scan", "Parent Relationship": "Inner", "Scan Direction": "Forward", "Index Name": "movie_id_movie_keyword", "Relation Name": "movie_keyword", "Alias": "mk", "Startup Cost": 0.0, "Total Cost": 0.46, "Plan Rows": 8, "Plan Width": 8, "Index Cond": "(movie_id = mc.movie_id)"}]}, {"Node Type": "Index Scan", "Parent Relationship": "Inner", "Scan Direction": "Forward", "Index Name": "keyword_pkey", "Relation Name": "keyword", "Alias": "k", "Startup Cost": 0.0, "Total Cost": 0.27, "Plan Rows": 1, "Plan Width": 4, "Index Cond": "(id = mk.keyword_id)"}]}, {"Node Type": "Index Scan", "Parent Relationship": "Inner", "Scan Direction": "Forward", "Index Name": "movie_id_aka_title", "Relation Name": "aka_title", "Alias": "at", "Startup Cost": 0.0, "Total Cost": 0.32, "Plan Rows": 3, "Plan Width": 4, "Index Cond": "(movie_id = mk.movie_id)"}]}]}, "Unique SQL Id": 2846462052}, "explain_analyze_plan": {"Plan": {"Node Type": "Aggregate", "Strategy": "Plain", "Startup Cost": 40694.93, "Total Cost": 40694.94, "Plan Rows": 1, "Plan Width": 123, "Actual Min Startup Time": 434.613, "Actual Max Startup Time": 434.613, "Actual Min Total Time": 434.613, "Actual Max Total Time": 434.613, "Actual Total Rows": 1, "Plans": [{"Node Type": "Nested Loop", "Parent Relationship": "Outer", "Join Type": "Inner", "Startup Cost": 0.0, "Total Cost": 40694.26, "Plan Rows": 134, "Plan Width": 59, "Actual Min Startup Time": 166.043, "Actual Max Startup Time": 166.043, "Actual Min Total Time": 433.74, "Actual Max Total Time": 433.74, "Actual Total Rows": 1140, "Inner Unique": false, "Join Filter": "(t.id = at.movie_id)", "Rows Removed by Join Filter": 0, "Plans": [{"Node Type": "Nested Loop", "Parent Relationship": "Outer", "Join Type": "Inner", "Startup Cost": 0.0, "Total Cost": 40678.69, "Plan Rows": 44, "Plan Width": 75, "Actual Min Startup Time": 165.074, "Actual Max Startup Time": 165.074, "Actual Min Total Time": 417.741, "Actual Max Total Time": 417.741, "Actual Total Rows": 4808, "Inner Unique": true, "Plans": [{"Node Type": "Nested Loop", "Parent Relationship": "Outer", "Join Type": "Inner", "Startup Cost": 0.0, "Total Cost": 40666.34, "Plan Rows": 44, "Plan Width": 79, "Actual Min Startup Time": 165.048, "Actual Max Startup Time": 165.048, "Actual Min Total Time": 390.364, "Actual Max Total Time": 390.364, "Actual Total Rows": 4808, "Inner Unique": false, "Join Filter": "(t.id = mk.movie_id)", "Rows Removed by Join Filter": 0, "Plans": [{"Node Type": "Nested Loop", "Parent Relationship": "Outer", "Join Type": "Inner", "Startup Cost": 0.0, "Total Cost": 40662.97, "Plan Rows": 6, "Plan Width": 71, "Actual Min Startup Time": 165.013, "Actual Max Startup Time": 165.013, "Actual Min Total Time": 374.393, "Actual Max Total Time": 374.393, "Actual Total Rows": 1488, "Inner Unique": true, "Plans": [{"Node Type": "Nested Loop", "Parent Relationship": "Outer", "Join Type": "Inner", "Startup Cost": 0.0, "Total Cost": 40660.17, "Plan Rows": 10, "Plan Width": 75, "Actual Min Startup Time": 164.953, "Actual Max Startup Time": 164.953, "Actual Min Total Time": 368.769, "Actual Max Total Time": 368.769, "Actual Total Rows": 2647, "Inner Unique": true, "Plans": [{"Node Type": "Nested Loop", "Parent Relationship": "Outer", "Join Type": "Inner", "Startup Cost": 0.0, "Total Cost": 40656.72, "Plan Rows": 12, "Plan Width": 79, "Actual Min Startup Time": 164.918, "Actual Max Startup Time": 164.918, "Actual Min Total Time": 346.864, "Actual Max Total Time": 346.864, "Actual Total Rows": 2884, "Inner Unique": false, "Plans": [{"Node Type": "Nested Loop", "Parent Relationship": "Outer", "Join Type": "Inner", "Startup Cost": 0.0, "Total Cost": 40654.51, "Plan Rows": 6, "Plan Width": 67, "Actual Min Startup Time": 164.892, "Actual Max Startup Time": 164.892, "Actual Min Total Time": 326.527, "Actual Max Total Time": 326.527, "Actual Total Rows": 1782, "Inner Unique": true, "Plans": [{"Node Type": "Nested Loop", "Parent Relationship": "Outer", "Join Type": "Inner", "Startup Cost": 0.0, "Total Cost": 40621.57, "Plan Rows": 4, "Plan Width": 46, "Actual Min Startup Time": 164.853, "Actual Max Startup Time": 164.853, "Actual Min Total Time": 307.939, "Actual Max Total Time": 307.939, "Actual Total Rows": 1783, "Inner Unique": true, "Plans": [{"Node Type": "Streaming(type: LOCAL GATHER dop: 1/16)", "Parent Relationship": "Outer", "Startup Cost": 0.0, "Total Cost": 40537.53, "Plan Rows": 255, "Plan Width": 50, "Actual Min Startup Time": 164.792, "Actual Max Startup Time": 164.792, "Actual Min Total Time": 301.947, "Actual Max Total Time": 301.947, "Actual Total Rows": 1783, "Plans": [{"Node Type": "Seq Scan", "Parent Relationship": "Outer", "Relation Name": "movie_info", "Alias": "mi", "Startup Cost": 0.0, "Total Cost": 40532.03, "Plan Rows": 255, "Plan Width": 50, "Actual Min Startup Time": 85.741, "Actual Max Startup Time": 94.197, "Actual Min Total Time": 320.44, "Actual Max Total Time": 332.469, "Actual Total Rows": 1783, "Filter": "((info IS NOT NULL) AND ((note)::text ~~ '%internet%'::text) AND (((info)::text ~~ 'USA:% 199%'::text) OR ((info)::text ~~ 'USA:% 200%'::text)))", "Rows Removed by Filter": 14833936}]}, {"Node Type": "Index Scan", "Parent Relationship": "Inner", "Scan Direction": "Forward", "Index Name": "info_type_pkey", "Relation Name": "info_type", "Alias": "it1", "Startup Cost": 0.0, "Total Cost": 0.32, "Plan Rows": 1, "Plan Width": 4, "Actual Min Startup Time": 3.665, "Actual Max Startup Time": 3.665, "Actual Min Total Time": 3.665, "Actual Max Total Time": 3.665, "Actual Total Rows": 1783, "Index Cond": "(id = mi.info_type_id)", "Rows Removed by Index Recheck": 0, "Filter": "((info)::text = 'release dates'::text)", "Rows Removed by Filter": 0}]}, {"Node Type": "Index Scan", "Parent Relationship": "Inner", "Scan Direction": "Forward", "Index Name": "title_pkey", "Relation Name": "title", "Alias": "t", "Startup Cost": 0.0, "Total Cost": 8.23, "Plan Rows": 1, "Plan Width": 21, "Actual Min Startup Time": 16.475, "Actual Max Startup Time": 16.475, "Actual Min Total Time": 16.475, "Actual Max Total Time": 16.475, "Actual Total Rows": 1782, "Index Cond": "(id = mi.movie_id)", "Rows Removed by Index Recheck": 0, "Filter": "(production_year > 1990)", "Rows Removed by Filter": 1}]}, {"Node Type": "Index Scan", "Parent Relationship": "Inner", "Scan Direction": "Forward", "Index Name": "movie_id_movie_companies", "Relation Name": "movie_companies", "Alias": "mc", "Startup Cost": 0.0, "Total Cost": 0.35, "Plan Rows": 2, "Plan Width": 12, "Actual Min Startup Time": 14.715, "Actual Max Startup Time": 14.715, "Actual Min Total Time": 18.362, "Actual Max Total Time": 18.362, "Actual Total Rows": 2884, "Index Cond": "(movie_id = t.id)", "Rows Removed by Index Recheck": 0}]}, {"Node Type": "Index Scan", "Parent Relationship": "Inner", "Scan Direction": "Forward", "Index Name": "company_name_pkey", "Relation Name": "company_name", "Alias": "cn", "Startup Cost": 0.0, "Total Cost": 0.28, "Plan Rows": 1, "Plan Width": 4, "Actual Min Startup Time": 19.102, "Actual Max Startup Time": 19.102, "Actual Min Total Time": 19.102, "Actual Max Total Time": 19.102, "Actual Total Rows": 2647, "Index Cond": "(id = mc.company_id)", "Rows Removed by Index Recheck": 0, "Filter": "((country_code)::text = '[us]'::text)", "Rows Removed by Filter": 237}]}, {"Node Type": "Index Scan", "Parent Relationship": "Inner", "Scan Direction": "Forward", "Index Name": "company_type_pkey", "Relation Name": "company_type", "Alias": "ct", "Startup Cost": 0.0, "Total Cost": 0.27, "Plan Rows": 1, "Plan Width": 4, "Actual Min Startup Time": 3.356, "Actual Max Startup Time": 3.356, "Actual Min Total Time": 3.356, "Actual Max Total Time": 3.356, "Actual Total Rows": 1488, "Index Cond": "(id = mc.company_type_id)", "Rows Removed by Index Recheck": 0}]}, {"Node Type": "Index Scan", "Parent Relationship": "Inner", "Scan Direction": "Forward", "Index Name": "movie_id_movie_keyword", "Relation Name": "movie_keyword", "Alias": "mk", "Startup Cost": 0.0, "Total Cost": 0.46, "Plan Rows": 8, "Plan Width": 8, "Actual Min Startup Time": 10.513, "Actual Max Startup Time": 10.513, "Actual Min Total Time": 12.844, "Actual Max Total Time": 12.844, "Actual Total Rows": 4808, "Index Cond": "(movie_id = mc.movie_id)", "Rows Removed by Index Recheck": 0}]}, {"Node Type": "Index Scan", "Parent Relationship": "Inner", "Scan Direction": "Forward", "Index Name": "keyword_pkey", "Relation Name": "keyword", "Alias": "k", "Startup Cost": 0.0, "Total Cost": 0.27, "Plan Rows": 1, "Plan Width": 4, "Actual Min Startup Time": 23.362, "Actual Max Startup Time": 23.362, "Actual Min Total Time": 23.362, "Actual Max Total Time": 23.362, "Actual Total Rows": 4808, "Index Cond": "(id = mk.keyword_id)", "Rows Removed by Index Recheck": 0}]}, {"Node Type": "Index Scan", "Parent Relationship": "Inner", "Scan Direction": "Forward", "Index Name": "movie_id_aka_title", "Relation Name": "aka_title", "Alias": "at", "Startup Cost": 0.0, "Total Cost": 0.32, "Plan Rows": 3, "Plan Width": 4, "Actual Min Startup Time": 12.055, "Actual Max Startup Time": 12.055, "Actual Min Total Time": 12.607, "Actual Max Total Time": 12.607, "Actual Total Rows": 1140, "Index Cond": "(movie_id = mk.movie_id)", "Rows Removed by Index Recheck": 0}]}]}, "Triggers": [], "Planner Runtime": 135.547, "Total Runtime": 438.106, "Unique SQL Id": 2846462052}}, "(16, 85)": {"explain_plan": {"Plan": {"Node Type": "Aggregate", "Strategy": "Plain", "Startup Cost": 165029.47, "Total Cost": 165029.48, "Plan Rows": 1, "Plan Width": 123, "Plans": [{"Node Type": "Nested Loop", "Parent Relationship": "Outer", "Join Type": "Inner", "Startup Cost": 4841.46, "Total Cost": 165028.8, "Plan Rows": 134, "Plan Width": 59, "Inner Unique": false, "Join Filter": "(t.id = at.movie_id)", "Plans": [{"Node Type": "Nested Loop", "Parent Relationship": "Outer", "Join Type": "Inner", "Startup Cost": 4841.46, "Total Cost": 165013.23, "Plan Rows": 44, "Plan Width": 75, "Inner Unique": true, "Plans": [{"Node Type": "Nested Loop", "Parent Relationship": "Outer", "Join Type": "Inner", "Startup Cost": 4841.46, "Total Cost": 165000.88, "Plan Rows": 44, "Plan Width": 79, "Inner Unique": false, "Join Filter": "(t.id = mk.movie_id)", "Plans": [{"Node Type": "Nested Loop", "Parent Relationship": "Outer", "Join Type": "Inner", "Startup Cost": 4841.46, "Total Cost": 164997.5, "Plan Rows": 6, "Plan Width": 71, "Inner Unique": true, "Plans": [{"Node Type": "Nested Loop", "Parent Relationship": "Outer", "Join Type": "Inner", "Startup Cost": 4841.46, "Total Cost": 164994.7, "Plan Rows": 10, "Plan Width": 75, "Inner Unique": true, "Plans": [{"Node Type": "Nested Loop", "Parent Relationship": "Outer", "Join Type": "Inner", "Startup Cost": 4841.46, "Total Cost": 164991.25, "Plan Rows": 12, "Plan Width": 79, "Inner Unique": false, "Plans": [{"Node Type": "Nested Loop", "Parent Relationship": "Outer", "Join Type": "Inner", "Startup Cost": 4841.46, "Total Cost": 164989.04, "Plan Rows": 6, "Plan Width": 67, "Inner Unique": true, "Plans": [{"Node Type": "Nested Loop", "Parent Relationship": "Outer", "Join Type": "Inner", "Startup Cost": 4841.46, "Total Cost": 164956.1, "Plan Rows": 4, "Plan Width": 46, "Inner Unique": false, "Plans": [{"Node Type": "Index Scan", "Parent Relationship": "Outer", "Scan Direction": "Forward", "Index Name": "info_type_pkey", "Relation Name": "info_type", "Alias": "it1", "Startup Cost": 0.0, "Total Cost": 14.21, "Plan Rows": 1, "Plan Width": 4, "Filter": "((info)::text = 'release dates'::text)"}, {"Node Type": "Bitmap Heap Scan", "Parent Relationship": "Inner", "Relation Name": "movie_info", "Alias": "mi", "Startup Cost": 4841.46, "Total Cost": 164941.85, "Plan Rows": 4, "Plan Width": 50, "Recheck Cond": "(info_type_id = it1.id)", "Filter": "((info IS NOT NULL) AND ((note)::text ~~ '%internet%'::text) AND (((info)::text ~~ 'USA:% 199%'::text) OR ((info)::text ~~ 'USA:% 200%'::text)))", "Plans": [{"Node Type": "Bitmap Index Scan", "Parent Relationship": "Outer", "Index Name": "info_type_id_movie_info", "Startup Cost": 0.0, "Total Cost": 4841.46, "Plan Rows": 212428, "Plan Width": 0, "Index Cond": "(info_type_id = it1.id)"}]}]}, {"Node Type": "Index Scan", "Parent Relationship": "Inner", "Scan Direction": "Forward", "Index Name": "title_pkey", "Relation Name": "title", "Alias": "t", "Startup Cost": 0.0, "Total Cost": 8.23, "Plan Rows": 1, "Plan Width": 21, "Index Cond": "(id = mi.movie_id)", "Filter": "(production_year > 1990)"}]}, {"Node Type": "Index Scan", "Parent Relationship": "Inner", "Scan Direction": "Forward", "Index Name": "movie_id_movie_companies", "Relation Name": "movie_companies", "Alias": "mc", "Startup Cost": 0.0, "Total Cost": 0.35, "Plan Rows": 2, "Plan Width": 12, "Index Cond": "(movie_id = t.id)"}]}, {"Node Type": "Index Scan", "Parent Relationship": "Inner", "Scan Direction": "Forward", "Index Name": "company_name_pkey", "Relation Name": "company_name", "Alias": "cn", "Startup Cost": 0.0, "Total Cost": 0.28, "Plan Rows": 1, "Plan Width": 4, "Index Cond": "(id = mc.company_id)", "Filter": "((country_code)::text = '[us]'::text)"}]}, {"Node Type": "Index Scan", "Parent Relationship": "Inner", "Scan Direction": "Forward", "Index Name": "company_type_pkey", "Relation Name": "company_type", "Alias": "ct", "Startup Cost": 0.0, "Total Cost": 0.27, "Plan Rows": 1, "Plan Width": 4, "Index Cond": "(id = mc.company_type_id)"}]}, {"Node Type": "Index Scan", "Parent Relationship": "Inner", "Scan Direction": "Forward", "Index Name": "movie_id_movie_keyword", "Relation Name": "movie_keyword", "Alias": "mk", "Startup Cost": 0.0, "Total Cost": 0.46, "Plan Rows": 8, "Plan Width": 8, "Index Cond": "(movie_id = mc.movie_id)"}]}, {"Node Type": "Index Scan", "Parent Relationship": "Inner", "Scan Direction": "Forward", "Index Name": "keyword_pkey", "Relation Name": "keyword", "Alias": "k", "Startup Cost": 0.0, "Total Cost": 0.27, "Plan Rows": 1, "Plan Width": 4, "Index Cond": "(id = mk.keyword_id)"}]}, {"Node Type": "Index Scan", "Parent Relationship": "Inner", "Scan Direction": "Forward", "Index Name": "movie_id_aka_title", "Relation Name": "aka_title", "Alias": "at", "Startup Cost": 0.0, "Total Cost": 0.32, "Plan Rows": 3, "Plan Width": 4, "Index Cond": "(movie_id = mk.movie_id)"}]}]}, "Unique SQL Id": 2846462052}, "explain_analyze_plan": null}, "(16, 86)": {"explain_plan": {"Plan": {"Node Type": "Aggregate", "Strategy": "Plain", "Startup Cost": 43426.24, "Total Cost": 43426.25, "Plan Rows": 1, "Plan Width": 123, "Plans": [{"Node Type": "Nested Loop", "Parent Relationship": "Outer", "Join Type": "Inner", "Startup Cost": 42685.22, "Total Cost": 43425.57, "Plan Rows": 134, "Plan Width": 59, "Inner Unique": true, "Plans": [{"Node Type": "Nested Loop", "Parent Relationship": "Outer", "Join Type": "Inner", "Startup Cost": 42684.96, "Total Cost": 42852.02, "Plan Rows": 134, "Plan Width": 63, "Inner Unique": false, "Join Filter": "(t.id = mk.movie_id)", "Plans": [{"Node Type": "Nested Loop", "Parent Relationship": "Outer", "Join Type": "Inner", "Startup Cost": 42684.63, "Total Cost": 42774.87, "Plan Rows": 17, "Plan Width": 75, "Inner Unique": false, "Join Filter": "(t.id = at.movie_id)", "Plans": [{"Node Type": "Nested Loop", "Parent Relationship": "Outer", "Join Type": "Inner", "Startup Cost": 42684.35, "Total Cost": 42731.38, "Plan Rows": 10, "Plan Width": 71, "Inner Unique": true, "Plans": [{"Node Type": "Merge Join", "Parent Relationship": "Outer", "Join Type": "Inner", "Startup Cost": 42684.09, "Total Cost": 42684.26, "Plan Rows": 11, "Plan Width": 75, "Inner Unique": false, "Merge Cond": "(ct.id = mc.company_type_id)", "Plans": [{"Node Type": "Sort", "Parent Relationship": "Outer", "Startup Cost": 1.05, "Total Cost": 1.06, "Plan Rows": 3, "Plan Width": 4, "Sort Key": ["ct.id"], "Plans": [{"Node Type": "Seq Scan", "Parent Relationship": "Outer", "Relation Name": "company_type", "Alias": "ct", "Startup Cost": 0.0, "Total Cost": 1.03, "Plan Rows": 3, "Plan Width": 4}]}, {"Node Type": "Sort", "Parent Relationship": "Inner", "Startup Cost": 42683.01, "Total Cost": 42683.04, "Plan Rows": 12, "Plan Width": 79, "Sort Key": ["mc.company_type_id"], "Plans": [{"Node Type": "Nested Loop", "Parent Relationship": "Outer", "Join Type": "Inner", "Startup Cost": 42655.36, "Total Cost": 42682.79, "Plan Rows": 12, "Plan Width": 79, "Inner Unique": false, "Plans": [{"Node Type": "Merge Join", "Parent Relationship": "Outer", "Join Type": "Inner", "Startup Cost": 42655.07, "Total Cost": 42656.8, "Plan Rows": 6, "Plan Width": 67, "Inner Unique": false, "Merge Cond": "(it1.id = mi.info_type_id)", "Plans": [{"Node Type": "Sort", "Parent Relationship": "Outer", "Startup Cost": 2.41, "Total Cost": 2.42, "Plan Rows": 1, "Plan Width": 4, "Sort Key": ["it1.id"], "Plans": [{"Node Type": "Seq Scan", "Parent Relationship": "Outer", "Relation Name": "info_type", "Alias": "it1", "Startup Cost": 0.0, "Total Cost": 2.4, "Plan Rows": 1, "Plan Width": 4, "Filter": "((info)::text = 'release dates'::text)"}]}, {"Node Type": "Sort", "Parent Relationship": "Inner", "Startup Cost": 42652.57, "Total Cost": 42653.45, "Plan Rows": 353, "Plan Width": 71, "Sort Key": ["mi.info_type_id"], "Plans": [{"Node Type": "Nested Loop", "Parent Relationship": "Outer", "Join Type": "Inner", "Startup Cost": 4.21, "Total Cost": 42637.63, "Plan Rows": 353, "Plan Width": 71, "Inner Unique": true, "Plans": [{"Node Type": "Streaming(type: LOCAL GATHER dop: 1/16)", "Parent Relationship": "Outer", "Startup Cost": 0.0, "Total Cost": 40537.53, "Plan Rows": 255, "Plan Width": 50, "Plans": [{"Node Type": "Seq Scan", "Parent Relationship": "Outer", "Relation Name": "movie_info", "Alias": "mi", "Startup Cost": 0.0, "Total Cost": 40532.03, "Plan Rows": 255, "Plan Width": 50, "Filter": "((info IS NOT NULL) AND ((note)::text ~~ '%internet%'::text) AND (((info)::text ~~ 'USA:% 199%'::text) OR ((info)::text ~~ 'USA:% 200%'::text)))"}]}, {"Node Type": "Bitmap Heap Scan", "Parent Relationship": "Inner", "Relation Name": "title", "Alias": "t", "Startup Cost": 4.21, "Total Cost": 8.23, "Plan Rows": 1, "Plan Width": 21, "Recheck Cond": "(id = mi.movie_id)", "Filter": "(production_year > 1990)", "Plans": [{"Node Type": "Bitmap Index Scan", "Parent Relationship": "Outer", "Index Name": "title_pkey", "Startup Cost": 0.0, "Total Cost": 4.21, "Plan Rows": 1, "Plan Width": 0, "Index Cond": "(id = mi.movie_id)"}]}]}]}]}, {"Node Type": "Bitmap Heap Scan", "Parent Relationship": "Inner", "Relation Name": "movie_companies", "Alias": "mc", "Startup Cost": 0.29, "Total Cost": 4.31, "Plan Rows": 2, "Plan Width": 12, "Recheck Cond": "(movie_id = t.id)", "Plans": [{"Node Type": "Bitmap Index Scan", "Parent Relationship": "Outer", "Index Name": "movie_id_movie_companies", "Startup Cost": 0.0, "Total Cost": 0.29, "Plan Rows": 2, "Plan Width": 0, "Index Cond": "(movie_id = t.id)"}]}]}]}]}, {"Node Type": "Bitmap Heap Scan", "Parent Relationship": "Inner", "Relation Name": "company_name", "Alias": "cn", "Startup Cost": 0.26, "Total Cost": 4.27, "Plan Rows": 1, "Plan Width": 4, "Recheck Cond": "(id = mc.company_id)", "Filter": "((country_code)::text = '[us]'::text)", "Plans": [{"Node Type": "Bitmap Index Scan", "Parent Relationship": "Outer", "Index Name": "company_name_pkey", "Startup Cost": 0.0, "Total Cost": 0.26, "Plan Rows": 1, "Plan Width": 0, "Index Cond": "(id = mc.company_id)"}]}]}, {"Node Type": "Bitmap Heap Scan", "Parent Relationship": "Inner", "Relation Name": "aka_title", "Alias": "at", "Startup Cost": 0.27, "Total Cost": 4.31, "Plan Rows": 3, "Plan Width": 4, "Recheck Cond": "(movie_id = mc.movie_id)", "Plans": [{"Node Type": "Bitmap Index Scan", "Parent Relationship": "Outer", "Index Name": "movie_id_aka_title", "Startup Cost": 0.0, "Total Cost": 0.27, "Plan Rows": 3, "Plan Width": 0, "Index Cond": "(movie_id = mc.movie_id)"}]}]}, {"Node Type": "Bitmap Heap Scan", "Parent Relationship": "Inner", "Relation Name": "movie_keyword", "Alias": "mk", "Startup Cost": 0.34, "Total Cost": 4.44, "Plan Rows": 8, "Plan Width": 8, "Recheck Cond": "(movie_id = mc.movie_id)", "Plans": [{"Node Type": "Bitmap Index Scan", "Parent Relationship": "Outer", "Index Name": "movie_id_movie_keyword", "Startup Cost": 0.0, "Total Cost": 0.34, "Plan Rows": 8, "Plan Width": 0, "Index Cond": "(movie_id = mc.movie_id)"}]}]}, {"Node Type": "Bitmap Heap Scan", "Parent Relationship": "Inner", "Relation Name": "keyword", "Alias": "k", "Startup Cost": 0.26, "Total Cost": 4.27, "Plan Rows": 1, "Plan Width": 4, "Recheck Cond": "(id = mk.keyword_id)", "Plans": [{"Node Type": "Bitmap Index Scan", "Parent Relationship": "Outer", "Index Name": "keyword_pkey", "Startup Cost": 0.0, "Total Cost": 0.26, "Plan Rows": 1, "Plan Width": 0, "Index Cond": "(id = mk.keyword_id)"}]}]}]}, "Unique SQL Id": 2846462052}, "explain_analyze_plan": {"Plan": {"Node Type": "Aggregate", "Strategy": "Plain", "Startup Cost": 43426.24, "Total Cost": 43426.25, "Plan Rows": 1, "Plan Width": 123, "Actual Min Startup Time": 423.662, "Actual Max Startup Time": 423.662, "Actual Min Total Time": 423.662, "Actual Max Total Time": 423.662, "Actual Total Rows": 1, "Plans": [{"Node Type": "Nested Loop", "Parent Relationship": "Outer", "Join Type": "Inner", "Startup Cost": 42685.22, "Total Cost": 43425.57, "Plan Rows": 134, "Plan Width": 59, "Actual Min Startup Time": 392.255, "Actual Max Startup Time": 392.255, "Actual Min Total Time": 422.765, "Actual Max Total Time": 422.765, "Actual Total Rows": 1140, "Inner Unique": true, "Plans": [{"Node Type": "Nested Loop", "Parent Relationship": "Outer", "Join Type": "Inner", "Startup Cost": 42684.96, "Total Cost": 42852.02, "Plan Rows": 134, "Plan Width": 63, "Actual Min Startup Time": 392.226, "Actual Max Startup Time": 392.226, "Actual Min Total Time": 415.403, "Actual Max Total Time": 415.403, "Actual Total Rows": 1140, "Inner Unique": false, "Join Filter": "(t.id = mk.movie_id)", "Rows Removed by Join Filter": 0, "Plans": [{"Node Type": "Nested Loop", "Parent Relationship": "Outer", "Join Type": "Inner", "Startup Cost": 42684.63, "Total Cost": 42774.87, "Plan Rows": 17, "Plan Width": 75, "Actual Min Startup Time": 390.95, "Actual Max Startup Time": 390.95, "Actual Min Total Time": 413.376, "Actual Max Total Time": 413.376, "Actual Total Rows": 119, "Inner Unique": false, "Join Filter": "(t.id = at.movie_id)", "Rows Removed by Join Filter": 0, "Plans": [{"Node Type": "Nested Loop", "Parent Relationship": "Outer", "Join Type": "Inner", "Startup Cost": 42684.35, "Total Cost": 42731.38, "Plan Rows": 10, "Plan Width": 71, "Actual Min Startup Time": 390.397, "Actual Max Startup Time": 390.397, "Actual Min Total Time": 404.624, "Actual Max Total Time": 404.624, "Actual Total Rows": 1488, "Inner Unique": true, "Plans": [{"Node Type": "Merge Join", "Parent Relationship": "Outer", "Join Type": "Inner", "Startup Cost": 42684.09, "Total Cost": 42684.26, "Plan Rows": 11, "Plan Width": 75, "Actual Min Startup Time": 390.347, "Actual Max Startup Time": 390.347, "Actual Min Total Time": 391.372, "Actual Max Total Time": 391.372, "Actual Total Rows": 1599, "Inner Unique": false, "Merge Cond": "(ct.id = mc.company_type_id)", "Plans": [{"Node Type": "Sort", "Parent Relationship": "Outer", "Startup Cost": 1.05, "Total Cost": 1.06, "Plan Rows": 3, "Plan Width": 4, "Actual Min Startup Time": 0.038, "Actual Max Startup Time": 0.038, "Actual Min Total Time": 0.039, "Actual Max Total Time": 0.039, "Actual Total Rows": 2, "Sort Key": ["ct.id"], "Sort Method": "quicksort", "Sort Space Min Used": 25, "Sort Space Max Used": 25, "Sort Space Type": "Memory", "Plans": [{"Node Type": "Seq Scan", "Parent Relationship": "Outer", "Relation Name": "company_type", "Alias": "ct", "Startup Cost": 0.0, "Total Cost": 1.03, "Plan Rows": 3, "Plan Width": 4, "Actual Min Startup Time": 0.015, "Actual Max Startup Time": 0.015, "Actual Min Total Time": 0.018, "Actual Max Total Time": 0.018, "Actual Total Rows": 3}]}, {"Node Type": "Sort", "Parent Relationship": "Inner", "Startup Cost": 42683.01, "Total Cost": 42683.04, "Plan Rows": 12, "Plan Width": 79, "Actual Min Startup Time": 389.925, "Actual Max Startup Time": 389.925, "Actual Min Total Time": 390.424, "Actual Max Total Time": 390.424, "Actual Total Rows": 2884, "Sort Key": ["mc.company_type_id"], "Sort Method": "quicksort", "Sort Space Min Used": 548, "Sort Space Max Used": 548, "Sort Space Type": "Memory", "Plans": [{"Node Type": "Nested Loop", "Parent Relationship": "Outer", "Join Type": "Inner", "Startup Cost": 42655.36, "Total Cost": 42682.79, "Plan Rows": 12, "Plan Width": 79, "Actual Min Startup Time": 365.256, "Actual Max Startup Time": 365.256, "Actual Min Total Time": 388.409, "Actual Max Total Time": 388.409, "Actual Total Rows": 2884, "Inner Unique": false, "Plans": [{"Node Type": "Merge Join", "Parent Relationship": "Outer", "Join Type": "Inner", "Startup Cost": 42655.07, "Total Cost": 42656.8, "Plan Rows": 6, "Plan Width": 67, "Actual Min Startup Time": 365.212, "Actual Max Startup Time": 365.212, "Actual Min Total Time": 366.278, "Actual Max Total Time": 366.278, "Actual Total Rows": 1782, "Inner Unique": false, "Merge Cond": "(it1.id = mi.info_type_id)", "Plans": [{"Node Type": "Sort", "Parent Relationship": "Outer", "Startup Cost": 2.41, "Total Cost": 2.42, "Plan Rows": 1, "Plan Width": 4, "Actual Min Startup Time": 0.061, "Actual Max Startup Time": 0.061, "Actual Min Total Time": 0.061, "Actual Max Total Time": 0.061, "Actual Total Rows": 1, "Sort Key": ["it1.id"], "Sort Method": "quicksort", "Sort Space Min Used": 25, "Sort Space Max Used": 25, "Sort Space Type": "Memory", "Plans": [{"Node Type": "Seq Scan", "Parent Relationship": "Outer", "Relation Name": "info_type", "Alias": "it1", "Startup Cost": 0.0, "Total Cost": 2.4, "Plan Rows": 1, "Plan Width": 4, "Actual Min Startup Time": 0.037, "Actual Max Startup Time": 0.037, "Actual Min Total Time": 0.057, "Actual Max Total Time": 0.057, "Actual Total Rows": 1, "Filter": "((info)::text = 'release dates'::text)", "Rows Removed by Filter": 111}]}, {"Node Type": "Sort", "Parent Relationship": "Inner", "Startup Cost": 42652.57, "Total Cost": 42653.45, "Plan Rows": 353, "Plan Width": 71, "Actual Min Startup Time": 365.143, "Actual Max Startup Time": 365.143, "Actual Min Total Time": 365.525, "Actual Max Total Time": 365.525, "Actual Total Rows": 1782, "Sort Key": ["mi.info_type_id"], "Sort Method": "quicksort", "Sort Space Min Used": 317, "Sort Space Max Used": 317, "Sort Space Type": "Memory", "Plans": [{"Node Type": "Nested Loop", "Parent Relationship": "Outer", "Join Type": "Inner", "Startup Cost": 4.21, "Total Cost": 42637.63, "Plan Rows": 353, "Plan Width": 71, "Actual Min Startup Time": 168.927, "Actual Max Startup Time": 168.927, "Actual Min Total Time": 364.001, "Actual Max Total Time": 364.001, "Actual Total Rows": 1782, "Inner Unique": true, "Plans": [{"Node Type": "Streaming(type: LOCAL GATHER dop: 1/16)", "Parent Relationship": "Outer", "Startup Cost": 0.0, "Total Cost": 40537.53, "Plan Rows": 255, "Plan Width": 50, "Actual Min Startup Time": 168.847, "Actual Max Startup Time": 168.847, "Actual Min Total Time": 343.498, "Actual Max Total Time": 343.498, "Actual Total Rows": 1783, "Plans": [{"Node Type": "Seq Scan", "Parent Relationship": "Outer", "Relation Name": "movie_info", "Alias": "mi", "Startup Cost": 0.0, "Total Cost": 40532.03, "Plan Rows": 255, "Plan Width": 50, "Actual Min Startup Time": 85.754, "Actual Max Startup Time": 94.075, "Actual Min Total Time": 321.781, "Actual Max Total Time": 333.005, "Actual Total Rows": 1783, "Filter": "((info IS NOT NULL) AND ((note)::text ~~ '%internet%'::text) AND (((info)::text ~~ 'USA:% 199%'::text) OR ((info)::text ~~ 'USA:% 200%'::text)))", "Rows Removed by Filter": 14833936}]}, {"Node Type": "Bitmap Heap Scan", "Parent Relationship": "Inner", "Relation Name": "title", "Alias": "t", "Startup Cost": 4.21, "Total Cost": 8.23, "Plan Rows": 1, "Plan Width": 21, "Actual Min Startup Time": 17.918, "Actual Max Startup Time": 17.918, "Actual Min Total Time": 17.918, "Actual Max Total Time": 17.918, "Actual Total Rows": 1782, "Recheck Cond": "(id = mi.movie_id)", "Rows Removed by Index Recheck": 0, "Filter": "(production_year > 1990)", "Rows Removed by Filter": 1, "Exact Heap Blocks": 1783, "Lossy Heap Blocks": 1783, "Plans": [{"Node Type": "Bitmap Index Scan", "Parent Relationship": "Outer", "Index Name": "title_pkey", "Startup Cost": 0.0, "Total Cost": 4.21, "Plan Rows": 1, "Plan Width": 0, "Actual Min Startup Time": 10.127, "Actual Max Startup Time": 10.127, "Actual Min Total Time": 10.127, "Actual Max Total Time": 10.127, "Actual Total Rows": 1783, "Index Cond": "(id = mi.movie_id)"}]}]}]}]}, {"Node Type": "Bitmap Heap Scan", "Parent Relationship": "Inner", "Relation Name": "movie_companies", "Alias": "mc", "Startup Cost": 0.29, "Total Cost": 4.31, "Plan Rows": 2, "Plan Width": 12, "Actual Min Startup Time": 16.497, "Actual Max Startup Time": 16.497, "Actual Min Total Time": 19.331, "Actual Max Total Time": 19.331, "Actual Total Rows": 2884, "Recheck Cond": "(movie_id = t.id)", "Rows Removed by Index Recheck": 0, "Exact Heap Blocks": 2325, "Lossy Heap Blocks": 2325, "Plans": [{"Node Type": "Bitmap Index Scan", "Parent Relationship": "Outer", "Index Name": "movie_id_movie_companies", "Startup Cost": 0.0, "Total Cost": 0.29, "Plan Rows": 2, "Plan Width": 0, "Actual Min Startup Time": 10.795, "Actual Max Startup Time": 10.795, "Actual Min Total Time": 10.795, "Actual Max Total Time": 10.795, "Actual Total Rows": 2884, "Index Cond": "(movie_id = t.id)"}]}]}]}]}, {"Node Type": "Bitmap Heap Scan", "Parent Relationship": "Inner", "Relation Name": "company_name", "Alias": "cn", "Startup Cost": 0.26, "Total Cost": 4.27, "Plan Rows": 1, "Plan Width": 4, "Actual Min Startup Time": 11.307, "Actual Max Startup Time": 11.307, "Actual Min Total Time": 11.307, "Actual Max Total Time": 11.307, "Actual Total Rows": 1488, "Recheck Cond": "(id = mc.company_id)", "Rows Removed by Index Recheck": 0, "Filter": "((country_code)::text = '[us]'::text)", "Rows Removed by Filter": 111, "Exact Heap Blocks": 1599, "Lossy Heap Blocks": 1599, "Plans": [{"Node Type": "Bitmap Index Scan", "Parent Relationship": "Outer", "Index Name": "company_name_pkey", "Startup Cost": 0.0, "Total Cost": 0.26, "Plan Rows": 1, "Plan Width": 0, "Actual Min Startup Time": 6.21, "Actual Max Startup Time": 6.21, "Actual Min Total Time": 6.21, "Actual Max Total Time": 6.21, "Actual Total Rows": 1599, "Index Cond": "(id = mc.company_id)"}]}]}, {"Node Type": "Bitmap Heap Scan", "Parent Relationship": "Inner", "Relation Name": "aka_title", "Alias": "at", "Startup Cost": 0.27, "Total Cost": 4.31, "Plan Rows": 3, "Plan Width": 4, "Actual Min Startup Time": 6.93, "Actual Max Startup Time": 6.93, "Actual Min Total Time": 7.031, "Actual Max Total Time": 7.031, "Actual Total Rows": 119, "Recheck Cond": "(movie_id = mc.movie_id)", "Rows Removed by Index Recheck": 0, "Exact Heap Blocks": 119, "Lossy Heap Blocks": 119, "Plans": [{"Node Type": "Bitmap Index Scan", "Parent Relationship": "Outer", "Index Name": "movie_id_aka_title", "Startup Cost": 0.0, "Total Cost": 0.27, "Plan Rows": 3, "Plan Width": 0, "Actual Min Startup Time": 5.923, "Actual Max Startup Time": 5.923, "Actual Min Total Time": 5.923, "Actual Max Total Time": 5.923, "Actual Total Rows": 119, "Index Cond": "(movie_id = mc.movie_id)"}]}]}, {"Node Type": "Bitmap Heap Scan", "Parent Relationship": "Inner", "Relation Name": "movie_keyword", "Alias": "mk", "Startup Cost": 0.34, "Total Cost": 4.44, "Plan Rows": 8, "Plan Width": 8, "Actual Min Startup Time": 1.22, "Actual Max Startup Time": 1.22, "Actual Min Total Time": 1.402, "Actual Max Total Time": 1.402, "Actual Total Rows": 1140, "Recheck Cond": "(movie_id = mc.movie_id)", "Rows Removed by Index Recheck": 0, "Exact Heap Blocks": 91, "Lossy Heap Blocks": 91, "Plans": [{"Node Type": "Bitmap Index Scan", "Parent Relationship": "Outer", "Index Name": "movie_id_movie_keyword", "Startup Cost": 0.0, "Total Cost": 0.34, "Plan Rows": 8, "Plan Width": 0, "Actual Min Startup Time": 0.817, "Actual Max Startup Time": 0.817, "Actual Min Total Time": 0.817, "Actual Max Total Time": 0.817, "Actual Total Rows": 1140, "Index Cond": "(movie_id = mc.movie_id)"}]}]}, {"Node Type": "Bitmap Heap Scan", "Parent Relationship": "Inner", "Relation Name": "keyword", "Alias": "k", "Startup Cost": 0.26, "Total Cost": 4.27, "Plan Rows": 1, "Plan Width": 4, "Actual Min Startup Time": 5.86, "Actual Max Startup Time": 5.86, "Actual Min Total Time": 5.86, "Actual Max Total Time": 5.86, "Actual Total Rows": 1140, "Recheck Cond": "(id = mk.keyword_id)", "Rows Removed by Index Recheck": 0, "Exact Heap Blocks": 1140, "Lossy Heap Blocks": 1140, "Plans": [{"Node Type": "Bitmap Index Scan", "Parent Relationship": "Outer", "Index Name": "keyword_pkey", "Startup Cost": 0.0, "Total Cost": 0.26, "Plan Rows": 1, "Plan Width": 0, "Actual Min Startup Time": 3.641, "Actual Max Startup Time": 3.641, "Actual Min Total Time": 3.641, "Actual Max Total Time": 3.641, "Actual Total Rows": 1140, "Index Cond": "(id = mk.keyword_id)"}]}]}]}, "Triggers": [], "Planner Runtime": 154.999, "Total Runtime": 427.736, "Unique SQL Id": 2846462052}}, "(16, 87)": {"explain_plan": {"Plan": {"Node Type": "Aggregate", "Strategy": "Plain", "Startup Cost": 166082.29, "Total Cost": 166082.3, "Plan Rows": 1, "Plan Width": 123, "Plans": [{"Node Type": "Nested Loop", "Parent Relationship": "Outer", "Join Type": "Inner", "Startup Cost": 4855.81, "Total Cost": 166081.62, "Plan Rows": 134, "Plan Width": 59, "Inner Unique": true, "Join Filter": "(at.movie_id = t.id)", "Plans": [{"Node Type": "Nested Loop", "Parent Relationship": "Outer", "Join Type": "Inner", "Startup Cost": 4855.54, "Total Cost": 165665.15, "Plan Rows": 97, "Plan Width": 58, "Inner Unique": true, "Plans": [{"Node Type": "Nested Loop", "Parent Relationship": "Outer", "Join Type": "Inner", "Startup Cost": 4855.28, "Total Cost": 165249.97, "Plan Rows": 97, "Plan Width": 62, "Inner Unique": false, "Join Filter": "(at.movie_id = mk.movie_id)", "Plans": [{"Node Type": "Nested Loop", "Parent Relationship": "Outer", "Join Type": "Inner", "Startup Cost": 4854.95, "Total Cost": 165195.51, "Plan Rows": 12, "Plan Width": 54, "Inner Unique": true, "Plans": [{"Node Type": "Nested Loop", "Parent Relationship": "Outer", "Join Type": "Inner", "Startup Cost": 4854.69, "Total Cost": 165144.15, "Plan Rows": 12, "Plan Width": 58, "Inner Unique": true, "Plans": [{"Node Type": "Nested Loop", "Parent Relationship": "Outer", "Join Type": "Inner", "Startup Cost": 4854.43, "Total Cost": 165058.48, "Plan Rows": 20, "Plan Width": 62, "Inner Unique": false, "Plans": [{"Node Type": "Nested Loop", "Parent Relationship": "Outer", "Join Type": "Inner", "Startup Cost": 4854.06, "Total Cost": 165018.73, "Plan Rows": 9, "Plan Width": 50, "Inner Unique": false, "Plans": [{"Node Type": "Nested Loop", "Parent Relationship": "Outer", "Join Type": "Inner", "Startup Cost": 4850.27, "Total Cost": 164956.1, "Plan Rows": 4, "Plan Width": 46, "Inner Unique": false, "Plans": [{"Node Type": "Bitmap Heap Scan", "Parent Relationship": "Outer", "Relation Name": "info_type", "Alias": "it1", "Startup Cost": 8.81, "Total Cost": 14.21, "Plan Rows": 1, "Plan Width": 4, "Filter": "((info)::text = 'release dates'::text)", "Plans": [{"Node Type": "Bitmap Index Scan", "Parent Relationship": "Outer", "Index Name": "info_type_pkey", "Startup Cost": 0.0, "Total Cost": 8.81, "Plan Rows": 112, "Plan Width": 0}]}, {"Node Type": "Bitmap Heap Scan", "Parent Relationship": "Inner", "Relation Name": "movie_info", "Alias": "mi", "Startup Cost": 4841.46, "Total Cost": 164941.85, "Plan Rows": 4, "Plan Width": 50, "Recheck Cond": "(info_type_id = it1.id)", "Filter": "((info IS NOT NULL) AND ((note)::text ~~ '%internet%'::text) AND (((info)::text ~~ 'USA:% 199%'::text) OR ((info)::text ~~ 'USA:% 200%'::text)))", "Plans": [{"Node Type": "Bitmap Index Scan", "Parent Relationship": "Outer", "Index Name": "info_type_id_movie_info", "Startup Cost": 0.0, "Total Cost": 4841.46, "Plan Rows": 212428, "Plan Width": 0, "Index Cond": "(info_type_id = it1.id)"}]}]}, {"Node Type": "Bitmap Heap Scan", "Parent Relationship": "Inner", "Relation Name": "aka_title", "Alias": "at", "Startup Cost": 3.79, "Total Cost": 15.63, "Plan Rows": 3, "Plan Width": 4, "Recheck Cond": "(movie_id = mi.movie_id)", "Plans": [{"Node Type": "Bitmap Index Scan", "Parent Relationship": "Outer", "Index Name": "movie_id_aka_title", "Startup Cost": 0.0, "Total Cost": 3.79, "Plan Rows": 3, "Plan Width": 0, "Index Cond": "(movie_id = mi.movie_id)"}]}]}, {"Node Type": "Bitmap Heap Scan", "Parent Relationship": "Inner", "Relation Name": "movie_companies", "Alias": "mc", "Startup Cost": 0.37, "Total Cost": 4.4, "Plan Rows": 2, "Plan Width": 12, "Recheck Cond": "(movie_id = at.movie_id)", "Plans": [{"Node Type": "Bitmap Index Scan", "Parent Relationship": "Outer", "Index Name": "movie_id_movie_companies", "Startup Cost": 0.0, "Total Cost": 0.37, "Plan Rows": 2, "Plan Width": 0, "Index Cond": "(movie_id = at.movie_id)"}]}]}, {"Node Type": "Bitmap Heap Scan", "Parent Relationship": "Inner", "Relation Name": "company_name", "Alias": "cn", "Startup Cost": 0.26, "Total Cost": 4.27, "Plan Rows": 1, "Plan Width": 4, "Recheck Cond": "(id = mc.company_id)", "Filter": "((country_code)::text = '[us]'::text)", "Plans": [{"Node Type": "Bitmap Index Scan", "Parent Relationship": "Outer", "Index Name": "company_name_pkey", "Startup Cost": 0.0, "Total Cost": 0.26, "Plan Rows": 1, "Plan Width": 0, "Index Cond": "(id = mc.company_id)"}]}]}, {"Node Type": "Bitmap Heap Scan", "Parent Relationship": "Inner", "Relation Name": "company_type", "Alias": "ct", "Startup Cost": 0.26, "Total Cost": 4.27, "Plan Rows": 1, "Plan Width": 4, "Recheck Cond": "(id = mc.company_type_id)", "Plans": [{"Node Type": "Bitmap Index Scan", "Parent Relationship": "Outer", "Index Name": "company_type_pkey", "Startup Cost": 0.0, "Total Cost": 0.26, "Plan Rows": 1, "Plan Width": 0, "Index Cond": "(id = mc.company_type_id)"}]}]}, {"Node Type": "Bitmap Heap Scan", "Parent Relationship": "Inner", "Relation Name": "movie_keyword", "Alias": "mk", "Startup Cost": 0.34, "Total Cost": 4.44, "Plan Rows": 8, "Plan Width": 8, "Recheck Cond": "(movie_id = mc.movie_id)", "Plans": [{"Node Type": "Bitmap Index Scan", "Parent Relationship": "Outer", "Index Name": "movie_id_movie_keyword", "Startup Cost": 0.0, "Total Cost": 0.34, "Plan Rows": 8, "Plan Width": 0, "Index Cond": "(movie_id = mc.movie_id)"}]}]}, {"Node Type": "Bitmap Heap Scan", "Parent Relationship": "Inner", "Relation Name": "keyword", "Alias": "k", "Startup Cost": 0.26, "Total Cost": 4.27, "Plan Rows": 1, "Plan Width": 4, "Recheck Cond": "(id = mk.keyword_id)", "Plans": [{"Node Type": "Bitmap Index Scan", "Parent Relationship": "Outer", "Index Name": "keyword_pkey", "Startup Cost": 0.0, "Total Cost": 0.26, "Plan Rows": 1, "Plan Width": 0, "Index Cond": "(id = mk.keyword_id)"}]}]}, {"Node Type": "Bitmap Heap Scan", "Parent Relationship": "Inner", "Relation Name": "title", "Alias": "t", "Startup Cost": 0.27, "Total Cost": 4.28, "Plan Rows": 1, "Plan Width": 21, "Recheck Cond": "(id = mk.movie_id)", "Filter": "(production_year > 1990)", "Plans": [{"Node Type": "Bitmap Index Scan", "Parent Relationship": "Outer", "Index Name": "title_pkey", "Startup Cost": 0.0, "Total Cost": 0.27, "Plan Rows": 1, "Plan Width": 0, "Index Cond": "(id = mk.movie_id)"}]}]}]}, "Unique SQL Id": 2846462052}, "explain_analyze_plan": null}, "(16, 88)": {"explain_plan": {"Plan": {"Node Type": "Aggregate", "Strategy": "Plain", "Startup Cost": 40694.38, "Total Cost": 40694.39, "Plan Rows": 1, "Plan Width": 123, "Plans": [{"Node Type": "Nested Loop", "Parent Relationship": "Outer", "Join Type": "Inner", "Startup Cost": 0.0, "Total Cost": 40693.71, "Plan Rows": 134, "Plan Width": 59, "Inner Unique": false, "Plans": [{"Node Type": "Nested Loop", "Parent Relationship": "Outer", "Join Type": "Inner", "Startup Cost": 0.0, "Total Cost": 40678.66, "Plan Rows": 44, "Plan Width": 75, "Inner Unique": true, "Plans": [{"Node Type": "Nested Loop", "Parent Relationship": "Outer", "Join Type": "Inner", "Startup Cost": 0.0, "Total Cost": 40666.34, "Plan Rows": 44, "Plan Width": 79, "Inner Unique": false, "Join Filter": "(t.id = mk.movie_id)", "Plans": [{"Node Type": "Nested Loop", "Parent Relationship": "Outer", "Join Type": "Inner", "Startup Cost": 0.0, "Total Cost": 40662.97, "Plan Rows": 6, "Plan Width": 71, "Inner Unique": true, "Plans": [{"Node Type": "Nested Loop", "Parent Relationship": "Outer", "Join Type": "Inner", "Startup Cost": 0.0, "Total Cost": 40660.17, "Plan Rows": 10, "Plan Width": 75, "Inner Unique": true, "Plans": [{"Node Type": "Nested Loop", "Parent Relationship": "Outer", "Join Type": "Inner", "Startup Cost": 0.0, "Total Cost": 40656.72, "Plan Rows": 12, "Plan Width": 79, "Inner Unique": false, "Plans": [{"Node Type": "Nested Loop", "Parent Relationship": "Outer", "Join Type": "Inner", "Startup Cost": 0.0, "Total Cost": 40654.51, "Plan Rows": 6, "Plan Width": 67, "Inner Unique": true, "Plans": [{"Node Type": "Nested Loop", "Parent Relationship": "Outer", "Join Type": "Inner", "Startup Cost": 0.0, "Total Cost": 40621.57, "Plan Rows": 4, "Plan Width": 46, "Inner Unique": true, "Plans": [{"Node Type": "Streaming(type: LOCAL GATHER dop: 1/16)", "Parent Relationship": "Outer", "Startup Cost": 0.0, "Total Cost": 40537.53, "Plan Rows": 255, "Plan Width": 50, "Plans": [{"Node Type": "Seq Scan", "Parent Relationship": "Outer", "Relation Name": "movie_info", "Alias": "mi", "Startup Cost": 0.0, "Total Cost": 40532.03, "Plan Rows": 255, "Plan Width": 50, "Filter": "((info IS NOT NULL) AND ((note)::text ~~ '%internet%'::text) AND (((info)::text ~~ 'USA:% 199%'::text) OR ((info)::text ~~ 'USA:% 200%'::text)))"}]}, {"Node Type": "Index Scan", "Parent Relationship": "Inner", "Scan Direction": "Forward", "Index Name": "info_type_pkey", "Relation Name": "info_type", "Alias": "it1", "Startup Cost": 0.0, "Total Cost": 0.32, "Plan Rows": 1, "Plan Width": 4, "Index Cond": "(id = mi.info_type_id)", "Filter": "((info)::text = 'release dates'::text)"}]}, {"Node Type": "Index Scan", "Parent Relationship": "Inner", "Scan Direction": "Forward", "Index Name": "title_pkey", "Relation Name": "title", "Alias": "t", "Startup Cost": 0.0, "Total Cost": 8.23, "Plan Rows": 1, "Plan Width": 21, "Index Cond": "(id = mi.movie_id)", "Filter": "(production_year > 1990)"}]}, {"Node Type": "Index Scan", "Parent Relationship": "Inner", "Scan Direction": "Forward", "Index Name": "movie_id_movie_companies", "Relation Name": "movie_companies", "Alias": "mc", "Startup Cost": 0.0, "Total Cost": 0.35, "Plan Rows": 2, "Plan Width": 12, "Index Cond": "(movie_id = t.id)"}]}, {"Node Type": "Index Scan", "Parent Relationship": "Inner", "Scan Direction": "Forward", "Index Name": "company_name_pkey", "Relation Name": "company_name", "Alias": "cn", "Startup Cost": 0.0, "Total Cost": 0.28, "Plan Rows": 1, "Plan Width": 4, "Index Cond": "(id = mc.company_id)", "Filter": "((country_code)::text = '[us]'::text)"}]}, {"Node Type": "Index Only Scan", "Parent Relationship": "Inner", "Scan Direction": "Forward", "Index Name": "company_type_pkey", "Relation Name": "company_type", "Alias": "ct", "Startup Cost": 0.0, "Total Cost": 0.27, "Plan Rows": 1, "Plan Width": 4, "Index Cond": "(id = mc.company_type_id)"}]}, {"Node Type": "Index Scan", "Parent Relationship": "Inner", "Scan Direction": "Forward", "Index Name": "movie_id_movie_keyword", "Relation Name": "movie_keyword", "Alias": "mk", "Startup Cost": 0.0, "Total Cost": 0.46, "Plan Rows": 8, "Plan Width": 8, "Index Cond": "(movie_id = mc.movie_id)"}]}, {"Node Type": "Index Only Scan", "Parent Relationship": "Inner", "Scan Direction": "Forward", "Index Name": "keyword_pkey", "Relation Name": "keyword", "Alias": "k", "Startup Cost": 0.0, "Total Cost": 0.27, "Plan Rows": 1, "Plan Width": 4, "Index Cond": "(id = mk.keyword_id)"}]}, {"Node Type": "Index Only Scan", "Parent Relationship": "Inner", "Scan Direction": "Forward", "Index Name": "movie_id_aka_title", "Relation Name": "aka_title", "Alias": "at", "Startup Cost": 0.0, "Total Cost": 0.31, "Plan Rows": 3, "Plan Width": 4, "Index Cond": "(movie_id = t.id)"}]}]}, "Unique SQL Id": 2846462052}, "explain_analyze_plan": {"Plan": {"Node Type": "Aggregate", "Strategy": "Plain", "Startup Cost": 40694.38, "Total Cost": 40694.39, "Plan Rows": 1, "Plan Width": 123, "Actual Min Startup Time": 364.864, "Actual Max Startup Time": 364.864, "Actual Min Total Time": 364.864, "Actual Max Total Time": 364.864, "Actual Total Rows": 1, "Plans": [{"Node Type": "Nested Loop", "Parent Relationship": "Outer", "Join Type": "Inner", "Startup Cost": 0.0, "Total Cost": 40693.71, "Plan Rows": 134, "Plan Width": 59, "Actual Min Startup Time": 150.031, "Actual Max Startup Time": 150.031, "Actual Min Total Time": 363.963, "Actual Max Total Time": 363.963, "Actual Total Rows": 1140, "Inner Unique": false, "Plans": [{"Node Type": "Nested Loop", "Parent Relationship": "Outer", "Join Type": "Inner", "Startup Cost": 0.0, "Total Cost": 40678.66, "Plan Rows": 44, "Plan Width": 75, "Actual Min Startup Time": 149.33, "Actual Max Startup Time": 149.33, "Actual Min Total Time": 350.621, "Actual Max Total Time": 350.621, "Actual Total Rows": 4808, "Inner Unique": true, "Plans": [{"Node Type": "Nested Loop", "Parent Relationship": "Outer", "Join Type": "Inner", "Startup Cost": 0.0, "Total Cost": 40666.34, "Plan Rows": 44, "Plan Width": 79, "Actual Min Startup Time": 149.32, "Actual Max Startup Time": 149.32, "Actual Min Total Time": 334.369, "Actual Max Total Time": 334.369, "Actual Total Rows": 4808, "Inner Unique": false, "Join Filter": "(t.id = mk.movie_id)", "Rows Removed by Join Filter": 0, "Plans": [{"Node Type": "Nested Loop", "Parent Relationship": "Outer", "Join Type": "Inner", "Startup Cost": 0.0, "Total Cost": 40662.97, "Plan Rows": 6, "Plan Width": 71, "Actual Min Startup Time": 149.301, "Actual Max Startup Time": 149.301, "Actual Min Total Time": 322.876, "Actual Max Total Time": 322.876, "Actual Total Rows": 1488, "Inner Unique": true, "Plans": [{"Node Type": "Nested Loop", "Parent Relationship": "Outer", "Join Type": "Inner", "Startup Cost": 0.0, "Total Cost": 40660.17, "Plan Rows": 10, "Plan Width": 75, "Actual Min Startup Time": 149.258, "Actual Max Startup Time": 149.258, "Actual Min Total Time": 318.774, "Actual Max Total Time": 318.774, "Actual Total Rows": 2647, "Inner Unique": true, "Plans": [{"Node Type": "Nested Loop", "Parent Relationship": "Outer", "Join Type": "Inner", "Startup Cost": 0.0, "Total Cost": 40656.72, "Plan Rows": 12, "Plan Width": 79, "Actual Min Startup Time": 149.242, "Actual Max Startup Time": 149.242, "Actual Min Total Time": 303.519, "Actual Max Total Time": 303.519, "Actual Total Rows": 2884, "Inner Unique": false, "Plans": [{"Node Type": "Nested Loop", "Parent Relationship": "Outer", "Join Type": "Inner", "Startup Cost": 0.0, "Total Cost": 40654.51, "Plan Rows": 6, "Plan Width": 67, "Actual Min Startup Time": 149.227, "Actual Max Startup Time": 149.227, "Actual Min Total Time": 290.4, "Actual Max Total Time": 290.4, "Actual Total Rows": 1782, "Inner Unique": true, "Plans": [{"Node Type": "Nested Loop", "Parent Relationship": "Outer", "Join Type": "Inner", "Startup Cost": 0.0, "Total Cost": 40621.57, "Plan Rows": 4, "Plan Width": 46, "Actual Min Startup Time": 149.207, "Actual Max Startup Time": 149.207, "Actual Min Total Time": 278.887, "Actual Max Total Time": 278.887, "Actual Total Rows": 1783, "Inner Unique": true, "Plans": [{"Node Type": "Streaming(type: LOCAL GATHER dop: 1/16)", "Parent Relationship": "Outer", "Startup Cost": 0.0, "Total Cost": 40537.53, "Plan Rows": 255, "Plan Width": 50, "Actual Min Startup Time": 149.125, "Actual Max Startup Time": 149.125, "Actual Min Total Time": 273.317, "Actual Max Total Time": 273.317, "Actual Total Rows": 1783, "Plans": [{"Node Type": "Seq Scan", "Parent Relationship": "Outer", "Relation Name": "movie_info", "Alias": "mi", "Startup Cost": 0.0, "Total Cost": 40532.03, "Plan Rows": 255, "Plan Width": 50, "Actual Min Startup Time": 80.915, "Actual Max Startup Time": 88.891, "Actual Min Total Time": 295.272, "Actual Max Total Time": 303.871, "Actual Total Rows": 1783, "Filter": "((info IS NOT NULL) AND ((note)::text ~~ '%internet%'::text) AND (((info)::text ~~ 'USA:% 199%'::text) OR ((info)::text ~~ 'USA:% 200%'::text)))", "Rows Removed by Filter": 14833936}]}, {"Node Type": "Index Scan", "Parent Relationship": "Inner", "Scan Direction": "Forward", "Index Name": "info_type_pkey", "Relation Name": "info_type", "Alias": "it1", "Startup Cost": 0.0, "Total Cost": 0.32, "Plan Rows": 1, "Plan Width": 4, "Actual Min Startup Time": 3.688, "Actual Max Startup Time": 3.688, "Actual Min Total Time": 3.688, "Actual Max Total Time": 3.688, "Actual Total Rows": 1783, "Index Cond": "(id = mi.info_type_id)", "Rows Removed by Index Recheck": 0, "Filter": "((info)::text = 'release dates'::text)", "Rows Removed by Filter": 0}]}, {"Node Type": "Index Scan", "Parent Relationship": "Inner", "Scan Direction": "Forward", "Index Name": "title_pkey", "Relation Name": "title", "Alias": "t", "Startup Cost": 0.0, "Total Cost": 8.23, "Plan Rows": 1, "Plan Width": 21, "Actual Min Startup Time": 9.65, "Actual Max Startup Time": 9.65, "Actual Min Total Time": 9.65, "Actual Max Total Time": 9.65, "Actual Total Rows": 1782, "Index Cond": "(id = mi.movie_id)", "Rows Removed by Index Recheck": 0, "Filter": "(production_year > 1990)", "Rows Removed by Filter": 1}]}, {"Node Type": "Index Scan", "Parent Relationship": "Inner", "Scan Direction": "Forward", "Index Name": "movie_id_movie_companies", "Relation Name": "movie_companies", "Alias": "mc", "Startup Cost": 0.0, "Total Cost": 0.35, "Plan Rows": 2, "Plan Width": 12, "Actual Min Startup Time": 8.852, "Actual Max Startup Time": 8.852, "Actual Min Total Time": 11.337, "Actual Max Total Time": 11.337, "Actual Total Rows": 2884, "Index Cond": "(movie_id = t.id)", "Rows Removed by Index Recheck": 0}]}, {"Node Type": "Index Scan", "Parent Relationship": "Inner", "Scan Direction": "Forward", "Index Name": "company_name_pkey", "Relation Name": "company_name", "Alias": "cn", "Startup Cost": 0.0, "Total Cost": 0.28, "Plan Rows": 1, "Plan Width": 4, "Actual Min Startup Time": 12.816, "Actual Max Startup Time": 12.816, "Actual Min Total Time": 12.816, "Actual Max Total Time": 12.816, "Actual Total Rows": 2647, "Index Cond": "(id = mc.company_id)", "Rows Removed by Index Recheck": 0, "Filter": "((country_code)::text = '[us]'::text)", "Rows Removed by Filter": 237}]}, {"Node Type": "Index Only Scan", "Parent Relationship": "Inner", "Scan Direction": "Forward", "Index Name": "company_type_pkey", "Relation Name": "company_type", "Alias": "ct", "Startup Cost": 0.0, "Total Cost": 0.27, "Plan Rows": 1, "Plan Width": 4, "Actual Min Startup Time": 2.303, "Actual Max Startup Time": 2.303, "Actual Min Total Time": 2.303, "Actual Max Total Time": 2.303, "Actual Total Rows": 1488, "Index Cond": "(id = mc.company_type_id)", "Rows Removed by Index Recheck": 0, "Heap Fetches": 0}]}, {"Node Type": "Index Scan", "Parent Relationship": "Inner", "Scan Direction": "Forward", "Index Name": "movie_id_movie_keyword", "Relation Name": "movie_keyword", "Alias": "mk", "Startup Cost": 0.0, "Total Cost": 0.46, "Plan Rows": 8, "Plan Width": 8, "Actual Min Startup Time": 6.526, "Actual Max Startup Time": 6.526, "Actual Min Total Time": 8.792, "Actual Max Total Time": 8.792, "Actual Total Rows": 4808, "Index Cond": "(movie_id = mc.movie_id)", "Rows Removed by Index Recheck": 0}]}, {"Node Type": "Index Only Scan", "Parent Relationship": "Inner", "Scan Direction": "Forward", "Index Name": "keyword_pkey", "Relation Name": "keyword", "Alias": "k", "Startup Cost": 0.0, "Total Cost": 0.27, "Plan Rows": 1, "Plan Width": 4, "Actual Min Startup Time": 12.885, "Actual Max Startup Time": 12.885, "Actual Min Total Time": 12.885, "Actual Max Total Time": 12.885, "Actual Total Rows": 4808, "Index Cond": "(id = mk.keyword_id)", "Rows Removed by Index Recheck": 0, "Heap Fetches": 0}]}, {"Node Type": "Index Only Scan", "Parent Relationship": "Inner", "Scan Direction": "Forward", "Index Name": "movie_id_aka_title", "Relation Name": "aka_title", "Alias": "at", "Startup Cost": 0.0, "Total Cost": 0.31, "Plan Rows": 3, "Plan Width": 4, "Actual Min Startup Time": 10.107, "Actual Max Startup Time": 10.107, "Actual Min Total Time": 10.399, "Actual Max Total Time": 10.399, "Actual Total Rows": 1140, "Index Cond": "(movie_id = t.id)", "Rows Removed by Index Recheck": 0, "Heap Fetches": 0}]}]}, "Triggers": [], "Planner Runtime": 151.926, "Total Runtime": 368.208, "Unique SQL Id": 2846462052}}, "(16, 89)": {"explain_plan": {"Plan": {"Node Type": "Aggregate", "Strategy": "Plain", "Startup Cost": 496832.72, "Total Cost": 496832.73, "Plan Rows": 1, "Plan Width": 123, "Plans": [{"Node Type": "Nested Loop", "Parent Relationship": "Outer", "Join Type": "Inner", "Startup Cost": 0.0, "Total Cost": 496832.05, "Plan Rows": 134, "Plan Width": 59, "Inner Unique": false, "Plans": [{"Node Type": "Nested Loop", "Parent Relationship": "Outer", "Join Type": "Inner", "Startup Cost": 0.0, "Total Cost": 496817.0, "Plan Rows": 44, "Plan Width": 75, "Inner Unique": true, "Plans": [{"Node Type": "Nested Loop", "Parent Relationship": "Outer", "Join Type": "Inner", "Startup Cost": 0.0, "Total Cost": 496804.68, "Plan Rows": 44, "Plan Width": 79, "Inner Unique": false, "Join Filter": "(t.id = mk.movie_id)", "Plans": [{"Node Type": "Nested Loop", "Parent Relationship": "Outer", "Join Type": "Inner", "Startup Cost": 0.0, "Total Cost": 496801.31, "Plan Rows": 6, "Plan Width": 71, "Inner Unique": true, "Plans": [{"Node Type": "Nested Loop", "Parent Relationship": "Outer", "Join Type": "Inner", "Startup Cost": 0.0, "Total Cost": 496798.51, "Plan Rows": 10, "Plan Width": 75, "Inner Unique": true, "Plans": [{"Node Type": "Nested Loop", "Parent Relationship": "Outer", "Join Type": "Inner", "Startup Cost": 0.0, "Total Cost": 496795.05, "Plan Rows": 12, "Plan Width": 79, "Inner Unique": false, "Plans": [{"Node Type": "Nested Loop", "Parent Relationship": "Outer", "Join Type": "Inner", "Startup Cost": 0.0, "Total Cost": 496792.85, "Plan Rows": 6, "Plan Width": 67, "Inner Unique": true, "Plans": [{"Node Type": "Nested Loop", "Parent Relationship": "Outer", "Join Type": "Inner", "Startup Cost": 0.0, "Total Cost": 496759.91, "Plan Rows": 4, "Plan Width": 46, "Inner Unique": false, "Plans": [{"Node Type": "Index Scan", "Parent Relationship": "Outer", "Scan Direction": "Forward", "Index Name": "info_type_pkey", "Relation Name": "info_type", "Alias": "it1", "Startup Cost": 0.0, "Total Cost": 14.21, "Plan Rows": 1, "Plan Width": 4, "Filter": "((info)::text = 'release dates'::text)"}, {"Node Type": "Index Scan", "Parent Relationship": "Inner", "Scan Direction": "Forward", "Index Name": "info_type_id_movie_info", "Relation Name": "movie_info", "Alias": "mi", "Startup Cost": 0.0, "Total Cost": 496745.66, "Plan Rows": 4, "Plan Width": 50, "Index Cond": "(info_type_id = it1.id)", "Filter": "((info IS NOT NULL) AND ((note)::text ~~ '%internet%'::text) AND (((info)::text ~~ 'USA:% 199%'::text) OR ((info)::text ~~ 'USA:% 200%'::text)))"}]}, {"Node Type": "Index Scan", "Parent Relationship": "Inner", "Scan Direction": "Forward", "Index Name": "title_pkey", "Relation Name": "title", "Alias": "t", "Startup Cost": 0.0, "Total Cost": 8.23, "Plan Rows": 1, "Plan Width": 21, "Index Cond": "(id = mi.movie_id)", "Filter": "(production_year > 1990)"}]}, {"Node Type": "Index Scan", "Parent Relationship": "Inner", "Scan Direction": "Forward", "Index Name": "movie_id_movie_companies", "Relation Name": "movie_companies", "Alias": "mc", "Startup Cost": 0.0, "Total Cost": 0.35, "Plan Rows": 2, "Plan Width": 12, "Index Cond": "(movie_id = t.id)"}]}, {"Node Type": "Index Scan", "Parent Relationship": "Inner", "Scan Direction": "Forward", "Index Name": "company_name_pkey", "Relation Name": "company_name", "Alias": "cn", "Startup Cost": 0.0, "Total Cost": 0.28, "Plan Rows": 1, "Plan Width": 4, "Index Cond": "(id = mc.company_id)", "Filter": "((country_code)::text = '[us]'::text)"}]}, {"Node Type": "Index Only Scan", "Parent Relationship": "Inner", "Scan Direction": "Forward", "Index Name": "company_type_pkey", "Relation Name": "company_type", "Alias": "ct", "Startup Cost": 0.0, "Total Cost": 0.27, "Plan Rows": 1, "Plan Width": 4, "Index Cond": "(id = mc.company_type_id)"}]}, {"Node Type": "Index Scan", "Parent Relationship": "Inner", "Scan Direction": "Forward", "Index Name": "movie_id_movie_keyword", "Relation Name": "movie_keyword", "Alias": "mk", "Startup Cost": 0.0, "Total Cost": 0.46, "Plan Rows": 8, "Plan Width": 8, "Index Cond": "(movie_id = mc.movie_id)"}]}, {"Node Type": "Index Only Scan", "Parent Relationship": "Inner", "Scan Direction": "Forward", "Index Name": "keyword_pkey", "Relation Name": "keyword", "Alias": "k", "Startup Cost": 0.0, "Total Cost": 0.27, "Plan Rows": 1, "Plan Width": 4, "Index Cond": "(id = mk.keyword_id)"}]}, {"Node Type": "Index Only Scan", "Parent Relationship": "Inner", "Scan Direction": "Forward", "Index Name": "movie_id_aka_title", "Relation Name": "aka_title", "Alias": "at", "Startup Cost": 0.0, "Total Cost": 0.31, "Plan Rows": 3, "Plan Width": 4, "Index Cond": "(movie_id = t.id)"}]}]}, "Unique SQL Id": 2846462052}, "explain_analyze_plan": null}, "(16, 90)": {"explain_plan": {"Plan": {"Node Type": "Aggregate", "Strategy": "Plain", "Startup Cost": 3099026618667.61, "Total Cost": 3099026618667.62, "Plan Rows": 1, "Plan Width": 123, "Plans": [{"Node Type": "Merge Join", "Parent Relationship": "Outer", "Join Type": "Inner", "Startup Cost": 2110028846622.14, "Total Cost": 3099026618666.94, "Plan Rows": 134, "Plan Width": 59, "Inner Unique": true, "Merge Cond": "(at.movie_id = t.id)", "Plans": [{"Node Type": "Merge Join", "Parent Relationship": "Outer", "Join Type": "Inner", "Startup Cost": 2100028846622.14, "Total Cost": 2100028848430.17, "Plan Rows": 97, "Plan Width": 58, "Inner Unique": false, "Merge Cond": "(mi.movie_id = at.movie_id)", "Plans": [{"Node Type": "Sort", "Parent Relationship": "Outer", "Startup Cost": 2100028803356.99, "Total Cost": 2100028803357.07, "Plan Rows": 32, "Plan Width": 54, "Sort Key": ["mc.movie_id"], "Plans": [{"Node Type": "Merge Join", "Parent Relationship": "Outer", "Join Type": "Inner", "Startup Cost": 2100028802685.21, "Total Cost": 2100028803356.19, "Plan Rows": 32, "Plan Width": 54, "Inner Unique": true, "Merge Cond": "(mk.keyword_id = k.id)", "Plans": [{"Node Type": "Sort", "Parent Relationship": "Outer", "Startup Cost": 2100028789157.55, "Total Cost": 2100028789157.63, "Plan Rows": 32, "Plan Width": 58, "Sort Key": ["mk.keyword_id"], "Plans": [{"Node Type": "Merge Join", "Parent Relationship": "Outer", "Join Type": "Inner", "Startup Cost": 2100028788729.81, "Total Cost": 2100028789156.75, "Plan Rows": 32, "Plan Width": 58, "Inner Unique": true, "Merge Cond": "(mc.company_id = cn.id)", "Plans": [{"Node Type": "Sort", "Parent Relationship": "Outer", "Startup Cost": 2100028775851.76, "Total Cost": 2100028775851.92, "Plan Rows": 65, "Plan Width": 62, "Sort Key": ["mc.company_id"], "Plans": [{"Node Type": "Merge Join", "Parent Relationship": "Outer", "Join Type": "Inner", "Startup Cost": 2100028775848.52, "Total Cost": 2100028775849.8, "Plan Rows": 65, "Plan Width": 62, "Inner Unique": true, "Merge Cond": "(mc.company_type_id = ct.id)", "Plans": [{"Node Type": "Sort", "Parent Relationship": "Outer", "Startup Cost": 2100028775847.29, "Total Cost": 2100028775847.47, "Plan Rows": 73, "Plan Width": 66, "Sort Key": ["mc.company_type_id"], "Plans": [{"Node Type": "Merge Join", "Parent Relationship": "Outer", "Join Type": "Inner", "Startup Cost": 120015962558.1, "Total Cost": 2100028775845.03, "Plan Rows": 73, "Plan Width": 66, "Inner Unique": false, "Merge Cond": "(mi.movie_id = mk.movie_id)", "Plans": [{"Node Type": "Merge Join", "Parent Relationship": "Outer", "Join Type": "Inner", "Startup Cost": 110015962558.1, "Total Cost": 1100013463900.28, "Plan Rows": 9, "Plan Width": 58, "Inner Unique": false, "Merge Cond": "(mc.movie_id = mi.movie_id)", "Plans": [{"Node Type": "Index Scan", "Parent Relationship": "Outer", "Scan Direction": "Forward", "Index Name": "movie_id_movie_companies", "Relation Name": "movie_companies", "Alias": "mc", "Startup Cost": 10000000000.0, "Total Cost": 1000013051946.13, "Plan Rows": 2609128, "Plan Width": 12}, {"Node Type": "Sort", "Parent Relationship": "Inner", "Startup Cost": 100000405431.2, "Total Cost": 100000405431.21, "Plan Rows": 4, "Plan Width": 46, "Sort Key": ["mi.movie_id"], "Plans": [{"Node Type": "Nested Loop", "Parent Relationship": "Outer", "Join Type": "Inner", "Startup Cost": 10000000000.0, "Total Cost": 100000405431.16, "Plan Rows": 4, "Plan Width": 46, "Inner Unique": false, "Join Filter": "(it1.id = mi.info_type_id)", "Plans": [{"Node Type": "Seq Scan", "Parent Relationship": "Outer", "Relation Name": "info_type", "Alias": "it1", "Startup Cost": 0.0, "Total Cost": 2.4, "Plan Rows": 1, "Plan Width": 4, "Filter": "((info)::text = 'release dates'::text)"}, {"Node Type": "Materialize", "Parent Relationship": "Inner", "Startup Cost": 0.0, "Total Cost": 40538.17, "Plan Rows": 255, "Plan Width": 50, "Plans": [{"Node Type": "Streaming(type: LOCAL GATHER dop: 1/16)", "Parent Relationship": "Outer", "Startup Cost": 0.0, "Total Cost": 40537.53, "Plan Rows": 255, "Plan Width": 50, "Plans": [{"Node Type": "Seq Scan", "Parent Relationship": "Outer", "Relation Name": "movie_info", "Alias": "mi", "Startup Cost": 0.0, "Total Cost": 40532.03, "Plan Rows": 255, "Plan Width": 50, "Filter": "((info IS NOT NULL) AND ((note)::text ~~ '%internet%'::text) AND (((info)::text ~~ 'USA:% 199%'::text) OR ((info)::text ~~ 'USA:% 200%'::text)))"}]}]}]}]}]}, {"Node Type": "Index Scan", "Parent Relationship": "Inner", "Scan Direction": "Forward", "Index Name": "movie_id_movie_keyword", "Relation Name": "movie_keyword", "Alias": "mk", "Startup Cost": 10000000000.0, "Total Cost": 1000015300634.17, "Plan Rows": 4523929, "Plan Width": 8}]}]}, {"Node Type": "Sort", "Parent Relationship": "Inner", "Startup Cost": 1.05, "Total Cost": 1.06, "Plan Rows": 3, "Plan Width": 4, "Sort Key": ["ct.id"], "Plans": [{"Node Type": "Seq Scan", "Parent Relationship": "Outer", "Relation Name": "company_type", "Alias": "ct", "Startup Cost": 0.0, "Total Cost": 1.03, "Plan Rows": 3, "Plan Width": 4}]}]}]}, {"Node Type": "Sort", "Parent Relationship": "Inner", "Startup Cost": 12878.05, "Total Cost": 13090.97, "Plan Rows": 85170, "Plan Width": 4, "Sort Key": ["cn.id"], "Plans": [{"Node Type": "Seq Scan", "Parent Relationship": "Outer", "Relation Name": "company_name", "Alias": "cn", "Startup Cost": 0.0, "Total Cost": 5903.45, "Plan Rows": 85170, "Plan Width": 4, "Filter": "((country_code)::text = '[us]'::text)"}]}]}]}, {"Node Type": "Sort", "Parent Relationship": "Inner", "Startup Cost": 13527.66, "Total Cost": 13863.08, "Plan Rows": 134169, "Plan Width": 4, "Sort Key": ["k.id"], "Plans": [{"Node Type": "Seq Scan", "Parent Relationship": "Outer", "Relation Name": "keyword", "Alias": "k", "Startup Cost": 0.0, "Total Cost": 2100.69, "Plan Rows": 134169, "Plan Width": 4}]}]}]}, {"Node Type": "Sort", "Parent Relationship": "Inner", "Startup Cost": 43264.85, "Total Cost": 44168.52, "Plan Rows": 361471, "Plan Width": 4, "Sort Key": ["at.movie_id"], "Plans": [{"Node Type": "Seq Scan", "Parent Relationship": "Outer", "Relation Name": "aka_title", "Alias": "at", "Startup Cost": 0.0, "Total Cost": 9894.71, "Plan Rows": 361471, "Plan Width": 4}]}]}, {"Node Type": "Index Scan", "Parent Relationship": "Inner", "Scan Direction": "Forward", "Index Name": "title_pkey", "Relation Name": "title", "Alias": "t", "Startup Cost": 10000000000.0, "Total Cost": 1000011644126.66, "Plan Rows": 1748840, "Plan Width": 21, "Filter": "(production_year > 1990), (LLVM Optimized)"}]}]}, "Unique SQL Id": 2846462052}, "explain_analyze_plan": null}, "(16, 91)": {"explain_plan": {"Plan": {"Node Type": "Aggregate", "Strategy": "Plain", "Startup Cost": 8998374832358.75, "Total Cost": 8998374832358.76, "Plan Rows": 1, "Plan Width": 123, "Plans": [{"Node Type": "Merge Join", "Parent Relationship": "Outer", "Join Type": "Inner", "Startup Cost": 7019543230080.45, "Total Cost": 8998374832358.08, "Plan Rows": 134, "Plan Width": 59, "Inner Unique": true, "Merge Cond": "(at.movie_id = t.id)", "Plans": [{"Node Type": "Merge Join", "Parent Relationship": "Outer", "Join Type": "Inner", "Startup Cost": 7009543230080.45, "Total Cost": 7999377062121.31, "Plan Rows": 97, "Plan Width": 58, "Inner Unique": false, "Merge Cond": "(mi.movie_id = at.movie_id)", "Plans": [{"Node Type": "Sort", "Parent Relationship": "Outer", "Startup Cost": 6999376162584.38, "Total Cost": 6999376162584.53, "Plan Rows": 57, "Plan Width": 54, "Sort Key": ["mc.movie_id"], "Plans": [{"Node Type": "Merge Join", "Parent Relationship": "Outer", "Join Type": "Inner", "Startup Cost": 6009375112229.74, "Total Cost": 6999376162582.72, "Plan Rows": 57, "Plan Width": 54, "Inner Unique": true, "Merge Cond": "(mc.company_id = cn.id)", "Plans": [{"Node Type": "Sort", "Parent Relationship": "Outer", "Startup Cost": 5999375112229.73, "Total Cost": 5999375112229.89, "Plan Rows": 65, "Plan Width": 58, "Sort Key": ["mc.company_id"], "Plans": [{"Node Type": "Merge Join", "Parent Relationship": "Outer", "Join Type": "Inner", "Startup Cost": 5009884039921.67, "Total Cost": 5999375112227.77, "Plan Rows": 65, "Plan Width": 58, "Inner Unique": true, "Merge Cond": "(mk.keyword_id = k.id)", "Plans": [{"Node Type": "Sort", "Parent Relationship": "Outer", "Startup Cost": 4999884039921.67, "Total Cost": 4999884039921.83, "Plan Rows": 65, "Plan Width": 62, "Sort Key": ["mk.keyword_id"], "Plans": [{"Node Type": "Merge Join", "Parent Relationship": "Outer", "Join Type": "Inner", "Startup Cost": 4010026125338.97, "Total Cost": 4999884039919.71, "Plan Rows": 65, "Plan Width": 62, "Inner Unique": false, "Merge Cond": "(mk.movie_id = mi.movie_id)", "Plans": [{"Node Type": "Merge Join", "Parent Relationship": "Outer", "Join Type": "Inner", "Startup Cost": 2010009629732.58, "Total Cost": 2999867520422.16, "Plan Rows": 9556051, "Plan Width": 16, "Inner Unique": false, "Merge Cond": "(mk.movie_id = mc.movie_id)", "Plans": [{"Node Type": "Index Scan", "Parent Relationship": "Outer", "Scan Direction": "Forward", "Index Name": "movie_id_movie_keyword", "Relation Name": "movie_keyword", "Alias": "mk", "Startup Cost": 10000000000.0, "Total Cost": 1000015300634.17, "Plan Rows": 4523929, "Plan Width": 8}, {"Node Type": "Sort", "Parent Relationship": "Inner", "Startup Cost": 2000009629730.2, "Total Cost": 2000009636253.02, "Plan Rows": 2609128, "Plan Width": 8, "Sort Key": ["mc.movie_id"], "Plans": [{"Node Type": "Merge Join", "Parent Relationship": "Outer", "Join Type": "Inner", "Startup Cost": 504554486367.56, "Total Cost": 2000009351660.61, "Plan Rows": 2609128, "Plan Width": 8, "Inner Unique": false, "Merge Cond": "(ct.id = mc.company_type_id)", "Plans": [{"Node Type": "Index Only Scan", "Parent Relationship": "Outer", "Scan Direction": "Forward", "Index Name": "company_type_pkey", "Relation Name": "company_type", "Alias": "ct", "Startup Cost": 10000000000.0, "Total Cost": 1000000000829.5, "Plan Rows": 3, "Plan Width": 4}, {"Node Type": "Index Scan", "Parent Relationship": "Inner", "Scan Direction": "Forward", "Index Name": "company_type_id_movie_companies", "Relation Name": "movie_companies", "Alias": "mc", "Startup Cost": 10000000000.0, "Total Cost": 1000009318217.0, "Plan Rows": 2609128, "Plan Width": 12}]}]}]}, {"Node Type": "Sort", "Parent Relationship": "Inner", "Startup Cost": 2000016495606.39, "Total Cost": 2000016495606.4, "Plan Rows": 4, "Plan Width": 46, "Sort Key": ["mi.movie_id"], "Plans": [{"Node Type": "Nested Loop", "Parent Relationship": "Outer", "Join Type": "Inner", "Startup Cost": 20000004841.46, "Total Cost": 2000016495606.35, "Plan Rows": 4, "Plan Width": 46, "Inner Unique": false, "Plans": [{"Node Type": "Index Scan", "Parent Relationship": "Outer", "Scan Direction": "Forward", "Index Name": "info_type_pkey", "Relation Name": "info_type", "Alias": "it1", "Startup Cost": 10000000000.0, "Total Cost": 1000000001421.0, "Plan Rows": 1, "Plan Width": 4, "Filter": "((info)::text = 'release dates'::text)"}, {"Node Type": "Bitmap Heap Scan", "Parent Relationship": "Inner", "Relation Name": "movie_info", "Alias": "mi", "Startup Cost": 10000004841.46, "Total Cost": 1000016494185.31, "Plan Rows": 4, "Plan Width": 50, "Recheck Cond": "(info_type_id = it1.id)", "Filter": "((info IS NOT NULL) AND ((note)::text ~~ '%internet%'::text) AND (((info)::text ~~ 'USA:% 199%'::text) OR ((info)::text ~~ 'USA:% 200%'::text)))", "Plans": [{"Node Type": "Bitmap Index Scan", "Parent Relationship": "Outer", "Index Name": "info_type_id_movie_info", "Startup Cost": 0.0, "Total Cost": 4841.46, "Plan Rows": 212428, "Plan Width": 0, "Index Cond": "(info_type_id = it1.id)"}]}]}]}]}]}, {"Node Type": "Index Only Scan", "Parent Relationship": "Inner", "Scan Direction": "Forward", "Index Name": "keyword_pkey", "Relation Name": "keyword", "Alias": "k", "Startup Cost": 10000000000.0, "Total Cost": 1000000206078.5, "Plan Rows": 134169, "Plan Width": 4}]}]}, {"Node Type": "Index Scan", "Parent Relationship": "Inner", "Scan Direction": "Forward", "Index Name": "company_name_pkey", "Relation Name": "company_name", "Alias": "cn", "Startup Cost": 10000000000.0, "Total Cost": 1000001050138.97, "Plan Rows": 85170, "Plan Width": 4, "Filter": "((country_code)::text = '[us]'::text)"}]}]}, {"Node Type": "Index Only Scan", "Parent Relationship": "Inner", "Scan Direction": "Forward", "Index Name": "movie_id_aka_title", "Relation Name": "aka_title", "Alias": "at", "Startup Cost": 10000000000.0, "Total Cost": 1000000898631.5, "Plan Rows": 361471, "Plan Width": 4}]}, {"Node Type": "Index Scan", "Parent Relationship": "Inner", "Scan Direction": "Forward", "Index Name": "title_pkey", "Relation Name": "title", "Alias": "t", "Startup Cost": 10000000000.0, "Total Cost": 1000011644126.66, "Plan Rows": 1748840, "Plan Width": 21, "Filter": "(production_year > 1990), (LLVM Optimized)"}]}]}, "Unique SQL Id": 2846462052}, "explain_analyze_plan": null}, "(16, 92)": {"explain_plan": {"Plan": {"Node Type": "Aggregate", "Strategy": "Plain", "Startup Cost": 40694.93, "Total Cost": 40694.94, "Plan Rows": 1, "Plan Width": 123, "Plans": [{"Node Type": "Nested Loop", "Parent Relationship": "Outer", "Join Type": "Inner", "Startup Cost": 0.0, "Total Cost": 40694.26, "Plan Rows": 134, "Plan Width": 59, "Inner Unique": false, "Join Filter": "(t.id = at.movie_id)", "Plans": [{"Node Type": "Nested Loop", "Parent Relationship": "Outer", "Join Type": "Inner", "Startup Cost": 0.0, "Total Cost": 40678.69, "Plan Rows": 44, "Plan Width": 75, "Inner Unique": true, "Plans": [{"Node Type": "Nested Loop", "Parent Relationship": "Outer", "Join Type": "Inner", "Startup Cost": 0.0, "Total Cost": 40666.34, "Plan Rows": 44, "Plan Width": 79, "Inner Unique": false, "Join Filter": "(t.id = mk.movie_id)", "Plans": [{"Node Type": "Nested Loop", "Parent Relationship": "Outer", "Join Type": "Inner", "Startup Cost": 0.0, "Total Cost": 40662.97, "Plan Rows": 6, "Plan Width": 71, "Inner Unique": true, "Plans": [{"Node Type": "Nested Loop", "Parent Relationship": "Outer", "Join Type": "Inner", "Startup Cost": 0.0, "Total Cost": 40660.17, "Plan Rows": 10, "Plan Width": 75, "Inner Unique": true, "Plans": [{"Node Type": "Nested Loop", "Parent Relationship": "Outer", "Join Type": "Inner", "Startup Cost": 0.0, "Total Cost": 40656.72, "Plan Rows": 12, "Plan Width": 79, "Inner Unique": false, "Plans": [{"Node Type": "Nested Loop", "Parent Relationship": "Outer", "Join Type": "Inner", "Startup Cost": 0.0, "Total Cost": 40654.51, "Plan Rows": 6, "Plan Width": 67, "Inner Unique": true, "Plans": [{"Node Type": "Nested Loop", "Parent Relationship": "Outer", "Join Type": "Inner", "Startup Cost": 0.0, "Total Cost": 40621.57, "Plan Rows": 4, "Plan Width": 46, "Inner Unique": true, "Plans": [{"Node Type": "Streaming(type: LOCAL GATHER dop: 1/16)", "Parent Relationship": "Outer", "Startup Cost": 0.0, "Total Cost": 40537.53, "Plan Rows": 255, "Plan Width": 50, "Plans": [{"Node Type": "Seq Scan", "Parent Relationship": "Outer", "Relation Name": "movie_info", "Alias": "mi", "Startup Cost": 0.0, "Total Cost": 40532.03, "Plan Rows": 255, "Plan Width": 50, "Filter": "((info IS NOT NULL) AND ((note)::text ~~ '%internet%'::text) AND (((info)::text ~~ 'USA:% 199%'::text) OR ((info)::text ~~ 'USA:% 200%'::text)))"}]}, {"Node Type": "Index Scan", "Parent Relationship": "Inner", "Scan Direction": "Forward", "Index Name": "info_type_pkey", "Relation Name": "info_type", "Alias": "it1", "Startup Cost": 0.0, "Total Cost": 0.32, "Plan Rows": 1, "Plan Width": 4, "Index Cond": "(id = mi.info_type_id)", "Filter": "((info)::text = 'release dates'::text)"}]}, {"Node Type": "Index Scan", "Parent Relationship": "Inner", "Scan Direction": "Forward", "Index Name": "title_pkey", "Relation Name": "title", "Alias": "t", "Startup Cost": 0.0, "Total Cost": 8.23, "Plan Rows": 1, "Plan Width": 21, "Index Cond": "(id = mi.movie_id)", "Filter": "(production_year > 1990)"}]}, {"Node Type": "Index Scan", "Parent Relationship": "Inner", "Scan Direction": "Forward", "Index Name": "movie_id_movie_companies", "Relation Name": "movie_companies", "Alias": "mc", "Startup Cost": 0.0, "Total Cost": 0.35, "Plan Rows": 2, "Plan Width": 12, "Index Cond": "(movie_id = t.id)"}]}, {"Node Type": "Index Scan", "Parent Relationship": "Inner", "Scan Direction": "Forward", "Index Name": "company_name_pkey", "Relation Name": "company_name", "Alias": "cn", "Startup Cost": 0.0, "Total Cost": 0.28, "Plan Rows": 1, "Plan Width": 4, "Index Cond": "(id = mc.company_id)", "Filter": "((country_code)::text = '[us]'::text)"}]}, {"Node Type": "Index Scan", "Parent Relationship": "Inner", "Scan Direction": "Forward", "Index Name": "company_type_pkey", "Relation Name": "company_type", "Alias": "ct", "Startup Cost": 0.0, "Total Cost": 0.27, "Plan Rows": 1, "Plan Width": 4, "Index Cond": "(id = mc.company_type_id)"}]}, {"Node Type": "Index Scan", "Parent Relationship": "Inner", "Scan Direction": "Forward", "Index Name": "movie_id_movie_keyword", "Relation Name": "movie_keyword", "Alias": "mk", "Startup Cost": 0.0, "Total Cost": 0.46, "Plan Rows": 8, "Plan Width": 8, "Index Cond": "(movie_id = mc.movie_id)"}]}, {"Node Type": "Index Scan", "Parent Relationship": "Inner", "Scan Direction": "Forward", "Index Name": "keyword_pkey", "Relation Name": "keyword", "Alias": "k", "Startup Cost": 0.0, "Total Cost": 0.27, "Plan Rows": 1, "Plan Width": 4, "Index Cond": "(id = mk.keyword_id)"}]}, {"Node Type": "Index Scan", "Parent Relationship": "Inner", "Scan Direction": "Forward", "Index Name": "movie_id_aka_title", "Relation Name": "aka_title", "Alias": "at", "Startup Cost": 0.0, "Total Cost": 0.32, "Plan Rows": 3, "Plan Width": 4, "Index Cond": "(movie_id = mk.movie_id)"}]}]}, "Unique SQL Id": 2846462052}, "explain_analyze_plan": {"Plan": {"Node Type": "Aggregate", "Strategy": "Plain", "Startup Cost": 40694.93, "Total Cost": 40694.94, "Plan Rows": 1, "Plan Width": 123, "Actual Min Startup Time": 434.613, "Actual Max Startup Time": 434.613, "Actual Min Total Time": 434.613, "Actual Max Total Time": 434.613, "Actual Total Rows": 1, "Plans": [{"Node Type": "Nested Loop", "Parent Relationship": "Outer", "Join Type": "Inner", "Startup Cost": 0.0, "Total Cost": 40694.26, "Plan Rows": 134, "Plan Width": 59, "Actual Min Startup Time": 166.043, "Actual Max Startup Time": 166.043, "Actual Min Total Time": 433.74, "Actual Max Total Time": 433.74, "Actual Total Rows": 1140, "Inner Unique": false, "Join Filter": "(t.id = at.movie_id)", "Rows Removed by Join Filter": 0, "Plans": [{"Node Type": "Nested Loop", "Parent Relationship": "Outer", "Join Type": "Inner", "Startup Cost": 0.0, "Total Cost": 40678.69, "Plan Rows": 44, "Plan Width": 75, "Actual Min Startup Time": 165.074, "Actual Max Startup Time": 165.074, "Actual Min Total Time": 417.741, "Actual Max Total Time": 417.741, "Actual Total Rows": 4808, "Inner Unique": true, "Plans": [{"Node Type": "Nested Loop", "Parent Relationship": "Outer", "Join Type": "Inner", "Startup Cost": 0.0, "Total Cost": 40666.34, "Plan Rows": 44, "Plan Width": 79, "Actual Min Startup Time": 165.048, "Actual Max Startup Time": 165.048, "Actual Min Total Time": 390.364, "Actual Max Total Time": 390.364, "Actual Total Rows": 4808, "Inner Unique": false, "Join Filter": "(t.id = mk.movie_id)", "Rows Removed by Join Filter": 0, "Plans": [{"Node Type": "Nested Loop", "Parent Relationship": "Outer", "Join Type": "Inner", "Startup Cost": 0.0, "Total Cost": 40662.97, "Plan Rows": 6, "Plan Width": 71, "Actual Min Startup Time": 165.013, "Actual Max Startup Time": 165.013, "Actual Min Total Time": 374.393, "Actual Max Total Time": 374.393, "Actual Total Rows": 1488, "Inner Unique": true, "Plans": [{"Node Type": "Nested Loop", "Parent Relationship": "Outer", "Join Type": "Inner", "Startup Cost": 0.0, "Total Cost": 40660.17, "Plan Rows": 10, "Plan Width": 75, "Actual Min Startup Time": 164.953, "Actual Max Startup Time": 164.953, "Actual Min Total Time": 368.769, "Actual Max Total Time": 368.769, "Actual Total Rows": 2647, "Inner Unique": true, "Plans": [{"Node Type": "Nested Loop", "Parent Relationship": "Outer", "Join Type": "Inner", "Startup Cost": 0.0, "Total Cost": 40656.72, "Plan Rows": 12, "Plan Width": 79, "Actual Min Startup Time": 164.918, "Actual Max Startup Time": 164.918, "Actual Min Total Time": 346.864, "Actual Max Total Time": 346.864, "Actual Total Rows": 2884, "Inner Unique": false, "Plans": [{"Node Type": "Nested Loop", "Parent Relationship": "Outer", "Join Type": "Inner", "Startup Cost": 0.0, "Total Cost": 40654.51, "Plan Rows": 6, "Plan Width": 67, "Actual Min Startup Time": 164.892, "Actual Max Startup Time": 164.892, "Actual Min Total Time": 326.527, "Actual Max Total Time": 326.527, "Actual Total Rows": 1782, "Inner Unique": true, "Plans": [{"Node Type": "Nested Loop", "Parent Relationship": "Outer", "Join Type": "Inner", "Startup Cost": 0.0, "Total Cost": 40621.57, "Plan Rows": 4, "Plan Width": 46, "Actual Min Startup Time": 164.853, "Actual Max Startup Time": 164.853, "Actual Min Total Time": 307.939, "Actual Max Total Time": 307.939, "Actual Total Rows": 1783, "Inner Unique": true, "Plans": [{"Node Type": "Streaming(type: LOCAL GATHER dop: 1/16)", "Parent Relationship": "Outer", "Startup Cost": 0.0, "Total Cost": 40537.53, "Plan Rows": 255, "Plan Width": 50, "Actual Min Startup Time": 164.792, "Actual Max Startup Time": 164.792, "Actual Min Total Time": 301.947, "Actual Max Total Time": 301.947, "Actual Total Rows": 1783, "Plans": [{"Node Type": "Seq Scan", "Parent Relationship": "Outer", "Relation Name": "movie_info", "Alias": "mi", "Startup Cost": 0.0, "Total Cost": 40532.03, "Plan Rows": 255, "Plan Width": 50, "Actual Min Startup Time": 85.741, "Actual Max Startup Time": 94.197, "Actual Min Total Time": 320.44, "Actual Max Total Time": 332.469, "Actual Total Rows": 1783, "Filter": "((info IS NOT NULL) AND ((note)::text ~~ '%internet%'::text) AND (((info)::text ~~ 'USA:% 199%'::text) OR ((info)::text ~~ 'USA:% 200%'::text)))", "Rows Removed by Filter": 14833936}]}, {"Node Type": "Index Scan", "Parent Relationship": "Inner", "Scan Direction": "Forward", "Index Name": "info_type_pkey", "Relation Name": "info_type", "Alias": "it1", "Startup Cost": 0.0, "Total Cost": 0.32, "Plan Rows": 1, "Plan Width": 4, "Actual Min Startup Time": 3.665, "Actual Max Startup Time": 3.665, "Actual Min Total Time": 3.665, "Actual Max Total Time": 3.665, "Actual Total Rows": 1783, "Index Cond": "(id = mi.info_type_id)", "Rows Removed by Index Recheck": 0, "Filter": "((info)::text = 'release dates'::text)", "Rows Removed by Filter": 0}]}, {"Node Type": "Index Scan", "Parent Relationship": "Inner", "Scan Direction": "Forward", "Index Name": "title_pkey", "Relation Name": "title", "Alias": "t", "Startup Cost": 0.0, "Total Cost": 8.23, "Plan Rows": 1, "Plan Width": 21, "Actual Min Startup Time": 16.475, "Actual Max Startup Time": 16.475, "Actual Min Total Time": 16.475, "Actual Max Total Time": 16.475, "Actual Total Rows": 1782, "Index Cond": "(id = mi.movie_id)", "Rows Removed by Index Recheck": 0, "Filter": "(production_year > 1990)", "Rows Removed by Filter": 1}]}, {"Node Type": "Index Scan", "Parent Relationship": "Inner", "Scan Direction": "Forward", "Index Name": "movie_id_movie_companies", "Relation Name": "movie_companies", "Alias": "mc", "Startup Cost": 0.0, "Total Cost": 0.35, "Plan Rows": 2, "Plan Width": 12, "Actual Min Startup Time": 14.715, "Actual Max Startup Time": 14.715, "Actual Min Total Time": 18.362, "Actual Max Total Time": 18.362, "Actual Total Rows": 2884, "Index Cond": "(movie_id = t.id)", "Rows Removed by Index Recheck": 0}]}, {"Node Type": "Index Scan", "Parent Relationship": "Inner", "Scan Direction": "Forward", "Index Name": "company_name_pkey", "Relation Name": "company_name", "Alias": "cn", "Startup Cost": 0.0, "Total Cost": 0.28, "Plan Rows": 1, "Plan Width": 4, "Actual Min Startup Time": 19.102, "Actual Max Startup Time": 19.102, "Actual Min Total Time": 19.102, "Actual Max Total Time": 19.102, "Actual Total Rows": 2647, "Index Cond": "(id = mc.company_id)", "Rows Removed by Index Recheck": 0, "Filter": "((country_code)::text = '[us]'::text)", "Rows Removed by Filter": 237}]}, {"Node Type": "Index Scan", "Parent Relationship": "Inner", "Scan Direction": "Forward", "Index Name": "company_type_pkey", "Relation Name": "company_type", "Alias": "ct", "Startup Cost": 0.0, "Total Cost": 0.27, "Plan Rows": 1, "Plan Width": 4, "Actual Min Startup Time": 3.356, "Actual Max Startup Time": 3.356, "Actual Min Total Time": 3.356, "Actual Max Total Time": 3.356, "Actual Total Rows": 1488, "Index Cond": "(id = mc.company_type_id)", "Rows Removed by Index Recheck": 0}]}, {"Node Type": "Index Scan", "Parent Relationship": "Inner", "Scan Direction": "Forward", "Index Name": "movie_id_movie_keyword", "Relation Name": "movie_keyword", "Alias": "mk", "Startup Cost": 0.0, "Total Cost": 0.46, "Plan Rows": 8, "Plan Width": 8, "Actual Min Startup Time": 10.513, "Actual Max Startup Time": 10.513, "Actual Min Total Time": 12.844, "Actual Max Total Time": 12.844, "Actual Total Rows": 4808, "Index Cond": "(movie_id = mc.movie_id)", "Rows Removed by Index Recheck": 0}]}, {"Node Type": "Index Scan", "Parent Relationship": "Inner", "Scan Direction": "Forward", "Index Name": "keyword_pkey", "Relation Name": "keyword", "Alias": "k", "Startup Cost": 0.0, "Total Cost": 0.27, "Plan Rows": 1, "Plan Width": 4, "Actual Min Startup Time": 23.362, "Actual Max Startup Time": 23.362, "Actual Min Total Time": 23.362, "Actual Max Total Time": 23.362, "Actual Total Rows": 4808, "Index Cond": "(id = mk.keyword_id)", "Rows Removed by Index Recheck": 0}]}, {"Node Type": "Index Scan", "Parent Relationship": "Inner", "Scan Direction": "Forward", "Index Name": "movie_id_aka_title", "Relation Name": "aka_title", "Alias": "at", "Startup Cost": 0.0, "Total Cost": 0.32, "Plan Rows": 3, "Plan Width": 4, "Actual Min Startup Time": 12.055, "Actual Max Startup Time": 12.055, "Actual Min Total Time": 12.607, "Actual Max Total Time": 12.607, "Actual Total Rows": 1140, "Index Cond": "(movie_id = mk.movie_id)", "Rows Removed by Index Recheck": 0}]}]}, "Triggers": [], "Planner Runtime": 135.547, "Total Runtime": 438.106, "Unique SQL Id": 2846462052}}, "(16, 93)": {"explain_plan": {"Plan": {"Node Type": "Aggregate", "Strategy": "Plain", "Startup Cost": 496833.27, "Total Cost": 496833.28, "Plan Rows": 1, "Plan Width": 123, "Plans": [{"Node Type": "Nested Loop", "Parent Relationship": "Outer", "Join Type": "Inner", "Startup Cost": 0.0, "Total Cost": 496832.6, "Plan Rows": 134, "Plan Width": 59, "Inner Unique": false, "Join Filter": "(t.id = at.movie_id)", "Plans": [{"Node Type": "Nested Loop", "Parent Relationship": "Outer", "Join Type": "Inner", "Startup Cost": 0.0, "Total Cost": 496817.03, "Plan Rows": 44, "Plan Width": 75, "Inner Unique": true, "Plans": [{"Node Type": "Nested Loop", "Parent Relationship": "Outer", "Join Type": "Inner", "Startup Cost": 0.0, "Total Cost": 496804.68, "Plan Rows": 44, "Plan Width": 79, "Inner Unique": false, "Join Filter": "(t.id = mk.movie_id)", "Plans": [{"Node Type": "Nested Loop", "Parent Relationship": "Outer", "Join Type": "Inner", "Startup Cost": 0.0, "Total Cost": 496801.31, "Plan Rows": 6, "Plan Width": 71, "Inner Unique": true, "Plans": [{"Node Type": "Nested Loop", "Parent Relationship": "Outer", "Join Type": "Inner", "Startup Cost": 0.0, "Total Cost": 496798.51, "Plan Rows": 10, "Plan Width": 75, "Inner Unique": true, "Plans": [{"Node Type": "Nested Loop", "Parent Relationship": "Outer", "Join Type": "Inner", "Startup Cost": 0.0, "Total Cost": 496795.05, "Plan Rows": 12, "Plan Width": 79, "Inner Unique": false, "Plans": [{"Node Type": "Nested Loop", "Parent Relationship": "Outer", "Join Type": "Inner", "Startup Cost": 0.0, "Total Cost": 496792.85, "Plan Rows": 6, "Plan Width": 67, "Inner Unique": true, "Plans": [{"Node Type": "Nested Loop", "Parent Relationship": "Outer", "Join Type": "Inner", "Startup Cost": 0.0, "Total Cost": 496759.91, "Plan Rows": 4, "Plan Width": 46, "Inner Unique": false, "Plans": [{"Node Type": "Index Scan", "Parent Relationship": "Outer", "Scan Direction": "Forward", "Index Name": "info_type_pkey", "Relation Name": "info_type", "Alias": "it1", "Startup Cost": 0.0, "Total Cost": 14.21, "Plan Rows": 1, "Plan Width": 4, "Filter": "((info)::text = 'release dates'::text)"}, {"Node Type": "Index Scan", "Parent Relationship": "Inner", "Scan Direction": "Forward", "Index Name": "info_type_id_movie_info", "Relation Name": "movie_info", "Alias": "mi", "Startup Cost": 0.0, "Total Cost": 496745.66, "Plan Rows": 4, "Plan Width": 50, "Index Cond": "(info_type_id = it1.id)", "Filter": "((info IS NOT NULL) AND ((note)::text ~~ '%internet%'::text) AND (((info)::text ~~ 'USA:% 199%'::text) OR ((info)::text ~~ 'USA:% 200%'::text)))"}]}, {"Node Type": "Index Scan", "Parent Relationship": "Inner", "Scan Direction": "Forward", "Index Name": "title_pkey", "Relation Name": "title", "Alias": "t", "Startup Cost": 0.0, "Total Cost": 8.23, "Plan Rows": 1, "Plan Width": 21, "Index Cond": "(id = mi.movie_id)", "Filter": "(production_year > 1990)"}]}, {"Node Type": "Index Scan", "Parent Relationship": "Inner", "Scan Direction": "Forward", "Index Name": "movie_id_movie_companies", "Relation Name": "movie_companies", "Alias": "mc", "Startup Cost": 0.0, "Total Cost": 0.35, "Plan Rows": 2, "Plan Width": 12, "Index Cond": "(movie_id = t.id)"}]}, {"Node Type": "Index Scan", "Parent Relationship": "Inner", "Scan Direction": "Forward", "Index Name": "company_name_pkey", "Relation Name": "company_name", "Alias": "cn", "Startup Cost": 0.0, "Total Cost": 0.28, "Plan Rows": 1, "Plan Width": 4, "Index Cond": "(id = mc.company_id)", "Filter": "((country_code)::text = '[us]'::text)"}]}, {"Node Type": "Index Scan", "Parent Relationship": "Inner", "Scan Direction": "Forward", "Index Name": "company_type_pkey", "Relation Name": "company_type", "Alias": "ct", "Startup Cost": 0.0, "Total Cost": 0.27, "Plan Rows": 1, "Plan Width": 4, "Index Cond": "(id = mc.company_type_id)"}]}, {"Node Type": "Index Scan", "Parent Relationship": "Inner", "Scan Direction": "Forward", "Index Name": "movie_id_movie_keyword", "Relation Name": "movie_keyword", "Alias": "mk", "Startup Cost": 0.0, "Total Cost": 0.46, "Plan Rows": 8, "Plan Width": 8, "Index Cond": "(movie_id = mc.movie_id)"}]}, {"Node Type": "Index Scan", "Parent Relationship": "Inner", "Scan Direction": "Forward", "Index Name": "keyword_pkey", "Relation Name": "keyword", "Alias": "k", "Startup Cost": 0.0, "Total Cost": 0.27, "Plan Rows": 1, "Plan Width": 4, "Index Cond": "(id = mk.keyword_id)"}]}, {"Node Type": "Index Scan", "Parent Relationship": "Inner", "Scan Direction": "Forward", "Index Name": "movie_id_aka_title", "Relation Name": "aka_title", "Alias": "at", "Startup Cost": 0.0, "Total Cost": 0.32, "Plan Rows": 3, "Plan Width": 4, "Index Cond": "(movie_id = mk.movie_id)"}]}]}, "Unique SQL Id": 2846462052}, "explain_analyze_plan": null}, "(16, 94)": {"explain_plan": {"Plan": {"Node Type": "Aggregate", "Strategy": "Plain", "Startup Cost": 3099026618667.61, "Total Cost": 3099026618667.62, "Plan Rows": 1, "Plan Width": 123, "Plans": [{"Node Type": "Merge Join", "Parent Relationship": "Outer", "Join Type": "Inner", "Startup Cost": 2110028846622.14, "Total Cost": 3099026618666.94, "Plan Rows": 134, "Plan Width": 59, "Inner Unique": true, "Merge Cond": "(at.movie_id = t.id)", "Plans": [{"Node Type": "Merge Join", "Parent Relationship": "Outer", "Join Type": "Inner", "Startup Cost": 2100028846622.14, "Total Cost": 2100028848430.17, "Plan Rows": 97, "Plan Width": 58, "Inner Unique": false, "Merge Cond": "(mi.movie_id = at.movie_id)", "Plans": [{"Node Type": "Sort", "Parent Relationship": "Outer", "Startup Cost": 2100028803356.99, "Total Cost": 2100028803357.07, "Plan Rows": 32, "Plan Width": 54, "Sort Key": ["mc.movie_id"], "Plans": [{"Node Type": "Merge Join", "Parent Relationship": "Outer", "Join Type": "Inner", "Startup Cost": 2100028802685.21, "Total Cost": 2100028803356.19, "Plan Rows": 32, "Plan Width": 54, "Inner Unique": true, "Merge Cond": "(mk.keyword_id = k.id)", "Plans": [{"Node Type": "Sort", "Parent Relationship": "Outer", "Startup Cost": 2100028789157.55, "Total Cost": 2100028789157.63, "Plan Rows": 32, "Plan Width": 58, "Sort Key": ["mk.keyword_id"], "Plans": [{"Node Type": "Merge Join", "Parent Relationship": "Outer", "Join Type": "Inner", "Startup Cost": 2100028788729.81, "Total Cost": 2100028789156.75, "Plan Rows": 32, "Plan Width": 58, "Inner Unique": true, "Merge Cond": "(mc.company_id = cn.id)", "Plans": [{"Node Type": "Sort", "Parent Relationship": "Outer", "Startup Cost": 2100028775851.76, "Total Cost": 2100028775851.92, "Plan Rows": 65, "Plan Width": 62, "Sort Key": ["mc.company_id"], "Plans": [{"Node Type": "Merge Join", "Parent Relationship": "Outer", "Join Type": "Inner", "Startup Cost": 2100028775848.52, "Total Cost": 2100028775849.8, "Plan Rows": 65, "Plan Width": 62, "Inner Unique": true, "Merge Cond": "(mc.company_type_id = ct.id)", "Plans": [{"Node Type": "Sort", "Parent Relationship": "Outer", "Startup Cost": 2100028775847.29, "Total Cost": 2100028775847.47, "Plan Rows": 73, "Plan Width": 66, "Sort Key": ["mc.company_type_id"], "Plans": [{"Node Type": "Merge Join", "Parent Relationship": "Outer", "Join Type": "Inner", "Startup Cost": 120015962558.1, "Total Cost": 2100028775845.03, "Plan Rows": 73, "Plan Width": 66, "Inner Unique": false, "Merge Cond": "(mi.movie_id = mk.movie_id)", "Plans": [{"Node Type": "Merge Join", "Parent Relationship": "Outer", "Join Type": "Inner", "Startup Cost": 110015962558.1, "Total Cost": 1100013463900.28, "Plan Rows": 9, "Plan Width": 58, "Inner Unique": false, "Merge Cond": "(mc.movie_id = mi.movie_id)", "Plans": [{"Node Type": "Index Scan", "Parent Relationship": "Outer", "Scan Direction": "Forward", "Index Name": "movie_id_movie_companies", "Relation Name": "movie_companies", "Alias": "mc", "Startup Cost": 10000000000.0, "Total Cost": 1000013051946.13, "Plan Rows": 2609128, "Plan Width": 12}, {"Node Type": "Sort", "Parent Relationship": "Inner", "Startup Cost": 100000405431.2, "Total Cost": 100000405431.21, "Plan Rows": 4, "Plan Width": 46, "Sort Key": ["mi.movie_id"], "Plans": [{"Node Type": "Nested Loop", "Parent Relationship": "Outer", "Join Type": "Inner", "Startup Cost": 10000000000.0, "Total Cost": 100000405431.16, "Plan Rows": 4, "Plan Width": 46, "Inner Unique": false, "Join Filter": "(it1.id = mi.info_type_id)", "Plans": [{"Node Type": "Seq Scan", "Parent Relationship": "Outer", "Relation Name": "info_type", "Alias": "it1", "Startup Cost": 0.0, "Total Cost": 2.4, "Plan Rows": 1, "Plan Width": 4, "Filter": "((info)::text = 'release dates'::text)"}, {"Node Type": "Materialize", "Parent Relationship": "Inner", "Startup Cost": 0.0, "Total Cost": 40538.17, "Plan Rows": 255, "Plan Width": 50, "Plans": [{"Node Type": "Streaming(type: LOCAL GATHER dop: 1/16)", "Parent Relationship": "Outer", "Startup Cost": 0.0, "Total Cost": 40537.53, "Plan Rows": 255, "Plan Width": 50, "Plans": [{"Node Type": "Seq Scan", "Parent Relationship": "Outer", "Relation Name": "movie_info", "Alias": "mi", "Startup Cost": 0.0, "Total Cost": 40532.03, "Plan Rows": 255, "Plan Width": 50, "Filter": "((info IS NOT NULL) AND ((note)::text ~~ '%internet%'::text) AND (((info)::text ~~ 'USA:% 199%'::text) OR ((info)::text ~~ 'USA:% 200%'::text)))"}]}]}]}]}]}, {"Node Type": "Index Scan", "Parent Relationship": "Inner", "Scan Direction": "Forward", "Index Name": "movie_id_movie_keyword", "Relation Name": "movie_keyword", "Alias": "mk", "Startup Cost": 10000000000.0, "Total Cost": 1000015300634.17, "Plan Rows": 4523929, "Plan Width": 8}]}]}, {"Node Type": "Sort", "Parent Relationship": "Inner", "Startup Cost": 1.05, "Total Cost": 1.06, "Plan Rows": 3, "Plan Width": 4, "Sort Key": ["ct.id"], "Plans": [{"Node Type": "Seq Scan", "Parent Relationship": "Outer", "Relation Name": "company_type", "Alias": "ct", "Startup Cost": 0.0, "Total Cost": 1.03, "Plan Rows": 3, "Plan Width": 4}]}]}]}, {"Node Type": "Sort", "Parent Relationship": "Inner", "Startup Cost": 12878.05, "Total Cost": 13090.97, "Plan Rows": 85170, "Plan Width": 4, "Sort Key": ["cn.id"], "Plans": [{"Node Type": "Seq Scan", "Parent Relationship": "Outer", "Relation Name": "company_name", "Alias": "cn", "Startup Cost": 0.0, "Total Cost": 5903.45, "Plan Rows": 85170, "Plan Width": 4, "Filter": "((country_code)::text = '[us]'::text)"}]}]}]}, {"Node Type": "Sort", "Parent Relationship": "Inner", "Startup Cost": 13527.66, "Total Cost": 13863.08, "Plan Rows": 134169, "Plan Width": 4, "Sort Key": ["k.id"], "Plans": [{"Node Type": "Seq Scan", "Parent Relationship": "Outer", "Relation Name": "keyword", "Alias": "k", "Startup Cost": 0.0, "Total Cost": 2100.69, "Plan Rows": 134169, "Plan Width": 4}]}]}]}, {"Node Type": "Sort", "Parent Relationship": "Inner", "Startup Cost": 43264.85, "Total Cost": 44168.52, "Plan Rows": 361471, "Plan Width": 4, "Sort Key": ["at.movie_id"], "Plans": [{"Node Type": "Seq Scan", "Parent Relationship": "Outer", "Relation Name": "aka_title", "Alias": "at", "Startup Cost": 0.0, "Total Cost": 9894.71, "Plan Rows": 361471, "Plan Width": 4}]}]}, {"Node Type": "Index Scan", "Parent Relationship": "Inner", "Scan Direction": "Forward", "Index Name": "title_pkey", "Relation Name": "title", "Alias": "t", "Startup Cost": 10000000000.0, "Total Cost": 1000011644126.66, "Plan Rows": 1748840, "Plan Width": 21, "Filter": "(production_year > 1990), (LLVM Optimized)"}]}]}, "Unique SQL Id": 2846462052}, "explain_analyze_plan": null}, "(16, 95)": {"explain_plan": {"Plan": {"Node Type": "Aggregate", "Strategy": "Plain", "Startup Cost": 8998376002738.87, "Total Cost": 8998376002738.88, "Plan Rows": 1, "Plan Width": 123, "Plans": [{"Node Type": "Merge Join", "Parent Relationship": "Outer", "Join Type": "Inner", "Startup Cost": 7019543309275.11, "Total Cost": 8998376002738.2, "Plan Rows": 134, "Plan Width": 59, "Inner Unique": true, "Merge Cond": "(at.movie_id = t.id)", "Plans": [{"Node Type": "Merge Join", "Parent Relationship": "Outer", "Join Type": "Inner", "Startup Cost": 7009543309275.11, "Total Cost": 7999378232501.42, "Plan Rows": 97, "Plan Width": 58, "Inner Unique": false, "Merge Cond": "(mi.movie_id = at.movie_id)", "Plans": [{"Node Type": "Sort", "Parent Relationship": "Outer", "Startup Cost": 6999376241594.87, "Total Cost": 6999376241595.01, "Plan Rows": 57, "Plan Width": 54, "Sort Key": ["mc.movie_id"], "Plans": [{"Node Type": "Merge Join", "Parent Relationship": "Outer", "Join Type": "Inner", "Startup Cost": 6009375191240.23, "Total Cost": 6999376241593.21, "Plan Rows": 57, "Plan Width": 54, "Inner Unique": true, "Merge Cond": "(mc.company_id = cn.id)", "Plans": [{"Node Type": "Sort", "Parent Relationship": "Outer", "Startup Cost": 5999375191240.22, "Total Cost": 5999375191240.38, "Plan Rows": 65, "Plan Width": 58, "Sort Key": ["mc.company_id"], "Plans": [{"Node Type": "Merge Join", "Parent Relationship": "Outer", "Join Type": "Inner", "Startup Cost": 5009884040321.67, "Total Cost": 5999375191238.26, "Plan Rows": 65, "Plan Width": 58, "Inner Unique": true, "Merge Cond": "(mk.keyword_id = k.id)", "Plans": [{"Node Type": "Sort", "Parent Relationship": "Outer", "Startup Cost": 4999884040321.67, "Total Cost": 4999884040321.83, "Plan Rows": 65, "Plan Width": 62, "Sort Key": ["mk.keyword_id"], "Plans": [{"Node Type": "Merge Join", "Parent Relationship": "Outer", "Join Type": "Inner", "Startup Cost": 4010026125738.97, "Total Cost": 4999884040319.71, "Plan Rows": 65, "Plan Width": 62, "Inner Unique": false, "Merge Cond": "(mk.movie_id = mi.movie_id)", "Plans": [{"Node Type": "Merge Join", "Parent Relationship": "Outer", "Join Type": "Inner", "Startup Cost": 2010009630132.58, "Total Cost": 2999867520822.16, "Plan Rows": 9556051, "Plan Width": 16, "Inner Unique": false, "Merge Cond": "(mk.movie_id = mc.movie_id)", "Plans": [{"Node Type": "Index Scan", "Parent Relationship": "Outer", "Scan Direction": "Forward", "Index Name": "movie_id_movie_keyword", "Relation Name": "movie_keyword", "Alias": "mk", "Startup Cost": 10000000000.0, "Total Cost": 1000015300634.17, "Plan Rows": 4523929, "Plan Width": 8}, {"Node Type": "Sort", "Parent Relationship": "Inner", "Startup Cost": 2000009630130.2, "Total Cost": 2000009636653.02, "Plan Rows": 2609128, "Plan Width": 8, "Sort Key": ["mc.movie_id"], "Plans": [{"Node Type": "Merge Join", "Parent Relationship": "Outer", "Join Type": "Inner", "Startup Cost": 504554486367.56, "Total Cost": 2000009352060.61, "Plan Rows": 2609128, "Plan Width": 8, "Inner Unique": false, "Merge Cond": "(ct.id = mc.company_type_id)", "Plans": [{"Node Type": "Index Scan", "Parent Relationship": "Outer", "Scan Direction": "Forward", "Index Name": "company_type_pkey", "Relation Name": "company_type", "Alias": "ct", "Startup Cost": 10000000000.0, "Total Cost": 1000000001229.5, "Plan Rows": 3, "Plan Width": 4}, {"Node Type": "Index Scan", "Parent Relationship": "Inner", "Scan Direction": "Forward", "Index Name": "company_type_id_movie_companies", "Relation Name": "movie_companies", "Alias": "mc", "Startup Cost": 10000000000.0, "Total Cost": 1000009318217.0, "Plan Rows": 2609128, "Plan Width": 12}]}]}]}, {"Node Type": "Sort", "Parent Relationship": "Inner", "Startup Cost": 2000016495606.39, "Total Cost": 2000016495606.4, "Plan Rows": 4, "Plan Width": 46, "Sort Key": ["mi.movie_id"], "Plans": [{"Node Type": "Nested Loop", "Parent Relationship": "Outer", "Join Type": "Inner", "Startup Cost": 20000004841.46, "Total Cost": 2000016495606.35, "Plan Rows": 4, "Plan Width": 46, "Inner Unique": false, "Plans": [{"Node Type": "Index Scan", "Parent Relationship": "Outer", "Scan Direction": "Forward", "Index Name": "info_type_pkey", "Relation Name": "info_type", "Alias": "it1", "Startup Cost": 10000000000.0, "Total Cost": 1000000001421.0, "Plan Rows": 1, "Plan Width": 4, "Filter": "((info)::text = 'release dates'::text)"}, {"Node Type": "Bitmap Heap Scan", "Parent Relationship": "Inner", "Relation Name": "movie_info", "Alias": "mi", "Startup Cost": 10000004841.46, "Total Cost": 1000016494185.31, "Plan Rows": 4, "Plan Width": 50, "Recheck Cond": "(info_type_id = it1.id)", "Filter": "((info IS NOT NULL) AND ((note)::text ~~ '%internet%'::text) AND (((info)::text ~~ 'USA:% 199%'::text) OR ((info)::text ~~ 'USA:% 200%'::text)))", "Plans": [{"Node Type": "Bitmap Index Scan", "Parent Relationship": "Outer", "Index Name": "info_type_id_movie_info", "Startup Cost": 0.0, "Total Cost": 4841.46, "Plan Rows": 212428, "Plan Width": 0, "Index Cond": "(info_type_id = it1.id)"}]}]}]}]}]}, {"Node Type": "Index Scan", "Parent Relationship": "Inner", "Scan Direction": "Forward", "Index Name": "keyword_pkey", "Relation Name": "keyword", "Alias": "k", "Startup Cost": 10000000000.0, "Total Cost": 1000000284729.43, "Plan Rows": 134169, "Plan Width": 4}]}]}, {"Node Type": "Index Scan", "Parent Relationship": "Inner", "Scan Direction": "Forward", "Index Name": "company_name_pkey", "Relation Name": "company_name", "Alias": "cn", "Startup Cost": 10000000000.0, "Total Cost": 1000001050138.97, "Plan Rows": 85170, "Plan Width": 4, "Filter": "((country_code)::text = '[us]'::text)"}]}]}, {"Node Type": "Index Scan", "Parent Relationship": "Inner", "Scan Direction": "Forward", "Index Name": "movie_id_aka_title", "Relation Name": "aka_title", "Alias": "at", "Startup Cost": 10000000000.0, "Total Cost": 1000001990001.13, "Plan Rows": 361471, "Plan Width": 4}]}, {"Node Type": "Index Scan", "Parent Relationship": "Inner", "Scan Direction": "Forward", "Index Name": "title_pkey", "Relation Name": "title", "Alias": "t", "Startup Cost": 10000000000.0, "Total Cost": 1000011644126.66, "Plan Rows": 1748840, "Plan Width": 21, "Filter": "(production_year > 1990), (LLVM Optimized)"}]}]}, "Unique SQL Id": 2846462052}, "explain_analyze_plan": null}, "(16, 96)": {"explain_plan": {"Plan": {"Node Type": "Aggregate", "Strategy": "Plain", "Startup Cost": 40703.38, "Total Cost": 40703.39, "Plan Rows": 1, "Plan Width": 123, "Plans": [{"Node Type": "Nested Loop", "Parent Relationship": "Outer", "Join Type": "Inner", "Startup Cost": 0.0, "Total Cost": 40702.72, "Plan Rows": 132, "Plan Width": 59, "Inner Unique": true, "Plans": [{"Node Type": "Nested Loop", "Parent Relationship": "Outer", "Join Type": "Inner", "Startup Cost": 0.0, "Total Cost": 40665.2, "Plan Rows": 134, "Plan Width": 63, "Inner Unique": false, "Join Filter": "(t.id = mk.movie_id)", "Plans": [{"Node Type": "Nested Loop", "Parent Relationship": "Outer", "Join Type": "Inner", "Startup Cost": 0.0, "Total Cost": 40655.63, "Plan Rows": 17, "Plan Width": 75, "Inner Unique": true, "Join Filter": "(at.movie_id = t.id)", "Plans": [{"Node Type": "Nested Loop", "Parent Relationship": "Outer", "Join Type": "Inner", "Startup Cost": 0.0, "Total Cost": 40651.4, "Plan Rows": 12, "Plan Width": 54, "Inner Unique": true, "Plans": [{"Node Type": "Nested Loop", "Parent Relationship": "Outer", "Join Type": "Inner", "Startup Cost": 0.0, "Total Cost": 40648.04, "Plan Rows": 12, "Plan Width": 58, "Inner Unique": true, "Plans": [{"Node Type": "Nested Loop", "Parent Relationship": "Outer", "Join Type": "Inner", "Startup Cost": 0.0, "Total Cost": 40642.29, "Plan Rows": 20, "Plan Width": 62, "Inner Unique": false, "Plans": [{"Node Type": "Nested Loop", "Parent Relationship": "Outer", "Join Type": "Inner", "Startup Cost": 0.0, "Total Cost": 40636.98, "Plan Rows": 9, "Plan Width": 50, "Inner Unique": false, "Plans": [{"Node Type": "Nested Loop", "Parent Relationship": "Outer", "Join Type": "Inner", "Startup Cost": 0.0, "Total Cost": 40621.57, "Plan Rows": 4, "Plan Width": 46, "Inner Unique": true, "Plans": [{"Node Type": "Streaming(type: LOCAL GATHER dop: 1/16)", "Parent Relationship": "Outer", "Startup Cost": 0.0, "Total Cost": 40537.53, "Plan Rows": 255, "Plan Width": 50, "Plans": [{"Node Type": "Seq Scan", "Parent Relationship": "Outer", "Relation Name": "movie_info", "Alias": "mi", "Startup Cost": 0.0, "Total Cost": 40532.03, "Plan Rows": 255, "Plan Width": 50, "Filter": "((info IS NOT NULL) AND ((note)::text ~~ '%internet%'::text) AND (((info)::text ~~ 'USA:% 199%'::text) OR ((info)::text ~~ 'USA:% 200%'::text)))"}]}, {"Node Type": "Index Scan", "Parent Relationship": "Inner", "Scan Direction": "Forward", "Index Name": "info_type_pkey", "Relation Name": "info_type", "Alias": "it1", "Startup Cost": 0.0, "Total Cost": 0.32, "Plan Rows": 1, "Plan Width": 4, "Index Cond": "(id = mi.info_type_id)", "Filter": "((info)::text = 'release dates'::text)"}]}, {"Node Type": "Index Only Scan", "Parent Relationship": "Inner", "Scan Direction": "Forward", "Index Name": "movie_id_aka_title", "Relation Name": "aka_title", "Alias": "at", "Startup Cost": 0.0, "Total Cost": 3.82, "Plan Rows": 3, "Plan Width": 4, "Index Cond": "(movie_id = mi.movie_id)"}]}, {"Node Type": "Index Scan", "Parent Relationship": "Inner", "Scan Direction": "Forward", "Index Name": "movie_id_movie_companies", "Relation Name": "movie_companies", "Alias": "mc", "Startup Cost": 0.0, "Total Cost": 0.57, "Plan Rows": 2, "Plan Width": 12, "Index Cond": "(movie_id = at.movie_id)"}]}, {"Node Type": "Index Scan", "Parent Relationship": "Inner", "Scan Direction": "Forward", "Index Name": "company_name_pkey", "Relation Name": "company_name", "Alias": "cn", "Startup Cost": 0.0, "Total Cost": 0.28, "Plan Rows": 1, "Plan Width": 4, "Index Cond": "(id = mc.company_id)", "Filter": "((country_code)::text = '[us]'::text)"}]}, {"Node Type": "Index Only Scan", "Parent Relationship": "Inner", "Scan Direction": "Forward", "Index Name": "company_type_pkey", "Relation Name": "company_type", "Alias": "ct", "Startup Cost": 0.0, "Total Cost": 0.27, "Plan Rows": 1, "Plan Width": 4, "Index Cond": "(id = mc.company_type_id)"}]}, {"Node Type": "Index Scan", "Parent Relationship": "Inner", "Scan Direction": "Forward", "Index Name": "title_pkey", "Relation Name": "title", "Alias": "t", "Startup Cost": 0.0, "Total Cost": 0.34, "Plan Rows": 1, "Plan Width": 21, "Index Cond": "(id = mc.movie_id)", "Filter": "(production_year > 1990)"}]}, {"Node Type": "Index Scan", "Parent Relationship": "Inner", "Scan Direction": "Forward", "Index Name": "movie_id_movie_keyword", "Relation Name": "movie_keyword", "Alias": "mk", "Startup Cost": 0.0, "Total Cost": 0.46, "Plan Rows": 8, "Plan Width": 8, "Index Cond": "(movie_id = mc.movie_id)"}]}, {"Node Type": "Index Only Scan", "Parent Relationship": "Inner", "Scan Direction": "Forward", "Index Name": "keyword_pkey", "Relation Name": "keyword", "Alias": "k", "Startup Cost": 0.0, "Total Cost": 0.27, "Plan Rows": 1, "Plan Width": 4, "Index Cond": "(id = mk.keyword_id)"}]}]}, "Unique SQL Id": 2846462052}, "explain_analyze_plan": {"Plan": {"Node Type": "Aggregate", "Strategy": "Plain", "Startup Cost": 40703.38, "Total Cost": 40703.39, "Plan Rows": 1, "Plan Width": 123, "Actual Min Startup Time": 325.509, "Actual Max Startup Time": 325.509, "Actual Min Total Time": 325.51, "Actual Max Total Time": 325.51, "Actual Total Rows": 1, "Plans": [{"Node Type": "Nested Loop", "Parent Relationship": "Outer", "Join Type": "Inner", "Startup Cost": 0.0, "Total Cost": 40702.72, "Plan Rows": 132, "Plan Width": 59, "Actual Min Startup Time": 146.873, "Actual Max Startup Time": 146.873, "Actual Min Total Time": 324.654, "Actual Max Total Time": 324.654, "Actual Total Rows": 1140, "Inner Unique": true, "Plans": [{"Node Type": "Nested Loop", "Parent Relationship": "Outer", "Join Type": "Inner", "Startup Cost": 0.0, "Total Cost": 40665.2, "Plan Rows": 134, "Plan Width": 63, "Actual Min Startup Time": 146.853, "Actual Max Startup Time": 146.853, "Actual Min Total Time": 320.717, "Actual Max Total Time": 320.717, "Actual Total Rows": 1140, "Inner Unique": false, "Join Filter": "(t.id = mk.movie_id)", "Rows Removed by Join Filter": 0, "Plans": [{"Node Type": "Nested Loop", "Parent Relationship": "Outer", "Join Type": "Inner", "Startup Cost": 0.0, "Total Cost": 40655.63, "Plan Rows": 17, "Plan Width": 75, "Actual Min Startup Time": 146.824, "Actual Max Startup Time": 146.824, "Actual Min Total Time": 318.959, "Actual Max Total Time": 318.959, "Actual Total Rows": 119, "Inner Unique": true, "Join Filter": "(at.movie_id = t.id)", "Rows Removed by Join Filter": 0, "Plans": [{"Node Type": "Nested Loop", "Parent Relationship": "Outer", "Join Type": "Inner", "Startup Cost": 0.0, "Total Cost": 40651.4, "Plan Rows": 12, "Plan Width": 54, "Actual Min Startup Time": 146.803, "Actual Max Startup Time": 146.803, "Actual Min Total Time": 318.15, "Actual Max Total Time": 318.15, "Actual Total Rows": 119, "Inner Unique": true, "Plans": [{"Node Type": "Nested Loop", "Parent Relationship": "Outer", "Join Type": "Inner", "Startup Cost": 0.0, "Total Cost": 40648.04, "Plan Rows": 12, "Plan Width": 58, "Actual Min Startup Time": 146.788, "Actual Max Startup Time": 146.788, "Actual Min Total Time": 317.72, "Actual Max Total Time": 317.72, "Actual Total Rows": 284, "Inner Unique": true, "Plans": [{"Node Type": "Nested Loop", "Parent Relationship": "Outer", "Join Type": "Inner", "Startup Cost": 0.0, "Total Cost": 40642.29, "Plan Rows": 20, "Plan Width": 62, "Actual Min Startup Time": 146.77, "Actual Max Startup Time": 146.77, "Actual Min Total Time": 315.625, "Actual Max Total Time": 315.625, "Actual Total Rows": 400, "Inner Unique": false, "Plans": [{"Node Type": "Nested Loop", "Parent Relationship": "Outer", "Join Type": "Inner", "Startup Cost": 0.0, "Total Cost": 40636.98, "Plan Rows": 9, "Plan Width": 50, "Actual Min Startup Time": 146.755, "Actual Max Startup Time": 146.755, "Actual Min Total Time": 314.411, "Actual Max Total Time": 314.411, "Actual Total Rows": 120, "Inner Unique": false, "Plans": [{"Node Type": "Nested Loop", "Parent Relationship": "Outer", "Join Type": "Inner", "Startup Cost": 0.0, "Total Cost": 40621.57, "Plan Rows": 4, "Plan Width": 46, "Actual Min Startup Time": 146.565, "Actual Max Startup Time": 146.565, "Actual Min Total Time": 308.399, "Actual Max Total Time": 308.399, "Actual Total Rows": 1783, "Inner Unique": true, "Plans": [{"Node Type": "Streaming(type: LOCAL GATHER dop: 1/16)", "Parent Relationship": "Outer", "Startup Cost": 0.0, "Total Cost": 40537.53, "Plan Rows": 255, "Plan Width": 50, "Actual Min Startup Time": 146.489, "Actual Max Startup Time": 146.489, "Actual Min Total Time": 303.759, "Actual Max Total Time": 303.759, "Actual Total Rows": 1783, "Plans": [{"Node Type": "Seq Scan", "Parent Relationship": "Outer", "Relation Name": "movie_info", "Alias": "mi", "Startup Cost": 0.0, "Total Cost": 40532.03, "Plan Rows": 255, "Plan Width": 50, "Actual Min Startup Time": 80.82, "Actual Max Startup Time": 88.977, "Actual Min Total Time": 295.376, "Actual Max Total Time": 303.253, "Actual Total Rows": 1783, "Filter": "((info IS NOT NULL) AND ((note)::text ~~ '%internet%'::text) AND (((info)::text ~~ 'USA:% 199%'::text) OR ((info)::text ~~ 'USA:% 200%'::text)))", "Rows Removed by Filter": 14833936}]}, {"Node Type": "Index Scan", "Parent Relationship": "Inner", "Scan Direction": "Forward", "Index Name": "info_type_pkey", "Relation Name": "info_type", "Alias": "it1", "Startup Cost": 0.0, "Total Cost": 0.32, "Plan Rows": 1, "Plan Width": 4, "Actual Min Startup Time": 3.257, "Actual Max Startup Time": 3.257, "Actual Min Total Time": 3.257, "Actual Max Total Time": 3.257, "Actual Total Rows": 1783, "Index Cond": "(id = mi.info_type_id)", "Rows Removed by Index Recheck": 0, "Filter": "((info)::text = 'release dates'::text)", "Rows Removed by Filter": 0}]}, {"Node Type": "Index Only Scan", "Parent Relationship": "Inner", "Scan Direction": "Forward", "Index Name": "movie_id_aka_title", "Relation Name": "aka_title", "Alias": "at", "Startup Cost": 0.0, "Total Cost": 3.82, "Plan Rows": 3, "Plan Width": 4, "Actual Min Startup Time": 5.027, "Actual Max Startup Time": 5.027, "Actual Min Total Time": 5.071, "Actual Max Total Time": 5.071, "Actual Total Rows": 120, "Index Cond": "(movie_id = mi.movie_id)", "Rows Removed by Index Recheck": 0, "Heap Fetches": 0}]}, {"Node Type": "Index Scan", "Parent Relationship": "Inner", "Scan Direction": "Forward", "Index Name": "movie_id_movie_companies", "Relation Name": "movie_companies", "Alias": "mc", "Startup Cost": 0.0, "Total Cost": 0.57, "Plan Rows": 2, "Plan Width": 12, "Actual Min Startup Time": 0.705, "Actual Max Startup Time": 0.705, "Actual Min Total Time": 1.029, "Actual Max Total Time": 1.029, "Actual Total Rows": 400, "Index Cond": "(movie_id = at.movie_id)", "Rows Removed by Index Recheck": 0}]}, {"Node Type": "Index Scan", "Parent Relationship": "Inner", "Scan Direction": "Forward", "Index Name": "company_name_pkey", "Relation Name": "company_name", "Alias": "cn", "Startup Cost": 0.0, "Total Cost": 0.28, "Plan Rows": 1, "Plan Width": 4, "Actual Min Startup Time": 1.776, "Actual Max Startup Time": 1.776, "Actual Min Total Time": 1.776, "Actual Max Total Time": 1.776, "Actual Total Rows": 284, "Index Cond": "(id = mc.company_id)", "Rows Removed by Index Recheck": 0, "Filter": "((country_code)::text = '[us]'::text)", "Rows Removed by Filter": 116}]}, {"Node Type": "Index Only Scan", "Parent Relationship": "Inner", "Scan Direction": "Forward", "Index Name": "company_type_pkey", "Relation Name": "company_type", "Alias": "ct", "Startup Cost": 0.0, "Total Cost": 0.27, "Plan Rows": 1, "Plan Width": 4, "Actual Min Startup Time": 0.248, "Actual Max Startup Time": 0.248, "Actual Min Total Time": 0.248, "Actual Max Total Time": 0.248, "Actual Total Rows": 119, "Index Cond": "(id = mc.company_type_id)", "Rows Removed by Index Recheck": 0, "Heap Fetches": 0}]}, {"Node Type": "Index Scan", "Parent Relationship": "Inner", "Scan Direction": "Forward", "Index Name": "title_pkey", "Relation Name": "title", "Alias": "t", "Startup Cost": 0.0, "Total Cost": 0.34, "Plan Rows": 1, "Plan Width": 21, "Actual Min Startup Time": 0.634, "Actual Max Startup Time": 0.634, "Actual Min Total Time": 0.634, "Actual Max Total Time": 0.634, "Actual Total Rows": 119, "Index Cond": "(id = mc.movie_id)", "Rows Removed by Index Recheck": 0, "Filter": "(production_year > 1990)", "Rows Removed by Filter": 0}]}, {"Node Type": "Index Scan", "Parent Relationship": "Inner", "Scan Direction": "Forward", "Index Name": "movie_id_movie_keyword", "Relation Name": "movie_keyword", "Alias": "mk", "Startup Cost": 0.0, "Total Cost": 0.46, "Plan Rows": 8, "Plan Width": 8, "Actual Min Startup Time": 0.665, "Actual Max Startup Time": 0.665, "Actual Min Total Time": 1.218, "Actual Max Total Time": 1.218, "Actual Total Rows": 1140, "Index Cond": "(movie_id = mc.movie_id)", "Rows Removed by Index Recheck": 0}]}, {"Node Type": "Index Only Scan", "Parent Relationship": "Inner", "Scan Direction": "Forward", "Index Name": "keyword_pkey", "Relation Name": "keyword", "Alias": "k", "Startup Cost": 0.0, "Total Cost": 0.27, "Plan Rows": 1, "Plan Width": 4, "Actual Min Startup Time": 3.073, "Actual Max Startup Time": 3.073, "Actual Min Total Time": 3.073, "Actual Max Total Time": 3.073, "Actual Total Rows": 1140, "Index Cond": "(id = mk.keyword_id)", "Rows Removed by Index Recheck": 0, "Heap Fetches": 0}]}]}, "Triggers": [], "Planner Runtime": 246.662, "Total Runtime": 328.568, "Unique SQL Id": 2846462052}}, "(16, 97)": {"explain_plan": {"Plan": {"Node Type": "Aggregate", "Strategy": "Plain", "Startup Cost": 165037.91, "Total Cost": 165037.92, "Plan Rows": 1, "Plan Width": 123, "Plans": [{"Node Type": "Nested Loop", "Parent Relationship": "Outer", "Join Type": "Inner", "Startup Cost": 4841.46, "Total Cost": 165037.25, "Plan Rows": 132, "Plan Width": 59, "Inner Unique": true, "Plans": [{"Node Type": "Nested Loop", "Parent Relationship": "Outer", "Join Type": "Inner", "Startup Cost": 4841.46, "Total Cost": 164999.73, "Plan Rows": 134, "Plan Width": 63, "Inner Unique": false, "Join Filter": "(t.id = mk.movie_id)", "Plans": [{"Node Type": "Nested Loop", "Parent Relationship": "Outer", "Join Type": "Inner", "Startup Cost": 4841.46, "Total Cost": 164990.17, "Plan Rows": 17, "Plan Width": 75, "Inner Unique": true, "Join Filter": "(at.movie_id = t.id)", "Plans": [{"Node Type": "Nested Loop", "Parent Relationship": "Outer", "Join Type": "Inner", "Startup Cost": 4841.46, "Total Cost": 164985.94, "Plan Rows": 12, "Plan Width": 54, "Inner Unique": true, "Plans": [{"Node Type": "Nested Loop", "Parent Relationship": "Outer", "Join Type": "Inner", "Startup Cost": 4841.46, "Total Cost": 164982.58, "Plan Rows": 12, "Plan Width": 58, "Inner Unique": true, "Plans": [{"Node Type": "Nested Loop", "Parent Relationship": "Outer", "Join Type": "Inner", "Startup Cost": 4841.46, "Total Cost": 164976.83, "Plan Rows": 20, "Plan Width": 62, "Inner Unique": false, "Plans": [{"Node Type": "Nested Loop", "Parent Relationship": "Outer", "Join Type": "Inner", "Startup Cost": 4841.46, "Total Cost": 164971.52, "Plan Rows": 9, "Plan Width": 50, "Inner Unique": false, "Plans": [{"Node Type": "Nested Loop", "Parent Relationship": "Outer", "Join Type": "Inner", "Startup Cost": 4841.46, "Total Cost": 164956.1, "Plan Rows": 4, "Plan Width": 46, "Inner Unique": false, "Plans": [{"Node Type": "Index Scan", "Parent Relationship": "Outer", "Scan Direction": "Forward", "Index Name": "info_type_pkey", "Relation Name": "info_type", "Alias": "it1", "Startup Cost": 0.0, "Total Cost": 14.21, "Plan Rows": 1, "Plan Width": 4, "Filter": "((info)::text = 'release dates'::text)"}, {"Node Type": "Bitmap Heap Scan", "Parent Relationship": "Inner", "Relation Name": "movie_info", "Alias": "mi", "Startup Cost": 4841.46, "Total Cost": 164941.85, "Plan Rows": 4, "Plan Width": 50, "Recheck Cond": "(info_type_id = it1.id)", "Filter": "((info IS NOT NULL) AND ((note)::text ~~ '%internet%'::text) AND (((info)::text ~~ 'USA:% 199%'::text) OR ((info)::text ~~ 'USA:% 200%'::text)))", "Plans": [{"Node Type": "Bitmap Index Scan", "Parent Relationship": "Outer", "Index Name": "info_type_id_movie_info", "Startup Cost": 0.0, "Total Cost": 4841.46, "Plan Rows": 212428, "Plan Width": 0, "Index Cond": "(info_type_id = it1.id)"}]}]}, {"Node Type": "Index Only Scan", "Parent Relationship": "Inner", "Scan Direction": "Forward", "Index Name": "movie_id_aka_title", "Relation Name": "aka_title", "Alias": "at", "Startup Cost": 0.0, "Total Cost": 3.82, "Plan Rows": 3, "Plan Width": 4, "Index Cond": "(movie_id = mi.movie_id)"}]}, {"Node Type": "Index Scan", "Parent Relationship": "Inner", "Scan Direction": "Forward", "Index Name": "movie_id_movie_companies", "Relation Name": "movie_companies", "Alias": "mc", "Startup Cost": 0.0, "Total Cost": 0.57, "Plan Rows": 2, "Plan Width": 12, "Index Cond": "(movie_id = at.movie_id)"}]}, {"Node Type": "Index Scan", "Parent Relationship": "Inner", "Scan Direction": "Forward", "Index Name": "company_name_pkey", "Relation Name": "company_name", "Alias": "cn", "Startup Cost": 0.0, "Total Cost": 0.28, "Plan Rows": 1, "Plan Width": 4, "Index Cond": "(id = mc.company_id)", "Filter": "((country_code)::text = '[us]'::text)"}]}, {"Node Type": "Index Only Scan", "Parent Relationship": "Inner", "Scan Direction": "Forward", "Index Name": "company_type_pkey", "Relation Name": "company_type", "Alias": "ct", "Startup Cost": 0.0, "Total Cost": 0.27, "Plan Rows": 1, "Plan Width": 4, "Index Cond": "(id = mc.company_type_id)"}]}, {"Node Type": "Index Scan", "Parent Relationship": "Inner", "Scan Direction": "Forward", "Index Name": "title_pkey", "Relation Name": "title", "Alias": "t", "Startup Cost": 0.0, "Total Cost": 0.34, "Plan Rows": 1, "Plan Width": 21, "Index Cond": "(id = mc.movie_id)", "Filter": "(production_year > 1990)"}]}, {"Node Type": "Index Scan", "Parent Relationship": "Inner", "Scan Direction": "Forward", "Index Name": "movie_id_movie_keyword", "Relation Name": "movie_keyword", "Alias": "mk", "Startup Cost": 0.0, "Total Cost": 0.46, "Plan Rows": 8, "Plan Width": 8, "Index Cond": "(movie_id = mc.movie_id)"}]}, {"Node Type": "Index Only Scan", "Parent Relationship": "Inner", "Scan Direction": "Forward", "Index Name": "keyword_pkey", "Relation Name": "keyword", "Alias": "k", "Startup Cost": 0.0, "Total Cost": 0.27, "Plan Rows": 1, "Plan Width": 4, "Index Cond": "(id = mk.keyword_id)"}]}]}, "Unique SQL Id": 2846462052}, "explain_analyze_plan": null}, "(16, 98)": {"explain_plan": {"Plan": {"Node Type": "Aggregate", "Strategy": "Plain", "Startup Cost": 41658.52, "Total Cost": 41658.53, "Plan Rows": 1, "Plan Width": 123, "Plans": [{"Node Type": "Nested Loop", "Parent Relationship": "Outer", "Join Type": "Inner", "Startup Cost": 7.95, "Total Cost": 41657.86, "Plan Rows": 132, "Plan Width": 59, "Inner Unique": true, "Join Filter": "(at.movie_id = t.id)", "Plans": [{"Node Type": "Nested Loop", "Parent Relationship": "Outer", "Join Type": "Inner", "Startup Cost": 7.68, "Total Cost": 41249.99, "Plan Rows": 95, "Plan Width": 58, "Inner Unique": true, "Plans": [{"Node Type": "Nested Loop", "Parent Relationship": "Outer", "Join Type": "Inner", "Startup Cost": 7.43, "Total Cost": 40834.8, "Plan Rows": 97, "Plan Width": 62, "Inner Unique": false, "Join Filter": "(at.movie_id = mk.movie_id)", "Plans": [{"Node Type": "Nested Loop", "Parent Relationship": "Outer", "Join Type": "Inner", "Startup Cost": 7.09, "Total Cost": 40780.35, "Plan Rows": 12, "Plan Width": 54, "Inner Unique": true, "Plans": [{"Node Type": "Nested Loop", "Parent Relationship": "Outer", "Join Type": "Inner", "Startup Cost": 6.83, "Total Cost": 40728.98, "Plan Rows": 12, "Plan Width": 58, "Inner Unique": true, "Plans": [{"Node Type": "Nested Loop", "Parent Relationship": "Outer", "Join Type": "Inner", "Startup Cost": 6.57, "Total Cost": 40643.32, "Plan Rows": 20, "Plan Width": 62, "Inner Unique": false, "Plans": [{"Node Type": "Nested Loop", "Parent Relationship": "Outer", "Join Type": "Inner", "Startup Cost": 6.2, "Total Cost": 40603.57, "Plan Rows": 9, "Plan Width": 50, "Inner Unique": false, "Plans": [{"Node Type": "Hash Join", "Parent Relationship": "Outer", "Join Type": "Inner", "Startup Cost": 2.41, "Total Cost": 40540.94, "Plan Rows": 4, "Plan Width": 46, "Inner Unique": true, "Hash Cond": "(mi.info_type_id = it1.id)", "Plans": [{"Node Type": "Streaming(type: LOCAL GATHER dop: 1/16)", "Parent Relationship": "Outer", "Startup Cost": 0.0, "Total Cost": 40537.53, "Plan Rows": 255, "Plan Width": 50, "Plans": [{"Node Type": "Seq Scan", "Parent Relationship": "Outer", "Relation Name": "movie_info", "Alias": "mi", "Startup Cost": 0.0, "Total Cost": 40532.03, "Plan Rows": 255, "Plan Width": 50, "Filter": "((info IS NOT NULL) AND ((note)::text ~~ '%internet%'::text) AND (((info)::text ~~ 'USA:% 199%'::text) OR ((info)::text ~~ 'USA:% 200%'::text)))"}]}, {"Node Type": "Hash", "Parent Relationship": "Inner", "Startup Cost": 2.4, "Total Cost": 2.4, "Plan Rows": 1, "Plan Width": 4, "Plans": [{"Node Type": "Seq Scan", "Parent Relationship": "Outer", "Relation Name": "info_type", "Alias": "it1", "Startup Cost": 0.0, "Total Cost": 2.4, "Plan Rows": 1, "Plan Width": 4, "Filter": "((info)::text = 'release dates'::text)"}]}]}, {"Node Type": "Bitmap Heap Scan", "Parent Relationship": "Inner", "Relation Name": "aka_title", "Alias": "at", "Startup Cost": 3.79, "Total Cost": 15.63, "Plan Rows": 3, "Plan Width": 4, "Recheck Cond": "(movie_id = mi.movie_id)", "Plans": [{"Node Type": "Bitmap Index Scan", "Parent Relationship": "Outer", "Index Name": "movie_id_aka_title", "Startup Cost": 0.0, "Total Cost": 3.79, "Plan Rows": 3, "Plan Width": 0, "Index Cond": "(movie_id = mi.movie_id)"}]}]}, {"Node Type": "Bitmap Heap Scan", "Parent Relationship": "Inner", "Relation Name": "movie_companies", "Alias": "mc", "Startup Cost": 0.37, "Total Cost": 4.4, "Plan Rows": 2, "Plan Width": 12, "Recheck Cond": "(movie_id = at.movie_id)", "Plans": [{"Node Type": "Bitmap Index Scan", "Parent Relationship": "Outer", "Index Name": "movie_id_movie_companies", "Startup Cost": 0.0, "Total Cost": 0.37, "Plan Rows": 2, "Plan Width": 0, "Index Cond": "(movie_id = at.movie_id)"}]}]}, {"Node Type": "Bitmap Heap Scan", "Parent Relationship": "Inner", "Relation Name": "company_name", "Alias": "cn", "Startup Cost": 0.26, "Total Cost": 4.27, "Plan Rows": 1, "Plan Width": 4, "Recheck Cond": "(id = mc.company_id)", "Filter": "((country_code)::text = '[us]'::text)", "Plans": [{"Node Type": "Bitmap Index Scan", "Parent Relationship": "Outer", "Index Name": "company_name_pkey", "Startup Cost": 0.0, "Total Cost": 0.26, "Plan Rows": 1, "Plan Width": 0, "Index Cond": "(id = mc.company_id)"}]}]}, {"Node Type": "Bitmap Heap Scan", "Parent Relationship": "Inner", "Relation Name": "company_type", "Alias": "ct", "Startup Cost": 0.26, "Total Cost": 4.27, "Plan Rows": 1, "Plan Width": 4, "Recheck Cond": "(id = mc.company_type_id)", "Plans": [{"Node Type": "Bitmap Index Scan", "Parent Relationship": "Outer", "Index Name": "company_type_pkey", "Startup Cost": 0.0, "Total Cost": 0.26, "Plan Rows": 1, "Plan Width": 0, "Index Cond": "(id = mc.company_type_id)"}]}]}, {"Node Type": "Bitmap Heap Scan", "Parent Relationship": "Inner", "Relation Name": "movie_keyword", "Alias": "mk", "Startup Cost": 0.34, "Total Cost": 4.44, "Plan Rows": 8, "Plan Width": 8, "Recheck Cond": "(movie_id = mc.movie_id)", "Plans": [{"Node Type": "Bitmap Index Scan", "Parent Relationship": "Outer", "Index Name": "movie_id_movie_keyword", "Startup Cost": 0.0, "Total Cost": 0.34, "Plan Rows": 8, "Plan Width": 0, "Index Cond": "(movie_id = mc.movie_id)"}]}]}, {"Node Type": "Bitmap Heap Scan", "Parent Relationship": "Inner", "Relation Name": "keyword", "Alias": "k", "Startup Cost": 0.26, "Total Cost": 4.27, "Plan Rows": 1, "Plan Width": 4, "Recheck Cond": "(id = mk.keyword_id)", "Plans": [{"Node Type": "Bitmap Index Scan", "Parent Relationship": "Outer", "Index Name": "keyword_pkey", "Startup Cost": 0.0, "Total Cost": 0.26, "Plan Rows": 1, "Plan Width": 0, "Index Cond": "(id = mk.keyword_id)"}]}]}, {"Node Type": "Bitmap Heap Scan", "Parent Relationship": "Inner", "Relation Name": "title", "Alias": "t", "Startup Cost": 0.27, "Total Cost": 4.28, "Plan Rows": 1, "Plan Width": 21, "Recheck Cond": "(id = mk.movie_id)", "Filter": "(production_year > 1990)", "Plans": [{"Node Type": "Bitmap Index Scan", "Parent Relationship": "Outer", "Index Name": "title_pkey", "Startup Cost": 0.0, "Total Cost": 0.27, "Plan Rows": 1, "Plan Width": 0, "Index Cond": "(id = mk.movie_id)"}]}]}]}, "Unique SQL Id": 2846462052}, "explain_analyze_plan": {"Plan": {"Node Type": "Aggregate", "Strategy": "Plain", "Startup Cost": 41658.52, "Total Cost": 41658.53, "Plan Rows": 1, "Plan Width": 123, "Actual Min Startup Time": 330.773, "Actual Max Startup Time": 330.773, "Actual Min Total Time": 330.773, "Actual Max Total Time": 330.773, "Actual Total Rows": 1, "Plans": [{"Node Type": "Nested Loop", "Parent Relationship": "Outer", "Join Type": "Inner", "Startup Cost": 7.95, "Total Cost": 41657.86, "Plan Rows": 132, "Plan Width": 59, "Actual Min Startup Time": 146.011, "Actual Max Startup Time": 146.011, "Actual Min Total Time": 329.78, "Actual Max Total Time": 329.78, "Actual Total Rows": 1140, "Inner Unique": true, "Join Filter": "(at.movie_id = t.id)", "Rows Removed by Join Filter": 0, "Plans": [{"Node Type": "Nested Loop", "Parent Relationship": "Outer", "Join Type": "Inner", "Startup Cost": 7.68, "Total Cost": 41249.99, "Plan Rows": 95, "Plan Width": 58, "Actual Min Startup Time": 145.967, "Actual Max Startup Time": 145.967, "Actual Min Total Time": 323.387, "Actual Max Total Time": 323.387, "Actual Total Rows": 1140, "Inner Unique": true, "Plans": [{"Node Type": "Nested Loop", "Parent Relationship": "Outer", "Join Type": "Inner", "Startup Cost": 7.43, "Total Cost": 40834.8, "Plan Rows": 97, "Plan Width": 62, "Actual Min Startup Time": 145.951, "Actual Max Startup Time": 145.951, "Actual Min Total Time": 316.493, "Actual Max Total Time": 316.493, "Actual Total Rows": 1140, "Inner Unique": false, "Join Filter": "(at.movie_id = mk.movie_id)", "Rows Removed by Join Filter": 0, "Plans": [{"Node Type": "Nested Loop", "Parent Relationship": "Outer", "Join Type": "Inner", "Startup Cost": 7.09, "Total Cost": 40780.35, "Plan Rows": 12, "Plan Width": 54, "Actual Min Startup Time": 145.93, "Actual Max Startup Time": 145.93, "Actual Min Total Time": 314.819, "Actual Max Total Time": 314.819, "Actual Total Rows": 119, "Inner Unique": true, "Plans": [{"Node Type": "Nested Loop", "Parent Relationship": "Outer", "Join Type": "Inner", "Startup Cost": 6.83, "Total Cost": 40728.98, "Plan Rows": 12, "Plan Width": 58, "Actual Min Startup Time": 145.903, "Actual Max Startup Time": 145.903, "Actual Min Total Time": 313.902, "Actual Max Total Time": 313.902, "Actual Total Rows": 284, "Inner Unique": true, "Plans": [{"Node Type": "Nested Loop", "Parent Relationship": "Outer", "Join Type": "Inner", "Startup Cost": 6.57, "Total Cost": 40643.32, "Plan Rows": 20, "Plan Width": 62, "Actual Min Startup Time": 145.878, "Actual Max Startup Time": 145.878, "Actual Min Total Time": 311.163, "Actual Max Total Time": 311.163, "Actual Total Rows": 400, "Inner Unique": false, "Plans": [{"Node Type": "Nested Loop", "Parent Relationship": "Outer", "Join Type": "Inner", "Startup Cost": 6.2, "Total Cost": 40603.57, "Plan Rows": 9, "Plan Width": 50, "Actual Min Startup Time": 145.852, "Actual Max Startup Time": 145.852, "Actual Min Total Time": 309.505, "Actual Max Total Time": 309.505, "Actual Total Rows": 120, "Inner Unique": false, "Plans": [{"Node Type": "Hash Join", "Parent Relationship": "Outer", "Join Type": "Inner", "Startup Cost": 2.41, "Total Cost": 40540.94, "Plan Rows": 4, "Plan Width": 46, "Actual Min Startup Time": 145.615, "Actual Max Startup Time": 145.615, "Actual Min Total Time": 300.977, "Actual Max Total Time": 300.977, "Actual Total Rows": 1783, "Inner Unique": true, "Hash Cond": "(mi.info_type_id = it1.id)", "Plans": [{"Node Type": "Streaming(type: LOCAL GATHER dop: 1/16)", "Parent Relationship": "Outer", "Startup Cost": 0.0, "Total Cost": 40537.53, "Plan Rows": 255, "Plan Width": 50, "Actual Min Startup Time": 145.421, "Actual Max Startup Time": 145.421, "Actual Min Total Time": 299.743, "Actual Max Total Time": 299.743, "Actual Total Rows": 1783, "Plans": [{"Node Type": "Seq Scan", "Parent Relationship": "Outer", "Relation Name": "movie_info", "Alias": "mi", "Startup Cost": 0.0, "Total Cost": 40532.03, "Plan Rows": 255, "Plan Width": 50, "Actual Min Startup Time": 80.921, "Actual Max Startup Time": 88.993, "Actual Min Total Time": 294.751, "Actual Max Total Time": 303.263, "Actual Total Rows": 1783, "Filter": "((info IS NOT NULL) AND ((note)::text ~~ '%internet%'::text) AND (((info)::text ~~ 'USA:% 199%'::text) OR ((info)::text ~~ 'USA:% 200%'::text)))", "Rows Removed by Filter": 14833936}]}, {"Node Type": "Hash", "Parent Relationship": "Inner", "Startup Cost": 2.4, "Total Cost": 2.4, "Plan Rows": 1, "Plan Width": 4, "Actual Min Startup Time": 0.107, "Actual Max Startup Time": 0.107, "Actual Min Total Time": 0.107, "Actual Max Total Time": 0.107, "Actual Total Rows": 1, "Max Hash Buckets": 32768, "Min Hash Buckets": 32768, "Max Hash Batches": 1, "Min Hash Batches": 1, "Max Original Hash Batches": 1, "Min Original Hash Batches": 1, "Max Peak Memory Usage": 1, "min Peak Memory Usage": 1, "Plans": [{"Node Type": "Seq Scan", "Parent Relationship": "Outer", "Relation Name": "info_type", "Alias": "it1", "Startup Cost": 0.0, "Total Cost": 2.4, "Plan Rows": 1, "Plan Width": 4, "Actual Min Startup Time": 0.07, "Actual Max Startup Time": 0.07, "Actual Min Total Time": 0.091, "Actual Max Total Time": 0.091, "Actual Total Rows": 1, "Filter": "((info)::text = 'release dates'::text)", "Rows Removed by Filter": 111}]}]}, {"Node Type": "Bitmap Heap Scan", "Parent Relationship": "Inner", "Relation Name": "aka_title", "Alias": "at", "Startup Cost": 3.79, "Total Cost": 15.63, "Plan Rows": 3, "Plan Width": 4, "Actual Min Startup Time": 6.396, "Actual Max Startup Time": 6.396, "Actual Min Total Time": 6.485, "Actual Max Total Time": 6.485, "Actual Total Rows": 120, "Recheck Cond": "(movie_id = mi.movie_id)", "Rows Removed by Index Recheck": 0, "Exact Heap Blocks": 120, "Lossy Heap Blocks": 120, "Plans": [{"Node Type": "Bitmap Index Scan", "Parent Relationship": "Outer", "Index Name": "movie_id_aka_title", "Startup Cost": 0.0, "Total Cost": 3.79, "Plan Rows": 3, "Plan Width": 0, "Actual Min Startup Time": 5.261, "Actual Max Startup Time": 5.261, "Actual Min Total Time": 5.261, "Actual Max Total Time": 5.261, "Actual Total Rows": 120, "Index Cond": "(movie_id = mi.movie_id)"}]}]}, {"Node Type": "Bitmap Heap Scan", "Parent Relationship": "Inner", "Relation Name": "movie_companies", "Alias": "mc", "Startup Cost": 0.37, "Total Cost": 4.4, "Plan Rows": 2, "Plan Width": 12, "Actual Min Startup Time": 1.125, "Actual Max Startup Time": 1.125, "Actual Min Total Time": 1.374, "Actual Max Total Time": 1.374, "Actual Total Rows": 400, "Recheck Cond": "(movie_id = at.movie_id)", "Rows Removed by Index Recheck": 0, "Exact Heap Blocks": 214, "Lossy Heap Blocks": 214, "Plans": [{"Node Type": "Bitmap Index Scan", "Parent Relationship": "Outer", "Index Name": "movie_id_movie_companies", "Startup Cost": 0.0, "Total Cost": 0.37, "Plan Rows": 2, "Plan Width": 0, "Actual Min Startup Time": 0.685, "Actual Max Startup Time": 0.685, "Actual Min Total Time": 0.685, "Actual Max Total Time": 0.685, "Actual Total Rows": 400, "Index Cond": "(movie_id = at.movie_id)"}]}]}, {"Node Type": "Bitmap Heap Scan", "Parent Relationship": "Inner", "Relation Name": "company_name", "Alias": "cn", "Startup Cost": 0.26, "Total Cost": 4.27, "Plan Rows": 1, "Plan Width": 4, "Actual Min Startup Time": 2.195, "Actual Max Startup Time": 2.195, "Actual Min Total Time": 2.195, "Actual Max Total Time": 2.195, "Actual Total Rows": 284, "Recheck Cond": "(id = mc.company_id)", "Rows Removed by Index Recheck": 0, "Filter": "((country_code)::text = '[us]'::text)", "Rows Removed by Filter": 116, "Exact Heap Blocks": 400, "Lossy Heap Blocks": 400, "Plans": [{"Node Type": "Bitmap Index Scan", "Parent Relationship": "Outer", "Index Name": "company_name_pkey", "Startup Cost": 0.0, "Total Cost": 0.26, "Plan Rows": 1, "Plan Width": 0, "Actual Min Startup Time": 1.229, "Actual Max Startup Time": 1.229, "Actual Min Total Time": 1.229, "Actual Max Total Time": 1.229, "Actual Total Rows": 400, "Index Cond": "(id = mc.company_id)"}]}]}, {"Node Type": "Bitmap Heap Scan", "Parent Relationship": "Inner", "Relation Name": "company_type", "Alias": "ct", "Startup Cost": 0.26, "Total Cost": 4.27, "Plan Rows": 1, "Plan Width": 4, "Actual Min Startup Time": 0.543, "Actual Max Startup Time": 0.543, "Actual Min Total Time": 0.543, "Actual Max Total Time": 0.543, "Actual Total Rows": 119, "Recheck Cond": "(id = mc.company_type_id)", "Rows Removed by Index Recheck": 0, "Exact Heap Blocks": 119, "Lossy Heap Blocks": 119, "Plans": [{"Node Type": "Bitmap Index Scan", "Parent Relationship": "Outer", "Index Name": "company_type_pkey", "Startup Cost": 0.0, "Total Cost": 0.26, "Plan Rows": 1, "Plan Width": 0, "Actual Min Startup Time": 0.278, "Actual Max Startup Time": 0.278, "Actual Min Total Time": 0.278, "Actual Max Total Time": 0.278, "Actual Total Rows": 119, "Index Cond": "(id = mc.company_type_id)"}]}]}, {"Node Type": "Bitmap Heap Scan", "Parent Relationship": "Inner", "Relation Name": "movie_keyword", "Alias": "mk", "Startup Cost": 0.34, "Total Cost": 4.44, "Plan Rows": 8, "Plan Width": 8, "Actual Min Startup Time": 0.916, "Actual Max Startup Time": 0.916, "Actual Min Total Time": 1.115, "Actual Max Total Time": 1.115, "Actual Total Rows": 1140, "Recheck Cond": "(movie_id = mc.movie_id)", "Rows Removed by Index Recheck": 0, "Exact Heap Blocks": 91, "Lossy Heap Blocks": 91, "Plans": [{"Node Type": "Bitmap Index Scan", "Parent Relationship": "Outer", "Index Name": "movie_id_movie_keyword", "Startup Cost": 0.0, "Total Cost": 0.34, "Plan Rows": 8, "Plan Width": 0, "Actual Min Startup Time": 0.592, "Actual Max Startup Time": 0.592, "Actual Min Total Time": 0.592, "Actual Max Total Time": 0.592, "Actual Total Rows": 1140, "Index Cond": "(movie_id = mc.movie_id)"}]}]}, {"Node Type": "Bitmap Heap Scan", "Parent Relationship": "Inner", "Relation Name": "keyword", "Alias": "k", "Startup Cost": 0.26, "Total Cost": 4.27, "Plan Rows": 1, "Plan Width": 4, "Actual Min Startup Time": 5.281, "Actual Max Startup Time": 5.281, "Actual Min Total Time": 5.281, "Actual Max Total Time": 5.281, "Actual Total Rows": 1140, "Recheck Cond": "(id = mk.keyword_id)", "Rows Removed by Index Recheck": 0, "Exact Heap Blocks": 1140, "Lossy Heap Blocks": 1140, "Plans": [{"Node Type": "Bitmap Index Scan", "Parent Relationship": "Outer", "Index Name": "keyword_pkey", "Startup Cost": 0.0, "Total Cost": 0.26, "Plan Rows": 1, "Plan Width": 0, "Actual Min Startup Time": 3.299, "Actual Max Startup Time": 3.299, "Actual Min Total Time": 3.299, "Actual Max Total Time": 3.299, "Actual Total Rows": 1140, "Index Cond": "(id = mk.keyword_id)"}]}]}, {"Node Type": "Bitmap Heap Scan", "Parent Relationship": "Inner", "Relation Name": "title", "Alias": "t", "Startup Cost": 0.27, "Total Cost": 4.28, "Plan Rows": 1, "Plan Width": 21, "Actual Min Startup Time": 4.666, "Actual Max Startup Time": 4.666, "Actual Min Total Time": 4.666, "Actual Max Total Time": 4.666, "Actual Total Rows": 1140, "Recheck Cond": "(id = mk.movie_id)", "Rows Removed by Index Recheck": 0, "Filter": "(production_year > 1990)", "Rows Removed by Filter": 0, "Exact Heap Blocks": 1140, "Lossy Heap Blocks": 1140, "Plans": [{"Node Type": "Bitmap Index Scan", "Parent Relationship": "Outer", "Index Name": "title_pkey", "Startup Cost": 0.0, "Total Cost": 0.27, "Plan Rows": 1, "Plan Width": 0, "Actual Min Startup Time": 2.844, "Actual Max Startup Time": 2.844, "Actual Min Total Time": 2.844, "Actual Max Total Time": 2.844, "Actual Total Rows": 1140, "Index Cond": "(id = mk.movie_id)"}]}]}]}, "Triggers": [], "Planner Runtime": 297.749, "Total Runtime": 334.049, "Unique SQL Id": 2846462052}}, "(16, 99)": {"explain_plan": {"Plan": {"Node Type": "Aggregate", "Strategy": "Plain", "Startup Cost": 166073.69, "Total Cost": 166073.7, "Plan Rows": 1, "Plan Width": 123, "Plans": [{"Node Type": "Nested Loop", "Parent Relationship": "Outer", "Join Type": "Inner", "Startup Cost": 4855.81, "Total Cost": 166073.03, "Plan Rows": 132, "Plan Width": 59, "Inner Unique": true, "Join Filter": "(at.movie_id = t.id)", "Plans": [{"Node Type": "Nested Loop", "Parent Relationship": "Outer", "Join Type": "Inner", "Startup Cost": 4855.54, "Total Cost": 165665.15, "Plan Rows": 95, "Plan Width": 58, "Inner Unique": true, "Plans": [{"Node Type": "Nested Loop", "Parent Relationship": "Outer", "Join Type": "Inner", "Startup Cost": 4855.28, "Total Cost": 165249.97, "Plan Rows": 97, "Plan Width": 62, "Inner Unique": false, "Join Filter": "(at.movie_id = mk.movie_id)", "Plans": [{"Node Type": "Nested Loop", "Parent Relationship": "Outer", "Join Type": "Inner", "Startup Cost": 4854.95, "Total Cost": 165195.51, "Plan Rows": 12, "Plan Width": 54, "Inner Unique": true, "Plans": [{"Node Type": "Nested Loop", "Parent Relationship": "Outer", "Join Type": "Inner", "Startup Cost": 4854.69, "Total Cost": 165144.15, "Plan Rows": 12, "Plan Width": 58, "Inner Unique": true, "Plans": [{"Node Type": "Nested Loop", "Parent Relationship": "Outer", "Join Type": "Inner", "Startup Cost": 4854.43, "Total Cost": 165058.48, "Plan Rows": 20, "Plan Width": 62, "Inner Unique": false, "Plans": [{"Node Type": "Nested Loop", "Parent Relationship": "Outer", "Join Type": "Inner", "Startup Cost": 4854.06, "Total Cost": 165018.73, "Plan Rows": 9, "Plan Width": 50, "Inner Unique": false, "Plans": [{"Node Type": "Nested Loop", "Parent Relationship": "Outer", "Join Type": "Inner", "Startup Cost": 4850.27, "Total Cost": 164956.1, "Plan Rows": 4, "Plan Width": 46, "Inner Unique": false, "Plans": [{"Node Type": "Bitmap Heap Scan", "Parent Relationship": "Outer", "Relation Name": "info_type", "Alias": "it1", "Startup Cost": 8.81, "Total Cost": 14.21, "Plan Rows": 1, "Plan Width": 4, "Filter": "((info)::text = 'release dates'::text)", "Plans": [{"Node Type": "Bitmap Index Scan", "Parent Relationship": "Outer", "Index Name": "info_type_pkey", "Startup Cost": 0.0, "Total Cost": 8.81, "Plan Rows": 112, "Plan Width": 0}]}, {"Node Type": "Bitmap Heap Scan", "Parent Relationship": "Inner", "Relation Name": "movie_info", "Alias": "mi", "Startup Cost": 4841.46, "Total Cost": 164941.85, "Plan Rows": 4, "Plan Width": 50, "Recheck Cond": "(info_type_id = it1.id)", "Filter": "((info IS NOT NULL) AND ((note)::text ~~ '%internet%'::text) AND (((info)::text ~~ 'USA:% 199%'::text) OR ((info)::text ~~ 'USA:% 200%'::text)))", "Plans": [{"Node Type": "Bitmap Index Scan", "Parent Relationship": "Outer", "Index Name": "info_type_id_movie_info", "Startup Cost": 0.0, "Total Cost": 4841.46, "Plan Rows": 212428, "Plan Width": 0, "Index Cond": "(info_type_id = it1.id)"}]}]}, {"Node Type": "Bitmap Heap Scan", "Parent Relationship": "Inner", "Relation Name": "aka_title", "Alias": "at", "Startup Cost": 3.79, "Total Cost": 15.63, "Plan Rows": 3, "Plan Width": 4, "Recheck Cond": "(movie_id = mi.movie_id)", "Plans": [{"Node Type": "Bitmap Index Scan", "Parent Relationship": "Outer", "Index Name": "movie_id_aka_title", "Startup Cost": 0.0, "Total Cost": 3.79, "Plan Rows": 3, "Plan Width": 0, "Index Cond": "(movie_id = mi.movie_id)"}]}]}, {"Node Type": "Bitmap Heap Scan", "Parent Relationship": "Inner", "Relation Name": "movie_companies", "Alias": "mc", "Startup Cost": 0.37, "Total Cost": 4.4, "Plan Rows": 2, "Plan Width": 12, "Recheck Cond": "(movie_id = at.movie_id)", "Plans": [{"Node Type": "Bitmap Index Scan", "Parent Relationship": "Outer", "Index Name": "movie_id_movie_companies", "Startup Cost": 0.0, "Total Cost": 0.37, "Plan Rows": 2, "Plan Width": 0, "Index Cond": "(movie_id = at.movie_id)"}]}]}, {"Node Type": "Bitmap Heap Scan", "Parent Relationship": "Inner", "Relation Name": "company_name", "Alias": "cn", "Startup Cost": 0.26, "Total Cost": 4.27, "Plan Rows": 1, "Plan Width": 4, "Recheck Cond": "(id = mc.company_id)", "Filter": "((country_code)::text = '[us]'::text)", "Plans": [{"Node Type": "Bitmap Index Scan", "Parent Relationship": "Outer", "Index Name": "company_name_pkey", "Startup Cost": 0.0, "Total Cost": 0.26, "Plan Rows": 1, "Plan Width": 0, "Index Cond": "(id = mc.company_id)"}]}]}, {"Node Type": "Bitmap Heap Scan", "Parent Relationship": "Inner", "Relation Name": "company_type", "Alias": "ct", "Startup Cost": 0.26, "Total Cost": 4.27, "Plan Rows": 1, "Plan Width": 4, "Recheck Cond": "(id = mc.company_type_id)", "Plans": [{"Node Type": "Bitmap Index Scan", "Parent Relationship": "Outer", "Index Name": "company_type_pkey", "Startup Cost": 0.0, "Total Cost": 0.26, "Plan Rows": 1, "Plan Width": 0, "Index Cond": "(id = mc.company_type_id)"}]}]}, {"Node Type": "Bitmap Heap Scan", "Parent Relationship": "Inner", "Relation Name": "movie_keyword", "Alias": "mk", "Startup Cost": 0.34, "Total Cost": 4.44, "Plan Rows": 8, "Plan Width": 8, "Recheck Cond": "(movie_id = mc.movie_id)", "Plans": [{"Node Type": "Bitmap Index Scan", "Parent Relationship": "Outer", "Index Name": "movie_id_movie_keyword", "Startup Cost": 0.0, "Total Cost": 0.34, "Plan Rows": 8, "Plan Width": 0, "Index Cond": "(movie_id = mc.movie_id)"}]}]}, {"Node Type": "Bitmap Heap Scan", "Parent Relationship": "Inner", "Relation Name": "keyword", "Alias": "k", "Startup Cost": 0.26, "Total Cost": 4.27, "Plan Rows": 1, "Plan Width": 4, "Recheck Cond": "(id = mk.keyword_id)", "Plans": [{"Node Type": "Bitmap Index Scan", "Parent Relationship": "Outer", "Index Name": "keyword_pkey", "Startup Cost": 0.0, "Total Cost": 0.26, "Plan Rows": 1, "Plan Width": 0, "Index Cond": "(id = mk.keyword_id)"}]}]}, {"Node Type": "Bitmap Heap Scan", "Parent Relationship": "Inner", "Relation Name": "title", "Alias": "t", "Startup Cost": 0.27, "Total Cost": 4.28, "Plan Rows": 1, "Plan Width": 21, "Recheck Cond": "(id = mk.movie_id)", "Filter": "(production_year > 1990)", "Plans": [{"Node Type": "Bitmap Index Scan", "Parent Relationship": "Outer", "Index Name": "title_pkey", "Startup Cost": 0.0, "Total Cost": 0.27, "Plan Rows": 1, "Plan Width": 0, "Index Cond": "(id = mk.movie_id)"}]}]}]}, "Unique SQL Id": 2846462052}, "explain_analyze_plan": null}, "(16, 100)": {"explain_plan": {"Plan": {"Node Type": "Aggregate", "Strategy": "Plain", "Startup Cost": 40714.36, "Total Cost": 40714.37, "Plan Rows": 1, "Plan Width": 123, "Plans": [{"Node Type": "Nested Loop", "Parent Relationship": "Outer", "Join Type": "Inner", "Startup Cost": 0.0, "Total Cost": 40713.7, "Plan Rows": 132, "Plan Width": 59, "Inner Unique": true, "Plans": [{"Node Type": "Nested Loop", "Parent Relationship": "Outer", "Join Type": "Inner", "Startup Cost": 0.0, "Total Cost": 40676.09, "Plan Rows": 134, "Plan Width": 63, "Inner Unique": false, "Join Filter": "(t.id = mk.movie_id)", "Plans": [{"Node Type": "Nested Loop", "Parent Relationship": "Outer", "Join Type": "Inner", "Startup Cost": 0.0, "Total Cost": 40666.53, "Plan Rows": 17, "Plan Width": 75, "Inner Unique": false, "Plans": [{"Node Type": "Nested Loop", "Parent Relationship": "Outer", "Join Type": "Inner", "Startup Cost": 0.0, "Total Cost": 40662.97, "Plan Rows": 10, "Plan Width": 71, "Inner Unique": true, "Plans": [{"Node Type": "Nested Loop", "Parent Relationship": "Outer", "Join Type": "Inner", "Startup Cost": 0.0, "Total Cost": 40660.17, "Plan Rows": 10, "Plan Width": 75, "Inner Unique": true, "Plans": [{"Node Type": "Nested Loop", "Parent Relationship": "Outer", "Join Type": "Inner", "Startup Cost": 0.0, "Total Cost": 40656.72, "Plan Rows": 12, "Plan Width": 79, "Inner Unique": false, "Plans": [{"Node Type": "Nested Loop", "Parent Relationship": "Outer", "Join Type": "Inner", "Startup Cost": 0.0, "Total Cost": 40654.51, "Plan Rows": 6, "Plan Width": 67, "Inner Unique": true, "Plans": [{"Node Type": "Nested Loop", "Parent Relationship": "Outer", "Join Type": "Inner", "Startup Cost": 0.0, "Total Cost": 40621.57, "Plan Rows": 4, "Plan Width": 46, "Inner Unique": true, "Plans": [{"Node Type": "Streaming(type: LOCAL GATHER dop: 1/16)", "Parent Relationship": "Outer", "Startup Cost": 0.0, "Total Cost": 40537.53, "Plan Rows": 255, "Plan Width": 50, "Plans": [{"Node Type": "Seq Scan", "Parent Relationship": "Outer", "Relation Name": "movie_info", "Alias": "mi", "Startup Cost": 0.0, "Total Cost": 40532.03, "Plan Rows": 255, "Plan Width": 50, "Filter": "((info IS NOT NULL) AND ((note)::text ~~ '%internet%'::text) AND (((info)::text ~~ 'USA:% 199%'::text) OR ((info)::text ~~ 'USA:% 200%'::text)))"}]}, {"Node Type": "Index Scan", "Parent Relationship": "Inner", "Scan Direction": "Forward", "Index Name": "info_type_pkey", "Relation Name": "info_type", "Alias": "it1", "Startup Cost": 0.0, "Total Cost": 0.32, "Plan Rows": 1, "Plan Width": 4, "Index Cond": "(id = mi.info_type_id)", "Filter": "((info)::text = 'release dates'::text)"}]}, {"Node Type": "Index Scan", "Parent Relationship": "Inner", "Scan Direction": "Forward", "Index Name": "title_pkey", "Relation Name": "title", "Alias": "t", "Startup Cost": 0.0, "Total Cost": 8.23, "Plan Rows": 1, "Plan Width": 21, "Index Cond": "(id = mi.movie_id)", "Filter": "(production_year > 1990)"}]}, {"Node Type": "Index Scan", "Parent Relationship": "Inner", "Scan Direction": "Forward", "Index Name": "movie_id_movie_companies", "Relation Name": "movie_companies", "Alias": "mc", "Startup Cost": 0.0, "Total Cost": 0.35, "Plan Rows": 2, "Plan Width": 12, "Index Cond": "(movie_id = t.id)"}]}, {"Node Type": "Index Scan", "Parent Relationship": "Inner", "Scan Direction": "Forward", "Index Name": "company_name_pkey", "Relation Name": "company_name", "Alias": "cn", "Startup Cost": 0.0, "Total Cost": 0.28, "Plan Rows": 1, "Plan Width": 4, "Index Cond": "(id = mc.company_id)", "Filter": "((country_code)::text = '[us]'::text)"}]}, {"Node Type": "Index Scan", "Parent Relationship": "Inner", "Scan Direction": "Forward", "Index Name": "company_type_pkey", "Relation Name": "company_type", "Alias": "ct", "Startup Cost": 0.0, "Total Cost": 0.27, "Plan Rows": 1, "Plan Width": 4, "Index Cond": "(id = mc.company_type_id)"}]}, {"Node Type": "Index Scan", "Parent Relationship": "Inner", "Scan Direction": "Forward", "Index Name": "movie_id_aka_title", "Relation Name": "aka_title", "Alias": "at", "Startup Cost": 0.0, "Total Cost": 0.33, "Plan Rows": 3, "Plan Width": 4, "Index Cond": "(movie_id = t.id)"}]}, {"Node Type": "Index Scan", "Parent Relationship": "Inner", "Scan Direction": "Forward", "Index Name": "movie_id_movie_keyword", "Relation Name": "movie_keyword", "Alias": "mk", "Startup Cost": 0.0, "Total Cost": 0.46, "Plan Rows": 8, "Plan Width": 8, "Index Cond": "(movie_id = mc.movie_id)"}]}, {"Node Type": "Index Scan", "Parent Relationship": "Inner", "Scan Direction": "Forward", "Index Name": "keyword_pkey", "Relation Name": "keyword", "Alias": "k", "Startup Cost": 0.0, "Total Cost": 0.27, "Plan Rows": 1, "Plan Width": 4, "Index Cond": "(id = mk.keyword_id)"}]}]}, "Unique SQL Id": 2846462052}, "explain_analyze_plan": {"Plan": {"Node Type": "Aggregate", "Strategy": "Plain", "Startup Cost": 40714.36, "Total Cost": 40714.37, "Plan Rows": 1, "Plan Width": 123, "Actual Min Startup Time": 350.692, "Actual Max Startup Time": 350.692, "Actual Min Total Time": 350.692, "Actual Max Total Time": 350.692, "Actual Total Rows": 1, "Plans": [{"Node Type": "Nested Loop", "Parent Relationship": "Outer", "Join Type": "Inner", "Startup Cost": 0.0, "Total Cost": 40713.7, "Plan Rows": 132, "Plan Width": 59, "Actual Min Startup Time": 146.341, "Actual Max Startup Time": 146.341, "Actual Min Total Time": 349.782, "Actual Max Total Time": 349.782, "Actual Total Rows": 1140, "Inner Unique": true, "Plans": [{"Node Type": "Nested Loop", "Parent Relationship": "Outer", "Join Type": "Inner", "Startup Cost": 0.0, "Total Cost": 40676.09, "Plan Rows": 134, "Plan Width": 63, "Actual Min Startup Time": 146.328, "Actual Max Startup Time": 146.328, "Actual Min Total Time": 344.599, "Actual Max Total Time": 344.599, "Actual Total Rows": 1140, "Inner Unique": false, "Join Filter": "(t.id = mk.movie_id)", "Rows Removed by Join Filter": 0, "Plans": [{"Node Type": "Nested Loop", "Parent Relationship": "Outer", "Join Type": "Inner", "Startup Cost": 0.0, "Total Cost": 40666.53, "Plan Rows": 17, "Plan Width": 75, "Actual Min Startup Time": 146.311, "Actual Max Startup Time": 146.311, "Actual Min Total Time": 342.881, "Actual Max Total Time": 342.881, "Actual Total Rows": 119, "Inner Unique": false, "Plans": [{"Node Type": "Nested Loop", "Parent Relationship": "Outer", "Join Type": "Inner", "Startup Cost": 0.0, "Total Cost": 40662.97, "Plan Rows": 10, "Plan Width": 71, "Actual Min Startup Time": 145.791, "Actual Max Startup Time": 145.791, "Actual Min Total Time": 337.537, "Actual Max Total Time": 337.537, "Actual Total Rows": 1488, "Inner Unique": true, "Plans": [{"Node Type": "Nested Loop", "Parent Relationship": "Outer", "Join Type": "Inner", "Startup Cost": 0.0, "Total Cost": 40660.17, "Plan Rows": 10, "Plan Width": 75, "Actual Min Startup Time": 145.75, "Actual Max Startup Time": 145.75, "Actual Min Total Time": 332.292, "Actual Max Total Time": 332.292, "Actual Total Rows": 2647, "Inner Unique": true, "Plans": [{"Node Type": "Nested Loop", "Parent Relationship": "Outer", "Join Type": "Inner", "Startup Cost": 0.0, "Total Cost": 40656.72, "Plan Rows": 12, "Plan Width": 79, "Actual Min Startup Time": 145.734, "Actual Max Startup Time": 145.734, "Actual Min Total Time": 317.389, "Actual Max Total Time": 317.389, "Actual Total Rows": 2884, "Inner Unique": false, "Plans": [{"Node Type": "Nested Loop", "Parent Relationship": "Outer", "Join Type": "Inner", "Startup Cost": 0.0, "Total Cost": 40654.51, "Plan Rows": 6, "Plan Width": 67, "Actual Min Startup Time": 145.719, "Actual Max Startup Time": 145.719, "Actual Min Total Time": 304.488, "Actual Max Total Time": 304.488, "Actual Total Rows": 1782, "Inner Unique": true, "Plans": [{"Node Type": "Nested Loop", "Parent Relationship": "Outer", "Join Type": "Inner", "Startup Cost": 0.0, "Total Cost": 40621.57, "Plan Rows": 4, "Plan Width": 46, "Actual Min Startup Time": 145.699, "Actual Max Startup Time": 145.699, "Actual Min Total Time": 293.151, "Actual Max Total Time": 293.151, "Actual Total Rows": 1783, "Inner Unique": true, "Plans": [{"Node Type": "Streaming(type: LOCAL GATHER dop: 1/16)", "Parent Relationship": "Outer", "Startup Cost": 0.0, "Total Cost": 40537.53, "Plan Rows": 255, "Plan Width": 50, "Actual Min Startup Time": 145.615, "Actual Max Startup Time": 145.615, "Actual Min Total Time": 287.802, "Actual Max Total Time": 287.802, "Actual Total Rows": 1783, "Plans": [{"Node Type": "Seq Scan", "Parent Relationship": "Outer", "Relation Name": "movie_info", "Alias": "mi", "Startup Cost": 0.0, "Total Cost": 40532.03, "Plan Rows": 255, "Plan Width": 50, "Actual Min Startup Time": 80.82, "Actual Max Startup Time": 88.936, "Actual Min Total Time": 295.123, "Actual Max Total Time": 303.268, "Actual Total Rows": 1783, "Filter": "((info IS NOT NULL) AND ((note)::text ~~ '%internet%'::text) AND (((info)::text ~~ 'USA:% 199%'::text) OR ((info)::text ~~ 'USA:% 200%'::text)))", "Rows Removed by Filter": 14833936}]}, {"Node Type": "Index Scan", "Parent Relationship": "Inner", "Scan Direction": "Forward", "Index Name": "info_type_pkey", "Relation Name": "info_type", "Alias": "it1", "Startup Cost": 0.0, "Total Cost": 0.32, "Plan Rows": 1, "Plan Width": 4, "Actual Min Startup Time": 3.52, "Actual Max Startup Time": 3.52, "Actual Min Total Time": 3.52, "Actual Max Total Time": 3.52, "Actual Total Rows": 1783, "Index Cond": "(id = mi.info_type_id)", "Rows Removed by Index Recheck": 0, "Filter": "((info)::text = 'release dates'::text)", "Rows Removed by Filter": 0}]}, {"Node Type": "Index Scan", "Parent Relationship": "Inner", "Scan Direction": "Forward", "Index Name": "title_pkey", "Relation Name": "title", "Alias": "t", "Startup Cost": 0.0, "Total Cost": 8.23, "Plan Rows": 1, "Plan Width": 21, "Actual Min Startup Time": 9.572, "Actual Max Startup Time": 9.572, "Actual Min Total Time": 9.572, "Actual Max Total Time": 9.572, "Actual Total Rows": 1782, "Index Cond": "(id = mi.movie_id)", "Rows Removed by Index Recheck": 0, "Filter": "(production_year > 1990)", "Rows Removed by Filter": 1}]}, {"Node Type": "Index Scan", "Parent Relationship": "Inner", "Scan Direction": "Forward", "Index Name": "movie_id_movie_companies", "Relation Name": "movie_companies", "Alias": "mc", "Startup Cost": 0.0, "Total Cost": 0.35, "Plan Rows": 2, "Plan Width": 12, "Actual Min Startup Time": 8.803, "Actual Max Startup Time": 8.803, "Actual Min Total Time": 11.19, "Actual Max Total Time": 11.19, "Actual Total Rows": 2884, "Index Cond": "(movie_id = t.id)", "Rows Removed by Index Recheck": 0}]}, {"Node Type": "Index Scan", "Parent Relationship": "Inner", "Scan Direction": "Forward", "Index Name": "company_name_pkey", "Relation Name": "company_name", "Alias": "cn", "Startup Cost": 0.0, "Total Cost": 0.28, "Plan Rows": 1, "Plan Width": 4, "Actual Min Startup Time": 12.417, "Actual Max Startup Time": 12.417, "Actual Min Total Time": 12.417, "Actual Max Total Time": 12.417, "Actual Total Rows": 2647, "Index Cond": "(id = mc.company_id)", "Rows Removed by Index Recheck": 0, "Filter": "((country_code)::text = '[us]'::text)", "Rows Removed by Filter": 237}]}, {"Node Type": "Index Scan", "Parent Relationship": "Inner", "Scan Direction": "Forward", "Index Name": "company_type_pkey", "Relation Name": "company_type", "Alias": "ct", "Startup Cost": 0.0, "Total Cost": 0.27, "Plan Rows": 1, "Plan Width": 4, "Actual Min Startup Time": 3.257, "Actual Max Startup Time": 3.257, "Actual Min Total Time": 3.257, "Actual Max Total Time": 3.257, "Actual Total Rows": 1488, "Index Cond": "(id = mc.company_type_id)", "Rows Removed by Index Recheck": 0}]}, {"Node Type": "Index Scan", "Parent Relationship": "Inner", "Scan Direction": "Forward", "Index Name": "movie_id_aka_title", "Relation Name": "aka_title", "Alias": "at", "Startup Cost": 0.0, "Total Cost": 0.33, "Plan Rows": 3, "Plan Width": 4, "Actual Min Startup Time": 4.439, "Actual Max Startup Time": 4.439, "Actual Min Total Time": 4.529, "Actual Max Total Time": 4.529, "Actual Total Rows": 119, "Index Cond": "(movie_id = t.id)", "Rows Removed by Index Recheck": 0}]}, {"Node Type": "Index Scan", "Parent Relationship": "Inner", "Scan Direction": "Forward", "Index Name": "movie_id_movie_keyword", "Relation Name": "movie_keyword", "Alias": "mk", "Startup Cost": 0.0, "Total Cost": 0.46, "Plan Rows": 8, "Plan Width": 8, "Actual Min Startup Time": 0.639, "Actual Max Startup Time": 0.639, "Actual Min Total Time": 1.198, "Actual Max Total Time": 1.198, "Actual Total Rows": 1140, "Index Cond": "(movie_id = mc.movie_id)", "Rows Removed by Index Recheck": 0}]}, {"Node Type": "Index Scan", "Parent Relationship": "Inner", "Scan Direction": "Forward", "Index Name": "keyword_pkey", "Relation Name": "keyword", "Alias": "k", "Startup Cost": 0.0, "Total Cost": 0.27, "Plan Rows": 1, "Plan Width": 4, "Actual Min Startup Time": 4.198, "Actual Max Startup Time": 4.198, "Actual Min Total Time": 4.198, "Actual Max Total Time": 4.198, "Actual Total Rows": 1140, "Index Cond": "(id = mk.keyword_id)", "Rows Removed by Index Recheck": 0}]}]}, "Triggers": [], "Planner Runtime": 246.932, "Total Runtime": 353.61, "Unique SQL Id": 2846462052}}, "(16, 101)": {"explain_plan": {"Plan": {"Node Type": "Aggregate", "Strategy": "Plain", "Startup Cost": 165048.9, "Total Cost": 165048.91, "Plan Rows": 1, "Plan Width": 123, "Plans": [{"Node Type": "Nested Loop", "Parent Relationship": "Outer", "Join Type": "Inner", "Startup Cost": 4841.46, "Total Cost": 165048.24, "Plan Rows": 132, "Plan Width": 59, "Inner Unique": true, "Plans": [{"Node Type": "Nested Loop", "Parent Relationship": "Outer", "Join Type": "Inner", "Startup Cost": 4841.46, "Total Cost": 165010.63, "Plan Rows": 134, "Plan Width": 63, "Inner Unique": false, "Join Filter": "(t.id = mk.movie_id)", "Plans": [{"Node Type": "Nested Loop", "Parent Relationship": "Outer", "Join Type": "Inner", "Startup Cost": 4841.46, "Total Cost": 165001.07, "Plan Rows": 17, "Plan Width": 75, "Inner Unique": false, "Plans": [{"Node Type": "Nested Loop", "Parent Relationship": "Outer", "Join Type": "Inner", "Startup Cost": 4841.46, "Total Cost": 164997.5, "Plan Rows": 10, "Plan Width": 71, "Inner Unique": true, "Plans": [{"Node Type": "Nested Loop", "Parent Relationship": "Outer", "Join Type": "Inner", "Startup Cost": 4841.46, "Total Cost": 164994.7, "Plan Rows": 10, "Plan Width": 75, "Inner Unique": true, "Plans": [{"Node Type": "Nested Loop", "Parent Relationship": "Outer", "Join Type": "Inner", "Startup Cost": 4841.46, "Total Cost": 164991.25, "Plan Rows": 12, "Plan Width": 79, "Inner Unique": false, "Plans": [{"Node Type": "Nested Loop", "Parent Relationship": "Outer", "Join Type": "Inner", "Startup Cost": 4841.46, "Total Cost": 164989.04, "Plan Rows": 6, "Plan Width": 67, "Inner Unique": true, "Plans": [{"Node Type": "Nested Loop", "Parent Relationship": "Outer", "Join Type": "Inner", "Startup Cost": 4841.46, "Total Cost": 164956.1, "Plan Rows": 4, "Plan Width": 46, "Inner Unique": false, "Plans": [{"Node Type": "Index Scan", "Parent Relationship": "Outer", "Scan Direction": "Forward", "Index Name": "info_type_pkey", "Relation Name": "info_type", "Alias": "it1", "Startup Cost": 0.0, "Total Cost": 14.21, "Plan Rows": 1, "Plan Width": 4, "Filter": "((info)::text = 'release dates'::text)"}, {"Node Type": "Bitmap Heap Scan", "Parent Relationship": "Inner", "Relation Name": "movie_info", "Alias": "mi", "Startup Cost": 4841.46, "Total Cost": 164941.85, "Plan Rows": 4, "Plan Width": 50, "Recheck Cond": "(info_type_id = it1.id)", "Filter": "((info IS NOT NULL) AND ((note)::text ~~ '%internet%'::text) AND (((info)::text ~~ 'USA:% 199%'::text) OR ((info)::text ~~ 'USA:% 200%'::text)))", "Plans": [{"Node Type": "Bitmap Index Scan", "Parent Relationship": "Outer", "Index Name": "info_type_id_movie_info", "Startup Cost": 0.0, "Total Cost": 4841.46, "Plan Rows": 212428, "Plan Width": 0, "Index Cond": "(info_type_id = it1.id)"}]}]}, {"Node Type": "Index Scan", "Parent Relationship": "Inner", "Scan Direction": "Forward", "Index Name": "title_pkey", "Relation Name": "title", "Alias": "t", "Startup Cost": 0.0, "Total Cost": 8.23, "Plan Rows": 1, "Plan Width": 21, "Index Cond": "(id = mi.movie_id)", "Filter": "(production_year > 1990)"}]}, {"Node Type": "Index Scan", "Parent Relationship": "Inner", "Scan Direction": "Forward", "Index Name": "movie_id_movie_companies", "Relation Name": "movie_companies", "Alias": "mc", "Startup Cost": 0.0, "Total Cost": 0.35, "Plan Rows": 2, "Plan Width": 12, "Index Cond": "(movie_id = t.id)"}]}, {"Node Type": "Index Scan", "Parent Relationship": "Inner", "Scan Direction": "Forward", "Index Name": "company_name_pkey", "Relation Name": "company_name", "Alias": "cn", "Startup Cost": 0.0, "Total Cost": 0.28, "Plan Rows": 1, "Plan Width": 4, "Index Cond": "(id = mc.company_id)", "Filter": "((country_code)::text = '[us]'::text)"}]}, {"Node Type": "Index Scan", "Parent Relationship": "Inner", "Scan Direction": "Forward", "Index Name": "company_type_pkey", "Relation Name": "company_type", "Alias": "ct", "Startup Cost": 0.0, "Total Cost": 0.27, "Plan Rows": 1, "Plan Width": 4, "Index Cond": "(id = mc.company_type_id)"}]}, {"Node Type": "Index Scan", "Parent Relationship": "Inner", "Scan Direction": "Forward", "Index Name": "movie_id_aka_title", "Relation Name": "aka_title", "Alias": "at", "Startup Cost": 0.0, "Total Cost": 0.33, "Plan Rows": 3, "Plan Width": 4, "Index Cond": "(movie_id = t.id)"}]}, {"Node Type": "Index Scan", "Parent Relationship": "Inner", "Scan Direction": "Forward", "Index Name": "movie_id_movie_keyword", "Relation Name": "movie_keyword", "Alias": "mk", "Startup Cost": 0.0, "Total Cost": 0.46, "Plan Rows": 8, "Plan Width": 8, "Index Cond": "(movie_id = mc.movie_id)"}]}, {"Node Type": "Index Scan", "Parent Relationship": "Inner", "Scan Direction": "Forward", "Index Name": "keyword_pkey", "Relation Name": "keyword", "Alias": "k", "Startup Cost": 0.0, "Total Cost": 0.27, "Plan Rows": 1, "Plan Width": 4, "Index Cond": "(id = mk.keyword_id)"}]}]}, "Unique SQL Id": 2846462052}, "explain_analyze_plan": null}, "(16, 102)": {"explain_plan": {"Plan": {"Node Type": "Aggregate", "Strategy": "Plain", "Startup Cost": 41658.52, "Total Cost": 41658.53, "Plan Rows": 1, "Plan Width": 123, "Plans": [{"Node Type": "Nested Loop", "Parent Relationship": "Outer", "Join Type": "Inner", "Startup Cost": 7.95, "Total Cost": 41657.86, "Plan Rows": 132, "Plan Width": 59, "Inner Unique": true, "Join Filter": "(at.movie_id = t.id)", "Plans": [{"Node Type": "Nested Loop", "Parent Relationship": "Outer", "Join Type": "Inner", "Startup Cost": 7.68, "Total Cost": 41249.99, "Plan Rows": 95, "Plan Width": 58, "Inner Unique": true, "Plans": [{"Node Type": "Nested Loop", "Parent Relationship": "Outer", "Join Type": "Inner", "Startup Cost": 7.43, "Total Cost": 40834.8, "Plan Rows": 97, "Plan Width": 62, "Inner Unique": false, "Join Filter": "(at.movie_id = mk.movie_id)", "Plans": [{"Node Type": "Nested Loop", "Parent Relationship": "Outer", "Join Type": "Inner", "Startup Cost": 7.09, "Total Cost": 40780.35, "Plan Rows": 12, "Plan Width": 54, "Inner Unique": true, "Plans": [{"Node Type": "Nested Loop", "Parent Relationship": "Outer", "Join Type": "Inner", "Startup Cost": 6.83, "Total Cost": 40728.98, "Plan Rows": 12, "Plan Width": 58, "Inner Unique": true, "Plans": [{"Node Type": "Nested Loop", "Parent Relationship": "Outer", "Join Type": "Inner", "Startup Cost": 6.57, "Total Cost": 40643.32, "Plan Rows": 20, "Plan Width": 62, "Inner Unique": false, "Plans": [{"Node Type": "Nested Loop", "Parent Relationship": "Outer", "Join Type": "Inner", "Startup Cost": 6.2, "Total Cost": 40603.57, "Plan Rows": 9, "Plan Width": 50, "Inner Unique": false, "Plans": [{"Node Type": "Hash Join", "Parent Relationship": "Outer", "Join Type": "Inner", "Startup Cost": 2.41, "Total Cost": 40540.94, "Plan Rows": 4, "Plan Width": 46, "Inner Unique": true, "Hash Cond": "(mi.info_type_id = it1.id)", "Plans": [{"Node Type": "Streaming(type: LOCAL GATHER dop: 1/16)", "Parent Relationship": "Outer", "Startup Cost": 0.0, "Total Cost": 40537.53, "Plan Rows": 255, "Plan Width": 50, "Plans": [{"Node Type": "Seq Scan", "Parent Relationship": "Outer", "Relation Name": "movie_info", "Alias": "mi", "Startup Cost": 0.0, "Total Cost": 40532.03, "Plan Rows": 255, "Plan Width": 50, "Filter": "((info IS NOT NULL) AND ((note)::text ~~ '%internet%'::text) AND (((info)::text ~~ 'USA:% 199%'::text) OR ((info)::text ~~ 'USA:% 200%'::text)))"}]}, {"Node Type": "Hash", "Parent Relationship": "Inner", "Startup Cost": 2.4, "Total Cost": 2.4, "Plan Rows": 1, "Plan Width": 4, "Plans": [{"Node Type": "Seq Scan", "Parent Relationship": "Outer", "Relation Name": "info_type", "Alias": "it1", "Startup Cost": 0.0, "Total Cost": 2.4, "Plan Rows": 1, "Plan Width": 4, "Filter": "((info)::text = 'release dates'::text)"}]}]}, {"Node Type": "Bitmap Heap Scan", "Parent Relationship": "Inner", "Relation Name": "aka_title", "Alias": "at", "Startup Cost": 3.79, "Total Cost": 15.63, "Plan Rows": 3, "Plan Width": 4, "Recheck Cond": "(movie_id = mi.movie_id)", "Plans": [{"Node Type": "Bitmap Index Scan", "Parent Relationship": "Outer", "Index Name": "movie_id_aka_title", "Startup Cost": 0.0, "Total Cost": 3.79, "Plan Rows": 3, "Plan Width": 0, "Index Cond": "(movie_id = mi.movie_id)"}]}]}, {"Node Type": "Bitmap Heap Scan", "Parent Relationship": "Inner", "Relation Name": "movie_companies", "Alias": "mc", "Startup Cost": 0.37, "Total Cost": 4.4, "Plan Rows": 2, "Plan Width": 12, "Recheck Cond": "(movie_id = at.movie_id)", "Plans": [{"Node Type": "Bitmap Index Scan", "Parent Relationship": "Outer", "Index Name": "movie_id_movie_companies", "Startup Cost": 0.0, "Total Cost": 0.37, "Plan Rows": 2, "Plan Width": 0, "Index Cond": "(movie_id = at.movie_id)"}]}]}, {"Node Type": "Bitmap Heap Scan", "Parent Relationship": "Inner", "Relation Name": "company_name", "Alias": "cn", "Startup Cost": 0.26, "Total Cost": 4.27, "Plan Rows": 1, "Plan Width": 4, "Recheck Cond": "(id = mc.company_id)", "Filter": "((country_code)::text = '[us]'::text)", "Plans": [{"Node Type": "Bitmap Index Scan", "Parent Relationship": "Outer", "Index Name": "company_name_pkey", "Startup Cost": 0.0, "Total Cost": 0.26, "Plan Rows": 1, "Plan Width": 0, "Index Cond": "(id = mc.company_id)"}]}]}, {"Node Type": "Bitmap Heap Scan", "Parent Relationship": "Inner", "Relation Name": "company_type", "Alias": "ct", "Startup Cost": 0.26, "Total Cost": 4.27, "Plan Rows": 1, "Plan Width": 4, "Recheck Cond": "(id = mc.company_type_id)", "Plans": [{"Node Type": "Bitmap Index Scan", "Parent Relationship": "Outer", "Index Name": "company_type_pkey", "Startup Cost": 0.0, "Total Cost": 0.26, "Plan Rows": 1, "Plan Width": 0, "Index Cond": "(id = mc.company_type_id)"}]}]}, {"Node Type": "Bitmap Heap Scan", "Parent Relationship": "Inner", "Relation Name": "movie_keyword", "Alias": "mk", "Startup Cost": 0.34, "Total Cost": 4.44, "Plan Rows": 8, "Plan Width": 8, "Recheck Cond": "(movie_id = mc.movie_id)", "Plans": [{"Node Type": "Bitmap Index Scan", "Parent Relationship": "Outer", "Index Name": "movie_id_movie_keyword", "Startup Cost": 0.0, "Total Cost": 0.34, "Plan Rows": 8, "Plan Width": 0, "Index Cond": "(movie_id = mc.movie_id)"}]}]}, {"Node Type": "Bitmap Heap Scan", "Parent Relationship": "Inner", "Relation Name": "keyword", "Alias": "k", "Startup Cost": 0.26, "Total Cost": 4.27, "Plan Rows": 1, "Plan Width": 4, "Recheck Cond": "(id = mk.keyword_id)", "Plans": [{"Node Type": "Bitmap Index Scan", "Parent Relationship": "Outer", "Index Name": "keyword_pkey", "Startup Cost": 0.0, "Total Cost": 0.26, "Plan Rows": 1, "Plan Width": 0, "Index Cond": "(id = mk.keyword_id)"}]}]}, {"Node Type": "Bitmap Heap Scan", "Parent Relationship": "Inner", "Relation Name": "title", "Alias": "t", "Startup Cost": 0.27, "Total Cost": 4.28, "Plan Rows": 1, "Plan Width": 21, "Recheck Cond": "(id = mk.movie_id)", "Filter": "(production_year > 1990)", "Plans": [{"Node Type": "Bitmap Index Scan", "Parent Relationship": "Outer", "Index Name": "title_pkey", "Startup Cost": 0.0, "Total Cost": 0.27, "Plan Rows": 1, "Plan Width": 0, "Index Cond": "(id = mk.movie_id)"}]}]}]}, "Unique SQL Id": 2846462052}, "explain_analyze_plan": {"Plan": {"Node Type": "Aggregate", "Strategy": "Plain", "Startup Cost": 41658.52, "Total Cost": 41658.53, "Plan Rows": 1, "Plan Width": 123, "Actual Min Startup Time": 330.773, "Actual Max Startup Time": 330.773, "Actual Min Total Time": 330.773, "Actual Max Total Time": 330.773, "Actual Total Rows": 1, "Plans": [{"Node Type": "Nested Loop", "Parent Relationship": "Outer", "Join Type": "Inner", "Startup Cost": 7.95, "Total Cost": 41657.86, "Plan Rows": 132, "Plan Width": 59, "Actual Min Startup Time": 146.011, "Actual Max Startup Time": 146.011, "Actual Min Total Time": 329.78, "Actual Max Total Time": 329.78, "Actual Total Rows": 1140, "Inner Unique": true, "Join Filter": "(at.movie_id = t.id)", "Rows Removed by Join Filter": 0, "Plans": [{"Node Type": "Nested Loop", "Parent Relationship": "Outer", "Join Type": "Inner", "Startup Cost": 7.68, "Total Cost": 41249.99, "Plan Rows": 95, "Plan Width": 58, "Actual Min Startup Time": 145.967, "Actual Max Startup Time": 145.967, "Actual Min Total Time": 323.387, "Actual Max Total Time": 323.387, "Actual Total Rows": 1140, "Inner Unique": true, "Plans": [{"Node Type": "Nested Loop", "Parent Relationship": "Outer", "Join Type": "Inner", "Startup Cost": 7.43, "Total Cost": 40834.8, "Plan Rows": 97, "Plan Width": 62, "Actual Min Startup Time": 145.951, "Actual Max Startup Time": 145.951, "Actual Min Total Time": 316.493, "Actual Max Total Time": 316.493, "Actual Total Rows": 1140, "Inner Unique": false, "Join Filter": "(at.movie_id = mk.movie_id)", "Rows Removed by Join Filter": 0, "Plans": [{"Node Type": "Nested Loop", "Parent Relationship": "Outer", "Join Type": "Inner", "Startup Cost": 7.09, "Total Cost": 40780.35, "Plan Rows": 12, "Plan Width": 54, "Actual Min Startup Time": 145.93, "Actual Max Startup Time": 145.93, "Actual Min Total Time": 314.819, "Actual Max Total Time": 314.819, "Actual Total Rows": 119, "Inner Unique": true, "Plans": [{"Node Type": "Nested Loop", "Parent Relationship": "Outer", "Join Type": "Inner", "Startup Cost": 6.83, "Total Cost": 40728.98, "Plan Rows": 12, "Plan Width": 58, "Actual Min Startup Time": 145.903, "Actual Max Startup Time": 145.903, "Actual Min Total Time": 313.902, "Actual Max Total Time": 313.902, "Actual Total Rows": 284, "Inner Unique": true, "Plans": [{"Node Type": "Nested Loop", "Parent Relationship": "Outer", "Join Type": "Inner", "Startup Cost": 6.57, "Total Cost": 40643.32, "Plan Rows": 20, "Plan Width": 62, "Actual Min Startup Time": 145.878, "Actual Max Startup Time": 145.878, "Actual Min Total Time": 311.163, "Actual Max Total Time": 311.163, "Actual Total Rows": 400, "Inner Unique": false, "Plans": [{"Node Type": "Nested Loop", "Parent Relationship": "Outer", "Join Type": "Inner", "Startup Cost": 6.2, "Total Cost": 40603.57, "Plan Rows": 9, "Plan Width": 50, "Actual Min Startup Time": 145.852, "Actual Max Startup Time": 145.852, "Actual Min Total Time": 309.505, "Actual Max Total Time": 309.505, "Actual Total Rows": 120, "Inner Unique": false, "Plans": [{"Node Type": "Hash Join", "Parent Relationship": "Outer", "Join Type": "Inner", "Startup Cost": 2.41, "Total Cost": 40540.94, "Plan Rows": 4, "Plan Width": 46, "Actual Min Startup Time": 145.615, "Actual Max Startup Time": 145.615, "Actual Min Total Time": 300.977, "Actual Max Total Time": 300.977, "Actual Total Rows": 1783, "Inner Unique": true, "Hash Cond": "(mi.info_type_id = it1.id)", "Plans": [{"Node Type": "Streaming(type: LOCAL GATHER dop: 1/16)", "Parent Relationship": "Outer", "Startup Cost": 0.0, "Total Cost": 40537.53, "Plan Rows": 255, "Plan Width": 50, "Actual Min Startup Time": 145.421, "Actual Max Startup Time": 145.421, "Actual Min Total Time": 299.743, "Actual Max Total Time": 299.743, "Actual Total Rows": 1783, "Plans": [{"Node Type": "Seq Scan", "Parent Relationship": "Outer", "Relation Name": "movie_info", "Alias": "mi", "Startup Cost": 0.0, "Total Cost": 40532.03, "Plan Rows": 255, "Plan Width": 50, "Actual Min Startup Time": 80.921, "Actual Max Startup Time": 88.993, "Actual Min Total Time": 294.751, "Actual Max Total Time": 303.263, "Actual Total Rows": 1783, "Filter": "((info IS NOT NULL) AND ((note)::text ~~ '%internet%'::text) AND (((info)::text ~~ 'USA:% 199%'::text) OR ((info)::text ~~ 'USA:% 200%'::text)))", "Rows Removed by Filter": 14833936}]}, {"Node Type": "Hash", "Parent Relationship": "Inner", "Startup Cost": 2.4, "Total Cost": 2.4, "Plan Rows": 1, "Plan Width": 4, "Actual Min Startup Time": 0.107, "Actual Max Startup Time": 0.107, "Actual Min Total Time": 0.107, "Actual Max Total Time": 0.107, "Actual Total Rows": 1, "Max Hash Buckets": 32768, "Min Hash Buckets": 32768, "Max Hash Batches": 1, "Min Hash Batches": 1, "Max Original Hash Batches": 1, "Min Original Hash Batches": 1, "Max Peak Memory Usage": 1, "min Peak Memory Usage": 1, "Plans": [{"Node Type": "Seq Scan", "Parent Relationship": "Outer", "Relation Name": "info_type", "Alias": "it1", "Startup Cost": 0.0, "Total Cost": 2.4, "Plan Rows": 1, "Plan Width": 4, "Actual Min Startup Time": 0.07, "Actual Max Startup Time": 0.07, "Actual Min Total Time": 0.091, "Actual Max Total Time": 0.091, "Actual Total Rows": 1, "Filter": "((info)::text = 'release dates'::text)", "Rows Removed by Filter": 111}]}]}, {"Node Type": "Bitmap Heap Scan", "Parent Relationship": "Inner", "Relation Name": "aka_title", "Alias": "at", "Startup Cost": 3.79, "Total Cost": 15.63, "Plan Rows": 3, "Plan Width": 4, "Actual Min Startup Time": 6.396, "Actual Max Startup Time": 6.396, "Actual Min Total Time": 6.485, "Actual Max Total Time": 6.485, "Actual Total Rows": 120, "Recheck Cond": "(movie_id = mi.movie_id)", "Rows Removed by Index Recheck": 0, "Exact Heap Blocks": 120, "Lossy Heap Blocks": 120, "Plans": [{"Node Type": "Bitmap Index Scan", "Parent Relationship": "Outer", "Index Name": "movie_id_aka_title", "Startup Cost": 0.0, "Total Cost": 3.79, "Plan Rows": 3, "Plan Width": 0, "Actual Min Startup Time": 5.261, "Actual Max Startup Time": 5.261, "Actual Min Total Time": 5.261, "Actual Max Total Time": 5.261, "Actual Total Rows": 120, "Index Cond": "(movie_id = mi.movie_id)"}]}]}, {"Node Type": "Bitmap Heap Scan", "Parent Relationship": "Inner", "Relation Name": "movie_companies", "Alias": "mc", "Startup Cost": 0.37, "Total Cost": 4.4, "Plan Rows": 2, "Plan Width": 12, "Actual Min Startup Time": 1.125, "Actual Max Startup Time": 1.125, "Actual Min Total Time": 1.374, "Actual Max Total Time": 1.374, "Actual Total Rows": 400, "Recheck Cond": "(movie_id = at.movie_id)", "Rows Removed by Index Recheck": 0, "Exact Heap Blocks": 214, "Lossy Heap Blocks": 214, "Plans": [{"Node Type": "Bitmap Index Scan", "Parent Relationship": "Outer", "Index Name": "movie_id_movie_companies", "Startup Cost": 0.0, "Total Cost": 0.37, "Plan Rows": 2, "Plan Width": 0, "Actual Min Startup Time": 0.685, "Actual Max Startup Time": 0.685, "Actual Min Total Time": 0.685, "Actual Max Total Time": 0.685, "Actual Total Rows": 400, "Index Cond": "(movie_id = at.movie_id)"}]}]}, {"Node Type": "Bitmap Heap Scan", "Parent Relationship": "Inner", "Relation Name": "company_name", "Alias": "cn", "Startup Cost": 0.26, "Total Cost": 4.27, "Plan Rows": 1, "Plan Width": 4, "Actual Min Startup Time": 2.195, "Actual Max Startup Time": 2.195, "Actual Min Total Time": 2.195, "Actual Max Total Time": 2.195, "Actual Total Rows": 284, "Recheck Cond": "(id = mc.company_id)", "Rows Removed by Index Recheck": 0, "Filter": "((country_code)::text = '[us]'::text)", "Rows Removed by Filter": 116, "Exact Heap Blocks": 400, "Lossy Heap Blocks": 400, "Plans": [{"Node Type": "Bitmap Index Scan", "Parent Relationship": "Outer", "Index Name": "company_name_pkey", "Startup Cost": 0.0, "Total Cost": 0.26, "Plan Rows": 1, "Plan Width": 0, "Actual Min Startup Time": 1.229, "Actual Max Startup Time": 1.229, "Actual Min Total Time": 1.229, "Actual Max Total Time": 1.229, "Actual Total Rows": 400, "Index Cond": "(id = mc.company_id)"}]}]}, {"Node Type": "Bitmap Heap Scan", "Parent Relationship": "Inner", "Relation Name": "company_type", "Alias": "ct", "Startup Cost": 0.26, "Total Cost": 4.27, "Plan Rows": 1, "Plan Width": 4, "Actual Min Startup Time": 0.543, "Actual Max Startup Time": 0.543, "Actual Min Total Time": 0.543, "Actual Max Total Time": 0.543, "Actual Total Rows": 119, "Recheck Cond": "(id = mc.company_type_id)", "Rows Removed by Index Recheck": 0, "Exact Heap Blocks": 119, "Lossy Heap Blocks": 119, "Plans": [{"Node Type": "Bitmap Index Scan", "Parent Relationship": "Outer", "Index Name": "company_type_pkey", "Startup Cost": 0.0, "Total Cost": 0.26, "Plan Rows": 1, "Plan Width": 0, "Actual Min Startup Time": 0.278, "Actual Max Startup Time": 0.278, "Actual Min Total Time": 0.278, "Actual Max Total Time": 0.278, "Actual Total Rows": 119, "Index Cond": "(id = mc.company_type_id)"}]}]}, {"Node Type": "Bitmap Heap Scan", "Parent Relationship": "Inner", "Relation Name": "movie_keyword", "Alias": "mk", "Startup Cost": 0.34, "Total Cost": 4.44, "Plan Rows": 8, "Plan Width": 8, "Actual Min Startup Time": 0.916, "Actual Max Startup Time": 0.916, "Actual Min Total Time": 1.115, "Actual Max Total Time": 1.115, "Actual Total Rows": 1140, "Recheck Cond": "(movie_id = mc.movie_id)", "Rows Removed by Index Recheck": 0, "Exact Heap Blocks": 91, "Lossy Heap Blocks": 91, "Plans": [{"Node Type": "Bitmap Index Scan", "Parent Relationship": "Outer", "Index Name": "movie_id_movie_keyword", "Startup Cost": 0.0, "Total Cost": 0.34, "Plan Rows": 8, "Plan Width": 0, "Actual Min Startup Time": 0.592, "Actual Max Startup Time": 0.592, "Actual Min Total Time": 0.592, "Actual Max Total Time": 0.592, "Actual Total Rows": 1140, "Index Cond": "(movie_id = mc.movie_id)"}]}]}, {"Node Type": "Bitmap Heap Scan", "Parent Relationship": "Inner", "Relation Name": "keyword", "Alias": "k", "Startup Cost": 0.26, "Total Cost": 4.27, "Plan Rows": 1, "Plan Width": 4, "Actual Min Startup Time": 5.281, "Actual Max Startup Time": 5.281, "Actual Min Total Time": 5.281, "Actual Max Total Time": 5.281, "Actual Total Rows": 1140, "Recheck Cond": "(id = mk.keyword_id)", "Rows Removed by Index Recheck": 0, "Exact Heap Blocks": 1140, "Lossy Heap Blocks": 1140, "Plans": [{"Node Type": "Bitmap Index Scan", "Parent Relationship": "Outer", "Index Name": "keyword_pkey", "Startup Cost": 0.0, "Total Cost": 0.26, "Plan Rows": 1, "Plan Width": 0, "Actual Min Startup Time": 3.299, "Actual Max Startup Time": 3.299, "Actual Min Total Time": 3.299, "Actual Max Total Time": 3.299, "Actual Total Rows": 1140, "Index Cond": "(id = mk.keyword_id)"}]}]}, {"Node Type": "Bitmap Heap Scan", "Parent Relationship": "Inner", "Relation Name": "title", "Alias": "t", "Startup Cost": 0.27, "Total Cost": 4.28, "Plan Rows": 1, "Plan Width": 21, "Actual Min Startup Time": 4.666, "Actual Max Startup Time": 4.666, "Actual Min Total Time": 4.666, "Actual Max Total Time": 4.666, "Actual Total Rows": 1140, "Recheck Cond": "(id = mk.movie_id)", "Rows Removed by Index Recheck": 0, "Filter": "(production_year > 1990)", "Rows Removed by Filter": 0, "Exact Heap Blocks": 1140, "Lossy Heap Blocks": 1140, "Plans": [{"Node Type": "Bitmap Index Scan", "Parent Relationship": "Outer", "Index Name": "title_pkey", "Startup Cost": 0.0, "Total Cost": 0.27, "Plan Rows": 1, "Plan Width": 0, "Actual Min Startup Time": 2.844, "Actual Max Startup Time": 2.844, "Actual Min Total Time": 2.844, "Actual Max Total Time": 2.844, "Actual Total Rows": 1140, "Index Cond": "(id = mk.movie_id)"}]}]}]}, "Triggers": [], "Planner Runtime": 297.749, "Total Runtime": 334.049, "Unique SQL Id": 2846462052}}, "(16, 103)": {"explain_plan": {"Plan": {"Node Type": "Aggregate", "Strategy": "Plain", "Startup Cost": 166073.69, "Total Cost": 166073.7, "Plan Rows": 1, "Plan Width": 123, "Plans": [{"Node Type": "Nested Loop", "Parent Relationship": "Outer", "Join Type": "Inner", "Startup Cost": 4855.81, "Total Cost": 166073.03, "Plan Rows": 132, "Plan Width": 59, "Inner Unique": true, "Join Filter": "(at.movie_id = t.id)", "Plans": [{"Node Type": "Nested Loop", "Parent Relationship": "Outer", "Join Type": "Inner", "Startup Cost": 4855.54, "Total Cost": 165665.15, "Plan Rows": 95, "Plan Width": 58, "Inner Unique": true, "Plans": [{"Node Type": "Nested Loop", "Parent Relationship": "Outer", "Join Type": "Inner", "Startup Cost": 4855.28, "Total Cost": 165249.97, "Plan Rows": 97, "Plan Width": 62, "Inner Unique": false, "Join Filter": "(at.movie_id = mk.movie_id)", "Plans": [{"Node Type": "Nested Loop", "Parent Relationship": "Outer", "Join Type": "Inner", "Startup Cost": 4854.95, "Total Cost": 165195.51, "Plan Rows": 12, "Plan Width": 54, "Inner Unique": true, "Plans": [{"Node Type": "Nested Loop", "Parent Relationship": "Outer", "Join Type": "Inner", "Startup Cost": 4854.69, "Total Cost": 165144.15, "Plan Rows": 12, "Plan Width": 58, "Inner Unique": true, "Plans": [{"Node Type": "Nested Loop", "Parent Relationship": "Outer", "Join Type": "Inner", "Startup Cost": 4854.43, "Total Cost": 165058.48, "Plan Rows": 20, "Plan Width": 62, "Inner Unique": false, "Plans": [{"Node Type": "Nested Loop", "Parent Relationship": "Outer", "Join Type": "Inner", "Startup Cost": 4854.06, "Total Cost": 165018.73, "Plan Rows": 9, "Plan Width": 50, "Inner Unique": false, "Plans": [{"Node Type": "Nested Loop", "Parent Relationship": "Outer", "Join Type": "Inner", "Startup Cost": 4850.27, "Total Cost": 164956.1, "Plan Rows": 4, "Plan Width": 46, "Inner Unique": false, "Plans": [{"Node Type": "Bitmap Heap Scan", "Parent Relationship": "Outer", "Relation Name": "info_type", "Alias": "it1", "Startup Cost": 8.81, "Total Cost": 14.21, "Plan Rows": 1, "Plan Width": 4, "Filter": "((info)::text = 'release dates'::text)", "Plans": [{"Node Type": "Bitmap Index Scan", "Parent Relationship": "Outer", "Index Name": "info_type_pkey", "Startup Cost": 0.0, "Total Cost": 8.81, "Plan Rows": 112, "Plan Width": 0}]}, {"Node Type": "Bitmap Heap Scan", "Parent Relationship": "Inner", "Relation Name": "movie_info", "Alias": "mi", "Startup Cost": 4841.46, "Total Cost": 164941.85, "Plan Rows": 4, "Plan Width": 50, "Recheck Cond": "(info_type_id = it1.id)", "Filter": "((info IS NOT NULL) AND ((note)::text ~~ '%internet%'::text) AND (((info)::text ~~ 'USA:% 199%'::text) OR ((info)::text ~~ 'USA:% 200%'::text)))", "Plans": [{"Node Type": "Bitmap Index Scan", "Parent Relationship": "Outer", "Index Name": "info_type_id_movie_info", "Startup Cost": 0.0, "Total Cost": 4841.46, "Plan Rows": 212428, "Plan Width": 0, "Index Cond": "(info_type_id = it1.id)"}]}]}, {"Node Type": "Bitmap Heap Scan", "Parent Relationship": "Inner", "Relation Name": "aka_title", "Alias": "at", "Startup Cost": 3.79, "Total Cost": 15.63, "Plan Rows": 3, "Plan Width": 4, "Recheck Cond": "(movie_id = mi.movie_id)", "Plans": [{"Node Type": "Bitmap Index Scan", "Parent Relationship": "Outer", "Index Name": "movie_id_aka_title", "Startup Cost": 0.0, "Total Cost": 3.79, "Plan Rows": 3, "Plan Width": 0, "Index Cond": "(movie_id = mi.movie_id)"}]}]}, {"Node Type": "Bitmap Heap Scan", "Parent Relationship": "Inner", "Relation Name": "movie_companies", "Alias": "mc", "Startup Cost": 0.37, "Total Cost": 4.4, "Plan Rows": 2, "Plan Width": 12, "Recheck Cond": "(movie_id = at.movie_id)", "Plans": [{"Node Type": "Bitmap Index Scan", "Parent Relationship": "Outer", "Index Name": "movie_id_movie_companies", "Startup Cost": 0.0, "Total Cost": 0.37, "Plan Rows": 2, "Plan Width": 0, "Index Cond": "(movie_id = at.movie_id)"}]}]}, {"Node Type": "Bitmap Heap Scan", "Parent Relationship": "Inner", "Relation Name": "company_name", "Alias": "cn", "Startup Cost": 0.26, "Total Cost": 4.27, "Plan Rows": 1, "Plan Width": 4, "Recheck Cond": "(id = mc.company_id)", "Filter": "((country_code)::text = '[us]'::text)", "Plans": [{"Node Type": "Bitmap Index Scan", "Parent Relationship": "Outer", "Index Name": "company_name_pkey", "Startup Cost": 0.0, "Total Cost": 0.26, "Plan Rows": 1, "Plan Width": 0, "Index Cond": "(id = mc.company_id)"}]}]}, {"Node Type": "Bitmap Heap Scan", "Parent Relationship": "Inner", "Relation Name": "company_type", "Alias": "ct", "Startup Cost": 0.26, "Total Cost": 4.27, "Plan Rows": 1, "Plan Width": 4, "Recheck Cond": "(id = mc.company_type_id)", "Plans": [{"Node Type": "Bitmap Index Scan", "Parent Relationship": "Outer", "Index Name": "company_type_pkey", "Startup Cost": 0.0, "Total Cost": 0.26, "Plan Rows": 1, "Plan Width": 0, "Index Cond": "(id = mc.company_type_id)"}]}]}, {"Node Type": "Bitmap Heap Scan", "Parent Relationship": "Inner", "Relation Name": "movie_keyword", "Alias": "mk", "Startup Cost": 0.34, "Total Cost": 4.44, "Plan Rows": 8, "Plan Width": 8, "Recheck Cond": "(movie_id = mc.movie_id)", "Plans": [{"Node Type": "Bitmap Index Scan", "Parent Relationship": "Outer", "Index Name": "movie_id_movie_keyword", "Startup Cost": 0.0, "Total Cost": 0.34, "Plan Rows": 8, "Plan Width": 0, "Index Cond": "(movie_id = mc.movie_id)"}]}]}, {"Node Type": "Bitmap Heap Scan", "Parent Relationship": "Inner", "Relation Name": "keyword", "Alias": "k", "Startup Cost": 0.26, "Total Cost": 4.27, "Plan Rows": 1, "Plan Width": 4, "Recheck Cond": "(id = mk.keyword_id)", "Plans": [{"Node Type": "Bitmap Index Scan", "Parent Relationship": "Outer", "Index Name": "keyword_pkey", "Startup Cost": 0.0, "Total Cost": 0.26, "Plan Rows": 1, "Plan Width": 0, "Index Cond": "(id = mk.keyword_id)"}]}]}, {"Node Type": "Bitmap Heap Scan", "Parent Relationship": "Inner", "Relation Name": "title", "Alias": "t", "Startup Cost": 0.27, "Total Cost": 4.28, "Plan Rows": 1, "Plan Width": 21, "Recheck Cond": "(id = mk.movie_id)", "Filter": "(production_year > 1990)", "Plans": [{"Node Type": "Bitmap Index Scan", "Parent Relationship": "Outer", "Index Name": "title_pkey", "Startup Cost": 0.0, "Total Cost": 0.27, "Plan Rows": 1, "Plan Width": 0, "Index Cond": "(id = mk.movie_id)"}]}]}]}, "Unique SQL Id": 2846462052}, "explain_analyze_plan": null}, "(16, 104)": {"explain_plan": {"Plan": {"Node Type": "Aggregate", "Strategy": "Plain", "Startup Cost": 40703.38, "Total Cost": 40703.39, "Plan Rows": 1, "Plan Width": 123, "Plans": [{"Node Type": "Nested Loop", "Parent Relationship": "Outer", "Join Type": "Inner", "Startup Cost": 0.0, "Total Cost": 40702.72, "Plan Rows": 132, "Plan Width": 59, "Inner Unique": true, "Plans": [{"Node Type": "Nested Loop", "Parent Relationship": "Outer", "Join Type": "Inner", "Startup Cost": 0.0, "Total Cost": 40665.2, "Plan Rows": 134, "Plan Width": 63, "Inner Unique": false, "Join Filter": "(t.id = mk.movie_id)", "Plans": [{"Node Type": "Nested Loop", "Parent Relationship": "Outer", "Join Type": "Inner", "Startup Cost": 0.0, "Total Cost": 40655.63, "Plan Rows": 17, "Plan Width": 75, "Inner Unique": true, "Join Filter": "(at.movie_id = t.id)", "Plans": [{"Node Type": "Nested Loop", "Parent Relationship": "Outer", "Join Type": "Inner", "Startup Cost": 0.0, "Total Cost": 40651.4, "Plan Rows": 12, "Plan Width": 54, "Inner Unique": true, "Plans": [{"Node Type": "Nested Loop", "Parent Relationship": "Outer", "Join Type": "Inner", "Startup Cost": 0.0, "Total Cost": 40648.04, "Plan Rows": 12, "Plan Width": 58, "Inner Unique": true, "Plans": [{"Node Type": "Nested Loop", "Parent Relationship": "Outer", "Join Type": "Inner", "Startup Cost": 0.0, "Total Cost": 40642.29, "Plan Rows": 20, "Plan Width": 62, "Inner Unique": false, "Plans": [{"Node Type": "Nested Loop", "Parent Relationship": "Outer", "Join Type": "Inner", "Startup Cost": 0.0, "Total Cost": 40636.98, "Plan Rows": 9, "Plan Width": 50, "Inner Unique": false, "Plans": [{"Node Type": "Nested Loop", "Parent Relationship": "Outer", "Join Type": "Inner", "Startup Cost": 0.0, "Total Cost": 40621.57, "Plan Rows": 4, "Plan Width": 46, "Inner Unique": true, "Plans": [{"Node Type": "Streaming(type: LOCAL GATHER dop: 1/16)", "Parent Relationship": "Outer", "Startup Cost": 0.0, "Total Cost": 40537.53, "Plan Rows": 255, "Plan Width": 50, "Plans": [{"Node Type": "Seq Scan", "Parent Relationship": "Outer", "Relation Name": "movie_info", "Alias": "mi", "Startup Cost": 0.0, "Total Cost": 40532.03, "Plan Rows": 255, "Plan Width": 50, "Filter": "((info IS NOT NULL) AND ((note)::text ~~ '%internet%'::text) AND (((info)::text ~~ 'USA:% 199%'::text) OR ((info)::text ~~ 'USA:% 200%'::text)))"}]}, {"Node Type": "Index Scan", "Parent Relationship": "Inner", "Scan Direction": "Forward", "Index Name": "info_type_pkey", "Relation Name": "info_type", "Alias": "it1", "Startup Cost": 0.0, "Total Cost": 0.32, "Plan Rows": 1, "Plan Width": 4, "Index Cond": "(id = mi.info_type_id)", "Filter": "((info)::text = 'release dates'::text)"}]}, {"Node Type": "Index Only Scan", "Parent Relationship": "Inner", "Scan Direction": "Forward", "Index Name": "movie_id_aka_title", "Relation Name": "aka_title", "Alias": "at", "Startup Cost": 0.0, "Total Cost": 3.82, "Plan Rows": 3, "Plan Width": 4, "Index Cond": "(movie_id = mi.movie_id)"}]}, {"Node Type": "Index Scan", "Parent Relationship": "Inner", "Scan Direction": "Forward", "Index Name": "movie_id_movie_companies", "Relation Name": "movie_companies", "Alias": "mc", "Startup Cost": 0.0, "Total Cost": 0.57, "Plan Rows": 2, "Plan Width": 12, "Index Cond": "(movie_id = at.movie_id)"}]}, {"Node Type": "Index Scan", "Parent Relationship": "Inner", "Scan Direction": "Forward", "Index Name": "company_name_pkey", "Relation Name": "company_name", "Alias": "cn", "Startup Cost": 0.0, "Total Cost": 0.28, "Plan Rows": 1, "Plan Width": 4, "Index Cond": "(id = mc.company_id)", "Filter": "((country_code)::text = '[us]'::text)"}]}, {"Node Type": "Index Only Scan", "Parent Relationship": "Inner", "Scan Direction": "Forward", "Index Name": "company_type_pkey", "Relation Name": "company_type", "Alias": "ct", "Startup Cost": 0.0, "Total Cost": 0.27, "Plan Rows": 1, "Plan Width": 4, "Index Cond": "(id = mc.company_type_id)"}]}, {"Node Type": "Index Scan", "Parent Relationship": "Inner", "Scan Direction": "Forward", "Index Name": "title_pkey", "Relation Name": "title", "Alias": "t", "Startup Cost": 0.0, "Total Cost": 0.34, "Plan Rows": 1, "Plan Width": 21, "Index Cond": "(id = mc.movie_id)", "Filter": "(production_year > 1990)"}]}, {"Node Type": "Index Scan", "Parent Relationship": "Inner", "Scan Direction": "Forward", "Index Name": "movie_id_movie_keyword", "Relation Name": "movie_keyword", "Alias": "mk", "Startup Cost": 0.0, "Total Cost": 0.46, "Plan Rows": 8, "Plan Width": 8, "Index Cond": "(movie_id = mc.movie_id)"}]}, {"Node Type": "Index Only Scan", "Parent Relationship": "Inner", "Scan Direction": "Forward", "Index Name": "keyword_pkey", "Relation Name": "keyword", "Alias": "k", "Startup Cost": 0.0, "Total Cost": 0.27, "Plan Rows": 1, "Plan Width": 4, "Index Cond": "(id = mk.keyword_id)"}]}]}, "Unique SQL Id": 2846462052}, "explain_analyze_plan": {"Plan": {"Node Type": "Aggregate", "Strategy": "Plain", "Startup Cost": 40703.38, "Total Cost": 40703.39, "Plan Rows": 1, "Plan Width": 123, "Actual Min Startup Time": 325.509, "Actual Max Startup Time": 325.509, "Actual Min Total Time": 325.51, "Actual Max Total Time": 325.51, "Actual Total Rows": 1, "Plans": [{"Node Type": "Nested Loop", "Parent Relationship": "Outer", "Join Type": "Inner", "Startup Cost": 0.0, "Total Cost": 40702.72, "Plan Rows": 132, "Plan Width": 59, "Actual Min Startup Time": 146.873, "Actual Max Startup Time": 146.873, "Actual Min Total Time": 324.654, "Actual Max Total Time": 324.654, "Actual Total Rows": 1140, "Inner Unique": true, "Plans": [{"Node Type": "Nested Loop", "Parent Relationship": "Outer", "Join Type": "Inner", "Startup Cost": 0.0, "Total Cost": 40665.2, "Plan Rows": 134, "Plan Width": 63, "Actual Min Startup Time": 146.853, "Actual Max Startup Time": 146.853, "Actual Min Total Time": 320.717, "Actual Max Total Time": 320.717, "Actual Total Rows": 1140, "Inner Unique": false, "Join Filter": "(t.id = mk.movie_id)", "Rows Removed by Join Filter": 0, "Plans": [{"Node Type": "Nested Loop", "Parent Relationship": "Outer", "Join Type": "Inner", "Startup Cost": 0.0, "Total Cost": 40655.63, "Plan Rows": 17, "Plan Width": 75, "Actual Min Startup Time": 146.824, "Actual Max Startup Time": 146.824, "Actual Min Total Time": 318.959, "Actual Max Total Time": 318.959, "Actual Total Rows": 119, "Inner Unique": true, "Join Filter": "(at.movie_id = t.id)", "Rows Removed by Join Filter": 0, "Plans": [{"Node Type": "Nested Loop", "Parent Relationship": "Outer", "Join Type": "Inner", "Startup Cost": 0.0, "Total Cost": 40651.4, "Plan Rows": 12, "Plan Width": 54, "Actual Min Startup Time": 146.803, "Actual Max Startup Time": 146.803, "Actual Min Total Time": 318.15, "Actual Max Total Time": 318.15, "Actual Total Rows": 119, "Inner Unique": true, "Plans": [{"Node Type": "Nested Loop", "Parent Relationship": "Outer", "Join Type": "Inner", "Startup Cost": 0.0, "Total Cost": 40648.04, "Plan Rows": 12, "Plan Width": 58, "Actual Min Startup Time": 146.788, "Actual Max Startup Time": 146.788, "Actual Min Total Time": 317.72, "Actual Max Total Time": 317.72, "Actual Total Rows": 284, "Inner Unique": true, "Plans": [{"Node Type": "Nested Loop", "Parent Relationship": "Outer", "Join Type": "Inner", "Startup Cost": 0.0, "Total Cost": 40642.29, "Plan Rows": 20, "Plan Width": 62, "Actual Min Startup Time": 146.77, "Actual Max Startup Time": 146.77, "Actual Min Total Time": 315.625, "Actual Max Total Time": 315.625, "Actual Total Rows": 400, "Inner Unique": false, "Plans": [{"Node Type": "Nested Loop", "Parent Relationship": "Outer", "Join Type": "Inner", "Startup Cost": 0.0, "Total Cost": 40636.98, "Plan Rows": 9, "Plan Width": 50, "Actual Min Startup Time": 146.755, "Actual Max Startup Time": 146.755, "Actual Min Total Time": 314.411, "Actual Max Total Time": 314.411, "Actual Total Rows": 120, "Inner Unique": false, "Plans": [{"Node Type": "Nested Loop", "Parent Relationship": "Outer", "Join Type": "Inner", "Startup Cost": 0.0, "Total Cost": 40621.57, "Plan Rows": 4, "Plan Width": 46, "Actual Min Startup Time": 146.565, "Actual Max Startup Time": 146.565, "Actual Min Total Time": 308.399, "Actual Max Total Time": 308.399, "Actual Total Rows": 1783, "Inner Unique": true, "Plans": [{"Node Type": "Streaming(type: LOCAL GATHER dop: 1/16)", "Parent Relationship": "Outer", "Startup Cost": 0.0, "Total Cost": 40537.53, "Plan Rows": 255, "Plan Width": 50, "Actual Min Startup Time": 146.489, "Actual Max Startup Time": 146.489, "Actual Min Total Time": 303.759, "Actual Max Total Time": 303.759, "Actual Total Rows": 1783, "Plans": [{"Node Type": "Seq Scan", "Parent Relationship": "Outer", "Relation Name": "movie_info", "Alias": "mi", "Startup Cost": 0.0, "Total Cost": 40532.03, "Plan Rows": 255, "Plan Width": 50, "Actual Min Startup Time": 80.82, "Actual Max Startup Time": 88.977, "Actual Min Total Time": 295.376, "Actual Max Total Time": 303.253, "Actual Total Rows": 1783, "Filter": "((info IS NOT NULL) AND ((note)::text ~~ '%internet%'::text) AND (((info)::text ~~ 'USA:% 199%'::text) OR ((info)::text ~~ 'USA:% 200%'::text)))", "Rows Removed by Filter": 14833936}]}, {"Node Type": "Index Scan", "Parent Relationship": "Inner", "Scan Direction": "Forward", "Index Name": "info_type_pkey", "Relation Name": "info_type", "Alias": "it1", "Startup Cost": 0.0, "Total Cost": 0.32, "Plan Rows": 1, "Plan Width": 4, "Actual Min Startup Time": 3.257, "Actual Max Startup Time": 3.257, "Actual Min Total Time": 3.257, "Actual Max Total Time": 3.257, "Actual Total Rows": 1783, "Index Cond": "(id = mi.info_type_id)", "Rows Removed by Index Recheck": 0, "Filter": "((info)::text = 'release dates'::text)", "Rows Removed by Filter": 0}]}, {"Node Type": "Index Only Scan", "Parent Relationship": "Inner", "Scan Direction": "Forward", "Index Name": "movie_id_aka_title", "Relation Name": "aka_title", "Alias": "at", "Startup Cost": 0.0, "Total Cost": 3.82, "Plan Rows": 3, "Plan Width": 4, "Actual Min Startup Time": 5.027, "Actual Max Startup Time": 5.027, "Actual Min Total Time": 5.071, "Actual Max Total Time": 5.071, "Actual Total Rows": 120, "Index Cond": "(movie_id = mi.movie_id)", "Rows Removed by Index Recheck": 0, "Heap Fetches": 0}]}, {"Node Type": "Index Scan", "Parent Relationship": "Inner", "Scan Direction": "Forward", "Index Name": "movie_id_movie_companies", "Relation Name": "movie_companies", "Alias": "mc", "Startup Cost": 0.0, "Total Cost": 0.57, "Plan Rows": 2, "Plan Width": 12, "Actual Min Startup Time": 0.705, "Actual Max Startup Time": 0.705, "Actual Min Total Time": 1.029, "Actual Max Total Time": 1.029, "Actual Total Rows": 400, "Index Cond": "(movie_id = at.movie_id)", "Rows Removed by Index Recheck": 0}]}, {"Node Type": "Index Scan", "Parent Relationship": "Inner", "Scan Direction": "Forward", "Index Name": "company_name_pkey", "Relation Name": "company_name", "Alias": "cn", "Startup Cost": 0.0, "Total Cost": 0.28, "Plan Rows": 1, "Plan Width": 4, "Actual Min Startup Time": 1.776, "Actual Max Startup Time": 1.776, "Actual Min Total Time": 1.776, "Actual Max Total Time": 1.776, "Actual Total Rows": 284, "Index Cond": "(id = mc.company_id)", "Rows Removed by Index Recheck": 0, "Filter": "((country_code)::text = '[us]'::text)", "Rows Removed by Filter": 116}]}, {"Node Type": "Index Only Scan", "Parent Relationship": "Inner", "Scan Direction": "Forward", "Index Name": "company_type_pkey", "Relation Name": "company_type", "Alias": "ct", "Startup Cost": 0.0, "Total Cost": 0.27, "Plan Rows": 1, "Plan Width": 4, "Actual Min Startup Time": 0.248, "Actual Max Startup Time": 0.248, "Actual Min Total Time": 0.248, "Actual Max Total Time": 0.248, "Actual Total Rows": 119, "Index Cond": "(id = mc.company_type_id)", "Rows Removed by Index Recheck": 0, "Heap Fetches": 0}]}, {"Node Type": "Index Scan", "Parent Relationship": "Inner", "Scan Direction": "Forward", "Index Name": "title_pkey", "Relation Name": "title", "Alias": "t", "Startup Cost": 0.0, "Total Cost": 0.34, "Plan Rows": 1, "Plan Width": 21, "Actual Min Startup Time": 0.634, "Actual Max Startup Time": 0.634, "Actual Min Total Time": 0.634, "Actual Max Total Time": 0.634, "Actual Total Rows": 119, "Index Cond": "(id = mc.movie_id)", "Rows Removed by Index Recheck": 0, "Filter": "(production_year > 1990)", "Rows Removed by Filter": 0}]}, {"Node Type": "Index Scan", "Parent Relationship": "Inner", "Scan Direction": "Forward", "Index Name": "movie_id_movie_keyword", "Relation Name": "movie_keyword", "Alias": "mk", "Startup Cost": 0.0, "Total Cost": 0.46, "Plan Rows": 8, "Plan Width": 8, "Actual Min Startup Time": 0.665, "Actual Max Startup Time": 0.665, "Actual Min Total Time": 1.218, "Actual Max Total Time": 1.218, "Actual Total Rows": 1140, "Index Cond": "(movie_id = mc.movie_id)", "Rows Removed by Index Recheck": 0}]}, {"Node Type": "Index Only Scan", "Parent Relationship": "Inner", "Scan Direction": "Forward", "Index Name": "keyword_pkey", "Relation Name": "keyword", "Alias": "k", "Startup Cost": 0.0, "Total Cost": 0.27, "Plan Rows": 1, "Plan Width": 4, "Actual Min Startup Time": 3.073, "Actual Max Startup Time": 3.073, "Actual Min Total Time": 3.073, "Actual Max Total Time": 3.073, "Actual Total Rows": 1140, "Index Cond": "(id = mk.keyword_id)", "Rows Removed by Index Recheck": 0, "Heap Fetches": 0}]}]}, "Triggers": [], "Planner Runtime": 246.662, "Total Runtime": 328.568, "Unique SQL Id": 2846462052}}, "(16, 105)": {"explain_plan": {"Plan": {"Node Type": "Aggregate", "Strategy": "Plain", "Startup Cost": 496841.72, "Total Cost": 496841.73, "Plan Rows": 1, "Plan Width": 123, "Plans": [{"Node Type": "Nested Loop", "Parent Relationship": "Outer", "Join Type": "Inner", "Startup Cost": 0.0, "Total Cost": 496841.06, "Plan Rows": 132, "Plan Width": 59, "Inner Unique": true, "Plans": [{"Node Type": "Nested Loop", "Parent Relationship": "Outer", "Join Type": "Inner", "Startup Cost": 0.0, "Total Cost": 496803.53, "Plan Rows": 134, "Plan Width": 63, "Inner Unique": false, "Join Filter": "(t.id = mk.movie_id)", "Plans": [{"Node Type": "Nested Loop", "Parent Relationship": "Outer", "Join Type": "Inner", "Startup Cost": 0.0, "Total Cost": 496793.97, "Plan Rows": 17, "Plan Width": 75, "Inner Unique": true, "Join Filter": "(at.movie_id = t.id)", "Plans": [{"Node Type": "Nested Loop", "Parent Relationship": "Outer", "Join Type": "Inner", "Startup Cost": 0.0, "Total Cost": 496789.74, "Plan Rows": 12, "Plan Width": 54, "Inner Unique": true, "Plans": [{"Node Type": "Nested Loop", "Parent Relationship": "Outer", "Join Type": "Inner", "Startup Cost": 0.0, "Total Cost": 496786.38, "Plan Rows": 12, "Plan Width": 58, "Inner Unique": true, "Plans": [{"Node Type": "Nested Loop", "Parent Relationship": "Outer", "Join Type": "Inner", "Startup Cost": 0.0, "Total Cost": 496780.63, "Plan Rows": 20, "Plan Width": 62, "Inner Unique": false, "Plans": [{"Node Type": "Nested Loop", "Parent Relationship": "Outer", "Join Type": "Inner", "Startup Cost": 0.0, "Total Cost": 496775.32, "Plan Rows": 9, "Plan Width": 50, "Inner Unique": false, "Plans": [{"Node Type": "Nested Loop", "Parent Relationship": "Outer", "Join Type": "Inner", "Startup Cost": 0.0, "Total Cost": 496759.91, "Plan Rows": 4, "Plan Width": 46, "Inner Unique": false, "Plans": [{"Node Type": "Index Scan", "Parent Relationship": "Outer", "Scan Direction": "Forward", "Index Name": "info_type_pkey", "Relation Name": "info_type", "Alias": "it1", "Startup Cost": 0.0, "Total Cost": 14.21, "Plan Rows": 1, "Plan Width": 4, "Filter": "((info)::text = 'release dates'::text)"}, {"Node Type": "Index Scan", "Parent Relationship": "Inner", "Scan Direction": "Forward", "Index Name": "info_type_id_movie_info", "Relation Name": "movie_info", "Alias": "mi", "Startup Cost": 0.0, "Total Cost": 496745.66, "Plan Rows": 4, "Plan Width": 50, "Index Cond": "(info_type_id = it1.id)", "Filter": "((info IS NOT NULL) AND ((note)::text ~~ '%internet%'::text) AND (((info)::text ~~ 'USA:% 199%'::text) OR ((info)::text ~~ 'USA:% 200%'::text)))"}]}, {"Node Type": "Index Only Scan", "Parent Relationship": "Inner", "Scan Direction": "Forward", "Index Name": "movie_id_aka_title", "Relation Name": "aka_title", "Alias": "at", "Startup Cost": 0.0, "Total Cost": 3.82, "Plan Rows": 3, "Plan Width": 4, "Index Cond": "(movie_id = mi.movie_id)"}]}, {"Node Type": "Index Scan", "Parent Relationship": "Inner", "Scan Direction": "Forward", "Index Name": "movie_id_movie_companies", "Relation Name": "movie_companies", "Alias": "mc", "Startup Cost": 0.0, "Total Cost": 0.57, "Plan Rows": 2, "Plan Width": 12, "Index Cond": "(movie_id = at.movie_id)"}]}, {"Node Type": "Index Scan", "Parent Relationship": "Inner", "Scan Direction": "Forward", "Index Name": "company_name_pkey", "Relation Name": "company_name", "Alias": "cn", "Startup Cost": 0.0, "Total Cost": 0.28, "Plan Rows": 1, "Plan Width": 4, "Index Cond": "(id = mc.company_id)", "Filter": "((country_code)::text = '[us]'::text)"}]}, {"Node Type": "Index Only Scan", "Parent Relationship": "Inner", "Scan Direction": "Forward", "Index Name": "company_type_pkey", "Relation Name": "company_type", "Alias": "ct", "Startup Cost": 0.0, "Total Cost": 0.27, "Plan Rows": 1, "Plan Width": 4, "Index Cond": "(id = mc.company_type_id)"}]}, {"Node Type": "Index Scan", "Parent Relationship": "Inner", "Scan Direction": "Forward", "Index Name": "title_pkey", "Relation Name": "title", "Alias": "t", "Startup Cost": 0.0, "Total Cost": 0.34, "Plan Rows": 1, "Plan Width": 21, "Index Cond": "(id = mc.movie_id)", "Filter": "(production_year > 1990)"}]}, {"Node Type": "Index Scan", "Parent Relationship": "Inner", "Scan Direction": "Forward", "Index Name": "movie_id_movie_keyword", "Relation Name": "movie_keyword", "Alias": "mk", "Startup Cost": 0.0, "Total Cost": 0.46, "Plan Rows": 8, "Plan Width": 8, "Index Cond": "(movie_id = mc.movie_id)"}]}, {"Node Type": "Index Only Scan", "Parent Relationship": "Inner", "Scan Direction": "Forward", "Index Name": "keyword_pkey", "Relation Name": "keyword", "Alias": "k", "Startup Cost": 0.0, "Total Cost": 0.27, "Plan Rows": 1, "Plan Width": 4, "Index Cond": "(id = mk.keyword_id)"}]}]}, "Unique SQL Id": 2846462052}, "explain_analyze_plan": null}, "(16, 106)": {"explain_plan": {"Plan": {"Node Type": "Aggregate", "Strategy": "Plain", "Startup Cost": 145910.85, "Total Cost": 145910.86, "Plan Rows": 1, "Plan Width": 123, "Plans": [{"Node Type": "Hash Join", "Parent Relationship": "Outer", "Join Type": "Inner", "Startup Cost": 110901.22, "Total Cost": 145910.18, "Plan Rows": 134, "Plan Width": 59, "Inner Unique": true, "Hash Cond": "(mk.keyword_id = k.id)", "Plans": [{"Node Type": "Streaming(type: LOCAL GATHER dop: 1/16)", "Parent Relationship": "Outer", "Startup Cost": 108698.94, "Total Cost": 143706.08, "Plan Rows": 134, "Plan Width": 63, "Plans": [{"Node Type": "Hash Join", "Parent Relationship": "Outer", "Join Type": "Inner", "Startup Cost": 108698.94, "Total Cost": 143703.19, "Plan Rows": 134, "Plan Width": 63, "Inner Unique": true, "Hash Cond": "(at.movie_id = t.id)", "Plans": [{"Node Type": "Streaming(type: BROADCAST dop: 16/1)", "Parent Relationship": "Outer", "Startup Cost": 102545.32, "Total Cost": 137549.12, "Plan Rows": 1552, "Plan Width": 62, "Plans": [{"Node Type": "Hash Join", "Parent Relationship": "Outer", "Join Type": "Inner", "Startup Cost": 102545.32, "Total Cost": 122515.63, "Plan Rows": 97, "Plan Width": 62, "Inner Unique": true, "Hash Cond": "(mc.company_type_id = ct.id)", "Plans": [{"Node Type": "Hash Join", "Parent Relationship": "Outer", "Join Type": "Inner", "Startup Cost": 102544.25, "Total Cost": 122513.22, "Plan Rows": 97, "Plan Width": 66, "Inner Unique": true, "Hash Cond": "(mc.company_id = cn.id)", "Plans": [{"Node Type": "Streaming(type: LOCAL GATHER dop: 1/16)", "Parent Relationship": "Outer", "Startup Cost": 100003.76, "Total Cost": 119970.21, "Plan Rows": 161, "Plan Width": 70, "Plans": [{"Node Type": "Hash Join", "Parent Relationship": "Outer", "Join Type": "Inner", "Startup Cost": 100003.76, "Total Cost": 119966.74, "Plan Rows": 161, "Plan Width": 70, "Inner Unique": false, "Hash Cond": "(mk.movie_id = at.movie_id)", "Plans": [{"Node Type": "Seq Scan", "Parent Relationship": "Outer", "Relation Name": "movie_keyword", "Alias": "mk", "Startup Cost": 0.0, "Total Cost": 18902.58, "Plan Rows": 4523929, "Plan Width": 8}, {"Node Type": "Hash", "Parent Relationship": "Inner", "Startup Cost": 100003.51, "Total Cost": 100003.51, "Plan Rows": 320, "Plan Width": 62, "Plans": [{"Node Type": "Streaming(type: BROADCAST dop: 16/16)", "Parent Relationship": "Outer", "Startup Cost": 66777.6, "Total Cost": 100003.51, "Plan Rows": 320, "Plan Width": 62, "Plans": [{"Node Type": "Hash Join", "Parent Relationship": "Outer", "Join Type": "Inner", "Startup Cost": 66777.6, "Total Cost": 85002.7, "Plan Rows": 20, "Plan Width": 62, "Inner Unique": false, "Hash Cond": "(mc.movie_id = at.movie_id)", "Plans": [{"Node Type": "Seq Scan", "Parent Relationship": "Outer", "Relation Name": "movie_companies", "Alias": "mc", "Startup Cost": 0.0, "Total Cost": 17613.58, "Plan Rows": 2609128, "Plan Width": 12}, {"Node Type": "Hash", "Parent Relationship": "Inner", "Startup Cost": 66777.48, "Total Cost": 66777.48, "Plan Rows": 144, "Plan Width": 50, "Plans": [{"Node Type": "Streaming(type: BROADCAST dop: 16/1)", "Parent Relationship": "Outer", "Startup Cost": 40540.99, "Total Cost": 66777.48, "Plan Rows": 144, "Plan Width": 50, "Plans": [{"Node Type": "Hash Join", "Parent Relationship": "Outer", "Join Type": "Inner", "Startup Cost": 40540.99, "Total Cost": 51774.37, "Plan Rows": 9, "Plan Width": 50, "Inner Unique": false, "Hash Cond": "(at.movie_id = mi.movie_id)", "Plans": [{"Node Type": "Seq Scan", "Parent Relationship": "Outer", "Relation Name": "aka_title", "Alias": "at", "Startup Cost": 0.0, "Total Cost": 9894.71, "Plan Rows": 361471, "Plan Width": 4}, {"Node Type": "Hash", "Parent Relationship": "Inner", "Startup Cost": 40540.94, "Total Cost": 40540.94, "Plan Rows": 4, "Plan Width": 46, "Plans": [{"Node Type": "Hash Join", "Parent Relationship": "Outer", "Join Type": "Inner", "Startup Cost": 2.41, "Total Cost": 40540.94, "Plan Rows": 4, "Plan Width": 46, "Inner Unique": true, "Hash Cond": "(mi.info_type_id = it1.id)", "Plans": [{"Node Type": "Streaming(type: LOCAL GATHER dop: 1/16)", "Parent Relationship": "Outer", "Startup Cost": 0.0, "Total Cost": 40537.53, "Plan Rows": 255, "Plan Width": 50, "Plans": [{"Node Type": "Seq Scan", "Parent Relationship": "Outer", "Relation Name": "movie_info", "Alias": "mi", "Startup Cost": 0.0, "Total Cost": 40532.03, "Plan Rows": 255, "Plan Width": 50, "Filter": "((info IS NOT NULL) AND ((note)::text ~~ '%internet%'::text) AND (((info)::text ~~ 'USA:% 199%'::text) OR ((info)::text ~~ 'USA:% 200%'::text)))"}]}, {"Node Type": "Hash", "Parent Relationship": "Inner", "Startup Cost": 2.4, "Total Cost": 2.4, "Plan Rows": 1, "Plan Width": 4, "Plans": [{"Node Type": "Seq Scan", "Parent Relationship": "Outer", "Relation Name": "info_type", "Alias": "it1", "Startup Cost": 0.0, "Total Cost": 2.4, "Plan Rows": 1, "Plan Width": 4, "Filter": "((info)::text = 'release dates'::text)"}]}]}]}]}]}]}]}]}]}]}]}, {"Node Type": "Hash", "Parent Relationship": "Inner", "Startup Cost": 5903.45, "Total Cost": 5903.45, "Plan Rows": 85170, "Plan Width": 4, "Plans": [{"Node Type": "Seq Scan", "Parent Relationship": "Outer", "Relation Name": "company_name", "Alias": "cn", "Startup Cost": 0.0, "Total Cost": 5903.45, "Plan Rows": 85170, "Plan Width": 4, "Filter": "((country_code)::text = '[us]'::text)"}]}]}, {"Node Type": "Hash", "Parent Relationship": "Inner", "Startup Cost": 1.03, "Total Cost": 1.03, "Plan Rows": 3, "Plan Width": 4, "Plans": [{"Node Type": "Seq Scan", "Parent Relationship": "Outer", "Relation Name": "company_type", "Alias": "ct", "Startup Cost": 0.0, "Total Cost": 1.03, "Plan Rows": 3, "Plan Width": 4}]}]}]}, {"Node Type": "Hash", "Parent Relationship": "Inner", "Startup Cost": 19149.37, "Total Cost": 19149.37, "Plan Rows": 1748840, "Plan Width": 21, "Plans": [{"Node Type": "Seq Scan", "Parent Relationship": "Outer", "Relation Name": "title", "Alias": "t", "Startup Cost": 0.0, "Total Cost": 19149.37, "Plan Rows": 1748840, "Plan Width": 21, "Filter": "(production_year > 1990), (LLVM Optimized)"}]}]}]}, {"Node Type": "Hash", "Parent Relationship": "Inner", "Startup Cost": 2100.69, "Total Cost": 2100.69, "Plan Rows": 134169, "Plan Width": 4, "Plans": [{"Node Type": "Seq Scan", "Parent Relationship": "Outer", "Relation Name": "keyword", "Alias": "k", "Startup Cost": 0.0, "Total Cost": 2100.69, "Plan Rows": 134169, "Plan Width": 4}]}]}]}, "Unique SQL Id": 2846462052}, "explain_analyze_plan": {"Plan": {"Node Type": "Aggregate", "Strategy": "Plain", "Startup Cost": 145910.85, "Total Cost": 145910.86, "Plan Rows": 1, "Plan Width": 123, "Actual Min Startup Time": 729.613, "Actual Max Startup Time": 729.613, "Actual Min Total Time": 729.613, "Actual Max Total Time": 729.613, "Actual Total Rows": 1, "Plans": [{"Node Type": "Hash Join", "Parent Relationship": "Outer", "Join Type": "Inner", "Startup Cost": 110901.22, "Total Cost": 145910.18, "Plan Rows": 134, "Plan Width": 59, "Actual Min Startup Time": 691.845, "Actual Max Startup Time": 691.845, "Actual Min Total Time": 728.957, "Actual Max Total Time": 728.957, "Actual Total Rows": 1140, "Inner Unique": true, "Hash Cond": "(mk.keyword_id = k.id)", "Plans": [{"Node Type": "Streaming(type: LOCAL GATHER dop: 1/16)", "Parent Relationship": "Outer", "Startup Cost": 108698.94, "Total Cost": 143706.08, "Plan Rows": 134, "Plan Width": 63, "Actual Min Startup Time": 618.58, "Actual Max Startup Time": 618.58, "Actual Min Total Time": 655.134, "Actual Max Total Time": 655.134, "Actual Total Rows": 1140, "Plans": [{"Node Type": "Hash Join", "Parent Relationship": "Outer", "Join Type": "Inner", "Startup Cost": 108698.94, "Total Cost": 143703.19, "Plan Rows": 134, "Plan Width": 63, "Actual Min Startup Time": 546.032, "Actual Max Startup Time": 658.368, "Actual Min Total Time": 622.916, "Actual Max Total Time": 660.235, "Actual Total Rows": 1140, "Inner Unique": true, "Hash Cond": "(at.movie_id = t.id)", "Plans": [{"Node Type": "Streaming(type: BROADCAST dop: 16/1)", "Parent Relationship": "Outer", "Startup Cost": 102545.32, "Total Cost": 137549.12, "Plan Rows": 1552, "Plan Width": 62, "Actual Min Startup Time": 444.915, "Actual Max Startup Time": 480.922, "Actual Min Total Time": 521.583, "Actual Max Total Time": 557.167, "Actual Total Rows": 18240, "Plans": [{"Node Type": "Hash Join", "Parent Relationship": "Outer", "Join Type": "Inner", "Startup Cost": 102545.32, "Total Cost": 122515.63, "Plan Rows": 97, "Plan Width": 62, "Actual Min Startup Time": 536.081, "Actual Max Startup Time": 536.081, "Actual Min Total Time": 634.494, "Actual Max Total Time": 634.494, "Actual Total Rows": 1140, "Inner Unique": true, "Hash Cond": "(mc.company_type_id = ct.id)", "Plans": [{"Node Type": "Hash Join", "Parent Relationship": "Outer", "Join Type": "Inner", "Startup Cost": 102544.25, "Total Cost": 122513.22, "Plan Rows": 97, "Plan Width": 66, "Actual Min Startup Time": 535.969, "Actual Max Startup Time": 535.969, "Actual Min Total Time": 633.65, "Actual Max Total Time": 633.65, "Actual Total Rows": 2271, "Inner Unique": true, "Hash Cond": "(mc.company_id = cn.id)", "Plans": [{"Node Type": "Streaming(type: LOCAL GATHER dop: 1/16)", "Parent Relationship": "Outer", "Startup Cost": 100003.76, "Total Cost": 119970.21, "Plan Rows": 161, "Plan Width": 70, "Actual Min Startup Time": 419.081, "Actual Max Startup Time": 419.081, "Actual Min Total Time": 515.531, "Actual Max Total Time": 515.531, "Actual Total Rows": 3123, "Plans": [{"Node Type": "Hash Join", "Parent Relationship": "Outer", "Join Type": "Inner", "Startup Cost": 100003.76, "Total Cost": 119966.74, "Plan Rows": 161, "Plan Width": 70, "Actual Min Startup Time": 529.883, "Actual Max Startup Time": 620.433, "Actual Min Total Time": 630.847, "Actual Max Total Time": 654.44, "Actual Total Rows": 3123, "Inner Unique": false, "Hash Cond": "(mk.movie_id = at.movie_id)", "Plans": [{"Node Type": "Seq Scan", "Parent Relationship": "Outer", "Relation Name": "movie_keyword", "Alias": "mk", "Startup Cost": 0.0, "Total Cost": 18902.58, "Plan Rows": 4523929, "Plan Width": 8, "Actual Min Startup Time": 0.055, "Actual Max Startup Time": 0.085, "Actual Min Total Time": 57.268, "Actual Max Total Time": 65.834, "Actual Total Rows": 4523929}, {"Node Type": "Hash", "Parent Relationship": "Inner", "Startup Cost": 100003.51, "Total Cost": 100003.51, "Plan Rows": 320, "Plan Width": 62, "Actual Min Startup Time": 528.76, "Actual Max Startup Time": 539.827, "Actual Min Total Time": 528.76, "Actual Max Total Time": 539.827, "Actual Total Rows": 6400, "Max Hash Buckets": 32768, "Min Hash Buckets": 32768, "Max Hash Batches": 1, "Min Hash Batches": 1, "Max Original Hash Batches": 1, "Min Original Hash Batches": 1, "Max Peak Memory Usage": 29, "min Peak Memory Usage": 29, "Plans": [{"Node Type": "Streaming(type: BROADCAST dop: 16/16)", "Parent Relationship": "Outer", "Startup Cost": 66777.6, "Total Cost": 100003.51, "Plan Rows": 320, "Plan Width": 62, "Actual Min Startup Time": 516.556, "Actual Max Startup Time": 527.611, "Actual Min Total Time": 528.637, "Actual Max Total Time": 539.699, "Actual Total Rows": 6400, "Plans": [{"Node Type": "Hash Join", "Parent Relationship": "Outer", "Join Type": "Inner", "Startup Cost": 66777.6, "Total Cost": 85002.7, "Plan Rows": 20, "Plan Width": 62, "Actual Min Startup Time": 460.663, "Actual Max Startup Time": 494.615, "Actual Min Total Time": 518.903, "Actual Max Total Time": 549.663, "Actual Total Rows": 400, "Inner Unique": false, "Hash Cond": "(mc.movie_id = at.movie_id)", "Plans": [{"Node Type": "Seq Scan", "Parent Relationship": "Outer", "Relation Name": "movie_companies", "Alias": "mc", "Startup Cost": 0.0, "Total Cost": 17613.58, "Plan Rows": 2609128, "Plan Width": 12, "Actual Min Startup Time": 0.041, "Actual Max Startup Time": 0.062, "Actual Min Total Time": 32.793, "Actual Max Total Time": 40.26, "Actual Total Rows": 2609128}, {"Node Type": "Hash", "Parent Relationship": "Inner", "Startup Cost": 66777.48, "Total Cost": 66777.48, "Plan Rows": 144, "Plan Width": 50, "Actual Min Startup Time": 458.748, "Actual Max Startup Time": 483.719, "Actual Min Total Time": 458.748, "Actual Max Total Time": 483.719, "Actual Total Rows": 1920, "Max Hash Buckets": 32768, "Min Hash Buckets": 32768, "Max Hash Batches": 1, "Min Hash Batches": 1, "Max Original Hash Batches": 1, "Min Original Hash Batches": 1, "Max Peak Memory Usage": 8, "min Peak Memory Usage": 8, "Plans": [{"Node Type": "Streaming(type: BROADCAST dop: 16/1)", "Parent Relationship": "Outer", "Startup Cost": 40540.99, "Total Cost": 66777.48, "Plan Rows": 144, "Plan Width": 50, "Actual Min Startup Time": 420.134, "Actual Max Startup Time": 445.115, "Actual Min Total Time": 458.684, "Actual Max Total Time": 483.664, "Actual Total Rows": 1920, "Plans": [{"Node Type": "Hash Join", "Parent Relationship": "Outer", "Join Type": "Inner", "Startup Cost": 40540.99, "Total Cost": 51774.37, "Plan Rows": 9, "Plan Width": 50, "Actual Min Startup Time": 309.23, "Actual Max Startup Time": 309.23, "Actual Min Total Time": 463.919, "Actual Max Total Time": 463.919, "Actual Total Rows": 120, "Inner Unique": false, "Hash Cond": "(at.movie_id = mi.movie_id)", "Plans": [{"Node Type": "Seq Scan", "Parent Relationship": "Outer", "Relation Name": "aka_title", "Alias": "at", "Startup Cost": 0.0, "Total Cost": 9894.71, "Plan Rows": 361471, "Plan Width": 4, "Actual Min Startup Time": 0.028, "Actual Max Startup Time": 0.028, "Actual Min Total Time": 92.154, "Actual Max Total Time": 92.154, "Actual Total Rows": 361471}, {"Node Type": "Hash", "Parent Relationship": "Inner", "Startup Cost": 40540.94, "Total Cost": 40540.94, "Plan Rows": 4, "Plan Width": 46, "Actual Min Startup Time": 308.855, "Actual Max Startup Time": 308.855, "Actual Min Total Time": 308.855, "Actual Max Total Time": 308.855, "Actual Total Rows": 1783, "Max Hash Buckets": 32768, "Min Hash Buckets": 32768, "Max Hash Batches": 1, "Min Hash Batches": 1, "Max Original Hash Batches": 1, "Min Original Hash Batches": 1, "Max Peak Memory Usage": 99, "min Peak Memory Usage": 99, "Plans": [{"Node Type": "Hash Join", "Parent Relationship": "Outer", "Join Type": "Inner", "Startup Cost": 2.41, "Total Cost": 40540.94, "Plan Rows": 4, "Plan Width": 46, "Actual Min Startup Time": 128.262, "Actual Max Startup Time": 128.262, "Actual Min Total Time": 308.215, "Actual Max Total Time": 308.215, "Actual Total Rows": 1783, "Inner Unique": true, "Hash Cond": "(mi.info_type_id = it1.id)", "Plans": [{"Node Type": "Streaming(type: LOCAL GATHER dop: 1/16)", "Parent Relationship": "Outer", "Startup Cost": 0.0, "Total Cost": 40537.53, "Plan Rows": 255, "Plan Width": 50, "Actual Min Startup Time": 128.091, "Actual Max Startup Time": 128.091, "Actual Min Total Time": 307.245, "Actual Max Total Time": 307.245, "Actual Total Rows": 1783, "Plans": [{"Node Type": "Seq Scan", "Parent Relationship": "Outer", "Relation Name": "movie_info", "Alias": "mi", "Startup Cost": 0.0, "Total Cost": 40532.03, "Plan Rows": 255, "Plan Width": 50, "Actual Min Startup Time": 81.163, "Actual Max Startup Time": 89.351, "Actual Min Total Time": 295.744, "Actual Max Total Time": 303.842, "Actual Total Rows": 1783, "Filter": "((info IS NOT NULL) AND ((note)::text ~~ '%internet%'::text) AND (((info)::text ~~ 'USA:% 199%'::text) OR ((info)::text ~~ 'USA:% 200%'::text)))", "Rows Removed by Filter": 14833936}]}, {"Node Type": "Hash", "Parent Relationship": "Inner", "Startup Cost": 2.4, "Total Cost": 2.4, "Plan Rows": 1, "Plan Width": 4, "Actual Min Startup Time": 0.089, "Actual Max Startup Time": 0.089, "Actual Min Total Time": 0.089, "Actual Max Total Time": 0.089, "Actual Total Rows": 1, "Max Hash Buckets": 32768, "Min Hash Buckets": 32768, "Max Hash Batches": 1, "Min Hash Batches": 1, "Max Original Hash Batches": 1, "Min Original Hash Batches": 1, "Max Peak Memory Usage": 1, "min Peak Memory Usage": 1, "Plans": [{"Node Type": "Seq Scan", "Parent Relationship": "Outer", "Relation Name": "info_type", "Alias": "it1", "Startup Cost": 0.0, "Total Cost": 2.4, "Plan Rows": 1, "Plan Width": 4, "Actual Min Startup Time": 0.052, "Actual Max Startup Time": 0.052, "Actual Min Total Time": 0.073, "Actual Max Total Time": 0.073, "Actual Total Rows": 1, "Filter": "((info)::text = 'release dates'::text)", "Rows Removed by Filter": 111}]}]}]}]}]}]}]}]}]}]}]}, {"Node Type": "Hash", "Parent Relationship": "Inner", "Startup Cost": 5903.45, "Total Cost": 5903.45, "Plan Rows": 85170, "Plan Width": 4, "Actual Min Startup Time": 116.763, "Actual Max Startup Time": 116.763, "Actual Min Total Time": 116.763, "Actual Max Total Time": 116.763, "Actual Total Rows": 84843, "Max Hash Buckets": 131072, "Min Hash Buckets": 131072, "Max Hash Batches": 1, "Min Hash Batches": 1, "Max Original Hash Batches": 1, "Min Original Hash Batches": 1, "Max Peak Memory Usage": 2983, "min Peak Memory Usage": 2983, "Plans": [{"Node Type": "Seq Scan", "Parent Relationship": "Outer", "Relation Name": "company_name", "Alias": "cn", "Startup Cost": 0.0, "Total Cost": 5903.45, "Plan Rows": 85170, "Plan Width": 4, "Actual Min Startup Time": 0.042, "Actual Max Startup Time": 0.042, "Actual Min Total Time": 90.857, "Actual Max Total Time": 90.857, "Actual Total Rows": 84843, "Filter": "((country_code)::text = '[us]'::text)", "Rows Removed by Filter": 150153}]}]}, {"Node Type": "Hash", "Parent Relationship": "Inner", "Startup Cost": 1.03, "Total Cost": 1.03, "Plan Rows": 3, "Plan Width": 4, "Actual Min Startup Time": 0.032, "Actual Max Startup Time": 0.032, "Actual Min Total Time": 0.032, "Actual Max Total Time": 0.032, "Actual Total Rows": 3, "Max Hash Buckets": 32768, "Min Hash Buckets": 32768, "Max Hash Batches": 1, "Min Hash Batches": 1, "Max Original Hash Batches": 1, "Min Original Hash Batches": 1, "Max Peak Memory Usage": 1, "min Peak Memory Usage": 1, "Plans": [{"Node Type": "Seq Scan", "Parent Relationship": "Outer", "Relation Name": "company_type", "Alias": "ct", "Startup Cost": 0.0, "Total Cost": 1.03, "Plan Rows": 3, "Plan Width": 4, "Actual Min Startup Time": 0.013, "Actual Max Startup Time": 0.013, "Actual Min Total Time": 0.015, "Actual Max Total Time": 0.015, "Actual Total Rows": 3}]}]}]}, {"Node Type": "Hash", "Parent Relationship": "Inner", "Startup Cost": 19149.37, "Total Cost": 19149.37, "Plan Rows": 1748840, "Plan Width": 21, "Actual Min Startup Time": 96.692, "Actual Max Startup Time": 106.495, "Actual Min Total Time": 96.692, "Actual Max Total Time": 106.495, "Actual Total Rows": 1749032, "Max Hash Buckets": 131072, "Min Hash Buckets": 131072, "Max Hash Batches": 1, "Min Hash Batches": 1, "Max Original Hash Batches": 1, "Min Original Hash Batches": 1, "Max Peak Memory Usage": 5962, "min Peak Memory Usage": 5962, "Plans": [{"Node Type": "Seq Scan", "Parent Relationship": "Outer", "Relation Name": "title", "Alias": "t", "Startup Cost": 0.0, "Total Cost": 19149.37, "Plan Rows": 1748840, "Plan Width": 21, "Actual Min Startup Time": 0.023, "Actual Max Startup Time": 0.039, "Actual Min Total Time": 63.609, "Actual Max Total Time": 72.278, "Actual Total Rows": 1749032, "Filter": "(production_year > 1990), (LLVM Optimized)", "Rows Removed by Filter": 779279}]}]}]}, {"Node Type": "Hash", "Parent Relationship": "Inner", "Startup Cost": 2100.69, "Total Cost": 2100.69, "Plan Rows": 134169, "Plan Width": 4, "Actual Min Startup Time": 73.018, "Actual Max Startup Time": 73.018, "Actual Min Total Time": 73.018, "Actual Max Total Time": 73.018, "Actual Total Rows": 134169, "Max Hash Buckets": 262144, "Min Hash Buckets": 262144, "Max Hash Batches": 1, "Min Hash Batches": 1, "Max Original Hash Batches": 1, "Min Original Hash Batches": 1, "Max Peak Memory Usage": 4717, "min Peak Memory Usage": 4717, "Plans": [{"Node Type": "Seq Scan", "Parent Relationship": "Outer", "Relation Name": "keyword", "Alias": "k", "Startup Cost": 0.0, "Total Cost": 2100.69, "Plan Rows": 134169, "Plan Width": 4, "Actual Min Startup Time": 0.065, "Actual Max Startup Time": 0.065, "Actual Min Total Time": 37.77, "Actual Max Total Time": 37.77, "Actual Total Rows": 134169}]}]}]}, "Triggers": [], "Planner Runtime": 579.458, "Total Runtime": 756.918, "Unique SQL Id": 2846462052}}, "(16, 107)": {"explain_plan": {"Plan": {"Node Type": "Aggregate", "Strategy": "Plain", "Startup Cost": 9000055032566.68, "Total Cost": 9000055032566.69, "Plan Rows": 1, "Plan Width": 123, "Plans": [{"Node Type": "Hash Join", "Parent Relationship": "Outer", "Join Type": "Inner", "Startup Cost": 7020038541781.64, "Total Cost": 9000055032566.01, "Plan Rows": 134, "Plan Width": 59, "Inner Unique": true, "Hash Cond": "(at.movie_id = t.id)", "Plans": [{"Node Type": "Hash Join", "Parent Relationship": "Outer", "Join Type": "Inner", "Startup Cost": 6020026875794.47, "Total Cost": 8000043366577.15, "Plan Rows": 97, "Plan Width": 58, "Inner Unique": true, "Hash Cond": "(mk.keyword_id = k.id)", "Plans": [{"Node Type": "Hash Join", "Parent Relationship": "Outer", "Join Type": "Inner", "Startup Cost": 5020026668038.86, "Total Cost": 7000043158820.2, "Plan Rows": 97, "Plan Width": 62, "Inner Unique": false, "Hash Cond": "(at.movie_id = mk.movie_id)", "Plans": [{"Node Type": "Hash Join", "Parent Relationship": "Outer", "Join Type": "Inner", "Startup Cost": 4020011310855.58, "Total Cost": 6000027801623.86, "Plan Rows": 12, "Plan Width": 54, "Inner Unique": true, "Hash Cond": "(mc.company_type_id = ct.id)", "Plans": [{"Node Type": "Hash Join", "Parent Relationship": "Outer", "Join Type": "Inner", "Startup Cost": 3020011310026.04, "Total Cost": 5000027800794.16, "Plan Rows": 12, "Plan Width": 58, "Inner Unique": true, "Hash Cond": "(mc.company_id = cn.id)", "Plans": [{"Node Type": "Hash Join", "Parent Relationship": "Outer", "Join Type": "Inner", "Startup Cost": 2020010258822.45, "Total Cost": 4000026749590.25, "Plan Rows": 20, "Plan Width": 62, "Inner Unique": false, "Hash Cond": "(at.movie_id = mc.movie_id)", "Plans": [{"Node Type": "Hash Join", "Parent Relationship": "Outer", "Join Type": "Inner", "Startup Cost": 1020000907991.35, "Total Cost": 3000017398756.65, "Plan Rows": 9, "Plan Width": 50, "Inner Unique": false, "Hash Cond": "(mi.movie_id = at.movie_id)", "Plans": [{"Node Type": "Nested Loop", "Parent Relationship": "Outer", "Join Type": "Inner", "Startup Cost": 20000004841.46, "Total Cost": 2000016495606.35, "Plan Rows": 4, "Plan Width": 46, "Inner Unique": false, "Plans": [{"Node Type": "Index Scan", "Parent Relationship": "Outer", "Scan Direction": "Forward", "Index Name": "info_type_pkey", "Relation Name": "info_type", "Alias": "it1", "Startup Cost": 10000000000.0, "Total Cost": 1000000001421.0, "Plan Rows": 1, "Plan Width": 4, "Filter": "((info)::text = 'release dates'::text)"}, {"Node Type": "Bitmap Heap Scan", "Parent Relationship": "Inner", "Relation Name": "movie_info", "Alias": "mi", "Startup Cost": 10000004841.46, "Total Cost": 1000016494185.31, "Plan Rows": 4, "Plan Width": 50, "Recheck Cond": "(info_type_id = it1.id)", "Filter": "((info IS NOT NULL) AND ((note)::text ~~ '%internet%'::text) AND (((info)::text ~~ 'USA:% 199%'::text) OR ((info)::text ~~ 'USA:% 200%'::text)))", "Plans": [{"Node Type": "Bitmap Index Scan", "Parent Relationship": "Outer", "Index Name": "info_type_id_movie_info", "Startup Cost": 0.0, "Total Cost": 4841.46, "Plan Rows": 212428, "Plan Width": 0, "Index Cond": "(info_type_id = it1.id)"}]}]}, {"Node Type": "Hash", "Parent Relationship": "Inner", "Startup Cost": 1000000898631.5, "Total Cost": 1000000898631.5, "Plan Rows": 361471, "Plan Width": 4, "Plans": [{"Node Type": "Index Only Scan", "Parent Relationship": "Outer", "Scan Direction": "Forward", "Index Name": "movie_id_aka_title", "Relation Name": "aka_title", "Alias": "at", "Startup Cost": 10000000000.0, "Total Cost": 1000000898631.5, "Plan Rows": 361471, "Plan Width": 4}]}]}, {"Node Type": "Hash", "Parent Relationship": "Inner", "Startup Cost": 1000009318217.0, "Total Cost": 1000009318217.0, "Plan Rows": 2609128, "Plan Width": 12, "Plans": [{"Node Type": "Index Scan", "Parent Relationship": "Outer", "Scan Direction": "Forward", "Index Name": "company_type_id_movie_companies", "Relation Name": "movie_companies", "Alias": "mc", "Startup Cost": 10000000000.0, "Total Cost": 1000009318217.0, "Plan Rows": 2609128, "Plan Width": 12}]}]}, {"Node Type": "Hash", "Parent Relationship": "Inner", "Startup Cost": 1000001050138.97, "Total Cost": 1000001050138.97, "Plan Rows": 85170, "Plan Width": 4, "Plans": [{"Node Type": "Index Scan", "Parent Relationship": "Outer", "Scan Direction": "Forward", "Index Name": "company_name_pkey", "Relation Name": "company_name", "Alias": "cn", "Startup Cost": 10000000000.0, "Total Cost": 1000001050138.97, "Plan Rows": 85170, "Plan Width": 4, "Filter": "((country_code)::text = '[us]'::text)"}]}]}, {"Node Type": "Hash", "Parent Relationship": "Inner", "Startup Cost": 1000000000829.5, "Total Cost": 1000000000829.5, "Plan Rows": 3, "Plan Width": 4, "Plans": [{"Node Type": "Index Only Scan", "Parent Relationship": "Outer", "Scan Direction": "Forward", "Index Name": "company_type_pkey", "Relation Name": "company_type", "Alias": "ct", "Startup Cost": 10000000000.0, "Total Cost": 1000000000829.5, "Plan Rows": 3, "Plan Width": 4}]}]}, {"Node Type": "Hash", "Parent Relationship": "Inner", "Startup Cost": 1000015300634.17, "Total Cost": 1000015300634.17, "Plan Rows": 4523929, "Plan Width": 8, "Plans": [{"Node Type": "Index Scan", "Parent Relationship": "Outer", "Scan Direction": "Forward", "Index Name": "movie_id_movie_keyword", "Relation Name": "movie_keyword", "Alias": "mk", "Startup Cost": 10000000000.0, "Total Cost": 1000015300634.17, "Plan Rows": 4523929, "Plan Width": 8}]}]}, {"Node Type": "Hash", "Parent Relationship": "Inner", "Startup Cost": 1000000206078.5, "Total Cost": 1000000206078.5, "Plan Rows": 134169, "Plan Width": 4, "Plans": [{"Node Type": "Index Only Scan", "Parent Relationship": "Outer", "Scan Direction": "Forward", "Index Name": "keyword_pkey", "Relation Name": "keyword", "Alias": "k", "Startup Cost": 10000000000.0, "Total Cost": 1000000206078.5, "Plan Rows": 134169, "Plan Width": 4}]}]}, {"Node Type": "Hash", "Parent Relationship": "Inner", "Startup Cost": 1000011644126.66, "Total Cost": 1000011644126.66, "Plan Rows": 1748840, "Plan Width": 21, "Plans": [{"Node Type": "Index Scan", "Parent Relationship": "Outer", "Scan Direction": "Forward", "Index Name": "title_pkey", "Relation Name": "title", "Alias": "t", "Startup Cost": 10000000000.0, "Total Cost": 1000011644126.66, "Plan Rows": 1748840, "Plan Width": 21, "Filter": "(production_year > 1990), (LLVM Optimized)"}]}]}]}, "Unique SQL Id": 2846462052}, "explain_analyze_plan": null}, "(16, 108)": {"explain_plan": {"Plan": {"Node Type": "Aggregate", "Strategy": "Plain", "Startup Cost": 40714.36, "Total Cost": 40714.37, "Plan Rows": 1, "Plan Width": 123, "Plans": [{"Node Type": "Nested Loop", "Parent Relationship": "Outer", "Join Type": "Inner", "Startup Cost": 0.0, "Total Cost": 40713.7, "Plan Rows": 132, "Plan Width": 59, "Inner Unique": true, "Plans": [{"Node Type": "Nested Loop", "Parent Relationship": "Outer", "Join Type": "Inner", "Startup Cost": 0.0, "Total Cost": 40676.09, "Plan Rows": 134, "Plan Width": 63, "Inner Unique": false, "Join Filter": "(t.id = mk.movie_id)", "Plans": [{"Node Type": "Nested Loop", "Parent Relationship": "Outer", "Join Type": "Inner", "Startup Cost": 0.0, "Total Cost": 40666.53, "Plan Rows": 17, "Plan Width": 75, "Inner Unique": false, "Plans": [{"Node Type": "Nested Loop", "Parent Relationship": "Outer", "Join Type": "Inner", "Startup Cost": 0.0, "Total Cost": 40662.97, "Plan Rows": 10, "Plan Width": 71, "Inner Unique": true, "Plans": [{"Node Type": "Nested Loop", "Parent Relationship": "Outer", "Join Type": "Inner", "Startup Cost": 0.0, "Total Cost": 40660.17, "Plan Rows": 10, "Plan Width": 75, "Inner Unique": true, "Plans": [{"Node Type": "Nested Loop", "Parent Relationship": "Outer", "Join Type": "Inner", "Startup Cost": 0.0, "Total Cost": 40656.72, "Plan Rows": 12, "Plan Width": 79, "Inner Unique": false, "Plans": [{"Node Type": "Nested Loop", "Parent Relationship": "Outer", "Join Type": "Inner", "Startup Cost": 0.0, "Total Cost": 40654.51, "Plan Rows": 6, "Plan Width": 67, "Inner Unique": true, "Plans": [{"Node Type": "Nested Loop", "Parent Relationship": "Outer", "Join Type": "Inner", "Startup Cost": 0.0, "Total Cost": 40621.57, "Plan Rows": 4, "Plan Width": 46, "Inner Unique": true, "Plans": [{"Node Type": "Streaming(type: LOCAL GATHER dop: 1/16)", "Parent Relationship": "Outer", "Startup Cost": 0.0, "Total Cost": 40537.53, "Plan Rows": 255, "Plan Width": 50, "Plans": [{"Node Type": "Seq Scan", "Parent Relationship": "Outer", "Relation Name": "movie_info", "Alias": "mi", "Startup Cost": 0.0, "Total Cost": 40532.03, "Plan Rows": 255, "Plan Width": 50, "Filter": "((info IS NOT NULL) AND ((note)::text ~~ '%internet%'::text) AND (((info)::text ~~ 'USA:% 199%'::text) OR ((info)::text ~~ 'USA:% 200%'::text)))"}]}, {"Node Type": "Index Scan", "Parent Relationship": "Inner", "Scan Direction": "Forward", "Index Name": "info_type_pkey", "Relation Name": "info_type", "Alias": "it1", "Startup Cost": 0.0, "Total Cost": 0.32, "Plan Rows": 1, "Plan Width": 4, "Index Cond": "(id = mi.info_type_id)", "Filter": "((info)::text = 'release dates'::text)"}]}, {"Node Type": "Index Scan", "Parent Relationship": "Inner", "Scan Direction": "Forward", "Index Name": "title_pkey", "Relation Name": "title", "Alias": "t", "Startup Cost": 0.0, "Total Cost": 8.23, "Plan Rows": 1, "Plan Width": 21, "Index Cond": "(id = mi.movie_id)", "Filter": "(production_year > 1990)"}]}, {"Node Type": "Index Scan", "Parent Relationship": "Inner", "Scan Direction": "Forward", "Index Name": "movie_id_movie_companies", "Relation Name": "movie_companies", "Alias": "mc", "Startup Cost": 0.0, "Total Cost": 0.35, "Plan Rows": 2, "Plan Width": 12, "Index Cond": "(movie_id = t.id)"}]}, {"Node Type": "Index Scan", "Parent Relationship": "Inner", "Scan Direction": "Forward", "Index Name": "company_name_pkey", "Relation Name": "company_name", "Alias": "cn", "Startup Cost": 0.0, "Total Cost": 0.28, "Plan Rows": 1, "Plan Width": 4, "Index Cond": "(id = mc.company_id)", "Filter": "((country_code)::text = '[us]'::text)"}]}, {"Node Type": "Index Scan", "Parent Relationship": "Inner", "Scan Direction": "Forward", "Index Name": "company_type_pkey", "Relation Name": "company_type", "Alias": "ct", "Startup Cost": 0.0, "Total Cost": 0.27, "Plan Rows": 1, "Plan Width": 4, "Index Cond": "(id = mc.company_type_id)"}]}, {"Node Type": "Index Scan", "Parent Relationship": "Inner", "Scan Direction": "Forward", "Index Name": "movie_id_aka_title", "Relation Name": "aka_title", "Alias": "at", "Startup Cost": 0.0, "Total Cost": 0.33, "Plan Rows": 3, "Plan Width": 4, "Index Cond": "(movie_id = t.id)"}]}, {"Node Type": "Index Scan", "Parent Relationship": "Inner", "Scan Direction": "Forward", "Index Name": "movie_id_movie_keyword", "Relation Name": "movie_keyword", "Alias": "mk", "Startup Cost": 0.0, "Total Cost": 0.46, "Plan Rows": 8, "Plan Width": 8, "Index Cond": "(movie_id = mc.movie_id)"}]}, {"Node Type": "Index Scan", "Parent Relationship": "Inner", "Scan Direction": "Forward", "Index Name": "keyword_pkey", "Relation Name": "keyword", "Alias": "k", "Startup Cost": 0.0, "Total Cost": 0.27, "Plan Rows": 1, "Plan Width": 4, "Index Cond": "(id = mk.keyword_id)"}]}]}, "Unique SQL Id": 2846462052}, "explain_analyze_plan": {"Plan": {"Node Type": "Aggregate", "Strategy": "Plain", "Startup Cost": 40714.36, "Total Cost": 40714.37, "Plan Rows": 1, "Plan Width": 123, "Actual Min Startup Time": 350.692, "Actual Max Startup Time": 350.692, "Actual Min Total Time": 350.692, "Actual Max Total Time": 350.692, "Actual Total Rows": 1, "Plans": [{"Node Type": "Nested Loop", "Parent Relationship": "Outer", "Join Type": "Inner", "Startup Cost": 0.0, "Total Cost": 40713.7, "Plan Rows": 132, "Plan Width": 59, "Actual Min Startup Time": 146.341, "Actual Max Startup Time": 146.341, "Actual Min Total Time": 349.782, "Actual Max Total Time": 349.782, "Actual Total Rows": 1140, "Inner Unique": true, "Plans": [{"Node Type": "Nested Loop", "Parent Relationship": "Outer", "Join Type": "Inner", "Startup Cost": 0.0, "Total Cost": 40676.09, "Plan Rows": 134, "Plan Width": 63, "Actual Min Startup Time": 146.328, "Actual Max Startup Time": 146.328, "Actual Min Total Time": 344.599, "Actual Max Total Time": 344.599, "Actual Total Rows": 1140, "Inner Unique": false, "Join Filter": "(t.id = mk.movie_id)", "Rows Removed by Join Filter": 0, "Plans": [{"Node Type": "Nested Loop", "Parent Relationship": "Outer", "Join Type": "Inner", "Startup Cost": 0.0, "Total Cost": 40666.53, "Plan Rows": 17, "Plan Width": 75, "Actual Min Startup Time": 146.311, "Actual Max Startup Time": 146.311, "Actual Min Total Time": 342.881, "Actual Max Total Time": 342.881, "Actual Total Rows": 119, "Inner Unique": false, "Plans": [{"Node Type": "Nested Loop", "Parent Relationship": "Outer", "Join Type": "Inner", "Startup Cost": 0.0, "Total Cost": 40662.97, "Plan Rows": 10, "Plan Width": 71, "Actual Min Startup Time": 145.791, "Actual Max Startup Time": 145.791, "Actual Min Total Time": 337.537, "Actual Max Total Time": 337.537, "Actual Total Rows": 1488, "Inner Unique": true, "Plans": [{"Node Type": "Nested Loop", "Parent Relationship": "Outer", "Join Type": "Inner", "Startup Cost": 0.0, "Total Cost": 40660.17, "Plan Rows": 10, "Plan Width": 75, "Actual Min Startup Time": 145.75, "Actual Max Startup Time": 145.75, "Actual Min Total Time": 332.292, "Actual Max Total Time": 332.292, "Actual Total Rows": 2647, "Inner Unique": true, "Plans": [{"Node Type": "Nested Loop", "Parent Relationship": "Outer", "Join Type": "Inner", "Startup Cost": 0.0, "Total Cost": 40656.72, "Plan Rows": 12, "Plan Width": 79, "Actual Min Startup Time": 145.734, "Actual Max Startup Time": 145.734, "Actual Min Total Time": 317.389, "Actual Max Total Time": 317.389, "Actual Total Rows": 2884, "Inner Unique": false, "Plans": [{"Node Type": "Nested Loop", "Parent Relationship": "Outer", "Join Type": "Inner", "Startup Cost": 0.0, "Total Cost": 40654.51, "Plan Rows": 6, "Plan Width": 67, "Actual Min Startup Time": 145.719, "Actual Max Startup Time": 145.719, "Actual Min Total Time": 304.488, "Actual Max Total Time": 304.488, "Actual Total Rows": 1782, "Inner Unique": true, "Plans": [{"Node Type": "Nested Loop", "Parent Relationship": "Outer", "Join Type": "Inner", "Startup Cost": 0.0, "Total Cost": 40621.57, "Plan Rows": 4, "Plan Width": 46, "Actual Min Startup Time": 145.699, "Actual Max Startup Time": 145.699, "Actual Min Total Time": 293.151, "Actual Max Total Time": 293.151, "Actual Total Rows": 1783, "Inner Unique": true, "Plans": [{"Node Type": "Streaming(type: LOCAL GATHER dop: 1/16)", "Parent Relationship": "Outer", "Startup Cost": 0.0, "Total Cost": 40537.53, "Plan Rows": 255, "Plan Width": 50, "Actual Min Startup Time": 145.615, "Actual Max Startup Time": 145.615, "Actual Min Total Time": 287.802, "Actual Max Total Time": 287.802, "Actual Total Rows": 1783, "Plans": [{"Node Type": "Seq Scan", "Parent Relationship": "Outer", "Relation Name": "movie_info", "Alias": "mi", "Startup Cost": 0.0, "Total Cost": 40532.03, "Plan Rows": 255, "Plan Width": 50, "Actual Min Startup Time": 80.82, "Actual Max Startup Time": 88.936, "Actual Min Total Time": 295.123, "Actual Max Total Time": 303.268, "Actual Total Rows": 1783, "Filter": "((info IS NOT NULL) AND ((note)::text ~~ '%internet%'::text) AND (((info)::text ~~ 'USA:% 199%'::text) OR ((info)::text ~~ 'USA:% 200%'::text)))", "Rows Removed by Filter": 14833936}]}, {"Node Type": "Index Scan", "Parent Relationship": "Inner", "Scan Direction": "Forward", "Index Name": "info_type_pkey", "Relation Name": "info_type", "Alias": "it1", "Startup Cost": 0.0, "Total Cost": 0.32, "Plan Rows": 1, "Plan Width": 4, "Actual Min Startup Time": 3.52, "Actual Max Startup Time": 3.52, "Actual Min Total Time": 3.52, "Actual Max Total Time": 3.52, "Actual Total Rows": 1783, "Index Cond": "(id = mi.info_type_id)", "Rows Removed by Index Recheck": 0, "Filter": "((info)::text = 'release dates'::text)", "Rows Removed by Filter": 0}]}, {"Node Type": "Index Scan", "Parent Relationship": "Inner", "Scan Direction": "Forward", "Index Name": "title_pkey", "Relation Name": "title", "Alias": "t", "Startup Cost": 0.0, "Total Cost": 8.23, "Plan Rows": 1, "Plan Width": 21, "Actual Min Startup Time": 9.572, "Actual Max Startup Time": 9.572, "Actual Min Total Time": 9.572, "Actual Max Total Time": 9.572, "Actual Total Rows": 1782, "Index Cond": "(id = mi.movie_id)", "Rows Removed by Index Recheck": 0, "Filter": "(production_year > 1990)", "Rows Removed by Filter": 1}]}, {"Node Type": "Index Scan", "Parent Relationship": "Inner", "Scan Direction": "Forward", "Index Name": "movie_id_movie_companies", "Relation Name": "movie_companies", "Alias": "mc", "Startup Cost": 0.0, "Total Cost": 0.35, "Plan Rows": 2, "Plan Width": 12, "Actual Min Startup Time": 8.803, "Actual Max Startup Time": 8.803, "Actual Min Total Time": 11.19, "Actual Max Total Time": 11.19, "Actual Total Rows": 2884, "Index Cond": "(movie_id = t.id)", "Rows Removed by Index Recheck": 0}]}, {"Node Type": "Index Scan", "Parent Relationship": "Inner", "Scan Direction": "Forward", "Index Name": "company_name_pkey", "Relation Name": "company_name", "Alias": "cn", "Startup Cost": 0.0, "Total Cost": 0.28, "Plan Rows": 1, "Plan Width": 4, "Actual Min Startup Time": 12.417, "Actual Max Startup Time": 12.417, "Actual Min Total Time": 12.417, "Actual Max Total Time": 12.417, "Actual Total Rows": 2647, "Index Cond": "(id = mc.company_id)", "Rows Removed by Index Recheck": 0, "Filter": "((country_code)::text = '[us]'::text)", "Rows Removed by Filter": 237}]}, {"Node Type": "Index Scan", "Parent Relationship": "Inner", "Scan Direction": "Forward", "Index Name": "company_type_pkey", "Relation Name": "company_type", "Alias": "ct", "Startup Cost": 0.0, "Total Cost": 0.27, "Plan Rows": 1, "Plan Width": 4, "Actual Min Startup Time": 3.257, "Actual Max Startup Time": 3.257, "Actual Min Total Time": 3.257, "Actual Max Total Time": 3.257, "Actual Total Rows": 1488, "Index Cond": "(id = mc.company_type_id)", "Rows Removed by Index Recheck": 0}]}, {"Node Type": "Index Scan", "Parent Relationship": "Inner", "Scan Direction": "Forward", "Index Name": "movie_id_aka_title", "Relation Name": "aka_title", "Alias": "at", "Startup Cost": 0.0, "Total Cost": 0.33, "Plan Rows": 3, "Plan Width": 4, "Actual Min Startup Time": 4.439, "Actual Max Startup Time": 4.439, "Actual Min Total Time": 4.529, "Actual Max Total Time": 4.529, "Actual Total Rows": 119, "Index Cond": "(movie_id = t.id)", "Rows Removed by Index Recheck": 0}]}, {"Node Type": "Index Scan", "Parent Relationship": "Inner", "Scan Direction": "Forward", "Index Name": "movie_id_movie_keyword", "Relation Name": "movie_keyword", "Alias": "mk", "Startup Cost": 0.0, "Total Cost": 0.46, "Plan Rows": 8, "Plan Width": 8, "Actual Min Startup Time": 0.639, "Actual Max Startup Time": 0.639, "Actual Min Total Time": 1.198, "Actual Max Total Time": 1.198, "Actual Total Rows": 1140, "Index Cond": "(movie_id = mc.movie_id)", "Rows Removed by Index Recheck": 0}]}, {"Node Type": "Index Scan", "Parent Relationship": "Inner", "Scan Direction": "Forward", "Index Name": "keyword_pkey", "Relation Name": "keyword", "Alias": "k", "Startup Cost": 0.0, "Total Cost": 0.27, "Plan Rows": 1, "Plan Width": 4, "Actual Min Startup Time": 4.198, "Actual Max Startup Time": 4.198, "Actual Min Total Time": 4.198, "Actual Max Total Time": 4.198, "Actual Total Rows": 1140, "Index Cond": "(id = mk.keyword_id)", "Rows Removed by Index Recheck": 0}]}]}, "Triggers": [], "Planner Runtime": 246.932, "Total Runtime": 353.61, "Unique SQL Id": 2846462052}}, "(16, 109)": {"explain_plan": {"Plan": {"Node Type": "Aggregate", "Strategy": "Plain", "Startup Cost": 496852.7, "Total Cost": 496852.71, "Plan Rows": 1, "Plan Width": 123, "Plans": [{"Node Type": "Nested Loop", "Parent Relationship": "Outer", "Join Type": "Inner", "Startup Cost": 0.0, "Total Cost": 496852.04, "Plan Rows": 132, "Plan Width": 59, "Inner Unique": true, "Plans": [{"Node Type": "Nested Loop", "Parent Relationship": "Outer", "Join Type": "Inner", "Startup Cost": 0.0, "Total Cost": 496814.43, "Plan Rows": 134, "Plan Width": 63, "Inner Unique": false, "Join Filter": "(t.id = mk.movie_id)", "Plans": [{"Node Type": "Nested Loop", "Parent Relationship": "Outer", "Join Type": "Inner", "Startup Cost": 0.0, "Total Cost": 496804.87, "Plan Rows": 17, "Plan Width": 75, "Inner Unique": false, "Plans": [{"Node Type": "Nested Loop", "Parent Relationship": "Outer", "Join Type": "Inner", "Startup Cost": 0.0, "Total Cost": 496801.31, "Plan Rows": 10, "Plan Width": 71, "Inner Unique": true, "Plans": [{"Node Type": "Nested Loop", "Parent Relationship": "Outer", "Join Type": "Inner", "Startup Cost": 0.0, "Total Cost": 496798.51, "Plan Rows": 10, "Plan Width": 75, "Inner Unique": true, "Plans": [{"Node Type": "Nested Loop", "Parent Relationship": "Outer", "Join Type": "Inner", "Startup Cost": 0.0, "Total Cost": 496795.05, "Plan Rows": 12, "Plan Width": 79, "Inner Unique": false, "Plans": [{"Node Type": "Nested Loop", "Parent Relationship": "Outer", "Join Type": "Inner", "Startup Cost": 0.0, "Total Cost": 496792.85, "Plan Rows": 6, "Plan Width": 67, "Inner Unique": true, "Plans": [{"Node Type": "Nested Loop", "Parent Relationship": "Outer", "Join Type": "Inner", "Startup Cost": 0.0, "Total Cost": 496759.91, "Plan Rows": 4, "Plan Width": 46, "Inner Unique": false, "Plans": [{"Node Type": "Index Scan", "Parent Relationship": "Outer", "Scan Direction": "Forward", "Index Name": "info_type_pkey", "Relation Name": "info_type", "Alias": "it1", "Startup Cost": 0.0, "Total Cost": 14.21, "Plan Rows": 1, "Plan Width": 4, "Filter": "((info)::text = 'release dates'::text)"}, {"Node Type": "Index Scan", "Parent Relationship": "Inner", "Scan Direction": "Forward", "Index Name": "info_type_id_movie_info", "Relation Name": "movie_info", "Alias": "mi", "Startup Cost": 0.0, "Total Cost": 496745.66, "Plan Rows": 4, "Plan Width": 50, "Index Cond": "(info_type_id = it1.id)", "Filter": "((info IS NOT NULL) AND ((note)::text ~~ '%internet%'::text) AND (((info)::text ~~ 'USA:% 199%'::text) OR ((info)::text ~~ 'USA:% 200%'::text)))"}]}, {"Node Type": "Index Scan", "Parent Relationship": "Inner", "Scan Direction": "Forward", "Index Name": "title_pkey", "Relation Name": "title", "Alias": "t", "Startup Cost": 0.0, "Total Cost": 8.23, "Plan Rows": 1, "Plan Width": 21, "Index Cond": "(id = mi.movie_id)", "Filter": "(production_year > 1990)"}]}, {"Node Type": "Index Scan", "Parent Relationship": "Inner", "Scan Direction": "Forward", "Index Name": "movie_id_movie_companies", "Relation Name": "movie_companies", "Alias": "mc", "Startup Cost": 0.0, "Total Cost": 0.35, "Plan Rows": 2, "Plan Width": 12, "Index Cond": "(movie_id = t.id)"}]}, {"Node Type": "Index Scan", "Parent Relationship": "Inner", "Scan Direction": "Forward", "Index Name": "company_name_pkey", "Relation Name": "company_name", "Alias": "cn", "Startup Cost": 0.0, "Total Cost": 0.28, "Plan Rows": 1, "Plan Width": 4, "Index Cond": "(id = mc.company_id)", "Filter": "((country_code)::text = '[us]'::text)"}]}, {"Node Type": "Index Scan", "Parent Relationship": "Inner", "Scan Direction": "Forward", "Index Name": "company_type_pkey", "Relation Name": "company_type", "Alias": "ct", "Startup Cost": 0.0, "Total Cost": 0.27, "Plan Rows": 1, "Plan Width": 4, "Index Cond": "(id = mc.company_type_id)"}]}, {"Node Type": "Index Scan", "Parent Relationship": "Inner", "Scan Direction": "Forward", "Index Name": "movie_id_aka_title", "Relation Name": "aka_title", "Alias": "at", "Startup Cost": 0.0, "Total Cost": 0.33, "Plan Rows": 3, "Plan Width": 4, "Index Cond": "(movie_id = t.id)"}]}, {"Node Type": "Index Scan", "Parent Relationship": "Inner", "Scan Direction": "Forward", "Index Name": "movie_id_movie_keyword", "Relation Name": "movie_keyword", "Alias": "mk", "Startup Cost": 0.0, "Total Cost": 0.46, "Plan Rows": 8, "Plan Width": 8, "Index Cond": "(movie_id = mc.movie_id)"}]}, {"Node Type": "Index Scan", "Parent Relationship": "Inner", "Scan Direction": "Forward", "Index Name": "keyword_pkey", "Relation Name": "keyword", "Alias": "k", "Startup Cost": 0.0, "Total Cost": 0.27, "Plan Rows": 1, "Plan Width": 4, "Index Cond": "(id = mk.keyword_id)"}]}]}, "Unique SQL Id": 2846462052}, "explain_analyze_plan": null}, "(16, 110)": {"explain_plan": {"Plan": {"Node Type": "Aggregate", "Strategy": "Plain", "Startup Cost": 145910.85, "Total Cost": 145910.86, "Plan Rows": 1, "Plan Width": 123, "Plans": [{"Node Type": "Hash Join", "Parent Relationship": "Outer", "Join Type": "Inner", "Startup Cost": 110901.22, "Total Cost": 145910.18, "Plan Rows": 134, "Plan Width": 59, "Inner Unique": true, "Hash Cond": "(mk.keyword_id = k.id)", "Plans": [{"Node Type": "Streaming(type: LOCAL GATHER dop: 1/16)", "Parent Relationship": "Outer", "Startup Cost": 108698.94, "Total Cost": 143706.08, "Plan Rows": 134, "Plan Width": 63, "Plans": [{"Node Type": "Hash Join", "Parent Relationship": "Outer", "Join Type": "Inner", "Startup Cost": 108698.94, "Total Cost": 143703.19, "Plan Rows": 134, "Plan Width": 63, "Inner Unique": true, "Hash Cond": "(at.movie_id = t.id)", "Plans": [{"Node Type": "Streaming(type: BROADCAST dop: 16/1)", "Parent Relationship": "Outer", "Startup Cost": 102545.32, "Total Cost": 137549.12, "Plan Rows": 1552, "Plan Width": 62, "Plans": [{"Node Type": "Hash Join", "Parent Relationship": "Outer", "Join Type": "Inner", "Startup Cost": 102545.32, "Total Cost": 122515.63, "Plan Rows": 97, "Plan Width": 62, "Inner Unique": true, "Hash Cond": "(mc.company_type_id = ct.id)", "Plans": [{"Node Type": "Hash Join", "Parent Relationship": "Outer", "Join Type": "Inner", "Startup Cost": 102544.25, "Total Cost": 122513.22, "Plan Rows": 97, "Plan Width": 66, "Inner Unique": true, "Hash Cond": "(mc.company_id = cn.id)", "Plans": [{"Node Type": "Streaming(type: LOCAL GATHER dop: 1/16)", "Parent Relationship": "Outer", "Startup Cost": 100003.76, "Total Cost": 119970.21, "Plan Rows": 161, "Plan Width": 70, "Plans": [{"Node Type": "Hash Join", "Parent Relationship": "Outer", "Join Type": "Inner", "Startup Cost": 100003.76, "Total Cost": 119966.74, "Plan Rows": 161, "Plan Width": 70, "Inner Unique": false, "Hash Cond": "(mk.movie_id = at.movie_id)", "Plans": [{"Node Type": "Seq Scan", "Parent Relationship": "Outer", "Relation Name": "movie_keyword", "Alias": "mk", "Startup Cost": 0.0, "Total Cost": 18902.58, "Plan Rows": 4523929, "Plan Width": 8}, {"Node Type": "Hash", "Parent Relationship": "Inner", "Startup Cost": 100003.51, "Total Cost": 100003.51, "Plan Rows": 320, "Plan Width": 62, "Plans": [{"Node Type": "Streaming(type: BROADCAST dop: 16/16)", "Parent Relationship": "Outer", "Startup Cost": 66777.6, "Total Cost": 100003.51, "Plan Rows": 320, "Plan Width": 62, "Plans": [{"Node Type": "Hash Join", "Parent Relationship": "Outer", "Join Type": "Inner", "Startup Cost": 66777.6, "Total Cost": 85002.7, "Plan Rows": 20, "Plan Width": 62, "Inner Unique": false, "Hash Cond": "(mc.movie_id = at.movie_id)", "Plans": [{"Node Type": "Seq Scan", "Parent Relationship": "Outer", "Relation Name": "movie_companies", "Alias": "mc", "Startup Cost": 0.0, "Total Cost": 17613.58, "Plan Rows": 2609128, "Plan Width": 12}, {"Node Type": "Hash", "Parent Relationship": "Inner", "Startup Cost": 66777.48, "Total Cost": 66777.48, "Plan Rows": 144, "Plan Width": 50, "Plans": [{"Node Type": "Streaming(type: BROADCAST dop: 16/1)", "Parent Relationship": "Outer", "Startup Cost": 40540.99, "Total Cost": 66777.48, "Plan Rows": 144, "Plan Width": 50, "Plans": [{"Node Type": "Hash Join", "Parent Relationship": "Outer", "Join Type": "Inner", "Startup Cost": 40540.99, "Total Cost": 51774.37, "Plan Rows": 9, "Plan Width": 50, "Inner Unique": false, "Hash Cond": "(at.movie_id = mi.movie_id)", "Plans": [{"Node Type": "Seq Scan", "Parent Relationship": "Outer", "Relation Name": "aka_title", "Alias": "at", "Startup Cost": 0.0, "Total Cost": 9894.71, "Plan Rows": 361471, "Plan Width": 4}, {"Node Type": "Hash", "Parent Relationship": "Inner", "Startup Cost": 40540.94, "Total Cost": 40540.94, "Plan Rows": 4, "Plan Width": 46, "Plans": [{"Node Type": "Hash Join", "Parent Relationship": "Outer", "Join Type": "Inner", "Startup Cost": 2.41, "Total Cost": 40540.94, "Plan Rows": 4, "Plan Width": 46, "Inner Unique": true, "Hash Cond": "(mi.info_type_id = it1.id)", "Plans": [{"Node Type": "Streaming(type: LOCAL GATHER dop: 1/16)", "Parent Relationship": "Outer", "Startup Cost": 0.0, "Total Cost": 40537.53, "Plan Rows": 255, "Plan Width": 50, "Plans": [{"Node Type": "Seq Scan", "Parent Relationship": "Outer", "Relation Name": "movie_info", "Alias": "mi", "Startup Cost": 0.0, "Total Cost": 40532.03, "Plan Rows": 255, "Plan Width": 50, "Filter": "((info IS NOT NULL) AND ((note)::text ~~ '%internet%'::text) AND (((info)::text ~~ 'USA:% 199%'::text) OR ((info)::text ~~ 'USA:% 200%'::text)))"}]}, {"Node Type": "Hash", "Parent Relationship": "Inner", "Startup Cost": 2.4, "Total Cost": 2.4, "Plan Rows": 1, "Plan Width": 4, "Plans": [{"Node Type": "Seq Scan", "Parent Relationship": "Outer", "Relation Name": "info_type", "Alias": "it1", "Startup Cost": 0.0, "Total Cost": 2.4, "Plan Rows": 1, "Plan Width": 4, "Filter": "((info)::text = 'release dates'::text)"}]}]}]}]}]}]}]}]}]}]}]}, {"Node Type": "Hash", "Parent Relationship": "Inner", "Startup Cost": 5903.45, "Total Cost": 5903.45, "Plan Rows": 85170, "Plan Width": 4, "Plans": [{"Node Type": "Seq Scan", "Parent Relationship": "Outer", "Relation Name": "company_name", "Alias": "cn", "Startup Cost": 0.0, "Total Cost": 5903.45, "Plan Rows": 85170, "Plan Width": 4, "Filter": "((country_code)::text = '[us]'::text)"}]}]}, {"Node Type": "Hash", "Parent Relationship": "Inner", "Startup Cost": 1.03, "Total Cost": 1.03, "Plan Rows": 3, "Plan Width": 4, "Plans": [{"Node Type": "Seq Scan", "Parent Relationship": "Outer", "Relation Name": "company_type", "Alias": "ct", "Startup Cost": 0.0, "Total Cost": 1.03, "Plan Rows": 3, "Plan Width": 4}]}]}]}, {"Node Type": "Hash", "Parent Relationship": "Inner", "Startup Cost": 19149.37, "Total Cost": 19149.37, "Plan Rows": 1748840, "Plan Width": 21, "Plans": [{"Node Type": "Seq Scan", "Parent Relationship": "Outer", "Relation Name": "title", "Alias": "t", "Startup Cost": 0.0, "Total Cost": 19149.37, "Plan Rows": 1748840, "Plan Width": 21, "Filter": "(production_year > 1990), (LLVM Optimized)"}]}]}]}, {"Node Type": "Hash", "Parent Relationship": "Inner", "Startup Cost": 2100.69, "Total Cost": 2100.69, "Plan Rows": 134169, "Plan Width": 4, "Plans": [{"Node Type": "Seq Scan", "Parent Relationship": "Outer", "Relation Name": "keyword", "Alias": "k", "Startup Cost": 0.0, "Total Cost": 2100.69, "Plan Rows": 134169, "Plan Width": 4}]}]}]}, "Unique SQL Id": 2846462052}, "explain_analyze_plan": {"Plan": {"Node Type": "Aggregate", "Strategy": "Plain", "Startup Cost": 145910.85, "Total Cost": 145910.86, "Plan Rows": 1, "Plan Width": 123, "Actual Min Startup Time": 729.613, "Actual Max Startup Time": 729.613, "Actual Min Total Time": 729.613, "Actual Max Total Time": 729.613, "Actual Total Rows": 1, "Plans": [{"Node Type": "Hash Join", "Parent Relationship": "Outer", "Join Type": "Inner", "Startup Cost": 110901.22, "Total Cost": 145910.18, "Plan Rows": 134, "Plan Width": 59, "Actual Min Startup Time": 691.845, "Actual Max Startup Time": 691.845, "Actual Min Total Time": 728.957, "Actual Max Total Time": 728.957, "Actual Total Rows": 1140, "Inner Unique": true, "Hash Cond": "(mk.keyword_id = k.id)", "Plans": [{"Node Type": "Streaming(type: LOCAL GATHER dop: 1/16)", "Parent Relationship": "Outer", "Startup Cost": 108698.94, "Total Cost": 143706.08, "Plan Rows": 134, "Plan Width": 63, "Actual Min Startup Time": 618.58, "Actual Max Startup Time": 618.58, "Actual Min Total Time": 655.134, "Actual Max Total Time": 655.134, "Actual Total Rows": 1140, "Plans": [{"Node Type": "Hash Join", "Parent Relationship": "Outer", "Join Type": "Inner", "Startup Cost": 108698.94, "Total Cost": 143703.19, "Plan Rows": 134, "Plan Width": 63, "Actual Min Startup Time": 546.032, "Actual Max Startup Time": 658.368, "Actual Min Total Time": 622.916, "Actual Max Total Time": 660.235, "Actual Total Rows": 1140, "Inner Unique": true, "Hash Cond": "(at.movie_id = t.id)", "Plans": [{"Node Type": "Streaming(type: BROADCAST dop: 16/1)", "Parent Relationship": "Outer", "Startup Cost": 102545.32, "Total Cost": 137549.12, "Plan Rows": 1552, "Plan Width": 62, "Actual Min Startup Time": 444.915, "Actual Max Startup Time": 480.922, "Actual Min Total Time": 521.583, "Actual Max Total Time": 557.167, "Actual Total Rows": 18240, "Plans": [{"Node Type": "Hash Join", "Parent Relationship": "Outer", "Join Type": "Inner", "Startup Cost": 102545.32, "Total Cost": 122515.63, "Plan Rows": 97, "Plan Width": 62, "Actual Min Startup Time": 536.081, "Actual Max Startup Time": 536.081, "Actual Min Total Time": 634.494, "Actual Max Total Time": 634.494, "Actual Total Rows": 1140, "Inner Unique": true, "Hash Cond": "(mc.company_type_id = ct.id)", "Plans": [{"Node Type": "Hash Join", "Parent Relationship": "Outer", "Join Type": "Inner", "Startup Cost": 102544.25, "Total Cost": 122513.22, "Plan Rows": 97, "Plan Width": 66, "Actual Min Startup Time": 535.969, "Actual Max Startup Time": 535.969, "Actual Min Total Time": 633.65, "Actual Max Total Time": 633.65, "Actual Total Rows": 2271, "Inner Unique": true, "Hash Cond": "(mc.company_id = cn.id)", "Plans": [{"Node Type": "Streaming(type: LOCAL GATHER dop: 1/16)", "Parent Relationship": "Outer", "Startup Cost": 100003.76, "Total Cost": 119970.21, "Plan Rows": 161, "Plan Width": 70, "Actual Min Startup Time": 419.081, "Actual Max Startup Time": 419.081, "Actual Min Total Time": 515.531, "Actual Max Total Time": 515.531, "Actual Total Rows": 3123, "Plans": [{"Node Type": "Hash Join", "Parent Relationship": "Outer", "Join Type": "Inner", "Startup Cost": 100003.76, "Total Cost": 119966.74, "Plan Rows": 161, "Plan Width": 70, "Actual Min Startup Time": 529.883, "Actual Max Startup Time": 620.433, "Actual Min Total Time": 630.847, "Actual Max Total Time": 654.44, "Actual Total Rows": 3123, "Inner Unique": false, "Hash Cond": "(mk.movie_id = at.movie_id)", "Plans": [{"Node Type": "Seq Scan", "Parent Relationship": "Outer", "Relation Name": "movie_keyword", "Alias": "mk", "Startup Cost": 0.0, "Total Cost": 18902.58, "Plan Rows": 4523929, "Plan Width": 8, "Actual Min Startup Time": 0.055, "Actual Max Startup Time": 0.085, "Actual Min Total Time": 57.268, "Actual Max Total Time": 65.834, "Actual Total Rows": 4523929}, {"Node Type": "Hash", "Parent Relationship": "Inner", "Startup Cost": 100003.51, "Total Cost": 100003.51, "Plan Rows": 320, "Plan Width": 62, "Actual Min Startup Time": 528.76, "Actual Max Startup Time": 539.827, "Actual Min Total Time": 528.76, "Actual Max Total Time": 539.827, "Actual Total Rows": 6400, "Max Hash Buckets": 32768, "Min Hash Buckets": 32768, "Max Hash Batches": 1, "Min Hash Batches": 1, "Max Original Hash Batches": 1, "Min Original Hash Batches": 1, "Max Peak Memory Usage": 29, "min Peak Memory Usage": 29, "Plans": [{"Node Type": "Streaming(type: BROADCAST dop: 16/16)", "Parent Relationship": "Outer", "Startup Cost": 66777.6, "Total Cost": 100003.51, "Plan Rows": 320, "Plan Width": 62, "Actual Min Startup Time": 516.556, "Actual Max Startup Time": 527.611, "Actual Min Total Time": 528.637, "Actual Max Total Time": 539.699, "Actual Total Rows": 6400, "Plans": [{"Node Type": "Hash Join", "Parent Relationship": "Outer", "Join Type": "Inner", "Startup Cost": 66777.6, "Total Cost": 85002.7, "Plan Rows": 20, "Plan Width": 62, "Actual Min Startup Time": 460.663, "Actual Max Startup Time": 494.615, "Actual Min Total Time": 518.903, "Actual Max Total Time": 549.663, "Actual Total Rows": 400, "Inner Unique": false, "Hash Cond": "(mc.movie_id = at.movie_id)", "Plans": [{"Node Type": "Seq Scan", "Parent Relationship": "Outer", "Relation Name": "movie_companies", "Alias": "mc", "Startup Cost": 0.0, "Total Cost": 17613.58, "Plan Rows": 2609128, "Plan Width": 12, "Actual Min Startup Time": 0.041, "Actual Max Startup Time": 0.062, "Actual Min Total Time": 32.793, "Actual Max Total Time": 40.26, "Actual Total Rows": 2609128}, {"Node Type": "Hash", "Parent Relationship": "Inner", "Startup Cost": 66777.48, "Total Cost": 66777.48, "Plan Rows": 144, "Plan Width": 50, "Actual Min Startup Time": 458.748, "Actual Max Startup Time": 483.719, "Actual Min Total Time": 458.748, "Actual Max Total Time": 483.719, "Actual Total Rows": 1920, "Max Hash Buckets": 32768, "Min Hash Buckets": 32768, "Max Hash Batches": 1, "Min Hash Batches": 1, "Max Original Hash Batches": 1, "Min Original Hash Batches": 1, "Max Peak Memory Usage": 8, "min Peak Memory Usage": 8, "Plans": [{"Node Type": "Streaming(type: BROADCAST dop: 16/1)", "Parent Relationship": "Outer", "Startup Cost": 40540.99, "Total Cost": 66777.48, "Plan Rows": 144, "Plan Width": 50, "Actual Min Startup Time": 420.134, "Actual Max Startup Time": 445.115, "Actual Min Total Time": 458.684, "Actual Max Total Time": 483.664, "Actual Total Rows": 1920, "Plans": [{"Node Type": "Hash Join", "Parent Relationship": "Outer", "Join Type": "Inner", "Startup Cost": 40540.99, "Total Cost": 51774.37, "Plan Rows": 9, "Plan Width": 50, "Actual Min Startup Time": 309.23, "Actual Max Startup Time": 309.23, "Actual Min Total Time": 463.919, "Actual Max Total Time": 463.919, "Actual Total Rows": 120, "Inner Unique": false, "Hash Cond": "(at.movie_id = mi.movie_id)", "Plans": [{"Node Type": "Seq Scan", "Parent Relationship": "Outer", "Relation Name": "aka_title", "Alias": "at", "Startup Cost": 0.0, "Total Cost": 9894.71, "Plan Rows": 361471, "Plan Width": 4, "Actual Min Startup Time": 0.028, "Actual Max Startup Time": 0.028, "Actual Min Total Time": 92.154, "Actual Max Total Time": 92.154, "Actual Total Rows": 361471}, {"Node Type": "Hash", "Parent Relationship": "Inner", "Startup Cost": 40540.94, "Total Cost": 40540.94, "Plan Rows": 4, "Plan Width": 46, "Actual Min Startup Time": 308.855, "Actual Max Startup Time": 308.855, "Actual Min Total Time": 308.855, "Actual Max Total Time": 308.855, "Actual Total Rows": 1783, "Max Hash Buckets": 32768, "Min Hash Buckets": 32768, "Max Hash Batches": 1, "Min Hash Batches": 1, "Max Original Hash Batches": 1, "Min Original Hash Batches": 1, "Max Peak Memory Usage": 99, "min Peak Memory Usage": 99, "Plans": [{"Node Type": "Hash Join", "Parent Relationship": "Outer", "Join Type": "Inner", "Startup Cost": 2.41, "Total Cost": 40540.94, "Plan Rows": 4, "Plan Width": 46, "Actual Min Startup Time": 128.262, "Actual Max Startup Time": 128.262, "Actual Min Total Time": 308.215, "Actual Max Total Time": 308.215, "Actual Total Rows": 1783, "Inner Unique": true, "Hash Cond": "(mi.info_type_id = it1.id)", "Plans": [{"Node Type": "Streaming(type: LOCAL GATHER dop: 1/16)", "Parent Relationship": "Outer", "Startup Cost": 0.0, "Total Cost": 40537.53, "Plan Rows": 255, "Plan Width": 50, "Actual Min Startup Time": 128.091, "Actual Max Startup Time": 128.091, "Actual Min Total Time": 307.245, "Actual Max Total Time": 307.245, "Actual Total Rows": 1783, "Plans": [{"Node Type": "Seq Scan", "Parent Relationship": "Outer", "Relation Name": "movie_info", "Alias": "mi", "Startup Cost": 0.0, "Total Cost": 40532.03, "Plan Rows": 255, "Plan Width": 50, "Actual Min Startup Time": 81.163, "Actual Max Startup Time": 89.351, "Actual Min Total Time": 295.744, "Actual Max Total Time": 303.842, "Actual Total Rows": 1783, "Filter": "((info IS NOT NULL) AND ((note)::text ~~ '%internet%'::text) AND (((info)::text ~~ 'USA:% 199%'::text) OR ((info)::text ~~ 'USA:% 200%'::text)))", "Rows Removed by Filter": 14833936}]}, {"Node Type": "Hash", "Parent Relationship": "Inner", "Startup Cost": 2.4, "Total Cost": 2.4, "Plan Rows": 1, "Plan Width": 4, "Actual Min Startup Time": 0.089, "Actual Max Startup Time": 0.089, "Actual Min Total Time": 0.089, "Actual Max Total Time": 0.089, "Actual Total Rows": 1, "Max Hash Buckets": 32768, "Min Hash Buckets": 32768, "Max Hash Batches": 1, "Min Hash Batches": 1, "Max Original Hash Batches": 1, "Min Original Hash Batches": 1, "Max Peak Memory Usage": 1, "min Peak Memory Usage": 1, "Plans": [{"Node Type": "Seq Scan", "Parent Relationship": "Outer", "Relation Name": "info_type", "Alias": "it1", "Startup Cost": 0.0, "Total Cost": 2.4, "Plan Rows": 1, "Plan Width": 4, "Actual Min Startup Time": 0.052, "Actual Max Startup Time": 0.052, "Actual Min Total Time": 0.073, "Actual Max Total Time": 0.073, "Actual Total Rows": 1, "Filter": "((info)::text = 'release dates'::text)", "Rows Removed by Filter": 111}]}]}]}]}]}]}]}]}]}]}]}, {"Node Type": "Hash", "Parent Relationship": "Inner", "Startup Cost": 5903.45, "Total Cost": 5903.45, "Plan Rows": 85170, "Plan Width": 4, "Actual Min Startup Time": 116.763, "Actual Max Startup Time": 116.763, "Actual Min Total Time": 116.763, "Actual Max Total Time": 116.763, "Actual Total Rows": 84843, "Max Hash Buckets": 131072, "Min Hash Buckets": 131072, "Max Hash Batches": 1, "Min Hash Batches": 1, "Max Original Hash Batches": 1, "Min Original Hash Batches": 1, "Max Peak Memory Usage": 2983, "min Peak Memory Usage": 2983, "Plans": [{"Node Type": "Seq Scan", "Parent Relationship": "Outer", "Relation Name": "company_name", "Alias": "cn", "Startup Cost": 0.0, "Total Cost": 5903.45, "Plan Rows": 85170, "Plan Width": 4, "Actual Min Startup Time": 0.042, "Actual Max Startup Time": 0.042, "Actual Min Total Time": 90.857, "Actual Max Total Time": 90.857, "Actual Total Rows": 84843, "Filter": "((country_code)::text = '[us]'::text)", "Rows Removed by Filter": 150153}]}]}, {"Node Type": "Hash", "Parent Relationship": "Inner", "Startup Cost": 1.03, "Total Cost": 1.03, "Plan Rows": 3, "Plan Width": 4, "Actual Min Startup Time": 0.032, "Actual Max Startup Time": 0.032, "Actual Min Total Time": 0.032, "Actual Max Total Time": 0.032, "Actual Total Rows": 3, "Max Hash Buckets": 32768, "Min Hash Buckets": 32768, "Max Hash Batches": 1, "Min Hash Batches": 1, "Max Original Hash Batches": 1, "Min Original Hash Batches": 1, "Max Peak Memory Usage": 1, "min Peak Memory Usage": 1, "Plans": [{"Node Type": "Seq Scan", "Parent Relationship": "Outer", "Relation Name": "company_type", "Alias": "ct", "Startup Cost": 0.0, "Total Cost": 1.03, "Plan Rows": 3, "Plan Width": 4, "Actual Min Startup Time": 0.013, "Actual Max Startup Time": 0.013, "Actual Min Total Time": 0.015, "Actual Max Total Time": 0.015, "Actual Total Rows": 3}]}]}]}, {"Node Type": "Hash", "Parent Relationship": "Inner", "Startup Cost": 19149.37, "Total Cost": 19149.37, "Plan Rows": 1748840, "Plan Width": 21, "Actual Min Startup Time": 96.692, "Actual Max Startup Time": 106.495, "Actual Min Total Time": 96.692, "Actual Max Total Time": 106.495, "Actual Total Rows": 1749032, "Max Hash Buckets": 131072, "Min Hash Buckets": 131072, "Max Hash Batches": 1, "Min Hash Batches": 1, "Max Original Hash Batches": 1, "Min Original Hash Batches": 1, "Max Peak Memory Usage": 5962, "min Peak Memory Usage": 5962, "Plans": [{"Node Type": "Seq Scan", "Parent Relationship": "Outer", "Relation Name": "title", "Alias": "t", "Startup Cost": 0.0, "Total Cost": 19149.37, "Plan Rows": 1748840, "Plan Width": 21, "Actual Min Startup Time": 0.023, "Actual Max Startup Time": 0.039, "Actual Min Total Time": 63.609, "Actual Max Total Time": 72.278, "Actual Total Rows": 1749032, "Filter": "(production_year > 1990), (LLVM Optimized)", "Rows Removed by Filter": 779279}]}]}]}, {"Node Type": "Hash", "Parent Relationship": "Inner", "Startup Cost": 2100.69, "Total Cost": 2100.69, "Plan Rows": 134169, "Plan Width": 4, "Actual Min Startup Time": 73.018, "Actual Max Startup Time": 73.018, "Actual Min Total Time": 73.018, "Actual Max Total Time": 73.018, "Actual Total Rows": 134169, "Max Hash Buckets": 262144, "Min Hash Buckets": 262144, "Max Hash Batches": 1, "Min Hash Batches": 1, "Max Original Hash Batches": 1, "Min Original Hash Batches": 1, "Max Peak Memory Usage": 4717, "min Peak Memory Usage": 4717, "Plans": [{"Node Type": "Seq Scan", "Parent Relationship": "Outer", "Relation Name": "keyword", "Alias": "k", "Startup Cost": 0.0, "Total Cost": 2100.69, "Plan Rows": 134169, "Plan Width": 4, "Actual Min Startup Time": 0.065, "Actual Max Startup Time": 0.065, "Actual Min Total Time": 37.77, "Actual Max Total Time": 37.77, "Actual Total Rows": 134169}]}]}]}, "Triggers": [], "Planner Runtime": 579.458, "Total Runtime": 756.918, "Unique SQL Id": 2846462052}}, "(16, 111)": {"explain_plan": {"Plan": {"Node Type": "Aggregate", "Strategy": "Plain", "Startup Cost": 9000056202987.25, "Total Cost": 9000056202987.26, "Plan Rows": 1, "Plan Width": 123, "Plans": [{"Node Type": "Hash Join", "Parent Relationship": "Outer", "Join Type": "Inner", "Startup Cost": 7020039712202.21, "Total Cost": 9000056202986.58, "Plan Rows": 134, "Plan Width": 59, "Inner Unique": true, "Hash Cond": "(at.movie_id = t.id)", "Plans": [{"Node Type": "Hash Join", "Parent Relationship": "Outer", "Join Type": "Inner", "Startup Cost": 6020028046215.04, "Total Cost": 8000044536997.71, "Plan Rows": 97, "Plan Width": 58, "Inner Unique": true, "Hash Cond": "(mk.keyword_id = k.id)", "Plans": [{"Node Type": "Hash Join", "Parent Relationship": "Outer", "Join Type": "Inner", "Startup Cost": 5020027759808.49, "Total Cost": 7000044250589.83, "Plan Rows": 97, "Plan Width": 62, "Inner Unique": false, "Hash Cond": "(at.movie_id = mk.movie_id)", "Plans": [{"Node Type": "Hash Join", "Parent Relationship": "Outer", "Join Type": "Inner", "Startup Cost": 4020012402625.21, "Total Cost": 6000028893393.49, "Plan Rows": 12, "Plan Width": 54, "Inner Unique": true, "Hash Cond": "(mc.company_type_id = ct.id)", "Plans": [{"Node Type": "Hash Join", "Parent Relationship": "Outer", "Join Type": "Inner", "Startup Cost": 3020012401395.68, "Total Cost": 5000028892163.79, "Plan Rows": 12, "Plan Width": 58, "Inner Unique": true, "Hash Cond": "(mc.company_id = cn.id)", "Plans": [{"Node Type": "Hash Join", "Parent Relationship": "Outer", "Join Type": "Inner", "Startup Cost": 2020011350192.08, "Total Cost": 4000027840959.88, "Plan Rows": 20, "Plan Width": 62, "Inner Unique": false, "Hash Cond": "(at.movie_id = mc.movie_id)", "Plans": [{"Node Type": "Hash Join", "Parent Relationship": "Outer", "Join Type": "Inner", "Startup Cost": 1020001999360.98, "Total Cost": 3000018490126.28, "Plan Rows": 9, "Plan Width": 50, "Inner Unique": false, "Hash Cond": "(mi.movie_id = at.movie_id)", "Plans": [{"Node Type": "Nested Loop", "Parent Relationship": "Outer", "Join Type": "Inner", "Startup Cost": 20000004841.46, "Total Cost": 2000016495606.35, "Plan Rows": 4, "Plan Width": 46, "Inner Unique": false, "Plans": [{"Node Type": "Index Scan", "Parent Relationship": "Outer", "Scan Direction": "Forward", "Index Name": "info_type_pkey", "Relation Name": "info_type", "Alias": "it1", "Startup Cost": 10000000000.0, "Total Cost": 1000000001421.0, "Plan Rows": 1, "Plan Width": 4, "Filter": "((info)::text = 'release dates'::text)"}, {"Node Type": "Bitmap Heap Scan", "Parent Relationship": "Inner", "Relation Name": "movie_info", "Alias": "mi", "Startup Cost": 10000004841.46, "Total Cost": 1000016494185.31, "Plan Rows": 4, "Plan Width": 50, "Recheck Cond": "(info_type_id = it1.id)", "Filter": "((info IS NOT NULL) AND ((note)::text ~~ '%internet%'::text) AND (((info)::text ~~ 'USA:% 199%'::text) OR ((info)::text ~~ 'USA:% 200%'::text)))", "Plans": [{"Node Type": "Bitmap Index Scan", "Parent Relationship": "Outer", "Index Name": "info_type_id_movie_info", "Startup Cost": 0.0, "Total Cost": 4841.46, "Plan Rows": 212428, "Plan Width": 0, "Index Cond": "(info_type_id = it1.id)"}]}]}, {"Node Type": "Hash", "Parent Relationship": "Inner", "Startup Cost": 1000001990001.13, "Total Cost": 1000001990001.13, "Plan Rows": 361471, "Plan Width": 4, "Plans": [{"Node Type": "Index Scan", "Parent Relationship": "Outer", "Scan Direction": "Forward", "Index Name": "movie_id_aka_title", "Relation Name": "aka_title", "Alias": "at", "Startup Cost": 10000000000.0, "Total Cost": 1000001990001.13, "Plan Rows": 361471, "Plan Width": 4}]}]}, {"Node Type": "Hash", "Parent Relationship": "Inner", "Startup Cost": 1000009318217.0, "Total Cost": 1000009318217.0, "Plan Rows": 2609128, "Plan Width": 12, "Plans": [{"Node Type": "Index Scan", "Parent Relationship": "Outer", "Scan Direction": "Forward", "Index Name": "company_type_id_movie_companies", "Relation Name": "movie_companies", "Alias": "mc", "Startup Cost": 10000000000.0, "Total Cost": 1000009318217.0, "Plan Rows": 2609128, "Plan Width": 12}]}]}, {"Node Type": "Hash", "Parent Relationship": "Inner", "Startup Cost": 1000001050138.97, "Total Cost": 1000001050138.97, "Plan Rows": 85170, "Plan Width": 4, "Plans": [{"Node Type": "Index Scan", "Parent Relationship": "Outer", "Scan Direction": "Forward", "Index Name": "company_name_pkey", "Relation Name": "company_name", "Alias": "cn", "Startup Cost": 10000000000.0, "Total Cost": 1000001050138.97, "Plan Rows": 85170, "Plan Width": 4, "Filter": "((country_code)::text = '[us]'::text)"}]}]}, {"Node Type": "Hash", "Parent Relationship": "Inner", "Startup Cost": 1000000001229.5, "Total Cost": 1000000001229.5, "Plan Rows": 3, "Plan Width": 4, "Plans": [{"Node Type": "Index Scan", "Parent Relationship": "Outer", "Scan Direction": "Forward", "Index Name": "company_type_pkey", "Relation Name": "company_type", "Alias": "ct", "Startup Cost": 10000000000.0, "Total Cost": 1000000001229.5, "Plan Rows": 3, "Plan Width": 4}]}]}, {"Node Type": "Hash", "Parent Relationship": "Inner", "Startup Cost": 1000015300634.17, "Total Cost": 1000015300634.17, "Plan Rows": 4523929, "Plan Width": 8, "Plans": [{"Node Type": "Index Scan", "Parent Relationship": "Outer", "Scan Direction": "Forward", "Index Name": "movie_id_movie_keyword", "Relation Name": "movie_keyword", "Alias": "mk", "Startup Cost": 10000000000.0, "Total Cost": 1000015300634.17, "Plan Rows": 4523929, "Plan Width": 8}]}]}, {"Node Type": "Hash", "Parent Relationship": "Inner", "Startup Cost": 1000000284729.43, "Total Cost": 1000000284729.43, "Plan Rows": 134169, "Plan Width": 4, "Plans": [{"Node Type": "Index Scan", "Parent Relationship": "Outer", "Scan Direction": "Forward", "Index Name": "keyword_pkey", "Relation Name": "keyword", "Alias": "k", "Startup Cost": 10000000000.0, "Total Cost": 1000000284729.43, "Plan Rows": 134169, "Plan Width": 4}]}]}, {"Node Type": "Hash", "Parent Relationship": "Inner", "Startup Cost": 1000011644126.66, "Total Cost": 1000011644126.66, "Plan Rows": 1748840, "Plan Width": 21, "Plans": [{"Node Type": "Index Scan", "Parent Relationship": "Outer", "Scan Direction": "Forward", "Index Name": "title_pkey", "Relation Name": "title", "Alias": "t", "Startup Cost": 10000000000.0, "Total Cost": 1000011644126.66, "Plan Rows": 1748840, "Plan Width": 21, "Filter": "(production_year > 1990), (LLVM Optimized)"}]}]}]}, "Unique SQL Id": 2846462052}, "explain_analyze_plan": null}, "(16, 112)": {"explain_plan": {"Plan": {"Node Type": "Aggregate", "Strategy": "Plain", "Startup Cost": 40614.41, "Total Cost": 40614.42, "Plan Rows": 1, "Plan Width": 123, "Plans": [{"Node Type": "Nested Loop", "Parent Relationship": "Outer", "Join Type": "Inner", "Startup Cost": 0.0, "Total Cost": 40613.75, "Plan Rows": 132, "Plan Width": 59, "Inner Unique": false, "Plans": [{"Node Type": "Nested Loop", "Parent Relationship": "Outer", "Join Type": "Inner", "Startup Cost": 0.0, "Total Cost": 40598.7, "Plan Rows": 44, "Plan Width": 75, "Inner Unique": true, "Plans": [{"Node Type": "Nested Loop", "Parent Relationship": "Outer", "Join Type": "Inner", "Startup Cost": 0.0, "Total Cost": 40586.38, "Plan Rows": 44, "Plan Width": 79, "Inner Unique": false, "Join Filter": "(t.id = mk.movie_id)", "Plans": [{"Node Type": "Nested Loop", "Parent Relationship": "Outer", "Join Type": "Inner", "Startup Cost": 0.0, "Total Cost": 40583.01, "Plan Rows": 6, "Plan Width": 71, "Inner Unique": true, "Plans": [{"Node Type": "Nested Loop", "Parent Relationship": "Outer", "Join Type": "Inner", "Startup Cost": 0.0, "Total Cost": 40579.84, "Plan Rows": 11, "Plan Width": 75, "Inner Unique": true, "Join Filter": "(mc.company_type_id = ct.id)", "Plans": [{"Node Type": "Nested Loop", "Parent Relationship": "Outer", "Join Type": "Inner", "Startup Cost": 0.0, "Total Cost": 40578.27, "Plan Rows": 12, "Plan Width": 79, "Inner Unique": false, "Plans": [{"Node Type": "Nested Loop", "Parent Relationship": "Outer", "Join Type": "Inner", "Startup Cost": 0.0, "Total Cost": 40576.06, "Plan Rows": 6, "Plan Width": 67, "Inner Unique": true, "Plans": [{"Node Type": "Nested Loop", "Parent Relationship": "Outer", "Join Type": "Inner", "Startup Cost": 0.0, "Total Cost": 40543.12, "Plan Rows": 4, "Plan Width": 46, "Inner Unique": false, "Join Filter": "(it1.id = mi.info_type_id)", "Plans": [{"Node Type": "Seq Scan", "Parent Relationship": "Outer", "Relation Name": "info_type", "Alias": "it1", "Startup Cost": 0.0, "Total Cost": 2.4, "Plan Rows": 1, "Plan Width": 4, "Filter": "((info)::text = 'release dates'::text)"}, {"Node Type": "Materialize", "Parent Relationship": "Inner", "Startup Cost": 0.0, "Total Cost": 40538.17, "Plan Rows": 255, "Plan Width": 50, "Plans": [{"Node Type": "Streaming(type: LOCAL GATHER dop: 1/16)", "Parent Relationship": "Outer", "Startup Cost": 0.0, "Total Cost": 40537.53, "Plan Rows": 255, "Plan Width": 50, "Plans": [{"Node Type": "Seq Scan", "Parent Relationship": "Outer", "Relation Name": "movie_info", "Alias": "mi", "Startup Cost": 0.0, "Total Cost": 40532.03, "Plan Rows": 255, "Plan Width": 50, "Filter": "((info IS NOT NULL) AND ((note)::text ~~ '%internet%'::text) AND (((info)::text ~~ 'USA:% 199%'::text) OR ((info)::text ~~ 'USA:% 200%'::text)))"}]}]}]}, {"Node Type": "Index Scan", "Parent Relationship": "Inner", "Scan Direction": "Forward", "Index Name": "title_pkey", "Relation Name": "title", "Alias": "t", "Startup Cost": 0.0, "Total Cost": 8.23, "Plan Rows": 1, "Plan Width": 21, "Index Cond": "(id = mi.movie_id)", "Filter": "(production_year > 1990)"}]}, {"Node Type": "Index Scan", "Parent Relationship": "Inner", "Scan Direction": "Forward", "Index Name": "movie_id_movie_companies", "Relation Name": "movie_companies", "Alias": "mc", "Startup Cost": 0.0, "Total Cost": 0.35, "Plan Rows": 2, "Plan Width": 12, "Index Cond": "(movie_id = t.id)"}]}, {"Node Type": "Materialize", "Parent Relationship": "Inner", "Startup Cost": 0.0, "Total Cost": 1.04, "Plan Rows": 3, "Plan Width": 4, "Plans": [{"Node Type": "Seq Scan", "Parent Relationship": "Outer", "Relation Name": "company_type", "Alias": "ct", "Startup Cost": 0.0, "Total Cost": 1.03, "Plan Rows": 3, "Plan Width": 4}]}]}, {"Node Type": "Index Scan", "Parent Relationship": "Inner", "Scan Direction": "Forward", "Index Name": "company_name_pkey", "Relation Name": "company_name", "Alias": "cn", "Startup Cost": 0.0, "Total Cost": 0.28, "Plan Rows": 1, "Plan Width": 4, "Index Cond": "(id = mc.company_id)", "Filter": "((country_code)::text = '[us]'::text)"}]}, {"Node Type": "Index Scan", "Parent Relationship": "Inner", "Scan Direction": "Forward", "Index Name": "movie_id_movie_keyword", "Relation Name": "movie_keyword", "Alias": "mk", "Startup Cost": 0.0, "Total Cost": 0.46, "Plan Rows": 8, "Plan Width": 8, "Index Cond": "(movie_id = mc.movie_id)"}]}, {"Node Type": "Index Only Scan", "Parent Relationship": "Inner", "Scan Direction": "Forward", "Index Name": "keyword_pkey", "Relation Name": "keyword", "Alias": "k", "Startup Cost": 0.0, "Total Cost": 0.27, "Plan Rows": 1, "Plan Width": 4, "Index Cond": "(id = mk.keyword_id)"}]}, {"Node Type": "Index Only Scan", "Parent Relationship": "Inner", "Scan Direction": "Forward", "Index Name": "movie_id_aka_title", "Relation Name": "aka_title", "Alias": "at", "Startup Cost": 0.0, "Total Cost": 0.31, "Plan Rows": 3, "Plan Width": 4, "Index Cond": "(movie_id = t.id)"}]}]}, "Unique SQL Id": 2846462052}, "explain_analyze_plan": {"Plan": {"Node Type": "Aggregate", "Strategy": "Plain", "Startup Cost": 40614.41, "Total Cost": 40614.42, "Plan Rows": 1, "Plan Width": 123, "Actual Min Startup Time": 454.594, "Actual Max Startup Time": 454.594, "Actual Min Total Time": 454.595, "Actual Max Total Time": 454.595, "Actual Total Rows": 1, "Plans": [{"Node Type": "Nested Loop", "Parent Relationship": "Outer", "Join Type": "Inner", "Startup Cost": 0.0, "Total Cost": 40613.75, "Plan Rows": 132, "Plan Width": 59, "Actual Min Startup Time": 361.276, "Actual Max Startup Time": 361.276, "Actual Min Total Time": 453.787, "Actual Max Total Time": 453.787, "Actual Total Rows": 1140, "Inner Unique": false, "Plans": [{"Node Type": "Nested Loop", "Parent Relationship": "Outer", "Join Type": "Inner", "Startup Cost": 0.0, "Total Cost": 40598.7, "Plan Rows": 44, "Plan Width": 75, "Actual Min Startup Time": 360.519, "Actual Max Startup Time": 360.519, "Actual Min Total Time": 440.393, "Actual Max Total Time": 440.393, "Actual Total Rows": 4808, "Inner Unique": true, "Plans": [{"Node Type": "Nested Loop", "Parent Relationship": "Outer", "Join Type": "Inner", "Startup Cost": 0.0, "Total Cost": 40586.38, "Plan Rows": 44, "Plan Width": 79, "Actual Min Startup Time": 360.492, "Actual Max Startup Time": 360.492, "Actual Min Total Time": 423.471, "Actual Max Total Time": 423.471, "Actual Total Rows": 4808, "Inner Unique": false, "Join Filter": "(t.id = mk.movie_id)", "Rows Removed by Join Filter": 0, "Plans": [{"Node Type": "Nested Loop", "Parent Relationship": "Outer", "Join Type": "Inner", "Startup Cost": 0.0, "Total Cost": 40583.01, "Plan Rows": 6, "Plan Width": 71, "Actual Min Startup Time": 360.461, "Actual Max Startup Time": 360.461, "Actual Min Total Time": 408.996, "Actual Max Total Time": 408.996, "Actual Total Rows": 1488, "Inner Unique": true, "Plans": [{"Node Type": "Nested Loop", "Parent Relationship": "Outer", "Join Type": "Inner", "Startup Cost": 0.0, "Total Cost": 40579.84, "Plan Rows": 11, "Plan Width": 75, "Actual Min Startup Time": 360.403, "Actual Max Startup Time": 360.403, "Actual Min Total Time": 397.761, "Actual Max Total Time": 397.761, "Actual Total Rows": 1599, "Inner Unique": true, "Join Filter": "(mc.company_type_id = ct.id)", "Rows Removed by Join Filter": 3855, "Plans": [{"Node Type": "Nested Loop", "Parent Relationship": "Outer", "Join Type": "Inner", "Startup Cost": 0.0, "Total Cost": 40578.27, "Plan Rows": 12, "Plan Width": 79, "Actual Min Startup Time": 360.371, "Actual Max Startup Time": 360.371, "Actual Min Total Time": 395.098, "Actual Max Total Time": 395.098, "Actual Total Rows": 2884, "Inner Unique": false, "Plans": [{"Node Type": "Nested Loop", "Parent Relationship": "Outer", "Join Type": "Inner", "Startup Cost": 0.0, "Total Cost": 40576.06, "Plan Rows": 6, "Plan Width": 67, "Actual Min Startup Time": 360.343, "Actual Max Startup Time": 360.343, "Actual Min Total Time": 377.531, "Actual Max Total Time": 377.531, "Actual Total Rows": 1782, "Inner Unique": true, "Plans": [{"Node Type": "Nested Loop", "Parent Relationship": "Outer", "Join Type": "Inner", "Startup Cost": 0.0, "Total Cost": 40543.12, "Plan Rows": 4, "Plan Width": 46, "Actual Min Startup Time": 360.293, "Actual Max Startup Time": 360.293, "Actual Min Total Time": 361.58, "Actual Max Total Time": 361.58, "Actual Total Rows": 1783, "Inner Unique": false, "Join Filter": "(it1.id = mi.info_type_id)", "Rows Removed by Join Filter": 0, "Plans": [{"Node Type": "Seq Scan", "Parent Relationship": "Outer", "Relation Name": "info_type", "Alias": "it1", "Startup Cost": 0.0, "Total Cost": 2.4, "Plan Rows": 1, "Plan Width": 4, "Actual Min Startup Time": 0.075, "Actual Max Startup Time": 0.075, "Actual Min Total Time": 0.107, "Actual Max Total Time": 0.107, "Actual Total Rows": 1, "Filter": "((info)::text = 'release dates'::text)", "Rows Removed by Filter": 111}, {"Node Type": "Materialize", "Parent Relationship": "Inner", "Startup Cost": 0.0, "Total Cost": 40538.17, "Plan Rows": 255, "Plan Width": 50, "Actual Min Startup Time": 360.193, "Actual Max Startup Time": 360.193, "Actual Min Total Time": 360.551, "Actual Max Total Time": 360.551, "Actual Total Rows": 1784, "Plans": [{"Node Type": "Streaming(type: LOCAL GATHER dop: 1/16)", "Parent Relationship": "Outer", "Startup Cost": 0.0, "Total Cost": 40537.53, "Plan Rows": 255, "Plan Width": 50, "Actual Min Startup Time": 166.394, "Actual Max Startup Time": 166.394, "Actual Min Total Time": 359.818, "Actual Max Total Time": 359.818, "Actual Total Rows": 1783, "Plans": [{"Node Type": "Seq Scan", "Parent Relationship": "Outer", "Relation Name": "movie_info", "Alias": "mi", "Startup Cost": 0.0, "Total Cost": 40532.03, "Plan Rows": 255, "Plan Width": 50, "Actual Min Startup Time": 83.623, "Actual Max Startup Time": 93.952, "Actual Min Total Time": 296.592, "Actual Max Total Time": 332.659, "Actual Total Rows": 1783, "Filter": "((info IS NOT NULL) AND ((note)::text ~~ '%internet%'::text) AND (((info)::text ~~ 'USA:% 199%'::text) OR ((info)::text ~~ 'USA:% 200%'::text)))", "Rows Removed by Filter": 14833936}]}]}]}, {"Node Type": "Index Scan", "Parent Relationship": "Inner", "Scan Direction": "Forward", "Index Name": "title_pkey", "Relation Name": "title", "Alias": "t", "Startup Cost": 0.0, "Total Cost": 8.23, "Plan Rows": 1, "Plan Width": 21, "Actual Min Startup Time": 14.366, "Actual Max Startup Time": 14.366, "Actual Min Total Time": 14.366, "Actual Max Total Time": 14.366, "Actual Total Rows": 1782, "Index Cond": "(id = mi.movie_id)", "Rows Removed by Index Recheck": 0, "Filter": "(production_year > 1990)", "Rows Removed by Filter": 1}]}, {"Node Type": "Index Scan", "Parent Relationship": "Inner", "Scan Direction": "Forward", "Index Name": "movie_id_movie_companies", "Relation Name": "movie_companies", "Alias": "mc", "Startup Cost": 0.0, "Total Cost": 0.35, "Plan Rows": 2, "Plan Width": 12, "Actual Min Startup Time": 12.799, "Actual Max Startup Time": 12.799, "Actual Min Total Time": 15.889, "Actual Max Total Time": 15.889, "Actual Total Rows": 2884, "Index Cond": "(movie_id = t.id)", "Rows Removed by Index Recheck": 0}]}, {"Node Type": "Materialize", "Parent Relationship": "Inner", "Startup Cost": 0.0, "Total Cost": 1.04, "Plan Rows": 3, "Plan Width": 4, "Actual Min Startup Time": 0.31, "Actual Max Startup Time": 0.31, "Actual Min Total Time": 0.635, "Actual Max Total Time": 0.635, "Actual Total Rows": 5454, "Plans": [{"Node Type": "Seq Scan", "Parent Relationship": "Outer", "Relation Name": "company_type", "Alias": "ct", "Startup Cost": 0.0, "Total Cost": 1.03, "Plan Rows": 3, "Plan Width": 4, "Actual Min Startup Time": 0.007, "Actual Max Startup Time": 0.007, "Actual Min Total Time": 0.009, "Actual Max Total Time": 0.009, "Actual Total Rows": 3}]}]}, {"Node Type": "Index Scan", "Parent Relationship": "Inner", "Scan Direction": "Forward", "Index Name": "company_name_pkey", "Relation Name": "company_name", "Alias": "cn", "Startup Cost": 0.0, "Total Cost": 0.28, "Plan Rows": 1, "Plan Width": 4, "Actual Min Startup Time": 9.852, "Actual Max Startup Time": 9.852, "Actual Min Total Time": 9.852, "Actual Max Total Time": 9.852, "Actual Total Rows": 1488, "Index Cond": "(id = mc.company_id)", "Rows Removed by Index Recheck": 0, "Filter": "((country_code)::text = '[us]'::text)", "Rows Removed by Filter": 111}]}, {"Node Type": "Index Scan", "Parent Relationship": "Inner", "Scan Direction": "Forward", "Index Name": "movie_id_movie_keyword", "Relation Name": "movie_keyword", "Alias": "mk", "Startup Cost": 0.0, "Total Cost": 0.46, "Plan Rows": 8, "Plan Width": 8, "Actual Min Startup Time": 9.206, "Actual Max Startup Time": 9.206, "Actual Min Total Time": 11.66, "Actual Max Total Time": 11.66, "Actual Total Rows": 4808, "Index Cond": "(movie_id = mc.movie_id)", "Rows Removed by Index Recheck": 0}]}, {"Node Type": "Index Only Scan", "Parent Relationship": "Inner", "Scan Direction": "Forward", "Index Name": "keyword_pkey", "Relation Name": "keyword", "Alias": "k", "Startup Cost": 0.0, "Total Cost": 0.27, "Plan Rows": 1, "Plan Width": 4, "Actual Min Startup Time": 13.35, "Actual Max Startup Time": 13.35, "Actual Min Total Time": 13.35, "Actual Max Total Time": 13.35, "Actual Total Rows": 4808, "Index Cond": "(id = mk.keyword_id)", "Rows Removed by Index Recheck": 0, "Heap Fetches": 0}]}, {"Node Type": "Index Only Scan", "Parent Relationship": "Inner", "Scan Direction": "Forward", "Index Name": "movie_id_aka_title", "Relation Name": "aka_title", "Alias": "at", "Startup Cost": 0.0, "Total Cost": 0.31, "Plan Rows": 3, "Plan Width": 4, "Actual Min Startup Time": 10.75, "Actual Max Startup Time": 10.75, "Actual Min Total Time": 11.04, "Actual Max Total Time": 11.04, "Actual Total Rows": 1140, "Index Cond": "(movie_id = t.id)", "Rows Removed by Index Recheck": 0, "Heap Fetches": 0}]}]}, "Triggers": [], "Planner Runtime": 42.407, "Total Runtime": 458.139, "Unique SQL Id": 2846462052}}, "(16, 113)": {"explain_plan": {"Plan": {"Node Type": "Aggregate", "Strategy": "Plain", "Startup Cost": 165028.91, "Total Cost": 165028.92, "Plan Rows": 1, "Plan Width": 123, "Plans": [{"Node Type": "Nested Loop", "Parent Relationship": "Outer", "Join Type": "Inner", "Startup Cost": 4841.46, "Total Cost": 165028.25, "Plan Rows": 132, "Plan Width": 59, "Inner Unique": false, "Plans": [{"Node Type": "Nested Loop", "Parent Relationship": "Outer", "Join Type": "Inner", "Startup Cost": 4841.46, "Total Cost": 165013.2, "Plan Rows": 44, "Plan Width": 75, "Inner Unique": true, "Plans": [{"Node Type": "Nested Loop", "Parent Relationship": "Outer", "Join Type": "Inner", "Startup Cost": 4841.46, "Total Cost": 165000.88, "Plan Rows": 44, "Plan Width": 79, "Inner Unique": false, "Join Filter": "(t.id = mk.movie_id)", "Plans": [{"Node Type": "Nested Loop", "Parent Relationship": "Outer", "Join Type": "Inner", "Startup Cost": 4841.46, "Total Cost": 164997.5, "Plan Rows": 6, "Plan Width": 71, "Inner Unique": true, "Plans": [{"Node Type": "Nested Loop", "Parent Relationship": "Outer", "Join Type": "Inner", "Startup Cost": 4841.46, "Total Cost": 164994.7, "Plan Rows": 10, "Plan Width": 75, "Inner Unique": true, "Plans": [{"Node Type": "Nested Loop", "Parent Relationship": "Outer", "Join Type": "Inner", "Startup Cost": 4841.46, "Total Cost": 164991.25, "Plan Rows": 12, "Plan Width": 79, "Inner Unique": false, "Plans": [{"Node Type": "Nested Loop", "Parent Relationship": "Outer", "Join Type": "Inner", "Startup Cost": 4841.46, "Total Cost": 164989.04, "Plan Rows": 6, "Plan Width": 67, "Inner Unique": true, "Plans": [{"Node Type": "Nested Loop", "Parent Relationship": "Outer", "Join Type": "Inner", "Startup Cost": 4841.46, "Total Cost": 164956.1, "Plan Rows": 4, "Plan Width": 46, "Inner Unique": false, "Plans": [{"Node Type": "Index Scan", "Parent Relationship": "Outer", "Scan Direction": "Forward", "Index Name": "info_type_pkey", "Relation Name": "info_type", "Alias": "it1", "Startup Cost": 0.0, "Total Cost": 14.21, "Plan Rows": 1, "Plan Width": 4, "Filter": "((info)::text = 'release dates'::text)"}, {"Node Type": "Bitmap Heap Scan", "Parent Relationship": "Inner", "Relation Name": "movie_info", "Alias": "mi", "Startup Cost": 4841.46, "Total Cost": 164941.85, "Plan Rows": 4, "Plan Width": 50, "Recheck Cond": "(info_type_id = it1.id)", "Filter": "((info IS NOT NULL) AND ((note)::text ~~ '%internet%'::text) AND (((info)::text ~~ 'USA:% 199%'::text) OR ((info)::text ~~ 'USA:% 200%'::text)))", "Plans": [{"Node Type": "Bitmap Index Scan", "Parent Relationship": "Outer", "Index Name": "info_type_id_movie_info", "Startup Cost": 0.0, "Total Cost": 4841.46, "Plan Rows": 212428, "Plan Width": 0, "Index Cond": "(info_type_id = it1.id)"}]}]}, {"Node Type": "Index Scan", "Parent Relationship": "Inner", "Scan Direction": "Forward", "Index Name": "title_pkey", "Relation Name": "title", "Alias": "t", "Startup Cost": 0.0, "Total Cost": 8.23, "Plan Rows": 1, "Plan Width": 21, "Index Cond": "(id = mi.movie_id)", "Filter": "(production_year > 1990)"}]}, {"Node Type": "Index Scan", "Parent Relationship": "Inner", "Scan Direction": "Forward", "Index Name": "movie_id_movie_companies", "Relation Name": "movie_companies", "Alias": "mc", "Startup Cost": 0.0, "Total Cost": 0.35, "Plan Rows": 2, "Plan Width": 12, "Index Cond": "(movie_id = t.id)"}]}, {"Node Type": "Index Scan", "Parent Relationship": "Inner", "Scan Direction": "Forward", "Index Name": "company_name_pkey", "Relation Name": "company_name", "Alias": "cn", "Startup Cost": 0.0, "Total Cost": 0.28, "Plan Rows": 1, "Plan Width": 4, "Index Cond": "(id = mc.company_id)", "Filter": "((country_code)::text = '[us]'::text)"}]}, {"Node Type": "Index Only Scan", "Parent Relationship": "Inner", "Scan Direction": "Forward", "Index Name": "company_type_pkey", "Relation Name": "company_type", "Alias": "ct", "Startup Cost": 0.0, "Total Cost": 0.27, "Plan Rows": 1, "Plan Width": 4, "Index Cond": "(id = mc.company_type_id)"}]}, {"Node Type": "Index Scan", "Parent Relationship": "Inner", "Scan Direction": "Forward", "Index Name": "movie_id_movie_keyword", "Relation Name": "movie_keyword", "Alias": "mk", "Startup Cost": 0.0, "Total Cost": 0.46, "Plan Rows": 8, "Plan Width": 8, "Index Cond": "(movie_id = mc.movie_id)"}]}, {"Node Type": "Index Only Scan", "Parent Relationship": "Inner", "Scan Direction": "Forward", "Index Name": "keyword_pkey", "Relation Name": "keyword", "Alias": "k", "Startup Cost": 0.0, "Total Cost": 0.27, "Plan Rows": 1, "Plan Width": 4, "Index Cond": "(id = mk.keyword_id)"}]}, {"Node Type": "Index Only Scan", "Parent Relationship": "Inner", "Scan Direction": "Forward", "Index Name": "movie_id_aka_title", "Relation Name": "aka_title", "Alias": "at", "Startup Cost": 0.0, "Total Cost": 0.31, "Plan Rows": 3, "Plan Width": 4, "Index Cond": "(movie_id = t.id)"}]}]}, "Unique SQL Id": 2846462052}, "explain_analyze_plan": null}, "(16, 114)": {"explain_plan": {"Plan": {"Node Type": "Aggregate", "Strategy": "Plain", "Startup Cost": 41112.14, "Total Cost": 41112.15, "Plan Rows": 1, "Plan Width": 123, "Plans": [{"Node Type": "Nested Loop", "Parent Relationship": "Outer", "Join Type": "Inner", "Startup Cost": 5.61, "Total Cost": 41111.48, "Plan Rows": 132, "Plan Width": 59, "Inner Unique": false, "Join Filter": "(t.id = at.movie_id)", "Plans": [{"Node Type": "Nested Loop", "Parent Relationship": "Outer", "Join Type": "Inner", "Startup Cost": 5.34, "Total Cost": 40920.12, "Plan Rows": 44, "Plan Width": 75, "Inner Unique": true, "Join Filter": "(mi.movie_id = t.id)", "Plans": [{"Node Type": "Nested Loop", "Parent Relationship": "Outer", "Join Type": "Inner", "Startup Cost": 5.07, "Total Cost": 40782.73, "Plan Rows": 32, "Plan Width": 54, "Inner Unique": true, "Plans": [{"Node Type": "Nested Loop", "Parent Relationship": "Outer", "Join Type": "Inner", "Startup Cost": 4.81, "Total Cost": 40645.76, "Plan Rows": 32, "Plan Width": 58, "Inner Unique": false, "Join Filter": "(mi.movie_id = mk.movie_id)", "Plans": [{"Node Type": "Nested Loop", "Parent Relationship": "Outer", "Join Type": "Inner", "Startup Cost": 4.48, "Total Cost": 40627.61, "Plan Rows": 4, "Plan Width": 50, "Inner Unique": true, "Plans": [{"Node Type": "Nested Loop", "Parent Relationship": "Outer", "Join Type": "Inner", "Startup Cost": 4.22, "Total Cost": 40593.34, "Plan Rows": 8, "Plan Width": 54, "Inner Unique": true, "Join Filter": "(mc.company_type_id = ct.id)", "Plans": [{"Node Type": "Nested Loop", "Parent Relationship": "Outer", "Join Type": "Inner", "Startup Cost": 4.22, "Total Cost": 40591.9, "Plan Rows": 9, "Plan Width": 58, "Inner Unique": false, "Plans": [{"Node Type": "Nested Loop", "Parent Relationship": "Outer", "Join Type": "Inner", "Startup Cost": 0.0, "Total Cost": 40543.12, "Plan Rows": 4, "Plan Width": 46, "Inner Unique": false, "Join Filter": "(it1.id = mi.info_type_id)", "Plans": [{"Node Type": "Seq Scan", "Parent Relationship": "Outer", "Relation Name": "info_type", "Alias": "it1", "Startup Cost": 0.0, "Total Cost": 2.4, "Plan Rows": 1, "Plan Width": 4, "Filter": "((info)::text = 'release dates'::text)"}, {"Node Type": "Materialize", "Parent Relationship": "Inner", "Startup Cost": 0.0, "Total Cost": 40538.17, "Plan Rows": 255, "Plan Width": 50, "Plans": [{"Node Type": "Streaming(type: LOCAL GATHER dop: 1/16)", "Parent Relationship": "Outer", "Startup Cost": 0.0, "Total Cost": 40537.53, "Plan Rows": 255, "Plan Width": 50, "Plans": [{"Node Type": "Seq Scan", "Parent Relationship": "Outer", "Relation Name": "movie_info", "Alias": "mi", "Startup Cost": 0.0, "Total Cost": 40532.03, "Plan Rows": 255, "Plan Width": 50, "Filter": "((info IS NOT NULL) AND ((note)::text ~~ '%internet%'::text) AND (((info)::text ~~ 'USA:% 199%'::text) OR ((info)::text ~~ 'USA:% 200%'::text)))"}]}]}]}, {"Node Type": "Bitmap Heap Scan", "Parent Relationship": "Inner", "Relation Name": "movie_companies", "Alias": "mc", "Startup Cost": 4.22, "Total Cost": 12.18, "Plan Rows": 2, "Plan Width": 12, "Recheck Cond": "(movie_id = mi.movie_id)", "Plans": [{"Node Type": "Bitmap Index Scan", "Parent Relationship": "Outer", "Index Name": "movie_id_movie_companies", "Startup Cost": 0.0, "Total Cost": 4.22, "Plan Rows": 2, "Plan Width": 0, "Index Cond": "(movie_id = mi.movie_id)"}]}]}, {"Node Type": "Materialize", "Parent Relationship": "Inner", "Startup Cost": 0.0, "Total Cost": 1.04, "Plan Rows": 3, "Plan Width": 4, "Plans": [{"Node Type": "Seq Scan", "Parent Relationship": "Outer", "Relation Name": "company_type", "Alias": "ct", "Startup Cost": 0.0, "Total Cost": 1.03, "Plan Rows": 3, "Plan Width": 4}]}]}, {"Node Type": "Bitmap Heap Scan", "Parent Relationship": "Inner", "Relation Name": "company_name", "Alias": "cn", "Startup Cost": 0.26, "Total Cost": 4.27, "Plan Rows": 1, "Plan Width": 4, "Recheck Cond": "(id = mc.company_id)", "Filter": "((country_code)::text = '[us]'::text)", "Plans": [{"Node Type": "Bitmap Index Scan", "Parent Relationship": "Outer", "Index Name": "company_name_pkey", "Startup Cost": 0.0, "Total Cost": 0.26, "Plan Rows": 1, "Plan Width": 0, "Index Cond": "(id = mc.company_id)"}]}]}, {"Node Type": "Bitmap Heap Scan", "Parent Relationship": "Inner", "Relation Name": "movie_keyword", "Alias": "mk", "Startup Cost": 0.34, "Total Cost": 4.44, "Plan Rows": 8, "Plan Width": 8, "Recheck Cond": "(movie_id = mc.movie_id)", "Plans": [{"Node Type": "Bitmap Index Scan", "Parent Relationship": "Outer", "Index Name": "movie_id_movie_keyword", "Startup Cost": 0.0, "Total Cost": 0.34, "Plan Rows": 8, "Plan Width": 0, "Index Cond": "(movie_id = mc.movie_id)"}]}]}, {"Node Type": "Bitmap Heap Scan", "Parent Relationship": "Inner", "Relation Name": "keyword", "Alias": "k", "Startup Cost": 0.26, "Total Cost": 4.27, "Plan Rows": 1, "Plan Width": 4, "Recheck Cond": "(id = mk.keyword_id)", "Plans": [{"Node Type": "Bitmap Index Scan", "Parent Relationship": "Outer", "Index Name": "keyword_pkey", "Startup Cost": 0.0, "Total Cost": 0.26, "Plan Rows": 1, "Plan Width": 0, "Index Cond": "(id = mk.keyword_id)"}]}]}, {"Node Type": "Bitmap Heap Scan", "Parent Relationship": "Inner", "Relation Name": "title", "Alias": "t", "Startup Cost": 0.27, "Total Cost": 4.28, "Plan Rows": 1, "Plan Width": 21, "Recheck Cond": "(id = mk.movie_id)", "Filter": "(production_year > 1990)", "Plans": [{"Node Type": "Bitmap Index Scan", "Parent Relationship": "Outer", "Index Name": "title_pkey", "Startup Cost": 0.0, "Total Cost": 0.27, "Plan Rows": 1, "Plan Width": 0, "Index Cond": "(id = mk.movie_id)"}]}]}, {"Node Type": "Bitmap Heap Scan", "Parent Relationship": "Inner", "Relation Name": "aka_title", "Alias": "at", "Startup Cost": 0.27, "Total Cost": 4.31, "Plan Rows": 3, "Plan Width": 4, "Recheck Cond": "(movie_id = mk.movie_id)", "Plans": [{"Node Type": "Bitmap Index Scan", "Parent Relationship": "Outer", "Index Name": "movie_id_aka_title", "Startup Cost": 0.0, "Total Cost": 0.27, "Plan Rows": 3, "Plan Width": 0, "Index Cond": "(movie_id = mk.movie_id)"}]}]}]}, "Unique SQL Id": 2846462052}, "explain_analyze_plan": {"Plan": {"Node Type": "Aggregate", "Strategy": "Plain", "Startup Cost": 41112.14, "Total Cost": 41112.15, "Plan Rows": 1, "Plan Width": 123, "Actual Min Startup Time": 442.402, "Actual Max Startup Time": 442.402, "Actual Min Total Time": 442.402, "Actual Max Total Time": 442.402, "Actual Total Rows": 1, "Plans": [{"Node Type": "Nested Loop", "Parent Relationship": "Outer", "Join Type": "Inner", "Startup Cost": 5.61, "Total Cost": 41111.48, "Plan Rows": 132, "Plan Width": 59, "Actual Min Startup Time": 321.434, "Actual Max Startup Time": 321.434, "Actual Min Total Time": 441.348, "Actual Max Total Time": 441.348, "Actual Total Rows": 1140, "Inner Unique": false, "Join Filter": "(t.id = at.movie_id)", "Rows Removed by Join Filter": 0, "Plans": [{"Node Type": "Nested Loop", "Parent Relationship": "Outer", "Join Type": "Inner", "Startup Cost": 5.34, "Total Cost": 40920.12, "Plan Rows": 44, "Plan Width": 75, "Actual Min Startup Time": 320.702, "Actual Max Startup Time": 320.702, "Actual Min Total Time": 420.823, "Actual Max Total Time": 420.823, "Actual Total Rows": 4808, "Inner Unique": true, "Join Filter": "(mi.movie_id = t.id)", "Rows Removed by Join Filter": 0, "Plans": [{"Node Type": "Nested Loop", "Parent Relationship": "Outer", "Join Type": "Inner", "Startup Cost": 5.07, "Total Cost": 40782.73, "Plan Rows": 32, "Plan Width": 54, "Actual Min Startup Time": 320.671, "Actual Max Startup Time": 320.671, "Actual Min Total Time": 393.642, "Actual Max Total Time": 393.642, "Actual Total Rows": 4808, "Inner Unique": true, "Plans": [{"Node Type": "Nested Loop", "Parent Relationship": "Outer", "Join Type": "Inner", "Startup Cost": 4.81, "Total Cost": 40645.76, "Plan Rows": 32, "Plan Width": 58, "Actual Min Startup Time": 320.654, "Actual Max Startup Time": 320.654, "Actual Min Total Time": 366.383, "Actual Max Total Time": 366.383, "Actual Total Rows": 4808, "Inner Unique": false, "Join Filter": "(mi.movie_id = mk.movie_id)", "Rows Removed by Join Filter": 0, "Plans": [{"Node Type": "Nested Loop", "Parent Relationship": "Outer", "Join Type": "Inner", "Startup Cost": 4.48, "Total Cost": 40627.61, "Plan Rows": 4, "Plan Width": 50, "Actual Min Startup Time": 320.632, "Actual Max Startup Time": 320.632, "Actual Min Total Time": 353.415, "Actual Max Total Time": 353.415, "Actual Total Rows": 1488, "Inner Unique": true, "Plans": [{"Node Type": "Nested Loop", "Parent Relationship": "Outer", "Join Type": "Inner", "Startup Cost": 4.22, "Total Cost": 40593.34, "Plan Rows": 8, "Plan Width": 54, "Actual Min Startup Time": 320.593, "Actual Max Startup Time": 320.593, "Actual Min Total Time": 341.549, "Actual Max Total Time": 341.549, "Actual Total Rows": 1599, "Inner Unique": true, "Join Filter": "(mc.company_type_id = ct.id)", "Rows Removed by Join Filter": 3855, "Plans": [{"Node Type": "Nested Loop", "Parent Relationship": "Outer", "Join Type": "Inner", "Startup Cost": 4.22, "Total Cost": 40591.9, "Plan Rows": 9, "Plan Width": 58, "Actual Min Startup Time": 320.53, "Actual Max Startup Time": 320.53, "Actual Min Total Time": 338.753, "Actual Max Total Time": 338.753, "Actual Total Rows": 2884, "Inner Unique": false, "Plans": [{"Node Type": "Nested Loop", "Parent Relationship": "Outer", "Join Type": "Inner", "Startup Cost": 0.0, "Total Cost": 40543.12, "Plan Rows": 4, "Plan Width": 46, "Actual Min Startup Time": 320.462, "Actual Max Startup Time": 320.462, "Actual Min Total Time": 321.784, "Actual Max Total Time": 321.784, "Actual Total Rows": 1783, "Inner Unique": false, "Join Filter": "(it1.id = mi.info_type_id)", "Rows Removed by Join Filter": 0, "Plans": [{"Node Type": "Seq Scan", "Parent Relationship": "Outer", "Relation Name": "info_type", "Alias": "it1", "Startup Cost": 0.0, "Total Cost": 2.4, "Plan Rows": 1, "Plan Width": 4, "Actual Min Startup Time": 0.069, "Actual Max Startup Time": 0.069, "Actual Min Total Time": 0.1, "Actual Max Total Time": 0.1, "Actual Total Rows": 1, "Filter": "((info)::text = 'release dates'::text)", "Rows Removed by Filter": 111}, {"Node Type": "Materialize", "Parent Relationship": "Inner", "Startup Cost": 0.0, "Total Cost": 40538.17, "Plan Rows": 255, "Plan Width": 50, "Actual Min Startup Time": 320.366, "Actual Max Startup Time": 320.366, "Actual Min Total Time": 320.693, "Actual Max Total Time": 320.693, "Actual Total Rows": 1784, "Plans": [{"Node Type": "Streaming(type: LOCAL GATHER dop: 1/16)", "Parent Relationship": "Outer", "Startup Cost": 0.0, "Total Cost": 40537.53, "Plan Rows": 255, "Plan Width": 50, "Actual Min Startup Time": 146.751, "Actual Max Startup Time": 146.751, "Actual Min Total Time": 320.022, "Actual Max Total Time": 320.022, "Actual Total Rows": 1783, "Plans": [{"Node Type": "Seq Scan", "Parent Relationship": "Outer", "Relation Name": "movie_info", "Alias": "mi", "Startup Cost": 0.0, "Total Cost": 40532.03, "Plan Rows": 255, "Plan Width": 50, "Actual Min Startup Time": 80.855, "Actual Max Startup Time": 89.163, "Actual Min Total Time": 295.022, "Actual Max Total Time": 303.152, "Actual Total Rows": 1783, "Filter": "((info IS NOT NULL) AND ((note)::text ~~ '%internet%'::text) AND (((info)::text ~~ 'USA:% 199%'::text) OR ((info)::text ~~ 'USA:% 200%'::text)))", "Rows Removed by Filter": 14833936}]}]}]}, {"Node Type": "Bitmap Heap Scan", "Parent Relationship": "Inner", "Relation Name": "movie_companies", "Alias": "mc", "Startup Cost": 4.22, "Total Cost": 12.18, "Plan Rows": 2, "Plan Width": 12, "Actual Min Startup Time": 12.162, "Actual Max Startup Time": 12.162, "Actual Min Total Time": 14.14, "Actual Max Total Time": 14.14, "Actual Total Rows": 2884, "Recheck Cond": "(movie_id = mi.movie_id)", "Rows Removed by Index Recheck": 0, "Exact Heap Blocks": 2325, "Lossy Heap Blocks": 2325, "Plans": [{"Node Type": "Bitmap Index Scan", "Parent Relationship": "Outer", "Index Name": "movie_id_movie_companies", "Startup Cost": 0.0, "Total Cost": 4.22, "Plan Rows": 2, "Plan Width": 0, "Actual Min Startup Time": 7.762, "Actual Max Startup Time": 7.762, "Actual Min Total Time": 7.762, "Actual Max Total Time": 7.762, "Actual Total Rows": 2884, "Index Cond": "(movie_id = mi.movie_id)"}]}]}, {"Node Type": "Materialize", "Parent Relationship": "Inner", "Startup Cost": 0.0, "Total Cost": 1.04, "Plan Rows": 3, "Plan Width": 4, "Actual Min Startup Time": 0.365, "Actual Max Startup Time": 0.365, "Actual Min Total Time": 0.711, "Actual Max Total Time": 0.711, "Actual Total Rows": 5454, "Plans": [{"Node Type": "Seq Scan", "Parent Relationship": "Outer", "Relation Name": "company_type", "Alias": "ct", "Startup Cost": 0.0, "Total Cost": 1.03, "Plan Rows": 3, "Plan Width": 4, "Actual Min Startup Time": 0.007, "Actual Max Startup Time": 0.007, "Actual Min Total Time": 0.008, "Actual Max Total Time": 0.008, "Actual Total Rows": 3}]}]}, {"Node Type": "Bitmap Heap Scan", "Parent Relationship": "Inner", "Relation Name": "company_name", "Alias": "cn", "Startup Cost": 0.26, "Total Cost": 4.27, "Plan Rows": 1, "Plan Width": 4, "Actual Min Startup Time": 9.72, "Actual Max Startup Time": 9.72, "Actual Min Total Time": 9.72, "Actual Max Total Time": 9.72, "Actual Total Rows": 1488, "Recheck Cond": "(id = mc.company_id)", "Rows Removed by Index Recheck": 0, "Filter": "((country_code)::text = '[us]'::text)", "Rows Removed by Filter": 111, "Exact Heap Blocks": 1599, "Lossy Heap Blocks": 1599, "Plans": [{"Node Type": "Bitmap Index Scan", "Parent Relationship": "Outer", "Index Name": "company_name_pkey", "Startup Cost": 0.0, "Total Cost": 0.26, "Plan Rows": 1, "Plan Width": 0, "Actual Min Startup Time": 5.575, "Actual Max Startup Time": 5.575, "Actual Min Total Time": 5.575, "Actual Max Total Time": 5.575, "Actual Total Rows": 1599, "Index Cond": "(id = mc.company_id)"}]}]}, {"Node Type": "Bitmap Heap Scan", "Parent Relationship": "Inner", "Relation Name": "movie_keyword", "Alias": "mk", "Startup Cost": 0.34, "Total Cost": 4.44, "Plan Rows": 8, "Plan Width": 8, "Actual Min Startup Time": 8.322, "Actual Max Startup Time": 8.322, "Actual Min Total Time": 9.099, "Actual Max Total Time": 9.099, "Actual Total Rows": 4808, "Recheck Cond": "(movie_id = mc.movie_id)", "Rows Removed by Index Recheck": 0, "Exact Heap Blocks": 586, "Lossy Heap Blocks": 586, "Plans": [{"Node Type": "Bitmap Index Scan", "Parent Relationship": "Outer", "Index Name": "movie_id_movie_keyword", "Startup Cost": 0.0, "Total Cost": 0.34, "Plan Rows": 8, "Plan Width": 0, "Actual Min Startup Time": 6.05, "Actual Max Startup Time": 6.05, "Actual Min Total Time": 6.05, "Actual Max Total Time": 6.05, "Actual Total Rows": 4808, "Index Cond": "(movie_id = mc.movie_id)"}]}]}, {"Node Type": "Bitmap Heap Scan", "Parent Relationship": "Inner", "Relation Name": "keyword", "Alias": "k", "Startup Cost": 0.26, "Total Cost": 4.27, "Plan Rows": 1, "Plan Width": 4, "Actual Min Startup Time": 21.027, "Actual Max Startup Time": 21.027, "Actual Min Total Time": 21.027, "Actual Max Total Time": 21.027, "Actual Total Rows": 4808, "Recheck Cond": "(id = mk.keyword_id)", "Rows Removed by Index Recheck": 0, "Exact Heap Blocks": 4808, "Lossy Heap Blocks": 4808, "Plans": [{"Node Type": "Bitmap Index Scan", "Parent Relationship": "Outer", "Index Name": "keyword_pkey", "Startup Cost": 0.0, "Total Cost": 0.26, "Plan Rows": 1, "Plan Width": 0, "Actual Min Startup Time": 13.378, "Actual Max Startup Time": 13.378, "Actual Min Total Time": 13.378, "Actual Max Total Time": 13.378, "Actual Total Rows": 4808, "Index Cond": "(id = mk.keyword_id)"}]}]}, {"Node Type": "Bitmap Heap Scan", "Parent Relationship": "Inner", "Relation Name": "title", "Alias": "t", "Startup Cost": 0.27, "Total Cost": 4.28, "Plan Rows": 1, "Plan Width": 21, "Actual Min Startup Time": 20.151, "Actual Max Startup Time": 20.151, "Actual Min Total Time": 20.151, "Actual Max Total Time": 20.151, "Actual Total Rows": 4808, "Recheck Cond": "(id = mk.movie_id)", "Rows Removed by Index Recheck": 0, "Filter": "(production_year > 1990)", "Rows Removed by Filter": 0, "Exact Heap Blocks": 4808, "Lossy Heap Blocks": 4808, "Plans": [{"Node Type": "Bitmap Index Scan", "Parent Relationship": "Outer", "Index Name": "title_pkey", "Startup Cost": 0.0, "Total Cost": 0.27, "Plan Rows": 1, "Plan Width": 0, "Actual Min Startup Time": 12.256, "Actual Max Startup Time": 12.256, "Actual Min Total Time": 12.256, "Actual Max Total Time": 12.256, "Actual Total Rows": 4808, "Index Cond": "(id = mk.movie_id)"}]}]}, {"Node Type": "Bitmap Heap Scan", "Parent Relationship": "Inner", "Relation Name": "aka_title", "Alias": "at", "Startup Cost": 0.27, "Total Cost": 4.31, "Plan Rows": 3, "Plan Width": 4, "Actual Min Startup Time": 14.526, "Actual Max Startup Time": 14.526, "Actual Min Total Time": 14.913, "Actual Max Total Time": 14.913, "Actual Total Rows": 1140, "Recheck Cond": "(movie_id = mk.movie_id)", "Rows Removed by Index Recheck": 0, "Exact Heap Blocks": 1140, "Lossy Heap Blocks": 1140, "Plans": [{"Node Type": "Bitmap Index Scan", "Parent Relationship": "Outer", "Index Name": "movie_id_aka_title", "Startup Cost": 0.0, "Total Cost": 0.27, "Plan Rows": 3, "Plan Width": 0, "Actual Min Startup Time": 11.273, "Actual Max Startup Time": 11.273, "Actual Min Total Time": 11.273, "Actual Max Total Time": 11.273, "Actual Total Rows": 1140, "Index Cond": "(movie_id = mk.movie_id)"}]}]}]}, "Triggers": [], "Planner Runtime": 125.779, "Total Runtime": 445.427, "Unique SQL Id": 2846462052}}, "(16, 115)": {"explain_plan": {"Plan": {"Node Type": "Aggregate", "Strategy": "Plain", "Startup Cost": 166073.69, "Total Cost": 166073.7, "Plan Rows": 1, "Plan Width": 123, "Plans": [{"Node Type": "Nested Loop", "Parent Relationship": "Outer", "Join Type": "Inner", "Startup Cost": 4855.81, "Total Cost": 166073.03, "Plan Rows": 132, "Plan Width": 59, "Inner Unique": true, "Join Filter": "(at.movie_id = t.id)", "Plans": [{"Node Type": "Nested Loop", "Parent Relationship": "Outer", "Join Type": "Inner", "Startup Cost": 4855.54, "Total Cost": 165665.15, "Plan Rows": 95, "Plan Width": 58, "Inner Unique": true, "Plans": [{"Node Type": "Nested Loop", "Parent Relationship": "Outer", "Join Type": "Inner", "Startup Cost": 4855.28, "Total Cost": 165249.97, "Plan Rows": 97, "Plan Width": 62, "Inner Unique": false, "Join Filter": "(at.movie_id = mk.movie_id)", "Plans": [{"Node Type": "Nested Loop", "Parent Relationship": "Outer", "Join Type": "Inner", "Startup Cost": 4854.95, "Total Cost": 165195.51, "Plan Rows": 12, "Plan Width": 54, "Inner Unique": true, "Plans": [{"Node Type": "Nested Loop", "Parent Relationship": "Outer", "Join Type": "Inner", "Startup Cost": 4854.69, "Total Cost": 165144.15, "Plan Rows": 12, "Plan Width": 58, "Inner Unique": true, "Plans": [{"Node Type": "Nested Loop", "Parent Relationship": "Outer", "Join Type": "Inner", "Startup Cost": 4854.43, "Total Cost": 165058.48, "Plan Rows": 20, "Plan Width": 62, "Inner Unique": false, "Plans": [{"Node Type": "Nested Loop", "Parent Relationship": "Outer", "Join Type": "Inner", "Startup Cost": 4854.06, "Total Cost": 165018.73, "Plan Rows": 9, "Plan Width": 50, "Inner Unique": false, "Plans": [{"Node Type": "Nested Loop", "Parent Relationship": "Outer", "Join Type": "Inner", "Startup Cost": 4850.27, "Total Cost": 164956.1, "Plan Rows": 4, "Plan Width": 46, "Inner Unique": false, "Plans": [{"Node Type": "Bitmap Heap Scan", "Parent Relationship": "Outer", "Relation Name": "info_type", "Alias": "it1", "Startup Cost": 8.81, "Total Cost": 14.21, "Plan Rows": 1, "Plan Width": 4, "Filter": "((info)::text = 'release dates'::text)", "Plans": [{"Node Type": "Bitmap Index Scan", "Parent Relationship": "Outer", "Index Name": "info_type_pkey", "Startup Cost": 0.0, "Total Cost": 8.81, "Plan Rows": 112, "Plan Width": 0}]}, {"Node Type": "Bitmap Heap Scan", "Parent Relationship": "Inner", "Relation Name": "movie_info", "Alias": "mi", "Startup Cost": 4841.46, "Total Cost": 164941.85, "Plan Rows": 4, "Plan Width": 50, "Recheck Cond": "(info_type_id = it1.id)", "Filter": "((info IS NOT NULL) AND ((note)::text ~~ '%internet%'::text) AND (((info)::text ~~ 'USA:% 199%'::text) OR ((info)::text ~~ 'USA:% 200%'::text)))", "Plans": [{"Node Type": "Bitmap Index Scan", "Parent Relationship": "Outer", "Index Name": "info_type_id_movie_info", "Startup Cost": 0.0, "Total Cost": 4841.46, "Plan Rows": 212428, "Plan Width": 0, "Index Cond": "(info_type_id = it1.id)"}]}]}, {"Node Type": "Bitmap Heap Scan", "Parent Relationship": "Inner", "Relation Name": "aka_title", "Alias": "at", "Startup Cost": 3.79, "Total Cost": 15.63, "Plan Rows": 3, "Plan Width": 4, "Recheck Cond": "(movie_id = mi.movie_id)", "Plans": [{"Node Type": "Bitmap Index Scan", "Parent Relationship": "Outer", "Index Name": "movie_id_aka_title", "Startup Cost": 0.0, "Total Cost": 3.79, "Plan Rows": 3, "Plan Width": 0, "Index Cond": "(movie_id = mi.movie_id)"}]}]}, {"Node Type": "Bitmap Heap Scan", "Parent Relationship": "Inner", "Relation Name": "movie_companies", "Alias": "mc", "Startup Cost": 0.37, "Total Cost": 4.4, "Plan Rows": 2, "Plan Width": 12, "Recheck Cond": "(movie_id = at.movie_id)", "Plans": [{"Node Type": "Bitmap Index Scan", "Parent Relationship": "Outer", "Index Name": "movie_id_movie_companies", "Startup Cost": 0.0, "Total Cost": 0.37, "Plan Rows": 2, "Plan Width": 0, "Index Cond": "(movie_id = at.movie_id)"}]}]}, {"Node Type": "Bitmap Heap Scan", "Parent Relationship": "Inner", "Relation Name": "company_name", "Alias": "cn", "Startup Cost": 0.26, "Total Cost": 4.27, "Plan Rows": 1, "Plan Width": 4, "Recheck Cond": "(id = mc.company_id)", "Filter": "((country_code)::text = '[us]'::text)", "Plans": [{"Node Type": "Bitmap Index Scan", "Parent Relationship": "Outer", "Index Name": "company_name_pkey", "Startup Cost": 0.0, "Total Cost": 0.26, "Plan Rows": 1, "Plan Width": 0, "Index Cond": "(id = mc.company_id)"}]}]}, {"Node Type": "Bitmap Heap Scan", "Parent Relationship": "Inner", "Relation Name": "company_type", "Alias": "ct", "Startup Cost": 0.26, "Total Cost": 4.27, "Plan Rows": 1, "Plan Width": 4, "Recheck Cond": "(id = mc.company_type_id)", "Plans": [{"Node Type": "Bitmap Index Scan", "Parent Relationship": "Outer", "Index Name": "company_type_pkey", "Startup Cost": 0.0, "Total Cost": 0.26, "Plan Rows": 1, "Plan Width": 0, "Index Cond": "(id = mc.company_type_id)"}]}]}, {"Node Type": "Bitmap Heap Scan", "Parent Relationship": "Inner", "Relation Name": "movie_keyword", "Alias": "mk", "Startup Cost": 0.34, "Total Cost": 4.44, "Plan Rows": 8, "Plan Width": 8, "Recheck Cond": "(movie_id = mc.movie_id)", "Plans": [{"Node Type": "Bitmap Index Scan", "Parent Relationship": "Outer", "Index Name": "movie_id_movie_keyword", "Startup Cost": 0.0, "Total Cost": 0.34, "Plan Rows": 8, "Plan Width": 0, "Index Cond": "(movie_id = mc.movie_id)"}]}]}, {"Node Type": "Bitmap Heap Scan", "Parent Relationship": "Inner", "Relation Name": "keyword", "Alias": "k", "Startup Cost": 0.26, "Total Cost": 4.27, "Plan Rows": 1, "Plan Width": 4, "Recheck Cond": "(id = mk.keyword_id)", "Plans": [{"Node Type": "Bitmap Index Scan", "Parent Relationship": "Outer", "Index Name": "keyword_pkey", "Startup Cost": 0.0, "Total Cost": 0.26, "Plan Rows": 1, "Plan Width": 0, "Index Cond": "(id = mk.keyword_id)"}]}]}, {"Node Type": "Bitmap Heap Scan", "Parent Relationship": "Inner", "Relation Name": "title", "Alias": "t", "Startup Cost": 0.27, "Total Cost": 4.28, "Plan Rows": 1, "Plan Width": 21, "Recheck Cond": "(id = mk.movie_id)", "Filter": "(production_year > 1990)", "Plans": [{"Node Type": "Bitmap Index Scan", "Parent Relationship": "Outer", "Index Name": "title_pkey", "Startup Cost": 0.0, "Total Cost": 0.27, "Plan Rows": 1, "Plan Width": 0, "Index Cond": "(id = mk.movie_id)"}]}]}]}, "Unique SQL Id": 2846462052}, "explain_analyze_plan": null}, "(16, 116)": {"explain_plan": {"Plan": {"Node Type": "Aggregate", "Strategy": "Plain", "Startup Cost": 40614.96, "Total Cost": 40614.97, "Plan Rows": 1, "Plan Width": 123, "Plans": [{"Node Type": "Nested Loop", "Parent Relationship": "Outer", "Join Type": "Inner", "Startup Cost": 0.0, "Total Cost": 40614.3, "Plan Rows": 132, "Plan Width": 59, "Inner Unique": false, "Join Filter": "(t.id = at.movie_id)", "Plans": [{"Node Type": "Nested Loop", "Parent Relationship": "Outer", "Join Type": "Inner", "Startup Cost": 0.0, "Total Cost": 40598.73, "Plan Rows": 44, "Plan Width": 75, "Inner Unique": true, "Plans": [{"Node Type": "Nested Loop", "Parent Relationship": "Outer", "Join Type": "Inner", "Startup Cost": 0.0, "Total Cost": 40586.38, "Plan Rows": 44, "Plan Width": 79, "Inner Unique": false, "Join Filter": "(t.id = mk.movie_id)", "Plans": [{"Node Type": "Nested Loop", "Parent Relationship": "Outer", "Join Type": "Inner", "Startup Cost": 0.0, "Total Cost": 40583.01, "Plan Rows": 6, "Plan Width": 71, "Inner Unique": true, "Plans": [{"Node Type": "Nested Loop", "Parent Relationship": "Outer", "Join Type": "Inner", "Startup Cost": 0.0, "Total Cost": 40579.84, "Plan Rows": 11, "Plan Width": 75, "Inner Unique": true, "Join Filter": "(mc.company_type_id = ct.id)", "Plans": [{"Node Type": "Nested Loop", "Parent Relationship": "Outer", "Join Type": "Inner", "Startup Cost": 0.0, "Total Cost": 40578.27, "Plan Rows": 12, "Plan Width": 79, "Inner Unique": false, "Plans": [{"Node Type": "Nested Loop", "Parent Relationship": "Outer", "Join Type": "Inner", "Startup Cost": 0.0, "Total Cost": 40576.06, "Plan Rows": 6, "Plan Width": 67, "Inner Unique": true, "Plans": [{"Node Type": "Nested Loop", "Parent Relationship": "Outer", "Join Type": "Inner", "Startup Cost": 0.0, "Total Cost": 40543.12, "Plan Rows": 4, "Plan Width": 46, "Inner Unique": false, "Join Filter": "(it1.id = mi.info_type_id)", "Plans": [{"Node Type": "Seq Scan", "Parent Relationship": "Outer", "Relation Name": "info_type", "Alias": "it1", "Startup Cost": 0.0, "Total Cost": 2.4, "Plan Rows": 1, "Plan Width": 4, "Filter": "((info)::text = 'release dates'::text)"}, {"Node Type": "Materialize", "Parent Relationship": "Inner", "Startup Cost": 0.0, "Total Cost": 40538.17, "Plan Rows": 255, "Plan Width": 50, "Plans": [{"Node Type": "Streaming(type: LOCAL GATHER dop: 1/16)", "Parent Relationship": "Outer", "Startup Cost": 0.0, "Total Cost": 40537.53, "Plan Rows": 255, "Plan Width": 50, "Plans": [{"Node Type": "Seq Scan", "Parent Relationship": "Outer", "Relation Name": "movie_info", "Alias": "mi", "Startup Cost": 0.0, "Total Cost": 40532.03, "Plan Rows": 255, "Plan Width": 50, "Filter": "((info IS NOT NULL) AND ((note)::text ~~ '%internet%'::text) AND (((info)::text ~~ 'USA:% 199%'::text) OR ((info)::text ~~ 'USA:% 200%'::text)))"}]}]}]}, {"Node Type": "Index Scan", "Parent Relationship": "Inner", "Scan Direction": "Forward", "Index Name": "title_pkey", "Relation Name": "title", "Alias": "t", "Startup Cost": 0.0, "Total Cost": 8.23, "Plan Rows": 1, "Plan Width": 21, "Index Cond": "(id = mi.movie_id)", "Filter": "(production_year > 1990)"}]}, {"Node Type": "Index Scan", "Parent Relationship": "Inner", "Scan Direction": "Forward", "Index Name": "movie_id_movie_companies", "Relation Name": "movie_companies", "Alias": "mc", "Startup Cost": 0.0, "Total Cost": 0.35, "Plan Rows": 2, "Plan Width": 12, "Index Cond": "(movie_id = t.id)"}]}, {"Node Type": "Materialize", "Parent Relationship": "Inner", "Startup Cost": 0.0, "Total Cost": 1.04, "Plan Rows": 3, "Plan Width": 4, "Plans": [{"Node Type": "Seq Scan", "Parent Relationship": "Outer", "Relation Name": "company_type", "Alias": "ct", "Startup Cost": 0.0, "Total Cost": 1.03, "Plan Rows": 3, "Plan Width": 4}]}]}, {"Node Type": "Index Scan", "Parent Relationship": "Inner", "Scan Direction": "Forward", "Index Name": "company_name_pkey", "Relation Name": "company_name", "Alias": "cn", "Startup Cost": 0.0, "Total Cost": 0.28, "Plan Rows": 1, "Plan Width": 4, "Index Cond": "(id = mc.company_id)", "Filter": "((country_code)::text = '[us]'::text)"}]}, {"Node Type": "Index Scan", "Parent Relationship": "Inner", "Scan Direction": "Forward", "Index Name": "movie_id_movie_keyword", "Relation Name": "movie_keyword", "Alias": "mk", "Startup Cost": 0.0, "Total Cost": 0.46, "Plan Rows": 8, "Plan Width": 8, "Index Cond": "(movie_id = mc.movie_id)"}]}, {"Node Type": "Index Scan", "Parent Relationship": "Inner", "Scan Direction": "Forward", "Index Name": "keyword_pkey", "Relation Name": "keyword", "Alias": "k", "Startup Cost": 0.0, "Total Cost": 0.27, "Plan Rows": 1, "Plan Width": 4, "Index Cond": "(id = mk.keyword_id)"}]}, {"Node Type": "Index Scan", "Parent Relationship": "Inner", "Scan Direction": "Forward", "Index Name": "movie_id_aka_title", "Relation Name": "aka_title", "Alias": "at", "Startup Cost": 0.0, "Total Cost": 0.32, "Plan Rows": 3, "Plan Width": 4, "Index Cond": "(movie_id = mk.movie_id)"}]}]}, "Unique SQL Id": 2846462052}, "explain_analyze_plan": {"Plan": {"Node Type": "Aggregate", "Strategy": "Plain", "Startup Cost": 40614.96, "Total Cost": 40614.97, "Plan Rows": 1, "Plan Width": 123, "Actual Min Startup Time": 470.901, "Actual Max Startup Time": 470.901, "Actual Min Total Time": 470.901, "Actual Max Total Time": 470.901, "Actual Total Rows": 1, "Plans": [{"Node Type": "Nested Loop", "Parent Relationship": "Outer", "Join Type": "Inner", "Startup Cost": 0.0, "Total Cost": 40614.3, "Plan Rows": 132, "Plan Width": 59, "Actual Min Startup Time": 365.174, "Actual Max Startup Time": 365.174, "Actual Min Total Time": 470.039, "Actual Max Total Time": 470.039, "Actual Total Rows": 1140, "Inner Unique": false, "Join Filter": "(t.id = at.movie_id)", "Rows Removed by Join Filter": 0, "Plans": [{"Node Type": "Nested Loop", "Parent Relationship": "Outer", "Join Type": "Inner", "Startup Cost": 0.0, "Total Cost": 40598.73, "Plan Rows": 44, "Plan Width": 75, "Actual Min Startup Time": 363.726, "Actual Max Startup Time": 363.726, "Actual Min Total Time": 454.708, "Actual Max Total Time": 454.708, "Actual Total Rows": 4808, "Inner Unique": true, "Plans": [{"Node Type": "Nested Loop", "Parent Relationship": "Outer", "Join Type": "Inner", "Startup Cost": 0.0, "Total Cost": 40586.38, "Plan Rows": 44, "Plan Width": 79, "Actual Min Startup Time": 363.702, "Actual Max Startup Time": 363.702, "Actual Min Total Time": 431.177, "Actual Max Total Time": 431.177, "Actual Total Rows": 4808, "Inner Unique": false, "Join Filter": "(t.id = mk.movie_id)", "Rows Removed by Join Filter": 0, "Plans": [{"Node Type": "Nested Loop", "Parent Relationship": "Outer", "Join Type": "Inner", "Startup Cost": 0.0, "Total Cost": 40583.01, "Plan Rows": 6, "Plan Width": 71, "Actual Min Startup Time": 363.672, "Actual Max Startup Time": 363.672, "Actual Min Total Time": 416.165, "Actual Max Total Time": 416.165, "Actual Total Rows": 1488, "Inner Unique": true, "Plans": [{"Node Type": "Nested Loop", "Parent Relationship": "Outer", "Join Type": "Inner", "Startup Cost": 0.0, "Total Cost": 40579.84, "Plan Rows": 11, "Plan Width": 75, "Actual Min Startup Time": 363.643, "Actual Max Startup Time": 363.643, "Actual Min Total Time": 403.621, "Actual Max Total Time": 403.621, "Actual Total Rows": 1599, "Inner Unique": true, "Join Filter": "(mc.company_type_id = ct.id)", "Rows Removed by Join Filter": 3855, "Plans": [{"Node Type": "Nested Loop", "Parent Relationship": "Outer", "Join Type": "Inner", "Startup Cost": 0.0, "Total Cost": 40578.27, "Plan Rows": 12, "Plan Width": 79, "Actual Min Startup Time": 363.599, "Actual Max Startup Time": 363.599, "Actual Min Total Time": 400.898, "Actual Max Total Time": 400.898, "Actual Total Rows": 2884, "Inner Unique": false, "Plans": [{"Node Type": "Nested Loop", "Parent Relationship": "Outer", "Join Type": "Inner", "Startup Cost": 0.0, "Total Cost": 40576.06, "Plan Rows": 6, "Plan Width": 67, "Actual Min Startup Time": 363.573, "Actual Max Startup Time": 363.573, "Actual Min Total Time": 382.39, "Actual Max Total Time": 382.39, "Actual Total Rows": 1782, "Inner Unique": true, "Plans": [{"Node Type": "Nested Loop", "Parent Relationship": "Outer", "Join Type": "Inner", "Startup Cost": 0.0, "Total Cost": 40543.12, "Plan Rows": 4, "Plan Width": 46, "Actual Min Startup Time": 363.528, "Actual Max Startup Time": 363.528, "Actual Min Total Time": 364.872, "Actual Max Total Time": 364.872, "Actual Total Rows": 1783, "Inner Unique": false, "Join Filter": "(it1.id = mi.info_type_id)", "Rows Removed by Join Filter": 0, "Plans": [{"Node Type": "Seq Scan", "Parent Relationship": "Outer", "Relation Name": "info_type", "Alias": "it1", "Startup Cost": 0.0, "Total Cost": 2.4, "Plan Rows": 1, "Plan Width": 4, "Actual Min Startup Time": 0.07, "Actual Max Startup Time": 0.07, "Actual Min Total Time": 0.132, "Actual Max Total Time": 0.132, "Actual Total Rows": 1, "Filter": "((info)::text = 'release dates'::text)", "Rows Removed by Filter": 111}, {"Node Type": "Materialize", "Parent Relationship": "Inner", "Startup Cost": 0.0, "Total Cost": 40538.17, "Plan Rows": 255, "Plan Width": 50, "Actual Min Startup Time": 363.435, "Actual Max Startup Time": 363.435, "Actual Min Total Time": 363.81, "Actual Max Total Time": 363.81, "Actual Total Rows": 1784, "Plans": [{"Node Type": "Streaming(type: LOCAL GATHER dop: 1/16)", "Parent Relationship": "Outer", "Startup Cost": 0.0, "Total Cost": 40537.53, "Plan Rows": 255, "Plan Width": 50, "Actual Min Startup Time": 163.091, "Actual Max Startup Time": 163.091, "Actual Min Total Time": 363.017, "Actual Max Total Time": 363.017, "Actual Total Rows": 1783, "Plans": [{"Node Type": "Seq Scan", "Parent Relationship": "Outer", "Relation Name": "movie_info", "Alias": "mi", "Startup Cost": 0.0, "Total Cost": 40532.03, "Plan Rows": 255, "Plan Width": 50, "Actual Min Startup Time": 85.414, "Actual Max Startup Time": 93.033, "Actual Min Total Time": 303.553, "Actual Max Total Time": 327.965, "Actual Total Rows": 1783, "Filter": "((info IS NOT NULL) AND ((note)::text ~~ '%internet%'::text) AND (((info)::text ~~ 'USA:% 199%'::text) OR ((info)::text ~~ 'USA:% 200%'::text)))", "Rows Removed by Filter": 14833936}]}]}]}, {"Node Type": "Index Scan", "Parent Relationship": "Inner", "Scan Direction": "Forward", "Index Name": "title_pkey", "Relation Name": "title", "Alias": "t", "Startup Cost": 0.0, "Total Cost": 8.23, "Plan Rows": 1, "Plan Width": 21, "Actual Min Startup Time": 15.883, "Actual Max Startup Time": 15.883, "Actual Min Total Time": 15.883, "Actual Max Total Time": 15.883, "Actual Total Rows": 1782, "Index Cond": "(id = mi.movie_id)", "Rows Removed by Index Recheck": 0, "Filter": "(production_year > 1990)", "Rows Removed by Filter": 1}]}, {"Node Type": "Index Scan", "Parent Relationship": "Inner", "Scan Direction": "Forward", "Index Name": "movie_id_movie_companies", "Relation Name": "movie_companies", "Alias": "mc", "Startup Cost": 0.0, "Total Cost": 0.35, "Plan Rows": 2, "Plan Width": 12, "Actual Min Startup Time": 13.512, "Actual Max Startup Time": 13.512, "Actual Min Total Time": 16.791, "Actual Max Total Time": 16.791, "Actual Total Rows": 2884, "Index Cond": "(movie_id = t.id)", "Rows Removed by Index Recheck": 0}]}, {"Node Type": "Materialize", "Parent Relationship": "Inner", "Startup Cost": 0.0, "Total Cost": 1.04, "Plan Rows": 3, "Plan Width": 4, "Actual Min Startup Time": 0.362, "Actual Max Startup Time": 0.362, "Actual Min Total Time": 0.686, "Actual Max Total Time": 0.686, "Actual Total Rows": 5454, "Plans": [{"Node Type": "Seq Scan", "Parent Relationship": "Outer", "Relation Name": "company_type", "Alias": "ct", "Startup Cost": 0.0, "Total Cost": 1.03, "Plan Rows": 3, "Plan Width": 4, "Actual Min Startup Time": 0.009, "Actual Max Startup Time": 0.009, "Actual Min Total Time": 0.011, "Actual Max Total Time": 0.011, "Actual Total Rows": 3}]}]}, {"Node Type": "Index Scan", "Parent Relationship": "Inner", "Scan Direction": "Forward", "Index Name": "company_name_pkey", "Relation Name": "company_name", "Alias": "cn", "Startup Cost": 0.0, "Total Cost": 0.28, "Plan Rows": 1, "Plan Width": 4, "Actual Min Startup Time": 10.923, "Actual Max Startup Time": 10.923, "Actual Min Total Time": 10.923, "Actual Max Total Time": 10.923, "Actual Total Rows": 1488, "Index Cond": "(id = mc.company_id)", "Rows Removed by Index Recheck": 0, "Filter": "((country_code)::text = '[us]'::text)", "Rows Removed by Filter": 111}]}, {"Node Type": "Index Scan", "Parent Relationship": "Inner", "Scan Direction": "Forward", "Index Name": "movie_id_movie_keyword", "Relation Name": "movie_keyword", "Alias": "mk", "Startup Cost": 0.0, "Total Cost": 0.46, "Plan Rows": 8, "Plan Width": 8, "Actual Min Startup Time": 9.883, "Actual Max Startup Time": 9.883, "Actual Min Total Time": 12.129, "Actual Max Total Time": 12.129, "Actual Total Rows": 4808, "Index Cond": "(movie_id = mc.movie_id)", "Rows Removed by Index Recheck": 0}]}, {"Node Type": "Index Scan", "Parent Relationship": "Inner", "Scan Direction": "Forward", "Index Name": "keyword_pkey", "Relation Name": "keyword", "Alias": "k", "Startup Cost": 0.0, "Total Cost": 0.27, "Plan Rows": 1, "Plan Width": 4, "Actual Min Startup Time": 19.528, "Actual Max Startup Time": 19.528, "Actual Min Total Time": 19.528, "Actual Max Total Time": 19.528, "Actual Total Rows": 4808, "Index Cond": "(id = mk.keyword_id)", "Rows Removed by Index Recheck": 0}]}, {"Node Type": "Index Scan", "Parent Relationship": "Inner", "Scan Direction": "Forward", "Index Name": "movie_id_aka_title", "Relation Name": "aka_title", "Alias": "at", "Startup Cost": 0.0, "Total Cost": 0.32, "Plan Rows": 3, "Plan Width": 4, "Actual Min Startup Time": 11.896, "Actual Max Startup Time": 11.896, "Actual Min Total Time": 12.433, "Actual Max Total Time": 12.433, "Actual Total Rows": 1140, "Index Cond": "(movie_id = mk.movie_id)", "Rows Removed by Index Recheck": 0}]}]}, "Triggers": [], "Planner Runtime": 43.927, "Total Runtime": 474.633, "Unique SQL Id": 2846462052}}, "(16, 117)": {"explain_plan": {"Plan": {"Node Type": "Aggregate", "Strategy": "Plain", "Startup Cost": 165029.46, "Total Cost": 165029.47, "Plan Rows": 1, "Plan Width": 123, "Plans": [{"Node Type": "Nested Loop", "Parent Relationship": "Outer", "Join Type": "Inner", "Startup Cost": 4841.46, "Total Cost": 165028.8, "Plan Rows": 132, "Plan Width": 59, "Inner Unique": false, "Join Filter": "(t.id = at.movie_id)", "Plans": [{"Node Type": "Nested Loop", "Parent Relationship": "Outer", "Join Type": "Inner", "Startup Cost": 4841.46, "Total Cost": 165013.23, "Plan Rows": 44, "Plan Width": 75, "Inner Unique": true, "Plans": [{"Node Type": "Nested Loop", "Parent Relationship": "Outer", "Join Type": "Inner", "Startup Cost": 4841.46, "Total Cost": 165000.88, "Plan Rows": 44, "Plan Width": 79, "Inner Unique": false, "Join Filter": "(t.id = mk.movie_id)", "Plans": [{"Node Type": "Nested Loop", "Parent Relationship": "Outer", "Join Type": "Inner", "Startup Cost": 4841.46, "Total Cost": 164997.5, "Plan Rows": 6, "Plan Width": 71, "Inner Unique": true, "Plans": [{"Node Type": "Nested Loop", "Parent Relationship": "Outer", "Join Type": "Inner", "Startup Cost": 4841.46, "Total Cost": 164994.7, "Plan Rows": 10, "Plan Width": 75, "Inner Unique": true, "Plans": [{"Node Type": "Nested Loop", "Parent Relationship": "Outer", "Join Type": "Inner", "Startup Cost": 4841.46, "Total Cost": 164991.25, "Plan Rows": 12, "Plan Width": 79, "Inner Unique": false, "Plans": [{"Node Type": "Nested Loop", "Parent Relationship": "Outer", "Join Type": "Inner", "Startup Cost": 4841.46, "Total Cost": 164989.04, "Plan Rows": 6, "Plan Width": 67, "Inner Unique": true, "Plans": [{"Node Type": "Nested Loop", "Parent Relationship": "Outer", "Join Type": "Inner", "Startup Cost": 4841.46, "Total Cost": 164956.1, "Plan Rows": 4, "Plan Width": 46, "Inner Unique": false, "Plans": [{"Node Type": "Index Scan", "Parent Relationship": "Outer", "Scan Direction": "Forward", "Index Name": "info_type_pkey", "Relation Name": "info_type", "Alias": "it1", "Startup Cost": 0.0, "Total Cost": 14.21, "Plan Rows": 1, "Plan Width": 4, "Filter": "((info)::text = 'release dates'::text)"}, {"Node Type": "Bitmap Heap Scan", "Parent Relationship": "Inner", "Relation Name": "movie_info", "Alias": "mi", "Startup Cost": 4841.46, "Total Cost": 164941.85, "Plan Rows": 4, "Plan Width": 50, "Recheck Cond": "(info_type_id = it1.id)", "Filter": "((info IS NOT NULL) AND ((note)::text ~~ '%internet%'::text) AND (((info)::text ~~ 'USA:% 199%'::text) OR ((info)::text ~~ 'USA:% 200%'::text)))", "Plans": [{"Node Type": "Bitmap Index Scan", "Parent Relationship": "Outer", "Index Name": "info_type_id_movie_info", "Startup Cost": 0.0, "Total Cost": 4841.46, "Plan Rows": 212428, "Plan Width": 0, "Index Cond": "(info_type_id = it1.id)"}]}]}, {"Node Type": "Index Scan", "Parent Relationship": "Inner", "Scan Direction": "Forward", "Index Name": "title_pkey", "Relation Name": "title", "Alias": "t", "Startup Cost": 0.0, "Total Cost": 8.23, "Plan Rows": 1, "Plan Width": 21, "Index Cond": "(id = mi.movie_id)", "Filter": "(production_year > 1990)"}]}, {"Node Type": "Index Scan", "Parent Relationship": "Inner", "Scan Direction": "Forward", "Index Name": "movie_id_movie_companies", "Relation Name": "movie_companies", "Alias": "mc", "Startup Cost": 0.0, "Total Cost": 0.35, "Plan Rows": 2, "Plan Width": 12, "Index Cond": "(movie_id = t.id)"}]}, {"Node Type": "Index Scan", "Parent Relationship": "Inner", "Scan Direction": "Forward", "Index Name": "company_name_pkey", "Relation Name": "company_name", "Alias": "cn", "Startup Cost": 0.0, "Total Cost": 0.28, "Plan Rows": 1, "Plan Width": 4, "Index Cond": "(id = mc.company_id)", "Filter": "((country_code)::text = '[us]'::text)"}]}, {"Node Type": "Index Scan", "Parent Relationship": "Inner", "Scan Direction": "Forward", "Index Name": "company_type_pkey", "Relation Name": "company_type", "Alias": "ct", "Startup Cost": 0.0, "Total Cost": 0.27, "Plan Rows": 1, "Plan Width": 4, "Index Cond": "(id = mc.company_type_id)"}]}, {"Node Type": "Index Scan", "Parent Relationship": "Inner", "Scan Direction": "Forward", "Index Name": "movie_id_movie_keyword", "Relation Name": "movie_keyword", "Alias": "mk", "Startup Cost": 0.0, "Total Cost": 0.46, "Plan Rows": 8, "Plan Width": 8, "Index Cond": "(movie_id = mc.movie_id)"}]}, {"Node Type": "Index Scan", "Parent Relationship": "Inner", "Scan Direction": "Forward", "Index Name": "keyword_pkey", "Relation Name": "keyword", "Alias": "k", "Startup Cost": 0.0, "Total Cost": 0.27, "Plan Rows": 1, "Plan Width": 4, "Index Cond": "(id = mk.keyword_id)"}]}, {"Node Type": "Index Scan", "Parent Relationship": "Inner", "Scan Direction": "Forward", "Index Name": "movie_id_aka_title", "Relation Name": "aka_title", "Alias": "at", "Startup Cost": 0.0, "Total Cost": 0.32, "Plan Rows": 3, "Plan Width": 4, "Index Cond": "(movie_id = mk.movie_id)"}]}]}, "Unique SQL Id": 2846462052}, "explain_analyze_plan": null}, "(16, 118)": {"explain_plan": {"Plan": {"Node Type": "Aggregate", "Strategy": "Plain", "Startup Cost": 41112.14, "Total Cost": 41112.15, "Plan Rows": 1, "Plan Width": 123, "Plans": [{"Node Type": "Nested Loop", "Parent Relationship": "Outer", "Join Type": "Inner", "Startup Cost": 5.61, "Total Cost": 41111.48, "Plan Rows": 132, "Plan Width": 59, "Inner Unique": false, "Join Filter": "(t.id = at.movie_id)", "Plans": [{"Node Type": "Nested Loop", "Parent Relationship": "Outer", "Join Type": "Inner", "Startup Cost": 5.34, "Total Cost": 40920.12, "Plan Rows": 44, "Plan Width": 75, "Inner Unique": true, "Join Filter": "(mi.movie_id = t.id)", "Plans": [{"Node Type": "Nested Loop", "Parent Relationship": "Outer", "Join Type": "Inner", "Startup Cost": 5.07, "Total Cost": 40782.73, "Plan Rows": 32, "Plan Width": 54, "Inner Unique": true, "Plans": [{"Node Type": "Nested Loop", "Parent Relationship": "Outer", "Join Type": "Inner", "Startup Cost": 4.81, "Total Cost": 40645.76, "Plan Rows": 32, "Plan Width": 58, "Inner Unique": false, "Join Filter": "(mi.movie_id = mk.movie_id)", "Plans": [{"Node Type": "Nested Loop", "Parent Relationship": "Outer", "Join Type": "Inner", "Startup Cost": 4.48, "Total Cost": 40627.61, "Plan Rows": 4, "Plan Width": 50, "Inner Unique": true, "Plans": [{"Node Type": "Nested Loop", "Parent Relationship": "Outer", "Join Type": "Inner", "Startup Cost": 4.22, "Total Cost": 40593.34, "Plan Rows": 8, "Plan Width": 54, "Inner Unique": true, "Join Filter": "(mc.company_type_id = ct.id)", "Plans": [{"Node Type": "Nested Loop", "Parent Relationship": "Outer", "Join Type": "Inner", "Startup Cost": 4.22, "Total Cost": 40591.9, "Plan Rows": 9, "Plan Width": 58, "Inner Unique": false, "Plans": [{"Node Type": "Nested Loop", "Parent Relationship": "Outer", "Join Type": "Inner", "Startup Cost": 0.0, "Total Cost": 40543.12, "Plan Rows": 4, "Plan Width": 46, "Inner Unique": false, "Join Filter": "(it1.id = mi.info_type_id)", "Plans": [{"Node Type": "Seq Scan", "Parent Relationship": "Outer", "Relation Name": "info_type", "Alias": "it1", "Startup Cost": 0.0, "Total Cost": 2.4, "Plan Rows": 1, "Plan Width": 4, "Filter": "((info)::text = 'release dates'::text)"}, {"Node Type": "Materialize", "Parent Relationship": "Inner", "Startup Cost": 0.0, "Total Cost": 40538.17, "Plan Rows": 255, "Plan Width": 50, "Plans": [{"Node Type": "Streaming(type: LOCAL GATHER dop: 1/16)", "Parent Relationship": "Outer", "Startup Cost": 0.0, "Total Cost": 40537.53, "Plan Rows": 255, "Plan Width": 50, "Plans": [{"Node Type": "Seq Scan", "Parent Relationship": "Outer", "Relation Name": "movie_info", "Alias": "mi", "Startup Cost": 0.0, "Total Cost": 40532.03, "Plan Rows": 255, "Plan Width": 50, "Filter": "((info IS NOT NULL) AND ((note)::text ~~ '%internet%'::text) AND (((info)::text ~~ 'USA:% 199%'::text) OR ((info)::text ~~ 'USA:% 200%'::text)))"}]}]}]}, {"Node Type": "Bitmap Heap Scan", "Parent Relationship": "Inner", "Relation Name": "movie_companies", "Alias": "mc", "Startup Cost": 4.22, "Total Cost": 12.18, "Plan Rows": 2, "Plan Width": 12, "Recheck Cond": "(movie_id = mi.movie_id)", "Plans": [{"Node Type": "Bitmap Index Scan", "Parent Relationship": "Outer", "Index Name": "movie_id_movie_companies", "Startup Cost": 0.0, "Total Cost": 4.22, "Plan Rows": 2, "Plan Width": 0, "Index Cond": "(movie_id = mi.movie_id)"}]}]}, {"Node Type": "Materialize", "Parent Relationship": "Inner", "Startup Cost": 0.0, "Total Cost": 1.04, "Plan Rows": 3, "Plan Width": 4, "Plans": [{"Node Type": "Seq Scan", "Parent Relationship": "Outer", "Relation Name": "company_type", "Alias": "ct", "Startup Cost": 0.0, "Total Cost": 1.03, "Plan Rows": 3, "Plan Width": 4}]}]}, {"Node Type": "Bitmap Heap Scan", "Parent Relationship": "Inner", "Relation Name": "company_name", "Alias": "cn", "Startup Cost": 0.26, "Total Cost": 4.27, "Plan Rows": 1, "Plan Width": 4, "Recheck Cond": "(id = mc.company_id)", "Filter": "((country_code)::text = '[us]'::text)", "Plans": [{"Node Type": "Bitmap Index Scan", "Parent Relationship": "Outer", "Index Name": "company_name_pkey", "Startup Cost": 0.0, "Total Cost": 0.26, "Plan Rows": 1, "Plan Width": 0, "Index Cond": "(id = mc.company_id)"}]}]}, {"Node Type": "Bitmap Heap Scan", "Parent Relationship": "Inner", "Relation Name": "movie_keyword", "Alias": "mk", "Startup Cost": 0.34, "Total Cost": 4.44, "Plan Rows": 8, "Plan Width": 8, "Recheck Cond": "(movie_id = mc.movie_id)", "Plans": [{"Node Type": "Bitmap Index Scan", "Parent Relationship": "Outer", "Index Name": "movie_id_movie_keyword", "Startup Cost": 0.0, "Total Cost": 0.34, "Plan Rows": 8, "Plan Width": 0, "Index Cond": "(movie_id = mc.movie_id)"}]}]}, {"Node Type": "Bitmap Heap Scan", "Parent Relationship": "Inner", "Relation Name": "keyword", "Alias": "k", "Startup Cost": 0.26, "Total Cost": 4.27, "Plan Rows": 1, "Plan Width": 4, "Recheck Cond": "(id = mk.keyword_id)", "Plans": [{"Node Type": "Bitmap Index Scan", "Parent Relationship": "Outer", "Index Name": "keyword_pkey", "Startup Cost": 0.0, "Total Cost": 0.26, "Plan Rows": 1, "Plan Width": 0, "Index Cond": "(id = mk.keyword_id)"}]}]}, {"Node Type": "Bitmap Heap Scan", "Parent Relationship": "Inner", "Relation Name": "title", "Alias": "t", "Startup Cost": 0.27, "Total Cost": 4.28, "Plan Rows": 1, "Plan Width": 21, "Recheck Cond": "(id = mk.movie_id)", "Filter": "(production_year > 1990)", "Plans": [{"Node Type": "Bitmap Index Scan", "Parent Relationship": "Outer", "Index Name": "title_pkey", "Startup Cost": 0.0, "Total Cost": 0.27, "Plan Rows": 1, "Plan Width": 0, "Index Cond": "(id = mk.movie_id)"}]}]}, {"Node Type": "Bitmap Heap Scan", "Parent Relationship": "Inner", "Relation Name": "aka_title", "Alias": "at", "Startup Cost": 0.27, "Total Cost": 4.31, "Plan Rows": 3, "Plan Width": 4, "Recheck Cond": "(movie_id = mk.movie_id)", "Plans": [{"Node Type": "Bitmap Index Scan", "Parent Relationship": "Outer", "Index Name": "movie_id_aka_title", "Startup Cost": 0.0, "Total Cost": 0.27, "Plan Rows": 3, "Plan Width": 0, "Index Cond": "(movie_id = mk.movie_id)"}]}]}]}, "Unique SQL Id": 2846462052}, "explain_analyze_plan": {"Plan": {"Node Type": "Aggregate", "Strategy": "Plain", "Startup Cost": 41112.14, "Total Cost": 41112.15, "Plan Rows": 1, "Plan Width": 123, "Actual Min Startup Time": 442.402, "Actual Max Startup Time": 442.402, "Actual Min Total Time": 442.402, "Actual Max Total Time": 442.402, "Actual Total Rows": 1, "Plans": [{"Node Type": "Nested Loop", "Parent Relationship": "Outer", "Join Type": "Inner", "Startup Cost": 5.61, "Total Cost": 41111.48, "Plan Rows": 132, "Plan Width": 59, "Actual Min Startup Time": 321.434, "Actual Max Startup Time": 321.434, "Actual Min Total Time": 441.348, "Actual Max Total Time": 441.348, "Actual Total Rows": 1140, "Inner Unique": false, "Join Filter": "(t.id = at.movie_id)", "Rows Removed by Join Filter": 0, "Plans": [{"Node Type": "Nested Loop", "Parent Relationship": "Outer", "Join Type": "Inner", "Startup Cost": 5.34, "Total Cost": 40920.12, "Plan Rows": 44, "Plan Width": 75, "Actual Min Startup Time": 320.702, "Actual Max Startup Time": 320.702, "Actual Min Total Time": 420.823, "Actual Max Total Time": 420.823, "Actual Total Rows": 4808, "Inner Unique": true, "Join Filter": "(mi.movie_id = t.id)", "Rows Removed by Join Filter": 0, "Plans": [{"Node Type": "Nested Loop", "Parent Relationship": "Outer", "Join Type": "Inner", "Startup Cost": 5.07, "Total Cost": 40782.73, "Plan Rows": 32, "Plan Width": 54, "Actual Min Startup Time": 320.671, "Actual Max Startup Time": 320.671, "Actual Min Total Time": 393.642, "Actual Max Total Time": 393.642, "Actual Total Rows": 4808, "Inner Unique": true, "Plans": [{"Node Type": "Nested Loop", "Parent Relationship": "Outer", "Join Type": "Inner", "Startup Cost": 4.81, "Total Cost": 40645.76, "Plan Rows": 32, "Plan Width": 58, "Actual Min Startup Time": 320.654, "Actual Max Startup Time": 320.654, "Actual Min Total Time": 366.383, "Actual Max Total Time": 366.383, "Actual Total Rows": 4808, "Inner Unique": false, "Join Filter": "(mi.movie_id = mk.movie_id)", "Rows Removed by Join Filter": 0, "Plans": [{"Node Type": "Nested Loop", "Parent Relationship": "Outer", "Join Type": "Inner", "Startup Cost": 4.48, "Total Cost": 40627.61, "Plan Rows": 4, "Plan Width": 50, "Actual Min Startup Time": 320.632, "Actual Max Startup Time": 320.632, "Actual Min Total Time": 353.415, "Actual Max Total Time": 353.415, "Actual Total Rows": 1488, "Inner Unique": true, "Plans": [{"Node Type": "Nested Loop", "Parent Relationship": "Outer", "Join Type": "Inner", "Startup Cost": 4.22, "Total Cost": 40593.34, "Plan Rows": 8, "Plan Width": 54, "Actual Min Startup Time": 320.593, "Actual Max Startup Time": 320.593, "Actual Min Total Time": 341.549, "Actual Max Total Time": 341.549, "Actual Total Rows": 1599, "Inner Unique": true, "Join Filter": "(mc.company_type_id = ct.id)", "Rows Removed by Join Filter": 3855, "Plans": [{"Node Type": "Nested Loop", "Parent Relationship": "Outer", "Join Type": "Inner", "Startup Cost": 4.22, "Total Cost": 40591.9, "Plan Rows": 9, "Plan Width": 58, "Actual Min Startup Time": 320.53, "Actual Max Startup Time": 320.53, "Actual Min Total Time": 338.753, "Actual Max Total Time": 338.753, "Actual Total Rows": 2884, "Inner Unique": false, "Plans": [{"Node Type": "Nested Loop", "Parent Relationship": "Outer", "Join Type": "Inner", "Startup Cost": 0.0, "Total Cost": 40543.12, "Plan Rows": 4, "Plan Width": 46, "Actual Min Startup Time": 320.462, "Actual Max Startup Time": 320.462, "Actual Min Total Time": 321.784, "Actual Max Total Time": 321.784, "Actual Total Rows": 1783, "Inner Unique": false, "Join Filter": "(it1.id = mi.info_type_id)", "Rows Removed by Join Filter": 0, "Plans": [{"Node Type": "Seq Scan", "Parent Relationship": "Outer", "Relation Name": "info_type", "Alias": "it1", "Startup Cost": 0.0, "Total Cost": 2.4, "Plan Rows": 1, "Plan Width": 4, "Actual Min Startup Time": 0.069, "Actual Max Startup Time": 0.069, "Actual Min Total Time": 0.1, "Actual Max Total Time": 0.1, "Actual Total Rows": 1, "Filter": "((info)::text = 'release dates'::text)", "Rows Removed by Filter": 111}, {"Node Type": "Materialize", "Parent Relationship": "Inner", "Startup Cost": 0.0, "Total Cost": 40538.17, "Plan Rows": 255, "Plan Width": 50, "Actual Min Startup Time": 320.366, "Actual Max Startup Time": 320.366, "Actual Min Total Time": 320.693, "Actual Max Total Time": 320.693, "Actual Total Rows": 1784, "Plans": [{"Node Type": "Streaming(type: LOCAL GATHER dop: 1/16)", "Parent Relationship": "Outer", "Startup Cost": 0.0, "Total Cost": 40537.53, "Plan Rows": 255, "Plan Width": 50, "Actual Min Startup Time": 146.751, "Actual Max Startup Time": 146.751, "Actual Min Total Time": 320.022, "Actual Max Total Time": 320.022, "Actual Total Rows": 1783, "Plans": [{"Node Type": "Seq Scan", "Parent Relationship": "Outer", "Relation Name": "movie_info", "Alias": "mi", "Startup Cost": 0.0, "Total Cost": 40532.03, "Plan Rows": 255, "Plan Width": 50, "Actual Min Startup Time": 80.855, "Actual Max Startup Time": 89.163, "Actual Min Total Time": 295.022, "Actual Max Total Time": 303.152, "Actual Total Rows": 1783, "Filter": "((info IS NOT NULL) AND ((note)::text ~~ '%internet%'::text) AND (((info)::text ~~ 'USA:% 199%'::text) OR ((info)::text ~~ 'USA:% 200%'::text)))", "Rows Removed by Filter": 14833936}]}]}]}, {"Node Type": "Bitmap Heap Scan", "Parent Relationship": "Inner", "Relation Name": "movie_companies", "Alias": "mc", "Startup Cost": 4.22, "Total Cost": 12.18, "Plan Rows": 2, "Plan Width": 12, "Actual Min Startup Time": 12.162, "Actual Max Startup Time": 12.162, "Actual Min Total Time": 14.14, "Actual Max Total Time": 14.14, "Actual Total Rows": 2884, "Recheck Cond": "(movie_id = mi.movie_id)", "Rows Removed by Index Recheck": 0, "Exact Heap Blocks": 2325, "Lossy Heap Blocks": 2325, "Plans": [{"Node Type": "Bitmap Index Scan", "Parent Relationship": "Outer", "Index Name": "movie_id_movie_companies", "Startup Cost": 0.0, "Total Cost": 4.22, "Plan Rows": 2, "Plan Width": 0, "Actual Min Startup Time": 7.762, "Actual Max Startup Time": 7.762, "Actual Min Total Time": 7.762, "Actual Max Total Time": 7.762, "Actual Total Rows": 2884, "Index Cond": "(movie_id = mi.movie_id)"}]}]}, {"Node Type": "Materialize", "Parent Relationship": "Inner", "Startup Cost": 0.0, "Total Cost": 1.04, "Plan Rows": 3, "Plan Width": 4, "Actual Min Startup Time": 0.365, "Actual Max Startup Time": 0.365, "Actual Min Total Time": 0.711, "Actual Max Total Time": 0.711, "Actual Total Rows": 5454, "Plans": [{"Node Type": "Seq Scan", "Parent Relationship": "Outer", "Relation Name": "company_type", "Alias": "ct", "Startup Cost": 0.0, "Total Cost": 1.03, "Plan Rows": 3, "Plan Width": 4, "Actual Min Startup Time": 0.007, "Actual Max Startup Time": 0.007, "Actual Min Total Time": 0.008, "Actual Max Total Time": 0.008, "Actual Total Rows": 3}]}]}, {"Node Type": "Bitmap Heap Scan", "Parent Relationship": "Inner", "Relation Name": "company_name", "Alias": "cn", "Startup Cost": 0.26, "Total Cost": 4.27, "Plan Rows": 1, "Plan Width": 4, "Actual Min Startup Time": 9.72, "Actual Max Startup Time": 9.72, "Actual Min Total Time": 9.72, "Actual Max Total Time": 9.72, "Actual Total Rows": 1488, "Recheck Cond": "(id = mc.company_id)", "Rows Removed by Index Recheck": 0, "Filter": "((country_code)::text = '[us]'::text)", "Rows Removed by Filter": 111, "Exact Heap Blocks": 1599, "Lossy Heap Blocks": 1599, "Plans": [{"Node Type": "Bitmap Index Scan", "Parent Relationship": "Outer", "Index Name": "company_name_pkey", "Startup Cost": 0.0, "Total Cost": 0.26, "Plan Rows": 1, "Plan Width": 0, "Actual Min Startup Time": 5.575, "Actual Max Startup Time": 5.575, "Actual Min Total Time": 5.575, "Actual Max Total Time": 5.575, "Actual Total Rows": 1599, "Index Cond": "(id = mc.company_id)"}]}]}, {"Node Type": "Bitmap Heap Scan", "Parent Relationship": "Inner", "Relation Name": "movie_keyword", "Alias": "mk", "Startup Cost": 0.34, "Total Cost": 4.44, "Plan Rows": 8, "Plan Width": 8, "Actual Min Startup Time": 8.322, "Actual Max Startup Time": 8.322, "Actual Min Total Time": 9.099, "Actual Max Total Time": 9.099, "Actual Total Rows": 4808, "Recheck Cond": "(movie_id = mc.movie_id)", "Rows Removed by Index Recheck": 0, "Exact Heap Blocks": 586, "Lossy Heap Blocks": 586, "Plans": [{"Node Type": "Bitmap Index Scan", "Parent Relationship": "Outer", "Index Name": "movie_id_movie_keyword", "Startup Cost": 0.0, "Total Cost": 0.34, "Plan Rows": 8, "Plan Width": 0, "Actual Min Startup Time": 6.05, "Actual Max Startup Time": 6.05, "Actual Min Total Time": 6.05, "Actual Max Total Time": 6.05, "Actual Total Rows": 4808, "Index Cond": "(movie_id = mc.movie_id)"}]}]}, {"Node Type": "Bitmap Heap Scan", "Parent Relationship": "Inner", "Relation Name": "keyword", "Alias": "k", "Startup Cost": 0.26, "Total Cost": 4.27, "Plan Rows": 1, "Plan Width": 4, "Actual Min Startup Time": 21.027, "Actual Max Startup Time": 21.027, "Actual Min Total Time": 21.027, "Actual Max Total Time": 21.027, "Actual Total Rows": 4808, "Recheck Cond": "(id = mk.keyword_id)", "Rows Removed by Index Recheck": 0, "Exact Heap Blocks": 4808, "Lossy Heap Blocks": 4808, "Plans": [{"Node Type": "Bitmap Index Scan", "Parent Relationship": "Outer", "Index Name": "keyword_pkey", "Startup Cost": 0.0, "Total Cost": 0.26, "Plan Rows": 1, "Plan Width": 0, "Actual Min Startup Time": 13.378, "Actual Max Startup Time": 13.378, "Actual Min Total Time": 13.378, "Actual Max Total Time": 13.378, "Actual Total Rows": 4808, "Index Cond": "(id = mk.keyword_id)"}]}]}, {"Node Type": "Bitmap Heap Scan", "Parent Relationship": "Inner", "Relation Name": "title", "Alias": "t", "Startup Cost": 0.27, "Total Cost": 4.28, "Plan Rows": 1, "Plan Width": 21, "Actual Min Startup Time": 20.151, "Actual Max Startup Time": 20.151, "Actual Min Total Time": 20.151, "Actual Max Total Time": 20.151, "Actual Total Rows": 4808, "Recheck Cond": "(id = mk.movie_id)", "Rows Removed by Index Recheck": 0, "Filter": "(production_year > 1990)", "Rows Removed by Filter": 0, "Exact Heap Blocks": 4808, "Lossy Heap Blocks": 4808, "Plans": [{"Node Type": "Bitmap Index Scan", "Parent Relationship": "Outer", "Index Name": "title_pkey", "Startup Cost": 0.0, "Total Cost": 0.27, "Plan Rows": 1, "Plan Width": 0, "Actual Min Startup Time": 12.256, "Actual Max Startup Time": 12.256, "Actual Min Total Time": 12.256, "Actual Max Total Time": 12.256, "Actual Total Rows": 4808, "Index Cond": "(id = mk.movie_id)"}]}]}, {"Node Type": "Bitmap Heap Scan", "Parent Relationship": "Inner", "Relation Name": "aka_title", "Alias": "at", "Startup Cost": 0.27, "Total Cost": 4.31, "Plan Rows": 3, "Plan Width": 4, "Actual Min Startup Time": 14.526, "Actual Max Startup Time": 14.526, "Actual Min Total Time": 14.913, "Actual Max Total Time": 14.913, "Actual Total Rows": 1140, "Recheck Cond": "(movie_id = mk.movie_id)", "Rows Removed by Index Recheck": 0, "Exact Heap Blocks": 1140, "Lossy Heap Blocks": 1140, "Plans": [{"Node Type": "Bitmap Index Scan", "Parent Relationship": "Outer", "Index Name": "movie_id_aka_title", "Startup Cost": 0.0, "Total Cost": 0.27, "Plan Rows": 3, "Plan Width": 0, "Actual Min Startup Time": 11.273, "Actual Max Startup Time": 11.273, "Actual Min Total Time": 11.273, "Actual Max Total Time": 11.273, "Actual Total Rows": 1140, "Index Cond": "(movie_id = mk.movie_id)"}]}]}]}, "Triggers": [], "Planner Runtime": 125.779, "Total Runtime": 445.427, "Unique SQL Id": 2846462052}}, "(16, 119)": {"explain_plan": {"Plan": {"Node Type": "Aggregate", "Strategy": "Plain", "Startup Cost": 166073.69, "Total Cost": 166073.7, "Plan Rows": 1, "Plan Width": 123, "Plans": [{"Node Type": "Nested Loop", "Parent Relationship": "Outer", "Join Type": "Inner", "Startup Cost": 4855.81, "Total Cost": 166073.03, "Plan Rows": 132, "Plan Width": 59, "Inner Unique": true, "Join Filter": "(at.movie_id = t.id)", "Plans": [{"Node Type": "Nested Loop", "Parent Relationship": "Outer", "Join Type": "Inner", "Startup Cost": 4855.54, "Total Cost": 165665.15, "Plan Rows": 95, "Plan Width": 58, "Inner Unique": true, "Plans": [{"Node Type": "Nested Loop", "Parent Relationship": "Outer", "Join Type": "Inner", "Startup Cost": 4855.28, "Total Cost": 165249.97, "Plan Rows": 97, "Plan Width": 62, "Inner Unique": false, "Join Filter": "(at.movie_id = mk.movie_id)", "Plans": [{"Node Type": "Nested Loop", "Parent Relationship": "Outer", "Join Type": "Inner", "Startup Cost": 4854.95, "Total Cost": 165195.51, "Plan Rows": 12, "Plan Width": 54, "Inner Unique": true, "Plans": [{"Node Type": "Nested Loop", "Parent Relationship": "Outer", "Join Type": "Inner", "Startup Cost": 4854.69, "Total Cost": 165144.15, "Plan Rows": 12, "Plan Width": 58, "Inner Unique": true, "Plans": [{"Node Type": "Nested Loop", "Parent Relationship": "Outer", "Join Type": "Inner", "Startup Cost": 4854.43, "Total Cost": 165058.48, "Plan Rows": 20, "Plan Width": 62, "Inner Unique": false, "Plans": [{"Node Type": "Nested Loop", "Parent Relationship": "Outer", "Join Type": "Inner", "Startup Cost": 4854.06, "Total Cost": 165018.73, "Plan Rows": 9, "Plan Width": 50, "Inner Unique": false, "Plans": [{"Node Type": "Nested Loop", "Parent Relationship": "Outer", "Join Type": "Inner", "Startup Cost": 4850.27, "Total Cost": 164956.1, "Plan Rows": 4, "Plan Width": 46, "Inner Unique": false, "Plans": [{"Node Type": "Bitmap Heap Scan", "Parent Relationship": "Outer", "Relation Name": "info_type", "Alias": "it1", "Startup Cost": 8.81, "Total Cost": 14.21, "Plan Rows": 1, "Plan Width": 4, "Filter": "((info)::text = 'release dates'::text)", "Plans": [{"Node Type": "Bitmap Index Scan", "Parent Relationship": "Outer", "Index Name": "info_type_pkey", "Startup Cost": 0.0, "Total Cost": 8.81, "Plan Rows": 112, "Plan Width": 0}]}, {"Node Type": "Bitmap Heap Scan", "Parent Relationship": "Inner", "Relation Name": "movie_info", "Alias": "mi", "Startup Cost": 4841.46, "Total Cost": 164941.85, "Plan Rows": 4, "Plan Width": 50, "Recheck Cond": "(info_type_id = it1.id)", "Filter": "((info IS NOT NULL) AND ((note)::text ~~ '%internet%'::text) AND (((info)::text ~~ 'USA:% 199%'::text) OR ((info)::text ~~ 'USA:% 200%'::text)))", "Plans": [{"Node Type": "Bitmap Index Scan", "Parent Relationship": "Outer", "Index Name": "info_type_id_movie_info", "Startup Cost": 0.0, "Total Cost": 4841.46, "Plan Rows": 212428, "Plan Width": 0, "Index Cond": "(info_type_id = it1.id)"}]}]}, {"Node Type": "Bitmap Heap Scan", "Parent Relationship": "Inner", "Relation Name": "aka_title", "Alias": "at", "Startup Cost": 3.79, "Total Cost": 15.63, "Plan Rows": 3, "Plan Width": 4, "Recheck Cond": "(movie_id = mi.movie_id)", "Plans": [{"Node Type": "Bitmap Index Scan", "Parent Relationship": "Outer", "Index Name": "movie_id_aka_title", "Startup Cost": 0.0, "Total Cost": 3.79, "Plan Rows": 3, "Plan Width": 0, "Index Cond": "(movie_id = mi.movie_id)"}]}]}, {"Node Type": "Bitmap Heap Scan", "Parent Relationship": "Inner", "Relation Name": "movie_companies", "Alias": "mc", "Startup Cost": 0.37, "Total Cost": 4.4, "Plan Rows": 2, "Plan Width": 12, "Recheck Cond": "(movie_id = at.movie_id)", "Plans": [{"Node Type": "Bitmap Index Scan", "Parent Relationship": "Outer", "Index Name": "movie_id_movie_companies", "Startup Cost": 0.0, "Total Cost": 0.37, "Plan Rows": 2, "Plan Width": 0, "Index Cond": "(movie_id = at.movie_id)"}]}]}, {"Node Type": "Bitmap Heap Scan", "Parent Relationship": "Inner", "Relation Name": "company_name", "Alias": "cn", "Startup Cost": 0.26, "Total Cost": 4.27, "Plan Rows": 1, "Plan Width": 4, "Recheck Cond": "(id = mc.company_id)", "Filter": "((country_code)::text = '[us]'::text)", "Plans": [{"Node Type": "Bitmap Index Scan", "Parent Relationship": "Outer", "Index Name": "company_name_pkey", "Startup Cost": 0.0, "Total Cost": 0.26, "Plan Rows": 1, "Plan Width": 0, "Index Cond": "(id = mc.company_id)"}]}]}, {"Node Type": "Bitmap Heap Scan", "Parent Relationship": "Inner", "Relation Name": "company_type", "Alias": "ct", "Startup Cost": 0.26, "Total Cost": 4.27, "Plan Rows": 1, "Plan Width": 4, "Recheck Cond": "(id = mc.company_type_id)", "Plans": [{"Node Type": "Bitmap Index Scan", "Parent Relationship": "Outer", "Index Name": "company_type_pkey", "Startup Cost": 0.0, "Total Cost": 0.26, "Plan Rows": 1, "Plan Width": 0, "Index Cond": "(id = mc.company_type_id)"}]}]}, {"Node Type": "Bitmap Heap Scan", "Parent Relationship": "Inner", "Relation Name": "movie_keyword", "Alias": "mk", "Startup Cost": 0.34, "Total Cost": 4.44, "Plan Rows": 8, "Plan Width": 8, "Recheck Cond": "(movie_id = mc.movie_id)", "Plans": [{"Node Type": "Bitmap Index Scan", "Parent Relationship": "Outer", "Index Name": "movie_id_movie_keyword", "Startup Cost": 0.0, "Total Cost": 0.34, "Plan Rows": 8, "Plan Width": 0, "Index Cond": "(movie_id = mc.movie_id)"}]}]}, {"Node Type": "Bitmap Heap Scan", "Parent Relationship": "Inner", "Relation Name": "keyword", "Alias": "k", "Startup Cost": 0.26, "Total Cost": 4.27, "Plan Rows": 1, "Plan Width": 4, "Recheck Cond": "(id = mk.keyword_id)", "Plans": [{"Node Type": "Bitmap Index Scan", "Parent Relationship": "Outer", "Index Name": "keyword_pkey", "Startup Cost": 0.0, "Total Cost": 0.26, "Plan Rows": 1, "Plan Width": 0, "Index Cond": "(id = mk.keyword_id)"}]}]}, {"Node Type": "Bitmap Heap Scan", "Parent Relationship": "Inner", "Relation Name": "title", "Alias": "t", "Startup Cost": 0.27, "Total Cost": 4.28, "Plan Rows": 1, "Plan Width": 21, "Recheck Cond": "(id = mk.movie_id)", "Filter": "(production_year > 1990)", "Plans": [{"Node Type": "Bitmap Index Scan", "Parent Relationship": "Outer", "Index Name": "title_pkey", "Startup Cost": 0.0, "Total Cost": 0.27, "Plan Rows": 1, "Plan Width": 0, "Index Cond": "(id = mk.movie_id)"}]}]}]}, "Unique SQL Id": 2846462052}, "explain_analyze_plan": null}, "(16, 120)": {"explain_plan": {"Plan": {"Node Type": "Aggregate", "Strategy": "Plain", "Startup Cost": 40614.41, "Total Cost": 40614.42, "Plan Rows": 1, "Plan Width": 123, "Plans": [{"Node Type": "Nested Loop", "Parent Relationship": "Outer", "Join Type": "Inner", "Startup Cost": 0.0, "Total Cost": 40613.75, "Plan Rows": 132, "Plan Width": 59, "Inner Unique": false, "Plans": [{"Node Type": "Nested Loop", "Parent Relationship": "Outer", "Join Type": "Inner", "Startup Cost": 0.0, "Total Cost": 40598.7, "Plan Rows": 44, "Plan Width": 75, "Inner Unique": true, "Plans": [{"Node Type": "Nested Loop", "Parent Relationship": "Outer", "Join Type": "Inner", "Startup Cost": 0.0, "Total Cost": 40586.38, "Plan Rows": 44, "Plan Width": 79, "Inner Unique": false, "Join Filter": "(t.id = mk.movie_id)", "Plans": [{"Node Type": "Nested Loop", "Parent Relationship": "Outer", "Join Type": "Inner", "Startup Cost": 0.0, "Total Cost": 40583.01, "Plan Rows": 6, "Plan Width": 71, "Inner Unique": true, "Plans": [{"Node Type": "Nested Loop", "Parent Relationship": "Outer", "Join Type": "Inner", "Startup Cost": 0.0, "Total Cost": 40579.84, "Plan Rows": 11, "Plan Width": 75, "Inner Unique": true, "Join Filter": "(mc.company_type_id = ct.id)", "Plans": [{"Node Type": "Nested Loop", "Parent Relationship": "Outer", "Join Type": "Inner", "Startup Cost": 0.0, "Total Cost": 40578.27, "Plan Rows": 12, "Plan Width": 79, "Inner Unique": false, "Plans": [{"Node Type": "Nested Loop", "Parent Relationship": "Outer", "Join Type": "Inner", "Startup Cost": 0.0, "Total Cost": 40576.06, "Plan Rows": 6, "Plan Width": 67, "Inner Unique": true, "Plans": [{"Node Type": "Nested Loop", "Parent Relationship": "Outer", "Join Type": "Inner", "Startup Cost": 0.0, "Total Cost": 40543.12, "Plan Rows": 4, "Plan Width": 46, "Inner Unique": false, "Join Filter": "(it1.id = mi.info_type_id)", "Plans": [{"Node Type": "Seq Scan", "Parent Relationship": "Outer", "Relation Name": "info_type", "Alias": "it1", "Startup Cost": 0.0, "Total Cost": 2.4, "Plan Rows": 1, "Plan Width": 4, "Filter": "((info)::text = 'release dates'::text)"}, {"Node Type": "Materialize", "Parent Relationship": "Inner", "Startup Cost": 0.0, "Total Cost": 40538.17, "Plan Rows": 255, "Plan Width": 50, "Plans": [{"Node Type": "Streaming(type: LOCAL GATHER dop: 1/16)", "Parent Relationship": "Outer", "Startup Cost": 0.0, "Total Cost": 40537.53, "Plan Rows": 255, "Plan Width": 50, "Plans": [{"Node Type": "Seq Scan", "Parent Relationship": "Outer", "Relation Name": "movie_info", "Alias": "mi", "Startup Cost": 0.0, "Total Cost": 40532.03, "Plan Rows": 255, "Plan Width": 50, "Filter": "((info IS NOT NULL) AND ((note)::text ~~ '%internet%'::text) AND (((info)::text ~~ 'USA:% 199%'::text) OR ((info)::text ~~ 'USA:% 200%'::text)))"}]}]}]}, {"Node Type": "Index Scan", "Parent Relationship": "Inner", "Scan Direction": "Forward", "Index Name": "title_pkey", "Relation Name": "title", "Alias": "t", "Startup Cost": 0.0, "Total Cost": 8.23, "Plan Rows": 1, "Plan Width": 21, "Index Cond": "(id = mi.movie_id)", "Filter": "(production_year > 1990)"}]}, {"Node Type": "Index Scan", "Parent Relationship": "Inner", "Scan Direction": "Forward", "Index Name": "movie_id_movie_companies", "Relation Name": "movie_companies", "Alias": "mc", "Startup Cost": 0.0, "Total Cost": 0.35, "Plan Rows": 2, "Plan Width": 12, "Index Cond": "(movie_id = t.id)"}]}, {"Node Type": "Materialize", "Parent Relationship": "Inner", "Startup Cost": 0.0, "Total Cost": 1.04, "Plan Rows": 3, "Plan Width": 4, "Plans": [{"Node Type": "Seq Scan", "Parent Relationship": "Outer", "Relation Name": "company_type", "Alias": "ct", "Startup Cost": 0.0, "Total Cost": 1.03, "Plan Rows": 3, "Plan Width": 4}]}]}, {"Node Type": "Index Scan", "Parent Relationship": "Inner", "Scan Direction": "Forward", "Index Name": "company_name_pkey", "Relation Name": "company_name", "Alias": "cn", "Startup Cost": 0.0, "Total Cost": 0.28, "Plan Rows": 1, "Plan Width": 4, "Index Cond": "(id = mc.company_id)", "Filter": "((country_code)::text = '[us]'::text)"}]}, {"Node Type": "Index Scan", "Parent Relationship": "Inner", "Scan Direction": "Forward", "Index Name": "movie_id_movie_keyword", "Relation Name": "movie_keyword", "Alias": "mk", "Startup Cost": 0.0, "Total Cost": 0.46, "Plan Rows": 8, "Plan Width": 8, "Index Cond": "(movie_id = mc.movie_id)"}]}, {"Node Type": "Index Only Scan", "Parent Relationship": "Inner", "Scan Direction": "Forward", "Index Name": "keyword_pkey", "Relation Name": "keyword", "Alias": "k", "Startup Cost": 0.0, "Total Cost": 0.27, "Plan Rows": 1, "Plan Width": 4, "Index Cond": "(id = mk.keyword_id)"}]}, {"Node Type": "Index Only Scan", "Parent Relationship": "Inner", "Scan Direction": "Forward", "Index Name": "movie_id_aka_title", "Relation Name": "aka_title", "Alias": "at", "Startup Cost": 0.0, "Total Cost": 0.31, "Plan Rows": 3, "Plan Width": 4, "Index Cond": "(movie_id = t.id)"}]}]}, "Unique SQL Id": 2846462052}, "explain_analyze_plan": {"Plan": {"Node Type": "Aggregate", "Strategy": "Plain", "Startup Cost": 40614.41, "Total Cost": 40614.42, "Plan Rows": 1, "Plan Width": 123, "Actual Min Startup Time": 454.594, "Actual Max Startup Time": 454.594, "Actual Min Total Time": 454.595, "Actual Max Total Time": 454.595, "Actual Total Rows": 1, "Plans": [{"Node Type": "Nested Loop", "Parent Relationship": "Outer", "Join Type": "Inner", "Startup Cost": 0.0, "Total Cost": 40613.75, "Plan Rows": 132, "Plan Width": 59, "Actual Min Startup Time": 361.276, "Actual Max Startup Time": 361.276, "Actual Min Total Time": 453.787, "Actual Max Total Time": 453.787, "Actual Total Rows": 1140, "Inner Unique": false, "Plans": [{"Node Type": "Nested Loop", "Parent Relationship": "Outer", "Join Type": "Inner", "Startup Cost": 0.0, "Total Cost": 40598.7, "Plan Rows": 44, "Plan Width": 75, "Actual Min Startup Time": 360.519, "Actual Max Startup Time": 360.519, "Actual Min Total Time": 440.393, "Actual Max Total Time": 440.393, "Actual Total Rows": 4808, "Inner Unique": true, "Plans": [{"Node Type": "Nested Loop", "Parent Relationship": "Outer", "Join Type": "Inner", "Startup Cost": 0.0, "Total Cost": 40586.38, "Plan Rows": 44, "Plan Width": 79, "Actual Min Startup Time": 360.492, "Actual Max Startup Time": 360.492, "Actual Min Total Time": 423.471, "Actual Max Total Time": 423.471, "Actual Total Rows": 4808, "Inner Unique": false, "Join Filter": "(t.id = mk.movie_id)", "Rows Removed by Join Filter": 0, "Plans": [{"Node Type": "Nested Loop", "Parent Relationship": "Outer", "Join Type": "Inner", "Startup Cost": 0.0, "Total Cost": 40583.01, "Plan Rows": 6, "Plan Width": 71, "Actual Min Startup Time": 360.461, "Actual Max Startup Time": 360.461, "Actual Min Total Time": 408.996, "Actual Max Total Time": 408.996, "Actual Total Rows": 1488, "Inner Unique": true, "Plans": [{"Node Type": "Nested Loop", "Parent Relationship": "Outer", "Join Type": "Inner", "Startup Cost": 0.0, "Total Cost": 40579.84, "Plan Rows": 11, "Plan Width": 75, "Actual Min Startup Time": 360.403, "Actual Max Startup Time": 360.403, "Actual Min Total Time": 397.761, "Actual Max Total Time": 397.761, "Actual Total Rows": 1599, "Inner Unique": true, "Join Filter": "(mc.company_type_id = ct.id)", "Rows Removed by Join Filter": 3855, "Plans": [{"Node Type": "Nested Loop", "Parent Relationship": "Outer", "Join Type": "Inner", "Startup Cost": 0.0, "Total Cost": 40578.27, "Plan Rows": 12, "Plan Width": 79, "Actual Min Startup Time": 360.371, "Actual Max Startup Time": 360.371, "Actual Min Total Time": 395.098, "Actual Max Total Time": 395.098, "Actual Total Rows": 2884, "Inner Unique": false, "Plans": [{"Node Type": "Nested Loop", "Parent Relationship": "Outer", "Join Type": "Inner", "Startup Cost": 0.0, "Total Cost": 40576.06, "Plan Rows": 6, "Plan Width": 67, "Actual Min Startup Time": 360.343, "Actual Max Startup Time": 360.343, "Actual Min Total Time": 377.531, "Actual Max Total Time": 377.531, "Actual Total Rows": 1782, "Inner Unique": true, "Plans": [{"Node Type": "Nested Loop", "Parent Relationship": "Outer", "Join Type": "Inner", "Startup Cost": 0.0, "Total Cost": 40543.12, "Plan Rows": 4, "Plan Width": 46, "Actual Min Startup Time": 360.293, "Actual Max Startup Time": 360.293, "Actual Min Total Time": 361.58, "Actual Max Total Time": 361.58, "Actual Total Rows": 1783, "Inner Unique": false, "Join Filter": "(it1.id = mi.info_type_id)", "Rows Removed by Join Filter": 0, "Plans": [{"Node Type": "Seq Scan", "Parent Relationship": "Outer", "Relation Name": "info_type", "Alias": "it1", "Startup Cost": 0.0, "Total Cost": 2.4, "Plan Rows": 1, "Plan Width": 4, "Actual Min Startup Time": 0.075, "Actual Max Startup Time": 0.075, "Actual Min Total Time": 0.107, "Actual Max Total Time": 0.107, "Actual Total Rows": 1, "Filter": "((info)::text = 'release dates'::text)", "Rows Removed by Filter": 111}, {"Node Type": "Materialize", "Parent Relationship": "Inner", "Startup Cost": 0.0, "Total Cost": 40538.17, "Plan Rows": 255, "Plan Width": 50, "Actual Min Startup Time": 360.193, "Actual Max Startup Time": 360.193, "Actual Min Total Time": 360.551, "Actual Max Total Time": 360.551, "Actual Total Rows": 1784, "Plans": [{"Node Type": "Streaming(type: LOCAL GATHER dop: 1/16)", "Parent Relationship": "Outer", "Startup Cost": 0.0, "Total Cost": 40537.53, "Plan Rows": 255, "Plan Width": 50, "Actual Min Startup Time": 166.394, "Actual Max Startup Time": 166.394, "Actual Min Total Time": 359.818, "Actual Max Total Time": 359.818, "Actual Total Rows": 1783, "Plans": [{"Node Type": "Seq Scan", "Parent Relationship": "Outer", "Relation Name": "movie_info", "Alias": "mi", "Startup Cost": 0.0, "Total Cost": 40532.03, "Plan Rows": 255, "Plan Width": 50, "Actual Min Startup Time": 83.623, "Actual Max Startup Time": 93.952, "Actual Min Total Time": 296.592, "Actual Max Total Time": 332.659, "Actual Total Rows": 1783, "Filter": "((info IS NOT NULL) AND ((note)::text ~~ '%internet%'::text) AND (((info)::text ~~ 'USA:% 199%'::text) OR ((info)::text ~~ 'USA:% 200%'::text)))", "Rows Removed by Filter": 14833936}]}]}]}, {"Node Type": "Index Scan", "Parent Relationship": "Inner", "Scan Direction": "Forward", "Index Name": "title_pkey", "Relation Name": "title", "Alias": "t", "Startup Cost": 0.0, "Total Cost": 8.23, "Plan Rows": 1, "Plan Width": 21, "Actual Min Startup Time": 14.366, "Actual Max Startup Time": 14.366, "Actual Min Total Time": 14.366, "Actual Max Total Time": 14.366, "Actual Total Rows": 1782, "Index Cond": "(id = mi.movie_id)", "Rows Removed by Index Recheck": 0, "Filter": "(production_year > 1990)", "Rows Removed by Filter": 1}]}, {"Node Type": "Index Scan", "Parent Relationship": "Inner", "Scan Direction": "Forward", "Index Name": "movie_id_movie_companies", "Relation Name": "movie_companies", "Alias": "mc", "Startup Cost": 0.0, "Total Cost": 0.35, "Plan Rows": 2, "Plan Width": 12, "Actual Min Startup Time": 12.799, "Actual Max Startup Time": 12.799, "Actual Min Total Time": 15.889, "Actual Max Total Time": 15.889, "Actual Total Rows": 2884, "Index Cond": "(movie_id = t.id)", "Rows Removed by Index Recheck": 0}]}, {"Node Type": "Materialize", "Parent Relationship": "Inner", "Startup Cost": 0.0, "Total Cost": 1.04, "Plan Rows": 3, "Plan Width": 4, "Actual Min Startup Time": 0.31, "Actual Max Startup Time": 0.31, "Actual Min Total Time": 0.635, "Actual Max Total Time": 0.635, "Actual Total Rows": 5454, "Plans": [{"Node Type": "Seq Scan", "Parent Relationship": "Outer", "Relation Name": "company_type", "Alias": "ct", "Startup Cost": 0.0, "Total Cost": 1.03, "Plan Rows": 3, "Plan Width": 4, "Actual Min Startup Time": 0.007, "Actual Max Startup Time": 0.007, "Actual Min Total Time": 0.009, "Actual Max Total Time": 0.009, "Actual Total Rows": 3}]}]}, {"Node Type": "Index Scan", "Parent Relationship": "Inner", "Scan Direction": "Forward", "Index Name": "company_name_pkey", "Relation Name": "company_name", "Alias": "cn", "Startup Cost": 0.0, "Total Cost": 0.28, "Plan Rows": 1, "Plan Width": 4, "Actual Min Startup Time": 9.852, "Actual Max Startup Time": 9.852, "Actual Min Total Time": 9.852, "Actual Max Total Time": 9.852, "Actual Total Rows": 1488, "Index Cond": "(id = mc.company_id)", "Rows Removed by Index Recheck": 0, "Filter": "((country_code)::text = '[us]'::text)", "Rows Removed by Filter": 111}]}, {"Node Type": "Index Scan", "Parent Relationship": "Inner", "Scan Direction": "Forward", "Index Name": "movie_id_movie_keyword", "Relation Name": "movie_keyword", "Alias": "mk", "Startup Cost": 0.0, "Total Cost": 0.46, "Plan Rows": 8, "Plan Width": 8, "Actual Min Startup Time": 9.206, "Actual Max Startup Time": 9.206, "Actual Min Total Time": 11.66, "Actual Max Total Time": 11.66, "Actual Total Rows": 4808, "Index Cond": "(movie_id = mc.movie_id)", "Rows Removed by Index Recheck": 0}]}, {"Node Type": "Index Only Scan", "Parent Relationship": "Inner", "Scan Direction": "Forward", "Index Name": "keyword_pkey", "Relation Name": "keyword", "Alias": "k", "Startup Cost": 0.0, "Total Cost": 0.27, "Plan Rows": 1, "Plan Width": 4, "Actual Min Startup Time": 13.35, "Actual Max Startup Time": 13.35, "Actual Min Total Time": 13.35, "Actual Max Total Time": 13.35, "Actual Total Rows": 4808, "Index Cond": "(id = mk.keyword_id)", "Rows Removed by Index Recheck": 0, "Heap Fetches": 0}]}, {"Node Type": "Index Only Scan", "Parent Relationship": "Inner", "Scan Direction": "Forward", "Index Name": "movie_id_aka_title", "Relation Name": "aka_title", "Alias": "at", "Startup Cost": 0.0, "Total Cost": 0.31, "Plan Rows": 3, "Plan Width": 4, "Actual Min Startup Time": 10.75, "Actual Max Startup Time": 10.75, "Actual Min Total Time": 11.04, "Actual Max Total Time": 11.04, "Actual Total Rows": 1140, "Index Cond": "(movie_id = t.id)", "Rows Removed by Index Recheck": 0, "Heap Fetches": 0}]}]}, "Triggers": [], "Planner Runtime": 42.407, "Total Runtime": 458.139, "Unique SQL Id": 2846462052}}, "(16, 121)": {"explain_plan": {"Plan": {"Node Type": "Aggregate", "Strategy": "Plain", "Startup Cost": 496832.71, "Total Cost": 496832.72, "Plan Rows": 1, "Plan Width": 123, "Plans": [{"Node Type": "Nested Loop", "Parent Relationship": "Outer", "Join Type": "Inner", "Startup Cost": 0.0, "Total Cost": 496832.05, "Plan Rows": 132, "Plan Width": 59, "Inner Unique": false, "Plans": [{"Node Type": "Nested Loop", "Parent Relationship": "Outer", "Join Type": "Inner", "Startup Cost": 0.0, "Total Cost": 496817.0, "Plan Rows": 44, "Plan Width": 75, "Inner Unique": true, "Plans": [{"Node Type": "Nested Loop", "Parent Relationship": "Outer", "Join Type": "Inner", "Startup Cost": 0.0, "Total Cost": 496804.68, "Plan Rows": 44, "Plan Width": 79, "Inner Unique": false, "Join Filter": "(t.id = mk.movie_id)", "Plans": [{"Node Type": "Nested Loop", "Parent Relationship": "Outer", "Join Type": "Inner", "Startup Cost": 0.0, "Total Cost": 496801.31, "Plan Rows": 6, "Plan Width": 71, "Inner Unique": true, "Plans": [{"Node Type": "Nested Loop", "Parent Relationship": "Outer", "Join Type": "Inner", "Startup Cost": 0.0, "Total Cost": 496798.51, "Plan Rows": 10, "Plan Width": 75, "Inner Unique": true, "Plans": [{"Node Type": "Nested Loop", "Parent Relationship": "Outer", "Join Type": "Inner", "Startup Cost": 0.0, "Total Cost": 496795.05, "Plan Rows": 12, "Plan Width": 79, "Inner Unique": false, "Plans": [{"Node Type": "Nested Loop", "Parent Relationship": "Outer", "Join Type": "Inner", "Startup Cost": 0.0, "Total Cost": 496792.85, "Plan Rows": 6, "Plan Width": 67, "Inner Unique": true, "Plans": [{"Node Type": "Nested Loop", "Parent Relationship": "Outer", "Join Type": "Inner", "Startup Cost": 0.0, "Total Cost": 496759.91, "Plan Rows": 4, "Plan Width": 46, "Inner Unique": false, "Plans": [{"Node Type": "Index Scan", "Parent Relationship": "Outer", "Scan Direction": "Forward", "Index Name": "info_type_pkey", "Relation Name": "info_type", "Alias": "it1", "Startup Cost": 0.0, "Total Cost": 14.21, "Plan Rows": 1, "Plan Width": 4, "Filter": "((info)::text = 'release dates'::text)"}, {"Node Type": "Index Scan", "Parent Relationship": "Inner", "Scan Direction": "Forward", "Index Name": "info_type_id_movie_info", "Relation Name": "movie_info", "Alias": "mi", "Startup Cost": 0.0, "Total Cost": 496745.66, "Plan Rows": 4, "Plan Width": 50, "Index Cond": "(info_type_id = it1.id)", "Filter": "((info IS NOT NULL) AND ((note)::text ~~ '%internet%'::text) AND (((info)::text ~~ 'USA:% 199%'::text) OR ((info)::text ~~ 'USA:% 200%'::text)))"}]}, {"Node Type": "Index Scan", "Parent Relationship": "Inner", "Scan Direction": "Forward", "Index Name": "title_pkey", "Relation Name": "title", "Alias": "t", "Startup Cost": 0.0, "Total Cost": 8.23, "Plan Rows": 1, "Plan Width": 21, "Index Cond": "(id = mi.movie_id)", "Filter": "(production_year > 1990)"}]}, {"Node Type": "Index Scan", "Parent Relationship": "Inner", "Scan Direction": "Forward", "Index Name": "movie_id_movie_companies", "Relation Name": "movie_companies", "Alias": "mc", "Startup Cost": 0.0, "Total Cost": 0.35, "Plan Rows": 2, "Plan Width": 12, "Index Cond": "(movie_id = t.id)"}]}, {"Node Type": "Index Scan", "Parent Relationship": "Inner", "Scan Direction": "Forward", "Index Name": "company_name_pkey", "Relation Name": "company_name", "Alias": "cn", "Startup Cost": 0.0, "Total Cost": 0.28, "Plan Rows": 1, "Plan Width": 4, "Index Cond": "(id = mc.company_id)", "Filter": "((country_code)::text = '[us]'::text)"}]}, {"Node Type": "Index Only Scan", "Parent Relationship": "Inner", "Scan Direction": "Forward", "Index Name": "company_type_pkey", "Relation Name": "company_type", "Alias": "ct", "Startup Cost": 0.0, "Total Cost": 0.27, "Plan Rows": 1, "Plan Width": 4, "Index Cond": "(id = mc.company_type_id)"}]}, {"Node Type": "Index Scan", "Parent Relationship": "Inner", "Scan Direction": "Forward", "Index Name": "movie_id_movie_keyword", "Relation Name": "movie_keyword", "Alias": "mk", "Startup Cost": 0.0, "Total Cost": 0.46, "Plan Rows": 8, "Plan Width": 8, "Index Cond": "(movie_id = mc.movie_id)"}]}, {"Node Type": "Index Only Scan", "Parent Relationship": "Inner", "Scan Direction": "Forward", "Index Name": "keyword_pkey", "Relation Name": "keyword", "Alias": "k", "Startup Cost": 0.0, "Total Cost": 0.27, "Plan Rows": 1, "Plan Width": 4, "Index Cond": "(id = mk.keyword_id)"}]}, {"Node Type": "Index Only Scan", "Parent Relationship": "Inner", "Scan Direction": "Forward", "Index Name": "movie_id_aka_title", "Relation Name": "aka_title", "Alias": "at", "Startup Cost": 0.0, "Total Cost": 0.31, "Plan Rows": 3, "Plan Width": 4, "Index Cond": "(movie_id = t.id)"}]}]}, "Unique SQL Id": 2846462052}, "explain_analyze_plan": null}, "(16, 122)": {"explain_plan": {"Plan": {"Node Type": "Aggregate", "Strategy": "Plain", "Startup Cost": 291489.31, "Total Cost": 291489.34, "Plan Rows": 1, "Plan Width": 123, "Plans": [{"Node Type": "Streaming(type: LOCAL GATHER dop: 1/16)", "Parent Relationship": "Outer", "Startup Cost": 291489.31, "Total Cost": 291489.34, "Plan Rows": 1, "Plan Width": 123, "Plans": [{"Node Type": "Aggregate", "Strategy": "Plain", "Parent Relationship": "Outer", "Startup Cost": 291489.31, "Total Cost": 291489.32, "Plan Rows": 1, "Plan Width": 123, "Plans": [{"Node Type": "Nested Loop", "Parent Relationship": "Outer", "Join Type": "Inner", "Startup Cost": 0.0, "Total Cost": 291488.65, "Plan Rows": 132, "Plan Width": 59, "Inner Unique": false, "Join Filter": "(mk.keyword_id = k.id)", "Plans": [{"Node Type": "Streaming(type: LOCAL REDISTRIBUTE dop: 16/1)", "Parent Relationship": "Outer", "Startup Cost": 0.0, "Total Cost": 22679.71, "Plan Rows": 134169, "Plan Width": 4, "Plans": [{"Node Type": "Seq Scan", "Parent Relationship": "Outer", "Relation Name": "keyword", "Alias": "k", "Startup Cost": 0.0, "Total Cost": 2100.69, "Plan Rows": 134169, "Plan Width": 4}]}, {"Node Type": "Materialize", "Parent Relationship": "Inner", "Startup Cost": 0.0, "Total Cost": 267755.52, "Plan Rows": 134, "Plan Width": 63, "Plans": [{"Node Type": "Streaming(type: LOCAL REDISTRIBUTE dop: 16/16)", "Parent Relationship": "Outer", "Startup Cost": 0.0, "Total Cost": 267755.48, "Plan Rows": 134, "Plan Width": 63, "Plans": [{"Node Type": "Nested Loop", "Parent Relationship": "Outer", "Join Type": "Inner", "Startup Cost": 0.0, "Total Cost": 252754.98, "Plan Rows": 134, "Plan Width": 63, "Inner Unique": false, "Join Filter": "(t.id = mk.movie_id)", "Plans": [{"Node Type": "Streaming(type: LOCAL REDISTRIBUTE dop: 16/16)", "Parent Relationship": "Outer", "Startup Cost": 0.0, "Total Cost": 51044.03, "Plan Rows": 4523929, "Plan Width": 8, "Plans": [{"Node Type": "Seq Scan", "Parent Relationship": "Outer", "Relation Name": "movie_keyword", "Alias": "mk", "Startup Cost": 0.0, "Total Cost": 18902.58, "Plan Rows": 4523929, "Plan Width": 8}]}, {"Node Type": "Materialize", "Parent Relationship": "Inner", "Startup Cost": 0.0, "Total Cost": 197204.69, "Plan Rows": 17, "Plan Width": 75, "Plans": [{"Node Type": "Streaming(type: LOCAL REDISTRIBUTE dop: 16/1)", "Parent Relationship": "Outer", "Startup Cost": 0.0, "Total Cost": 197204.68, "Plan Rows": 17, "Plan Width": 75, "Plans": [{"Node Type": "Nested Loop", "Parent Relationship": "Outer", "Join Type": "Inner", "Startup Cost": 0.0, "Total Cost": 182203.98, "Plan Rows": 17, "Plan Width": 75, "Inner Unique": false, "Join Filter": "(t.id = at.movie_id)", "Plans": [{"Node Type": "Seq Scan", "Parent Relationship": "Outer", "Relation Name": "aka_title", "Alias": "at", "Startup Cost": 0.0, "Total Cost": 9894.71, "Plan Rows": 361471, "Plan Width": 4}, {"Node Type": "Materialize", "Parent Relationship": "Inner", "Startup Cost": 0.0, "Total Cost": 139776.89, "Plan Rows": 6, "Plan Width": 71, "Plans": [{"Node Type": "Streaming(type: LOCAL GATHER dop: 1/16)", "Parent Relationship": "Outer", "Startup Cost": 0.0, "Total Cost": 139776.86, "Plan Rows": 6, "Plan Width": 71, "Plans": [{"Node Type": "Nested Loop", "Parent Relationship": "Outer", "Join Type": "Inner", "Startup Cost": 0.0, "Total Cost": 139776.73, "Plan Rows": 6, "Plan Width": 71, "Inner Unique": false, "Join Filter": "(mi.movie_id = t.id)", "Plans": [{"Node Type": "Seq Scan", "Parent Relationship": "Outer", "Relation Name": "title", "Alias": "t", "Startup Cost": 0.0, "Total Cost": 19149.37, "Plan Rows": 1748840, "Plan Width": 21, "Filter": "(production_year > 1990), (LLVM Optimized)"}, {"Node Type": "Materialize", "Parent Relationship": "Inner", "Startup Cost": 0.0, "Total Cost": 114069.23, "Plan Rows": 64, "Plan Width": 50, "Plans": [{"Node Type": "Streaming(type: BROADCAST dop: 16/1)", "Parent Relationship": "Outer", "Startup Cost": 0.0, "Total Cost": 114069.21, "Plan Rows": 64, "Plan Width": 50, "Plans": [{"Node Type": "Nested Loop", "Parent Relationship": "Outer", "Join Type": "Inner", "Startup Cost": 0.0, "Total Cost": 99067.82, "Plan Rows": 4, "Plan Width": 50, "Inner Unique": false, "Join Filter": "(mc.company_id = cn.id)", "Plans": [{"Node Type": "Seq Scan", "Parent Relationship": "Outer", "Relation Name": "company_name", "Alias": "cn", "Startup Cost": 0.0, "Total Cost": 5903.45, "Plan Rows": 85170, "Plan Width": 4, "Filter": "((country_code)::text = '[us]'::text)"}, {"Node Type": "Materialize", "Parent Relationship": "Inner", "Startup Cost": 0.0, "Total Cost": 82943.99, "Plan Rows": 8, "Plan Width": 54, "Plans": [{"Node Type": "Nested Loop", "Parent Relationship": "Outer", "Join Type": "Inner", "Startup Cost": 0.0, "Total Cost": 82943.95, "Plan Rows": 8, "Plan Width": 54, "Inner Unique": true, "Join Filter": "(mc.company_type_id = ct.id)", "Plans": [{"Node Type": "Streaming(type: LOCAL GATHER dop: 1/16)", "Parent Relationship": "Outer", "Startup Cost": 0.0, "Total Cost": 82942.51, "Plan Rows": 9, "Plan Width": 58, "Plans": [{"Node Type": "Nested Loop", "Parent Relationship": "Outer", "Join Type": "Inner", "Startup Cost": 0.0, "Total Cost": 82942.32, "Plan Rows": 9, "Plan Width": 58, "Inner Unique": false, "Join Filter": "(mi.movie_id = mc.movie_id)", "Plans": [{"Node Type": "Seq Scan", "Parent Relationship": "Outer", "Relation Name": "movie_companies", "Alias": "mc", "Startup Cost": 0.0, "Total Cost": 17613.58, "Plan Rows": 2609128, "Plan Width": 12}, {"Node Type": "Materialize", "Parent Relationship": "Inner", "Startup Cost": 0.0, "Total Cost": 55544.52, "Plan Rows": 64, "Plan Width": 46, "Plans": [{"Node Type": "Streaming(type: BROADCAST dop: 16/1)", "Parent Relationship": "Outer", "Startup Cost": 0.0, "Total Cost": 55544.5, "Plan Rows": 64, "Plan Width": 46, "Plans": [{"Node Type": "Nested Loop", "Parent Relationship": "Outer", "Join Type": "Inner", "Startup Cost": 0.0, "Total Cost": 40543.12, "Plan Rows": 4, "Plan Width": 46, "Inner Unique": false, "Join Filter": "(it1.id = mi.info_type_id)", "Plans": [{"Node Type": "Seq Scan", "Parent Relationship": "Outer", "Relation Name": "info_type", "Alias": "it1", "Startup Cost": 0.0, "Total Cost": 2.4, "Plan Rows": 1, "Plan Width": 4, "Filter": "((info)::text = 'release dates'::text)"}, {"Node Type": "Materialize", "Parent Relationship": "Inner", "Startup Cost": 0.0, "Total Cost": 40538.17, "Plan Rows": 255, "Plan Width": 50, "Plans": [{"Node Type": "Streaming(type: LOCAL GATHER dop: 1/16)", "Parent Relationship": "Outer", "Startup Cost": 0.0, "Total Cost": 40537.53, "Plan Rows": 255, "Plan Width": 50, "Plans": [{"Node Type": "Seq Scan", "Parent Relationship": "Outer", "Relation Name": "movie_info", "Alias": "mi", "Startup Cost": 0.0, "Total Cost": 40532.03, "Plan Rows": 255, "Plan Width": 50, "Filter": "((info IS NOT NULL) AND ((note)::text ~~ '%internet%'::text) AND (((info)::text ~~ 'USA:% 199%'::text) OR ((info)::text ~~ 'USA:% 200%'::text)))"}]}]}]}]}]}]}]}, {"Node Type": "Materialize", "Parent Relationship": "Inner", "Startup Cost": 0.0, "Total Cost": 1.04, "Plan Rows": 3, "Plan Width": 4, "Plans": [{"Node Type": "Seq Scan", "Parent Relationship": "Outer", "Relation Name": "company_type", "Alias": "ct", "Startup Cost": 0.0, "Total Cost": 1.03, "Plan Rows": 3, "Plan Width": 4}]}]}]}]}]}]}]}]}]}]}]}]}]}]}]}]}]}]}]}, "Unique SQL Id": 2846462052}, "explain_analyze_plan": null}, "(16, 123)": {"explain_plan": {"Plan": {"Node Type": "Aggregate", "Strategy": "Plain", "Startup Cost": 9000154402514.71, "Total Cost": 9000154402514.72, "Plan Rows": 1, "Plan Width": 123, "Plans": [{"Node Type": "Nested Loop", "Parent Relationship": "Outer", "Join Type": "Inner", "Startup Cost": 90000000000.0, "Total Cost": 9000154402514.05, "Plan Rows": 132, "Plan Width": 59, "Inner Unique": false, "Join Filter": "(t.id = at.movie_id)", "Plans": [{"Node Type": "Index Only Scan", "Parent Relationship": "Outer", "Scan Direction": "Forward", "Index Name": "movie_id_aka_title", "Relation Name": "aka_title", "Alias": "at", "Startup Cost": 10000000000.0, "Total Cost": 1000000898631.5, "Plan Rows": 361471, "Plan Width": 4}, {"Node Type": "Materialize", "Parent Relationship": "Inner", "Startup Cost": 80000000000.0, "Total Cost": 8000153265311.8, "Plan Rows": 44, "Plan Width": 75, "Plans": [{"Node Type": "Nested Loop", "Parent Relationship": "Outer", "Join Type": "Inner", "Startup Cost": 80000000000.0, "Total Cost": 8000153265311.58, "Plan Rows": 44, "Plan Width": 75, "Inner Unique": true, "Join Filter": "(mk.keyword_id = k.id)", "Plans": [{"Node Type": "Nested Loop", "Parent Relationship": "Outer", "Join Type": "Inner", "Startup Cost": 70000000000.0, "Total Cost": 7000152970346.12, "Plan Rows": 44, "Plan Width": 79, "Inner Unique": false, "Join Filter": "(t.id = mk.movie_id)", "Plans": [{"Node Type": "Index Scan", "Parent Relationship": "Outer", "Scan Direction": "Forward", "Index Name": "movie_id_movie_keyword", "Relation Name": "movie_keyword", "Alias": "mk", "Startup Cost": 10000000000.0, "Total Cost": 1000015300634.17, "Plan Rows": 4523929, "Plan Width": 8}, {"Node Type": "Materialize", "Parent Relationship": "Inner", "Startup Cost": 60000000000.0, "Total Cost": 6000137262558.35, "Plan Rows": 6, "Plan Width": 71, "Plans": [{"Node Type": "Nested Loop", "Parent Relationship": "Outer", "Join Type": "Inner", "Startup Cost": 60000000000.0, "Total Cost": 6000137262558.32, "Plan Rows": 6, "Plan Width": 71, "Inner Unique": false, "Join Filter": "(mi.movie_id = t.id)", "Plans": [{"Node Type": "Index Scan", "Parent Relationship": "Outer", "Scan Direction": "Forward", "Index Name": "title_pkey", "Relation Name": "title", "Alias": "t", "Startup Cost": 10000000000.0, "Total Cost": 1000011644126.66, "Plan Rows": 1748840, "Plan Width": 21, "Filter": "(production_year > 1990), (LLVM Optimized)"}, {"Node Type": "Materialize", "Parent Relationship": "Inner", "Startup Cost": 50000000000.0, "Total Cost": 5000125513501.27, "Plan Rows": 4, "Plan Width": 50, "Plans": [{"Node Type": "Nested Loop", "Parent Relationship": "Outer", "Join Type": "Inner", "Startup Cost": 50000000000.0, "Total Cost": 5000125513501.25, "Plan Rows": 4, "Plan Width": 50, "Inner Unique": true, "Join Filter": "(mc.company_id = cn.id)", "Plans": [{"Node Type": "Nested Loop", "Parent Relationship": "Outer", "Join Type": "Inner", "Startup Cost": 40000000000.0, "Total Cost": 4000124452928.96, "Plan Rows": 8, "Plan Width": 54, "Inner Unique": true, "Join Filter": "(mc.company_type_id = ct.id)", "Plans": [{"Node Type": "Nested Loop", "Parent Relationship": "Outer", "Join Type": "Inner", "Startup Cost": 30000000000.0, "Total Cost": 3000124452099.04, "Plan Rows": 9, "Plan Width": 58, "Inner Unique": false, "Join Filter": "(mi.movie_id = mc.movie_id)", "Plans": [{"Node Type": "Nested Loop", "Parent Relationship": "Outer", "Join Type": "Inner", "Startup Cost": 20000000000.0, "Total Cost": 2000114970811.54, "Plan Rows": 4, "Plan Width": 46, "Inner Unique": true, "Join Filter": "(it1.id = mi.info_type_id)", "Plans": [{"Node Type": "Index Scan", "Parent Relationship": "Outer", "Scan Direction": "Forward", "Index Name": "movie_id_movie_info", "Relation Name": "movie_info", "Alias": "mi", "Startup Cost": 10000000000.0, "Total Cost": 1000114969386.72, "Plan Rows": 255, "Plan Width": 50, "Filter": "((info IS NOT NULL) AND ((note)::text ~~ '%internet%'::text) AND (((info)::text ~~ 'USA:% 199%'::text) OR ((info)::text ~~ 'USA:% 200%'::text)))"}, {"Node Type": "Materialize", "Parent Relationship": "Inner", "Startup Cost": 10000000000.0, "Total Cost": 1000000001421.0, "Plan Rows": 1, "Plan Width": 4, "Plans": [{"Node Type": "Index Scan", "Parent Relationship": "Outer", "Scan Direction": "Forward", "Index Name": "info_type_pkey", "Relation Name": "info_type", "Alias": "it1", "Startup Cost": 10000000000.0, "Total Cost": 1000000001421.0, "Plan Rows": 1, "Plan Width": 4, "Filter": "((info)::text = 'release dates'::text)"}]}]}, {"Node Type": "Materialize", "Parent Relationship": "Inner", "Startup Cost": 10000000000.0, "Total Cost": 1000009331262.64, "Plan Rows": 2609128, "Plan Width": 12, "Plans": [{"Node Type": "Index Scan", "Parent Relationship": "Outer", "Scan Direction": "Forward", "Index Name": "company_type_id_movie_companies", "Relation Name": "movie_companies", "Alias": "mc", "Startup Cost": 10000000000.0, "Total Cost": 1000009318217.0, "Plan Rows": 2609128, "Plan Width": 12}]}]}, {"Node Type": "Materialize", "Parent Relationship": "Inner", "Startup Cost": 10000000000.0, "Total Cost": 1000000000829.52, "Plan Rows": 3, "Plan Width": 4, "Plans": [{"Node Type": "Index Only Scan", "Parent Relationship": "Outer", "Scan Direction": "Forward", "Index Name": "company_type_pkey", "Relation Name": "company_type", "Alias": "ct", "Startup Cost": 10000000000.0, "Total Cost": 1000000000829.5, "Plan Rows": 3, "Plan Width": 4}]}]}, {"Node Type": "Materialize", "Parent Relationship": "Inner", "Startup Cost": 10000000000.0, "Total Cost": 1000001050564.82, "Plan Rows": 85170, "Plan Width": 4, "Plans": [{"Node Type": "Index Scan", "Parent Relationship": "Outer", "Scan Direction": "Forward", "Index Name": "company_name_pkey", "Relation Name": "company_name", "Alias": "cn", "Startup Cost": 10000000000.0, "Total Cost": 1000001050138.97, "Plan Rows": 85170, "Plan Width": 4, "Filter": "((country_code)::text = '[us]'::text)"}]}]}]}]}]}]}, {"Node Type": "Materialize", "Parent Relationship": "Inner", "Startup Cost": 10000000000.0, "Total Cost": 1000000206749.34, "Plan Rows": 134169, "Plan Width": 4, "Plans": [{"Node Type": "Index Only Scan", "Parent Relationship": "Outer", "Scan Direction": "Forward", "Index Name": "keyword_pkey", "Relation Name": "keyword", "Alias": "k", "Startup Cost": 10000000000.0, "Total Cost": 1000000206078.5, "Plan Rows": 134169, "Plan Width": 4}]}]}]}]}]}, "Unique SQL Id": 2846462052}, "explain_analyze_plan": null}, "(16, 124)": {"explain_plan": {"Plan": {"Node Type": "Aggregate", "Strategy": "Plain", "Startup Cost": 40614.96, "Total Cost": 40614.97, "Plan Rows": 1, "Plan Width": 123, "Plans": [{"Node Type": "Nested Loop", "Parent Relationship": "Outer", "Join Type": "Inner", "Startup Cost": 0.0, "Total Cost": 40614.3, "Plan Rows": 132, "Plan Width": 59, "Inner Unique": false, "Join Filter": "(t.id = at.movie_id)", "Plans": [{"Node Type": "Nested Loop", "Parent Relationship": "Outer", "Join Type": "Inner", "Startup Cost": 0.0, "Total Cost": 40598.73, "Plan Rows": 44, "Plan Width": 75, "Inner Unique": true, "Plans": [{"Node Type": "Nested Loop", "Parent Relationship": "Outer", "Join Type": "Inner", "Startup Cost": 0.0, "Total Cost": 40586.38, "Plan Rows": 44, "Plan Width": 79, "Inner Unique": false, "Join Filter": "(t.id = mk.movie_id)", "Plans": [{"Node Type": "Nested Loop", "Parent Relationship": "Outer", "Join Type": "Inner", "Startup Cost": 0.0, "Total Cost": 40583.01, "Plan Rows": 6, "Plan Width": 71, "Inner Unique": true, "Plans": [{"Node Type": "Nested Loop", "Parent Relationship": "Outer", "Join Type": "Inner", "Startup Cost": 0.0, "Total Cost": 40579.84, "Plan Rows": 11, "Plan Width": 75, "Inner Unique": true, "Join Filter": "(mc.company_type_id = ct.id)", "Plans": [{"Node Type": "Nested Loop", "Parent Relationship": "Outer", "Join Type": "Inner", "Startup Cost": 0.0, "Total Cost": 40578.27, "Plan Rows": 12, "Plan Width": 79, "Inner Unique": false, "Plans": [{"Node Type": "Nested Loop", "Parent Relationship": "Outer", "Join Type": "Inner", "Startup Cost": 0.0, "Total Cost": 40576.06, "Plan Rows": 6, "Plan Width": 67, "Inner Unique": true, "Plans": [{"Node Type": "Nested Loop", "Parent Relationship": "Outer", "Join Type": "Inner", "Startup Cost": 0.0, "Total Cost": 40543.12, "Plan Rows": 4, "Plan Width": 46, "Inner Unique": false, "Join Filter": "(it1.id = mi.info_type_id)", "Plans": [{"Node Type": "Seq Scan", "Parent Relationship": "Outer", "Relation Name": "info_type", "Alias": "it1", "Startup Cost": 0.0, "Total Cost": 2.4, "Plan Rows": 1, "Plan Width": 4, "Filter": "((info)::text = 'release dates'::text)"}, {"Node Type": "Materialize", "Parent Relationship": "Inner", "Startup Cost": 0.0, "Total Cost": 40538.17, "Plan Rows": 255, "Plan Width": 50, "Plans": [{"Node Type": "Streaming(type: LOCAL GATHER dop: 1/16)", "Parent Relationship": "Outer", "Startup Cost": 0.0, "Total Cost": 40537.53, "Plan Rows": 255, "Plan Width": 50, "Plans": [{"Node Type": "Seq Scan", "Parent Relationship": "Outer", "Relation Name": "movie_info", "Alias": "mi", "Startup Cost": 0.0, "Total Cost": 40532.03, "Plan Rows": 255, "Plan Width": 50, "Filter": "((info IS NOT NULL) AND ((note)::text ~~ '%internet%'::text) AND (((info)::text ~~ 'USA:% 199%'::text) OR ((info)::text ~~ 'USA:% 200%'::text)))"}]}]}]}, {"Node Type": "Index Scan", "Parent Relationship": "Inner", "Scan Direction": "Forward", "Index Name": "title_pkey", "Relation Name": "title", "Alias": "t", "Startup Cost": 0.0, "Total Cost": 8.23, "Plan Rows": 1, "Plan Width": 21, "Index Cond": "(id = mi.movie_id)", "Filter": "(production_year > 1990)"}]}, {"Node Type": "Index Scan", "Parent Relationship": "Inner", "Scan Direction": "Forward", "Index Name": "movie_id_movie_companies", "Relation Name": "movie_companies", "Alias": "mc", "Startup Cost": 0.0, "Total Cost": 0.35, "Plan Rows": 2, "Plan Width": 12, "Index Cond": "(movie_id = t.id)"}]}, {"Node Type": "Materialize", "Parent Relationship": "Inner", "Startup Cost": 0.0, "Total Cost": 1.04, "Plan Rows": 3, "Plan Width": 4, "Plans": [{"Node Type": "Seq Scan", "Parent Relationship": "Outer", "Relation Name": "company_type", "Alias": "ct", "Startup Cost": 0.0, "Total Cost": 1.03, "Plan Rows": 3, "Plan Width": 4}]}]}, {"Node Type": "Index Scan", "Parent Relationship": "Inner", "Scan Direction": "Forward", "Index Name": "company_name_pkey", "Relation Name": "company_name", "Alias": "cn", "Startup Cost": 0.0, "Total Cost": 0.28, "Plan Rows": 1, "Plan Width": 4, "Index Cond": "(id = mc.company_id)", "Filter": "((country_code)::text = '[us]'::text)"}]}, {"Node Type": "Index Scan", "Parent Relationship": "Inner", "Scan Direction": "Forward", "Index Name": "movie_id_movie_keyword", "Relation Name": "movie_keyword", "Alias": "mk", "Startup Cost": 0.0, "Total Cost": 0.46, "Plan Rows": 8, "Plan Width": 8, "Index Cond": "(movie_id = mc.movie_id)"}]}, {"Node Type": "Index Scan", "Parent Relationship": "Inner", "Scan Direction": "Forward", "Index Name": "keyword_pkey", "Relation Name": "keyword", "Alias": "k", "Startup Cost": 0.0, "Total Cost": 0.27, "Plan Rows": 1, "Plan Width": 4, "Index Cond": "(id = mk.keyword_id)"}]}, {"Node Type": "Index Scan", "Parent Relationship": "Inner", "Scan Direction": "Forward", "Index Name": "movie_id_aka_title", "Relation Name": "aka_title", "Alias": "at", "Startup Cost": 0.0, "Total Cost": 0.32, "Plan Rows": 3, "Plan Width": 4, "Index Cond": "(movie_id = mk.movie_id)"}]}]}, "Unique SQL Id": 2846462052}, "explain_analyze_plan": {"Plan": {"Node Type": "Aggregate", "Strategy": "Plain", "Startup Cost": 40614.96, "Total Cost": 40614.97, "Plan Rows": 1, "Plan Width": 123, "Actual Min Startup Time": 470.901, "Actual Max Startup Time": 470.901, "Actual Min Total Time": 470.901, "Actual Max Total Time": 470.901, "Actual Total Rows": 1, "Plans": [{"Node Type": "Nested Loop", "Parent Relationship": "Outer", "Join Type": "Inner", "Startup Cost": 0.0, "Total Cost": 40614.3, "Plan Rows": 132, "Plan Width": 59, "Actual Min Startup Time": 365.174, "Actual Max Startup Time": 365.174, "Actual Min Total Time": 470.039, "Actual Max Total Time": 470.039, "Actual Total Rows": 1140, "Inner Unique": false, "Join Filter": "(t.id = at.movie_id)", "Rows Removed by Join Filter": 0, "Plans": [{"Node Type": "Nested Loop", "Parent Relationship": "Outer", "Join Type": "Inner", "Startup Cost": 0.0, "Total Cost": 40598.73, "Plan Rows": 44, "Plan Width": 75, "Actual Min Startup Time": 363.726, "Actual Max Startup Time": 363.726, "Actual Min Total Time": 454.708, "Actual Max Total Time": 454.708, "Actual Total Rows": 4808, "Inner Unique": true, "Plans": [{"Node Type": "Nested Loop", "Parent Relationship": "Outer", "Join Type": "Inner", "Startup Cost": 0.0, "Total Cost": 40586.38, "Plan Rows": 44, "Plan Width": 79, "Actual Min Startup Time": 363.702, "Actual Max Startup Time": 363.702, "Actual Min Total Time": 431.177, "Actual Max Total Time": 431.177, "Actual Total Rows": 4808, "Inner Unique": false, "Join Filter": "(t.id = mk.movie_id)", "Rows Removed by Join Filter": 0, "Plans": [{"Node Type": "Nested Loop", "Parent Relationship": "Outer", "Join Type": "Inner", "Startup Cost": 0.0, "Total Cost": 40583.01, "Plan Rows": 6, "Plan Width": 71, "Actual Min Startup Time": 363.672, "Actual Max Startup Time": 363.672, "Actual Min Total Time": 416.165, "Actual Max Total Time": 416.165, "Actual Total Rows": 1488, "Inner Unique": true, "Plans": [{"Node Type": "Nested Loop", "Parent Relationship": "Outer", "Join Type": "Inner", "Startup Cost": 0.0, "Total Cost": 40579.84, "Plan Rows": 11, "Plan Width": 75, "Actual Min Startup Time": 363.643, "Actual Max Startup Time": 363.643, "Actual Min Total Time": 403.621, "Actual Max Total Time": 403.621, "Actual Total Rows": 1599, "Inner Unique": true, "Join Filter": "(mc.company_type_id = ct.id)", "Rows Removed by Join Filter": 3855, "Plans": [{"Node Type": "Nested Loop", "Parent Relationship": "Outer", "Join Type": "Inner", "Startup Cost": 0.0, "Total Cost": 40578.27, "Plan Rows": 12, "Plan Width": 79, "Actual Min Startup Time": 363.599, "Actual Max Startup Time": 363.599, "Actual Min Total Time": 400.898, "Actual Max Total Time": 400.898, "Actual Total Rows": 2884, "Inner Unique": false, "Plans": [{"Node Type": "Nested Loop", "Parent Relationship": "Outer", "Join Type": "Inner", "Startup Cost": 0.0, "Total Cost": 40576.06, "Plan Rows": 6, "Plan Width": 67, "Actual Min Startup Time": 363.573, "Actual Max Startup Time": 363.573, "Actual Min Total Time": 382.39, "Actual Max Total Time": 382.39, "Actual Total Rows": 1782, "Inner Unique": true, "Plans": [{"Node Type": "Nested Loop", "Parent Relationship": "Outer", "Join Type": "Inner", "Startup Cost": 0.0, "Total Cost": 40543.12, "Plan Rows": 4, "Plan Width": 46, "Actual Min Startup Time": 363.528, "Actual Max Startup Time": 363.528, "Actual Min Total Time": 364.872, "Actual Max Total Time": 364.872, "Actual Total Rows": 1783, "Inner Unique": false, "Join Filter": "(it1.id = mi.info_type_id)", "Rows Removed by Join Filter": 0, "Plans": [{"Node Type": "Seq Scan", "Parent Relationship": "Outer", "Relation Name": "info_type", "Alias": "it1", "Startup Cost": 0.0, "Total Cost": 2.4, "Plan Rows": 1, "Plan Width": 4, "Actual Min Startup Time": 0.07, "Actual Max Startup Time": 0.07, "Actual Min Total Time": 0.132, "Actual Max Total Time": 0.132, "Actual Total Rows": 1, "Filter": "((info)::text = 'release dates'::text)", "Rows Removed by Filter": 111}, {"Node Type": "Materialize", "Parent Relationship": "Inner", "Startup Cost": 0.0, "Total Cost": 40538.17, "Plan Rows": 255, "Plan Width": 50, "Actual Min Startup Time": 363.435, "Actual Max Startup Time": 363.435, "Actual Min Total Time": 363.81, "Actual Max Total Time": 363.81, "Actual Total Rows": 1784, "Plans": [{"Node Type": "Streaming(type: LOCAL GATHER dop: 1/16)", "Parent Relationship": "Outer", "Startup Cost": 0.0, "Total Cost": 40537.53, "Plan Rows": 255, "Plan Width": 50, "Actual Min Startup Time": 163.091, "Actual Max Startup Time": 163.091, "Actual Min Total Time": 363.017, "Actual Max Total Time": 363.017, "Actual Total Rows": 1783, "Plans": [{"Node Type": "Seq Scan", "Parent Relationship": "Outer", "Relation Name": "movie_info", "Alias": "mi", "Startup Cost": 0.0, "Total Cost": 40532.03, "Plan Rows": 255, "Plan Width": 50, "Actual Min Startup Time": 85.414, "Actual Max Startup Time": 93.033, "Actual Min Total Time": 303.553, "Actual Max Total Time": 327.965, "Actual Total Rows": 1783, "Filter": "((info IS NOT NULL) AND ((note)::text ~~ '%internet%'::text) AND (((info)::text ~~ 'USA:% 199%'::text) OR ((info)::text ~~ 'USA:% 200%'::text)))", "Rows Removed by Filter": 14833936}]}]}]}, {"Node Type": "Index Scan", "Parent Relationship": "Inner", "Scan Direction": "Forward", "Index Name": "title_pkey", "Relation Name": "title", "Alias": "t", "Startup Cost": 0.0, "Total Cost": 8.23, "Plan Rows": 1, "Plan Width": 21, "Actual Min Startup Time": 15.883, "Actual Max Startup Time": 15.883, "Actual Min Total Time": 15.883, "Actual Max Total Time": 15.883, "Actual Total Rows": 1782, "Index Cond": "(id = mi.movie_id)", "Rows Removed by Index Recheck": 0, "Filter": "(production_year > 1990)", "Rows Removed by Filter": 1}]}, {"Node Type": "Index Scan", "Parent Relationship": "Inner", "Scan Direction": "Forward", "Index Name": "movie_id_movie_companies", "Relation Name": "movie_companies", "Alias": "mc", "Startup Cost": 0.0, "Total Cost": 0.35, "Plan Rows": 2, "Plan Width": 12, "Actual Min Startup Time": 13.512, "Actual Max Startup Time": 13.512, "Actual Min Total Time": 16.791, "Actual Max Total Time": 16.791, "Actual Total Rows": 2884, "Index Cond": "(movie_id = t.id)", "Rows Removed by Index Recheck": 0}]}, {"Node Type": "Materialize", "Parent Relationship": "Inner", "Startup Cost": 0.0, "Total Cost": 1.04, "Plan Rows": 3, "Plan Width": 4, "Actual Min Startup Time": 0.362, "Actual Max Startup Time": 0.362, "Actual Min Total Time": 0.686, "Actual Max Total Time": 0.686, "Actual Total Rows": 5454, "Plans": [{"Node Type": "Seq Scan", "Parent Relationship": "Outer", "Relation Name": "company_type", "Alias": "ct", "Startup Cost": 0.0, "Total Cost": 1.03, "Plan Rows": 3, "Plan Width": 4, "Actual Min Startup Time": 0.009, "Actual Max Startup Time": 0.009, "Actual Min Total Time": 0.011, "Actual Max Total Time": 0.011, "Actual Total Rows": 3}]}]}, {"Node Type": "Index Scan", "Parent Relationship": "Inner", "Scan Direction": "Forward", "Index Name": "company_name_pkey", "Relation Name": "company_name", "Alias": "cn", "Startup Cost": 0.0, "Total Cost": 0.28, "Plan Rows": 1, "Plan Width": 4, "Actual Min Startup Time": 10.923, "Actual Max Startup Time": 10.923, "Actual Min Total Time": 10.923, "Actual Max Total Time": 10.923, "Actual Total Rows": 1488, "Index Cond": "(id = mc.company_id)", "Rows Removed by Index Recheck": 0, "Filter": "((country_code)::text = '[us]'::text)", "Rows Removed by Filter": 111}]}, {"Node Type": "Index Scan", "Parent Relationship": "Inner", "Scan Direction": "Forward", "Index Name": "movie_id_movie_keyword", "Relation Name": "movie_keyword", "Alias": "mk", "Startup Cost": 0.0, "Total Cost": 0.46, "Plan Rows": 8, "Plan Width": 8, "Actual Min Startup Time": 9.883, "Actual Max Startup Time": 9.883, "Actual Min Total Time": 12.129, "Actual Max Total Time": 12.129, "Actual Total Rows": 4808, "Index Cond": "(movie_id = mc.movie_id)", "Rows Removed by Index Recheck": 0}]}, {"Node Type": "Index Scan", "Parent Relationship": "Inner", "Scan Direction": "Forward", "Index Name": "keyword_pkey", "Relation Name": "keyword", "Alias": "k", "Startup Cost": 0.0, "Total Cost": 0.27, "Plan Rows": 1, "Plan Width": 4, "Actual Min Startup Time": 19.528, "Actual Max Startup Time": 19.528, "Actual Min Total Time": 19.528, "Actual Max Total Time": 19.528, "Actual Total Rows": 4808, "Index Cond": "(id = mk.keyword_id)", "Rows Removed by Index Recheck": 0}]}, {"Node Type": "Index Scan", "Parent Relationship": "Inner", "Scan Direction": "Forward", "Index Name": "movie_id_aka_title", "Relation Name": "aka_title", "Alias": "at", "Startup Cost": 0.0, "Total Cost": 0.32, "Plan Rows": 3, "Plan Width": 4, "Actual Min Startup Time": 11.896, "Actual Max Startup Time": 11.896, "Actual Min Total Time": 12.433, "Actual Max Total Time": 12.433, "Actual Total Rows": 1140, "Index Cond": "(movie_id = mk.movie_id)", "Rows Removed by Index Recheck": 0}]}]}, "Triggers": [], "Planner Runtime": 43.927, "Total Runtime": 474.633, "Unique SQL Id": 2846462052}}, "(16, 125)": {"explain_plan": {"Plan": {"Node Type": "Aggregate", "Strategy": "Plain", "Startup Cost": 496833.26, "Total Cost": 496833.27, "Plan Rows": 1, "Plan Width": 123, "Plans": [{"Node Type": "Nested Loop", "Parent Relationship": "Outer", "Join Type": "Inner", "Startup Cost": 0.0, "Total Cost": 496832.6, "Plan Rows": 132, "Plan Width": 59, "Inner Unique": false, "Join Filter": "(t.id = at.movie_id)", "Plans": [{"Node Type": "Nested Loop", "Parent Relationship": "Outer", "Join Type": "Inner", "Startup Cost": 0.0, "Total Cost": 496817.03, "Plan Rows": 44, "Plan Width": 75, "Inner Unique": true, "Plans": [{"Node Type": "Nested Loop", "Parent Relationship": "Outer", "Join Type": "Inner", "Startup Cost": 0.0, "Total Cost": 496804.68, "Plan Rows": 44, "Plan Width": 79, "Inner Unique": false, "Join Filter": "(t.id = mk.movie_id)", "Plans": [{"Node Type": "Nested Loop", "Parent Relationship": "Outer", "Join Type": "Inner", "Startup Cost": 0.0, "Total Cost": 496801.31, "Plan Rows": 6, "Plan Width": 71, "Inner Unique": true, "Plans": [{"Node Type": "Nested Loop", "Parent Relationship": "Outer", "Join Type": "Inner", "Startup Cost": 0.0, "Total Cost": 496798.51, "Plan Rows": 10, "Plan Width": 75, "Inner Unique": true, "Plans": [{"Node Type": "Nested Loop", "Parent Relationship": "Outer", "Join Type": "Inner", "Startup Cost": 0.0, "Total Cost": 496795.05, "Plan Rows": 12, "Plan Width": 79, "Inner Unique": false, "Plans": [{"Node Type": "Nested Loop", "Parent Relationship": "Outer", "Join Type": "Inner", "Startup Cost": 0.0, "Total Cost": 496792.85, "Plan Rows": 6, "Plan Width": 67, "Inner Unique": true, "Plans": [{"Node Type": "Nested Loop", "Parent Relationship": "Outer", "Join Type": "Inner", "Startup Cost": 0.0, "Total Cost": 496759.91, "Plan Rows": 4, "Plan Width": 46, "Inner Unique": false, "Plans": [{"Node Type": "Index Scan", "Parent Relationship": "Outer", "Scan Direction": "Forward", "Index Name": "info_type_pkey", "Relation Name": "info_type", "Alias": "it1", "Startup Cost": 0.0, "Total Cost": 14.21, "Plan Rows": 1, "Plan Width": 4, "Filter": "((info)::text = 'release dates'::text)"}, {"Node Type": "Index Scan", "Parent Relationship": "Inner", "Scan Direction": "Forward", "Index Name": "info_type_id_movie_info", "Relation Name": "movie_info", "Alias": "mi", "Startup Cost": 0.0, "Total Cost": 496745.66, "Plan Rows": 4, "Plan Width": 50, "Index Cond": "(info_type_id = it1.id)", "Filter": "((info IS NOT NULL) AND ((note)::text ~~ '%internet%'::text) AND (((info)::text ~~ 'USA:% 199%'::text) OR ((info)::text ~~ 'USA:% 200%'::text)))"}]}, {"Node Type": "Index Scan", "Parent Relationship": "Inner", "Scan Direction": "Forward", "Index Name": "title_pkey", "Relation Name": "title", "Alias": "t", "Startup Cost": 0.0, "Total Cost": 8.23, "Plan Rows": 1, "Plan Width": 21, "Index Cond": "(id = mi.movie_id)", "Filter": "(production_year > 1990)"}]}, {"Node Type": "Index Scan", "Parent Relationship": "Inner", "Scan Direction": "Forward", "Index Name": "movie_id_movie_companies", "Relation Name": "movie_companies", "Alias": "mc", "Startup Cost": 0.0, "Total Cost": 0.35, "Plan Rows": 2, "Plan Width": 12, "Index Cond": "(movie_id = t.id)"}]}, {"Node Type": "Index Scan", "Parent Relationship": "Inner", "Scan Direction": "Forward", "Index Name": "company_name_pkey", "Relation Name": "company_name", "Alias": "cn", "Startup Cost": 0.0, "Total Cost": 0.28, "Plan Rows": 1, "Plan Width": 4, "Index Cond": "(id = mc.company_id)", "Filter": "((country_code)::text = '[us]'::text)"}]}, {"Node Type": "Index Scan", "Parent Relationship": "Inner", "Scan Direction": "Forward", "Index Name": "company_type_pkey", "Relation Name": "company_type", "Alias": "ct", "Startup Cost": 0.0, "Total Cost": 0.27, "Plan Rows": 1, "Plan Width": 4, "Index Cond": "(id = mc.company_type_id)"}]}, {"Node Type": "Index Scan", "Parent Relationship": "Inner", "Scan Direction": "Forward", "Index Name": "movie_id_movie_keyword", "Relation Name": "movie_keyword", "Alias": "mk", "Startup Cost": 0.0, "Total Cost": 0.46, "Plan Rows": 8, "Plan Width": 8, "Index Cond": "(movie_id = mc.movie_id)"}]}, {"Node Type": "Index Scan", "Parent Relationship": "Inner", "Scan Direction": "Forward", "Index Name": "keyword_pkey", "Relation Name": "keyword", "Alias": "k", "Startup Cost": 0.0, "Total Cost": 0.27, "Plan Rows": 1, "Plan Width": 4, "Index Cond": "(id = mk.keyword_id)"}]}, {"Node Type": "Index Scan", "Parent Relationship": "Inner", "Scan Direction": "Forward", "Index Name": "movie_id_aka_title", "Relation Name": "aka_title", "Alias": "at", "Startup Cost": 0.0, "Total Cost": 0.32, "Plan Rows": 3, "Plan Width": 4, "Index Cond": "(movie_id = mk.movie_id)"}]}]}, "Unique SQL Id": 2846462052}, "explain_analyze_plan": null}, "(16, 126)": {"explain_plan": {"Plan": {"Node Type": "Aggregate", "Strategy": "Plain", "Startup Cost": 291489.31, "Total Cost": 291489.34, "Plan Rows": 1, "Plan Width": 123, "Plans": [{"Node Type": "Streaming(type: LOCAL GATHER dop: 1/16)", "Parent Relationship": "Outer", "Startup Cost": 291489.31, "Total Cost": 291489.34, "Plan Rows": 1, "Plan Width": 123, "Plans": [{"Node Type": "Aggregate", "Strategy": "Plain", "Parent Relationship": "Outer", "Startup Cost": 291489.31, "Total Cost": 291489.32, "Plan Rows": 1, "Plan Width": 123, "Plans": [{"Node Type": "Nested Loop", "Parent Relationship": "Outer", "Join Type": "Inner", "Startup Cost": 0.0, "Total Cost": 291488.65, "Plan Rows": 132, "Plan Width": 59, "Inner Unique": false, "Join Filter": "(mk.keyword_id = k.id)", "Plans": [{"Node Type": "Streaming(type: LOCAL REDISTRIBUTE dop: 16/1)", "Parent Relationship": "Outer", "Startup Cost": 0.0, "Total Cost": 22679.71, "Plan Rows": 134169, "Plan Width": 4, "Plans": [{"Node Type": "Seq Scan", "Parent Relationship": "Outer", "Relation Name": "keyword", "Alias": "k", "Startup Cost": 0.0, "Total Cost": 2100.69, "Plan Rows": 134169, "Plan Width": 4}]}, {"Node Type": "Materialize", "Parent Relationship": "Inner", "Startup Cost": 0.0, "Total Cost": 267755.52, "Plan Rows": 134, "Plan Width": 63, "Plans": [{"Node Type": "Streaming(type: LOCAL REDISTRIBUTE dop: 16/16)", "Parent Relationship": "Outer", "Startup Cost": 0.0, "Total Cost": 267755.48, "Plan Rows": 134, "Plan Width": 63, "Plans": [{"Node Type": "Nested Loop", "Parent Relationship": "Outer", "Join Type": "Inner", "Startup Cost": 0.0, "Total Cost": 252754.98, "Plan Rows": 134, "Plan Width": 63, "Inner Unique": false, "Join Filter": "(t.id = mk.movie_id)", "Plans": [{"Node Type": "Streaming(type: LOCAL REDISTRIBUTE dop: 16/16)", "Parent Relationship": "Outer", "Startup Cost": 0.0, "Total Cost": 51044.03, "Plan Rows": 4523929, "Plan Width": 8, "Plans": [{"Node Type": "Seq Scan", "Parent Relationship": "Outer", "Relation Name": "movie_keyword", "Alias": "mk", "Startup Cost": 0.0, "Total Cost": 18902.58, "Plan Rows": 4523929, "Plan Width": 8}]}, {"Node Type": "Materialize", "Parent Relationship": "Inner", "Startup Cost": 0.0, "Total Cost": 197204.69, "Plan Rows": 17, "Plan Width": 75, "Plans": [{"Node Type": "Streaming(type: LOCAL REDISTRIBUTE dop: 16/1)", "Parent Relationship": "Outer", "Startup Cost": 0.0, "Total Cost": 197204.68, "Plan Rows": 17, "Plan Width": 75, "Plans": [{"Node Type": "Nested Loop", "Parent Relationship": "Outer", "Join Type": "Inner", "Startup Cost": 0.0, "Total Cost": 182203.98, "Plan Rows": 17, "Plan Width": 75, "Inner Unique": false, "Join Filter": "(t.id = at.movie_id)", "Plans": [{"Node Type": "Seq Scan", "Parent Relationship": "Outer", "Relation Name": "aka_title", "Alias": "at", "Startup Cost": 0.0, "Total Cost": 9894.71, "Plan Rows": 361471, "Plan Width": 4}, {"Node Type": "Materialize", "Parent Relationship": "Inner", "Startup Cost": 0.0, "Total Cost": 139776.89, "Plan Rows": 6, "Plan Width": 71, "Plans": [{"Node Type": "Streaming(type: LOCAL GATHER dop: 1/16)", "Parent Relationship": "Outer", "Startup Cost": 0.0, "Total Cost": 139776.86, "Plan Rows": 6, "Plan Width": 71, "Plans": [{"Node Type": "Nested Loop", "Parent Relationship": "Outer", "Join Type": "Inner", "Startup Cost": 0.0, "Total Cost": 139776.73, "Plan Rows": 6, "Plan Width": 71, "Inner Unique": false, "Join Filter": "(mi.movie_id = t.id)", "Plans": [{"Node Type": "Seq Scan", "Parent Relationship": "Outer", "Relation Name": "title", "Alias": "t", "Startup Cost": 0.0, "Total Cost": 19149.37, "Plan Rows": 1748840, "Plan Width": 21, "Filter": "(production_year > 1990), (LLVM Optimized)"}, {"Node Type": "Materialize", "Parent Relationship": "Inner", "Startup Cost": 0.0, "Total Cost": 114069.23, "Plan Rows": 64, "Plan Width": 50, "Plans": [{"Node Type": "Streaming(type: BROADCAST dop: 16/1)", "Parent Relationship": "Outer", "Startup Cost": 0.0, "Total Cost": 114069.21, "Plan Rows": 64, "Plan Width": 50, "Plans": [{"Node Type": "Nested Loop", "Parent Relationship": "Outer", "Join Type": "Inner", "Startup Cost": 0.0, "Total Cost": 99067.82, "Plan Rows": 4, "Plan Width": 50, "Inner Unique": false, "Join Filter": "(mc.company_id = cn.id)", "Plans": [{"Node Type": "Seq Scan", "Parent Relationship": "Outer", "Relation Name": "company_name", "Alias": "cn", "Startup Cost": 0.0, "Total Cost": 5903.45, "Plan Rows": 85170, "Plan Width": 4, "Filter": "((country_code)::text = '[us]'::text)"}, {"Node Type": "Materialize", "Parent Relationship": "Inner", "Startup Cost": 0.0, "Total Cost": 82943.99, "Plan Rows": 8, "Plan Width": 54, "Plans": [{"Node Type": "Nested Loop", "Parent Relationship": "Outer", "Join Type": "Inner", "Startup Cost": 0.0, "Total Cost": 82943.95, "Plan Rows": 8, "Plan Width": 54, "Inner Unique": true, "Join Filter": "(mc.company_type_id = ct.id)", "Plans": [{"Node Type": "Streaming(type: LOCAL GATHER dop: 1/16)", "Parent Relationship": "Outer", "Startup Cost": 0.0, "Total Cost": 82942.51, "Plan Rows": 9, "Plan Width": 58, "Plans": [{"Node Type": "Nested Loop", "Parent Relationship": "Outer", "Join Type": "Inner", "Startup Cost": 0.0, "Total Cost": 82942.32, "Plan Rows": 9, "Plan Width": 58, "Inner Unique": false, "Join Filter": "(mi.movie_id = mc.movie_id)", "Plans": [{"Node Type": "Seq Scan", "Parent Relationship": "Outer", "Relation Name": "movie_companies", "Alias": "mc", "Startup Cost": 0.0, "Total Cost": 17613.58, "Plan Rows": 2609128, "Plan Width": 12}, {"Node Type": "Materialize", "Parent Relationship": "Inner", "Startup Cost": 0.0, "Total Cost": 55544.52, "Plan Rows": 64, "Plan Width": 46, "Plans": [{"Node Type": "Streaming(type: BROADCAST dop: 16/1)", "Parent Relationship": "Outer", "Startup Cost": 0.0, "Total Cost": 55544.5, "Plan Rows": 64, "Plan Width": 46, "Plans": [{"Node Type": "Nested Loop", "Parent Relationship": "Outer", "Join Type": "Inner", "Startup Cost": 0.0, "Total Cost": 40543.12, "Plan Rows": 4, "Plan Width": 46, "Inner Unique": false, "Join Filter": "(it1.id = mi.info_type_id)", "Plans": [{"Node Type": "Seq Scan", "Parent Relationship": "Outer", "Relation Name": "info_type", "Alias": "it1", "Startup Cost": 0.0, "Total Cost": 2.4, "Plan Rows": 1, "Plan Width": 4, "Filter": "((info)::text = 'release dates'::text)"}, {"Node Type": "Materialize", "Parent Relationship": "Inner", "Startup Cost": 0.0, "Total Cost": 40538.17, "Plan Rows": 255, "Plan Width": 50, "Plans": [{"Node Type": "Streaming(type: LOCAL GATHER dop: 1/16)", "Parent Relationship": "Outer", "Startup Cost": 0.0, "Total Cost": 40537.53, "Plan Rows": 255, "Plan Width": 50, "Plans": [{"Node Type": "Seq Scan", "Parent Relationship": "Outer", "Relation Name": "movie_info", "Alias": "mi", "Startup Cost": 0.0, "Total Cost": 40532.03, "Plan Rows": 255, "Plan Width": 50, "Filter": "((info IS NOT NULL) AND ((note)::text ~~ '%internet%'::text) AND (((info)::text ~~ 'USA:% 199%'::text) OR ((info)::text ~~ 'USA:% 200%'::text)))"}]}]}]}]}]}]}]}, {"Node Type": "Materialize", "Parent Relationship": "Inner", "Startup Cost": 0.0, "Total Cost": 1.04, "Plan Rows": 3, "Plan Width": 4, "Plans": [{"Node Type": "Seq Scan", "Parent Relationship": "Outer", "Relation Name": "company_type", "Alias": "ct", "Startup Cost": 0.0, "Total Cost": 1.03, "Plan Rows": 3, "Plan Width": 4}]}]}]}]}]}]}]}]}]}]}]}]}]}]}]}]}]}]}]}, "Unique SQL Id": 2846462052}, "explain_analyze_plan": null}, "(16, 127)": {"explain_plan": {"Plan": {"Node Type": "Aggregate", "Strategy": "Plain", "Startup Cost": 9000155572935.28, "Total Cost": 9000155572935.29, "Plan Rows": 1, "Plan Width": 123, "Plans": [{"Node Type": "Nested Loop", "Parent Relationship": "Outer", "Join Type": "Inner", "Startup Cost": 90000000000.0, "Total Cost": 9000155572934.62, "Plan Rows": 132, "Plan Width": 59, "Inner Unique": false, "Join Filter": "(t.id = at.movie_id)", "Plans": [{"Node Type": "Index Scan", "Parent Relationship": "Outer", "Scan Direction": "Forward", "Index Name": "movie_id_aka_title", "Relation Name": "aka_title", "Alias": "at", "Startup Cost": 10000000000.0, "Total Cost": 1000001990001.13, "Plan Rows": 361471, "Plan Width": 4}, {"Node Type": "Materialize", "Parent Relationship": "Inner", "Startup Cost": 80000000000.0, "Total Cost": 8000153344362.73, "Plan Rows": 44, "Plan Width": 75, "Plans": [{"Node Type": "Nested Loop", "Parent Relationship": "Outer", "Join Type": "Inner", "Startup Cost": 80000000000.0, "Total Cost": 8000153344362.51, "Plan Rows": 44, "Plan Width": 75, "Inner Unique": true, "Join Filter": "(mk.keyword_id = k.id)", "Plans": [{"Node Type": "Nested Loop", "Parent Relationship": "Outer", "Join Type": "Inner", "Startup Cost": 70000000000.0, "Total Cost": 7000152970746.12, "Plan Rows": 44, "Plan Width": 79, "Inner Unique": false, "Join Filter": "(t.id = mk.movie_id)", "Plans": [{"Node Type": "Index Scan", "Parent Relationship": "Outer", "Scan Direction": "Forward", "Index Name": "movie_id_movie_keyword", "Relation Name": "movie_keyword", "Alias": "mk", "Startup Cost": 10000000000.0, "Total Cost": 1000015300634.17, "Plan Rows": 4523929, "Plan Width": 8}, {"Node Type": "Materialize", "Parent Relationship": "Inner", "Startup Cost": 60000000000.0, "Total Cost": 6000137262958.35, "Plan Rows": 6, "Plan Width": 71, "Plans": [{"Node Type": "Nested Loop", "Parent Relationship": "Outer", "Join Type": "Inner", "Startup Cost": 60000000000.0, "Total Cost": 6000137262958.32, "Plan Rows": 6, "Plan Width": 71, "Inner Unique": false, "Join Filter": "(mi.movie_id = t.id)", "Plans": [{"Node Type": "Index Scan", "Parent Relationship": "Outer", "Scan Direction": "Forward", "Index Name": "title_pkey", "Relation Name": "title", "Alias": "t", "Startup Cost": 10000000000.0, "Total Cost": 1000011644126.66, "Plan Rows": 1748840, "Plan Width": 21, "Filter": "(production_year > 1990), (LLVM Optimized)"}, {"Node Type": "Materialize", "Parent Relationship": "Inner", "Startup Cost": 50000000000.0, "Total Cost": 5000125513901.27, "Plan Rows": 4, "Plan Width": 50, "Plans": [{"Node Type": "Nested Loop", "Parent Relationship": "Outer", "Join Type": "Inner", "Startup Cost": 50000000000.0, "Total Cost": 5000125513901.25, "Plan Rows": 4, "Plan Width": 50, "Inner Unique": true, "Join Filter": "(mc.company_id = cn.id)", "Plans": [{"Node Type": "Nested Loop", "Parent Relationship": "Outer", "Join Type": "Inner", "Startup Cost": 40000000000.0, "Total Cost": 4000124453328.96, "Plan Rows": 8, "Plan Width": 54, "Inner Unique": true, "Join Filter": "(mc.company_type_id = ct.id)", "Plans": [{"Node Type": "Nested Loop", "Parent Relationship": "Outer", "Join Type": "Inner", "Startup Cost": 30000000000.0, "Total Cost": 3000124452099.04, "Plan Rows": 9, "Plan Width": 58, "Inner Unique": false, "Join Filter": "(mi.movie_id = mc.movie_id)", "Plans": [{"Node Type": "Nested Loop", "Parent Relationship": "Outer", "Join Type": "Inner", "Startup Cost": 20000000000.0, "Total Cost": 2000114970811.54, "Plan Rows": 4, "Plan Width": 46, "Inner Unique": true, "Join Filter": "(it1.id = mi.info_type_id)", "Plans": [{"Node Type": "Index Scan", "Parent Relationship": "Outer", "Scan Direction": "Forward", "Index Name": "movie_id_movie_info", "Relation Name": "movie_info", "Alias": "mi", "Startup Cost": 10000000000.0, "Total Cost": 1000114969386.72, "Plan Rows": 255, "Plan Width": 50, "Filter": "((info IS NOT NULL) AND ((note)::text ~~ '%internet%'::text) AND (((info)::text ~~ 'USA:% 199%'::text) OR ((info)::text ~~ 'USA:% 200%'::text)))"}, {"Node Type": "Materialize", "Parent Relationship": "Inner", "Startup Cost": 10000000000.0, "Total Cost": 1000000001421.0, "Plan Rows": 1, "Plan Width": 4, "Plans": [{"Node Type": "Index Scan", "Parent Relationship": "Outer", "Scan Direction": "Forward", "Index Name": "info_type_pkey", "Relation Name": "info_type", "Alias": "it1", "Startup Cost": 10000000000.0, "Total Cost": 1000000001421.0, "Plan Rows": 1, "Plan Width": 4, "Filter": "((info)::text = 'release dates'::text)"}]}]}, {"Node Type": "Materialize", "Parent Relationship": "Inner", "Startup Cost": 10000000000.0, "Total Cost": 1000009331262.64, "Plan Rows": 2609128, "Plan Width": 12, "Plans": [{"Node Type": "Index Scan", "Parent Relationship": "Outer", "Scan Direction": "Forward", "Index Name": "company_type_id_movie_companies", "Relation Name": "movie_companies", "Alias": "mc", "Startup Cost": 10000000000.0, "Total Cost": 1000009318217.0, "Plan Rows": 2609128, "Plan Width": 12}]}]}, {"Node Type": "Materialize", "Parent Relationship": "Inner", "Startup Cost": 10000000000.0, "Total Cost": 1000000001229.52, "Plan Rows": 3, "Plan Width": 4, "Plans": [{"Node Type": "Index Scan", "Parent Relationship": "Outer", "Scan Direction": "Forward", "Index Name": "company_type_pkey", "Relation Name": "company_type", "Alias": "ct", "Startup Cost": 10000000000.0, "Total Cost": 1000000001229.5, "Plan Rows": 3, "Plan Width": 4}]}]}, {"Node Type": "Materialize", "Parent Relationship": "Inner", "Startup Cost": 10000000000.0, "Total Cost": 1000001050564.82, "Plan Rows": 85170, "Plan Width": 4, "Plans": [{"Node Type": "Index Scan", "Parent Relationship": "Outer", "Scan Direction": "Forward", "Index Name": "company_name_pkey", "Relation Name": "company_name", "Alias": "cn", "Startup Cost": 10000000000.0, "Total Cost": 1000001050138.97, "Plan Rows": 85170, "Plan Width": 4, "Filter": "((country_code)::text = '[us]'::text)"}]}]}]}]}]}]}, {"Node Type": "Materialize", "Parent Relationship": "Inner", "Startup Cost": 10000000000.0, "Total Cost": 1000000285400.28, "Plan Rows": 134169, "Plan Width": 4, "Plans": [{"Node Type": "Index Scan", "Parent Relationship": "Outer", "Scan Direction": "Forward", "Index Name": "keyword_pkey", "Relation Name": "keyword", "Alias": "k", "Startup Cost": 10000000000.0, "Total Cost": 1000000284729.43, "Plan Rows": 134169, "Plan Width": 4}]}]}]}]}]}, "Unique SQL Id": 2846462052}, "explain_analyze_plan": null}, "(64, 0)": {"explain_plan": {"Plan": {"Node Type": "Aggregate", "Strategy": "Plain", "Startup Cost": 69473.89, "Total Cost": 69473.9, "Plan Rows": 1, "Plan Width": 123, "Plans": [{"Node Type": "Nested Loop", "Parent Relationship": "Outer", "Join Type": "Inner", "Startup Cost": 0.0, "Total Cost": 69473.22, "Plan Rows": 134, "Plan Width": 59, "Inner Unique": true, "Plans": [{"Node Type": "Nested Loop", "Parent Relationship": "Outer", "Join Type": "Inner", "Startup Cost": 0.0, "Total Cost": 69435.7, "Plan Rows": 134, "Plan Width": 63, "Inner Unique": false, "Join Filter": "(t.id = mk.movie_id)", "Plans": [{"Node Type": "Nested Loop", "Parent Relationship": "Outer", "Join Type": "Inner", "Startup Cost": 0.0, "Total Cost": 69426.14, "Plan Rows": 17, "Plan Width": 75, "Inner Unique": true, "Join Filter": "(at.movie_id = t.id)", "Plans": [{"Node Type": "Nested Loop", "Parent Relationship": "Outer", "Join Type": "Inner", "Startup Cost": 0.0, "Total Cost": 69421.91, "Plan Rows": 12, "Plan Width": 54, "Inner Unique": true, "Join Filter": "(mc.company_type_id = ct.id)", "Plans": [{"Node Type": "Nested Loop", "Parent Relationship": "Outer", "Join Type": "Inner", "Startup Cost": 0.0, "Total Cost": 69420.33, "Plan Rows": 12, "Plan Width": 58, "Inner Unique": true, "Plans": [{"Node Type": "Nested Loop", "Parent Relationship": "Outer", "Join Type": "Inner", "Startup Cost": 0.0, "Total Cost": 69414.58, "Plan Rows": 20, "Plan Width": 62, "Inner Unique": false, "Plans": [{"Node Type": "Nested Loop", "Parent Relationship": "Outer", "Join Type": "Inner", "Startup Cost": 0.0, "Total Cost": 69409.27, "Plan Rows": 9, "Plan Width": 50, "Inner Unique": false, "Plans": [{"Node Type": "Nested Loop", "Parent Relationship": "Outer", "Join Type": "Inner", "Startup Cost": 0.0, "Total Cost": 69393.85, "Plan Rows": 4, "Plan Width": 46, "Inner Unique": false, "Join Filter": "(it1.id = mi.info_type_id)", "Plans": [{"Node Type": "Seq Scan", "Parent Relationship": "Outer", "Relation Name": "info_type", "Alias": "it1", "Startup Cost": 0.0, "Total Cost": 2.4, "Plan Rows": 1, "Plan Width": 4, "Filter": "((info)::text = 'release dates'::text)"}, {"Node Type": "Materialize", "Parent Relationship": "Inner", "Startup Cost": 0.0, "Total Cost": 69388.9, "Plan Rows": 255, "Plan Width": 50, "Plans": [{"Node Type": "Streaming(type: LOCAL GATHER dop: 1/64)", "Parent Relationship": "Outer", "Startup Cost": 0.0, "Total Cost": 69388.27, "Plan Rows": 255, "Plan Width": 50, "Plans": [{"Node Type": "Seq Scan", "Parent Relationship": "Outer", "Relation Name": "movie_info", "Alias": "mi", "Startup Cost": 0.0, "Total Cost": 69383.01, "Plan Rows": 255, "Plan Width": 50, "Filter": "((info IS NOT NULL) AND ((note)::text ~~ '%internet%'::text) AND (((info)::text ~~ 'USA:% 199%'::text) OR ((info)::text ~~ 'USA:% 200%'::text)))"}]}]}]}, {"Node Type": "Index Only Scan", "Parent Relationship": "Inner", "Scan Direction": "Forward", "Index Name": "movie_id_aka_title", "Relation Name": "aka_title", "Alias": "at", "Startup Cost": 0.0, "Total Cost": 3.82, "Plan Rows": 3, "Plan Width": 4, "Index Cond": "(movie_id = mi.movie_id)"}]}, {"Node Type": "Index Scan", "Parent Relationship": "Inner", "Scan Direction": "Forward", "Index Name": "movie_id_movie_companies", "Relation Name": "movie_companies", "Alias": "mc", "Startup Cost": 0.0, "Total Cost": 0.57, "Plan Rows": 2, "Plan Width": 12, "Index Cond": "(movie_id = at.movie_id)"}]}, {"Node Type": "Index Scan", "Parent Relationship": "Inner", "Scan Direction": "Forward", "Index Name": "company_name_pkey", "Relation Name": "company_name", "Alias": "cn", "Startup Cost": 0.0, "Total Cost": 0.28, "Plan Rows": 1, "Plan Width": 4, "Index Cond": "(id = mc.company_id)", "Filter": "((country_code)::text = '[us]'::text)"}]}, {"Node Type": "Materialize", "Parent Relationship": "Inner", "Startup Cost": 0.0, "Total Cost": 1.04, "Plan Rows": 3, "Plan Width": 4, "Plans": [{"Node Type": "Seq Scan", "Parent Relationship": "Outer", "Relation Name": "company_type", "Alias": "ct", "Startup Cost": 0.0, "Total Cost": 1.03, "Plan Rows": 3, "Plan Width": 4}]}]}, {"Node Type": "Index Scan", "Parent Relationship": "Inner", "Scan Direction": "Forward", "Index Name": "title_pkey", "Relation Name": "title", "Alias": "t", "Startup Cost": 0.0, "Total Cost": 0.34, "Plan Rows": 1, "Plan Width": 21, "Index Cond": "(id = mc.movie_id)", "Filter": "(production_year > 1990)"}]}, {"Node Type": "Index Scan", "Parent Relationship": "Inner", "Scan Direction": "Forward", "Index Name": "movie_id_movie_keyword", "Relation Name": "movie_keyword", "Alias": "mk", "Startup Cost": 0.0, "Total Cost": 0.46, "Plan Rows": 8, "Plan Width": 8, "Index Cond": "(movie_id = mc.movie_id)"}]}, {"Node Type": "Index Only Scan", "Parent Relationship": "Inner", "Scan Direction": "Forward", "Index Name": "keyword_pkey", "Relation Name": "keyword", "Alias": "k", "Startup Cost": 0.0, "Total Cost": 0.27, "Plan Rows": 1, "Plan Width": 4, "Index Cond": "(id = mk.keyword_id)"}]}]}, "Unique SQL Id": 2846462052}, "explain_analyze_plan": {"Plan": {"Node Type": "Aggregate", "Strategy": "Plain", "Startup Cost": 69473.89, "Total Cost": 69473.9, "Plan Rows": 1, "Plan Width": 123, "Actual Min Startup Time": 329.122, "Actual Max Startup Time": 329.122, "Actual Min Total Time": 329.122, "Actual Max Total Time": 329.122, "Actual Total Rows": 1, "Plans": [{"Node Type": "Nested Loop", "Parent Relationship": "Outer", "Join Type": "Inner", "Startup Cost": 0.0, "Total Cost": 69473.22, "Plan Rows": 134, "Plan Width": 59, "Actual Min Startup Time": 310.359, "Actual Max Startup Time": 310.359, "Actual Min Total Time": 328.303, "Actual Max Total Time": 328.303, "Actual Total Rows": 1140, "Inner Unique": true, "Plans": [{"Node Type": "Nested Loop", "Parent Relationship": "Outer", "Join Type": "Inner", "Startup Cost": 0.0, "Total Cost": 69435.7, "Plan Rows": 134, "Plan Width": 63, "Actual Min Startup Time": 310.337, "Actual Max Startup Time": 310.337, "Actual Min Total Time": 324.152, "Actual Max Total Time": 324.152, "Actual Total Rows": 1140, "Inner Unique": false, "Join Filter": "(t.id = mk.movie_id)", "Rows Removed by Join Filter": 0, "Plans": [{"Node Type": "Nested Loop", "Parent Relationship": "Outer", "Join Type": "Inner", "Startup Cost": 0.0, "Total Cost": 69426.14, "Plan Rows": 17, "Plan Width": 75, "Actual Min Startup Time": 310.307, "Actual Max Startup Time": 310.307, "Actual Min Total Time": 322.176, "Actual Max Total Time": 322.176, "Actual Total Rows": 119, "Inner Unique": true, "Join Filter": "(at.movie_id = t.id)", "Rows Removed by Join Filter": 0, "Plans": [{"Node Type": "Nested Loop", "Parent Relationship": "Outer", "Join Type": "Inner", "Startup Cost": 0.0, "Total Cost": 69421.91, "Plan Rows": 12, "Plan Width": 54, "Actual Min Startup Time": 310.271, "Actual Max Startup Time": 310.271, "Actual Min Total Time": 321.214, "Actual Max Total Time": 321.214, "Actual Total Rows": 119, "Inner Unique": true, "Join Filter": "(mc.company_type_id = ct.id)", "Rows Removed by Join Filter": 495, "Plans": [{"Node Type": "Nested Loop", "Parent Relationship": "Outer", "Join Type": "Inner", "Startup Cost": 0.0, "Total Cost": 69420.33, "Plan Rows": 12, "Plan Width": 58, "Actual Min Startup Time": 310.163, "Actual Max Startup Time": 310.163, "Actual Min Total Time": 320.875, "Actual Max Total Time": 320.875, "Actual Total Rows": 284, "Inner Unique": true, "Plans": [{"Node Type": "Nested Loop", "Parent Relationship": "Outer", "Join Type": "Inner", "Startup Cost": 0.0, "Total Cost": 69414.58, "Plan Rows": 20, "Plan Width": 62, "Actual Min Startup Time": 310.11, "Actual Max Startup Time": 310.11, "Actual Min Total Time": 318.47, "Actual Max Total Time": 318.47, "Actual Total Rows": 400, "Inner Unique": false, "Plans": [{"Node Type": "Nested Loop", "Parent Relationship": "Outer", "Join Type": "Inner", "Startup Cost": 0.0, "Total Cost": 69409.27, "Plan Rows": 9, "Plan Width": 50, "Actual Min Startup Time": 310.087, "Actual Max Startup Time": 310.087, "Actual Min Total Time": 317.242, "Actual Max Total Time": 317.242, "Actual Total Rows": 120, "Inner Unique": false, "Plans": [{"Node Type": "Nested Loop", "Parent Relationship": "Outer", "Join Type": "Inner", "Startup Cost": 0.0, "Total Cost": 69393.85, "Plan Rows": 4, "Plan Width": 46, "Actual Min Startup Time": 310.014, "Actual Max Startup Time": 310.014, "Actual Min Total Time": 311.058, "Actual Max Total Time": 311.058, "Actual Total Rows": 1783, "Inner Unique": false, "Join Filter": "(it1.id = mi.info_type_id)", "Rows Removed by Join Filter": 0, "Plans": [{"Node Type": "Seq Scan", "Parent Relationship": "Outer", "Relation Name": "info_type", "Alias": "it1", "Startup Cost": 0.0, "Total Cost": 2.4, "Plan Rows": 1, "Plan Width": 4, "Actual Min Startup Time": 0.082, "Actual Max Startup Time": 0.082, "Actual Min Total Time": 0.105, "Actual Max Total Time": 0.105, "Actual Total Rows": 1, "Filter": "((info)::text = 'release dates'::text)", "Rows Removed by Filter": 111}, {"Node Type": "Materialize", "Parent Relationship": "Inner", "Startup Cost": 0.0, "Total Cost": 69388.9, "Plan Rows": 255, "Plan Width": 50, "Actual Min Startup Time": 309.89, "Actual Max Startup Time": 309.89, "Actual Min Total Time": 310.134, "Actual Max Total Time": 310.134, "Actual Total Rows": 1784, "Plans": [{"Node Type": "Streaming(type: LOCAL GATHER dop: 1/64)", "Parent Relationship": "Outer", "Startup Cost": 0.0, "Total Cost": 69388.27, "Plan Rows": 255, "Plan Width": 50, "Actual Min Startup Time": 216.449, "Actual Max Startup Time": 216.449, "Actual Min Total Time": 309.395, "Actual Max Total Time": 309.395, "Actual Total Rows": 1783, "Plans": [{"Node Type": "Seq Scan", "Parent Relationship": "Outer", "Relation Name": "movie_info", "Alias": "mi", "Startup Cost": 0.0, "Total Cost": 69383.01, "Plan Rows": 255, "Plan Width": 50, "Actual Min Startup Time": 20.989, "Actual Max Startup Time": 61.611, "Actual Min Total Time": 73.619, "Actual Max Total Time": 119.612, "Actual Total Rows": 1783, "Filter": "((info IS NOT NULL) AND ((note)::text ~~ '%internet%'::text) AND (((info)::text ~~ 'USA:% 199%'::text) OR ((info)::text ~~ 'USA:% 200%'::text)))", "Rows Removed by Filter": 14833936}]}]}]}, {"Node Type": "Index Only Scan", "Parent Relationship": "Inner", "Scan Direction": "Forward", "Index Name": "movie_id_aka_title", "Relation Name": "aka_title", "Alias": "at", "Startup Cost": 0.0, "Total Cost": 3.82, "Plan Rows": 3, "Plan Width": 4, "Actual Min Startup Time": 5.304, "Actual Max Startup Time": 5.304, "Actual Min Total Time": 5.342, "Actual Max Total Time": 5.342, "Actual Total Rows": 120, "Index Cond": "(movie_id = mi.movie_id)", "Rows Removed by Index Recheck": 0, "Heap Fetches": 0}]}, {"Node Type": "Index Scan", "Parent Relationship": "Inner", "Scan Direction": "Forward", "Index Name": "movie_id_movie_companies", "Relation Name": "movie_companies", "Alias": "mc", "Startup Cost": 0.0, "Total Cost": 0.57, "Plan Rows": 2, "Plan Width": 12, "Actual Min Startup Time": 0.749, "Actual Max Startup Time": 0.749, "Actual Min Total Time": 1.063, "Actual Max Total Time": 1.063, "Actual Total Rows": 400, "Index Cond": "(movie_id = at.movie_id)", "Rows Removed by Index Recheck": 0}]}, {"Node Type": "Index Scan", "Parent Relationship": "Inner", "Scan Direction": "Forward", "Index Name": "company_name_pkey", "Relation Name": "company_name", "Alias": "cn", "Startup Cost": 0.0, "Total Cost": 0.28, "Plan Rows": 1, "Plan Width": 4, "Actual Min Startup Time": 2.07, "Actual Max Startup Time": 2.07, "Actual Min Total Time": 2.07, "Actual Max Total Time": 2.07, "Actual Total Rows": 284, "Index Cond": "(id = mc.company_id)", "Rows Removed by Index Recheck": 0, "Filter": "((country_code)::text = '[us]'::text)", "Rows Removed by Filter": 116}]}, {"Node Type": "Materialize", "Parent Relationship": "Inner", "Startup Cost": 0.0, "Total Cost": 1.04, "Plan Rows": 3, "Plan Width": 4, "Actual Min Startup Time": 0.05, "Actual Max Startup Time": 0.05, "Actual Min Total Time": 0.105, "Actual Max Total Time": 0.105, "Actual Total Rows": 614, "Plans": [{"Node Type": "Seq Scan", "Parent Relationship": "Outer", "Relation Name": "company_type", "Alias": "ct", "Startup Cost": 0.0, "Total Cost": 1.03, "Plan Rows": 3, "Plan Width": 4, "Actual Min Startup Time": 0.009, "Actual Max Startup Time": 0.009, "Actual Min Total Time": 0.011, "Actual Max Total Time": 0.011, "Actual Total Rows": 3}]}]}, {"Node Type": "Index Scan", "Parent Relationship": "Inner", "Scan Direction": "Forward", "Index Name": "title_pkey", "Relation Name": "title", "Alias": "t", "Startup Cost": 0.0, "Total Cost": 0.34, "Plan Rows": 1, "Plan Width": 21, "Actual Min Startup Time": 0.786, "Actual Max Startup Time": 0.786, "Actual Min Total Time": 0.786, "Actual Max Total Time": 0.786, "Actual Total Rows": 119, "Index Cond": "(id = mc.movie_id)", "Rows Removed by Index Recheck": 0, "Filter": "(production_year > 1990)", "Rows Removed by Filter": 0}]}, {"Node Type": "Index Scan", "Parent Relationship": "Inner", "Scan Direction": "Forward", "Index Name": "movie_id_movie_keyword", "Relation Name": "movie_keyword", "Alias": "mk", "Startup Cost": 0.0, "Total Cost": 0.46, "Plan Rows": 8, "Plan Width": 8, "Actual Min Startup Time": 0.885, "Actual Max Startup Time": 0.885, "Actual Min Total Time": 1.428, "Actual Max Total Time": 1.428, "Actual Total Rows": 1140, "Index Cond": "(movie_id = mc.movie_id)", "Rows Removed by Index Recheck": 0}]}, {"Node Type": "Index Only Scan", "Parent Relationship": "Inner", "Scan Direction": "Forward", "Index Name": "keyword_pkey", "Relation Name": "keyword", "Alias": "k", "Startup Cost": 0.0, "Total Cost": 0.27, "Plan Rows": 1, "Plan Width": 4, "Actual Min Startup Time": 3.358, "Actual Max Startup Time": 3.358, "Actual Min Total Time": 3.358, "Actual Max Total Time": 3.358, "Actual Total Rows": 1140, "Index Cond": "(id = mk.keyword_id)", "Rows Removed by Index Recheck": 0, "Heap Fetches": 0}]}]}, "Triggers": [], "Planner Runtime": 236.476, "Total Runtime": 342.383, "Unique SQL Id": 2846462052}}, "(64, 1)": {"explain_plan": {"Plan": {"Node Type": "Aggregate", "Strategy": "Plain", "Startup Cost": 165037.92, "Total Cost": 165037.93, "Plan Rows": 1, "Plan Width": 123, "Plans": [{"Node Type": "Nested Loop", "Parent Relationship": "Outer", "Join Type": "Inner", "Startup Cost": 4841.46, "Total Cost": 165037.25, "Plan Rows": 134, "Plan Width": 59, "Inner Unique": true, "Plans": [{"Node Type": "Nested Loop", "Parent Relationship": "Outer", "Join Type": "Inner", "Startup Cost": 4841.46, "Total Cost": 164999.73, "Plan Rows": 134, "Plan Width": 63, "Inner Unique": false, "Join Filter": "(t.id = mk.movie_id)", "Plans": [{"Node Type": "Nested Loop", "Parent Relationship": "Outer", "Join Type": "Inner", "Startup Cost": 4841.46, "Total Cost": 164990.17, "Plan Rows": 17, "Plan Width": 75, "Inner Unique": true, "Join Filter": "(at.movie_id = t.id)", "Plans": [{"Node Type": "Nested Loop", "Parent Relationship": "Outer", "Join Type": "Inner", "Startup Cost": 4841.46, "Total Cost": 164985.94, "Plan Rows": 12, "Plan Width": 54, "Inner Unique": true, "Plans": [{"Node Type": "Nested Loop", "Parent Relationship": "Outer", "Join Type": "Inner", "Startup Cost": 4841.46, "Total Cost": 164982.58, "Plan Rows": 12, "Plan Width": 58, "Inner Unique": true, "Plans": [{"Node Type": "Nested Loop", "Parent Relationship": "Outer", "Join Type": "Inner", "Startup Cost": 4841.46, "Total Cost": 164976.83, "Plan Rows": 20, "Plan Width": 62, "Inner Unique": false, "Plans": [{"Node Type": "Nested Loop", "Parent Relationship": "Outer", "Join Type": "Inner", "Startup Cost": 4841.46, "Total Cost": 164971.52, "Plan Rows": 9, "Plan Width": 50, "Inner Unique": false, "Plans": [{"Node Type": "Nested Loop", "Parent Relationship": "Outer", "Join Type": "Inner", "Startup Cost": 4841.46, "Total Cost": 164956.1, "Plan Rows": 4, "Plan Width": 46, "Inner Unique": false, "Plans": [{"Node Type": "Index Scan", "Parent Relationship": "Outer", "Scan Direction": "Forward", "Index Name": "info_type_pkey", "Relation Name": "info_type", "Alias": "it1", "Startup Cost": 0.0, "Total Cost": 14.21, "Plan Rows": 1, "Plan Width": 4, "Filter": "((info)::text = 'release dates'::text)"}, {"Node Type": "Bitmap Heap Scan", "Parent Relationship": "Inner", "Relation Name": "movie_info", "Alias": "mi", "Startup Cost": 4841.46, "Total Cost": 164941.85, "Plan Rows": 4, "Plan Width": 50, "Recheck Cond": "(info_type_id = it1.id)", "Filter": "((info IS NOT NULL) AND ((note)::text ~~ '%internet%'::text) AND (((info)::text ~~ 'USA:% 199%'::text) OR ((info)::text ~~ 'USA:% 200%'::text)))", "Plans": [{"Node Type": "Bitmap Index Scan", "Parent Relationship": "Outer", "Index Name": "info_type_id_movie_info", "Startup Cost": 0.0, "Total Cost": 4841.46, "Plan Rows": 212428, "Plan Width": 0, "Index Cond": "(info_type_id = it1.id)"}]}]}, {"Node Type": "Index Only Scan", "Parent Relationship": "Inner", "Scan Direction": "Forward", "Index Name": "movie_id_aka_title", "Relation Name": "aka_title", "Alias": "at", "Startup Cost": 0.0, "Total Cost": 3.82, "Plan Rows": 3, "Plan Width": 4, "Index Cond": "(movie_id = mi.movie_id)"}]}, {"Node Type": "Index Scan", "Parent Relationship": "Inner", "Scan Direction": "Forward", "Index Name": "movie_id_movie_companies", "Relation Name": "movie_companies", "Alias": "mc", "Startup Cost": 0.0, "Total Cost": 0.57, "Plan Rows": 2, "Plan Width": 12, "Index Cond": "(movie_id = at.movie_id)"}]}, {"Node Type": "Index Scan", "Parent Relationship": "Inner", "Scan Direction": "Forward", "Index Name": "company_name_pkey", "Relation Name": "company_name", "Alias": "cn", "Startup Cost": 0.0, "Total Cost": 0.28, "Plan Rows": 1, "Plan Width": 4, "Index Cond": "(id = mc.company_id)", "Filter": "((country_code)::text = '[us]'::text)"}]}, {"Node Type": "Index Only Scan", "Parent Relationship": "Inner", "Scan Direction": "Forward", "Index Name": "company_type_pkey", "Relation Name": "company_type", "Alias": "ct", "Startup Cost": 0.0, "Total Cost": 0.27, "Plan Rows": 1, "Plan Width": 4, "Index Cond": "(id = mc.company_type_id)"}]}, {"Node Type": "Index Scan", "Parent Relationship": "Inner", "Scan Direction": "Forward", "Index Name": "title_pkey", "Relation Name": "title", "Alias": "t", "Startup Cost": 0.0, "Total Cost": 0.34, "Plan Rows": 1, "Plan Width": 21, "Index Cond": "(id = mc.movie_id)", "Filter": "(production_year > 1990)"}]}, {"Node Type": "Index Scan", "Parent Relationship": "Inner", "Scan Direction": "Forward", "Index Name": "movie_id_movie_keyword", "Relation Name": "movie_keyword", "Alias": "mk", "Startup Cost": 0.0, "Total Cost": 0.46, "Plan Rows": 8, "Plan Width": 8, "Index Cond": "(movie_id = mc.movie_id)"}]}, {"Node Type": "Index Only Scan", "Parent Relationship": "Inner", "Scan Direction": "Forward", "Index Name": "keyword_pkey", "Relation Name": "keyword", "Alias": "k", "Startup Cost": 0.0, "Total Cost": 0.27, "Plan Rows": 1, "Plan Width": 4, "Index Cond": "(id = mk.keyword_id)"}]}]}, "Unique SQL Id": 2846462052}, "explain_analyze_plan": null}, "(64, 2)": {"explain_plan": {"Plan": {"Node Type": "Aggregate", "Strategy": "Plain", "Startup Cost": 70470.25, "Total Cost": 70470.26, "Plan Rows": 1, "Plan Width": 123, "Plans": [{"Node Type": "Nested Loop", "Parent Relationship": "Outer", "Join Type": "Inner", "Startup Cost": 5.28, "Total Cost": 70469.58, "Plan Rows": 134, "Plan Width": 59, "Inner Unique": true, "Join Filter": "(at.movie_id = t.id)", "Plans": [{"Node Type": "Nested Loop", "Parent Relationship": "Outer", "Join Type": "Inner", "Startup Cost": 5.01, "Total Cost": 70053.12, "Plan Rows": 97, "Plan Width": 58, "Inner Unique": true, "Plans": [{"Node Type": "Nested Loop", "Parent Relationship": "Outer", "Join Type": "Inner", "Startup Cost": 4.75, "Total Cost": 69637.93, "Plan Rows": 97, "Plan Width": 62, "Inner Unique": false, "Join Filter": "(at.movie_id = mk.movie_id)", "Plans": [{"Node Type": "Nested Loop", "Parent Relationship": "Outer", "Join Type": "Inner", "Startup Cost": 4.42, "Total Cost": 69583.48, "Plan Rows": 12, "Plan Width": 54, "Inner Unique": true, "Join Filter": "(mc.company_type_id = ct.id)", "Plans": [{"Node Type": "Nested Loop", "Parent Relationship": "Outer", "Join Type": "Inner", "Startup Cost": 4.42, "Total Cost": 69581.9, "Plan Rows": 12, "Plan Width": 58, "Inner Unique": true, "Plans": [{"Node Type": "Nested Loop", "Parent Relationship": "Outer", "Join Type": "Inner", "Startup Cost": 4.16, "Total Cost": 69496.23, "Plan Rows": 20, "Plan Width": 62, "Inner Unique": false, "Plans": [{"Node Type": "Nested Loop", "Parent Relationship": "Outer", "Join Type": "Inner", "Startup Cost": 3.79, "Total Cost": 69456.49, "Plan Rows": 9, "Plan Width": 50, "Inner Unique": false, "Plans": [{"Node Type": "Nested Loop", "Parent Relationship": "Outer", "Join Type": "Inner", "Startup Cost": 0.0, "Total Cost": 69393.85, "Plan Rows": 4, "Plan Width": 46, "Inner Unique": false, "Join Filter": "(it1.id = mi.info_type_id)", "Plans": [{"Node Type": "Seq Scan", "Parent Relationship": "Outer", "Relation Name": "info_type", "Alias": "it1", "Startup Cost": 0.0, "Total Cost": 2.4, "Plan Rows": 1, "Plan Width": 4, "Filter": "((info)::text = 'release dates'::text)"}, {"Node Type": "Materialize", "Parent Relationship": "Inner", "Startup Cost": 0.0, "Total Cost": 69388.9, "Plan Rows": 255, "Plan Width": 50, "Plans": [{"Node Type": "Streaming(type: LOCAL GATHER dop: 1/64)", "Parent Relationship": "Outer", "Startup Cost": 0.0, "Total Cost": 69388.27, "Plan Rows": 255, "Plan Width": 50, "Plans": [{"Node Type": "Seq Scan", "Parent Relationship": "Outer", "Relation Name": "movie_info", "Alias": "mi", "Startup Cost": 0.0, "Total Cost": 69383.01, "Plan Rows": 255, "Plan Width": 50, "Filter": "((info IS NOT NULL) AND ((note)::text ~~ '%internet%'::text) AND (((info)::text ~~ 'USA:% 199%'::text) OR ((info)::text ~~ 'USA:% 200%'::text)))"}]}]}]}, {"Node Type": "Bitmap Heap Scan", "Parent Relationship": "Inner", "Relation Name": "aka_title", "Alias": "at", "Startup Cost": 3.79, "Total Cost": 15.63, "Plan Rows": 3, "Plan Width": 4, "Recheck Cond": "(movie_id = mi.movie_id)", "Plans": [{"Node Type": "Bitmap Index Scan", "Parent Relationship": "Outer", "Index Name": "movie_id_aka_title", "Startup Cost": 0.0, "Total Cost": 3.79, "Plan Rows": 3, "Plan Width": 0, "Index Cond": "(movie_id = mi.movie_id)"}]}]}, {"Node Type": "Bitmap Heap Scan", "Parent Relationship": "Inner", "Relation Name": "movie_companies", "Alias": "mc", "Startup Cost": 0.37, "Total Cost": 4.4, "Plan Rows": 2, "Plan Width": 12, "Recheck Cond": "(movie_id = at.movie_id)", "Plans": [{"Node Type": "Bitmap Index Scan", "Parent Relationship": "Outer", "Index Name": "movie_id_movie_companies", "Startup Cost": 0.0, "Total Cost": 0.37, "Plan Rows": 2, "Plan Width": 0, "Index Cond": "(movie_id = at.movie_id)"}]}]}, {"Node Type": "Bitmap Heap Scan", "Parent Relationship": "Inner", "Relation Name": "company_name", "Alias": "cn", "Startup Cost": 0.26, "Total Cost": 4.27, "Plan Rows": 1, "Plan Width": 4, "Recheck Cond": "(id = mc.company_id)", "Filter": "((country_code)::text = '[us]'::text)", "Plans": [{"Node Type": "Bitmap Index Scan", "Parent Relationship": "Outer", "Index Name": "company_name_pkey", "Startup Cost": 0.0, "Total Cost": 0.26, "Plan Rows": 1, "Plan Width": 0, "Index Cond": "(id = mc.company_id)"}]}]}, {"Node Type": "Materialize", "Parent Relationship": "Inner", "Startup Cost": 0.0, "Total Cost": 1.04, "Plan Rows": 3, "Plan Width": 4, "Plans": [{"Node Type": "Seq Scan", "Parent Relationship": "Outer", "Relation Name": "company_type", "Alias": "ct", "Startup Cost": 0.0, "Total Cost": 1.03, "Plan Rows": 3, "Plan Width": 4}]}]}, {"Node Type": "Bitmap Heap Scan", "Parent Relationship": "Inner", "Relation Name": "movie_keyword", "Alias": "mk", "Startup Cost": 0.34, "Total Cost": 4.44, "Plan Rows": 8, "Plan Width": 8, "Recheck Cond": "(movie_id = mc.movie_id)", "Plans": [{"Node Type": "Bitmap Index Scan", "Parent Relationship": "Outer", "Index Name": "movie_id_movie_keyword", "Startup Cost": 0.0, "Total Cost": 0.34, "Plan Rows": 8, "Plan Width": 0, "Index Cond": "(movie_id = mc.movie_id)"}]}]}, {"Node Type": "Bitmap Heap Scan", "Parent Relationship": "Inner", "Relation Name": "keyword", "Alias": "k", "Startup Cost": 0.26, "Total Cost": 4.27, "Plan Rows": 1, "Plan Width": 4, "Recheck Cond": "(id = mk.keyword_id)", "Plans": [{"Node Type": "Bitmap Index Scan", "Parent Relationship": "Outer", "Index Name": "keyword_pkey", "Startup Cost": 0.0, "Total Cost": 0.26, "Plan Rows": 1, "Plan Width": 0, "Index Cond": "(id = mk.keyword_id)"}]}]}, {"Node Type": "Bitmap Heap Scan", "Parent Relationship": "Inner", "Relation Name": "title", "Alias": "t", "Startup Cost": 0.27, "Total Cost": 4.28, "Plan Rows": 1, "Plan Width": 21, "Recheck Cond": "(id = mk.movie_id)", "Filter": "(production_year > 1990)", "Plans": [{"Node Type": "Bitmap Index Scan", "Parent Relationship": "Outer", "Index Name": "title_pkey", "Startup Cost": 0.0, "Total Cost": 0.27, "Plan Rows": 1, "Plan Width": 0, "Index Cond": "(id = mk.movie_id)"}]}]}]}, "Unique SQL Id": 2846462052}, "explain_analyze_plan": {"Plan": {"Node Type": "Aggregate", "Strategy": "Plain", "Startup Cost": 70470.25, "Total Cost": 70470.26, "Plan Rows": 1, "Plan Width": 123, "Actual Min Startup Time": 229.575, "Actual Max Startup Time": 229.575, "Actual Min Total Time": 229.576, "Actual Max Total Time": 229.576, "Actual Total Rows": 1, "Plans": [{"Node Type": "Nested Loop", "Parent Relationship": "Outer", "Join Type": "Inner", "Startup Cost": 5.28, "Total Cost": 70469.58, "Plan Rows": 134, "Plan Width": 59, "Actual Min Startup Time": 199.555, "Actual Max Startup Time": 199.555, "Actual Min Total Time": 228.678, "Actual Max Total Time": 228.678, "Actual Total Rows": 1140, "Inner Unique": true, "Join Filter": "(at.movie_id = t.id)", "Rows Removed by Join Filter": 0, "Plans": [{"Node Type": "Nested Loop", "Parent Relationship": "Outer", "Join Type": "Inner", "Startup Cost": 5.01, "Total Cost": 70053.12, "Plan Rows": 97, "Plan Width": 58, "Actual Min Startup Time": 199.528, "Actual Max Startup Time": 199.528, "Actual Min Total Time": 222.365, "Actual Max Total Time": 222.365, "Actual Total Rows": 1140, "Inner Unique": true, "Plans": [{"Node Type": "Nested Loop", "Parent Relationship": "Outer", "Join Type": "Inner", "Startup Cost": 4.75, "Total Cost": 69637.93, "Plan Rows": 97, "Plan Width": 62, "Actual Min Startup Time": 199.509, "Actual Max Startup Time": 199.509, "Actual Min Total Time": 215.663, "Actual Max Total Time": 215.663, "Actual Total Rows": 1140, "Inner Unique": false, "Join Filter": "(at.movie_id = mk.movie_id)", "Rows Removed by Join Filter": 0, "Plans": [{"Node Type": "Nested Loop", "Parent Relationship": "Outer", "Join Type": "Inner", "Startup Cost": 4.42, "Total Cost": 69583.48, "Plan Rows": 12, "Plan Width": 54, "Actual Min Startup Time": 199.483, "Actual Max Startup Time": 199.483, "Actual Min Total Time": 213.982, "Actual Max Total Time": 213.982, "Actual Total Rows": 119, "Inner Unique": true, "Join Filter": "(mc.company_type_id = ct.id)", "Rows Removed by Join Filter": 495, "Plans": [{"Node Type": "Nested Loop", "Parent Relationship": "Outer", "Join Type": "Inner", "Startup Cost": 4.42, "Total Cost": 69581.9, "Plan Rows": 12, "Plan Width": 58, "Actual Min Startup Time": 199.375, "Actual Max Startup Time": 199.375, "Actual Min Total Time": 213.651, "Actual Max Total Time": 213.651, "Actual Total Rows": 284, "Inner Unique": true, "Plans": [{"Node Type": "Nested Loop", "Parent Relationship": "Outer", "Join Type": "Inner", "Startup Cost": 4.16, "Total Cost": 69496.23, "Plan Rows": 20, "Plan Width": 62, "Actual Min Startup Time": 199.35, "Actual Max Startup Time": 199.35, "Actual Min Total Time": 211.003, "Actual Max Total Time": 211.003, "Actual Total Rows": 400, "Inner Unique": false, "Plans": [{"Node Type": "Nested Loop", "Parent Relationship": "Outer", "Join Type": "Inner", "Startup Cost": 3.79, "Total Cost": 69456.49, "Plan Rows": 9, "Plan Width": 50, "Actual Min Startup Time": 199.322, "Actual Max Startup Time": 199.322, "Actual Min Total Time": 209.358, "Actual Max Total Time": 209.358, "Actual Total Rows": 120, "Inner Unique": false, "Plans": [{"Node Type": "Nested Loop", "Parent Relationship": "Outer", "Join Type": "Inner", "Startup Cost": 0.0, "Total Cost": 69393.85, "Plan Rows": 4, "Plan Width": 46, "Actual Min Startup Time": 199.227, "Actual Max Startup Time": 199.227, "Actual Min Total Time": 200.32, "Actual Max Total Time": 200.32, "Actual Total Rows": 1783, "Inner Unique": false, "Join Filter": "(it1.id = mi.info_type_id)", "Rows Removed by Join Filter": 0, "Plans": [{"Node Type": "Seq Scan", "Parent Relationship": "Outer", "Relation Name": "info_type", "Alias": "it1", "Startup Cost": 0.0, "Total Cost": 2.4, "Plan Rows": 1, "Plan Width": 4, "Actual Min Startup Time": 0.044, "Actual Max Startup Time": 0.044, "Actual Min Total Time": 0.068, "Actual Max Total Time": 0.068, "Actual Total Rows": 1, "Filter": "((info)::text = 'release dates'::text)", "Rows Removed by Filter": 111}, {"Node Type": "Materialize", "Parent Relationship": "Inner", "Startup Cost": 0.0, "Total Cost": 69388.9, "Plan Rows": 255, "Plan Width": 50, "Actual Min Startup Time": 199.153, "Actual Max Startup Time": 199.153, "Actual Min Total Time": 199.413, "Actual Max Total Time": 199.413, "Actual Total Rows": 1784, "Plans": [{"Node Type": "Streaming(type: LOCAL GATHER dop: 1/64)", "Parent Relationship": "Outer", "Startup Cost": 0.0, "Total Cost": 69388.27, "Plan Rows": 255, "Plan Width": 50, "Actual Min Startup Time": 126.07, "Actual Max Startup Time": 126.07, "Actual Min Total Time": 198.804, "Actual Max Total Time": 198.804, "Actual Total Rows": 1783, "Plans": [{"Node Type": "Seq Scan", "Parent Relationship": "Outer", "Relation Name": "movie_info", "Alias": "mi", "Startup Cost": 0.0, "Total Cost": 69383.01, "Plan Rows": 255, "Plan Width": 50, "Actual Min Startup Time": 20.12, "Actual Max Startup Time": 45.214, "Actual Min Total Time": 71.613, "Actual Max Total Time": 109.296, "Actual Total Rows": 1783, "Filter": "((info IS NOT NULL) AND ((note)::text ~~ '%internet%'::text) AND (((info)::text ~~ 'USA:% 199%'::text) OR ((info)::text ~~ 'USA:% 200%'::text)))", "Rows Removed by Filter": 14833936}]}]}]}, {"Node Type": "Bitmap Heap Scan", "Parent Relationship": "Inner", "Relation Name": "aka_title", "Alias": "at", "Startup Cost": 3.79, "Total Cost": 15.63, "Plan Rows": 3, "Plan Width": 4, "Actual Min Startup Time": 7.106, "Actual Max Startup Time": 7.106, "Actual Min Total Time": 7.185, "Actual Max Total Time": 7.185, "Actual Total Rows": 120, "Recheck Cond": "(movie_id = mi.movie_id)", "Rows Removed by Index Recheck": 0, "Exact Heap Blocks": 120, "Lossy Heap Blocks": 120, "Plans": [{"Node Type": "Bitmap Index Scan", "Parent Relationship": "Outer", "Index Name": "movie_id_aka_title", "Startup Cost": 0.0, "Total Cost": 3.79, "Plan Rows": 3, "Plan Width": 0, "Actual Min Startup Time": 6.076, "Actual Max Startup Time": 6.076, "Actual Min Total Time": 6.076, "Actual Max Total Time": 6.076, "Actual Total Rows": 120, "Index Cond": "(movie_id = mi.movie_id)"}]}]}, {"Node Type": "Bitmap Heap Scan", "Parent Relationship": "Inner", "Relation Name": "movie_companies", "Alias": "mc", "Startup Cost": 0.37, "Total Cost": 4.4, "Plan Rows": 2, "Plan Width": 12, "Actual Min Startup Time": 1.14, "Actual Max Startup Time": 1.14, "Actual Min Total Time": 1.371, "Actual Max Total Time": 1.371, "Actual Total Rows": 400, "Recheck Cond": "(movie_id = at.movie_id)", "Rows Removed by Index Recheck": 0, "Exact Heap Blocks": 214, "Lossy Heap Blocks": 214, "Plans": [{"Node Type": "Bitmap Index Scan", "Parent Relationship": "Outer", "Index Name": "movie_id_movie_companies", "Startup Cost": 0.0, "Total Cost": 0.37, "Plan Rows": 2, "Plan Width": 0, "Actual Min Startup Time": 0.734, "Actual Max Startup Time": 0.734, "Actual Min Total Time": 0.734, "Actual Max Total Time": 0.734, "Actual Total Rows": 400, "Index Cond": "(movie_id = at.movie_id)"}]}]}, {"Node Type": "Bitmap Heap Scan", "Parent Relationship": "Inner", "Relation Name": "company_name", "Alias": "cn", "Startup Cost": 0.26, "Total Cost": 4.27, "Plan Rows": 1, "Plan Width": 4, "Actual Min Startup Time": 2.13, "Actual Max Startup Time": 2.13, "Actual Min Total Time": 2.13, "Actual Max Total Time": 2.13, "Actual Total Rows": 284, "Recheck Cond": "(id = mc.company_id)", "Rows Removed by Index Recheck": 0, "Filter": "((country_code)::text = '[us]'::text)", "Rows Removed by Filter": 116, "Exact Heap Blocks": 400, "Lossy Heap Blocks": 400, "Plans": [{"Node Type": "Bitmap Index Scan", "Parent Relationship": "Outer", "Index Name": "company_name_pkey", "Startup Cost": 0.0, "Total Cost": 0.26, "Plan Rows": 1, "Plan Width": 0, "Actual Min Startup Time": 1.24, "Actual Max Startup Time": 1.24, "Actual Min Total Time": 1.24, "Actual Max Total Time": 1.24, "Actual Total Rows": 400, "Index Cond": "(id = mc.company_id)"}]}]}, {"Node Type": "Materialize", "Parent Relationship": "Inner", "Startup Cost": 0.0, "Total Cost": 1.04, "Plan Rows": 3, "Plan Width": 4, "Actual Min Startup Time": 0.05, "Actual Max Startup Time": 0.05, "Actual Min Total Time": 0.1, "Actual Max Total Time": 0.1, "Actual Total Rows": 614, "Plans": [{"Node Type": "Seq Scan", "Parent Relationship": "Outer", "Relation Name": "company_type", "Alias": "ct", "Startup Cost": 0.0, "Total Cost": 1.03, "Plan Rows": 3, "Plan Width": 4, "Actual Min Startup Time": 0.007, "Actual Max Startup Time": 0.007, "Actual Min Total Time": 0.008, "Actual Max Total Time": 0.008, "Actual Total Rows": 3}]}]}, {"Node Type": "Bitmap Heap Scan", "Parent Relationship": "Inner", "Relation Name": "movie_keyword", "Alias": "mk", "Startup Cost": 0.34, "Total Cost": 4.44, "Plan Rows": 8, "Plan Width": 8, "Actual Min Startup Time": 0.913, "Actual Max Startup Time": 0.913, "Actual Min Total Time": 1.129, "Actual Max Total Time": 1.129, "Actual Total Rows": 1140, "Recheck Cond": "(movie_id = mc.movie_id)", "Rows Removed by Index Recheck": 0, "Exact Heap Blocks": 91, "Lossy Heap Blocks": 91, "Plans": [{"Node Type": "Bitmap Index Scan", "Parent Relationship": "Outer", "Index Name": "movie_id_movie_keyword", "Startup Cost": 0.0, "Total Cost": 0.34, "Plan Rows": 8, "Plan Width": 0, "Actual Min Startup Time": 0.585, "Actual Max Startup Time": 0.585, "Actual Min Total Time": 0.585, "Actual Max Total Time": 0.585, "Actual Total Rows": 1140, "Index Cond": "(movie_id = mc.movie_id)"}]}]}, {"Node Type": "Bitmap Heap Scan", "Parent Relationship": "Inner", "Relation Name": "keyword", "Alias": "k", "Startup Cost": 0.26, "Total Cost": 4.27, "Plan Rows": 1, "Plan Width": 4, "Actual Min Startup Time": 5.127, "Actual Max Startup Time": 5.127, "Actual Min Total Time": 5.127, "Actual Max Total Time": 5.127, "Actual Total Rows": 1140, "Recheck Cond": "(id = mk.keyword_id)", "Rows Removed by Index Recheck": 0, "Exact Heap Blocks": 1140, "Lossy Heap Blocks": 1140, "Plans": [{"Node Type": "Bitmap Index Scan", "Parent Relationship": "Outer", "Index Name": "keyword_pkey", "Startup Cost": 0.0, "Total Cost": 0.26, "Plan Rows": 1, "Plan Width": 0, "Actual Min Startup Time": 3.182, "Actual Max Startup Time": 3.182, "Actual Min Total Time": 3.182, "Actual Max Total Time": 3.182, "Actual Total Rows": 1140, "Index Cond": "(id = mk.keyword_id)"}]}]}, {"Node Type": "Bitmap Heap Scan", "Parent Relationship": "Inner", "Relation Name": "title", "Alias": "t", "Startup Cost": 0.27, "Total Cost": 4.28, "Plan Rows": 1, "Plan Width": 21, "Actual Min Startup Time": 4.642, "Actual Max Startup Time": 4.642, "Actual Min Total Time": 4.642, "Actual Max Total Time": 4.642, "Actual Total Rows": 1140, "Recheck Cond": "(id = mk.movie_id)", "Rows Removed by Index Recheck": 0, "Filter": "(production_year > 1990)", "Rows Removed by Filter": 0, "Exact Heap Blocks": 1140, "Lossy Heap Blocks": 1140, "Plans": [{"Node Type": "Bitmap Index Scan", "Parent Relationship": "Outer", "Index Name": "title_pkey", "Startup Cost": 0.0, "Total Cost": 0.27, "Plan Rows": 1, "Plan Width": 0, "Actual Min Startup Time": 2.827, "Actual Max Startup Time": 2.827, "Actual Min Total Time": 2.827, "Actual Max Total Time": 2.827, "Actual Total Rows": 1140, "Index Cond": "(id = mk.movie_id)"}]}]}]}, "Triggers": [], "Planner Runtime": 254.107, "Total Runtime": 241.211, "Unique SQL Id": 2846462052}}, "(64, 3)": {"explain_plan": {"Plan": {"Node Type": "Aggregate", "Strategy": "Plain", "Startup Cost": 166082.29, "Total Cost": 166082.3, "Plan Rows": 1, "Plan Width": 123, "Plans": [{"Node Type": "Nested Loop", "Parent Relationship": "Outer", "Join Type": "Inner", "Startup Cost": 4855.81, "Total Cost": 166081.62, "Plan Rows": 134, "Plan Width": 59, "Inner Unique": true, "Join Filter": "(at.movie_id = t.id)", "Plans": [{"Node Type": "Nested Loop", "Parent Relationship": "Outer", "Join Type": "Inner", "Startup Cost": 4855.54, "Total Cost": 165665.15, "Plan Rows": 97, "Plan Width": 58, "Inner Unique": true, "Plans": [{"Node Type": "Nested Loop", "Parent Relationship": "Outer", "Join Type": "Inner", "Startup Cost": 4855.28, "Total Cost": 165249.97, "Plan Rows": 97, "Plan Width": 62, "Inner Unique": false, "Join Filter": "(at.movie_id = mk.movie_id)", "Plans": [{"Node Type": "Nested Loop", "Parent Relationship": "Outer", "Join Type": "Inner", "Startup Cost": 4854.95, "Total Cost": 165195.51, "Plan Rows": 12, "Plan Width": 54, "Inner Unique": true, "Plans": [{"Node Type": "Nested Loop", "Parent Relationship": "Outer", "Join Type": "Inner", "Startup Cost": 4854.69, "Total Cost": 165144.15, "Plan Rows": 12, "Plan Width": 58, "Inner Unique": true, "Plans": [{"Node Type": "Nested Loop", "Parent Relationship": "Outer", "Join Type": "Inner", "Startup Cost": 4854.43, "Total Cost": 165058.48, "Plan Rows": 20, "Plan Width": 62, "Inner Unique": false, "Plans": [{"Node Type": "Nested Loop", "Parent Relationship": "Outer", "Join Type": "Inner", "Startup Cost": 4854.06, "Total Cost": 165018.73, "Plan Rows": 9, "Plan Width": 50, "Inner Unique": false, "Plans": [{"Node Type": "Nested Loop", "Parent Relationship": "Outer", "Join Type": "Inner", "Startup Cost": 4850.27, "Total Cost": 164956.1, "Plan Rows": 4, "Plan Width": 46, "Inner Unique": false, "Plans": [{"Node Type": "Bitmap Heap Scan", "Parent Relationship": "Outer", "Relation Name": "info_type", "Alias": "it1", "Startup Cost": 8.81, "Total Cost": 14.21, "Plan Rows": 1, "Plan Width": 4, "Filter": "((info)::text = 'release dates'::text)", "Plans": [{"Node Type": "Bitmap Index Scan", "Parent Relationship": "Outer", "Index Name": "info_type_pkey", "Startup Cost": 0.0, "Total Cost": 8.81, "Plan Rows": 112, "Plan Width": 0}]}, {"Node Type": "Bitmap Heap Scan", "Parent Relationship": "Inner", "Relation Name": "movie_info", "Alias": "mi", "Startup Cost": 4841.46, "Total Cost": 164941.85, "Plan Rows": 4, "Plan Width": 50, "Recheck Cond": "(info_type_id = it1.id)", "Filter": "((info IS NOT NULL) AND ((note)::text ~~ '%internet%'::text) AND (((info)::text ~~ 'USA:% 199%'::text) OR ((info)::text ~~ 'USA:% 200%'::text)))", "Plans": [{"Node Type": "Bitmap Index Scan", "Parent Relationship": "Outer", "Index Name": "info_type_id_movie_info", "Startup Cost": 0.0, "Total Cost": 4841.46, "Plan Rows": 212428, "Plan Width": 0, "Index Cond": "(info_type_id = it1.id)"}]}]}, {"Node Type": "Bitmap Heap Scan", "Parent Relationship": "Inner", "Relation Name": "aka_title", "Alias": "at", "Startup Cost": 3.79, "Total Cost": 15.63, "Plan Rows": 3, "Plan Width": 4, "Recheck Cond": "(movie_id = mi.movie_id)", "Plans": [{"Node Type": "Bitmap Index Scan", "Parent Relationship": "Outer", "Index Name": "movie_id_aka_title", "Startup Cost": 0.0, "Total Cost": 3.79, "Plan Rows": 3, "Plan Width": 0, "Index Cond": "(movie_id = mi.movie_id)"}]}]}, {"Node Type": "Bitmap Heap Scan", "Parent Relationship": "Inner", "Relation Name": "movie_companies", "Alias": "mc", "Startup Cost": 0.37, "Total Cost": 4.4, "Plan Rows": 2, "Plan Width": 12, "Recheck Cond": "(movie_id = at.movie_id)", "Plans": [{"Node Type": "Bitmap Index Scan", "Parent Relationship": "Outer", "Index Name": "movie_id_movie_companies", "Startup Cost": 0.0, "Total Cost": 0.37, "Plan Rows": 2, "Plan Width": 0, "Index Cond": "(movie_id = at.movie_id)"}]}]}, {"Node Type": "Bitmap Heap Scan", "Parent Relationship": "Inner", "Relation Name": "company_name", "Alias": "cn", "Startup Cost": 0.26, "Total Cost": 4.27, "Plan Rows": 1, "Plan Width": 4, "Recheck Cond": "(id = mc.company_id)", "Filter": "((country_code)::text = '[us]'::text)", "Plans": [{"Node Type": "Bitmap Index Scan", "Parent Relationship": "Outer", "Index Name": "company_name_pkey", "Startup Cost": 0.0, "Total Cost": 0.26, "Plan Rows": 1, "Plan Width": 0, "Index Cond": "(id = mc.company_id)"}]}]}, {"Node Type": "Bitmap Heap Scan", "Parent Relationship": "Inner", "Relation Name": "company_type", "Alias": "ct", "Startup Cost": 0.26, "Total Cost": 4.27, "Plan Rows": 1, "Plan Width": 4, "Recheck Cond": "(id = mc.company_type_id)", "Plans": [{"Node Type": "Bitmap Index Scan", "Parent Relationship": "Outer", "Index Name": "company_type_pkey", "Startup Cost": 0.0, "Total Cost": 0.26, "Plan Rows": 1, "Plan Width": 0, "Index Cond": "(id = mc.company_type_id)"}]}]}, {"Node Type": "Bitmap Heap Scan", "Parent Relationship": "Inner", "Relation Name": "movie_keyword", "Alias": "mk", "Startup Cost": 0.34, "Total Cost": 4.44, "Plan Rows": 8, "Plan Width": 8, "Recheck Cond": "(movie_id = mc.movie_id)", "Plans": [{"Node Type": "Bitmap Index Scan", "Parent Relationship": "Outer", "Index Name": "movie_id_movie_keyword", "Startup Cost": 0.0, "Total Cost": 0.34, "Plan Rows": 8, "Plan Width": 0, "Index Cond": "(movie_id = mc.movie_id)"}]}]}, {"Node Type": "Bitmap Heap Scan", "Parent Relationship": "Inner", "Relation Name": "keyword", "Alias": "k", "Startup Cost": 0.26, "Total Cost": 4.27, "Plan Rows": 1, "Plan Width": 4, "Recheck Cond": "(id = mk.keyword_id)", "Plans": [{"Node Type": "Bitmap Index Scan", "Parent Relationship": "Outer", "Index Name": "keyword_pkey", "Startup Cost": 0.0, "Total Cost": 0.26, "Plan Rows": 1, "Plan Width": 0, "Index Cond": "(id = mk.keyword_id)"}]}]}, {"Node Type": "Bitmap Heap Scan", "Parent Relationship": "Inner", "Relation Name": "title", "Alias": "t", "Startup Cost": 0.27, "Total Cost": 4.28, "Plan Rows": 1, "Plan Width": 21, "Recheck Cond": "(id = mk.movie_id)", "Filter": "(production_year > 1990)", "Plans": [{"Node Type": "Bitmap Index Scan", "Parent Relationship": "Outer", "Index Name": "title_pkey", "Startup Cost": 0.0, "Total Cost": 0.27, "Plan Rows": 1, "Plan Width": 0, "Index Cond": "(id = mk.movie_id)"}]}]}]}, "Unique SQL Id": 2846462052}, "explain_analyze_plan": null}, "(64, 4)": {"explain_plan": {"Plan": {"Node Type": "Aggregate", "Strategy": "Plain", "Startup Cost": 69485.15, "Total Cost": 69485.16, "Plan Rows": 1, "Plan Width": 123, "Plans": [{"Node Type": "Nested Loop", "Parent Relationship": "Outer", "Join Type": "Inner", "Startup Cost": 0.0, "Total Cost": 69484.48, "Plan Rows": 134, "Plan Width": 59, "Inner Unique": true, "Plans": [{"Node Type": "Nested Loop", "Parent Relationship": "Outer", "Join Type": "Inner", "Startup Cost": 0.0, "Total Cost": 69446.87, "Plan Rows": 134, "Plan Width": 63, "Inner Unique": false, "Join Filter": "(t.id = mk.movie_id)", "Plans": [{"Node Type": "Nested Loop", "Parent Relationship": "Outer", "Join Type": "Inner", "Startup Cost": 0.0, "Total Cost": 69437.31, "Plan Rows": 17, "Plan Width": 75, "Inner Unique": false, "Plans": [{"Node Type": "Nested Loop", "Parent Relationship": "Outer", "Join Type": "Inner", "Startup Cost": 0.0, "Total Cost": 69433.75, "Plan Rows": 10, "Plan Width": 71, "Inner Unique": true, "Plans": [{"Node Type": "Nested Loop", "Parent Relationship": "Outer", "Join Type": "Inner", "Startup Cost": 0.0, "Total Cost": 69430.58, "Plan Rows": 11, "Plan Width": 75, "Inner Unique": true, "Join Filter": "(mc.company_type_id = ct.id)", "Plans": [{"Node Type": "Nested Loop", "Parent Relationship": "Outer", "Join Type": "Inner", "Startup Cost": 0.0, "Total Cost": 69429.0, "Plan Rows": 12, "Plan Width": 79, "Inner Unique": false, "Plans": [{"Node Type": "Nested Loop", "Parent Relationship": "Outer", "Join Type": "Inner", "Startup Cost": 0.0, "Total Cost": 69426.8, "Plan Rows": 6, "Plan Width": 67, "Inner Unique": true, "Plans": [{"Node Type": "Nested Loop", "Parent Relationship": "Outer", "Join Type": "Inner", "Startup Cost": 0.0, "Total Cost": 69393.85, "Plan Rows": 4, "Plan Width": 46, "Inner Unique": false, "Join Filter": "(it1.id = mi.info_type_id)", "Plans": [{"Node Type": "Seq Scan", "Parent Relationship": "Outer", "Relation Name": "info_type", "Alias": "it1", "Startup Cost": 0.0, "Total Cost": 2.4, "Plan Rows": 1, "Plan Width": 4, "Filter": "((info)::text = 'release dates'::text)"}, {"Node Type": "Materialize", "Parent Relationship": "Inner", "Startup Cost": 0.0, "Total Cost": 69388.9, "Plan Rows": 255, "Plan Width": 50, "Plans": [{"Node Type": "Streaming(type: LOCAL GATHER dop: 1/64)", "Parent Relationship": "Outer", "Startup Cost": 0.0, "Total Cost": 69388.27, "Plan Rows": 255, "Plan Width": 50, "Plans": [{"Node Type": "Seq Scan", "Parent Relationship": "Outer", "Relation Name": "movie_info", "Alias": "mi", "Startup Cost": 0.0, "Total Cost": 69383.01, "Plan Rows": 255, "Plan Width": 50, "Filter": "((info IS NOT NULL) AND ((note)::text ~~ '%internet%'::text) AND (((info)::text ~~ 'USA:% 199%'::text) OR ((info)::text ~~ 'USA:% 200%'::text)))"}]}]}]}, {"Node Type": "Index Scan", "Parent Relationship": "Inner", "Scan Direction": "Forward", "Index Name": "title_pkey", "Relation Name": "title", "Alias": "t", "Startup Cost": 0.0, "Total Cost": 8.23, "Plan Rows": 1, "Plan Width": 21, "Index Cond": "(id = mi.movie_id)", "Filter": "(production_year > 1990)"}]}, {"Node Type": "Index Scan", "Parent Relationship": "Inner", "Scan Direction": "Forward", "Index Name": "movie_id_movie_companies", "Relation Name": "movie_companies", "Alias": "mc", "Startup Cost": 0.0, "Total Cost": 0.35, "Plan Rows": 2, "Plan Width": 12, "Index Cond": "(movie_id = t.id)"}]}, {"Node Type": "Materialize", "Parent Relationship": "Inner", "Startup Cost": 0.0, "Total Cost": 1.04, "Plan Rows": 3, "Plan Width": 4, "Plans": [{"Node Type": "Seq Scan", "Parent Relationship": "Outer", "Relation Name": "company_type", "Alias": "ct", "Startup Cost": 0.0, "Total Cost": 1.03, "Plan Rows": 3, "Plan Width": 4}]}]}, {"Node Type": "Index Scan", "Parent Relationship": "Inner", "Scan Direction": "Forward", "Index Name": "company_name_pkey", "Relation Name": "company_name", "Alias": "cn", "Startup Cost": 0.0, "Total Cost": 0.28, "Plan Rows": 1, "Plan Width": 4, "Index Cond": "(id = mc.company_id)", "Filter": "((country_code)::text = '[us]'::text)"}]}, {"Node Type": "Index Scan", "Parent Relationship": "Inner", "Scan Direction": "Forward", "Index Name": "movie_id_aka_title", "Relation Name": "aka_title", "Alias": "at", "Startup Cost": 0.0, "Total Cost": 0.33, "Plan Rows": 3, "Plan Width": 4, "Index Cond": "(movie_id = t.id)"}]}, {"Node Type": "Index Scan", "Parent Relationship": "Inner", "Scan Direction": "Forward", "Index Name": "movie_id_movie_keyword", "Relation Name": "movie_keyword", "Alias": "mk", "Startup Cost": 0.0, "Total Cost": 0.46, "Plan Rows": 8, "Plan Width": 8, "Index Cond": "(movie_id = mc.movie_id)"}]}, {"Node Type": "Index Scan", "Parent Relationship": "Inner", "Scan Direction": "Forward", "Index Name": "keyword_pkey", "Relation Name": "keyword", "Alias": "k", "Startup Cost": 0.0, "Total Cost": 0.27, "Plan Rows": 1, "Plan Width": 4, "Index Cond": "(id = mk.keyword_id)"}]}]}, "Unique SQL Id": 2846462052}, "explain_analyze_plan": {"Plan": {"Node Type": "Aggregate", "Strategy": "Plain", "Startup Cost": 69485.15, "Total Cost": 69485.16, "Plan Rows": 1, "Plan Width": 123, "Actual Min Startup Time": 253.36, "Actual Max Startup Time": 253.36, "Actual Min Total Time": 253.36, "Actual Max Total Time": 253.36, "Actual Total Rows": 1, "Plans": [{"Node Type": "Nested Loop", "Parent Relationship": "Outer", "Join Type": "Inner", "Startup Cost": 0.0, "Total Cost": 69484.48, "Plan Rows": 134, "Plan Width": 59, "Actual Min Startup Time": 203.657, "Actual Max Startup Time": 203.657, "Actual Min Total Time": 252.557, "Actual Max Total Time": 252.557, "Actual Total Rows": 1140, "Inner Unique": true, "Plans": [{"Node Type": "Nested Loop", "Parent Relationship": "Outer", "Join Type": "Inner", "Startup Cost": 0.0, "Total Cost": 69446.87, "Plan Rows": 134, "Plan Width": 63, "Actual Min Startup Time": 203.643, "Actual Max Startup Time": 203.643, "Actual Min Total Time": 247.626, "Actual Max Total Time": 247.626, "Actual Total Rows": 1140, "Inner Unique": false, "Join Filter": "(t.id = mk.movie_id)", "Rows Removed by Join Filter": 0, "Plans": [{"Node Type": "Nested Loop", "Parent Relationship": "Outer", "Join Type": "Inner", "Startup Cost": 0.0, "Total Cost": 69437.31, "Plan Rows": 17, "Plan Width": 75, "Actual Min Startup Time": 202.995, "Actual Max Startup Time": 202.995, "Actual Min Total Time": 245.966, "Actual Max Total Time": 245.966, "Actual Total Rows": 119, "Inner Unique": false, "Plans": [{"Node Type": "Nested Loop", "Parent Relationship": "Outer", "Join Type": "Inner", "Startup Cost": 0.0, "Total Cost": 69433.75, "Plan Rows": 10, "Plan Width": 71, "Actual Min Startup Time": 202.492, "Actual Max Startup Time": 202.492, "Actual Min Total Time": 239.711, "Actual Max Total Time": 239.711, "Actual Total Rows": 1488, "Inner Unique": true, "Plans": [{"Node Type": "Nested Loop", "Parent Relationship": "Outer", "Join Type": "Inner", "Startup Cost": 0.0, "Total Cost": 69430.58, "Plan Rows": 11, "Plan Width": 75, "Actual Min Startup Time": 202.471, "Actual Max Startup Time": 202.471, "Actual Min Total Time": 230.991, "Actual Max Total Time": 230.991, "Actual Total Rows": 1599, "Inner Unique": true, "Join Filter": "(mc.company_type_id = ct.id)", "Rows Removed by Join Filter": 3855, "Plans": [{"Node Type": "Nested Loop", "Parent Relationship": "Outer", "Join Type": "Inner", "Startup Cost": 0.0, "Total Cost": 69429.0, "Plan Rows": 12, "Plan Width": 79, "Actual Min Startup Time": 202.443, "Actual Max Startup Time": 202.443, "Actual Min Total Time": 228.477, "Actual Max Total Time": 228.477, "Actual Total Rows": 2884, "Inner Unique": false, "Plans": [{"Node Type": "Nested Loop", "Parent Relationship": "Outer", "Join Type": "Inner", "Startup Cost": 0.0, "Total Cost": 69426.8, "Plan Rows": 6, "Plan Width": 67, "Actual Min Startup Time": 202.407, "Actual Max Startup Time": 202.407, "Actual Min Total Time": 216.104, "Actual Max Total Time": 216.104, "Actual Total Rows": 1782, "Inner Unique": true, "Plans": [{"Node Type": "Nested Loop", "Parent Relationship": "Outer", "Join Type": "Inner", "Startup Cost": 0.0, "Total Cost": 69393.85, "Plan Rows": 4, "Plan Width": 46, "Actual Min Startup Time": 202.361, "Actual Max Startup Time": 202.361, "Actual Min Total Time": 203.487, "Actual Max Total Time": 203.487, "Actual Total Rows": 1783, "Inner Unique": false, "Join Filter": "(it1.id = mi.info_type_id)", "Rows Removed by Join Filter": 0, "Plans": [{"Node Type": "Seq Scan", "Parent Relationship": "Outer", "Relation Name": "info_type", "Alias": "it1", "Startup Cost": 0.0, "Total Cost": 2.4, "Plan Rows": 1, "Plan Width": 4, "Actual Min Startup Time": 0.057, "Actual Max Startup Time": 0.057, "Actual Min Total Time": 0.085, "Actual Max Total Time": 0.085, "Actual Total Rows": 1, "Filter": "((info)::text = 'release dates'::text)", "Rows Removed by Filter": 111}, {"Node Type": "Materialize", "Parent Relationship": "Inner", "Startup Cost": 0.0, "Total Cost": 69388.9, "Plan Rows": 255, "Plan Width": 50, "Actual Min Startup Time": 202.279, "Actual Max Startup Time": 202.279, "Actual Min Total Time": 202.596, "Actual Max Total Time": 202.596, "Actual Total Rows": 1784, "Plans": [{"Node Type": "Streaming(type: LOCAL GATHER dop: 1/64)", "Parent Relationship": "Outer", "Startup Cost": 0.0, "Total Cost": 69388.27, "Plan Rows": 255, "Plan Width": 50, "Actual Min Startup Time": 122.507, "Actual Max Startup Time": 122.507, "Actual Min Total Time": 201.922, "Actual Max Total Time": 201.922, "Actual Total Rows": 1783, "Plans": [{"Node Type": "Seq Scan", "Parent Relationship": "Outer", "Relation Name": "movie_info", "Alias": "mi", "Startup Cost": 0.0, "Total Cost": 69383.01, "Plan Rows": 255, "Plan Width": 50, "Actual Min Startup Time": 20.103, "Actual Max Startup Time": 64.6, "Actual Min Total Time": 71.825, "Actual Max Total Time": 115.944, "Actual Total Rows": 1783, "Filter": "((info IS NOT NULL) AND ((note)::text ~~ '%internet%'::text) AND (((info)::text ~~ 'USA:% 199%'::text) OR ((info)::text ~~ 'USA:% 200%'::text)))", "Rows Removed by Filter": 14833936}]}]}]}, {"Node Type": "Index Scan", "Parent Relationship": "Inner", "Scan Direction": "Forward", "Index Name": "title_pkey", "Relation Name": "title", "Alias": "t", "Startup Cost": 0.0, "Total Cost": 8.23, "Plan Rows": 1, "Plan Width": 21, "Actual Min Startup Time": 11.167, "Actual Max Startup Time": 11.167, "Actual Min Total Time": 11.167, "Actual Max Total Time": 11.167, "Actual Total Rows": 1782, "Index Cond": "(id = mi.movie_id)", "Rows Removed by Index Recheck": 0, "Filter": "(production_year > 1990)", "Rows Removed by Filter": 1}]}, {"Node Type": "Index Scan", "Parent Relationship": "Inner", "Scan Direction": "Forward", "Index Name": "movie_id_movie_companies", "Relation Name": "movie_companies", "Alias": "mc", "Startup Cost": 0.0, "Total Cost": 0.35, "Plan Rows": 2, "Plan Width": 12, "Actual Min Startup Time": 8.581, "Actual Max Startup Time": 8.581, "Actual Min Total Time": 10.708, "Actual Max Total Time": 10.708, "Actual Total Rows": 2884, "Index Cond": "(movie_id = t.id)", "Rows Removed by Index Recheck": 0}]}, {"Node Type": "Materialize", "Parent Relationship": "Inner", "Startup Cost": 0.0, "Total Cost": 1.04, "Plan Rows": 3, "Plan Width": 4, "Actual Min Startup Time": 0.264, "Actual Max Startup Time": 0.264, "Actual Min Total Time": 0.589, "Actual Max Total Time": 0.589, "Actual Total Rows": 5454, "Plans": [{"Node Type": "Seq Scan", "Parent Relationship": "Outer", "Relation Name": "company_type", "Alias": "ct", "Startup Cost": 0.0, "Total Cost": 1.03, "Plan Rows": 3, "Plan Width": 4, "Actual Min Startup Time": 0.007, "Actual Max Startup Time": 0.007, "Actual Min Total Time": 0.008, "Actual Max Total Time": 0.008, "Actual Total Rows": 3}]}]}, {"Node Type": "Index Scan", "Parent Relationship": "Inner", "Scan Direction": "Forward", "Index Name": "company_name_pkey", "Relation Name": "company_name", "Alias": "cn", "Startup Cost": 0.0, "Total Cost": 0.28, "Plan Rows": 1, "Plan Width": 4, "Actual Min Startup Time": 7.438, "Actual Max Startup Time": 7.438, "Actual Min Total Time": 7.438, "Actual Max Total Time": 7.438, "Actual Total Rows": 1488, "Index Cond": "(id = mc.company_id)", "Rows Removed by Index Recheck": 0, "Filter": "((country_code)::text = '[us]'::text)", "Rows Removed by Filter": 111}]}, {"Node Type": "Index Scan", "Parent Relationship": "Inner", "Scan Direction": "Forward", "Index Name": "movie_id_aka_title", "Relation Name": "aka_title", "Alias": "at", "Startup Cost": 0.0, "Total Cost": 0.33, "Plan Rows": 3, "Plan Width": 4, "Actual Min Startup Time": 5.302, "Actual Max Startup Time": 5.302, "Actual Min Total Time": 5.402, "Actual Max Total Time": 5.402, "Actual Total Rows": 119, "Index Cond": "(movie_id = t.id)", "Rows Removed by Index Recheck": 0}]}, {"Node Type": "Index Scan", "Parent Relationship": "Inner", "Scan Direction": "Forward", "Index Name": "movie_id_movie_keyword", "Relation Name": "movie_keyword", "Alias": "mk", "Startup Cost": 0.0, "Total Cost": 0.46, "Plan Rows": 8, "Plan Width": 8, "Actual Min Startup Time": 0.62, "Actual Max Startup Time": 0.62, "Actual Min Total Time": 1.134, "Actual Max Total Time": 1.134, "Actual Total Rows": 1140, "Index Cond": "(movie_id = mc.movie_id)", "Rows Removed by Index Recheck": 0}]}, {"Node Type": "Index Scan", "Parent Relationship": "Inner", "Scan Direction": "Forward", "Index Name": "keyword_pkey", "Relation Name": "keyword", "Alias": "k", "Startup Cost": 0.0, "Total Cost": 0.27, "Plan Rows": 1, "Plan Width": 4, "Actual Min Startup Time": 4.027, "Actual Max Startup Time": 4.027, "Actual Min Total Time": 4.027, "Actual Max Total Time": 4.027, "Actual Total Rows": 1140, "Index Cond": "(id = mk.keyword_id)", "Rows Removed by Index Recheck": 0}]}]}, "Triggers": [], "Planner Runtime": 226.584, "Total Runtime": 265.061, "Unique SQL Id": 2846462052}}, "(64, 5)": {"explain_plan": {"Plan": {"Node Type": "Aggregate", "Strategy": "Plain", "Startup Cost": 165048.91, "Total Cost": 165048.92, "Plan Rows": 1, "Plan Width": 123, "Plans": [{"Node Type": "Nested Loop", "Parent Relationship": "Outer", "Join Type": "Inner", "Startup Cost": 4841.46, "Total Cost": 165048.24, "Plan Rows": 134, "Plan Width": 59, "Inner Unique": true, "Plans": [{"Node Type": "Nested Loop", "Parent Relationship": "Outer", "Join Type": "Inner", "Startup Cost": 4841.46, "Total Cost": 165010.63, "Plan Rows": 134, "Plan Width": 63, "Inner Unique": false, "Join Filter": "(t.id = mk.movie_id)", "Plans": [{"Node Type": "Nested Loop", "Parent Relationship": "Outer", "Join Type": "Inner", "Startup Cost": 4841.46, "Total Cost": 165001.07, "Plan Rows": 17, "Plan Width": 75, "Inner Unique": false, "Plans": [{"Node Type": "Nested Loop", "Parent Relationship": "Outer", "Join Type": "Inner", "Startup Cost": 4841.46, "Total Cost": 164997.5, "Plan Rows": 10, "Plan Width": 71, "Inner Unique": true, "Plans": [{"Node Type": "Nested Loop", "Parent Relationship": "Outer", "Join Type": "Inner", "Startup Cost": 4841.46, "Total Cost": 164994.7, "Plan Rows": 10, "Plan Width": 75, "Inner Unique": true, "Plans": [{"Node Type": "Nested Loop", "Parent Relationship": "Outer", "Join Type": "Inner", "Startup Cost": 4841.46, "Total Cost": 164991.25, "Plan Rows": 12, "Plan Width": 79, "Inner Unique": false, "Plans": [{"Node Type": "Nested Loop", "Parent Relationship": "Outer", "Join Type": "Inner", "Startup Cost": 4841.46, "Total Cost": 164989.04, "Plan Rows": 6, "Plan Width": 67, "Inner Unique": true, "Plans": [{"Node Type": "Nested Loop", "Parent Relationship": "Outer", "Join Type": "Inner", "Startup Cost": 4841.46, "Total Cost": 164956.1, "Plan Rows": 4, "Plan Width": 46, "Inner Unique": false, "Plans": [{"Node Type": "Index Scan", "Parent Relationship": "Outer", "Scan Direction": "Forward", "Index Name": "info_type_pkey", "Relation Name": "info_type", "Alias": "it1", "Startup Cost": 0.0, "Total Cost": 14.21, "Plan Rows": 1, "Plan Width": 4, "Filter": "((info)::text = 'release dates'::text)"}, {"Node Type": "Bitmap Heap Scan", "Parent Relationship": "Inner", "Relation Name": "movie_info", "Alias": "mi", "Startup Cost": 4841.46, "Total Cost": 164941.85, "Plan Rows": 4, "Plan Width": 50, "Recheck Cond": "(info_type_id = it1.id)", "Filter": "((info IS NOT NULL) AND ((note)::text ~~ '%internet%'::text) AND (((info)::text ~~ 'USA:% 199%'::text) OR ((info)::text ~~ 'USA:% 200%'::text)))", "Plans": [{"Node Type": "Bitmap Index Scan", "Parent Relationship": "Outer", "Index Name": "info_type_id_movie_info", "Startup Cost": 0.0, "Total Cost": 4841.46, "Plan Rows": 212428, "Plan Width": 0, "Index Cond": "(info_type_id = it1.id)"}]}]}, {"Node Type": "Index Scan", "Parent Relationship": "Inner", "Scan Direction": "Forward", "Index Name": "title_pkey", "Relation Name": "title", "Alias": "t", "Startup Cost": 0.0, "Total Cost": 8.23, "Plan Rows": 1, "Plan Width": 21, "Index Cond": "(id = mi.movie_id)", "Filter": "(production_year > 1990)"}]}, {"Node Type": "Index Scan", "Parent Relationship": "Inner", "Scan Direction": "Forward", "Index Name": "movie_id_movie_companies", "Relation Name": "movie_companies", "Alias": "mc", "Startup Cost": 0.0, "Total Cost": 0.35, "Plan Rows": 2, "Plan Width": 12, "Index Cond": "(movie_id = t.id)"}]}, {"Node Type": "Index Scan", "Parent Relationship": "Inner", "Scan Direction": "Forward", "Index Name": "company_name_pkey", "Relation Name": "company_name", "Alias": "cn", "Startup Cost": 0.0, "Total Cost": 0.28, "Plan Rows": 1, "Plan Width": 4, "Index Cond": "(id = mc.company_id)", "Filter": "((country_code)::text = '[us]'::text)"}]}, {"Node Type": "Index Scan", "Parent Relationship": "Inner", "Scan Direction": "Forward", "Index Name": "company_type_pkey", "Relation Name": "company_type", "Alias": "ct", "Startup Cost": 0.0, "Total Cost": 0.27, "Plan Rows": 1, "Plan Width": 4, "Index Cond": "(id = mc.company_type_id)"}]}, {"Node Type": "Index Scan", "Parent Relationship": "Inner", "Scan Direction": "Forward", "Index Name": "movie_id_aka_title", "Relation Name": "aka_title", "Alias": "at", "Startup Cost": 0.0, "Total Cost": 0.33, "Plan Rows": 3, "Plan Width": 4, "Index Cond": "(movie_id = t.id)"}]}, {"Node Type": "Index Scan", "Parent Relationship": "Inner", "Scan Direction": "Forward", "Index Name": "movie_id_movie_keyword", "Relation Name": "movie_keyword", "Alias": "mk", "Startup Cost": 0.0, "Total Cost": 0.46, "Plan Rows": 8, "Plan Width": 8, "Index Cond": "(movie_id = mc.movie_id)"}]}, {"Node Type": "Index Scan", "Parent Relationship": "Inner", "Scan Direction": "Forward", "Index Name": "keyword_pkey", "Relation Name": "keyword", "Alias": "k", "Startup Cost": 0.0, "Total Cost": 0.27, "Plan Rows": 1, "Plan Width": 4, "Index Cond": "(id = mk.keyword_id)"}]}]}, "Unique SQL Id": 2846462052}, "explain_analyze_plan": null}, "(64, 6)": {"explain_plan": {"Plan": {"Node Type": "Aggregate", "Strategy": "Plain", "Startup Cost": 70470.25, "Total Cost": 70470.26, "Plan Rows": 1, "Plan Width": 123, "Plans": [{"Node Type": "Nested Loop", "Parent Relationship": "Outer", "Join Type": "Inner", "Startup Cost": 5.28, "Total Cost": 70469.58, "Plan Rows": 134, "Plan Width": 59, "Inner Unique": true, "Join Filter": "(at.movie_id = t.id)", "Plans": [{"Node Type": "Nested Loop", "Parent Relationship": "Outer", "Join Type": "Inner", "Startup Cost": 5.01, "Total Cost": 70053.12, "Plan Rows": 97, "Plan Width": 58, "Inner Unique": true, "Plans": [{"Node Type": "Nested Loop", "Parent Relationship": "Outer", "Join Type": "Inner", "Startup Cost": 4.75, "Total Cost": 69637.93, "Plan Rows": 97, "Plan Width": 62, "Inner Unique": false, "Join Filter": "(at.movie_id = mk.movie_id)", "Plans": [{"Node Type": "Nested Loop", "Parent Relationship": "Outer", "Join Type": "Inner", "Startup Cost": 4.42, "Total Cost": 69583.48, "Plan Rows": 12, "Plan Width": 54, "Inner Unique": true, "Join Filter": "(mc.company_type_id = ct.id)", "Plans": [{"Node Type": "Nested Loop", "Parent Relationship": "Outer", "Join Type": "Inner", "Startup Cost": 4.42, "Total Cost": 69581.9, "Plan Rows": 12, "Plan Width": 58, "Inner Unique": true, "Plans": [{"Node Type": "Nested Loop", "Parent Relationship": "Outer", "Join Type": "Inner", "Startup Cost": 4.16, "Total Cost": 69496.23, "Plan Rows": 20, "Plan Width": 62, "Inner Unique": false, "Plans": [{"Node Type": "Nested Loop", "Parent Relationship": "Outer", "Join Type": "Inner", "Startup Cost": 3.79, "Total Cost": 69456.49, "Plan Rows": 9, "Plan Width": 50, "Inner Unique": false, "Plans": [{"Node Type": "Nested Loop", "Parent Relationship": "Outer", "Join Type": "Inner", "Startup Cost": 0.0, "Total Cost": 69393.85, "Plan Rows": 4, "Plan Width": 46, "Inner Unique": false, "Join Filter": "(it1.id = mi.info_type_id)", "Plans": [{"Node Type": "Seq Scan", "Parent Relationship": "Outer", "Relation Name": "info_type", "Alias": "it1", "Startup Cost": 0.0, "Total Cost": 2.4, "Plan Rows": 1, "Plan Width": 4, "Filter": "((info)::text = 'release dates'::text)"}, {"Node Type": "Materialize", "Parent Relationship": "Inner", "Startup Cost": 0.0, "Total Cost": 69388.9, "Plan Rows": 255, "Plan Width": 50, "Plans": [{"Node Type": "Streaming(type: LOCAL GATHER dop: 1/64)", "Parent Relationship": "Outer", "Startup Cost": 0.0, "Total Cost": 69388.27, "Plan Rows": 255, "Plan Width": 50, "Plans": [{"Node Type": "Seq Scan", "Parent Relationship": "Outer", "Relation Name": "movie_info", "Alias": "mi", "Startup Cost": 0.0, "Total Cost": 69383.01, "Plan Rows": 255, "Plan Width": 50, "Filter": "((info IS NOT NULL) AND ((note)::text ~~ '%internet%'::text) AND (((info)::text ~~ 'USA:% 199%'::text) OR ((info)::text ~~ 'USA:% 200%'::text)))"}]}]}]}, {"Node Type": "Bitmap Heap Scan", "Parent Relationship": "Inner", "Relation Name": "aka_title", "Alias": "at", "Startup Cost": 3.79, "Total Cost": 15.63, "Plan Rows": 3, "Plan Width": 4, "Recheck Cond": "(movie_id = mi.movie_id)", "Plans": [{"Node Type": "Bitmap Index Scan", "Parent Relationship": "Outer", "Index Name": "movie_id_aka_title", "Startup Cost": 0.0, "Total Cost": 3.79, "Plan Rows": 3, "Plan Width": 0, "Index Cond": "(movie_id = mi.movie_id)"}]}]}, {"Node Type": "Bitmap Heap Scan", "Parent Relationship": "Inner", "Relation Name": "movie_companies", "Alias": "mc", "Startup Cost": 0.37, "Total Cost": 4.4, "Plan Rows": 2, "Plan Width": 12, "Recheck Cond": "(movie_id = at.movie_id)", "Plans": [{"Node Type": "Bitmap Index Scan", "Parent Relationship": "Outer", "Index Name": "movie_id_movie_companies", "Startup Cost": 0.0, "Total Cost": 0.37, "Plan Rows": 2, "Plan Width": 0, "Index Cond": "(movie_id = at.movie_id)"}]}]}, {"Node Type": "Bitmap Heap Scan", "Parent Relationship": "Inner", "Relation Name": "company_name", "Alias": "cn", "Startup Cost": 0.26, "Total Cost": 4.27, "Plan Rows": 1, "Plan Width": 4, "Recheck Cond": "(id = mc.company_id)", "Filter": "((country_code)::text = '[us]'::text)", "Plans": [{"Node Type": "Bitmap Index Scan", "Parent Relationship": "Outer", "Index Name": "company_name_pkey", "Startup Cost": 0.0, "Total Cost": 0.26, "Plan Rows": 1, "Plan Width": 0, "Index Cond": "(id = mc.company_id)"}]}]}, {"Node Type": "Materialize", "Parent Relationship": "Inner", "Startup Cost": 0.0, "Total Cost": 1.04, "Plan Rows": 3, "Plan Width": 4, "Plans": [{"Node Type": "Seq Scan", "Parent Relationship": "Outer", "Relation Name": "company_type", "Alias": "ct", "Startup Cost": 0.0, "Total Cost": 1.03, "Plan Rows": 3, "Plan Width": 4}]}]}, {"Node Type": "Bitmap Heap Scan", "Parent Relationship": "Inner", "Relation Name": "movie_keyword", "Alias": "mk", "Startup Cost": 0.34, "Total Cost": 4.44, "Plan Rows": 8, "Plan Width": 8, "Recheck Cond": "(movie_id = mc.movie_id)", "Plans": [{"Node Type": "Bitmap Index Scan", "Parent Relationship": "Outer", "Index Name": "movie_id_movie_keyword", "Startup Cost": 0.0, "Total Cost": 0.34, "Plan Rows": 8, "Plan Width": 0, "Index Cond": "(movie_id = mc.movie_id)"}]}]}, {"Node Type": "Bitmap Heap Scan", "Parent Relationship": "Inner", "Relation Name": "keyword", "Alias": "k", "Startup Cost": 0.26, "Total Cost": 4.27, "Plan Rows": 1, "Plan Width": 4, "Recheck Cond": "(id = mk.keyword_id)", "Plans": [{"Node Type": "Bitmap Index Scan", "Parent Relationship": "Outer", "Index Name": "keyword_pkey", "Startup Cost": 0.0, "Total Cost": 0.26, "Plan Rows": 1, "Plan Width": 0, "Index Cond": "(id = mk.keyword_id)"}]}]}, {"Node Type": "Bitmap Heap Scan", "Parent Relationship": "Inner", "Relation Name": "title", "Alias": "t", "Startup Cost": 0.27, "Total Cost": 4.28, "Plan Rows": 1, "Plan Width": 21, "Recheck Cond": "(id = mk.movie_id)", "Filter": "(production_year > 1990)", "Plans": [{"Node Type": "Bitmap Index Scan", "Parent Relationship": "Outer", "Index Name": "title_pkey", "Startup Cost": 0.0, "Total Cost": 0.27, "Plan Rows": 1, "Plan Width": 0, "Index Cond": "(id = mk.movie_id)"}]}]}]}, "Unique SQL Id": 2846462052}, "explain_analyze_plan": {"Plan": {"Node Type": "Aggregate", "Strategy": "Plain", "Startup Cost": 70470.25, "Total Cost": 70470.26, "Plan Rows": 1, "Plan Width": 123, "Actual Min Startup Time": 229.575, "Actual Max Startup Time": 229.575, "Actual Min Total Time": 229.576, "Actual Max Total Time": 229.576, "Actual Total Rows": 1, "Plans": [{"Node Type": "Nested Loop", "Parent Relationship": "Outer", "Join Type": "Inner", "Startup Cost": 5.28, "Total Cost": 70469.58, "Plan Rows": 134, "Plan Width": 59, "Actual Min Startup Time": 199.555, "Actual Max Startup Time": 199.555, "Actual Min Total Time": 228.678, "Actual Max Total Time": 228.678, "Actual Total Rows": 1140, "Inner Unique": true, "Join Filter": "(at.movie_id = t.id)", "Rows Removed by Join Filter": 0, "Plans": [{"Node Type": "Nested Loop", "Parent Relationship": "Outer", "Join Type": "Inner", "Startup Cost": 5.01, "Total Cost": 70053.12, "Plan Rows": 97, "Plan Width": 58, "Actual Min Startup Time": 199.528, "Actual Max Startup Time": 199.528, "Actual Min Total Time": 222.365, "Actual Max Total Time": 222.365, "Actual Total Rows": 1140, "Inner Unique": true, "Plans": [{"Node Type": "Nested Loop", "Parent Relationship": "Outer", "Join Type": "Inner", "Startup Cost": 4.75, "Total Cost": 69637.93, "Plan Rows": 97, "Plan Width": 62, "Actual Min Startup Time": 199.509, "Actual Max Startup Time": 199.509, "Actual Min Total Time": 215.663, "Actual Max Total Time": 215.663, "Actual Total Rows": 1140, "Inner Unique": false, "Join Filter": "(at.movie_id = mk.movie_id)", "Rows Removed by Join Filter": 0, "Plans": [{"Node Type": "Nested Loop", "Parent Relationship": "Outer", "Join Type": "Inner", "Startup Cost": 4.42, "Total Cost": 69583.48, "Plan Rows": 12, "Plan Width": 54, "Actual Min Startup Time": 199.483, "Actual Max Startup Time": 199.483, "Actual Min Total Time": 213.982, "Actual Max Total Time": 213.982, "Actual Total Rows": 119, "Inner Unique": true, "Join Filter": "(mc.company_type_id = ct.id)", "Rows Removed by Join Filter": 495, "Plans": [{"Node Type": "Nested Loop", "Parent Relationship": "Outer", "Join Type": "Inner", "Startup Cost": 4.42, "Total Cost": 69581.9, "Plan Rows": 12, "Plan Width": 58, "Actual Min Startup Time": 199.375, "Actual Max Startup Time": 199.375, "Actual Min Total Time": 213.651, "Actual Max Total Time": 213.651, "Actual Total Rows": 284, "Inner Unique": true, "Plans": [{"Node Type": "Nested Loop", "Parent Relationship": "Outer", "Join Type": "Inner", "Startup Cost": 4.16, "Total Cost": 69496.23, "Plan Rows": 20, "Plan Width": 62, "Actual Min Startup Time": 199.35, "Actual Max Startup Time": 199.35, "Actual Min Total Time": 211.003, "Actual Max Total Time": 211.003, "Actual Total Rows": 400, "Inner Unique": false, "Plans": [{"Node Type": "Nested Loop", "Parent Relationship": "Outer", "Join Type": "Inner", "Startup Cost": 3.79, "Total Cost": 69456.49, "Plan Rows": 9, "Plan Width": 50, "Actual Min Startup Time": 199.322, "Actual Max Startup Time": 199.322, "Actual Min Total Time": 209.358, "Actual Max Total Time": 209.358, "Actual Total Rows": 120, "Inner Unique": false, "Plans": [{"Node Type": "Nested Loop", "Parent Relationship": "Outer", "Join Type": "Inner", "Startup Cost": 0.0, "Total Cost": 69393.85, "Plan Rows": 4, "Plan Width": 46, "Actual Min Startup Time": 199.227, "Actual Max Startup Time": 199.227, "Actual Min Total Time": 200.32, "Actual Max Total Time": 200.32, "Actual Total Rows": 1783, "Inner Unique": false, "Join Filter": "(it1.id = mi.info_type_id)", "Rows Removed by Join Filter": 0, "Plans": [{"Node Type": "Seq Scan", "Parent Relationship": "Outer", "Relation Name": "info_type", "Alias": "it1", "Startup Cost": 0.0, "Total Cost": 2.4, "Plan Rows": 1, "Plan Width": 4, "Actual Min Startup Time": 0.044, "Actual Max Startup Time": 0.044, "Actual Min Total Time": 0.068, "Actual Max Total Time": 0.068, "Actual Total Rows": 1, "Filter": "((info)::text = 'release dates'::text)", "Rows Removed by Filter": 111}, {"Node Type": "Materialize", "Parent Relationship": "Inner", "Startup Cost": 0.0, "Total Cost": 69388.9, "Plan Rows": 255, "Plan Width": 50, "Actual Min Startup Time": 199.153, "Actual Max Startup Time": 199.153, "Actual Min Total Time": 199.413, "Actual Max Total Time": 199.413, "Actual Total Rows": 1784, "Plans": [{"Node Type": "Streaming(type: LOCAL GATHER dop: 1/64)", "Parent Relationship": "Outer", "Startup Cost": 0.0, "Total Cost": 69388.27, "Plan Rows": 255, "Plan Width": 50, "Actual Min Startup Time": 126.07, "Actual Max Startup Time": 126.07, "Actual Min Total Time": 198.804, "Actual Max Total Time": 198.804, "Actual Total Rows": 1783, "Plans": [{"Node Type": "Seq Scan", "Parent Relationship": "Outer", "Relation Name": "movie_info", "Alias": "mi", "Startup Cost": 0.0, "Total Cost": 69383.01, "Plan Rows": 255, "Plan Width": 50, "Actual Min Startup Time": 20.12, "Actual Max Startup Time": 45.214, "Actual Min Total Time": 71.613, "Actual Max Total Time": 109.296, "Actual Total Rows": 1783, "Filter": "((info IS NOT NULL) AND ((note)::text ~~ '%internet%'::text) AND (((info)::text ~~ 'USA:% 199%'::text) OR ((info)::text ~~ 'USA:% 200%'::text)))", "Rows Removed by Filter": 14833936}]}]}]}, {"Node Type": "Bitmap Heap Scan", "Parent Relationship": "Inner", "Relation Name": "aka_title", "Alias": "at", "Startup Cost": 3.79, "Total Cost": 15.63, "Plan Rows": 3, "Plan Width": 4, "Actual Min Startup Time": 7.106, "Actual Max Startup Time": 7.106, "Actual Min Total Time": 7.185, "Actual Max Total Time": 7.185, "Actual Total Rows": 120, "Recheck Cond": "(movie_id = mi.movie_id)", "Rows Removed by Index Recheck": 0, "Exact Heap Blocks": 120, "Lossy Heap Blocks": 120, "Plans": [{"Node Type": "Bitmap Index Scan", "Parent Relationship": "Outer", "Index Name": "movie_id_aka_title", "Startup Cost": 0.0, "Total Cost": 3.79, "Plan Rows": 3, "Plan Width": 0, "Actual Min Startup Time": 6.076, "Actual Max Startup Time": 6.076, "Actual Min Total Time": 6.076, "Actual Max Total Time": 6.076, "Actual Total Rows": 120, "Index Cond": "(movie_id = mi.movie_id)"}]}]}, {"Node Type": "Bitmap Heap Scan", "Parent Relationship": "Inner", "Relation Name": "movie_companies", "Alias": "mc", "Startup Cost": 0.37, "Total Cost": 4.4, "Plan Rows": 2, "Plan Width": 12, "Actual Min Startup Time": 1.14, "Actual Max Startup Time": 1.14, "Actual Min Total Time": 1.371, "Actual Max Total Time": 1.371, "Actual Total Rows": 400, "Recheck Cond": "(movie_id = at.movie_id)", "Rows Removed by Index Recheck": 0, "Exact Heap Blocks": 214, "Lossy Heap Blocks": 214, "Plans": [{"Node Type": "Bitmap Index Scan", "Parent Relationship": "Outer", "Index Name": "movie_id_movie_companies", "Startup Cost": 0.0, "Total Cost": 0.37, "Plan Rows": 2, "Plan Width": 0, "Actual Min Startup Time": 0.734, "Actual Max Startup Time": 0.734, "Actual Min Total Time": 0.734, "Actual Max Total Time": 0.734, "Actual Total Rows": 400, "Index Cond": "(movie_id = at.movie_id)"}]}]}, {"Node Type": "Bitmap Heap Scan", "Parent Relationship": "Inner", "Relation Name": "company_name", "Alias": "cn", "Startup Cost": 0.26, "Total Cost": 4.27, "Plan Rows": 1, "Plan Width": 4, "Actual Min Startup Time": 2.13, "Actual Max Startup Time": 2.13, "Actual Min Total Time": 2.13, "Actual Max Total Time": 2.13, "Actual Total Rows": 284, "Recheck Cond": "(id = mc.company_id)", "Rows Removed by Index Recheck": 0, "Filter": "((country_code)::text = '[us]'::text)", "Rows Removed by Filter": 116, "Exact Heap Blocks": 400, "Lossy Heap Blocks": 400, "Plans": [{"Node Type": "Bitmap Index Scan", "Parent Relationship": "Outer", "Index Name": "company_name_pkey", "Startup Cost": 0.0, "Total Cost": 0.26, "Plan Rows": 1, "Plan Width": 0, "Actual Min Startup Time": 1.24, "Actual Max Startup Time": 1.24, "Actual Min Total Time": 1.24, "Actual Max Total Time": 1.24, "Actual Total Rows": 400, "Index Cond": "(id = mc.company_id)"}]}]}, {"Node Type": "Materialize", "Parent Relationship": "Inner", "Startup Cost": 0.0, "Total Cost": 1.04, "Plan Rows": 3, "Plan Width": 4, "Actual Min Startup Time": 0.05, "Actual Max Startup Time": 0.05, "Actual Min Total Time": 0.1, "Actual Max Total Time": 0.1, "Actual Total Rows": 614, "Plans": [{"Node Type": "Seq Scan", "Parent Relationship": "Outer", "Relation Name": "company_type", "Alias": "ct", "Startup Cost": 0.0, "Total Cost": 1.03, "Plan Rows": 3, "Plan Width": 4, "Actual Min Startup Time": 0.007, "Actual Max Startup Time": 0.007, "Actual Min Total Time": 0.008, "Actual Max Total Time": 0.008, "Actual Total Rows": 3}]}]}, {"Node Type": "Bitmap Heap Scan", "Parent Relationship": "Inner", "Relation Name": "movie_keyword", "Alias": "mk", "Startup Cost": 0.34, "Total Cost": 4.44, "Plan Rows": 8, "Plan Width": 8, "Actual Min Startup Time": 0.913, "Actual Max Startup Time": 0.913, "Actual Min Total Time": 1.129, "Actual Max Total Time": 1.129, "Actual Total Rows": 1140, "Recheck Cond": "(movie_id = mc.movie_id)", "Rows Removed by Index Recheck": 0, "Exact Heap Blocks": 91, "Lossy Heap Blocks": 91, "Plans": [{"Node Type": "Bitmap Index Scan", "Parent Relationship": "Outer", "Index Name": "movie_id_movie_keyword", "Startup Cost": 0.0, "Total Cost": 0.34, "Plan Rows": 8, "Plan Width": 0, "Actual Min Startup Time": 0.585, "Actual Max Startup Time": 0.585, "Actual Min Total Time": 0.585, "Actual Max Total Time": 0.585, "Actual Total Rows": 1140, "Index Cond": "(movie_id = mc.movie_id)"}]}]}, {"Node Type": "Bitmap Heap Scan", "Parent Relationship": "Inner", "Relation Name": "keyword", "Alias": "k", "Startup Cost": 0.26, "Total Cost": 4.27, "Plan Rows": 1, "Plan Width": 4, "Actual Min Startup Time": 5.127, "Actual Max Startup Time": 5.127, "Actual Min Total Time": 5.127, "Actual Max Total Time": 5.127, "Actual Total Rows": 1140, "Recheck Cond": "(id = mk.keyword_id)", "Rows Removed by Index Recheck": 0, "Exact Heap Blocks": 1140, "Lossy Heap Blocks": 1140, "Plans": [{"Node Type": "Bitmap Index Scan", "Parent Relationship": "Outer", "Index Name": "keyword_pkey", "Startup Cost": 0.0, "Total Cost": 0.26, "Plan Rows": 1, "Plan Width": 0, "Actual Min Startup Time": 3.182, "Actual Max Startup Time": 3.182, "Actual Min Total Time": 3.182, "Actual Max Total Time": 3.182, "Actual Total Rows": 1140, "Index Cond": "(id = mk.keyword_id)"}]}]}, {"Node Type": "Bitmap Heap Scan", "Parent Relationship": "Inner", "Relation Name": "title", "Alias": "t", "Startup Cost": 0.27, "Total Cost": 4.28, "Plan Rows": 1, "Plan Width": 21, "Actual Min Startup Time": 4.642, "Actual Max Startup Time": 4.642, "Actual Min Total Time": 4.642, "Actual Max Total Time": 4.642, "Actual Total Rows": 1140, "Recheck Cond": "(id = mk.movie_id)", "Rows Removed by Index Recheck": 0, "Filter": "(production_year > 1990)", "Rows Removed by Filter": 0, "Exact Heap Blocks": 1140, "Lossy Heap Blocks": 1140, "Plans": [{"Node Type": "Bitmap Index Scan", "Parent Relationship": "Outer", "Index Name": "title_pkey", "Startup Cost": 0.0, "Total Cost": 0.27, "Plan Rows": 1, "Plan Width": 0, "Actual Min Startup Time": 2.827, "Actual Max Startup Time": 2.827, "Actual Min Total Time": 2.827, "Actual Max Total Time": 2.827, "Actual Total Rows": 1140, "Index Cond": "(id = mk.movie_id)"}]}]}]}, "Triggers": [], "Planner Runtime": 254.107, "Total Runtime": 241.211, "Unique SQL Id": 2846462052}}, "(64, 7)": {"explain_plan": {"Plan": {"Node Type": "Aggregate", "Strategy": "Plain", "Startup Cost": 166082.29, "Total Cost": 166082.3, "Plan Rows": 1, "Plan Width": 123, "Plans": [{"Node Type": "Nested Loop", "Parent Relationship": "Outer", "Join Type": "Inner", "Startup Cost": 4855.81, "Total Cost": 166081.62, "Plan Rows": 134, "Plan Width": 59, "Inner Unique": true, "Join Filter": "(at.movie_id = t.id)", "Plans": [{"Node Type": "Nested Loop", "Parent Relationship": "Outer", "Join Type": "Inner", "Startup Cost": 4855.54, "Total Cost": 165665.15, "Plan Rows": 97, "Plan Width": 58, "Inner Unique": true, "Plans": [{"Node Type": "Nested Loop", "Parent Relationship": "Outer", "Join Type": "Inner", "Startup Cost": 4855.28, "Total Cost": 165249.97, "Plan Rows": 97, "Plan Width": 62, "Inner Unique": false, "Join Filter": "(at.movie_id = mk.movie_id)", "Plans": [{"Node Type": "Nested Loop", "Parent Relationship": "Outer", "Join Type": "Inner", "Startup Cost": 4854.95, "Total Cost": 165195.51, "Plan Rows": 12, "Plan Width": 54, "Inner Unique": true, "Plans": [{"Node Type": "Nested Loop", "Parent Relationship": "Outer", "Join Type": "Inner", "Startup Cost": 4854.69, "Total Cost": 165144.15, "Plan Rows": 12, "Plan Width": 58, "Inner Unique": true, "Plans": [{"Node Type": "Nested Loop", "Parent Relationship": "Outer", "Join Type": "Inner", "Startup Cost": 4854.43, "Total Cost": 165058.48, "Plan Rows": 20, "Plan Width": 62, "Inner Unique": false, "Plans": [{"Node Type": "Nested Loop", "Parent Relationship": "Outer", "Join Type": "Inner", "Startup Cost": 4854.06, "Total Cost": 165018.73, "Plan Rows": 9, "Plan Width": 50, "Inner Unique": false, "Plans": [{"Node Type": "Nested Loop", "Parent Relationship": "Outer", "Join Type": "Inner", "Startup Cost": 4850.27, "Total Cost": 164956.1, "Plan Rows": 4, "Plan Width": 46, "Inner Unique": false, "Plans": [{"Node Type": "Bitmap Heap Scan", "Parent Relationship": "Outer", "Relation Name": "info_type", "Alias": "it1", "Startup Cost": 8.81, "Total Cost": 14.21, "Plan Rows": 1, "Plan Width": 4, "Filter": "((info)::text = 'release dates'::text)", "Plans": [{"Node Type": "Bitmap Index Scan", "Parent Relationship": "Outer", "Index Name": "info_type_pkey", "Startup Cost": 0.0, "Total Cost": 8.81, "Plan Rows": 112, "Plan Width": 0}]}, {"Node Type": "Bitmap Heap Scan", "Parent Relationship": "Inner", "Relation Name": "movie_info", "Alias": "mi", "Startup Cost": 4841.46, "Total Cost": 164941.85, "Plan Rows": 4, "Plan Width": 50, "Recheck Cond": "(info_type_id = it1.id)", "Filter": "((info IS NOT NULL) AND ((note)::text ~~ '%internet%'::text) AND (((info)::text ~~ 'USA:% 199%'::text) OR ((info)::text ~~ 'USA:% 200%'::text)))", "Plans": [{"Node Type": "Bitmap Index Scan", "Parent Relationship": "Outer", "Index Name": "info_type_id_movie_info", "Startup Cost": 0.0, "Total Cost": 4841.46, "Plan Rows": 212428, "Plan Width": 0, "Index Cond": "(info_type_id = it1.id)"}]}]}, {"Node Type": "Bitmap Heap Scan", "Parent Relationship": "Inner", "Relation Name": "aka_title", "Alias": "at", "Startup Cost": 3.79, "Total Cost": 15.63, "Plan Rows": 3, "Plan Width": 4, "Recheck Cond": "(movie_id = mi.movie_id)", "Plans": [{"Node Type": "Bitmap Index Scan", "Parent Relationship": "Outer", "Index Name": "movie_id_aka_title", "Startup Cost": 0.0, "Total Cost": 3.79, "Plan Rows": 3, "Plan Width": 0, "Index Cond": "(movie_id = mi.movie_id)"}]}]}, {"Node Type": "Bitmap Heap Scan", "Parent Relationship": "Inner", "Relation Name": "movie_companies", "Alias": "mc", "Startup Cost": 0.37, "Total Cost": 4.4, "Plan Rows": 2, "Plan Width": 12, "Recheck Cond": "(movie_id = at.movie_id)", "Plans": [{"Node Type": "Bitmap Index Scan", "Parent Relationship": "Outer", "Index Name": "movie_id_movie_companies", "Startup Cost": 0.0, "Total Cost": 0.37, "Plan Rows": 2, "Plan Width": 0, "Index Cond": "(movie_id = at.movie_id)"}]}]}, {"Node Type": "Bitmap Heap Scan", "Parent Relationship": "Inner", "Relation Name": "company_name", "Alias": "cn", "Startup Cost": 0.26, "Total Cost": 4.27, "Plan Rows": 1, "Plan Width": 4, "Recheck Cond": "(id = mc.company_id)", "Filter": "((country_code)::text = '[us]'::text)", "Plans": [{"Node Type": "Bitmap Index Scan", "Parent Relationship": "Outer", "Index Name": "company_name_pkey", "Startup Cost": 0.0, "Total Cost": 0.26, "Plan Rows": 1, "Plan Width": 0, "Index Cond": "(id = mc.company_id)"}]}]}, {"Node Type": "Bitmap Heap Scan", "Parent Relationship": "Inner", "Relation Name": "company_type", "Alias": "ct", "Startup Cost": 0.26, "Total Cost": 4.27, "Plan Rows": 1, "Plan Width": 4, "Recheck Cond": "(id = mc.company_type_id)", "Plans": [{"Node Type": "Bitmap Index Scan", "Parent Relationship": "Outer", "Index Name": "company_type_pkey", "Startup Cost": 0.0, "Total Cost": 0.26, "Plan Rows": 1, "Plan Width": 0, "Index Cond": "(id = mc.company_type_id)"}]}]}, {"Node Type": "Bitmap Heap Scan", "Parent Relationship": "Inner", "Relation Name": "movie_keyword", "Alias": "mk", "Startup Cost": 0.34, "Total Cost": 4.44, "Plan Rows": 8, "Plan Width": 8, "Recheck Cond": "(movie_id = mc.movie_id)", "Plans": [{"Node Type": "Bitmap Index Scan", "Parent Relationship": "Outer", "Index Name": "movie_id_movie_keyword", "Startup Cost": 0.0, "Total Cost": 0.34, "Plan Rows": 8, "Plan Width": 0, "Index Cond": "(movie_id = mc.movie_id)"}]}]}, {"Node Type": "Bitmap Heap Scan", "Parent Relationship": "Inner", "Relation Name": "keyword", "Alias": "k", "Startup Cost": 0.26, "Total Cost": 4.27, "Plan Rows": 1, "Plan Width": 4, "Recheck Cond": "(id = mk.keyword_id)", "Plans": [{"Node Type": "Bitmap Index Scan", "Parent Relationship": "Outer", "Index Name": "keyword_pkey", "Startup Cost": 0.0, "Total Cost": 0.26, "Plan Rows": 1, "Plan Width": 0, "Index Cond": "(id = mk.keyword_id)"}]}]}, {"Node Type": "Bitmap Heap Scan", "Parent Relationship": "Inner", "Relation Name": "title", "Alias": "t", "Startup Cost": 0.27, "Total Cost": 4.28, "Plan Rows": 1, "Plan Width": 21, "Recheck Cond": "(id = mk.movie_id)", "Filter": "(production_year > 1990)", "Plans": [{"Node Type": "Bitmap Index Scan", "Parent Relationship": "Outer", "Index Name": "title_pkey", "Startup Cost": 0.0, "Total Cost": 0.27, "Plan Rows": 1, "Plan Width": 0, "Index Cond": "(id = mk.movie_id)"}]}]}]}, "Unique SQL Id": 2846462052}, "explain_analyze_plan": null}, "(64, 8)": {"explain_plan": {"Plan": {"Node Type": "Aggregate", "Strategy": "Plain", "Startup Cost": 69473.89, "Total Cost": 69473.9, "Plan Rows": 1, "Plan Width": 123, "Plans": [{"Node Type": "Nested Loop", "Parent Relationship": "Outer", "Join Type": "Inner", "Startup Cost": 0.0, "Total Cost": 69473.22, "Plan Rows": 134, "Plan Width": 59, "Inner Unique": true, "Plans": [{"Node Type": "Nested Loop", "Parent Relationship": "Outer", "Join Type": "Inner", "Startup Cost": 0.0, "Total Cost": 69435.7, "Plan Rows": 134, "Plan Width": 63, "Inner Unique": false, "Join Filter": "(t.id = mk.movie_id)", "Plans": [{"Node Type": "Nested Loop", "Parent Relationship": "Outer", "Join Type": "Inner", "Startup Cost": 0.0, "Total Cost": 69426.14, "Plan Rows": 17, "Plan Width": 75, "Inner Unique": true, "Join Filter": "(at.movie_id = t.id)", "Plans": [{"Node Type": "Nested Loop", "Parent Relationship": "Outer", "Join Type": "Inner", "Startup Cost": 0.0, "Total Cost": 69421.91, "Plan Rows": 12, "Plan Width": 54, "Inner Unique": true, "Join Filter": "(mc.company_type_id = ct.id)", "Plans": [{"Node Type": "Nested Loop", "Parent Relationship": "Outer", "Join Type": "Inner", "Startup Cost": 0.0, "Total Cost": 69420.33, "Plan Rows": 12, "Plan Width": 58, "Inner Unique": true, "Plans": [{"Node Type": "Nested Loop", "Parent Relationship": "Outer", "Join Type": "Inner", "Startup Cost": 0.0, "Total Cost": 69414.58, "Plan Rows": 20, "Plan Width": 62, "Inner Unique": false, "Plans": [{"Node Type": "Nested Loop", "Parent Relationship": "Outer", "Join Type": "Inner", "Startup Cost": 0.0, "Total Cost": 69409.27, "Plan Rows": 9, "Plan Width": 50, "Inner Unique": false, "Plans": [{"Node Type": "Nested Loop", "Parent Relationship": "Outer", "Join Type": "Inner", "Startup Cost": 0.0, "Total Cost": 69393.85, "Plan Rows": 4, "Plan Width": 46, "Inner Unique": false, "Join Filter": "(it1.id = mi.info_type_id)", "Plans": [{"Node Type": "Seq Scan", "Parent Relationship": "Outer", "Relation Name": "info_type", "Alias": "it1", "Startup Cost": 0.0, "Total Cost": 2.4, "Plan Rows": 1, "Plan Width": 4, "Filter": "((info)::text = 'release dates'::text)"}, {"Node Type": "Materialize", "Parent Relationship": "Inner", "Startup Cost": 0.0, "Total Cost": 69388.9, "Plan Rows": 255, "Plan Width": 50, "Plans": [{"Node Type": "Streaming(type: LOCAL GATHER dop: 1/64)", "Parent Relationship": "Outer", "Startup Cost": 0.0, "Total Cost": 69388.27, "Plan Rows": 255, "Plan Width": 50, "Plans": [{"Node Type": "Seq Scan", "Parent Relationship": "Outer", "Relation Name": "movie_info", "Alias": "mi", "Startup Cost": 0.0, "Total Cost": 69383.01, "Plan Rows": 255, "Plan Width": 50, "Filter": "((info IS NOT NULL) AND ((note)::text ~~ '%internet%'::text) AND (((info)::text ~~ 'USA:% 199%'::text) OR ((info)::text ~~ 'USA:% 200%'::text)))"}]}]}]}, {"Node Type": "Index Only Scan", "Parent Relationship": "Inner", "Scan Direction": "Forward", "Index Name": "movie_id_aka_title", "Relation Name": "aka_title", "Alias": "at", "Startup Cost": 0.0, "Total Cost": 3.82, "Plan Rows": 3, "Plan Width": 4, "Index Cond": "(movie_id = mi.movie_id)"}]}, {"Node Type": "Index Scan", "Parent Relationship": "Inner", "Scan Direction": "Forward", "Index Name": "movie_id_movie_companies", "Relation Name": "movie_companies", "Alias": "mc", "Startup Cost": 0.0, "Total Cost": 0.57, "Plan Rows": 2, "Plan Width": 12, "Index Cond": "(movie_id = at.movie_id)"}]}, {"Node Type": "Index Scan", "Parent Relationship": "Inner", "Scan Direction": "Forward", "Index Name": "company_name_pkey", "Relation Name": "company_name", "Alias": "cn", "Startup Cost": 0.0, "Total Cost": 0.28, "Plan Rows": 1, "Plan Width": 4, "Index Cond": "(id = mc.company_id)", "Filter": "((country_code)::text = '[us]'::text)"}]}, {"Node Type": "Materialize", "Parent Relationship": "Inner", "Startup Cost": 0.0, "Total Cost": 1.04, "Plan Rows": 3, "Plan Width": 4, "Plans": [{"Node Type": "Seq Scan", "Parent Relationship": "Outer", "Relation Name": "company_type", "Alias": "ct", "Startup Cost": 0.0, "Total Cost": 1.03, "Plan Rows": 3, "Plan Width": 4}]}]}, {"Node Type": "Index Scan", "Parent Relationship": "Inner", "Scan Direction": "Forward", "Index Name": "title_pkey", "Relation Name": "title", "Alias": "t", "Startup Cost": 0.0, "Total Cost": 0.34, "Plan Rows": 1, "Plan Width": 21, "Index Cond": "(id = mc.movie_id)", "Filter": "(production_year > 1990)"}]}, {"Node Type": "Index Scan", "Parent Relationship": "Inner", "Scan Direction": "Forward", "Index Name": "movie_id_movie_keyword", "Relation Name": "movie_keyword", "Alias": "mk", "Startup Cost": 0.0, "Total Cost": 0.46, "Plan Rows": 8, "Plan Width": 8, "Index Cond": "(movie_id = mc.movie_id)"}]}, {"Node Type": "Index Only Scan", "Parent Relationship": "Inner", "Scan Direction": "Forward", "Index Name": "keyword_pkey", "Relation Name": "keyword", "Alias": "k", "Startup Cost": 0.0, "Total Cost": 0.27, "Plan Rows": 1, "Plan Width": 4, "Index Cond": "(id = mk.keyword_id)"}]}]}, "Unique SQL Id": 2846462052}, "explain_analyze_plan": {"Plan": {"Node Type": "Aggregate", "Strategy": "Plain", "Startup Cost": 69473.89, "Total Cost": 69473.9, "Plan Rows": 1, "Plan Width": 123, "Actual Min Startup Time": 329.122, "Actual Max Startup Time": 329.122, "Actual Min Total Time": 329.122, "Actual Max Total Time": 329.122, "Actual Total Rows": 1, "Plans": [{"Node Type": "Nested Loop", "Parent Relationship": "Outer", "Join Type": "Inner", "Startup Cost": 0.0, "Total Cost": 69473.22, "Plan Rows": 134, "Plan Width": 59, "Actual Min Startup Time": 310.359, "Actual Max Startup Time": 310.359, "Actual Min Total Time": 328.303, "Actual Max Total Time": 328.303, "Actual Total Rows": 1140, "Inner Unique": true, "Plans": [{"Node Type": "Nested Loop", "Parent Relationship": "Outer", "Join Type": "Inner", "Startup Cost": 0.0, "Total Cost": 69435.7, "Plan Rows": 134, "Plan Width": 63, "Actual Min Startup Time": 310.337, "Actual Max Startup Time": 310.337, "Actual Min Total Time": 324.152, "Actual Max Total Time": 324.152, "Actual Total Rows": 1140, "Inner Unique": false, "Join Filter": "(t.id = mk.movie_id)", "Rows Removed by Join Filter": 0, "Plans": [{"Node Type": "Nested Loop", "Parent Relationship": "Outer", "Join Type": "Inner", "Startup Cost": 0.0, "Total Cost": 69426.14, "Plan Rows": 17, "Plan Width": 75, "Actual Min Startup Time": 310.307, "Actual Max Startup Time": 310.307, "Actual Min Total Time": 322.176, "Actual Max Total Time": 322.176, "Actual Total Rows": 119, "Inner Unique": true, "Join Filter": "(at.movie_id = t.id)", "Rows Removed by Join Filter": 0, "Plans": [{"Node Type": "Nested Loop", "Parent Relationship": "Outer", "Join Type": "Inner", "Startup Cost": 0.0, "Total Cost": 69421.91, "Plan Rows": 12, "Plan Width": 54, "Actual Min Startup Time": 310.271, "Actual Max Startup Time": 310.271, "Actual Min Total Time": 321.214, "Actual Max Total Time": 321.214, "Actual Total Rows": 119, "Inner Unique": true, "Join Filter": "(mc.company_type_id = ct.id)", "Rows Removed by Join Filter": 495, "Plans": [{"Node Type": "Nested Loop", "Parent Relationship": "Outer", "Join Type": "Inner", "Startup Cost": 0.0, "Total Cost": 69420.33, "Plan Rows": 12, "Plan Width": 58, "Actual Min Startup Time": 310.163, "Actual Max Startup Time": 310.163, "Actual Min Total Time": 320.875, "Actual Max Total Time": 320.875, "Actual Total Rows": 284, "Inner Unique": true, "Plans": [{"Node Type": "Nested Loop", "Parent Relationship": "Outer", "Join Type": "Inner", "Startup Cost": 0.0, "Total Cost": 69414.58, "Plan Rows": 20, "Plan Width": 62, "Actual Min Startup Time": 310.11, "Actual Max Startup Time": 310.11, "Actual Min Total Time": 318.47, "Actual Max Total Time": 318.47, "Actual Total Rows": 400, "Inner Unique": false, "Plans": [{"Node Type": "Nested Loop", "Parent Relationship": "Outer", "Join Type": "Inner", "Startup Cost": 0.0, "Total Cost": 69409.27, "Plan Rows": 9, "Plan Width": 50, "Actual Min Startup Time": 310.087, "Actual Max Startup Time": 310.087, "Actual Min Total Time": 317.242, "Actual Max Total Time": 317.242, "Actual Total Rows": 120, "Inner Unique": false, "Plans": [{"Node Type": "Nested Loop", "Parent Relationship": "Outer", "Join Type": "Inner", "Startup Cost": 0.0, "Total Cost": 69393.85, "Plan Rows": 4, "Plan Width": 46, "Actual Min Startup Time": 310.014, "Actual Max Startup Time": 310.014, "Actual Min Total Time": 311.058, "Actual Max Total Time": 311.058, "Actual Total Rows": 1783, "Inner Unique": false, "Join Filter": "(it1.id = mi.info_type_id)", "Rows Removed by Join Filter": 0, "Plans": [{"Node Type": "Seq Scan", "Parent Relationship": "Outer", "Relation Name": "info_type", "Alias": "it1", "Startup Cost": 0.0, "Total Cost": 2.4, "Plan Rows": 1, "Plan Width": 4, "Actual Min Startup Time": 0.082, "Actual Max Startup Time": 0.082, "Actual Min Total Time": 0.105, "Actual Max Total Time": 0.105, "Actual Total Rows": 1, "Filter": "((info)::text = 'release dates'::text)", "Rows Removed by Filter": 111}, {"Node Type": "Materialize", "Parent Relationship": "Inner", "Startup Cost": 0.0, "Total Cost": 69388.9, "Plan Rows": 255, "Plan Width": 50, "Actual Min Startup Time": 309.89, "Actual Max Startup Time": 309.89, "Actual Min Total Time": 310.134, "Actual Max Total Time": 310.134, "Actual Total Rows": 1784, "Plans": [{"Node Type": "Streaming(type: LOCAL GATHER dop: 1/64)", "Parent Relationship": "Outer", "Startup Cost": 0.0, "Total Cost": 69388.27, "Plan Rows": 255, "Plan Width": 50, "Actual Min Startup Time": 216.449, "Actual Max Startup Time": 216.449, "Actual Min Total Time": 309.395, "Actual Max Total Time": 309.395, "Actual Total Rows": 1783, "Plans": [{"Node Type": "Seq Scan", "Parent Relationship": "Outer", "Relation Name": "movie_info", "Alias": "mi", "Startup Cost": 0.0, "Total Cost": 69383.01, "Plan Rows": 255, "Plan Width": 50, "Actual Min Startup Time": 20.989, "Actual Max Startup Time": 61.611, "Actual Min Total Time": 73.619, "Actual Max Total Time": 119.612, "Actual Total Rows": 1783, "Filter": "((info IS NOT NULL) AND ((note)::text ~~ '%internet%'::text) AND (((info)::text ~~ 'USA:% 199%'::text) OR ((info)::text ~~ 'USA:% 200%'::text)))", "Rows Removed by Filter": 14833936}]}]}]}, {"Node Type": "Index Only Scan", "Parent Relationship": "Inner", "Scan Direction": "Forward", "Index Name": "movie_id_aka_title", "Relation Name": "aka_title", "Alias": "at", "Startup Cost": 0.0, "Total Cost": 3.82, "Plan Rows": 3, "Plan Width": 4, "Actual Min Startup Time": 5.304, "Actual Max Startup Time": 5.304, "Actual Min Total Time": 5.342, "Actual Max Total Time": 5.342, "Actual Total Rows": 120, "Index Cond": "(movie_id = mi.movie_id)", "Rows Removed by Index Recheck": 0, "Heap Fetches": 0}]}, {"Node Type": "Index Scan", "Parent Relationship": "Inner", "Scan Direction": "Forward", "Index Name": "movie_id_movie_companies", "Relation Name": "movie_companies", "Alias": "mc", "Startup Cost": 0.0, "Total Cost": 0.57, "Plan Rows": 2, "Plan Width": 12, "Actual Min Startup Time": 0.749, "Actual Max Startup Time": 0.749, "Actual Min Total Time": 1.063, "Actual Max Total Time": 1.063, "Actual Total Rows": 400, "Index Cond": "(movie_id = at.movie_id)", "Rows Removed by Index Recheck": 0}]}, {"Node Type": "Index Scan", "Parent Relationship": "Inner", "Scan Direction": "Forward", "Index Name": "company_name_pkey", "Relation Name": "company_name", "Alias": "cn", "Startup Cost": 0.0, "Total Cost": 0.28, "Plan Rows": 1, "Plan Width": 4, "Actual Min Startup Time": 2.07, "Actual Max Startup Time": 2.07, "Actual Min Total Time": 2.07, "Actual Max Total Time": 2.07, "Actual Total Rows": 284, "Index Cond": "(id = mc.company_id)", "Rows Removed by Index Recheck": 0, "Filter": "((country_code)::text = '[us]'::text)", "Rows Removed by Filter": 116}]}, {"Node Type": "Materialize", "Parent Relationship": "Inner", "Startup Cost": 0.0, "Total Cost": 1.04, "Plan Rows": 3, "Plan Width": 4, "Actual Min Startup Time": 0.05, "Actual Max Startup Time": 0.05, "Actual Min Total Time": 0.105, "Actual Max Total Time": 0.105, "Actual Total Rows": 614, "Plans": [{"Node Type": "Seq Scan", "Parent Relationship": "Outer", "Relation Name": "company_type", "Alias": "ct", "Startup Cost": 0.0, "Total Cost": 1.03, "Plan Rows": 3, "Plan Width": 4, "Actual Min Startup Time": 0.009, "Actual Max Startup Time": 0.009, "Actual Min Total Time": 0.011, "Actual Max Total Time": 0.011, "Actual Total Rows": 3}]}]}, {"Node Type": "Index Scan", "Parent Relationship": "Inner", "Scan Direction": "Forward", "Index Name": "title_pkey", "Relation Name": "title", "Alias": "t", "Startup Cost": 0.0, "Total Cost": 0.34, "Plan Rows": 1, "Plan Width": 21, "Actual Min Startup Time": 0.786, "Actual Max Startup Time": 0.786, "Actual Min Total Time": 0.786, "Actual Max Total Time": 0.786, "Actual Total Rows": 119, "Index Cond": "(id = mc.movie_id)", "Rows Removed by Index Recheck": 0, "Filter": "(production_year > 1990)", "Rows Removed by Filter": 0}]}, {"Node Type": "Index Scan", "Parent Relationship": "Inner", "Scan Direction": "Forward", "Index Name": "movie_id_movie_keyword", "Relation Name": "movie_keyword", "Alias": "mk", "Startup Cost": 0.0, "Total Cost": 0.46, "Plan Rows": 8, "Plan Width": 8, "Actual Min Startup Time": 0.885, "Actual Max Startup Time": 0.885, "Actual Min Total Time": 1.428, "Actual Max Total Time": 1.428, "Actual Total Rows": 1140, "Index Cond": "(movie_id = mc.movie_id)", "Rows Removed by Index Recheck": 0}]}, {"Node Type": "Index Only Scan", "Parent Relationship": "Inner", "Scan Direction": "Forward", "Index Name": "keyword_pkey", "Relation Name": "keyword", "Alias": "k", "Startup Cost": 0.0, "Total Cost": 0.27, "Plan Rows": 1, "Plan Width": 4, "Actual Min Startup Time": 3.358, "Actual Max Startup Time": 3.358, "Actual Min Total Time": 3.358, "Actual Max Total Time": 3.358, "Actual Total Rows": 1140, "Index Cond": "(id = mk.keyword_id)", "Rows Removed by Index Recheck": 0, "Heap Fetches": 0}]}]}, "Triggers": [], "Planner Runtime": 236.476, "Total Runtime": 342.383, "Unique SQL Id": 2846462052}}, "(64, 9)": {"explain_plan": {"Plan": {"Node Type": "Aggregate", "Strategy": "Plain", "Startup Cost": 496841.73, "Total Cost": 496841.74, "Plan Rows": 1, "Plan Width": 123, "Plans": [{"Node Type": "Nested Loop", "Parent Relationship": "Outer", "Join Type": "Inner", "Startup Cost": 0.0, "Total Cost": 496841.06, "Plan Rows": 134, "Plan Width": 59, "Inner Unique": true, "Plans": [{"Node Type": "Nested Loop", "Parent Relationship": "Outer", "Join Type": "Inner", "Startup Cost": 0.0, "Total Cost": 496803.53, "Plan Rows": 134, "Plan Width": 63, "Inner Unique": false, "Join Filter": "(t.id = mk.movie_id)", "Plans": [{"Node Type": "Nested Loop", "Parent Relationship": "Outer", "Join Type": "Inner", "Startup Cost": 0.0, "Total Cost": 496793.97, "Plan Rows": 17, "Plan Width": 75, "Inner Unique": true, "Join Filter": "(at.movie_id = t.id)", "Plans": [{"Node Type": "Nested Loop", "Parent Relationship": "Outer", "Join Type": "Inner", "Startup Cost": 0.0, "Total Cost": 496789.74, "Plan Rows": 12, "Plan Width": 54, "Inner Unique": true, "Plans": [{"Node Type": "Nested Loop", "Parent Relationship": "Outer", "Join Type": "Inner", "Startup Cost": 0.0, "Total Cost": 496786.38, "Plan Rows": 12, "Plan Width": 58, "Inner Unique": true, "Plans": [{"Node Type": "Nested Loop", "Parent Relationship": "Outer", "Join Type": "Inner", "Startup Cost": 0.0, "Total Cost": 496780.63, "Plan Rows": 20, "Plan Width": 62, "Inner Unique": false, "Plans": [{"Node Type": "Nested Loop", "Parent Relationship": "Outer", "Join Type": "Inner", "Startup Cost": 0.0, "Total Cost": 496775.32, "Plan Rows": 9, "Plan Width": 50, "Inner Unique": false, "Plans": [{"Node Type": "Nested Loop", "Parent Relationship": "Outer", "Join Type": "Inner", "Startup Cost": 0.0, "Total Cost": 496759.91, "Plan Rows": 4, "Plan Width": 46, "Inner Unique": false, "Plans": [{"Node Type": "Index Scan", "Parent Relationship": "Outer", "Scan Direction": "Forward", "Index Name": "info_type_pkey", "Relation Name": "info_type", "Alias": "it1", "Startup Cost": 0.0, "Total Cost": 14.21, "Plan Rows": 1, "Plan Width": 4, "Filter": "((info)::text = 'release dates'::text)"}, {"Node Type": "Index Scan", "Parent Relationship": "Inner", "Scan Direction": "Forward", "Index Name": "info_type_id_movie_info", "Relation Name": "movie_info", "Alias": "mi", "Startup Cost": 0.0, "Total Cost": 496745.66, "Plan Rows": 4, "Plan Width": 50, "Index Cond": "(info_type_id = it1.id)", "Filter": "((info IS NOT NULL) AND ((note)::text ~~ '%internet%'::text) AND (((info)::text ~~ 'USA:% 199%'::text) OR ((info)::text ~~ 'USA:% 200%'::text)))"}]}, {"Node Type": "Index Only Scan", "Parent Relationship": "Inner", "Scan Direction": "Forward", "Index Name": "movie_id_aka_title", "Relation Name": "aka_title", "Alias": "at", "Startup Cost": 0.0, "Total Cost": 3.82, "Plan Rows": 3, "Plan Width": 4, "Index Cond": "(movie_id = mi.movie_id)"}]}, {"Node Type": "Index Scan", "Parent Relationship": "Inner", "Scan Direction": "Forward", "Index Name": "movie_id_movie_companies", "Relation Name": "movie_companies", "Alias": "mc", "Startup Cost": 0.0, "Total Cost": 0.57, "Plan Rows": 2, "Plan Width": 12, "Index Cond": "(movie_id = at.movie_id)"}]}, {"Node Type": "Index Scan", "Parent Relationship": "Inner", "Scan Direction": "Forward", "Index Name": "company_name_pkey", "Relation Name": "company_name", "Alias": "cn", "Startup Cost": 0.0, "Total Cost": 0.28, "Plan Rows": 1, "Plan Width": 4, "Index Cond": "(id = mc.company_id)", "Filter": "((country_code)::text = '[us]'::text)"}]}, {"Node Type": "Index Only Scan", "Parent Relationship": "Inner", "Scan Direction": "Forward", "Index Name": "company_type_pkey", "Relation Name": "company_type", "Alias": "ct", "Startup Cost": 0.0, "Total Cost": 0.27, "Plan Rows": 1, "Plan Width": 4, "Index Cond": "(id = mc.company_type_id)"}]}, {"Node Type": "Index Scan", "Parent Relationship": "Inner", "Scan Direction": "Forward", "Index Name": "title_pkey", "Relation Name": "title", "Alias": "t", "Startup Cost": 0.0, "Total Cost": 0.34, "Plan Rows": 1, "Plan Width": 21, "Index Cond": "(id = mc.movie_id)", "Filter": "(production_year > 1990)"}]}, {"Node Type": "Index Scan", "Parent Relationship": "Inner", "Scan Direction": "Forward", "Index Name": "movie_id_movie_keyword", "Relation Name": "movie_keyword", "Alias": "mk", "Startup Cost": 0.0, "Total Cost": 0.46, "Plan Rows": 8, "Plan Width": 8, "Index Cond": "(movie_id = mc.movie_id)"}]}, {"Node Type": "Index Only Scan", "Parent Relationship": "Inner", "Scan Direction": "Forward", "Index Name": "keyword_pkey", "Relation Name": "keyword", "Alias": "k", "Startup Cost": 0.0, "Total Cost": 0.27, "Plan Rows": 1, "Plan Width": 4, "Index Cond": "(id = mk.keyword_id)"}]}]}, "Unique SQL Id": 2846462052}, "explain_analyze_plan": null}, "(64, 10)": {"explain_plan": {"Plan": {"Node Type": "Aggregate", "Strategy": "Plain", "Startup Cost": 304079.0, "Total Cost": 304079.01, "Plan Rows": 1, "Plan Width": 123, "Plans": [{"Node Type": "Hash Join", "Parent Relationship": "Outer", "Join Type": "Inner", "Startup Cost": 154962.21, "Total Cost": 304078.33, "Plan Rows": 134, "Plan Width": 59, "Inner Unique": true, "Hash Cond": "(mk.keyword_id = k.id)", "Plans": [{"Node Type": "Nested Loop", "Parent Relationship": "Outer", "Join Type": "Inner", "Startup Cost": 151184.4, "Total Cost": 300298.72, "Plan Rows": 134, "Plan Width": 63, "Inner Unique": true, "Join Filter": "(mc.company_type_id = ct.id)", "Plans": [{"Node Type": "Hash Join", "Parent Relationship": "Outer", "Join Type": "Inner", "Startup Cost": 151184.4, "Total Cost": 300291.65, "Plan Rows": 134, "Plan Width": 67, "Inner Unique": true, "Hash Cond": "(mc.company_id = cn.id)", "Plans": [{"Node Type": "Hash Join", "Parent Relationship": "Outer", "Join Type": "Inner", "Startup Cost": 144216.33, "Total Cost": 293321.64, "Plan Rows": 223, "Plan Width": 71, "Inner Unique": false, "Hash Cond": "(t.id = at.movie_id)", "Plans": [{"Node Type": "Streaming(type: LOCAL GATHER dop: 1/64)", "Parent Relationship": "Outer", "Startup Cost": 137224.26, "Total Cost": 286321.46, "Plan Rows": 101, "Plan Width": 87, "Plans": [{"Node Type": "Hash Join", "Parent Relationship": "Outer", "Join Type": "Inner", "Startup Cost": 137224.26, "Total Cost": 286319.37, "Plan Rows": 101, "Plan Width": 87, "Inner Unique": true, "Hash Cond": "(mi.movie_id = t.id)", "Plans": [{"Node Type": "Streaming(type: BROADCAST dop: 64/1)", "Parent Relationship": "Outer", "Startup Cost": 120873.36, "Total Cost": 269968.17, "Plan Rows": 4672, "Plan Width": 66, "Plans": [{"Node Type": "Hash Join", "Parent Relationship": "Outer", "Join Type": "Inner", "Startup Cost": 120873.36, "Total Cost": 206871.79, "Plan Rows": 73, "Plan Width": 66, "Inner Unique": false, "Hash Cond": "(mk.movie_id = mi.movie_id)", "Plans": [{"Node Type": "Seq Scan", "Parent Relationship": "Outer", "Relation Name": "movie_keyword", "Alias": "mk", "Startup Cost": 0.0, "Total Cost": 62441.29, "Plan Rows": 4523929, "Plan Width": 8}, {"Node Type": "Hash", "Parent Relationship": "Inner", "Startup Cost": 120873.24, "Total Cost": 120873.24, "Plan Rows": 9, "Plan Width": 58, "Plans": [{"Node Type": "Hash Join", "Parent Relationship": "Outer", "Join Type": "Inner", "Startup Cost": 69393.9, "Total Cost": 120873.24, "Plan Rows": 9, "Plan Width": 58, "Inner Unique": false, "Hash Cond": "(mc.movie_id = mi.movie_id)", "Plans": [{"Node Type": "Seq Scan", "Parent Relationship": "Outer", "Relation Name": "movie_companies", "Alias": "mc", "Startup Cost": 0.0, "Total Cost": 41817.28, "Plan Rows": 2609128, "Plan Width": 12}, {"Node Type": "Hash", "Parent Relationship": "Inner", "Startup Cost": 69393.85, "Total Cost": 69393.85, "Plan Rows": 4, "Plan Width": 46, "Plans": [{"Node Type": "Nested Loop", "Parent Relationship": "Outer", "Join Type": "Inner", "Startup Cost": 0.0, "Total Cost": 69393.85, "Plan Rows": 4, "Plan Width": 46, "Inner Unique": false, "Join Filter": "(it1.id = mi.info_type_id)", "Plans": [{"Node Type": "Seq Scan", "Parent Relationship": "Outer", "Relation Name": "info_type", "Alias": "it1", "Startup Cost": 0.0, "Total Cost": 2.4, "Plan Rows": 1, "Plan Width": 4, "Filter": "((info)::text = 'release dates'::text)"}, {"Node Type": "Materialize", "Parent Relationship": "Inner", "Startup Cost": 0.0, "Total Cost": 69388.9, "Plan Rows": 255, "Plan Width": 50, "Plans": [{"Node Type": "Streaming(type: LOCAL GATHER dop: 1/64)", "Parent Relationship": "Outer", "Startup Cost": 0.0, "Total Cost": 69388.27, "Plan Rows": 255, "Plan Width": 50, "Plans": [{"Node Type": "Seq Scan", "Parent Relationship": "Outer", "Relation Name": "movie_info", "Alias": "mi", "Startup Cost": 0.0, "Total Cost": 69383.01, "Plan Rows": 255, "Plan Width": 50, "Filter": "((info IS NOT NULL) AND ((note)::text ~~ '%internet%'::text) AND (((info)::text ~~ 'USA:% 199%'::text) OR ((info)::text ~~ 'USA:% 200%'::text)))"}]}]}]}]}]}]}]}]}, {"Node Type": "Hash", "Parent Relationship": "Inner", "Startup Cost": 64037.34, "Total Cost": 64037.34, "Plan Rows": 1748840, "Plan Width": 21, "Plans": [{"Node Type": "Seq Scan", "Parent Relationship": "Outer", "Relation Name": "title", "Alias": "t", "Startup Cost": 0.0, "Total Cost": 64037.34, "Plan Rows": 1748840, "Plan Width": 21, "Filter": "(production_year > 1990), (LLVM Optimized)"}]}]}]}, {"Node Type": "Hash", "Parent Relationship": "Inner", "Startup Cost": 9894.71, "Total Cost": 9894.71, "Plan Rows": 361471, "Plan Width": 4, "Plans": [{"Node Type": "Seq Scan", "Parent Relationship": "Outer", "Relation Name": "aka_title", "Alias": "at", "Startup Cost": 0.0, "Total Cost": 9894.71, "Plan Rows": 361471, "Plan Width": 4}]}]}, {"Node Type": "Hash", "Parent Relationship": "Inner", "Startup Cost": 5903.45, "Total Cost": 5903.45, "Plan Rows": 85170, "Plan Width": 4, "Plans": [{"Node Type": "Seq Scan", "Parent Relationship": "Outer", "Relation Name": "company_name", "Alias": "cn", "Startup Cost": 0.0, "Total Cost": 5903.45, "Plan Rows": 85170, "Plan Width": 4, "Filter": "((country_code)::text = '[us]'::text)"}]}]}, {"Node Type": "Materialize", "Parent Relationship": "Inner", "Startup Cost": 0.0, "Total Cost": 1.04, "Plan Rows": 3, "Plan Width": 4, "Plans": [{"Node Type": "Seq Scan", "Parent Relationship": "Outer", "Relation Name": "company_type", "Alias": "ct", "Startup Cost": 0.0, "Total Cost": 1.03, "Plan Rows": 3, "Plan Width": 4}]}]}, {"Node Type": "Hash", "Parent Relationship": "Inner", "Startup Cost": 2100.69, "Total Cost": 2100.69, "Plan Rows": 134169, "Plan Width": 4, "Plans": [{"Node Type": "Seq Scan", "Parent Relationship": "Outer", "Relation Name": "keyword", "Alias": "k", "Startup Cost": 0.0, "Total Cost": 2100.69, "Plan Rows": 134169, "Plan Width": 4}]}]}]}, "Unique SQL Id": 2846462052}, "explain_analyze_plan": null}, "(64, 11)": {"explain_plan": {"Plan": {"Node Type": "Aggregate", "Strategy": "Plain", "Startup Cost": 8992369740906.11, "Total Cost": 8992369740906.12, "Plan Rows": 1, "Plan Width": 123, "Plans": [{"Node Type": "Nested Loop", "Parent Relationship": "Outer", "Join Type": "Inner", "Startup Cost": 90000000000.0, "Total Cost": 8992369740905.44, "Plan Rows": 134, "Plan Width": 59, "Inner Unique": false, "Join Filter": "(t.id = at.movie_id)", "Plans": [{"Node Type": "Index Only Scan", "Parent Relationship": "Outer", "Scan Direction": "Forward", "Index Name": "movie_id_aka_title", "Relation Name": "aka_title", "Alias": "at", "Startup Cost": 10000000000.0, "Total Cost": 1000000898631.5, "Plan Rows": 361471, "Plan Width": 4}, {"Node Type": "Materialize", "Parent Relationship": "Inner", "Startup Cost": 80000000000.0, "Total Cost": 7992368413931.01, "Plan Rows": 79, "Plan Width": 75, "Plans": [{"Node Type": "Nested Loop", "Parent Relationship": "Outer", "Join Type": "Inner", "Startup Cost": 80000000000.0, "Total Cost": 7992368413930.61, "Plan Rows": 79, "Plan Width": 75, "Inner Unique": true, "Join Filter": "(mk.keyword_id = k.id)", "Plans": [{"Node Type": "Nested Loop", "Parent Relationship": "Outer", "Join Type": "Inner", "Startup Cost": 70000000000.0, "Total Cost": 6992368048526.42, "Plan Rows": 79, "Plan Width": 79, "Inner Unique": true, "Join Filter": "(mi.info_type_id = it1.id)", "Plans": [{"Node Type": "Merge Join", "Parent Relationship": "Outer", "Join Type": "Inner", "Startup Cost": 60000000000.0, "Total Cost": 5992368047028.28, "Plan Rows": 5143, "Plan Width": 83, "Inner Unique": false, "Merge Cond": "(t.id = mk.movie_id)", "Plans": [{"Node Type": "Nested Loop", "Parent Relationship": "Outer", "Join Type": "Inner", "Startup Cost": 50000000000.0, "Total Cost": 5000148244105.78, "Plan Rows": 635, "Plan Width": 75, "Inner Unique": true, "Join Filter": "(mc.company_type_id = ct.id)", "Plans": [{"Node Type": "Nested Loop", "Parent Relationship": "Outer", "Join Type": "Inner", "Startup Cost": 40000000000.0, "Total Cost": 4000148243247.7, "Plan Rows": 635, "Plan Width": 79, "Inner Unique": true, "Join Filter": "(mc.company_id = cn.id)", "Plans": [{"Node Type": "Merge Join", "Parent Relationship": "Outer", "Join Type": "Inner", "Startup Cost": 30000000000.0, "Total Cost": 3000146228345.55, "Plan Rows": 755, "Plan Width": 83, "Inner Unique": false, "Merge Cond": "(t.id = mc.movie_id)", "Plans": [{"Node Type": "Nested Loop", "Parent Relationship": "Outer", "Join Type": "Inner", "Startup Cost": 20000000000.0, "Total Cost": 2000133169868.42, "Plan Rows": 353, "Plan Width": 71, "Inner Unique": false, "Join Filter": "(mi.movie_id = t.id)", "Plans": [{"Node Type": "Index Scan", "Parent Relationship": "Outer", "Scan Direction": "Forward", "Index Name": "title_pkey", "Relation Name": "title", "Alias": "t", "Startup Cost": 10000000000.0, "Total Cost": 1000011644126.66, "Plan Rows": 1748840, "Plan Width": 21, "Filter": "(production_year > 1990), (LLVM Optimized)"}, {"Node Type": "Materialize", "Parent Relationship": "Inner", "Startup Cost": 10000000000.0, "Total Cost": 1000114836429.39, "Plan Rows": 255, "Plan Width": 50, "Plans": [{"Node Type": "Index Scan", "Parent Relationship": "Outer", "Scan Direction": "Forward", "Index Name": "info_type_id_movie_info", "Relation Name": "movie_info", "Alias": "mi", "Startup Cost": 10000000000.0, "Total Cost": 1000114836428.12, "Plan Rows": 255, "Plan Width": 50, "Filter": "((info IS NOT NULL) AND ((note)::text ~~ '%internet%'::text) AND (((info)::text ~~ 'USA:% 199%'::text) OR ((info)::text ~~ 'USA:% 200%'::text)))"}]}]}, {"Node Type": "Index Scan", "Parent Relationship": "Inner", "Scan Direction": "Forward", "Index Name": "movie_id_movie_companies", "Relation Name": "movie_companies", "Alias": "mc", "Startup Cost": 10000000000.0, "Total Cost": 1000013051946.13, "Plan Rows": 2609128, "Plan Width": 12}]}, {"Node Type": "Materialize", "Parent Relationship": "Inner", "Startup Cost": 10000000000.0, "Total Cost": 1000001050564.82, "Plan Rows": 85170, "Plan Width": 4, "Plans": [{"Node Type": "Index Scan", "Parent Relationship": "Outer", "Scan Direction": "Forward", "Index Name": "company_name_pkey", "Relation Name": "company_name", "Alias": "cn", "Startup Cost": 10000000000.0, "Total Cost": 1000001050138.97, "Plan Rows": 85170, "Plan Width": 4, "Filter": "((country_code)::text = '[us]'::text)"}]}]}, {"Node Type": "Materialize", "Parent Relationship": "Inner", "Startup Cost": 10000000000.0, "Total Cost": 1000000000829.52, "Plan Rows": 3, "Plan Width": 4, "Plans": [{"Node Type": "Index Only Scan", "Parent Relationship": "Outer", "Scan Direction": "Forward", "Index Name": "company_type_pkey", "Relation Name": "company_type", "Alias": "ct", "Startup Cost": 10000000000.0, "Total Cost": 1000000000829.5, "Plan Rows": 3, "Plan Width": 4}]}]}, {"Node Type": "Index Scan", "Parent Relationship": "Inner", "Scan Direction": "Forward", "Index Name": "movie_id_movie_keyword", "Relation Name": "movie_keyword", "Alias": "mk", "Startup Cost": 10000000000.0, "Total Cost": 1000015300634.17, "Plan Rows": 4523929, "Plan Width": 8}]}, {"Node Type": "Materialize", "Parent Relationship": "Inner", "Startup Cost": 10000000000.0, "Total Cost": 1000000001421.0, "Plan Rows": 1, "Plan Width": 4, "Plans": [{"Node Type": "Index Scan", "Parent Relationship": "Outer", "Scan Direction": "Forward", "Index Name": "info_type_pkey", "Relation Name": "info_type", "Alias": "it1", "Startup Cost": 10000000000.0, "Total Cost": 1000000001421.0, "Plan Rows": 1, "Plan Width": 4, "Filter": "((info)::text = 'release dates'::text)"}]}]}, {"Node Type": "Materialize", "Parent Relationship": "Inner", "Startup Cost": 10000000000.0, "Total Cost": 1000000206749.34, "Plan Rows": 134169, "Plan Width": 4, "Plans": [{"Node Type": "Index Only Scan", "Parent Relationship": "Outer", "Scan Direction": "Forward", "Index Name": "keyword_pkey", "Relation Name": "keyword", "Alias": "k", "Startup Cost": 10000000000.0, "Total Cost": 1000000206078.5, "Plan Rows": 134169, "Plan Width": 4}]}]}]}]}]}, "Unique SQL Id": 2846462052}, "explain_analyze_plan": null}, "(64, 12)": {"explain_plan": {"Plan": {"Node Type": "Aggregate", "Strategy": "Plain", "Startup Cost": 69485.15, "Total Cost": 69485.16, "Plan Rows": 1, "Plan Width": 123, "Plans": [{"Node Type": "Nested Loop", "Parent Relationship": "Outer", "Join Type": "Inner", "Startup Cost": 0.0, "Total Cost": 69484.48, "Plan Rows": 134, "Plan Width": 59, "Inner Unique": true, "Plans": [{"Node Type": "Nested Loop", "Parent Relationship": "Outer", "Join Type": "Inner", "Startup Cost": 0.0, "Total Cost": 69446.87, "Plan Rows": 134, "Plan Width": 63, "Inner Unique": false, "Join Filter": "(t.id = mk.movie_id)", "Plans": [{"Node Type": "Nested Loop", "Parent Relationship": "Outer", "Join Type": "Inner", "Startup Cost": 0.0, "Total Cost": 69437.31, "Plan Rows": 17, "Plan Width": 75, "Inner Unique": false, "Plans": [{"Node Type": "Nested Loop", "Parent Relationship": "Outer", "Join Type": "Inner", "Startup Cost": 0.0, "Total Cost": 69433.75, "Plan Rows": 10, "Plan Width": 71, "Inner Unique": true, "Plans": [{"Node Type": "Nested Loop", "Parent Relationship": "Outer", "Join Type": "Inner", "Startup Cost": 0.0, "Total Cost": 69430.58, "Plan Rows": 11, "Plan Width": 75, "Inner Unique": true, "Join Filter": "(mc.company_type_id = ct.id)", "Plans": [{"Node Type": "Nested Loop", "Parent Relationship": "Outer", "Join Type": "Inner", "Startup Cost": 0.0, "Total Cost": 69429.0, "Plan Rows": 12, "Plan Width": 79, "Inner Unique": false, "Plans": [{"Node Type": "Nested Loop", "Parent Relationship": "Outer", "Join Type": "Inner", "Startup Cost": 0.0, "Total Cost": 69426.8, "Plan Rows": 6, "Plan Width": 67, "Inner Unique": true, "Plans": [{"Node Type": "Nested Loop", "Parent Relationship": "Outer", "Join Type": "Inner", "Startup Cost": 0.0, "Total Cost": 69393.85, "Plan Rows": 4, "Plan Width": 46, "Inner Unique": false, "Join Filter": "(it1.id = mi.info_type_id)", "Plans": [{"Node Type": "Seq Scan", "Parent Relationship": "Outer", "Relation Name": "info_type", "Alias": "it1", "Startup Cost": 0.0, "Total Cost": 2.4, "Plan Rows": 1, "Plan Width": 4, "Filter": "((info)::text = 'release dates'::text)"}, {"Node Type": "Materialize", "Parent Relationship": "Inner", "Startup Cost": 0.0, "Total Cost": 69388.9, "Plan Rows": 255, "Plan Width": 50, "Plans": [{"Node Type": "Streaming(type: LOCAL GATHER dop: 1/64)", "Parent Relationship": "Outer", "Startup Cost": 0.0, "Total Cost": 69388.27, "Plan Rows": 255, "Plan Width": 50, "Plans": [{"Node Type": "Seq Scan", "Parent Relationship": "Outer", "Relation Name": "movie_info", "Alias": "mi", "Startup Cost": 0.0, "Total Cost": 69383.01, "Plan Rows": 255, "Plan Width": 50, "Filter": "((info IS NOT NULL) AND ((note)::text ~~ '%internet%'::text) AND (((info)::text ~~ 'USA:% 199%'::text) OR ((info)::text ~~ 'USA:% 200%'::text)))"}]}]}]}, {"Node Type": "Index Scan", "Parent Relationship": "Inner", "Scan Direction": "Forward", "Index Name": "title_pkey", "Relation Name": "title", "Alias": "t", "Startup Cost": 0.0, "Total Cost": 8.23, "Plan Rows": 1, "Plan Width": 21, "Index Cond": "(id = mi.movie_id)", "Filter": "(production_year > 1990)"}]}, {"Node Type": "Index Scan", "Parent Relationship": "Inner", "Scan Direction": "Forward", "Index Name": "movie_id_movie_companies", "Relation Name": "movie_companies", "Alias": "mc", "Startup Cost": 0.0, "Total Cost": 0.35, "Plan Rows": 2, "Plan Width": 12, "Index Cond": "(movie_id = t.id)"}]}, {"Node Type": "Materialize", "Parent Relationship": "Inner", "Startup Cost": 0.0, "Total Cost": 1.04, "Plan Rows": 3, "Plan Width": 4, "Plans": [{"Node Type": "Seq Scan", "Parent Relationship": "Outer", "Relation Name": "company_type", "Alias": "ct", "Startup Cost": 0.0, "Total Cost": 1.03, "Plan Rows": 3, "Plan Width": 4}]}]}, {"Node Type": "Index Scan", "Parent Relationship": "Inner", "Scan Direction": "Forward", "Index Name": "company_name_pkey", "Relation Name": "company_name", "Alias": "cn", "Startup Cost": 0.0, "Total Cost": 0.28, "Plan Rows": 1, "Plan Width": 4, "Index Cond": "(id = mc.company_id)", "Filter": "((country_code)::text = '[us]'::text)"}]}, {"Node Type": "Index Scan", "Parent Relationship": "Inner", "Scan Direction": "Forward", "Index Name": "movie_id_aka_title", "Relation Name": "aka_title", "Alias": "at", "Startup Cost": 0.0, "Total Cost": 0.33, "Plan Rows": 3, "Plan Width": 4, "Index Cond": "(movie_id = t.id)"}]}, {"Node Type": "Index Scan", "Parent Relationship": "Inner", "Scan Direction": "Forward", "Index Name": "movie_id_movie_keyword", "Relation Name": "movie_keyword", "Alias": "mk", "Startup Cost": 0.0, "Total Cost": 0.46, "Plan Rows": 8, "Plan Width": 8, "Index Cond": "(movie_id = mc.movie_id)"}]}, {"Node Type": "Index Scan", "Parent Relationship": "Inner", "Scan Direction": "Forward", "Index Name": "keyword_pkey", "Relation Name": "keyword", "Alias": "k", "Startup Cost": 0.0, "Total Cost": 0.27, "Plan Rows": 1, "Plan Width": 4, "Index Cond": "(id = mk.keyword_id)"}]}]}, "Unique SQL Id": 2846462052}, "explain_analyze_plan": {"Plan": {"Node Type": "Aggregate", "Strategy": "Plain", "Startup Cost": 69485.15, "Total Cost": 69485.16, "Plan Rows": 1, "Plan Width": 123, "Actual Min Startup Time": 253.36, "Actual Max Startup Time": 253.36, "Actual Min Total Time": 253.36, "Actual Max Total Time": 253.36, "Actual Total Rows": 1, "Plans": [{"Node Type": "Nested Loop", "Parent Relationship": "Outer", "Join Type": "Inner", "Startup Cost": 0.0, "Total Cost": 69484.48, "Plan Rows": 134, "Plan Width": 59, "Actual Min Startup Time": 203.657, "Actual Max Startup Time": 203.657, "Actual Min Total Time": 252.557, "Actual Max Total Time": 252.557, "Actual Total Rows": 1140, "Inner Unique": true, "Plans": [{"Node Type": "Nested Loop", "Parent Relationship": "Outer", "Join Type": "Inner", "Startup Cost": 0.0, "Total Cost": 69446.87, "Plan Rows": 134, "Plan Width": 63, "Actual Min Startup Time": 203.643, "Actual Max Startup Time": 203.643, "Actual Min Total Time": 247.626, "Actual Max Total Time": 247.626, "Actual Total Rows": 1140, "Inner Unique": false, "Join Filter": "(t.id = mk.movie_id)", "Rows Removed by Join Filter": 0, "Plans": [{"Node Type": "Nested Loop", "Parent Relationship": "Outer", "Join Type": "Inner", "Startup Cost": 0.0, "Total Cost": 69437.31, "Plan Rows": 17, "Plan Width": 75, "Actual Min Startup Time": 202.995, "Actual Max Startup Time": 202.995, "Actual Min Total Time": 245.966, "Actual Max Total Time": 245.966, "Actual Total Rows": 119, "Inner Unique": false, "Plans": [{"Node Type": "Nested Loop", "Parent Relationship": "Outer", "Join Type": "Inner", "Startup Cost": 0.0, "Total Cost": 69433.75, "Plan Rows": 10, "Plan Width": 71, "Actual Min Startup Time": 202.492, "Actual Max Startup Time": 202.492, "Actual Min Total Time": 239.711, "Actual Max Total Time": 239.711, "Actual Total Rows": 1488, "Inner Unique": true, "Plans": [{"Node Type": "Nested Loop", "Parent Relationship": "Outer", "Join Type": "Inner", "Startup Cost": 0.0, "Total Cost": 69430.58, "Plan Rows": 11, "Plan Width": 75, "Actual Min Startup Time": 202.471, "Actual Max Startup Time": 202.471, "Actual Min Total Time": 230.991, "Actual Max Total Time": 230.991, "Actual Total Rows": 1599, "Inner Unique": true, "Join Filter": "(mc.company_type_id = ct.id)", "Rows Removed by Join Filter": 3855, "Plans": [{"Node Type": "Nested Loop", "Parent Relationship": "Outer", "Join Type": "Inner", "Startup Cost": 0.0, "Total Cost": 69429.0, "Plan Rows": 12, "Plan Width": 79, "Actual Min Startup Time": 202.443, "Actual Max Startup Time": 202.443, "Actual Min Total Time": 228.477, "Actual Max Total Time": 228.477, "Actual Total Rows": 2884, "Inner Unique": false, "Plans": [{"Node Type": "Nested Loop", "Parent Relationship": "Outer", "Join Type": "Inner", "Startup Cost": 0.0, "Total Cost": 69426.8, "Plan Rows": 6, "Plan Width": 67, "Actual Min Startup Time": 202.407, "Actual Max Startup Time": 202.407, "Actual Min Total Time": 216.104, "Actual Max Total Time": 216.104, "Actual Total Rows": 1782, "Inner Unique": true, "Plans": [{"Node Type": "Nested Loop", "Parent Relationship": "Outer", "Join Type": "Inner", "Startup Cost": 0.0, "Total Cost": 69393.85, "Plan Rows": 4, "Plan Width": 46, "Actual Min Startup Time": 202.361, "Actual Max Startup Time": 202.361, "Actual Min Total Time": 203.487, "Actual Max Total Time": 203.487, "Actual Total Rows": 1783, "Inner Unique": false, "Join Filter": "(it1.id = mi.info_type_id)", "Rows Removed by Join Filter": 0, "Plans": [{"Node Type": "Seq Scan", "Parent Relationship": "Outer", "Relation Name": "info_type", "Alias": "it1", "Startup Cost": 0.0, "Total Cost": 2.4, "Plan Rows": 1, "Plan Width": 4, "Actual Min Startup Time": 0.057, "Actual Max Startup Time": 0.057, "Actual Min Total Time": 0.085, "Actual Max Total Time": 0.085, "Actual Total Rows": 1, "Filter": "((info)::text = 'release dates'::text)", "Rows Removed by Filter": 111}, {"Node Type": "Materialize", "Parent Relationship": "Inner", "Startup Cost": 0.0, "Total Cost": 69388.9, "Plan Rows": 255, "Plan Width": 50, "Actual Min Startup Time": 202.279, "Actual Max Startup Time": 202.279, "Actual Min Total Time": 202.596, "Actual Max Total Time": 202.596, "Actual Total Rows": 1784, "Plans": [{"Node Type": "Streaming(type: LOCAL GATHER dop: 1/64)", "Parent Relationship": "Outer", "Startup Cost": 0.0, "Total Cost": 69388.27, "Plan Rows": 255, "Plan Width": 50, "Actual Min Startup Time": 122.507, "Actual Max Startup Time": 122.507, "Actual Min Total Time": 201.922, "Actual Max Total Time": 201.922, "Actual Total Rows": 1783, "Plans": [{"Node Type": "Seq Scan", "Parent Relationship": "Outer", "Relation Name": "movie_info", "Alias": "mi", "Startup Cost": 0.0, "Total Cost": 69383.01, "Plan Rows": 255, "Plan Width": 50, "Actual Min Startup Time": 20.103, "Actual Max Startup Time": 64.6, "Actual Min Total Time": 71.825, "Actual Max Total Time": 115.944, "Actual Total Rows": 1783, "Filter": "((info IS NOT NULL) AND ((note)::text ~~ '%internet%'::text) AND (((info)::text ~~ 'USA:% 199%'::text) OR ((info)::text ~~ 'USA:% 200%'::text)))", "Rows Removed by Filter": 14833936}]}]}]}, {"Node Type": "Index Scan", "Parent Relationship": "Inner", "Scan Direction": "Forward", "Index Name": "title_pkey", "Relation Name": "title", "Alias": "t", "Startup Cost": 0.0, "Total Cost": 8.23, "Plan Rows": 1, "Plan Width": 21, "Actual Min Startup Time": 11.167, "Actual Max Startup Time": 11.167, "Actual Min Total Time": 11.167, "Actual Max Total Time": 11.167, "Actual Total Rows": 1782, "Index Cond": "(id = mi.movie_id)", "Rows Removed by Index Recheck": 0, "Filter": "(production_year > 1990)", "Rows Removed by Filter": 1}]}, {"Node Type": "Index Scan", "Parent Relationship": "Inner", "Scan Direction": "Forward", "Index Name": "movie_id_movie_companies", "Relation Name": "movie_companies", "Alias": "mc", "Startup Cost": 0.0, "Total Cost": 0.35, "Plan Rows": 2, "Plan Width": 12, "Actual Min Startup Time": 8.581, "Actual Max Startup Time": 8.581, "Actual Min Total Time": 10.708, "Actual Max Total Time": 10.708, "Actual Total Rows": 2884, "Index Cond": "(movie_id = t.id)", "Rows Removed by Index Recheck": 0}]}, {"Node Type": "Materialize", "Parent Relationship": "Inner", "Startup Cost": 0.0, "Total Cost": 1.04, "Plan Rows": 3, "Plan Width": 4, "Actual Min Startup Time": 0.264, "Actual Max Startup Time": 0.264, "Actual Min Total Time": 0.589, "Actual Max Total Time": 0.589, "Actual Total Rows": 5454, "Plans": [{"Node Type": "Seq Scan", "Parent Relationship": "Outer", "Relation Name": "company_type", "Alias": "ct", "Startup Cost": 0.0, "Total Cost": 1.03, "Plan Rows": 3, "Plan Width": 4, "Actual Min Startup Time": 0.007, "Actual Max Startup Time": 0.007, "Actual Min Total Time": 0.008, "Actual Max Total Time": 0.008, "Actual Total Rows": 3}]}]}, {"Node Type": "Index Scan", "Parent Relationship": "Inner", "Scan Direction": "Forward", "Index Name": "company_name_pkey", "Relation Name": "company_name", "Alias": "cn", "Startup Cost": 0.0, "Total Cost": 0.28, "Plan Rows": 1, "Plan Width": 4, "Actual Min Startup Time": 7.438, "Actual Max Startup Time": 7.438, "Actual Min Total Time": 7.438, "Actual Max Total Time": 7.438, "Actual Total Rows": 1488, "Index Cond": "(id = mc.company_id)", "Rows Removed by Index Recheck": 0, "Filter": "((country_code)::text = '[us]'::text)", "Rows Removed by Filter": 111}]}, {"Node Type": "Index Scan", "Parent Relationship": "Inner", "Scan Direction": "Forward", "Index Name": "movie_id_aka_title", "Relation Name": "aka_title", "Alias": "at", "Startup Cost": 0.0, "Total Cost": 0.33, "Plan Rows": 3, "Plan Width": 4, "Actual Min Startup Time": 5.302, "Actual Max Startup Time": 5.302, "Actual Min Total Time": 5.402, "Actual Max Total Time": 5.402, "Actual Total Rows": 119, "Index Cond": "(movie_id = t.id)", "Rows Removed by Index Recheck": 0}]}, {"Node Type": "Index Scan", "Parent Relationship": "Inner", "Scan Direction": "Forward", "Index Name": "movie_id_movie_keyword", "Relation Name": "movie_keyword", "Alias": "mk", "Startup Cost": 0.0, "Total Cost": 0.46, "Plan Rows": 8, "Plan Width": 8, "Actual Min Startup Time": 0.62, "Actual Max Startup Time": 0.62, "Actual Min Total Time": 1.134, "Actual Max Total Time": 1.134, "Actual Total Rows": 1140, "Index Cond": "(movie_id = mc.movie_id)", "Rows Removed by Index Recheck": 0}]}, {"Node Type": "Index Scan", "Parent Relationship": "Inner", "Scan Direction": "Forward", "Index Name": "keyword_pkey", "Relation Name": "keyword", "Alias": "k", "Startup Cost": 0.0, "Total Cost": 0.27, "Plan Rows": 1, "Plan Width": 4, "Actual Min Startup Time": 4.027, "Actual Max Startup Time": 4.027, "Actual Min Total Time": 4.027, "Actual Max Total Time": 4.027, "Actual Total Rows": 1140, "Index Cond": "(id = mk.keyword_id)", "Rows Removed by Index Recheck": 0}]}]}, "Triggers": [], "Planner Runtime": 226.584, "Total Runtime": 265.061, "Unique SQL Id": 2846462052}}, "(64, 13)": {"explain_plan": {"Plan": {"Node Type": "Aggregate", "Strategy": "Plain", "Startup Cost": 496852.71, "Total Cost": 496852.72, "Plan Rows": 1, "Plan Width": 123, "Plans": [{"Node Type": "Nested Loop", "Parent Relationship": "Outer", "Join Type": "Inner", "Startup Cost": 0.0, "Total Cost": 496852.04, "Plan Rows": 134, "Plan Width": 59, "Inner Unique": true, "Plans": [{"Node Type": "Nested Loop", "Parent Relationship": "Outer", "Join Type": "Inner", "Startup Cost": 0.0, "Total Cost": 496814.43, "Plan Rows": 134, "Plan Width": 63, "Inner Unique": false, "Join Filter": "(t.id = mk.movie_id)", "Plans": [{"Node Type": "Nested Loop", "Parent Relationship": "Outer", "Join Type": "Inner", "Startup Cost": 0.0, "Total Cost": 496804.87, "Plan Rows": 17, "Plan Width": 75, "Inner Unique": false, "Plans": [{"Node Type": "Nested Loop", "Parent Relationship": "Outer", "Join Type": "Inner", "Startup Cost": 0.0, "Total Cost": 496801.31, "Plan Rows": 10, "Plan Width": 71, "Inner Unique": true, "Plans": [{"Node Type": "Nested Loop", "Parent Relationship": "Outer", "Join Type": "Inner", "Startup Cost": 0.0, "Total Cost": 496798.51, "Plan Rows": 10, "Plan Width": 75, "Inner Unique": true, "Plans": [{"Node Type": "Nested Loop", "Parent Relationship": "Outer", "Join Type": "Inner", "Startup Cost": 0.0, "Total Cost": 496795.05, "Plan Rows": 12, "Plan Width": 79, "Inner Unique": false, "Plans": [{"Node Type": "Nested Loop", "Parent Relationship": "Outer", "Join Type": "Inner", "Startup Cost": 0.0, "Total Cost": 496792.85, "Plan Rows": 6, "Plan Width": 67, "Inner Unique": true, "Plans": [{"Node Type": "Nested Loop", "Parent Relationship": "Outer", "Join Type": "Inner", "Startup Cost": 0.0, "Total Cost": 496759.91, "Plan Rows": 4, "Plan Width": 46, "Inner Unique": false, "Plans": [{"Node Type": "Index Scan", "Parent Relationship": "Outer", "Scan Direction": "Forward", "Index Name": "info_type_pkey", "Relation Name": "info_type", "Alias": "it1", "Startup Cost": 0.0, "Total Cost": 14.21, "Plan Rows": 1, "Plan Width": 4, "Filter": "((info)::text = 'release dates'::text)"}, {"Node Type": "Index Scan", "Parent Relationship": "Inner", "Scan Direction": "Forward", "Index Name": "info_type_id_movie_info", "Relation Name": "movie_info", "Alias": "mi", "Startup Cost": 0.0, "Total Cost": 496745.66, "Plan Rows": 4, "Plan Width": 50, "Index Cond": "(info_type_id = it1.id)", "Filter": "((info IS NOT NULL) AND ((note)::text ~~ '%internet%'::text) AND (((info)::text ~~ 'USA:% 199%'::text) OR ((info)::text ~~ 'USA:% 200%'::text)))"}]}, {"Node Type": "Index Scan", "Parent Relationship": "Inner", "Scan Direction": "Forward", "Index Name": "title_pkey", "Relation Name": "title", "Alias": "t", "Startup Cost": 0.0, "Total Cost": 8.23, "Plan Rows": 1, "Plan Width": 21, "Index Cond": "(id = mi.movie_id)", "Filter": "(production_year > 1990)"}]}, {"Node Type": "Index Scan", "Parent Relationship": "Inner", "Scan Direction": "Forward", "Index Name": "movie_id_movie_companies", "Relation Name": "movie_companies", "Alias": "mc", "Startup Cost": 0.0, "Total Cost": 0.35, "Plan Rows": 2, "Plan Width": 12, "Index Cond": "(movie_id = t.id)"}]}, {"Node Type": "Index Scan", "Parent Relationship": "Inner", "Scan Direction": "Forward", "Index Name": "company_name_pkey", "Relation Name": "company_name", "Alias": "cn", "Startup Cost": 0.0, "Total Cost": 0.28, "Plan Rows": 1, "Plan Width": 4, "Index Cond": "(id = mc.company_id)", "Filter": "((country_code)::text = '[us]'::text)"}]}, {"Node Type": "Index Scan", "Parent Relationship": "Inner", "Scan Direction": "Forward", "Index Name": "company_type_pkey", "Relation Name": "company_type", "Alias": "ct", "Startup Cost": 0.0, "Total Cost": 0.27, "Plan Rows": 1, "Plan Width": 4, "Index Cond": "(id = mc.company_type_id)"}]}, {"Node Type": "Index Scan", "Parent Relationship": "Inner", "Scan Direction": "Forward", "Index Name": "movie_id_aka_title", "Relation Name": "aka_title", "Alias": "at", "Startup Cost": 0.0, "Total Cost": 0.33, "Plan Rows": 3, "Plan Width": 4, "Index Cond": "(movie_id = t.id)"}]}, {"Node Type": "Index Scan", "Parent Relationship": "Inner", "Scan Direction": "Forward", "Index Name": "movie_id_movie_keyword", "Relation Name": "movie_keyword", "Alias": "mk", "Startup Cost": 0.0, "Total Cost": 0.46, "Plan Rows": 8, "Plan Width": 8, "Index Cond": "(movie_id = mc.movie_id)"}]}, {"Node Type": "Index Scan", "Parent Relationship": "Inner", "Scan Direction": "Forward", "Index Name": "keyword_pkey", "Relation Name": "keyword", "Alias": "k", "Startup Cost": 0.0, "Total Cost": 0.27, "Plan Rows": 1, "Plan Width": 4, "Index Cond": "(id = mk.keyword_id)"}]}]}, "Unique SQL Id": 2846462052}, "explain_analyze_plan": null}, "(64, 14)": {"explain_plan": {"Plan": {"Node Type": "Aggregate", "Strategy": "Plain", "Startup Cost": 304079.0, "Total Cost": 304079.01, "Plan Rows": 1, "Plan Width": 123, "Plans": [{"Node Type": "Hash Join", "Parent Relationship": "Outer", "Join Type": "Inner", "Startup Cost": 154962.21, "Total Cost": 304078.33, "Plan Rows": 134, "Plan Width": 59, "Inner Unique": true, "Hash Cond": "(mk.keyword_id = k.id)", "Plans": [{"Node Type": "Nested Loop", "Parent Relationship": "Outer", "Join Type": "Inner", "Startup Cost": 151184.4, "Total Cost": 300298.72, "Plan Rows": 134, "Plan Width": 63, "Inner Unique": true, "Join Filter": "(mc.company_type_id = ct.id)", "Plans": [{"Node Type": "Hash Join", "Parent Relationship": "Outer", "Join Type": "Inner", "Startup Cost": 151184.4, "Total Cost": 300291.65, "Plan Rows": 134, "Plan Width": 67, "Inner Unique": true, "Hash Cond": "(mc.company_id = cn.id)", "Plans": [{"Node Type": "Hash Join", "Parent Relationship": "Outer", "Join Type": "Inner", "Startup Cost": 144216.33, "Total Cost": 293321.64, "Plan Rows": 223, "Plan Width": 71, "Inner Unique": false, "Hash Cond": "(t.id = at.movie_id)", "Plans": [{"Node Type": "Streaming(type: LOCAL GATHER dop: 1/64)", "Parent Relationship": "Outer", "Startup Cost": 137224.26, "Total Cost": 286321.46, "Plan Rows": 101, "Plan Width": 87, "Plans": [{"Node Type": "Hash Join", "Parent Relationship": "Outer", "Join Type": "Inner", "Startup Cost": 137224.26, "Total Cost": 286319.37, "Plan Rows": 101, "Plan Width": 87, "Inner Unique": true, "Hash Cond": "(mi.movie_id = t.id)", "Plans": [{"Node Type": "Streaming(type: BROADCAST dop: 64/1)", "Parent Relationship": "Outer", "Startup Cost": 120873.36, "Total Cost": 269968.17, "Plan Rows": 4672, "Plan Width": 66, "Plans": [{"Node Type": "Hash Join", "Parent Relationship": "Outer", "Join Type": "Inner", "Startup Cost": 120873.36, "Total Cost": 206871.79, "Plan Rows": 73, "Plan Width": 66, "Inner Unique": false, "Hash Cond": "(mk.movie_id = mi.movie_id)", "Plans": [{"Node Type": "Seq Scan", "Parent Relationship": "Outer", "Relation Name": "movie_keyword", "Alias": "mk", "Startup Cost": 0.0, "Total Cost": 62441.29, "Plan Rows": 4523929, "Plan Width": 8}, {"Node Type": "Hash", "Parent Relationship": "Inner", "Startup Cost": 120873.24, "Total Cost": 120873.24, "Plan Rows": 9, "Plan Width": 58, "Plans": [{"Node Type": "Hash Join", "Parent Relationship": "Outer", "Join Type": "Inner", "Startup Cost": 69393.9, "Total Cost": 120873.24, "Plan Rows": 9, "Plan Width": 58, "Inner Unique": false, "Hash Cond": "(mc.movie_id = mi.movie_id)", "Plans": [{"Node Type": "Seq Scan", "Parent Relationship": "Outer", "Relation Name": "movie_companies", "Alias": "mc", "Startup Cost": 0.0, "Total Cost": 41817.28, "Plan Rows": 2609128, "Plan Width": 12}, {"Node Type": "Hash", "Parent Relationship": "Inner", "Startup Cost": 69393.85, "Total Cost": 69393.85, "Plan Rows": 4, "Plan Width": 46, "Plans": [{"Node Type": "Nested Loop", "Parent Relationship": "Outer", "Join Type": "Inner", "Startup Cost": 0.0, "Total Cost": 69393.85, "Plan Rows": 4, "Plan Width": 46, "Inner Unique": false, "Join Filter": "(it1.id = mi.info_type_id)", "Plans": [{"Node Type": "Seq Scan", "Parent Relationship": "Outer", "Relation Name": "info_type", "Alias": "it1", "Startup Cost": 0.0, "Total Cost": 2.4, "Plan Rows": 1, "Plan Width": 4, "Filter": "((info)::text = 'release dates'::text)"}, {"Node Type": "Materialize", "Parent Relationship": "Inner", "Startup Cost": 0.0, "Total Cost": 69388.9, "Plan Rows": 255, "Plan Width": 50, "Plans": [{"Node Type": "Streaming(type: LOCAL GATHER dop: 1/64)", "Parent Relationship": "Outer", "Startup Cost": 0.0, "Total Cost": 69388.27, "Plan Rows": 255, "Plan Width": 50, "Plans": [{"Node Type": "Seq Scan", "Parent Relationship": "Outer", "Relation Name": "movie_info", "Alias": "mi", "Startup Cost": 0.0, "Total Cost": 69383.01, "Plan Rows": 255, "Plan Width": 50, "Filter": "((info IS NOT NULL) AND ((note)::text ~~ '%internet%'::text) AND (((info)::text ~~ 'USA:% 199%'::text) OR ((info)::text ~~ 'USA:% 200%'::text)))"}]}]}]}]}]}]}]}]}, {"Node Type": "Hash", "Parent Relationship": "Inner", "Startup Cost": 64037.34, "Total Cost": 64037.34, "Plan Rows": 1748840, "Plan Width": 21, "Plans": [{"Node Type": "Seq Scan", "Parent Relationship": "Outer", "Relation Name": "title", "Alias": "t", "Startup Cost": 0.0, "Total Cost": 64037.34, "Plan Rows": 1748840, "Plan Width": 21, "Filter": "(production_year > 1990), (LLVM Optimized)"}]}]}]}, {"Node Type": "Hash", "Parent Relationship": "Inner", "Startup Cost": 9894.71, "Total Cost": 9894.71, "Plan Rows": 361471, "Plan Width": 4, "Plans": [{"Node Type": "Seq Scan", "Parent Relationship": "Outer", "Relation Name": "aka_title", "Alias": "at", "Startup Cost": 0.0, "Total Cost": 9894.71, "Plan Rows": 361471, "Plan Width": 4}]}]}, {"Node Type": "Hash", "Parent Relationship": "Inner", "Startup Cost": 5903.45, "Total Cost": 5903.45, "Plan Rows": 85170, "Plan Width": 4, "Plans": [{"Node Type": "Seq Scan", "Parent Relationship": "Outer", "Relation Name": "company_name", "Alias": "cn", "Startup Cost": 0.0, "Total Cost": 5903.45, "Plan Rows": 85170, "Plan Width": 4, "Filter": "((country_code)::text = '[us]'::text)"}]}]}, {"Node Type": "Materialize", "Parent Relationship": "Inner", "Startup Cost": 0.0, "Total Cost": 1.04, "Plan Rows": 3, "Plan Width": 4, "Plans": [{"Node Type": "Seq Scan", "Parent Relationship": "Outer", "Relation Name": "company_type", "Alias": "ct", "Startup Cost": 0.0, "Total Cost": 1.03, "Plan Rows": 3, "Plan Width": 4}]}]}, {"Node Type": "Hash", "Parent Relationship": "Inner", "Startup Cost": 2100.69, "Total Cost": 2100.69, "Plan Rows": 134169, "Plan Width": 4, "Plans": [{"Node Type": "Seq Scan", "Parent Relationship": "Outer", "Relation Name": "keyword", "Alias": "k", "Startup Cost": 0.0, "Total Cost": 2100.69, "Plan Rows": 134169, "Plan Width": 4}]}]}]}, "Unique SQL Id": 2846462052}, "explain_analyze_plan": null}, "(64, 15)": {"explain_plan": {"Plan": {"Node Type": "Aggregate", "Strategy": "Plain", "Startup Cost": 8992370911326.05, "Total Cost": 8992370911326.06, "Plan Rows": 1, "Plan Width": 123, "Plans": [{"Node Type": "Nested Loop", "Parent Relationship": "Outer", "Join Type": "Inner", "Startup Cost": 90000000000.0, "Total Cost": 8992370911325.38, "Plan Rows": 134, "Plan Width": 59, "Inner Unique": false, "Join Filter": "(t.id = at.movie_id)", "Plans": [{"Node Type": "Index Scan", "Parent Relationship": "Outer", "Scan Direction": "Forward", "Index Name": "movie_id_aka_title", "Relation Name": "aka_title", "Alias": "at", "Startup Cost": 10000000000.0, "Total Cost": 1000001990001.13, "Plan Rows": 361471, "Plan Width": 4}, {"Node Type": "Materialize", "Parent Relationship": "Inner", "Startup Cost": 80000000000.0, "Total Cost": 7992368492981.31, "Plan Rows": 79, "Plan Width": 75, "Plans": [{"Node Type": "Nested Loop", "Parent Relationship": "Outer", "Join Type": "Inner", "Startup Cost": 80000000000.0, "Total Cost": 7992368492980.92, "Plan Rows": 79, "Plan Width": 75, "Inner Unique": true, "Join Filter": "(mk.keyword_id = k.id)", "Plans": [{"Node Type": "Nested Loop", "Parent Relationship": "Outer", "Join Type": "Inner", "Startup Cost": 70000000000.0, "Total Cost": 6992368048925.79, "Plan Rows": 79, "Plan Width": 79, "Inner Unique": true, "Join Filter": "(mi.info_type_id = it1.id)", "Plans": [{"Node Type": "Merge Join", "Parent Relationship": "Outer", "Join Type": "Inner", "Startup Cost": 60000000000.0, "Total Cost": 5992368047427.65, "Plan Rows": 5143, "Plan Width": 83, "Inner Unique": false, "Merge Cond": "(t.id = mk.movie_id)", "Plans": [{"Node Type": "Nested Loop", "Parent Relationship": "Outer", "Join Type": "Inner", "Startup Cost": 50000000000.0, "Total Cost": 5000148244505.78, "Plan Rows": 635, "Plan Width": 75, "Inner Unique": true, "Join Filter": "(mc.company_type_id = ct.id)", "Plans": [{"Node Type": "Nested Loop", "Parent Relationship": "Outer", "Join Type": "Inner", "Startup Cost": 40000000000.0, "Total Cost": 4000148243247.7, "Plan Rows": 635, "Plan Width": 79, "Inner Unique": true, "Join Filter": "(mc.company_id = cn.id)", "Plans": [{"Node Type": "Merge Join", "Parent Relationship": "Outer", "Join Type": "Inner", "Startup Cost": 30000000000.0, "Total Cost": 3000146228345.55, "Plan Rows": 755, "Plan Width": 83, "Inner Unique": false, "Merge Cond": "(t.id = mc.movie_id)", "Plans": [{"Node Type": "Nested Loop", "Parent Relationship": "Outer", "Join Type": "Inner", "Startup Cost": 20000000000.0, "Total Cost": 2000133169868.42, "Plan Rows": 353, "Plan Width": 71, "Inner Unique": false, "Join Filter": "(mi.movie_id = t.id)", "Plans": [{"Node Type": "Index Scan", "Parent Relationship": "Outer", "Scan Direction": "Forward", "Index Name": "title_pkey", "Relation Name": "title", "Alias": "t", "Startup Cost": 10000000000.0, "Total Cost": 1000011644126.66, "Plan Rows": 1748840, "Plan Width": 21, "Filter": "(production_year > 1990), (LLVM Optimized)"}, {"Node Type": "Materialize", "Parent Relationship": "Inner", "Startup Cost": 10000000000.0, "Total Cost": 1000114836429.39, "Plan Rows": 255, "Plan Width": 50, "Plans": [{"Node Type": "Index Scan", "Parent Relationship": "Outer", "Scan Direction": "Forward", "Index Name": "info_type_id_movie_info", "Relation Name": "movie_info", "Alias": "mi", "Startup Cost": 10000000000.0, "Total Cost": 1000114836428.12, "Plan Rows": 255, "Plan Width": 50, "Filter": "((info IS NOT NULL) AND ((note)::text ~~ '%internet%'::text) AND (((info)::text ~~ 'USA:% 199%'::text) OR ((info)::text ~~ 'USA:% 200%'::text)))"}]}]}, {"Node Type": "Index Scan", "Parent Relationship": "Inner", "Scan Direction": "Forward", "Index Name": "movie_id_movie_companies", "Relation Name": "movie_companies", "Alias": "mc", "Startup Cost": 10000000000.0, "Total Cost": 1000013051946.13, "Plan Rows": 2609128, "Plan Width": 12}]}, {"Node Type": "Materialize", "Parent Relationship": "Inner", "Startup Cost": 10000000000.0, "Total Cost": 1000001050564.82, "Plan Rows": 85170, "Plan Width": 4, "Plans": [{"Node Type": "Index Scan", "Parent Relationship": "Outer", "Scan Direction": "Forward", "Index Name": "company_name_pkey", "Relation Name": "company_name", "Alias": "cn", "Startup Cost": 10000000000.0, "Total Cost": 1000001050138.97, "Plan Rows": 85170, "Plan Width": 4, "Filter": "((country_code)::text = '[us]'::text)"}]}]}, {"Node Type": "Materialize", "Parent Relationship": "Inner", "Startup Cost": 10000000000.0, "Total Cost": 1000000001229.52, "Plan Rows": 3, "Plan Width": 4, "Plans": [{"Node Type": "Index Scan", "Parent Relationship": "Outer", "Scan Direction": "Forward", "Index Name": "company_type_pkey", "Relation Name": "company_type", "Alias": "ct", "Startup Cost": 10000000000.0, "Total Cost": 1000000001229.5, "Plan Rows": 3, "Plan Width": 4}]}]}, {"Node Type": "Index Scan", "Parent Relationship": "Inner", "Scan Direction": "Forward", "Index Name": "movie_id_movie_keyword", "Relation Name": "movie_keyword", "Alias": "mk", "Startup Cost": 10000000000.0, "Total Cost": 1000015300634.17, "Plan Rows": 4523929, "Plan Width": 8}]}, {"Node Type": "Materialize", "Parent Relationship": "Inner", "Startup Cost": 10000000000.0, "Total Cost": 1000000001421.0, "Plan Rows": 1, "Plan Width": 4, "Plans": [{"Node Type": "Index Scan", "Parent Relationship": "Outer", "Scan Direction": "Forward", "Index Name": "info_type_pkey", "Relation Name": "info_type", "Alias": "it1", "Startup Cost": 10000000000.0, "Total Cost": 1000000001421.0, "Plan Rows": 1, "Plan Width": 4, "Filter": "((info)::text = 'release dates'::text)"}]}]}, {"Node Type": "Materialize", "Parent Relationship": "Inner", "Startup Cost": 10000000000.0, "Total Cost": 1000000285400.28, "Plan Rows": 134169, "Plan Width": 4, "Plans": [{"Node Type": "Index Scan", "Parent Relationship": "Outer", "Scan Direction": "Forward", "Index Name": "keyword_pkey", "Relation Name": "keyword", "Alias": "k", "Startup Cost": 10000000000.0, "Total Cost": 1000000284729.43, "Plan Rows": 134169, "Plan Width": 4}]}]}]}]}]}, "Unique SQL Id": 2846462052}, "explain_analyze_plan": null}, "(64, 16)": {"explain_plan": {"Plan": {"Node Type": "Aggregate", "Strategy": "Plain", "Startup Cost": 69465.16, "Total Cost": 69465.17, "Plan Rows": 1, "Plan Width": 123, "Plans": [{"Node Type": "Nested Loop", "Parent Relationship": "Outer", "Join Type": "Inner", "Startup Cost": 0.0, "Total Cost": 69464.49, "Plan Rows": 134, "Plan Width": 59, "Inner Unique": false, "Plans": [{"Node Type": "Nested Loop", "Parent Relationship": "Outer", "Join Type": "Inner", "Startup Cost": 0.0, "Total Cost": 69449.44, "Plan Rows": 44, "Plan Width": 75, "Inner Unique": true, "Plans": [{"Node Type": "Nested Loop", "Parent Relationship": "Outer", "Join Type": "Inner", "Startup Cost": 0.0, "Total Cost": 69437.12, "Plan Rows": 44, "Plan Width": 79, "Inner Unique": false, "Join Filter": "(t.id = mk.movie_id)", "Plans": [{"Node Type": "Nested Loop", "Parent Relationship": "Outer", "Join Type": "Inner", "Startup Cost": 0.0, "Total Cost": 69433.75, "Plan Rows": 6, "Plan Width": 71, "Inner Unique": true, "Plans": [{"Node Type": "Nested Loop", "Parent Relationship": "Outer", "Join Type": "Inner", "Startup Cost": 0.0, "Total Cost": 69430.58, "Plan Rows": 11, "Plan Width": 75, "Inner Unique": true, "Join Filter": "(mc.company_type_id = ct.id)", "Plans": [{"Node Type": "Nested Loop", "Parent Relationship": "Outer", "Join Type": "Inner", "Startup Cost": 0.0, "Total Cost": 69429.0, "Plan Rows": 12, "Plan Width": 79, "Inner Unique": false, "Plans": [{"Node Type": "Nested Loop", "Parent Relationship": "Outer", "Join Type": "Inner", "Startup Cost": 0.0, "Total Cost": 69426.8, "Plan Rows": 6, "Plan Width": 67, "Inner Unique": true, "Plans": [{"Node Type": "Nested Loop", "Parent Relationship": "Outer", "Join Type": "Inner", "Startup Cost": 0.0, "Total Cost": 69393.85, "Plan Rows": 4, "Plan Width": 46, "Inner Unique": false, "Join Filter": "(it1.id = mi.info_type_id)", "Plans": [{"Node Type": "Seq Scan", "Parent Relationship": "Outer", "Relation Name": "info_type", "Alias": "it1", "Startup Cost": 0.0, "Total Cost": 2.4, "Plan Rows": 1, "Plan Width": 4, "Filter": "((info)::text = 'release dates'::text)"}, {"Node Type": "Materialize", "Parent Relationship": "Inner", "Startup Cost": 0.0, "Total Cost": 69388.9, "Plan Rows": 255, "Plan Width": 50, "Plans": [{"Node Type": "Streaming(type: LOCAL GATHER dop: 1/64)", "Parent Relationship": "Outer", "Startup Cost": 0.0, "Total Cost": 69388.27, "Plan Rows": 255, "Plan Width": 50, "Plans": [{"Node Type": "Seq Scan", "Parent Relationship": "Outer", "Relation Name": "movie_info", "Alias": "mi", "Startup Cost": 0.0, "Total Cost": 69383.01, "Plan Rows": 255, "Plan Width": 50, "Filter": "((info IS NOT NULL) AND ((note)::text ~~ '%internet%'::text) AND (((info)::text ~~ 'USA:% 199%'::text) OR ((info)::text ~~ 'USA:% 200%'::text)))"}]}]}]}, {"Node Type": "Index Scan", "Parent Relationship": "Inner", "Scan Direction": "Forward", "Index Name": "title_pkey", "Relation Name": "title", "Alias": "t", "Startup Cost": 0.0, "Total Cost": 8.23, "Plan Rows": 1, "Plan Width": 21, "Index Cond": "(id = mi.movie_id)", "Filter": "(production_year > 1990)"}]}, {"Node Type": "Index Scan", "Parent Relationship": "Inner", "Scan Direction": "Forward", "Index Name": "movie_id_movie_companies", "Relation Name": "movie_companies", "Alias": "mc", "Startup Cost": 0.0, "Total Cost": 0.35, "Plan Rows": 2, "Plan Width": 12, "Index Cond": "(movie_id = t.id)"}]}, {"Node Type": "Materialize", "Parent Relationship": "Inner", "Startup Cost": 0.0, "Total Cost": 1.04, "Plan Rows": 3, "Plan Width": 4, "Plans": [{"Node Type": "Seq Scan", "Parent Relationship": "Outer", "Relation Name": "company_type", "Alias": "ct", "Startup Cost": 0.0, "Total Cost": 1.03, "Plan Rows": 3, "Plan Width": 4}]}]}, {"Node Type": "Index Scan", "Parent Relationship": "Inner", "Scan Direction": "Forward", "Index Name": "company_name_pkey", "Relation Name": "company_name", "Alias": "cn", "Startup Cost": 0.0, "Total Cost": 0.28, "Plan Rows": 1, "Plan Width": 4, "Index Cond": "(id = mc.company_id)", "Filter": "((country_code)::text = '[us]'::text)"}]}, {"Node Type": "Index Scan", "Parent Relationship": "Inner", "Scan Direction": "Forward", "Index Name": "movie_id_movie_keyword", "Relation Name": "movie_keyword", "Alias": "mk", "Startup Cost": 0.0, "Total Cost": 0.46, "Plan Rows": 8, "Plan Width": 8, "Index Cond": "(movie_id = mc.movie_id)"}]}, {"Node Type": "Index Only Scan", "Parent Relationship": "Inner", "Scan Direction": "Forward", "Index Name": "keyword_pkey", "Relation Name": "keyword", "Alias": "k", "Startup Cost": 0.0, "Total Cost": 0.27, "Plan Rows": 1, "Plan Width": 4, "Index Cond": "(id = mk.keyword_id)"}]}, {"Node Type": "Index Only Scan", "Parent Relationship": "Inner", "Scan Direction": "Forward", "Index Name": "movie_id_aka_title", "Relation Name": "aka_title", "Alias": "at", "Startup Cost": 0.0, "Total Cost": 0.31, "Plan Rows": 3, "Plan Width": 4, "Index Cond": "(movie_id = t.id)"}]}]}, "Unique SQL Id": 2846462052}, "explain_analyze_plan": {"Plan": {"Node Type": "Aggregate", "Strategy": "Plain", "Startup Cost": 69465.16, "Total Cost": 69465.17, "Plan Rows": 1, "Plan Width": 123, "Actual Min Startup Time": 358.197, "Actual Max Startup Time": 358.197, "Actual Min Total Time": 358.197, "Actual Max Total Time": 358.197, "Actual Total Rows": 1, "Plans": [{"Node Type": "Nested Loop", "Parent Relationship": "Outer", "Join Type": "Inner", "Startup Cost": 0.0, "Total Cost": 69464.49, "Plan Rows": 134, "Plan Width": 59, "Actual Min Startup Time": 259.162, "Actual Max Startup Time": 259.162, "Actual Min Total Time": 357.353, "Actual Max Total Time": 357.353, "Actual Total Rows": 1140, "Inner Unique": false, "Plans": [{"Node Type": "Nested Loop", "Parent Relationship": "Outer", "Join Type": "Inner", "Startup Cost": 0.0, "Total Cost": 69449.44, "Plan Rows": 44, "Plan Width": 75, "Actual Min Startup Time": 256.846, "Actual Max Startup Time": 256.846, "Actual Min Total Time": 344.271, "Actual Max Total Time": 344.271, "Actual Total Rows": 4808, "Inner Unique": true, "Plans": [{"Node Type": "Nested Loop", "Parent Relationship": "Outer", "Join Type": "Inner", "Startup Cost": 0.0, "Total Cost": 69437.12, "Plan Rows": 44, "Plan Width": 79, "Actual Min Startup Time": 256.823, "Actual Max Startup Time": 256.823, "Actual Min Total Time": 327.146, "Actual Max Total Time": 327.146, "Actual Total Rows": 4808, "Inner Unique": false, "Join Filter": "(t.id = mk.movie_id)", "Rows Removed by Join Filter": 0, "Plans": [{"Node Type": "Nested Loop", "Parent Relationship": "Outer", "Join Type": "Inner", "Startup Cost": 0.0, "Total Cost": 69433.75, "Plan Rows": 6, "Plan Width": 71, "Actual Min Startup Time": 256.475, "Actual Max Startup Time": 256.475, "Actual Min Total Time": 302.064, "Actual Max Total Time": 302.064, "Actual Total Rows": 1488, "Inner Unique": true, "Plans": [{"Node Type": "Nested Loop", "Parent Relationship": "Outer", "Join Type": "Inner", "Startup Cost": 0.0, "Total Cost": 69430.58, "Plan Rows": 11, "Plan Width": 75, "Actual Min Startup Time": 256.447, "Actual Max Startup Time": 256.447, "Actual Min Total Time": 291.003, "Actual Max Total Time": 291.003, "Actual Total Rows": 1599, "Inner Unique": true, "Join Filter": "(mc.company_type_id = ct.id)", "Rows Removed by Join Filter": 3855, "Plans": [{"Node Type": "Nested Loop", "Parent Relationship": "Outer", "Join Type": "Inner", "Startup Cost": 0.0, "Total Cost": 69429.0, "Plan Rows": 12, "Plan Width": 79, "Actual Min Startup Time": 256.421, "Actual Max Startup Time": 256.421, "Actual Min Total Time": 288.317, "Actual Max Total Time": 288.317, "Actual Total Rows": 2884, "Inner Unique": false, "Plans": [{"Node Type": "Nested Loop", "Parent Relationship": "Outer", "Join Type": "Inner", "Startup Cost": 0.0, "Total Cost": 69426.8, "Plan Rows": 6, "Plan Width": 67, "Actual Min Startup Time": 256.376, "Actual Max Startup Time": 256.376, "Actual Min Total Time": 272.324, "Actual Max Total Time": 272.324, "Actual Total Rows": 1782, "Inner Unique": true, "Plans": [{"Node Type": "Nested Loop", "Parent Relationship": "Outer", "Join Type": "Inner", "Startup Cost": 0.0, "Total Cost": 69393.85, "Plan Rows": 4, "Plan Width": 46, "Actual Min Startup Time": 256.321, "Actual Max Startup Time": 256.321, "Actual Min Total Time": 257.722, "Actual Max Total Time": 257.722, "Actual Total Rows": 1783, "Inner Unique": false, "Join Filter": "(it1.id = mi.info_type_id)", "Rows Removed by Join Filter": 0, "Plans": [{"Node Type": "Seq Scan", "Parent Relationship": "Outer", "Relation Name": "info_type", "Alias": "it1", "Startup Cost": 0.0, "Total Cost": 2.4, "Plan Rows": 1, "Plan Width": 4, "Actual Min Startup Time": 0.085, "Actual Max Startup Time": 0.085, "Actual Min Total Time": 0.121, "Actual Max Total Time": 0.121, "Actual Total Rows": 1, "Filter": "((info)::text = 'release dates'::text)", "Rows Removed by Filter": 111}, {"Node Type": "Materialize", "Parent Relationship": "Inner", "Startup Cost": 0.0, "Total Cost": 69388.9, "Plan Rows": 255, "Plan Width": 50, "Actual Min Startup Time": 256.196, "Actual Max Startup Time": 256.196, "Actual Min Total Time": 256.584, "Actual Max Total Time": 256.584, "Actual Total Rows": 1784, "Plans": [{"Node Type": "Streaming(type: LOCAL GATHER dop: 1/64)", "Parent Relationship": "Outer", "Startup Cost": 0.0, "Total Cost": 69388.27, "Plan Rows": 255, "Plan Width": 50, "Actual Min Startup Time": 146.722, "Actual Max Startup Time": 146.722, "Actual Min Total Time": 255.775, "Actual Max Total Time": 255.775, "Actual Total Rows": 1783, "Plans": [{"Node Type": "Seq Scan", "Parent Relationship": "Outer", "Relation Name": "movie_info", "Alias": "mi", "Startup Cost": 0.0, "Total Cost": 69383.01, "Plan Rows": 255, "Plan Width": 50, "Actual Min Startup Time": 20.651, "Actual Max Startup Time": 29.329, "Actual Min Total Time": 72.378, "Actual Max Total Time": 84.768, "Actual Total Rows": 1783, "Filter": "((info IS NOT NULL) AND ((note)::text ~~ '%internet%'::text) AND (((info)::text ~~ 'USA:% 199%'::text) OR ((info)::text ~~ 'USA:% 200%'::text)))", "Rows Removed by Filter": 14833936}]}]}]}, {"Node Type": "Index Scan", "Parent Relationship": "Inner", "Scan Direction": "Forward", "Index Name": "title_pkey", "Relation Name": "title", "Alias": "t", "Startup Cost": 0.0, "Total Cost": 8.23, "Plan Rows": 1, "Plan Width": 21, "Actual Min Startup Time": 12.916, "Actual Max Startup Time": 12.916, "Actual Min Total Time": 12.916, "Actual Max Total Time": 12.916, "Actual Total Rows": 1782, "Index Cond": "(id = mi.movie_id)", "Rows Removed by Index Recheck": 0, "Filter": "(production_year > 1990)", "Rows Removed by Filter": 1}]}, {"Node Type": "Index Scan", "Parent Relationship": "Inner", "Scan Direction": "Forward", "Index Name": "movie_id_movie_companies", "Relation Name": "movie_companies", "Alias": "mc", "Startup Cost": 0.0, "Total Cost": 0.35, "Plan Rows": 2, "Plan Width": 12, "Actual Min Startup Time": 11.341, "Actual Max Startup Time": 11.341, "Actual Min Total Time": 14.198, "Actual Max Total Time": 14.198, "Actual Total Rows": 2884, "Index Cond": "(movie_id = t.id)", "Rows Removed by Index Recheck": 0}]}, {"Node Type": "Materialize", "Parent Relationship": "Inner", "Startup Cost": 0.0, "Total Cost": 1.04, "Plan Rows": 3, "Plan Width": 4, "Actual Min Startup Time": 0.281, "Actual Max Startup Time": 0.281, "Actual Min Total Time": 0.631, "Actual Max Total Time": 0.631, "Actual Total Rows": 5454, "Plans": [{"Node Type": "Seq Scan", "Parent Relationship": "Outer", "Relation Name": "company_type", "Alias": "ct", "Startup Cost": 0.0, "Total Cost": 1.03, "Plan Rows": 3, "Plan Width": 4, "Actual Min Startup Time": 0.008, "Actual Max Startup Time": 0.008, "Actual Min Total Time": 0.012, "Actual Max Total Time": 0.012, "Actual Total Rows": 3}]}]}, {"Node Type": "Index Scan", "Parent Relationship": "Inner", "Scan Direction": "Forward", "Index Name": "company_name_pkey", "Relation Name": "company_name", "Alias": "cn", "Startup Cost": 0.0, "Total Cost": 0.28, "Plan Rows": 1, "Plan Width": 4, "Actual Min Startup Time": 9.615, "Actual Max Startup Time": 9.615, "Actual Min Total Time": 9.615, "Actual Max Total Time": 9.615, "Actual Total Rows": 1488, "Index Cond": "(id = mc.company_id)", "Rows Removed by Index Recheck": 0, "Filter": "((country_code)::text = '[us]'::text)", "Rows Removed by Filter": 111}]}, {"Node Type": "Index Scan", "Parent Relationship": "Inner", "Scan Direction": "Forward", "Index Name": "movie_id_movie_keyword", "Relation Name": "movie_keyword", "Alias": "mk", "Startup Cost": 0.0, "Total Cost": 0.46, "Plan Rows": 8, "Plan Width": 8, "Actual Min Startup Time": 19.599, "Actual Max Startup Time": 19.599, "Actual Min Total Time": 22.163, "Actual Max Total Time": 22.163, "Actual Total Rows": 4808, "Index Cond": "(movie_id = mc.movie_id)", "Rows Removed by Index Recheck": 0}]}, {"Node Type": "Index Only Scan", "Parent Relationship": "Inner", "Scan Direction": "Forward", "Index Name": "keyword_pkey", "Relation Name": "keyword", "Alias": "k", "Startup Cost": 0.0, "Total Cost": 0.27, "Plan Rows": 1, "Plan Width": 4, "Actual Min Startup Time": 13.52, "Actual Max Startup Time": 13.52, "Actual Min Total Time": 13.52, "Actual Max Total Time": 13.52, "Actual Total Rows": 4808, "Index Cond": "(id = mk.keyword_id)", "Rows Removed by Index Recheck": 0, "Heap Fetches": 0}]}, {"Node Type": "Index Only Scan", "Parent Relationship": "Inner", "Scan Direction": "Forward", "Index Name": "movie_id_aka_title", "Relation Name": "aka_title", "Alias": "at", "Startup Cost": 0.0, "Total Cost": 0.31, "Plan Rows": 3, "Plan Width": 4, "Actual Min Startup Time": 10.267, "Actual Max Startup Time": 10.267, "Actual Min Total Time": 10.574, "Actual Max Total Time": 10.574, "Actual Total Rows": 1140, "Index Cond": "(movie_id = t.id)", "Rows Removed by Index Recheck": 0, "Heap Fetches": 0}]}]}, "Triggers": [], "Planner Runtime": 160.386, "Total Runtime": 371.538, "Unique SQL Id": 2846462052}}, "(64, 17)": {"explain_plan": {"Plan": {"Node Type": "Aggregate", "Strategy": "Plain", "Startup Cost": 165028.92, "Total Cost": 165028.93, "Plan Rows": 1, "Plan Width": 123, "Plans": [{"Node Type": "Nested Loop", "Parent Relationship": "Outer", "Join Type": "Inner", "Startup Cost": 4841.46, "Total Cost": 165028.25, "Plan Rows": 134, "Plan Width": 59, "Inner Unique": false, "Plans": [{"Node Type": "Nested Loop", "Parent Relationship": "Outer", "Join Type": "Inner", "Startup Cost": 4841.46, "Total Cost": 165013.2, "Plan Rows": 44, "Plan Width": 75, "Inner Unique": true, "Plans": [{"Node Type": "Nested Loop", "Parent Relationship": "Outer", "Join Type": "Inner", "Startup Cost": 4841.46, "Total Cost": 165000.88, "Plan Rows": 44, "Plan Width": 79, "Inner Unique": false, "Join Filter": "(t.id = mk.movie_id)", "Plans": [{"Node Type": "Nested Loop", "Parent Relationship": "Outer", "Join Type": "Inner", "Startup Cost": 4841.46, "Total Cost": 164997.5, "Plan Rows": 6, "Plan Width": 71, "Inner Unique": true, "Plans": [{"Node Type": "Nested Loop", "Parent Relationship": "Outer", "Join Type": "Inner", "Startup Cost": 4841.46, "Total Cost": 164994.7, "Plan Rows": 10, "Plan Width": 75, "Inner Unique": true, "Plans": [{"Node Type": "Nested Loop", "Parent Relationship": "Outer", "Join Type": "Inner", "Startup Cost": 4841.46, "Total Cost": 164991.25, "Plan Rows": 12, "Plan Width": 79, "Inner Unique": false, "Plans": [{"Node Type": "Nested Loop", "Parent Relationship": "Outer", "Join Type": "Inner", "Startup Cost": 4841.46, "Total Cost": 164989.04, "Plan Rows": 6, "Plan Width": 67, "Inner Unique": true, "Plans": [{"Node Type": "Nested Loop", "Parent Relationship": "Outer", "Join Type": "Inner", "Startup Cost": 4841.46, "Total Cost": 164956.1, "Plan Rows": 4, "Plan Width": 46, "Inner Unique": false, "Plans": [{"Node Type": "Index Scan", "Parent Relationship": "Outer", "Scan Direction": "Forward", "Index Name": "info_type_pkey", "Relation Name": "info_type", "Alias": "it1", "Startup Cost": 0.0, "Total Cost": 14.21, "Plan Rows": 1, "Plan Width": 4, "Filter": "((info)::text = 'release dates'::text)"}, {"Node Type": "Bitmap Heap Scan", "Parent Relationship": "Inner", "Relation Name": "movie_info", "Alias": "mi", "Startup Cost": 4841.46, "Total Cost": 164941.85, "Plan Rows": 4, "Plan Width": 50, "Recheck Cond": "(info_type_id = it1.id)", "Filter": "((info IS NOT NULL) AND ((note)::text ~~ '%internet%'::text) AND (((info)::text ~~ 'USA:% 199%'::text) OR ((info)::text ~~ 'USA:% 200%'::text)))", "Plans": [{"Node Type": "Bitmap Index Scan", "Parent Relationship": "Outer", "Index Name": "info_type_id_movie_info", "Startup Cost": 0.0, "Total Cost": 4841.46, "Plan Rows": 212428, "Plan Width": 0, "Index Cond": "(info_type_id = it1.id)"}]}]}, {"Node Type": "Index Scan", "Parent Relationship": "Inner", "Scan Direction": "Forward", "Index Name": "title_pkey", "Relation Name": "title", "Alias": "t", "Startup Cost": 0.0, "Total Cost": 8.23, "Plan Rows": 1, "Plan Width": 21, "Index Cond": "(id = mi.movie_id)", "Filter": "(production_year > 1990)"}]}, {"Node Type": "Index Scan", "Parent Relationship": "Inner", "Scan Direction": "Forward", "Index Name": "movie_id_movie_companies", "Relation Name": "movie_companies", "Alias": "mc", "Startup Cost": 0.0, "Total Cost": 0.35, "Plan Rows": 2, "Plan Width": 12, "Index Cond": "(movie_id = t.id)"}]}, {"Node Type": "Index Scan", "Parent Relationship": "Inner", "Scan Direction": "Forward", "Index Name": "company_name_pkey", "Relation Name": "company_name", "Alias": "cn", "Startup Cost": 0.0, "Total Cost": 0.28, "Plan Rows": 1, "Plan Width": 4, "Index Cond": "(id = mc.company_id)", "Filter": "((country_code)::text = '[us]'::text)"}]}, {"Node Type": "Index Only Scan", "Parent Relationship": "Inner", "Scan Direction": "Forward", "Index Name": "company_type_pkey", "Relation Name": "company_type", "Alias": "ct", "Startup Cost": 0.0, "Total Cost": 0.27, "Plan Rows": 1, "Plan Width": 4, "Index Cond": "(id = mc.company_type_id)"}]}, {"Node Type": "Index Scan", "Parent Relationship": "Inner", "Scan Direction": "Forward", "Index Name": "movie_id_movie_keyword", "Relation Name": "movie_keyword", "Alias": "mk", "Startup Cost": 0.0, "Total Cost": 0.46, "Plan Rows": 8, "Plan Width": 8, "Index Cond": "(movie_id = mc.movie_id)"}]}, {"Node Type": "Index Only Scan", "Parent Relationship": "Inner", "Scan Direction": "Forward", "Index Name": "keyword_pkey", "Relation Name": "keyword", "Alias": "k", "Startup Cost": 0.0, "Total Cost": 0.27, "Plan Rows": 1, "Plan Width": 4, "Index Cond": "(id = mk.keyword_id)"}]}, {"Node Type": "Index Only Scan", "Parent Relationship": "Inner", "Scan Direction": "Forward", "Index Name": "movie_id_aka_title", "Relation Name": "aka_title", "Alias": "at", "Startup Cost": 0.0, "Total Cost": 0.31, "Plan Rows": 3, "Plan Width": 4, "Index Cond": "(movie_id = t.id)"}]}]}, "Unique SQL Id": 2846462052}, "explain_analyze_plan": null}, "(64, 18)": {"explain_plan": {"Plan": {"Node Type": "Aggregate", "Strategy": "Plain", "Startup Cost": 70470.25, "Total Cost": 70470.26, "Plan Rows": 1, "Plan Width": 123, "Plans": [{"Node Type": "Nested Loop", "Parent Relationship": "Outer", "Join Type": "Inner", "Startup Cost": 5.28, "Total Cost": 70469.58, "Plan Rows": 134, "Plan Width": 59, "Inner Unique": true, "Join Filter": "(at.movie_id = t.id)", "Plans": [{"Node Type": "Nested Loop", "Parent Relationship": "Outer", "Join Type": "Inner", "Startup Cost": 5.01, "Total Cost": 70053.12, "Plan Rows": 97, "Plan Width": 58, "Inner Unique": true, "Plans": [{"Node Type": "Nested Loop", "Parent Relationship": "Outer", "Join Type": "Inner", "Startup Cost": 4.75, "Total Cost": 69637.93, "Plan Rows": 97, "Plan Width": 62, "Inner Unique": false, "Join Filter": "(at.movie_id = mk.movie_id)", "Plans": [{"Node Type": "Nested Loop", "Parent Relationship": "Outer", "Join Type": "Inner", "Startup Cost": 4.42, "Total Cost": 69583.48, "Plan Rows": 12, "Plan Width": 54, "Inner Unique": true, "Join Filter": "(mc.company_type_id = ct.id)", "Plans": [{"Node Type": "Nested Loop", "Parent Relationship": "Outer", "Join Type": "Inner", "Startup Cost": 4.42, "Total Cost": 69581.9, "Plan Rows": 12, "Plan Width": 58, "Inner Unique": true, "Plans": [{"Node Type": "Nested Loop", "Parent Relationship": "Outer", "Join Type": "Inner", "Startup Cost": 4.16, "Total Cost": 69496.23, "Plan Rows": 20, "Plan Width": 62, "Inner Unique": false, "Plans": [{"Node Type": "Nested Loop", "Parent Relationship": "Outer", "Join Type": "Inner", "Startup Cost": 3.79, "Total Cost": 69456.49, "Plan Rows": 9, "Plan Width": 50, "Inner Unique": false, "Plans": [{"Node Type": "Nested Loop", "Parent Relationship": "Outer", "Join Type": "Inner", "Startup Cost": 0.0, "Total Cost": 69393.85, "Plan Rows": 4, "Plan Width": 46, "Inner Unique": false, "Join Filter": "(it1.id = mi.info_type_id)", "Plans": [{"Node Type": "Seq Scan", "Parent Relationship": "Outer", "Relation Name": "info_type", "Alias": "it1", "Startup Cost": 0.0, "Total Cost": 2.4, "Plan Rows": 1, "Plan Width": 4, "Filter": "((info)::text = 'release dates'::text)"}, {"Node Type": "Materialize", "Parent Relationship": "Inner", "Startup Cost": 0.0, "Total Cost": 69388.9, "Plan Rows": 255, "Plan Width": 50, "Plans": [{"Node Type": "Streaming(type: LOCAL GATHER dop: 1/64)", "Parent Relationship": "Outer", "Startup Cost": 0.0, "Total Cost": 69388.27, "Plan Rows": 255, "Plan Width": 50, "Plans": [{"Node Type": "Seq Scan", "Parent Relationship": "Outer", "Relation Name": "movie_info", "Alias": "mi", "Startup Cost": 0.0, "Total Cost": 69383.01, "Plan Rows": 255, "Plan Width": 50, "Filter": "((info IS NOT NULL) AND ((note)::text ~~ '%internet%'::text) AND (((info)::text ~~ 'USA:% 199%'::text) OR ((info)::text ~~ 'USA:% 200%'::text)))"}]}]}]}, {"Node Type": "Bitmap Heap Scan", "Parent Relationship": "Inner", "Relation Name": "aka_title", "Alias": "at", "Startup Cost": 3.79, "Total Cost": 15.63, "Plan Rows": 3, "Plan Width": 4, "Recheck Cond": "(movie_id = mi.movie_id)", "Plans": [{"Node Type": "Bitmap Index Scan", "Parent Relationship": "Outer", "Index Name": "movie_id_aka_title", "Startup Cost": 0.0, "Total Cost": 3.79, "Plan Rows": 3, "Plan Width": 0, "Index Cond": "(movie_id = mi.movie_id)"}]}]}, {"Node Type": "Bitmap Heap Scan", "Parent Relationship": "Inner", "Relation Name": "movie_companies", "Alias": "mc", "Startup Cost": 0.37, "Total Cost": 4.4, "Plan Rows": 2, "Plan Width": 12, "Recheck Cond": "(movie_id = at.movie_id)", "Plans": [{"Node Type": "Bitmap Index Scan", "Parent Relationship": "Outer", "Index Name": "movie_id_movie_companies", "Startup Cost": 0.0, "Total Cost": 0.37, "Plan Rows": 2, "Plan Width": 0, "Index Cond": "(movie_id = at.movie_id)"}]}]}, {"Node Type": "Bitmap Heap Scan", "Parent Relationship": "Inner", "Relation Name": "company_name", "Alias": "cn", "Startup Cost": 0.26, "Total Cost": 4.27, "Plan Rows": 1, "Plan Width": 4, "Recheck Cond": "(id = mc.company_id)", "Filter": "((country_code)::text = '[us]'::text)", "Plans": [{"Node Type": "Bitmap Index Scan", "Parent Relationship": "Outer", "Index Name": "company_name_pkey", "Startup Cost": 0.0, "Total Cost": 0.26, "Plan Rows": 1, "Plan Width": 0, "Index Cond": "(id = mc.company_id)"}]}]}, {"Node Type": "Materialize", "Parent Relationship": "Inner", "Startup Cost": 0.0, "Total Cost": 1.04, "Plan Rows": 3, "Plan Width": 4, "Plans": [{"Node Type": "Seq Scan", "Parent Relationship": "Outer", "Relation Name": "company_type", "Alias": "ct", "Startup Cost": 0.0, "Total Cost": 1.03, "Plan Rows": 3, "Plan Width": 4}]}]}, {"Node Type": "Bitmap Heap Scan", "Parent Relationship": "Inner", "Relation Name": "movie_keyword", "Alias": "mk", "Startup Cost": 0.34, "Total Cost": 4.44, "Plan Rows": 8, "Plan Width": 8, "Recheck Cond": "(movie_id = mc.movie_id)", "Plans": [{"Node Type": "Bitmap Index Scan", "Parent Relationship": "Outer", "Index Name": "movie_id_movie_keyword", "Startup Cost": 0.0, "Total Cost": 0.34, "Plan Rows": 8, "Plan Width": 0, "Index Cond": "(movie_id = mc.movie_id)"}]}]}, {"Node Type": "Bitmap Heap Scan", "Parent Relationship": "Inner", "Relation Name": "keyword", "Alias": "k", "Startup Cost": 0.26, "Total Cost": 4.27, "Plan Rows": 1, "Plan Width": 4, "Recheck Cond": "(id = mk.keyword_id)", "Plans": [{"Node Type": "Bitmap Index Scan", "Parent Relationship": "Outer", "Index Name": "keyword_pkey", "Startup Cost": 0.0, "Total Cost": 0.26, "Plan Rows": 1, "Plan Width": 0, "Index Cond": "(id = mk.keyword_id)"}]}]}, {"Node Type": "Bitmap Heap Scan", "Parent Relationship": "Inner", "Relation Name": "title", "Alias": "t", "Startup Cost": 0.27, "Total Cost": 4.28, "Plan Rows": 1, "Plan Width": 21, "Recheck Cond": "(id = mk.movie_id)", "Filter": "(production_year > 1990)", "Plans": [{"Node Type": "Bitmap Index Scan", "Parent Relationship": "Outer", "Index Name": "title_pkey", "Startup Cost": 0.0, "Total Cost": 0.27, "Plan Rows": 1, "Plan Width": 0, "Index Cond": "(id = mk.movie_id)"}]}]}]}, "Unique SQL Id": 2846462052}, "explain_analyze_plan": {"Plan": {"Node Type": "Aggregate", "Strategy": "Plain", "Startup Cost": 70470.25, "Total Cost": 70470.26, "Plan Rows": 1, "Plan Width": 123, "Actual Min Startup Time": 229.575, "Actual Max Startup Time": 229.575, "Actual Min Total Time": 229.576, "Actual Max Total Time": 229.576, "Actual Total Rows": 1, "Plans": [{"Node Type": "Nested Loop", "Parent Relationship": "Outer", "Join Type": "Inner", "Startup Cost": 5.28, "Total Cost": 70469.58, "Plan Rows": 134, "Plan Width": 59, "Actual Min Startup Time": 199.555, "Actual Max Startup Time": 199.555, "Actual Min Total Time": 228.678, "Actual Max Total Time": 228.678, "Actual Total Rows": 1140, "Inner Unique": true, "Join Filter": "(at.movie_id = t.id)", "Rows Removed by Join Filter": 0, "Plans": [{"Node Type": "Nested Loop", "Parent Relationship": "Outer", "Join Type": "Inner", "Startup Cost": 5.01, "Total Cost": 70053.12, "Plan Rows": 97, "Plan Width": 58, "Actual Min Startup Time": 199.528, "Actual Max Startup Time": 199.528, "Actual Min Total Time": 222.365, "Actual Max Total Time": 222.365, "Actual Total Rows": 1140, "Inner Unique": true, "Plans": [{"Node Type": "Nested Loop", "Parent Relationship": "Outer", "Join Type": "Inner", "Startup Cost": 4.75, "Total Cost": 69637.93, "Plan Rows": 97, "Plan Width": 62, "Actual Min Startup Time": 199.509, "Actual Max Startup Time": 199.509, "Actual Min Total Time": 215.663, "Actual Max Total Time": 215.663, "Actual Total Rows": 1140, "Inner Unique": false, "Join Filter": "(at.movie_id = mk.movie_id)", "Rows Removed by Join Filter": 0, "Plans": [{"Node Type": "Nested Loop", "Parent Relationship": "Outer", "Join Type": "Inner", "Startup Cost": 4.42, "Total Cost": 69583.48, "Plan Rows": 12, "Plan Width": 54, "Actual Min Startup Time": 199.483, "Actual Max Startup Time": 199.483, "Actual Min Total Time": 213.982, "Actual Max Total Time": 213.982, "Actual Total Rows": 119, "Inner Unique": true, "Join Filter": "(mc.company_type_id = ct.id)", "Rows Removed by Join Filter": 495, "Plans": [{"Node Type": "Nested Loop", "Parent Relationship": "Outer", "Join Type": "Inner", "Startup Cost": 4.42, "Total Cost": 69581.9, "Plan Rows": 12, "Plan Width": 58, "Actual Min Startup Time": 199.375, "Actual Max Startup Time": 199.375, "Actual Min Total Time": 213.651, "Actual Max Total Time": 213.651, "Actual Total Rows": 284, "Inner Unique": true, "Plans": [{"Node Type": "Nested Loop", "Parent Relationship": "Outer", "Join Type": "Inner", "Startup Cost": 4.16, "Total Cost": 69496.23, "Plan Rows": 20, "Plan Width": 62, "Actual Min Startup Time": 199.35, "Actual Max Startup Time": 199.35, "Actual Min Total Time": 211.003, "Actual Max Total Time": 211.003, "Actual Total Rows": 400, "Inner Unique": false, "Plans": [{"Node Type": "Nested Loop", "Parent Relationship": "Outer", "Join Type": "Inner", "Startup Cost": 3.79, "Total Cost": 69456.49, "Plan Rows": 9, "Plan Width": 50, "Actual Min Startup Time": 199.322, "Actual Max Startup Time": 199.322, "Actual Min Total Time": 209.358, "Actual Max Total Time": 209.358, "Actual Total Rows": 120, "Inner Unique": false, "Plans": [{"Node Type": "Nested Loop", "Parent Relationship": "Outer", "Join Type": "Inner", "Startup Cost": 0.0, "Total Cost": 69393.85, "Plan Rows": 4, "Plan Width": 46, "Actual Min Startup Time": 199.227, "Actual Max Startup Time": 199.227, "Actual Min Total Time": 200.32, "Actual Max Total Time": 200.32, "Actual Total Rows": 1783, "Inner Unique": false, "Join Filter": "(it1.id = mi.info_type_id)", "Rows Removed by Join Filter": 0, "Plans": [{"Node Type": "Seq Scan", "Parent Relationship": "Outer", "Relation Name": "info_type", "Alias": "it1", "Startup Cost": 0.0, "Total Cost": 2.4, "Plan Rows": 1, "Plan Width": 4, "Actual Min Startup Time": 0.044, "Actual Max Startup Time": 0.044, "Actual Min Total Time": 0.068, "Actual Max Total Time": 0.068, "Actual Total Rows": 1, "Filter": "((info)::text = 'release dates'::text)", "Rows Removed by Filter": 111}, {"Node Type": "Materialize", "Parent Relationship": "Inner", "Startup Cost": 0.0, "Total Cost": 69388.9, "Plan Rows": 255, "Plan Width": 50, "Actual Min Startup Time": 199.153, "Actual Max Startup Time": 199.153, "Actual Min Total Time": 199.413, "Actual Max Total Time": 199.413, "Actual Total Rows": 1784, "Plans": [{"Node Type": "Streaming(type: LOCAL GATHER dop: 1/64)", "Parent Relationship": "Outer", "Startup Cost": 0.0, "Total Cost": 69388.27, "Plan Rows": 255, "Plan Width": 50, "Actual Min Startup Time": 126.07, "Actual Max Startup Time": 126.07, "Actual Min Total Time": 198.804, "Actual Max Total Time": 198.804, "Actual Total Rows": 1783, "Plans": [{"Node Type": "Seq Scan", "Parent Relationship": "Outer", "Relation Name": "movie_info", "Alias": "mi", "Startup Cost": 0.0, "Total Cost": 69383.01, "Plan Rows": 255, "Plan Width": 50, "Actual Min Startup Time": 20.12, "Actual Max Startup Time": 45.214, "Actual Min Total Time": 71.613, "Actual Max Total Time": 109.296, "Actual Total Rows": 1783, "Filter": "((info IS NOT NULL) AND ((note)::text ~~ '%internet%'::text) AND (((info)::text ~~ 'USA:% 199%'::text) OR ((info)::text ~~ 'USA:% 200%'::text)))", "Rows Removed by Filter": 14833936}]}]}]}, {"Node Type": "Bitmap Heap Scan", "Parent Relationship": "Inner", "Relation Name": "aka_title", "Alias": "at", "Startup Cost": 3.79, "Total Cost": 15.63, "Plan Rows": 3, "Plan Width": 4, "Actual Min Startup Time": 7.106, "Actual Max Startup Time": 7.106, "Actual Min Total Time": 7.185, "Actual Max Total Time": 7.185, "Actual Total Rows": 120, "Recheck Cond": "(movie_id = mi.movie_id)", "Rows Removed by Index Recheck": 0, "Exact Heap Blocks": 120, "Lossy Heap Blocks": 120, "Plans": [{"Node Type": "Bitmap Index Scan", "Parent Relationship": "Outer", "Index Name": "movie_id_aka_title", "Startup Cost": 0.0, "Total Cost": 3.79, "Plan Rows": 3, "Plan Width": 0, "Actual Min Startup Time": 6.076, "Actual Max Startup Time": 6.076, "Actual Min Total Time": 6.076, "Actual Max Total Time": 6.076, "Actual Total Rows": 120, "Index Cond": "(movie_id = mi.movie_id)"}]}]}, {"Node Type": "Bitmap Heap Scan", "Parent Relationship": "Inner", "Relation Name": "movie_companies", "Alias": "mc", "Startup Cost": 0.37, "Total Cost": 4.4, "Plan Rows": 2, "Plan Width": 12, "Actual Min Startup Time": 1.14, "Actual Max Startup Time": 1.14, "Actual Min Total Time": 1.371, "Actual Max Total Time": 1.371, "Actual Total Rows": 400, "Recheck Cond": "(movie_id = at.movie_id)", "Rows Removed by Index Recheck": 0, "Exact Heap Blocks": 214, "Lossy Heap Blocks": 214, "Plans": [{"Node Type": "Bitmap Index Scan", "Parent Relationship": "Outer", "Index Name": "movie_id_movie_companies", "Startup Cost": 0.0, "Total Cost": 0.37, "Plan Rows": 2, "Plan Width": 0, "Actual Min Startup Time": 0.734, "Actual Max Startup Time": 0.734, "Actual Min Total Time": 0.734, "Actual Max Total Time": 0.734, "Actual Total Rows": 400, "Index Cond": "(movie_id = at.movie_id)"}]}]}, {"Node Type": "Bitmap Heap Scan", "Parent Relationship": "Inner", "Relation Name": "company_name", "Alias": "cn", "Startup Cost": 0.26, "Total Cost": 4.27, "Plan Rows": 1, "Plan Width": 4, "Actual Min Startup Time": 2.13, "Actual Max Startup Time": 2.13, "Actual Min Total Time": 2.13, "Actual Max Total Time": 2.13, "Actual Total Rows": 284, "Recheck Cond": "(id = mc.company_id)", "Rows Removed by Index Recheck": 0, "Filter": "((country_code)::text = '[us]'::text)", "Rows Removed by Filter": 116, "Exact Heap Blocks": 400, "Lossy Heap Blocks": 400, "Plans": [{"Node Type": "Bitmap Index Scan", "Parent Relationship": "Outer", "Index Name": "company_name_pkey", "Startup Cost": 0.0, "Total Cost": 0.26, "Plan Rows": 1, "Plan Width": 0, "Actual Min Startup Time": 1.24, "Actual Max Startup Time": 1.24, "Actual Min Total Time": 1.24, "Actual Max Total Time": 1.24, "Actual Total Rows": 400, "Index Cond": "(id = mc.company_id)"}]}]}, {"Node Type": "Materialize", "Parent Relationship": "Inner", "Startup Cost": 0.0, "Total Cost": 1.04, "Plan Rows": 3, "Plan Width": 4, "Actual Min Startup Time": 0.05, "Actual Max Startup Time": 0.05, "Actual Min Total Time": 0.1, "Actual Max Total Time": 0.1, "Actual Total Rows": 614, "Plans": [{"Node Type": "Seq Scan", "Parent Relationship": "Outer", "Relation Name": "company_type", "Alias": "ct", "Startup Cost": 0.0, "Total Cost": 1.03, "Plan Rows": 3, "Plan Width": 4, "Actual Min Startup Time": 0.007, "Actual Max Startup Time": 0.007, "Actual Min Total Time": 0.008, "Actual Max Total Time": 0.008, "Actual Total Rows": 3}]}]}, {"Node Type": "Bitmap Heap Scan", "Parent Relationship": "Inner", "Relation Name": "movie_keyword", "Alias": "mk", "Startup Cost": 0.34, "Total Cost": 4.44, "Plan Rows": 8, "Plan Width": 8, "Actual Min Startup Time": 0.913, "Actual Max Startup Time": 0.913, "Actual Min Total Time": 1.129, "Actual Max Total Time": 1.129, "Actual Total Rows": 1140, "Recheck Cond": "(movie_id = mc.movie_id)", "Rows Removed by Index Recheck": 0, "Exact Heap Blocks": 91, "Lossy Heap Blocks": 91, "Plans": [{"Node Type": "Bitmap Index Scan", "Parent Relationship": "Outer", "Index Name": "movie_id_movie_keyword", "Startup Cost": 0.0, "Total Cost": 0.34, "Plan Rows": 8, "Plan Width": 0, "Actual Min Startup Time": 0.585, "Actual Max Startup Time": 0.585, "Actual Min Total Time": 0.585, "Actual Max Total Time": 0.585, "Actual Total Rows": 1140, "Index Cond": "(movie_id = mc.movie_id)"}]}]}, {"Node Type": "Bitmap Heap Scan", "Parent Relationship": "Inner", "Relation Name": "keyword", "Alias": "k", "Startup Cost": 0.26, "Total Cost": 4.27, "Plan Rows": 1, "Plan Width": 4, "Actual Min Startup Time": 5.127, "Actual Max Startup Time": 5.127, "Actual Min Total Time": 5.127, "Actual Max Total Time": 5.127, "Actual Total Rows": 1140, "Recheck Cond": "(id = mk.keyword_id)", "Rows Removed by Index Recheck": 0, "Exact Heap Blocks": 1140, "Lossy Heap Blocks": 1140, "Plans": [{"Node Type": "Bitmap Index Scan", "Parent Relationship": "Outer", "Index Name": "keyword_pkey", "Startup Cost": 0.0, "Total Cost": 0.26, "Plan Rows": 1, "Plan Width": 0, "Actual Min Startup Time": 3.182, "Actual Max Startup Time": 3.182, "Actual Min Total Time": 3.182, "Actual Max Total Time": 3.182, "Actual Total Rows": 1140, "Index Cond": "(id = mk.keyword_id)"}]}]}, {"Node Type": "Bitmap Heap Scan", "Parent Relationship": "Inner", "Relation Name": "title", "Alias": "t", "Startup Cost": 0.27, "Total Cost": 4.28, "Plan Rows": 1, "Plan Width": 21, "Actual Min Startup Time": 4.642, "Actual Max Startup Time": 4.642, "Actual Min Total Time": 4.642, "Actual Max Total Time": 4.642, "Actual Total Rows": 1140, "Recheck Cond": "(id = mk.movie_id)", "Rows Removed by Index Recheck": 0, "Filter": "(production_year > 1990)", "Rows Removed by Filter": 0, "Exact Heap Blocks": 1140, "Lossy Heap Blocks": 1140, "Plans": [{"Node Type": "Bitmap Index Scan", "Parent Relationship": "Outer", "Index Name": "title_pkey", "Startup Cost": 0.0, "Total Cost": 0.27, "Plan Rows": 1, "Plan Width": 0, "Actual Min Startup Time": 2.827, "Actual Max Startup Time": 2.827, "Actual Min Total Time": 2.827, "Actual Max Total Time": 2.827, "Actual Total Rows": 1140, "Index Cond": "(id = mk.movie_id)"}]}]}]}, "Triggers": [], "Planner Runtime": 254.107, "Total Runtime": 241.211, "Unique SQL Id": 2846462052}}, "(64, 19)": {"explain_plan": {"Plan": {"Node Type": "Aggregate", "Strategy": "Plain", "Startup Cost": 166082.29, "Total Cost": 166082.3, "Plan Rows": 1, "Plan Width": 123, "Plans": [{"Node Type": "Nested Loop", "Parent Relationship": "Outer", "Join Type": "Inner", "Startup Cost": 4855.81, "Total Cost": 166081.62, "Plan Rows": 134, "Plan Width": 59, "Inner Unique": true, "Join Filter": "(at.movie_id = t.id)", "Plans": [{"Node Type": "Nested Loop", "Parent Relationship": "Outer", "Join Type": "Inner", "Startup Cost": 4855.54, "Total Cost": 165665.15, "Plan Rows": 97, "Plan Width": 58, "Inner Unique": true, "Plans": [{"Node Type": "Nested Loop", "Parent Relationship": "Outer", "Join Type": "Inner", "Startup Cost": 4855.28, "Total Cost": 165249.97, "Plan Rows": 97, "Plan Width": 62, "Inner Unique": false, "Join Filter": "(at.movie_id = mk.movie_id)", "Plans": [{"Node Type": "Nested Loop", "Parent Relationship": "Outer", "Join Type": "Inner", "Startup Cost": 4854.95, "Total Cost": 165195.51, "Plan Rows": 12, "Plan Width": 54, "Inner Unique": true, "Plans": [{"Node Type": "Nested Loop", "Parent Relationship": "Outer", "Join Type": "Inner", "Startup Cost": 4854.69, "Total Cost": 165144.15, "Plan Rows": 12, "Plan Width": 58, "Inner Unique": true, "Plans": [{"Node Type": "Nested Loop", "Parent Relationship": "Outer", "Join Type": "Inner", "Startup Cost": 4854.43, "Total Cost": 165058.48, "Plan Rows": 20, "Plan Width": 62, "Inner Unique": false, "Plans": [{"Node Type": "Nested Loop", "Parent Relationship": "Outer", "Join Type": "Inner", "Startup Cost": 4854.06, "Total Cost": 165018.73, "Plan Rows": 9, "Plan Width": 50, "Inner Unique": false, "Plans": [{"Node Type": "Nested Loop", "Parent Relationship": "Outer", "Join Type": "Inner", "Startup Cost": 4850.27, "Total Cost": 164956.1, "Plan Rows": 4, "Plan Width": 46, "Inner Unique": false, "Plans": [{"Node Type": "Bitmap Heap Scan", "Parent Relationship": "Outer", "Relation Name": "info_type", "Alias": "it1", "Startup Cost": 8.81, "Total Cost": 14.21, "Plan Rows": 1, "Plan Width": 4, "Filter": "((info)::text = 'release dates'::text)", "Plans": [{"Node Type": "Bitmap Index Scan", "Parent Relationship": "Outer", "Index Name": "info_type_pkey", "Startup Cost": 0.0, "Total Cost": 8.81, "Plan Rows": 112, "Plan Width": 0}]}, {"Node Type": "Bitmap Heap Scan", "Parent Relationship": "Inner", "Relation Name": "movie_info", "Alias": "mi", "Startup Cost": 4841.46, "Total Cost": 164941.85, "Plan Rows": 4, "Plan Width": 50, "Recheck Cond": "(info_type_id = it1.id)", "Filter": "((info IS NOT NULL) AND ((note)::text ~~ '%internet%'::text) AND (((info)::text ~~ 'USA:% 199%'::text) OR ((info)::text ~~ 'USA:% 200%'::text)))", "Plans": [{"Node Type": "Bitmap Index Scan", "Parent Relationship": "Outer", "Index Name": "info_type_id_movie_info", "Startup Cost": 0.0, "Total Cost": 4841.46, "Plan Rows": 212428, "Plan Width": 0, "Index Cond": "(info_type_id = it1.id)"}]}]}, {"Node Type": "Bitmap Heap Scan", "Parent Relationship": "Inner", "Relation Name": "aka_title", "Alias": "at", "Startup Cost": 3.79, "Total Cost": 15.63, "Plan Rows": 3, "Plan Width": 4, "Recheck Cond": "(movie_id = mi.movie_id)", "Plans": [{"Node Type": "Bitmap Index Scan", "Parent Relationship": "Outer", "Index Name": "movie_id_aka_title", "Startup Cost": 0.0, "Total Cost": 3.79, "Plan Rows": 3, "Plan Width": 0, "Index Cond": "(movie_id = mi.movie_id)"}]}]}, {"Node Type": "Bitmap Heap Scan", "Parent Relationship": "Inner", "Relation Name": "movie_companies", "Alias": "mc", "Startup Cost": 0.37, "Total Cost": 4.4, "Plan Rows": 2, "Plan Width": 12, "Recheck Cond": "(movie_id = at.movie_id)", "Plans": [{"Node Type": "Bitmap Index Scan", "Parent Relationship": "Outer", "Index Name": "movie_id_movie_companies", "Startup Cost": 0.0, "Total Cost": 0.37, "Plan Rows": 2, "Plan Width": 0, "Index Cond": "(movie_id = at.movie_id)"}]}]}, {"Node Type": "Bitmap Heap Scan", "Parent Relationship": "Inner", "Relation Name": "company_name", "Alias": "cn", "Startup Cost": 0.26, "Total Cost": 4.27, "Plan Rows": 1, "Plan Width": 4, "Recheck Cond": "(id = mc.company_id)", "Filter": "((country_code)::text = '[us]'::text)", "Plans": [{"Node Type": "Bitmap Index Scan", "Parent Relationship": "Outer", "Index Name": "company_name_pkey", "Startup Cost": 0.0, "Total Cost": 0.26, "Plan Rows": 1, "Plan Width": 0, "Index Cond": "(id = mc.company_id)"}]}]}, {"Node Type": "Bitmap Heap Scan", "Parent Relationship": "Inner", "Relation Name": "company_type", "Alias": "ct", "Startup Cost": 0.26, "Total Cost": 4.27, "Plan Rows": 1, "Plan Width": 4, "Recheck Cond": "(id = mc.company_type_id)", "Plans": [{"Node Type": "Bitmap Index Scan", "Parent Relationship": "Outer", "Index Name": "company_type_pkey", "Startup Cost": 0.0, "Total Cost": 0.26, "Plan Rows": 1, "Plan Width": 0, "Index Cond": "(id = mc.company_type_id)"}]}]}, {"Node Type": "Bitmap Heap Scan", "Parent Relationship": "Inner", "Relation Name": "movie_keyword", "Alias": "mk", "Startup Cost": 0.34, "Total Cost": 4.44, "Plan Rows": 8, "Plan Width": 8, "Recheck Cond": "(movie_id = mc.movie_id)", "Plans": [{"Node Type": "Bitmap Index Scan", "Parent Relationship": "Outer", "Index Name": "movie_id_movie_keyword", "Startup Cost": 0.0, "Total Cost": 0.34, "Plan Rows": 8, "Plan Width": 0, "Index Cond": "(movie_id = mc.movie_id)"}]}]}, {"Node Type": "Bitmap Heap Scan", "Parent Relationship": "Inner", "Relation Name": "keyword", "Alias": "k", "Startup Cost": 0.26, "Total Cost": 4.27, "Plan Rows": 1, "Plan Width": 4, "Recheck Cond": "(id = mk.keyword_id)", "Plans": [{"Node Type": "Bitmap Index Scan", "Parent Relationship": "Outer", "Index Name": "keyword_pkey", "Startup Cost": 0.0, "Total Cost": 0.26, "Plan Rows": 1, "Plan Width": 0, "Index Cond": "(id = mk.keyword_id)"}]}]}, {"Node Type": "Bitmap Heap Scan", "Parent Relationship": "Inner", "Relation Name": "title", "Alias": "t", "Startup Cost": 0.27, "Total Cost": 4.28, "Plan Rows": 1, "Plan Width": 21, "Recheck Cond": "(id = mk.movie_id)", "Filter": "(production_year > 1990)", "Plans": [{"Node Type": "Bitmap Index Scan", "Parent Relationship": "Outer", "Index Name": "title_pkey", "Startup Cost": 0.0, "Total Cost": 0.27, "Plan Rows": 1, "Plan Width": 0, "Index Cond": "(id = mk.movie_id)"}]}]}]}, "Unique SQL Id": 2846462052}, "explain_analyze_plan": null}, "(64, 20)": {"explain_plan": {"Plan": {"Node Type": "Aggregate", "Strategy": "Plain", "Startup Cost": 69465.71, "Total Cost": 69465.72, "Plan Rows": 1, "Plan Width": 123, "Plans": [{"Node Type": "Nested Loop", "Parent Relationship": "Outer", "Join Type": "Inner", "Startup Cost": 0.0, "Total Cost": 69465.04, "Plan Rows": 134, "Plan Width": 59, "Inner Unique": false, "Join Filter": "(t.id = at.movie_id)", "Plans": [{"Node Type": "Nested Loop", "Parent Relationship": "Outer", "Join Type": "Inner", "Startup Cost": 0.0, "Total Cost": 69449.47, "Plan Rows": 44, "Plan Width": 75, "Inner Unique": true, "Plans": [{"Node Type": "Nested Loop", "Parent Relationship": "Outer", "Join Type": "Inner", "Startup Cost": 0.0, "Total Cost": 69437.12, "Plan Rows": 44, "Plan Width": 79, "Inner Unique": false, "Join Filter": "(t.id = mk.movie_id)", "Plans": [{"Node Type": "Nested Loop", "Parent Relationship": "Outer", "Join Type": "Inner", "Startup Cost": 0.0, "Total Cost": 69433.75, "Plan Rows": 6, "Plan Width": 71, "Inner Unique": true, "Plans": [{"Node Type": "Nested Loop", "Parent Relationship": "Outer", "Join Type": "Inner", "Startup Cost": 0.0, "Total Cost": 69430.58, "Plan Rows": 11, "Plan Width": 75, "Inner Unique": true, "Join Filter": "(mc.company_type_id = ct.id)", "Plans": [{"Node Type": "Nested Loop", "Parent Relationship": "Outer", "Join Type": "Inner", "Startup Cost": 0.0, "Total Cost": 69429.0, "Plan Rows": 12, "Plan Width": 79, "Inner Unique": false, "Plans": [{"Node Type": "Nested Loop", "Parent Relationship": "Outer", "Join Type": "Inner", "Startup Cost": 0.0, "Total Cost": 69426.8, "Plan Rows": 6, "Plan Width": 67, "Inner Unique": true, "Plans": [{"Node Type": "Nested Loop", "Parent Relationship": "Outer", "Join Type": "Inner", "Startup Cost": 0.0, "Total Cost": 69393.85, "Plan Rows": 4, "Plan Width": 46, "Inner Unique": false, "Join Filter": "(it1.id = mi.info_type_id)", "Plans": [{"Node Type": "Seq Scan", "Parent Relationship": "Outer", "Relation Name": "info_type", "Alias": "it1", "Startup Cost": 0.0, "Total Cost": 2.4, "Plan Rows": 1, "Plan Width": 4, "Filter": "((info)::text = 'release dates'::text)"}, {"Node Type": "Materialize", "Parent Relationship": "Inner", "Startup Cost": 0.0, "Total Cost": 69388.9, "Plan Rows": 255, "Plan Width": 50, "Plans": [{"Node Type": "Streaming(type: LOCAL GATHER dop: 1/64)", "Parent Relationship": "Outer", "Startup Cost": 0.0, "Total Cost": 69388.27, "Plan Rows": 255, "Plan Width": 50, "Plans": [{"Node Type": "Seq Scan", "Parent Relationship": "Outer", "Relation Name": "movie_info", "Alias": "mi", "Startup Cost": 0.0, "Total Cost": 69383.01, "Plan Rows": 255, "Plan Width": 50, "Filter": "((info IS NOT NULL) AND ((note)::text ~~ '%internet%'::text) AND (((info)::text ~~ 'USA:% 199%'::text) OR ((info)::text ~~ 'USA:% 200%'::text)))"}]}]}]}, {"Node Type": "Index Scan", "Parent Relationship": "Inner", "Scan Direction": "Forward", "Index Name": "title_pkey", "Relation Name": "title", "Alias": "t", "Startup Cost": 0.0, "Total Cost": 8.23, "Plan Rows": 1, "Plan Width": 21, "Index Cond": "(id = mi.movie_id)", "Filter": "(production_year > 1990)"}]}, {"Node Type": "Index Scan", "Parent Relationship": "Inner", "Scan Direction": "Forward", "Index Name": "movie_id_movie_companies", "Relation Name": "movie_companies", "Alias": "mc", "Startup Cost": 0.0, "Total Cost": 0.35, "Plan Rows": 2, "Plan Width": 12, "Index Cond": "(movie_id = t.id)"}]}, {"Node Type": "Materialize", "Parent Relationship": "Inner", "Startup Cost": 0.0, "Total Cost": 1.04, "Plan Rows": 3, "Plan Width": 4, "Plans": [{"Node Type": "Seq Scan", "Parent Relationship": "Outer", "Relation Name": "company_type", "Alias": "ct", "Startup Cost": 0.0, "Total Cost": 1.03, "Plan Rows": 3, "Plan Width": 4}]}]}, {"Node Type": "Index Scan", "Parent Relationship": "Inner", "Scan Direction": "Forward", "Index Name": "company_name_pkey", "Relation Name": "company_name", "Alias": "cn", "Startup Cost": 0.0, "Total Cost": 0.28, "Plan Rows": 1, "Plan Width": 4, "Index Cond": "(id = mc.company_id)", "Filter": "((country_code)::text = '[us]'::text)"}]}, {"Node Type": "Index Scan", "Parent Relationship": "Inner", "Scan Direction": "Forward", "Index Name": "movie_id_movie_keyword", "Relation Name": "movie_keyword", "Alias": "mk", "Startup Cost": 0.0, "Total Cost": 0.46, "Plan Rows": 8, "Plan Width": 8, "Index Cond": "(movie_id = mc.movie_id)"}]}, {"Node Type": "Index Scan", "Parent Relationship": "Inner", "Scan Direction": "Forward", "Index Name": "keyword_pkey", "Relation Name": "keyword", "Alias": "k", "Startup Cost": 0.0, "Total Cost": 0.27, "Plan Rows": 1, "Plan Width": 4, "Index Cond": "(id = mk.keyword_id)"}]}, {"Node Type": "Index Scan", "Parent Relationship": "Inner", "Scan Direction": "Forward", "Index Name": "movie_id_aka_title", "Relation Name": "aka_title", "Alias": "at", "Startup Cost": 0.0, "Total Cost": 0.32, "Plan Rows": 3, "Plan Width": 4, "Index Cond": "(movie_id = mk.movie_id)"}]}]}, "Unique SQL Id": 2846462052}, "explain_analyze_plan": {"Plan": {"Node Type": "Aggregate", "Strategy": "Plain", "Startup Cost": 69465.71, "Total Cost": 69465.72, "Plan Rows": 1, "Plan Width": 123, "Actual Min Startup Time": 275.942, "Actual Max Startup Time": 275.942, "Actual Min Total Time": 275.942, "Actual Max Total Time": 275.942, "Actual Total Rows": 1, "Plans": [{"Node Type": "Nested Loop", "Parent Relationship": "Outer", "Join Type": "Inner", "Startup Cost": 0.0, "Total Cost": 69465.04, "Plan Rows": 134, "Plan Width": 59, "Actual Min Startup Time": 191.913, "Actual Max Startup Time": 191.913, "Actual Min Total Time": 275.082, "Actual Max Total Time": 275.082, "Actual Total Rows": 1140, "Inner Unique": false, "Join Filter": "(t.id = at.movie_id)", "Rows Removed by Join Filter": 0, "Plans": [{"Node Type": "Nested Loop", "Parent Relationship": "Outer", "Join Type": "Inner", "Startup Cost": 0.0, "Total Cost": 69449.47, "Plan Rows": 44, "Plan Width": 75, "Actual Min Startup Time": 190.036, "Actual Max Startup Time": 190.036, "Actual Min Total Time": 260.575, "Actual Max Total Time": 260.575, "Actual Total Rows": 4808, "Inner Unique": true, "Plans": [{"Node Type": "Nested Loop", "Parent Relationship": "Outer", "Join Type": "Inner", "Startup Cost": 0.0, "Total Cost": 69437.12, "Plan Rows": 44, "Plan Width": 79, "Actual Min Startup Time": 190.021, "Actual Max Startup Time": 190.021, "Actual Min Total Time": 240.161, "Actual Max Total Time": 240.161, "Actual Total Rows": 4808, "Inner Unique": false, "Join Filter": "(t.id = mk.movie_id)", "Rows Removed by Join Filter": 0, "Plans": [{"Node Type": "Nested Loop", "Parent Relationship": "Outer", "Join Type": "Inner", "Startup Cost": 0.0, "Total Cost": 69433.75, "Plan Rows": 6, "Plan Width": 71, "Actual Min Startup Time": 189.948, "Actual Max Startup Time": 189.948, "Actual Min Total Time": 227.716, "Actual Max Total Time": 227.716, "Actual Total Rows": 1488, "Inner Unique": true, "Plans": [{"Node Type": "Nested Loop", "Parent Relationship": "Outer", "Join Type": "Inner", "Startup Cost": 0.0, "Total Cost": 69430.58, "Plan Rows": 11, "Plan Width": 75, "Actual Min Startup Time": 189.926, "Actual Max Startup Time": 189.926, "Actual Min Total Time": 218.567, "Actual Max Total Time": 218.567, "Actual Total Rows": 1599, "Inner Unique": true, "Join Filter": "(mc.company_type_id = ct.id)", "Rows Removed by Join Filter": 3855, "Plans": [{"Node Type": "Nested Loop", "Parent Relationship": "Outer", "Join Type": "Inner", "Startup Cost": 0.0, "Total Cost": 69429.0, "Plan Rows": 12, "Plan Width": 79, "Actual Min Startup Time": 189.909, "Actual Max Startup Time": 189.909, "Actual Min Total Time": 216.006, "Actual Max Total Time": 216.006, "Actual Total Rows": 2884, "Inner Unique": false, "Plans": [{"Node Type": "Nested Loop", "Parent Relationship": "Outer", "Join Type": "Inner", "Startup Cost": 0.0, "Total Cost": 69426.8, "Plan Rows": 6, "Plan Width": 67, "Actual Min Startup Time": 189.872, "Actual Max Startup Time": 189.872, "Actual Min Total Time": 203.815, "Actual Max Total Time": 203.815, "Actual Total Rows": 1782, "Inner Unique": true, "Plans": [{"Node Type": "Nested Loop", "Parent Relationship": "Outer", "Join Type": "Inner", "Startup Cost": 0.0, "Total Cost": 69393.85, "Plan Rows": 4, "Plan Width": 46, "Actual Min Startup Time": 189.839, "Actual Max Startup Time": 189.839, "Actual Min Total Time": 191.037, "Actual Max Total Time": 191.037, "Actual Total Rows": 1783, "Inner Unique": false, "Join Filter": "(it1.id = mi.info_type_id)", "Rows Removed by Join Filter": 0, "Plans": [{"Node Type": "Seq Scan", "Parent Relationship": "Outer", "Relation Name": "info_type", "Alias": "it1", "Startup Cost": 0.0, "Total Cost": 2.4, "Plan Rows": 1, "Plan Width": 4, "Actual Min Startup Time": 0.06, "Actual Max Startup Time": 0.06, "Actual Min Total Time": 0.088, "Actual Max Total Time": 0.088, "Actual Total Rows": 1, "Filter": "((info)::text = 'release dates'::text)", "Rows Removed by Filter": 111}, {"Node Type": "Materialize", "Parent Relationship": "Inner", "Startup Cost": 0.0, "Total Cost": 69388.9, "Plan Rows": 255, "Plan Width": 50, "Actual Min Startup Time": 189.752, "Actual Max Startup Time": 189.752, "Actual Min Total Time": 190.054, "Actual Max Total Time": 190.054, "Actual Total Rows": 1784, "Plans": [{"Node Type": "Streaming(type: LOCAL GATHER dop: 1/64)", "Parent Relationship": "Outer", "Startup Cost": 0.0, "Total Cost": 69388.27, "Plan Rows": 255, "Plan Width": 50, "Actual Min Startup Time": 114.872, "Actual Max Startup Time": 114.872, "Actual Min Total Time": 189.389, "Actual Max Total Time": 189.389, "Actual Total Rows": 1783, "Plans": [{"Node Type": "Seq Scan", "Parent Relationship": "Outer", "Relation Name": "movie_info", "Alias": "mi", "Startup Cost": 0.0, "Total Cost": 69383.01, "Plan Rows": 255, "Plan Width": 50, "Actual Min Startup Time": 20.094, "Actual Max Startup Time": 28.482, "Actual Min Total Time": 71.624, "Actual Max Total Time": 82.487, "Actual Total Rows": 1783, "Filter": "((info IS NOT NULL) AND ((note)::text ~~ '%internet%'::text) AND (((info)::text ~~ 'USA:% 199%'::text) OR ((info)::text ~~ 'USA:% 200%'::text)))", "Rows Removed by Filter": 14833936}]}]}]}, {"Node Type": "Index Scan", "Parent Relationship": "Inner", "Scan Direction": "Forward", "Index Name": "title_pkey", "Relation Name": "title", "Alias": "t", "Startup Cost": 0.0, "Total Cost": 8.23, "Plan Rows": 1, "Plan Width": 21, "Actual Min Startup Time": 11.198, "Actual Max Startup Time": 11.198, "Actual Min Total Time": 11.198, "Actual Max Total Time": 11.198, "Actual Total Rows": 1782, "Index Cond": "(id = mi.movie_id)", "Rows Removed by Index Recheck": 0, "Filter": "(production_year > 1990)", "Rows Removed by Filter": 1}]}, {"Node Type": "Index Scan", "Parent Relationship": "Inner", "Scan Direction": "Forward", "Index Name": "movie_id_movie_companies", "Relation Name": "movie_companies", "Alias": "mc", "Startup Cost": 0.0, "Total Cost": 0.35, "Plan Rows": 2, "Plan Width": 12, "Actual Min Startup Time": 8.356, "Actual Max Startup Time": 8.356, "Actual Min Total Time": 10.623, "Actual Max Total Time": 10.623, "Actual Total Rows": 2884, "Index Cond": "(movie_id = t.id)", "Rows Removed by Index Recheck": 0}]}, {"Node Type": "Materialize", "Parent Relationship": "Inner", "Startup Cost": 0.0, "Total Cost": 1.04, "Plan Rows": 3, "Plan Width": 4, "Actual Min Startup Time": 0.281, "Actual Max Startup Time": 0.281, "Actual Min Total Time": 0.62, "Actual Max Total Time": 0.62, "Actual Total Rows": 5454, "Plans": [{"Node Type": "Seq Scan", "Parent Relationship": "Outer", "Relation Name": "company_type", "Alias": "ct", "Startup Cost": 0.0, "Total Cost": 1.03, "Plan Rows": 3, "Plan Width": 4, "Actual Min Startup Time": 0.007, "Actual Max Startup Time": 0.007, "Actual Min Total Time": 0.008, "Actual Max Total Time": 0.008, "Actual Total Rows": 3}]}]}, {"Node Type": "Index Scan", "Parent Relationship": "Inner", "Scan Direction": "Forward", "Index Name": "company_name_pkey", "Relation Name": "company_name", "Alias": "cn", "Startup Cost": 0.0, "Total Cost": 0.28, "Plan Rows": 1, "Plan Width": 4, "Actual Min Startup Time": 7.619, "Actual Max Startup Time": 7.619, "Actual Min Total Time": 7.619, "Actual Max Total Time": 7.619, "Actual Total Rows": 1488, "Index Cond": "(id = mc.company_id)", "Rows Removed by Index Recheck": 0, "Filter": "((country_code)::text = '[us]'::text)", "Rows Removed by Filter": 111}]}, {"Node Type": "Index Scan", "Parent Relationship": "Inner", "Scan Direction": "Forward", "Index Name": "movie_id_movie_keyword", "Relation Name": "movie_keyword", "Alias": "mk", "Startup Cost": 0.0, "Total Cost": 0.46, "Plan Rows": 8, "Plan Width": 8, "Actual Min Startup Time": 7.436, "Actual Max Startup Time": 7.436, "Actual Min Total Time": 9.669, "Actual Max Total Time": 9.669, "Actual Total Rows": 4808, "Index Cond": "(movie_id = mc.movie_id)", "Rows Removed by Index Recheck": 0}]}, {"Node Type": "Index Scan", "Parent Relationship": "Inner", "Scan Direction": "Forward", "Index Name": "keyword_pkey", "Relation Name": "keyword", "Alias": "k", "Startup Cost": 0.0, "Total Cost": 0.27, "Plan Rows": 1, "Plan Width": 4, "Actual Min Startup Time": 16.547, "Actual Max Startup Time": 16.547, "Actual Min Total Time": 16.547, "Actual Max Total Time": 16.547, "Actual Total Rows": 4808, "Index Cond": "(id = mk.keyword_id)", "Rows Removed by Index Recheck": 0}]}, {"Node Type": "Index Scan", "Parent Relationship": "Inner", "Scan Direction": "Forward", "Index Name": "movie_id_aka_title", "Relation Name": "aka_title", "Alias": "at", "Startup Cost": 0.0, "Total Cost": 0.32, "Plan Rows": 3, "Plan Width": 4, "Actual Min Startup Time": 11.164, "Actual Max Startup Time": 11.164, "Actual Min Total Time": 11.69, "Actual Max Total Time": 11.69, "Actual Total Rows": 1140, "Index Cond": "(movie_id = mk.movie_id)", "Rows Removed by Index Recheck": 0}]}]}, "Triggers": [], "Planner Runtime": 154.322, "Total Runtime": 287.913, "Unique SQL Id": 2846462052}}, "(64, 21)": {"explain_plan": {"Plan": {"Node Type": "Aggregate", "Strategy": "Plain", "Startup Cost": 165029.47, "Total Cost": 165029.48, "Plan Rows": 1, "Plan Width": 123, "Plans": [{"Node Type": "Nested Loop", "Parent Relationship": "Outer", "Join Type": "Inner", "Startup Cost": 4841.46, "Total Cost": 165028.8, "Plan Rows": 134, "Plan Width": 59, "Inner Unique": false, "Join Filter": "(t.id = at.movie_id)", "Plans": [{"Node Type": "Nested Loop", "Parent Relationship": "Outer", "Join Type": "Inner", "Startup Cost": 4841.46, "Total Cost": 165013.23, "Plan Rows": 44, "Plan Width": 75, "Inner Unique": true, "Plans": [{"Node Type": "Nested Loop", "Parent Relationship": "Outer", "Join Type": "Inner", "Startup Cost": 4841.46, "Total Cost": 165000.88, "Plan Rows": 44, "Plan Width": 79, "Inner Unique": false, "Join Filter": "(t.id = mk.movie_id)", "Plans": [{"Node Type": "Nested Loop", "Parent Relationship": "Outer", "Join Type": "Inner", "Startup Cost": 4841.46, "Total Cost": 164997.5, "Plan Rows": 6, "Plan Width": 71, "Inner Unique": true, "Plans": [{"Node Type": "Nested Loop", "Parent Relationship": "Outer", "Join Type": "Inner", "Startup Cost": 4841.46, "Total Cost": 164994.7, "Plan Rows": 10, "Plan Width": 75, "Inner Unique": true, "Plans": [{"Node Type": "Nested Loop", "Parent Relationship": "Outer", "Join Type": "Inner", "Startup Cost": 4841.46, "Total Cost": 164991.25, "Plan Rows": 12, "Plan Width": 79, "Inner Unique": false, "Plans": [{"Node Type": "Nested Loop", "Parent Relationship": "Outer", "Join Type": "Inner", "Startup Cost": 4841.46, "Total Cost": 164989.04, "Plan Rows": 6, "Plan Width": 67, "Inner Unique": true, "Plans": [{"Node Type": "Nested Loop", "Parent Relationship": "Outer", "Join Type": "Inner", "Startup Cost": 4841.46, "Total Cost": 164956.1, "Plan Rows": 4, "Plan Width": 46, "Inner Unique": false, "Plans": [{"Node Type": "Index Scan", "Parent Relationship": "Outer", "Scan Direction": "Forward", "Index Name": "info_type_pkey", "Relation Name": "info_type", "Alias": "it1", "Startup Cost": 0.0, "Total Cost": 14.21, "Plan Rows": 1, "Plan Width": 4, "Filter": "((info)::text = 'release dates'::text)"}, {"Node Type": "Bitmap Heap Scan", "Parent Relationship": "Inner", "Relation Name": "movie_info", "Alias": "mi", "Startup Cost": 4841.46, "Total Cost": 164941.85, "Plan Rows": 4, "Plan Width": 50, "Recheck Cond": "(info_type_id = it1.id)", "Filter": "((info IS NOT NULL) AND ((note)::text ~~ '%internet%'::text) AND (((info)::text ~~ 'USA:% 199%'::text) OR ((info)::text ~~ 'USA:% 200%'::text)))", "Plans": [{"Node Type": "Bitmap Index Scan", "Parent Relationship": "Outer", "Index Name": "info_type_id_movie_info", "Startup Cost": 0.0, "Total Cost": 4841.46, "Plan Rows": 212428, "Plan Width": 0, "Index Cond": "(info_type_id = it1.id)"}]}]}, {"Node Type": "Index Scan", "Parent Relationship": "Inner", "Scan Direction": "Forward", "Index Name": "title_pkey", "Relation Name": "title", "Alias": "t", "Startup Cost": 0.0, "Total Cost": 8.23, "Plan Rows": 1, "Plan Width": 21, "Index Cond": "(id = mi.movie_id)", "Filter": "(production_year > 1990)"}]}, {"Node Type": "Index Scan", "Parent Relationship": "Inner", "Scan Direction": "Forward", "Index Name": "movie_id_movie_companies", "Relation Name": "movie_companies", "Alias": "mc", "Startup Cost": 0.0, "Total Cost": 0.35, "Plan Rows": 2, "Plan Width": 12, "Index Cond": "(movie_id = t.id)"}]}, {"Node Type": "Index Scan", "Parent Relationship": "Inner", "Scan Direction": "Forward", "Index Name": "company_name_pkey", "Relation Name": "company_name", "Alias": "cn", "Startup Cost": 0.0, "Total Cost": 0.28, "Plan Rows": 1, "Plan Width": 4, "Index Cond": "(id = mc.company_id)", "Filter": "((country_code)::text = '[us]'::text)"}]}, {"Node Type": "Index Scan", "Parent Relationship": "Inner", "Scan Direction": "Forward", "Index Name": "company_type_pkey", "Relation Name": "company_type", "Alias": "ct", "Startup Cost": 0.0, "Total Cost": 0.27, "Plan Rows": 1, "Plan Width": 4, "Index Cond": "(id = mc.company_type_id)"}]}, {"Node Type": "Index Scan", "Parent Relationship": "Inner", "Scan Direction": "Forward", "Index Name": "movie_id_movie_keyword", "Relation Name": "movie_keyword", "Alias": "mk", "Startup Cost": 0.0, "Total Cost": 0.46, "Plan Rows": 8, "Plan Width": 8, "Index Cond": "(movie_id = mc.movie_id)"}]}, {"Node Type": "Index Scan", "Parent Relationship": "Inner", "Scan Direction": "Forward", "Index Name": "keyword_pkey", "Relation Name": "keyword", "Alias": "k", "Startup Cost": 0.0, "Total Cost": 0.27, "Plan Rows": 1, "Plan Width": 4, "Index Cond": "(id = mk.keyword_id)"}]}, {"Node Type": "Index Scan", "Parent Relationship": "Inner", "Scan Direction": "Forward", "Index Name": "movie_id_aka_title", "Relation Name": "aka_title", "Alias": "at", "Startup Cost": 0.0, "Total Cost": 0.32, "Plan Rows": 3, "Plan Width": 4, "Index Cond": "(movie_id = mk.movie_id)"}]}]}, "Unique SQL Id": 2846462052}, "explain_analyze_plan": null}, "(64, 22)": {"explain_plan": {"Plan": {"Node Type": "Aggregate", "Strategy": "Plain", "Startup Cost": 70470.25, "Total Cost": 70470.26, "Plan Rows": 1, "Plan Width": 123, "Plans": [{"Node Type": "Nested Loop", "Parent Relationship": "Outer", "Join Type": "Inner", "Startup Cost": 5.28, "Total Cost": 70469.58, "Plan Rows": 134, "Plan Width": 59, "Inner Unique": true, "Join Filter": "(at.movie_id = t.id)", "Plans": [{"Node Type": "Nested Loop", "Parent Relationship": "Outer", "Join Type": "Inner", "Startup Cost": 5.01, "Total Cost": 70053.12, "Plan Rows": 97, "Plan Width": 58, "Inner Unique": true, "Plans": [{"Node Type": "Nested Loop", "Parent Relationship": "Outer", "Join Type": "Inner", "Startup Cost": 4.75, "Total Cost": 69637.93, "Plan Rows": 97, "Plan Width": 62, "Inner Unique": false, "Join Filter": "(at.movie_id = mk.movie_id)", "Plans": [{"Node Type": "Nested Loop", "Parent Relationship": "Outer", "Join Type": "Inner", "Startup Cost": 4.42, "Total Cost": 69583.48, "Plan Rows": 12, "Plan Width": 54, "Inner Unique": true, "Join Filter": "(mc.company_type_id = ct.id)", "Plans": [{"Node Type": "Nested Loop", "Parent Relationship": "Outer", "Join Type": "Inner", "Startup Cost": 4.42, "Total Cost": 69581.9, "Plan Rows": 12, "Plan Width": 58, "Inner Unique": true, "Plans": [{"Node Type": "Nested Loop", "Parent Relationship": "Outer", "Join Type": "Inner", "Startup Cost": 4.16, "Total Cost": 69496.23, "Plan Rows": 20, "Plan Width": 62, "Inner Unique": false, "Plans": [{"Node Type": "Nested Loop", "Parent Relationship": "Outer", "Join Type": "Inner", "Startup Cost": 3.79, "Total Cost": 69456.49, "Plan Rows": 9, "Plan Width": 50, "Inner Unique": false, "Plans": [{"Node Type": "Nested Loop", "Parent Relationship": "Outer", "Join Type": "Inner", "Startup Cost": 0.0, "Total Cost": 69393.85, "Plan Rows": 4, "Plan Width": 46, "Inner Unique": false, "Join Filter": "(it1.id = mi.info_type_id)", "Plans": [{"Node Type": "Seq Scan", "Parent Relationship": "Outer", "Relation Name": "info_type", "Alias": "it1", "Startup Cost": 0.0, "Total Cost": 2.4, "Plan Rows": 1, "Plan Width": 4, "Filter": "((info)::text = 'release dates'::text)"}, {"Node Type": "Materialize", "Parent Relationship": "Inner", "Startup Cost": 0.0, "Total Cost": 69388.9, "Plan Rows": 255, "Plan Width": 50, "Plans": [{"Node Type": "Streaming(type: LOCAL GATHER dop: 1/64)", "Parent Relationship": "Outer", "Startup Cost": 0.0, "Total Cost": 69388.27, "Plan Rows": 255, "Plan Width": 50, "Plans": [{"Node Type": "Seq Scan", "Parent Relationship": "Outer", "Relation Name": "movie_info", "Alias": "mi", "Startup Cost": 0.0, "Total Cost": 69383.01, "Plan Rows": 255, "Plan Width": 50, "Filter": "((info IS NOT NULL) AND ((note)::text ~~ '%internet%'::text) AND (((info)::text ~~ 'USA:% 199%'::text) OR ((info)::text ~~ 'USA:% 200%'::text)))"}]}]}]}, {"Node Type": "Bitmap Heap Scan", "Parent Relationship": "Inner", "Relation Name": "aka_title", "Alias": "at", "Startup Cost": 3.79, "Total Cost": 15.63, "Plan Rows": 3, "Plan Width": 4, "Recheck Cond": "(movie_id = mi.movie_id)", "Plans": [{"Node Type": "Bitmap Index Scan", "Parent Relationship": "Outer", "Index Name": "movie_id_aka_title", "Startup Cost": 0.0, "Total Cost": 3.79, "Plan Rows": 3, "Plan Width": 0, "Index Cond": "(movie_id = mi.movie_id)"}]}]}, {"Node Type": "Bitmap Heap Scan", "Parent Relationship": "Inner", "Relation Name": "movie_companies", "Alias": "mc", "Startup Cost": 0.37, "Total Cost": 4.4, "Plan Rows": 2, "Plan Width": 12, "Recheck Cond": "(movie_id = at.movie_id)", "Plans": [{"Node Type": "Bitmap Index Scan", "Parent Relationship": "Outer", "Index Name": "movie_id_movie_companies", "Startup Cost": 0.0, "Total Cost": 0.37, "Plan Rows": 2, "Plan Width": 0, "Index Cond": "(movie_id = at.movie_id)"}]}]}, {"Node Type": "Bitmap Heap Scan", "Parent Relationship": "Inner", "Relation Name": "company_name", "Alias": "cn", "Startup Cost": 0.26, "Total Cost": 4.27, "Plan Rows": 1, "Plan Width": 4, "Recheck Cond": "(id = mc.company_id)", "Filter": "((country_code)::text = '[us]'::text)", "Plans": [{"Node Type": "Bitmap Index Scan", "Parent Relationship": "Outer", "Index Name": "company_name_pkey", "Startup Cost": 0.0, "Total Cost": 0.26, "Plan Rows": 1, "Plan Width": 0, "Index Cond": "(id = mc.company_id)"}]}]}, {"Node Type": "Materialize", "Parent Relationship": "Inner", "Startup Cost": 0.0, "Total Cost": 1.04, "Plan Rows": 3, "Plan Width": 4, "Plans": [{"Node Type": "Seq Scan", "Parent Relationship": "Outer", "Relation Name": "company_type", "Alias": "ct", "Startup Cost": 0.0, "Total Cost": 1.03, "Plan Rows": 3, "Plan Width": 4}]}]}, {"Node Type": "Bitmap Heap Scan", "Parent Relationship": "Inner", "Relation Name": "movie_keyword", "Alias": "mk", "Startup Cost": 0.34, "Total Cost": 4.44, "Plan Rows": 8, "Plan Width": 8, "Recheck Cond": "(movie_id = mc.movie_id)", "Plans": [{"Node Type": "Bitmap Index Scan", "Parent Relationship": "Outer", "Index Name": "movie_id_movie_keyword", "Startup Cost": 0.0, "Total Cost": 0.34, "Plan Rows": 8, "Plan Width": 0, "Index Cond": "(movie_id = mc.movie_id)"}]}]}, {"Node Type": "Bitmap Heap Scan", "Parent Relationship": "Inner", "Relation Name": "keyword", "Alias": "k", "Startup Cost": 0.26, "Total Cost": 4.27, "Plan Rows": 1, "Plan Width": 4, "Recheck Cond": "(id = mk.keyword_id)", "Plans": [{"Node Type": "Bitmap Index Scan", "Parent Relationship": "Outer", "Index Name": "keyword_pkey", "Startup Cost": 0.0, "Total Cost": 0.26, "Plan Rows": 1, "Plan Width": 0, "Index Cond": "(id = mk.keyword_id)"}]}]}, {"Node Type": "Bitmap Heap Scan", "Parent Relationship": "Inner", "Relation Name": "title", "Alias": "t", "Startup Cost": 0.27, "Total Cost": 4.28, "Plan Rows": 1, "Plan Width": 21, "Recheck Cond": "(id = mk.movie_id)", "Filter": "(production_year > 1990)", "Plans": [{"Node Type": "Bitmap Index Scan", "Parent Relationship": "Outer", "Index Name": "title_pkey", "Startup Cost": 0.0, "Total Cost": 0.27, "Plan Rows": 1, "Plan Width": 0, "Index Cond": "(id = mk.movie_id)"}]}]}]}, "Unique SQL Id": 2846462052}, "explain_analyze_plan": {"Plan": {"Node Type": "Aggregate", "Strategy": "Plain", "Startup Cost": 70470.25, "Total Cost": 70470.26, "Plan Rows": 1, "Plan Width": 123, "Actual Min Startup Time": 229.575, "Actual Max Startup Time": 229.575, "Actual Min Total Time": 229.576, "Actual Max Total Time": 229.576, "Actual Total Rows": 1, "Plans": [{"Node Type": "Nested Loop", "Parent Relationship": "Outer", "Join Type": "Inner", "Startup Cost": 5.28, "Total Cost": 70469.58, "Plan Rows": 134, "Plan Width": 59, "Actual Min Startup Time": 199.555, "Actual Max Startup Time": 199.555, "Actual Min Total Time": 228.678, "Actual Max Total Time": 228.678, "Actual Total Rows": 1140, "Inner Unique": true, "Join Filter": "(at.movie_id = t.id)", "Rows Removed by Join Filter": 0, "Plans": [{"Node Type": "Nested Loop", "Parent Relationship": "Outer", "Join Type": "Inner", "Startup Cost": 5.01, "Total Cost": 70053.12, "Plan Rows": 97, "Plan Width": 58, "Actual Min Startup Time": 199.528, "Actual Max Startup Time": 199.528, "Actual Min Total Time": 222.365, "Actual Max Total Time": 222.365, "Actual Total Rows": 1140, "Inner Unique": true, "Plans": [{"Node Type": "Nested Loop", "Parent Relationship": "Outer", "Join Type": "Inner", "Startup Cost": 4.75, "Total Cost": 69637.93, "Plan Rows": 97, "Plan Width": 62, "Actual Min Startup Time": 199.509, "Actual Max Startup Time": 199.509, "Actual Min Total Time": 215.663, "Actual Max Total Time": 215.663, "Actual Total Rows": 1140, "Inner Unique": false, "Join Filter": "(at.movie_id = mk.movie_id)", "Rows Removed by Join Filter": 0, "Plans": [{"Node Type": "Nested Loop", "Parent Relationship": "Outer", "Join Type": "Inner", "Startup Cost": 4.42, "Total Cost": 69583.48, "Plan Rows": 12, "Plan Width": 54, "Actual Min Startup Time": 199.483, "Actual Max Startup Time": 199.483, "Actual Min Total Time": 213.982, "Actual Max Total Time": 213.982, "Actual Total Rows": 119, "Inner Unique": true, "Join Filter": "(mc.company_type_id = ct.id)", "Rows Removed by Join Filter": 495, "Plans": [{"Node Type": "Nested Loop", "Parent Relationship": "Outer", "Join Type": "Inner", "Startup Cost": 4.42, "Total Cost": 69581.9, "Plan Rows": 12, "Plan Width": 58, "Actual Min Startup Time": 199.375, "Actual Max Startup Time": 199.375, "Actual Min Total Time": 213.651, "Actual Max Total Time": 213.651, "Actual Total Rows": 284, "Inner Unique": true, "Plans": [{"Node Type": "Nested Loop", "Parent Relationship": "Outer", "Join Type": "Inner", "Startup Cost": 4.16, "Total Cost": 69496.23, "Plan Rows": 20, "Plan Width": 62, "Actual Min Startup Time": 199.35, "Actual Max Startup Time": 199.35, "Actual Min Total Time": 211.003, "Actual Max Total Time": 211.003, "Actual Total Rows": 400, "Inner Unique": false, "Plans": [{"Node Type": "Nested Loop", "Parent Relationship": "Outer", "Join Type": "Inner", "Startup Cost": 3.79, "Total Cost": 69456.49, "Plan Rows": 9, "Plan Width": 50, "Actual Min Startup Time": 199.322, "Actual Max Startup Time": 199.322, "Actual Min Total Time": 209.358, "Actual Max Total Time": 209.358, "Actual Total Rows": 120, "Inner Unique": false, "Plans": [{"Node Type": "Nested Loop", "Parent Relationship": "Outer", "Join Type": "Inner", "Startup Cost": 0.0, "Total Cost": 69393.85, "Plan Rows": 4, "Plan Width": 46, "Actual Min Startup Time": 199.227, "Actual Max Startup Time": 199.227, "Actual Min Total Time": 200.32, "Actual Max Total Time": 200.32, "Actual Total Rows": 1783, "Inner Unique": false, "Join Filter": "(it1.id = mi.info_type_id)", "Rows Removed by Join Filter": 0, "Plans": [{"Node Type": "Seq Scan", "Parent Relationship": "Outer", "Relation Name": "info_type", "Alias": "it1", "Startup Cost": 0.0, "Total Cost": 2.4, "Plan Rows": 1, "Plan Width": 4, "Actual Min Startup Time": 0.044, "Actual Max Startup Time": 0.044, "Actual Min Total Time": 0.068, "Actual Max Total Time": 0.068, "Actual Total Rows": 1, "Filter": "((info)::text = 'release dates'::text)", "Rows Removed by Filter": 111}, {"Node Type": "Materialize", "Parent Relationship": "Inner", "Startup Cost": 0.0, "Total Cost": 69388.9, "Plan Rows": 255, "Plan Width": 50, "Actual Min Startup Time": 199.153, "Actual Max Startup Time": 199.153, "Actual Min Total Time": 199.413, "Actual Max Total Time": 199.413, "Actual Total Rows": 1784, "Plans": [{"Node Type": "Streaming(type: LOCAL GATHER dop: 1/64)", "Parent Relationship": "Outer", "Startup Cost": 0.0, "Total Cost": 69388.27, "Plan Rows": 255, "Plan Width": 50, "Actual Min Startup Time": 126.07, "Actual Max Startup Time": 126.07, "Actual Min Total Time": 198.804, "Actual Max Total Time": 198.804, "Actual Total Rows": 1783, "Plans": [{"Node Type": "Seq Scan", "Parent Relationship": "Outer", "Relation Name": "movie_info", "Alias": "mi", "Startup Cost": 0.0, "Total Cost": 69383.01, "Plan Rows": 255, "Plan Width": 50, "Actual Min Startup Time": 20.12, "Actual Max Startup Time": 45.214, "Actual Min Total Time": 71.613, "Actual Max Total Time": 109.296, "Actual Total Rows": 1783, "Filter": "((info IS NOT NULL) AND ((note)::text ~~ '%internet%'::text) AND (((info)::text ~~ 'USA:% 199%'::text) OR ((info)::text ~~ 'USA:% 200%'::text)))", "Rows Removed by Filter": 14833936}]}]}]}, {"Node Type": "Bitmap Heap Scan", "Parent Relationship": "Inner", "Relation Name": "aka_title", "Alias": "at", "Startup Cost": 3.79, "Total Cost": 15.63, "Plan Rows": 3, "Plan Width": 4, "Actual Min Startup Time": 7.106, "Actual Max Startup Time": 7.106, "Actual Min Total Time": 7.185, "Actual Max Total Time": 7.185, "Actual Total Rows": 120, "Recheck Cond": "(movie_id = mi.movie_id)", "Rows Removed by Index Recheck": 0, "Exact Heap Blocks": 120, "Lossy Heap Blocks": 120, "Plans": [{"Node Type": "Bitmap Index Scan", "Parent Relationship": "Outer", "Index Name": "movie_id_aka_title", "Startup Cost": 0.0, "Total Cost": 3.79, "Plan Rows": 3, "Plan Width": 0, "Actual Min Startup Time": 6.076, "Actual Max Startup Time": 6.076, "Actual Min Total Time": 6.076, "Actual Max Total Time": 6.076, "Actual Total Rows": 120, "Index Cond": "(movie_id = mi.movie_id)"}]}]}, {"Node Type": "Bitmap Heap Scan", "Parent Relationship": "Inner", "Relation Name": "movie_companies", "Alias": "mc", "Startup Cost": 0.37, "Total Cost": 4.4, "Plan Rows": 2, "Plan Width": 12, "Actual Min Startup Time": 1.14, "Actual Max Startup Time": 1.14, "Actual Min Total Time": 1.371, "Actual Max Total Time": 1.371, "Actual Total Rows": 400, "Recheck Cond": "(movie_id = at.movie_id)", "Rows Removed by Index Recheck": 0, "Exact Heap Blocks": 214, "Lossy Heap Blocks": 214, "Plans": [{"Node Type": "Bitmap Index Scan", "Parent Relationship": "Outer", "Index Name": "movie_id_movie_companies", "Startup Cost": 0.0, "Total Cost": 0.37, "Plan Rows": 2, "Plan Width": 0, "Actual Min Startup Time": 0.734, "Actual Max Startup Time": 0.734, "Actual Min Total Time": 0.734, "Actual Max Total Time": 0.734, "Actual Total Rows": 400, "Index Cond": "(movie_id = at.movie_id)"}]}]}, {"Node Type": "Bitmap Heap Scan", "Parent Relationship": "Inner", "Relation Name": "company_name", "Alias": "cn", "Startup Cost": 0.26, "Total Cost": 4.27, "Plan Rows": 1, "Plan Width": 4, "Actual Min Startup Time": 2.13, "Actual Max Startup Time": 2.13, "Actual Min Total Time": 2.13, "Actual Max Total Time": 2.13, "Actual Total Rows": 284, "Recheck Cond": "(id = mc.company_id)", "Rows Removed by Index Recheck": 0, "Filter": "((country_code)::text = '[us]'::text)", "Rows Removed by Filter": 116, "Exact Heap Blocks": 400, "Lossy Heap Blocks": 400, "Plans": [{"Node Type": "Bitmap Index Scan", "Parent Relationship": "Outer", "Index Name": "company_name_pkey", "Startup Cost": 0.0, "Total Cost": 0.26, "Plan Rows": 1, "Plan Width": 0, "Actual Min Startup Time": 1.24, "Actual Max Startup Time": 1.24, "Actual Min Total Time": 1.24, "Actual Max Total Time": 1.24, "Actual Total Rows": 400, "Index Cond": "(id = mc.company_id)"}]}]}, {"Node Type": "Materialize", "Parent Relationship": "Inner", "Startup Cost": 0.0, "Total Cost": 1.04, "Plan Rows": 3, "Plan Width": 4, "Actual Min Startup Time": 0.05, "Actual Max Startup Time": 0.05, "Actual Min Total Time": 0.1, "Actual Max Total Time": 0.1, "Actual Total Rows": 614, "Plans": [{"Node Type": "Seq Scan", "Parent Relationship": "Outer", "Relation Name": "company_type", "Alias": "ct", "Startup Cost": 0.0, "Total Cost": 1.03, "Plan Rows": 3, "Plan Width": 4, "Actual Min Startup Time": 0.007, "Actual Max Startup Time": 0.007, "Actual Min Total Time": 0.008, "Actual Max Total Time": 0.008, "Actual Total Rows": 3}]}]}, {"Node Type": "Bitmap Heap Scan", "Parent Relationship": "Inner", "Relation Name": "movie_keyword", "Alias": "mk", "Startup Cost": 0.34, "Total Cost": 4.44, "Plan Rows": 8, "Plan Width": 8, "Actual Min Startup Time": 0.913, "Actual Max Startup Time": 0.913, "Actual Min Total Time": 1.129, "Actual Max Total Time": 1.129, "Actual Total Rows": 1140, "Recheck Cond": "(movie_id = mc.movie_id)", "Rows Removed by Index Recheck": 0, "Exact Heap Blocks": 91, "Lossy Heap Blocks": 91, "Plans": [{"Node Type": "Bitmap Index Scan", "Parent Relationship": "Outer", "Index Name": "movie_id_movie_keyword", "Startup Cost": 0.0, "Total Cost": 0.34, "Plan Rows": 8, "Plan Width": 0, "Actual Min Startup Time": 0.585, "Actual Max Startup Time": 0.585, "Actual Min Total Time": 0.585, "Actual Max Total Time": 0.585, "Actual Total Rows": 1140, "Index Cond": "(movie_id = mc.movie_id)"}]}]}, {"Node Type": "Bitmap Heap Scan", "Parent Relationship": "Inner", "Relation Name": "keyword", "Alias": "k", "Startup Cost": 0.26, "Total Cost": 4.27, "Plan Rows": 1, "Plan Width": 4, "Actual Min Startup Time": 5.127, "Actual Max Startup Time": 5.127, "Actual Min Total Time": 5.127, "Actual Max Total Time": 5.127, "Actual Total Rows": 1140, "Recheck Cond": "(id = mk.keyword_id)", "Rows Removed by Index Recheck": 0, "Exact Heap Blocks": 1140, "Lossy Heap Blocks": 1140, "Plans": [{"Node Type": "Bitmap Index Scan", "Parent Relationship": "Outer", "Index Name": "keyword_pkey", "Startup Cost": 0.0, "Total Cost": 0.26, "Plan Rows": 1, "Plan Width": 0, "Actual Min Startup Time": 3.182, "Actual Max Startup Time": 3.182, "Actual Min Total Time": 3.182, "Actual Max Total Time": 3.182, "Actual Total Rows": 1140, "Index Cond": "(id = mk.keyword_id)"}]}]}, {"Node Type": "Bitmap Heap Scan", "Parent Relationship": "Inner", "Relation Name": "title", "Alias": "t", "Startup Cost": 0.27, "Total Cost": 4.28, "Plan Rows": 1, "Plan Width": 21, "Actual Min Startup Time": 4.642, "Actual Max Startup Time": 4.642, "Actual Min Total Time": 4.642, "Actual Max Total Time": 4.642, "Actual Total Rows": 1140, "Recheck Cond": "(id = mk.movie_id)", "Rows Removed by Index Recheck": 0, "Filter": "(production_year > 1990)", "Rows Removed by Filter": 0, "Exact Heap Blocks": 1140, "Lossy Heap Blocks": 1140, "Plans": [{"Node Type": "Bitmap Index Scan", "Parent Relationship": "Outer", "Index Name": "title_pkey", "Startup Cost": 0.0, "Total Cost": 0.27, "Plan Rows": 1, "Plan Width": 0, "Actual Min Startup Time": 2.827, "Actual Max Startup Time": 2.827, "Actual Min Total Time": 2.827, "Actual Max Total Time": 2.827, "Actual Total Rows": 1140, "Index Cond": "(id = mk.movie_id)"}]}]}]}, "Triggers": [], "Planner Runtime": 254.107, "Total Runtime": 241.211, "Unique SQL Id": 2846462052}}, "(64, 23)": {"explain_plan": {"Plan": {"Node Type": "Aggregate", "Strategy": "Plain", "Startup Cost": 166082.29, "Total Cost": 166082.3, "Plan Rows": 1, "Plan Width": 123, "Plans": [{"Node Type": "Nested Loop", "Parent Relationship": "Outer", "Join Type": "Inner", "Startup Cost": 4855.81, "Total Cost": 166081.62, "Plan Rows": 134, "Plan Width": 59, "Inner Unique": true, "Join Filter": "(at.movie_id = t.id)", "Plans": [{"Node Type": "Nested Loop", "Parent Relationship": "Outer", "Join Type": "Inner", "Startup Cost": 4855.54, "Total Cost": 165665.15, "Plan Rows": 97, "Plan Width": 58, "Inner Unique": true, "Plans": [{"Node Type": "Nested Loop", "Parent Relationship": "Outer", "Join Type": "Inner", "Startup Cost": 4855.28, "Total Cost": 165249.97, "Plan Rows": 97, "Plan Width": 62, "Inner Unique": false, "Join Filter": "(at.movie_id = mk.movie_id)", "Plans": [{"Node Type": "Nested Loop", "Parent Relationship": "Outer", "Join Type": "Inner", "Startup Cost": 4854.95, "Total Cost": 165195.51, "Plan Rows": 12, "Plan Width": 54, "Inner Unique": true, "Plans": [{"Node Type": "Nested Loop", "Parent Relationship": "Outer", "Join Type": "Inner", "Startup Cost": 4854.69, "Total Cost": 165144.15, "Plan Rows": 12, "Plan Width": 58, "Inner Unique": true, "Plans": [{"Node Type": "Nested Loop", "Parent Relationship": "Outer", "Join Type": "Inner", "Startup Cost": 4854.43, "Total Cost": 165058.48, "Plan Rows": 20, "Plan Width": 62, "Inner Unique": false, "Plans": [{"Node Type": "Nested Loop", "Parent Relationship": "Outer", "Join Type": "Inner", "Startup Cost": 4854.06, "Total Cost": 165018.73, "Plan Rows": 9, "Plan Width": 50, "Inner Unique": false, "Plans": [{"Node Type": "Nested Loop", "Parent Relationship": "Outer", "Join Type": "Inner", "Startup Cost": 4850.27, "Total Cost": 164956.1, "Plan Rows": 4, "Plan Width": 46, "Inner Unique": false, "Plans": [{"Node Type": "Bitmap Heap Scan", "Parent Relationship": "Outer", "Relation Name": "info_type", "Alias": "it1", "Startup Cost": 8.81, "Total Cost": 14.21, "Plan Rows": 1, "Plan Width": 4, "Filter": "((info)::text = 'release dates'::text)", "Plans": [{"Node Type": "Bitmap Index Scan", "Parent Relationship": "Outer", "Index Name": "info_type_pkey", "Startup Cost": 0.0, "Total Cost": 8.81, "Plan Rows": 112, "Plan Width": 0}]}, {"Node Type": "Bitmap Heap Scan", "Parent Relationship": "Inner", "Relation Name": "movie_info", "Alias": "mi", "Startup Cost": 4841.46, "Total Cost": 164941.85, "Plan Rows": 4, "Plan Width": 50, "Recheck Cond": "(info_type_id = it1.id)", "Filter": "((info IS NOT NULL) AND ((note)::text ~~ '%internet%'::text) AND (((info)::text ~~ 'USA:% 199%'::text) OR ((info)::text ~~ 'USA:% 200%'::text)))", "Plans": [{"Node Type": "Bitmap Index Scan", "Parent Relationship": "Outer", "Index Name": "info_type_id_movie_info", "Startup Cost": 0.0, "Total Cost": 4841.46, "Plan Rows": 212428, "Plan Width": 0, "Index Cond": "(info_type_id = it1.id)"}]}]}, {"Node Type": "Bitmap Heap Scan", "Parent Relationship": "Inner", "Relation Name": "aka_title", "Alias": "at", "Startup Cost": 3.79, "Total Cost": 15.63, "Plan Rows": 3, "Plan Width": 4, "Recheck Cond": "(movie_id = mi.movie_id)", "Plans": [{"Node Type": "Bitmap Index Scan", "Parent Relationship": "Outer", "Index Name": "movie_id_aka_title", "Startup Cost": 0.0, "Total Cost": 3.79, "Plan Rows": 3, "Plan Width": 0, "Index Cond": "(movie_id = mi.movie_id)"}]}]}, {"Node Type": "Bitmap Heap Scan", "Parent Relationship": "Inner", "Relation Name": "movie_companies", "Alias": "mc", "Startup Cost": 0.37, "Total Cost": 4.4, "Plan Rows": 2, "Plan Width": 12, "Recheck Cond": "(movie_id = at.movie_id)", "Plans": [{"Node Type": "Bitmap Index Scan", "Parent Relationship": "Outer", "Index Name": "movie_id_movie_companies", "Startup Cost": 0.0, "Total Cost": 0.37, "Plan Rows": 2, "Plan Width": 0, "Index Cond": "(movie_id = at.movie_id)"}]}]}, {"Node Type": "Bitmap Heap Scan", "Parent Relationship": "Inner", "Relation Name": "company_name", "Alias": "cn", "Startup Cost": 0.26, "Total Cost": 4.27, "Plan Rows": 1, "Plan Width": 4, "Recheck Cond": "(id = mc.company_id)", "Filter": "((country_code)::text = '[us]'::text)", "Plans": [{"Node Type": "Bitmap Index Scan", "Parent Relationship": "Outer", "Index Name": "company_name_pkey", "Startup Cost": 0.0, "Total Cost": 0.26, "Plan Rows": 1, "Plan Width": 0, "Index Cond": "(id = mc.company_id)"}]}]}, {"Node Type": "Bitmap Heap Scan", "Parent Relationship": "Inner", "Relation Name": "company_type", "Alias": "ct", "Startup Cost": 0.26, "Total Cost": 4.27, "Plan Rows": 1, "Plan Width": 4, "Recheck Cond": "(id = mc.company_type_id)", "Plans": [{"Node Type": "Bitmap Index Scan", "Parent Relationship": "Outer", "Index Name": "company_type_pkey", "Startup Cost": 0.0, "Total Cost": 0.26, "Plan Rows": 1, "Plan Width": 0, "Index Cond": "(id = mc.company_type_id)"}]}]}, {"Node Type": "Bitmap Heap Scan", "Parent Relationship": "Inner", "Relation Name": "movie_keyword", "Alias": "mk", "Startup Cost": 0.34, "Total Cost": 4.44, "Plan Rows": 8, "Plan Width": 8, "Recheck Cond": "(movie_id = mc.movie_id)", "Plans": [{"Node Type": "Bitmap Index Scan", "Parent Relationship": "Outer", "Index Name": "movie_id_movie_keyword", "Startup Cost": 0.0, "Total Cost": 0.34, "Plan Rows": 8, "Plan Width": 0, "Index Cond": "(movie_id = mc.movie_id)"}]}]}, {"Node Type": "Bitmap Heap Scan", "Parent Relationship": "Inner", "Relation Name": "keyword", "Alias": "k", "Startup Cost": 0.26, "Total Cost": 4.27, "Plan Rows": 1, "Plan Width": 4, "Recheck Cond": "(id = mk.keyword_id)", "Plans": [{"Node Type": "Bitmap Index Scan", "Parent Relationship": "Outer", "Index Name": "keyword_pkey", "Startup Cost": 0.0, "Total Cost": 0.26, "Plan Rows": 1, "Plan Width": 0, "Index Cond": "(id = mk.keyword_id)"}]}]}, {"Node Type": "Bitmap Heap Scan", "Parent Relationship": "Inner", "Relation Name": "title", "Alias": "t", "Startup Cost": 0.27, "Total Cost": 4.28, "Plan Rows": 1, "Plan Width": 21, "Recheck Cond": "(id = mk.movie_id)", "Filter": "(production_year > 1990)", "Plans": [{"Node Type": "Bitmap Index Scan", "Parent Relationship": "Outer", "Index Name": "title_pkey", "Startup Cost": 0.0, "Total Cost": 0.27, "Plan Rows": 1, "Plan Width": 0, "Index Cond": "(id = mk.movie_id)"}]}]}]}, "Unique SQL Id": 2846462052}, "explain_analyze_plan": null}, "(64, 24)": {"explain_plan": {"Plan": {"Node Type": "Aggregate", "Strategy": "Plain", "Startup Cost": 69465.16, "Total Cost": 69465.17, "Plan Rows": 1, "Plan Width": 123, "Plans": [{"Node Type": "Nested Loop", "Parent Relationship": "Outer", "Join Type": "Inner", "Startup Cost": 0.0, "Total Cost": 69464.49, "Plan Rows": 134, "Plan Width": 59, "Inner Unique": false, "Plans": [{"Node Type": "Nested Loop", "Parent Relationship": "Outer", "Join Type": "Inner", "Startup Cost": 0.0, "Total Cost": 69449.44, "Plan Rows": 44, "Plan Width": 75, "Inner Unique": true, "Plans": [{"Node Type": "Nested Loop", "Parent Relationship": "Outer", "Join Type": "Inner", "Startup Cost": 0.0, "Total Cost": 69437.12, "Plan Rows": 44, "Plan Width": 79, "Inner Unique": false, "Join Filter": "(t.id = mk.movie_id)", "Plans": [{"Node Type": "Nested Loop", "Parent Relationship": "Outer", "Join Type": "Inner", "Startup Cost": 0.0, "Total Cost": 69433.75, "Plan Rows": 6, "Plan Width": 71, "Inner Unique": true, "Plans": [{"Node Type": "Nested Loop", "Parent Relationship": "Outer", "Join Type": "Inner", "Startup Cost": 0.0, "Total Cost": 69430.58, "Plan Rows": 11, "Plan Width": 75, "Inner Unique": true, "Join Filter": "(mc.company_type_id = ct.id)", "Plans": [{"Node Type": "Nested Loop", "Parent Relationship": "Outer", "Join Type": "Inner", "Startup Cost": 0.0, "Total Cost": 69429.0, "Plan Rows": 12, "Plan Width": 79, "Inner Unique": false, "Plans": [{"Node Type": "Nested Loop", "Parent Relationship": "Outer", "Join Type": "Inner", "Startup Cost": 0.0, "Total Cost": 69426.8, "Plan Rows": 6, "Plan Width": 67, "Inner Unique": true, "Plans": [{"Node Type": "Nested Loop", "Parent Relationship": "Outer", "Join Type": "Inner", "Startup Cost": 0.0, "Total Cost": 69393.85, "Plan Rows": 4, "Plan Width": 46, "Inner Unique": false, "Join Filter": "(it1.id = mi.info_type_id)", "Plans": [{"Node Type": "Seq Scan", "Parent Relationship": "Outer", "Relation Name": "info_type", "Alias": "it1", "Startup Cost": 0.0, "Total Cost": 2.4, "Plan Rows": 1, "Plan Width": 4, "Filter": "((info)::text = 'release dates'::text)"}, {"Node Type": "Materialize", "Parent Relationship": "Inner", "Startup Cost": 0.0, "Total Cost": 69388.9, "Plan Rows": 255, "Plan Width": 50, "Plans": [{"Node Type": "Streaming(type: LOCAL GATHER dop: 1/64)", "Parent Relationship": "Outer", "Startup Cost": 0.0, "Total Cost": 69388.27, "Plan Rows": 255, "Plan Width": 50, "Plans": [{"Node Type": "Seq Scan", "Parent Relationship": "Outer", "Relation Name": "movie_info", "Alias": "mi", "Startup Cost": 0.0, "Total Cost": 69383.01, "Plan Rows": 255, "Plan Width": 50, "Filter": "((info IS NOT NULL) AND ((note)::text ~~ '%internet%'::text) AND (((info)::text ~~ 'USA:% 199%'::text) OR ((info)::text ~~ 'USA:% 200%'::text)))"}]}]}]}, {"Node Type": "Index Scan", "Parent Relationship": "Inner", "Scan Direction": "Forward", "Index Name": "title_pkey", "Relation Name": "title", "Alias": "t", "Startup Cost": 0.0, "Total Cost": 8.23, "Plan Rows": 1, "Plan Width": 21, "Index Cond": "(id = mi.movie_id)", "Filter": "(production_year > 1990)"}]}, {"Node Type": "Index Scan", "Parent Relationship": "Inner", "Scan Direction": "Forward", "Index Name": "movie_id_movie_companies", "Relation Name": "movie_companies", "Alias": "mc", "Startup Cost": 0.0, "Total Cost": 0.35, "Plan Rows": 2, "Plan Width": 12, "Index Cond": "(movie_id = t.id)"}]}, {"Node Type": "Materialize", "Parent Relationship": "Inner", "Startup Cost": 0.0, "Total Cost": 1.04, "Plan Rows": 3, "Plan Width": 4, "Plans": [{"Node Type": "Seq Scan", "Parent Relationship": "Outer", "Relation Name": "company_type", "Alias": "ct", "Startup Cost": 0.0, "Total Cost": 1.03, "Plan Rows": 3, "Plan Width": 4}]}]}, {"Node Type": "Index Scan", "Parent Relationship": "Inner", "Scan Direction": "Forward", "Index Name": "company_name_pkey", "Relation Name": "company_name", "Alias": "cn", "Startup Cost": 0.0, "Total Cost": 0.28, "Plan Rows": 1, "Plan Width": 4, "Index Cond": "(id = mc.company_id)", "Filter": "((country_code)::text = '[us]'::text)"}]}, {"Node Type": "Index Scan", "Parent Relationship": "Inner", "Scan Direction": "Forward", "Index Name": "movie_id_movie_keyword", "Relation Name": "movie_keyword", "Alias": "mk", "Startup Cost": 0.0, "Total Cost": 0.46, "Plan Rows": 8, "Plan Width": 8, "Index Cond": "(movie_id = mc.movie_id)"}]}, {"Node Type": "Index Only Scan", "Parent Relationship": "Inner", "Scan Direction": "Forward", "Index Name": "keyword_pkey", "Relation Name": "keyword", "Alias": "k", "Startup Cost": 0.0, "Total Cost": 0.27, "Plan Rows": 1, "Plan Width": 4, "Index Cond": "(id = mk.keyword_id)"}]}, {"Node Type": "Index Only Scan", "Parent Relationship": "Inner", "Scan Direction": "Forward", "Index Name": "movie_id_aka_title", "Relation Name": "aka_title", "Alias": "at", "Startup Cost": 0.0, "Total Cost": 0.31, "Plan Rows": 3, "Plan Width": 4, "Index Cond": "(movie_id = t.id)"}]}]}, "Unique SQL Id": 2846462052}, "explain_analyze_plan": {"Plan": {"Node Type": "Aggregate", "Strategy": "Plain", "Startup Cost": 69465.16, "Total Cost": 69465.17, "Plan Rows": 1, "Plan Width": 123, "Actual Min Startup Time": 358.197, "Actual Max Startup Time": 358.197, "Actual Min Total Time": 358.197, "Actual Max Total Time": 358.197, "Actual Total Rows": 1, "Plans": [{"Node Type": "Nested Loop", "Parent Relationship": "Outer", "Join Type": "Inner", "Startup Cost": 0.0, "Total Cost": 69464.49, "Plan Rows": 134, "Plan Width": 59, "Actual Min Startup Time": 259.162, "Actual Max Startup Time": 259.162, "Actual Min Total Time": 357.353, "Actual Max Total Time": 357.353, "Actual Total Rows": 1140, "Inner Unique": false, "Plans": [{"Node Type": "Nested Loop", "Parent Relationship": "Outer", "Join Type": "Inner", "Startup Cost": 0.0, "Total Cost": 69449.44, "Plan Rows": 44, "Plan Width": 75, "Actual Min Startup Time": 256.846, "Actual Max Startup Time": 256.846, "Actual Min Total Time": 344.271, "Actual Max Total Time": 344.271, "Actual Total Rows": 4808, "Inner Unique": true, "Plans": [{"Node Type": "Nested Loop", "Parent Relationship": "Outer", "Join Type": "Inner", "Startup Cost": 0.0, "Total Cost": 69437.12, "Plan Rows": 44, "Plan Width": 79, "Actual Min Startup Time": 256.823, "Actual Max Startup Time": 256.823, "Actual Min Total Time": 327.146, "Actual Max Total Time": 327.146, "Actual Total Rows": 4808, "Inner Unique": false, "Join Filter": "(t.id = mk.movie_id)", "Rows Removed by Join Filter": 0, "Plans": [{"Node Type": "Nested Loop", "Parent Relationship": "Outer", "Join Type": "Inner", "Startup Cost": 0.0, "Total Cost": 69433.75, "Plan Rows": 6, "Plan Width": 71, "Actual Min Startup Time": 256.475, "Actual Max Startup Time": 256.475, "Actual Min Total Time": 302.064, "Actual Max Total Time": 302.064, "Actual Total Rows": 1488, "Inner Unique": true, "Plans": [{"Node Type": "Nested Loop", "Parent Relationship": "Outer", "Join Type": "Inner", "Startup Cost": 0.0, "Total Cost": 69430.58, "Plan Rows": 11, "Plan Width": 75, "Actual Min Startup Time": 256.447, "Actual Max Startup Time": 256.447, "Actual Min Total Time": 291.003, "Actual Max Total Time": 291.003, "Actual Total Rows": 1599, "Inner Unique": true, "Join Filter": "(mc.company_type_id = ct.id)", "Rows Removed by Join Filter": 3855, "Plans": [{"Node Type": "Nested Loop", "Parent Relationship": "Outer", "Join Type": "Inner", "Startup Cost": 0.0, "Total Cost": 69429.0, "Plan Rows": 12, "Plan Width": 79, "Actual Min Startup Time": 256.421, "Actual Max Startup Time": 256.421, "Actual Min Total Time": 288.317, "Actual Max Total Time": 288.317, "Actual Total Rows": 2884, "Inner Unique": false, "Plans": [{"Node Type": "Nested Loop", "Parent Relationship": "Outer", "Join Type": "Inner", "Startup Cost": 0.0, "Total Cost": 69426.8, "Plan Rows": 6, "Plan Width": 67, "Actual Min Startup Time": 256.376, "Actual Max Startup Time": 256.376, "Actual Min Total Time": 272.324, "Actual Max Total Time": 272.324, "Actual Total Rows": 1782, "Inner Unique": true, "Plans": [{"Node Type": "Nested Loop", "Parent Relationship": "Outer", "Join Type": "Inner", "Startup Cost": 0.0, "Total Cost": 69393.85, "Plan Rows": 4, "Plan Width": 46, "Actual Min Startup Time": 256.321, "Actual Max Startup Time": 256.321, "Actual Min Total Time": 257.722, "Actual Max Total Time": 257.722, "Actual Total Rows": 1783, "Inner Unique": false, "Join Filter": "(it1.id = mi.info_type_id)", "Rows Removed by Join Filter": 0, "Plans": [{"Node Type": "Seq Scan", "Parent Relationship": "Outer", "Relation Name": "info_type", "Alias": "it1", "Startup Cost": 0.0, "Total Cost": 2.4, "Plan Rows": 1, "Plan Width": 4, "Actual Min Startup Time": 0.085, "Actual Max Startup Time": 0.085, "Actual Min Total Time": 0.121, "Actual Max Total Time": 0.121, "Actual Total Rows": 1, "Filter": "((info)::text = 'release dates'::text)", "Rows Removed by Filter": 111}, {"Node Type": "Materialize", "Parent Relationship": "Inner", "Startup Cost": 0.0, "Total Cost": 69388.9, "Plan Rows": 255, "Plan Width": 50, "Actual Min Startup Time": 256.196, "Actual Max Startup Time": 256.196, "Actual Min Total Time": 256.584, "Actual Max Total Time": 256.584, "Actual Total Rows": 1784, "Plans": [{"Node Type": "Streaming(type: LOCAL GATHER dop: 1/64)", "Parent Relationship": "Outer", "Startup Cost": 0.0, "Total Cost": 69388.27, "Plan Rows": 255, "Plan Width": 50, "Actual Min Startup Time": 146.722, "Actual Max Startup Time": 146.722, "Actual Min Total Time": 255.775, "Actual Max Total Time": 255.775, "Actual Total Rows": 1783, "Plans": [{"Node Type": "Seq Scan", "Parent Relationship": "Outer", "Relation Name": "movie_info", "Alias": "mi", "Startup Cost": 0.0, "Total Cost": 69383.01, "Plan Rows": 255, "Plan Width": 50, "Actual Min Startup Time": 20.651, "Actual Max Startup Time": 29.329, "Actual Min Total Time": 72.378, "Actual Max Total Time": 84.768, "Actual Total Rows": 1783, "Filter": "((info IS NOT NULL) AND ((note)::text ~~ '%internet%'::text) AND (((info)::text ~~ 'USA:% 199%'::text) OR ((info)::text ~~ 'USA:% 200%'::text)))", "Rows Removed by Filter": 14833936}]}]}]}, {"Node Type": "Index Scan", "Parent Relationship": "Inner", "Scan Direction": "Forward", "Index Name": "title_pkey", "Relation Name": "title", "Alias": "t", "Startup Cost": 0.0, "Total Cost": 8.23, "Plan Rows": 1, "Plan Width": 21, "Actual Min Startup Time": 12.916, "Actual Max Startup Time": 12.916, "Actual Min Total Time": 12.916, "Actual Max Total Time": 12.916, "Actual Total Rows": 1782, "Index Cond": "(id = mi.movie_id)", "Rows Removed by Index Recheck": 0, "Filter": "(production_year > 1990)", "Rows Removed by Filter": 1}]}, {"Node Type": "Index Scan", "Parent Relationship": "Inner", "Scan Direction": "Forward", "Index Name": "movie_id_movie_companies", "Relation Name": "movie_companies", "Alias": "mc", "Startup Cost": 0.0, "Total Cost": 0.35, "Plan Rows": 2, "Plan Width": 12, "Actual Min Startup Time": 11.341, "Actual Max Startup Time": 11.341, "Actual Min Total Time": 14.198, "Actual Max Total Time": 14.198, "Actual Total Rows": 2884, "Index Cond": "(movie_id = t.id)", "Rows Removed by Index Recheck": 0}]}, {"Node Type": "Materialize", "Parent Relationship": "Inner", "Startup Cost": 0.0, "Total Cost": 1.04, "Plan Rows": 3, "Plan Width": 4, "Actual Min Startup Time": 0.281, "Actual Max Startup Time": 0.281, "Actual Min Total Time": 0.631, "Actual Max Total Time": 0.631, "Actual Total Rows": 5454, "Plans": [{"Node Type": "Seq Scan", "Parent Relationship": "Outer", "Relation Name": "company_type", "Alias": "ct", "Startup Cost": 0.0, "Total Cost": 1.03, "Plan Rows": 3, "Plan Width": 4, "Actual Min Startup Time": 0.008, "Actual Max Startup Time": 0.008, "Actual Min Total Time": 0.012, "Actual Max Total Time": 0.012, "Actual Total Rows": 3}]}]}, {"Node Type": "Index Scan", "Parent Relationship": "Inner", "Scan Direction": "Forward", "Index Name": "company_name_pkey", "Relation Name": "company_name", "Alias": "cn", "Startup Cost": 0.0, "Total Cost": 0.28, "Plan Rows": 1, "Plan Width": 4, "Actual Min Startup Time": 9.615, "Actual Max Startup Time": 9.615, "Actual Min Total Time": 9.615, "Actual Max Total Time": 9.615, "Actual Total Rows": 1488, "Index Cond": "(id = mc.company_id)", "Rows Removed by Index Recheck": 0, "Filter": "((country_code)::text = '[us]'::text)", "Rows Removed by Filter": 111}]}, {"Node Type": "Index Scan", "Parent Relationship": "Inner", "Scan Direction": "Forward", "Index Name": "movie_id_movie_keyword", "Relation Name": "movie_keyword", "Alias": "mk", "Startup Cost": 0.0, "Total Cost": 0.46, "Plan Rows": 8, "Plan Width": 8, "Actual Min Startup Time": 19.599, "Actual Max Startup Time": 19.599, "Actual Min Total Time": 22.163, "Actual Max Total Time": 22.163, "Actual Total Rows": 4808, "Index Cond": "(movie_id = mc.movie_id)", "Rows Removed by Index Recheck": 0}]}, {"Node Type": "Index Only Scan", "Parent Relationship": "Inner", "Scan Direction": "Forward", "Index Name": "keyword_pkey", "Relation Name": "keyword", "Alias": "k", "Startup Cost": 0.0, "Total Cost": 0.27, "Plan Rows": 1, "Plan Width": 4, "Actual Min Startup Time": 13.52, "Actual Max Startup Time": 13.52, "Actual Min Total Time": 13.52, "Actual Max Total Time": 13.52, "Actual Total Rows": 4808, "Index Cond": "(id = mk.keyword_id)", "Rows Removed by Index Recheck": 0, "Heap Fetches": 0}]}, {"Node Type": "Index Only Scan", "Parent Relationship": "Inner", "Scan Direction": "Forward", "Index Name": "movie_id_aka_title", "Relation Name": "aka_title", "Alias": "at", "Startup Cost": 0.0, "Total Cost": 0.31, "Plan Rows": 3, "Plan Width": 4, "Actual Min Startup Time": 10.267, "Actual Max Startup Time": 10.267, "Actual Min Total Time": 10.574, "Actual Max Total Time": 10.574, "Actual Total Rows": 1140, "Index Cond": "(movie_id = t.id)", "Rows Removed by Index Recheck": 0, "Heap Fetches": 0}]}]}, "Triggers": [], "Planner Runtime": 160.386, "Total Runtime": 371.538, "Unique SQL Id": 2846462052}}, "(64, 25)": {"explain_plan": {"Plan": {"Node Type": "Aggregate", "Strategy": "Plain", "Startup Cost": 496832.72, "Total Cost": 496832.73, "Plan Rows": 1, "Plan Width": 123, "Plans": [{"Node Type": "Nested Loop", "Parent Relationship": "Outer", "Join Type": "Inner", "Startup Cost": 0.0, "Total Cost": 496832.05, "Plan Rows": 134, "Plan Width": 59, "Inner Unique": false, "Plans": [{"Node Type": "Nested Loop", "Parent Relationship": "Outer", "Join Type": "Inner", "Startup Cost": 0.0, "Total Cost": 496817.0, "Plan Rows": 44, "Plan Width": 75, "Inner Unique": true, "Plans": [{"Node Type": "Nested Loop", "Parent Relationship": "Outer", "Join Type": "Inner", "Startup Cost": 0.0, "Total Cost": 496804.68, "Plan Rows": 44, "Plan Width": 79, "Inner Unique": false, "Join Filter": "(t.id = mk.movie_id)", "Plans": [{"Node Type": "Nested Loop", "Parent Relationship": "Outer", "Join Type": "Inner", "Startup Cost": 0.0, "Total Cost": 496801.31, "Plan Rows": 6, "Plan Width": 71, "Inner Unique": true, "Plans": [{"Node Type": "Nested Loop", "Parent Relationship": "Outer", "Join Type": "Inner", "Startup Cost": 0.0, "Total Cost": 496798.51, "Plan Rows": 10, "Plan Width": 75, "Inner Unique": true, "Plans": [{"Node Type": "Nested Loop", "Parent Relationship": "Outer", "Join Type": "Inner", "Startup Cost": 0.0, "Total Cost": 496795.05, "Plan Rows": 12, "Plan Width": 79, "Inner Unique": false, "Plans": [{"Node Type": "Nested Loop", "Parent Relationship": "Outer", "Join Type": "Inner", "Startup Cost": 0.0, "Total Cost": 496792.85, "Plan Rows": 6, "Plan Width": 67, "Inner Unique": true, "Plans": [{"Node Type": "Nested Loop", "Parent Relationship": "Outer", "Join Type": "Inner", "Startup Cost": 0.0, "Total Cost": 496759.91, "Plan Rows": 4, "Plan Width": 46, "Inner Unique": false, "Plans": [{"Node Type": "Index Scan", "Parent Relationship": "Outer", "Scan Direction": "Forward", "Index Name": "info_type_pkey", "Relation Name": "info_type", "Alias": "it1", "Startup Cost": 0.0, "Total Cost": 14.21, "Plan Rows": 1, "Plan Width": 4, "Filter": "((info)::text = 'release dates'::text)"}, {"Node Type": "Index Scan", "Parent Relationship": "Inner", "Scan Direction": "Forward", "Index Name": "info_type_id_movie_info", "Relation Name": "movie_info", "Alias": "mi", "Startup Cost": 0.0, "Total Cost": 496745.66, "Plan Rows": 4, "Plan Width": 50, "Index Cond": "(info_type_id = it1.id)", "Filter": "((info IS NOT NULL) AND ((note)::text ~~ '%internet%'::text) AND (((info)::text ~~ 'USA:% 199%'::text) OR ((info)::text ~~ 'USA:% 200%'::text)))"}]}, {"Node Type": "Index Scan", "Parent Relationship": "Inner", "Scan Direction": "Forward", "Index Name": "title_pkey", "Relation Name": "title", "Alias": "t", "Startup Cost": 0.0, "Total Cost": 8.23, "Plan Rows": 1, "Plan Width": 21, "Index Cond": "(id = mi.movie_id)", "Filter": "(production_year > 1990)"}]}, {"Node Type": "Index Scan", "Parent Relationship": "Inner", "Scan Direction": "Forward", "Index Name": "movie_id_movie_companies", "Relation Name": "movie_companies", "Alias": "mc", "Startup Cost": 0.0, "Total Cost": 0.35, "Plan Rows": 2, "Plan Width": 12, "Index Cond": "(movie_id = t.id)"}]}, {"Node Type": "Index Scan", "Parent Relationship": "Inner", "Scan Direction": "Forward", "Index Name": "company_name_pkey", "Relation Name": "company_name", "Alias": "cn", "Startup Cost": 0.0, "Total Cost": 0.28, "Plan Rows": 1, "Plan Width": 4, "Index Cond": "(id = mc.company_id)", "Filter": "((country_code)::text = '[us]'::text)"}]}, {"Node Type": "Index Only Scan", "Parent Relationship": "Inner", "Scan Direction": "Forward", "Index Name": "company_type_pkey", "Relation Name": "company_type", "Alias": "ct", "Startup Cost": 0.0, "Total Cost": 0.27, "Plan Rows": 1, "Plan Width": 4, "Index Cond": "(id = mc.company_type_id)"}]}, {"Node Type": "Index Scan", "Parent Relationship": "Inner", "Scan Direction": "Forward", "Index Name": "movie_id_movie_keyword", "Relation Name": "movie_keyword", "Alias": "mk", "Startup Cost": 0.0, "Total Cost": 0.46, "Plan Rows": 8, "Plan Width": 8, "Index Cond": "(movie_id = mc.movie_id)"}]}, {"Node Type": "Index Only Scan", "Parent Relationship": "Inner", "Scan Direction": "Forward", "Index Name": "keyword_pkey", "Relation Name": "keyword", "Alias": "k", "Startup Cost": 0.0, "Total Cost": 0.27, "Plan Rows": 1, "Plan Width": 4, "Index Cond": "(id = mk.keyword_id)"}]}, {"Node Type": "Index Only Scan", "Parent Relationship": "Inner", "Scan Direction": "Forward", "Index Name": "movie_id_aka_title", "Relation Name": "aka_title", "Alias": "at", "Startup Cost": 0.0, "Total Cost": 0.31, "Plan Rows": 3, "Plan Width": 4, "Index Cond": "(movie_id = t.id)"}]}]}, "Unique SQL Id": 2846462052}, "explain_analyze_plan": null}, "(64, 26)": {"explain_plan": {"Plan": {"Node Type": "Aggregate", "Strategy": "Plain", "Startup Cost": 841139.86, "Total Cost": 841139.89, "Plan Rows": 1, "Plan Width": 123, "Plans": [{"Node Type": "Streaming(type: LOCAL GATHER dop: 1/64)", "Parent Relationship": "Outer", "Startup Cost": 841139.86, "Total Cost": 841139.89, "Plan Rows": 1, "Plan Width": 123, "Plans": [{"Node Type": "Aggregate", "Strategy": "Plain", "Parent Relationship": "Outer", "Startup Cost": 841139.86, "Total Cost": 841139.87, "Plan Rows": 1, "Plan Width": 123, "Plans": [{"Node Type": "Nested Loop", "Parent Relationship": "Outer", "Join Type": "Inner", "Startup Cost": 672406.72, "Total Cost": 841139.19, "Plan Rows": 134, "Plan Width": 59, "Inner Unique": false, "Join Filter": "(at.movie_id = t.id)", "Plans": [{"Node Type": "Seq Scan", "Parent Relationship": "Outer", "Relation Name": "title", "Alias": "t", "Startup Cost": 0.0, "Total Cost": 64037.34, "Plan Rows": 1748840, "Plan Width": 21, "Filter": "(production_year > 1990), (LLVM Optimized)"}, {"Node Type": "Materialize", "Parent Relationship": "Inner", "Startup Cost": 672406.72, "Total Cost": 737343.3, "Plan Rows": 6208, "Plan Width": 58, "Plans": [{"Node Type": "Streaming(type: BROADCAST dop: 64/1)", "Parent Relationship": "Outer", "Startup Cost": 672406.72, "Total Cost": 737342.82, "Plan Rows": 6208, "Plan Width": 58, "Plans": [{"Node Type": "Merge Join", "Parent Relationship": "Outer", "Join Type": "Inner", "Startup Cost": 672406.72, "Total Cost": 674214.75, "Plan Rows": 97, "Plan Width": 58, "Inner Unique": false, "Merge Cond": "(mi.movie_id = at.movie_id)", "Plans": [{"Node Type": "Sort", "Parent Relationship": "Outer", "Startup Cost": 629141.57, "Total Cost": 629141.65, "Plan Rows": 32, "Plan Width": 54, "Sort Key": ["mc.movie_id"], "Plans": [{"Node Type": "Merge Join", "Parent Relationship": "Outer", "Join Type": "Inner", "Startup Cost": 628469.79, "Total Cost": 629140.77, "Plan Rows": 32, "Plan Width": 54, "Inner Unique": true, "Merge Cond": "(mk.keyword_id = k.id)", "Plans": [{"Node Type": "Sort", "Parent Relationship": "Outer", "Startup Cost": 614942.13, "Total Cost": 614942.21, "Plan Rows": 32, "Plan Width": 58, "Sort Key": ["mk.keyword_id"], "Plans": [{"Node Type": "Nested Loop", "Parent Relationship": "Outer", "Join Type": "Inner", "Startup Cost": 281064.19, "Total Cost": 614941.33, "Plan Rows": 32, "Plan Width": 58, "Inner Unique": false, "Join Filter": "(mi.movie_id = mk.movie_id)", "Plans": [{"Node Type": "Seq Scan", "Parent Relationship": "Outer", "Relation Name": "movie_keyword", "Alias": "mk", "Startup Cost": 0.0, "Total Cost": 62441.29, "Plan Rows": 4523929, "Plan Width": 8}, {"Node Type": "Materialize", "Parent Relationship": "Inner", "Startup Cost": 281064.19, "Total Cost": 281064.31, "Plan Rows": 4, "Plan Width": 50, "Plans": [{"Node Type": "Merge Join", "Parent Relationship": "Outer", "Join Type": "Inner", "Startup Cost": 281064.19, "Total Cost": 281064.29, "Plan Rows": 4, "Plan Width": 50, "Inner Unique": false, "Merge Cond": "(ct.id = mc.company_type_id)", "Plans": [{"Node Type": "Sort", "Parent Relationship": "Outer", "Startup Cost": 1.05, "Total Cost": 1.06, "Plan Rows": 3, "Plan Width": 4, "Sort Key": ["ct.id"], "Plans": [{"Node Type": "Seq Scan", "Parent Relationship": "Outer", "Relation Name": "company_type", "Alias": "ct", "Startup Cost": 0.0, "Total Cost": 1.03, "Plan Rows": 3, "Plan Width": 4}]}, {"Node Type": "Sort", "Parent Relationship": "Inner", "Startup Cost": 281063.12, "Total Cost": 281063.13, "Plan Rows": 7, "Plan Width": 54, "Sort Key": ["mc.company_type_id"], "Plans": [{"Node Type": "Merge Join", "Parent Relationship": "Outer", "Join Type": "Inner", "Startup Cost": 280637.01, "Total Cost": 281063.02, "Plan Rows": 7, "Plan Width": 54, "Inner Unique": true, "Merge Cond": "(mc.company_id = cn.id)", "Plans": [{"Node Type": "Sort", "Parent Relationship": "Outer", "Startup Cost": 267758.97, "Total Cost": 267758.99, "Plan Rows": 9, "Plan Width": 58, "Sort Key": ["mc.company_id"], "Plans": [{"Node Type": "Nested Loop", "Parent Relationship": "Outer", "Join Type": "Inner", "Startup Cost": 0.0, "Total Cost": 267758.82, "Plan Rows": 9, "Plan Width": 58, "Inner Unique": false, "Join Filter": "(mi.movie_id = mc.movie_id)", "Plans": [{"Node Type": "Seq Scan", "Parent Relationship": "Outer", "Relation Name": "movie_companies", "Alias": "mc", "Startup Cost": 0.0, "Total Cost": 41817.28, "Plan Rows": 2609128, "Plan Width": 12}, {"Node Type": "Materialize", "Parent Relationship": "Inner", "Startup Cost": 0.0, "Total Cost": 69393.87, "Plan Rows": 4, "Plan Width": 46, "Plans": [{"Node Type": "Nested Loop", "Parent Relationship": "Outer", "Join Type": "Inner", "Startup Cost": 0.0, "Total Cost": 69393.85, "Plan Rows": 4, "Plan Width": 46, "Inner Unique": false, "Join Filter": "(it1.id = mi.info_type_id)", "Plans": [{"Node Type": "Seq Scan", "Parent Relationship": "Outer", "Relation Name": "info_type", "Alias": "it1", "Startup Cost": 0.0, "Total Cost": 2.4, "Plan Rows": 1, "Plan Width": 4, "Filter": "((info)::text = 'release dates'::text)"}, {"Node Type": "Materialize", "Parent Relationship": "Inner", "Startup Cost": 0.0, "Total Cost": 69388.9, "Plan Rows": 255, "Plan Width": 50, "Plans": [{"Node Type": "Streaming(type: LOCAL GATHER dop: 1/64)", "Parent Relationship": "Outer", "Startup Cost": 0.0, "Total Cost": 69388.27, "Plan Rows": 255, "Plan Width": 50, "Plans": [{"Node Type": "Seq Scan", "Parent Relationship": "Outer", "Relation Name": "movie_info", "Alias": "mi", "Startup Cost": 0.0, "Total Cost": 69383.01, "Plan Rows": 255, "Plan Width": 50, "Filter": "((info IS NOT NULL) AND ((note)::text ~~ '%internet%'::text) AND (((info)::text ~~ 'USA:% 199%'::text) OR ((info)::text ~~ 'USA:% 200%'::text)))"}]}]}]}]}]}]}, {"Node Type": "Sort", "Parent Relationship": "Inner", "Startup Cost": 12878.05, "Total Cost": 13090.97, "Plan Rows": 85170, "Plan Width": 4, "Sort Key": ["cn.id"], "Plans": [{"Node Type": "Seq Scan", "Parent Relationship": "Outer", "Relation Name": "company_name", "Alias": "cn", "Startup Cost": 0.0, "Total Cost": 5903.45, "Plan Rows": 85170, "Plan Width": 4, "Filter": "((country_code)::text = '[us]'::text)"}]}]}]}]}]}]}]}, {"Node Type": "Sort", "Parent Relationship": "Inner", "Startup Cost": 13527.66, "Total Cost": 13863.08, "Plan Rows": 134169, "Plan Width": 4, "Sort Key": ["k.id"], "Plans": [{"Node Type": "Seq Scan", "Parent Relationship": "Outer", "Relation Name": "keyword", "Alias": "k", "Startup Cost": 0.0, "Total Cost": 2100.69, "Plan Rows": 134169, "Plan Width": 4}]}]}]}, {"Node Type": "Sort", "Parent Relationship": "Inner", "Startup Cost": 43264.85, "Total Cost": 44168.52, "Plan Rows": 361471, "Plan Width": 4, "Sort Key": ["at.movie_id"], "Plans": [{"Node Type": "Seq Scan", "Parent Relationship": "Outer", "Relation Name": "aka_title", "Alias": "at", "Startup Cost": 0.0, "Total Cost": 9894.71, "Plan Rows": 361471, "Plan Width": 4}]}]}]}]}]}]}]}]}, "Unique SQL Id": 2846462052}, "explain_analyze_plan": null}, "(64, 27)": {"explain_plan": {"Plan": {"Node Type": "Aggregate", "Strategy": "Plain", "Startup Cost": 8992369740906.11, "Total Cost": 8992369740906.12, "Plan Rows": 1, "Plan Width": 123, "Plans": [{"Node Type": "Nested Loop", "Parent Relationship": "Outer", "Join Type": "Inner", "Startup Cost": 90000000000.0, "Total Cost": 8992369740905.44, "Plan Rows": 134, "Plan Width": 59, "Inner Unique": false, "Join Filter": "(t.id = at.movie_id)", "Plans": [{"Node Type": "Index Only Scan", "Parent Relationship": "Outer", "Scan Direction": "Forward", "Index Name": "movie_id_aka_title", "Relation Name": "aka_title", "Alias": "at", "Startup Cost": 10000000000.0, "Total Cost": 1000000898631.5, "Plan Rows": 361471, "Plan Width": 4}, {"Node Type": "Materialize", "Parent Relationship": "Inner", "Startup Cost": 80000000000.0, "Total Cost": 7992368413931.01, "Plan Rows": 79, "Plan Width": 75, "Plans": [{"Node Type": "Nested Loop", "Parent Relationship": "Outer", "Join Type": "Inner", "Startup Cost": 80000000000.0, "Total Cost": 7992368413930.61, "Plan Rows": 79, "Plan Width": 75, "Inner Unique": true, "Join Filter": "(mk.keyword_id = k.id)", "Plans": [{"Node Type": "Nested Loop", "Parent Relationship": "Outer", "Join Type": "Inner", "Startup Cost": 70000000000.0, "Total Cost": 6992368048526.42, "Plan Rows": 79, "Plan Width": 79, "Inner Unique": true, "Join Filter": "(mi.info_type_id = it1.id)", "Plans": [{"Node Type": "Merge Join", "Parent Relationship": "Outer", "Join Type": "Inner", "Startup Cost": 60000000000.0, "Total Cost": 5992368047028.28, "Plan Rows": 5143, "Plan Width": 83, "Inner Unique": false, "Merge Cond": "(t.id = mk.movie_id)", "Plans": [{"Node Type": "Nested Loop", "Parent Relationship": "Outer", "Join Type": "Inner", "Startup Cost": 50000000000.0, "Total Cost": 5000148244105.78, "Plan Rows": 635, "Plan Width": 75, "Inner Unique": true, "Join Filter": "(mc.company_type_id = ct.id)", "Plans": [{"Node Type": "Nested Loop", "Parent Relationship": "Outer", "Join Type": "Inner", "Startup Cost": 40000000000.0, "Total Cost": 4000148243247.7, "Plan Rows": 635, "Plan Width": 79, "Inner Unique": true, "Join Filter": "(mc.company_id = cn.id)", "Plans": [{"Node Type": "Merge Join", "Parent Relationship": "Outer", "Join Type": "Inner", "Startup Cost": 30000000000.0, "Total Cost": 3000146228345.55, "Plan Rows": 755, "Plan Width": 83, "Inner Unique": false, "Merge Cond": "(t.id = mc.movie_id)", "Plans": [{"Node Type": "Nested Loop", "Parent Relationship": "Outer", "Join Type": "Inner", "Startup Cost": 20000000000.0, "Total Cost": 2000133169868.42, "Plan Rows": 353, "Plan Width": 71, "Inner Unique": false, "Join Filter": "(mi.movie_id = t.id)", "Plans": [{"Node Type": "Index Scan", "Parent Relationship": "Outer", "Scan Direction": "Forward", "Index Name": "title_pkey", "Relation Name": "title", "Alias": "t", "Startup Cost": 10000000000.0, "Total Cost": 1000011644126.66, "Plan Rows": 1748840, "Plan Width": 21, "Filter": "(production_year > 1990), (LLVM Optimized)"}, {"Node Type": "Materialize", "Parent Relationship": "Inner", "Startup Cost": 10000000000.0, "Total Cost": 1000114836429.39, "Plan Rows": 255, "Plan Width": 50, "Plans": [{"Node Type": "Index Scan", "Parent Relationship": "Outer", "Scan Direction": "Forward", "Index Name": "info_type_id_movie_info", "Relation Name": "movie_info", "Alias": "mi", "Startup Cost": 10000000000.0, "Total Cost": 1000114836428.12, "Plan Rows": 255, "Plan Width": 50, "Filter": "((info IS NOT NULL) AND ((note)::text ~~ '%internet%'::text) AND (((info)::text ~~ 'USA:% 199%'::text) OR ((info)::text ~~ 'USA:% 200%'::text)))"}]}]}, {"Node Type": "Index Scan", "Parent Relationship": "Inner", "Scan Direction": "Forward", "Index Name": "movie_id_movie_companies", "Relation Name": "movie_companies", "Alias": "mc", "Startup Cost": 10000000000.0, "Total Cost": 1000013051946.13, "Plan Rows": 2609128, "Plan Width": 12}]}, {"Node Type": "Materialize", "Parent Relationship": "Inner", "Startup Cost": 10000000000.0, "Total Cost": 1000001050564.82, "Plan Rows": 85170, "Plan Width": 4, "Plans": [{"Node Type": "Index Scan", "Parent Relationship": "Outer", "Scan Direction": "Forward", "Index Name": "company_name_pkey", "Relation Name": "company_name", "Alias": "cn", "Startup Cost": 10000000000.0, "Total Cost": 1000001050138.97, "Plan Rows": 85170, "Plan Width": 4, "Filter": "((country_code)::text = '[us]'::text)"}]}]}, {"Node Type": "Materialize", "Parent Relationship": "Inner", "Startup Cost": 10000000000.0, "Total Cost": 1000000000829.52, "Plan Rows": 3, "Plan Width": 4, "Plans": [{"Node Type": "Index Only Scan", "Parent Relationship": "Outer", "Scan Direction": "Forward", "Index Name": "company_type_pkey", "Relation Name": "company_type", "Alias": "ct", "Startup Cost": 10000000000.0, "Total Cost": 1000000000829.5, "Plan Rows": 3, "Plan Width": 4}]}]}, {"Node Type": "Index Scan", "Parent Relationship": "Inner", "Scan Direction": "Forward", "Index Name": "movie_id_movie_keyword", "Relation Name": "movie_keyword", "Alias": "mk", "Startup Cost": 10000000000.0, "Total Cost": 1000015300634.17, "Plan Rows": 4523929, "Plan Width": 8}]}, {"Node Type": "Materialize", "Parent Relationship": "Inner", "Startup Cost": 10000000000.0, "Total Cost": 1000000001421.0, "Plan Rows": 1, "Plan Width": 4, "Plans": [{"Node Type": "Index Scan", "Parent Relationship": "Outer", "Scan Direction": "Forward", "Index Name": "info_type_pkey", "Relation Name": "info_type", "Alias": "it1", "Startup Cost": 10000000000.0, "Total Cost": 1000000001421.0, "Plan Rows": 1, "Plan Width": 4, "Filter": "((info)::text = 'release dates'::text)"}]}]}, {"Node Type": "Materialize", "Parent Relationship": "Inner", "Startup Cost": 10000000000.0, "Total Cost": 1000000206749.34, "Plan Rows": 134169, "Plan Width": 4, "Plans": [{"Node Type": "Index Only Scan", "Parent Relationship": "Outer", "Scan Direction": "Forward", "Index Name": "keyword_pkey", "Relation Name": "keyword", "Alias": "k", "Startup Cost": 10000000000.0, "Total Cost": 1000000206078.5, "Plan Rows": 134169, "Plan Width": 4}]}]}]}]}]}, "Unique SQL Id": 2846462052}, "explain_analyze_plan": null}, "(64, 28)": {"explain_plan": {"Plan": {"Node Type": "Aggregate", "Strategy": "Plain", "Startup Cost": 69465.71, "Total Cost": 69465.72, "Plan Rows": 1, "Plan Width": 123, "Plans": [{"Node Type": "Nested Loop", "Parent Relationship": "Outer", "Join Type": "Inner", "Startup Cost": 0.0, "Total Cost": 69465.04, "Plan Rows": 134, "Plan Width": 59, "Inner Unique": false, "Join Filter": "(t.id = at.movie_id)", "Plans": [{"Node Type": "Nested Loop", "Parent Relationship": "Outer", "Join Type": "Inner", "Startup Cost": 0.0, "Total Cost": 69449.47, "Plan Rows": 44, "Plan Width": 75, "Inner Unique": true, "Plans": [{"Node Type": "Nested Loop", "Parent Relationship": "Outer", "Join Type": "Inner", "Startup Cost": 0.0, "Total Cost": 69437.12, "Plan Rows": 44, "Plan Width": 79, "Inner Unique": false, "Join Filter": "(t.id = mk.movie_id)", "Plans": [{"Node Type": "Nested Loop", "Parent Relationship": "Outer", "Join Type": "Inner", "Startup Cost": 0.0, "Total Cost": 69433.75, "Plan Rows": 6, "Plan Width": 71, "Inner Unique": true, "Plans": [{"Node Type": "Nested Loop", "Parent Relationship": "Outer", "Join Type": "Inner", "Startup Cost": 0.0, "Total Cost": 69430.58, "Plan Rows": 11, "Plan Width": 75, "Inner Unique": true, "Join Filter": "(mc.company_type_id = ct.id)", "Plans": [{"Node Type": "Nested Loop", "Parent Relationship": "Outer", "Join Type": "Inner", "Startup Cost": 0.0, "Total Cost": 69429.0, "Plan Rows": 12, "Plan Width": 79, "Inner Unique": false, "Plans": [{"Node Type": "Nested Loop", "Parent Relationship": "Outer", "Join Type": "Inner", "Startup Cost": 0.0, "Total Cost": 69426.8, "Plan Rows": 6, "Plan Width": 67, "Inner Unique": true, "Plans": [{"Node Type": "Nested Loop", "Parent Relationship": "Outer", "Join Type": "Inner", "Startup Cost": 0.0, "Total Cost": 69393.85, "Plan Rows": 4, "Plan Width": 46, "Inner Unique": false, "Join Filter": "(it1.id = mi.info_type_id)", "Plans": [{"Node Type": "Seq Scan", "Parent Relationship": "Outer", "Relation Name": "info_type", "Alias": "it1", "Startup Cost": 0.0, "Total Cost": 2.4, "Plan Rows": 1, "Plan Width": 4, "Filter": "((info)::text = 'release dates'::text)"}, {"Node Type": "Materialize", "Parent Relationship": "Inner", "Startup Cost": 0.0, "Total Cost": 69388.9, "Plan Rows": 255, "Plan Width": 50, "Plans": [{"Node Type": "Streaming(type: LOCAL GATHER dop: 1/64)", "Parent Relationship": "Outer", "Startup Cost": 0.0, "Total Cost": 69388.27, "Plan Rows": 255, "Plan Width": 50, "Plans": [{"Node Type": "Seq Scan", "Parent Relationship": "Outer", "Relation Name": "movie_info", "Alias": "mi", "Startup Cost": 0.0, "Total Cost": 69383.01, "Plan Rows": 255, "Plan Width": 50, "Filter": "((info IS NOT NULL) AND ((note)::text ~~ '%internet%'::text) AND (((info)::text ~~ 'USA:% 199%'::text) OR ((info)::text ~~ 'USA:% 200%'::text)))"}]}]}]}, {"Node Type": "Index Scan", "Parent Relationship": "Inner", "Scan Direction": "Forward", "Index Name": "title_pkey", "Relation Name": "title", "Alias": "t", "Startup Cost": 0.0, "Total Cost": 8.23, "Plan Rows": 1, "Plan Width": 21, "Index Cond": "(id = mi.movie_id)", "Filter": "(production_year > 1990)"}]}, {"Node Type": "Index Scan", "Parent Relationship": "Inner", "Scan Direction": "Forward", "Index Name": "movie_id_movie_companies", "Relation Name": "movie_companies", "Alias": "mc", "Startup Cost": 0.0, "Total Cost": 0.35, "Plan Rows": 2, "Plan Width": 12, "Index Cond": "(movie_id = t.id)"}]}, {"Node Type": "Materialize", "Parent Relationship": "Inner", "Startup Cost": 0.0, "Total Cost": 1.04, "Plan Rows": 3, "Plan Width": 4, "Plans": [{"Node Type": "Seq Scan", "Parent Relationship": "Outer", "Relation Name": "company_type", "Alias": "ct", "Startup Cost": 0.0, "Total Cost": 1.03, "Plan Rows": 3, "Plan Width": 4}]}]}, {"Node Type": "Index Scan", "Parent Relationship": "Inner", "Scan Direction": "Forward", "Index Name": "company_name_pkey", "Relation Name": "company_name", "Alias": "cn", "Startup Cost": 0.0, "Total Cost": 0.28, "Plan Rows": 1, "Plan Width": 4, "Index Cond": "(id = mc.company_id)", "Filter": "((country_code)::text = '[us]'::text)"}]}, {"Node Type": "Index Scan", "Parent Relationship": "Inner", "Scan Direction": "Forward", "Index Name": "movie_id_movie_keyword", "Relation Name": "movie_keyword", "Alias": "mk", "Startup Cost": 0.0, "Total Cost": 0.46, "Plan Rows": 8, "Plan Width": 8, "Index Cond": "(movie_id = mc.movie_id)"}]}, {"Node Type": "Index Scan", "Parent Relationship": "Inner", "Scan Direction": "Forward", "Index Name": "keyword_pkey", "Relation Name": "keyword", "Alias": "k", "Startup Cost": 0.0, "Total Cost": 0.27, "Plan Rows": 1, "Plan Width": 4, "Index Cond": "(id = mk.keyword_id)"}]}, {"Node Type": "Index Scan", "Parent Relationship": "Inner", "Scan Direction": "Forward", "Index Name": "movie_id_aka_title", "Relation Name": "aka_title", "Alias": "at", "Startup Cost": 0.0, "Total Cost": 0.32, "Plan Rows": 3, "Plan Width": 4, "Index Cond": "(movie_id = mk.movie_id)"}]}]}, "Unique SQL Id": 2846462052}, "explain_analyze_plan": {"Plan": {"Node Type": "Aggregate", "Strategy": "Plain", "Startup Cost": 69465.71, "Total Cost": 69465.72, "Plan Rows": 1, "Plan Width": 123, "Actual Min Startup Time": 275.942, "Actual Max Startup Time": 275.942, "Actual Min Total Time": 275.942, "Actual Max Total Time": 275.942, "Actual Total Rows": 1, "Plans": [{"Node Type": "Nested Loop", "Parent Relationship": "Outer", "Join Type": "Inner", "Startup Cost": 0.0, "Total Cost": 69465.04, "Plan Rows": 134, "Plan Width": 59, "Actual Min Startup Time": 191.913, "Actual Max Startup Time": 191.913, "Actual Min Total Time": 275.082, "Actual Max Total Time": 275.082, "Actual Total Rows": 1140, "Inner Unique": false, "Join Filter": "(t.id = at.movie_id)", "Rows Removed by Join Filter": 0, "Plans": [{"Node Type": "Nested Loop", "Parent Relationship": "Outer", "Join Type": "Inner", "Startup Cost": 0.0, "Total Cost": 69449.47, "Plan Rows": 44, "Plan Width": 75, "Actual Min Startup Time": 190.036, "Actual Max Startup Time": 190.036, "Actual Min Total Time": 260.575, "Actual Max Total Time": 260.575, "Actual Total Rows": 4808, "Inner Unique": true, "Plans": [{"Node Type": "Nested Loop", "Parent Relationship": "Outer", "Join Type": "Inner", "Startup Cost": 0.0, "Total Cost": 69437.12, "Plan Rows": 44, "Plan Width": 79, "Actual Min Startup Time": 190.021, "Actual Max Startup Time": 190.021, "Actual Min Total Time": 240.161, "Actual Max Total Time": 240.161, "Actual Total Rows": 4808, "Inner Unique": false, "Join Filter": "(t.id = mk.movie_id)", "Rows Removed by Join Filter": 0, "Plans": [{"Node Type": "Nested Loop", "Parent Relationship": "Outer", "Join Type": "Inner", "Startup Cost": 0.0, "Total Cost": 69433.75, "Plan Rows": 6, "Plan Width": 71, "Actual Min Startup Time": 189.948, "Actual Max Startup Time": 189.948, "Actual Min Total Time": 227.716, "Actual Max Total Time": 227.716, "Actual Total Rows": 1488, "Inner Unique": true, "Plans": [{"Node Type": "Nested Loop", "Parent Relationship": "Outer", "Join Type": "Inner", "Startup Cost": 0.0, "Total Cost": 69430.58, "Plan Rows": 11, "Plan Width": 75, "Actual Min Startup Time": 189.926, "Actual Max Startup Time": 189.926, "Actual Min Total Time": 218.567, "Actual Max Total Time": 218.567, "Actual Total Rows": 1599, "Inner Unique": true, "Join Filter": "(mc.company_type_id = ct.id)", "Rows Removed by Join Filter": 3855, "Plans": [{"Node Type": "Nested Loop", "Parent Relationship": "Outer", "Join Type": "Inner", "Startup Cost": 0.0, "Total Cost": 69429.0, "Plan Rows": 12, "Plan Width": 79, "Actual Min Startup Time": 189.909, "Actual Max Startup Time": 189.909, "Actual Min Total Time": 216.006, "Actual Max Total Time": 216.006, "Actual Total Rows": 2884, "Inner Unique": false, "Plans": [{"Node Type": "Nested Loop", "Parent Relationship": "Outer", "Join Type": "Inner", "Startup Cost": 0.0, "Total Cost": 69426.8, "Plan Rows": 6, "Plan Width": 67, "Actual Min Startup Time": 189.872, "Actual Max Startup Time": 189.872, "Actual Min Total Time": 203.815, "Actual Max Total Time": 203.815, "Actual Total Rows": 1782, "Inner Unique": true, "Plans": [{"Node Type": "Nested Loop", "Parent Relationship": "Outer", "Join Type": "Inner", "Startup Cost": 0.0, "Total Cost": 69393.85, "Plan Rows": 4, "Plan Width": 46, "Actual Min Startup Time": 189.839, "Actual Max Startup Time": 189.839, "Actual Min Total Time": 191.037, "Actual Max Total Time": 191.037, "Actual Total Rows": 1783, "Inner Unique": false, "Join Filter": "(it1.id = mi.info_type_id)", "Rows Removed by Join Filter": 0, "Plans": [{"Node Type": "Seq Scan", "Parent Relationship": "Outer", "Relation Name": "info_type", "Alias": "it1", "Startup Cost": 0.0, "Total Cost": 2.4, "Plan Rows": 1, "Plan Width": 4, "Actual Min Startup Time": 0.06, "Actual Max Startup Time": 0.06, "Actual Min Total Time": 0.088, "Actual Max Total Time": 0.088, "Actual Total Rows": 1, "Filter": "((info)::text = 'release dates'::text)", "Rows Removed by Filter": 111}, {"Node Type": "Materialize", "Parent Relationship": "Inner", "Startup Cost": 0.0, "Total Cost": 69388.9, "Plan Rows": 255, "Plan Width": 50, "Actual Min Startup Time": 189.752, "Actual Max Startup Time": 189.752, "Actual Min Total Time": 190.054, "Actual Max Total Time": 190.054, "Actual Total Rows": 1784, "Plans": [{"Node Type": "Streaming(type: LOCAL GATHER dop: 1/64)", "Parent Relationship": "Outer", "Startup Cost": 0.0, "Total Cost": 69388.27, "Plan Rows": 255, "Plan Width": 50, "Actual Min Startup Time": 114.872, "Actual Max Startup Time": 114.872, "Actual Min Total Time": 189.389, "Actual Max Total Time": 189.389, "Actual Total Rows": 1783, "Plans": [{"Node Type": "Seq Scan", "Parent Relationship": "Outer", "Relation Name": "movie_info", "Alias": "mi", "Startup Cost": 0.0, "Total Cost": 69383.01, "Plan Rows": 255, "Plan Width": 50, "Actual Min Startup Time": 20.094, "Actual Max Startup Time": 28.482, "Actual Min Total Time": 71.624, "Actual Max Total Time": 82.487, "Actual Total Rows": 1783, "Filter": "((info IS NOT NULL) AND ((note)::text ~~ '%internet%'::text) AND (((info)::text ~~ 'USA:% 199%'::text) OR ((info)::text ~~ 'USA:% 200%'::text)))", "Rows Removed by Filter": 14833936}]}]}]}, {"Node Type": "Index Scan", "Parent Relationship": "Inner", "Scan Direction": "Forward", "Index Name": "title_pkey", "Relation Name": "title", "Alias": "t", "Startup Cost": 0.0, "Total Cost": 8.23, "Plan Rows": 1, "Plan Width": 21, "Actual Min Startup Time": 11.198, "Actual Max Startup Time": 11.198, "Actual Min Total Time": 11.198, "Actual Max Total Time": 11.198, "Actual Total Rows": 1782, "Index Cond": "(id = mi.movie_id)", "Rows Removed by Index Recheck": 0, "Filter": "(production_year > 1990)", "Rows Removed by Filter": 1}]}, {"Node Type": "Index Scan", "Parent Relationship": "Inner", "Scan Direction": "Forward", "Index Name": "movie_id_movie_companies", "Relation Name": "movie_companies", "Alias": "mc", "Startup Cost": 0.0, "Total Cost": 0.35, "Plan Rows": 2, "Plan Width": 12, "Actual Min Startup Time": 8.356, "Actual Max Startup Time": 8.356, "Actual Min Total Time": 10.623, "Actual Max Total Time": 10.623, "Actual Total Rows": 2884, "Index Cond": "(movie_id = t.id)", "Rows Removed by Index Recheck": 0}]}, {"Node Type": "Materialize", "Parent Relationship": "Inner", "Startup Cost": 0.0, "Total Cost": 1.04, "Plan Rows": 3, "Plan Width": 4, "Actual Min Startup Time": 0.281, "Actual Max Startup Time": 0.281, "Actual Min Total Time": 0.62, "Actual Max Total Time": 0.62, "Actual Total Rows": 5454, "Plans": [{"Node Type": "Seq Scan", "Parent Relationship": "Outer", "Relation Name": "company_type", "Alias": "ct", "Startup Cost": 0.0, "Total Cost": 1.03, "Plan Rows": 3, "Plan Width": 4, "Actual Min Startup Time": 0.007, "Actual Max Startup Time": 0.007, "Actual Min Total Time": 0.008, "Actual Max Total Time": 0.008, "Actual Total Rows": 3}]}]}, {"Node Type": "Index Scan", "Parent Relationship": "Inner", "Scan Direction": "Forward", "Index Name": "company_name_pkey", "Relation Name": "company_name", "Alias": "cn", "Startup Cost": 0.0, "Total Cost": 0.28, "Plan Rows": 1, "Plan Width": 4, "Actual Min Startup Time": 7.619, "Actual Max Startup Time": 7.619, "Actual Min Total Time": 7.619, "Actual Max Total Time": 7.619, "Actual Total Rows": 1488, "Index Cond": "(id = mc.company_id)", "Rows Removed by Index Recheck": 0, "Filter": "((country_code)::text = '[us]'::text)", "Rows Removed by Filter": 111}]}, {"Node Type": "Index Scan", "Parent Relationship": "Inner", "Scan Direction": "Forward", "Index Name": "movie_id_movie_keyword", "Relation Name": "movie_keyword", "Alias": "mk", "Startup Cost": 0.0, "Total Cost": 0.46, "Plan Rows": 8, "Plan Width": 8, "Actual Min Startup Time": 7.436, "Actual Max Startup Time": 7.436, "Actual Min Total Time": 9.669, "Actual Max Total Time": 9.669, "Actual Total Rows": 4808, "Index Cond": "(movie_id = mc.movie_id)", "Rows Removed by Index Recheck": 0}]}, {"Node Type": "Index Scan", "Parent Relationship": "Inner", "Scan Direction": "Forward", "Index Name": "keyword_pkey", "Relation Name": "keyword", "Alias": "k", "Startup Cost": 0.0, "Total Cost": 0.27, "Plan Rows": 1, "Plan Width": 4, "Actual Min Startup Time": 16.547, "Actual Max Startup Time": 16.547, "Actual Min Total Time": 16.547, "Actual Max Total Time": 16.547, "Actual Total Rows": 4808, "Index Cond": "(id = mk.keyword_id)", "Rows Removed by Index Recheck": 0}]}, {"Node Type": "Index Scan", "Parent Relationship": "Inner", "Scan Direction": "Forward", "Index Name": "movie_id_aka_title", "Relation Name": "aka_title", "Alias": "at", "Startup Cost": 0.0, "Total Cost": 0.32, "Plan Rows": 3, "Plan Width": 4, "Actual Min Startup Time": 11.164, "Actual Max Startup Time": 11.164, "Actual Min Total Time": 11.69, "Actual Max Total Time": 11.69, "Actual Total Rows": 1140, "Index Cond": "(movie_id = mk.movie_id)", "Rows Removed by Index Recheck": 0}]}]}, "Triggers": [], "Planner Runtime": 154.322, "Total Runtime": 287.913, "Unique SQL Id": 2846462052}}, "(64, 29)": {"explain_plan": {"Plan": {"Node Type": "Aggregate", "Strategy": "Plain", "Startup Cost": 496833.27, "Total Cost": 496833.28, "Plan Rows": 1, "Plan Width": 123, "Plans": [{"Node Type": "Nested Loop", "Parent Relationship": "Outer", "Join Type": "Inner", "Startup Cost": 0.0, "Total Cost": 496832.6, "Plan Rows": 134, "Plan Width": 59, "Inner Unique": false, "Join Filter": "(t.id = at.movie_id)", "Plans": [{"Node Type": "Nested Loop", "Parent Relationship": "Outer", "Join Type": "Inner", "Startup Cost": 0.0, "Total Cost": 496817.03, "Plan Rows": 44, "Plan Width": 75, "Inner Unique": true, "Plans": [{"Node Type": "Nested Loop", "Parent Relationship": "Outer", "Join Type": "Inner", "Startup Cost": 0.0, "Total Cost": 496804.68, "Plan Rows": 44, "Plan Width": 79, "Inner Unique": false, "Join Filter": "(t.id = mk.movie_id)", "Plans": [{"Node Type": "Nested Loop", "Parent Relationship": "Outer", "Join Type": "Inner", "Startup Cost": 0.0, "Total Cost": 496801.31, "Plan Rows": 6, "Plan Width": 71, "Inner Unique": true, "Plans": [{"Node Type": "Nested Loop", "Parent Relationship": "Outer", "Join Type": "Inner", "Startup Cost": 0.0, "Total Cost": 496798.51, "Plan Rows": 10, "Plan Width": 75, "Inner Unique": true, "Plans": [{"Node Type": "Nested Loop", "Parent Relationship": "Outer", "Join Type": "Inner", "Startup Cost": 0.0, "Total Cost": 496795.05, "Plan Rows": 12, "Plan Width": 79, "Inner Unique": false, "Plans": [{"Node Type": "Nested Loop", "Parent Relationship": "Outer", "Join Type": "Inner", "Startup Cost": 0.0, "Total Cost": 496792.85, "Plan Rows": 6, "Plan Width": 67, "Inner Unique": true, "Plans": [{"Node Type": "Nested Loop", "Parent Relationship": "Outer", "Join Type": "Inner", "Startup Cost": 0.0, "Total Cost": 496759.91, "Plan Rows": 4, "Plan Width": 46, "Inner Unique": false, "Plans": [{"Node Type": "Index Scan", "Parent Relationship": "Outer", "Scan Direction": "Forward", "Index Name": "info_type_pkey", "Relation Name": "info_type", "Alias": "it1", "Startup Cost": 0.0, "Total Cost": 14.21, "Plan Rows": 1, "Plan Width": 4, "Filter": "((info)::text = 'release dates'::text)"}, {"Node Type": "Index Scan", "Parent Relationship": "Inner", "Scan Direction": "Forward", "Index Name": "info_type_id_movie_info", "Relation Name": "movie_info", "Alias": "mi", "Startup Cost": 0.0, "Total Cost": 496745.66, "Plan Rows": 4, "Plan Width": 50, "Index Cond": "(info_type_id = it1.id)", "Filter": "((info IS NOT NULL) AND ((note)::text ~~ '%internet%'::text) AND (((info)::text ~~ 'USA:% 199%'::text) OR ((info)::text ~~ 'USA:% 200%'::text)))"}]}, {"Node Type": "Index Scan", "Parent Relationship": "Inner", "Scan Direction": "Forward", "Index Name": "title_pkey", "Relation Name": "title", "Alias": "t", "Startup Cost": 0.0, "Total Cost": 8.23, "Plan Rows": 1, "Plan Width": 21, "Index Cond": "(id = mi.movie_id)", "Filter": "(production_year > 1990)"}]}, {"Node Type": "Index Scan", "Parent Relationship": "Inner", "Scan Direction": "Forward", "Index Name": "movie_id_movie_companies", "Relation Name": "movie_companies", "Alias": "mc", "Startup Cost": 0.0, "Total Cost": 0.35, "Plan Rows": 2, "Plan Width": 12, "Index Cond": "(movie_id = t.id)"}]}, {"Node Type": "Index Scan", "Parent Relationship": "Inner", "Scan Direction": "Forward", "Index Name": "company_name_pkey", "Relation Name": "company_name", "Alias": "cn", "Startup Cost": 0.0, "Total Cost": 0.28, "Plan Rows": 1, "Plan Width": 4, "Index Cond": "(id = mc.company_id)", "Filter": "((country_code)::text = '[us]'::text)"}]}, {"Node Type": "Index Scan", "Parent Relationship": "Inner", "Scan Direction": "Forward", "Index Name": "company_type_pkey", "Relation Name": "company_type", "Alias": "ct", "Startup Cost": 0.0, "Total Cost": 0.27, "Plan Rows": 1, "Plan Width": 4, "Index Cond": "(id = mc.company_type_id)"}]}, {"Node Type": "Index Scan", "Parent Relationship": "Inner", "Scan Direction": "Forward", "Index Name": "movie_id_movie_keyword", "Relation Name": "movie_keyword", "Alias": "mk", "Startup Cost": 0.0, "Total Cost": 0.46, "Plan Rows": 8, "Plan Width": 8, "Index Cond": "(movie_id = mc.movie_id)"}]}, {"Node Type": "Index Scan", "Parent Relationship": "Inner", "Scan Direction": "Forward", "Index Name": "keyword_pkey", "Relation Name": "keyword", "Alias": "k", "Startup Cost": 0.0, "Total Cost": 0.27, "Plan Rows": 1, "Plan Width": 4, "Index Cond": "(id = mk.keyword_id)"}]}, {"Node Type": "Index Scan", "Parent Relationship": "Inner", "Scan Direction": "Forward", "Index Name": "movie_id_aka_title", "Relation Name": "aka_title", "Alias": "at", "Startup Cost": 0.0, "Total Cost": 0.32, "Plan Rows": 3, "Plan Width": 4, "Index Cond": "(movie_id = mk.movie_id)"}]}]}, "Unique SQL Id": 2846462052}, "explain_analyze_plan": null}, "(64, 30)": {"explain_plan": {"Plan": {"Node Type": "Aggregate", "Strategy": "Plain", "Startup Cost": 841139.86, "Total Cost": 841139.89, "Plan Rows": 1, "Plan Width": 123, "Plans": [{"Node Type": "Streaming(type: LOCAL GATHER dop: 1/64)", "Parent Relationship": "Outer", "Startup Cost": 841139.86, "Total Cost": 841139.89, "Plan Rows": 1, "Plan Width": 123, "Plans": [{"Node Type": "Aggregate", "Strategy": "Plain", "Parent Relationship": "Outer", "Startup Cost": 841139.86, "Total Cost": 841139.87, "Plan Rows": 1, "Plan Width": 123, "Plans": [{"Node Type": "Nested Loop", "Parent Relationship": "Outer", "Join Type": "Inner", "Startup Cost": 672406.72, "Total Cost": 841139.19, "Plan Rows": 134, "Plan Width": 59, "Inner Unique": false, "Join Filter": "(at.movie_id = t.id)", "Plans": [{"Node Type": "Seq Scan", "Parent Relationship": "Outer", "Relation Name": "title", "Alias": "t", "Startup Cost": 0.0, "Total Cost": 64037.34, "Plan Rows": 1748840, "Plan Width": 21, "Filter": "(production_year > 1990), (LLVM Optimized)"}, {"Node Type": "Materialize", "Parent Relationship": "Inner", "Startup Cost": 672406.72, "Total Cost": 737343.3, "Plan Rows": 6208, "Plan Width": 58, "Plans": [{"Node Type": "Streaming(type: BROADCAST dop: 64/1)", "Parent Relationship": "Outer", "Startup Cost": 672406.72, "Total Cost": 737342.82, "Plan Rows": 6208, "Plan Width": 58, "Plans": [{"Node Type": "Merge Join", "Parent Relationship": "Outer", "Join Type": "Inner", "Startup Cost": 672406.72, "Total Cost": 674214.75, "Plan Rows": 97, "Plan Width": 58, "Inner Unique": false, "Merge Cond": "(mi.movie_id = at.movie_id)", "Plans": [{"Node Type": "Sort", "Parent Relationship": "Outer", "Startup Cost": 629141.57, "Total Cost": 629141.65, "Plan Rows": 32, "Plan Width": 54, "Sort Key": ["mc.movie_id"], "Plans": [{"Node Type": "Merge Join", "Parent Relationship": "Outer", "Join Type": "Inner", "Startup Cost": 628469.79, "Total Cost": 629140.77, "Plan Rows": 32, "Plan Width": 54, "Inner Unique": true, "Merge Cond": "(mk.keyword_id = k.id)", "Plans": [{"Node Type": "Sort", "Parent Relationship": "Outer", "Startup Cost": 614942.13, "Total Cost": 614942.21, "Plan Rows": 32, "Plan Width": 58, "Sort Key": ["mk.keyword_id"], "Plans": [{"Node Type": "Nested Loop", "Parent Relationship": "Outer", "Join Type": "Inner", "Startup Cost": 281064.19, "Total Cost": 614941.33, "Plan Rows": 32, "Plan Width": 58, "Inner Unique": false, "Join Filter": "(mi.movie_id = mk.movie_id)", "Plans": [{"Node Type": "Seq Scan", "Parent Relationship": "Outer", "Relation Name": "movie_keyword", "Alias": "mk", "Startup Cost": 0.0, "Total Cost": 62441.29, "Plan Rows": 4523929, "Plan Width": 8}, {"Node Type": "Materialize", "Parent Relationship": "Inner", "Startup Cost": 281064.19, "Total Cost": 281064.31, "Plan Rows": 4, "Plan Width": 50, "Plans": [{"Node Type": "Merge Join", "Parent Relationship": "Outer", "Join Type": "Inner", "Startup Cost": 281064.19, "Total Cost": 281064.29, "Plan Rows": 4, "Plan Width": 50, "Inner Unique": false, "Merge Cond": "(ct.id = mc.company_type_id)", "Plans": [{"Node Type": "Sort", "Parent Relationship": "Outer", "Startup Cost": 1.05, "Total Cost": 1.06, "Plan Rows": 3, "Plan Width": 4, "Sort Key": ["ct.id"], "Plans": [{"Node Type": "Seq Scan", "Parent Relationship": "Outer", "Relation Name": "company_type", "Alias": "ct", "Startup Cost": 0.0, "Total Cost": 1.03, "Plan Rows": 3, "Plan Width": 4}]}, {"Node Type": "Sort", "Parent Relationship": "Inner", "Startup Cost": 281063.12, "Total Cost": 281063.13, "Plan Rows": 7, "Plan Width": 54, "Sort Key": ["mc.company_type_id"], "Plans": [{"Node Type": "Merge Join", "Parent Relationship": "Outer", "Join Type": "Inner", "Startup Cost": 280637.01, "Total Cost": 281063.02, "Plan Rows": 7, "Plan Width": 54, "Inner Unique": true, "Merge Cond": "(mc.company_id = cn.id)", "Plans": [{"Node Type": "Sort", "Parent Relationship": "Outer", "Startup Cost": 267758.97, "Total Cost": 267758.99, "Plan Rows": 9, "Plan Width": 58, "Sort Key": ["mc.company_id"], "Plans": [{"Node Type": "Nested Loop", "Parent Relationship": "Outer", "Join Type": "Inner", "Startup Cost": 0.0, "Total Cost": 267758.82, "Plan Rows": 9, "Plan Width": 58, "Inner Unique": false, "Join Filter": "(mi.movie_id = mc.movie_id)", "Plans": [{"Node Type": "Seq Scan", "Parent Relationship": "Outer", "Relation Name": "movie_companies", "Alias": "mc", "Startup Cost": 0.0, "Total Cost": 41817.28, "Plan Rows": 2609128, "Plan Width": 12}, {"Node Type": "Materialize", "Parent Relationship": "Inner", "Startup Cost": 0.0, "Total Cost": 69393.87, "Plan Rows": 4, "Plan Width": 46, "Plans": [{"Node Type": "Nested Loop", "Parent Relationship": "Outer", "Join Type": "Inner", "Startup Cost": 0.0, "Total Cost": 69393.85, "Plan Rows": 4, "Plan Width": 46, "Inner Unique": false, "Join Filter": "(it1.id = mi.info_type_id)", "Plans": [{"Node Type": "Seq Scan", "Parent Relationship": "Outer", "Relation Name": "info_type", "Alias": "it1", "Startup Cost": 0.0, "Total Cost": 2.4, "Plan Rows": 1, "Plan Width": 4, "Filter": "((info)::text = 'release dates'::text)"}, {"Node Type": "Materialize", "Parent Relationship": "Inner", "Startup Cost": 0.0, "Total Cost": 69388.9, "Plan Rows": 255, "Plan Width": 50, "Plans": [{"Node Type": "Streaming(type: LOCAL GATHER dop: 1/64)", "Parent Relationship": "Outer", "Startup Cost": 0.0, "Total Cost": 69388.27, "Plan Rows": 255, "Plan Width": 50, "Plans": [{"Node Type": "Seq Scan", "Parent Relationship": "Outer", "Relation Name": "movie_info", "Alias": "mi", "Startup Cost": 0.0, "Total Cost": 69383.01, "Plan Rows": 255, "Plan Width": 50, "Filter": "((info IS NOT NULL) AND ((note)::text ~~ '%internet%'::text) AND (((info)::text ~~ 'USA:% 199%'::text) OR ((info)::text ~~ 'USA:% 200%'::text)))"}]}]}]}]}]}]}, {"Node Type": "Sort", "Parent Relationship": "Inner", "Startup Cost": 12878.05, "Total Cost": 13090.97, "Plan Rows": 85170, "Plan Width": 4, "Sort Key": ["cn.id"], "Plans": [{"Node Type": "Seq Scan", "Parent Relationship": "Outer", "Relation Name": "company_name", "Alias": "cn", "Startup Cost": 0.0, "Total Cost": 5903.45, "Plan Rows": 85170, "Plan Width": 4, "Filter": "((country_code)::text = '[us]'::text)"}]}]}]}]}]}]}]}, {"Node Type": "Sort", "Parent Relationship": "Inner", "Startup Cost": 13527.66, "Total Cost": 13863.08, "Plan Rows": 134169, "Plan Width": 4, "Sort Key": ["k.id"], "Plans": [{"Node Type": "Seq Scan", "Parent Relationship": "Outer", "Relation Name": "keyword", "Alias": "k", "Startup Cost": 0.0, "Total Cost": 2100.69, "Plan Rows": 134169, "Plan Width": 4}]}]}]}, {"Node Type": "Sort", "Parent Relationship": "Inner", "Startup Cost": 43264.85, "Total Cost": 44168.52, "Plan Rows": 361471, "Plan Width": 4, "Sort Key": ["at.movie_id"], "Plans": [{"Node Type": "Seq Scan", "Parent Relationship": "Outer", "Relation Name": "aka_title", "Alias": "at", "Startup Cost": 0.0, "Total Cost": 9894.71, "Plan Rows": 361471, "Plan Width": 4}]}]}]}]}]}]}]}]}, "Unique SQL Id": 2846462052}, "explain_analyze_plan": null}, "(64, 31)": {"explain_plan": {"Plan": {"Node Type": "Aggregate", "Strategy": "Plain", "Startup Cost": 8992370911326.05, "Total Cost": 8992370911326.06, "Plan Rows": 1, "Plan Width": 123, "Plans": [{"Node Type": "Nested Loop", "Parent Relationship": "Outer", "Join Type": "Inner", "Startup Cost": 90000000000.0, "Total Cost": 8992370911325.38, "Plan Rows": 134, "Plan Width": 59, "Inner Unique": false, "Join Filter": "(t.id = at.movie_id)", "Plans": [{"Node Type": "Index Scan", "Parent Relationship": "Outer", "Scan Direction": "Forward", "Index Name": "movie_id_aka_title", "Relation Name": "aka_title", "Alias": "at", "Startup Cost": 10000000000.0, "Total Cost": 1000001990001.13, "Plan Rows": 361471, "Plan Width": 4}, {"Node Type": "Materialize", "Parent Relationship": "Inner", "Startup Cost": 80000000000.0, "Total Cost": 7992368492981.31, "Plan Rows": 79, "Plan Width": 75, "Plans": [{"Node Type": "Nested Loop", "Parent Relationship": "Outer", "Join Type": "Inner", "Startup Cost": 80000000000.0, "Total Cost": 7992368492980.92, "Plan Rows": 79, "Plan Width": 75, "Inner Unique": true, "Join Filter": "(mk.keyword_id = k.id)", "Plans": [{"Node Type": "Nested Loop", "Parent Relationship": "Outer", "Join Type": "Inner", "Startup Cost": 70000000000.0, "Total Cost": 6992368048925.79, "Plan Rows": 79, "Plan Width": 79, "Inner Unique": true, "Join Filter": "(mi.info_type_id = it1.id)", "Plans": [{"Node Type": "Merge Join", "Parent Relationship": "Outer", "Join Type": "Inner", "Startup Cost": 60000000000.0, "Total Cost": 5992368047427.65, "Plan Rows": 5143, "Plan Width": 83, "Inner Unique": false, "Merge Cond": "(t.id = mk.movie_id)", "Plans": [{"Node Type": "Nested Loop", "Parent Relationship": "Outer", "Join Type": "Inner", "Startup Cost": 50000000000.0, "Total Cost": 5000148244505.78, "Plan Rows": 635, "Plan Width": 75, "Inner Unique": true, "Join Filter": "(mc.company_type_id = ct.id)", "Plans": [{"Node Type": "Nested Loop", "Parent Relationship": "Outer", "Join Type": "Inner", "Startup Cost": 40000000000.0, "Total Cost": 4000148243247.7, "Plan Rows": 635, "Plan Width": 79, "Inner Unique": true, "Join Filter": "(mc.company_id = cn.id)", "Plans": [{"Node Type": "Merge Join", "Parent Relationship": "Outer", "Join Type": "Inner", "Startup Cost": 30000000000.0, "Total Cost": 3000146228345.55, "Plan Rows": 755, "Plan Width": 83, "Inner Unique": false, "Merge Cond": "(t.id = mc.movie_id)", "Plans": [{"Node Type": "Nested Loop", "Parent Relationship": "Outer", "Join Type": "Inner", "Startup Cost": 20000000000.0, "Total Cost": 2000133169868.42, "Plan Rows": 353, "Plan Width": 71, "Inner Unique": false, "Join Filter": "(mi.movie_id = t.id)", "Plans": [{"Node Type": "Index Scan", "Parent Relationship": "Outer", "Scan Direction": "Forward", "Index Name": "title_pkey", "Relation Name": "title", "Alias": "t", "Startup Cost": 10000000000.0, "Total Cost": 1000011644126.66, "Plan Rows": 1748840, "Plan Width": 21, "Filter": "(production_year > 1990), (LLVM Optimized)"}, {"Node Type": "Materialize", "Parent Relationship": "Inner", "Startup Cost": 10000000000.0, "Total Cost": 1000114836429.39, "Plan Rows": 255, "Plan Width": 50, "Plans": [{"Node Type": "Index Scan", "Parent Relationship": "Outer", "Scan Direction": "Forward", "Index Name": "info_type_id_movie_info", "Relation Name": "movie_info", "Alias": "mi", "Startup Cost": 10000000000.0, "Total Cost": 1000114836428.12, "Plan Rows": 255, "Plan Width": 50, "Filter": "((info IS NOT NULL) AND ((note)::text ~~ '%internet%'::text) AND (((info)::text ~~ 'USA:% 199%'::text) OR ((info)::text ~~ 'USA:% 200%'::text)))"}]}]}, {"Node Type": "Index Scan", "Parent Relationship": "Inner", "Scan Direction": "Forward", "Index Name": "movie_id_movie_companies", "Relation Name": "movie_companies", "Alias": "mc", "Startup Cost": 10000000000.0, "Total Cost": 1000013051946.13, "Plan Rows": 2609128, "Plan Width": 12}]}, {"Node Type": "Materialize", "Parent Relationship": "Inner", "Startup Cost": 10000000000.0, "Total Cost": 1000001050564.82, "Plan Rows": 85170, "Plan Width": 4, "Plans": [{"Node Type": "Index Scan", "Parent Relationship": "Outer", "Scan Direction": "Forward", "Index Name": "company_name_pkey", "Relation Name": "company_name", "Alias": "cn", "Startup Cost": 10000000000.0, "Total Cost": 1000001050138.97, "Plan Rows": 85170, "Plan Width": 4, "Filter": "((country_code)::text = '[us]'::text)"}]}]}, {"Node Type": "Materialize", "Parent Relationship": "Inner", "Startup Cost": 10000000000.0, "Total Cost": 1000000001229.52, "Plan Rows": 3, "Plan Width": 4, "Plans": [{"Node Type": "Index Scan", "Parent Relationship": "Outer", "Scan Direction": "Forward", "Index Name": "company_type_pkey", "Relation Name": "company_type", "Alias": "ct", "Startup Cost": 10000000000.0, "Total Cost": 1000000001229.5, "Plan Rows": 3, "Plan Width": 4}]}]}, {"Node Type": "Index Scan", "Parent Relationship": "Inner", "Scan Direction": "Forward", "Index Name": "movie_id_movie_keyword", "Relation Name": "movie_keyword", "Alias": "mk", "Startup Cost": 10000000000.0, "Total Cost": 1000015300634.17, "Plan Rows": 4523929, "Plan Width": 8}]}, {"Node Type": "Materialize", "Parent Relationship": "Inner", "Startup Cost": 10000000000.0, "Total Cost": 1000000001421.0, "Plan Rows": 1, "Plan Width": 4, "Plans": [{"Node Type": "Index Scan", "Parent Relationship": "Outer", "Scan Direction": "Forward", "Index Name": "info_type_pkey", "Relation Name": "info_type", "Alias": "it1", "Startup Cost": 10000000000.0, "Total Cost": 1000000001421.0, "Plan Rows": 1, "Plan Width": 4, "Filter": "((info)::text = 'release dates'::text)"}]}]}, {"Node Type": "Materialize", "Parent Relationship": "Inner", "Startup Cost": 10000000000.0, "Total Cost": 1000000285400.28, "Plan Rows": 134169, "Plan Width": 4, "Plans": [{"Node Type": "Index Scan", "Parent Relationship": "Outer", "Scan Direction": "Forward", "Index Name": "keyword_pkey", "Relation Name": "keyword", "Alias": "k", "Startup Cost": 10000000000.0, "Total Cost": 1000000284729.43, "Plan Rows": 134169, "Plan Width": 4}]}]}]}]}]}, "Unique SQL Id": 2846462052}, "explain_analyze_plan": null}, "(64, 32)": {"explain_plan": {"Plan": {"Node Type": "Aggregate", "Strategy": "Plain", "Startup Cost": 69473.88, "Total Cost": 69473.89, "Plan Rows": 1, "Plan Width": 123, "Plans": [{"Node Type": "Nested Loop", "Parent Relationship": "Outer", "Join Type": "Inner", "Startup Cost": 0.0, "Total Cost": 69473.22, "Plan Rows": 132, "Plan Width": 59, "Inner Unique": true, "Plans": [{"Node Type": "Nested Loop", "Parent Relationship": "Outer", "Join Type": "Inner", "Startup Cost": 0.0, "Total Cost": 69435.7, "Plan Rows": 134, "Plan Width": 63, "Inner Unique": false, "Join Filter": "(t.id = mk.movie_id)", "Plans": [{"Node Type": "Nested Loop", "Parent Relationship": "Outer", "Join Type": "Inner", "Startup Cost": 0.0, "Total Cost": 69426.14, "Plan Rows": 17, "Plan Width": 75, "Inner Unique": true, "Join Filter": "(at.movie_id = t.id)", "Plans": [{"Node Type": "Nested Loop", "Parent Relationship": "Outer", "Join Type": "Inner", "Startup Cost": 0.0, "Total Cost": 69421.91, "Plan Rows": 12, "Plan Width": 54, "Inner Unique": true, "Join Filter": "(mc.company_type_id = ct.id)", "Plans": [{"Node Type": "Nested Loop", "Parent Relationship": "Outer", "Join Type": "Inner", "Startup Cost": 0.0, "Total Cost": 69420.33, "Plan Rows": 12, "Plan Width": 58, "Inner Unique": true, "Plans": [{"Node Type": "Nested Loop", "Parent Relationship": "Outer", "Join Type": "Inner", "Startup Cost": 0.0, "Total Cost": 69414.58, "Plan Rows": 20, "Plan Width": 62, "Inner Unique": false, "Plans": [{"Node Type": "Nested Loop", "Parent Relationship": "Outer", "Join Type": "Inner", "Startup Cost": 0.0, "Total Cost": 69409.27, "Plan Rows": 9, "Plan Width": 50, "Inner Unique": false, "Plans": [{"Node Type": "Nested Loop", "Parent Relationship": "Outer", "Join Type": "Inner", "Startup Cost": 0.0, "Total Cost": 69393.85, "Plan Rows": 4, "Plan Width": 46, "Inner Unique": false, "Join Filter": "(it1.id = mi.info_type_id)", "Plans": [{"Node Type": "Seq Scan", "Parent Relationship": "Outer", "Relation Name": "info_type", "Alias": "it1", "Startup Cost": 0.0, "Total Cost": 2.4, "Plan Rows": 1, "Plan Width": 4, "Filter": "((info)::text = 'release dates'::text)"}, {"Node Type": "Materialize", "Parent Relationship": "Inner", "Startup Cost": 0.0, "Total Cost": 69388.9, "Plan Rows": 255, "Plan Width": 50, "Plans": [{"Node Type": "Streaming(type: LOCAL GATHER dop: 1/64)", "Parent Relationship": "Outer", "Startup Cost": 0.0, "Total Cost": 69388.27, "Plan Rows": 255, "Plan Width": 50, "Plans": [{"Node Type": "Seq Scan", "Parent Relationship": "Outer", "Relation Name": "movie_info", "Alias": "mi", "Startup Cost": 0.0, "Total Cost": 69383.01, "Plan Rows": 255, "Plan Width": 50, "Filter": "((info IS NOT NULL) AND ((note)::text ~~ '%internet%'::text) AND (((info)::text ~~ 'USA:% 199%'::text) OR ((info)::text ~~ 'USA:% 200%'::text)))"}]}]}]}, {"Node Type": "Index Only Scan", "Parent Relationship": "Inner", "Scan Direction": "Forward", "Index Name": "movie_id_aka_title", "Relation Name": "aka_title", "Alias": "at", "Startup Cost": 0.0, "Total Cost": 3.82, "Plan Rows": 3, "Plan Width": 4, "Index Cond": "(movie_id = mi.movie_id)"}]}, {"Node Type": "Index Scan", "Parent Relationship": "Inner", "Scan Direction": "Forward", "Index Name": "movie_id_movie_companies", "Relation Name": "movie_companies", "Alias": "mc", "Startup Cost": 0.0, "Total Cost": 0.57, "Plan Rows": 2, "Plan Width": 12, "Index Cond": "(movie_id = at.movie_id)"}]}, {"Node Type": "Index Scan", "Parent Relationship": "Inner", "Scan Direction": "Forward", "Index Name": "company_name_pkey", "Relation Name": "company_name", "Alias": "cn", "Startup Cost": 0.0, "Total Cost": 0.28, "Plan Rows": 1, "Plan Width": 4, "Index Cond": "(id = mc.company_id)", "Filter": "((country_code)::text = '[us]'::text)"}]}, {"Node Type": "Materialize", "Parent Relationship": "Inner", "Startup Cost": 0.0, "Total Cost": 1.04, "Plan Rows": 3, "Plan Width": 4, "Plans": [{"Node Type": "Seq Scan", "Parent Relationship": "Outer", "Relation Name": "company_type", "Alias": "ct", "Startup Cost": 0.0, "Total Cost": 1.03, "Plan Rows": 3, "Plan Width": 4}]}]}, {"Node Type": "Index Scan", "Parent Relationship": "Inner", "Scan Direction": "Forward", "Index Name": "title_pkey", "Relation Name": "title", "Alias": "t", "Startup Cost": 0.0, "Total Cost": 0.34, "Plan Rows": 1, "Plan Width": 21, "Index Cond": "(id = mc.movie_id)", "Filter": "(production_year > 1990)"}]}, {"Node Type": "Index Scan", "Parent Relationship": "Inner", "Scan Direction": "Forward", "Index Name": "movie_id_movie_keyword", "Relation Name": "movie_keyword", "Alias": "mk", "Startup Cost": 0.0, "Total Cost": 0.46, "Plan Rows": 8, "Plan Width": 8, "Index Cond": "(movie_id = mc.movie_id)"}]}, {"Node Type": "Index Only Scan", "Parent Relationship": "Inner", "Scan Direction": "Forward", "Index Name": "keyword_pkey", "Relation Name": "keyword", "Alias": "k", "Startup Cost": 0.0, "Total Cost": 0.27, "Plan Rows": 1, "Plan Width": 4, "Index Cond": "(id = mk.keyword_id)"}]}]}, "Unique SQL Id": 2846462052}, "explain_analyze_plan": {"Plan": {"Node Type": "Aggregate", "Strategy": "Plain", "Startup Cost": 69473.88, "Total Cost": 69473.89, "Plan Rows": 1, "Plan Width": 123, "Actual Min Startup Time": 335.212, "Actual Max Startup Time": 335.212, "Actual Min Total Time": 335.213, "Actual Max Total Time": 335.213, "Actual Total Rows": 1, "Plans": [{"Node Type": "Nested Loop", "Parent Relationship": "Outer", "Join Type": "Inner", "Startup Cost": 0.0, "Total Cost": 69473.22, "Plan Rows": 132, "Plan Width": 59, "Actual Min Startup Time": 316.259, "Actual Max Startup Time": 316.259, "Actual Min Total Time": 334.411, "Actual Max Total Time": 334.411, "Actual Total Rows": 1140, "Inner Unique": true, "Plans": [{"Node Type": "Nested Loop", "Parent Relationship": "Outer", "Join Type": "Inner", "Startup Cost": 0.0, "Total Cost": 69435.7, "Plan Rows": 134, "Plan Width": 63, "Actual Min Startup Time": 316.239, "Actual Max Startup Time": 316.239, "Actual Min Total Time": 330.258, "Actual Max Total Time": 330.258, "Actual Total Rows": 1140, "Inner Unique": false, "Join Filter": "(t.id = mk.movie_id)", "Rows Removed by Join Filter": 0, "Plans": [{"Node Type": "Nested Loop", "Parent Relationship": "Outer", "Join Type": "Inner", "Startup Cost": 0.0, "Total Cost": 69426.14, "Plan Rows": 17, "Plan Width": 75, "Actual Min Startup Time": 316.208, "Actual Max Startup Time": 316.208, "Actual Min Total Time": 328.341, "Actual Max Total Time": 328.341, "Actual Total Rows": 119, "Inner Unique": true, "Join Filter": "(at.movie_id = t.id)", "Rows Removed by Join Filter": 0, "Plans": [{"Node Type": "Nested Loop", "Parent Relationship": "Outer", "Join Type": "Inner", "Startup Cost": 0.0, "Total Cost": 69421.91, "Plan Rows": 12, "Plan Width": 54, "Actual Min Startup Time": 316.173, "Actual Max Startup Time": 316.173, "Actual Min Total Time": 327.384, "Actual Max Total Time": 327.384, "Actual Total Rows": 119, "Inner Unique": true, "Join Filter": "(mc.company_type_id = ct.id)", "Rows Removed by Join Filter": 495, "Plans": [{"Node Type": "Nested Loop", "Parent Relationship": "Outer", "Join Type": "Inner", "Startup Cost": 0.0, "Total Cost": 69420.33, "Plan Rows": 12, "Plan Width": 58, "Actual Min Startup Time": 316.122, "Actual Max Startup Time": 316.122, "Actual Min Total Time": 327.064, "Actual Max Total Time": 327.064, "Actual Total Rows": 284, "Inner Unique": true, "Plans": [{"Node Type": "Nested Loop", "Parent Relationship": "Outer", "Join Type": "Inner", "Startup Cost": 0.0, "Total Cost": 69414.58, "Plan Rows": 20, "Plan Width": 62, "Actual Min Startup Time": 316.091, "Actual Max Startup Time": 316.091, "Actual Min Total Time": 324.738, "Actual Max Total Time": 324.738, "Actual Total Rows": 400, "Inner Unique": false, "Plans": [{"Node Type": "Nested Loop", "Parent Relationship": "Outer", "Join Type": "Inner", "Startup Cost": 0.0, "Total Cost": 69409.27, "Plan Rows": 9, "Plan Width": 50, "Actual Min Startup Time": 316.067, "Actual Max Startup Time": 316.067, "Actual Min Total Time": 323.49, "Actual Max Total Time": 323.49, "Actual Total Rows": 120, "Inner Unique": false, "Plans": [{"Node Type": "Nested Loop", "Parent Relationship": "Outer", "Join Type": "Inner", "Startup Cost": 0.0, "Total Cost": 69393.85, "Plan Rows": 4, "Plan Width": 46, "Actual Min Startup Time": 316.016, "Actual Max Startup Time": 316.016, "Actual Min Total Time": 317.037, "Actual Max Total Time": 317.037, "Actual Total Rows": 1783, "Inner Unique": false, "Join Filter": "(it1.id = mi.info_type_id)", "Rows Removed by Join Filter": 0, "Plans": [{"Node Type": "Seq Scan", "Parent Relationship": "Outer", "Relation Name": "info_type", "Alias": "it1", "Startup Cost": 0.0, "Total Cost": 2.4, "Plan Rows": 1, "Plan Width": 4, "Actual Min Startup Time": 0.095, "Actual Max Startup Time": 0.095, "Actual Min Total Time": 0.119, "Actual Max Total Time": 0.119, "Actual Total Rows": 1, "Filter": "((info)::text = 'release dates'::text)", "Rows Removed by Filter": 111}, {"Node Type": "Materialize", "Parent Relationship": "Inner", "Startup Cost": 0.0, "Total Cost": 69388.9, "Plan Rows": 255, "Plan Width": 50, "Actual Min Startup Time": 315.88, "Actual Max Startup Time": 315.88, "Actual Min Total Time": 316.113, "Actual Max Total Time": 316.113, "Actual Total Rows": 1784, "Plans": [{"Node Type": "Streaming(type: LOCAL GATHER dop: 1/64)", "Parent Relationship": "Outer", "Startup Cost": 0.0, "Total Cost": 69388.27, "Plan Rows": 255, "Plan Width": 50, "Actual Min Startup Time": 195.834, "Actual Max Startup Time": 195.834, "Actual Min Total Time": 315.506, "Actual Max Total Time": 315.506, "Actual Total Rows": 1783, "Plans": [{"Node Type": "Seq Scan", "Parent Relationship": "Outer", "Relation Name": "movie_info", "Alias": "mi", "Startup Cost": 0.0, "Total Cost": 69383.01, "Plan Rows": 255, "Plan Width": 50, "Actual Min Startup Time": 20.78, "Actual Max Startup Time": 57.024, "Actual Min Total Time": 72.51, "Actual Max Total Time": 113.163, "Actual Total Rows": 1783, "Filter": "((info IS NOT NULL) AND ((note)::text ~~ '%internet%'::text) AND (((info)::text ~~ 'USA:% 199%'::text) OR ((info)::text ~~ 'USA:% 200%'::text)))", "Rows Removed by Filter": 14833936}]}]}]}, {"Node Type": "Index Only Scan", "Parent Relationship": "Inner", "Scan Direction": "Forward", "Index Name": "movie_id_aka_title", "Relation Name": "aka_title", "Alias": "at", "Startup Cost": 0.0, "Total Cost": 3.82, "Plan Rows": 3, "Plan Width": 4, "Actual Min Startup Time": 5.554, "Actual Max Startup Time": 5.554, "Actual Min Total Time": 5.592, "Actual Max Total Time": 5.592, "Actual Total Rows": 120, "Index Cond": "(movie_id = mi.movie_id)", "Rows Removed by Index Recheck": 0, "Heap Fetches": 0}]}, {"Node Type": "Index Scan", "Parent Relationship": "Inner", "Scan Direction": "Forward", "Index Name": "movie_id_movie_companies", "Relation Name": "movie_companies", "Alias": "mc", "Startup Cost": 0.0, "Total Cost": 0.57, "Plan Rows": 2, "Plan Width": 12, "Actual Min Startup Time": 0.779, "Actual Max Startup Time": 0.779, "Actual Min Total Time": 1.099, "Actual Max Total Time": 1.099, "Actual Total Rows": 400, "Index Cond": "(movie_id = at.movie_id)", "Rows Removed by Index Recheck": 0}]}, {"Node Type": "Index Scan", "Parent Relationship": "Inner", "Scan Direction": "Forward", "Index Name": "company_name_pkey", "Relation Name": "company_name", "Alias": "cn", "Startup Cost": 0.0, "Total Cost": 0.28, "Plan Rows": 1, "Plan Width": 4, "Actual Min Startup Time": 2.016, "Actual Max Startup Time": 2.016, "Actual Min Total Time": 2.016, "Actual Max Total Time": 2.016, "Actual Total Rows": 284, "Index Cond": "(id = mc.company_id)", "Rows Removed by Index Recheck": 0, "Filter": "((country_code)::text = '[us]'::text)", "Rows Removed by Filter": 116}]}, {"Node Type": "Materialize", "Parent Relationship": "Inner", "Startup Cost": 0.0, "Total Cost": 1.04, "Plan Rows": 3, "Plan Width": 4, "Actual Min Startup Time": 0.043, "Actual Max Startup Time": 0.043, "Actual Min Total Time": 0.097, "Actual Max Total Time": 0.097, "Actual Total Rows": 614, "Plans": [{"Node Type": "Seq Scan", "Parent Relationship": "Outer", "Relation Name": "company_type", "Alias": "ct", "Startup Cost": 0.0, "Total Cost": 1.03, "Plan Rows": 3, "Plan Width": 4, "Actual Min Startup Time": 0.007, "Actual Max Startup Time": 0.007, "Actual Min Total Time": 0.009, "Actual Max Total Time": 0.009, "Actual Total Rows": 3}]}]}, {"Node Type": "Index Scan", "Parent Relationship": "Inner", "Scan Direction": "Forward", "Index Name": "title_pkey", "Relation Name": "title", "Alias": "t", "Startup Cost": 0.0, "Total Cost": 0.34, "Plan Rows": 1, "Plan Width": 21, "Actual Min Startup Time": 0.796, "Actual Max Startup Time": 0.796, "Actual Min Total Time": 0.796, "Actual Max Total Time": 0.796, "Actual Total Rows": 119, "Index Cond": "(id = mc.movie_id)", "Rows Removed by Index Recheck": 0, "Filter": "(production_year > 1990)", "Rows Removed by Filter": 0}]}, {"Node Type": "Index Scan", "Parent Relationship": "Inner", "Scan Direction": "Forward", "Index Name": "movie_id_movie_keyword", "Relation Name": "movie_keyword", "Alias": "mk", "Startup Cost": 0.0, "Total Cost": 0.46, "Plan Rows": 8, "Plan Width": 8, "Actual Min Startup Time": 0.853, "Actual Max Startup Time": 0.853, "Actual Min Total Time": 1.404, "Actual Max Total Time": 1.404, "Actual Total Rows": 1140, "Index Cond": "(movie_id = mc.movie_id)", "Rows Removed by Index Recheck": 0}]}, {"Node Type": "Index Only Scan", "Parent Relationship": "Inner", "Scan Direction": "Forward", "Index Name": "keyword_pkey", "Relation Name": "keyword", "Alias": "k", "Startup Cost": 0.0, "Total Cost": 0.27, "Plan Rows": 1, "Plan Width": 4, "Actual Min Startup Time": 3.354, "Actual Max Startup Time": 3.354, "Actual Min Total Time": 3.354, "Actual Max Total Time": 3.354, "Actual Total Rows": 1140, "Index Cond": "(id = mk.keyword_id)", "Rows Removed by Index Recheck": 0, "Heap Fetches": 0}]}]}, "Triggers": [], "Planner Runtime": 117.722, "Total Runtime": 348.471, "Unique SQL Id": 2846462052}}, "(64, 33)": {"explain_plan": {"Plan": {"Node Type": "Aggregate", "Strategy": "Plain", "Startup Cost": 165037.91, "Total Cost": 165037.92, "Plan Rows": 1, "Plan Width": 123, "Plans": [{"Node Type": "Nested Loop", "Parent Relationship": "Outer", "Join Type": "Inner", "Startup Cost": 4841.46, "Total Cost": 165037.25, "Plan Rows": 132, "Plan Width": 59, "Inner Unique": true, "Plans": [{"Node Type": "Nested Loop", "Parent Relationship": "Outer", "Join Type": "Inner", "Startup Cost": 4841.46, "Total Cost": 164999.73, "Plan Rows": 134, "Plan Width": 63, "Inner Unique": false, "Join Filter": "(t.id = mk.movie_id)", "Plans": [{"Node Type": "Nested Loop", "Parent Relationship": "Outer", "Join Type": "Inner", "Startup Cost": 4841.46, "Total Cost": 164990.17, "Plan Rows": 17, "Plan Width": 75, "Inner Unique": true, "Join Filter": "(at.movie_id = t.id)", "Plans": [{"Node Type": "Nested Loop", "Parent Relationship": "Outer", "Join Type": "Inner", "Startup Cost": 4841.46, "Total Cost": 164985.94, "Plan Rows": 12, "Plan Width": 54, "Inner Unique": true, "Plans": [{"Node Type": "Nested Loop", "Parent Relationship": "Outer", "Join Type": "Inner", "Startup Cost": 4841.46, "Total Cost": 164982.58, "Plan Rows": 12, "Plan Width": 58, "Inner Unique": true, "Plans": [{"Node Type": "Nested Loop", "Parent Relationship": "Outer", "Join Type": "Inner", "Startup Cost": 4841.46, "Total Cost": 164976.83, "Plan Rows": 20, "Plan Width": 62, "Inner Unique": false, "Plans": [{"Node Type": "Nested Loop", "Parent Relationship": "Outer", "Join Type": "Inner", "Startup Cost": 4841.46, "Total Cost": 164971.52, "Plan Rows": 9, "Plan Width": 50, "Inner Unique": false, "Plans": [{"Node Type": "Nested Loop", "Parent Relationship": "Outer", "Join Type": "Inner", "Startup Cost": 4841.46, "Total Cost": 164956.1, "Plan Rows": 4, "Plan Width": 46, "Inner Unique": false, "Plans": [{"Node Type": "Index Scan", "Parent Relationship": "Outer", "Scan Direction": "Forward", "Index Name": "info_type_pkey", "Relation Name": "info_type", "Alias": "it1", "Startup Cost": 0.0, "Total Cost": 14.21, "Plan Rows": 1, "Plan Width": 4, "Filter": "((info)::text = 'release dates'::text)"}, {"Node Type": "Bitmap Heap Scan", "Parent Relationship": "Inner", "Relation Name": "movie_info", "Alias": "mi", "Startup Cost": 4841.46, "Total Cost": 164941.85, "Plan Rows": 4, "Plan Width": 50, "Recheck Cond": "(info_type_id = it1.id)", "Filter": "((info IS NOT NULL) AND ((note)::text ~~ '%internet%'::text) AND (((info)::text ~~ 'USA:% 199%'::text) OR ((info)::text ~~ 'USA:% 200%'::text)))", "Plans": [{"Node Type": "Bitmap Index Scan", "Parent Relationship": "Outer", "Index Name": "info_type_id_movie_info", "Startup Cost": 0.0, "Total Cost": 4841.46, "Plan Rows": 212428, "Plan Width": 0, "Index Cond": "(info_type_id = it1.id)"}]}]}, {"Node Type": "Index Only Scan", "Parent Relationship": "Inner", "Scan Direction": "Forward", "Index Name": "movie_id_aka_title", "Relation Name": "aka_title", "Alias": "at", "Startup Cost": 0.0, "Total Cost": 3.82, "Plan Rows": 3, "Plan Width": 4, "Index Cond": "(movie_id = mi.movie_id)"}]}, {"Node Type": "Index Scan", "Parent Relationship": "Inner", "Scan Direction": "Forward", "Index Name": "movie_id_movie_companies", "Relation Name": "movie_companies", "Alias": "mc", "Startup Cost": 0.0, "Total Cost": 0.57, "Plan Rows": 2, "Plan Width": 12, "Index Cond": "(movie_id = at.movie_id)"}]}, {"Node Type": "Index Scan", "Parent Relationship": "Inner", "Scan Direction": "Forward", "Index Name": "company_name_pkey", "Relation Name": "company_name", "Alias": "cn", "Startup Cost": 0.0, "Total Cost": 0.28, "Plan Rows": 1, "Plan Width": 4, "Index Cond": "(id = mc.company_id)", "Filter": "((country_code)::text = '[us]'::text)"}]}, {"Node Type": "Index Only Scan", "Parent Relationship": "Inner", "Scan Direction": "Forward", "Index Name": "company_type_pkey", "Relation Name": "company_type", "Alias": "ct", "Startup Cost": 0.0, "Total Cost": 0.27, "Plan Rows": 1, "Plan Width": 4, "Index Cond": "(id = mc.company_type_id)"}]}, {"Node Type": "Index Scan", "Parent Relationship": "Inner", "Scan Direction": "Forward", "Index Name": "title_pkey", "Relation Name": "title", "Alias": "t", "Startup Cost": 0.0, "Total Cost": 0.34, "Plan Rows": 1, "Plan Width": 21, "Index Cond": "(id = mc.movie_id)", "Filter": "(production_year > 1990)"}]}, {"Node Type": "Index Scan", "Parent Relationship": "Inner", "Scan Direction": "Forward", "Index Name": "movie_id_movie_keyword", "Relation Name": "movie_keyword", "Alias": "mk", "Startup Cost": 0.0, "Total Cost": 0.46, "Plan Rows": 8, "Plan Width": 8, "Index Cond": "(movie_id = mc.movie_id)"}]}, {"Node Type": "Index Only Scan", "Parent Relationship": "Inner", "Scan Direction": "Forward", "Index Name": "keyword_pkey", "Relation Name": "keyword", "Alias": "k", "Startup Cost": 0.0, "Total Cost": 0.27, "Plan Rows": 1, "Plan Width": 4, "Index Cond": "(id = mk.keyword_id)"}]}]}, "Unique SQL Id": 2846462052}, "explain_analyze_plan": null}, "(64, 34)": {"explain_plan": {"Plan": {"Node Type": "Aggregate", "Strategy": "Plain", "Startup Cost": 70461.66, "Total Cost": 70461.67, "Plan Rows": 1, "Plan Width": 123, "Plans": [{"Node Type": "Nested Loop", "Parent Relationship": "Outer", "Join Type": "Inner", "Startup Cost": 5.28, "Total Cost": 70461.0, "Plan Rows": 132, "Plan Width": 59, "Inner Unique": true, "Join Filter": "(at.movie_id = t.id)", "Plans": [{"Node Type": "Nested Loop", "Parent Relationship": "Outer", "Join Type": "Inner", "Startup Cost": 5.01, "Total Cost": 70053.12, "Plan Rows": 95, "Plan Width": 58, "Inner Unique": true, "Plans": [{"Node Type": "Nested Loop", "Parent Relationship": "Outer", "Join Type": "Inner", "Startup Cost": 4.75, "Total Cost": 69637.93, "Plan Rows": 97, "Plan Width": 62, "Inner Unique": false, "Join Filter": "(at.movie_id = mk.movie_id)", "Plans": [{"Node Type": "Nested Loop", "Parent Relationship": "Outer", "Join Type": "Inner", "Startup Cost": 4.42, "Total Cost": 69583.48, "Plan Rows": 12, "Plan Width": 54, "Inner Unique": true, "Join Filter": "(mc.company_type_id = ct.id)", "Plans": [{"Node Type": "Nested Loop", "Parent Relationship": "Outer", "Join Type": "Inner", "Startup Cost": 4.42, "Total Cost": 69581.9, "Plan Rows": 12, "Plan Width": 58, "Inner Unique": true, "Plans": [{"Node Type": "Nested Loop", "Parent Relationship": "Outer", "Join Type": "Inner", "Startup Cost": 4.16, "Total Cost": 69496.23, "Plan Rows": 20, "Plan Width": 62, "Inner Unique": false, "Plans": [{"Node Type": "Nested Loop", "Parent Relationship": "Outer", "Join Type": "Inner", "Startup Cost": 3.79, "Total Cost": 69456.49, "Plan Rows": 9, "Plan Width": 50, "Inner Unique": false, "Plans": [{"Node Type": "Nested Loop", "Parent Relationship": "Outer", "Join Type": "Inner", "Startup Cost": 0.0, "Total Cost": 69393.85, "Plan Rows": 4, "Plan Width": 46, "Inner Unique": false, "Join Filter": "(it1.id = mi.info_type_id)", "Plans": [{"Node Type": "Seq Scan", "Parent Relationship": "Outer", "Relation Name": "info_type", "Alias": "it1", "Startup Cost": 0.0, "Total Cost": 2.4, "Plan Rows": 1, "Plan Width": 4, "Filter": "((info)::text = 'release dates'::text)"}, {"Node Type": "Materialize", "Parent Relationship": "Inner", "Startup Cost": 0.0, "Total Cost": 69388.9, "Plan Rows": 255, "Plan Width": 50, "Plans": [{"Node Type": "Streaming(type: LOCAL GATHER dop: 1/64)", "Parent Relationship": "Outer", "Startup Cost": 0.0, "Total Cost": 69388.27, "Plan Rows": 255, "Plan Width": 50, "Plans": [{"Node Type": "Seq Scan", "Parent Relationship": "Outer", "Relation Name": "movie_info", "Alias": "mi", "Startup Cost": 0.0, "Total Cost": 69383.01, "Plan Rows": 255, "Plan Width": 50, "Filter": "((info IS NOT NULL) AND ((note)::text ~~ '%internet%'::text) AND (((info)::text ~~ 'USA:% 199%'::text) OR ((info)::text ~~ 'USA:% 200%'::text)))"}]}]}]}, {"Node Type": "Bitmap Heap Scan", "Parent Relationship": "Inner", "Relation Name": "aka_title", "Alias": "at", "Startup Cost": 3.79, "Total Cost": 15.63, "Plan Rows": 3, "Plan Width": 4, "Recheck Cond": "(movie_id = mi.movie_id)", "Plans": [{"Node Type": "Bitmap Index Scan", "Parent Relationship": "Outer", "Index Name": "movie_id_aka_title", "Startup Cost": 0.0, "Total Cost": 3.79, "Plan Rows": 3, "Plan Width": 0, "Index Cond": "(movie_id = mi.movie_id)"}]}]}, {"Node Type": "Bitmap Heap Scan", "Parent Relationship": "Inner", "Relation Name": "movie_companies", "Alias": "mc", "Startup Cost": 0.37, "Total Cost": 4.4, "Plan Rows": 2, "Plan Width": 12, "Recheck Cond": "(movie_id = at.movie_id)", "Plans": [{"Node Type": "Bitmap Index Scan", "Parent Relationship": "Outer", "Index Name": "movie_id_movie_companies", "Startup Cost": 0.0, "Total Cost": 0.37, "Plan Rows": 2, "Plan Width": 0, "Index Cond": "(movie_id = at.movie_id)"}]}]}, {"Node Type": "Bitmap Heap Scan", "Parent Relationship": "Inner", "Relation Name": "company_name", "Alias": "cn", "Startup Cost": 0.26, "Total Cost": 4.27, "Plan Rows": 1, "Plan Width": 4, "Recheck Cond": "(id = mc.company_id)", "Filter": "((country_code)::text = '[us]'::text)", "Plans": [{"Node Type": "Bitmap Index Scan", "Parent Relationship": "Outer", "Index Name": "company_name_pkey", "Startup Cost": 0.0, "Total Cost": 0.26, "Plan Rows": 1, "Plan Width": 0, "Index Cond": "(id = mc.company_id)"}]}]}, {"Node Type": "Materialize", "Parent Relationship": "Inner", "Startup Cost": 0.0, "Total Cost": 1.04, "Plan Rows": 3, "Plan Width": 4, "Plans": [{"Node Type": "Seq Scan", "Parent Relationship": "Outer", "Relation Name": "company_type", "Alias": "ct", "Startup Cost": 0.0, "Total Cost": 1.03, "Plan Rows": 3, "Plan Width": 4}]}]}, {"Node Type": "Bitmap Heap Scan", "Parent Relationship": "Inner", "Relation Name": "movie_keyword", "Alias": "mk", "Startup Cost": 0.34, "Total Cost": 4.44, "Plan Rows": 8, "Plan Width": 8, "Recheck Cond": "(movie_id = mc.movie_id)", "Plans": [{"Node Type": "Bitmap Index Scan", "Parent Relationship": "Outer", "Index Name": "movie_id_movie_keyword", "Startup Cost": 0.0, "Total Cost": 0.34, "Plan Rows": 8, "Plan Width": 0, "Index Cond": "(movie_id = mc.movie_id)"}]}]}, {"Node Type": "Bitmap Heap Scan", "Parent Relationship": "Inner", "Relation Name": "keyword", "Alias": "k", "Startup Cost": 0.26, "Total Cost": 4.27, "Plan Rows": 1, "Plan Width": 4, "Recheck Cond": "(id = mk.keyword_id)", "Plans": [{"Node Type": "Bitmap Index Scan", "Parent Relationship": "Outer", "Index Name": "keyword_pkey", "Startup Cost": 0.0, "Total Cost": 0.26, "Plan Rows": 1, "Plan Width": 0, "Index Cond": "(id = mk.keyword_id)"}]}]}, {"Node Type": "Bitmap Heap Scan", "Parent Relationship": "Inner", "Relation Name": "title", "Alias": "t", "Startup Cost": 0.27, "Total Cost": 4.28, "Plan Rows": 1, "Plan Width": 21, "Recheck Cond": "(id = mk.movie_id)", "Filter": "(production_year > 1990)", "Plans": [{"Node Type": "Bitmap Index Scan", "Parent Relationship": "Outer", "Index Name": "title_pkey", "Startup Cost": 0.0, "Total Cost": 0.27, "Plan Rows": 1, "Plan Width": 0, "Index Cond": "(id = mk.movie_id)"}]}]}]}, "Unique SQL Id": 2846462052}, "explain_analyze_plan": {"Plan": {"Node Type": "Aggregate", "Strategy": "Plain", "Startup Cost": 70461.66, "Total Cost": 70461.67, "Plan Rows": 1, "Plan Width": 123, "Actual Min Startup Time": 342.925, "Actual Max Startup Time": 342.925, "Actual Min Total Time": 342.926, "Actual Max Total Time": 342.926, "Actual Total Rows": 1, "Plans": [{"Node Type": "Nested Loop", "Parent Relationship": "Outer", "Join Type": "Inner", "Startup Cost": 5.28, "Total Cost": 70461.0, "Plan Rows": 132, "Plan Width": 59, "Actual Min Startup Time": 311.565, "Actual Max Startup Time": 311.565, "Actual Min Total Time": 341.955, "Actual Max Total Time": 341.955, "Actual Total Rows": 1140, "Inner Unique": true, "Join Filter": "(at.movie_id = t.id)", "Rows Removed by Join Filter": 0, "Plans": [{"Node Type": "Nested Loop", "Parent Relationship": "Outer", "Join Type": "Inner", "Startup Cost": 5.01, "Total Cost": 70053.12, "Plan Rows": 95, "Plan Width": 58, "Actual Min Startup Time": 311.522, "Actual Max Startup Time": 311.522, "Actual Min Total Time": 335.54, "Actual Max Total Time": 335.54, "Actual Total Rows": 1140, "Inner Unique": true, "Plans": [{"Node Type": "Nested Loop", "Parent Relationship": "Outer", "Join Type": "Inner", "Startup Cost": 4.75, "Total Cost": 69637.93, "Plan Rows": 97, "Plan Width": 62, "Actual Min Startup Time": 311.494, "Actual Max Startup Time": 311.494, "Actual Min Total Time": 327.867, "Actual Max Total Time": 327.867, "Actual Total Rows": 1140, "Inner Unique": false, "Join Filter": "(at.movie_id = mk.movie_id)", "Rows Removed by Join Filter": 0, "Plans": [{"Node Type": "Nested Loop", "Parent Relationship": "Outer", "Join Type": "Inner", "Startup Cost": 4.42, "Total Cost": 69583.48, "Plan Rows": 12, "Plan Width": 54, "Actual Min Startup Time": 311.017, "Actual Max Startup Time": 311.017, "Actual Min Total Time": 325.869, "Actual Max Total Time": 325.869, "Actual Total Rows": 119, "Inner Unique": true, "Join Filter": "(mc.company_type_id = ct.id)", "Rows Removed by Join Filter": 495, "Plans": [{"Node Type": "Nested Loop", "Parent Relationship": "Outer", "Join Type": "Inner", "Startup Cost": 4.42, "Total Cost": 69581.9, "Plan Rows": 12, "Plan Width": 58, "Actual Min Startup Time": 310.953, "Actual Max Startup Time": 310.953, "Actual Min Total Time": 325.522, "Actual Max Total Time": 325.522, "Actual Total Rows": 284, "Inner Unique": true, "Plans": [{"Node Type": "Nested Loop", "Parent Relationship": "Outer", "Join Type": "Inner", "Startup Cost": 4.16, "Total Cost": 69496.23, "Plan Rows": 20, "Plan Width": 62, "Actual Min Startup Time": 310.92, "Actual Max Startup Time": 310.92, "Actual Min Total Time": 322.366, "Actual Max Total Time": 322.366, "Actual Total Rows": 400, "Inner Unique": false, "Plans": [{"Node Type": "Nested Loop", "Parent Relationship": "Outer", "Join Type": "Inner", "Startup Cost": 3.79, "Total Cost": 69456.49, "Plan Rows": 9, "Plan Width": 50, "Actual Min Startup Time": 310.826, "Actual Max Startup Time": 310.826, "Actual Min Total Time": 320.599, "Actual Max Total Time": 320.599, "Actual Total Rows": 120, "Inner Unique": false, "Plans": [{"Node Type": "Nested Loop", "Parent Relationship": "Outer", "Join Type": "Inner", "Startup Cost": 0.0, "Total Cost": 69393.85, "Plan Rows": 4, "Plan Width": 46, "Actual Min Startup Time": 310.518, "Actual Max Startup Time": 310.518, "Actual Min Total Time": 311.676, "Actual Max Total Time": 311.676, "Actual Total Rows": 1783, "Inner Unique": false, "Join Filter": "(it1.id = mi.info_type_id)", "Rows Removed by Join Filter": 0, "Plans": [{"Node Type": "Seq Scan", "Parent Relationship": "Outer", "Relation Name": "info_type", "Alias": "it1", "Startup Cost": 0.0, "Total Cost": 2.4, "Plan Rows": 1, "Plan Width": 4, "Actual Min Startup Time": 0.11, "Actual Max Startup Time": 0.11, "Actual Min Total Time": 0.137, "Actual Max Total Time": 0.137, "Actual Total Rows": 1, "Filter": "((info)::text = 'release dates'::text)", "Rows Removed by Filter": 111}, {"Node Type": "Materialize", "Parent Relationship": "Inner", "Startup Cost": 0.0, "Total Cost": 69388.9, "Plan Rows": 255, "Plan Width": 50, "Actual Min Startup Time": 310.372, "Actual Max Startup Time": 310.372, "Actual Min Total Time": 310.672, "Actual Max Total Time": 310.672, "Actual Total Rows": 1784, "Plans": [{"Node Type": "Streaming(type: LOCAL GATHER dop: 1/64)", "Parent Relationship": "Outer", "Startup Cost": 0.0, "Total Cost": 69388.27, "Plan Rows": 255, "Plan Width": 50, "Actual Min Startup Time": 208.045, "Actual Max Startup Time": 208.045, "Actual Min Total Time": 309.897, "Actual Max Total Time": 309.897, "Actual Total Rows": 1783, "Plans": [{"Node Type": "Seq Scan", "Parent Relationship": "Outer", "Relation Name": "movie_info", "Alias": "mi", "Startup Cost": 0.0, "Total Cost": 69383.01, "Plan Rows": 255, "Plan Width": 50, "Actual Min Startup Time": 20.912, "Actual Max Startup Time": 55.775, "Actual Min Total Time": 75.639, "Actual Max Total Time": 111.751, "Actual Total Rows": 1783, "Filter": "((info IS NOT NULL) AND ((note)::text ~~ '%internet%'::text) AND (((info)::text ~~ 'USA:% 199%'::text) OR ((info)::text ~~ 'USA:% 200%'::text)))", "Rows Removed by Filter": 14833936}]}]}]}, {"Node Type": "Bitmap Heap Scan", "Parent Relationship": "Inner", "Relation Name": "aka_title", "Alias": "at", "Startup Cost": 3.79, "Total Cost": 15.63, "Plan Rows": 3, "Plan Width": 4, "Actual Min Startup Time": 6.905, "Actual Max Startup Time": 6.905, "Actual Min Total Time": 7.037, "Actual Max Total Time": 7.037, "Actual Total Rows": 120, "Recheck Cond": "(movie_id = mi.movie_id)", "Rows Removed by Index Recheck": 0, "Exact Heap Blocks": 120, "Lossy Heap Blocks": 120, "Plans": [{"Node Type": "Bitmap Index Scan", "Parent Relationship": "Outer", "Index Name": "movie_id_aka_title", "Startup Cost": 0.0, "Total Cost": 3.79, "Plan Rows": 3, "Plan Width": 0, "Actual Min Startup Time": 5.758, "Actual Max Startup Time": 5.758, "Actual Min Total Time": 5.758, "Actual Max Total Time": 5.758, "Actual Total Rows": 120, "Index Cond": "(movie_id = mi.movie_id)"}]}]}, {"Node Type": "Bitmap Heap Scan", "Parent Relationship": "Inner", "Relation Name": "movie_companies", "Alias": "mc", "Startup Cost": 0.37, "Total Cost": 4.4, "Plan Rows": 2, "Plan Width": 12, "Actual Min Startup Time": 1.219, "Actual Max Startup Time": 1.219, "Actual Min Total Time": 1.467, "Actual Max Total Time": 1.467, "Actual Total Rows": 400, "Recheck Cond": "(movie_id = at.movie_id)", "Rows Removed by Index Recheck": 0, "Exact Heap Blocks": 214, "Lossy Heap Blocks": 214, "Plans": [{"Node Type": "Bitmap Index Scan", "Parent Relationship": "Outer", "Index Name": "movie_id_movie_companies", "Startup Cost": 0.0, "Total Cost": 0.37, "Plan Rows": 2, "Plan Width": 0, "Actual Min Startup Time": 0.754, "Actual Max Startup Time": 0.754, "Actual Min Total Time": 0.754, "Actual Max Total Time": 0.754, "Actual Total Rows": 400, "Index Cond": "(movie_id = at.movie_id)"}]}]}, {"Node Type": "Bitmap Heap Scan", "Parent Relationship": "Inner", "Relation Name": "company_name", "Alias": "cn", "Startup Cost": 0.26, "Total Cost": 4.27, "Plan Rows": 1, "Plan Width": 4, "Actual Min Startup Time": 2.592, "Actual Max Startup Time": 2.592, "Actual Min Total Time": 2.592, "Actual Max Total Time": 2.592, "Actual Total Rows": 284, "Recheck Cond": "(id = mc.company_id)", "Rows Removed by Index Recheck": 0, "Filter": "((country_code)::text = '[us]'::text)", "Rows Removed by Filter": 116, "Exact Heap Blocks": 400, "Lossy Heap Blocks": 400, "Plans": [{"Node Type": "Bitmap Index Scan", "Parent Relationship": "Outer", "Index Name": "company_name_pkey", "Startup Cost": 0.0, "Total Cost": 0.26, "Plan Rows": 1, "Plan Width": 0, "Actual Min Startup Time": 1.456, "Actual Max Startup Time": 1.456, "Actual Min Total Time": 1.456, "Actual Max Total Time": 1.456, "Actual Total Rows": 400, "Index Cond": "(id = mc.company_id)"}]}]}, {"Node Type": "Materialize", "Parent Relationship": "Inner", "Startup Cost": 0.0, "Total Cost": 1.04, "Plan Rows": 3, "Plan Width": 4, "Actual Min Startup Time": 0.051, "Actual Max Startup Time": 0.051, "Actual Min Total Time": 0.101, "Actual Max Total Time": 0.101, "Actual Total Rows": 614, "Plans": [{"Node Type": "Seq Scan", "Parent Relationship": "Outer", "Relation Name": "company_type", "Alias": "ct", "Startup Cost": 0.0, "Total Cost": 1.03, "Plan Rows": 3, "Plan Width": 4, "Actual Min Startup Time": 0.008, "Actual Max Startup Time": 0.008, "Actual Min Total Time": 0.01, "Actual Max Total Time": 0.01, "Actual Total Rows": 3}]}]}, {"Node Type": "Bitmap Heap Scan", "Parent Relationship": "Inner", "Relation Name": "movie_keyword", "Alias": "mk", "Startup Cost": 0.34, "Total Cost": 4.44, "Plan Rows": 8, "Plan Width": 8, "Actual Min Startup Time": 1.234, "Actual Max Startup Time": 1.234, "Actual Min Total Time": 1.413, "Actual Max Total Time": 1.413, "Actual Total Rows": 1140, "Recheck Cond": "(movie_id = mc.movie_id)", "Rows Removed by Index Recheck": 0, "Exact Heap Blocks": 91, "Lossy Heap Blocks": 91, "Plans": [{"Node Type": "Bitmap Index Scan", "Parent Relationship": "Outer", "Index Name": "movie_id_movie_keyword", "Startup Cost": 0.0, "Total Cost": 0.34, "Plan Rows": 8, "Plan Width": 0, "Actual Min Startup Time": 0.827, "Actual Max Startup Time": 0.827, "Actual Min Total Time": 0.827, "Actual Max Total Time": 0.827, "Actual Total Rows": 1140, "Index Cond": "(movie_id = mc.movie_id)"}]}]}, {"Node Type": "Bitmap Heap Scan", "Parent Relationship": "Inner", "Relation Name": "keyword", "Alias": "k", "Startup Cost": 0.26, "Total Cost": 4.27, "Plan Rows": 1, "Plan Width": 4, "Actual Min Startup Time": 6.046, "Actual Max Startup Time": 6.046, "Actual Min Total Time": 6.046, "Actual Max Total Time": 6.046, "Actual Total Rows": 1140, "Recheck Cond": "(id = mk.keyword_id)", "Rows Removed by Index Recheck": 0, "Exact Heap Blocks": 1140, "Lossy Heap Blocks": 1140, "Plans": [{"Node Type": "Bitmap Index Scan", "Parent Relationship": "Outer", "Index Name": "keyword_pkey", "Startup Cost": 0.0, "Total Cost": 0.26, "Plan Rows": 1, "Plan Width": 0, "Actual Min Startup Time": 3.737, "Actual Max Startup Time": 3.737, "Actual Min Total Time": 3.737, "Actual Max Total Time": 3.737, "Actual Total Rows": 1140, "Index Cond": "(id = mk.keyword_id)"}]}]}, {"Node Type": "Bitmap Heap Scan", "Parent Relationship": "Inner", "Relation Name": "title", "Alias": "t", "Startup Cost": 0.27, "Total Cost": 4.28, "Plan Rows": 1, "Plan Width": 21, "Actual Min Startup Time": 4.755, "Actual Max Startup Time": 4.755, "Actual Min Total Time": 4.755, "Actual Max Total Time": 4.755, "Actual Total Rows": 1140, "Recheck Cond": "(id = mk.movie_id)", "Rows Removed by Index Recheck": 0, "Filter": "(production_year > 1990)", "Rows Removed by Filter": 0, "Exact Heap Blocks": 1140, "Lossy Heap Blocks": 1140, "Plans": [{"Node Type": "Bitmap Index Scan", "Parent Relationship": "Outer", "Index Name": "title_pkey", "Startup Cost": 0.0, "Total Cost": 0.27, "Plan Rows": 1, "Plan Width": 0, "Actual Min Startup Time": 2.904, "Actual Max Startup Time": 2.904, "Actual Min Total Time": 2.904, "Actual Max Total Time": 2.904, "Actual Total Rows": 1140, "Index Cond": "(id = mk.movie_id)"}]}]}]}, "Triggers": [], "Planner Runtime": 197.506, "Total Runtime": 355.936, "Unique SQL Id": 2846462052}}, "(64, 35)": {"explain_plan": {"Plan": {"Node Type": "Aggregate", "Strategy": "Plain", "Startup Cost": 166073.69, "Total Cost": 166073.7, "Plan Rows": 1, "Plan Width": 123, "Plans": [{"Node Type": "Nested Loop", "Parent Relationship": "Outer", "Join Type": "Inner", "Startup Cost": 4855.81, "Total Cost": 166073.03, "Plan Rows": 132, "Plan Width": 59, "Inner Unique": true, "Join Filter": "(at.movie_id = t.id)", "Plans": [{"Node Type": "Nested Loop", "Parent Relationship": "Outer", "Join Type": "Inner", "Startup Cost": 4855.54, "Total Cost": 165665.15, "Plan Rows": 95, "Plan Width": 58, "Inner Unique": true, "Plans": [{"Node Type": "Nested Loop", "Parent Relationship": "Outer", "Join Type": "Inner", "Startup Cost": 4855.28, "Total Cost": 165249.97, "Plan Rows": 97, "Plan Width": 62, "Inner Unique": false, "Join Filter": "(at.movie_id = mk.movie_id)", "Plans": [{"Node Type": "Nested Loop", "Parent Relationship": "Outer", "Join Type": "Inner", "Startup Cost": 4854.95, "Total Cost": 165195.51, "Plan Rows": 12, "Plan Width": 54, "Inner Unique": true, "Plans": [{"Node Type": "Nested Loop", "Parent Relationship": "Outer", "Join Type": "Inner", "Startup Cost": 4854.69, "Total Cost": 165144.15, "Plan Rows": 12, "Plan Width": 58, "Inner Unique": true, "Plans": [{"Node Type": "Nested Loop", "Parent Relationship": "Outer", "Join Type": "Inner", "Startup Cost": 4854.43, "Total Cost": 165058.48, "Plan Rows": 20, "Plan Width": 62, "Inner Unique": false, "Plans": [{"Node Type": "Nested Loop", "Parent Relationship": "Outer", "Join Type": "Inner", "Startup Cost": 4854.06, "Total Cost": 165018.73, "Plan Rows": 9, "Plan Width": 50, "Inner Unique": false, "Plans": [{"Node Type": "Nested Loop", "Parent Relationship": "Outer", "Join Type": "Inner", "Startup Cost": 4850.27, "Total Cost": 164956.1, "Plan Rows": 4, "Plan Width": 46, "Inner Unique": false, "Plans": [{"Node Type": "Bitmap Heap Scan", "Parent Relationship": "Outer", "Relation Name": "info_type", "Alias": "it1", "Startup Cost": 8.81, "Total Cost": 14.21, "Plan Rows": 1, "Plan Width": 4, "Filter": "((info)::text = 'release dates'::text)", "Plans": [{"Node Type": "Bitmap Index Scan", "Parent Relationship": "Outer", "Index Name": "info_type_pkey", "Startup Cost": 0.0, "Total Cost": 8.81, "Plan Rows": 112, "Plan Width": 0}]}, {"Node Type": "Bitmap Heap Scan", "Parent Relationship": "Inner", "Relation Name": "movie_info", "Alias": "mi", "Startup Cost": 4841.46, "Total Cost": 164941.85, "Plan Rows": 4, "Plan Width": 50, "Recheck Cond": "(info_type_id = it1.id)", "Filter": "((info IS NOT NULL) AND ((note)::text ~~ '%internet%'::text) AND (((info)::text ~~ 'USA:% 199%'::text) OR ((info)::text ~~ 'USA:% 200%'::text)))", "Plans": [{"Node Type": "Bitmap Index Scan", "Parent Relationship": "Outer", "Index Name": "info_type_id_movie_info", "Startup Cost": 0.0, "Total Cost": 4841.46, "Plan Rows": 212428, "Plan Width": 0, "Index Cond": "(info_type_id = it1.id)"}]}]}, {"Node Type": "Bitmap Heap Scan", "Parent Relationship": "Inner", "Relation Name": "aka_title", "Alias": "at", "Startup Cost": 3.79, "Total Cost": 15.63, "Plan Rows": 3, "Plan Width": 4, "Recheck Cond": "(movie_id = mi.movie_id)", "Plans": [{"Node Type": "Bitmap Index Scan", "Parent Relationship": "Outer", "Index Name": "movie_id_aka_title", "Startup Cost": 0.0, "Total Cost": 3.79, "Plan Rows": 3, "Plan Width": 0, "Index Cond": "(movie_id = mi.movie_id)"}]}]}, {"Node Type": "Bitmap Heap Scan", "Parent Relationship": "Inner", "Relation Name": "movie_companies", "Alias": "mc", "Startup Cost": 0.37, "Total Cost": 4.4, "Plan Rows": 2, "Plan Width": 12, "Recheck Cond": "(movie_id = at.movie_id)", "Plans": [{"Node Type": "Bitmap Index Scan", "Parent Relationship": "Outer", "Index Name": "movie_id_movie_companies", "Startup Cost": 0.0, "Total Cost": 0.37, "Plan Rows": 2, "Plan Width": 0, "Index Cond": "(movie_id = at.movie_id)"}]}]}, {"Node Type": "Bitmap Heap Scan", "Parent Relationship": "Inner", "Relation Name": "company_name", "Alias": "cn", "Startup Cost": 0.26, "Total Cost": 4.27, "Plan Rows": 1, "Plan Width": 4, "Recheck Cond": "(id = mc.company_id)", "Filter": "((country_code)::text = '[us]'::text)", "Plans": [{"Node Type": "Bitmap Index Scan", "Parent Relationship": "Outer", "Index Name": "company_name_pkey", "Startup Cost": 0.0, "Total Cost": 0.26, "Plan Rows": 1, "Plan Width": 0, "Index Cond": "(id = mc.company_id)"}]}]}, {"Node Type": "Bitmap Heap Scan", "Parent Relationship": "Inner", "Relation Name": "company_type", "Alias": "ct", "Startup Cost": 0.26, "Total Cost": 4.27, "Plan Rows": 1, "Plan Width": 4, "Recheck Cond": "(id = mc.company_type_id)", "Plans": [{"Node Type": "Bitmap Index Scan", "Parent Relationship": "Outer", "Index Name": "company_type_pkey", "Startup Cost": 0.0, "Total Cost": 0.26, "Plan Rows": 1, "Plan Width": 0, "Index Cond": "(id = mc.company_type_id)"}]}]}, {"Node Type": "Bitmap Heap Scan", "Parent Relationship": "Inner", "Relation Name": "movie_keyword", "Alias": "mk", "Startup Cost": 0.34, "Total Cost": 4.44, "Plan Rows": 8, "Plan Width": 8, "Recheck Cond": "(movie_id = mc.movie_id)", "Plans": [{"Node Type": "Bitmap Index Scan", "Parent Relationship": "Outer", "Index Name": "movie_id_movie_keyword", "Startup Cost": 0.0, "Total Cost": 0.34, "Plan Rows": 8, "Plan Width": 0, "Index Cond": "(movie_id = mc.movie_id)"}]}]}, {"Node Type": "Bitmap Heap Scan", "Parent Relationship": "Inner", "Relation Name": "keyword", "Alias": "k", "Startup Cost": 0.26, "Total Cost": 4.27, "Plan Rows": 1, "Plan Width": 4, "Recheck Cond": "(id = mk.keyword_id)", "Plans": [{"Node Type": "Bitmap Index Scan", "Parent Relationship": "Outer", "Index Name": "keyword_pkey", "Startup Cost": 0.0, "Total Cost": 0.26, "Plan Rows": 1, "Plan Width": 0, "Index Cond": "(id = mk.keyword_id)"}]}]}, {"Node Type": "Bitmap Heap Scan", "Parent Relationship": "Inner", "Relation Name": "title", "Alias": "t", "Startup Cost": 0.27, "Total Cost": 4.28, "Plan Rows": 1, "Plan Width": 21, "Recheck Cond": "(id = mk.movie_id)", "Filter": "(production_year > 1990)", "Plans": [{"Node Type": "Bitmap Index Scan", "Parent Relationship": "Outer", "Index Name": "title_pkey", "Startup Cost": 0.0, "Total Cost": 0.27, "Plan Rows": 1, "Plan Width": 0, "Index Cond": "(id = mk.movie_id)"}]}]}]}, "Unique SQL Id": 2846462052}, "explain_analyze_plan": null}, "(64, 36)": {"explain_plan": {"Plan": {"Node Type": "Aggregate", "Strategy": "Plain", "Startup Cost": 69485.14, "Total Cost": 69485.15, "Plan Rows": 1, "Plan Width": 123, "Plans": [{"Node Type": "Nested Loop", "Parent Relationship": "Outer", "Join Type": "Inner", "Startup Cost": 0.0, "Total Cost": 69484.48, "Plan Rows": 132, "Plan Width": 59, "Inner Unique": true, "Plans": [{"Node Type": "Nested Loop", "Parent Relationship": "Outer", "Join Type": "Inner", "Startup Cost": 0.0, "Total Cost": 69446.87, "Plan Rows": 134, "Plan Width": 63, "Inner Unique": false, "Join Filter": "(t.id = mk.movie_id)", "Plans": [{"Node Type": "Nested Loop", "Parent Relationship": "Outer", "Join Type": "Inner", "Startup Cost": 0.0, "Total Cost": 69437.31, "Plan Rows": 17, "Plan Width": 75, "Inner Unique": false, "Plans": [{"Node Type": "Nested Loop", "Parent Relationship": "Outer", "Join Type": "Inner", "Startup Cost": 0.0, "Total Cost": 69433.75, "Plan Rows": 10, "Plan Width": 71, "Inner Unique": true, "Plans": [{"Node Type": "Nested Loop", "Parent Relationship": "Outer", "Join Type": "Inner", "Startup Cost": 0.0, "Total Cost": 69430.58, "Plan Rows": 11, "Plan Width": 75, "Inner Unique": true, "Join Filter": "(mc.company_type_id = ct.id)", "Plans": [{"Node Type": "Nested Loop", "Parent Relationship": "Outer", "Join Type": "Inner", "Startup Cost": 0.0, "Total Cost": 69429.0, "Plan Rows": 12, "Plan Width": 79, "Inner Unique": false, "Plans": [{"Node Type": "Nested Loop", "Parent Relationship": "Outer", "Join Type": "Inner", "Startup Cost": 0.0, "Total Cost": 69426.8, "Plan Rows": 6, "Plan Width": 67, "Inner Unique": true, "Plans": [{"Node Type": "Nested Loop", "Parent Relationship": "Outer", "Join Type": "Inner", "Startup Cost": 0.0, "Total Cost": 69393.85, "Plan Rows": 4, "Plan Width": 46, "Inner Unique": false, "Join Filter": "(it1.id = mi.info_type_id)", "Plans": [{"Node Type": "Seq Scan", "Parent Relationship": "Outer", "Relation Name": "info_type", "Alias": "it1", "Startup Cost": 0.0, "Total Cost": 2.4, "Plan Rows": 1, "Plan Width": 4, "Filter": "((info)::text = 'release dates'::text)"}, {"Node Type": "Materialize", "Parent Relationship": "Inner", "Startup Cost": 0.0, "Total Cost": 69388.9, "Plan Rows": 255, "Plan Width": 50, "Plans": [{"Node Type": "Streaming(type: LOCAL GATHER dop: 1/64)", "Parent Relationship": "Outer", "Startup Cost": 0.0, "Total Cost": 69388.27, "Plan Rows": 255, "Plan Width": 50, "Plans": [{"Node Type": "Seq Scan", "Parent Relationship": "Outer", "Relation Name": "movie_info", "Alias": "mi", "Startup Cost": 0.0, "Total Cost": 69383.01, "Plan Rows": 255, "Plan Width": 50, "Filter": "((info IS NOT NULL) AND ((note)::text ~~ '%internet%'::text) AND (((info)::text ~~ 'USA:% 199%'::text) OR ((info)::text ~~ 'USA:% 200%'::text)))"}]}]}]}, {"Node Type": "Index Scan", "Parent Relationship": "Inner", "Scan Direction": "Forward", "Index Name": "title_pkey", "Relation Name": "title", "Alias": "t", "Startup Cost": 0.0, "Total Cost": 8.23, "Plan Rows": 1, "Plan Width": 21, "Index Cond": "(id = mi.movie_id)", "Filter": "(production_year > 1990)"}]}, {"Node Type": "Index Scan", "Parent Relationship": "Inner", "Scan Direction": "Forward", "Index Name": "movie_id_movie_companies", "Relation Name": "movie_companies", "Alias": "mc", "Startup Cost": 0.0, "Total Cost": 0.35, "Plan Rows": 2, "Plan Width": 12, "Index Cond": "(movie_id = t.id)"}]}, {"Node Type": "Materialize", "Parent Relationship": "Inner", "Startup Cost": 0.0, "Total Cost": 1.04, "Plan Rows": 3, "Plan Width": 4, "Plans": [{"Node Type": "Seq Scan", "Parent Relationship": "Outer", "Relation Name": "company_type", "Alias": "ct", "Startup Cost": 0.0, "Total Cost": 1.03, "Plan Rows": 3, "Plan Width": 4}]}]}, {"Node Type": "Index Scan", "Parent Relationship": "Inner", "Scan Direction": "Forward", "Index Name": "company_name_pkey", "Relation Name": "company_name", "Alias": "cn", "Startup Cost": 0.0, "Total Cost": 0.28, "Plan Rows": 1, "Plan Width": 4, "Index Cond": "(id = mc.company_id)", "Filter": "((country_code)::text = '[us]'::text)"}]}, {"Node Type": "Index Scan", "Parent Relationship": "Inner", "Scan Direction": "Forward", "Index Name": "movie_id_aka_title", "Relation Name": "aka_title", "Alias": "at", "Startup Cost": 0.0, "Total Cost": 0.33, "Plan Rows": 3, "Plan Width": 4, "Index Cond": "(movie_id = t.id)"}]}, {"Node Type": "Index Scan", "Parent Relationship": "Inner", "Scan Direction": "Forward", "Index Name": "movie_id_movie_keyword", "Relation Name": "movie_keyword", "Alias": "mk", "Startup Cost": 0.0, "Total Cost": 0.46, "Plan Rows": 8, "Plan Width": 8, "Index Cond": "(movie_id = mc.movie_id)"}]}, {"Node Type": "Index Scan", "Parent Relationship": "Inner", "Scan Direction": "Forward", "Index Name": "keyword_pkey", "Relation Name": "keyword", "Alias": "k", "Startup Cost": 0.0, "Total Cost": 0.27, "Plan Rows": 1, "Plan Width": 4, "Index Cond": "(id = mk.keyword_id)"}]}]}, "Unique SQL Id": 2846462052}, "explain_analyze_plan": {"Plan": {"Node Type": "Aggregate", "Strategy": "Plain", "Startup Cost": 69485.14, "Total Cost": 69485.15, "Plan Rows": 1, "Plan Width": 123, "Actual Min Startup Time": 227.042, "Actual Max Startup Time": 227.042, "Actual Min Total Time": 227.042, "Actual Max Total Time": 227.042, "Actual Total Rows": 1, "Plans": [{"Node Type": "Nested Loop", "Parent Relationship": "Outer", "Join Type": "Inner", "Startup Cost": 0.0, "Total Cost": 69484.48, "Plan Rows": 132, "Plan Width": 59, "Actual Min Startup Time": 177.541, "Actual Max Startup Time": 177.541, "Actual Min Total Time": 226.263, "Actual Max Total Time": 226.263, "Actual Total Rows": 1140, "Inner Unique": true, "Plans": [{"Node Type": "Nested Loop", "Parent Relationship": "Outer", "Join Type": "Inner", "Startup Cost": 0.0, "Total Cost": 69446.87, "Plan Rows": 134, "Plan Width": 63, "Actual Min Startup Time": 177.527, "Actual Max Startup Time": 177.527, "Actual Min Total Time": 221.342, "Actual Max Total Time": 221.342, "Actual Total Rows": 1140, "Inner Unique": false, "Join Filter": "(t.id = mk.movie_id)", "Rows Removed by Join Filter": 0, "Plans": [{"Node Type": "Nested Loop", "Parent Relationship": "Outer", "Join Type": "Inner", "Startup Cost": 0.0, "Total Cost": 69437.31, "Plan Rows": 17, "Plan Width": 75, "Actual Min Startup Time": 176.958, "Actual Max Startup Time": 176.958, "Actual Min Total Time": 219.649, "Actual Max Total Time": 219.649, "Actual Total Rows": 119, "Inner Unique": false, "Plans": [{"Node Type": "Nested Loop", "Parent Relationship": "Outer", "Join Type": "Inner", "Startup Cost": 0.0, "Total Cost": 69433.75, "Plan Rows": 10, "Plan Width": 71, "Actual Min Startup Time": 176.437, "Actual Max Startup Time": 176.437, "Actual Min Total Time": 213.323, "Actual Max Total Time": 213.323, "Actual Total Rows": 1488, "Inner Unique": true, "Plans": [{"Node Type": "Nested Loop", "Parent Relationship": "Outer", "Join Type": "Inner", "Startup Cost": 0.0, "Total Cost": 69430.58, "Plan Rows": 11, "Plan Width": 75, "Actual Min Startup Time": 176.416, "Actual Max Startup Time": 176.416, "Actual Min Total Time": 204.615, "Actual Max Total Time": 204.615, "Actual Total Rows": 1599, "Inner Unique": true, "Join Filter": "(mc.company_type_id = ct.id)", "Rows Removed by Join Filter": 3855, "Plans": [{"Node Type": "Nested Loop", "Parent Relationship": "Outer", "Join Type": "Inner", "Startup Cost": 0.0, "Total Cost": 69429.0, "Plan Rows": 12, "Plan Width": 79, "Actual Min Startup Time": 176.396, "Actual Max Startup Time": 176.396, "Actual Min Total Time": 202.126, "Actual Max Total Time": 202.126, "Actual Total Rows": 2884, "Inner Unique": false, "Plans": [{"Node Type": "Nested Loop", "Parent Relationship": "Outer", "Join Type": "Inner", "Startup Cost": 0.0, "Total Cost": 69426.8, "Plan Rows": 6, "Plan Width": 67, "Actual Min Startup Time": 176.36, "Actual Max Startup Time": 176.36, "Actual Min Total Time": 190.043, "Actual Max Total Time": 190.043, "Actual Total Rows": 1782, "Inner Unique": true, "Plans": [{"Node Type": "Nested Loop", "Parent Relationship": "Outer", "Join Type": "Inner", "Startup Cost": 0.0, "Total Cost": 69393.85, "Plan Rows": 4, "Plan Width": 46, "Actual Min Startup Time": 176.323, "Actual Max Startup Time": 176.323, "Actual Min Total Time": 177.456, "Actual Max Total Time": 177.456, "Actual Total Rows": 1783, "Inner Unique": false, "Join Filter": "(it1.id = mi.info_type_id)", "Rows Removed by Join Filter": 0, "Plans": [{"Node Type": "Seq Scan", "Parent Relationship": "Outer", "Relation Name": "info_type", "Alias": "it1", "Startup Cost": 0.0, "Total Cost": 2.4, "Plan Rows": 1, "Plan Width": 4, "Actual Min Startup Time": 0.063, "Actual Max Startup Time": 0.063, "Actual Min Total Time": 0.092, "Actual Max Total Time": 0.092, "Actual Total Rows": 1, "Filter": "((info)::text = 'release dates'::text)", "Rows Removed by Filter": 111}, {"Node Type": "Materialize", "Parent Relationship": "Inner", "Startup Cost": 0.0, "Total Cost": 69388.9, "Plan Rows": 255, "Plan Width": 50, "Actual Min Startup Time": 176.233, "Actual Max Startup Time": 176.233, "Actual Min Total Time": 176.514, "Actual Max Total Time": 176.514, "Actual Total Rows": 1784, "Plans": [{"Node Type": "Streaming(type: LOCAL GATHER dop: 1/64)", "Parent Relationship": "Outer", "Startup Cost": 0.0, "Total Cost": 69388.27, "Plan Rows": 255, "Plan Width": 50, "Actual Min Startup Time": 134.737, "Actual Max Startup Time": 134.737, "Actual Min Total Time": 175.88, "Actual Max Total Time": 175.88, "Actual Total Rows": 1783, "Plans": [{"Node Type": "Seq Scan", "Parent Relationship": "Outer", "Relation Name": "movie_info", "Alias": "mi", "Startup Cost": 0.0, "Total Cost": 69383.01, "Plan Rows": 255, "Plan Width": 50, "Actual Min Startup Time": 20.104, "Actual Max Startup Time": 28.337, "Actual Min Total Time": 71.484, "Actual Max Total Time": 81.972, "Actual Total Rows": 1783, "Filter": "((info IS NOT NULL) AND ((note)::text ~~ '%internet%'::text) AND (((info)::text ~~ 'USA:% 199%'::text) OR ((info)::text ~~ 'USA:% 200%'::text)))", "Rows Removed by Filter": 14833936}]}]}]}, {"Node Type": "Index Scan", "Parent Relationship": "Inner", "Scan Direction": "Forward", "Index Name": "title_pkey", "Relation Name": "title", "Alias": "t", "Startup Cost": 0.0, "Total Cost": 8.23, "Plan Rows": 1, "Plan Width": 21, "Actual Min Startup Time": 11.109, "Actual Max Startup Time": 11.109, "Actual Min Total Time": 11.109, "Actual Max Total Time": 11.109, "Actual Total Rows": 1782, "Index Cond": "(id = mi.movie_id)", "Rows Removed by Index Recheck": 0, "Filter": "(production_year > 1990)", "Rows Removed by Filter": 1}]}, {"Node Type": "Index Scan", "Parent Relationship": "Inner", "Scan Direction": "Forward", "Index Name": "movie_id_movie_companies", "Relation Name": "movie_companies", "Alias": "mc", "Startup Cost": 0.0, "Total Cost": 0.35, "Plan Rows": 2, "Plan Width": 12, "Actual Min Startup Time": 8.343, "Actual Max Startup Time": 8.343, "Actual Min Total Time": 10.511, "Actual Max Total Time": 10.511, "Actual Total Rows": 2884, "Index Cond": "(movie_id = t.id)", "Rows Removed by Index Recheck": 0}]}, {"Node Type": "Materialize", "Parent Relationship": "Inner", "Startup Cost": 0.0, "Total Cost": 1.04, "Plan Rows": 3, "Plan Width": 4, "Actual Min Startup Time": 0.286, "Actual Max Startup Time": 0.286, "Actual Min Total Time": 0.644, "Actual Max Total Time": 0.644, "Actual Total Rows": 5454, "Plans": [{"Node Type": "Seq Scan", "Parent Relationship": "Outer", "Relation Name": "company_type", "Alias": "ct", "Startup Cost": 0.0, "Total Cost": 1.03, "Plan Rows": 3, "Plan Width": 4, "Actual Min Startup Time": 0.007, "Actual Max Startup Time": 0.007, "Actual Min Total Time": 0.008, "Actual Max Total Time": 0.008, "Actual Total Rows": 3}]}]}, {"Node Type": "Index Scan", "Parent Relationship": "Inner", "Scan Direction": "Forward", "Index Name": "company_name_pkey", "Relation Name": "company_name", "Alias": "cn", "Startup Cost": 0.0, "Total Cost": 0.28, "Plan Rows": 1, "Plan Width": 4, "Actual Min Startup Time": 7.454, "Actual Max Startup Time": 7.454, "Actual Min Total Time": 7.454, "Actual Max Total Time": 7.454, "Actual Total Rows": 1488, "Index Cond": "(id = mc.company_id)", "Rows Removed by Index Recheck": 0, "Filter": "((country_code)::text = '[us]'::text)", "Rows Removed by Filter": 111}]}, {"Node Type": "Index Scan", "Parent Relationship": "Inner", "Scan Direction": "Forward", "Index Name": "movie_id_aka_title", "Relation Name": "aka_title", "Alias": "at", "Startup Cost": 0.0, "Total Cost": 0.33, "Plan Rows": 3, "Plan Width": 4, "Actual Min Startup Time": 5.351, "Actual Max Startup Time": 5.351, "Actual Min Total Time": 5.446, "Actual Max Total Time": 5.446, "Actual Total Rows": 119, "Index Cond": "(movie_id = t.id)", "Rows Removed by Index Recheck": 0}]}, {"Node Type": "Index Scan", "Parent Relationship": "Inner", "Scan Direction": "Forward", "Index Name": "movie_id_movie_keyword", "Relation Name": "movie_keyword", "Alias": "mk", "Startup Cost": 0.0, "Total Cost": 0.46, "Plan Rows": 8, "Plan Width": 8, "Actual Min Startup Time": 0.622, "Actual Max Startup Time": 0.622, "Actual Min Total Time": 1.168, "Actual Max Total Time": 1.168, "Actual Total Rows": 1140, "Index Cond": "(movie_id = mc.movie_id)", "Rows Removed by Index Recheck": 0}]}, {"Node Type": "Index Scan", "Parent Relationship": "Inner", "Scan Direction": "Forward", "Index Name": "keyword_pkey", "Relation Name": "keyword", "Alias": "k", "Startup Cost": 0.0, "Total Cost": 0.27, "Plan Rows": 1, "Plan Width": 4, "Actual Min Startup Time": 4.029, "Actual Max Startup Time": 4.029, "Actual Min Total Time": 4.029, "Actual Max Total Time": 4.029, "Actual Total Rows": 1140, "Index Cond": "(id = mk.keyword_id)", "Rows Removed by Index Recheck": 0}]}]}, "Triggers": [], "Planner Runtime": 117.577, "Total Runtime": 238.629, "Unique SQL Id": 2846462052}}, "(64, 37)": {"explain_plan": {"Plan": {"Node Type": "Aggregate", "Strategy": "Plain", "Startup Cost": 165048.9, "Total Cost": 165048.91, "Plan Rows": 1, "Plan Width": 123, "Plans": [{"Node Type": "Nested Loop", "Parent Relationship": "Outer", "Join Type": "Inner", "Startup Cost": 4841.46, "Total Cost": 165048.24, "Plan Rows": 132, "Plan Width": 59, "Inner Unique": true, "Plans": [{"Node Type": "Nested Loop", "Parent Relationship": "Outer", "Join Type": "Inner", "Startup Cost": 4841.46, "Total Cost": 165010.63, "Plan Rows": 134, "Plan Width": 63, "Inner Unique": false, "Join Filter": "(t.id = mk.movie_id)", "Plans": [{"Node Type": "Nested Loop", "Parent Relationship": "Outer", "Join Type": "Inner", "Startup Cost": 4841.46, "Total Cost": 165001.07, "Plan Rows": 17, "Plan Width": 75, "Inner Unique": false, "Plans": [{"Node Type": "Nested Loop", "Parent Relationship": "Outer", "Join Type": "Inner", "Startup Cost": 4841.46, "Total Cost": 164997.5, "Plan Rows": 10, "Plan Width": 71, "Inner Unique": true, "Plans": [{"Node Type": "Nested Loop", "Parent Relationship": "Outer", "Join Type": "Inner", "Startup Cost": 4841.46, "Total Cost": 164994.7, "Plan Rows": 10, "Plan Width": 75, "Inner Unique": true, "Plans": [{"Node Type": "Nested Loop", "Parent Relationship": "Outer", "Join Type": "Inner", "Startup Cost": 4841.46, "Total Cost": 164991.25, "Plan Rows": 12, "Plan Width": 79, "Inner Unique": false, "Plans": [{"Node Type": "Nested Loop", "Parent Relationship": "Outer", "Join Type": "Inner", "Startup Cost": 4841.46, "Total Cost": 164989.04, "Plan Rows": 6, "Plan Width": 67, "Inner Unique": true, "Plans": [{"Node Type": "Nested Loop", "Parent Relationship": "Outer", "Join Type": "Inner", "Startup Cost": 4841.46, "Total Cost": 164956.1, "Plan Rows": 4, "Plan Width": 46, "Inner Unique": false, "Plans": [{"Node Type": "Index Scan", "Parent Relationship": "Outer", "Scan Direction": "Forward", "Index Name": "info_type_pkey", "Relation Name": "info_type", "Alias": "it1", "Startup Cost": 0.0, "Total Cost": 14.21, "Plan Rows": 1, "Plan Width": 4, "Filter": "((info)::text = 'release dates'::text)"}, {"Node Type": "Bitmap Heap Scan", "Parent Relationship": "Inner", "Relation Name": "movie_info", "Alias": "mi", "Startup Cost": 4841.46, "Total Cost": 164941.85, "Plan Rows": 4, "Plan Width": 50, "Recheck Cond": "(info_type_id = it1.id)", "Filter": "((info IS NOT NULL) AND ((note)::text ~~ '%internet%'::text) AND (((info)::text ~~ 'USA:% 199%'::text) OR ((info)::text ~~ 'USA:% 200%'::text)))", "Plans": [{"Node Type": "Bitmap Index Scan", "Parent Relationship": "Outer", "Index Name": "info_type_id_movie_info", "Startup Cost": 0.0, "Total Cost": 4841.46, "Plan Rows": 212428, "Plan Width": 0, "Index Cond": "(info_type_id = it1.id)"}]}]}, {"Node Type": "Index Scan", "Parent Relationship": "Inner", "Scan Direction": "Forward", "Index Name": "title_pkey", "Relation Name": "title", "Alias": "t", "Startup Cost": 0.0, "Total Cost": 8.23, "Plan Rows": 1, "Plan Width": 21, "Index Cond": "(id = mi.movie_id)", "Filter": "(production_year > 1990)"}]}, {"Node Type": "Index Scan", "Parent Relationship": "Inner", "Scan Direction": "Forward", "Index Name": "movie_id_movie_companies", "Relation Name": "movie_companies", "Alias": "mc", "Startup Cost": 0.0, "Total Cost": 0.35, "Plan Rows": 2, "Plan Width": 12, "Index Cond": "(movie_id = t.id)"}]}, {"Node Type": "Index Scan", "Parent Relationship": "Inner", "Scan Direction": "Forward", "Index Name": "company_name_pkey", "Relation Name": "company_name", "Alias": "cn", "Startup Cost": 0.0, "Total Cost": 0.28, "Plan Rows": 1, "Plan Width": 4, "Index Cond": "(id = mc.company_id)", "Filter": "((country_code)::text = '[us]'::text)"}]}, {"Node Type": "Index Scan", "Parent Relationship": "Inner", "Scan Direction": "Forward", "Index Name": "company_type_pkey", "Relation Name": "company_type", "Alias": "ct", "Startup Cost": 0.0, "Total Cost": 0.27, "Plan Rows": 1, "Plan Width": 4, "Index Cond": "(id = mc.company_type_id)"}]}, {"Node Type": "Index Scan", "Parent Relationship": "Inner", "Scan Direction": "Forward", "Index Name": "movie_id_aka_title", "Relation Name": "aka_title", "Alias": "at", "Startup Cost": 0.0, "Total Cost": 0.33, "Plan Rows": 3, "Plan Width": 4, "Index Cond": "(movie_id = t.id)"}]}, {"Node Type": "Index Scan", "Parent Relationship": "Inner", "Scan Direction": "Forward", "Index Name": "movie_id_movie_keyword", "Relation Name": "movie_keyword", "Alias": "mk", "Startup Cost": 0.0, "Total Cost": 0.46, "Plan Rows": 8, "Plan Width": 8, "Index Cond": "(movie_id = mc.movie_id)"}]}, {"Node Type": "Index Scan", "Parent Relationship": "Inner", "Scan Direction": "Forward", "Index Name": "keyword_pkey", "Relation Name": "keyword", "Alias": "k", "Startup Cost": 0.0, "Total Cost": 0.27, "Plan Rows": 1, "Plan Width": 4, "Index Cond": "(id = mk.keyword_id)"}]}]}, "Unique SQL Id": 2846462052}, "explain_analyze_plan": null}, "(64, 38)": {"explain_plan": {"Plan": {"Node Type": "Aggregate", "Strategy": "Plain", "Startup Cost": 70461.66, "Total Cost": 70461.67, "Plan Rows": 1, "Plan Width": 123, "Plans": [{"Node Type": "Nested Loop", "Parent Relationship": "Outer", "Join Type": "Inner", "Startup Cost": 5.28, "Total Cost": 70461.0, "Plan Rows": 132, "Plan Width": 59, "Inner Unique": true, "Join Filter": "(at.movie_id = t.id)", "Plans": [{"Node Type": "Nested Loop", "Parent Relationship": "Outer", "Join Type": "Inner", "Startup Cost": 5.01, "Total Cost": 70053.12, "Plan Rows": 95, "Plan Width": 58, "Inner Unique": true, "Plans": [{"Node Type": "Nested Loop", "Parent Relationship": "Outer", "Join Type": "Inner", "Startup Cost": 4.75, "Total Cost": 69637.93, "Plan Rows": 97, "Plan Width": 62, "Inner Unique": false, "Join Filter": "(at.movie_id = mk.movie_id)", "Plans": [{"Node Type": "Nested Loop", "Parent Relationship": "Outer", "Join Type": "Inner", "Startup Cost": 4.42, "Total Cost": 69583.48, "Plan Rows": 12, "Plan Width": 54, "Inner Unique": true, "Join Filter": "(mc.company_type_id = ct.id)", "Plans": [{"Node Type": "Nested Loop", "Parent Relationship": "Outer", "Join Type": "Inner", "Startup Cost": 4.42, "Total Cost": 69581.9, "Plan Rows": 12, "Plan Width": 58, "Inner Unique": true, "Plans": [{"Node Type": "Nested Loop", "Parent Relationship": "Outer", "Join Type": "Inner", "Startup Cost": 4.16, "Total Cost": 69496.23, "Plan Rows": 20, "Plan Width": 62, "Inner Unique": false, "Plans": [{"Node Type": "Nested Loop", "Parent Relationship": "Outer", "Join Type": "Inner", "Startup Cost": 3.79, "Total Cost": 69456.49, "Plan Rows": 9, "Plan Width": 50, "Inner Unique": false, "Plans": [{"Node Type": "Nested Loop", "Parent Relationship": "Outer", "Join Type": "Inner", "Startup Cost": 0.0, "Total Cost": 69393.85, "Plan Rows": 4, "Plan Width": 46, "Inner Unique": false, "Join Filter": "(it1.id = mi.info_type_id)", "Plans": [{"Node Type": "Seq Scan", "Parent Relationship": "Outer", "Relation Name": "info_type", "Alias": "it1", "Startup Cost": 0.0, "Total Cost": 2.4, "Plan Rows": 1, "Plan Width": 4, "Filter": "((info)::text = 'release dates'::text)"}, {"Node Type": "Materialize", "Parent Relationship": "Inner", "Startup Cost": 0.0, "Total Cost": 69388.9, "Plan Rows": 255, "Plan Width": 50, "Plans": [{"Node Type": "Streaming(type: LOCAL GATHER dop: 1/64)", "Parent Relationship": "Outer", "Startup Cost": 0.0, "Total Cost": 69388.27, "Plan Rows": 255, "Plan Width": 50, "Plans": [{"Node Type": "Seq Scan", "Parent Relationship": "Outer", "Relation Name": "movie_info", "Alias": "mi", "Startup Cost": 0.0, "Total Cost": 69383.01, "Plan Rows": 255, "Plan Width": 50, "Filter": "((info IS NOT NULL) AND ((note)::text ~~ '%internet%'::text) AND (((info)::text ~~ 'USA:% 199%'::text) OR ((info)::text ~~ 'USA:% 200%'::text)))"}]}]}]}, {"Node Type": "Bitmap Heap Scan", "Parent Relationship": "Inner", "Relation Name": "aka_title", "Alias": "at", "Startup Cost": 3.79, "Total Cost": 15.63, "Plan Rows": 3, "Plan Width": 4, "Recheck Cond": "(movie_id = mi.movie_id)", "Plans": [{"Node Type": "Bitmap Index Scan", "Parent Relationship": "Outer", "Index Name": "movie_id_aka_title", "Startup Cost": 0.0, "Total Cost": 3.79, "Plan Rows": 3, "Plan Width": 0, "Index Cond": "(movie_id = mi.movie_id)"}]}]}, {"Node Type": "Bitmap Heap Scan", "Parent Relationship": "Inner", "Relation Name": "movie_companies", "Alias": "mc", "Startup Cost": 0.37, "Total Cost": 4.4, "Plan Rows": 2, "Plan Width": 12, "Recheck Cond": "(movie_id = at.movie_id)", "Plans": [{"Node Type": "Bitmap Index Scan", "Parent Relationship": "Outer", "Index Name": "movie_id_movie_companies", "Startup Cost": 0.0, "Total Cost": 0.37, "Plan Rows": 2, "Plan Width": 0, "Index Cond": "(movie_id = at.movie_id)"}]}]}, {"Node Type": "Bitmap Heap Scan", "Parent Relationship": "Inner", "Relation Name": "company_name", "Alias": "cn", "Startup Cost": 0.26, "Total Cost": 4.27, "Plan Rows": 1, "Plan Width": 4, "Recheck Cond": "(id = mc.company_id)", "Filter": "((country_code)::text = '[us]'::text)", "Plans": [{"Node Type": "Bitmap Index Scan", "Parent Relationship": "Outer", "Index Name": "company_name_pkey", "Startup Cost": 0.0, "Total Cost": 0.26, "Plan Rows": 1, "Plan Width": 0, "Index Cond": "(id = mc.company_id)"}]}]}, {"Node Type": "Materialize", "Parent Relationship": "Inner", "Startup Cost": 0.0, "Total Cost": 1.04, "Plan Rows": 3, "Plan Width": 4, "Plans": [{"Node Type": "Seq Scan", "Parent Relationship": "Outer", "Relation Name": "company_type", "Alias": "ct", "Startup Cost": 0.0, "Total Cost": 1.03, "Plan Rows": 3, "Plan Width": 4}]}]}, {"Node Type": "Bitmap Heap Scan", "Parent Relationship": "Inner", "Relation Name": "movie_keyword", "Alias": "mk", "Startup Cost": 0.34, "Total Cost": 4.44, "Plan Rows": 8, "Plan Width": 8, "Recheck Cond": "(movie_id = mc.movie_id)", "Plans": [{"Node Type": "Bitmap Index Scan", "Parent Relationship": "Outer", "Index Name": "movie_id_movie_keyword", "Startup Cost": 0.0, "Total Cost": 0.34, "Plan Rows": 8, "Plan Width": 0, "Index Cond": "(movie_id = mc.movie_id)"}]}]}, {"Node Type": "Bitmap Heap Scan", "Parent Relationship": "Inner", "Relation Name": "keyword", "Alias": "k", "Startup Cost": 0.26, "Total Cost": 4.27, "Plan Rows": 1, "Plan Width": 4, "Recheck Cond": "(id = mk.keyword_id)", "Plans": [{"Node Type": "Bitmap Index Scan", "Parent Relationship": "Outer", "Index Name": "keyword_pkey", "Startup Cost": 0.0, "Total Cost": 0.26, "Plan Rows": 1, "Plan Width": 0, "Index Cond": "(id = mk.keyword_id)"}]}]}, {"Node Type": "Bitmap Heap Scan", "Parent Relationship": "Inner", "Relation Name": "title", "Alias": "t", "Startup Cost": 0.27, "Total Cost": 4.28, "Plan Rows": 1, "Plan Width": 21, "Recheck Cond": "(id = mk.movie_id)", "Filter": "(production_year > 1990)", "Plans": [{"Node Type": "Bitmap Index Scan", "Parent Relationship": "Outer", "Index Name": "title_pkey", "Startup Cost": 0.0, "Total Cost": 0.27, "Plan Rows": 1, "Plan Width": 0, "Index Cond": "(id = mk.movie_id)"}]}]}]}, "Unique SQL Id": 2846462052}, "explain_analyze_plan": {"Plan": {"Node Type": "Aggregate", "Strategy": "Plain", "Startup Cost": 70461.66, "Total Cost": 70461.67, "Plan Rows": 1, "Plan Width": 123, "Actual Min Startup Time": 342.925, "Actual Max Startup Time": 342.925, "Actual Min Total Time": 342.926, "Actual Max Total Time": 342.926, "Actual Total Rows": 1, "Plans": [{"Node Type": "Nested Loop", "Parent Relationship": "Outer", "Join Type": "Inner", "Startup Cost": 5.28, "Total Cost": 70461.0, "Plan Rows": 132, "Plan Width": 59, "Actual Min Startup Time": 311.565, "Actual Max Startup Time": 311.565, "Actual Min Total Time": 341.955, "Actual Max Total Time": 341.955, "Actual Total Rows": 1140, "Inner Unique": true, "Join Filter": "(at.movie_id = t.id)", "Rows Removed by Join Filter": 0, "Plans": [{"Node Type": "Nested Loop", "Parent Relationship": "Outer", "Join Type": "Inner", "Startup Cost": 5.01, "Total Cost": 70053.12, "Plan Rows": 95, "Plan Width": 58, "Actual Min Startup Time": 311.522, "Actual Max Startup Time": 311.522, "Actual Min Total Time": 335.54, "Actual Max Total Time": 335.54, "Actual Total Rows": 1140, "Inner Unique": true, "Plans": [{"Node Type": "Nested Loop", "Parent Relationship": "Outer", "Join Type": "Inner", "Startup Cost": 4.75, "Total Cost": 69637.93, "Plan Rows": 97, "Plan Width": 62, "Actual Min Startup Time": 311.494, "Actual Max Startup Time": 311.494, "Actual Min Total Time": 327.867, "Actual Max Total Time": 327.867, "Actual Total Rows": 1140, "Inner Unique": false, "Join Filter": "(at.movie_id = mk.movie_id)", "Rows Removed by Join Filter": 0, "Plans": [{"Node Type": "Nested Loop", "Parent Relationship": "Outer", "Join Type": "Inner", "Startup Cost": 4.42, "Total Cost": 69583.48, "Plan Rows": 12, "Plan Width": 54, "Actual Min Startup Time": 311.017, "Actual Max Startup Time": 311.017, "Actual Min Total Time": 325.869, "Actual Max Total Time": 325.869, "Actual Total Rows": 119, "Inner Unique": true, "Join Filter": "(mc.company_type_id = ct.id)", "Rows Removed by Join Filter": 495, "Plans": [{"Node Type": "Nested Loop", "Parent Relationship": "Outer", "Join Type": "Inner", "Startup Cost": 4.42, "Total Cost": 69581.9, "Plan Rows": 12, "Plan Width": 58, "Actual Min Startup Time": 310.953, "Actual Max Startup Time": 310.953, "Actual Min Total Time": 325.522, "Actual Max Total Time": 325.522, "Actual Total Rows": 284, "Inner Unique": true, "Plans": [{"Node Type": "Nested Loop", "Parent Relationship": "Outer", "Join Type": "Inner", "Startup Cost": 4.16, "Total Cost": 69496.23, "Plan Rows": 20, "Plan Width": 62, "Actual Min Startup Time": 310.92, "Actual Max Startup Time": 310.92, "Actual Min Total Time": 322.366, "Actual Max Total Time": 322.366, "Actual Total Rows": 400, "Inner Unique": false, "Plans": [{"Node Type": "Nested Loop", "Parent Relationship": "Outer", "Join Type": "Inner", "Startup Cost": 3.79, "Total Cost": 69456.49, "Plan Rows": 9, "Plan Width": 50, "Actual Min Startup Time": 310.826, "Actual Max Startup Time": 310.826, "Actual Min Total Time": 320.599, "Actual Max Total Time": 320.599, "Actual Total Rows": 120, "Inner Unique": false, "Plans": [{"Node Type": "Nested Loop", "Parent Relationship": "Outer", "Join Type": "Inner", "Startup Cost": 0.0, "Total Cost": 69393.85, "Plan Rows": 4, "Plan Width": 46, "Actual Min Startup Time": 310.518, "Actual Max Startup Time": 310.518, "Actual Min Total Time": 311.676, "Actual Max Total Time": 311.676, "Actual Total Rows": 1783, "Inner Unique": false, "Join Filter": "(it1.id = mi.info_type_id)", "Rows Removed by Join Filter": 0, "Plans": [{"Node Type": "Seq Scan", "Parent Relationship": "Outer", "Relation Name": "info_type", "Alias": "it1", "Startup Cost": 0.0, "Total Cost": 2.4, "Plan Rows": 1, "Plan Width": 4, "Actual Min Startup Time": 0.11, "Actual Max Startup Time": 0.11, "Actual Min Total Time": 0.137, "Actual Max Total Time": 0.137, "Actual Total Rows": 1, "Filter": "((info)::text = 'release dates'::text)", "Rows Removed by Filter": 111}, {"Node Type": "Materialize", "Parent Relationship": "Inner", "Startup Cost": 0.0, "Total Cost": 69388.9, "Plan Rows": 255, "Plan Width": 50, "Actual Min Startup Time": 310.372, "Actual Max Startup Time": 310.372, "Actual Min Total Time": 310.672, "Actual Max Total Time": 310.672, "Actual Total Rows": 1784, "Plans": [{"Node Type": "Streaming(type: LOCAL GATHER dop: 1/64)", "Parent Relationship": "Outer", "Startup Cost": 0.0, "Total Cost": 69388.27, "Plan Rows": 255, "Plan Width": 50, "Actual Min Startup Time": 208.045, "Actual Max Startup Time": 208.045, "Actual Min Total Time": 309.897, "Actual Max Total Time": 309.897, "Actual Total Rows": 1783, "Plans": [{"Node Type": "Seq Scan", "Parent Relationship": "Outer", "Relation Name": "movie_info", "Alias": "mi", "Startup Cost": 0.0, "Total Cost": 69383.01, "Plan Rows": 255, "Plan Width": 50, "Actual Min Startup Time": 20.912, "Actual Max Startup Time": 55.775, "Actual Min Total Time": 75.639, "Actual Max Total Time": 111.751, "Actual Total Rows": 1783, "Filter": "((info IS NOT NULL) AND ((note)::text ~~ '%internet%'::text) AND (((info)::text ~~ 'USA:% 199%'::text) OR ((info)::text ~~ 'USA:% 200%'::text)))", "Rows Removed by Filter": 14833936}]}]}]}, {"Node Type": "Bitmap Heap Scan", "Parent Relationship": "Inner", "Relation Name": "aka_title", "Alias": "at", "Startup Cost": 3.79, "Total Cost": 15.63, "Plan Rows": 3, "Plan Width": 4, "Actual Min Startup Time": 6.905, "Actual Max Startup Time": 6.905, "Actual Min Total Time": 7.037, "Actual Max Total Time": 7.037, "Actual Total Rows": 120, "Recheck Cond": "(movie_id = mi.movie_id)", "Rows Removed by Index Recheck": 0, "Exact Heap Blocks": 120, "Lossy Heap Blocks": 120, "Plans": [{"Node Type": "Bitmap Index Scan", "Parent Relationship": "Outer", "Index Name": "movie_id_aka_title", "Startup Cost": 0.0, "Total Cost": 3.79, "Plan Rows": 3, "Plan Width": 0, "Actual Min Startup Time": 5.758, "Actual Max Startup Time": 5.758, "Actual Min Total Time": 5.758, "Actual Max Total Time": 5.758, "Actual Total Rows": 120, "Index Cond": "(movie_id = mi.movie_id)"}]}]}, {"Node Type": "Bitmap Heap Scan", "Parent Relationship": "Inner", "Relation Name": "movie_companies", "Alias": "mc", "Startup Cost": 0.37, "Total Cost": 4.4, "Plan Rows": 2, "Plan Width": 12, "Actual Min Startup Time": 1.219, "Actual Max Startup Time": 1.219, "Actual Min Total Time": 1.467, "Actual Max Total Time": 1.467, "Actual Total Rows": 400, "Recheck Cond": "(movie_id = at.movie_id)", "Rows Removed by Index Recheck": 0, "Exact Heap Blocks": 214, "Lossy Heap Blocks": 214, "Plans": [{"Node Type": "Bitmap Index Scan", "Parent Relationship": "Outer", "Index Name": "movie_id_movie_companies", "Startup Cost": 0.0, "Total Cost": 0.37, "Plan Rows": 2, "Plan Width": 0, "Actual Min Startup Time": 0.754, "Actual Max Startup Time": 0.754, "Actual Min Total Time": 0.754, "Actual Max Total Time": 0.754, "Actual Total Rows": 400, "Index Cond": "(movie_id = at.movie_id)"}]}]}, {"Node Type": "Bitmap Heap Scan", "Parent Relationship": "Inner", "Relation Name": "company_name", "Alias": "cn", "Startup Cost": 0.26, "Total Cost": 4.27, "Plan Rows": 1, "Plan Width": 4, "Actual Min Startup Time": 2.592, "Actual Max Startup Time": 2.592, "Actual Min Total Time": 2.592, "Actual Max Total Time": 2.592, "Actual Total Rows": 284, "Recheck Cond": "(id = mc.company_id)", "Rows Removed by Index Recheck": 0, "Filter": "((country_code)::text = '[us]'::text)", "Rows Removed by Filter": 116, "Exact Heap Blocks": 400, "Lossy Heap Blocks": 400, "Plans": [{"Node Type": "Bitmap Index Scan", "Parent Relationship": "Outer", "Index Name": "company_name_pkey", "Startup Cost": 0.0, "Total Cost": 0.26, "Plan Rows": 1, "Plan Width": 0, "Actual Min Startup Time": 1.456, "Actual Max Startup Time": 1.456, "Actual Min Total Time": 1.456, "Actual Max Total Time": 1.456, "Actual Total Rows": 400, "Index Cond": "(id = mc.company_id)"}]}]}, {"Node Type": "Materialize", "Parent Relationship": "Inner", "Startup Cost": 0.0, "Total Cost": 1.04, "Plan Rows": 3, "Plan Width": 4, "Actual Min Startup Time": 0.051, "Actual Max Startup Time": 0.051, "Actual Min Total Time": 0.101, "Actual Max Total Time": 0.101, "Actual Total Rows": 614, "Plans": [{"Node Type": "Seq Scan", "Parent Relationship": "Outer", "Relation Name": "company_type", "Alias": "ct", "Startup Cost": 0.0, "Total Cost": 1.03, "Plan Rows": 3, "Plan Width": 4, "Actual Min Startup Time": 0.008, "Actual Max Startup Time": 0.008, "Actual Min Total Time": 0.01, "Actual Max Total Time": 0.01, "Actual Total Rows": 3}]}]}, {"Node Type": "Bitmap Heap Scan", "Parent Relationship": "Inner", "Relation Name": "movie_keyword", "Alias": "mk", "Startup Cost": 0.34, "Total Cost": 4.44, "Plan Rows": 8, "Plan Width": 8, "Actual Min Startup Time": 1.234, "Actual Max Startup Time": 1.234, "Actual Min Total Time": 1.413, "Actual Max Total Time": 1.413, "Actual Total Rows": 1140, "Recheck Cond": "(movie_id = mc.movie_id)", "Rows Removed by Index Recheck": 0, "Exact Heap Blocks": 91, "Lossy Heap Blocks": 91, "Plans": [{"Node Type": "Bitmap Index Scan", "Parent Relationship": "Outer", "Index Name": "movie_id_movie_keyword", "Startup Cost": 0.0, "Total Cost": 0.34, "Plan Rows": 8, "Plan Width": 0, "Actual Min Startup Time": 0.827, "Actual Max Startup Time": 0.827, "Actual Min Total Time": 0.827, "Actual Max Total Time": 0.827, "Actual Total Rows": 1140, "Index Cond": "(movie_id = mc.movie_id)"}]}]}, {"Node Type": "Bitmap Heap Scan", "Parent Relationship": "Inner", "Relation Name": "keyword", "Alias": "k", "Startup Cost": 0.26, "Total Cost": 4.27, "Plan Rows": 1, "Plan Width": 4, "Actual Min Startup Time": 6.046, "Actual Max Startup Time": 6.046, "Actual Min Total Time": 6.046, "Actual Max Total Time": 6.046, "Actual Total Rows": 1140, "Recheck Cond": "(id = mk.keyword_id)", "Rows Removed by Index Recheck": 0, "Exact Heap Blocks": 1140, "Lossy Heap Blocks": 1140, "Plans": [{"Node Type": "Bitmap Index Scan", "Parent Relationship": "Outer", "Index Name": "keyword_pkey", "Startup Cost": 0.0, "Total Cost": 0.26, "Plan Rows": 1, "Plan Width": 0, "Actual Min Startup Time": 3.737, "Actual Max Startup Time": 3.737, "Actual Min Total Time": 3.737, "Actual Max Total Time": 3.737, "Actual Total Rows": 1140, "Index Cond": "(id = mk.keyword_id)"}]}]}, {"Node Type": "Bitmap Heap Scan", "Parent Relationship": "Inner", "Relation Name": "title", "Alias": "t", "Startup Cost": 0.27, "Total Cost": 4.28, "Plan Rows": 1, "Plan Width": 21, "Actual Min Startup Time": 4.755, "Actual Max Startup Time": 4.755, "Actual Min Total Time": 4.755, "Actual Max Total Time": 4.755, "Actual Total Rows": 1140, "Recheck Cond": "(id = mk.movie_id)", "Rows Removed by Index Recheck": 0, "Filter": "(production_year > 1990)", "Rows Removed by Filter": 0, "Exact Heap Blocks": 1140, "Lossy Heap Blocks": 1140, "Plans": [{"Node Type": "Bitmap Index Scan", "Parent Relationship": "Outer", "Index Name": "title_pkey", "Startup Cost": 0.0, "Total Cost": 0.27, "Plan Rows": 1, "Plan Width": 0, "Actual Min Startup Time": 2.904, "Actual Max Startup Time": 2.904, "Actual Min Total Time": 2.904, "Actual Max Total Time": 2.904, "Actual Total Rows": 1140, "Index Cond": "(id = mk.movie_id)"}]}]}]}, "Triggers": [], "Planner Runtime": 197.506, "Total Runtime": 355.936, "Unique SQL Id": 2846462052}}, "(64, 39)": {"explain_plan": {"Plan": {"Node Type": "Aggregate", "Strategy": "Plain", "Startup Cost": 166073.69, "Total Cost": 166073.7, "Plan Rows": 1, "Plan Width": 123, "Plans": [{"Node Type": "Nested Loop", "Parent Relationship": "Outer", "Join Type": "Inner", "Startup Cost": 4855.81, "Total Cost": 166073.03, "Plan Rows": 132, "Plan Width": 59, "Inner Unique": true, "Join Filter": "(at.movie_id = t.id)", "Plans": [{"Node Type": "Nested Loop", "Parent Relationship": "Outer", "Join Type": "Inner", "Startup Cost": 4855.54, "Total Cost": 165665.15, "Plan Rows": 95, "Plan Width": 58, "Inner Unique": true, "Plans": [{"Node Type": "Nested Loop", "Parent Relationship": "Outer", "Join Type": "Inner", "Startup Cost": 4855.28, "Total Cost": 165249.97, "Plan Rows": 97, "Plan Width": 62, "Inner Unique": false, "Join Filter": "(at.movie_id = mk.movie_id)", "Plans": [{"Node Type": "Nested Loop", "Parent Relationship": "Outer", "Join Type": "Inner", "Startup Cost": 4854.95, "Total Cost": 165195.51, "Plan Rows": 12, "Plan Width": 54, "Inner Unique": true, "Plans": [{"Node Type": "Nested Loop", "Parent Relationship": "Outer", "Join Type": "Inner", "Startup Cost": 4854.69, "Total Cost": 165144.15, "Plan Rows": 12, "Plan Width": 58, "Inner Unique": true, "Plans": [{"Node Type": "Nested Loop", "Parent Relationship": "Outer", "Join Type": "Inner", "Startup Cost": 4854.43, "Total Cost": 165058.48, "Plan Rows": 20, "Plan Width": 62, "Inner Unique": false, "Plans": [{"Node Type": "Nested Loop", "Parent Relationship": "Outer", "Join Type": "Inner", "Startup Cost": 4854.06, "Total Cost": 165018.73, "Plan Rows": 9, "Plan Width": 50, "Inner Unique": false, "Plans": [{"Node Type": "Nested Loop", "Parent Relationship": "Outer", "Join Type": "Inner", "Startup Cost": 4850.27, "Total Cost": 164956.1, "Plan Rows": 4, "Plan Width": 46, "Inner Unique": false, "Plans": [{"Node Type": "Bitmap Heap Scan", "Parent Relationship": "Outer", "Relation Name": "info_type", "Alias": "it1", "Startup Cost": 8.81, "Total Cost": 14.21, "Plan Rows": 1, "Plan Width": 4, "Filter": "((info)::text = 'release dates'::text)", "Plans": [{"Node Type": "Bitmap Index Scan", "Parent Relationship": "Outer", "Index Name": "info_type_pkey", "Startup Cost": 0.0, "Total Cost": 8.81, "Plan Rows": 112, "Plan Width": 0}]}, {"Node Type": "Bitmap Heap Scan", "Parent Relationship": "Inner", "Relation Name": "movie_info", "Alias": "mi", "Startup Cost": 4841.46, "Total Cost": 164941.85, "Plan Rows": 4, "Plan Width": 50, "Recheck Cond": "(info_type_id = it1.id)", "Filter": "((info IS NOT NULL) AND ((note)::text ~~ '%internet%'::text) AND (((info)::text ~~ 'USA:% 199%'::text) OR ((info)::text ~~ 'USA:% 200%'::text)))", "Plans": [{"Node Type": "Bitmap Index Scan", "Parent Relationship": "Outer", "Index Name": "info_type_id_movie_info", "Startup Cost": 0.0, "Total Cost": 4841.46, "Plan Rows": 212428, "Plan Width": 0, "Index Cond": "(info_type_id = it1.id)"}]}]}, {"Node Type": "Bitmap Heap Scan", "Parent Relationship": "Inner", "Relation Name": "aka_title", "Alias": "at", "Startup Cost": 3.79, "Total Cost": 15.63, "Plan Rows": 3, "Plan Width": 4, "Recheck Cond": "(movie_id = mi.movie_id)", "Plans": [{"Node Type": "Bitmap Index Scan", "Parent Relationship": "Outer", "Index Name": "movie_id_aka_title", "Startup Cost": 0.0, "Total Cost": 3.79, "Plan Rows": 3, "Plan Width": 0, "Index Cond": "(movie_id = mi.movie_id)"}]}]}, {"Node Type": "Bitmap Heap Scan", "Parent Relationship": "Inner", "Relation Name": "movie_companies", "Alias": "mc", "Startup Cost": 0.37, "Total Cost": 4.4, "Plan Rows": 2, "Plan Width": 12, "Recheck Cond": "(movie_id = at.movie_id)", "Plans": [{"Node Type": "Bitmap Index Scan", "Parent Relationship": "Outer", "Index Name": "movie_id_movie_companies", "Startup Cost": 0.0, "Total Cost": 0.37, "Plan Rows": 2, "Plan Width": 0, "Index Cond": "(movie_id = at.movie_id)"}]}]}, {"Node Type": "Bitmap Heap Scan", "Parent Relationship": "Inner", "Relation Name": "company_name", "Alias": "cn", "Startup Cost": 0.26, "Total Cost": 4.27, "Plan Rows": 1, "Plan Width": 4, "Recheck Cond": "(id = mc.company_id)", "Filter": "((country_code)::text = '[us]'::text)", "Plans": [{"Node Type": "Bitmap Index Scan", "Parent Relationship": "Outer", "Index Name": "company_name_pkey", "Startup Cost": 0.0, "Total Cost": 0.26, "Plan Rows": 1, "Plan Width": 0, "Index Cond": "(id = mc.company_id)"}]}]}, {"Node Type": "Bitmap Heap Scan", "Parent Relationship": "Inner", "Relation Name": "company_type", "Alias": "ct", "Startup Cost": 0.26, "Total Cost": 4.27, "Plan Rows": 1, "Plan Width": 4, "Recheck Cond": "(id = mc.company_type_id)", "Plans": [{"Node Type": "Bitmap Index Scan", "Parent Relationship": "Outer", "Index Name": "company_type_pkey", "Startup Cost": 0.0, "Total Cost": 0.26, "Plan Rows": 1, "Plan Width": 0, "Index Cond": "(id = mc.company_type_id)"}]}]}, {"Node Type": "Bitmap Heap Scan", "Parent Relationship": "Inner", "Relation Name": "movie_keyword", "Alias": "mk", "Startup Cost": 0.34, "Total Cost": 4.44, "Plan Rows": 8, "Plan Width": 8, "Recheck Cond": "(movie_id = mc.movie_id)", "Plans": [{"Node Type": "Bitmap Index Scan", "Parent Relationship": "Outer", "Index Name": "movie_id_movie_keyword", "Startup Cost": 0.0, "Total Cost": 0.34, "Plan Rows": 8, "Plan Width": 0, "Index Cond": "(movie_id = mc.movie_id)"}]}]}, {"Node Type": "Bitmap Heap Scan", "Parent Relationship": "Inner", "Relation Name": "keyword", "Alias": "k", "Startup Cost": 0.26, "Total Cost": 4.27, "Plan Rows": 1, "Plan Width": 4, "Recheck Cond": "(id = mk.keyword_id)", "Plans": [{"Node Type": "Bitmap Index Scan", "Parent Relationship": "Outer", "Index Name": "keyword_pkey", "Startup Cost": 0.0, "Total Cost": 0.26, "Plan Rows": 1, "Plan Width": 0, "Index Cond": "(id = mk.keyword_id)"}]}]}, {"Node Type": "Bitmap Heap Scan", "Parent Relationship": "Inner", "Relation Name": "title", "Alias": "t", "Startup Cost": 0.27, "Total Cost": 4.28, "Plan Rows": 1, "Plan Width": 21, "Recheck Cond": "(id = mk.movie_id)", "Filter": "(production_year > 1990)", "Plans": [{"Node Type": "Bitmap Index Scan", "Parent Relationship": "Outer", "Index Name": "title_pkey", "Startup Cost": 0.0, "Total Cost": 0.27, "Plan Rows": 1, "Plan Width": 0, "Index Cond": "(id = mk.movie_id)"}]}]}]}, "Unique SQL Id": 2846462052}, "explain_analyze_plan": null}, "(64, 40)": {"explain_plan": {"Plan": {"Node Type": "Aggregate", "Strategy": "Plain", "Startup Cost": 69473.88, "Total Cost": 69473.89, "Plan Rows": 1, "Plan Width": 123, "Plans": [{"Node Type": "Nested Loop", "Parent Relationship": "Outer", "Join Type": "Inner", "Startup Cost": 0.0, "Total Cost": 69473.22, "Plan Rows": 132, "Plan Width": 59, "Inner Unique": true, "Plans": [{"Node Type": "Nested Loop", "Parent Relationship": "Outer", "Join Type": "Inner", "Startup Cost": 0.0, "Total Cost": 69435.7, "Plan Rows": 134, "Plan Width": 63, "Inner Unique": false, "Join Filter": "(t.id = mk.movie_id)", "Plans": [{"Node Type": "Nested Loop", "Parent Relationship": "Outer", "Join Type": "Inner", "Startup Cost": 0.0, "Total Cost": 69426.14, "Plan Rows": 17, "Plan Width": 75, "Inner Unique": true, "Join Filter": "(at.movie_id = t.id)", "Plans": [{"Node Type": "Nested Loop", "Parent Relationship": "Outer", "Join Type": "Inner", "Startup Cost": 0.0, "Total Cost": 69421.91, "Plan Rows": 12, "Plan Width": 54, "Inner Unique": true, "Join Filter": "(mc.company_type_id = ct.id)", "Plans": [{"Node Type": "Nested Loop", "Parent Relationship": "Outer", "Join Type": "Inner", "Startup Cost": 0.0, "Total Cost": 69420.33, "Plan Rows": 12, "Plan Width": 58, "Inner Unique": true, "Plans": [{"Node Type": "Nested Loop", "Parent Relationship": "Outer", "Join Type": "Inner", "Startup Cost": 0.0, "Total Cost": 69414.58, "Plan Rows": 20, "Plan Width": 62, "Inner Unique": false, "Plans": [{"Node Type": "Nested Loop", "Parent Relationship": "Outer", "Join Type": "Inner", "Startup Cost": 0.0, "Total Cost": 69409.27, "Plan Rows": 9, "Plan Width": 50, "Inner Unique": false, "Plans": [{"Node Type": "Nested Loop", "Parent Relationship": "Outer", "Join Type": "Inner", "Startup Cost": 0.0, "Total Cost": 69393.85, "Plan Rows": 4, "Plan Width": 46, "Inner Unique": false, "Join Filter": "(it1.id = mi.info_type_id)", "Plans": [{"Node Type": "Seq Scan", "Parent Relationship": "Outer", "Relation Name": "info_type", "Alias": "it1", "Startup Cost": 0.0, "Total Cost": 2.4, "Plan Rows": 1, "Plan Width": 4, "Filter": "((info)::text = 'release dates'::text)"}, {"Node Type": "Materialize", "Parent Relationship": "Inner", "Startup Cost": 0.0, "Total Cost": 69388.9, "Plan Rows": 255, "Plan Width": 50, "Plans": [{"Node Type": "Streaming(type: LOCAL GATHER dop: 1/64)", "Parent Relationship": "Outer", "Startup Cost": 0.0, "Total Cost": 69388.27, "Plan Rows": 255, "Plan Width": 50, "Plans": [{"Node Type": "Seq Scan", "Parent Relationship": "Outer", "Relation Name": "movie_info", "Alias": "mi", "Startup Cost": 0.0, "Total Cost": 69383.01, "Plan Rows": 255, "Plan Width": 50, "Filter": "((info IS NOT NULL) AND ((note)::text ~~ '%internet%'::text) AND (((info)::text ~~ 'USA:% 199%'::text) OR ((info)::text ~~ 'USA:% 200%'::text)))"}]}]}]}, {"Node Type": "Index Only Scan", "Parent Relationship": "Inner", "Scan Direction": "Forward", "Index Name": "movie_id_aka_title", "Relation Name": "aka_title", "Alias": "at", "Startup Cost": 0.0, "Total Cost": 3.82, "Plan Rows": 3, "Plan Width": 4, "Index Cond": "(movie_id = mi.movie_id)"}]}, {"Node Type": "Index Scan", "Parent Relationship": "Inner", "Scan Direction": "Forward", "Index Name": "movie_id_movie_companies", "Relation Name": "movie_companies", "Alias": "mc", "Startup Cost": 0.0, "Total Cost": 0.57, "Plan Rows": 2, "Plan Width": 12, "Index Cond": "(movie_id = at.movie_id)"}]}, {"Node Type": "Index Scan", "Parent Relationship": "Inner", "Scan Direction": "Forward", "Index Name": "company_name_pkey", "Relation Name": "company_name", "Alias": "cn", "Startup Cost": 0.0, "Total Cost": 0.28, "Plan Rows": 1, "Plan Width": 4, "Index Cond": "(id = mc.company_id)", "Filter": "((country_code)::text = '[us]'::text)"}]}, {"Node Type": "Materialize", "Parent Relationship": "Inner", "Startup Cost": 0.0, "Total Cost": 1.04, "Plan Rows": 3, "Plan Width": 4, "Plans": [{"Node Type": "Seq Scan", "Parent Relationship": "Outer", "Relation Name": "company_type", "Alias": "ct", "Startup Cost": 0.0, "Total Cost": 1.03, "Plan Rows": 3, "Plan Width": 4}]}]}, {"Node Type": "Index Scan", "Parent Relationship": "Inner", "Scan Direction": "Forward", "Index Name": "title_pkey", "Relation Name": "title", "Alias": "t", "Startup Cost": 0.0, "Total Cost": 0.34, "Plan Rows": 1, "Plan Width": 21, "Index Cond": "(id = mc.movie_id)", "Filter": "(production_year > 1990)"}]}, {"Node Type": "Index Scan", "Parent Relationship": "Inner", "Scan Direction": "Forward", "Index Name": "movie_id_movie_keyword", "Relation Name": "movie_keyword", "Alias": "mk", "Startup Cost": 0.0, "Total Cost": 0.46, "Plan Rows": 8, "Plan Width": 8, "Index Cond": "(movie_id = mc.movie_id)"}]}, {"Node Type": "Index Only Scan", "Parent Relationship": "Inner", "Scan Direction": "Forward", "Index Name": "keyword_pkey", "Relation Name": "keyword", "Alias": "k", "Startup Cost": 0.0, "Total Cost": 0.27, "Plan Rows": 1, "Plan Width": 4, "Index Cond": "(id = mk.keyword_id)"}]}]}, "Unique SQL Id": 2846462052}, "explain_analyze_plan": {"Plan": {"Node Type": "Aggregate", "Strategy": "Plain", "Startup Cost": 69473.88, "Total Cost": 69473.89, "Plan Rows": 1, "Plan Width": 123, "Actual Min Startup Time": 335.212, "Actual Max Startup Time": 335.212, "Actual Min Total Time": 335.213, "Actual Max Total Time": 335.213, "Actual Total Rows": 1, "Plans": [{"Node Type": "Nested Loop", "Parent Relationship": "Outer", "Join Type": "Inner", "Startup Cost": 0.0, "Total Cost": 69473.22, "Plan Rows": 132, "Plan Width": 59, "Actual Min Startup Time": 316.259, "Actual Max Startup Time": 316.259, "Actual Min Total Time": 334.411, "Actual Max Total Time": 334.411, "Actual Total Rows": 1140, "Inner Unique": true, "Plans": [{"Node Type": "Nested Loop", "Parent Relationship": "Outer", "Join Type": "Inner", "Startup Cost": 0.0, "Total Cost": 69435.7, "Plan Rows": 134, "Plan Width": 63, "Actual Min Startup Time": 316.239, "Actual Max Startup Time": 316.239, "Actual Min Total Time": 330.258, "Actual Max Total Time": 330.258, "Actual Total Rows": 1140, "Inner Unique": false, "Join Filter": "(t.id = mk.movie_id)", "Rows Removed by Join Filter": 0, "Plans": [{"Node Type": "Nested Loop", "Parent Relationship": "Outer", "Join Type": "Inner", "Startup Cost": 0.0, "Total Cost": 69426.14, "Plan Rows": 17, "Plan Width": 75, "Actual Min Startup Time": 316.208, "Actual Max Startup Time": 316.208, "Actual Min Total Time": 328.341, "Actual Max Total Time": 328.341, "Actual Total Rows": 119, "Inner Unique": true, "Join Filter": "(at.movie_id = t.id)", "Rows Removed by Join Filter": 0, "Plans": [{"Node Type": "Nested Loop", "Parent Relationship": "Outer", "Join Type": "Inner", "Startup Cost": 0.0, "Total Cost": 69421.91, "Plan Rows": 12, "Plan Width": 54, "Actual Min Startup Time": 316.173, "Actual Max Startup Time": 316.173, "Actual Min Total Time": 327.384, "Actual Max Total Time": 327.384, "Actual Total Rows": 119, "Inner Unique": true, "Join Filter": "(mc.company_type_id = ct.id)", "Rows Removed by Join Filter": 495, "Plans": [{"Node Type": "Nested Loop", "Parent Relationship": "Outer", "Join Type": "Inner", "Startup Cost": 0.0, "Total Cost": 69420.33, "Plan Rows": 12, "Plan Width": 58, "Actual Min Startup Time": 316.122, "Actual Max Startup Time": 316.122, "Actual Min Total Time": 327.064, "Actual Max Total Time": 327.064, "Actual Total Rows": 284, "Inner Unique": true, "Plans": [{"Node Type": "Nested Loop", "Parent Relationship": "Outer", "Join Type": "Inner", "Startup Cost": 0.0, "Total Cost": 69414.58, "Plan Rows": 20, "Plan Width": 62, "Actual Min Startup Time": 316.091, "Actual Max Startup Time": 316.091, "Actual Min Total Time": 324.738, "Actual Max Total Time": 324.738, "Actual Total Rows": 400, "Inner Unique": false, "Plans": [{"Node Type": "Nested Loop", "Parent Relationship": "Outer", "Join Type": "Inner", "Startup Cost": 0.0, "Total Cost": 69409.27, "Plan Rows": 9, "Plan Width": 50, "Actual Min Startup Time": 316.067, "Actual Max Startup Time": 316.067, "Actual Min Total Time": 323.49, "Actual Max Total Time": 323.49, "Actual Total Rows": 120, "Inner Unique": false, "Plans": [{"Node Type": "Nested Loop", "Parent Relationship": "Outer", "Join Type": "Inner", "Startup Cost": 0.0, "Total Cost": 69393.85, "Plan Rows": 4, "Plan Width": 46, "Actual Min Startup Time": 316.016, "Actual Max Startup Time": 316.016, "Actual Min Total Time": 317.037, "Actual Max Total Time": 317.037, "Actual Total Rows": 1783, "Inner Unique": false, "Join Filter": "(it1.id = mi.info_type_id)", "Rows Removed by Join Filter": 0, "Plans": [{"Node Type": "Seq Scan", "Parent Relationship": "Outer", "Relation Name": "info_type", "Alias": "it1", "Startup Cost": 0.0, "Total Cost": 2.4, "Plan Rows": 1, "Plan Width": 4, "Actual Min Startup Time": 0.095, "Actual Max Startup Time": 0.095, "Actual Min Total Time": 0.119, "Actual Max Total Time": 0.119, "Actual Total Rows": 1, "Filter": "((info)::text = 'release dates'::text)", "Rows Removed by Filter": 111}, {"Node Type": "Materialize", "Parent Relationship": "Inner", "Startup Cost": 0.0, "Total Cost": 69388.9, "Plan Rows": 255, "Plan Width": 50, "Actual Min Startup Time": 315.88, "Actual Max Startup Time": 315.88, "Actual Min Total Time": 316.113, "Actual Max Total Time": 316.113, "Actual Total Rows": 1784, "Plans": [{"Node Type": "Streaming(type: LOCAL GATHER dop: 1/64)", "Parent Relationship": "Outer", "Startup Cost": 0.0, "Total Cost": 69388.27, "Plan Rows": 255, "Plan Width": 50, "Actual Min Startup Time": 195.834, "Actual Max Startup Time": 195.834, "Actual Min Total Time": 315.506, "Actual Max Total Time": 315.506, "Actual Total Rows": 1783, "Plans": [{"Node Type": "Seq Scan", "Parent Relationship": "Outer", "Relation Name": "movie_info", "Alias": "mi", "Startup Cost": 0.0, "Total Cost": 69383.01, "Plan Rows": 255, "Plan Width": 50, "Actual Min Startup Time": 20.78, "Actual Max Startup Time": 57.024, "Actual Min Total Time": 72.51, "Actual Max Total Time": 113.163, "Actual Total Rows": 1783, "Filter": "((info IS NOT NULL) AND ((note)::text ~~ '%internet%'::text) AND (((info)::text ~~ 'USA:% 199%'::text) OR ((info)::text ~~ 'USA:% 200%'::text)))", "Rows Removed by Filter": 14833936}]}]}]}, {"Node Type": "Index Only Scan", "Parent Relationship": "Inner", "Scan Direction": "Forward", "Index Name": "movie_id_aka_title", "Relation Name": "aka_title", "Alias": "at", "Startup Cost": 0.0, "Total Cost": 3.82, "Plan Rows": 3, "Plan Width": 4, "Actual Min Startup Time": 5.554, "Actual Max Startup Time": 5.554, "Actual Min Total Time": 5.592, "Actual Max Total Time": 5.592, "Actual Total Rows": 120, "Index Cond": "(movie_id = mi.movie_id)", "Rows Removed by Index Recheck": 0, "Heap Fetches": 0}]}, {"Node Type": "Index Scan", "Parent Relationship": "Inner", "Scan Direction": "Forward", "Index Name": "movie_id_movie_companies", "Relation Name": "movie_companies", "Alias": "mc", "Startup Cost": 0.0, "Total Cost": 0.57, "Plan Rows": 2, "Plan Width": 12, "Actual Min Startup Time": 0.779, "Actual Max Startup Time": 0.779, "Actual Min Total Time": 1.099, "Actual Max Total Time": 1.099, "Actual Total Rows": 400, "Index Cond": "(movie_id = at.movie_id)", "Rows Removed by Index Recheck": 0}]}, {"Node Type": "Index Scan", "Parent Relationship": "Inner", "Scan Direction": "Forward", "Index Name": "company_name_pkey", "Relation Name": "company_name", "Alias": "cn", "Startup Cost": 0.0, "Total Cost": 0.28, "Plan Rows": 1, "Plan Width": 4, "Actual Min Startup Time": 2.016, "Actual Max Startup Time": 2.016, "Actual Min Total Time": 2.016, "Actual Max Total Time": 2.016, "Actual Total Rows": 284, "Index Cond": "(id = mc.company_id)", "Rows Removed by Index Recheck": 0, "Filter": "((country_code)::text = '[us]'::text)", "Rows Removed by Filter": 116}]}, {"Node Type": "Materialize", "Parent Relationship": "Inner", "Startup Cost": 0.0, "Total Cost": 1.04, "Plan Rows": 3, "Plan Width": 4, "Actual Min Startup Time": 0.043, "Actual Max Startup Time": 0.043, "Actual Min Total Time": 0.097, "Actual Max Total Time": 0.097, "Actual Total Rows": 614, "Plans": [{"Node Type": "Seq Scan", "Parent Relationship": "Outer", "Relation Name": "company_type", "Alias": "ct", "Startup Cost": 0.0, "Total Cost": 1.03, "Plan Rows": 3, "Plan Width": 4, "Actual Min Startup Time": 0.007, "Actual Max Startup Time": 0.007, "Actual Min Total Time": 0.009, "Actual Max Total Time": 0.009, "Actual Total Rows": 3}]}]}, {"Node Type": "Index Scan", "Parent Relationship": "Inner", "Scan Direction": "Forward", "Index Name": "title_pkey", "Relation Name": "title", "Alias": "t", "Startup Cost": 0.0, "Total Cost": 0.34, "Plan Rows": 1, "Plan Width": 21, "Actual Min Startup Time": 0.796, "Actual Max Startup Time": 0.796, "Actual Min Total Time": 0.796, "Actual Max Total Time": 0.796, "Actual Total Rows": 119, "Index Cond": "(id = mc.movie_id)", "Rows Removed by Index Recheck": 0, "Filter": "(production_year > 1990)", "Rows Removed by Filter": 0}]}, {"Node Type": "Index Scan", "Parent Relationship": "Inner", "Scan Direction": "Forward", "Index Name": "movie_id_movie_keyword", "Relation Name": "movie_keyword", "Alias": "mk", "Startup Cost": 0.0, "Total Cost": 0.46, "Plan Rows": 8, "Plan Width": 8, "Actual Min Startup Time": 0.853, "Actual Max Startup Time": 0.853, "Actual Min Total Time": 1.404, "Actual Max Total Time": 1.404, "Actual Total Rows": 1140, "Index Cond": "(movie_id = mc.movie_id)", "Rows Removed by Index Recheck": 0}]}, {"Node Type": "Index Only Scan", "Parent Relationship": "Inner", "Scan Direction": "Forward", "Index Name": "keyword_pkey", "Relation Name": "keyword", "Alias": "k", "Startup Cost": 0.0, "Total Cost": 0.27, "Plan Rows": 1, "Plan Width": 4, "Actual Min Startup Time": 3.354, "Actual Max Startup Time": 3.354, "Actual Min Total Time": 3.354, "Actual Max Total Time": 3.354, "Actual Total Rows": 1140, "Index Cond": "(id = mk.keyword_id)", "Rows Removed by Index Recheck": 0, "Heap Fetches": 0}]}]}, "Triggers": [], "Planner Runtime": 117.722, "Total Runtime": 348.471, "Unique SQL Id": 2846462052}}, "(64, 41)": {"explain_plan": {"Plan": {"Node Type": "Aggregate", "Strategy": "Plain", "Startup Cost": 496841.72, "Total Cost": 496841.73, "Plan Rows": 1, "Plan Width": 123, "Plans": [{"Node Type": "Nested Loop", "Parent Relationship": "Outer", "Join Type": "Inner", "Startup Cost": 0.0, "Total Cost": 496841.06, "Plan Rows": 132, "Plan Width": 59, "Inner Unique": true, "Plans": [{"Node Type": "Nested Loop", "Parent Relationship": "Outer", "Join Type": "Inner", "Startup Cost": 0.0, "Total Cost": 496803.53, "Plan Rows": 134, "Plan Width": 63, "Inner Unique": false, "Join Filter": "(t.id = mk.movie_id)", "Plans": [{"Node Type": "Nested Loop", "Parent Relationship": "Outer", "Join Type": "Inner", "Startup Cost": 0.0, "Total Cost": 496793.97, "Plan Rows": 17, "Plan Width": 75, "Inner Unique": true, "Join Filter": "(at.movie_id = t.id)", "Plans": [{"Node Type": "Nested Loop", "Parent Relationship": "Outer", "Join Type": "Inner", "Startup Cost": 0.0, "Total Cost": 496789.74, "Plan Rows": 12, "Plan Width": 54, "Inner Unique": true, "Plans": [{"Node Type": "Nested Loop", "Parent Relationship": "Outer", "Join Type": "Inner", "Startup Cost": 0.0, "Total Cost": 496786.38, "Plan Rows": 12, "Plan Width": 58, "Inner Unique": true, "Plans": [{"Node Type": "Nested Loop", "Parent Relationship": "Outer", "Join Type": "Inner", "Startup Cost": 0.0, "Total Cost": 496780.63, "Plan Rows": 20, "Plan Width": 62, "Inner Unique": false, "Plans": [{"Node Type": "Nested Loop", "Parent Relationship": "Outer", "Join Type": "Inner", "Startup Cost": 0.0, "Total Cost": 496775.32, "Plan Rows": 9, "Plan Width": 50, "Inner Unique": false, "Plans": [{"Node Type": "Nested Loop", "Parent Relationship": "Outer", "Join Type": "Inner", "Startup Cost": 0.0, "Total Cost": 496759.91, "Plan Rows": 4, "Plan Width": 46, "Inner Unique": false, "Plans": [{"Node Type": "Index Scan", "Parent Relationship": "Outer", "Scan Direction": "Forward", "Index Name": "info_type_pkey", "Relation Name": "info_type", "Alias": "it1", "Startup Cost": 0.0, "Total Cost": 14.21, "Plan Rows": 1, "Plan Width": 4, "Filter": "((info)::text = 'release dates'::text)"}, {"Node Type": "Index Scan", "Parent Relationship": "Inner", "Scan Direction": "Forward", "Index Name": "info_type_id_movie_info", "Relation Name": "movie_info", "Alias": "mi", "Startup Cost": 0.0, "Total Cost": 496745.66, "Plan Rows": 4, "Plan Width": 50, "Index Cond": "(info_type_id = it1.id)", "Filter": "((info IS NOT NULL) AND ((note)::text ~~ '%internet%'::text) AND (((info)::text ~~ 'USA:% 199%'::text) OR ((info)::text ~~ 'USA:% 200%'::text)))"}]}, {"Node Type": "Index Only Scan", "Parent Relationship": "Inner", "Scan Direction": "Forward", "Index Name": "movie_id_aka_title", "Relation Name": "aka_title", "Alias": "at", "Startup Cost": 0.0, "Total Cost": 3.82, "Plan Rows": 3, "Plan Width": 4, "Index Cond": "(movie_id = mi.movie_id)"}]}, {"Node Type": "Index Scan", "Parent Relationship": "Inner", "Scan Direction": "Forward", "Index Name": "movie_id_movie_companies", "Relation Name": "movie_companies", "Alias": "mc", "Startup Cost": 0.0, "Total Cost": 0.57, "Plan Rows": 2, "Plan Width": 12, "Index Cond": "(movie_id = at.movie_id)"}]}, {"Node Type": "Index Scan", "Parent Relationship": "Inner", "Scan Direction": "Forward", "Index Name": "company_name_pkey", "Relation Name": "company_name", "Alias": "cn", "Startup Cost": 0.0, "Total Cost": 0.28, "Plan Rows": 1, "Plan Width": 4, "Index Cond": "(id = mc.company_id)", "Filter": "((country_code)::text = '[us]'::text)"}]}, {"Node Type": "Index Only Scan", "Parent Relationship": "Inner", "Scan Direction": "Forward", "Index Name": "company_type_pkey", "Relation Name": "company_type", "Alias": "ct", "Startup Cost": 0.0, "Total Cost": 0.27, "Plan Rows": 1, "Plan Width": 4, "Index Cond": "(id = mc.company_type_id)"}]}, {"Node Type": "Index Scan", "Parent Relationship": "Inner", "Scan Direction": "Forward", "Index Name": "title_pkey", "Relation Name": "title", "Alias": "t", "Startup Cost": 0.0, "Total Cost": 0.34, "Plan Rows": 1, "Plan Width": 21, "Index Cond": "(id = mc.movie_id)", "Filter": "(production_year > 1990)"}]}, {"Node Type": "Index Scan", "Parent Relationship": "Inner", "Scan Direction": "Forward", "Index Name": "movie_id_movie_keyword", "Relation Name": "movie_keyword", "Alias": "mk", "Startup Cost": 0.0, "Total Cost": 0.46, "Plan Rows": 8, "Plan Width": 8, "Index Cond": "(movie_id = mc.movie_id)"}]}, {"Node Type": "Index Only Scan", "Parent Relationship": "Inner", "Scan Direction": "Forward", "Index Name": "keyword_pkey", "Relation Name": "keyword", "Alias": "k", "Startup Cost": 0.0, "Total Cost": 0.27, "Plan Rows": 1, "Plan Width": 4, "Index Cond": "(id = mk.keyword_id)"}]}]}, "Unique SQL Id": 2846462052}, "explain_analyze_plan": null}, "(64, 42)": {"explain_plan": {"Plan": {"Node Type": "Aggregate", "Strategy": "Plain", "Startup Cost": 304079.0, "Total Cost": 304079.01, "Plan Rows": 1, "Plan Width": 123, "Plans": [{"Node Type": "Hash Join", "Parent Relationship": "Outer", "Join Type": "Inner", "Startup Cost": 154962.21, "Total Cost": 304078.33, "Plan Rows": 134, "Plan Width": 59, "Inner Unique": true, "Hash Cond": "(mk.keyword_id = k.id)", "Plans": [{"Node Type": "Nested Loop", "Parent Relationship": "Outer", "Join Type": "Inner", "Startup Cost": 151184.4, "Total Cost": 300298.72, "Plan Rows": 134, "Plan Width": 63, "Inner Unique": true, "Join Filter": "(mc.company_type_id = ct.id)", "Plans": [{"Node Type": "Hash Join", "Parent Relationship": "Outer", "Join Type": "Inner", "Startup Cost": 151184.4, "Total Cost": 300291.65, "Plan Rows": 134, "Plan Width": 67, "Inner Unique": true, "Hash Cond": "(mc.company_id = cn.id)", "Plans": [{"Node Type": "Hash Join", "Parent Relationship": "Outer", "Join Type": "Inner", "Startup Cost": 144216.33, "Total Cost": 293321.64, "Plan Rows": 223, "Plan Width": 71, "Inner Unique": false, "Hash Cond": "(t.id = at.movie_id)", "Plans": [{"Node Type": "Streaming(type: LOCAL GATHER dop: 1/64)", "Parent Relationship": "Outer", "Startup Cost": 137224.26, "Total Cost": 286321.46, "Plan Rows": 101, "Plan Width": 87, "Plans": [{"Node Type": "Hash Join", "Parent Relationship": "Outer", "Join Type": "Inner", "Startup Cost": 137224.26, "Total Cost": 286319.37, "Plan Rows": 101, "Plan Width": 87, "Inner Unique": true, "Hash Cond": "(mi.movie_id = t.id)", "Plans": [{"Node Type": "Streaming(type: BROADCAST dop: 64/1)", "Parent Relationship": "Outer", "Startup Cost": 120873.36, "Total Cost": 269968.17, "Plan Rows": 4672, "Plan Width": 66, "Plans": [{"Node Type": "Hash Join", "Parent Relationship": "Outer", "Join Type": "Inner", "Startup Cost": 120873.36, "Total Cost": 206871.79, "Plan Rows": 73, "Plan Width": 66, "Inner Unique": false, "Hash Cond": "(mk.movie_id = mi.movie_id)", "Plans": [{"Node Type": "Seq Scan", "Parent Relationship": "Outer", "Relation Name": "movie_keyword", "Alias": "mk", "Startup Cost": 0.0, "Total Cost": 62441.29, "Plan Rows": 4523929, "Plan Width": 8}, {"Node Type": "Hash", "Parent Relationship": "Inner", "Startup Cost": 120873.24, "Total Cost": 120873.24, "Plan Rows": 9, "Plan Width": 58, "Plans": [{"Node Type": "Hash Join", "Parent Relationship": "Outer", "Join Type": "Inner", "Startup Cost": 69393.9, "Total Cost": 120873.24, "Plan Rows": 9, "Plan Width": 58, "Inner Unique": false, "Hash Cond": "(mc.movie_id = mi.movie_id)", "Plans": [{"Node Type": "Seq Scan", "Parent Relationship": "Outer", "Relation Name": "movie_companies", "Alias": "mc", "Startup Cost": 0.0, "Total Cost": 41817.28, "Plan Rows": 2609128, "Plan Width": 12}, {"Node Type": "Hash", "Parent Relationship": "Inner", "Startup Cost": 69393.85, "Total Cost": 69393.85, "Plan Rows": 4, "Plan Width": 46, "Plans": [{"Node Type": "Nested Loop", "Parent Relationship": "Outer", "Join Type": "Inner", "Startup Cost": 0.0, "Total Cost": 69393.85, "Plan Rows": 4, "Plan Width": 46, "Inner Unique": false, "Join Filter": "(it1.id = mi.info_type_id)", "Plans": [{"Node Type": "Seq Scan", "Parent Relationship": "Outer", "Relation Name": "info_type", "Alias": "it1", "Startup Cost": 0.0, "Total Cost": 2.4, "Plan Rows": 1, "Plan Width": 4, "Filter": "((info)::text = 'release dates'::text)"}, {"Node Type": "Materialize", "Parent Relationship": "Inner", "Startup Cost": 0.0, "Total Cost": 69388.9, "Plan Rows": 255, "Plan Width": 50, "Plans": [{"Node Type": "Streaming(type: LOCAL GATHER dop: 1/64)", "Parent Relationship": "Outer", "Startup Cost": 0.0, "Total Cost": 69388.27, "Plan Rows": 255, "Plan Width": 50, "Plans": [{"Node Type": "Seq Scan", "Parent Relationship": "Outer", "Relation Name": "movie_info", "Alias": "mi", "Startup Cost": 0.0, "Total Cost": 69383.01, "Plan Rows": 255, "Plan Width": 50, "Filter": "((info IS NOT NULL) AND ((note)::text ~~ '%internet%'::text) AND (((info)::text ~~ 'USA:% 199%'::text) OR ((info)::text ~~ 'USA:% 200%'::text)))"}]}]}]}]}]}]}]}]}, {"Node Type": "Hash", "Parent Relationship": "Inner", "Startup Cost": 64037.34, "Total Cost": 64037.34, "Plan Rows": 1748840, "Plan Width": 21, "Plans": [{"Node Type": "Seq Scan", "Parent Relationship": "Outer", "Relation Name": "title", "Alias": "t", "Startup Cost": 0.0, "Total Cost": 64037.34, "Plan Rows": 1748840, "Plan Width": 21, "Filter": "(production_year > 1990), (LLVM Optimized)"}]}]}]}, {"Node Type": "Hash", "Parent Relationship": "Inner", "Startup Cost": 9894.71, "Total Cost": 9894.71, "Plan Rows": 361471, "Plan Width": 4, "Plans": [{"Node Type": "Seq Scan", "Parent Relationship": "Outer", "Relation Name": "aka_title", "Alias": "at", "Startup Cost": 0.0, "Total Cost": 9894.71, "Plan Rows": 361471, "Plan Width": 4}]}]}, {"Node Type": "Hash", "Parent Relationship": "Inner", "Startup Cost": 5903.45, "Total Cost": 5903.45, "Plan Rows": 85170, "Plan Width": 4, "Plans": [{"Node Type": "Seq Scan", "Parent Relationship": "Outer", "Relation Name": "company_name", "Alias": "cn", "Startup Cost": 0.0, "Total Cost": 5903.45, "Plan Rows": 85170, "Plan Width": 4, "Filter": "((country_code)::text = '[us]'::text)"}]}]}, {"Node Type": "Materialize", "Parent Relationship": "Inner", "Startup Cost": 0.0, "Total Cost": 1.04, "Plan Rows": 3, "Plan Width": 4, "Plans": [{"Node Type": "Seq Scan", "Parent Relationship": "Outer", "Relation Name": "company_type", "Alias": "ct", "Startup Cost": 0.0, "Total Cost": 1.03, "Plan Rows": 3, "Plan Width": 4}]}]}, {"Node Type": "Hash", "Parent Relationship": "Inner", "Startup Cost": 2100.69, "Total Cost": 2100.69, "Plan Rows": 134169, "Plan Width": 4, "Plans": [{"Node Type": "Seq Scan", "Parent Relationship": "Outer", "Relation Name": "keyword", "Alias": "k", "Startup Cost": 0.0, "Total Cost": 2100.69, "Plan Rows": 134169, "Plan Width": 4}]}]}]}, "Unique SQL Id": 2846462052}, "explain_analyze_plan": null}, "(64, 43)": {"explain_plan": {"Plan": {"Node Type": "Aggregate", "Strategy": "Plain", "Startup Cost": 9000155007614.15, "Total Cost": 9000155007614.16, "Plan Rows": 1, "Plan Width": 123, "Plans": [{"Node Type": "Nested Loop", "Parent Relationship": "Outer", "Join Type": "Inner", "Startup Cost": 90000000000.0, "Total Cost": 9000155007613.48, "Plan Rows": 134, "Plan Width": 59, "Inner Unique": false, "Join Filter": "(t.id = at.movie_id)", "Plans": [{"Node Type": "Index Only Scan", "Parent Relationship": "Outer", "Scan Direction": "Forward", "Index Name": "movie_id_aka_title", "Relation Name": "aka_title", "Alias": "at", "Startup Cost": 10000000000.0, "Total Cost": 1000000898631.5, "Plan Rows": 361471, "Plan Width": 4}, {"Node Type": "Materialize", "Parent Relationship": "Inner", "Startup Cost": 80000000000.0, "Total Cost": 8000153680639.04, "Plan Rows": 79, "Plan Width": 75, "Plans": [{"Node Type": "Nested Loop", "Parent Relationship": "Outer", "Join Type": "Inner", "Startup Cost": 80000000000.0, "Total Cost": 8000153680638.65, "Plan Rows": 79, "Plan Width": 75, "Inner Unique": true, "Join Filter": "(mk.keyword_id = k.id)", "Plans": [{"Node Type": "Nested Loop", "Parent Relationship": "Outer", "Join Type": "Inner", "Startup Cost": 70000000000.0, "Total Cost": 7000153315234.46, "Plan Rows": 79, "Plan Width": 79, "Inner Unique": false, "Join Filter": "(t.id = mk.movie_id)", "Plans": [{"Node Type": "Index Scan", "Parent Relationship": "Outer", "Scan Direction": "Forward", "Index Name": "movie_id_movie_keyword", "Relation Name": "movie_keyword", "Alias": "mk", "Startup Cost": 10000000000.0, "Total Cost": 1000015300634.17, "Plan Rows": 4523929, "Plan Width": 8}, {"Node Type": "Materialize", "Parent Relationship": "Inner", "Startup Cost": 60000000000.0, "Total Cost": 6000137336010.97, "Plan Rows": 10, "Plan Width": 71, "Plans": [{"Node Type": "Nested Loop", "Parent Relationship": "Outer", "Join Type": "Inner", "Startup Cost": 60000000000.0, "Total Cost": 6000137336010.92, "Plan Rows": 10, "Plan Width": 71, "Inner Unique": true, "Join Filter": "(mc.company_type_id = ct.id)", "Plans": [{"Node Type": "Nested Loop", "Parent Relationship": "Outer", "Join Type": "Inner", "Startup Cost": 50000000000.0, "Total Cost": 5000137335180.96, "Plan Rows": 10, "Plan Width": 75, "Inner Unique": false, "Join Filter": "(mi.movie_id = t.id)", "Plans": [{"Node Type": "Index Scan", "Parent Relationship": "Outer", "Scan Direction": "Forward", "Index Name": "title_pkey", "Relation Name": "title", "Alias": "t", "Startup Cost": 10000000000.0, "Total Cost": 1000011644126.66, "Plan Rows": 1748840, "Plan Width": 21, "Filter": "(production_year > 1990), (LLVM Optimized)"}, {"Node Type": "Materialize", "Parent Relationship": "Inner", "Startup Cost": 40000000000.0, "Total Cost": 4000125507426.11, "Plan Rows": 7, "Plan Width": 54, "Plans": [{"Node Type": "Nested Loop", "Parent Relationship": "Outer", "Join Type": "Inner", "Startup Cost": 40000000000.0, "Total Cost": 4000125507426.08, "Plan Rows": 7, "Plan Width": 54, "Inner Unique": true, "Join Filter": "(mc.company_id = cn.id)", "Plans": [{"Node Type": "Nested Loop", "Parent Relationship": "Outer", "Join Type": "Inner", "Startup Cost": 30000000000.0, "Total Cost": 3000124445576.23, "Plan Rows": 9, "Plan Width": 58, "Inner Unique": false, "Join Filter": "(mi.movie_id = mc.movie_id)", "Plans": [{"Node Type": "Index Scan", "Parent Relationship": "Outer", "Scan Direction": "Forward", "Index Name": "company_type_id_movie_companies", "Relation Name": "movie_companies", "Alias": "mc", "Startup Cost": 10000000000.0, "Total Cost": 1000009318217.0, "Plan Rows": 2609128, "Plan Width": 12}, {"Node Type": "Materialize", "Parent Relationship": "Inner", "Startup Cost": 20000000000.0, "Total Cost": 2000114970811.56, "Plan Rows": 4, "Plan Width": 46, "Plans": [{"Node Type": "Nested Loop", "Parent Relationship": "Outer", "Join Type": "Inner", "Startup Cost": 20000000000.0, "Total Cost": 2000114970811.54, "Plan Rows": 4, "Plan Width": 46, "Inner Unique": true, "Join Filter": "(it1.id = mi.info_type_id)", "Plans": [{"Node Type": "Index Scan", "Parent Relationship": "Outer", "Scan Direction": "Forward", "Index Name": "movie_id_movie_info", "Relation Name": "movie_info", "Alias": "mi", "Startup Cost": 10000000000.0, "Total Cost": 1000114969386.72, "Plan Rows": 255, "Plan Width": 50, "Filter": "((info IS NOT NULL) AND ((note)::text ~~ '%internet%'::text) AND (((info)::text ~~ 'USA:% 199%'::text) OR ((info)::text ~~ 'USA:% 200%'::text)))"}, {"Node Type": "Materialize", "Parent Relationship": "Inner", "Startup Cost": 10000000000.0, "Total Cost": 1000000001421.0, "Plan Rows": 1, "Plan Width": 4, "Plans": [{"Node Type": "Index Scan", "Parent Relationship": "Outer", "Scan Direction": "Forward", "Index Name": "info_type_pkey", "Relation Name": "info_type", "Alias": "it1", "Startup Cost": 10000000000.0, "Total Cost": 1000000001421.0, "Plan Rows": 1, "Plan Width": 4, "Filter": "((info)::text = 'release dates'::text)"}]}]}]}]}, {"Node Type": "Materialize", "Parent Relationship": "Inner", "Startup Cost": 10000000000.0, "Total Cost": 1000001050564.82, "Plan Rows": 85170, "Plan Width": 4, "Plans": [{"Node Type": "Index Scan", "Parent Relationship": "Outer", "Scan Direction": "Forward", "Index Name": "company_name_pkey", "Relation Name": "company_name", "Alias": "cn", "Startup Cost": 10000000000.0, "Total Cost": 1000001050138.97, "Plan Rows": 85170, "Plan Width": 4, "Filter": "((country_code)::text = '[us]'::text)"}]}]}]}]}, {"Node Type": "Materialize", "Parent Relationship": "Inner", "Startup Cost": 10000000000.0, "Total Cost": 1000000000829.52, "Plan Rows": 3, "Plan Width": 4, "Plans": [{"Node Type": "Index Only Scan", "Parent Relationship": "Outer", "Scan Direction": "Forward", "Index Name": "company_type_pkey", "Relation Name": "company_type", "Alias": "ct", "Startup Cost": 10000000000.0, "Total Cost": 1000000000829.5, "Plan Rows": 3, "Plan Width": 4}]}]}]}]}, {"Node Type": "Materialize", "Parent Relationship": "Inner", "Startup Cost": 10000000000.0, "Total Cost": 1000000206749.34, "Plan Rows": 134169, "Plan Width": 4, "Plans": [{"Node Type": "Index Only Scan", "Parent Relationship": "Outer", "Scan Direction": "Forward", "Index Name": "keyword_pkey", "Relation Name": "keyword", "Alias": "k", "Startup Cost": 10000000000.0, "Total Cost": 1000000206078.5, "Plan Rows": 134169, "Plan Width": 4}]}]}]}]}]}, "Unique SQL Id": 2846462052}, "explain_analyze_plan": null}, "(64, 44)": {"explain_plan": {"Plan": {"Node Type": "Aggregate", "Strategy": "Plain", "Startup Cost": 69485.14, "Total Cost": 69485.15, "Plan Rows": 1, "Plan Width": 123, "Plans": [{"Node Type": "Nested Loop", "Parent Relationship": "Outer", "Join Type": "Inner", "Startup Cost": 0.0, "Total Cost": 69484.48, "Plan Rows": 132, "Plan Width": 59, "Inner Unique": true, "Plans": [{"Node Type": "Nested Loop", "Parent Relationship": "Outer", "Join Type": "Inner", "Startup Cost": 0.0, "Total Cost": 69446.87, "Plan Rows": 134, "Plan Width": 63, "Inner Unique": false, "Join Filter": "(t.id = mk.movie_id)", "Plans": [{"Node Type": "Nested Loop", "Parent Relationship": "Outer", "Join Type": "Inner", "Startup Cost": 0.0, "Total Cost": 69437.31, "Plan Rows": 17, "Plan Width": 75, "Inner Unique": false, "Plans": [{"Node Type": "Nested Loop", "Parent Relationship": "Outer", "Join Type": "Inner", "Startup Cost": 0.0, "Total Cost": 69433.75, "Plan Rows": 10, "Plan Width": 71, "Inner Unique": true, "Plans": [{"Node Type": "Nested Loop", "Parent Relationship": "Outer", "Join Type": "Inner", "Startup Cost": 0.0, "Total Cost": 69430.58, "Plan Rows": 11, "Plan Width": 75, "Inner Unique": true, "Join Filter": "(mc.company_type_id = ct.id)", "Plans": [{"Node Type": "Nested Loop", "Parent Relationship": "Outer", "Join Type": "Inner", "Startup Cost": 0.0, "Total Cost": 69429.0, "Plan Rows": 12, "Plan Width": 79, "Inner Unique": false, "Plans": [{"Node Type": "Nested Loop", "Parent Relationship": "Outer", "Join Type": "Inner", "Startup Cost": 0.0, "Total Cost": 69426.8, "Plan Rows": 6, "Plan Width": 67, "Inner Unique": true, "Plans": [{"Node Type": "Nested Loop", "Parent Relationship": "Outer", "Join Type": "Inner", "Startup Cost": 0.0, "Total Cost": 69393.85, "Plan Rows": 4, "Plan Width": 46, "Inner Unique": false, "Join Filter": "(it1.id = mi.info_type_id)", "Plans": [{"Node Type": "Seq Scan", "Parent Relationship": "Outer", "Relation Name": "info_type", "Alias": "it1", "Startup Cost": 0.0, "Total Cost": 2.4, "Plan Rows": 1, "Plan Width": 4, "Filter": "((info)::text = 'release dates'::text)"}, {"Node Type": "Materialize", "Parent Relationship": "Inner", "Startup Cost": 0.0, "Total Cost": 69388.9, "Plan Rows": 255, "Plan Width": 50, "Plans": [{"Node Type": "Streaming(type: LOCAL GATHER dop: 1/64)", "Parent Relationship": "Outer", "Startup Cost": 0.0, "Total Cost": 69388.27, "Plan Rows": 255, "Plan Width": 50, "Plans": [{"Node Type": "Seq Scan", "Parent Relationship": "Outer", "Relation Name": "movie_info", "Alias": "mi", "Startup Cost": 0.0, "Total Cost": 69383.01, "Plan Rows": 255, "Plan Width": 50, "Filter": "((info IS NOT NULL) AND ((note)::text ~~ '%internet%'::text) AND (((info)::text ~~ 'USA:% 199%'::text) OR ((info)::text ~~ 'USA:% 200%'::text)))"}]}]}]}, {"Node Type": "Index Scan", "Parent Relationship": "Inner", "Scan Direction": "Forward", "Index Name": "title_pkey", "Relation Name": "title", "Alias": "t", "Startup Cost": 0.0, "Total Cost": 8.23, "Plan Rows": 1, "Plan Width": 21, "Index Cond": "(id = mi.movie_id)", "Filter": "(production_year > 1990)"}]}, {"Node Type": "Index Scan", "Parent Relationship": "Inner", "Scan Direction": "Forward", "Index Name": "movie_id_movie_companies", "Relation Name": "movie_companies", "Alias": "mc", "Startup Cost": 0.0, "Total Cost": 0.35, "Plan Rows": 2, "Plan Width": 12, "Index Cond": "(movie_id = t.id)"}]}, {"Node Type": "Materialize", "Parent Relationship": "Inner", "Startup Cost": 0.0, "Total Cost": 1.04, "Plan Rows": 3, "Plan Width": 4, "Plans": [{"Node Type": "Seq Scan", "Parent Relationship": "Outer", "Relation Name": "company_type", "Alias": "ct", "Startup Cost": 0.0, "Total Cost": 1.03, "Plan Rows": 3, "Plan Width": 4}]}]}, {"Node Type": "Index Scan", "Parent Relationship": "Inner", "Scan Direction": "Forward", "Index Name": "company_name_pkey", "Relation Name": "company_name", "Alias": "cn", "Startup Cost": 0.0, "Total Cost": 0.28, "Plan Rows": 1, "Plan Width": 4, "Index Cond": "(id = mc.company_id)", "Filter": "((country_code)::text = '[us]'::text)"}]}, {"Node Type": "Index Scan", "Parent Relationship": "Inner", "Scan Direction": "Forward", "Index Name": "movie_id_aka_title", "Relation Name": "aka_title", "Alias": "at", "Startup Cost": 0.0, "Total Cost": 0.33, "Plan Rows": 3, "Plan Width": 4, "Index Cond": "(movie_id = t.id)"}]}, {"Node Type": "Index Scan", "Parent Relationship": "Inner", "Scan Direction": "Forward", "Index Name": "movie_id_movie_keyword", "Relation Name": "movie_keyword", "Alias": "mk", "Startup Cost": 0.0, "Total Cost": 0.46, "Plan Rows": 8, "Plan Width": 8, "Index Cond": "(movie_id = mc.movie_id)"}]}, {"Node Type": "Index Scan", "Parent Relationship": "Inner", "Scan Direction": "Forward", "Index Name": "keyword_pkey", "Relation Name": "keyword", "Alias": "k", "Startup Cost": 0.0, "Total Cost": 0.27, "Plan Rows": 1, "Plan Width": 4, "Index Cond": "(id = mk.keyword_id)"}]}]}, "Unique SQL Id": 2846462052}, "explain_analyze_plan": {"Plan": {"Node Type": "Aggregate", "Strategy": "Plain", "Startup Cost": 69485.14, "Total Cost": 69485.15, "Plan Rows": 1, "Plan Width": 123, "Actual Min Startup Time": 227.042, "Actual Max Startup Time": 227.042, "Actual Min Total Time": 227.042, "Actual Max Total Time": 227.042, "Actual Total Rows": 1, "Plans": [{"Node Type": "Nested Loop", "Parent Relationship": "Outer", "Join Type": "Inner", "Startup Cost": 0.0, "Total Cost": 69484.48, "Plan Rows": 132, "Plan Width": 59, "Actual Min Startup Time": 177.541, "Actual Max Startup Time": 177.541, "Actual Min Total Time": 226.263, "Actual Max Total Time": 226.263, "Actual Total Rows": 1140, "Inner Unique": true, "Plans": [{"Node Type": "Nested Loop", "Parent Relationship": "Outer", "Join Type": "Inner", "Startup Cost": 0.0, "Total Cost": 69446.87, "Plan Rows": 134, "Plan Width": 63, "Actual Min Startup Time": 177.527, "Actual Max Startup Time": 177.527, "Actual Min Total Time": 221.342, "Actual Max Total Time": 221.342, "Actual Total Rows": 1140, "Inner Unique": false, "Join Filter": "(t.id = mk.movie_id)", "Rows Removed by Join Filter": 0, "Plans": [{"Node Type": "Nested Loop", "Parent Relationship": "Outer", "Join Type": "Inner", "Startup Cost": 0.0, "Total Cost": 69437.31, "Plan Rows": 17, "Plan Width": 75, "Actual Min Startup Time": 176.958, "Actual Max Startup Time": 176.958, "Actual Min Total Time": 219.649, "Actual Max Total Time": 219.649, "Actual Total Rows": 119, "Inner Unique": false, "Plans": [{"Node Type": "Nested Loop", "Parent Relationship": "Outer", "Join Type": "Inner", "Startup Cost": 0.0, "Total Cost": 69433.75, "Plan Rows": 10, "Plan Width": 71, "Actual Min Startup Time": 176.437, "Actual Max Startup Time": 176.437, "Actual Min Total Time": 213.323, "Actual Max Total Time": 213.323, "Actual Total Rows": 1488, "Inner Unique": true, "Plans": [{"Node Type": "Nested Loop", "Parent Relationship": "Outer", "Join Type": "Inner", "Startup Cost": 0.0, "Total Cost": 69430.58, "Plan Rows": 11, "Plan Width": 75, "Actual Min Startup Time": 176.416, "Actual Max Startup Time": 176.416, "Actual Min Total Time": 204.615, "Actual Max Total Time": 204.615, "Actual Total Rows": 1599, "Inner Unique": true, "Join Filter": "(mc.company_type_id = ct.id)", "Rows Removed by Join Filter": 3855, "Plans": [{"Node Type": "Nested Loop", "Parent Relationship": "Outer", "Join Type": "Inner", "Startup Cost": 0.0, "Total Cost": 69429.0, "Plan Rows": 12, "Plan Width": 79, "Actual Min Startup Time": 176.396, "Actual Max Startup Time": 176.396, "Actual Min Total Time": 202.126, "Actual Max Total Time": 202.126, "Actual Total Rows": 2884, "Inner Unique": false, "Plans": [{"Node Type": "Nested Loop", "Parent Relationship": "Outer", "Join Type": "Inner", "Startup Cost": 0.0, "Total Cost": 69426.8, "Plan Rows": 6, "Plan Width": 67, "Actual Min Startup Time": 176.36, "Actual Max Startup Time": 176.36, "Actual Min Total Time": 190.043, "Actual Max Total Time": 190.043, "Actual Total Rows": 1782, "Inner Unique": true, "Plans": [{"Node Type": "Nested Loop", "Parent Relationship": "Outer", "Join Type": "Inner", "Startup Cost": 0.0, "Total Cost": 69393.85, "Plan Rows": 4, "Plan Width": 46, "Actual Min Startup Time": 176.323, "Actual Max Startup Time": 176.323, "Actual Min Total Time": 177.456, "Actual Max Total Time": 177.456, "Actual Total Rows": 1783, "Inner Unique": false, "Join Filter": "(it1.id = mi.info_type_id)", "Rows Removed by Join Filter": 0, "Plans": [{"Node Type": "Seq Scan", "Parent Relationship": "Outer", "Relation Name": "info_type", "Alias": "it1", "Startup Cost": 0.0, "Total Cost": 2.4, "Plan Rows": 1, "Plan Width": 4, "Actual Min Startup Time": 0.063, "Actual Max Startup Time": 0.063, "Actual Min Total Time": 0.092, "Actual Max Total Time": 0.092, "Actual Total Rows": 1, "Filter": "((info)::text = 'release dates'::text)", "Rows Removed by Filter": 111}, {"Node Type": "Materialize", "Parent Relationship": "Inner", "Startup Cost": 0.0, "Total Cost": 69388.9, "Plan Rows": 255, "Plan Width": 50, "Actual Min Startup Time": 176.233, "Actual Max Startup Time": 176.233, "Actual Min Total Time": 176.514, "Actual Max Total Time": 176.514, "Actual Total Rows": 1784, "Plans": [{"Node Type": "Streaming(type: LOCAL GATHER dop: 1/64)", "Parent Relationship": "Outer", "Startup Cost": 0.0, "Total Cost": 69388.27, "Plan Rows": 255, "Plan Width": 50, "Actual Min Startup Time": 134.737, "Actual Max Startup Time": 134.737, "Actual Min Total Time": 175.88, "Actual Max Total Time": 175.88, "Actual Total Rows": 1783, "Plans": [{"Node Type": "Seq Scan", "Parent Relationship": "Outer", "Relation Name": "movie_info", "Alias": "mi", "Startup Cost": 0.0, "Total Cost": 69383.01, "Plan Rows": 255, "Plan Width": 50, "Actual Min Startup Time": 20.104, "Actual Max Startup Time": 28.337, "Actual Min Total Time": 71.484, "Actual Max Total Time": 81.972, "Actual Total Rows": 1783, "Filter": "((info IS NOT NULL) AND ((note)::text ~~ '%internet%'::text) AND (((info)::text ~~ 'USA:% 199%'::text) OR ((info)::text ~~ 'USA:% 200%'::text)))", "Rows Removed by Filter": 14833936}]}]}]}, {"Node Type": "Index Scan", "Parent Relationship": "Inner", "Scan Direction": "Forward", "Index Name": "title_pkey", "Relation Name": "title", "Alias": "t", "Startup Cost": 0.0, "Total Cost": 8.23, "Plan Rows": 1, "Plan Width": 21, "Actual Min Startup Time": 11.109, "Actual Max Startup Time": 11.109, "Actual Min Total Time": 11.109, "Actual Max Total Time": 11.109, "Actual Total Rows": 1782, "Index Cond": "(id = mi.movie_id)", "Rows Removed by Index Recheck": 0, "Filter": "(production_year > 1990)", "Rows Removed by Filter": 1}]}, {"Node Type": "Index Scan", "Parent Relationship": "Inner", "Scan Direction": "Forward", "Index Name": "movie_id_movie_companies", "Relation Name": "movie_companies", "Alias": "mc", "Startup Cost": 0.0, "Total Cost": 0.35, "Plan Rows": 2, "Plan Width": 12, "Actual Min Startup Time": 8.343, "Actual Max Startup Time": 8.343, "Actual Min Total Time": 10.511, "Actual Max Total Time": 10.511, "Actual Total Rows": 2884, "Index Cond": "(movie_id = t.id)", "Rows Removed by Index Recheck": 0}]}, {"Node Type": "Materialize", "Parent Relationship": "Inner", "Startup Cost": 0.0, "Total Cost": 1.04, "Plan Rows": 3, "Plan Width": 4, "Actual Min Startup Time": 0.286, "Actual Max Startup Time": 0.286, "Actual Min Total Time": 0.644, "Actual Max Total Time": 0.644, "Actual Total Rows": 5454, "Plans": [{"Node Type": "Seq Scan", "Parent Relationship": "Outer", "Relation Name": "company_type", "Alias": "ct", "Startup Cost": 0.0, "Total Cost": 1.03, "Plan Rows": 3, "Plan Width": 4, "Actual Min Startup Time": 0.007, "Actual Max Startup Time": 0.007, "Actual Min Total Time": 0.008, "Actual Max Total Time": 0.008, "Actual Total Rows": 3}]}]}, {"Node Type": "Index Scan", "Parent Relationship": "Inner", "Scan Direction": "Forward", "Index Name": "company_name_pkey", "Relation Name": "company_name", "Alias": "cn", "Startup Cost": 0.0, "Total Cost": 0.28, "Plan Rows": 1, "Plan Width": 4, "Actual Min Startup Time": 7.454, "Actual Max Startup Time": 7.454, "Actual Min Total Time": 7.454, "Actual Max Total Time": 7.454, "Actual Total Rows": 1488, "Index Cond": "(id = mc.company_id)", "Rows Removed by Index Recheck": 0, "Filter": "((country_code)::text = '[us]'::text)", "Rows Removed by Filter": 111}]}, {"Node Type": "Index Scan", "Parent Relationship": "Inner", "Scan Direction": "Forward", "Index Name": "movie_id_aka_title", "Relation Name": "aka_title", "Alias": "at", "Startup Cost": 0.0, "Total Cost": 0.33, "Plan Rows": 3, "Plan Width": 4, "Actual Min Startup Time": 5.351, "Actual Max Startup Time": 5.351, "Actual Min Total Time": 5.446, "Actual Max Total Time": 5.446, "Actual Total Rows": 119, "Index Cond": "(movie_id = t.id)", "Rows Removed by Index Recheck": 0}]}, {"Node Type": "Index Scan", "Parent Relationship": "Inner", "Scan Direction": "Forward", "Index Name": "movie_id_movie_keyword", "Relation Name": "movie_keyword", "Alias": "mk", "Startup Cost": 0.0, "Total Cost": 0.46, "Plan Rows": 8, "Plan Width": 8, "Actual Min Startup Time": 0.622, "Actual Max Startup Time": 0.622, "Actual Min Total Time": 1.168, "Actual Max Total Time": 1.168, "Actual Total Rows": 1140, "Index Cond": "(movie_id = mc.movie_id)", "Rows Removed by Index Recheck": 0}]}, {"Node Type": "Index Scan", "Parent Relationship": "Inner", "Scan Direction": "Forward", "Index Name": "keyword_pkey", "Relation Name": "keyword", "Alias": "k", "Startup Cost": 0.0, "Total Cost": 0.27, "Plan Rows": 1, "Plan Width": 4, "Actual Min Startup Time": 4.029, "Actual Max Startup Time": 4.029, "Actual Min Total Time": 4.029, "Actual Max Total Time": 4.029, "Actual Total Rows": 1140, "Index Cond": "(id = mk.keyword_id)", "Rows Removed by Index Recheck": 0}]}]}, "Triggers": [], "Planner Runtime": 117.577, "Total Runtime": 238.629, "Unique SQL Id": 2846462052}}, "(64, 45)": {"explain_plan": {"Plan": {"Node Type": "Aggregate", "Strategy": "Plain", "Startup Cost": 496852.7, "Total Cost": 496852.71, "Plan Rows": 1, "Plan Width": 123, "Plans": [{"Node Type": "Nested Loop", "Parent Relationship": "Outer", "Join Type": "Inner", "Startup Cost": 0.0, "Total Cost": 496852.04, "Plan Rows": 132, "Plan Width": 59, "Inner Unique": true, "Plans": [{"Node Type": "Nested Loop", "Parent Relationship": "Outer", "Join Type": "Inner", "Startup Cost": 0.0, "Total Cost": 496814.43, "Plan Rows": 134, "Plan Width": 63, "Inner Unique": false, "Join Filter": "(t.id = mk.movie_id)", "Plans": [{"Node Type": "Nested Loop", "Parent Relationship": "Outer", "Join Type": "Inner", "Startup Cost": 0.0, "Total Cost": 496804.87, "Plan Rows": 17, "Plan Width": 75, "Inner Unique": false, "Plans": [{"Node Type": "Nested Loop", "Parent Relationship": "Outer", "Join Type": "Inner", "Startup Cost": 0.0, "Total Cost": 496801.31, "Plan Rows": 10, "Plan Width": 71, "Inner Unique": true, "Plans": [{"Node Type": "Nested Loop", "Parent Relationship": "Outer", "Join Type": "Inner", "Startup Cost": 0.0, "Total Cost": 496798.51, "Plan Rows": 10, "Plan Width": 75, "Inner Unique": true, "Plans": [{"Node Type": "Nested Loop", "Parent Relationship": "Outer", "Join Type": "Inner", "Startup Cost": 0.0, "Total Cost": 496795.05, "Plan Rows": 12, "Plan Width": 79, "Inner Unique": false, "Plans": [{"Node Type": "Nested Loop", "Parent Relationship": "Outer", "Join Type": "Inner", "Startup Cost": 0.0, "Total Cost": 496792.85, "Plan Rows": 6, "Plan Width": 67, "Inner Unique": true, "Plans": [{"Node Type": "Nested Loop", "Parent Relationship": "Outer", "Join Type": "Inner", "Startup Cost": 0.0, "Total Cost": 496759.91, "Plan Rows": 4, "Plan Width": 46, "Inner Unique": false, "Plans": [{"Node Type": "Index Scan", "Parent Relationship": "Outer", "Scan Direction": "Forward", "Index Name": "info_type_pkey", "Relation Name": "info_type", "Alias": "it1", "Startup Cost": 0.0, "Total Cost": 14.21, "Plan Rows": 1, "Plan Width": 4, "Filter": "((info)::text = 'release dates'::text)"}, {"Node Type": "Index Scan", "Parent Relationship": "Inner", "Scan Direction": "Forward", "Index Name": "info_type_id_movie_info", "Relation Name": "movie_info", "Alias": "mi", "Startup Cost": 0.0, "Total Cost": 496745.66, "Plan Rows": 4, "Plan Width": 50, "Index Cond": "(info_type_id = it1.id)", "Filter": "((info IS NOT NULL) AND ((note)::text ~~ '%internet%'::text) AND (((info)::text ~~ 'USA:% 199%'::text) OR ((info)::text ~~ 'USA:% 200%'::text)))"}]}, {"Node Type": "Index Scan", "Parent Relationship": "Inner", "Scan Direction": "Forward", "Index Name": "title_pkey", "Relation Name": "title", "Alias": "t", "Startup Cost": 0.0, "Total Cost": 8.23, "Plan Rows": 1, "Plan Width": 21, "Index Cond": "(id = mi.movie_id)", "Filter": "(production_year > 1990)"}]}, {"Node Type": "Index Scan", "Parent Relationship": "Inner", "Scan Direction": "Forward", "Index Name": "movie_id_movie_companies", "Relation Name": "movie_companies", "Alias": "mc", "Startup Cost": 0.0, "Total Cost": 0.35, "Plan Rows": 2, "Plan Width": 12, "Index Cond": "(movie_id = t.id)"}]}, {"Node Type": "Index Scan", "Parent Relationship": "Inner", "Scan Direction": "Forward", "Index Name": "company_name_pkey", "Relation Name": "company_name", "Alias": "cn", "Startup Cost": 0.0, "Total Cost": 0.28, "Plan Rows": 1, "Plan Width": 4, "Index Cond": "(id = mc.company_id)", "Filter": "((country_code)::text = '[us]'::text)"}]}, {"Node Type": "Index Scan", "Parent Relationship": "Inner", "Scan Direction": "Forward", "Index Name": "company_type_pkey", "Relation Name": "company_type", "Alias": "ct", "Startup Cost": 0.0, "Total Cost": 0.27, "Plan Rows": 1, "Plan Width": 4, "Index Cond": "(id = mc.company_type_id)"}]}, {"Node Type": "Index Scan", "Parent Relationship": "Inner", "Scan Direction": "Forward", "Index Name": "movie_id_aka_title", "Relation Name": "aka_title", "Alias": "at", "Startup Cost": 0.0, "Total Cost": 0.33, "Plan Rows": 3, "Plan Width": 4, "Index Cond": "(movie_id = t.id)"}]}, {"Node Type": "Index Scan", "Parent Relationship": "Inner", "Scan Direction": "Forward", "Index Name": "movie_id_movie_keyword", "Relation Name": "movie_keyword", "Alias": "mk", "Startup Cost": 0.0, "Total Cost": 0.46, "Plan Rows": 8, "Plan Width": 8, "Index Cond": "(movie_id = mc.movie_id)"}]}, {"Node Type": "Index Scan", "Parent Relationship": "Inner", "Scan Direction": "Forward", "Index Name": "keyword_pkey", "Relation Name": "keyword", "Alias": "k", "Startup Cost": 0.0, "Total Cost": 0.27, "Plan Rows": 1, "Plan Width": 4, "Index Cond": "(id = mk.keyword_id)"}]}]}, "Unique SQL Id": 2846462052}, "explain_analyze_plan": null}, "(64, 46)": {"explain_plan": {"Plan": {"Node Type": "Aggregate", "Strategy": "Plain", "Startup Cost": 304079.0, "Total Cost": 304079.01, "Plan Rows": 1, "Plan Width": 123, "Plans": [{"Node Type": "Hash Join", "Parent Relationship": "Outer", "Join Type": "Inner", "Startup Cost": 154962.21, "Total Cost": 304078.33, "Plan Rows": 134, "Plan Width": 59, "Inner Unique": true, "Hash Cond": "(mk.keyword_id = k.id)", "Plans": [{"Node Type": "Nested Loop", "Parent Relationship": "Outer", "Join Type": "Inner", "Startup Cost": 151184.4, "Total Cost": 300298.72, "Plan Rows": 134, "Plan Width": 63, "Inner Unique": true, "Join Filter": "(mc.company_type_id = ct.id)", "Plans": [{"Node Type": "Hash Join", "Parent Relationship": "Outer", "Join Type": "Inner", "Startup Cost": 151184.4, "Total Cost": 300291.65, "Plan Rows": 134, "Plan Width": 67, "Inner Unique": true, "Hash Cond": "(mc.company_id = cn.id)", "Plans": [{"Node Type": "Hash Join", "Parent Relationship": "Outer", "Join Type": "Inner", "Startup Cost": 144216.33, "Total Cost": 293321.64, "Plan Rows": 223, "Plan Width": 71, "Inner Unique": false, "Hash Cond": "(t.id = at.movie_id)", "Plans": [{"Node Type": "Streaming(type: LOCAL GATHER dop: 1/64)", "Parent Relationship": "Outer", "Startup Cost": 137224.26, "Total Cost": 286321.46, "Plan Rows": 101, "Plan Width": 87, "Plans": [{"Node Type": "Hash Join", "Parent Relationship": "Outer", "Join Type": "Inner", "Startup Cost": 137224.26, "Total Cost": 286319.37, "Plan Rows": 101, "Plan Width": 87, "Inner Unique": true, "Hash Cond": "(mi.movie_id = t.id)", "Plans": [{"Node Type": "Streaming(type: BROADCAST dop: 64/1)", "Parent Relationship": "Outer", "Startup Cost": 120873.36, "Total Cost": 269968.17, "Plan Rows": 4672, "Plan Width": 66, "Plans": [{"Node Type": "Hash Join", "Parent Relationship": "Outer", "Join Type": "Inner", "Startup Cost": 120873.36, "Total Cost": 206871.79, "Plan Rows": 73, "Plan Width": 66, "Inner Unique": false, "Hash Cond": "(mk.movie_id = mi.movie_id)", "Plans": [{"Node Type": "Seq Scan", "Parent Relationship": "Outer", "Relation Name": "movie_keyword", "Alias": "mk", "Startup Cost": 0.0, "Total Cost": 62441.29, "Plan Rows": 4523929, "Plan Width": 8}, {"Node Type": "Hash", "Parent Relationship": "Inner", "Startup Cost": 120873.24, "Total Cost": 120873.24, "Plan Rows": 9, "Plan Width": 58, "Plans": [{"Node Type": "Hash Join", "Parent Relationship": "Outer", "Join Type": "Inner", "Startup Cost": 69393.9, "Total Cost": 120873.24, "Plan Rows": 9, "Plan Width": 58, "Inner Unique": false, "Hash Cond": "(mc.movie_id = mi.movie_id)", "Plans": [{"Node Type": "Seq Scan", "Parent Relationship": "Outer", "Relation Name": "movie_companies", "Alias": "mc", "Startup Cost": 0.0, "Total Cost": 41817.28, "Plan Rows": 2609128, "Plan Width": 12}, {"Node Type": "Hash", "Parent Relationship": "Inner", "Startup Cost": 69393.85, "Total Cost": 69393.85, "Plan Rows": 4, "Plan Width": 46, "Plans": [{"Node Type": "Nested Loop", "Parent Relationship": "Outer", "Join Type": "Inner", "Startup Cost": 0.0, "Total Cost": 69393.85, "Plan Rows": 4, "Plan Width": 46, "Inner Unique": false, "Join Filter": "(it1.id = mi.info_type_id)", "Plans": [{"Node Type": "Seq Scan", "Parent Relationship": "Outer", "Relation Name": "info_type", "Alias": "it1", "Startup Cost": 0.0, "Total Cost": 2.4, "Plan Rows": 1, "Plan Width": 4, "Filter": "((info)::text = 'release dates'::text)"}, {"Node Type": "Materialize", "Parent Relationship": "Inner", "Startup Cost": 0.0, "Total Cost": 69388.9, "Plan Rows": 255, "Plan Width": 50, "Plans": [{"Node Type": "Streaming(type: LOCAL GATHER dop: 1/64)", "Parent Relationship": "Outer", "Startup Cost": 0.0, "Total Cost": 69388.27, "Plan Rows": 255, "Plan Width": 50, "Plans": [{"Node Type": "Seq Scan", "Parent Relationship": "Outer", "Relation Name": "movie_info", "Alias": "mi", "Startup Cost": 0.0, "Total Cost": 69383.01, "Plan Rows": 255, "Plan Width": 50, "Filter": "((info IS NOT NULL) AND ((note)::text ~~ '%internet%'::text) AND (((info)::text ~~ 'USA:% 199%'::text) OR ((info)::text ~~ 'USA:% 200%'::text)))"}]}]}]}]}]}]}]}]}, {"Node Type": "Hash", "Parent Relationship": "Inner", "Startup Cost": 64037.34, "Total Cost": 64037.34, "Plan Rows": 1748840, "Plan Width": 21, "Plans": [{"Node Type": "Seq Scan", "Parent Relationship": "Outer", "Relation Name": "title", "Alias": "t", "Startup Cost": 0.0, "Total Cost": 64037.34, "Plan Rows": 1748840, "Plan Width": 21, "Filter": "(production_year > 1990), (LLVM Optimized)"}]}]}]}, {"Node Type": "Hash", "Parent Relationship": "Inner", "Startup Cost": 9894.71, "Total Cost": 9894.71, "Plan Rows": 361471, "Plan Width": 4, "Plans": [{"Node Type": "Seq Scan", "Parent Relationship": "Outer", "Relation Name": "aka_title", "Alias": "at", "Startup Cost": 0.0, "Total Cost": 9894.71, "Plan Rows": 361471, "Plan Width": 4}]}]}, {"Node Type": "Hash", "Parent Relationship": "Inner", "Startup Cost": 5903.45, "Total Cost": 5903.45, "Plan Rows": 85170, "Plan Width": 4, "Plans": [{"Node Type": "Seq Scan", "Parent Relationship": "Outer", "Relation Name": "company_name", "Alias": "cn", "Startup Cost": 0.0, "Total Cost": 5903.45, "Plan Rows": 85170, "Plan Width": 4, "Filter": "((country_code)::text = '[us]'::text)"}]}]}, {"Node Type": "Materialize", "Parent Relationship": "Inner", "Startup Cost": 0.0, "Total Cost": 1.04, "Plan Rows": 3, "Plan Width": 4, "Plans": [{"Node Type": "Seq Scan", "Parent Relationship": "Outer", "Relation Name": "company_type", "Alias": "ct", "Startup Cost": 0.0, "Total Cost": 1.03, "Plan Rows": 3, "Plan Width": 4}]}]}, {"Node Type": "Hash", "Parent Relationship": "Inner", "Startup Cost": 2100.69, "Total Cost": 2100.69, "Plan Rows": 134169, "Plan Width": 4, "Plans": [{"Node Type": "Seq Scan", "Parent Relationship": "Outer", "Relation Name": "keyword", "Alias": "k", "Startup Cost": 0.0, "Total Cost": 2100.69, "Plan Rows": 134169, "Plan Width": 4}]}]}]}, "Unique SQL Id": 2846462052}, "explain_analyze_plan": null}, "(64, 47)": {"explain_plan": {"Plan": {"Node Type": "Aggregate", "Strategy": "Plain", "Startup Cost": 9000156178034.72, "Total Cost": 9000156178034.73, "Plan Rows": 1, "Plan Width": 123, "Plans": [{"Node Type": "Nested Loop", "Parent Relationship": "Outer", "Join Type": "Inner", "Startup Cost": 90000000000.0, "Total Cost": 9000156178034.05, "Plan Rows": 134, "Plan Width": 59, "Inner Unique": false, "Join Filter": "(t.id = at.movie_id)", "Plans": [{"Node Type": "Index Scan", "Parent Relationship": "Outer", "Scan Direction": "Forward", "Index Name": "movie_id_aka_title", "Relation Name": "aka_title", "Alias": "at", "Startup Cost": 10000000000.0, "Total Cost": 1000001990001.13, "Plan Rows": 361471, "Plan Width": 4}, {"Node Type": "Materialize", "Parent Relationship": "Inner", "Startup Cost": 80000000000.0, "Total Cost": 8000153759689.98, "Plan Rows": 79, "Plan Width": 75, "Plans": [{"Node Type": "Nested Loop", "Parent Relationship": "Outer", "Join Type": "Inner", "Startup Cost": 80000000000.0, "Total Cost": 8000153759689.58, "Plan Rows": 79, "Plan Width": 75, "Inner Unique": true, "Join Filter": "(mk.keyword_id = k.id)", "Plans": [{"Node Type": "Nested Loop", "Parent Relationship": "Outer", "Join Type": "Inner", "Startup Cost": 70000000000.0, "Total Cost": 7000153315634.46, "Plan Rows": 79, "Plan Width": 79, "Inner Unique": false, "Join Filter": "(t.id = mk.movie_id)", "Plans": [{"Node Type": "Index Scan", "Parent Relationship": "Outer", "Scan Direction": "Forward", "Index Name": "movie_id_movie_keyword", "Relation Name": "movie_keyword", "Alias": "mk", "Startup Cost": 10000000000.0, "Total Cost": 1000015300634.17, "Plan Rows": 4523929, "Plan Width": 8}, {"Node Type": "Materialize", "Parent Relationship": "Inner", "Startup Cost": 60000000000.0, "Total Cost": 6000137336410.97, "Plan Rows": 10, "Plan Width": 71, "Plans": [{"Node Type": "Nested Loop", "Parent Relationship": "Outer", "Join Type": "Inner", "Startup Cost": 60000000000.0, "Total Cost": 6000137336410.92, "Plan Rows": 10, "Plan Width": 71, "Inner Unique": true, "Join Filter": "(mc.company_type_id = ct.id)", "Plans": [{"Node Type": "Nested Loop", "Parent Relationship": "Outer", "Join Type": "Inner", "Startup Cost": 50000000000.0, "Total Cost": 5000137335180.96, "Plan Rows": 10, "Plan Width": 75, "Inner Unique": false, "Join Filter": "(mi.movie_id = t.id)", "Plans": [{"Node Type": "Index Scan", "Parent Relationship": "Outer", "Scan Direction": "Forward", "Index Name": "title_pkey", "Relation Name": "title", "Alias": "t", "Startup Cost": 10000000000.0, "Total Cost": 1000011644126.66, "Plan Rows": 1748840, "Plan Width": 21, "Filter": "(production_year > 1990), (LLVM Optimized)"}, {"Node Type": "Materialize", "Parent Relationship": "Inner", "Startup Cost": 40000000000.0, "Total Cost": 4000125507426.11, "Plan Rows": 7, "Plan Width": 54, "Plans": [{"Node Type": "Nested Loop", "Parent Relationship": "Outer", "Join Type": "Inner", "Startup Cost": 40000000000.0, "Total Cost": 4000125507426.08, "Plan Rows": 7, "Plan Width": 54, "Inner Unique": true, "Join Filter": "(mc.company_id = cn.id)", "Plans": [{"Node Type": "Nested Loop", "Parent Relationship": "Outer", "Join Type": "Inner", "Startup Cost": 30000000000.0, "Total Cost": 3000124445576.23, "Plan Rows": 9, "Plan Width": 58, "Inner Unique": false, "Join Filter": "(mi.movie_id = mc.movie_id)", "Plans": [{"Node Type": "Index Scan", "Parent Relationship": "Outer", "Scan Direction": "Forward", "Index Name": "company_type_id_movie_companies", "Relation Name": "movie_companies", "Alias": "mc", "Startup Cost": 10000000000.0, "Total Cost": 1000009318217.0, "Plan Rows": 2609128, "Plan Width": 12}, {"Node Type": "Materialize", "Parent Relationship": "Inner", "Startup Cost": 20000000000.0, "Total Cost": 2000114970811.56, "Plan Rows": 4, "Plan Width": 46, "Plans": [{"Node Type": "Nested Loop", "Parent Relationship": "Outer", "Join Type": "Inner", "Startup Cost": 20000000000.0, "Total Cost": 2000114970811.54, "Plan Rows": 4, "Plan Width": 46, "Inner Unique": true, "Join Filter": "(it1.id = mi.info_type_id)", "Plans": [{"Node Type": "Index Scan", "Parent Relationship": "Outer", "Scan Direction": "Forward", "Index Name": "movie_id_movie_info", "Relation Name": "movie_info", "Alias": "mi", "Startup Cost": 10000000000.0, "Total Cost": 1000114969386.72, "Plan Rows": 255, "Plan Width": 50, "Filter": "((info IS NOT NULL) AND ((note)::text ~~ '%internet%'::text) AND (((info)::text ~~ 'USA:% 199%'::text) OR ((info)::text ~~ 'USA:% 200%'::text)))"}, {"Node Type": "Materialize", "Parent Relationship": "Inner", "Startup Cost": 10000000000.0, "Total Cost": 1000000001421.0, "Plan Rows": 1, "Plan Width": 4, "Plans": [{"Node Type": "Index Scan", "Parent Relationship": "Outer", "Scan Direction": "Forward", "Index Name": "info_type_pkey", "Relation Name": "info_type", "Alias": "it1", "Startup Cost": 10000000000.0, "Total Cost": 1000000001421.0, "Plan Rows": 1, "Plan Width": 4, "Filter": "((info)::text = 'release dates'::text)"}]}]}]}]}, {"Node Type": "Materialize", "Parent Relationship": "Inner", "Startup Cost": 10000000000.0, "Total Cost": 1000001050564.82, "Plan Rows": 85170, "Plan Width": 4, "Plans": [{"Node Type": "Index Scan", "Parent Relationship": "Outer", "Scan Direction": "Forward", "Index Name": "company_name_pkey", "Relation Name": "company_name", "Alias": "cn", "Startup Cost": 10000000000.0, "Total Cost": 1000001050138.97, "Plan Rows": 85170, "Plan Width": 4, "Filter": "((country_code)::text = '[us]'::text)"}]}]}]}]}, {"Node Type": "Materialize", "Parent Relationship": "Inner", "Startup Cost": 10000000000.0, "Total Cost": 1000000001229.52, "Plan Rows": 3, "Plan Width": 4, "Plans": [{"Node Type": "Index Scan", "Parent Relationship": "Outer", "Scan Direction": "Forward", "Index Name": "company_type_pkey", "Relation Name": "company_type", "Alias": "ct", "Startup Cost": 10000000000.0, "Total Cost": 1000000001229.5, "Plan Rows": 3, "Plan Width": 4}]}]}]}]}, {"Node Type": "Materialize", "Parent Relationship": "Inner", "Startup Cost": 10000000000.0, "Total Cost": 1000000285400.28, "Plan Rows": 134169, "Plan Width": 4, "Plans": [{"Node Type": "Index Scan", "Parent Relationship": "Outer", "Scan Direction": "Forward", "Index Name": "keyword_pkey", "Relation Name": "keyword", "Alias": "k", "Startup Cost": 10000000000.0, "Total Cost": 1000000284729.43, "Plan Rows": 134169, "Plan Width": 4}]}]}]}]}]}, "Unique SQL Id": 2846462052}, "explain_analyze_plan": null}, "(64, 48)": {"explain_plan": {"Plan": {"Node Type": "Aggregate", "Strategy": "Plain", "Startup Cost": 69465.15, "Total Cost": 69465.16, "Plan Rows": 1, "Plan Width": 123, "Plans": [{"Node Type": "Nested Loop", "Parent Relationship": "Outer", "Join Type": "Inner", "Startup Cost": 0.0, "Total Cost": 69464.49, "Plan Rows": 132, "Plan Width": 59, "Inner Unique": false, "Plans": [{"Node Type": "Nested Loop", "Parent Relationship": "Outer", "Join Type": "Inner", "Startup Cost": 0.0, "Total Cost": 69449.44, "Plan Rows": 44, "Plan Width": 75, "Inner Unique": true, "Plans": [{"Node Type": "Nested Loop", "Parent Relationship": "Outer", "Join Type": "Inner", "Startup Cost": 0.0, "Total Cost": 69437.12, "Plan Rows": 44, "Plan Width": 79, "Inner Unique": false, "Join Filter": "(t.id = mk.movie_id)", "Plans": [{"Node Type": "Nested Loop", "Parent Relationship": "Outer", "Join Type": "Inner", "Startup Cost": 0.0, "Total Cost": 69433.75, "Plan Rows": 6, "Plan Width": 71, "Inner Unique": true, "Plans": [{"Node Type": "Nested Loop", "Parent Relationship": "Outer", "Join Type": "Inner", "Startup Cost": 0.0, "Total Cost": 69430.58, "Plan Rows": 11, "Plan Width": 75, "Inner Unique": true, "Join Filter": "(mc.company_type_id = ct.id)", "Plans": [{"Node Type": "Nested Loop", "Parent Relationship": "Outer", "Join Type": "Inner", "Startup Cost": 0.0, "Total Cost": 69429.0, "Plan Rows": 12, "Plan Width": 79, "Inner Unique": false, "Plans": [{"Node Type": "Nested Loop", "Parent Relationship": "Outer", "Join Type": "Inner", "Startup Cost": 0.0, "Total Cost": 69426.8, "Plan Rows": 6, "Plan Width": 67, "Inner Unique": true, "Plans": [{"Node Type": "Nested Loop", "Parent Relationship": "Outer", "Join Type": "Inner", "Startup Cost": 0.0, "Total Cost": 69393.85, "Plan Rows": 4, "Plan Width": 46, "Inner Unique": false, "Join Filter": "(it1.id = mi.info_type_id)", "Plans": [{"Node Type": "Seq Scan", "Parent Relationship": "Outer", "Relation Name": "info_type", "Alias": "it1", "Startup Cost": 0.0, "Total Cost": 2.4, "Plan Rows": 1, "Plan Width": 4, "Filter": "((info)::text = 'release dates'::text)"}, {"Node Type": "Materialize", "Parent Relationship": "Inner", "Startup Cost": 0.0, "Total Cost": 69388.9, "Plan Rows": 255, "Plan Width": 50, "Plans": [{"Node Type": "Streaming(type: LOCAL GATHER dop: 1/64)", "Parent Relationship": "Outer", "Startup Cost": 0.0, "Total Cost": 69388.27, "Plan Rows": 255, "Plan Width": 50, "Plans": [{"Node Type": "Seq Scan", "Parent Relationship": "Outer", "Relation Name": "movie_info", "Alias": "mi", "Startup Cost": 0.0, "Total Cost": 69383.01, "Plan Rows": 255, "Plan Width": 50, "Filter": "((info IS NOT NULL) AND ((note)::text ~~ '%internet%'::text) AND (((info)::text ~~ 'USA:% 199%'::text) OR ((info)::text ~~ 'USA:% 200%'::text)))"}]}]}]}, {"Node Type": "Index Scan", "Parent Relationship": "Inner", "Scan Direction": "Forward", "Index Name": "title_pkey", "Relation Name": "title", "Alias": "t", "Startup Cost": 0.0, "Total Cost": 8.23, "Plan Rows": 1, "Plan Width": 21, "Index Cond": "(id = mi.movie_id)", "Filter": "(production_year > 1990)"}]}, {"Node Type": "Index Scan", "Parent Relationship": "Inner", "Scan Direction": "Forward", "Index Name": "movie_id_movie_companies", "Relation Name": "movie_companies", "Alias": "mc", "Startup Cost": 0.0, "Total Cost": 0.35, "Plan Rows": 2, "Plan Width": 12, "Index Cond": "(movie_id = t.id)"}]}, {"Node Type": "Materialize", "Parent Relationship": "Inner", "Startup Cost": 0.0, "Total Cost": 1.04, "Plan Rows": 3, "Plan Width": 4, "Plans": [{"Node Type": "Seq Scan", "Parent Relationship": "Outer", "Relation Name": "company_type", "Alias": "ct", "Startup Cost": 0.0, "Total Cost": 1.03, "Plan Rows": 3, "Plan Width": 4}]}]}, {"Node Type": "Index Scan", "Parent Relationship": "Inner", "Scan Direction": "Forward", "Index Name": "company_name_pkey", "Relation Name": "company_name", "Alias": "cn", "Startup Cost": 0.0, "Total Cost": 0.28, "Plan Rows": 1, "Plan Width": 4, "Index Cond": "(id = mc.company_id)", "Filter": "((country_code)::text = '[us]'::text)"}]}, {"Node Type": "Index Scan", "Parent Relationship": "Inner", "Scan Direction": "Forward", "Index Name": "movie_id_movie_keyword", "Relation Name": "movie_keyword", "Alias": "mk", "Startup Cost": 0.0, "Total Cost": 0.46, "Plan Rows": 8, "Plan Width": 8, "Index Cond": "(movie_id = mc.movie_id)"}]}, {"Node Type": "Index Only Scan", "Parent Relationship": "Inner", "Scan Direction": "Forward", "Index Name": "keyword_pkey", "Relation Name": "keyword", "Alias": "k", "Startup Cost": 0.0, "Total Cost": 0.27, "Plan Rows": 1, "Plan Width": 4, "Index Cond": "(id = mk.keyword_id)"}]}, {"Node Type": "Index Only Scan", "Parent Relationship": "Inner", "Scan Direction": "Forward", "Index Name": "movie_id_aka_title", "Relation Name": "aka_title", "Alias": "at", "Startup Cost": 0.0, "Total Cost": 0.31, "Plan Rows": 3, "Plan Width": 4, "Index Cond": "(movie_id = t.id)"}]}]}, "Unique SQL Id": 2846462052}, "explain_analyze_plan": {"Plan": {"Node Type": "Aggregate", "Strategy": "Plain", "Startup Cost": 69465.15, "Total Cost": 69465.16, "Plan Rows": 1, "Plan Width": 123, "Actual Min Startup Time": 345.13, "Actual Max Startup Time": 345.13, "Actual Min Total Time": 345.13, "Actual Max Total Time": 345.13, "Actual Total Rows": 1, "Plans": [{"Node Type": "Nested Loop", "Parent Relationship": "Outer", "Join Type": "Inner", "Startup Cost": 0.0, "Total Cost": 69464.49, "Plan Rows": 132, "Plan Width": 59, "Actual Min Startup Time": 257.427, "Actual Max Startup Time": 257.427, "Actual Min Total Time": 344.303, "Actual Max Total Time": 344.303, "Actual Total Rows": 1140, "Inner Unique": false, "Plans": [{"Node Type": "Nested Loop", "Parent Relationship": "Outer", "Join Type": "Inner", "Startup Cost": 0.0, "Total Cost": 69449.44, "Plan Rows": 44, "Plan Width": 75, "Actual Min Startup Time": 255.301, "Actual Max Startup Time": 255.301, "Actual Min Total Time": 331.262, "Actual Max Total Time": 331.262, "Actual Total Rows": 4808, "Inner Unique": true, "Plans": [{"Node Type": "Nested Loop", "Parent Relationship": "Outer", "Join Type": "Inner", "Startup Cost": 0.0, "Total Cost": 69437.12, "Plan Rows": 44, "Plan Width": 79, "Actual Min Startup Time": 255.277, "Actual Max Startup Time": 255.277, "Actual Min Total Time": 314.328, "Actual Max Total Time": 314.328, "Actual Total Rows": 4808, "Inner Unique": false, "Join Filter": "(t.id = mk.movie_id)", "Rows Removed by Join Filter": 0, "Plans": [{"Node Type": "Nested Loop", "Parent Relationship": "Outer", "Join Type": "Inner", "Startup Cost": 0.0, "Total Cost": 69433.75, "Plan Rows": 6, "Plan Width": 71, "Actual Min Startup Time": 255.176, "Actual Max Startup Time": 255.176, "Actual Min Total Time": 300.972, "Actual Max Total Time": 300.972, "Actual Total Rows": 1488, "Inner Unique": true, "Plans": [{"Node Type": "Nested Loop", "Parent Relationship": "Outer", "Join Type": "Inner", "Startup Cost": 0.0, "Total Cost": 69430.58, "Plan Rows": 11, "Plan Width": 75, "Actual Min Startup Time": 255.148, "Actual Max Startup Time": 255.148, "Actual Min Total Time": 289.815, "Actual Max Total Time": 289.815, "Actual Total Rows": 1599, "Inner Unique": true, "Join Filter": "(mc.company_type_id = ct.id)", "Rows Removed by Join Filter": 3855, "Plans": [{"Node Type": "Nested Loop", "Parent Relationship": "Outer", "Join Type": "Inner", "Startup Cost": 0.0, "Total Cost": 69429.0, "Plan Rows": 12, "Plan Width": 79, "Actual Min Startup Time": 255.122, "Actual Max Startup Time": 255.122, "Actual Min Total Time": 287.181, "Actual Max Total Time": 287.181, "Actual Total Rows": 2884, "Inner Unique": false, "Plans": [{"Node Type": "Nested Loop", "Parent Relationship": "Outer", "Join Type": "Inner", "Startup Cost": 0.0, "Total Cost": 69426.8, "Plan Rows": 6, "Plan Width": 67, "Actual Min Startup Time": 255.072, "Actual Max Startup Time": 255.072, "Actual Min Total Time": 270.731, "Actual Max Total Time": 270.731, "Actual Total Rows": 1782, "Inner Unique": true, "Plans": [{"Node Type": "Nested Loop", "Parent Relationship": "Outer", "Join Type": "Inner", "Startup Cost": 0.0, "Total Cost": 69393.85, "Plan Rows": 4, "Plan Width": 46, "Actual Min Startup Time": 255.014, "Actual Max Startup Time": 255.014, "Actual Min Total Time": 256.226, "Actual Max Total Time": 256.226, "Actual Total Rows": 1783, "Inner Unique": false, "Join Filter": "(it1.id = mi.info_type_id)", "Rows Removed by Join Filter": 0, "Plans": [{"Node Type": "Seq Scan", "Parent Relationship": "Outer", "Relation Name": "info_type", "Alias": "it1", "Startup Cost": 0.0, "Total Cost": 2.4, "Plan Rows": 1, "Plan Width": 4, "Actual Min Startup Time": 0.089, "Actual Max Startup Time": 0.089, "Actual Min Total Time": 0.117, "Actual Max Total Time": 0.117, "Actual Total Rows": 1, "Filter": "((info)::text = 'release dates'::text)", "Rows Removed by Filter": 111}, {"Node Type": "Materialize", "Parent Relationship": "Inner", "Startup Cost": 0.0, "Total Cost": 69388.9, "Plan Rows": 255, "Plan Width": 50, "Actual Min Startup Time": 254.872, "Actual Max Startup Time": 254.872, "Actual Min Total Time": 255.183, "Actual Max Total Time": 255.183, "Actual Total Rows": 1784, "Plans": [{"Node Type": "Streaming(type: LOCAL GATHER dop: 1/64)", "Parent Relationship": "Outer", "Startup Cost": 0.0, "Total Cost": 69388.27, "Plan Rows": 255, "Plan Width": 50, "Actual Min Startup Time": 77.082, "Actual Max Startup Time": 77.082, "Actual Min Total Time": 254.429, "Actual Max Total Time": 254.429, "Actual Total Rows": 1783, "Plans": [{"Node Type": "Seq Scan", "Parent Relationship": "Outer", "Relation Name": "movie_info", "Alias": "mi", "Startup Cost": 0.0, "Total Cost": 69383.01, "Plan Rows": 255, "Plan Width": 50, "Actual Min Startup Time": 20.238, "Actual Max Startup Time": 29.384, "Actual Min Total Time": 72.173, "Actual Max Total Time": 84.825, "Actual Total Rows": 1783, "Filter": "((info IS NOT NULL) AND ((note)::text ~~ '%internet%'::text) AND (((info)::text ~~ 'USA:% 199%'::text) OR ((info)::text ~~ 'USA:% 200%'::text)))", "Rows Removed by Filter": 14833936}]}]}]}, {"Node Type": "Index Scan", "Parent Relationship": "Inner", "Scan Direction": "Forward", "Index Name": "title_pkey", "Relation Name": "title", "Alias": "t", "Startup Cost": 0.0, "Total Cost": 8.23, "Plan Rows": 1, "Plan Width": 21, "Actual Min Startup Time": 12.969, "Actual Max Startup Time": 12.969, "Actual Min Total Time": 12.969, "Actual Max Total Time": 12.969, "Actual Total Rows": 1782, "Index Cond": "(id = mi.movie_id)", "Rows Removed by Index Recheck": 0, "Filter": "(production_year > 1990)", "Rows Removed by Filter": 1}]}, {"Node Type": "Index Scan", "Parent Relationship": "Inner", "Scan Direction": "Forward", "Index Name": "movie_id_movie_companies", "Relation Name": "movie_companies", "Alias": "mc", "Startup Cost": 0.0, "Total Cost": 0.35, "Plan Rows": 2, "Plan Width": 12, "Actual Min Startup Time": 11.941, "Actual Max Startup Time": 11.941, "Actual Min Total Time": 14.872, "Actual Max Total Time": 14.872, "Actual Total Rows": 2884, "Index Cond": "(movie_id = t.id)", "Rows Removed by Index Recheck": 0}]}, {"Node Type": "Materialize", "Parent Relationship": "Inner", "Startup Cost": 0.0, "Total Cost": 1.04, "Plan Rows": 3, "Plan Width": 4, "Actual Min Startup Time": 0.325, "Actual Max Startup Time": 0.325, "Actual Min Total Time": 0.663, "Actual Max Total Time": 0.663, "Actual Total Rows": 5454, "Plans": [{"Node Type": "Seq Scan", "Parent Relationship": "Outer", "Relation Name": "company_type", "Alias": "ct", "Startup Cost": 0.0, "Total Cost": 1.03, "Plan Rows": 3, "Plan Width": 4, "Actual Min Startup Time": 0.009, "Actual Max Startup Time": 0.009, "Actual Min Total Time": 0.011, "Actual Max Total Time": 0.011, "Actual Total Rows": 3}]}]}, {"Node Type": "Index Scan", "Parent Relationship": "Inner", "Scan Direction": "Forward", "Index Name": "company_name_pkey", "Relation Name": "company_name", "Alias": "cn", "Startup Cost": 0.0, "Total Cost": 0.28, "Plan Rows": 1, "Plan Width": 4, "Actual Min Startup Time": 9.829, "Actual Max Startup Time": 9.829, "Actual Min Total Time": 9.829, "Actual Max Total Time": 9.829, "Actual Total Rows": 1488, "Index Cond": "(id = mc.company_id)", "Rows Removed by Index Recheck": 0, "Filter": "((country_code)::text = '[us]'::text)", "Rows Removed by Filter": 111}]}, {"Node Type": "Index Scan", "Parent Relationship": "Inner", "Scan Direction": "Forward", "Index Name": "movie_id_movie_keyword", "Relation Name": "movie_keyword", "Alias": "mk", "Startup Cost": 0.0, "Total Cost": 0.46, "Plan Rows": 8, "Plan Width": 8, "Actual Min Startup Time": 8.204, "Actual Max Startup Time": 8.204, "Actual Min Total Time": 10.552, "Actual Max Total Time": 10.552, "Actual Total Rows": 4808, "Index Cond": "(movie_id = mc.movie_id)", "Rows Removed by Index Recheck": 0}]}, {"Node Type": "Index Only Scan", "Parent Relationship": "Inner", "Scan Direction": "Forward", "Index Name": "keyword_pkey", "Relation Name": "keyword", "Alias": "k", "Startup Cost": 0.0, "Total Cost": 0.27, "Plan Rows": 1, "Plan Width": 4, "Actual Min Startup Time": 13.424, "Actual Max Startup Time": 13.424, "Actual Min Total Time": 13.424, "Actual Max Total Time": 13.424, "Actual Total Rows": 4808, "Index Cond": "(id = mk.keyword_id)", "Rows Removed by Index Recheck": 0, "Heap Fetches": 0}]}, {"Node Type": "Index Only Scan", "Parent Relationship": "Inner", "Scan Direction": "Forward", "Index Name": "movie_id_aka_title", "Relation Name": "aka_title", "Alias": "at", "Startup Cost": 0.0, "Total Cost": 0.31, "Plan Rows": 3, "Plan Width": 4, "Actual Min Startup Time": 10.178, "Actual Max Startup Time": 10.178, "Actual Min Total Time": 10.466, "Actual Max Total Time": 10.466, "Actual Total Rows": 1140, "Index Cond": "(movie_id = t.id)", "Rows Removed by Index Recheck": 0, "Heap Fetches": 0}]}]}, "Triggers": [], "Planner Runtime": 41.184, "Total Runtime": 358.109, "Unique SQL Id": 2846462052}}, "(64, 49)": {"explain_plan": {"Plan": {"Node Type": "Aggregate", "Strategy": "Plain", "Startup Cost": 165028.91, "Total Cost": 165028.92, "Plan Rows": 1, "Plan Width": 123, "Plans": [{"Node Type": "Nested Loop", "Parent Relationship": "Outer", "Join Type": "Inner", "Startup Cost": 4841.46, "Total Cost": 165028.25, "Plan Rows": 132, "Plan Width": 59, "Inner Unique": false, "Plans": [{"Node Type": "Nested Loop", "Parent Relationship": "Outer", "Join Type": "Inner", "Startup Cost": 4841.46, "Total Cost": 165013.2, "Plan Rows": 44, "Plan Width": 75, "Inner Unique": true, "Plans": [{"Node Type": "Nested Loop", "Parent Relationship": "Outer", "Join Type": "Inner", "Startup Cost": 4841.46, "Total Cost": 165000.88, "Plan Rows": 44, "Plan Width": 79, "Inner Unique": false, "Join Filter": "(t.id = mk.movie_id)", "Plans": [{"Node Type": "Nested Loop", "Parent Relationship": "Outer", "Join Type": "Inner", "Startup Cost": 4841.46, "Total Cost": 164997.5, "Plan Rows": 6, "Plan Width": 71, "Inner Unique": true, "Plans": [{"Node Type": "Nested Loop", "Parent Relationship": "Outer", "Join Type": "Inner", "Startup Cost": 4841.46, "Total Cost": 164994.7, "Plan Rows": 10, "Plan Width": 75, "Inner Unique": true, "Plans": [{"Node Type": "Nested Loop", "Parent Relationship": "Outer", "Join Type": "Inner", "Startup Cost": 4841.46, "Total Cost": 164991.25, "Plan Rows": 12, "Plan Width": 79, "Inner Unique": false, "Plans": [{"Node Type": "Nested Loop", "Parent Relationship": "Outer", "Join Type": "Inner", "Startup Cost": 4841.46, "Total Cost": 164989.04, "Plan Rows": 6, "Plan Width": 67, "Inner Unique": true, "Plans": [{"Node Type": "Nested Loop", "Parent Relationship": "Outer", "Join Type": "Inner", "Startup Cost": 4841.46, "Total Cost": 164956.1, "Plan Rows": 4, "Plan Width": 46, "Inner Unique": false, "Plans": [{"Node Type": "Index Scan", "Parent Relationship": "Outer", "Scan Direction": "Forward", "Index Name": "info_type_pkey", "Relation Name": "info_type", "Alias": "it1", "Startup Cost": 0.0, "Total Cost": 14.21, "Plan Rows": 1, "Plan Width": 4, "Filter": "((info)::text = 'release dates'::text)"}, {"Node Type": "Bitmap Heap Scan", "Parent Relationship": "Inner", "Relation Name": "movie_info", "Alias": "mi", "Startup Cost": 4841.46, "Total Cost": 164941.85, "Plan Rows": 4, "Plan Width": 50, "Recheck Cond": "(info_type_id = it1.id)", "Filter": "((info IS NOT NULL) AND ((note)::text ~~ '%internet%'::text) AND (((info)::text ~~ 'USA:% 199%'::text) OR ((info)::text ~~ 'USA:% 200%'::text)))", "Plans": [{"Node Type": "Bitmap Index Scan", "Parent Relationship": "Outer", "Index Name": "info_type_id_movie_info", "Startup Cost": 0.0, "Total Cost": 4841.46, "Plan Rows": 212428, "Plan Width": 0, "Index Cond": "(info_type_id = it1.id)"}]}]}, {"Node Type": "Index Scan", "Parent Relationship": "Inner", "Scan Direction": "Forward", "Index Name": "title_pkey", "Relation Name": "title", "Alias": "t", "Startup Cost": 0.0, "Total Cost": 8.23, "Plan Rows": 1, "Plan Width": 21, "Index Cond": "(id = mi.movie_id)", "Filter": "(production_year > 1990)"}]}, {"Node Type": "Index Scan", "Parent Relationship": "Inner", "Scan Direction": "Forward", "Index Name": "movie_id_movie_companies", "Relation Name": "movie_companies", "Alias": "mc", "Startup Cost": 0.0, "Total Cost": 0.35, "Plan Rows": 2, "Plan Width": 12, "Index Cond": "(movie_id = t.id)"}]}, {"Node Type": "Index Scan", "Parent Relationship": "Inner", "Scan Direction": "Forward", "Index Name": "company_name_pkey", "Relation Name": "company_name", "Alias": "cn", "Startup Cost": 0.0, "Total Cost": 0.28, "Plan Rows": 1, "Plan Width": 4, "Index Cond": "(id = mc.company_id)", "Filter": "((country_code)::text = '[us]'::text)"}]}, {"Node Type": "Index Only Scan", "Parent Relationship": "Inner", "Scan Direction": "Forward", "Index Name": "company_type_pkey", "Relation Name": "company_type", "Alias": "ct", "Startup Cost": 0.0, "Total Cost": 0.27, "Plan Rows": 1, "Plan Width": 4, "Index Cond": "(id = mc.company_type_id)"}]}, {"Node Type": "Index Scan", "Parent Relationship": "Inner", "Scan Direction": "Forward", "Index Name": "movie_id_movie_keyword", "Relation Name": "movie_keyword", "Alias": "mk", "Startup Cost": 0.0, "Total Cost": 0.46, "Plan Rows": 8, "Plan Width": 8, "Index Cond": "(movie_id = mc.movie_id)"}]}, {"Node Type": "Index Only Scan", "Parent Relationship": "Inner", "Scan Direction": "Forward", "Index Name": "keyword_pkey", "Relation Name": "keyword", "Alias": "k", "Startup Cost": 0.0, "Total Cost": 0.27, "Plan Rows": 1, "Plan Width": 4, "Index Cond": "(id = mk.keyword_id)"}]}, {"Node Type": "Index Only Scan", "Parent Relationship": "Inner", "Scan Direction": "Forward", "Index Name": "movie_id_aka_title", "Relation Name": "aka_title", "Alias": "at", "Startup Cost": 0.0, "Total Cost": 0.31, "Plan Rows": 3, "Plan Width": 4, "Index Cond": "(movie_id = t.id)"}]}]}, "Unique SQL Id": 2846462052}, "explain_analyze_plan": null}, "(64, 50)": {"explain_plan": {"Plan": {"Node Type": "Aggregate", "Strategy": "Plain", "Startup Cost": 70461.66, "Total Cost": 70461.67, "Plan Rows": 1, "Plan Width": 123, "Plans": [{"Node Type": "Nested Loop", "Parent Relationship": "Outer", "Join Type": "Inner", "Startup Cost": 5.28, "Total Cost": 70461.0, "Plan Rows": 132, "Plan Width": 59, "Inner Unique": true, "Join Filter": "(at.movie_id = t.id)", "Plans": [{"Node Type": "Nested Loop", "Parent Relationship": "Outer", "Join Type": "Inner", "Startup Cost": 5.01, "Total Cost": 70053.12, "Plan Rows": 95, "Plan Width": 58, "Inner Unique": true, "Plans": [{"Node Type": "Nested Loop", "Parent Relationship": "Outer", "Join Type": "Inner", "Startup Cost": 4.75, "Total Cost": 69637.93, "Plan Rows": 97, "Plan Width": 62, "Inner Unique": false, "Join Filter": "(at.movie_id = mk.movie_id)", "Plans": [{"Node Type": "Nested Loop", "Parent Relationship": "Outer", "Join Type": "Inner", "Startup Cost": 4.42, "Total Cost": 69583.48, "Plan Rows": 12, "Plan Width": 54, "Inner Unique": true, "Join Filter": "(mc.company_type_id = ct.id)", "Plans": [{"Node Type": "Nested Loop", "Parent Relationship": "Outer", "Join Type": "Inner", "Startup Cost": 4.42, "Total Cost": 69581.9, "Plan Rows": 12, "Plan Width": 58, "Inner Unique": true, "Plans": [{"Node Type": "Nested Loop", "Parent Relationship": "Outer", "Join Type": "Inner", "Startup Cost": 4.16, "Total Cost": 69496.23, "Plan Rows": 20, "Plan Width": 62, "Inner Unique": false, "Plans": [{"Node Type": "Nested Loop", "Parent Relationship": "Outer", "Join Type": "Inner", "Startup Cost": 3.79, "Total Cost": 69456.49, "Plan Rows": 9, "Plan Width": 50, "Inner Unique": false, "Plans": [{"Node Type": "Nested Loop", "Parent Relationship": "Outer", "Join Type": "Inner", "Startup Cost": 0.0, "Total Cost": 69393.85, "Plan Rows": 4, "Plan Width": 46, "Inner Unique": false, "Join Filter": "(it1.id = mi.info_type_id)", "Plans": [{"Node Type": "Seq Scan", "Parent Relationship": "Outer", "Relation Name": "info_type", "Alias": "it1", "Startup Cost": 0.0, "Total Cost": 2.4, "Plan Rows": 1, "Plan Width": 4, "Filter": "((info)::text = 'release dates'::text)"}, {"Node Type": "Materialize", "Parent Relationship": "Inner", "Startup Cost": 0.0, "Total Cost": 69388.9, "Plan Rows": 255, "Plan Width": 50, "Plans": [{"Node Type": "Streaming(type: LOCAL GATHER dop: 1/64)", "Parent Relationship": "Outer", "Startup Cost": 0.0, "Total Cost": 69388.27, "Plan Rows": 255, "Plan Width": 50, "Plans": [{"Node Type": "Seq Scan", "Parent Relationship": "Outer", "Relation Name": "movie_info", "Alias": "mi", "Startup Cost": 0.0, "Total Cost": 69383.01, "Plan Rows": 255, "Plan Width": 50, "Filter": "((info IS NOT NULL) AND ((note)::text ~~ '%internet%'::text) AND (((info)::text ~~ 'USA:% 199%'::text) OR ((info)::text ~~ 'USA:% 200%'::text)))"}]}]}]}, {"Node Type": "Bitmap Heap Scan", "Parent Relationship": "Inner", "Relation Name": "aka_title", "Alias": "at", "Startup Cost": 3.79, "Total Cost": 15.63, "Plan Rows": 3, "Plan Width": 4, "Recheck Cond": "(movie_id = mi.movie_id)", "Plans": [{"Node Type": "Bitmap Index Scan", "Parent Relationship": "Outer", "Index Name": "movie_id_aka_title", "Startup Cost": 0.0, "Total Cost": 3.79, "Plan Rows": 3, "Plan Width": 0, "Index Cond": "(movie_id = mi.movie_id)"}]}]}, {"Node Type": "Bitmap Heap Scan", "Parent Relationship": "Inner", "Relation Name": "movie_companies", "Alias": "mc", "Startup Cost": 0.37, "Total Cost": 4.4, "Plan Rows": 2, "Plan Width": 12, "Recheck Cond": "(movie_id = at.movie_id)", "Plans": [{"Node Type": "Bitmap Index Scan", "Parent Relationship": "Outer", "Index Name": "movie_id_movie_companies", "Startup Cost": 0.0, "Total Cost": 0.37, "Plan Rows": 2, "Plan Width": 0, "Index Cond": "(movie_id = at.movie_id)"}]}]}, {"Node Type": "Bitmap Heap Scan", "Parent Relationship": "Inner", "Relation Name": "company_name", "Alias": "cn", "Startup Cost": 0.26, "Total Cost": 4.27, "Plan Rows": 1, "Plan Width": 4, "Recheck Cond": "(id = mc.company_id)", "Filter": "((country_code)::text = '[us]'::text)", "Plans": [{"Node Type": "Bitmap Index Scan", "Parent Relationship": "Outer", "Index Name": "company_name_pkey", "Startup Cost": 0.0, "Total Cost": 0.26, "Plan Rows": 1, "Plan Width": 0, "Index Cond": "(id = mc.company_id)"}]}]}, {"Node Type": "Materialize", "Parent Relationship": "Inner", "Startup Cost": 0.0, "Total Cost": 1.04, "Plan Rows": 3, "Plan Width": 4, "Plans": [{"Node Type": "Seq Scan", "Parent Relationship": "Outer", "Relation Name": "company_type", "Alias": "ct", "Startup Cost": 0.0, "Total Cost": 1.03, "Plan Rows": 3, "Plan Width": 4}]}]}, {"Node Type": "Bitmap Heap Scan", "Parent Relationship": "Inner", "Relation Name": "movie_keyword", "Alias": "mk", "Startup Cost": 0.34, "Total Cost": 4.44, "Plan Rows": 8, "Plan Width": 8, "Recheck Cond": "(movie_id = mc.movie_id)", "Plans": [{"Node Type": "Bitmap Index Scan", "Parent Relationship": "Outer", "Index Name": "movie_id_movie_keyword", "Startup Cost": 0.0, "Total Cost": 0.34, "Plan Rows": 8, "Plan Width": 0, "Index Cond": "(movie_id = mc.movie_id)"}]}]}, {"Node Type": "Bitmap Heap Scan", "Parent Relationship": "Inner", "Relation Name": "keyword", "Alias": "k", "Startup Cost": 0.26, "Total Cost": 4.27, "Plan Rows": 1, "Plan Width": 4, "Recheck Cond": "(id = mk.keyword_id)", "Plans": [{"Node Type": "Bitmap Index Scan", "Parent Relationship": "Outer", "Index Name": "keyword_pkey", "Startup Cost": 0.0, "Total Cost": 0.26, "Plan Rows": 1, "Plan Width": 0, "Index Cond": "(id = mk.keyword_id)"}]}]}, {"Node Type": "Bitmap Heap Scan", "Parent Relationship": "Inner", "Relation Name": "title", "Alias": "t", "Startup Cost": 0.27, "Total Cost": 4.28, "Plan Rows": 1, "Plan Width": 21, "Recheck Cond": "(id = mk.movie_id)", "Filter": "(production_year > 1990)", "Plans": [{"Node Type": "Bitmap Index Scan", "Parent Relationship": "Outer", "Index Name": "title_pkey", "Startup Cost": 0.0, "Total Cost": 0.27, "Plan Rows": 1, "Plan Width": 0, "Index Cond": "(id = mk.movie_id)"}]}]}]}, "Unique SQL Id": 2846462052}, "explain_analyze_plan": {"Plan": {"Node Type": "Aggregate", "Strategy": "Plain", "Startup Cost": 70461.66, "Total Cost": 70461.67, "Plan Rows": 1, "Plan Width": 123, "Actual Min Startup Time": 342.925, "Actual Max Startup Time": 342.925, "Actual Min Total Time": 342.926, "Actual Max Total Time": 342.926, "Actual Total Rows": 1, "Plans": [{"Node Type": "Nested Loop", "Parent Relationship": "Outer", "Join Type": "Inner", "Startup Cost": 5.28, "Total Cost": 70461.0, "Plan Rows": 132, "Plan Width": 59, "Actual Min Startup Time": 311.565, "Actual Max Startup Time": 311.565, "Actual Min Total Time": 341.955, "Actual Max Total Time": 341.955, "Actual Total Rows": 1140, "Inner Unique": true, "Join Filter": "(at.movie_id = t.id)", "Rows Removed by Join Filter": 0, "Plans": [{"Node Type": "Nested Loop", "Parent Relationship": "Outer", "Join Type": "Inner", "Startup Cost": 5.01, "Total Cost": 70053.12, "Plan Rows": 95, "Plan Width": 58, "Actual Min Startup Time": 311.522, "Actual Max Startup Time": 311.522, "Actual Min Total Time": 335.54, "Actual Max Total Time": 335.54, "Actual Total Rows": 1140, "Inner Unique": true, "Plans": [{"Node Type": "Nested Loop", "Parent Relationship": "Outer", "Join Type": "Inner", "Startup Cost": 4.75, "Total Cost": 69637.93, "Plan Rows": 97, "Plan Width": 62, "Actual Min Startup Time": 311.494, "Actual Max Startup Time": 311.494, "Actual Min Total Time": 327.867, "Actual Max Total Time": 327.867, "Actual Total Rows": 1140, "Inner Unique": false, "Join Filter": "(at.movie_id = mk.movie_id)", "Rows Removed by Join Filter": 0, "Plans": [{"Node Type": "Nested Loop", "Parent Relationship": "Outer", "Join Type": "Inner", "Startup Cost": 4.42, "Total Cost": 69583.48, "Plan Rows": 12, "Plan Width": 54, "Actual Min Startup Time": 311.017, "Actual Max Startup Time": 311.017, "Actual Min Total Time": 325.869, "Actual Max Total Time": 325.869, "Actual Total Rows": 119, "Inner Unique": true, "Join Filter": "(mc.company_type_id = ct.id)", "Rows Removed by Join Filter": 495, "Plans": [{"Node Type": "Nested Loop", "Parent Relationship": "Outer", "Join Type": "Inner", "Startup Cost": 4.42, "Total Cost": 69581.9, "Plan Rows": 12, "Plan Width": 58, "Actual Min Startup Time": 310.953, "Actual Max Startup Time": 310.953, "Actual Min Total Time": 325.522, "Actual Max Total Time": 325.522, "Actual Total Rows": 284, "Inner Unique": true, "Plans": [{"Node Type": "Nested Loop", "Parent Relationship": "Outer", "Join Type": "Inner", "Startup Cost": 4.16, "Total Cost": 69496.23, "Plan Rows": 20, "Plan Width": 62, "Actual Min Startup Time": 310.92, "Actual Max Startup Time": 310.92, "Actual Min Total Time": 322.366, "Actual Max Total Time": 322.366, "Actual Total Rows": 400, "Inner Unique": false, "Plans": [{"Node Type": "Nested Loop", "Parent Relationship": "Outer", "Join Type": "Inner", "Startup Cost": 3.79, "Total Cost": 69456.49, "Plan Rows": 9, "Plan Width": 50, "Actual Min Startup Time": 310.826, "Actual Max Startup Time": 310.826, "Actual Min Total Time": 320.599, "Actual Max Total Time": 320.599, "Actual Total Rows": 120, "Inner Unique": false, "Plans": [{"Node Type": "Nested Loop", "Parent Relationship": "Outer", "Join Type": "Inner", "Startup Cost": 0.0, "Total Cost": 69393.85, "Plan Rows": 4, "Plan Width": 46, "Actual Min Startup Time": 310.518, "Actual Max Startup Time": 310.518, "Actual Min Total Time": 311.676, "Actual Max Total Time": 311.676, "Actual Total Rows": 1783, "Inner Unique": false, "Join Filter": "(it1.id = mi.info_type_id)", "Rows Removed by Join Filter": 0, "Plans": [{"Node Type": "Seq Scan", "Parent Relationship": "Outer", "Relation Name": "info_type", "Alias": "it1", "Startup Cost": 0.0, "Total Cost": 2.4, "Plan Rows": 1, "Plan Width": 4, "Actual Min Startup Time": 0.11, "Actual Max Startup Time": 0.11, "Actual Min Total Time": 0.137, "Actual Max Total Time": 0.137, "Actual Total Rows": 1, "Filter": "((info)::text = 'release dates'::text)", "Rows Removed by Filter": 111}, {"Node Type": "Materialize", "Parent Relationship": "Inner", "Startup Cost": 0.0, "Total Cost": 69388.9, "Plan Rows": 255, "Plan Width": 50, "Actual Min Startup Time": 310.372, "Actual Max Startup Time": 310.372, "Actual Min Total Time": 310.672, "Actual Max Total Time": 310.672, "Actual Total Rows": 1784, "Plans": [{"Node Type": "Streaming(type: LOCAL GATHER dop: 1/64)", "Parent Relationship": "Outer", "Startup Cost": 0.0, "Total Cost": 69388.27, "Plan Rows": 255, "Plan Width": 50, "Actual Min Startup Time": 208.045, "Actual Max Startup Time": 208.045, "Actual Min Total Time": 309.897, "Actual Max Total Time": 309.897, "Actual Total Rows": 1783, "Plans": [{"Node Type": "Seq Scan", "Parent Relationship": "Outer", "Relation Name": "movie_info", "Alias": "mi", "Startup Cost": 0.0, "Total Cost": 69383.01, "Plan Rows": 255, "Plan Width": 50, "Actual Min Startup Time": 20.912, "Actual Max Startup Time": 55.775, "Actual Min Total Time": 75.639, "Actual Max Total Time": 111.751, "Actual Total Rows": 1783, "Filter": "((info IS NOT NULL) AND ((note)::text ~~ '%internet%'::text) AND (((info)::text ~~ 'USA:% 199%'::text) OR ((info)::text ~~ 'USA:% 200%'::text)))", "Rows Removed by Filter": 14833936}]}]}]}, {"Node Type": "Bitmap Heap Scan", "Parent Relationship": "Inner", "Relation Name": "aka_title", "Alias": "at", "Startup Cost": 3.79, "Total Cost": 15.63, "Plan Rows": 3, "Plan Width": 4, "Actual Min Startup Time": 6.905, "Actual Max Startup Time": 6.905, "Actual Min Total Time": 7.037, "Actual Max Total Time": 7.037, "Actual Total Rows": 120, "Recheck Cond": "(movie_id = mi.movie_id)", "Rows Removed by Index Recheck": 0, "Exact Heap Blocks": 120, "Lossy Heap Blocks": 120, "Plans": [{"Node Type": "Bitmap Index Scan", "Parent Relationship": "Outer", "Index Name": "movie_id_aka_title", "Startup Cost": 0.0, "Total Cost": 3.79, "Plan Rows": 3, "Plan Width": 0, "Actual Min Startup Time": 5.758, "Actual Max Startup Time": 5.758, "Actual Min Total Time": 5.758, "Actual Max Total Time": 5.758, "Actual Total Rows": 120, "Index Cond": "(movie_id = mi.movie_id)"}]}]}, {"Node Type": "Bitmap Heap Scan", "Parent Relationship": "Inner", "Relation Name": "movie_companies", "Alias": "mc", "Startup Cost": 0.37, "Total Cost": 4.4, "Plan Rows": 2, "Plan Width": 12, "Actual Min Startup Time": 1.219, "Actual Max Startup Time": 1.219, "Actual Min Total Time": 1.467, "Actual Max Total Time": 1.467, "Actual Total Rows": 400, "Recheck Cond": "(movie_id = at.movie_id)", "Rows Removed by Index Recheck": 0, "Exact Heap Blocks": 214, "Lossy Heap Blocks": 214, "Plans": [{"Node Type": "Bitmap Index Scan", "Parent Relationship": "Outer", "Index Name": "movie_id_movie_companies", "Startup Cost": 0.0, "Total Cost": 0.37, "Plan Rows": 2, "Plan Width": 0, "Actual Min Startup Time": 0.754, "Actual Max Startup Time": 0.754, "Actual Min Total Time": 0.754, "Actual Max Total Time": 0.754, "Actual Total Rows": 400, "Index Cond": "(movie_id = at.movie_id)"}]}]}, {"Node Type": "Bitmap Heap Scan", "Parent Relationship": "Inner", "Relation Name": "company_name", "Alias": "cn", "Startup Cost": 0.26, "Total Cost": 4.27, "Plan Rows": 1, "Plan Width": 4, "Actual Min Startup Time": 2.592, "Actual Max Startup Time": 2.592, "Actual Min Total Time": 2.592, "Actual Max Total Time": 2.592, "Actual Total Rows": 284, "Recheck Cond": "(id = mc.company_id)", "Rows Removed by Index Recheck": 0, "Filter": "((country_code)::text = '[us]'::text)", "Rows Removed by Filter": 116, "Exact Heap Blocks": 400, "Lossy Heap Blocks": 400, "Plans": [{"Node Type": "Bitmap Index Scan", "Parent Relationship": "Outer", "Index Name": "company_name_pkey", "Startup Cost": 0.0, "Total Cost": 0.26, "Plan Rows": 1, "Plan Width": 0, "Actual Min Startup Time": 1.456, "Actual Max Startup Time": 1.456, "Actual Min Total Time": 1.456, "Actual Max Total Time": 1.456, "Actual Total Rows": 400, "Index Cond": "(id = mc.company_id)"}]}]}, {"Node Type": "Materialize", "Parent Relationship": "Inner", "Startup Cost": 0.0, "Total Cost": 1.04, "Plan Rows": 3, "Plan Width": 4, "Actual Min Startup Time": 0.051, "Actual Max Startup Time": 0.051, "Actual Min Total Time": 0.101, "Actual Max Total Time": 0.101, "Actual Total Rows": 614, "Plans": [{"Node Type": "Seq Scan", "Parent Relationship": "Outer", "Relation Name": "company_type", "Alias": "ct", "Startup Cost": 0.0, "Total Cost": 1.03, "Plan Rows": 3, "Plan Width": 4, "Actual Min Startup Time": 0.008, "Actual Max Startup Time": 0.008, "Actual Min Total Time": 0.01, "Actual Max Total Time": 0.01, "Actual Total Rows": 3}]}]}, {"Node Type": "Bitmap Heap Scan", "Parent Relationship": "Inner", "Relation Name": "movie_keyword", "Alias": "mk", "Startup Cost": 0.34, "Total Cost": 4.44, "Plan Rows": 8, "Plan Width": 8, "Actual Min Startup Time": 1.234, "Actual Max Startup Time": 1.234, "Actual Min Total Time": 1.413, "Actual Max Total Time": 1.413, "Actual Total Rows": 1140, "Recheck Cond": "(movie_id = mc.movie_id)", "Rows Removed by Index Recheck": 0, "Exact Heap Blocks": 91, "Lossy Heap Blocks": 91, "Plans": [{"Node Type": "Bitmap Index Scan", "Parent Relationship": "Outer", "Index Name": "movie_id_movie_keyword", "Startup Cost": 0.0, "Total Cost": 0.34, "Plan Rows": 8, "Plan Width": 0, "Actual Min Startup Time": 0.827, "Actual Max Startup Time": 0.827, "Actual Min Total Time": 0.827, "Actual Max Total Time": 0.827, "Actual Total Rows": 1140, "Index Cond": "(movie_id = mc.movie_id)"}]}]}, {"Node Type": "Bitmap Heap Scan", "Parent Relationship": "Inner", "Relation Name": "keyword", "Alias": "k", "Startup Cost": 0.26, "Total Cost": 4.27, "Plan Rows": 1, "Plan Width": 4, "Actual Min Startup Time": 6.046, "Actual Max Startup Time": 6.046, "Actual Min Total Time": 6.046, "Actual Max Total Time": 6.046, "Actual Total Rows": 1140, "Recheck Cond": "(id = mk.keyword_id)", "Rows Removed by Index Recheck": 0, "Exact Heap Blocks": 1140, "Lossy Heap Blocks": 1140, "Plans": [{"Node Type": "Bitmap Index Scan", "Parent Relationship": "Outer", "Index Name": "keyword_pkey", "Startup Cost": 0.0, "Total Cost": 0.26, "Plan Rows": 1, "Plan Width": 0, "Actual Min Startup Time": 3.737, "Actual Max Startup Time": 3.737, "Actual Min Total Time": 3.737, "Actual Max Total Time": 3.737, "Actual Total Rows": 1140, "Index Cond": "(id = mk.keyword_id)"}]}]}, {"Node Type": "Bitmap Heap Scan", "Parent Relationship": "Inner", "Relation Name": "title", "Alias": "t", "Startup Cost": 0.27, "Total Cost": 4.28, "Plan Rows": 1, "Plan Width": 21, "Actual Min Startup Time": 4.755, "Actual Max Startup Time": 4.755, "Actual Min Total Time": 4.755, "Actual Max Total Time": 4.755, "Actual Total Rows": 1140, "Recheck Cond": "(id = mk.movie_id)", "Rows Removed by Index Recheck": 0, "Filter": "(production_year > 1990)", "Rows Removed by Filter": 0, "Exact Heap Blocks": 1140, "Lossy Heap Blocks": 1140, "Plans": [{"Node Type": "Bitmap Index Scan", "Parent Relationship": "Outer", "Index Name": "title_pkey", "Startup Cost": 0.0, "Total Cost": 0.27, "Plan Rows": 1, "Plan Width": 0, "Actual Min Startup Time": 2.904, "Actual Max Startup Time": 2.904, "Actual Min Total Time": 2.904, "Actual Max Total Time": 2.904, "Actual Total Rows": 1140, "Index Cond": "(id = mk.movie_id)"}]}]}]}, "Triggers": [], "Planner Runtime": 197.506, "Total Runtime": 355.936, "Unique SQL Id": 2846462052}}, "(64, 51)": {"explain_plan": {"Plan": {"Node Type": "Aggregate", "Strategy": "Plain", "Startup Cost": 166073.69, "Total Cost": 166073.7, "Plan Rows": 1, "Plan Width": 123, "Plans": [{"Node Type": "Nested Loop", "Parent Relationship": "Outer", "Join Type": "Inner", "Startup Cost": 4855.81, "Total Cost": 166073.03, "Plan Rows": 132, "Plan Width": 59, "Inner Unique": true, "Join Filter": "(at.movie_id = t.id)", "Plans": [{"Node Type": "Nested Loop", "Parent Relationship": "Outer", "Join Type": "Inner", "Startup Cost": 4855.54, "Total Cost": 165665.15, "Plan Rows": 95, "Plan Width": 58, "Inner Unique": true, "Plans": [{"Node Type": "Nested Loop", "Parent Relationship": "Outer", "Join Type": "Inner", "Startup Cost": 4855.28, "Total Cost": 165249.97, "Plan Rows": 97, "Plan Width": 62, "Inner Unique": false, "Join Filter": "(at.movie_id = mk.movie_id)", "Plans": [{"Node Type": "Nested Loop", "Parent Relationship": "Outer", "Join Type": "Inner", "Startup Cost": 4854.95, "Total Cost": 165195.51, "Plan Rows": 12, "Plan Width": 54, "Inner Unique": true, "Plans": [{"Node Type": "Nested Loop", "Parent Relationship": "Outer", "Join Type": "Inner", "Startup Cost": 4854.69, "Total Cost": 165144.15, "Plan Rows": 12, "Plan Width": 58, "Inner Unique": true, "Plans": [{"Node Type": "Nested Loop", "Parent Relationship": "Outer", "Join Type": "Inner", "Startup Cost": 4854.43, "Total Cost": 165058.48, "Plan Rows": 20, "Plan Width": 62, "Inner Unique": false, "Plans": [{"Node Type": "Nested Loop", "Parent Relationship": "Outer", "Join Type": "Inner", "Startup Cost": 4854.06, "Total Cost": 165018.73, "Plan Rows": 9, "Plan Width": 50, "Inner Unique": false, "Plans": [{"Node Type": "Nested Loop", "Parent Relationship": "Outer", "Join Type": "Inner", "Startup Cost": 4850.27, "Total Cost": 164956.1, "Plan Rows": 4, "Plan Width": 46, "Inner Unique": false, "Plans": [{"Node Type": "Bitmap Heap Scan", "Parent Relationship": "Outer", "Relation Name": "info_type", "Alias": "it1", "Startup Cost": 8.81, "Total Cost": 14.21, "Plan Rows": 1, "Plan Width": 4, "Filter": "((info)::text = 'release dates'::text)", "Plans": [{"Node Type": "Bitmap Index Scan", "Parent Relationship": "Outer", "Index Name": "info_type_pkey", "Startup Cost": 0.0, "Total Cost": 8.81, "Plan Rows": 112, "Plan Width": 0}]}, {"Node Type": "Bitmap Heap Scan", "Parent Relationship": "Inner", "Relation Name": "movie_info", "Alias": "mi", "Startup Cost": 4841.46, "Total Cost": 164941.85, "Plan Rows": 4, "Plan Width": 50, "Recheck Cond": "(info_type_id = it1.id)", "Filter": "((info IS NOT NULL) AND ((note)::text ~~ '%internet%'::text) AND (((info)::text ~~ 'USA:% 199%'::text) OR ((info)::text ~~ 'USA:% 200%'::text)))", "Plans": [{"Node Type": "Bitmap Index Scan", "Parent Relationship": "Outer", "Index Name": "info_type_id_movie_info", "Startup Cost": 0.0, "Total Cost": 4841.46, "Plan Rows": 212428, "Plan Width": 0, "Index Cond": "(info_type_id = it1.id)"}]}]}, {"Node Type": "Bitmap Heap Scan", "Parent Relationship": "Inner", "Relation Name": "aka_title", "Alias": "at", "Startup Cost": 3.79, "Total Cost": 15.63, "Plan Rows": 3, "Plan Width": 4, "Recheck Cond": "(movie_id = mi.movie_id)", "Plans": [{"Node Type": "Bitmap Index Scan", "Parent Relationship": "Outer", "Index Name": "movie_id_aka_title", "Startup Cost": 0.0, "Total Cost": 3.79, "Plan Rows": 3, "Plan Width": 0, "Index Cond": "(movie_id = mi.movie_id)"}]}]}, {"Node Type": "Bitmap Heap Scan", "Parent Relationship": "Inner", "Relation Name": "movie_companies", "Alias": "mc", "Startup Cost": 0.37, "Total Cost": 4.4, "Plan Rows": 2, "Plan Width": 12, "Recheck Cond": "(movie_id = at.movie_id)", "Plans": [{"Node Type": "Bitmap Index Scan", "Parent Relationship": "Outer", "Index Name": "movie_id_movie_companies", "Startup Cost": 0.0, "Total Cost": 0.37, "Plan Rows": 2, "Plan Width": 0, "Index Cond": "(movie_id = at.movie_id)"}]}]}, {"Node Type": "Bitmap Heap Scan", "Parent Relationship": "Inner", "Relation Name": "company_name", "Alias": "cn", "Startup Cost": 0.26, "Total Cost": 4.27, "Plan Rows": 1, "Plan Width": 4, "Recheck Cond": "(id = mc.company_id)", "Filter": "((country_code)::text = '[us]'::text)", "Plans": [{"Node Type": "Bitmap Index Scan", "Parent Relationship": "Outer", "Index Name": "company_name_pkey", "Startup Cost": 0.0, "Total Cost": 0.26, "Plan Rows": 1, "Plan Width": 0, "Index Cond": "(id = mc.company_id)"}]}]}, {"Node Type": "Bitmap Heap Scan", "Parent Relationship": "Inner", "Relation Name": "company_type", "Alias": "ct", "Startup Cost": 0.26, "Total Cost": 4.27, "Plan Rows": 1, "Plan Width": 4, "Recheck Cond": "(id = mc.company_type_id)", "Plans": [{"Node Type": "Bitmap Index Scan", "Parent Relationship": "Outer", "Index Name": "company_type_pkey", "Startup Cost": 0.0, "Total Cost": 0.26, "Plan Rows": 1, "Plan Width": 0, "Index Cond": "(id = mc.company_type_id)"}]}]}, {"Node Type": "Bitmap Heap Scan", "Parent Relationship": "Inner", "Relation Name": "movie_keyword", "Alias": "mk", "Startup Cost": 0.34, "Total Cost": 4.44, "Plan Rows": 8, "Plan Width": 8, "Recheck Cond": "(movie_id = mc.movie_id)", "Plans": [{"Node Type": "Bitmap Index Scan", "Parent Relationship": "Outer", "Index Name": "movie_id_movie_keyword", "Startup Cost": 0.0, "Total Cost": 0.34, "Plan Rows": 8, "Plan Width": 0, "Index Cond": "(movie_id = mc.movie_id)"}]}]}, {"Node Type": "Bitmap Heap Scan", "Parent Relationship": "Inner", "Relation Name": "keyword", "Alias": "k", "Startup Cost": 0.26, "Total Cost": 4.27, "Plan Rows": 1, "Plan Width": 4, "Recheck Cond": "(id = mk.keyword_id)", "Plans": [{"Node Type": "Bitmap Index Scan", "Parent Relationship": "Outer", "Index Name": "keyword_pkey", "Startup Cost": 0.0, "Total Cost": 0.26, "Plan Rows": 1, "Plan Width": 0, "Index Cond": "(id = mk.keyword_id)"}]}]}, {"Node Type": "Bitmap Heap Scan", "Parent Relationship": "Inner", "Relation Name": "title", "Alias": "t", "Startup Cost": 0.27, "Total Cost": 4.28, "Plan Rows": 1, "Plan Width": 21, "Recheck Cond": "(id = mk.movie_id)", "Filter": "(production_year > 1990)", "Plans": [{"Node Type": "Bitmap Index Scan", "Parent Relationship": "Outer", "Index Name": "title_pkey", "Startup Cost": 0.0, "Total Cost": 0.27, "Plan Rows": 1, "Plan Width": 0, "Index Cond": "(id = mk.movie_id)"}]}]}]}, "Unique SQL Id": 2846462052}, "explain_analyze_plan": null}, "(64, 52)": {"explain_plan": {"Plan": {"Node Type": "Aggregate", "Strategy": "Plain", "Startup Cost": 69465.7, "Total Cost": 69465.71, "Plan Rows": 1, "Plan Width": 123, "Plans": [{"Node Type": "Nested Loop", "Parent Relationship": "Outer", "Join Type": "Inner", "Startup Cost": 0.0, "Total Cost": 69465.04, "Plan Rows": 132, "Plan Width": 59, "Inner Unique": false, "Join Filter": "(t.id = at.movie_id)", "Plans": [{"Node Type": "Nested Loop", "Parent Relationship": "Outer", "Join Type": "Inner", "Startup Cost": 0.0, "Total Cost": 69449.47, "Plan Rows": 44, "Plan Width": 75, "Inner Unique": true, "Plans": [{"Node Type": "Nested Loop", "Parent Relationship": "Outer", "Join Type": "Inner", "Startup Cost": 0.0, "Total Cost": 69437.12, "Plan Rows": 44, "Plan Width": 79, "Inner Unique": false, "Join Filter": "(t.id = mk.movie_id)", "Plans": [{"Node Type": "Nested Loop", "Parent Relationship": "Outer", "Join Type": "Inner", "Startup Cost": 0.0, "Total Cost": 69433.75, "Plan Rows": 6, "Plan Width": 71, "Inner Unique": true, "Plans": [{"Node Type": "Nested Loop", "Parent Relationship": "Outer", "Join Type": "Inner", "Startup Cost": 0.0, "Total Cost": 69430.58, "Plan Rows": 11, "Plan Width": 75, "Inner Unique": true, "Join Filter": "(mc.company_type_id = ct.id)", "Plans": [{"Node Type": "Nested Loop", "Parent Relationship": "Outer", "Join Type": "Inner", "Startup Cost": 0.0, "Total Cost": 69429.0, "Plan Rows": 12, "Plan Width": 79, "Inner Unique": false, "Plans": [{"Node Type": "Nested Loop", "Parent Relationship": "Outer", "Join Type": "Inner", "Startup Cost": 0.0, "Total Cost": 69426.8, "Plan Rows": 6, "Plan Width": 67, "Inner Unique": true, "Plans": [{"Node Type": "Nested Loop", "Parent Relationship": "Outer", "Join Type": "Inner", "Startup Cost": 0.0, "Total Cost": 69393.85, "Plan Rows": 4, "Plan Width": 46, "Inner Unique": false, "Join Filter": "(it1.id = mi.info_type_id)", "Plans": [{"Node Type": "Seq Scan", "Parent Relationship": "Outer", "Relation Name": "info_type", "Alias": "it1", "Startup Cost": 0.0, "Total Cost": 2.4, "Plan Rows": 1, "Plan Width": 4, "Filter": "((info)::text = 'release dates'::text)"}, {"Node Type": "Materialize", "Parent Relationship": "Inner", "Startup Cost": 0.0, "Total Cost": 69388.9, "Plan Rows": 255, "Plan Width": 50, "Plans": [{"Node Type": "Streaming(type: LOCAL GATHER dop: 1/64)", "Parent Relationship": "Outer", "Startup Cost": 0.0, "Total Cost": 69388.27, "Plan Rows": 255, "Plan Width": 50, "Plans": [{"Node Type": "Seq Scan", "Parent Relationship": "Outer", "Relation Name": "movie_info", "Alias": "mi", "Startup Cost": 0.0, "Total Cost": 69383.01, "Plan Rows": 255, "Plan Width": 50, "Filter": "((info IS NOT NULL) AND ((note)::text ~~ '%internet%'::text) AND (((info)::text ~~ 'USA:% 199%'::text) OR ((info)::text ~~ 'USA:% 200%'::text)))"}]}]}]}, {"Node Type": "Index Scan", "Parent Relationship": "Inner", "Scan Direction": "Forward", "Index Name": "title_pkey", "Relation Name": "title", "Alias": "t", "Startup Cost": 0.0, "Total Cost": 8.23, "Plan Rows": 1, "Plan Width": 21, "Index Cond": "(id = mi.movie_id)", "Filter": "(production_year > 1990)"}]}, {"Node Type": "Index Scan", "Parent Relationship": "Inner", "Scan Direction": "Forward", "Index Name": "movie_id_movie_companies", "Relation Name": "movie_companies", "Alias": "mc", "Startup Cost": 0.0, "Total Cost": 0.35, "Plan Rows": 2, "Plan Width": 12, "Index Cond": "(movie_id = t.id)"}]}, {"Node Type": "Materialize", "Parent Relationship": "Inner", "Startup Cost": 0.0, "Total Cost": 1.04, "Plan Rows": 3, "Plan Width": 4, "Plans": [{"Node Type": "Seq Scan", "Parent Relationship": "Outer", "Relation Name": "company_type", "Alias": "ct", "Startup Cost": 0.0, "Total Cost": 1.03, "Plan Rows": 3, "Plan Width": 4}]}]}, {"Node Type": "Index Scan", "Parent Relationship": "Inner", "Scan Direction": "Forward", "Index Name": "company_name_pkey", "Relation Name": "company_name", "Alias": "cn", "Startup Cost": 0.0, "Total Cost": 0.28, "Plan Rows": 1, "Plan Width": 4, "Index Cond": "(id = mc.company_id)", "Filter": "((country_code)::text = '[us]'::text)"}]}, {"Node Type": "Index Scan", "Parent Relationship": "Inner", "Scan Direction": "Forward", "Index Name": "movie_id_movie_keyword", "Relation Name": "movie_keyword", "Alias": "mk", "Startup Cost": 0.0, "Total Cost": 0.46, "Plan Rows": 8, "Plan Width": 8, "Index Cond": "(movie_id = mc.movie_id)"}]}, {"Node Type": "Index Scan", "Parent Relationship": "Inner", "Scan Direction": "Forward", "Index Name": "keyword_pkey", "Relation Name": "keyword", "Alias": "k", "Startup Cost": 0.0, "Total Cost": 0.27, "Plan Rows": 1, "Plan Width": 4, "Index Cond": "(id = mk.keyword_id)"}]}, {"Node Type": "Index Scan", "Parent Relationship": "Inner", "Scan Direction": "Forward", "Index Name": "movie_id_aka_title", "Relation Name": "aka_title", "Alias": "at", "Startup Cost": 0.0, "Total Cost": 0.32, "Plan Rows": 3, "Plan Width": 4, "Index Cond": "(movie_id = mk.movie_id)"}]}]}, "Unique SQL Id": 2846462052}, "explain_analyze_plan": {"Plan": {"Node Type": "Aggregate", "Strategy": "Plain", "Startup Cost": 69465.7, "Total Cost": 69465.71, "Plan Rows": 1, "Plan Width": 123, "Actual Min Startup Time": 249.447, "Actual Max Startup Time": 249.447, "Actual Min Total Time": 249.447, "Actual Max Total Time": 249.447, "Actual Total Rows": 1, "Plans": [{"Node Type": "Nested Loop", "Parent Relationship": "Outer", "Join Type": "Inner", "Startup Cost": 0.0, "Total Cost": 69465.04, "Plan Rows": 132, "Plan Width": 59, "Actual Min Startup Time": 165.767, "Actual Max Startup Time": 165.767, "Actual Min Total Time": 248.592, "Actual Max Total Time": 248.592, "Actual Total Rows": 1140, "Inner Unique": false, "Join Filter": "(t.id = at.movie_id)", "Rows Removed by Join Filter": 0, "Plans": [{"Node Type": "Nested Loop", "Parent Relationship": "Outer", "Join Type": "Inner", "Startup Cost": 0.0, "Total Cost": 69449.47, "Plan Rows": 44, "Plan Width": 75, "Actual Min Startup Time": 163.894, "Actual Max Startup Time": 163.894, "Actual Min Total Time": 234.093, "Actual Max Total Time": 234.093, "Actual Total Rows": 4808, "Inner Unique": true, "Plans": [{"Node Type": "Nested Loop", "Parent Relationship": "Outer", "Join Type": "Inner", "Startup Cost": 0.0, "Total Cost": 69437.12, "Plan Rows": 44, "Plan Width": 79, "Actual Min Startup Time": 163.88, "Actual Max Startup Time": 163.88, "Actual Min Total Time": 213.798, "Actual Max Total Time": 213.798, "Actual Total Rows": 4808, "Inner Unique": false, "Join Filter": "(t.id = mk.movie_id)", "Rows Removed by Join Filter": 0, "Plans": [{"Node Type": "Nested Loop", "Parent Relationship": "Outer", "Join Type": "Inner", "Startup Cost": 0.0, "Total Cost": 69433.75, "Plan Rows": 6, "Plan Width": 71, "Actual Min Startup Time": 163.805, "Actual Max Startup Time": 163.805, "Actual Min Total Time": 201.355, "Actual Max Total Time": 201.355, "Actual Total Rows": 1488, "Inner Unique": true, "Plans": [{"Node Type": "Nested Loop", "Parent Relationship": "Outer", "Join Type": "Inner", "Startup Cost": 0.0, "Total Cost": 69430.58, "Plan Rows": 11, "Plan Width": 75, "Actual Min Startup Time": 163.786, "Actual Max Startup Time": 163.786, "Actual Min Total Time": 192.39, "Actual Max Total Time": 192.39, "Actual Total Rows": 1599, "Inner Unique": true, "Join Filter": "(mc.company_type_id = ct.id)", "Rows Removed by Join Filter": 3855, "Plans": [{"Node Type": "Nested Loop", "Parent Relationship": "Outer", "Join Type": "Inner", "Startup Cost": 0.0, "Total Cost": 69429.0, "Plan Rows": 12, "Plan Width": 79, "Actual Min Startup Time": 163.769, "Actual Max Startup Time": 163.769, "Actual Min Total Time": 189.86, "Actual Max Total Time": 189.86, "Actual Total Rows": 2884, "Inner Unique": false, "Plans": [{"Node Type": "Nested Loop", "Parent Relationship": "Outer", "Join Type": "Inner", "Startup Cost": 0.0, "Total Cost": 69426.8, "Plan Rows": 6, "Plan Width": 67, "Actual Min Startup Time": 163.734, "Actual Max Startup Time": 163.734, "Actual Min Total Time": 177.573, "Actual Max Total Time": 177.573, "Actual Total Rows": 1782, "Inner Unique": true, "Plans": [{"Node Type": "Nested Loop", "Parent Relationship": "Outer", "Join Type": "Inner", "Startup Cost": 0.0, "Total Cost": 69393.85, "Plan Rows": 4, "Plan Width": 46, "Actual Min Startup Time": 163.695, "Actual Max Startup Time": 163.695, "Actual Min Total Time": 164.841, "Actual Max Total Time": 164.841, "Actual Total Rows": 1783, "Inner Unique": false, "Join Filter": "(it1.id = mi.info_type_id)", "Rows Removed by Join Filter": 0, "Plans": [{"Node Type": "Seq Scan", "Parent Relationship": "Outer", "Relation Name": "info_type", "Alias": "it1", "Startup Cost": 0.0, "Total Cost": 2.4, "Plan Rows": 1, "Plan Width": 4, "Actual Min Startup Time": 0.057, "Actual Max Startup Time": 0.057, "Actual Min Total Time": 0.085, "Actual Max Total Time": 0.085, "Actual Total Rows": 1, "Filter": "((info)::text = 'release dates'::text)", "Rows Removed by Filter": 111}, {"Node Type": "Materialize", "Parent Relationship": "Inner", "Startup Cost": 0.0, "Total Cost": 69388.9, "Plan Rows": 255, "Plan Width": 50, "Actual Min Startup Time": 163.612, "Actual Max Startup Time": 163.612, "Actual Min Total Time": 163.913, "Actual Max Total Time": 163.913, "Actual Total Rows": 1784, "Plans": [{"Node Type": "Streaming(type: LOCAL GATHER dop: 1/64)", "Parent Relationship": "Outer", "Startup Cost": 0.0, "Total Cost": 69388.27, "Plan Rows": 255, "Plan Width": 50, "Actual Min Startup Time": 110.093, "Actual Max Startup Time": 110.093, "Actual Min Total Time": 163.242, "Actual Max Total Time": 163.242, "Actual Total Rows": 1783, "Plans": [{"Node Type": "Seq Scan", "Parent Relationship": "Outer", "Relation Name": "movie_info", "Alias": "mi", "Startup Cost": 0.0, "Total Cost": 69383.01, "Plan Rows": 255, "Plan Width": 50, "Actual Min Startup Time": 20.169, "Actual Max Startup Time": 28.487, "Actual Min Total Time": 71.982, "Actual Max Total Time": 83.156, "Actual Total Rows": 1783, "Filter": "((info IS NOT NULL) AND ((note)::text ~~ '%internet%'::text) AND (((info)::text ~~ 'USA:% 199%'::text) OR ((info)::text ~~ 'USA:% 200%'::text)))", "Rows Removed by Filter": 14833936}]}]}]}, {"Node Type": "Index Scan", "Parent Relationship": "Inner", "Scan Direction": "Forward", "Index Name": "title_pkey", "Relation Name": "title", "Alias": "t", "Startup Cost": 0.0, "Total Cost": 8.23, "Plan Rows": 1, "Plan Width": 21, "Actual Min Startup Time": 11.183, "Actual Max Startup Time": 11.183, "Actual Min Total Time": 11.183, "Actual Max Total Time": 11.183, "Actual Total Rows": 1782, "Index Cond": "(id = mi.movie_id)", "Rows Removed by Index Recheck": 0, "Filter": "(production_year > 1990)", "Rows Removed by Filter": 1}]}, {"Node Type": "Index Scan", "Parent Relationship": "Inner", "Scan Direction": "Forward", "Index Name": "movie_id_movie_companies", "Relation Name": "movie_companies", "Alias": "mc", "Startup Cost": 0.0, "Total Cost": 0.35, "Plan Rows": 2, "Plan Width": 12, "Actual Min Startup Time": 8.348, "Actual Max Startup Time": 8.348, "Actual Min Total Time": 10.616, "Actual Max Total Time": 10.616, "Actual Total Rows": 2884, "Index Cond": "(movie_id = t.id)", "Rows Removed by Index Recheck": 0}]}, {"Node Type": "Materialize", "Parent Relationship": "Inner", "Startup Cost": 0.0, "Total Cost": 1.04, "Plan Rows": 3, "Plan Width": 4, "Actual Min Startup Time": 0.296, "Actual Max Startup Time": 0.296, "Actual Min Total Time": 0.636, "Actual Max Total Time": 0.636, "Actual Total Rows": 5454, "Plans": [{"Node Type": "Seq Scan", "Parent Relationship": "Outer", "Relation Name": "company_type", "Alias": "ct", "Startup Cost": 0.0, "Total Cost": 1.03, "Plan Rows": 3, "Plan Width": 4, "Actual Min Startup Time": 0.006, "Actual Max Startup Time": 0.006, "Actual Min Total Time": 0.007, "Actual Max Total Time": 0.007, "Actual Total Rows": 3}]}]}, {"Node Type": "Index Scan", "Parent Relationship": "Inner", "Scan Direction": "Forward", "Index Name": "company_name_pkey", "Relation Name": "company_name", "Alias": "cn", "Startup Cost": 0.0, "Total Cost": 0.28, "Plan Rows": 1, "Plan Width": 4, "Actual Min Startup Time": 7.549, "Actual Max Startup Time": 7.549, "Actual Min Total Time": 7.549, "Actual Max Total Time": 7.549, "Actual Total Rows": 1488, "Index Cond": "(id = mc.company_id)", "Rows Removed by Index Recheck": 0, "Filter": "((country_code)::text = '[us]'::text)", "Rows Removed by Filter": 111}]}, {"Node Type": "Index Scan", "Parent Relationship": "Inner", "Scan Direction": "Forward", "Index Name": "movie_id_movie_keyword", "Relation Name": "movie_keyword", "Alias": "mk", "Startup Cost": 0.0, "Total Cost": 0.46, "Plan Rows": 8, "Plan Width": 8, "Actual Min Startup Time": 7.39, "Actual Max Startup Time": 7.39, "Actual Min Total Time": 9.611, "Actual Max Total Time": 9.611, "Actual Total Rows": 4808, "Index Cond": "(movie_id = mc.movie_id)", "Rows Removed by Index Recheck": 0}]}, {"Node Type": "Index Scan", "Parent Relationship": "Inner", "Scan Direction": "Forward", "Index Name": "keyword_pkey", "Relation Name": "keyword", "Alias": "k", "Startup Cost": 0.0, "Total Cost": 0.27, "Plan Rows": 1, "Plan Width": 4, "Actual Min Startup Time": 16.413, "Actual Max Startup Time": 16.413, "Actual Min Total Time": 16.413, "Actual Max Total Time": 16.413, "Actual Total Rows": 4808, "Index Cond": "(id = mk.keyword_id)", "Rows Removed by Index Recheck": 0}]}, {"Node Type": "Index Scan", "Parent Relationship": "Inner", "Scan Direction": "Forward", "Index Name": "movie_id_aka_title", "Relation Name": "aka_title", "Alias": "at", "Startup Cost": 0.0, "Total Cost": 0.32, "Plan Rows": 3, "Plan Width": 4, "Actual Min Startup Time": 11.222, "Actual Max Startup Time": 11.222, "Actual Min Total Time": 11.726, "Actual Max Total Time": 11.726, "Actual Total Rows": 1140, "Index Cond": "(movie_id = mk.movie_id)", "Rows Removed by Index Recheck": 0}]}]}, "Triggers": [], "Planner Runtime": 41.528, "Total Runtime": 261.08, "Unique SQL Id": 2846462052}}, "(64, 53)": {"explain_plan": {"Plan": {"Node Type": "Aggregate", "Strategy": "Plain", "Startup Cost": 165029.46, "Total Cost": 165029.47, "Plan Rows": 1, "Plan Width": 123, "Plans": [{"Node Type": "Nested Loop", "Parent Relationship": "Outer", "Join Type": "Inner", "Startup Cost": 4841.46, "Total Cost": 165028.8, "Plan Rows": 132, "Plan Width": 59, "Inner Unique": false, "Join Filter": "(t.id = at.movie_id)", "Plans": [{"Node Type": "Nested Loop", "Parent Relationship": "Outer", "Join Type": "Inner", "Startup Cost": 4841.46, "Total Cost": 165013.23, "Plan Rows": 44, "Plan Width": 75, "Inner Unique": true, "Plans": [{"Node Type": "Nested Loop", "Parent Relationship": "Outer", "Join Type": "Inner", "Startup Cost": 4841.46, "Total Cost": 165000.88, "Plan Rows": 44, "Plan Width": 79, "Inner Unique": false, "Join Filter": "(t.id = mk.movie_id)", "Plans": [{"Node Type": "Nested Loop", "Parent Relationship": "Outer", "Join Type": "Inner", "Startup Cost": 4841.46, "Total Cost": 164997.5, "Plan Rows": 6, "Plan Width": 71, "Inner Unique": true, "Plans": [{"Node Type": "Nested Loop", "Parent Relationship": "Outer", "Join Type": "Inner", "Startup Cost": 4841.46, "Total Cost": 164994.7, "Plan Rows": 10, "Plan Width": 75, "Inner Unique": true, "Plans": [{"Node Type": "Nested Loop", "Parent Relationship": "Outer", "Join Type": "Inner", "Startup Cost": 4841.46, "Total Cost": 164991.25, "Plan Rows": 12, "Plan Width": 79, "Inner Unique": false, "Plans": [{"Node Type": "Nested Loop", "Parent Relationship": "Outer", "Join Type": "Inner", "Startup Cost": 4841.46, "Total Cost": 164989.04, "Plan Rows": 6, "Plan Width": 67, "Inner Unique": true, "Plans": [{"Node Type": "Nested Loop", "Parent Relationship": "Outer", "Join Type": "Inner", "Startup Cost": 4841.46, "Total Cost": 164956.1, "Plan Rows": 4, "Plan Width": 46, "Inner Unique": false, "Plans": [{"Node Type": "Index Scan", "Parent Relationship": "Outer", "Scan Direction": "Forward", "Index Name": "info_type_pkey", "Relation Name": "info_type", "Alias": "it1", "Startup Cost": 0.0, "Total Cost": 14.21, "Plan Rows": 1, "Plan Width": 4, "Filter": "((info)::text = 'release dates'::text)"}, {"Node Type": "Bitmap Heap Scan", "Parent Relationship": "Inner", "Relation Name": "movie_info", "Alias": "mi", "Startup Cost": 4841.46, "Total Cost": 164941.85, "Plan Rows": 4, "Plan Width": 50, "Recheck Cond": "(info_type_id = it1.id)", "Filter": "((info IS NOT NULL) AND ((note)::text ~~ '%internet%'::text) AND (((info)::text ~~ 'USA:% 199%'::text) OR ((info)::text ~~ 'USA:% 200%'::text)))", "Plans": [{"Node Type": "Bitmap Index Scan", "Parent Relationship": "Outer", "Index Name": "info_type_id_movie_info", "Startup Cost": 0.0, "Total Cost": 4841.46, "Plan Rows": 212428, "Plan Width": 0, "Index Cond": "(info_type_id = it1.id)"}]}]}, {"Node Type": "Index Scan", "Parent Relationship": "Inner", "Scan Direction": "Forward", "Index Name": "title_pkey", "Relation Name": "title", "Alias": "t", "Startup Cost": 0.0, "Total Cost": 8.23, "Plan Rows": 1, "Plan Width": 21, "Index Cond": "(id = mi.movie_id)", "Filter": "(production_year > 1990)"}]}, {"Node Type": "Index Scan", "Parent Relationship": "Inner", "Scan Direction": "Forward", "Index Name": "movie_id_movie_companies", "Relation Name": "movie_companies", "Alias": "mc", "Startup Cost": 0.0, "Total Cost": 0.35, "Plan Rows": 2, "Plan Width": 12, "Index Cond": "(movie_id = t.id)"}]}, {"Node Type": "Index Scan", "Parent Relationship": "Inner", "Scan Direction": "Forward", "Index Name": "company_name_pkey", "Relation Name": "company_name", "Alias": "cn", "Startup Cost": 0.0, "Total Cost": 0.28, "Plan Rows": 1, "Plan Width": 4, "Index Cond": "(id = mc.company_id)", "Filter": "((country_code)::text = '[us]'::text)"}]}, {"Node Type": "Index Scan", "Parent Relationship": "Inner", "Scan Direction": "Forward", "Index Name": "company_type_pkey", "Relation Name": "company_type", "Alias": "ct", "Startup Cost": 0.0, "Total Cost": 0.27, "Plan Rows": 1, "Plan Width": 4, "Index Cond": "(id = mc.company_type_id)"}]}, {"Node Type": "Index Scan", "Parent Relationship": "Inner", "Scan Direction": "Forward", "Index Name": "movie_id_movie_keyword", "Relation Name": "movie_keyword", "Alias": "mk", "Startup Cost": 0.0, "Total Cost": 0.46, "Plan Rows": 8, "Plan Width": 8, "Index Cond": "(movie_id = mc.movie_id)"}]}, {"Node Type": "Index Scan", "Parent Relationship": "Inner", "Scan Direction": "Forward", "Index Name": "keyword_pkey", "Relation Name": "keyword", "Alias": "k", "Startup Cost": 0.0, "Total Cost": 0.27, "Plan Rows": 1, "Plan Width": 4, "Index Cond": "(id = mk.keyword_id)"}]}, {"Node Type": "Index Scan", "Parent Relationship": "Inner", "Scan Direction": "Forward", "Index Name": "movie_id_aka_title", "Relation Name": "aka_title", "Alias": "at", "Startup Cost": 0.0, "Total Cost": 0.32, "Plan Rows": 3, "Plan Width": 4, "Index Cond": "(movie_id = mk.movie_id)"}]}]}, "Unique SQL Id": 2846462052}, "explain_analyze_plan": null}, "(64, 54)": {"explain_plan": {"Plan": {"Node Type": "Aggregate", "Strategy": "Plain", "Startup Cost": 70461.66, "Total Cost": 70461.67, "Plan Rows": 1, "Plan Width": 123, "Plans": [{"Node Type": "Nested Loop", "Parent Relationship": "Outer", "Join Type": "Inner", "Startup Cost": 5.28, "Total Cost": 70461.0, "Plan Rows": 132, "Plan Width": 59, "Inner Unique": true, "Join Filter": "(at.movie_id = t.id)", "Plans": [{"Node Type": "Nested Loop", "Parent Relationship": "Outer", "Join Type": "Inner", "Startup Cost": 5.01, "Total Cost": 70053.12, "Plan Rows": 95, "Plan Width": 58, "Inner Unique": true, "Plans": [{"Node Type": "Nested Loop", "Parent Relationship": "Outer", "Join Type": "Inner", "Startup Cost": 4.75, "Total Cost": 69637.93, "Plan Rows": 97, "Plan Width": 62, "Inner Unique": false, "Join Filter": "(at.movie_id = mk.movie_id)", "Plans": [{"Node Type": "Nested Loop", "Parent Relationship": "Outer", "Join Type": "Inner", "Startup Cost": 4.42, "Total Cost": 69583.48, "Plan Rows": 12, "Plan Width": 54, "Inner Unique": true, "Join Filter": "(mc.company_type_id = ct.id)", "Plans": [{"Node Type": "Nested Loop", "Parent Relationship": "Outer", "Join Type": "Inner", "Startup Cost": 4.42, "Total Cost": 69581.9, "Plan Rows": 12, "Plan Width": 58, "Inner Unique": true, "Plans": [{"Node Type": "Nested Loop", "Parent Relationship": "Outer", "Join Type": "Inner", "Startup Cost": 4.16, "Total Cost": 69496.23, "Plan Rows": 20, "Plan Width": 62, "Inner Unique": false, "Plans": [{"Node Type": "Nested Loop", "Parent Relationship": "Outer", "Join Type": "Inner", "Startup Cost": 3.79, "Total Cost": 69456.49, "Plan Rows": 9, "Plan Width": 50, "Inner Unique": false, "Plans": [{"Node Type": "Nested Loop", "Parent Relationship": "Outer", "Join Type": "Inner", "Startup Cost": 0.0, "Total Cost": 69393.85, "Plan Rows": 4, "Plan Width": 46, "Inner Unique": false, "Join Filter": "(it1.id = mi.info_type_id)", "Plans": [{"Node Type": "Seq Scan", "Parent Relationship": "Outer", "Relation Name": "info_type", "Alias": "it1", "Startup Cost": 0.0, "Total Cost": 2.4, "Plan Rows": 1, "Plan Width": 4, "Filter": "((info)::text = 'release dates'::text)"}, {"Node Type": "Materialize", "Parent Relationship": "Inner", "Startup Cost": 0.0, "Total Cost": 69388.9, "Plan Rows": 255, "Plan Width": 50, "Plans": [{"Node Type": "Streaming(type: LOCAL GATHER dop: 1/64)", "Parent Relationship": "Outer", "Startup Cost": 0.0, "Total Cost": 69388.27, "Plan Rows": 255, "Plan Width": 50, "Plans": [{"Node Type": "Seq Scan", "Parent Relationship": "Outer", "Relation Name": "movie_info", "Alias": "mi", "Startup Cost": 0.0, "Total Cost": 69383.01, "Plan Rows": 255, "Plan Width": 50, "Filter": "((info IS NOT NULL) AND ((note)::text ~~ '%internet%'::text) AND (((info)::text ~~ 'USA:% 199%'::text) OR ((info)::text ~~ 'USA:% 200%'::text)))"}]}]}]}, {"Node Type": "Bitmap Heap Scan", "Parent Relationship": "Inner", "Relation Name": "aka_title", "Alias": "at", "Startup Cost": 3.79, "Total Cost": 15.63, "Plan Rows": 3, "Plan Width": 4, "Recheck Cond": "(movie_id = mi.movie_id)", "Plans": [{"Node Type": "Bitmap Index Scan", "Parent Relationship": "Outer", "Index Name": "movie_id_aka_title", "Startup Cost": 0.0, "Total Cost": 3.79, "Plan Rows": 3, "Plan Width": 0, "Index Cond": "(movie_id = mi.movie_id)"}]}]}, {"Node Type": "Bitmap Heap Scan", "Parent Relationship": "Inner", "Relation Name": "movie_companies", "Alias": "mc", "Startup Cost": 0.37, "Total Cost": 4.4, "Plan Rows": 2, "Plan Width": 12, "Recheck Cond": "(movie_id = at.movie_id)", "Plans": [{"Node Type": "Bitmap Index Scan", "Parent Relationship": "Outer", "Index Name": "movie_id_movie_companies", "Startup Cost": 0.0, "Total Cost": 0.37, "Plan Rows": 2, "Plan Width": 0, "Index Cond": "(movie_id = at.movie_id)"}]}]}, {"Node Type": "Bitmap Heap Scan", "Parent Relationship": "Inner", "Relation Name": "company_name", "Alias": "cn", "Startup Cost": 0.26, "Total Cost": 4.27, "Plan Rows": 1, "Plan Width": 4, "Recheck Cond": "(id = mc.company_id)", "Filter": "((country_code)::text = '[us]'::text)", "Plans": [{"Node Type": "Bitmap Index Scan", "Parent Relationship": "Outer", "Index Name": "company_name_pkey", "Startup Cost": 0.0, "Total Cost": 0.26, "Plan Rows": 1, "Plan Width": 0, "Index Cond": "(id = mc.company_id)"}]}]}, {"Node Type": "Materialize", "Parent Relationship": "Inner", "Startup Cost": 0.0, "Total Cost": 1.04, "Plan Rows": 3, "Plan Width": 4, "Plans": [{"Node Type": "Seq Scan", "Parent Relationship": "Outer", "Relation Name": "company_type", "Alias": "ct", "Startup Cost": 0.0, "Total Cost": 1.03, "Plan Rows": 3, "Plan Width": 4}]}]}, {"Node Type": "Bitmap Heap Scan", "Parent Relationship": "Inner", "Relation Name": "movie_keyword", "Alias": "mk", "Startup Cost": 0.34, "Total Cost": 4.44, "Plan Rows": 8, "Plan Width": 8, "Recheck Cond": "(movie_id = mc.movie_id)", "Plans": [{"Node Type": "Bitmap Index Scan", "Parent Relationship": "Outer", "Index Name": "movie_id_movie_keyword", "Startup Cost": 0.0, "Total Cost": 0.34, "Plan Rows": 8, "Plan Width": 0, "Index Cond": "(movie_id = mc.movie_id)"}]}]}, {"Node Type": "Bitmap Heap Scan", "Parent Relationship": "Inner", "Relation Name": "keyword", "Alias": "k", "Startup Cost": 0.26, "Total Cost": 4.27, "Plan Rows": 1, "Plan Width": 4, "Recheck Cond": "(id = mk.keyword_id)", "Plans": [{"Node Type": "Bitmap Index Scan", "Parent Relationship": "Outer", "Index Name": "keyword_pkey", "Startup Cost": 0.0, "Total Cost": 0.26, "Plan Rows": 1, "Plan Width": 0, "Index Cond": "(id = mk.keyword_id)"}]}]}, {"Node Type": "Bitmap Heap Scan", "Parent Relationship": "Inner", "Relation Name": "title", "Alias": "t", "Startup Cost": 0.27, "Total Cost": 4.28, "Plan Rows": 1, "Plan Width": 21, "Recheck Cond": "(id = mk.movie_id)", "Filter": "(production_year > 1990)", "Plans": [{"Node Type": "Bitmap Index Scan", "Parent Relationship": "Outer", "Index Name": "title_pkey", "Startup Cost": 0.0, "Total Cost": 0.27, "Plan Rows": 1, "Plan Width": 0, "Index Cond": "(id = mk.movie_id)"}]}]}]}, "Unique SQL Id": 2846462052}, "explain_analyze_plan": {"Plan": {"Node Type": "Aggregate", "Strategy": "Plain", "Startup Cost": 70461.66, "Total Cost": 70461.67, "Plan Rows": 1, "Plan Width": 123, "Actual Min Startup Time": 342.925, "Actual Max Startup Time": 342.925, "Actual Min Total Time": 342.926, "Actual Max Total Time": 342.926, "Actual Total Rows": 1, "Plans": [{"Node Type": "Nested Loop", "Parent Relationship": "Outer", "Join Type": "Inner", "Startup Cost": 5.28, "Total Cost": 70461.0, "Plan Rows": 132, "Plan Width": 59, "Actual Min Startup Time": 311.565, "Actual Max Startup Time": 311.565, "Actual Min Total Time": 341.955, "Actual Max Total Time": 341.955, "Actual Total Rows": 1140, "Inner Unique": true, "Join Filter": "(at.movie_id = t.id)", "Rows Removed by Join Filter": 0, "Plans": [{"Node Type": "Nested Loop", "Parent Relationship": "Outer", "Join Type": "Inner", "Startup Cost": 5.01, "Total Cost": 70053.12, "Plan Rows": 95, "Plan Width": 58, "Actual Min Startup Time": 311.522, "Actual Max Startup Time": 311.522, "Actual Min Total Time": 335.54, "Actual Max Total Time": 335.54, "Actual Total Rows": 1140, "Inner Unique": true, "Plans": [{"Node Type": "Nested Loop", "Parent Relationship": "Outer", "Join Type": "Inner", "Startup Cost": 4.75, "Total Cost": 69637.93, "Plan Rows": 97, "Plan Width": 62, "Actual Min Startup Time": 311.494, "Actual Max Startup Time": 311.494, "Actual Min Total Time": 327.867, "Actual Max Total Time": 327.867, "Actual Total Rows": 1140, "Inner Unique": false, "Join Filter": "(at.movie_id = mk.movie_id)", "Rows Removed by Join Filter": 0, "Plans": [{"Node Type": "Nested Loop", "Parent Relationship": "Outer", "Join Type": "Inner", "Startup Cost": 4.42, "Total Cost": 69583.48, "Plan Rows": 12, "Plan Width": 54, "Actual Min Startup Time": 311.017, "Actual Max Startup Time": 311.017, "Actual Min Total Time": 325.869, "Actual Max Total Time": 325.869, "Actual Total Rows": 119, "Inner Unique": true, "Join Filter": "(mc.company_type_id = ct.id)", "Rows Removed by Join Filter": 495, "Plans": [{"Node Type": "Nested Loop", "Parent Relationship": "Outer", "Join Type": "Inner", "Startup Cost": 4.42, "Total Cost": 69581.9, "Plan Rows": 12, "Plan Width": 58, "Actual Min Startup Time": 310.953, "Actual Max Startup Time": 310.953, "Actual Min Total Time": 325.522, "Actual Max Total Time": 325.522, "Actual Total Rows": 284, "Inner Unique": true, "Plans": [{"Node Type": "Nested Loop", "Parent Relationship": "Outer", "Join Type": "Inner", "Startup Cost": 4.16, "Total Cost": 69496.23, "Plan Rows": 20, "Plan Width": 62, "Actual Min Startup Time": 310.92, "Actual Max Startup Time": 310.92, "Actual Min Total Time": 322.366, "Actual Max Total Time": 322.366, "Actual Total Rows": 400, "Inner Unique": false, "Plans": [{"Node Type": "Nested Loop", "Parent Relationship": "Outer", "Join Type": "Inner", "Startup Cost": 3.79, "Total Cost": 69456.49, "Plan Rows": 9, "Plan Width": 50, "Actual Min Startup Time": 310.826, "Actual Max Startup Time": 310.826, "Actual Min Total Time": 320.599, "Actual Max Total Time": 320.599, "Actual Total Rows": 120, "Inner Unique": false, "Plans": [{"Node Type": "Nested Loop", "Parent Relationship": "Outer", "Join Type": "Inner", "Startup Cost": 0.0, "Total Cost": 69393.85, "Plan Rows": 4, "Plan Width": 46, "Actual Min Startup Time": 310.518, "Actual Max Startup Time": 310.518, "Actual Min Total Time": 311.676, "Actual Max Total Time": 311.676, "Actual Total Rows": 1783, "Inner Unique": false, "Join Filter": "(it1.id = mi.info_type_id)", "Rows Removed by Join Filter": 0, "Plans": [{"Node Type": "Seq Scan", "Parent Relationship": "Outer", "Relation Name": "info_type", "Alias": "it1", "Startup Cost": 0.0, "Total Cost": 2.4, "Plan Rows": 1, "Plan Width": 4, "Actual Min Startup Time": 0.11, "Actual Max Startup Time": 0.11, "Actual Min Total Time": 0.137, "Actual Max Total Time": 0.137, "Actual Total Rows": 1, "Filter": "((info)::text = 'release dates'::text)", "Rows Removed by Filter": 111}, {"Node Type": "Materialize", "Parent Relationship": "Inner", "Startup Cost": 0.0, "Total Cost": 69388.9, "Plan Rows": 255, "Plan Width": 50, "Actual Min Startup Time": 310.372, "Actual Max Startup Time": 310.372, "Actual Min Total Time": 310.672, "Actual Max Total Time": 310.672, "Actual Total Rows": 1784, "Plans": [{"Node Type": "Streaming(type: LOCAL GATHER dop: 1/64)", "Parent Relationship": "Outer", "Startup Cost": 0.0, "Total Cost": 69388.27, "Plan Rows": 255, "Plan Width": 50, "Actual Min Startup Time": 208.045, "Actual Max Startup Time": 208.045, "Actual Min Total Time": 309.897, "Actual Max Total Time": 309.897, "Actual Total Rows": 1783, "Plans": [{"Node Type": "Seq Scan", "Parent Relationship": "Outer", "Relation Name": "movie_info", "Alias": "mi", "Startup Cost": 0.0, "Total Cost": 69383.01, "Plan Rows": 255, "Plan Width": 50, "Actual Min Startup Time": 20.912, "Actual Max Startup Time": 55.775, "Actual Min Total Time": 75.639, "Actual Max Total Time": 111.751, "Actual Total Rows": 1783, "Filter": "((info IS NOT NULL) AND ((note)::text ~~ '%internet%'::text) AND (((info)::text ~~ 'USA:% 199%'::text) OR ((info)::text ~~ 'USA:% 200%'::text)))", "Rows Removed by Filter": 14833936}]}]}]}, {"Node Type": "Bitmap Heap Scan", "Parent Relationship": "Inner", "Relation Name": "aka_title", "Alias": "at", "Startup Cost": 3.79, "Total Cost": 15.63, "Plan Rows": 3, "Plan Width": 4, "Actual Min Startup Time": 6.905, "Actual Max Startup Time": 6.905, "Actual Min Total Time": 7.037, "Actual Max Total Time": 7.037, "Actual Total Rows": 120, "Recheck Cond": "(movie_id = mi.movie_id)", "Rows Removed by Index Recheck": 0, "Exact Heap Blocks": 120, "Lossy Heap Blocks": 120, "Plans": [{"Node Type": "Bitmap Index Scan", "Parent Relationship": "Outer", "Index Name": "movie_id_aka_title", "Startup Cost": 0.0, "Total Cost": 3.79, "Plan Rows": 3, "Plan Width": 0, "Actual Min Startup Time": 5.758, "Actual Max Startup Time": 5.758, "Actual Min Total Time": 5.758, "Actual Max Total Time": 5.758, "Actual Total Rows": 120, "Index Cond": "(movie_id = mi.movie_id)"}]}]}, {"Node Type": "Bitmap Heap Scan", "Parent Relationship": "Inner", "Relation Name": "movie_companies", "Alias": "mc", "Startup Cost": 0.37, "Total Cost": 4.4, "Plan Rows": 2, "Plan Width": 12, "Actual Min Startup Time": 1.219, "Actual Max Startup Time": 1.219, "Actual Min Total Time": 1.467, "Actual Max Total Time": 1.467, "Actual Total Rows": 400, "Recheck Cond": "(movie_id = at.movie_id)", "Rows Removed by Index Recheck": 0, "Exact Heap Blocks": 214, "Lossy Heap Blocks": 214, "Plans": [{"Node Type": "Bitmap Index Scan", "Parent Relationship": "Outer", "Index Name": "movie_id_movie_companies", "Startup Cost": 0.0, "Total Cost": 0.37, "Plan Rows": 2, "Plan Width": 0, "Actual Min Startup Time": 0.754, "Actual Max Startup Time": 0.754, "Actual Min Total Time": 0.754, "Actual Max Total Time": 0.754, "Actual Total Rows": 400, "Index Cond": "(movie_id = at.movie_id)"}]}]}, {"Node Type": "Bitmap Heap Scan", "Parent Relationship": "Inner", "Relation Name": "company_name", "Alias": "cn", "Startup Cost": 0.26, "Total Cost": 4.27, "Plan Rows": 1, "Plan Width": 4, "Actual Min Startup Time": 2.592, "Actual Max Startup Time": 2.592, "Actual Min Total Time": 2.592, "Actual Max Total Time": 2.592, "Actual Total Rows": 284, "Recheck Cond": "(id = mc.company_id)", "Rows Removed by Index Recheck": 0, "Filter": "((country_code)::text = '[us]'::text)", "Rows Removed by Filter": 116, "Exact Heap Blocks": 400, "Lossy Heap Blocks": 400, "Plans": [{"Node Type": "Bitmap Index Scan", "Parent Relationship": "Outer", "Index Name": "company_name_pkey", "Startup Cost": 0.0, "Total Cost": 0.26, "Plan Rows": 1, "Plan Width": 0, "Actual Min Startup Time": 1.456, "Actual Max Startup Time": 1.456, "Actual Min Total Time": 1.456, "Actual Max Total Time": 1.456, "Actual Total Rows": 400, "Index Cond": "(id = mc.company_id)"}]}]}, {"Node Type": "Materialize", "Parent Relationship": "Inner", "Startup Cost": 0.0, "Total Cost": 1.04, "Plan Rows": 3, "Plan Width": 4, "Actual Min Startup Time": 0.051, "Actual Max Startup Time": 0.051, "Actual Min Total Time": 0.101, "Actual Max Total Time": 0.101, "Actual Total Rows": 614, "Plans": [{"Node Type": "Seq Scan", "Parent Relationship": "Outer", "Relation Name": "company_type", "Alias": "ct", "Startup Cost": 0.0, "Total Cost": 1.03, "Plan Rows": 3, "Plan Width": 4, "Actual Min Startup Time": 0.008, "Actual Max Startup Time": 0.008, "Actual Min Total Time": 0.01, "Actual Max Total Time": 0.01, "Actual Total Rows": 3}]}]}, {"Node Type": "Bitmap Heap Scan", "Parent Relationship": "Inner", "Relation Name": "movie_keyword", "Alias": "mk", "Startup Cost": 0.34, "Total Cost": 4.44, "Plan Rows": 8, "Plan Width": 8, "Actual Min Startup Time": 1.234, "Actual Max Startup Time": 1.234, "Actual Min Total Time": 1.413, "Actual Max Total Time": 1.413, "Actual Total Rows": 1140, "Recheck Cond": "(movie_id = mc.movie_id)", "Rows Removed by Index Recheck": 0, "Exact Heap Blocks": 91, "Lossy Heap Blocks": 91, "Plans": [{"Node Type": "Bitmap Index Scan", "Parent Relationship": "Outer", "Index Name": "movie_id_movie_keyword", "Startup Cost": 0.0, "Total Cost": 0.34, "Plan Rows": 8, "Plan Width": 0, "Actual Min Startup Time": 0.827, "Actual Max Startup Time": 0.827, "Actual Min Total Time": 0.827, "Actual Max Total Time": 0.827, "Actual Total Rows": 1140, "Index Cond": "(movie_id = mc.movie_id)"}]}]}, {"Node Type": "Bitmap Heap Scan", "Parent Relationship": "Inner", "Relation Name": "keyword", "Alias": "k", "Startup Cost": 0.26, "Total Cost": 4.27, "Plan Rows": 1, "Plan Width": 4, "Actual Min Startup Time": 6.046, "Actual Max Startup Time": 6.046, "Actual Min Total Time": 6.046, "Actual Max Total Time": 6.046, "Actual Total Rows": 1140, "Recheck Cond": "(id = mk.keyword_id)", "Rows Removed by Index Recheck": 0, "Exact Heap Blocks": 1140, "Lossy Heap Blocks": 1140, "Plans": [{"Node Type": "Bitmap Index Scan", "Parent Relationship": "Outer", "Index Name": "keyword_pkey", "Startup Cost": 0.0, "Total Cost": 0.26, "Plan Rows": 1, "Plan Width": 0, "Actual Min Startup Time": 3.737, "Actual Max Startup Time": 3.737, "Actual Min Total Time": 3.737, "Actual Max Total Time": 3.737, "Actual Total Rows": 1140, "Index Cond": "(id = mk.keyword_id)"}]}]}, {"Node Type": "Bitmap Heap Scan", "Parent Relationship": "Inner", "Relation Name": "title", "Alias": "t", "Startup Cost": 0.27, "Total Cost": 4.28, "Plan Rows": 1, "Plan Width": 21, "Actual Min Startup Time": 4.755, "Actual Max Startup Time": 4.755, "Actual Min Total Time": 4.755, "Actual Max Total Time": 4.755, "Actual Total Rows": 1140, "Recheck Cond": "(id = mk.movie_id)", "Rows Removed by Index Recheck": 0, "Filter": "(production_year > 1990)", "Rows Removed by Filter": 0, "Exact Heap Blocks": 1140, "Lossy Heap Blocks": 1140, "Plans": [{"Node Type": "Bitmap Index Scan", "Parent Relationship": "Outer", "Index Name": "title_pkey", "Startup Cost": 0.0, "Total Cost": 0.27, "Plan Rows": 1, "Plan Width": 0, "Actual Min Startup Time": 2.904, "Actual Max Startup Time": 2.904, "Actual Min Total Time": 2.904, "Actual Max Total Time": 2.904, "Actual Total Rows": 1140, "Index Cond": "(id = mk.movie_id)"}]}]}]}, "Triggers": [], "Planner Runtime": 197.506, "Total Runtime": 355.936, "Unique SQL Id": 2846462052}}, "(64, 55)": {"explain_plan": {"Plan": {"Node Type": "Aggregate", "Strategy": "Plain", "Startup Cost": 166073.69, "Total Cost": 166073.7, "Plan Rows": 1, "Plan Width": 123, "Plans": [{"Node Type": "Nested Loop", "Parent Relationship": "Outer", "Join Type": "Inner", "Startup Cost": 4855.81, "Total Cost": 166073.03, "Plan Rows": 132, "Plan Width": 59, "Inner Unique": true, "Join Filter": "(at.movie_id = t.id)", "Plans": [{"Node Type": "Nested Loop", "Parent Relationship": "Outer", "Join Type": "Inner", "Startup Cost": 4855.54, "Total Cost": 165665.15, "Plan Rows": 95, "Plan Width": 58, "Inner Unique": true, "Plans": [{"Node Type": "Nested Loop", "Parent Relationship": "Outer", "Join Type": "Inner", "Startup Cost": 4855.28, "Total Cost": 165249.97, "Plan Rows": 97, "Plan Width": 62, "Inner Unique": false, "Join Filter": "(at.movie_id = mk.movie_id)", "Plans": [{"Node Type": "Nested Loop", "Parent Relationship": "Outer", "Join Type": "Inner", "Startup Cost": 4854.95, "Total Cost": 165195.51, "Plan Rows": 12, "Plan Width": 54, "Inner Unique": true, "Plans": [{"Node Type": "Nested Loop", "Parent Relationship": "Outer", "Join Type": "Inner", "Startup Cost": 4854.69, "Total Cost": 165144.15, "Plan Rows": 12, "Plan Width": 58, "Inner Unique": true, "Plans": [{"Node Type": "Nested Loop", "Parent Relationship": "Outer", "Join Type": "Inner", "Startup Cost": 4854.43, "Total Cost": 165058.48, "Plan Rows": 20, "Plan Width": 62, "Inner Unique": false, "Plans": [{"Node Type": "Nested Loop", "Parent Relationship": "Outer", "Join Type": "Inner", "Startup Cost": 4854.06, "Total Cost": 165018.73, "Plan Rows": 9, "Plan Width": 50, "Inner Unique": false, "Plans": [{"Node Type": "Nested Loop", "Parent Relationship": "Outer", "Join Type": "Inner", "Startup Cost": 4850.27, "Total Cost": 164956.1, "Plan Rows": 4, "Plan Width": 46, "Inner Unique": false, "Plans": [{"Node Type": "Bitmap Heap Scan", "Parent Relationship": "Outer", "Relation Name": "info_type", "Alias": "it1", "Startup Cost": 8.81, "Total Cost": 14.21, "Plan Rows": 1, "Plan Width": 4, "Filter": "((info)::text = 'release dates'::text)", "Plans": [{"Node Type": "Bitmap Index Scan", "Parent Relationship": "Outer", "Index Name": "info_type_pkey", "Startup Cost": 0.0, "Total Cost": 8.81, "Plan Rows": 112, "Plan Width": 0}]}, {"Node Type": "Bitmap Heap Scan", "Parent Relationship": "Inner", "Relation Name": "movie_info", "Alias": "mi", "Startup Cost": 4841.46, "Total Cost": 164941.85, "Plan Rows": 4, "Plan Width": 50, "Recheck Cond": "(info_type_id = it1.id)", "Filter": "((info IS NOT NULL) AND ((note)::text ~~ '%internet%'::text) AND (((info)::text ~~ 'USA:% 199%'::text) OR ((info)::text ~~ 'USA:% 200%'::text)))", "Plans": [{"Node Type": "Bitmap Index Scan", "Parent Relationship": "Outer", "Index Name": "info_type_id_movie_info", "Startup Cost": 0.0, "Total Cost": 4841.46, "Plan Rows": 212428, "Plan Width": 0, "Index Cond": "(info_type_id = it1.id)"}]}]}, {"Node Type": "Bitmap Heap Scan", "Parent Relationship": "Inner", "Relation Name": "aka_title", "Alias": "at", "Startup Cost": 3.79, "Total Cost": 15.63, "Plan Rows": 3, "Plan Width": 4, "Recheck Cond": "(movie_id = mi.movie_id)", "Plans": [{"Node Type": "Bitmap Index Scan", "Parent Relationship": "Outer", "Index Name": "movie_id_aka_title", "Startup Cost": 0.0, "Total Cost": 3.79, "Plan Rows": 3, "Plan Width": 0, "Index Cond": "(movie_id = mi.movie_id)"}]}]}, {"Node Type": "Bitmap Heap Scan", "Parent Relationship": "Inner", "Relation Name": "movie_companies", "Alias": "mc", "Startup Cost": 0.37, "Total Cost": 4.4, "Plan Rows": 2, "Plan Width": 12, "Recheck Cond": "(movie_id = at.movie_id)", "Plans": [{"Node Type": "Bitmap Index Scan", "Parent Relationship": "Outer", "Index Name": "movie_id_movie_companies", "Startup Cost": 0.0, "Total Cost": 0.37, "Plan Rows": 2, "Plan Width": 0, "Index Cond": "(movie_id = at.movie_id)"}]}]}, {"Node Type": "Bitmap Heap Scan", "Parent Relationship": "Inner", "Relation Name": "company_name", "Alias": "cn", "Startup Cost": 0.26, "Total Cost": 4.27, "Plan Rows": 1, "Plan Width": 4, "Recheck Cond": "(id = mc.company_id)", "Filter": "((country_code)::text = '[us]'::text)", "Plans": [{"Node Type": "Bitmap Index Scan", "Parent Relationship": "Outer", "Index Name": "company_name_pkey", "Startup Cost": 0.0, "Total Cost": 0.26, "Plan Rows": 1, "Plan Width": 0, "Index Cond": "(id = mc.company_id)"}]}]}, {"Node Type": "Bitmap Heap Scan", "Parent Relationship": "Inner", "Relation Name": "company_type", "Alias": "ct", "Startup Cost": 0.26, "Total Cost": 4.27, "Plan Rows": 1, "Plan Width": 4, "Recheck Cond": "(id = mc.company_type_id)", "Plans": [{"Node Type": "Bitmap Index Scan", "Parent Relationship": "Outer", "Index Name": "company_type_pkey", "Startup Cost": 0.0, "Total Cost": 0.26, "Plan Rows": 1, "Plan Width": 0, "Index Cond": "(id = mc.company_type_id)"}]}]}, {"Node Type": "Bitmap Heap Scan", "Parent Relationship": "Inner", "Relation Name": "movie_keyword", "Alias": "mk", "Startup Cost": 0.34, "Total Cost": 4.44, "Plan Rows": 8, "Plan Width": 8, "Recheck Cond": "(movie_id = mc.movie_id)", "Plans": [{"Node Type": "Bitmap Index Scan", "Parent Relationship": "Outer", "Index Name": "movie_id_movie_keyword", "Startup Cost": 0.0, "Total Cost": 0.34, "Plan Rows": 8, "Plan Width": 0, "Index Cond": "(movie_id = mc.movie_id)"}]}]}, {"Node Type": "Bitmap Heap Scan", "Parent Relationship": "Inner", "Relation Name": "keyword", "Alias": "k", "Startup Cost": 0.26, "Total Cost": 4.27, "Plan Rows": 1, "Plan Width": 4, "Recheck Cond": "(id = mk.keyword_id)", "Plans": [{"Node Type": "Bitmap Index Scan", "Parent Relationship": "Outer", "Index Name": "keyword_pkey", "Startup Cost": 0.0, "Total Cost": 0.26, "Plan Rows": 1, "Plan Width": 0, "Index Cond": "(id = mk.keyword_id)"}]}]}, {"Node Type": "Bitmap Heap Scan", "Parent Relationship": "Inner", "Relation Name": "title", "Alias": "t", "Startup Cost": 0.27, "Total Cost": 4.28, "Plan Rows": 1, "Plan Width": 21, "Recheck Cond": "(id = mk.movie_id)", "Filter": "(production_year > 1990)", "Plans": [{"Node Type": "Bitmap Index Scan", "Parent Relationship": "Outer", "Index Name": "title_pkey", "Startup Cost": 0.0, "Total Cost": 0.27, "Plan Rows": 1, "Plan Width": 0, "Index Cond": "(id = mk.movie_id)"}]}]}]}, "Unique SQL Id": 2846462052}, "explain_analyze_plan": null}, "(64, 56)": {"explain_plan": {"Plan": {"Node Type": "Aggregate", "Strategy": "Plain", "Startup Cost": 69465.15, "Total Cost": 69465.16, "Plan Rows": 1, "Plan Width": 123, "Plans": [{"Node Type": "Nested Loop", "Parent Relationship": "Outer", "Join Type": "Inner", "Startup Cost": 0.0, "Total Cost": 69464.49, "Plan Rows": 132, "Plan Width": 59, "Inner Unique": false, "Plans": [{"Node Type": "Nested Loop", "Parent Relationship": "Outer", "Join Type": "Inner", "Startup Cost": 0.0, "Total Cost": 69449.44, "Plan Rows": 44, "Plan Width": 75, "Inner Unique": true, "Plans": [{"Node Type": "Nested Loop", "Parent Relationship": "Outer", "Join Type": "Inner", "Startup Cost": 0.0, "Total Cost": 69437.12, "Plan Rows": 44, "Plan Width": 79, "Inner Unique": false, "Join Filter": "(t.id = mk.movie_id)", "Plans": [{"Node Type": "Nested Loop", "Parent Relationship": "Outer", "Join Type": "Inner", "Startup Cost": 0.0, "Total Cost": 69433.75, "Plan Rows": 6, "Plan Width": 71, "Inner Unique": true, "Plans": [{"Node Type": "Nested Loop", "Parent Relationship": "Outer", "Join Type": "Inner", "Startup Cost": 0.0, "Total Cost": 69430.58, "Plan Rows": 11, "Plan Width": 75, "Inner Unique": true, "Join Filter": "(mc.company_type_id = ct.id)", "Plans": [{"Node Type": "Nested Loop", "Parent Relationship": "Outer", "Join Type": "Inner", "Startup Cost": 0.0, "Total Cost": 69429.0, "Plan Rows": 12, "Plan Width": 79, "Inner Unique": false, "Plans": [{"Node Type": "Nested Loop", "Parent Relationship": "Outer", "Join Type": "Inner", "Startup Cost": 0.0, "Total Cost": 69426.8, "Plan Rows": 6, "Plan Width": 67, "Inner Unique": true, "Plans": [{"Node Type": "Nested Loop", "Parent Relationship": "Outer", "Join Type": "Inner", "Startup Cost": 0.0, "Total Cost": 69393.85, "Plan Rows": 4, "Plan Width": 46, "Inner Unique": false, "Join Filter": "(it1.id = mi.info_type_id)", "Plans": [{"Node Type": "Seq Scan", "Parent Relationship": "Outer", "Relation Name": "info_type", "Alias": "it1", "Startup Cost": 0.0, "Total Cost": 2.4, "Plan Rows": 1, "Plan Width": 4, "Filter": "((info)::text = 'release dates'::text)"}, {"Node Type": "Materialize", "Parent Relationship": "Inner", "Startup Cost": 0.0, "Total Cost": 69388.9, "Plan Rows": 255, "Plan Width": 50, "Plans": [{"Node Type": "Streaming(type: LOCAL GATHER dop: 1/64)", "Parent Relationship": "Outer", "Startup Cost": 0.0, "Total Cost": 69388.27, "Plan Rows": 255, "Plan Width": 50, "Plans": [{"Node Type": "Seq Scan", "Parent Relationship": "Outer", "Relation Name": "movie_info", "Alias": "mi", "Startup Cost": 0.0, "Total Cost": 69383.01, "Plan Rows": 255, "Plan Width": 50, "Filter": "((info IS NOT NULL) AND ((note)::text ~~ '%internet%'::text) AND (((info)::text ~~ 'USA:% 199%'::text) OR ((info)::text ~~ 'USA:% 200%'::text)))"}]}]}]}, {"Node Type": "Index Scan", "Parent Relationship": "Inner", "Scan Direction": "Forward", "Index Name": "title_pkey", "Relation Name": "title", "Alias": "t", "Startup Cost": 0.0, "Total Cost": 8.23, "Plan Rows": 1, "Plan Width": 21, "Index Cond": "(id = mi.movie_id)", "Filter": "(production_year > 1990)"}]}, {"Node Type": "Index Scan", "Parent Relationship": "Inner", "Scan Direction": "Forward", "Index Name": "movie_id_movie_companies", "Relation Name": "movie_companies", "Alias": "mc", "Startup Cost": 0.0, "Total Cost": 0.35, "Plan Rows": 2, "Plan Width": 12, "Index Cond": "(movie_id = t.id)"}]}, {"Node Type": "Materialize", "Parent Relationship": "Inner", "Startup Cost": 0.0, "Total Cost": 1.04, "Plan Rows": 3, "Plan Width": 4, "Plans": [{"Node Type": "Seq Scan", "Parent Relationship": "Outer", "Relation Name": "company_type", "Alias": "ct", "Startup Cost": 0.0, "Total Cost": 1.03, "Plan Rows": 3, "Plan Width": 4}]}]}, {"Node Type": "Index Scan", "Parent Relationship": "Inner", "Scan Direction": "Forward", "Index Name": "company_name_pkey", "Relation Name": "company_name", "Alias": "cn", "Startup Cost": 0.0, "Total Cost": 0.28, "Plan Rows": 1, "Plan Width": 4, "Index Cond": "(id = mc.company_id)", "Filter": "((country_code)::text = '[us]'::text)"}]}, {"Node Type": "Index Scan", "Parent Relationship": "Inner", "Scan Direction": "Forward", "Index Name": "movie_id_movie_keyword", "Relation Name": "movie_keyword", "Alias": "mk", "Startup Cost": 0.0, "Total Cost": 0.46, "Plan Rows": 8, "Plan Width": 8, "Index Cond": "(movie_id = mc.movie_id)"}]}, {"Node Type": "Index Only Scan", "Parent Relationship": "Inner", "Scan Direction": "Forward", "Index Name": "keyword_pkey", "Relation Name": "keyword", "Alias": "k", "Startup Cost": 0.0, "Total Cost": 0.27, "Plan Rows": 1, "Plan Width": 4, "Index Cond": "(id = mk.keyword_id)"}]}, {"Node Type": "Index Only Scan", "Parent Relationship": "Inner", "Scan Direction": "Forward", "Index Name": "movie_id_aka_title", "Relation Name": "aka_title", "Alias": "at", "Startup Cost": 0.0, "Total Cost": 0.31, "Plan Rows": 3, "Plan Width": 4, "Index Cond": "(movie_id = t.id)"}]}]}, "Unique SQL Id": 2846462052}, "explain_analyze_plan": {"Plan": {"Node Type": "Aggregate", "Strategy": "Plain", "Startup Cost": 69465.15, "Total Cost": 69465.16, "Plan Rows": 1, "Plan Width": 123, "Actual Min Startup Time": 345.13, "Actual Max Startup Time": 345.13, "Actual Min Total Time": 345.13, "Actual Max Total Time": 345.13, "Actual Total Rows": 1, "Plans": [{"Node Type": "Nested Loop", "Parent Relationship": "Outer", "Join Type": "Inner", "Startup Cost": 0.0, "Total Cost": 69464.49, "Plan Rows": 132, "Plan Width": 59, "Actual Min Startup Time": 257.427, "Actual Max Startup Time": 257.427, "Actual Min Total Time": 344.303, "Actual Max Total Time": 344.303, "Actual Total Rows": 1140, "Inner Unique": false, "Plans": [{"Node Type": "Nested Loop", "Parent Relationship": "Outer", "Join Type": "Inner", "Startup Cost": 0.0, "Total Cost": 69449.44, "Plan Rows": 44, "Plan Width": 75, "Actual Min Startup Time": 255.301, "Actual Max Startup Time": 255.301, "Actual Min Total Time": 331.262, "Actual Max Total Time": 331.262, "Actual Total Rows": 4808, "Inner Unique": true, "Plans": [{"Node Type": "Nested Loop", "Parent Relationship": "Outer", "Join Type": "Inner", "Startup Cost": 0.0, "Total Cost": 69437.12, "Plan Rows": 44, "Plan Width": 79, "Actual Min Startup Time": 255.277, "Actual Max Startup Time": 255.277, "Actual Min Total Time": 314.328, "Actual Max Total Time": 314.328, "Actual Total Rows": 4808, "Inner Unique": false, "Join Filter": "(t.id = mk.movie_id)", "Rows Removed by Join Filter": 0, "Plans": [{"Node Type": "Nested Loop", "Parent Relationship": "Outer", "Join Type": "Inner", "Startup Cost": 0.0, "Total Cost": 69433.75, "Plan Rows": 6, "Plan Width": 71, "Actual Min Startup Time": 255.176, "Actual Max Startup Time": 255.176, "Actual Min Total Time": 300.972, "Actual Max Total Time": 300.972, "Actual Total Rows": 1488, "Inner Unique": true, "Plans": [{"Node Type": "Nested Loop", "Parent Relationship": "Outer", "Join Type": "Inner", "Startup Cost": 0.0, "Total Cost": 69430.58, "Plan Rows": 11, "Plan Width": 75, "Actual Min Startup Time": 255.148, "Actual Max Startup Time": 255.148, "Actual Min Total Time": 289.815, "Actual Max Total Time": 289.815, "Actual Total Rows": 1599, "Inner Unique": true, "Join Filter": "(mc.company_type_id = ct.id)", "Rows Removed by Join Filter": 3855, "Plans": [{"Node Type": "Nested Loop", "Parent Relationship": "Outer", "Join Type": "Inner", "Startup Cost": 0.0, "Total Cost": 69429.0, "Plan Rows": 12, "Plan Width": 79, "Actual Min Startup Time": 255.122, "Actual Max Startup Time": 255.122, "Actual Min Total Time": 287.181, "Actual Max Total Time": 287.181, "Actual Total Rows": 2884, "Inner Unique": false, "Plans": [{"Node Type": "Nested Loop", "Parent Relationship": "Outer", "Join Type": "Inner", "Startup Cost": 0.0, "Total Cost": 69426.8, "Plan Rows": 6, "Plan Width": 67, "Actual Min Startup Time": 255.072, "Actual Max Startup Time": 255.072, "Actual Min Total Time": 270.731, "Actual Max Total Time": 270.731, "Actual Total Rows": 1782, "Inner Unique": true, "Plans": [{"Node Type": "Nested Loop", "Parent Relationship": "Outer", "Join Type": "Inner", "Startup Cost": 0.0, "Total Cost": 69393.85, "Plan Rows": 4, "Plan Width": 46, "Actual Min Startup Time": 255.014, "Actual Max Startup Time": 255.014, "Actual Min Total Time": 256.226, "Actual Max Total Time": 256.226, "Actual Total Rows": 1783, "Inner Unique": false, "Join Filter": "(it1.id = mi.info_type_id)", "Rows Removed by Join Filter": 0, "Plans": [{"Node Type": "Seq Scan", "Parent Relationship": "Outer", "Relation Name": "info_type", "Alias": "it1", "Startup Cost": 0.0, "Total Cost": 2.4, "Plan Rows": 1, "Plan Width": 4, "Actual Min Startup Time": 0.089, "Actual Max Startup Time": 0.089, "Actual Min Total Time": 0.117, "Actual Max Total Time": 0.117, "Actual Total Rows": 1, "Filter": "((info)::text = 'release dates'::text)", "Rows Removed by Filter": 111}, {"Node Type": "Materialize", "Parent Relationship": "Inner", "Startup Cost": 0.0, "Total Cost": 69388.9, "Plan Rows": 255, "Plan Width": 50, "Actual Min Startup Time": 254.872, "Actual Max Startup Time": 254.872, "Actual Min Total Time": 255.183, "Actual Max Total Time": 255.183, "Actual Total Rows": 1784, "Plans": [{"Node Type": "Streaming(type: LOCAL GATHER dop: 1/64)", "Parent Relationship": "Outer", "Startup Cost": 0.0, "Total Cost": 69388.27, "Plan Rows": 255, "Plan Width": 50, "Actual Min Startup Time": 77.082, "Actual Max Startup Time": 77.082, "Actual Min Total Time": 254.429, "Actual Max Total Time": 254.429, "Actual Total Rows": 1783, "Plans": [{"Node Type": "Seq Scan", "Parent Relationship": "Outer", "Relation Name": "movie_info", "Alias": "mi", "Startup Cost": 0.0, "Total Cost": 69383.01, "Plan Rows": 255, "Plan Width": 50, "Actual Min Startup Time": 20.238, "Actual Max Startup Time": 29.384, "Actual Min Total Time": 72.173, "Actual Max Total Time": 84.825, "Actual Total Rows": 1783, "Filter": "((info IS NOT NULL) AND ((note)::text ~~ '%internet%'::text) AND (((info)::text ~~ 'USA:% 199%'::text) OR ((info)::text ~~ 'USA:% 200%'::text)))", "Rows Removed by Filter": 14833936}]}]}]}, {"Node Type": "Index Scan", "Parent Relationship": "Inner", "Scan Direction": "Forward", "Index Name": "title_pkey", "Relation Name": "title", "Alias": "t", "Startup Cost": 0.0, "Total Cost": 8.23, "Plan Rows": 1, "Plan Width": 21, "Actual Min Startup Time": 12.969, "Actual Max Startup Time": 12.969, "Actual Min Total Time": 12.969, "Actual Max Total Time": 12.969, "Actual Total Rows": 1782, "Index Cond": "(id = mi.movie_id)", "Rows Removed by Index Recheck": 0, "Filter": "(production_year > 1990)", "Rows Removed by Filter": 1}]}, {"Node Type": "Index Scan", "Parent Relationship": "Inner", "Scan Direction": "Forward", "Index Name": "movie_id_movie_companies", "Relation Name": "movie_companies", "Alias": "mc", "Startup Cost": 0.0, "Total Cost": 0.35, "Plan Rows": 2, "Plan Width": 12, "Actual Min Startup Time": 11.941, "Actual Max Startup Time": 11.941, "Actual Min Total Time": 14.872, "Actual Max Total Time": 14.872, "Actual Total Rows": 2884, "Index Cond": "(movie_id = t.id)", "Rows Removed by Index Recheck": 0}]}, {"Node Type": "Materialize", "Parent Relationship": "Inner", "Startup Cost": 0.0, "Total Cost": 1.04, "Plan Rows": 3, "Plan Width": 4, "Actual Min Startup Time": 0.325, "Actual Max Startup Time": 0.325, "Actual Min Total Time": 0.663, "Actual Max Total Time": 0.663, "Actual Total Rows": 5454, "Plans": [{"Node Type": "Seq Scan", "Parent Relationship": "Outer", "Relation Name": "company_type", "Alias": "ct", "Startup Cost": 0.0, "Total Cost": 1.03, "Plan Rows": 3, "Plan Width": 4, "Actual Min Startup Time": 0.009, "Actual Max Startup Time": 0.009, "Actual Min Total Time": 0.011, "Actual Max Total Time": 0.011, "Actual Total Rows": 3}]}]}, {"Node Type": "Index Scan", "Parent Relationship": "Inner", "Scan Direction": "Forward", "Index Name": "company_name_pkey", "Relation Name": "company_name", "Alias": "cn", "Startup Cost": 0.0, "Total Cost": 0.28, "Plan Rows": 1, "Plan Width": 4, "Actual Min Startup Time": 9.829, "Actual Max Startup Time": 9.829, "Actual Min Total Time": 9.829, "Actual Max Total Time": 9.829, "Actual Total Rows": 1488, "Index Cond": "(id = mc.company_id)", "Rows Removed by Index Recheck": 0, "Filter": "((country_code)::text = '[us]'::text)", "Rows Removed by Filter": 111}]}, {"Node Type": "Index Scan", "Parent Relationship": "Inner", "Scan Direction": "Forward", "Index Name": "movie_id_movie_keyword", "Relation Name": "movie_keyword", "Alias": "mk", "Startup Cost": 0.0, "Total Cost": 0.46, "Plan Rows": 8, "Plan Width": 8, "Actual Min Startup Time": 8.204, "Actual Max Startup Time": 8.204, "Actual Min Total Time": 10.552, "Actual Max Total Time": 10.552, "Actual Total Rows": 4808, "Index Cond": "(movie_id = mc.movie_id)", "Rows Removed by Index Recheck": 0}]}, {"Node Type": "Index Only Scan", "Parent Relationship": "Inner", "Scan Direction": "Forward", "Index Name": "keyword_pkey", "Relation Name": "keyword", "Alias": "k", "Startup Cost": 0.0, "Total Cost": 0.27, "Plan Rows": 1, "Plan Width": 4, "Actual Min Startup Time": 13.424, "Actual Max Startup Time": 13.424, "Actual Min Total Time": 13.424, "Actual Max Total Time": 13.424, "Actual Total Rows": 4808, "Index Cond": "(id = mk.keyword_id)", "Rows Removed by Index Recheck": 0, "Heap Fetches": 0}]}, {"Node Type": "Index Only Scan", "Parent Relationship": "Inner", "Scan Direction": "Forward", "Index Name": "movie_id_aka_title", "Relation Name": "aka_title", "Alias": "at", "Startup Cost": 0.0, "Total Cost": 0.31, "Plan Rows": 3, "Plan Width": 4, "Actual Min Startup Time": 10.178, "Actual Max Startup Time": 10.178, "Actual Min Total Time": 10.466, "Actual Max Total Time": 10.466, "Actual Total Rows": 1140, "Index Cond": "(movie_id = t.id)", "Rows Removed by Index Recheck": 0, "Heap Fetches": 0}]}]}, "Triggers": [], "Planner Runtime": 41.184, "Total Runtime": 358.109, "Unique SQL Id": 2846462052}}, "(64, 57)": {"explain_plan": {"Plan": {"Node Type": "Aggregate", "Strategy": "Plain", "Startup Cost": 496832.71, "Total Cost": 496832.72, "Plan Rows": 1, "Plan Width": 123, "Plans": [{"Node Type": "Nested Loop", "Parent Relationship": "Outer", "Join Type": "Inner", "Startup Cost": 0.0, "Total Cost": 496832.05, "Plan Rows": 132, "Plan Width": 59, "Inner Unique": false, "Plans": [{"Node Type": "Nested Loop", "Parent Relationship": "Outer", "Join Type": "Inner", "Startup Cost": 0.0, "Total Cost": 496817.0, "Plan Rows": 44, "Plan Width": 75, "Inner Unique": true, "Plans": [{"Node Type": "Nested Loop", "Parent Relationship": "Outer", "Join Type": "Inner", "Startup Cost": 0.0, "Total Cost": 496804.68, "Plan Rows": 44, "Plan Width": 79, "Inner Unique": false, "Join Filter": "(t.id = mk.movie_id)", "Plans": [{"Node Type": "Nested Loop", "Parent Relationship": "Outer", "Join Type": "Inner", "Startup Cost": 0.0, "Total Cost": 496801.31, "Plan Rows": 6, "Plan Width": 71, "Inner Unique": true, "Plans": [{"Node Type": "Nested Loop", "Parent Relationship": "Outer", "Join Type": "Inner", "Startup Cost": 0.0, "Total Cost": 496798.51, "Plan Rows": 10, "Plan Width": 75, "Inner Unique": true, "Plans": [{"Node Type": "Nested Loop", "Parent Relationship": "Outer", "Join Type": "Inner", "Startup Cost": 0.0, "Total Cost": 496795.05, "Plan Rows": 12, "Plan Width": 79, "Inner Unique": false, "Plans": [{"Node Type": "Nested Loop", "Parent Relationship": "Outer", "Join Type": "Inner", "Startup Cost": 0.0, "Total Cost": 496792.85, "Plan Rows": 6, "Plan Width": 67, "Inner Unique": true, "Plans": [{"Node Type": "Nested Loop", "Parent Relationship": "Outer", "Join Type": "Inner", "Startup Cost": 0.0, "Total Cost": 496759.91, "Plan Rows": 4, "Plan Width": 46, "Inner Unique": false, "Plans": [{"Node Type": "Index Scan", "Parent Relationship": "Outer", "Scan Direction": "Forward", "Index Name": "info_type_pkey", "Relation Name": "info_type", "Alias": "it1", "Startup Cost": 0.0, "Total Cost": 14.21, "Plan Rows": 1, "Plan Width": 4, "Filter": "((info)::text = 'release dates'::text)"}, {"Node Type": "Index Scan", "Parent Relationship": "Inner", "Scan Direction": "Forward", "Index Name": "info_type_id_movie_info", "Relation Name": "movie_info", "Alias": "mi", "Startup Cost": 0.0, "Total Cost": 496745.66, "Plan Rows": 4, "Plan Width": 50, "Index Cond": "(info_type_id = it1.id)", "Filter": "((info IS NOT NULL) AND ((note)::text ~~ '%internet%'::text) AND (((info)::text ~~ 'USA:% 199%'::text) OR ((info)::text ~~ 'USA:% 200%'::text)))"}]}, {"Node Type": "Index Scan", "Parent Relationship": "Inner", "Scan Direction": "Forward", "Index Name": "title_pkey", "Relation Name": "title", "Alias": "t", "Startup Cost": 0.0, "Total Cost": 8.23, "Plan Rows": 1, "Plan Width": 21, "Index Cond": "(id = mi.movie_id)", "Filter": "(production_year > 1990)"}]}, {"Node Type": "Index Scan", "Parent Relationship": "Inner", "Scan Direction": "Forward", "Index Name": "movie_id_movie_companies", "Relation Name": "movie_companies", "Alias": "mc", "Startup Cost": 0.0, "Total Cost": 0.35, "Plan Rows": 2, "Plan Width": 12, "Index Cond": "(movie_id = t.id)"}]}, {"Node Type": "Index Scan", "Parent Relationship": "Inner", "Scan Direction": "Forward", "Index Name": "company_name_pkey", "Relation Name": "company_name", "Alias": "cn", "Startup Cost": 0.0, "Total Cost": 0.28, "Plan Rows": 1, "Plan Width": 4, "Index Cond": "(id = mc.company_id)", "Filter": "((country_code)::text = '[us]'::text)"}]}, {"Node Type": "Index Only Scan", "Parent Relationship": "Inner", "Scan Direction": "Forward", "Index Name": "company_type_pkey", "Relation Name": "company_type", "Alias": "ct", "Startup Cost": 0.0, "Total Cost": 0.27, "Plan Rows": 1, "Plan Width": 4, "Index Cond": "(id = mc.company_type_id)"}]}, {"Node Type": "Index Scan", "Parent Relationship": "Inner", "Scan Direction": "Forward", "Index Name": "movie_id_movie_keyword", "Relation Name": "movie_keyword", "Alias": "mk", "Startup Cost": 0.0, "Total Cost": 0.46, "Plan Rows": 8, "Plan Width": 8, "Index Cond": "(movie_id = mc.movie_id)"}]}, {"Node Type": "Index Only Scan", "Parent Relationship": "Inner", "Scan Direction": "Forward", "Index Name": "keyword_pkey", "Relation Name": "keyword", "Alias": "k", "Startup Cost": 0.0, "Total Cost": 0.27, "Plan Rows": 1, "Plan Width": 4, "Index Cond": "(id = mk.keyword_id)"}]}, {"Node Type": "Index Only Scan", "Parent Relationship": "Inner", "Scan Direction": "Forward", "Index Name": "movie_id_aka_title", "Relation Name": "aka_title", "Alias": "at", "Startup Cost": 0.0, "Total Cost": 0.31, "Plan Rows": 3, "Plan Width": 4, "Index Cond": "(movie_id = t.id)"}]}]}, "Unique SQL Id": 2846462052}, "explain_analyze_plan": null}, "(64, 58)": {"explain_plan": {"Plan": {"Node Type": "Aggregate", "Strategy": "Plain", "Startup Cost": 880852.72, "Total Cost": 880852.75, "Plan Rows": 1, "Plan Width": 123, "Plans": [{"Node Type": "Streaming(type: LOCAL GATHER dop: 1/64)", "Parent Relationship": "Outer", "Startup Cost": 880852.72, "Total Cost": 880852.75, "Plan Rows": 1, "Plan Width": 123, "Plans": [{"Node Type": "Aggregate", "Strategy": "Plain", "Parent Relationship": "Outer", "Startup Cost": 880852.72, "Total Cost": 880852.73, "Plan Rows": 1, "Plan Width": 123, "Plans": [{"Node Type": "Nested Loop", "Parent Relationship": "Outer", "Join Type": "Inner", "Startup Cost": 0.0, "Total Cost": 880852.06, "Plan Rows": 132, "Plan Width": 59, "Inner Unique": false, "Join Filter": "(mk.keyword_id = k.id)", "Plans": [{"Node Type": "Streaming(type: LOCAL REDISTRIBUTE dop: 64/1)", "Parent Relationship": "Outer", "Startup Cost": 0.0, "Total Cost": 70551.96, "Plan Rows": 134169, "Plan Width": 4, "Plans": [{"Node Type": "Seq Scan", "Parent Relationship": "Outer", "Relation Name": "keyword", "Alias": "k", "Startup Cost": 0.0, "Total Cost": 2100.69, "Plan Rows": 134169, "Plan Width": 4}]}, {"Node Type": "Materialize", "Parent Relationship": "Inner", "Startup Cost": 0.0, "Total Cost": 810234.26, "Plan Rows": 134, "Plan Width": 63, "Plans": [{"Node Type": "Streaming(type: LOCAL REDISTRIBUTE dop: 64/64)", "Parent Relationship": "Outer", "Startup Cost": 0.0, "Total Cost": 810234.25, "Plan Rows": 134, "Plan Width": 63, "Plans": [{"Node Type": "Nested Loop", "Parent Relationship": "Outer", "Join Type": "Inner", "Startup Cost": 0.0, "Total Cost": 747234.12, "Plan Rows": 134, "Plan Width": 63, "Inner Unique": false, "Join Filter": "(t.id = mk.movie_id)", "Plans": [{"Node Type": "Streaming(type: LOCAL ROUNDROBIN dop: 64/1)", "Parent Relationship": "Outer", "Startup Cost": 0.0, "Total Cost": 218769.42, "Plan Rows": 4523929, "Plan Width": 8, "Plans": [{"Node Type": "Seq Scan", "Parent Relationship": "Outer", "Relation Name": "movie_keyword", "Alias": "mk", "Startup Cost": 0.0, "Total Cost": 62441.29, "Plan Rows": 4523929, "Plan Width": 8}]}, {"Node Type": "Materialize", "Parent Relationship": "Inner", "Startup Cost": 0.0, "Total Cost": 510439.72, "Plan Rows": 1088, "Plan Width": 75, "Plans": [{"Node Type": "Streaming(type: BROADCAST dop: 64/64)", "Parent Relationship": "Outer", "Startup Cost": 0.0, "Total Cost": 510439.64, "Plan Rows": 1088, "Plan Width": 75, "Plans": [{"Node Type": "Nested Loop", "Parent Relationship": "Outer", "Join Type": "Inner", "Startup Cost": 0.0, "Total Cost": 447438.95, "Plan Rows": 17, "Plan Width": 75, "Inner Unique": false, "Join Filter": "(at.movie_id = t.id)", "Plans": [{"Node Type": "Seq Scan", "Parent Relationship": "Outer", "Relation Name": "title", "Alias": "t", "Startup Cost": 0.0, "Total Cost": 64037.34, "Plan Rows": 1748840, "Plan Width": 21, "Filter": "(production_year > 1990), (LLVM Optimized)"}, {"Node Type": "Materialize", "Parent Relationship": "Inner", "Startup Cost": 0.0, "Total Cost": 378483.02, "Plan Rows": 768, "Plan Width": 54, "Plans": [{"Node Type": "Streaming(type: BROADCAST dop: 64/1)", "Parent Relationship": "Outer", "Startup Cost": 0.0, "Total Cost": 378482.96, "Plan Rows": 768, "Plan Width": 54, "Plans": [{"Node Type": "Nested Loop", "Parent Relationship": "Outer", "Join Type": "Inner", "Startup Cost": 0.0, "Total Cost": 315467.12, "Plan Rows": 12, "Plan Width": 54, "Inner Unique": false, "Join Filter": "(mi.movie_id = at.movie_id)", "Plans": [{"Node Type": "Seq Scan", "Parent Relationship": "Outer", "Relation Name": "aka_title", "Alias": "at", "Startup Cost": 0.0, "Total Cost": 9894.71, "Plan Rows": 361471, "Plan Width": 4}, {"Node Type": "Materialize", "Parent Relationship": "Inner", "Startup Cost": 0.0, "Total Cost": 283884.16, "Plan Rows": 4, "Plan Width": 50, "Plans": [{"Node Type": "Nested Loop", "Parent Relationship": "Outer", "Join Type": "Inner", "Startup Cost": 0.0, "Total Cost": 283884.14, "Plan Rows": 4, "Plan Width": 50, "Inner Unique": false, "Join Filter": "(mc.company_id = cn.id)", "Plans": [{"Node Type": "Seq Scan", "Parent Relationship": "Outer", "Relation Name": "company_name", "Alias": "cn", "Startup Cost": 0.0, "Total Cost": 5903.45, "Plan Rows": 85170, "Plan Width": 4, "Filter": "((country_code)::text = '[us]'::text)"}, {"Node Type": "Materialize", "Parent Relationship": "Inner", "Startup Cost": 0.0, "Total Cost": 267760.31, "Plan Rows": 8, "Plan Width": 54, "Plans": [{"Node Type": "Nested Loop", "Parent Relationship": "Outer", "Join Type": "Inner", "Startup Cost": 0.0, "Total Cost": 267760.27, "Plan Rows": 8, "Plan Width": 54, "Inner Unique": true, "Join Filter": "(mc.company_type_id = ct.id)", "Plans": [{"Node Type": "Nested Loop", "Parent Relationship": "Outer", "Join Type": "Inner", "Startup Cost": 0.0, "Total Cost": 267758.82, "Plan Rows": 9, "Plan Width": 58, "Inner Unique": false, "Join Filter": "(mi.movie_id = mc.movie_id)", "Plans": [{"Node Type": "Seq Scan", "Parent Relationship": "Outer", "Relation Name": "movie_companies", "Alias": "mc", "Startup Cost": 0.0, "Total Cost": 41817.28, "Plan Rows": 2609128, "Plan Width": 12}, {"Node Type": "Materialize", "Parent Relationship": "Inner", "Startup Cost": 0.0, "Total Cost": 69393.87, "Plan Rows": 4, "Plan Width": 46, "Plans": [{"Node Type": "Nested Loop", "Parent Relationship": "Outer", "Join Type": "Inner", "Startup Cost": 0.0, "Total Cost": 69393.85, "Plan Rows": 4, "Plan Width": 46, "Inner Unique": false, "Join Filter": "(it1.id = mi.info_type_id)", "Plans": [{"Node Type": "Seq Scan", "Parent Relationship": "Outer", "Relation Name": "info_type", "Alias": "it1", "Startup Cost": 0.0, "Total Cost": 2.4, "Plan Rows": 1, "Plan Width": 4, "Filter": "((info)::text = 'release dates'::text)"}, {"Node Type": "Materialize", "Parent Relationship": "Inner", "Startup Cost": 0.0, "Total Cost": 69388.9, "Plan Rows": 255, "Plan Width": 50, "Plans": [{"Node Type": "Streaming(type: LOCAL GATHER dop: 1/64)", "Parent Relationship": "Outer", "Startup Cost": 0.0, "Total Cost": 69388.27, "Plan Rows": 255, "Plan Width": 50, "Plans": [{"Node Type": "Seq Scan", "Parent Relationship": "Outer", "Relation Name": "movie_info", "Alias": "mi", "Startup Cost": 0.0, "Total Cost": 69383.01, "Plan Rows": 255, "Plan Width": 50, "Filter": "((info IS NOT NULL) AND ((note)::text ~~ '%internet%'::text) AND (((info)::text ~~ 'USA:% 199%'::text) OR ((info)::text ~~ 'USA:% 200%'::text)))"}]}]}]}]}]}, {"Node Type": "Materialize", "Parent Relationship": "Inner", "Startup Cost": 0.0, "Total Cost": 1.04, "Plan Rows": 3, "Plan Width": 4, "Plans": [{"Node Type": "Seq Scan", "Parent Relationship": "Outer", "Relation Name": "company_type", "Alias": "ct", "Startup Cost": 0.0, "Total Cost": 1.03, "Plan Rows": 3, "Plan Width": 4}]}]}]}]}]}]}]}]}]}]}]}]}]}]}]}]}]}]}, "Unique SQL Id": 2846462052}, "explain_analyze_plan": null}, "(64, 59)": {"explain_plan": {"Plan": {"Node Type": "Aggregate", "Strategy": "Plain", "Startup Cost": 9000154402514.71, "Total Cost": 9000154402514.72, "Plan Rows": 1, "Plan Width": 123, "Plans": [{"Node Type": "Nested Loop", "Parent Relationship": "Outer", "Join Type": "Inner", "Startup Cost": 90000000000.0, "Total Cost": 9000154402514.05, "Plan Rows": 132, "Plan Width": 59, "Inner Unique": false, "Join Filter": "(t.id = at.movie_id)", "Plans": [{"Node Type": "Index Only Scan", "Parent Relationship": "Outer", "Scan Direction": "Forward", "Index Name": "movie_id_aka_title", "Relation Name": "aka_title", "Alias": "at", "Startup Cost": 10000000000.0, "Total Cost": 1000000898631.5, "Plan Rows": 361471, "Plan Width": 4}, {"Node Type": "Materialize", "Parent Relationship": "Inner", "Startup Cost": 80000000000.0, "Total Cost": 8000153265311.8, "Plan Rows": 44, "Plan Width": 75, "Plans": [{"Node Type": "Nested Loop", "Parent Relationship": "Outer", "Join Type": "Inner", "Startup Cost": 80000000000.0, "Total Cost": 8000153265311.58, "Plan Rows": 44, "Plan Width": 75, "Inner Unique": true, "Join Filter": "(mk.keyword_id = k.id)", "Plans": [{"Node Type": "Nested Loop", "Parent Relationship": "Outer", "Join Type": "Inner", "Startup Cost": 70000000000.0, "Total Cost": 7000152970346.12, "Plan Rows": 44, "Plan Width": 79, "Inner Unique": false, "Join Filter": "(t.id = mk.movie_id)", "Plans": [{"Node Type": "Index Scan", "Parent Relationship": "Outer", "Scan Direction": "Forward", "Index Name": "movie_id_movie_keyword", "Relation Name": "movie_keyword", "Alias": "mk", "Startup Cost": 10000000000.0, "Total Cost": 1000015300634.17, "Plan Rows": 4523929, "Plan Width": 8}, {"Node Type": "Materialize", "Parent Relationship": "Inner", "Startup Cost": 60000000000.0, "Total Cost": 6000137262558.35, "Plan Rows": 6, "Plan Width": 71, "Plans": [{"Node Type": "Nested Loop", "Parent Relationship": "Outer", "Join Type": "Inner", "Startup Cost": 60000000000.0, "Total Cost": 6000137262558.32, "Plan Rows": 6, "Plan Width": 71, "Inner Unique": false, "Join Filter": "(mi.movie_id = t.id)", "Plans": [{"Node Type": "Index Scan", "Parent Relationship": "Outer", "Scan Direction": "Forward", "Index Name": "title_pkey", "Relation Name": "title", "Alias": "t", "Startup Cost": 10000000000.0, "Total Cost": 1000011644126.66, "Plan Rows": 1748840, "Plan Width": 21, "Filter": "(production_year > 1990), (LLVM Optimized)"}, {"Node Type": "Materialize", "Parent Relationship": "Inner", "Startup Cost": 50000000000.0, "Total Cost": 5000125513501.27, "Plan Rows": 4, "Plan Width": 50, "Plans": [{"Node Type": "Nested Loop", "Parent Relationship": "Outer", "Join Type": "Inner", "Startup Cost": 50000000000.0, "Total Cost": 5000125513501.25, "Plan Rows": 4, "Plan Width": 50, "Inner Unique": true, "Join Filter": "(mc.company_id = cn.id)", "Plans": [{"Node Type": "Nested Loop", "Parent Relationship": "Outer", "Join Type": "Inner", "Startup Cost": 40000000000.0, "Total Cost": 4000124452928.96, "Plan Rows": 8, "Plan Width": 54, "Inner Unique": true, "Join Filter": "(mc.company_type_id = ct.id)", "Plans": [{"Node Type": "Nested Loop", "Parent Relationship": "Outer", "Join Type": "Inner", "Startup Cost": 30000000000.0, "Total Cost": 3000124452099.04, "Plan Rows": 9, "Plan Width": 58, "Inner Unique": false, "Join Filter": "(mi.movie_id = mc.movie_id)", "Plans": [{"Node Type": "Nested Loop", "Parent Relationship": "Outer", "Join Type": "Inner", "Startup Cost": 20000000000.0, "Total Cost": 2000114970811.54, "Plan Rows": 4, "Plan Width": 46, "Inner Unique": true, "Join Filter": "(it1.id = mi.info_type_id)", "Plans": [{"Node Type": "Index Scan", "Parent Relationship": "Outer", "Scan Direction": "Forward", "Index Name": "movie_id_movie_info", "Relation Name": "movie_info", "Alias": "mi", "Startup Cost": 10000000000.0, "Total Cost": 1000114969386.72, "Plan Rows": 255, "Plan Width": 50, "Filter": "((info IS NOT NULL) AND ((note)::text ~~ '%internet%'::text) AND (((info)::text ~~ 'USA:% 199%'::text) OR ((info)::text ~~ 'USA:% 200%'::text)))"}, {"Node Type": "Materialize", "Parent Relationship": "Inner", "Startup Cost": 10000000000.0, "Total Cost": 1000000001421.0, "Plan Rows": 1, "Plan Width": 4, "Plans": [{"Node Type": "Index Scan", "Parent Relationship": "Outer", "Scan Direction": "Forward", "Index Name": "info_type_pkey", "Relation Name": "info_type", "Alias": "it1", "Startup Cost": 10000000000.0, "Total Cost": 1000000001421.0, "Plan Rows": 1, "Plan Width": 4, "Filter": "((info)::text = 'release dates'::text)"}]}]}, {"Node Type": "Materialize", "Parent Relationship": "Inner", "Startup Cost": 10000000000.0, "Total Cost": 1000009331262.64, "Plan Rows": 2609128, "Plan Width": 12, "Plans": [{"Node Type": "Index Scan", "Parent Relationship": "Outer", "Scan Direction": "Forward", "Index Name": "company_type_id_movie_companies", "Relation Name": "movie_companies", "Alias": "mc", "Startup Cost": 10000000000.0, "Total Cost": 1000009318217.0, "Plan Rows": 2609128, "Plan Width": 12}]}]}, {"Node Type": "Materialize", "Parent Relationship": "Inner", "Startup Cost": 10000000000.0, "Total Cost": 1000000000829.52, "Plan Rows": 3, "Plan Width": 4, "Plans": [{"Node Type": "Index Only Scan", "Parent Relationship": "Outer", "Scan Direction": "Forward", "Index Name": "company_type_pkey", "Relation Name": "company_type", "Alias": "ct", "Startup Cost": 10000000000.0, "Total Cost": 1000000000829.5, "Plan Rows": 3, "Plan Width": 4}]}]}, {"Node Type": "Materialize", "Parent Relationship": "Inner", "Startup Cost": 10000000000.0, "Total Cost": 1000001050564.82, "Plan Rows": 85170, "Plan Width": 4, "Plans": [{"Node Type": "Index Scan", "Parent Relationship": "Outer", "Scan Direction": "Forward", "Index Name": "company_name_pkey", "Relation Name": "company_name", "Alias": "cn", "Startup Cost": 10000000000.0, "Total Cost": 1000001050138.97, "Plan Rows": 85170, "Plan Width": 4, "Filter": "((country_code)::text = '[us]'::text)"}]}]}]}]}]}]}, {"Node Type": "Materialize", "Parent Relationship": "Inner", "Startup Cost": 10000000000.0, "Total Cost": 1000000206749.34, "Plan Rows": 134169, "Plan Width": 4, "Plans": [{"Node Type": "Index Only Scan", "Parent Relationship": "Outer", "Scan Direction": "Forward", "Index Name": "keyword_pkey", "Relation Name": "keyword", "Alias": "k", "Startup Cost": 10000000000.0, "Total Cost": 1000000206078.5, "Plan Rows": 134169, "Plan Width": 4}]}]}]}]}]}, "Unique SQL Id": 2846462052}, "explain_analyze_plan": null}, "(64, 60)": {"explain_plan": {"Plan": {"Node Type": "Aggregate", "Strategy": "Plain", "Startup Cost": 69465.7, "Total Cost": 69465.71, "Plan Rows": 1, "Plan Width": 123, "Plans": [{"Node Type": "Nested Loop", "Parent Relationship": "Outer", "Join Type": "Inner", "Startup Cost": 0.0, "Total Cost": 69465.04, "Plan Rows": 132, "Plan Width": 59, "Inner Unique": false, "Join Filter": "(t.id = at.movie_id)", "Plans": [{"Node Type": "Nested Loop", "Parent Relationship": "Outer", "Join Type": "Inner", "Startup Cost": 0.0, "Total Cost": 69449.47, "Plan Rows": 44, "Plan Width": 75, "Inner Unique": true, "Plans": [{"Node Type": "Nested Loop", "Parent Relationship": "Outer", "Join Type": "Inner", "Startup Cost": 0.0, "Total Cost": 69437.12, "Plan Rows": 44, "Plan Width": 79, "Inner Unique": false, "Join Filter": "(t.id = mk.movie_id)", "Plans": [{"Node Type": "Nested Loop", "Parent Relationship": "Outer", "Join Type": "Inner", "Startup Cost": 0.0, "Total Cost": 69433.75, "Plan Rows": 6, "Plan Width": 71, "Inner Unique": true, "Plans": [{"Node Type": "Nested Loop", "Parent Relationship": "Outer", "Join Type": "Inner", "Startup Cost": 0.0, "Total Cost": 69430.58, "Plan Rows": 11, "Plan Width": 75, "Inner Unique": true, "Join Filter": "(mc.company_type_id = ct.id)", "Plans": [{"Node Type": "Nested Loop", "Parent Relationship": "Outer", "Join Type": "Inner", "Startup Cost": 0.0, "Total Cost": 69429.0, "Plan Rows": 12, "Plan Width": 79, "Inner Unique": false, "Plans": [{"Node Type": "Nested Loop", "Parent Relationship": "Outer", "Join Type": "Inner", "Startup Cost": 0.0, "Total Cost": 69426.8, "Plan Rows": 6, "Plan Width": 67, "Inner Unique": true, "Plans": [{"Node Type": "Nested Loop", "Parent Relationship": "Outer", "Join Type": "Inner", "Startup Cost": 0.0, "Total Cost": 69393.85, "Plan Rows": 4, "Plan Width": 46, "Inner Unique": false, "Join Filter": "(it1.id = mi.info_type_id)", "Plans": [{"Node Type": "Seq Scan", "Parent Relationship": "Outer", "Relation Name": "info_type", "Alias": "it1", "Startup Cost": 0.0, "Total Cost": 2.4, "Plan Rows": 1, "Plan Width": 4, "Filter": "((info)::text = 'release dates'::text)"}, {"Node Type": "Materialize", "Parent Relationship": "Inner", "Startup Cost": 0.0, "Total Cost": 69388.9, "Plan Rows": 255, "Plan Width": 50, "Plans": [{"Node Type": "Streaming(type: LOCAL GATHER dop: 1/64)", "Parent Relationship": "Outer", "Startup Cost": 0.0, "Total Cost": 69388.27, "Plan Rows": 255, "Plan Width": 50, "Plans": [{"Node Type": "Seq Scan", "Parent Relationship": "Outer", "Relation Name": "movie_info", "Alias": "mi", "Startup Cost": 0.0, "Total Cost": 69383.01, "Plan Rows": 255, "Plan Width": 50, "Filter": "((info IS NOT NULL) AND ((note)::text ~~ '%internet%'::text) AND (((info)::text ~~ 'USA:% 199%'::text) OR ((info)::text ~~ 'USA:% 200%'::text)))"}]}]}]}, {"Node Type": "Index Scan", "Parent Relationship": "Inner", "Scan Direction": "Forward", "Index Name": "title_pkey", "Relation Name": "title", "Alias": "t", "Startup Cost": 0.0, "Total Cost": 8.23, "Plan Rows": 1, "Plan Width": 21, "Index Cond": "(id = mi.movie_id)", "Filter": "(production_year > 1990)"}]}, {"Node Type": "Index Scan", "Parent Relationship": "Inner", "Scan Direction": "Forward", "Index Name": "movie_id_movie_companies", "Relation Name": "movie_companies", "Alias": "mc", "Startup Cost": 0.0, "Total Cost": 0.35, "Plan Rows": 2, "Plan Width": 12, "Index Cond": "(movie_id = t.id)"}]}, {"Node Type": "Materialize", "Parent Relationship": "Inner", "Startup Cost": 0.0, "Total Cost": 1.04, "Plan Rows": 3, "Plan Width": 4, "Plans": [{"Node Type": "Seq Scan", "Parent Relationship": "Outer", "Relation Name": "company_type", "Alias": "ct", "Startup Cost": 0.0, "Total Cost": 1.03, "Plan Rows": 3, "Plan Width": 4}]}]}, {"Node Type": "Index Scan", "Parent Relationship": "Inner", "Scan Direction": "Forward", "Index Name": "company_name_pkey", "Relation Name": "company_name", "Alias": "cn", "Startup Cost": 0.0, "Total Cost": 0.28, "Plan Rows": 1, "Plan Width": 4, "Index Cond": "(id = mc.company_id)", "Filter": "((country_code)::text = '[us]'::text)"}]}, {"Node Type": "Index Scan", "Parent Relationship": "Inner", "Scan Direction": "Forward", "Index Name": "movie_id_movie_keyword", "Relation Name": "movie_keyword", "Alias": "mk", "Startup Cost": 0.0, "Total Cost": 0.46, "Plan Rows": 8, "Plan Width": 8, "Index Cond": "(movie_id = mc.movie_id)"}]}, {"Node Type": "Index Scan", "Parent Relationship": "Inner", "Scan Direction": "Forward", "Index Name": "keyword_pkey", "Relation Name": "keyword", "Alias": "k", "Startup Cost": 0.0, "Total Cost": 0.27, "Plan Rows": 1, "Plan Width": 4, "Index Cond": "(id = mk.keyword_id)"}]}, {"Node Type": "Index Scan", "Parent Relationship": "Inner", "Scan Direction": "Forward", "Index Name": "movie_id_aka_title", "Relation Name": "aka_title", "Alias": "at", "Startup Cost": 0.0, "Total Cost": 0.32, "Plan Rows": 3, "Plan Width": 4, "Index Cond": "(movie_id = mk.movie_id)"}]}]}, "Unique SQL Id": 2846462052}, "explain_analyze_plan": {"Plan": {"Node Type": "Aggregate", "Strategy": "Plain", "Startup Cost": 69465.7, "Total Cost": 69465.71, "Plan Rows": 1, "Plan Width": 123, "Actual Min Startup Time": 249.447, "Actual Max Startup Time": 249.447, "Actual Min Total Time": 249.447, "Actual Max Total Time": 249.447, "Actual Total Rows": 1, "Plans": [{"Node Type": "Nested Loop", "Parent Relationship": "Outer", "Join Type": "Inner", "Startup Cost": 0.0, "Total Cost": 69465.04, "Plan Rows": 132, "Plan Width": 59, "Actual Min Startup Time": 165.767, "Actual Max Startup Time": 165.767, "Actual Min Total Time": 248.592, "Actual Max Total Time": 248.592, "Actual Total Rows": 1140, "Inner Unique": false, "Join Filter": "(t.id = at.movie_id)", "Rows Removed by Join Filter": 0, "Plans": [{"Node Type": "Nested Loop", "Parent Relationship": "Outer", "Join Type": "Inner", "Startup Cost": 0.0, "Total Cost": 69449.47, "Plan Rows": 44, "Plan Width": 75, "Actual Min Startup Time": 163.894, "Actual Max Startup Time": 163.894, "Actual Min Total Time": 234.093, "Actual Max Total Time": 234.093, "Actual Total Rows": 4808, "Inner Unique": true, "Plans": [{"Node Type": "Nested Loop", "Parent Relationship": "Outer", "Join Type": "Inner", "Startup Cost": 0.0, "Total Cost": 69437.12, "Plan Rows": 44, "Plan Width": 79, "Actual Min Startup Time": 163.88, "Actual Max Startup Time": 163.88, "Actual Min Total Time": 213.798, "Actual Max Total Time": 213.798, "Actual Total Rows": 4808, "Inner Unique": false, "Join Filter": "(t.id = mk.movie_id)", "Rows Removed by Join Filter": 0, "Plans": [{"Node Type": "Nested Loop", "Parent Relationship": "Outer", "Join Type": "Inner", "Startup Cost": 0.0, "Total Cost": 69433.75, "Plan Rows": 6, "Plan Width": 71, "Actual Min Startup Time": 163.805, "Actual Max Startup Time": 163.805, "Actual Min Total Time": 201.355, "Actual Max Total Time": 201.355, "Actual Total Rows": 1488, "Inner Unique": true, "Plans": [{"Node Type": "Nested Loop", "Parent Relationship": "Outer", "Join Type": "Inner", "Startup Cost": 0.0, "Total Cost": 69430.58, "Plan Rows": 11, "Plan Width": 75, "Actual Min Startup Time": 163.786, "Actual Max Startup Time": 163.786, "Actual Min Total Time": 192.39, "Actual Max Total Time": 192.39, "Actual Total Rows": 1599, "Inner Unique": true, "Join Filter": "(mc.company_type_id = ct.id)", "Rows Removed by Join Filter": 3855, "Plans": [{"Node Type": "Nested Loop", "Parent Relationship": "Outer", "Join Type": "Inner", "Startup Cost": 0.0, "Total Cost": 69429.0, "Plan Rows": 12, "Plan Width": 79, "Actual Min Startup Time": 163.769, "Actual Max Startup Time": 163.769, "Actual Min Total Time": 189.86, "Actual Max Total Time": 189.86, "Actual Total Rows": 2884, "Inner Unique": false, "Plans": [{"Node Type": "Nested Loop", "Parent Relationship": "Outer", "Join Type": "Inner", "Startup Cost": 0.0, "Total Cost": 69426.8, "Plan Rows": 6, "Plan Width": 67, "Actual Min Startup Time": 163.734, "Actual Max Startup Time": 163.734, "Actual Min Total Time": 177.573, "Actual Max Total Time": 177.573, "Actual Total Rows": 1782, "Inner Unique": true, "Plans": [{"Node Type": "Nested Loop", "Parent Relationship": "Outer", "Join Type": "Inner", "Startup Cost": 0.0, "Total Cost": 69393.85, "Plan Rows": 4, "Plan Width": 46, "Actual Min Startup Time": 163.695, "Actual Max Startup Time": 163.695, "Actual Min Total Time": 164.841, "Actual Max Total Time": 164.841, "Actual Total Rows": 1783, "Inner Unique": false, "Join Filter": "(it1.id = mi.info_type_id)", "Rows Removed by Join Filter": 0, "Plans": [{"Node Type": "Seq Scan", "Parent Relationship": "Outer", "Relation Name": "info_type", "Alias": "it1", "Startup Cost": 0.0, "Total Cost": 2.4, "Plan Rows": 1, "Plan Width": 4, "Actual Min Startup Time": 0.057, "Actual Max Startup Time": 0.057, "Actual Min Total Time": 0.085, "Actual Max Total Time": 0.085, "Actual Total Rows": 1, "Filter": "((info)::text = 'release dates'::text)", "Rows Removed by Filter": 111}, {"Node Type": "Materialize", "Parent Relationship": "Inner", "Startup Cost": 0.0, "Total Cost": 69388.9, "Plan Rows": 255, "Plan Width": 50, "Actual Min Startup Time": 163.612, "Actual Max Startup Time": 163.612, "Actual Min Total Time": 163.913, "Actual Max Total Time": 163.913, "Actual Total Rows": 1784, "Plans": [{"Node Type": "Streaming(type: LOCAL GATHER dop: 1/64)", "Parent Relationship": "Outer", "Startup Cost": 0.0, "Total Cost": 69388.27, "Plan Rows": 255, "Plan Width": 50, "Actual Min Startup Time": 110.093, "Actual Max Startup Time": 110.093, "Actual Min Total Time": 163.242, "Actual Max Total Time": 163.242, "Actual Total Rows": 1783, "Plans": [{"Node Type": "Seq Scan", "Parent Relationship": "Outer", "Relation Name": "movie_info", "Alias": "mi", "Startup Cost": 0.0, "Total Cost": 69383.01, "Plan Rows": 255, "Plan Width": 50, "Actual Min Startup Time": 20.169, "Actual Max Startup Time": 28.487, "Actual Min Total Time": 71.982, "Actual Max Total Time": 83.156, "Actual Total Rows": 1783, "Filter": "((info IS NOT NULL) AND ((note)::text ~~ '%internet%'::text) AND (((info)::text ~~ 'USA:% 199%'::text) OR ((info)::text ~~ 'USA:% 200%'::text)))", "Rows Removed by Filter": 14833936}]}]}]}, {"Node Type": "Index Scan", "Parent Relationship": "Inner", "Scan Direction": "Forward", "Index Name": "title_pkey", "Relation Name": "title", "Alias": "t", "Startup Cost": 0.0, "Total Cost": 8.23, "Plan Rows": 1, "Plan Width": 21, "Actual Min Startup Time": 11.183, "Actual Max Startup Time": 11.183, "Actual Min Total Time": 11.183, "Actual Max Total Time": 11.183, "Actual Total Rows": 1782, "Index Cond": "(id = mi.movie_id)", "Rows Removed by Index Recheck": 0, "Filter": "(production_year > 1990)", "Rows Removed by Filter": 1}]}, {"Node Type": "Index Scan", "Parent Relationship": "Inner", "Scan Direction": "Forward", "Index Name": "movie_id_movie_companies", "Relation Name": "movie_companies", "Alias": "mc", "Startup Cost": 0.0, "Total Cost": 0.35, "Plan Rows": 2, "Plan Width": 12, "Actual Min Startup Time": 8.348, "Actual Max Startup Time": 8.348, "Actual Min Total Time": 10.616, "Actual Max Total Time": 10.616, "Actual Total Rows": 2884, "Index Cond": "(movie_id = t.id)", "Rows Removed by Index Recheck": 0}]}, {"Node Type": "Materialize", "Parent Relationship": "Inner", "Startup Cost": 0.0, "Total Cost": 1.04, "Plan Rows": 3, "Plan Width": 4, "Actual Min Startup Time": 0.296, "Actual Max Startup Time": 0.296, "Actual Min Total Time": 0.636, "Actual Max Total Time": 0.636, "Actual Total Rows": 5454, "Plans": [{"Node Type": "Seq Scan", "Parent Relationship": "Outer", "Relation Name": "company_type", "Alias": "ct", "Startup Cost": 0.0, "Total Cost": 1.03, "Plan Rows": 3, "Plan Width": 4, "Actual Min Startup Time": 0.006, "Actual Max Startup Time": 0.006, "Actual Min Total Time": 0.007, "Actual Max Total Time": 0.007, "Actual Total Rows": 3}]}]}, {"Node Type": "Index Scan", "Parent Relationship": "Inner", "Scan Direction": "Forward", "Index Name": "company_name_pkey", "Relation Name": "company_name", "Alias": "cn", "Startup Cost": 0.0, "Total Cost": 0.28, "Plan Rows": 1, "Plan Width": 4, "Actual Min Startup Time": 7.549, "Actual Max Startup Time": 7.549, "Actual Min Total Time": 7.549, "Actual Max Total Time": 7.549, "Actual Total Rows": 1488, "Index Cond": "(id = mc.company_id)", "Rows Removed by Index Recheck": 0, "Filter": "((country_code)::text = '[us]'::text)", "Rows Removed by Filter": 111}]}, {"Node Type": "Index Scan", "Parent Relationship": "Inner", "Scan Direction": "Forward", "Index Name": "movie_id_movie_keyword", "Relation Name": "movie_keyword", "Alias": "mk", "Startup Cost": 0.0, "Total Cost": 0.46, "Plan Rows": 8, "Plan Width": 8, "Actual Min Startup Time": 7.39, "Actual Max Startup Time": 7.39, "Actual Min Total Time": 9.611, "Actual Max Total Time": 9.611, "Actual Total Rows": 4808, "Index Cond": "(movie_id = mc.movie_id)", "Rows Removed by Index Recheck": 0}]}, {"Node Type": "Index Scan", "Parent Relationship": "Inner", "Scan Direction": "Forward", "Index Name": "keyword_pkey", "Relation Name": "keyword", "Alias": "k", "Startup Cost": 0.0, "Total Cost": 0.27, "Plan Rows": 1, "Plan Width": 4, "Actual Min Startup Time": 16.413, "Actual Max Startup Time": 16.413, "Actual Min Total Time": 16.413, "Actual Max Total Time": 16.413, "Actual Total Rows": 4808, "Index Cond": "(id = mk.keyword_id)", "Rows Removed by Index Recheck": 0}]}, {"Node Type": "Index Scan", "Parent Relationship": "Inner", "Scan Direction": "Forward", "Index Name": "movie_id_aka_title", "Relation Name": "aka_title", "Alias": "at", "Startup Cost": 0.0, "Total Cost": 0.32, "Plan Rows": 3, "Plan Width": 4, "Actual Min Startup Time": 11.222, "Actual Max Startup Time": 11.222, "Actual Min Total Time": 11.726, "Actual Max Total Time": 11.726, "Actual Total Rows": 1140, "Index Cond": "(movie_id = mk.movie_id)", "Rows Removed by Index Recheck": 0}]}]}, "Triggers": [], "Planner Runtime": 41.528, "Total Runtime": 261.08, "Unique SQL Id": 2846462052}}, "(64, 61)": {"explain_plan": {"Plan": {"Node Type": "Aggregate", "Strategy": "Plain", "Startup Cost": 496833.26, "Total Cost": 496833.27, "Plan Rows": 1, "Plan Width": 123, "Plans": [{"Node Type": "Nested Loop", "Parent Relationship": "Outer", "Join Type": "Inner", "Startup Cost": 0.0, "Total Cost": 496832.6, "Plan Rows": 132, "Plan Width": 59, "Inner Unique": false, "Join Filter": "(t.id = at.movie_id)", "Plans": [{"Node Type": "Nested Loop", "Parent Relationship": "Outer", "Join Type": "Inner", "Startup Cost": 0.0, "Total Cost": 496817.03, "Plan Rows": 44, "Plan Width": 75, "Inner Unique": true, "Plans": [{"Node Type": "Nested Loop", "Parent Relationship": "Outer", "Join Type": "Inner", "Startup Cost": 0.0, "Total Cost": 496804.68, "Plan Rows": 44, "Plan Width": 79, "Inner Unique": false, "Join Filter": "(t.id = mk.movie_id)", "Plans": [{"Node Type": "Nested Loop", "Parent Relationship": "Outer", "Join Type": "Inner", "Startup Cost": 0.0, "Total Cost": 496801.31, "Plan Rows": 6, "Plan Width": 71, "Inner Unique": true, "Plans": [{"Node Type": "Nested Loop", "Parent Relationship": "Outer", "Join Type": "Inner", "Startup Cost": 0.0, "Total Cost": 496798.51, "Plan Rows": 10, "Plan Width": 75, "Inner Unique": true, "Plans": [{"Node Type": "Nested Loop", "Parent Relationship": "Outer", "Join Type": "Inner", "Startup Cost": 0.0, "Total Cost": 496795.05, "Plan Rows": 12, "Plan Width": 79, "Inner Unique": false, "Plans": [{"Node Type": "Nested Loop", "Parent Relationship": "Outer", "Join Type": "Inner", "Startup Cost": 0.0, "Total Cost": 496792.85, "Plan Rows": 6, "Plan Width": 67, "Inner Unique": true, "Plans": [{"Node Type": "Nested Loop", "Parent Relationship": "Outer", "Join Type": "Inner", "Startup Cost": 0.0, "Total Cost": 496759.91, "Plan Rows": 4, "Plan Width": 46, "Inner Unique": false, "Plans": [{"Node Type": "Index Scan", "Parent Relationship": "Outer", "Scan Direction": "Forward", "Index Name": "info_type_pkey", "Relation Name": "info_type", "Alias": "it1", "Startup Cost": 0.0, "Total Cost": 14.21, "Plan Rows": 1, "Plan Width": 4, "Filter": "((info)::text = 'release dates'::text)"}, {"Node Type": "Index Scan", "Parent Relationship": "Inner", "Scan Direction": "Forward", "Index Name": "info_type_id_movie_info", "Relation Name": "movie_info", "Alias": "mi", "Startup Cost": 0.0, "Total Cost": 496745.66, "Plan Rows": 4, "Plan Width": 50, "Index Cond": "(info_type_id = it1.id)", "Filter": "((info IS NOT NULL) AND ((note)::text ~~ '%internet%'::text) AND (((info)::text ~~ 'USA:% 199%'::text) OR ((info)::text ~~ 'USA:% 200%'::text)))"}]}, {"Node Type": "Index Scan", "Parent Relationship": "Inner", "Scan Direction": "Forward", "Index Name": "title_pkey", "Relation Name": "title", "Alias": "t", "Startup Cost": 0.0, "Total Cost": 8.23, "Plan Rows": 1, "Plan Width": 21, "Index Cond": "(id = mi.movie_id)", "Filter": "(production_year > 1990)"}]}, {"Node Type": "Index Scan", "Parent Relationship": "Inner", "Scan Direction": "Forward", "Index Name": "movie_id_movie_companies", "Relation Name": "movie_companies", "Alias": "mc", "Startup Cost": 0.0, "Total Cost": 0.35, "Plan Rows": 2, "Plan Width": 12, "Index Cond": "(movie_id = t.id)"}]}, {"Node Type": "Index Scan", "Parent Relationship": "Inner", "Scan Direction": "Forward", "Index Name": "company_name_pkey", "Relation Name": "company_name", "Alias": "cn", "Startup Cost": 0.0, "Total Cost": 0.28, "Plan Rows": 1, "Plan Width": 4, "Index Cond": "(id = mc.company_id)", "Filter": "((country_code)::text = '[us]'::text)"}]}, {"Node Type": "Index Scan", "Parent Relationship": "Inner", "Scan Direction": "Forward", "Index Name": "company_type_pkey", "Relation Name": "company_type", "Alias": "ct", "Startup Cost": 0.0, "Total Cost": 0.27, "Plan Rows": 1, "Plan Width": 4, "Index Cond": "(id = mc.company_type_id)"}]}, {"Node Type": "Index Scan", "Parent Relationship": "Inner", "Scan Direction": "Forward", "Index Name": "movie_id_movie_keyword", "Relation Name": "movie_keyword", "Alias": "mk", "Startup Cost": 0.0, "Total Cost": 0.46, "Plan Rows": 8, "Plan Width": 8, "Index Cond": "(movie_id = mc.movie_id)"}]}, {"Node Type": "Index Scan", "Parent Relationship": "Inner", "Scan Direction": "Forward", "Index Name": "keyword_pkey", "Relation Name": "keyword", "Alias": "k", "Startup Cost": 0.0, "Total Cost": 0.27, "Plan Rows": 1, "Plan Width": 4, "Index Cond": "(id = mk.keyword_id)"}]}, {"Node Type": "Index Scan", "Parent Relationship": "Inner", "Scan Direction": "Forward", "Index Name": "movie_id_aka_title", "Relation Name": "aka_title", "Alias": "at", "Startup Cost": 0.0, "Total Cost": 0.32, "Plan Rows": 3, "Plan Width": 4, "Index Cond": "(movie_id = mk.movie_id)"}]}]}, "Unique SQL Id": 2846462052}, "explain_analyze_plan": null}, "(64, 62)": {"explain_plan": {"Plan": {"Node Type": "Aggregate", "Strategy": "Plain", "Startup Cost": 880852.72, "Total Cost": 880852.75, "Plan Rows": 1, "Plan Width": 123, "Plans": [{"Node Type": "Streaming(type: LOCAL GATHER dop: 1/64)", "Parent Relationship": "Outer", "Startup Cost": 880852.72, "Total Cost": 880852.75, "Plan Rows": 1, "Plan Width": 123, "Plans": [{"Node Type": "Aggregate", "Strategy": "Plain", "Parent Relationship": "Outer", "Startup Cost": 880852.72, "Total Cost": 880852.73, "Plan Rows": 1, "Plan Width": 123, "Plans": [{"Node Type": "Nested Loop", "Parent Relationship": "Outer", "Join Type": "Inner", "Startup Cost": 0.0, "Total Cost": 880852.06, "Plan Rows": 132, "Plan Width": 59, "Inner Unique": false, "Join Filter": "(mk.keyword_id = k.id)", "Plans": [{"Node Type": "Streaming(type: LOCAL REDISTRIBUTE dop: 64/1)", "Parent Relationship": "Outer", "Startup Cost": 0.0, "Total Cost": 70551.96, "Plan Rows": 134169, "Plan Width": 4, "Plans": [{"Node Type": "Seq Scan", "Parent Relationship": "Outer", "Relation Name": "keyword", "Alias": "k", "Startup Cost": 0.0, "Total Cost": 2100.69, "Plan Rows": 134169, "Plan Width": 4}]}, {"Node Type": "Materialize", "Parent Relationship": "Inner", "Startup Cost": 0.0, "Total Cost": 810234.26, "Plan Rows": 134, "Plan Width": 63, "Plans": [{"Node Type": "Streaming(type: LOCAL REDISTRIBUTE dop: 64/64)", "Parent Relationship": "Outer", "Startup Cost": 0.0, "Total Cost": 810234.25, "Plan Rows": 134, "Plan Width": 63, "Plans": [{"Node Type": "Nested Loop", "Parent Relationship": "Outer", "Join Type": "Inner", "Startup Cost": 0.0, "Total Cost": 747234.12, "Plan Rows": 134, "Plan Width": 63, "Inner Unique": false, "Join Filter": "(t.id = mk.movie_id)", "Plans": [{"Node Type": "Streaming(type: LOCAL ROUNDROBIN dop: 64/1)", "Parent Relationship": "Outer", "Startup Cost": 0.0, "Total Cost": 218769.42, "Plan Rows": 4523929, "Plan Width": 8, "Plans": [{"Node Type": "Seq Scan", "Parent Relationship": "Outer", "Relation Name": "movie_keyword", "Alias": "mk", "Startup Cost": 0.0, "Total Cost": 62441.29, "Plan Rows": 4523929, "Plan Width": 8}]}, {"Node Type": "Materialize", "Parent Relationship": "Inner", "Startup Cost": 0.0, "Total Cost": 510439.72, "Plan Rows": 1088, "Plan Width": 75, "Plans": [{"Node Type": "Streaming(type: BROADCAST dop: 64/64)", "Parent Relationship": "Outer", "Startup Cost": 0.0, "Total Cost": 510439.64, "Plan Rows": 1088, "Plan Width": 75, "Plans": [{"Node Type": "Nested Loop", "Parent Relationship": "Outer", "Join Type": "Inner", "Startup Cost": 0.0, "Total Cost": 447438.95, "Plan Rows": 17, "Plan Width": 75, "Inner Unique": false, "Join Filter": "(at.movie_id = t.id)", "Plans": [{"Node Type": "Seq Scan", "Parent Relationship": "Outer", "Relation Name": "title", "Alias": "t", "Startup Cost": 0.0, "Total Cost": 64037.34, "Plan Rows": 1748840, "Plan Width": 21, "Filter": "(production_year > 1990), (LLVM Optimized)"}, {"Node Type": "Materialize", "Parent Relationship": "Inner", "Startup Cost": 0.0, "Total Cost": 378483.02, "Plan Rows": 768, "Plan Width": 54, "Plans": [{"Node Type": "Streaming(type: BROADCAST dop: 64/1)", "Parent Relationship": "Outer", "Startup Cost": 0.0, "Total Cost": 378482.96, "Plan Rows": 768, "Plan Width": 54, "Plans": [{"Node Type": "Nested Loop", "Parent Relationship": "Outer", "Join Type": "Inner", "Startup Cost": 0.0, "Total Cost": 315467.12, "Plan Rows": 12, "Plan Width": 54, "Inner Unique": false, "Join Filter": "(mi.movie_id = at.movie_id)", "Plans": [{"Node Type": "Seq Scan", "Parent Relationship": "Outer", "Relation Name": "aka_title", "Alias": "at", "Startup Cost": 0.0, "Total Cost": 9894.71, "Plan Rows": 361471, "Plan Width": 4}, {"Node Type": "Materialize", "Parent Relationship": "Inner", "Startup Cost": 0.0, "Total Cost": 283884.16, "Plan Rows": 4, "Plan Width": 50, "Plans": [{"Node Type": "Nested Loop", "Parent Relationship": "Outer", "Join Type": "Inner", "Startup Cost": 0.0, "Total Cost": 283884.14, "Plan Rows": 4, "Plan Width": 50, "Inner Unique": false, "Join Filter": "(mc.company_id = cn.id)", "Plans": [{"Node Type": "Seq Scan", "Parent Relationship": "Outer", "Relation Name": "company_name", "Alias": "cn", "Startup Cost": 0.0, "Total Cost": 5903.45, "Plan Rows": 85170, "Plan Width": 4, "Filter": "((country_code)::text = '[us]'::text)"}, {"Node Type": "Materialize", "Parent Relationship": "Inner", "Startup Cost": 0.0, "Total Cost": 267760.31, "Plan Rows": 8, "Plan Width": 54, "Plans": [{"Node Type": "Nested Loop", "Parent Relationship": "Outer", "Join Type": "Inner", "Startup Cost": 0.0, "Total Cost": 267760.27, "Plan Rows": 8, "Plan Width": 54, "Inner Unique": true, "Join Filter": "(mc.company_type_id = ct.id)", "Plans": [{"Node Type": "Nested Loop", "Parent Relationship": "Outer", "Join Type": "Inner", "Startup Cost": 0.0, "Total Cost": 267758.82, "Plan Rows": 9, "Plan Width": 58, "Inner Unique": false, "Join Filter": "(mi.movie_id = mc.movie_id)", "Plans": [{"Node Type": "Seq Scan", "Parent Relationship": "Outer", "Relation Name": "movie_companies", "Alias": "mc", "Startup Cost": 0.0, "Total Cost": 41817.28, "Plan Rows": 2609128, "Plan Width": 12}, {"Node Type": "Materialize", "Parent Relationship": "Inner", "Startup Cost": 0.0, "Total Cost": 69393.87, "Plan Rows": 4, "Plan Width": 46, "Plans": [{"Node Type": "Nested Loop", "Parent Relationship": "Outer", "Join Type": "Inner", "Startup Cost": 0.0, "Total Cost": 69393.85, "Plan Rows": 4, "Plan Width": 46, "Inner Unique": false, "Join Filter": "(it1.id = mi.info_type_id)", "Plans": [{"Node Type": "Seq Scan", "Parent Relationship": "Outer", "Relation Name": "info_type", "Alias": "it1", "Startup Cost": 0.0, "Total Cost": 2.4, "Plan Rows": 1, "Plan Width": 4, "Filter": "((info)::text = 'release dates'::text)"}, {"Node Type": "Materialize", "Parent Relationship": "Inner", "Startup Cost": 0.0, "Total Cost": 69388.9, "Plan Rows": 255, "Plan Width": 50, "Plans": [{"Node Type": "Streaming(type: LOCAL GATHER dop: 1/64)", "Parent Relationship": "Outer", "Startup Cost": 0.0, "Total Cost": 69388.27, "Plan Rows": 255, "Plan Width": 50, "Plans": [{"Node Type": "Seq Scan", "Parent Relationship": "Outer", "Relation Name": "movie_info", "Alias": "mi", "Startup Cost": 0.0, "Total Cost": 69383.01, "Plan Rows": 255, "Plan Width": 50, "Filter": "((info IS NOT NULL) AND ((note)::text ~~ '%internet%'::text) AND (((info)::text ~~ 'USA:% 199%'::text) OR ((info)::text ~~ 'USA:% 200%'::text)))"}]}]}]}]}]}, {"Node Type": "Materialize", "Parent Relationship": "Inner", "Startup Cost": 0.0, "Total Cost": 1.04, "Plan Rows": 3, "Plan Width": 4, "Plans": [{"Node Type": "Seq Scan", "Parent Relationship": "Outer", "Relation Name": "company_type", "Alias": "ct", "Startup Cost": 0.0, "Total Cost": 1.03, "Plan Rows": 3, "Plan Width": 4}]}]}]}]}]}]}]}]}]}]}]}]}]}]}]}]}]}]}, "Unique SQL Id": 2846462052}, "explain_analyze_plan": null}, "(64, 63)": {"explain_plan": {"Plan": {"Node Type": "Aggregate", "Strategy": "Plain", "Startup Cost": 9000155572935.28, "Total Cost": 9000155572935.29, "Plan Rows": 1, "Plan Width": 123, "Plans": [{"Node Type": "Nested Loop", "Parent Relationship": "Outer", "Join Type": "Inner", "Startup Cost": 90000000000.0, "Total Cost": 9000155572934.62, "Plan Rows": 132, "Plan Width": 59, "Inner Unique": false, "Join Filter": "(t.id = at.movie_id)", "Plans": [{"Node Type": "Index Scan", "Parent Relationship": "Outer", "Scan Direction": "Forward", "Index Name": "movie_id_aka_title", "Relation Name": "aka_title", "Alias": "at", "Startup Cost": 10000000000.0, "Total Cost": 1000001990001.13, "Plan Rows": 361471, "Plan Width": 4}, {"Node Type": "Materialize", "Parent Relationship": "Inner", "Startup Cost": 80000000000.0, "Total Cost": 8000153344362.73, "Plan Rows": 44, "Plan Width": 75, "Plans": [{"Node Type": "Nested Loop", "Parent Relationship": "Outer", "Join Type": "Inner", "Startup Cost": 80000000000.0, "Total Cost": 8000153344362.51, "Plan Rows": 44, "Plan Width": 75, "Inner Unique": true, "Join Filter": "(mk.keyword_id = k.id)", "Plans": [{"Node Type": "Nested Loop", "Parent Relationship": "Outer", "Join Type": "Inner", "Startup Cost": 70000000000.0, "Total Cost": 7000152970746.12, "Plan Rows": 44, "Plan Width": 79, "Inner Unique": false, "Join Filter": "(t.id = mk.movie_id)", "Plans": [{"Node Type": "Index Scan", "Parent Relationship": "Outer", "Scan Direction": "Forward", "Index Name": "movie_id_movie_keyword", "Relation Name": "movie_keyword", "Alias": "mk", "Startup Cost": 10000000000.0, "Total Cost": 1000015300634.17, "Plan Rows": 4523929, "Plan Width": 8}, {"Node Type": "Materialize", "Parent Relationship": "Inner", "Startup Cost": 60000000000.0, "Total Cost": 6000137262958.35, "Plan Rows": 6, "Plan Width": 71, "Plans": [{"Node Type": "Nested Loop", "Parent Relationship": "Outer", "Join Type": "Inner", "Startup Cost": 60000000000.0, "Total Cost": 6000137262958.32, "Plan Rows": 6, "Plan Width": 71, "Inner Unique": false, "Join Filter": "(mi.movie_id = t.id)", "Plans": [{"Node Type": "Index Scan", "Parent Relationship": "Outer", "Scan Direction": "Forward", "Index Name": "title_pkey", "Relation Name": "title", "Alias": "t", "Startup Cost": 10000000000.0, "Total Cost": 1000011644126.66, "Plan Rows": 1748840, "Plan Width": 21, "Filter": "(production_year > 1990), (LLVM Optimized)"}, {"Node Type": "Materialize", "Parent Relationship": "Inner", "Startup Cost": 50000000000.0, "Total Cost": 5000125513901.27, "Plan Rows": 4, "Plan Width": 50, "Plans": [{"Node Type": "Nested Loop", "Parent Relationship": "Outer", "Join Type": "Inner", "Startup Cost": 50000000000.0, "Total Cost": 5000125513901.25, "Plan Rows": 4, "Plan Width": 50, "Inner Unique": true, "Join Filter": "(mc.company_id = cn.id)", "Plans": [{"Node Type": "Nested Loop", "Parent Relationship": "Outer", "Join Type": "Inner", "Startup Cost": 40000000000.0, "Total Cost": 4000124453328.96, "Plan Rows": 8, "Plan Width": 54, "Inner Unique": true, "Join Filter": "(mc.company_type_id = ct.id)", "Plans": [{"Node Type": "Nested Loop", "Parent Relationship": "Outer", "Join Type": "Inner", "Startup Cost": 30000000000.0, "Total Cost": 3000124452099.04, "Plan Rows": 9, "Plan Width": 58, "Inner Unique": false, "Join Filter": "(mi.movie_id = mc.movie_id)", "Plans": [{"Node Type": "Nested Loop", "Parent Relationship": "Outer", "Join Type": "Inner", "Startup Cost": 20000000000.0, "Total Cost": 2000114970811.54, "Plan Rows": 4, "Plan Width": 46, "Inner Unique": true, "Join Filter": "(it1.id = mi.info_type_id)", "Plans": [{"Node Type": "Index Scan", "Parent Relationship": "Outer", "Scan Direction": "Forward", "Index Name": "movie_id_movie_info", "Relation Name": "movie_info", "Alias": "mi", "Startup Cost": 10000000000.0, "Total Cost": 1000114969386.72, "Plan Rows": 255, "Plan Width": 50, "Filter": "((info IS NOT NULL) AND ((note)::text ~~ '%internet%'::text) AND (((info)::text ~~ 'USA:% 199%'::text) OR ((info)::text ~~ 'USA:% 200%'::text)))"}, {"Node Type": "Materialize", "Parent Relationship": "Inner", "Startup Cost": 10000000000.0, "Total Cost": 1000000001421.0, "Plan Rows": 1, "Plan Width": 4, "Plans": [{"Node Type": "Index Scan", "Parent Relationship": "Outer", "Scan Direction": "Forward", "Index Name": "info_type_pkey", "Relation Name": "info_type", "Alias": "it1", "Startup Cost": 10000000000.0, "Total Cost": 1000000001421.0, "Plan Rows": 1, "Plan Width": 4, "Filter": "((info)::text = 'release dates'::text)"}]}]}, {"Node Type": "Materialize", "Parent Relationship": "Inner", "Startup Cost": 10000000000.0, "Total Cost": 1000009331262.64, "Plan Rows": 2609128, "Plan Width": 12, "Plans": [{"Node Type": "Index Scan", "Parent Relationship": "Outer", "Scan Direction": "Forward", "Index Name": "company_type_id_movie_companies", "Relation Name": "movie_companies", "Alias": "mc", "Startup Cost": 10000000000.0, "Total Cost": 1000009318217.0, "Plan Rows": 2609128, "Plan Width": 12}]}]}, {"Node Type": "Materialize", "Parent Relationship": "Inner", "Startup Cost": 10000000000.0, "Total Cost": 1000000001229.52, "Plan Rows": 3, "Plan Width": 4, "Plans": [{"Node Type": "Index Scan", "Parent Relationship": "Outer", "Scan Direction": "Forward", "Index Name": "company_type_pkey", "Relation Name": "company_type", "Alias": "ct", "Startup Cost": 10000000000.0, "Total Cost": 1000000001229.5, "Plan Rows": 3, "Plan Width": 4}]}]}, {"Node Type": "Materialize", "Parent Relationship": "Inner", "Startup Cost": 10000000000.0, "Total Cost": 1000001050564.82, "Plan Rows": 85170, "Plan Width": 4, "Plans": [{"Node Type": "Index Scan", "Parent Relationship": "Outer", "Scan Direction": "Forward", "Index Name": "company_name_pkey", "Relation Name": "company_name", "Alias": "cn", "Startup Cost": 10000000000.0, "Total Cost": 1000001050138.97, "Plan Rows": 85170, "Plan Width": 4, "Filter": "((country_code)::text = '[us]'::text)"}]}]}]}]}]}]}, {"Node Type": "Materialize", "Parent Relationship": "Inner", "Startup Cost": 10000000000.0, "Total Cost": 1000000285400.28, "Plan Rows": 134169, "Plan Width": 4, "Plans": [{"Node Type": "Index Scan", "Parent Relationship": "Outer", "Scan Direction": "Forward", "Index Name": "keyword_pkey", "Relation Name": "keyword", "Alias": "k", "Startup Cost": 10000000000.0, "Total Cost": 1000000284729.43, "Plan Rows": 134169, "Plan Width": 4}]}]}]}]}]}, "Unique SQL Id": 2846462052}, "explain_analyze_plan": null}, "(64, 64)": {"explain_plan": {"Plan": {"Node Type": "Aggregate", "Strategy": "Plain", "Startup Cost": 69554.12, "Total Cost": 69554.13, "Plan Rows": 1, "Plan Width": 123, "Plans": [{"Node Type": "Nested Loop", "Parent Relationship": "Outer", "Join Type": "Inner", "Startup Cost": 0.0, "Total Cost": 69553.45, "Plan Rows": 134, "Plan Width": 59, "Inner Unique": true, "Plans": [{"Node Type": "Nested Loop", "Parent Relationship": "Outer", "Join Type": "Inner", "Startup Cost": 0.0, "Total Cost": 69515.93, "Plan Rows": 134, "Plan Width": 63, "Inner Unique": false, "Join Filter": "(t.id = mk.movie_id)", "Plans": [{"Node Type": "Nested Loop", "Parent Relationship": "Outer", "Join Type": "Inner", "Startup Cost": 0.0, "Total Cost": 69506.37, "Plan Rows": 17, "Plan Width": 75, "Inner Unique": true, "Join Filter": "(at.movie_id = t.id)", "Plans": [{"Node Type": "Nested Loop", "Parent Relationship": "Outer", "Join Type": "Inner", "Startup Cost": 0.0, "Total Cost": 69502.14, "Plan Rows": 12, "Plan Width": 54, "Inner Unique": true, "Plans": [{"Node Type": "Nested Loop", "Parent Relationship": "Outer", "Join Type": "Inner", "Startup Cost": 0.0, "Total Cost": 69498.78, "Plan Rows": 12, "Plan Width": 58, "Inner Unique": true, "Plans": [{"Node Type": "Nested Loop", "Parent Relationship": "Outer", "Join Type": "Inner", "Startup Cost": 0.0, "Total Cost": 69493.03, "Plan Rows": 20, "Plan Width": 62, "Inner Unique": false, "Plans": [{"Node Type": "Nested Loop", "Parent Relationship": "Outer", "Join Type": "Inner", "Startup Cost": 0.0, "Total Cost": 69487.72, "Plan Rows": 9, "Plan Width": 50, "Inner Unique": false, "Plans": [{"Node Type": "Nested Loop", "Parent Relationship": "Outer", "Join Type": "Inner", "Startup Cost": 0.0, "Total Cost": 69472.3, "Plan Rows": 4, "Plan Width": 46, "Inner Unique": true, "Plans": [{"Node Type": "Streaming(type: LOCAL GATHER dop: 1/64)", "Parent Relationship": "Outer", "Startup Cost": 0.0, "Total Cost": 69388.27, "Plan Rows": 255, "Plan Width": 50, "Plans": [{"Node Type": "Seq Scan", "Parent Relationship": "Outer", "Relation Name": "movie_info", "Alias": "mi", "Startup Cost": 0.0, "Total Cost": 69383.01, "Plan Rows": 255, "Plan Width": 50, "Filter": "((info IS NOT NULL) AND ((note)::text ~~ '%internet%'::text) AND (((info)::text ~~ 'USA:% 199%'::text) OR ((info)::text ~~ 'USA:% 200%'::text)))"}]}, {"Node Type": "Index Scan", "Parent Relationship": "Inner", "Scan Direction": "Forward", "Index Name": "info_type_pkey", "Relation Name": "info_type", "Alias": "it1", "Startup Cost": 0.0, "Total Cost": 0.32, "Plan Rows": 1, "Plan Width": 4, "Index Cond": "(id = mi.info_type_id)", "Filter": "((info)::text = 'release dates'::text)"}]}, {"Node Type": "Index Only Scan", "Parent Relationship": "Inner", "Scan Direction": "Forward", "Index Name": "movie_id_aka_title", "Relation Name": "aka_title", "Alias": "at", "Startup Cost": 0.0, "Total Cost": 3.82, "Plan Rows": 3, "Plan Width": 4, "Index Cond": "(movie_id = mi.movie_id)"}]}, {"Node Type": "Index Scan", "Parent Relationship": "Inner", "Scan Direction": "Forward", "Index Name": "movie_id_movie_companies", "Relation Name": "movie_companies", "Alias": "mc", "Startup Cost": 0.0, "Total Cost": 0.57, "Plan Rows": 2, "Plan Width": 12, "Index Cond": "(movie_id = at.movie_id)"}]}, {"Node Type": "Index Scan", "Parent Relationship": "Inner", "Scan Direction": "Forward", "Index Name": "company_name_pkey", "Relation Name": "company_name", "Alias": "cn", "Startup Cost": 0.0, "Total Cost": 0.28, "Plan Rows": 1, "Plan Width": 4, "Index Cond": "(id = mc.company_id)", "Filter": "((country_code)::text = '[us]'::text)"}]}, {"Node Type": "Index Only Scan", "Parent Relationship": "Inner", "Scan Direction": "Forward", "Index Name": "company_type_pkey", "Relation Name": "company_type", "Alias": "ct", "Startup Cost": 0.0, "Total Cost": 0.27, "Plan Rows": 1, "Plan Width": 4, "Index Cond": "(id = mc.company_type_id)"}]}, {"Node Type": "Index Scan", "Parent Relationship": "Inner", "Scan Direction": "Forward", "Index Name": "title_pkey", "Relation Name": "title", "Alias": "t", "Startup Cost": 0.0, "Total Cost": 0.34, "Plan Rows": 1, "Plan Width": 21, "Index Cond": "(id = mc.movie_id)", "Filter": "(production_year > 1990)"}]}, {"Node Type": "Index Scan", "Parent Relationship": "Inner", "Scan Direction": "Forward", "Index Name": "movie_id_movie_keyword", "Relation Name": "movie_keyword", "Alias": "mk", "Startup Cost": 0.0, "Total Cost": 0.46, "Plan Rows": 8, "Plan Width": 8, "Index Cond": "(movie_id = mc.movie_id)"}]}, {"Node Type": "Index Only Scan", "Parent Relationship": "Inner", "Scan Direction": "Forward", "Index Name": "keyword_pkey", "Relation Name": "keyword", "Alias": "k", "Startup Cost": 0.0, "Total Cost": 0.27, "Plan Rows": 1, "Plan Width": 4, "Index Cond": "(id = mk.keyword_id)"}]}]}, "Unique SQL Id": 2846462052}, "explain_analyze_plan": {"Plan": {"Node Type": "Aggregate", "Strategy": "Plain", "Startup Cost": 69554.12, "Total Cost": 69554.13, "Plan Rows": 1, "Plan Width": 123, "Actual Min Startup Time": 256.814, "Actual Max Startup Time": 256.814, "Actual Min Total Time": 256.815, "Actual Max Total Time": 256.815, "Actual Total Rows": 1, "Plans": [{"Node Type": "Nested Loop", "Parent Relationship": "Outer", "Join Type": "Inner", "Startup Cost": 0.0, "Total Cost": 69553.45, "Plan Rows": 134, "Plan Width": 59, "Actual Min Startup Time": 75.219, "Actual Max Startup Time": 75.219, "Actual Min Total Time": 255.875, "Actual Max Total Time": 255.875, "Actual Total Rows": 1140, "Inner Unique": true, "Plans": [{"Node Type": "Nested Loop", "Parent Relationship": "Outer", "Join Type": "Inner", "Startup Cost": 0.0, "Total Cost": 69515.93, "Plan Rows": 134, "Plan Width": 63, "Actual Min Startup Time": 75.2, "Actual Max Startup Time": 75.2, "Actual Min Total Time": 251.88, "Actual Max Total Time": 251.88, "Actual Total Rows": 1140, "Inner Unique": false, "Join Filter": "(t.id = mk.movie_id)", "Rows Removed by Join Filter": 0, "Plans": [{"Node Type": "Nested Loop", "Parent Relationship": "Outer", "Join Type": "Inner", "Startup Cost": 0.0, "Total Cost": 69506.37, "Plan Rows": 17, "Plan Width": 75, "Actual Min Startup Time": 74.892, "Actual Max Startup Time": 74.892, "Actual Min Total Time": 250.035, "Actual Max Total Time": 250.035, "Actual Total Rows": 119, "Inner Unique": true, "Join Filter": "(at.movie_id = t.id)", "Rows Removed by Join Filter": 0, "Plans": [{"Node Type": "Nested Loop", "Parent Relationship": "Outer", "Join Type": "Inner", "Startup Cost": 0.0, "Total Cost": 69502.14, "Plan Rows": 12, "Plan Width": 54, "Actual Min Startup Time": 74.857, "Actual Max Startup Time": 74.857, "Actual Min Total Time": 249.038, "Actual Max Total Time": 249.038, "Actual Total Rows": 119, "Inner Unique": true, "Plans": [{"Node Type": "Nested Loop", "Parent Relationship": "Outer", "Join Type": "Inner", "Startup Cost": 0.0, "Total Cost": 69498.78, "Plan Rows": 12, "Plan Width": 58, "Actual Min Startup Time": 74.837, "Actual Max Startup Time": 74.837, "Actual Min Total Time": 248.585, "Actual Max Total Time": 248.585, "Actual Total Rows": 284, "Inner Unique": true, "Plans": [{"Node Type": "Nested Loop", "Parent Relationship": "Outer", "Join Type": "Inner", "Startup Cost": 0.0, "Total Cost": 69493.03, "Plan Rows": 20, "Plan Width": 62, "Actual Min Startup Time": 74.812, "Actual Max Startup Time": 74.812, "Actual Min Total Time": 246.315, "Actual Max Total Time": 246.315, "Actual Total Rows": 400, "Inner Unique": false, "Plans": [{"Node Type": "Nested Loop", "Parent Relationship": "Outer", "Join Type": "Inner", "Startup Cost": 0.0, "Total Cost": 69487.72, "Plan Rows": 9, "Plan Width": 50, "Actual Min Startup Time": 74.792, "Actual Max Startup Time": 74.792, "Actual Min Total Time": 244.857, "Actual Max Total Time": 244.857, "Actual Total Rows": 120, "Inner Unique": false, "Plans": [{"Node Type": "Nested Loop", "Parent Relationship": "Outer", "Join Type": "Inner", "Startup Cost": 0.0, "Total Cost": 69472.3, "Plan Rows": 4, "Plan Width": 46, "Actual Min Startup Time": 74.659, "Actual Max Startup Time": 74.659, "Actual Min Total Time": 237.495, "Actual Max Total Time": 237.495, "Actual Total Rows": 1783, "Inner Unique": true, "Plans": [{"Node Type": "Streaming(type: LOCAL GATHER dop: 1/64)", "Parent Relationship": "Outer", "Startup Cost": 0.0, "Total Cost": 69388.27, "Plan Rows": 255, "Plan Width": 50, "Actual Min Startup Time": 74.574, "Actual Max Startup Time": 74.574, "Actual Min Total Time": 232.835, "Actual Max Total Time": 232.835, "Actual Total Rows": 1783, "Plans": [{"Node Type": "Seq Scan", "Parent Relationship": "Outer", "Relation Name": "movie_info", "Alias": "mi", "Startup Cost": 0.0, "Total Cost": 69383.01, "Plan Rows": 255, "Plan Width": 50, "Actual Min Startup Time": 20.741, "Actual Max Startup Time": 29.335, "Actual Min Total Time": 72.847, "Actual Max Total Time": 85.891, "Actual Total Rows": 1783, "Filter": "((info IS NOT NULL) AND ((note)::text ~~ '%internet%'::text) AND (((info)::text ~~ 'USA:% 199%'::text) OR ((info)::text ~~ 'USA:% 200%'::text)))", "Rows Removed by Filter": 14833936}]}, {"Node Type": "Index Scan", "Parent Relationship": "Inner", "Scan Direction": "Forward", "Index Name": "info_type_pkey", "Relation Name": "info_type", "Alias": "it1", "Startup Cost": 0.0, "Total Cost": 0.32, "Plan Rows": 1, "Plan Width": 4, "Actual Min Startup Time": 3.23, "Actual Max Startup Time": 3.23, "Actual Min Total Time": 3.23, "Actual Max Total Time": 3.23, "Actual Total Rows": 1783, "Index Cond": "(id = mi.info_type_id)", "Rows Removed by Index Recheck": 0, "Filter": "((info)::text = 'release dates'::text)", "Rows Removed by Filter": 0}]}, {"Node Type": "Index Only Scan", "Parent Relationship": "Inner", "Scan Direction": "Forward", "Index Name": "movie_id_aka_title", "Relation Name": "aka_title", "Alias": "at", "Startup Cost": 0.0, "Total Cost": 3.82, "Plan Rows": 3, "Plan Width": 4, "Actual Min Startup Time": 6.408, "Actual Max Startup Time": 6.408, "Actual Min Total Time": 6.46, "Actual Max Total Time": 6.46, "Actual Total Rows": 120, "Index Cond": "(movie_id = mi.movie_id)", "Rows Removed by Index Recheck": 0, "Heap Fetches": 0}]}, {"Node Type": "Index Scan", "Parent Relationship": "Inner", "Scan Direction": "Forward", "Index Name": "movie_id_movie_companies", "Relation Name": "movie_companies", "Alias": "mc", "Startup Cost": 0.0, "Total Cost": 0.57, "Plan Rows": 2, "Plan Width": 12, "Actual Min Startup Time": 0.894, "Actual Max Startup Time": 0.894, "Actual Min Total Time": 1.256, "Actual Max Total Time": 1.256, "Actual Total Rows": 400, "Index Cond": "(movie_id = at.movie_id)", "Rows Removed by Index Recheck": 0}]}, {"Node Type": "Index Scan", "Parent Relationship": "Inner", "Scan Direction": "Forward", "Index Name": "company_name_pkey", "Relation Name": "company_name", "Alias": "cn", "Startup Cost": 0.0, "Total Cost": 0.28, "Plan Rows": 1, "Plan Width": 4, "Actual Min Startup Time": 1.954, "Actual Max Startup Time": 1.954, "Actual Min Total Time": 1.954, "Actual Max Total Time": 1.954, "Actual Total Rows": 284, "Index Cond": "(id = mc.company_id)", "Rows Removed by Index Recheck": 0, "Filter": "((country_code)::text = '[us]'::text)", "Rows Removed by Filter": 116}]}, {"Node Type": "Index Only Scan", "Parent Relationship": "Inner", "Scan Direction": "Forward", "Index Name": "company_type_pkey", "Relation Name": "company_type", "Alias": "ct", "Startup Cost": 0.0, "Total Cost": 0.27, "Plan Rows": 1, "Plan Width": 4, "Actual Min Startup Time": 0.243, "Actual Max Startup Time": 0.243, "Actual Min Total Time": 0.243, "Actual Max Total Time": 0.243, "Actual Total Rows": 119, "Index Cond": "(id = mc.company_type_id)", "Rows Removed by Index Recheck": 0, "Heap Fetches": 0}]}, {"Node Type": "Index Scan", "Parent Relationship": "Inner", "Scan Direction": "Forward", "Index Name": "title_pkey", "Relation Name": "title", "Alias": "t", "Startup Cost": 0.0, "Total Cost": 0.34, "Plan Rows": 1, "Plan Width": 21, "Actual Min Startup Time": 0.809, "Actual Max Startup Time": 0.809, "Actual Min Total Time": 0.809, "Actual Max Total Time": 0.809, "Actual Total Rows": 119, "Index Cond": "(id = mc.movie_id)", "Rows Removed by Index Recheck": 0, "Filter": "(production_year > 1990)", "Rows Removed by Filter": 0}]}, {"Node Type": "Index Scan", "Parent Relationship": "Inner", "Scan Direction": "Forward", "Index Name": "movie_id_movie_keyword", "Relation Name": "movie_keyword", "Alias": "mk", "Startup Cost": 0.0, "Total Cost": 0.46, "Plan Rows": 8, "Plan Width": 8, "Actual Min Startup Time": 0.718, "Actual Max Startup Time": 0.718, "Actual Min Total Time": 1.309, "Actual Max Total Time": 1.309, "Actual Total Rows": 1140, "Index Cond": "(movie_id = mc.movie_id)", "Rows Removed by Index Recheck": 0}]}, {"Node Type": "Index Only Scan", "Parent Relationship": "Inner", "Scan Direction": "Forward", "Index Name": "keyword_pkey", "Relation Name": "keyword", "Alias": "k", "Startup Cost": 0.0, "Total Cost": 0.27, "Plan Rows": 1, "Plan Width": 4, "Actual Min Startup Time": 3.155, "Actual Max Startup Time": 3.155, "Actual Min Total Time": 3.155, "Actual Max Total Time": 3.155, "Actual Total Rows": 1140, "Index Cond": "(id = mk.keyword_id)", "Rows Removed by Index Recheck": 0, "Heap Fetches": 0}]}]}, "Triggers": [], "Planner Runtime": 237.653, "Total Runtime": 270.241, "Unique SQL Id": 2846462052}}, "(64, 65)": {"explain_plan": {"Plan": {"Node Type": "Aggregate", "Strategy": "Plain", "Startup Cost": 165037.92, "Total Cost": 165037.93, "Plan Rows": 1, "Plan Width": 123, "Plans": [{"Node Type": "Nested Loop", "Parent Relationship": "Outer", "Join Type": "Inner", "Startup Cost": 4841.46, "Total Cost": 165037.25, "Plan Rows": 134, "Plan Width": 59, "Inner Unique": true, "Plans": [{"Node Type": "Nested Loop", "Parent Relationship": "Outer", "Join Type": "Inner", "Startup Cost": 4841.46, "Total Cost": 164999.73, "Plan Rows": 134, "Plan Width": 63, "Inner Unique": false, "Join Filter": "(t.id = mk.movie_id)", "Plans": [{"Node Type": "Nested Loop", "Parent Relationship": "Outer", "Join Type": "Inner", "Startup Cost": 4841.46, "Total Cost": 164990.17, "Plan Rows": 17, "Plan Width": 75, "Inner Unique": true, "Join Filter": "(at.movie_id = t.id)", "Plans": [{"Node Type": "Nested Loop", "Parent Relationship": "Outer", "Join Type": "Inner", "Startup Cost": 4841.46, "Total Cost": 164985.94, "Plan Rows": 12, "Plan Width": 54, "Inner Unique": true, "Plans": [{"Node Type": "Nested Loop", "Parent Relationship": "Outer", "Join Type": "Inner", "Startup Cost": 4841.46, "Total Cost": 164982.58, "Plan Rows": 12, "Plan Width": 58, "Inner Unique": true, "Plans": [{"Node Type": "Nested Loop", "Parent Relationship": "Outer", "Join Type": "Inner", "Startup Cost": 4841.46, "Total Cost": 164976.83, "Plan Rows": 20, "Plan Width": 62, "Inner Unique": false, "Plans": [{"Node Type": "Nested Loop", "Parent Relationship": "Outer", "Join Type": "Inner", "Startup Cost": 4841.46, "Total Cost": 164971.52, "Plan Rows": 9, "Plan Width": 50, "Inner Unique": false, "Plans": [{"Node Type": "Nested Loop", "Parent Relationship": "Outer", "Join Type": "Inner", "Startup Cost": 4841.46, "Total Cost": 164956.1, "Plan Rows": 4, "Plan Width": 46, "Inner Unique": false, "Plans": [{"Node Type": "Index Scan", "Parent Relationship": "Outer", "Scan Direction": "Forward", "Index Name": "info_type_pkey", "Relation Name": "info_type", "Alias": "it1", "Startup Cost": 0.0, "Total Cost": 14.21, "Plan Rows": 1, "Plan Width": 4, "Filter": "((info)::text = 'release dates'::text)"}, {"Node Type": "Bitmap Heap Scan", "Parent Relationship": "Inner", "Relation Name": "movie_info", "Alias": "mi", "Startup Cost": 4841.46, "Total Cost": 164941.85, "Plan Rows": 4, "Plan Width": 50, "Recheck Cond": "(info_type_id = it1.id)", "Filter": "((info IS NOT NULL) AND ((note)::text ~~ '%internet%'::text) AND (((info)::text ~~ 'USA:% 199%'::text) OR ((info)::text ~~ 'USA:% 200%'::text)))", "Plans": [{"Node Type": "Bitmap Index Scan", "Parent Relationship": "Outer", "Index Name": "info_type_id_movie_info", "Startup Cost": 0.0, "Total Cost": 4841.46, "Plan Rows": 212428, "Plan Width": 0, "Index Cond": "(info_type_id = it1.id)"}]}]}, {"Node Type": "Index Only Scan", "Parent Relationship": "Inner", "Scan Direction": "Forward", "Index Name": "movie_id_aka_title", "Relation Name": "aka_title", "Alias": "at", "Startup Cost": 0.0, "Total Cost": 3.82, "Plan Rows": 3, "Plan Width": 4, "Index Cond": "(movie_id = mi.movie_id)"}]}, {"Node Type": "Index Scan", "Parent Relationship": "Inner", "Scan Direction": "Forward", "Index Name": "movie_id_movie_companies", "Relation Name": "movie_companies", "Alias": "mc", "Startup Cost": 0.0, "Total Cost": 0.57, "Plan Rows": 2, "Plan Width": 12, "Index Cond": "(movie_id = at.movie_id)"}]}, {"Node Type": "Index Scan", "Parent Relationship": "Inner", "Scan Direction": "Forward", "Index Name": "company_name_pkey", "Relation Name": "company_name", "Alias": "cn", "Startup Cost": 0.0, "Total Cost": 0.28, "Plan Rows": 1, "Plan Width": 4, "Index Cond": "(id = mc.company_id)", "Filter": "((country_code)::text = '[us]'::text)"}]}, {"Node Type": "Index Only Scan", "Parent Relationship": "Inner", "Scan Direction": "Forward", "Index Name": "company_type_pkey", "Relation Name": "company_type", "Alias": "ct", "Startup Cost": 0.0, "Total Cost": 0.27, "Plan Rows": 1, "Plan Width": 4, "Index Cond": "(id = mc.company_type_id)"}]}, {"Node Type": "Index Scan", "Parent Relationship": "Inner", "Scan Direction": "Forward", "Index Name": "title_pkey", "Relation Name": "title", "Alias": "t", "Startup Cost": 0.0, "Total Cost": 0.34, "Plan Rows": 1, "Plan Width": 21, "Index Cond": "(id = mc.movie_id)", "Filter": "(production_year > 1990)"}]}, {"Node Type": "Index Scan", "Parent Relationship": "Inner", "Scan Direction": "Forward", "Index Name": "movie_id_movie_keyword", "Relation Name": "movie_keyword", "Alias": "mk", "Startup Cost": 0.0, "Total Cost": 0.46, "Plan Rows": 8, "Plan Width": 8, "Index Cond": "(movie_id = mc.movie_id)"}]}, {"Node Type": "Index Only Scan", "Parent Relationship": "Inner", "Scan Direction": "Forward", "Index Name": "keyword_pkey", "Relation Name": "keyword", "Alias": "k", "Startup Cost": 0.0, "Total Cost": 0.27, "Plan Rows": 1, "Plan Width": 4, "Index Cond": "(id = mk.keyword_id)"}]}]}, "Unique SQL Id": 2846462052}, "explain_analyze_plan": null}, "(64, 66)": {"explain_plan": {"Plan": {"Node Type": "Aggregate", "Strategy": "Plain", "Startup Cost": 70517.86, "Total Cost": 70517.87, "Plan Rows": 1, "Plan Width": 123, "Plans": [{"Node Type": "Nested Loop", "Parent Relationship": "Outer", "Join Type": "Inner", "Startup Cost": 7.95, "Total Cost": 70517.19, "Plan Rows": 134, "Plan Width": 59, "Inner Unique": true, "Join Filter": "(at.movie_id = t.id)", "Plans": [{"Node Type": "Nested Loop", "Parent Relationship": "Outer", "Join Type": "Inner", "Startup Cost": 7.68, "Total Cost": 70100.73, "Plan Rows": 97, "Plan Width": 58, "Inner Unique": true, "Plans": [{"Node Type": "Nested Loop", "Parent Relationship": "Outer", "Join Type": "Inner", "Startup Cost": 7.43, "Total Cost": 69685.54, "Plan Rows": 97, "Plan Width": 62, "Inner Unique": false, "Join Filter": "(at.movie_id = mk.movie_id)", "Plans": [{"Node Type": "Nested Loop", "Parent Relationship": "Outer", "Join Type": "Inner", "Startup Cost": 7.09, "Total Cost": 69631.09, "Plan Rows": 12, "Plan Width": 54, "Inner Unique": true, "Plans": [{"Node Type": "Nested Loop", "Parent Relationship": "Outer", "Join Type": "Inner", "Startup Cost": 6.83, "Total Cost": 69579.72, "Plan Rows": 12, "Plan Width": 58, "Inner Unique": true, "Plans": [{"Node Type": "Nested Loop", "Parent Relationship": "Outer", "Join Type": "Inner", "Startup Cost": 6.57, "Total Cost": 69494.05, "Plan Rows": 20, "Plan Width": 62, "Inner Unique": false, "Plans": [{"Node Type": "Nested Loop", "Parent Relationship": "Outer", "Join Type": "Inner", "Startup Cost": 6.2, "Total Cost": 69454.31, "Plan Rows": 9, "Plan Width": 50, "Inner Unique": false, "Plans": [{"Node Type": "Hash Join", "Parent Relationship": "Outer", "Join Type": "Inner", "Startup Cost": 2.41, "Total Cost": 69391.68, "Plan Rows": 4, "Plan Width": 46, "Inner Unique": true, "Hash Cond": "(mi.info_type_id = it1.id)", "Plans": [{"Node Type": "Streaming(type: LOCAL GATHER dop: 1/64)", "Parent Relationship": "Outer", "Startup Cost": 0.0, "Total Cost": 69388.27, "Plan Rows": 255, "Plan Width": 50, "Plans": [{"Node Type": "Seq Scan", "Parent Relationship": "Outer", "Relation Name": "movie_info", "Alias": "mi", "Startup Cost": 0.0, "Total Cost": 69383.01, "Plan Rows": 255, "Plan Width": 50, "Filter": "((info IS NOT NULL) AND ((note)::text ~~ '%internet%'::text) AND (((info)::text ~~ 'USA:% 199%'::text) OR ((info)::text ~~ 'USA:% 200%'::text)))"}]}, {"Node Type": "Hash", "Parent Relationship": "Inner", "Startup Cost": 2.4, "Total Cost": 2.4, "Plan Rows": 1, "Plan Width": 4, "Plans": [{"Node Type": "Seq Scan", "Parent Relationship": "Outer", "Relation Name": "info_type", "Alias": "it1", "Startup Cost": 0.0, "Total Cost": 2.4, "Plan Rows": 1, "Plan Width": 4, "Filter": "((info)::text = 'release dates'::text)"}]}]}, {"Node Type": "Bitmap Heap Scan", "Parent Relationship": "Inner", "Relation Name": "aka_title", "Alias": "at", "Startup Cost": 3.79, "Total Cost": 15.63, "Plan Rows": 3, "Plan Width": 4, "Recheck Cond": "(movie_id = mi.movie_id)", "Plans": [{"Node Type": "Bitmap Index Scan", "Parent Relationship": "Outer", "Index Name": "movie_id_aka_title", "Startup Cost": 0.0, "Total Cost": 3.79, "Plan Rows": 3, "Plan Width": 0, "Index Cond": "(movie_id = mi.movie_id)"}]}]}, {"Node Type": "Bitmap Heap Scan", "Parent Relationship": "Inner", "Relation Name": "movie_companies", "Alias": "mc", "Startup Cost": 0.37, "Total Cost": 4.4, "Plan Rows": 2, "Plan Width": 12, "Recheck Cond": "(movie_id = at.movie_id)", "Plans": [{"Node Type": "Bitmap Index Scan", "Parent Relationship": "Outer", "Index Name": "movie_id_movie_companies", "Startup Cost": 0.0, "Total Cost": 0.37, "Plan Rows": 2, "Plan Width": 0, "Index Cond": "(movie_id = at.movie_id)"}]}]}, {"Node Type": "Bitmap Heap Scan", "Parent Relationship": "Inner", "Relation Name": "company_name", "Alias": "cn", "Startup Cost": 0.26, "Total Cost": 4.27, "Plan Rows": 1, "Plan Width": 4, "Recheck Cond": "(id = mc.company_id)", "Filter": "((country_code)::text = '[us]'::text)", "Plans": [{"Node Type": "Bitmap Index Scan", "Parent Relationship": "Outer", "Index Name": "company_name_pkey", "Startup Cost": 0.0, "Total Cost": 0.26, "Plan Rows": 1, "Plan Width": 0, "Index Cond": "(id = mc.company_id)"}]}]}, {"Node Type": "Bitmap Heap Scan", "Parent Relationship": "Inner", "Relation Name": "company_type", "Alias": "ct", "Startup Cost": 0.26, "Total Cost": 4.27, "Plan Rows": 1, "Plan Width": 4, "Recheck Cond": "(id = mc.company_type_id)", "Plans": [{"Node Type": "Bitmap Index Scan", "Parent Relationship": "Outer", "Index Name": "company_type_pkey", "Startup Cost": 0.0, "Total Cost": 0.26, "Plan Rows": 1, "Plan Width": 0, "Index Cond": "(id = mc.company_type_id)"}]}]}, {"Node Type": "Bitmap Heap Scan", "Parent Relationship": "Inner", "Relation Name": "movie_keyword", "Alias": "mk", "Startup Cost": 0.34, "Total Cost": 4.44, "Plan Rows": 8, "Plan Width": 8, "Recheck Cond": "(movie_id = mc.movie_id)", "Plans": [{"Node Type": "Bitmap Index Scan", "Parent Relationship": "Outer", "Index Name": "movie_id_movie_keyword", "Startup Cost": 0.0, "Total Cost": 0.34, "Plan Rows": 8, "Plan Width": 0, "Index Cond": "(movie_id = mc.movie_id)"}]}]}, {"Node Type": "Bitmap Heap Scan", "Parent Relationship": "Inner", "Relation Name": "keyword", "Alias": "k", "Startup Cost": 0.26, "Total Cost": 4.27, "Plan Rows": 1, "Plan Width": 4, "Recheck Cond": "(id = mk.keyword_id)", "Plans": [{"Node Type": "Bitmap Index Scan", "Parent Relationship": "Outer", "Index Name": "keyword_pkey", "Startup Cost": 0.0, "Total Cost": 0.26, "Plan Rows": 1, "Plan Width": 0, "Index Cond": "(id = mk.keyword_id)"}]}]}, {"Node Type": "Bitmap Heap Scan", "Parent Relationship": "Inner", "Relation Name": "title", "Alias": "t", "Startup Cost": 0.27, "Total Cost": 4.28, "Plan Rows": 1, "Plan Width": 21, "Recheck Cond": "(id = mk.movie_id)", "Filter": "(production_year > 1990)", "Plans": [{"Node Type": "Bitmap Index Scan", "Parent Relationship": "Outer", "Index Name": "title_pkey", "Startup Cost": 0.0, "Total Cost": 0.27, "Plan Rows": 1, "Plan Width": 0, "Index Cond": "(id = mk.movie_id)"}]}]}]}, "Unique SQL Id": 2846462052}, "explain_analyze_plan": {"Plan": {"Node Type": "Aggregate", "Strategy": "Plain", "Startup Cost": 70517.86, "Total Cost": 70517.87, "Plan Rows": 1, "Plan Width": 123, "Actual Min Startup Time": 207.914, "Actual Max Startup Time": 207.914, "Actual Min Total Time": 207.914, "Actual Max Total Time": 207.914, "Actual Total Rows": 1, "Plans": [{"Node Type": "Nested Loop", "Parent Relationship": "Outer", "Join Type": "Inner", "Startup Cost": 7.95, "Total Cost": 70517.19, "Plan Rows": 134, "Plan Width": 59, "Actual Min Startup Time": 136.307, "Actual Max Startup Time": 136.307, "Actual Min Total Time": 206.937, "Actual Max Total Time": 206.937, "Actual Total Rows": 1140, "Inner Unique": true, "Join Filter": "(at.movie_id = t.id)", "Rows Removed by Join Filter": 0, "Plans": [{"Node Type": "Nested Loop", "Parent Relationship": "Outer", "Join Type": "Inner", "Startup Cost": 7.68, "Total Cost": 70100.73, "Plan Rows": 97, "Plan Width": 58, "Actual Min Startup Time": 136.267, "Actual Max Startup Time": 136.267, "Actual Min Total Time": 200.505, "Actual Max Total Time": 200.505, "Actual Total Rows": 1140, "Inner Unique": true, "Plans": [{"Node Type": "Nested Loop", "Parent Relationship": "Outer", "Join Type": "Inner", "Startup Cost": 7.43, "Total Cost": 69685.54, "Plan Rows": 97, "Plan Width": 62, "Actual Min Startup Time": 136.246, "Actual Max Startup Time": 136.246, "Actual Min Total Time": 193.423, "Actual Max Total Time": 193.423, "Actual Total Rows": 1140, "Inner Unique": false, "Join Filter": "(at.movie_id = mk.movie_id)", "Rows Removed by Join Filter": 0, "Plans": [{"Node Type": "Nested Loop", "Parent Relationship": "Outer", "Join Type": "Inner", "Startup Cost": 7.09, "Total Cost": 69631.09, "Plan Rows": 12, "Plan Width": 54, "Actual Min Startup Time": 136.22, "Actual Max Startup Time": 136.22, "Actual Min Total Time": 191.669, "Actual Max Total Time": 191.669, "Actual Total Rows": 119, "Inner Unique": true, "Plans": [{"Node Type": "Nested Loop", "Parent Relationship": "Outer", "Join Type": "Inner", "Startup Cost": 6.83, "Total Cost": 69579.72, "Plan Rows": 12, "Plan Width": 58, "Actual Min Startup Time": 136.183, "Actual Max Startup Time": 136.183, "Actual Min Total Time": 190.719, "Actual Max Total Time": 190.719, "Actual Total Rows": 284, "Inner Unique": true, "Plans": [{"Node Type": "Nested Loop", "Parent Relationship": "Outer", "Join Type": "Inner", "Startup Cost": 6.57, "Total Cost": 69494.05, "Plan Rows": 20, "Plan Width": 62, "Actual Min Startup Time": 136.153, "Actual Max Startup Time": 136.153, "Actual Min Total Time": 187.857, "Actual Max Total Time": 187.857, "Actual Total Rows": 400, "Inner Unique": false, "Plans": [{"Node Type": "Nested Loop", "Parent Relationship": "Outer", "Join Type": "Inner", "Startup Cost": 6.2, "Total Cost": 69454.31, "Plan Rows": 9, "Plan Width": 50, "Actual Min Startup Time": 136.121, "Actual Max Startup Time": 136.121, "Actual Min Total Time": 185.971, "Actual Max Total Time": 185.971, "Actual Total Rows": 120, "Inner Unique": false, "Plans": [{"Node Type": "Hash Join", "Parent Relationship": "Outer", "Join Type": "Inner", "Startup Cost": 2.41, "Total Cost": 69391.68, "Plan Rows": 4, "Plan Width": 46, "Actual Min Startup Time": 135.859, "Actual Max Startup Time": 135.859, "Actual Min Total Time": 176.285, "Actual Max Total Time": 176.285, "Actual Total Rows": 1783, "Inner Unique": true, "Hash Cond": "(mi.info_type_id = it1.id)", "Plans": [{"Node Type": "Streaming(type: LOCAL GATHER dop: 1/64)", "Parent Relationship": "Outer", "Startup Cost": 0.0, "Total Cost": 69388.27, "Plan Rows": 255, "Plan Width": 50, "Actual Min Startup Time": 135.65, "Actual Max Startup Time": 135.65, "Actual Min Total Time": 175.014, "Actual Max Total Time": 175.014, "Actual Total Rows": 1783, "Plans": [{"Node Type": "Seq Scan", "Parent Relationship": "Outer", "Relation Name": "movie_info", "Alias": "mi", "Startup Cost": 0.0, "Total Cost": 69383.01, "Plan Rows": 255, "Plan Width": 50, "Actual Min Startup Time": 20.119, "Actual Max Startup Time": 46.234, "Actual Min Total Time": 72.278, "Actual Max Total Time": 109.25, "Actual Total Rows": 1783, "Filter": "((info IS NOT NULL) AND ((note)::text ~~ '%internet%'::text) AND (((info)::text ~~ 'USA:% 199%'::text) OR ((info)::text ~~ 'USA:% 200%'::text)))", "Rows Removed by Filter": 14833936}]}, {"Node Type": "Hash", "Parent Relationship": "Inner", "Startup Cost": 2.4, "Total Cost": 2.4, "Plan Rows": 1, "Plan Width": 4, "Actual Min Startup Time": 0.107, "Actual Max Startup Time": 0.107, "Actual Min Total Time": 0.107, "Actual Max Total Time": 0.107, "Actual Total Rows": 1, "Max Hash Buckets": 32768, "Min Hash Buckets": 32768, "Max Hash Batches": 1, "Min Hash Batches": 1, "Max Original Hash Batches": 1, "Min Original Hash Batches": 1, "Max Peak Memory Usage": 1, "min Peak Memory Usage": 1, "Plans": [{"Node Type": "Seq Scan", "Parent Relationship": "Outer", "Relation Name": "info_type", "Alias": "it1", "Startup Cost": 0.0, "Total Cost": 2.4, "Plan Rows": 1, "Plan Width": 4, "Actual Min Startup Time": 0.071, "Actual Max Startup Time": 0.071, "Actual Min Total Time": 0.092, "Actual Max Total Time": 0.092, "Actual Total Rows": 1, "Filter": "((info)::text = 'release dates'::text)", "Rows Removed by Filter": 111}]}]}, {"Node Type": "Bitmap Heap Scan", "Parent Relationship": "Inner", "Relation Name": "aka_title", "Alias": "at", "Startup Cost": 3.79, "Total Cost": 15.63, "Plan Rows": 3, "Plan Width": 4, "Actual Min Startup Time": 7.614, "Actual Max Startup Time": 7.614, "Actual Min Total Time": 7.716, "Actual Max Total Time": 7.716, "Actual Total Rows": 120, "Recheck Cond": "(movie_id = mi.movie_id)", "Rows Removed by Index Recheck": 0, "Exact Heap Blocks": 120, "Lossy Heap Blocks": 120, "Plans": [{"Node Type": "Bitmap Index Scan", "Parent Relationship": "Outer", "Index Name": "movie_id_aka_title", "Startup Cost": 0.0, "Total Cost": 3.79, "Plan Rows": 3, "Plan Width": 0, "Actual Min Startup Time": 6.547, "Actual Max Startup Time": 6.547, "Actual Min Total Time": 6.547, "Actual Max Total Time": 6.547, "Actual Total Rows": 120, "Index Cond": "(movie_id = mi.movie_id)"}]}]}, {"Node Type": "Bitmap Heap Scan", "Parent Relationship": "Inner", "Relation Name": "movie_companies", "Alias": "mc", "Startup Cost": 0.37, "Total Cost": 4.4, "Plan Rows": 2, "Plan Width": 12, "Actual Min Startup Time": 1.282, "Actual Max Startup Time": 1.282, "Actual Min Total Time": 1.549, "Actual Max Total Time": 1.549, "Actual Total Rows": 400, "Recheck Cond": "(movie_id = at.movie_id)", "Rows Removed by Index Recheck": 0, "Exact Heap Blocks": 214, "Lossy Heap Blocks": 214, "Plans": [{"Node Type": "Bitmap Index Scan", "Parent Relationship": "Outer", "Index Name": "movie_id_movie_companies", "Startup Cost": 0.0, "Total Cost": 0.37, "Plan Rows": 2, "Plan Width": 0, "Actual Min Startup Time": 0.819, "Actual Max Startup Time": 0.819, "Actual Min Total Time": 0.819, "Actual Max Total Time": 0.819, "Actual Total Rows": 400, "Index Cond": "(movie_id = at.movie_id)"}]}]}, {"Node Type": "Bitmap Heap Scan", "Parent Relationship": "Inner", "Relation Name": "company_name", "Alias": "cn", "Startup Cost": 0.26, "Total Cost": 4.27, "Plan Rows": 1, "Plan Width": 4, "Actual Min Startup Time": 2.327, "Actual Max Startup Time": 2.327, "Actual Min Total Time": 2.327, "Actual Max Total Time": 2.327, "Actual Total Rows": 284, "Recheck Cond": "(id = mc.company_id)", "Rows Removed by Index Recheck": 0, "Filter": "((country_code)::text = '[us]'::text)", "Rows Removed by Filter": 116, "Exact Heap Blocks": 400, "Lossy Heap Blocks": 400, "Plans": [{"Node Type": "Bitmap Index Scan", "Parent Relationship": "Outer", "Index Name": "company_name_pkey", "Startup Cost": 0.0, "Total Cost": 0.26, "Plan Rows": 1, "Plan Width": 0, "Actual Min Startup Time": 1.357, "Actual Max Startup Time": 1.357, "Actual Min Total Time": 1.357, "Actual Max Total Time": 1.357, "Actual Total Rows": 400, "Index Cond": "(id = mc.company_id)"}]}]}, {"Node Type": "Bitmap Heap Scan", "Parent Relationship": "Inner", "Relation Name": "company_type", "Alias": "ct", "Startup Cost": 0.26, "Total Cost": 4.27, "Plan Rows": 1, "Plan Width": 4, "Actual Min Startup Time": 0.545, "Actual Max Startup Time": 0.545, "Actual Min Total Time": 0.545, "Actual Max Total Time": 0.545, "Actual Total Rows": 119, "Recheck Cond": "(id = mc.company_type_id)", "Rows Removed by Index Recheck": 0, "Exact Heap Blocks": 119, "Lossy Heap Blocks": 119, "Plans": [{"Node Type": "Bitmap Index Scan", "Parent Relationship": "Outer", "Index Name": "company_type_pkey", "Startup Cost": 0.0, "Total Cost": 0.26, "Plan Rows": 1, "Plan Width": 0, "Actual Min Startup Time": 0.253, "Actual Max Startup Time": 0.253, "Actual Min Total Time": 0.253, "Actual Max Total Time": 0.253, "Actual Total Rows": 119, "Index Cond": "(id = mc.company_type_id)"}]}]}, {"Node Type": "Bitmap Heap Scan", "Parent Relationship": "Inner", "Relation Name": "movie_keyword", "Alias": "mk", "Startup Cost": 0.34, "Total Cost": 4.44, "Plan Rows": 8, "Plan Width": 8, "Actual Min Startup Time": 0.97, "Actual Max Startup Time": 0.97, "Actual Min Total Time": 1.158, "Actual Max Total Time": 1.158, "Actual Total Rows": 1140, "Recheck Cond": "(movie_id = mc.movie_id)", "Rows Removed by Index Recheck": 0, "Exact Heap Blocks": 91, "Lossy Heap Blocks": 91, "Plans": [{"Node Type": "Bitmap Index Scan", "Parent Relationship": "Outer", "Index Name": "movie_id_movie_keyword", "Startup Cost": 0.0, "Total Cost": 0.34, "Plan Rows": 8, "Plan Width": 0, "Actual Min Startup Time": 0.596, "Actual Max Startup Time": 0.596, "Actual Min Total Time": 0.596, "Actual Max Total Time": 0.596, "Actual Total Rows": 1140, "Index Cond": "(movie_id = mc.movie_id)"}]}]}, {"Node Type": "Bitmap Heap Scan", "Parent Relationship": "Inner", "Relation Name": "keyword", "Alias": "k", "Startup Cost": 0.26, "Total Cost": 4.27, "Plan Rows": 1, "Plan Width": 4, "Actual Min Startup Time": 5.478, "Actual Max Startup Time": 5.478, "Actual Min Total Time": 5.478, "Actual Max Total Time": 5.478, "Actual Total Rows": 1140, "Recheck Cond": "(id = mk.keyword_id)", "Rows Removed by Index Recheck": 0, "Exact Heap Blocks": 1140, "Lossy Heap Blocks": 1140, "Plans": [{"Node Type": "Bitmap Index Scan", "Parent Relationship": "Outer", "Index Name": "keyword_pkey", "Startup Cost": 0.0, "Total Cost": 0.26, "Plan Rows": 1, "Plan Width": 0, "Actual Min Startup Time": 3.345, "Actual Max Startup Time": 3.345, "Actual Min Total Time": 3.345, "Actual Max Total Time": 3.345, "Actual Total Rows": 1140, "Index Cond": "(id = mk.keyword_id)"}]}]}, {"Node Type": "Bitmap Heap Scan", "Parent Relationship": "Inner", "Relation Name": "title", "Alias": "t", "Startup Cost": 0.27, "Total Cost": 4.28, "Plan Rows": 1, "Plan Width": 21, "Actual Min Startup Time": 4.786, "Actual Max Startup Time": 4.786, "Actual Min Total Time": 4.786, "Actual Max Total Time": 4.786, "Actual Total Rows": 1140, "Recheck Cond": "(id = mk.movie_id)", "Rows Removed by Index Recheck": 0, "Filter": "(production_year > 1990)", "Rows Removed by Filter": 0, "Exact Heap Blocks": 1140, "Lossy Heap Blocks": 1140, "Plans": [{"Node Type": "Bitmap Index Scan", "Parent Relationship": "Outer", "Index Name": "title_pkey", "Startup Cost": 0.0, "Total Cost": 0.27, "Plan Rows": 1, "Plan Width": 0, "Actual Min Startup Time": 2.907, "Actual Max Startup Time": 2.907, "Actual Min Total Time": 2.907, "Actual Max Total Time": 2.907, "Actual Total Rows": 1140, "Index Cond": "(id = mk.movie_id)"}]}]}]}, "Triggers": [], "Planner Runtime": 219.914, "Total Runtime": 220.286, "Unique SQL Id": 2846462052}}, "(64, 67)": {"explain_plan": {"Plan": {"Node Type": "Aggregate", "Strategy": "Plain", "Startup Cost": 166082.29, "Total Cost": 166082.3, "Plan Rows": 1, "Plan Width": 123, "Plans": [{"Node Type": "Nested Loop", "Parent Relationship": "Outer", "Join Type": "Inner", "Startup Cost": 4855.81, "Total Cost": 166081.62, "Plan Rows": 134, "Plan Width": 59, "Inner Unique": true, "Join Filter": "(at.movie_id = t.id)", "Plans": [{"Node Type": "Nested Loop", "Parent Relationship": "Outer", "Join Type": "Inner", "Startup Cost": 4855.54, "Total Cost": 165665.15, "Plan Rows": 97, "Plan Width": 58, "Inner Unique": true, "Plans": [{"Node Type": "Nested Loop", "Parent Relationship": "Outer", "Join Type": "Inner", "Startup Cost": 4855.28, "Total Cost": 165249.97, "Plan Rows": 97, "Plan Width": 62, "Inner Unique": false, "Join Filter": "(at.movie_id = mk.movie_id)", "Plans": [{"Node Type": "Nested Loop", "Parent Relationship": "Outer", "Join Type": "Inner", "Startup Cost": 4854.95, "Total Cost": 165195.51, "Plan Rows": 12, "Plan Width": 54, "Inner Unique": true, "Plans": [{"Node Type": "Nested Loop", "Parent Relationship": "Outer", "Join Type": "Inner", "Startup Cost": 4854.69, "Total Cost": 165144.15, "Plan Rows": 12, "Plan Width": 58, "Inner Unique": true, "Plans": [{"Node Type": "Nested Loop", "Parent Relationship": "Outer", "Join Type": "Inner", "Startup Cost": 4854.43, "Total Cost": 165058.48, "Plan Rows": 20, "Plan Width": 62, "Inner Unique": false, "Plans": [{"Node Type": "Nested Loop", "Parent Relationship": "Outer", "Join Type": "Inner", "Startup Cost": 4854.06, "Total Cost": 165018.73, "Plan Rows": 9, "Plan Width": 50, "Inner Unique": false, "Plans": [{"Node Type": "Nested Loop", "Parent Relationship": "Outer", "Join Type": "Inner", "Startup Cost": 4850.27, "Total Cost": 164956.1, "Plan Rows": 4, "Plan Width": 46, "Inner Unique": false, "Plans": [{"Node Type": "Bitmap Heap Scan", "Parent Relationship": "Outer", "Relation Name": "info_type", "Alias": "it1", "Startup Cost": 8.81, "Total Cost": 14.21, "Plan Rows": 1, "Plan Width": 4, "Filter": "((info)::text = 'release dates'::text)", "Plans": [{"Node Type": "Bitmap Index Scan", "Parent Relationship": "Outer", "Index Name": "info_type_pkey", "Startup Cost": 0.0, "Total Cost": 8.81, "Plan Rows": 112, "Plan Width": 0}]}, {"Node Type": "Bitmap Heap Scan", "Parent Relationship": "Inner", "Relation Name": "movie_info", "Alias": "mi", "Startup Cost": 4841.46, "Total Cost": 164941.85, "Plan Rows": 4, "Plan Width": 50, "Recheck Cond": "(info_type_id = it1.id)", "Filter": "((info IS NOT NULL) AND ((note)::text ~~ '%internet%'::text) AND (((info)::text ~~ 'USA:% 199%'::text) OR ((info)::text ~~ 'USA:% 200%'::text)))", "Plans": [{"Node Type": "Bitmap Index Scan", "Parent Relationship": "Outer", "Index Name": "info_type_id_movie_info", "Startup Cost": 0.0, "Total Cost": 4841.46, "Plan Rows": 212428, "Plan Width": 0, "Index Cond": "(info_type_id = it1.id)"}]}]}, {"Node Type": "Bitmap Heap Scan", "Parent Relationship": "Inner", "Relation Name": "aka_title", "Alias": "at", "Startup Cost": 3.79, "Total Cost": 15.63, "Plan Rows": 3, "Plan Width": 4, "Recheck Cond": "(movie_id = mi.movie_id)", "Plans": [{"Node Type": "Bitmap Index Scan", "Parent Relationship": "Outer", "Index Name": "movie_id_aka_title", "Startup Cost": 0.0, "Total Cost": 3.79, "Plan Rows": 3, "Plan Width": 0, "Index Cond": "(movie_id = mi.movie_id)"}]}]}, {"Node Type": "Bitmap Heap Scan", "Parent Relationship": "Inner", "Relation Name": "movie_companies", "Alias": "mc", "Startup Cost": 0.37, "Total Cost": 4.4, "Plan Rows": 2, "Plan Width": 12, "Recheck Cond": "(movie_id = at.movie_id)", "Plans": [{"Node Type": "Bitmap Index Scan", "Parent Relationship": "Outer", "Index Name": "movie_id_movie_companies", "Startup Cost": 0.0, "Total Cost": 0.37, "Plan Rows": 2, "Plan Width": 0, "Index Cond": "(movie_id = at.movie_id)"}]}]}, {"Node Type": "Bitmap Heap Scan", "Parent Relationship": "Inner", "Relation Name": "company_name", "Alias": "cn", "Startup Cost": 0.26, "Total Cost": 4.27, "Plan Rows": 1, "Plan Width": 4, "Recheck Cond": "(id = mc.company_id)", "Filter": "((country_code)::text = '[us]'::text)", "Plans": [{"Node Type": "Bitmap Index Scan", "Parent Relationship": "Outer", "Index Name": "company_name_pkey", "Startup Cost": 0.0, "Total Cost": 0.26, "Plan Rows": 1, "Plan Width": 0, "Index Cond": "(id = mc.company_id)"}]}]}, {"Node Type": "Bitmap Heap Scan", "Parent Relationship": "Inner", "Relation Name": "company_type", "Alias": "ct", "Startup Cost": 0.26, "Total Cost": 4.27, "Plan Rows": 1, "Plan Width": 4, "Recheck Cond": "(id = mc.company_type_id)", "Plans": [{"Node Type": "Bitmap Index Scan", "Parent Relationship": "Outer", "Index Name": "company_type_pkey", "Startup Cost": 0.0, "Total Cost": 0.26, "Plan Rows": 1, "Plan Width": 0, "Index Cond": "(id = mc.company_type_id)"}]}]}, {"Node Type": "Bitmap Heap Scan", "Parent Relationship": "Inner", "Relation Name": "movie_keyword", "Alias": "mk", "Startup Cost": 0.34, "Total Cost": 4.44, "Plan Rows": 8, "Plan Width": 8, "Recheck Cond": "(movie_id = mc.movie_id)", "Plans": [{"Node Type": "Bitmap Index Scan", "Parent Relationship": "Outer", "Index Name": "movie_id_movie_keyword", "Startup Cost": 0.0, "Total Cost": 0.34, "Plan Rows": 8, "Plan Width": 0, "Index Cond": "(movie_id = mc.movie_id)"}]}]}, {"Node Type": "Bitmap Heap Scan", "Parent Relationship": "Inner", "Relation Name": "keyword", "Alias": "k", "Startup Cost": 0.26, "Total Cost": 4.27, "Plan Rows": 1, "Plan Width": 4, "Recheck Cond": "(id = mk.keyword_id)", "Plans": [{"Node Type": "Bitmap Index Scan", "Parent Relationship": "Outer", "Index Name": "keyword_pkey", "Startup Cost": 0.0, "Total Cost": 0.26, "Plan Rows": 1, "Plan Width": 0, "Index Cond": "(id = mk.keyword_id)"}]}]}, {"Node Type": "Bitmap Heap Scan", "Parent Relationship": "Inner", "Relation Name": "title", "Alias": "t", "Startup Cost": 0.27, "Total Cost": 4.28, "Plan Rows": 1, "Plan Width": 21, "Recheck Cond": "(id = mk.movie_id)", "Filter": "(production_year > 1990)", "Plans": [{"Node Type": "Bitmap Index Scan", "Parent Relationship": "Outer", "Index Name": "title_pkey", "Startup Cost": 0.0, "Total Cost": 0.27, "Plan Rows": 1, "Plan Width": 0, "Index Cond": "(id = mk.movie_id)"}]}]}]}, "Unique SQL Id": 2846462052}, "explain_analyze_plan": null}, "(64, 68)": {"explain_plan": {"Plan": {"Node Type": "Aggregate", "Strategy": "Plain", "Startup Cost": 69565.11, "Total Cost": 69565.12, "Plan Rows": 1, "Plan Width": 123, "Plans": [{"Node Type": "Nested Loop", "Parent Relationship": "Outer", "Join Type": "Inner", "Startup Cost": 0.0, "Total Cost": 69564.44, "Plan Rows": 134, "Plan Width": 59, "Inner Unique": true, "Plans": [{"Node Type": "Nested Loop", "Parent Relationship": "Outer", "Join Type": "Inner", "Startup Cost": 0.0, "Total Cost": 69526.83, "Plan Rows": 134, "Plan Width": 63, "Inner Unique": false, "Join Filter": "(t.id = mk.movie_id)", "Plans": [{"Node Type": "Nested Loop", "Parent Relationship": "Outer", "Join Type": "Inner", "Startup Cost": 0.0, "Total Cost": 69517.27, "Plan Rows": 17, "Plan Width": 75, "Inner Unique": false, "Plans": [{"Node Type": "Nested Loop", "Parent Relationship": "Outer", "Join Type": "Inner", "Startup Cost": 0.0, "Total Cost": 69513.71, "Plan Rows": 10, "Plan Width": 71, "Inner Unique": true, "Plans": [{"Node Type": "Nested Loop", "Parent Relationship": "Outer", "Join Type": "Inner", "Startup Cost": 0.0, "Total Cost": 69510.91, "Plan Rows": 10, "Plan Width": 75, "Inner Unique": true, "Plans": [{"Node Type": "Nested Loop", "Parent Relationship": "Outer", "Join Type": "Inner", "Startup Cost": 0.0, "Total Cost": 69507.45, "Plan Rows": 12, "Plan Width": 79, "Inner Unique": false, "Plans": [{"Node Type": "Nested Loop", "Parent Relationship": "Outer", "Join Type": "Inner", "Startup Cost": 0.0, "Total Cost": 69505.25, "Plan Rows": 6, "Plan Width": 67, "Inner Unique": true, "Plans": [{"Node Type": "Nested Loop", "Parent Relationship": "Outer", "Join Type": "Inner", "Startup Cost": 0.0, "Total Cost": 69472.3, "Plan Rows": 4, "Plan Width": 46, "Inner Unique": true, "Plans": [{"Node Type": "Streaming(type: LOCAL GATHER dop: 1/64)", "Parent Relationship": "Outer", "Startup Cost": 0.0, "Total Cost": 69388.27, "Plan Rows": 255, "Plan Width": 50, "Plans": [{"Node Type": "Seq Scan", "Parent Relationship": "Outer", "Relation Name": "movie_info", "Alias": "mi", "Startup Cost": 0.0, "Total Cost": 69383.01, "Plan Rows": 255, "Plan Width": 50, "Filter": "((info IS NOT NULL) AND ((note)::text ~~ '%internet%'::text) AND (((info)::text ~~ 'USA:% 199%'::text) OR ((info)::text ~~ 'USA:% 200%'::text)))"}]}, {"Node Type": "Index Scan", "Parent Relationship": "Inner", "Scan Direction": "Forward", "Index Name": "info_type_pkey", "Relation Name": "info_type", "Alias": "it1", "Startup Cost": 0.0, "Total Cost": 0.32, "Plan Rows": 1, "Plan Width": 4, "Index Cond": "(id = mi.info_type_id)", "Filter": "((info)::text = 'release dates'::text)"}]}, {"Node Type": "Index Scan", "Parent Relationship": "Inner", "Scan Direction": "Forward", "Index Name": "title_pkey", "Relation Name": "title", "Alias": "t", "Startup Cost": 0.0, "Total Cost": 8.23, "Plan Rows": 1, "Plan Width": 21, "Index Cond": "(id = mi.movie_id)", "Filter": "(production_year > 1990)"}]}, {"Node Type": "Index Scan", "Parent Relationship": "Inner", "Scan Direction": "Forward", "Index Name": "movie_id_movie_companies", "Relation Name": "movie_companies", "Alias": "mc", "Startup Cost": 0.0, "Total Cost": 0.35, "Plan Rows": 2, "Plan Width": 12, "Index Cond": "(movie_id = t.id)"}]}, {"Node Type": "Index Scan", "Parent Relationship": "Inner", "Scan Direction": "Forward", "Index Name": "company_name_pkey", "Relation Name": "company_name", "Alias": "cn", "Startup Cost": 0.0, "Total Cost": 0.28, "Plan Rows": 1, "Plan Width": 4, "Index Cond": "(id = mc.company_id)", "Filter": "((country_code)::text = '[us]'::text)"}]}, {"Node Type": "Index Scan", "Parent Relationship": "Inner", "Scan Direction": "Forward", "Index Name": "company_type_pkey", "Relation Name": "company_type", "Alias": "ct", "Startup Cost": 0.0, "Total Cost": 0.27, "Plan Rows": 1, "Plan Width": 4, "Index Cond": "(id = mc.company_type_id)"}]}, {"Node Type": "Index Scan", "Parent Relationship": "Inner", "Scan Direction": "Forward", "Index Name": "movie_id_aka_title", "Relation Name": "aka_title", "Alias": "at", "Startup Cost": 0.0, "Total Cost": 0.33, "Plan Rows": 3, "Plan Width": 4, "Index Cond": "(movie_id = t.id)"}]}, {"Node Type": "Index Scan", "Parent Relationship": "Inner", "Scan Direction": "Forward", "Index Name": "movie_id_movie_keyword", "Relation Name": "movie_keyword", "Alias": "mk", "Startup Cost": 0.0, "Total Cost": 0.46, "Plan Rows": 8, "Plan Width": 8, "Index Cond": "(movie_id = mc.movie_id)"}]}, {"Node Type": "Index Scan", "Parent Relationship": "Inner", "Scan Direction": "Forward", "Index Name": "keyword_pkey", "Relation Name": "keyword", "Alias": "k", "Startup Cost": 0.0, "Total Cost": 0.27, "Plan Rows": 1, "Plan Width": 4, "Index Cond": "(id = mk.keyword_id)"}]}]}, "Unique SQL Id": 2846462052}, "explain_analyze_plan": {"Plan": {"Node Type": "Aggregate", "Strategy": "Plain", "Startup Cost": 69565.11, "Total Cost": 69565.12, "Plan Rows": 1, "Plan Width": 123, "Actual Min Startup Time": 197.279, "Actual Max Startup Time": 197.279, "Actual Min Total Time": 197.279, "Actual Max Total Time": 197.279, "Actual Total Rows": 1, "Plans": [{"Node Type": "Nested Loop", "Parent Relationship": "Outer", "Join Type": "Inner", "Startup Cost": 0.0, "Total Cost": 69564.44, "Plan Rows": 134, "Plan Width": 59, "Actual Min Startup Time": 87.32, "Actual Max Startup Time": 87.32, "Actual Min Total Time": 196.449, "Actual Max Total Time": 196.449, "Actual Total Rows": 1140, "Inner Unique": true, "Plans": [{"Node Type": "Nested Loop", "Parent Relationship": "Outer", "Join Type": "Inner", "Startup Cost": 0.0, "Total Cost": 69526.83, "Plan Rows": 134, "Plan Width": 63, "Actual Min Startup Time": 87.306, "Actual Max Startup Time": 87.306, "Actual Min Total Time": 191.359, "Actual Max Total Time": 191.359, "Actual Total Rows": 1140, "Inner Unique": false, "Join Filter": "(t.id = mk.movie_id)", "Rows Removed by Join Filter": 0, "Plans": [{"Node Type": "Nested Loop", "Parent Relationship": "Outer", "Join Type": "Inner", "Startup Cost": 0.0, "Total Cost": 69517.27, "Plan Rows": 17, "Plan Width": 75, "Actual Min Startup Time": 86.519, "Actual Max Startup Time": 86.519, "Actual Min Total Time": 189.644, "Actual Max Total Time": 189.644, "Actual Total Rows": 119, "Inner Unique": false, "Plans": [{"Node Type": "Nested Loop", "Parent Relationship": "Outer", "Join Type": "Inner", "Startup Cost": 0.0, "Total Cost": 69513.71, "Plan Rows": 10, "Plan Width": 71, "Actual Min Startup Time": 85.826, "Actual Max Startup Time": 85.826, "Actual Min Total Time": 183.249, "Actual Max Total Time": 183.249, "Actual Total Rows": 1488, "Inner Unique": true, "Plans": [{"Node Type": "Nested Loop", "Parent Relationship": "Outer", "Join Type": "Inner", "Startup Cost": 0.0, "Total Cost": 69510.91, "Plan Rows": 10, "Plan Width": 75, "Actual Min Startup Time": 85.813, "Actual Max Startup Time": 85.813, "Actual Min Total Time": 178.067, "Actual Max Total Time": 178.067, "Actual Total Rows": 2647, "Inner Unique": true, "Plans": [{"Node Type": "Nested Loop", "Parent Relationship": "Outer", "Join Type": "Inner", "Startup Cost": 0.0, "Total Cost": 69507.45, "Plan Rows": 12, "Plan Width": 79, "Actual Min Startup Time": 85.789, "Actual Max Startup Time": 85.789, "Actual Min Total Time": 162.836, "Actual Max Total Time": 162.836, "Actual Total Rows": 2884, "Inner Unique": false, "Plans": [{"Node Type": "Nested Loop", "Parent Relationship": "Outer", "Join Type": "Inner", "Startup Cost": 0.0, "Total Cost": 69505.25, "Plan Rows": 6, "Plan Width": 67, "Actual Min Startup Time": 85.745, "Actual Max Startup Time": 85.745, "Actual Min Total Time": 149.838, "Actual Max Total Time": 149.838, "Actual Total Rows": 1782, "Inner Unique": true, "Plans": [{"Node Type": "Nested Loop", "Parent Relationship": "Outer", "Join Type": "Inner", "Startup Cost": 0.0, "Total Cost": 69472.3, "Plan Rows": 4, "Plan Width": 46, "Actual Min Startup Time": 85.719, "Actual Max Startup Time": 85.719, "Actual Min Total Time": 136.387, "Actual Max Total Time": 136.387, "Actual Total Rows": 1783, "Inner Unique": true, "Plans": [{"Node Type": "Streaming(type: LOCAL GATHER dop: 1/64)", "Parent Relationship": "Outer", "Startup Cost": 0.0, "Total Cost": 69388.27, "Plan Rows": 255, "Plan Width": 50, "Actual Min Startup Time": 85.673, "Actual Max Startup Time": 85.673, "Actual Min Total Time": 131.247, "Actual Max Total Time": 131.247, "Actual Total Rows": 1783, "Plans": [{"Node Type": "Seq Scan", "Parent Relationship": "Outer", "Relation Name": "movie_info", "Alias": "mi", "Startup Cost": 0.0, "Total Cost": 69383.01, "Plan Rows": 255, "Plan Width": 50, "Actual Min Startup Time": 20.098, "Actual Max Startup Time": 28.338, "Actual Min Total Time": 71.781, "Actual Max Total Time": 82.814, "Actual Total Rows": 1783, "Filter": "((info IS NOT NULL) AND ((note)::text ~~ '%internet%'::text) AND (((info)::text ~~ 'USA:% 199%'::text) OR ((info)::text ~~ 'USA:% 200%'::text)))", "Rows Removed by Filter": 14833936}]}, {"Node Type": "Index Scan", "Parent Relationship": "Inner", "Scan Direction": "Forward", "Index Name": "info_type_pkey", "Relation Name": "info_type", "Alias": "it1", "Startup Cost": 0.0, "Total Cost": 0.32, "Plan Rows": 1, "Plan Width": 4, "Actual Min Startup Time": 3.301, "Actual Max Startup Time": 3.301, "Actual Min Total Time": 3.301, "Actual Max Total Time": 3.301, "Actual Total Rows": 1783, "Index Cond": "(id = mi.info_type_id)", "Rows Removed by Index Recheck": 0, "Filter": "((info)::text = 'release dates'::text)", "Rows Removed by Filter": 0}]}, {"Node Type": "Index Scan", "Parent Relationship": "Inner", "Scan Direction": "Forward", "Index Name": "title_pkey", "Relation Name": "title", "Alias": "t", "Startup Cost": 0.0, "Total Cost": 8.23, "Plan Rows": 1, "Plan Width": 21, "Actual Min Startup Time": 11.607, "Actual Max Startup Time": 11.607, "Actual Min Total Time": 11.607, "Actual Max Total Time": 11.607, "Actual Total Rows": 1782, "Index Cond": "(id = mi.movie_id)", "Rows Removed by Index Recheck": 0, "Filter": "(production_year > 1990)", "Rows Removed by Filter": 1}]}, {"Node Type": "Index Scan", "Parent Relationship": "Inner", "Scan Direction": "Forward", "Index Name": "movie_id_movie_companies", "Relation Name": "movie_companies", "Alias": "mc", "Startup Cost": 0.0, "Total Cost": 0.35, "Plan Rows": 2, "Plan Width": 12, "Actual Min Startup Time": 8.911, "Actual Max Startup Time": 8.911, "Actual Min Total Time": 11.304, "Actual Max Total Time": 11.304, "Actual Total Rows": 2884, "Index Cond": "(movie_id = t.id)", "Rows Removed by Index Recheck": 0}]}, {"Node Type": "Index Scan", "Parent Relationship": "Inner", "Scan Direction": "Forward", "Index Name": "company_name_pkey", "Relation Name": "company_name", "Alias": "cn", "Startup Cost": 0.0, "Total Cost": 0.28, "Plan Rows": 1, "Plan Width": 4, "Actual Min Startup Time": 12.752, "Actual Max Startup Time": 12.752, "Actual Min Total Time": 12.752, "Actual Max Total Time": 12.752, "Actual Total Rows": 2647, "Index Cond": "(id = mc.company_id)", "Rows Removed by Index Recheck": 0, "Filter": "((country_code)::text = '[us]'::text)", "Rows Removed by Filter": 237}]}, {"Node Type": "Index Scan", "Parent Relationship": "Inner", "Scan Direction": "Forward", "Index Name": "company_type_pkey", "Relation Name": "company_type", "Alias": "ct", "Startup Cost": 0.0, "Total Cost": 0.27, "Plan Rows": 1, "Plan Width": 4, "Actual Min Startup Time": 3.186, "Actual Max Startup Time": 3.186, "Actual Min Total Time": 3.186, "Actual Max Total Time": 3.186, "Actual Total Rows": 1488, "Index Cond": "(id = mc.company_type_id)", "Rows Removed by Index Recheck": 0}]}, {"Node Type": "Index Scan", "Parent Relationship": "Inner", "Scan Direction": "Forward", "Index Name": "movie_id_aka_title", "Relation Name": "aka_title", "Alias": "at", "Startup Cost": 0.0, "Total Cost": 0.33, "Plan Rows": 3, "Plan Width": 4, "Actual Min Startup Time": 5.492, "Actual Max Startup Time": 5.492, "Actual Min Total Time": 5.596, "Actual Max Total Time": 5.596, "Actual Total Rows": 119, "Index Cond": "(movie_id = t.id)", "Rows Removed by Index Recheck": 0}]}, {"Node Type": "Index Scan", "Parent Relationship": "Inner", "Scan Direction": "Forward", "Index Name": "movie_id_movie_keyword", "Relation Name": "movie_keyword", "Alias": "mk", "Startup Cost": 0.0, "Total Cost": 0.46, "Plan Rows": 8, "Plan Width": 8, "Actual Min Startup Time": 0.649, "Actual Max Startup Time": 0.649, "Actual Min Total Time": 1.142, "Actual Max Total Time": 1.142, "Actual Total Rows": 1140, "Index Cond": "(movie_id = mc.movie_id)", "Rows Removed by Index Recheck": 0}]}, {"Node Type": "Index Scan", "Parent Relationship": "Inner", "Scan Direction": "Forward", "Index Name": "keyword_pkey", "Relation Name": "keyword", "Alias": "k", "Startup Cost": 0.0, "Total Cost": 0.27, "Plan Rows": 1, "Plan Width": 4, "Actual Min Startup Time": 4.156, "Actual Max Startup Time": 4.156, "Actual Min Total Time": 4.156, "Actual Max Total Time": 4.156, "Actual Total Rows": 1140, "Index Cond": "(id = mk.keyword_id)", "Rows Removed by Index Recheck": 0}]}]}, "Triggers": [], "Planner Runtime": 230.882, "Total Runtime": 208.754, "Unique SQL Id": 2846462052}}, "(64, 69)": {"explain_plan": {"Plan": {"Node Type": "Aggregate", "Strategy": "Plain", "Startup Cost": 165048.91, "Total Cost": 165048.92, "Plan Rows": 1, "Plan Width": 123, "Plans": [{"Node Type": "Nested Loop", "Parent Relationship": "Outer", "Join Type": "Inner", "Startup Cost": 4841.46, "Total Cost": 165048.24, "Plan Rows": 134, "Plan Width": 59, "Inner Unique": true, "Plans": [{"Node Type": "Nested Loop", "Parent Relationship": "Outer", "Join Type": "Inner", "Startup Cost": 4841.46, "Total Cost": 165010.63, "Plan Rows": 134, "Plan Width": 63, "Inner Unique": false, "Join Filter": "(t.id = mk.movie_id)", "Plans": [{"Node Type": "Nested Loop", "Parent Relationship": "Outer", "Join Type": "Inner", "Startup Cost": 4841.46, "Total Cost": 165001.07, "Plan Rows": 17, "Plan Width": 75, "Inner Unique": false, "Plans": [{"Node Type": "Nested Loop", "Parent Relationship": "Outer", "Join Type": "Inner", "Startup Cost": 4841.46, "Total Cost": 164997.5, "Plan Rows": 10, "Plan Width": 71, "Inner Unique": true, "Plans": [{"Node Type": "Nested Loop", "Parent Relationship": "Outer", "Join Type": "Inner", "Startup Cost": 4841.46, "Total Cost": 164994.7, "Plan Rows": 10, "Plan Width": 75, "Inner Unique": true, "Plans": [{"Node Type": "Nested Loop", "Parent Relationship": "Outer", "Join Type": "Inner", "Startup Cost": 4841.46, "Total Cost": 164991.25, "Plan Rows": 12, "Plan Width": 79, "Inner Unique": false, "Plans": [{"Node Type": "Nested Loop", "Parent Relationship": "Outer", "Join Type": "Inner", "Startup Cost": 4841.46, "Total Cost": 164989.04, "Plan Rows": 6, "Plan Width": 67, "Inner Unique": true, "Plans": [{"Node Type": "Nested Loop", "Parent Relationship": "Outer", "Join Type": "Inner", "Startup Cost": 4841.46, "Total Cost": 164956.1, "Plan Rows": 4, "Plan Width": 46, "Inner Unique": false, "Plans": [{"Node Type": "Index Scan", "Parent Relationship": "Outer", "Scan Direction": "Forward", "Index Name": "info_type_pkey", "Relation Name": "info_type", "Alias": "it1", "Startup Cost": 0.0, "Total Cost": 14.21, "Plan Rows": 1, "Plan Width": 4, "Filter": "((info)::text = 'release dates'::text)"}, {"Node Type": "Bitmap Heap Scan", "Parent Relationship": "Inner", "Relation Name": "movie_info", "Alias": "mi", "Startup Cost": 4841.46, "Total Cost": 164941.85, "Plan Rows": 4, "Plan Width": 50, "Recheck Cond": "(info_type_id = it1.id)", "Filter": "((info IS NOT NULL) AND ((note)::text ~~ '%internet%'::text) AND (((info)::text ~~ 'USA:% 199%'::text) OR ((info)::text ~~ 'USA:% 200%'::text)))", "Plans": [{"Node Type": "Bitmap Index Scan", "Parent Relationship": "Outer", "Index Name": "info_type_id_movie_info", "Startup Cost": 0.0, "Total Cost": 4841.46, "Plan Rows": 212428, "Plan Width": 0, "Index Cond": "(info_type_id = it1.id)"}]}]}, {"Node Type": "Index Scan", "Parent Relationship": "Inner", "Scan Direction": "Forward", "Index Name": "title_pkey", "Relation Name": "title", "Alias": "t", "Startup Cost": 0.0, "Total Cost": 8.23, "Plan Rows": 1, "Plan Width": 21, "Index Cond": "(id = mi.movie_id)", "Filter": "(production_year > 1990)"}]}, {"Node Type": "Index Scan", "Parent Relationship": "Inner", "Scan Direction": "Forward", "Index Name": "movie_id_movie_companies", "Relation Name": "movie_companies", "Alias": "mc", "Startup Cost": 0.0, "Total Cost": 0.35, "Plan Rows": 2, "Plan Width": 12, "Index Cond": "(movie_id = t.id)"}]}, {"Node Type": "Index Scan", "Parent Relationship": "Inner", "Scan Direction": "Forward", "Index Name": "company_name_pkey", "Relation Name": "company_name", "Alias": "cn", "Startup Cost": 0.0, "Total Cost": 0.28, "Plan Rows": 1, "Plan Width": 4, "Index Cond": "(id = mc.company_id)", "Filter": "((country_code)::text = '[us]'::text)"}]}, {"Node Type": "Index Scan", "Parent Relationship": "Inner", "Scan Direction": "Forward", "Index Name": "company_type_pkey", "Relation Name": "company_type", "Alias": "ct", "Startup Cost": 0.0, "Total Cost": 0.27, "Plan Rows": 1, "Plan Width": 4, "Index Cond": "(id = mc.company_type_id)"}]}, {"Node Type": "Index Scan", "Parent Relationship": "Inner", "Scan Direction": "Forward", "Index Name": "movie_id_aka_title", "Relation Name": "aka_title", "Alias": "at", "Startup Cost": 0.0, "Total Cost": 0.33, "Plan Rows": 3, "Plan Width": 4, "Index Cond": "(movie_id = t.id)"}]}, {"Node Type": "Index Scan", "Parent Relationship": "Inner", "Scan Direction": "Forward", "Index Name": "movie_id_movie_keyword", "Relation Name": "movie_keyword", "Alias": "mk", "Startup Cost": 0.0, "Total Cost": 0.46, "Plan Rows": 8, "Plan Width": 8, "Index Cond": "(movie_id = mc.movie_id)"}]}, {"Node Type": "Index Scan", "Parent Relationship": "Inner", "Scan Direction": "Forward", "Index Name": "keyword_pkey", "Relation Name": "keyword", "Alias": "k", "Startup Cost": 0.0, "Total Cost": 0.27, "Plan Rows": 1, "Plan Width": 4, "Index Cond": "(id = mk.keyword_id)"}]}]}, "Unique SQL Id": 2846462052}, "explain_analyze_plan": null}, "(64, 70)": {"explain_plan": {"Plan": {"Node Type": "Aggregate", "Strategy": "Plain", "Startup Cost": 70517.86, "Total Cost": 70517.87, "Plan Rows": 1, "Plan Width": 123, "Plans": [{"Node Type": "Nested Loop", "Parent Relationship": "Outer", "Join Type": "Inner", "Startup Cost": 7.95, "Total Cost": 70517.19, "Plan Rows": 134, "Plan Width": 59, "Inner Unique": true, "Join Filter": "(at.movie_id = t.id)", "Plans": [{"Node Type": "Nested Loop", "Parent Relationship": "Outer", "Join Type": "Inner", "Startup Cost": 7.68, "Total Cost": 70100.73, "Plan Rows": 97, "Plan Width": 58, "Inner Unique": true, "Plans": [{"Node Type": "Nested Loop", "Parent Relationship": "Outer", "Join Type": "Inner", "Startup Cost": 7.43, "Total Cost": 69685.54, "Plan Rows": 97, "Plan Width": 62, "Inner Unique": false, "Join Filter": "(at.movie_id = mk.movie_id)", "Plans": [{"Node Type": "Nested Loop", "Parent Relationship": "Outer", "Join Type": "Inner", "Startup Cost": 7.09, "Total Cost": 69631.09, "Plan Rows": 12, "Plan Width": 54, "Inner Unique": true, "Plans": [{"Node Type": "Nested Loop", "Parent Relationship": "Outer", "Join Type": "Inner", "Startup Cost": 6.83, "Total Cost": 69579.72, "Plan Rows": 12, "Plan Width": 58, "Inner Unique": true, "Plans": [{"Node Type": "Nested Loop", "Parent Relationship": "Outer", "Join Type": "Inner", "Startup Cost": 6.57, "Total Cost": 69494.05, "Plan Rows": 20, "Plan Width": 62, "Inner Unique": false, "Plans": [{"Node Type": "Nested Loop", "Parent Relationship": "Outer", "Join Type": "Inner", "Startup Cost": 6.2, "Total Cost": 69454.31, "Plan Rows": 9, "Plan Width": 50, "Inner Unique": false, "Plans": [{"Node Type": "Hash Join", "Parent Relationship": "Outer", "Join Type": "Inner", "Startup Cost": 2.41, "Total Cost": 69391.68, "Plan Rows": 4, "Plan Width": 46, "Inner Unique": true, "Hash Cond": "(mi.info_type_id = it1.id)", "Plans": [{"Node Type": "Streaming(type: LOCAL GATHER dop: 1/64)", "Parent Relationship": "Outer", "Startup Cost": 0.0, "Total Cost": 69388.27, "Plan Rows": 255, "Plan Width": 50, "Plans": [{"Node Type": "Seq Scan", "Parent Relationship": "Outer", "Relation Name": "movie_info", "Alias": "mi", "Startup Cost": 0.0, "Total Cost": 69383.01, "Plan Rows": 255, "Plan Width": 50, "Filter": "((info IS NOT NULL) AND ((note)::text ~~ '%internet%'::text) AND (((info)::text ~~ 'USA:% 199%'::text) OR ((info)::text ~~ 'USA:% 200%'::text)))"}]}, {"Node Type": "Hash", "Parent Relationship": "Inner", "Startup Cost": 2.4, "Total Cost": 2.4, "Plan Rows": 1, "Plan Width": 4, "Plans": [{"Node Type": "Seq Scan", "Parent Relationship": "Outer", "Relation Name": "info_type", "Alias": "it1", "Startup Cost": 0.0, "Total Cost": 2.4, "Plan Rows": 1, "Plan Width": 4, "Filter": "((info)::text = 'release dates'::text)"}]}]}, {"Node Type": "Bitmap Heap Scan", "Parent Relationship": "Inner", "Relation Name": "aka_title", "Alias": "at", "Startup Cost": 3.79, "Total Cost": 15.63, "Plan Rows": 3, "Plan Width": 4, "Recheck Cond": "(movie_id = mi.movie_id)", "Plans": [{"Node Type": "Bitmap Index Scan", "Parent Relationship": "Outer", "Index Name": "movie_id_aka_title", "Startup Cost": 0.0, "Total Cost": 3.79, "Plan Rows": 3, "Plan Width": 0, "Index Cond": "(movie_id = mi.movie_id)"}]}]}, {"Node Type": "Bitmap Heap Scan", "Parent Relationship": "Inner", "Relation Name": "movie_companies", "Alias": "mc", "Startup Cost": 0.37, "Total Cost": 4.4, "Plan Rows": 2, "Plan Width": 12, "Recheck Cond": "(movie_id = at.movie_id)", "Plans": [{"Node Type": "Bitmap Index Scan", "Parent Relationship": "Outer", "Index Name": "movie_id_movie_companies", "Startup Cost": 0.0, "Total Cost": 0.37, "Plan Rows": 2, "Plan Width": 0, "Index Cond": "(movie_id = at.movie_id)"}]}]}, {"Node Type": "Bitmap Heap Scan", "Parent Relationship": "Inner", "Relation Name": "company_name", "Alias": "cn", "Startup Cost": 0.26, "Total Cost": 4.27, "Plan Rows": 1, "Plan Width": 4, "Recheck Cond": "(id = mc.company_id)", "Filter": "((country_code)::text = '[us]'::text)", "Plans": [{"Node Type": "Bitmap Index Scan", "Parent Relationship": "Outer", "Index Name": "company_name_pkey", "Startup Cost": 0.0, "Total Cost": 0.26, "Plan Rows": 1, "Plan Width": 0, "Index Cond": "(id = mc.company_id)"}]}]}, {"Node Type": "Bitmap Heap Scan", "Parent Relationship": "Inner", "Relation Name": "company_type", "Alias": "ct", "Startup Cost": 0.26, "Total Cost": 4.27, "Plan Rows": 1, "Plan Width": 4, "Recheck Cond": "(id = mc.company_type_id)", "Plans": [{"Node Type": "Bitmap Index Scan", "Parent Relationship": "Outer", "Index Name": "company_type_pkey", "Startup Cost": 0.0, "Total Cost": 0.26, "Plan Rows": 1, "Plan Width": 0, "Index Cond": "(id = mc.company_type_id)"}]}]}, {"Node Type": "Bitmap Heap Scan", "Parent Relationship": "Inner", "Relation Name": "movie_keyword", "Alias": "mk", "Startup Cost": 0.34, "Total Cost": 4.44, "Plan Rows": 8, "Plan Width": 8, "Recheck Cond": "(movie_id = mc.movie_id)", "Plans": [{"Node Type": "Bitmap Index Scan", "Parent Relationship": "Outer", "Index Name": "movie_id_movie_keyword", "Startup Cost": 0.0, "Total Cost": 0.34, "Plan Rows": 8, "Plan Width": 0, "Index Cond": "(movie_id = mc.movie_id)"}]}]}, {"Node Type": "Bitmap Heap Scan", "Parent Relationship": "Inner", "Relation Name": "keyword", "Alias": "k", "Startup Cost": 0.26, "Total Cost": 4.27, "Plan Rows": 1, "Plan Width": 4, "Recheck Cond": "(id = mk.keyword_id)", "Plans": [{"Node Type": "Bitmap Index Scan", "Parent Relationship": "Outer", "Index Name": "keyword_pkey", "Startup Cost": 0.0, "Total Cost": 0.26, "Plan Rows": 1, "Plan Width": 0, "Index Cond": "(id = mk.keyword_id)"}]}]}, {"Node Type": "Bitmap Heap Scan", "Parent Relationship": "Inner", "Relation Name": "title", "Alias": "t", "Startup Cost": 0.27, "Total Cost": 4.28, "Plan Rows": 1, "Plan Width": 21, "Recheck Cond": "(id = mk.movie_id)", "Filter": "(production_year > 1990)", "Plans": [{"Node Type": "Bitmap Index Scan", "Parent Relationship": "Outer", "Index Name": "title_pkey", "Startup Cost": 0.0, "Total Cost": 0.27, "Plan Rows": 1, "Plan Width": 0, "Index Cond": "(id = mk.movie_id)"}]}]}]}, "Unique SQL Id": 2846462052}, "explain_analyze_plan": {"Plan": {"Node Type": "Aggregate", "Strategy": "Plain", "Startup Cost": 70517.86, "Total Cost": 70517.87, "Plan Rows": 1, "Plan Width": 123, "Actual Min Startup Time": 207.914, "Actual Max Startup Time": 207.914, "Actual Min Total Time": 207.914, "Actual Max Total Time": 207.914, "Actual Total Rows": 1, "Plans": [{"Node Type": "Nested Loop", "Parent Relationship": "Outer", "Join Type": "Inner", "Startup Cost": 7.95, "Total Cost": 70517.19, "Plan Rows": 134, "Plan Width": 59, "Actual Min Startup Time": 136.307, "Actual Max Startup Time": 136.307, "Actual Min Total Time": 206.937, "Actual Max Total Time": 206.937, "Actual Total Rows": 1140, "Inner Unique": true, "Join Filter": "(at.movie_id = t.id)", "Rows Removed by Join Filter": 0, "Plans": [{"Node Type": "Nested Loop", "Parent Relationship": "Outer", "Join Type": "Inner", "Startup Cost": 7.68, "Total Cost": 70100.73, "Plan Rows": 97, "Plan Width": 58, "Actual Min Startup Time": 136.267, "Actual Max Startup Time": 136.267, "Actual Min Total Time": 200.505, "Actual Max Total Time": 200.505, "Actual Total Rows": 1140, "Inner Unique": true, "Plans": [{"Node Type": "Nested Loop", "Parent Relationship": "Outer", "Join Type": "Inner", "Startup Cost": 7.43, "Total Cost": 69685.54, "Plan Rows": 97, "Plan Width": 62, "Actual Min Startup Time": 136.246, "Actual Max Startup Time": 136.246, "Actual Min Total Time": 193.423, "Actual Max Total Time": 193.423, "Actual Total Rows": 1140, "Inner Unique": false, "Join Filter": "(at.movie_id = mk.movie_id)", "Rows Removed by Join Filter": 0, "Plans": [{"Node Type": "Nested Loop", "Parent Relationship": "Outer", "Join Type": "Inner", "Startup Cost": 7.09, "Total Cost": 69631.09, "Plan Rows": 12, "Plan Width": 54, "Actual Min Startup Time": 136.22, "Actual Max Startup Time": 136.22, "Actual Min Total Time": 191.669, "Actual Max Total Time": 191.669, "Actual Total Rows": 119, "Inner Unique": true, "Plans": [{"Node Type": "Nested Loop", "Parent Relationship": "Outer", "Join Type": "Inner", "Startup Cost": 6.83, "Total Cost": 69579.72, "Plan Rows": 12, "Plan Width": 58, "Actual Min Startup Time": 136.183, "Actual Max Startup Time": 136.183, "Actual Min Total Time": 190.719, "Actual Max Total Time": 190.719, "Actual Total Rows": 284, "Inner Unique": true, "Plans": [{"Node Type": "Nested Loop", "Parent Relationship": "Outer", "Join Type": "Inner", "Startup Cost": 6.57, "Total Cost": 69494.05, "Plan Rows": 20, "Plan Width": 62, "Actual Min Startup Time": 136.153, "Actual Max Startup Time": 136.153, "Actual Min Total Time": 187.857, "Actual Max Total Time": 187.857, "Actual Total Rows": 400, "Inner Unique": false, "Plans": [{"Node Type": "Nested Loop", "Parent Relationship": "Outer", "Join Type": "Inner", "Startup Cost": 6.2, "Total Cost": 69454.31, "Plan Rows": 9, "Plan Width": 50, "Actual Min Startup Time": 136.121, "Actual Max Startup Time": 136.121, "Actual Min Total Time": 185.971, "Actual Max Total Time": 185.971, "Actual Total Rows": 120, "Inner Unique": false, "Plans": [{"Node Type": "Hash Join", "Parent Relationship": "Outer", "Join Type": "Inner", "Startup Cost": 2.41, "Total Cost": 69391.68, "Plan Rows": 4, "Plan Width": 46, "Actual Min Startup Time": 135.859, "Actual Max Startup Time": 135.859, "Actual Min Total Time": 176.285, "Actual Max Total Time": 176.285, "Actual Total Rows": 1783, "Inner Unique": true, "Hash Cond": "(mi.info_type_id = it1.id)", "Plans": [{"Node Type": "Streaming(type: LOCAL GATHER dop: 1/64)", "Parent Relationship": "Outer", "Startup Cost": 0.0, "Total Cost": 69388.27, "Plan Rows": 255, "Plan Width": 50, "Actual Min Startup Time": 135.65, "Actual Max Startup Time": 135.65, "Actual Min Total Time": 175.014, "Actual Max Total Time": 175.014, "Actual Total Rows": 1783, "Plans": [{"Node Type": "Seq Scan", "Parent Relationship": "Outer", "Relation Name": "movie_info", "Alias": "mi", "Startup Cost": 0.0, "Total Cost": 69383.01, "Plan Rows": 255, "Plan Width": 50, "Actual Min Startup Time": 20.119, "Actual Max Startup Time": 46.234, "Actual Min Total Time": 72.278, "Actual Max Total Time": 109.25, "Actual Total Rows": 1783, "Filter": "((info IS NOT NULL) AND ((note)::text ~~ '%internet%'::text) AND (((info)::text ~~ 'USA:% 199%'::text) OR ((info)::text ~~ 'USA:% 200%'::text)))", "Rows Removed by Filter": 14833936}]}, {"Node Type": "Hash", "Parent Relationship": "Inner", "Startup Cost": 2.4, "Total Cost": 2.4, "Plan Rows": 1, "Plan Width": 4, "Actual Min Startup Time": 0.107, "Actual Max Startup Time": 0.107, "Actual Min Total Time": 0.107, "Actual Max Total Time": 0.107, "Actual Total Rows": 1, "Max Hash Buckets": 32768, "Min Hash Buckets": 32768, "Max Hash Batches": 1, "Min Hash Batches": 1, "Max Original Hash Batches": 1, "Min Original Hash Batches": 1, "Max Peak Memory Usage": 1, "min Peak Memory Usage": 1, "Plans": [{"Node Type": "Seq Scan", "Parent Relationship": "Outer", "Relation Name": "info_type", "Alias": "it1", "Startup Cost": 0.0, "Total Cost": 2.4, "Plan Rows": 1, "Plan Width": 4, "Actual Min Startup Time": 0.071, "Actual Max Startup Time": 0.071, "Actual Min Total Time": 0.092, "Actual Max Total Time": 0.092, "Actual Total Rows": 1, "Filter": "((info)::text = 'release dates'::text)", "Rows Removed by Filter": 111}]}]}, {"Node Type": "Bitmap Heap Scan", "Parent Relationship": "Inner", "Relation Name": "aka_title", "Alias": "at", "Startup Cost": 3.79, "Total Cost": 15.63, "Plan Rows": 3, "Plan Width": 4, "Actual Min Startup Time": 7.614, "Actual Max Startup Time": 7.614, "Actual Min Total Time": 7.716, "Actual Max Total Time": 7.716, "Actual Total Rows": 120, "Recheck Cond": "(movie_id = mi.movie_id)", "Rows Removed by Index Recheck": 0, "Exact Heap Blocks": 120, "Lossy Heap Blocks": 120, "Plans": [{"Node Type": "Bitmap Index Scan", "Parent Relationship": "Outer", "Index Name": "movie_id_aka_title", "Startup Cost": 0.0, "Total Cost": 3.79, "Plan Rows": 3, "Plan Width": 0, "Actual Min Startup Time": 6.547, "Actual Max Startup Time": 6.547, "Actual Min Total Time": 6.547, "Actual Max Total Time": 6.547, "Actual Total Rows": 120, "Index Cond": "(movie_id = mi.movie_id)"}]}]}, {"Node Type": "Bitmap Heap Scan", "Parent Relationship": "Inner", "Relation Name": "movie_companies", "Alias": "mc", "Startup Cost": 0.37, "Total Cost": 4.4, "Plan Rows": 2, "Plan Width": 12, "Actual Min Startup Time": 1.282, "Actual Max Startup Time": 1.282, "Actual Min Total Time": 1.549, "Actual Max Total Time": 1.549, "Actual Total Rows": 400, "Recheck Cond": "(movie_id = at.movie_id)", "Rows Removed by Index Recheck": 0, "Exact Heap Blocks": 214, "Lossy Heap Blocks": 214, "Plans": [{"Node Type": "Bitmap Index Scan", "Parent Relationship": "Outer", "Index Name": "movie_id_movie_companies", "Startup Cost": 0.0, "Total Cost": 0.37, "Plan Rows": 2, "Plan Width": 0, "Actual Min Startup Time": 0.819, "Actual Max Startup Time": 0.819, "Actual Min Total Time": 0.819, "Actual Max Total Time": 0.819, "Actual Total Rows": 400, "Index Cond": "(movie_id = at.movie_id)"}]}]}, {"Node Type": "Bitmap Heap Scan", "Parent Relationship": "Inner", "Relation Name": "company_name", "Alias": "cn", "Startup Cost": 0.26, "Total Cost": 4.27, "Plan Rows": 1, "Plan Width": 4, "Actual Min Startup Time": 2.327, "Actual Max Startup Time": 2.327, "Actual Min Total Time": 2.327, "Actual Max Total Time": 2.327, "Actual Total Rows": 284, "Recheck Cond": "(id = mc.company_id)", "Rows Removed by Index Recheck": 0, "Filter": "((country_code)::text = '[us]'::text)", "Rows Removed by Filter": 116, "Exact Heap Blocks": 400, "Lossy Heap Blocks": 400, "Plans": [{"Node Type": "Bitmap Index Scan", "Parent Relationship": "Outer", "Index Name": "company_name_pkey", "Startup Cost": 0.0, "Total Cost": 0.26, "Plan Rows": 1, "Plan Width": 0, "Actual Min Startup Time": 1.357, "Actual Max Startup Time": 1.357, "Actual Min Total Time": 1.357, "Actual Max Total Time": 1.357, "Actual Total Rows": 400, "Index Cond": "(id = mc.company_id)"}]}]}, {"Node Type": "Bitmap Heap Scan", "Parent Relationship": "Inner", "Relation Name": "company_type", "Alias": "ct", "Startup Cost": 0.26, "Total Cost": 4.27, "Plan Rows": 1, "Plan Width": 4, "Actual Min Startup Time": 0.545, "Actual Max Startup Time": 0.545, "Actual Min Total Time": 0.545, "Actual Max Total Time": 0.545, "Actual Total Rows": 119, "Recheck Cond": "(id = mc.company_type_id)", "Rows Removed by Index Recheck": 0, "Exact Heap Blocks": 119, "Lossy Heap Blocks": 119, "Plans": [{"Node Type": "Bitmap Index Scan", "Parent Relationship": "Outer", "Index Name": "company_type_pkey", "Startup Cost": 0.0, "Total Cost": 0.26, "Plan Rows": 1, "Plan Width": 0, "Actual Min Startup Time": 0.253, "Actual Max Startup Time": 0.253, "Actual Min Total Time": 0.253, "Actual Max Total Time": 0.253, "Actual Total Rows": 119, "Index Cond": "(id = mc.company_type_id)"}]}]}, {"Node Type": "Bitmap Heap Scan", "Parent Relationship": "Inner", "Relation Name": "movie_keyword", "Alias": "mk", "Startup Cost": 0.34, "Total Cost": 4.44, "Plan Rows": 8, "Plan Width": 8, "Actual Min Startup Time": 0.97, "Actual Max Startup Time": 0.97, "Actual Min Total Time": 1.158, "Actual Max Total Time": 1.158, "Actual Total Rows": 1140, "Recheck Cond": "(movie_id = mc.movie_id)", "Rows Removed by Index Recheck": 0, "Exact Heap Blocks": 91, "Lossy Heap Blocks": 91, "Plans": [{"Node Type": "Bitmap Index Scan", "Parent Relationship": "Outer", "Index Name": "movie_id_movie_keyword", "Startup Cost": 0.0, "Total Cost": 0.34, "Plan Rows": 8, "Plan Width": 0, "Actual Min Startup Time": 0.596, "Actual Max Startup Time": 0.596, "Actual Min Total Time": 0.596, "Actual Max Total Time": 0.596, "Actual Total Rows": 1140, "Index Cond": "(movie_id = mc.movie_id)"}]}]}, {"Node Type": "Bitmap Heap Scan", "Parent Relationship": "Inner", "Relation Name": "keyword", "Alias": "k", "Startup Cost": 0.26, "Total Cost": 4.27, "Plan Rows": 1, "Plan Width": 4, "Actual Min Startup Time": 5.478, "Actual Max Startup Time": 5.478, "Actual Min Total Time": 5.478, "Actual Max Total Time": 5.478, "Actual Total Rows": 1140, "Recheck Cond": "(id = mk.keyword_id)", "Rows Removed by Index Recheck": 0, "Exact Heap Blocks": 1140, "Lossy Heap Blocks": 1140, "Plans": [{"Node Type": "Bitmap Index Scan", "Parent Relationship": "Outer", "Index Name": "keyword_pkey", "Startup Cost": 0.0, "Total Cost": 0.26, "Plan Rows": 1, "Plan Width": 0, "Actual Min Startup Time": 3.345, "Actual Max Startup Time": 3.345, "Actual Min Total Time": 3.345, "Actual Max Total Time": 3.345, "Actual Total Rows": 1140, "Index Cond": "(id = mk.keyword_id)"}]}]}, {"Node Type": "Bitmap Heap Scan", "Parent Relationship": "Inner", "Relation Name": "title", "Alias": "t", "Startup Cost": 0.27, "Total Cost": 4.28, "Plan Rows": 1, "Plan Width": 21, "Actual Min Startup Time": 4.786, "Actual Max Startup Time": 4.786, "Actual Min Total Time": 4.786, "Actual Max Total Time": 4.786, "Actual Total Rows": 1140, "Recheck Cond": "(id = mk.movie_id)", "Rows Removed by Index Recheck": 0, "Filter": "(production_year > 1990)", "Rows Removed by Filter": 0, "Exact Heap Blocks": 1140, "Lossy Heap Blocks": 1140, "Plans": [{"Node Type": "Bitmap Index Scan", "Parent Relationship": "Outer", "Index Name": "title_pkey", "Startup Cost": 0.0, "Total Cost": 0.27, "Plan Rows": 1, "Plan Width": 0, "Actual Min Startup Time": 2.907, "Actual Max Startup Time": 2.907, "Actual Min Total Time": 2.907, "Actual Max Total Time": 2.907, "Actual Total Rows": 1140, "Index Cond": "(id = mk.movie_id)"}]}]}]}, "Triggers": [], "Planner Runtime": 219.914, "Total Runtime": 220.286, "Unique SQL Id": 2846462052}}, "(64, 71)": {"explain_plan": {"Plan": {"Node Type": "Aggregate", "Strategy": "Plain", "Startup Cost": 166082.29, "Total Cost": 166082.3, "Plan Rows": 1, "Plan Width": 123, "Plans": [{"Node Type": "Nested Loop", "Parent Relationship": "Outer", "Join Type": "Inner", "Startup Cost": 4855.81, "Total Cost": 166081.62, "Plan Rows": 134, "Plan Width": 59, "Inner Unique": true, "Join Filter": "(at.movie_id = t.id)", "Plans": [{"Node Type": "Nested Loop", "Parent Relationship": "Outer", "Join Type": "Inner", "Startup Cost": 4855.54, "Total Cost": 165665.15, "Plan Rows": 97, "Plan Width": 58, "Inner Unique": true, "Plans": [{"Node Type": "Nested Loop", "Parent Relationship": "Outer", "Join Type": "Inner", "Startup Cost": 4855.28, "Total Cost": 165249.97, "Plan Rows": 97, "Plan Width": 62, "Inner Unique": false, "Join Filter": "(at.movie_id = mk.movie_id)", "Plans": [{"Node Type": "Nested Loop", "Parent Relationship": "Outer", "Join Type": "Inner", "Startup Cost": 4854.95, "Total Cost": 165195.51, "Plan Rows": 12, "Plan Width": 54, "Inner Unique": true, "Plans": [{"Node Type": "Nested Loop", "Parent Relationship": "Outer", "Join Type": "Inner", "Startup Cost": 4854.69, "Total Cost": 165144.15, "Plan Rows": 12, "Plan Width": 58, "Inner Unique": true, "Plans": [{"Node Type": "Nested Loop", "Parent Relationship": "Outer", "Join Type": "Inner", "Startup Cost": 4854.43, "Total Cost": 165058.48, "Plan Rows": 20, "Plan Width": 62, "Inner Unique": false, "Plans": [{"Node Type": "Nested Loop", "Parent Relationship": "Outer", "Join Type": "Inner", "Startup Cost": 4854.06, "Total Cost": 165018.73, "Plan Rows": 9, "Plan Width": 50, "Inner Unique": false, "Plans": [{"Node Type": "Nested Loop", "Parent Relationship": "Outer", "Join Type": "Inner", "Startup Cost": 4850.27, "Total Cost": 164956.1, "Plan Rows": 4, "Plan Width": 46, "Inner Unique": false, "Plans": [{"Node Type": "Bitmap Heap Scan", "Parent Relationship": "Outer", "Relation Name": "info_type", "Alias": "it1", "Startup Cost": 8.81, "Total Cost": 14.21, "Plan Rows": 1, "Plan Width": 4, "Filter": "((info)::text = 'release dates'::text)", "Plans": [{"Node Type": "Bitmap Index Scan", "Parent Relationship": "Outer", "Index Name": "info_type_pkey", "Startup Cost": 0.0, "Total Cost": 8.81, "Plan Rows": 112, "Plan Width": 0}]}, {"Node Type": "Bitmap Heap Scan", "Parent Relationship": "Inner", "Relation Name": "movie_info", "Alias": "mi", "Startup Cost": 4841.46, "Total Cost": 164941.85, "Plan Rows": 4, "Plan Width": 50, "Recheck Cond": "(info_type_id = it1.id)", "Filter": "((info IS NOT NULL) AND ((note)::text ~~ '%internet%'::text) AND (((info)::text ~~ 'USA:% 199%'::text) OR ((info)::text ~~ 'USA:% 200%'::text)))", "Plans": [{"Node Type": "Bitmap Index Scan", "Parent Relationship": "Outer", "Index Name": "info_type_id_movie_info", "Startup Cost": 0.0, "Total Cost": 4841.46, "Plan Rows": 212428, "Plan Width": 0, "Index Cond": "(info_type_id = it1.id)"}]}]}, {"Node Type": "Bitmap Heap Scan", "Parent Relationship": "Inner", "Relation Name": "aka_title", "Alias": "at", "Startup Cost": 3.79, "Total Cost": 15.63, "Plan Rows": 3, "Plan Width": 4, "Recheck Cond": "(movie_id = mi.movie_id)", "Plans": [{"Node Type": "Bitmap Index Scan", "Parent Relationship": "Outer", "Index Name": "movie_id_aka_title", "Startup Cost": 0.0, "Total Cost": 3.79, "Plan Rows": 3, "Plan Width": 0, "Index Cond": "(movie_id = mi.movie_id)"}]}]}, {"Node Type": "Bitmap Heap Scan", "Parent Relationship": "Inner", "Relation Name": "movie_companies", "Alias": "mc", "Startup Cost": 0.37, "Total Cost": 4.4, "Plan Rows": 2, "Plan Width": 12, "Recheck Cond": "(movie_id = at.movie_id)", "Plans": [{"Node Type": "Bitmap Index Scan", "Parent Relationship": "Outer", "Index Name": "movie_id_movie_companies", "Startup Cost": 0.0, "Total Cost": 0.37, "Plan Rows": 2, "Plan Width": 0, "Index Cond": "(movie_id = at.movie_id)"}]}]}, {"Node Type": "Bitmap Heap Scan", "Parent Relationship": "Inner", "Relation Name": "company_name", "Alias": "cn", "Startup Cost": 0.26, "Total Cost": 4.27, "Plan Rows": 1, "Plan Width": 4, "Recheck Cond": "(id = mc.company_id)", "Filter": "((country_code)::text = '[us]'::text)", "Plans": [{"Node Type": "Bitmap Index Scan", "Parent Relationship": "Outer", "Index Name": "company_name_pkey", "Startup Cost": 0.0, "Total Cost": 0.26, "Plan Rows": 1, "Plan Width": 0, "Index Cond": "(id = mc.company_id)"}]}]}, {"Node Type": "Bitmap Heap Scan", "Parent Relationship": "Inner", "Relation Name": "company_type", "Alias": "ct", "Startup Cost": 0.26, "Total Cost": 4.27, "Plan Rows": 1, "Plan Width": 4, "Recheck Cond": "(id = mc.company_type_id)", "Plans": [{"Node Type": "Bitmap Index Scan", "Parent Relationship": "Outer", "Index Name": "company_type_pkey", "Startup Cost": 0.0, "Total Cost": 0.26, "Plan Rows": 1, "Plan Width": 0, "Index Cond": "(id = mc.company_type_id)"}]}]}, {"Node Type": "Bitmap Heap Scan", "Parent Relationship": "Inner", "Relation Name": "movie_keyword", "Alias": "mk", "Startup Cost": 0.34, "Total Cost": 4.44, "Plan Rows": 8, "Plan Width": 8, "Recheck Cond": "(movie_id = mc.movie_id)", "Plans": [{"Node Type": "Bitmap Index Scan", "Parent Relationship": "Outer", "Index Name": "movie_id_movie_keyword", "Startup Cost": 0.0, "Total Cost": 0.34, "Plan Rows": 8, "Plan Width": 0, "Index Cond": "(movie_id = mc.movie_id)"}]}]}, {"Node Type": "Bitmap Heap Scan", "Parent Relationship": "Inner", "Relation Name": "keyword", "Alias": "k", "Startup Cost": 0.26, "Total Cost": 4.27, "Plan Rows": 1, "Plan Width": 4, "Recheck Cond": "(id = mk.keyword_id)", "Plans": [{"Node Type": "Bitmap Index Scan", "Parent Relationship": "Outer", "Index Name": "keyword_pkey", "Startup Cost": 0.0, "Total Cost": 0.26, "Plan Rows": 1, "Plan Width": 0, "Index Cond": "(id = mk.keyword_id)"}]}]}, {"Node Type": "Bitmap Heap Scan", "Parent Relationship": "Inner", "Relation Name": "title", "Alias": "t", "Startup Cost": 0.27, "Total Cost": 4.28, "Plan Rows": 1, "Plan Width": 21, "Recheck Cond": "(id = mk.movie_id)", "Filter": "(production_year > 1990)", "Plans": [{"Node Type": "Bitmap Index Scan", "Parent Relationship": "Outer", "Index Name": "title_pkey", "Startup Cost": 0.0, "Total Cost": 0.27, "Plan Rows": 1, "Plan Width": 0, "Index Cond": "(id = mk.movie_id)"}]}]}]}, "Unique SQL Id": 2846462052}, "explain_analyze_plan": null}, "(64, 72)": {"explain_plan": {"Plan": {"Node Type": "Aggregate", "Strategy": "Plain", "Startup Cost": 69554.12, "Total Cost": 69554.13, "Plan Rows": 1, "Plan Width": 123, "Plans": [{"Node Type": "Nested Loop", "Parent Relationship": "Outer", "Join Type": "Inner", "Startup Cost": 0.0, "Total Cost": 69553.45, "Plan Rows": 134, "Plan Width": 59, "Inner Unique": true, "Plans": [{"Node Type": "Nested Loop", "Parent Relationship": "Outer", "Join Type": "Inner", "Startup Cost": 0.0, "Total Cost": 69515.93, "Plan Rows": 134, "Plan Width": 63, "Inner Unique": false, "Join Filter": "(t.id = mk.movie_id)", "Plans": [{"Node Type": "Nested Loop", "Parent Relationship": "Outer", "Join Type": "Inner", "Startup Cost": 0.0, "Total Cost": 69506.37, "Plan Rows": 17, "Plan Width": 75, "Inner Unique": true, "Join Filter": "(at.movie_id = t.id)", "Plans": [{"Node Type": "Nested Loop", "Parent Relationship": "Outer", "Join Type": "Inner", "Startup Cost": 0.0, "Total Cost": 69502.14, "Plan Rows": 12, "Plan Width": 54, "Inner Unique": true, "Plans": [{"Node Type": "Nested Loop", "Parent Relationship": "Outer", "Join Type": "Inner", "Startup Cost": 0.0, "Total Cost": 69498.78, "Plan Rows": 12, "Plan Width": 58, "Inner Unique": true, "Plans": [{"Node Type": "Nested Loop", "Parent Relationship": "Outer", "Join Type": "Inner", "Startup Cost": 0.0, "Total Cost": 69493.03, "Plan Rows": 20, "Plan Width": 62, "Inner Unique": false, "Plans": [{"Node Type": "Nested Loop", "Parent Relationship": "Outer", "Join Type": "Inner", "Startup Cost": 0.0, "Total Cost": 69487.72, "Plan Rows": 9, "Plan Width": 50, "Inner Unique": false, "Plans": [{"Node Type": "Nested Loop", "Parent Relationship": "Outer", "Join Type": "Inner", "Startup Cost": 0.0, "Total Cost": 69472.3, "Plan Rows": 4, "Plan Width": 46, "Inner Unique": true, "Plans": [{"Node Type": "Streaming(type: LOCAL GATHER dop: 1/64)", "Parent Relationship": "Outer", "Startup Cost": 0.0, "Total Cost": 69388.27, "Plan Rows": 255, "Plan Width": 50, "Plans": [{"Node Type": "Seq Scan", "Parent Relationship": "Outer", "Relation Name": "movie_info", "Alias": "mi", "Startup Cost": 0.0, "Total Cost": 69383.01, "Plan Rows": 255, "Plan Width": 50, "Filter": "((info IS NOT NULL) AND ((note)::text ~~ '%internet%'::text) AND (((info)::text ~~ 'USA:% 199%'::text) OR ((info)::text ~~ 'USA:% 200%'::text)))"}]}, {"Node Type": "Index Scan", "Parent Relationship": "Inner", "Scan Direction": "Forward", "Index Name": "info_type_pkey", "Relation Name": "info_type", "Alias": "it1", "Startup Cost": 0.0, "Total Cost": 0.32, "Plan Rows": 1, "Plan Width": 4, "Index Cond": "(id = mi.info_type_id)", "Filter": "((info)::text = 'release dates'::text)"}]}, {"Node Type": "Index Only Scan", "Parent Relationship": "Inner", "Scan Direction": "Forward", "Index Name": "movie_id_aka_title", "Relation Name": "aka_title", "Alias": "at", "Startup Cost": 0.0, "Total Cost": 3.82, "Plan Rows": 3, "Plan Width": 4, "Index Cond": "(movie_id = mi.movie_id)"}]}, {"Node Type": "Index Scan", "Parent Relationship": "Inner", "Scan Direction": "Forward", "Index Name": "movie_id_movie_companies", "Relation Name": "movie_companies", "Alias": "mc", "Startup Cost": 0.0, "Total Cost": 0.57, "Plan Rows": 2, "Plan Width": 12, "Index Cond": "(movie_id = at.movie_id)"}]}, {"Node Type": "Index Scan", "Parent Relationship": "Inner", "Scan Direction": "Forward", "Index Name": "company_name_pkey", "Relation Name": "company_name", "Alias": "cn", "Startup Cost": 0.0, "Total Cost": 0.28, "Plan Rows": 1, "Plan Width": 4, "Index Cond": "(id = mc.company_id)", "Filter": "((country_code)::text = '[us]'::text)"}]}, {"Node Type": "Index Only Scan", "Parent Relationship": "Inner", "Scan Direction": "Forward", "Index Name": "company_type_pkey", "Relation Name": "company_type", "Alias": "ct", "Startup Cost": 0.0, "Total Cost": 0.27, "Plan Rows": 1, "Plan Width": 4, "Index Cond": "(id = mc.company_type_id)"}]}, {"Node Type": "Index Scan", "Parent Relationship": "Inner", "Scan Direction": "Forward", "Index Name": "title_pkey", "Relation Name": "title", "Alias": "t", "Startup Cost": 0.0, "Total Cost": 0.34, "Plan Rows": 1, "Plan Width": 21, "Index Cond": "(id = mc.movie_id)", "Filter": "(production_year > 1990)"}]}, {"Node Type": "Index Scan", "Parent Relationship": "Inner", "Scan Direction": "Forward", "Index Name": "movie_id_movie_keyword", "Relation Name": "movie_keyword", "Alias": "mk", "Startup Cost": 0.0, "Total Cost": 0.46, "Plan Rows": 8, "Plan Width": 8, "Index Cond": "(movie_id = mc.movie_id)"}]}, {"Node Type": "Index Only Scan", "Parent Relationship": "Inner", "Scan Direction": "Forward", "Index Name": "keyword_pkey", "Relation Name": "keyword", "Alias": "k", "Startup Cost": 0.0, "Total Cost": 0.27, "Plan Rows": 1, "Plan Width": 4, "Index Cond": "(id = mk.keyword_id)"}]}]}, "Unique SQL Id": 2846462052}, "explain_analyze_plan": {"Plan": {"Node Type": "Aggregate", "Strategy": "Plain", "Startup Cost": 69554.12, "Total Cost": 69554.13, "Plan Rows": 1, "Plan Width": 123, "Actual Min Startup Time": 256.814, "Actual Max Startup Time": 256.814, "Actual Min Total Time": 256.815, "Actual Max Total Time": 256.815, "Actual Total Rows": 1, "Plans": [{"Node Type": "Nested Loop", "Parent Relationship": "Outer", "Join Type": "Inner", "Startup Cost": 0.0, "Total Cost": 69553.45, "Plan Rows": 134, "Plan Width": 59, "Actual Min Startup Time": 75.219, "Actual Max Startup Time": 75.219, "Actual Min Total Time": 255.875, "Actual Max Total Time": 255.875, "Actual Total Rows": 1140, "Inner Unique": true, "Plans": [{"Node Type": "Nested Loop", "Parent Relationship": "Outer", "Join Type": "Inner", "Startup Cost": 0.0, "Total Cost": 69515.93, "Plan Rows": 134, "Plan Width": 63, "Actual Min Startup Time": 75.2, "Actual Max Startup Time": 75.2, "Actual Min Total Time": 251.88, "Actual Max Total Time": 251.88, "Actual Total Rows": 1140, "Inner Unique": false, "Join Filter": "(t.id = mk.movie_id)", "Rows Removed by Join Filter": 0, "Plans": [{"Node Type": "Nested Loop", "Parent Relationship": "Outer", "Join Type": "Inner", "Startup Cost": 0.0, "Total Cost": 69506.37, "Plan Rows": 17, "Plan Width": 75, "Actual Min Startup Time": 74.892, "Actual Max Startup Time": 74.892, "Actual Min Total Time": 250.035, "Actual Max Total Time": 250.035, "Actual Total Rows": 119, "Inner Unique": true, "Join Filter": "(at.movie_id = t.id)", "Rows Removed by Join Filter": 0, "Plans": [{"Node Type": "Nested Loop", "Parent Relationship": "Outer", "Join Type": "Inner", "Startup Cost": 0.0, "Total Cost": 69502.14, "Plan Rows": 12, "Plan Width": 54, "Actual Min Startup Time": 74.857, "Actual Max Startup Time": 74.857, "Actual Min Total Time": 249.038, "Actual Max Total Time": 249.038, "Actual Total Rows": 119, "Inner Unique": true, "Plans": [{"Node Type": "Nested Loop", "Parent Relationship": "Outer", "Join Type": "Inner", "Startup Cost": 0.0, "Total Cost": 69498.78, "Plan Rows": 12, "Plan Width": 58, "Actual Min Startup Time": 74.837, "Actual Max Startup Time": 74.837, "Actual Min Total Time": 248.585, "Actual Max Total Time": 248.585, "Actual Total Rows": 284, "Inner Unique": true, "Plans": [{"Node Type": "Nested Loop", "Parent Relationship": "Outer", "Join Type": "Inner", "Startup Cost": 0.0, "Total Cost": 69493.03, "Plan Rows": 20, "Plan Width": 62, "Actual Min Startup Time": 74.812, "Actual Max Startup Time": 74.812, "Actual Min Total Time": 246.315, "Actual Max Total Time": 246.315, "Actual Total Rows": 400, "Inner Unique": false, "Plans": [{"Node Type": "Nested Loop", "Parent Relationship": "Outer", "Join Type": "Inner", "Startup Cost": 0.0, "Total Cost": 69487.72, "Plan Rows": 9, "Plan Width": 50, "Actual Min Startup Time": 74.792, "Actual Max Startup Time": 74.792, "Actual Min Total Time": 244.857, "Actual Max Total Time": 244.857, "Actual Total Rows": 120, "Inner Unique": false, "Plans": [{"Node Type": "Nested Loop", "Parent Relationship": "Outer", "Join Type": "Inner", "Startup Cost": 0.0, "Total Cost": 69472.3, "Plan Rows": 4, "Plan Width": 46, "Actual Min Startup Time": 74.659, "Actual Max Startup Time": 74.659, "Actual Min Total Time": 237.495, "Actual Max Total Time": 237.495, "Actual Total Rows": 1783, "Inner Unique": true, "Plans": [{"Node Type": "Streaming(type: LOCAL GATHER dop: 1/64)", "Parent Relationship": "Outer", "Startup Cost": 0.0, "Total Cost": 69388.27, "Plan Rows": 255, "Plan Width": 50, "Actual Min Startup Time": 74.574, "Actual Max Startup Time": 74.574, "Actual Min Total Time": 232.835, "Actual Max Total Time": 232.835, "Actual Total Rows": 1783, "Plans": [{"Node Type": "Seq Scan", "Parent Relationship": "Outer", "Relation Name": "movie_info", "Alias": "mi", "Startup Cost": 0.0, "Total Cost": 69383.01, "Plan Rows": 255, "Plan Width": 50, "Actual Min Startup Time": 20.741, "Actual Max Startup Time": 29.335, "Actual Min Total Time": 72.847, "Actual Max Total Time": 85.891, "Actual Total Rows": 1783, "Filter": "((info IS NOT NULL) AND ((note)::text ~~ '%internet%'::text) AND (((info)::text ~~ 'USA:% 199%'::text) OR ((info)::text ~~ 'USA:% 200%'::text)))", "Rows Removed by Filter": 14833936}]}, {"Node Type": "Index Scan", "Parent Relationship": "Inner", "Scan Direction": "Forward", "Index Name": "info_type_pkey", "Relation Name": "info_type", "Alias": "it1", "Startup Cost": 0.0, "Total Cost": 0.32, "Plan Rows": 1, "Plan Width": 4, "Actual Min Startup Time": 3.23, "Actual Max Startup Time": 3.23, "Actual Min Total Time": 3.23, "Actual Max Total Time": 3.23, "Actual Total Rows": 1783, "Index Cond": "(id = mi.info_type_id)", "Rows Removed by Index Recheck": 0, "Filter": "((info)::text = 'release dates'::text)", "Rows Removed by Filter": 0}]}, {"Node Type": "Index Only Scan", "Parent Relationship": "Inner", "Scan Direction": "Forward", "Index Name": "movie_id_aka_title", "Relation Name": "aka_title", "Alias": "at", "Startup Cost": 0.0, "Total Cost": 3.82, "Plan Rows": 3, "Plan Width": 4, "Actual Min Startup Time": 6.408, "Actual Max Startup Time": 6.408, "Actual Min Total Time": 6.46, "Actual Max Total Time": 6.46, "Actual Total Rows": 120, "Index Cond": "(movie_id = mi.movie_id)", "Rows Removed by Index Recheck": 0, "Heap Fetches": 0}]}, {"Node Type": "Index Scan", "Parent Relationship": "Inner", "Scan Direction": "Forward", "Index Name": "movie_id_movie_companies", "Relation Name": "movie_companies", "Alias": "mc", "Startup Cost": 0.0, "Total Cost": 0.57, "Plan Rows": 2, "Plan Width": 12, "Actual Min Startup Time": 0.894, "Actual Max Startup Time": 0.894, "Actual Min Total Time": 1.256, "Actual Max Total Time": 1.256, "Actual Total Rows": 400, "Index Cond": "(movie_id = at.movie_id)", "Rows Removed by Index Recheck": 0}]}, {"Node Type": "Index Scan", "Parent Relationship": "Inner", "Scan Direction": "Forward", "Index Name": "company_name_pkey", "Relation Name": "company_name", "Alias": "cn", "Startup Cost": 0.0, "Total Cost": 0.28, "Plan Rows": 1, "Plan Width": 4, "Actual Min Startup Time": 1.954, "Actual Max Startup Time": 1.954, "Actual Min Total Time": 1.954, "Actual Max Total Time": 1.954, "Actual Total Rows": 284, "Index Cond": "(id = mc.company_id)", "Rows Removed by Index Recheck": 0, "Filter": "((country_code)::text = '[us]'::text)", "Rows Removed by Filter": 116}]}, {"Node Type": "Index Only Scan", "Parent Relationship": "Inner", "Scan Direction": "Forward", "Index Name": "company_type_pkey", "Relation Name": "company_type", "Alias": "ct", "Startup Cost": 0.0, "Total Cost": 0.27, "Plan Rows": 1, "Plan Width": 4, "Actual Min Startup Time": 0.243, "Actual Max Startup Time": 0.243, "Actual Min Total Time": 0.243, "Actual Max Total Time": 0.243, "Actual Total Rows": 119, "Index Cond": "(id = mc.company_type_id)", "Rows Removed by Index Recheck": 0, "Heap Fetches": 0}]}, {"Node Type": "Index Scan", "Parent Relationship": "Inner", "Scan Direction": "Forward", "Index Name": "title_pkey", "Relation Name": "title", "Alias": "t", "Startup Cost": 0.0, "Total Cost": 0.34, "Plan Rows": 1, "Plan Width": 21, "Actual Min Startup Time": 0.809, "Actual Max Startup Time": 0.809, "Actual Min Total Time": 0.809, "Actual Max Total Time": 0.809, "Actual Total Rows": 119, "Index Cond": "(id = mc.movie_id)", "Rows Removed by Index Recheck": 0, "Filter": "(production_year > 1990)", "Rows Removed by Filter": 0}]}, {"Node Type": "Index Scan", "Parent Relationship": "Inner", "Scan Direction": "Forward", "Index Name": "movie_id_movie_keyword", "Relation Name": "movie_keyword", "Alias": "mk", "Startup Cost": 0.0, "Total Cost": 0.46, "Plan Rows": 8, "Plan Width": 8, "Actual Min Startup Time": 0.718, "Actual Max Startup Time": 0.718, "Actual Min Total Time": 1.309, "Actual Max Total Time": 1.309, "Actual Total Rows": 1140, "Index Cond": "(movie_id = mc.movie_id)", "Rows Removed by Index Recheck": 0}]}, {"Node Type": "Index Only Scan", "Parent Relationship": "Inner", "Scan Direction": "Forward", "Index Name": "keyword_pkey", "Relation Name": "keyword", "Alias": "k", "Startup Cost": 0.0, "Total Cost": 0.27, "Plan Rows": 1, "Plan Width": 4, "Actual Min Startup Time": 3.155, "Actual Max Startup Time": 3.155, "Actual Min Total Time": 3.155, "Actual Max Total Time": 3.155, "Actual Total Rows": 1140, "Index Cond": "(id = mk.keyword_id)", "Rows Removed by Index Recheck": 0, "Heap Fetches": 0}]}]}, "Triggers": [], "Planner Runtime": 237.653, "Total Runtime": 270.241, "Unique SQL Id": 2846462052}}, "(64, 73)": {"explain_plan": {"Plan": {"Node Type": "Aggregate", "Strategy": "Plain", "Startup Cost": 496841.73, "Total Cost": 496841.74, "Plan Rows": 1, "Plan Width": 123, "Plans": [{"Node Type": "Nested Loop", "Parent Relationship": "Outer", "Join Type": "Inner", "Startup Cost": 0.0, "Total Cost": 496841.06, "Plan Rows": 134, "Plan Width": 59, "Inner Unique": true, "Plans": [{"Node Type": "Nested Loop", "Parent Relationship": "Outer", "Join Type": "Inner", "Startup Cost": 0.0, "Total Cost": 496803.53, "Plan Rows": 134, "Plan Width": 63, "Inner Unique": false, "Join Filter": "(t.id = mk.movie_id)", "Plans": [{"Node Type": "Nested Loop", "Parent Relationship": "Outer", "Join Type": "Inner", "Startup Cost": 0.0, "Total Cost": 496793.97, "Plan Rows": 17, "Plan Width": 75, "Inner Unique": true, "Join Filter": "(at.movie_id = t.id)", "Plans": [{"Node Type": "Nested Loop", "Parent Relationship": "Outer", "Join Type": "Inner", "Startup Cost": 0.0, "Total Cost": 496789.74, "Plan Rows": 12, "Plan Width": 54, "Inner Unique": true, "Plans": [{"Node Type": "Nested Loop", "Parent Relationship": "Outer", "Join Type": "Inner", "Startup Cost": 0.0, "Total Cost": 496786.38, "Plan Rows": 12, "Plan Width": 58, "Inner Unique": true, "Plans": [{"Node Type": "Nested Loop", "Parent Relationship": "Outer", "Join Type": "Inner", "Startup Cost": 0.0, "Total Cost": 496780.63, "Plan Rows": 20, "Plan Width": 62, "Inner Unique": false, "Plans": [{"Node Type": "Nested Loop", "Parent Relationship": "Outer", "Join Type": "Inner", "Startup Cost": 0.0, "Total Cost": 496775.32, "Plan Rows": 9, "Plan Width": 50, "Inner Unique": false, "Plans": [{"Node Type": "Nested Loop", "Parent Relationship": "Outer", "Join Type": "Inner", "Startup Cost": 0.0, "Total Cost": 496759.91, "Plan Rows": 4, "Plan Width": 46, "Inner Unique": false, "Plans": [{"Node Type": "Index Scan", "Parent Relationship": "Outer", "Scan Direction": "Forward", "Index Name": "info_type_pkey", "Relation Name": "info_type", "Alias": "it1", "Startup Cost": 0.0, "Total Cost": 14.21, "Plan Rows": 1, "Plan Width": 4, "Filter": "((info)::text = 'release dates'::text)"}, {"Node Type": "Index Scan", "Parent Relationship": "Inner", "Scan Direction": "Forward", "Index Name": "info_type_id_movie_info", "Relation Name": "movie_info", "Alias": "mi", "Startup Cost": 0.0, "Total Cost": 496745.66, "Plan Rows": 4, "Plan Width": 50, "Index Cond": "(info_type_id = it1.id)", "Filter": "((info IS NOT NULL) AND ((note)::text ~~ '%internet%'::text) AND (((info)::text ~~ 'USA:% 199%'::text) OR ((info)::text ~~ 'USA:% 200%'::text)))"}]}, {"Node Type": "Index Only Scan", "Parent Relationship": "Inner", "Scan Direction": "Forward", "Index Name": "movie_id_aka_title", "Relation Name": "aka_title", "Alias": "at", "Startup Cost": 0.0, "Total Cost": 3.82, "Plan Rows": 3, "Plan Width": 4, "Index Cond": "(movie_id = mi.movie_id)"}]}, {"Node Type": "Index Scan", "Parent Relationship": "Inner", "Scan Direction": "Forward", "Index Name": "movie_id_movie_companies", "Relation Name": "movie_companies", "Alias": "mc", "Startup Cost": 0.0, "Total Cost": 0.57, "Plan Rows": 2, "Plan Width": 12, "Index Cond": "(movie_id = at.movie_id)"}]}, {"Node Type": "Index Scan", "Parent Relationship": "Inner", "Scan Direction": "Forward", "Index Name": "company_name_pkey", "Relation Name": "company_name", "Alias": "cn", "Startup Cost": 0.0, "Total Cost": 0.28, "Plan Rows": 1, "Plan Width": 4, "Index Cond": "(id = mc.company_id)", "Filter": "((country_code)::text = '[us]'::text)"}]}, {"Node Type": "Index Only Scan", "Parent Relationship": "Inner", "Scan Direction": "Forward", "Index Name": "company_type_pkey", "Relation Name": "company_type", "Alias": "ct", "Startup Cost": 0.0, "Total Cost": 0.27, "Plan Rows": 1, "Plan Width": 4, "Index Cond": "(id = mc.company_type_id)"}]}, {"Node Type": "Index Scan", "Parent Relationship": "Inner", "Scan Direction": "Forward", "Index Name": "title_pkey", "Relation Name": "title", "Alias": "t", "Startup Cost": 0.0, "Total Cost": 0.34, "Plan Rows": 1, "Plan Width": 21, "Index Cond": "(id = mc.movie_id)", "Filter": "(production_year > 1990)"}]}, {"Node Type": "Index Scan", "Parent Relationship": "Inner", "Scan Direction": "Forward", "Index Name": "movie_id_movie_keyword", "Relation Name": "movie_keyword", "Alias": "mk", "Startup Cost": 0.0, "Total Cost": 0.46, "Plan Rows": 8, "Plan Width": 8, "Index Cond": "(movie_id = mc.movie_id)"}]}, {"Node Type": "Index Only Scan", "Parent Relationship": "Inner", "Scan Direction": "Forward", "Index Name": "keyword_pkey", "Relation Name": "keyword", "Alias": "k", "Startup Cost": 0.0, "Total Cost": 0.27, "Plan Rows": 1, "Plan Width": 4, "Index Cond": "(id = mk.keyword_id)"}]}]}, "Unique SQL Id": 2846462052}, "explain_analyze_plan": null}, "(64, 74)": {"explain_plan": {"Plan": {"Node Type": "Aggregate", "Strategy": "Plain", "Startup Cost": 304072.67, "Total Cost": 304072.68, "Plan Rows": 1, "Plan Width": 123, "Plans": [{"Node Type": "Hash Join", "Parent Relationship": "Outer", "Join Type": "Inner", "Startup Cost": 154961.09, "Total Cost": 304072.0, "Plan Rows": 134, "Plan Width": 59, "Inner Unique": true, "Hash Cond": "(mk.keyword_id = k.id)", "Plans": [{"Node Type": "Hash Join", "Parent Relationship": "Outer", "Join Type": "Inner", "Startup Cost": 151183.29, "Total Cost": 300292.38, "Plan Rows": 134, "Plan Width": 63, "Inner Unique": true, "Hash Cond": "(mc.company_type_id = ct.id)", "Plans": [{"Node Type": "Hash Join", "Parent Relationship": "Outer", "Join Type": "Inner", "Startup Cost": 151182.22, "Total Cost": 300289.47, "Plan Rows": 134, "Plan Width": 67, "Inner Unique": true, "Hash Cond": "(mc.company_id = cn.id)", "Plans": [{"Node Type": "Hash Join", "Parent Relationship": "Outer", "Join Type": "Inner", "Startup Cost": 144214.15, "Total Cost": 293319.46, "Plan Rows": 223, "Plan Width": 71, "Inner Unique": false, "Hash Cond": "(t.id = at.movie_id)", "Plans": [{"Node Type": "Streaming(type: LOCAL GATHER dop: 1/64)", "Parent Relationship": "Outer", "Startup Cost": 137222.08, "Total Cost": 286319.28, "Plan Rows": 101, "Plan Width": 87, "Plans": [{"Node Type": "Hash Join", "Parent Relationship": "Outer", "Join Type": "Inner", "Startup Cost": 137222.08, "Total Cost": 286317.2, "Plan Rows": 101, "Plan Width": 87, "Inner Unique": true, "Hash Cond": "(mi.movie_id = t.id)", "Plans": [{"Node Type": "Streaming(type: BROADCAST dop: 64/1)", "Parent Relationship": "Outer", "Startup Cost": 120871.18, "Total Cost": 269966.0, "Plan Rows": 4672, "Plan Width": 66, "Plans": [{"Node Type": "Hash Join", "Parent Relationship": "Outer", "Join Type": "Inner", "Startup Cost": 120871.18, "Total Cost": 206869.61, "Plan Rows": 73, "Plan Width": 66, "Inner Unique": false, "Hash Cond": "(mk.movie_id = mi.movie_id)", "Plans": [{"Node Type": "Seq Scan", "Parent Relationship": "Outer", "Relation Name": "movie_keyword", "Alias": "mk", "Startup Cost": 0.0, "Total Cost": 62441.29, "Plan Rows": 4523929, "Plan Width": 8}, {"Node Type": "Hash", "Parent Relationship": "Inner", "Startup Cost": 120871.07, "Total Cost": 120871.07, "Plan Rows": 9, "Plan Width": 58, "Plans": [{"Node Type": "Hash Join", "Parent Relationship": "Outer", "Join Type": "Inner", "Startup Cost": 69391.73, "Total Cost": 120871.07, "Plan Rows": 9, "Plan Width": 58, "Inner Unique": false, "Hash Cond": "(mc.movie_id = mi.movie_id)", "Plans": [{"Node Type": "Seq Scan", "Parent Relationship": "Outer", "Relation Name": "movie_companies", "Alias": "mc", "Startup Cost": 0.0, "Total Cost": 41817.28, "Plan Rows": 2609128, "Plan Width": 12}, {"Node Type": "Hash", "Parent Relationship": "Inner", "Startup Cost": 69391.68, "Total Cost": 69391.68, "Plan Rows": 4, "Plan Width": 46, "Plans": [{"Node Type": "Hash Join", "Parent Relationship": "Outer", "Join Type": "Inner", "Startup Cost": 2.41, "Total Cost": 69391.68, "Plan Rows": 4, "Plan Width": 46, "Inner Unique": true, "Hash Cond": "(mi.info_type_id = it1.id)", "Plans": [{"Node Type": "Streaming(type: LOCAL GATHER dop: 1/64)", "Parent Relationship": "Outer", "Startup Cost": 0.0, "Total Cost": 69388.27, "Plan Rows": 255, "Plan Width": 50, "Plans": [{"Node Type": "Seq Scan", "Parent Relationship": "Outer", "Relation Name": "movie_info", "Alias": "mi", "Startup Cost": 0.0, "Total Cost": 69383.01, "Plan Rows": 255, "Plan Width": 50, "Filter": "((info IS NOT NULL) AND ((note)::text ~~ '%internet%'::text) AND (((info)::text ~~ 'USA:% 199%'::text) OR ((info)::text ~~ 'USA:% 200%'::text)))"}]}, {"Node Type": "Hash", "Parent Relationship": "Inner", "Startup Cost": 2.4, "Total Cost": 2.4, "Plan Rows": 1, "Plan Width": 4, "Plans": [{"Node Type": "Seq Scan", "Parent Relationship": "Outer", "Relation Name": "info_type", "Alias": "it1", "Startup Cost": 0.0, "Total Cost": 2.4, "Plan Rows": 1, "Plan Width": 4, "Filter": "((info)::text = 'release dates'::text)"}]}]}]}]}]}]}]}, {"Node Type": "Hash", "Parent Relationship": "Inner", "Startup Cost": 64037.34, "Total Cost": 64037.34, "Plan Rows": 1748840, "Plan Width": 21, "Plans": [{"Node Type": "Seq Scan", "Parent Relationship": "Outer", "Relation Name": "title", "Alias": "t", "Startup Cost": 0.0, "Total Cost": 64037.34, "Plan Rows": 1748840, "Plan Width": 21, "Filter": "(production_year > 1990), (LLVM Optimized)"}]}]}]}, {"Node Type": "Hash", "Parent Relationship": "Inner", "Startup Cost": 9894.71, "Total Cost": 9894.71, "Plan Rows": 361471, "Plan Width": 4, "Plans": [{"Node Type": "Seq Scan", "Parent Relationship": "Outer", "Relation Name": "aka_title", "Alias": "at", "Startup Cost": 0.0, "Total Cost": 9894.71, "Plan Rows": 361471, "Plan Width": 4}]}]}, {"Node Type": "Hash", "Parent Relationship": "Inner", "Startup Cost": 5903.45, "Total Cost": 5903.45, "Plan Rows": 85170, "Plan Width": 4, "Plans": [{"Node Type": "Seq Scan", "Parent Relationship": "Outer", "Relation Name": "company_name", "Alias": "cn", "Startup Cost": 0.0, "Total Cost": 5903.45, "Plan Rows": 85170, "Plan Width": 4, "Filter": "((country_code)::text = '[us]'::text)"}]}]}, {"Node Type": "Hash", "Parent Relationship": "Inner", "Startup Cost": 1.03, "Total Cost": 1.03, "Plan Rows": 3, "Plan Width": 4, "Plans": [{"Node Type": "Seq Scan", "Parent Relationship": "Outer", "Relation Name": "company_type", "Alias": "ct", "Startup Cost": 0.0, "Total Cost": 1.03, "Plan Rows": 3, "Plan Width": 4}]}]}, {"Node Type": "Hash", "Parent Relationship": "Inner", "Startup Cost": 2100.69, "Total Cost": 2100.69, "Plan Rows": 134169, "Plan Width": 4, "Plans": [{"Node Type": "Seq Scan", "Parent Relationship": "Outer", "Relation Name": "keyword", "Alias": "k", "Startup Cost": 0.0, "Total Cost": 2100.69, "Plan Rows": 134169, "Plan Width": 4}]}]}]}, "Unique SQL Id": 2846462052}, "explain_analyze_plan": null}, "(64, 75)": {"explain_plan": {"Plan": {"Node Type": "Aggregate", "Strategy": "Plain", "Startup Cost": 8991773180642.51, "Total Cost": 8991773180642.52, "Plan Rows": 1, "Plan Width": 123, "Plans": [{"Node Type": "Hash Join", "Parent Relationship": "Outer", "Join Type": "Inner", "Startup Cost": 4050168328705.83, "Total Cost": 8991773180641.84, "Plan Rows": 134, "Plan Width": 59, "Inner Unique": true, "Hash Cond": "(mk.keyword_id = k.id)", "Plans": [{"Node Type": "Hash Join", "Parent Relationship": "Outer", "Join Type": "Inner", "Startup Cost": 3050168120950.21, "Total Cost": 7991772972884.42, "Plan Rows": 134, "Plan Width": 63, "Inner Unique": true, "Hash Cond": "(mi.info_type_id = it1.id)", "Plans": [{"Node Type": "Hash Join", "Parent Relationship": "Outer", "Join Type": "Inner", "Startup Cost": 2050168119529.2, "Total Cost": 6991772971426.9, "Plan Rows": 9378, "Plan Width": 67, "Inner Unique": true, "Hash Cond": "(mc.company_type_id = ct.id)", "Plans": [{"Node Type": "Hash Join", "Parent Relationship": "Outer", "Join Type": "Inner", "Startup Cost": 1050168118699.66, "Total Cost": 5991772970468.41, "Plan Rows": 9378, "Plan Width": 71, "Inner Unique": true, "Hash Cond": "(mc.company_id = cn.id)", "Plans": [{"Node Type": "Merge Join", "Parent Relationship": "Outer", "Join Type": "Inner", "Startup Cost": 50167067496.07, "Total Cost": 4991771919129.33, "Plan Rows": 15637, "Plan Width": 75, "Inner Unique": false, "Merge Cond": "(t.id = mk.movie_id)", "Plans": [{"Node Type": "Merge Join", "Parent Relationship": "Outer", "Join Type": "Inner", "Startup Cost": 40167067496.07, "Total Cost": 3995838827709.83, "Plan Rows": 1938, "Plan Width": 87, "Inner Unique": false, "Merge Cond": "(t.id = mc.movie_id)", "Plans": [{"Node Type": "Merge Join", "Parent Relationship": "Outer", "Join Type": "Inner", "Startup Cost": 30167067496.07, "Total Cost": 2999113639177.53, "Plan Rows": 903, "Plan Width": 75, "Inner Unique": true, "Merge Cond": "(at.movie_id = t.id)", "Plans": [{"Node Type": "Merge Join", "Parent Relationship": "Outer", "Join Type": "Inner", "Startup Cost": 20167067496.07, "Total Cost": 2000115868931.67, "Plan Rows": 652, "Plan Width": 54, "Inner Unique": false, "Merge Cond": "(at.movie_id = mi.movie_id)", "Plans": [{"Node Type": "Index Only Scan", "Parent Relationship": "Outer", "Scan Direction": "Forward", "Index Name": "movie_id_aka_title", "Relation Name": "aka_title", "Alias": "at", "Startup Cost": 10000000000.0, "Total Cost": 1000000898631.5, "Plan Rows": 361471, "Plan Width": 4}, {"Node Type": "Materialize", "Parent Relationship": "Inner", "Startup Cost": 10000000000.0, "Total Cost": 1000114969387.35, "Plan Rows": 255, "Plan Width": 50, "Plans": [{"Node Type": "Index Scan", "Parent Relationship": "Outer", "Scan Direction": "Forward", "Index Name": "movie_id_movie_info", "Relation Name": "movie_info", "Alias": "mi", "Startup Cost": 10000000000.0, "Total Cost": 1000114969386.72, "Plan Rows": 255, "Plan Width": 50, "Filter": "((info IS NOT NULL) AND ((note)::text ~~ '%internet%'::text) AND (((info)::text ~~ 'USA:% 199%'::text) OR ((info)::text ~~ 'USA:% 200%'::text)))"}]}]}, {"Node Type": "Index Scan", "Parent Relationship": "Inner", "Scan Direction": "Forward", "Index Name": "title_pkey", "Relation Name": "title", "Alias": "t", "Startup Cost": 10000000000.0, "Total Cost": 1000011644126.66, "Plan Rows": 1748840, "Plan Width": 21, "Filter": "(production_year > 1990), (LLVM Optimized)"}]}, {"Node Type": "Index Scan", "Parent Relationship": "Inner", "Scan Direction": "Forward", "Index Name": "movie_id_movie_companies", "Relation Name": "movie_companies", "Alias": "mc", "Startup Cost": 10000000000.0, "Total Cost": 1000013051946.13, "Plan Rows": 2609128, "Plan Width": 12}]}, {"Node Type": "Index Scan", "Parent Relationship": "Inner", "Scan Direction": "Forward", "Index Name": "movie_id_movie_keyword", "Relation Name": "movie_keyword", "Alias": "mk", "Startup Cost": 10000000000.0, "Total Cost": 1000015300634.17, "Plan Rows": 4523929, "Plan Width": 8}]}, {"Node Type": "Hash", "Parent Relationship": "Inner", "Startup Cost": 1000001050138.97, "Total Cost": 1000001050138.97, "Plan Rows": 85170, "Plan Width": 4, "Plans": [{"Node Type": "Index Scan", "Parent Relationship": "Outer", "Scan Direction": "Forward", "Index Name": "company_name_pkey", "Relation Name": "company_name", "Alias": "cn", "Startup Cost": 10000000000.0, "Total Cost": 1000001050138.97, "Plan Rows": 85170, "Plan Width": 4, "Filter": "((country_code)::text = '[us]'::text)"}]}]}, {"Node Type": "Hash", "Parent Relationship": "Inner", "Startup Cost": 1000000000829.5, "Total Cost": 1000000000829.5, "Plan Rows": 3, "Plan Width": 4, "Plans": [{"Node Type": "Index Only Scan", "Parent Relationship": "Outer", "Scan Direction": "Forward", "Index Name": "company_type_pkey", "Relation Name": "company_type", "Alias": "ct", "Startup Cost": 10000000000.0, "Total Cost": 1000000000829.5, "Plan Rows": 3, "Plan Width": 4}]}]}, {"Node Type": "Hash", "Parent Relationship": "Inner", "Startup Cost": 1000000001421.0, "Total Cost": 1000000001421.0, "Plan Rows": 1, "Plan Width": 4, "Plans": [{"Node Type": "Index Scan", "Parent Relationship": "Outer", "Scan Direction": "Forward", "Index Name": "info_type_pkey", "Relation Name": "info_type", "Alias": "it1", "Startup Cost": 10000000000.0, "Total Cost": 1000000001421.0, "Plan Rows": 1, "Plan Width": 4, "Filter": "((info)::text = 'release dates'::text)"}]}]}, {"Node Type": "Hash", "Parent Relationship": "Inner", "Startup Cost": 1000000206078.5, "Total Cost": 1000000206078.5, "Plan Rows": 134169, "Plan Width": 4, "Plans": [{"Node Type": "Index Only Scan", "Parent Relationship": "Outer", "Scan Direction": "Forward", "Index Name": "keyword_pkey", "Relation Name": "keyword", "Alias": "k", "Startup Cost": 10000000000.0, "Total Cost": 1000000206078.5, "Plan Rows": 134169, "Plan Width": 4}]}]}]}, "Unique SQL Id": 2846462052}, "explain_analyze_plan": null}, "(64, 76)": {"explain_plan": {"Plan": {"Node Type": "Aggregate", "Strategy": "Plain", "Startup Cost": 69565.11, "Total Cost": 69565.12, "Plan Rows": 1, "Plan Width": 123, "Plans": [{"Node Type": "Nested Loop", "Parent Relationship": "Outer", "Join Type": "Inner", "Startup Cost": 0.0, "Total Cost": 69564.44, "Plan Rows": 134, "Plan Width": 59, "Inner Unique": true, "Plans": [{"Node Type": "Nested Loop", "Parent Relationship": "Outer", "Join Type": "Inner", "Startup Cost": 0.0, "Total Cost": 69526.83, "Plan Rows": 134, "Plan Width": 63, "Inner Unique": false, "Join Filter": "(t.id = mk.movie_id)", "Plans": [{"Node Type": "Nested Loop", "Parent Relationship": "Outer", "Join Type": "Inner", "Startup Cost": 0.0, "Total Cost": 69517.27, "Plan Rows": 17, "Plan Width": 75, "Inner Unique": false, "Plans": [{"Node Type": "Nested Loop", "Parent Relationship": "Outer", "Join Type": "Inner", "Startup Cost": 0.0, "Total Cost": 69513.71, "Plan Rows": 10, "Plan Width": 71, "Inner Unique": true, "Plans": [{"Node Type": "Nested Loop", "Parent Relationship": "Outer", "Join Type": "Inner", "Startup Cost": 0.0, "Total Cost": 69510.91, "Plan Rows": 10, "Plan Width": 75, "Inner Unique": true, "Plans": [{"Node Type": "Nested Loop", "Parent Relationship": "Outer", "Join Type": "Inner", "Startup Cost": 0.0, "Total Cost": 69507.45, "Plan Rows": 12, "Plan Width": 79, "Inner Unique": false, "Plans": [{"Node Type": "Nested Loop", "Parent Relationship": "Outer", "Join Type": "Inner", "Startup Cost": 0.0, "Total Cost": 69505.25, "Plan Rows": 6, "Plan Width": 67, "Inner Unique": true, "Plans": [{"Node Type": "Nested Loop", "Parent Relationship": "Outer", "Join Type": "Inner", "Startup Cost": 0.0, "Total Cost": 69472.3, "Plan Rows": 4, "Plan Width": 46, "Inner Unique": true, "Plans": [{"Node Type": "Streaming(type: LOCAL GATHER dop: 1/64)", "Parent Relationship": "Outer", "Startup Cost": 0.0, "Total Cost": 69388.27, "Plan Rows": 255, "Plan Width": 50, "Plans": [{"Node Type": "Seq Scan", "Parent Relationship": "Outer", "Relation Name": "movie_info", "Alias": "mi", "Startup Cost": 0.0, "Total Cost": 69383.01, "Plan Rows": 255, "Plan Width": 50, "Filter": "((info IS NOT NULL) AND ((note)::text ~~ '%internet%'::text) AND (((info)::text ~~ 'USA:% 199%'::text) OR ((info)::text ~~ 'USA:% 200%'::text)))"}]}, {"Node Type": "Index Scan", "Parent Relationship": "Inner", "Scan Direction": "Forward", "Index Name": "info_type_pkey", "Relation Name": "info_type", "Alias": "it1", "Startup Cost": 0.0, "Total Cost": 0.32, "Plan Rows": 1, "Plan Width": 4, "Index Cond": "(id = mi.info_type_id)", "Filter": "((info)::text = 'release dates'::text)"}]}, {"Node Type": "Index Scan", "Parent Relationship": "Inner", "Scan Direction": "Forward", "Index Name": "title_pkey", "Relation Name": "title", "Alias": "t", "Startup Cost": 0.0, "Total Cost": 8.23, "Plan Rows": 1, "Plan Width": 21, "Index Cond": "(id = mi.movie_id)", "Filter": "(production_year > 1990)"}]}, {"Node Type": "Index Scan", "Parent Relationship": "Inner", "Scan Direction": "Forward", "Index Name": "movie_id_movie_companies", "Relation Name": "movie_companies", "Alias": "mc", "Startup Cost": 0.0, "Total Cost": 0.35, "Plan Rows": 2, "Plan Width": 12, "Index Cond": "(movie_id = t.id)"}]}, {"Node Type": "Index Scan", "Parent Relationship": "Inner", "Scan Direction": "Forward", "Index Name": "company_name_pkey", "Relation Name": "company_name", "Alias": "cn", "Startup Cost": 0.0, "Total Cost": 0.28, "Plan Rows": 1, "Plan Width": 4, "Index Cond": "(id = mc.company_id)", "Filter": "((country_code)::text = '[us]'::text)"}]}, {"Node Type": "Index Scan", "Parent Relationship": "Inner", "Scan Direction": "Forward", "Index Name": "company_type_pkey", "Relation Name": "company_type", "Alias": "ct", "Startup Cost": 0.0, "Total Cost": 0.27, "Plan Rows": 1, "Plan Width": 4, "Index Cond": "(id = mc.company_type_id)"}]}, {"Node Type": "Index Scan", "Parent Relationship": "Inner", "Scan Direction": "Forward", "Index Name": "movie_id_aka_title", "Relation Name": "aka_title", "Alias": "at", "Startup Cost": 0.0, "Total Cost": 0.33, "Plan Rows": 3, "Plan Width": 4, "Index Cond": "(movie_id = t.id)"}]}, {"Node Type": "Index Scan", "Parent Relationship": "Inner", "Scan Direction": "Forward", "Index Name": "movie_id_movie_keyword", "Relation Name": "movie_keyword", "Alias": "mk", "Startup Cost": 0.0, "Total Cost": 0.46, "Plan Rows": 8, "Plan Width": 8, "Index Cond": "(movie_id = mc.movie_id)"}]}, {"Node Type": "Index Scan", "Parent Relationship": "Inner", "Scan Direction": "Forward", "Index Name": "keyword_pkey", "Relation Name": "keyword", "Alias": "k", "Startup Cost": 0.0, "Total Cost": 0.27, "Plan Rows": 1, "Plan Width": 4, "Index Cond": "(id = mk.keyword_id)"}]}]}, "Unique SQL Id": 2846462052}, "explain_analyze_plan": {"Plan": {"Node Type": "Aggregate", "Strategy": "Plain", "Startup Cost": 69565.11, "Total Cost": 69565.12, "Plan Rows": 1, "Plan Width": 123, "Actual Min Startup Time": 197.279, "Actual Max Startup Time": 197.279, "Actual Min Total Time": 197.279, "Actual Max Total Time": 197.279, "Actual Total Rows": 1, "Plans": [{"Node Type": "Nested Loop", "Parent Relationship": "Outer", "Join Type": "Inner", "Startup Cost": 0.0, "Total Cost": 69564.44, "Plan Rows": 134, "Plan Width": 59, "Actual Min Startup Time": 87.32, "Actual Max Startup Time": 87.32, "Actual Min Total Time": 196.449, "Actual Max Total Time": 196.449, "Actual Total Rows": 1140, "Inner Unique": true, "Plans": [{"Node Type": "Nested Loop", "Parent Relationship": "Outer", "Join Type": "Inner", "Startup Cost": 0.0, "Total Cost": 69526.83, "Plan Rows": 134, "Plan Width": 63, "Actual Min Startup Time": 87.306, "Actual Max Startup Time": 87.306, "Actual Min Total Time": 191.359, "Actual Max Total Time": 191.359, "Actual Total Rows": 1140, "Inner Unique": false, "Join Filter": "(t.id = mk.movie_id)", "Rows Removed by Join Filter": 0, "Plans": [{"Node Type": "Nested Loop", "Parent Relationship": "Outer", "Join Type": "Inner", "Startup Cost": 0.0, "Total Cost": 69517.27, "Plan Rows": 17, "Plan Width": 75, "Actual Min Startup Time": 86.519, "Actual Max Startup Time": 86.519, "Actual Min Total Time": 189.644, "Actual Max Total Time": 189.644, "Actual Total Rows": 119, "Inner Unique": false, "Plans": [{"Node Type": "Nested Loop", "Parent Relationship": "Outer", "Join Type": "Inner", "Startup Cost": 0.0, "Total Cost": 69513.71, "Plan Rows": 10, "Plan Width": 71, "Actual Min Startup Time": 85.826, "Actual Max Startup Time": 85.826, "Actual Min Total Time": 183.249, "Actual Max Total Time": 183.249, "Actual Total Rows": 1488, "Inner Unique": true, "Plans": [{"Node Type": "Nested Loop", "Parent Relationship": "Outer", "Join Type": "Inner", "Startup Cost": 0.0, "Total Cost": 69510.91, "Plan Rows": 10, "Plan Width": 75, "Actual Min Startup Time": 85.813, "Actual Max Startup Time": 85.813, "Actual Min Total Time": 178.067, "Actual Max Total Time": 178.067, "Actual Total Rows": 2647, "Inner Unique": true, "Plans": [{"Node Type": "Nested Loop", "Parent Relationship": "Outer", "Join Type": "Inner", "Startup Cost": 0.0, "Total Cost": 69507.45, "Plan Rows": 12, "Plan Width": 79, "Actual Min Startup Time": 85.789, "Actual Max Startup Time": 85.789, "Actual Min Total Time": 162.836, "Actual Max Total Time": 162.836, "Actual Total Rows": 2884, "Inner Unique": false, "Plans": [{"Node Type": "Nested Loop", "Parent Relationship": "Outer", "Join Type": "Inner", "Startup Cost": 0.0, "Total Cost": 69505.25, "Plan Rows": 6, "Plan Width": 67, "Actual Min Startup Time": 85.745, "Actual Max Startup Time": 85.745, "Actual Min Total Time": 149.838, "Actual Max Total Time": 149.838, "Actual Total Rows": 1782, "Inner Unique": true, "Plans": [{"Node Type": "Nested Loop", "Parent Relationship": "Outer", "Join Type": "Inner", "Startup Cost": 0.0, "Total Cost": 69472.3, "Plan Rows": 4, "Plan Width": 46, "Actual Min Startup Time": 85.719, "Actual Max Startup Time": 85.719, "Actual Min Total Time": 136.387, "Actual Max Total Time": 136.387, "Actual Total Rows": 1783, "Inner Unique": true, "Plans": [{"Node Type": "Streaming(type: LOCAL GATHER dop: 1/64)", "Parent Relationship": "Outer", "Startup Cost": 0.0, "Total Cost": 69388.27, "Plan Rows": 255, "Plan Width": 50, "Actual Min Startup Time": 85.673, "Actual Max Startup Time": 85.673, "Actual Min Total Time": 131.247, "Actual Max Total Time": 131.247, "Actual Total Rows": 1783, "Plans": [{"Node Type": "Seq Scan", "Parent Relationship": "Outer", "Relation Name": "movie_info", "Alias": "mi", "Startup Cost": 0.0, "Total Cost": 69383.01, "Plan Rows": 255, "Plan Width": 50, "Actual Min Startup Time": 20.098, "Actual Max Startup Time": 28.338, "Actual Min Total Time": 71.781, "Actual Max Total Time": 82.814, "Actual Total Rows": 1783, "Filter": "((info IS NOT NULL) AND ((note)::text ~~ '%internet%'::text) AND (((info)::text ~~ 'USA:% 199%'::text) OR ((info)::text ~~ 'USA:% 200%'::text)))", "Rows Removed by Filter": 14833936}]}, {"Node Type": "Index Scan", "Parent Relationship": "Inner", "Scan Direction": "Forward", "Index Name": "info_type_pkey", "Relation Name": "info_type", "Alias": "it1", "Startup Cost": 0.0, "Total Cost": 0.32, "Plan Rows": 1, "Plan Width": 4, "Actual Min Startup Time": 3.301, "Actual Max Startup Time": 3.301, "Actual Min Total Time": 3.301, "Actual Max Total Time": 3.301, "Actual Total Rows": 1783, "Index Cond": "(id = mi.info_type_id)", "Rows Removed by Index Recheck": 0, "Filter": "((info)::text = 'release dates'::text)", "Rows Removed by Filter": 0}]}, {"Node Type": "Index Scan", "Parent Relationship": "Inner", "Scan Direction": "Forward", "Index Name": "title_pkey", "Relation Name": "title", "Alias": "t", "Startup Cost": 0.0, "Total Cost": 8.23, "Plan Rows": 1, "Plan Width": 21, "Actual Min Startup Time": 11.607, "Actual Max Startup Time": 11.607, "Actual Min Total Time": 11.607, "Actual Max Total Time": 11.607, "Actual Total Rows": 1782, "Index Cond": "(id = mi.movie_id)", "Rows Removed by Index Recheck": 0, "Filter": "(production_year > 1990)", "Rows Removed by Filter": 1}]}, {"Node Type": "Index Scan", "Parent Relationship": "Inner", "Scan Direction": "Forward", "Index Name": "movie_id_movie_companies", "Relation Name": "movie_companies", "Alias": "mc", "Startup Cost": 0.0, "Total Cost": 0.35, "Plan Rows": 2, "Plan Width": 12, "Actual Min Startup Time": 8.911, "Actual Max Startup Time": 8.911, "Actual Min Total Time": 11.304, "Actual Max Total Time": 11.304, "Actual Total Rows": 2884, "Index Cond": "(movie_id = t.id)", "Rows Removed by Index Recheck": 0}]}, {"Node Type": "Index Scan", "Parent Relationship": "Inner", "Scan Direction": "Forward", "Index Name": "company_name_pkey", "Relation Name": "company_name", "Alias": "cn", "Startup Cost": 0.0, "Total Cost": 0.28, "Plan Rows": 1, "Plan Width": 4, "Actual Min Startup Time": 12.752, "Actual Max Startup Time": 12.752, "Actual Min Total Time": 12.752, "Actual Max Total Time": 12.752, "Actual Total Rows": 2647, "Index Cond": "(id = mc.company_id)", "Rows Removed by Index Recheck": 0, "Filter": "((country_code)::text = '[us]'::text)", "Rows Removed by Filter": 237}]}, {"Node Type": "Index Scan", "Parent Relationship": "Inner", "Scan Direction": "Forward", "Index Name": "company_type_pkey", "Relation Name": "company_type", "Alias": "ct", "Startup Cost": 0.0, "Total Cost": 0.27, "Plan Rows": 1, "Plan Width": 4, "Actual Min Startup Time": 3.186, "Actual Max Startup Time": 3.186, "Actual Min Total Time": 3.186, "Actual Max Total Time": 3.186, "Actual Total Rows": 1488, "Index Cond": "(id = mc.company_type_id)", "Rows Removed by Index Recheck": 0}]}, {"Node Type": "Index Scan", "Parent Relationship": "Inner", "Scan Direction": "Forward", "Index Name": "movie_id_aka_title", "Relation Name": "aka_title", "Alias": "at", "Startup Cost": 0.0, "Total Cost": 0.33, "Plan Rows": 3, "Plan Width": 4, "Actual Min Startup Time": 5.492, "Actual Max Startup Time": 5.492, "Actual Min Total Time": 5.596, "Actual Max Total Time": 5.596, "Actual Total Rows": 119, "Index Cond": "(movie_id = t.id)", "Rows Removed by Index Recheck": 0}]}, {"Node Type": "Index Scan", "Parent Relationship": "Inner", "Scan Direction": "Forward", "Index Name": "movie_id_movie_keyword", "Relation Name": "movie_keyword", "Alias": "mk", "Startup Cost": 0.0, "Total Cost": 0.46, "Plan Rows": 8, "Plan Width": 8, "Actual Min Startup Time": 0.649, "Actual Max Startup Time": 0.649, "Actual Min Total Time": 1.142, "Actual Max Total Time": 1.142, "Actual Total Rows": 1140, "Index Cond": "(movie_id = mc.movie_id)", "Rows Removed by Index Recheck": 0}]}, {"Node Type": "Index Scan", "Parent Relationship": "Inner", "Scan Direction": "Forward", "Index Name": "keyword_pkey", "Relation Name": "keyword", "Alias": "k", "Startup Cost": 0.0, "Total Cost": 0.27, "Plan Rows": 1, "Plan Width": 4, "Actual Min Startup Time": 4.156, "Actual Max Startup Time": 4.156, "Actual Min Total Time": 4.156, "Actual Max Total Time": 4.156, "Actual Total Rows": 1140, "Index Cond": "(id = mk.keyword_id)", "Rows Removed by Index Recheck": 0}]}]}, "Triggers": [], "Planner Runtime": 230.882, "Total Runtime": 208.754, "Unique SQL Id": 2846462052}}, "(64, 77)": {"explain_plan": {"Plan": {"Node Type": "Aggregate", "Strategy": "Plain", "Startup Cost": 496852.71, "Total Cost": 496852.72, "Plan Rows": 1, "Plan Width": 123, "Plans": [{"Node Type": "Nested Loop", "Parent Relationship": "Outer", "Join Type": "Inner", "Startup Cost": 0.0, "Total Cost": 496852.04, "Plan Rows": 134, "Plan Width": 59, "Inner Unique": true, "Plans": [{"Node Type": "Nested Loop", "Parent Relationship": "Outer", "Join Type": "Inner", "Startup Cost": 0.0, "Total Cost": 496814.43, "Plan Rows": 134, "Plan Width": 63, "Inner Unique": false, "Join Filter": "(t.id = mk.movie_id)", "Plans": [{"Node Type": "Nested Loop", "Parent Relationship": "Outer", "Join Type": "Inner", "Startup Cost": 0.0, "Total Cost": 496804.87, "Plan Rows": 17, "Plan Width": 75, "Inner Unique": false, "Plans": [{"Node Type": "Nested Loop", "Parent Relationship": "Outer", "Join Type": "Inner", "Startup Cost": 0.0, "Total Cost": 496801.31, "Plan Rows": 10, "Plan Width": 71, "Inner Unique": true, "Plans": [{"Node Type": "Nested Loop", "Parent Relationship": "Outer", "Join Type": "Inner", "Startup Cost": 0.0, "Total Cost": 496798.51, "Plan Rows": 10, "Plan Width": 75, "Inner Unique": true, "Plans": [{"Node Type": "Nested Loop", "Parent Relationship": "Outer", "Join Type": "Inner", "Startup Cost": 0.0, "Total Cost": 496795.05, "Plan Rows": 12, "Plan Width": 79, "Inner Unique": false, "Plans": [{"Node Type": "Nested Loop", "Parent Relationship": "Outer", "Join Type": "Inner", "Startup Cost": 0.0, "Total Cost": 496792.85, "Plan Rows": 6, "Plan Width": 67, "Inner Unique": true, "Plans": [{"Node Type": "Nested Loop", "Parent Relationship": "Outer", "Join Type": "Inner", "Startup Cost": 0.0, "Total Cost": 496759.91, "Plan Rows": 4, "Plan Width": 46, "Inner Unique": false, "Plans": [{"Node Type": "Index Scan", "Parent Relationship": "Outer", "Scan Direction": "Forward", "Index Name": "info_type_pkey", "Relation Name": "info_type", "Alias": "it1", "Startup Cost": 0.0, "Total Cost": 14.21, "Plan Rows": 1, "Plan Width": 4, "Filter": "((info)::text = 'release dates'::text)"}, {"Node Type": "Index Scan", "Parent Relationship": "Inner", "Scan Direction": "Forward", "Index Name": "info_type_id_movie_info", "Relation Name": "movie_info", "Alias": "mi", "Startup Cost": 0.0, "Total Cost": 496745.66, "Plan Rows": 4, "Plan Width": 50, "Index Cond": "(info_type_id = it1.id)", "Filter": "((info IS NOT NULL) AND ((note)::text ~~ '%internet%'::text) AND (((info)::text ~~ 'USA:% 199%'::text) OR ((info)::text ~~ 'USA:% 200%'::text)))"}]}, {"Node Type": "Index Scan", "Parent Relationship": "Inner", "Scan Direction": "Forward", "Index Name": "title_pkey", "Relation Name": "title", "Alias": "t", "Startup Cost": 0.0, "Total Cost": 8.23, "Plan Rows": 1, "Plan Width": 21, "Index Cond": "(id = mi.movie_id)", "Filter": "(production_year > 1990)"}]}, {"Node Type": "Index Scan", "Parent Relationship": "Inner", "Scan Direction": "Forward", "Index Name": "movie_id_movie_companies", "Relation Name": "movie_companies", "Alias": "mc", "Startup Cost": 0.0, "Total Cost": 0.35, "Plan Rows": 2, "Plan Width": 12, "Index Cond": "(movie_id = t.id)"}]}, {"Node Type": "Index Scan", "Parent Relationship": "Inner", "Scan Direction": "Forward", "Index Name": "company_name_pkey", "Relation Name": "company_name", "Alias": "cn", "Startup Cost": 0.0, "Total Cost": 0.28, "Plan Rows": 1, "Plan Width": 4, "Index Cond": "(id = mc.company_id)", "Filter": "((country_code)::text = '[us]'::text)"}]}, {"Node Type": "Index Scan", "Parent Relationship": "Inner", "Scan Direction": "Forward", "Index Name": "company_type_pkey", "Relation Name": "company_type", "Alias": "ct", "Startup Cost": 0.0, "Total Cost": 0.27, "Plan Rows": 1, "Plan Width": 4, "Index Cond": "(id = mc.company_type_id)"}]}, {"Node Type": "Index Scan", "Parent Relationship": "Inner", "Scan Direction": "Forward", "Index Name": "movie_id_aka_title", "Relation Name": "aka_title", "Alias": "at", "Startup Cost": 0.0, "Total Cost": 0.33, "Plan Rows": 3, "Plan Width": 4, "Index Cond": "(movie_id = t.id)"}]}, {"Node Type": "Index Scan", "Parent Relationship": "Inner", "Scan Direction": "Forward", "Index Name": "movie_id_movie_keyword", "Relation Name": "movie_keyword", "Alias": "mk", "Startup Cost": 0.0, "Total Cost": 0.46, "Plan Rows": 8, "Plan Width": 8, "Index Cond": "(movie_id = mc.movie_id)"}]}, {"Node Type": "Index Scan", "Parent Relationship": "Inner", "Scan Direction": "Forward", "Index Name": "keyword_pkey", "Relation Name": "keyword", "Alias": "k", "Startup Cost": 0.0, "Total Cost": 0.27, "Plan Rows": 1, "Plan Width": 4, "Index Cond": "(id = mk.keyword_id)"}]}]}, "Unique SQL Id": 2846462052}, "explain_analyze_plan": null}, "(64, 78)": {"explain_plan": {"Plan": {"Node Type": "Aggregate", "Strategy": "Plain", "Startup Cost": 304072.67, "Total Cost": 304072.68, "Plan Rows": 1, "Plan Width": 123, "Plans": [{"Node Type": "Hash Join", "Parent Relationship": "Outer", "Join Type": "Inner", "Startup Cost": 154961.09, "Total Cost": 304072.0, "Plan Rows": 134, "Plan Width": 59, "Inner Unique": true, "Hash Cond": "(mk.keyword_id = k.id)", "Plans": [{"Node Type": "Hash Join", "Parent Relationship": "Outer", "Join Type": "Inner", "Startup Cost": 151183.29, "Total Cost": 300292.38, "Plan Rows": 134, "Plan Width": 63, "Inner Unique": true, "Hash Cond": "(mc.company_type_id = ct.id)", "Plans": [{"Node Type": "Hash Join", "Parent Relationship": "Outer", "Join Type": "Inner", "Startup Cost": 151182.22, "Total Cost": 300289.47, "Plan Rows": 134, "Plan Width": 67, "Inner Unique": true, "Hash Cond": "(mc.company_id = cn.id)", "Plans": [{"Node Type": "Hash Join", "Parent Relationship": "Outer", "Join Type": "Inner", "Startup Cost": 144214.15, "Total Cost": 293319.46, "Plan Rows": 223, "Plan Width": 71, "Inner Unique": false, "Hash Cond": "(t.id = at.movie_id)", "Plans": [{"Node Type": "Streaming(type: LOCAL GATHER dop: 1/64)", "Parent Relationship": "Outer", "Startup Cost": 137222.08, "Total Cost": 286319.28, "Plan Rows": 101, "Plan Width": 87, "Plans": [{"Node Type": "Hash Join", "Parent Relationship": "Outer", "Join Type": "Inner", "Startup Cost": 137222.08, "Total Cost": 286317.2, "Plan Rows": 101, "Plan Width": 87, "Inner Unique": true, "Hash Cond": "(mi.movie_id = t.id)", "Plans": [{"Node Type": "Streaming(type: BROADCAST dop: 64/1)", "Parent Relationship": "Outer", "Startup Cost": 120871.18, "Total Cost": 269966.0, "Plan Rows": 4672, "Plan Width": 66, "Plans": [{"Node Type": "Hash Join", "Parent Relationship": "Outer", "Join Type": "Inner", "Startup Cost": 120871.18, "Total Cost": 206869.61, "Plan Rows": 73, "Plan Width": 66, "Inner Unique": false, "Hash Cond": "(mk.movie_id = mi.movie_id)", "Plans": [{"Node Type": "Seq Scan", "Parent Relationship": "Outer", "Relation Name": "movie_keyword", "Alias": "mk", "Startup Cost": 0.0, "Total Cost": 62441.29, "Plan Rows": 4523929, "Plan Width": 8}, {"Node Type": "Hash", "Parent Relationship": "Inner", "Startup Cost": 120871.07, "Total Cost": 120871.07, "Plan Rows": 9, "Plan Width": 58, "Plans": [{"Node Type": "Hash Join", "Parent Relationship": "Outer", "Join Type": "Inner", "Startup Cost": 69391.73, "Total Cost": 120871.07, "Plan Rows": 9, "Plan Width": 58, "Inner Unique": false, "Hash Cond": "(mc.movie_id = mi.movie_id)", "Plans": [{"Node Type": "Seq Scan", "Parent Relationship": "Outer", "Relation Name": "movie_companies", "Alias": "mc", "Startup Cost": 0.0, "Total Cost": 41817.28, "Plan Rows": 2609128, "Plan Width": 12}, {"Node Type": "Hash", "Parent Relationship": "Inner", "Startup Cost": 69391.68, "Total Cost": 69391.68, "Plan Rows": 4, "Plan Width": 46, "Plans": [{"Node Type": "Hash Join", "Parent Relationship": "Outer", "Join Type": "Inner", "Startup Cost": 2.41, "Total Cost": 69391.68, "Plan Rows": 4, "Plan Width": 46, "Inner Unique": true, "Hash Cond": "(mi.info_type_id = it1.id)", "Plans": [{"Node Type": "Streaming(type: LOCAL GATHER dop: 1/64)", "Parent Relationship": "Outer", "Startup Cost": 0.0, "Total Cost": 69388.27, "Plan Rows": 255, "Plan Width": 50, "Plans": [{"Node Type": "Seq Scan", "Parent Relationship": "Outer", "Relation Name": "movie_info", "Alias": "mi", "Startup Cost": 0.0, "Total Cost": 69383.01, "Plan Rows": 255, "Plan Width": 50, "Filter": "((info IS NOT NULL) AND ((note)::text ~~ '%internet%'::text) AND (((info)::text ~~ 'USA:% 199%'::text) OR ((info)::text ~~ 'USA:% 200%'::text)))"}]}, {"Node Type": "Hash", "Parent Relationship": "Inner", "Startup Cost": 2.4, "Total Cost": 2.4, "Plan Rows": 1, "Plan Width": 4, "Plans": [{"Node Type": "Seq Scan", "Parent Relationship": "Outer", "Relation Name": "info_type", "Alias": "it1", "Startup Cost": 0.0, "Total Cost": 2.4, "Plan Rows": 1, "Plan Width": 4, "Filter": "((info)::text = 'release dates'::text)"}]}]}]}]}]}]}]}, {"Node Type": "Hash", "Parent Relationship": "Inner", "Startup Cost": 64037.34, "Total Cost": 64037.34, "Plan Rows": 1748840, "Plan Width": 21, "Plans": [{"Node Type": "Seq Scan", "Parent Relationship": "Outer", "Relation Name": "title", "Alias": "t", "Startup Cost": 0.0, "Total Cost": 64037.34, "Plan Rows": 1748840, "Plan Width": 21, "Filter": "(production_year > 1990), (LLVM Optimized)"}]}]}]}, {"Node Type": "Hash", "Parent Relationship": "Inner", "Startup Cost": 9894.71, "Total Cost": 9894.71, "Plan Rows": 361471, "Plan Width": 4, "Plans": [{"Node Type": "Seq Scan", "Parent Relationship": "Outer", "Relation Name": "aka_title", "Alias": "at", "Startup Cost": 0.0, "Total Cost": 9894.71, "Plan Rows": 361471, "Plan Width": 4}]}]}, {"Node Type": "Hash", "Parent Relationship": "Inner", "Startup Cost": 5903.45, "Total Cost": 5903.45, "Plan Rows": 85170, "Plan Width": 4, "Plans": [{"Node Type": "Seq Scan", "Parent Relationship": "Outer", "Relation Name": "company_name", "Alias": "cn", "Startup Cost": 0.0, "Total Cost": 5903.45, "Plan Rows": 85170, "Plan Width": 4, "Filter": "((country_code)::text = '[us]'::text)"}]}]}, {"Node Type": "Hash", "Parent Relationship": "Inner", "Startup Cost": 1.03, "Total Cost": 1.03, "Plan Rows": 3, "Plan Width": 4, "Plans": [{"Node Type": "Seq Scan", "Parent Relationship": "Outer", "Relation Name": "company_type", "Alias": "ct", "Startup Cost": 0.0, "Total Cost": 1.03, "Plan Rows": 3, "Plan Width": 4}]}]}, {"Node Type": "Hash", "Parent Relationship": "Inner", "Startup Cost": 2100.69, "Total Cost": 2100.69, "Plan Rows": 134169, "Plan Width": 4, "Plans": [{"Node Type": "Seq Scan", "Parent Relationship": "Outer", "Relation Name": "keyword", "Alias": "k", "Startup Cost": 0.0, "Total Cost": 2100.69, "Plan Rows": 134169, "Plan Width": 4}]}]}]}, "Unique SQL Id": 2846462052}, "explain_analyze_plan": null}, "(64, 79)": {"explain_plan": {"Plan": {"Node Type": "Aggregate", "Strategy": "Plain", "Startup Cost": 8991774348729.84, "Total Cost": 8991774348729.85, "Plan Rows": 1, "Plan Width": 123, "Plans": [{"Node Type": "Hash Join", "Parent Relationship": "Outer", "Join Type": "Inner", "Startup Cost": 4050168407940.94, "Total Cost": 8991774348729.17, "Plan Rows": 134, "Plan Width": 59, "Inner Unique": true, "Hash Cond": "(mk.keyword_id = k.id)", "Plans": [{"Node Type": "Hash Join", "Parent Relationship": "Outer", "Join Type": "Inner", "Startup Cost": 3050168121534.39, "Total Cost": 7991774062320.81, "Plan Rows": 134, "Plan Width": 63, "Inner Unique": true, "Hash Cond": "(mi.info_type_id = it1.id)", "Plans": [{"Node Type": "Hash Join", "Parent Relationship": "Outer", "Join Type": "Inner", "Startup Cost": 2050168120113.38, "Total Cost": 6991774060863.29, "Plan Rows": 9378, "Plan Width": 67, "Inner Unique": true, "Hash Cond": "(mc.company_type_id = ct.id)", "Plans": [{"Node Type": "Hash Join", "Parent Relationship": "Outer", "Join Type": "Inner", "Startup Cost": 1050168118883.84, "Total Cost": 5991774059504.8, "Plan Rows": 9378, "Plan Width": 71, "Inner Unique": true, "Hash Cond": "(mc.company_id = cn.id)", "Plans": [{"Node Type": "Merge Join", "Parent Relationship": "Outer", "Join Type": "Inner", "Startup Cost": 50167067680.24, "Total Cost": 4991773008165.72, "Plan Rows": 15637, "Plan Width": 75, "Inner Unique": false, "Merge Cond": "(t.id = mk.movie_id)", "Plans": [{"Node Type": "Merge Join", "Parent Relationship": "Outer", "Join Type": "Inner", "Startup Cost": 40167067680.24, "Total Cost": 3995839917871.06, "Plan Rows": 1938, "Plan Width": 87, "Inner Unique": false, "Merge Cond": "(t.id = mc.movie_id)", "Plans": [{"Node Type": "Merge Join", "Parent Relationship": "Outer", "Join Type": "Inner", "Startup Cost": 30167067680.24, "Total Cost": 2999114730547.16, "Plan Rows": 903, "Plan Width": 75, "Inner Unique": true, "Merge Cond": "(at.movie_id = t.id)", "Plans": [{"Node Type": "Merge Join", "Parent Relationship": "Outer", "Join Type": "Inner", "Startup Cost": 20167067680.24, "Total Cost": 2000116960301.31, "Plan Rows": 652, "Plan Width": 54, "Inner Unique": false, "Merge Cond": "(at.movie_id = mi.movie_id)", "Plans": [{"Node Type": "Index Scan", "Parent Relationship": "Outer", "Scan Direction": "Forward", "Index Name": "movie_id_aka_title", "Relation Name": "aka_title", "Alias": "at", "Startup Cost": 10000000000.0, "Total Cost": 1000001990001.13, "Plan Rows": 361471, "Plan Width": 4}, {"Node Type": "Materialize", "Parent Relationship": "Inner", "Startup Cost": 10000000000.0, "Total Cost": 1000114969387.35, "Plan Rows": 255, "Plan Width": 50, "Plans": [{"Node Type": "Index Scan", "Parent Relationship": "Outer", "Scan Direction": "Forward", "Index Name": "movie_id_movie_info", "Relation Name": "movie_info", "Alias": "mi", "Startup Cost": 10000000000.0, "Total Cost": 1000114969386.72, "Plan Rows": 255, "Plan Width": 50, "Filter": "((info IS NOT NULL) AND ((note)::text ~~ '%internet%'::text) AND (((info)::text ~~ 'USA:% 199%'::text) OR ((info)::text ~~ 'USA:% 200%'::text)))"}]}]}, {"Node Type": "Index Scan", "Parent Relationship": "Inner", "Scan Direction": "Forward", "Index Name": "title_pkey", "Relation Name": "title", "Alias": "t", "Startup Cost": 10000000000.0, "Total Cost": 1000011644126.66, "Plan Rows": 1748840, "Plan Width": 21, "Filter": "(production_year > 1990), (LLVM Optimized)"}]}, {"Node Type": "Index Scan", "Parent Relationship": "Inner", "Scan Direction": "Forward", "Index Name": "movie_id_movie_companies", "Relation Name": "movie_companies", "Alias": "mc", "Startup Cost": 10000000000.0, "Total Cost": 1000013051946.13, "Plan Rows": 2609128, "Plan Width": 12}]}, {"Node Type": "Index Scan", "Parent Relationship": "Inner", "Scan Direction": "Forward", "Index Name": "movie_id_movie_keyword", "Relation Name": "movie_keyword", "Alias": "mk", "Startup Cost": 10000000000.0, "Total Cost": 1000015300634.17, "Plan Rows": 4523929, "Plan Width": 8}]}, {"Node Type": "Hash", "Parent Relationship": "Inner", "Startup Cost": 1000001050138.97, "Total Cost": 1000001050138.97, "Plan Rows": 85170, "Plan Width": 4, "Plans": [{"Node Type": "Index Scan", "Parent Relationship": "Outer", "Scan Direction": "Forward", "Index Name": "company_name_pkey", "Relation Name": "company_name", "Alias": "cn", "Startup Cost": 10000000000.0, "Total Cost": 1000001050138.97, "Plan Rows": 85170, "Plan Width": 4, "Filter": "((country_code)::text = '[us]'::text)"}]}]}, {"Node Type": "Hash", "Parent Relationship": "Inner", "Startup Cost": 1000000001229.5, "Total Cost": 1000000001229.5, "Plan Rows": 3, "Plan Width": 4, "Plans": [{"Node Type": "Index Scan", "Parent Relationship": "Outer", "Scan Direction": "Forward", "Index Name": "company_type_pkey", "Relation Name": "company_type", "Alias": "ct", "Startup Cost": 10000000000.0, "Total Cost": 1000000001229.5, "Plan Rows": 3, "Plan Width": 4}]}]}, {"Node Type": "Hash", "Parent Relationship": "Inner", "Startup Cost": 1000000001421.0, "Total Cost": 1000000001421.0, "Plan Rows": 1, "Plan Width": 4, "Plans": [{"Node Type": "Index Scan", "Parent Relationship": "Outer", "Scan Direction": "Forward", "Index Name": "info_type_pkey", "Relation Name": "info_type", "Alias": "it1", "Startup Cost": 10000000000.0, "Total Cost": 1000000001421.0, "Plan Rows": 1, "Plan Width": 4, "Filter": "((info)::text = 'release dates'::text)"}]}]}, {"Node Type": "Hash", "Parent Relationship": "Inner", "Startup Cost": 1000000284729.43, "Total Cost": 1000000284729.43, "Plan Rows": 134169, "Plan Width": 4, "Plans": [{"Node Type": "Index Scan", "Parent Relationship": "Outer", "Scan Direction": "Forward", "Index Name": "keyword_pkey", "Relation Name": "keyword", "Alias": "k", "Startup Cost": 10000000000.0, "Total Cost": 1000000284729.43, "Plan Rows": 134169, "Plan Width": 4}]}]}]}, "Unique SQL Id": 2846462052}, "explain_analyze_plan": null}, "(64, 80)": {"explain_plan": {"Plan": {"Node Type": "Aggregate", "Strategy": "Plain", "Startup Cost": 69545.12, "Total Cost": 69545.13, "Plan Rows": 1, "Plan Width": 123, "Plans": [{"Node Type": "Nested Loop", "Parent Relationship": "Outer", "Join Type": "Inner", "Startup Cost": 0.0, "Total Cost": 69544.45, "Plan Rows": 134, "Plan Width": 59, "Inner Unique": false, "Plans": [{"Node Type": "Nested Loop", "Parent Relationship": "Outer", "Join Type": "Inner", "Startup Cost": 0.0, "Total Cost": 69529.4, "Plan Rows": 44, "Plan Width": 75, "Inner Unique": true, "Plans": [{"Node Type": "Nested Loop", "Parent Relationship": "Outer", "Join Type": "Inner", "Startup Cost": 0.0, "Total Cost": 69517.08, "Plan Rows": 44, "Plan Width": 79, "Inner Unique": false, "Join Filter": "(t.id = mk.movie_id)", "Plans": [{"Node Type": "Nested Loop", "Parent Relationship": "Outer", "Join Type": "Inner", "Startup Cost": 0.0, "Total Cost": 69513.71, "Plan Rows": 6, "Plan Width": 71, "Inner Unique": true, "Plans": [{"Node Type": "Nested Loop", "Parent Relationship": "Outer", "Join Type": "Inner", "Startup Cost": 0.0, "Total Cost": 69510.91, "Plan Rows": 10, "Plan Width": 75, "Inner Unique": true, "Plans": [{"Node Type": "Nested Loop", "Parent Relationship": "Outer", "Join Type": "Inner", "Startup Cost": 0.0, "Total Cost": 69507.45, "Plan Rows": 12, "Plan Width": 79, "Inner Unique": false, "Plans": [{"Node Type": "Nested Loop", "Parent Relationship": "Outer", "Join Type": "Inner", "Startup Cost": 0.0, "Total Cost": 69505.25, "Plan Rows": 6, "Plan Width": 67, "Inner Unique": true, "Plans": [{"Node Type": "Nested Loop", "Parent Relationship": "Outer", "Join Type": "Inner", "Startup Cost": 0.0, "Total Cost": 69472.3, "Plan Rows": 4, "Plan Width": 46, "Inner Unique": true, "Plans": [{"Node Type": "Streaming(type: LOCAL GATHER dop: 1/64)", "Parent Relationship": "Outer", "Startup Cost": 0.0, "Total Cost": 69388.27, "Plan Rows": 255, "Plan Width": 50, "Plans": [{"Node Type": "Seq Scan", "Parent Relationship": "Outer", "Relation Name": "movie_info", "Alias": "mi", "Startup Cost": 0.0, "Total Cost": 69383.01, "Plan Rows": 255, "Plan Width": 50, "Filter": "((info IS NOT NULL) AND ((note)::text ~~ '%internet%'::text) AND (((info)::text ~~ 'USA:% 199%'::text) OR ((info)::text ~~ 'USA:% 200%'::text)))"}]}, {"Node Type": "Index Scan", "Parent Relationship": "Inner", "Scan Direction": "Forward", "Index Name": "info_type_pkey", "Relation Name": "info_type", "Alias": "it1", "Startup Cost": 0.0, "Total Cost": 0.32, "Plan Rows": 1, "Plan Width": 4, "Index Cond": "(id = mi.info_type_id)", "Filter": "((info)::text = 'release dates'::text)"}]}, {"Node Type": "Index Scan", "Parent Relationship": "Inner", "Scan Direction": "Forward", "Index Name": "title_pkey", "Relation Name": "title", "Alias": "t", "Startup Cost": 0.0, "Total Cost": 8.23, "Plan Rows": 1, "Plan Width": 21, "Index Cond": "(id = mi.movie_id)", "Filter": "(production_year > 1990)"}]}, {"Node Type": "Index Scan", "Parent Relationship": "Inner", "Scan Direction": "Forward", "Index Name": "movie_id_movie_companies", "Relation Name": "movie_companies", "Alias": "mc", "Startup Cost": 0.0, "Total Cost": 0.35, "Plan Rows": 2, "Plan Width": 12, "Index Cond": "(movie_id = t.id)"}]}, {"Node Type": "Index Scan", "Parent Relationship": "Inner", "Scan Direction": "Forward", "Index Name": "company_name_pkey", "Relation Name": "company_name", "Alias": "cn", "Startup Cost": 0.0, "Total Cost": 0.28, "Plan Rows": 1, "Plan Width": 4, "Index Cond": "(id = mc.company_id)", "Filter": "((country_code)::text = '[us]'::text)"}]}, {"Node Type": "Index Only Scan", "Parent Relationship": "Inner", "Scan Direction": "Forward", "Index Name": "company_type_pkey", "Relation Name": "company_type", "Alias": "ct", "Startup Cost": 0.0, "Total Cost": 0.27, "Plan Rows": 1, "Plan Width": 4, "Index Cond": "(id = mc.company_type_id)"}]}, {"Node Type": "Index Scan", "Parent Relationship": "Inner", "Scan Direction": "Forward", "Index Name": "movie_id_movie_keyword", "Relation Name": "movie_keyword", "Alias": "mk", "Startup Cost": 0.0, "Total Cost": 0.46, "Plan Rows": 8, "Plan Width": 8, "Index Cond": "(movie_id = mc.movie_id)"}]}, {"Node Type": "Index Only Scan", "Parent Relationship": "Inner", "Scan Direction": "Forward", "Index Name": "keyword_pkey", "Relation Name": "keyword", "Alias": "k", "Startup Cost": 0.0, "Total Cost": 0.27, "Plan Rows": 1, "Plan Width": 4, "Index Cond": "(id = mk.keyword_id)"}]}, {"Node Type": "Index Only Scan", "Parent Relationship": "Inner", "Scan Direction": "Forward", "Index Name": "movie_id_aka_title", "Relation Name": "aka_title", "Alias": "at", "Startup Cost": 0.0, "Total Cost": 0.31, "Plan Rows": 3, "Plan Width": 4, "Index Cond": "(movie_id = t.id)"}]}]}, "Unique SQL Id": 2846462052}, "explain_analyze_plan": {"Plan": {"Node Type": "Aggregate", "Strategy": "Plain", "Startup Cost": 69545.12, "Total Cost": 69545.13, "Plan Rows": 1, "Plan Width": 123, "Actual Min Startup Time": 232.775, "Actual Max Startup Time": 232.775, "Actual Min Total Time": 232.776, "Actual Max Total Time": 232.776, "Actual Total Rows": 1, "Plans": [{"Node Type": "Nested Loop", "Parent Relationship": "Outer", "Join Type": "Inner", "Startup Cost": 0.0, "Total Cost": 69544.45, "Plan Rows": 134, "Plan Width": 59, "Actual Min Startup Time": 138.197, "Actual Max Startup Time": 138.197, "Actual Min Total Time": 231.951, "Actual Max Total Time": 231.951, "Actual Total Rows": 1140, "Inner Unique": false, "Plans": [{"Node Type": "Nested Loop", "Parent Relationship": "Outer", "Join Type": "Inner", "Startup Cost": 0.0, "Total Cost": 69529.4, "Plan Rows": 44, "Plan Width": 75, "Actual Min Startup Time": 137.646, "Actual Max Startup Time": 137.646, "Actual Min Total Time": 218.336, "Actual Max Total Time": 218.336, "Actual Total Rows": 4808, "Inner Unique": true, "Plans": [{"Node Type": "Nested Loop", "Parent Relationship": "Outer", "Join Type": "Inner", "Startup Cost": 0.0, "Total Cost": 69517.08, "Plan Rows": 44, "Plan Width": 79, "Actual Min Startup Time": 137.633, "Actual Max Startup Time": 137.633, "Actual Min Total Time": 202.135, "Actual Max Total Time": 202.135, "Actual Total Rows": 4808, "Inner Unique": false, "Join Filter": "(t.id = mk.movie_id)", "Rows Removed by Join Filter": 0, "Plans": [{"Node Type": "Nested Loop", "Parent Relationship": "Outer", "Join Type": "Inner", "Startup Cost": 0.0, "Total Cost": 69513.71, "Plan Rows": 6, "Plan Width": 71, "Actual Min Startup Time": 137.608, "Actual Max Startup Time": 137.608, "Actual Min Total Time": 189.736, "Actual Max Total Time": 189.736, "Actual Total Rows": 1488, "Inner Unique": true, "Plans": [{"Node Type": "Nested Loop", "Parent Relationship": "Outer", "Join Type": "Inner", "Startup Cost": 0.0, "Total Cost": 69510.91, "Plan Rows": 10, "Plan Width": 75, "Actual Min Startup Time": 137.541, "Actual Max Startup Time": 137.541, "Actual Min Total Time": 185.751, "Actual Max Total Time": 185.751, "Actual Total Rows": 2647, "Inner Unique": true, "Plans": [{"Node Type": "Nested Loop", "Parent Relationship": "Outer", "Join Type": "Inner", "Startup Cost": 0.0, "Total Cost": 69507.45, "Plan Rows": 12, "Plan Width": 79, "Actual Min Startup Time": 137.518, "Actual Max Startup Time": 137.518, "Actual Min Total Time": 170.533, "Actual Max Total Time": 170.533, "Actual Total Rows": 2884, "Inner Unique": false, "Plans": [{"Node Type": "Nested Loop", "Parent Relationship": "Outer", "Join Type": "Inner", "Startup Cost": 0.0, "Total Cost": 69505.25, "Plan Rows": 6, "Plan Width": 67, "Actual Min Startup Time": 137.499, "Actual Max Startup Time": 137.499, "Actual Min Total Time": 157.44, "Actual Max Total Time": 157.44, "Actual Total Rows": 1782, "Inner Unique": true, "Plans": [{"Node Type": "Nested Loop", "Parent Relationship": "Outer", "Join Type": "Inner", "Startup Cost": 0.0, "Total Cost": 69472.3, "Plan Rows": 4, "Plan Width": 46, "Actual Min Startup Time": 137.478, "Actual Max Startup Time": 137.478, "Actual Min Total Time": 144.05, "Actual Max Total Time": 144.05, "Actual Total Rows": 1783, "Inner Unique": true, "Plans": [{"Node Type": "Streaming(type: LOCAL GATHER dop: 1/64)", "Parent Relationship": "Outer", "Startup Cost": 0.0, "Total Cost": 69388.27, "Plan Rows": 255, "Plan Width": 50, "Actual Min Startup Time": 137.425, "Actual Max Startup Time": 137.425, "Actual Min Total Time": 138.843, "Actual Max Total Time": 138.843, "Actual Total Rows": 1783, "Plans": [{"Node Type": "Seq Scan", "Parent Relationship": "Outer", "Relation Name": "movie_info", "Alias": "mi", "Startup Cost": 0.0, "Total Cost": 69383.01, "Plan Rows": 255, "Plan Width": 50, "Actual Min Startup Time": 20.09, "Actual Max Startup Time": 28.393, "Actual Min Total Time": 71.67, "Actual Max Total Time": 82.135, "Actual Total Rows": 1783, "Filter": "((info IS NOT NULL) AND ((note)::text ~~ '%internet%'::text) AND (((info)::text ~~ 'USA:% 199%'::text) OR ((info)::text ~~ 'USA:% 200%'::text)))", "Rows Removed by Filter": 14833936}]}, {"Node Type": "Index Scan", "Parent Relationship": "Inner", "Scan Direction": "Forward", "Index Name": "info_type_pkey", "Relation Name": "info_type", "Alias": "it1", "Startup Cost": 0.0, "Total Cost": 0.32, "Plan Rows": 1, "Plan Width": 4, "Actual Min Startup Time": 3.374, "Actual Max Startup Time": 3.374, "Actual Min Total Time": 3.374, "Actual Max Total Time": 3.374, "Actual Total Rows": 1783, "Index Cond": "(id = mi.info_type_id)", "Rows Removed by Index Recheck": 0, "Filter": "((info)::text = 'release dates'::text)", "Rows Removed by Filter": 0}]}, {"Node Type": "Index Scan", "Parent Relationship": "Inner", "Scan Direction": "Forward", "Index Name": "title_pkey", "Relation Name": "title", "Alias": "t", "Startup Cost": 0.0, "Total Cost": 8.23, "Plan Rows": 1, "Plan Width": 21, "Actual Min Startup Time": 11.598, "Actual Max Startup Time": 11.598, "Actual Min Total Time": 11.598, "Actual Max Total Time": 11.598, "Actual Total Rows": 1782, "Index Cond": "(id = mi.movie_id)", "Rows Removed by Index Recheck": 0, "Filter": "(production_year > 1990)", "Rows Removed by Filter": 1}]}, {"Node Type": "Index Scan", "Parent Relationship": "Inner", "Scan Direction": "Forward", "Index Name": "movie_id_movie_companies", "Relation Name": "movie_companies", "Alias": "mc", "Startup Cost": 0.0, "Total Cost": 0.35, "Plan Rows": 2, "Plan Width": 12, "Actual Min Startup Time": 8.82, "Actual Max Startup Time": 8.82, "Actual Min Total Time": 11.307, "Actual Max Total Time": 11.307, "Actual Total Rows": 2884, "Index Cond": "(movie_id = t.id)", "Rows Removed by Index Recheck": 0}]}, {"Node Type": "Index Scan", "Parent Relationship": "Inner", "Scan Direction": "Forward", "Index Name": "company_name_pkey", "Relation Name": "company_name", "Alias": "cn", "Startup Cost": 0.0, "Total Cost": 0.28, "Plan Rows": 1, "Plan Width": 4, "Actual Min Startup Time": 12.682, "Actual Max Startup Time": 12.682, "Actual Min Total Time": 12.682, "Actual Max Total Time": 12.682, "Actual Total Rows": 2647, "Index Cond": "(id = mc.company_id)", "Rows Removed by Index Recheck": 0, "Filter": "((country_code)::text = '[us]'::text)", "Rows Removed by Filter": 237}]}, {"Node Type": "Index Only Scan", "Parent Relationship": "Inner", "Scan Direction": "Forward", "Index Name": "company_type_pkey", "Relation Name": "company_type", "Alias": "ct", "Startup Cost": 0.0, "Total Cost": 0.27, "Plan Rows": 1, "Plan Width": 4, "Actual Min Startup Time": 2.164, "Actual Max Startup Time": 2.164, "Actual Min Total Time": 2.164, "Actual Max Total Time": 2.164, "Actual Total Rows": 1488, "Index Cond": "(id = mc.company_type_id)", "Rows Removed by Index Recheck": 0, "Heap Fetches": 0}]}, {"Node Type": "Index Scan", "Parent Relationship": "Inner", "Scan Direction": "Forward", "Index Name": "movie_id_movie_keyword", "Relation Name": "movie_keyword", "Alias": "mk", "Startup Cost": 0.0, "Total Cost": 0.46, "Plan Rows": 8, "Plan Width": 8, "Actual Min Startup Time": 7.483, "Actual Max Startup Time": 7.483, "Actual Min Total Time": 9.775, "Actual Max Total Time": 9.775, "Actual Total Rows": 4808, "Index Cond": "(movie_id = mc.movie_id)", "Rows Removed by Index Recheck": 0}]}, {"Node Type": "Index Only Scan", "Parent Relationship": "Inner", "Scan Direction": "Forward", "Index Name": "keyword_pkey", "Relation Name": "keyword", "Alias": "k", "Startup Cost": 0.0, "Total Cost": 0.27, "Plan Rows": 1, "Plan Width": 4, "Actual Min Startup Time": 12.641, "Actual Max Startup Time": 12.641, "Actual Min Total Time": 12.641, "Actual Max Total Time": 12.641, "Actual Total Rows": 4808, "Index Cond": "(id = mk.keyword_id)", "Rows Removed by Index Recheck": 0, "Heap Fetches": 0}]}, {"Node Type": "Index Only Scan", "Parent Relationship": "Inner", "Scan Direction": "Forward", "Index Name": "movie_id_aka_title", "Relation Name": "aka_title", "Alias": "at", "Startup Cost": 0.0, "Total Cost": 0.31, "Plan Rows": 3, "Plan Width": 4, "Actual Min Startup Time": 10.491, "Actual Max Startup Time": 10.491, "Actual Min Total Time": 10.768, "Actual Max Total Time": 10.768, "Actual Total Rows": 1140, "Index Cond": "(movie_id = t.id)", "Rows Removed by Index Recheck": 0, "Heap Fetches": 0}]}]}, "Triggers": [], "Planner Runtime": 164.596, "Total Runtime": 244.838, "Unique SQL Id": 2846462052}}, "(64, 81)": {"explain_plan": {"Plan": {"Node Type": "Aggregate", "Strategy": "Plain", "Startup Cost": 165028.92, "Total Cost": 165028.93, "Plan Rows": 1, "Plan Width": 123, "Plans": [{"Node Type": "Nested Loop", "Parent Relationship": "Outer", "Join Type": "Inner", "Startup Cost": 4841.46, "Total Cost": 165028.25, "Plan Rows": 134, "Plan Width": 59, "Inner Unique": false, "Plans": [{"Node Type": "Nested Loop", "Parent Relationship": "Outer", "Join Type": "Inner", "Startup Cost": 4841.46, "Total Cost": 165013.2, "Plan Rows": 44, "Plan Width": 75, "Inner Unique": true, "Plans": [{"Node Type": "Nested Loop", "Parent Relationship": "Outer", "Join Type": "Inner", "Startup Cost": 4841.46, "Total Cost": 165000.88, "Plan Rows": 44, "Plan Width": 79, "Inner Unique": false, "Join Filter": "(t.id = mk.movie_id)", "Plans": [{"Node Type": "Nested Loop", "Parent Relationship": "Outer", "Join Type": "Inner", "Startup Cost": 4841.46, "Total Cost": 164997.5, "Plan Rows": 6, "Plan Width": 71, "Inner Unique": true, "Plans": [{"Node Type": "Nested Loop", "Parent Relationship": "Outer", "Join Type": "Inner", "Startup Cost": 4841.46, "Total Cost": 164994.7, "Plan Rows": 10, "Plan Width": 75, "Inner Unique": true, "Plans": [{"Node Type": "Nested Loop", "Parent Relationship": "Outer", "Join Type": "Inner", "Startup Cost": 4841.46, "Total Cost": 164991.25, "Plan Rows": 12, "Plan Width": 79, "Inner Unique": false, "Plans": [{"Node Type": "Nested Loop", "Parent Relationship": "Outer", "Join Type": "Inner", "Startup Cost": 4841.46, "Total Cost": 164989.04, "Plan Rows": 6, "Plan Width": 67, "Inner Unique": true, "Plans": [{"Node Type": "Nested Loop", "Parent Relationship": "Outer", "Join Type": "Inner", "Startup Cost": 4841.46, "Total Cost": 164956.1, "Plan Rows": 4, "Plan Width": 46, "Inner Unique": false, "Plans": [{"Node Type": "Index Scan", "Parent Relationship": "Outer", "Scan Direction": "Forward", "Index Name": "info_type_pkey", "Relation Name": "info_type", "Alias": "it1", "Startup Cost": 0.0, "Total Cost": 14.21, "Plan Rows": 1, "Plan Width": 4, "Filter": "((info)::text = 'release dates'::text)"}, {"Node Type": "Bitmap Heap Scan", "Parent Relationship": "Inner", "Relation Name": "movie_info", "Alias": "mi", "Startup Cost": 4841.46, "Total Cost": 164941.85, "Plan Rows": 4, "Plan Width": 50, "Recheck Cond": "(info_type_id = it1.id)", "Filter": "((info IS NOT NULL) AND ((note)::text ~~ '%internet%'::text) AND (((info)::text ~~ 'USA:% 199%'::text) OR ((info)::text ~~ 'USA:% 200%'::text)))", "Plans": [{"Node Type": "Bitmap Index Scan", "Parent Relationship": "Outer", "Index Name": "info_type_id_movie_info", "Startup Cost": 0.0, "Total Cost": 4841.46, "Plan Rows": 212428, "Plan Width": 0, "Index Cond": "(info_type_id = it1.id)"}]}]}, {"Node Type": "Index Scan", "Parent Relationship": "Inner", "Scan Direction": "Forward", "Index Name": "title_pkey", "Relation Name": "title", "Alias": "t", "Startup Cost": 0.0, "Total Cost": 8.23, "Plan Rows": 1, "Plan Width": 21, "Index Cond": "(id = mi.movie_id)", "Filter": "(production_year > 1990)"}]}, {"Node Type": "Index Scan", "Parent Relationship": "Inner", "Scan Direction": "Forward", "Index Name": "movie_id_movie_companies", "Relation Name": "movie_companies", "Alias": "mc", "Startup Cost": 0.0, "Total Cost": 0.35, "Plan Rows": 2, "Plan Width": 12, "Index Cond": "(movie_id = t.id)"}]}, {"Node Type": "Index Scan", "Parent Relationship": "Inner", "Scan Direction": "Forward", "Index Name": "company_name_pkey", "Relation Name": "company_name", "Alias": "cn", "Startup Cost": 0.0, "Total Cost": 0.28, "Plan Rows": 1, "Plan Width": 4, "Index Cond": "(id = mc.company_id)", "Filter": "((country_code)::text = '[us]'::text)"}]}, {"Node Type": "Index Only Scan", "Parent Relationship": "Inner", "Scan Direction": "Forward", "Index Name": "company_type_pkey", "Relation Name": "company_type", "Alias": "ct", "Startup Cost": 0.0, "Total Cost": 0.27, "Plan Rows": 1, "Plan Width": 4, "Index Cond": "(id = mc.company_type_id)"}]}, {"Node Type": "Index Scan", "Parent Relationship": "Inner", "Scan Direction": "Forward", "Index Name": "movie_id_movie_keyword", "Relation Name": "movie_keyword", "Alias": "mk", "Startup Cost": 0.0, "Total Cost": 0.46, "Plan Rows": 8, "Plan Width": 8, "Index Cond": "(movie_id = mc.movie_id)"}]}, {"Node Type": "Index Only Scan", "Parent Relationship": "Inner", "Scan Direction": "Forward", "Index Name": "keyword_pkey", "Relation Name": "keyword", "Alias": "k", "Startup Cost": 0.0, "Total Cost": 0.27, "Plan Rows": 1, "Plan Width": 4, "Index Cond": "(id = mk.keyword_id)"}]}, {"Node Type": "Index Only Scan", "Parent Relationship": "Inner", "Scan Direction": "Forward", "Index Name": "movie_id_aka_title", "Relation Name": "aka_title", "Alias": "at", "Startup Cost": 0.0, "Total Cost": 0.31, "Plan Rows": 3, "Plan Width": 4, "Index Cond": "(movie_id = t.id)"}]}]}, "Unique SQL Id": 2846462052}, "explain_analyze_plan": null}, "(64, 82)": {"explain_plan": {"Plan": {"Node Type": "Aggregate", "Strategy": "Plain", "Startup Cost": 72276.98, "Total Cost": 72276.99, "Plan Rows": 1, "Plan Width": 123, "Plans": [{"Node Type": "Nested Loop", "Parent Relationship": "Outer", "Join Type": "Inner", "Startup Cost": 71535.96, "Total Cost": 72276.31, "Plan Rows": 134, "Plan Width": 59, "Inner Unique": true, "Plans": [{"Node Type": "Nested Loop", "Parent Relationship": "Outer", "Join Type": "Inner", "Startup Cost": 71535.7, "Total Cost": 71702.76, "Plan Rows": 134, "Plan Width": 63, "Inner Unique": false, "Join Filter": "(t.id = mk.movie_id)", "Plans": [{"Node Type": "Nested Loop", "Parent Relationship": "Outer", "Join Type": "Inner", "Startup Cost": 71535.37, "Total Cost": 71625.61, "Plan Rows": 17, "Plan Width": 75, "Inner Unique": false, "Join Filter": "(t.id = at.movie_id)", "Plans": [{"Node Type": "Nested Loop", "Parent Relationship": "Outer", "Join Type": "Inner", "Startup Cost": 71535.09, "Total Cost": 71582.11, "Plan Rows": 10, "Plan Width": 71, "Inner Unique": true, "Plans": [{"Node Type": "Merge Join", "Parent Relationship": "Outer", "Join Type": "Inner", "Startup Cost": 71534.83, "Total Cost": 71535.0, "Plan Rows": 11, "Plan Width": 75, "Inner Unique": false, "Merge Cond": "(ct.id = mc.company_type_id)", "Plans": [{"Node Type": "Sort", "Parent Relationship": "Outer", "Startup Cost": 1.05, "Total Cost": 1.06, "Plan Rows": 3, "Plan Width": 4, "Sort Key": ["ct.id"], "Plans": [{"Node Type": "Seq Scan", "Parent Relationship": "Outer", "Relation Name": "company_type", "Alias": "ct", "Startup Cost": 0.0, "Total Cost": 1.03, "Plan Rows": 3, "Plan Width": 4}]}, {"Node Type": "Sort", "Parent Relationship": "Inner", "Startup Cost": 71533.75, "Total Cost": 71533.78, "Plan Rows": 12, "Plan Width": 79, "Sort Key": ["mc.company_type_id"], "Plans": [{"Node Type": "Nested Loop", "Parent Relationship": "Outer", "Join Type": "Inner", "Startup Cost": 71506.1, "Total Cost": 71533.53, "Plan Rows": 12, "Plan Width": 79, "Inner Unique": false, "Plans": [{"Node Type": "Merge Join", "Parent Relationship": "Outer", "Join Type": "Inner", "Startup Cost": 71505.81, "Total Cost": 71507.54, "Plan Rows": 6, "Plan Width": 67, "Inner Unique": false, "Merge Cond": "(it1.id = mi.info_type_id)", "Plans": [{"Node Type": "Sort", "Parent Relationship": "Outer", "Startup Cost": 2.41, "Total Cost": 2.42, "Plan Rows": 1, "Plan Width": 4, "Sort Key": ["it1.id"], "Plans": [{"Node Type": "Seq Scan", "Parent Relationship": "Outer", "Relation Name": "info_type", "Alias": "it1", "Startup Cost": 0.0, "Total Cost": 2.4, "Plan Rows": 1, "Plan Width": 4, "Filter": "((info)::text = 'release dates'::text)"}]}, {"Node Type": "Sort", "Parent Relationship": "Inner", "Startup Cost": 71503.31, "Total Cost": 71504.19, "Plan Rows": 353, "Plan Width": 71, "Sort Key": ["mi.info_type_id"], "Plans": [{"Node Type": "Nested Loop", "Parent Relationship": "Outer", "Join Type": "Inner", "Startup Cost": 4.21, "Total Cost": 71488.37, "Plan Rows": 353, "Plan Width": 71, "Inner Unique": true, "Plans": [{"Node Type": "Streaming(type: LOCAL GATHER dop: 1/64)", "Parent Relationship": "Outer", "Startup Cost": 0.0, "Total Cost": 69388.27, "Plan Rows": 255, "Plan Width": 50, "Plans": [{"Node Type": "Seq Scan", "Parent Relationship": "Outer", "Relation Name": "movie_info", "Alias": "mi", "Startup Cost": 0.0, "Total Cost": 69383.01, "Plan Rows": 255, "Plan Width": 50, "Filter": "((info IS NOT NULL) AND ((note)::text ~~ '%internet%'::text) AND (((info)::text ~~ 'USA:% 199%'::text) OR ((info)::text ~~ 'USA:% 200%'::text)))"}]}, {"Node Type": "Bitmap Heap Scan", "Parent Relationship": "Inner", "Relation Name": "title", "Alias": "t", "Startup Cost": 4.21, "Total Cost": 8.23, "Plan Rows": 1, "Plan Width": 21, "Recheck Cond": "(id = mi.movie_id)", "Filter": "(production_year > 1990)", "Plans": [{"Node Type": "Bitmap Index Scan", "Parent Relationship": "Outer", "Index Name": "title_pkey", "Startup Cost": 0.0, "Total Cost": 4.21, "Plan Rows": 1, "Plan Width": 0, "Index Cond": "(id = mi.movie_id)"}]}]}]}]}, {"Node Type": "Bitmap Heap Scan", "Parent Relationship": "Inner", "Relation Name": "movie_companies", "Alias": "mc", "Startup Cost": 0.29, "Total Cost": 4.31, "Plan Rows": 2, "Plan Width": 12, "Recheck Cond": "(movie_id = t.id)", "Plans": [{"Node Type": "Bitmap Index Scan", "Parent Relationship": "Outer", "Index Name": "movie_id_movie_companies", "Startup Cost": 0.0, "Total Cost": 0.29, "Plan Rows": 2, "Plan Width": 0, "Index Cond": "(movie_id = t.id)"}]}]}]}]}, {"Node Type": "Bitmap Heap Scan", "Parent Relationship": "Inner", "Relation Name": "company_name", "Alias": "cn", "Startup Cost": 0.26, "Total Cost": 4.27, "Plan Rows": 1, "Plan Width": 4, "Recheck Cond": "(id = mc.company_id)", "Filter": "((country_code)::text = '[us]'::text)", "Plans": [{"Node Type": "Bitmap Index Scan", "Parent Relationship": "Outer", "Index Name": "company_name_pkey", "Startup Cost": 0.0, "Total Cost": 0.26, "Plan Rows": 1, "Plan Width": 0, "Index Cond": "(id = mc.company_id)"}]}]}, {"Node Type": "Bitmap Heap Scan", "Parent Relationship": "Inner", "Relation Name": "aka_title", "Alias": "at", "Startup Cost": 0.27, "Total Cost": 4.31, "Plan Rows": 3, "Plan Width": 4, "Recheck Cond": "(movie_id = mc.movie_id)", "Plans": [{"Node Type": "Bitmap Index Scan", "Parent Relationship": "Outer", "Index Name": "movie_id_aka_title", "Startup Cost": 0.0, "Total Cost": 0.27, "Plan Rows": 3, "Plan Width": 0, "Index Cond": "(movie_id = mc.movie_id)"}]}]}, {"Node Type": "Bitmap Heap Scan", "Parent Relationship": "Inner", "Relation Name": "movie_keyword", "Alias": "mk", "Startup Cost": 0.34, "Total Cost": 4.44, "Plan Rows": 8, "Plan Width": 8, "Recheck Cond": "(movie_id = mc.movie_id)", "Plans": [{"Node Type": "Bitmap Index Scan", "Parent Relationship": "Outer", "Index Name": "movie_id_movie_keyword", "Startup Cost": 0.0, "Total Cost": 0.34, "Plan Rows": 8, "Plan Width": 0, "Index Cond": "(movie_id = mc.movie_id)"}]}]}, {"Node Type": "Bitmap Heap Scan", "Parent Relationship": "Inner", "Relation Name": "keyword", "Alias": "k", "Startup Cost": 0.26, "Total Cost": 4.27, "Plan Rows": 1, "Plan Width": 4, "Recheck Cond": "(id = mk.keyword_id)", "Plans": [{"Node Type": "Bitmap Index Scan", "Parent Relationship": "Outer", "Index Name": "keyword_pkey", "Startup Cost": 0.0, "Total Cost": 0.26, "Plan Rows": 1, "Plan Width": 0, "Index Cond": "(id = mk.keyword_id)"}]}]}]}, "Unique SQL Id": 2846462052}, "explain_analyze_plan": {"Plan": {"Node Type": "Aggregate", "Strategy": "Plain", "Startup Cost": 72276.98, "Total Cost": 72276.99, "Plan Rows": 1, "Plan Width": 123, "Actual Min Startup Time": 222.208, "Actual Max Startup Time": 222.208, "Actual Min Total Time": 222.208, "Actual Max Total Time": 222.208, "Actual Total Rows": 1, "Plans": [{"Node Type": "Nested Loop", "Parent Relationship": "Outer", "Join Type": "Inner", "Startup Cost": 71535.96, "Total Cost": 72276.31, "Plan Rows": 134, "Plan Width": 59, "Actual Min Startup Time": 193.893, "Actual Max Startup Time": 193.893, "Actual Min Total Time": 221.331, "Actual Max Total Time": 221.331, "Actual Total Rows": 1140, "Inner Unique": true, "Plans": [{"Node Type": "Nested Loop", "Parent Relationship": "Outer", "Join Type": "Inner", "Startup Cost": 71535.7, "Total Cost": 71702.76, "Plan Rows": 134, "Plan Width": 63, "Actual Min Startup Time": 193.876, "Actual Max Startup Time": 193.876, "Actual Min Total Time": 214.794, "Actual Max Total Time": 214.794, "Actual Total Rows": 1140, "Inner Unique": false, "Join Filter": "(t.id = mk.movie_id)", "Rows Removed by Join Filter": 0, "Plans": [{"Node Type": "Nested Loop", "Parent Relationship": "Outer", "Join Type": "Inner", "Startup Cost": 71535.37, "Total Cost": 71625.61, "Plan Rows": 17, "Plan Width": 75, "Actual Min Startup Time": 193.853, "Actual Max Startup Time": 193.853, "Actual Min Total Time": 213.104, "Actual Max Total Time": 213.104, "Actual Total Rows": 119, "Inner Unique": false, "Join Filter": "(t.id = at.movie_id)", "Rows Removed by Join Filter": 0, "Plans": [{"Node Type": "Nested Loop", "Parent Relationship": "Outer", "Join Type": "Inner", "Startup Cost": 71535.09, "Total Cost": 71582.11, "Plan Rows": 10, "Plan Width": 71, "Actual Min Startup Time": 193.802, "Actual Max Startup Time": 193.802, "Actual Min Total Time": 205.254, "Actual Max Total Time": 205.254, "Actual Total Rows": 1488, "Inner Unique": true, "Plans": [{"Node Type": "Merge Join", "Parent Relationship": "Outer", "Join Type": "Inner", "Startup Cost": 71534.83, "Total Cost": 71535.0, "Plan Rows": 11, "Plan Width": 75, "Actual Min Startup Time": 193.754, "Actual Max Startup Time": 193.754, "Actual Min Total Time": 194.715, "Actual Max Total Time": 194.715, "Actual Total Rows": 1599, "Inner Unique": false, "Merge Cond": "(ct.id = mc.company_type_id)", "Plans": [{"Node Type": "Sort", "Parent Relationship": "Outer", "Startup Cost": 1.05, "Total Cost": 1.06, "Plan Rows": 3, "Plan Width": 4, "Actual Min Startup Time": 0.059, "Actual Max Startup Time": 0.059, "Actual Min Total Time": 0.059, "Actual Max Total Time": 0.059, "Actual Total Rows": 2, "Sort Key": ["ct.id"], "Sort Method": "quicksort", "Sort Space Min Used": 25, "Sort Space Max Used": 25, "Sort Space Type": "Memory", "Plans": [{"Node Type": "Seq Scan", "Parent Relationship": "Outer", "Relation Name": "company_type", "Alias": "ct", "Startup Cost": 0.0, "Total Cost": 1.03, "Plan Rows": 3, "Plan Width": 4, "Actual Min Startup Time": 0.021, "Actual Max Startup Time": 0.021, "Actual Min Total Time": 0.022, "Actual Max Total Time": 0.022, "Actual Total Rows": 3}]}, {"Node Type": "Sort", "Parent Relationship": "Inner", "Startup Cost": 71533.75, "Total Cost": 71533.78, "Plan Rows": 12, "Plan Width": 79, "Actual Min Startup Time": 193.301, "Actual Max Startup Time": 193.301, "Actual Min Total Time": 193.772, "Actual Max Total Time": 193.772, "Actual Total Rows": 2884, "Sort Key": ["mc.company_type_id"], "Sort Method": "quicksort", "Sort Space Min Used": 548, "Sort Space Max Used": 548, "Sort Space Type": "Memory", "Plans": [{"Node Type": "Nested Loop", "Parent Relationship": "Outer", "Join Type": "Inner", "Startup Cost": 71506.1, "Total Cost": 71533.53, "Plan Rows": 12, "Plan Width": 79, "Actual Min Startup Time": 175.391, "Actual Max Startup Time": 175.391, "Actual Min Total Time": 191.894, "Actual Max Total Time": 191.894, "Actual Total Rows": 2884, "Inner Unique": false, "Plans": [{"Node Type": "Merge Join", "Parent Relationship": "Outer", "Join Type": "Inner", "Startup Cost": 71505.81, "Total Cost": 71507.54, "Plan Rows": 6, "Plan Width": 67, "Actual Min Startup Time": 175.371, "Actual Max Startup Time": 175.371, "Actual Min Total Time": 176.294, "Actual Max Total Time": 176.294, "Actual Total Rows": 1782, "Inner Unique": false, "Merge Cond": "(it1.id = mi.info_type_id)", "Plans": [{"Node Type": "Sort", "Parent Relationship": "Outer", "Startup Cost": 2.41, "Total Cost": 2.42, "Plan Rows": 1, "Plan Width": 4, "Actual Min Startup Time": 0.074, "Actual Max Startup Time": 0.074, "Actual Min Total Time": 0.074, "Actual Max Total Time": 0.074, "Actual Total Rows": 1, "Sort Key": ["it1.id"], "Sort Method": "quicksort", "Sort Space Min Used": 25, "Sort Space Max Used": 25, "Sort Space Type": "Memory", "Plans": [{"Node Type": "Seq Scan", "Parent Relationship": "Outer", "Relation Name": "info_type", "Alias": "it1", "Startup Cost": 0.0, "Total Cost": 2.4, "Plan Rows": 1, "Plan Width": 4, "Actual Min Startup Time": 0.049, "Actual Max Startup Time": 0.049, "Actual Min Total Time": 0.069, "Actual Max Total Time": 0.069, "Actual Total Rows": 1, "Filter": "((info)::text = 'release dates'::text)", "Rows Removed by Filter": 111}]}, {"Node Type": "Sort", "Parent Relationship": "Inner", "Startup Cost": 71503.31, "Total Cost": 71504.19, "Plan Rows": 353, "Plan Width": 71, "Actual Min Startup Time": 175.291, "Actual Max Startup Time": 175.291, "Actual Min Total Time": 175.566, "Actual Max Total Time": 175.566, "Actual Total Rows": 1782, "Sort Key": ["mi.info_type_id"], "Sort Method": "quicksort", "Sort Space Min Used": 317, "Sort Space Max Used": 317, "Sort Space Type": "Memory", "Plans": [{"Node Type": "Nested Loop", "Parent Relationship": "Outer", "Join Type": "Inner", "Startup Cost": 4.21, "Total Cost": 71488.37, "Plan Rows": 353, "Plan Width": 71, "Actual Min Startup Time": 128.631, "Actual Max Startup Time": 128.631, "Actual Min Total Time": 174.302, "Actual Max Total Time": 174.302, "Actual Total Rows": 1782, "Inner Unique": true, "Plans": [{"Node Type": "Streaming(type: LOCAL GATHER dop: 1/64)", "Parent Relationship": "Outer", "Startup Cost": 0.0, "Total Cost": 69388.27, "Plan Rows": 255, "Plan Width": 50, "Actual Min Startup Time": 128.531, "Actual Max Startup Time": 128.531, "Actual Min Total Time": 158.176, "Actual Max Total Time": 158.176, "Actual Total Rows": 1783, "Plans": [{"Node Type": "Seq Scan", "Parent Relationship": "Outer", "Relation Name": "movie_info", "Alias": "mi", "Startup Cost": 0.0, "Total Cost": 69383.01, "Plan Rows": 255, "Plan Width": 50, "Actual Min Startup Time": 20.091, "Actual Max Startup Time": 28.35, "Actual Min Total Time": 71.937, "Actual Max Total Time": 83.173, "Actual Total Rows": 1783, "Filter": "((info IS NOT NULL) AND ((note)::text ~~ '%internet%'::text) AND (((info)::text ~~ 'USA:% 199%'::text) OR ((info)::text ~~ 'USA:% 200%'::text)))", "Rows Removed by Filter": 14833936}]}, {"Node Type": "Bitmap Heap Scan", "Parent Relationship": "Inner", "Relation Name": "title", "Alias": "t", "Startup Cost": 4.21, "Total Cost": 8.23, "Plan Rows": 1, "Plan Width": 21, "Actual Min Startup Time": 13.534, "Actual Max Startup Time": 13.534, "Actual Min Total Time": 13.534, "Actual Max Total Time": 13.534, "Actual Total Rows": 1782, "Recheck Cond": "(id = mi.movie_id)", "Rows Removed by Index Recheck": 0, "Filter": "(production_year > 1990)", "Rows Removed by Filter": 1, "Exact Heap Blocks": 1783, "Lossy Heap Blocks": 1783, "Plans": [{"Node Type": "Bitmap Index Scan", "Parent Relationship": "Outer", "Index Name": "title_pkey", "Startup Cost": 0.0, "Total Cost": 4.21, "Plan Rows": 1, "Plan Width": 0, "Actual Min Startup Time": 8.219, "Actual Max Startup Time": 8.219, "Actual Min Total Time": 8.219, "Actual Max Total Time": 8.219, "Actual Total Rows": 1783, "Index Cond": "(id = mi.movie_id)"}]}]}]}]}, {"Node Type": "Bitmap Heap Scan", "Parent Relationship": "Inner", "Relation Name": "movie_companies", "Alias": "mc", "Startup Cost": 0.29, "Total Cost": 4.31, "Plan Rows": 2, "Plan Width": 12, "Actual Min Startup Time": 11.063, "Actual Max Startup Time": 11.063, "Actual Min Total Time": 12.828, "Actual Max Total Time": 12.828, "Actual Total Rows": 2884, "Recheck Cond": "(movie_id = t.id)", "Rows Removed by Index Recheck": 0, "Exact Heap Blocks": 2325, "Lossy Heap Blocks": 2325, "Plans": [{"Node Type": "Bitmap Index Scan", "Parent Relationship": "Outer", "Index Name": "movie_id_movie_companies", "Startup Cost": 0.0, "Total Cost": 0.29, "Plan Rows": 2, "Plan Width": 0, "Actual Min Startup Time": 7.444, "Actual Max Startup Time": 7.444, "Actual Min Total Time": 7.444, "Actual Max Total Time": 7.444, "Actual Total Rows": 2884, "Index Cond": "(movie_id = t.id)"}]}]}]}]}, {"Node Type": "Bitmap Heap Scan", "Parent Relationship": "Inner", "Relation Name": "company_name", "Alias": "cn", "Startup Cost": 0.26, "Total Cost": 4.27, "Plan Rows": 1, "Plan Width": 4, "Actual Min Startup Time": 8.607, "Actual Max Startup Time": 8.607, "Actual Min Total Time": 8.607, "Actual Max Total Time": 8.607, "Actual Total Rows": 1488, "Recheck Cond": "(id = mc.company_id)", "Rows Removed by Index Recheck": 0, "Filter": "((country_code)::text = '[us]'::text)", "Rows Removed by Filter": 111, "Exact Heap Blocks": 1599, "Lossy Heap Blocks": 1599, "Plans": [{"Node Type": "Bitmap Index Scan", "Parent Relationship": "Outer", "Index Name": "company_name_pkey", "Startup Cost": 0.0, "Total Cost": 0.26, "Plan Rows": 1, "Plan Width": 0, "Actual Min Startup Time": 4.915, "Actual Max Startup Time": 4.915, "Actual Min Total Time": 4.915, "Actual Max Total Time": 4.915, "Actual Total Rows": 1599, "Index Cond": "(id = mc.company_id)"}]}]}, {"Node Type": "Bitmap Heap Scan", "Parent Relationship": "Inner", "Relation Name": "aka_title", "Alias": "at", "Startup Cost": 0.27, "Total Cost": 4.31, "Plan Rows": 3, "Plan Width": 4, "Actual Min Startup Time": 6.069, "Actual Max Startup Time": 6.069, "Actual Min Total Time": 6.135, "Actual Max Total Time": 6.135, "Actual Total Rows": 119, "Recheck Cond": "(movie_id = mc.movie_id)", "Rows Removed by Index Recheck": 0, "Exact Heap Blocks": 119, "Lossy Heap Blocks": 119, "Plans": [{"Node Type": "Bitmap Index Scan", "Parent Relationship": "Outer", "Index Name": "movie_id_aka_title", "Startup Cost": 0.0, "Total Cost": 0.27, "Plan Rows": 3, "Plan Width": 0, "Actual Min Startup Time": 5.132, "Actual Max Startup Time": 5.132, "Actual Min Total Time": 5.132, "Actual Max Total Time": 5.132, "Actual Total Rows": 119, "Index Cond": "(movie_id = mc.movie_id)"}]}]}, {"Node Type": "Bitmap Heap Scan", "Parent Relationship": "Inner", "Relation Name": "movie_keyword", "Alias": "mk", "Startup Cost": 0.34, "Total Cost": 4.44, "Plan Rows": 8, "Plan Width": 8, "Actual Min Startup Time": 0.909, "Actual Max Startup Time": 0.909, "Actual Min Total Time": 1.088, "Actual Max Total Time": 1.088, "Actual Total Rows": 1140, "Recheck Cond": "(movie_id = mc.movie_id)", "Rows Removed by Index Recheck": 0, "Exact Heap Blocks": 91, "Lossy Heap Blocks": 91, "Plans": [{"Node Type": "Bitmap Index Scan", "Parent Relationship": "Outer", "Index Name": "movie_id_movie_keyword", "Startup Cost": 0.0, "Total Cost": 0.34, "Plan Rows": 8, "Plan Width": 0, "Actual Min Startup Time": 0.564, "Actual Max Startup Time": 0.564, "Actual Min Total Time": 0.564, "Actual Max Total Time": 0.564, "Actual Total Rows": 1140, "Index Cond": "(movie_id = mc.movie_id)"}]}]}, {"Node Type": "Bitmap Heap Scan", "Parent Relationship": "Inner", "Relation Name": "keyword", "Alias": "k", "Startup Cost": 0.26, "Total Cost": 4.27, "Plan Rows": 1, "Plan Width": 4, "Actual Min Startup Time": 5.012, "Actual Max Startup Time": 5.012, "Actual Min Total Time": 5.012, "Actual Max Total Time": 5.012, "Actual Total Rows": 1140, "Recheck Cond": "(id = mk.keyword_id)", "Rows Removed by Index Recheck": 0, "Exact Heap Blocks": 1140, "Lossy Heap Blocks": 1140, "Plans": [{"Node Type": "Bitmap Index Scan", "Parent Relationship": "Outer", "Index Name": "keyword_pkey", "Startup Cost": 0.0, "Total Cost": 0.26, "Plan Rows": 1, "Plan Width": 0, "Actual Min Startup Time": 3.115, "Actual Max Startup Time": 3.115, "Actual Min Total Time": 3.115, "Actual Max Total Time": 3.115, "Actual Total Rows": 1140, "Index Cond": "(id = mk.keyword_id)"}]}]}]}, "Triggers": [], "Planner Runtime": 152.267, "Total Runtime": 234.096, "Unique SQL Id": 2846462052}}, "(64, 83)": {"explain_plan": {"Plan": {"Node Type": "Aggregate", "Strategy": "Plain", "Startup Cost": 166082.29, "Total Cost": 166082.3, "Plan Rows": 1, "Plan Width": 123, "Plans": [{"Node Type": "Nested Loop", "Parent Relationship": "Outer", "Join Type": "Inner", "Startup Cost": 4855.81, "Total Cost": 166081.62, "Plan Rows": 134, "Plan Width": 59, "Inner Unique": true, "Join Filter": "(at.movie_id = t.id)", "Plans": [{"Node Type": "Nested Loop", "Parent Relationship": "Outer", "Join Type": "Inner", "Startup Cost": 4855.54, "Total Cost": 165665.15, "Plan Rows": 97, "Plan Width": 58, "Inner Unique": true, "Plans": [{"Node Type": "Nested Loop", "Parent Relationship": "Outer", "Join Type": "Inner", "Startup Cost": 4855.28, "Total Cost": 165249.97, "Plan Rows": 97, "Plan Width": 62, "Inner Unique": false, "Join Filter": "(at.movie_id = mk.movie_id)", "Plans": [{"Node Type": "Nested Loop", "Parent Relationship": "Outer", "Join Type": "Inner", "Startup Cost": 4854.95, "Total Cost": 165195.51, "Plan Rows": 12, "Plan Width": 54, "Inner Unique": true, "Plans": [{"Node Type": "Nested Loop", "Parent Relationship": "Outer", "Join Type": "Inner", "Startup Cost": 4854.69, "Total Cost": 165144.15, "Plan Rows": 12, "Plan Width": 58, "Inner Unique": true, "Plans": [{"Node Type": "Nested Loop", "Parent Relationship": "Outer", "Join Type": "Inner", "Startup Cost": 4854.43, "Total Cost": 165058.48, "Plan Rows": 20, "Plan Width": 62, "Inner Unique": false, "Plans": [{"Node Type": "Nested Loop", "Parent Relationship": "Outer", "Join Type": "Inner", "Startup Cost": 4854.06, "Total Cost": 165018.73, "Plan Rows": 9, "Plan Width": 50, "Inner Unique": false, "Plans": [{"Node Type": "Nested Loop", "Parent Relationship": "Outer", "Join Type": "Inner", "Startup Cost": 4850.27, "Total Cost": 164956.1, "Plan Rows": 4, "Plan Width": 46, "Inner Unique": false, "Plans": [{"Node Type": "Bitmap Heap Scan", "Parent Relationship": "Outer", "Relation Name": "info_type", "Alias": "it1", "Startup Cost": 8.81, "Total Cost": 14.21, "Plan Rows": 1, "Plan Width": 4, "Filter": "((info)::text = 'release dates'::text)", "Plans": [{"Node Type": "Bitmap Index Scan", "Parent Relationship": "Outer", "Index Name": "info_type_pkey", "Startup Cost": 0.0, "Total Cost": 8.81, "Plan Rows": 112, "Plan Width": 0}]}, {"Node Type": "Bitmap Heap Scan", "Parent Relationship": "Inner", "Relation Name": "movie_info", "Alias": "mi", "Startup Cost": 4841.46, "Total Cost": 164941.85, "Plan Rows": 4, "Plan Width": 50, "Recheck Cond": "(info_type_id = it1.id)", "Filter": "((info IS NOT NULL) AND ((note)::text ~~ '%internet%'::text) AND (((info)::text ~~ 'USA:% 199%'::text) OR ((info)::text ~~ 'USA:% 200%'::text)))", "Plans": [{"Node Type": "Bitmap Index Scan", "Parent Relationship": "Outer", "Index Name": "info_type_id_movie_info", "Startup Cost": 0.0, "Total Cost": 4841.46, "Plan Rows": 212428, "Plan Width": 0, "Index Cond": "(info_type_id = it1.id)"}]}]}, {"Node Type": "Bitmap Heap Scan", "Parent Relationship": "Inner", "Relation Name": "aka_title", "Alias": "at", "Startup Cost": 3.79, "Total Cost": 15.63, "Plan Rows": 3, "Plan Width": 4, "Recheck Cond": "(movie_id = mi.movie_id)", "Plans": [{"Node Type": "Bitmap Index Scan", "Parent Relationship": "Outer", "Index Name": "movie_id_aka_title", "Startup Cost": 0.0, "Total Cost": 3.79, "Plan Rows": 3, "Plan Width": 0, "Index Cond": "(movie_id = mi.movie_id)"}]}]}, {"Node Type": "Bitmap Heap Scan", "Parent Relationship": "Inner", "Relation Name": "movie_companies", "Alias": "mc", "Startup Cost": 0.37, "Total Cost": 4.4, "Plan Rows": 2, "Plan Width": 12, "Recheck Cond": "(movie_id = at.movie_id)", "Plans": [{"Node Type": "Bitmap Index Scan", "Parent Relationship": "Outer", "Index Name": "movie_id_movie_companies", "Startup Cost": 0.0, "Total Cost": 0.37, "Plan Rows": 2, "Plan Width": 0, "Index Cond": "(movie_id = at.movie_id)"}]}]}, {"Node Type": "Bitmap Heap Scan", "Parent Relationship": "Inner", "Relation Name": "company_name", "Alias": "cn", "Startup Cost": 0.26, "Total Cost": 4.27, "Plan Rows": 1, "Plan Width": 4, "Recheck Cond": "(id = mc.company_id)", "Filter": "((country_code)::text = '[us]'::text)", "Plans": [{"Node Type": "Bitmap Index Scan", "Parent Relationship": "Outer", "Index Name": "company_name_pkey", "Startup Cost": 0.0, "Total Cost": 0.26, "Plan Rows": 1, "Plan Width": 0, "Index Cond": "(id = mc.company_id)"}]}]}, {"Node Type": "Bitmap Heap Scan", "Parent Relationship": "Inner", "Relation Name": "company_type", "Alias": "ct", "Startup Cost": 0.26, "Total Cost": 4.27, "Plan Rows": 1, "Plan Width": 4, "Recheck Cond": "(id = mc.company_type_id)", "Plans": [{"Node Type": "Bitmap Index Scan", "Parent Relationship": "Outer", "Index Name": "company_type_pkey", "Startup Cost": 0.0, "Total Cost": 0.26, "Plan Rows": 1, "Plan Width": 0, "Index Cond": "(id = mc.company_type_id)"}]}]}, {"Node Type": "Bitmap Heap Scan", "Parent Relationship": "Inner", "Relation Name": "movie_keyword", "Alias": "mk", "Startup Cost": 0.34, "Total Cost": 4.44, "Plan Rows": 8, "Plan Width": 8, "Recheck Cond": "(movie_id = mc.movie_id)", "Plans": [{"Node Type": "Bitmap Index Scan", "Parent Relationship": "Outer", "Index Name": "movie_id_movie_keyword", "Startup Cost": 0.0, "Total Cost": 0.34, "Plan Rows": 8, "Plan Width": 0, "Index Cond": "(movie_id = mc.movie_id)"}]}]}, {"Node Type": "Bitmap Heap Scan", "Parent Relationship": "Inner", "Relation Name": "keyword", "Alias": "k", "Startup Cost": 0.26, "Total Cost": 4.27, "Plan Rows": 1, "Plan Width": 4, "Recheck Cond": "(id = mk.keyword_id)", "Plans": [{"Node Type": "Bitmap Index Scan", "Parent Relationship": "Outer", "Index Name": "keyword_pkey", "Startup Cost": 0.0, "Total Cost": 0.26, "Plan Rows": 1, "Plan Width": 0, "Index Cond": "(id = mk.keyword_id)"}]}]}, {"Node Type": "Bitmap Heap Scan", "Parent Relationship": "Inner", "Relation Name": "title", "Alias": "t", "Startup Cost": 0.27, "Total Cost": 4.28, "Plan Rows": 1, "Plan Width": 21, "Recheck Cond": "(id = mk.movie_id)", "Filter": "(production_year > 1990)", "Plans": [{"Node Type": "Bitmap Index Scan", "Parent Relationship": "Outer", "Index Name": "title_pkey", "Startup Cost": 0.0, "Total Cost": 0.27, "Plan Rows": 1, "Plan Width": 0, "Index Cond": "(id = mk.movie_id)"}]}]}]}, "Unique SQL Id": 2846462052}, "explain_analyze_plan": null}, "(64, 84)": {"explain_plan": {"Plan": {"Node Type": "Aggregate", "Strategy": "Plain", "Startup Cost": 69545.67, "Total Cost": 69545.68, "Plan Rows": 1, "Plan Width": 123, "Plans": [{"Node Type": "Nested Loop", "Parent Relationship": "Outer", "Join Type": "Inner", "Startup Cost": 0.0, "Total Cost": 69545.0, "Plan Rows": 134, "Plan Width": 59, "Inner Unique": false, "Join Filter": "(t.id = at.movie_id)", "Plans": [{"Node Type": "Nested Loop", "Parent Relationship": "Outer", "Join Type": "Inner", "Startup Cost": 0.0, "Total Cost": 69529.43, "Plan Rows": 44, "Plan Width": 75, "Inner Unique": true, "Plans": [{"Node Type": "Nested Loop", "Parent Relationship": "Outer", "Join Type": "Inner", "Startup Cost": 0.0, "Total Cost": 69517.08, "Plan Rows": 44, "Plan Width": 79, "Inner Unique": false, "Join Filter": "(t.id = mk.movie_id)", "Plans": [{"Node Type": "Nested Loop", "Parent Relationship": "Outer", "Join Type": "Inner", "Startup Cost": 0.0, "Total Cost": 69513.71, "Plan Rows": 6, "Plan Width": 71, "Inner Unique": true, "Plans": [{"Node Type": "Nested Loop", "Parent Relationship": "Outer", "Join Type": "Inner", "Startup Cost": 0.0, "Total Cost": 69510.91, "Plan Rows": 10, "Plan Width": 75, "Inner Unique": true, "Plans": [{"Node Type": "Nested Loop", "Parent Relationship": "Outer", "Join Type": "Inner", "Startup Cost": 0.0, "Total Cost": 69507.45, "Plan Rows": 12, "Plan Width": 79, "Inner Unique": false, "Plans": [{"Node Type": "Nested Loop", "Parent Relationship": "Outer", "Join Type": "Inner", "Startup Cost": 0.0, "Total Cost": 69505.25, "Plan Rows": 6, "Plan Width": 67, "Inner Unique": true, "Plans": [{"Node Type": "Nested Loop", "Parent Relationship": "Outer", "Join Type": "Inner", "Startup Cost": 0.0, "Total Cost": 69472.3, "Plan Rows": 4, "Plan Width": 46, "Inner Unique": true, "Plans": [{"Node Type": "Streaming(type: LOCAL GATHER dop: 1/64)", "Parent Relationship": "Outer", "Startup Cost": 0.0, "Total Cost": 69388.27, "Plan Rows": 255, "Plan Width": 50, "Plans": [{"Node Type": "Seq Scan", "Parent Relationship": "Outer", "Relation Name": "movie_info", "Alias": "mi", "Startup Cost": 0.0, "Total Cost": 69383.01, "Plan Rows": 255, "Plan Width": 50, "Filter": "((info IS NOT NULL) AND ((note)::text ~~ '%internet%'::text) AND (((info)::text ~~ 'USA:% 199%'::text) OR ((info)::text ~~ 'USA:% 200%'::text)))"}]}, {"Node Type": "Index Scan", "Parent Relationship": "Inner", "Scan Direction": "Forward", "Index Name": "info_type_pkey", "Relation Name": "info_type", "Alias": "it1", "Startup Cost": 0.0, "Total Cost": 0.32, "Plan Rows": 1, "Plan Width": 4, "Index Cond": "(id = mi.info_type_id)", "Filter": "((info)::text = 'release dates'::text)"}]}, {"Node Type": "Index Scan", "Parent Relationship": "Inner", "Scan Direction": "Forward", "Index Name": "title_pkey", "Relation Name": "title", "Alias": "t", "Startup Cost": 0.0, "Total Cost": 8.23, "Plan Rows": 1, "Plan Width": 21, "Index Cond": "(id = mi.movie_id)", "Filter": "(production_year > 1990)"}]}, {"Node Type": "Index Scan", "Parent Relationship": "Inner", "Scan Direction": "Forward", "Index Name": "movie_id_movie_companies", "Relation Name": "movie_companies", "Alias": "mc", "Startup Cost": 0.0, "Total Cost": 0.35, "Plan Rows": 2, "Plan Width": 12, "Index Cond": "(movie_id = t.id)"}]}, {"Node Type": "Index Scan", "Parent Relationship": "Inner", "Scan Direction": "Forward", "Index Name": "company_name_pkey", "Relation Name": "company_name", "Alias": "cn", "Startup Cost": 0.0, "Total Cost": 0.28, "Plan Rows": 1, "Plan Width": 4, "Index Cond": "(id = mc.company_id)", "Filter": "((country_code)::text = '[us]'::text)"}]}, {"Node Type": "Index Scan", "Parent Relationship": "Inner", "Scan Direction": "Forward", "Index Name": "company_type_pkey", "Relation Name": "company_type", "Alias": "ct", "Startup Cost": 0.0, "Total Cost": 0.27, "Plan Rows": 1, "Plan Width": 4, "Index Cond": "(id = mc.company_type_id)"}]}, {"Node Type": "Index Scan", "Parent Relationship": "Inner", "Scan Direction": "Forward", "Index Name": "movie_id_movie_keyword", "Relation Name": "movie_keyword", "Alias": "mk", "Startup Cost": 0.0, "Total Cost": 0.46, "Plan Rows": 8, "Plan Width": 8, "Index Cond": "(movie_id = mc.movie_id)"}]}, {"Node Type": "Index Scan", "Parent Relationship": "Inner", "Scan Direction": "Forward", "Index Name": "keyword_pkey", "Relation Name": "keyword", "Alias": "k", "Startup Cost": 0.0, "Total Cost": 0.27, "Plan Rows": 1, "Plan Width": 4, "Index Cond": "(id = mk.keyword_id)"}]}, {"Node Type": "Index Scan", "Parent Relationship": "Inner", "Scan Direction": "Forward", "Index Name": "movie_id_aka_title", "Relation Name": "aka_title", "Alias": "at", "Startup Cost": 0.0, "Total Cost": 0.32, "Plan Rows": 3, "Plan Width": 4, "Index Cond": "(movie_id = mk.movie_id)"}]}]}, "Unique SQL Id": 2846462052}, "explain_analyze_plan": {"Plan": {"Node Type": "Aggregate", "Strategy": "Plain", "Startup Cost": 69545.67, "Total Cost": 69545.68, "Plan Rows": 1, "Plan Width": 123, "Actual Min Startup Time": 232.346, "Actual Max Startup Time": 232.346, "Actual Min Total Time": 232.347, "Actual Max Total Time": 232.347, "Actual Total Rows": 1, "Plans": [{"Node Type": "Nested Loop", "Parent Relationship": "Outer", "Join Type": "Inner", "Startup Cost": 0.0, "Total Cost": 69545.0, "Plan Rows": 134, "Plan Width": 59, "Actual Min Startup Time": 80.893, "Actual Max Startup Time": 80.893, "Actual Min Total Time": 231.516, "Actual Max Total Time": 231.516, "Actual Total Rows": 1140, "Inner Unique": false, "Join Filter": "(t.id = at.movie_id)", "Rows Removed by Join Filter": 0, "Plans": [{"Node Type": "Nested Loop", "Parent Relationship": "Outer", "Join Type": "Inner", "Startup Cost": 0.0, "Total Cost": 69529.43, "Plan Rows": 44, "Plan Width": 75, "Actual Min Startup Time": 80.566, "Actual Max Startup Time": 80.566, "Actual Min Total Time": 216.517, "Actual Max Total Time": 216.517, "Actual Total Rows": 4808, "Inner Unique": true, "Plans": [{"Node Type": "Nested Loop", "Parent Relationship": "Outer", "Join Type": "Inner", "Startup Cost": 0.0, "Total Cost": 69517.08, "Plan Rows": 44, "Plan Width": 79, "Actual Min Startup Time": 80.551, "Actual Max Startup Time": 80.551, "Actual Min Total Time": 195.382, "Actual Max Total Time": 195.382, "Actual Total Rows": 4808, "Inner Unique": false, "Join Filter": "(t.id = mk.movie_id)", "Rows Removed by Join Filter": 0, "Plans": [{"Node Type": "Nested Loop", "Parent Relationship": "Outer", "Join Type": "Inner", "Startup Cost": 0.0, "Total Cost": 69513.71, "Plan Rows": 6, "Plan Width": 71, "Actual Min Startup Time": 80.34, "Actual Max Startup Time": 80.34, "Actual Min Total Time": 183.042, "Actual Max Total Time": 183.042, "Actual Total Rows": 1488, "Inner Unique": true, "Plans": [{"Node Type": "Nested Loop", "Parent Relationship": "Outer", "Join Type": "Inner", "Startup Cost": 0.0, "Total Cost": 69510.91, "Plan Rows": 10, "Plan Width": 75, "Actual Min Startup Time": 80.311, "Actual Max Startup Time": 80.311, "Actual Min Total Time": 177.83, "Actual Max Total Time": 177.83, "Actual Total Rows": 2647, "Inner Unique": true, "Plans": [{"Node Type": "Nested Loop", "Parent Relationship": "Outer", "Join Type": "Inner", "Startup Cost": 0.0, "Total Cost": 69507.45, "Plan Rows": 12, "Plan Width": 79, "Actual Min Startup Time": 80.292, "Actual Max Startup Time": 80.292, "Actual Min Total Time": 162.625, "Actual Max Total Time": 162.625, "Actual Total Rows": 2884, "Inner Unique": false, "Plans": [{"Node Type": "Nested Loop", "Parent Relationship": "Outer", "Join Type": "Inner", "Startup Cost": 0.0, "Total Cost": 69505.25, "Plan Rows": 6, "Plan Width": 67, "Actual Min Startup Time": 80.273, "Actual Max Startup Time": 80.273, "Actual Min Total Time": 149.768, "Actual Max Total Time": 149.768, "Actual Total Rows": 1782, "Inner Unique": true, "Plans": [{"Node Type": "Nested Loop", "Parent Relationship": "Outer", "Join Type": "Inner", "Startup Cost": 0.0, "Total Cost": 69472.3, "Plan Rows": 4, "Plan Width": 46, "Actual Min Startup Time": 80.252, "Actual Max Startup Time": 80.252, "Actual Min Total Time": 136.423, "Actual Max Total Time": 136.423, "Actual Total Rows": 1783, "Inner Unique": true, "Plans": [{"Node Type": "Streaming(type: LOCAL GATHER dop: 1/64)", "Parent Relationship": "Outer", "Startup Cost": 0.0, "Total Cost": 69388.27, "Plan Rows": 255, "Plan Width": 50, "Actual Min Startup Time": 80.215, "Actual Max Startup Time": 80.215, "Actual Min Total Time": 131.175, "Actual Max Total Time": 131.175, "Actual Total Rows": 1783, "Plans": [{"Node Type": "Seq Scan", "Parent Relationship": "Outer", "Relation Name": "movie_info", "Alias": "mi", "Startup Cost": 0.0, "Total Cost": 69383.01, "Plan Rows": 255, "Plan Width": 50, "Actual Min Startup Time": 20.145, "Actual Max Startup Time": 28.379, "Actual Min Total Time": 71.756, "Actual Max Total Time": 82.794, "Actual Total Rows": 1783, "Filter": "((info IS NOT NULL) AND ((note)::text ~~ '%internet%'::text) AND (((info)::text ~~ 'USA:% 199%'::text) OR ((info)::text ~~ 'USA:% 200%'::text)))", "Rows Removed by Filter": 14833936}]}, {"Node Type": "Index Scan", "Parent Relationship": "Inner", "Scan Direction": "Forward", "Index Name": "info_type_pkey", "Relation Name": "info_type", "Alias": "it1", "Startup Cost": 0.0, "Total Cost": 0.32, "Plan Rows": 1, "Plan Width": 4, "Actual Min Startup Time": 3.339, "Actual Max Startup Time": 3.339, "Actual Min Total Time": 3.339, "Actual Max Total Time": 3.339, "Actual Total Rows": 1783, "Index Cond": "(id = mi.info_type_id)", "Rows Removed by Index Recheck": 0, "Filter": "((info)::text = 'release dates'::text)", "Rows Removed by Filter": 0}]}, {"Node Type": "Index Scan", "Parent Relationship": "Inner", "Scan Direction": "Forward", "Index Name": "title_pkey", "Relation Name": "title", "Alias": "t", "Startup Cost": 0.0, "Total Cost": 8.23, "Plan Rows": 1, "Plan Width": 21, "Actual Min Startup Time": 11.444, "Actual Max Startup Time": 11.444, "Actual Min Total Time": 11.444, "Actual Max Total Time": 11.444, "Actual Total Rows": 1782, "Index Cond": "(id = mi.movie_id)", "Rows Removed by Index Recheck": 0, "Filter": "(production_year > 1990)", "Rows Removed by Filter": 1}]}, {"Node Type": "Index Scan", "Parent Relationship": "Inner", "Scan Direction": "Forward", "Index Name": "movie_id_movie_companies", "Relation Name": "movie_companies", "Alias": "mc", "Startup Cost": 0.0, "Total Cost": 0.35, "Plan Rows": 2, "Plan Width": 12, "Actual Min Startup Time": 8.711, "Actual Max Startup Time": 8.711, "Actual Min Total Time": 11.14, "Actual Max Total Time": 11.14, "Actual Total Rows": 2884, "Index Cond": "(movie_id = t.id)", "Rows Removed by Index Recheck": 0}]}, {"Node Type": "Index Scan", "Parent Relationship": "Inner", "Scan Direction": "Forward", "Index Name": "company_name_pkey", "Relation Name": "company_name", "Alias": "cn", "Startup Cost": 0.0, "Total Cost": 0.28, "Plan Rows": 1, "Plan Width": 4, "Actual Min Startup Time": 12.618, "Actual Max Startup Time": 12.618, "Actual Min Total Time": 12.618, "Actual Max Total Time": 12.618, "Actual Total Rows": 2647, "Index Cond": "(id = mc.company_id)", "Rows Removed by Index Recheck": 0, "Filter": "((country_code)::text = '[us]'::text)", "Rows Removed by Filter": 237}]}, {"Node Type": "Index Scan", "Parent Relationship": "Inner", "Scan Direction": "Forward", "Index Name": "company_type_pkey", "Relation Name": "company_type", "Alias": "ct", "Startup Cost": 0.0, "Total Cost": 0.27, "Plan Rows": 1, "Plan Width": 4, "Actual Min Startup Time": 3.151, "Actual Max Startup Time": 3.151, "Actual Min Total Time": 3.151, "Actual Max Total Time": 3.151, "Actual Total Rows": 1488, "Index Cond": "(id = mc.company_type_id)", "Rows Removed by Index Recheck": 0}]}, {"Node Type": "Index Scan", "Parent Relationship": "Inner", "Scan Direction": "Forward", "Index Name": "movie_id_movie_keyword", "Relation Name": "movie_keyword", "Alias": "mk", "Startup Cost": 0.0, "Total Cost": 0.46, "Plan Rows": 8, "Plan Width": 8, "Actual Min Startup Time": 7.382, "Actual Max Startup Time": 7.382, "Actual Min Total Time": 9.525, "Actual Max Total Time": 9.525, "Actual Total Rows": 4808, "Index Cond": "(movie_id = mc.movie_id)", "Rows Removed by Index Recheck": 0}]}, {"Node Type": "Index Scan", "Parent Relationship": "Inner", "Scan Direction": "Forward", "Index Name": "keyword_pkey", "Relation Name": "keyword", "Alias": "k", "Startup Cost": 0.0, "Total Cost": 0.27, "Plan Rows": 1, "Plan Width": 4, "Actual Min Startup Time": 17.316, "Actual Max Startup Time": 17.316, "Actual Min Total Time": 17.316, "Actual Max Total Time": 17.316, "Actual Total Rows": 4808, "Index Cond": "(id = mk.keyword_id)", "Rows Removed by Index Recheck": 0}]}, {"Node Type": "Index Scan", "Parent Relationship": "Inner", "Scan Direction": "Forward", "Index Name": "movie_id_aka_title", "Relation Name": "aka_title", "Alias": "at", "Startup Cost": 0.0, "Total Cost": 0.32, "Plan Rows": 3, "Plan Width": 4, "Actual Min Startup Time": 11.242, "Actual Max Startup Time": 11.242, "Actual Min Total Time": 11.788, "Actual Max Total Time": 11.788, "Actual Total Rows": 1140, "Index Cond": "(movie_id = mk.movie_id)", "Rows Removed by Index Recheck": 0}]}]}, "Triggers": [], "Planner Runtime": 157.752, "Total Runtime": 244.371, "Unique SQL Id": 2846462052}}, "(64, 85)": {"explain_plan": {"Plan": {"Node Type": "Aggregate", "Strategy": "Plain", "Startup Cost": 165029.47, "Total Cost": 165029.48, "Plan Rows": 1, "Plan Width": 123, "Plans": [{"Node Type": "Nested Loop", "Parent Relationship": "Outer", "Join Type": "Inner", "Startup Cost": 4841.46, "Total Cost": 165028.8, "Plan Rows": 134, "Plan Width": 59, "Inner Unique": false, "Join Filter": "(t.id = at.movie_id)", "Plans": [{"Node Type": "Nested Loop", "Parent Relationship": "Outer", "Join Type": "Inner", "Startup Cost": 4841.46, "Total Cost": 165013.23, "Plan Rows": 44, "Plan Width": 75, "Inner Unique": true, "Plans": [{"Node Type": "Nested Loop", "Parent Relationship": "Outer", "Join Type": "Inner", "Startup Cost": 4841.46, "Total Cost": 165000.88, "Plan Rows": 44, "Plan Width": 79, "Inner Unique": false, "Join Filter": "(t.id = mk.movie_id)", "Plans": [{"Node Type": "Nested Loop", "Parent Relationship": "Outer", "Join Type": "Inner", "Startup Cost": 4841.46, "Total Cost": 164997.5, "Plan Rows": 6, "Plan Width": 71, "Inner Unique": true, "Plans": [{"Node Type": "Nested Loop", "Parent Relationship": "Outer", "Join Type": "Inner", "Startup Cost": 4841.46, "Total Cost": 164994.7, "Plan Rows": 10, "Plan Width": 75, "Inner Unique": true, "Plans": [{"Node Type": "Nested Loop", "Parent Relationship": "Outer", "Join Type": "Inner", "Startup Cost": 4841.46, "Total Cost": 164991.25, "Plan Rows": 12, "Plan Width": 79, "Inner Unique": false, "Plans": [{"Node Type": "Nested Loop", "Parent Relationship": "Outer", "Join Type": "Inner", "Startup Cost": 4841.46, "Total Cost": 164989.04, "Plan Rows": 6, "Plan Width": 67, "Inner Unique": true, "Plans": [{"Node Type": "Nested Loop", "Parent Relationship": "Outer", "Join Type": "Inner", "Startup Cost": 4841.46, "Total Cost": 164956.1, "Plan Rows": 4, "Plan Width": 46, "Inner Unique": false, "Plans": [{"Node Type": "Index Scan", "Parent Relationship": "Outer", "Scan Direction": "Forward", "Index Name": "info_type_pkey", "Relation Name": "info_type", "Alias": "it1", "Startup Cost": 0.0, "Total Cost": 14.21, "Plan Rows": 1, "Plan Width": 4, "Filter": "((info)::text = 'release dates'::text)"}, {"Node Type": "Bitmap Heap Scan", "Parent Relationship": "Inner", "Relation Name": "movie_info", "Alias": "mi", "Startup Cost": 4841.46, "Total Cost": 164941.85, "Plan Rows": 4, "Plan Width": 50, "Recheck Cond": "(info_type_id = it1.id)", "Filter": "((info IS NOT NULL) AND ((note)::text ~~ '%internet%'::text) AND (((info)::text ~~ 'USA:% 199%'::text) OR ((info)::text ~~ 'USA:% 200%'::text)))", "Plans": [{"Node Type": "Bitmap Index Scan", "Parent Relationship": "Outer", "Index Name": "info_type_id_movie_info", "Startup Cost": 0.0, "Total Cost": 4841.46, "Plan Rows": 212428, "Plan Width": 0, "Index Cond": "(info_type_id = it1.id)"}]}]}, {"Node Type": "Index Scan", "Parent Relationship": "Inner", "Scan Direction": "Forward", "Index Name": "title_pkey", "Relation Name": "title", "Alias": "t", "Startup Cost": 0.0, "Total Cost": 8.23, "Plan Rows": 1, "Plan Width": 21, "Index Cond": "(id = mi.movie_id)", "Filter": "(production_year > 1990)"}]}, {"Node Type": "Index Scan", "Parent Relationship": "Inner", "Scan Direction": "Forward", "Index Name": "movie_id_movie_companies", "Relation Name": "movie_companies", "Alias": "mc", "Startup Cost": 0.0, "Total Cost": 0.35, "Plan Rows": 2, "Plan Width": 12, "Index Cond": "(movie_id = t.id)"}]}, {"Node Type": "Index Scan", "Parent Relationship": "Inner", "Scan Direction": "Forward", "Index Name": "company_name_pkey", "Relation Name": "company_name", "Alias": "cn", "Startup Cost": 0.0, "Total Cost": 0.28, "Plan Rows": 1, "Plan Width": 4, "Index Cond": "(id = mc.company_id)", "Filter": "((country_code)::text = '[us]'::text)"}]}, {"Node Type": "Index Scan", "Parent Relationship": "Inner", "Scan Direction": "Forward", "Index Name": "company_type_pkey", "Relation Name": "company_type", "Alias": "ct", "Startup Cost": 0.0, "Total Cost": 0.27, "Plan Rows": 1, "Plan Width": 4, "Index Cond": "(id = mc.company_type_id)"}]}, {"Node Type": "Index Scan", "Parent Relationship": "Inner", "Scan Direction": "Forward", "Index Name": "movie_id_movie_keyword", "Relation Name": "movie_keyword", "Alias": "mk", "Startup Cost": 0.0, "Total Cost": 0.46, "Plan Rows": 8, "Plan Width": 8, "Index Cond": "(movie_id = mc.movie_id)"}]}, {"Node Type": "Index Scan", "Parent Relationship": "Inner", "Scan Direction": "Forward", "Index Name": "keyword_pkey", "Relation Name": "keyword", "Alias": "k", "Startup Cost": 0.0, "Total Cost": 0.27, "Plan Rows": 1, "Plan Width": 4, "Index Cond": "(id = mk.keyword_id)"}]}, {"Node Type": "Index Scan", "Parent Relationship": "Inner", "Scan Direction": "Forward", "Index Name": "movie_id_aka_title", "Relation Name": "aka_title", "Alias": "at", "Startup Cost": 0.0, "Total Cost": 0.32, "Plan Rows": 3, "Plan Width": 4, "Index Cond": "(movie_id = mk.movie_id)"}]}]}, "Unique SQL Id": 2846462052}, "explain_analyze_plan": null}, "(64, 86)": {"explain_plan": {"Plan": {"Node Type": "Aggregate", "Strategy": "Plain", "Startup Cost": 72276.98, "Total Cost": 72276.99, "Plan Rows": 1, "Plan Width": 123, "Plans": [{"Node Type": "Nested Loop", "Parent Relationship": "Outer", "Join Type": "Inner", "Startup Cost": 71535.96, "Total Cost": 72276.31, "Plan Rows": 134, "Plan Width": 59, "Inner Unique": true, "Plans": [{"Node Type": "Nested Loop", "Parent Relationship": "Outer", "Join Type": "Inner", "Startup Cost": 71535.7, "Total Cost": 71702.76, "Plan Rows": 134, "Plan Width": 63, "Inner Unique": false, "Join Filter": "(t.id = mk.movie_id)", "Plans": [{"Node Type": "Nested Loop", "Parent Relationship": "Outer", "Join Type": "Inner", "Startup Cost": 71535.37, "Total Cost": 71625.61, "Plan Rows": 17, "Plan Width": 75, "Inner Unique": false, "Join Filter": "(t.id = at.movie_id)", "Plans": [{"Node Type": "Nested Loop", "Parent Relationship": "Outer", "Join Type": "Inner", "Startup Cost": 71535.09, "Total Cost": 71582.11, "Plan Rows": 10, "Plan Width": 71, "Inner Unique": true, "Plans": [{"Node Type": "Merge Join", "Parent Relationship": "Outer", "Join Type": "Inner", "Startup Cost": 71534.83, "Total Cost": 71535.0, "Plan Rows": 11, "Plan Width": 75, "Inner Unique": false, "Merge Cond": "(ct.id = mc.company_type_id)", "Plans": [{"Node Type": "Sort", "Parent Relationship": "Outer", "Startup Cost": 1.05, "Total Cost": 1.06, "Plan Rows": 3, "Plan Width": 4, "Sort Key": ["ct.id"], "Plans": [{"Node Type": "Seq Scan", "Parent Relationship": "Outer", "Relation Name": "company_type", "Alias": "ct", "Startup Cost": 0.0, "Total Cost": 1.03, "Plan Rows": 3, "Plan Width": 4}]}, {"Node Type": "Sort", "Parent Relationship": "Inner", "Startup Cost": 71533.75, "Total Cost": 71533.78, "Plan Rows": 12, "Plan Width": 79, "Sort Key": ["mc.company_type_id"], "Plans": [{"Node Type": "Nested Loop", "Parent Relationship": "Outer", "Join Type": "Inner", "Startup Cost": 71506.1, "Total Cost": 71533.53, "Plan Rows": 12, "Plan Width": 79, "Inner Unique": false, "Plans": [{"Node Type": "Merge Join", "Parent Relationship": "Outer", "Join Type": "Inner", "Startup Cost": 71505.81, "Total Cost": 71507.54, "Plan Rows": 6, "Plan Width": 67, "Inner Unique": false, "Merge Cond": "(it1.id = mi.info_type_id)", "Plans": [{"Node Type": "Sort", "Parent Relationship": "Outer", "Startup Cost": 2.41, "Total Cost": 2.42, "Plan Rows": 1, "Plan Width": 4, "Sort Key": ["it1.id"], "Plans": [{"Node Type": "Seq Scan", "Parent Relationship": "Outer", "Relation Name": "info_type", "Alias": "it1", "Startup Cost": 0.0, "Total Cost": 2.4, "Plan Rows": 1, "Plan Width": 4, "Filter": "((info)::text = 'release dates'::text)"}]}, {"Node Type": "Sort", "Parent Relationship": "Inner", "Startup Cost": 71503.31, "Total Cost": 71504.19, "Plan Rows": 353, "Plan Width": 71, "Sort Key": ["mi.info_type_id"], "Plans": [{"Node Type": "Nested Loop", "Parent Relationship": "Outer", "Join Type": "Inner", "Startup Cost": 4.21, "Total Cost": 71488.37, "Plan Rows": 353, "Plan Width": 71, "Inner Unique": true, "Plans": [{"Node Type": "Streaming(type: LOCAL GATHER dop: 1/64)", "Parent Relationship": "Outer", "Startup Cost": 0.0, "Total Cost": 69388.27, "Plan Rows": 255, "Plan Width": 50, "Plans": [{"Node Type": "Seq Scan", "Parent Relationship": "Outer", "Relation Name": "movie_info", "Alias": "mi", "Startup Cost": 0.0, "Total Cost": 69383.01, "Plan Rows": 255, "Plan Width": 50, "Filter": "((info IS NOT NULL) AND ((note)::text ~~ '%internet%'::text) AND (((info)::text ~~ 'USA:% 199%'::text) OR ((info)::text ~~ 'USA:% 200%'::text)))"}]}, {"Node Type": "Bitmap Heap Scan", "Parent Relationship": "Inner", "Relation Name": "title", "Alias": "t", "Startup Cost": 4.21, "Total Cost": 8.23, "Plan Rows": 1, "Plan Width": 21, "Recheck Cond": "(id = mi.movie_id)", "Filter": "(production_year > 1990)", "Plans": [{"Node Type": "Bitmap Index Scan", "Parent Relationship": "Outer", "Index Name": "title_pkey", "Startup Cost": 0.0, "Total Cost": 4.21, "Plan Rows": 1, "Plan Width": 0, "Index Cond": "(id = mi.movie_id)"}]}]}]}]}, {"Node Type": "Bitmap Heap Scan", "Parent Relationship": "Inner", "Relation Name": "movie_companies", "Alias": "mc", "Startup Cost": 0.29, "Total Cost": 4.31, "Plan Rows": 2, "Plan Width": 12, "Recheck Cond": "(movie_id = t.id)", "Plans": [{"Node Type": "Bitmap Index Scan", "Parent Relationship": "Outer", "Index Name": "movie_id_movie_companies", "Startup Cost": 0.0, "Total Cost": 0.29, "Plan Rows": 2, "Plan Width": 0, "Index Cond": "(movie_id = t.id)"}]}]}]}]}, {"Node Type": "Bitmap Heap Scan", "Parent Relationship": "Inner", "Relation Name": "company_name", "Alias": "cn", "Startup Cost": 0.26, "Total Cost": 4.27, "Plan Rows": 1, "Plan Width": 4, "Recheck Cond": "(id = mc.company_id)", "Filter": "((country_code)::text = '[us]'::text)", "Plans": [{"Node Type": "Bitmap Index Scan", "Parent Relationship": "Outer", "Index Name": "company_name_pkey", "Startup Cost": 0.0, "Total Cost": 0.26, "Plan Rows": 1, "Plan Width": 0, "Index Cond": "(id = mc.company_id)"}]}]}, {"Node Type": "Bitmap Heap Scan", "Parent Relationship": "Inner", "Relation Name": "aka_title", "Alias": "at", "Startup Cost": 0.27, "Total Cost": 4.31, "Plan Rows": 3, "Plan Width": 4, "Recheck Cond": "(movie_id = mc.movie_id)", "Plans": [{"Node Type": "Bitmap Index Scan", "Parent Relationship": "Outer", "Index Name": "movie_id_aka_title", "Startup Cost": 0.0, "Total Cost": 0.27, "Plan Rows": 3, "Plan Width": 0, "Index Cond": "(movie_id = mc.movie_id)"}]}]}, {"Node Type": "Bitmap Heap Scan", "Parent Relationship": "Inner", "Relation Name": "movie_keyword", "Alias": "mk", "Startup Cost": 0.34, "Total Cost": 4.44, "Plan Rows": 8, "Plan Width": 8, "Recheck Cond": "(movie_id = mc.movie_id)", "Plans": [{"Node Type": "Bitmap Index Scan", "Parent Relationship": "Outer", "Index Name": "movie_id_movie_keyword", "Startup Cost": 0.0, "Total Cost": 0.34, "Plan Rows": 8, "Plan Width": 0, "Index Cond": "(movie_id = mc.movie_id)"}]}]}, {"Node Type": "Bitmap Heap Scan", "Parent Relationship": "Inner", "Relation Name": "keyword", "Alias": "k", "Startup Cost": 0.26, "Total Cost": 4.27, "Plan Rows": 1, "Plan Width": 4, "Recheck Cond": "(id = mk.keyword_id)", "Plans": [{"Node Type": "Bitmap Index Scan", "Parent Relationship": "Outer", "Index Name": "keyword_pkey", "Startup Cost": 0.0, "Total Cost": 0.26, "Plan Rows": 1, "Plan Width": 0, "Index Cond": "(id = mk.keyword_id)"}]}]}]}, "Unique SQL Id": 2846462052}, "explain_analyze_plan": {"Plan": {"Node Type": "Aggregate", "Strategy": "Plain", "Startup Cost": 72276.98, "Total Cost": 72276.99, "Plan Rows": 1, "Plan Width": 123, "Actual Min Startup Time": 222.208, "Actual Max Startup Time": 222.208, "Actual Min Total Time": 222.208, "Actual Max Total Time": 222.208, "Actual Total Rows": 1, "Plans": [{"Node Type": "Nested Loop", "Parent Relationship": "Outer", "Join Type": "Inner", "Startup Cost": 71535.96, "Total Cost": 72276.31, "Plan Rows": 134, "Plan Width": 59, "Actual Min Startup Time": 193.893, "Actual Max Startup Time": 193.893, "Actual Min Total Time": 221.331, "Actual Max Total Time": 221.331, "Actual Total Rows": 1140, "Inner Unique": true, "Plans": [{"Node Type": "Nested Loop", "Parent Relationship": "Outer", "Join Type": "Inner", "Startup Cost": 71535.7, "Total Cost": 71702.76, "Plan Rows": 134, "Plan Width": 63, "Actual Min Startup Time": 193.876, "Actual Max Startup Time": 193.876, "Actual Min Total Time": 214.794, "Actual Max Total Time": 214.794, "Actual Total Rows": 1140, "Inner Unique": false, "Join Filter": "(t.id = mk.movie_id)", "Rows Removed by Join Filter": 0, "Plans": [{"Node Type": "Nested Loop", "Parent Relationship": "Outer", "Join Type": "Inner", "Startup Cost": 71535.37, "Total Cost": 71625.61, "Plan Rows": 17, "Plan Width": 75, "Actual Min Startup Time": 193.853, "Actual Max Startup Time": 193.853, "Actual Min Total Time": 213.104, "Actual Max Total Time": 213.104, "Actual Total Rows": 119, "Inner Unique": false, "Join Filter": "(t.id = at.movie_id)", "Rows Removed by Join Filter": 0, "Plans": [{"Node Type": "Nested Loop", "Parent Relationship": "Outer", "Join Type": "Inner", "Startup Cost": 71535.09, "Total Cost": 71582.11, "Plan Rows": 10, "Plan Width": 71, "Actual Min Startup Time": 193.802, "Actual Max Startup Time": 193.802, "Actual Min Total Time": 205.254, "Actual Max Total Time": 205.254, "Actual Total Rows": 1488, "Inner Unique": true, "Plans": [{"Node Type": "Merge Join", "Parent Relationship": "Outer", "Join Type": "Inner", "Startup Cost": 71534.83, "Total Cost": 71535.0, "Plan Rows": 11, "Plan Width": 75, "Actual Min Startup Time": 193.754, "Actual Max Startup Time": 193.754, "Actual Min Total Time": 194.715, "Actual Max Total Time": 194.715, "Actual Total Rows": 1599, "Inner Unique": false, "Merge Cond": "(ct.id = mc.company_type_id)", "Plans": [{"Node Type": "Sort", "Parent Relationship": "Outer", "Startup Cost": 1.05, "Total Cost": 1.06, "Plan Rows": 3, "Plan Width": 4, "Actual Min Startup Time": 0.059, "Actual Max Startup Time": 0.059, "Actual Min Total Time": 0.059, "Actual Max Total Time": 0.059, "Actual Total Rows": 2, "Sort Key": ["ct.id"], "Sort Method": "quicksort", "Sort Space Min Used": 25, "Sort Space Max Used": 25, "Sort Space Type": "Memory", "Plans": [{"Node Type": "Seq Scan", "Parent Relationship": "Outer", "Relation Name": "company_type", "Alias": "ct", "Startup Cost": 0.0, "Total Cost": 1.03, "Plan Rows": 3, "Plan Width": 4, "Actual Min Startup Time": 0.021, "Actual Max Startup Time": 0.021, "Actual Min Total Time": 0.022, "Actual Max Total Time": 0.022, "Actual Total Rows": 3}]}, {"Node Type": "Sort", "Parent Relationship": "Inner", "Startup Cost": 71533.75, "Total Cost": 71533.78, "Plan Rows": 12, "Plan Width": 79, "Actual Min Startup Time": 193.301, "Actual Max Startup Time": 193.301, "Actual Min Total Time": 193.772, "Actual Max Total Time": 193.772, "Actual Total Rows": 2884, "Sort Key": ["mc.company_type_id"], "Sort Method": "quicksort", "Sort Space Min Used": 548, "Sort Space Max Used": 548, "Sort Space Type": "Memory", "Plans": [{"Node Type": "Nested Loop", "Parent Relationship": "Outer", "Join Type": "Inner", "Startup Cost": 71506.1, "Total Cost": 71533.53, "Plan Rows": 12, "Plan Width": 79, "Actual Min Startup Time": 175.391, "Actual Max Startup Time": 175.391, "Actual Min Total Time": 191.894, "Actual Max Total Time": 191.894, "Actual Total Rows": 2884, "Inner Unique": false, "Plans": [{"Node Type": "Merge Join", "Parent Relationship": "Outer", "Join Type": "Inner", "Startup Cost": 71505.81, "Total Cost": 71507.54, "Plan Rows": 6, "Plan Width": 67, "Actual Min Startup Time": 175.371, "Actual Max Startup Time": 175.371, "Actual Min Total Time": 176.294, "Actual Max Total Time": 176.294, "Actual Total Rows": 1782, "Inner Unique": false, "Merge Cond": "(it1.id = mi.info_type_id)", "Plans": [{"Node Type": "Sort", "Parent Relationship": "Outer", "Startup Cost": 2.41, "Total Cost": 2.42, "Plan Rows": 1, "Plan Width": 4, "Actual Min Startup Time": 0.074, "Actual Max Startup Time": 0.074, "Actual Min Total Time": 0.074, "Actual Max Total Time": 0.074, "Actual Total Rows": 1, "Sort Key": ["it1.id"], "Sort Method": "quicksort", "Sort Space Min Used": 25, "Sort Space Max Used": 25, "Sort Space Type": "Memory", "Plans": [{"Node Type": "Seq Scan", "Parent Relationship": "Outer", "Relation Name": "info_type", "Alias": "it1", "Startup Cost": 0.0, "Total Cost": 2.4, "Plan Rows": 1, "Plan Width": 4, "Actual Min Startup Time": 0.049, "Actual Max Startup Time": 0.049, "Actual Min Total Time": 0.069, "Actual Max Total Time": 0.069, "Actual Total Rows": 1, "Filter": "((info)::text = 'release dates'::text)", "Rows Removed by Filter": 111}]}, {"Node Type": "Sort", "Parent Relationship": "Inner", "Startup Cost": 71503.31, "Total Cost": 71504.19, "Plan Rows": 353, "Plan Width": 71, "Actual Min Startup Time": 175.291, "Actual Max Startup Time": 175.291, "Actual Min Total Time": 175.566, "Actual Max Total Time": 175.566, "Actual Total Rows": 1782, "Sort Key": ["mi.info_type_id"], "Sort Method": "quicksort", "Sort Space Min Used": 317, "Sort Space Max Used": 317, "Sort Space Type": "Memory", "Plans": [{"Node Type": "Nested Loop", "Parent Relationship": "Outer", "Join Type": "Inner", "Startup Cost": 4.21, "Total Cost": 71488.37, "Plan Rows": 353, "Plan Width": 71, "Actual Min Startup Time": 128.631, "Actual Max Startup Time": 128.631, "Actual Min Total Time": 174.302, "Actual Max Total Time": 174.302, "Actual Total Rows": 1782, "Inner Unique": true, "Plans": [{"Node Type": "Streaming(type: LOCAL GATHER dop: 1/64)", "Parent Relationship": "Outer", "Startup Cost": 0.0, "Total Cost": 69388.27, "Plan Rows": 255, "Plan Width": 50, "Actual Min Startup Time": 128.531, "Actual Max Startup Time": 128.531, "Actual Min Total Time": 158.176, "Actual Max Total Time": 158.176, "Actual Total Rows": 1783, "Plans": [{"Node Type": "Seq Scan", "Parent Relationship": "Outer", "Relation Name": "movie_info", "Alias": "mi", "Startup Cost": 0.0, "Total Cost": 69383.01, "Plan Rows": 255, "Plan Width": 50, "Actual Min Startup Time": 20.091, "Actual Max Startup Time": 28.35, "Actual Min Total Time": 71.937, "Actual Max Total Time": 83.173, "Actual Total Rows": 1783, "Filter": "((info IS NOT NULL) AND ((note)::text ~~ '%internet%'::text) AND (((info)::text ~~ 'USA:% 199%'::text) OR ((info)::text ~~ 'USA:% 200%'::text)))", "Rows Removed by Filter": 14833936}]}, {"Node Type": "Bitmap Heap Scan", "Parent Relationship": "Inner", "Relation Name": "title", "Alias": "t", "Startup Cost": 4.21, "Total Cost": 8.23, "Plan Rows": 1, "Plan Width": 21, "Actual Min Startup Time": 13.534, "Actual Max Startup Time": 13.534, "Actual Min Total Time": 13.534, "Actual Max Total Time": 13.534, "Actual Total Rows": 1782, "Recheck Cond": "(id = mi.movie_id)", "Rows Removed by Index Recheck": 0, "Filter": "(production_year > 1990)", "Rows Removed by Filter": 1, "Exact Heap Blocks": 1783, "Lossy Heap Blocks": 1783, "Plans": [{"Node Type": "Bitmap Index Scan", "Parent Relationship": "Outer", "Index Name": "title_pkey", "Startup Cost": 0.0, "Total Cost": 4.21, "Plan Rows": 1, "Plan Width": 0, "Actual Min Startup Time": 8.219, "Actual Max Startup Time": 8.219, "Actual Min Total Time": 8.219, "Actual Max Total Time": 8.219, "Actual Total Rows": 1783, "Index Cond": "(id = mi.movie_id)"}]}]}]}]}, {"Node Type": "Bitmap Heap Scan", "Parent Relationship": "Inner", "Relation Name": "movie_companies", "Alias": "mc", "Startup Cost": 0.29, "Total Cost": 4.31, "Plan Rows": 2, "Plan Width": 12, "Actual Min Startup Time": 11.063, "Actual Max Startup Time": 11.063, "Actual Min Total Time": 12.828, "Actual Max Total Time": 12.828, "Actual Total Rows": 2884, "Recheck Cond": "(movie_id = t.id)", "Rows Removed by Index Recheck": 0, "Exact Heap Blocks": 2325, "Lossy Heap Blocks": 2325, "Plans": [{"Node Type": "Bitmap Index Scan", "Parent Relationship": "Outer", "Index Name": "movie_id_movie_companies", "Startup Cost": 0.0, "Total Cost": 0.29, "Plan Rows": 2, "Plan Width": 0, "Actual Min Startup Time": 7.444, "Actual Max Startup Time": 7.444, "Actual Min Total Time": 7.444, "Actual Max Total Time": 7.444, "Actual Total Rows": 2884, "Index Cond": "(movie_id = t.id)"}]}]}]}]}, {"Node Type": "Bitmap Heap Scan", "Parent Relationship": "Inner", "Relation Name": "company_name", "Alias": "cn", "Startup Cost": 0.26, "Total Cost": 4.27, "Plan Rows": 1, "Plan Width": 4, "Actual Min Startup Time": 8.607, "Actual Max Startup Time": 8.607, "Actual Min Total Time": 8.607, "Actual Max Total Time": 8.607, "Actual Total Rows": 1488, "Recheck Cond": "(id = mc.company_id)", "Rows Removed by Index Recheck": 0, "Filter": "((country_code)::text = '[us]'::text)", "Rows Removed by Filter": 111, "Exact Heap Blocks": 1599, "Lossy Heap Blocks": 1599, "Plans": [{"Node Type": "Bitmap Index Scan", "Parent Relationship": "Outer", "Index Name": "company_name_pkey", "Startup Cost": 0.0, "Total Cost": 0.26, "Plan Rows": 1, "Plan Width": 0, "Actual Min Startup Time": 4.915, "Actual Max Startup Time": 4.915, "Actual Min Total Time": 4.915, "Actual Max Total Time": 4.915, "Actual Total Rows": 1599, "Index Cond": "(id = mc.company_id)"}]}]}, {"Node Type": "Bitmap Heap Scan", "Parent Relationship": "Inner", "Relation Name": "aka_title", "Alias": "at", "Startup Cost": 0.27, "Total Cost": 4.31, "Plan Rows": 3, "Plan Width": 4, "Actual Min Startup Time": 6.069, "Actual Max Startup Time": 6.069, "Actual Min Total Time": 6.135, "Actual Max Total Time": 6.135, "Actual Total Rows": 119, "Recheck Cond": "(movie_id = mc.movie_id)", "Rows Removed by Index Recheck": 0, "Exact Heap Blocks": 119, "Lossy Heap Blocks": 119, "Plans": [{"Node Type": "Bitmap Index Scan", "Parent Relationship": "Outer", "Index Name": "movie_id_aka_title", "Startup Cost": 0.0, "Total Cost": 0.27, "Plan Rows": 3, "Plan Width": 0, "Actual Min Startup Time": 5.132, "Actual Max Startup Time": 5.132, "Actual Min Total Time": 5.132, "Actual Max Total Time": 5.132, "Actual Total Rows": 119, "Index Cond": "(movie_id = mc.movie_id)"}]}]}, {"Node Type": "Bitmap Heap Scan", "Parent Relationship": "Inner", "Relation Name": "movie_keyword", "Alias": "mk", "Startup Cost": 0.34, "Total Cost": 4.44, "Plan Rows": 8, "Plan Width": 8, "Actual Min Startup Time": 0.909, "Actual Max Startup Time": 0.909, "Actual Min Total Time": 1.088, "Actual Max Total Time": 1.088, "Actual Total Rows": 1140, "Recheck Cond": "(movie_id = mc.movie_id)", "Rows Removed by Index Recheck": 0, "Exact Heap Blocks": 91, "Lossy Heap Blocks": 91, "Plans": [{"Node Type": "Bitmap Index Scan", "Parent Relationship": "Outer", "Index Name": "movie_id_movie_keyword", "Startup Cost": 0.0, "Total Cost": 0.34, "Plan Rows": 8, "Plan Width": 0, "Actual Min Startup Time": 0.564, "Actual Max Startup Time": 0.564, "Actual Min Total Time": 0.564, "Actual Max Total Time": 0.564, "Actual Total Rows": 1140, "Index Cond": "(movie_id = mc.movie_id)"}]}]}, {"Node Type": "Bitmap Heap Scan", "Parent Relationship": "Inner", "Relation Name": "keyword", "Alias": "k", "Startup Cost": 0.26, "Total Cost": 4.27, "Plan Rows": 1, "Plan Width": 4, "Actual Min Startup Time": 5.012, "Actual Max Startup Time": 5.012, "Actual Min Total Time": 5.012, "Actual Max Total Time": 5.012, "Actual Total Rows": 1140, "Recheck Cond": "(id = mk.keyword_id)", "Rows Removed by Index Recheck": 0, "Exact Heap Blocks": 1140, "Lossy Heap Blocks": 1140, "Plans": [{"Node Type": "Bitmap Index Scan", "Parent Relationship": "Outer", "Index Name": "keyword_pkey", "Startup Cost": 0.0, "Total Cost": 0.26, "Plan Rows": 1, "Plan Width": 0, "Actual Min Startup Time": 3.115, "Actual Max Startup Time": 3.115, "Actual Min Total Time": 3.115, "Actual Max Total Time": 3.115, "Actual Total Rows": 1140, "Index Cond": "(id = mk.keyword_id)"}]}]}]}, "Triggers": [], "Planner Runtime": 152.267, "Total Runtime": 234.096, "Unique SQL Id": 2846462052}}, "(64, 87)": {"explain_plan": {"Plan": {"Node Type": "Aggregate", "Strategy": "Plain", "Startup Cost": 166082.29, "Total Cost": 166082.3, "Plan Rows": 1, "Plan Width": 123, "Plans": [{"Node Type": "Nested Loop", "Parent Relationship": "Outer", "Join Type": "Inner", "Startup Cost": 4855.81, "Total Cost": 166081.62, "Plan Rows": 134, "Plan Width": 59, "Inner Unique": true, "Join Filter": "(at.movie_id = t.id)", "Plans": [{"Node Type": "Nested Loop", "Parent Relationship": "Outer", "Join Type": "Inner", "Startup Cost": 4855.54, "Total Cost": 165665.15, "Plan Rows": 97, "Plan Width": 58, "Inner Unique": true, "Plans": [{"Node Type": "Nested Loop", "Parent Relationship": "Outer", "Join Type": "Inner", "Startup Cost": 4855.28, "Total Cost": 165249.97, "Plan Rows": 97, "Plan Width": 62, "Inner Unique": false, "Join Filter": "(at.movie_id = mk.movie_id)", "Plans": [{"Node Type": "Nested Loop", "Parent Relationship": "Outer", "Join Type": "Inner", "Startup Cost": 4854.95, "Total Cost": 165195.51, "Plan Rows": 12, "Plan Width": 54, "Inner Unique": true, "Plans": [{"Node Type": "Nested Loop", "Parent Relationship": "Outer", "Join Type": "Inner", "Startup Cost": 4854.69, "Total Cost": 165144.15, "Plan Rows": 12, "Plan Width": 58, "Inner Unique": true, "Plans": [{"Node Type": "Nested Loop", "Parent Relationship": "Outer", "Join Type": "Inner", "Startup Cost": 4854.43, "Total Cost": 165058.48, "Plan Rows": 20, "Plan Width": 62, "Inner Unique": false, "Plans": [{"Node Type": "Nested Loop", "Parent Relationship": "Outer", "Join Type": "Inner", "Startup Cost": 4854.06, "Total Cost": 165018.73, "Plan Rows": 9, "Plan Width": 50, "Inner Unique": false, "Plans": [{"Node Type": "Nested Loop", "Parent Relationship": "Outer", "Join Type": "Inner", "Startup Cost": 4850.27, "Total Cost": 164956.1, "Plan Rows": 4, "Plan Width": 46, "Inner Unique": false, "Plans": [{"Node Type": "Bitmap Heap Scan", "Parent Relationship": "Outer", "Relation Name": "info_type", "Alias": "it1", "Startup Cost": 8.81, "Total Cost": 14.21, "Plan Rows": 1, "Plan Width": 4, "Filter": "((info)::text = 'release dates'::text)", "Plans": [{"Node Type": "Bitmap Index Scan", "Parent Relationship": "Outer", "Index Name": "info_type_pkey", "Startup Cost": 0.0, "Total Cost": 8.81, "Plan Rows": 112, "Plan Width": 0}]}, {"Node Type": "Bitmap Heap Scan", "Parent Relationship": "Inner", "Relation Name": "movie_info", "Alias": "mi", "Startup Cost": 4841.46, "Total Cost": 164941.85, "Plan Rows": 4, "Plan Width": 50, "Recheck Cond": "(info_type_id = it1.id)", "Filter": "((info IS NOT NULL) AND ((note)::text ~~ '%internet%'::text) AND (((info)::text ~~ 'USA:% 199%'::text) OR ((info)::text ~~ 'USA:% 200%'::text)))", "Plans": [{"Node Type": "Bitmap Index Scan", "Parent Relationship": "Outer", "Index Name": "info_type_id_movie_info", "Startup Cost": 0.0, "Total Cost": 4841.46, "Plan Rows": 212428, "Plan Width": 0, "Index Cond": "(info_type_id = it1.id)"}]}]}, {"Node Type": "Bitmap Heap Scan", "Parent Relationship": "Inner", "Relation Name": "aka_title", "Alias": "at", "Startup Cost": 3.79, "Total Cost": 15.63, "Plan Rows": 3, "Plan Width": 4, "Recheck Cond": "(movie_id = mi.movie_id)", "Plans": [{"Node Type": "Bitmap Index Scan", "Parent Relationship": "Outer", "Index Name": "movie_id_aka_title", "Startup Cost": 0.0, "Total Cost": 3.79, "Plan Rows": 3, "Plan Width": 0, "Index Cond": "(movie_id = mi.movie_id)"}]}]}, {"Node Type": "Bitmap Heap Scan", "Parent Relationship": "Inner", "Relation Name": "movie_companies", "Alias": "mc", "Startup Cost": 0.37, "Total Cost": 4.4, "Plan Rows": 2, "Plan Width": 12, "Recheck Cond": "(movie_id = at.movie_id)", "Plans": [{"Node Type": "Bitmap Index Scan", "Parent Relationship": "Outer", "Index Name": "movie_id_movie_companies", "Startup Cost": 0.0, "Total Cost": 0.37, "Plan Rows": 2, "Plan Width": 0, "Index Cond": "(movie_id = at.movie_id)"}]}]}, {"Node Type": "Bitmap Heap Scan", "Parent Relationship": "Inner", "Relation Name": "company_name", "Alias": "cn", "Startup Cost": 0.26, "Total Cost": 4.27, "Plan Rows": 1, "Plan Width": 4, "Recheck Cond": "(id = mc.company_id)", "Filter": "((country_code)::text = '[us]'::text)", "Plans": [{"Node Type": "Bitmap Index Scan", "Parent Relationship": "Outer", "Index Name": "company_name_pkey", "Startup Cost": 0.0, "Total Cost": 0.26, "Plan Rows": 1, "Plan Width": 0, "Index Cond": "(id = mc.company_id)"}]}]}, {"Node Type": "Bitmap Heap Scan", "Parent Relationship": "Inner", "Relation Name": "company_type", "Alias": "ct", "Startup Cost": 0.26, "Total Cost": 4.27, "Plan Rows": 1, "Plan Width": 4, "Recheck Cond": "(id = mc.company_type_id)", "Plans": [{"Node Type": "Bitmap Index Scan", "Parent Relationship": "Outer", "Index Name": "company_type_pkey", "Startup Cost": 0.0, "Total Cost": 0.26, "Plan Rows": 1, "Plan Width": 0, "Index Cond": "(id = mc.company_type_id)"}]}]}, {"Node Type": "Bitmap Heap Scan", "Parent Relationship": "Inner", "Relation Name": "movie_keyword", "Alias": "mk", "Startup Cost": 0.34, "Total Cost": 4.44, "Plan Rows": 8, "Plan Width": 8, "Recheck Cond": "(movie_id = mc.movie_id)", "Plans": [{"Node Type": "Bitmap Index Scan", "Parent Relationship": "Outer", "Index Name": "movie_id_movie_keyword", "Startup Cost": 0.0, "Total Cost": 0.34, "Plan Rows": 8, "Plan Width": 0, "Index Cond": "(movie_id = mc.movie_id)"}]}]}, {"Node Type": "Bitmap Heap Scan", "Parent Relationship": "Inner", "Relation Name": "keyword", "Alias": "k", "Startup Cost": 0.26, "Total Cost": 4.27, "Plan Rows": 1, "Plan Width": 4, "Recheck Cond": "(id = mk.keyword_id)", "Plans": [{"Node Type": "Bitmap Index Scan", "Parent Relationship": "Outer", "Index Name": "keyword_pkey", "Startup Cost": 0.0, "Total Cost": 0.26, "Plan Rows": 1, "Plan Width": 0, "Index Cond": "(id = mk.keyword_id)"}]}]}, {"Node Type": "Bitmap Heap Scan", "Parent Relationship": "Inner", "Relation Name": "title", "Alias": "t", "Startup Cost": 0.27, "Total Cost": 4.28, "Plan Rows": 1, "Plan Width": 21, "Recheck Cond": "(id = mk.movie_id)", "Filter": "(production_year > 1990)", "Plans": [{"Node Type": "Bitmap Index Scan", "Parent Relationship": "Outer", "Index Name": "title_pkey", "Startup Cost": 0.0, "Total Cost": 0.27, "Plan Rows": 1, "Plan Width": 0, "Index Cond": "(id = mk.movie_id)"}]}]}]}, "Unique SQL Id": 2846462052}, "explain_analyze_plan": null}, "(64, 88)": {"explain_plan": {"Plan": {"Node Type": "Aggregate", "Strategy": "Plain", "Startup Cost": 69545.12, "Total Cost": 69545.13, "Plan Rows": 1, "Plan Width": 123, "Plans": [{"Node Type": "Nested Loop", "Parent Relationship": "Outer", "Join Type": "Inner", "Startup Cost": 0.0, "Total Cost": 69544.45, "Plan Rows": 134, "Plan Width": 59, "Inner Unique": false, "Plans": [{"Node Type": "Nested Loop", "Parent Relationship": "Outer", "Join Type": "Inner", "Startup Cost": 0.0, "Total Cost": 69529.4, "Plan Rows": 44, "Plan Width": 75, "Inner Unique": true, "Plans": [{"Node Type": "Nested Loop", "Parent Relationship": "Outer", "Join Type": "Inner", "Startup Cost": 0.0, "Total Cost": 69517.08, "Plan Rows": 44, "Plan Width": 79, "Inner Unique": false, "Join Filter": "(t.id = mk.movie_id)", "Plans": [{"Node Type": "Nested Loop", "Parent Relationship": "Outer", "Join Type": "Inner", "Startup Cost": 0.0, "Total Cost": 69513.71, "Plan Rows": 6, "Plan Width": 71, "Inner Unique": true, "Plans": [{"Node Type": "Nested Loop", "Parent Relationship": "Outer", "Join Type": "Inner", "Startup Cost": 0.0, "Total Cost": 69510.91, "Plan Rows": 10, "Plan Width": 75, "Inner Unique": true, "Plans": [{"Node Type": "Nested Loop", "Parent Relationship": "Outer", "Join Type": "Inner", "Startup Cost": 0.0, "Total Cost": 69507.45, "Plan Rows": 12, "Plan Width": 79, "Inner Unique": false, "Plans": [{"Node Type": "Nested Loop", "Parent Relationship": "Outer", "Join Type": "Inner", "Startup Cost": 0.0, "Total Cost": 69505.25, "Plan Rows": 6, "Plan Width": 67, "Inner Unique": true, "Plans": [{"Node Type": "Nested Loop", "Parent Relationship": "Outer", "Join Type": "Inner", "Startup Cost": 0.0, "Total Cost": 69472.3, "Plan Rows": 4, "Plan Width": 46, "Inner Unique": true, "Plans": [{"Node Type": "Streaming(type: LOCAL GATHER dop: 1/64)", "Parent Relationship": "Outer", "Startup Cost": 0.0, "Total Cost": 69388.27, "Plan Rows": 255, "Plan Width": 50, "Plans": [{"Node Type": "Seq Scan", "Parent Relationship": "Outer", "Relation Name": "movie_info", "Alias": "mi", "Startup Cost": 0.0, "Total Cost": 69383.01, "Plan Rows": 255, "Plan Width": 50, "Filter": "((info IS NOT NULL) AND ((note)::text ~~ '%internet%'::text) AND (((info)::text ~~ 'USA:% 199%'::text) OR ((info)::text ~~ 'USA:% 200%'::text)))"}]}, {"Node Type": "Index Scan", "Parent Relationship": "Inner", "Scan Direction": "Forward", "Index Name": "info_type_pkey", "Relation Name": "info_type", "Alias": "it1", "Startup Cost": 0.0, "Total Cost": 0.32, "Plan Rows": 1, "Plan Width": 4, "Index Cond": "(id = mi.info_type_id)", "Filter": "((info)::text = 'release dates'::text)"}]}, {"Node Type": "Index Scan", "Parent Relationship": "Inner", "Scan Direction": "Forward", "Index Name": "title_pkey", "Relation Name": "title", "Alias": "t", "Startup Cost": 0.0, "Total Cost": 8.23, "Plan Rows": 1, "Plan Width": 21, "Index Cond": "(id = mi.movie_id)", "Filter": "(production_year > 1990)"}]}, {"Node Type": "Index Scan", "Parent Relationship": "Inner", "Scan Direction": "Forward", "Index Name": "movie_id_movie_companies", "Relation Name": "movie_companies", "Alias": "mc", "Startup Cost": 0.0, "Total Cost": 0.35, "Plan Rows": 2, "Plan Width": 12, "Index Cond": "(movie_id = t.id)"}]}, {"Node Type": "Index Scan", "Parent Relationship": "Inner", "Scan Direction": "Forward", "Index Name": "company_name_pkey", "Relation Name": "company_name", "Alias": "cn", "Startup Cost": 0.0, "Total Cost": 0.28, "Plan Rows": 1, "Plan Width": 4, "Index Cond": "(id = mc.company_id)", "Filter": "((country_code)::text = '[us]'::text)"}]}, {"Node Type": "Index Only Scan", "Parent Relationship": "Inner", "Scan Direction": "Forward", "Index Name": "company_type_pkey", "Relation Name": "company_type", "Alias": "ct", "Startup Cost": 0.0, "Total Cost": 0.27, "Plan Rows": 1, "Plan Width": 4, "Index Cond": "(id = mc.company_type_id)"}]}, {"Node Type": "Index Scan", "Parent Relationship": "Inner", "Scan Direction": "Forward", "Index Name": "movie_id_movie_keyword", "Relation Name": "movie_keyword", "Alias": "mk", "Startup Cost": 0.0, "Total Cost": 0.46, "Plan Rows": 8, "Plan Width": 8, "Index Cond": "(movie_id = mc.movie_id)"}]}, {"Node Type": "Index Only Scan", "Parent Relationship": "Inner", "Scan Direction": "Forward", "Index Name": "keyword_pkey", "Relation Name": "keyword", "Alias": "k", "Startup Cost": 0.0, "Total Cost": 0.27, "Plan Rows": 1, "Plan Width": 4, "Index Cond": "(id = mk.keyword_id)"}]}, {"Node Type": "Index Only Scan", "Parent Relationship": "Inner", "Scan Direction": "Forward", "Index Name": "movie_id_aka_title", "Relation Name": "aka_title", "Alias": "at", "Startup Cost": 0.0, "Total Cost": 0.31, "Plan Rows": 3, "Plan Width": 4, "Index Cond": "(movie_id = t.id)"}]}]}, "Unique SQL Id": 2846462052}, "explain_analyze_plan": {"Plan": {"Node Type": "Aggregate", "Strategy": "Plain", "Startup Cost": 69545.12, "Total Cost": 69545.13, "Plan Rows": 1, "Plan Width": 123, "Actual Min Startup Time": 232.775, "Actual Max Startup Time": 232.775, "Actual Min Total Time": 232.776, "Actual Max Total Time": 232.776, "Actual Total Rows": 1, "Plans": [{"Node Type": "Nested Loop", "Parent Relationship": "Outer", "Join Type": "Inner", "Startup Cost": 0.0, "Total Cost": 69544.45, "Plan Rows": 134, "Plan Width": 59, "Actual Min Startup Time": 138.197, "Actual Max Startup Time": 138.197, "Actual Min Total Time": 231.951, "Actual Max Total Time": 231.951, "Actual Total Rows": 1140, "Inner Unique": false, "Plans": [{"Node Type": "Nested Loop", "Parent Relationship": "Outer", "Join Type": "Inner", "Startup Cost": 0.0, "Total Cost": 69529.4, "Plan Rows": 44, "Plan Width": 75, "Actual Min Startup Time": 137.646, "Actual Max Startup Time": 137.646, "Actual Min Total Time": 218.336, "Actual Max Total Time": 218.336, "Actual Total Rows": 4808, "Inner Unique": true, "Plans": [{"Node Type": "Nested Loop", "Parent Relationship": "Outer", "Join Type": "Inner", "Startup Cost": 0.0, "Total Cost": 69517.08, "Plan Rows": 44, "Plan Width": 79, "Actual Min Startup Time": 137.633, "Actual Max Startup Time": 137.633, "Actual Min Total Time": 202.135, "Actual Max Total Time": 202.135, "Actual Total Rows": 4808, "Inner Unique": false, "Join Filter": "(t.id = mk.movie_id)", "Rows Removed by Join Filter": 0, "Plans": [{"Node Type": "Nested Loop", "Parent Relationship": "Outer", "Join Type": "Inner", "Startup Cost": 0.0, "Total Cost": 69513.71, "Plan Rows": 6, "Plan Width": 71, "Actual Min Startup Time": 137.608, "Actual Max Startup Time": 137.608, "Actual Min Total Time": 189.736, "Actual Max Total Time": 189.736, "Actual Total Rows": 1488, "Inner Unique": true, "Plans": [{"Node Type": "Nested Loop", "Parent Relationship": "Outer", "Join Type": "Inner", "Startup Cost": 0.0, "Total Cost": 69510.91, "Plan Rows": 10, "Plan Width": 75, "Actual Min Startup Time": 137.541, "Actual Max Startup Time": 137.541, "Actual Min Total Time": 185.751, "Actual Max Total Time": 185.751, "Actual Total Rows": 2647, "Inner Unique": true, "Plans": [{"Node Type": "Nested Loop", "Parent Relationship": "Outer", "Join Type": "Inner", "Startup Cost": 0.0, "Total Cost": 69507.45, "Plan Rows": 12, "Plan Width": 79, "Actual Min Startup Time": 137.518, "Actual Max Startup Time": 137.518, "Actual Min Total Time": 170.533, "Actual Max Total Time": 170.533, "Actual Total Rows": 2884, "Inner Unique": false, "Plans": [{"Node Type": "Nested Loop", "Parent Relationship": "Outer", "Join Type": "Inner", "Startup Cost": 0.0, "Total Cost": 69505.25, "Plan Rows": 6, "Plan Width": 67, "Actual Min Startup Time": 137.499, "Actual Max Startup Time": 137.499, "Actual Min Total Time": 157.44, "Actual Max Total Time": 157.44, "Actual Total Rows": 1782, "Inner Unique": true, "Plans": [{"Node Type": "Nested Loop", "Parent Relationship": "Outer", "Join Type": "Inner", "Startup Cost": 0.0, "Total Cost": 69472.3, "Plan Rows": 4, "Plan Width": 46, "Actual Min Startup Time": 137.478, "Actual Max Startup Time": 137.478, "Actual Min Total Time": 144.05, "Actual Max Total Time": 144.05, "Actual Total Rows": 1783, "Inner Unique": true, "Plans": [{"Node Type": "Streaming(type: LOCAL GATHER dop: 1/64)", "Parent Relationship": "Outer", "Startup Cost": 0.0, "Total Cost": 69388.27, "Plan Rows": 255, "Plan Width": 50, "Actual Min Startup Time": 137.425, "Actual Max Startup Time": 137.425, "Actual Min Total Time": 138.843, "Actual Max Total Time": 138.843, "Actual Total Rows": 1783, "Plans": [{"Node Type": "Seq Scan", "Parent Relationship": "Outer", "Relation Name": "movie_info", "Alias": "mi", "Startup Cost": 0.0, "Total Cost": 69383.01, "Plan Rows": 255, "Plan Width": 50, "Actual Min Startup Time": 20.09, "Actual Max Startup Time": 28.393, "Actual Min Total Time": 71.67, "Actual Max Total Time": 82.135, "Actual Total Rows": 1783, "Filter": "((info IS NOT NULL) AND ((note)::text ~~ '%internet%'::text) AND (((info)::text ~~ 'USA:% 199%'::text) OR ((info)::text ~~ 'USA:% 200%'::text)))", "Rows Removed by Filter": 14833936}]}, {"Node Type": "Index Scan", "Parent Relationship": "Inner", "Scan Direction": "Forward", "Index Name": "info_type_pkey", "Relation Name": "info_type", "Alias": "it1", "Startup Cost": 0.0, "Total Cost": 0.32, "Plan Rows": 1, "Plan Width": 4, "Actual Min Startup Time": 3.374, "Actual Max Startup Time": 3.374, "Actual Min Total Time": 3.374, "Actual Max Total Time": 3.374, "Actual Total Rows": 1783, "Index Cond": "(id = mi.info_type_id)", "Rows Removed by Index Recheck": 0, "Filter": "((info)::text = 'release dates'::text)", "Rows Removed by Filter": 0}]}, {"Node Type": "Index Scan", "Parent Relationship": "Inner", "Scan Direction": "Forward", "Index Name": "title_pkey", "Relation Name": "title", "Alias": "t", "Startup Cost": 0.0, "Total Cost": 8.23, "Plan Rows": 1, "Plan Width": 21, "Actual Min Startup Time": 11.598, "Actual Max Startup Time": 11.598, "Actual Min Total Time": 11.598, "Actual Max Total Time": 11.598, "Actual Total Rows": 1782, "Index Cond": "(id = mi.movie_id)", "Rows Removed by Index Recheck": 0, "Filter": "(production_year > 1990)", "Rows Removed by Filter": 1}]}, {"Node Type": "Index Scan", "Parent Relationship": "Inner", "Scan Direction": "Forward", "Index Name": "movie_id_movie_companies", "Relation Name": "movie_companies", "Alias": "mc", "Startup Cost": 0.0, "Total Cost": 0.35, "Plan Rows": 2, "Plan Width": 12, "Actual Min Startup Time": 8.82, "Actual Max Startup Time": 8.82, "Actual Min Total Time": 11.307, "Actual Max Total Time": 11.307, "Actual Total Rows": 2884, "Index Cond": "(movie_id = t.id)", "Rows Removed by Index Recheck": 0}]}, {"Node Type": "Index Scan", "Parent Relationship": "Inner", "Scan Direction": "Forward", "Index Name": "company_name_pkey", "Relation Name": "company_name", "Alias": "cn", "Startup Cost": 0.0, "Total Cost": 0.28, "Plan Rows": 1, "Plan Width": 4, "Actual Min Startup Time": 12.682, "Actual Max Startup Time": 12.682, "Actual Min Total Time": 12.682, "Actual Max Total Time": 12.682, "Actual Total Rows": 2647, "Index Cond": "(id = mc.company_id)", "Rows Removed by Index Recheck": 0, "Filter": "((country_code)::text = '[us]'::text)", "Rows Removed by Filter": 237}]}, {"Node Type": "Index Only Scan", "Parent Relationship": "Inner", "Scan Direction": "Forward", "Index Name": "company_type_pkey", "Relation Name": "company_type", "Alias": "ct", "Startup Cost": 0.0, "Total Cost": 0.27, "Plan Rows": 1, "Plan Width": 4, "Actual Min Startup Time": 2.164, "Actual Max Startup Time": 2.164, "Actual Min Total Time": 2.164, "Actual Max Total Time": 2.164, "Actual Total Rows": 1488, "Index Cond": "(id = mc.company_type_id)", "Rows Removed by Index Recheck": 0, "Heap Fetches": 0}]}, {"Node Type": "Index Scan", "Parent Relationship": "Inner", "Scan Direction": "Forward", "Index Name": "movie_id_movie_keyword", "Relation Name": "movie_keyword", "Alias": "mk", "Startup Cost": 0.0, "Total Cost": 0.46, "Plan Rows": 8, "Plan Width": 8, "Actual Min Startup Time": 7.483, "Actual Max Startup Time": 7.483, "Actual Min Total Time": 9.775, "Actual Max Total Time": 9.775, "Actual Total Rows": 4808, "Index Cond": "(movie_id = mc.movie_id)", "Rows Removed by Index Recheck": 0}]}, {"Node Type": "Index Only Scan", "Parent Relationship": "Inner", "Scan Direction": "Forward", "Index Name": "keyword_pkey", "Relation Name": "keyword", "Alias": "k", "Startup Cost": 0.0, "Total Cost": 0.27, "Plan Rows": 1, "Plan Width": 4, "Actual Min Startup Time": 12.641, "Actual Max Startup Time": 12.641, "Actual Min Total Time": 12.641, "Actual Max Total Time": 12.641, "Actual Total Rows": 4808, "Index Cond": "(id = mk.keyword_id)", "Rows Removed by Index Recheck": 0, "Heap Fetches": 0}]}, {"Node Type": "Index Only Scan", "Parent Relationship": "Inner", "Scan Direction": "Forward", "Index Name": "movie_id_aka_title", "Relation Name": "aka_title", "Alias": "at", "Startup Cost": 0.0, "Total Cost": 0.31, "Plan Rows": 3, "Plan Width": 4, "Actual Min Startup Time": 10.491, "Actual Max Startup Time": 10.491, "Actual Min Total Time": 10.768, "Actual Max Total Time": 10.768, "Actual Total Rows": 1140, "Index Cond": "(movie_id = t.id)", "Rows Removed by Index Recheck": 0, "Heap Fetches": 0}]}]}, "Triggers": [], "Planner Runtime": 164.596, "Total Runtime": 244.838, "Unique SQL Id": 2846462052}}, "(64, 89)": {"explain_plan": {"Plan": {"Node Type": "Aggregate", "Strategy": "Plain", "Startup Cost": 496832.72, "Total Cost": 496832.73, "Plan Rows": 1, "Plan Width": 123, "Plans": [{"Node Type": "Nested Loop", "Parent Relationship": "Outer", "Join Type": "Inner", "Startup Cost": 0.0, "Total Cost": 496832.05, "Plan Rows": 134, "Plan Width": 59, "Inner Unique": false, "Plans": [{"Node Type": "Nested Loop", "Parent Relationship": "Outer", "Join Type": "Inner", "Startup Cost": 0.0, "Total Cost": 496817.0, "Plan Rows": 44, "Plan Width": 75, "Inner Unique": true, "Plans": [{"Node Type": "Nested Loop", "Parent Relationship": "Outer", "Join Type": "Inner", "Startup Cost": 0.0, "Total Cost": 496804.68, "Plan Rows": 44, "Plan Width": 79, "Inner Unique": false, "Join Filter": "(t.id = mk.movie_id)", "Plans": [{"Node Type": "Nested Loop", "Parent Relationship": "Outer", "Join Type": "Inner", "Startup Cost": 0.0, "Total Cost": 496801.31, "Plan Rows": 6, "Plan Width": 71, "Inner Unique": true, "Plans": [{"Node Type": "Nested Loop", "Parent Relationship": "Outer", "Join Type": "Inner", "Startup Cost": 0.0, "Total Cost": 496798.51, "Plan Rows": 10, "Plan Width": 75, "Inner Unique": true, "Plans": [{"Node Type": "Nested Loop", "Parent Relationship": "Outer", "Join Type": "Inner", "Startup Cost": 0.0, "Total Cost": 496795.05, "Plan Rows": 12, "Plan Width": 79, "Inner Unique": false, "Plans": [{"Node Type": "Nested Loop", "Parent Relationship": "Outer", "Join Type": "Inner", "Startup Cost": 0.0, "Total Cost": 496792.85, "Plan Rows": 6, "Plan Width": 67, "Inner Unique": true, "Plans": [{"Node Type": "Nested Loop", "Parent Relationship": "Outer", "Join Type": "Inner", "Startup Cost": 0.0, "Total Cost": 496759.91, "Plan Rows": 4, "Plan Width": 46, "Inner Unique": false, "Plans": [{"Node Type": "Index Scan", "Parent Relationship": "Outer", "Scan Direction": "Forward", "Index Name": "info_type_pkey", "Relation Name": "info_type", "Alias": "it1", "Startup Cost": 0.0, "Total Cost": 14.21, "Plan Rows": 1, "Plan Width": 4, "Filter": "((info)::text = 'release dates'::text)"}, {"Node Type": "Index Scan", "Parent Relationship": "Inner", "Scan Direction": "Forward", "Index Name": "info_type_id_movie_info", "Relation Name": "movie_info", "Alias": "mi", "Startup Cost": 0.0, "Total Cost": 496745.66, "Plan Rows": 4, "Plan Width": 50, "Index Cond": "(info_type_id = it1.id)", "Filter": "((info IS NOT NULL) AND ((note)::text ~~ '%internet%'::text) AND (((info)::text ~~ 'USA:% 199%'::text) OR ((info)::text ~~ 'USA:% 200%'::text)))"}]}, {"Node Type": "Index Scan", "Parent Relationship": "Inner", "Scan Direction": "Forward", "Index Name": "title_pkey", "Relation Name": "title", "Alias": "t", "Startup Cost": 0.0, "Total Cost": 8.23, "Plan Rows": 1, "Plan Width": 21, "Index Cond": "(id = mi.movie_id)", "Filter": "(production_year > 1990)"}]}, {"Node Type": "Index Scan", "Parent Relationship": "Inner", "Scan Direction": "Forward", "Index Name": "movie_id_movie_companies", "Relation Name": "movie_companies", "Alias": "mc", "Startup Cost": 0.0, "Total Cost": 0.35, "Plan Rows": 2, "Plan Width": 12, "Index Cond": "(movie_id = t.id)"}]}, {"Node Type": "Index Scan", "Parent Relationship": "Inner", "Scan Direction": "Forward", "Index Name": "company_name_pkey", "Relation Name": "company_name", "Alias": "cn", "Startup Cost": 0.0, "Total Cost": 0.28, "Plan Rows": 1, "Plan Width": 4, "Index Cond": "(id = mc.company_id)", "Filter": "((country_code)::text = '[us]'::text)"}]}, {"Node Type": "Index Only Scan", "Parent Relationship": "Inner", "Scan Direction": "Forward", "Index Name": "company_type_pkey", "Relation Name": "company_type", "Alias": "ct", "Startup Cost": 0.0, "Total Cost": 0.27, "Plan Rows": 1, "Plan Width": 4, "Index Cond": "(id = mc.company_type_id)"}]}, {"Node Type": "Index Scan", "Parent Relationship": "Inner", "Scan Direction": "Forward", "Index Name": "movie_id_movie_keyword", "Relation Name": "movie_keyword", "Alias": "mk", "Startup Cost": 0.0, "Total Cost": 0.46, "Plan Rows": 8, "Plan Width": 8, "Index Cond": "(movie_id = mc.movie_id)"}]}, {"Node Type": "Index Only Scan", "Parent Relationship": "Inner", "Scan Direction": "Forward", "Index Name": "keyword_pkey", "Relation Name": "keyword", "Alias": "k", "Startup Cost": 0.0, "Total Cost": 0.27, "Plan Rows": 1, "Plan Width": 4, "Index Cond": "(id = mk.keyword_id)"}]}, {"Node Type": "Index Only Scan", "Parent Relationship": "Inner", "Scan Direction": "Forward", "Index Name": "movie_id_aka_title", "Relation Name": "aka_title", "Alias": "at", "Startup Cost": 0.0, "Total Cost": 0.31, "Plan Rows": 3, "Plan Width": 4, "Index Cond": "(movie_id = t.id)"}]}]}, "Unique SQL Id": 2846462052}, "explain_analyze_plan": null}, "(64, 90)": {"explain_plan": {"Plan": {"Node Type": "Aggregate", "Strategy": "Plain", "Startup Cost": 320338177594.3, "Total Cost": 320338177594.31, "Plan Rows": 1, "Plan Width": 123, "Plans": [{"Node Type": "Merge Join", "Parent Relationship": "Outer", "Join Type": "Inner", "Startup Cost": 110033552674.56, "Total Cost": 320338177593.63, "Plan Rows": 134, "Plan Width": 59, "Inner Unique": false, "Merge Cond": "(t.id = mi.movie_id)", "Plans": [{"Node Type": "Merge Join", "Parent Relationship": "Outer", "Join Type": "Inner", "Startup Cost": 10027599270.14, "Total Cost": 220486614473.82, "Plan Rows": 5041926, "Plan Width": 33, "Inner Unique": false, "Merge Cond": "(t.id = mk.movie_id)", "Plans": [{"Node Type": "Nested Loop", "Parent Relationship": "Outer", "Join Type": "Inner", "Startup Cost": 10000681745.34, "Total Cost": 220692370165.15, "Plan Rows": 637364, "Plan Width": 29, "Inner Unique": true, "Join Filter": "(at.movie_id = t.id), (LLVM Optimized)", "Plans": [{"Node Type": "Merge Join", "Parent Relationship": "Outer", "Join Type": "Inner", "Startup Cost": 681745.34, "Total Cost": 693735.71, "Plan Rows": 460055, "Plan Width": 8, "Inner Unique": false, "Merge Cond": "(at.movie_id = mc.movie_id)", "Plans": [{"Node Type": "Sort", "Parent Relationship": "Outer", "Startup Cost": 43264.85, "Total Cost": 44168.52, "Plan Rows": 361471, "Plan Width": 4, "Sort Key": ["at.movie_id"], "Plans": [{"Node Type": "Seq Scan", "Parent Relationship": "Outer", "Relation Name": "aka_title", "Alias": "at", "Startup Cost": 0.0, "Total Cost": 9894.71, "Plan Rows": 361471, "Plan Width": 4}]}, {"Node Type": "Sort", "Parent Relationship": "Inner", "Startup Cost": 638480.19, "Total Cost": 641685.97, "Plan Rows": 1282311, "Plan Width": 4, "Sort Key": ["mc.movie_id"], "Plans": [{"Node Type": "Merge Join", "Parent Relationship": "Outer", "Join Type": "Inner", "Startup Cost": 492291.14, "Total Cost": 508387.72, "Plan Rows": 1282311, "Plan Width": 4, "Inner Unique": false, "Merge Cond": "(ct.id = mc.company_type_id)", "Plans": [{"Node Type": "Sort", "Parent Relationship": "Outer", "Startup Cost": 1.05, "Total Cost": 1.06, "Plan Rows": 3, "Plan Width": 4, "Sort Key": ["ct.id"], "Plans": [{"Node Type": "Seq Scan", "Parent Relationship": "Outer", "Relation Name": "company_type", "Alias": "ct", "Startup Cost": 0.0, "Total Cost": 1.03, "Plan Rows": 3, "Plan Width": 4}]}, {"Node Type": "Sort", "Parent Relationship": "Inner", "Startup Cost": 489151.99, "Total Cost": 492357.77, "Plan Rows": 1282311, "Plan Width": 8, "Sort Key": ["mc.company_type_id"], "Plans": [{"Node Type": "Merge Join", "Parent Relationship": "Outer", "Join Type": "Inner", "Startup Cost": 333103.9, "Total Cost": 359059.52, "Plan Rows": 1282311, "Plan Width": 8, "Inner Unique": false, "Merge Cond": "(cn.id = mc.company_id)", "Plans": [{"Node Type": "Sort", "Parent Relationship": "Outer", "Startup Cost": 12878.05, "Total Cost": 13090.97, "Plan Rows": 85170, "Plan Width": 4, "Sort Key": ["cn.id"], "Plans": [{"Node Type": "Seq Scan", "Parent Relationship": "Outer", "Relation Name": "company_name", "Alias": "cn", "Startup Cost": 0.0, "Total Cost": 5903.45, "Plan Rows": 85170, "Plan Width": 4, "Filter": "((country_code)::text = '[us]'::text)"}]}, {"Node Type": "Sort", "Parent Relationship": "Inner", "Startup Cost": 319886.87, "Total Cost": 326409.69, "Plan Rows": 2609128, "Plan Width": 12, "Sort Key": ["mc.company_id"], "Plans": [{"Node Type": "Seq Scan", "Parent Relationship": "Outer", "Relation Name": "movie_companies", "Alias": "mc", "Startup Cost": 0.0, "Total Cost": 41817.28, "Plan Rows": 2609128, "Plan Width": 12}]}]}]}]}]}]}, {"Node Type": "Materialize", "Parent Relationship": "Inner", "Startup Cost": 0.0, "Total Cost": 108859.91, "Plan Rows": 1748840, "Plan Width": 21, "Plans": [{"Node Type": "Streaming(type: LOCAL GATHER dop: 1/64)", "Parent Relationship": "Outer", "Startup Cost": 0.0, "Total Cost": 100115.71, "Plan Rows": 1748840, "Plan Width": 21, "Plans": [{"Node Type": "Seq Scan", "Parent Relationship": "Outer", "Relation Name": "title", "Alias": "t", "Startup Cost": 0.0, "Total Cost": 64037.34, "Plan Rows": 1748840, "Plan Width": 21, "Filter": "(production_year > 1990), (LLVM Optimized)"}]}]}]}, {"Node Type": "Sort", "Parent Relationship": "Inner", "Startup Cost": 1133276.21, "Total Cost": 1144362.35, "Plan Rows": 4434459, "Plan Width": 4, "Sort Key": ["mk.movie_id"], "Plans": [{"Node Type": "Merge Join", "Parent Relationship": "Outer", "Join Type": "Inner", "Startup Cost": 576069.95, "Total Cost": 643704.69, "Plan Rows": 4434459, "Plan Width": 4, "Inner Unique": false, "Merge Cond": "(k.id = mk.keyword_id)", "Plans": [{"Node Type": "Sort", "Parent Relationship": "Outer", "Startup Cost": 13527.66, "Total Cost": 13863.08, "Plan Rows": 134169, "Plan Width": 4, "Sort Key": ["k.id"], "Plans": [{"Node Type": "Seq Scan", "Parent Relationship": "Outer", "Relation Name": "keyword", "Alias": "k", "Startup Cost": 0.0, "Total Cost": 2100.69, "Plan Rows": 134169, "Plan Width": 4}]}, {"Node Type": "Sort", "Parent Relationship": "Inner", "Startup Cost": 562542.3, "Total Cost": 573852.12, "Plan Rows": 4523929, "Plan Width": 8, "Sort Key": ["mk.keyword_id"], "Plans": [{"Node Type": "Seq Scan", "Parent Relationship": "Outer", "Relation Name": "movie_keyword", "Alias": "mk", "Startup Cost": 0.0, "Total Cost": 62441.29, "Plan Rows": 4523929, "Plan Width": 8}]}]}]}]}, {"Node Type": "Sort", "Parent Relationship": "Inner", "Startup Cost": 100000693938.58, "Total Cost": 100000693938.59, "Plan Rows": 4, "Plan Width": 46, "Sort Key": ["mi.movie_id"], "Plans": [{"Node Type": "Nested Loop", "Parent Relationship": "Outer", "Join Type": "Inner", "Startup Cost": 10000000000.0, "Total Cost": 100000693938.54, "Plan Rows": 4, "Plan Width": 46, "Inner Unique": false, "Join Filter": "(it1.id = mi.info_type_id)", "Plans": [{"Node Type": "Seq Scan", "Parent Relationship": "Outer", "Relation Name": "info_type", "Alias": "it1", "Startup Cost": 0.0, "Total Cost": 2.4, "Plan Rows": 1, "Plan Width": 4, "Filter": "((info)::text = 'release dates'::text)"}, {"Node Type": "Materialize", "Parent Relationship": "Inner", "Startup Cost": 0.0, "Total Cost": 69388.9, "Plan Rows": 255, "Plan Width": 50, "Plans": [{"Node Type": "Streaming(type: LOCAL GATHER dop: 1/64)", "Parent Relationship": "Outer", "Startup Cost": 0.0, "Total Cost": 69388.27, "Plan Rows": 255, "Plan Width": 50, "Plans": [{"Node Type": "Seq Scan", "Parent Relationship": "Outer", "Relation Name": "movie_info", "Alias": "mi", "Startup Cost": 0.0, "Total Cost": 69383.01, "Plan Rows": 255, "Plan Width": 50, "Filter": "((info IS NOT NULL) AND ((note)::text ~~ '%internet%'::text) AND (((info)::text ~~ 'USA:% 199%'::text) OR ((info)::text ~~ 'USA:% 200%'::text)))"}]}]}]}]}]}]}, "Unique SQL Id": 2846462052}, "explain_analyze_plan": null}, "(64, 91)": {"explain_plan": {"Plan": {"Node Type": "Aggregate", "Strategy": "Plain", "Startup Cost": 8998374832358.75, "Total Cost": 8998374832358.76, "Plan Rows": 1, "Plan Width": 123, "Plans": [{"Node Type": "Merge Join", "Parent Relationship": "Outer", "Join Type": "Inner", "Startup Cost": 7019543230080.45, "Total Cost": 8998374832358.08, "Plan Rows": 134, "Plan Width": 59, "Inner Unique": true, "Merge Cond": "(at.movie_id = t.id)", "Plans": [{"Node Type": "Merge Join", "Parent Relationship": "Outer", "Join Type": "Inner", "Startup Cost": 7009543230080.45, "Total Cost": 7999377062121.31, "Plan Rows": 97, "Plan Width": 58, "Inner Unique": false, "Merge Cond": "(mi.movie_id = at.movie_id)", "Plans": [{"Node Type": "Sort", "Parent Relationship": "Outer", "Startup Cost": 6999376162584.38, "Total Cost": 6999376162584.53, "Plan Rows": 57, "Plan Width": 54, "Sort Key": ["mc.movie_id"], "Plans": [{"Node Type": "Merge Join", "Parent Relationship": "Outer", "Join Type": "Inner", "Startup Cost": 6009375112229.74, "Total Cost": 6999376162582.72, "Plan Rows": 57, "Plan Width": 54, "Inner Unique": true, "Merge Cond": "(mc.company_id = cn.id)", "Plans": [{"Node Type": "Sort", "Parent Relationship": "Outer", "Startup Cost": 5999375112229.73, "Total Cost": 5999375112229.89, "Plan Rows": 65, "Plan Width": 58, "Sort Key": ["mc.company_id"], "Plans": [{"Node Type": "Merge Join", "Parent Relationship": "Outer", "Join Type": "Inner", "Startup Cost": 5009884039921.67, "Total Cost": 5999375112227.77, "Plan Rows": 65, "Plan Width": 58, "Inner Unique": true, "Merge Cond": "(mk.keyword_id = k.id)", "Plans": [{"Node Type": "Sort", "Parent Relationship": "Outer", "Startup Cost": 4999884039921.67, "Total Cost": 4999884039921.83, "Plan Rows": 65, "Plan Width": 62, "Sort Key": ["mk.keyword_id"], "Plans": [{"Node Type": "Merge Join", "Parent Relationship": "Outer", "Join Type": "Inner", "Startup Cost": 4010026125338.97, "Total Cost": 4999884039919.71, "Plan Rows": 65, "Plan Width": 62, "Inner Unique": false, "Merge Cond": "(mk.movie_id = mi.movie_id)", "Plans": [{"Node Type": "Merge Join", "Parent Relationship": "Outer", "Join Type": "Inner", "Startup Cost": 2010009629732.58, "Total Cost": 2999867520422.16, "Plan Rows": 9556051, "Plan Width": 16, "Inner Unique": false, "Merge Cond": "(mk.movie_id = mc.movie_id)", "Plans": [{"Node Type": "Index Scan", "Parent Relationship": "Outer", "Scan Direction": "Forward", "Index Name": "movie_id_movie_keyword", "Relation Name": "movie_keyword", "Alias": "mk", "Startup Cost": 10000000000.0, "Total Cost": 1000015300634.17, "Plan Rows": 4523929, "Plan Width": 8}, {"Node Type": "Sort", "Parent Relationship": "Inner", "Startup Cost": 2000009629730.2, "Total Cost": 2000009636253.02, "Plan Rows": 2609128, "Plan Width": 8, "Sort Key": ["mc.movie_id"], "Plans": [{"Node Type": "Merge Join", "Parent Relationship": "Outer", "Join Type": "Inner", "Startup Cost": 504554486367.56, "Total Cost": 2000009351660.61, "Plan Rows": 2609128, "Plan Width": 8, "Inner Unique": false, "Merge Cond": "(ct.id = mc.company_type_id)", "Plans": [{"Node Type": "Index Only Scan", "Parent Relationship": "Outer", "Scan Direction": "Forward", "Index Name": "company_type_pkey", "Relation Name": "company_type", "Alias": "ct", "Startup Cost": 10000000000.0, "Total Cost": 1000000000829.5, "Plan Rows": 3, "Plan Width": 4}, {"Node Type": "Index Scan", "Parent Relationship": "Inner", "Scan Direction": "Forward", "Index Name": "company_type_id_movie_companies", "Relation Name": "movie_companies", "Alias": "mc", "Startup Cost": 10000000000.0, "Total Cost": 1000009318217.0, "Plan Rows": 2609128, "Plan Width": 12}]}]}]}, {"Node Type": "Sort", "Parent Relationship": "Inner", "Startup Cost": 2000016495606.39, "Total Cost": 2000016495606.4, "Plan Rows": 4, "Plan Width": 46, "Sort Key": ["mi.movie_id"], "Plans": [{"Node Type": "Nested Loop", "Parent Relationship": "Outer", "Join Type": "Inner", "Startup Cost": 20000004841.46, "Total Cost": 2000016495606.35, "Plan Rows": 4, "Plan Width": 46, "Inner Unique": false, "Plans": [{"Node Type": "Index Scan", "Parent Relationship": "Outer", "Scan Direction": "Forward", "Index Name": "info_type_pkey", "Relation Name": "info_type", "Alias": "it1", "Startup Cost": 10000000000.0, "Total Cost": 1000000001421.0, "Plan Rows": 1, "Plan Width": 4, "Filter": "((info)::text = 'release dates'::text)"}, {"Node Type": "Bitmap Heap Scan", "Parent Relationship": "Inner", "Relation Name": "movie_info", "Alias": "mi", "Startup Cost": 10000004841.46, "Total Cost": 1000016494185.31, "Plan Rows": 4, "Plan Width": 50, "Recheck Cond": "(info_type_id = it1.id)", "Filter": "((info IS NOT NULL) AND ((note)::text ~~ '%internet%'::text) AND (((info)::text ~~ 'USA:% 199%'::text) OR ((info)::text ~~ 'USA:% 200%'::text)))", "Plans": [{"Node Type": "Bitmap Index Scan", "Parent Relationship": "Outer", "Index Name": "info_type_id_movie_info", "Startup Cost": 0.0, "Total Cost": 4841.46, "Plan Rows": 212428, "Plan Width": 0, "Index Cond": "(info_type_id = it1.id)"}]}]}]}]}]}, {"Node Type": "Index Only Scan", "Parent Relationship": "Inner", "Scan Direction": "Forward", "Index Name": "keyword_pkey", "Relation Name": "keyword", "Alias": "k", "Startup Cost": 10000000000.0, "Total Cost": 1000000206078.5, "Plan Rows": 134169, "Plan Width": 4}]}]}, {"Node Type": "Index Scan", "Parent Relationship": "Inner", "Scan Direction": "Forward", "Index Name": "company_name_pkey", "Relation Name": "company_name", "Alias": "cn", "Startup Cost": 10000000000.0, "Total Cost": 1000001050138.97, "Plan Rows": 85170, "Plan Width": 4, "Filter": "((country_code)::text = '[us]'::text)"}]}]}, {"Node Type": "Index Only Scan", "Parent Relationship": "Inner", "Scan Direction": "Forward", "Index Name": "movie_id_aka_title", "Relation Name": "aka_title", "Alias": "at", "Startup Cost": 10000000000.0, "Total Cost": 1000000898631.5, "Plan Rows": 361471, "Plan Width": 4}]}, {"Node Type": "Index Scan", "Parent Relationship": "Inner", "Scan Direction": "Forward", "Index Name": "title_pkey", "Relation Name": "title", "Alias": "t", "Startup Cost": 10000000000.0, "Total Cost": 1000011644126.66, "Plan Rows": 1748840, "Plan Width": 21, "Filter": "(production_year > 1990), (LLVM Optimized)"}]}]}, "Unique SQL Id": 2846462052}, "explain_analyze_plan": null}, "(64, 92)": {"explain_plan": {"Plan": {"Node Type": "Aggregate", "Strategy": "Plain", "Startup Cost": 69545.67, "Total Cost": 69545.68, "Plan Rows": 1, "Plan Width": 123, "Plans": [{"Node Type": "Nested Loop", "Parent Relationship": "Outer", "Join Type": "Inner", "Startup Cost": 0.0, "Total Cost": 69545.0, "Plan Rows": 134, "Plan Width": 59, "Inner Unique": false, "Join Filter": "(t.id = at.movie_id)", "Plans": [{"Node Type": "Nested Loop", "Parent Relationship": "Outer", "Join Type": "Inner", "Startup Cost": 0.0, "Total Cost": 69529.43, "Plan Rows": 44, "Plan Width": 75, "Inner Unique": true, "Plans": [{"Node Type": "Nested Loop", "Parent Relationship": "Outer", "Join Type": "Inner", "Startup Cost": 0.0, "Total Cost": 69517.08, "Plan Rows": 44, "Plan Width": 79, "Inner Unique": false, "Join Filter": "(t.id = mk.movie_id)", "Plans": [{"Node Type": "Nested Loop", "Parent Relationship": "Outer", "Join Type": "Inner", "Startup Cost": 0.0, "Total Cost": 69513.71, "Plan Rows": 6, "Plan Width": 71, "Inner Unique": true, "Plans": [{"Node Type": "Nested Loop", "Parent Relationship": "Outer", "Join Type": "Inner", "Startup Cost": 0.0, "Total Cost": 69510.91, "Plan Rows": 10, "Plan Width": 75, "Inner Unique": true, "Plans": [{"Node Type": "Nested Loop", "Parent Relationship": "Outer", "Join Type": "Inner", "Startup Cost": 0.0, "Total Cost": 69507.45, "Plan Rows": 12, "Plan Width": 79, "Inner Unique": false, "Plans": [{"Node Type": "Nested Loop", "Parent Relationship": "Outer", "Join Type": "Inner", "Startup Cost": 0.0, "Total Cost": 69505.25, "Plan Rows": 6, "Plan Width": 67, "Inner Unique": true, "Plans": [{"Node Type": "Nested Loop", "Parent Relationship": "Outer", "Join Type": "Inner", "Startup Cost": 0.0, "Total Cost": 69472.3, "Plan Rows": 4, "Plan Width": 46, "Inner Unique": true, "Plans": [{"Node Type": "Streaming(type: LOCAL GATHER dop: 1/64)", "Parent Relationship": "Outer", "Startup Cost": 0.0, "Total Cost": 69388.27, "Plan Rows": 255, "Plan Width": 50, "Plans": [{"Node Type": "Seq Scan", "Parent Relationship": "Outer", "Relation Name": "movie_info", "Alias": "mi", "Startup Cost": 0.0, "Total Cost": 69383.01, "Plan Rows": 255, "Plan Width": 50, "Filter": "((info IS NOT NULL) AND ((note)::text ~~ '%internet%'::text) AND (((info)::text ~~ 'USA:% 199%'::text) OR ((info)::text ~~ 'USA:% 200%'::text)))"}]}, {"Node Type": "Index Scan", "Parent Relationship": "Inner", "Scan Direction": "Forward", "Index Name": "info_type_pkey", "Relation Name": "info_type", "Alias": "it1", "Startup Cost": 0.0, "Total Cost": 0.32, "Plan Rows": 1, "Plan Width": 4, "Index Cond": "(id = mi.info_type_id)", "Filter": "((info)::text = 'release dates'::text)"}]}, {"Node Type": "Index Scan", "Parent Relationship": "Inner", "Scan Direction": "Forward", "Index Name": "title_pkey", "Relation Name": "title", "Alias": "t", "Startup Cost": 0.0, "Total Cost": 8.23, "Plan Rows": 1, "Plan Width": 21, "Index Cond": "(id = mi.movie_id)", "Filter": "(production_year > 1990)"}]}, {"Node Type": "Index Scan", "Parent Relationship": "Inner", "Scan Direction": "Forward", "Index Name": "movie_id_movie_companies", "Relation Name": "movie_companies", "Alias": "mc", "Startup Cost": 0.0, "Total Cost": 0.35, "Plan Rows": 2, "Plan Width": 12, "Index Cond": "(movie_id = t.id)"}]}, {"Node Type": "Index Scan", "Parent Relationship": "Inner", "Scan Direction": "Forward", "Index Name": "company_name_pkey", "Relation Name": "company_name", "Alias": "cn", "Startup Cost": 0.0, "Total Cost": 0.28, "Plan Rows": 1, "Plan Width": 4, "Index Cond": "(id = mc.company_id)", "Filter": "((country_code)::text = '[us]'::text)"}]}, {"Node Type": "Index Scan", "Parent Relationship": "Inner", "Scan Direction": "Forward", "Index Name": "company_type_pkey", "Relation Name": "company_type", "Alias": "ct", "Startup Cost": 0.0, "Total Cost": 0.27, "Plan Rows": 1, "Plan Width": 4, "Index Cond": "(id = mc.company_type_id)"}]}, {"Node Type": "Index Scan", "Parent Relationship": "Inner", "Scan Direction": "Forward", "Index Name": "movie_id_movie_keyword", "Relation Name": "movie_keyword", "Alias": "mk", "Startup Cost": 0.0, "Total Cost": 0.46, "Plan Rows": 8, "Plan Width": 8, "Index Cond": "(movie_id = mc.movie_id)"}]}, {"Node Type": "Index Scan", "Parent Relationship": "Inner", "Scan Direction": "Forward", "Index Name": "keyword_pkey", "Relation Name": "keyword", "Alias": "k", "Startup Cost": 0.0, "Total Cost": 0.27, "Plan Rows": 1, "Plan Width": 4, "Index Cond": "(id = mk.keyword_id)"}]}, {"Node Type": "Index Scan", "Parent Relationship": "Inner", "Scan Direction": "Forward", "Index Name": "movie_id_aka_title", "Relation Name": "aka_title", "Alias": "at", "Startup Cost": 0.0, "Total Cost": 0.32, "Plan Rows": 3, "Plan Width": 4, "Index Cond": "(movie_id = mk.movie_id)"}]}]}, "Unique SQL Id": 2846462052}, "explain_analyze_plan": {"Plan": {"Node Type": "Aggregate", "Strategy": "Plain", "Startup Cost": 69545.67, "Total Cost": 69545.68, "Plan Rows": 1, "Plan Width": 123, "Actual Min Startup Time": 232.346, "Actual Max Startup Time": 232.346, "Actual Min Total Time": 232.347, "Actual Max Total Time": 232.347, "Actual Total Rows": 1, "Plans": [{"Node Type": "Nested Loop", "Parent Relationship": "Outer", "Join Type": "Inner", "Startup Cost": 0.0, "Total Cost": 69545.0, "Plan Rows": 134, "Plan Width": 59, "Actual Min Startup Time": 80.893, "Actual Max Startup Time": 80.893, "Actual Min Total Time": 231.516, "Actual Max Total Time": 231.516, "Actual Total Rows": 1140, "Inner Unique": false, "Join Filter": "(t.id = at.movie_id)", "Rows Removed by Join Filter": 0, "Plans": [{"Node Type": "Nested Loop", "Parent Relationship": "Outer", "Join Type": "Inner", "Startup Cost": 0.0, "Total Cost": 69529.43, "Plan Rows": 44, "Plan Width": 75, "Actual Min Startup Time": 80.566, "Actual Max Startup Time": 80.566, "Actual Min Total Time": 216.517, "Actual Max Total Time": 216.517, "Actual Total Rows": 4808, "Inner Unique": true, "Plans": [{"Node Type": "Nested Loop", "Parent Relationship": "Outer", "Join Type": "Inner", "Startup Cost": 0.0, "Total Cost": 69517.08, "Plan Rows": 44, "Plan Width": 79, "Actual Min Startup Time": 80.551, "Actual Max Startup Time": 80.551, "Actual Min Total Time": 195.382, "Actual Max Total Time": 195.382, "Actual Total Rows": 4808, "Inner Unique": false, "Join Filter": "(t.id = mk.movie_id)", "Rows Removed by Join Filter": 0, "Plans": [{"Node Type": "Nested Loop", "Parent Relationship": "Outer", "Join Type": "Inner", "Startup Cost": 0.0, "Total Cost": 69513.71, "Plan Rows": 6, "Plan Width": 71, "Actual Min Startup Time": 80.34, "Actual Max Startup Time": 80.34, "Actual Min Total Time": 183.042, "Actual Max Total Time": 183.042, "Actual Total Rows": 1488, "Inner Unique": true, "Plans": [{"Node Type": "Nested Loop", "Parent Relationship": "Outer", "Join Type": "Inner", "Startup Cost": 0.0, "Total Cost": 69510.91, "Plan Rows": 10, "Plan Width": 75, "Actual Min Startup Time": 80.311, "Actual Max Startup Time": 80.311, "Actual Min Total Time": 177.83, "Actual Max Total Time": 177.83, "Actual Total Rows": 2647, "Inner Unique": true, "Plans": [{"Node Type": "Nested Loop", "Parent Relationship": "Outer", "Join Type": "Inner", "Startup Cost": 0.0, "Total Cost": 69507.45, "Plan Rows": 12, "Plan Width": 79, "Actual Min Startup Time": 80.292, "Actual Max Startup Time": 80.292, "Actual Min Total Time": 162.625, "Actual Max Total Time": 162.625, "Actual Total Rows": 2884, "Inner Unique": false, "Plans": [{"Node Type": "Nested Loop", "Parent Relationship": "Outer", "Join Type": "Inner", "Startup Cost": 0.0, "Total Cost": 69505.25, "Plan Rows": 6, "Plan Width": 67, "Actual Min Startup Time": 80.273, "Actual Max Startup Time": 80.273, "Actual Min Total Time": 149.768, "Actual Max Total Time": 149.768, "Actual Total Rows": 1782, "Inner Unique": true, "Plans": [{"Node Type": "Nested Loop", "Parent Relationship": "Outer", "Join Type": "Inner", "Startup Cost": 0.0, "Total Cost": 69472.3, "Plan Rows": 4, "Plan Width": 46, "Actual Min Startup Time": 80.252, "Actual Max Startup Time": 80.252, "Actual Min Total Time": 136.423, "Actual Max Total Time": 136.423, "Actual Total Rows": 1783, "Inner Unique": true, "Plans": [{"Node Type": "Streaming(type: LOCAL GATHER dop: 1/64)", "Parent Relationship": "Outer", "Startup Cost": 0.0, "Total Cost": 69388.27, "Plan Rows": 255, "Plan Width": 50, "Actual Min Startup Time": 80.215, "Actual Max Startup Time": 80.215, "Actual Min Total Time": 131.175, "Actual Max Total Time": 131.175, "Actual Total Rows": 1783, "Plans": [{"Node Type": "Seq Scan", "Parent Relationship": "Outer", "Relation Name": "movie_info", "Alias": "mi", "Startup Cost": 0.0, "Total Cost": 69383.01, "Plan Rows": 255, "Plan Width": 50, "Actual Min Startup Time": 20.145, "Actual Max Startup Time": 28.379, "Actual Min Total Time": 71.756, "Actual Max Total Time": 82.794, "Actual Total Rows": 1783, "Filter": "((info IS NOT NULL) AND ((note)::text ~~ '%internet%'::text) AND (((info)::text ~~ 'USA:% 199%'::text) OR ((info)::text ~~ 'USA:% 200%'::text)))", "Rows Removed by Filter": 14833936}]}, {"Node Type": "Index Scan", "Parent Relationship": "Inner", "Scan Direction": "Forward", "Index Name": "info_type_pkey", "Relation Name": "info_type", "Alias": "it1", "Startup Cost": 0.0, "Total Cost": 0.32, "Plan Rows": 1, "Plan Width": 4, "Actual Min Startup Time": 3.339, "Actual Max Startup Time": 3.339, "Actual Min Total Time": 3.339, "Actual Max Total Time": 3.339, "Actual Total Rows": 1783, "Index Cond": "(id = mi.info_type_id)", "Rows Removed by Index Recheck": 0, "Filter": "((info)::text = 'release dates'::text)", "Rows Removed by Filter": 0}]}, {"Node Type": "Index Scan", "Parent Relationship": "Inner", "Scan Direction": "Forward", "Index Name": "title_pkey", "Relation Name": "title", "Alias": "t", "Startup Cost": 0.0, "Total Cost": 8.23, "Plan Rows": 1, "Plan Width": 21, "Actual Min Startup Time": 11.444, "Actual Max Startup Time": 11.444, "Actual Min Total Time": 11.444, "Actual Max Total Time": 11.444, "Actual Total Rows": 1782, "Index Cond": "(id = mi.movie_id)", "Rows Removed by Index Recheck": 0, "Filter": "(production_year > 1990)", "Rows Removed by Filter": 1}]}, {"Node Type": "Index Scan", "Parent Relationship": "Inner", "Scan Direction": "Forward", "Index Name": "movie_id_movie_companies", "Relation Name": "movie_companies", "Alias": "mc", "Startup Cost": 0.0, "Total Cost": 0.35, "Plan Rows": 2, "Plan Width": 12, "Actual Min Startup Time": 8.711, "Actual Max Startup Time": 8.711, "Actual Min Total Time": 11.14, "Actual Max Total Time": 11.14, "Actual Total Rows": 2884, "Index Cond": "(movie_id = t.id)", "Rows Removed by Index Recheck": 0}]}, {"Node Type": "Index Scan", "Parent Relationship": "Inner", "Scan Direction": "Forward", "Index Name": "company_name_pkey", "Relation Name": "company_name", "Alias": "cn", "Startup Cost": 0.0, "Total Cost": 0.28, "Plan Rows": 1, "Plan Width": 4, "Actual Min Startup Time": 12.618, "Actual Max Startup Time": 12.618, "Actual Min Total Time": 12.618, "Actual Max Total Time": 12.618, "Actual Total Rows": 2647, "Index Cond": "(id = mc.company_id)", "Rows Removed by Index Recheck": 0, "Filter": "((country_code)::text = '[us]'::text)", "Rows Removed by Filter": 237}]}, {"Node Type": "Index Scan", "Parent Relationship": "Inner", "Scan Direction": "Forward", "Index Name": "company_type_pkey", "Relation Name": "company_type", "Alias": "ct", "Startup Cost": 0.0, "Total Cost": 0.27, "Plan Rows": 1, "Plan Width": 4, "Actual Min Startup Time": 3.151, "Actual Max Startup Time": 3.151, "Actual Min Total Time": 3.151, "Actual Max Total Time": 3.151, "Actual Total Rows": 1488, "Index Cond": "(id = mc.company_type_id)", "Rows Removed by Index Recheck": 0}]}, {"Node Type": "Index Scan", "Parent Relationship": "Inner", "Scan Direction": "Forward", "Index Name": "movie_id_movie_keyword", "Relation Name": "movie_keyword", "Alias": "mk", "Startup Cost": 0.0, "Total Cost": 0.46, "Plan Rows": 8, "Plan Width": 8, "Actual Min Startup Time": 7.382, "Actual Max Startup Time": 7.382, "Actual Min Total Time": 9.525, "Actual Max Total Time": 9.525, "Actual Total Rows": 4808, "Index Cond": "(movie_id = mc.movie_id)", "Rows Removed by Index Recheck": 0}]}, {"Node Type": "Index Scan", "Parent Relationship": "Inner", "Scan Direction": "Forward", "Index Name": "keyword_pkey", "Relation Name": "keyword", "Alias": "k", "Startup Cost": 0.0, "Total Cost": 0.27, "Plan Rows": 1, "Plan Width": 4, "Actual Min Startup Time": 17.316, "Actual Max Startup Time": 17.316, "Actual Min Total Time": 17.316, "Actual Max Total Time": 17.316, "Actual Total Rows": 4808, "Index Cond": "(id = mk.keyword_id)", "Rows Removed by Index Recheck": 0}]}, {"Node Type": "Index Scan", "Parent Relationship": "Inner", "Scan Direction": "Forward", "Index Name": "movie_id_aka_title", "Relation Name": "aka_title", "Alias": "at", "Startup Cost": 0.0, "Total Cost": 0.32, "Plan Rows": 3, "Plan Width": 4, "Actual Min Startup Time": 11.242, "Actual Max Startup Time": 11.242, "Actual Min Total Time": 11.788, "Actual Max Total Time": 11.788, "Actual Total Rows": 1140, "Index Cond": "(movie_id = mk.movie_id)", "Rows Removed by Index Recheck": 0}]}]}, "Triggers": [], "Planner Runtime": 157.752, "Total Runtime": 244.371, "Unique SQL Id": 2846462052}}, "(64, 93)": {"explain_plan": {"Plan": {"Node Type": "Aggregate", "Strategy": "Plain", "Startup Cost": 496833.27, "Total Cost": 496833.28, "Plan Rows": 1, "Plan Width": 123, "Plans": [{"Node Type": "Nested Loop", "Parent Relationship": "Outer", "Join Type": "Inner", "Startup Cost": 0.0, "Total Cost": 496832.6, "Plan Rows": 134, "Plan Width": 59, "Inner Unique": false, "Join Filter": "(t.id = at.movie_id)", "Plans": [{"Node Type": "Nested Loop", "Parent Relationship": "Outer", "Join Type": "Inner", "Startup Cost": 0.0, "Total Cost": 496817.03, "Plan Rows": 44, "Plan Width": 75, "Inner Unique": true, "Plans": [{"Node Type": "Nested Loop", "Parent Relationship": "Outer", "Join Type": "Inner", "Startup Cost": 0.0, "Total Cost": 496804.68, "Plan Rows": 44, "Plan Width": 79, "Inner Unique": false, "Join Filter": "(t.id = mk.movie_id)", "Plans": [{"Node Type": "Nested Loop", "Parent Relationship": "Outer", "Join Type": "Inner", "Startup Cost": 0.0, "Total Cost": 496801.31, "Plan Rows": 6, "Plan Width": 71, "Inner Unique": true, "Plans": [{"Node Type": "Nested Loop", "Parent Relationship": "Outer", "Join Type": "Inner", "Startup Cost": 0.0, "Total Cost": 496798.51, "Plan Rows": 10, "Plan Width": 75, "Inner Unique": true, "Plans": [{"Node Type": "Nested Loop", "Parent Relationship": "Outer", "Join Type": "Inner", "Startup Cost": 0.0, "Total Cost": 496795.05, "Plan Rows": 12, "Plan Width": 79, "Inner Unique": false, "Plans": [{"Node Type": "Nested Loop", "Parent Relationship": "Outer", "Join Type": "Inner", "Startup Cost": 0.0, "Total Cost": 496792.85, "Plan Rows": 6, "Plan Width": 67, "Inner Unique": true, "Plans": [{"Node Type": "Nested Loop", "Parent Relationship": "Outer", "Join Type": "Inner", "Startup Cost": 0.0, "Total Cost": 496759.91, "Plan Rows": 4, "Plan Width": 46, "Inner Unique": false, "Plans": [{"Node Type": "Index Scan", "Parent Relationship": "Outer", "Scan Direction": "Forward", "Index Name": "info_type_pkey", "Relation Name": "info_type", "Alias": "it1", "Startup Cost": 0.0, "Total Cost": 14.21, "Plan Rows": 1, "Plan Width": 4, "Filter": "((info)::text = 'release dates'::text)"}, {"Node Type": "Index Scan", "Parent Relationship": "Inner", "Scan Direction": "Forward", "Index Name": "info_type_id_movie_info", "Relation Name": "movie_info", "Alias": "mi", "Startup Cost": 0.0, "Total Cost": 496745.66, "Plan Rows": 4, "Plan Width": 50, "Index Cond": "(info_type_id = it1.id)", "Filter": "((info IS NOT NULL) AND ((note)::text ~~ '%internet%'::text) AND (((info)::text ~~ 'USA:% 199%'::text) OR ((info)::text ~~ 'USA:% 200%'::text)))"}]}, {"Node Type": "Index Scan", "Parent Relationship": "Inner", "Scan Direction": "Forward", "Index Name": "title_pkey", "Relation Name": "title", "Alias": "t", "Startup Cost": 0.0, "Total Cost": 8.23, "Plan Rows": 1, "Plan Width": 21, "Index Cond": "(id = mi.movie_id)", "Filter": "(production_year > 1990)"}]}, {"Node Type": "Index Scan", "Parent Relationship": "Inner", "Scan Direction": "Forward", "Index Name": "movie_id_movie_companies", "Relation Name": "movie_companies", "Alias": "mc", "Startup Cost": 0.0, "Total Cost": 0.35, "Plan Rows": 2, "Plan Width": 12, "Index Cond": "(movie_id = t.id)"}]}, {"Node Type": "Index Scan", "Parent Relationship": "Inner", "Scan Direction": "Forward", "Index Name": "company_name_pkey", "Relation Name": "company_name", "Alias": "cn", "Startup Cost": 0.0, "Total Cost": 0.28, "Plan Rows": 1, "Plan Width": 4, "Index Cond": "(id = mc.company_id)", "Filter": "((country_code)::text = '[us]'::text)"}]}, {"Node Type": "Index Scan", "Parent Relationship": "Inner", "Scan Direction": "Forward", "Index Name": "company_type_pkey", "Relation Name": "company_type", "Alias": "ct", "Startup Cost": 0.0, "Total Cost": 0.27, "Plan Rows": 1, "Plan Width": 4, "Index Cond": "(id = mc.company_type_id)"}]}, {"Node Type": "Index Scan", "Parent Relationship": "Inner", "Scan Direction": "Forward", "Index Name": "movie_id_movie_keyword", "Relation Name": "movie_keyword", "Alias": "mk", "Startup Cost": 0.0, "Total Cost": 0.46, "Plan Rows": 8, "Plan Width": 8, "Index Cond": "(movie_id = mc.movie_id)"}]}, {"Node Type": "Index Scan", "Parent Relationship": "Inner", "Scan Direction": "Forward", "Index Name": "keyword_pkey", "Relation Name": "keyword", "Alias": "k", "Startup Cost": 0.0, "Total Cost": 0.27, "Plan Rows": 1, "Plan Width": 4, "Index Cond": "(id = mk.keyword_id)"}]}, {"Node Type": "Index Scan", "Parent Relationship": "Inner", "Scan Direction": "Forward", "Index Name": "movie_id_aka_title", "Relation Name": "aka_title", "Alias": "at", "Startup Cost": 0.0, "Total Cost": 0.32, "Plan Rows": 3, "Plan Width": 4, "Index Cond": "(movie_id = mk.movie_id)"}]}]}, "Unique SQL Id": 2846462052}, "explain_analyze_plan": null}, "(64, 94)": {"explain_plan": {"Plan": {"Node Type": "Aggregate", "Strategy": "Plain", "Startup Cost": 320338177594.3, "Total Cost": 320338177594.31, "Plan Rows": 1, "Plan Width": 123, "Plans": [{"Node Type": "Merge Join", "Parent Relationship": "Outer", "Join Type": "Inner", "Startup Cost": 110033552674.56, "Total Cost": 320338177593.63, "Plan Rows": 134, "Plan Width": 59, "Inner Unique": false, "Merge Cond": "(t.id = mi.movie_id)", "Plans": [{"Node Type": "Merge Join", "Parent Relationship": "Outer", "Join Type": "Inner", "Startup Cost": 10027599270.14, "Total Cost": 220486614473.82, "Plan Rows": 5041926, "Plan Width": 33, "Inner Unique": false, "Merge Cond": "(t.id = mk.movie_id)", "Plans": [{"Node Type": "Nested Loop", "Parent Relationship": "Outer", "Join Type": "Inner", "Startup Cost": 10000681745.34, "Total Cost": 220692370165.15, "Plan Rows": 637364, "Plan Width": 29, "Inner Unique": true, "Join Filter": "(at.movie_id = t.id), (LLVM Optimized)", "Plans": [{"Node Type": "Merge Join", "Parent Relationship": "Outer", "Join Type": "Inner", "Startup Cost": 681745.34, "Total Cost": 693735.71, "Plan Rows": 460055, "Plan Width": 8, "Inner Unique": false, "Merge Cond": "(at.movie_id = mc.movie_id)", "Plans": [{"Node Type": "Sort", "Parent Relationship": "Outer", "Startup Cost": 43264.85, "Total Cost": 44168.52, "Plan Rows": 361471, "Plan Width": 4, "Sort Key": ["at.movie_id"], "Plans": [{"Node Type": "Seq Scan", "Parent Relationship": "Outer", "Relation Name": "aka_title", "Alias": "at", "Startup Cost": 0.0, "Total Cost": 9894.71, "Plan Rows": 361471, "Plan Width": 4}]}, {"Node Type": "Sort", "Parent Relationship": "Inner", "Startup Cost": 638480.19, "Total Cost": 641685.97, "Plan Rows": 1282311, "Plan Width": 4, "Sort Key": ["mc.movie_id"], "Plans": [{"Node Type": "Merge Join", "Parent Relationship": "Outer", "Join Type": "Inner", "Startup Cost": 492291.14, "Total Cost": 508387.72, "Plan Rows": 1282311, "Plan Width": 4, "Inner Unique": false, "Merge Cond": "(ct.id = mc.company_type_id)", "Plans": [{"Node Type": "Sort", "Parent Relationship": "Outer", "Startup Cost": 1.05, "Total Cost": 1.06, "Plan Rows": 3, "Plan Width": 4, "Sort Key": ["ct.id"], "Plans": [{"Node Type": "Seq Scan", "Parent Relationship": "Outer", "Relation Name": "company_type", "Alias": "ct", "Startup Cost": 0.0, "Total Cost": 1.03, "Plan Rows": 3, "Plan Width": 4}]}, {"Node Type": "Sort", "Parent Relationship": "Inner", "Startup Cost": 489151.99, "Total Cost": 492357.77, "Plan Rows": 1282311, "Plan Width": 8, "Sort Key": ["mc.company_type_id"], "Plans": [{"Node Type": "Merge Join", "Parent Relationship": "Outer", "Join Type": "Inner", "Startup Cost": 333103.9, "Total Cost": 359059.52, "Plan Rows": 1282311, "Plan Width": 8, "Inner Unique": false, "Merge Cond": "(cn.id = mc.company_id)", "Plans": [{"Node Type": "Sort", "Parent Relationship": "Outer", "Startup Cost": 12878.05, "Total Cost": 13090.97, "Plan Rows": 85170, "Plan Width": 4, "Sort Key": ["cn.id"], "Plans": [{"Node Type": "Seq Scan", "Parent Relationship": "Outer", "Relation Name": "company_name", "Alias": "cn", "Startup Cost": 0.0, "Total Cost": 5903.45, "Plan Rows": 85170, "Plan Width": 4, "Filter": "((country_code)::text = '[us]'::text)"}]}, {"Node Type": "Sort", "Parent Relationship": "Inner", "Startup Cost": 319886.87, "Total Cost": 326409.69, "Plan Rows": 2609128, "Plan Width": 12, "Sort Key": ["mc.company_id"], "Plans": [{"Node Type": "Seq Scan", "Parent Relationship": "Outer", "Relation Name": "movie_companies", "Alias": "mc", "Startup Cost": 0.0, "Total Cost": 41817.28, "Plan Rows": 2609128, "Plan Width": 12}]}]}]}]}]}]}, {"Node Type": "Materialize", "Parent Relationship": "Inner", "Startup Cost": 0.0, "Total Cost": 108859.91, "Plan Rows": 1748840, "Plan Width": 21, "Plans": [{"Node Type": "Streaming(type: LOCAL GATHER dop: 1/64)", "Parent Relationship": "Outer", "Startup Cost": 0.0, "Total Cost": 100115.71, "Plan Rows": 1748840, "Plan Width": 21, "Plans": [{"Node Type": "Seq Scan", "Parent Relationship": "Outer", "Relation Name": "title", "Alias": "t", "Startup Cost": 0.0, "Total Cost": 64037.34, "Plan Rows": 1748840, "Plan Width": 21, "Filter": "(production_year > 1990), (LLVM Optimized)"}]}]}]}, {"Node Type": "Sort", "Parent Relationship": "Inner", "Startup Cost": 1133276.21, "Total Cost": 1144362.35, "Plan Rows": 4434459, "Plan Width": 4, "Sort Key": ["mk.movie_id"], "Plans": [{"Node Type": "Merge Join", "Parent Relationship": "Outer", "Join Type": "Inner", "Startup Cost": 576069.95, "Total Cost": 643704.69, "Plan Rows": 4434459, "Plan Width": 4, "Inner Unique": false, "Merge Cond": "(k.id = mk.keyword_id)", "Plans": [{"Node Type": "Sort", "Parent Relationship": "Outer", "Startup Cost": 13527.66, "Total Cost": 13863.08, "Plan Rows": 134169, "Plan Width": 4, "Sort Key": ["k.id"], "Plans": [{"Node Type": "Seq Scan", "Parent Relationship": "Outer", "Relation Name": "keyword", "Alias": "k", "Startup Cost": 0.0, "Total Cost": 2100.69, "Plan Rows": 134169, "Plan Width": 4}]}, {"Node Type": "Sort", "Parent Relationship": "Inner", "Startup Cost": 562542.3, "Total Cost": 573852.12, "Plan Rows": 4523929, "Plan Width": 8, "Sort Key": ["mk.keyword_id"], "Plans": [{"Node Type": "Seq Scan", "Parent Relationship": "Outer", "Relation Name": "movie_keyword", "Alias": "mk", "Startup Cost": 0.0, "Total Cost": 62441.29, "Plan Rows": 4523929, "Plan Width": 8}]}]}]}]}, {"Node Type": "Sort", "Parent Relationship": "Inner", "Startup Cost": 100000693938.58, "Total Cost": 100000693938.59, "Plan Rows": 4, "Plan Width": 46, "Sort Key": ["mi.movie_id"], "Plans": [{"Node Type": "Nested Loop", "Parent Relationship": "Outer", "Join Type": "Inner", "Startup Cost": 10000000000.0, "Total Cost": 100000693938.54, "Plan Rows": 4, "Plan Width": 46, "Inner Unique": false, "Join Filter": "(it1.id = mi.info_type_id)", "Plans": [{"Node Type": "Seq Scan", "Parent Relationship": "Outer", "Relation Name": "info_type", "Alias": "it1", "Startup Cost": 0.0, "Total Cost": 2.4, "Plan Rows": 1, "Plan Width": 4, "Filter": "((info)::text = 'release dates'::text)"}, {"Node Type": "Materialize", "Parent Relationship": "Inner", "Startup Cost": 0.0, "Total Cost": 69388.9, "Plan Rows": 255, "Plan Width": 50, "Plans": [{"Node Type": "Streaming(type: LOCAL GATHER dop: 1/64)", "Parent Relationship": "Outer", "Startup Cost": 0.0, "Total Cost": 69388.27, "Plan Rows": 255, "Plan Width": 50, "Plans": [{"Node Type": "Seq Scan", "Parent Relationship": "Outer", "Relation Name": "movie_info", "Alias": "mi", "Startup Cost": 0.0, "Total Cost": 69383.01, "Plan Rows": 255, "Plan Width": 50, "Filter": "((info IS NOT NULL) AND ((note)::text ~~ '%internet%'::text) AND (((info)::text ~~ 'USA:% 199%'::text) OR ((info)::text ~~ 'USA:% 200%'::text)))"}]}]}]}]}]}]}, "Unique SQL Id": 2846462052}, "explain_analyze_plan": null}, "(64, 95)": {"explain_plan": {"Plan": {"Node Type": "Aggregate", "Strategy": "Plain", "Startup Cost": 8998376002738.87, "Total Cost": 8998376002738.88, "Plan Rows": 1, "Plan Width": 123, "Plans": [{"Node Type": "Merge Join", "Parent Relationship": "Outer", "Join Type": "Inner", "Startup Cost": 7019543309275.11, "Total Cost": 8998376002738.2, "Plan Rows": 134, "Plan Width": 59, "Inner Unique": true, "Merge Cond": "(at.movie_id = t.id)", "Plans": [{"Node Type": "Merge Join", "Parent Relationship": "Outer", "Join Type": "Inner", "Startup Cost": 7009543309275.11, "Total Cost": 7999378232501.42, "Plan Rows": 97, "Plan Width": 58, "Inner Unique": false, "Merge Cond": "(mi.movie_id = at.movie_id)", "Plans": [{"Node Type": "Sort", "Parent Relationship": "Outer", "Startup Cost": 6999376241594.87, "Total Cost": 6999376241595.01, "Plan Rows": 57, "Plan Width": 54, "Sort Key": ["mc.movie_id"], "Plans": [{"Node Type": "Merge Join", "Parent Relationship": "Outer", "Join Type": "Inner", "Startup Cost": 6009375191240.23, "Total Cost": 6999376241593.21, "Plan Rows": 57, "Plan Width": 54, "Inner Unique": true, "Merge Cond": "(mc.company_id = cn.id)", "Plans": [{"Node Type": "Sort", "Parent Relationship": "Outer", "Startup Cost": 5999375191240.22, "Total Cost": 5999375191240.38, "Plan Rows": 65, "Plan Width": 58, "Sort Key": ["mc.company_id"], "Plans": [{"Node Type": "Merge Join", "Parent Relationship": "Outer", "Join Type": "Inner", "Startup Cost": 5009884040321.67, "Total Cost": 5999375191238.26, "Plan Rows": 65, "Plan Width": 58, "Inner Unique": true, "Merge Cond": "(mk.keyword_id = k.id)", "Plans": [{"Node Type": "Sort", "Parent Relationship": "Outer", "Startup Cost": 4999884040321.67, "Total Cost": 4999884040321.83, "Plan Rows": 65, "Plan Width": 62, "Sort Key": ["mk.keyword_id"], "Plans": [{"Node Type": "Merge Join", "Parent Relationship": "Outer", "Join Type": "Inner", "Startup Cost": 4010026125738.97, "Total Cost": 4999884040319.71, "Plan Rows": 65, "Plan Width": 62, "Inner Unique": false, "Merge Cond": "(mk.movie_id = mi.movie_id)", "Plans": [{"Node Type": "Merge Join", "Parent Relationship": "Outer", "Join Type": "Inner", "Startup Cost": 2010009630132.58, "Total Cost": 2999867520822.16, "Plan Rows": 9556051, "Plan Width": 16, "Inner Unique": false, "Merge Cond": "(mk.movie_id = mc.movie_id)", "Plans": [{"Node Type": "Index Scan", "Parent Relationship": "Outer", "Scan Direction": "Forward", "Index Name": "movie_id_movie_keyword", "Relation Name": "movie_keyword", "Alias": "mk", "Startup Cost": 10000000000.0, "Total Cost": 1000015300634.17, "Plan Rows": 4523929, "Plan Width": 8}, {"Node Type": "Sort", "Parent Relationship": "Inner", "Startup Cost": 2000009630130.2, "Total Cost": 2000009636653.02, "Plan Rows": 2609128, "Plan Width": 8, "Sort Key": ["mc.movie_id"], "Plans": [{"Node Type": "Merge Join", "Parent Relationship": "Outer", "Join Type": "Inner", "Startup Cost": 504554486367.56, "Total Cost": 2000009352060.61, "Plan Rows": 2609128, "Plan Width": 8, "Inner Unique": false, "Merge Cond": "(ct.id = mc.company_type_id)", "Plans": [{"Node Type": "Index Scan", "Parent Relationship": "Outer", "Scan Direction": "Forward", "Index Name": "company_type_pkey", "Relation Name": "company_type", "Alias": "ct", "Startup Cost": 10000000000.0, "Total Cost": 1000000001229.5, "Plan Rows": 3, "Plan Width": 4}, {"Node Type": "Index Scan", "Parent Relationship": "Inner", "Scan Direction": "Forward", "Index Name": "company_type_id_movie_companies", "Relation Name": "movie_companies", "Alias": "mc", "Startup Cost": 10000000000.0, "Total Cost": 1000009318217.0, "Plan Rows": 2609128, "Plan Width": 12}]}]}]}, {"Node Type": "Sort", "Parent Relationship": "Inner", "Startup Cost": 2000016495606.39, "Total Cost": 2000016495606.4, "Plan Rows": 4, "Plan Width": 46, "Sort Key": ["mi.movie_id"], "Plans": [{"Node Type": "Nested Loop", "Parent Relationship": "Outer", "Join Type": "Inner", "Startup Cost": 20000004841.46, "Total Cost": 2000016495606.35, "Plan Rows": 4, "Plan Width": 46, "Inner Unique": false, "Plans": [{"Node Type": "Index Scan", "Parent Relationship": "Outer", "Scan Direction": "Forward", "Index Name": "info_type_pkey", "Relation Name": "info_type", "Alias": "it1", "Startup Cost": 10000000000.0, "Total Cost": 1000000001421.0, "Plan Rows": 1, "Plan Width": 4, "Filter": "((info)::text = 'release dates'::text)"}, {"Node Type": "Bitmap Heap Scan", "Parent Relationship": "Inner", "Relation Name": "movie_info", "Alias": "mi", "Startup Cost": 10000004841.46, "Total Cost": 1000016494185.31, "Plan Rows": 4, "Plan Width": 50, "Recheck Cond": "(info_type_id = it1.id)", "Filter": "((info IS NOT NULL) AND ((note)::text ~~ '%internet%'::text) AND (((info)::text ~~ 'USA:% 199%'::text) OR ((info)::text ~~ 'USA:% 200%'::text)))", "Plans": [{"Node Type": "Bitmap Index Scan", "Parent Relationship": "Outer", "Index Name": "info_type_id_movie_info", "Startup Cost": 0.0, "Total Cost": 4841.46, "Plan Rows": 212428, "Plan Width": 0, "Index Cond": "(info_type_id = it1.id)"}]}]}]}]}]}, {"Node Type": "Index Scan", "Parent Relationship": "Inner", "Scan Direction": "Forward", "Index Name": "keyword_pkey", "Relation Name": "keyword", "Alias": "k", "Startup Cost": 10000000000.0, "Total Cost": 1000000284729.43, "Plan Rows": 134169, "Plan Width": 4}]}]}, {"Node Type": "Index Scan", "Parent Relationship": "Inner", "Scan Direction": "Forward", "Index Name": "company_name_pkey", "Relation Name": "company_name", "Alias": "cn", "Startup Cost": 10000000000.0, "Total Cost": 1000001050138.97, "Plan Rows": 85170, "Plan Width": 4, "Filter": "((country_code)::text = '[us]'::text)"}]}]}, {"Node Type": "Index Scan", "Parent Relationship": "Inner", "Scan Direction": "Forward", "Index Name": "movie_id_aka_title", "Relation Name": "aka_title", "Alias": "at", "Startup Cost": 10000000000.0, "Total Cost": 1000001990001.13, "Plan Rows": 361471, "Plan Width": 4}]}, {"Node Type": "Index Scan", "Parent Relationship": "Inner", "Scan Direction": "Forward", "Index Name": "title_pkey", "Relation Name": "title", "Alias": "t", "Startup Cost": 10000000000.0, "Total Cost": 1000011644126.66, "Plan Rows": 1748840, "Plan Width": 21, "Filter": "(production_year > 1990), (LLVM Optimized)"}]}]}, "Unique SQL Id": 2846462052}, "explain_analyze_plan": null}, "(64, 96)": {"explain_plan": {"Plan": {"Node Type": "Aggregate", "Strategy": "Plain", "Startup Cost": 69554.11, "Total Cost": 69554.12, "Plan Rows": 1, "Plan Width": 123, "Plans": [{"Node Type": "Nested Loop", "Parent Relationship": "Outer", "Join Type": "Inner", "Startup Cost": 0.0, "Total Cost": 69553.45, "Plan Rows": 132, "Plan Width": 59, "Inner Unique": true, "Plans": [{"Node Type": "Nested Loop", "Parent Relationship": "Outer", "Join Type": "Inner", "Startup Cost": 0.0, "Total Cost": 69515.93, "Plan Rows": 134, "Plan Width": 63, "Inner Unique": false, "Join Filter": "(t.id = mk.movie_id)", "Plans": [{"Node Type": "Nested Loop", "Parent Relationship": "Outer", "Join Type": "Inner", "Startup Cost": 0.0, "Total Cost": 69506.37, "Plan Rows": 17, "Plan Width": 75, "Inner Unique": true, "Join Filter": "(at.movie_id = t.id)", "Plans": [{"Node Type": "Nested Loop", "Parent Relationship": "Outer", "Join Type": "Inner", "Startup Cost": 0.0, "Total Cost": 69502.14, "Plan Rows": 12, "Plan Width": 54, "Inner Unique": true, "Plans": [{"Node Type": "Nested Loop", "Parent Relationship": "Outer", "Join Type": "Inner", "Startup Cost": 0.0, "Total Cost": 69498.78, "Plan Rows": 12, "Plan Width": 58, "Inner Unique": true, "Plans": [{"Node Type": "Nested Loop", "Parent Relationship": "Outer", "Join Type": "Inner", "Startup Cost": 0.0, "Total Cost": 69493.03, "Plan Rows": 20, "Plan Width": 62, "Inner Unique": false, "Plans": [{"Node Type": "Nested Loop", "Parent Relationship": "Outer", "Join Type": "Inner", "Startup Cost": 0.0, "Total Cost": 69487.72, "Plan Rows": 9, "Plan Width": 50, "Inner Unique": false, "Plans": [{"Node Type": "Nested Loop", "Parent Relationship": "Outer", "Join Type": "Inner", "Startup Cost": 0.0, "Total Cost": 69472.3, "Plan Rows": 4, "Plan Width": 46, "Inner Unique": true, "Plans": [{"Node Type": "Streaming(type: LOCAL GATHER dop: 1/64)", "Parent Relationship": "Outer", "Startup Cost": 0.0, "Total Cost": 69388.27, "Plan Rows": 255, "Plan Width": 50, "Plans": [{"Node Type": "Seq Scan", "Parent Relationship": "Outer", "Relation Name": "movie_info", "Alias": "mi", "Startup Cost": 0.0, "Total Cost": 69383.01, "Plan Rows": 255, "Plan Width": 50, "Filter": "((info IS NOT NULL) AND ((note)::text ~~ '%internet%'::text) AND (((info)::text ~~ 'USA:% 199%'::text) OR ((info)::text ~~ 'USA:% 200%'::text)))"}]}, {"Node Type": "Index Scan", "Parent Relationship": "Inner", "Scan Direction": "Forward", "Index Name": "info_type_pkey", "Relation Name": "info_type", "Alias": "it1", "Startup Cost": 0.0, "Total Cost": 0.32, "Plan Rows": 1, "Plan Width": 4, "Index Cond": "(id = mi.info_type_id)", "Filter": "((info)::text = 'release dates'::text)"}]}, {"Node Type": "Index Only Scan", "Parent Relationship": "Inner", "Scan Direction": "Forward", "Index Name": "movie_id_aka_title", "Relation Name": "aka_title", "Alias": "at", "Startup Cost": 0.0, "Total Cost": 3.82, "Plan Rows": 3, "Plan Width": 4, "Index Cond": "(movie_id = mi.movie_id)"}]}, {"Node Type": "Index Scan", "Parent Relationship": "Inner", "Scan Direction": "Forward", "Index Name": "movie_id_movie_companies", "Relation Name": "movie_companies", "Alias": "mc", "Startup Cost": 0.0, "Total Cost": 0.57, "Plan Rows": 2, "Plan Width": 12, "Index Cond": "(movie_id = at.movie_id)"}]}, {"Node Type": "Index Scan", "Parent Relationship": "Inner", "Scan Direction": "Forward", "Index Name": "company_name_pkey", "Relation Name": "company_name", "Alias": "cn", "Startup Cost": 0.0, "Total Cost": 0.28, "Plan Rows": 1, "Plan Width": 4, "Index Cond": "(id = mc.company_id)", "Filter": "((country_code)::text = '[us]'::text)"}]}, {"Node Type": "Index Only Scan", "Parent Relationship": "Inner", "Scan Direction": "Forward", "Index Name": "company_type_pkey", "Relation Name": "company_type", "Alias": "ct", "Startup Cost": 0.0, "Total Cost": 0.27, "Plan Rows": 1, "Plan Width": 4, "Index Cond": "(id = mc.company_type_id)"}]}, {"Node Type": "Index Scan", "Parent Relationship": "Inner", "Scan Direction": "Forward", "Index Name": "title_pkey", "Relation Name": "title", "Alias": "t", "Startup Cost": 0.0, "Total Cost": 0.34, "Plan Rows": 1, "Plan Width": 21, "Index Cond": "(id = mc.movie_id)", "Filter": "(production_year > 1990)"}]}, {"Node Type": "Index Scan", "Parent Relationship": "Inner", "Scan Direction": "Forward", "Index Name": "movie_id_movie_keyword", "Relation Name": "movie_keyword", "Alias": "mk", "Startup Cost": 0.0, "Total Cost": 0.46, "Plan Rows": 8, "Plan Width": 8, "Index Cond": "(movie_id = mc.movie_id)"}]}, {"Node Type": "Index Only Scan", "Parent Relationship": "Inner", "Scan Direction": "Forward", "Index Name": "keyword_pkey", "Relation Name": "keyword", "Alias": "k", "Startup Cost": 0.0, "Total Cost": 0.27, "Plan Rows": 1, "Plan Width": 4, "Index Cond": "(id = mk.keyword_id)"}]}]}, "Unique SQL Id": 2846462052}, "explain_analyze_plan": {"Plan": {"Node Type": "Aggregate", "Strategy": "Plain", "Startup Cost": 69554.11, "Total Cost": 69554.12, "Plan Rows": 1, "Plan Width": 123, "Actual Min Startup Time": 179.977, "Actual Max Startup Time": 179.977, "Actual Min Total Time": 179.978, "Actual Max Total Time": 179.978, "Actual Total Rows": 1, "Plans": [{"Node Type": "Nested Loop", "Parent Relationship": "Outer", "Join Type": "Inner", "Startup Cost": 0.0, "Total Cost": 69553.45, "Plan Rows": 132, "Plan Width": 59, "Actual Min Startup Time": 125.755, "Actual Max Startup Time": 125.755, "Actual Min Total Time": 179.183, "Actual Max Total Time": 179.183, "Actual Total Rows": 1140, "Inner Unique": true, "Plans": [{"Node Type": "Nested Loop", "Parent Relationship": "Outer", "Join Type": "Inner", "Startup Cost": 0.0, "Total Cost": 69515.93, "Plan Rows": 134, "Plan Width": 63, "Actual Min Startup Time": 125.742, "Actual Max Startup Time": 125.742, "Actual Min Total Time": 175.261, "Actual Max Total Time": 175.261, "Actual Total Rows": 1140, "Inner Unique": false, "Join Filter": "(t.id = mk.movie_id)", "Rows Removed by Join Filter": 0, "Plans": [{"Node Type": "Nested Loop", "Parent Relationship": "Outer", "Join Type": "Inner", "Startup Cost": 0.0, "Total Cost": 69506.37, "Plan Rows": 17, "Plan Width": 75, "Actual Min Startup Time": 125.711, "Actual Max Startup Time": 125.711, "Actual Min Total Time": 173.532, "Actual Max Total Time": 173.532, "Actual Total Rows": 119, "Inner Unique": true, "Join Filter": "(at.movie_id = t.id)", "Rows Removed by Join Filter": 0, "Plans": [{"Node Type": "Nested Loop", "Parent Relationship": "Outer", "Join Type": "Inner", "Startup Cost": 0.0, "Total Cost": 69502.14, "Plan Rows": 12, "Plan Width": 54, "Actual Min Startup Time": 125.685, "Actual Max Startup Time": 125.685, "Actual Min Total Time": 172.591, "Actual Max Total Time": 172.591, "Actual Total Rows": 119, "Inner Unique": true, "Plans": [{"Node Type": "Nested Loop", "Parent Relationship": "Outer", "Join Type": "Inner", "Startup Cost": 0.0, "Total Cost": 69498.78, "Plan Rows": 12, "Plan Width": 58, "Actual Min Startup Time": 125.545, "Actual Max Startup Time": 125.545, "Actual Min Total Time": 172.139, "Actual Max Total Time": 172.139, "Actual Total Rows": 284, "Inner Unique": true, "Plans": [{"Node Type": "Nested Loop", "Parent Relationship": "Outer", "Join Type": "Inner", "Startup Cost": 0.0, "Total Cost": 69493.03, "Plan Rows": 20, "Plan Width": 62, "Actual Min Startup Time": 125.522, "Actual Max Startup Time": 125.522, "Actual Min Total Time": 169.957, "Actual Max Total Time": 169.957, "Actual Total Rows": 400, "Inner Unique": false, "Plans": [{"Node Type": "Nested Loop", "Parent Relationship": "Outer", "Join Type": "Inner", "Startup Cost": 0.0, "Total Cost": 69487.72, "Plan Rows": 9, "Plan Width": 50, "Actual Min Startup Time": 125.502, "Actual Max Startup Time": 125.502, "Actual Min Total Time": 168.59, "Actual Max Total Time": 168.59, "Actual Total Rows": 120, "Inner Unique": false, "Plans": [{"Node Type": "Nested Loop", "Parent Relationship": "Outer", "Join Type": "Inner", "Startup Cost": 0.0, "Total Cost": 69472.3, "Plan Rows": 4, "Plan Width": 46, "Actual Min Startup Time": 125.317, "Actual Max Startup Time": 125.317, "Actual Min Total Time": 161.37, "Actual Max Total Time": 161.37, "Actual Total Rows": 1783, "Inner Unique": true, "Plans": [{"Node Type": "Streaming(type: LOCAL GATHER dop: 1/64)", "Parent Relationship": "Outer", "Startup Cost": 0.0, "Total Cost": 69388.27, "Plan Rows": 255, "Plan Width": 50, "Actual Min Startup Time": 125.258, "Actual Max Startup Time": 125.258, "Actual Min Total Time": 156.833, "Actual Max Total Time": 156.833, "Actual Total Rows": 1783, "Plans": [{"Node Type": "Seq Scan", "Parent Relationship": "Outer", "Relation Name": "movie_info", "Alias": "mi", "Startup Cost": 0.0, "Total Cost": 69383.01, "Plan Rows": 255, "Plan Width": 50, "Actual Min Startup Time": 20.17, "Actual Max Startup Time": 30.883, "Actual Min Total Time": 71.653, "Actual Max Total Time": 87.211, "Actual Total Rows": 1783, "Filter": "((info IS NOT NULL) AND ((note)::text ~~ '%internet%'::text) AND (((info)::text ~~ 'USA:% 199%'::text) OR ((info)::text ~~ 'USA:% 200%'::text)))", "Rows Removed by Filter": 14833936}]}, {"Node Type": "Index Scan", "Parent Relationship": "Inner", "Scan Direction": "Forward", "Index Name": "info_type_pkey", "Relation Name": "info_type", "Alias": "it1", "Startup Cost": 0.0, "Total Cost": 0.32, "Plan Rows": 1, "Plan Width": 4, "Actual Min Startup Time": 3.129, "Actual Max Startup Time": 3.129, "Actual Min Total Time": 3.129, "Actual Max Total Time": 3.129, "Actual Total Rows": 1783, "Index Cond": "(id = mi.info_type_id)", "Rows Removed by Index Recheck": 0, "Filter": "((info)::text = 'release dates'::text)", "Rows Removed by Filter": 0}]}, {"Node Type": "Index Only Scan", "Parent Relationship": "Inner", "Scan Direction": "Forward", "Index Name": "movie_id_aka_title", "Relation Name": "aka_title", "Alias": "at", "Startup Cost": 0.0, "Total Cost": 3.82, "Plan Rows": 3, "Plan Width": 4, "Actual Min Startup Time": 6.321, "Actual Max Startup Time": 6.321, "Actual Min Total Time": 6.376, "Actual Max Total Time": 6.376, "Actual Total Rows": 120, "Index Cond": "(movie_id = mi.movie_id)", "Rows Removed by Index Recheck": 0, "Heap Fetches": 0}]}, {"Node Type": "Index Scan", "Parent Relationship": "Inner", "Scan Direction": "Forward", "Index Name": "movie_id_movie_companies", "Relation Name": "movie_companies", "Alias": "mc", "Startup Cost": 0.0, "Total Cost": 0.57, "Plan Rows": 2, "Plan Width": 12, "Actual Min Startup Time": 0.84, "Actual Max Startup Time": 0.84, "Actual Min Total Time": 1.168, "Actual Max Total Time": 1.168, "Actual Total Rows": 400, "Index Cond": "(movie_id = at.movie_id)", "Rows Removed by Index Recheck": 0}]}, {"Node Type": "Index Scan", "Parent Relationship": "Inner", "Scan Direction": "Forward", "Index Name": "company_name_pkey", "Relation Name": "company_name", "Alias": "cn", "Startup Cost": 0.0, "Total Cost": 0.28, "Plan Rows": 1, "Plan Width": 4, "Actual Min Startup Time": 1.845, "Actual Max Startup Time": 1.845, "Actual Min Total Time": 1.845, "Actual Max Total Time": 1.845, "Actual Total Rows": 284, "Index Cond": "(id = mc.company_id)", "Rows Removed by Index Recheck": 0, "Filter": "((country_code)::text = '[us]'::text)", "Rows Removed by Filter": 116}]}, {"Node Type": "Index Only Scan", "Parent Relationship": "Inner", "Scan Direction": "Forward", "Index Name": "company_type_pkey", "Relation Name": "company_type", "Alias": "ct", "Startup Cost": 0.0, "Total Cost": 0.27, "Plan Rows": 1, "Plan Width": 4, "Actual Min Startup Time": 0.24, "Actual Max Startup Time": 0.24, "Actual Min Total Time": 0.24, "Actual Max Total Time": 0.24, "Actual Total Rows": 119, "Index Cond": "(id = mc.company_type_id)", "Rows Removed by Index Recheck": 0, "Heap Fetches": 0}]}, {"Node Type": "Index Scan", "Parent Relationship": "Inner", "Scan Direction": "Forward", "Index Name": "title_pkey", "Relation Name": "title", "Alias": "t", "Startup Cost": 0.0, "Total Cost": 0.34, "Plan Rows": 1, "Plan Width": 21, "Actual Min Startup Time": 0.768, "Actual Max Startup Time": 0.768, "Actual Min Total Time": 0.768, "Actual Max Total Time": 0.768, "Actual Total Rows": 119, "Index Cond": "(id = mc.movie_id)", "Rows Removed by Index Recheck": 0, "Filter": "(production_year > 1990)", "Rows Removed by Filter": 0}]}, {"Node Type": "Index Scan", "Parent Relationship": "Inner", "Scan Direction": "Forward", "Index Name": "movie_id_movie_keyword", "Relation Name": "movie_keyword", "Alias": "mk", "Startup Cost": 0.0, "Total Cost": 0.46, "Plan Rows": 8, "Plan Width": 8, "Actual Min Startup Time": 0.656, "Actual Max Startup Time": 0.656, "Actual Min Total Time": 1.208, "Actual Max Total Time": 1.208, "Actual Total Rows": 1140, "Index Cond": "(movie_id = mc.movie_id)", "Rows Removed by Index Recheck": 0}]}, {"Node Type": "Index Only Scan", "Parent Relationship": "Inner", "Scan Direction": "Forward", "Index Name": "keyword_pkey", "Relation Name": "keyword", "Alias": "k", "Startup Cost": 0.0, "Total Cost": 0.27, "Plan Rows": 1, "Plan Width": 4, "Actual Min Startup Time": 3.049, "Actual Max Startup Time": 3.049, "Actual Min Total Time": 3.049, "Actual Max Total Time": 3.049, "Actual Total Rows": 1140, "Index Cond": "(id = mk.keyword_id)", "Rows Removed by Index Recheck": 0, "Heap Fetches": 0}]}]}, "Triggers": [], "Planner Runtime": 117.147, "Total Runtime": 191.577, "Unique SQL Id": 2846462052}}, "(64, 97)": {"explain_plan": {"Plan": {"Node Type": "Aggregate", "Strategy": "Plain", "Startup Cost": 165037.91, "Total Cost": 165037.92, "Plan Rows": 1, "Plan Width": 123, "Plans": [{"Node Type": "Nested Loop", "Parent Relationship": "Outer", "Join Type": "Inner", "Startup Cost": 4841.46, "Total Cost": 165037.25, "Plan Rows": 132, "Plan Width": 59, "Inner Unique": true, "Plans": [{"Node Type": "Nested Loop", "Parent Relationship": "Outer", "Join Type": "Inner", "Startup Cost": 4841.46, "Total Cost": 164999.73, "Plan Rows": 134, "Plan Width": 63, "Inner Unique": false, "Join Filter": "(t.id = mk.movie_id)", "Plans": [{"Node Type": "Nested Loop", "Parent Relationship": "Outer", "Join Type": "Inner", "Startup Cost": 4841.46, "Total Cost": 164990.17, "Plan Rows": 17, "Plan Width": 75, "Inner Unique": true, "Join Filter": "(at.movie_id = t.id)", "Plans": [{"Node Type": "Nested Loop", "Parent Relationship": "Outer", "Join Type": "Inner", "Startup Cost": 4841.46, "Total Cost": 164985.94, "Plan Rows": 12, "Plan Width": 54, "Inner Unique": true, "Plans": [{"Node Type": "Nested Loop", "Parent Relationship": "Outer", "Join Type": "Inner", "Startup Cost": 4841.46, "Total Cost": 164982.58, "Plan Rows": 12, "Plan Width": 58, "Inner Unique": true, "Plans": [{"Node Type": "Nested Loop", "Parent Relationship": "Outer", "Join Type": "Inner", "Startup Cost": 4841.46, "Total Cost": 164976.83, "Plan Rows": 20, "Plan Width": 62, "Inner Unique": false, "Plans": [{"Node Type": "Nested Loop", "Parent Relationship": "Outer", "Join Type": "Inner", "Startup Cost": 4841.46, "Total Cost": 164971.52, "Plan Rows": 9, "Plan Width": 50, "Inner Unique": false, "Plans": [{"Node Type": "Nested Loop", "Parent Relationship": "Outer", "Join Type": "Inner", "Startup Cost": 4841.46, "Total Cost": 164956.1, "Plan Rows": 4, "Plan Width": 46, "Inner Unique": false, "Plans": [{"Node Type": "Index Scan", "Parent Relationship": "Outer", "Scan Direction": "Forward", "Index Name": "info_type_pkey", "Relation Name": "info_type", "Alias": "it1", "Startup Cost": 0.0, "Total Cost": 14.21, "Plan Rows": 1, "Plan Width": 4, "Filter": "((info)::text = 'release dates'::text)"}, {"Node Type": "Bitmap Heap Scan", "Parent Relationship": "Inner", "Relation Name": "movie_info", "Alias": "mi", "Startup Cost": 4841.46, "Total Cost": 164941.85, "Plan Rows": 4, "Plan Width": 50, "Recheck Cond": "(info_type_id = it1.id)", "Filter": "((info IS NOT NULL) AND ((note)::text ~~ '%internet%'::text) AND (((info)::text ~~ 'USA:% 199%'::text) OR ((info)::text ~~ 'USA:% 200%'::text)))", "Plans": [{"Node Type": "Bitmap Index Scan", "Parent Relationship": "Outer", "Index Name": "info_type_id_movie_info", "Startup Cost": 0.0, "Total Cost": 4841.46, "Plan Rows": 212428, "Plan Width": 0, "Index Cond": "(info_type_id = it1.id)"}]}]}, {"Node Type": "Index Only Scan", "Parent Relationship": "Inner", "Scan Direction": "Forward", "Index Name": "movie_id_aka_title", "Relation Name": "aka_title", "Alias": "at", "Startup Cost": 0.0, "Total Cost": 3.82, "Plan Rows": 3, "Plan Width": 4, "Index Cond": "(movie_id = mi.movie_id)"}]}, {"Node Type": "Index Scan", "Parent Relationship": "Inner", "Scan Direction": "Forward", "Index Name": "movie_id_movie_companies", "Relation Name": "movie_companies", "Alias": "mc", "Startup Cost": 0.0, "Total Cost": 0.57, "Plan Rows": 2, "Plan Width": 12, "Index Cond": "(movie_id = at.movie_id)"}]}, {"Node Type": "Index Scan", "Parent Relationship": "Inner", "Scan Direction": "Forward", "Index Name": "company_name_pkey", "Relation Name": "company_name", "Alias": "cn", "Startup Cost": 0.0, "Total Cost": 0.28, "Plan Rows": 1, "Plan Width": 4, "Index Cond": "(id = mc.company_id)", "Filter": "((country_code)::text = '[us]'::text)"}]}, {"Node Type": "Index Only Scan", "Parent Relationship": "Inner", "Scan Direction": "Forward", "Index Name": "company_type_pkey", "Relation Name": "company_type", "Alias": "ct", "Startup Cost": 0.0, "Total Cost": 0.27, "Plan Rows": 1, "Plan Width": 4, "Index Cond": "(id = mc.company_type_id)"}]}, {"Node Type": "Index Scan", "Parent Relationship": "Inner", "Scan Direction": "Forward", "Index Name": "title_pkey", "Relation Name": "title", "Alias": "t", "Startup Cost": 0.0, "Total Cost": 0.34, "Plan Rows": 1, "Plan Width": 21, "Index Cond": "(id = mc.movie_id)", "Filter": "(production_year > 1990)"}]}, {"Node Type": "Index Scan", "Parent Relationship": "Inner", "Scan Direction": "Forward", "Index Name": "movie_id_movie_keyword", "Relation Name": "movie_keyword", "Alias": "mk", "Startup Cost": 0.0, "Total Cost": 0.46, "Plan Rows": 8, "Plan Width": 8, "Index Cond": "(movie_id = mc.movie_id)"}]}, {"Node Type": "Index Only Scan", "Parent Relationship": "Inner", "Scan Direction": "Forward", "Index Name": "keyword_pkey", "Relation Name": "keyword", "Alias": "k", "Startup Cost": 0.0, "Total Cost": 0.27, "Plan Rows": 1, "Plan Width": 4, "Index Cond": "(id = mk.keyword_id)"}]}]}, "Unique SQL Id": 2846462052}, "explain_analyze_plan": null}, "(64, 98)": {"explain_plan": {"Plan": {"Node Type": "Aggregate", "Strategy": "Plain", "Startup Cost": 70509.26, "Total Cost": 70509.27, "Plan Rows": 1, "Plan Width": 123, "Plans": [{"Node Type": "Nested Loop", "Parent Relationship": "Outer", "Join Type": "Inner", "Startup Cost": 7.95, "Total Cost": 70508.6, "Plan Rows": 132, "Plan Width": 59, "Inner Unique": true, "Join Filter": "(at.movie_id = t.id)", "Plans": [{"Node Type": "Nested Loop", "Parent Relationship": "Outer", "Join Type": "Inner", "Startup Cost": 7.68, "Total Cost": 70100.73, "Plan Rows": 95, "Plan Width": 58, "Inner Unique": true, "Plans": [{"Node Type": "Nested Loop", "Parent Relationship": "Outer", "Join Type": "Inner", "Startup Cost": 7.43, "Total Cost": 69685.54, "Plan Rows": 97, "Plan Width": 62, "Inner Unique": false, "Join Filter": "(at.movie_id = mk.movie_id)", "Plans": [{"Node Type": "Nested Loop", "Parent Relationship": "Outer", "Join Type": "Inner", "Startup Cost": 7.09, "Total Cost": 69631.09, "Plan Rows": 12, "Plan Width": 54, "Inner Unique": true, "Plans": [{"Node Type": "Nested Loop", "Parent Relationship": "Outer", "Join Type": "Inner", "Startup Cost": 6.83, "Total Cost": 69579.72, "Plan Rows": 12, "Plan Width": 58, "Inner Unique": true, "Plans": [{"Node Type": "Nested Loop", "Parent Relationship": "Outer", "Join Type": "Inner", "Startup Cost": 6.57, "Total Cost": 69494.05, "Plan Rows": 20, "Plan Width": 62, "Inner Unique": false, "Plans": [{"Node Type": "Nested Loop", "Parent Relationship": "Outer", "Join Type": "Inner", "Startup Cost": 6.2, "Total Cost": 69454.31, "Plan Rows": 9, "Plan Width": 50, "Inner Unique": false, "Plans": [{"Node Type": "Hash Join", "Parent Relationship": "Outer", "Join Type": "Inner", "Startup Cost": 2.41, "Total Cost": 69391.68, "Plan Rows": 4, "Plan Width": 46, "Inner Unique": true, "Hash Cond": "(mi.info_type_id = it1.id)", "Plans": [{"Node Type": "Streaming(type: LOCAL GATHER dop: 1/64)", "Parent Relationship": "Outer", "Startup Cost": 0.0, "Total Cost": 69388.27, "Plan Rows": 255, "Plan Width": 50, "Plans": [{"Node Type": "Seq Scan", "Parent Relationship": "Outer", "Relation Name": "movie_info", "Alias": "mi", "Startup Cost": 0.0, "Total Cost": 69383.01, "Plan Rows": 255, "Plan Width": 50, "Filter": "((info IS NOT NULL) AND ((note)::text ~~ '%internet%'::text) AND (((info)::text ~~ 'USA:% 199%'::text) OR ((info)::text ~~ 'USA:% 200%'::text)))"}]}, {"Node Type": "Hash", "Parent Relationship": "Inner", "Startup Cost": 2.4, "Total Cost": 2.4, "Plan Rows": 1, "Plan Width": 4, "Plans": [{"Node Type": "Seq Scan", "Parent Relationship": "Outer", "Relation Name": "info_type", "Alias": "it1", "Startup Cost": 0.0, "Total Cost": 2.4, "Plan Rows": 1, "Plan Width": 4, "Filter": "((info)::text = 'release dates'::text)"}]}]}, {"Node Type": "Bitmap Heap Scan", "Parent Relationship": "Inner", "Relation Name": "aka_title", "Alias": "at", "Startup Cost": 3.79, "Total Cost": 15.63, "Plan Rows": 3, "Plan Width": 4, "Recheck Cond": "(movie_id = mi.movie_id)", "Plans": [{"Node Type": "Bitmap Index Scan", "Parent Relationship": "Outer", "Index Name": "movie_id_aka_title", "Startup Cost": 0.0, "Total Cost": 3.79, "Plan Rows": 3, "Plan Width": 0, "Index Cond": "(movie_id = mi.movie_id)"}]}]}, {"Node Type": "Bitmap Heap Scan", "Parent Relationship": "Inner", "Relation Name": "movie_companies", "Alias": "mc", "Startup Cost": 0.37, "Total Cost": 4.4, "Plan Rows": 2, "Plan Width": 12, "Recheck Cond": "(movie_id = at.movie_id)", "Plans": [{"Node Type": "Bitmap Index Scan", "Parent Relationship": "Outer", "Index Name": "movie_id_movie_companies", "Startup Cost": 0.0, "Total Cost": 0.37, "Plan Rows": 2, "Plan Width": 0, "Index Cond": "(movie_id = at.movie_id)"}]}]}, {"Node Type": "Bitmap Heap Scan", "Parent Relationship": "Inner", "Relation Name": "company_name", "Alias": "cn", "Startup Cost": 0.26, "Total Cost": 4.27, "Plan Rows": 1, "Plan Width": 4, "Recheck Cond": "(id = mc.company_id)", "Filter": "((country_code)::text = '[us]'::text)", "Plans": [{"Node Type": "Bitmap Index Scan", "Parent Relationship": "Outer", "Index Name": "company_name_pkey", "Startup Cost": 0.0, "Total Cost": 0.26, "Plan Rows": 1, "Plan Width": 0, "Index Cond": "(id = mc.company_id)"}]}]}, {"Node Type": "Bitmap Heap Scan", "Parent Relationship": "Inner", "Relation Name": "company_type", "Alias": "ct", "Startup Cost": 0.26, "Total Cost": 4.27, "Plan Rows": 1, "Plan Width": 4, "Recheck Cond": "(id = mc.company_type_id)", "Plans": [{"Node Type": "Bitmap Index Scan", "Parent Relationship": "Outer", "Index Name": "company_type_pkey", "Startup Cost": 0.0, "Total Cost": 0.26, "Plan Rows": 1, "Plan Width": 0, "Index Cond": "(id = mc.company_type_id)"}]}]}, {"Node Type": "Bitmap Heap Scan", "Parent Relationship": "Inner", "Relation Name": "movie_keyword", "Alias": "mk", "Startup Cost": 0.34, "Total Cost": 4.44, "Plan Rows": 8, "Plan Width": 8, "Recheck Cond": "(movie_id = mc.movie_id)", "Plans": [{"Node Type": "Bitmap Index Scan", "Parent Relationship": "Outer", "Index Name": "movie_id_movie_keyword", "Startup Cost": 0.0, "Total Cost": 0.34, "Plan Rows": 8, "Plan Width": 0, "Index Cond": "(movie_id = mc.movie_id)"}]}]}, {"Node Type": "Bitmap Heap Scan", "Parent Relationship": "Inner", "Relation Name": "keyword", "Alias": "k", "Startup Cost": 0.26, "Total Cost": 4.27, "Plan Rows": 1, "Plan Width": 4, "Recheck Cond": "(id = mk.keyword_id)", "Plans": [{"Node Type": "Bitmap Index Scan", "Parent Relationship": "Outer", "Index Name": "keyword_pkey", "Startup Cost": 0.0, "Total Cost": 0.26, "Plan Rows": 1, "Plan Width": 0, "Index Cond": "(id = mk.keyword_id)"}]}]}, {"Node Type": "Bitmap Heap Scan", "Parent Relationship": "Inner", "Relation Name": "title", "Alias": "t", "Startup Cost": 0.27, "Total Cost": 4.28, "Plan Rows": 1, "Plan Width": 21, "Recheck Cond": "(id = mk.movie_id)", "Filter": "(production_year > 1990)", "Plans": [{"Node Type": "Bitmap Index Scan", "Parent Relationship": "Outer", "Index Name": "title_pkey", "Startup Cost": 0.0, "Total Cost": 0.27, "Plan Rows": 1, "Plan Width": 0, "Index Cond": "(id = mk.movie_id)"}]}]}]}, "Unique SQL Id": 2846462052}, "explain_analyze_plan": {"Plan": {"Node Type": "Aggregate", "Strategy": "Plain", "Startup Cost": 70509.26, "Total Cost": 70509.27, "Plan Rows": 1, "Plan Width": 123, "Actual Min Startup Time": 262.617, "Actual Max Startup Time": 262.617, "Actual Min Total Time": 262.617, "Actual Max Total Time": 262.617, "Actual Total Rows": 1, "Plans": [{"Node Type": "Nested Loop", "Parent Relationship": "Outer", "Join Type": "Inner", "Startup Cost": 7.95, "Total Cost": 70508.6, "Plan Rows": 132, "Plan Width": 59, "Actual Min Startup Time": 215.839, "Actual Max Startup Time": 215.839, "Actual Min Total Time": 261.615, "Actual Max Total Time": 261.615, "Actual Total Rows": 1140, "Inner Unique": true, "Join Filter": "(at.movie_id = t.id)", "Rows Removed by Join Filter": 0, "Plans": [{"Node Type": "Nested Loop", "Parent Relationship": "Outer", "Join Type": "Inner", "Startup Cost": 7.68, "Total Cost": 70100.73, "Plan Rows": 95, "Plan Width": 58, "Actual Min Startup Time": 215.77, "Actual Max Startup Time": 215.77, "Actual Min Total Time": 255.013, "Actual Max Total Time": 255.013, "Actual Total Rows": 1140, "Inner Unique": true, "Plans": [{"Node Type": "Nested Loop", "Parent Relationship": "Outer", "Join Type": "Inner", "Startup Cost": 7.43, "Total Cost": 69685.54, "Plan Rows": 97, "Plan Width": 62, "Actual Min Startup Time": 215.737, "Actual Max Startup Time": 215.737, "Actual Min Total Time": 246.63, "Actual Max Total Time": 246.63, "Actual Total Rows": 1140, "Inner Unique": false, "Join Filter": "(at.movie_id = mk.movie_id)", "Rows Removed by Join Filter": 0, "Plans": [{"Node Type": "Nested Loop", "Parent Relationship": "Outer", "Join Type": "Inner", "Startup Cost": 7.09, "Total Cost": 69631.09, "Plan Rows": 12, "Plan Width": 54, "Actual Min Startup Time": 203.173, "Actual Max Startup Time": 203.173, "Actual Min Total Time": 244.519, "Actual Max Total Time": 244.519, "Actual Total Rows": 119, "Inner Unique": true, "Plans": [{"Node Type": "Nested Loop", "Parent Relationship": "Outer", "Join Type": "Inner", "Startup Cost": 6.83, "Total Cost": 69579.72, "Plan Rows": 12, "Plan Width": 58, "Actual Min Startup Time": 203.121, "Actual Max Startup Time": 203.121, "Actual Min Total Time": 243.521, "Actual Max Total Time": 243.521, "Actual Total Rows": 284, "Inner Unique": true, "Plans": [{"Node Type": "Nested Loop", "Parent Relationship": "Outer", "Join Type": "Inner", "Startup Cost": 6.57, "Total Cost": 69494.05, "Plan Rows": 20, "Plan Width": 62, "Actual Min Startup Time": 203.084, "Actual Max Startup Time": 203.084, "Actual Min Total Time": 240.206, "Actual Max Total Time": 240.206, "Actual Total Rows": 400, "Inner Unique": false, "Plans": [{"Node Type": "Nested Loop", "Parent Relationship": "Outer", "Join Type": "Inner", "Startup Cost": 6.2, "Total Cost": 69454.31, "Plan Rows": 9, "Plan Width": 50, "Actual Min Startup Time": 203.047, "Actual Max Startup Time": 203.047, "Actual Min Total Time": 238.255, "Actual Max Total Time": 238.255, "Actual Total Rows": 120, "Inner Unique": false, "Plans": [{"Node Type": "Hash Join", "Parent Relationship": "Outer", "Join Type": "Inner", "Startup Cost": 2.41, "Total Cost": 69391.68, "Plan Rows": 4, "Plan Width": 46, "Actual Min Startup Time": 202.534, "Actual Max Startup Time": 202.534, "Actual Min Total Time": 228.666, "Actual Max Total Time": 228.666, "Actual Total Rows": 1783, "Inner Unique": true, "Hash Cond": "(mi.info_type_id = it1.id)", "Plans": [{"Node Type": "Streaming(type: LOCAL GATHER dop: 1/64)", "Parent Relationship": "Outer", "Startup Cost": 0.0, "Total Cost": 69388.27, "Plan Rows": 255, "Plan Width": 50, "Actual Min Startup Time": 202.33, "Actual Max Startup Time": 202.33, "Actual Min Total Time": 227.281, "Actual Max Total Time": 227.281, "Actual Total Rows": 1783, "Plans": [{"Node Type": "Seq Scan", "Parent Relationship": "Outer", "Relation Name": "movie_info", "Alias": "mi", "Startup Cost": 0.0, "Total Cost": 69383.01, "Plan Rows": 255, "Plan Width": 50, "Actual Min Startup Time": 20.831, "Actual Max Startup Time": 29.366, "Actual Min Total Time": 72.418, "Actual Max Total Time": 85.642, "Actual Total Rows": 1783, "Filter": "((info IS NOT NULL) AND ((note)::text ~~ '%internet%'::text) AND (((info)::text ~~ 'USA:% 199%'::text) OR ((info)::text ~~ 'USA:% 200%'::text)))", "Rows Removed by Filter": 14833936}]}, {"Node Type": "Hash", "Parent Relationship": "Inner", "Startup Cost": 2.4, "Total Cost": 2.4, "Plan Rows": 1, "Plan Width": 4, "Actual Min Startup Time": 0.115, "Actual Max Startup Time": 0.115, "Actual Min Total Time": 0.115, "Actual Max Total Time": 0.115, "Actual Total Rows": 1, "Max Hash Buckets": 32768, "Min Hash Buckets": 32768, "Max Hash Batches": 1, "Min Hash Batches": 1, "Max Original Hash Batches": 1, "Min Original Hash Batches": 1, "Max Peak Memory Usage": 1, "min Peak Memory Usage": 1, "Plans": [{"Node Type": "Seq Scan", "Parent Relationship": "Outer", "Relation Name": "info_type", "Alias": "it1", "Startup Cost": 0.0, "Total Cost": 2.4, "Plan Rows": 1, "Plan Width": 4, "Actual Min Startup Time": 0.075, "Actual Max Startup Time": 0.075, "Actual Min Total Time": 0.097, "Actual Max Total Time": 0.097, "Actual Total Rows": 1, "Filter": "((info)::text = 'release dates'::text)", "Rows Removed by Filter": 111}]}]}, {"Node Type": "Bitmap Heap Scan", "Parent Relationship": "Inner", "Relation Name": "aka_title", "Alias": "at", "Startup Cost": 3.79, "Total Cost": 15.63, "Plan Rows": 3, "Plan Width": 4, "Actual Min Startup Time": 7.409, "Actual Max Startup Time": 7.409, "Actual Min Total Time": 7.552, "Actual Max Total Time": 7.552, "Actual Total Rows": 120, "Recheck Cond": "(movie_id = mi.movie_id)", "Rows Removed by Index Recheck": 0, "Exact Heap Blocks": 120, "Lossy Heap Blocks": 120, "Plans": [{"Node Type": "Bitmap Index Scan", "Parent Relationship": "Outer", "Index Name": "movie_id_aka_title", "Startup Cost": 0.0, "Total Cost": 3.79, "Plan Rows": 3, "Plan Width": 0, "Actual Min Startup Time": 6.157, "Actual Max Startup Time": 6.157, "Actual Min Total Time": 6.157, "Actual Max Total Time": 6.157, "Actual Total Rows": 120, "Index Cond": "(movie_id = mi.movie_id)"}]}]}, {"Node Type": "Bitmap Heap Scan", "Parent Relationship": "Inner", "Relation Name": "movie_companies", "Alias": "mc", "Startup Cost": 0.37, "Total Cost": 4.4, "Plan Rows": 2, "Plan Width": 12, "Actual Min Startup Time": 1.344, "Actual Max Startup Time": 1.344, "Actual Min Total Time": 1.628, "Actual Max Total Time": 1.628, "Actual Total Rows": 400, "Recheck Cond": "(movie_id = at.movie_id)", "Rows Removed by Index Recheck": 0, "Exact Heap Blocks": 214, "Lossy Heap Blocks": 214, "Plans": [{"Node Type": "Bitmap Index Scan", "Parent Relationship": "Outer", "Index Name": "movie_id_movie_companies", "Startup Cost": 0.0, "Total Cost": 0.37, "Plan Rows": 2, "Plan Width": 0, "Actual Min Startup Time": 0.818, "Actual Max Startup Time": 0.818, "Actual Min Total Time": 0.818, "Actual Max Total Time": 0.818, "Actual Total Rows": 400, "Index Cond": "(movie_id = at.movie_id)"}]}]}, {"Node Type": "Bitmap Heap Scan", "Parent Relationship": "Inner", "Relation Name": "company_name", "Alias": "cn", "Startup Cost": 0.26, "Total Cost": 4.27, "Plan Rows": 1, "Plan Width": 4, "Actual Min Startup Time": 2.732, "Actual Max Startup Time": 2.732, "Actual Min Total Time": 2.732, "Actual Max Total Time": 2.732, "Actual Total Rows": 284, "Recheck Cond": "(id = mc.company_id)", "Rows Removed by Index Recheck": 0, "Filter": "((country_code)::text = '[us]'::text)", "Rows Removed by Filter": 116, "Exact Heap Blocks": 400, "Lossy Heap Blocks": 400, "Plans": [{"Node Type": "Bitmap Index Scan", "Parent Relationship": "Outer", "Index Name": "company_name_pkey", "Startup Cost": 0.0, "Total Cost": 0.26, "Plan Rows": 1, "Plan Width": 0, "Actual Min Startup Time": 1.52, "Actual Max Startup Time": 1.52, "Actual Min Total Time": 1.52, "Actual Max Total Time": 1.52, "Actual Total Rows": 400, "Index Cond": "(id = mc.company_id)"}]}]}, {"Node Type": "Bitmap Heap Scan", "Parent Relationship": "Inner", "Relation Name": "company_type", "Alias": "ct", "Startup Cost": 0.26, "Total Cost": 4.27, "Plan Rows": 1, "Plan Width": 4, "Actual Min Startup Time": 0.56, "Actual Max Startup Time": 0.56, "Actual Min Total Time": 0.56, "Actual Max Total Time": 0.56, "Actual Total Rows": 119, "Recheck Cond": "(id = mc.company_type_id)", "Rows Removed by Index Recheck": 0, "Exact Heap Blocks": 119, "Lossy Heap Blocks": 119, "Plans": [{"Node Type": "Bitmap Index Scan", "Parent Relationship": "Outer", "Index Name": "company_type_pkey", "Startup Cost": 0.0, "Total Cost": 0.26, "Plan Rows": 1, "Plan Width": 0, "Actual Min Startup Time": 0.279, "Actual Max Startup Time": 0.279, "Actual Min Total Time": 0.279, "Actual Max Total Time": 0.279, "Actual Total Rows": 119, "Index Cond": "(id = mc.company_type_id)"}]}]}, {"Node Type": "Bitmap Heap Scan", "Parent Relationship": "Inner", "Relation Name": "movie_keyword", "Alias": "mk", "Startup Cost": 0.34, "Total Cost": 4.44, "Plan Rows": 8, "Plan Width": 8, "Actual Min Startup Time": 1.257, "Actual Max Startup Time": 1.257, "Actual Min Total Time": 1.47, "Actual Max Total Time": 1.47, "Actual Total Rows": 1140, "Recheck Cond": "(movie_id = mc.movie_id)", "Rows Removed by Index Recheck": 0, "Exact Heap Blocks": 91, "Lossy Heap Blocks": 91, "Plans": [{"Node Type": "Bitmap Index Scan", "Parent Relationship": "Outer", "Index Name": "movie_id_movie_keyword", "Startup Cost": 0.0, "Total Cost": 0.34, "Plan Rows": 8, "Plan Width": 0, "Actual Min Startup Time": 0.848, "Actual Max Startup Time": 0.848, "Actual Min Total Time": 0.848, "Actual Max Total Time": 0.848, "Actual Total Rows": 1140, "Index Cond": "(movie_id = mc.movie_id)"}]}]}, {"Node Type": "Bitmap Heap Scan", "Parent Relationship": "Inner", "Relation Name": "keyword", "Alias": "k", "Startup Cost": 0.26, "Total Cost": 4.27, "Plan Rows": 1, "Plan Width": 4, "Actual Min Startup Time": 6.713, "Actual Max Startup Time": 6.713, "Actual Min Total Time": 6.713, "Actual Max Total Time": 6.713, "Actual Total Rows": 1140, "Recheck Cond": "(id = mk.keyword_id)", "Rows Removed by Index Recheck": 0, "Exact Heap Blocks": 1140, "Lossy Heap Blocks": 1140, "Plans": [{"Node Type": "Bitmap Index Scan", "Parent Relationship": "Outer", "Index Name": "keyword_pkey", "Startup Cost": 0.0, "Total Cost": 0.26, "Plan Rows": 1, "Plan Width": 0, "Actual Min Startup Time": 4.12, "Actual Max Startup Time": 4.12, "Actual Min Total Time": 4.12, "Actual Max Total Time": 4.12, "Actual Total Rows": 1140, "Index Cond": "(id = mk.keyword_id)"}]}]}, {"Node Type": "Bitmap Heap Scan", "Parent Relationship": "Inner", "Relation Name": "title", "Alias": "t", "Startup Cost": 0.27, "Total Cost": 4.28, "Plan Rows": 1, "Plan Width": 21, "Actual Min Startup Time": 4.878, "Actual Max Startup Time": 4.878, "Actual Min Total Time": 4.878, "Actual Max Total Time": 4.878, "Actual Total Rows": 1140, "Recheck Cond": "(id = mk.movie_id)", "Rows Removed by Index Recheck": 0, "Filter": "(production_year > 1990)", "Rows Removed by Filter": 0, "Exact Heap Blocks": 1140, "Lossy Heap Blocks": 1140, "Plans": [{"Node Type": "Bitmap Index Scan", "Parent Relationship": "Outer", "Index Name": "title_pkey", "Startup Cost": 0.0, "Total Cost": 0.27, "Plan Rows": 1, "Plan Width": 0, "Actual Min Startup Time": 2.934, "Actual Max Startup Time": 2.934, "Actual Min Total Time": 2.934, "Actual Max Total Time": 2.934, "Actual Total Rows": 1140, "Index Cond": "(id = mk.movie_id)"}]}]}]}, "Triggers": [], "Planner Runtime": 154.868, "Total Runtime": 275.671, "Unique SQL Id": 2846462052}}, "(64, 99)": {"explain_plan": {"Plan": {"Node Type": "Aggregate", "Strategy": "Plain", "Startup Cost": 166073.69, "Total Cost": 166073.7, "Plan Rows": 1, "Plan Width": 123, "Plans": [{"Node Type": "Nested Loop", "Parent Relationship": "Outer", "Join Type": "Inner", "Startup Cost": 4855.81, "Total Cost": 166073.03, "Plan Rows": 132, "Plan Width": 59, "Inner Unique": true, "Join Filter": "(at.movie_id = t.id)", "Plans": [{"Node Type": "Nested Loop", "Parent Relationship": "Outer", "Join Type": "Inner", "Startup Cost": 4855.54, "Total Cost": 165665.15, "Plan Rows": 95, "Plan Width": 58, "Inner Unique": true, "Plans": [{"Node Type": "Nested Loop", "Parent Relationship": "Outer", "Join Type": "Inner", "Startup Cost": 4855.28, "Total Cost": 165249.97, "Plan Rows": 97, "Plan Width": 62, "Inner Unique": false, "Join Filter": "(at.movie_id = mk.movie_id)", "Plans": [{"Node Type": "Nested Loop", "Parent Relationship": "Outer", "Join Type": "Inner", "Startup Cost": 4854.95, "Total Cost": 165195.51, "Plan Rows": 12, "Plan Width": 54, "Inner Unique": true, "Plans": [{"Node Type": "Nested Loop", "Parent Relationship": "Outer", "Join Type": "Inner", "Startup Cost": 4854.69, "Total Cost": 165144.15, "Plan Rows": 12, "Plan Width": 58, "Inner Unique": true, "Plans": [{"Node Type": "Nested Loop", "Parent Relationship": "Outer", "Join Type": "Inner", "Startup Cost": 4854.43, "Total Cost": 165058.48, "Plan Rows": 20, "Plan Width": 62, "Inner Unique": false, "Plans": [{"Node Type": "Nested Loop", "Parent Relationship": "Outer", "Join Type": "Inner", "Startup Cost": 4854.06, "Total Cost": 165018.73, "Plan Rows": 9, "Plan Width": 50, "Inner Unique": false, "Plans": [{"Node Type": "Nested Loop", "Parent Relationship": "Outer", "Join Type": "Inner", "Startup Cost": 4850.27, "Total Cost": 164956.1, "Plan Rows": 4, "Plan Width": 46, "Inner Unique": false, "Plans": [{"Node Type": "Bitmap Heap Scan", "Parent Relationship": "Outer", "Relation Name": "info_type", "Alias": "it1", "Startup Cost": 8.81, "Total Cost": 14.21, "Plan Rows": 1, "Plan Width": 4, "Filter": "((info)::text = 'release dates'::text)", "Plans": [{"Node Type": "Bitmap Index Scan", "Parent Relationship": "Outer", "Index Name": "info_type_pkey", "Startup Cost": 0.0, "Total Cost": 8.81, "Plan Rows": 112, "Plan Width": 0}]}, {"Node Type": "Bitmap Heap Scan", "Parent Relationship": "Inner", "Relation Name": "movie_info", "Alias": "mi", "Startup Cost": 4841.46, "Total Cost": 164941.85, "Plan Rows": 4, "Plan Width": 50, "Recheck Cond": "(info_type_id = it1.id)", "Filter": "((info IS NOT NULL) AND ((note)::text ~~ '%internet%'::text) AND (((info)::text ~~ 'USA:% 199%'::text) OR ((info)::text ~~ 'USA:% 200%'::text)))", "Plans": [{"Node Type": "Bitmap Index Scan", "Parent Relationship": "Outer", "Index Name": "info_type_id_movie_info", "Startup Cost": 0.0, "Total Cost": 4841.46, "Plan Rows": 212428, "Plan Width": 0, "Index Cond": "(info_type_id = it1.id)"}]}]}, {"Node Type": "Bitmap Heap Scan", "Parent Relationship": "Inner", "Relation Name": "aka_title", "Alias": "at", "Startup Cost": 3.79, "Total Cost": 15.63, "Plan Rows": 3, "Plan Width": 4, "Recheck Cond": "(movie_id = mi.movie_id)", "Plans": [{"Node Type": "Bitmap Index Scan", "Parent Relationship": "Outer", "Index Name": "movie_id_aka_title", "Startup Cost": 0.0, "Total Cost": 3.79, "Plan Rows": 3, "Plan Width": 0, "Index Cond": "(movie_id = mi.movie_id)"}]}]}, {"Node Type": "Bitmap Heap Scan", "Parent Relationship": "Inner", "Relation Name": "movie_companies", "Alias": "mc", "Startup Cost": 0.37, "Total Cost": 4.4, "Plan Rows": 2, "Plan Width": 12, "Recheck Cond": "(movie_id = at.movie_id)", "Plans": [{"Node Type": "Bitmap Index Scan", "Parent Relationship": "Outer", "Index Name": "movie_id_movie_companies", "Startup Cost": 0.0, "Total Cost": 0.37, "Plan Rows": 2, "Plan Width": 0, "Index Cond": "(movie_id = at.movie_id)"}]}]}, {"Node Type": "Bitmap Heap Scan", "Parent Relationship": "Inner", "Relation Name": "company_name", "Alias": "cn", "Startup Cost": 0.26, "Total Cost": 4.27, "Plan Rows": 1, "Plan Width": 4, "Recheck Cond": "(id = mc.company_id)", "Filter": "((country_code)::text = '[us]'::text)", "Plans": [{"Node Type": "Bitmap Index Scan", "Parent Relationship": "Outer", "Index Name": "company_name_pkey", "Startup Cost": 0.0, "Total Cost": 0.26, "Plan Rows": 1, "Plan Width": 0, "Index Cond": "(id = mc.company_id)"}]}]}, {"Node Type": "Bitmap Heap Scan", "Parent Relationship": "Inner", "Relation Name": "company_type", "Alias": "ct", "Startup Cost": 0.26, "Total Cost": 4.27, "Plan Rows": 1, "Plan Width": 4, "Recheck Cond": "(id = mc.company_type_id)", "Plans": [{"Node Type": "Bitmap Index Scan", "Parent Relationship": "Outer", "Index Name": "company_type_pkey", "Startup Cost": 0.0, "Total Cost": 0.26, "Plan Rows": 1, "Plan Width": 0, "Index Cond": "(id = mc.company_type_id)"}]}]}, {"Node Type": "Bitmap Heap Scan", "Parent Relationship": "Inner", "Relation Name": "movie_keyword", "Alias": "mk", "Startup Cost": 0.34, "Total Cost": 4.44, "Plan Rows": 8, "Plan Width": 8, "Recheck Cond": "(movie_id = mc.movie_id)", "Plans": [{"Node Type": "Bitmap Index Scan", "Parent Relationship": "Outer", "Index Name": "movie_id_movie_keyword", "Startup Cost": 0.0, "Total Cost": 0.34, "Plan Rows": 8, "Plan Width": 0, "Index Cond": "(movie_id = mc.movie_id)"}]}]}, {"Node Type": "Bitmap Heap Scan", "Parent Relationship": "Inner", "Relation Name": "keyword", "Alias": "k", "Startup Cost": 0.26, "Total Cost": 4.27, "Plan Rows": 1, "Plan Width": 4, "Recheck Cond": "(id = mk.keyword_id)", "Plans": [{"Node Type": "Bitmap Index Scan", "Parent Relationship": "Outer", "Index Name": "keyword_pkey", "Startup Cost": 0.0, "Total Cost": 0.26, "Plan Rows": 1, "Plan Width": 0, "Index Cond": "(id = mk.keyword_id)"}]}]}, {"Node Type": "Bitmap Heap Scan", "Parent Relationship": "Inner", "Relation Name": "title", "Alias": "t", "Startup Cost": 0.27, "Total Cost": 4.28, "Plan Rows": 1, "Plan Width": 21, "Recheck Cond": "(id = mk.movie_id)", "Filter": "(production_year > 1990)", "Plans": [{"Node Type": "Bitmap Index Scan", "Parent Relationship": "Outer", "Index Name": "title_pkey", "Startup Cost": 0.0, "Total Cost": 0.27, "Plan Rows": 1, "Plan Width": 0, "Index Cond": "(id = mk.movie_id)"}]}]}]}, "Unique SQL Id": 2846462052}, "explain_analyze_plan": null}, "(64, 100)": {"explain_plan": {"Plan": {"Node Type": "Aggregate", "Strategy": "Plain", "Startup Cost": 69565.1, "Total Cost": 69565.11, "Plan Rows": 1, "Plan Width": 123, "Plans": [{"Node Type": "Nested Loop", "Parent Relationship": "Outer", "Join Type": "Inner", "Startup Cost": 0.0, "Total Cost": 69564.44, "Plan Rows": 132, "Plan Width": 59, "Inner Unique": true, "Plans": [{"Node Type": "Nested Loop", "Parent Relationship": "Outer", "Join Type": "Inner", "Startup Cost": 0.0, "Total Cost": 69526.83, "Plan Rows": 134, "Plan Width": 63, "Inner Unique": false, "Join Filter": "(t.id = mk.movie_id)", "Plans": [{"Node Type": "Nested Loop", "Parent Relationship": "Outer", "Join Type": "Inner", "Startup Cost": 0.0, "Total Cost": 69517.27, "Plan Rows": 17, "Plan Width": 75, "Inner Unique": false, "Plans": [{"Node Type": "Nested Loop", "Parent Relationship": "Outer", "Join Type": "Inner", "Startup Cost": 0.0, "Total Cost": 69513.71, "Plan Rows": 10, "Plan Width": 71, "Inner Unique": true, "Plans": [{"Node Type": "Nested Loop", "Parent Relationship": "Outer", "Join Type": "Inner", "Startup Cost": 0.0, "Total Cost": 69510.91, "Plan Rows": 10, "Plan Width": 75, "Inner Unique": true, "Plans": [{"Node Type": "Nested Loop", "Parent Relationship": "Outer", "Join Type": "Inner", "Startup Cost": 0.0, "Total Cost": 69507.45, "Plan Rows": 12, "Plan Width": 79, "Inner Unique": false, "Plans": [{"Node Type": "Nested Loop", "Parent Relationship": "Outer", "Join Type": "Inner", "Startup Cost": 0.0, "Total Cost": 69505.25, "Plan Rows": 6, "Plan Width": 67, "Inner Unique": true, "Plans": [{"Node Type": "Nested Loop", "Parent Relationship": "Outer", "Join Type": "Inner", "Startup Cost": 0.0, "Total Cost": 69472.3, "Plan Rows": 4, "Plan Width": 46, "Inner Unique": true, "Plans": [{"Node Type": "Streaming(type: LOCAL GATHER dop: 1/64)", "Parent Relationship": "Outer", "Startup Cost": 0.0, "Total Cost": 69388.27, "Plan Rows": 255, "Plan Width": 50, "Plans": [{"Node Type": "Seq Scan", "Parent Relationship": "Outer", "Relation Name": "movie_info", "Alias": "mi", "Startup Cost": 0.0, "Total Cost": 69383.01, "Plan Rows": 255, "Plan Width": 50, "Filter": "((info IS NOT NULL) AND ((note)::text ~~ '%internet%'::text) AND (((info)::text ~~ 'USA:% 199%'::text) OR ((info)::text ~~ 'USA:% 200%'::text)))"}]}, {"Node Type": "Index Scan", "Parent Relationship": "Inner", "Scan Direction": "Forward", "Index Name": "info_type_pkey", "Relation Name": "info_type", "Alias": "it1", "Startup Cost": 0.0, "Total Cost": 0.32, "Plan Rows": 1, "Plan Width": 4, "Index Cond": "(id = mi.info_type_id)", "Filter": "((info)::text = 'release dates'::text)"}]}, {"Node Type": "Index Scan", "Parent Relationship": "Inner", "Scan Direction": "Forward", "Index Name": "title_pkey", "Relation Name": "title", "Alias": "t", "Startup Cost": 0.0, "Total Cost": 8.23, "Plan Rows": 1, "Plan Width": 21, "Index Cond": "(id = mi.movie_id)", "Filter": "(production_year > 1990)"}]}, {"Node Type": "Index Scan", "Parent Relationship": "Inner", "Scan Direction": "Forward", "Index Name": "movie_id_movie_companies", "Relation Name": "movie_companies", "Alias": "mc", "Startup Cost": 0.0, "Total Cost": 0.35, "Plan Rows": 2, "Plan Width": 12, "Index Cond": "(movie_id = t.id)"}]}, {"Node Type": "Index Scan", "Parent Relationship": "Inner", "Scan Direction": "Forward", "Index Name": "company_name_pkey", "Relation Name": "company_name", "Alias": "cn", "Startup Cost": 0.0, "Total Cost": 0.28, "Plan Rows": 1, "Plan Width": 4, "Index Cond": "(id = mc.company_id)", "Filter": "((country_code)::text = '[us]'::text)"}]}, {"Node Type": "Index Scan", "Parent Relationship": "Inner", "Scan Direction": "Forward", "Index Name": "company_type_pkey", "Relation Name": "company_type", "Alias": "ct", "Startup Cost": 0.0, "Total Cost": 0.27, "Plan Rows": 1, "Plan Width": 4, "Index Cond": "(id = mc.company_type_id)"}]}, {"Node Type": "Index Scan", "Parent Relationship": "Inner", "Scan Direction": "Forward", "Index Name": "movie_id_aka_title", "Relation Name": "aka_title", "Alias": "at", "Startup Cost": 0.0, "Total Cost": 0.33, "Plan Rows": 3, "Plan Width": 4, "Index Cond": "(movie_id = t.id)"}]}, {"Node Type": "Index Scan", "Parent Relationship": "Inner", "Scan Direction": "Forward", "Index Name": "movie_id_movie_keyword", "Relation Name": "movie_keyword", "Alias": "mk", "Startup Cost": 0.0, "Total Cost": 0.46, "Plan Rows": 8, "Plan Width": 8, "Index Cond": "(movie_id = mc.movie_id)"}]}, {"Node Type": "Index Scan", "Parent Relationship": "Inner", "Scan Direction": "Forward", "Index Name": "keyword_pkey", "Relation Name": "keyword", "Alias": "k", "Startup Cost": 0.0, "Total Cost": 0.27, "Plan Rows": 1, "Plan Width": 4, "Index Cond": "(id = mk.keyword_id)"}]}]}, "Unique SQL Id": 2846462052}, "explain_analyze_plan": {"Plan": {"Node Type": "Aggregate", "Strategy": "Plain", "Startup Cost": 69565.1, "Total Cost": 69565.11, "Plan Rows": 1, "Plan Width": 123, "Actual Min Startup Time": 230.445, "Actual Max Startup Time": 230.445, "Actual Min Total Time": 230.446, "Actual Max Total Time": 230.446, "Actual Total Rows": 1, "Plans": [{"Node Type": "Nested Loop", "Parent Relationship": "Outer", "Join Type": "Inner", "Startup Cost": 0.0, "Total Cost": 69564.44, "Plan Rows": 132, "Plan Width": 59, "Actual Min Startup Time": 150.113, "Actual Max Startup Time": 150.113, "Actual Min Total Time": 229.588, "Actual Max Total Time": 229.588, "Actual Total Rows": 1140, "Inner Unique": true, "Plans": [{"Node Type": "Nested Loop", "Parent Relationship": "Outer", "Join Type": "Inner", "Startup Cost": 0.0, "Total Cost": 69526.83, "Plan Rows": 134, "Plan Width": 63, "Actual Min Startup Time": 150.098, "Actual Max Startup Time": 150.098, "Actual Min Total Time": 223.811, "Actual Max Total Time": 223.811, "Actual Total Rows": 1140, "Inner Unique": false, "Join Filter": "(t.id = mk.movie_id)", "Rows Removed by Join Filter": 0, "Plans": [{"Node Type": "Nested Loop", "Parent Relationship": "Outer", "Join Type": "Inner", "Startup Cost": 0.0, "Total Cost": 69517.27, "Plan Rows": 17, "Plan Width": 75, "Actual Min Startup Time": 150.077, "Actual Max Startup Time": 150.077, "Actual Min Total Time": 221.849, "Actual Max Total Time": 221.849, "Actual Total Rows": 119, "Inner Unique": false, "Plans": [{"Node Type": "Nested Loop", "Parent Relationship": "Outer", "Join Type": "Inner", "Startup Cost": 0.0, "Total Cost": 69513.71, "Plan Rows": 10, "Plan Width": 71, "Actual Min Startup Time": 149.672, "Actual Max Startup Time": 149.672, "Actual Min Total Time": 215.842, "Actual Max Total Time": 215.842, "Actual Total Rows": 1488, "Inner Unique": true, "Plans": [{"Node Type": "Nested Loop", "Parent Relationship": "Outer", "Join Type": "Inner", "Startup Cost": 0.0, "Total Cost": 69510.91, "Plan Rows": 10, "Plan Width": 75, "Actual Min Startup Time": 149.61, "Actual Max Startup Time": 149.61, "Actual Min Total Time": 210.72, "Actual Max Total Time": 210.72, "Actual Total Rows": 2647, "Inner Unique": true, "Plans": [{"Node Type": "Nested Loop", "Parent Relationship": "Outer", "Join Type": "Inner", "Startup Cost": 0.0, "Total Cost": 69507.45, "Plan Rows": 12, "Plan Width": 79, "Actual Min Startup Time": 149.588, "Actual Max Startup Time": 149.588, "Actual Min Total Time": 193.386, "Actual Max Total Time": 193.386, "Actual Total Rows": 2884, "Inner Unique": false, "Plans": [{"Node Type": "Nested Loop", "Parent Relationship": "Outer", "Join Type": "Inner", "Startup Cost": 0.0, "Total Cost": 69505.25, "Plan Rows": 6, "Plan Width": 67, "Actual Min Startup Time": 149.57, "Actual Max Startup Time": 149.57, "Actual Min Total Time": 176.14, "Actual Max Total Time": 176.14, "Actual Total Rows": 1782, "Inner Unique": true, "Plans": [{"Node Type": "Nested Loop", "Parent Relationship": "Outer", "Join Type": "Inner", "Startup Cost": 0.0, "Total Cost": 69472.3, "Plan Rows": 4, "Plan Width": 46, "Actual Min Startup Time": 149.548, "Actual Max Startup Time": 149.548, "Actual Min Total Time": 161.162, "Actual Max Total Time": 161.162, "Actual Total Rows": 1783, "Inner Unique": true, "Plans": [{"Node Type": "Streaming(type: LOCAL GATHER dop: 1/64)", "Parent Relationship": "Outer", "Startup Cost": 0.0, "Total Cost": 69388.27, "Plan Rows": 255, "Plan Width": 50, "Actual Min Startup Time": 149.5, "Actual Max Startup Time": 149.5, "Actual Min Total Time": 155.945, "Actual Max Total Time": 155.945, "Actual Total Rows": 1783, "Plans": [{"Node Type": "Seq Scan", "Parent Relationship": "Outer", "Relation Name": "movie_info", "Alias": "mi", "Startup Cost": 0.0, "Total Cost": 69383.01, "Plan Rows": 255, "Plan Width": 50, "Actual Min Startup Time": 20.225, "Actual Max Startup Time": 28.466, "Actual Min Total Time": 71.766, "Actual Max Total Time": 84.462, "Actual Total Rows": 1783, "Filter": "((info IS NOT NULL) AND ((note)::text ~~ '%internet%'::text) AND (((info)::text ~~ 'USA:% 199%'::text) OR ((info)::text ~~ 'USA:% 200%'::text)))", "Rows Removed by Filter": 14833936}]}, {"Node Type": "Index Scan", "Parent Relationship": "Inner", "Scan Direction": "Forward", "Index Name": "info_type_pkey", "Relation Name": "info_type", "Alias": "it1", "Startup Cost": 0.0, "Total Cost": 0.32, "Plan Rows": 1, "Plan Width": 4, "Actual Min Startup Time": 3.3, "Actual Max Startup Time": 3.3, "Actual Min Total Time": 3.3, "Actual Max Total Time": 3.3, "Actual Total Rows": 1783, "Index Cond": "(id = mi.info_type_id)", "Rows Removed by Index Recheck": 0, "Filter": "((info)::text = 'release dates'::text)", "Rows Removed by Filter": 0}]}, {"Node Type": "Index Scan", "Parent Relationship": "Inner", "Scan Direction": "Forward", "Index Name": "title_pkey", "Relation Name": "title", "Alias": "t", "Startup Cost": 0.0, "Total Cost": 8.23, "Plan Rows": 1, "Plan Width": 21, "Actual Min Startup Time": 13.178, "Actual Max Startup Time": 13.178, "Actual Min Total Time": 13.178, "Actual Max Total Time": 13.178, "Actual Total Rows": 1782, "Index Cond": "(id = mi.movie_id)", "Rows Removed by Index Recheck": 0, "Filter": "(production_year > 1990)", "Rows Removed by Filter": 1}]}, {"Node Type": "Index Scan", "Parent Relationship": "Inner", "Scan Direction": "Forward", "Index Name": "movie_id_movie_companies", "Relation Name": "movie_companies", "Alias": "mc", "Startup Cost": 0.0, "Total Cost": 0.35, "Plan Rows": 2, "Plan Width": 12, "Actual Min Startup Time": 12.378, "Actual Max Startup Time": 12.378, "Actual Min Total Time": 15.473, "Actual Max Total Time": 15.473, "Actual Total Rows": 2884, "Index Cond": "(movie_id = t.id)", "Rows Removed by Index Recheck": 0}]}, {"Node Type": "Index Scan", "Parent Relationship": "Inner", "Scan Direction": "Forward", "Index Name": "company_name_pkey", "Relation Name": "company_name", "Alias": "cn", "Startup Cost": 0.0, "Total Cost": 0.28, "Plan Rows": 1, "Plan Width": 4, "Actual Min Startup Time": 14.879, "Actual Max Startup Time": 14.879, "Actual Min Total Time": 14.879, "Actual Max Total Time": 14.879, "Actual Total Rows": 2647, "Index Cond": "(id = mc.company_id)", "Rows Removed by Index Recheck": 0, "Filter": "((country_code)::text = '[us]'::text)", "Rows Removed by Filter": 237}]}, {"Node Type": "Index Scan", "Parent Relationship": "Inner", "Scan Direction": "Forward", "Index Name": "company_type_pkey", "Relation Name": "company_type", "Alias": "ct", "Startup Cost": 0.0, "Total Cost": 0.27, "Plan Rows": 1, "Plan Width": 4, "Actual Min Startup Time": 3.129, "Actual Max Startup Time": 3.129, "Actual Min Total Time": 3.129, "Actual Max Total Time": 3.129, "Actual Total Rows": 1488, "Index Cond": "(id = mc.company_type_id)", "Rows Removed by Index Recheck": 0}]}, {"Node Type": "Index Scan", "Parent Relationship": "Inner", "Scan Direction": "Forward", "Index Name": "movie_id_aka_title", "Relation Name": "aka_title", "Alias": "at", "Startup Cost": 0.0, "Total Cost": 0.33, "Plan Rows": 3, "Plan Width": 4, "Actual Min Startup Time": 5.06, "Actual Max Startup Time": 5.06, "Actual Min Total Time": 5.195, "Actual Max Total Time": 5.195, "Actual Total Rows": 119, "Index Cond": "(movie_id = t.id)", "Rows Removed by Index Recheck": 0}]}, {"Node Type": "Index Scan", "Parent Relationship": "Inner", "Scan Direction": "Forward", "Index Name": "movie_id_movie_keyword", "Relation Name": "movie_keyword", "Alias": "mk", "Startup Cost": 0.0, "Total Cost": 0.46, "Plan Rows": 8, "Plan Width": 8, "Actual Min Startup Time": 0.866, "Actual Max Startup Time": 0.866, "Actual Min Total Time": 1.386, "Actual Max Total Time": 1.386, "Actual Total Rows": 1140, "Index Cond": "(movie_id = mc.movie_id)", "Rows Removed by Index Recheck": 0}]}, {"Node Type": "Index Scan", "Parent Relationship": "Inner", "Scan Direction": "Forward", "Index Name": "keyword_pkey", "Relation Name": "keyword", "Alias": "k", "Startup Cost": 0.0, "Total Cost": 0.27, "Plan Rows": 1, "Plan Width": 4, "Actual Min Startup Time": 4.858, "Actual Max Startup Time": 4.858, "Actual Min Total Time": 4.858, "Actual Max Total Time": 4.858, "Actual Total Rows": 1140, "Index Cond": "(id = mk.keyword_id)", "Rows Removed by Index Recheck": 0}]}]}, "Triggers": [], "Planner Runtime": 118.725, "Total Runtime": 243.429, "Unique SQL Id": 2846462052}}, "(64, 101)": {"explain_plan": {"Plan": {"Node Type": "Aggregate", "Strategy": "Plain", "Startup Cost": 165048.9, "Total Cost": 165048.91, "Plan Rows": 1, "Plan Width": 123, "Plans": [{"Node Type": "Nested Loop", "Parent Relationship": "Outer", "Join Type": "Inner", "Startup Cost": 4841.46, "Total Cost": 165048.24, "Plan Rows": 132, "Plan Width": 59, "Inner Unique": true, "Plans": [{"Node Type": "Nested Loop", "Parent Relationship": "Outer", "Join Type": "Inner", "Startup Cost": 4841.46, "Total Cost": 165010.63, "Plan Rows": 134, "Plan Width": 63, "Inner Unique": false, "Join Filter": "(t.id = mk.movie_id)", "Plans": [{"Node Type": "Nested Loop", "Parent Relationship": "Outer", "Join Type": "Inner", "Startup Cost": 4841.46, "Total Cost": 165001.07, "Plan Rows": 17, "Plan Width": 75, "Inner Unique": false, "Plans": [{"Node Type": "Nested Loop", "Parent Relationship": "Outer", "Join Type": "Inner", "Startup Cost": 4841.46, "Total Cost": 164997.5, "Plan Rows": 10, "Plan Width": 71, "Inner Unique": true, "Plans": [{"Node Type": "Nested Loop", "Parent Relationship": "Outer", "Join Type": "Inner", "Startup Cost": 4841.46, "Total Cost": 164994.7, "Plan Rows": 10, "Plan Width": 75, "Inner Unique": true, "Plans": [{"Node Type": "Nested Loop", "Parent Relationship": "Outer", "Join Type": "Inner", "Startup Cost": 4841.46, "Total Cost": 164991.25, "Plan Rows": 12, "Plan Width": 79, "Inner Unique": false, "Plans": [{"Node Type": "Nested Loop", "Parent Relationship": "Outer", "Join Type": "Inner", "Startup Cost": 4841.46, "Total Cost": 164989.04, "Plan Rows": 6, "Plan Width": 67, "Inner Unique": true, "Plans": [{"Node Type": "Nested Loop", "Parent Relationship": "Outer", "Join Type": "Inner", "Startup Cost": 4841.46, "Total Cost": 164956.1, "Plan Rows": 4, "Plan Width": 46, "Inner Unique": false, "Plans": [{"Node Type": "Index Scan", "Parent Relationship": "Outer", "Scan Direction": "Forward", "Index Name": "info_type_pkey", "Relation Name": "info_type", "Alias": "it1", "Startup Cost": 0.0, "Total Cost": 14.21, "Plan Rows": 1, "Plan Width": 4, "Filter": "((info)::text = 'release dates'::text)"}, {"Node Type": "Bitmap Heap Scan", "Parent Relationship": "Inner", "Relation Name": "movie_info", "Alias": "mi", "Startup Cost": 4841.46, "Total Cost": 164941.85, "Plan Rows": 4, "Plan Width": 50, "Recheck Cond": "(info_type_id = it1.id)", "Filter": "((info IS NOT NULL) AND ((note)::text ~~ '%internet%'::text) AND (((info)::text ~~ 'USA:% 199%'::text) OR ((info)::text ~~ 'USA:% 200%'::text)))", "Plans": [{"Node Type": "Bitmap Index Scan", "Parent Relationship": "Outer", "Index Name": "info_type_id_movie_info", "Startup Cost": 0.0, "Total Cost": 4841.46, "Plan Rows": 212428, "Plan Width": 0, "Index Cond": "(info_type_id = it1.id)"}]}]}, {"Node Type": "Index Scan", "Parent Relationship": "Inner", "Scan Direction": "Forward", "Index Name": "title_pkey", "Relation Name": "title", "Alias": "t", "Startup Cost": 0.0, "Total Cost": 8.23, "Plan Rows": 1, "Plan Width": 21, "Index Cond": "(id = mi.movie_id)", "Filter": "(production_year > 1990)"}]}, {"Node Type": "Index Scan", "Parent Relationship": "Inner", "Scan Direction": "Forward", "Index Name": "movie_id_movie_companies", "Relation Name": "movie_companies", "Alias": "mc", "Startup Cost": 0.0, "Total Cost": 0.35, "Plan Rows": 2, "Plan Width": 12, "Index Cond": "(movie_id = t.id)"}]}, {"Node Type": "Index Scan", "Parent Relationship": "Inner", "Scan Direction": "Forward", "Index Name": "company_name_pkey", "Relation Name": "company_name", "Alias": "cn", "Startup Cost": 0.0, "Total Cost": 0.28, "Plan Rows": 1, "Plan Width": 4, "Index Cond": "(id = mc.company_id)", "Filter": "((country_code)::text = '[us]'::text)"}]}, {"Node Type": "Index Scan", "Parent Relationship": "Inner", "Scan Direction": "Forward", "Index Name": "company_type_pkey", "Relation Name": "company_type", "Alias": "ct", "Startup Cost": 0.0, "Total Cost": 0.27, "Plan Rows": 1, "Plan Width": 4, "Index Cond": "(id = mc.company_type_id)"}]}, {"Node Type": "Index Scan", "Parent Relationship": "Inner", "Scan Direction": "Forward", "Index Name": "movie_id_aka_title", "Relation Name": "aka_title", "Alias": "at", "Startup Cost": 0.0, "Total Cost": 0.33, "Plan Rows": 3, "Plan Width": 4, "Index Cond": "(movie_id = t.id)"}]}, {"Node Type": "Index Scan", "Parent Relationship": "Inner", "Scan Direction": "Forward", "Index Name": "movie_id_movie_keyword", "Relation Name": "movie_keyword", "Alias": "mk", "Startup Cost": 0.0, "Total Cost": 0.46, "Plan Rows": 8, "Plan Width": 8, "Index Cond": "(movie_id = mc.movie_id)"}]}, {"Node Type": "Index Scan", "Parent Relationship": "Inner", "Scan Direction": "Forward", "Index Name": "keyword_pkey", "Relation Name": "keyword", "Alias": "k", "Startup Cost": 0.0, "Total Cost": 0.27, "Plan Rows": 1, "Plan Width": 4, "Index Cond": "(id = mk.keyword_id)"}]}]}, "Unique SQL Id": 2846462052}, "explain_analyze_plan": null}, "(64, 102)": {"explain_plan": {"Plan": {"Node Type": "Aggregate", "Strategy": "Plain", "Startup Cost": 70509.26, "Total Cost": 70509.27, "Plan Rows": 1, "Plan Width": 123, "Plans": [{"Node Type": "Nested Loop", "Parent Relationship": "Outer", "Join Type": "Inner", "Startup Cost": 7.95, "Total Cost": 70508.6, "Plan Rows": 132, "Plan Width": 59, "Inner Unique": true, "Join Filter": "(at.movie_id = t.id)", "Plans": [{"Node Type": "Nested Loop", "Parent Relationship": "Outer", "Join Type": "Inner", "Startup Cost": 7.68, "Total Cost": 70100.73, "Plan Rows": 95, "Plan Width": 58, "Inner Unique": true, "Plans": [{"Node Type": "Nested Loop", "Parent Relationship": "Outer", "Join Type": "Inner", "Startup Cost": 7.43, "Total Cost": 69685.54, "Plan Rows": 97, "Plan Width": 62, "Inner Unique": false, "Join Filter": "(at.movie_id = mk.movie_id)", "Plans": [{"Node Type": "Nested Loop", "Parent Relationship": "Outer", "Join Type": "Inner", "Startup Cost": 7.09, "Total Cost": 69631.09, "Plan Rows": 12, "Plan Width": 54, "Inner Unique": true, "Plans": [{"Node Type": "Nested Loop", "Parent Relationship": "Outer", "Join Type": "Inner", "Startup Cost": 6.83, "Total Cost": 69579.72, "Plan Rows": 12, "Plan Width": 58, "Inner Unique": true, "Plans": [{"Node Type": "Nested Loop", "Parent Relationship": "Outer", "Join Type": "Inner", "Startup Cost": 6.57, "Total Cost": 69494.05, "Plan Rows": 20, "Plan Width": 62, "Inner Unique": false, "Plans": [{"Node Type": "Nested Loop", "Parent Relationship": "Outer", "Join Type": "Inner", "Startup Cost": 6.2, "Total Cost": 69454.31, "Plan Rows": 9, "Plan Width": 50, "Inner Unique": false, "Plans": [{"Node Type": "Hash Join", "Parent Relationship": "Outer", "Join Type": "Inner", "Startup Cost": 2.41, "Total Cost": 69391.68, "Plan Rows": 4, "Plan Width": 46, "Inner Unique": true, "Hash Cond": "(mi.info_type_id = it1.id)", "Plans": [{"Node Type": "Streaming(type: LOCAL GATHER dop: 1/64)", "Parent Relationship": "Outer", "Startup Cost": 0.0, "Total Cost": 69388.27, "Plan Rows": 255, "Plan Width": 50, "Plans": [{"Node Type": "Seq Scan", "Parent Relationship": "Outer", "Relation Name": "movie_info", "Alias": "mi", "Startup Cost": 0.0, "Total Cost": 69383.01, "Plan Rows": 255, "Plan Width": 50, "Filter": "((info IS NOT NULL) AND ((note)::text ~~ '%internet%'::text) AND (((info)::text ~~ 'USA:% 199%'::text) OR ((info)::text ~~ 'USA:% 200%'::text)))"}]}, {"Node Type": "Hash", "Parent Relationship": "Inner", "Startup Cost": 2.4, "Total Cost": 2.4, "Plan Rows": 1, "Plan Width": 4, "Plans": [{"Node Type": "Seq Scan", "Parent Relationship": "Outer", "Relation Name": "info_type", "Alias": "it1", "Startup Cost": 0.0, "Total Cost": 2.4, "Plan Rows": 1, "Plan Width": 4, "Filter": "((info)::text = 'release dates'::text)"}]}]}, {"Node Type": "Bitmap Heap Scan", "Parent Relationship": "Inner", "Relation Name": "aka_title", "Alias": "at", "Startup Cost": 3.79, "Total Cost": 15.63, "Plan Rows": 3, "Plan Width": 4, "Recheck Cond": "(movie_id = mi.movie_id)", "Plans": [{"Node Type": "Bitmap Index Scan", "Parent Relationship": "Outer", "Index Name": "movie_id_aka_title", "Startup Cost": 0.0, "Total Cost": 3.79, "Plan Rows": 3, "Plan Width": 0, "Index Cond": "(movie_id = mi.movie_id)"}]}]}, {"Node Type": "Bitmap Heap Scan", "Parent Relationship": "Inner", "Relation Name": "movie_companies", "Alias": "mc", "Startup Cost": 0.37, "Total Cost": 4.4, "Plan Rows": 2, "Plan Width": 12, "Recheck Cond": "(movie_id = at.movie_id)", "Plans": [{"Node Type": "Bitmap Index Scan", "Parent Relationship": "Outer", "Index Name": "movie_id_movie_companies", "Startup Cost": 0.0, "Total Cost": 0.37, "Plan Rows": 2, "Plan Width": 0, "Index Cond": "(movie_id = at.movie_id)"}]}]}, {"Node Type": "Bitmap Heap Scan", "Parent Relationship": "Inner", "Relation Name": "company_name", "Alias": "cn", "Startup Cost": 0.26, "Total Cost": 4.27, "Plan Rows": 1, "Plan Width": 4, "Recheck Cond": "(id = mc.company_id)", "Filter": "((country_code)::text = '[us]'::text)", "Plans": [{"Node Type": "Bitmap Index Scan", "Parent Relationship": "Outer", "Index Name": "company_name_pkey", "Startup Cost": 0.0, "Total Cost": 0.26, "Plan Rows": 1, "Plan Width": 0, "Index Cond": "(id = mc.company_id)"}]}]}, {"Node Type": "Bitmap Heap Scan", "Parent Relationship": "Inner", "Relation Name": "company_type", "Alias": "ct", "Startup Cost": 0.26, "Total Cost": 4.27, "Plan Rows": 1, "Plan Width": 4, "Recheck Cond": "(id = mc.company_type_id)", "Plans": [{"Node Type": "Bitmap Index Scan", "Parent Relationship": "Outer", "Index Name": "company_type_pkey", "Startup Cost": 0.0, "Total Cost": 0.26, "Plan Rows": 1, "Plan Width": 0, "Index Cond": "(id = mc.company_type_id)"}]}]}, {"Node Type": "Bitmap Heap Scan", "Parent Relationship": "Inner", "Relation Name": "movie_keyword", "Alias": "mk", "Startup Cost": 0.34, "Total Cost": 4.44, "Plan Rows": 8, "Plan Width": 8, "Recheck Cond": "(movie_id = mc.movie_id)", "Plans": [{"Node Type": "Bitmap Index Scan", "Parent Relationship": "Outer", "Index Name": "movie_id_movie_keyword", "Startup Cost": 0.0, "Total Cost": 0.34, "Plan Rows": 8, "Plan Width": 0, "Index Cond": "(movie_id = mc.movie_id)"}]}]}, {"Node Type": "Bitmap Heap Scan", "Parent Relationship": "Inner", "Relation Name": "keyword", "Alias": "k", "Startup Cost": 0.26, "Total Cost": 4.27, "Plan Rows": 1, "Plan Width": 4, "Recheck Cond": "(id = mk.keyword_id)", "Plans": [{"Node Type": "Bitmap Index Scan", "Parent Relationship": "Outer", "Index Name": "keyword_pkey", "Startup Cost": 0.0, "Total Cost": 0.26, "Plan Rows": 1, "Plan Width": 0, "Index Cond": "(id = mk.keyword_id)"}]}]}, {"Node Type": "Bitmap Heap Scan", "Parent Relationship": "Inner", "Relation Name": "title", "Alias": "t", "Startup Cost": 0.27, "Total Cost": 4.28, "Plan Rows": 1, "Plan Width": 21, "Recheck Cond": "(id = mk.movie_id)", "Filter": "(production_year > 1990)", "Plans": [{"Node Type": "Bitmap Index Scan", "Parent Relationship": "Outer", "Index Name": "title_pkey", "Startup Cost": 0.0, "Total Cost": 0.27, "Plan Rows": 1, "Plan Width": 0, "Index Cond": "(id = mk.movie_id)"}]}]}]}, "Unique SQL Id": 2846462052}, "explain_analyze_plan": {"Plan": {"Node Type": "Aggregate", "Strategy": "Plain", "Startup Cost": 70509.26, "Total Cost": 70509.27, "Plan Rows": 1, "Plan Width": 123, "Actual Min Startup Time": 262.617, "Actual Max Startup Time": 262.617, "Actual Min Total Time": 262.617, "Actual Max Total Time": 262.617, "Actual Total Rows": 1, "Plans": [{"Node Type": "Nested Loop", "Parent Relationship": "Outer", "Join Type": "Inner", "Startup Cost": 7.95, "Total Cost": 70508.6, "Plan Rows": 132, "Plan Width": 59, "Actual Min Startup Time": 215.839, "Actual Max Startup Time": 215.839, "Actual Min Total Time": 261.615, "Actual Max Total Time": 261.615, "Actual Total Rows": 1140, "Inner Unique": true, "Join Filter": "(at.movie_id = t.id)", "Rows Removed by Join Filter": 0, "Plans": [{"Node Type": "Nested Loop", "Parent Relationship": "Outer", "Join Type": "Inner", "Startup Cost": 7.68, "Total Cost": 70100.73, "Plan Rows": 95, "Plan Width": 58, "Actual Min Startup Time": 215.77, "Actual Max Startup Time": 215.77, "Actual Min Total Time": 255.013, "Actual Max Total Time": 255.013, "Actual Total Rows": 1140, "Inner Unique": true, "Plans": [{"Node Type": "Nested Loop", "Parent Relationship": "Outer", "Join Type": "Inner", "Startup Cost": 7.43, "Total Cost": 69685.54, "Plan Rows": 97, "Plan Width": 62, "Actual Min Startup Time": 215.737, "Actual Max Startup Time": 215.737, "Actual Min Total Time": 246.63, "Actual Max Total Time": 246.63, "Actual Total Rows": 1140, "Inner Unique": false, "Join Filter": "(at.movie_id = mk.movie_id)", "Rows Removed by Join Filter": 0, "Plans": [{"Node Type": "Nested Loop", "Parent Relationship": "Outer", "Join Type": "Inner", "Startup Cost": 7.09, "Total Cost": 69631.09, "Plan Rows": 12, "Plan Width": 54, "Actual Min Startup Time": 203.173, "Actual Max Startup Time": 203.173, "Actual Min Total Time": 244.519, "Actual Max Total Time": 244.519, "Actual Total Rows": 119, "Inner Unique": true, "Plans": [{"Node Type": "Nested Loop", "Parent Relationship": "Outer", "Join Type": "Inner", "Startup Cost": 6.83, "Total Cost": 69579.72, "Plan Rows": 12, "Plan Width": 58, "Actual Min Startup Time": 203.121, "Actual Max Startup Time": 203.121, "Actual Min Total Time": 243.521, "Actual Max Total Time": 243.521, "Actual Total Rows": 284, "Inner Unique": true, "Plans": [{"Node Type": "Nested Loop", "Parent Relationship": "Outer", "Join Type": "Inner", "Startup Cost": 6.57, "Total Cost": 69494.05, "Plan Rows": 20, "Plan Width": 62, "Actual Min Startup Time": 203.084, "Actual Max Startup Time": 203.084, "Actual Min Total Time": 240.206, "Actual Max Total Time": 240.206, "Actual Total Rows": 400, "Inner Unique": false, "Plans": [{"Node Type": "Nested Loop", "Parent Relationship": "Outer", "Join Type": "Inner", "Startup Cost": 6.2, "Total Cost": 69454.31, "Plan Rows": 9, "Plan Width": 50, "Actual Min Startup Time": 203.047, "Actual Max Startup Time": 203.047, "Actual Min Total Time": 238.255, "Actual Max Total Time": 238.255, "Actual Total Rows": 120, "Inner Unique": false, "Plans": [{"Node Type": "Hash Join", "Parent Relationship": "Outer", "Join Type": "Inner", "Startup Cost": 2.41, "Total Cost": 69391.68, "Plan Rows": 4, "Plan Width": 46, "Actual Min Startup Time": 202.534, "Actual Max Startup Time": 202.534, "Actual Min Total Time": 228.666, "Actual Max Total Time": 228.666, "Actual Total Rows": 1783, "Inner Unique": true, "Hash Cond": "(mi.info_type_id = it1.id)", "Plans": [{"Node Type": "Streaming(type: LOCAL GATHER dop: 1/64)", "Parent Relationship": "Outer", "Startup Cost": 0.0, "Total Cost": 69388.27, "Plan Rows": 255, "Plan Width": 50, "Actual Min Startup Time": 202.33, "Actual Max Startup Time": 202.33, "Actual Min Total Time": 227.281, "Actual Max Total Time": 227.281, "Actual Total Rows": 1783, "Plans": [{"Node Type": "Seq Scan", "Parent Relationship": "Outer", "Relation Name": "movie_info", "Alias": "mi", "Startup Cost": 0.0, "Total Cost": 69383.01, "Plan Rows": 255, "Plan Width": 50, "Actual Min Startup Time": 20.831, "Actual Max Startup Time": 29.366, "Actual Min Total Time": 72.418, "Actual Max Total Time": 85.642, "Actual Total Rows": 1783, "Filter": "((info IS NOT NULL) AND ((note)::text ~~ '%internet%'::text) AND (((info)::text ~~ 'USA:% 199%'::text) OR ((info)::text ~~ 'USA:% 200%'::text)))", "Rows Removed by Filter": 14833936}]}, {"Node Type": "Hash", "Parent Relationship": "Inner", "Startup Cost": 2.4, "Total Cost": 2.4, "Plan Rows": 1, "Plan Width": 4, "Actual Min Startup Time": 0.115, "Actual Max Startup Time": 0.115, "Actual Min Total Time": 0.115, "Actual Max Total Time": 0.115, "Actual Total Rows": 1, "Max Hash Buckets": 32768, "Min Hash Buckets": 32768, "Max Hash Batches": 1, "Min Hash Batches": 1, "Max Original Hash Batches": 1, "Min Original Hash Batches": 1, "Max Peak Memory Usage": 1, "min Peak Memory Usage": 1, "Plans": [{"Node Type": "Seq Scan", "Parent Relationship": "Outer", "Relation Name": "info_type", "Alias": "it1", "Startup Cost": 0.0, "Total Cost": 2.4, "Plan Rows": 1, "Plan Width": 4, "Actual Min Startup Time": 0.075, "Actual Max Startup Time": 0.075, "Actual Min Total Time": 0.097, "Actual Max Total Time": 0.097, "Actual Total Rows": 1, "Filter": "((info)::text = 'release dates'::text)", "Rows Removed by Filter": 111}]}]}, {"Node Type": "Bitmap Heap Scan", "Parent Relationship": "Inner", "Relation Name": "aka_title", "Alias": "at", "Startup Cost": 3.79, "Total Cost": 15.63, "Plan Rows": 3, "Plan Width": 4, "Actual Min Startup Time": 7.409, "Actual Max Startup Time": 7.409, "Actual Min Total Time": 7.552, "Actual Max Total Time": 7.552, "Actual Total Rows": 120, "Recheck Cond": "(movie_id = mi.movie_id)", "Rows Removed by Index Recheck": 0, "Exact Heap Blocks": 120, "Lossy Heap Blocks": 120, "Plans": [{"Node Type": "Bitmap Index Scan", "Parent Relationship": "Outer", "Index Name": "movie_id_aka_title", "Startup Cost": 0.0, "Total Cost": 3.79, "Plan Rows": 3, "Plan Width": 0, "Actual Min Startup Time": 6.157, "Actual Max Startup Time": 6.157, "Actual Min Total Time": 6.157, "Actual Max Total Time": 6.157, "Actual Total Rows": 120, "Index Cond": "(movie_id = mi.movie_id)"}]}]}, {"Node Type": "Bitmap Heap Scan", "Parent Relationship": "Inner", "Relation Name": "movie_companies", "Alias": "mc", "Startup Cost": 0.37, "Total Cost": 4.4, "Plan Rows": 2, "Plan Width": 12, "Actual Min Startup Time": 1.344, "Actual Max Startup Time": 1.344, "Actual Min Total Time": 1.628, "Actual Max Total Time": 1.628, "Actual Total Rows": 400, "Recheck Cond": "(movie_id = at.movie_id)", "Rows Removed by Index Recheck": 0, "Exact Heap Blocks": 214, "Lossy Heap Blocks": 214, "Plans": [{"Node Type": "Bitmap Index Scan", "Parent Relationship": "Outer", "Index Name": "movie_id_movie_companies", "Startup Cost": 0.0, "Total Cost": 0.37, "Plan Rows": 2, "Plan Width": 0, "Actual Min Startup Time": 0.818, "Actual Max Startup Time": 0.818, "Actual Min Total Time": 0.818, "Actual Max Total Time": 0.818, "Actual Total Rows": 400, "Index Cond": "(movie_id = at.movie_id)"}]}]}, {"Node Type": "Bitmap Heap Scan", "Parent Relationship": "Inner", "Relation Name": "company_name", "Alias": "cn", "Startup Cost": 0.26, "Total Cost": 4.27, "Plan Rows": 1, "Plan Width": 4, "Actual Min Startup Time": 2.732, "Actual Max Startup Time": 2.732, "Actual Min Total Time": 2.732, "Actual Max Total Time": 2.732, "Actual Total Rows": 284, "Recheck Cond": "(id = mc.company_id)", "Rows Removed by Index Recheck": 0, "Filter": "((country_code)::text = '[us]'::text)", "Rows Removed by Filter": 116, "Exact Heap Blocks": 400, "Lossy Heap Blocks": 400, "Plans": [{"Node Type": "Bitmap Index Scan", "Parent Relationship": "Outer", "Index Name": "company_name_pkey", "Startup Cost": 0.0, "Total Cost": 0.26, "Plan Rows": 1, "Plan Width": 0, "Actual Min Startup Time": 1.52, "Actual Max Startup Time": 1.52, "Actual Min Total Time": 1.52, "Actual Max Total Time": 1.52, "Actual Total Rows": 400, "Index Cond": "(id = mc.company_id)"}]}]}, {"Node Type": "Bitmap Heap Scan", "Parent Relationship": "Inner", "Relation Name": "company_type", "Alias": "ct", "Startup Cost": 0.26, "Total Cost": 4.27, "Plan Rows": 1, "Plan Width": 4, "Actual Min Startup Time": 0.56, "Actual Max Startup Time": 0.56, "Actual Min Total Time": 0.56, "Actual Max Total Time": 0.56, "Actual Total Rows": 119, "Recheck Cond": "(id = mc.company_type_id)", "Rows Removed by Index Recheck": 0, "Exact Heap Blocks": 119, "Lossy Heap Blocks": 119, "Plans": [{"Node Type": "Bitmap Index Scan", "Parent Relationship": "Outer", "Index Name": "company_type_pkey", "Startup Cost": 0.0, "Total Cost": 0.26, "Plan Rows": 1, "Plan Width": 0, "Actual Min Startup Time": 0.279, "Actual Max Startup Time": 0.279, "Actual Min Total Time": 0.279, "Actual Max Total Time": 0.279, "Actual Total Rows": 119, "Index Cond": "(id = mc.company_type_id)"}]}]}, {"Node Type": "Bitmap Heap Scan", "Parent Relationship": "Inner", "Relation Name": "movie_keyword", "Alias": "mk", "Startup Cost": 0.34, "Total Cost": 4.44, "Plan Rows": 8, "Plan Width": 8, "Actual Min Startup Time": 1.257, "Actual Max Startup Time": 1.257, "Actual Min Total Time": 1.47, "Actual Max Total Time": 1.47, "Actual Total Rows": 1140, "Recheck Cond": "(movie_id = mc.movie_id)", "Rows Removed by Index Recheck": 0, "Exact Heap Blocks": 91, "Lossy Heap Blocks": 91, "Plans": [{"Node Type": "Bitmap Index Scan", "Parent Relationship": "Outer", "Index Name": "movie_id_movie_keyword", "Startup Cost": 0.0, "Total Cost": 0.34, "Plan Rows": 8, "Plan Width": 0, "Actual Min Startup Time": 0.848, "Actual Max Startup Time": 0.848, "Actual Min Total Time": 0.848, "Actual Max Total Time": 0.848, "Actual Total Rows": 1140, "Index Cond": "(movie_id = mc.movie_id)"}]}]}, {"Node Type": "Bitmap Heap Scan", "Parent Relationship": "Inner", "Relation Name": "keyword", "Alias": "k", "Startup Cost": 0.26, "Total Cost": 4.27, "Plan Rows": 1, "Plan Width": 4, "Actual Min Startup Time": 6.713, "Actual Max Startup Time": 6.713, "Actual Min Total Time": 6.713, "Actual Max Total Time": 6.713, "Actual Total Rows": 1140, "Recheck Cond": "(id = mk.keyword_id)", "Rows Removed by Index Recheck": 0, "Exact Heap Blocks": 1140, "Lossy Heap Blocks": 1140, "Plans": [{"Node Type": "Bitmap Index Scan", "Parent Relationship": "Outer", "Index Name": "keyword_pkey", "Startup Cost": 0.0, "Total Cost": 0.26, "Plan Rows": 1, "Plan Width": 0, "Actual Min Startup Time": 4.12, "Actual Max Startup Time": 4.12, "Actual Min Total Time": 4.12, "Actual Max Total Time": 4.12, "Actual Total Rows": 1140, "Index Cond": "(id = mk.keyword_id)"}]}]}, {"Node Type": "Bitmap Heap Scan", "Parent Relationship": "Inner", "Relation Name": "title", "Alias": "t", "Startup Cost": 0.27, "Total Cost": 4.28, "Plan Rows": 1, "Plan Width": 21, "Actual Min Startup Time": 4.878, "Actual Max Startup Time": 4.878, "Actual Min Total Time": 4.878, "Actual Max Total Time": 4.878, "Actual Total Rows": 1140, "Recheck Cond": "(id = mk.movie_id)", "Rows Removed by Index Recheck": 0, "Filter": "(production_year > 1990)", "Rows Removed by Filter": 0, "Exact Heap Blocks": 1140, "Lossy Heap Blocks": 1140, "Plans": [{"Node Type": "Bitmap Index Scan", "Parent Relationship": "Outer", "Index Name": "title_pkey", "Startup Cost": 0.0, "Total Cost": 0.27, "Plan Rows": 1, "Plan Width": 0, "Actual Min Startup Time": 2.934, "Actual Max Startup Time": 2.934, "Actual Min Total Time": 2.934, "Actual Max Total Time": 2.934, "Actual Total Rows": 1140, "Index Cond": "(id = mk.movie_id)"}]}]}]}, "Triggers": [], "Planner Runtime": 154.868, "Total Runtime": 275.671, "Unique SQL Id": 2846462052}}, "(64, 103)": {"explain_plan": {"Plan": {"Node Type": "Aggregate", "Strategy": "Plain", "Startup Cost": 166073.69, "Total Cost": 166073.7, "Plan Rows": 1, "Plan Width": 123, "Plans": [{"Node Type": "Nested Loop", "Parent Relationship": "Outer", "Join Type": "Inner", "Startup Cost": 4855.81, "Total Cost": 166073.03, "Plan Rows": 132, "Plan Width": 59, "Inner Unique": true, "Join Filter": "(at.movie_id = t.id)", "Plans": [{"Node Type": "Nested Loop", "Parent Relationship": "Outer", "Join Type": "Inner", "Startup Cost": 4855.54, "Total Cost": 165665.15, "Plan Rows": 95, "Plan Width": 58, "Inner Unique": true, "Plans": [{"Node Type": "Nested Loop", "Parent Relationship": "Outer", "Join Type": "Inner", "Startup Cost": 4855.28, "Total Cost": 165249.97, "Plan Rows": 97, "Plan Width": 62, "Inner Unique": false, "Join Filter": "(at.movie_id = mk.movie_id)", "Plans": [{"Node Type": "Nested Loop", "Parent Relationship": "Outer", "Join Type": "Inner", "Startup Cost": 4854.95, "Total Cost": 165195.51, "Plan Rows": 12, "Plan Width": 54, "Inner Unique": true, "Plans": [{"Node Type": "Nested Loop", "Parent Relationship": "Outer", "Join Type": "Inner", "Startup Cost": 4854.69, "Total Cost": 165144.15, "Plan Rows": 12, "Plan Width": 58, "Inner Unique": true, "Plans": [{"Node Type": "Nested Loop", "Parent Relationship": "Outer", "Join Type": "Inner", "Startup Cost": 4854.43, "Total Cost": 165058.48, "Plan Rows": 20, "Plan Width": 62, "Inner Unique": false, "Plans": [{"Node Type": "Nested Loop", "Parent Relationship": "Outer", "Join Type": "Inner", "Startup Cost": 4854.06, "Total Cost": 165018.73, "Plan Rows": 9, "Plan Width": 50, "Inner Unique": false, "Plans": [{"Node Type": "Nested Loop", "Parent Relationship": "Outer", "Join Type": "Inner", "Startup Cost": 4850.27, "Total Cost": 164956.1, "Plan Rows": 4, "Plan Width": 46, "Inner Unique": false, "Plans": [{"Node Type": "Bitmap Heap Scan", "Parent Relationship": "Outer", "Relation Name": "info_type", "Alias": "it1", "Startup Cost": 8.81, "Total Cost": 14.21, "Plan Rows": 1, "Plan Width": 4, "Filter": "((info)::text = 'release dates'::text)", "Plans": [{"Node Type": "Bitmap Index Scan", "Parent Relationship": "Outer", "Index Name": "info_type_pkey", "Startup Cost": 0.0, "Total Cost": 8.81, "Plan Rows": 112, "Plan Width": 0}]}, {"Node Type": "Bitmap Heap Scan", "Parent Relationship": "Inner", "Relation Name": "movie_info", "Alias": "mi", "Startup Cost": 4841.46, "Total Cost": 164941.85, "Plan Rows": 4, "Plan Width": 50, "Recheck Cond": "(info_type_id = it1.id)", "Filter": "((info IS NOT NULL) AND ((note)::text ~~ '%internet%'::text) AND (((info)::text ~~ 'USA:% 199%'::text) OR ((info)::text ~~ 'USA:% 200%'::text)))", "Plans": [{"Node Type": "Bitmap Index Scan", "Parent Relationship": "Outer", "Index Name": "info_type_id_movie_info", "Startup Cost": 0.0, "Total Cost": 4841.46, "Plan Rows": 212428, "Plan Width": 0, "Index Cond": "(info_type_id = it1.id)"}]}]}, {"Node Type": "Bitmap Heap Scan", "Parent Relationship": "Inner", "Relation Name": "aka_title", "Alias": "at", "Startup Cost": 3.79, "Total Cost": 15.63, "Plan Rows": 3, "Plan Width": 4, "Recheck Cond": "(movie_id = mi.movie_id)", "Plans": [{"Node Type": "Bitmap Index Scan", "Parent Relationship": "Outer", "Index Name": "movie_id_aka_title", "Startup Cost": 0.0, "Total Cost": 3.79, "Plan Rows": 3, "Plan Width": 0, "Index Cond": "(movie_id = mi.movie_id)"}]}]}, {"Node Type": "Bitmap Heap Scan", "Parent Relationship": "Inner", "Relation Name": "movie_companies", "Alias": "mc", "Startup Cost": 0.37, "Total Cost": 4.4, "Plan Rows": 2, "Plan Width": 12, "Recheck Cond": "(movie_id = at.movie_id)", "Plans": [{"Node Type": "Bitmap Index Scan", "Parent Relationship": "Outer", "Index Name": "movie_id_movie_companies", "Startup Cost": 0.0, "Total Cost": 0.37, "Plan Rows": 2, "Plan Width": 0, "Index Cond": "(movie_id = at.movie_id)"}]}]}, {"Node Type": "Bitmap Heap Scan", "Parent Relationship": "Inner", "Relation Name": "company_name", "Alias": "cn", "Startup Cost": 0.26, "Total Cost": 4.27, "Plan Rows": 1, "Plan Width": 4, "Recheck Cond": "(id = mc.company_id)", "Filter": "((country_code)::text = '[us]'::text)", "Plans": [{"Node Type": "Bitmap Index Scan", "Parent Relationship": "Outer", "Index Name": "company_name_pkey", "Startup Cost": 0.0, "Total Cost": 0.26, "Plan Rows": 1, "Plan Width": 0, "Index Cond": "(id = mc.company_id)"}]}]}, {"Node Type": "Bitmap Heap Scan", "Parent Relationship": "Inner", "Relation Name": "company_type", "Alias": "ct", "Startup Cost": 0.26, "Total Cost": 4.27, "Plan Rows": 1, "Plan Width": 4, "Recheck Cond": "(id = mc.company_type_id)", "Plans": [{"Node Type": "Bitmap Index Scan", "Parent Relationship": "Outer", "Index Name": "company_type_pkey", "Startup Cost": 0.0, "Total Cost": 0.26, "Plan Rows": 1, "Plan Width": 0, "Index Cond": "(id = mc.company_type_id)"}]}]}, {"Node Type": "Bitmap Heap Scan", "Parent Relationship": "Inner", "Relation Name": "movie_keyword", "Alias": "mk", "Startup Cost": 0.34, "Total Cost": 4.44, "Plan Rows": 8, "Plan Width": 8, "Recheck Cond": "(movie_id = mc.movie_id)", "Plans": [{"Node Type": "Bitmap Index Scan", "Parent Relationship": "Outer", "Index Name": "movie_id_movie_keyword", "Startup Cost": 0.0, "Total Cost": 0.34, "Plan Rows": 8, "Plan Width": 0, "Index Cond": "(movie_id = mc.movie_id)"}]}]}, {"Node Type": "Bitmap Heap Scan", "Parent Relationship": "Inner", "Relation Name": "keyword", "Alias": "k", "Startup Cost": 0.26, "Total Cost": 4.27, "Plan Rows": 1, "Plan Width": 4, "Recheck Cond": "(id = mk.keyword_id)", "Plans": [{"Node Type": "Bitmap Index Scan", "Parent Relationship": "Outer", "Index Name": "keyword_pkey", "Startup Cost": 0.0, "Total Cost": 0.26, "Plan Rows": 1, "Plan Width": 0, "Index Cond": "(id = mk.keyword_id)"}]}]}, {"Node Type": "Bitmap Heap Scan", "Parent Relationship": "Inner", "Relation Name": "title", "Alias": "t", "Startup Cost": 0.27, "Total Cost": 4.28, "Plan Rows": 1, "Plan Width": 21, "Recheck Cond": "(id = mk.movie_id)", "Filter": "(production_year > 1990)", "Plans": [{"Node Type": "Bitmap Index Scan", "Parent Relationship": "Outer", "Index Name": "title_pkey", "Startup Cost": 0.0, "Total Cost": 0.27, "Plan Rows": 1, "Plan Width": 0, "Index Cond": "(id = mk.movie_id)"}]}]}]}, "Unique SQL Id": 2846462052}, "explain_analyze_plan": null}, "(64, 104)": {"explain_plan": {"Plan": {"Node Type": "Aggregate", "Strategy": "Plain", "Startup Cost": 69554.11, "Total Cost": 69554.12, "Plan Rows": 1, "Plan Width": 123, "Plans": [{"Node Type": "Nested Loop", "Parent Relationship": "Outer", "Join Type": "Inner", "Startup Cost": 0.0, "Total Cost": 69553.45, "Plan Rows": 132, "Plan Width": 59, "Inner Unique": true, "Plans": [{"Node Type": "Nested Loop", "Parent Relationship": "Outer", "Join Type": "Inner", "Startup Cost": 0.0, "Total Cost": 69515.93, "Plan Rows": 134, "Plan Width": 63, "Inner Unique": false, "Join Filter": "(t.id = mk.movie_id)", "Plans": [{"Node Type": "Nested Loop", "Parent Relationship": "Outer", "Join Type": "Inner", "Startup Cost": 0.0, "Total Cost": 69506.37, "Plan Rows": 17, "Plan Width": 75, "Inner Unique": true, "Join Filter": "(at.movie_id = t.id)", "Plans": [{"Node Type": "Nested Loop", "Parent Relationship": "Outer", "Join Type": "Inner", "Startup Cost": 0.0, "Total Cost": 69502.14, "Plan Rows": 12, "Plan Width": 54, "Inner Unique": true, "Plans": [{"Node Type": "Nested Loop", "Parent Relationship": "Outer", "Join Type": "Inner", "Startup Cost": 0.0, "Total Cost": 69498.78, "Plan Rows": 12, "Plan Width": 58, "Inner Unique": true, "Plans": [{"Node Type": "Nested Loop", "Parent Relationship": "Outer", "Join Type": "Inner", "Startup Cost": 0.0, "Total Cost": 69493.03, "Plan Rows": 20, "Plan Width": 62, "Inner Unique": false, "Plans": [{"Node Type": "Nested Loop", "Parent Relationship": "Outer", "Join Type": "Inner", "Startup Cost": 0.0, "Total Cost": 69487.72, "Plan Rows": 9, "Plan Width": 50, "Inner Unique": false, "Plans": [{"Node Type": "Nested Loop", "Parent Relationship": "Outer", "Join Type": "Inner", "Startup Cost": 0.0, "Total Cost": 69472.3, "Plan Rows": 4, "Plan Width": 46, "Inner Unique": true, "Plans": [{"Node Type": "Streaming(type: LOCAL GATHER dop: 1/64)", "Parent Relationship": "Outer", "Startup Cost": 0.0, "Total Cost": 69388.27, "Plan Rows": 255, "Plan Width": 50, "Plans": [{"Node Type": "Seq Scan", "Parent Relationship": "Outer", "Relation Name": "movie_info", "Alias": "mi", "Startup Cost": 0.0, "Total Cost": 69383.01, "Plan Rows": 255, "Plan Width": 50, "Filter": "((info IS NOT NULL) AND ((note)::text ~~ '%internet%'::text) AND (((info)::text ~~ 'USA:% 199%'::text) OR ((info)::text ~~ 'USA:% 200%'::text)))"}]}, {"Node Type": "Index Scan", "Parent Relationship": "Inner", "Scan Direction": "Forward", "Index Name": "info_type_pkey", "Relation Name": "info_type", "Alias": "it1", "Startup Cost": 0.0, "Total Cost": 0.32, "Plan Rows": 1, "Plan Width": 4, "Index Cond": "(id = mi.info_type_id)", "Filter": "((info)::text = 'release dates'::text)"}]}, {"Node Type": "Index Only Scan", "Parent Relationship": "Inner", "Scan Direction": "Forward", "Index Name": "movie_id_aka_title", "Relation Name": "aka_title", "Alias": "at", "Startup Cost": 0.0, "Total Cost": 3.82, "Plan Rows": 3, "Plan Width": 4, "Index Cond": "(movie_id = mi.movie_id)"}]}, {"Node Type": "Index Scan", "Parent Relationship": "Inner", "Scan Direction": "Forward", "Index Name": "movie_id_movie_companies", "Relation Name": "movie_companies", "Alias": "mc", "Startup Cost": 0.0, "Total Cost": 0.57, "Plan Rows": 2, "Plan Width": 12, "Index Cond": "(movie_id = at.movie_id)"}]}, {"Node Type": "Index Scan", "Parent Relationship": "Inner", "Scan Direction": "Forward", "Index Name": "company_name_pkey", "Relation Name": "company_name", "Alias": "cn", "Startup Cost": 0.0, "Total Cost": 0.28, "Plan Rows": 1, "Plan Width": 4, "Index Cond": "(id = mc.company_id)", "Filter": "((country_code)::text = '[us]'::text)"}]}, {"Node Type": "Index Only Scan", "Parent Relationship": "Inner", "Scan Direction": "Forward", "Index Name": "company_type_pkey", "Relation Name": "company_type", "Alias": "ct", "Startup Cost": 0.0, "Total Cost": 0.27, "Plan Rows": 1, "Plan Width": 4, "Index Cond": "(id = mc.company_type_id)"}]}, {"Node Type": "Index Scan", "Parent Relationship": "Inner", "Scan Direction": "Forward", "Index Name": "title_pkey", "Relation Name": "title", "Alias": "t", "Startup Cost": 0.0, "Total Cost": 0.34, "Plan Rows": 1, "Plan Width": 21, "Index Cond": "(id = mc.movie_id)", "Filter": "(production_year > 1990)"}]}, {"Node Type": "Index Scan", "Parent Relationship": "Inner", "Scan Direction": "Forward", "Index Name": "movie_id_movie_keyword", "Relation Name": "movie_keyword", "Alias": "mk", "Startup Cost": 0.0, "Total Cost": 0.46, "Plan Rows": 8, "Plan Width": 8, "Index Cond": "(movie_id = mc.movie_id)"}]}, {"Node Type": "Index Only Scan", "Parent Relationship": "Inner", "Scan Direction": "Forward", "Index Name": "keyword_pkey", "Relation Name": "keyword", "Alias": "k", "Startup Cost": 0.0, "Total Cost": 0.27, "Plan Rows": 1, "Plan Width": 4, "Index Cond": "(id = mk.keyword_id)"}]}]}, "Unique SQL Id": 2846462052}, "explain_analyze_plan": {"Plan": {"Node Type": "Aggregate", "Strategy": "Plain", "Startup Cost": 69554.11, "Total Cost": 69554.12, "Plan Rows": 1, "Plan Width": 123, "Actual Min Startup Time": 179.977, "Actual Max Startup Time": 179.977, "Actual Min Total Time": 179.978, "Actual Max Total Time": 179.978, "Actual Total Rows": 1, "Plans": [{"Node Type": "Nested Loop", "Parent Relationship": "Outer", "Join Type": "Inner", "Startup Cost": 0.0, "Total Cost": 69553.45, "Plan Rows": 132, "Plan Width": 59, "Actual Min Startup Time": 125.755, "Actual Max Startup Time": 125.755, "Actual Min Total Time": 179.183, "Actual Max Total Time": 179.183, "Actual Total Rows": 1140, "Inner Unique": true, "Plans": [{"Node Type": "Nested Loop", "Parent Relationship": "Outer", "Join Type": "Inner", "Startup Cost": 0.0, "Total Cost": 69515.93, "Plan Rows": 134, "Plan Width": 63, "Actual Min Startup Time": 125.742, "Actual Max Startup Time": 125.742, "Actual Min Total Time": 175.261, "Actual Max Total Time": 175.261, "Actual Total Rows": 1140, "Inner Unique": false, "Join Filter": "(t.id = mk.movie_id)", "Rows Removed by Join Filter": 0, "Plans": [{"Node Type": "Nested Loop", "Parent Relationship": "Outer", "Join Type": "Inner", "Startup Cost": 0.0, "Total Cost": 69506.37, "Plan Rows": 17, "Plan Width": 75, "Actual Min Startup Time": 125.711, "Actual Max Startup Time": 125.711, "Actual Min Total Time": 173.532, "Actual Max Total Time": 173.532, "Actual Total Rows": 119, "Inner Unique": true, "Join Filter": "(at.movie_id = t.id)", "Rows Removed by Join Filter": 0, "Plans": [{"Node Type": "Nested Loop", "Parent Relationship": "Outer", "Join Type": "Inner", "Startup Cost": 0.0, "Total Cost": 69502.14, "Plan Rows": 12, "Plan Width": 54, "Actual Min Startup Time": 125.685, "Actual Max Startup Time": 125.685, "Actual Min Total Time": 172.591, "Actual Max Total Time": 172.591, "Actual Total Rows": 119, "Inner Unique": true, "Plans": [{"Node Type": "Nested Loop", "Parent Relationship": "Outer", "Join Type": "Inner", "Startup Cost": 0.0, "Total Cost": 69498.78, "Plan Rows": 12, "Plan Width": 58, "Actual Min Startup Time": 125.545, "Actual Max Startup Time": 125.545, "Actual Min Total Time": 172.139, "Actual Max Total Time": 172.139, "Actual Total Rows": 284, "Inner Unique": true, "Plans": [{"Node Type": "Nested Loop", "Parent Relationship": "Outer", "Join Type": "Inner", "Startup Cost": 0.0, "Total Cost": 69493.03, "Plan Rows": 20, "Plan Width": 62, "Actual Min Startup Time": 125.522, "Actual Max Startup Time": 125.522, "Actual Min Total Time": 169.957, "Actual Max Total Time": 169.957, "Actual Total Rows": 400, "Inner Unique": false, "Plans": [{"Node Type": "Nested Loop", "Parent Relationship": "Outer", "Join Type": "Inner", "Startup Cost": 0.0, "Total Cost": 69487.72, "Plan Rows": 9, "Plan Width": 50, "Actual Min Startup Time": 125.502, "Actual Max Startup Time": 125.502, "Actual Min Total Time": 168.59, "Actual Max Total Time": 168.59, "Actual Total Rows": 120, "Inner Unique": false, "Plans": [{"Node Type": "Nested Loop", "Parent Relationship": "Outer", "Join Type": "Inner", "Startup Cost": 0.0, "Total Cost": 69472.3, "Plan Rows": 4, "Plan Width": 46, "Actual Min Startup Time": 125.317, "Actual Max Startup Time": 125.317, "Actual Min Total Time": 161.37, "Actual Max Total Time": 161.37, "Actual Total Rows": 1783, "Inner Unique": true, "Plans": [{"Node Type": "Streaming(type: LOCAL GATHER dop: 1/64)", "Parent Relationship": "Outer", "Startup Cost": 0.0, "Total Cost": 69388.27, "Plan Rows": 255, "Plan Width": 50, "Actual Min Startup Time": 125.258, "Actual Max Startup Time": 125.258, "Actual Min Total Time": 156.833, "Actual Max Total Time": 156.833, "Actual Total Rows": 1783, "Plans": [{"Node Type": "Seq Scan", "Parent Relationship": "Outer", "Relation Name": "movie_info", "Alias": "mi", "Startup Cost": 0.0, "Total Cost": 69383.01, "Plan Rows": 255, "Plan Width": 50, "Actual Min Startup Time": 20.17, "Actual Max Startup Time": 30.883, "Actual Min Total Time": 71.653, "Actual Max Total Time": 87.211, "Actual Total Rows": 1783, "Filter": "((info IS NOT NULL) AND ((note)::text ~~ '%internet%'::text) AND (((info)::text ~~ 'USA:% 199%'::text) OR ((info)::text ~~ 'USA:% 200%'::text)))", "Rows Removed by Filter": 14833936}]}, {"Node Type": "Index Scan", "Parent Relationship": "Inner", "Scan Direction": "Forward", "Index Name": "info_type_pkey", "Relation Name": "info_type", "Alias": "it1", "Startup Cost": 0.0, "Total Cost": 0.32, "Plan Rows": 1, "Plan Width": 4, "Actual Min Startup Time": 3.129, "Actual Max Startup Time": 3.129, "Actual Min Total Time": 3.129, "Actual Max Total Time": 3.129, "Actual Total Rows": 1783, "Index Cond": "(id = mi.info_type_id)", "Rows Removed by Index Recheck": 0, "Filter": "((info)::text = 'release dates'::text)", "Rows Removed by Filter": 0}]}, {"Node Type": "Index Only Scan", "Parent Relationship": "Inner", "Scan Direction": "Forward", "Index Name": "movie_id_aka_title", "Relation Name": "aka_title", "Alias": "at", "Startup Cost": 0.0, "Total Cost": 3.82, "Plan Rows": 3, "Plan Width": 4, "Actual Min Startup Time": 6.321, "Actual Max Startup Time": 6.321, "Actual Min Total Time": 6.376, "Actual Max Total Time": 6.376, "Actual Total Rows": 120, "Index Cond": "(movie_id = mi.movie_id)", "Rows Removed by Index Recheck": 0, "Heap Fetches": 0}]}, {"Node Type": "Index Scan", "Parent Relationship": "Inner", "Scan Direction": "Forward", "Index Name": "movie_id_movie_companies", "Relation Name": "movie_companies", "Alias": "mc", "Startup Cost": 0.0, "Total Cost": 0.57, "Plan Rows": 2, "Plan Width": 12, "Actual Min Startup Time": 0.84, "Actual Max Startup Time": 0.84, "Actual Min Total Time": 1.168, "Actual Max Total Time": 1.168, "Actual Total Rows": 400, "Index Cond": "(movie_id = at.movie_id)", "Rows Removed by Index Recheck": 0}]}, {"Node Type": "Index Scan", "Parent Relationship": "Inner", "Scan Direction": "Forward", "Index Name": "company_name_pkey", "Relation Name": "company_name", "Alias": "cn", "Startup Cost": 0.0, "Total Cost": 0.28, "Plan Rows": 1, "Plan Width": 4, "Actual Min Startup Time": 1.845, "Actual Max Startup Time": 1.845, "Actual Min Total Time": 1.845, "Actual Max Total Time": 1.845, "Actual Total Rows": 284, "Index Cond": "(id = mc.company_id)", "Rows Removed by Index Recheck": 0, "Filter": "((country_code)::text = '[us]'::text)", "Rows Removed by Filter": 116}]}, {"Node Type": "Index Only Scan", "Parent Relationship": "Inner", "Scan Direction": "Forward", "Index Name": "company_type_pkey", "Relation Name": "company_type", "Alias": "ct", "Startup Cost": 0.0, "Total Cost": 0.27, "Plan Rows": 1, "Plan Width": 4, "Actual Min Startup Time": 0.24, "Actual Max Startup Time": 0.24, "Actual Min Total Time": 0.24, "Actual Max Total Time": 0.24, "Actual Total Rows": 119, "Index Cond": "(id = mc.company_type_id)", "Rows Removed by Index Recheck": 0, "Heap Fetches": 0}]}, {"Node Type": "Index Scan", "Parent Relationship": "Inner", "Scan Direction": "Forward", "Index Name": "title_pkey", "Relation Name": "title", "Alias": "t", "Startup Cost": 0.0, "Total Cost": 0.34, "Plan Rows": 1, "Plan Width": 21, "Actual Min Startup Time": 0.768, "Actual Max Startup Time": 0.768, "Actual Min Total Time": 0.768, "Actual Max Total Time": 0.768, "Actual Total Rows": 119, "Index Cond": "(id = mc.movie_id)", "Rows Removed by Index Recheck": 0, "Filter": "(production_year > 1990)", "Rows Removed by Filter": 0}]}, {"Node Type": "Index Scan", "Parent Relationship": "Inner", "Scan Direction": "Forward", "Index Name": "movie_id_movie_keyword", "Relation Name": "movie_keyword", "Alias": "mk", "Startup Cost": 0.0, "Total Cost": 0.46, "Plan Rows": 8, "Plan Width": 8, "Actual Min Startup Time": 0.656, "Actual Max Startup Time": 0.656, "Actual Min Total Time": 1.208, "Actual Max Total Time": 1.208, "Actual Total Rows": 1140, "Index Cond": "(movie_id = mc.movie_id)", "Rows Removed by Index Recheck": 0}]}, {"Node Type": "Index Only Scan", "Parent Relationship": "Inner", "Scan Direction": "Forward", "Index Name": "keyword_pkey", "Relation Name": "keyword", "Alias": "k", "Startup Cost": 0.0, "Total Cost": 0.27, "Plan Rows": 1, "Plan Width": 4, "Actual Min Startup Time": 3.049, "Actual Max Startup Time": 3.049, "Actual Min Total Time": 3.049, "Actual Max Total Time": 3.049, "Actual Total Rows": 1140, "Index Cond": "(id = mk.keyword_id)", "Rows Removed by Index Recheck": 0, "Heap Fetches": 0}]}]}, "Triggers": [], "Planner Runtime": 117.147, "Total Runtime": 191.577, "Unique SQL Id": 2846462052}}, "(64, 105)": {"explain_plan": {"Plan": {"Node Type": "Aggregate", "Strategy": "Plain", "Startup Cost": 496841.72, "Total Cost": 496841.73, "Plan Rows": 1, "Plan Width": 123, "Plans": [{"Node Type": "Nested Loop", "Parent Relationship": "Outer", "Join Type": "Inner", "Startup Cost": 0.0, "Total Cost": 496841.06, "Plan Rows": 132, "Plan Width": 59, "Inner Unique": true, "Plans": [{"Node Type": "Nested Loop", "Parent Relationship": "Outer", "Join Type": "Inner", "Startup Cost": 0.0, "Total Cost": 496803.53, "Plan Rows": 134, "Plan Width": 63, "Inner Unique": false, "Join Filter": "(t.id = mk.movie_id)", "Plans": [{"Node Type": "Nested Loop", "Parent Relationship": "Outer", "Join Type": "Inner", "Startup Cost": 0.0, "Total Cost": 496793.97, "Plan Rows": 17, "Plan Width": 75, "Inner Unique": true, "Join Filter": "(at.movie_id = t.id)", "Plans": [{"Node Type": "Nested Loop", "Parent Relationship": "Outer", "Join Type": "Inner", "Startup Cost": 0.0, "Total Cost": 496789.74, "Plan Rows": 12, "Plan Width": 54, "Inner Unique": true, "Plans": [{"Node Type": "Nested Loop", "Parent Relationship": "Outer", "Join Type": "Inner", "Startup Cost": 0.0, "Total Cost": 496786.38, "Plan Rows": 12, "Plan Width": 58, "Inner Unique": true, "Plans": [{"Node Type": "Nested Loop", "Parent Relationship": "Outer", "Join Type": "Inner", "Startup Cost": 0.0, "Total Cost": 496780.63, "Plan Rows": 20, "Plan Width": 62, "Inner Unique": false, "Plans": [{"Node Type": "Nested Loop", "Parent Relationship": "Outer", "Join Type": "Inner", "Startup Cost": 0.0, "Total Cost": 496775.32, "Plan Rows": 9, "Plan Width": 50, "Inner Unique": false, "Plans": [{"Node Type": "Nested Loop", "Parent Relationship": "Outer", "Join Type": "Inner", "Startup Cost": 0.0, "Total Cost": 496759.91, "Plan Rows": 4, "Plan Width": 46, "Inner Unique": false, "Plans": [{"Node Type": "Index Scan", "Parent Relationship": "Outer", "Scan Direction": "Forward", "Index Name": "info_type_pkey", "Relation Name": "info_type", "Alias": "it1", "Startup Cost": 0.0, "Total Cost": 14.21, "Plan Rows": 1, "Plan Width": 4, "Filter": "((info)::text = 'release dates'::text)"}, {"Node Type": "Index Scan", "Parent Relationship": "Inner", "Scan Direction": "Forward", "Index Name": "info_type_id_movie_info", "Relation Name": "movie_info", "Alias": "mi", "Startup Cost": 0.0, "Total Cost": 496745.66, "Plan Rows": 4, "Plan Width": 50, "Index Cond": "(info_type_id = it1.id)", "Filter": "((info IS NOT NULL) AND ((note)::text ~~ '%internet%'::text) AND (((info)::text ~~ 'USA:% 199%'::text) OR ((info)::text ~~ 'USA:% 200%'::text)))"}]}, {"Node Type": "Index Only Scan", "Parent Relationship": "Inner", "Scan Direction": "Forward", "Index Name": "movie_id_aka_title", "Relation Name": "aka_title", "Alias": "at", "Startup Cost": 0.0, "Total Cost": 3.82, "Plan Rows": 3, "Plan Width": 4, "Index Cond": "(movie_id = mi.movie_id)"}]}, {"Node Type": "Index Scan", "Parent Relationship": "Inner", "Scan Direction": "Forward", "Index Name": "movie_id_movie_companies", "Relation Name": "movie_companies", "Alias": "mc", "Startup Cost": 0.0, "Total Cost": 0.57, "Plan Rows": 2, "Plan Width": 12, "Index Cond": "(movie_id = at.movie_id)"}]}, {"Node Type": "Index Scan", "Parent Relationship": "Inner", "Scan Direction": "Forward", "Index Name": "company_name_pkey", "Relation Name": "company_name", "Alias": "cn", "Startup Cost": 0.0, "Total Cost": 0.28, "Plan Rows": 1, "Plan Width": 4, "Index Cond": "(id = mc.company_id)", "Filter": "((country_code)::text = '[us]'::text)"}]}, {"Node Type": "Index Only Scan", "Parent Relationship": "Inner", "Scan Direction": "Forward", "Index Name": "company_type_pkey", "Relation Name": "company_type", "Alias": "ct", "Startup Cost": 0.0, "Total Cost": 0.27, "Plan Rows": 1, "Plan Width": 4, "Index Cond": "(id = mc.company_type_id)"}]}, {"Node Type": "Index Scan", "Parent Relationship": "Inner", "Scan Direction": "Forward", "Index Name": "title_pkey", "Relation Name": "title", "Alias": "t", "Startup Cost": 0.0, "Total Cost": 0.34, "Plan Rows": 1, "Plan Width": 21, "Index Cond": "(id = mc.movie_id)", "Filter": "(production_year > 1990)"}]}, {"Node Type": "Index Scan", "Parent Relationship": "Inner", "Scan Direction": "Forward", "Index Name": "movie_id_movie_keyword", "Relation Name": "movie_keyword", "Alias": "mk", "Startup Cost": 0.0, "Total Cost": 0.46, "Plan Rows": 8, "Plan Width": 8, "Index Cond": "(movie_id = mc.movie_id)"}]}, {"Node Type": "Index Only Scan", "Parent Relationship": "Inner", "Scan Direction": "Forward", "Index Name": "keyword_pkey", "Relation Name": "keyword", "Alias": "k", "Startup Cost": 0.0, "Total Cost": 0.27, "Plan Rows": 1, "Plan Width": 4, "Index Cond": "(id = mk.keyword_id)"}]}]}, "Unique SQL Id": 2846462052}, "explain_analyze_plan": null}, "(64, 106)": {"explain_plan": {"Plan": {"Node Type": "Aggregate", "Strategy": "Plain", "Startup Cost": 304072.67, "Total Cost": 304072.68, "Plan Rows": 1, "Plan Width": 123, "Plans": [{"Node Type": "Hash Join", "Parent Relationship": "Outer", "Join Type": "Inner", "Startup Cost": 154961.09, "Total Cost": 304072.0, "Plan Rows": 134, "Plan Width": 59, "Inner Unique": true, "Hash Cond": "(mk.keyword_id = k.id)", "Plans": [{"Node Type": "Hash Join", "Parent Relationship": "Outer", "Join Type": "Inner", "Startup Cost": 151183.29, "Total Cost": 300292.38, "Plan Rows": 134, "Plan Width": 63, "Inner Unique": true, "Hash Cond": "(mc.company_type_id = ct.id)", "Plans": [{"Node Type": "Hash Join", "Parent Relationship": "Outer", "Join Type": "Inner", "Startup Cost": 151182.22, "Total Cost": 300289.47, "Plan Rows": 134, "Plan Width": 67, "Inner Unique": true, "Hash Cond": "(mc.company_id = cn.id)", "Plans": [{"Node Type": "Hash Join", "Parent Relationship": "Outer", "Join Type": "Inner", "Startup Cost": 144214.15, "Total Cost": 293319.46, "Plan Rows": 223, "Plan Width": 71, "Inner Unique": false, "Hash Cond": "(t.id = at.movie_id)", "Plans": [{"Node Type": "Streaming(type: LOCAL GATHER dop: 1/64)", "Parent Relationship": "Outer", "Startup Cost": 137222.08, "Total Cost": 286319.28, "Plan Rows": 101, "Plan Width": 87, "Plans": [{"Node Type": "Hash Join", "Parent Relationship": "Outer", "Join Type": "Inner", "Startup Cost": 137222.08, "Total Cost": 286317.2, "Plan Rows": 101, "Plan Width": 87, "Inner Unique": true, "Hash Cond": "(mi.movie_id = t.id)", "Plans": [{"Node Type": "Streaming(type: BROADCAST dop: 64/1)", "Parent Relationship": "Outer", "Startup Cost": 120871.18, "Total Cost": 269966.0, "Plan Rows": 4672, "Plan Width": 66, "Plans": [{"Node Type": "Hash Join", "Parent Relationship": "Outer", "Join Type": "Inner", "Startup Cost": 120871.18, "Total Cost": 206869.61, "Plan Rows": 73, "Plan Width": 66, "Inner Unique": false, "Hash Cond": "(mk.movie_id = mi.movie_id)", "Plans": [{"Node Type": "Seq Scan", "Parent Relationship": "Outer", "Relation Name": "movie_keyword", "Alias": "mk", "Startup Cost": 0.0, "Total Cost": 62441.29, "Plan Rows": 4523929, "Plan Width": 8}, {"Node Type": "Hash", "Parent Relationship": "Inner", "Startup Cost": 120871.07, "Total Cost": 120871.07, "Plan Rows": 9, "Plan Width": 58, "Plans": [{"Node Type": "Hash Join", "Parent Relationship": "Outer", "Join Type": "Inner", "Startup Cost": 69391.73, "Total Cost": 120871.07, "Plan Rows": 9, "Plan Width": 58, "Inner Unique": false, "Hash Cond": "(mc.movie_id = mi.movie_id)", "Plans": [{"Node Type": "Seq Scan", "Parent Relationship": "Outer", "Relation Name": "movie_companies", "Alias": "mc", "Startup Cost": 0.0, "Total Cost": 41817.28, "Plan Rows": 2609128, "Plan Width": 12}, {"Node Type": "Hash", "Parent Relationship": "Inner", "Startup Cost": 69391.68, "Total Cost": 69391.68, "Plan Rows": 4, "Plan Width": 46, "Plans": [{"Node Type": "Hash Join", "Parent Relationship": "Outer", "Join Type": "Inner", "Startup Cost": 2.41, "Total Cost": 69391.68, "Plan Rows": 4, "Plan Width": 46, "Inner Unique": true, "Hash Cond": "(mi.info_type_id = it1.id)", "Plans": [{"Node Type": "Streaming(type: LOCAL GATHER dop: 1/64)", "Parent Relationship": "Outer", "Startup Cost": 0.0, "Total Cost": 69388.27, "Plan Rows": 255, "Plan Width": 50, "Plans": [{"Node Type": "Seq Scan", "Parent Relationship": "Outer", "Relation Name": "movie_info", "Alias": "mi", "Startup Cost": 0.0, "Total Cost": 69383.01, "Plan Rows": 255, "Plan Width": 50, "Filter": "((info IS NOT NULL) AND ((note)::text ~~ '%internet%'::text) AND (((info)::text ~~ 'USA:% 199%'::text) OR ((info)::text ~~ 'USA:% 200%'::text)))"}]}, {"Node Type": "Hash", "Parent Relationship": "Inner", "Startup Cost": 2.4, "Total Cost": 2.4, "Plan Rows": 1, "Plan Width": 4, "Plans": [{"Node Type": "Seq Scan", "Parent Relationship": "Outer", "Relation Name": "info_type", "Alias": "it1", "Startup Cost": 0.0, "Total Cost": 2.4, "Plan Rows": 1, "Plan Width": 4, "Filter": "((info)::text = 'release dates'::text)"}]}]}]}]}]}]}]}, {"Node Type": "Hash", "Parent Relationship": "Inner", "Startup Cost": 64037.34, "Total Cost": 64037.34, "Plan Rows": 1748840, "Plan Width": 21, "Plans": [{"Node Type": "Seq Scan", "Parent Relationship": "Outer", "Relation Name": "title", "Alias": "t", "Startup Cost": 0.0, "Total Cost": 64037.34, "Plan Rows": 1748840, "Plan Width": 21, "Filter": "(production_year > 1990), (LLVM Optimized)"}]}]}]}, {"Node Type": "Hash", "Parent Relationship": "Inner", "Startup Cost": 9894.71, "Total Cost": 9894.71, "Plan Rows": 361471, "Plan Width": 4, "Plans": [{"Node Type": "Seq Scan", "Parent Relationship": "Outer", "Relation Name": "aka_title", "Alias": "at", "Startup Cost": 0.0, "Total Cost": 9894.71, "Plan Rows": 361471, "Plan Width": 4}]}]}, {"Node Type": "Hash", "Parent Relationship": "Inner", "Startup Cost": 5903.45, "Total Cost": 5903.45, "Plan Rows": 85170, "Plan Width": 4, "Plans": [{"Node Type": "Seq Scan", "Parent Relationship": "Outer", "Relation Name": "company_name", "Alias": "cn", "Startup Cost": 0.0, "Total Cost": 5903.45, "Plan Rows": 85170, "Plan Width": 4, "Filter": "((country_code)::text = '[us]'::text)"}]}]}, {"Node Type": "Hash", "Parent Relationship": "Inner", "Startup Cost": 1.03, "Total Cost": 1.03, "Plan Rows": 3, "Plan Width": 4, "Plans": [{"Node Type": "Seq Scan", "Parent Relationship": "Outer", "Relation Name": "company_type", "Alias": "ct", "Startup Cost": 0.0, "Total Cost": 1.03, "Plan Rows": 3, "Plan Width": 4}]}]}, {"Node Type": "Hash", "Parent Relationship": "Inner", "Startup Cost": 2100.69, "Total Cost": 2100.69, "Plan Rows": 134169, "Plan Width": 4, "Plans": [{"Node Type": "Seq Scan", "Parent Relationship": "Outer", "Relation Name": "keyword", "Alias": "k", "Startup Cost": 0.0, "Total Cost": 2100.69, "Plan Rows": 134169, "Plan Width": 4}]}]}]}, "Unique SQL Id": 2846462052}, "explain_analyze_plan": null}, "(64, 107)": {"explain_plan": {"Plan": {"Node Type": "Aggregate", "Strategy": "Plain", "Startup Cost": 9000055032566.68, "Total Cost": 9000055032566.69, "Plan Rows": 1, "Plan Width": 123, "Plans": [{"Node Type": "Hash Join", "Parent Relationship": "Outer", "Join Type": "Inner", "Startup Cost": 7020038541781.64, "Total Cost": 9000055032566.01, "Plan Rows": 134, "Plan Width": 59, "Inner Unique": true, "Hash Cond": "(at.movie_id = t.id)", "Plans": [{"Node Type": "Hash Join", "Parent Relationship": "Outer", "Join Type": "Inner", "Startup Cost": 6020026875794.47, "Total Cost": 8000043366577.15, "Plan Rows": 97, "Plan Width": 58, "Inner Unique": true, "Hash Cond": "(mk.keyword_id = k.id)", "Plans": [{"Node Type": "Hash Join", "Parent Relationship": "Outer", "Join Type": "Inner", "Startup Cost": 5020026668038.86, "Total Cost": 7000043158820.2, "Plan Rows": 97, "Plan Width": 62, "Inner Unique": false, "Hash Cond": "(at.movie_id = mk.movie_id)", "Plans": [{"Node Type": "Hash Join", "Parent Relationship": "Outer", "Join Type": "Inner", "Startup Cost": 4020011310855.58, "Total Cost": 6000027801623.86, "Plan Rows": 12, "Plan Width": 54, "Inner Unique": true, "Hash Cond": "(mc.company_type_id = ct.id)", "Plans": [{"Node Type": "Hash Join", "Parent Relationship": "Outer", "Join Type": "Inner", "Startup Cost": 3020011310026.04, "Total Cost": 5000027800794.16, "Plan Rows": 12, "Plan Width": 58, "Inner Unique": true, "Hash Cond": "(mc.company_id = cn.id)", "Plans": [{"Node Type": "Hash Join", "Parent Relationship": "Outer", "Join Type": "Inner", "Startup Cost": 2020010258822.45, "Total Cost": 4000026749590.25, "Plan Rows": 20, "Plan Width": 62, "Inner Unique": false, "Hash Cond": "(at.movie_id = mc.movie_id)", "Plans": [{"Node Type": "Hash Join", "Parent Relationship": "Outer", "Join Type": "Inner", "Startup Cost": 1020000907991.35, "Total Cost": 3000017398756.65, "Plan Rows": 9, "Plan Width": 50, "Inner Unique": false, "Hash Cond": "(mi.movie_id = at.movie_id)", "Plans": [{"Node Type": "Nested Loop", "Parent Relationship": "Outer", "Join Type": "Inner", "Startup Cost": 20000004841.46, "Total Cost": 2000016495606.35, "Plan Rows": 4, "Plan Width": 46, "Inner Unique": false, "Plans": [{"Node Type": "Index Scan", "Parent Relationship": "Outer", "Scan Direction": "Forward", "Index Name": "info_type_pkey", "Relation Name": "info_type", "Alias": "it1", "Startup Cost": 10000000000.0, "Total Cost": 1000000001421.0, "Plan Rows": 1, "Plan Width": 4, "Filter": "((info)::text = 'release dates'::text)"}, {"Node Type": "Bitmap Heap Scan", "Parent Relationship": "Inner", "Relation Name": "movie_info", "Alias": "mi", "Startup Cost": 10000004841.46, "Total Cost": 1000016494185.31, "Plan Rows": 4, "Plan Width": 50, "Recheck Cond": "(info_type_id = it1.id)", "Filter": "((info IS NOT NULL) AND ((note)::text ~~ '%internet%'::text) AND (((info)::text ~~ 'USA:% 199%'::text) OR ((info)::text ~~ 'USA:% 200%'::text)))", "Plans": [{"Node Type": "Bitmap Index Scan", "Parent Relationship": "Outer", "Index Name": "info_type_id_movie_info", "Startup Cost": 0.0, "Total Cost": 4841.46, "Plan Rows": 212428, "Plan Width": 0, "Index Cond": "(info_type_id = it1.id)"}]}]}, {"Node Type": "Hash", "Parent Relationship": "Inner", "Startup Cost": 1000000898631.5, "Total Cost": 1000000898631.5, "Plan Rows": 361471, "Plan Width": 4, "Plans": [{"Node Type": "Index Only Scan", "Parent Relationship": "Outer", "Scan Direction": "Forward", "Index Name": "movie_id_aka_title", "Relation Name": "aka_title", "Alias": "at", "Startup Cost": 10000000000.0, "Total Cost": 1000000898631.5, "Plan Rows": 361471, "Plan Width": 4}]}]}, {"Node Type": "Hash", "Parent Relationship": "Inner", "Startup Cost": 1000009318217.0, "Total Cost": 1000009318217.0, "Plan Rows": 2609128, "Plan Width": 12, "Plans": [{"Node Type": "Index Scan", "Parent Relationship": "Outer", "Scan Direction": "Forward", "Index Name": "company_type_id_movie_companies", "Relation Name": "movie_companies", "Alias": "mc", "Startup Cost": 10000000000.0, "Total Cost": 1000009318217.0, "Plan Rows": 2609128, "Plan Width": 12}]}]}, {"Node Type": "Hash", "Parent Relationship": "Inner", "Startup Cost": 1000001050138.97, "Total Cost": 1000001050138.97, "Plan Rows": 85170, "Plan Width": 4, "Plans": [{"Node Type": "Index Scan", "Parent Relationship": "Outer", "Scan Direction": "Forward", "Index Name": "company_name_pkey", "Relation Name": "company_name", "Alias": "cn", "Startup Cost": 10000000000.0, "Total Cost": 1000001050138.97, "Plan Rows": 85170, "Plan Width": 4, "Filter": "((country_code)::text = '[us]'::text)"}]}]}, {"Node Type": "Hash", "Parent Relationship": "Inner", "Startup Cost": 1000000000829.5, "Total Cost": 1000000000829.5, "Plan Rows": 3, "Plan Width": 4, "Plans": [{"Node Type": "Index Only Scan", "Parent Relationship": "Outer", "Scan Direction": "Forward", "Index Name": "company_type_pkey", "Relation Name": "company_type", "Alias": "ct", "Startup Cost": 10000000000.0, "Total Cost": 1000000000829.5, "Plan Rows": 3, "Plan Width": 4}]}]}, {"Node Type": "Hash", "Parent Relationship": "Inner", "Startup Cost": 1000015300634.17, "Total Cost": 1000015300634.17, "Plan Rows": 4523929, "Plan Width": 8, "Plans": [{"Node Type": "Index Scan", "Parent Relationship": "Outer", "Scan Direction": "Forward", "Index Name": "movie_id_movie_keyword", "Relation Name": "movie_keyword", "Alias": "mk", "Startup Cost": 10000000000.0, "Total Cost": 1000015300634.17, "Plan Rows": 4523929, "Plan Width": 8}]}]}, {"Node Type": "Hash", "Parent Relationship": "Inner", "Startup Cost": 1000000206078.5, "Total Cost": 1000000206078.5, "Plan Rows": 134169, "Plan Width": 4, "Plans": [{"Node Type": "Index Only Scan", "Parent Relationship": "Outer", "Scan Direction": "Forward", "Index Name": "keyword_pkey", "Relation Name": "keyword", "Alias": "k", "Startup Cost": 10000000000.0, "Total Cost": 1000000206078.5, "Plan Rows": 134169, "Plan Width": 4}]}]}, {"Node Type": "Hash", "Parent Relationship": "Inner", "Startup Cost": 1000011644126.66, "Total Cost": 1000011644126.66, "Plan Rows": 1748840, "Plan Width": 21, "Plans": [{"Node Type": "Index Scan", "Parent Relationship": "Outer", "Scan Direction": "Forward", "Index Name": "title_pkey", "Relation Name": "title", "Alias": "t", "Startup Cost": 10000000000.0, "Total Cost": 1000011644126.66, "Plan Rows": 1748840, "Plan Width": 21, "Filter": "(production_year > 1990), (LLVM Optimized)"}]}]}]}, "Unique SQL Id": 2846462052}, "explain_analyze_plan": null}, "(64, 108)": {"explain_plan": {"Plan": {"Node Type": "Aggregate", "Strategy": "Plain", "Startup Cost": 69565.1, "Total Cost": 69565.11, "Plan Rows": 1, "Plan Width": 123, "Plans": [{"Node Type": "Nested Loop", "Parent Relationship": "Outer", "Join Type": "Inner", "Startup Cost": 0.0, "Total Cost": 69564.44, "Plan Rows": 132, "Plan Width": 59, "Inner Unique": true, "Plans": [{"Node Type": "Nested Loop", "Parent Relationship": "Outer", "Join Type": "Inner", "Startup Cost": 0.0, "Total Cost": 69526.83, "Plan Rows": 134, "Plan Width": 63, "Inner Unique": false, "Join Filter": "(t.id = mk.movie_id)", "Plans": [{"Node Type": "Nested Loop", "Parent Relationship": "Outer", "Join Type": "Inner", "Startup Cost": 0.0, "Total Cost": 69517.27, "Plan Rows": 17, "Plan Width": 75, "Inner Unique": false, "Plans": [{"Node Type": "Nested Loop", "Parent Relationship": "Outer", "Join Type": "Inner", "Startup Cost": 0.0, "Total Cost": 69513.71, "Plan Rows": 10, "Plan Width": 71, "Inner Unique": true, "Plans": [{"Node Type": "Nested Loop", "Parent Relationship": "Outer", "Join Type": "Inner", "Startup Cost": 0.0, "Total Cost": 69510.91, "Plan Rows": 10, "Plan Width": 75, "Inner Unique": true, "Plans": [{"Node Type": "Nested Loop", "Parent Relationship": "Outer", "Join Type": "Inner", "Startup Cost": 0.0, "Total Cost": 69507.45, "Plan Rows": 12, "Plan Width": 79, "Inner Unique": false, "Plans": [{"Node Type": "Nested Loop", "Parent Relationship": "Outer", "Join Type": "Inner", "Startup Cost": 0.0, "Total Cost": 69505.25, "Plan Rows": 6, "Plan Width": 67, "Inner Unique": true, "Plans": [{"Node Type": "Nested Loop", "Parent Relationship": "Outer", "Join Type": "Inner", "Startup Cost": 0.0, "Total Cost": 69472.3, "Plan Rows": 4, "Plan Width": 46, "Inner Unique": true, "Plans": [{"Node Type": "Streaming(type: LOCAL GATHER dop: 1/64)", "Parent Relationship": "Outer", "Startup Cost": 0.0, "Total Cost": 69388.27, "Plan Rows": 255, "Plan Width": 50, "Plans": [{"Node Type": "Seq Scan", "Parent Relationship": "Outer", "Relation Name": "movie_info", "Alias": "mi", "Startup Cost": 0.0, "Total Cost": 69383.01, "Plan Rows": 255, "Plan Width": 50, "Filter": "((info IS NOT NULL) AND ((note)::text ~~ '%internet%'::text) AND (((info)::text ~~ 'USA:% 199%'::text) OR ((info)::text ~~ 'USA:% 200%'::text)))"}]}, {"Node Type": "Index Scan", "Parent Relationship": "Inner", "Scan Direction": "Forward", "Index Name": "info_type_pkey", "Relation Name": "info_type", "Alias": "it1", "Startup Cost": 0.0, "Total Cost": 0.32, "Plan Rows": 1, "Plan Width": 4, "Index Cond": "(id = mi.info_type_id)", "Filter": "((info)::text = 'release dates'::text)"}]}, {"Node Type": "Index Scan", "Parent Relationship": "Inner", "Scan Direction": "Forward", "Index Name": "title_pkey", "Relation Name": "title", "Alias": "t", "Startup Cost": 0.0, "Total Cost": 8.23, "Plan Rows": 1, "Plan Width": 21, "Index Cond": "(id = mi.movie_id)", "Filter": "(production_year > 1990)"}]}, {"Node Type": "Index Scan", "Parent Relationship": "Inner", "Scan Direction": "Forward", "Index Name": "movie_id_movie_companies", "Relation Name": "movie_companies", "Alias": "mc", "Startup Cost": 0.0, "Total Cost": 0.35, "Plan Rows": 2, "Plan Width": 12, "Index Cond": "(movie_id = t.id)"}]}, {"Node Type": "Index Scan", "Parent Relationship": "Inner", "Scan Direction": "Forward", "Index Name": "company_name_pkey", "Relation Name": "company_name", "Alias": "cn", "Startup Cost": 0.0, "Total Cost": 0.28, "Plan Rows": 1, "Plan Width": 4, "Index Cond": "(id = mc.company_id)", "Filter": "((country_code)::text = '[us]'::text)"}]}, {"Node Type": "Index Scan", "Parent Relationship": "Inner", "Scan Direction": "Forward", "Index Name": "company_type_pkey", "Relation Name": "company_type", "Alias": "ct", "Startup Cost": 0.0, "Total Cost": 0.27, "Plan Rows": 1, "Plan Width": 4, "Index Cond": "(id = mc.company_type_id)"}]}, {"Node Type": "Index Scan", "Parent Relationship": "Inner", "Scan Direction": "Forward", "Index Name": "movie_id_aka_title", "Relation Name": "aka_title", "Alias": "at", "Startup Cost": 0.0, "Total Cost": 0.33, "Plan Rows": 3, "Plan Width": 4, "Index Cond": "(movie_id = t.id)"}]}, {"Node Type": "Index Scan", "Parent Relationship": "Inner", "Scan Direction": "Forward", "Index Name": "movie_id_movie_keyword", "Relation Name": "movie_keyword", "Alias": "mk", "Startup Cost": 0.0, "Total Cost": 0.46, "Plan Rows": 8, "Plan Width": 8, "Index Cond": "(movie_id = mc.movie_id)"}]}, {"Node Type": "Index Scan", "Parent Relationship": "Inner", "Scan Direction": "Forward", "Index Name": "keyword_pkey", "Relation Name": "keyword", "Alias": "k", "Startup Cost": 0.0, "Total Cost": 0.27, "Plan Rows": 1, "Plan Width": 4, "Index Cond": "(id = mk.keyword_id)"}]}]}, "Unique SQL Id": 2846462052}, "explain_analyze_plan": {"Plan": {"Node Type": "Aggregate", "Strategy": "Plain", "Startup Cost": 69565.1, "Total Cost": 69565.11, "Plan Rows": 1, "Plan Width": 123, "Actual Min Startup Time": 230.445, "Actual Max Startup Time": 230.445, "Actual Min Total Time": 230.446, "Actual Max Total Time": 230.446, "Actual Total Rows": 1, "Plans": [{"Node Type": "Nested Loop", "Parent Relationship": "Outer", "Join Type": "Inner", "Startup Cost": 0.0, "Total Cost": 69564.44, "Plan Rows": 132, "Plan Width": 59, "Actual Min Startup Time": 150.113, "Actual Max Startup Time": 150.113, "Actual Min Total Time": 229.588, "Actual Max Total Time": 229.588, "Actual Total Rows": 1140, "Inner Unique": true, "Plans": [{"Node Type": "Nested Loop", "Parent Relationship": "Outer", "Join Type": "Inner", "Startup Cost": 0.0, "Total Cost": 69526.83, "Plan Rows": 134, "Plan Width": 63, "Actual Min Startup Time": 150.098, "Actual Max Startup Time": 150.098, "Actual Min Total Time": 223.811, "Actual Max Total Time": 223.811, "Actual Total Rows": 1140, "Inner Unique": false, "Join Filter": "(t.id = mk.movie_id)", "Rows Removed by Join Filter": 0, "Plans": [{"Node Type": "Nested Loop", "Parent Relationship": "Outer", "Join Type": "Inner", "Startup Cost": 0.0, "Total Cost": 69517.27, "Plan Rows": 17, "Plan Width": 75, "Actual Min Startup Time": 150.077, "Actual Max Startup Time": 150.077, "Actual Min Total Time": 221.849, "Actual Max Total Time": 221.849, "Actual Total Rows": 119, "Inner Unique": false, "Plans": [{"Node Type": "Nested Loop", "Parent Relationship": "Outer", "Join Type": "Inner", "Startup Cost": 0.0, "Total Cost": 69513.71, "Plan Rows": 10, "Plan Width": 71, "Actual Min Startup Time": 149.672, "Actual Max Startup Time": 149.672, "Actual Min Total Time": 215.842, "Actual Max Total Time": 215.842, "Actual Total Rows": 1488, "Inner Unique": true, "Plans": [{"Node Type": "Nested Loop", "Parent Relationship": "Outer", "Join Type": "Inner", "Startup Cost": 0.0, "Total Cost": 69510.91, "Plan Rows": 10, "Plan Width": 75, "Actual Min Startup Time": 149.61, "Actual Max Startup Time": 149.61, "Actual Min Total Time": 210.72, "Actual Max Total Time": 210.72, "Actual Total Rows": 2647, "Inner Unique": true, "Plans": [{"Node Type": "Nested Loop", "Parent Relationship": "Outer", "Join Type": "Inner", "Startup Cost": 0.0, "Total Cost": 69507.45, "Plan Rows": 12, "Plan Width": 79, "Actual Min Startup Time": 149.588, "Actual Max Startup Time": 149.588, "Actual Min Total Time": 193.386, "Actual Max Total Time": 193.386, "Actual Total Rows": 2884, "Inner Unique": false, "Plans": [{"Node Type": "Nested Loop", "Parent Relationship": "Outer", "Join Type": "Inner", "Startup Cost": 0.0, "Total Cost": 69505.25, "Plan Rows": 6, "Plan Width": 67, "Actual Min Startup Time": 149.57, "Actual Max Startup Time": 149.57, "Actual Min Total Time": 176.14, "Actual Max Total Time": 176.14, "Actual Total Rows": 1782, "Inner Unique": true, "Plans": [{"Node Type": "Nested Loop", "Parent Relationship": "Outer", "Join Type": "Inner", "Startup Cost": 0.0, "Total Cost": 69472.3, "Plan Rows": 4, "Plan Width": 46, "Actual Min Startup Time": 149.548, "Actual Max Startup Time": 149.548, "Actual Min Total Time": 161.162, "Actual Max Total Time": 161.162, "Actual Total Rows": 1783, "Inner Unique": true, "Plans": [{"Node Type": "Streaming(type: LOCAL GATHER dop: 1/64)", "Parent Relationship": "Outer", "Startup Cost": 0.0, "Total Cost": 69388.27, "Plan Rows": 255, "Plan Width": 50, "Actual Min Startup Time": 149.5, "Actual Max Startup Time": 149.5, "Actual Min Total Time": 155.945, "Actual Max Total Time": 155.945, "Actual Total Rows": 1783, "Plans": [{"Node Type": "Seq Scan", "Parent Relationship": "Outer", "Relation Name": "movie_info", "Alias": "mi", "Startup Cost": 0.0, "Total Cost": 69383.01, "Plan Rows": 255, "Plan Width": 50, "Actual Min Startup Time": 20.225, "Actual Max Startup Time": 28.466, "Actual Min Total Time": 71.766, "Actual Max Total Time": 84.462, "Actual Total Rows": 1783, "Filter": "((info IS NOT NULL) AND ((note)::text ~~ '%internet%'::text) AND (((info)::text ~~ 'USA:% 199%'::text) OR ((info)::text ~~ 'USA:% 200%'::text)))", "Rows Removed by Filter": 14833936}]}, {"Node Type": "Index Scan", "Parent Relationship": "Inner", "Scan Direction": "Forward", "Index Name": "info_type_pkey", "Relation Name": "info_type", "Alias": "it1", "Startup Cost": 0.0, "Total Cost": 0.32, "Plan Rows": 1, "Plan Width": 4, "Actual Min Startup Time": 3.3, "Actual Max Startup Time": 3.3, "Actual Min Total Time": 3.3, "Actual Max Total Time": 3.3, "Actual Total Rows": 1783, "Index Cond": "(id = mi.info_type_id)", "Rows Removed by Index Recheck": 0, "Filter": "((info)::text = 'release dates'::text)", "Rows Removed by Filter": 0}]}, {"Node Type": "Index Scan", "Parent Relationship": "Inner", "Scan Direction": "Forward", "Index Name": "title_pkey", "Relation Name": "title", "Alias": "t", "Startup Cost": 0.0, "Total Cost": 8.23, "Plan Rows": 1, "Plan Width": 21, "Actual Min Startup Time": 13.178, "Actual Max Startup Time": 13.178, "Actual Min Total Time": 13.178, "Actual Max Total Time": 13.178, "Actual Total Rows": 1782, "Index Cond": "(id = mi.movie_id)", "Rows Removed by Index Recheck": 0, "Filter": "(production_year > 1990)", "Rows Removed by Filter": 1}]}, {"Node Type": "Index Scan", "Parent Relationship": "Inner", "Scan Direction": "Forward", "Index Name": "movie_id_movie_companies", "Relation Name": "movie_companies", "Alias": "mc", "Startup Cost": 0.0, "Total Cost": 0.35, "Plan Rows": 2, "Plan Width": 12, "Actual Min Startup Time": 12.378, "Actual Max Startup Time": 12.378, "Actual Min Total Time": 15.473, "Actual Max Total Time": 15.473, "Actual Total Rows": 2884, "Index Cond": "(movie_id = t.id)", "Rows Removed by Index Recheck": 0}]}, {"Node Type": "Index Scan", "Parent Relationship": "Inner", "Scan Direction": "Forward", "Index Name": "company_name_pkey", "Relation Name": "company_name", "Alias": "cn", "Startup Cost": 0.0, "Total Cost": 0.28, "Plan Rows": 1, "Plan Width": 4, "Actual Min Startup Time": 14.879, "Actual Max Startup Time": 14.879, "Actual Min Total Time": 14.879, "Actual Max Total Time": 14.879, "Actual Total Rows": 2647, "Index Cond": "(id = mc.company_id)", "Rows Removed by Index Recheck": 0, "Filter": "((country_code)::text = '[us]'::text)", "Rows Removed by Filter": 237}]}, {"Node Type": "Index Scan", "Parent Relationship": "Inner", "Scan Direction": "Forward", "Index Name": "company_type_pkey", "Relation Name": "company_type", "Alias": "ct", "Startup Cost": 0.0, "Total Cost": 0.27, "Plan Rows": 1, "Plan Width": 4, "Actual Min Startup Time": 3.129, "Actual Max Startup Time": 3.129, "Actual Min Total Time": 3.129, "Actual Max Total Time": 3.129, "Actual Total Rows": 1488, "Index Cond": "(id = mc.company_type_id)", "Rows Removed by Index Recheck": 0}]}, {"Node Type": "Index Scan", "Parent Relationship": "Inner", "Scan Direction": "Forward", "Index Name": "movie_id_aka_title", "Relation Name": "aka_title", "Alias": "at", "Startup Cost": 0.0, "Total Cost": 0.33, "Plan Rows": 3, "Plan Width": 4, "Actual Min Startup Time": 5.06, "Actual Max Startup Time": 5.06, "Actual Min Total Time": 5.195, "Actual Max Total Time": 5.195, "Actual Total Rows": 119, "Index Cond": "(movie_id = t.id)", "Rows Removed by Index Recheck": 0}]}, {"Node Type": "Index Scan", "Parent Relationship": "Inner", "Scan Direction": "Forward", "Index Name": "movie_id_movie_keyword", "Relation Name": "movie_keyword", "Alias": "mk", "Startup Cost": 0.0, "Total Cost": 0.46, "Plan Rows": 8, "Plan Width": 8, "Actual Min Startup Time": 0.866, "Actual Max Startup Time": 0.866, "Actual Min Total Time": 1.386, "Actual Max Total Time": 1.386, "Actual Total Rows": 1140, "Index Cond": "(movie_id = mc.movie_id)", "Rows Removed by Index Recheck": 0}]}, {"Node Type": "Index Scan", "Parent Relationship": "Inner", "Scan Direction": "Forward", "Index Name": "keyword_pkey", "Relation Name": "keyword", "Alias": "k", "Startup Cost": 0.0, "Total Cost": 0.27, "Plan Rows": 1, "Plan Width": 4, "Actual Min Startup Time": 4.858, "Actual Max Startup Time": 4.858, "Actual Min Total Time": 4.858, "Actual Max Total Time": 4.858, "Actual Total Rows": 1140, "Index Cond": "(id = mk.keyword_id)", "Rows Removed by Index Recheck": 0}]}]}, "Triggers": [], "Planner Runtime": 118.725, "Total Runtime": 243.429, "Unique SQL Id": 2846462052}}, "(64, 109)": {"explain_plan": {"Plan": {"Node Type": "Aggregate", "Strategy": "Plain", "Startup Cost": 496852.7, "Total Cost": 496852.71, "Plan Rows": 1, "Plan Width": 123, "Plans": [{"Node Type": "Nested Loop", "Parent Relationship": "Outer", "Join Type": "Inner", "Startup Cost": 0.0, "Total Cost": 496852.04, "Plan Rows": 132, "Plan Width": 59, "Inner Unique": true, "Plans": [{"Node Type": "Nested Loop", "Parent Relationship": "Outer", "Join Type": "Inner", "Startup Cost": 0.0, "Total Cost": 496814.43, "Plan Rows": 134, "Plan Width": 63, "Inner Unique": false, "Join Filter": "(t.id = mk.movie_id)", "Plans": [{"Node Type": "Nested Loop", "Parent Relationship": "Outer", "Join Type": "Inner", "Startup Cost": 0.0, "Total Cost": 496804.87, "Plan Rows": 17, "Plan Width": 75, "Inner Unique": false, "Plans": [{"Node Type": "Nested Loop", "Parent Relationship": "Outer", "Join Type": "Inner", "Startup Cost": 0.0, "Total Cost": 496801.31, "Plan Rows": 10, "Plan Width": 71, "Inner Unique": true, "Plans": [{"Node Type": "Nested Loop", "Parent Relationship": "Outer", "Join Type": "Inner", "Startup Cost": 0.0, "Total Cost": 496798.51, "Plan Rows": 10, "Plan Width": 75, "Inner Unique": true, "Plans": [{"Node Type": "Nested Loop", "Parent Relationship": "Outer", "Join Type": "Inner", "Startup Cost": 0.0, "Total Cost": 496795.05, "Plan Rows": 12, "Plan Width": 79, "Inner Unique": false, "Plans": [{"Node Type": "Nested Loop", "Parent Relationship": "Outer", "Join Type": "Inner", "Startup Cost": 0.0, "Total Cost": 496792.85, "Plan Rows": 6, "Plan Width": 67, "Inner Unique": true, "Plans": [{"Node Type": "Nested Loop", "Parent Relationship": "Outer", "Join Type": "Inner", "Startup Cost": 0.0, "Total Cost": 496759.91, "Plan Rows": 4, "Plan Width": 46, "Inner Unique": false, "Plans": [{"Node Type": "Index Scan", "Parent Relationship": "Outer", "Scan Direction": "Forward", "Index Name": "info_type_pkey", "Relation Name": "info_type", "Alias": "it1", "Startup Cost": 0.0, "Total Cost": 14.21, "Plan Rows": 1, "Plan Width": 4, "Filter": "((info)::text = 'release dates'::text)"}, {"Node Type": "Index Scan", "Parent Relationship": "Inner", "Scan Direction": "Forward", "Index Name": "info_type_id_movie_info", "Relation Name": "movie_info", "Alias": "mi", "Startup Cost": 0.0, "Total Cost": 496745.66, "Plan Rows": 4, "Plan Width": 50, "Index Cond": "(info_type_id = it1.id)", "Filter": "((info IS NOT NULL) AND ((note)::text ~~ '%internet%'::text) AND (((info)::text ~~ 'USA:% 199%'::text) OR ((info)::text ~~ 'USA:% 200%'::text)))"}]}, {"Node Type": "Index Scan", "Parent Relationship": "Inner", "Scan Direction": "Forward", "Index Name": "title_pkey", "Relation Name": "title", "Alias": "t", "Startup Cost": 0.0, "Total Cost": 8.23, "Plan Rows": 1, "Plan Width": 21, "Index Cond": "(id = mi.movie_id)", "Filter": "(production_year > 1990)"}]}, {"Node Type": "Index Scan", "Parent Relationship": "Inner", "Scan Direction": "Forward", "Index Name": "movie_id_movie_companies", "Relation Name": "movie_companies", "Alias": "mc", "Startup Cost": 0.0, "Total Cost": 0.35, "Plan Rows": 2, "Plan Width": 12, "Index Cond": "(movie_id = t.id)"}]}, {"Node Type": "Index Scan", "Parent Relationship": "Inner", "Scan Direction": "Forward", "Index Name": "company_name_pkey", "Relation Name": "company_name", "Alias": "cn", "Startup Cost": 0.0, "Total Cost": 0.28, "Plan Rows": 1, "Plan Width": 4, "Index Cond": "(id = mc.company_id)", "Filter": "((country_code)::text = '[us]'::text)"}]}, {"Node Type": "Index Scan", "Parent Relationship": "Inner", "Scan Direction": "Forward", "Index Name": "company_type_pkey", "Relation Name": "company_type", "Alias": "ct", "Startup Cost": 0.0, "Total Cost": 0.27, "Plan Rows": 1, "Plan Width": 4, "Index Cond": "(id = mc.company_type_id)"}]}, {"Node Type": "Index Scan", "Parent Relationship": "Inner", "Scan Direction": "Forward", "Index Name": "movie_id_aka_title", "Relation Name": "aka_title", "Alias": "at", "Startup Cost": 0.0, "Total Cost": 0.33, "Plan Rows": 3, "Plan Width": 4, "Index Cond": "(movie_id = t.id)"}]}, {"Node Type": "Index Scan", "Parent Relationship": "Inner", "Scan Direction": "Forward", "Index Name": "movie_id_movie_keyword", "Relation Name": "movie_keyword", "Alias": "mk", "Startup Cost": 0.0, "Total Cost": 0.46, "Plan Rows": 8, "Plan Width": 8, "Index Cond": "(movie_id = mc.movie_id)"}]}, {"Node Type": "Index Scan", "Parent Relationship": "Inner", "Scan Direction": "Forward", "Index Name": "keyword_pkey", "Relation Name": "keyword", "Alias": "k", "Startup Cost": 0.0, "Total Cost": 0.27, "Plan Rows": 1, "Plan Width": 4, "Index Cond": "(id = mk.keyword_id)"}]}]}, "Unique SQL Id": 2846462052}, "explain_analyze_plan": null}, "(64, 110)": {"explain_plan": {"Plan": {"Node Type": "Aggregate", "Strategy": "Plain", "Startup Cost": 304072.67, "Total Cost": 304072.68, "Plan Rows": 1, "Plan Width": 123, "Plans": [{"Node Type": "Hash Join", "Parent Relationship": "Outer", "Join Type": "Inner", "Startup Cost": 154961.09, "Total Cost": 304072.0, "Plan Rows": 134, "Plan Width": 59, "Inner Unique": true, "Hash Cond": "(mk.keyword_id = k.id)", "Plans": [{"Node Type": "Hash Join", "Parent Relationship": "Outer", "Join Type": "Inner", "Startup Cost": 151183.29, "Total Cost": 300292.38, "Plan Rows": 134, "Plan Width": 63, "Inner Unique": true, "Hash Cond": "(mc.company_type_id = ct.id)", "Plans": [{"Node Type": "Hash Join", "Parent Relationship": "Outer", "Join Type": "Inner", "Startup Cost": 151182.22, "Total Cost": 300289.47, "Plan Rows": 134, "Plan Width": 67, "Inner Unique": true, "Hash Cond": "(mc.company_id = cn.id)", "Plans": [{"Node Type": "Hash Join", "Parent Relationship": "Outer", "Join Type": "Inner", "Startup Cost": 144214.15, "Total Cost": 293319.46, "Plan Rows": 223, "Plan Width": 71, "Inner Unique": false, "Hash Cond": "(t.id = at.movie_id)", "Plans": [{"Node Type": "Streaming(type: LOCAL GATHER dop: 1/64)", "Parent Relationship": "Outer", "Startup Cost": 137222.08, "Total Cost": 286319.28, "Plan Rows": 101, "Plan Width": 87, "Plans": [{"Node Type": "Hash Join", "Parent Relationship": "Outer", "Join Type": "Inner", "Startup Cost": 137222.08, "Total Cost": 286317.2, "Plan Rows": 101, "Plan Width": 87, "Inner Unique": true, "Hash Cond": "(mi.movie_id = t.id)", "Plans": [{"Node Type": "Streaming(type: BROADCAST dop: 64/1)", "Parent Relationship": "Outer", "Startup Cost": 120871.18, "Total Cost": 269966.0, "Plan Rows": 4672, "Plan Width": 66, "Plans": [{"Node Type": "Hash Join", "Parent Relationship": "Outer", "Join Type": "Inner", "Startup Cost": 120871.18, "Total Cost": 206869.61, "Plan Rows": 73, "Plan Width": 66, "Inner Unique": false, "Hash Cond": "(mk.movie_id = mi.movie_id)", "Plans": [{"Node Type": "Seq Scan", "Parent Relationship": "Outer", "Relation Name": "movie_keyword", "Alias": "mk", "Startup Cost": 0.0, "Total Cost": 62441.29, "Plan Rows": 4523929, "Plan Width": 8}, {"Node Type": "Hash", "Parent Relationship": "Inner", "Startup Cost": 120871.07, "Total Cost": 120871.07, "Plan Rows": 9, "Plan Width": 58, "Plans": [{"Node Type": "Hash Join", "Parent Relationship": "Outer", "Join Type": "Inner", "Startup Cost": 69391.73, "Total Cost": 120871.07, "Plan Rows": 9, "Plan Width": 58, "Inner Unique": false, "Hash Cond": "(mc.movie_id = mi.movie_id)", "Plans": [{"Node Type": "Seq Scan", "Parent Relationship": "Outer", "Relation Name": "movie_companies", "Alias": "mc", "Startup Cost": 0.0, "Total Cost": 41817.28, "Plan Rows": 2609128, "Plan Width": 12}, {"Node Type": "Hash", "Parent Relationship": "Inner", "Startup Cost": 69391.68, "Total Cost": 69391.68, "Plan Rows": 4, "Plan Width": 46, "Plans": [{"Node Type": "Hash Join", "Parent Relationship": "Outer", "Join Type": "Inner", "Startup Cost": 2.41, "Total Cost": 69391.68, "Plan Rows": 4, "Plan Width": 46, "Inner Unique": true, "Hash Cond": "(mi.info_type_id = it1.id)", "Plans": [{"Node Type": "Streaming(type: LOCAL GATHER dop: 1/64)", "Parent Relationship": "Outer", "Startup Cost": 0.0, "Total Cost": 69388.27, "Plan Rows": 255, "Plan Width": 50, "Plans": [{"Node Type": "Seq Scan", "Parent Relationship": "Outer", "Relation Name": "movie_info", "Alias": "mi", "Startup Cost": 0.0, "Total Cost": 69383.01, "Plan Rows": 255, "Plan Width": 50, "Filter": "((info IS NOT NULL) AND ((note)::text ~~ '%internet%'::text) AND (((info)::text ~~ 'USA:% 199%'::text) OR ((info)::text ~~ 'USA:% 200%'::text)))"}]}, {"Node Type": "Hash", "Parent Relationship": "Inner", "Startup Cost": 2.4, "Total Cost": 2.4, "Plan Rows": 1, "Plan Width": 4, "Plans": [{"Node Type": "Seq Scan", "Parent Relationship": "Outer", "Relation Name": "info_type", "Alias": "it1", "Startup Cost": 0.0, "Total Cost": 2.4, "Plan Rows": 1, "Plan Width": 4, "Filter": "((info)::text = 'release dates'::text)"}]}]}]}]}]}]}]}, {"Node Type": "Hash", "Parent Relationship": "Inner", "Startup Cost": 64037.34, "Total Cost": 64037.34, "Plan Rows": 1748840, "Plan Width": 21, "Plans": [{"Node Type": "Seq Scan", "Parent Relationship": "Outer", "Relation Name": "title", "Alias": "t", "Startup Cost": 0.0, "Total Cost": 64037.34, "Plan Rows": 1748840, "Plan Width": 21, "Filter": "(production_year > 1990), (LLVM Optimized)"}]}]}]}, {"Node Type": "Hash", "Parent Relationship": "Inner", "Startup Cost": 9894.71, "Total Cost": 9894.71, "Plan Rows": 361471, "Plan Width": 4, "Plans": [{"Node Type": "Seq Scan", "Parent Relationship": "Outer", "Relation Name": "aka_title", "Alias": "at", "Startup Cost": 0.0, "Total Cost": 9894.71, "Plan Rows": 361471, "Plan Width": 4}]}]}, {"Node Type": "Hash", "Parent Relationship": "Inner", "Startup Cost": 5903.45, "Total Cost": 5903.45, "Plan Rows": 85170, "Plan Width": 4, "Plans": [{"Node Type": "Seq Scan", "Parent Relationship": "Outer", "Relation Name": "company_name", "Alias": "cn", "Startup Cost": 0.0, "Total Cost": 5903.45, "Plan Rows": 85170, "Plan Width": 4, "Filter": "((country_code)::text = '[us]'::text)"}]}]}, {"Node Type": "Hash", "Parent Relationship": "Inner", "Startup Cost": 1.03, "Total Cost": 1.03, "Plan Rows": 3, "Plan Width": 4, "Plans": [{"Node Type": "Seq Scan", "Parent Relationship": "Outer", "Relation Name": "company_type", "Alias": "ct", "Startup Cost": 0.0, "Total Cost": 1.03, "Plan Rows": 3, "Plan Width": 4}]}]}, {"Node Type": "Hash", "Parent Relationship": "Inner", "Startup Cost": 2100.69, "Total Cost": 2100.69, "Plan Rows": 134169, "Plan Width": 4, "Plans": [{"Node Type": "Seq Scan", "Parent Relationship": "Outer", "Relation Name": "keyword", "Alias": "k", "Startup Cost": 0.0, "Total Cost": 2100.69, "Plan Rows": 134169, "Plan Width": 4}]}]}]}, "Unique SQL Id": 2846462052}, "explain_analyze_plan": null}, "(64, 111)": {"explain_plan": {"Plan": {"Node Type": "Aggregate", "Strategy": "Plain", "Startup Cost": 9000056202987.25, "Total Cost": 9000056202987.26, "Plan Rows": 1, "Plan Width": 123, "Plans": [{"Node Type": "Hash Join", "Parent Relationship": "Outer", "Join Type": "Inner", "Startup Cost": 7020039712202.21, "Total Cost": 9000056202986.58, "Plan Rows": 134, "Plan Width": 59, "Inner Unique": true, "Hash Cond": "(at.movie_id = t.id)", "Plans": [{"Node Type": "Hash Join", "Parent Relationship": "Outer", "Join Type": "Inner", "Startup Cost": 6020028046215.04, "Total Cost": 8000044536997.71, "Plan Rows": 97, "Plan Width": 58, "Inner Unique": true, "Hash Cond": "(mk.keyword_id = k.id)", "Plans": [{"Node Type": "Hash Join", "Parent Relationship": "Outer", "Join Type": "Inner", "Startup Cost": 5020027759808.49, "Total Cost": 7000044250589.83, "Plan Rows": 97, "Plan Width": 62, "Inner Unique": false, "Hash Cond": "(at.movie_id = mk.movie_id)", "Plans": [{"Node Type": "Hash Join", "Parent Relationship": "Outer", "Join Type": "Inner", "Startup Cost": 4020012402625.21, "Total Cost": 6000028893393.49, "Plan Rows": 12, "Plan Width": 54, "Inner Unique": true, "Hash Cond": "(mc.company_type_id = ct.id)", "Plans": [{"Node Type": "Hash Join", "Parent Relationship": "Outer", "Join Type": "Inner", "Startup Cost": 3020012401395.68, "Total Cost": 5000028892163.79, "Plan Rows": 12, "Plan Width": 58, "Inner Unique": true, "Hash Cond": "(mc.company_id = cn.id)", "Plans": [{"Node Type": "Hash Join", "Parent Relationship": "Outer", "Join Type": "Inner", "Startup Cost": 2020011350192.08, "Total Cost": 4000027840959.88, "Plan Rows": 20, "Plan Width": 62, "Inner Unique": false, "Hash Cond": "(at.movie_id = mc.movie_id)", "Plans": [{"Node Type": "Hash Join", "Parent Relationship": "Outer", "Join Type": "Inner", "Startup Cost": 1020001999360.98, "Total Cost": 3000018490126.28, "Plan Rows": 9, "Plan Width": 50, "Inner Unique": false, "Hash Cond": "(mi.movie_id = at.movie_id)", "Plans": [{"Node Type": "Nested Loop", "Parent Relationship": "Outer", "Join Type": "Inner", "Startup Cost": 20000004841.46, "Total Cost": 2000016495606.35, "Plan Rows": 4, "Plan Width": 46, "Inner Unique": false, "Plans": [{"Node Type": "Index Scan", "Parent Relationship": "Outer", "Scan Direction": "Forward", "Index Name": "info_type_pkey", "Relation Name": "info_type", "Alias": "it1", "Startup Cost": 10000000000.0, "Total Cost": 1000000001421.0, "Plan Rows": 1, "Plan Width": 4, "Filter": "((info)::text = 'release dates'::text)"}, {"Node Type": "Bitmap Heap Scan", "Parent Relationship": "Inner", "Relation Name": "movie_info", "Alias": "mi", "Startup Cost": 10000004841.46, "Total Cost": 1000016494185.31, "Plan Rows": 4, "Plan Width": 50, "Recheck Cond": "(info_type_id = it1.id)", "Filter": "((info IS NOT NULL) AND ((note)::text ~~ '%internet%'::text) AND (((info)::text ~~ 'USA:% 199%'::text) OR ((info)::text ~~ 'USA:% 200%'::text)))", "Plans": [{"Node Type": "Bitmap Index Scan", "Parent Relationship": "Outer", "Index Name": "info_type_id_movie_info", "Startup Cost": 0.0, "Total Cost": 4841.46, "Plan Rows": 212428, "Plan Width": 0, "Index Cond": "(info_type_id = it1.id)"}]}]}, {"Node Type": "Hash", "Parent Relationship": "Inner", "Startup Cost": 1000001990001.13, "Total Cost": 1000001990001.13, "Plan Rows": 361471, "Plan Width": 4, "Plans": [{"Node Type": "Index Scan", "Parent Relationship": "Outer", "Scan Direction": "Forward", "Index Name": "movie_id_aka_title", "Relation Name": "aka_title", "Alias": "at", "Startup Cost": 10000000000.0, "Total Cost": 1000001990001.13, "Plan Rows": 361471, "Plan Width": 4}]}]}, {"Node Type": "Hash", "Parent Relationship": "Inner", "Startup Cost": 1000009318217.0, "Total Cost": 1000009318217.0, "Plan Rows": 2609128, "Plan Width": 12, "Plans": [{"Node Type": "Index Scan", "Parent Relationship": "Outer", "Scan Direction": "Forward", "Index Name": "company_type_id_movie_companies", "Relation Name": "movie_companies", "Alias": "mc", "Startup Cost": 10000000000.0, "Total Cost": 1000009318217.0, "Plan Rows": 2609128, "Plan Width": 12}]}]}, {"Node Type": "Hash", "Parent Relationship": "Inner", "Startup Cost": 1000001050138.97, "Total Cost": 1000001050138.97, "Plan Rows": 85170, "Plan Width": 4, "Plans": [{"Node Type": "Index Scan", "Parent Relationship": "Outer", "Scan Direction": "Forward", "Index Name": "company_name_pkey", "Relation Name": "company_name", "Alias": "cn", "Startup Cost": 10000000000.0, "Total Cost": 1000001050138.97, "Plan Rows": 85170, "Plan Width": 4, "Filter": "((country_code)::text = '[us]'::text)"}]}]}, {"Node Type": "Hash", "Parent Relationship": "Inner", "Startup Cost": 1000000001229.5, "Total Cost": 1000000001229.5, "Plan Rows": 3, "Plan Width": 4, "Plans": [{"Node Type": "Index Scan", "Parent Relationship": "Outer", "Scan Direction": "Forward", "Index Name": "company_type_pkey", "Relation Name": "company_type", "Alias": "ct", "Startup Cost": 10000000000.0, "Total Cost": 1000000001229.5, "Plan Rows": 3, "Plan Width": 4}]}]}, {"Node Type": "Hash", "Parent Relationship": "Inner", "Startup Cost": 1000015300634.17, "Total Cost": 1000015300634.17, "Plan Rows": 4523929, "Plan Width": 8, "Plans": [{"Node Type": "Index Scan", "Parent Relationship": "Outer", "Scan Direction": "Forward", "Index Name": "movie_id_movie_keyword", "Relation Name": "movie_keyword", "Alias": "mk", "Startup Cost": 10000000000.0, "Total Cost": 1000015300634.17, "Plan Rows": 4523929, "Plan Width": 8}]}]}, {"Node Type": "Hash", "Parent Relationship": "Inner", "Startup Cost": 1000000284729.43, "Total Cost": 1000000284729.43, "Plan Rows": 134169, "Plan Width": 4, "Plans": [{"Node Type": "Index Scan", "Parent Relationship": "Outer", "Scan Direction": "Forward", "Index Name": "keyword_pkey", "Relation Name": "keyword", "Alias": "k", "Startup Cost": 10000000000.0, "Total Cost": 1000000284729.43, "Plan Rows": 134169, "Plan Width": 4}]}]}, {"Node Type": "Hash", "Parent Relationship": "Inner", "Startup Cost": 1000011644126.66, "Total Cost": 1000011644126.66, "Plan Rows": 1748840, "Plan Width": 21, "Plans": [{"Node Type": "Index Scan", "Parent Relationship": "Outer", "Scan Direction": "Forward", "Index Name": "title_pkey", "Relation Name": "title", "Alias": "t", "Startup Cost": 10000000000.0, "Total Cost": 1000011644126.66, "Plan Rows": 1748840, "Plan Width": 21, "Filter": "(production_year > 1990), (LLVM Optimized)"}]}]}]}, "Unique SQL Id": 2846462052}, "explain_analyze_plan": null}, "(64, 112)": {"explain_plan": {"Plan": {"Node Type": "Aggregate", "Strategy": "Plain", "Startup Cost": 69465.15, "Total Cost": 69465.16, "Plan Rows": 1, "Plan Width": 123, "Plans": [{"Node Type": "Nested Loop", "Parent Relationship": "Outer", "Join Type": "Inner", "Startup Cost": 0.0, "Total Cost": 69464.49, "Plan Rows": 132, "Plan Width": 59, "Inner Unique": false, "Plans": [{"Node Type": "Nested Loop", "Parent Relationship": "Outer", "Join Type": "Inner", "Startup Cost": 0.0, "Total Cost": 69449.44, "Plan Rows": 44, "Plan Width": 75, "Inner Unique": true, "Plans": [{"Node Type": "Nested Loop", "Parent Relationship": "Outer", "Join Type": "Inner", "Startup Cost": 0.0, "Total Cost": 69437.12, "Plan Rows": 44, "Plan Width": 79, "Inner Unique": false, "Join Filter": "(t.id = mk.movie_id)", "Plans": [{"Node Type": "Nested Loop", "Parent Relationship": "Outer", "Join Type": "Inner", "Startup Cost": 0.0, "Total Cost": 69433.75, "Plan Rows": 6, "Plan Width": 71, "Inner Unique": true, "Plans": [{"Node Type": "Nested Loop", "Parent Relationship": "Outer", "Join Type": "Inner", "Startup Cost": 0.0, "Total Cost": 69430.58, "Plan Rows": 11, "Plan Width": 75, "Inner Unique": true, "Join Filter": "(mc.company_type_id = ct.id)", "Plans": [{"Node Type": "Nested Loop", "Parent Relationship": "Outer", "Join Type": "Inner", "Startup Cost": 0.0, "Total Cost": 69429.0, "Plan Rows": 12, "Plan Width": 79, "Inner Unique": false, "Plans": [{"Node Type": "Nested Loop", "Parent Relationship": "Outer", "Join Type": "Inner", "Startup Cost": 0.0, "Total Cost": 69426.8, "Plan Rows": 6, "Plan Width": 67, "Inner Unique": true, "Plans": [{"Node Type": "Nested Loop", "Parent Relationship": "Outer", "Join Type": "Inner", "Startup Cost": 0.0, "Total Cost": 69393.85, "Plan Rows": 4, "Plan Width": 46, "Inner Unique": false, "Join Filter": "(it1.id = mi.info_type_id)", "Plans": [{"Node Type": "Seq Scan", "Parent Relationship": "Outer", "Relation Name": "info_type", "Alias": "it1", "Startup Cost": 0.0, "Total Cost": 2.4, "Plan Rows": 1, "Plan Width": 4, "Filter": "((info)::text = 'release dates'::text)"}, {"Node Type": "Materialize", "Parent Relationship": "Inner", "Startup Cost": 0.0, "Total Cost": 69388.9, "Plan Rows": 255, "Plan Width": 50, "Plans": [{"Node Type": "Streaming(type: LOCAL GATHER dop: 1/64)", "Parent Relationship": "Outer", "Startup Cost": 0.0, "Total Cost": 69388.27, "Plan Rows": 255, "Plan Width": 50, "Plans": [{"Node Type": "Seq Scan", "Parent Relationship": "Outer", "Relation Name": "movie_info", "Alias": "mi", "Startup Cost": 0.0, "Total Cost": 69383.01, "Plan Rows": 255, "Plan Width": 50, "Filter": "((info IS NOT NULL) AND ((note)::text ~~ '%internet%'::text) AND (((info)::text ~~ 'USA:% 199%'::text) OR ((info)::text ~~ 'USA:% 200%'::text)))"}]}]}]}, {"Node Type": "Index Scan", "Parent Relationship": "Inner", "Scan Direction": "Forward", "Index Name": "title_pkey", "Relation Name": "title", "Alias": "t", "Startup Cost": 0.0, "Total Cost": 8.23, "Plan Rows": 1, "Plan Width": 21, "Index Cond": "(id = mi.movie_id)", "Filter": "(production_year > 1990)"}]}, {"Node Type": "Index Scan", "Parent Relationship": "Inner", "Scan Direction": "Forward", "Index Name": "movie_id_movie_companies", "Relation Name": "movie_companies", "Alias": "mc", "Startup Cost": 0.0, "Total Cost": 0.35, "Plan Rows": 2, "Plan Width": 12, "Index Cond": "(movie_id = t.id)"}]}, {"Node Type": "Materialize", "Parent Relationship": "Inner", "Startup Cost": 0.0, "Total Cost": 1.04, "Plan Rows": 3, "Plan Width": 4, "Plans": [{"Node Type": "Seq Scan", "Parent Relationship": "Outer", "Relation Name": "company_type", "Alias": "ct", "Startup Cost": 0.0, "Total Cost": 1.03, "Plan Rows": 3, "Plan Width": 4}]}]}, {"Node Type": "Index Scan", "Parent Relationship": "Inner", "Scan Direction": "Forward", "Index Name": "company_name_pkey", "Relation Name": "company_name", "Alias": "cn", "Startup Cost": 0.0, "Total Cost": 0.28, "Plan Rows": 1, "Plan Width": 4, "Index Cond": "(id = mc.company_id)", "Filter": "((country_code)::text = '[us]'::text)"}]}, {"Node Type": "Index Scan", "Parent Relationship": "Inner", "Scan Direction": "Forward", "Index Name": "movie_id_movie_keyword", "Relation Name": "movie_keyword", "Alias": "mk", "Startup Cost": 0.0, "Total Cost": 0.46, "Plan Rows": 8, "Plan Width": 8, "Index Cond": "(movie_id = mc.movie_id)"}]}, {"Node Type": "Index Only Scan", "Parent Relationship": "Inner", "Scan Direction": "Forward", "Index Name": "keyword_pkey", "Relation Name": "keyword", "Alias": "k", "Startup Cost": 0.0, "Total Cost": 0.27, "Plan Rows": 1, "Plan Width": 4, "Index Cond": "(id = mk.keyword_id)"}]}, {"Node Type": "Index Only Scan", "Parent Relationship": "Inner", "Scan Direction": "Forward", "Index Name": "movie_id_aka_title", "Relation Name": "aka_title", "Alias": "at", "Startup Cost": 0.0, "Total Cost": 0.31, "Plan Rows": 3, "Plan Width": 4, "Index Cond": "(movie_id = t.id)"}]}]}, "Unique SQL Id": 2846462052}, "explain_analyze_plan": {"Plan": {"Node Type": "Aggregate", "Strategy": "Plain", "Startup Cost": 69465.15, "Total Cost": 69465.16, "Plan Rows": 1, "Plan Width": 123, "Actual Min Startup Time": 345.13, "Actual Max Startup Time": 345.13, "Actual Min Total Time": 345.13, "Actual Max Total Time": 345.13, "Actual Total Rows": 1, "Plans": [{"Node Type": "Nested Loop", "Parent Relationship": "Outer", "Join Type": "Inner", "Startup Cost": 0.0, "Total Cost": 69464.49, "Plan Rows": 132, "Plan Width": 59, "Actual Min Startup Time": 257.427, "Actual Max Startup Time": 257.427, "Actual Min Total Time": 344.303, "Actual Max Total Time": 344.303, "Actual Total Rows": 1140, "Inner Unique": false, "Plans": [{"Node Type": "Nested Loop", "Parent Relationship": "Outer", "Join Type": "Inner", "Startup Cost": 0.0, "Total Cost": 69449.44, "Plan Rows": 44, "Plan Width": 75, "Actual Min Startup Time": 255.301, "Actual Max Startup Time": 255.301, "Actual Min Total Time": 331.262, "Actual Max Total Time": 331.262, "Actual Total Rows": 4808, "Inner Unique": true, "Plans": [{"Node Type": "Nested Loop", "Parent Relationship": "Outer", "Join Type": "Inner", "Startup Cost": 0.0, "Total Cost": 69437.12, "Plan Rows": 44, "Plan Width": 79, "Actual Min Startup Time": 255.277, "Actual Max Startup Time": 255.277, "Actual Min Total Time": 314.328, "Actual Max Total Time": 314.328, "Actual Total Rows": 4808, "Inner Unique": false, "Join Filter": "(t.id = mk.movie_id)", "Rows Removed by Join Filter": 0, "Plans": [{"Node Type": "Nested Loop", "Parent Relationship": "Outer", "Join Type": "Inner", "Startup Cost": 0.0, "Total Cost": 69433.75, "Plan Rows": 6, "Plan Width": 71, "Actual Min Startup Time": 255.176, "Actual Max Startup Time": 255.176, "Actual Min Total Time": 300.972, "Actual Max Total Time": 300.972, "Actual Total Rows": 1488, "Inner Unique": true, "Plans": [{"Node Type": "Nested Loop", "Parent Relationship": "Outer", "Join Type": "Inner", "Startup Cost": 0.0, "Total Cost": 69430.58, "Plan Rows": 11, "Plan Width": 75, "Actual Min Startup Time": 255.148, "Actual Max Startup Time": 255.148, "Actual Min Total Time": 289.815, "Actual Max Total Time": 289.815, "Actual Total Rows": 1599, "Inner Unique": true, "Join Filter": "(mc.company_type_id = ct.id)", "Rows Removed by Join Filter": 3855, "Plans": [{"Node Type": "Nested Loop", "Parent Relationship": "Outer", "Join Type": "Inner", "Startup Cost": 0.0, "Total Cost": 69429.0, "Plan Rows": 12, "Plan Width": 79, "Actual Min Startup Time": 255.122, "Actual Max Startup Time": 255.122, "Actual Min Total Time": 287.181, "Actual Max Total Time": 287.181, "Actual Total Rows": 2884, "Inner Unique": false, "Plans": [{"Node Type": "Nested Loop", "Parent Relationship": "Outer", "Join Type": "Inner", "Startup Cost": 0.0, "Total Cost": 69426.8, "Plan Rows": 6, "Plan Width": 67, "Actual Min Startup Time": 255.072, "Actual Max Startup Time": 255.072, "Actual Min Total Time": 270.731, "Actual Max Total Time": 270.731, "Actual Total Rows": 1782, "Inner Unique": true, "Plans": [{"Node Type": "Nested Loop", "Parent Relationship": "Outer", "Join Type": "Inner", "Startup Cost": 0.0, "Total Cost": 69393.85, "Plan Rows": 4, "Plan Width": 46, "Actual Min Startup Time": 255.014, "Actual Max Startup Time": 255.014, "Actual Min Total Time": 256.226, "Actual Max Total Time": 256.226, "Actual Total Rows": 1783, "Inner Unique": false, "Join Filter": "(it1.id = mi.info_type_id)", "Rows Removed by Join Filter": 0, "Plans": [{"Node Type": "Seq Scan", "Parent Relationship": "Outer", "Relation Name": "info_type", "Alias": "it1", "Startup Cost": 0.0, "Total Cost": 2.4, "Plan Rows": 1, "Plan Width": 4, "Actual Min Startup Time": 0.089, "Actual Max Startup Time": 0.089, "Actual Min Total Time": 0.117, "Actual Max Total Time": 0.117, "Actual Total Rows": 1, "Filter": "((info)::text = 'release dates'::text)", "Rows Removed by Filter": 111}, {"Node Type": "Materialize", "Parent Relationship": "Inner", "Startup Cost": 0.0, "Total Cost": 69388.9, "Plan Rows": 255, "Plan Width": 50, "Actual Min Startup Time": 254.872, "Actual Max Startup Time": 254.872, "Actual Min Total Time": 255.183, "Actual Max Total Time": 255.183, "Actual Total Rows": 1784, "Plans": [{"Node Type": "Streaming(type: LOCAL GATHER dop: 1/64)", "Parent Relationship": "Outer", "Startup Cost": 0.0, "Total Cost": 69388.27, "Plan Rows": 255, "Plan Width": 50, "Actual Min Startup Time": 77.082, "Actual Max Startup Time": 77.082, "Actual Min Total Time": 254.429, "Actual Max Total Time": 254.429, "Actual Total Rows": 1783, "Plans": [{"Node Type": "Seq Scan", "Parent Relationship": "Outer", "Relation Name": "movie_info", "Alias": "mi", "Startup Cost": 0.0, "Total Cost": 69383.01, "Plan Rows": 255, "Plan Width": 50, "Actual Min Startup Time": 20.238, "Actual Max Startup Time": 29.384, "Actual Min Total Time": 72.173, "Actual Max Total Time": 84.825, "Actual Total Rows": 1783, "Filter": "((info IS NOT NULL) AND ((note)::text ~~ '%internet%'::text) AND (((info)::text ~~ 'USA:% 199%'::text) OR ((info)::text ~~ 'USA:% 200%'::text)))", "Rows Removed by Filter": 14833936}]}]}]}, {"Node Type": "Index Scan", "Parent Relationship": "Inner", "Scan Direction": "Forward", "Index Name": "title_pkey", "Relation Name": "title", "Alias": "t", "Startup Cost": 0.0, "Total Cost": 8.23, "Plan Rows": 1, "Plan Width": 21, "Actual Min Startup Time": 12.969, "Actual Max Startup Time": 12.969, "Actual Min Total Time": 12.969, "Actual Max Total Time": 12.969, "Actual Total Rows": 1782, "Index Cond": "(id = mi.movie_id)", "Rows Removed by Index Recheck": 0, "Filter": "(production_year > 1990)", "Rows Removed by Filter": 1}]}, {"Node Type": "Index Scan", "Parent Relationship": "Inner", "Scan Direction": "Forward", "Index Name": "movie_id_movie_companies", "Relation Name": "movie_companies", "Alias": "mc", "Startup Cost": 0.0, "Total Cost": 0.35, "Plan Rows": 2, "Plan Width": 12, "Actual Min Startup Time": 11.941, "Actual Max Startup Time": 11.941, "Actual Min Total Time": 14.872, "Actual Max Total Time": 14.872, "Actual Total Rows": 2884, "Index Cond": "(movie_id = t.id)", "Rows Removed by Index Recheck": 0}]}, {"Node Type": "Materialize", "Parent Relationship": "Inner", "Startup Cost": 0.0, "Total Cost": 1.04, "Plan Rows": 3, "Plan Width": 4, "Actual Min Startup Time": 0.325, "Actual Max Startup Time": 0.325, "Actual Min Total Time": 0.663, "Actual Max Total Time": 0.663, "Actual Total Rows": 5454, "Plans": [{"Node Type": "Seq Scan", "Parent Relationship": "Outer", "Relation Name": "company_type", "Alias": "ct", "Startup Cost": 0.0, "Total Cost": 1.03, "Plan Rows": 3, "Plan Width": 4, "Actual Min Startup Time": 0.009, "Actual Max Startup Time": 0.009, "Actual Min Total Time": 0.011, "Actual Max Total Time": 0.011, "Actual Total Rows": 3}]}]}, {"Node Type": "Index Scan", "Parent Relationship": "Inner", "Scan Direction": "Forward", "Index Name": "company_name_pkey", "Relation Name": "company_name", "Alias": "cn", "Startup Cost": 0.0, "Total Cost": 0.28, "Plan Rows": 1, "Plan Width": 4, "Actual Min Startup Time": 9.829, "Actual Max Startup Time": 9.829, "Actual Min Total Time": 9.829, "Actual Max Total Time": 9.829, "Actual Total Rows": 1488, "Index Cond": "(id = mc.company_id)", "Rows Removed by Index Recheck": 0, "Filter": "((country_code)::text = '[us]'::text)", "Rows Removed by Filter": 111}]}, {"Node Type": "Index Scan", "Parent Relationship": "Inner", "Scan Direction": "Forward", "Index Name": "movie_id_movie_keyword", "Relation Name": "movie_keyword", "Alias": "mk", "Startup Cost": 0.0, "Total Cost": 0.46, "Plan Rows": 8, "Plan Width": 8, "Actual Min Startup Time": 8.204, "Actual Max Startup Time": 8.204, "Actual Min Total Time": 10.552, "Actual Max Total Time": 10.552, "Actual Total Rows": 4808, "Index Cond": "(movie_id = mc.movie_id)", "Rows Removed by Index Recheck": 0}]}, {"Node Type": "Index Only Scan", "Parent Relationship": "Inner", "Scan Direction": "Forward", "Index Name": "keyword_pkey", "Relation Name": "keyword", "Alias": "k", "Startup Cost": 0.0, "Total Cost": 0.27, "Plan Rows": 1, "Plan Width": 4, "Actual Min Startup Time": 13.424, "Actual Max Startup Time": 13.424, "Actual Min Total Time": 13.424, "Actual Max Total Time": 13.424, "Actual Total Rows": 4808, "Index Cond": "(id = mk.keyword_id)", "Rows Removed by Index Recheck": 0, "Heap Fetches": 0}]}, {"Node Type": "Index Only Scan", "Parent Relationship": "Inner", "Scan Direction": "Forward", "Index Name": "movie_id_aka_title", "Relation Name": "aka_title", "Alias": "at", "Startup Cost": 0.0, "Total Cost": 0.31, "Plan Rows": 3, "Plan Width": 4, "Actual Min Startup Time": 10.178, "Actual Max Startup Time": 10.178, "Actual Min Total Time": 10.466, "Actual Max Total Time": 10.466, "Actual Total Rows": 1140, "Index Cond": "(movie_id = t.id)", "Rows Removed by Index Recheck": 0, "Heap Fetches": 0}]}]}, "Triggers": [], "Planner Runtime": 41.184, "Total Runtime": 358.109, "Unique SQL Id": 2846462052}}, "(64, 113)": {"explain_plan": {"Plan": {"Node Type": "Aggregate", "Strategy": "Plain", "Startup Cost": 165028.91, "Total Cost": 165028.92, "Plan Rows": 1, "Plan Width": 123, "Plans": [{"Node Type": "Nested Loop", "Parent Relationship": "Outer", "Join Type": "Inner", "Startup Cost": 4841.46, "Total Cost": 165028.25, "Plan Rows": 132, "Plan Width": 59, "Inner Unique": false, "Plans": [{"Node Type": "Nested Loop", "Parent Relationship": "Outer", "Join Type": "Inner", "Startup Cost": 4841.46, "Total Cost": 165013.2, "Plan Rows": 44, "Plan Width": 75, "Inner Unique": true, "Plans": [{"Node Type": "Nested Loop", "Parent Relationship": "Outer", "Join Type": "Inner", "Startup Cost": 4841.46, "Total Cost": 165000.88, "Plan Rows": 44, "Plan Width": 79, "Inner Unique": false, "Join Filter": "(t.id = mk.movie_id)", "Plans": [{"Node Type": "Nested Loop", "Parent Relationship": "Outer", "Join Type": "Inner", "Startup Cost": 4841.46, "Total Cost": 164997.5, "Plan Rows": 6, "Plan Width": 71, "Inner Unique": true, "Plans": [{"Node Type": "Nested Loop", "Parent Relationship": "Outer", "Join Type": "Inner", "Startup Cost": 4841.46, "Total Cost": 164994.7, "Plan Rows": 10, "Plan Width": 75, "Inner Unique": true, "Plans": [{"Node Type": "Nested Loop", "Parent Relationship": "Outer", "Join Type": "Inner", "Startup Cost": 4841.46, "Total Cost": 164991.25, "Plan Rows": 12, "Plan Width": 79, "Inner Unique": false, "Plans": [{"Node Type": "Nested Loop", "Parent Relationship": "Outer", "Join Type": "Inner", "Startup Cost": 4841.46, "Total Cost": 164989.04, "Plan Rows": 6, "Plan Width": 67, "Inner Unique": true, "Plans": [{"Node Type": "Nested Loop", "Parent Relationship": "Outer", "Join Type": "Inner", "Startup Cost": 4841.46, "Total Cost": 164956.1, "Plan Rows": 4, "Plan Width": 46, "Inner Unique": false, "Plans": [{"Node Type": "Index Scan", "Parent Relationship": "Outer", "Scan Direction": "Forward", "Index Name": "info_type_pkey", "Relation Name": "info_type", "Alias": "it1", "Startup Cost": 0.0, "Total Cost": 14.21, "Plan Rows": 1, "Plan Width": 4, "Filter": "((info)::text = 'release dates'::text)"}, {"Node Type": "Bitmap Heap Scan", "Parent Relationship": "Inner", "Relation Name": "movie_info", "Alias": "mi", "Startup Cost": 4841.46, "Total Cost": 164941.85, "Plan Rows": 4, "Plan Width": 50, "Recheck Cond": "(info_type_id = it1.id)", "Filter": "((info IS NOT NULL) AND ((note)::text ~~ '%internet%'::text) AND (((info)::text ~~ 'USA:% 199%'::text) OR ((info)::text ~~ 'USA:% 200%'::text)))", "Plans": [{"Node Type": "Bitmap Index Scan", "Parent Relationship": "Outer", "Index Name": "info_type_id_movie_info", "Startup Cost": 0.0, "Total Cost": 4841.46, "Plan Rows": 212428, "Plan Width": 0, "Index Cond": "(info_type_id = it1.id)"}]}]}, {"Node Type": "Index Scan", "Parent Relationship": "Inner", "Scan Direction": "Forward", "Index Name": "title_pkey", "Relation Name": "title", "Alias": "t", "Startup Cost": 0.0, "Total Cost": 8.23, "Plan Rows": 1, "Plan Width": 21, "Index Cond": "(id = mi.movie_id)", "Filter": "(production_year > 1990)"}]}, {"Node Type": "Index Scan", "Parent Relationship": "Inner", "Scan Direction": "Forward", "Index Name": "movie_id_movie_companies", "Relation Name": "movie_companies", "Alias": "mc", "Startup Cost": 0.0, "Total Cost": 0.35, "Plan Rows": 2, "Plan Width": 12, "Index Cond": "(movie_id = t.id)"}]}, {"Node Type": "Index Scan", "Parent Relationship": "Inner", "Scan Direction": "Forward", "Index Name": "company_name_pkey", "Relation Name": "company_name", "Alias": "cn", "Startup Cost": 0.0, "Total Cost": 0.28, "Plan Rows": 1, "Plan Width": 4, "Index Cond": "(id = mc.company_id)", "Filter": "((country_code)::text = '[us]'::text)"}]}, {"Node Type": "Index Only Scan", "Parent Relationship": "Inner", "Scan Direction": "Forward", "Index Name": "company_type_pkey", "Relation Name": "company_type", "Alias": "ct", "Startup Cost": 0.0, "Total Cost": 0.27, "Plan Rows": 1, "Plan Width": 4, "Index Cond": "(id = mc.company_type_id)"}]}, {"Node Type": "Index Scan", "Parent Relationship": "Inner", "Scan Direction": "Forward", "Index Name": "movie_id_movie_keyword", "Relation Name": "movie_keyword", "Alias": "mk", "Startup Cost": 0.0, "Total Cost": 0.46, "Plan Rows": 8, "Plan Width": 8, "Index Cond": "(movie_id = mc.movie_id)"}]}, {"Node Type": "Index Only Scan", "Parent Relationship": "Inner", "Scan Direction": "Forward", "Index Name": "keyword_pkey", "Relation Name": "keyword", "Alias": "k", "Startup Cost": 0.0, "Total Cost": 0.27, "Plan Rows": 1, "Plan Width": 4, "Index Cond": "(id = mk.keyword_id)"}]}, {"Node Type": "Index Only Scan", "Parent Relationship": "Inner", "Scan Direction": "Forward", "Index Name": "movie_id_aka_title", "Relation Name": "aka_title", "Alias": "at", "Startup Cost": 0.0, "Total Cost": 0.31, "Plan Rows": 3, "Plan Width": 4, "Index Cond": "(movie_id = t.id)"}]}]}, "Unique SQL Id": 2846462052}, "explain_analyze_plan": null}, "(64, 114)": {"explain_plan": {"Plan": {"Node Type": "Aggregate", "Strategy": "Plain", "Startup Cost": 70461.66, "Total Cost": 70461.67, "Plan Rows": 1, "Plan Width": 123, "Plans": [{"Node Type": "Nested Loop", "Parent Relationship": "Outer", "Join Type": "Inner", "Startup Cost": 5.28, "Total Cost": 70461.0, "Plan Rows": 132, "Plan Width": 59, "Inner Unique": true, "Join Filter": "(at.movie_id = t.id)", "Plans": [{"Node Type": "Nested Loop", "Parent Relationship": "Outer", "Join Type": "Inner", "Startup Cost": 5.01, "Total Cost": 70053.12, "Plan Rows": 95, "Plan Width": 58, "Inner Unique": true, "Plans": [{"Node Type": "Nested Loop", "Parent Relationship": "Outer", "Join Type": "Inner", "Startup Cost": 4.75, "Total Cost": 69637.93, "Plan Rows": 97, "Plan Width": 62, "Inner Unique": false, "Join Filter": "(at.movie_id = mk.movie_id)", "Plans": [{"Node Type": "Nested Loop", "Parent Relationship": "Outer", "Join Type": "Inner", "Startup Cost": 4.42, "Total Cost": 69583.48, "Plan Rows": 12, "Plan Width": 54, "Inner Unique": true, "Join Filter": "(mc.company_type_id = ct.id)", "Plans": [{"Node Type": "Nested Loop", "Parent Relationship": "Outer", "Join Type": "Inner", "Startup Cost": 4.42, "Total Cost": 69581.9, "Plan Rows": 12, "Plan Width": 58, "Inner Unique": true, "Plans": [{"Node Type": "Nested Loop", "Parent Relationship": "Outer", "Join Type": "Inner", "Startup Cost": 4.16, "Total Cost": 69496.23, "Plan Rows": 20, "Plan Width": 62, "Inner Unique": false, "Plans": [{"Node Type": "Nested Loop", "Parent Relationship": "Outer", "Join Type": "Inner", "Startup Cost": 3.79, "Total Cost": 69456.49, "Plan Rows": 9, "Plan Width": 50, "Inner Unique": false, "Plans": [{"Node Type": "Nested Loop", "Parent Relationship": "Outer", "Join Type": "Inner", "Startup Cost": 0.0, "Total Cost": 69393.85, "Plan Rows": 4, "Plan Width": 46, "Inner Unique": false, "Join Filter": "(it1.id = mi.info_type_id)", "Plans": [{"Node Type": "Seq Scan", "Parent Relationship": "Outer", "Relation Name": "info_type", "Alias": "it1", "Startup Cost": 0.0, "Total Cost": 2.4, "Plan Rows": 1, "Plan Width": 4, "Filter": "((info)::text = 'release dates'::text)"}, {"Node Type": "Materialize", "Parent Relationship": "Inner", "Startup Cost": 0.0, "Total Cost": 69388.9, "Plan Rows": 255, "Plan Width": 50, "Plans": [{"Node Type": "Streaming(type: LOCAL GATHER dop: 1/64)", "Parent Relationship": "Outer", "Startup Cost": 0.0, "Total Cost": 69388.27, "Plan Rows": 255, "Plan Width": 50, "Plans": [{"Node Type": "Seq Scan", "Parent Relationship": "Outer", "Relation Name": "movie_info", "Alias": "mi", "Startup Cost": 0.0, "Total Cost": 69383.01, "Plan Rows": 255, "Plan Width": 50, "Filter": "((info IS NOT NULL) AND ((note)::text ~~ '%internet%'::text) AND (((info)::text ~~ 'USA:% 199%'::text) OR ((info)::text ~~ 'USA:% 200%'::text)))"}]}]}]}, {"Node Type": "Bitmap Heap Scan", "Parent Relationship": "Inner", "Relation Name": "aka_title", "Alias": "at", "Startup Cost": 3.79, "Total Cost": 15.63, "Plan Rows": 3, "Plan Width": 4, "Recheck Cond": "(movie_id = mi.movie_id)", "Plans": [{"Node Type": "Bitmap Index Scan", "Parent Relationship": "Outer", "Index Name": "movie_id_aka_title", "Startup Cost": 0.0, "Total Cost": 3.79, "Plan Rows": 3, "Plan Width": 0, "Index Cond": "(movie_id = mi.movie_id)"}]}]}, {"Node Type": "Bitmap Heap Scan", "Parent Relationship": "Inner", "Relation Name": "movie_companies", "Alias": "mc", "Startup Cost": 0.37, "Total Cost": 4.4, "Plan Rows": 2, "Plan Width": 12, "Recheck Cond": "(movie_id = at.movie_id)", "Plans": [{"Node Type": "Bitmap Index Scan", "Parent Relationship": "Outer", "Index Name": "movie_id_movie_companies", "Startup Cost": 0.0, "Total Cost": 0.37, "Plan Rows": 2, "Plan Width": 0, "Index Cond": "(movie_id = at.movie_id)"}]}]}, {"Node Type": "Bitmap Heap Scan", "Parent Relationship": "Inner", "Relation Name": "company_name", "Alias": "cn", "Startup Cost": 0.26, "Total Cost": 4.27, "Plan Rows": 1, "Plan Width": 4, "Recheck Cond": "(id = mc.company_id)", "Filter": "((country_code)::text = '[us]'::text)", "Plans": [{"Node Type": "Bitmap Index Scan", "Parent Relationship": "Outer", "Index Name": "company_name_pkey", "Startup Cost": 0.0, "Total Cost": 0.26, "Plan Rows": 1, "Plan Width": 0, "Index Cond": "(id = mc.company_id)"}]}]}, {"Node Type": "Materialize", "Parent Relationship": "Inner", "Startup Cost": 0.0, "Total Cost": 1.04, "Plan Rows": 3, "Plan Width": 4, "Plans": [{"Node Type": "Seq Scan", "Parent Relationship": "Outer", "Relation Name": "company_type", "Alias": "ct", "Startup Cost": 0.0, "Total Cost": 1.03, "Plan Rows": 3, "Plan Width": 4}]}]}, {"Node Type": "Bitmap Heap Scan", "Parent Relationship": "Inner", "Relation Name": "movie_keyword", "Alias": "mk", "Startup Cost": 0.34, "Total Cost": 4.44, "Plan Rows": 8, "Plan Width": 8, "Recheck Cond": "(movie_id = mc.movie_id)", "Plans": [{"Node Type": "Bitmap Index Scan", "Parent Relationship": "Outer", "Index Name": "movie_id_movie_keyword", "Startup Cost": 0.0, "Total Cost": 0.34, "Plan Rows": 8, "Plan Width": 0, "Index Cond": "(movie_id = mc.movie_id)"}]}]}, {"Node Type": "Bitmap Heap Scan", "Parent Relationship": "Inner", "Relation Name": "keyword", "Alias": "k", "Startup Cost": 0.26, "Total Cost": 4.27, "Plan Rows": 1, "Plan Width": 4, "Recheck Cond": "(id = mk.keyword_id)", "Plans": [{"Node Type": "Bitmap Index Scan", "Parent Relationship": "Outer", "Index Name": "keyword_pkey", "Startup Cost": 0.0, "Total Cost": 0.26, "Plan Rows": 1, "Plan Width": 0, "Index Cond": "(id = mk.keyword_id)"}]}]}, {"Node Type": "Bitmap Heap Scan", "Parent Relationship": "Inner", "Relation Name": "title", "Alias": "t", "Startup Cost": 0.27, "Total Cost": 4.28, "Plan Rows": 1, "Plan Width": 21, "Recheck Cond": "(id = mk.movie_id)", "Filter": "(production_year > 1990)", "Plans": [{"Node Type": "Bitmap Index Scan", "Parent Relationship": "Outer", "Index Name": "title_pkey", "Startup Cost": 0.0, "Total Cost": 0.27, "Plan Rows": 1, "Plan Width": 0, "Index Cond": "(id = mk.movie_id)"}]}]}]}, "Unique SQL Id": 2846462052}, "explain_analyze_plan": {"Plan": {"Node Type": "Aggregate", "Strategy": "Plain", "Startup Cost": 70461.66, "Total Cost": 70461.67, "Plan Rows": 1, "Plan Width": 123, "Actual Min Startup Time": 342.925, "Actual Max Startup Time": 342.925, "Actual Min Total Time": 342.926, "Actual Max Total Time": 342.926, "Actual Total Rows": 1, "Plans": [{"Node Type": "Nested Loop", "Parent Relationship": "Outer", "Join Type": "Inner", "Startup Cost": 5.28, "Total Cost": 70461.0, "Plan Rows": 132, "Plan Width": 59, "Actual Min Startup Time": 311.565, "Actual Max Startup Time": 311.565, "Actual Min Total Time": 341.955, "Actual Max Total Time": 341.955, "Actual Total Rows": 1140, "Inner Unique": true, "Join Filter": "(at.movie_id = t.id)", "Rows Removed by Join Filter": 0, "Plans": [{"Node Type": "Nested Loop", "Parent Relationship": "Outer", "Join Type": "Inner", "Startup Cost": 5.01, "Total Cost": 70053.12, "Plan Rows": 95, "Plan Width": 58, "Actual Min Startup Time": 311.522, "Actual Max Startup Time": 311.522, "Actual Min Total Time": 335.54, "Actual Max Total Time": 335.54, "Actual Total Rows": 1140, "Inner Unique": true, "Plans": [{"Node Type": "Nested Loop", "Parent Relationship": "Outer", "Join Type": "Inner", "Startup Cost": 4.75, "Total Cost": 69637.93, "Plan Rows": 97, "Plan Width": 62, "Actual Min Startup Time": 311.494, "Actual Max Startup Time": 311.494, "Actual Min Total Time": 327.867, "Actual Max Total Time": 327.867, "Actual Total Rows": 1140, "Inner Unique": false, "Join Filter": "(at.movie_id = mk.movie_id)", "Rows Removed by Join Filter": 0, "Plans": [{"Node Type": "Nested Loop", "Parent Relationship": "Outer", "Join Type": "Inner", "Startup Cost": 4.42, "Total Cost": 69583.48, "Plan Rows": 12, "Plan Width": 54, "Actual Min Startup Time": 311.017, "Actual Max Startup Time": 311.017, "Actual Min Total Time": 325.869, "Actual Max Total Time": 325.869, "Actual Total Rows": 119, "Inner Unique": true, "Join Filter": "(mc.company_type_id = ct.id)", "Rows Removed by Join Filter": 495, "Plans": [{"Node Type": "Nested Loop", "Parent Relationship": "Outer", "Join Type": "Inner", "Startup Cost": 4.42, "Total Cost": 69581.9, "Plan Rows": 12, "Plan Width": 58, "Actual Min Startup Time": 310.953, "Actual Max Startup Time": 310.953, "Actual Min Total Time": 325.522, "Actual Max Total Time": 325.522, "Actual Total Rows": 284, "Inner Unique": true, "Plans": [{"Node Type": "Nested Loop", "Parent Relationship": "Outer", "Join Type": "Inner", "Startup Cost": 4.16, "Total Cost": 69496.23, "Plan Rows": 20, "Plan Width": 62, "Actual Min Startup Time": 310.92, "Actual Max Startup Time": 310.92, "Actual Min Total Time": 322.366, "Actual Max Total Time": 322.366, "Actual Total Rows": 400, "Inner Unique": false, "Plans": [{"Node Type": "Nested Loop", "Parent Relationship": "Outer", "Join Type": "Inner", "Startup Cost": 3.79, "Total Cost": 69456.49, "Plan Rows": 9, "Plan Width": 50, "Actual Min Startup Time": 310.826, "Actual Max Startup Time": 310.826, "Actual Min Total Time": 320.599, "Actual Max Total Time": 320.599, "Actual Total Rows": 120, "Inner Unique": false, "Plans": [{"Node Type": "Nested Loop", "Parent Relationship": "Outer", "Join Type": "Inner", "Startup Cost": 0.0, "Total Cost": 69393.85, "Plan Rows": 4, "Plan Width": 46, "Actual Min Startup Time": 310.518, "Actual Max Startup Time": 310.518, "Actual Min Total Time": 311.676, "Actual Max Total Time": 311.676, "Actual Total Rows": 1783, "Inner Unique": false, "Join Filter": "(it1.id = mi.info_type_id)", "Rows Removed by Join Filter": 0, "Plans": [{"Node Type": "Seq Scan", "Parent Relationship": "Outer", "Relation Name": "info_type", "Alias": "it1", "Startup Cost": 0.0, "Total Cost": 2.4, "Plan Rows": 1, "Plan Width": 4, "Actual Min Startup Time": 0.11, "Actual Max Startup Time": 0.11, "Actual Min Total Time": 0.137, "Actual Max Total Time": 0.137, "Actual Total Rows": 1, "Filter": "((info)::text = 'release dates'::text)", "Rows Removed by Filter": 111}, {"Node Type": "Materialize", "Parent Relationship": "Inner", "Startup Cost": 0.0, "Total Cost": 69388.9, "Plan Rows": 255, "Plan Width": 50, "Actual Min Startup Time": 310.372, "Actual Max Startup Time": 310.372, "Actual Min Total Time": 310.672, "Actual Max Total Time": 310.672, "Actual Total Rows": 1784, "Plans": [{"Node Type": "Streaming(type: LOCAL GATHER dop: 1/64)", "Parent Relationship": "Outer", "Startup Cost": 0.0, "Total Cost": 69388.27, "Plan Rows": 255, "Plan Width": 50, "Actual Min Startup Time": 208.045, "Actual Max Startup Time": 208.045, "Actual Min Total Time": 309.897, "Actual Max Total Time": 309.897, "Actual Total Rows": 1783, "Plans": [{"Node Type": "Seq Scan", "Parent Relationship": "Outer", "Relation Name": "movie_info", "Alias": "mi", "Startup Cost": 0.0, "Total Cost": 69383.01, "Plan Rows": 255, "Plan Width": 50, "Actual Min Startup Time": 20.912, "Actual Max Startup Time": 55.775, "Actual Min Total Time": 75.639, "Actual Max Total Time": 111.751, "Actual Total Rows": 1783, "Filter": "((info IS NOT NULL) AND ((note)::text ~~ '%internet%'::text) AND (((info)::text ~~ 'USA:% 199%'::text) OR ((info)::text ~~ 'USA:% 200%'::text)))", "Rows Removed by Filter": 14833936}]}]}]}, {"Node Type": "Bitmap Heap Scan", "Parent Relationship": "Inner", "Relation Name": "aka_title", "Alias": "at", "Startup Cost": 3.79, "Total Cost": 15.63, "Plan Rows": 3, "Plan Width": 4, "Actual Min Startup Time": 6.905, "Actual Max Startup Time": 6.905, "Actual Min Total Time": 7.037, "Actual Max Total Time": 7.037, "Actual Total Rows": 120, "Recheck Cond": "(movie_id = mi.movie_id)", "Rows Removed by Index Recheck": 0, "Exact Heap Blocks": 120, "Lossy Heap Blocks": 120, "Plans": [{"Node Type": "Bitmap Index Scan", "Parent Relationship": "Outer", "Index Name": "movie_id_aka_title", "Startup Cost": 0.0, "Total Cost": 3.79, "Plan Rows": 3, "Plan Width": 0, "Actual Min Startup Time": 5.758, "Actual Max Startup Time": 5.758, "Actual Min Total Time": 5.758, "Actual Max Total Time": 5.758, "Actual Total Rows": 120, "Index Cond": "(movie_id = mi.movie_id)"}]}]}, {"Node Type": "Bitmap Heap Scan", "Parent Relationship": "Inner", "Relation Name": "movie_companies", "Alias": "mc", "Startup Cost": 0.37, "Total Cost": 4.4, "Plan Rows": 2, "Plan Width": 12, "Actual Min Startup Time": 1.219, "Actual Max Startup Time": 1.219, "Actual Min Total Time": 1.467, "Actual Max Total Time": 1.467, "Actual Total Rows": 400, "Recheck Cond": "(movie_id = at.movie_id)", "Rows Removed by Index Recheck": 0, "Exact Heap Blocks": 214, "Lossy Heap Blocks": 214, "Plans": [{"Node Type": "Bitmap Index Scan", "Parent Relationship": "Outer", "Index Name": "movie_id_movie_companies", "Startup Cost": 0.0, "Total Cost": 0.37, "Plan Rows": 2, "Plan Width": 0, "Actual Min Startup Time": 0.754, "Actual Max Startup Time": 0.754, "Actual Min Total Time": 0.754, "Actual Max Total Time": 0.754, "Actual Total Rows": 400, "Index Cond": "(movie_id = at.movie_id)"}]}]}, {"Node Type": "Bitmap Heap Scan", "Parent Relationship": "Inner", "Relation Name": "company_name", "Alias": "cn", "Startup Cost": 0.26, "Total Cost": 4.27, "Plan Rows": 1, "Plan Width": 4, "Actual Min Startup Time": 2.592, "Actual Max Startup Time": 2.592, "Actual Min Total Time": 2.592, "Actual Max Total Time": 2.592, "Actual Total Rows": 284, "Recheck Cond": "(id = mc.company_id)", "Rows Removed by Index Recheck": 0, "Filter": "((country_code)::text = '[us]'::text)", "Rows Removed by Filter": 116, "Exact Heap Blocks": 400, "Lossy Heap Blocks": 400, "Plans": [{"Node Type": "Bitmap Index Scan", "Parent Relationship": "Outer", "Index Name": "company_name_pkey", "Startup Cost": 0.0, "Total Cost": 0.26, "Plan Rows": 1, "Plan Width": 0, "Actual Min Startup Time": 1.456, "Actual Max Startup Time": 1.456, "Actual Min Total Time": 1.456, "Actual Max Total Time": 1.456, "Actual Total Rows": 400, "Index Cond": "(id = mc.company_id)"}]}]}, {"Node Type": "Materialize", "Parent Relationship": "Inner", "Startup Cost": 0.0, "Total Cost": 1.04, "Plan Rows": 3, "Plan Width": 4, "Actual Min Startup Time": 0.051, "Actual Max Startup Time": 0.051, "Actual Min Total Time": 0.101, "Actual Max Total Time": 0.101, "Actual Total Rows": 614, "Plans": [{"Node Type": "Seq Scan", "Parent Relationship": "Outer", "Relation Name": "company_type", "Alias": "ct", "Startup Cost": 0.0, "Total Cost": 1.03, "Plan Rows": 3, "Plan Width": 4, "Actual Min Startup Time": 0.008, "Actual Max Startup Time": 0.008, "Actual Min Total Time": 0.01, "Actual Max Total Time": 0.01, "Actual Total Rows": 3}]}]}, {"Node Type": "Bitmap Heap Scan", "Parent Relationship": "Inner", "Relation Name": "movie_keyword", "Alias": "mk", "Startup Cost": 0.34, "Total Cost": 4.44, "Plan Rows": 8, "Plan Width": 8, "Actual Min Startup Time": 1.234, "Actual Max Startup Time": 1.234, "Actual Min Total Time": 1.413, "Actual Max Total Time": 1.413, "Actual Total Rows": 1140, "Recheck Cond": "(movie_id = mc.movie_id)", "Rows Removed by Index Recheck": 0, "Exact Heap Blocks": 91, "Lossy Heap Blocks": 91, "Plans": [{"Node Type": "Bitmap Index Scan", "Parent Relationship": "Outer", "Index Name": "movie_id_movie_keyword", "Startup Cost": 0.0, "Total Cost": 0.34, "Plan Rows": 8, "Plan Width": 0, "Actual Min Startup Time": 0.827, "Actual Max Startup Time": 0.827, "Actual Min Total Time": 0.827, "Actual Max Total Time": 0.827, "Actual Total Rows": 1140, "Index Cond": "(movie_id = mc.movie_id)"}]}]}, {"Node Type": "Bitmap Heap Scan", "Parent Relationship": "Inner", "Relation Name": "keyword", "Alias": "k", "Startup Cost": 0.26, "Total Cost": 4.27, "Plan Rows": 1, "Plan Width": 4, "Actual Min Startup Time": 6.046, "Actual Max Startup Time": 6.046, "Actual Min Total Time": 6.046, "Actual Max Total Time": 6.046, "Actual Total Rows": 1140, "Recheck Cond": "(id = mk.keyword_id)", "Rows Removed by Index Recheck": 0, "Exact Heap Blocks": 1140, "Lossy Heap Blocks": 1140, "Plans": [{"Node Type": "Bitmap Index Scan", "Parent Relationship": "Outer", "Index Name": "keyword_pkey", "Startup Cost": 0.0, "Total Cost": 0.26, "Plan Rows": 1, "Plan Width": 0, "Actual Min Startup Time": 3.737, "Actual Max Startup Time": 3.737, "Actual Min Total Time": 3.737, "Actual Max Total Time": 3.737, "Actual Total Rows": 1140, "Index Cond": "(id = mk.keyword_id)"}]}]}, {"Node Type": "Bitmap Heap Scan", "Parent Relationship": "Inner", "Relation Name": "title", "Alias": "t", "Startup Cost": 0.27, "Total Cost": 4.28, "Plan Rows": 1, "Plan Width": 21, "Actual Min Startup Time": 4.755, "Actual Max Startup Time": 4.755, "Actual Min Total Time": 4.755, "Actual Max Total Time": 4.755, "Actual Total Rows": 1140, "Recheck Cond": "(id = mk.movie_id)", "Rows Removed by Index Recheck": 0, "Filter": "(production_year > 1990)", "Rows Removed by Filter": 0, "Exact Heap Blocks": 1140, "Lossy Heap Blocks": 1140, "Plans": [{"Node Type": "Bitmap Index Scan", "Parent Relationship": "Outer", "Index Name": "title_pkey", "Startup Cost": 0.0, "Total Cost": 0.27, "Plan Rows": 1, "Plan Width": 0, "Actual Min Startup Time": 2.904, "Actual Max Startup Time": 2.904, "Actual Min Total Time": 2.904, "Actual Max Total Time": 2.904, "Actual Total Rows": 1140, "Index Cond": "(id = mk.movie_id)"}]}]}]}, "Triggers": [], "Planner Runtime": 197.506, "Total Runtime": 355.936, "Unique SQL Id": 2846462052}}, "(64, 115)": {"explain_plan": {"Plan": {"Node Type": "Aggregate", "Strategy": "Plain", "Startup Cost": 166073.69, "Total Cost": 166073.7, "Plan Rows": 1, "Plan Width": 123, "Plans": [{"Node Type": "Nested Loop", "Parent Relationship": "Outer", "Join Type": "Inner", "Startup Cost": 4855.81, "Total Cost": 166073.03, "Plan Rows": 132, "Plan Width": 59, "Inner Unique": true, "Join Filter": "(at.movie_id = t.id)", "Plans": [{"Node Type": "Nested Loop", "Parent Relationship": "Outer", "Join Type": "Inner", "Startup Cost": 4855.54, "Total Cost": 165665.15, "Plan Rows": 95, "Plan Width": 58, "Inner Unique": true, "Plans": [{"Node Type": "Nested Loop", "Parent Relationship": "Outer", "Join Type": "Inner", "Startup Cost": 4855.28, "Total Cost": 165249.97, "Plan Rows": 97, "Plan Width": 62, "Inner Unique": false, "Join Filter": "(at.movie_id = mk.movie_id)", "Plans": [{"Node Type": "Nested Loop", "Parent Relationship": "Outer", "Join Type": "Inner", "Startup Cost": 4854.95, "Total Cost": 165195.51, "Plan Rows": 12, "Plan Width": 54, "Inner Unique": true, "Plans": [{"Node Type": "Nested Loop", "Parent Relationship": "Outer", "Join Type": "Inner", "Startup Cost": 4854.69, "Total Cost": 165144.15, "Plan Rows": 12, "Plan Width": 58, "Inner Unique": true, "Plans": [{"Node Type": "Nested Loop", "Parent Relationship": "Outer", "Join Type": "Inner", "Startup Cost": 4854.43, "Total Cost": 165058.48, "Plan Rows": 20, "Plan Width": 62, "Inner Unique": false, "Plans": [{"Node Type": "Nested Loop", "Parent Relationship": "Outer", "Join Type": "Inner", "Startup Cost": 4854.06, "Total Cost": 165018.73, "Plan Rows": 9, "Plan Width": 50, "Inner Unique": false, "Plans": [{"Node Type": "Nested Loop", "Parent Relationship": "Outer", "Join Type": "Inner", "Startup Cost": 4850.27, "Total Cost": 164956.1, "Plan Rows": 4, "Plan Width": 46, "Inner Unique": false, "Plans": [{"Node Type": "Bitmap Heap Scan", "Parent Relationship": "Outer", "Relation Name": "info_type", "Alias": "it1", "Startup Cost": 8.81, "Total Cost": 14.21, "Plan Rows": 1, "Plan Width": 4, "Filter": "((info)::text = 'release dates'::text)", "Plans": [{"Node Type": "Bitmap Index Scan", "Parent Relationship": "Outer", "Index Name": "info_type_pkey", "Startup Cost": 0.0, "Total Cost": 8.81, "Plan Rows": 112, "Plan Width": 0}]}, {"Node Type": "Bitmap Heap Scan", "Parent Relationship": "Inner", "Relation Name": "movie_info", "Alias": "mi", "Startup Cost": 4841.46, "Total Cost": 164941.85, "Plan Rows": 4, "Plan Width": 50, "Recheck Cond": "(info_type_id = it1.id)", "Filter": "((info IS NOT NULL) AND ((note)::text ~~ '%internet%'::text) AND (((info)::text ~~ 'USA:% 199%'::text) OR ((info)::text ~~ 'USA:% 200%'::text)))", "Plans": [{"Node Type": "Bitmap Index Scan", "Parent Relationship": "Outer", "Index Name": "info_type_id_movie_info", "Startup Cost": 0.0, "Total Cost": 4841.46, "Plan Rows": 212428, "Plan Width": 0, "Index Cond": "(info_type_id = it1.id)"}]}]}, {"Node Type": "Bitmap Heap Scan", "Parent Relationship": "Inner", "Relation Name": "aka_title", "Alias": "at", "Startup Cost": 3.79, "Total Cost": 15.63, "Plan Rows": 3, "Plan Width": 4, "Recheck Cond": "(movie_id = mi.movie_id)", "Plans": [{"Node Type": "Bitmap Index Scan", "Parent Relationship": "Outer", "Index Name": "movie_id_aka_title", "Startup Cost": 0.0, "Total Cost": 3.79, "Plan Rows": 3, "Plan Width": 0, "Index Cond": "(movie_id = mi.movie_id)"}]}]}, {"Node Type": "Bitmap Heap Scan", "Parent Relationship": "Inner", "Relation Name": "movie_companies", "Alias": "mc", "Startup Cost": 0.37, "Total Cost": 4.4, "Plan Rows": 2, "Plan Width": 12, "Recheck Cond": "(movie_id = at.movie_id)", "Plans": [{"Node Type": "Bitmap Index Scan", "Parent Relationship": "Outer", "Index Name": "movie_id_movie_companies", "Startup Cost": 0.0, "Total Cost": 0.37, "Plan Rows": 2, "Plan Width": 0, "Index Cond": "(movie_id = at.movie_id)"}]}]}, {"Node Type": "Bitmap Heap Scan", "Parent Relationship": "Inner", "Relation Name": "company_name", "Alias": "cn", "Startup Cost": 0.26, "Total Cost": 4.27, "Plan Rows": 1, "Plan Width": 4, "Recheck Cond": "(id = mc.company_id)", "Filter": "((country_code)::text = '[us]'::text)", "Plans": [{"Node Type": "Bitmap Index Scan", "Parent Relationship": "Outer", "Index Name": "company_name_pkey", "Startup Cost": 0.0, "Total Cost": 0.26, "Plan Rows": 1, "Plan Width": 0, "Index Cond": "(id = mc.company_id)"}]}]}, {"Node Type": "Bitmap Heap Scan", "Parent Relationship": "Inner", "Relation Name": "company_type", "Alias": "ct", "Startup Cost": 0.26, "Total Cost": 4.27, "Plan Rows": 1, "Plan Width": 4, "Recheck Cond": "(id = mc.company_type_id)", "Plans": [{"Node Type": "Bitmap Index Scan", "Parent Relationship": "Outer", "Index Name": "company_type_pkey", "Startup Cost": 0.0, "Total Cost": 0.26, "Plan Rows": 1, "Plan Width": 0, "Index Cond": "(id = mc.company_type_id)"}]}]}, {"Node Type": "Bitmap Heap Scan", "Parent Relationship": "Inner", "Relation Name": "movie_keyword", "Alias": "mk", "Startup Cost": 0.34, "Total Cost": 4.44, "Plan Rows": 8, "Plan Width": 8, "Recheck Cond": "(movie_id = mc.movie_id)", "Plans": [{"Node Type": "Bitmap Index Scan", "Parent Relationship": "Outer", "Index Name": "movie_id_movie_keyword", "Startup Cost": 0.0, "Total Cost": 0.34, "Plan Rows": 8, "Plan Width": 0, "Index Cond": "(movie_id = mc.movie_id)"}]}]}, {"Node Type": "Bitmap Heap Scan", "Parent Relationship": "Inner", "Relation Name": "keyword", "Alias": "k", "Startup Cost": 0.26, "Total Cost": 4.27, "Plan Rows": 1, "Plan Width": 4, "Recheck Cond": "(id = mk.keyword_id)", "Plans": [{"Node Type": "Bitmap Index Scan", "Parent Relationship": "Outer", "Index Name": "keyword_pkey", "Startup Cost": 0.0, "Total Cost": 0.26, "Plan Rows": 1, "Plan Width": 0, "Index Cond": "(id = mk.keyword_id)"}]}]}, {"Node Type": "Bitmap Heap Scan", "Parent Relationship": "Inner", "Relation Name": "title", "Alias": "t", "Startup Cost": 0.27, "Total Cost": 4.28, "Plan Rows": 1, "Plan Width": 21, "Recheck Cond": "(id = mk.movie_id)", "Filter": "(production_year > 1990)", "Plans": [{"Node Type": "Bitmap Index Scan", "Parent Relationship": "Outer", "Index Name": "title_pkey", "Startup Cost": 0.0, "Total Cost": 0.27, "Plan Rows": 1, "Plan Width": 0, "Index Cond": "(id = mk.movie_id)"}]}]}]}, "Unique SQL Id": 2846462052}, "explain_analyze_plan": null}, "(64, 116)": {"explain_plan": {"Plan": {"Node Type": "Aggregate", "Strategy": "Plain", "Startup Cost": 69465.7, "Total Cost": 69465.71, "Plan Rows": 1, "Plan Width": 123, "Plans": [{"Node Type": "Nested Loop", "Parent Relationship": "Outer", "Join Type": "Inner", "Startup Cost": 0.0, "Total Cost": 69465.04, "Plan Rows": 132, "Plan Width": 59, "Inner Unique": false, "Join Filter": "(t.id = at.movie_id)", "Plans": [{"Node Type": "Nested Loop", "Parent Relationship": "Outer", "Join Type": "Inner", "Startup Cost": 0.0, "Total Cost": 69449.47, "Plan Rows": 44, "Plan Width": 75, "Inner Unique": true, "Plans": [{"Node Type": "Nested Loop", "Parent Relationship": "Outer", "Join Type": "Inner", "Startup Cost": 0.0, "Total Cost": 69437.12, "Plan Rows": 44, "Plan Width": 79, "Inner Unique": false, "Join Filter": "(t.id = mk.movie_id)", "Plans": [{"Node Type": "Nested Loop", "Parent Relationship": "Outer", "Join Type": "Inner", "Startup Cost": 0.0, "Total Cost": 69433.75, "Plan Rows": 6, "Plan Width": 71, "Inner Unique": true, "Plans": [{"Node Type": "Nested Loop", "Parent Relationship": "Outer", "Join Type": "Inner", "Startup Cost": 0.0, "Total Cost": 69430.58, "Plan Rows": 11, "Plan Width": 75, "Inner Unique": true, "Join Filter": "(mc.company_type_id = ct.id)", "Plans": [{"Node Type": "Nested Loop", "Parent Relationship": "Outer", "Join Type": "Inner", "Startup Cost": 0.0, "Total Cost": 69429.0, "Plan Rows": 12, "Plan Width": 79, "Inner Unique": false, "Plans": [{"Node Type": "Nested Loop", "Parent Relationship": "Outer", "Join Type": "Inner", "Startup Cost": 0.0, "Total Cost": 69426.8, "Plan Rows": 6, "Plan Width": 67, "Inner Unique": true, "Plans": [{"Node Type": "Nested Loop", "Parent Relationship": "Outer", "Join Type": "Inner", "Startup Cost": 0.0, "Total Cost": 69393.85, "Plan Rows": 4, "Plan Width": 46, "Inner Unique": false, "Join Filter": "(it1.id = mi.info_type_id)", "Plans": [{"Node Type": "Seq Scan", "Parent Relationship": "Outer", "Relation Name": "info_type", "Alias": "it1", "Startup Cost": 0.0, "Total Cost": 2.4, "Plan Rows": 1, "Plan Width": 4, "Filter": "((info)::text = 'release dates'::text)"}, {"Node Type": "Materialize", "Parent Relationship": "Inner", "Startup Cost": 0.0, "Total Cost": 69388.9, "Plan Rows": 255, "Plan Width": 50, "Plans": [{"Node Type": "Streaming(type: LOCAL GATHER dop: 1/64)", "Parent Relationship": "Outer", "Startup Cost": 0.0, "Total Cost": 69388.27, "Plan Rows": 255, "Plan Width": 50, "Plans": [{"Node Type": "Seq Scan", "Parent Relationship": "Outer", "Relation Name": "movie_info", "Alias": "mi", "Startup Cost": 0.0, "Total Cost": 69383.01, "Plan Rows": 255, "Plan Width": 50, "Filter": "((info IS NOT NULL) AND ((note)::text ~~ '%internet%'::text) AND (((info)::text ~~ 'USA:% 199%'::text) OR ((info)::text ~~ 'USA:% 200%'::text)))"}]}]}]}, {"Node Type": "Index Scan", "Parent Relationship": "Inner", "Scan Direction": "Forward", "Index Name": "title_pkey", "Relation Name": "title", "Alias": "t", "Startup Cost": 0.0, "Total Cost": 8.23, "Plan Rows": 1, "Plan Width": 21, "Index Cond": "(id = mi.movie_id)", "Filter": "(production_year > 1990)"}]}, {"Node Type": "Index Scan", "Parent Relationship": "Inner", "Scan Direction": "Forward", "Index Name": "movie_id_movie_companies", "Relation Name": "movie_companies", "Alias": "mc", "Startup Cost": 0.0, "Total Cost": 0.35, "Plan Rows": 2, "Plan Width": 12, "Index Cond": "(movie_id = t.id)"}]}, {"Node Type": "Materialize", "Parent Relationship": "Inner", "Startup Cost": 0.0, "Total Cost": 1.04, "Plan Rows": 3, "Plan Width": 4, "Plans": [{"Node Type": "Seq Scan", "Parent Relationship": "Outer", "Relation Name": "company_type", "Alias": "ct", "Startup Cost": 0.0, "Total Cost": 1.03, "Plan Rows": 3, "Plan Width": 4}]}]}, {"Node Type": "Index Scan", "Parent Relationship": "Inner", "Scan Direction": "Forward", "Index Name": "company_name_pkey", "Relation Name": "company_name", "Alias": "cn", "Startup Cost": 0.0, "Total Cost": 0.28, "Plan Rows": 1, "Plan Width": 4, "Index Cond": "(id = mc.company_id)", "Filter": "((country_code)::text = '[us]'::text)"}]}, {"Node Type": "Index Scan", "Parent Relationship": "Inner", "Scan Direction": "Forward", "Index Name": "movie_id_movie_keyword", "Relation Name": "movie_keyword", "Alias": "mk", "Startup Cost": 0.0, "Total Cost": 0.46, "Plan Rows": 8, "Plan Width": 8, "Index Cond": "(movie_id = mc.movie_id)"}]}, {"Node Type": "Index Scan", "Parent Relationship": "Inner", "Scan Direction": "Forward", "Index Name": "keyword_pkey", "Relation Name": "keyword", "Alias": "k", "Startup Cost": 0.0, "Total Cost": 0.27, "Plan Rows": 1, "Plan Width": 4, "Index Cond": "(id = mk.keyword_id)"}]}, {"Node Type": "Index Scan", "Parent Relationship": "Inner", "Scan Direction": "Forward", "Index Name": "movie_id_aka_title", "Relation Name": "aka_title", "Alias": "at", "Startup Cost": 0.0, "Total Cost": 0.32, "Plan Rows": 3, "Plan Width": 4, "Index Cond": "(movie_id = mk.movie_id)"}]}]}, "Unique SQL Id": 2846462052}, "explain_analyze_plan": {"Plan": {"Node Type": "Aggregate", "Strategy": "Plain", "Startup Cost": 69465.7, "Total Cost": 69465.71, "Plan Rows": 1, "Plan Width": 123, "Actual Min Startup Time": 249.447, "Actual Max Startup Time": 249.447, "Actual Min Total Time": 249.447, "Actual Max Total Time": 249.447, "Actual Total Rows": 1, "Plans": [{"Node Type": "Nested Loop", "Parent Relationship": "Outer", "Join Type": "Inner", "Startup Cost": 0.0, "Total Cost": 69465.04, "Plan Rows": 132, "Plan Width": 59, "Actual Min Startup Time": 165.767, "Actual Max Startup Time": 165.767, "Actual Min Total Time": 248.592, "Actual Max Total Time": 248.592, "Actual Total Rows": 1140, "Inner Unique": false, "Join Filter": "(t.id = at.movie_id)", "Rows Removed by Join Filter": 0, "Plans": [{"Node Type": "Nested Loop", "Parent Relationship": "Outer", "Join Type": "Inner", "Startup Cost": 0.0, "Total Cost": 69449.47, "Plan Rows": 44, "Plan Width": 75, "Actual Min Startup Time": 163.894, "Actual Max Startup Time": 163.894, "Actual Min Total Time": 234.093, "Actual Max Total Time": 234.093, "Actual Total Rows": 4808, "Inner Unique": true, "Plans": [{"Node Type": "Nested Loop", "Parent Relationship": "Outer", "Join Type": "Inner", "Startup Cost": 0.0, "Total Cost": 69437.12, "Plan Rows": 44, "Plan Width": 79, "Actual Min Startup Time": 163.88, "Actual Max Startup Time": 163.88, "Actual Min Total Time": 213.798, "Actual Max Total Time": 213.798, "Actual Total Rows": 4808, "Inner Unique": false, "Join Filter": "(t.id = mk.movie_id)", "Rows Removed by Join Filter": 0, "Plans": [{"Node Type": "Nested Loop", "Parent Relationship": "Outer", "Join Type": "Inner", "Startup Cost": 0.0, "Total Cost": 69433.75, "Plan Rows": 6, "Plan Width": 71, "Actual Min Startup Time": 163.805, "Actual Max Startup Time": 163.805, "Actual Min Total Time": 201.355, "Actual Max Total Time": 201.355, "Actual Total Rows": 1488, "Inner Unique": true, "Plans": [{"Node Type": "Nested Loop", "Parent Relationship": "Outer", "Join Type": "Inner", "Startup Cost": 0.0, "Total Cost": 69430.58, "Plan Rows": 11, "Plan Width": 75, "Actual Min Startup Time": 163.786, "Actual Max Startup Time": 163.786, "Actual Min Total Time": 192.39, "Actual Max Total Time": 192.39, "Actual Total Rows": 1599, "Inner Unique": true, "Join Filter": "(mc.company_type_id = ct.id)", "Rows Removed by Join Filter": 3855, "Plans": [{"Node Type": "Nested Loop", "Parent Relationship": "Outer", "Join Type": "Inner", "Startup Cost": 0.0, "Total Cost": 69429.0, "Plan Rows": 12, "Plan Width": 79, "Actual Min Startup Time": 163.769, "Actual Max Startup Time": 163.769, "Actual Min Total Time": 189.86, "Actual Max Total Time": 189.86, "Actual Total Rows": 2884, "Inner Unique": false, "Plans": [{"Node Type": "Nested Loop", "Parent Relationship": "Outer", "Join Type": "Inner", "Startup Cost": 0.0, "Total Cost": 69426.8, "Plan Rows": 6, "Plan Width": 67, "Actual Min Startup Time": 163.734, "Actual Max Startup Time": 163.734, "Actual Min Total Time": 177.573, "Actual Max Total Time": 177.573, "Actual Total Rows": 1782, "Inner Unique": true, "Plans": [{"Node Type": "Nested Loop", "Parent Relationship": "Outer", "Join Type": "Inner", "Startup Cost": 0.0, "Total Cost": 69393.85, "Plan Rows": 4, "Plan Width": 46, "Actual Min Startup Time": 163.695, "Actual Max Startup Time": 163.695, "Actual Min Total Time": 164.841, "Actual Max Total Time": 164.841, "Actual Total Rows": 1783, "Inner Unique": false, "Join Filter": "(it1.id = mi.info_type_id)", "Rows Removed by Join Filter": 0, "Plans": [{"Node Type": "Seq Scan", "Parent Relationship": "Outer", "Relation Name": "info_type", "Alias": "it1", "Startup Cost": 0.0, "Total Cost": 2.4, "Plan Rows": 1, "Plan Width": 4, "Actual Min Startup Time": 0.057, "Actual Max Startup Time": 0.057, "Actual Min Total Time": 0.085, "Actual Max Total Time": 0.085, "Actual Total Rows": 1, "Filter": "((info)::text = 'release dates'::text)", "Rows Removed by Filter": 111}, {"Node Type": "Materialize", "Parent Relationship": "Inner", "Startup Cost": 0.0, "Total Cost": 69388.9, "Plan Rows": 255, "Plan Width": 50, "Actual Min Startup Time": 163.612, "Actual Max Startup Time": 163.612, "Actual Min Total Time": 163.913, "Actual Max Total Time": 163.913, "Actual Total Rows": 1784, "Plans": [{"Node Type": "Streaming(type: LOCAL GATHER dop: 1/64)", "Parent Relationship": "Outer", "Startup Cost": 0.0, "Total Cost": 69388.27, "Plan Rows": 255, "Plan Width": 50, "Actual Min Startup Time": 110.093, "Actual Max Startup Time": 110.093, "Actual Min Total Time": 163.242, "Actual Max Total Time": 163.242, "Actual Total Rows": 1783, "Plans": [{"Node Type": "Seq Scan", "Parent Relationship": "Outer", "Relation Name": "movie_info", "Alias": "mi", "Startup Cost": 0.0, "Total Cost": 69383.01, "Plan Rows": 255, "Plan Width": 50, "Actual Min Startup Time": 20.169, "Actual Max Startup Time": 28.487, "Actual Min Total Time": 71.982, "Actual Max Total Time": 83.156, "Actual Total Rows": 1783, "Filter": "((info IS NOT NULL) AND ((note)::text ~~ '%internet%'::text) AND (((info)::text ~~ 'USA:% 199%'::text) OR ((info)::text ~~ 'USA:% 200%'::text)))", "Rows Removed by Filter": 14833936}]}]}]}, {"Node Type": "Index Scan", "Parent Relationship": "Inner", "Scan Direction": "Forward", "Index Name": "title_pkey", "Relation Name": "title", "Alias": "t", "Startup Cost": 0.0, "Total Cost": 8.23, "Plan Rows": 1, "Plan Width": 21, "Actual Min Startup Time": 11.183, "Actual Max Startup Time": 11.183, "Actual Min Total Time": 11.183, "Actual Max Total Time": 11.183, "Actual Total Rows": 1782, "Index Cond": "(id = mi.movie_id)", "Rows Removed by Index Recheck": 0, "Filter": "(production_year > 1990)", "Rows Removed by Filter": 1}]}, {"Node Type": "Index Scan", "Parent Relationship": "Inner", "Scan Direction": "Forward", "Index Name": "movie_id_movie_companies", "Relation Name": "movie_companies", "Alias": "mc", "Startup Cost": 0.0, "Total Cost": 0.35, "Plan Rows": 2, "Plan Width": 12, "Actual Min Startup Time": 8.348, "Actual Max Startup Time": 8.348, "Actual Min Total Time": 10.616, "Actual Max Total Time": 10.616, "Actual Total Rows": 2884, "Index Cond": "(movie_id = t.id)", "Rows Removed by Index Recheck": 0}]}, {"Node Type": "Materialize", "Parent Relationship": "Inner", "Startup Cost": 0.0, "Total Cost": 1.04, "Plan Rows": 3, "Plan Width": 4, "Actual Min Startup Time": 0.296, "Actual Max Startup Time": 0.296, "Actual Min Total Time": 0.636, "Actual Max Total Time": 0.636, "Actual Total Rows": 5454, "Plans": [{"Node Type": "Seq Scan", "Parent Relationship": "Outer", "Relation Name": "company_type", "Alias": "ct", "Startup Cost": 0.0, "Total Cost": 1.03, "Plan Rows": 3, "Plan Width": 4, "Actual Min Startup Time": 0.006, "Actual Max Startup Time": 0.006, "Actual Min Total Time": 0.007, "Actual Max Total Time": 0.007, "Actual Total Rows": 3}]}]}, {"Node Type": "Index Scan", "Parent Relationship": "Inner", "Scan Direction": "Forward", "Index Name": "company_name_pkey", "Relation Name": "company_name", "Alias": "cn", "Startup Cost": 0.0, "Total Cost": 0.28, "Plan Rows": 1, "Plan Width": 4, "Actual Min Startup Time": 7.549, "Actual Max Startup Time": 7.549, "Actual Min Total Time": 7.549, "Actual Max Total Time": 7.549, "Actual Total Rows": 1488, "Index Cond": "(id = mc.company_id)", "Rows Removed by Index Recheck": 0, "Filter": "((country_code)::text = '[us]'::text)", "Rows Removed by Filter": 111}]}, {"Node Type": "Index Scan", "Parent Relationship": "Inner", "Scan Direction": "Forward", "Index Name": "movie_id_movie_keyword", "Relation Name": "movie_keyword", "Alias": "mk", "Startup Cost": 0.0, "Total Cost": 0.46, "Plan Rows": 8, "Plan Width": 8, "Actual Min Startup Time": 7.39, "Actual Max Startup Time": 7.39, "Actual Min Total Time": 9.611, "Actual Max Total Time": 9.611, "Actual Total Rows": 4808, "Index Cond": "(movie_id = mc.movie_id)", "Rows Removed by Index Recheck": 0}]}, {"Node Type": "Index Scan", "Parent Relationship": "Inner", "Scan Direction": "Forward", "Index Name": "keyword_pkey", "Relation Name": "keyword", "Alias": "k", "Startup Cost": 0.0, "Total Cost": 0.27, "Plan Rows": 1, "Plan Width": 4, "Actual Min Startup Time": 16.413, "Actual Max Startup Time": 16.413, "Actual Min Total Time": 16.413, "Actual Max Total Time": 16.413, "Actual Total Rows": 4808, "Index Cond": "(id = mk.keyword_id)", "Rows Removed by Index Recheck": 0}]}, {"Node Type": "Index Scan", "Parent Relationship": "Inner", "Scan Direction": "Forward", "Index Name": "movie_id_aka_title", "Relation Name": "aka_title", "Alias": "at", "Startup Cost": 0.0, "Total Cost": 0.32, "Plan Rows": 3, "Plan Width": 4, "Actual Min Startup Time": 11.222, "Actual Max Startup Time": 11.222, "Actual Min Total Time": 11.726, "Actual Max Total Time": 11.726, "Actual Total Rows": 1140, "Index Cond": "(movie_id = mk.movie_id)", "Rows Removed by Index Recheck": 0}]}]}, "Triggers": [], "Planner Runtime": 41.528, "Total Runtime": 261.08, "Unique SQL Id": 2846462052}}, "(64, 117)": {"explain_plan": {"Plan": {"Node Type": "Aggregate", "Strategy": "Plain", "Startup Cost": 165029.46, "Total Cost": 165029.47, "Plan Rows": 1, "Plan Width": 123, "Plans": [{"Node Type": "Nested Loop", "Parent Relationship": "Outer", "Join Type": "Inner", "Startup Cost": 4841.46, "Total Cost": 165028.8, "Plan Rows": 132, "Plan Width": 59, "Inner Unique": false, "Join Filter": "(t.id = at.movie_id)", "Plans": [{"Node Type": "Nested Loop", "Parent Relationship": "Outer", "Join Type": "Inner", "Startup Cost": 4841.46, "Total Cost": 165013.23, "Plan Rows": 44, "Plan Width": 75, "Inner Unique": true, "Plans": [{"Node Type": "Nested Loop", "Parent Relationship": "Outer", "Join Type": "Inner", "Startup Cost": 4841.46, "Total Cost": 165000.88, "Plan Rows": 44, "Plan Width": 79, "Inner Unique": false, "Join Filter": "(t.id = mk.movie_id)", "Plans": [{"Node Type": "Nested Loop", "Parent Relationship": "Outer", "Join Type": "Inner", "Startup Cost": 4841.46, "Total Cost": 164997.5, "Plan Rows": 6, "Plan Width": 71, "Inner Unique": true, "Plans": [{"Node Type": "Nested Loop", "Parent Relationship": "Outer", "Join Type": "Inner", "Startup Cost": 4841.46, "Total Cost": 164994.7, "Plan Rows": 10, "Plan Width": 75, "Inner Unique": true, "Plans": [{"Node Type": "Nested Loop", "Parent Relationship": "Outer", "Join Type": "Inner", "Startup Cost": 4841.46, "Total Cost": 164991.25, "Plan Rows": 12, "Plan Width": 79, "Inner Unique": false, "Plans": [{"Node Type": "Nested Loop", "Parent Relationship": "Outer", "Join Type": "Inner", "Startup Cost": 4841.46, "Total Cost": 164989.04, "Plan Rows": 6, "Plan Width": 67, "Inner Unique": true, "Plans": [{"Node Type": "Nested Loop", "Parent Relationship": "Outer", "Join Type": "Inner", "Startup Cost": 4841.46, "Total Cost": 164956.1, "Plan Rows": 4, "Plan Width": 46, "Inner Unique": false, "Plans": [{"Node Type": "Index Scan", "Parent Relationship": "Outer", "Scan Direction": "Forward", "Index Name": "info_type_pkey", "Relation Name": "info_type", "Alias": "it1", "Startup Cost": 0.0, "Total Cost": 14.21, "Plan Rows": 1, "Plan Width": 4, "Filter": "((info)::text = 'release dates'::text)"}, {"Node Type": "Bitmap Heap Scan", "Parent Relationship": "Inner", "Relation Name": "movie_info", "Alias": "mi", "Startup Cost": 4841.46, "Total Cost": 164941.85, "Plan Rows": 4, "Plan Width": 50, "Recheck Cond": "(info_type_id = it1.id)", "Filter": "((info IS NOT NULL) AND ((note)::text ~~ '%internet%'::text) AND (((info)::text ~~ 'USA:% 199%'::text) OR ((info)::text ~~ 'USA:% 200%'::text)))", "Plans": [{"Node Type": "Bitmap Index Scan", "Parent Relationship": "Outer", "Index Name": "info_type_id_movie_info", "Startup Cost": 0.0, "Total Cost": 4841.46, "Plan Rows": 212428, "Plan Width": 0, "Index Cond": "(info_type_id = it1.id)"}]}]}, {"Node Type": "Index Scan", "Parent Relationship": "Inner", "Scan Direction": "Forward", "Index Name": "title_pkey", "Relation Name": "title", "Alias": "t", "Startup Cost": 0.0, "Total Cost": 8.23, "Plan Rows": 1, "Plan Width": 21, "Index Cond": "(id = mi.movie_id)", "Filter": "(production_year > 1990)"}]}, {"Node Type": "Index Scan", "Parent Relationship": "Inner", "Scan Direction": "Forward", "Index Name": "movie_id_movie_companies", "Relation Name": "movie_companies", "Alias": "mc", "Startup Cost": 0.0, "Total Cost": 0.35, "Plan Rows": 2, "Plan Width": 12, "Index Cond": "(movie_id = t.id)"}]}, {"Node Type": "Index Scan", "Parent Relationship": "Inner", "Scan Direction": "Forward", "Index Name": "company_name_pkey", "Relation Name": "company_name", "Alias": "cn", "Startup Cost": 0.0, "Total Cost": 0.28, "Plan Rows": 1, "Plan Width": 4, "Index Cond": "(id = mc.company_id)", "Filter": "((country_code)::text = '[us]'::text)"}]}, {"Node Type": "Index Scan", "Parent Relationship": "Inner", "Scan Direction": "Forward", "Index Name": "company_type_pkey", "Relation Name": "company_type", "Alias": "ct", "Startup Cost": 0.0, "Total Cost": 0.27, "Plan Rows": 1, "Plan Width": 4, "Index Cond": "(id = mc.company_type_id)"}]}, {"Node Type": "Index Scan", "Parent Relationship": "Inner", "Scan Direction": "Forward", "Index Name": "movie_id_movie_keyword", "Relation Name": "movie_keyword", "Alias": "mk", "Startup Cost": 0.0, "Total Cost": 0.46, "Plan Rows": 8, "Plan Width": 8, "Index Cond": "(movie_id = mc.movie_id)"}]}, {"Node Type": "Index Scan", "Parent Relationship": "Inner", "Scan Direction": "Forward", "Index Name": "keyword_pkey", "Relation Name": "keyword", "Alias": "k", "Startup Cost": 0.0, "Total Cost": 0.27, "Plan Rows": 1, "Plan Width": 4, "Index Cond": "(id = mk.keyword_id)"}]}, {"Node Type": "Index Scan", "Parent Relationship": "Inner", "Scan Direction": "Forward", "Index Name": "movie_id_aka_title", "Relation Name": "aka_title", "Alias": "at", "Startup Cost": 0.0, "Total Cost": 0.32, "Plan Rows": 3, "Plan Width": 4, "Index Cond": "(movie_id = mk.movie_id)"}]}]}, "Unique SQL Id": 2846462052}, "explain_analyze_plan": null}, "(64, 118)": {"explain_plan": {"Plan": {"Node Type": "Aggregate", "Strategy": "Plain", "Startup Cost": 70461.66, "Total Cost": 70461.67, "Plan Rows": 1, "Plan Width": 123, "Plans": [{"Node Type": "Nested Loop", "Parent Relationship": "Outer", "Join Type": "Inner", "Startup Cost": 5.28, "Total Cost": 70461.0, "Plan Rows": 132, "Plan Width": 59, "Inner Unique": true, "Join Filter": "(at.movie_id = t.id)", "Plans": [{"Node Type": "Nested Loop", "Parent Relationship": "Outer", "Join Type": "Inner", "Startup Cost": 5.01, "Total Cost": 70053.12, "Plan Rows": 95, "Plan Width": 58, "Inner Unique": true, "Plans": [{"Node Type": "Nested Loop", "Parent Relationship": "Outer", "Join Type": "Inner", "Startup Cost": 4.75, "Total Cost": 69637.93, "Plan Rows": 97, "Plan Width": 62, "Inner Unique": false, "Join Filter": "(at.movie_id = mk.movie_id)", "Plans": [{"Node Type": "Nested Loop", "Parent Relationship": "Outer", "Join Type": "Inner", "Startup Cost": 4.42, "Total Cost": 69583.48, "Plan Rows": 12, "Plan Width": 54, "Inner Unique": true, "Join Filter": "(mc.company_type_id = ct.id)", "Plans": [{"Node Type": "Nested Loop", "Parent Relationship": "Outer", "Join Type": "Inner", "Startup Cost": 4.42, "Total Cost": 69581.9, "Plan Rows": 12, "Plan Width": 58, "Inner Unique": true, "Plans": [{"Node Type": "Nested Loop", "Parent Relationship": "Outer", "Join Type": "Inner", "Startup Cost": 4.16, "Total Cost": 69496.23, "Plan Rows": 20, "Plan Width": 62, "Inner Unique": false, "Plans": [{"Node Type": "Nested Loop", "Parent Relationship": "Outer", "Join Type": "Inner", "Startup Cost": 3.79, "Total Cost": 69456.49, "Plan Rows": 9, "Plan Width": 50, "Inner Unique": false, "Plans": [{"Node Type": "Nested Loop", "Parent Relationship": "Outer", "Join Type": "Inner", "Startup Cost": 0.0, "Total Cost": 69393.85, "Plan Rows": 4, "Plan Width": 46, "Inner Unique": false, "Join Filter": "(it1.id = mi.info_type_id)", "Plans": [{"Node Type": "Seq Scan", "Parent Relationship": "Outer", "Relation Name": "info_type", "Alias": "it1", "Startup Cost": 0.0, "Total Cost": 2.4, "Plan Rows": 1, "Plan Width": 4, "Filter": "((info)::text = 'release dates'::text)"}, {"Node Type": "Materialize", "Parent Relationship": "Inner", "Startup Cost": 0.0, "Total Cost": 69388.9, "Plan Rows": 255, "Plan Width": 50, "Plans": [{"Node Type": "Streaming(type: LOCAL GATHER dop: 1/64)", "Parent Relationship": "Outer", "Startup Cost": 0.0, "Total Cost": 69388.27, "Plan Rows": 255, "Plan Width": 50, "Plans": [{"Node Type": "Seq Scan", "Parent Relationship": "Outer", "Relation Name": "movie_info", "Alias": "mi", "Startup Cost": 0.0, "Total Cost": 69383.01, "Plan Rows": 255, "Plan Width": 50, "Filter": "((info IS NOT NULL) AND ((note)::text ~~ '%internet%'::text) AND (((info)::text ~~ 'USA:% 199%'::text) OR ((info)::text ~~ 'USA:% 200%'::text)))"}]}]}]}, {"Node Type": "Bitmap Heap Scan", "Parent Relationship": "Inner", "Relation Name": "aka_title", "Alias": "at", "Startup Cost": 3.79, "Total Cost": 15.63, "Plan Rows": 3, "Plan Width": 4, "Recheck Cond": "(movie_id = mi.movie_id)", "Plans": [{"Node Type": "Bitmap Index Scan", "Parent Relationship": "Outer", "Index Name": "movie_id_aka_title", "Startup Cost": 0.0, "Total Cost": 3.79, "Plan Rows": 3, "Plan Width": 0, "Index Cond": "(movie_id = mi.movie_id)"}]}]}, {"Node Type": "Bitmap Heap Scan", "Parent Relationship": "Inner", "Relation Name": "movie_companies", "Alias": "mc", "Startup Cost": 0.37, "Total Cost": 4.4, "Plan Rows": 2, "Plan Width": 12, "Recheck Cond": "(movie_id = at.movie_id)", "Plans": [{"Node Type": "Bitmap Index Scan", "Parent Relationship": "Outer", "Index Name": "movie_id_movie_companies", "Startup Cost": 0.0, "Total Cost": 0.37, "Plan Rows": 2, "Plan Width": 0, "Index Cond": "(movie_id = at.movie_id)"}]}]}, {"Node Type": "Bitmap Heap Scan", "Parent Relationship": "Inner", "Relation Name": "company_name", "Alias": "cn", "Startup Cost": 0.26, "Total Cost": 4.27, "Plan Rows": 1, "Plan Width": 4, "Recheck Cond": "(id = mc.company_id)", "Filter": "((country_code)::text = '[us]'::text)", "Plans": [{"Node Type": "Bitmap Index Scan", "Parent Relationship": "Outer", "Index Name": "company_name_pkey", "Startup Cost": 0.0, "Total Cost": 0.26, "Plan Rows": 1, "Plan Width": 0, "Index Cond": "(id = mc.company_id)"}]}]}, {"Node Type": "Materialize", "Parent Relationship": "Inner", "Startup Cost": 0.0, "Total Cost": 1.04, "Plan Rows": 3, "Plan Width": 4, "Plans": [{"Node Type": "Seq Scan", "Parent Relationship": "Outer", "Relation Name": "company_type", "Alias": "ct", "Startup Cost": 0.0, "Total Cost": 1.03, "Plan Rows": 3, "Plan Width": 4}]}]}, {"Node Type": "Bitmap Heap Scan", "Parent Relationship": "Inner", "Relation Name": "movie_keyword", "Alias": "mk", "Startup Cost": 0.34, "Total Cost": 4.44, "Plan Rows": 8, "Plan Width": 8, "Recheck Cond": "(movie_id = mc.movie_id)", "Plans": [{"Node Type": "Bitmap Index Scan", "Parent Relationship": "Outer", "Index Name": "movie_id_movie_keyword", "Startup Cost": 0.0, "Total Cost": 0.34, "Plan Rows": 8, "Plan Width": 0, "Index Cond": "(movie_id = mc.movie_id)"}]}]}, {"Node Type": "Bitmap Heap Scan", "Parent Relationship": "Inner", "Relation Name": "keyword", "Alias": "k", "Startup Cost": 0.26, "Total Cost": 4.27, "Plan Rows": 1, "Plan Width": 4, "Recheck Cond": "(id = mk.keyword_id)", "Plans": [{"Node Type": "Bitmap Index Scan", "Parent Relationship": "Outer", "Index Name": "keyword_pkey", "Startup Cost": 0.0, "Total Cost": 0.26, "Plan Rows": 1, "Plan Width": 0, "Index Cond": "(id = mk.keyword_id)"}]}]}, {"Node Type": "Bitmap Heap Scan", "Parent Relationship": "Inner", "Relation Name": "title", "Alias": "t", "Startup Cost": 0.27, "Total Cost": 4.28, "Plan Rows": 1, "Plan Width": 21, "Recheck Cond": "(id = mk.movie_id)", "Filter": "(production_year > 1990)", "Plans": [{"Node Type": "Bitmap Index Scan", "Parent Relationship": "Outer", "Index Name": "title_pkey", "Startup Cost": 0.0, "Total Cost": 0.27, "Plan Rows": 1, "Plan Width": 0, "Index Cond": "(id = mk.movie_id)"}]}]}]}, "Unique SQL Id": 2846462052}, "explain_analyze_plan": {"Plan": {"Node Type": "Aggregate", "Strategy": "Plain", "Startup Cost": 70461.66, "Total Cost": 70461.67, "Plan Rows": 1, "Plan Width": 123, "Actual Min Startup Time": 342.925, "Actual Max Startup Time": 342.925, "Actual Min Total Time": 342.926, "Actual Max Total Time": 342.926, "Actual Total Rows": 1, "Plans": [{"Node Type": "Nested Loop", "Parent Relationship": "Outer", "Join Type": "Inner", "Startup Cost": 5.28, "Total Cost": 70461.0, "Plan Rows": 132, "Plan Width": 59, "Actual Min Startup Time": 311.565, "Actual Max Startup Time": 311.565, "Actual Min Total Time": 341.955, "Actual Max Total Time": 341.955, "Actual Total Rows": 1140, "Inner Unique": true, "Join Filter": "(at.movie_id = t.id)", "Rows Removed by Join Filter": 0, "Plans": [{"Node Type": "Nested Loop", "Parent Relationship": "Outer", "Join Type": "Inner", "Startup Cost": 5.01, "Total Cost": 70053.12, "Plan Rows": 95, "Plan Width": 58, "Actual Min Startup Time": 311.522, "Actual Max Startup Time": 311.522, "Actual Min Total Time": 335.54, "Actual Max Total Time": 335.54, "Actual Total Rows": 1140, "Inner Unique": true, "Plans": [{"Node Type": "Nested Loop", "Parent Relationship": "Outer", "Join Type": "Inner", "Startup Cost": 4.75, "Total Cost": 69637.93, "Plan Rows": 97, "Plan Width": 62, "Actual Min Startup Time": 311.494, "Actual Max Startup Time": 311.494, "Actual Min Total Time": 327.867, "Actual Max Total Time": 327.867, "Actual Total Rows": 1140, "Inner Unique": false, "Join Filter": "(at.movie_id = mk.movie_id)", "Rows Removed by Join Filter": 0, "Plans": [{"Node Type": "Nested Loop", "Parent Relationship": "Outer", "Join Type": "Inner", "Startup Cost": 4.42, "Total Cost": 69583.48, "Plan Rows": 12, "Plan Width": 54, "Actual Min Startup Time": 311.017, "Actual Max Startup Time": 311.017, "Actual Min Total Time": 325.869, "Actual Max Total Time": 325.869, "Actual Total Rows": 119, "Inner Unique": true, "Join Filter": "(mc.company_type_id = ct.id)", "Rows Removed by Join Filter": 495, "Plans": [{"Node Type": "Nested Loop", "Parent Relationship": "Outer", "Join Type": "Inner", "Startup Cost": 4.42, "Total Cost": 69581.9, "Plan Rows": 12, "Plan Width": 58, "Actual Min Startup Time": 310.953, "Actual Max Startup Time": 310.953, "Actual Min Total Time": 325.522, "Actual Max Total Time": 325.522, "Actual Total Rows": 284, "Inner Unique": true, "Plans": [{"Node Type": "Nested Loop", "Parent Relationship": "Outer", "Join Type": "Inner", "Startup Cost": 4.16, "Total Cost": 69496.23, "Plan Rows": 20, "Plan Width": 62, "Actual Min Startup Time": 310.92, "Actual Max Startup Time": 310.92, "Actual Min Total Time": 322.366, "Actual Max Total Time": 322.366, "Actual Total Rows": 400, "Inner Unique": false, "Plans": [{"Node Type": "Nested Loop", "Parent Relationship": "Outer", "Join Type": "Inner", "Startup Cost": 3.79, "Total Cost": 69456.49, "Plan Rows": 9, "Plan Width": 50, "Actual Min Startup Time": 310.826, "Actual Max Startup Time": 310.826, "Actual Min Total Time": 320.599, "Actual Max Total Time": 320.599, "Actual Total Rows": 120, "Inner Unique": false, "Plans": [{"Node Type": "Nested Loop", "Parent Relationship": "Outer", "Join Type": "Inner", "Startup Cost": 0.0, "Total Cost": 69393.85, "Plan Rows": 4, "Plan Width": 46, "Actual Min Startup Time": 310.518, "Actual Max Startup Time": 310.518, "Actual Min Total Time": 311.676, "Actual Max Total Time": 311.676, "Actual Total Rows": 1783, "Inner Unique": false, "Join Filter": "(it1.id = mi.info_type_id)", "Rows Removed by Join Filter": 0, "Plans": [{"Node Type": "Seq Scan", "Parent Relationship": "Outer", "Relation Name": "info_type", "Alias": "it1", "Startup Cost": 0.0, "Total Cost": 2.4, "Plan Rows": 1, "Plan Width": 4, "Actual Min Startup Time": 0.11, "Actual Max Startup Time": 0.11, "Actual Min Total Time": 0.137, "Actual Max Total Time": 0.137, "Actual Total Rows": 1, "Filter": "((info)::text = 'release dates'::text)", "Rows Removed by Filter": 111}, {"Node Type": "Materialize", "Parent Relationship": "Inner", "Startup Cost": 0.0, "Total Cost": 69388.9, "Plan Rows": 255, "Plan Width": 50, "Actual Min Startup Time": 310.372, "Actual Max Startup Time": 310.372, "Actual Min Total Time": 310.672, "Actual Max Total Time": 310.672, "Actual Total Rows": 1784, "Plans": [{"Node Type": "Streaming(type: LOCAL GATHER dop: 1/64)", "Parent Relationship": "Outer", "Startup Cost": 0.0, "Total Cost": 69388.27, "Plan Rows": 255, "Plan Width": 50, "Actual Min Startup Time": 208.045, "Actual Max Startup Time": 208.045, "Actual Min Total Time": 309.897, "Actual Max Total Time": 309.897, "Actual Total Rows": 1783, "Plans": [{"Node Type": "Seq Scan", "Parent Relationship": "Outer", "Relation Name": "movie_info", "Alias": "mi", "Startup Cost": 0.0, "Total Cost": 69383.01, "Plan Rows": 255, "Plan Width": 50, "Actual Min Startup Time": 20.912, "Actual Max Startup Time": 55.775, "Actual Min Total Time": 75.639, "Actual Max Total Time": 111.751, "Actual Total Rows": 1783, "Filter": "((info IS NOT NULL) AND ((note)::text ~~ '%internet%'::text) AND (((info)::text ~~ 'USA:% 199%'::text) OR ((info)::text ~~ 'USA:% 200%'::text)))", "Rows Removed by Filter": 14833936}]}]}]}, {"Node Type": "Bitmap Heap Scan", "Parent Relationship": "Inner", "Relation Name": "aka_title", "Alias": "at", "Startup Cost": 3.79, "Total Cost": 15.63, "Plan Rows": 3, "Plan Width": 4, "Actual Min Startup Time": 6.905, "Actual Max Startup Time": 6.905, "Actual Min Total Time": 7.037, "Actual Max Total Time": 7.037, "Actual Total Rows": 120, "Recheck Cond": "(movie_id = mi.movie_id)", "Rows Removed by Index Recheck": 0, "Exact Heap Blocks": 120, "Lossy Heap Blocks": 120, "Plans": [{"Node Type": "Bitmap Index Scan", "Parent Relationship": "Outer", "Index Name": "movie_id_aka_title", "Startup Cost": 0.0, "Total Cost": 3.79, "Plan Rows": 3, "Plan Width": 0, "Actual Min Startup Time": 5.758, "Actual Max Startup Time": 5.758, "Actual Min Total Time": 5.758, "Actual Max Total Time": 5.758, "Actual Total Rows": 120, "Index Cond": "(movie_id = mi.movie_id)"}]}]}, {"Node Type": "Bitmap Heap Scan", "Parent Relationship": "Inner", "Relation Name": "movie_companies", "Alias": "mc", "Startup Cost": 0.37, "Total Cost": 4.4, "Plan Rows": 2, "Plan Width": 12, "Actual Min Startup Time": 1.219, "Actual Max Startup Time": 1.219, "Actual Min Total Time": 1.467, "Actual Max Total Time": 1.467, "Actual Total Rows": 400, "Recheck Cond": "(movie_id = at.movie_id)", "Rows Removed by Index Recheck": 0, "Exact Heap Blocks": 214, "Lossy Heap Blocks": 214, "Plans": [{"Node Type": "Bitmap Index Scan", "Parent Relationship": "Outer", "Index Name": "movie_id_movie_companies", "Startup Cost": 0.0, "Total Cost": 0.37, "Plan Rows": 2, "Plan Width": 0, "Actual Min Startup Time": 0.754, "Actual Max Startup Time": 0.754, "Actual Min Total Time": 0.754, "Actual Max Total Time": 0.754, "Actual Total Rows": 400, "Index Cond": "(movie_id = at.movie_id)"}]}]}, {"Node Type": "Bitmap Heap Scan", "Parent Relationship": "Inner", "Relation Name": "company_name", "Alias": "cn", "Startup Cost": 0.26, "Total Cost": 4.27, "Plan Rows": 1, "Plan Width": 4, "Actual Min Startup Time": 2.592, "Actual Max Startup Time": 2.592, "Actual Min Total Time": 2.592, "Actual Max Total Time": 2.592, "Actual Total Rows": 284, "Recheck Cond": "(id = mc.company_id)", "Rows Removed by Index Recheck": 0, "Filter": "((country_code)::text = '[us]'::text)", "Rows Removed by Filter": 116, "Exact Heap Blocks": 400, "Lossy Heap Blocks": 400, "Plans": [{"Node Type": "Bitmap Index Scan", "Parent Relationship": "Outer", "Index Name": "company_name_pkey", "Startup Cost": 0.0, "Total Cost": 0.26, "Plan Rows": 1, "Plan Width": 0, "Actual Min Startup Time": 1.456, "Actual Max Startup Time": 1.456, "Actual Min Total Time": 1.456, "Actual Max Total Time": 1.456, "Actual Total Rows": 400, "Index Cond": "(id = mc.company_id)"}]}]}, {"Node Type": "Materialize", "Parent Relationship": "Inner", "Startup Cost": 0.0, "Total Cost": 1.04, "Plan Rows": 3, "Plan Width": 4, "Actual Min Startup Time": 0.051, "Actual Max Startup Time": 0.051, "Actual Min Total Time": 0.101, "Actual Max Total Time": 0.101, "Actual Total Rows": 614, "Plans": [{"Node Type": "Seq Scan", "Parent Relationship": "Outer", "Relation Name": "company_type", "Alias": "ct", "Startup Cost": 0.0, "Total Cost": 1.03, "Plan Rows": 3, "Plan Width": 4, "Actual Min Startup Time": 0.008, "Actual Max Startup Time": 0.008, "Actual Min Total Time": 0.01, "Actual Max Total Time": 0.01, "Actual Total Rows": 3}]}]}, {"Node Type": "Bitmap Heap Scan", "Parent Relationship": "Inner", "Relation Name": "movie_keyword", "Alias": "mk", "Startup Cost": 0.34, "Total Cost": 4.44, "Plan Rows": 8, "Plan Width": 8, "Actual Min Startup Time": 1.234, "Actual Max Startup Time": 1.234, "Actual Min Total Time": 1.413, "Actual Max Total Time": 1.413, "Actual Total Rows": 1140, "Recheck Cond": "(movie_id = mc.movie_id)", "Rows Removed by Index Recheck": 0, "Exact Heap Blocks": 91, "Lossy Heap Blocks": 91, "Plans": [{"Node Type": "Bitmap Index Scan", "Parent Relationship": "Outer", "Index Name": "movie_id_movie_keyword", "Startup Cost": 0.0, "Total Cost": 0.34, "Plan Rows": 8, "Plan Width": 0, "Actual Min Startup Time": 0.827, "Actual Max Startup Time": 0.827, "Actual Min Total Time": 0.827, "Actual Max Total Time": 0.827, "Actual Total Rows": 1140, "Index Cond": "(movie_id = mc.movie_id)"}]}]}, {"Node Type": "Bitmap Heap Scan", "Parent Relationship": "Inner", "Relation Name": "keyword", "Alias": "k", "Startup Cost": 0.26, "Total Cost": 4.27, "Plan Rows": 1, "Plan Width": 4, "Actual Min Startup Time": 6.046, "Actual Max Startup Time": 6.046, "Actual Min Total Time": 6.046, "Actual Max Total Time": 6.046, "Actual Total Rows": 1140, "Recheck Cond": "(id = mk.keyword_id)", "Rows Removed by Index Recheck": 0, "Exact Heap Blocks": 1140, "Lossy Heap Blocks": 1140, "Plans": [{"Node Type": "Bitmap Index Scan", "Parent Relationship": "Outer", "Index Name": "keyword_pkey", "Startup Cost": 0.0, "Total Cost": 0.26, "Plan Rows": 1, "Plan Width": 0, "Actual Min Startup Time": 3.737, "Actual Max Startup Time": 3.737, "Actual Min Total Time": 3.737, "Actual Max Total Time": 3.737, "Actual Total Rows": 1140, "Index Cond": "(id = mk.keyword_id)"}]}]}, {"Node Type": "Bitmap Heap Scan", "Parent Relationship": "Inner", "Relation Name": "title", "Alias": "t", "Startup Cost": 0.27, "Total Cost": 4.28, "Plan Rows": 1, "Plan Width": 21, "Actual Min Startup Time": 4.755, "Actual Max Startup Time": 4.755, "Actual Min Total Time": 4.755, "Actual Max Total Time": 4.755, "Actual Total Rows": 1140, "Recheck Cond": "(id = mk.movie_id)", "Rows Removed by Index Recheck": 0, "Filter": "(production_year > 1990)", "Rows Removed by Filter": 0, "Exact Heap Blocks": 1140, "Lossy Heap Blocks": 1140, "Plans": [{"Node Type": "Bitmap Index Scan", "Parent Relationship": "Outer", "Index Name": "title_pkey", "Startup Cost": 0.0, "Total Cost": 0.27, "Plan Rows": 1, "Plan Width": 0, "Actual Min Startup Time": 2.904, "Actual Max Startup Time": 2.904, "Actual Min Total Time": 2.904, "Actual Max Total Time": 2.904, "Actual Total Rows": 1140, "Index Cond": "(id = mk.movie_id)"}]}]}]}, "Triggers": [], "Planner Runtime": 197.506, "Total Runtime": 355.936, "Unique SQL Id": 2846462052}}, "(64, 119)": {"explain_plan": {"Plan": {"Node Type": "Aggregate", "Strategy": "Plain", "Startup Cost": 166073.69, "Total Cost": 166073.7, "Plan Rows": 1, "Plan Width": 123, "Plans": [{"Node Type": "Nested Loop", "Parent Relationship": "Outer", "Join Type": "Inner", "Startup Cost": 4855.81, "Total Cost": 166073.03, "Plan Rows": 132, "Plan Width": 59, "Inner Unique": true, "Join Filter": "(at.movie_id = t.id)", "Plans": [{"Node Type": "Nested Loop", "Parent Relationship": "Outer", "Join Type": "Inner", "Startup Cost": 4855.54, "Total Cost": 165665.15, "Plan Rows": 95, "Plan Width": 58, "Inner Unique": true, "Plans": [{"Node Type": "Nested Loop", "Parent Relationship": "Outer", "Join Type": "Inner", "Startup Cost": 4855.28, "Total Cost": 165249.97, "Plan Rows": 97, "Plan Width": 62, "Inner Unique": false, "Join Filter": "(at.movie_id = mk.movie_id)", "Plans": [{"Node Type": "Nested Loop", "Parent Relationship": "Outer", "Join Type": "Inner", "Startup Cost": 4854.95, "Total Cost": 165195.51, "Plan Rows": 12, "Plan Width": 54, "Inner Unique": true, "Plans": [{"Node Type": "Nested Loop", "Parent Relationship": "Outer", "Join Type": "Inner", "Startup Cost": 4854.69, "Total Cost": 165144.15, "Plan Rows": 12, "Plan Width": 58, "Inner Unique": true, "Plans": [{"Node Type": "Nested Loop", "Parent Relationship": "Outer", "Join Type": "Inner", "Startup Cost": 4854.43, "Total Cost": 165058.48, "Plan Rows": 20, "Plan Width": 62, "Inner Unique": false, "Plans": [{"Node Type": "Nested Loop", "Parent Relationship": "Outer", "Join Type": "Inner", "Startup Cost": 4854.06, "Total Cost": 165018.73, "Plan Rows": 9, "Plan Width": 50, "Inner Unique": false, "Plans": [{"Node Type": "Nested Loop", "Parent Relationship": "Outer", "Join Type": "Inner", "Startup Cost": 4850.27, "Total Cost": 164956.1, "Plan Rows": 4, "Plan Width": 46, "Inner Unique": false, "Plans": [{"Node Type": "Bitmap Heap Scan", "Parent Relationship": "Outer", "Relation Name": "info_type", "Alias": "it1", "Startup Cost": 8.81, "Total Cost": 14.21, "Plan Rows": 1, "Plan Width": 4, "Filter": "((info)::text = 'release dates'::text)", "Plans": [{"Node Type": "Bitmap Index Scan", "Parent Relationship": "Outer", "Index Name": "info_type_pkey", "Startup Cost": 0.0, "Total Cost": 8.81, "Plan Rows": 112, "Plan Width": 0}]}, {"Node Type": "Bitmap Heap Scan", "Parent Relationship": "Inner", "Relation Name": "movie_info", "Alias": "mi", "Startup Cost": 4841.46, "Total Cost": 164941.85, "Plan Rows": 4, "Plan Width": 50, "Recheck Cond": "(info_type_id = it1.id)", "Filter": "((info IS NOT NULL) AND ((note)::text ~~ '%internet%'::text) AND (((info)::text ~~ 'USA:% 199%'::text) OR ((info)::text ~~ 'USA:% 200%'::text)))", "Plans": [{"Node Type": "Bitmap Index Scan", "Parent Relationship": "Outer", "Index Name": "info_type_id_movie_info", "Startup Cost": 0.0, "Total Cost": 4841.46, "Plan Rows": 212428, "Plan Width": 0, "Index Cond": "(info_type_id = it1.id)"}]}]}, {"Node Type": "Bitmap Heap Scan", "Parent Relationship": "Inner", "Relation Name": "aka_title", "Alias": "at", "Startup Cost": 3.79, "Total Cost": 15.63, "Plan Rows": 3, "Plan Width": 4, "Recheck Cond": "(movie_id = mi.movie_id)", "Plans": [{"Node Type": "Bitmap Index Scan", "Parent Relationship": "Outer", "Index Name": "movie_id_aka_title", "Startup Cost": 0.0, "Total Cost": 3.79, "Plan Rows": 3, "Plan Width": 0, "Index Cond": "(movie_id = mi.movie_id)"}]}]}, {"Node Type": "Bitmap Heap Scan", "Parent Relationship": "Inner", "Relation Name": "movie_companies", "Alias": "mc", "Startup Cost": 0.37, "Total Cost": 4.4, "Plan Rows": 2, "Plan Width": 12, "Recheck Cond": "(movie_id = at.movie_id)", "Plans": [{"Node Type": "Bitmap Index Scan", "Parent Relationship": "Outer", "Index Name": "movie_id_movie_companies", "Startup Cost": 0.0, "Total Cost": 0.37, "Plan Rows": 2, "Plan Width": 0, "Index Cond": "(movie_id = at.movie_id)"}]}]}, {"Node Type": "Bitmap Heap Scan", "Parent Relationship": "Inner", "Relation Name": "company_name", "Alias": "cn", "Startup Cost": 0.26, "Total Cost": 4.27, "Plan Rows": 1, "Plan Width": 4, "Recheck Cond": "(id = mc.company_id)", "Filter": "((country_code)::text = '[us]'::text)", "Plans": [{"Node Type": "Bitmap Index Scan", "Parent Relationship": "Outer", "Index Name": "company_name_pkey", "Startup Cost": 0.0, "Total Cost": 0.26, "Plan Rows": 1, "Plan Width": 0, "Index Cond": "(id = mc.company_id)"}]}]}, {"Node Type": "Bitmap Heap Scan", "Parent Relationship": "Inner", "Relation Name": "company_type", "Alias": "ct", "Startup Cost": 0.26, "Total Cost": 4.27, "Plan Rows": 1, "Plan Width": 4, "Recheck Cond": "(id = mc.company_type_id)", "Plans": [{"Node Type": "Bitmap Index Scan", "Parent Relationship": "Outer", "Index Name": "company_type_pkey", "Startup Cost": 0.0, "Total Cost": 0.26, "Plan Rows": 1, "Plan Width": 0, "Index Cond": "(id = mc.company_type_id)"}]}]}, {"Node Type": "Bitmap Heap Scan", "Parent Relationship": "Inner", "Relation Name": "movie_keyword", "Alias": "mk", "Startup Cost": 0.34, "Total Cost": 4.44, "Plan Rows": 8, "Plan Width": 8, "Recheck Cond": "(movie_id = mc.movie_id)", "Plans": [{"Node Type": "Bitmap Index Scan", "Parent Relationship": "Outer", "Index Name": "movie_id_movie_keyword", "Startup Cost": 0.0, "Total Cost": 0.34, "Plan Rows": 8, "Plan Width": 0, "Index Cond": "(movie_id = mc.movie_id)"}]}]}, {"Node Type": "Bitmap Heap Scan", "Parent Relationship": "Inner", "Relation Name": "keyword", "Alias": "k", "Startup Cost": 0.26, "Total Cost": 4.27, "Plan Rows": 1, "Plan Width": 4, "Recheck Cond": "(id = mk.keyword_id)", "Plans": [{"Node Type": "Bitmap Index Scan", "Parent Relationship": "Outer", "Index Name": "keyword_pkey", "Startup Cost": 0.0, "Total Cost": 0.26, "Plan Rows": 1, "Plan Width": 0, "Index Cond": "(id = mk.keyword_id)"}]}]}, {"Node Type": "Bitmap Heap Scan", "Parent Relationship": "Inner", "Relation Name": "title", "Alias": "t", "Startup Cost": 0.27, "Total Cost": 4.28, "Plan Rows": 1, "Plan Width": 21, "Recheck Cond": "(id = mk.movie_id)", "Filter": "(production_year > 1990)", "Plans": [{"Node Type": "Bitmap Index Scan", "Parent Relationship": "Outer", "Index Name": "title_pkey", "Startup Cost": 0.0, "Total Cost": 0.27, "Plan Rows": 1, "Plan Width": 0, "Index Cond": "(id = mk.movie_id)"}]}]}]}, "Unique SQL Id": 2846462052}, "explain_analyze_plan": null}, "(64, 120)": {"explain_plan": {"Plan": {"Node Type": "Aggregate", "Strategy": "Plain", "Startup Cost": 69465.15, "Total Cost": 69465.16, "Plan Rows": 1, "Plan Width": 123, "Plans": [{"Node Type": "Nested Loop", "Parent Relationship": "Outer", "Join Type": "Inner", "Startup Cost": 0.0, "Total Cost": 69464.49, "Plan Rows": 132, "Plan Width": 59, "Inner Unique": false, "Plans": [{"Node Type": "Nested Loop", "Parent Relationship": "Outer", "Join Type": "Inner", "Startup Cost": 0.0, "Total Cost": 69449.44, "Plan Rows": 44, "Plan Width": 75, "Inner Unique": true, "Plans": [{"Node Type": "Nested Loop", "Parent Relationship": "Outer", "Join Type": "Inner", "Startup Cost": 0.0, "Total Cost": 69437.12, "Plan Rows": 44, "Plan Width": 79, "Inner Unique": false, "Join Filter": "(t.id = mk.movie_id)", "Plans": [{"Node Type": "Nested Loop", "Parent Relationship": "Outer", "Join Type": "Inner", "Startup Cost": 0.0, "Total Cost": 69433.75, "Plan Rows": 6, "Plan Width": 71, "Inner Unique": true, "Plans": [{"Node Type": "Nested Loop", "Parent Relationship": "Outer", "Join Type": "Inner", "Startup Cost": 0.0, "Total Cost": 69430.58, "Plan Rows": 11, "Plan Width": 75, "Inner Unique": true, "Join Filter": "(mc.company_type_id = ct.id)", "Plans": [{"Node Type": "Nested Loop", "Parent Relationship": "Outer", "Join Type": "Inner", "Startup Cost": 0.0, "Total Cost": 69429.0, "Plan Rows": 12, "Plan Width": 79, "Inner Unique": false, "Plans": [{"Node Type": "Nested Loop", "Parent Relationship": "Outer", "Join Type": "Inner", "Startup Cost": 0.0, "Total Cost": 69426.8, "Plan Rows": 6, "Plan Width": 67, "Inner Unique": true, "Plans": [{"Node Type": "Nested Loop", "Parent Relationship": "Outer", "Join Type": "Inner", "Startup Cost": 0.0, "Total Cost": 69393.85, "Plan Rows": 4, "Plan Width": 46, "Inner Unique": false, "Join Filter": "(it1.id = mi.info_type_id)", "Plans": [{"Node Type": "Seq Scan", "Parent Relationship": "Outer", "Relation Name": "info_type", "Alias": "it1", "Startup Cost": 0.0, "Total Cost": 2.4, "Plan Rows": 1, "Plan Width": 4, "Filter": "((info)::text = 'release dates'::text)"}, {"Node Type": "Materialize", "Parent Relationship": "Inner", "Startup Cost": 0.0, "Total Cost": 69388.9, "Plan Rows": 255, "Plan Width": 50, "Plans": [{"Node Type": "Streaming(type: LOCAL GATHER dop: 1/64)", "Parent Relationship": "Outer", "Startup Cost": 0.0, "Total Cost": 69388.27, "Plan Rows": 255, "Plan Width": 50, "Plans": [{"Node Type": "Seq Scan", "Parent Relationship": "Outer", "Relation Name": "movie_info", "Alias": "mi", "Startup Cost": 0.0, "Total Cost": 69383.01, "Plan Rows": 255, "Plan Width": 50, "Filter": "((info IS NOT NULL) AND ((note)::text ~~ '%internet%'::text) AND (((info)::text ~~ 'USA:% 199%'::text) OR ((info)::text ~~ 'USA:% 200%'::text)))"}]}]}]}, {"Node Type": "Index Scan", "Parent Relationship": "Inner", "Scan Direction": "Forward", "Index Name": "title_pkey", "Relation Name": "title", "Alias": "t", "Startup Cost": 0.0, "Total Cost": 8.23, "Plan Rows": 1, "Plan Width": 21, "Index Cond": "(id = mi.movie_id)", "Filter": "(production_year > 1990)"}]}, {"Node Type": "Index Scan", "Parent Relationship": "Inner", "Scan Direction": "Forward", "Index Name": "movie_id_movie_companies", "Relation Name": "movie_companies", "Alias": "mc", "Startup Cost": 0.0, "Total Cost": 0.35, "Plan Rows": 2, "Plan Width": 12, "Index Cond": "(movie_id = t.id)"}]}, {"Node Type": "Materialize", "Parent Relationship": "Inner", "Startup Cost": 0.0, "Total Cost": 1.04, "Plan Rows": 3, "Plan Width": 4, "Plans": [{"Node Type": "Seq Scan", "Parent Relationship": "Outer", "Relation Name": "company_type", "Alias": "ct", "Startup Cost": 0.0, "Total Cost": 1.03, "Plan Rows": 3, "Plan Width": 4}]}]}, {"Node Type": "Index Scan", "Parent Relationship": "Inner", "Scan Direction": "Forward", "Index Name": "company_name_pkey", "Relation Name": "company_name", "Alias": "cn", "Startup Cost": 0.0, "Total Cost": 0.28, "Plan Rows": 1, "Plan Width": 4, "Index Cond": "(id = mc.company_id)", "Filter": "((country_code)::text = '[us]'::text)"}]}, {"Node Type": "Index Scan", "Parent Relationship": "Inner", "Scan Direction": "Forward", "Index Name": "movie_id_movie_keyword", "Relation Name": "movie_keyword", "Alias": "mk", "Startup Cost": 0.0, "Total Cost": 0.46, "Plan Rows": 8, "Plan Width": 8, "Index Cond": "(movie_id = mc.movie_id)"}]}, {"Node Type": "Index Only Scan", "Parent Relationship": "Inner", "Scan Direction": "Forward", "Index Name": "keyword_pkey", "Relation Name": "keyword", "Alias": "k", "Startup Cost": 0.0, "Total Cost": 0.27, "Plan Rows": 1, "Plan Width": 4, "Index Cond": "(id = mk.keyword_id)"}]}, {"Node Type": "Index Only Scan", "Parent Relationship": "Inner", "Scan Direction": "Forward", "Index Name": "movie_id_aka_title", "Relation Name": "aka_title", "Alias": "at", "Startup Cost": 0.0, "Total Cost": 0.31, "Plan Rows": 3, "Plan Width": 4, "Index Cond": "(movie_id = t.id)"}]}]}, "Unique SQL Id": 2846462052}, "explain_analyze_plan": {"Plan": {"Node Type": "Aggregate", "Strategy": "Plain", "Startup Cost": 69465.15, "Total Cost": 69465.16, "Plan Rows": 1, "Plan Width": 123, "Actual Min Startup Time": 345.13, "Actual Max Startup Time": 345.13, "Actual Min Total Time": 345.13, "Actual Max Total Time": 345.13, "Actual Total Rows": 1, "Plans": [{"Node Type": "Nested Loop", "Parent Relationship": "Outer", "Join Type": "Inner", "Startup Cost": 0.0, "Total Cost": 69464.49, "Plan Rows": 132, "Plan Width": 59, "Actual Min Startup Time": 257.427, "Actual Max Startup Time": 257.427, "Actual Min Total Time": 344.303, "Actual Max Total Time": 344.303, "Actual Total Rows": 1140, "Inner Unique": false, "Plans": [{"Node Type": "Nested Loop", "Parent Relationship": "Outer", "Join Type": "Inner", "Startup Cost": 0.0, "Total Cost": 69449.44, "Plan Rows": 44, "Plan Width": 75, "Actual Min Startup Time": 255.301, "Actual Max Startup Time": 255.301, "Actual Min Total Time": 331.262, "Actual Max Total Time": 331.262, "Actual Total Rows": 4808, "Inner Unique": true, "Plans": [{"Node Type": "Nested Loop", "Parent Relationship": "Outer", "Join Type": "Inner", "Startup Cost": 0.0, "Total Cost": 69437.12, "Plan Rows": 44, "Plan Width": 79, "Actual Min Startup Time": 255.277, "Actual Max Startup Time": 255.277, "Actual Min Total Time": 314.328, "Actual Max Total Time": 314.328, "Actual Total Rows": 4808, "Inner Unique": false, "Join Filter": "(t.id = mk.movie_id)", "Rows Removed by Join Filter": 0, "Plans": [{"Node Type": "Nested Loop", "Parent Relationship": "Outer", "Join Type": "Inner", "Startup Cost": 0.0, "Total Cost": 69433.75, "Plan Rows": 6, "Plan Width": 71, "Actual Min Startup Time": 255.176, "Actual Max Startup Time": 255.176, "Actual Min Total Time": 300.972, "Actual Max Total Time": 300.972, "Actual Total Rows": 1488, "Inner Unique": true, "Plans": [{"Node Type": "Nested Loop", "Parent Relationship": "Outer", "Join Type": "Inner", "Startup Cost": 0.0, "Total Cost": 69430.58, "Plan Rows": 11, "Plan Width": 75, "Actual Min Startup Time": 255.148, "Actual Max Startup Time": 255.148, "Actual Min Total Time": 289.815, "Actual Max Total Time": 289.815, "Actual Total Rows": 1599, "Inner Unique": true, "Join Filter": "(mc.company_type_id = ct.id)", "Rows Removed by Join Filter": 3855, "Plans": [{"Node Type": "Nested Loop", "Parent Relationship": "Outer", "Join Type": "Inner", "Startup Cost": 0.0, "Total Cost": 69429.0, "Plan Rows": 12, "Plan Width": 79, "Actual Min Startup Time": 255.122, "Actual Max Startup Time": 255.122, "Actual Min Total Time": 287.181, "Actual Max Total Time": 287.181, "Actual Total Rows": 2884, "Inner Unique": false, "Plans": [{"Node Type": "Nested Loop", "Parent Relationship": "Outer", "Join Type": "Inner", "Startup Cost": 0.0, "Total Cost": 69426.8, "Plan Rows": 6, "Plan Width": 67, "Actual Min Startup Time": 255.072, "Actual Max Startup Time": 255.072, "Actual Min Total Time": 270.731, "Actual Max Total Time": 270.731, "Actual Total Rows": 1782, "Inner Unique": true, "Plans": [{"Node Type": "Nested Loop", "Parent Relationship": "Outer", "Join Type": "Inner", "Startup Cost": 0.0, "Total Cost": 69393.85, "Plan Rows": 4, "Plan Width": 46, "Actual Min Startup Time": 255.014, "Actual Max Startup Time": 255.014, "Actual Min Total Time": 256.226, "Actual Max Total Time": 256.226, "Actual Total Rows": 1783, "Inner Unique": false, "Join Filter": "(it1.id = mi.info_type_id)", "Rows Removed by Join Filter": 0, "Plans": [{"Node Type": "Seq Scan", "Parent Relationship": "Outer", "Relation Name": "info_type", "Alias": "it1", "Startup Cost": 0.0, "Total Cost": 2.4, "Plan Rows": 1, "Plan Width": 4, "Actual Min Startup Time": 0.089, "Actual Max Startup Time": 0.089, "Actual Min Total Time": 0.117, "Actual Max Total Time": 0.117, "Actual Total Rows": 1, "Filter": "((info)::text = 'release dates'::text)", "Rows Removed by Filter": 111}, {"Node Type": "Materialize", "Parent Relationship": "Inner", "Startup Cost": 0.0, "Total Cost": 69388.9, "Plan Rows": 255, "Plan Width": 50, "Actual Min Startup Time": 254.872, "Actual Max Startup Time": 254.872, "Actual Min Total Time": 255.183, "Actual Max Total Time": 255.183, "Actual Total Rows": 1784, "Plans": [{"Node Type": "Streaming(type: LOCAL GATHER dop: 1/64)", "Parent Relationship": "Outer", "Startup Cost": 0.0, "Total Cost": 69388.27, "Plan Rows": 255, "Plan Width": 50, "Actual Min Startup Time": 77.082, "Actual Max Startup Time": 77.082, "Actual Min Total Time": 254.429, "Actual Max Total Time": 254.429, "Actual Total Rows": 1783, "Plans": [{"Node Type": "Seq Scan", "Parent Relationship": "Outer", "Relation Name": "movie_info", "Alias": "mi", "Startup Cost": 0.0, "Total Cost": 69383.01, "Plan Rows": 255, "Plan Width": 50, "Actual Min Startup Time": 20.238, "Actual Max Startup Time": 29.384, "Actual Min Total Time": 72.173, "Actual Max Total Time": 84.825, "Actual Total Rows": 1783, "Filter": "((info IS NOT NULL) AND ((note)::text ~~ '%internet%'::text) AND (((info)::text ~~ 'USA:% 199%'::text) OR ((info)::text ~~ 'USA:% 200%'::text)))", "Rows Removed by Filter": 14833936}]}]}]}, {"Node Type": "Index Scan", "Parent Relationship": "Inner", "Scan Direction": "Forward", "Index Name": "title_pkey", "Relation Name": "title", "Alias": "t", "Startup Cost": 0.0, "Total Cost": 8.23, "Plan Rows": 1, "Plan Width": 21, "Actual Min Startup Time": 12.969, "Actual Max Startup Time": 12.969, "Actual Min Total Time": 12.969, "Actual Max Total Time": 12.969, "Actual Total Rows": 1782, "Index Cond": "(id = mi.movie_id)", "Rows Removed by Index Recheck": 0, "Filter": "(production_year > 1990)", "Rows Removed by Filter": 1}]}, {"Node Type": "Index Scan", "Parent Relationship": "Inner", "Scan Direction": "Forward", "Index Name": "movie_id_movie_companies", "Relation Name": "movie_companies", "Alias": "mc", "Startup Cost": 0.0, "Total Cost": 0.35, "Plan Rows": 2, "Plan Width": 12, "Actual Min Startup Time": 11.941, "Actual Max Startup Time": 11.941, "Actual Min Total Time": 14.872, "Actual Max Total Time": 14.872, "Actual Total Rows": 2884, "Index Cond": "(movie_id = t.id)", "Rows Removed by Index Recheck": 0}]}, {"Node Type": "Materialize", "Parent Relationship": "Inner", "Startup Cost": 0.0, "Total Cost": 1.04, "Plan Rows": 3, "Plan Width": 4, "Actual Min Startup Time": 0.325, "Actual Max Startup Time": 0.325, "Actual Min Total Time": 0.663, "Actual Max Total Time": 0.663, "Actual Total Rows": 5454, "Plans": [{"Node Type": "Seq Scan", "Parent Relationship": "Outer", "Relation Name": "company_type", "Alias": "ct", "Startup Cost": 0.0, "Total Cost": 1.03, "Plan Rows": 3, "Plan Width": 4, "Actual Min Startup Time": 0.009, "Actual Max Startup Time": 0.009, "Actual Min Total Time": 0.011, "Actual Max Total Time": 0.011, "Actual Total Rows": 3}]}]}, {"Node Type": "Index Scan", "Parent Relationship": "Inner", "Scan Direction": "Forward", "Index Name": "company_name_pkey", "Relation Name": "company_name", "Alias": "cn", "Startup Cost": 0.0, "Total Cost": 0.28, "Plan Rows": 1, "Plan Width": 4, "Actual Min Startup Time": 9.829, "Actual Max Startup Time": 9.829, "Actual Min Total Time": 9.829, "Actual Max Total Time": 9.829, "Actual Total Rows": 1488, "Index Cond": "(id = mc.company_id)", "Rows Removed by Index Recheck": 0, "Filter": "((country_code)::text = '[us]'::text)", "Rows Removed by Filter": 111}]}, {"Node Type": "Index Scan", "Parent Relationship": "Inner", "Scan Direction": "Forward", "Index Name": "movie_id_movie_keyword", "Relation Name": "movie_keyword", "Alias": "mk", "Startup Cost": 0.0, "Total Cost": 0.46, "Plan Rows": 8, "Plan Width": 8, "Actual Min Startup Time": 8.204, "Actual Max Startup Time": 8.204, "Actual Min Total Time": 10.552, "Actual Max Total Time": 10.552, "Actual Total Rows": 4808, "Index Cond": "(movie_id = mc.movie_id)", "Rows Removed by Index Recheck": 0}]}, {"Node Type": "Index Only Scan", "Parent Relationship": "Inner", "Scan Direction": "Forward", "Index Name": "keyword_pkey", "Relation Name": "keyword", "Alias": "k", "Startup Cost": 0.0, "Total Cost": 0.27, "Plan Rows": 1, "Plan Width": 4, "Actual Min Startup Time": 13.424, "Actual Max Startup Time": 13.424, "Actual Min Total Time": 13.424, "Actual Max Total Time": 13.424, "Actual Total Rows": 4808, "Index Cond": "(id = mk.keyword_id)", "Rows Removed by Index Recheck": 0, "Heap Fetches": 0}]}, {"Node Type": "Index Only Scan", "Parent Relationship": "Inner", "Scan Direction": "Forward", "Index Name": "movie_id_aka_title", "Relation Name": "aka_title", "Alias": "at", "Startup Cost": 0.0, "Total Cost": 0.31, "Plan Rows": 3, "Plan Width": 4, "Actual Min Startup Time": 10.178, "Actual Max Startup Time": 10.178, "Actual Min Total Time": 10.466, "Actual Max Total Time": 10.466, "Actual Total Rows": 1140, "Index Cond": "(movie_id = t.id)", "Rows Removed by Index Recheck": 0, "Heap Fetches": 0}]}]}, "Triggers": [], "Planner Runtime": 41.184, "Total Runtime": 358.109, "Unique SQL Id": 2846462052}}, "(64, 121)": {"explain_plan": {"Plan": {"Node Type": "Aggregate", "Strategy": "Plain", "Startup Cost": 496832.71, "Total Cost": 496832.72, "Plan Rows": 1, "Plan Width": 123, "Plans": [{"Node Type": "Nested Loop", "Parent Relationship": "Outer", "Join Type": "Inner", "Startup Cost": 0.0, "Total Cost": 496832.05, "Plan Rows": 132, "Plan Width": 59, "Inner Unique": false, "Plans": [{"Node Type": "Nested Loop", "Parent Relationship": "Outer", "Join Type": "Inner", "Startup Cost": 0.0, "Total Cost": 496817.0, "Plan Rows": 44, "Plan Width": 75, "Inner Unique": true, "Plans": [{"Node Type": "Nested Loop", "Parent Relationship": "Outer", "Join Type": "Inner", "Startup Cost": 0.0, "Total Cost": 496804.68, "Plan Rows": 44, "Plan Width": 79, "Inner Unique": false, "Join Filter": "(t.id = mk.movie_id)", "Plans": [{"Node Type": "Nested Loop", "Parent Relationship": "Outer", "Join Type": "Inner", "Startup Cost": 0.0, "Total Cost": 496801.31, "Plan Rows": 6, "Plan Width": 71, "Inner Unique": true, "Plans": [{"Node Type": "Nested Loop", "Parent Relationship": "Outer", "Join Type": "Inner", "Startup Cost": 0.0, "Total Cost": 496798.51, "Plan Rows": 10, "Plan Width": 75, "Inner Unique": true, "Plans": [{"Node Type": "Nested Loop", "Parent Relationship": "Outer", "Join Type": "Inner", "Startup Cost": 0.0, "Total Cost": 496795.05, "Plan Rows": 12, "Plan Width": 79, "Inner Unique": false, "Plans": [{"Node Type": "Nested Loop", "Parent Relationship": "Outer", "Join Type": "Inner", "Startup Cost": 0.0, "Total Cost": 496792.85, "Plan Rows": 6, "Plan Width": 67, "Inner Unique": true, "Plans": [{"Node Type": "Nested Loop", "Parent Relationship": "Outer", "Join Type": "Inner", "Startup Cost": 0.0, "Total Cost": 496759.91, "Plan Rows": 4, "Plan Width": 46, "Inner Unique": false, "Plans": [{"Node Type": "Index Scan", "Parent Relationship": "Outer", "Scan Direction": "Forward", "Index Name": "info_type_pkey", "Relation Name": "info_type", "Alias": "it1", "Startup Cost": 0.0, "Total Cost": 14.21, "Plan Rows": 1, "Plan Width": 4, "Filter": "((info)::text = 'release dates'::text)"}, {"Node Type": "Index Scan", "Parent Relationship": "Inner", "Scan Direction": "Forward", "Index Name": "info_type_id_movie_info", "Relation Name": "movie_info", "Alias": "mi", "Startup Cost": 0.0, "Total Cost": 496745.66, "Plan Rows": 4, "Plan Width": 50, "Index Cond": "(info_type_id = it1.id)", "Filter": "((info IS NOT NULL) AND ((note)::text ~~ '%internet%'::text) AND (((info)::text ~~ 'USA:% 199%'::text) OR ((info)::text ~~ 'USA:% 200%'::text)))"}]}, {"Node Type": "Index Scan", "Parent Relationship": "Inner", "Scan Direction": "Forward", "Index Name": "title_pkey", "Relation Name": "title", "Alias": "t", "Startup Cost": 0.0, "Total Cost": 8.23, "Plan Rows": 1, "Plan Width": 21, "Index Cond": "(id = mi.movie_id)", "Filter": "(production_year > 1990)"}]}, {"Node Type": "Index Scan", "Parent Relationship": "Inner", "Scan Direction": "Forward", "Index Name": "movie_id_movie_companies", "Relation Name": "movie_companies", "Alias": "mc", "Startup Cost": 0.0, "Total Cost": 0.35, "Plan Rows": 2, "Plan Width": 12, "Index Cond": "(movie_id = t.id)"}]}, {"Node Type": "Index Scan", "Parent Relationship": "Inner", "Scan Direction": "Forward", "Index Name": "company_name_pkey", "Relation Name": "company_name", "Alias": "cn", "Startup Cost": 0.0, "Total Cost": 0.28, "Plan Rows": 1, "Plan Width": 4, "Index Cond": "(id = mc.company_id)", "Filter": "((country_code)::text = '[us]'::text)"}]}, {"Node Type": "Index Only Scan", "Parent Relationship": "Inner", "Scan Direction": "Forward", "Index Name": "company_type_pkey", "Relation Name": "company_type", "Alias": "ct", "Startup Cost": 0.0, "Total Cost": 0.27, "Plan Rows": 1, "Plan Width": 4, "Index Cond": "(id = mc.company_type_id)"}]}, {"Node Type": "Index Scan", "Parent Relationship": "Inner", "Scan Direction": "Forward", "Index Name": "movie_id_movie_keyword", "Relation Name": "movie_keyword", "Alias": "mk", "Startup Cost": 0.0, "Total Cost": 0.46, "Plan Rows": 8, "Plan Width": 8, "Index Cond": "(movie_id = mc.movie_id)"}]}, {"Node Type": "Index Only Scan", "Parent Relationship": "Inner", "Scan Direction": "Forward", "Index Name": "keyword_pkey", "Relation Name": "keyword", "Alias": "k", "Startup Cost": 0.0, "Total Cost": 0.27, "Plan Rows": 1, "Plan Width": 4, "Index Cond": "(id = mk.keyword_id)"}]}, {"Node Type": "Index Only Scan", "Parent Relationship": "Inner", "Scan Direction": "Forward", "Index Name": "movie_id_aka_title", "Relation Name": "aka_title", "Alias": "at", "Startup Cost": 0.0, "Total Cost": 0.31, "Plan Rows": 3, "Plan Width": 4, "Index Cond": "(movie_id = t.id)"}]}]}, "Unique SQL Id": 2846462052}, "explain_analyze_plan": null}, "(64, 122)": {"explain_plan": {"Plan": {"Node Type": "Aggregate", "Strategy": "Plain", "Startup Cost": 880852.72, "Total Cost": 880852.75, "Plan Rows": 1, "Plan Width": 123, "Plans": [{"Node Type": "Streaming(type: LOCAL GATHER dop: 1/64)", "Parent Relationship": "Outer", "Startup Cost": 880852.72, "Total Cost": 880852.75, "Plan Rows": 1, "Plan Width": 123, "Plans": [{"Node Type": "Aggregate", "Strategy": "Plain", "Parent Relationship": "Outer", "Startup Cost": 880852.72, "Total Cost": 880852.73, "Plan Rows": 1, "Plan Width": 123, "Plans": [{"Node Type": "Nested Loop", "Parent Relationship": "Outer", "Join Type": "Inner", "Startup Cost": 0.0, "Total Cost": 880852.06, "Plan Rows": 132, "Plan Width": 59, "Inner Unique": false, "Join Filter": "(mk.keyword_id = k.id)", "Plans": [{"Node Type": "Streaming(type: LOCAL REDISTRIBUTE dop: 64/1)", "Parent Relationship": "Outer", "Startup Cost": 0.0, "Total Cost": 70551.96, "Plan Rows": 134169, "Plan Width": 4, "Plans": [{"Node Type": "Seq Scan", "Parent Relationship": "Outer", "Relation Name": "keyword", "Alias": "k", "Startup Cost": 0.0, "Total Cost": 2100.69, "Plan Rows": 134169, "Plan Width": 4}]}, {"Node Type": "Materialize", "Parent Relationship": "Inner", "Startup Cost": 0.0, "Total Cost": 810234.26, "Plan Rows": 134, "Plan Width": 63, "Plans": [{"Node Type": "Streaming(type: LOCAL REDISTRIBUTE dop: 64/64)", "Parent Relationship": "Outer", "Startup Cost": 0.0, "Total Cost": 810234.25, "Plan Rows": 134, "Plan Width": 63, "Plans": [{"Node Type": "Nested Loop", "Parent Relationship": "Outer", "Join Type": "Inner", "Startup Cost": 0.0, "Total Cost": 747234.12, "Plan Rows": 134, "Plan Width": 63, "Inner Unique": false, "Join Filter": "(t.id = mk.movie_id)", "Plans": [{"Node Type": "Streaming(type: LOCAL ROUNDROBIN dop: 64/1)", "Parent Relationship": "Outer", "Startup Cost": 0.0, "Total Cost": 218769.42, "Plan Rows": 4523929, "Plan Width": 8, "Plans": [{"Node Type": "Seq Scan", "Parent Relationship": "Outer", "Relation Name": "movie_keyword", "Alias": "mk", "Startup Cost": 0.0, "Total Cost": 62441.29, "Plan Rows": 4523929, "Plan Width": 8}]}, {"Node Type": "Materialize", "Parent Relationship": "Inner", "Startup Cost": 0.0, "Total Cost": 510439.72, "Plan Rows": 1088, "Plan Width": 75, "Plans": [{"Node Type": "Streaming(type: BROADCAST dop: 64/64)", "Parent Relationship": "Outer", "Startup Cost": 0.0, "Total Cost": 510439.64, "Plan Rows": 1088, "Plan Width": 75, "Plans": [{"Node Type": "Nested Loop", "Parent Relationship": "Outer", "Join Type": "Inner", "Startup Cost": 0.0, "Total Cost": 447438.95, "Plan Rows": 17, "Plan Width": 75, "Inner Unique": false, "Join Filter": "(at.movie_id = t.id)", "Plans": [{"Node Type": "Seq Scan", "Parent Relationship": "Outer", "Relation Name": "title", "Alias": "t", "Startup Cost": 0.0, "Total Cost": 64037.34, "Plan Rows": 1748840, "Plan Width": 21, "Filter": "(production_year > 1990), (LLVM Optimized)"}, {"Node Type": "Materialize", "Parent Relationship": "Inner", "Startup Cost": 0.0, "Total Cost": 378483.02, "Plan Rows": 768, "Plan Width": 54, "Plans": [{"Node Type": "Streaming(type: BROADCAST dop: 64/1)", "Parent Relationship": "Outer", "Startup Cost": 0.0, "Total Cost": 378482.96, "Plan Rows": 768, "Plan Width": 54, "Plans": [{"Node Type": "Nested Loop", "Parent Relationship": "Outer", "Join Type": "Inner", "Startup Cost": 0.0, "Total Cost": 315467.12, "Plan Rows": 12, "Plan Width": 54, "Inner Unique": false, "Join Filter": "(mi.movie_id = at.movie_id)", "Plans": [{"Node Type": "Seq Scan", "Parent Relationship": "Outer", "Relation Name": "aka_title", "Alias": "at", "Startup Cost": 0.0, "Total Cost": 9894.71, "Plan Rows": 361471, "Plan Width": 4}, {"Node Type": "Materialize", "Parent Relationship": "Inner", "Startup Cost": 0.0, "Total Cost": 283884.16, "Plan Rows": 4, "Plan Width": 50, "Plans": [{"Node Type": "Nested Loop", "Parent Relationship": "Outer", "Join Type": "Inner", "Startup Cost": 0.0, "Total Cost": 283884.14, "Plan Rows": 4, "Plan Width": 50, "Inner Unique": false, "Join Filter": "(mc.company_id = cn.id)", "Plans": [{"Node Type": "Seq Scan", "Parent Relationship": "Outer", "Relation Name": "company_name", "Alias": "cn", "Startup Cost": 0.0, "Total Cost": 5903.45, "Plan Rows": 85170, "Plan Width": 4, "Filter": "((country_code)::text = '[us]'::text)"}, {"Node Type": "Materialize", "Parent Relationship": "Inner", "Startup Cost": 0.0, "Total Cost": 267760.31, "Plan Rows": 8, "Plan Width": 54, "Plans": [{"Node Type": "Nested Loop", "Parent Relationship": "Outer", "Join Type": "Inner", "Startup Cost": 0.0, "Total Cost": 267760.27, "Plan Rows": 8, "Plan Width": 54, "Inner Unique": true, "Join Filter": "(mc.company_type_id = ct.id)", "Plans": [{"Node Type": "Nested Loop", "Parent Relationship": "Outer", "Join Type": "Inner", "Startup Cost": 0.0, "Total Cost": 267758.82, "Plan Rows": 9, "Plan Width": 58, "Inner Unique": false, "Join Filter": "(mi.movie_id = mc.movie_id)", "Plans": [{"Node Type": "Seq Scan", "Parent Relationship": "Outer", "Relation Name": "movie_companies", "Alias": "mc", "Startup Cost": 0.0, "Total Cost": 41817.28, "Plan Rows": 2609128, "Plan Width": 12}, {"Node Type": "Materialize", "Parent Relationship": "Inner", "Startup Cost": 0.0, "Total Cost": 69393.87, "Plan Rows": 4, "Plan Width": 46, "Plans": [{"Node Type": "Nested Loop", "Parent Relationship": "Outer", "Join Type": "Inner", "Startup Cost": 0.0, "Total Cost": 69393.85, "Plan Rows": 4, "Plan Width": 46, "Inner Unique": false, "Join Filter": "(it1.id = mi.info_type_id)", "Plans": [{"Node Type": "Seq Scan", "Parent Relationship": "Outer", "Relation Name": "info_type", "Alias": "it1", "Startup Cost": 0.0, "Total Cost": 2.4, "Plan Rows": 1, "Plan Width": 4, "Filter": "((info)::text = 'release dates'::text)"}, {"Node Type": "Materialize", "Parent Relationship": "Inner", "Startup Cost": 0.0, "Total Cost": 69388.9, "Plan Rows": 255, "Plan Width": 50, "Plans": [{"Node Type": "Streaming(type: LOCAL GATHER dop: 1/64)", "Parent Relationship": "Outer", "Startup Cost": 0.0, "Total Cost": 69388.27, "Plan Rows": 255, "Plan Width": 50, "Plans": [{"Node Type": "Seq Scan", "Parent Relationship": "Outer", "Relation Name": "movie_info", "Alias": "mi", "Startup Cost": 0.0, "Total Cost": 69383.01, "Plan Rows": 255, "Plan Width": 50, "Filter": "((info IS NOT NULL) AND ((note)::text ~~ '%internet%'::text) AND (((info)::text ~~ 'USA:% 199%'::text) OR ((info)::text ~~ 'USA:% 200%'::text)))"}]}]}]}]}]}, {"Node Type": "Materialize", "Parent Relationship": "Inner", "Startup Cost": 0.0, "Total Cost": 1.04, "Plan Rows": 3, "Plan Width": 4, "Plans": [{"Node Type": "Seq Scan", "Parent Relationship": "Outer", "Relation Name": "company_type", "Alias": "ct", "Startup Cost": 0.0, "Total Cost": 1.03, "Plan Rows": 3, "Plan Width": 4}]}]}]}]}]}]}]}]}]}]}]}]}]}]}]}]}]}]}, "Unique SQL Id": 2846462052}, "explain_analyze_plan": null}, "(64, 123)": {"explain_plan": {"Plan": {"Node Type": "Aggregate", "Strategy": "Plain", "Startup Cost": 9000154402514.71, "Total Cost": 9000154402514.72, "Plan Rows": 1, "Plan Width": 123, "Plans": [{"Node Type": "Nested Loop", "Parent Relationship": "Outer", "Join Type": "Inner", "Startup Cost": 90000000000.0, "Total Cost": 9000154402514.05, "Plan Rows": 132, "Plan Width": 59, "Inner Unique": false, "Join Filter": "(t.id = at.movie_id)", "Plans": [{"Node Type": "Index Only Scan", "Parent Relationship": "Outer", "Scan Direction": "Forward", "Index Name": "movie_id_aka_title", "Relation Name": "aka_title", "Alias": "at", "Startup Cost": 10000000000.0, "Total Cost": 1000000898631.5, "Plan Rows": 361471, "Plan Width": 4}, {"Node Type": "Materialize", "Parent Relationship": "Inner", "Startup Cost": 80000000000.0, "Total Cost": 8000153265311.8, "Plan Rows": 44, "Plan Width": 75, "Plans": [{"Node Type": "Nested Loop", "Parent Relationship": "Outer", "Join Type": "Inner", "Startup Cost": 80000000000.0, "Total Cost": 8000153265311.58, "Plan Rows": 44, "Plan Width": 75, "Inner Unique": true, "Join Filter": "(mk.keyword_id = k.id)", "Plans": [{"Node Type": "Nested Loop", "Parent Relationship": "Outer", "Join Type": "Inner", "Startup Cost": 70000000000.0, "Total Cost": 7000152970346.12, "Plan Rows": 44, "Plan Width": 79, "Inner Unique": false, "Join Filter": "(t.id = mk.movie_id)", "Plans": [{"Node Type": "Index Scan", "Parent Relationship": "Outer", "Scan Direction": "Forward", "Index Name": "movie_id_movie_keyword", "Relation Name": "movie_keyword", "Alias": "mk", "Startup Cost": 10000000000.0, "Total Cost": 1000015300634.17, "Plan Rows": 4523929, "Plan Width": 8}, {"Node Type": "Materialize", "Parent Relationship": "Inner", "Startup Cost": 60000000000.0, "Total Cost": 6000137262558.35, "Plan Rows": 6, "Plan Width": 71, "Plans": [{"Node Type": "Nested Loop", "Parent Relationship": "Outer", "Join Type": "Inner", "Startup Cost": 60000000000.0, "Total Cost": 6000137262558.32, "Plan Rows": 6, "Plan Width": 71, "Inner Unique": false, "Join Filter": "(mi.movie_id = t.id)", "Plans": [{"Node Type": "Index Scan", "Parent Relationship": "Outer", "Scan Direction": "Forward", "Index Name": "title_pkey", "Relation Name": "title", "Alias": "t", "Startup Cost": 10000000000.0, "Total Cost": 1000011644126.66, "Plan Rows": 1748840, "Plan Width": 21, "Filter": "(production_year > 1990), (LLVM Optimized)"}, {"Node Type": "Materialize", "Parent Relationship": "Inner", "Startup Cost": 50000000000.0, "Total Cost": 5000125513501.27, "Plan Rows": 4, "Plan Width": 50, "Plans": [{"Node Type": "Nested Loop", "Parent Relationship": "Outer", "Join Type": "Inner", "Startup Cost": 50000000000.0, "Total Cost": 5000125513501.25, "Plan Rows": 4, "Plan Width": 50, "Inner Unique": true, "Join Filter": "(mc.company_id = cn.id)", "Plans": [{"Node Type": "Nested Loop", "Parent Relationship": "Outer", "Join Type": "Inner", "Startup Cost": 40000000000.0, "Total Cost": 4000124452928.96, "Plan Rows": 8, "Plan Width": 54, "Inner Unique": true, "Join Filter": "(mc.company_type_id = ct.id)", "Plans": [{"Node Type": "Nested Loop", "Parent Relationship": "Outer", "Join Type": "Inner", "Startup Cost": 30000000000.0, "Total Cost": 3000124452099.04, "Plan Rows": 9, "Plan Width": 58, "Inner Unique": false, "Join Filter": "(mi.movie_id = mc.movie_id)", "Plans": [{"Node Type": "Nested Loop", "Parent Relationship": "Outer", "Join Type": "Inner", "Startup Cost": 20000000000.0, "Total Cost": 2000114970811.54, "Plan Rows": 4, "Plan Width": 46, "Inner Unique": true, "Join Filter": "(it1.id = mi.info_type_id)", "Plans": [{"Node Type": "Index Scan", "Parent Relationship": "Outer", "Scan Direction": "Forward", "Index Name": "movie_id_movie_info", "Relation Name": "movie_info", "Alias": "mi", "Startup Cost": 10000000000.0, "Total Cost": 1000114969386.72, "Plan Rows": 255, "Plan Width": 50, "Filter": "((info IS NOT NULL) AND ((note)::text ~~ '%internet%'::text) AND (((info)::text ~~ 'USA:% 199%'::text) OR ((info)::text ~~ 'USA:% 200%'::text)))"}, {"Node Type": "Materialize", "Parent Relationship": "Inner", "Startup Cost": 10000000000.0, "Total Cost": 1000000001421.0, "Plan Rows": 1, "Plan Width": 4, "Plans": [{"Node Type": "Index Scan", "Parent Relationship": "Outer", "Scan Direction": "Forward", "Index Name": "info_type_pkey", "Relation Name": "info_type", "Alias": "it1", "Startup Cost": 10000000000.0, "Total Cost": 1000000001421.0, "Plan Rows": 1, "Plan Width": 4, "Filter": "((info)::text = 'release dates'::text)"}]}]}, {"Node Type": "Materialize", "Parent Relationship": "Inner", "Startup Cost": 10000000000.0, "Total Cost": 1000009331262.64, "Plan Rows": 2609128, "Plan Width": 12, "Plans": [{"Node Type": "Index Scan", "Parent Relationship": "Outer", "Scan Direction": "Forward", "Index Name": "company_type_id_movie_companies", "Relation Name": "movie_companies", "Alias": "mc", "Startup Cost": 10000000000.0, "Total Cost": 1000009318217.0, "Plan Rows": 2609128, "Plan Width": 12}]}]}, {"Node Type": "Materialize", "Parent Relationship": "Inner", "Startup Cost": 10000000000.0, "Total Cost": 1000000000829.52, "Plan Rows": 3, "Plan Width": 4, "Plans": [{"Node Type": "Index Only Scan", "Parent Relationship": "Outer", "Scan Direction": "Forward", "Index Name": "company_type_pkey", "Relation Name": "company_type", "Alias": "ct", "Startup Cost": 10000000000.0, "Total Cost": 1000000000829.5, "Plan Rows": 3, "Plan Width": 4}]}]}, {"Node Type": "Materialize", "Parent Relationship": "Inner", "Startup Cost": 10000000000.0, "Total Cost": 1000001050564.82, "Plan Rows": 85170, "Plan Width": 4, "Plans": [{"Node Type": "Index Scan", "Parent Relationship": "Outer", "Scan Direction": "Forward", "Index Name": "company_name_pkey", "Relation Name": "company_name", "Alias": "cn", "Startup Cost": 10000000000.0, "Total Cost": 1000001050138.97, "Plan Rows": 85170, "Plan Width": 4, "Filter": "((country_code)::text = '[us]'::text)"}]}]}]}]}]}]}, {"Node Type": "Materialize", "Parent Relationship": "Inner", "Startup Cost": 10000000000.0, "Total Cost": 1000000206749.34, "Plan Rows": 134169, "Plan Width": 4, "Plans": [{"Node Type": "Index Only Scan", "Parent Relationship": "Outer", "Scan Direction": "Forward", "Index Name": "keyword_pkey", "Relation Name": "keyword", "Alias": "k", "Startup Cost": 10000000000.0, "Total Cost": 1000000206078.5, "Plan Rows": 134169, "Plan Width": 4}]}]}]}]}]}, "Unique SQL Id": 2846462052}, "explain_analyze_plan": null}, "(64, 124)": {"explain_plan": {"Plan": {"Node Type": "Aggregate", "Strategy": "Plain", "Startup Cost": 69465.7, "Total Cost": 69465.71, "Plan Rows": 1, "Plan Width": 123, "Plans": [{"Node Type": "Nested Loop", "Parent Relationship": "Outer", "Join Type": "Inner", "Startup Cost": 0.0, "Total Cost": 69465.04, "Plan Rows": 132, "Plan Width": 59, "Inner Unique": false, "Join Filter": "(t.id = at.movie_id)", "Plans": [{"Node Type": "Nested Loop", "Parent Relationship": "Outer", "Join Type": "Inner", "Startup Cost": 0.0, "Total Cost": 69449.47, "Plan Rows": 44, "Plan Width": 75, "Inner Unique": true, "Plans": [{"Node Type": "Nested Loop", "Parent Relationship": "Outer", "Join Type": "Inner", "Startup Cost": 0.0, "Total Cost": 69437.12, "Plan Rows": 44, "Plan Width": 79, "Inner Unique": false, "Join Filter": "(t.id = mk.movie_id)", "Plans": [{"Node Type": "Nested Loop", "Parent Relationship": "Outer", "Join Type": "Inner", "Startup Cost": 0.0, "Total Cost": 69433.75, "Plan Rows": 6, "Plan Width": 71, "Inner Unique": true, "Plans": [{"Node Type": "Nested Loop", "Parent Relationship": "Outer", "Join Type": "Inner", "Startup Cost": 0.0, "Total Cost": 69430.58, "Plan Rows": 11, "Plan Width": 75, "Inner Unique": true, "Join Filter": "(mc.company_type_id = ct.id)", "Plans": [{"Node Type": "Nested Loop", "Parent Relationship": "Outer", "Join Type": "Inner", "Startup Cost": 0.0, "Total Cost": 69429.0, "Plan Rows": 12, "Plan Width": 79, "Inner Unique": false, "Plans": [{"Node Type": "Nested Loop", "Parent Relationship": "Outer", "Join Type": "Inner", "Startup Cost": 0.0, "Total Cost": 69426.8, "Plan Rows": 6, "Plan Width": 67, "Inner Unique": true, "Plans": [{"Node Type": "Nested Loop", "Parent Relationship": "Outer", "Join Type": "Inner", "Startup Cost": 0.0, "Total Cost": 69393.85, "Plan Rows": 4, "Plan Width": 46, "Inner Unique": false, "Join Filter": "(it1.id = mi.info_type_id)", "Plans": [{"Node Type": "Seq Scan", "Parent Relationship": "Outer", "Relation Name": "info_type", "Alias": "it1", "Startup Cost": 0.0, "Total Cost": 2.4, "Plan Rows": 1, "Plan Width": 4, "Filter": "((info)::text = 'release dates'::text)"}, {"Node Type": "Materialize", "Parent Relationship": "Inner", "Startup Cost": 0.0, "Total Cost": 69388.9, "Plan Rows": 255, "Plan Width": 50, "Plans": [{"Node Type": "Streaming(type: LOCAL GATHER dop: 1/64)", "Parent Relationship": "Outer", "Startup Cost": 0.0, "Total Cost": 69388.27, "Plan Rows": 255, "Plan Width": 50, "Plans": [{"Node Type": "Seq Scan", "Parent Relationship": "Outer", "Relation Name": "movie_info", "Alias": "mi", "Startup Cost": 0.0, "Total Cost": 69383.01, "Plan Rows": 255, "Plan Width": 50, "Filter": "((info IS NOT NULL) AND ((note)::text ~~ '%internet%'::text) AND (((info)::text ~~ 'USA:% 199%'::text) OR ((info)::text ~~ 'USA:% 200%'::text)))"}]}]}]}, {"Node Type": "Index Scan", "Parent Relationship": "Inner", "Scan Direction": "Forward", "Index Name": "title_pkey", "Relation Name": "title", "Alias": "t", "Startup Cost": 0.0, "Total Cost": 8.23, "Plan Rows": 1, "Plan Width": 21, "Index Cond": "(id = mi.movie_id)", "Filter": "(production_year > 1990)"}]}, {"Node Type": "Index Scan", "Parent Relationship": "Inner", "Scan Direction": "Forward", "Index Name": "movie_id_movie_companies", "Relation Name": "movie_companies", "Alias": "mc", "Startup Cost": 0.0, "Total Cost": 0.35, "Plan Rows": 2, "Plan Width": 12, "Index Cond": "(movie_id = t.id)"}]}, {"Node Type": "Materialize", "Parent Relationship": "Inner", "Startup Cost": 0.0, "Total Cost": 1.04, "Plan Rows": 3, "Plan Width": 4, "Plans": [{"Node Type": "Seq Scan", "Parent Relationship": "Outer", "Relation Name": "company_type", "Alias": "ct", "Startup Cost": 0.0, "Total Cost": 1.03, "Plan Rows": 3, "Plan Width": 4}]}]}, {"Node Type": "Index Scan", "Parent Relationship": "Inner", "Scan Direction": "Forward", "Index Name": "company_name_pkey", "Relation Name": "company_name", "Alias": "cn", "Startup Cost": 0.0, "Total Cost": 0.28, "Plan Rows": 1, "Plan Width": 4, "Index Cond": "(id = mc.company_id)", "Filter": "((country_code)::text = '[us]'::text)"}]}, {"Node Type": "Index Scan", "Parent Relationship": "Inner", "Scan Direction": "Forward", "Index Name": "movie_id_movie_keyword", "Relation Name": "movie_keyword", "Alias": "mk", "Startup Cost": 0.0, "Total Cost": 0.46, "Plan Rows": 8, "Plan Width": 8, "Index Cond": "(movie_id = mc.movie_id)"}]}, {"Node Type": "Index Scan", "Parent Relationship": "Inner", "Scan Direction": "Forward", "Index Name": "keyword_pkey", "Relation Name": "keyword", "Alias": "k", "Startup Cost": 0.0, "Total Cost": 0.27, "Plan Rows": 1, "Plan Width": 4, "Index Cond": "(id = mk.keyword_id)"}]}, {"Node Type": "Index Scan", "Parent Relationship": "Inner", "Scan Direction": "Forward", "Index Name": "movie_id_aka_title", "Relation Name": "aka_title", "Alias": "at", "Startup Cost": 0.0, "Total Cost": 0.32, "Plan Rows": 3, "Plan Width": 4, "Index Cond": "(movie_id = mk.movie_id)"}]}]}, "Unique SQL Id": 2846462052}, "explain_analyze_plan": {"Plan": {"Node Type": "Aggregate", "Strategy": "Plain", "Startup Cost": 69465.7, "Total Cost": 69465.71, "Plan Rows": 1, "Plan Width": 123, "Actual Min Startup Time": 249.447, "Actual Max Startup Time": 249.447, "Actual Min Total Time": 249.447, "Actual Max Total Time": 249.447, "Actual Total Rows": 1, "Plans": [{"Node Type": "Nested Loop", "Parent Relationship": "Outer", "Join Type": "Inner", "Startup Cost": 0.0, "Total Cost": 69465.04, "Plan Rows": 132, "Plan Width": 59, "Actual Min Startup Time": 165.767, "Actual Max Startup Time": 165.767, "Actual Min Total Time": 248.592, "Actual Max Total Time": 248.592, "Actual Total Rows": 1140, "Inner Unique": false, "Join Filter": "(t.id = at.movie_id)", "Rows Removed by Join Filter": 0, "Plans": [{"Node Type": "Nested Loop", "Parent Relationship": "Outer", "Join Type": "Inner", "Startup Cost": 0.0, "Total Cost": 69449.47, "Plan Rows": 44, "Plan Width": 75, "Actual Min Startup Time": 163.894, "Actual Max Startup Time": 163.894, "Actual Min Total Time": 234.093, "Actual Max Total Time": 234.093, "Actual Total Rows": 4808, "Inner Unique": true, "Plans": [{"Node Type": "Nested Loop", "Parent Relationship": "Outer", "Join Type": "Inner", "Startup Cost": 0.0, "Total Cost": 69437.12, "Plan Rows": 44, "Plan Width": 79, "Actual Min Startup Time": 163.88, "Actual Max Startup Time": 163.88, "Actual Min Total Time": 213.798, "Actual Max Total Time": 213.798, "Actual Total Rows": 4808, "Inner Unique": false, "Join Filter": "(t.id = mk.movie_id)", "Rows Removed by Join Filter": 0, "Plans": [{"Node Type": "Nested Loop", "Parent Relationship": "Outer", "Join Type": "Inner", "Startup Cost": 0.0, "Total Cost": 69433.75, "Plan Rows": 6, "Plan Width": 71, "Actual Min Startup Time": 163.805, "Actual Max Startup Time": 163.805, "Actual Min Total Time": 201.355, "Actual Max Total Time": 201.355, "Actual Total Rows": 1488, "Inner Unique": true, "Plans": [{"Node Type": "Nested Loop", "Parent Relationship": "Outer", "Join Type": "Inner", "Startup Cost": 0.0, "Total Cost": 69430.58, "Plan Rows": 11, "Plan Width": 75, "Actual Min Startup Time": 163.786, "Actual Max Startup Time": 163.786, "Actual Min Total Time": 192.39, "Actual Max Total Time": 192.39, "Actual Total Rows": 1599, "Inner Unique": true, "Join Filter": "(mc.company_type_id = ct.id)", "Rows Removed by Join Filter": 3855, "Plans": [{"Node Type": "Nested Loop", "Parent Relationship": "Outer", "Join Type": "Inner", "Startup Cost": 0.0, "Total Cost": 69429.0, "Plan Rows": 12, "Plan Width": 79, "Actual Min Startup Time": 163.769, "Actual Max Startup Time": 163.769, "Actual Min Total Time": 189.86, "Actual Max Total Time": 189.86, "Actual Total Rows": 2884, "Inner Unique": false, "Plans": [{"Node Type": "Nested Loop", "Parent Relationship": "Outer", "Join Type": "Inner", "Startup Cost": 0.0, "Total Cost": 69426.8, "Plan Rows": 6, "Plan Width": 67, "Actual Min Startup Time": 163.734, "Actual Max Startup Time": 163.734, "Actual Min Total Time": 177.573, "Actual Max Total Time": 177.573, "Actual Total Rows": 1782, "Inner Unique": true, "Plans": [{"Node Type": "Nested Loop", "Parent Relationship": "Outer", "Join Type": "Inner", "Startup Cost": 0.0, "Total Cost": 69393.85, "Plan Rows": 4, "Plan Width": 46, "Actual Min Startup Time": 163.695, "Actual Max Startup Time": 163.695, "Actual Min Total Time": 164.841, "Actual Max Total Time": 164.841, "Actual Total Rows": 1783, "Inner Unique": false, "Join Filter": "(it1.id = mi.info_type_id)", "Rows Removed by Join Filter": 0, "Plans": [{"Node Type": "Seq Scan", "Parent Relationship": "Outer", "Relation Name": "info_type", "Alias": "it1", "Startup Cost": 0.0, "Total Cost": 2.4, "Plan Rows": 1, "Plan Width": 4, "Actual Min Startup Time": 0.057, "Actual Max Startup Time": 0.057, "Actual Min Total Time": 0.085, "Actual Max Total Time": 0.085, "Actual Total Rows": 1, "Filter": "((info)::text = 'release dates'::text)", "Rows Removed by Filter": 111}, {"Node Type": "Materialize", "Parent Relationship": "Inner", "Startup Cost": 0.0, "Total Cost": 69388.9, "Plan Rows": 255, "Plan Width": 50, "Actual Min Startup Time": 163.612, "Actual Max Startup Time": 163.612, "Actual Min Total Time": 163.913, "Actual Max Total Time": 163.913, "Actual Total Rows": 1784, "Plans": [{"Node Type": "Streaming(type: LOCAL GATHER dop: 1/64)", "Parent Relationship": "Outer", "Startup Cost": 0.0, "Total Cost": 69388.27, "Plan Rows": 255, "Plan Width": 50, "Actual Min Startup Time": 110.093, "Actual Max Startup Time": 110.093, "Actual Min Total Time": 163.242, "Actual Max Total Time": 163.242, "Actual Total Rows": 1783, "Plans": [{"Node Type": "Seq Scan", "Parent Relationship": "Outer", "Relation Name": "movie_info", "Alias": "mi", "Startup Cost": 0.0, "Total Cost": 69383.01, "Plan Rows": 255, "Plan Width": 50, "Actual Min Startup Time": 20.169, "Actual Max Startup Time": 28.487, "Actual Min Total Time": 71.982, "Actual Max Total Time": 83.156, "Actual Total Rows": 1783, "Filter": "((info IS NOT NULL) AND ((note)::text ~~ '%internet%'::text) AND (((info)::text ~~ 'USA:% 199%'::text) OR ((info)::text ~~ 'USA:% 200%'::text)))", "Rows Removed by Filter": 14833936}]}]}]}, {"Node Type": "Index Scan", "Parent Relationship": "Inner", "Scan Direction": "Forward", "Index Name": "title_pkey", "Relation Name": "title", "Alias": "t", "Startup Cost": 0.0, "Total Cost": 8.23, "Plan Rows": 1, "Plan Width": 21, "Actual Min Startup Time": 11.183, "Actual Max Startup Time": 11.183, "Actual Min Total Time": 11.183, "Actual Max Total Time": 11.183, "Actual Total Rows": 1782, "Index Cond": "(id = mi.movie_id)", "Rows Removed by Index Recheck": 0, "Filter": "(production_year > 1990)", "Rows Removed by Filter": 1}]}, {"Node Type": "Index Scan", "Parent Relationship": "Inner", "Scan Direction": "Forward", "Index Name": "movie_id_movie_companies", "Relation Name": "movie_companies", "Alias": "mc", "Startup Cost": 0.0, "Total Cost": 0.35, "Plan Rows": 2, "Plan Width": 12, "Actual Min Startup Time": 8.348, "Actual Max Startup Time": 8.348, "Actual Min Total Time": 10.616, "Actual Max Total Time": 10.616, "Actual Total Rows": 2884, "Index Cond": "(movie_id = t.id)", "Rows Removed by Index Recheck": 0}]}, {"Node Type": "Materialize", "Parent Relationship": "Inner", "Startup Cost": 0.0, "Total Cost": 1.04, "Plan Rows": 3, "Plan Width": 4, "Actual Min Startup Time": 0.296, "Actual Max Startup Time": 0.296, "Actual Min Total Time": 0.636, "Actual Max Total Time": 0.636, "Actual Total Rows": 5454, "Plans": [{"Node Type": "Seq Scan", "Parent Relationship": "Outer", "Relation Name": "company_type", "Alias": "ct", "Startup Cost": 0.0, "Total Cost": 1.03, "Plan Rows": 3, "Plan Width": 4, "Actual Min Startup Time": 0.006, "Actual Max Startup Time": 0.006, "Actual Min Total Time": 0.007, "Actual Max Total Time": 0.007, "Actual Total Rows": 3}]}]}, {"Node Type": "Index Scan", "Parent Relationship": "Inner", "Scan Direction": "Forward", "Index Name": "company_name_pkey", "Relation Name": "company_name", "Alias": "cn", "Startup Cost": 0.0, "Total Cost": 0.28, "Plan Rows": 1, "Plan Width": 4, "Actual Min Startup Time": 7.549, "Actual Max Startup Time": 7.549, "Actual Min Total Time": 7.549, "Actual Max Total Time": 7.549, "Actual Total Rows": 1488, "Index Cond": "(id = mc.company_id)", "Rows Removed by Index Recheck": 0, "Filter": "((country_code)::text = '[us]'::text)", "Rows Removed by Filter": 111}]}, {"Node Type": "Index Scan", "Parent Relationship": "Inner", "Scan Direction": "Forward", "Index Name": "movie_id_movie_keyword", "Relation Name": "movie_keyword", "Alias": "mk", "Startup Cost": 0.0, "Total Cost": 0.46, "Plan Rows": 8, "Plan Width": 8, "Actual Min Startup Time": 7.39, "Actual Max Startup Time": 7.39, "Actual Min Total Time": 9.611, "Actual Max Total Time": 9.611, "Actual Total Rows": 4808, "Index Cond": "(movie_id = mc.movie_id)", "Rows Removed by Index Recheck": 0}]}, {"Node Type": "Index Scan", "Parent Relationship": "Inner", "Scan Direction": "Forward", "Index Name": "keyword_pkey", "Relation Name": "keyword", "Alias": "k", "Startup Cost": 0.0, "Total Cost": 0.27, "Plan Rows": 1, "Plan Width": 4, "Actual Min Startup Time": 16.413, "Actual Max Startup Time": 16.413, "Actual Min Total Time": 16.413, "Actual Max Total Time": 16.413, "Actual Total Rows": 4808, "Index Cond": "(id = mk.keyword_id)", "Rows Removed by Index Recheck": 0}]}, {"Node Type": "Index Scan", "Parent Relationship": "Inner", "Scan Direction": "Forward", "Index Name": "movie_id_aka_title", "Relation Name": "aka_title", "Alias": "at", "Startup Cost": 0.0, "Total Cost": 0.32, "Plan Rows": 3, "Plan Width": 4, "Actual Min Startup Time": 11.222, "Actual Max Startup Time": 11.222, "Actual Min Total Time": 11.726, "Actual Max Total Time": 11.726, "Actual Total Rows": 1140, "Index Cond": "(movie_id = mk.movie_id)", "Rows Removed by Index Recheck": 0}]}]}, "Triggers": [], "Planner Runtime": 41.528, "Total Runtime": 261.08, "Unique SQL Id": 2846462052}}, "(64, 125)": {"explain_plan": {"Plan": {"Node Type": "Aggregate", "Strategy": "Plain", "Startup Cost": 496833.26, "Total Cost": 496833.27, "Plan Rows": 1, "Plan Width": 123, "Plans": [{"Node Type": "Nested Loop", "Parent Relationship": "Outer", "Join Type": "Inner", "Startup Cost": 0.0, "Total Cost": 496832.6, "Plan Rows": 132, "Plan Width": 59, "Inner Unique": false, "Join Filter": "(t.id = at.movie_id)", "Plans": [{"Node Type": "Nested Loop", "Parent Relationship": "Outer", "Join Type": "Inner", "Startup Cost": 0.0, "Total Cost": 496817.03, "Plan Rows": 44, "Plan Width": 75, "Inner Unique": true, "Plans": [{"Node Type": "Nested Loop", "Parent Relationship": "Outer", "Join Type": "Inner", "Startup Cost": 0.0, "Total Cost": 496804.68, "Plan Rows": 44, "Plan Width": 79, "Inner Unique": false, "Join Filter": "(t.id = mk.movie_id)", "Plans": [{"Node Type": "Nested Loop", "Parent Relationship": "Outer", "Join Type": "Inner", "Startup Cost": 0.0, "Total Cost": 496801.31, "Plan Rows": 6, "Plan Width": 71, "Inner Unique": true, "Plans": [{"Node Type": "Nested Loop", "Parent Relationship": "Outer", "Join Type": "Inner", "Startup Cost": 0.0, "Total Cost": 496798.51, "Plan Rows": 10, "Plan Width": 75, "Inner Unique": true, "Plans": [{"Node Type": "Nested Loop", "Parent Relationship": "Outer", "Join Type": "Inner", "Startup Cost": 0.0, "Total Cost": 496795.05, "Plan Rows": 12, "Plan Width": 79, "Inner Unique": false, "Plans": [{"Node Type": "Nested Loop", "Parent Relationship": "Outer", "Join Type": "Inner", "Startup Cost": 0.0, "Total Cost": 496792.85, "Plan Rows": 6, "Plan Width": 67, "Inner Unique": true, "Plans": [{"Node Type": "Nested Loop", "Parent Relationship": "Outer", "Join Type": "Inner", "Startup Cost": 0.0, "Total Cost": 496759.91, "Plan Rows": 4, "Plan Width": 46, "Inner Unique": false, "Plans": [{"Node Type": "Index Scan", "Parent Relationship": "Outer", "Scan Direction": "Forward", "Index Name": "info_type_pkey", "Relation Name": "info_type", "Alias": "it1", "Startup Cost": 0.0, "Total Cost": 14.21, "Plan Rows": 1, "Plan Width": 4, "Filter": "((info)::text = 'release dates'::text)"}, {"Node Type": "Index Scan", "Parent Relationship": "Inner", "Scan Direction": "Forward", "Index Name": "info_type_id_movie_info", "Relation Name": "movie_info", "Alias": "mi", "Startup Cost": 0.0, "Total Cost": 496745.66, "Plan Rows": 4, "Plan Width": 50, "Index Cond": "(info_type_id = it1.id)", "Filter": "((info IS NOT NULL) AND ((note)::text ~~ '%internet%'::text) AND (((info)::text ~~ 'USA:% 199%'::text) OR ((info)::text ~~ 'USA:% 200%'::text)))"}]}, {"Node Type": "Index Scan", "Parent Relationship": "Inner", "Scan Direction": "Forward", "Index Name": "title_pkey", "Relation Name": "title", "Alias": "t", "Startup Cost": 0.0, "Total Cost": 8.23, "Plan Rows": 1, "Plan Width": 21, "Index Cond": "(id = mi.movie_id)", "Filter": "(production_year > 1990)"}]}, {"Node Type": "Index Scan", "Parent Relationship": "Inner", "Scan Direction": "Forward", "Index Name": "movie_id_movie_companies", "Relation Name": "movie_companies", "Alias": "mc", "Startup Cost": 0.0, "Total Cost": 0.35, "Plan Rows": 2, "Plan Width": 12, "Index Cond": "(movie_id = t.id)"}]}, {"Node Type": "Index Scan", "Parent Relationship": "Inner", "Scan Direction": "Forward", "Index Name": "company_name_pkey", "Relation Name": "company_name", "Alias": "cn", "Startup Cost": 0.0, "Total Cost": 0.28, "Plan Rows": 1, "Plan Width": 4, "Index Cond": "(id = mc.company_id)", "Filter": "((country_code)::text = '[us]'::text)"}]}, {"Node Type": "Index Scan", "Parent Relationship": "Inner", "Scan Direction": "Forward", "Index Name": "company_type_pkey", "Relation Name": "company_type", "Alias": "ct", "Startup Cost": 0.0, "Total Cost": 0.27, "Plan Rows": 1, "Plan Width": 4, "Index Cond": "(id = mc.company_type_id)"}]}, {"Node Type": "Index Scan", "Parent Relationship": "Inner", "Scan Direction": "Forward", "Index Name": "movie_id_movie_keyword", "Relation Name": "movie_keyword", "Alias": "mk", "Startup Cost": 0.0, "Total Cost": 0.46, "Plan Rows": 8, "Plan Width": 8, "Index Cond": "(movie_id = mc.movie_id)"}]}, {"Node Type": "Index Scan", "Parent Relationship": "Inner", "Scan Direction": "Forward", "Index Name": "keyword_pkey", "Relation Name": "keyword", "Alias": "k", "Startup Cost": 0.0, "Total Cost": 0.27, "Plan Rows": 1, "Plan Width": 4, "Index Cond": "(id = mk.keyword_id)"}]}, {"Node Type": "Index Scan", "Parent Relationship": "Inner", "Scan Direction": "Forward", "Index Name": "movie_id_aka_title", "Relation Name": "aka_title", "Alias": "at", "Startup Cost": 0.0, "Total Cost": 0.32, "Plan Rows": 3, "Plan Width": 4, "Index Cond": "(movie_id = mk.movie_id)"}]}]}, "Unique SQL Id": 2846462052}, "explain_analyze_plan": null}, "(64, 126)": {"explain_plan": {"Plan": {"Node Type": "Aggregate", "Strategy": "Plain", "Startup Cost": 880852.72, "Total Cost": 880852.75, "Plan Rows": 1, "Plan Width": 123, "Plans": [{"Node Type": "Streaming(type: LOCAL GATHER dop: 1/64)", "Parent Relationship": "Outer", "Startup Cost": 880852.72, "Total Cost": 880852.75, "Plan Rows": 1, "Plan Width": 123, "Plans": [{"Node Type": "Aggregate", "Strategy": "Plain", "Parent Relationship": "Outer", "Startup Cost": 880852.72, "Total Cost": 880852.73, "Plan Rows": 1, "Plan Width": 123, "Plans": [{"Node Type": "Nested Loop", "Parent Relationship": "Outer", "Join Type": "Inner", "Startup Cost": 0.0, "Total Cost": 880852.06, "Plan Rows": 132, "Plan Width": 59, "Inner Unique": false, "Join Filter": "(mk.keyword_id = k.id)", "Plans": [{"Node Type": "Streaming(type: LOCAL REDISTRIBUTE dop: 64/1)", "Parent Relationship": "Outer", "Startup Cost": 0.0, "Total Cost": 70551.96, "Plan Rows": 134169, "Plan Width": 4, "Plans": [{"Node Type": "Seq Scan", "Parent Relationship": "Outer", "Relation Name": "keyword", "Alias": "k", "Startup Cost": 0.0, "Total Cost": 2100.69, "Plan Rows": 134169, "Plan Width": 4}]}, {"Node Type": "Materialize", "Parent Relationship": "Inner", "Startup Cost": 0.0, "Total Cost": 810234.26, "Plan Rows": 134, "Plan Width": 63, "Plans": [{"Node Type": "Streaming(type: LOCAL REDISTRIBUTE dop: 64/64)", "Parent Relationship": "Outer", "Startup Cost": 0.0, "Total Cost": 810234.25, "Plan Rows": 134, "Plan Width": 63, "Plans": [{"Node Type": "Nested Loop", "Parent Relationship": "Outer", "Join Type": "Inner", "Startup Cost": 0.0, "Total Cost": 747234.12, "Plan Rows": 134, "Plan Width": 63, "Inner Unique": false, "Join Filter": "(t.id = mk.movie_id)", "Plans": [{"Node Type": "Streaming(type: LOCAL ROUNDROBIN dop: 64/1)", "Parent Relationship": "Outer", "Startup Cost": 0.0, "Total Cost": 218769.42, "Plan Rows": 4523929, "Plan Width": 8, "Plans": [{"Node Type": "Seq Scan", "Parent Relationship": "Outer", "Relation Name": "movie_keyword", "Alias": "mk", "Startup Cost": 0.0, "Total Cost": 62441.29, "Plan Rows": 4523929, "Plan Width": 8}]}, {"Node Type": "Materialize", "Parent Relationship": "Inner", "Startup Cost": 0.0, "Total Cost": 510439.72, "Plan Rows": 1088, "Plan Width": 75, "Plans": [{"Node Type": "Streaming(type: BROADCAST dop: 64/64)", "Parent Relationship": "Outer", "Startup Cost": 0.0, "Total Cost": 510439.64, "Plan Rows": 1088, "Plan Width": 75, "Plans": [{"Node Type": "Nested Loop", "Parent Relationship": "Outer", "Join Type": "Inner", "Startup Cost": 0.0, "Total Cost": 447438.95, "Plan Rows": 17, "Plan Width": 75, "Inner Unique": false, "Join Filter": "(at.movie_id = t.id)", "Plans": [{"Node Type": "Seq Scan", "Parent Relationship": "Outer", "Relation Name": "title", "Alias": "t", "Startup Cost": 0.0, "Total Cost": 64037.34, "Plan Rows": 1748840, "Plan Width": 21, "Filter": "(production_year > 1990), (LLVM Optimized)"}, {"Node Type": "Materialize", "Parent Relationship": "Inner", "Startup Cost": 0.0, "Total Cost": 378483.02, "Plan Rows": 768, "Plan Width": 54, "Plans": [{"Node Type": "Streaming(type: BROADCAST dop: 64/1)", "Parent Relationship": "Outer", "Startup Cost": 0.0, "Total Cost": 378482.96, "Plan Rows": 768, "Plan Width": 54, "Plans": [{"Node Type": "Nested Loop", "Parent Relationship": "Outer", "Join Type": "Inner", "Startup Cost": 0.0, "Total Cost": 315467.12, "Plan Rows": 12, "Plan Width": 54, "Inner Unique": false, "Join Filter": "(mi.movie_id = at.movie_id)", "Plans": [{"Node Type": "Seq Scan", "Parent Relationship": "Outer", "Relation Name": "aka_title", "Alias": "at", "Startup Cost": 0.0, "Total Cost": 9894.71, "Plan Rows": 361471, "Plan Width": 4}, {"Node Type": "Materialize", "Parent Relationship": "Inner", "Startup Cost": 0.0, "Total Cost": 283884.16, "Plan Rows": 4, "Plan Width": 50, "Plans": [{"Node Type": "Nested Loop", "Parent Relationship": "Outer", "Join Type": "Inner", "Startup Cost": 0.0, "Total Cost": 283884.14, "Plan Rows": 4, "Plan Width": 50, "Inner Unique": false, "Join Filter": "(mc.company_id = cn.id)", "Plans": [{"Node Type": "Seq Scan", "Parent Relationship": "Outer", "Relation Name": "company_name", "Alias": "cn", "Startup Cost": 0.0, "Total Cost": 5903.45, "Plan Rows": 85170, "Plan Width": 4, "Filter": "((country_code)::text = '[us]'::text)"}, {"Node Type": "Materialize", "Parent Relationship": "Inner", "Startup Cost": 0.0, "Total Cost": 267760.31, "Plan Rows": 8, "Plan Width": 54, "Plans": [{"Node Type": "Nested Loop", "Parent Relationship": "Outer", "Join Type": "Inner", "Startup Cost": 0.0, "Total Cost": 267760.27, "Plan Rows": 8, "Plan Width": 54, "Inner Unique": true, "Join Filter": "(mc.company_type_id = ct.id)", "Plans": [{"Node Type": "Nested Loop", "Parent Relationship": "Outer", "Join Type": "Inner", "Startup Cost": 0.0, "Total Cost": 267758.82, "Plan Rows": 9, "Plan Width": 58, "Inner Unique": false, "Join Filter": "(mi.movie_id = mc.movie_id)", "Plans": [{"Node Type": "Seq Scan", "Parent Relationship": "Outer", "Relation Name": "movie_companies", "Alias": "mc", "Startup Cost": 0.0, "Total Cost": 41817.28, "Plan Rows": 2609128, "Plan Width": 12}, {"Node Type": "Materialize", "Parent Relationship": "Inner", "Startup Cost": 0.0, "Total Cost": 69393.87, "Plan Rows": 4, "Plan Width": 46, "Plans": [{"Node Type": "Nested Loop", "Parent Relationship": "Outer", "Join Type": "Inner", "Startup Cost": 0.0, "Total Cost": 69393.85, "Plan Rows": 4, "Plan Width": 46, "Inner Unique": false, "Join Filter": "(it1.id = mi.info_type_id)", "Plans": [{"Node Type": "Seq Scan", "Parent Relationship": "Outer", "Relation Name": "info_type", "Alias": "it1", "Startup Cost": 0.0, "Total Cost": 2.4, "Plan Rows": 1, "Plan Width": 4, "Filter": "((info)::text = 'release dates'::text)"}, {"Node Type": "Materialize", "Parent Relationship": "Inner", "Startup Cost": 0.0, "Total Cost": 69388.9, "Plan Rows": 255, "Plan Width": 50, "Plans": [{"Node Type": "Streaming(type: LOCAL GATHER dop: 1/64)", "Parent Relationship": "Outer", "Startup Cost": 0.0, "Total Cost": 69388.27, "Plan Rows": 255, "Plan Width": 50, "Plans": [{"Node Type": "Seq Scan", "Parent Relationship": "Outer", "Relation Name": "movie_info", "Alias": "mi", "Startup Cost": 0.0, "Total Cost": 69383.01, "Plan Rows": 255, "Plan Width": 50, "Filter": "((info IS NOT NULL) AND ((note)::text ~~ '%internet%'::text) AND (((info)::text ~~ 'USA:% 199%'::text) OR ((info)::text ~~ 'USA:% 200%'::text)))"}]}]}]}]}]}, {"Node Type": "Materialize", "Parent Relationship": "Inner", "Startup Cost": 0.0, "Total Cost": 1.04, "Plan Rows": 3, "Plan Width": 4, "Plans": [{"Node Type": "Seq Scan", "Parent Relationship": "Outer", "Relation Name": "company_type", "Alias": "ct", "Startup Cost": 0.0, "Total Cost": 1.03, "Plan Rows": 3, "Plan Width": 4}]}]}]}]}]}]}]}]}]}]}]}]}]}]}]}]}]}]}, "Unique SQL Id": 2846462052}, "explain_analyze_plan": null}, "(64, 127)": {"explain_plan": {"Plan": {"Node Type": "Aggregate", "Strategy": "Plain", "Startup Cost": 9000155572935.28, "Total Cost": 9000155572935.29, "Plan Rows": 1, "Plan Width": 123, "Plans": [{"Node Type": "Nested Loop", "Parent Relationship": "Outer", "Join Type": "Inner", "Startup Cost": 90000000000.0, "Total Cost": 9000155572934.62, "Plan Rows": 132, "Plan Width": 59, "Inner Unique": false, "Join Filter": "(t.id = at.movie_id)", "Plans": [{"Node Type": "Index Scan", "Parent Relationship": "Outer", "Scan Direction": "Forward", "Index Name": "movie_id_aka_title", "Relation Name": "aka_title", "Alias": "at", "Startup Cost": 10000000000.0, "Total Cost": 1000001990001.13, "Plan Rows": 361471, "Plan Width": 4}, {"Node Type": "Materialize", "Parent Relationship": "Inner", "Startup Cost": 80000000000.0, "Total Cost": 8000153344362.73, "Plan Rows": 44, "Plan Width": 75, "Plans": [{"Node Type": "Nested Loop", "Parent Relationship": "Outer", "Join Type": "Inner", "Startup Cost": 80000000000.0, "Total Cost": 8000153344362.51, "Plan Rows": 44, "Plan Width": 75, "Inner Unique": true, "Join Filter": "(mk.keyword_id = k.id)", "Plans": [{"Node Type": "Nested Loop", "Parent Relationship": "Outer", "Join Type": "Inner", "Startup Cost": 70000000000.0, "Total Cost": 7000152970746.12, "Plan Rows": 44, "Plan Width": 79, "Inner Unique": false, "Join Filter": "(t.id = mk.movie_id)", "Plans": [{"Node Type": "Index Scan", "Parent Relationship": "Outer", "Scan Direction": "Forward", "Index Name": "movie_id_movie_keyword", "Relation Name": "movie_keyword", "Alias": "mk", "Startup Cost": 10000000000.0, "Total Cost": 1000015300634.17, "Plan Rows": 4523929, "Plan Width": 8}, {"Node Type": "Materialize", "Parent Relationship": "Inner", "Startup Cost": 60000000000.0, "Total Cost": 6000137262958.35, "Plan Rows": 6, "Plan Width": 71, "Plans": [{"Node Type": "Nested Loop", "Parent Relationship": "Outer", "Join Type": "Inner", "Startup Cost": 60000000000.0, "Total Cost": 6000137262958.32, "Plan Rows": 6, "Plan Width": 71, "Inner Unique": false, "Join Filter": "(mi.movie_id = t.id)", "Plans": [{"Node Type": "Index Scan", "Parent Relationship": "Outer", "Scan Direction": "Forward", "Index Name": "title_pkey", "Relation Name": "title", "Alias": "t", "Startup Cost": 10000000000.0, "Total Cost": 1000011644126.66, "Plan Rows": 1748840, "Plan Width": 21, "Filter": "(production_year > 1990), (LLVM Optimized)"}, {"Node Type": "Materialize", "Parent Relationship": "Inner", "Startup Cost": 50000000000.0, "Total Cost": 5000125513901.27, "Plan Rows": 4, "Plan Width": 50, "Plans": [{"Node Type": "Nested Loop", "Parent Relationship": "Outer", "Join Type": "Inner", "Startup Cost": 50000000000.0, "Total Cost": 5000125513901.25, "Plan Rows": 4, "Plan Width": 50, "Inner Unique": true, "Join Filter": "(mc.company_id = cn.id)", "Plans": [{"Node Type": "Nested Loop", "Parent Relationship": "Outer", "Join Type": "Inner", "Startup Cost": 40000000000.0, "Total Cost": 4000124453328.96, "Plan Rows": 8, "Plan Width": 54, "Inner Unique": true, "Join Filter": "(mc.company_type_id = ct.id)", "Plans": [{"Node Type": "Nested Loop", "Parent Relationship": "Outer", "Join Type": "Inner", "Startup Cost": 30000000000.0, "Total Cost": 3000124452099.04, "Plan Rows": 9, "Plan Width": 58, "Inner Unique": false, "Join Filter": "(mi.movie_id = mc.movie_id)", "Plans": [{"Node Type": "Nested Loop", "Parent Relationship": "Outer", "Join Type": "Inner", "Startup Cost": 20000000000.0, "Total Cost": 2000114970811.54, "Plan Rows": 4, "Plan Width": 46, "Inner Unique": true, "Join Filter": "(it1.id = mi.info_type_id)", "Plans": [{"Node Type": "Index Scan", "Parent Relationship": "Outer", "Scan Direction": "Forward", "Index Name": "movie_id_movie_info", "Relation Name": "movie_info", "Alias": "mi", "Startup Cost": 10000000000.0, "Total Cost": 1000114969386.72, "Plan Rows": 255, "Plan Width": 50, "Filter": "((info IS NOT NULL) AND ((note)::text ~~ '%internet%'::text) AND (((info)::text ~~ 'USA:% 199%'::text) OR ((info)::text ~~ 'USA:% 200%'::text)))"}, {"Node Type": "Materialize", "Parent Relationship": "Inner", "Startup Cost": 10000000000.0, "Total Cost": 1000000001421.0, "Plan Rows": 1, "Plan Width": 4, "Plans": [{"Node Type": "Index Scan", "Parent Relationship": "Outer", "Scan Direction": "Forward", "Index Name": "info_type_pkey", "Relation Name": "info_type", "Alias": "it1", "Startup Cost": 10000000000.0, "Total Cost": 1000000001421.0, "Plan Rows": 1, "Plan Width": 4, "Filter": "((info)::text = 'release dates'::text)"}]}]}, {"Node Type": "Materialize", "Parent Relationship": "Inner", "Startup Cost": 10000000000.0, "Total Cost": 1000009331262.64, "Plan Rows": 2609128, "Plan Width": 12, "Plans": [{"Node Type": "Index Scan", "Parent Relationship": "Outer", "Scan Direction": "Forward", "Index Name": "company_type_id_movie_companies", "Relation Name": "movie_companies", "Alias": "mc", "Startup Cost": 10000000000.0, "Total Cost": 1000009318217.0, "Plan Rows": 2609128, "Plan Width": 12}]}]}, {"Node Type": "Materialize", "Parent Relationship": "Inner", "Startup Cost": 10000000000.0, "Total Cost": 1000000001229.52, "Plan Rows": 3, "Plan Width": 4, "Plans": [{"Node Type": "Index Scan", "Parent Relationship": "Outer", "Scan Direction": "Forward", "Index Name": "company_type_pkey", "Relation Name": "company_type", "Alias": "ct", "Startup Cost": 10000000000.0, "Total Cost": 1000000001229.5, "Plan Rows": 3, "Plan Width": 4}]}]}, {"Node Type": "Materialize", "Parent Relationship": "Inner", "Startup Cost": 10000000000.0, "Total Cost": 1000001050564.82, "Plan Rows": 85170, "Plan Width": 4, "Plans": [{"Node Type": "Index Scan", "Parent Relationship": "Outer", "Scan Direction": "Forward", "Index Name": "company_name_pkey", "Relation Name": "company_name", "Alias": "cn", "Startup Cost": 10000000000.0, "Total Cost": 1000001050138.97, "Plan Rows": 85170, "Plan Width": 4, "Filter": "((country_code)::text = '[us]'::text)"}]}]}]}]}]}]}, {"Node Type": "Materialize", "Parent Relationship": "Inner", "Startup Cost": 10000000000.0, "Total Cost": 1000000285400.28, "Plan Rows": 134169, "Plan Width": 4, "Plans": [{"Node Type": "Index Scan", "Parent Relationship": "Outer", "Scan Direction": "Forward", "Index Name": "keyword_pkey", "Relation Name": "keyword", "Alias": "k", "Startup Cost": 10000000000.0, "Total Cost": 1000000284729.43, "Plan Rows": 134169, "Plan Width": 4}]}]}]}]}]}, "Unique SQL Id": 2846462052}, "explain_analyze_plan": null}}